Loading module 'all'
WARNING:tensorflow:From ../bert/create_pretraining_data.py:469: The name tf.app.run is deprecated. Please use tf.compat.v1.app.run instead.

WARNING:tensorflow:From ../bert/create_pretraining_data.py:437: The name tf.logging.set_verbosity is deprecated. Please use tf.compat.v1.logging.set_verbosity instead.

W1024 02:47:06.497720 47423801750592 module_wrapper.py:139] From ../bert/create_pretraining_data.py:437: The name tf.logging.set_verbosity is deprecated. Please use tf.compat.v1.logging.set_verbosity instead.

WARNING:tensorflow:From ../bert/create_pretraining_data.py:437: The name tf.logging.INFO is deprecated. Please use tf.compat.v1.logging.INFO instead.

W1024 02:47:06.497951 47423801750592 module_wrapper.py:139] From ../bert/create_pretraining_data.py:437: The name tf.logging.INFO is deprecated. Please use tf.compat.v1.logging.INFO instead.

WARNING:tensorflow:From /scratch/gi372/camel-mlm/bert/tokenization.py:125: The name tf.gfile.GFile is deprecated. Please use tf.io.gfile.GFile instead.

W1024 02:47:06.498150 47423801750592 module_wrapper.py:139] From /scratch/gi372/camel-mlm/bert/tokenization.py:125: The name tf.gfile.GFile is deprecated. Please use tf.io.gfile.GFile instead.

WARNING:tensorflow:From ../bert/create_pretraining_data.py:444: The name tf.gfile.Glob is deprecated. Please use tf.io.gfile.glob instead.

W1024 02:47:06.601644 47423801750592 module_wrapper.py:139] From ../bert/create_pretraining_data.py:444: The name tf.gfile.Glob is deprecated. Please use tf.io.gfile.glob instead.

WARNING:tensorflow:From ../bert/create_pretraining_data.py:446: The name tf.logging.info is deprecated. Please use tf.compat.v1.logging.info instead.

W1024 02:47:06.628487 47423801750592 module_wrapper.py:139] From ../bert/create_pretraining_data.py:446: The name tf.logging.info is deprecated. Please use tf.compat.v1.logging.info instead.

INFO:tensorflow:*** Reading from input files ***
I1024 02:47:06.628771 47423801750592 create_pretraining_data.py:446] *** Reading from input files ***
INFO:tensorflow:  ../corpora/shards/MSA-oscar-unshuffled.docs.shard.038.normalized.sents
I1024 02:47:06.628873 47423801750592 create_pretraining_data.py:448]   ../corpora/shards/MSA-oscar-unshuffled.docs.shard.038.normalized.sents
INFO:tensorflow:*** Writing to output files ***
I1024 04:07:39.795715 47423801750592 create_pretraining_data.py:457] *** Writing to output files ***
INFO:tensorflow:  ../corpora/tf_records/MSA-oscar-unshuffled.docs.shard.038.tf_record
I1024 04:07:39.819079 47423801750592 create_pretraining_data.py:459]   ../corpora/tf_records/MSA-oscar-unshuffled.docs.shard.038.tf_record
WARNING:tensorflow:From ../bert/create_pretraining_data.py:101: The name tf.python_io.TFRecordWriter is deprecated. Please use tf.io.TFRecordWriter instead.

W1024 04:07:39.819515 47423801750592 module_wrapper.py:139] From ../bert/create_pretraining_data.py:101: The name tf.python_io.TFRecordWriter is deprecated. Please use tf.io.TFRecordWriter instead.

INFO:tensorflow:*** Example ***
I1024 04:07:39.836326 47423801750592 create_pretraining_data.py:149] *** Example ***
INFO:tensorflow:tokens: [CLS] وهذا يدل على أن الفكرة [MASK] مست ##جد ##ة في التاريخ الإنساني . [SEP] ، ص ##رئيس [MASK] . ومع ذلك ، فن ##خلة الداخل كانت هي المغت ##ربة " تنا ##ء ##ت بأ ##رض الغرب عن بلد النخ ##ل " ، طع نخ ##لة محمد علي طه هي نخ ##لة المكان ، نخ ##لة [MASK] [MASK] [MASK] [MASK] . ( 7 ) ياغ ##ي [MASK] عبد الرحمن : [MASK] الأدب الفلسطيني الحديث ، منشورات المكتب التجاري للطب ##اعة ، بيروت - د . ت [MASK] [MASK] 50 ##1 . ( [MASK] [MASK] الق ##زوي ##ني : عجائب المخلوقات ، ج ##1 [MASK] دار التحرير للطب ##اعة والنشر ، القاهرة [MASK] ص ##19 ##7 [MASK] وانظر [MASK] محمد [MASK] المعي ##د خان : الأس ##اطي ##ر [SEP]
I1024 04:07:39.836594 47423801750592 create_pretraining_data.py:151] tokens: [CLS] وهذا يدل على أن الفكرة [MASK] مست ##جد ##ة في التاريخ الإنساني . [SEP] ، ص ##رئيس [MASK] . ومع ذلك ، فن ##خلة الداخل كانت هي المغت ##ربة " تنا ##ء ##ت بأ ##رض الغرب عن بلد النخ ##ل " ، طع نخ ##لة محمد علي طه هي نخ ##لة المكان ، نخ ##لة [MASK] [MASK] [MASK] [MASK] . ( 7 ) ياغ ##ي [MASK] عبد الرحمن : [MASK] الأدب الفلسطيني الحديث ، منشورات المكتب التجاري للطب ##اعة ، بيروت - د . ت [MASK] [MASK] 50 ##1 . ( [MASK] [MASK] الق ##زوي ##ني : عجائب المخلوقات ، ج ##1 [MASK] دار التحرير للطب ##اعة والنشر ، القاهرة [MASK] ص ##19 ##7 [MASK] وانظر [MASK] محمد [MASK] المعي ##د خان : الأس ##اطي ##ر [SEP]
INFO:tensorflow:input_ids: 2 3265 8858 1961 1979 13840 4 2257 2448 1043 1912 3414 15275 18 3 378 401 18631 4 18 3191 2271 378 3718 19363 8655 2431 2247 14535 3569 6 3643 1053 1005 2499 2080 6807 1955 3373 12041 1010 6 378 12758 6093 2035 2202 1958 8780 2247 6093 2035 5401 378 6093 2035 4 4 4 4 18 12 27 13 26183 1013 4 2195 4289 30 4 7133 4191 3242 378 21694 7608 8705 20407 2893 378 5216 17 395 18 390 4 4 4616 1029 18 12 4 4 1964 15844 1974 30 14346 27795 378 392 1029 4 4417 6725 20407 2893 21057 378 4611 4 401 5497 1058 4 25808 4 2202 4 12293 1016 10546 30 2603 23141 1017 3
I1024 04:07:39.836843 47423801750592 create_pretraining_data.py:161] input_ids: 2 3265 8858 1961 1979 13840 4 2257 2448 1043 1912 3414 15275 18 3 378 401 18631 4 18 3191 2271 378 3718 19363 8655 2431 2247 14535 3569 6 3643 1053 1005 2499 2080 6807 1955 3373 12041 1010 6 378 12758 6093 2035 2202 1958 8780 2247 6093 2035 5401 378 6093 2035 4 4 4 4 18 12 27 13 26183 1013 4 2195 4289 30 4 7133 4191 3242 378 21694 7608 8705 20407 2893 378 5216 17 395 18 390 4 4 4616 1029 18 12 4 4 1964 15844 1974 30 14346 27795 378 392 1029 4 4417 6725 20407 2893 21057 378 4611 4 401 5497 1058 4 25808 4 2202 4 12293 1016 10546 30 2603 23141 1017 3
INFO:tensorflow:input_mask: 1 1 1 1 1 1 1 1 1 1 1 1 1 1 1 1 1 1 1 1 1 1 1 1 1 1 1 1 1 1 1 1 1 1 1 1 1 1 1 1 1 1 1 1 1 1 1 1 1 1 1 1 1 1 1 1 1 1 1 1 1 1 1 1 1 1 1 1 1 1 1 1 1 1 1 1 1 1 1 1 1 1 1 1 1 1 1 1 1 1 1 1 1 1 1 1 1 1 1 1 1 1 1 1 1 1 1 1 1 1 1 1 1 1 1 1 1 1 1 1 1 1 1 1 1 1 1 1
I1024 04:07:39.837015 47423801750592 create_pretraining_data.py:161] input_mask: 1 1 1 1 1 1 1 1 1 1 1 1 1 1 1 1 1 1 1 1 1 1 1 1 1 1 1 1 1 1 1 1 1 1 1 1 1 1 1 1 1 1 1 1 1 1 1 1 1 1 1 1 1 1 1 1 1 1 1 1 1 1 1 1 1 1 1 1 1 1 1 1 1 1 1 1 1 1 1 1 1 1 1 1 1 1 1 1 1 1 1 1 1 1 1 1 1 1 1 1 1 1 1 1 1 1 1 1 1 1 1 1 1 1 1 1 1 1 1 1 1 1 1 1 1 1 1 1
INFO:tensorflow:segment_ids: 0 0 0 0 0 0 0 0 0 0 0 0 0 0 0 1 1 1 1 1 1 1 1 1 1 1 1 1 1 1 1 1 1 1 1 1 1 1 1 1 1 1 1 1 1 1 1 1 1 1 1 1 1 1 1 1 1 1 1 1 1 1 1 1 1 1 1 1 1 1 1 1 1 1 1 1 1 1 1 1 1 1 1 1 1 1 1 1 1 1 1 1 1 1 1 1 1 1 1 1 1 1 1 1 1 1 1 1 1 1 1 1 1 1 1 1 1 1 1 1 1 1 1 1 1 1 1 1
I1024 04:07:39.837175 47423801750592 create_pretraining_data.py:161] segment_ids: 0 0 0 0 0 0 0 0 0 0 0 0 0 0 0 1 1 1 1 1 1 1 1 1 1 1 1 1 1 1 1 1 1 1 1 1 1 1 1 1 1 1 1 1 1 1 1 1 1 1 1 1 1 1 1 1 1 1 1 1 1 1 1 1 1 1 1 1 1 1 1 1 1 1 1 1 1 1 1 1 1 1 1 1 1 1 1 1 1 1 1 1 1 1 1 1 1 1 1 1 1 1 1 1 1 1 1 1 1 1 1 1 1 1 1 1 1 1 1 1 1 1 1 1 1 1 1 1
INFO:tensorflow:masked_lm_positions: 6 17 18 43 56 57 58 59 66 70 86 87 92 93 103 111 115 117 119 0
I1024 04:07:39.837291 47423801750592 create_pretraining_data.py:161] masked_lm_positions: 6 17 18 43 56 57 58 59 66 70 86 87 92 93 103 111 115 117 119 0
INFO:tensorflow:masked_lm_ids: 3721 4672 1059 4526 2711 3136 3460 3596 378 5966 378 401 2780 13 378 378 378 4533 2195 0
I1024 04:07:39.837401 47423801750592 create_pretraining_data.py:161] masked_lm_ids: 3721 4672 1059 4526 2711 3136 3460 3596 378 5966 378 401 2780 13 378 378 378 4533 2195 0
INFO:tensorflow:masked_lm_weights: 1.0 1.0 1.0 1.0 1.0 1.0 1.0 1.0 1.0 1.0 1.0 1.0 1.0 1.0 1.0 1.0 1.0 1.0 1.0 0.0
I1024 04:07:39.837522 47423801750592 create_pretraining_data.py:161] masked_lm_weights: 1.0 1.0 1.0 1.0 1.0 1.0 1.0 1.0 1.0 1.0 1.0 1.0 1.0 1.0 1.0 1.0 1.0 1.0 1.0 0.0
INFO:tensorflow:next_sentence_labels: 0
I1024 04:07:39.837642 47423801750592 create_pretraining_data.py:161] next_sentence_labels: 0
INFO:tensorflow:*** Example ***
I1024 04:07:39.838518 47423801750592 create_pretraining_data.py:149] *** Example ***
INFO:tensorflow:tokens: [CLS] التغييرات كاملة في الصورة أدناه [MASK] [SEP] إضافة للتغيير [MASK] [MASK] الأسلحة [MASK] والتي [MASK] التعرف عليها بالتف ##صيل هنا ، قام المط ##ورون بتنفيذ خطط ##هم التي تحدث ##وا عنها سابقا في جعل خ ##وذ المستوى [MASK] ( Le ##vel 3 ) متوا ##جد ##ة في صناديق الإن ##زال الجوي حصر ##ا ، واض ##عين [MASK] حدا لاست ##غلال قدرة الخ ##وذ ##ة في [MASK] لط ##لقات القنص وإ ##بق ##اء [MASK] حيا لفترة [MASK] [MASK] . [SEP]
I1024 04:07:39.838706 47423801750592 create_pretraining_data.py:151] tokens: [CLS] التغييرات كاملة في الصورة أدناه [MASK] [SEP] إضافة للتغيير [MASK] [MASK] الأسلحة [MASK] والتي [MASK] التعرف عليها بالتف ##صيل هنا ، قام المط ##ورون بتنفيذ خطط ##هم التي تحدث ##وا عنها سابقا في جعل خ ##وذ المستوى [MASK] ( Le ##vel 3 ) متوا ##جد ##ة في صناديق الإن ##زال الجوي حصر ##ا ، واض ##عين [MASK] حدا لاست ##غلال قدرة الخ ##وذ ##ة في [MASK] لط ##لقات القنص وإ ##بق ##اء [MASK] حيا لفترة [MASK] [MASK] . [SEP]
INFO:tensorflow:input_ids: 2 27709 6771 1912 5699 15045 4 3 5532 29276 4 4 11481 4 3385 4 14446 2717 15409 5906 2349 378 3347 2797 18442 15926 10346 1949 2061 5672 1928 3851 7825 1912 4835 394 7875 5298 4 12 13214 18081 23 13 12139 2448 1043 1912 19659 6329 3622 11307 19230 1007 378 5428 2987 4 11977 4631 13968 11267 1995 7875 1043 1912 4 4651 7356 18301 2358 10522 1954 4 8651 13577 4 4 18 3 0 0 0 0 0 0 0 0 0 0 0 0 0 0 0 0 0 0 0 0 0 0 0 0 0 0 0 0 0 0 0 0 0 0 0 0 0 0 0 0 0 0 0 0 0 0 0 0
I1024 04:07:39.838887 47423801750592 create_pretraining_data.py:161] input_ids: 2 27709 6771 1912 5699 15045 4 3 5532 29276 4 4 11481 4 3385 4 14446 2717 15409 5906 2349 378 3347 2797 18442 15926 10346 1949 2061 5672 1928 3851 7825 1912 4835 394 7875 5298 4 12 13214 18081 23 13 12139 2448 1043 1912 19659 6329 3622 11307 19230 1007 378 5428 2987 4 11977 4631 13968 11267 1995 7875 1043 1912 4 4651 7356 18301 2358 10522 1954 4 8651 13577 4 4 18 3 0 0 0 0 0 0 0 0 0 0 0 0 0 0 0 0 0 0 0 0 0 0 0 0 0 0 0 0 0 0 0 0 0 0 0 0 0 0 0 0 0 0 0 0 0 0 0 0
INFO:tensorflow:input_mask: 1 1 1 1 1 1 1 1 1 1 1 1 1 1 1 1 1 1 1 1 1 1 1 1 1 1 1 1 1 1 1 1 1 1 1 1 1 1 1 1 1 1 1 1 1 1 1 1 1 1 1 1 1 1 1 1 1 1 1 1 1 1 1 1 1 1 1 1 1 1 1 1 1 1 1 1 1 1 1 1 0 0 0 0 0 0 0 0 0 0 0 0 0 0 0 0 0 0 0 0 0 0 0 0 0 0 0 0 0 0 0 0 0 0 0 0 0 0 0 0 0 0 0 0 0 0 0 0
I1024 04:07:39.839047 47423801750592 create_pretraining_data.py:161] input_mask: 1 1 1 1 1 1 1 1 1 1 1 1 1 1 1 1 1 1 1 1 1 1 1 1 1 1 1 1 1 1 1 1 1 1 1 1 1 1 1 1 1 1 1 1 1 1 1 1 1 1 1 1 1 1 1 1 1 1 1 1 1 1 1 1 1 1 1 1 1 1 1 1 1 1 1 1 1 1 1 1 0 0 0 0 0 0 0 0 0 0 0 0 0 0 0 0 0 0 0 0 0 0 0 0 0 0 0 0 0 0 0 0 0 0 0 0 0 0 0 0 0 0 0 0 0 0 0 0
INFO:tensorflow:segment_ids: 0 0 0 0 0 0 0 0 1 1 1 1 1 1 1 1 1 1 1 1 1 1 1 1 1 1 1 1 1 1 1 1 1 1 1 1 1 1 1 1 1 1 1 1 1 1 1 1 1 1 1 1 1 1 1 1 1 1 1 1 1 1 1 1 1 1 1 1 1 1 1 1 1 1 1 1 1 1 1 1 0 0 0 0 0 0 0 0 0 0 0 0 0 0 0 0 0 0 0 0 0 0 0 0 0 0 0 0 0 0 0 0 0 0 0 0 0 0 0 0 0 0 0 0 0 0 0 0
I1024 04:07:39.839197 47423801750592 create_pretraining_data.py:161] segment_ids: 0 0 0 0 0 0 0 0 1 1 1 1 1 1 1 1 1 1 1 1 1 1 1 1 1 1 1 1 1 1 1 1 1 1 1 1 1 1 1 1 1 1 1 1 1 1 1 1 1 1 1 1 1 1 1 1 1 1 1 1 1 1 1 1 1 1 1 1 1 1 1 1 1 1 1 1 1 1 1 1 0 0 0 0 0 0 0 0 0 0 0 0 0 0 0 0 0 0 0 0 0 0 0 0 0 0 0 0 0 0 0 0 0 0 0 0 0 0 0 0 0 0 0 0 0 0 0 0
INFO:tensorflow:masked_lm_positions: 6 9 10 11 13 15 38 57 66 73 76 77 0 0 0 0 0 0 0 0
I1024 04:07:39.839311 47423801750592 create_pretraining_data.py:161] masked_lm_positions: 6 9 10 11 13 15 38 57 66 73 76 77 0 0 0 0 0 0 0 0
INFO:tensorflow:masked_lm_ids: 30 29276 1904 1961 378 5637 3119 4850 19910 13982 2274 2264 0 0 0 0 0 0 0 0
I1024 04:07:39.839436 47423801750592 create_pretraining_data.py:161] masked_lm_ids: 30 29276 1904 1961 378 5637 3119 4850 19910 13982 2274 2264 0 0 0 0 0 0 0 0
INFO:tensorflow:masked_lm_weights: 1.0 1.0 1.0 1.0 1.0 1.0 1.0 1.0 1.0 1.0 1.0 1.0 0.0 0.0 0.0 0.0 0.0 0.0 0.0 0.0
I1024 04:07:39.839551 47423801750592 create_pretraining_data.py:161] masked_lm_weights: 1.0 1.0 1.0 1.0 1.0 1.0 1.0 1.0 1.0 1.0 1.0 1.0 0.0 0.0 0.0 0.0 0.0 0.0 0.0 0.0
INFO:tensorflow:next_sentence_labels: 0
I1024 04:07:39.839659 47423801750592 create_pretraining_data.py:161] next_sentence_labels: 0
INFO:tensorflow:*** Example ***
I1024 04:07:39.840470 47423801750592 create_pretraining_data.py:149] *** Example ***
INFO:tensorflow:tokens: [CLS] البحث في الأقسام . مناف . [SEP] الانترنت البرامج الجوال الحماية الشبكات الاجتماعية [MASK] الكمبيوتر اللي ##نك ##س [MASK] [MASK] [MASK] [MASK] الموبايل المو ##نتاج أندرويد بلو ##جر تعلم الإنجليزية تويتر [MASK] دروس شروحات فاير ##فوك ##س فيديو فيسبوك محركات البحث معلومات عامة مناسبات نظام التشغيل ويندوز ويندوز فون يو ##بون ##تو يوتيوب [SEP]
I1024 04:07:39.840641 47423801750592 create_pretraining_data.py:151] tokens: [CLS] البحث في الأقسام . مناف . [SEP] الانترنت البرامج الجوال الحماية الشبكات الاجتماعية [MASK] الكمبيوتر اللي ##نك ##س [MASK] [MASK] [MASK] [MASK] الموبايل المو ##نتاج أندرويد بلو ##جر تعلم الإنجليزية تويتر [MASK] دروس شروحات فاير ##فوك ##س فيديو فيسبوك محركات البحث معلومات عامة مناسبات نظام التشغيل ويندوز ويندوز فون يو ##بون ##تو يوتيوب [SEP]
INFO:tensorflow:input_ids: 2 3574 1912 6151 18 5898 18 3 5811 3839 4247 8641 11364 5024 4 3896 2115 2923 1033 4 4 4 4 9351 2763 9753 21289 7214 2391 3698 8354 4266 4 5116 8235 22262 21016 1033 3507 12719 18506 3574 4733 5253 16107 3701 8847 13426 13426 17939 2724 10749 6975 6690 3 0 0 0 0 0 0 0 0 0 0 0 0 0 0 0 0 0 0 0 0 0 0 0 0 0 0 0 0 0 0 0 0 0 0 0 0 0 0 0 0 0 0 0 0 0 0 0 0 0 0 0 0 0 0 0 0 0 0 0 0 0 0 0 0 0 0 0 0 0 0 0 0 0
I1024 04:07:39.840823 47423801750592 create_pretraining_data.py:161] input_ids: 2 3574 1912 6151 18 5898 18 3 5811 3839 4247 8641 11364 5024 4 3896 2115 2923 1033 4 4 4 4 9351 2763 9753 21289 7214 2391 3698 8354 4266 4 5116 8235 22262 21016 1033 3507 12719 18506 3574 4733 5253 16107 3701 8847 13426 13426 17939 2724 10749 6975 6690 3 0 0 0 0 0 0 0 0 0 0 0 0 0 0 0 0 0 0 0 0 0 0 0 0 0 0 0 0 0 0 0 0 0 0 0 0 0 0 0 0 0 0 0 0 0 0 0 0 0 0 0 0 0 0 0 0 0 0 0 0 0 0 0 0 0 0 0 0 0 0 0 0 0
INFO:tensorflow:input_mask: 1 1 1 1 1 1 1 1 1 1 1 1 1 1 1 1 1 1 1 1 1 1 1 1 1 1 1 1 1 1 1 1 1 1 1 1 1 1 1 1 1 1 1 1 1 1 1 1 1 1 1 1 1 1 1 0 0 0 0 0 0 0 0 0 0 0 0 0 0 0 0 0 0 0 0 0 0 0 0 0 0 0 0 0 0 0 0 0 0 0 0 0 0 0 0 0 0 0 0 0 0 0 0 0 0 0 0 0 0 0 0 0 0 0 0 0 0 0 0 0 0 0 0 0 0 0 0 0
I1024 04:07:39.840982 47423801750592 create_pretraining_data.py:161] input_mask: 1 1 1 1 1 1 1 1 1 1 1 1 1 1 1 1 1 1 1 1 1 1 1 1 1 1 1 1 1 1 1 1 1 1 1 1 1 1 1 1 1 1 1 1 1 1 1 1 1 1 1 1 1 1 1 0 0 0 0 0 0 0 0 0 0 0 0 0 0 0 0 0 0 0 0 0 0 0 0 0 0 0 0 0 0 0 0 0 0 0 0 0 0 0 0 0 0 0 0 0 0 0 0 0 0 0 0 0 0 0 0 0 0 0 0 0 0 0 0 0 0 0 0 0 0 0 0 0
INFO:tensorflow:segment_ids: 0 0 0 0 0 0 0 0 1 1 1 1 1 1 1 1 1 1 1 1 1 1 1 1 1 1 1 1 1 1 1 1 1 1 1 1 1 1 1 1 1 1 1 1 1 1 1 1 1 1 1 1 1 1 1 0 0 0 0 0 0 0 0 0 0 0 0 0 0 0 0 0 0 0 0 0 0 0 0 0 0 0 0 0 0 0 0 0 0 0 0 0 0 0 0 0 0 0 0 0 0 0 0 0 0 0 0 0 0 0 0 0 0 0 0 0 0 0 0 0 0 0 0 0 0 0 0 0
I1024 04:07:39.841135 47423801750592 create_pretraining_data.py:161] segment_ids: 0 0 0 0 0 0 0 0 1 1 1 1 1 1 1 1 1 1 1 1 1 1 1 1 1 1 1 1 1 1 1 1 1 1 1 1 1 1 1 1 1 1 1 1 1 1 1 1 1 1 1 1 1 1 1 0 0 0 0 0 0 0 0 0 0 0 0 0 0 0 0 0 0 0 0 0 0 0 0 0 0 0 0 0 0 0 0 0 0 0 0 0 0 0 0 0 0 0 0 0 0 0 0 0 0 0 0 0 0 0 0 0 0 0 0 0 0 0 0 0 0 0 0 0 0 0 0 0
INFO:tensorflow:masked_lm_positions: 5 14 19 20 21 22 32 47 0 0 0 0 0 0 0 0 0 0 0 0
I1024 04:07:39.841260 47423801750592 create_pretraining_data.py:161] masked_lm_positions: 5 14 19 20 21 22 32 47 0 0 0 0 0 0 0 0 0 0 0 0
INFO:tensorflow:masked_lm_ids: 18 3429 6489 2019 7459 1007 11397 13426 0 0 0 0 0 0 0 0 0 0 0 0
I1024 04:07:39.841372 47423801750592 create_pretraining_data.py:161] masked_lm_ids: 18 3429 6489 2019 7459 1007 11397 13426 0 0 0 0 0 0 0 0 0 0 0 0
INFO:tensorflow:masked_lm_weights: 1.0 1.0 1.0 1.0 1.0 1.0 1.0 1.0 0.0 0.0 0.0 0.0 0.0 0.0 0.0 0.0 0.0 0.0 0.0 0.0
I1024 04:07:39.841483 47423801750592 create_pretraining_data.py:161] masked_lm_weights: 1.0 1.0 1.0 1.0 1.0 1.0 1.0 1.0 0.0 0.0 0.0 0.0 0.0 0.0 0.0 0.0 0.0 0.0 0.0 0.0
INFO:tensorflow:next_sentence_labels: 0
I1024 04:07:39.841582 47423801750592 create_pretraining_data.py:161] next_sentence_labels: 0
INFO:tensorflow:*** Example ***
I1024 04:07:39.842424 47423801750592 create_pretraining_data.py:149] *** Example ***
INFO:tensorflow:tokens: [CLS] تظل الحقائق الجغرافية والتاريخ ##ية ثابتة [MASK] [MASK] رغم ##ا عن كل العاب التوازن السياسى المحل ##ى والاق ##ليم ##ى التى تمارس مابين القيادات السياسية فى السودان او ##مص ##ر . . . . ومص ##ير هذه القيادات هو التغيير ولكن تظل حلا ##يب سوداني ##ة . . . [SEP] ) كلمة أس ##قف [MASK] اب ##سك ##وب ##س بالي ##ونا ##نية [MASK] [MASK] [MASK] تراج [MASK] [MASK] [MASK] [MASK] [MASK] ) تت ##رجم أيضا [MASK] . فالأ ##ساقفة نظ ##ار . [MASK] [MASK] قول الرب في [MASK] حز ##قي ##ال : " قد جعلت ##ك رقيب ##ا لبي ##ت إسرائيل . فاس ##مع الكلمة [MASK] فم ##ي [MASK] وأن ##ذر ##هم من قبل ##ي [MASK] ( حز 3 : 17 ، 23 : 7 ) [SEP]
I1024 04:07:39.842626 47423801750592 create_pretraining_data.py:151] tokens: [CLS] تظل الحقائق الجغرافية والتاريخ ##ية ثابتة [MASK] [MASK] رغم ##ا عن كل العاب التوازن السياسى المحل ##ى والاق ##ليم ##ى التى تمارس مابين القيادات السياسية فى السودان او ##مص ##ر . . . . ومص ##ير هذه القيادات هو التغيير ولكن تظل حلا ##يب سوداني ##ة . . . [SEP] ) كلمة أس ##قف [MASK] اب ##سك ##وب ##س بالي ##ونا ##نية [MASK] [MASK] [MASK] تراج [MASK] [MASK] [MASK] [MASK] [MASK] ) تت ##رجم أيضا [MASK] . فالأ ##ساقفة نظ ##ار . [MASK] [MASK] قول الرب في [MASK] حز ##قي ##ال : " قد جعلت ##ك رقيب ##ا لبي ##ت إسرائيل . فاس ##مع الكلمة [MASK] فم ##ي [MASK] وأن ##ذر ##هم من قبل ##ي [MASK] ( حز 3 : 17 ، 23 : 7 ) [SEP]
INFO:tensorflow:input_ids: 2 17246 13311 24436 15802 1910 19796 4 4 3685 1007 1955 2038 3429 16604 19298 22175 1102 16312 2288 1102 3411 15395 12476 17213 4004 2230 5062 2213 12863 1017 18 18 18 18 9135 1916 2159 17213 2139 7946 2637 17246 8131 2062 8961 1043 18 18 18 3 13 4819 2476 3241 4 2093 3617 2058 1033 7940 3778 2330 4 4 4 13707 4 4 4 4 4 13 2201 5004 3112 4 18 14475 26875 3313 1909 18 4 4 4052 4442 1912 4 2778 2004 1901 30 6 2251 11759 1014 28455 1007 8222 1005 4741 18 8028 2049 11272 4 7163 1013 4 3310 3136 1949 1908 2289 1013 4 12 2778 23 30 3519 378 4287 30 27 13 3
I1024 04:07:39.842814 47423801750592 create_pretraining_data.py:161] input_ids: 2 17246 13311 24436 15802 1910 19796 4 4 3685 1007 1955 2038 3429 16604 19298 22175 1102 16312 2288 1102 3411 15395 12476 17213 4004 2230 5062 2213 12863 1017 18 18 18 18 9135 1916 2159 17213 2139 7946 2637 17246 8131 2062 8961 1043 18 18 18 3 13 4819 2476 3241 4 2093 3617 2058 1033 7940 3778 2330 4 4 4 13707 4 4 4 4 4 13 2201 5004 3112 4 18 14475 26875 3313 1909 18 4 4 4052 4442 1912 4 2778 2004 1901 30 6 2251 11759 1014 28455 1007 8222 1005 4741 18 8028 2049 11272 4 7163 1013 4 3310 3136 1949 1908 2289 1013 4 12 2778 23 30 3519 378 4287 30 27 13 3
INFO:tensorflow:input_mask: 1 1 1 1 1 1 1 1 1 1 1 1 1 1 1 1 1 1 1 1 1 1 1 1 1 1 1 1 1 1 1 1 1 1 1 1 1 1 1 1 1 1 1 1 1 1 1 1 1 1 1 1 1 1 1 1 1 1 1 1 1 1 1 1 1 1 1 1 1 1 1 1 1 1 1 1 1 1 1 1 1 1 1 1 1 1 1 1 1 1 1 1 1 1 1 1 1 1 1 1 1 1 1 1 1 1 1 1 1 1 1 1 1 1 1 1 1 1 1 1 1 1 1 1 1 1 1 1
I1024 04:07:39.842987 47423801750592 create_pretraining_data.py:161] input_mask: 1 1 1 1 1 1 1 1 1 1 1 1 1 1 1 1 1 1 1 1 1 1 1 1 1 1 1 1 1 1 1 1 1 1 1 1 1 1 1 1 1 1 1 1 1 1 1 1 1 1 1 1 1 1 1 1 1 1 1 1 1 1 1 1 1 1 1 1 1 1 1 1 1 1 1 1 1 1 1 1 1 1 1 1 1 1 1 1 1 1 1 1 1 1 1 1 1 1 1 1 1 1 1 1 1 1 1 1 1 1 1 1 1 1 1 1 1 1 1 1 1 1 1 1 1 1 1 1
INFO:tensorflow:segment_ids: 0 0 0 0 0 0 0 0 0 0 0 0 0 0 0 0 0 0 0 0 0 0 0 0 0 0 0 0 0 0 0 0 0 0 0 0 0 0 0 0 0 0 0 0 0 0 0 0 0 0 0 1 1 1 1 1 1 1 1 1 1 1 1 1 1 1 1 1 1 1 1 1 1 1 1 1 1 1 1 1 1 1 1 1 1 1 1 1 1 1 1 1 1 1 1 1 1 1 1 1 1 1 1 1 1 1 1 1 1 1 1 1 1 1 1 1 1 1 1 1 1 1 1 1 1 1 1 1
I1024 04:07:39.843142 47423801750592 create_pretraining_data.py:161] segment_ids: 0 0 0 0 0 0 0 0 0 0 0 0 0 0 0 0 0 0 0 0 0 0 0 0 0 0 0 0 0 0 0 0 0 0 0 0 0 0 0 0 0 0 0 0 0 0 0 0 0 0 0 1 1 1 1 1 1 1 1 1 1 1 1 1 1 1 1 1 1 1 1 1 1 1 1 1 1 1 1 1 1 1 1 1 1 1 1 1 1 1 1 1 1 1 1 1 1 1 1 1 1 1 1 1 1 1 1 1 1 1 1 1 1 1 1 1 1 1 1 1 1 1 1 1 1 1 1 1
INFO:tensorflow:masked_lm_positions: 7 8 55 63 64 65 66 67 68 69 70 71 76 83 84 88 106 109 116 0
I1024 04:07:39.843255 47423801750592 create_pretraining_data.py:161] masked_lm_positions: 7 8 55 63 64 65 66 67 68 69 70 71 76 83 84 88 106 109 116 0
INFO:tensorflow:masked_lm_ids: 11627 22485 12 254 1338 1523 1171 1169 1173 1338 1173 1240 20837 8609 1913 7474 1908 378 6 0
I1024 04:07:39.843366 47423801750592 create_pretraining_data.py:161] masked_lm_ids: 11627 22485 12 254 1338 1523 1171 1169 1173 1338 1173 1240 20837 8609 1913 7474 1908 378 6 0
INFO:tensorflow:masked_lm_weights: 1.0 1.0 1.0 1.0 1.0 1.0 1.0 1.0 1.0 1.0 1.0 1.0 1.0 1.0 1.0 1.0 1.0 1.0 1.0 0.0
I1024 04:07:39.843479 47423801750592 create_pretraining_data.py:161] masked_lm_weights: 1.0 1.0 1.0 1.0 1.0 1.0 1.0 1.0 1.0 1.0 1.0 1.0 1.0 1.0 1.0 1.0 1.0 1.0 1.0 0.0
INFO:tensorflow:next_sentence_labels: 1
I1024 04:07:39.843580 47423801750592 create_pretraining_data.py:161] next_sentence_labels: 1
INFO:tensorflow:*** Example ***
I1024 04:07:39.844375 47423801750592 create_pretraining_data.py:149] *** Example ***
INFO:tensorflow:tokens: [CLS] عزيزي الزائر مرحبا بك لتص ##ف ##ح الموقع بدون ظهور [MASK] [MASK] عليك تسجيل الدخول اما اذا لم تل ##حق بنا كع ##ض ##ؤ حتي الان يسعدنا انضمام ##ك لنا [MASK] [MASK] التسجيل [SEP] تسجل ##وا [MASK] دبي الرياضية للاستفادة [MASK] جميع خصائص الموقع والتط ##بيق بالاضافة الى إمكانية التعليق [MASK] جميع المواد . [SEP]
I1024 04:07:39.844537 47423801750592 create_pretraining_data.py:151] tokens: [CLS] عزيزي الزائر مرحبا بك لتص ##ف ##ح الموقع بدون ظهور [MASK] [MASK] عليك تسجيل الدخول اما اذا لم تل ##حق بنا كع ##ض ##ؤ حتي الان يسعدنا انضمام ##ك لنا [MASK] [MASK] التسجيل [SEP] تسجل ##وا [MASK] دبي الرياضية للاستفادة [MASK] جميع خصائص الموقع والتط ##بيق بالاضافة الى إمكانية التعليق [MASK] جميع المواد . [SEP]
INFO:tensorflow:input_ids: 2 9475 12392 9388 2395 5198 1037 1032 3221 3279 7694 4 4 2898 6131 4796 3910 2387 2043 7953 2927 3122 16102 1027 1038 2627 2311 24647 17968 1014 2776 4 4 4441 3 10507 1928 4 4403 5400 23334 4 2561 17663 3221 13819 3541 11875 2186 10888 9921 4 2561 4989 18 3 0 0 0 0 0 0 0 0 0 0 0 0 0 0 0 0 0 0 0 0 0 0 0 0 0 0 0 0 0 0 0 0 0 0 0 0 0 0 0 0 0 0 0 0 0 0 0 0 0 0 0 0 0 0 0 0 0 0 0 0 0 0 0 0 0 0 0 0 0 0 0 0
I1024 04:07:39.844723 47423801750592 create_pretraining_data.py:161] input_ids: 2 9475 12392 9388 2395 5198 1037 1032 3221 3279 7694 4 4 2898 6131 4796 3910 2387 2043 7953 2927 3122 16102 1027 1038 2627 2311 24647 17968 1014 2776 4 4 4441 3 10507 1928 4 4403 5400 23334 4 2561 17663 3221 13819 3541 11875 2186 10888 9921 4 2561 4989 18 3 0 0 0 0 0 0 0 0 0 0 0 0 0 0 0 0 0 0 0 0 0 0 0 0 0 0 0 0 0 0 0 0 0 0 0 0 0 0 0 0 0 0 0 0 0 0 0 0 0 0 0 0 0 0 0 0 0 0 0 0 0 0 0 0 0 0 0 0 0 0 0 0
INFO:tensorflow:input_mask: 1 1 1 1 1 1 1 1 1 1 1 1 1 1 1 1 1 1 1 1 1 1 1 1 1 1 1 1 1 1 1 1 1 1 1 1 1 1 1 1 1 1 1 1 1 1 1 1 1 1 1 1 1 1 1 1 0 0 0 0 0 0 0 0 0 0 0 0 0 0 0 0 0 0 0 0 0 0 0 0 0 0 0 0 0 0 0 0 0 0 0 0 0 0 0 0 0 0 0 0 0 0 0 0 0 0 0 0 0 0 0 0 0 0 0 0 0 0 0 0 0 0 0 0 0 0 0 0
I1024 04:07:39.844895 47423801750592 create_pretraining_data.py:161] input_mask: 1 1 1 1 1 1 1 1 1 1 1 1 1 1 1 1 1 1 1 1 1 1 1 1 1 1 1 1 1 1 1 1 1 1 1 1 1 1 1 1 1 1 1 1 1 1 1 1 1 1 1 1 1 1 1 1 0 0 0 0 0 0 0 0 0 0 0 0 0 0 0 0 0 0 0 0 0 0 0 0 0 0 0 0 0 0 0 0 0 0 0 0 0 0 0 0 0 0 0 0 0 0 0 0 0 0 0 0 0 0 0 0 0 0 0 0 0 0 0 0 0 0 0 0 0 0 0 0
INFO:tensorflow:segment_ids: 0 0 0 0 0 0 0 0 0 0 0 0 0 0 0 0 0 0 0 0 0 0 0 0 0 0 0 0 0 0 0 0 0 0 0 1 1 1 1 1 1 1 1 1 1 1 1 1 1 1 1 1 1 1 1 1 0 0 0 0 0 0 0 0 0 0 0 0 0 0 0 0 0 0 0 0 0 0 0 0 0 0 0 0 0 0 0 0 0 0 0 0 0 0 0 0 0 0 0 0 0 0 0 0 0 0 0 0 0 0 0 0 0 0 0 0 0 0 0 0 0 0 0 0 0 0 0 0
I1024 04:07:39.845048 47423801750592 create_pretraining_data.py:161] segment_ids: 0 0 0 0 0 0 0 0 0 0 0 0 0 0 0 0 0 0 0 0 0 0 0 0 0 0 0 0 0 0 0 0 0 0 0 1 1 1 1 1 1 1 1 1 1 1 1 1 1 1 1 1 1 1 1 1 0 0 0 0 0 0 0 0 0 0 0 0 0 0 0 0 0 0 0 0 0 0 0 0 0 0 0 0 0 0 0 0 0 0 0 0 0 0 0 0 0 0 0 0 0 0 0 0 0 0 0 0 0 0 0 0 0 0 0 0 0 0 0 0 0 0 0 0 0 0 0 0
INFO:tensorflow:masked_lm_positions: 4 11 12 31 32 37 41 51 0 0 0 0 0 0 0 0 0 0 0 0
I1024 04:07:39.845161 47423801750592 create_pretraining_data.py:161] masked_lm_positions: 4 11 12 31 32 37 41 51 0 0 0 0 0 0 0 0 0 0 0 0
INFO:tensorflow:masked_lm_ids: 2395 10777 3163 9750 1961 1961 1908 1961 0 0 0 0 0 0 0 0 0 0 0 0
I1024 04:07:39.845271 47423801750592 create_pretraining_data.py:161] masked_lm_ids: 2395 10777 3163 9750 1961 1961 1908 1961 0 0 0 0 0 0 0 0 0 0 0 0
INFO:tensorflow:masked_lm_weights: 1.0 1.0 1.0 1.0 1.0 1.0 1.0 1.0 0.0 0.0 0.0 0.0 0.0 0.0 0.0 0.0 0.0 0.0 0.0 0.0
I1024 04:07:39.845383 47423801750592 create_pretraining_data.py:161] masked_lm_weights: 1.0 1.0 1.0 1.0 1.0 1.0 1.0 1.0 0.0 0.0 0.0 0.0 0.0 0.0 0.0 0.0 0.0 0.0 0.0 0.0
INFO:tensorflow:next_sentence_labels: 1
I1024 04:07:39.845484 47423801750592 create_pretraining_data.py:161] next_sentence_labels: 1
INFO:tensorflow:*** Example ***
I1024 04:07:39.846290 47423801750592 create_pretraining_data.py:149] *** Example ***
INFO:tensorflow:tokens: [CLS] مشاهدة وتحميل المسلسل التركي إم ##رأ ##ة الجزء [MASK] متاح [MASK] [MASK] S ##0 ##2 الحلقة 6 السادسة مترجمة [MASK] [MASK] بجودة عالية 108 ##0 ##p HD ##TV كامل . . مشاهدة [MASK] مسلسل العشق [MASK] a ##s ##k y ##en ##ide ##n S ##0 ##2 ##E ##39 الموسم الثاني الحلقة 39 مترجمة بجودة [MASK] [MASK] اون لاين [SEP] الحد منه " في مكتبة المستقبل غدا تحرير 22 محضر ##ا تم ##ويني ##ا في مركز العدو ##ة بالمن ##يا مكافحة [MASK] تدا ##هم أو ##كار تجار الكي ##ف بالمح ##افظات تحرير 36 ##1 مخالفة إش ##غال طريق موحد [MASK] ننشر تشكيل مجلس اتحاد طلاب جامعة مطروح [MASK] هار ##ب [MASK] السجن [MASK] [MASK] [MASK] كم ##ين بالف ##يوم [MASK] مالك دار نشر بحوز ##ته 33 ##99 [SEP]
I1024 04:07:39.846469 47423801750592 create_pretraining_data.py:151] tokens: [CLS] مشاهدة وتحميل المسلسل التركي إم ##رأ ##ة الجزء [MASK] متاح [MASK] [MASK] S ##0 ##2 الحلقة 6 السادسة مترجمة [MASK] [MASK] بجودة عالية 108 ##0 ##p HD ##TV كامل . . مشاهدة [MASK] مسلسل العشق [MASK] a ##s ##k y ##en ##ide ##n S ##0 ##2 ##E ##39 الموسم الثاني الحلقة 39 مترجمة بجودة [MASK] [MASK] اون لاين [SEP] الحد منه " في مكتبة المستقبل غدا تحرير 22 محضر ##ا تم ##ويني ##ا في مركز العدو ##ة بالمن ##يا مكافحة [MASK] تدا ##هم أو ##كار تجار الكي ##ف بالمح ##افظات تحرير 36 ##1 مخالفة إش ##غال طريق موحد [MASK] ننشر تشكيل مجلس اتحاد طلاب جامعة مطروح [MASK] هار ##ب [MASK] السجن [MASK] [MASK] [MASK] كم ##ين بالف ##يوم [MASK] مالك دار نشر بحوز ##ته 33 ##99 [SEP]
INFO:tensorflow:input_ids: 2 4802 12112 11552 6638 5306 8433 1043 6406 4 13853 4 4 55 1071 1059 4959 26 10765 12656 4 4 13963 5980 29615 1071 1087 3424 14913 4523 18 18 4802 4 4383 10782 4 69 1092 1066 93 2993 13026 1052 55 1071 1059 1072 8580 4249 2966 4959 8308 12656 13963 4 4 5137 4932 3 3259 2739 6 1912 3889 5644 4496 6338 4063 23298 1007 2172 18888 1007 1912 3231 7668 1043 6591 1937 6057 4 12489 1949 2075 4075 14569 9504 1037 11958 20151 6338 6676 1029 13107 6149 4956 3160 20102 4 28297 6214 2598 5984 6425 4175 25446 4 8774 1045 4 9212 4 4 4 2995 1911 5406 4405 4 4979 4417 3449 24561 2076 6897 4066 3
I1024 04:07:39.846651 47423801750592 create_pretraining_data.py:161] input_ids: 2 4802 12112 11552 6638 5306 8433 1043 6406 4 13853 4 4 55 1071 1059 4959 26 10765 12656 4 4 13963 5980 29615 1071 1087 3424 14913 4523 18 18 4802 4 4383 10782 4 69 1092 1066 93 2993 13026 1052 55 1071 1059 1072 8580 4249 2966 4959 8308 12656 13963 4 4 5137 4932 3 3259 2739 6 1912 3889 5644 4496 6338 4063 23298 1007 2172 18888 1007 1912 3231 7668 1043 6591 1937 6057 4 12489 1949 2075 4075 14569 9504 1037 11958 20151 6338 6676 1029 13107 6149 4956 3160 20102 4 28297 6214 2598 5984 6425 4175 25446 4 8774 1045 4 9212 4 4 4 2995 1911 5406 4405 4 4979 4417 3449 24561 2076 6897 4066 3
INFO:tensorflow:input_mask: 1 1 1 1 1 1 1 1 1 1 1 1 1 1 1 1 1 1 1 1 1 1 1 1 1 1 1 1 1 1 1 1 1 1 1 1 1 1 1 1 1 1 1 1 1 1 1 1 1 1 1 1 1 1 1 1 1 1 1 1 1 1 1 1 1 1 1 1 1 1 1 1 1 1 1 1 1 1 1 1 1 1 1 1 1 1 1 1 1 1 1 1 1 1 1 1 1 1 1 1 1 1 1 1 1 1 1 1 1 1 1 1 1 1 1 1 1 1 1 1 1 1 1 1 1 1 1 1
I1024 04:07:39.846793 47423801750592 create_pretraining_data.py:161] input_mask: 1 1 1 1 1 1 1 1 1 1 1 1 1 1 1 1 1 1 1 1 1 1 1 1 1 1 1 1 1 1 1 1 1 1 1 1 1 1 1 1 1 1 1 1 1 1 1 1 1 1 1 1 1 1 1 1 1 1 1 1 1 1 1 1 1 1 1 1 1 1 1 1 1 1 1 1 1 1 1 1 1 1 1 1 1 1 1 1 1 1 1 1 1 1 1 1 1 1 1 1 1 1 1 1 1 1 1 1 1 1 1 1 1 1 1 1 1 1 1 1 1 1 1 1 1 1 1 1
INFO:tensorflow:segment_ids: 0 0 0 0 0 0 0 0 0 0 0 0 0 0 0 0 0 0 0 0 0 0 0 0 0 0 0 0 0 0 0 0 0 0 0 0 0 0 0 0 0 0 0 0 0 0 0 0 0 0 0 0 0 0 0 0 0 0 0 0 1 1 1 1 1 1 1 1 1 1 1 1 1 1 1 1 1 1 1 1 1 1 1 1 1 1 1 1 1 1 1 1 1 1 1 1 1 1 1 1 1 1 1 1 1 1 1 1 1 1 1 1 1 1 1 1 1 1 1 1 1 1 1 1 1 1 1 1
I1024 04:07:39.846926 47423801750592 create_pretraining_data.py:161] segment_ids: 0 0 0 0 0 0 0 0 0 0 0 0 0 0 0 0 0 0 0 0 0 0 0 0 0 0 0 0 0 0 0 0 0 0 0 0 0 0 0 0 0 0 0 0 0 0 0 0 0 0 0 0 0 0 0 0 0 0 0 0 1 1 1 1 1 1 1 1 1 1 1 1 1 1 1 1 1 1 1 1 1 1 1 1 1 1 1 1 1 1 1 1 1 1 1 1 1 1 1 1 1 1 1 1 1 1 1 1 1 1 1 1 1 1 1 1 1 1 1 1 1 1 1 1 1 1 1 1
INFO:tensorflow:masked_lm_positions: 9 10 11 12 20 21 33 36 55 56 81 98 99 107 110 112 113 114 119 0
I1024 04:07:39.847026 47423801750592 create_pretraining_data.py:161] masked_lm_positions: 9 10 11 12 20 21 33 36 55 56 81 98 99 107 110 112 113 114 119 0
INFO:tensorflow:masked_lm_ids: 2966 47 3899 2779 5137 4932 12112 9683 3424 6690 9741 6355 2238 6924 1908 2550 2041 1912 6924 0
I1024 04:07:39.847123 47423801750592 create_pretraining_data.py:161] masked_lm_ids: 2966 47 3899 2779 5137 4932 12112 9683 3424 6690 9741 6355 2238 6924 1908 2550 2041 1912 6924 0
INFO:tensorflow:masked_lm_weights: 1.0 1.0 1.0 1.0 1.0 1.0 1.0 1.0 1.0 1.0 1.0 1.0 1.0 1.0 1.0 1.0 1.0 1.0 1.0 0.0
I1024 04:07:39.847221 47423801750592 create_pretraining_data.py:161] masked_lm_weights: 1.0 1.0 1.0 1.0 1.0 1.0 1.0 1.0 1.0 1.0 1.0 1.0 1.0 1.0 1.0 1.0 1.0 1.0 1.0 0.0
INFO:tensorflow:next_sentence_labels: 1
I1024 04:07:39.847309 47423801750592 create_pretraining_data.py:161] next_sentence_labels: 1
INFO:tensorflow:*** Example ***
I1024 04:07:39.848022 47423801750592 create_pretraining_data.py:149] *** Example ***
INFO:tensorflow:tokens: [CLS] اهالي سيدي منصور الصدا ##قية يحت ##جون على خلفية قطع التيار الكهربائي عنهم [MASK] [MASK] الست ##اغ توضح [SEP] اح ##ر ##ro [MASK] مو واسر ##ته الكريمة [SEP]
I1024 04:07:39.848156 47423801750592 create_pretraining_data.py:151] tokens: [CLS] اهالي سيدي منصور الصدا ##قية يحت ##جون على خلفية قطع التيار الكهربائي عنهم [MASK] [MASK] الست ##اغ توضح [SEP] اح ##ر ##ro [MASK] مو واسر ##ته الكريمة [SEP]
INFO:tensorflow:input_ids: 2 14582 7282 6367 9697 4192 3315 11048 1961 11270 5364 9383 19954 5709 4 4 5451 7180 16932 3 2279 1017 3865 4 2481 24401 2076 15260 3 0 0 0 0 0 0 0 0 0 0 0 0 0 0 0 0 0 0 0 0 0 0 0 0 0 0 0 0 0 0 0 0 0 0 0 0 0 0 0 0 0 0 0 0 0 0 0 0 0 0 0 0 0 0 0 0 0 0 0 0 0 0 0 0 0 0 0 0 0 0 0 0 0 0 0 0 0 0 0 0 0 0 0 0 0 0 0 0 0 0 0 0 0 0 0 0 0 0 0
I1024 04:07:39.848305 47423801750592 create_pretraining_data.py:161] input_ids: 2 14582 7282 6367 9697 4192 3315 11048 1961 11270 5364 9383 19954 5709 4 4 5451 7180 16932 3 2279 1017 3865 4 2481 24401 2076 15260 3 0 0 0 0 0 0 0 0 0 0 0 0 0 0 0 0 0 0 0 0 0 0 0 0 0 0 0 0 0 0 0 0 0 0 0 0 0 0 0 0 0 0 0 0 0 0 0 0 0 0 0 0 0 0 0 0 0 0 0 0 0 0 0 0 0 0 0 0 0 0 0 0 0 0 0 0 0 0 0 0 0 0 0 0 0 0 0 0 0 0 0 0 0 0 0 0 0 0 0
INFO:tensorflow:input_mask: 1 1 1 1 1 1 1 1 1 1 1 1 1 1 1 1 1 1 1 1 1 1 1 1 1 1 1 1 1 0 0 0 0 0 0 0 0 0 0 0 0 0 0 0 0 0 0 0 0 0 0 0 0 0 0 0 0 0 0 0 0 0 0 0 0 0 0 0 0 0 0 0 0 0 0 0 0 0 0 0 0 0 0 0 0 0 0 0 0 0 0 0 0 0 0 0 0 0 0 0 0 0 0 0 0 0 0 0 0 0 0 0 0 0 0 0 0 0 0 0 0 0 0 0 0 0 0 0
I1024 04:07:39.848441 47423801750592 create_pretraining_data.py:161] input_mask: 1 1 1 1 1 1 1 1 1 1 1 1 1 1 1 1 1 1 1 1 1 1 1 1 1 1 1 1 1 0 0 0 0 0 0 0 0 0 0 0 0 0 0 0 0 0 0 0 0 0 0 0 0 0 0 0 0 0 0 0 0 0 0 0 0 0 0 0 0 0 0 0 0 0 0 0 0 0 0 0 0 0 0 0 0 0 0 0 0 0 0 0 0 0 0 0 0 0 0 0 0 0 0 0 0 0 0 0 0 0 0 0 0 0 0 0 0 0 0 0 0 0 0 0 0 0 0 0
INFO:tensorflow:segment_ids: 0 0 0 0 0 0 0 0 0 0 0 0 0 0 0 0 0 0 0 0 1 1 1 1 1 1 1 1 1 0 0 0 0 0 0 0 0 0 0 0 0 0 0 0 0 0 0 0 0 0 0 0 0 0 0 0 0 0 0 0 0 0 0 0 0 0 0 0 0 0 0 0 0 0 0 0 0 0 0 0 0 0 0 0 0 0 0 0 0 0 0 0 0 0 0 0 0 0 0 0 0 0 0 0 0 0 0 0 0 0 0 0 0 0 0 0 0 0 0 0 0 0 0 0 0 0 0 0
I1024 04:07:39.848573 47423801750592 create_pretraining_data.py:161] segment_ids: 0 0 0 0 0 0 0 0 0 0 0 0 0 0 0 0 0 0 0 0 1 1 1 1 1 1 1 1 1 0 0 0 0 0 0 0 0 0 0 0 0 0 0 0 0 0 0 0 0 0 0 0 0 0 0 0 0 0 0 0 0 0 0 0 0 0 0 0 0 0 0 0 0 0 0 0 0 0 0 0 0 0 0 0 0 0 0 0 0 0 0 0 0 0 0 0 0 0 0 0 0 0 0 0 0 0 0 0 0 0 0 0 0 0 0 0 0 0 0 0 0 0 0 0 0 0 0 0
INFO:tensorflow:masked_lm_positions: 14 15 22 23 0 0 0 0 0 0 0 0 0 0 0 0 0 0 0 0
I1024 04:07:39.848678 47423801750592 create_pretraining_data.py:161] masked_lm_positions: 14 15 22 23 0 0 0 0 0 0 0 0 0 0 0 0 0 0 0 0
INFO:tensorflow:masked_lm_ids: 9135 2769 18544 18985 0 0 0 0 0 0 0 0 0 0 0 0 0 0 0 0
I1024 04:07:39.848773 47423801750592 create_pretraining_data.py:161] masked_lm_ids: 9135 2769 18544 18985 0 0 0 0 0 0 0 0 0 0 0 0 0 0 0 0
INFO:tensorflow:masked_lm_weights: 1.0 1.0 1.0 1.0 0.0 0.0 0.0 0.0 0.0 0.0 0.0 0.0 0.0 0.0 0.0 0.0 0.0 0.0 0.0 0.0
I1024 04:07:39.848870 47423801750592 create_pretraining_data.py:161] masked_lm_weights: 1.0 1.0 1.0 1.0 0.0 0.0 0.0 0.0 0.0 0.0 0.0 0.0 0.0 0.0 0.0 0.0 0.0 0.0 0.0 0.0
INFO:tensorflow:next_sentence_labels: 1
I1024 04:07:39.848958 47423801750592 create_pretraining_data.py:161] next_sentence_labels: 1
INFO:tensorflow:*** Example ***
I1024 04:07:39.849664 47423801750592 create_pretraining_data.py:149] *** Example ***
INFO:tensorflow:tokens: [CLS] دع ##ني . . [SEP] في فرنسا المجلس الديني [MASK] في سنغافورة مخصص [MASK] توقيت الفجر وت ##وقيت [MASK] وقت الظهر بعد الز ##وال [MASK] { 1 دقيقة [MASK] [MASK] ) 2 دقائق [MASK] دقائق 4 دقائق 5 دقائق 6 دقائق 7 دقائق 8 دقائق 9 دقائق 10 دقائق 11 دقائق 12 دقائق 13 دقائق [MASK] [MASK] 15 [MASK] 16 دقائق [MASK] دقائق 18 دقائق 19 دقائق 20 دقائق 21 دقائق 22 دقائق 23 دقائق 24 [MASK] 25 دقائق 26 دقائق 27 دقائق 28 دقائق 29 دقائق 30 دقائق 31 دقائق 32 دقائق 33 دقائق 34 دقائق 35 دقائق 36 دقائق 37 [MASK] 38 [MASK] 39 دقائق 40 دقائق 41 دقائق 42 دقائق 43 [MASK] 44 دقائق 45 دقائق 46 دقائق 47 دقائق 48 دقائق [MASK] [SEP]
I1024 04:07:39.849832 47423801750592 create_pretraining_data.py:151] tokens: [CLS] دع ##ني . . [SEP] في فرنسا المجلس الديني [MASK] في سنغافورة مخصص [MASK] توقيت الفجر وت ##وقيت [MASK] وقت الظهر بعد الز ##وال [MASK] { 1 دقيقة [MASK] [MASK] ) 2 دقائق [MASK] دقائق 4 دقائق 5 دقائق 6 دقائق 7 دقائق 8 دقائق 9 دقائق 10 دقائق 11 دقائق 12 دقائق 13 دقائق [MASK] [MASK] 15 [MASK] 16 دقائق [MASK] دقائق 18 دقائق 19 دقائق 20 دقائق 21 دقائق 22 دقائق 23 دقائق 24 [MASK] 25 دقائق 26 دقائق 27 دقائق 28 دقائق 29 دقائق 30 دقائق 31 دقائق 32 دقائق 33 دقائق 34 دقائق 35 دقائق 36 دقائق 37 [MASK] 38 [MASK] 39 دقائق 40 دقائق 41 دقائق 42 دقائق 43 [MASK] 44 دقائق 45 دقائق 46 دقائق 47 دقائق 48 دقائق [MASK] [SEP]
INFO:tensorflow:input_ids: 2 4222 1974 18 18 3 1912 5336 3654 9242 4 1912 19403 14439 4 17581 5817 2001 22045 4 2758 8143 2089 2194 2318 4 95 21 7536 4 4 13 22 4113 4 4113 24 4113 25 4113 26 4113 27 4113 28 4113 29 4113 2667 4113 2780 4113 2919 4113 3243 4113 4 4 2986 4 3367 4113 4 4113 3328 4113 2464 4113 2056 4113 3960 4113 4063 4113 4287 4113 3789 4 3525 4113 4547 4113 4672 4113 4683 4113 5064 4113 3612 4113 5623 4113 6288 4113 6897 4113 7028 4113 5932 4113 6676 4113 7414 4 7574 4 8308 4113 4986 4113 10212 4113 8483 4113 9086 4 7695 4113 5755 4113 9483 4113 6768 4113 7490 4113 4 3
I1024 04:07:39.850004 47423801750592 create_pretraining_data.py:161] input_ids: 2 4222 1974 18 18 3 1912 5336 3654 9242 4 1912 19403 14439 4 17581 5817 2001 22045 4 2758 8143 2089 2194 2318 4 95 21 7536 4 4 13 22 4113 4 4113 24 4113 25 4113 26 4113 27 4113 28 4113 29 4113 2667 4113 2780 4113 2919 4113 3243 4113 4 4 2986 4 3367 4113 4 4113 3328 4113 2464 4113 2056 4113 3960 4113 4063 4113 4287 4113 3789 4 3525 4113 4547 4113 4672 4113 4683 4113 5064 4113 3612 4113 5623 4113 6288 4113 6897 4113 7028 4113 5932 4113 6676 4113 7414 4 7574 4 8308 4113 4986 4113 10212 4113 8483 4113 9086 4 7695 4113 5755 4113 9483 4113 6768 4113 7490 4113 4 3
INFO:tensorflow:input_mask: 1 1 1 1 1 1 1 1 1 1 1 1 1 1 1 1 1 1 1 1 1 1 1 1 1 1 1 1 1 1 1 1 1 1 1 1 1 1 1 1 1 1 1 1 1 1 1 1 1 1 1 1 1 1 1 1 1 1 1 1 1 1 1 1 1 1 1 1 1 1 1 1 1 1 1 1 1 1 1 1 1 1 1 1 1 1 1 1 1 1 1 1 1 1 1 1 1 1 1 1 1 1 1 1 1 1 1 1 1 1 1 1 1 1 1 1 1 1 1 1 1 1 1 1 1 1 1 1
I1024 04:07:39.850143 47423801750592 create_pretraining_data.py:161] input_mask: 1 1 1 1 1 1 1 1 1 1 1 1 1 1 1 1 1 1 1 1 1 1 1 1 1 1 1 1 1 1 1 1 1 1 1 1 1 1 1 1 1 1 1 1 1 1 1 1 1 1 1 1 1 1 1 1 1 1 1 1 1 1 1 1 1 1 1 1 1 1 1 1 1 1 1 1 1 1 1 1 1 1 1 1 1 1 1 1 1 1 1 1 1 1 1 1 1 1 1 1 1 1 1 1 1 1 1 1 1 1 1 1 1 1 1 1 1 1 1 1 1 1 1 1 1 1 1 1
INFO:tensorflow:segment_ids: 0 0 0 0 0 0 1 1 1 1 1 1 1 1 1 1 1 1 1 1 1 1 1 1 1 1 1 1 1 1 1 1 1 1 1 1 1 1 1 1 1 1 1 1 1 1 1 1 1 1 1 1 1 1 1 1 1 1 1 1 1 1 1 1 1 1 1 1 1 1 1 1 1 1 1 1 1 1 1 1 1 1 1 1 1 1 1 1 1 1 1 1 1 1 1 1 1 1 1 1 1 1 1 1 1 1 1 1 1 1 1 1 1 1 1 1 1 1 1 1 1 1 1 1 1 1 1 1
I1024 04:07:39.850275 47423801750592 create_pretraining_data.py:161] segment_ids: 0 0 0 0 0 0 1 1 1 1 1 1 1 1 1 1 1 1 1 1 1 1 1 1 1 1 1 1 1 1 1 1 1 1 1 1 1 1 1 1 1 1 1 1 1 1 1 1 1 1 1 1 1 1 1 1 1 1 1 1 1 1 1 1 1 1 1 1 1 1 1 1 1 1 1 1 1 1 1 1 1 1 1 1 1 1 1 1 1 1 1 1 1 1 1 1 1 1 1 1 1 1 1 1 1 1 1 1 1 1 1 1 1 1 1 1 1 1 1 1 1 1 1 1 1 1 1 1
INFO:tensorflow:masked_lm_positions: 10 14 19 25 29 30 34 49 56 57 59 62 77 86 103 105 114 115 126 0
I1024 04:07:39.850373 47423801750592 create_pretraining_data.py:161] masked_lm_positions: 10 14 19 25 29 30 34 49 56 57 59 62 77 86 103 105 114 115 126 0
INFO:tensorflow:masked_lm_ids: 4551 5664 11889 380 12 18846 23 4113 2951 4113 4113 3519 4113 5064 4113 4113 9086 4113 9335 0
I1024 04:07:39.850479 47423801750592 create_pretraining_data.py:161] masked_lm_ids: 4551 5664 11889 380 12 18846 23 4113 2951 4113 4113 3519 4113 5064 4113 4113 9086 4113 9335 0
INFO:tensorflow:masked_lm_weights: 1.0 1.0 1.0 1.0 1.0 1.0 1.0 1.0 1.0 1.0 1.0 1.0 1.0 1.0 1.0 1.0 1.0 1.0 1.0 0.0
I1024 04:07:39.850577 47423801750592 create_pretraining_data.py:161] masked_lm_weights: 1.0 1.0 1.0 1.0 1.0 1.0 1.0 1.0 1.0 1.0 1.0 1.0 1.0 1.0 1.0 1.0 1.0 1.0 1.0 0.0
INFO:tensorflow:next_sentence_labels: 1
I1024 04:07:39.850671 47423801750592 create_pretraining_data.py:161] next_sentence_labels: 1
INFO:tensorflow:*** Example ***
I1024 04:07:39.851356 47423801750592 create_pretraining_data.py:149] *** Example ***
INFO:tensorflow:tokens: [CLS] 8 الصبح - أمين المجلس الأعلى [MASK] [MASK] الجامعية : [MASK] تدخل الرئيس لما حدث التك ##امل بيم الوز ##ارتين - الجمعة 16 نوفمبر 2018 11 [MASK] 38 صباحا 8 الصبح - دور المستشفيات الجامعية في إنهاء قوائم الانتظار [MASK] على ✪ السا ##رية - الجمعة 16 نوفمبر 2018 11 [MASK] 28 صباحا 8 [MASK] - قوائم الانتظار ! ! ؟ [MASK] [SEP] تعرف [MASK] [MASK] المستشفيات الجامعية لإنهاء هذه الق ##وائم - الجمعة [MASK] نوفمبر [MASK] 11 : 23 صباحا [MASK] الصبح - رد أمين المجلس الأعلى للمست ##شفيات الجامعية على " عدم وجود نسبة زائدة من العلاج " - الجمعة 16 [MASK] 2018 11 : 08 صباحا [SEP]
I1024 04:07:39.851520 47423801750592 create_pretraining_data.py:151] tokens: [CLS] 8 الصبح - أمين المجلس الأعلى [MASK] [MASK] الجامعية : [MASK] تدخل الرئيس لما حدث التك ##امل بيم الوز ##ارتين - الجمعة 16 نوفمبر 2018 11 [MASK] 38 صباحا 8 الصبح - دور المستشفيات الجامعية في إنهاء قوائم الانتظار [MASK] على ✪ السا ##رية - الجمعة 16 نوفمبر 2018 11 [MASK] 28 صباحا 8 [MASK] - قوائم الانتظار ! ! ؟ [MASK] [SEP] تعرف [MASK] [MASK] المستشفيات الجامعية لإنهاء هذه الق ##وائم - الجمعة [MASK] نوفمبر [MASK] 11 : 23 صباحا [MASK] الصبح - رد أمين المجلس الأعلى للمست ##شفيات الجامعية على " عدم وجود نسبة زائدة من العلاج " - الجمعة 16 [MASK] 2018 11 : 08 صباحا [SEP]
INFO:tensorflow:input_ids: 2 28 8739 17 8525 3654 7708 4 4 12091 30 4 6253 2554 2518 3356 6573 2482 16403 2850 19332 17 4212 3367 3600 2635 2780 4 7574 6116 28 8739 17 3591 12744 12091 1912 17719 19224 11374 4 1961 788 14233 5221 17 4212 3367 3600 2635 2780 4 4683 6116 28 4 17 19224 11374 5 5 380 4 3 3775 4 4 12744 12091 25010 2159 1964 11973 17 4212 4 3600 4 2780 30 4287 6116 4 8739 17 3535 8525 3654 7708 7935 10069 12091 1961 6 3216 3276 5482 29406 1908 5281 6 17 4212 3367 4 2635 2780 30 6006 6116 3 0 0 0 0 0 0 0 0 0 0 0 0 0 0 0 0 0
I1024 04:07:39.851690 47423801750592 create_pretraining_data.py:161] input_ids: 2 28 8739 17 8525 3654 7708 4 4 12091 30 4 6253 2554 2518 3356 6573 2482 16403 2850 19332 17 4212 3367 3600 2635 2780 4 7574 6116 28 8739 17 3591 12744 12091 1912 17719 19224 11374 4 1961 788 14233 5221 17 4212 3367 3600 2635 2780 4 4683 6116 28 4 17 19224 11374 5 5 380 4 3 3775 4 4 12744 12091 25010 2159 1964 11973 17 4212 4 3600 4 2780 30 4287 6116 4 8739 17 3535 8525 3654 7708 7935 10069 12091 1961 6 3216 3276 5482 29406 1908 5281 6 17 4212 3367 4 2635 2780 30 6006 6116 3 0 0 0 0 0 0 0 0 0 0 0 0 0 0 0 0 0
INFO:tensorflow:input_mask: 1 1 1 1 1 1 1 1 1 1 1 1 1 1 1 1 1 1 1 1 1 1 1 1 1 1 1 1 1 1 1 1 1 1 1 1 1 1 1 1 1 1 1 1 1 1 1 1 1 1 1 1 1 1 1 1 1 1 1 1 1 1 1 1 1 1 1 1 1 1 1 1 1 1 1 1 1 1 1 1 1 1 1 1 1 1 1 1 1 1 1 1 1 1 1 1 1 1 1 1 1 1 1 1 1 1 1 1 1 1 1 0 0 0 0 0 0 0 0 0 0 0 0 0 0 0 0 0
I1024 04:07:39.851829 47423801750592 create_pretraining_data.py:161] input_mask: 1 1 1 1 1 1 1 1 1 1 1 1 1 1 1 1 1 1 1 1 1 1 1 1 1 1 1 1 1 1 1 1 1 1 1 1 1 1 1 1 1 1 1 1 1 1 1 1 1 1 1 1 1 1 1 1 1 1 1 1 1 1 1 1 1 1 1 1 1 1 1 1 1 1 1 1 1 1 1 1 1 1 1 1 1 1 1 1 1 1 1 1 1 1 1 1 1 1 1 1 1 1 1 1 1 1 1 1 1 1 1 0 0 0 0 0 0 0 0 0 0 0 0 0 0 0 0 0
INFO:tensorflow:segment_ids: 0 0 0 0 0 0 0 0 0 0 0 0 0 0 0 0 0 0 0 0 0 0 0 0 0 0 0 0 0 0 0 0 0 0 0 0 0 0 0 0 0 0 0 0 0 0 0 0 0 0 0 0 0 0 0 0 0 0 0 0 0 0 0 0 1 1 1 1 1 1 1 1 1 1 1 1 1 1 1 1 1 1 1 1 1 1 1 1 1 1 1 1 1 1 1 1 1 1 1 1 1 1 1 1 1 1 1 1 1 1 1 0 0 0 0 0 0 0 0 0 0 0 0 0 0 0 0 0
I1024 04:07:39.851976 47423801750592 create_pretraining_data.py:161] segment_ids: 0 0 0 0 0 0 0 0 0 0 0 0 0 0 0 0 0 0 0 0 0 0 0 0 0 0 0 0 0 0 0 0 0 0 0 0 0 0 0 0 0 0 0 0 0 0 0 0 0 0 0 0 0 0 0 0 0 0 0 0 0 0 0 0 1 1 1 1 1 1 1 1 1 1 1 1 1 1 1 1 1 1 1 1 1 1 1 1 1 1 1 1 1 1 1 1 1 1 1 1 1 1 1 1 1 1 1 1 1 1 1 0 0 0 0 0 0 0 0 0 0 0 0 0 0 0 0 0
INFO:tensorflow:masked_lm_positions: 4 6 7 8 11 27 40 42 51 55 62 65 66 75 77 82 104 0 0 0
I1024 04:07:39.852077 47423801750592 create_pretraining_data.py:161] masked_lm_positions: 4 6 7 8 11 27 40 42 51 55 62 65 66 75 77 82 104 0 0 0
INFO:tensorflow:masked_lm_ids: 8525 7708 7935 10069 8402 30 21421 9613 30 8739 380 1961 3591 3367 2635 28 3600 0 0 0
I1024 04:07:39.852174 47423801750592 create_pretraining_data.py:161] masked_lm_ids: 8525 7708 7935 10069 8402 30 21421 9613 30 8739 380 1961 3591 3367 2635 28 3600 0 0 0
INFO:tensorflow:masked_lm_weights: 1.0 1.0 1.0 1.0 1.0 1.0 1.0 1.0 1.0 1.0 1.0 1.0 1.0 1.0 1.0 1.0 1.0 0.0 0.0 0.0
I1024 04:07:39.852271 47423801750592 create_pretraining_data.py:161] masked_lm_weights: 1.0 1.0 1.0 1.0 1.0 1.0 1.0 1.0 1.0 1.0 1.0 1.0 1.0 1.0 1.0 1.0 1.0 0.0 0.0 0.0
INFO:tensorflow:next_sentence_labels: 0
I1024 04:07:39.852358 47423801750592 create_pretraining_data.py:161] next_sentence_labels: 0
INFO:tensorflow:*** Example ***
I1024 04:07:39.853081 47423801750592 create_pretraining_data.py:149] *** Example ***
INFO:tensorflow:tokens: [CLS] ##بور ##ج : كتابة التاريخ [MASK] بن ##ظري ##ة [MASK] [MASK] ( المركز واله ##ام ##ش ) . . [MASK] والقيم ##ة كم ##قا ##ييس مزي ##فة للتبادل / التجارة سبتمبر 22 [MASK] 2016 إد ##وارد ##و جود ##ينا ##ث [MASK] حركة بوي ##ن فيف ##ير [MASK] : الحدا ##ثة والتنمية وخر ##يط ##ة الخروج من الرأسم ##الية في أمريكا اللاتينية سبتمبر قلعة [SEP] [MASK] مظ ##اليم دوري الدرجة الاولى العراقي ، [MASK] في نادي القرن ##ة [MASK] بص ##رتنا ، نجم واعد وش ##اب ، الطول ١ ##٨ ##٠ يقرا والو ##زن ٧ ##٢ ك ##غم ، [MASK] [MASK] بال ##لعب بكل ##تا القدم ##ين [MASK] [MASK] خلف المهاجم ، مميزات ##ه ايضا البنية العض ##لية القوية ، طموح للغاية ويتم ##نى الوصول [MASK] [MASK] [SEP]
I1024 04:07:39.853254 47423801750592 create_pretraining_data.py:151] tokens: [CLS] ##بور ##ج : كتابة التاريخ [MASK] بن ##ظري ##ة [MASK] [MASK] ( المركز واله ##ام ##ش ) . . [MASK] والقيم ##ة كم ##قا ##ييس مزي ##فة للتبادل / التجارة سبتمبر 22 [MASK] 2016 إد ##وارد ##و جود ##ينا ##ث [MASK] حركة بوي ##ن فيف ##ير [MASK] : الحدا ##ثة والتنمية وخر ##يط ##ة الخروج من الرأسم ##الية في أمريكا اللاتينية سبتمبر قلعة [SEP] [MASK] مظ ##اليم دوري الدرجة الاولى العراقي ، [MASK] في نادي القرن ##ة [MASK] بص ##رتنا ، نجم واعد وش ##اب ، الطول ١ ##٨ ##٠ يقرا والو ##زن ٧ ##٢ ك ##غم ، [MASK] [MASK] بال ##لعب بكل ##تا القدم ##ين [MASK] [MASK] خلف المهاجم ، مميزات ##ه ايضا البنية العض ##لية القوية ، طموح للغاية ويتم ##نى الوصول [MASK] [MASK] [SEP]
INFO:tensorflow:input_ids: 2 7529 1041 30 9887 3414 4 2040 20673 1043 4 4 12 3808 5119 1921 1034 13 18 18 4 29939 1043 2995 2143 18672 13714 2539 14807 19 6543 5100 4063 4 3400 4241 5211 1012 17561 2411 1039 4 4826 28700 1006 27804 1916 4 30 23918 4759 11319 23048 4161 1043 8639 1908 24293 2469 1912 8504 24348 5100 16823 3 4 4985 18579 4299 9714 5531 4848 378 4 1912 3557 6259 1043 4 2903 28311 378 6651 19462 2347 1933 378 21513 421 1157 1067 13781 11031 3104 427 1182 410 2863 378 4 4 1951 3188 3268 4258 3961 1911 4 4 3479 14830 378 20094 1028 4530 15060 7525 2082 16766 378 19599 8851 9361 2770 5710 4 4 3
I1024 04:07:39.853431 47423801750592 create_pretraining_data.py:161] input_ids: 2 7529 1041 30 9887 3414 4 2040 20673 1043 4 4 12 3808 5119 1921 1034 13 18 18 4 29939 1043 2995 2143 18672 13714 2539 14807 19 6543 5100 4063 4 3400 4241 5211 1012 17561 2411 1039 4 4826 28700 1006 27804 1916 4 30 23918 4759 11319 23048 4161 1043 8639 1908 24293 2469 1912 8504 24348 5100 16823 3 4 4985 18579 4299 9714 5531 4848 378 4 1912 3557 6259 1043 4 2903 28311 378 6651 19462 2347 1933 378 21513 421 1157 1067 13781 11031 3104 427 1182 410 2863 378 4 4 1951 3188 3268 4258 3961 1911 4 4 3479 14830 378 20094 1028 4530 15060 7525 2082 16766 378 19599 8851 9361 2770 5710 4 4 3
INFO:tensorflow:input_mask: 1 1 1 1 1 1 1 1 1 1 1 1 1 1 1 1 1 1 1 1 1 1 1 1 1 1 1 1 1 1 1 1 1 1 1 1 1 1 1 1 1 1 1 1 1 1 1 1 1 1 1 1 1 1 1 1 1 1 1 1 1 1 1 1 1 1 1 1 1 1 1 1 1 1 1 1 1 1 1 1 1 1 1 1 1 1 1 1 1 1 1 1 1 1 1 1 1 1 1 1 1 1 1 1 1 1 1 1 1 1 1 1 1 1 1 1 1 1 1 1 1 1 1 1 1 1 1 1
I1024 04:07:39.853572 47423801750592 create_pretraining_data.py:161] input_mask: 1 1 1 1 1 1 1 1 1 1 1 1 1 1 1 1 1 1 1 1 1 1 1 1 1 1 1 1 1 1 1 1 1 1 1 1 1 1 1 1 1 1 1 1 1 1 1 1 1 1 1 1 1 1 1 1 1 1 1 1 1 1 1 1 1 1 1 1 1 1 1 1 1 1 1 1 1 1 1 1 1 1 1 1 1 1 1 1 1 1 1 1 1 1 1 1 1 1 1 1 1 1 1 1 1 1 1 1 1 1 1 1 1 1 1 1 1 1 1 1 1 1 1 1 1 1 1 1
INFO:tensorflow:segment_ids: 0 0 0 0 0 0 0 0 0 0 0 0 0 0 0 0 0 0 0 0 0 0 0 0 0 0 0 0 0 0 0 0 0 0 0 0 0 0 0 0 0 0 0 0 0 0 0 0 0 0 0 0 0 0 0 0 0 0 0 0 0 0 0 0 0 1 1 1 1 1 1 1 1 1 1 1 1 1 1 1 1 1 1 1 1 1 1 1 1 1 1 1 1 1 1 1 1 1 1 1 1 1 1 1 1 1 1 1 1 1 1 1 1 1 1 1 1 1 1 1 1 1 1 1 1 1 1 1
I1024 04:07:39.853711 47423801750592 create_pretraining_data.py:161] segment_ids: 0 0 0 0 0 0 0 0 0 0 0 0 0 0 0 0 0 0 0 0 0 0 0 0 0 0 0 0 0 0 0 0 0 0 0 0 0 0 0 0 0 0 0 0 0 0 0 0 0 0 0 0 0 0 0 0 0 0 0 0 0 0 0 0 0 1 1 1 1 1 1 1 1 1 1 1 1 1 1 1 1 1 1 1 1 1 1 1 1 1 1 1 1 1 1 1 1 1 1 1 1 1 1 1 1 1 1 1 1 1 1 1 1 1 1 1 1 1 1 1 1 1 1 1 1 1 1 1
INFO:tensorflow:masked_lm_positions: 6 10 11 12 20 33 41 47 63 65 73 78 91 99 100 107 108 125 126 0
I1024 04:07:39.853811 47423801750592 create_pretraining_data.py:161] masked_lm_positions: 6 10 11 12 20 33 41 47 63 65 73 78 91 99 100 107 108 125 126 0
INFO:tensorflow:masked_lm_ids: 26504 3618 3611 12 22548 16 616 22 2986 1908 7162 1912 3817 6491 2275 20179 1028 3178 2113 0
I1024 04:07:39.853906 47423801750592 create_pretraining_data.py:161] masked_lm_ids: 26504 3618 3611 12 22548 16 616 22 2986 1908 7162 1912 3817 6491 2275 20179 1028 3178 2113 0
INFO:tensorflow:masked_lm_weights: 1.0 1.0 1.0 1.0 1.0 1.0 1.0 1.0 1.0 1.0 1.0 1.0 1.0 1.0 1.0 1.0 1.0 1.0 1.0 0.0
I1024 04:07:39.854003 47423801750592 create_pretraining_data.py:161] masked_lm_weights: 1.0 1.0 1.0 1.0 1.0 1.0 1.0 1.0 1.0 1.0 1.0 1.0 1.0 1.0 1.0 1.0 1.0 1.0 1.0 0.0
INFO:tensorflow:next_sentence_labels: 1
I1024 04:07:39.854091 47423801750592 create_pretraining_data.py:161] next_sentence_labels: 1
INFO:tensorflow:*** Example ***
I1024 04:07:39.854781 47423801750592 create_pretraining_data.py:149] *** Example ***
INFO:tensorflow:tokens: [CLS] كن أكثر إيجابية على المستوى [MASK] [MASK] . [SEP] الميزان : [MASK] ##وليس / ٩ إلى ٢٠ / ١٠ الشمس وفي ##نو ##س فى بيتك الأول ، وهذا [SEP]
I1024 04:07:39.854916 47423801750592 create_pretraining_data.py:151] tokens: [CLS] كن أكثر إيجابية على المستوى [MASK] [MASK] . [SEP] الميزان : [MASK] ##وليس / ٩ إلى ٢٠ / ١٠ الشمس وفي ##نو ##س فى بيتك الأول ، وهذا [SEP]
INFO:tensorflow:input_ids: 2 3181 2976 16828 1961 5298 4 4 18 3 10954 30 4 26291 19 429 2045 10358 19 24828 5020 2427 11993 1033 2230 12255 2990 378 3265 3 0 0 0 0 0 0 0 0 0 0 0 0 0 0 0 0 0 0 0 0 0 0 0 0 0 0 0 0 0 0 0 0 0 0 0 0 0 0 0 0 0 0 0 0 0 0 0 0 0 0 0 0 0 0 0 0 0 0 0 0 0 0 0 0 0 0 0 0 0 0 0 0 0 0 0 0 0 0 0 0 0 0 0 0 0 0 0 0 0 0 0 0 0 0 0 0 0 0
I1024 04:07:39.855077 47423801750592 create_pretraining_data.py:161] input_ids: 2 3181 2976 16828 1961 5298 4 4 18 3 10954 30 4 26291 19 429 2045 10358 19 24828 5020 2427 11993 1033 2230 12255 2990 378 3265 3 0 0 0 0 0 0 0 0 0 0 0 0 0 0 0 0 0 0 0 0 0 0 0 0 0 0 0 0 0 0 0 0 0 0 0 0 0 0 0 0 0 0 0 0 0 0 0 0 0 0 0 0 0 0 0 0 0 0 0 0 0 0 0 0 0 0 0 0 0 0 0 0 0 0 0 0 0 0 0 0 0 0 0 0 0 0 0 0 0 0 0 0 0 0 0 0 0 0
INFO:tensorflow:input_mask: 1 1 1 1 1 1 1 1 1 1 1 1 1 1 1 1 1 1 1 1 1 1 1 1 1 1 1 1 1 1 0 0 0 0 0 0 0 0 0 0 0 0 0 0 0 0 0 0 0 0 0 0 0 0 0 0 0 0 0 0 0 0 0 0 0 0 0 0 0 0 0 0 0 0 0 0 0 0 0 0 0 0 0 0 0 0 0 0 0 0 0 0 0 0 0 0 0 0 0 0 0 0 0 0 0 0 0 0 0 0 0 0 0 0 0 0 0 0 0 0 0 0 0 0 0 0 0 0
I1024 04:07:39.855215 47423801750592 create_pretraining_data.py:161] input_mask: 1 1 1 1 1 1 1 1 1 1 1 1 1 1 1 1 1 1 1 1 1 1 1 1 1 1 1 1 1 1 0 0 0 0 0 0 0 0 0 0 0 0 0 0 0 0 0 0 0 0 0 0 0 0 0 0 0 0 0 0 0 0 0 0 0 0 0 0 0 0 0 0 0 0 0 0 0 0 0 0 0 0 0 0 0 0 0 0 0 0 0 0 0 0 0 0 0 0 0 0 0 0 0 0 0 0 0 0 0 0 0 0 0 0 0 0 0 0 0 0 0 0 0 0 0 0 0 0
INFO:tensorflow:segment_ids: 0 0 0 0 0 0 0 0 0 0 1 1 1 1 1 1 1 1 1 1 1 1 1 1 1 1 1 1 1 1 0 0 0 0 0 0 0 0 0 0 0 0 0 0 0 0 0 0 0 0 0 0 0 0 0 0 0 0 0 0 0 0 0 0 0 0 0 0 0 0 0 0 0 0 0 0 0 0 0 0 0 0 0 0 0 0 0 0 0 0 0 0 0 0 0 0 0 0 0 0 0 0 0 0 0 0 0 0 0 0 0 0 0 0 0 0 0 0 0 0 0 0 0 0 0 0 0 0
I1024 04:07:39.855347 47423801750592 create_pretraining_data.py:161] segment_ids: 0 0 0 0 0 0 0 0 0 0 1 1 1 1 1 1 1 1 1 1 1 1 1 1 1 1 1 1 1 1 0 0 0 0 0 0 0 0 0 0 0 0 0 0 0 0 0 0 0 0 0 0 0 0 0 0 0 0 0 0 0 0 0 0 0 0 0 0 0 0 0 0 0 0 0 0 0 0 0 0 0 0 0 0 0 0 0 0 0 0 0 0 0 0 0 0 0 0 0 0 0 0 0 0 0 0 0 0 0 0 0 0 0 0 0 0 0 0 0 0 0 0 0 0 0 0 0 0
INFO:tensorflow:masked_lm_positions: 6 7 12 13 0 0 0 0 0 0 0 0 0 0 0 0 0 0 0 0
I1024 04:07:39.855447 47423801750592 create_pretraining_data.py:161] masked_lm_positions: 6 7 12 13 0 0 0 0 0 0 0 0 0 0 0 0 0 0 0 0
INFO:tensorflow:masked_lm_ids: 3190 1102 422 1138 0 0 0 0 0 0 0 0 0 0 0 0 0 0 0 0
I1024 04:07:39.855540 47423801750592 create_pretraining_data.py:161] masked_lm_ids: 3190 1102 422 1138 0 0 0 0 0 0 0 0 0 0 0 0 0 0 0 0
INFO:tensorflow:masked_lm_weights: 1.0 1.0 1.0 1.0 0.0 0.0 0.0 0.0 0.0 0.0 0.0 0.0 0.0 0.0 0.0 0.0 0.0 0.0 0.0 0.0
I1024 04:07:39.855652 47423801750592 create_pretraining_data.py:161] masked_lm_weights: 1.0 1.0 1.0 1.0 0.0 0.0 0.0 0.0 0.0 0.0 0.0 0.0 0.0 0.0 0.0 0.0 0.0 0.0 0.0 0.0
INFO:tensorflow:next_sentence_labels: 0
I1024 04:07:39.855742 47423801750592 create_pretraining_data.py:161] next_sentence_labels: 0
INFO:tensorflow:*** Example ***
I1024 04:07:39.856454 47423801750592 create_pretraining_data.py:149] *** Example ***
INFO:tensorflow:tokens: [CLS] ونحن بخير ولله الحمد ومن ##صور ##ين بإذن الله على الاعداء واكد الجندي ضا ##يف حسين القرني انهم فداء [MASK] بإ ##روا ##حهم وما [MASK] من قوة وعت [MASK] والف ##خر بالذ ##ود عن حدود الوطن لا يعادل ##ه فخر [MASK] ##ي [MASK] [MASK] الشعب السعودي لاين ##سون ##هم من دع ##آ ##ئهم . [SEP] التي يجتمع فيها ولله الحمد عدد [MASK] [MASK] [MASK] الحر ##يص [MASK] طلب العلم الصحيح ؛ المست ##قى من [MASK] والسنة ، وعلى [MASK] السلف الصالح ، وانتهت ##وة الأمة . ثم قام أحد الإخوة جزا ##ه [MASK] خيرا بنس ##خ كلام الشيخ الوارد في شريط التسجيل ، وعرض ##ه عليه ، فع ##دل ##ه ، وزاد عليه ، ونق ##حه ، بما بعض مع نشره ؛ لتع ##م به الفائدة [SEP]
I1024 04:07:39.856626 47423801750592 create_pretraining_data.py:151] tokens: [CLS] ونحن بخير ولله الحمد ومن ##صور ##ين بإذن الله على الاعداء واكد الجندي ضا ##يف حسين القرني انهم فداء [MASK] بإ ##روا ##حهم وما [MASK] من قوة وعت [MASK] والف ##خر بالذ ##ود عن حدود الوطن لا يعادل ##ه فخر [MASK] ##ي [MASK] [MASK] الشعب السعودي لاين ##سون ##هم من دع ##آ ##ئهم . [SEP] التي يجتمع فيها ولله الحمد عدد [MASK] [MASK] [MASK] الحر ##يص [MASK] طلب العلم الصحيح ؛ المست ##قى من [MASK] والسنة ، وعلى [MASK] السلف الصالح ، وانتهت ##وة الأمة . ثم قام أحد الإخوة جزا ##ه [MASK] خيرا بنس ##خ كلام الشيخ الوارد في شريط التسجيل ، وعرض ##ه عليه ، فع ##دل ##ه ، وزاد عليه ، ونق ##حه ، بما بعض مع نشره ؛ لتع ##م به الفائدة [SEP]
INFO:tensorflow:input_ids: 2 4882 5471 11065 2807 2298 3496 1911 14659 1953 1961 18160 10059 20592 8805 2032 4273 10595 5507 25391 4 2935 15914 21447 2564 4 1908 6080 27723 4 3227 2042 10461 1993 1955 5402 2865 1963 16882 1028 8944 4 1013 4 4 3086 3428 4932 4912 1949 1908 4222 1054 25793 18 3 2061 13135 2443 11065 2807 2548 4 4 4 3220 7947 4 2922 2789 6826 379 2338 2777 1908 4 13169 378 3720 4 7692 6600 378 26188 2587 7365 18 2371 3347 2907 27039 16472 1028 4 5360 15656 1036 3552 2702 19703 1912 14429 4441 378 11344 1028 2181 378 2933 9297 1028 378 18072 2181 378 22148 2379 378 2908 2346 1973 14757 379 10030 1015 2249 14114 3
I1024 04:07:39.856794 47423801750592 create_pretraining_data.py:161] input_ids: 2 4882 5471 11065 2807 2298 3496 1911 14659 1953 1961 18160 10059 20592 8805 2032 4273 10595 5507 25391 4 2935 15914 21447 2564 4 1908 6080 27723 4 3227 2042 10461 1993 1955 5402 2865 1963 16882 1028 8944 4 1013 4 4 3086 3428 4932 4912 1949 1908 4222 1054 25793 18 3 2061 13135 2443 11065 2807 2548 4 4 4 3220 7947 4 2922 2789 6826 379 2338 2777 1908 4 13169 378 3720 4 7692 6600 378 26188 2587 7365 18 2371 3347 2907 27039 16472 1028 4 5360 15656 1036 3552 2702 19703 1912 14429 4441 378 11344 1028 2181 378 2933 9297 1028 378 18072 2181 378 22148 2379 378 2908 2346 1973 14757 379 10030 1015 2249 14114 3
INFO:tensorflow:input_mask: 1 1 1 1 1 1 1 1 1 1 1 1 1 1 1 1 1 1 1 1 1 1 1 1 1 1 1 1 1 1 1 1 1 1 1 1 1 1 1 1 1 1 1 1 1 1 1 1 1 1 1 1 1 1 1 1 1 1 1 1 1 1 1 1 1 1 1 1 1 1 1 1 1 1 1 1 1 1 1 1 1 1 1 1 1 1 1 1 1 1 1 1 1 1 1 1 1 1 1 1 1 1 1 1 1 1 1 1 1 1 1 1 1 1 1 1 1 1 1 1 1 1 1 1 1 1 1 1
I1024 04:07:39.856926 47423801750592 create_pretraining_data.py:161] input_mask: 1 1 1 1 1 1 1 1 1 1 1 1 1 1 1 1 1 1 1 1 1 1 1 1 1 1 1 1 1 1 1 1 1 1 1 1 1 1 1 1 1 1 1 1 1 1 1 1 1 1 1 1 1 1 1 1 1 1 1 1 1 1 1 1 1 1 1 1 1 1 1 1 1 1 1 1 1 1 1 1 1 1 1 1 1 1 1 1 1 1 1 1 1 1 1 1 1 1 1 1 1 1 1 1 1 1 1 1 1 1 1 1 1 1 1 1 1 1 1 1 1 1 1 1 1 1 1 1
INFO:tensorflow:segment_ids: 0 0 0 0 0 0 0 0 0 0 0 0 0 0 0 0 0 0 0 0 0 0 0 0 0 0 0 0 0 0 0 0 0 0 0 0 0 0 0 0 0 0 0 0 0 0 0 0 0 0 0 0 0 0 0 0 1 1 1 1 1 1 1 1 1 1 1 1 1 1 1 1 1 1 1 1 1 1 1 1 1 1 1 1 1 1 1 1 1 1 1 1 1 1 1 1 1 1 1 1 1 1 1 1 1 1 1 1 1 1 1 1 1 1 1 1 1 1 1 1 1 1 1 1 1 1 1 1
I1024 04:07:39.857053 47423801750592 create_pretraining_data.py:161] segment_ids: 0 0 0 0 0 0 0 0 0 0 0 0 0 0 0 0 0 0 0 0 0 0 0 0 0 0 0 0 0 0 0 0 0 0 0 0 0 0 0 0 0 0 0 0 0 0 0 0 0 0 0 0 0 0 0 0 1 1 1 1 1 1 1 1 1 1 1 1 1 1 1 1 1 1 1 1 1 1 1 1 1 1 1 1 1 1 1 1 1 1 1 1 1 1 1 1 1 1 1 1 1 1 1 1 1 1 1 1 1 1 1 1 1 1 1 1 1 1 1 1 1 1 1 1 1 1 1 1
INFO:tensorflow:masked_lm_positions: 20 25 28 29 41 42 43 44 62 63 64 67 75 76 79 83 84 93 119 0
I1024 04:07:39.857148 47423801750592 create_pretraining_data.py:161] masked_lm_positions: 20 25 28 29 41 42 43 44 62 63 64 67 75 76 79 83 84 93 119 0
INFO:tensorflow:masked_lm_ids: 14979 20258 27723 1950 21296 1013 1054 1908 1908 3321 5945 1961 4096 13169 10827 3042 2587 1953 26354 0
I1024 04:07:39.857239 47423801750592 create_pretraining_data.py:161] masked_lm_ids: 14979 20258 27723 1950 21296 1013 1054 1908 1908 3321 5945 1961 4096 13169 10827 3042 2587 1953 26354 0
INFO:tensorflow:masked_lm_weights: 1.0 1.0 1.0 1.0 1.0 1.0 1.0 1.0 1.0 1.0 1.0 1.0 1.0 1.0 1.0 1.0 1.0 1.0 1.0 0.0
I1024 04:07:39.857342 47423801750592 create_pretraining_data.py:161] masked_lm_weights: 1.0 1.0 1.0 1.0 1.0 1.0 1.0 1.0 1.0 1.0 1.0 1.0 1.0 1.0 1.0 1.0 1.0 1.0 1.0 0.0
INFO:tensorflow:next_sentence_labels: 1
I1024 04:07:39.857426 47423801750592 create_pretraining_data.py:161] next_sentence_labels: 1
INFO:tensorflow:*** Example ***
I1024 04:07:39.858132 47423801750592 create_pretraining_data.py:149] *** Example ***
INFO:tensorflow:tokens: [CLS] X ##37 ##0 للأ ##لعاب بحجم A ##T ##X مع إض ##اءة A ##ur ##a Sy ##n ##c R ##G ##B [MASK] ، وفتح ##ة M . 2 الصع ومو ##صل US ##B ##3 . 1 في اللوحة الأمام ##ية من النوع A / C [MASK] الجرافيكس R ##O ##G St ##ri ##x G ##e ##F ##or ##ce ##® GT ##X 108 ##0 [MASK] [MASK] بذ ##اك ##رة [MASK] [MASK] [MASK] [MASK] [MASK] [MASK] 11 جي ##جاب ##اي ##ت مع [MASK] A ##ur ##a Sy ##n ##c R ##G ##B لأ ##فضل تجربة واقع إف ##تر [SEP] الموقع يفيد العلم وذلك بتوفير روايات و قصص وكتب وبال ##هو وذلك بالا [MASK] الفوري ##ة كما يمكنك [MASK] [MASK] [MASK] كل [MASK] لات ##فهم ##ه والعاب للتحميل والشعر [SEP]
I1024 04:07:39.858302 47423801750592 create_pretraining_data.py:151] tokens: [CLS] X ##37 ##0 للأ ##لعاب بحجم A ##T ##X مع إض ##اءة A ##ur ##a Sy ##n ##c R ##G ##B [MASK] ، وفتح ##ة M . 2 الصع ومو ##صل US ##B ##3 . 1 في اللوحة الأمام ##ية من النوع A / C [MASK] الجرافيكس R ##O ##G St ##ri ##x G ##e ##F ##or ##ce ##® GT ##X 108 ##0 [MASK] [MASK] بذ ##اك ##رة [MASK] [MASK] [MASK] [MASK] [MASK] [MASK] 11 جي ##جاب ##اي ##ت مع [MASK] A ##ur ##a Sy ##n ##c R ##G ##B لأ ##فضل تجربة واقع إف ##تر [SEP] الموقع يفيد العلم وذلك بتوفير روايات و قصص وكتب وبال ##هو وذلك بالا [MASK] الفوري ##ة كما يمكنك [MASK] [MASK] [MASK] كل [MASK] لات ##فهم ##ه والعاب للتحميل والشعر [SEP]
INFO:tensorflow:input_ids: 2 60 6553 1071 2939 3908 11438 37 1115 1116 1973 13168 11780 37 2535 1049 16868 1052 1024 54 1074 1117 4 378 13102 1043 49 18 22 14823 25662 2107 19118 1117 1076 18 21 1912 24016 24041 1910 1908 7016 37 19 39 4 20539 54 1098 1074 7185 4220 1068 43 1023 1022 2793 9090 1212 23620 1116 29615 1071 4 4 5805 2544 2037 4 4 4 4 4 4 2780 4885 4232 2272 1005 1973 4 37 2535 1049 16868 1052 1024 54 1074 1117 2471 2370 7583 6422 6645 2582 3 3221 13070 2789 3133 21433 12491 415 5143 12414 4624 2871 3133 4581 4 20084 1043 2306 4521 4 4 4 2038 4 2955 9003 1028 17219 22993 11149 3
I1024 04:07:39.858453 47423801750592 create_pretraining_data.py:161] input_ids: 2 60 6553 1071 2939 3908 11438 37 1115 1116 1973 13168 11780 37 2535 1049 16868 1052 1024 54 1074 1117 4 378 13102 1043 49 18 22 14823 25662 2107 19118 1117 1076 18 21 1912 24016 24041 1910 1908 7016 37 19 39 4 20539 54 1098 1074 7185 4220 1068 43 1023 1022 2793 9090 1212 23620 1116 29615 1071 4 4 5805 2544 2037 4 4 4 4 4 4 2780 4885 4232 2272 1005 1973 4 37 2535 1049 16868 1052 1024 54 1074 1117 2471 2370 7583 6422 6645 2582 3 3221 13070 2789 3133 21433 12491 415 5143 12414 4624 2871 3133 4581 4 20084 1043 2306 4521 4 4 4 2038 4 2955 9003 1028 17219 22993 11149 3
INFO:tensorflow:input_mask: 1 1 1 1 1 1 1 1 1 1 1 1 1 1 1 1 1 1 1 1 1 1 1 1 1 1 1 1 1 1 1 1 1 1 1 1 1 1 1 1 1 1 1 1 1 1 1 1 1 1 1 1 1 1 1 1 1 1 1 1 1 1 1 1 1 1 1 1 1 1 1 1 1 1 1 1 1 1 1 1 1 1 1 1 1 1 1 1 1 1 1 1 1 1 1 1 1 1 1 1 1 1 1 1 1 1 1 1 1 1 1 1 1 1 1 1 1 1 1 1 1 1 1 1 1 1 1 1
I1024 04:07:39.858585 47423801750592 create_pretraining_data.py:161] input_mask: 1 1 1 1 1 1 1 1 1 1 1 1 1 1 1 1 1 1 1 1 1 1 1 1 1 1 1 1 1 1 1 1 1 1 1 1 1 1 1 1 1 1 1 1 1 1 1 1 1 1 1 1 1 1 1 1 1 1 1 1 1 1 1 1 1 1 1 1 1 1 1 1 1 1 1 1 1 1 1 1 1 1 1 1 1 1 1 1 1 1 1 1 1 1 1 1 1 1 1 1 1 1 1 1 1 1 1 1 1 1 1 1 1 1 1 1 1 1 1 1 1 1 1 1 1 1 1 1
INFO:tensorflow:segment_ids: 0 0 0 0 0 0 0 0 0 0 0 0 0 0 0 0 0 0 0 0 0 0 0 0 0 0 0 0 0 0 0 0 0 0 0 0 0 0 0 0 0 0 0 0 0 0 0 0 0 0 0 0 0 0 0 0 0 0 0 0 0 0 0 0 0 0 0 0 0 0 0 0 0 0 0 0 0 0 0 0 0 0 0 0 0 0 0 0 0 0 0 0 0 0 0 0 0 0 1 1 1 1 1 1 1 1 1 1 1 1 1 1 1 1 1 1 1 1 1 1 1 1 1 1 1 1 1 1
I1024 04:07:39.858728 47423801750592 create_pretraining_data.py:161] segment_ids: 0 0 0 0 0 0 0 0 0 0 0 0 0 0 0 0 0 0 0 0 0 0 0 0 0 0 0 0 0 0 0 0 0 0 0 0 0 0 0 0 0 0 0 0 0 0 0 0 0 0 0 0 0 0 0 0 0 0 0 0 0 0 0 0 0 0 0 0 0 0 0 0 0 0 0 0 0 0 0 0 0 0 0 0 0 0 0 0 0 0 0 0 0 0 0 0 0 0 1 1 1 1 1 1 1 1 1 1 1 1 1 1 1 1 1 1 1 1 1 1 1 1 1 1 1 1 1 1
INFO:tensorflow:masked_lm_positions: 22 26 29 46 64 65 69 70 71 72 73 74 81 110 111 116 117 118 120 0
I1024 04:07:39.858827 47423801750592 create_pretraining_data.py:161] masked_lm_positions: 22 26 29 46 64 65 69 70 71 72 73 74 81 110 111 116 117 118 120 0
INFO:tensorflow:masked_lm_ids: 24191 49 378 9435 56 1050 43 1100 15394 1030 1116 11438 11192 4581 3908 6580 7559 1961 2621 0
I1024 04:07:39.858920 47423801750592 create_pretraining_data.py:161] masked_lm_ids: 24191 49 378 9435 56 1050 43 1100 15394 1030 1116 11438 11192 4581 3908 6580 7559 1961 2621 0
INFO:tensorflow:masked_lm_weights: 1.0 1.0 1.0 1.0 1.0 1.0 1.0 1.0 1.0 1.0 1.0 1.0 1.0 1.0 1.0 1.0 1.0 1.0 1.0 0.0
I1024 04:07:39.859014 47423801750592 create_pretraining_data.py:161] masked_lm_weights: 1.0 1.0 1.0 1.0 1.0 1.0 1.0 1.0 1.0 1.0 1.0 1.0 1.0 1.0 1.0 1.0 1.0 1.0 1.0 0.0
INFO:tensorflow:next_sentence_labels: 1
I1024 04:07:39.859099 47423801750592 create_pretraining_data.py:161] next_sentence_labels: 1
INFO:tensorflow:*** Example ***
I1024 04:07:39.859789 47423801750592 create_pretraining_data.py:149] *** Example ***
INFO:tensorflow:tokens: [CLS] - قسم اخبار المطر ##بة [MASK] [MASK] | | - - قسم صور المطر ##بة اص ##الة [MASK] | - - [MASK] اغاني وفي ##ديو كليب [MASK] [MASK] [MASK] | - - [MASK] الترحيب بالاعضاء الجدد والاهد ##اءات [MASK] - - المملكة الادبية | | - - قسم عذب الكلام والمشاعر | | - - قسم المواضيع الادبية | | - - قسم [SEP] ##رد [MASK] عن [MASK] يحب الشعر ويعرف ##ه ، فكل من يعشق الشعر يعرف من [MASK] [MASK] [MASK] وما هي اشعار المتن ##بي ، [MASK] [MASK] خلال السطور التالية [MASK] [MASK] افضل اشعار المتن ##بي والتي سوف تصنع للق ##ارئ حالة خاصة من الجمال والر ##وعة خاصة في اشعار المتن ##بي عن الح ، ولن ننسي انه من قال الخيل والليل والبي [SEP]
I1024 04:07:39.859956 47423801750592 create_pretraining_data.py:151] tokens: [CLS] - قسم اخبار المطر ##بة [MASK] [MASK] | | - - قسم صور المطر ##بة اص ##الة [MASK] | - - [MASK] اغاني وفي ##ديو كليب [MASK] [MASK] [MASK] | - - [MASK] الترحيب بالاعضاء الجدد والاهد ##اءات [MASK] - - المملكة الادبية | | - - قسم عذب الكلام والمشاعر | | - - قسم المواضيع الادبية | | - - قسم [SEP] ##رد [MASK] عن [MASK] يحب الشعر ويعرف ##ه ، فكل من يعشق الشعر يعرف من [MASK] [MASK] [MASK] وما هي اشعار المتن ##بي ، [MASK] [MASK] خلال السطور التالية [MASK] [MASK] افضل اشعار المتن ##بي والتي سوف تصنع للق ##ارئ حالة خاصة من الجمال والر ##وعة خاصة في اشعار المتن ##بي عن الح ، ولن ننسي انه من قال الخيل والليل والبي [SEP]
INFO:tensorflow:input_ids: 2 17 2122 3300 5810 2215 4 4 96 96 17 17 2122 2649 5810 2215 2402 2343 4 96 17 17 4 7409 2427 2703 11590 4 4 4 96 17 17 4 5355 13881 7041 25122 10651 4 17 17 3835 15491 96 96 17 17 2122 13424 3859 29244 96 96 17 17 2122 3642 15491 96 96 17 17 2122 3 2153 4 1955 4 3866 3258 22760 1028 378 9611 1908 15338 3258 3825 1908 4 4 4 2564 2247 23229 6933 1947 378 4 4 2317 26660 7323 4 4 2931 23229 6933 1947 3385 3641 13363 3178 8114 3979 3481 1908 5886 4105 3571 3481 1912 23229 6933 1947 1955 1944 378 4763 17078 2615 1908 2136 14853 26830 11626 3
I1024 04:07:39.860107 47423801750592 create_pretraining_data.py:161] input_ids: 2 17 2122 3300 5810 2215 4 4 96 96 17 17 2122 2649 5810 2215 2402 2343 4 96 17 17 4 7409 2427 2703 11590 4 4 4 96 17 17 4 5355 13881 7041 25122 10651 4 17 17 3835 15491 96 96 17 17 2122 13424 3859 29244 96 96 17 17 2122 3642 15491 96 96 17 17 2122 3 2153 4 1955 4 3866 3258 22760 1028 378 9611 1908 15338 3258 3825 1908 4 4 4 2564 2247 23229 6933 1947 378 4 4 2317 26660 7323 4 4 2931 23229 6933 1947 3385 3641 13363 3178 8114 3979 3481 1908 5886 4105 3571 3481 1912 23229 6933 1947 1955 1944 378 4763 17078 2615 1908 2136 14853 26830 11626 3
INFO:tensorflow:input_mask: 1 1 1 1 1 1 1 1 1 1 1 1 1 1 1 1 1 1 1 1 1 1 1 1 1 1 1 1 1 1 1 1 1 1 1 1 1 1 1 1 1 1 1 1 1 1 1 1 1 1 1 1 1 1 1 1 1 1 1 1 1 1 1 1 1 1 1 1 1 1 1 1 1 1 1 1 1 1 1 1 1 1 1 1 1 1 1 1 1 1 1 1 1 1 1 1 1 1 1 1 1 1 1 1 1 1 1 1 1 1 1 1 1 1 1 1 1 1 1 1 1 1 1 1 1 1 1 1
I1024 04:07:39.860252 47423801750592 create_pretraining_data.py:161] input_mask: 1 1 1 1 1 1 1 1 1 1 1 1 1 1 1 1 1 1 1 1 1 1 1 1 1 1 1 1 1 1 1 1 1 1 1 1 1 1 1 1 1 1 1 1 1 1 1 1 1 1 1 1 1 1 1 1 1 1 1 1 1 1 1 1 1 1 1 1 1 1 1 1 1 1 1 1 1 1 1 1 1 1 1 1 1 1 1 1 1 1 1 1 1 1 1 1 1 1 1 1 1 1 1 1 1 1 1 1 1 1 1 1 1 1 1 1 1 1 1 1 1 1 1 1 1 1 1 1
INFO:tensorflow:segment_ids: 0 0 0 0 0 0 0 0 0 0 0 0 0 0 0 0 0 0 0 0 0 0 0 0 0 0 0 0 0 0 0 0 0 0 0 0 0 0 0 0 0 0 0 0 0 0 0 0 0 0 0 0 0 0 0 0 0 0 0 0 0 0 0 0 0 1 1 1 1 1 1 1 1 1 1 1 1 1 1 1 1 1 1 1 1 1 1 1 1 1 1 1 1 1 1 1 1 1 1 1 1 1 1 1 1 1 1 1 1 1 1 1 1 1 1 1 1 1 1 1 1 1 1 1 1 1 1 1
I1024 04:07:39.860378 47423801750592 create_pretraining_data.py:161] segment_ids: 0 0 0 0 0 0 0 0 0 0 0 0 0 0 0 0 0 0 0 0 0 0 0 0 0 0 0 0 0 0 0 0 0 0 0 0 0 0 0 0 0 0 0 0 0 0 0 0 0 0 0 0 0 0 0 0 0 0 0 0 0 0 0 0 0 1 1 1 1 1 1 1 1 1 1 1 1 1 1 1 1 1 1 1 1 1 1 1 1 1 1 1 1 1 1 1 1 1 1 1 1 1 1 1 1 1 1 1 1 1 1 1 1 1 1 1 1 1 1 1 1 1 1 1 1 1 1 1
INFO:tensorflow:masked_lm_positions: 6 7 18 22 27 28 29 33 39 66 68 80 81 82 89 90 94 95 123 0
I1024 04:07:39.860471 47423801750592 create_pretraining_data.py:161] masked_lm_positions: 6 7 18 22 27 28 29 33 39 66 68 80 81 82 89 90 94 95 123 0
INFO:tensorflow:masked_lm_ids: 2402 2343 96 2122 2402 2343 96 6582 96 6440 1908 2139 6933 1947 3898 1914 4702 18255 2136 0
I1024 04:07:39.860563 47423801750592 create_pretraining_data.py:161] masked_lm_ids: 2402 2343 96 2122 2402 2343 96 6582 96 6440 1908 2139 6933 1947 3898 1914 4702 18255 2136 0
INFO:tensorflow:masked_lm_weights: 1.0 1.0 1.0 1.0 1.0 1.0 1.0 1.0 1.0 1.0 1.0 1.0 1.0 1.0 1.0 1.0 1.0 1.0 1.0 0.0
I1024 04:07:39.860662 47423801750592 create_pretraining_data.py:161] masked_lm_weights: 1.0 1.0 1.0 1.0 1.0 1.0 1.0 1.0 1.0 1.0 1.0 1.0 1.0 1.0 1.0 1.0 1.0 1.0 1.0 0.0
INFO:tensorflow:next_sentence_labels: 1
I1024 04:07:39.860746 47423801750592 create_pretraining_data.py:161] next_sentence_labels: 1
INFO:tensorflow:*** Example ***
I1024 04:07:39.861400 47423801750592 create_pretraining_data.py:149] *** Example ***
INFO:tensorflow:tokens: [CLS] يحت ##وى على - الفار ##نس [MASK] - والذى ##يس ##ت ##خدم لعلاج الاع ##صاب و الار ##ق و إلت ##هاب الشعب الهوا ##ئية و علاج المغ ##ص [MASK] [MASK] العضلات و السع ##ال . [SEP] - - [MASK] - ¤ - [MASK] ^ ] ( قسم أنظمة التشغيل ) [ ^ - - ¤ - - | | - - شروحات [MASK] [MASK] V ##PS و L ##IN ##U ##X | | - - مشاكل ا ##ل V ##PS و [MASK] ##IN [MASK] ولغ | [MASK] - - + * ̈ [MASK] ̈ * + ( تقنيات الإست ##قبال التلفزيوني ) + [MASK] ̈ ^ ̈ * [MASK] | | - - كروت الستالايت | | - - القنوات الفضائي ##ه | | - - [SEP]
I1024 04:07:39.861564 47423801750592 create_pretraining_data.py:151] tokens: [CLS] يحت ##وى على - الفار ##نس [MASK] - والذى ##يس ##ت ##خدم لعلاج الاع ##صاب و الار ##ق و إلت ##هاب الشعب الهوا ##ئية و علاج المغ ##ص [MASK] [MASK] العضلات و السع ##ال . [SEP] - - [MASK] - ¤ - [MASK] ^ ] ( قسم أنظمة التشغيل ) [ ^ - - ¤ - - | | - - شروحات [MASK] [MASK] V ##PS و L ##IN ##U ##X | | - - مشاكل ا ##ل V ##PS و [MASK] ##IN [MASK] ولغ | [MASK] - - + * ̈ [MASK] ̈ * + ( تقنيات الإست ##قبال التلفزيوني ) + [MASK] ̈ ^ ̈ * [MASK] | | - - كروت الستالايت | | - - القنوات الفضائي ##ه | | - - [SEP]
INFO:tensorflow:input_ids: 2 3315 2254 1961 17 9515 2227 4 17 14412 2036 1005 2606 9981 3099 5780 415 11340 1011 415 26633 3237 3086 22333 3371 415 4430 2716 1031 4 4 22634 415 29062 1901 18 3 17 17 4 17 102 17 4 66 65 12 2122 10913 8847 13 63 66 17 17 102 17 17 96 96 17 17 8235 4 4 58 27224 415 48 11409 1088 1116 96 96 17 17 4401 387 1010 58 27224 415 4 11409 4 16601 96 4 17 17 15 14 227 4 227 14 15 12 12363 5308 4166 26824 13 15 4 227 66 227 14 4 96 96 17 17 13083 20596 96 96 17 17 4601 15084 1028 96 96 17 17 3
I1024 04:07:39.861735 47423801750592 create_pretraining_data.py:161] input_ids: 2 3315 2254 1961 17 9515 2227 4 17 14412 2036 1005 2606 9981 3099 5780 415 11340 1011 415 26633 3237 3086 22333 3371 415 4430 2716 1031 4 4 22634 415 29062 1901 18 3 17 17 4 17 102 17 4 66 65 12 2122 10913 8847 13 63 66 17 17 102 17 17 96 96 17 17 8235 4 4 58 27224 415 48 11409 1088 1116 96 96 17 17 4401 387 1010 58 27224 415 4 11409 4 16601 96 4 17 17 15 14 227 4 227 14 15 12 12363 5308 4166 26824 13 15 4 227 66 227 14 4 96 96 17 17 13083 20596 96 96 17 17 4601 15084 1028 96 96 17 17 3
INFO:tensorflow:input_mask: 1 1 1 1 1 1 1 1 1 1 1 1 1 1 1 1 1 1 1 1 1 1 1 1 1 1 1 1 1 1 1 1 1 1 1 1 1 1 1 1 1 1 1 1 1 1 1 1 1 1 1 1 1 1 1 1 1 1 1 1 1 1 1 1 1 1 1 1 1 1 1 1 1 1 1 1 1 1 1 1 1 1 1 1 1 1 1 1 1 1 1 1 1 1 1 1 1 1 1 1 1 1 1 1 1 1 1 1 1 1 1 1 1 1 1 1 1 1 1 1 1 1 1 1 1 1 1 1
I1024 04:07:39.861869 47423801750592 create_pretraining_data.py:161] input_mask: 1 1 1 1 1 1 1 1 1 1 1 1 1 1 1 1 1 1 1 1 1 1 1 1 1 1 1 1 1 1 1 1 1 1 1 1 1 1 1 1 1 1 1 1 1 1 1 1 1 1 1 1 1 1 1 1 1 1 1 1 1 1 1 1 1 1 1 1 1 1 1 1 1 1 1 1 1 1 1 1 1 1 1 1 1 1 1 1 1 1 1 1 1 1 1 1 1 1 1 1 1 1 1 1 1 1 1 1 1 1 1 1 1 1 1 1 1 1 1 1 1 1 1 1 1 1 1 1
INFO:tensorflow:segment_ids: 0 0 0 0 0 0 0 0 0 0 0 0 0 0 0 0 0 0 0 0 0 0 0 0 0 0 0 0 0 0 0 0 0 0 0 0 0 1 1 1 1 1 1 1 1 1 1 1 1 1 1 1 1 1 1 1 1 1 1 1 1 1 1 1 1 1 1 1 1 1 1 1 1 1 1 1 1 1 1 1 1 1 1 1 1 1 1 1 1 1 1 1 1 1 1 1 1 1 1 1 1 1 1 1 1 1 1 1 1 1 1 1 1 1 1 1 1 1 1 1 1 1 1 1 1 1 1 1
I1024 04:07:39.861997 47423801750592 create_pretraining_data.py:161] segment_ids: 0 0 0 0 0 0 0 0 0 0 0 0 0 0 0 0 0 0 0 0 0 0 0 0 0 0 0 0 0 0 0 0 0 0 0 0 0 1 1 1 1 1 1 1 1 1 1 1 1 1 1 1 1 1 1 1 1 1 1 1 1 1 1 1 1 1 1 1 1 1 1 1 1 1 1 1 1 1 1 1 1 1 1 1 1 1 1 1 1 1 1 1 1 1 1 1 1 1 1 1 1 1 1 1 1 1 1 1 1 1 1 1 1 1 1 1 1 1 1 1 1 1 1 1 1 1 1 1
INFO:tensorflow:masked_lm_positions: 5 6 7 29 30 35 39 43 63 64 82 83 84 85 87 92 93 104 109 0
I1024 04:07:39.862092 47423801750592 create_pretraining_data.py:161] masked_lm_positions: 5 6 7 29 30 35 39 43 63 64 82 83 84 85 87 92 93 104 109 0
INFO:tensorflow:masked_lm_ids: 9515 2227 1940 4646 1987 18 17 17 387 1010 48 11409 1088 1116 96 227 66 14 15 0
I1024 04:07:39.862185 47423801750592 create_pretraining_data.py:161] masked_lm_ids: 9515 2227 1940 4646 1987 18 17 17 387 1010 48 11409 1088 1116 96 227 66 14 15 0
INFO:tensorflow:masked_lm_weights: 1.0 1.0 1.0 1.0 1.0 1.0 1.0 1.0 1.0 1.0 1.0 1.0 1.0 1.0 1.0 1.0 1.0 1.0 1.0 0.0
I1024 04:07:39.862278 47423801750592 create_pretraining_data.py:161] masked_lm_weights: 1.0 1.0 1.0 1.0 1.0 1.0 1.0 1.0 1.0 1.0 1.0 1.0 1.0 1.0 1.0 1.0 1.0 1.0 1.0 0.0
INFO:tensorflow:next_sentence_labels: 1
I1024 04:07:39.862362 47423801750592 create_pretraining_data.py:161] next_sentence_labels: 1
INFO:tensorflow:*** Example ***
I1024 04:07:39.863065 47423801750592 create_pretraining_data.py:149] *** Example ***
INFO:tensorflow:tokens: [CLS] شؤون مصر الداخلية إنت ##خابات الرئاسة توعية جماهيري ##ة شرف ##اء هذا الوطن شؤون عربية ودولية ثورات [MASK] فلسطين أرض الرباط المفس ##دون فى الأرض قضايا وح ##وادث مال الحزن تاريخ مصر والعالم تاريخ مصر تاريخ [MASK] الحديث العدوان [MASK] [MASK] وحر ##ب 1956 الملكية ثورة الأهرام 195 ##2 الجمهورية [MASK] المتحدة نك ##سة يونيو 1967 [MASK] الإست ##نز ##اف 1956 - 1970 [MASK] اكتوبر 1973 إت ##فاقية كامب ديفيد حرب [MASK] شهود على العصر المخابرات والتج ##سس [MASK] [MASK] [MASK] [MASK] [MASK] الصوتية والأف ##لام تاريخ مصر الحديث تاريخ مصر القديم تاريخ العالم المنتدى العام موضوعات [MASK] . [SEP] منوعات مواضيع شخصية مناقشات [MASK] [MASK] جادة منق ##وووووووو ##وووو ##لات S ##oc ##ial M ##edia Facebook Twitter YouTube إعلام وثقافة وفنون [MASK] . . . [SEP]
I1024 04:07:39.863244 47423801750592 create_pretraining_data.py:151] tokens: [CLS] شؤون مصر الداخلية إنت ##خابات الرئاسة توعية جماهيري ##ة شرف ##اء هذا الوطن شؤون عربية ودولية ثورات [MASK] فلسطين أرض الرباط المفس ##دون فى الأرض قضايا وح ##وادث مال الحزن تاريخ مصر والعالم تاريخ مصر تاريخ [MASK] الحديث العدوان [MASK] [MASK] وحر ##ب 1956 الملكية ثورة الأهرام 195 ##2 الجمهورية [MASK] المتحدة نك ##سة يونيو 1967 [MASK] الإست ##نز ##اف 1956 - 1970 [MASK] اكتوبر 1973 إت ##فاقية كامب ديفيد حرب [MASK] شهود على العصر المخابرات والتج ##سس [MASK] [MASK] [MASK] [MASK] [MASK] الصوتية والأف ##لام تاريخ مصر الحديث تاريخ مصر القديم تاريخ العالم المنتدى العام موضوعات [MASK] . [SEP] منوعات مواضيع شخصية مناقشات [MASK] [MASK] جادة منق ##وووووووو ##وووو ##لات S ##oc ##ial M ##edia Facebook Twitter YouTube إعلام وثقافة وفنون [MASK] . . . [SEP]
INFO:tensorflow:input_ids: 2 6633 2559 4748 5320 3546 10428 23051 25827 1043 6431 1954 2085 2865 6633 5361 28696 29894 4 4054 5611 15242 18933 6024 2230 4158 6327 2270 6707 4133 5717 3173 2559 6912 3173 2559 3173 4 3242 8693 4 4 19790 1045 28526 9628 9264 25237 9258 1059 4844 4 2687 9675 2190 5331 18577 4 5308 8203 1982 28526 17 24419 4 11906 26531 3751 20716 26275 14833 4445 4 17248 1961 6664 12834 7752 5310 4 4 4 4 4 11194 15737 2025 3173 2559 3242 3173 2559 7334 3173 2337 2537 2169 15069 4 18 3 11550 4483 7268 23731 4 4 20957 16194 23165 10108 2160 55 7250 10588 49 17909 18158 20125 19001 11428 22433 28454 4 18 18 18 3
I1024 04:07:39.863404 47423801750592 create_pretraining_data.py:161] input_ids: 2 6633 2559 4748 5320 3546 10428 23051 25827 1043 6431 1954 2085 2865 6633 5361 28696 29894 4 4054 5611 15242 18933 6024 2230 4158 6327 2270 6707 4133 5717 3173 2559 6912 3173 2559 3173 4 3242 8693 4 4 19790 1045 28526 9628 9264 25237 9258 1059 4844 4 2687 9675 2190 5331 18577 4 5308 8203 1982 28526 17 24419 4 11906 26531 3751 20716 26275 14833 4445 4 17248 1961 6664 12834 7752 5310 4 4 4 4 4 11194 15737 2025 3173 2559 3242 3173 2559 7334 3173 2337 2537 2169 15069 4 18 3 11550 4483 7268 23731 4 4 20957 16194 23165 10108 2160 55 7250 10588 49 17909 18158 20125 19001 11428 22433 28454 4 18 18 18 3
INFO:tensorflow:input_mask: 1 1 1 1 1 1 1 1 1 1 1 1 1 1 1 1 1 1 1 1 1 1 1 1 1 1 1 1 1 1 1 1 1 1 1 1 1 1 1 1 1 1 1 1 1 1 1 1 1 1 1 1 1 1 1 1 1 1 1 1 1 1 1 1 1 1 1 1 1 1 1 1 1 1 1 1 1 1 1 1 1 1 1 1 1 1 1 1 1 1 1 1 1 1 1 1 1 1 1 1 1 1 1 1 1 1 1 1 1 1 1 1 1 1 1 1 1 1 1 1 1 1 1 1 1 1 1 1
I1024 04:07:39.863536 47423801750592 create_pretraining_data.py:161] input_mask: 1 1 1 1 1 1 1 1 1 1 1 1 1 1 1 1 1 1 1 1 1 1 1 1 1 1 1 1 1 1 1 1 1 1 1 1 1 1 1 1 1 1 1 1 1 1 1 1 1 1 1 1 1 1 1 1 1 1 1 1 1 1 1 1 1 1 1 1 1 1 1 1 1 1 1 1 1 1 1 1 1 1 1 1 1 1 1 1 1 1 1 1 1 1 1 1 1 1 1 1 1 1 1 1 1 1 1 1 1 1 1 1 1 1 1 1 1 1 1 1 1 1 1 1 1 1 1 1
INFO:tensorflow:segment_ids: 0 0 0 0 0 0 0 0 0 0 0 0 0 0 0 0 0 0 0 0 0 0 0 0 0 0 0 0 0 0 0 0 0 0 0 0 0 0 0 0 0 0 0 0 0 0 0 0 0 0 0 0 0 0 0 0 0 0 0 0 0 0 0 0 0 0 0 0 0 0 0 0 0 0 0 0 0 0 0 0 0 0 0 0 0 0 0 0 0 0 0 0 0 0 0 0 0 0 0 0 0 1 1 1 1 1 1 1 1 1 1 1 1 1 1 1 1 1 1 1 1 1 1 1 1 1 1 1
I1024 04:07:39.863677 47423801750592 create_pretraining_data.py:161] segment_ids: 0 0 0 0 0 0 0 0 0 0 0 0 0 0 0 0 0 0 0 0 0 0 0 0 0 0 0 0 0 0 0 0 0 0 0 0 0 0 0 0 0 0 0 0 0 0 0 0 0 0 0 0 0 0 0 0 0 0 0 0 0 0 0 0 0 0 0 0 0 0 0 0 0 0 0 0 0 0 0 0 0 0 0 0 0 0 0 0 0 0 0 0 0 0 0 0 0 0 0 0 0 1 1 1 1 1 1 1 1 1 1 1 1 1 1 1 1 1 1 1 1 1 1 1 1 1 1 1
INFO:tensorflow:masked_lm_positions: 18 30 37 40 41 47 51 57 64 72 79 80 81 82 83 98 105 106 123 0
I1024 04:07:39.863775 47423801750592 create_pretraining_data.py:161] masked_lm_positions: 18 30 37 40 41 47 51 57 64 72 79 80 81 82 83 98 105 106 123 0
INFO:tensorflow:masked_lm_ids: 5361 19021 2559 3316 1102 5457 2488 4445 5023 6221 3057 2233 5157 1043 7666 5253 2270 9870 15672 0
I1024 04:07:39.863867 47423801750592 create_pretraining_data.py:161] masked_lm_ids: 5361 19021 2559 3316 1102 5457 2488 4445 5023 6221 3057 2233 5157 1043 7666 5253 2270 9870 15672 0
INFO:tensorflow:masked_lm_weights: 1.0 1.0 1.0 1.0 1.0 1.0 1.0 1.0 1.0 1.0 1.0 1.0 1.0 1.0 1.0 1.0 1.0 1.0 1.0 0.0
I1024 04:07:39.863959 47423801750592 create_pretraining_data.py:161] masked_lm_weights: 1.0 1.0 1.0 1.0 1.0 1.0 1.0 1.0 1.0 1.0 1.0 1.0 1.0 1.0 1.0 1.0 1.0 1.0 1.0 0.0
INFO:tensorflow:next_sentence_labels: 0
I1024 04:07:39.864043 47423801750592 create_pretraining_data.py:161] next_sentence_labels: 0
INFO:tensorflow:*** Example ***
I1024 04:07:39.864735 47423801750592 create_pretraining_data.py:149] *** Example ***
INFO:tensorflow:tokens: [CLS] انتقل الى : [SEP] ##ص ، ونص ##با 79 ##13 كم ##ينا عسكريا ، جبهه [MASK] من كسر 47 ##65 عملية زح ##ف ، فيما بلغت عمليات التد ##مير التي قام ##ا بها 44 ##5 ##1 . [MASK] الحد الجنوبي للمملكة ، نفذ [MASK] اليمني واللجان ، طبقا للإ ##حص ##ائية عينها [MASK] 34 ##21 عملية عسكرية في العمق السعودي ، [MASK] [MASK] 17 ##46 موقعا عسكريا سعودي ##ا ، كذلك اقت ##حم ##ا عشرات المعسكر ##ات . وبحسب ونجاح إندونيسي عسكرية [MASK] ، حصلت [MASK] الأخبار [MASK] على نسخة منها ، تجاوز عدد قتلى الجيش السعودي خلال الفترة عينها 13 ##97 ##1 قتيلا ، بينما بلغ عدد [MASK] [MASK] « أبر ##ام ##ز » التي دمر ##ت [MASK] [MASK] [MASK] [MASK] ، وعدد المدر ##عات [SEP]
I1024 04:07:39.864905 47423801750592 create_pretraining_data.py:151] tokens: [CLS] انتقل الى : [SEP] ##ص ، ونص ##با 79 ##13 كم ##ينا عسكريا ، جبهه [MASK] من كسر 47 ##65 عملية زح ##ف ، فيما بلغت عمليات التد ##مير التي قام ##ا بها 44 ##5 ##1 . [MASK] الحد الجنوبي للمملكة ، نفذ [MASK] اليمني واللجان ، طبقا للإ ##حص ##ائية عينها [MASK] 34 ##21 عملية عسكرية في العمق السعودي ، [MASK] [MASK] 17 ##46 موقعا عسكريا سعودي ##ا ، كذلك اقت ##حم ##ا عشرات المعسكر ##ات . وبحسب ونجاح إندونيسي عسكرية [MASK] ، حصلت [MASK] الأخبار [MASK] على نسخة منها ، تجاوز عدد قتلى الجيش السعودي خلال الفترة عينها 13 ##97 ##1 قتيلا ، بينما بلغ عدد [MASK] [MASK] « أبر ##ام ##ز » التي دمر ##ت [MASK] [MASK] [MASK] [MASK] ، وعدد المدر ##عات [SEP]
INFO:tensorflow:input_ids: 2 4481 2186 30 3 1031 378 11350 2013 17087 7981 2995 2411 19460 378 17911 4 1908 9128 6768 6409 2532 23244 1037 378 3200 6922 3998 3454 6099 2061 3347 1007 2459 7695 1030 1029 18 4 3259 5922 24186 378 9957 4 6460 24690 378 15650 3822 4807 2975 26102 4 7028 9113 2532 8783 1912 26940 3428 378 4 4 3519 13994 29920 19460 5999 1007 378 4533 3973 1998 1007 8346 20766 1904 18 13608 29579 27839 8783 4 378 9241 4 4919 4 1961 8258 2813 378 6443 2548 20565 3375 3428 2317 5059 26102 3243 25038 1029 17849 378 4526 3854 2548 4 4 107 11024 1921 1008 114 2061 21026 1005 4 4 4 4 378 7037 5028 3024 3
I1024 04:07:39.865059 47423801750592 create_pretraining_data.py:161] input_ids: 2 4481 2186 30 3 1031 378 11350 2013 17087 7981 2995 2411 19460 378 17911 4 1908 9128 6768 6409 2532 23244 1037 378 3200 6922 3998 3454 6099 2061 3347 1007 2459 7695 1030 1029 18 4 3259 5922 24186 378 9957 4 6460 24690 378 15650 3822 4807 2975 26102 4 7028 9113 2532 8783 1912 26940 3428 378 4 4 3519 13994 29920 19460 5999 1007 378 4533 3973 1998 1007 8346 20766 1904 18 13608 29579 27839 8783 4 378 9241 4 4919 4 1961 8258 2813 378 6443 2548 20565 3375 3428 2317 5059 26102 3243 25038 1029 17849 378 4526 3854 2548 4 4 107 11024 1921 1008 114 2061 21026 1005 4 4 4 4 378 7037 5028 3024 3
INFO:tensorflow:input_mask: 1 1 1 1 1 1 1 1 1 1 1 1 1 1 1 1 1 1 1 1 1 1 1 1 1 1 1 1 1 1 1 1 1 1 1 1 1 1 1 1 1 1 1 1 1 1 1 1 1 1 1 1 1 1 1 1 1 1 1 1 1 1 1 1 1 1 1 1 1 1 1 1 1 1 1 1 1 1 1 1 1 1 1 1 1 1 1 1 1 1 1 1 1 1 1 1 1 1 1 1 1 1 1 1 1 1 1 1 1 1 1 1 1 1 1 1 1 1 1 1 1 1 1 1 1 1 1 1
I1024 04:07:39.865203 47423801750592 create_pretraining_data.py:161] input_mask: 1 1 1 1 1 1 1 1 1 1 1 1 1 1 1 1 1 1 1 1 1 1 1 1 1 1 1 1 1 1 1 1 1 1 1 1 1 1 1 1 1 1 1 1 1 1 1 1 1 1 1 1 1 1 1 1 1 1 1 1 1 1 1 1 1 1 1 1 1 1 1 1 1 1 1 1 1 1 1 1 1 1 1 1 1 1 1 1 1 1 1 1 1 1 1 1 1 1 1 1 1 1 1 1 1 1 1 1 1 1 1 1 1 1 1 1 1 1 1 1 1 1 1 1 1 1 1 1
INFO:tensorflow:segment_ids: 0 0 0 0 0 1 1 1 1 1 1 1 1 1 1 1 1 1 1 1 1 1 1 1 1 1 1 1 1 1 1 1 1 1 1 1 1 1 1 1 1 1 1 1 1 1 1 1 1 1 1 1 1 1 1 1 1 1 1 1 1 1 1 1 1 1 1 1 1 1 1 1 1 1 1 1 1 1 1 1 1 1 1 1 1 1 1 1 1 1 1 1 1 1 1 1 1 1 1 1 1 1 1 1 1 1 1 1 1 1 1 1 1 1 1 1 1 1 1 1 1 1 1 1 1 1 1 1
I1024 04:07:39.865331 47423801750592 create_pretraining_data.py:161] segment_ids: 0 0 0 0 0 1 1 1 1 1 1 1 1 1 1 1 1 1 1 1 1 1 1 1 1 1 1 1 1 1 1 1 1 1 1 1 1 1 1 1 1 1 1 1 1 1 1 1 1 1 1 1 1 1 1 1 1 1 1 1 1 1 1 1 1 1 1 1 1 1 1 1 1 1 1 1 1 1 1 1 1 1 1 1 1 1 1 1 1 1 1 1 1 1 1 1 1 1 1 1 1 1 1 1 1 1 1 1 1 1 1 1 1 1 1 1 1 1 1 1 1 1 1 1 1 1 1 1
INFO:tensorflow:masked_lm_positions: 15 16 38 44 53 62 63 80 81 83 84 86 88 109 110 119 120 121 122 0
I1024 04:07:39.865425 47423801750592 create_pretraining_data.py:161] masked_lm_positions: 15 16 38 44 53 62 63 80 81 83 84 86 88 109 110 119 120 121 122 0
INFO:tensorflow:masked_lm_ids: 26620 1007 2427 3375 378 13599 1925 19035 2975 3286 378 107 114 11471 2669 22803 1077 11471 2595 0
I1024 04:07:39.865517 47423801750592 create_pretraining_data.py:161] masked_lm_ids: 26620 1007 2427 3375 378 13599 1925 19035 2975 3286 378 107 114 11471 2669 22803 1077 11471 2595 0
INFO:tensorflow:masked_lm_weights: 1.0 1.0 1.0 1.0 1.0 1.0 1.0 1.0 1.0 1.0 1.0 1.0 1.0 1.0 1.0 1.0 1.0 1.0 1.0 0.0
I1024 04:07:39.865623 47423801750592 create_pretraining_data.py:161] masked_lm_weights: 1.0 1.0 1.0 1.0 1.0 1.0 1.0 1.0 1.0 1.0 1.0 1.0 1.0 1.0 1.0 1.0 1.0 1.0 1.0 0.0
INFO:tensorflow:next_sentence_labels: 1
I1024 04:07:39.865711 47423801750592 create_pretraining_data.py:161] next_sentence_labels: 1
INFO:tensorflow:*** Example ***
I1024 04:07:39.866364 47423801750592 create_pretraining_data.py:149] *** Example ***
INFO:tensorflow:tokens: [CLS] ] [SEP] - انتخاب نم ##ا ##ی ##ی ##د - [MASK] عدد 2 الفيلسوف 3 عدد 4 عدد 5 عدد [MASK] عدد 7 أردوغان 8 عدد 9 عدد 10 عدد [MASK] عدد 12 عدد 13 عدد 14 [MASK] 15 عدد [MASK] عدد 24 عدد 32 عدد [SEP]
I1024 04:07:39.866495 47423801750592 create_pretraining_data.py:151] tokens: [CLS] ] [SEP] - انتخاب نم ##ا ##ی ##ی ##د - [MASK] عدد 2 الفيلسوف 3 عدد 4 عدد 5 عدد [MASK] عدد 7 أردوغان 8 عدد 9 عدد 10 عدد [MASK] عدد 12 عدد 13 عدد 14 [MASK] 15 عدد [MASK] عدد 24 عدد 32 عدد [SEP]
INFO:tensorflow:input_ids: 2 65 3 17 14010 5055 1007 1120 1120 1016 17 4 2548 22 27509 23 2548 24 2548 25 2548 4 2548 27 15176 28 2548 29 2548 2667 2548 4 2548 2919 2548 3243 2548 2951 4 2986 2548 4 2548 3789 2548 6288 2548 3 0 0 0 0 0 0 0 0 0 0 0 0 0 0 0 0 0 0 0 0 0 0 0 0 0 0 0 0 0 0 0 0 0 0 0 0 0 0 0 0 0 0 0 0 0 0 0 0 0 0 0 0 0 0 0 0 0 0 0 0 0 0 0 0 0 0 0 0 0 0 0 0 0 0 0 0 0 0 0 0
I1024 04:07:39.866654 47423801750592 create_pretraining_data.py:161] input_ids: 2 65 3 17 14010 5055 1007 1120 1120 1016 17 4 2548 22 27509 23 2548 24 2548 25 2548 4 2548 27 15176 28 2548 29 2548 2667 2548 4 2548 2919 2548 3243 2548 2951 4 2986 2548 4 2548 3789 2548 6288 2548 3 0 0 0 0 0 0 0 0 0 0 0 0 0 0 0 0 0 0 0 0 0 0 0 0 0 0 0 0 0 0 0 0 0 0 0 0 0 0 0 0 0 0 0 0 0 0 0 0 0 0 0 0 0 0 0 0 0 0 0 0 0 0 0 0 0 0 0 0 0 0 0 0 0 0 0 0 0 0 0 0
INFO:tensorflow:input_mask: 1 1 1 1 1 1 1 1 1 1 1 1 1 1 1 1 1 1 1 1 1 1 1 1 1 1 1 1 1 1 1 1 1 1 1 1 1 1 1 1 1 1 1 1 1 1 1 1 0 0 0 0 0 0 0 0 0 0 0 0 0 0 0 0 0 0 0 0 0 0 0 0 0 0 0 0 0 0 0 0 0 0 0 0 0 0 0 0 0 0 0 0 0 0 0 0 0 0 0 0 0 0 0 0 0 0 0 0 0 0 0 0 0 0 0 0 0 0 0 0 0 0 0 0 0 0 0 0
I1024 04:07:39.866786 47423801750592 create_pretraining_data.py:161] input_mask: 1 1 1 1 1 1 1 1 1 1 1 1 1 1 1 1 1 1 1 1 1 1 1 1 1 1 1 1 1 1 1 1 1 1 1 1 1 1 1 1 1 1 1 1 1 1 1 1 0 0 0 0 0 0 0 0 0 0 0 0 0 0 0 0 0 0 0 0 0 0 0 0 0 0 0 0 0 0 0 0 0 0 0 0 0 0 0 0 0 0 0 0 0 0 0 0 0 0 0 0 0 0 0 0 0 0 0 0 0 0 0 0 0 0 0 0 0 0 0 0 0 0 0 0 0 0 0 0
INFO:tensorflow:segment_ids: 0 0 0 1 1 1 1 1 1 1 1 1 1 1 1 1 1 1 1 1 1 1 1 1 1 1 1 1 1 1 1 1 1 1 1 1 1 1 1 1 1 1 1 1 1 1 1 1 0 0 0 0 0 0 0 0 0 0 0 0 0 0 0 0 0 0 0 0 0 0 0 0 0 0 0 0 0 0 0 0 0 0 0 0 0 0 0 0 0 0 0 0 0 0 0 0 0 0 0 0 0 0 0 0 0 0 0 0 0 0 0 0 0 0 0 0 0 0 0 0 0 0 0 0 0 0 0 0
I1024 04:07:39.866911 47423801750592 create_pretraining_data.py:161] segment_ids: 0 0 0 1 1 1 1 1 1 1 1 1 1 1 1 1 1 1 1 1 1 1 1 1 1 1 1 1 1 1 1 1 1 1 1 1 1 1 1 1 1 1 1 1 1 1 1 1 0 0 0 0 0 0 0 0 0 0 0 0 0 0 0 0 0 0 0 0 0 0 0 0 0 0 0 0 0 0 0 0 0 0 0 0 0 0 0 0 0 0 0 0 0 0 0 0 0 0 0 0 0 0 0 0 0 0 0 0 0 0 0 0 0 0 0 0 0 0 0 0 0 0 0 0 0 0 0 0
INFO:tensorflow:masked_lm_positions: 11 14 21 24 31 38 41 0 0 0 0 0 0 0 0 0 0 0 0 0
I1024 04:07:39.867005 47423801750592 create_pretraining_data.py:161] masked_lm_positions: 11 14 21 24 31 38 41 0 0 0 0 0 0 0 0 0 0 0 0 0
INFO:tensorflow:masked_lm_ids: 21 2548 26 2548 2780 2548 3367 0 0 0 0 0 0 0 0 0 0 0 0 0
I1024 04:07:39.867096 47423801750592 create_pretraining_data.py:161] masked_lm_ids: 21 2548 26 2548 2780 2548 3367 0 0 0 0 0 0 0 0 0 0 0 0 0
INFO:tensorflow:masked_lm_weights: 1.0 1.0 1.0 1.0 1.0 1.0 1.0 0.0 0.0 0.0 0.0 0.0 0.0 0.0 0.0 0.0 0.0 0.0 0.0 0.0
I1024 04:07:39.867188 47423801750592 create_pretraining_data.py:161] masked_lm_weights: 1.0 1.0 1.0 1.0 1.0 1.0 1.0 0.0 0.0 0.0 0.0 0.0 0.0 0.0 0.0 0.0 0.0 0.0 0.0 0.0
INFO:tensorflow:next_sentence_labels: 1
I1024 04:07:39.867272 47423801750592 create_pretraining_data.py:161] next_sentence_labels: 1
INFO:tensorflow:*** Example ***
I1024 04:07:39.867949 47423801750592 create_pretraining_data.py:149] *** Example ***
INFO:tensorflow:tokens: [CLS] أما فيما يتعلق بالض ##مان ##ات فإن البنك يدرك أن الضمانات هي [MASK] المشاكل الرئيسة التي تواجه المنشآت [MASK] والنا ##شئ ##ة ويس ##عى [MASK] إلى أن تكون الجد ##وى الاقتصادية ودر ##اس ##ة التد ##فق ##ات [MASK] لهذه المنشآت جزء رئيس من الضمانات . [SEP] * * لا أعتقد أن يكون [MASK] تعارض ، بل إن لكل صندوق [MASK] مؤسسة تمويل ##ية أهداف يسعى إلى تحقيقها وهي أهداف تك ##امل ##ية [MASK] في مصلحة المواطنين دراسة [SEP]
I1024 04:07:39.868098 47423801750592 create_pretraining_data.py:151] tokens: [CLS] أما فيما يتعلق بالض ##مان ##ات فإن البنك يدرك أن الضمانات هي [MASK] المشاكل الرئيسة التي تواجه المنشآت [MASK] والنا ##شئ ##ة ويس ##عى [MASK] إلى أن تكون الجد ##وى الاقتصادية ودر ##اس ##ة التد ##فق ##ات [MASK] لهذه المنشآت جزء رئيس من الضمانات . [SEP] * * لا أعتقد أن يكون [MASK] تعارض ، بل إن لكل صندوق [MASK] مؤسسة تمويل ##ية أهداف يسعى إلى تحقيقها وهي أهداف تك ##امل ##ية [MASK] في مصلحة المواطنين دراسة [SEP]
INFO:tensorflow:input_ids: 2 3444 3200 5328 5884 2480 1904 3027 5949 10282 1979 23586 2247 4 6996 24363 2061 8106 10951 4 11377 29942 1043 4274 3675 4 2045 1979 2652 6399 2254 5139 16051 2233 1043 3454 2817 1904 4 5087 10951 4787 2426 1908 23586 18 3 14 14 1963 15127 1979 2461 4 27426 378 2683 2259 3164 7967 4 5417 9028 1910 7433 11839 2045 27798 2843 7433 2654 2482 1910 4 1912 8835 5335 6604 3 0 0 0 0 0 0 0 0 0 0 0 0 0 0 0 0 0 0 0 0 0 0 0 0 0 0 0 0 0 0 0 0 0 0 0 0 0 0 0 0 0 0 0 0 0 0 0 0 0
I1024 04:07:39.868261 47423801750592 create_pretraining_data.py:161] input_ids: 2 3444 3200 5328 5884 2480 1904 3027 5949 10282 1979 23586 2247 4 6996 24363 2061 8106 10951 4 11377 29942 1043 4274 3675 4 2045 1979 2652 6399 2254 5139 16051 2233 1043 3454 2817 1904 4 5087 10951 4787 2426 1908 23586 18 3 14 14 1963 15127 1979 2461 4 27426 378 2683 2259 3164 7967 4 5417 9028 1910 7433 11839 2045 27798 2843 7433 2654 2482 1910 4 1912 8835 5335 6604 3 0 0 0 0 0 0 0 0 0 0 0 0 0 0 0 0 0 0 0 0 0 0 0 0 0 0 0 0 0 0 0 0 0 0 0 0 0 0 0 0 0 0 0 0 0 0 0 0 0
INFO:tensorflow:input_mask: 1 1 1 1 1 1 1 1 1 1 1 1 1 1 1 1 1 1 1 1 1 1 1 1 1 1 1 1 1 1 1 1 1 1 1 1 1 1 1 1 1 1 1 1 1 1 1 1 1 1 1 1 1 1 1 1 1 1 1 1 1 1 1 1 1 1 1 1 1 1 1 1 1 1 1 1 1 1 1 0 0 0 0 0 0 0 0 0 0 0 0 0 0 0 0 0 0 0 0 0 0 0 0 0 0 0 0 0 0 0 0 0 0 0 0 0 0 0 0 0 0 0 0 0 0 0 0 0
I1024 04:07:39.868393 47423801750592 create_pretraining_data.py:161] input_mask: 1 1 1 1 1 1 1 1 1 1 1 1 1 1 1 1 1 1 1 1 1 1 1 1 1 1 1 1 1 1 1 1 1 1 1 1 1 1 1 1 1 1 1 1 1 1 1 1 1 1 1 1 1 1 1 1 1 1 1 1 1 1 1 1 1 1 1 1 1 1 1 1 1 1 1 1 1 1 1 0 0 0 0 0 0 0 0 0 0 0 0 0 0 0 0 0 0 0 0 0 0 0 0 0 0 0 0 0 0 0 0 0 0 0 0 0 0 0 0 0 0 0 0 0 0 0 0 0
INFO:tensorflow:segment_ids: 0 0 0 0 0 0 0 0 0 0 0 0 0 0 0 0 0 0 0 0 0 0 0 0 0 0 0 0 0 0 0 0 0 0 0 0 0 0 0 0 0 0 0 0 0 0 0 1 1 1 1 1 1 1 1 1 1 1 1 1 1 1 1 1 1 1 1 1 1 1 1 1 1 1 1 1 1 1 1 0 0 0 0 0 0 0 0 0 0 0 0 0 0 0 0 0 0 0 0 0 0 0 0 0 0 0 0 0 0 0 0 0 0 0 0 0 0 0 0 0 0 0 0 0 0 0 0 0
I1024 04:07:39.868519 47423801750592 create_pretraining_data.py:161] segment_ids: 0 0 0 0 0 0 0 0 0 0 0 0 0 0 0 0 0 0 0 0 0 0 0 0 0 0 0 0 0 0 0 0 0 0 0 0 0 0 0 0 0 0 0 0 0 0 0 1 1 1 1 1 1 1 1 1 1 1 1 1 1 1 1 1 1 1 1 1 1 1 1 1 1 1 1 1 1 1 1 0 0 0 0 0 0 0 0 0 0 0 0 0 0 0 0 0 0 0 0 0 0 0 0 0 0 0 0 0 0 0 0 0 0 0 0 0 0 0 0 0 0 0 0 0 0 0 0 0
INFO:tensorflow:masked_lm_positions: 8 13 19 25 38 53 60 70 71 72 73 77 0 0 0 0 0 0 0 0
I1024 04:07:39.868618 47423801750592 create_pretraining_data.py:161] masked_lm_positions: 8 13 19 25 38 53 60 70 71 72 73 77 0 0 0 0 0 0 0 0
INFO:tensorflow:masked_lm_ids: 5949 6448 7727 5949 19085 2671 2075 2654 2482 1910 22827 18 0 0 0 0 0 0 0 0
I1024 04:07:39.868710 47423801750592 create_pretraining_data.py:161] masked_lm_ids: 5949 6448 7727 5949 19085 2671 2075 2654 2482 1910 22827 18 0 0 0 0 0 0 0 0
INFO:tensorflow:masked_lm_weights: 1.0 1.0 1.0 1.0 1.0 1.0 1.0 1.0 1.0 1.0 1.0 1.0 0.0 0.0 0.0 0.0 0.0 0.0 0.0 0.0
I1024 04:07:39.868803 47423801750592 create_pretraining_data.py:161] masked_lm_weights: 1.0 1.0 1.0 1.0 1.0 1.0 1.0 1.0 1.0 1.0 1.0 1.0 0.0 0.0 0.0 0.0 0.0 0.0 0.0 0.0
INFO:tensorflow:next_sentence_labels: 0
I1024 04:07:39.868887 47423801750592 create_pretraining_data.py:161] next_sentence_labels: 0
INFO:tensorflow:*** Example ***
I1024 04:07:39.869570 47423801750592 create_pretraining_data.py:149] *** Example ***
INFO:tensorflow:tokens: [CLS] [MASK] الاشتراك ، فإنك تقبل سياسة الخصوصية [MASK] ستح ##صل على خصم 10 ٪ بعد الاشتراك ، ويمكنك [MASK] الاشتراك في أي وقت . نحن نقوم بالاست ##خدام ملفات تعريف الارتباط لجعل تجرب ##تك في تصفح [MASK] أفضل . ان استمرار [MASK] في تصفح هذا الموقع ، فأن ##نا نفت ##رض أنك توافق على استخدام ##نا لم ##لفات تعريف الارتباط وسي ##اس ##ة ملفات [SEP] من اجل جعل [MASK] الموقع يعمل بشكل جيد ، فأن ##نا [MASK] [MASK] الاحيان نضع ملفات بيانات [MASK] تسمى [MASK] تعريف الارتباط على [MASK] . اغلب المواقع الكبيرة والمش ##هور ##ة [MASK] بعمل هذا أيضا ملف تعريف الارتباط هو عبارة [MASK] ملف نصي [MASK] يقوم الموقع بحفظ ##ه على جهاز الكمبيوتر أو الجهاز المحمول الخاص [MASK] عند قيامك وترجع للموقع . [SEP]
I1024 04:07:39.869738 47423801750592 create_pretraining_data.py:151] tokens: [CLS] [MASK] الاشتراك ، فإنك تقبل سياسة الخصوصية [MASK] ستح ##صل على خصم 10 ٪ بعد الاشتراك ، ويمكنك [MASK] الاشتراك في أي وقت . نحن نقوم بالاست ##خدام ملفات تعريف الارتباط لجعل تجرب ##تك في تصفح [MASK] أفضل . ان استمرار [MASK] في تصفح هذا الموقع ، فأن ##نا نفت ##رض أنك توافق على استخدام ##نا لم ##لفات تعريف الارتباط وسي ##اس ##ة ملفات [SEP] من اجل جعل [MASK] الموقع يعمل بشكل جيد ، فأن ##نا [MASK] [MASK] الاحيان نضع ملفات بيانات [MASK] تسمى [MASK] تعريف الارتباط على [MASK] . اغلب المواقع الكبيرة والمش ##هور ##ة [MASK] بعمل هذا أيضا ملف تعريف الارتباط هو عبارة [MASK] ملف نصي [MASK] يقوم الموقع بحفظ ##ه على جهاز الكمبيوتر أو الجهاز المحمول الخاص [MASK] عند قيامك وترجع للموقع . [SEP]
INFO:tensorflow:input_ids: 2 4 5147 378 18225 8035 6419 10550 4 14399 2107 1961 11176 2667 430 2089 5147 378 18916 4 5147 1912 2235 2758 18 3252 9322 8116 2962 4094 5857 7881 24277 12649 2348 1912 15093 4 3815 18 1939 7021 4 1912 15093 2085 3221 378 13078 1914 12505 2080 5942 10520 1961 3653 1914 2043 3354 5857 7881 3713 2233 1043 4094 3 1908 4434 4835 4 3221 4471 2969 6842 378 13078 1914 4 4 16723 20492 4094 5995 4 15867 4 5857 7881 1961 4 18 10117 4268 7501 6003 4560 1043 4 9982 2085 3112 5556 5857 7881 2139 7627 4 5556 8052 4 4070 3221 14859 1028 1961 5480 3896 2075 6053 12467 3342 4 2192 19012 27057 16003 18 3
I1024 04:07:39.869906 47423801750592 create_pretraining_data.py:161] input_ids: 2 4 5147 378 18225 8035 6419 10550 4 14399 2107 1961 11176 2667 430 2089 5147 378 18916 4 5147 1912 2235 2758 18 3252 9322 8116 2962 4094 5857 7881 24277 12649 2348 1912 15093 4 3815 18 1939 7021 4 1912 15093 2085 3221 378 13078 1914 12505 2080 5942 10520 1961 3653 1914 2043 3354 5857 7881 3713 2233 1043 4094 3 1908 4434 4835 4 3221 4471 2969 6842 378 13078 1914 4 4 16723 20492 4094 5995 4 15867 4 5857 7881 1961 4 18 10117 4268 7501 6003 4560 1043 4 9982 2085 3112 5556 5857 7881 2139 7627 4 5556 8052 4 4070 3221 14859 1028 1961 5480 3896 2075 6053 12467 3342 4 2192 19012 27057 16003 18 3
INFO:tensorflow:input_mask: 1 1 1 1 1 1 1 1 1 1 1 1 1 1 1 1 1 1 1 1 1 1 1 1 1 1 1 1 1 1 1 1 1 1 1 1 1 1 1 1 1 1 1 1 1 1 1 1 1 1 1 1 1 1 1 1 1 1 1 1 1 1 1 1 1 1 1 1 1 1 1 1 1 1 1 1 1 1 1 1 1 1 1 1 1 1 1 1 1 1 1 1 1 1 1 1 1 1 1 1 1 1 1 1 1 1 1 1 1 1 1 1 1 1 1 1 1 1 1 1 1 1 1 1 1 1 1 1
I1024 04:07:39.870037 47423801750592 create_pretraining_data.py:161] input_mask: 1 1 1 1 1 1 1 1 1 1 1 1 1 1 1 1 1 1 1 1 1 1 1 1 1 1 1 1 1 1 1 1 1 1 1 1 1 1 1 1 1 1 1 1 1 1 1 1 1 1 1 1 1 1 1 1 1 1 1 1 1 1 1 1 1 1 1 1 1 1 1 1 1 1 1 1 1 1 1 1 1 1 1 1 1 1 1 1 1 1 1 1 1 1 1 1 1 1 1 1 1 1 1 1 1 1 1 1 1 1 1 1 1 1 1 1 1 1 1 1 1 1 1 1 1 1 1 1
INFO:tensorflow:segment_ids: 0 0 0 0 0 0 0 0 0 0 0 0 0 0 0 0 0 0 0 0 0 0 0 0 0 0 0 0 0 0 0 0 0 0 0 0 0 0 0 0 0 0 0 0 0 0 0 0 0 0 0 0 0 0 0 0 0 0 0 0 0 0 0 0 0 0 1 1 1 1 1 1 1 1 1 1 1 1 1 1 1 1 1 1 1 1 1 1 1 1 1 1 1 1 1 1 1 1 1 1 1 1 1 1 1 1 1 1 1 1 1 1 1 1 1 1 1 1 1 1 1 1 1 1 1 1 1 1
I1024 04:07:39.870160 47423801750592 create_pretraining_data.py:161] segment_ids: 0 0 0 0 0 0 0 0 0 0 0 0 0 0 0 0 0 0 0 0 0 0 0 0 0 0 0 0 0 0 0 0 0 0 0 0 0 0 0 0 0 0 0 0 0 0 0 0 0 0 0 0 0 0 0 0 0 0 0 0 0 0 0 0 0 0 1 1 1 1 1 1 1 1 1 1 1 1 1 1 1 1 1 1 1 1 1 1 1 1 1 1 1 1 1 1 1 1 1 1 1 1 1 1 1 1 1 1 1 1 1 1 1 1 1 1 1 1 1 1 1 1 1 1 1 1 1 1
INFO:tensorflow:masked_lm_positions: 1 8 15 19 37 41 42 69 77 78 83 85 89 97 106 109 114 121 124 0
I1024 04:07:39.870265 47423801750592 create_pretraining_data.py:161] masked_lm_positions: 1 8 15 19 37 41 42 69 77 78 83 85 89 97 106 109 114 121 124 0
INFO:tensorflow:masked_lm_ids: 2317 18 2089 11683 5811 7021 1014 2085 1912 2346 6959 4094 16392 3952 1955 5115 1961 2395 8931 0
I1024 04:07:39.870357 47423801750592 create_pretraining_data.py:161] masked_lm_ids: 2317 18 2089 11683 5811 7021 1014 2085 1912 2346 6959 4094 16392 3952 1955 5115 1961 2395 8931 0
INFO:tensorflow:masked_lm_weights: 1.0 1.0 1.0 1.0 1.0 1.0 1.0 1.0 1.0 1.0 1.0 1.0 1.0 1.0 1.0 1.0 1.0 1.0 1.0 0.0
I1024 04:07:39.870450 47423801750592 create_pretraining_data.py:161] masked_lm_weights: 1.0 1.0 1.0 1.0 1.0 1.0 1.0 1.0 1.0 1.0 1.0 1.0 1.0 1.0 1.0 1.0 1.0 1.0 1.0 0.0
INFO:tensorflow:next_sentence_labels: 0
I1024 04:07:39.870534 47423801750592 create_pretraining_data.py:161] next_sentence_labels: 0
INFO:tensorflow:Wrote 6369931 total instances
I1024 04:50:03.281029 47423801750592 create_pretraining_data.py:166] Wrote 6369931 total instances
