Loading module 'all'
WARNING:tensorflow:From ../bert/create_pretraining_data.py:469: The name tf.app.run is deprecated. Please use tf.compat.v1.app.run instead.

WARNING:tensorflow:From ../bert/create_pretraining_data.py:437: The name tf.logging.set_verbosity is deprecated. Please use tf.compat.v1.logging.set_verbosity instead.

W1023 19:39:05.274638 47835828950080 module_wrapper.py:139] From ../bert/create_pretraining_data.py:437: The name tf.logging.set_verbosity is deprecated. Please use tf.compat.v1.logging.set_verbosity instead.

WARNING:tensorflow:From ../bert/create_pretraining_data.py:437: The name tf.logging.INFO is deprecated. Please use tf.compat.v1.logging.INFO instead.

W1023 19:39:05.274894 47835828950080 module_wrapper.py:139] From ../bert/create_pretraining_data.py:437: The name tf.logging.INFO is deprecated. Please use tf.compat.v1.logging.INFO instead.

WARNING:tensorflow:From /scratch/gi372/camel-mlm/bert/tokenization.py:125: The name tf.gfile.GFile is deprecated. Please use tf.io.gfile.GFile instead.

W1023 19:39:05.275112 47835828950080 module_wrapper.py:139] From /scratch/gi372/camel-mlm/bert/tokenization.py:125: The name tf.gfile.GFile is deprecated. Please use tf.io.gfile.GFile instead.

WARNING:tensorflow:From ../bert/create_pretraining_data.py:444: The name tf.gfile.Glob is deprecated. Please use tf.io.gfile.glob instead.

W1023 19:39:05.398445 47835828950080 module_wrapper.py:139] From ../bert/create_pretraining_data.py:444: The name tf.gfile.Glob is deprecated. Please use tf.io.gfile.glob instead.

WARNING:tensorflow:From ../bert/create_pretraining_data.py:446: The name tf.logging.info is deprecated. Please use tf.compat.v1.logging.info instead.

W1023 19:39:05.455716 47835828950080 module_wrapper.py:139] From ../bert/create_pretraining_data.py:446: The name tf.logging.info is deprecated. Please use tf.compat.v1.logging.info instead.

INFO:tensorflow:*** Reading from input files ***
I1023 19:39:05.455955 47835828950080 create_pretraining_data.py:446] *** Reading from input files ***
INFO:tensorflow:  ../corpora/shards/MSA-abuelkhail.docs.shard.026.normalized.sents
I1023 19:39:05.456069 47835828950080 create_pretraining_data.py:448]   ../corpora/shards/MSA-abuelkhail.docs.shard.026.normalized.sents
INFO:tensorflow:*** Writing to output files ***
I1023 20:06:20.267873 47835828950080 create_pretraining_data.py:457] *** Writing to output files ***
INFO:tensorflow:  ../corpora/tf_records/MSA-abuelkhail.docs.shard.026.tf_record
I1023 20:06:20.268172 47835828950080 create_pretraining_data.py:459]   ../corpora/tf_records/MSA-abuelkhail.docs.shard.026.tf_record
WARNING:tensorflow:From ../bert/create_pretraining_data.py:101: The name tf.python_io.TFRecordWriter is deprecated. Please use tf.io.TFRecordWriter instead.

W1023 20:06:20.268975 47835828950080 module_wrapper.py:139] From ../bert/create_pretraining_data.py:101: The name tf.python_io.TFRecordWriter is deprecated. Please use tf.io.TFRecordWriter instead.

INFO:tensorflow:*** Example ***
I1023 20:06:20.270942 47835828950080 create_pretraining_data.py:149] *** Example ***
INFO:tensorflow:tokens: [CLS] [MASK] [MASK] [MASK] يت ##لفظ ##ون بكلمات تن ##م عن حقد دف ##ين ضد المرأة الناخب ##ة التي اعط ##ت صوتها بكل امان ##ة وبت ##جرد لمصلحة النواب الاسلامي ##ين . حروف مركبة لم انق ##لها بح ##ذا ##فير ##ها عبر [MASK] الصحيفة لانها تدل على انح ##دار في الفكر ، وش ##هوة عار ##مة في حب السط تصنع [MASK] [MASK] على فكر [SEP] ##ورات في رؤساء الوزارات السابقين [MASK] السياسية والجم ##اعات السياسية واصحاب الرأي السياسي . [MASK] هي الجوهر والق ##اسم المشترك ، وهي لب الامر وبيت القصيد [MASK] فلم تنص المذكر ##ة [MASK] [MASK] على مشا ##ورة رؤساء الطوائف ولا زعماء القبائل ولا [MASK] [MASK] [MASK] او عمدا ##ئها المع ##هودي ##ن ، بل نص ##ت فقط على [MASK] محام ' ' السا [SEP]
I1023 20:06:20.271159 47835828950080 create_pretraining_data.py:151] tokens: [CLS] [MASK] [MASK] [MASK] يت ##لفظ ##ون بكلمات تن ##م عن حقد دف ##ين ضد المرأة الناخب ##ة التي اعط ##ت صوتها بكل امان ##ة وبت ##جرد لمصلحة النواب الاسلامي ##ين . حروف مركبة لم انق ##لها بح ##ذا ##فير ##ها عبر [MASK] الصحيفة لانها تدل على انح ##دار في الفكر ، وش ##هوة عار ##مة في حب السط تصنع [MASK] [MASK] على فكر [SEP] ##ورات في رؤساء الوزارات السابقين [MASK] السياسية والجم ##اعات السياسية واصحاب الرأي السياسي . [MASK] هي الجوهر والق ##اسم المشترك ، وهي لب الامر وبيت القصيد [MASK] فلم تنص المذكر ##ة [MASK] [MASK] على مشا ##ورة رؤساء الطوائف ولا زعماء القبائل ولا [MASK] [MASK] [MASK] او عمدا ##ئها المع ##هودي ##ن ، بل نص ##ت فقط على [MASK] محام ' ' السا [SEP]
INFO:tensorflow:input_ids: 2 4 4 4 2097 10230 1922 19906 2245 1015 1955 20578 6154 1911 3051 3922 14440 1043 2061 7484 1005 18970 3268 10330 1043 10072 7311 17504 5690 3659 1911 18 8048 25886 2043 5722 2728 2302 1976 7646 1913 2830 4 9545 8039 14119 1961 13386 7970 1912 7818 378 2347 12178 8327 2113 1912 3151 25887 13363 4 4 1961 6762 3 3187 1912 11669 20698 19060 4 4004 29459 3323 4004 23826 6640 4254 18 4 2247 24955 3309 4891 7440 378 2843 2519 5122 27045 17987 4 5586 17711 19201 1043 4 4 1961 15442 2220 11669 22632 2086 19288 11268 2086 4 4 4 2213 29256 10614 2240 13001 1006 378 2683 2909 1005 2574 1961 4 6985 11 11 14233 3
I1023 20:06:20.271360 47835828950080 create_pretraining_data.py:161] input_ids: 2 4 4 4 2097 10230 1922 19906 2245 1015 1955 20578 6154 1911 3051 3922 14440 1043 2061 7484 1005 18970 3268 10330 1043 10072 7311 17504 5690 3659 1911 18 8048 25886 2043 5722 2728 2302 1976 7646 1913 2830 4 9545 8039 14119 1961 13386 7970 1912 7818 378 2347 12178 8327 2113 1912 3151 25887 13363 4 4 1961 6762 3 3187 1912 11669 20698 19060 4 4004 29459 3323 4004 23826 6640 4254 18 4 2247 24955 3309 4891 7440 378 2843 2519 5122 27045 17987 4 5586 17711 19201 1043 4 4 1961 15442 2220 11669 22632 2086 19288 11268 2086 4 4 4 2213 29256 10614 2240 13001 1006 378 2683 2909 1005 2574 1961 4 6985 11 11 14233 3
INFO:tensorflow:input_mask: 1 1 1 1 1 1 1 1 1 1 1 1 1 1 1 1 1 1 1 1 1 1 1 1 1 1 1 1 1 1 1 1 1 1 1 1 1 1 1 1 1 1 1 1 1 1 1 1 1 1 1 1 1 1 1 1 1 1 1 1 1 1 1 1 1 1 1 1 1 1 1 1 1 1 1 1 1 1 1 1 1 1 1 1 1 1 1 1 1 1 1 1 1 1 1 1 1 1 1 1 1 1 1 1 1 1 1 1 1 1 1 1 1 1 1 1 1 1 1 1 1 1 1 1 1 1 1 1
I1023 20:06:20.271499 47835828950080 create_pretraining_data.py:161] input_mask: 1 1 1 1 1 1 1 1 1 1 1 1 1 1 1 1 1 1 1 1 1 1 1 1 1 1 1 1 1 1 1 1 1 1 1 1 1 1 1 1 1 1 1 1 1 1 1 1 1 1 1 1 1 1 1 1 1 1 1 1 1 1 1 1 1 1 1 1 1 1 1 1 1 1 1 1 1 1 1 1 1 1 1 1 1 1 1 1 1 1 1 1 1 1 1 1 1 1 1 1 1 1 1 1 1 1 1 1 1 1 1 1 1 1 1 1 1 1 1 1 1 1 1 1 1 1 1 1
INFO:tensorflow:segment_ids: 0 0 0 0 0 0 0 0 0 0 0 0 0 0 0 0 0 0 0 0 0 0 0 0 0 0 0 0 0 0 0 0 0 0 0 0 0 0 0 0 0 0 0 0 0 0 0 0 0 0 0 0 0 0 0 0 0 0 0 0 0 0 0 0 0 1 1 1 1 1 1 1 1 1 1 1 1 1 1 1 1 1 1 1 1 1 1 1 1 1 1 1 1 1 1 1 1 1 1 1 1 1 1 1 1 1 1 1 1 1 1 1 1 1 1 1 1 1 1 1 1 1 1 1 1 1 1 1
I1023 20:06:20.271635 47835828950080 create_pretraining_data.py:161] segment_ids: 0 0 0 0 0 0 0 0 0 0 0 0 0 0 0 0 0 0 0 0 0 0 0 0 0 0 0 0 0 0 0 0 0 0 0 0 0 0 0 0 0 0 0 0 0 0 0 0 0 0 0 0 0 0 0 0 0 0 0 0 0 0 0 0 0 1 1 1 1 1 1 1 1 1 1 1 1 1 1 1 1 1 1 1 1 1 1 1 1 1 1 1 1 1 1 1 1 1 1 1 1 1 1 1 1 1 1 1 1 1 1 1 1 1 1 1 1 1 1 1 1 1 1 1 1 1 1 1
INFO:tensorflow:masked_lm_positions: 1 2 3 42 45 58 59 60 61 70 79 91 96 97 107 108 109 122 123 0
I1023 20:06:20.271732 47835828950080 create_pretraining_data.py:161] masked_lm_positions: 1 2 3 42 45 58 59 60 61 70 79 91 96 97 107 108 109 122 123 0
INFO:tensorflow:masked_lm_ids: 19163 1015 378 2159 14119 25887 2587 14393 5831 29759 6607 18 12520 1910 6952 4077 16340 15442 2220 0
I1023 20:06:20.271826 47835828950080 create_pretraining_data.py:161] masked_lm_ids: 19163 1015 378 2159 14119 25887 2587 14393 5831 29759 6607 18 12520 1910 6952 4077 16340 15442 2220 0
INFO:tensorflow:masked_lm_weights: 1.0 1.0 1.0 1.0 1.0 1.0 1.0 1.0 1.0 1.0 1.0 1.0 1.0 1.0 1.0 1.0 1.0 1.0 1.0 0.0
I1023 20:06:20.271938 47835828950080 create_pretraining_data.py:161] masked_lm_weights: 1.0 1.0 1.0 1.0 1.0 1.0 1.0 1.0 1.0 1.0 1.0 1.0 1.0 1.0 1.0 1.0 1.0 1.0 1.0 0.0
INFO:tensorflow:next_sentence_labels: 1
I1023 20:06:20.272024 47835828950080 create_pretraining_data.py:161] next_sentence_labels: 1
INFO:tensorflow:*** Example ***
I1023 20:06:20.272533 47835828950080 create_pretraining_data.py:149] *** Example ***
INFO:tensorflow:tokens: [CLS] الحية والقيم المست ##قرة في اعماق ##نا ، وس ##ور سيا ##دت ##نا وقر ##ارن ##ا الوطني وهدف ##نا الذي نسعى اليه [MASK] كل زمان ومكان ، ولت ##بق هذه الوحدة دوما عاصم ##نا فيما [MASK] ونف ##عل وار ##ادت ##نا الجامعة في تكري ##س دولة [MASK] ะ بما يتر ##جم آمال ##نا [MASK] [MASK] [MASK] الوا ##عدة ، ويزيد ##نا تمسك ##ا غيم صيدلية والقوانين والمؤسسات وتح ##صن ##ا [MASK] [MASK] القضاء نزيه [MASK] عادل ##ا مستقل ##ا ، فلا اند ##فاع [MASK] جن ##وح خارج منظومة الدولة وحد ##ود الوطن حتى لا يسود التسا ##هل والاست ##رخ ##اء فين ##فلت الزم ##ام وتست ##باح المح ##ظور ##ات [MASK] [MASK] في انفا ##ق من الصراعات والح ##سابات [SEP] سارة [MASK] عبدال ##قاد ##ر القادر ##ي [SEP]
I1023 20:06:20.272709 47835828950080 create_pretraining_data.py:151] tokens: [CLS] الحية والقيم المست ##قرة في اعماق ##نا ، وس ##ور سيا ##دت ##نا وقر ##ارن ##ا الوطني وهدف ##نا الذي نسعى اليه [MASK] كل زمان ومكان ، ولت ##بق هذه الوحدة دوما عاصم ##نا فيما [MASK] ونف ##عل وار ##ادت ##نا الجامعة في تكري ##س دولة [MASK] ะ بما يتر ##جم آمال ##نا [MASK] [MASK] [MASK] الوا ##عدة ، ويزيد ##نا تمسك ##ا غيم صيدلية والقوانين والمؤسسات وتح ##صن ##ا [MASK] [MASK] القضاء نزيه [MASK] عادل ##ا مستقل ##ا ، فلا اند ##فاع [MASK] جن ##وح خارج منظومة الدولة وحد ##ود الوطن حتى لا يسود التسا ##هل والاست ##رخ ##اء فين ##فلت الزم ##ام وتست ##باح المح ##ظور ##ات [MASK] [MASK] في انفا ##ق من الصراعات والح ##سابات [SEP] سارة [MASK] عبدال ##قاد ##ر القادر ##ي [SEP]
INFO:tensorflow:input_ids: 2 18367 29939 2338 12755 1912 19301 1914 378 2138 1936 2982 4300 1914 12964 16241 1007 3270 23859 1914 2130 21845 3055 4 2038 6285 16552 378 9784 10522 2159 7877 7956 16825 1914 3200 4 22270 2329 3565 5145 1914 4874 1912 14080 1033 3913 4 580 2908 24227 2629 22629 1914 4 4 4 2684 8727 378 20168 1914 13956 1007 16343 29965 25060 12269 3408 11494 1007 4 4 5591 24070 4 6019 1007 17306 1007 378 2828 7621 2641 4 2673 2517 3830 15047 3306 3272 1993 2865 2494 1963 28323 22186 2458 4167 14280 1954 6469 21531 12858 1921 7294 2355 2314 25615 1904 4 4 1912 15985 1011 1908 27105 2674 21544 3 16914 4 3013 6167 1017 11144 1013 3
I1023 20:06:20.272864 47835828950080 create_pretraining_data.py:161] input_ids: 2 18367 29939 2338 12755 1912 19301 1914 378 2138 1936 2982 4300 1914 12964 16241 1007 3270 23859 1914 2130 21845 3055 4 2038 6285 16552 378 9784 10522 2159 7877 7956 16825 1914 3200 4 22270 2329 3565 5145 1914 4874 1912 14080 1033 3913 4 580 2908 24227 2629 22629 1914 4 4 4 2684 8727 378 20168 1914 13956 1007 16343 29965 25060 12269 3408 11494 1007 4 4 5591 24070 4 6019 1007 17306 1007 378 2828 7621 2641 4 2673 2517 3830 15047 3306 3272 1993 2865 2494 1963 28323 22186 2458 4167 14280 1954 6469 21531 12858 1921 7294 2355 2314 25615 1904 4 4 1912 15985 1011 1908 27105 2674 21544 3 16914 4 3013 6167 1017 11144 1013 3
INFO:tensorflow:input_mask: 1 1 1 1 1 1 1 1 1 1 1 1 1 1 1 1 1 1 1 1 1 1 1 1 1 1 1 1 1 1 1 1 1 1 1 1 1 1 1 1 1 1 1 1 1 1 1 1 1 1 1 1 1 1 1 1 1 1 1 1 1 1 1 1 1 1 1 1 1 1 1 1 1 1 1 1 1 1 1 1 1 1 1 1 1 1 1 1 1 1 1 1 1 1 1 1 1 1 1 1 1 1 1 1 1 1 1 1 1 1 1 1 1 1 1 1 1 1 1 1 1 1 1 1 1 1 1 1
I1023 20:06:20.273008 47835828950080 create_pretraining_data.py:161] input_mask: 1 1 1 1 1 1 1 1 1 1 1 1 1 1 1 1 1 1 1 1 1 1 1 1 1 1 1 1 1 1 1 1 1 1 1 1 1 1 1 1 1 1 1 1 1 1 1 1 1 1 1 1 1 1 1 1 1 1 1 1 1 1 1 1 1 1 1 1 1 1 1 1 1 1 1 1 1 1 1 1 1 1 1 1 1 1 1 1 1 1 1 1 1 1 1 1 1 1 1 1 1 1 1 1 1 1 1 1 1 1 1 1 1 1 1 1 1 1 1 1 1 1 1 1 1 1 1 1
INFO:tensorflow:segment_ids: 0 0 0 0 0 0 0 0 0 0 0 0 0 0 0 0 0 0 0 0 0 0 0 0 0 0 0 0 0 0 0 0 0 0 0 0 0 0 0 0 0 0 0 0 0 0 0 0 0 0 0 0 0 0 0 0 0 0 0 0 0 0 0 0 0 0 0 0 0 0 0 0 0 0 0 0 0 0 0 0 0 0 0 0 0 0 0 0 0 0 0 0 0 0 0 0 0 0 0 0 0 0 0 0 0 0 0 0 0 0 0 0 0 0 0 0 0 0 0 0 1 1 1 1 1 1 1 1
I1023 20:06:20.273135 47835828950080 create_pretraining_data.py:161] segment_ids: 0 0 0 0 0 0 0 0 0 0 0 0 0 0 0 0 0 0 0 0 0 0 0 0 0 0 0 0 0 0 0 0 0 0 0 0 0 0 0 0 0 0 0 0 0 0 0 0 0 0 0 0 0 0 0 0 0 0 0 0 0 0 0 0 0 0 0 0 0 0 0 0 0 0 0 0 0 0 0 0 0 0 0 0 0 0 0 0 0 0 0 0 0 0 0 0 0 0 0 0 0 0 0 0 0 0 0 0 0 0 0 0 0 0 0 0 0 0 0 0 1 1 1 1 1 1 1 1
INFO:tensorflow:masked_lm_positions: 23 36 47 48 54 55 56 64 65 71 72 74 75 76 77 84 110 111 121 0
I1023 20:06:20.273228 47835828950080 create_pretraining_data.py:161] masked_lm_positions: 23 36 47 48 54 55 56 64 65 71 72 74 75 76 77 84 110 111 121 0
INFO:tensorflow:masked_lm_ids: 1912 7278 7872 1910 2806 27086 1914 3947 10525 2357 16944 24070 1007 6019 1007 2086 5090 1007 15749 0
I1023 20:06:20.273320 47835828950080 create_pretraining_data.py:161] masked_lm_ids: 1912 7278 7872 1910 2806 27086 1914 3947 10525 2357 16944 24070 1007 6019 1007 2086 5090 1007 15749 0
INFO:tensorflow:masked_lm_weights: 1.0 1.0 1.0 1.0 1.0 1.0 1.0 1.0 1.0 1.0 1.0 1.0 1.0 1.0 1.0 1.0 1.0 1.0 1.0 0.0
I1023 20:06:20.273413 47835828950080 create_pretraining_data.py:161] masked_lm_weights: 1.0 1.0 1.0 1.0 1.0 1.0 1.0 1.0 1.0 1.0 1.0 1.0 1.0 1.0 1.0 1.0 1.0 1.0 1.0 0.0
INFO:tensorflow:next_sentence_labels: 1
I1023 20:06:20.273496 47835828950080 create_pretraining_data.py:161] next_sentence_labels: 1
INFO:tensorflow:*** Example ***
I1023 20:06:20.273973 47835828950080 create_pretraining_data.py:149] *** Example ***
INFO:tensorflow:tokens: [CLS] دان ##ة [MASK] [MASK] غم ##لاس 2 . 65 هبة بدر ناصر الج ##اسر 2 . [MASK] [SEP] وذكرت المصادر ان الشركة تع ##كف حاليا على طرح ادوات [MASK] جديدة خلال الفترة المقبلة . [SEP]
I1023 20:06:20.274105 47835828950080 create_pretraining_data.py:151] tokens: [CLS] دان ##ة [MASK] [MASK] غم ##لاس 2 . 65 هبة بدر ناصر الج ##اسر 2 . [MASK] [SEP] وذكرت المصادر ان الشركة تع ##كف حاليا على طرح ادوات [MASK] جديدة خلال الفترة المقبلة . [SEP]
INFO:tensorflow:input_ids: 2 17539 1043 4 4 11953 9953 22 18 9716 23823 4975 5828 1970 15375 22 18 4 3 11086 8862 1939 4227 2044 24849 4371 1961 7243 16141 4 3403 2317 5059 6775 18 3 0 0 0 0 0 0 0 0 0 0 0 0 0 0 0 0 0 0 0 0 0 0 0 0 0 0 0 0 0 0 0 0 0 0 0 0 0 0 0 0 0 0 0 0 0 0 0 0 0 0 0 0 0 0 0 0 0 0 0 0 0 0 0 0 0 0 0 0 0 0 0 0 0 0 0 0 0 0 0 0 0 0 0 0 0 0 0 0 0 0 0 0
I1023 20:06:20.274247 47835828950080 create_pretraining_data.py:161] input_ids: 2 17539 1043 4 4 11953 9953 22 18 9716 23823 4975 5828 1970 15375 22 18 4 3 11086 8862 1939 4227 2044 24849 4371 1961 7243 16141 4 3403 2317 5059 6775 18 3 0 0 0 0 0 0 0 0 0 0 0 0 0 0 0 0 0 0 0 0 0 0 0 0 0 0 0 0 0 0 0 0 0 0 0 0 0 0 0 0 0 0 0 0 0 0 0 0 0 0 0 0 0 0 0 0 0 0 0 0 0 0 0 0 0 0 0 0 0 0 0 0 0 0 0 0 0 0 0 0 0 0 0 0 0 0 0 0 0 0 0 0
INFO:tensorflow:input_mask: 1 1 1 1 1 1 1 1 1 1 1 1 1 1 1 1 1 1 1 1 1 1 1 1 1 1 1 1 1 1 1 1 1 1 1 1 0 0 0 0 0 0 0 0 0 0 0 0 0 0 0 0 0 0 0 0 0 0 0 0 0 0 0 0 0 0 0 0 0 0 0 0 0 0 0 0 0 0 0 0 0 0 0 0 0 0 0 0 0 0 0 0 0 0 0 0 0 0 0 0 0 0 0 0 0 0 0 0 0 0 0 0 0 0 0 0 0 0 0 0 0 0 0 0 0 0 0 0
I1023 20:06:20.274376 47835828950080 create_pretraining_data.py:161] input_mask: 1 1 1 1 1 1 1 1 1 1 1 1 1 1 1 1 1 1 1 1 1 1 1 1 1 1 1 1 1 1 1 1 1 1 1 1 0 0 0 0 0 0 0 0 0 0 0 0 0 0 0 0 0 0 0 0 0 0 0 0 0 0 0 0 0 0 0 0 0 0 0 0 0 0 0 0 0 0 0 0 0 0 0 0 0 0 0 0 0 0 0 0 0 0 0 0 0 0 0 0 0 0 0 0 0 0 0 0 0 0 0 0 0 0 0 0 0 0 0 0 0 0 0 0 0 0 0 0
INFO:tensorflow:segment_ids: 0 0 0 0 0 0 0 0 0 0 0 0 0 0 0 0 0 0 0 1 1 1 1 1 1 1 1 1 1 1 1 1 1 1 1 1 0 0 0 0 0 0 0 0 0 0 0 0 0 0 0 0 0 0 0 0 0 0 0 0 0 0 0 0 0 0 0 0 0 0 0 0 0 0 0 0 0 0 0 0 0 0 0 0 0 0 0 0 0 0 0 0 0 0 0 0 0 0 0 0 0 0 0 0 0 0 0 0 0 0 0 0 0 0 0 0 0 0 0 0 0 0 0 0 0 0 0 0
I1023 20:06:20.274515 47835828950080 create_pretraining_data.py:161] segment_ids: 0 0 0 0 0 0 0 0 0 0 0 0 0 0 0 0 0 0 0 1 1 1 1 1 1 1 1 1 1 1 1 1 1 1 1 1 0 0 0 0 0 0 0 0 0 0 0 0 0 0 0 0 0 0 0 0 0 0 0 0 0 0 0 0 0 0 0 0 0 0 0 0 0 0 0 0 0 0 0 0 0 0 0 0 0 0 0 0 0 0 0 0 0 0 0 0 0 0 0 0 0 0 0 0 0 0 0 0 0 0 0 0 0 0 0 0 0 0 0 0 0 0 0 0 0 0 0 0
INFO:tensorflow:masked_lm_positions: 3 4 17 29 32 0 0 0 0 0 0 0 0 0 0 0 0 0 0 0
I1023 20:06:20.274617 47835828950080 create_pretraining_data.py:161] masked_lm_positions: 3 4 17 29 32 0 0 0 0 0 0 0 0 0 0 0 0 0 0 0
INFO:tensorflow:masked_lm_ids: 4976 1016 13031 24383 5059 0 0 0 0 0 0 0 0 0 0 0 0 0 0 0
I1023 20:06:20.274709 47835828950080 create_pretraining_data.py:161] masked_lm_ids: 4976 1016 13031 24383 5059 0 0 0 0 0 0 0 0 0 0 0 0 0 0 0
INFO:tensorflow:masked_lm_weights: 1.0 1.0 1.0 1.0 1.0 0.0 0.0 0.0 0.0 0.0 0.0 0.0 0.0 0.0 0.0 0.0 0.0 0.0 0.0 0.0
I1023 20:06:20.274803 47835828950080 create_pretraining_data.py:161] masked_lm_weights: 1.0 1.0 1.0 1.0 1.0 0.0 0.0 0.0 0.0 0.0 0.0 0.0 0.0 0.0 0.0 0.0 0.0 0.0 0.0 0.0
INFO:tensorflow:next_sentence_labels: 1
I1023 20:06:20.274886 47835828950080 create_pretraining_data.py:161] next_sentence_labels: 1
INFO:tensorflow:*** Example ***
I1023 20:06:20.275374 47835828950080 create_pretraining_data.py:149] *** Example ***
INFO:tensorflow:tokens: [CLS] ##سام ##ته المع ##هود ##ة ، وجه الربع ##ي حديثه [MASK] الكويت [MASK] : ' ' اود [MASK] ا ##ؤكد واط ##مئن اهل الكويت جميعا ، بأن الامور على خير [MASK] يرا ##م ، والصحة زينة ، وانا سعيد بالعودة للوطن بعد غياب دام ستة اشهر ، [MASK] [MASK] كل من وقف [MASK] [MASK] استطيع [MASK] ان اقدم الشكر الجز ##يل [MASK] [MASK] سأل عني وتع ##اط ##ف معي [MASK] كان له الأثر الطيب في مسيرة العلاج ، وهي مبادرة [MASK] من الاهل والاص ##دق ##اء ' ' [MASK] [SEP] [MASK] التطورات المتس ##ارعة في ساحة الملف النووي الايراني ، معظم مساحات الاهتمام في طهران والع ##واص ##م [MASK] في العالم ، لما سيت ##ركه أي مسار قد يس ##لكه من [MASK] اقليم ##ية ودولية . [SEP]
I1023 20:06:20.275541 47835828950080 create_pretraining_data.py:151] tokens: [CLS] ##سام ##ته المع ##هود ##ة ، وجه الربع ##ي حديثه [MASK] الكويت [MASK] : ' ' اود [MASK] ا ##ؤكد واط ##مئن اهل الكويت جميعا ، بأن الامور على خير [MASK] يرا ##م ، والصحة زينة ، وانا سعيد بالعودة للوطن بعد غياب دام ستة اشهر ، [MASK] [MASK] كل من وقف [MASK] [MASK] استطيع [MASK] ان اقدم الشكر الجز ##يل [MASK] [MASK] سأل عني وتع ##اط ##ف معي [MASK] كان له الأثر الطيب في مسيرة العلاج ، وهي مبادرة [MASK] من الاهل والاص ##دق ##اء ' ' [MASK] [SEP] [MASK] التطورات المتس ##ارعة في ساحة الملف النووي الايراني ، معظم مساحات الاهتمام في طهران والع ##واص ##م [MASK] في العالم ، لما سيت ##ركه أي مسار قد يس ##لكه من [MASK] اقليم ##ية ودولية . [SEP]
INFO:tensorflow:input_ids: 2 2697 2076 2240 16867 1043 378 2879 11027 1013 9764 4 3346 4 30 11 11 16342 4 387 8221 12254 8425 3997 3346 5144 378 3010 6537 1961 2631 4 26162 1015 378 9632 26148 378 3257 3664 26128 14979 2089 4832 5414 8589 7100 378 4 4 2038 1908 5127 4 4 14711 4 1939 17402 7546 2756 2027 4 4 24229 4449 3527 2423 1037 5040 4 2055 2154 14293 4820 1912 10950 5281 378 2843 11376 4 1908 26339 16633 3427 1954 11 11 4 3 4 13071 20642 23835 1912 7427 8268 9137 5878 378 5372 16784 6925 1912 7199 2506 17572 1015 4 1912 2337 378 2518 4326 3628 2235 10598 2251 2416 4194 1908 4 16255 1910 28696 18 3
I1023 20:06:20.275738 47835828950080 create_pretraining_data.py:161] input_ids: 2 2697 2076 2240 16867 1043 378 2879 11027 1013 9764 4 3346 4 30 11 11 16342 4 387 8221 12254 8425 3997 3346 5144 378 3010 6537 1961 2631 4 26162 1015 378 9632 26148 378 3257 3664 26128 14979 2089 4832 5414 8589 7100 378 4 4 2038 1908 5127 4 4 14711 4 1939 17402 7546 2756 2027 4 4 24229 4449 3527 2423 1037 5040 4 2055 2154 14293 4820 1912 10950 5281 378 2843 11376 4 1908 26339 16633 3427 1954 11 11 4 3 4 13071 20642 23835 1912 7427 8268 9137 5878 378 5372 16784 6925 1912 7199 2506 17572 1015 4 1912 2337 378 2518 4326 3628 2235 10598 2251 2416 4194 1908 4 16255 1910 28696 18 3
INFO:tensorflow:input_mask: 1 1 1 1 1 1 1 1 1 1 1 1 1 1 1 1 1 1 1 1 1 1 1 1 1 1 1 1 1 1 1 1 1 1 1 1 1 1 1 1 1 1 1 1 1 1 1 1 1 1 1 1 1 1 1 1 1 1 1 1 1 1 1 1 1 1 1 1 1 1 1 1 1 1 1 1 1 1 1 1 1 1 1 1 1 1 1 1 1 1 1 1 1 1 1 1 1 1 1 1 1 1 1 1 1 1 1 1 1 1 1 1 1 1 1 1 1 1 1 1 1 1 1 1 1 1 1 1
I1023 20:06:20.275880 47835828950080 create_pretraining_data.py:161] input_mask: 1 1 1 1 1 1 1 1 1 1 1 1 1 1 1 1 1 1 1 1 1 1 1 1 1 1 1 1 1 1 1 1 1 1 1 1 1 1 1 1 1 1 1 1 1 1 1 1 1 1 1 1 1 1 1 1 1 1 1 1 1 1 1 1 1 1 1 1 1 1 1 1 1 1 1 1 1 1 1 1 1 1 1 1 1 1 1 1 1 1 1 1 1 1 1 1 1 1 1 1 1 1 1 1 1 1 1 1 1 1 1 1 1 1 1 1 1 1 1 1 1 1 1 1 1 1 1 1
INFO:tensorflow:segment_ids: 0 0 0 0 0 0 0 0 0 0 0 0 0 0 0 0 0 0 0 0 0 0 0 0 0 0 0 0 0 0 0 0 0 0 0 0 0 0 0 0 0 0 0 0 0 0 0 0 0 0 0 0 0 0 0 0 0 0 0 0 0 0 0 0 0 0 0 0 0 0 0 0 0 0 0 0 0 0 0 0 0 0 0 0 0 0 0 0 0 0 0 1 1 1 1 1 1 1 1 1 1 1 1 1 1 1 1 1 1 1 1 1 1 1 1 1 1 1 1 1 1 1 1 1 1 1 1 1
I1023 20:06:20.276011 47835828950080 create_pretraining_data.py:161] segment_ids: 0 0 0 0 0 0 0 0 0 0 0 0 0 0 0 0 0 0 0 0 0 0 0 0 0 0 0 0 0 0 0 0 0 0 0 0 0 0 0 0 0 0 0 0 0 0 0 0 0 0 0 0 0 0 0 0 0 0 0 0 0 0 0 0 0 0 0 0 0 0 0 0 0 0 0 0 0 0 0 0 0 0 0 0 0 0 0 0 0 0 0 1 1 1 1 1 1 1 1 1 1 1 1 1 1 1 1 1 1 1 1 1 1 1 1 1 1 1 1 1 1 1 1 1 1 1 1 1
INFO:tensorflow:masked_lm_positions: 11 13 18 31 48 49 51 53 54 56 59 62 63 70 81 89 91 109 122 0
I1023 20:06:20.276108 47835828950080 create_pretraining_data.py:161] masked_lm_positions: 11 13 18 31 48 49 51 53 54 56 59 62 63 70 81 89 91 109 122 0
INFO:tensorflow:masked_lm_ids: 17101 10889 1939 1972 5368 2014 1908 5040 2086 1915 7546 3164 1908 3077 11711 18 22770 6677 23469 0
I1023 20:06:20.276204 47835828950080 create_pretraining_data.py:161] masked_lm_ids: 17101 10889 1939 1972 5368 2014 1908 5040 2086 1915 7546 3164 1908 3077 11711 18 22770 6677 23469 0
INFO:tensorflow:masked_lm_weights: 1.0 1.0 1.0 1.0 1.0 1.0 1.0 1.0 1.0 1.0 1.0 1.0 1.0 1.0 1.0 1.0 1.0 1.0 1.0 0.0
I1023 20:06:20.276302 47835828950080 create_pretraining_data.py:161] masked_lm_weights: 1.0 1.0 1.0 1.0 1.0 1.0 1.0 1.0 1.0 1.0 1.0 1.0 1.0 1.0 1.0 1.0 1.0 1.0 1.0 0.0
INFO:tensorflow:next_sentence_labels: 1
I1023 20:06:20.276390 47835828950080 create_pretraining_data.py:161] next_sentence_labels: 1
INFO:tensorflow:*** Example ***
I1023 20:06:20.276902 47835828950080 create_pretraining_data.py:149] *** Example ***
INFO:tensorflow:tokens: [CLS] ومن الحرص ان تحمل معك فلت ##ر ( مرشح [MASK] ماء وتح ##اش ايضا [MASK] تغ ##سل اسنان ##ك بماء الص ##نب ##ور . [MASK] [SEP] [MASK] النائب [MASK] لأم ##ين حزب [MASK] العمل الإسلامي رحيل غر ##ايب ##ة أمس ان هذا القانون ' ' [MASK] [MASK] من تض ##يي ##ق هامش الحريات ، ويط ##لق [MASK] الأجهزة الأمنية في الاعتقال ##ات التع ##سفي ##ة ، ويك ##رس النظرة الاتهام ##ية [MASK] الش ##بهة ، وي ##وسع صلاحيات محكمة أمن الدولة التي يتخ ##طى دورها [MASK] الأعراف والمع ##ايير [MASK] العالمية للمحا ##كما ##ت العادل ##ة ' [MASK] . [SEP]
I1023 20:06:20.277066 47835828950080 create_pretraining_data.py:151] tokens: [CLS] ومن الحرص ان تحمل معك فلت ##ر ( مرشح [MASK] ماء وتح ##اش ايضا [MASK] تغ ##سل اسنان ##ك بماء الص ##نب ##ور . [MASK] [SEP] [MASK] النائب [MASK] لأم ##ين حزب [MASK] العمل الإسلامي رحيل غر ##ايب ##ة أمس ان هذا القانون ' ' [MASK] [MASK] من تض ##يي ##ق هامش الحريات ، ويط ##لق [MASK] الأجهزة الأمنية في الاعتقال ##ات التع ##سفي ##ة ، ويك ##رس النظرة الاتهام ##ية [MASK] الش ##بهة ، وي ##وسع صلاحيات محكمة أمن الدولة التي يتخ ##طى دورها [MASK] الأعراف والمع ##ايير [MASK] العالمية للمحا ##كما ##ت العادل ##ة ' [MASK] . [SEP]
INFO:tensorflow:input_ids: 2 2298 19205 1939 5570 4549 16440 1017 12 11214 4 5185 3408 2408 4530 4 2887 3758 24451 1014 24084 1996 3759 1936 18 4 3 4 5240 4 16008 1911 3614 4 2854 4551 12161 10093 13785 1043 3924 1939 2085 3594 11 11 4 4 1908 3932 5222 1011 12615 18002 378 22077 1941 4 7024 6979 1912 27744 1904 2363 26612 1043 378 10891 2373 26292 24101 1910 4 1966 6706 378 2162 6389 18743 7775 5484 3306 2061 18905 6950 16978 4 28094 4045 22438 4 3842 22732 26976 1005 25314 1043 11 4 18 3 0 0 0 0 0 0 0 0 0 0 0 0 0 0 0 0 0 0 0 0 0 0 0 0 0 0 0
I1023 20:06:20.277239 47835828950080 create_pretraining_data.py:161] input_ids: 2 2298 19205 1939 5570 4549 16440 1017 12 11214 4 5185 3408 2408 4530 4 2887 3758 24451 1014 24084 1996 3759 1936 18 4 3 4 5240 4 16008 1911 3614 4 2854 4551 12161 10093 13785 1043 3924 1939 2085 3594 11 11 4 4 1908 3932 5222 1011 12615 18002 378 22077 1941 4 7024 6979 1912 27744 1904 2363 26612 1043 378 10891 2373 26292 24101 1910 4 1966 6706 378 2162 6389 18743 7775 5484 3306 2061 18905 6950 16978 4 28094 4045 22438 4 3842 22732 26976 1005 25314 1043 11 4 18 3 0 0 0 0 0 0 0 0 0 0 0 0 0 0 0 0 0 0 0 0 0 0 0 0 0 0 0
INFO:tensorflow:input_mask: 1 1 1 1 1 1 1 1 1 1 1 1 1 1 1 1 1 1 1 1 1 1 1 1 1 1 1 1 1 1 1 1 1 1 1 1 1 1 1 1 1 1 1 1 1 1 1 1 1 1 1 1 1 1 1 1 1 1 1 1 1 1 1 1 1 1 1 1 1 1 1 1 1 1 1 1 1 1 1 1 1 1 1 1 1 1 1 1 1 1 1 1 1 1 1 1 1 1 1 1 1 0 0 0 0 0 0 0 0 0 0 0 0 0 0 0 0 0 0 0 0 0 0 0 0 0 0 0
I1023 20:06:20.277376 47835828950080 create_pretraining_data.py:161] input_mask: 1 1 1 1 1 1 1 1 1 1 1 1 1 1 1 1 1 1 1 1 1 1 1 1 1 1 1 1 1 1 1 1 1 1 1 1 1 1 1 1 1 1 1 1 1 1 1 1 1 1 1 1 1 1 1 1 1 1 1 1 1 1 1 1 1 1 1 1 1 1 1 1 1 1 1 1 1 1 1 1 1 1 1 1 1 1 1 1 1 1 1 1 1 1 1 1 1 1 1 1 1 0 0 0 0 0 0 0 0 0 0 0 0 0 0 0 0 0 0 0 0 0 0 0 0 0 0 0
INFO:tensorflow:segment_ids: 0 0 0 0 0 0 0 0 0 0 0 0 0 0 0 0 0 0 0 0 0 0 0 0 0 0 0 1 1 1 1 1 1 1 1 1 1 1 1 1 1 1 1 1 1 1 1 1 1 1 1 1 1 1 1 1 1 1 1 1 1 1 1 1 1 1 1 1 1 1 1 1 1 1 1 1 1 1 1 1 1 1 1 1 1 1 1 1 1 1 1 1 1 1 1 1 1 1 1 1 1 0 0 0 0 0 0 0 0 0 0 0 0 0 0 0 0 0 0 0 0 0 0 0 0 0 0 0
I1023 20:06:20.277508 47835828950080 create_pretraining_data.py:161] segment_ids: 0 0 0 0 0 0 0 0 0 0 0 0 0 0 0 0 0 0 0 0 0 0 0 0 0 0 0 1 1 1 1 1 1 1 1 1 1 1 1 1 1 1 1 1 1 1 1 1 1 1 1 1 1 1 1 1 1 1 1 1 1 1 1 1 1 1 1 1 1 1 1 1 1 1 1 1 1 1 1 1 1 1 1 1 1 1 1 1 1 1 1 1 1 1 1 1 1 1 1 1 1 0 0 0 0 0 0 0 0 0 0 0 0 0 0 0 0 0 0 0 0 0 0 0 0 0 0 0
INFO:tensorflow:masked_lm_positions: 10 15 20 25 27 29 33 46 47 57 72 85 86 90 98 0 0 0 0 0
I1023 20:06:20.277610 47835828950080 create_pretraining_data.py:161] masked_lm_positions: 10 15 20 25 27 29 33 46 47 57 72 85 86 90 98 0 0 0 0 0
INFO:tensorflow:masked_lm_ids: 13 1939 24084 12633 11379 2990 12187 2266 2799 2474 18463 16978 5402 12138 11 0 0 0 0 0
I1023 20:06:20.277707 47835828950080 create_pretraining_data.py:161] masked_lm_ids: 13 1939 24084 12633 11379 2990 12187 2266 2799 2474 18463 16978 5402 12138 11 0 0 0 0 0
INFO:tensorflow:masked_lm_weights: 1.0 1.0 1.0 1.0 1.0 1.0 1.0 1.0 1.0 1.0 1.0 1.0 1.0 1.0 1.0 0.0 0.0 0.0 0.0 0.0
I1023 20:06:20.277818 47835828950080 create_pretraining_data.py:161] masked_lm_weights: 1.0 1.0 1.0 1.0 1.0 1.0 1.0 1.0 1.0 1.0 1.0 1.0 1.0 1.0 1.0 0.0 0.0 0.0 0.0 0.0
INFO:tensorflow:next_sentence_labels: 1
I1023 20:06:20.277908 47835828950080 create_pretraining_data.py:161] next_sentence_labels: 1
INFO:tensorflow:*** Example ***
I1023 20:06:20.278406 47835828950080 create_pretraining_data.py:149] *** Example ***
INFO:tensorflow:tokens: [CLS] وتبين أن استخدام هذه المواد ازداد في وقت [MASK] [MASK] مع زيادة إضافية [MASK] شهر و3 و6 و2 ##4 شهرا من العملية [MASK] [SEP] [MASK] قطعت عليها الطريق بشكل مفاجئ أمام قرية العريش بالط ##ريق الزراعي الشرقي في [MASK] ، مما أسفر عن اصابة كل من مير [MASK] هات ##ل ( 31 سنة ) وابن ##تها انك ##ا جولي ##ا ( 8 سنوات ) ووال ##دته ##ا ات ##ليس اري ##س ( 67 سنة [MASK] ووال ##دها ام ##و رس ##يك ##ل ( 69 سنة ) وعبد ##ال ##رحيم محمد رس ##لان ( [MASK] [MASK] ) وي ##وسف محمد بيجي ( 50 سنة ) وكما ##ل يوسف محمد [MASK] 23 سنة [MASK] وعبد ##ال ##رحمن [MASK] ( 48 سنة ) ، حيث تم [MASK] المصابين [MASK] [SEP]
I1023 20:06:20.278575 47835828950080 create_pretraining_data.py:151] tokens: [CLS] وتبين أن استخدام هذه المواد ازداد في وقت [MASK] [MASK] مع زيادة إضافية [MASK] شهر و3 و6 و2 ##4 شهرا من العملية [MASK] [SEP] [MASK] قطعت عليها الطريق بشكل مفاجئ أمام قرية العريش بالط ##ريق الزراعي الشرقي في [MASK] ، مما أسفر عن اصابة كل من مير [MASK] هات ##ل ( 31 سنة ) وابن ##تها انك ##ا جولي ##ا ( 8 سنوات ) ووال ##دته ##ا ات ##ليس اري ##س ( 67 سنة [MASK] ووال ##دها ام ##و رس ##يك ##ل ( 69 سنة ) وعبد ##ال ##رحيم محمد رس ##لان ( [MASK] [MASK] ) وي ##وسف محمد بيجي ( 50 سنة ) وكما ##ل يوسف محمد [MASK] 23 سنة [MASK] وعبد ##ال ##رحمن [MASK] ( 48 سنة ) ، حيث تم [MASK] المصابين [MASK] [SEP]
INFO:tensorflow:input_ids: 2 20983 1979 3653 2159 4989 18567 1912 2758 4 4 1973 5348 14842 4 3282 18493 15842 22992 1069 16170 1908 5920 4 3 4 21994 2717 4386 2969 29789 3500 5803 27503 5539 2229 17897 11569 1912 4 378 3077 23739 1955 16712 2038 1908 6790 4 7507 1010 12 5623 3234 13 8160 2377 2963 1007 20519 1007 12 28 3752 13 13709 22072 1007 2253 7467 7781 1033 12 14427 3234 4 13709 14702 2112 1012 2452 2434 1010 12 15212 3234 13 9017 1901 28726 2202 2452 2429 12 4 4 13 2162 4007 2202 17644 12 4616 3234 13 11384 1010 4307 2202 4 4287 3234 4 9017 1901 6061 4 12 7490 3234 13 378 2455 2172 4 13637 4 3
I1023 20:06:20.278741 47835828950080 create_pretraining_data.py:161] input_ids: 2 20983 1979 3653 2159 4989 18567 1912 2758 4 4 1973 5348 14842 4 3282 18493 15842 22992 1069 16170 1908 5920 4 3 4 21994 2717 4386 2969 29789 3500 5803 27503 5539 2229 17897 11569 1912 4 378 3077 23739 1955 16712 2038 1908 6790 4 7507 1010 12 5623 3234 13 8160 2377 2963 1007 20519 1007 12 28 3752 13 13709 22072 1007 2253 7467 7781 1033 12 14427 3234 4 13709 14702 2112 1012 2452 2434 1010 12 15212 3234 13 9017 1901 28726 2202 2452 2429 12 4 4 13 2162 4007 2202 17644 12 4616 3234 13 11384 1010 4307 2202 4 4287 3234 4 9017 1901 6061 4 12 7490 3234 13 378 2455 2172 4 13637 4 3
INFO:tensorflow:input_mask: 1 1 1 1 1 1 1 1 1 1 1 1 1 1 1 1 1 1 1 1 1 1 1 1 1 1 1 1 1 1 1 1 1 1 1 1 1 1 1 1 1 1 1 1 1 1 1 1 1 1 1 1 1 1 1 1 1 1 1 1 1 1 1 1 1 1 1 1 1 1 1 1 1 1 1 1 1 1 1 1 1 1 1 1 1 1 1 1 1 1 1 1 1 1 1 1 1 1 1 1 1 1 1 1 1 1 1 1 1 1 1 1 1 1 1 1 1 1 1 1 1 1 1 1 1 1 1 1
I1023 20:06:20.278878 47835828950080 create_pretraining_data.py:161] input_mask: 1 1 1 1 1 1 1 1 1 1 1 1 1 1 1 1 1 1 1 1 1 1 1 1 1 1 1 1 1 1 1 1 1 1 1 1 1 1 1 1 1 1 1 1 1 1 1 1 1 1 1 1 1 1 1 1 1 1 1 1 1 1 1 1 1 1 1 1 1 1 1 1 1 1 1 1 1 1 1 1 1 1 1 1 1 1 1 1 1 1 1 1 1 1 1 1 1 1 1 1 1 1 1 1 1 1 1 1 1 1 1 1 1 1 1 1 1 1 1 1 1 1 1 1 1 1 1 1
INFO:tensorflow:segment_ids: 0 0 0 0 0 0 0 0 0 0 0 0 0 0 0 0 0 0 0 0 0 0 0 0 0 1 1 1 1 1 1 1 1 1 1 1 1 1 1 1 1 1 1 1 1 1 1 1 1 1 1 1 1 1 1 1 1 1 1 1 1 1 1 1 1 1 1 1 1 1 1 1 1 1 1 1 1 1 1 1 1 1 1 1 1 1 1 1 1 1 1 1 1 1 1 1 1 1 1 1 1 1 1 1 1 1 1 1 1 1 1 1 1 1 1 1 1 1 1 1 1 1 1 1 1 1 1 1
I1023 20:06:20.279022 47835828950080 create_pretraining_data.py:161] segment_ids: 0 0 0 0 0 0 0 0 0 0 0 0 0 0 0 0 0 0 0 0 0 0 0 0 0 1 1 1 1 1 1 1 1 1 1 1 1 1 1 1 1 1 1 1 1 1 1 1 1 1 1 1 1 1 1 1 1 1 1 1 1 1 1 1 1 1 1 1 1 1 1 1 1 1 1 1 1 1 1 1 1 1 1 1 1 1 1 1 1 1 1 1 1 1 1 1 1 1 1 1 1 1 1 1 1 1 1 1 1 1 1 1 1 1 1 1 1 1 1 1 1 1 1 1 1 1 1 1
INFO:tensorflow:masked_lm_positions: 9 10 14 23 25 39 47 48 75 83 94 95 100 103 109 112 116 124 126 0
I1023 20:06:20.279123 47835828950080 create_pretraining_data.py:161] masked_lm_positions: 9 10 14 23 25 39 47 48 75 83 94 95 100 103 109 112 116 124 126 0
INFO:tensorflow:masked_lm_ids: 18870 378 2089 18 2609 27076 6790 1007 13 12 7201 3234 4102 3234 12 13 15138 3890 2186 0
I1023 20:06:20.279220 47835828950080 create_pretraining_data.py:161] masked_lm_ids: 18870 378 2089 18 2609 27076 6790 1007 13 12 7201 3234 4102 3234 12 13 15138 3890 2186 0
INFO:tensorflow:masked_lm_weights: 1.0 1.0 1.0 1.0 1.0 1.0 1.0 1.0 1.0 1.0 1.0 1.0 1.0 1.0 1.0 1.0 1.0 1.0 1.0 0.0
I1023 20:06:20.279319 47835828950080 create_pretraining_data.py:161] masked_lm_weights: 1.0 1.0 1.0 1.0 1.0 1.0 1.0 1.0 1.0 1.0 1.0 1.0 1.0 1.0 1.0 1.0 1.0 1.0 1.0 0.0
INFO:tensorflow:next_sentence_labels: 1
I1023 20:06:20.279407 47835828950080 create_pretraining_data.py:161] next_sentence_labels: 1
INFO:tensorflow:*** Example ***
I1023 20:06:20.279912 47835828950080 create_pretraining_data.py:149] *** Example ***
INFO:tensorflow:tokens: [CLS] الجليل : سلسله وجدنا من خلال تجارب ##نا [MASK] [MASK] المخيمات تعمل على تعليم الفتيات وتنمية قدرات ##هن وتعزيز [MASK] [MASK] نتيجة اشر ##اك الفتاة [MASK] زمي ##لاتها في النشاطات المتعددة وتع ##او ##نها معه ##ن على انجاز [MASK] الأعمال [MASK] [MASK] ، [MASK] ان هذه المخيمات تعمل [MASK] تنمية الصحة النفسية والعقل ##ية بقضاء فترة زمنية في جو [MASK] الهدوء والرا [MASK] والب ##عد عن التوتر ##ات العصبية الناتجة عن الضغوط الدراسية والحي ##اتي ##ة ، وبها تتع ##رف الفتاة على بيئة وطنه ##ا وتت ##طور لديها [MASK] الحيات ##ية [MASK] الاعتماد على النفس وتحمل المسؤولية [SEP] كما يسهم المخيم في تعزيز الايمان والقوى الروحية لدى الفرد عن طريق التأ ##مل والتف ##كير في الطبيعة [MASK] [MASK] [MASK] واحترام المظ ##اهر الطبيعية والانس ##ان . [SEP]
I1023 20:06:20.280085 47835828950080 create_pretraining_data.py:151] tokens: [CLS] الجليل : سلسله وجدنا من خلال تجارب ##نا [MASK] [MASK] المخيمات تعمل على تعليم الفتيات وتنمية قدرات ##هن وتعزيز [MASK] [MASK] نتيجة اشر ##اك الفتاة [MASK] زمي ##لاتها في النشاطات المتعددة وتع ##او ##نها معه ##ن على انجاز [MASK] الأعمال [MASK] [MASK] ، [MASK] ان هذه المخيمات تعمل [MASK] تنمية الصحة النفسية والعقل ##ية بقضاء فترة زمنية في جو [MASK] الهدوء والرا [MASK] والب ##عد عن التوتر ##ات العصبية الناتجة عن الضغوط الدراسية والحي ##اتي ##ة ، وبها تتع ##رف الفتاة على بيئة وطنه ##ا وتت ##طور لديها [MASK] الحيات ##ية [MASK] الاعتماد على النفس وتحمل المسؤولية [SEP] كما يسهم المخيم في تعزيز الايمان والقوى الروحية لدى الفرد عن طريق التأ ##مل والتف ##كير في الطبيعة [MASK] [MASK] [MASK] واحترام المظ ##اهر الطبيعية والانس ##ان . [SEP]
INFO:tensorflow:input_ids: 2 14236 30 28509 26587 1908 2317 11381 1914 4 4 24949 4811 1961 4475 14743 19284 16961 4865 13744 4 4 4909 22535 2544 14662 4 19779 23057 1912 20705 14496 3527 22704 6458 3860 1006 1961 9274 4 4752 4 4 378 4 1939 2159 24949 4811 4 10322 4270 10682 27299 1910 26351 5269 24180 1912 5514 4 14495 20149 4 3460 1969 1955 12883 1904 24106 24737 1955 15770 11146 17702 2920 1043 378 27989 16019 2020 14662 1961 13360 20271 1007 4697 5249 8331 4 29628 1910 4 12102 1961 3821 23737 7541 3 2306 26948 20621 1912 7293 10616 26131 24028 3912 6727 1955 3160 3925 2182 13543 4933 1912 9797 4 4 4 14407 9539 3797 7411 24562 1906 18 3
I1023 20:06:20.280258 47835828950080 create_pretraining_data.py:161] input_ids: 2 14236 30 28509 26587 1908 2317 11381 1914 4 4 24949 4811 1961 4475 14743 19284 16961 4865 13744 4 4 4909 22535 2544 14662 4 19779 23057 1912 20705 14496 3527 22704 6458 3860 1006 1961 9274 4 4752 4 4 378 4 1939 2159 24949 4811 4 10322 4270 10682 27299 1910 26351 5269 24180 1912 5514 4 14495 20149 4 3460 1969 1955 12883 1904 24106 24737 1955 15770 11146 17702 2920 1043 378 27989 16019 2020 14662 1961 13360 20271 1007 4697 5249 8331 4 29628 1910 4 12102 1961 3821 23737 7541 3 2306 26948 20621 1912 7293 10616 26131 24028 3912 6727 1955 3160 3925 2182 13543 4933 1912 9797 4 4 4 14407 9539 3797 7411 24562 1906 18 3
INFO:tensorflow:input_mask: 1 1 1 1 1 1 1 1 1 1 1 1 1 1 1 1 1 1 1 1 1 1 1 1 1 1 1 1 1 1 1 1 1 1 1 1 1 1 1 1 1 1 1 1 1 1 1 1 1 1 1 1 1 1 1 1 1 1 1 1 1 1 1 1 1 1 1 1 1 1 1 1 1 1 1 1 1 1 1 1 1 1 1 1 1 1 1 1 1 1 1 1 1 1 1 1 1 1 1 1 1 1 1 1 1 1 1 1 1 1 1 1 1 1 1 1 1 1 1 1 1 1 1 1 1 1 1 1
I1023 20:06:20.280398 47835828950080 create_pretraining_data.py:161] input_mask: 1 1 1 1 1 1 1 1 1 1 1 1 1 1 1 1 1 1 1 1 1 1 1 1 1 1 1 1 1 1 1 1 1 1 1 1 1 1 1 1 1 1 1 1 1 1 1 1 1 1 1 1 1 1 1 1 1 1 1 1 1 1 1 1 1 1 1 1 1 1 1 1 1 1 1 1 1 1 1 1 1 1 1 1 1 1 1 1 1 1 1 1 1 1 1 1 1 1 1 1 1 1 1 1 1 1 1 1 1 1 1 1 1 1 1 1 1 1 1 1 1 1 1 1 1 1 1 1
INFO:tensorflow:segment_ids: 0 0 0 0 0 0 0 0 0 0 0 0 0 0 0 0 0 0 0 0 0 0 0 0 0 0 0 0 0 0 0 0 0 0 0 0 0 0 0 0 0 0 0 0 0 0 0 0 0 0 0 0 0 0 0 0 0 0 0 0 0 0 0 0 0 0 0 0 0 0 0 0 0 0 0 0 0 0 0 0 0 0 0 0 0 0 0 0 0 0 0 0 0 0 0 0 0 0 0 1 1 1 1 1 1 1 1 1 1 1 1 1 1 1 1 1 1 1 1 1 1 1 1 1 1 1 1 1
I1023 20:06:20.280529 47835828950080 create_pretraining_data.py:161] segment_ids: 0 0 0 0 0 0 0 0 0 0 0 0 0 0 0 0 0 0 0 0 0 0 0 0 0 0 0 0 0 0 0 0 0 0 0 0 0 0 0 0 0 0 0 0 0 0 0 0 0 0 0 0 0 0 0 0 0 0 0 0 0 0 0 0 0 0 0 0 0 0 0 0 0 0 0 0 0 0 0 0 0 0 0 0 0 0 0 0 0 0 0 0 0 0 0 0 0 0 0 1 1 1 1 1 1 1 1 1 1 1 1 1 1 1 1 1 1 1 1 1 1 1 1 1 1 1 1 1
INFO:tensorflow:masked_lm_positions: 3 9 10 20 21 26 39 41 42 44 49 60 62 63 89 92 117 118 119 0
I1023 20:06:20.280635 47835828950080 create_pretraining_data.py:161] masked_lm_positions: 3 9 10 20 21 26 39 41 42 44 49 60 62 63 89 92 117 118 119 0
INFO:tensorflow:masked_lm_ids: 5839 6438 1939 4490 5024 1973 3264 10628 1921 2306 1961 1908 20149 2106 16593 1908 2680 5957 1913 0
I1023 20:06:20.280734 47835828950080 create_pretraining_data.py:161] masked_lm_ids: 5839 6438 1939 4490 5024 1973 3264 10628 1921 2306 1961 1908 20149 2106 16593 1908 2680 5957 1913 0
INFO:tensorflow:masked_lm_weights: 1.0 1.0 1.0 1.0 1.0 1.0 1.0 1.0 1.0 1.0 1.0 1.0 1.0 1.0 1.0 1.0 1.0 1.0 1.0 0.0
I1023 20:06:20.280832 47835828950080 create_pretraining_data.py:161] masked_lm_weights: 1.0 1.0 1.0 1.0 1.0 1.0 1.0 1.0 1.0 1.0 1.0 1.0 1.0 1.0 1.0 1.0 1.0 1.0 1.0 0.0
INFO:tensorflow:next_sentence_labels: 0
I1023 20:06:20.280920 47835828950080 create_pretraining_data.py:161] next_sentence_labels: 0
INFO:tensorflow:*** Example ***
I1023 20:06:20.281406 47835828950080 create_pretraining_data.py:149] *** Example ***
INFO:tensorflow:tokens: [CLS] لذا فعندما يجد مثل هؤلاء الطلبة الابواب مس ##دود ##ة في وجوههم . [MASK] [MASK] [MASK] يلجأ ##ون الى كتابة ' ' شكوى ' ' من دون [MASK] حق بأنهم مظلوم ##ون . . [SEP] وأن الاستاذ لم يمنح ##هم الدرجة او التقدير اللذين [MASK] [MASK] ؟ [MASK] [SEP]
I1023 20:06:20.281558 47835828950080 create_pretraining_data.py:151] tokens: [CLS] لذا فعندما يجد مثل هؤلاء الطلبة الابواب مس ##دود ##ة في وجوههم . [MASK] [MASK] [MASK] يلجأ ##ون الى كتابة ' ' شكوى ' ' من دون [MASK] حق بأنهم مظلوم ##ون . . [SEP] وأن الاستاذ لم يمنح ##هم الدرجة او التقدير اللذين [MASK] [MASK] ؟ [MASK] [SEP]
INFO:tensorflow:input_ids: 2 5432 24548 7270 2546 4669 9965 18645 2129 11762 1043 1912 25536 18 4 4 4 27901 1922 2186 9887 11 11 22857 11 11 1908 2571 4 2576 18321 22657 1922 18 18 3 3310 8465 2043 15009 1949 9714 2213 15001 13664 4 4 380 4 3 0 0 0 0 0 0 0 0 0 0 0 0 0 0 0 0 0 0 0 0 0 0 0 0 0 0 0 0 0 0 0 0 0 0 0 0 0 0 0 0 0 0 0 0 0 0 0 0 0 0 0 0 0 0 0 0 0 0 0 0 0 0 0 0 0 0 0 0 0 0 0 0 0 0 0 0 0 0
I1023 20:06:20.281718 47835828950080 create_pretraining_data.py:161] input_ids: 2 5432 24548 7270 2546 4669 9965 18645 2129 11762 1043 1912 25536 18 4 4 4 27901 1922 2186 9887 11 11 22857 11 11 1908 2571 4 2576 18321 22657 1922 18 18 3 3310 8465 2043 15009 1949 9714 2213 15001 13664 4 4 380 4 3 0 0 0 0 0 0 0 0 0 0 0 0 0 0 0 0 0 0 0 0 0 0 0 0 0 0 0 0 0 0 0 0 0 0 0 0 0 0 0 0 0 0 0 0 0 0 0 0 0 0 0 0 0 0 0 0 0 0 0 0 0 0 0 0 0 0 0 0 0 0 0 0 0 0 0 0 0 0
INFO:tensorflow:input_mask: 1 1 1 1 1 1 1 1 1 1 1 1 1 1 1 1 1 1 1 1 1 1 1 1 1 1 1 1 1 1 1 1 1 1 1 1 1 1 1 1 1 1 1 1 1 1 1 1 1 1 0 0 0 0 0 0 0 0 0 0 0 0 0 0 0 0 0 0 0 0 0 0 0 0 0 0 0 0 0 0 0 0 0 0 0 0 0 0 0 0 0 0 0 0 0 0 0 0 0 0 0 0 0 0 0 0 0 0 0 0 0 0 0 0 0 0 0 0 0 0 0 0 0 0 0 0 0 0
I1023 20:06:20.281853 47835828950080 create_pretraining_data.py:161] input_mask: 1 1 1 1 1 1 1 1 1 1 1 1 1 1 1 1 1 1 1 1 1 1 1 1 1 1 1 1 1 1 1 1 1 1 1 1 1 1 1 1 1 1 1 1 1 1 1 1 1 1 0 0 0 0 0 0 0 0 0 0 0 0 0 0 0 0 0 0 0 0 0 0 0 0 0 0 0 0 0 0 0 0 0 0 0 0 0 0 0 0 0 0 0 0 0 0 0 0 0 0 0 0 0 0 0 0 0 0 0 0 0 0 0 0 0 0 0 0 0 0 0 0 0 0 0 0 0 0
INFO:tensorflow:segment_ids: 0 0 0 0 0 0 0 0 0 0 0 0 0 0 0 0 0 0 0 0 0 0 0 0 0 0 0 0 0 0 0 0 0 0 0 0 1 1 1 1 1 1 1 1 1 1 1 1 1 1 0 0 0 0 0 0 0 0 0 0 0 0 0 0 0 0 0 0 0 0 0 0 0 0 0 0 0 0 0 0 0 0 0 0 0 0 0 0 0 0 0 0 0 0 0 0 0 0 0 0 0 0 0 0 0 0 0 0 0 0 0 0 0 0 0 0 0 0 0 0 0 0 0 0 0 0 0 0
I1023 20:06:20.281983 47835828950080 create_pretraining_data.py:161] segment_ids: 0 0 0 0 0 0 0 0 0 0 0 0 0 0 0 0 0 0 0 0 0 0 0 0 0 0 0 0 0 0 0 0 0 0 0 0 1 1 1 1 1 1 1 1 1 1 1 1 1 1 0 0 0 0 0 0 0 0 0 0 0 0 0 0 0 0 0 0 0 0 0 0 0 0 0 0 0 0 0 0 0 0 0 0 0 0 0 0 0 0 0 0 0 0 0 0 0 0 0 0 0 0 0 0 0 0 0 0 0 0 0 0 0 0 0 0 0 0 0 0 0 0 0 0 0 0 0 0
INFO:tensorflow:masked_lm_positions: 12 14 15 16 28 45 46 48 0 0 0 0 0 0 0 0 0 0 0 0
I1023 20:06:20.282079 47835828950080 create_pretraining_data.py:161] masked_lm_positions: 12 14 15 16 28 45 46 48 0 0 0 0 0 0 0 0 0 0 0 0
INFO:tensorflow:masked_lm_ids: 25536 18 8707 1015 2879 20842 2567 5 0 0 0 0 0 0 0 0 0 0 0 0
I1023 20:06:20.282175 47835828950080 create_pretraining_data.py:161] masked_lm_ids: 25536 18 8707 1015 2879 20842 2567 5 0 0 0 0 0 0 0 0 0 0 0 0
INFO:tensorflow:masked_lm_weights: 1.0 1.0 1.0 1.0 1.0 1.0 1.0 1.0 0.0 0.0 0.0 0.0 0.0 0.0 0.0 0.0 0.0 0.0 0.0 0.0
I1023 20:06:20.282273 47835828950080 create_pretraining_data.py:161] masked_lm_weights: 1.0 1.0 1.0 1.0 1.0 1.0 1.0 1.0 0.0 0.0 0.0 0.0 0.0 0.0 0.0 0.0 0.0 0.0 0.0 0.0
INFO:tensorflow:next_sentence_labels: 0
I1023 20:06:20.282361 47835828950080 create_pretraining_data.py:161] next_sentence_labels: 0
INFO:tensorflow:*** Example ***
I1023 20:06:20.282862 47835828950080 create_pretraining_data.py:149] *** Example ***
INFO:tensorflow:tokens: [CLS] مشاريع الحلول غير الدستورية لمجلس الامة . وسواء [MASK] [MASK] التنظيم استجابة لما طرحت ام انه مبادرة اصلي ##ة من التجمع ، فإن الأمر بالنسبة لي يبقى في ان [MASK] ، وما يتوافق معها او يح ##اكي ##ها من [MASK] الفعل كت ##صريحات او إصدار بيانات من قبل القوى الوطنية او هي ##ئات ##ها [MASK] لا ترق ##ى [MASK] ' [MASK] الفعل ' [SEP] وجاء بيش ##ون [MASK] في المركز الثاني مسجلا 47 . 48 [MASK] . وكان معكم [MASK] حط ##م [MASK] القياسي العالمي في منافسات 400 [MASK] عدو ##ا [MASK] الصال ##ات المس ##جل باسم مايكل جون ##سون عام 2005 ، وفي بقية منافسات [MASK] الاميركية لال ##عاب القوى فاز اند ##رو روك [MASK] [MASK] [MASK] 400 متر مسجلا [MASK] . 45 ثانية يلي [SEP]
I1023 20:06:20.283036 47835828950080 create_pretraining_data.py:151] tokens: [CLS] مشاريع الحلول غير الدستورية لمجلس الامة . وسواء [MASK] [MASK] التنظيم استجابة لما طرحت ام انه مبادرة اصلي ##ة من التجمع ، فإن الأمر بالنسبة لي يبقى في ان [MASK] ، وما يتوافق معها او يح ##اكي ##ها من [MASK] الفعل كت ##صريحات او إصدار بيانات من قبل القوى الوطنية او هي ##ئات ##ها [MASK] لا ترق ##ى [MASK] ' [MASK] الفعل ' [SEP] وجاء بيش ##ون [MASK] في المركز الثاني مسجلا 47 . 48 [MASK] . وكان معكم [MASK] حط ##م [MASK] القياسي العالمي في منافسات 400 [MASK] عدو ##ا [MASK] الصال ##ات المس ##جل باسم مايكل جون ##سون عام 2005 ، وفي بقية منافسات [MASK] الاميركية لال ##عاب القوى فاز اند ##رو روك [MASK] [MASK] [MASK] 400 متر مسجلا [MASK] . 45 ثانية يلي [SEP]
INFO:tensorflow:input_ids: 2 6648 11061 2224 12064 10735 20384 18 16244 4 4 7869 23636 2518 25621 2112 2615 11376 17434 1043 1908 8066 378 3027 3800 4952 2134 9638 1912 1939 4 378 2564 29918 5577 2213 2410 21617 1913 1908 4 9078 2365 26048 2213 11357 5995 1908 2289 6831 3857 2213 2247 4188 1913 4 1963 13847 1102 4 11 4 9078 11 3 7273 24905 1922 4 1912 3808 2966 24577 6768 18 7490 4 18 2648 11491 4 7249 1015 4 23817 3611 1912 13915 10365 4 12317 1007 4 9975 1904 2216 2293 3936 16044 7138 4912 2268 8854 378 2427 11079 13915 4 7977 14694 5008 6831 6421 7621 1981 22139 4 4 4 10365 7325 24577 4 18 5755 8098 8374 3
I1023 20:06:20.283210 47835828950080 create_pretraining_data.py:161] input_ids: 2 6648 11061 2224 12064 10735 20384 18 16244 4 4 7869 23636 2518 25621 2112 2615 11376 17434 1043 1908 8066 378 3027 3800 4952 2134 9638 1912 1939 4 378 2564 29918 5577 2213 2410 21617 1913 1908 4 9078 2365 26048 2213 11357 5995 1908 2289 6831 3857 2213 2247 4188 1913 4 1963 13847 1102 4 11 4 9078 11 3 7273 24905 1922 4 1912 3808 2966 24577 6768 18 7490 4 18 2648 11491 4 7249 1015 4 23817 3611 1912 13915 10365 4 12317 1007 4 9975 1904 2216 2293 3936 16044 7138 4912 2268 8854 378 2427 11079 13915 4 7977 14694 5008 6831 6421 7621 1981 22139 4 4 4 10365 7325 24577 4 18 5755 8098 8374 3
INFO:tensorflow:input_mask: 1 1 1 1 1 1 1 1 1 1 1 1 1 1 1 1 1 1 1 1 1 1 1 1 1 1 1 1 1 1 1 1 1 1 1 1 1 1 1 1 1 1 1 1 1 1 1 1 1 1 1 1 1 1 1 1 1 1 1 1 1 1 1 1 1 1 1 1 1 1 1 1 1 1 1 1 1 1 1 1 1 1 1 1 1 1 1 1 1 1 1 1 1 1 1 1 1 1 1 1 1 1 1 1 1 1 1 1 1 1 1 1 1 1 1 1 1 1 1 1 1 1 1 1 1 1 1 1
I1023 20:06:20.283348 47835828950080 create_pretraining_data.py:161] input_mask: 1 1 1 1 1 1 1 1 1 1 1 1 1 1 1 1 1 1 1 1 1 1 1 1 1 1 1 1 1 1 1 1 1 1 1 1 1 1 1 1 1 1 1 1 1 1 1 1 1 1 1 1 1 1 1 1 1 1 1 1 1 1 1 1 1 1 1 1 1 1 1 1 1 1 1 1 1 1 1 1 1 1 1 1 1 1 1 1 1 1 1 1 1 1 1 1 1 1 1 1 1 1 1 1 1 1 1 1 1 1 1 1 1 1 1 1 1 1 1 1 1 1 1 1 1 1 1 1
INFO:tensorflow:segment_ids: 0 0 0 0 0 0 0 0 0 0 0 0 0 0 0 0 0 0 0 0 0 0 0 0 0 0 0 0 0 0 0 0 0 0 0 0 0 0 0 0 0 0 0 0 0 0 0 0 0 0 0 0 0 0 0 0 0 0 0 0 0 0 0 0 0 1 1 1 1 1 1 1 1 1 1 1 1 1 1 1 1 1 1 1 1 1 1 1 1 1 1 1 1 1 1 1 1 1 1 1 1 1 1 1 1 1 1 1 1 1 1 1 1 1 1 1 1 1 1 1 1 1 1 1 1 1 1 1
I1023 20:06:20.283478 47835828950080 create_pretraining_data.py:161] segment_ids: 0 0 0 0 0 0 0 0 0 0 0 0 0 0 0 0 0 0 0 0 0 0 0 0 0 0 0 0 0 0 0 0 0 0 0 0 0 0 0 0 0 0 0 0 0 0 0 0 0 0 0 0 0 0 0 0 0 0 0 0 0 0 0 0 0 1 1 1 1 1 1 1 1 1 1 1 1 1 1 1 1 1 1 1 1 1 1 1 1 1 1 1 1 1 1 1 1 1 1 1 1 1 1 1 1 1 1 1 1 1 1 1 1 1 1 1 1 1 1 1 1 1 1 1 1 1 1 1
INFO:tensorflow:masked_lm_positions: 9 10 30 40 55 59 61 68 76 79 80 83 89 92 107 116 117 118 122 0
I1023 20:06:20.283588 47835828950080 create_pretraining_data.py:161] masked_lm_positions: 9 10 30 40 55 59 61 68 76 79 80 83 89 92 107 116 117 118 122 0
INFO:tensorflow:masked_lm_ids: 5983 1906 16948 14059 5024 2186 11 29150 8098 5916 9072 5953 7325 3224 8069 5340 2094 1904 7695 0
I1023 20:06:20.283692 47835828950080 create_pretraining_data.py:161] masked_lm_ids: 5983 1906 16948 14059 5024 2186 11 29150 8098 5916 9072 5953 7325 3224 8069 5340 2094 1904 7695 0
INFO:tensorflow:masked_lm_weights: 1.0 1.0 1.0 1.0 1.0 1.0 1.0 1.0 1.0 1.0 1.0 1.0 1.0 1.0 1.0 1.0 1.0 1.0 1.0 0.0
I1023 20:06:20.283791 47835828950080 create_pretraining_data.py:161] masked_lm_weights: 1.0 1.0 1.0 1.0 1.0 1.0 1.0 1.0 1.0 1.0 1.0 1.0 1.0 1.0 1.0 1.0 1.0 1.0 1.0 0.0
INFO:tensorflow:next_sentence_labels: 1
I1023 20:06:20.283879 47835828950080 create_pretraining_data.py:161] next_sentence_labels: 1
INFO:tensorflow:*** Example ***
I1023 20:06:20.284381 47835828950080 create_pretraining_data.py:149] *** Example ***
INFO:tensorflow:tokens: [CLS] اعتذر ##نا من الاخوة بالنادي الاهلي [MASK] نريد اللعب مع منتخب الجزائر الذي [MASK] من اقوى المنتخبات باف ##ريقيا ولا يمكن مقار ##نته مع النادي الاهلي [MASK] فال ##است ##فادة [MASK] افضل [MASK] ما لعب ##نا امام الجزائر [MASK] ونحن بالريتويت اسرة النادي الاهلي على تعاون ##هم ##لاده [MASK] ليس [MASK] [MASK] [MASK] الاش ##قاء [MASK] دمج [MASK] [MASK] المطيري اللاعبين ووصف ##هم بأنهم رجال على قدر كبير من المسؤولية وسي ##قدم [SEP] وختم : باذن [MASK] سنت ##أه ##ل الى اول ##م ##بيا ##د بكين [MASK] فل ##دينا لاعبو ##ن يملكون مهارات فنية عالية بحاجة فقط للا ##هتمام والدعم والص ##قل [MASK] ولن نب ##خل عليهم بأي شيء ، فال ##هيئة العامة للشباب والرياضة وفر ##ت كل الام ##كانات لاع ##داد الفريق الاعداد المناسب . [SEP]
I1023 20:06:20.284553 47835828950080 create_pretraining_data.py:151] tokens: [CLS] اعتذر ##نا من الاخوة بالنادي الاهلي [MASK] نريد اللعب مع منتخب الجزائر الذي [MASK] من اقوى المنتخبات باف ##ريقيا ولا يمكن مقار ##نته مع النادي الاهلي [MASK] فال ##است ##فادة [MASK] افضل [MASK] ما لعب ##نا امام الجزائر [MASK] ونحن بالريتويت اسرة النادي الاهلي على تعاون ##هم ##لاده [MASK] ليس [MASK] [MASK] [MASK] الاش ##قاء [MASK] دمج [MASK] [MASK] المطيري اللاعبين ووصف ##هم بأنهم رجال على قدر كبير من المسؤولية وسي ##قدم [SEP] وختم : باذن [MASK] سنت ##أه ##ل الى اول ##م ##بيا ##د بكين [MASK] فل ##دينا لاعبو ##ن يملكون مهارات فنية عالية بحاجة فقط للا ##هتمام والدعم والص ##قل [MASK] ولن نب ##خل عليهم بأي شيء ، فال ##هيئة العامة للشباب والرياضة وفر ##ت كل الام ##كانات لاع ##داد الفريق الاعداد المناسب . [SEP]
INFO:tensorflow:input_ids: 2 16222 1914 1908 26352 24579 3105 4 8123 9300 1973 6766 3954 2130 4 1908 21055 23196 10541 4536 2086 2490 16908 7212 1973 4675 3105 4 2989 23562 6814 4 2931 4 1972 4046 1914 3558 3954 4 4882 27948 22307 4675 3105 1961 10767 1949 20945 4 2618 4 4 4 3358 3596 4 23772 4 4 10385 5982 17122 1949 18321 4077 1961 3640 2934 1908 7541 3713 2508 3 19469 30 4292 4 8220 14294 1010 2186 3085 1015 7038 1016 17275 4 18620 4553 27290 1006 20258 10878 11287 5980 10455 2574 2383 19789 10343 3011 2246 4 4763 3291 2325 3566 7931 2621 378 2989 21389 2754 11360 14320 5035 1005 2038 2313 21342 6012 2892 3671 11373 7364 18 3
I1023 20:06:20.284723 47835828950080 create_pretraining_data.py:161] input_ids: 2 16222 1914 1908 26352 24579 3105 4 8123 9300 1973 6766 3954 2130 4 1908 21055 23196 10541 4536 2086 2490 16908 7212 1973 4675 3105 4 2989 23562 6814 4 2931 4 1972 4046 1914 3558 3954 4 4882 27948 22307 4675 3105 1961 10767 1949 20945 4 2618 4 4 4 3358 3596 4 23772 4 4 10385 5982 17122 1949 18321 4077 1961 3640 2934 1908 7541 3713 2508 3 19469 30 4292 4 8220 14294 1010 2186 3085 1015 7038 1016 17275 4 18620 4553 27290 1006 20258 10878 11287 5980 10455 2574 2383 19789 10343 3011 2246 4 4763 3291 2325 3566 7931 2621 378 2989 21389 2754 11360 14320 5035 1005 2038 2313 21342 6012 2892 3671 11373 7364 18 3
INFO:tensorflow:input_mask: 1 1 1 1 1 1 1 1 1 1 1 1 1 1 1 1 1 1 1 1 1 1 1 1 1 1 1 1 1 1 1 1 1 1 1 1 1 1 1 1 1 1 1 1 1 1 1 1 1 1 1 1 1 1 1 1 1 1 1 1 1 1 1 1 1 1 1 1 1 1 1 1 1 1 1 1 1 1 1 1 1 1 1 1 1 1 1 1 1 1 1 1 1 1 1 1 1 1 1 1 1 1 1 1 1 1 1 1 1 1 1 1 1 1 1 1 1 1 1 1 1 1 1 1 1 1 1 1
I1023 20:06:20.284875 47835828950080 create_pretraining_data.py:161] input_mask: 1 1 1 1 1 1 1 1 1 1 1 1 1 1 1 1 1 1 1 1 1 1 1 1 1 1 1 1 1 1 1 1 1 1 1 1 1 1 1 1 1 1 1 1 1 1 1 1 1 1 1 1 1 1 1 1 1 1 1 1 1 1 1 1 1 1 1 1 1 1 1 1 1 1 1 1 1 1 1 1 1 1 1 1 1 1 1 1 1 1 1 1 1 1 1 1 1 1 1 1 1 1 1 1 1 1 1 1 1 1 1 1 1 1 1 1 1 1 1 1 1 1 1 1 1 1 1 1
INFO:tensorflow:segment_ids: 0 0 0 0 0 0 0 0 0 0 0 0 0 0 0 0 0 0 0 0 0 0 0 0 0 0 0 0 0 0 0 0 0 0 0 0 0 0 0 0 0 0 0 0 0 0 0 0 0 0 0 0 0 0 0 0 0 0 0 0 0 0 0 0 0 0 0 0 0 0 0 0 0 0 1 1 1 1 1 1 1 1 1 1 1 1 1 1 1 1 1 1 1 1 1 1 1 1 1 1 1 1 1 1 1 1 1 1 1 1 1 1 1 1 1 1 1 1 1 1 1 1 1 1 1 1 1 1
I1023 20:06:20.285007 47835828950080 create_pretraining_data.py:161] segment_ids: 0 0 0 0 0 0 0 0 0 0 0 0 0 0 0 0 0 0 0 0 0 0 0 0 0 0 0 0 0 0 0 0 0 0 0 0 0 0 0 0 0 0 0 0 0 0 0 0 0 0 0 0 0 0 0 0 0 0 0 0 0 0 0 0 0 0 0 0 0 0 0 0 0 0 1 1 1 1 1 1 1 1 1 1 1 1 1 1 1 1 1 1 1 1 1 1 1 1 1 1 1 1 1 1 1 1 1 1 1 1 1 1 1 1 1 1 1 1 1 1 1 1 1 1 1 1 1 1
INFO:tensorflow:masked_lm_positions: 7 14 27 31 33 39 41 48 49 51 52 53 56 57 58 59 77 87 103 0
I1023 20:06:20.285104 47835828950080 create_pretraining_data.py:161] masked_lm_positions: 7 14 27 31 33 39 41 48 49 51 52 53 56 57 58 59 77 87 103 0
INFO:tensorflow:masked_lm_ids: 9640 5305 378 6557 2387 378 23076 4798 3265 3499 2838 1961 8640 18 15329 13347 1953 378 378 0
I1023 20:06:20.285201 47835828950080 create_pretraining_data.py:161] masked_lm_ids: 9640 5305 378 6557 2387 378 23076 4798 3265 3499 2838 1961 8640 18 15329 13347 1953 378 378 0
INFO:tensorflow:masked_lm_weights: 1.0 1.0 1.0 1.0 1.0 1.0 1.0 1.0 1.0 1.0 1.0 1.0 1.0 1.0 1.0 1.0 1.0 1.0 1.0 0.0
I1023 20:06:20.285300 47835828950080 create_pretraining_data.py:161] masked_lm_weights: 1.0 1.0 1.0 1.0 1.0 1.0 1.0 1.0 1.0 1.0 1.0 1.0 1.0 1.0 1.0 1.0 1.0 1.0 1.0 0.0
INFO:tensorflow:next_sentence_labels: 0
I1023 20:06:20.285388 47835828950080 create_pretraining_data.py:161] next_sentence_labels: 0
INFO:tensorflow:*** Example ***
I1023 20:06:20.285894 47835828950080 create_pretraining_data.py:149] *** Example ***
INFO:tensorflow:tokens: [CLS] [MASK] [MASK] [MASK] [MASK] [MASK] العطاء المطلق : ' المرض ألا تحبون ان يغفر الله لكم ' ' وهي هنا عبارة حان ##ية ورح ##يمة ، يذكر ##نا [MASK] سبحانه بحاجة الناس كلهم اليه بعيدا عن حاجة الناس بعضهم لبعض [MASK] وكما نقول في المثل ' ' الثدي للناس والكل بالله ' ' ، اي ان حاجة الناس الى بعضهم هي حقيقة نعيش ##ها كلنا كل يوم ، ولكن الحقيقة الأكبر والأ ##صدق هي [MASK] كل [SEP] وذكر المج ##ني ان ' ' التقرير [MASK] اصدر ##ته لجنة تق ##صي الحقائق في الهيئة ليس مكت ##مل ##ا وعلى [MASK] التجارة [MASK] ادارة فهو عدم الاخ ##ذ [MASK] ورد فيه [MASK] الفكري يكشف كل الحقائق ولم [MASK] المسؤولين الحقيقي ##ين عن التجاوز ##ات الواردة في المشروع . [SEP]
I1023 20:06:20.286077 47835828950080 create_pretraining_data.py:151] tokens: [CLS] [MASK] [MASK] [MASK] [MASK] [MASK] العطاء المطلق : ' المرض ألا تحبون ان يغفر الله لكم ' ' وهي هنا عبارة حان ##ية ورح ##يمة ، يذكر ##نا [MASK] سبحانه بحاجة الناس كلهم اليه بعيدا عن حاجة الناس بعضهم لبعض [MASK] وكما نقول في المثل ' ' الثدي للناس والكل بالله ' ' ، اي ان حاجة الناس الى بعضهم هي حقيقة نعيش ##ها كلنا كل يوم ، ولكن الحقيقة الأكبر والأ ##صدق هي [MASK] كل [SEP] وذكر المج ##ني ان ' ' التقرير [MASK] اصدر ##ته لجنة تق ##صي الحقائق في الهيئة ليس مكت ##مل ##ا وعلى [MASK] التجارة [MASK] ادارة فهو عدم الاخ ##ذ [MASK] ورد فيه [MASK] الفكري يكشف كل الحقائق ولم [MASK] المسؤولين الحقيقي ##ين عن التجاوز ##ات الواردة في المشروع . [SEP]
INFO:tensorflow:input_ids: 2 4 4 4 4 4 10906 18954 30 11 5951 6169 17058 1939 9175 1953 3406 11 11 2843 2349 7627 13269 1910 24069 3509 378 4853 1914 4 6243 10455 2397 8371 3055 6440 1955 8200 2397 6824 7522 4 11384 7278 1912 14747 11 11 15945 7504 20958 3351 11 11 378 2218 1939 8200 2397 2186 6824 2247 7789 10369 1913 5905 2038 2232 378 2637 7355 9769 2491 4972 2247 4 2038 3 5085 2265 1974 1939 11 11 7700 4 18860 2076 4529 2161 3389 13311 1912 5440 2618 3182 2182 1007 3720 4 6543 4 7091 3799 3216 2788 1035 4 4788 2366 4 15984 9584 2038 13311 2743 4 7898 6235 1911 1955 28680 1904 13647 1912 4957 18 3
I1023 20:06:20.286243 47835828950080 create_pretraining_data.py:161] input_ids: 2 4 4 4 4 4 10906 18954 30 11 5951 6169 17058 1939 9175 1953 3406 11 11 2843 2349 7627 13269 1910 24069 3509 378 4853 1914 4 6243 10455 2397 8371 3055 6440 1955 8200 2397 6824 7522 4 11384 7278 1912 14747 11 11 15945 7504 20958 3351 11 11 378 2218 1939 8200 2397 2186 6824 2247 7789 10369 1913 5905 2038 2232 378 2637 7355 9769 2491 4972 2247 4 2038 3 5085 2265 1974 1939 11 11 7700 4 18860 2076 4529 2161 3389 13311 1912 5440 2618 3182 2182 1007 3720 4 6543 4 7091 3799 3216 2788 1035 4 4788 2366 4 15984 9584 2038 13311 2743 4 7898 6235 1911 1955 28680 1904 13647 1912 4957 18 3
INFO:tensorflow:input_mask: 1 1 1 1 1 1 1 1 1 1 1 1 1 1 1 1 1 1 1 1 1 1 1 1 1 1 1 1 1 1 1 1 1 1 1 1 1 1 1 1 1 1 1 1 1 1 1 1 1 1 1 1 1 1 1 1 1 1 1 1 1 1 1 1 1 1 1 1 1 1 1 1 1 1 1 1 1 1 1 1 1 1 1 1 1 1 1 1 1 1 1 1 1 1 1 1 1 1 1 1 1 1 1 1 1 1 1 1 1 1 1 1 1 1 1 1 1 1 1 1 1 1 1 1 1 1 1 1
I1023 20:06:20.286374 47835828950080 create_pretraining_data.py:161] input_mask: 1 1 1 1 1 1 1 1 1 1 1 1 1 1 1 1 1 1 1 1 1 1 1 1 1 1 1 1 1 1 1 1 1 1 1 1 1 1 1 1 1 1 1 1 1 1 1 1 1 1 1 1 1 1 1 1 1 1 1 1 1 1 1 1 1 1 1 1 1 1 1 1 1 1 1 1 1 1 1 1 1 1 1 1 1 1 1 1 1 1 1 1 1 1 1 1 1 1 1 1 1 1 1 1 1 1 1 1 1 1 1 1 1 1 1 1 1 1 1 1 1 1 1 1 1 1 1 1
INFO:tensorflow:segment_ids: 0 0 0 0 0 0 0 0 0 0 0 0 0 0 0 0 0 0 0 0 0 0 0 0 0 0 0 0 0 0 0 0 0 0 0 0 0 0 0 0 0 0 0 0 0 0 0 0 0 0 0 0 0 0 0 0 0 0 0 0 0 0 0 0 0 0 0 0 0 0 0 0 0 0 0 0 0 0 1 1 1 1 1 1 1 1 1 1 1 1 1 1 1 1 1 1 1 1 1 1 1 1 1 1 1 1 1 1 1 1 1 1 1 1 1 1 1 1 1 1 1 1 1 1 1 1 1 1
I1023 20:06:20.286498 47835828950080 create_pretraining_data.py:161] segment_ids: 0 0 0 0 0 0 0 0 0 0 0 0 0 0 0 0 0 0 0 0 0 0 0 0 0 0 0 0 0 0 0 0 0 0 0 0 0 0 0 0 0 0 0 0 0 0 0 0 0 0 0 0 0 0 0 0 0 0 0 0 0 0 0 0 0 0 0 0 0 0 0 0 0 0 0 0 0 0 1 1 1 1 1 1 1 1 1 1 1 1 1 1 1 1 1 1 1 1 1 1 1 1 1 1 1 1 1 1 1 1 1 1 1 1 1 1 1 1 1 1 1 1 1 1 1 1 1 1
INFO:tensorflow:masked_lm_positions: 1 2 3 4 5 10 29 41 48 75 82 85 99 101 103 107 110 111 116 0
I1023 20:06:20.286592 47835828950080 create_pretraining_data.py:161] masked_lm_positions: 1 2 3 4 5 10 29 41 48 75 82 85 99 101 103 107 110 111 116 0
INFO:tensorflow:masked_lm_ids: 2302 2078 3359 2186 5019 11 1953 378 2397 1939 11 2130 3075 18473 5440 2908 5371 2043 12867 0
I1023 20:06:20.286709 47835828950080 create_pretraining_data.py:161] masked_lm_ids: 2302 2078 3359 2186 5019 11 1953 378 2397 1939 11 2130 3075 18473 5440 2908 5371 2043 12867 0
INFO:tensorflow:masked_lm_weights: 1.0 1.0 1.0 1.0 1.0 1.0 1.0 1.0 1.0 1.0 1.0 1.0 1.0 1.0 1.0 1.0 1.0 1.0 1.0 0.0
I1023 20:06:20.286804 47835828950080 create_pretraining_data.py:161] masked_lm_weights: 1.0 1.0 1.0 1.0 1.0 1.0 1.0 1.0 1.0 1.0 1.0 1.0 1.0 1.0 1.0 1.0 1.0 1.0 1.0 0.0
INFO:tensorflow:next_sentence_labels: 1
I1023 20:06:20.286889 47835828950080 create_pretraining_data.py:161] next_sentence_labels: 1
INFO:tensorflow:*** Example ***
I1023 20:06:20.287370 47835828950080 create_pretraining_data.py:149] *** Example ***
INFO:tensorflow:tokens: [CLS] ##ته بعد [MASK] حاول ان يقل ##د مشي ##ة غيره . هذا بالاضافة الى [MASK] الخ ##نج او ما اصبح [MASK] عليه زور ##ا [MASK] . اما كتاب المقالات [MASK] الصحف اليومية ومست ##وى واس ##لوب الجارى الذي يقدم للقر ##اء في ##حتاج الى [MASK] خاصة بحد ذاته . اصبحنا نق ##رأ مشا ##جرا ##ت على الهواء . وتس ##ديد [MASK] وتفعيل خصومات وجميع ##ها ليس للق ##ارئ ناق ##ة [SEP] من السهل جدا ان يرفع [MASK] [MASK] [MASK] وما اكثرهم هذه [MASK] ، حتى [MASK] اك ##اد اج ##زم ان عدد كتاب احدى الصحف اليومية يتجاوز عدد قرا ##ئها - سماع ##ة الهاتف لي ##طلب ##وا من يحب ##ذ ##ون ليتم التفاهم ترجم وطننا من الفض ##ائح [MASK] [MASK] الحسابات الشخصية على [MASK] القارئ . [SEP]
I1023 20:06:20.287536 47835828950080 create_pretraining_data.py:151] tokens: [CLS] ##ته بعد [MASK] حاول ان يقل ##د مشي ##ة غيره . هذا بالاضافة الى [MASK] الخ ##نج او ما اصبح [MASK] عليه زور ##ا [MASK] . اما كتاب المقالات [MASK] الصحف اليومية ومست ##وى واس ##لوب الجارى الذي يقدم للقر ##اء في ##حتاج الى [MASK] خاصة بحد ذاته . اصبحنا نق ##رأ مشا ##جرا ##ت على الهواء . وتس ##ديد [MASK] وتفعيل خصومات وجميع ##ها ليس للق ##ارئ ناق ##ة [SEP] من السهل جدا ان يرفع [MASK] [MASK] [MASK] وما اكثرهم هذه [MASK] ، حتى [MASK] اك ##اد اج ##زم ان عدد كتاب احدى الصحف اليومية يتجاوز عدد قرا ##ئها - سماع ##ة الهاتف لي ##طلب ##وا من يحب ##ذ ##ون ليتم التفاهم ترجم وطننا من الفض ##ائح [MASK] [MASK] الحسابات الشخصية على [MASK] القارئ . [SEP]
INFO:tensorflow:input_ids: 2 2076 2089 4 6346 1939 10205 1016 20284 1043 5504 18 2085 11875 2186 4 1995 3145 2213 1972 4768 4 2181 24843 1007 4 18 3910 3437 11383 4 7540 8846 6197 2254 3402 2529 25203 2130 5234 15323 1954 1912 5937 2186 4 3481 12769 8321 18 8161 3345 8433 15442 29985 1005 1961 8238 18 5102 2212 4 24815 27340 6685 1913 2618 3178 8114 7786 1043 3 1908 16286 2882 1939 8844 4 4 4 2564 26215 2159 4 378 2494 4 3678 1950 2188 2741 1939 2548 3437 13378 7540 8846 11562 2548 8092 10614 17 13946 1043 7413 2134 3706 1928 1908 3866 1035 1922 22421 22614 24456 16833 1908 4119 5779 4 4 10689 5675 1961 4 11801 18 3
I1023 20:06:20.287694 47835828950080 create_pretraining_data.py:161] input_ids: 2 2076 2089 4 6346 1939 10205 1016 20284 1043 5504 18 2085 11875 2186 4 1995 3145 2213 1972 4768 4 2181 24843 1007 4 18 3910 3437 11383 4 7540 8846 6197 2254 3402 2529 25203 2130 5234 15323 1954 1912 5937 2186 4 3481 12769 8321 18 8161 3345 8433 15442 29985 1005 1961 8238 18 5102 2212 4 24815 27340 6685 1913 2618 3178 8114 7786 1043 3 1908 16286 2882 1939 8844 4 4 4 2564 26215 2159 4 378 2494 4 3678 1950 2188 2741 1939 2548 3437 13378 7540 8846 11562 2548 8092 10614 17 13946 1043 7413 2134 3706 1928 1908 3866 1035 1922 22421 22614 24456 16833 1908 4119 5779 4 4 10689 5675 1961 4 11801 18 3
INFO:tensorflow:input_mask: 1 1 1 1 1 1 1 1 1 1 1 1 1 1 1 1 1 1 1 1 1 1 1 1 1 1 1 1 1 1 1 1 1 1 1 1 1 1 1 1 1 1 1 1 1 1 1 1 1 1 1 1 1 1 1 1 1 1 1 1 1 1 1 1 1 1 1 1 1 1 1 1 1 1 1 1 1 1 1 1 1 1 1 1 1 1 1 1 1 1 1 1 1 1 1 1 1 1 1 1 1 1 1 1 1 1 1 1 1 1 1 1 1 1 1 1 1 1 1 1 1 1 1 1 1 1 1 1
I1023 20:06:20.287838 47835828950080 create_pretraining_data.py:161] input_mask: 1 1 1 1 1 1 1 1 1 1 1 1 1 1 1 1 1 1 1 1 1 1 1 1 1 1 1 1 1 1 1 1 1 1 1 1 1 1 1 1 1 1 1 1 1 1 1 1 1 1 1 1 1 1 1 1 1 1 1 1 1 1 1 1 1 1 1 1 1 1 1 1 1 1 1 1 1 1 1 1 1 1 1 1 1 1 1 1 1 1 1 1 1 1 1 1 1 1 1 1 1 1 1 1 1 1 1 1 1 1 1 1 1 1 1 1 1 1 1 1 1 1 1 1 1 1 1 1
INFO:tensorflow:segment_ids: 0 0 0 0 0 0 0 0 0 0 0 0 0 0 0 0 0 0 0 0 0 0 0 0 0 0 0 0 0 0 0 0 0 0 0 0 0 0 0 0 0 0 0 0 0 0 0 0 0 0 0 0 0 0 0 0 0 0 0 0 0 0 0 0 0 0 0 0 0 0 0 0 1 1 1 1 1 1 1 1 1 1 1 1 1 1 1 1 1 1 1 1 1 1 1 1 1 1 1 1 1 1 1 1 1 1 1 1 1 1 1 1 1 1 1 1 1 1 1 1 1 1 1 1 1 1 1 1
I1023 20:06:20.287965 47835828950080 create_pretraining_data.py:161] segment_ids: 0 0 0 0 0 0 0 0 0 0 0 0 0 0 0 0 0 0 0 0 0 0 0 0 0 0 0 0 0 0 0 0 0 0 0 0 0 0 0 0 0 0 0 0 0 0 0 0 0 0 0 0 0 0 0 0 0 0 0 0 0 0 0 0 0 0 0 0 0 0 0 0 1 1 1 1 1 1 1 1 1 1 1 1 1 1 1 1 1 1 1 1 1 1 1 1 1 1 1 1 1 1 1 1 1 1 1 1 1 1 1 1 1 1 1 1 1 1 1 1 1 1 1 1 1 1 1 1
INFO:tensorflow:masked_lm_positions: 3 15 21 25 30 37 45 61 63 77 78 79 83 86 114 115 119 120 124 0
I1023 20:06:20.288058 47835828950080 create_pretraining_data.py:161] masked_lm_positions: 3 15 21 25 30 37 45 61 63 77 78 79 83 86 114 115 119 120 124 0
INFO:tensorflow:masked_lm_ids: 1939 13363 8895 13557 1912 27072 29189 6354 27340 3437 11383 17 4997 9196 3860 6411 5580 5673 3144 0
I1023 20:06:20.288149 47835828950080 create_pretraining_data.py:161] masked_lm_ids: 1939 13363 8895 13557 1912 27072 29189 6354 27340 3437 11383 17 4997 9196 3860 6411 5580 5673 3144 0
INFO:tensorflow:masked_lm_weights: 1.0 1.0 1.0 1.0 1.0 1.0 1.0 1.0 1.0 1.0 1.0 1.0 1.0 1.0 1.0 1.0 1.0 1.0 1.0 0.0
I1023 20:06:20.288243 47835828950080 create_pretraining_data.py:161] masked_lm_weights: 1.0 1.0 1.0 1.0 1.0 1.0 1.0 1.0 1.0 1.0 1.0 1.0 1.0 1.0 1.0 1.0 1.0 1.0 1.0 0.0
INFO:tensorflow:next_sentence_labels: 0
I1023 20:06:20.288326 47835828950080 create_pretraining_data.py:161] next_sentence_labels: 0
INFO:tensorflow:*** Example ***
I1023 20:06:20.288806 47835828950080 create_pretraining_data.py:149] *** Example ***
INFO:tensorflow:tokens: [CLS] كل المجالس النيابية في [MASK] على اختلاف تسمي ##اتها تشهد مجال ##ا حاد ##ا وهذا أمر [MASK] [MASK] مست ##بعد ولا غريب في الديموقراطية لكن حين يحاول بعض النواب الاستع ##راض بالص ##راخ والشتائم والات ##هام ##ات فان مثل [MASK] [MASK] لا يمكن قبول ##ه ولا [MASK] التصويت لمثل اختارت النوعية من [MASK] لانها تحتاج [MASK] دورات تدريبية لط ##ريقة [MASK] واحترام الرأي الاخر والم ##وقف الاخر وهذا ما هو [MASK] متوا ##فر لديهم . [SEP] يوسف الشه ##اب [SEP]
I1023 20:06:20.288954 47835828950080 create_pretraining_data.py:151] tokens: [CLS] كل المجالس النيابية في [MASK] على اختلاف تسمي ##اتها تشهد مجال ##ا حاد ##ا وهذا أمر [MASK] [MASK] مست ##بعد ولا غريب في الديموقراطية لكن حين يحاول بعض النواب الاستع ##راض بالص ##راخ والشتائم والات ##هام ##ات فان مثل [MASK] [MASK] لا يمكن قبول ##ه ولا [MASK] التصويت لمثل اختارت النوعية من [MASK] لانها تحتاج [MASK] دورات تدريبية لط ##ريقة [MASK] واحترام الرأي الاخر والم ##وقف الاخر وهذا ما هو [MASK] متوا ##فر لديهم . [SEP] يوسف الشه ##اب [SEP]
INFO:tensorflow:input_ids: 2 2038 11767 13505 1912 4 1961 10454 16769 3793 9130 3697 1007 21093 1007 3265 4319 4 4 2257 9822 2086 7443 1912 15459 2425 2823 7521 2346 5690 15872 2921 5013 15923 23865 6714 4327 1904 2712 2546 4 4 1963 2490 11053 1028 2086 4 8019 21122 28007 23853 1908 4 8039 5496 4 8678 16357 4651 3547 4 14407 6640 3762 2119 2836 3762 3265 1972 2139 4 12139 2051 8524 18 3 4307 4047 1933 3 0 0 0 0 0 0 0 0 0 0 0 0 0 0 0 0 0 0 0 0 0 0 0 0 0 0 0 0 0 0 0 0 0 0 0 0 0 0 0 0 0 0 0 0 0 0 0
I1023 20:06:20.289113 47835828950080 create_pretraining_data.py:161] input_ids: 2 2038 11767 13505 1912 4 1961 10454 16769 3793 9130 3697 1007 21093 1007 3265 4319 4 4 2257 9822 2086 7443 1912 15459 2425 2823 7521 2346 5690 15872 2921 5013 15923 23865 6714 4327 1904 2712 2546 4 4 1963 2490 11053 1028 2086 4 8019 21122 28007 23853 1908 4 8039 5496 4 8678 16357 4651 3547 4 14407 6640 3762 2119 2836 3762 3265 1972 2139 4 12139 2051 8524 18 3 4307 4047 1933 3 0 0 0 0 0 0 0 0 0 0 0 0 0 0 0 0 0 0 0 0 0 0 0 0 0 0 0 0 0 0 0 0 0 0 0 0 0 0 0 0 0 0 0 0 0 0 0
INFO:tensorflow:input_mask: 1 1 1 1 1 1 1 1 1 1 1 1 1 1 1 1 1 1 1 1 1 1 1 1 1 1 1 1 1 1 1 1 1 1 1 1 1 1 1 1 1 1 1 1 1 1 1 1 1 1 1 1 1 1 1 1 1 1 1 1 1 1 1 1 1 1 1 1 1 1 1 1 1 1 1 1 1 1 1 1 1 0 0 0 0 0 0 0 0 0 0 0 0 0 0 0 0 0 0 0 0 0 0 0 0 0 0 0 0 0 0 0 0 0 0 0 0 0 0 0 0 0 0 0 0 0 0 0
I1023 20:06:20.289247 47835828950080 create_pretraining_data.py:161] input_mask: 1 1 1 1 1 1 1 1 1 1 1 1 1 1 1 1 1 1 1 1 1 1 1 1 1 1 1 1 1 1 1 1 1 1 1 1 1 1 1 1 1 1 1 1 1 1 1 1 1 1 1 1 1 1 1 1 1 1 1 1 1 1 1 1 1 1 1 1 1 1 1 1 1 1 1 1 1 1 1 1 1 0 0 0 0 0 0 0 0 0 0 0 0 0 0 0 0 0 0 0 0 0 0 0 0 0 0 0 0 0 0 0 0 0 0 0 0 0 0 0 0 0 0 0 0 0 0 0
INFO:tensorflow:segment_ids: 0 0 0 0 0 0 0 0 0 0 0 0 0 0 0 0 0 0 0 0 0 0 0 0 0 0 0 0 0 0 0 0 0 0 0 0 0 0 0 0 0 0 0 0 0 0 0 0 0 0 0 0 0 0 0 0 0 0 0 0 0 0 0 0 0 0 0 0 0 0 0 0 0 0 0 0 0 1 1 1 1 0 0 0 0 0 0 0 0 0 0 0 0 0 0 0 0 0 0 0 0 0 0 0 0 0 0 0 0 0 0 0 0 0 0 0 0 0 0 0 0 0 0 0 0 0 0 0
I1023 20:06:20.289372 47835828950080 create_pretraining_data.py:161] segment_ids: 0 0 0 0 0 0 0 0 0 0 0 0 0 0 0 0 0 0 0 0 0 0 0 0 0 0 0 0 0 0 0 0 0 0 0 0 0 0 0 0 0 0 0 0 0 0 0 0 0 0 0 0 0 0 0 0 0 0 0 0 0 0 0 0 0 0 0 0 0 0 0 0 0 0 0 0 0 1 1 1 1 0 0 0 0 0 0 0 0 0 0 0 0 0 0 0 0 0 0 0 0 0 0 0 0 0 0 0 0 0 0 0 0 0 0 0 0 0 0 0 0 0 0 0 0 0 0 0
INFO:tensorflow:masked_lm_positions: 5 17 18 28 40 41 47 50 53 56 61 71 0 0 0 0 0 0 0 0
I1023 20:06:20.289464 47835828950080 create_pretraining_data.py:161] masked_lm_positions: 5 17 18 28 40 41 47 50 53 56 61 71 0 0 0 0 0 0 0 0
INFO:tensorflow:masked_lm_ids: 2337 8190 3387 2346 2085 14223 15372 2159 5690 2186 3242 2224 0 0 0 0 0 0 0 0
I1023 20:06:20.289555 47835828950080 create_pretraining_data.py:161] masked_lm_ids: 2337 8190 3387 2346 2085 14223 15372 2159 5690 2186 3242 2224 0 0 0 0 0 0 0 0
INFO:tensorflow:masked_lm_weights: 1.0 1.0 1.0 1.0 1.0 1.0 1.0 1.0 1.0 1.0 1.0 1.0 0.0 0.0 0.0 0.0 0.0 0.0 0.0 0.0
I1023 20:06:20.289654 47835828950080 create_pretraining_data.py:161] masked_lm_weights: 1.0 1.0 1.0 1.0 1.0 1.0 1.0 1.0 1.0 1.0 1.0 1.0 0.0 0.0 0.0 0.0 0.0 0.0 0.0 0.0
INFO:tensorflow:next_sentence_labels: 0
I1023 20:06:20.289738 47835828950080 create_pretraining_data.py:161] next_sentence_labels: 0
INFO:tensorflow:*** Example ***
I1023 20:06:20.290208 47835828950080 create_pretraining_data.py:149] *** Example ***
INFO:tensorflow:tokens: [CLS] [MASK] لا حافظوا هنا الا ما قال نبي [MASK] صلى الله [MASK] وعلى آله وسلم [MASK] ' [MASK] لا تفت ##ني بما يقولون عني واست ##ر على ما [MASK] يعلمون واجعلني [MASK] مما يظنون ' ' . [SEP] ومن كثرة الضغوط سلم بالام ##ر الواقع للاخ ##وان نار يا [MASK] نار . . وقلبي است ##وى ولع ##ان [SEP]
I1023 20:06:20.290342 47835828950080 create_pretraining_data.py:151] tokens: [CLS] [MASK] لا حافظوا هنا الا ما قال نبي [MASK] صلى الله [MASK] وعلى آله وسلم [MASK] ' [MASK] لا تفت ##ني بما يقولون عني واست ##ر على ما [MASK] يعلمون واجعلني [MASK] مما يظنون ' ' . [SEP] ومن كثرة الضغوط سلم بالام ##ر الواقع للاخ ##وان نار يا [MASK] نار . . وقلبي است ##وى ولع ##ان [SEP]
INFO:tensorflow:input_ids: 2 4 1963 26020 2349 1915 1972 2136 6368 4 2977 1953 4 3720 17286 2565 4 11 4 1963 8306 1974 2908 6546 4449 2983 1017 1961 1972 4 13808 28347 4 3077 28890 11 11 18 3 2298 15235 15770 3118 8927 1017 4915 20854 2255 6361 2104 4 6361 18 18 17233 2052 2254 7139 1906 3 0 0 0 0 0 0 0 0 0 0 0 0 0 0 0 0 0 0 0 0 0 0 0 0 0 0 0 0 0 0 0 0 0 0 0 0 0 0 0 0 0 0 0 0 0 0 0 0 0 0 0 0 0 0 0 0 0 0 0 0 0 0 0 0 0 0 0 0
I1023 20:06:20.290497 47835828950080 create_pretraining_data.py:161] input_ids: 2 4 1963 26020 2349 1915 1972 2136 6368 4 2977 1953 4 3720 17286 2565 4 11 4 1963 8306 1974 2908 6546 4449 2983 1017 1961 1972 4 13808 28347 4 3077 28890 11 11 18 3 2298 15235 15770 3118 8927 1017 4915 20854 2255 6361 2104 4 6361 18 18 17233 2052 2254 7139 1906 3 0 0 0 0 0 0 0 0 0 0 0 0 0 0 0 0 0 0 0 0 0 0 0 0 0 0 0 0 0 0 0 0 0 0 0 0 0 0 0 0 0 0 0 0 0 0 0 0 0 0 0 0 0 0 0 0 0 0 0 0 0 0 0 0 0 0 0 0
INFO:tensorflow:input_mask: 1 1 1 1 1 1 1 1 1 1 1 1 1 1 1 1 1 1 1 1 1 1 1 1 1 1 1 1 1 1 1 1 1 1 1 1 1 1 1 1 1 1 1 1 1 1 1 1 1 1 1 1 1 1 1 1 1 1 1 1 0 0 0 0 0 0 0 0 0 0 0 0 0 0 0 0 0 0 0 0 0 0 0 0 0 0 0 0 0 0 0 0 0 0 0 0 0 0 0 0 0 0 0 0 0 0 0 0 0 0 0 0 0 0 0 0 0 0 0 0 0 0 0 0 0 0 0 0
I1023 20:06:20.290635 47835828950080 create_pretraining_data.py:161] input_mask: 1 1 1 1 1 1 1 1 1 1 1 1 1 1 1 1 1 1 1 1 1 1 1 1 1 1 1 1 1 1 1 1 1 1 1 1 1 1 1 1 1 1 1 1 1 1 1 1 1 1 1 1 1 1 1 1 1 1 1 1 0 0 0 0 0 0 0 0 0 0 0 0 0 0 0 0 0 0 0 0 0 0 0 0 0 0 0 0 0 0 0 0 0 0 0 0 0 0 0 0 0 0 0 0 0 0 0 0 0 0 0 0 0 0 0 0 0 0 0 0 0 0 0 0 0 0 0 0
INFO:tensorflow:segment_ids: 0 0 0 0 0 0 0 0 0 0 0 0 0 0 0 0 0 0 0 0 0 0 0 0 0 0 0 0 0 0 0 0 0 0 0 0 0 0 0 1 1 1 1 1 1 1 1 1 1 1 1 1 1 1 1 1 1 1 1 1 0 0 0 0 0 0 0 0 0 0 0 0 0 0 0 0 0 0 0 0 0 0 0 0 0 0 0 0 0 0 0 0 0 0 0 0 0 0 0 0 0 0 0 0 0 0 0 0 0 0 0 0 0 0 0 0 0 0 0 0 0 0 0 0 0 0 0 0
I1023 20:06:20.290762 47835828950080 create_pretraining_data.py:161] segment_ids: 0 0 0 0 0 0 0 0 0 0 0 0 0 0 0 0 0 0 0 0 0 0 0 0 0 0 0 0 0 0 0 0 0 0 0 0 0 0 0 1 1 1 1 1 1 1 1 1 1 1 1 1 1 1 1 1 1 1 1 1 0 0 0 0 0 0 0 0 0 0 0 0 0 0 0 0 0 0 0 0 0 0 0 0 0 0 0 0 0 0 0 0 0 0 0 0 0 0 0 0 0 0 0 0 0 0 0 0 0 0 0 0 0 0 0 0 0 0 0 0 0 0 0 0 0 0 0 0
INFO:tensorflow:masked_lm_positions: 1 3 9 12 16 18 29 32 50 0 0 0 0 0 0 0 0 0 0 0
I1023 20:06:20.290854 47835828950080 create_pretraining_data.py:161] masked_lm_positions: 1 3 9 12 16 18 29 32 50 0 0 0 0 0 0 0 0 0 0 0
INFO:tensorflow:masked_lm_ids: 3257 5300 20384 2181 11 2168 1963 5360 6485 0 0 0 0 0 0 0 0 0 0 0
I1023 20:06:20.290945 47835828950080 create_pretraining_data.py:161] masked_lm_ids: 3257 5300 20384 2181 11 2168 1963 5360 6485 0 0 0 0 0 0 0 0 0 0 0
INFO:tensorflow:masked_lm_weights: 1.0 1.0 1.0 1.0 1.0 1.0 1.0 1.0 1.0 0.0 0.0 0.0 0.0 0.0 0.0 0.0 0.0 0.0 0.0 0.0
I1023 20:06:20.291037 47835828950080 create_pretraining_data.py:161] masked_lm_weights: 1.0 1.0 1.0 1.0 1.0 1.0 1.0 1.0 1.0 0.0 0.0 0.0 0.0 0.0 0.0 0.0 0.0 0.0 0.0 0.0
INFO:tensorflow:next_sentence_labels: 1
I1023 20:06:20.291121 47835828950080 create_pretraining_data.py:161] next_sentence_labels: 1
INFO:tensorflow:*** Example ***
I1023 20:06:20.291611 47835828950080 create_pretraining_data.py:149] *** Example ***
INFO:tensorflow:tokens: [CLS] بعض طلاب وطالبات كلية الهندسة من تصرفات [MASK] الق ##وائم الانتخابية الذين يصر ##ون على حضوره ##م للانتخابات وترك محاضرات ##هم . [MASK] الطبية : حماس للمست ##جدات شهدت انتخابات العلوم الطبية [MASK] [MASK] هادئ ##ا اقامه ##ظم [MASK] ، حيث تم افتتاح الصناديق في الساعة التاسعة والنصف صباحا ، [MASK] [MASK] منسق ##و [MASK] الاستغفار في اجت ##ذاب الطلبة [MASK] خصوصا المست ##جد ##ين ، у الرغم [MASK] انتشار منسق ##ي الق ##وائم فان اقب ##ال الطلبة كان هادئ ##ا [MASK] انش ##غال الطلبة بالمح ##اضرات والمست [SEP] بغداد - رويترز - اشت ##بك مسلح ##ون اكر ##اد وع ##رب للسيط ##رة على مركز للشرطة في [MASK] [MASK] قرب [MASK] الايرانية بعد [MASK] استبد ##ل رائد كرد ##ي في قوة الشرطة المحلية بع ##ربي . [SEP]
I1023 20:06:20.291783 47835828950080 create_pretraining_data.py:151] tokens: [CLS] بعض طلاب وطالبات كلية الهندسة من تصرفات [MASK] الق ##وائم الانتخابية الذين يصر ##ون على حضوره ##م للانتخابات وترك محاضرات ##هم . [MASK] الطبية : حماس للمست ##جدات شهدت انتخابات العلوم الطبية [MASK] [MASK] هادئ ##ا اقامه ##ظم [MASK] ، حيث تم افتتاح الصناديق في الساعة التاسعة والنصف صباحا ، [MASK] [MASK] منسق ##و [MASK] الاستغفار في اجت ##ذاب الطلبة [MASK] خصوصا المست ##جد ##ين ، у الرغم [MASK] انتشار منسق ##ي الق ##وائم فان اقب ##ال الطلبة كان هادئ ##ا [MASK] انش ##غال الطلبة بالمح ##اضرات والمست [SEP] بغداد - رويترز - اشت ##بك مسلح ##ون اكر ##اد وع ##رب للسيط ##رة على مركز للشرطة في [MASK] [MASK] قرب [MASK] الايرانية بعد [MASK] استبد ##ل رائد كرد ##ي في قوة الشرطة المحلية بع ##ربي . [SEP]
INFO:tensorflow:input_ids: 2 2346 6425 25607 5012 7718 1908 23702 4 1964 11973 10518 2677 28647 1922 1961 24962 1015 15858 6796 11388 1949 18 4 5563 30 6588 7935 11965 9667 7252 4196 5563 4 4 27724 1007 21321 2771 4 378 2455 2172 7118 29302 1912 4578 12338 17472 6116 378 4 4 20411 1012 4 6745 1912 3631 4224 9965 4 5770 2338 2448 1911 378 314 7363 4 9447 20411 1013 1964 11973 2712 25118 1901 9965 2055 27724 1007 4 4051 4956 9965 11958 7616 6345 3 5602 17 12002 17 3583 2309 14003 1922 15716 1950 2141 1975 27699 2037 1961 3231 24640 1912 4 4 4795 4 16610 2089 4 24902 1010 16543 12940 1013 1912 6080 5044 5223 2704 2285 18 3
I1023 20:06:20.291949 47835828950080 create_pretraining_data.py:161] input_ids: 2 2346 6425 25607 5012 7718 1908 23702 4 1964 11973 10518 2677 28647 1922 1961 24962 1015 15858 6796 11388 1949 18 4 5563 30 6588 7935 11965 9667 7252 4196 5563 4 4 27724 1007 21321 2771 4 378 2455 2172 7118 29302 1912 4578 12338 17472 6116 378 4 4 20411 1012 4 6745 1912 3631 4224 9965 4 5770 2338 2448 1911 378 314 7363 4 9447 20411 1013 1964 11973 2712 25118 1901 9965 2055 27724 1007 4 4051 4956 9965 11958 7616 6345 3 5602 17 12002 17 3583 2309 14003 1922 15716 1950 2141 1975 27699 2037 1961 3231 24640 1912 4 4 4795 4 16610 2089 4 24902 1010 16543 12940 1013 1912 6080 5044 5223 2704 2285 18 3
INFO:tensorflow:input_mask: 1 1 1 1 1 1 1 1 1 1 1 1 1 1 1 1 1 1 1 1 1 1 1 1 1 1 1 1 1 1 1 1 1 1 1 1 1 1 1 1 1 1 1 1 1 1 1 1 1 1 1 1 1 1 1 1 1 1 1 1 1 1 1 1 1 1 1 1 1 1 1 1 1 1 1 1 1 1 1 1 1 1 1 1 1 1 1 1 1 1 1 1 1 1 1 1 1 1 1 1 1 1 1 1 1 1 1 1 1 1 1 1 1 1 1 1 1 1 1 1 1 1 1 1 1 1 1 1
I1023 20:06:20.292080 47835828950080 create_pretraining_data.py:161] input_mask: 1 1 1 1 1 1 1 1 1 1 1 1 1 1 1 1 1 1 1 1 1 1 1 1 1 1 1 1 1 1 1 1 1 1 1 1 1 1 1 1 1 1 1 1 1 1 1 1 1 1 1 1 1 1 1 1 1 1 1 1 1 1 1 1 1 1 1 1 1 1 1 1 1 1 1 1 1 1 1 1 1 1 1 1 1 1 1 1 1 1 1 1 1 1 1 1 1 1 1 1 1 1 1 1 1 1 1 1 1 1 1 1 1 1 1 1 1 1 1 1 1 1 1 1 1 1 1 1
INFO:tensorflow:segment_ids: 0 0 0 0 0 0 0 0 0 0 0 0 0 0 0 0 0 0 0 0 0 0 0 0 0 0 0 0 0 0 0 0 0 0 0 0 0 0 0 0 0 0 0 0 0 0 0 0 0 0 0 0 0 0 0 0 0 0 0 0 0 0 0 0 0 0 0 0 0 0 0 0 0 0 0 0 0 0 0 0 0 0 0 0 0 0 0 0 0 0 1 1 1 1 1 1 1 1 1 1 1 1 1 1 1 1 1 1 1 1 1 1 1 1 1 1 1 1 1 1 1 1 1 1 1 1 1 1
I1023 20:06:20.292206 47835828950080 create_pretraining_data.py:161] segment_ids: 0 0 0 0 0 0 0 0 0 0 0 0 0 0 0 0 0 0 0 0 0 0 0 0 0 0 0 0 0 0 0 0 0 0 0 0 0 0 0 0 0 0 0 0 0 0 0 0 0 0 0 0 0 0 0 0 0 0 0 0 0 0 0 0 0 0 0 0 0 0 0 0 0 0 0 0 0 0 0 0 0 0 0 0 0 0 0 0 0 0 1 1 1 1 1 1 1 1 1 1 1 1 1 1 1 1 1 1 1 1 1 1 1 1 1 1 1 1 1 1 1 1 1 1 1 1 1 1
INFO:tensorflow:masked_lm_positions: 8 23 33 34 37 38 39 51 52 55 56 61 67 69 82 108 109 111 114 0
I1023 20:06:20.292307 47835828950080 create_pretraining_data.py:161] masked_lm_positions: 8 23 33 34 37 38 39 51 52 55 56 61 67 69 82 108 109 111 114 0
INFO:tensorflow:masked_lm_ids: 7426 4196 25118 3757 2298 2771 1007 23601 3848 1964 11973 10437 3720 1908 4909 25350 2602 4906 1939 0
I1023 20:06:20.292402 47835828950080 create_pretraining_data.py:161] masked_lm_ids: 7426 4196 25118 3757 2298 2771 1007 23601 3848 1964 11973 10437 3720 1908 4909 25350 2602 4906 1939 0
INFO:tensorflow:masked_lm_weights: 1.0 1.0 1.0 1.0 1.0 1.0 1.0 1.0 1.0 1.0 1.0 1.0 1.0 1.0 1.0 1.0 1.0 1.0 1.0 0.0
I1023 20:06:20.292495 47835828950080 create_pretraining_data.py:161] masked_lm_weights: 1.0 1.0 1.0 1.0 1.0 1.0 1.0 1.0 1.0 1.0 1.0 1.0 1.0 1.0 1.0 1.0 1.0 1.0 1.0 0.0
INFO:tensorflow:next_sentence_labels: 1
I1023 20:06:20.292578 47835828950080 create_pretraining_data.py:161] next_sentence_labels: 1
INFO:tensorflow:*** Example ***
I1023 20:06:20.293060 47835828950080 create_pretraining_data.py:149] *** Example ***
INFO:tensorflow:tokens: [CLS] فوق الرك ##ام [SEP] [MASK] ، [MASK] [MASK] [MASK] يع ##لوه العلم الأص ##فر ، رفع أص ##بع ##يه [MASK] [MASK] شار ##ة النصر [MASK] وابتسم للصور ##ة . اسمه : علي طالب عاصي . بيته : ثلاثة طوا ##بق ومش ##ت ##ل زيت ##ون وأف ##وك ##ا . في أنصار ، جبل التراب [MASK] [MASK] الشهداء ، وأنت ##جوا مشهد ##ا على الأحياء أن يتع ##اي ##شوا معه . المشهد شديد القس ##وة ، الده [MASK] تس ##ود عيون ##ا كثيرة ، لكنها ده ##شة لا تش ##ل الأي ##دي [MASK] الظلام منسق [MASK] على هذا المكان ، الذي كان قري ##تهم ، وعلى هذه البيوت التي كانت مؤلف ##ة من [MASK] طوا ##بق وأكثر . الظلام سيح ##ل وقد لا [MASK] [MASK] كلمة " [SEP]
I1023 20:06:20.293226 47835828950080 create_pretraining_data.py:151] tokens: [CLS] فوق الرك ##ام [SEP] [MASK] ، [MASK] [MASK] [MASK] يع ##لوه العلم الأص ##فر ، رفع أص ##بع ##يه [MASK] [MASK] شار ##ة النصر [MASK] وابتسم للصور ##ة . اسمه : علي طالب عاصي . بيته : ثلاثة طوا ##بق ومش ##ت ##ل زيت ##ون وأف ##وك ##ا . في أنصار ، جبل التراب [MASK] [MASK] الشهداء ، وأنت ##جوا مشهد ##ا على الأحياء أن يتع ##اي ##شوا معه . المشهد شديد القس ##وة ، الده [MASK] تس ##ود عيون ##ا كثيرة ، لكنها ده ##شة لا تش ##ل الأي ##دي [MASK] الظلام منسق [MASK] على هذا المكان ، الذي كان قري ##تهم ، وعلى هذه البيوت التي كانت مؤلف ##ة من [MASK] طوا ##بق وأكثر . الظلام سيح ##ل وقد لا [MASK] [MASK] كلمة " [SEP]
INFO:tensorflow:input_ids: 2 3589 6009 1921 3 4 378 4 4 4 2170 7677 2789 4847 2051 378 4391 2815 2581 1988 4 4 6905 1043 3059 4 18790 26044 1043 18 6079 30 1958 4458 29196 18 11541 30 4576 21283 10522 5199 1005 1010 6731 1922 8541 2356 1007 18 1912 16656 378 7141 10170 4 4 7868 378 10014 25832 11171 1007 1961 14150 1979 15377 2272 23712 3860 18 11509 9011 13854 2587 378 8946 4 2304 1993 3005 1007 6183 378 6958 4382 3463 1963 2284 1010 19453 1930 4 14278 20411 4 1961 2085 5401 378 2130 2055 7635 3378 378 3720 2159 13816 2061 2431 20817 1043 1908 4 21283 10522 11115 18 14278 20329 1010 2585 1963 4 4 4819 6 3
I1023 20:06:20.293378 47835828950080 create_pretraining_data.py:161] input_ids: 2 3589 6009 1921 3 4 378 4 4 4 2170 7677 2789 4847 2051 378 4391 2815 2581 1988 4 4 6905 1043 3059 4 18790 26044 1043 18 6079 30 1958 4458 29196 18 11541 30 4576 21283 10522 5199 1005 1010 6731 1922 8541 2356 1007 18 1912 16656 378 7141 10170 4 4 7868 378 10014 25832 11171 1007 1961 14150 1979 15377 2272 23712 3860 18 11509 9011 13854 2587 378 8946 4 2304 1993 3005 1007 6183 378 6958 4382 3463 1963 2284 1010 19453 1930 4 14278 20411 4 1961 2085 5401 378 2130 2055 7635 3378 378 3720 2159 13816 2061 2431 20817 1043 1908 4 21283 10522 11115 18 14278 20329 1010 2585 1963 4 4 4819 6 3
INFO:tensorflow:input_mask: 1 1 1 1 1 1 1 1 1 1 1 1 1 1 1 1 1 1 1 1 1 1 1 1 1 1 1 1 1 1 1 1 1 1 1 1 1 1 1 1 1 1 1 1 1 1 1 1 1 1 1 1 1 1 1 1 1 1 1 1 1 1 1 1 1 1 1 1 1 1 1 1 1 1 1 1 1 1 1 1 1 1 1 1 1 1 1 1 1 1 1 1 1 1 1 1 1 1 1 1 1 1 1 1 1 1 1 1 1 1 1 1 1 1 1 1 1 1 1 1 1 1 1 1 1 1 1 1
I1023 20:06:20.293520 47835828950080 create_pretraining_data.py:161] input_mask: 1 1 1 1 1 1 1 1 1 1 1 1 1 1 1 1 1 1 1 1 1 1 1 1 1 1 1 1 1 1 1 1 1 1 1 1 1 1 1 1 1 1 1 1 1 1 1 1 1 1 1 1 1 1 1 1 1 1 1 1 1 1 1 1 1 1 1 1 1 1 1 1 1 1 1 1 1 1 1 1 1 1 1 1 1 1 1 1 1 1 1 1 1 1 1 1 1 1 1 1 1 1 1 1 1 1 1 1 1 1 1 1 1 1 1 1 1 1 1 1 1 1 1 1 1 1 1 1
INFO:tensorflow:segment_ids: 0 0 0 0 0 1 1 1 1 1 1 1 1 1 1 1 1 1 1 1 1 1 1 1 1 1 1 1 1 1 1 1 1 1 1 1 1 1 1 1 1 1 1 1 1 1 1 1 1 1 1 1 1 1 1 1 1 1 1 1 1 1 1 1 1 1 1 1 1 1 1 1 1 1 1 1 1 1 1 1 1 1 1 1 1 1 1 1 1 1 1 1 1 1 1 1 1 1 1 1 1 1 1 1 1 1 1 1 1 1 1 1 1 1 1 1 1 1 1 1 1 1 1 1 1 1 1 1
I1023 20:06:20.293654 47835828950080 create_pretraining_data.py:161] segment_ids: 0 0 0 0 0 1 1 1 1 1 1 1 1 1 1 1 1 1 1 1 1 1 1 1 1 1 1 1 1 1 1 1 1 1 1 1 1 1 1 1 1 1 1 1 1 1 1 1 1 1 1 1 1 1 1 1 1 1 1 1 1 1 1 1 1 1 1 1 1 1 1 1 1 1 1 1 1 1 1 1 1 1 1 1 1 1 1 1 1 1 1 1 1 1 1 1 1 1 1 1 1 1 1 1 1 1 1 1 1 1 1 1 1 1 1 1 1 1 1 1 1 1 1 1 1 1 1 1
INFO:tensorflow:masked_lm_positions: 5 7 8 9 16 20 21 25 55 56 76 77 87 92 94 95 113 123 124 0
I1023 20:06:20.293751 47835828950080 create_pretraining_data.py:161] masked_lm_positions: 5 7 8 9 16 20 21 25 55 56 76 77 87 92 94 95 113 123 124 0
INFO:tensorflow:masked_lm_ids: 5182 2538 2102 1993 4391 4528 1931 378 12420 1954 8946 3463 1963 18 20329 1010 4576 2214 5108 0
I1023 20:06:20.293843 47835828950080 create_pretraining_data.py:161] masked_lm_ids: 5182 2538 2102 1993 4391 4528 1931 378 12420 1954 8946 3463 1963 18 20329 1010 4576 2214 5108 0
INFO:tensorflow:masked_lm_weights: 1.0 1.0 1.0 1.0 1.0 1.0 1.0 1.0 1.0 1.0 1.0 1.0 1.0 1.0 1.0 1.0 1.0 1.0 1.0 0.0
I1023 20:06:20.293938 47835828950080 create_pretraining_data.py:161] masked_lm_weights: 1.0 1.0 1.0 1.0 1.0 1.0 1.0 1.0 1.0 1.0 1.0 1.0 1.0 1.0 1.0 1.0 1.0 1.0 1.0 0.0
INFO:tensorflow:next_sentence_labels: 0
I1023 20:06:20.294023 47835828950080 create_pretraining_data.py:161] next_sentence_labels: 0
INFO:tensorflow:*** Example ***
I1023 20:06:20.294510 47835828950080 create_pretraining_data.py:149] *** Example ***
INFO:tensorflow:tokens: [CLS] واشار التركي ##ت الى ان هناك ثقة كبيرة بأ ##بنا ##ء الدائرة [MASK] اراد ##ة التغيير وكسر الاحت ##كار . وشدد اختلاف [MASK] لن يتنا ##زل ولن تكون هناك مفاوضات من اجل ث ##نيه على ما بدأ ##ه من اجل التغيير مشيرا الى انه يحمل اسم القبائل والع ##وائل دون تفر ##يق . [SEP] [MASK] ##ل [MASK] [MASK] [MASK] [MASK] المركز الرابع برصيد 23 نقطة [MASK] [MASK] لوك ##موت ##يف موسكو برصيد 22 [MASK] . [MASK] [MASK] كري ##ليا سوف ##يتو ##ف سام ##ارا المركز السادس برصيد 20 نقطة . ويق ##بع شين ##يك [MASK] [MASK] [MASK] في ذي ##ل القائمة برصيد سبع نقاط . وين ##اف ##س في [MASK] روسيا الممتاز هذا الموسم 16 نادي ##ا . [SEP]
I1023 20:06:20.294682 47835828950080 create_pretraining_data.py:151] tokens: [CLS] واشار التركي ##ت الى ان هناك ثقة كبيرة بأ ##بنا ##ء الدائرة [MASK] اراد ##ة التغيير وكسر الاحت ##كار . وشدد اختلاف [MASK] لن يتنا ##زل ولن تكون هناك مفاوضات من اجل ث ##نيه على ما بدأ ##ه من اجل التغيير مشيرا الى انه يحمل اسم القبائل والع ##وائل دون تفر ##يق . [SEP] [MASK] ##ل [MASK] [MASK] [MASK] [MASK] المركز الرابع برصيد 23 نقطة [MASK] [MASK] لوك ##موت ##يف موسكو برصيد 22 [MASK] . [MASK] [MASK] كري ##ليا سوف ##يتو ##ف سام ##ارا المركز السادس برصيد 20 نقطة . ويق ##بع شين ##يك [MASK] [MASK] [MASK] في ذي ##ل القائمة برصيد سبع نقاط . وين ##اف ##س في [MASK] روسيا الممتاز هذا الموسم 16 نادي ##ا . [SEP]
INFO:tensorflow:input_ids: 2 14149 6638 1005 2186 1939 2671 10605 3930 2499 24754 1053 14237 4 7304 1043 7946 26283 3185 4075 18 12709 10454 4 2404 22275 2596 4763 2652 2671 13232 1908 4434 391 2757 1961 1972 4272 1028 1908 4434 7946 5756 2186 2615 6372 2974 11268 2506 8034 2571 12667 3343 18 3 4 1010 4 4 4 4 3808 5677 17346 4287 5312 4 4 15524 17917 2032 9876 17346 4063 4 18 4 4 5608 3538 3641 18593 1037 4387 3588 3808 6400 17346 2056 5312 18 9976 2581 12196 2434 4 4 4 1912 6470 1010 8382 17346 7464 6509 18 3266 1982 1033 1912 4 4607 13104 2085 4249 3367 3557 1007 18 3 0 0 0 0 0 0 0 0
I1023 20:06:20.294849 47835828950080 create_pretraining_data.py:161] input_ids: 2 14149 6638 1005 2186 1939 2671 10605 3930 2499 24754 1053 14237 4 7304 1043 7946 26283 3185 4075 18 12709 10454 4 2404 22275 2596 4763 2652 2671 13232 1908 4434 391 2757 1961 1972 4272 1028 1908 4434 7946 5756 2186 2615 6372 2974 11268 2506 8034 2571 12667 3343 18 3 4 1010 4 4 4 4 3808 5677 17346 4287 5312 4 4 15524 17917 2032 9876 17346 4063 4 18 4 4 5608 3538 3641 18593 1037 4387 3588 3808 6400 17346 2056 5312 18 9976 2581 12196 2434 4 4 4 1912 6470 1010 8382 17346 7464 6509 18 3266 1982 1033 1912 4 4607 13104 2085 4249 3367 3557 1007 18 3 0 0 0 0 0 0 0 0
INFO:tensorflow:input_mask: 1 1 1 1 1 1 1 1 1 1 1 1 1 1 1 1 1 1 1 1 1 1 1 1 1 1 1 1 1 1 1 1 1 1 1 1 1 1 1 1 1 1 1 1 1 1 1 1 1 1 1 1 1 1 1 1 1 1 1 1 1 1 1 1 1 1 1 1 1 1 1 1 1 1 1 1 1 1 1 1 1 1 1 1 1 1 1 1 1 1 1 1 1 1 1 1 1 1 1 1 1 1 1 1 1 1 1 1 1 1 1 1 1 1 1 1 1 1 1 1 0 0 0 0 0 0 0 0
I1023 20:06:20.294982 47835828950080 create_pretraining_data.py:161] input_mask: 1 1 1 1 1 1 1 1 1 1 1 1 1 1 1 1 1 1 1 1 1 1 1 1 1 1 1 1 1 1 1 1 1 1 1 1 1 1 1 1 1 1 1 1 1 1 1 1 1 1 1 1 1 1 1 1 1 1 1 1 1 1 1 1 1 1 1 1 1 1 1 1 1 1 1 1 1 1 1 1 1 1 1 1 1 1 1 1 1 1 1 1 1 1 1 1 1 1 1 1 1 1 1 1 1 1 1 1 1 1 1 1 1 1 1 1 1 1 1 1 0 0 0 0 0 0 0 0
INFO:tensorflow:segment_ids: 0 0 0 0 0 0 0 0 0 0 0 0 0 0 0 0 0 0 0 0 0 0 0 0 0 0 0 0 0 0 0 0 0 0 0 0 0 0 0 0 0 0 0 0 0 0 0 0 0 0 0 0 0 0 0 1 1 1 1 1 1 1 1 1 1 1 1 1 1 1 1 1 1 1 1 1 1 1 1 1 1 1 1 1 1 1 1 1 1 1 1 1 1 1 1 1 1 1 1 1 1 1 1 1 1 1 1 1 1 1 1 1 1 1 1 1 1 1 1 1 0 0 0 0 0 0 0 0
I1023 20:06:20.295107 47835828950080 create_pretraining_data.py:161] segment_ids: 0 0 0 0 0 0 0 0 0 0 0 0 0 0 0 0 0 0 0 0 0 0 0 0 0 0 0 0 0 0 0 0 0 0 0 0 0 0 0 0 0 0 0 0 0 0 0 0 0 0 0 0 0 0 0 1 1 1 1 1 1 1 1 1 1 1 1 1 1 1 1 1 1 1 1 1 1 1 1 1 1 1 1 1 1 1 1 1 1 1 1 1 1 1 1 1 1 1 1 1 1 1 1 1 1 1 1 1 1 1 1 1 1 1 1 1 1 1 1 1 0 0 0 0 0 0 0 0
INFO:tensorflow:masked_lm_positions: 13 22 23 55 56 57 58 59 60 66 67 74 76 77 95 96 97 110 0 0
I1023 20:06:20.295201 47835828950080 create_pretraining_data.py:161] masked_lm_positions: 13 22 23 55 56 57 58 59 60 66 67 74 76 77 95 96 97 110 0 0
INFO:tensorflow:masked_lm_ids: 1961 1961 2615 12365 1010 12754 1911 12980 1906 8374 1028 5312 12365 1010 6502 29445 8915 4299 0 0
I1023 20:06:20.295291 47835828950080 create_pretraining_data.py:161] masked_lm_ids: 1961 1961 2615 12365 1010 12754 1911 12980 1906 8374 1028 5312 12365 1010 6502 29445 8915 4299 0 0
INFO:tensorflow:masked_lm_weights: 1.0 1.0 1.0 1.0 1.0 1.0 1.0 1.0 1.0 1.0 1.0 1.0 1.0 1.0 1.0 1.0 1.0 1.0 0.0 0.0
I1023 20:06:20.295385 47835828950080 create_pretraining_data.py:161] masked_lm_weights: 1.0 1.0 1.0 1.0 1.0 1.0 1.0 1.0 1.0 1.0 1.0 1.0 1.0 1.0 1.0 1.0 1.0 1.0 0.0 0.0
INFO:tensorflow:next_sentence_labels: 1
I1023 20:06:20.295469 47835828950080 create_pretraining_data.py:161] next_sentence_labels: 1
INFO:tensorflow:*** Example ***
I1023 20:06:20.295977 47835828950080 create_pretraining_data.py:149] *** Example ***
INFO:tensorflow:tokens: [CLS] [MASK] [MASK] ##ا للف ##نادق والمنت ##جع ##ات قد اعلنت يوم الاربعاء الماضي عن عزم ##ها الاستح ##وا ##ذ [MASK] حصة مؤثر ##ة [MASK] شركة بوش ##ندا ##ل المحدودة مما سيتي ##ح [MASK] فرصة المساهمة في المشروع [MASK] [MASK] الاستخدام ##ات المقرر انش ##ا ##ؤه على الارض التابعة لب ##وشن ##دال والبا ##لغ ##ة مساحتها 240 ##0 ه ##كت ##ار قرب فران ##شه [SEP] ##ي بط ##اق ##تها القديمة الى زيارة معرض ##ها للحصول على [MASK] الجديدة . . . وتع ##لن الفائزين في مسابقات يقع وت ##ويتر أعلنت اي ##كي ##ا الكويت أخيرا أسماء الفائزين عهد حملته ##ا على وسائل التواصل الاجتماعية [MASK] التي استمرت شهرا كاملا [MASK] [MASK] ##ملت مساب ##قتين منف ##صلت ##ين لمت ##ابع ##ي اي ##كي ##ا على [MASK] [MASK] [MASK] [SEP]
I1023 20:06:20.296143 47835828950080 create_pretraining_data.py:151] tokens: [CLS] [MASK] [MASK] ##ا للف ##نادق والمنت ##جع ##ات قد اعلنت يوم الاربعاء الماضي عن عزم ##ها الاستح ##وا ##ذ [MASK] حصة مؤثر ##ة [MASK] شركة بوش ##ندا ##ل المحدودة مما سيتي ##ح [MASK] فرصة المساهمة في المشروع [MASK] [MASK] الاستخدام ##ات المقرر انش ##ا ##ؤه على الارض التابعة لب ##وشن ##دال والبا ##لغ ##ة مساحتها 240 ##0 ه ##كت ##ار قرب فران ##شه [SEP] ##ي بط ##اق ##تها القديمة الى زيارة معرض ##ها للحصول على [MASK] الجديدة . . . وتع ##لن الفائزين في مسابقات يقع وت ##ويتر أعلنت اي ##كي ##ا الكويت أخيرا أسماء الفائزين عهد حملته ##ا على وسائل التواصل الاجتماعية [MASK] التي استمرت شهرا كاملا [MASK] [MASK] ##ملت مساب ##قتين منف ##صلت ##ين لمت ##ابع ##ي اي ##كي ##ا على [MASK] [MASK] [MASK] [SEP]
INFO:tensorflow:input_ids: 2 4 4 1007 3554 5904 7380 3464 1904 2251 11139 2232 6612 3274 1955 17016 1913 20650 1928 1035 4 14677 22339 1043 4 2753 8614 7057 1010 15783 3077 7952 1032 4 6549 17765 1912 4957 4 4 10727 1904 9194 4051 1007 7927 1961 3981 6953 2519 20322 13164 24720 2048 1043 26696 28686 1071 414 2053 1909 4795 16599 3990 3 1013 2522 2396 2377 7373 2186 5693 4992 1913 6608 1961 4 3895 18 18 18 3527 1962 18598 1912 8649 7772 2001 3581 6789 2218 2199 1007 3346 14054 8763 18598 6398 28898 1007 1961 5363 4180 5024 4 2061 14565 16170 12036 4 4 23504 4605 11985 12973 12125 1911 8213 2453 1013 2218 2199 1007 1961 4 4 4 3
I1023 20:06:20.296295 47835828950080 create_pretraining_data.py:161] input_ids: 2 4 4 1007 3554 5904 7380 3464 1904 2251 11139 2232 6612 3274 1955 17016 1913 20650 1928 1035 4 14677 22339 1043 4 2753 8614 7057 1010 15783 3077 7952 1032 4 6549 17765 1912 4957 4 4 10727 1904 9194 4051 1007 7927 1961 3981 6953 2519 20322 13164 24720 2048 1043 26696 28686 1071 414 2053 1909 4795 16599 3990 3 1013 2522 2396 2377 7373 2186 5693 4992 1913 6608 1961 4 3895 18 18 18 3527 1962 18598 1912 8649 7772 2001 3581 6789 2218 2199 1007 3346 14054 8763 18598 6398 28898 1007 1961 5363 4180 5024 4 2061 14565 16170 12036 4 4 23504 4605 11985 12973 12125 1911 8213 2453 1013 2218 2199 1007 1961 4 4 4 3
INFO:tensorflow:input_mask: 1 1 1 1 1 1 1 1 1 1 1 1 1 1 1 1 1 1 1 1 1 1 1 1 1 1 1 1 1 1 1 1 1 1 1 1 1 1 1 1 1 1 1 1 1 1 1 1 1 1 1 1 1 1 1 1 1 1 1 1 1 1 1 1 1 1 1 1 1 1 1 1 1 1 1 1 1 1 1 1 1 1 1 1 1 1 1 1 1 1 1 1 1 1 1 1 1 1 1 1 1 1 1 1 1 1 1 1 1 1 1 1 1 1 1 1 1 1 1 1 1 1 1 1 1 1 1 1
I1023 20:06:20.296425 47835828950080 create_pretraining_data.py:161] input_mask: 1 1 1 1 1 1 1 1 1 1 1 1 1 1 1 1 1 1 1 1 1 1 1 1 1 1 1 1 1 1 1 1 1 1 1 1 1 1 1 1 1 1 1 1 1 1 1 1 1 1 1 1 1 1 1 1 1 1 1 1 1 1 1 1 1 1 1 1 1 1 1 1 1 1 1 1 1 1 1 1 1 1 1 1 1 1 1 1 1 1 1 1 1 1 1 1 1 1 1 1 1 1 1 1 1 1 1 1 1 1 1 1 1 1 1 1 1 1 1 1 1 1 1 1 1 1 1 1
INFO:tensorflow:segment_ids: 0 0 0 0 0 0 0 0 0 0 0 0 0 0 0 0 0 0 0 0 0 0 0 0 0 0 0 0 0 0 0 0 0 0 0 0 0 0 0 0 0 0 0 0 0 0 0 0 0 0 0 0 0 0 0 0 0 0 0 0 0 0 0 0 0 1 1 1 1 1 1 1 1 1 1 1 1 1 1 1 1 1 1 1 1 1 1 1 1 1 1 1 1 1 1 1 1 1 1 1 1 1 1 1 1 1 1 1 1 1 1 1 1 1 1 1 1 1 1 1 1 1 1 1 1 1 1 1
I1023 20:06:20.296563 47835828950080 create_pretraining_data.py:161] segment_ids: 0 0 0 0 0 0 0 0 0 0 0 0 0 0 0 0 0 0 0 0 0 0 0 0 0 0 0 0 0 0 0 0 0 0 0 0 0 0 0 0 0 0 0 0 0 0 0 0 0 0 0 0 0 0 0 0 0 0 0 0 0 0 0 0 0 1 1 1 1 1 1 1 1 1 1 1 1 1 1 1 1 1 1 1 1 1 1 1 1 1 1 1 1 1 1 1 1 1 1 1 1 1 1 1 1 1 1 1 1 1 1 1 1 1 1 1 1 1 1 1 1 1 1 1 1 1 1 1
INFO:tensorflow:masked_lm_positions: 1 2 3 20 24 30 33 38 39 76 86 97 104 109 110 111 124 125 126 0
I1023 20:06:20.296665 47835828950080 create_pretraining_data.py:161] masked_lm_positions: 1 2 3 20 24 30 33 38 39 76 86 97 104 109 110 111 124 125 126 0
INFO:tensorflow:masked_lm_ids: 2753 14905 1007 1961 1908 3077 2553 5377 2282 21143 12719 1912 378 378 2347 23504 18636 2001 3581 0
I1023 20:06:20.296757 47835828950080 create_pretraining_data.py:161] masked_lm_ids: 2753 14905 1007 1961 1908 3077 2553 5377 2282 21143 12719 1912 378 378 2347 23504 18636 2001 3581 0
INFO:tensorflow:masked_lm_weights: 1.0 1.0 1.0 1.0 1.0 1.0 1.0 1.0 1.0 1.0 1.0 1.0 1.0 1.0 1.0 1.0 1.0 1.0 1.0 0.0
I1023 20:06:20.296851 47835828950080 create_pretraining_data.py:161] masked_lm_weights: 1.0 1.0 1.0 1.0 1.0 1.0 1.0 1.0 1.0 1.0 1.0 1.0 1.0 1.0 1.0 1.0 1.0 1.0 1.0 0.0
INFO:tensorflow:next_sentence_labels: 1
I1023 20:06:20.296936 47835828950080 create_pretraining_data.py:161] next_sentence_labels: 1
INFO:tensorflow:*** Example ***
I1023 20:06:20.297414 47835828950080 create_pretraining_data.py:149] *** Example ***
INFO:tensorflow:tokens: [CLS] ولكن تم توقيف الاز ##الة من [MASK] الجار المعت ##دي ! [SEP] [MASK] فيها اي تص ##اري ##ح للز ##راعة لانها منطقة غير مكت [MASK] البنية التحتية ، فق ##منا بمر ##اج ##عة مدير فرع محافظة [MASK] فقام بعمل تقرير لمد ##ير عام بلدية الكويت [MASK] محمد [MASK] [MASK] [MASK] ، وادخل [MASK] القسم الفني فقام ##وا بدراسة الموضوع واف ##اد ##وا [MASK] تطبق الزراعة واجب المقترح [MASK] [MASK] توزيع ##ه ، ثم راجع ##ت المدير العام [MASK] عيد النص ##ار فع ##مل تقرير افاد ##ة [MASK] المجلس البلدي لاتخاذ القرار بشأن ##ه ولم نح ##صل على اي نتيجة ، ثم حاولت [MASK] اق ##ابل الوزير عدة مرات ولكن ظروف عمله لم [MASK] ، فق ##ابل ##ت سكرت ##ير الوزير الاخ ايمن السر ##حان وقدمت له [SEP]
I1023 20:06:20.297576 47835828950080 create_pretraining_data.py:151] tokens: [CLS] ولكن تم توقيف الاز ##الة من [MASK] الجار المعت ##دي ! [SEP] [MASK] فيها اي تص ##اري ##ح للز ##راعة لانها منطقة غير مكت [MASK] البنية التحتية ، فق ##منا بمر ##اج ##عة مدير فرع محافظة [MASK] فقام بعمل تقرير لمد ##ير عام بلدية الكويت [MASK] محمد [MASK] [MASK] [MASK] ، وادخل [MASK] القسم الفني فقام ##وا بدراسة الموضوع واف ##اد ##وا [MASK] تطبق الزراعة واجب المقترح [MASK] [MASK] توزيع ##ه ، ثم راجع ##ت المدير العام [MASK] عيد النص ##ار فع ##مل تقرير افاد ##ة [MASK] المجلس البلدي لاتخاذ القرار بشأن ##ه ولم نح ##صل على اي نتيجة ، ثم حاولت [MASK] اق ##ابل الوزير عدة مرات ولكن ظروف عمله لم [MASK] ، فق ##ابل ##ت سكرت ##ير الوزير الاخ ايمن السر ##حان وقدمت له [SEP]
INFO:tensorflow:input_ids: 2 2637 2172 16788 4825 2343 1908 4 16005 4610 1930 5 3 4 2443 2218 2223 2140 1032 6675 4971 8039 3532 2224 3182 4 15060 12791 378 4162 11650 8923 2078 2029 3615 7410 4870 4 20027 9982 5388 24066 1916 2268 7310 3346 4 2202 4 4 4 378 25278 4 3438 5164 20027 1928 29995 3394 4124 1950 1928 4 24121 9902 9187 29473 4 4 7283 1028 378 2371 12203 1005 5294 2169 4 4776 4303 1909 2933 2182 5388 21606 1043 4 3654 10660 25046 4993 5380 1028 2743 3000 2107 1961 2218 4909 378 2371 11083 4 2536 3456 5581 4412 4661 2637 7960 8294 2043 4 378 4162 3456 1005 20979 1916 5581 2788 23686 4407 9979 27690 2154 3
I1023 20:06:20.297746 47835828950080 create_pretraining_data.py:161] input_ids: 2 2637 2172 16788 4825 2343 1908 4 16005 4610 1930 5 3 4 2443 2218 2223 2140 1032 6675 4971 8039 3532 2224 3182 4 15060 12791 378 4162 11650 8923 2078 2029 3615 7410 4870 4 20027 9982 5388 24066 1916 2268 7310 3346 4 2202 4 4 4 378 25278 4 3438 5164 20027 1928 29995 3394 4124 1950 1928 4 24121 9902 9187 29473 4 4 7283 1028 378 2371 12203 1005 5294 2169 4 4776 4303 1909 2933 2182 5388 21606 1043 4 3654 10660 25046 4993 5380 1028 2743 3000 2107 1961 2218 4909 378 2371 11083 4 2536 3456 5581 4412 4661 2637 7960 8294 2043 4 378 4162 3456 1005 20979 1916 5581 2788 23686 4407 9979 27690 2154 3
INFO:tensorflow:input_mask: 1 1 1 1 1 1 1 1 1 1 1 1 1 1 1 1 1 1 1 1 1 1 1 1 1 1 1 1 1 1 1 1 1 1 1 1 1 1 1 1 1 1 1 1 1 1 1 1 1 1 1 1 1 1 1 1 1 1 1 1 1 1 1 1 1 1 1 1 1 1 1 1 1 1 1 1 1 1 1 1 1 1 1 1 1 1 1 1 1 1 1 1 1 1 1 1 1 1 1 1 1 1 1 1 1 1 1 1 1 1 1 1 1 1 1 1 1 1 1 1 1 1 1 1 1 1 1 1
I1023 20:06:20.297879 47835828950080 create_pretraining_data.py:161] input_mask: 1 1 1 1 1 1 1 1 1 1 1 1 1 1 1 1 1 1 1 1 1 1 1 1 1 1 1 1 1 1 1 1 1 1 1 1 1 1 1 1 1 1 1 1 1 1 1 1 1 1 1 1 1 1 1 1 1 1 1 1 1 1 1 1 1 1 1 1 1 1 1 1 1 1 1 1 1 1 1 1 1 1 1 1 1 1 1 1 1 1 1 1 1 1 1 1 1 1 1 1 1 1 1 1 1 1 1 1 1 1 1 1 1 1 1 1 1 1 1 1 1 1 1 1 1 1 1 1
INFO:tensorflow:segment_ids: 0 0 0 0 0 0 0 0 0 0 0 0 0 1 1 1 1 1 1 1 1 1 1 1 1 1 1 1 1 1 1 1 1 1 1 1 1 1 1 1 1 1 1 1 1 1 1 1 1 1 1 1 1 1 1 1 1 1 1 1 1 1 1 1 1 1 1 1 1 1 1 1 1 1 1 1 1 1 1 1 1 1 1 1 1 1 1 1 1 1 1 1 1 1 1 1 1 1 1 1 1 1 1 1 1 1 1 1 1 1 1 1 1 1 1 1 1 1 1 1 1 1 1 1 1 1 1 1
I1023 20:06:20.298005 47835828950080 create_pretraining_data.py:161] segment_ids: 0 0 0 0 0 0 0 0 0 0 0 0 0 1 1 1 1 1 1 1 1 1 1 1 1 1 1 1 1 1 1 1 1 1 1 1 1 1 1 1 1 1 1 1 1 1 1 1 1 1 1 1 1 1 1 1 1 1 1 1 1 1 1 1 1 1 1 1 1 1 1 1 1 1 1 1 1 1 1 1 1 1 1 1 1 1 1 1 1 1 1 1 1 1 1 1 1 1 1 1 1 1 1 1 1 1 1 1 1 1 1 1 1 1 1 1 1 1 1 1 1 1 1 1 1 1 1 1
INFO:tensorflow:masked_lm_positions: 7 13 24 25 37 46 48 49 50 53 63 66 68 69 78 87 103 112 113 0
I1023 20:06:20.298097 47835828950080 create_pretraining_data.py:161] masked_lm_positions: 7 13 24 25 37 46 48 49 50 53 63 66 68 69 78 87 103 112 113 0
INFO:tensorflow:masked_lm_ids: 2289 4170 3182 12259 12893 7307 4776 4303 1909 2186 3010 3650 2130 2172 2202 2186 1939 2043 9166 0
I1023 20:06:20.298188 47835828950080 create_pretraining_data.py:161] masked_lm_ids: 2289 4170 3182 12259 12893 7307 4776 4303 1909 2186 3010 3650 2130 2172 2202 2186 1939 2043 9166 0
INFO:tensorflow:masked_lm_weights: 1.0 1.0 1.0 1.0 1.0 1.0 1.0 1.0 1.0 1.0 1.0 1.0 1.0 1.0 1.0 1.0 1.0 1.0 1.0 0.0
I1023 20:06:20.298282 47835828950080 create_pretraining_data.py:161] masked_lm_weights: 1.0 1.0 1.0 1.0 1.0 1.0 1.0 1.0 1.0 1.0 1.0 1.0 1.0 1.0 1.0 1.0 1.0 1.0 1.0 0.0
INFO:tensorflow:next_sentence_labels: 0
I1023 20:06:20.298366 47835828950080 create_pretraining_data.py:161] next_sentence_labels: 0
INFO:tensorflow:*** Example ***
I1023 20:06:20.298860 47835828950080 create_pretraining_data.py:149] *** Example ***
INFO:tensorflow:tokens: [CLS] السلطة التي لم يكن يزعج ##ها تواجد نواب [MASK] [MASK] السياسية يتب ##نون الخط المعارض في المناطق الداخلية ، وجدت في ظهور نواب معارض ##ين في المناطق الخارجية نك ##سة لنه ##ج السلطة وق ##وتها البرلمانية ، فكان ان تم اللجوء الى [MASK] [MASK] والس ##لاح السهل [MASK] الدخول في تفاصيل العملية الانتخابية للتأ ##ثير [MASK] [MASK] [MASK] [MASK] . [SEP] شكل التدخل انتقل من عدة اط ##وار فمن طور التدخل المست ##تر [MASK] الى [MASK] التدخل المعلن والمك ##شوف وصولا الى التدخل المفض ##وح والعا ##ري من اي ستر أو [MASK] [MASK] ومع احت ##دام [MASK] الانتخابية [MASK] القي ##ل والق ##ال الذي مل ##أ [MASK] الدائرة ماذا [MASK] [MASK] الذ ##ئب في الج ##ليب ؟ [SEP]
I1023 20:06:20.299022 47835828950080 create_pretraining_data.py:151] tokens: [CLS] السلطة التي لم يكن يزعج ##ها تواجد نواب [MASK] [MASK] السياسية يتب ##نون الخط المعارض في المناطق الداخلية ، وجدت في ظهور نواب معارض ##ين في المناطق الخارجية نك ##سة لنه ##ج السلطة وق ##وتها البرلمانية ، فكان ان تم اللجوء الى [MASK] [MASK] والس ##لاح السهل [MASK] الدخول في تفاصيل العملية الانتخابية للتأ ##ثير [MASK] [MASK] [MASK] [MASK] . [SEP] شكل التدخل انتقل من عدة اط ##وار فمن طور التدخل المست ##تر [MASK] الى [MASK] التدخل المعلن والمك ##شوف وصولا الى التدخل المفض ##وح والعا ##ري من اي ستر أو [MASK] [MASK] ومع احت ##دام [MASK] الانتخابية [MASK] القي ##ل والق ##ال الذي مل ##أ [MASK] الدائرة ماذا [MASK] [MASK] الذ ##ئب في الج ##ليب ؟ [SEP]
INFO:tensorflow:input_ids: 2 5422 2061 2043 3812 29018 1913 11444 12295 4 4 4004 25970 4095 3071 8967 1912 4902 4748 378 8198 1912 7694 12295 11081 1911 1912 4902 3796 9675 2190 27009 1041 5422 2135 11205 15056 378 6178 1939 2172 12651 2186 4 4 2604 2560 16286 4 4796 1912 5706 5920 10518 15297 2334 4 4 4 4 18 3 4814 10154 4481 1908 4412 2959 2364 4507 19839 10154 2338 2582 4 2186 4 10154 18372 11699 7656 13625 2186 10154 16550 2517 25637 1923 1908 2218 13595 2075 4 4 3191 2691 2718 4 10518 4 9318 1010 3309 1901 2130 8265 1046 4 14237 4682 4 4 2031 4332 1912 1970 4764 380 3 0 0 0 0 0 0 0 0 0
I1023 20:06:20.299186 47835828950080 create_pretraining_data.py:161] input_ids: 2 5422 2061 2043 3812 29018 1913 11444 12295 4 4 4004 25970 4095 3071 8967 1912 4902 4748 378 8198 1912 7694 12295 11081 1911 1912 4902 3796 9675 2190 27009 1041 5422 2135 11205 15056 378 6178 1939 2172 12651 2186 4 4 2604 2560 16286 4 4796 1912 5706 5920 10518 15297 2334 4 4 4 4 18 3 4814 10154 4481 1908 4412 2959 2364 4507 19839 10154 2338 2582 4 2186 4 10154 18372 11699 7656 13625 2186 10154 16550 2517 25637 1923 1908 2218 13595 2075 4 4 3191 2691 2718 4 10518 4 9318 1010 3309 1901 2130 8265 1046 4 14237 4682 4 4 2031 4332 1912 1970 4764 380 3 0 0 0 0 0 0 0 0 0
INFO:tensorflow:input_mask: 1 1 1 1 1 1 1 1 1 1 1 1 1 1 1 1 1 1 1 1 1 1 1 1 1 1 1 1 1 1 1 1 1 1 1 1 1 1 1 1 1 1 1 1 1 1 1 1 1 1 1 1 1 1 1 1 1 1 1 1 1 1 1 1 1 1 1 1 1 1 1 1 1 1 1 1 1 1 1 1 1 1 1 1 1 1 1 1 1 1 1 1 1 1 1 1 1 1 1 1 1 1 1 1 1 1 1 1 1 1 1 1 1 1 1 1 1 1 1 0 0 0 0 0 0 0 0 0
I1023 20:06:20.299318 47835828950080 create_pretraining_data.py:161] input_mask: 1 1 1 1 1 1 1 1 1 1 1 1 1 1 1 1 1 1 1 1 1 1 1 1 1 1 1 1 1 1 1 1 1 1 1 1 1 1 1 1 1 1 1 1 1 1 1 1 1 1 1 1 1 1 1 1 1 1 1 1 1 1 1 1 1 1 1 1 1 1 1 1 1 1 1 1 1 1 1 1 1 1 1 1 1 1 1 1 1 1 1 1 1 1 1 1 1 1 1 1 1 1 1 1 1 1 1 1 1 1 1 1 1 1 1 1 1 1 1 0 0 0 0 0 0 0 0 0
INFO:tensorflow:segment_ids: 0 0 0 0 0 0 0 0 0 0 0 0 0 0 0 0 0 0 0 0 0 0 0 0 0 0 0 0 0 0 0 0 0 0 0 0 0 0 0 0 0 0 0 0 0 0 0 0 0 0 0 0 0 0 0 0 0 0 0 0 0 0 1 1 1 1 1 1 1 1 1 1 1 1 1 1 1 1 1 1 1 1 1 1 1 1 1 1 1 1 1 1 1 1 1 1 1 1 1 1 1 1 1 1 1 1 1 1 1 1 1 1 1 1 1 1 1 1 1 0 0 0 0 0 0 0 0 0
I1023 20:06:20.299443 47835828950080 create_pretraining_data.py:161] segment_ids: 0 0 0 0 0 0 0 0 0 0 0 0 0 0 0 0 0 0 0 0 0 0 0 0 0 0 0 0 0 0 0 0 0 0 0 0 0 0 0 0 0 0 0 0 0 0 0 0 0 0 0 0 0 0 0 0 0 0 0 0 0 0 1 1 1 1 1 1 1 1 1 1 1 1 1 1 1 1 1 1 1 1 1 1 1 1 1 1 1 1 1 1 1 1 1 1 1 1 1 1 1 1 1 1 1 1 1 1 1 1 1 1 1 1 1 1 1 1 1 0 0 0 0 0 0 0 0 0
INFO:tensorflow:masked_lm_positions: 9 10 43 44 48 56 57 58 59 74 76 92 93 97 99 107 110 111 0 0
I1023 20:06:20.299547 47835828950080 create_pretraining_data.py:161] masked_lm_positions: 9 10 43 44 48 56 57 58 59 74 76 92 93 97 99 107 110 111 0 0
INFO:tensorflow:masked_lm_ids: 3178 2254 10670 12136 2400 1912 19728 1005 14237 9088 19839 16854 378 14083 27678 12681 6378 2329 0 0
I1023 20:06:20.299649 47835828950080 create_pretraining_data.py:161] masked_lm_ids: 3178 2254 10670 12136 2400 1912 19728 1005 14237 9088 19839 16854 378 14083 27678 12681 6378 2329 0 0
INFO:tensorflow:masked_lm_weights: 1.0 1.0 1.0 1.0 1.0 1.0 1.0 1.0 1.0 1.0 1.0 1.0 1.0 1.0 1.0 1.0 1.0 1.0 0.0 0.0
I1023 20:06:20.299743 47835828950080 create_pretraining_data.py:161] masked_lm_weights: 1.0 1.0 1.0 1.0 1.0 1.0 1.0 1.0 1.0 1.0 1.0 1.0 1.0 1.0 1.0 1.0 1.0 1.0 0.0 0.0
INFO:tensorflow:next_sentence_labels: 0
I1023 20:06:20.299828 47835828950080 create_pretraining_data.py:161] next_sentence_labels: 0
INFO:tensorflow:Wrote 2289296 total instances
I1023 20:19:33.061989 47835828950080 create_pretraining_data.py:166] Wrote 2289296 total instances
