Loading module 'all'
WARNING:tensorflow:From ../bert/create_pretraining_data.py:469: The name tf.app.run is deprecated. Please use tf.compat.v1.app.run instead.

WARNING:tensorflow:From ../bert/create_pretraining_data.py:437: The name tf.logging.set_verbosity is deprecated. Please use tf.compat.v1.logging.set_verbosity instead.

W1024 07:40:32.329817 47684887495744 module_wrapper.py:139] From ../bert/create_pretraining_data.py:437: The name tf.logging.set_verbosity is deprecated. Please use tf.compat.v1.logging.set_verbosity instead.

WARNING:tensorflow:From ../bert/create_pretraining_data.py:437: The name tf.logging.INFO is deprecated. Please use tf.compat.v1.logging.INFO instead.

W1024 07:40:32.330069 47684887495744 module_wrapper.py:139] From ../bert/create_pretraining_data.py:437: The name tf.logging.INFO is deprecated. Please use tf.compat.v1.logging.INFO instead.

WARNING:tensorflow:From /scratch/gi372/camel-mlm/bert/tokenization.py:125: The name tf.gfile.GFile is deprecated. Please use tf.io.gfile.GFile instead.

W1024 07:40:32.330279 47684887495744 module_wrapper.py:139] From /scratch/gi372/camel-mlm/bert/tokenization.py:125: The name tf.gfile.GFile is deprecated. Please use tf.io.gfile.GFile instead.

WARNING:tensorflow:From ../bert/create_pretraining_data.py:444: The name tf.gfile.Glob is deprecated. Please use tf.io.gfile.glob instead.

W1024 07:40:32.441027 47684887495744 module_wrapper.py:139] From ../bert/create_pretraining_data.py:444: The name tf.gfile.Glob is deprecated. Please use tf.io.gfile.glob instead.

WARNING:tensorflow:From ../bert/create_pretraining_data.py:446: The name tf.logging.info is deprecated. Please use tf.compat.v1.logging.info instead.

W1024 07:40:32.444341 47684887495744 module_wrapper.py:139] From ../bert/create_pretraining_data.py:446: The name tf.logging.info is deprecated. Please use tf.compat.v1.logging.info instead.

INFO:tensorflow:*** Reading from input files ***
I1024 07:40:32.444545 47684887495744 create_pretraining_data.py:446] *** Reading from input files ***
INFO:tensorflow:  ../corpora/shards/MSA-oscar-unshuffled.docs.shard.142.normalized.sents
I1024 07:40:32.444657 47684887495744 create_pretraining_data.py:448]   ../corpora/shards/MSA-oscar-unshuffled.docs.shard.142.normalized.sents
INFO:tensorflow:*** Writing to output files ***
I1024 09:08:58.955837 47684887495744 create_pretraining_data.py:457] *** Writing to output files ***
INFO:tensorflow:  ../corpora/tf_records/MSA-oscar-unshuffled.docs.shard.142.tf_record
I1024 09:08:58.990861 47684887495744 create_pretraining_data.py:459]   ../corpora/tf_records/MSA-oscar-unshuffled.docs.shard.142.tf_record
WARNING:tensorflow:From ../bert/create_pretraining_data.py:101: The name tf.python_io.TFRecordWriter is deprecated. Please use tf.io.TFRecordWriter instead.

W1024 09:08:59.001549 47684887495744 module_wrapper.py:139] From ../bert/create_pretraining_data.py:101: The name tf.python_io.TFRecordWriter is deprecated. Please use tf.io.TFRecordWriter instead.

INFO:tensorflow:*** Example ***
I1024 09:08:59.047293 47684887495744 create_pretraining_data.py:149] *** Example ***
INFO:tensorflow:tokens: [CLS] [MASK] phpBB | انشاء منتدى مجاني | منتدى مجاني للدعم و المساعدة | إتصل بنا | التبليغ [MASK] محتوى مخالف | انشئ مدونتك الخاصة مجانيا [SEP] [MASK] ما [MASK] أن ن ##لت ##فت إليه في دعو ##تنا إلى الله هو الدعوة [MASK] على [MASK] [MASK] , قال تعالى : ( قل هذه سبيل ##ي أد ##عو إلى الله [MASK] بصير ##ة [MASK] ومن اتبع ##ني وسب ##حان ##اردن [MASK] أنا من المشركين [MASK] , ولعل ##نا الرئيسية رسالة الموقع عن [MASK] ساهم معنا أخبر صديق [MASK] بحث اتصل بنا أخبرنا عن [MASK] لايع ##مل سجل الزوار [SEP]
I1024 09:08:59.048033 47684887495744 create_pretraining_data.py:151] tokens: [CLS] [MASK] phpBB | انشاء منتدى مجاني | منتدى مجاني للدعم و المساعدة | إتصل بنا | التبليغ [MASK] محتوى مخالف | انشئ مدونتك الخاصة مجانيا [SEP] [MASK] ما [MASK] أن ن ##لت ##فت إليه في دعو ##تنا إلى الله هو الدعوة [MASK] على [MASK] [MASK] , قال تعالى : ( قل هذه سبيل ##ي أد ##عو إلى الله [MASK] بصير ##ة [MASK] ومن اتبع ##ني وسب ##حان ##اردن [MASK] أنا من المشركين [MASK] , ولعل ##نا الرئيسية رسالة الموقع عن [MASK] ساهم معنا أخبر صديق [MASK] بحث اتصل بنا أخبرنا عن [MASK] لايع ##مل سجل الزوار [SEP]
INFO:tensorflow:input_ids: 2 4 4237 96 6117 2069 3143 96 2069 3143 2679 415 3661 96 4111 3122 96 3888 4 3491 3743 96 5292 5534 2847 7350 3 4 1972 4 1979 413 1919 2209 4101 1912 3898 3359 2045 1953 2139 8593 4 1961 4 4 16 2136 3658 30 12 4491 2159 5029 1013 3293 2131 2045 1953 4 21194 1043 4 2298 15383 1974 8874 9979 24301 4 3897 1908 18497 4 16 12850 1914 4099 5502 3221 1955 4 8387 4798 17899 5928 4 5533 7691 3122 9593 1955 4 12460 2182 4846 10516 3 0 0 0 0 0 0 0 0 0 0 0 0 0 0 0 0 0 0 0 0 0 0 0 0 0 0 0 0 0 0
I1024 09:08:59.049224 47684887495744 create_pretraining_data.py:161] input_ids: 2 4 4237 96 6117 2069 3143 96 2069 3143 2679 415 3661 96 4111 3122 96 3888 4 3491 3743 96 5292 5534 2847 7350 3 4 1972 4 1979 413 1919 2209 4101 1912 3898 3359 2045 1953 2139 8593 4 1961 4 4 16 2136 3658 30 12 4491 2159 5029 1013 3293 2131 2045 1953 4 21194 1043 4 2298 15383 1974 8874 9979 24301 4 3897 1908 18497 4 16 12850 1914 4099 5502 3221 1955 4 8387 4798 17899 5928 4 5533 7691 3122 9593 1955 4 12460 2182 4846 10516 3 0 0 0 0 0 0 0 0 0 0 0 0 0 0 0 0 0 0 0 0 0 0 0 0 0 0 0 0 0 0
INFO:tensorflow:input_mask: 1 1 1 1 1 1 1 1 1 1 1 1 1 1 1 1 1 1 1 1 1 1 1 1 1 1 1 1 1 1 1 1 1 1 1 1 1 1 1 1 1 1 1 1 1 1 1 1 1 1 1 1 1 1 1 1 1 1 1 1 1 1 1 1 1 1 1 1 1 1 1 1 1 1 1 1 1 1 1 1 1 1 1 1 1 1 1 1 1 1 1 1 1 1 1 1 1 1 0 0 0 0 0 0 0 0 0 0 0 0 0 0 0 0 0 0 0 0 0 0 0 0 0 0 0 0 0 0
I1024 09:08:59.049421 47684887495744 create_pretraining_data.py:161] input_mask: 1 1 1 1 1 1 1 1 1 1 1 1 1 1 1 1 1 1 1 1 1 1 1 1 1 1 1 1 1 1 1 1 1 1 1 1 1 1 1 1 1 1 1 1 1 1 1 1 1 1 1 1 1 1 1 1 1 1 1 1 1 1 1 1 1 1 1 1 1 1 1 1 1 1 1 1 1 1 1 1 1 1 1 1 1 1 1 1 1 1 1 1 1 1 1 1 1 1 0 0 0 0 0 0 0 0 0 0 0 0 0 0 0 0 0 0 0 0 0 0 0 0 0 0 0 0 0 0
INFO:tensorflow:segment_ids: 0 0 0 0 0 0 0 0 0 0 0 0 0 0 0 0 0 0 0 0 0 0 0 0 0 0 0 1 1 1 1 1 1 1 1 1 1 1 1 1 1 1 1 1 1 1 1 1 1 1 1 1 1 1 1 1 1 1 1 1 1 1 1 1 1 1 1 1 1 1 1 1 1 1 1 1 1 1 1 1 1 1 1 1 1 1 1 1 1 1 1 1 1 1 1 1 1 1 0 0 0 0 0 0 0 0 0 0 0 0 0 0 0 0 0 0 0 0 0 0 0 0 0 0 0 0 0 0
I1024 09:08:59.049597 47684887495744 create_pretraining_data.py:161] segment_ids: 0 0 0 0 0 0 0 0 0 0 0 0 0 0 0 0 0 0 0 0 0 0 0 0 0 0 0 1 1 1 1 1 1 1 1 1 1 1 1 1 1 1 1 1 1 1 1 1 1 1 1 1 1 1 1 1 1 1 1 1 1 1 1 1 1 1 1 1 1 1 1 1 1 1 1 1 1 1 1 1 1 1 1 1 1 1 1 1 1 1 1 1 1 1 1 1 1 1 0 0 0 0 0 0 0 0 0 0 0 0 0 0 0 0 0 0 0 0 0 0 0 0 0 0 0 0 0 0
INFO:tensorflow:masked_lm_positions: 1 18 27 29 42 44 45 59 62 68 69 73 81 86 92 0 0 0 0 0
I1024 09:08:59.049734 47684887495744 create_pretraining_data.py:161] masked_lm_positions: 1 18 27 29 42 44 45 59 62 68 69 73 81 86 92 0 0 0 0 0
INFO:tensorflow:masked_lm_ids: 106 1955 3399 6935 4101 21194 1043 1961 3897 1953 2564 13 3221 3469 6643 0 0 0 0 0
I1024 09:08:59.049856 47684887495744 create_pretraining_data.py:161] masked_lm_ids: 106 1955 3399 6935 4101 21194 1043 1961 3897 1953 2564 13 3221 3469 6643 0 0 0 0 0
INFO:tensorflow:masked_lm_weights: 1.0 1.0 1.0 1.0 1.0 1.0 1.0 1.0 1.0 1.0 1.0 1.0 1.0 1.0 1.0 0.0 0.0 0.0 0.0 0.0
I1024 09:08:59.050962 47684887495744 create_pretraining_data.py:161] masked_lm_weights: 1.0 1.0 1.0 1.0 1.0 1.0 1.0 1.0 1.0 1.0 1.0 1.0 1.0 1.0 1.0 0.0 0.0 0.0 0.0 0.0
INFO:tensorflow:next_sentence_labels: 1
I1024 09:08:59.051086 47684887495744 create_pretraining_data.py:161] next_sentence_labels: 1
INFO:tensorflow:*** Example ***
I1024 09:08:59.052008 47684887495744 create_pretraining_data.py:149] *** Example ***
INFO:tensorflow:tokens: [CLS] بعد أن انتهت المعركة الأدبية [MASK] ##لح عش ##ائري [MASK] [MASK] [MASK] بتب ##ويس اللحم ##ي كما [MASK] مسلسل ( وضح ##ة وابن عجل ##ان ) [MASK] . . [SEP] أعلم ##ني على هذا البريد الإلكتروني إذا تم إضافة تعليق بعدي : أعلم ##ني على بريد ##ي الإلكتروني إذا تم إضافة تعليق [MASK] [SEP]
I1024 09:08:59.052196 47684887495744 create_pretraining_data.py:151] tokens: [CLS] بعد أن انتهت المعركة الأدبية [MASK] ##لح عش ##ائري [MASK] [MASK] [MASK] بتب ##ويس اللحم ##ي كما [MASK] مسلسل ( وضح ##ة وابن عجل ##ان ) [MASK] . . [SEP] أعلم ##ني على هذا البريد الإلكتروني إذا تم إضافة تعليق بعدي : أعلم ##ني على بريد ##ي الإلكتروني إذا تم إضافة تعليق [MASK] [SEP]
INFO:tensorflow:input_ids: 2 2089 1979 8934 14083 8205 4 1938 2610 5587 4 4 4 25252 4316 19509 1013 2306 4 4383 12 19496 1043 8160 13884 1906 13 4 18 18 3 9456 1974 1961 2085 7111 5353 2617 2172 5532 6642 19003 30 9456 1974 1961 9540 1013 5353 2617 2172 5532 6642 4 3 0 0 0 0 0 0 0 0 0 0 0 0 0 0 0 0 0 0 0 0 0 0 0 0 0 0 0 0 0 0 0 0 0 0 0 0 0 0 0 0 0 0 0 0 0 0 0 0 0 0 0 0 0 0 0 0 0 0 0 0 0 0 0 0 0 0 0 0 0 0 0 0 0
I1024 09:08:59.052410 47684887495744 create_pretraining_data.py:161] input_ids: 2 2089 1979 8934 14083 8205 4 1938 2610 5587 4 4 4 25252 4316 19509 1013 2306 4 4383 12 19496 1043 8160 13884 1906 13 4 18 18 3 9456 1974 1961 2085 7111 5353 2617 2172 5532 6642 19003 30 9456 1974 1961 9540 1013 5353 2617 2172 5532 6642 4 3 0 0 0 0 0 0 0 0 0 0 0 0 0 0 0 0 0 0 0 0 0 0 0 0 0 0 0 0 0 0 0 0 0 0 0 0 0 0 0 0 0 0 0 0 0 0 0 0 0 0 0 0 0 0 0 0 0 0 0 0 0 0 0 0 0 0 0 0 0 0 0 0 0
INFO:tensorflow:input_mask: 1 1 1 1 1 1 1 1 1 1 1 1 1 1 1 1 1 1 1 1 1 1 1 1 1 1 1 1 1 1 1 1 1 1 1 1 1 1 1 1 1 1 1 1 1 1 1 1 1 1 1 1 1 1 1 0 0 0 0 0 0 0 0 0 0 0 0 0 0 0 0 0 0 0 0 0 0 0 0 0 0 0 0 0 0 0 0 0 0 0 0 0 0 0 0 0 0 0 0 0 0 0 0 0 0 0 0 0 0 0 0 0 0 0 0 0 0 0 0 0 0 0 0 0 0 0 0 0
I1024 09:08:59.052584 47684887495744 create_pretraining_data.py:161] input_mask: 1 1 1 1 1 1 1 1 1 1 1 1 1 1 1 1 1 1 1 1 1 1 1 1 1 1 1 1 1 1 1 1 1 1 1 1 1 1 1 1 1 1 1 1 1 1 1 1 1 1 1 1 1 1 1 0 0 0 0 0 0 0 0 0 0 0 0 0 0 0 0 0 0 0 0 0 0 0 0 0 0 0 0 0 0 0 0 0 0 0 0 0 0 0 0 0 0 0 0 0 0 0 0 0 0 0 0 0 0 0 0 0 0 0 0 0 0 0 0 0 0 0 0 0 0 0 0 0
INFO:tensorflow:segment_ids: 0 0 0 0 0 0 0 0 0 0 0 0 0 0 0 0 0 0 0 0 0 0 0 0 0 0 0 0 0 0 0 1 1 1 1 1 1 1 1 1 1 1 1 1 1 1 1 1 1 1 1 1 1 1 1 0 0 0 0 0 0 0 0 0 0 0 0 0 0 0 0 0 0 0 0 0 0 0 0 0 0 0 0 0 0 0 0 0 0 0 0 0 0 0 0 0 0 0 0 0 0 0 0 0 0 0 0 0 0 0 0 0 0 0 0 0 0 0 0 0 0 0 0 0 0 0 0 0
I1024 09:08:59.052758 47684887495744 create_pretraining_data.py:161] segment_ids: 0 0 0 0 0 0 0 0 0 0 0 0 0 0 0 0 0 0 0 0 0 0 0 0 0 0 0 0 0 0 0 1 1 1 1 1 1 1 1 1 1 1 1 1 1 1 1 1 1 1 1 1 1 1 1 0 0 0 0 0 0 0 0 0 0 0 0 0 0 0 0 0 0 0 0 0 0 0 0 0 0 0 0 0 0 0 0 0 0 0 0 0 0 0 0 0 0 0 0 0 0 0 0 0 0 0 0 0 0 0 0 0 0 0 0 0 0 0 0 0 0 0 0 0 0 0 0 0
INFO:tensorflow:masked_lm_positions: 6 7 10 11 12 18 27 53 0 0 0 0 0 0 0 0 0 0 0 0
I1024 09:08:59.052883 47684887495744 create_pretraining_data.py:161] masked_lm_positions: 6 7 10 11 12 18 27 53 0 0 0 0 0 0 0 0 0 0 0 0
INFO:tensorflow:masked_lm_ids: 2903 1938 2102 2063 4096 1912 18 19003 0 0 0 0 0 0 0 0 0 0 0 0
I1024 09:08:59.053002 47684887495744 create_pretraining_data.py:161] masked_lm_ids: 2903 1938 2102 2063 4096 1912 18 19003 0 0 0 0 0 0 0 0 0 0 0 0
INFO:tensorflow:masked_lm_weights: 1.0 1.0 1.0 1.0 1.0 1.0 1.0 1.0 0.0 0.0 0.0 0.0 0.0 0.0 0.0 0.0 0.0 0.0 0.0 0.0
I1024 09:08:59.053125 47684887495744 create_pretraining_data.py:161] masked_lm_weights: 1.0 1.0 1.0 1.0 1.0 1.0 1.0 1.0 0.0 0.0 0.0 0.0 0.0 0.0 0.0 0.0 0.0 0.0 0.0 0.0
INFO:tensorflow:next_sentence_labels: 1
I1024 09:08:59.053235 47684887495744 create_pretraining_data.py:161] next_sentence_labels: 1
INFO:tensorflow:*** Example ***
I1024 09:08:59.054200 47684887495744 create_pretraining_data.py:149] *** Example ***
INFO:tensorflow:tokens: [CLS] مختلفة [MASK] " الصحراء [MASK] [MASK] ، أن عناصر الأمن بالع ##يون اضطر ##ت إلى [MASK] النار مساء يوم الجمعة 25 [MASK] الجاري بحي الب ##ئر الجديد بالع ##يون [MASK] على عجل ##ات سيارة [MASK] [MASK] فيه اثناء [MASK] [MASK] لعن ##اصر الشرطة الذين تدخل ##وا لإ ##يقاف السيا [MASK] " الو ##يس ##كي " صدرت في حقه عدة مذكرات بحث ، والذي [SEP] [MASK] ، مساء أمس الخميس ، حت ##فه بعد تعرضه للاخت ##ناق جراء [MASK] [MASK] لما ##دة البنزين بمر ##آب لإ [MASK] السيارات بكلم ##يم ، حسب ما أفاد مصدر محلي . ~ وأضاف المصدر [MASK] أن طفلا آخر يبلغ من [MASK] ثمان سنوات كان بمع ##ية الضحية وتناول المادة نفسها ، نجا من الموت بعد إخ ##ضاع ##ه للعلاج ##ات الضر [SEP]
I1024 09:08:59.054419 47684887495744 create_pretraining_data.py:151] tokens: [CLS] مختلفة [MASK] " الصحراء [MASK] [MASK] ، أن عناصر الأمن بالع ##يون اضطر ##ت إلى [MASK] النار مساء يوم الجمعة 25 [MASK] الجاري بحي الب ##ئر الجديد بالع ##يون [MASK] على عجل ##ات سيارة [MASK] [MASK] فيه اثناء [MASK] [MASK] لعن ##اصر الشرطة الذين تدخل ##وا لإ ##يقاف السيا [MASK] " الو ##يس ##كي " صدرت في حقه عدة مذكرات بحث ، والذي [SEP] [MASK] ، مساء أمس الخميس ، حت ##فه بعد تعرضه للاخت ##ناق جراء [MASK] [MASK] لما ##دة البنزين بمر ##آب لإ [MASK] السيارات بكلم ##يم ، حسب ما أفاد مصدر محلي . ~ وأضاف المصدر [MASK] أن طفلا آخر يبلغ من [MASK] ثمان سنوات كان بمع ##ية الضحية وتناول المادة نفسها ، نجا من الموت بعد إخ ##ضاع ##ه للعلاج ##ات الضر [SEP]
INFO:tensorflow:input_ids: 2 5641 4 6 10107 4 4 378 1979 6407 3679 3598 2281 16254 1005 2045 4 3919 3308 2232 4212 3525 4 6963 6016 1968 7823 3421 3598 2281 4 1961 13884 1904 6596 4 4 2366 7009 4 4 25405 4550 5044 2677 6253 1928 3028 19387 2477 4 6 2009 2036 2199 6 14097 1912 10858 4412 15726 5533 378 4262 3 4 378 3308 3924 3891 378 8313 2611 2089 24510 28337 5229 8569 4 4 2518 2063 10833 8923 22906 3028 4 4257 21125 2019 378 3650 1972 16339 5019 15174 18 98 4214 5911 4 1979 16815 2514 7408 1908 4 23892 3752 2055 4943 1910 23722 26003 6524 5338 378 26238 1908 4295 2089 5585 8636 1028 21963 1904 10138 3
I1024 09:08:59.054653 47684887495744 create_pretraining_data.py:161] input_ids: 2 5641 4 6 10107 4 4 378 1979 6407 3679 3598 2281 16254 1005 2045 4 3919 3308 2232 4212 3525 4 6963 6016 1968 7823 3421 3598 2281 4 1961 13884 1904 6596 4 4 2366 7009 4 4 25405 4550 5044 2677 6253 1928 3028 19387 2477 4 6 2009 2036 2199 6 14097 1912 10858 4412 15726 5533 378 4262 3 4 378 3308 3924 3891 378 8313 2611 2089 24510 28337 5229 8569 4 4 2518 2063 10833 8923 22906 3028 4 4257 21125 2019 378 3650 1972 16339 5019 15174 18 98 4214 5911 4 1979 16815 2514 7408 1908 4 23892 3752 2055 4943 1910 23722 26003 6524 5338 378 26238 1908 4295 2089 5585 8636 1028 21963 1904 10138 3
INFO:tensorflow:input_mask: 1 1 1 1 1 1 1 1 1 1 1 1 1 1 1 1 1 1 1 1 1 1 1 1 1 1 1 1 1 1 1 1 1 1 1 1 1 1 1 1 1 1 1 1 1 1 1 1 1 1 1 1 1 1 1 1 1 1 1 1 1 1 1 1 1 1 1 1 1 1 1 1 1 1 1 1 1 1 1 1 1 1 1 1 1 1 1 1 1 1 1 1 1 1 1 1 1 1 1 1 1 1 1 1 1 1 1 1 1 1 1 1 1 1 1 1 1 1 1 1 1 1 1 1 1 1 1 1
I1024 09:08:59.054832 47684887495744 create_pretraining_data.py:161] input_mask: 1 1 1 1 1 1 1 1 1 1 1 1 1 1 1 1 1 1 1 1 1 1 1 1 1 1 1 1 1 1 1 1 1 1 1 1 1 1 1 1 1 1 1 1 1 1 1 1 1 1 1 1 1 1 1 1 1 1 1 1 1 1 1 1 1 1 1 1 1 1 1 1 1 1 1 1 1 1 1 1 1 1 1 1 1 1 1 1 1 1 1 1 1 1 1 1 1 1 1 1 1 1 1 1 1 1 1 1 1 1 1 1 1 1 1 1 1 1 1 1 1 1 1 1 1 1 1 1
INFO:tensorflow:segment_ids: 0 0 0 0 0 0 0 0 0 0 0 0 0 0 0 0 0 0 0 0 0 0 0 0 0 0 0 0 0 0 0 0 0 0 0 0 0 0 0 0 0 0 0 0 0 0 0 0 0 0 0 0 0 0 0 0 0 0 0 0 0 0 0 0 0 1 1 1 1 1 1 1 1 1 1 1 1 1 1 1 1 1 1 1 1 1 1 1 1 1 1 1 1 1 1 1 1 1 1 1 1 1 1 1 1 1 1 1 1 1 1 1 1 1 1 1 1 1 1 1 1 1 1 1 1 1 1 1
I1024 09:08:59.054999 47684887495744 create_pretraining_data.py:161] segment_ids: 0 0 0 0 0 0 0 0 0 0 0 0 0 0 0 0 0 0 0 0 0 0 0 0 0 0 0 0 0 0 0 0 0 0 0 0 0 0 0 0 0 0 0 0 0 0 0 0 0 0 0 0 0 0 0 0 0 0 0 0 0 0 0 0 0 1 1 1 1 1 1 1 1 1 1 1 1 1 1 1 1 1 1 1 1 1 1 1 1 1 1 1 1 1 1 1 1 1 1 1 1 1 1 1 1 1 1 1 1 1 1 1 1 1 1 1 1 1 1 1 1 1 1 1 1 1 1 1
INFO:tensorflow:masked_lm_positions: 2 5 6 16 22 30 35 36 39 40 49 50 65 78 79 85 86 100 106 0
I1024 09:08:59.055142 47684887495744 create_pretraining_data.py:161] masked_lm_positions: 2 5 6 16 22 30 35 36 39 40 49 50 65 78 79 85 86 100 106 0
INFO:tensorflow:masked_lm_ids: 411 8846 6 7317 4962 378 4580 2204 24225 2076 6339 1041 7276 6778 1028 3028 6185 8321 3867 0
I1024 09:08:59.055263 47684887495744 create_pretraining_data.py:161] masked_lm_ids: 411 8846 6 7317 4962 378 4580 2204 24225 2076 6339 1041 7276 6778 1028 3028 6185 8321 3867 0
INFO:tensorflow:masked_lm_weights: 1.0 1.0 1.0 1.0 1.0 1.0 1.0 1.0 1.0 1.0 1.0 1.0 1.0 1.0 1.0 1.0 1.0 1.0 1.0 0.0
I1024 09:08:59.055386 47684887495744 create_pretraining_data.py:161] masked_lm_weights: 1.0 1.0 1.0 1.0 1.0 1.0 1.0 1.0 1.0 1.0 1.0 1.0 1.0 1.0 1.0 1.0 1.0 1.0 1.0 0.0
INFO:tensorflow:next_sentence_labels: 0
I1024 09:08:59.055497 47684887495744 create_pretraining_data.py:161] next_sentence_labels: 0
INFO:tensorflow:*** Example ***
I1024 09:08:59.056396 47684887495744 create_pretraining_data.py:149] *** Example ***
INFO:tensorflow:tokens: [CLS] [MASK] Y ##ear ##s Ac ##c ##re ##d ##it ##ations 150 ##th G ##ra ##d ##u ##ation ##İ [MASK] D ##ay a ##t Sc ##h ##ool 2010 - 2011 2014 مسابقة جمال ##يات الخط العربي مغربية الجنان 2016 بطولة الجنوب [MASK] A ch ##ick [MASK] [MASK] o ##ur s ##ch ##ool A TR ##E ##E D ##A ##Y A [MASK] H ##1 ##N ##1 ) A ##ware ##ne ##ss W ##ee ##k Ac ##t ##iv ##it ##ies Al ##um ##n ##i [MASK] [MASK] [MASK] Trip 2014 An ##n ##oun ##ce ##ment [MASK] [SEP] ثم ضع ##ى كمية [MASK] زيت للشعر مثل ( [MASK] [MASK] [MASK] ##ا مثلا [MASK] وعرض ##ى شعرك تحت مياه [MASK] ( الدش ) لين ##زل كمية الزيت الزائد ##ة عن حاجته . [SEP]
I1024 09:08:59.056600 47684887495744 create_pretraining_data.py:151] tokens: [CLS] [MASK] Y ##ear ##s Ac ##c ##re ##d ##it ##ations 150 ##th G ##ra ##d ##u ##ation ##İ [MASK] D ##ay a ##t Sc ##h ##ool 2010 - 2011 2014 مسابقة جمال ##يات الخط العربي مغربية الجنان 2016 بطولة الجنوب [MASK] A ch ##ick [MASK] [MASK] o ##ur s ##ch ##ool A TR ##E ##E D ##A ##Y A [MASK] H ##1 ##N ##1 ) A ##ware ##ne ##ss W ##ee ##k Ac ##t ##iv ##it ##ies Al ##um ##n ##i [MASK] [MASK] [MASK] Trip 2014 An ##n ##oun ##ce ##ment [MASK] [SEP] ثم ضع ##ى كمية [MASK] زيت للشعر مثل ( [MASK] [MASK] [MASK] ##ا مثلا [MASK] وعرض ##ى شعرك تحت مياه [MASK] ( الدش ) لين ##زل كمية الزيت الزائد ##ة عن حاجته . [SEP]
INFO:tensorflow:input_ids: 2 4 61 18157 1092 16354 1024 4195 1047 3695 17961 9344 9101 43 4772 1047 1083 4801 1300 4 40 6156 69 1048 20552 1094 23595 5190 17 4817 4296 9680 3682 2066 3071 2659 20905 23038 3400 5872 6126 4 37 16572 26990 4 4 83 2535 87 6071 23595 37 15579 1072 1072 40 1063 1070 37 4 44 1029 1082 1029 13 37 22220 16590 10424 59 21532 1066 16354 1048 9603 3695 9946 7766 4770 1052 1050 4 4 4 7208 4296 12899 1052 21849 9090 7688 4 3 2371 2862 1102 11832 4 6731 19451 2546 12 4 4 4 1007 6381 4 11344 1102 21515 2538 7354 4 12 26310 13 5133 2596 11832 8748 19209 1043 1955 24290 18 3
I1024 09:08:59.056791 47684887495744 create_pretraining_data.py:161] input_ids: 2 4 61 18157 1092 16354 1024 4195 1047 3695 17961 9344 9101 43 4772 1047 1083 4801 1300 4 40 6156 69 1048 20552 1094 23595 5190 17 4817 4296 9680 3682 2066 3071 2659 20905 23038 3400 5872 6126 4 37 16572 26990 4 4 83 2535 87 6071 23595 37 15579 1072 1072 40 1063 1070 37 4 44 1029 1082 1029 13 37 22220 16590 10424 59 21532 1066 16354 1048 9603 3695 9946 7766 4770 1052 1050 4 4 4 7208 4296 12899 1052 21849 9090 7688 4 3 2371 2862 1102 11832 4 6731 19451 2546 12 4 4 4 1007 6381 4 11344 1102 21515 2538 7354 4 12 26310 13 5133 2596 11832 8748 19209 1043 1955 24290 18 3
INFO:tensorflow:input_mask: 1 1 1 1 1 1 1 1 1 1 1 1 1 1 1 1 1 1 1 1 1 1 1 1 1 1 1 1 1 1 1 1 1 1 1 1 1 1 1 1 1 1 1 1 1 1 1 1 1 1 1 1 1 1 1 1 1 1 1 1 1 1 1 1 1 1 1 1 1 1 1 1 1 1 1 1 1 1 1 1 1 1 1 1 1 1 1 1 1 1 1 1 1 1 1 1 1 1 1 1 1 1 1 1 1 1 1 1 1 1 1 1 1 1 1 1 1 1 1 1 1 1 1 1 1 1 1 1
I1024 09:08:59.056964 47684887495744 create_pretraining_data.py:161] input_mask: 1 1 1 1 1 1 1 1 1 1 1 1 1 1 1 1 1 1 1 1 1 1 1 1 1 1 1 1 1 1 1 1 1 1 1 1 1 1 1 1 1 1 1 1 1 1 1 1 1 1 1 1 1 1 1 1 1 1 1 1 1 1 1 1 1 1 1 1 1 1 1 1 1 1 1 1 1 1 1 1 1 1 1 1 1 1 1 1 1 1 1 1 1 1 1 1 1 1 1 1 1 1 1 1 1 1 1 1 1 1 1 1 1 1 1 1 1 1 1 1 1 1 1 1 1 1 1 1
INFO:tensorflow:segment_ids: 0 0 0 0 0 0 0 0 0 0 0 0 0 0 0 0 0 0 0 0 0 0 0 0 0 0 0 0 0 0 0 0 0 0 0 0 0 0 0 0 0 0 0 0 0 0 0 0 0 0 0 0 0 0 0 0 0 0 0 0 0 0 0 0 0 0 0 0 0 0 0 0 0 0 0 0 0 0 0 0 0 0 0 0 0 0 0 0 0 0 0 0 0 0 1 1 1 1 1 1 1 1 1 1 1 1 1 1 1 1 1 1 1 1 1 1 1 1 1 1 1 1 1 1 1 1 1 1
I1024 09:08:59.057116 47684887495744 create_pretraining_data.py:161] segment_ids: 0 0 0 0 0 0 0 0 0 0 0 0 0 0 0 0 0 0 0 0 0 0 0 0 0 0 0 0 0 0 0 0 0 0 0 0 0 0 0 0 0 0 0 0 0 0 0 0 0 0 0 0 0 0 0 0 0 0 0 0 0 0 0 0 0 0 0 0 0 0 0 0 0 0 0 0 0 0 0 0 0 0 0 0 0 0 0 0 0 0 0 0 0 0 1 1 1 1 1 1 1 1 1 1 1 1 1 1 1 1 1 1 1 1 1 1 1 1 1 1 1 1 1 1 1 1 1 1
INFO:tensorflow:masked_lm_positions: 1 18 19 36 41 45 46 60 82 83 84 92 98 103 104 105 106 108 114 0
I1024 09:08:59.057228 47684887495744 create_pretraining_data.py:161] masked_lm_positions: 1 18 19 36 41 45 46 60 82 83 84 92 98 103 104 105 106 108 114 0
INFO:tensorflow:masked_lm_ids: 9344 21 3819 4175 10580 69 1048 12 12732 1129 10594 3367 1908 2720 1997 10904 1007 13 24530 0
I1024 09:08:59.057337 47684887495744 create_pretraining_data.py:161] masked_lm_ids: 9344 21 3819 4175 10580 69 1048 12 12732 1129 10594 3367 1908 2720 1997 10904 1007 13 24530 0
INFO:tensorflow:masked_lm_weights: 1.0 1.0 1.0 1.0 1.0 1.0 1.0 1.0 1.0 1.0 1.0 1.0 1.0 1.0 1.0 1.0 1.0 1.0 1.0 0.0
I1024 09:08:59.057449 47684887495744 create_pretraining_data.py:161] masked_lm_weights: 1.0 1.0 1.0 1.0 1.0 1.0 1.0 1.0 1.0 1.0 1.0 1.0 1.0 1.0 1.0 1.0 1.0 1.0 1.0 0.0
INFO:tensorflow:next_sentence_labels: 1
I1024 09:08:59.057548 47684887495744 create_pretraining_data.py:161] next_sentence_labels: 1
INFO:tensorflow:*** Example ***
I1024 09:08:59.058359 47684887495744 create_pretraining_data.py:149] *** Example ***
INFO:tensorflow:tokens: [CLS] [MASK] اللاجئين لديك ##م " . [SEP] بعد ذلك صاف ##ح [MASK] فرنسي ##س كل [MASK] الوفد اللبناني ، وقد تقدمه ##م النواب : آل ##ان عون ، علي بزي ، ياسين جابر ، نقول ##ا نح ##اس ، ندي ##م الجميل [MASK] شوقي د [MASK] [MASK] ، [MASK] فرنجية ، رو ##لا طب ##ش [MASK] [MASK] تال ##وزي ##ان ، [MASK] الى الأمين العام ل " تيار المستقبل " أحمد الحريري ، رئيس " المؤسسة المارونية للانت ##شار " شارل الحاج ونائب ##ة [MASK] روز الش ##وير ##ي وأعضاء المؤسسة ونائب رئيس " المؤسسة [MASK] [MASK] للان ##ماء الشامل " سليم صف ##ير [MASK] [SEP]
I1024 09:08:59.058547 47684887495744 create_pretraining_data.py:151] tokens: [CLS] [MASK] اللاجئين لديك ##م " . [SEP] بعد ذلك صاف ##ح [MASK] فرنسي ##س كل [MASK] الوفد اللبناني ، وقد تقدمه ##م النواب : آل ##ان عون ، علي بزي ، ياسين جابر ، نقول ##ا نح ##اس ، ندي ##م الجميل [MASK] شوقي د [MASK] [MASK] ، [MASK] فرنجية ، رو ##لا طب ##ش [MASK] [MASK] تال ##وزي ##ان ، [MASK] الى الأمين العام ل " تيار المستقبل " أحمد الحريري ، رئيس " المؤسسة المارونية للانت ##شار " شارل الحاج ونائب ##ة [MASK] روز الش ##وير ##ي وأعضاء المؤسسة ونائب رئيس " المؤسسة [MASK] [MASK] للان ##ماء الشامل " سليم صف ##ير [MASK] [SEP]
INFO:tensorflow:input_ids: 2 4 8668 6088 1015 6 18 3 2089 2271 16642 1032 4 14388 1033 2038 4 9824 4467 378 2585 17059 1015 5690 30 5172 1906 7044 378 1958 16328 378 13391 7348 378 7278 1007 3000 2233 378 28956 1015 5135 4 13444 395 4 4 378 4 20750 378 4499 1903 3217 1034 4 4 27049 7176 1906 378 4 2186 8060 2169 411 6 14143 5644 6 3219 5723 378 2426 6 6951 24724 9428 3096 6 29520 5341 26541 1043 4 9555 1966 2626 1013 16205 6951 26541 2426 6 6951 4 4 8621 2573 11077 6 4102 3042 1916 4 3 0 0 0 0 0 0 0 0 0 0 0 0 0 0 0 0 0 0 0 0 0
I1024 09:08:59.058753 47684887495744 create_pretraining_data.py:161] input_ids: 2 4 8668 6088 1015 6 18 3 2089 2271 16642 1032 4 14388 1033 2038 4 9824 4467 378 2585 17059 1015 5690 30 5172 1906 7044 378 1958 16328 378 13391 7348 378 7278 1007 3000 2233 378 28956 1015 5135 4 13444 395 4 4 378 4 20750 378 4499 1903 3217 1034 4 4 27049 7176 1906 378 4 2186 8060 2169 411 6 14143 5644 6 3219 5723 378 2426 6 6951 24724 9428 3096 6 29520 5341 26541 1043 4 9555 1966 2626 1013 16205 6951 26541 2426 6 6951 4 4 8621 2573 11077 6 4102 3042 1916 4 3 0 0 0 0 0 0 0 0 0 0 0 0 0 0 0 0 0 0 0 0 0
INFO:tensorflow:input_mask: 1 1 1 1 1 1 1 1 1 1 1 1 1 1 1 1 1 1 1 1 1 1 1 1 1 1 1 1 1 1 1 1 1 1 1 1 1 1 1 1 1 1 1 1 1 1 1 1 1 1 1 1 1 1 1 1 1 1 1 1 1 1 1 1 1 1 1 1 1 1 1 1 1 1 1 1 1 1 1 1 1 1 1 1 1 1 1 1 1 1 1 1 1 1 1 1 1 1 1 1 1 1 1 1 1 1 1 0 0 0 0 0 0 0 0 0 0 0 0 0 0 0 0 0 0 0 0 0
I1024 09:08:59.058912 47684887495744 create_pretraining_data.py:161] input_mask: 1 1 1 1 1 1 1 1 1 1 1 1 1 1 1 1 1 1 1 1 1 1 1 1 1 1 1 1 1 1 1 1 1 1 1 1 1 1 1 1 1 1 1 1 1 1 1 1 1 1 1 1 1 1 1 1 1 1 1 1 1 1 1 1 1 1 1 1 1 1 1 1 1 1 1 1 1 1 1 1 1 1 1 1 1 1 1 1 1 1 1 1 1 1 1 1 1 1 1 1 1 1 1 1 1 1 1 0 0 0 0 0 0 0 0 0 0 0 0 0 0 0 0 0 0 0 0 0
INFO:tensorflow:segment_ids: 0 0 0 0 0 0 0 0 1 1 1 1 1 1 1 1 1 1 1 1 1 1 1 1 1 1 1 1 1 1 1 1 1 1 1 1 1 1 1 1 1 1 1 1 1 1 1 1 1 1 1 1 1 1 1 1 1 1 1 1 1 1 1 1 1 1 1 1 1 1 1 1 1 1 1 1 1 1 1 1 1 1 1 1 1 1 1 1 1 1 1 1 1 1 1 1 1 1 1 1 1 1 1 1 1 1 1 0 0 0 0 0 0 0 0 0 0 0 0 0 0 0 0 0 0 0 0 0
I1024 09:08:59.059062 47684887495744 create_pretraining_data.py:161] segment_ids: 0 0 0 0 0 0 0 0 1 1 1 1 1 1 1 1 1 1 1 1 1 1 1 1 1 1 1 1 1 1 1 1 1 1 1 1 1 1 1 1 1 1 1 1 1 1 1 1 1 1 1 1 1 1 1 1 1 1 1 1 1 1 1 1 1 1 1 1 1 1 1 1 1 1 1 1 1 1 1 1 1 1 1 1 1 1 1 1 1 1 1 1 1 1 1 1 1 1 1 1 1 1 1 1 1 1 1 0 0 0 0 0 0 0 0 0 0 0 0 0 0 0 0 0 0 0 0 0
INFO:tensorflow:masked_lm_positions: 1 12 16 43 45 46 47 49 56 57 62 85 96 97 100 105 0 0 0 0
I1024 09:08:59.059175 47684887495744 create_pretraining_data.py:161] masked_lm_positions: 1 12 16 43 45 46 47 49 56 57 62 85 96 97 100 105 0 0 0 0
INFO:tensorflow:masked_lm_ids: 14220 10633 5549 378 395 2308 1034 28403 2200 1906 5532 2554 24724 3842 11077 18 0 0 0 0
I1024 09:08:59.059284 47684887495744 create_pretraining_data.py:161] masked_lm_ids: 14220 10633 5549 378 395 2308 1034 28403 2200 1906 5532 2554 24724 3842 11077 18 0 0 0 0
INFO:tensorflow:masked_lm_weights: 1.0 1.0 1.0 1.0 1.0 1.0 1.0 1.0 1.0 1.0 1.0 1.0 1.0 1.0 1.0 1.0 0.0 0.0 0.0 0.0
I1024 09:08:59.059395 47684887495744 create_pretraining_data.py:161] masked_lm_weights: 1.0 1.0 1.0 1.0 1.0 1.0 1.0 1.0 1.0 1.0 1.0 1.0 1.0 1.0 1.0 1.0 0.0 0.0 0.0 0.0
INFO:tensorflow:next_sentence_labels: 0
I1024 09:08:59.059494 47684887495744 create_pretraining_data.py:161] next_sentence_labels: 0
INFO:tensorflow:*** Example ***
I1024 09:08:59.060316 47684887495744 create_pretraining_data.py:149] *** Example ***
INFO:tensorflow:tokens: [CLS] المرس ##م الإلكتروني للفنان ( [MASK] عري ##شي ) [MASK] [MASK] الإلكتروني للفنان ( عبدالكريم قاسم [MASK] المرس [MASK] الإلكتروني للفنان ##ة [MASK] صالحة المش ##حك ##ي ) المرس ##م الإلكتروني للفنان ( علي سلمان ) المرس ##م الإلكتروني للفنان ( [MASK] الله حماس ) المرس ##م الإلكتروني للفنان ##ة ( زينه الشهري ) قسم الاستفسارات والشكاوى والاقتراحات جمعية [MASK] والفنون بأ ##بها مواهب ومه ##ارات ومنا ##شط عامة عسير الرياضة [SEP] ملحوظ ##ة : [MASK] هذا الخبر تم [MASK] [MASK] بواسطة RT Arabic ( روسيا العباس ) ولا يعبر عن وجهة نظر النفي ##س وانما [MASK] [MASK] بمح ##توا ##ه كما هو من RT Arabic ( الأخير اليوم [MASK] ونحن [MASK] مسئولي ##ن عن محتوى الخبر والع ##هد ##ة والنهار المصدر السابق ذكر ##ة . [SEP]
I1024 09:08:59.060519 47684887495744 create_pretraining_data.py:151] tokens: [CLS] المرس ##م الإلكتروني للفنان ( [MASK] عري ##شي ) [MASK] [MASK] الإلكتروني للفنان ( عبدالكريم قاسم [MASK] المرس [MASK] الإلكتروني للفنان ##ة [MASK] صالحة المش ##حك ##ي ) المرس ##م الإلكتروني للفنان ( علي سلمان ) المرس ##م الإلكتروني للفنان ( [MASK] الله حماس ) المرس ##م الإلكتروني للفنان ##ة ( زينه الشهري ) قسم الاستفسارات والشكاوى والاقتراحات جمعية [MASK] والفنون بأ ##بها مواهب ومه ##ارات ومنا ##شط عامة عسير الرياضة [SEP] ملحوظ ##ة : [MASK] هذا الخبر تم [MASK] [MASK] بواسطة RT Arabic ( روسيا العباس ) ولا يعبر عن وجهة نظر النفي ##س وانما [MASK] [MASK] بمح ##توا ##ه كما هو من RT Arabic ( الأخير اليوم [MASK] ونحن [MASK] مسئولي ##ن عن محتوى الخبر والع ##هد ##ة والنهار المصدر السابق ذكر ##ة . [SEP]
INFO:tensorflow:input_ids: 2 12284 1015 5353 15000 12 4 16645 2510 13 4 4 5353 15000 12 11872 10610 4 12284 4 5353 15000 1043 4 23948 2242 2733 1013 13 12284 1015 5353 15000 12 1958 3856 13 12284 1015 5353 15000 12 4 1953 6588 13 12284 1015 5353 15000 1043 12 25066 11093 13 2122 12770 22752 12772 6123 4 18033 2499 9701 20124 13786 2150 9497 9795 5253 8619 4612 3 19160 1043 30 4 2085 4480 2172 4 4 6888 23752 16232 12 4607 12389 13 2086 10657 1955 7286 4461 22472 1033 9636 4 4 6693 24709 1028 2306 2139 1908 23752 16232 12 6747 2217 4 4882 4 28635 1006 1955 3491 4480 2506 2146 1043 24230 5911 3905 3097 1043 18 3
I1024 09:08:59.060729 47684887495744 create_pretraining_data.py:161] input_ids: 2 12284 1015 5353 15000 12 4 16645 2510 13 4 4 5353 15000 12 11872 10610 4 12284 4 5353 15000 1043 4 23948 2242 2733 1013 13 12284 1015 5353 15000 12 1958 3856 13 12284 1015 5353 15000 12 4 1953 6588 13 12284 1015 5353 15000 1043 12 25066 11093 13 2122 12770 22752 12772 6123 4 18033 2499 9701 20124 13786 2150 9497 9795 5253 8619 4612 3 19160 1043 30 4 2085 4480 2172 4 4 6888 23752 16232 12 4607 12389 13 2086 10657 1955 7286 4461 22472 1033 9636 4 4 6693 24709 1028 2306 2139 1908 23752 16232 12 6747 2217 4 4882 4 28635 1006 1955 3491 4480 2506 2146 1043 24230 5911 3905 3097 1043 18 3
INFO:tensorflow:input_mask: 1 1 1 1 1 1 1 1 1 1 1 1 1 1 1 1 1 1 1 1 1 1 1 1 1 1 1 1 1 1 1 1 1 1 1 1 1 1 1 1 1 1 1 1 1 1 1 1 1 1 1 1 1 1 1 1 1 1 1 1 1 1 1 1 1 1 1 1 1 1 1 1 1 1 1 1 1 1 1 1 1 1 1 1 1 1 1 1 1 1 1 1 1 1 1 1 1 1 1 1 1 1 1 1 1 1 1 1 1 1 1 1 1 1 1 1 1 1 1 1 1 1 1 1 1 1 1 1
I1024 09:08:59.060888 47684887495744 create_pretraining_data.py:161] input_mask: 1 1 1 1 1 1 1 1 1 1 1 1 1 1 1 1 1 1 1 1 1 1 1 1 1 1 1 1 1 1 1 1 1 1 1 1 1 1 1 1 1 1 1 1 1 1 1 1 1 1 1 1 1 1 1 1 1 1 1 1 1 1 1 1 1 1 1 1 1 1 1 1 1 1 1 1 1 1 1 1 1 1 1 1 1 1 1 1 1 1 1 1 1 1 1 1 1 1 1 1 1 1 1 1 1 1 1 1 1 1 1 1 1 1 1 1 1 1 1 1 1 1 1 1 1 1 1 1
INFO:tensorflow:segment_ids: 0 0 0 0 0 0 0 0 0 0 0 0 0 0 0 0 0 0 0 0 0 0 0 0 0 0 0 0 0 0 0 0 0 0 0 0 0 0 0 0 0 0 0 0 0 0 0 0 0 0 0 0 0 0 0 0 0 0 0 0 0 0 0 0 0 0 0 0 0 0 0 0 0 1 1 1 1 1 1 1 1 1 1 1 1 1 1 1 1 1 1 1 1 1 1 1 1 1 1 1 1 1 1 1 1 1 1 1 1 1 1 1 1 1 1 1 1 1 1 1 1 1 1 1 1 1 1 1
I1024 09:08:59.061038 47684887495744 create_pretraining_data.py:161] segment_ids: 0 0 0 0 0 0 0 0 0 0 0 0 0 0 0 0 0 0 0 0 0 0 0 0 0 0 0 0 0 0 0 0 0 0 0 0 0 0 0 0 0 0 0 0 0 0 0 0 0 0 0 0 0 0 0 0 0 0 0 0 0 0 0 0 0 0 0 0 0 0 0 0 0 1 1 1 1 1 1 1 1 1 1 1 1 1 1 1 1 1 1 1 1 1 1 1 1 1 1 1 1 1 1 1 1 1 1 1 1 1 1 1 1 1 1 1 1 1 1 1 1 1 1 1 1 1 1 1
INFO:tensorflow:masked_lm_positions: 6 10 11 17 18 19 23 42 60 76 80 81 87 97 98 108 110 112 121 0
I1024 09:08:59.061163 47684887495744 create_pretraining_data.py:161] masked_lm_positions: 6 10 11 17 18 19 23 42 60 76 80 81 87 97 98 108 110 112 121 0
INFO:tensorflow:masked_lm_ids: 10917 12284 1015 13 12284 1015 12 2195 5788 13325 3437 2076 2217 2172 15058 4607 13 2224 1958 0
I1024 09:08:59.061274 47684887495744 create_pretraining_data.py:161] masked_lm_ids: 10917 12284 1015 13 12284 1015 12 2195 5788 13325 3437 2076 2217 2172 15058 4607 13 2224 1958 0
INFO:tensorflow:masked_lm_weights: 1.0 1.0 1.0 1.0 1.0 1.0 1.0 1.0 1.0 1.0 1.0 1.0 1.0 1.0 1.0 1.0 1.0 1.0 1.0 0.0
I1024 09:08:59.061385 47684887495744 create_pretraining_data.py:161] masked_lm_weights: 1.0 1.0 1.0 1.0 1.0 1.0 1.0 1.0 1.0 1.0 1.0 1.0 1.0 1.0 1.0 1.0 1.0 1.0 1.0 0.0
INFO:tensorflow:next_sentence_labels: 1
I1024 09:08:59.061485 47684887495744 create_pretraining_data.py:161] next_sentence_labels: 1
INFO:tensorflow:*** Example ***
I1024 09:08:59.062313 47684887495744 create_pretraining_data.py:149] *** Example ***
INFO:tensorflow:tokens: [CLS] [MASK] [MASK] [MASK] [MASK] راك ##بين في طيار ##ة هلو ##كو ##بت ##ر بس ##طل ##وا والط ##يار ##ة في الجو قاموا [MASK] لي واحد منهم يمشي يجيب ليه ##م [MASK] [MASK] حم ##را [MASK] الد ##كان ز ##ولنا قام وعلي حسب السط ##لة الفي ##ه مرق بي واحد من بيب ##ان الطيار ##ة [MASK] حظ ##و لاقت ##و ليك مروح ##ة الطيار ##ة وخ ##مش ##تو من ليا ##قة الق ##ميص صاحب ##نا [MASK] ##ى [MASK] والمر ##وحة [MASK] ##ه الجماعة بي جو ##ة انتبه ##و للم ##وقف وز ##ولنا لاف ##ي مع المرو ##حة وهم برض ##و [MASK] حسب سط ##لتهم شبك ##و ليك [MASK] [MASK] رايح السينما أول ماد ##خل شاف [MASK] ^ بف باف ^ قال من بدايتها [SEP] انتقل الدف : [SEP]
I1024 09:08:59.062510 47684887495744 create_pretraining_data.py:151] tokens: [CLS] [MASK] [MASK] [MASK] [MASK] راك ##بين في طيار ##ة هلو ##كو ##بت ##ر بس ##طل ##وا والط ##يار ##ة في الجو قاموا [MASK] لي واحد منهم يمشي يجيب ليه ##م [MASK] [MASK] حم ##را [MASK] الد ##كان ز ##ولنا قام وعلي حسب السط ##لة الفي ##ه مرق بي واحد من بيب ##ان الطيار ##ة [MASK] حظ ##و لاقت ##و ليك مروح ##ة الطيار ##ة وخ ##مش ##تو من ليا ##قة الق ##ميص صاحب ##نا [MASK] ##ى [MASK] والمر ##وحة [MASK] ##ه الجماعة بي جو ##ة انتبه ##و للم ##وقف وز ##ولنا لاف ##ي مع المرو ##حة وهم برض ##و [MASK] حسب سط ##لتهم شبك ##و ليك [MASK] [MASK] رايح السينما أول ماد ##خل شاف [MASK] ^ بف باف ^ قال من بدايتها [SEP] انتقل الدف : [SEP]
INFO:tensorflow:input_ids: 2 4 4 4 4 15256 5569 1912 20788 1043 25526 2826 2177 1017 2357 6496 1928 4392 4003 1043 1912 5697 14799 4 2134 2563 3441 13473 8843 5067 1015 4 4 2848 1925 4 1978 2179 398 27115 3347 4126 3650 25887 2035 3158 1028 29429 2260 2563 1908 10746 1906 18370 1043 4 5301 1012 20949 1012 10209 29914 1043 18370 1043 2680 14036 6975 1908 7706 2059 1964 14404 3320 1914 4 1102 4 4716 5763 4 1028 9211 2260 5514 1043 12056 1012 2189 2836 2300 27115 13936 1013 1973 23837 2106 4009 14234 1012 4 3650 13095 10892 16729 1012 10209 4 4 21427 6820 3399 6849 2325 8623 4 66 4304 10541 66 2136 1908 24939 3 4481 20566 30 3
I1024 09:08:59.062695 47684887495744 create_pretraining_data.py:161] input_ids: 2 4 4 4 4 15256 5569 1912 20788 1043 25526 2826 2177 1017 2357 6496 1928 4392 4003 1043 1912 5697 14799 4 2134 2563 3441 13473 8843 5067 1015 4 4 2848 1925 4 1978 2179 398 27115 3347 4126 3650 25887 2035 3158 1028 29429 2260 2563 1908 10746 1906 18370 1043 4 5301 1012 20949 1012 10209 29914 1043 18370 1043 2680 14036 6975 1908 7706 2059 1964 14404 3320 1914 4 1102 4 4716 5763 4 1028 9211 2260 5514 1043 12056 1012 2189 2836 2300 27115 13936 1013 1973 23837 2106 4009 14234 1012 4 3650 13095 10892 16729 1012 10209 4 4 21427 6820 3399 6849 2325 8623 4 66 4304 10541 66 2136 1908 24939 3 4481 20566 30 3
INFO:tensorflow:input_mask: 1 1 1 1 1 1 1 1 1 1 1 1 1 1 1 1 1 1 1 1 1 1 1 1 1 1 1 1 1 1 1 1 1 1 1 1 1 1 1 1 1 1 1 1 1 1 1 1 1 1 1 1 1 1 1 1 1 1 1 1 1 1 1 1 1 1 1 1 1 1 1 1 1 1 1 1 1 1 1 1 1 1 1 1 1 1 1 1 1 1 1 1 1 1 1 1 1 1 1 1 1 1 1 1 1 1 1 1 1 1 1 1 1 1 1 1 1 1 1 1 1 1 1 1 1 1 1 1
I1024 09:08:59.062870 47684887495744 create_pretraining_data.py:161] input_mask: 1 1 1 1 1 1 1 1 1 1 1 1 1 1 1 1 1 1 1 1 1 1 1 1 1 1 1 1 1 1 1 1 1 1 1 1 1 1 1 1 1 1 1 1 1 1 1 1 1 1 1 1 1 1 1 1 1 1 1 1 1 1 1 1 1 1 1 1 1 1 1 1 1 1 1 1 1 1 1 1 1 1 1 1 1 1 1 1 1 1 1 1 1 1 1 1 1 1 1 1 1 1 1 1 1 1 1 1 1 1 1 1 1 1 1 1 1 1 1 1 1 1 1 1 1 1 1 1
INFO:tensorflow:segment_ids: 0 0 0 0 0 0 0 0 0 0 0 0 0 0 0 0 0 0 0 0 0 0 0 0 0 0 0 0 0 0 0 0 0 0 0 0 0 0 0 0 0 0 0 0 0 0 0 0 0 0 0 0 0 0 0 0 0 0 0 0 0 0 0 0 0 0 0 0 0 0 0 0 0 0 0 0 0 0 0 0 0 0 0 0 0 0 0 0 0 0 0 0 0 0 0 0 0 0 0 0 0 0 0 0 0 0 0 0 0 0 0 0 0 0 0 0 0 0 0 0 0 0 0 0 1 1 1 1
I1024 09:08:59.063023 47684887495744 create_pretraining_data.py:161] segment_ids: 0 0 0 0 0 0 0 0 0 0 0 0 0 0 0 0 0 0 0 0 0 0 0 0 0 0 0 0 0 0 0 0 0 0 0 0 0 0 0 0 0 0 0 0 0 0 0 0 0 0 0 0 0 0 0 0 0 0 0 0 0 0 0 0 0 0 0 0 0 0 0 0 0 0 0 0 0 0 0 0 0 0 0 0 0 0 0 0 0 0 0 0 0 0 0 0 0 0 0 0 0 0 0 0 0 0 0 0 0 0 0 0 0 0 0 0 0 0 0 0 0 0 0 0 1 1 1 1
INFO:tensorflow:masked_lm_positions: 1 2 3 4 23 31 32 35 55 75 76 77 80 81 100 107 108 115 125 0
I1024 09:08:59.063136 47684887495744 create_pretraining_data.py:161] masked_lm_positions: 1 2 3 4 23 31 32 35 55 75 76 77 80 81 100 107 108 115 125 0
INFO:tensorflow:masked_lm_ids: 6312 2076 3920 8556 5774 4704 2116 1908 26393 2498 1102 23013 13936 1028 1958 9440 3496 7973 2186 0
I1024 09:08:59.063245 47684887495744 create_pretraining_data.py:161] masked_lm_ids: 6312 2076 3920 8556 5774 4704 2116 1908 26393 2498 1102 23013 13936 1028 1958 9440 3496 7973 2186 0
INFO:tensorflow:masked_lm_weights: 1.0 1.0 1.0 1.0 1.0 1.0 1.0 1.0 1.0 1.0 1.0 1.0 1.0 1.0 1.0 1.0 1.0 1.0 1.0 0.0
I1024 09:08:59.063355 47684887495744 create_pretraining_data.py:161] masked_lm_weights: 1.0 1.0 1.0 1.0 1.0 1.0 1.0 1.0 1.0 1.0 1.0 1.0 1.0 1.0 1.0 1.0 1.0 1.0 1.0 0.0
INFO:tensorflow:next_sentence_labels: 1
I1024 09:08:59.063454 47684887495744 create_pretraining_data.py:161] next_sentence_labels: 1
INFO:tensorflow:*** Example ***
I1024 09:08:59.064271 47684887495744 create_pretraining_data.py:149] *** Example ***
INFO:tensorflow:tokens: [CLS] [MASK] [MASK] [MASK] البا ##دية . الخ ##ل [MASK] نبت ##ة من فص ##يلة الخي ##ميات ، موطن ##ها : الجزائر ، مصر ، قاع [MASK] يتر ##او ##ح ارتفاع هذه [MASK] ##بة بين 30 - 90 ##سم ، ويش ##كل إ ##زهار ##ها خي ##ما يتجاوز كل [MASK] العشرين سنت ##يم ##تر ##ا ، وهي تتكون من أكثر من دائرة أساسية ، تن ##قسم بدورها إلى دوائر أخرى [MASK] الأز ##هار تق ##طف هذه الخي ##م ، عندما [MASK] مغ ##طا ##ة بالث ##مار المحت ##وية على العنصر الفع مقدمة [MASK] [SEP] [MASK] على اخبار التخ ##فيضات الحصرية للم ##اركات العالمية والمح ##لية والفعاليات الخاصه [MASK] في جوال التخ ##فيضات " عروض ستي " للأ ##شتراك [MASK] رقم 1 للر ##قم : 80 ##17 ##10 [SEP]
I1024 09:08:59.064469 47684887495744 create_pretraining_data.py:151] tokens: [CLS] [MASK] [MASK] [MASK] البا ##دية . الخ ##ل [MASK] نبت ##ة من فص ##يلة الخي ##ميات ، موطن ##ها : الجزائر ، مصر ، قاع [MASK] يتر ##او ##ح ارتفاع هذه [MASK] ##بة بين 30 - 90 ##سم ، ويش ##كل إ ##زهار ##ها خي ##ما يتجاوز كل [MASK] العشرين سنت ##يم ##تر ##ا ، وهي تتكون من أكثر من دائرة أساسية ، تن ##قسم بدورها إلى دوائر أخرى [MASK] الأز ##هار تق ##طف هذه الخي ##م ، عندما [MASK] مغ ##طا ##ة بالث ##مار المحت ##وية على العنصر الفع مقدمة [MASK] [SEP] [MASK] على اخبار التخ ##فيضات الحصرية للم ##اركات العالمية والمح ##لية والفعاليات الخاصه [MASK] في جوال التخ ##فيضات " عروض ستي " للأ ##شتراك [MASK] رقم 1 للر ##قم : 80 ##17 ##10 [SEP]
INFO:tensorflow:input_ids: 2 4 4 4 4808 4259 18 1995 1010 4 17274 1043 1908 6558 3886 6562 6018 378 24033 1913 30 3954 378 2559 378 20235 4 24227 22704 1032 5022 2159 4 2215 2117 3612 17 7742 1984 378 5816 2098 385 21304 1913 4662 1931 11562 2038 4 11037 8220 2019 2582 1007 378 2843 20044 1908 2976 1908 8323 18136 378 2245 12468 18325 2045 21145 3286 4 5060 10160 2161 2297 2159 6562 1015 378 2805 4 3203 3350 1043 11289 5359 3971 2328 1961 26405 7031 9574 4 3 4 1961 3300 4665 27176 11909 2189 5567 3842 5822 2082 28900 7395 4 1912 5716 4665 27176 6 4559 6426 6 2939 9370 4 3128 21 3647 2644 30 7209 6575 4571 3
I1024 09:08:59.064678 47684887495744 create_pretraining_data.py:161] input_ids: 2 4 4 4 4808 4259 18 1995 1010 4 17274 1043 1908 6558 3886 6562 6018 378 24033 1913 30 3954 378 2559 378 20235 4 24227 22704 1032 5022 2159 4 2215 2117 3612 17 7742 1984 378 5816 2098 385 21304 1913 4662 1931 11562 2038 4 11037 8220 2019 2582 1007 378 2843 20044 1908 2976 1908 8323 18136 378 2245 12468 18325 2045 21145 3286 4 5060 10160 2161 2297 2159 6562 1015 378 2805 4 3203 3350 1043 11289 5359 3971 2328 1961 26405 7031 9574 4 3 4 1961 3300 4665 27176 11909 2189 5567 3842 5822 2082 28900 7395 4 1912 5716 4665 27176 6 4559 6426 6 2939 9370 4 3128 21 3647 2644 30 7209 6575 4571 3
INFO:tensorflow:input_mask: 1 1 1 1 1 1 1 1 1 1 1 1 1 1 1 1 1 1 1 1 1 1 1 1 1 1 1 1 1 1 1 1 1 1 1 1 1 1 1 1 1 1 1 1 1 1 1 1 1 1 1 1 1 1 1 1 1 1 1 1 1 1 1 1 1 1 1 1 1 1 1 1 1 1 1 1 1 1 1 1 1 1 1 1 1 1 1 1 1 1 1 1 1 1 1 1 1 1 1 1 1 1 1 1 1 1 1 1 1 1 1 1 1 1 1 1 1 1 1 1 1 1 1 1 1 1 1 1
I1024 09:08:59.064841 47684887495744 create_pretraining_data.py:161] input_mask: 1 1 1 1 1 1 1 1 1 1 1 1 1 1 1 1 1 1 1 1 1 1 1 1 1 1 1 1 1 1 1 1 1 1 1 1 1 1 1 1 1 1 1 1 1 1 1 1 1 1 1 1 1 1 1 1 1 1 1 1 1 1 1 1 1 1 1 1 1 1 1 1 1 1 1 1 1 1 1 1 1 1 1 1 1 1 1 1 1 1 1 1 1 1 1 1 1 1 1 1 1 1 1 1 1 1 1 1 1 1 1 1 1 1 1 1 1 1 1 1 1 1 1 1 1 1 1 1
INFO:tensorflow:segment_ids: 0 0 0 0 0 0 0 0 0 0 0 0 0 0 0 0 0 0 0 0 0 0 0 0 0 0 0 0 0 0 0 0 0 0 0 0 0 0 0 0 0 0 0 0 0 0 0 0 0 0 0 0 0 0 0 0 0 0 0 0 0 0 0 0 0 0 0 0 0 0 0 0 0 0 0 0 0 0 0 0 0 0 0 0 0 0 0 0 0 0 0 0 0 0 1 1 1 1 1 1 1 1 1 1 1 1 1 1 1 1 1 1 1 1 1 1 1 1 1 1 1 1 1 1 1 1 1 1
I1024 09:08:59.064991 47684887495744 create_pretraining_data.py:161] segment_ids: 0 0 0 0 0 0 0 0 0 0 0 0 0 0 0 0 0 0 0 0 0 0 0 0 0 0 0 0 0 0 0 0 0 0 0 0 0 0 0 0 0 0 0 0 0 0 0 0 0 0 0 0 0 0 0 0 0 0 0 0 0 0 0 0 0 0 0 0 0 0 0 0 0 0 0 0 0 0 0 0 0 0 0 0 0 0 0 0 0 0 0 0 0 0 1 1 1 1 1 1 1 1 1 1 1 1 1 1 1 1 1 1 1 1 1 1 1 1 1 1 1 1 1 1 1 1 1 1
INFO:tensorflow:masked_lm_positions: 1 2 3 9 25 26 32 33 49 70 80 88 90 91 92 94 96 107 118 0
I1024 09:08:59.065104 47684887495744 create_pretraining_data.py:161] masked_lm_positions: 1 2 3 9 25 26 32 33 49 70 80 88 90 91 92 94 96 107 118 0
INFO:tensorflow:masked_lm_ids: 6274 14675 15631 30 3768 378 7502 2215 2813 5570 5973 1961 7031 1901 28619 23741 3300 22187 11756 0
I1024 09:08:59.065212 47684887495744 create_pretraining_data.py:161] masked_lm_ids: 6274 14675 15631 30 3768 378 7502 2215 2813 5570 5973 1961 7031 1901 28619 23741 3300 22187 11756 0
INFO:tensorflow:masked_lm_weights: 1.0 1.0 1.0 1.0 1.0 1.0 1.0 1.0 1.0 1.0 1.0 1.0 1.0 1.0 1.0 1.0 1.0 1.0 1.0 0.0
I1024 09:08:59.065323 47684887495744 create_pretraining_data.py:161] masked_lm_weights: 1.0 1.0 1.0 1.0 1.0 1.0 1.0 1.0 1.0 1.0 1.0 1.0 1.0 1.0 1.0 1.0 1.0 1.0 1.0 0.0
INFO:tensorflow:next_sentence_labels: 1
I1024 09:08:59.065436 47684887495744 create_pretraining_data.py:161] next_sentence_labels: 1
INFO:tensorflow:*** Example ***
I1024 09:08:59.066231 47684887495744 create_pretraining_data.py:149] *** Example ***
INFO:tensorflow:tokens: [CLS] أكرم توفيق في مباراة النجمة لموقع ##ة الترجي [MASK] [MASK] من حسابات تماما منذ الامه المسؤولية [MASK] [MASK] أن الفرنسي طلب [MASK] [MASK] بلا ##عب وسط مدافع في [MASK] الانتقالات الصيفية لكن إدارة التعاقد ##ات فشلت في [MASK] لاعب جديد بقيادة محمد فضل ، [MASK] الدخول في مفاوضات مع [MASK] [MASK] تعادل أمثال حمدي فتحي لاعب وسط إن ##بي ، وإس ##لام صالح متوسط ميدان سمو ##حة ، وأحمد عبدالم ##قص ##ود لاعب [SEP] [MASK] نت قررت ولاية الخرطوم في اجتماع موس ##ع اليوم برئاسة د . عبدالرحمن الخضر والي الخرطوم تكثيف العمل في انشاء مرافق تصريف مياه الامطار والتى يبلغ طوله ##ا 14 ##87 كلم داخل الولاية فيما أشارت توقعات الار ##صاد الجوي ان خري ##ف هذا العام [MASK] الشام [MASK] [MASK] غز ##يرة . [SEP]
I1024 09:08:59.066400 47684887495744 create_pretraining_data.py:151] tokens: [CLS] أكرم توفيق في مباراة النجمة لموقع ##ة الترجي [MASK] [MASK] من حسابات تماما منذ الامه المسؤولية [MASK] [MASK] أن الفرنسي طلب [MASK] [MASK] بلا ##عب وسط مدافع في [MASK] الانتقالات الصيفية لكن إدارة التعاقد ##ات فشلت في [MASK] لاعب جديد بقيادة محمد فضل ، [MASK] الدخول في مفاوضات مع [MASK] [MASK] تعادل أمثال حمدي فتحي لاعب وسط إن ##بي ، وإس ##لام صالح متوسط ميدان سمو ##حة ، وأحمد عبدالم ##قص ##ود لاعب [SEP] [MASK] نت قررت ولاية الخرطوم في اجتماع موس ##ع اليوم برئاسة د . عبدالرحمن الخضر والي الخرطوم تكثيف العمل في انشاء مرافق تصريف مياه الامطار والتى يبلغ طوله ##ا 14 ##87 كلم داخل الولاية فيما أشارت توقعات الار ##صاد الجوي ان خري ##ف هذا العام [MASK] الشام [MASK] [MASK] غز ##يرة . [SEP]
INFO:tensorflow:input_ids: 2 25401 9776 1912 4886 18117 11334 1043 23571 4 4 1908 6354 5410 2837 8672 7541 4 4 1979 5508 2922 4 4 2701 2123 4008 17878 1912 4 24648 20747 2425 3957 12434 1904 17290 1912 4 3639 3044 10852 2202 8071 378 4 4796 1912 13232 1973 4 4 14137 19022 23127 18547 3639 4008 2259 1947 378 13221 2025 3774 4869 11579 7833 2106 378 13993 10348 2878 1993 3639 3 4 2682 8746 6773 12304 1912 4877 4071 1009 2217 7886 395 18 6391 12416 7231 12304 29644 2854 1912 6117 19940 19059 7354 14798 9966 7408 25330 1007 2951 22593 2540 3224 14383 3200 20059 11855 11340 28008 11307 1939 8188 1037 2085 2169 4 5814 4 4 9816 2208 18 3
I1024 09:08:59.066556 47684887495744 create_pretraining_data.py:161] input_ids: 2 25401 9776 1912 4886 18117 11334 1043 23571 4 4 1908 6354 5410 2837 8672 7541 4 4 1979 5508 2922 4 4 2701 2123 4008 17878 1912 4 24648 20747 2425 3957 12434 1904 17290 1912 4 3639 3044 10852 2202 8071 378 4 4796 1912 13232 1973 4 4 14137 19022 23127 18547 3639 4008 2259 1947 378 13221 2025 3774 4869 11579 7833 2106 378 13993 10348 2878 1993 3639 3 4 2682 8746 6773 12304 1912 4877 4071 1009 2217 7886 395 18 6391 12416 7231 12304 29644 2854 1912 6117 19940 19059 7354 14798 9966 7408 25330 1007 2951 22593 2540 3224 14383 3200 20059 11855 11340 28008 11307 1939 8188 1037 2085 2169 4 5814 4 4 9816 2208 18 3
INFO:tensorflow:input_mask: 1 1 1 1 1 1 1 1 1 1 1 1 1 1 1 1 1 1 1 1 1 1 1 1 1 1 1 1 1 1 1 1 1 1 1 1 1 1 1 1 1 1 1 1 1 1 1 1 1 1 1 1 1 1 1 1 1 1 1 1 1 1 1 1 1 1 1 1 1 1 1 1 1 1 1 1 1 1 1 1 1 1 1 1 1 1 1 1 1 1 1 1 1 1 1 1 1 1 1 1 1 1 1 1 1 1 1 1 1 1 1 1 1 1 1 1 1 1 1 1 1 1 1 1 1 1 1 1
I1024 09:08:59.066694 47684887495744 create_pretraining_data.py:161] input_mask: 1 1 1 1 1 1 1 1 1 1 1 1 1 1 1 1 1 1 1 1 1 1 1 1 1 1 1 1 1 1 1 1 1 1 1 1 1 1 1 1 1 1 1 1 1 1 1 1 1 1 1 1 1 1 1 1 1 1 1 1 1 1 1 1 1 1 1 1 1 1 1 1 1 1 1 1 1 1 1 1 1 1 1 1 1 1 1 1 1 1 1 1 1 1 1 1 1 1 1 1 1 1 1 1 1 1 1 1 1 1 1 1 1 1 1 1 1 1 1 1 1 1 1 1 1 1 1 1
INFO:tensorflow:segment_ids: 0 0 0 0 0 0 0 0 0 0 0 0 0 0 0 0 0 0 0 0 0 0 0 0 0 0 0 0 0 0 0 0 0 0 0 0 0 0 0 0 0 0 0 0 0 0 0 0 0 0 0 0 0 0 0 0 0 0 0 0 0 0 0 0 0 0 0 0 0 0 0 0 0 0 0 1 1 1 1 1 1 1 1 1 1 1 1 1 1 1 1 1 1 1 1 1 1 1 1 1 1 1 1 1 1 1 1 1 1 1 1 1 1 1 1 1 1 1 1 1 1 1 1 1 1 1 1 1
I1024 09:08:59.066835 47684887495744 create_pretraining_data.py:161] segment_ids: 0 0 0 0 0 0 0 0 0 0 0 0 0 0 0 0 0 0 0 0 0 0 0 0 0 0 0 0 0 0 0 0 0 0 0 0 0 0 0 0 0 0 0 0 0 0 0 0 0 0 0 0 0 0 0 0 0 0 0 0 0 0 0 0 0 0 0 0 0 0 0 0 0 0 0 1 1 1 1 1 1 1 1 1 1 1 1 1 1 1 1 1 1 1 1 1 1 1 1 1 1 1 1 1 1 1 1 1 1 1 1 1 1 1 1 1 1 1 1 1 1 1 1 1 1 1 1 1
INFO:tensorflow:masked_lm_positions: 8 9 10 15 17 18 22 23 29 38 45 50 51 52 75 120 121 122 123 0
I1024 09:08:59.066930 47684887495744 create_pretraining_data.py:161] masked_lm_positions: 8 9 10 15 17 18 22 23 29 38 45 50 51 52 75 120 121 122 123 0
INFO:tensorflow:masked_lm_ids: 23571 2306 15669 29733 378 2306 3454 4065 8348 7229 2089 2976 1908 3639 8961 2888 2072 7371 3148 0
I1024 09:08:59.067020 47684887495744 create_pretraining_data.py:161] masked_lm_ids: 23571 2306 15669 29733 378 2306 3454 4065 8348 7229 2089 2976 1908 3639 8961 2888 2072 7371 3148 0
INFO:tensorflow:masked_lm_weights: 1.0 1.0 1.0 1.0 1.0 1.0 1.0 1.0 1.0 1.0 1.0 1.0 1.0 1.0 1.0 1.0 1.0 1.0 1.0 0.0
I1024 09:08:59.067113 47684887495744 create_pretraining_data.py:161] masked_lm_weights: 1.0 1.0 1.0 1.0 1.0 1.0 1.0 1.0 1.0 1.0 1.0 1.0 1.0 1.0 1.0 1.0 1.0 1.0 1.0 0.0
INFO:tensorflow:next_sentence_labels: 1
I1024 09:08:59.067196 47684887495744 create_pretraining_data.py:161] next_sentence_labels: 1
INFO:tensorflow:*** Example ***
I1024 09:08:59.067893 47684887495744 create_pretraining_data.py:149] *** Example ***
INFO:tensorflow:tokens: [CLS] [MASK] [MASK] [MASK] ابن قيم الجوزي ##ة أنه قال إنه ما [MASK] الدين عند الله الإسلام فيجب أن يكون الإسلام هو الدين على الأرض ، [MASK] الذي يجعل الأديان الأخرى موضوع ##ة في باب الكفر ، على [MASK] أن القرآن أقر كل أهل كتاب [MASK] وعلى رغم أن آية أخرى تؤكد أن من شاء ترجم [MASK] ومن شاء فلي ##كف ##ر . هنا [MASK] تصبح الأول ##وية تتح ##دد في الإسلام في مواجهة [MASK] الأخرى [MASK] [MASK] يجري الانتقال لتأ ##كيد أن « التفسير » [MASK] [MASK] به من قبل هؤلاء اعتماد ##ا على بعض الفقهاء ، [MASK] الإسلام الصحيح وليس من إسلام غيره . [SEP] مواضيع عامة . . . تبحث عن مساحه للكل ##ام . . . [SEP]
I1024 09:08:59.068059 47684887495744 create_pretraining_data.py:151] tokens: [CLS] [MASK] [MASK] [MASK] ابن قيم الجوزي ##ة أنه قال إنه ما [MASK] الدين عند الله الإسلام فيجب أن يكون الإسلام هو الدين على الأرض ، [MASK] الذي يجعل الأديان الأخرى موضوع ##ة في باب الكفر ، على [MASK] أن القرآن أقر كل أهل كتاب [MASK] وعلى رغم أن آية أخرى تؤكد أن من شاء ترجم [MASK] ومن شاء فلي ##كف ##ر . هنا [MASK] تصبح الأول ##وية تتح ##دد في الإسلام في مواجهة [MASK] الأخرى [MASK] [MASK] يجري الانتقال لتأ ##كيد أن « التفسير » [MASK] [MASK] به من قبل هؤلاء اعتماد ##ا على بعض الفقهاء ، [MASK] الإسلام الصحيح وليس من إسلام غيره . [SEP] مواضيع عامة . . . تبحث عن مساحه للكل ##ام . . . [SEP]
INFO:tensorflow:input_ids: 2 4 4 4 2549 4679 25749 1043 2590 2136 4493 1972 4 2825 2192 1953 4677 18247 1979 2461 4677 2139 2825 1961 4158 378 4 2130 5754 14217 4700 4030 1043 1912 3153 14534 378 1961 4 1979 4010 15232 2038 4151 3437 4 3720 3685 1979 9732 3286 8758 1979 1908 4217 24456 4 2298 4217 5086 24849 1017 18 2349 4 5973 2990 2328 6326 2282 1912 4677 1912 7050 4 4700 4 4 8077 10444 10062 5650 1979 107 12520 114 4 4 2249 1908 2289 4669 10897 1007 1961 2346 21635 378 4 4677 6826 3607 1908 17522 5504 18 3 4483 5253 18 18 18 8283 1955 18947 28151 1921 18 18 18 3 0 0 0 0 0 0 0
I1024 09:08:59.068224 47684887495744 create_pretraining_data.py:161] input_ids: 2 4 4 4 2549 4679 25749 1043 2590 2136 4493 1972 4 2825 2192 1953 4677 18247 1979 2461 4677 2139 2825 1961 4158 378 4 2130 5754 14217 4700 4030 1043 1912 3153 14534 378 1961 4 1979 4010 15232 2038 4151 3437 4 3720 3685 1979 9732 3286 8758 1979 1908 4217 24456 4 2298 4217 5086 24849 1017 18 2349 4 5973 2990 2328 6326 2282 1912 4677 1912 7050 4 4700 4 4 8077 10444 10062 5650 1979 107 12520 114 4 4 2249 1908 2289 4669 10897 1007 1961 2346 21635 378 4 4677 6826 3607 1908 17522 5504 18 3 4483 5253 18 18 18 8283 1955 18947 28151 1921 18 18 18 3 0 0 0 0 0 0 0
INFO:tensorflow:input_mask: 1 1 1 1 1 1 1 1 1 1 1 1 1 1 1 1 1 1 1 1 1 1 1 1 1 1 1 1 1 1 1 1 1 1 1 1 1 1 1 1 1 1 1 1 1 1 1 1 1 1 1 1 1 1 1 1 1 1 1 1 1 1 1 1 1 1 1 1 1 1 1 1 1 1 1 1 1 1 1 1 1 1 1 1 1 1 1 1 1 1 1 1 1 1 1 1 1 1 1 1 1 1 1 1 1 1 1 1 1 1 1 1 1 1 1 1 1 1 1 1 1 0 0 0 0 0 0 0
I1024 09:08:59.068358 47684887495744 create_pretraining_data.py:161] input_mask: 1 1 1 1 1 1 1 1 1 1 1 1 1 1 1 1 1 1 1 1 1 1 1 1 1 1 1 1 1 1 1 1 1 1 1 1 1 1 1 1 1 1 1 1 1 1 1 1 1 1 1 1 1 1 1 1 1 1 1 1 1 1 1 1 1 1 1 1 1 1 1 1 1 1 1 1 1 1 1 1 1 1 1 1 1 1 1 1 1 1 1 1 1 1 1 1 1 1 1 1 1 1 1 1 1 1 1 1 1 1 1 1 1 1 1 1 1 1 1 1 1 0 0 0 0 0 0 0
INFO:tensorflow:segment_ids: 0 0 0 0 0 0 0 0 0 0 0 0 0 0 0 0 0 0 0 0 0 0 0 0 0 0 0 0 0 0 0 0 0 0 0 0 0 0 0 0 0 0 0 0 0 0 0 0 0 0 0 0 0 0 0 0 0 0 0 0 0 0 0 0 0 0 0 0 0 0 0 0 0 0 0 0 0 0 0 0 0 0 0 0 0 0 0 0 0 0 0 0 0 0 0 0 0 0 0 0 0 0 0 0 0 0 0 1 1 1 1 1 1 1 1 1 1 1 1 1 1 0 0 0 0 0 0 0
I1024 09:08:59.068483 47684887495744 create_pretraining_data.py:161] segment_ids: 0 0 0 0 0 0 0 0 0 0 0 0 0 0 0 0 0 0 0 0 0 0 0 0 0 0 0 0 0 0 0 0 0 0 0 0 0 0 0 0 0 0 0 0 0 0 0 0 0 0 0 0 0 0 0 0 0 0 0 0 0 0 0 0 0 0 0 0 0 0 0 0 0 0 0 0 0 0 0 0 0 0 0 0 0 0 0 0 0 0 0 0 0 0 0 0 0 0 0 0 0 0 0 0 0 0 0 1 1 1 1 1 1 1 1 1 1 1 1 1 1 0 0 0 0 0 0 0
INFO:tensorflow:masked_lm_positions: 1 2 3 12 18 26 38 45 51 55 56 64 74 76 77 86 87 98 0 0
I1024 09:08:59.068576 47684887495744 create_pretraining_data.py:161] masked_lm_positions: 1 2 3 12 18 26 38 45 51 55 56 64 74 76 77 86 87 98 0 0
INFO:tensorflow:masked_lm_ids: 26711 15528 1955 5414 1979 3800 3685 18 8758 5086 5601 378 14217 18 2371 6489 2741 2139 0 0
I1024 09:08:59.068674 47684887495744 create_pretraining_data.py:161] masked_lm_ids: 26711 15528 1955 5414 1979 3800 3685 18 8758 5086 5601 378 14217 18 2371 6489 2741 2139 0 0
INFO:tensorflow:masked_lm_weights: 1.0 1.0 1.0 1.0 1.0 1.0 1.0 1.0 1.0 1.0 1.0 1.0 1.0 1.0 1.0 1.0 1.0 1.0 0.0 0.0
I1024 09:08:59.068766 47684887495744 create_pretraining_data.py:161] masked_lm_weights: 1.0 1.0 1.0 1.0 1.0 1.0 1.0 1.0 1.0 1.0 1.0 1.0 1.0 1.0 1.0 1.0 1.0 1.0 0.0 0.0
INFO:tensorflow:next_sentence_labels: 1
I1024 09:08:59.068849 47684887495744 create_pretraining_data.py:161] next_sentence_labels: 1
INFO:tensorflow:*** Example ***
I1024 09:08:59.069531 47684887495744 create_pretraining_data.py:149] *** Example ***
INFO:tensorflow:tokens: [CLS] [MASK] وزارة التربية والتعليم ما تداول ##ته ##فلة الصحف [MASK] الإلكترونية حول [MASK] [MASK] المجموعة B المت ##ضمنة 5 مواد M ##ore . . . . . [SEP] موسكو ترحب [MASK] دمشق قائمة [MASK] [MASK] إلى اللجنة الدستورية لدي ميس ##تو ##را وتأ ##مل بخط ##وة مماثلة من المعارضة [SEP]
I1024 09:08:59.069674 47684887495744 create_pretraining_data.py:151] tokens: [CLS] [MASK] وزارة التربية والتعليم ما تداول ##ته ##فلة الصحف [MASK] الإلكترونية حول [MASK] [MASK] المجموعة B المت ##ضمنة 5 مواد M ##ore . . . . . [SEP] موسكو ترحب [MASK] دمشق قائمة [MASK] [MASK] إلى اللجنة الدستورية لدي ميس ##تو ##را وتأ ##مل بخط ##وة مماثلة من المعارضة [SEP]
INFO:tensorflow:input_ids: 2 4 3433 4032 6121 1972 8599 2076 24668 7540 4 6393 2528 4 4 6343 38 2087 14304 25 6114 49 17973 18 18 18 18 18 3 9876 24682 4 5767 5946 4 4 2045 4450 12064 4118 13252 6975 1925 5985 2182 11936 2587 13864 1908 7063 3 0 0 0 0 0 0 0 0 0 0 0 0 0 0 0 0 0 0 0 0 0 0 0 0 0 0 0 0 0 0 0 0 0 0 0 0 0 0 0 0 0 0 0 0 0 0 0 0 0 0 0 0 0 0 0 0 0 0 0 0 0 0 0 0 0 0 0 0 0 0 0 0 0 0 0 0 0
I1024 09:08:59.069831 47684887495744 create_pretraining_data.py:161] input_ids: 2 4 3433 4032 6121 1972 8599 2076 24668 7540 4 6393 2528 4 4 6343 38 2087 14304 25 6114 49 17973 18 18 18 18 18 3 9876 24682 4 5767 5946 4 4 2045 4450 12064 4118 13252 6975 1925 5985 2182 11936 2587 13864 1908 7063 3 0 0 0 0 0 0 0 0 0 0 0 0 0 0 0 0 0 0 0 0 0 0 0 0 0 0 0 0 0 0 0 0 0 0 0 0 0 0 0 0 0 0 0 0 0 0 0 0 0 0 0 0 0 0 0 0 0 0 0 0 0 0 0 0 0 0 0 0 0 0 0 0 0 0 0 0 0
INFO:tensorflow:input_mask: 1 1 1 1 1 1 1 1 1 1 1 1 1 1 1 1 1 1 1 1 1 1 1 1 1 1 1 1 1 1 1 1 1 1 1 1 1 1 1 1 1 1 1 1 1 1 1 1 1 1 1 0 0 0 0 0 0 0 0 0 0 0 0 0 0 0 0 0 0 0 0 0 0 0 0 0 0 0 0 0 0 0 0 0 0 0 0 0 0 0 0 0 0 0 0 0 0 0 0 0 0 0 0 0 0 0 0 0 0 0 0 0 0 0 0 0 0 0 0 0 0 0 0 0 0 0 0 0
I1024 09:08:59.069959 47684887495744 create_pretraining_data.py:161] input_mask: 1 1 1 1 1 1 1 1 1 1 1 1 1 1 1 1 1 1 1 1 1 1 1 1 1 1 1 1 1 1 1 1 1 1 1 1 1 1 1 1 1 1 1 1 1 1 1 1 1 1 1 0 0 0 0 0 0 0 0 0 0 0 0 0 0 0 0 0 0 0 0 0 0 0 0 0 0 0 0 0 0 0 0 0 0 0 0 0 0 0 0 0 0 0 0 0 0 0 0 0 0 0 0 0 0 0 0 0 0 0 0 0 0 0 0 0 0 0 0 0 0 0 0 0 0 0 0 0
INFO:tensorflow:segment_ids: 0 0 0 0 0 0 0 0 0 0 0 0 0 0 0 0 0 0 0 0 0 0 0 0 0 0 0 0 0 1 1 1 1 1 1 1 1 1 1 1 1 1 1 1 1 1 1 1 1 1 1 0 0 0 0 0 0 0 0 0 0 0 0 0 0 0 0 0 0 0 0 0 0 0 0 0 0 0 0 0 0 0 0 0 0 0 0 0 0 0 0 0 0 0 0 0 0 0 0 0 0 0 0 0 0 0 0 0 0 0 0 0 0 0 0 0 0 0 0 0 0 0 0 0 0 0 0 0
I1024 09:08:59.070083 47684887495744 create_pretraining_data.py:161] segment_ids: 0 0 0 0 0 0 0 0 0 0 0 0 0 0 0 0 0 0 0 0 0 0 0 0 0 0 0 0 0 1 1 1 1 1 1 1 1 1 1 1 1 1 1 1 1 1 1 1 1 1 1 0 0 0 0 0 0 0 0 0 0 0 0 0 0 0 0 0 0 0 0 0 0 0 0 0 0 0 0 0 0 0 0 0 0 0 0 0 0 0 0 0 0 0 0 0 0 0 0 0 0 0 0 0 0 0 0 0 0 0 0 0 0 0 0 0 0 0 0 0 0 0 0 0 0 0 0 0
INFO:tensorflow:masked_lm_positions: 1 8 10 13 14 31 34 35 0 0 0 0 0 0 0 0 0 0 0 0
I1024 09:08:59.070176 47684887495744 create_pretraining_data.py:161] masked_lm_positions: 1 8 10 13 14 31 34 35 0 0 0 0 0 0 0 0 0 0 0 0
INFO:tensorflow:masked_lm_ids: 12505 2346 21278 11683 8885 26697 11214 18151 0 0 0 0 0 0 0 0 0 0 0 0
I1024 09:08:59.070267 47684887495744 create_pretraining_data.py:161] masked_lm_ids: 12505 2346 21278 11683 8885 26697 11214 18151 0 0 0 0 0 0 0 0 0 0 0 0
INFO:tensorflow:masked_lm_weights: 1.0 1.0 1.0 1.0 1.0 1.0 1.0 1.0 0.0 0.0 0.0 0.0 0.0 0.0 0.0 0.0 0.0 0.0 0.0 0.0
I1024 09:08:59.070360 47684887495744 create_pretraining_data.py:161] masked_lm_weights: 1.0 1.0 1.0 1.0 1.0 1.0 1.0 1.0 0.0 0.0 0.0 0.0 0.0 0.0 0.0 0.0 0.0 0.0 0.0 0.0
INFO:tensorflow:next_sentence_labels: 0
I1024 09:08:59.070443 47684887495744 create_pretraining_data.py:161] next_sentence_labels: 0
INFO:tensorflow:*** Example ***
I1024 09:08:59.071133 47684887495744 create_pretraining_data.py:149] *** Example ***
INFO:tensorflow:tokens: [CLS] تعتمد القيادة المصرية علي خوض معارك أكتوبر [MASK] أساس استخدام سلاح ضد سلاح آخر , [MASK] ابت ##كرت أساليب جديدة للت ##غلب [MASK] نقاط القوة في الطرف الآخر ومن ذلك ما قامت به القوات البحرية المصرية بغ ##لق مضي ##ق باب المند ##ب لتح ##رم إسرائيل من ام ##دادات [MASK] [MASK] [MASK] القادمة لها [MASK] [MASK] الدخول في معارك بحرية واسعة النطاق لتحقيق [SEP] هو عدم [MASK] الدب ##ابة ضد الدب ##ابة لأنه في هذه الحالة لم يكن هناك وجه للمقا ##رن ##ة [MASK] حيث عدد الدب ##ابات أو نوع ##يتها [MASK] لذلك استخدم المصريون المدف ##عية والص ##واريخ المضادة للد ##بابات التي كانت احدي مفاج ##آت الحرب , [MASK] المفاج ##أة [MASK] [MASK] بس ##الة وش ##جا ##عة ##عك المصري الذي كان عليه [MASK] في [SEP]
I1024 09:08:59.071301 47684887495744 create_pretraining_data.py:151] tokens: [CLS] تعتمد القيادة المصرية علي خوض معارك أكتوبر [MASK] أساس استخدام سلاح ضد سلاح آخر , [MASK] ابت ##كرت أساليب جديدة للت ##غلب [MASK] نقاط القوة في الطرف الآخر ومن ذلك ما قامت به القوات البحرية المصرية بغ ##لق مضي ##ق باب المند ##ب لتح ##رم إسرائيل من ام ##دادات [MASK] [MASK] [MASK] القادمة لها [MASK] [MASK] الدخول في معارك بحرية واسعة النطاق لتحقيق [SEP] هو عدم [MASK] الدب ##ابة ضد الدب ##ابة لأنه في هذه الحالة لم يكن هناك وجه للمقا ##رن ##ة [MASK] حيث عدد الدب ##ابات أو نوع ##يتها [MASK] لذلك استخدم المصريون المدف ##عية والص ##واريخ المضادة للد ##بابات التي كانت احدي مفاج ##آت الحرب , [MASK] المفاج ##أة [MASK] [MASK] بس ##الة وش ##جا ##عة ##عك المصري الذي كان عليه [MASK] في [SEP]
INFO:tensorflow:input_ids: 2 10620 7822 4335 1958 21839 15312 4962 4 7720 3653 8920 3051 8920 2514 16 4 3209 12525 20678 3403 2360 12587 4 6509 8112 1912 9865 4419 2298 2271 1972 5859 2249 4473 9328 4335 3499 1941 10666 1011 3153 17048 1045 4117 2344 4741 1908 2112 28949 4 4 4 8194 2553 4 4 4796 1912 15312 16207 8694 20937 7740 3 2139 3216 4 17988 2595 3051 17988 2595 4531 1912 2159 8305 2043 3812 2671 2879 26786 11407 1043 4 2455 2548 17988 2669 2075 4083 4689 4 4216 9226 27058 23145 2761 3011 7382 25387 2437 18711 2061 2431 11733 8789 5098 4125 16 4 12748 3004 4 4 2357 2343 2347 3327 2029 4790 3727 2130 2055 2181 4 1912 3
I1024 09:08:59.071472 47684887495744 create_pretraining_data.py:161] input_ids: 2 10620 7822 4335 1958 21839 15312 4962 4 7720 3653 8920 3051 8920 2514 16 4 3209 12525 20678 3403 2360 12587 4 6509 8112 1912 9865 4419 2298 2271 1972 5859 2249 4473 9328 4335 3499 1941 10666 1011 3153 17048 1045 4117 2344 4741 1908 2112 28949 4 4 4 8194 2553 4 4 4796 1912 15312 16207 8694 20937 7740 3 2139 3216 4 17988 2595 3051 17988 2595 4531 1912 2159 8305 2043 3812 2671 2879 26786 11407 1043 4 2455 2548 17988 2669 2075 4083 4689 4 4216 9226 27058 23145 2761 3011 7382 25387 2437 18711 2061 2431 11733 8789 5098 4125 16 4 12748 3004 4 4 2357 2343 2347 3327 2029 4790 3727 2130 2055 2181 4 1912 3
INFO:tensorflow:input_mask: 1 1 1 1 1 1 1 1 1 1 1 1 1 1 1 1 1 1 1 1 1 1 1 1 1 1 1 1 1 1 1 1 1 1 1 1 1 1 1 1 1 1 1 1 1 1 1 1 1 1 1 1 1 1 1 1 1 1 1 1 1 1 1 1 1 1 1 1 1 1 1 1 1 1 1 1 1 1 1 1 1 1 1 1 1 1 1 1 1 1 1 1 1 1 1 1 1 1 1 1 1 1 1 1 1 1 1 1 1 1 1 1 1 1 1 1 1 1 1 1 1 1 1 1 1 1 1 1
I1024 09:08:59.071604 47684887495744 create_pretraining_data.py:161] input_mask: 1 1 1 1 1 1 1 1 1 1 1 1 1 1 1 1 1 1 1 1 1 1 1 1 1 1 1 1 1 1 1 1 1 1 1 1 1 1 1 1 1 1 1 1 1 1 1 1 1 1 1 1 1 1 1 1 1 1 1 1 1 1 1 1 1 1 1 1 1 1 1 1 1 1 1 1 1 1 1 1 1 1 1 1 1 1 1 1 1 1 1 1 1 1 1 1 1 1 1 1 1 1 1 1 1 1 1 1 1 1 1 1 1 1 1 1 1 1 1 1 1 1 1 1 1 1 1 1
INFO:tensorflow:segment_ids: 0 0 0 0 0 0 0 0 0 0 0 0 0 0 0 0 0 0 0 0 0 0 0 0 0 0 0 0 0 0 0 0 0 0 0 0 0 0 0 0 0 0 0 0 0 0 0 0 0 0 0 0 0 0 0 0 0 0 0 0 0 0 0 0 0 1 1 1 1 1 1 1 1 1 1 1 1 1 1 1 1 1 1 1 1 1 1 1 1 1 1 1 1 1 1 1 1 1 1 1 1 1 1 1 1 1 1 1 1 1 1 1 1 1 1 1 1 1 1 1 1 1 1 1 1 1 1 1
I1024 09:08:59.071737 47684887495744 create_pretraining_data.py:161] segment_ids: 0 0 0 0 0 0 0 0 0 0 0 0 0 0 0 0 0 0 0 0 0 0 0 0 0 0 0 0 0 0 0 0 0 0 0 0 0 0 0 0 0 0 0 0 0 0 0 0 0 0 0 0 0 0 0 0 0 0 0 0 0 0 0 0 0 1 1 1 1 1 1 1 1 1 1 1 1 1 1 1 1 1 1 1 1 1 1 1 1 1 1 1 1 1 1 1 1 1 1 1 1 1 1 1 1 1 1 1 1 1 1 1 1 1 1 1 1 1 1 1 1 1 1 1 1 1 1 1
INFO:tensorflow:masked_lm_positions: 2 7 8 16 23 28 50 51 52 55 56 67 84 92 110 113 114 120 125 0
I1024 09:08:59.071842 47684887495744 create_pretraining_data.py:161] masked_lm_positions: 2 7 8 16 23 28 50 51 52 55 56 67 84 92 110 113 114 120 125 0
INFO:tensorflow:masked_lm_ids: 7822 4962 1958 2683 1958 4419 8704 3460 10153 5868 3759 3653 1908 16 4388 9769 2247 20592 9202 0
I1024 09:08:59.071935 47684887495744 create_pretraining_data.py:161] masked_lm_ids: 7822 4962 1958 2683 1958 4419 8704 3460 10153 5868 3759 3653 1908 16 4388 9769 2247 20592 9202 0
INFO:tensorflow:masked_lm_weights: 1.0 1.0 1.0 1.0 1.0 1.0 1.0 1.0 1.0 1.0 1.0 1.0 1.0 1.0 1.0 1.0 1.0 1.0 1.0 0.0
I1024 09:08:59.072028 47684887495744 create_pretraining_data.py:161] masked_lm_weights: 1.0 1.0 1.0 1.0 1.0 1.0 1.0 1.0 1.0 1.0 1.0 1.0 1.0 1.0 1.0 1.0 1.0 1.0 1.0 0.0
INFO:tensorflow:next_sentence_labels: 0
I1024 09:08:59.072111 47684887495744 create_pretraining_data.py:161] next_sentence_labels: 0
INFO:tensorflow:*** Example ***
I1024 09:08:59.072791 47684887495744 create_pretraining_data.py:149] *** Example ***
INFO:tensorflow:tokens: [CLS] انت لم تقوم بتسجيل الدخول بعد ينبغي عليك تسجل الدخول لكي تتمكن من [MASK] كل مواضيع منتديات [MASK] [MASK] الفتح ##اوي منتديات محمد [SEP] [MASK] العالم | | - - السي ##م ##زات و الخلف ##يات | | [MASK] - قسم البرامج العام | [MASK] - - البرامج العامة [MASK] | - واعوذ برامج حمايه | [MASK] [MASK] [MASK] برامج محادثات | | - - منتدى [MASK] ##itt و الجوال | | - - برامج الموبايلات | | - - الثيمات و الخلف ##يات | | - - العاب للم ##وبايل ##ات | | - - [MASK] والمس ##جات Mobile S ##MS | [MASK] - - قسم الف ##وتش ##وب الخاص | | - - [MASK] الف ##وتش ##وب والف ##لاش | | [MASK] - منتدى [SEP]
I1024 09:08:59.072959 47684887495744 create_pretraining_data.py:151] tokens: [CLS] انت لم تقوم بتسجيل الدخول بعد ينبغي عليك تسجل الدخول لكي تتمكن من [MASK] كل مواضيع منتديات [MASK] [MASK] الفتح ##اوي منتديات محمد [SEP] [MASK] العالم | | - - السي ##م ##زات و الخلف ##يات | | [MASK] - قسم البرامج العام | [MASK] - - البرامج العامة [MASK] | - واعوذ برامج حمايه | [MASK] [MASK] [MASK] برامج محادثات | | - - منتدى [MASK] ##itt و الجوال | | - - برامج الموبايلات | | - - الثيمات و الخلف ##يات | | - - العاب للم ##وبايل ##ات | | - - [MASK] والمس ##جات Mobile S ##MS | [MASK] - - قسم الف ##وتش ##وب الخاص | | - - [MASK] الف ##وتش ##وب والف ##لاش | | [MASK] - منتدى [SEP]
INFO:tensorflow:input_ids: 2 2164 2043 3952 9116 4796 2089 6935 2898 10507 4796 5146 13402 1908 4 2038 4483 3074 4 4 10000 6899 3074 2202 3 4 2337 96 96 17 17 2829 1015 14061 415 7992 2066 96 96 4 17 2122 3839 2169 96 4 17 17 3839 2754 4 96 17 9812 2997 21072 96 4 4 4 2997 13112 96 96 17 17 2069 4 29839 415 4247 96 96 17 17 2997 26621 96 96 17 17 29433 415 7992 2066 96 96 17 17 3429 2189 26211 1904 96 96 17 17 4 4671 3094 20513 55 17651 96 4 17 17 2122 1980 13857 2058 3342 96 96 17 17 4 1980 13857 2058 3227 16534 96 96 4 17 2069 3
I1024 09:08:59.073113 47684887495744 create_pretraining_data.py:161] input_ids: 2 2164 2043 3952 9116 4796 2089 6935 2898 10507 4796 5146 13402 1908 4 2038 4483 3074 4 4 10000 6899 3074 2202 3 4 2337 96 96 17 17 2829 1015 14061 415 7992 2066 96 96 4 17 2122 3839 2169 96 4 17 17 3839 2754 4 96 17 9812 2997 21072 96 4 4 4 2997 13112 96 96 17 17 2069 4 29839 415 4247 96 96 17 17 2997 26621 96 96 17 17 29433 415 7992 2066 96 96 17 17 3429 2189 26211 1904 96 96 17 17 4 4671 3094 20513 55 17651 96 4 17 17 2122 1980 13857 2058 3342 96 96 17 17 4 1980 13857 2058 3227 16534 96 96 4 17 2069 3
INFO:tensorflow:input_mask: 1 1 1 1 1 1 1 1 1 1 1 1 1 1 1 1 1 1 1 1 1 1 1 1 1 1 1 1 1 1 1 1 1 1 1 1 1 1 1 1 1 1 1 1 1 1 1 1 1 1 1 1 1 1 1 1 1 1 1 1 1 1 1 1 1 1 1 1 1 1 1 1 1 1 1 1 1 1 1 1 1 1 1 1 1 1 1 1 1 1 1 1 1 1 1 1 1 1 1 1 1 1 1 1 1 1 1 1 1 1 1 1 1 1 1 1 1 1 1 1 1 1 1 1 1 1 1 1
I1024 09:08:59.073259 47684887495744 create_pretraining_data.py:161] input_mask: 1 1 1 1 1 1 1 1 1 1 1 1 1 1 1 1 1 1 1 1 1 1 1 1 1 1 1 1 1 1 1 1 1 1 1 1 1 1 1 1 1 1 1 1 1 1 1 1 1 1 1 1 1 1 1 1 1 1 1 1 1 1 1 1 1 1 1 1 1 1 1 1 1 1 1 1 1 1 1 1 1 1 1 1 1 1 1 1 1 1 1 1 1 1 1 1 1 1 1 1 1 1 1 1 1 1 1 1 1 1 1 1 1 1 1 1 1 1 1 1 1 1 1 1 1 1 1 1
INFO:tensorflow:segment_ids: 0 0 0 0 0 0 0 0 0 0 0 0 0 0 0 0 0 0 0 0 0 0 0 0 0 1 1 1 1 1 1 1 1 1 1 1 1 1 1 1 1 1 1 1 1 1 1 1 1 1 1 1 1 1 1 1 1 1 1 1 1 1 1 1 1 1 1 1 1 1 1 1 1 1 1 1 1 1 1 1 1 1 1 1 1 1 1 1 1 1 1 1 1 1 1 1 1 1 1 1 1 1 1 1 1 1 1 1 1 1 1 1 1 1 1 1 1 1 1 1 1 1 1 1 1 1 1 1
I1024 09:08:59.073387 47684887495744 create_pretraining_data.py:161] segment_ids: 0 0 0 0 0 0 0 0 0 0 0 0 0 0 0 0 0 0 0 0 0 0 0 0 0 1 1 1 1 1 1 1 1 1 1 1 1 1 1 1 1 1 1 1 1 1 1 1 1 1 1 1 1 1 1 1 1 1 1 1 1 1 1 1 1 1 1 1 1 1 1 1 1 1 1 1 1 1 1 1 1 1 1 1 1 1 1 1 1 1 1 1 1 1 1 1 1 1 1 1 1 1 1 1 1 1 1 1 1 1 1 1 1 1 1 1 1 1 1 1 1 1 1 1 1 1 1 1
INFO:tensorflow:masked_lm_positions: 14 18 19 23 25 39 45 50 53 57 58 59 67 68 97 104 107 116 124 0
I1024 09:08:59.073481 47684887495744 create_pretraining_data.py:161] masked_lm_positions: 14 18 19 23 25 39 45 50 53 57 58 59 67 68 97 104 107 116 124 0
INFO:tensorflow:masked_lm_ids: 11782 13185 1016 2202 20812 17 96 96 17 96 17 17 2763 27862 4636 96 2122 2069 17 0
I1024 09:08:59.073571 47684887495744 create_pretraining_data.py:161] masked_lm_ids: 11782 13185 1016 2202 20812 17 96 96 17 96 17 17 2763 27862 4636 96 2122 2069 17 0
INFO:tensorflow:masked_lm_weights: 1.0 1.0 1.0 1.0 1.0 1.0 1.0 1.0 1.0 1.0 1.0 1.0 1.0 1.0 1.0 1.0 1.0 1.0 1.0 0.0
I1024 09:08:59.073670 47684887495744 create_pretraining_data.py:161] masked_lm_weights: 1.0 1.0 1.0 1.0 1.0 1.0 1.0 1.0 1.0 1.0 1.0 1.0 1.0 1.0 1.0 1.0 1.0 1.0 1.0 0.0
INFO:tensorflow:next_sentence_labels: 1
I1024 09:08:59.073754 47684887495744 create_pretraining_data.py:161] next_sentence_labels: 1
INFO:tensorflow:*** Example ***
I1024 09:08:59.074441 47684887495744 create_pretraining_data.py:149] *** Example ***
INFO:tensorflow:tokens: [CLS] ##وحة . [MASK] [MASK] الإسلام : الإسلام نظام شامل يتناول مظاهر الحياة [MASK] ؛ فهو دولة ووطن أو واللجان وأم ##ة ، وهو خلق وقوة أو رحمة وعد ##الة ، [MASK] ثقافة وق ##انون أو علم وق ##ضاء ، وهو مادة وث ##روة أو [MASK] وغ ##نى ، وهو جهاد ودع ##وة أو جيش وفك ##رة ، كما هو عقيدة صادق [MASK] وعب [SEP] الله لا أصل لها استح ##سنه ##ا الناس [MASK] [MASK] [MASK] - سواء بالز ##يادة فيه أو بالن ##قص [MASK] - ضل ##الة تجب [MASK] وصول والقضاء عليها بأفضل الوسائل التي لا تؤدي [MASK] ما هو [MASK] منها ، البدع ##ة الإضاف ##ية والترك ##ية ، والالتزام في العبادات المطلقة خلاف فقه ##ي ، لكل [MASK] رأيه ، ولا بأس بتم ##حي [SEP]
I1024 09:08:59.074613 47684887495744 create_pretraining_data.py:151] tokens: [CLS] ##وحة . [MASK] [MASK] الإسلام : الإسلام نظام شامل يتناول مظاهر الحياة [MASK] ؛ فهو دولة ووطن أو واللجان وأم ##ة ، وهو خلق وقوة أو رحمة وعد ##الة ، [MASK] ثقافة وق ##انون أو علم وق ##ضاء ، وهو مادة وث ##روة أو [MASK] وغ ##نى ، وهو جهاد ودع ##وة أو جيش وفك ##رة ، كما هو عقيدة صادق [MASK] وعب [SEP] الله لا أصل لها استح ##سنه ##ا الناس [MASK] [MASK] [MASK] - سواء بالز ##يادة فيه أو بالن ##قص [MASK] - ضل ##الة تجب [MASK] وصول والقضاء عليها بأفضل الوسائل التي لا تؤدي [MASK] ما هو [MASK] منها ، البدع ##ة الإضاف ##ية والترك ##ية ، والالتزام في العبادات المطلقة خلاف فقه ##ي ، لكل [MASK] رأيه ، ولا بأس بتم ##حي [SEP]
INFO:tensorflow:input_ids: 2 5763 18 4 4 4677 30 4677 3701 12214 15600 18924 3696 4 379 3799 3913 28395 2075 24690 8617 1043 378 2400 3222 25244 2075 11732 3431 2343 378 4 8529 2135 2638 2075 2689 2135 2584 378 2400 5050 3452 7481 2075 4 3781 2770 378 2400 15128 12760 2587 2075 5485 25746 2037 378 2306 2139 19834 10397 4 16635 3 1953 1963 8121 2553 10677 14124 1007 2397 4 4 4 17 4345 10414 2912 2366 2075 3229 2878 4 17 24947 2343 29082 4 7034 21421 2717 23241 10670 2061 1963 10851 4 1972 2139 4 2813 378 28135 1043 27330 1910 21495 1910 378 26765 1912 22768 23387 7671 8398 1013 378 3164 4 23665 378 2086 5425 13258 2120 3
I1024 09:08:59.074783 47684887495744 create_pretraining_data.py:161] input_ids: 2 5763 18 4 4 4677 30 4677 3701 12214 15600 18924 3696 4 379 3799 3913 28395 2075 24690 8617 1043 378 2400 3222 25244 2075 11732 3431 2343 378 4 8529 2135 2638 2075 2689 2135 2584 378 2400 5050 3452 7481 2075 4 3781 2770 378 2400 15128 12760 2587 2075 5485 25746 2037 378 2306 2139 19834 10397 4 16635 3 1953 1963 8121 2553 10677 14124 1007 2397 4 4 4 17 4345 10414 2912 2366 2075 3229 2878 4 17 24947 2343 29082 4 7034 21421 2717 23241 10670 2061 1963 10851 4 1972 2139 4 2813 378 28135 1043 27330 1910 21495 1910 378 26765 1912 22768 23387 7671 8398 1013 378 3164 4 23665 378 2086 5425 13258 2120 3
INFO:tensorflow:input_mask: 1 1 1 1 1 1 1 1 1 1 1 1 1 1 1 1 1 1 1 1 1 1 1 1 1 1 1 1 1 1 1 1 1 1 1 1 1 1 1 1 1 1 1 1 1 1 1 1 1 1 1 1 1 1 1 1 1 1 1 1 1 1 1 1 1 1 1 1 1 1 1 1 1 1 1 1 1 1 1 1 1 1 1 1 1 1 1 1 1 1 1 1 1 1 1 1 1 1 1 1 1 1 1 1 1 1 1 1 1 1 1 1 1 1 1 1 1 1 1 1 1 1 1 1 1 1 1 1
I1024 09:08:59.074918 47684887495744 create_pretraining_data.py:161] input_mask: 1 1 1 1 1 1 1 1 1 1 1 1 1 1 1 1 1 1 1 1 1 1 1 1 1 1 1 1 1 1 1 1 1 1 1 1 1 1 1 1 1 1 1 1 1 1 1 1 1 1 1 1 1 1 1 1 1 1 1 1 1 1 1 1 1 1 1 1 1 1 1 1 1 1 1 1 1 1 1 1 1 1 1 1 1 1 1 1 1 1 1 1 1 1 1 1 1 1 1 1 1 1 1 1 1 1 1 1 1 1 1 1 1 1 1 1 1 1 1 1 1 1 1 1 1 1 1 1
INFO:tensorflow:segment_ids: 0 0 0 0 0 0 0 0 0 0 0 0 0 0 0 0 0 0 0 0 0 0 0 0 0 0 0 0 0 0 0 0 0 0 0 0 0 0 0 0 0 0 0 0 0 0 0 0 0 0 0 0 0 0 0 0 0 0 0 0 0 0 0 0 0 1 1 1 1 1 1 1 1 1 1 1 1 1 1 1 1 1 1 1 1 1 1 1 1 1 1 1 1 1 1 1 1 1 1 1 1 1 1 1 1 1 1 1 1 1 1 1 1 1 1 1 1 1 1 1 1 1 1 1 1 1 1 1
I1024 09:08:59.075044 47684887495744 create_pretraining_data.py:161] segment_ids: 0 0 0 0 0 0 0 0 0 0 0 0 0 0 0 0 0 0 0 0 0 0 0 0 0 0 0 0 0 0 0 0 0 0 0 0 0 0 0 0 0 0 0 0 0 0 0 0 0 0 0 0 0 0 0 0 0 0 0 0 0 0 0 0 0 1 1 1 1 1 1 1 1 1 1 1 1 1 1 1 1 1 1 1 1 1 1 1 1 1 1 1 1 1 1 1 1 1 1 1 1 1 1 1 1 1 1 1 1 1 1 1 1 1 1 1 1 1 1 1 1 1 1 1 1 1 1 1
INFO:tensorflow:masked_lm_positions: 3 4 13 19 31 45 53 61 62 72 73 74 75 84 89 90 98 101 120 0
I1024 09:08:59.075138 47684887495744 create_pretraining_data.py:161] masked_lm_positions: 3 4 13 19 31 45 53 61 62 72 73 74 75 84 89 90 98 101 120 0
INFO:tensorflow:masked_lm_ids: 14142 2082 5144 5083 2400 11080 2075 10397 1043 2397 2499 2871 8948 2739 27294 2377 2045 2980 2366 0
I1024 09:08:59.075228 47684887495744 create_pretraining_data.py:161] masked_lm_ids: 14142 2082 5144 5083 2400 11080 2075 10397 1043 2397 2499 2871 8948 2739 27294 2377 2045 2980 2366 0
INFO:tensorflow:masked_lm_weights: 1.0 1.0 1.0 1.0 1.0 1.0 1.0 1.0 1.0 1.0 1.0 1.0 1.0 1.0 1.0 1.0 1.0 1.0 1.0 0.0
I1024 09:08:59.075320 47684887495744 create_pretraining_data.py:161] masked_lm_weights: 1.0 1.0 1.0 1.0 1.0 1.0 1.0 1.0 1.0 1.0 1.0 1.0 1.0 1.0 1.0 1.0 1.0 1.0 1.0 0.0
INFO:tensorflow:next_sentence_labels: 0
I1024 09:08:59.075403 47684887495744 create_pretraining_data.py:161] next_sentence_labels: 0
INFO:tensorflow:*** Example ***
I1024 09:08:59.076092 47684887495744 create_pretraining_data.py:149] *** Example ***
INFO:tensorflow:tokens: [CLS] ويشير المصطلح إلى خطط مؤسسات رسمية لك ##بح جما ##ح القيادات الجديدة ، والحفاظ على مصالح الدولة من وجهة نظره ##ا . [SEP] © phpBB والكثير Ahlamontada . com | منتدى مجاني للدعم و المساعدة | إتصل بنا | التبليغ عن محتوى [MASK] [MASK] [MASK] مدونة [MASK] [SEP]
I1024 09:08:59.076245 47684887495744 create_pretraining_data.py:151] tokens: [CLS] ويشير المصطلح إلى خطط مؤسسات رسمية لك ##بح جما ##ح القيادات الجديدة ، والحفاظ على مصالح الدولة من وجهة نظره ##ا . [SEP] © phpBB والكثير Ahlamontada . com | منتدى مجاني للدعم و المساعدة | إتصل بنا | التبليغ عن محتوى [MASK] [MASK] [MASK] مدونة [MASK] [SEP]
INFO:tensorflow:input_ids: 2 27349 23168 2045 10346 9357 10797 2278 2163 3995 1032 17213 3895 378 20330 1961 8320 3306 1908 7286 10584 1007 18 3 106 4237 19043 7801 18 4154 96 2069 3143 2679 415 3661 96 4111 3122 96 3888 1955 3491 4 4 4 4688 4 3 0 0 0 0 0 0 0 0 0 0 0 0 0 0 0 0 0 0 0 0 0 0 0 0 0 0 0 0 0 0 0 0 0 0 0 0 0 0 0 0 0 0 0 0 0 0 0 0 0 0 0 0 0 0 0 0 0 0 0 0 0 0 0 0 0 0 0 0 0 0 0 0 0 0 0 0 0 0 0
I1024 09:08:59.076391 47684887495744 create_pretraining_data.py:161] input_ids: 2 27349 23168 2045 10346 9357 10797 2278 2163 3995 1032 17213 3895 378 20330 1961 8320 3306 1908 7286 10584 1007 18 3 106 4237 19043 7801 18 4154 96 2069 3143 2679 415 3661 96 4111 3122 96 3888 1955 3491 4 4 4 4688 4 3 0 0 0 0 0 0 0 0 0 0 0 0 0 0 0 0 0 0 0 0 0 0 0 0 0 0 0 0 0 0 0 0 0 0 0 0 0 0 0 0 0 0 0 0 0 0 0 0 0 0 0 0 0 0 0 0 0 0 0 0 0 0 0 0 0 0 0 0 0 0 0 0 0 0 0 0 0 0 0
INFO:tensorflow:input_mask: 1 1 1 1 1 1 1 1 1 1 1 1 1 1 1 1 1 1 1 1 1 1 1 1 1 1 1 1 1 1 1 1 1 1 1 1 1 1 1 1 1 1 1 1 1 1 1 1 1 0 0 0 0 0 0 0 0 0 0 0 0 0 0 0 0 0 0 0 0 0 0 0 0 0 0 0 0 0 0 0 0 0 0 0 0 0 0 0 0 0 0 0 0 0 0 0 0 0 0 0 0 0 0 0 0 0 0 0 0 0 0 0 0 0 0 0 0 0 0 0 0 0 0 0 0 0 0 0
I1024 09:08:59.076520 47684887495744 create_pretraining_data.py:161] input_mask: 1 1 1 1 1 1 1 1 1 1 1 1 1 1 1 1 1 1 1 1 1 1 1 1 1 1 1 1 1 1 1 1 1 1 1 1 1 1 1 1 1 1 1 1 1 1 1 1 1 0 0 0 0 0 0 0 0 0 0 0 0 0 0 0 0 0 0 0 0 0 0 0 0 0 0 0 0 0 0 0 0 0 0 0 0 0 0 0 0 0 0 0 0 0 0 0 0 0 0 0 0 0 0 0 0 0 0 0 0 0 0 0 0 0 0 0 0 0 0 0 0 0 0 0 0 0 0 0
INFO:tensorflow:segment_ids: 0 0 0 0 0 0 0 0 0 0 0 0 0 0 0 0 0 0 0 0 0 0 0 0 1 1 1 1 1 1 1 1 1 1 1 1 1 1 1 1 1 1 1 1 1 1 1 1 1 0 0 0 0 0 0 0 0 0 0 0 0 0 0 0 0 0 0 0 0 0 0 0 0 0 0 0 0 0 0 0 0 0 0 0 0 0 0 0 0 0 0 0 0 0 0 0 0 0 0 0 0 0 0 0 0 0 0 0 0 0 0 0 0 0 0 0 0 0 0 0 0 0 0 0 0 0 0 0
I1024 09:08:59.076651 47684887495744 create_pretraining_data.py:161] segment_ids: 0 0 0 0 0 0 0 0 0 0 0 0 0 0 0 0 0 0 0 0 0 0 0 0 1 1 1 1 1 1 1 1 1 1 1 1 1 1 1 1 1 1 1 1 1 1 1 1 1 0 0 0 0 0 0 0 0 0 0 0 0 0 0 0 0 0 0 0 0 0 0 0 0 0 0 0 0 0 0 0 0 0 0 0 0 0 0 0 0 0 0 0 0 0 0 0 0 0 0 0 0 0 0 0 0 0 0 0 0 0 0 0 0 0 0 0 0 0 0 0 0 0 0 0 0 0 0 0
INFO:tensorflow:masked_lm_positions: 1 26 36 43 44 45 47 0 0 0 0 0 0 0 0 0 0 0 0 0
I1024 09:08:59.076745 47684887495744 create_pretraining_data.py:161] masked_lm_positions: 1 26 36 43 44 45 47 0 0 0 0 0 0 0 0 0 0 0 0 0
INFO:tensorflow:masked_lm_ids: 27349 96 96 3743 96 5292 7350 0 0 0 0 0 0 0 0 0 0 0 0 0
I1024 09:08:59.076835 47684887495744 create_pretraining_data.py:161] masked_lm_ids: 27349 96 96 3743 96 5292 7350 0 0 0 0 0 0 0 0 0 0 0 0 0
INFO:tensorflow:masked_lm_weights: 1.0 1.0 1.0 1.0 1.0 1.0 1.0 0.0 0.0 0.0 0.0 0.0 0.0 0.0 0.0 0.0 0.0 0.0 0.0 0.0
I1024 09:08:59.076927 47684887495744 create_pretraining_data.py:161] masked_lm_weights: 1.0 1.0 1.0 1.0 1.0 1.0 1.0 0.0 0.0 0.0 0.0 0.0 0.0 0.0 0.0 0.0 0.0 0.0 0.0 0.0
INFO:tensorflow:next_sentence_labels: 1
I1024 09:08:59.077010 47684887495744 create_pretraining_data.py:161] next_sentence_labels: 1
INFO:tensorflow:*** Example ***
I1024 09:08:59.077707 47684887495744 create_pretraining_data.py:149] *** Example ***
INFO:tensorflow:tokens: [CLS] © phpBB | منتدى مجاني | منتدى مجاني للدعم و المساعدة | إتصل بنا | [MASK] عن محتوى مخالف | انشئ مدونة مجانيا [SEP] رؤساء الجامعات الرسمية والخاصة وعم ##داء الكليات [MASK] [MASK] [MASK] الجامعية ضرورة [MASK] [MASK] [MASK] للمع ##نيين في وحدات [MASK] والتس ##جيل لديها بالت ##دق ##يق على [MASK] شهادات الثانوية العامة او ما يعادل ##ها المص ##دق ##ة من وزارة التربية والتعليم للطلب ##ة الاردني ##ين الحاصل ##ين عليها وسط خارج المملكة من خلال ارف ##اق الطالب [MASK] الوثائق التي تثبت اقام ##ته في الدولة للمحترفين خلال فترة الدراسة [MASK] [MASK] بصورة عن جواز السفر . يشار الى ان النظام المعدل [MASK] معاد ##لة الشهادات [MASK] مستوى [MASK] الدراسة [MASK] العامة لعام 2018 الناف ##ذ ، اشت ##رط على الطالب تقديم ما [SEP]
I1024 09:08:59.077879 47684887495744 create_pretraining_data.py:151] tokens: [CLS] © phpBB | منتدى مجاني | منتدى مجاني للدعم و المساعدة | إتصل بنا | [MASK] عن محتوى مخالف | انشئ مدونة مجانيا [SEP] رؤساء الجامعات الرسمية والخاصة وعم ##داء الكليات [MASK] [MASK] [MASK] الجامعية ضرورة [MASK] [MASK] [MASK] للمع ##نيين في وحدات [MASK] والتس ##جيل لديها بالت ##دق ##يق على [MASK] شهادات الثانوية العامة او ما يعادل ##ها المص ##دق ##ة من وزارة التربية والتعليم للطلب ##ة الاردني ##ين الحاصل ##ين عليها وسط خارج المملكة من خلال ارف ##اق الطالب [MASK] الوثائق التي تثبت اقام ##ته في الدولة للمحترفين خلال فترة الدراسة [MASK] [MASK] بصورة عن جواز السفر . يشار الى ان النظام المعدل [MASK] معاد ##لة الشهادات [MASK] مستوى [MASK] الدراسة [MASK] العامة لعام 2018 الناف ##ذ ، اشت ##رط على الطالب تقديم ما [SEP]
INFO:tensorflow:input_ids: 2 106 4237 96 2069 3143 96 2069 3143 2679 415 3661 96 4111 3122 96 4 1955 3491 3743 96 5292 4688 7350 3 11669 7909 6691 22089 5046 3047 14458 4 4 4 12091 6015 4 4 4 9644 6498 1912 12969 4 8085 2904 8331 2619 3427 3343 1961 4 14405 6688 2754 2213 1972 16882 1913 2378 3427 1043 1908 3433 4032 6121 6806 1043 17104 1911 22288 1911 2717 4008 3830 3835 1908 2317 26760 2396 7826 4 11108 2061 13315 19544 2076 1912 3306 21779 2317 5269 6861 4 4 8251 1955 12027 5698 18 13944 2186 1939 3618 23039 4 17339 2035 18991 4 4043 4 6861 4 2754 6886 2635 20092 1035 378 3583 9926 1961 7826 4495 1972 3
I1024 09:08:59.078047 47684887495744 create_pretraining_data.py:161] input_ids: 2 106 4237 96 2069 3143 96 2069 3143 2679 415 3661 96 4111 3122 96 4 1955 3491 3743 96 5292 4688 7350 3 11669 7909 6691 22089 5046 3047 14458 4 4 4 12091 6015 4 4 4 9644 6498 1912 12969 4 8085 2904 8331 2619 3427 3343 1961 4 14405 6688 2754 2213 1972 16882 1913 2378 3427 1043 1908 3433 4032 6121 6806 1043 17104 1911 22288 1911 2717 4008 3830 3835 1908 2317 26760 2396 7826 4 11108 2061 13315 19544 2076 1912 3306 21779 2317 5269 6861 4 4 8251 1955 12027 5698 18 13944 2186 1939 3618 23039 4 17339 2035 18991 4 4043 4 6861 4 2754 6886 2635 20092 1035 378 3583 9926 1961 7826 4495 1972 3
INFO:tensorflow:input_mask: 1 1 1 1 1 1 1 1 1 1 1 1 1 1 1 1 1 1 1 1 1 1 1 1 1 1 1 1 1 1 1 1 1 1 1 1 1 1 1 1 1 1 1 1 1 1 1 1 1 1 1 1 1 1 1 1 1 1 1 1 1 1 1 1 1 1 1 1 1 1 1 1 1 1 1 1 1 1 1 1 1 1 1 1 1 1 1 1 1 1 1 1 1 1 1 1 1 1 1 1 1 1 1 1 1 1 1 1 1 1 1 1 1 1 1 1 1 1 1 1 1 1 1 1 1 1 1 1
I1024 09:08:59.078181 47684887495744 create_pretraining_data.py:161] input_mask: 1 1 1 1 1 1 1 1 1 1 1 1 1 1 1 1 1 1 1 1 1 1 1 1 1 1 1 1 1 1 1 1 1 1 1 1 1 1 1 1 1 1 1 1 1 1 1 1 1 1 1 1 1 1 1 1 1 1 1 1 1 1 1 1 1 1 1 1 1 1 1 1 1 1 1 1 1 1 1 1 1 1 1 1 1 1 1 1 1 1 1 1 1 1 1 1 1 1 1 1 1 1 1 1 1 1 1 1 1 1 1 1 1 1 1 1 1 1 1 1 1 1 1 1 1 1 1 1
INFO:tensorflow:segment_ids: 0 0 0 0 0 0 0 0 0 0 0 0 0 0 0 0 0 0 0 0 0 0 0 0 0 1 1 1 1 1 1 1 1 1 1 1 1 1 1 1 1 1 1 1 1 1 1 1 1 1 1 1 1 1 1 1 1 1 1 1 1 1 1 1 1 1 1 1 1 1 1 1 1 1 1 1 1 1 1 1 1 1 1 1 1 1 1 1 1 1 1 1 1 1 1 1 1 1 1 1 1 1 1 1 1 1 1 1 1 1 1 1 1 1 1 1 1 1 1 1 1 1 1 1 1 1 1 1
I1024 09:08:59.078317 47684887495744 create_pretraining_data.py:161] segment_ids: 0 0 0 0 0 0 0 0 0 0 0 0 0 0 0 0 0 0 0 0 0 0 0 0 0 1 1 1 1 1 1 1 1 1 1 1 1 1 1 1 1 1 1 1 1 1 1 1 1 1 1 1 1 1 1 1 1 1 1 1 1 1 1 1 1 1 1 1 1 1 1 1 1 1 1 1 1 1 1 1 1 1 1 1 1 1 1 1 1 1 1 1 1 1 1 1 1 1 1 1 1 1 1 1 1 1 1 1 1 1 1 1 1 1 1 1 1 1 1 1 1 1 1 1 1 1 1 1
INFO:tensorflow:masked_lm_positions: 9 16 32 33 34 37 38 39 44 52 74 82 90 94 95 106 110 112 114 0
I1024 09:08:59.078413 47684887495744 create_pretraining_data.py:161] masked_lm_positions: 9 16 32 33 34 37 38 39 44 52 74 82 90 94 95 106 110 112 114 0
INFO:tensorflow:masked_lm_ids: 2679 3888 25428 2501 6018 9727 2185 1008 11189 2561 1908 5566 10451 19529 2307 16147 1908 7090 6688 0
I1024 09:08:59.078503 47684887495744 create_pretraining_data.py:161] masked_lm_ids: 2679 3888 25428 2501 6018 9727 2185 1008 11189 2561 1908 5566 10451 19529 2307 16147 1908 7090 6688 0
INFO:tensorflow:masked_lm_weights: 1.0 1.0 1.0 1.0 1.0 1.0 1.0 1.0 1.0 1.0 1.0 1.0 1.0 1.0 1.0 1.0 1.0 1.0 1.0 0.0
I1024 09:08:59.078594 47684887495744 create_pretraining_data.py:161] masked_lm_weights: 1.0 1.0 1.0 1.0 1.0 1.0 1.0 1.0 1.0 1.0 1.0 1.0 1.0 1.0 1.0 1.0 1.0 1.0 1.0 0.0
INFO:tensorflow:next_sentence_labels: 1
I1024 09:08:59.078683 47684887495744 create_pretraining_data.py:161] next_sentence_labels: 1
INFO:tensorflow:*** Example ***
I1024 09:08:59.079368 47684887495744 create_pretraining_data.py:149] *** Example ***
INFO:tensorflow:tokens: [CLS] ( يتوجب نسب المواد الى « h ##um ##um – هموم » - يحظر استخدام العمل لأي ##ة [MASK] [MASK] [MASK] - يحظر الخاصة بأي [MASK] ، تحوي ##ر أو [MASK] في النص ) [SEP] ##م طفل فى الحض ##انة [MASK] [MASK] [MASK] [MASK] [MASK] بالإ ##عدادي ##ة ، إن القصة تعود إلى 20 ديسمبر [MASK] حينما ر ##ن هاتف ابنها مهند طالب الثانوى [MASK] وكان المتحدث أحد زملائه بالم ##يدان يست ##غيث ##ī ويطلب [MASK] النزول هو ومن [MASK] كلب للت ##ضامن مع المعت ##صم ##ين لقي ##ام قوات الشرطة العسكرية بمه ##اجم ##تهم ليلا [MASK] البنات وسط الميدان . ولم تم ##ض لحظات حتى كان مهند فى قلب الميدان ، [MASK] منتصف الليل فوج ##ئ المعت ##صم ##ون بز ##وار الليل من قوات الشرطة [SEP]
I1024 09:08:59.079534 47684887495744 create_pretraining_data.py:151] tokens: [CLS] ( يتوجب نسب المواد الى « h ##um ##um – هموم » - يحظر استخدام العمل لأي ##ة [MASK] [MASK] [MASK] - يحظر الخاصة بأي [MASK] ، تحوي ##ر أو [MASK] في النص ) [SEP] ##م طفل فى الحض ##انة [MASK] [MASK] [MASK] [MASK] [MASK] بالإ ##عدادي ##ة ، إن القصة تعود إلى 20 ديسمبر [MASK] حينما ر ##ن هاتف ابنها مهند طالب الثانوى [MASK] وكان المتحدث أحد زملائه بالم ##يدان يست ##غيث ##ī ويطلب [MASK] النزول هو ومن [MASK] كلب للت ##ضامن مع المعت ##صم ##ين لقي ##ام قوات الشرطة العسكرية بمه ##اجم ##تهم ليلا [MASK] البنات وسط الميدان . ولم تم ##ض لحظات حتى كان مهند فى قلب الميدان ، [MASK] منتصف الليل فوج ##ئ المعت ##صم ##ون بز ##وار الليل من قوات الشرطة [SEP]
INFO:tensorflow:input_ids: 2 12 17814 6583 4989 2186 107 76 4770 4770 616 8776 114 17 21250 3653 2854 8833 1043 4 4 4 17 21250 2847 7931 4 378 16193 1017 2075 4 1912 4303 13 3 1015 6732 2230 6882 3987 4 4 4 4 4 3560 12663 1043 378 2259 9446 6103 2045 2056 4843 4 7473 397 1006 4900 19985 7531 4458 17622 4 2648 7397 2907 26214 2493 5411 2414 11689 1399 28209 4 27117 2139 2298 4 11421 2360 16402 1973 4610 9678 1911 7917 1921 4320 5044 5477 27464 11530 3378 11423 4 7023 4008 13159 18 2743 2172 1027 9951 2494 2055 7531 2230 2362 13159 378 4 8151 3792 15589 1042 4610 9678 1922 5069 2364 3792 1908 4320 5044 3
I1024 09:08:59.079696 47684887495744 create_pretraining_data.py:161] input_ids: 2 12 17814 6583 4989 2186 107 76 4770 4770 616 8776 114 17 21250 3653 2854 8833 1043 4 4 4 17 21250 2847 7931 4 378 16193 1017 2075 4 1912 4303 13 3 1015 6732 2230 6882 3987 4 4 4 4 4 3560 12663 1043 378 2259 9446 6103 2045 2056 4843 4 7473 397 1006 4900 19985 7531 4458 17622 4 2648 7397 2907 26214 2493 5411 2414 11689 1399 28209 4 27117 2139 2298 4 11421 2360 16402 1973 4610 9678 1911 7917 1921 4320 5044 5477 27464 11530 3378 11423 4 7023 4008 13159 18 2743 2172 1027 9951 2494 2055 7531 2230 2362 13159 378 4 8151 3792 15589 1042 4610 9678 1922 5069 2364 3792 1908 4320 5044 3
INFO:tensorflow:input_mask: 1 1 1 1 1 1 1 1 1 1 1 1 1 1 1 1 1 1 1 1 1 1 1 1 1 1 1 1 1 1 1 1 1 1 1 1 1 1 1 1 1 1 1 1 1 1 1 1 1 1 1 1 1 1 1 1 1 1 1 1 1 1 1 1 1 1 1 1 1 1 1 1 1 1 1 1 1 1 1 1 1 1 1 1 1 1 1 1 1 1 1 1 1 1 1 1 1 1 1 1 1 1 1 1 1 1 1 1 1 1 1 1 1 1 1 1 1 1 1 1 1 1 1 1 1 1 1 1
I1024 09:08:59.079849 47684887495744 create_pretraining_data.py:161] input_mask: 1 1 1 1 1 1 1 1 1 1 1 1 1 1 1 1 1 1 1 1 1 1 1 1 1 1 1 1 1 1 1 1 1 1 1 1 1 1 1 1 1 1 1 1 1 1 1 1 1 1 1 1 1 1 1 1 1 1 1 1 1 1 1 1 1 1 1 1 1 1 1 1 1 1 1 1 1 1 1 1 1 1 1 1 1 1 1 1 1 1 1 1 1 1 1 1 1 1 1 1 1 1 1 1 1 1 1 1 1 1 1 1 1 1 1 1 1 1 1 1 1 1 1 1 1 1 1 1
INFO:tensorflow:segment_ids: 0 0 0 0 0 0 0 0 0 0 0 0 0 0 0 0 0 0 0 0 0 0 0 0 0 0 0 0 0 0 0 0 0 0 0 0 1 1 1 1 1 1 1 1 1 1 1 1 1 1 1 1 1 1 1 1 1 1 1 1 1 1 1 1 1 1 1 1 1 1 1 1 1 1 1 1 1 1 1 1 1 1 1 1 1 1 1 1 1 1 1 1 1 1 1 1 1 1 1 1 1 1 1 1 1 1 1 1 1 1 1 1 1 1 1 1 1 1 1 1 1 1 1 1 1 1 1 1
I1024 09:08:59.079976 47684887495744 create_pretraining_data.py:161] segment_ids: 0 0 0 0 0 0 0 0 0 0 0 0 0 0 0 0 0 0 0 0 0 0 0 0 0 0 0 0 0 0 0 0 0 0 0 0 1 1 1 1 1 1 1 1 1 1 1 1 1 1 1 1 1 1 1 1 1 1 1 1 1 1 1 1 1 1 1 1 1 1 1 1 1 1 1 1 1 1 1 1 1 1 1 1 1 1 1 1 1 1 1 1 1 1 1 1 1 1 1 1 1 1 1 1 1 1 1 1 1 1 1 1 1 1 1 1 1 1 1 1 1 1 1 1 1 1 1 1
INFO:tensorflow:masked_lm_positions: 19 20 21 24 26 31 41 42 43 44 45 56 65 74 76 80 81 97 113 0
I1024 09:08:59.080069 47684887495744 create_pretraining_data.py:161] masked_lm_positions: 19 20 21 24 26 31 41 42 43 44 45 56 65 74 76 80 81 97 113 0
INFO:tensorflow:masked_lm_ids: 7210 2066 10771 4414 5664 5426 2073 3030 1949 5835 1102 11884 378 2249 2739 21418 1015 24721 5220 0
I1024 09:08:59.080160 47684887495744 create_pretraining_data.py:161] masked_lm_ids: 7210 2066 10771 4414 5664 5426 2073 3030 1949 5835 1102 11884 378 2249 2739 21418 1015 24721 5220 0
INFO:tensorflow:masked_lm_weights: 1.0 1.0 1.0 1.0 1.0 1.0 1.0 1.0 1.0 1.0 1.0 1.0 1.0 1.0 1.0 1.0 1.0 1.0 1.0 0.0
I1024 09:08:59.080252 47684887495744 create_pretraining_data.py:161] masked_lm_weights: 1.0 1.0 1.0 1.0 1.0 1.0 1.0 1.0 1.0 1.0 1.0 1.0 1.0 1.0 1.0 1.0 1.0 1.0 1.0 0.0
INFO:tensorflow:next_sentence_labels: 1
I1024 09:08:59.080335 47684887495744 create_pretraining_data.py:161] next_sentence_labels: 1
INFO:tensorflow:*** Example ***
I1024 09:08:59.081027 47684887495744 create_pretraining_data.py:149] *** Example ***
INFO:tensorflow:tokens: [CLS] ##تر ##م [MASK] ما عدا أمي [MASK] SZ ، أما [MASK] ##ية " لا أح ##تر ##م إلا من يحترم ##ني " هذا كان شعار ##ي منذ ولاد ##تي لكن المشكلة هي أنني أصبحت لا أه ##تم بالعم ##ر حتى الأستاذ إذا مكونات معي [MASK] أس ##كت و إن قام بش ##تم ##ي أش ##تم ##ه و أمام الفصل ! ! ! إليكم [SEP] ##ة وكان معظم غفله [MASK] [MASK] فقام ##ت [MASK] [MASK] بمع ##اقبة الكل بالض ##اشة علي يديه و ها قد جاء دوري . [MASK] [MASK] و هذا موقف آخر مع الأستاذ . . ( كانت [MASK] [MASK] غائب ##ة [MASK] الكل يتكلم و يصرخ و كع ##ادت ##ي أقر ##أ قصه أو أرس ##م ، فجاء الأستاذ لمعا ##قب ##تنا ، ضرب [SEP]
I1024 09:08:59.081198 47684887495744 create_pretraining_data.py:151] tokens: [CLS] ##تر ##م [MASK] ما عدا أمي [MASK] SZ ، أما [MASK] ##ية " لا أح ##تر ##م إلا من يحترم ##ني " هذا كان شعار ##ي منذ ولاد ##تي لكن المشكلة هي أنني أصبحت لا أه ##تم بالعم ##ر حتى الأستاذ إذا مكونات معي [MASK] أس ##كت و إن قام بش ##تم ##ي أش ##تم ##ه و أمام الفصل ! ! ! إليكم [SEP] ##ة وكان معظم غفله [MASK] [MASK] فقام ##ت [MASK] [MASK] بمع ##اقبة الكل بالض ##اشة علي يديه و ها قد جاء دوري . [MASK] [MASK] و هذا موقف آخر مع الأستاذ . . ( كانت [MASK] [MASK] غائب ##ة [MASK] الكل يتكلم و يصرخ و كع ##ادت ##ي أقر ##أ قصه أو أرس ##م ، فجاء الأستاذ لمعا ##قب ##تنا ، ضرب [SEP]
INFO:tensorflow:input_ids: 2 2582 1015 4 1972 9955 16083 4 27102 378 3444 4 1910 6 1963 3603 2582 1015 2725 1908 19608 1974 6 2085 2055 7553 1013 2837 13144 2005 2425 8247 2247 13498 8342 1963 5786 2419 19042 1017 2494 6483 2617 17706 5040 4 2476 2053 415 2259 3347 2331 2419 1013 2992 2419 1028 415 3500 5387 5 5 5 23449 3 1043 2648 5372 29514 4 4 20027 1005 4 4 4943 28909 5812 5884 7584 1958 12464 415 4958 2251 3539 4299 18 4 4 415 2085 5321 2514 1973 6483 18 18 12 2431 4 4 24932 1043 4 5812 9127 415 25669 415 16102 5145 1013 15232 1046 7887 2075 11602 1015 378 20091 6483 8004 2472 3359 378 7984 3
I1024 09:08:59.081366 47684887495744 create_pretraining_data.py:161] input_ids: 2 2582 1015 4 1972 9955 16083 4 27102 378 3444 4 1910 6 1963 3603 2582 1015 2725 1908 19608 1974 6 2085 2055 7553 1013 2837 13144 2005 2425 8247 2247 13498 8342 1963 5786 2419 19042 1017 2494 6483 2617 17706 5040 4 2476 2053 415 2259 3347 2331 2419 1013 2992 2419 1028 415 3500 5387 5 5 5 23449 3 1043 2648 5372 29514 4 4 20027 1005 4 4 4943 28909 5812 5884 7584 1958 12464 415 4958 2251 3539 4299 18 4 4 415 2085 5321 2514 1973 6483 18 18 12 2431 4 4 24932 1043 4 5812 9127 415 25669 415 16102 5145 1013 15232 1046 7887 2075 11602 1015 378 20091 6483 8004 2472 3359 378 7984 3
INFO:tensorflow:input_mask: 1 1 1 1 1 1 1 1 1 1 1 1 1 1 1 1 1 1 1 1 1 1 1 1 1 1 1 1 1 1 1 1 1 1 1 1 1 1 1 1 1 1 1 1 1 1 1 1 1 1 1 1 1 1 1 1 1 1 1 1 1 1 1 1 1 1 1 1 1 1 1 1 1 1 1 1 1 1 1 1 1 1 1 1 1 1 1 1 1 1 1 1 1 1 1 1 1 1 1 1 1 1 1 1 1 1 1 1 1 1 1 1 1 1 1 1 1 1 1 1 1 1 1 1 1 1 1 1
I1024 09:08:59.081497 47684887495744 create_pretraining_data.py:161] input_mask: 1 1 1 1 1 1 1 1 1 1 1 1 1 1 1 1 1 1 1 1 1 1 1 1 1 1 1 1 1 1 1 1 1 1 1 1 1 1 1 1 1 1 1 1 1 1 1 1 1 1 1 1 1 1 1 1 1 1 1 1 1 1 1 1 1 1 1 1 1 1 1 1 1 1 1 1 1 1 1 1 1 1 1 1 1 1 1 1 1 1 1 1 1 1 1 1 1 1 1 1 1 1 1 1 1 1 1 1 1 1 1 1 1 1 1 1 1 1 1 1 1 1 1 1 1 1 1 1
INFO:tensorflow:segment_ids: 0 0 0 0 0 0 0 0 0 0 0 0 0 0 0 0 0 0 0 0 0 0 0 0 0 0 0 0 0 0 0 0 0 0 0 0 0 0 0 0 0 0 0 0 0 0 0 0 0 0 0 0 0 0 0 0 0 0 0 0 0 0 0 0 0 1 1 1 1 1 1 1 1 1 1 1 1 1 1 1 1 1 1 1 1 1 1 1 1 1 1 1 1 1 1 1 1 1 1 1 1 1 1 1 1 1 1 1 1 1 1 1 1 1 1 1 1 1 1 1 1 1 1 1 1 1 1 1
I1024 09:08:59.081628 47684887495744 create_pretraining_data.py:161] segment_ids: 0 0 0 0 0 0 0 0 0 0 0 0 0 0 0 0 0 0 0 0 0 0 0 0 0 0 0 0 0 0 0 0 0 0 0 0 0 0 0 0 0 0 0 0 0 0 0 0 0 0 0 0 0 0 0 0 0 0 0 0 0 0 0 0 0 1 1 1 1 1 1 1 1 1 1 1 1 1 1 1 1 1 1 1 1 1 1 1 1 1 1 1 1 1 1 1 1 1 1 1 1 1 1 1 1 1 1 1 1 1 1 1 1 1 1 1 1 1 1 1 1 1 1 1 1 1 1 1
INFO:tensorflow:masked_lm_positions: 3 7 8 11 12 43 45 68 69 70 73 74 78 79 88 89 100 101 104 0
I1024 09:08:59.081724 47684887495744 create_pretraining_data.py:161] masked_lm_positions: 3 7 8 11 12 43 45 68 69 70 73 74 78 79 88 89 100 101 104 0
INFO:tensorflow:masked_lm_ids: 13739 415 3223 6692 1910 7361 1963 5357 9127 1922 8648 1043 5884 1975 18 18 10096 3359 415 0
I1024 09:08:59.081816 47684887495744 create_pretraining_data.py:161] masked_lm_ids: 13739 415 3223 6692 1910 7361 1963 5357 9127 1922 8648 1043 5884 1975 18 18 10096 3359 415 0
INFO:tensorflow:masked_lm_weights: 1.0 1.0 1.0 1.0 1.0 1.0 1.0 1.0 1.0 1.0 1.0 1.0 1.0 1.0 1.0 1.0 1.0 1.0 1.0 0.0
I1024 09:08:59.081921 47684887495744 create_pretraining_data.py:161] masked_lm_weights: 1.0 1.0 1.0 1.0 1.0 1.0 1.0 1.0 1.0 1.0 1.0 1.0 1.0 1.0 1.0 1.0 1.0 1.0 1.0 0.0
INFO:tensorflow:next_sentence_labels: 0
I1024 09:08:59.082005 47684887495744 create_pretraining_data.py:161] next_sentence_labels: 0
INFO:tensorflow:*** Example ***
I1024 09:08:59.082664 47684887495744 create_pretraining_data.py:149] *** Example ***
INFO:tensorflow:tokens: [CLS] تعد العقود مقابل [MASK] [MASK] منتج ##ا ذو رافع ##ة مالية [MASK] ويمكن [MASK] يؤدي إلى خسائر تتجاوز الإي ##داع ##ات . [MASK] التأكد [MASK] أنك تفهم [MASK] المخاطر والحر ##ص على إدارة تعرض ##ك . قد لا [MASK] تداول العقود مقابل الفرو ##قات مناسبا للجميع ، لذلك ، الرجاء التأكد من أنك [MASK] كليا المخاطر . [SEP] تعد [MASK] مقابل الفرو ##قات منتج ##ا ذو رافع ##ة مالية ، [MASK] [MASK] يؤدي [MASK] خسائر تتجاوز الإي ##داع ##ات . يرجى التأكد من أنك تفهم تماما المخاطر والحر ##ص على إدارة تعرض ##ك [MASK] [MASK] لا يكون تداول العقود [MASK] الفرو ##قات مناسبا للجميع ، لذلك ، [MASK] التأكد من أنك [MASK] كليا المخاطر . [SEP]
I1024 09:08:59.082827 47684887495744 create_pretraining_data.py:151] tokens: [CLS] تعد العقود مقابل [MASK] [MASK] منتج ##ا ذو رافع ##ة مالية [MASK] ويمكن [MASK] يؤدي إلى خسائر تتجاوز الإي ##داع ##ات . [MASK] التأكد [MASK] أنك تفهم [MASK] المخاطر والحر ##ص على إدارة تعرض ##ك . قد لا [MASK] تداول العقود مقابل الفرو ##قات مناسبا للجميع ، لذلك ، الرجاء التأكد من أنك [MASK] كليا المخاطر . [SEP] تعد [MASK] مقابل الفرو ##قات منتج ##ا ذو رافع ##ة مالية ، [MASK] [MASK] يؤدي [MASK] خسائر تتجاوز الإي ##داع ##ات . يرجى التأكد من أنك تفهم تماما المخاطر والحر ##ص على إدارة تعرض ##ك [MASK] [MASK] لا يكون تداول العقود [MASK] الفرو ##قات مناسبا للجميع ، لذلك ، [MASK] التأكد من أنك [MASK] كليا المخاطر . [SEP]
INFO:tensorflow:input_ids: 2 4613 13110 4357 4 4 12756 1007 7731 24931 1043 8516 4 6261 4 6898 2045 12635 12733 22083 8159 1904 18 4 12517 4 5942 10321 4 12773 11864 1031 1961 3957 4722 1014 18 2251 1963 4 8599 13110 4357 28698 2303 25965 5037 378 4216 378 7819 12517 1908 5942 4 16732 12773 18 3 4613 4 4357 28698 2303 12756 1007 7731 24931 1043 8516 378 4 4 6898 4 12635 12733 22083 8159 1904 18 8530 12517 1908 5942 10321 5410 12773 11864 1031 1961 3957 4722 1014 4 4 1963 2461 8599 13110 4 28698 2303 25965 5037 378 4216 378 4 12517 1908 5942 4 16732 12773 18 3 0 0 0 0 0 0 0 0 0 0 0
I1024 09:08:59.082981 47684887495744 create_pretraining_data.py:161] input_ids: 2 4613 13110 4357 4 4 12756 1007 7731 24931 1043 8516 4 6261 4 6898 2045 12635 12733 22083 8159 1904 18 4 12517 4 5942 10321 4 12773 11864 1031 1961 3957 4722 1014 18 2251 1963 4 8599 13110 4357 28698 2303 25965 5037 378 4216 378 7819 12517 1908 5942 4 16732 12773 18 3 4613 4 4357 28698 2303 12756 1007 7731 24931 1043 8516 378 4 4 6898 4 12635 12733 22083 8159 1904 18 8530 12517 1908 5942 10321 5410 12773 11864 1031 1961 3957 4722 1014 4 4 1963 2461 8599 13110 4 28698 2303 25965 5037 378 4216 378 4 12517 1908 5942 4 16732 12773 18 3 0 0 0 0 0 0 0 0 0 0 0
INFO:tensorflow:input_mask: 1 1 1 1 1 1 1 1 1 1 1 1 1 1 1 1 1 1 1 1 1 1 1 1 1 1 1 1 1 1 1 1 1 1 1 1 1 1 1 1 1 1 1 1 1 1 1 1 1 1 1 1 1 1 1 1 1 1 1 1 1 1 1 1 1 1 1 1 1 1 1 1 1 1 1 1 1 1 1 1 1 1 1 1 1 1 1 1 1 1 1 1 1 1 1 1 1 1 1 1 1 1 1 1 1 1 1 1 1 1 1 1 1 1 1 1 1 0 0 0 0 0 0 0 0 0 0 0
I1024 09:08:59.083112 47684887495744 create_pretraining_data.py:161] input_mask: 1 1 1 1 1 1 1 1 1 1 1 1 1 1 1 1 1 1 1 1 1 1 1 1 1 1 1 1 1 1 1 1 1 1 1 1 1 1 1 1 1 1 1 1 1 1 1 1 1 1 1 1 1 1 1 1 1 1 1 1 1 1 1 1 1 1 1 1 1 1 1 1 1 1 1 1 1 1 1 1 1 1 1 1 1 1 1 1 1 1 1 1 1 1 1 1 1 1 1 1 1 1 1 1 1 1 1 1 1 1 1 1 1 1 1 1 1 0 0 0 0 0 0 0 0 0 0 0
INFO:tensorflow:segment_ids: 0 0 0 0 0 0 0 0 0 0 0 0 0 0 0 0 0 0 0 0 0 0 0 0 0 0 0 0 0 0 0 0 0 0 0 0 0 0 0 0 0 0 0 0 0 0 0 0 0 0 0 0 0 0 0 0 0 0 0 1 1 1 1 1 1 1 1 1 1 1 1 1 1 1 1 1 1 1 1 1 1 1 1 1 1 1 1 1 1 1 1 1 1 1 1 1 1 1 1 1 1 1 1 1 1 1 1 1 1 1 1 1 1 1 1 1 1 0 0 0 0 0 0 0 0 0 0 0
I1024 09:08:59.083251 47684887495744 create_pretraining_data.py:161] segment_ids: 0 0 0 0 0 0 0 0 0 0 0 0 0 0 0 0 0 0 0 0 0 0 0 0 0 0 0 0 0 0 0 0 0 0 0 0 0 0 0 0 0 0 0 0 0 0 0 0 0 0 0 0 0 0 0 0 0 0 0 1 1 1 1 1 1 1 1 1 1 1 1 1 1 1 1 1 1 1 1 1 1 1 1 1 1 1 1 1 1 1 1 1 1 1 1 1 1 1 1 1 1 1 1 1 1 1 1 1 1 1 1 1 1 1 1 1 1 0 0 0 0 0 0 0 0 0 0 0
INFO:tensorflow:masked_lm_positions: 4 5 12 14 23 25 28 39 54 60 71 72 74 94 95 100 108 112 0 0
I1024 09:08:59.083345 47684887495744 create_pretraining_data.py:161] masked_lm_positions: 4 5 12 14 23 25 28 39 54 60 71 72 74 94 95 100 108 112 0 0
INFO:tensorflow:masked_lm_ids: 28698 2303 378 1979 8530 1908 5410 2461 10321 13110 6261 1979 2045 18 2251 4357 7819 10321 0 0
I1024 09:08:59.083436 47684887495744 create_pretraining_data.py:161] masked_lm_ids: 28698 2303 378 1979 8530 1908 5410 2461 10321 13110 6261 1979 2045 18 2251 4357 7819 10321 0 0
INFO:tensorflow:masked_lm_weights: 1.0 1.0 1.0 1.0 1.0 1.0 1.0 1.0 1.0 1.0 1.0 1.0 1.0 1.0 1.0 1.0 1.0 1.0 0.0 0.0
I1024 09:08:59.083528 47684887495744 create_pretraining_data.py:161] masked_lm_weights: 1.0 1.0 1.0 1.0 1.0 1.0 1.0 1.0 1.0 1.0 1.0 1.0 1.0 1.0 1.0 1.0 1.0 1.0 0.0 0.0
INFO:tensorflow:next_sentence_labels: 0
I1024 09:08:59.083616 47684887495744 create_pretraining_data.py:161] next_sentence_labels: 0
INFO:tensorflow:*** Example ***
I1024 09:08:59.084307 47684887495744 create_pretraining_data.py:149] *** Example ***
INFO:tensorflow:tokens: [CLS] 20 [MASK] 10 ##سامي الجميل عبر m ##tv : بعد 12 سنة على استشهاد بيار لن نسمح [MASK] [MASK] [MASK] القضية [MASK] آمن بها وست ##بقى الكتائب كما اراد ##ها لا تسا [MASK] ولا تحي ##د عن المبادئ [SEP] ##عي انحراف الخارجية جبران باسيل تص ##ط ##دم بجد ##ار مس ##دود والعن ##اد السياسي [MASK] مصدر ##ه وكذلك مكانه وعنوان ##ه مثلما هو معروف أيضا 65 يقوم [MASK] التع ##طيل 19 : 46 ##الم ##ست ##قبل : جميع علمية الخامسه المبذ ##ولة لتج ##اوز العقدة المخت ##لقة لم تؤ ##د الى أي خرق والمش ##كل ##ة كما [MASK] واضح لا انفسنا [MASK] مكانها عند الجهة المسؤولة عن تعليق تأليف الحكومة [MASK] : 18 ##تيم ##ور جنبلاط عبر تويتر : اللقاء مع [MASK] [MASK] سامي الجميل كان [SEP]
I1024 09:08:59.084476 47684887495744 create_pretraining_data.py:151] tokens: [CLS] 20 [MASK] 10 ##سامي الجميل عبر m ##tv : بعد 12 سنة على استشهاد بيار لن نسمح [MASK] [MASK] [MASK] القضية [MASK] آمن بها وست ##بقى الكتائب كما اراد ##ها لا تسا [MASK] ولا تحي ##د عن المبادئ [SEP] ##عي انحراف الخارجية جبران باسيل تص ##ط ##دم بجد ##ار مس ##دود والعن ##اد السياسي [MASK] مصدر ##ه وكذلك مكانه وعنوان ##ه مثلما هو معروف أيضا 65 يقوم [MASK] التع ##طيل 19 : 46 ##الم ##ست ##قبل : جميع علمية الخامسه المبذ ##ولة لتج ##اوز العقدة المخت ##لقة لم تؤ ##د الى أي خرق والمش ##كل ##ة كما [MASK] واضح لا انفسنا [MASK] مكانها عند الجهة المسؤولة عن تعليق تأليف الحكومة [MASK] : 18 ##تيم ##ور جنبلاط عبر تويتر : اللقاء مع [MASK] [MASK] سامي الجميل كان [SEP]
INFO:tensorflow:input_ids: 2 2056 4 2667 26726 5135 2830 81 27174 30 2089 2919 3234 1961 7532 12785 2404 27010 4 4 4 6623 4 10388 2459 4709 13582 12612 2306 7304 1913 1963 6580 4 2086 23355 1016 1955 20304 3 2203 4263 3796 13427 11570 2223 1040 2077 8956 1909 2129 11762 18433 1950 4254 4 5019 1028 4409 10701 26627 1028 13121 2139 9216 3112 9716 4070 4 2363 8556 2464 30 9483 2100 1932 2774 30 2561 10164 27619 26426 2264 13615 5149 23627 5498 2787 2043 3688 1016 2186 2235 24425 6003 2098 1043 2306 4 6852 1963 14476 4 19594 2192 11820 22937 1955 6642 12688 3130 4 30 3328 9987 1936 18756 2830 4266 30 4708 1973 4 4 9105 5135 2055 3
I1024 09:08:59.084651 47684887495744 create_pretraining_data.py:161] input_ids: 2 2056 4 2667 26726 5135 2830 81 27174 30 2089 2919 3234 1961 7532 12785 2404 27010 4 4 4 6623 4 10388 2459 4709 13582 12612 2306 7304 1913 1963 6580 4 2086 23355 1016 1955 20304 3 2203 4263 3796 13427 11570 2223 1040 2077 8956 1909 2129 11762 18433 1950 4254 4 5019 1028 4409 10701 26627 1028 13121 2139 9216 3112 9716 4070 4 2363 8556 2464 30 9483 2100 1932 2774 30 2561 10164 27619 26426 2264 13615 5149 23627 5498 2787 2043 3688 1016 2186 2235 24425 6003 2098 1043 2306 4 6852 1963 14476 4 19594 2192 11820 22937 1955 6642 12688 3130 4 30 3328 9987 1936 18756 2830 4266 30 4708 1973 4 4 9105 5135 2055 3
INFO:tensorflow:input_mask: 1 1 1 1 1 1 1 1 1 1 1 1 1 1 1 1 1 1 1 1 1 1 1 1 1 1 1 1 1 1 1 1 1 1 1 1 1 1 1 1 1 1 1 1 1 1 1 1 1 1 1 1 1 1 1 1 1 1 1 1 1 1 1 1 1 1 1 1 1 1 1 1 1 1 1 1 1 1 1 1 1 1 1 1 1 1 1 1 1 1 1 1 1 1 1 1 1 1 1 1 1 1 1 1 1 1 1 1 1 1 1 1 1 1 1 1 1 1 1 1 1 1 1 1 1 1 1 1
I1024 09:08:59.084787 47684887495744 create_pretraining_data.py:161] input_mask: 1 1 1 1 1 1 1 1 1 1 1 1 1 1 1 1 1 1 1 1 1 1 1 1 1 1 1 1 1 1 1 1 1 1 1 1 1 1 1 1 1 1 1 1 1 1 1 1 1 1 1 1 1 1 1 1 1 1 1 1 1 1 1 1 1 1 1 1 1 1 1 1 1 1 1 1 1 1 1 1 1 1 1 1 1 1 1 1 1 1 1 1 1 1 1 1 1 1 1 1 1 1 1 1 1 1 1 1 1 1 1 1 1 1 1 1 1 1 1 1 1 1 1 1 1 1 1 1
INFO:tensorflow:segment_ids: 0 0 0 0 0 0 0 0 0 0 0 0 0 0 0 0 0 0 0 0 0 0 0 0 0 0 0 0 0 0 0 0 0 0 0 0 0 0 0 0 1 1 1 1 1 1 1 1 1 1 1 1 1 1 1 1 1 1 1 1 1 1 1 1 1 1 1 1 1 1 1 1 1 1 1 1 1 1 1 1 1 1 1 1 1 1 1 1 1 1 1 1 1 1 1 1 1 1 1 1 1 1 1 1 1 1 1 1 1 1 1 1 1 1 1 1 1 1 1 1 1 1 1 1 1 1 1 1
I1024 09:08:59.084913 47684887495744 create_pretraining_data.py:161] segment_ids: 0 0 0 0 0 0 0 0 0 0 0 0 0 0 0 0 0 0 0 0 0 0 0 0 0 0 0 0 0 0 0 0 0 0 0 0 0 0 0 0 1 1 1 1 1 1 1 1 1 1 1 1 1 1 1 1 1 1 1 1 1 1 1 1 1 1 1 1 1 1 1 1 1 1 1 1 1 1 1 1 1 1 1 1 1 1 1 1 1 1 1 1 1 1 1 1 1 1 1 1 1 1 1 1 1 1 1 1 1 1 1 1 1 1 1 1 1 1 1 1 1 1 1 1 1 1 1 1
INFO:tensorflow:masked_lm_positions: 2 18 19 20 22 32 33 41 55 66 68 79 80 98 101 102 111 122 123 0
I1024 09:08:59.085005 47684887495744 create_pretraining_data.py:161] masked_lm_positions: 2 18 19 20 22 32 33 41 55 66 68 79 80 98 101 102 111 122 123 0
INFO:tensorflow:masked_lm_ids: 30 8081 13969 2835 2061 6580 1967 3075 9216 1908 18633 4750 2203 2139 10623 1912 2464 8432 2702 0
I1024 09:08:59.085095 47684887495744 create_pretraining_data.py:161] masked_lm_ids: 30 8081 13969 2835 2061 6580 1967 3075 9216 1908 18633 4750 2203 2139 10623 1912 2464 8432 2702 0
INFO:tensorflow:masked_lm_weights: 1.0 1.0 1.0 1.0 1.0 1.0 1.0 1.0 1.0 1.0 1.0 1.0 1.0 1.0 1.0 1.0 1.0 1.0 1.0 0.0
I1024 09:08:59.085186 47684887495744 create_pretraining_data.py:161] masked_lm_weights: 1.0 1.0 1.0 1.0 1.0 1.0 1.0 1.0 1.0 1.0 1.0 1.0 1.0 1.0 1.0 1.0 1.0 1.0 1.0 0.0
INFO:tensorflow:next_sentence_labels: 0
I1024 09:08:59.085269 47684887495744 create_pretraining_data.py:161] next_sentence_labels: 0
INFO:tensorflow:Wrote 6629388 total instances
I1024 09:55:54.870061 47684887495744 create_pretraining_data.py:166] Wrote 6629388 total instances
