Loading module 'all'
WARNING:tensorflow:From ../bert/create_pretraining_data.py:469: The name tf.app.run is deprecated. Please use tf.compat.v1.app.run instead.

WARNING:tensorflow:From ../bert/create_pretraining_data.py:437: The name tf.logging.set_verbosity is deprecated. Please use tf.compat.v1.logging.set_verbosity instead.

W1023 19:39:05.274588 47729779401792 module_wrapper.py:139] From ../bert/create_pretraining_data.py:437: The name tf.logging.set_verbosity is deprecated. Please use tf.compat.v1.logging.set_verbosity instead.

WARNING:tensorflow:From ../bert/create_pretraining_data.py:437: The name tf.logging.INFO is deprecated. Please use tf.compat.v1.logging.INFO instead.

W1023 19:39:05.274861 47729779401792 module_wrapper.py:139] From ../bert/create_pretraining_data.py:437: The name tf.logging.INFO is deprecated. Please use tf.compat.v1.logging.INFO instead.

WARNING:tensorflow:From /scratch/gi372/camel-mlm/bert/tokenization.py:125: The name tf.gfile.GFile is deprecated. Please use tf.io.gfile.GFile instead.

W1023 19:39:05.275086 47729779401792 module_wrapper.py:139] From /scratch/gi372/camel-mlm/bert/tokenization.py:125: The name tf.gfile.GFile is deprecated. Please use tf.io.gfile.GFile instead.

WARNING:tensorflow:From ../bert/create_pretraining_data.py:444: The name tf.gfile.Glob is deprecated. Please use tf.io.gfile.glob instead.

W1023 19:39:05.397344 47729779401792 module_wrapper.py:139] From ../bert/create_pretraining_data.py:444: The name tf.gfile.Glob is deprecated. Please use tf.io.gfile.glob instead.

WARNING:tensorflow:From ../bert/create_pretraining_data.py:446: The name tf.logging.info is deprecated. Please use tf.compat.v1.logging.info instead.

W1023 19:39:05.455716 47729779401792 module_wrapper.py:139] From ../bert/create_pretraining_data.py:446: The name tf.logging.info is deprecated. Please use tf.compat.v1.logging.info instead.

INFO:tensorflow:*** Reading from input files ***
I1023 19:39:05.455952 47729779401792 create_pretraining_data.py:446] *** Reading from input files ***
INFO:tensorflow:  ../corpora/shards/MSA-abuelkhail.docs.shard.032.normalized.sents
I1023 19:39:05.456065 47729779401792 create_pretraining_data.py:448]   ../corpora/shards/MSA-abuelkhail.docs.shard.032.normalized.sents
INFO:tensorflow:*** Writing to output files ***
I1023 20:05:34.136064 47729779401792 create_pretraining_data.py:457] *** Writing to output files ***
INFO:tensorflow:  ../corpora/tf_records/MSA-abuelkhail.docs.shard.032.tf_record
I1023 20:05:34.136363 47729779401792 create_pretraining_data.py:459]   ../corpora/tf_records/MSA-abuelkhail.docs.shard.032.tf_record
WARNING:tensorflow:From ../bert/create_pretraining_data.py:101: The name tf.python_io.TFRecordWriter is deprecated. Please use tf.io.TFRecordWriter instead.

W1023 20:05:34.136598 47729779401792 module_wrapper.py:139] From ../bert/create_pretraining_data.py:101: The name tf.python_io.TFRecordWriter is deprecated. Please use tf.io.TFRecordWriter instead.

INFO:tensorflow:*** Example ***
I1023 20:05:34.138910 47729779401792 create_pretraining_data.py:149] *** Example ***
INFO:tensorflow:tokens: [CLS] " " [MASK] للطب ##اعة " " تطرح [SEP] وسي ##غادر المنتخب الى جمهورية تونس [MASK] الاحد المقبل لأ ##قامة [MASK] [MASK] في مدينة عين درا ##هم ويستمر لمدة عشرة ايام يخوض خلالها المنتخب عدة لقاءات ودية [MASK] [SEP]
I1023 20:05:34.139113 47729779401792 create_pretraining_data.py:151] tokens: [CLS] " " [MASK] للطب ##اعة " " تطرح [SEP] وسي ##غادر المنتخب الى جمهورية تونس [MASK] الاحد المقبل لأ ##قامة [MASK] [MASK] في مدينة عين درا ##هم ويستمر لمدة عشرة ايام يخوض خلالها المنتخب عدة لقاءات ودية [MASK] [SEP]
INFO:tensorflow:input_ids: 2 6 6 4 20407 2893 6 6 18808 3 3713 27502 5235 2186 6649 5407 4 6187 4656 2471 4686 4 4 1912 3255 3334 4028 1949 25871 5669 5940 4264 19990 7196 5235 4412 16164 21398 4 3 0 0 0 0 0 0 0 0 0 0 0 0 0 0 0 0 0 0 0 0 0 0 0 0 0 0 0 0 0 0 0 0 0 0 0 0 0 0 0 0 0 0 0 0 0 0 0 0 0 0 0 0 0 0 0 0 0 0 0 0 0 0 0 0 0 0 0 0 0 0 0 0 0 0 0 0 0 0 0 0 0 0 0 0 0 0 0 0
I1023 20:05:34.139280 47729779401792 create_pretraining_data.py:161] input_ids: 2 6 6 4 20407 2893 6 6 18808 3 3713 27502 5235 2186 6649 5407 4 6187 4656 2471 4686 4 4 1912 3255 3334 4028 1949 25871 5669 5940 4264 19990 7196 5235 4412 16164 21398 4 3 0 0 0 0 0 0 0 0 0 0 0 0 0 0 0 0 0 0 0 0 0 0 0 0 0 0 0 0 0 0 0 0 0 0 0 0 0 0 0 0 0 0 0 0 0 0 0 0 0 0 0 0 0 0 0 0 0 0 0 0 0 0 0 0 0 0 0 0 0 0 0 0 0 0 0 0 0 0 0 0 0 0 0 0 0 0 0 0
INFO:tensorflow:input_mask: 1 1 1 1 1 1 1 1 1 1 1 1 1 1 1 1 1 1 1 1 1 1 1 1 1 1 1 1 1 1 1 1 1 1 1 1 1 1 1 1 0 0 0 0 0 0 0 0 0 0 0 0 0 0 0 0 0 0 0 0 0 0 0 0 0 0 0 0 0 0 0 0 0 0 0 0 0 0 0 0 0 0 0 0 0 0 0 0 0 0 0 0 0 0 0 0 0 0 0 0 0 0 0 0 0 0 0 0 0 0 0 0 0 0 0 0 0 0 0 0 0 0 0 0 0 0 0 0
I1023 20:05:34.139434 47729779401792 create_pretraining_data.py:161] input_mask: 1 1 1 1 1 1 1 1 1 1 1 1 1 1 1 1 1 1 1 1 1 1 1 1 1 1 1 1 1 1 1 1 1 1 1 1 1 1 1 1 0 0 0 0 0 0 0 0 0 0 0 0 0 0 0 0 0 0 0 0 0 0 0 0 0 0 0 0 0 0 0 0 0 0 0 0 0 0 0 0 0 0 0 0 0 0 0 0 0 0 0 0 0 0 0 0 0 0 0 0 0 0 0 0 0 0 0 0 0 0 0 0 0 0 0 0 0 0 0 0 0 0 0 0 0 0 0 0
INFO:tensorflow:segment_ids: 0 0 0 0 0 0 0 0 0 0 1 1 1 1 1 1 1 1 1 1 1 1 1 1 1 1 1 1 1 1 1 1 1 1 1 1 1 1 1 1 0 0 0 0 0 0 0 0 0 0 0 0 0 0 0 0 0 0 0 0 0 0 0 0 0 0 0 0 0 0 0 0 0 0 0 0 0 0 0 0 0 0 0 0 0 0 0 0 0 0 0 0 0 0 0 0 0 0 0 0 0 0 0 0 0 0 0 0 0 0 0 0 0 0 0 0 0 0 0 0 0 0 0 0 0 0 0 0
I1023 20:05:34.139564 47729779401792 create_pretraining_data.py:161] segment_ids: 0 0 0 0 0 0 0 0 0 0 1 1 1 1 1 1 1 1 1 1 1 1 1 1 1 1 1 1 1 1 1 1 1 1 1 1 1 1 1 1 0 0 0 0 0 0 0 0 0 0 0 0 0 0 0 0 0 0 0 0 0 0 0 0 0 0 0 0 0 0 0 0 0 0 0 0 0 0 0 0 0 0 0 0 0 0 0 0 0 0 0 0 0 0 0 0 0 0 0 0 0 0 0 0 0 0 0 0 0 0 0 0 0 0 0 0 0 0 0 0 0 0 0 0 0 0 0 0
INFO:tensorflow:masked_lm_positions: 3 16 18 21 22 38 0 0 0 0 0 0 0 0 0 0 0 0 0 0
I1023 20:05:34.139665 47729779401792 create_pretraining_data.py:161] masked_lm_positions: 3 16 18 21 22 38 0 0 0 0 0 0 0 0 0 0 0 0 0 0
INFO:tensorflow:masked_lm_ids: 3032 2232 4656 20766 11161 18 0 0 0 0 0 0 0 0 0 0 0 0 0 0
I1023 20:05:34.139760 47729779401792 create_pretraining_data.py:161] masked_lm_ids: 3032 2232 4656 20766 11161 18 0 0 0 0 0 0 0 0 0 0 0 0 0 0
INFO:tensorflow:masked_lm_weights: 1.0 1.0 1.0 1.0 1.0 1.0 0.0 0.0 0.0 0.0 0.0 0.0 0.0 0.0 0.0 0.0 0.0 0.0 0.0 0.0
I1023 20:05:34.139859 47729779401792 create_pretraining_data.py:161] masked_lm_weights: 1.0 1.0 1.0 1.0 1.0 1.0 0.0 0.0 0.0 0.0 0.0 0.0 0.0 0.0 0.0 0.0 0.0 0.0 0.0 0.0
INFO:tensorflow:next_sentence_labels: 1
I1023 20:05:34.139946 47729779401792 create_pretraining_data.py:161] next_sentence_labels: 1
INFO:tensorflow:*** Example ***
I1023 20:05:34.140440 47729779401792 create_pretraining_data.py:149] *** Example ***
INFO:tensorflow:tokens: [CLS] أن [MASK] النمو للعام 2006 في [MASK] [MASK] تبدو باع ##ثة على التفاؤل ، متوقع ##ا استمرار نفس العوامل في زيادة نمو الاقتصاد السعودي وقطاع ##اته المختلفة ، إضافة إلى [MASK] القطاع الخاص سيكون من [MASK] الرئيسي ##ين من التح ##سن في بيئة الأعمال المحلية ، وأن يكون هذا التح ##سن عامل جذب للاستثمار ##ات الأجنبية وع ##امل ثقة [MASK] في زيادة [MASK] [SEP] مليار [MASK] بزيادة 20 في المائة عن العام الماضي [MASK] [MASK] [MASK] بذلك الطريق لح ##فز النمو الاقتصادي بصورة قوية . واكدت التقارير الصادرة [MASK] الهيئة والجهات والمؤسسات الاستثمارية الدولية والمح ##لية نجاح جهود المملكة غصن تحقيق زيادة [MASK] [MASK] في حجم الاستثمارات المحلية والاجنبية [MASK] والمش ##تر ##كة سواء المر ##خص لها او الفعلية المنف ##ذة ، اضافة الى ان المؤشرات [SEP]
I1023 20:05:34.140616 47729779401792 create_pretraining_data.py:151] tokens: [CLS] أن [MASK] النمو للعام 2006 في [MASK] [MASK] تبدو باع ##ثة على التفاؤل ، متوقع ##ا استمرار نفس العوامل في زيادة نمو الاقتصاد السعودي وقطاع ##اته المختلفة ، إضافة إلى [MASK] القطاع الخاص سيكون من [MASK] الرئيسي ##ين من التح ##سن في بيئة الأعمال المحلية ، وأن يكون هذا التح ##سن عامل جذب للاستثمار ##ات الأجنبية وع ##امل ثقة [MASK] في زيادة [MASK] [SEP] مليار [MASK] بزيادة 20 في المائة عن العام الماضي [MASK] [MASK] [MASK] بذلك الطريق لح ##فز النمو الاقتصادي بصورة قوية . واكدت التقارير الصادرة [MASK] الهيئة والجهات والمؤسسات الاستثمارية الدولية والمح ##لية نجاح جهود المملكة غصن تحقيق زيادة [MASK] [MASK] في حجم الاستثمارات المحلية والاجنبية [MASK] والمش ##تر ##كة سواء المر ##خص لها او الفعلية المنف ##ذة ، اضافة الى ان المؤشرات [SEP]
INFO:tensorflow:input_ids: 2 1979 4 7658 8204 8215 1912 4 4 11417 6666 4759 1961 12745 378 21474 1007 7021 2339 16452 1912 5348 6175 3804 3428 28292 2755 5524 378 5532 2045 4 5252 3342 4557 1908 4 8058 1911 1908 2541 2513 1912 13360 4752 5223 378 3310 2461 2085 2541 2513 7780 20287 15027 1904 7810 2141 2482 10605 4 1912 5348 4 3 4905 4 14889 2056 1912 9074 1955 2169 3274 4 4 4 4850 4386 2503 8367 7658 6260 8251 8183 18 29067 12624 13439 4 5440 27313 12269 16777 3917 5822 2082 5700 7778 3835 24532 4352 5348 4 4 1912 5893 14205 5223 24963 4 6003 2582 4561 4345 2846 2137 2553 2213 25141 28075 5005 378 7280 2186 1939 22038 3
I1023 20:05:34.140788 47729779401792 create_pretraining_data.py:161] input_ids: 2 1979 4 7658 8204 8215 1912 4 4 11417 6666 4759 1961 12745 378 21474 1007 7021 2339 16452 1912 5348 6175 3804 3428 28292 2755 5524 378 5532 2045 4 5252 3342 4557 1908 4 8058 1911 1908 2541 2513 1912 13360 4752 5223 378 3310 2461 2085 2541 2513 7780 20287 15027 1904 7810 2141 2482 10605 4 1912 5348 4 3 4905 4 14889 2056 1912 9074 1955 2169 3274 4 4 4 4850 4386 2503 8367 7658 6260 8251 8183 18 29067 12624 13439 4 5440 27313 12269 16777 3917 5822 2082 5700 7778 3835 24532 4352 5348 4 4 1912 5893 14205 5223 24963 4 6003 2582 4561 4345 2846 2137 2553 2213 25141 28075 5005 378 7280 2186 1939 22038 3
INFO:tensorflow:input_mask: 1 1 1 1 1 1 1 1 1 1 1 1 1 1 1 1 1 1 1 1 1 1 1 1 1 1 1 1 1 1 1 1 1 1 1 1 1 1 1 1 1 1 1 1 1 1 1 1 1 1 1 1 1 1 1 1 1 1 1 1 1 1 1 1 1 1 1 1 1 1 1 1 1 1 1 1 1 1 1 1 1 1 1 1 1 1 1 1 1 1 1 1 1 1 1 1 1 1 1 1 1 1 1 1 1 1 1 1 1 1 1 1 1 1 1 1 1 1 1 1 1 1 1 1 1 1 1 1
I1023 20:05:34.140924 47729779401792 create_pretraining_data.py:161] input_mask: 1 1 1 1 1 1 1 1 1 1 1 1 1 1 1 1 1 1 1 1 1 1 1 1 1 1 1 1 1 1 1 1 1 1 1 1 1 1 1 1 1 1 1 1 1 1 1 1 1 1 1 1 1 1 1 1 1 1 1 1 1 1 1 1 1 1 1 1 1 1 1 1 1 1 1 1 1 1 1 1 1 1 1 1 1 1 1 1 1 1 1 1 1 1 1 1 1 1 1 1 1 1 1 1 1 1 1 1 1 1 1 1 1 1 1 1 1 1 1 1 1 1 1 1 1 1 1 1
INFO:tensorflow:segment_ids: 0 0 0 0 0 0 0 0 0 0 0 0 0 0 0 0 0 0 0 0 0 0 0 0 0 0 0 0 0 0 0 0 0 0 0 0 0 0 0 0 0 0 0 0 0 0 0 0 0 0 0 0 0 0 0 0 0 0 0 0 0 0 0 0 0 1 1 1 1 1 1 1 1 1 1 1 1 1 1 1 1 1 1 1 1 1 1 1 1 1 1 1 1 1 1 1 1 1 1 1 1 1 1 1 1 1 1 1 1 1 1 1 1 1 1 1 1 1 1 1 1 1 1 1 1 1 1 1
I1023 20:05:34.141051 47729779401792 create_pretraining_data.py:161] segment_ids: 0 0 0 0 0 0 0 0 0 0 0 0 0 0 0 0 0 0 0 0 0 0 0 0 0 0 0 0 0 0 0 0 0 0 0 0 0 0 0 0 0 0 0 0 0 0 0 0 0 0 0 0 0 0 0 0 0 0 0 0 0 0 0 0 0 1 1 1 1 1 1 1 1 1 1 1 1 1 1 1 1 1 1 1 1 1 1 1 1 1 1 1 1 1 1 1 1 1 1 1 1 1 1 1 1 1 1 1 1 1 1 1 1 1 1 1 1 1 1 1 1 1 1 1 1 1 1 1
INFO:tensorflow:masked_lm_positions: 2 7 8 24 31 36 60 63 66 74 75 76 82 89 100 103 104 110 125 0
I1023 20:05:34.141145 47729779401792 create_pretraining_data.py:161] masked_lm_positions: 2 7 8 24 31 36 60 63 66 74 75 76 82 89 100 103 104 110 125 0
INFO:tensorflow:masked_lm_ids: 19104 3804 3428 3428 1979 28649 18423 14205 3108 2737 2146 1043 6260 1955 1912 7993 2063 13880 1939 0
I1023 20:05:34.141238 47729779401792 create_pretraining_data.py:161] masked_lm_ids: 19104 3804 3428 3428 1979 28649 18423 14205 3108 2737 2146 1043 6260 1955 1912 7993 2063 13880 1939 0
INFO:tensorflow:masked_lm_weights: 1.0 1.0 1.0 1.0 1.0 1.0 1.0 1.0 1.0 1.0 1.0 1.0 1.0 1.0 1.0 1.0 1.0 1.0 1.0 0.0
I1023 20:05:34.141345 47729779401792 create_pretraining_data.py:161] masked_lm_weights: 1.0 1.0 1.0 1.0 1.0 1.0 1.0 1.0 1.0 1.0 1.0 1.0 1.0 1.0 1.0 1.0 1.0 1.0 1.0 0.0
INFO:tensorflow:next_sentence_labels: 0
I1023 20:05:34.141431 47729779401792 create_pretraining_data.py:161] next_sentence_labels: 0
INFO:tensorflow:*** Example ***
I1023 20:05:34.141911 47729779401792 create_pretraining_data.py:149] *** Example ***
INFO:tensorflow:tokens: [CLS] أقصى ما حاول ##نا الحصول عليه لأن ##فسنا هو [MASK] ##7824 قادرين [MASK] العيش [MASK] إرهاب . لكننا لم نه ##دد أي شعب بالإ ##باد ##ة ##₩ " - على حد تعبير ##ه - . وأضاف " " أما إيران فهي تهدد صراحة [MASK] [MASK] وع ##لنا بمح ##و ( إسرائيل ) من [MASK] . [SEP] " " الرياض " " [MASK] هذا الموضوع وكنت مشارك ##ا فيها [MASK] وما ##زلت متمس ##كا برأ ##يي أنه غير جيد أن [MASK] [MASK] الشعور الأمني الحذر داخل المدارس لأنه شعور ترب [MASK] وأمن ترب ##وي وبي ##ئة تربوية فلا بد أن يكون لدى [MASK] [MASK] شعور بالأ ##من والرا ##حة بدون أن يكون لديها رجل أمن ، خاصة طالبات المرحلة [MASK] لأنه ##ن لس ##ن في عمر يست [SEP]
I1023 20:05:34.142081 47729779401792 create_pretraining_data.py:151] tokens: [CLS] أقصى ما حاول ##نا الحصول عليه لأن ##فسنا هو [MASK] ##7824 قادرين [MASK] العيش [MASK] إرهاب . لكننا لم نه ##دد أي شعب بالإ ##باد ##ة ##₩ " - على حد تعبير ##ه - . وأضاف " " أما إيران فهي تهدد صراحة [MASK] [MASK] وع ##لنا بمح ##و ( إسرائيل ) من [MASK] . [SEP] " " الرياض " " [MASK] هذا الموضوع وكنت مشارك ##ا فيها [MASK] وما ##زلت متمس ##كا برأ ##يي أنه غير جيد أن [MASK] [MASK] الشعور الأمني الحذر داخل المدارس لأنه شعور ترب [MASK] وأمن ترب ##وي وبي ##ئة تربوية فلا بد أن يكون لدى [MASK] [MASK] شعور بالأ ##من والرا ##حة بدون أن يكون لديها رجل أمن ، خاصة طالبات المرحلة [MASK] لأنه ##ن لس ##ن في عمر يست [SEP]
INFO:tensorflow:input_ids: 2 14940 1972 6346 1914 3985 2181 3034 9458 2139 4 21435 22709 4 9407 4 26133 18 15414 2043 4799 2282 2235 3972 3560 3050 1043 1840 6 17 1961 2470 10581 1028 17 18 4214 6 6 3444 5796 4976 15382 23212 4 4 2141 2127 6693 1012 12 4741 13 1908 4 18 3 6 6 2392 6 6 4 2085 3394 12544 16425 1007 2443 4 2564 11656 29533 2308 23333 5222 2590 2224 6842 1979 4 4 7554 14866 17133 3224 6555 4531 5443 6697 4 26625 6697 1971 7986 2385 14376 2828 2250 1979 2461 3912 4 4 5443 3876 1986 20149 2106 3279 1979 2461 8331 3829 5484 378 3481 19847 4567 4 4531 1006 2968 1006 1912 2852 2414 3
I1023 20:05:34.142235 47729779401792 create_pretraining_data.py:161] input_ids: 2 14940 1972 6346 1914 3985 2181 3034 9458 2139 4 21435 22709 4 9407 4 26133 18 15414 2043 4799 2282 2235 3972 3560 3050 1043 1840 6 17 1961 2470 10581 1028 17 18 4214 6 6 3444 5796 4976 15382 23212 4 4 2141 2127 6693 1012 12 4741 13 1908 4 18 3 6 6 2392 6 6 4 2085 3394 12544 16425 1007 2443 4 2564 11656 29533 2308 23333 5222 2590 2224 6842 1979 4 4 7554 14866 17133 3224 6555 4531 5443 6697 4 26625 6697 1971 7986 2385 14376 2828 2250 1979 2461 3912 4 4 5443 3876 1986 20149 2106 3279 1979 2461 8331 3829 5484 378 3481 19847 4567 4 4531 1006 2968 1006 1912 2852 2414 3
INFO:tensorflow:input_mask: 1 1 1 1 1 1 1 1 1 1 1 1 1 1 1 1 1 1 1 1 1 1 1 1 1 1 1 1 1 1 1 1 1 1 1 1 1 1 1 1 1 1 1 1 1 1 1 1 1 1 1 1 1 1 1 1 1 1 1 1 1 1 1 1 1 1 1 1 1 1 1 1 1 1 1 1 1 1 1 1 1 1 1 1 1 1 1 1 1 1 1 1 1 1 1 1 1 1 1 1 1 1 1 1 1 1 1 1 1 1 1 1 1 1 1 1 1 1 1 1 1 1 1 1 1 1 1 1
I1023 20:05:34.142366 47729779401792 create_pretraining_data.py:161] input_mask: 1 1 1 1 1 1 1 1 1 1 1 1 1 1 1 1 1 1 1 1 1 1 1 1 1 1 1 1 1 1 1 1 1 1 1 1 1 1 1 1 1 1 1 1 1 1 1 1 1 1 1 1 1 1 1 1 1 1 1 1 1 1 1 1 1 1 1 1 1 1 1 1 1 1 1 1 1 1 1 1 1 1 1 1 1 1 1 1 1 1 1 1 1 1 1 1 1 1 1 1 1 1 1 1 1 1 1 1 1 1 1 1 1 1 1 1 1 1 1 1 1 1 1 1 1 1 1 1
INFO:tensorflow:segment_ids: 0 0 0 0 0 0 0 0 0 0 0 0 0 0 0 0 0 0 0 0 0 0 0 0 0 0 0 0 0 0 0 0 0 0 0 0 0 0 0 0 0 0 0 0 0 0 0 0 0 0 0 0 0 0 0 0 0 1 1 1 1 1 1 1 1 1 1 1 1 1 1 1 1 1 1 1 1 1 1 1 1 1 1 1 1 1 1 1 1 1 1 1 1 1 1 1 1 1 1 1 1 1 1 1 1 1 1 1 1 1 1 1 1 1 1 1 1 1 1 1 1 1 1 1 1 1 1 1
I1023 20:05:34.142505 47729779401792 create_pretraining_data.py:161] segment_ids: 0 0 0 0 0 0 0 0 0 0 0 0 0 0 0 0 0 0 0 0 0 0 0 0 0 0 0 0 0 0 0 0 0 0 0 0 0 0 0 0 0 0 0 0 0 0 0 0 0 0 0 0 0 0 0 0 0 1 1 1 1 1 1 1 1 1 1 1 1 1 1 1 1 1 1 1 1 1 1 1 1 1 1 1 1 1 1 1 1 1 1 1 1 1 1 1 1 1 1 1 1 1 1 1 1 1 1 1 1 1 1 1 1 1 1 1 1 1 1 1 1 1 1 1 1 1 1 1
INFO:tensorflow:masked_lm_positions: 10 11 13 15 27 44 45 50 54 62 69 80 81 89 90 102 103 119 126 0
I1023 20:05:34.142599 47729779401792 create_pretraining_data.py:161] masked_lm_positions: 10 11 13 15 27 44 45 50 54 62 69 80 81 89 90 102 103 119 126 0
INFO:tensorflow:masked_lm_ids: 1979 8984 1961 2571 6 2118 15083 12 18124 2528 25621 3345 1998 6697 1971 7826 1043 9192 2414 0
I1023 20:05:34.142697 47729779401792 create_pretraining_data.py:161] masked_lm_ids: 1979 8984 1961 2571 6 2118 15083 12 18124 2528 25621 3345 1998 6697 1971 7826 1043 9192 2414 0
INFO:tensorflow:masked_lm_weights: 1.0 1.0 1.0 1.0 1.0 1.0 1.0 1.0 1.0 1.0 1.0 1.0 1.0 1.0 1.0 1.0 1.0 1.0 1.0 0.0
I1023 20:05:34.142792 47729779401792 create_pretraining_data.py:161] masked_lm_weights: 1.0 1.0 1.0 1.0 1.0 1.0 1.0 1.0 1.0 1.0 1.0 1.0 1.0 1.0 1.0 1.0 1.0 1.0 1.0 0.0
INFO:tensorflow:next_sentence_labels: 1
I1023 20:05:34.142877 47729779401792 create_pretraining_data.py:161] next_sentence_labels: 1
INFO:tensorflow:*** Example ***
I1023 20:05:34.143350 47729779401792 create_pretraining_data.py:149] *** Example ***
INFO:tensorflow:tokens: [CLS] [MASK] جعل أنواع السي ##ل المتح ##در من جبل [MASK] ##لاب [MASK] [MASK] [MASK] من عيونه العظيمة ، وذكر في البيت الأخير كل [MASK] السي ##ل عند [MASK] على وجه التق ##ريب . . [SEP] أصل ##ها جبل ، ولكن قبيلة تقريبا جبل أو جبال تف ##خر بها كانه فط ##ي تم ##جد أج ##ا وسلم ##ى ، وعب ##س تت ##غن ##ى بج ##بل قط ##ن ، وبن ##و تميم بج ##بل الحام ##ة [MASK] [MASK] [MASK] ، وهذي ##ل بج ##بل كب ##كب ، وجهي ##نة برض ##وى ، [MASK] مكة أشرف الجبال [MASK] النور الذي فيه غار حرا ##ء الذي تعب ##د فيه رسول [MASK] صلى الله عليه وسلم ونز ##ل [MASK] فيه الوحي ، وجب [MASK] الرحمة [MASK] وفي المدينة جبل أحد [SEP]
I1023 20:05:34.143510 47729779401792 create_pretraining_data.py:151] tokens: [CLS] [MASK] جعل أنواع السي ##ل المتح ##در من جبل [MASK] ##لاب [MASK] [MASK] [MASK] من عيونه العظيمة ، وذكر في البيت الأخير كل [MASK] السي ##ل عند [MASK] على وجه التق ##ريب . . [SEP] أصل ##ها جبل ، ولكن قبيلة تقريبا جبل أو جبال تف ##خر بها كانه فط ##ي تم ##جد أج ##ا وسلم ##ى ، وعب ##س تت ##غن ##ى بج ##بل قط ##ن ، وبن ##و تميم بج ##بل الحام ##ة [MASK] [MASK] [MASK] ، وهذي ##ل بج ##بل كب ##كب ، وجهي ##نة برض ##وى ، [MASK] مكة أشرف الجبال [MASK] النور الذي فيه غار حرا ##ء الذي تعب ##د فيه رسول [MASK] صلى الله عليه وسلم ونز ##ل [MASK] فيه الوحي ، وجب [MASK] الرحمة [MASK] وفي المدينة جبل أحد [SEP]
INFO:tensorflow:input_ids: 2 4 4835 5863 2829 1010 9970 2099 1908 7141 4 2804 4 4 4 1908 16697 23404 378 5085 1912 4210 6747 2038 4 2829 1010 2192 4 1961 2879 3152 2838 18 18 3 8121 1913 7141 378 2637 9572 7106 7141 2075 13570 2562 2042 2459 17709 12252 1013 2172 2448 3880 1007 2565 1102 378 16635 1033 2201 11808 1102 2821 2108 2925 1006 378 10045 1012 14781 2821 2108 29832 1043 4 4 4 378 27739 1010 2821 2108 3413 6746 378 15286 2151 14234 2254 378 4 7083 14707 12097 4 5990 2130 2366 20677 17035 1053 2130 6947 1016 2366 3016 4 2977 1953 2181 2565 24940 1010 4 2366 21399 378 15087 4 18862 4 2427 3959 7141 2907 3
I1023 20:05:34.143679 47729779401792 create_pretraining_data.py:161] input_ids: 2 4 4835 5863 2829 1010 9970 2099 1908 7141 4 2804 4 4 4 1908 16697 23404 378 5085 1912 4210 6747 2038 4 2829 1010 2192 4 1961 2879 3152 2838 18 18 3 8121 1913 7141 378 2637 9572 7106 7141 2075 13570 2562 2042 2459 17709 12252 1013 2172 2448 3880 1007 2565 1102 378 16635 1033 2201 11808 1102 2821 2108 2925 1006 378 10045 1012 14781 2821 2108 29832 1043 4 4 4 378 27739 1010 2821 2108 3413 6746 378 15286 2151 14234 2254 378 4 7083 14707 12097 4 5990 2130 2366 20677 17035 1053 2130 6947 1016 2366 3016 4 2977 1953 2181 2565 24940 1010 4 2366 21399 378 15087 4 18862 4 2427 3959 7141 2907 3
INFO:tensorflow:input_mask: 1 1 1 1 1 1 1 1 1 1 1 1 1 1 1 1 1 1 1 1 1 1 1 1 1 1 1 1 1 1 1 1 1 1 1 1 1 1 1 1 1 1 1 1 1 1 1 1 1 1 1 1 1 1 1 1 1 1 1 1 1 1 1 1 1 1 1 1 1 1 1 1 1 1 1 1 1 1 1 1 1 1 1 1 1 1 1 1 1 1 1 1 1 1 1 1 1 1 1 1 1 1 1 1 1 1 1 1 1 1 1 1 1 1 1 1 1 1 1 1 1 1 1 1 1 1 1 1
I1023 20:05:34.143813 47729779401792 create_pretraining_data.py:161] input_mask: 1 1 1 1 1 1 1 1 1 1 1 1 1 1 1 1 1 1 1 1 1 1 1 1 1 1 1 1 1 1 1 1 1 1 1 1 1 1 1 1 1 1 1 1 1 1 1 1 1 1 1 1 1 1 1 1 1 1 1 1 1 1 1 1 1 1 1 1 1 1 1 1 1 1 1 1 1 1 1 1 1 1 1 1 1 1 1 1 1 1 1 1 1 1 1 1 1 1 1 1 1 1 1 1 1 1 1 1 1 1 1 1 1 1 1 1 1 1 1 1 1 1 1 1 1 1 1 1
INFO:tensorflow:segment_ids: 0 0 0 0 0 0 0 0 0 0 0 0 0 0 0 0 0 0 0 0 0 0 0 0 0 0 0 0 0 0 0 0 0 0 0 0 1 1 1 1 1 1 1 1 1 1 1 1 1 1 1 1 1 1 1 1 1 1 1 1 1 1 1 1 1 1 1 1 1 1 1 1 1 1 1 1 1 1 1 1 1 1 1 1 1 1 1 1 1 1 1 1 1 1 1 1 1 1 1 1 1 1 1 1 1 1 1 1 1 1 1 1 1 1 1 1 1 1 1 1 1 1 1 1 1 1 1 1
I1023 20:05:34.143939 47729779401792 create_pretraining_data.py:161] segment_ids: 0 0 0 0 0 0 0 0 0 0 0 0 0 0 0 0 0 0 0 0 0 0 0 0 0 0 0 0 0 0 0 0 0 0 0 0 1 1 1 1 1 1 1 1 1 1 1 1 1 1 1 1 1 1 1 1 1 1 1 1 1 1 1 1 1 1 1 1 1 1 1 1 1 1 1 1 1 1 1 1 1 1 1 1 1 1 1 1 1 1 1 1 1 1 1 1 1 1 1 1 1 1 1 1 1 1 1 1 1 1 1 1 1 1 1 1 1 1 1 1 1 1 1 1 1 1 1 1
INFO:tensorflow:masked_lm_positions: 1 10 11 12 13 14 24 28 49 76 77 78 92 96 108 115 119 120 122 0
I1023 20:05:34.144032 47729779401792 create_pretraining_data.py:161] masked_lm_positions: 1 10 11 12 13 14 24 28 49 76 77 78 92 96 108 115 119 120 122 0
INFO:tensorflow:masked_lm_ids: 2901 3704 3050 8522 1007 20196 5863 3157 378 2506 2344 1043 2427 7141 1953 2181 15087 1010 378 0
I1023 20:05:34.144124 47729779401792 create_pretraining_data.py:161] masked_lm_ids: 2901 3704 3050 8522 1007 20196 5863 3157 378 2506 2344 1043 2427 7141 1953 2181 15087 1010 378 0
INFO:tensorflow:masked_lm_weights: 1.0 1.0 1.0 1.0 1.0 1.0 1.0 1.0 1.0 1.0 1.0 1.0 1.0 1.0 1.0 1.0 1.0 1.0 1.0 0.0
I1023 20:05:34.144217 47729779401792 create_pretraining_data.py:161] masked_lm_weights: 1.0 1.0 1.0 1.0 1.0 1.0 1.0 1.0 1.0 1.0 1.0 1.0 1.0 1.0 1.0 1.0 1.0 1.0 1.0 0.0
INFO:tensorflow:next_sentence_labels: 0
I1023 20:05:34.144302 47729779401792 create_pretraining_data.py:161] next_sentence_labels: 0
INFO:tensorflow:*** Example ***
I1023 20:05:34.144775 47729779401792 create_pretraining_data.py:149] *** Example ***
INFO:tensorflow:tokens: [CLS] واكد مدير عام الفرع الرئيسي لجمع ##ية [MASK] الأحمر السعودي بمنطقة [MASK] [MASK] السلامة بأن فرق الهلال الأحمر السعودي باش ##رت الحادث فور تلقي ##ها للب ##لاغ [MASK] كما تم وضع [MASK] الفرق الاحتياطي ##ة [MASK] [MASK] السريع فيما [MASK] تم الحاجة اليها [MASK] [SEP] حيث اط ##مأن الدكتور [MASK] الربيع ##ة على صحة الطفل ##تين وخلال الحوار مع والدته ##ما . . [SEP]
I1023 20:05:34.144918 47729779401792 create_pretraining_data.py:151] tokens: [CLS] واكد مدير عام الفرع الرئيسي لجمع ##ية [MASK] الأحمر السعودي بمنطقة [MASK] [MASK] السلامة بأن فرق الهلال الأحمر السعودي باش ##رت الحادث فور تلقي ##ها للب ##لاغ [MASK] كما تم وضع [MASK] الفرق الاحتياطي ##ة [MASK] [MASK] السريع فيما [MASK] تم الحاجة اليها [MASK] [SEP] حيث اط ##مأن الدكتور [MASK] الربيع ##ة على صحة الطفل ##تين وخلال الحوار مع والدته ##ما . . [SEP]
INFO:tensorflow:input_ids: 2 10059 3615 2268 16388 8058 21102 1910 4 8699 3428 10256 4 4 14366 3010 5956 2675 8699 3428 9395 2148 8608 6566 9142 1913 2809 10103 4 2306 2172 3462 4 5574 24108 1043 4 4 10010 3200 4 2172 9173 7660 4 3 2455 2959 24983 3380 4 9019 1043 1961 5794 4685 3232 13481 4519 1973 19415 1931 18 18 3 0 0 0 0 0 0 0 0 0 0 0 0 0 0 0 0 0 0 0 0 0 0 0 0 0 0 0 0 0 0 0 0 0 0 0 0 0 0 0 0 0 0 0 0 0 0 0 0 0 0 0 0 0 0 0 0 0 0 0 0 0 0 0
I1023 20:05:34.145076 47729779401792 create_pretraining_data.py:161] input_ids: 2 10059 3615 2268 16388 8058 21102 1910 4 8699 3428 10256 4 4 14366 3010 5956 2675 8699 3428 9395 2148 8608 6566 9142 1913 2809 10103 4 2306 2172 3462 4 5574 24108 1043 4 4 10010 3200 4 2172 9173 7660 4 3 2455 2959 24983 3380 4 9019 1043 1961 5794 4685 3232 13481 4519 1973 19415 1931 18 18 3 0 0 0 0 0 0 0 0 0 0 0 0 0 0 0 0 0 0 0 0 0 0 0 0 0 0 0 0 0 0 0 0 0 0 0 0 0 0 0 0 0 0 0 0 0 0 0 0 0 0 0 0 0 0 0 0 0 0 0 0 0 0 0
INFO:tensorflow:input_mask: 1 1 1 1 1 1 1 1 1 1 1 1 1 1 1 1 1 1 1 1 1 1 1 1 1 1 1 1 1 1 1 1 1 1 1 1 1 1 1 1 1 1 1 1 1 1 1 1 1 1 1 1 1 1 1 1 1 1 1 1 1 1 1 1 1 0 0 0 0 0 0 0 0 0 0 0 0 0 0 0 0 0 0 0 0 0 0 0 0 0 0 0 0 0 0 0 0 0 0 0 0 0 0 0 0 0 0 0 0 0 0 0 0 0 0 0 0 0 0 0 0 0 0 0 0 0 0 0
I1023 20:05:34.145207 47729779401792 create_pretraining_data.py:161] input_mask: 1 1 1 1 1 1 1 1 1 1 1 1 1 1 1 1 1 1 1 1 1 1 1 1 1 1 1 1 1 1 1 1 1 1 1 1 1 1 1 1 1 1 1 1 1 1 1 1 1 1 1 1 1 1 1 1 1 1 1 1 1 1 1 1 1 0 0 0 0 0 0 0 0 0 0 0 0 0 0 0 0 0 0 0 0 0 0 0 0 0 0 0 0 0 0 0 0 0 0 0 0 0 0 0 0 0 0 0 0 0 0 0 0 0 0 0 0 0 0 0 0 0 0 0 0 0 0 0
INFO:tensorflow:segment_ids: 0 0 0 0 0 0 0 0 0 0 0 0 0 0 0 0 0 0 0 0 0 0 0 0 0 0 0 0 0 0 0 0 0 0 0 0 0 0 0 0 0 0 0 0 0 0 1 1 1 1 1 1 1 1 1 1 1 1 1 1 1 1 1 1 1 0 0 0 0 0 0 0 0 0 0 0 0 0 0 0 0 0 0 0 0 0 0 0 0 0 0 0 0 0 0 0 0 0 0 0 0 0 0 0 0 0 0 0 0 0 0 0 0 0 0 0 0 0 0 0 0 0 0 0 0 0 0 0
I1023 20:05:34.145332 47729779401792 create_pretraining_data.py:161] segment_ids: 0 0 0 0 0 0 0 0 0 0 0 0 0 0 0 0 0 0 0 0 0 0 0 0 0 0 0 0 0 0 0 0 0 0 0 0 0 0 0 0 0 0 0 0 0 0 1 1 1 1 1 1 1 1 1 1 1 1 1 1 1 1 1 1 1 0 0 0 0 0 0 0 0 0 0 0 0 0 0 0 0 0 0 0 0 0 0 0 0 0 0 0 0 0 0 0 0 0 0 0 0 0 0 0 0 0 0 0 0 0 0 0 0 0 0 0 0 0 0 0 0 0 0 0 0 0 0 0
INFO:tensorflow:masked_lm_positions: 8 12 13 28 32 36 37 40 44 50 0 0 0 0 0 0 0 0 0 0
I1023 20:05:34.145426 47729779401792 create_pretraining_data.py:161] masked_lm_positions: 8 12 13 28 32 36 37 40 44 50 0 0 0 0 0 0 0 0 0 0
INFO:tensorflow:masked_lm_ids: 2675 2392 3219 378 2346 2360 6855 2244 18 3299 0 0 0 0 0 0 0 0 0 0
I1023 20:05:34.145520 47729779401792 create_pretraining_data.py:161] masked_lm_ids: 2675 2392 3219 378 2346 2360 6855 2244 18 3299 0 0 0 0 0 0 0 0 0 0
INFO:tensorflow:masked_lm_weights: 1.0 1.0 1.0 1.0 1.0 1.0 1.0 1.0 1.0 1.0 0.0 0.0 0.0 0.0 0.0 0.0 0.0 0.0 0.0 0.0
I1023 20:05:34.145633 47729779401792 create_pretraining_data.py:161] masked_lm_weights: 1.0 1.0 1.0 1.0 1.0 1.0 1.0 1.0 1.0 1.0 0.0 0.0 0.0 0.0 0.0 0.0 0.0 0.0 0.0 0.0
INFO:tensorflow:next_sentence_labels: 1
I1023 20:05:34.145724 47729779401792 create_pretraining_data.py:161] next_sentence_labels: 1
INFO:tensorflow:*** Example ***
I1023 20:05:34.146224 47729779401792 create_pretraining_data.py:149] *** Example ***
INFO:tensorflow:tokens: [CLS] عدة شركات [MASK] منها صعود [MASK] 10 [MASK] وارتفاع الورق 8 . 7 % وزيادة ينس ##اب [MASK] [MASK] 5 [MASK] . إضافة إلى ذلك ارتفعت أسهم اتحاد اتصالات 3 . 7 % متفا ##عل ##ة مع إعلان الشركة إجراء تخفيض كبير على الإنترنت عالي السرعة عن طريق الهاتف المتح ##رك من خلال طرح ثلاث [MASK] [MASK] المناطق [MASK] بأسعار [MASK] بسر ##عات [SEP] " [MASK] [MASK] صناعة " " اكس ##يد التي ##تان ##يوم " " [MASK] ##كمل التك [MASK] الوطنية لث ##اني أو ##كس ##يد التي ##تان ##يوم " " كريست ##ال " " ، شراء [MASK] ا ##ل " " تي ##تيان ##يوم أو ##كس ##ايد " " التابعة لشركة ميل ##ينيو ##م [MASK] وتقد ##ر قيمة الاستح ##وا ##ذ بنحو 1 . [SEP]
I1023 20:05:34.146395 47729779401792 create_pretraining_data.py:151] tokens: [CLS] عدة شركات [MASK] منها صعود [MASK] 10 [MASK] وارتفاع الورق 8 . 7 % وزيادة ينس ##اب [MASK] [MASK] 5 [MASK] . إضافة إلى ذلك ارتفعت أسهم اتحاد اتصالات 3 . 7 % متفا ##عل ##ة مع إعلان الشركة إجراء تخفيض كبير على الإنترنت عالي السرعة عن طريق الهاتف المتح ##رك من خلال طرح ثلاث [MASK] [MASK] المناطق [MASK] بأسعار [MASK] بسر ##عات [SEP] " [MASK] [MASK] صناعة " " اكس ##يد التي ##تان ##يوم " " [MASK] ##كمل التك [MASK] الوطنية لث ##اني أو ##كس ##يد التي ##تان ##يوم " " كريست ##ال " " ، شراء [MASK] ا ##ل " " تي ##تيان ##يوم أو ##كس ##ايد " " التابعة لشركة ميل ##ينيو ##م [MASK] وتقد ##ر قيمة الاستح ##وا ##ذ بنحو 1 . [SEP]
INFO:tensorflow:input_ids: 2 4412 4737 4 2813 18890 4 2667 4 19597 16834 28 18 27 9 14082 9406 1933 4 4 25 4 18 5532 2045 2271 15665 12896 5984 12820 23 18 27 9 25030 2329 1043 1973 7973 4227 8107 15982 2934 1961 5865 11298 15300 1955 3160 7413 9970 1985 1908 2317 7243 2917 4 4 4902 4 19900 4 5640 3024 3 6 4 4 7362 6 6 7064 1983 2061 7383 4405 6 6 4 5548 6573 4 3857 10046 2022 2075 2261 1983 2061 7383 4405 6 6 8361 1901 6 6 378 6030 4 387 1010 6 6 5103 21960 4405 2075 2261 4719 6 6 6953 10417 14843 13189 1015 4 20807 1017 6256 20650 1928 1035 15192 21 18 3
I1023 20:05:34.146569 47729779401792 create_pretraining_data.py:161] input_ids: 2 4412 4737 4 2813 18890 4 2667 4 19597 16834 28 18 27 9 14082 9406 1933 4 4 25 4 18 5532 2045 2271 15665 12896 5984 12820 23 18 27 9 25030 2329 1043 1973 7973 4227 8107 15982 2934 1961 5865 11298 15300 1955 3160 7413 9970 1985 1908 2317 7243 2917 4 4 4902 4 19900 4 5640 3024 3 6 4 4 7362 6 6 7064 1983 2061 7383 4405 6 6 4 5548 6573 4 3857 10046 2022 2075 2261 1983 2061 7383 4405 6 6 8361 1901 6 6 378 6030 4 387 1010 6 6 5103 21960 4405 2075 2261 4719 6 6 6953 10417 14843 13189 1015 4 20807 1017 6256 20650 1928 1035 15192 21 18 3
INFO:tensorflow:input_mask: 1 1 1 1 1 1 1 1 1 1 1 1 1 1 1 1 1 1 1 1 1 1 1 1 1 1 1 1 1 1 1 1 1 1 1 1 1 1 1 1 1 1 1 1 1 1 1 1 1 1 1 1 1 1 1 1 1 1 1 1 1 1 1 1 1 1 1 1 1 1 1 1 1 1 1 1 1 1 1 1 1 1 1 1 1 1 1 1 1 1 1 1 1 1 1 1 1 1 1 1 1 1 1 1 1 1 1 1 1 1 1 1 1 1 1 1 1 1 1 1 1 1 1 1 1 1 1 1
I1023 20:05:34.146716 47729779401792 create_pretraining_data.py:161] input_mask: 1 1 1 1 1 1 1 1 1 1 1 1 1 1 1 1 1 1 1 1 1 1 1 1 1 1 1 1 1 1 1 1 1 1 1 1 1 1 1 1 1 1 1 1 1 1 1 1 1 1 1 1 1 1 1 1 1 1 1 1 1 1 1 1 1 1 1 1 1 1 1 1 1 1 1 1 1 1 1 1 1 1 1 1 1 1 1 1 1 1 1 1 1 1 1 1 1 1 1 1 1 1 1 1 1 1 1 1 1 1 1 1 1 1 1 1 1 1 1 1 1 1 1 1 1 1 1 1
INFO:tensorflow:segment_ids: 0 0 0 0 0 0 0 0 0 0 0 0 0 0 0 0 0 0 0 0 0 0 0 0 0 0 0 0 0 0 0 0 0 0 0 0 0 0 0 0 0 0 0 0 0 0 0 0 0 0 0 0 0 0 0 0 0 0 0 0 0 0 0 0 0 1 1 1 1 1 1 1 1 1 1 1 1 1 1 1 1 1 1 1 1 1 1 1 1 1 1 1 1 1 1 1 1 1 1 1 1 1 1 1 1 1 1 1 1 1 1 1 1 1 1 1 1 1 1 1 1 1 1 1 1 1 1 1
I1023 20:05:34.146848 47729779401792 create_pretraining_data.py:161] segment_ids: 0 0 0 0 0 0 0 0 0 0 0 0 0 0 0 0 0 0 0 0 0 0 0 0 0 0 0 0 0 0 0 0 0 0 0 0 0 0 0 0 0 0 0 0 0 0 0 0 0 0 0 0 0 0 0 0 0 0 0 0 0 0 0 0 0 1 1 1 1 1 1 1 1 1 1 1 1 1 1 1 1 1 1 1 1 1 1 1 1 1 1 1 1 1 1 1 1 1 1 1 1 1 1 1 1 1 1 1 1 1 1 1 1 1 1 1 1 1 1 1 1 1 1 1 1 1 1 1
INFO:tensorflow:masked_lm_positions: 3 6 8 18 19 21 56 57 58 59 61 66 67 78 79 80 81 99 117 0
I1023 20:05:34.146957 47729779401792 create_pretraining_data.py:161] masked_lm_positions: 3 6 8 18 19 21 56 57 58 59 61 66 67 78 79 80 81 99 117 0
INFO:tensorflow:masked_lm_ids: 23463 15779 9 7387 2895 9 16060 1904 5320 3503 3403 17142 1961 2073 5548 1005 4227 6349 4732 0
I1023 20:05:34.147056 47729779401792 create_pretraining_data.py:161] masked_lm_ids: 23463 15779 9 7387 2895 9 16060 1904 5320 3503 3403 17142 1961 2073 5548 1005 4227 6349 4732 0
INFO:tensorflow:masked_lm_weights: 1.0 1.0 1.0 1.0 1.0 1.0 1.0 1.0 1.0 1.0 1.0 1.0 1.0 1.0 1.0 1.0 1.0 1.0 1.0 0.0
I1023 20:05:34.147156 47729779401792 create_pretraining_data.py:161] masked_lm_weights: 1.0 1.0 1.0 1.0 1.0 1.0 1.0 1.0 1.0 1.0 1.0 1.0 1.0 1.0 1.0 1.0 1.0 1.0 1.0 0.0
INFO:tensorflow:next_sentence_labels: 0
I1023 20:05:34.147245 47729779401792 create_pretraining_data.py:161] next_sentence_labels: 0
INFO:tensorflow:*** Example ***
I1023 20:05:34.147742 47729779401792 create_pretraining_data.py:149] *** Example ***
INFO:tensorflow:tokens: [CLS] [MASK] [MASK] [MASK] أجن ##حة تشي ##ان تشي ##نغ وجي ##او [MASK] وكون نين ##غ والأج ##ن ##حة الستة الشرقية والأج ##ن ##حة الستة الغربية وعم ##ارات [MASK] . [SEP] في قبض ##ة مركز [MASK] الأمر بالمعروف والنهي عن المنكر بالح ##رة الشرقية بالمدينة المنورة وكان المركز قد تلقى معلومات عن أحد المت ##جو ##لين الأف ##ارق ##ة يقوم بالاحت ##يال على الناس [MASK] وأ ##كل أموال ##هم [MASK] [MASK] [MASK] ، مدع ##يا قدرته على مضاعفة الأموال ، وتحويل المبالغ [MASK] إلى مبالغ كبيرة بمساعدة الجن ، وقد وقع ضحية [MASK] [MASK] مجموعة من [MASK] ##ذج والط ##امع ##ين في الث ##راء السريع ومن شدة [MASK] [MASK] لا يست ##قر في موقع واحد بل يت ##نقل من موقع لآخر حتى لا [MASK] [MASK] إليه ضحايا [SEP]
I1023 20:05:34.147916 47729779401792 create_pretraining_data.py:151] tokens: [CLS] [MASK] [MASK] [MASK] أجن ##حة تشي ##ان تشي ##نغ وجي ##او [MASK] وكون نين ##غ والأج ##ن ##حة الستة الشرقية والأج ##ن ##حة الستة الغربية وعم ##ارات [MASK] . [SEP] في قبض ##ة مركز [MASK] الأمر بالمعروف والنهي عن المنكر بالح ##رة الشرقية بالمدينة المنورة وكان المركز قد تلقى معلومات عن أحد المت ##جو ##لين الأف ##ارق ##ة يقوم بالاحت ##يال على الناس [MASK] وأ ##كل أموال ##هم [MASK] [MASK] [MASK] ، مدع ##يا قدرته على مضاعفة الأموال ، وتحويل المبالغ [MASK] إلى مبالغ كبيرة بمساعدة الجن ، وقد وقع ضحية [MASK] [MASK] مجموعة من [MASK] ##ذج والط ##امع ##ين في الث ##راء السريع ومن شدة [MASK] [MASK] لا يست ##قر في موقع واحد بل يت ##نقل من موقع لآخر حتى لا [MASK] [MASK] إليه ضحايا [SEP]
INFO:tensorflow:input_ids: 2 4 4 4 19574 2106 8677 1906 8677 17281 26718 22704 4 23181 20648 1044 29975 1006 2106 15135 6237 29975 1006 2106 15135 5850 5046 2150 4 18 3 1912 19718 1043 3231 4 3800 16433 26075 1955 15151 3712 2037 6237 7702 6694 2648 3808 2251 12217 4733 1955 2907 2087 8233 2633 4267 4343 1043 4070 27254 12736 1961 2397 4 2073 2098 10086 1949 4 4 4 378 19869 1937 21665 1961 29573 10083 378 23163 16316 4 2045 12766 3930 23744 2961 378 2585 5927 21588 4 4 3737 1908 4 5494 4392 11968 1911 1912 2084 2147 10010 2298 20451 4 4 1963 2414 2301 1912 2867 2563 2683 2097 16215 1908 2867 20068 2494 1963 4 4 4101 10788 3
I1023 20:05:34.148072 47729779401792 create_pretraining_data.py:161] input_ids: 2 4 4 4 19574 2106 8677 1906 8677 17281 26718 22704 4 23181 20648 1044 29975 1006 2106 15135 6237 29975 1006 2106 15135 5850 5046 2150 4 18 3 1912 19718 1043 3231 4 3800 16433 26075 1955 15151 3712 2037 6237 7702 6694 2648 3808 2251 12217 4733 1955 2907 2087 8233 2633 4267 4343 1043 4070 27254 12736 1961 2397 4 2073 2098 10086 1949 4 4 4 378 19869 1937 21665 1961 29573 10083 378 23163 16316 4 2045 12766 3930 23744 2961 378 2585 5927 21588 4 4 3737 1908 4 5494 4392 11968 1911 1912 2084 2147 10010 2298 20451 4 4 1963 2414 2301 1912 2867 2563 2683 2097 16215 1908 2867 20068 2494 1963 4 4 4101 10788 3
INFO:tensorflow:input_mask: 1 1 1 1 1 1 1 1 1 1 1 1 1 1 1 1 1 1 1 1 1 1 1 1 1 1 1 1 1 1 1 1 1 1 1 1 1 1 1 1 1 1 1 1 1 1 1 1 1 1 1 1 1 1 1 1 1 1 1 1 1 1 1 1 1 1 1 1 1 1 1 1 1 1 1 1 1 1 1 1 1 1 1 1 1 1 1 1 1 1 1 1 1 1 1 1 1 1 1 1 1 1 1 1 1 1 1 1 1 1 1 1 1 1 1 1 1 1 1 1 1 1 1 1 1 1 1 1
I1023 20:05:34.148221 47729779401792 create_pretraining_data.py:161] input_mask: 1 1 1 1 1 1 1 1 1 1 1 1 1 1 1 1 1 1 1 1 1 1 1 1 1 1 1 1 1 1 1 1 1 1 1 1 1 1 1 1 1 1 1 1 1 1 1 1 1 1 1 1 1 1 1 1 1 1 1 1 1 1 1 1 1 1 1 1 1 1 1 1 1 1 1 1 1 1 1 1 1 1 1 1 1 1 1 1 1 1 1 1 1 1 1 1 1 1 1 1 1 1 1 1 1 1 1 1 1 1 1 1 1 1 1 1 1 1 1 1 1 1 1 1 1 1 1 1
INFO:tensorflow:segment_ids: 0 0 0 0 0 0 0 0 0 0 0 0 0 0 0 0 0 0 0 0 0 0 0 0 0 0 0 0 0 0 0 1 1 1 1 1 1 1 1 1 1 1 1 1 1 1 1 1 1 1 1 1 1 1 1 1 1 1 1 1 1 1 1 1 1 1 1 1 1 1 1 1 1 1 1 1 1 1 1 1 1 1 1 1 1 1 1 1 1 1 1 1 1 1 1 1 1 1 1 1 1 1 1 1 1 1 1 1 1 1 1 1 1 1 1 1 1 1 1 1 1 1 1 1 1 1 1 1
I1023 20:05:34.148354 47729779401792 create_pretraining_data.py:161] segment_ids: 0 0 0 0 0 0 0 0 0 0 0 0 0 0 0 0 0 0 0 0 0 0 0 0 0 0 0 0 0 0 0 1 1 1 1 1 1 1 1 1 1 1 1 1 1 1 1 1 1 1 1 1 1 1 1 1 1 1 1 1 1 1 1 1 1 1 1 1 1 1 1 1 1 1 1 1 1 1 1 1 1 1 1 1 1 1 1 1 1 1 1 1 1 1 1 1 1 1 1 1 1 1 1 1 1 1 1 1 1 1 1 1 1 1 1 1 1 1 1 1 1 1 1 1 1 1 1 1
INFO:tensorflow:masked_lm_positions: 1 2 3 12 28 35 64 69 70 71 82 92 93 96 97 107 108 123 124 0
I1023 20:05:34.148451 47729779401792 create_pretraining_data.py:161] masked_lm_positions: 1 2 3 12 28 35 64 69 70 71 82 92 93 96 97 107 108 123 124 0
INFO:tensorflow:masked_lm_ids: 2001 3206 2366 6144 3286 5267 378 4963 2423 1010 7727 2803 20966 1943 5494 13913 1028 2097 8772 0
I1023 20:05:34.148547 47729779401792 create_pretraining_data.py:161] masked_lm_ids: 2001 3206 2366 6144 3286 5267 378 4963 2423 1010 7727 2803 20966 1943 5494 13913 1028 2097 8772 0
INFO:tensorflow:masked_lm_weights: 1.0 1.0 1.0 1.0 1.0 1.0 1.0 1.0 1.0 1.0 1.0 1.0 1.0 1.0 1.0 1.0 1.0 1.0 1.0 0.0
I1023 20:05:34.148652 47729779401792 create_pretraining_data.py:161] masked_lm_weights: 1.0 1.0 1.0 1.0 1.0 1.0 1.0 1.0 1.0 1.0 1.0 1.0 1.0 1.0 1.0 1.0 1.0 1.0 1.0 0.0
INFO:tensorflow:next_sentence_labels: 1
I1023 20:05:34.148746 47729779401792 create_pretraining_data.py:161] next_sentence_labels: 1
INFO:tensorflow:*** Example ***
I1023 20:05:34.149242 47729779401792 create_pretraining_data.py:149] *** Example ***
INFO:tensorflow:tokens: [CLS] يتم نقل ##ي الى منطقة اخرى وفق نظام التنقل ##ات للمع ##لمات بدلا من نقل ##ي تطبيق ##ا للوا ##ئح لجنة [MASK] الخاصة التي تنص على : ( اذا توفي محرم [MASK] [MASK] سواء [MASK] زوجها او والدها بشرط [MASK] الوفاة بعد التعيين ومب ##اش ##رة العمل ) ، ذنب التكن ان تعليم [MASK] وضعها في موقف غريب فب ##دل ##ا من موا ##سات ##ها منزل [MASK] محرم ##ها والاست ##جابة للأ ##وراق التي تثبت ما حدث لها في الحريق عقب الوفاة التي حدثت لمح ##رمه ##ا [MASK] [SEP] [MASK] البيان الدولي عن هرب أكثر من توقي مليون شخص الى فرنسية [MASK] [MASK] اللبنانية ولج ##وء ثلث هؤلاء الى المدارس والاب ##نية العامة فيما وجد الآخر ##ون مأ ##وى مؤقتا [MASK] منازل خاصة لدى عائلات [MASK] [SEP]
I1023 20:05:34.149410 47729779401792 create_pretraining_data.py:151] tokens: [CLS] يتم نقل ##ي الى منطقة اخرى وفق نظام التنقل ##ات للمع ##لمات بدلا من نقل ##ي تطبيق ##ا للوا ##ئح لجنة [MASK] الخاصة التي تنص على : ( اذا توفي محرم [MASK] [MASK] سواء [MASK] زوجها او والدها بشرط [MASK] الوفاة بعد التعيين ومب ##اش ##رة العمل ) ، ذنب التكن ان تعليم [MASK] وضعها في موقف غريب فب ##دل ##ا من موا ##سات ##ها منزل [MASK] محرم ##ها والاست ##جابة للأ ##وراق التي تثبت ما حدث لها في الحريق عقب الوفاة التي حدثت لمح ##رمه ##ا [MASK] [SEP] [MASK] البيان الدولي عن هرب أكثر من توقي مليون شخص الى فرنسية [MASK] [MASK] اللبنانية ولج ##وء ثلث هؤلاء الى المدارس والاب ##نية العامة فيما وجد الآخر ##ون مأ ##وى مؤقتا [MASK] منازل خاصة لدى عائلات [MASK] [SEP]
INFO:tensorflow:input_ids: 2 2952 3890 1013 2186 3532 5625 4863 3701 24142 1904 9644 4144 6411 1908 3890 1013 4456 1007 18137 21788 4529 4 2847 2061 17711 1961 30 12 2387 6823 14895 4 4 4345 4 9069 2213 21993 16647 4 20861 2089 29395 20298 2408 2037 2854 13 378 7312 12195 1939 4475 4 16084 1912 5321 7443 6039 9297 1007 1908 2369 2502 1913 7419 4 14895 1913 4167 7943 2939 15091 2061 13315 1972 3356 2553 1912 15515 6056 20861 2061 15740 7685 14951 1007 4 3 4 4640 3423 1955 25162 2976 1908 19881 3193 2489 2186 20691 4 4 4761 11403 2926 10119 4669 2186 6555 10236 2330 2754 3200 5446 4419 1922 7303 2254 24615 4 10723 3481 3912 21349 4 3
I1023 20:05:34.149581 47729779401792 create_pretraining_data.py:161] input_ids: 2 2952 3890 1013 2186 3532 5625 4863 3701 24142 1904 9644 4144 6411 1908 3890 1013 4456 1007 18137 21788 4529 4 2847 2061 17711 1961 30 12 2387 6823 14895 4 4 4345 4 9069 2213 21993 16647 4 20861 2089 29395 20298 2408 2037 2854 13 378 7312 12195 1939 4475 4 16084 1912 5321 7443 6039 9297 1007 1908 2369 2502 1913 7419 4 14895 1913 4167 7943 2939 15091 2061 13315 1972 3356 2553 1912 15515 6056 20861 2061 15740 7685 14951 1007 4 3 4 4640 3423 1955 25162 2976 1908 19881 3193 2489 2186 20691 4 4 4761 11403 2926 10119 4669 2186 6555 10236 2330 2754 3200 5446 4419 1922 7303 2254 24615 4 10723 3481 3912 21349 4 3
INFO:tensorflow:input_mask: 1 1 1 1 1 1 1 1 1 1 1 1 1 1 1 1 1 1 1 1 1 1 1 1 1 1 1 1 1 1 1 1 1 1 1 1 1 1 1 1 1 1 1 1 1 1 1 1 1 1 1 1 1 1 1 1 1 1 1 1 1 1 1 1 1 1 1 1 1 1 1 1 1 1 1 1 1 1 1 1 1 1 1 1 1 1 1 1 1 1 1 1 1 1 1 1 1 1 1 1 1 1 1 1 1 1 1 1 1 1 1 1 1 1 1 1 1 1 1 1 1 1 1 1 1 1 1 1
I1023 20:05:34.149746 47729779401792 create_pretraining_data.py:161] input_mask: 1 1 1 1 1 1 1 1 1 1 1 1 1 1 1 1 1 1 1 1 1 1 1 1 1 1 1 1 1 1 1 1 1 1 1 1 1 1 1 1 1 1 1 1 1 1 1 1 1 1 1 1 1 1 1 1 1 1 1 1 1 1 1 1 1 1 1 1 1 1 1 1 1 1 1 1 1 1 1 1 1 1 1 1 1 1 1 1 1 1 1 1 1 1 1 1 1 1 1 1 1 1 1 1 1 1 1 1 1 1 1 1 1 1 1 1 1 1 1 1 1 1 1 1 1 1 1 1
INFO:tensorflow:segment_ids: 0 0 0 0 0 0 0 0 0 0 0 0 0 0 0 0 0 0 0 0 0 0 0 0 0 0 0 0 0 0 0 0 0 0 0 0 0 0 0 0 0 0 0 0 0 0 0 0 0 0 0 0 0 0 0 0 0 0 0 0 0 0 0 0 0 0 0 0 0 0 0 0 0 0 0 0 0 0 0 0 0 0 0 0 0 0 0 0 0 0 1 1 1 1 1 1 1 1 1 1 1 1 1 1 1 1 1 1 1 1 1 1 1 1 1 1 1 1 1 1 1 1 1 1 1 1 1 1
I1023 20:05:34.149878 47729779401792 create_pretraining_data.py:161] segment_ids: 0 0 0 0 0 0 0 0 0 0 0 0 0 0 0 0 0 0 0 0 0 0 0 0 0 0 0 0 0 0 0 0 0 0 0 0 0 0 0 0 0 0 0 0 0 0 0 0 0 0 0 0 0 0 0 0 0 0 0 0 0 0 0 0 0 0 0 0 0 0 0 0 0 0 0 0 0 0 0 0 0 0 0 0 0 0 0 0 0 0 1 1 1 1 1 1 1 1 1 1 1 1 1 1 1 1 1 1 1 1 1 1 1 1 1 1 1 1 1 1 1 1 1 1 1 1 1 1
INFO:tensorflow:masked_lm_positions: 22 32 33 35 40 50 51 54 66 67 79 88 90 97 101 102 103 121 126 0
I1023 20:05:34.149977 47729779401792 create_pretraining_data.py:161] masked_lm_positions: 22 32 33 35 40 50 51 54 66 67 79 88 90 97 101 102 103 121 126 0
INFO:tensorflow:masked_lm_ids: 6527 8648 1043 2055 8955 14794 2186 7023 13841 3007 1912 1912 13823 4771 4902 11877 1910 1912 18 0
I1023 20:05:34.150073 47729779401792 create_pretraining_data.py:161] masked_lm_ids: 6527 8648 1043 2055 8955 14794 2186 7023 13841 3007 1912 1912 13823 4771 4902 11877 1910 1912 18 0
INFO:tensorflow:masked_lm_weights: 1.0 1.0 1.0 1.0 1.0 1.0 1.0 1.0 1.0 1.0 1.0 1.0 1.0 1.0 1.0 1.0 1.0 1.0 1.0 0.0
I1023 20:05:34.150184 47729779401792 create_pretraining_data.py:161] masked_lm_weights: 1.0 1.0 1.0 1.0 1.0 1.0 1.0 1.0 1.0 1.0 1.0 1.0 1.0 1.0 1.0 1.0 1.0 1.0 1.0 0.0
INFO:tensorflow:next_sentence_labels: 1
I1023 20:05:34.150276 47729779401792 create_pretraining_data.py:161] next_sentence_labels: 1
INFO:tensorflow:*** Example ***
I1023 20:05:34.150757 47729779401792 create_pretraining_data.py:149] *** Example ***
INFO:tensorflow:tokens: [CLS] [MASK] تعرف . . تكسر هذه العادة . . [SEP] لا تعرف [MASK] . [SEP]
I1023 20:05:34.150882 47729779401792 create_pretraining_data.py:151] tokens: [CLS] [MASK] تعرف . . تكسر هذه العادة . . [SEP] لا تعرف [MASK] . [SEP]
INFO:tensorflow:input_ids: 2 4 3775 18 18 18767 2159 15599 18 18 3 1963 3775 4 18 3 0 0 0 0 0 0 0 0 0 0 0 0 0 0 0 0 0 0 0 0 0 0 0 0 0 0 0 0 0 0 0 0 0 0 0 0 0 0 0 0 0 0 0 0 0 0 0 0 0 0 0 0 0 0 0 0 0 0 0 0 0 0 0 0 0 0 0 0 0 0 0 0 0 0 0 0 0 0 0 0 0 0 0 0 0 0 0 0 0 0 0 0 0 0 0 0 0 0 0 0 0 0 0 0 0 0 0 0 0 0 0 0
I1023 20:05:34.151025 47729779401792 create_pretraining_data.py:161] input_ids: 2 4 3775 18 18 18767 2159 15599 18 18 3 1963 3775 4 18 3 0 0 0 0 0 0 0 0 0 0 0 0 0 0 0 0 0 0 0 0 0 0 0 0 0 0 0 0 0 0 0 0 0 0 0 0 0 0 0 0 0 0 0 0 0 0 0 0 0 0 0 0 0 0 0 0 0 0 0 0 0 0 0 0 0 0 0 0 0 0 0 0 0 0 0 0 0 0 0 0 0 0 0 0 0 0 0 0 0 0 0 0 0 0 0 0 0 0 0 0 0 0 0 0 0 0 0 0 0 0 0 0
INFO:tensorflow:input_mask: 1 1 1 1 1 1 1 1 1 1 1 1 1 1 1 1 0 0 0 0 0 0 0 0 0 0 0 0 0 0 0 0 0 0 0 0 0 0 0 0 0 0 0 0 0 0 0 0 0 0 0 0 0 0 0 0 0 0 0 0 0 0 0 0 0 0 0 0 0 0 0 0 0 0 0 0 0 0 0 0 0 0 0 0 0 0 0 0 0 0 0 0 0 0 0 0 0 0 0 0 0 0 0 0 0 0 0 0 0 0 0 0 0 0 0 0 0 0 0 0 0 0 0 0 0 0 0 0
I1023 20:05:34.151158 47729779401792 create_pretraining_data.py:161] input_mask: 1 1 1 1 1 1 1 1 1 1 1 1 1 1 1 1 0 0 0 0 0 0 0 0 0 0 0 0 0 0 0 0 0 0 0 0 0 0 0 0 0 0 0 0 0 0 0 0 0 0 0 0 0 0 0 0 0 0 0 0 0 0 0 0 0 0 0 0 0 0 0 0 0 0 0 0 0 0 0 0 0 0 0 0 0 0 0 0 0 0 0 0 0 0 0 0 0 0 0 0 0 0 0 0 0 0 0 0 0 0 0 0 0 0 0 0 0 0 0 0 0 0 0 0 0 0 0 0
INFO:tensorflow:segment_ids: 0 0 0 0 0 0 0 0 0 0 0 1 1 1 1 1 0 0 0 0 0 0 0 0 0 0 0 0 0 0 0 0 0 0 0 0 0 0 0 0 0 0 0 0 0 0 0 0 0 0 0 0 0 0 0 0 0 0 0 0 0 0 0 0 0 0 0 0 0 0 0 0 0 0 0 0 0 0 0 0 0 0 0 0 0 0 0 0 0 0 0 0 0 0 0 0 0 0 0 0 0 0 0 0 0 0 0 0 0 0 0 0 0 0 0 0 0 0 0 0 0 0 0 0 0 0 0 0
I1023 20:05:34.151288 47729779401792 create_pretraining_data.py:161] segment_ids: 0 0 0 0 0 0 0 0 0 0 0 1 1 1 1 1 0 0 0 0 0 0 0 0 0 0 0 0 0 0 0 0 0 0 0 0 0 0 0 0 0 0 0 0 0 0 0 0 0 0 0 0 0 0 0 0 0 0 0 0 0 0 0 0 0 0 0 0 0 0 0 0 0 0 0 0 0 0 0 0 0 0 0 0 0 0 0 0 0 0 0 0 0 0 0 0 0 0 0 0 0 0 0 0 0 0 0 0 0 0 0 0 0 0 0 0 0 0 0 0 0 0 0 0 0 0 0 0
INFO:tensorflow:masked_lm_positions: 1 13 0 0 0 0 0 0 0 0 0 0 0 0 0 0 0 0 0 0
I1023 20:05:34.151384 47729779401792 create_pretraining_data.py:161] masked_lm_positions: 1 13 0 0 0 0 0 0 0 0 0 0 0 0 0 0 0 0 0 0
INFO:tensorflow:masked_lm_ids: 1963 18 0 0 0 0 0 0 0 0 0 0 0 0 0 0 0 0 0 0
I1023 20:05:34.151479 47729779401792 create_pretraining_data.py:161] masked_lm_ids: 1963 18 0 0 0 0 0 0 0 0 0 0 0 0 0 0 0 0 0 0
INFO:tensorflow:masked_lm_weights: 1.0 1.0 0.0 0.0 0.0 0.0 0.0 0.0 0.0 0.0 0.0 0.0 0.0 0.0 0.0 0.0 0.0 0.0 0.0 0.0
I1023 20:05:34.151577 47729779401792 create_pretraining_data.py:161] masked_lm_weights: 1.0 1.0 0.0 0.0 0.0 0.0 0.0 0.0 0.0 0.0 0.0 0.0 0.0 0.0 0.0 0.0 0.0 0.0 0.0 0.0
INFO:tensorflow:next_sentence_labels: 0
I1023 20:05:34.151672 47729779401792 create_pretraining_data.py:161] next_sentence_labels: 0
INFO:tensorflow:*** Example ***
I1023 20:05:34.152158 47729779401792 create_pretraining_data.py:149] *** Example ***
INFO:tensorflow:tokens: [CLS] أت ##حدث عن مقر مكم ##ل [MASK] استقلال ##ية مالية [MASK] تملك [MASK] تنفيذ ##ية واسعة في إد ##ارته وليس مجرد [MASK] [MASK] " وهنا بيت القصيد ، إذا كنت اقترح ذلك بالنسبة لجامعة [MASK] سعود فإن ##ني أست ##وحي ##ه من تجارب فروع الجامعات التي [MASK] [MASK] كما است ##وحي ##ه من تجربة جامعة الملك الابصار ، وبالتالي فهو اقتراح يسري على جميع الجامعات التي لديها أكثر من مقر وتر ##يد [MASK] على [MASK] المقر ##ات منت ##مية لنفس الجامعة [MASK] من فصل ##ها إلى جامعات جديدة . فكرة مقر [MASK] للجامعة تتطلب [MASK] : 1 - إيجاد [MASK] وو ##ظائف مستقلة لكل مقر حتى لا [SEP] جاء ذلك فى بيان ورائ [MASK] به مصدر مسؤول [MASK] لوكالة الانباء السعودية فيما يلي نص ##ه : [SEP]
I1023 20:05:34.152324 47729779401792 create_pretraining_data.py:151] tokens: [CLS] أت ##حدث عن مقر مكم ##ل [MASK] استقلال ##ية مالية [MASK] تملك [MASK] تنفيذ ##ية واسعة في إد ##ارته وليس مجرد [MASK] [MASK] " وهنا بيت القصيد ، إذا كنت اقترح ذلك بالنسبة لجامعة [MASK] سعود فإن ##ني أست ##وحي ##ه من تجارب فروع الجامعات التي [MASK] [MASK] كما است ##وحي ##ه من تجربة جامعة الملك الابصار ، وبالتالي فهو اقتراح يسري على جميع الجامعات التي لديها أكثر من مقر وتر ##يد [MASK] على [MASK] المقر ##ات منت ##مية لنفس الجامعة [MASK] من فصل ##ها إلى جامعات جديدة . فكرة مقر [MASK] للجامعة تتطلب [MASK] : 1 - إيجاد [MASK] وو ##ظائف مستقلة لكل مقر حتى لا [SEP] جاء ذلك فى بيان ورائ [MASK] به مصدر مسؤول [MASK] لوكالة الانباء السعودية فيما يلي نص ##ه : [SEP]
INFO:tensorflow:input_ids: 2 4602 2577 1955 5304 26218 1010 4 13388 1910 8516 4 6416 4 4609 1910 8694 1912 4241 6000 3607 5278 4 4 6 9377 2967 17987 378 2617 2678 14954 2271 4952 24256 4 4393 3027 1974 7192 29981 1028 1908 11381 12738 7909 2061 4 4 2306 2052 29981 1028 1908 7583 4175 2676 10043 378 7078 3799 16487 27123 1961 2561 7909 2061 8331 2976 1908 5304 7247 1983 4 1961 4 6043 1904 2028 3446 6064 4874 4 1908 7048 1913 2045 20764 3403 18 7788 5304 4 23297 14840 4 30 21 17 9915 4 5594 4265 11593 3164 5304 2494 1963 3 3539 2271 2230 4219 15675 4 2249 5019 6803 4 12379 16761 3032 3200 8374 2909 1028 30 3
I1023 20:05:34.152496 47729779401792 create_pretraining_data.py:161] input_ids: 2 4602 2577 1955 5304 26218 1010 4 13388 1910 8516 4 6416 4 4609 1910 8694 1912 4241 6000 3607 5278 4 4 6 9377 2967 17987 378 2617 2678 14954 2271 4952 24256 4 4393 3027 1974 7192 29981 1028 1908 11381 12738 7909 2061 4 4 2306 2052 29981 1028 1908 7583 4175 2676 10043 378 7078 3799 16487 27123 1961 2561 7909 2061 8331 2976 1908 5304 7247 1983 4 1961 4 6043 1904 2028 3446 6064 4874 4 1908 7048 1913 2045 20764 3403 18 7788 5304 4 23297 14840 4 30 21 17 9915 4 5594 4265 11593 3164 5304 2494 1963 3 3539 2271 2230 4219 15675 4 2249 5019 6803 4 12379 16761 3032 3200 8374 2909 1028 30 3
INFO:tensorflow:input_mask: 1 1 1 1 1 1 1 1 1 1 1 1 1 1 1 1 1 1 1 1 1 1 1 1 1 1 1 1 1 1 1 1 1 1 1 1 1 1 1 1 1 1 1 1 1 1 1 1 1 1 1 1 1 1 1 1 1 1 1 1 1 1 1 1 1 1 1 1 1 1 1 1 1 1 1 1 1 1 1 1 1 1 1 1 1 1 1 1 1 1 1 1 1 1 1 1 1 1 1 1 1 1 1 1 1 1 1 1 1 1 1 1 1 1 1 1 1 1 1 1 1 1 1 1 1 1 1 1
I1023 20:05:34.152638 47729779401792 create_pretraining_data.py:161] input_mask: 1 1 1 1 1 1 1 1 1 1 1 1 1 1 1 1 1 1 1 1 1 1 1 1 1 1 1 1 1 1 1 1 1 1 1 1 1 1 1 1 1 1 1 1 1 1 1 1 1 1 1 1 1 1 1 1 1 1 1 1 1 1 1 1 1 1 1 1 1 1 1 1 1 1 1 1 1 1 1 1 1 1 1 1 1 1 1 1 1 1 1 1 1 1 1 1 1 1 1 1 1 1 1 1 1 1 1 1 1 1 1 1 1 1 1 1 1 1 1 1 1 1 1 1 1 1 1 1
INFO:tensorflow:segment_ids: 0 0 0 0 0 0 0 0 0 0 0 0 0 0 0 0 0 0 0 0 0 0 0 0 0 0 0 0 0 0 0 0 0 0 0 0 0 0 0 0 0 0 0 0 0 0 0 0 0 0 0 0 0 0 0 0 0 0 0 0 0 0 0 0 0 0 0 0 0 0 0 0 0 0 0 0 0 0 0 0 0 0 0 0 0 0 0 0 0 0 0 0 0 0 0 0 0 0 0 0 0 0 0 0 0 0 0 0 0 1 1 1 1 1 1 1 1 1 1 1 1 1 1 1 1 1 1 1
I1023 20:05:34.152768 47729779401792 create_pretraining_data.py:161] segment_ids: 0 0 0 0 0 0 0 0 0 0 0 0 0 0 0 0 0 0 0 0 0 0 0 0 0 0 0 0 0 0 0 0 0 0 0 0 0 0 0 0 0 0 0 0 0 0 0 0 0 0 0 0 0 0 0 0 0 0 0 0 0 0 0 0 0 0 0 0 0 0 0 0 0 0 0 0 0 0 0 0 0 0 0 0 0 0 0 0 0 0 0 0 0 0 0 0 0 0 0 0 0 0 0 0 0 0 0 0 0 1 1 1 1 1 1 1 1 1 1 1 1 1 1 1 1 1 1 1
INFO:tensorflow:masked_lm_positions: 7 11 13 22 23 35 47 48 57 73 75 82 92 93 95 100 113 114 118 0
I1023 20:05:34.152884 47729779401792 create_pretraining_data.py:161] masked_lm_positions: 7 11 13 22 23 35 47 48 57 73 75 82 92 93 95 100 113 114 118 0
INFO:tensorflow:masked_lm_ids: 6470 14864 18743 7410 6 2676 2839 2781 5689 8667 3041 6411 12336 23297 7794 20358 3293 1926 3924 0
I1023 20:05:34.152981 47729779401792 create_pretraining_data.py:161] masked_lm_ids: 6470 14864 18743 7410 6 2676 2839 2781 5689 8667 3041 6411 12336 23297 7794 20358 3293 1926 3924 0
INFO:tensorflow:masked_lm_weights: 1.0 1.0 1.0 1.0 1.0 1.0 1.0 1.0 1.0 1.0 1.0 1.0 1.0 1.0 1.0 1.0 1.0 1.0 1.0 0.0
I1023 20:05:34.153079 47729779401792 create_pretraining_data.py:161] masked_lm_weights: 1.0 1.0 1.0 1.0 1.0 1.0 1.0 1.0 1.0 1.0 1.0 1.0 1.0 1.0 1.0 1.0 1.0 1.0 1.0 0.0
INFO:tensorflow:next_sentence_labels: 1
I1023 20:05:34.153167 47729779401792 create_pretraining_data.py:161] next_sentence_labels: 1
INFO:tensorflow:*** Example ***
I1023 20:05:34.153662 47729779401792 create_pretraining_data.py:149] *** Example ***
INFO:tensorflow:tokens: [CLS] [MASK] ايضا إنها مشت ##قة من مواجهة [MASK] [MASK] ( القا ##فلة ) . ويط ##لق [MASK] الوجه على الوادي أي الوجه كما هو معروف جغرافيا انه [MASK] من أودي ##ة تها ##مة وين ##زله الحجاج [MASK] [MASK] عن طريق الساحل من [MASK] والش ##ام . [SEP] زياده هذا زمان فيه يا ناس مافيه يالله [MASK] [MASK] . . منه . . نج ##ني استفاد ##ه [SEP]
I1023 20:05:34.153810 47729779401792 create_pretraining_data.py:151] tokens: [CLS] [MASK] ايضا إنها مشت ##قة من مواجهة [MASK] [MASK] ( القا ##فلة ) . ويط ##لق [MASK] الوجه على الوادي أي الوجه كما هو معروف جغرافيا انه [MASK] من أودي ##ة تها ##مة وين ##زله الحجاج [MASK] [MASK] عن طريق الساحل من [MASK] والش ##ام . [SEP] زياده هذا زمان فيه يا ناس مافيه يالله [MASK] [MASK] . . منه . . نج ##ني استفاد ##ه [SEP]
INFO:tensorflow:input_ids: 2 4 4530 7110 4580 2059 1908 7050 4 4 12 22938 24668 13 18 22077 1941 4 6429 1961 16781 2235 6429 2306 2139 9216 27675 2615 4 1908 24969 1043 17605 2113 3266 16126 14344 4 4 1955 3160 12898 1908 4 2861 1921 18 3 8364 2085 6285 2366 2104 3970 10543 5783 4 4 18 18 2739 18 18 3001 1974 25495 1028 3 0 0 0 0 0 0 0 0 0 0 0 0 0 0 0 0 0 0 0 0 0 0 0 0 0 0 0 0 0 0 0 0 0 0 0 0 0 0 0 0 0 0 0 0 0 0 0 0 0 0 0 0 0 0 0 0 0 0 0 0
I1023 20:05:34.153961 47729779401792 create_pretraining_data.py:161] input_ids: 2 4 4530 7110 4580 2059 1908 7050 4 4 12 22938 24668 13 18 22077 1941 4 6429 1961 16781 2235 6429 2306 2139 9216 27675 2615 4 1908 24969 1043 17605 2113 3266 16126 14344 4 4 1955 3160 12898 1908 4 2861 1921 18 3 8364 2085 6285 2366 2104 3970 10543 5783 4 4 18 18 2739 18 18 3001 1974 25495 1028 3 0 0 0 0 0 0 0 0 0 0 0 0 0 0 0 0 0 0 0 0 0 0 0 0 0 0 0 0 0 0 0 0 0 0 0 0 0 0 0 0 0 0 0 0 0 0 0 0 0 0 0 0 0 0 0 0 0 0 0 0
INFO:tensorflow:input_mask: 1 1 1 1 1 1 1 1 1 1 1 1 1 1 1 1 1 1 1 1 1 1 1 1 1 1 1 1 1 1 1 1 1 1 1 1 1 1 1 1 1 1 1 1 1 1 1 1 1 1 1 1 1 1 1 1 1 1 1 1 1 1 1 1 1 1 1 1 0 0 0 0 0 0 0 0 0 0 0 0 0 0 0 0 0 0 0 0 0 0 0 0 0 0 0 0 0 0 0 0 0 0 0 0 0 0 0 0 0 0 0 0 0 0 0 0 0 0 0 0 0 0 0 0 0 0 0 0
I1023 20:05:34.154096 47729779401792 create_pretraining_data.py:161] input_mask: 1 1 1 1 1 1 1 1 1 1 1 1 1 1 1 1 1 1 1 1 1 1 1 1 1 1 1 1 1 1 1 1 1 1 1 1 1 1 1 1 1 1 1 1 1 1 1 1 1 1 1 1 1 1 1 1 1 1 1 1 1 1 1 1 1 1 1 1 0 0 0 0 0 0 0 0 0 0 0 0 0 0 0 0 0 0 0 0 0 0 0 0 0 0 0 0 0 0 0 0 0 0 0 0 0 0 0 0 0 0 0 0 0 0 0 0 0 0 0 0 0 0 0 0 0 0 0 0
INFO:tensorflow:segment_ids: 0 0 0 0 0 0 0 0 0 0 0 0 0 0 0 0 0 0 0 0 0 0 0 0 0 0 0 0 0 0 0 0 0 0 0 0 0 0 0 0 0 0 0 0 0 0 0 0 1 1 1 1 1 1 1 1 1 1 1 1 1 1 1 1 1 1 1 1 0 0 0 0 0 0 0 0 0 0 0 0 0 0 0 0 0 0 0 0 0 0 0 0 0 0 0 0 0 0 0 0 0 0 0 0 0 0 0 0 0 0 0 0 0 0 0 0 0 0 0 0 0 0 0 0 0 0 0 0
I1023 20:05:34.154237 47729779401792 create_pretraining_data.py:161] segment_ids: 0 0 0 0 0 0 0 0 0 0 0 0 0 0 0 0 0 0 0 0 0 0 0 0 0 0 0 0 0 0 0 0 0 0 0 0 0 0 0 0 0 0 0 0 0 0 0 0 1 1 1 1 1 1 1 1 1 1 1 1 1 1 1 1 1 1 1 1 0 0 0 0 0 0 0 0 0 0 0 0 0 0 0 0 0 0 0 0 0 0 0 0 0 0 0 0 0 0 0 0 0 0 0 0 0 0 0 0 0 0 0 0 0 0 0 0 0 0 0 0 0 0 0 0 0 0 0 0
INFO:tensorflow:masked_lm_positions: 1 8 9 17 28 37 38 43 56 57 0 0 0 0 0 0 0 0 0 0
I1023 20:05:34.154337 47729779401792 create_pretraining_data.py:161] masked_lm_positions: 1 8 9 17 28 37 38 43 56 57 0 0 0 0 0 0 0 0 0 0
INFO:tensorflow:masked_lm_ids: 8055 6009 1045 2974 8104 5744 1922 2559 22985 1914 0 0 0 0 0 0 0 0 0 0
I1023 20:05:34.154434 47729779401792 create_pretraining_data.py:161] masked_lm_ids: 8055 6009 1045 2974 8104 5744 1922 2559 22985 1914 0 0 0 0 0 0 0 0 0 0
INFO:tensorflow:masked_lm_weights: 1.0 1.0 1.0 1.0 1.0 1.0 1.0 1.0 1.0 1.0 0.0 0.0 0.0 0.0 0.0 0.0 0.0 0.0 0.0 0.0
I1023 20:05:34.154533 47729779401792 create_pretraining_data.py:161] masked_lm_weights: 1.0 1.0 1.0 1.0 1.0 1.0 1.0 1.0 1.0 1.0 0.0 0.0 0.0 0.0 0.0 0.0 0.0 0.0 0.0 0.0
INFO:tensorflow:next_sentence_labels: 1
I1023 20:05:34.154631 47729779401792 create_pretraining_data.py:161] next_sentence_labels: 1
INFO:tensorflow:*** Example ***
I1023 20:05:34.155116 47729779401792 create_pretraining_data.py:149] *** Example ***
INFO:tensorflow:tokens: [CLS] سعادة الأستاذ تركي بن عبدالله السد ##يري وفق ##ه الله رئيس تحرير صحيفة " " الرياض " " السلام [MASK] ورحمة الله وبركاته . . [SEP] وال ##لقاء الذي تناول مختلف [MASK] كان مث ##مرا " [MASK] . واضاف التلفزيون ، [MASK] المو ##فد الصيني اجتمع بعد هذا اللقاء ، مع الرئيس الكو ##بي بالو ##كالة [MASK] [MASK] تذكر [MASK] [MASK] وبحث ##ا في " " [MASK] وطنية ودولية تهم البلدين مما [MASK] العلاقات الممتاز ##ة بين الطرفين والح ##كوم ##تين والشعب ##ين " السبت [MASK] [SEP]
I1023 20:05:34.155271 47729779401792 create_pretraining_data.py:151] tokens: [CLS] سعادة الأستاذ تركي بن عبدالله السد ##يري وفق ##ه الله رئيس تحرير صحيفة " " الرياض " " السلام [MASK] ورحمة الله وبركاته . . [SEP] وال ##لقاء الذي تناول مختلف [MASK] كان مث ##مرا " [MASK] . واضاف التلفزيون ، [MASK] المو ##فد الصيني اجتمع بعد هذا اللقاء ، مع الرئيس الكو ##بي بالو ##كالة [MASK] [MASK] تذكر [MASK] [MASK] وبحث ##ا في " " [MASK] وطنية ودولية تهم البلدين مما [MASK] العلاقات الممتاز ##ة بين الطرفين والح ##كوم ##تين والشعب ##ين " السبت [MASK] [SEP]
INFO:tensorflow:input_ids: 2 13141 6483 6981 2040 3299 13565 2727 4863 1028 1953 2426 6338 5183 6 6 2392 6 6 2795 4 13983 1953 12223 18 18 3 1918 8937 2130 6778 3264 4 2055 3066 25112 6 4 18 6540 9114 378 4 2763 6936 10006 10803 2089 2085 4708 378 1973 2554 19023 1947 19442 6880 4 4 4855 4 4 21224 1007 1912 6 6 4 9376 28696 8408 8093 3077 4 4490 13104 1043 2117 10841 2674 2466 3232 15186 1911 6 4215 4 3 0 0 0 0 0 0 0 0 0 0 0 0 0 0 0 0 0 0 0 0 0 0 0 0 0 0 0 0 0 0 0 0 0 0 0 0 0 0 0 0
I1023 20:05:34.155424 47729779401792 create_pretraining_data.py:161] input_ids: 2 13141 6483 6981 2040 3299 13565 2727 4863 1028 1953 2426 6338 5183 6 6 2392 6 6 2795 4 13983 1953 12223 18 18 3 1918 8937 2130 6778 3264 4 2055 3066 25112 6 4 18 6540 9114 378 4 2763 6936 10006 10803 2089 2085 4708 378 1973 2554 19023 1947 19442 6880 4 4 4855 4 4 21224 1007 1912 6 6 4 9376 28696 8408 8093 3077 4 4490 13104 1043 2117 10841 2674 2466 3232 15186 1911 6 4215 4 3 0 0 0 0 0 0 0 0 0 0 0 0 0 0 0 0 0 0 0 0 0 0 0 0 0 0 0 0 0 0 0 0 0 0 0 0 0 0 0 0
INFO:tensorflow:input_mask: 1 1 1 1 1 1 1 1 1 1 1 1 1 1 1 1 1 1 1 1 1 1 1 1 1 1 1 1 1 1 1 1 1 1 1 1 1 1 1 1 1 1 1 1 1 1 1 1 1 1 1 1 1 1 1 1 1 1 1 1 1 1 1 1 1 1 1 1 1 1 1 1 1 1 1 1 1 1 1 1 1 1 1 1 1 1 1 1 0 0 0 0 0 0 0 0 0 0 0 0 0 0 0 0 0 0 0 0 0 0 0 0 0 0 0 0 0 0 0 0 0 0 0 0 0 0 0 0
I1023 20:05:34.155572 47729779401792 create_pretraining_data.py:161] input_mask: 1 1 1 1 1 1 1 1 1 1 1 1 1 1 1 1 1 1 1 1 1 1 1 1 1 1 1 1 1 1 1 1 1 1 1 1 1 1 1 1 1 1 1 1 1 1 1 1 1 1 1 1 1 1 1 1 1 1 1 1 1 1 1 1 1 1 1 1 1 1 1 1 1 1 1 1 1 1 1 1 1 1 1 1 1 1 1 1 0 0 0 0 0 0 0 0 0 0 0 0 0 0 0 0 0 0 0 0 0 0 0 0 0 0 0 0 0 0 0 0 0 0 0 0 0 0 0 0
INFO:tensorflow:segment_ids: 0 0 0 0 0 0 0 0 0 0 0 0 0 0 0 0 0 0 0 0 0 0 0 0 0 0 0 1 1 1 1 1 1 1 1 1 1 1 1 1 1 1 1 1 1 1 1 1 1 1 1 1 1 1 1 1 1 1 1 1 1 1 1 1 1 1 1 1 1 1 1 1 1 1 1 1 1 1 1 1 1 1 1 1 1 1 1 1 0 0 0 0 0 0 0 0 0 0 0 0 0 0 0 0 0 0 0 0 0 0 0 0 0 0 0 0 0 0 0 0 0 0 0 0 0 0 0 0
I1023 20:05:34.155735 47729779401792 create_pretraining_data.py:161] segment_ids: 0 0 0 0 0 0 0 0 0 0 0 0 0 0 0 0 0 0 0 0 0 0 0 0 0 0 0 1 1 1 1 1 1 1 1 1 1 1 1 1 1 1 1 1 1 1 1 1 1 1 1 1 1 1 1 1 1 1 1 1 1 1 1 1 1 1 1 1 1 1 1 1 1 1 1 1 1 1 1 1 1 1 1 1 1 1 1 1 0 0 0 0 0 0 0 0 0 0 0 0 0 0 0 0 0 0 0 0 0 0 0 0 0 0 0 0 0 0 0 0 0 0 0 0 0 0 0 0
INFO:tensorflow:masked_lm_positions: 20 32 37 42 57 58 59 60 61 67 73 85 86 0 0 0 0 0 0 0
I1023 20:05:34.155832 47729779401792 create_pretraining_data.py:161] masked_lm_positions: 20 32 37 42 57 58 59 60 61 67 73 85 86 0 0 0 0 0 0 0
INFO:tensorflow:masked_lm_ids: 4229 3642 6 1939 3353 29127 5668 2582 1012 4483 7004 6 18 0 0 0 0 0 0 0
I1023 20:05:34.155924 47729779401792 create_pretraining_data.py:161] masked_lm_ids: 4229 3642 6 1939 3353 29127 5668 2582 1012 4483 7004 6 18 0 0 0 0 0 0 0
INFO:tensorflow:masked_lm_weights: 1.0 1.0 1.0 1.0 1.0 1.0 1.0 1.0 1.0 1.0 1.0 1.0 1.0 0.0 0.0 0.0 0.0 0.0 0.0 0.0
I1023 20:05:34.156019 47729779401792 create_pretraining_data.py:161] masked_lm_weights: 1.0 1.0 1.0 1.0 1.0 1.0 1.0 1.0 1.0 1.0 1.0 1.0 1.0 0.0 0.0 0.0 0.0 0.0 0.0 0.0
INFO:tensorflow:next_sentence_labels: 1
I1023 20:05:34.156105 47729779401792 create_pretraining_data.py:161] next_sentence_labels: 1
INFO:tensorflow:*** Example ***
I1023 20:05:34.156578 47729779401792 create_pretraining_data.py:149] *** Example ***
INFO:tensorflow:tokens: [CLS] الغموض [MASK] [MASK] عملها والصمت يخ ##يم داخل [MASK] ##وقت [MASK] [MASK] [MASK] عنها سابقا وسن ##ت ##دح ##ث [MASK] كلما تذكر ##نا اسمها [MASK] ن ##لمس عملها . . [MASK] في قضية الخم ##اس ##ي المعلق ##ة حتى الآن . . [MASK] لا أحد يعلم . . ؟ ! [SEP] . [MASK] المسؤول ان التجربة النووية التي اعلنت عنها بي ##ونغ يان ##غ الاثنين هي " " التعبير [MASK] نوايا ##نا في مواجهة الولايات [MASK] على طاولة مفاوضات " " . لكنه اكد ان بي ##ونغ يان ##غ مستعدة للتخ ##لي [MASK] برامج ##ها النووية واست ##ئناف المحادثات المتعددة الأطراف " " اذا اتخذت [MASK] المتحدة اجراءات في المقابل " [MASK] [MASK] وتابع [MASK] " لم يعد لدينا شيء نخ ##سره والعق ##وبات ليست حلا [SEP]
I1023 20:05:34.156747 47729779401792 create_pretraining_data.py:151] tokens: [CLS] الغموض [MASK] [MASK] عملها والصمت يخ ##يم داخل [MASK] ##وقت [MASK] [MASK] [MASK] عنها سابقا وسن ##ت ##دح ##ث [MASK] كلما تذكر ##نا اسمها [MASK] ن ##لمس عملها . . [MASK] في قضية الخم ##اس ##ي المعلق ##ة حتى الآن . . [MASK] لا أحد يعلم . . ؟ ! [SEP] . [MASK] المسؤول ان التجربة النووية التي اعلنت عنها بي ##ونغ يان ##غ الاثنين هي " " التعبير [MASK] نوايا ##نا في مواجهة الولايات [MASK] على طاولة مفاوضات " " . لكنه اكد ان بي ##ونغ يان ##غ مستعدة للتخ ##لي [MASK] برامج ##ها النووية واست ##ئناف المحادثات المتعددة الأطراف " " اذا اتخذت [MASK] المتحدة اجراءات في المقابل " [MASK] [MASK] وتابع [MASK] " لم يعد لدينا شيء نخ ##سره والعق ##وبات ليست حلا [SEP]
INFO:tensorflow:input_ids: 2 29888 4 4 13485 29525 2875 2019 3224 4 7436 4 4 4 3851 7825 10458 1005 13347 1039 4 5358 4855 1914 10923 4 413 22255 13485 18 18 4 1912 5692 16991 2233 1013 22341 1043 2494 3303 18 18 4 1963 2907 4515 18 18 380 5 3 18 4 9042 1939 12092 11790 2061 11139 3851 2260 12803 8585 1044 4439 2247 6 6 8880 4 22086 1914 1912 7050 3233 4 1961 21003 13232 6 6 18 5760 9038 1939 2260 12803 8585 1044 27632 21862 1907 4 2997 1913 11790 2983 10167 15451 14496 10233 6 6 2387 21062 4 2687 14698 1912 11576 6 4 4 8865 4 6 2043 4544 5344 2621 6093 16878 14027 4731 3721 8131 3
I1023 20:05:34.156912 47729779401792 create_pretraining_data.py:161] input_ids: 2 29888 4 4 13485 29525 2875 2019 3224 4 7436 4 4 4 3851 7825 10458 1005 13347 1039 4 5358 4855 1914 10923 4 413 22255 13485 18 18 4 1912 5692 16991 2233 1013 22341 1043 2494 3303 18 18 4 1963 2907 4515 18 18 380 5 3 18 4 9042 1939 12092 11790 2061 11139 3851 2260 12803 8585 1044 4439 2247 6 6 8880 4 22086 1914 1912 7050 3233 4 1961 21003 13232 6 6 18 5760 9038 1939 2260 12803 8585 1044 27632 21862 1907 4 2997 1913 11790 2983 10167 15451 14496 10233 6 6 2387 21062 4 2687 14698 1912 11576 6 4 4 8865 4 6 2043 4544 5344 2621 6093 16878 14027 4731 3721 8131 3
INFO:tensorflow:input_mask: 1 1 1 1 1 1 1 1 1 1 1 1 1 1 1 1 1 1 1 1 1 1 1 1 1 1 1 1 1 1 1 1 1 1 1 1 1 1 1 1 1 1 1 1 1 1 1 1 1 1 1 1 1 1 1 1 1 1 1 1 1 1 1 1 1 1 1 1 1 1 1 1 1 1 1 1 1 1 1 1 1 1 1 1 1 1 1 1 1 1 1 1 1 1 1 1 1 1 1 1 1 1 1 1 1 1 1 1 1 1 1 1 1 1 1 1 1 1 1 1 1 1 1 1 1 1 1 1
I1023 20:05:34.157045 47729779401792 create_pretraining_data.py:161] input_mask: 1 1 1 1 1 1 1 1 1 1 1 1 1 1 1 1 1 1 1 1 1 1 1 1 1 1 1 1 1 1 1 1 1 1 1 1 1 1 1 1 1 1 1 1 1 1 1 1 1 1 1 1 1 1 1 1 1 1 1 1 1 1 1 1 1 1 1 1 1 1 1 1 1 1 1 1 1 1 1 1 1 1 1 1 1 1 1 1 1 1 1 1 1 1 1 1 1 1 1 1 1 1 1 1 1 1 1 1 1 1 1 1 1 1 1 1 1 1 1 1 1 1 1 1 1 1 1 1
INFO:tensorflow:segment_ids: 0 0 0 0 0 0 0 0 0 0 0 0 0 0 0 0 0 0 0 0 0 0 0 0 0 0 0 0 0 0 0 0 0 0 0 0 0 0 0 0 0 0 0 0 0 0 0 0 0 0 0 0 1 1 1 1 1 1 1 1 1 1 1 1 1 1 1 1 1 1 1 1 1 1 1 1 1 1 1 1 1 1 1 1 1 1 1 1 1 1 1 1 1 1 1 1 1 1 1 1 1 1 1 1 1 1 1 1 1 1 1 1 1 1 1 1 1 1 1 1 1 1 1 1 1 1 1 1
I1023 20:05:34.157171 47729779401792 create_pretraining_data.py:161] segment_ids: 0 0 0 0 0 0 0 0 0 0 0 0 0 0 0 0 0 0 0 0 0 0 0 0 0 0 0 0 0 0 0 0 0 0 0 0 0 0 0 0 0 0 0 0 0 0 0 0 0 0 0 0 1 1 1 1 1 1 1 1 1 1 1 1 1 1 1 1 1 1 1 1 1 1 1 1 1 1 1 1 1 1 1 1 1 1 1 1 1 1 1 1 1 1 1 1 1 1 1 1 1 1 1 1 1 1 1 1 1 1 1 1 1 1 1 1 1 1 1 1 1 1 1 1 1 1 1 1
INFO:tensorflow:masked_lm_positions: 2 3 9 10 11 12 13 20 25 31 43 53 70 76 93 106 112 113 115 0
I1023 20:05:34.157265 47729779401792 create_pretraining_data.py:161] masked_lm_positions: 2 3 9 10 11 12 13 20 25 31 43 53 70 76 93 106 112 113 115 0
INFO:tensorflow:masked_lm_ids: 417 1946 7150 7436 1913 8873 1914 3851 2743 22884 4910 10059 1955 2687 1955 3233 6 18 6 0
I1023 20:05:34.157357 47729779401792 create_pretraining_data.py:161] masked_lm_ids: 417 1946 7150 7436 1913 8873 1914 3851 2743 22884 4910 10059 1955 2687 1955 3233 6 18 6 0
INFO:tensorflow:masked_lm_weights: 1.0 1.0 1.0 1.0 1.0 1.0 1.0 1.0 1.0 1.0 1.0 1.0 1.0 1.0 1.0 1.0 1.0 1.0 1.0 0.0
I1023 20:05:34.157454 47729779401792 create_pretraining_data.py:161] masked_lm_weights: 1.0 1.0 1.0 1.0 1.0 1.0 1.0 1.0 1.0 1.0 1.0 1.0 1.0 1.0 1.0 1.0 1.0 1.0 1.0 0.0
INFO:tensorflow:next_sentence_labels: 1
I1023 20:05:34.157540 47729779401792 create_pretraining_data.py:161] next_sentence_labels: 1
INFO:tensorflow:*** Example ***
I1023 20:05:34.158019 47729779401792 create_pretraining_data.py:149] *** Example ***
INFO:tensorflow:tokens: [CLS] والحي ##اري [MASK] من العمر [MASK] عاما ميم دخل المملكة في حج عام 14 ##21 ##ه وتخ ##لف عن المغ ##ادرة وحسب [MASK] وزارة الداخلية فإنه كان يتواجد في شرق مدينة الرياض متن ##قلا مع زوجته وابنه . [SEP] وي ##ونس الحيا ##ري [MASK] ثالث مغربي يتم إعلان اسمه في قوائم وزارة الداخلية بعد [MASK] التها ##مي [MASK] [MASK] الذي احلم في عملية الرس مطلع أبريل 2005 ##م ، [MASK] [MASK] محمد الحس ##كي الذي [MASK] السلطات البل ##جي ##كية اعتقال ##ه في 26 [MASK] 2004 ##م وأشارت إلى [MASK] [MASK] في شهر يوليو 2004 ##م . [SEP]
I1023 20:05:34.158184 47729779401792 create_pretraining_data.py:151] tokens: [CLS] والحي ##اري [MASK] من العمر [MASK] عاما ميم دخل المملكة في حج عام 14 ##21 ##ه وتخ ##لف عن المغ ##ادرة وحسب [MASK] وزارة الداخلية فإنه كان يتواجد في شرق مدينة الرياض متن ##قلا مع زوجته وابنه . [SEP] وي ##ونس الحيا ##ري [MASK] ثالث مغربي يتم إعلان اسمه في قوائم وزارة الداخلية بعد [MASK] التها ##مي [MASK] [MASK] الذي احلم في عملية الرس مطلع أبريل 2005 ##م ، [MASK] [MASK] محمد الحس ##كي الذي [MASK] السلطات البل ##جي ##كية اعتقال ##ه في 26 [MASK] 2004 ##م وأشارت إلى [MASK] [MASK] في شهر يوليو 2004 ##م . [SEP]
INFO:tensorflow:input_ids: 2 17702 2140 4 1908 3867 4 4024 18684 4896 3835 1912 7617 2268 2951 9113 1028 8105 1946 1955 2716 4603 11420 4 3433 4748 5738 2055 20710 1912 5447 3255 2392 5006 15969 1973 8542 29278 18 3 2162 3838 25985 1923 4 6603 12314 2952 7973 6079 1912 19224 3433 4748 2089 4 25730 1960 4 4 2130 22550 1912 2532 2833 9755 6476 8854 1015 378 4 4 2202 5564 2199 2130 4 5793 10112 2643 3370 11313 1028 1912 4547 4 9563 1015 13606 2045 4 4 1912 3282 5457 9563 1015 18 3 0 0 0 0 0 0 0 0 0 0 0 0 0 0 0 0 0 0 0 0 0 0 0 0 0 0 0 0 0
I1023 20:05:34.158336 47729779401792 create_pretraining_data.py:161] input_ids: 2 17702 2140 4 1908 3867 4 4024 18684 4896 3835 1912 7617 2268 2951 9113 1028 8105 1946 1955 2716 4603 11420 4 3433 4748 5738 2055 20710 1912 5447 3255 2392 5006 15969 1973 8542 29278 18 3 2162 3838 25985 1923 4 6603 12314 2952 7973 6079 1912 19224 3433 4748 2089 4 25730 1960 4 4 2130 22550 1912 2532 2833 9755 6476 8854 1015 378 4 4 2202 5564 2199 2130 4 5793 10112 2643 3370 11313 1028 1912 4547 4 9563 1015 13606 2045 4 4 1912 3282 5457 9563 1015 18 3 0 0 0 0 0 0 0 0 0 0 0 0 0 0 0 0 0 0 0 0 0 0 0 0 0 0 0 0 0
INFO:tensorflow:input_mask: 1 1 1 1 1 1 1 1 1 1 1 1 1 1 1 1 1 1 1 1 1 1 1 1 1 1 1 1 1 1 1 1 1 1 1 1 1 1 1 1 1 1 1 1 1 1 1 1 1 1 1 1 1 1 1 1 1 1 1 1 1 1 1 1 1 1 1 1 1 1 1 1 1 1 1 1 1 1 1 1 1 1 1 1 1 1 1 1 1 1 1 1 1 1 1 1 1 1 1 0 0 0 0 0 0 0 0 0 0 0 0 0 0 0 0 0 0 0 0 0 0 0 0 0 0 0 0 0
I1023 20:05:34.158468 47729779401792 create_pretraining_data.py:161] input_mask: 1 1 1 1 1 1 1 1 1 1 1 1 1 1 1 1 1 1 1 1 1 1 1 1 1 1 1 1 1 1 1 1 1 1 1 1 1 1 1 1 1 1 1 1 1 1 1 1 1 1 1 1 1 1 1 1 1 1 1 1 1 1 1 1 1 1 1 1 1 1 1 1 1 1 1 1 1 1 1 1 1 1 1 1 1 1 1 1 1 1 1 1 1 1 1 1 1 1 1 0 0 0 0 0 0 0 0 0 0 0 0 0 0 0 0 0 0 0 0 0 0 0 0 0 0 0 0 0
INFO:tensorflow:segment_ids: 0 0 0 0 0 0 0 0 0 0 0 0 0 0 0 0 0 0 0 0 0 0 0 0 0 0 0 0 0 0 0 0 0 0 0 0 0 0 0 0 1 1 1 1 1 1 1 1 1 1 1 1 1 1 1 1 1 1 1 1 1 1 1 1 1 1 1 1 1 1 1 1 1 1 1 1 1 1 1 1 1 1 1 1 1 1 1 1 1 1 1 1 1 1 1 1 1 1 1 0 0 0 0 0 0 0 0 0 0 0 0 0 0 0 0 0 0 0 0 0 0 0 0 0 0 0 0 0
I1023 20:05:34.158596 47729779401792 create_pretraining_data.py:161] segment_ids: 0 0 0 0 0 0 0 0 0 0 0 0 0 0 0 0 0 0 0 0 0 0 0 0 0 0 0 0 0 0 0 0 0 0 0 0 0 0 0 0 1 1 1 1 1 1 1 1 1 1 1 1 1 1 1 1 1 1 1 1 1 1 1 1 1 1 1 1 1 1 1 1 1 1 1 1 1 1 1 1 1 1 1 1 1 1 1 1 1 1 1 1 1 1 1 1 1 1 1 0 0 0 0 0 0 0 0 0 0 0 0 0 0 0 0 0 0 0 0 0 0 0 0 0 0 0 0 0
INFO:tensorflow:masked_lm_positions: 3 6 8 23 44 55 58 59 61 70 71 76 85 90 91 0 0 0 0 0
I1023 20:05:34.158698 47729779401792 create_pretraining_data.py:161] masked_lm_positions: 3 6 8 23 44 55 58 59 61 70 71 76 85 90 91 0 0 0 0 0
INFO:tensorflow:masked_lm_ids: 7408 6676 378 4219 2139 5874 11269 2594 4824 26419 1911 6789 4962 2590 24760 0 0 0 0 0
I1023 20:05:34.158801 47729779401792 create_pretraining_data.py:161] masked_lm_ids: 7408 6676 378 4219 2139 5874 11269 2594 4824 26419 1911 6789 4962 2590 24760 0 0 0 0 0
INFO:tensorflow:masked_lm_weights: 1.0 1.0 1.0 1.0 1.0 1.0 1.0 1.0 1.0 1.0 1.0 1.0 1.0 1.0 1.0 0.0 0.0 0.0 0.0 0.0
I1023 20:05:34.158897 47729779401792 create_pretraining_data.py:161] masked_lm_weights: 1.0 1.0 1.0 1.0 1.0 1.0 1.0 1.0 1.0 1.0 1.0 1.0 1.0 1.0 1.0 0.0 0.0 0.0 0.0 0.0
INFO:tensorflow:next_sentence_labels: 0
I1023 20:05:34.158982 47729779401792 create_pretraining_data.py:161] next_sentence_labels: 0
INFO:tensorflow:*** Example ***
I1023 20:05:34.159451 47729779401792 create_pretraining_data.py:149] *** Example ***
INFO:tensorflow:tokens: [CLS] [MASK] محاسبة [MASK] كان على [MASK] أو [MASK] [MASK] [MASK] . [SEP] ينظم المكتب الثقافي التعليمي المصري محاضرة بعنوان " " المتحف المصري الكبير ، [MASK] مصر الحضاري في القرن الواحد والعشرين " " ، يلقي ##ها المنس ##ق العام للمشروع الأستاذ محمد غني ##م ، [MASK] أول وزارة الثقافة للعلاقات الثقافية الأسبق [MASK] وسيكون ذلك في تمام الساعة الثامنة من تكبير اليوم الأحد [MASK] وست ##قام المحا ##ضر ##ة في قاعة طيبة بالم ##كتب الثقافي التعليمي . [SEP]
I1023 20:05:34.159594 47729779401792 create_pretraining_data.py:151] tokens: [CLS] [MASK] محاسبة [MASK] كان على [MASK] أو [MASK] [MASK] [MASK] . [SEP] ينظم المكتب الثقافي التعليمي المصري محاضرة بعنوان " " المتحف المصري الكبير ، [MASK] مصر الحضاري في القرن الواحد والعشرين " " ، يلقي ##ها المنس ##ق العام للمشروع الأستاذ محمد غني ##م ، [MASK] أول وزارة الثقافة للعلاقات الثقافية الأسبق [MASK] وسيكون ذلك في تمام الساعة الثامنة من تكبير اليوم الأحد [MASK] وست ##قام المحا ##ضر ##ة في قاعة طيبة بالم ##كتب الثقافي التعليمي . [SEP]
INFO:tensorflow:input_ids: 2 4 20195 4 2055 1961 4 2075 4 4 4 18 3 17067 7608 7683 11154 3727 18369 7478 6 6 20100 3727 4377 378 4 2559 23550 1912 6259 5528 12874 6 6 378 16324 1913 14607 1011 2169 21999 6483 2202 8800 1015 378 4 3399 3433 5788 27359 7475 17872 4 16407 2271 1912 9925 4578 11043 1908 21059 2217 5557 4 4709 5662 5383 2511 1043 1912 8751 11711 2493 2707 7683 11154 18 3 0 0 0 0 0 0 0 0 0 0 0 0 0 0 0 0 0 0 0 0 0 0 0 0 0 0 0 0 0 0 0 0 0 0 0 0 0 0 0 0 0 0 0 0 0 0 0 0
I1023 20:05:34.159749 47729779401792 create_pretraining_data.py:161] input_ids: 2 4 20195 4 2055 1961 4 2075 4 4 4 18 3 17067 7608 7683 11154 3727 18369 7478 6 6 20100 3727 4377 378 4 2559 23550 1912 6259 5528 12874 6 6 378 16324 1913 14607 1011 2169 21999 6483 2202 8800 1015 378 4 3399 3433 5788 27359 7475 17872 4 16407 2271 1912 9925 4578 11043 1908 21059 2217 5557 4 4709 5662 5383 2511 1043 1912 8751 11711 2493 2707 7683 11154 18 3 0 0 0 0 0 0 0 0 0 0 0 0 0 0 0 0 0 0 0 0 0 0 0 0 0 0 0 0 0 0 0 0 0 0 0 0 0 0 0 0 0 0 0 0 0 0 0 0
INFO:tensorflow:input_mask: 1 1 1 1 1 1 1 1 1 1 1 1 1 1 1 1 1 1 1 1 1 1 1 1 1 1 1 1 1 1 1 1 1 1 1 1 1 1 1 1 1 1 1 1 1 1 1 1 1 1 1 1 1 1 1 1 1 1 1 1 1 1 1 1 1 1 1 1 1 1 1 1 1 1 1 1 1 1 1 1 0 0 0 0 0 0 0 0 0 0 0 0 0 0 0 0 0 0 0 0 0 0 0 0 0 0 0 0 0 0 0 0 0 0 0 0 0 0 0 0 0 0 0 0 0 0 0 0
I1023 20:05:34.159880 47729779401792 create_pretraining_data.py:161] input_mask: 1 1 1 1 1 1 1 1 1 1 1 1 1 1 1 1 1 1 1 1 1 1 1 1 1 1 1 1 1 1 1 1 1 1 1 1 1 1 1 1 1 1 1 1 1 1 1 1 1 1 1 1 1 1 1 1 1 1 1 1 1 1 1 1 1 1 1 1 1 1 1 1 1 1 1 1 1 1 1 1 0 0 0 0 0 0 0 0 0 0 0 0 0 0 0 0 0 0 0 0 0 0 0 0 0 0 0 0 0 0 0 0 0 0 0 0 0 0 0 0 0 0 0 0 0 0 0 0
INFO:tensorflow:segment_ids: 0 0 0 0 0 0 0 0 0 0 0 0 0 1 1 1 1 1 1 1 1 1 1 1 1 1 1 1 1 1 1 1 1 1 1 1 1 1 1 1 1 1 1 1 1 1 1 1 1 1 1 1 1 1 1 1 1 1 1 1 1 1 1 1 1 1 1 1 1 1 1 1 1 1 1 1 1 1 1 1 0 0 0 0 0 0 0 0 0 0 0 0 0 0 0 0 0 0 0 0 0 0 0 0 0 0 0 0 0 0 0 0 0 0 0 0 0 0 0 0 0 0 0 0 0 0 0 0
I1023 20:05:34.160016 47729779401792 create_pretraining_data.py:161] segment_ids: 0 0 0 0 0 0 0 0 0 0 0 0 0 1 1 1 1 1 1 1 1 1 1 1 1 1 1 1 1 1 1 1 1 1 1 1 1 1 1 1 1 1 1 1 1 1 1 1 1 1 1 1 1 1 1 1 1 1 1 1 1 1 1 1 1 1 1 1 1 1 1 1 1 1 1 1 1 1 1 1 0 0 0 0 0 0 0 0 0 0 0 0 0 0 0 0 0 0 0 0 0 0 0 0 0 0 0 0 0 0 0 0 0 0 0 0 0 0 0 0 0 0 0 0 0 0 0 0
INFO:tensorflow:masked_lm_positions: 1 3 6 8 9 10 26 47 54 62 65 77 0 0 0 0 0 0 0 0
I1023 20:05:34.160112 47729779401792 create_pretraining_data.py:161] masked_lm_positions: 1 3 6 8 9 10 26 47 54 62 65 77 0 0 0 0 0 0 0 0
INFO:tensorflow:masked_lm_ids: 2075 1908 10919 401 2889 18 3680 7301 18 3308 378 11154 0 0 0 0 0 0 0 0
I1023 20:05:34.160205 47729779401792 create_pretraining_data.py:161] masked_lm_ids: 2075 1908 10919 401 2889 18 3680 7301 18 3308 378 11154 0 0 0 0 0 0 0 0
INFO:tensorflow:masked_lm_weights: 1.0 1.0 1.0 1.0 1.0 1.0 1.0 1.0 1.0 1.0 1.0 1.0 0.0 0.0 0.0 0.0 0.0 0.0 0.0 0.0
I1023 20:05:34.160300 47729779401792 create_pretraining_data.py:161] masked_lm_weights: 1.0 1.0 1.0 1.0 1.0 1.0 1.0 1.0 1.0 1.0 1.0 1.0 0.0 0.0 0.0 0.0 0.0 0.0 0.0 0.0
INFO:tensorflow:next_sentence_labels: 1
I1023 20:05:34.160385 47729779401792 create_pretraining_data.py:161] next_sentence_labels: 1
INFO:tensorflow:*** Example ***
I1023 20:05:34.160869 47729779401792 create_pretraining_data.py:149] *** Example ***
INFO:tensorflow:tokens: [CLS] الأمير سلمان بن عبدالعزيز بالرياض اقب ##الا [MASK] من [MASK] الذين عبر ##وا عن [MASK] [MASK] بما احت ##واه المعرض من نشر ##ات [MASK] فخامه تثق ##يفية [MASK] خطورة مرض السكري . الجدير بالذكر شفا [MASK] السكري التي يشرف عليها [MASK] عبدالعزيز الدخيل مساعد مدير مستشفى الأمير سلمان استقبل ##ت خلال عام 14 ##27 ##ه أكثر من أحد عشر ##سيون [MASK] . هذا وتقدم وحدة السكر والغ ##دد الصم ##اء جهود ##ا كبيرة في توعية وت ##ثق ##يف مرضى السكري بالمست ##شفى وقد كان المعرض مميز [SEP] وقدم د . [MASK] شكره وتقدير ##ه إلى الدكتورة إيمان الش ##شة استشاري ##ة [MASK] [MASK] والغ ##دة الصم ##اء ورئيس ##ة قسم الباطن ##ة في مستشفى الامير سلمان [MASK] جهود ##ها في نجاح [MASK] وفعاليات القسم النس ##وي [SEP]
I1023 20:05:34.161032 47729779401792 create_pretraining_data.py:151] tokens: [CLS] الأمير سلمان بن عبدالعزيز بالرياض اقب ##الا [MASK] من [MASK] الذين عبر ##وا عن [MASK] [MASK] بما احت ##واه المعرض من نشر ##ات [MASK] فخامه تثق ##يفية [MASK] خطورة مرض السكري . الجدير بالذكر شفا [MASK] السكري التي يشرف عليها [MASK] عبدالعزيز الدخيل مساعد مدير مستشفى الأمير سلمان استقبل ##ت خلال عام 14 ##27 ##ه أكثر من أحد عشر ##سيون [MASK] . هذا وتقدم وحدة السكر والغ ##دد الصم ##اء جهود ##ا كبيرة في توعية وت ##ثق ##يف مرضى السكري بالمست ##شفى وقد كان المعرض مميز [SEP] وقدم د . [MASK] شكره وتقدير ##ه إلى الدكتورة إيمان الش ##شة استشاري ##ة [MASK] [MASK] والغ ##دة الصم ##اء ورئيس ##ة قسم الباطن ##ة في مستشفى الامير سلمان [MASK] جهود ##ها في نجاح [MASK] وفعاليات القسم النس ##وي [SEP]
INFO:tensorflow:input_ids: 2 3707 3856 2040 4541 4284 25118 3757 4 1908 4 2677 2830 1928 1955 4 4 2908 2691 5106 10466 1908 3449 1904 4 20791 17251 21724 4 14678 4648 6655 18 23435 11492 17263 4 6655 2061 7698 2717 4 4541 13142 5441 3615 5612 3707 3856 10080 1005 2317 2268 2951 8903 1028 2976 1908 2907 3304 21217 4 18 2085 13529 6349 8351 4500 2282 15483 1954 7778 1007 3930 1912 23051 2001 6278 2032 18173 6655 13945 4336 2585 2055 10466 5342 3 13462 395 18 4 22529 18219 1028 2045 14596 14184 1966 3463 23105 1043 4 4 4500 2063 15483 1954 7123 1043 2122 11147 1043 1912 5612 3926 3856 4 7778 1913 1912 5700 4 23634 3438 4893 1971 3
I1023 20:05:34.161187 47729779401792 create_pretraining_data.py:161] input_ids: 2 3707 3856 2040 4541 4284 25118 3757 4 1908 4 2677 2830 1928 1955 4 4 2908 2691 5106 10466 1908 3449 1904 4 20791 17251 21724 4 14678 4648 6655 18 23435 11492 17263 4 6655 2061 7698 2717 4 4541 13142 5441 3615 5612 3707 3856 10080 1005 2317 2268 2951 8903 1028 2976 1908 2907 3304 21217 4 18 2085 13529 6349 8351 4500 2282 15483 1954 7778 1007 3930 1912 23051 2001 6278 2032 18173 6655 13945 4336 2585 2055 10466 5342 3 13462 395 18 4 22529 18219 1028 2045 14596 14184 1966 3463 23105 1043 4 4 4500 2063 15483 1954 7123 1043 2122 11147 1043 1912 5612 3926 3856 4 7778 1913 1912 5700 4 23634 3438 4893 1971 3
INFO:tensorflow:input_mask: 1 1 1 1 1 1 1 1 1 1 1 1 1 1 1 1 1 1 1 1 1 1 1 1 1 1 1 1 1 1 1 1 1 1 1 1 1 1 1 1 1 1 1 1 1 1 1 1 1 1 1 1 1 1 1 1 1 1 1 1 1 1 1 1 1 1 1 1 1 1 1 1 1 1 1 1 1 1 1 1 1 1 1 1 1 1 1 1 1 1 1 1 1 1 1 1 1 1 1 1 1 1 1 1 1 1 1 1 1 1 1 1 1 1 1 1 1 1 1 1 1 1 1 1 1 1 1 1
I1023 20:05:34.161334 47729779401792 create_pretraining_data.py:161] input_mask: 1 1 1 1 1 1 1 1 1 1 1 1 1 1 1 1 1 1 1 1 1 1 1 1 1 1 1 1 1 1 1 1 1 1 1 1 1 1 1 1 1 1 1 1 1 1 1 1 1 1 1 1 1 1 1 1 1 1 1 1 1 1 1 1 1 1 1 1 1 1 1 1 1 1 1 1 1 1 1 1 1 1 1 1 1 1 1 1 1 1 1 1 1 1 1 1 1 1 1 1 1 1 1 1 1 1 1 1 1 1 1 1 1 1 1 1 1 1 1 1 1 1 1 1 1 1 1 1
INFO:tensorflow:segment_ids: 0 0 0 0 0 0 0 0 0 0 0 0 0 0 0 0 0 0 0 0 0 0 0 0 0 0 0 0 0 0 0 0 0 0 0 0 0 0 0 0 0 0 0 0 0 0 0 0 0 0 0 0 0 0 0 0 0 0 0 0 0 0 0 0 0 0 0 0 0 0 0 0 0 0 0 0 0 0 0 0 0 0 0 0 0 0 0 0 1 1 1 1 1 1 1 1 1 1 1 1 1 1 1 1 1 1 1 1 1 1 1 1 1 1 1 1 1 1 1 1 1 1 1 1 1 1 1 1
I1023 20:05:34.161462 47729779401792 create_pretraining_data.py:161] segment_ids: 0 0 0 0 0 0 0 0 0 0 0 0 0 0 0 0 0 0 0 0 0 0 0 0 0 0 0 0 0 0 0 0 0 0 0 0 0 0 0 0 0 0 0 0 0 0 0 0 0 0 0 0 0 0 0 0 0 0 0 0 0 0 0 0 0 0 0 0 0 0 0 0 0 0 0 0 0 0 0 0 0 0 0 0 0 0 0 0 1 1 1 1 1 1 1 1 1 1 1 1 1 1 1 1 1 1 1 1 1 1 1 1 1 1 1 1 1 1 1 1 1 1 1 1 1 1 1 1
INFO:tensorflow:masked_lm_positions: 8 10 15 16 24 25 28 35 36 41 42 60 61 91 102 103 110 117 122 0
I1023 20:05:34.161557 47729779401792 create_pretraining_data.py:161] masked_lm_positions: 8 10 15 16 24 25 28 35 36 41 42 60 61 91 102 103 110 117 122 0
INFO:tensorflow:masked_lm_ids: 6255 5335 13800 1949 18881 4318 1955 1939 10150 3380 4541 7140 2185 13142 26349 1043 2122 1961 10466 0
I1023 20:05:34.161657 47729779401792 create_pretraining_data.py:161] masked_lm_ids: 6255 5335 13800 1949 18881 4318 1955 1939 10150 3380 4541 7140 2185 13142 26349 1043 2122 1961 10466 0
INFO:tensorflow:masked_lm_weights: 1.0 1.0 1.0 1.0 1.0 1.0 1.0 1.0 1.0 1.0 1.0 1.0 1.0 1.0 1.0 1.0 1.0 1.0 1.0 0.0
I1023 20:05:34.161752 47729779401792 create_pretraining_data.py:161] masked_lm_weights: 1.0 1.0 1.0 1.0 1.0 1.0 1.0 1.0 1.0 1.0 1.0 1.0 1.0 1.0 1.0 1.0 1.0 1.0 1.0 0.0
INFO:tensorflow:next_sentence_labels: 0
I1023 20:05:34.161838 47729779401792 create_pretraining_data.py:161] next_sentence_labels: 0
INFO:tensorflow:*** Example ***
I1023 20:05:34.162311 47729779401792 create_pretraining_data.py:149] *** Example ***
INFO:tensorflow:tokens: [CLS] تفقد [MASK] المنطقة الشرقية المهندس ضيف الله العتيبي امس الواجهة البحرية بمدينة الدمام [MASK] [MASK] خادم الحرمين الشريفين بالوا ##جهة [MASK] ستقام عليه [MASK] [MASK] الفطر المبارك بالمنطقة الشرقية . [SEP] ##داد سائر ##ين . فلم لا واجد ##اد ##ونا [MASK] من سبق ##ونا وذهب ##وا لم ##باي ##عة الملك عبدالعزيز لطالما [MASK] [MASK] [MASK] الفكرة الله وع [MASK] الله ثم عا ##هد ##وه [MASK] السمع والط ##اعة له ولأ ##بنا ##ئه البر ##رة من بعده فأ ##هلا بك يا خادم الحرمين الشريفين بين أبنائ ##ك أبا حنون ##ا وم ##لك ##ا وفي ##ا مخلص ##ا لشعب ##ه فه ##ا هي جوف معد عمر ووا ##دي النف ##اخ وج ##وف السر ##حان تلبس أحلى وأج ##مل ثياب ##ها [MASK] ##هاج [MASK] بمق ##دم ##كم الميم ##ون [SEP]
I1023 20:05:34.162473 47729779401792 create_pretraining_data.py:151] tokens: [CLS] تفقد [MASK] المنطقة الشرقية المهندس ضيف الله العتيبي امس الواجهة البحرية بمدينة الدمام [MASK] [MASK] خادم الحرمين الشريفين بالوا ##جهة [MASK] ستقام عليه [MASK] [MASK] الفطر المبارك بالمنطقة الشرقية . [SEP] ##داد سائر ##ين . فلم لا واجد ##اد ##ونا [MASK] من سبق ##ونا وذهب ##وا لم ##باي ##عة الملك عبدالعزيز لطالما [MASK] [MASK] [MASK] الفكرة الله وع [MASK] الله ثم عا ##هد ##وه [MASK] السمع والط ##اعة له ولأ ##بنا ##ئه البر ##رة من بعده فأ ##هلا بك يا خادم الحرمين الشريفين بين أبنائ ##ك أبا حنون ##ا وم ##لك ##ا وفي ##ا مخلص ##ا لشعب ##ه فه ##ا هي جوف معد عمر ووا ##دي النف ##اخ وج ##وف السر ##حان تلبس أحلى وأج ##مل ثياب ##ها [MASK] ##هاج [MASK] بمق ##دم ##كم الميم ##ون [SEP]
INFO:tensorflow:input_ids: 2 9327 4 3549 6237 7307 7444 1953 12558 4426 20960 9328 8020 8856 4 4 6834 5977 7966 28790 3826 4 25893 2181 4 4 14148 8701 14450 6237 18 3 2892 12538 1911 18 5586 1963 22123 1950 3778 4 1908 6190 3778 22074 1928 2043 13649 2029 2676 4541 23860 4 4 4 13840 1953 2141 4 1953 2371 6703 2146 2283 4 14222 4392 2893 2154 8497 24754 3269 3162 2037 1908 6750 3332 3461 2395 2104 6834 5977 7966 2117 18959 1014 7945 22025 1007 2081 1934 1007 2427 1007 15710 1007 25717 1028 4301 1007 2247 17481 4582 2852 9450 1930 3784 2524 2200 2088 4407 9979 23621 10523 16233 2182 20357 1913 4 24869 4 22440 2077 2018 23494 1922 3
I1023 20:05:34.162642 47729779401792 create_pretraining_data.py:161] input_ids: 2 9327 4 3549 6237 7307 7444 1953 12558 4426 20960 9328 8020 8856 4 4 6834 5977 7966 28790 3826 4 25893 2181 4 4 14148 8701 14450 6237 18 3 2892 12538 1911 18 5586 1963 22123 1950 3778 4 1908 6190 3778 22074 1928 2043 13649 2029 2676 4541 23860 4 4 4 13840 1953 2141 4 1953 2371 6703 2146 2283 4 14222 4392 2893 2154 8497 24754 3269 3162 2037 1908 6750 3332 3461 2395 2104 6834 5977 7966 2117 18959 1014 7945 22025 1007 2081 1934 1007 2427 1007 15710 1007 25717 1028 4301 1007 2247 17481 4582 2852 9450 1930 3784 2524 2200 2088 4407 9979 23621 10523 16233 2182 20357 1913 4 24869 4 22440 2077 2018 23494 1922 3
INFO:tensorflow:input_mask: 1 1 1 1 1 1 1 1 1 1 1 1 1 1 1 1 1 1 1 1 1 1 1 1 1 1 1 1 1 1 1 1 1 1 1 1 1 1 1 1 1 1 1 1 1 1 1 1 1 1 1 1 1 1 1 1 1 1 1 1 1 1 1 1 1 1 1 1 1 1 1 1 1 1 1 1 1 1 1 1 1 1 1 1 1 1 1 1 1 1 1 1 1 1 1 1 1 1 1 1 1 1 1 1 1 1 1 1 1 1 1 1 1 1 1 1 1 1 1 1 1 1 1 1 1 1 1 1
I1023 20:05:34.162776 47729779401792 create_pretraining_data.py:161] input_mask: 1 1 1 1 1 1 1 1 1 1 1 1 1 1 1 1 1 1 1 1 1 1 1 1 1 1 1 1 1 1 1 1 1 1 1 1 1 1 1 1 1 1 1 1 1 1 1 1 1 1 1 1 1 1 1 1 1 1 1 1 1 1 1 1 1 1 1 1 1 1 1 1 1 1 1 1 1 1 1 1 1 1 1 1 1 1 1 1 1 1 1 1 1 1 1 1 1 1 1 1 1 1 1 1 1 1 1 1 1 1 1 1 1 1 1 1 1 1 1 1 1 1 1 1 1 1 1 1
INFO:tensorflow:segment_ids: 0 0 0 0 0 0 0 0 0 0 0 0 0 0 0 0 0 0 0 0 0 0 0 0 0 0 0 0 0 0 0 0 1 1 1 1 1 1 1 1 1 1 1 1 1 1 1 1 1 1 1 1 1 1 1 1 1 1 1 1 1 1 1 1 1 1 1 1 1 1 1 1 1 1 1 1 1 1 1 1 1 1 1 1 1 1 1 1 1 1 1 1 1 1 1 1 1 1 1 1 1 1 1 1 1 1 1 1 1 1 1 1 1 1 1 1 1 1 1 1 1 1 1 1 1 1 1 1
I1023 20:05:34.162901 47729779401792 create_pretraining_data.py:161] segment_ids: 0 0 0 0 0 0 0 0 0 0 0 0 0 0 0 0 0 0 0 0 0 0 0 0 0 0 0 0 0 0 0 0 1 1 1 1 1 1 1 1 1 1 1 1 1 1 1 1 1 1 1 1 1 1 1 1 1 1 1 1 1 1 1 1 1 1 1 1 1 1 1 1 1 1 1 1 1 1 1 1 1 1 1 1 1 1 1 1 1 1 1 1 1 1 1 1 1 1 1 1 1 1 1 1 1 1 1 1 1 1 1 1 1 1 1 1 1 1 1 1 1 1 1 1 1 1 1 1
INFO:tensorflow:masked_lm_positions: 2 14 15 21 24 25 41 52 53 54 55 56 58 59 65 103 119 120 121 0
I1023 20:05:34.163003 47729779401792 create_pretraining_data.py:161] masked_lm_positions: 2 14 15 21 24 25 41 52 53 54 55 56 58 59 65 103 119 120 121 0
INFO:tensorflow:masked_lm_ids: 5316 11982 3040 2130 16376 4776 2839 5996 18656 1921 9570 3849 2141 28085 1961 5172 3209 24869 1007 0
I1023 20:05:34.163097 47729779401792 create_pretraining_data.py:161] masked_lm_ids: 5316 11982 3040 2130 16376 4776 2839 5996 18656 1921 9570 3849 2141 28085 1961 5172 3209 24869 1007 0
INFO:tensorflow:masked_lm_weights: 1.0 1.0 1.0 1.0 1.0 1.0 1.0 1.0 1.0 1.0 1.0 1.0 1.0 1.0 1.0 1.0 1.0 1.0 1.0 0.0
I1023 20:05:34.163192 47729779401792 create_pretraining_data.py:161] masked_lm_weights: 1.0 1.0 1.0 1.0 1.0 1.0 1.0 1.0 1.0 1.0 1.0 1.0 1.0 1.0 1.0 1.0 1.0 1.0 1.0 0.0
INFO:tensorflow:next_sentence_labels: 1
I1023 20:05:34.163276 47729779401792 create_pretraining_data.py:161] next_sentence_labels: 1
INFO:tensorflow:*** Example ***
I1023 20:05:34.163761 47729779401792 create_pretraining_data.py:149] *** Example ***
INFO:tensorflow:tokens: [CLS] هذه المؤسسة عبر تحسين الظروف المعيش ##ية للنساء والاط ##فال في الامارات ، [MASK] ضحايا العنف المنزلي [MASK] اية ممارسات [MASK] [MASK] . وكان الشيخ محمد بن راشد قد اصدر قانونا يقضي بإنشاء مؤسسة دبي الخيرية لرعاية النساء والأطفال التي أقرب لتوفير الم ##لجأ الآ [MASK] والر ##عاية الصحية والنفس ##ية لكل [MASK] والإ ##طفال الذين تضر ##روا من أي ممارسات غير إنسانية [SEP] [MASK] وجميع العاملين في شركة أبناء عبدالله الخضر ##ي نت ##قدم باسم ##ى آيات التهاني [MASK] لم ##قام خادم الحرمين الشريفين وسمو [MASK] عهده الأمين الأمير سلطان بن عبدالعزيز - ##ext [MASK] الله - [MASK] [MASK] الرشيد ##ة [MASK] رعاية هذا الحفل المبارك في هذا اليوم المبارك ، ونس ##أل الله أن يكون هذا المشروع خيرا [MASK] أبناء [MASK] المنطقة الغالي ##ة [SEP]
I1023 20:05:34.163926 47729779401792 create_pretraining_data.py:151] tokens: [CLS] هذه المؤسسة عبر تحسين الظروف المعيش ##ية للنساء والاط ##فال في الامارات ، [MASK] ضحايا العنف المنزلي [MASK] اية ممارسات [MASK] [MASK] . وكان الشيخ محمد بن راشد قد اصدر قانونا يقضي بإنشاء مؤسسة دبي الخيرية لرعاية النساء والأطفال التي أقرب لتوفير الم ##لجأ الآ [MASK] والر ##عاية الصحية والنفس ##ية لكل [MASK] والإ ##طفال الذين تضر ##روا من أي ممارسات غير إنسانية [SEP] [MASK] وجميع العاملين في شركة أبناء عبدالله الخضر ##ي نت ##قدم باسم ##ى آيات التهاني [MASK] لم ##قام خادم الحرمين الشريفين وسمو [MASK] عهده الأمين الأمير سلطان بن عبدالعزيز - ##ext [MASK] الله - [MASK] [MASK] الرشيد ##ة [MASK] رعاية هذا الحفل المبارك في هذا اليوم المبارك ، ونس ##أل الله أن يكون هذا المشروع خيرا [MASK] أبناء [MASK] المنطقة الغالي ##ة [SEP]
INFO:tensorflow:input_ids: 2 2159 6951 2830 9093 6527 29561 1910 13941 21392 5617 1912 4285 378 4 10788 7445 13533 4 14604 22507 4 4 18 2648 2702 2202 2040 7876 2251 18860 27135 11842 19144 5417 4403 12033 26355 4626 27327 2061 10273 17403 1905 14023 2409 4 4105 4472 5919 19612 1910 3164 4 2958 2531 2677 14821 15914 1908 2235 22507 2224 19669 3 4 6685 8675 1912 2753 6970 3299 12416 1013 2682 2508 3936 1102 16851 11401 4 2043 5662 6834 5977 7966 28729 4 20952 8060 3707 5618 2040 4541 17 23472 4 1953 17 4 4 15887 1043 4 8841 2085 11693 8701 1912 2085 2217 8701 378 8290 7924 1953 1979 2461 2085 4957 5360 4 6970 4 3549 10589 1043 3
I1023 20:05:34.164078 47729779401792 create_pretraining_data.py:161] input_ids: 2 2159 6951 2830 9093 6527 29561 1910 13941 21392 5617 1912 4285 378 4 10788 7445 13533 4 14604 22507 4 4 18 2648 2702 2202 2040 7876 2251 18860 27135 11842 19144 5417 4403 12033 26355 4626 27327 2061 10273 17403 1905 14023 2409 4 4105 4472 5919 19612 1910 3164 4 2958 2531 2677 14821 15914 1908 2235 22507 2224 19669 3 4 6685 8675 1912 2753 6970 3299 12416 1013 2682 2508 3936 1102 16851 11401 4 2043 5662 6834 5977 7966 28729 4 20952 8060 3707 5618 2040 4541 17 23472 4 1953 17 4 4 15887 1043 4 8841 2085 11693 8701 1912 2085 2217 8701 378 8290 7924 1953 1979 2461 2085 4957 5360 4 6970 4 3549 10589 1043 3
INFO:tensorflow:input_mask: 1 1 1 1 1 1 1 1 1 1 1 1 1 1 1 1 1 1 1 1 1 1 1 1 1 1 1 1 1 1 1 1 1 1 1 1 1 1 1 1 1 1 1 1 1 1 1 1 1 1 1 1 1 1 1 1 1 1 1 1 1 1 1 1 1 1 1 1 1 1 1 1 1 1 1 1 1 1 1 1 1 1 1 1 1 1 1 1 1 1 1 1 1 1 1 1 1 1 1 1 1 1 1 1 1 1 1 1 1 1 1 1 1 1 1 1 1 1 1 1 1 1 1 1 1 1 1 1
I1023 20:05:34.164222 47729779401792 create_pretraining_data.py:161] input_mask: 1 1 1 1 1 1 1 1 1 1 1 1 1 1 1 1 1 1 1 1 1 1 1 1 1 1 1 1 1 1 1 1 1 1 1 1 1 1 1 1 1 1 1 1 1 1 1 1 1 1 1 1 1 1 1 1 1 1 1 1 1 1 1 1 1 1 1 1 1 1 1 1 1 1 1 1 1 1 1 1 1 1 1 1 1 1 1 1 1 1 1 1 1 1 1 1 1 1 1 1 1 1 1 1 1 1 1 1 1 1 1 1 1 1 1 1 1 1 1 1 1 1 1 1 1 1 1 1
INFO:tensorflow:segment_ids: 0 0 0 0 0 0 0 0 0 0 0 0 0 0 0 0 0 0 0 0 0 0 0 0 0 0 0 0 0 0 0 0 0 0 0 0 0 0 0 0 0 0 0 0 0 0 0 0 0 0 0 0 0 0 0 0 0 0 0 0 0 0 0 0 0 1 1 1 1 1 1 1 1 1 1 1 1 1 1 1 1 1 1 1 1 1 1 1 1 1 1 1 1 1 1 1 1 1 1 1 1 1 1 1 1 1 1 1 1 1 1 1 1 1 1 1 1 1 1 1 1 1 1 1 1 1 1 1
I1023 20:05:34.164348 47729779401792 create_pretraining_data.py:161] segment_ids: 0 0 0 0 0 0 0 0 0 0 0 0 0 0 0 0 0 0 0 0 0 0 0 0 0 0 0 0 0 0 0 0 0 0 0 0 0 0 0 0 0 0 0 0 0 0 0 0 0 0 0 0 0 0 0 0 0 0 0 0 0 0 0 0 0 1 1 1 1 1 1 1 1 1 1 1 1 1 1 1 1 1 1 1 1 1 1 1 1 1 1 1 1 1 1 1 1 1 1 1 1 1 1 1 1 1 1 1 1 1 1 1 1 1 1 1 1 1 1 1 1 1 1 1 1 1 1 1
INFO:tensorflow:masked_lm_positions: 14 18 21 22 24 41 45 46 53 65 80 87 95 96 99 100 103 121 123 0
I1023 20:05:34.164442 47729779401792 create_pretraining_data.py:161] masked_lm_positions: 14 18 21 22 24 41 45 46 53 65 80 87 95 96 99 100 103 121 123 0
INFO:tensorflow:masked_lm_ids: 5770 2213 20715 5607 2648 10702 2409 1986 4626 8767 24286 2670 7169 2567 26780 11476 1961 1961 2159 0
I1023 20:05:34.164535 47729779401792 create_pretraining_data.py:161] masked_lm_ids: 5770 2213 20715 5607 2648 10702 2409 1986 4626 8767 24286 2670 7169 2567 26780 11476 1961 1961 2159 0
INFO:tensorflow:masked_lm_weights: 1.0 1.0 1.0 1.0 1.0 1.0 1.0 1.0 1.0 1.0 1.0 1.0 1.0 1.0 1.0 1.0 1.0 1.0 1.0 0.0
I1023 20:05:34.164637 47729779401792 create_pretraining_data.py:161] masked_lm_weights: 1.0 1.0 1.0 1.0 1.0 1.0 1.0 1.0 1.0 1.0 1.0 1.0 1.0 1.0 1.0 1.0 1.0 1.0 1.0 0.0
INFO:tensorflow:next_sentence_labels: 1
I1023 20:05:34.164723 47729779401792 create_pretraining_data.py:161] next_sentence_labels: 1
INFO:tensorflow:*** Example ***
I1023 20:05:34.165199 47729779401792 create_pretraining_data.py:149] *** Example ***
INFO:tensorflow:tokens: [CLS] [MASK] إلي حزن عميق وها ##د ##ئ . . . حزن لا ص ##خب فيه . . . [MASK] لأن [MASK] العربي يجر ##ب يتم ##ه للمرة الأولى منذ [MASK] ! ربما [MASK] هذا الحزن [MASK] [MASK] العالم العربي [MASK] [MASK] . . وربما لأن وجوده [MASK] يض ##في بنهاية من التوازن النفسي [MASK] لم نشعر بف ##قدان ##ه إلا حينما تأكد خبر وفاته . [MASK] [SEP] وجاءت الطوا ##بع [MASK] مسمى ( الفراش ##ات ) بف ##ئة ريال ##ين ، و 3 ##ريال ##ات ، وسط ألوان وخلف [MASK] للج ##مال الجغرافي في طبيعة المملكة العربية السعودية ، اضاف ##ت جمالا على الطوا ##بع ، التي تعتزم مؤسسة البريد السعودي توزيع ##ها اعتبارا من يوم غد الاثنين الموافق 7 ##شع ##بان 14 ##28 ##ه . [SEP]
I1023 20:05:34.165362 47729779401792 create_pretraining_data.py:151] tokens: [CLS] [MASK] إلي حزن عميق وها ##د ##ئ . . . حزن لا ص ##خب فيه . . . [MASK] لأن [MASK] العربي يجر ##ب يتم ##ه للمرة الأولى منذ [MASK] ! ربما [MASK] هذا الحزن [MASK] [MASK] العالم العربي [MASK] [MASK] . . وربما لأن وجوده [MASK] يض ##في بنهاية من التوازن النفسي [MASK] لم نشعر بف ##قدان ##ه إلا حينما تأكد خبر وفاته . [MASK] [SEP] وجاءت الطوا ##بع [MASK] مسمى ( الفراش ##ات ) بف ##ئة ريال ##ين ، و 3 ##ريال ##ات ، وسط ألوان وخلف [MASK] للج ##مال الجغرافي في طبيعة المملكة العربية السعودية ، اضاف ##ت جمالا على الطوا ##بع ، التي تعتزم مؤسسة البريد السعودي توزيع ##ها اعتبارا من يوم غد الاثنين الموافق 7 ##شع ##بان 14 ##28 ##ه . [SEP]
INFO:tensorflow:input_ids: 2 4 3228 7378 15610 8154 1016 1042 18 18 18 7378 1963 401 3355 2366 18 18 18 4 3034 4 2659 22338 1045 2952 1028 10132 3362 2837 4 5 5227 4 2085 5717 4 4 2337 2659 4 4 18 18 8378 3034 13997 4 4132 2007 25711 1908 16604 11036 4 2043 19074 4304 21656 1028 2725 7473 15661 4781 14907 18 4 3 18283 20529 2581 4 24377 12 28598 1904 13 4304 2385 3108 1911 378 415 23 9461 1904 378 4008 19781 18194 4 2970 2287 27974 1912 11708 3835 2488 3032 378 5429 1005 20782 1961 20529 2581 378 2061 24162 5417 7111 3428 7283 1913 14289 1908 2232 8472 4439 9313 27 8474 8070 2951 8030 1028 18 3
I1023 20:05:34.165526 47729779401792 create_pretraining_data.py:161] input_ids: 2 4 3228 7378 15610 8154 1016 1042 18 18 18 7378 1963 401 3355 2366 18 18 18 4 3034 4 2659 22338 1045 2952 1028 10132 3362 2837 4 5 5227 4 2085 5717 4 4 2337 2659 4 4 18 18 8378 3034 13997 4 4132 2007 25711 1908 16604 11036 4 2043 19074 4304 21656 1028 2725 7473 15661 4781 14907 18 4 3 18283 20529 2581 4 24377 12 28598 1904 13 4304 2385 3108 1911 378 415 23 9461 1904 378 4008 19781 18194 4 2970 2287 27974 1912 11708 3835 2488 3032 378 5429 1005 20782 1961 20529 2581 378 2061 24162 5417 7111 3428 7283 1913 14289 1908 2232 8472 4439 9313 27 8474 8070 2951 8030 1028 18 3
INFO:tensorflow:input_mask: 1 1 1 1 1 1 1 1 1 1 1 1 1 1 1 1 1 1 1 1 1 1 1 1 1 1 1 1 1 1 1 1 1 1 1 1 1 1 1 1 1 1 1 1 1 1 1 1 1 1 1 1 1 1 1 1 1 1 1 1 1 1 1 1 1 1 1 1 1 1 1 1 1 1 1 1 1 1 1 1 1 1 1 1 1 1 1 1 1 1 1 1 1 1 1 1 1 1 1 1 1 1 1 1 1 1 1 1 1 1 1 1 1 1 1 1 1 1 1 1 1 1 1 1 1 1 1 1
I1023 20:05:34.165673 47729779401792 create_pretraining_data.py:161] input_mask: 1 1 1 1 1 1 1 1 1 1 1 1 1 1 1 1 1 1 1 1 1 1 1 1 1 1 1 1 1 1 1 1 1 1 1 1 1 1 1 1 1 1 1 1 1 1 1 1 1 1 1 1 1 1 1 1 1 1 1 1 1 1 1 1 1 1 1 1 1 1 1 1 1 1 1 1 1 1 1 1 1 1 1 1 1 1 1 1 1 1 1 1 1 1 1 1 1 1 1 1 1 1 1 1 1 1 1 1 1 1 1 1 1 1 1 1 1 1 1 1 1 1 1 1 1 1 1 1
INFO:tensorflow:segment_ids: 0 0 0 0 0 0 0 0 0 0 0 0 0 0 0 0 0 0 0 0 0 0 0 0 0 0 0 0 0 0 0 0 0 0 0 0 0 0 0 0 0 0 0 0 0 0 0 0 0 0 0 0 0 0 0 0 0 0 0 0 0 0 0 0 0 0 0 0 1 1 1 1 1 1 1 1 1 1 1 1 1 1 1 1 1 1 1 1 1 1 1 1 1 1 1 1 1 1 1 1 1 1 1 1 1 1 1 1 1 1 1 1 1 1 1 1 1 1 1 1 1 1 1 1 1 1 1 1
I1023 20:05:34.165802 47729779401792 create_pretraining_data.py:161] segment_ids: 0 0 0 0 0 0 0 0 0 0 0 0 0 0 0 0 0 0 0 0 0 0 0 0 0 0 0 0 0 0 0 0 0 0 0 0 0 0 0 0 0 0 0 0 0 0 0 0 0 0 0 0 0 0 0 0 0 0 0 0 0 0 0 0 0 0 0 0 1 1 1 1 1 1 1 1 1 1 1 1 1 1 1 1 1 1 1 1 1 1 1 1 1 1 1 1 1 1 1 1 1 1 1 1 1 1 1 1 1 1 1 1 1 1 1 1 1 1 1 1 1 1 1 1 1 1 1 1
INFO:tensorflow:masked_lm_positions: 1 3 19 21 29 30 33 36 37 40 41 47 50 54 65 66 71 89 90 0
I1023 20:05:34.165898 47729779401792 create_pretraining_data.py:161] masked_lm_positions: 1 3 19 21 29 30 33 36 37 40 41 47 50 54 65 66 71 89 90 0
INFO:tensorflow:masked_lm_ids: 23842 7378 5227 7133 2837 10442 3034 3012 1901 2499 16374 2055 15831 2130 18 18 2538 18194 2066 0
I1023 20:05:34.166002 47729779401792 create_pretraining_data.py:161] masked_lm_ids: 23842 7378 5227 7133 2837 10442 3034 3012 1901 2499 16374 2055 15831 2130 18 18 2538 18194 2066 0
INFO:tensorflow:masked_lm_weights: 1.0 1.0 1.0 1.0 1.0 1.0 1.0 1.0 1.0 1.0 1.0 1.0 1.0 1.0 1.0 1.0 1.0 1.0 1.0 0.0
I1023 20:05:34.166098 47729779401792 create_pretraining_data.py:161] masked_lm_weights: 1.0 1.0 1.0 1.0 1.0 1.0 1.0 1.0 1.0 1.0 1.0 1.0 1.0 1.0 1.0 1.0 1.0 1.0 1.0 0.0
INFO:tensorflow:next_sentence_labels: 1
I1023 20:05:34.166183 47729779401792 create_pretraining_data.py:161] next_sentence_labels: 1
INFO:tensorflow:*** Example ***
I1023 20:05:34.166664 47729779401792 create_pretraining_data.py:149] *** Example ***
INFO:tensorflow:tokens: [CLS] تقييم العملات بمنطقة ##الين الصرف وارت ##باط ##ها بالعمل ##ات العالمية ولو ##ح ##ظ بالات ##فاق مع مدير صندوق النقد الدولي صعوبة [MASK] الأسعار العادل ##ة لأس ##عار الصرف فيما يخص دول مجلس [MASK] وجميع دول العالم لأنه موضوع لا يخص دول [MASK] وحدها [MASK] استمرار سياسة دول مجلس طفلا بنفس الو ##تي ##رة مع دراسة التطورات بشكل مستمر وف ##وري واتخاذ السياسات [SEP] [MASK] . [MASK] يعمل في مجال الهندسة الميكانيكية [MASK] قال [MASK] ان اشكر جريدة « الرياض [MASK] على هذا التميز المتواصل في تقديم المسابقات ، وان [MASK] عواد محظوظ ##ة [MASK] حيث ان هذا المبلغ سوف يساعد ##ها في مواصلة مشوار ##ها الدراسي في الجامعة [MASK] وان ##ني احمد الله على هذا الفوز الذي [MASK] [MASK] لي ثق ##تي بالمس ##ابق ##ات [SEP]
I1023 20:05:34.166828 47729779401792 create_pretraining_data.py:151] tokens: [CLS] تقييم العملات بمنطقة ##الين الصرف وارت ##باط ##ها بالعمل ##ات العالمية ولو ##ح ##ظ بالات ##فاق مع مدير صندوق النقد الدولي صعوبة [MASK] الأسعار العادل ##ة لأس ##عار الصرف فيما يخص دول مجلس [MASK] وجميع دول العالم لأنه موضوع لا يخص دول [MASK] وحدها [MASK] استمرار سياسة دول مجلس طفلا بنفس الو ##تي ##رة مع دراسة التطورات بشكل مستمر وف ##وري واتخاذ السياسات [SEP] [MASK] . [MASK] يعمل في مجال الهندسة الميكانيكية [MASK] قال [MASK] ان اشكر جريدة « الرياض [MASK] على هذا التميز المتواصل في تقديم المسابقات ، وان [MASK] عواد محظوظ ##ة [MASK] حيث ان هذا المبلغ سوف يساعد ##ها في مواصلة مشوار ##ها الدراسي في الجامعة [MASK] وان ##ني احمد الله على هذا الفوز الذي [MASK] [MASK] لي ثق ##تي بالمس ##ابق ##ات [SEP]
INFO:tensorflow:input_ids: 2 6988 7641 10256 12779 10965 8329 3506 1913 9786 1904 3842 3278 1032 1057 12650 2999 1973 3615 7967 7572 3423 14341 4 8063 25314 1043 17527 2685 10965 3200 8385 4022 2598 4 6685 4022 2337 4531 4030 1963 8385 4022 4 13436 4 7021 6419 4022 2598 16815 4058 2009 2005 2037 1973 6604 13071 2969 9998 2390 2158 25843 14964 3 4 18 4 4471 1912 3697 7718 24554 4 2136 4 1939 15551 8999 107 2392 4 1961 2085 10830 26248 1912 4495 7224 378 2178 4 26199 27776 1043 4 2455 1939 2085 7326 3641 7189 1913 1912 14803 21323 1913 7736 1912 4874 4 2178 1974 3625 1953 1961 2085 5392 2130 4 4 2134 10774 2005 12613 10100 1904 3
I1023 20:05:34.166980 47729779401792 create_pretraining_data.py:161] input_ids: 2 6988 7641 10256 12779 10965 8329 3506 1913 9786 1904 3842 3278 1032 1057 12650 2999 1973 3615 7967 7572 3423 14341 4 8063 25314 1043 17527 2685 10965 3200 8385 4022 2598 4 6685 4022 2337 4531 4030 1963 8385 4022 4 13436 4 7021 6419 4022 2598 16815 4058 2009 2005 2037 1973 6604 13071 2969 9998 2390 2158 25843 14964 3 4 18 4 4471 1912 3697 7718 24554 4 2136 4 1939 15551 8999 107 2392 4 1961 2085 10830 26248 1912 4495 7224 378 2178 4 26199 27776 1043 4 2455 1939 2085 7326 3641 7189 1913 1912 14803 21323 1913 7736 1912 4874 4 2178 1974 3625 1953 1961 2085 5392 2130 4 4 2134 10774 2005 12613 10100 1904 3
INFO:tensorflow:input_mask: 1 1 1 1 1 1 1 1 1 1 1 1 1 1 1 1 1 1 1 1 1 1 1 1 1 1 1 1 1 1 1 1 1 1 1 1 1 1 1 1 1 1 1 1 1 1 1 1 1 1 1 1 1 1 1 1 1 1 1 1 1 1 1 1 1 1 1 1 1 1 1 1 1 1 1 1 1 1 1 1 1 1 1 1 1 1 1 1 1 1 1 1 1 1 1 1 1 1 1 1 1 1 1 1 1 1 1 1 1 1 1 1 1 1 1 1 1 1 1 1 1 1 1 1 1 1 1 1
I1023 20:05:34.167122 47729779401792 create_pretraining_data.py:161] input_mask: 1 1 1 1 1 1 1 1 1 1 1 1 1 1 1 1 1 1 1 1 1 1 1 1 1 1 1 1 1 1 1 1 1 1 1 1 1 1 1 1 1 1 1 1 1 1 1 1 1 1 1 1 1 1 1 1 1 1 1 1 1 1 1 1 1 1 1 1 1 1 1 1 1 1 1 1 1 1 1 1 1 1 1 1 1 1 1 1 1 1 1 1 1 1 1 1 1 1 1 1 1 1 1 1 1 1 1 1 1 1 1 1 1 1 1 1 1 1 1 1 1 1 1 1 1 1 1 1
INFO:tensorflow:segment_ids: 0 0 0 0 0 0 0 0 0 0 0 0 0 0 0 0 0 0 0 0 0 0 0 0 0 0 0 0 0 0 0 0 0 0 0 0 0 0 0 0 0 0 0 0 0 0 0 0 0 0 0 0 0 0 0 0 0 0 0 0 0 0 0 0 0 1 1 1 1 1 1 1 1 1 1 1 1 1 1 1 1 1 1 1 1 1 1 1 1 1 1 1 1 1 1 1 1 1 1 1 1 1 1 1 1 1 1 1 1 1 1 1 1 1 1 1 1 1 1 1 1 1 1 1 1 1 1 1
I1023 20:05:34.167251 47729779401792 create_pretraining_data.py:161] segment_ids: 0 0 0 0 0 0 0 0 0 0 0 0 0 0 0 0 0 0 0 0 0 0 0 0 0 0 0 0 0 0 0 0 0 0 0 0 0 0 0 0 0 0 0 0 0 0 0 0 0 0 0 0 0 0 0 0 0 0 0 0 0 0 0 0 0 1 1 1 1 1 1 1 1 1 1 1 1 1 1 1 1 1 1 1 1 1 1 1 1 1 1 1 1 1 1 1 1 1 1 1 1 1 1 1 1 1 1 1 1 1 1 1 1 1 1 1 1 1 1 1 1 1 1 1 1 1 1 1
INFO:tensorflow:masked_lm_positions: 3 4 23 34 43 45 50 65 67 73 75 76 81 91 92 95 110 119 120 0
I1023 20:05:34.167345 47729779401792 create_pretraining_data.py:161] masked_lm_positions: 3 4 23 34 43 45 50 65 67 73 75 76 81 91 92 95 110 119 120 0
INFO:tensorflow:masked_lm_ids: 7842 2685 5664 4209 3549 6993 4209 3108 4262 2455 16342 1939 114 2549 2005 2882 378 2280 1950 0
I1023 20:05:34.167438 47729779401792 create_pretraining_data.py:161] masked_lm_ids: 7842 2685 5664 4209 3549 6993 4209 3108 4262 2455 16342 1939 114 2549 2005 2882 378 2280 1950 0
INFO:tensorflow:masked_lm_weights: 1.0 1.0 1.0 1.0 1.0 1.0 1.0 1.0 1.0 1.0 1.0 1.0 1.0 1.0 1.0 1.0 1.0 1.0 1.0 0.0
I1023 20:05:34.167532 47729779401792 create_pretraining_data.py:161] masked_lm_weights: 1.0 1.0 1.0 1.0 1.0 1.0 1.0 1.0 1.0 1.0 1.0 1.0 1.0 1.0 1.0 1.0 1.0 1.0 1.0 0.0
INFO:tensorflow:next_sentence_labels: 1
I1023 20:05:34.167623 47729779401792 create_pretraining_data.py:161] next_sentence_labels: 1
INFO:tensorflow:Wrote 2176602 total instances
I1023 20:18:02.690641 47729779401792 create_pretraining_data.py:166] Wrote 2176602 total instances
