Loading module 'all'
WARNING:tensorflow:From ../bert/create_pretraining_data.py:469: The name tf.app.run is deprecated. Please use tf.compat.v1.app.run instead.

WARNING:tensorflow:From ../bert/create_pretraining_data.py:437: The name tf.logging.set_verbosity is deprecated. Please use tf.compat.v1.logging.set_verbosity instead.

W1024 00:42:06.519495 47938684769344 module_wrapper.py:139] From ../bert/create_pretraining_data.py:437: The name tf.logging.set_verbosity is deprecated. Please use tf.compat.v1.logging.set_verbosity instead.

WARNING:tensorflow:From ../bert/create_pretraining_data.py:437: The name tf.logging.INFO is deprecated. Please use tf.compat.v1.logging.INFO instead.

W1024 00:42:06.519776 47938684769344 module_wrapper.py:139] From ../bert/create_pretraining_data.py:437: The name tf.logging.INFO is deprecated. Please use tf.compat.v1.logging.INFO instead.

WARNING:tensorflow:From /scratch/gi372/camel-mlm/bert/tokenization.py:125: The name tf.gfile.GFile is deprecated. Please use tf.io.gfile.GFile instead.

W1024 00:42:06.520055 47938684769344 module_wrapper.py:139] From /scratch/gi372/camel-mlm/bert/tokenization.py:125: The name tf.gfile.GFile is deprecated. Please use tf.io.gfile.GFile instead.

WARNING:tensorflow:From ../bert/create_pretraining_data.py:444: The name tf.gfile.Glob is deprecated. Please use tf.io.gfile.glob instead.

W1024 00:42:06.632642 47938684769344 module_wrapper.py:139] From ../bert/create_pretraining_data.py:444: The name tf.gfile.Glob is deprecated. Please use tf.io.gfile.glob instead.

WARNING:tensorflow:From ../bert/create_pretraining_data.py:446: The name tf.logging.info is deprecated. Please use tf.compat.v1.logging.info instead.

W1024 00:42:06.642809 47938684769344 module_wrapper.py:139] From ../bert/create_pretraining_data.py:446: The name tf.logging.info is deprecated. Please use tf.compat.v1.logging.info instead.

INFO:tensorflow:*** Reading from input files ***
I1024 00:42:06.643064 47938684769344 create_pretraining_data.py:446] *** Reading from input files ***
INFO:tensorflow:  ../corpora/shards/MSA-osian.lines.shard.019.normalized.sents
I1024 00:42:06.643190 47938684769344 create_pretraining_data.py:448]   ../corpora/shards/MSA-osian.lines.shard.019.normalized.sents
INFO:tensorflow:*** Writing to output files ***
I1024 01:15:52.740061 47938684769344 create_pretraining_data.py:457] *** Writing to output files ***
INFO:tensorflow:  ../corpora/tf_records/MSA-osian.lines.shard.019.tf_record
I1024 01:15:52.759357 47938684769344 create_pretraining_data.py:459]   ../corpora/tf_records/MSA-osian.lines.shard.019.tf_record
WARNING:tensorflow:From ../bert/create_pretraining_data.py:101: The name tf.python_io.TFRecordWriter is deprecated. Please use tf.io.TFRecordWriter instead.

W1024 01:15:52.759964 47938684769344 module_wrapper.py:139] From ../bert/create_pretraining_data.py:101: The name tf.python_io.TFRecordWriter is deprecated. Please use tf.io.TFRecordWriter instead.

INFO:tensorflow:*** Example ***
I1024 01:15:52.769136 47938684769344 create_pretraining_data.py:149] *** Example ***
INFO:tensorflow:tokens: [CLS] موضحا " [MASK] أن هناك الكثيرون [MASK] أوروبا [MASK] تم على أرضه ##ا قتل ستة ملايين يهودي ، لم يتعلم ##وا شيئا " . [SEP] لقد [MASK] ممثل ##و الطرفين في مع مدير [MASK] المصرية عمر سليمان . [SEP]
I1024 01:15:52.769423 47938684769344 create_pretraining_data.py:151] tokens: [CLS] موضحا " [MASK] أن هناك الكثيرون [MASK] أوروبا [MASK] تم على أرضه ##ا قتل ستة ملايين يهودي ، لم يتعلم ##وا شيئا " . [SEP] لقد [MASK] ممثل ##و الطرفين في مع مدير [MASK] المصرية عمر سليمان . [SEP]
INFO:tensorflow:input_ids: 2 11722 6 4 1979 2671 22033 4 6913 4 2172 1961 27527 1007 4824 8589 6787 24718 378 2043 16266 1928 4174 6 18 3 3863 4 10109 1012 10841 1912 1973 3615 4 4335 2852 4889 18 3 0 0 0 0 0 0 0 0 0 0 0 0 0 0 0 0 0 0 0 0 0 0 0 0 0 0 0 0 0 0 0 0 0 0 0 0 0 0 0 0 0 0 0 0 0 0 0 0 0 0 0 0 0 0 0 0 0 0 0 0 0 0 0 0 0 0 0 0 0 0 0 0 0 0 0 0 0 0 0 0 0 0 0 0 0 0 0 0
I1024 01:15:52.769725 47938684769344 create_pretraining_data.py:161] input_ids: 2 11722 6 4 1979 2671 22033 4 6913 4 2172 1961 27527 1007 4824 8589 6787 24718 378 2043 16266 1928 4174 6 18 3 3863 4 10109 1012 10841 1912 1973 3615 4 4335 2852 4889 18 3 0 0 0 0 0 0 0 0 0 0 0 0 0 0 0 0 0 0 0 0 0 0 0 0 0 0 0 0 0 0 0 0 0 0 0 0 0 0 0 0 0 0 0 0 0 0 0 0 0 0 0 0 0 0 0 0 0 0 0 0 0 0 0 0 0 0 0 0 0 0 0 0 0 0 0 0 0 0 0 0 0 0 0 0 0 0 0 0
INFO:tensorflow:input_mask: 1 1 1 1 1 1 1 1 1 1 1 1 1 1 1 1 1 1 1 1 1 1 1 1 1 1 1 1 1 1 1 1 1 1 1 1 1 1 1 1 0 0 0 0 0 0 0 0 0 0 0 0 0 0 0 0 0 0 0 0 0 0 0 0 0 0 0 0 0 0 0 0 0 0 0 0 0 0 0 0 0 0 0 0 0 0 0 0 0 0 0 0 0 0 0 0 0 0 0 0 0 0 0 0 0 0 0 0 0 0 0 0 0 0 0 0 0 0 0 0 0 0 0 0 0 0 0 0
I1024 01:15:52.770012 47938684769344 create_pretraining_data.py:161] input_mask: 1 1 1 1 1 1 1 1 1 1 1 1 1 1 1 1 1 1 1 1 1 1 1 1 1 1 1 1 1 1 1 1 1 1 1 1 1 1 1 1 0 0 0 0 0 0 0 0 0 0 0 0 0 0 0 0 0 0 0 0 0 0 0 0 0 0 0 0 0 0 0 0 0 0 0 0 0 0 0 0 0 0 0 0 0 0 0 0 0 0 0 0 0 0 0 0 0 0 0 0 0 0 0 0 0 0 0 0 0 0 0 0 0 0 0 0 0 0 0 0 0 0 0 0 0 0 0 0
INFO:tensorflow:segment_ids: 0 0 0 0 0 0 0 0 0 0 0 0 0 0 0 0 0 0 0 0 0 0 0 0 0 0 1 1 1 1 1 1 1 1 1 1 1 1 1 1 0 0 0 0 0 0 0 0 0 0 0 0 0 0 0 0 0 0 0 0 0 0 0 0 0 0 0 0 0 0 0 0 0 0 0 0 0 0 0 0 0 0 0 0 0 0 0 0 0 0 0 0 0 0 0 0 0 0 0 0 0 0 0 0 0 0 0 0 0 0 0 0 0 0 0 0 0 0 0 0 0 0 0 0 0 0 0 0
I1024 01:15:52.770248 47938684769344 create_pretraining_data.py:161] segment_ids: 0 0 0 0 0 0 0 0 0 0 0 0 0 0 0 0 0 0 0 0 0 0 0 0 0 0 1 1 1 1 1 1 1 1 1 1 1 1 1 1 0 0 0 0 0 0 0 0 0 0 0 0 0 0 0 0 0 0 0 0 0 0 0 0 0 0 0 0 0 0 0 0 0 0 0 0 0 0 0 0 0 0 0 0 0 0 0 0 0 0 0 0 0 0 0 0 0 0 0 0 0 0 0 0 0 0 0 0 0 0 0 0 0 0 0 0 0 0 0 0 0 0 0 0 0 0 0 0
INFO:tensorflow:masked_lm_positions: 3 7 9 27 31 34 0 0 0 0 0 0 0 0 0 0 0 0 0 0
I1024 01:15:52.770423 47938684769344 create_pretraining_data.py:161] masked_lm_positions: 3 7 9 27 31 34 0 0 0 0 0 0 0 0 0 0 0 0 0 0
INFO:tensorflow:masked_lm_ids: 6428 1912 2061 14410 1912 12834 0 0 0 0 0 0 0 0 0 0 0 0 0 0
I1024 01:15:52.770592 47938684769344 create_pretraining_data.py:161] masked_lm_ids: 6428 1912 2061 14410 1912 12834 0 0 0 0 0 0 0 0 0 0 0 0 0 0
INFO:tensorflow:masked_lm_weights: 1.0 1.0 1.0 1.0 1.0 1.0 0.0 0.0 0.0 0.0 0.0 0.0 0.0 0.0 0.0 0.0 0.0 0.0 0.0 0.0
I1024 01:15:52.770769 47938684769344 create_pretraining_data.py:161] masked_lm_weights: 1.0 1.0 1.0 1.0 1.0 1.0 0.0 0.0 0.0 0.0 0.0 0.0 0.0 0.0 0.0 0.0 0.0 0.0 0.0 0.0
INFO:tensorflow:next_sentence_labels: 1
I1024 01:15:52.770928 47938684769344 create_pretraining_data.py:161] next_sentence_labels: 1
INFO:tensorflow:*** Example ***
I1024 01:15:52.771972 47938684769344 create_pretraining_data.py:149] *** Example ***
INFO:tensorflow:tokens: [CLS] كما أنه يقدم رصد ##ا لم ##كونا ##ت سوق التقنيات [MASK] مثل “ واي ماكس ” ، [MASK] تلفزيون الإنترنت ( IPTV ) ، تقنية شبكات الصوت عبر بروتوكول الإنترنت ( V ##o ##IP ) . [SEP] منظمة " حرية وإن ##صاف " للدفاع عن حقوق الإنسان ، التي حضرت المحاكمة في شخص رئيس ##ها محمد النور ##ي [MASK] [MASK] إن " التهم ##ة [MASK] ##ة ، [MASK] [MASK] [MASK] [MASK] أي أساس واقع ##ي أو [MASK] " . [SEP]
I1024 01:15:52.772220 47938684769344 create_pretraining_data.py:151] tokens: [CLS] كما أنه يقدم رصد ##ا لم ##كونا ##ت سوق التقنيات [MASK] مثل “ واي ماكس ” ، [MASK] تلفزيون الإنترنت ( IPTV ) ، تقنية شبكات الصوت عبر بروتوكول الإنترنت ( V ##o ##IP ) . [SEP] منظمة " حرية وإن ##صاف " للدفاع عن حقوق الإنسان ، التي حضرت المحاكمة في شخص رئيس ##ها محمد النور ##ي [MASK] [MASK] إن " التهم ##ة [MASK] ##ة ، [MASK] [MASK] [MASK] [MASK] أي أساس واقع ##ي أو [MASK] " . [SEP]
INFO:tensorflow:input_ids: 2 2306 2590 5234 10323 1007 2043 29007 1005 3689 14417 4 2546 621 6363 9796 622 378 4 12637 5865 12 25646 13 378 8072 13524 5584 2830 22607 5865 12 58 1051 17638 13 18 3 6186 6 10412 3352 12149 6 13225 1955 3902 4005 378 2061 20834 21758 1912 2489 2426 1913 2202 5990 1013 4 4 2259 6 21215 1043 4 1043 378 4 4 4 4 2235 7720 6422 1013 2075 4 6 18 3 0 0 0 0 0 0 0 0 0 0 0 0 0 0 0 0 0 0 0 0 0 0 0 0 0 0 0 0 0 0 0 0 0 0 0 0 0 0 0 0 0 0 0 0 0 0 0
I1024 01:15:52.772483 47938684769344 create_pretraining_data.py:161] input_ids: 2 2306 2590 5234 10323 1007 2043 29007 1005 3689 14417 4 2546 621 6363 9796 622 378 4 12637 5865 12 25646 13 378 8072 13524 5584 2830 22607 5865 12 58 1051 17638 13 18 3 6186 6 10412 3352 12149 6 13225 1955 3902 4005 378 2061 20834 21758 1912 2489 2426 1913 2202 5990 1013 4 4 2259 6 21215 1043 4 1043 378 4 4 4 4 2235 7720 6422 1013 2075 4 6 18 3 0 0 0 0 0 0 0 0 0 0 0 0 0 0 0 0 0 0 0 0 0 0 0 0 0 0 0 0 0 0 0 0 0 0 0 0 0 0 0 0 0 0 0 0 0 0 0
INFO:tensorflow:input_mask: 1 1 1 1 1 1 1 1 1 1 1 1 1 1 1 1 1 1 1 1 1 1 1 1 1 1 1 1 1 1 1 1 1 1 1 1 1 1 1 1 1 1 1 1 1 1 1 1 1 1 1 1 1 1 1 1 1 1 1 1 1 1 1 1 1 1 1 1 1 1 1 1 1 1 1 1 1 1 1 1 1 0 0 0 0 0 0 0 0 0 0 0 0 0 0 0 0 0 0 0 0 0 0 0 0 0 0 0 0 0 0 0 0 0 0 0 0 0 0 0 0 0 0 0 0 0 0 0
I1024 01:15:52.772747 47938684769344 create_pretraining_data.py:161] input_mask: 1 1 1 1 1 1 1 1 1 1 1 1 1 1 1 1 1 1 1 1 1 1 1 1 1 1 1 1 1 1 1 1 1 1 1 1 1 1 1 1 1 1 1 1 1 1 1 1 1 1 1 1 1 1 1 1 1 1 1 1 1 1 1 1 1 1 1 1 1 1 1 1 1 1 1 1 1 1 1 1 1 0 0 0 0 0 0 0 0 0 0 0 0 0 0 0 0 0 0 0 0 0 0 0 0 0 0 0 0 0 0 0 0 0 0 0 0 0 0 0 0 0 0 0 0 0 0 0
INFO:tensorflow:segment_ids: 0 0 0 0 0 0 0 0 0 0 0 0 0 0 0 0 0 0 0 0 0 0 0 0 0 0 0 0 0 0 0 0 0 0 0 0 0 0 1 1 1 1 1 1 1 1 1 1 1 1 1 1 1 1 1 1 1 1 1 1 1 1 1 1 1 1 1 1 1 1 1 1 1 1 1 1 1 1 1 1 1 0 0 0 0 0 0 0 0 0 0 0 0 0 0 0 0 0 0 0 0 0 0 0 0 0 0 0 0 0 0 0 0 0 0 0 0 0 0 0 0 0 0 0 0 0 0 0
I1024 01:15:52.772986 47938684769344 create_pretraining_data.py:161] segment_ids: 0 0 0 0 0 0 0 0 0 0 0 0 0 0 0 0 0 0 0 0 0 0 0 0 0 0 0 0 0 0 0 0 0 0 0 0 0 0 1 1 1 1 1 1 1 1 1 1 1 1 1 1 1 1 1 1 1 1 1 1 1 1 1 1 1 1 1 1 1 1 1 1 1 1 1 1 1 1 1 1 1 0 0 0 0 0 0 0 0 0 0 0 0 0 0 0 0 0 0 0 0 0 0 0 0 0 0 0 0 0 0 0 0 0 0 0 0 0 0 0 0 0 0 0 0 0 0 0
INFO:tensorflow:masked_lm_positions: 11 18 56 59 60 65 66 68 69 70 71 77 0 0 0 0 0 0 0 0
I1024 01:15:52.773162 47938684769344 create_pretraining_data.py:161] masked_lm_positions: 11 18 56 59 60 65 66 68 69 70 71 77 0 0 0 0 0 0 0 0
INFO:tensorflow:masked_lm_ids: 7790 22607 2202 378 4508 5278 1043 2086 2558 2196 2045 16473 0 0 0 0 0 0 0 0
I1024 01:15:52.773330 47938684769344 create_pretraining_data.py:161] masked_lm_ids: 7790 22607 2202 378 4508 5278 1043 2086 2558 2196 2045 16473 0 0 0 0 0 0 0 0
INFO:tensorflow:masked_lm_weights: 1.0 1.0 1.0 1.0 1.0 1.0 1.0 1.0 1.0 1.0 1.0 1.0 0.0 0.0 0.0 0.0 0.0 0.0 0.0 0.0
I1024 01:15:52.773502 47938684769344 create_pretraining_data.py:161] masked_lm_weights: 1.0 1.0 1.0 1.0 1.0 1.0 1.0 1.0 1.0 1.0 1.0 1.0 0.0 0.0 0.0 0.0 0.0 0.0 0.0 0.0
INFO:tensorflow:next_sentence_labels: 1
I1024 01:15:52.773657 47938684769344 create_pretraining_data.py:161] next_sentence_labels: 1
INFO:tensorflow:*** Example ***
I1024 01:15:52.774608 47938684769344 create_pretraining_data.py:149] *** Example ***
INFO:tensorflow:tokens: [CLS] في خمس نقاط : [MASK] أول ##ويات وزارة الثقافة و المحافظة على التراث ؟ [SEP] لذا [MASK] هناك [MASK] [MASK] صيف 2010 رحلات جوية انطلاقا من مطار نان ##ت ( N ##ant ##es ) نحو جرب ##ة بوت ##يرة ثلاث [MASK] أسبوع ##ية ونحو [MASK] الو ##تي ##رة نزلاء [SEP]
I1024 01:15:52.774816 47938684769344 create_pretraining_data.py:151] tokens: [CLS] في خمس نقاط : [MASK] أول ##ويات وزارة الثقافة و المحافظة على التراث ؟ [SEP] لذا [MASK] هناك [MASK] [MASK] صيف 2010 رحلات جوية انطلاقا من مطار نان ##ت ( N ##ant ##es ) نحو جرب ##ة بوت ##يرة ثلاث [MASK] أسبوع ##ية ونحو [MASK] الو ##تي ##رة نزلاء [SEP]
INFO:tensorflow:input_ids: 2 1912 5169 6509 30 4 3399 4318 3433 5788 415 7128 1961 7831 380 3 5432 4 2671 4 4 16093 5190 11006 21462 17380 1908 2639 19846 1005 12 50 17628 2913 13 3487 12530 1043 5965 2208 2917 4 5605 1910 23830 4 2009 2005 2037 18009 3 0 0 0 0 0 0 0 0 0 0 0 0 0 0 0 0 0 0 0 0 0 0 0 0 0 0 0 0 0 0 0 0 0 0 0 0 0 0 0 0 0 0 0 0 0 0 0 0 0 0 0 0 0 0 0 0 0 0 0 0 0 0 0 0 0 0 0 0 0 0 0 0 0 0 0 0 0
I1024 01:15:52.775058 47938684769344 create_pretraining_data.py:161] input_ids: 2 1912 5169 6509 30 4 3399 4318 3433 5788 415 7128 1961 7831 380 3 5432 4 2671 4 4 16093 5190 11006 21462 17380 1908 2639 19846 1005 12 50 17628 2913 13 3487 12530 1043 5965 2208 2917 4 5605 1910 23830 4 2009 2005 2037 18009 3 0 0 0 0 0 0 0 0 0 0 0 0 0 0 0 0 0 0 0 0 0 0 0 0 0 0 0 0 0 0 0 0 0 0 0 0 0 0 0 0 0 0 0 0 0 0 0 0 0 0 0 0 0 0 0 0 0 0 0 0 0 0 0 0 0 0 0 0 0 0 0 0 0 0 0 0 0
INFO:tensorflow:input_mask: 1 1 1 1 1 1 1 1 1 1 1 1 1 1 1 1 1 1 1 1 1 1 1 1 1 1 1 1 1 1 1 1 1 1 1 1 1 1 1 1 1 1 1 1 1 1 1 1 1 1 1 0 0 0 0 0 0 0 0 0 0 0 0 0 0 0 0 0 0 0 0 0 0 0 0 0 0 0 0 0 0 0 0 0 0 0 0 0 0 0 0 0 0 0 0 0 0 0 0 0 0 0 0 0 0 0 0 0 0 0 0 0 0 0 0 0 0 0 0 0 0 0 0 0 0 0 0 0
I1024 01:15:52.775296 47938684769344 create_pretraining_data.py:161] input_mask: 1 1 1 1 1 1 1 1 1 1 1 1 1 1 1 1 1 1 1 1 1 1 1 1 1 1 1 1 1 1 1 1 1 1 1 1 1 1 1 1 1 1 1 1 1 1 1 1 1 1 1 0 0 0 0 0 0 0 0 0 0 0 0 0 0 0 0 0 0 0 0 0 0 0 0 0 0 0 0 0 0 0 0 0 0 0 0 0 0 0 0 0 0 0 0 0 0 0 0 0 0 0 0 0 0 0 0 0 0 0 0 0 0 0 0 0 0 0 0 0 0 0 0 0 0 0 0 0
INFO:tensorflow:segment_ids: 0 0 0 0 0 0 0 0 0 0 0 0 0 0 0 0 1 1 1 1 1 1 1 1 1 1 1 1 1 1 1 1 1 1 1 1 1 1 1 1 1 1 1 1 1 1 1 1 1 1 1 0 0 0 0 0 0 0 0 0 0 0 0 0 0 0 0 0 0 0 0 0 0 0 0 0 0 0 0 0 0 0 0 0 0 0 0 0 0 0 0 0 0 0 0 0 0 0 0 0 0 0 0 0 0 0 0 0 0 0 0 0 0 0 0 0 0 0 0 0 0 0 0 0 0 0 0 0
I1024 01:15:52.775503 47938684769344 create_pretraining_data.py:161] segment_ids: 0 0 0 0 0 0 0 0 0 0 0 0 0 0 0 0 1 1 1 1 1 1 1 1 1 1 1 1 1 1 1 1 1 1 1 1 1 1 1 1 1 1 1 1 1 1 1 1 1 1 1 0 0 0 0 0 0 0 0 0 0 0 0 0 0 0 0 0 0 0 0 0 0 0 0 0 0 0 0 0 0 0 0 0 0 0 0 0 0 0 0 0 0 0 0 0 0 0 0 0 0 0 0 0 0 0 0 0 0 0 0 0 0 0 0 0 0 0 0 0 0 0 0 0 0 0 0 0
INFO:tensorflow:masked_lm_positions: 5 10 17 19 20 41 45 49 0 0 0 0 0 0 0 0 0 0 0 0
I1024 01:15:52.775659 47938684769344 create_pretraining_data.py:161] masked_lm_positions: 5 10 17 19 20 41 45 49 0 0 0 0 0 0 0 0 0 0 0 0
INFO:tensorflow:masked_lm_ids: 8532 415 4557 11587 1908 11006 4058 18 0 0 0 0 0 0 0 0 0 0 0 0
I1024 01:15:52.775811 47938684769344 create_pretraining_data.py:161] masked_lm_ids: 8532 415 4557 11587 1908 11006 4058 18 0 0 0 0 0 0 0 0 0 0 0 0
INFO:tensorflow:masked_lm_weights: 1.0 1.0 1.0 1.0 1.0 1.0 1.0 1.0 0.0 0.0 0.0 0.0 0.0 0.0 0.0 0.0 0.0 0.0 0.0 0.0
I1024 01:15:52.775972 47938684769344 create_pretraining_data.py:161] masked_lm_weights: 1.0 1.0 1.0 1.0 1.0 1.0 1.0 1.0 0.0 0.0 0.0 0.0 0.0 0.0 0.0 0.0 0.0 0.0 0.0 0.0
INFO:tensorflow:next_sentence_labels: 1
I1024 01:15:52.776115 47938684769344 create_pretraining_data.py:161] next_sentence_labels: 1
INFO:tensorflow:*** Example ***
I1024 01:15:52.777023 47938684769344 create_pretraining_data.py:149] *** Example ***
INFO:tensorflow:tokens: [CLS] من هذه القضايا [MASK] كانت على [MASK] محل رفض من طرف [MASK] ، وظل ##ت عرضة لمحا ##ولات [MASK] [MASK] أي الكاريبي للن ##يل منها ومن [MASK] [MASK] ، لكن الحمد لله ، الدبلوماسية بقيت هادئة وقد أثبتت [MASK] كذب [MASK] [MASK] " . [SEP] لأن أوباما يمتلك من [MASK] والف ##طنة ما يجعله يب ##صر ما يغيب عن نظر خص ##ومه فلقد فهم أولا أن المجتمع الأمريكي يزداد تن ##وعا كل يوم ولم يعد ذلك المجتمع التقليدي المق ##سم بين بيض وس ##ود وبين [MASK] بيري أصل ##يين ومه ##اجر ##ين من أمريكا اللاتينية . [SEP]
I1024 01:15:52.777251 47938684769344 create_pretraining_data.py:151] tokens: [CLS] من هذه القضايا [MASK] كانت على [MASK] محل رفض من طرف [MASK] ، وظل ##ت عرضة لمحا ##ولات [MASK] [MASK] أي الكاريبي للن ##يل منها ومن [MASK] [MASK] ، لكن الحمد لله ، الدبلوماسية بقيت هادئة وقد أثبتت [MASK] كذب [MASK] [MASK] " . [SEP] لأن أوباما يمتلك من [MASK] والف ##طنة ما يجعله يب ##صر ما يغيب عن نظر خص ##ومه فلقد فهم أولا أن المجتمع الأمريكي يزداد تن ##وعا كل يوم ولم يعد ذلك المجتمع التقليدي المق ##سم بين بيض وس ##ود وبين [MASK] بيري أصل ##يين ومه ##اجر ##ين من أمريكا اللاتينية . [SEP]
INFO:tensorflow:input_ids: 2 1908 2159 7811 4 2431 1961 4 7040 4898 1908 5488 4 378 26477 1005 21266 17787 3690 4 4 2235 26069 3484 2027 2813 2298 4 4 378 2425 2807 2784 378 17670 12839 28264 2585 21688 4 11869 4 4 6 18 3 3034 12287 11386 1908 4 3227 14848 1972 19890 2888 2065 1972 13372 1955 4461 3624 4044 25045 4881 5918 1979 3409 5939 18181 2245 6493 2038 2232 2743 4544 2271 3409 17722 3586 1984 2117 12096 2138 1993 3944 4 11425 8121 3176 13786 6319 1911 1908 8504 24348 18 3 0 0 0 0 0 0 0 0 0 0 0 0 0 0 0 0 0 0 0 0 0 0 0 0 0 0 0 0 0 0
I1024 01:15:52.777504 47938684769344 create_pretraining_data.py:161] input_ids: 2 1908 2159 7811 4 2431 1961 4 7040 4898 1908 5488 4 378 26477 1005 21266 17787 3690 4 4 2235 26069 3484 2027 2813 2298 4 4 378 2425 2807 2784 378 17670 12839 28264 2585 21688 4 11869 4 4 6 18 3 3034 12287 11386 1908 4 3227 14848 1972 19890 2888 2065 1972 13372 1955 4461 3624 4044 25045 4881 5918 1979 3409 5939 18181 2245 6493 2038 2232 2743 4544 2271 3409 17722 3586 1984 2117 12096 2138 1993 3944 4 11425 8121 3176 13786 6319 1911 1908 8504 24348 18 3 0 0 0 0 0 0 0 0 0 0 0 0 0 0 0 0 0 0 0 0 0 0 0 0 0 0 0 0 0 0
INFO:tensorflow:input_mask: 1 1 1 1 1 1 1 1 1 1 1 1 1 1 1 1 1 1 1 1 1 1 1 1 1 1 1 1 1 1 1 1 1 1 1 1 1 1 1 1 1 1 1 1 1 1 1 1 1 1 1 1 1 1 1 1 1 1 1 1 1 1 1 1 1 1 1 1 1 1 1 1 1 1 1 1 1 1 1 1 1 1 1 1 1 1 1 1 1 1 1 1 1 1 1 1 1 1 0 0 0 0 0 0 0 0 0 0 0 0 0 0 0 0 0 0 0 0 0 0 0 0 0 0 0 0 0 0
I1024 01:15:52.777726 47938684769344 create_pretraining_data.py:161] input_mask: 1 1 1 1 1 1 1 1 1 1 1 1 1 1 1 1 1 1 1 1 1 1 1 1 1 1 1 1 1 1 1 1 1 1 1 1 1 1 1 1 1 1 1 1 1 1 1 1 1 1 1 1 1 1 1 1 1 1 1 1 1 1 1 1 1 1 1 1 1 1 1 1 1 1 1 1 1 1 1 1 1 1 1 1 1 1 1 1 1 1 1 1 1 1 1 1 1 1 0 0 0 0 0 0 0 0 0 0 0 0 0 0 0 0 0 0 0 0 0 0 0 0 0 0 0 0 0 0
INFO:tensorflow:segment_ids: 0 0 0 0 0 0 0 0 0 0 0 0 0 0 0 0 0 0 0 0 0 0 0 0 0 0 0 0 0 0 0 0 0 0 0 0 0 0 0 0 0 0 0 0 0 0 1 1 1 1 1 1 1 1 1 1 1 1 1 1 1 1 1 1 1 1 1 1 1 1 1 1 1 1 1 1 1 1 1 1 1 1 1 1 1 1 1 1 1 1 1 1 1 1 1 1 1 1 0 0 0 0 0 0 0 0 0 0 0 0 0 0 0 0 0 0 0 0 0 0 0 0 0 0 0 0 0 0
I1024 01:15:52.777931 47938684769344 create_pretraining_data.py:161] segment_ids: 0 0 0 0 0 0 0 0 0 0 0 0 0 0 0 0 0 0 0 0 0 0 0 0 0 0 0 0 0 0 0 0 0 0 0 0 0 0 0 0 0 0 0 0 0 0 1 1 1 1 1 1 1 1 1 1 1 1 1 1 1 1 1 1 1 1 1 1 1 1 1 1 1 1 1 1 1 1 1 1 1 1 1 1 1 1 1 1 1 1 1 1 1 1 1 1 1 1 0 0 0 0 0 0 0 0 0 0 0 0 0 0 0 0 0 0 0 0 0 0 0 0 0 0 0 0 0 0
INFO:tensorflow:masked_lm_positions: 4 5 7 12 19 20 22 27 28 39 41 42 50 86 87 0 0 0 0 0
I1024 01:15:52.778095 47938684769344 create_pretraining_data.py:161] masked_lm_positions: 4 5 7 12 19 20 22 27 28 39 41 42 50 86 87 0 0 0 0 0
INFO:tensorflow:masked_lm_ids: 6 2431 15449 17360 2558 3848 6549 8080 1913 6995 3041 20389 15878 14298 1911 0 0 0 0 0
I1024 01:15:52.778245 47938684769344 create_pretraining_data.py:161] masked_lm_ids: 6 2431 15449 17360 2558 3848 6549 8080 1913 6995 3041 20389 15878 14298 1911 0 0 0 0 0
INFO:tensorflow:masked_lm_weights: 1.0 1.0 1.0 1.0 1.0 1.0 1.0 1.0 1.0 1.0 1.0 1.0 1.0 1.0 1.0 0.0 0.0 0.0 0.0 0.0
I1024 01:15:52.778398 47938684769344 create_pretraining_data.py:161] masked_lm_weights: 1.0 1.0 1.0 1.0 1.0 1.0 1.0 1.0 1.0 1.0 1.0 1.0 1.0 1.0 1.0 0.0 0.0 0.0 0.0 0.0
INFO:tensorflow:next_sentence_labels: 1
I1024 01:15:52.778537 47938684769344 create_pretraining_data.py:161] next_sentence_labels: 1
INFO:tensorflow:*** Example ***
I1024 01:15:52.779409 47938684769344 create_pretraining_data.py:149] *** Example ***
INFO:tensorflow:tokens: [CLS] كما على مكونات المجتمع المدني وبقي ##ة الجسم السياسي أن يبت ##عدوا عن توظيف إض ##راب ##ات الجوع [MASK] الحسابات السياسية [MASK] نت ##فاد ##ى [MASK] تعقد ##يات لا يمكن لأي أن يقبل بها [MASK] [MASK] . [SEP] قف ##صة 5 افر ##يل 2011 ( وات ) - تجدد ##ت يوم الثلاثاء بمدينة المضي ##لة [MASK] لولاية [MASK] العنف [MASK] [MASK] التي [MASK] اندلعت بين مجموعات من أهالي نفس ليلة الأحد الماضي . [SEP]
I1024 01:15:52.779623 47938684769344 create_pretraining_data.py:151] tokens: [CLS] كما على مكونات المجتمع المدني وبقي ##ة الجسم السياسي أن يبت ##عدوا عن توظيف إض ##راب ##ات الجوع [MASK] الحسابات السياسية [MASK] نت ##فاد ##ى [MASK] تعقد ##يات لا يمكن لأي أن يقبل بها [MASK] [MASK] . [SEP] قف ##صة 5 افر ##يل 2011 ( وات ) - تجدد ##ت يوم الثلاثاء بمدينة المضي ##لة [MASK] لولاية [MASK] العنف [MASK] [MASK] التي [MASK] اندلعت بين مجموعات من أهالي نفس ليلة الأحد الماضي . [SEP]
INFO:tensorflow:input_ids: 2 2306 1961 17706 3409 4990 20535 1043 6223 4254 1979 9476 23248 1955 9347 13168 3211 1904 12807 4 10689 4004 4 2682 10547 1102 4 16779 2066 1963 2490 8833 1979 8928 2459 4 4 18 3 14292 2692 25 22023 2027 4817 12 2655 13 17 19886 1005 2232 4238 8020 19584 2035 4 28879 4 7445 4 4 2061 4 29618 2117 12746 1908 14682 2339 7393 5557 3274 18 3 0 0 0 0 0 0 0 0 0 0 0 0 0 0 0 0 0 0 0 0 0 0 0 0 0 0 0 0 0 0 0 0 0 0 0 0 0 0 0 0 0 0 0 0 0 0 0 0 0 0 0 0 0
I1024 01:15:52.779876 47938684769344 create_pretraining_data.py:161] input_ids: 2 2306 1961 17706 3409 4990 20535 1043 6223 4254 1979 9476 23248 1955 9347 13168 3211 1904 12807 4 10689 4004 4 2682 10547 1102 4 16779 2066 1963 2490 8833 1979 8928 2459 4 4 18 3 14292 2692 25 22023 2027 4817 12 2655 13 17 19886 1005 2232 4238 8020 19584 2035 4 28879 4 7445 4 4 2061 4 29618 2117 12746 1908 14682 2339 7393 5557 3274 18 3 0 0 0 0 0 0 0 0 0 0 0 0 0 0 0 0 0 0 0 0 0 0 0 0 0 0 0 0 0 0 0 0 0 0 0 0 0 0 0 0 0 0 0 0 0 0 0 0 0 0 0 0 0
INFO:tensorflow:input_mask: 1 1 1 1 1 1 1 1 1 1 1 1 1 1 1 1 1 1 1 1 1 1 1 1 1 1 1 1 1 1 1 1 1 1 1 1 1 1 1 1 1 1 1 1 1 1 1 1 1 1 1 1 1 1 1 1 1 1 1 1 1 1 1 1 1 1 1 1 1 1 1 1 1 1 1 0 0 0 0 0 0 0 0 0 0 0 0 0 0 0 0 0 0 0 0 0 0 0 0 0 0 0 0 0 0 0 0 0 0 0 0 0 0 0 0 0 0 0 0 0 0 0 0 0 0 0 0 0
I1024 01:15:52.780104 47938684769344 create_pretraining_data.py:161] input_mask: 1 1 1 1 1 1 1 1 1 1 1 1 1 1 1 1 1 1 1 1 1 1 1 1 1 1 1 1 1 1 1 1 1 1 1 1 1 1 1 1 1 1 1 1 1 1 1 1 1 1 1 1 1 1 1 1 1 1 1 1 1 1 1 1 1 1 1 1 1 1 1 1 1 1 1 0 0 0 0 0 0 0 0 0 0 0 0 0 0 0 0 0 0 0 0 0 0 0 0 0 0 0 0 0 0 0 0 0 0 0 0 0 0 0 0 0 0 0 0 0 0 0 0 0 0 0 0 0
INFO:tensorflow:segment_ids: 0 0 0 0 0 0 0 0 0 0 0 0 0 0 0 0 0 0 0 0 0 0 0 0 0 0 0 0 0 0 0 0 0 0 0 0 0 0 0 1 1 1 1 1 1 1 1 1 1 1 1 1 1 1 1 1 1 1 1 1 1 1 1 1 1 1 1 1 1 1 1 1 1 1 1 0 0 0 0 0 0 0 0 0 0 0 0 0 0 0 0 0 0 0 0 0 0 0 0 0 0 0 0 0 0 0 0 0 0 0 0 0 0 0 0 0 0 0 0 0 0 0 0 0 0 0 0 0
I1024 01:15:52.780308 47938684769344 create_pretraining_data.py:161] segment_ids: 0 0 0 0 0 0 0 0 0 0 0 0 0 0 0 0 0 0 0 0 0 0 0 0 0 0 0 0 0 0 0 0 0 0 0 0 0 0 0 1 1 1 1 1 1 1 1 1 1 1 1 1 1 1 1 1 1 1 1 1 1 1 1 1 1 1 1 1 1 1 1 1 1 1 1 0 0 0 0 0 0 0 0 0 0 0 0 0 0 0 0 0 0 0 0 0 0 0 0 0 0 0 0 0 0 0 0 0 0 0 0 0 0 0 0 0 0 0 0 0 0 0 0 0 0 0 0 0
INFO:tensorflow:masked_lm_positions: 19 22 26 35 36 56 58 60 61 63 66 0 0 0 0 0 0 0 0 0
I1024 01:15:52.780463 47938684769344 create_pretraining_data.py:161] masked_lm_positions: 19 22 26 35 36 56 58 60 61 63 66 0 0 0 0 0 0 0 0 0
INFO:tensorflow:masked_lm_ids: 1912 2494 11443 2089 6526 6953 4828 3227 12386 2431 12746 0 0 0 0 0 0 0 0 0
I1024 01:15:52.780614 47938684769344 create_pretraining_data.py:161] masked_lm_ids: 1912 2494 11443 2089 6526 6953 4828 3227 12386 2431 12746 0 0 0 0 0 0 0 0 0
INFO:tensorflow:masked_lm_weights: 1.0 1.0 1.0 1.0 1.0 1.0 1.0 1.0 1.0 1.0 1.0 0.0 0.0 0.0 0.0 0.0 0.0 0.0 0.0 0.0
I1024 01:15:52.780769 47938684769344 create_pretraining_data.py:161] masked_lm_weights: 1.0 1.0 1.0 1.0 1.0 1.0 1.0 1.0 1.0 1.0 1.0 0.0 0.0 0.0 0.0 0.0 0.0 0.0 0.0 0.0
INFO:tensorflow:next_sentence_labels: 1
I1024 01:15:52.780931 47938684769344 create_pretraining_data.py:161] next_sentence_labels: 1
INFO:tensorflow:*** Example ***
I1024 01:15:52.781774 47938684769344 create_pretraining_data.py:149] *** Example ***
INFO:tensorflow:tokens: [CLS] منذ [MASK] التاريخ لم تعد الحركة [MASK] على [MASK] السياسية المحلية والإ ##قليمية و حتى العالمية . [SEP] منص ##ف الز ##اهي وعب ##يد البريك [MASK] ومحمد سعد والم ##ولد ##ي . [SEP]
I1024 01:15:52.781974 47938684769344 create_pretraining_data.py:151] tokens: [CLS] منذ [MASK] التاريخ لم تعد الحركة [MASK] على [MASK] السياسية المحلية والإ ##قليمية و حتى العالمية . [SEP] منص ##ف الز ##اهي وعب ##يد البريك [MASK] ومحمد سعد والم ##ولد ##ي . [SEP]
INFO:tensorflow:input_ids: 2 2837 4 3414 2043 4613 6045 4 1961 4 4004 5223 2958 9110 415 2494 3842 18 3 10156 1037 2194 9205 16635 1983 27759 4 8307 4014 2119 3837 1013 18 3 0 0 0 0 0 0 0 0 0 0 0 0 0 0 0 0 0 0 0 0 0 0 0 0 0 0 0 0 0 0 0 0 0 0 0 0 0 0 0 0 0 0 0 0 0 0 0 0 0 0 0 0 0 0 0 0 0 0 0 0 0 0 0 0 0 0 0 0 0 0 0 0 0 0 0 0 0 0 0 0 0 0 0 0 0 0 0 0 0 0 0 0 0 0
I1024 01:15:52.782206 47938684769344 create_pretraining_data.py:161] input_ids: 2 2837 4 3414 2043 4613 6045 4 1961 4 4004 5223 2958 9110 415 2494 3842 18 3 10156 1037 2194 9205 16635 1983 27759 4 8307 4014 2119 3837 1013 18 3 0 0 0 0 0 0 0 0 0 0 0 0 0 0 0 0 0 0 0 0 0 0 0 0 0 0 0 0 0 0 0 0 0 0 0 0 0 0 0 0 0 0 0 0 0 0 0 0 0 0 0 0 0 0 0 0 0 0 0 0 0 0 0 0 0 0 0 0 0 0 0 0 0 0 0 0 0 0 0 0 0 0 0 0 0 0 0 0 0 0 0 0 0 0
INFO:tensorflow:input_mask: 1 1 1 1 1 1 1 1 1 1 1 1 1 1 1 1 1 1 1 1 1 1 1 1 1 1 1 1 1 1 1 1 1 1 0 0 0 0 0 0 0 0 0 0 0 0 0 0 0 0 0 0 0 0 0 0 0 0 0 0 0 0 0 0 0 0 0 0 0 0 0 0 0 0 0 0 0 0 0 0 0 0 0 0 0 0 0 0 0 0 0 0 0 0 0 0 0 0 0 0 0 0 0 0 0 0 0 0 0 0 0 0 0 0 0 0 0 0 0 0 0 0 0 0 0 0 0 0
I1024 01:15:52.782421 47938684769344 create_pretraining_data.py:161] input_mask: 1 1 1 1 1 1 1 1 1 1 1 1 1 1 1 1 1 1 1 1 1 1 1 1 1 1 1 1 1 1 1 1 1 1 0 0 0 0 0 0 0 0 0 0 0 0 0 0 0 0 0 0 0 0 0 0 0 0 0 0 0 0 0 0 0 0 0 0 0 0 0 0 0 0 0 0 0 0 0 0 0 0 0 0 0 0 0 0 0 0 0 0 0 0 0 0 0 0 0 0 0 0 0 0 0 0 0 0 0 0 0 0 0 0 0 0 0 0 0 0 0 0 0 0 0 0 0 0
INFO:tensorflow:segment_ids: 0 0 0 0 0 0 0 0 0 0 0 0 0 0 0 0 0 0 0 1 1 1 1 1 1 1 1 1 1 1 1 1 1 1 0 0 0 0 0 0 0 0 0 0 0 0 0 0 0 0 0 0 0 0 0 0 0 0 0 0 0 0 0 0 0 0 0 0 0 0 0 0 0 0 0 0 0 0 0 0 0 0 0 0 0 0 0 0 0 0 0 0 0 0 0 0 0 0 0 0 0 0 0 0 0 0 0 0 0 0 0 0 0 0 0 0 0 0 0 0 0 0 0 0 0 0 0 0
I1024 01:15:52.782627 47938684769344 create_pretraining_data.py:161] segment_ids: 0 0 0 0 0 0 0 0 0 0 0 0 0 0 0 0 0 0 0 1 1 1 1 1 1 1 1 1 1 1 1 1 1 1 0 0 0 0 0 0 0 0 0 0 0 0 0 0 0 0 0 0 0 0 0 0 0 0 0 0 0 0 0 0 0 0 0 0 0 0 0 0 0 0 0 0 0 0 0 0 0 0 0 0 0 0 0 0 0 0 0 0 0 0 0 0 0 0 0 0 0 0 0 0 0 0 0 0 0 0 0 0 0 0 0 0 0 0 0 0 0 0 0 0 0 0 0 0
INFO:tensorflow:masked_lm_positions: 2 7 9 25 26 0 0 0 0 0 0 0 0 0 0 0 0 0 0 0
I1024 01:15:52.782785 47938684769344 create_pretraining_data.py:161] masked_lm_positions: 2 7 9 25 26 0 0 0 0 0 0 0 0 0 0 0 0 0 0 0
INFO:tensorflow:masked_lm_ids: 2085 24507 9687 27759 1013 0 0 0 0 0 0 0 0 0 0 0 0 0 0 0
I1024 01:15:52.782937 47938684769344 create_pretraining_data.py:161] masked_lm_ids: 2085 24507 9687 27759 1013 0 0 0 0 0 0 0 0 0 0 0 0 0 0 0
INFO:tensorflow:masked_lm_weights: 1.0 1.0 1.0 1.0 1.0 0.0 0.0 0.0 0.0 0.0 0.0 0.0 0.0 0.0 0.0 0.0 0.0 0.0 0.0 0.0
I1024 01:15:52.783103 47938684769344 create_pretraining_data.py:161] masked_lm_weights: 1.0 1.0 1.0 1.0 1.0 0.0 0.0 0.0 0.0 0.0 0.0 0.0 0.0 0.0 0.0 0.0 0.0 0.0 0.0 0.0
INFO:tensorflow:next_sentence_labels: 1
I1024 01:15:52.783244 47938684769344 create_pretraining_data.py:161] next_sentence_labels: 1
INFO:tensorflow:*** Example ***
I1024 01:15:52.784086 47938684769344 create_pretraining_data.py:149] *** Example ***
INFO:tensorflow:tokens: [CLS] [MASK] اطلع سيادة الرئيس على مدى التقدم في إنجاز الدراسات الاستراتيجية التي تتابع ##ها الوزارة وخاصة منها دراسة [MASK] نشاط نقل الخدمات خارج بلد المنش ##إ [MASK] [MASK] [MASK] منظومة مكن [MASK] للتح ##ول . [SEP] كنا في كرب عظيم ، لكني مع ذلك كنت مشغول ##ا به ##80 [SEP]
I1024 01:15:52.784289 47938684769344 create_pretraining_data.py:151] tokens: [CLS] [MASK] اطلع سيادة الرئيس على مدى التقدم في إنجاز الدراسات الاستراتيجية التي تتابع ##ها الوزارة وخاصة منها دراسة [MASK] نشاط نقل الخدمات خارج بلد المنش ##إ [MASK] [MASK] [MASK] منظومة مكن [MASK] للتح ##ول . [SEP] كنا في كرب عظيم ، لكني مع ذلك كنت مشغول ##ا به ##80 [SEP]
INFO:tensorflow:input_ids: 2 4 11014 17234 2554 1961 5638 9304 1912 10435 6481 12184 2061 17991 1913 6564 8478 2813 6604 4 6611 3890 4922 3830 3373 4806 1080 4 4 4 15047 18406 4 7200 1940 18 3 5500 1912 8977 5182 378 15296 1973 2271 2678 20406 1007 2249 5326 3 0 0 0 0 0 0 0 0 0 0 0 0 0 0 0 0 0 0 0 0 0 0 0 0 0 0 0 0 0 0 0 0 0 0 0 0 0 0 0 0 0 0 0 0 0 0 0 0 0 0 0 0 0 0 0 0 0 0 0 0 0 0 0 0 0 0 0 0 0 0 0 0 0 0 0 0 0
I1024 01:15:52.784529 47938684769344 create_pretraining_data.py:161] input_ids: 2 4 11014 17234 2554 1961 5638 9304 1912 10435 6481 12184 2061 17991 1913 6564 8478 2813 6604 4 6611 3890 4922 3830 3373 4806 1080 4 4 4 15047 18406 4 7200 1940 18 3 5500 1912 8977 5182 378 15296 1973 2271 2678 20406 1007 2249 5326 3 0 0 0 0 0 0 0 0 0 0 0 0 0 0 0 0 0 0 0 0 0 0 0 0 0 0 0 0 0 0 0 0 0 0 0 0 0 0 0 0 0 0 0 0 0 0 0 0 0 0 0 0 0 0 0 0 0 0 0 0 0 0 0 0 0 0 0 0 0 0 0 0 0 0 0 0 0
INFO:tensorflow:input_mask: 1 1 1 1 1 1 1 1 1 1 1 1 1 1 1 1 1 1 1 1 1 1 1 1 1 1 1 1 1 1 1 1 1 1 1 1 1 1 1 1 1 1 1 1 1 1 1 1 1 1 1 0 0 0 0 0 0 0 0 0 0 0 0 0 0 0 0 0 0 0 0 0 0 0 0 0 0 0 0 0 0 0 0 0 0 0 0 0 0 0 0 0 0 0 0 0 0 0 0 0 0 0 0 0 0 0 0 0 0 0 0 0 0 0 0 0 0 0 0 0 0 0 0 0 0 0 0 0
I1024 01:15:52.784698 47938684769344 create_pretraining_data.py:161] input_mask: 1 1 1 1 1 1 1 1 1 1 1 1 1 1 1 1 1 1 1 1 1 1 1 1 1 1 1 1 1 1 1 1 1 1 1 1 1 1 1 1 1 1 1 1 1 1 1 1 1 1 1 0 0 0 0 0 0 0 0 0 0 0 0 0 0 0 0 0 0 0 0 0 0 0 0 0 0 0 0 0 0 0 0 0 0 0 0 0 0 0 0 0 0 0 0 0 0 0 0 0 0 0 0 0 0 0 0 0 0 0 0 0 0 0 0 0 0 0 0 0 0 0 0 0 0 0 0 0
INFO:tensorflow:segment_ids: 0 0 0 0 0 0 0 0 0 0 0 0 0 0 0 0 0 0 0 0 0 0 0 0 0 0 0 0 0 0 0 0 0 0 0 0 0 1 1 1 1 1 1 1 1 1 1 1 1 1 1 0 0 0 0 0 0 0 0 0 0 0 0 0 0 0 0 0 0 0 0 0 0 0 0 0 0 0 0 0 0 0 0 0 0 0 0 0 0 0 0 0 0 0 0 0 0 0 0 0 0 0 0 0 0 0 0 0 0 0 0 0 0 0 0 0 0 0 0 0 0 0 0 0 0 0 0 0
I1024 01:15:52.784858 47938684769344 create_pretraining_data.py:161] segment_ids: 0 0 0 0 0 0 0 0 0 0 0 0 0 0 0 0 0 0 0 0 0 0 0 0 0 0 0 0 0 0 0 0 0 0 0 0 0 1 1 1 1 1 1 1 1 1 1 1 1 1 1 0 0 0 0 0 0 0 0 0 0 0 0 0 0 0 0 0 0 0 0 0 0 0 0 0 0 0 0 0 0 0 0 0 0 0 0 0 0 0 0 0 0 0 0 0 0 0 0 0 0 0 0 0 0 0 0 0 0 0 0 0 0 0 0 0 0 0 0 0 0 0 0 0 0 0 0 0
INFO:tensorflow:masked_lm_positions: 1 19 27 28 29 31 32 49 0 0 0 0 0 0 0 0 0 0 0 0
I1024 01:15:52.784989 47938684769344 create_pretraining_data.py:161] masked_lm_positions: 1 19 27 28 29 31 32 49 0 0 0 0 0 0 0 0 0 0 0 0
INFO:tensorflow:masked_lm_ids: 2306 4168 5688 2078 2029 13761 8367 18 0 0 0 0 0 0 0 0 0 0 0 0
I1024 01:15:52.785111 47938684769344 create_pretraining_data.py:161] masked_lm_ids: 2306 4168 5688 2078 2029 13761 8367 18 0 0 0 0 0 0 0 0 0 0 0 0
INFO:tensorflow:masked_lm_weights: 1.0 1.0 1.0 1.0 1.0 1.0 1.0 1.0 0.0 0.0 0.0 0.0 0.0 0.0 0.0 0.0 0.0 0.0 0.0 0.0
I1024 01:15:52.785233 47938684769344 create_pretraining_data.py:161] masked_lm_weights: 1.0 1.0 1.0 1.0 1.0 1.0 1.0 1.0 0.0 0.0 0.0 0.0 0.0 0.0 0.0 0.0 0.0 0.0 0.0 0.0
INFO:tensorflow:next_sentence_labels: 1
I1024 01:15:52.785345 47938684769344 create_pretraining_data.py:161] next_sentence_labels: 1
INFO:tensorflow:*** Example ***
I1024 01:15:52.786027 47938684769344 create_pretraining_data.py:149] *** Example ***
INFO:tensorflow:tokens: [CLS] لا [MASK] على برنامج لمعالجة الصور على هاتفك ؟ [SEP] لكنها كانت ترفض تسليم زوجي [MASK] [MASK] الذي تطالب به وبار ##يس وتط ##الب بالتف ##او ##ض بشأن اع ##ضا ##ئها تجاري ##لوبا حوالي [MASK] بينهم 75 في ونحو مئة يم ##ضون عقوبات بالسجن لأكثر من عشر سنوات ) [MASK] [SEP]
I1024 01:15:52.786188 47938684769344 create_pretraining_data.py:151] tokens: [CLS] لا [MASK] على برنامج لمعالجة الصور على هاتفك ؟ [SEP] لكنها كانت ترفض تسليم زوجي [MASK] [MASK] الذي تطالب به وبار ##يس وتط ##الب بالتف ##او ##ض بشأن اع ##ضا ##ئها تجاري ##لوبا حوالي [MASK] بينهم 75 في ونحو مئة يم ##ضون عقوبات بالسجن لأكثر من عشر سنوات ) [MASK] [SEP]
INFO:tensorflow:input_ids: 2 1963 4 1961 3189 20303 3386 1961 14869 380 3 6958 2431 14285 10268 21675 4 4 2130 11964 2249 21327 2036 4875 2653 15409 22704 1027 5380 2280 2319 10614 14328 17361 6570 4 4738 7094 1912 23830 16045 2243 24924 14053 15536 17260 1908 3304 3752 13 4 3 0 0 0 0 0 0 0 0 0 0 0 0 0 0 0 0 0 0 0 0 0 0 0 0 0 0 0 0 0 0 0 0 0 0 0 0 0 0 0 0 0 0 0 0 0 0 0 0 0 0 0 0 0 0 0 0 0 0 0 0 0 0 0 0 0 0 0 0 0 0 0 0 0 0 0 0
I1024 01:15:52.786382 47938684769344 create_pretraining_data.py:161] input_ids: 2 1963 4 1961 3189 20303 3386 1961 14869 380 3 6958 2431 14285 10268 21675 4 4 2130 11964 2249 21327 2036 4875 2653 15409 22704 1027 5380 2280 2319 10614 14328 17361 6570 4 4738 7094 1912 23830 16045 2243 24924 14053 15536 17260 1908 3304 3752 13 4 3 0 0 0 0 0 0 0 0 0 0 0 0 0 0 0 0 0 0 0 0 0 0 0 0 0 0 0 0 0 0 0 0 0 0 0 0 0 0 0 0 0 0 0 0 0 0 0 0 0 0 0 0 0 0 0 0 0 0 0 0 0 0 0 0 0 0 0 0 0 0 0 0 0 0 0 0
INFO:tensorflow:input_mask: 1 1 1 1 1 1 1 1 1 1 1 1 1 1 1 1 1 1 1 1 1 1 1 1 1 1 1 1 1 1 1 1 1 1 1 1 1 1 1 1 1 1 1 1 1 1 1 1 1 1 1 1 0 0 0 0 0 0 0 0 0 0 0 0 0 0 0 0 0 0 0 0 0 0 0 0 0 0 0 0 0 0 0 0 0 0 0 0 0 0 0 0 0 0 0 0 0 0 0 0 0 0 0 0 0 0 0 0 0 0 0 0 0 0 0 0 0 0 0 0 0 0 0 0 0 0 0 0
I1024 01:15:52.786552 47938684769344 create_pretraining_data.py:161] input_mask: 1 1 1 1 1 1 1 1 1 1 1 1 1 1 1 1 1 1 1 1 1 1 1 1 1 1 1 1 1 1 1 1 1 1 1 1 1 1 1 1 1 1 1 1 1 1 1 1 1 1 1 1 0 0 0 0 0 0 0 0 0 0 0 0 0 0 0 0 0 0 0 0 0 0 0 0 0 0 0 0 0 0 0 0 0 0 0 0 0 0 0 0 0 0 0 0 0 0 0 0 0 0 0 0 0 0 0 0 0 0 0 0 0 0 0 0 0 0 0 0 0 0 0 0 0 0 0 0
INFO:tensorflow:segment_ids: 0 0 0 0 0 0 0 0 0 0 0 1 1 1 1 1 1 1 1 1 1 1 1 1 1 1 1 1 1 1 1 1 1 1 1 1 1 1 1 1 1 1 1 1 1 1 1 1 1 1 1 1 0 0 0 0 0 0 0 0 0 0 0 0 0 0 0 0 0 0 0 0 0 0 0 0 0 0 0 0 0 0 0 0 0 0 0 0 0 0 0 0 0 0 0 0 0 0 0 0 0 0 0 0 0 0 0 0 0 0 0 0 0 0 0 0 0 0 0 0 0 0 0 0 0 0 0 0
I1024 01:15:52.786714 47938684769344 create_pretraining_data.py:161] segment_ids: 0 0 0 0 0 0 0 0 0 0 0 1 1 1 1 1 1 1 1 1 1 1 1 1 1 1 1 1 1 1 1 1 1 1 1 1 1 1 1 1 1 1 1 1 1 1 1 1 1 1 1 1 0 0 0 0 0 0 0 0 0 0 0 0 0 0 0 0 0 0 0 0 0 0 0 0 0 0 0 0 0 0 0 0 0 0 0 0 0 0 0 0 0 0 0 0 0 0 0 0 0 0 0 0 0 0 0 0 0 0 0 0 0 0 0 0 0 0 0 0 0 0 0 0 0 0 0 0
INFO:tensorflow:masked_lm_positions: 2 15 16 17 32 33 35 50 0 0 0 0 0 0 0 0 0 0 0 0
I1024 01:15:52.786839 47938684769344 create_pretraining_data.py:161] masked_lm_positions: 2 15 16 17 32 33 35 50 0 0 0 0 0 0 0 0 0 0 0 0
INFO:tensorflow:masked_lm_ids: 18798 2171 1938 2377 14309 12 21937 18 0 0 0 0 0 0 0 0 0 0 0 0
I1024 01:15:52.786965 47938684769344 create_pretraining_data.py:161] masked_lm_ids: 18798 2171 1938 2377 14309 12 21937 18 0 0 0 0 0 0 0 0 0 0 0 0
INFO:tensorflow:masked_lm_weights: 1.0 1.0 1.0 1.0 1.0 1.0 1.0 1.0 0.0 0.0 0.0 0.0 0.0 0.0 0.0 0.0 0.0 0.0 0.0 0.0
I1024 01:15:52.787088 47938684769344 create_pretraining_data.py:161] masked_lm_weights: 1.0 1.0 1.0 1.0 1.0 1.0 1.0 1.0 0.0 0.0 0.0 0.0 0.0 0.0 0.0 0.0 0.0 0.0 0.0 0.0
INFO:tensorflow:next_sentence_labels: 1
I1024 01:15:52.787200 47938684769344 create_pretraining_data.py:161] next_sentence_labels: 1
INFO:tensorflow:*** Example ***
I1024 01:15:52.787860 47938684769344 create_pretraining_data.py:149] *** Example ***
INFO:tensorflow:tokens: [CLS] لم تكن السؤال عند شباب فقط هل [MASK] [MASK] بث ##ورة [MASK] لا ؟ [SEP] كما ان الممر ##ن الفرنسي جير ##ار بوش ##ار الاشت الى الانسحاب من فريق النادي النز ##رت ##ي بعد [MASK] سجل هو الاخر [MASK] صعبة في بداية البطولة ليت ##رك مكانه الى الممر ##ن [MASK] ##بده [MASK] يوسف الز ##وا ##وي . [SEP]
I1024 01:15:52.788040 47938684769344 create_pretraining_data.py:151] tokens: [CLS] لم تكن السؤال عند شباب فقط هل [MASK] [MASK] بث ##ورة [MASK] لا ؟ [SEP] كما ان الممر ##ن الفرنسي جير ##ار بوش ##ار الاشت الى الانسحاب من فريق النادي النز ##رت ##ي بعد [MASK] سجل هو الاخر [MASK] صعبة في بداية البطولة ليت ##رك مكانه الى الممر ##ن [MASK] ##بده [MASK] يوسف الز ##وا ##وي . [SEP]
INFO:tensorflow:input_ids: 2 2043 4146 6518 2192 4511 2574 2827 4 4 4329 2220 4 1963 380 3 2306 1939 23097 1006 5508 12082 1909 8614 1909 4283 2186 15801 1908 3559 4675 6387 2148 1013 2089 4 4846 2139 3762 4 14527 1912 4834 8069 4134 1985 10701 2186 23097 1006 4 20089 4 4307 2194 1928 1971 18 3 0 0 0 0 0 0 0 0 0 0 0 0 0 0 0 0 0 0 0 0 0 0 0 0 0 0 0 0 0 0 0 0 0 0 0 0 0 0 0 0 0 0 0 0 0 0 0 0 0 0 0 0 0 0 0 0 0 0 0 0 0 0 0 0 0 0 0 0 0
I1024 01:15:52.788228 47938684769344 create_pretraining_data.py:161] input_ids: 2 2043 4146 6518 2192 4511 2574 2827 4 4 4329 2220 4 1963 380 3 2306 1939 23097 1006 5508 12082 1909 8614 1909 4283 2186 15801 1908 3559 4675 6387 2148 1013 2089 4 4846 2139 3762 4 14527 1912 4834 8069 4134 1985 10701 2186 23097 1006 4 20089 4 4307 2194 1928 1971 18 3 0 0 0 0 0 0 0 0 0 0 0 0 0 0 0 0 0 0 0 0 0 0 0 0 0 0 0 0 0 0 0 0 0 0 0 0 0 0 0 0 0 0 0 0 0 0 0 0 0 0 0 0 0 0 0 0 0 0 0 0 0 0 0 0 0 0 0 0 0
INFO:tensorflow:input_mask: 1 1 1 1 1 1 1 1 1 1 1 1 1 1 1 1 1 1 1 1 1 1 1 1 1 1 1 1 1 1 1 1 1 1 1 1 1 1 1 1 1 1 1 1 1 1 1 1 1 1 1 1 1 1 1 1 1 1 1 0 0 0 0 0 0 0 0 0 0 0 0 0 0 0 0 0 0 0 0 0 0 0 0 0 0 0 0 0 0 0 0 0 0 0 0 0 0 0 0 0 0 0 0 0 0 0 0 0 0 0 0 0 0 0 0 0 0 0 0 0 0 0 0 0 0 0 0 0
I1024 01:15:52.788398 47938684769344 create_pretraining_data.py:161] input_mask: 1 1 1 1 1 1 1 1 1 1 1 1 1 1 1 1 1 1 1 1 1 1 1 1 1 1 1 1 1 1 1 1 1 1 1 1 1 1 1 1 1 1 1 1 1 1 1 1 1 1 1 1 1 1 1 1 1 1 1 0 0 0 0 0 0 0 0 0 0 0 0 0 0 0 0 0 0 0 0 0 0 0 0 0 0 0 0 0 0 0 0 0 0 0 0 0 0 0 0 0 0 0 0 0 0 0 0 0 0 0 0 0 0 0 0 0 0 0 0 0 0 0 0 0 0 0 0 0
INFO:tensorflow:segment_ids: 0 0 0 0 0 0 0 0 0 0 0 0 0 0 0 0 1 1 1 1 1 1 1 1 1 1 1 1 1 1 1 1 1 1 1 1 1 1 1 1 1 1 1 1 1 1 1 1 1 1 1 1 1 1 1 1 1 1 1 0 0 0 0 0 0 0 0 0 0 0 0 0 0 0 0 0 0 0 0 0 0 0 0 0 0 0 0 0 0 0 0 0 0 0 0 0 0 0 0 0 0 0 0 0 0 0 0 0 0 0 0 0 0 0 0 0 0 0 0 0 0 0 0 0 0 0 0 0
I1024 01:15:52.788562 47938684769344 create_pretraining_data.py:161] segment_ids: 0 0 0 0 0 0 0 0 0 0 0 0 0 0 0 0 1 1 1 1 1 1 1 1 1 1 1 1 1 1 1 1 1 1 1 1 1 1 1 1 1 1 1 1 1 1 1 1 1 1 1 1 1 1 1 1 1 1 1 0 0 0 0 0 0 0 0 0 0 0 0 0 0 0 0 0 0 0 0 0 0 0 0 0 0 0 0 0 0 0 0 0 0 0 0 0 0 0 0 0 0 0 0 0 0 0 0 0 0 0 0 0 0 0 0 0 0 0 0 0 0 0 0 0 0 0 0 0
INFO:tensorflow:masked_lm_positions: 8 9 12 25 35 39 50 51 52 0 0 0 0 0 0 0 0 0 0 0
I1024 01:15:52.788688 47938684769344 create_pretraining_data.py:161] masked_lm_positions: 8 9 12 25 35 39 50 51 52 0 0 0 0 0 0 0 0 0 0 0
INFO:tensorflow:masked_lm_ids: 4070 1928 2239 16254 1939 4834 9318 8412 1015 0 0 0 0 0 0 0 0 0 0 0
I1024 01:15:52.788808 47938684769344 create_pretraining_data.py:161] masked_lm_ids: 4070 1928 2239 16254 1939 4834 9318 8412 1015 0 0 0 0 0 0 0 0 0 0 0
INFO:tensorflow:masked_lm_weights: 1.0 1.0 1.0 1.0 1.0 1.0 1.0 1.0 1.0 0.0 0.0 0.0 0.0 0.0 0.0 0.0 0.0 0.0 0.0 0.0
I1024 01:15:52.788931 47938684769344 create_pretraining_data.py:161] masked_lm_weights: 1.0 1.0 1.0 1.0 1.0 1.0 1.0 1.0 1.0 0.0 0.0 0.0 0.0 0.0 0.0 0.0 0.0 0.0 0.0 0.0
INFO:tensorflow:next_sentence_labels: 1
I1024 01:15:52.789050 47938684769344 create_pretraining_data.py:161] next_sentence_labels: 1
INFO:tensorflow:*** Example ***
I1024 01:15:52.789725 47938684769344 create_pretraining_data.py:149] *** Example ***
INFO:tensorflow:tokens: [CLS] محمد [MASK] [MASK] [MASK] هو أحد هؤلاء الأشخاص " . [SEP] فوزا ##ن وتع ##ادل للك ##وكي في اللقاءات الثلاثة التي خاض ##عها على رأس الفريق ، ارقام [MASK] بوضوح تطور أداء قر ##ش الشمال في الفترة الأخيرة والأ ##كيد [MASK] البحث عن [MASK] سيكون غاية رفا ##ق الرج ##ايب ##ي في مواجهة اليوم ثلاثة [MASK] فقط قبل مواجهة مرت ##قبة ضد الإفريقي . [SEP]
I1024 01:15:52.789907 47938684769344 create_pretraining_data.py:151] tokens: [CLS] محمد [MASK] [MASK] [MASK] هو أحد هؤلاء الأشخاص " . [SEP] فوزا ##ن وتع ##ادل للك ##وكي في اللقاءات الثلاثة التي خاض ##عها على رأس الفريق ، ارقام [MASK] بوضوح تطور أداء قر ##ش الشمال في الفترة الأخيرة والأ ##كيد [MASK] البحث عن [MASK] سيكون غاية رفا ##ق الرج ##ايب ##ي في مواجهة اليوم ثلاثة [MASK] فقط قبل مواجهة مرت ##قبة ضد الإفريقي . [SEP]
INFO:tensorflow:input_ids: 2 2202 4 4 4 2139 2907 4669 8696 6 18 3 25684 1006 3527 4173 3691 7647 1912 14846 8570 2061 11068 6943 1961 5365 3671 378 9244 4 18588 10047 8479 2496 1034 4431 1912 5059 4514 2491 5650 4 3574 1955 4 4557 11678 18278 1011 3498 13785 1013 1912 7050 2217 4576 4 2574 2289 7050 3508 16735 3051 21251 18 3 0 0 0 0 0 0 0 0 0 0 0 0 0 0 0 0 0 0 0 0 0 0 0 0 0 0 0 0 0 0 0 0 0 0 0 0 0 0 0 0 0 0 0 0 0 0 0 0 0 0 0 0 0 0 0 0 0 0 0 0 0 0
I1024 01:15:52.790097 47938684769344 create_pretraining_data.py:161] input_ids: 2 2202 4 4 4 2139 2907 4669 8696 6 18 3 25684 1006 3527 4173 3691 7647 1912 14846 8570 2061 11068 6943 1961 5365 3671 378 9244 4 18588 10047 8479 2496 1034 4431 1912 5059 4514 2491 5650 4 3574 1955 4 4557 11678 18278 1011 3498 13785 1013 1912 7050 2217 4576 4 2574 2289 7050 3508 16735 3051 21251 18 3 0 0 0 0 0 0 0 0 0 0 0 0 0 0 0 0 0 0 0 0 0 0 0 0 0 0 0 0 0 0 0 0 0 0 0 0 0 0 0 0 0 0 0 0 0 0 0 0 0 0 0 0 0 0 0 0 0 0 0 0 0 0
INFO:tensorflow:input_mask: 1 1 1 1 1 1 1 1 1 1 1 1 1 1 1 1 1 1 1 1 1 1 1 1 1 1 1 1 1 1 1 1 1 1 1 1 1 1 1 1 1 1 1 1 1 1 1 1 1 1 1 1 1 1 1 1 1 1 1 1 1 1 1 1 1 1 0 0 0 0 0 0 0 0 0 0 0 0 0 0 0 0 0 0 0 0 0 0 0 0 0 0 0 0 0 0 0 0 0 0 0 0 0 0 0 0 0 0 0 0 0 0 0 0 0 0 0 0 0 0 0 0 0 0 0 0 0 0
I1024 01:15:52.790267 47938684769344 create_pretraining_data.py:161] input_mask: 1 1 1 1 1 1 1 1 1 1 1 1 1 1 1 1 1 1 1 1 1 1 1 1 1 1 1 1 1 1 1 1 1 1 1 1 1 1 1 1 1 1 1 1 1 1 1 1 1 1 1 1 1 1 1 1 1 1 1 1 1 1 1 1 1 1 0 0 0 0 0 0 0 0 0 0 0 0 0 0 0 0 0 0 0 0 0 0 0 0 0 0 0 0 0 0 0 0 0 0 0 0 0 0 0 0 0 0 0 0 0 0 0 0 0 0 0 0 0 0 0 0 0 0 0 0 0 0
INFO:tensorflow:segment_ids: 0 0 0 0 0 0 0 0 0 0 0 0 1 1 1 1 1 1 1 1 1 1 1 1 1 1 1 1 1 1 1 1 1 1 1 1 1 1 1 1 1 1 1 1 1 1 1 1 1 1 1 1 1 1 1 1 1 1 1 1 1 1 1 1 1 1 0 0 0 0 0 0 0 0 0 0 0 0 0 0 0 0 0 0 0 0 0 0 0 0 0 0 0 0 0 0 0 0 0 0 0 0 0 0 0 0 0 0 0 0 0 0 0 0 0 0 0 0 0 0 0 0 0 0 0 0 0 0
I1024 01:15:52.790428 47938684769344 create_pretraining_data.py:161] segment_ids: 0 0 0 0 0 0 0 0 0 0 0 0 1 1 1 1 1 1 1 1 1 1 1 1 1 1 1 1 1 1 1 1 1 1 1 1 1 1 1 1 1 1 1 1 1 1 1 1 1 1 1 1 1 1 1 1 1 1 1 1 1 1 1 1 1 1 0 0 0 0 0 0 0 0 0 0 0 0 0 0 0 0 0 0 0 0 0 0 0 0 0 0 0 0 0 0 0 0 0 0 0 0 0 0 0 0 0 0 0 0 0 0 0 0 0 0 0 0 0 0 0 0 0 0 0 0 0 0
INFO:tensorflow:masked_lm_positions: 2 3 4 29 30 41 43 44 56 63 0 0 0 0 0 0 0 0 0 0
I1024 01:15:52.790552 47938684769344 create_pretraining_data.py:161] masked_lm_positions: 2 3 4 29 30 41 43 44 56 63 0 0 0 0 0 0 0 0 0 0
INFO:tensorflow:masked_lm_ids: 18385 4169 1013 28269 18588 1979 1955 18140 4354 21251 0 0 0 0 0 0 0 0 0 0
I1024 01:15:52.790672 47938684769344 create_pretraining_data.py:161] masked_lm_ids: 18385 4169 1013 28269 18588 1979 1955 18140 4354 21251 0 0 0 0 0 0 0 0 0 0
INFO:tensorflow:masked_lm_weights: 1.0 1.0 1.0 1.0 1.0 1.0 1.0 1.0 1.0 1.0 0.0 0.0 0.0 0.0 0.0 0.0 0.0 0.0 0.0 0.0
I1024 01:15:52.790796 47938684769344 create_pretraining_data.py:161] masked_lm_weights: 1.0 1.0 1.0 1.0 1.0 1.0 1.0 1.0 1.0 1.0 0.0 0.0 0.0 0.0 0.0 0.0 0.0 0.0 0.0 0.0
INFO:tensorflow:next_sentence_labels: 1
I1024 01:15:52.790924 47938684769344 create_pretraining_data.py:161] next_sentence_labels: 1
INFO:tensorflow:*** Example ***
I1024 01:15:52.791597 47938684769344 create_pretraining_data.py:149] *** Example ***
INFO:tensorflow:tokens: [CLS] متى يعجز عن [MASK] [MASK] ؟ [SEP] مشروع [MASK] العليا للانتخابات في " التأ ##سيسي " [SEP]
I1024 01:15:52.791742 47938684769344 create_pretraining_data.py:151] tokens: [CLS] متى يعجز عن [MASK] [MASK] ؟ [SEP] مشروع [MASK] العليا للانتخابات في " التأ ##سيسي " [SEP]
INFO:tensorflow:input_ids: 2 10123 17303 1955 4 4 380 3 3680 4 5393 15858 1912 6 3925 22044 6 3 0 0 0 0 0 0 0 0 0 0 0 0 0 0 0 0 0 0 0 0 0 0 0 0 0 0 0 0 0 0 0 0 0 0 0 0 0 0 0 0 0 0 0 0 0 0 0 0 0 0 0 0 0 0 0 0 0 0 0 0 0 0 0 0 0 0 0 0 0 0 0 0 0 0 0 0 0 0 0 0 0 0 0 0 0 0 0 0 0 0 0 0 0 0 0 0 0 0 0 0 0 0 0 0 0 0 0 0 0 0
I1024 01:15:52.791915 47938684769344 create_pretraining_data.py:161] input_ids: 2 10123 17303 1955 4 4 380 3 3680 4 5393 15858 1912 6 3925 22044 6 3 0 0 0 0 0 0 0 0 0 0 0 0 0 0 0 0 0 0 0 0 0 0 0 0 0 0 0 0 0 0 0 0 0 0 0 0 0 0 0 0 0 0 0 0 0 0 0 0 0 0 0 0 0 0 0 0 0 0 0 0 0 0 0 0 0 0 0 0 0 0 0 0 0 0 0 0 0 0 0 0 0 0 0 0 0 0 0 0 0 0 0 0 0 0 0 0 0 0 0 0 0 0 0 0 0 0 0 0 0 0
INFO:tensorflow:input_mask: 1 1 1 1 1 1 1 1 1 1 1 1 1 1 1 1 1 1 0 0 0 0 0 0 0 0 0 0 0 0 0 0 0 0 0 0 0 0 0 0 0 0 0 0 0 0 0 0 0 0 0 0 0 0 0 0 0 0 0 0 0 0 0 0 0 0 0 0 0 0 0 0 0 0 0 0 0 0 0 0 0 0 0 0 0 0 0 0 0 0 0 0 0 0 0 0 0 0 0 0 0 0 0 0 0 0 0 0 0 0 0 0 0 0 0 0 0 0 0 0 0 0 0 0 0 0 0 0
I1024 01:15:52.792088 47938684769344 create_pretraining_data.py:161] input_mask: 1 1 1 1 1 1 1 1 1 1 1 1 1 1 1 1 1 1 0 0 0 0 0 0 0 0 0 0 0 0 0 0 0 0 0 0 0 0 0 0 0 0 0 0 0 0 0 0 0 0 0 0 0 0 0 0 0 0 0 0 0 0 0 0 0 0 0 0 0 0 0 0 0 0 0 0 0 0 0 0 0 0 0 0 0 0 0 0 0 0 0 0 0 0 0 0 0 0 0 0 0 0 0 0 0 0 0 0 0 0 0 0 0 0 0 0 0 0 0 0 0 0 0 0 0 0 0 0
INFO:tensorflow:segment_ids: 0 0 0 0 0 0 0 0 1 1 1 1 1 1 1 1 1 1 0 0 0 0 0 0 0 0 0 0 0 0 0 0 0 0 0 0 0 0 0 0 0 0 0 0 0 0 0 0 0 0 0 0 0 0 0 0 0 0 0 0 0 0 0 0 0 0 0 0 0 0 0 0 0 0 0 0 0 0 0 0 0 0 0 0 0 0 0 0 0 0 0 0 0 0 0 0 0 0 0 0 0 0 0 0 0 0 0 0 0 0 0 0 0 0 0 0 0 0 0 0 0 0 0 0 0 0 0 0
I1024 01:15:52.792247 47938684769344 create_pretraining_data.py:161] segment_ids: 0 0 0 0 0 0 0 0 1 1 1 1 1 1 1 1 1 1 0 0 0 0 0 0 0 0 0 0 0 0 0 0 0 0 0 0 0 0 0 0 0 0 0 0 0 0 0 0 0 0 0 0 0 0 0 0 0 0 0 0 0 0 0 0 0 0 0 0 0 0 0 0 0 0 0 0 0 0 0 0 0 0 0 0 0 0 0 0 0 0 0 0 0 0 0 0 0 0 0 0 0 0 0 0 0 0 0 0 0 0 0 0 0 0 0 0 0 0 0 0 0 0 0 0 0 0 0 0
INFO:tensorflow:masked_lm_positions: 4 5 9 0 0 0 0 0 0 0 0 0 0 0 0 0 0 0 0 0
I1024 01:15:52.792369 47938684769344 create_pretraining_data.py:161] masked_lm_positions: 4 5 9 0 0 0 0 0 0 0 0 0 0 0 0 0 0 0 0 0
INFO:tensorflow:masked_lm_ids: 17592 4650 5440 0 0 0 0 0 0 0 0 0 0 0 0 0 0 0 0 0
I1024 01:15:52.792489 47938684769344 create_pretraining_data.py:161] masked_lm_ids: 17592 4650 5440 0 0 0 0 0 0 0 0 0 0 0 0 0 0 0 0 0
INFO:tensorflow:masked_lm_weights: 1.0 1.0 1.0 0.0 0.0 0.0 0.0 0.0 0.0 0.0 0.0 0.0 0.0 0.0 0.0 0.0 0.0 0.0 0.0 0.0
I1024 01:15:52.792610 47938684769344 create_pretraining_data.py:161] masked_lm_weights: 1.0 1.0 1.0 0.0 0.0 0.0 0.0 0.0 0.0 0.0 0.0 0.0 0.0 0.0 0.0 0.0 0.0 0.0 0.0 0.0
INFO:tensorflow:next_sentence_labels: 1
I1024 01:15:52.792721 47938684769344 create_pretraining_data.py:161] next_sentence_labels: 1
INFO:tensorflow:*** Example ***
I1024 01:15:52.793390 47938684769344 create_pretraining_data.py:149] *** Example ***
INFO:tensorflow:tokens: [CLS] في هذه [MASK] أي وزن [MASK] الذي تجده السلطة من العرب في الشمس بمش . . [SEP] كذلك لم يعلن أي طرف محا ##يد بما يفيد ##نا في هذا المجال . [SEP]
I1024 01:15:52.793541 47938684769344 create_pretraining_data.py:151] tokens: [CLS] في هذه [MASK] أي وزن [MASK] الذي تجده السلطة من العرب في الشمس بمش . . [SEP] كذلك لم يعلن أي طرف محا ##يد بما يفيد ##نا في هذا المجال . [SEP]
INFO:tensorflow:input_ids: 2 1912 2159 4 2235 15125 4 2130 21259 5422 1908 3157 1912 5020 9382 18 18 3 4533 2043 7961 2235 5488 3666 1983 2908 13070 1914 1912 2085 6337 18 3 0 0 0 0 0 0 0 0 0 0 0 0 0 0 0 0 0 0 0 0 0 0 0 0 0 0 0 0 0 0 0 0 0 0 0 0 0 0 0 0 0 0 0 0 0 0 0 0 0 0 0 0 0 0 0 0 0 0 0 0 0 0 0 0 0 0 0 0 0 0 0 0 0 0 0 0 0 0 0 0 0 0 0 0 0 0 0 0 0 0 0 0 0 0 0
I1024 01:15:52.793729 47938684769344 create_pretraining_data.py:161] input_ids: 2 1912 2159 4 2235 15125 4 2130 21259 5422 1908 3157 1912 5020 9382 18 18 3 4533 2043 7961 2235 5488 3666 1983 2908 13070 1914 1912 2085 6337 18 3 0 0 0 0 0 0 0 0 0 0 0 0 0 0 0 0 0 0 0 0 0 0 0 0 0 0 0 0 0 0 0 0 0 0 0 0 0 0 0 0 0 0 0 0 0 0 0 0 0 0 0 0 0 0 0 0 0 0 0 0 0 0 0 0 0 0 0 0 0 0 0 0 0 0 0 0 0 0 0 0 0 0 0 0 0 0 0 0 0 0 0 0 0 0 0
INFO:tensorflow:input_mask: 1 1 1 1 1 1 1 1 1 1 1 1 1 1 1 1 1 1 1 1 1 1 1 1 1 1 1 1 1 1 1 1 1 0 0 0 0 0 0 0 0 0 0 0 0 0 0 0 0 0 0 0 0 0 0 0 0 0 0 0 0 0 0 0 0 0 0 0 0 0 0 0 0 0 0 0 0 0 0 0 0 0 0 0 0 0 0 0 0 0 0 0 0 0 0 0 0 0 0 0 0 0 0 0 0 0 0 0 0 0 0 0 0 0 0 0 0 0 0 0 0 0 0 0 0 0 0 0
I1024 01:15:52.793896 47938684769344 create_pretraining_data.py:161] input_mask: 1 1 1 1 1 1 1 1 1 1 1 1 1 1 1 1 1 1 1 1 1 1 1 1 1 1 1 1 1 1 1 1 1 0 0 0 0 0 0 0 0 0 0 0 0 0 0 0 0 0 0 0 0 0 0 0 0 0 0 0 0 0 0 0 0 0 0 0 0 0 0 0 0 0 0 0 0 0 0 0 0 0 0 0 0 0 0 0 0 0 0 0 0 0 0 0 0 0 0 0 0 0 0 0 0 0 0 0 0 0 0 0 0 0 0 0 0 0 0 0 0 0 0 0 0 0 0 0
INFO:tensorflow:segment_ids: 0 0 0 0 0 0 0 0 0 0 0 0 0 0 0 0 0 0 1 1 1 1 1 1 1 1 1 1 1 1 1 1 1 0 0 0 0 0 0 0 0 0 0 0 0 0 0 0 0 0 0 0 0 0 0 0 0 0 0 0 0 0 0 0 0 0 0 0 0 0 0 0 0 0 0 0 0 0 0 0 0 0 0 0 0 0 0 0 0 0 0 0 0 0 0 0 0 0 0 0 0 0 0 0 0 0 0 0 0 0 0 0 0 0 0 0 0 0 0 0 0 0 0 0 0 0 0 0
I1024 01:15:52.794073 47938684769344 create_pretraining_data.py:161] segment_ids: 0 0 0 0 0 0 0 0 0 0 0 0 0 0 0 0 0 0 1 1 1 1 1 1 1 1 1 1 1 1 1 1 1 0 0 0 0 0 0 0 0 0 0 0 0 0 0 0 0 0 0 0 0 0 0 0 0 0 0 0 0 0 0 0 0 0 0 0 0 0 0 0 0 0 0 0 0 0 0 0 0 0 0 0 0 0 0 0 0 0 0 0 0 0 0 0 0 0 0 0 0 0 0 0 0 0 0 0 0 0 0 0 0 0 0 0 0 0 0 0 0 0 0 0 0 0 0 0
INFO:tensorflow:masked_lm_positions: 3 6 11 13 14 0 0 0 0 0 0 0 0 0 0 0 0 0 0 0
I1024 01:15:52.794198 47938684769344 create_pretraining_data.py:161] masked_lm_positions: 3 6 11 13 14 0 0 0 0 0 0 0 0 0 0 0 0 0 0 0
INFO:tensorflow:masked_lm_ids: 8305 2679 3157 2085 13852 0 0 0 0 0 0 0 0 0 0 0 0 0 0 0
I1024 01:15:52.794317 47938684769344 create_pretraining_data.py:161] masked_lm_ids: 8305 2679 3157 2085 13852 0 0 0 0 0 0 0 0 0 0 0 0 0 0 0
INFO:tensorflow:masked_lm_weights: 1.0 1.0 1.0 1.0 1.0 0.0 0.0 0.0 0.0 0.0 0.0 0.0 0.0 0.0 0.0 0.0 0.0 0.0 0.0 0.0
I1024 01:15:52.794439 47938684769344 create_pretraining_data.py:161] masked_lm_weights: 1.0 1.0 1.0 1.0 1.0 0.0 0.0 0.0 0.0 0.0 0.0 0.0 0.0 0.0 0.0 0.0 0.0 0.0 0.0 0.0
INFO:tensorflow:next_sentence_labels: 1
I1024 01:15:52.794550 47938684769344 create_pretraining_data.py:161] next_sentence_labels: 1
INFO:tensorflow:*** Example ***
I1024 01:15:52.795220 47938684769344 create_pretraining_data.py:149] *** Example ***
INFO:tensorflow:tokens: [CLS] من جانبه قال صا ##ئب عري ##قات ، [MASK] المف ##او ##ضين الفلسطينيين إن نتنياهو أمامه [MASK] « [MASK] المستوطنات وإما السلام » . [SEP] كيف لا تد ##مع [MASK] [MASK] . [SEP]
I1024 01:15:52.795370 47938684769344 create_pretraining_data.py:151] tokens: [CLS] من جانبه قال صا ##ئب عري ##قات ، [MASK] المف ##او ##ضين الفلسطينيين إن نتنياهو أمامه [MASK] « [MASK] المستوطنات وإما السلام » . [SEP] كيف لا تد ##مع [MASK] [MASK] . [SEP]
INFO:tensorflow:input_ids: 2 1908 10981 2136 15527 4332 16645 2303 378 4 3921 22704 28605 7492 2259 12243 24486 4 107 4 26581 23117 2795 114 18 3 2746 1963 2457 2049 4 4 18 3 0 0 0 0 0 0 0 0 0 0 0 0 0 0 0 0 0 0 0 0 0 0 0 0 0 0 0 0 0 0 0 0 0 0 0 0 0 0 0 0 0 0 0 0 0 0 0 0 0 0 0 0 0 0 0 0 0 0 0 0 0 0 0 0 0 0 0 0 0 0 0 0 0 0 0 0 0 0 0 0 0 0 0 0 0 0 0 0 0 0 0 0 0 0
I1024 01:15:52.795544 47938684769344 create_pretraining_data.py:161] input_ids: 2 1908 10981 2136 15527 4332 16645 2303 378 4 3921 22704 28605 7492 2259 12243 24486 4 107 4 26581 23117 2795 114 18 3 2746 1963 2457 2049 4 4 18 3 0 0 0 0 0 0 0 0 0 0 0 0 0 0 0 0 0 0 0 0 0 0 0 0 0 0 0 0 0 0 0 0 0 0 0 0 0 0 0 0 0 0 0 0 0 0 0 0 0 0 0 0 0 0 0 0 0 0 0 0 0 0 0 0 0 0 0 0 0 0 0 0 0 0 0 0 0 0 0 0 0 0 0 0 0 0 0 0 0 0 0 0 0 0
INFO:tensorflow:input_mask: 1 1 1 1 1 1 1 1 1 1 1 1 1 1 1 1 1 1 1 1 1 1 1 1 1 1 1 1 1 1 1 1 1 1 0 0 0 0 0 0 0 0 0 0 0 0 0 0 0 0 0 0 0 0 0 0 0 0 0 0 0 0 0 0 0 0 0 0 0 0 0 0 0 0 0 0 0 0 0 0 0 0 0 0 0 0 0 0 0 0 0 0 0 0 0 0 0 0 0 0 0 0 0 0 0 0 0 0 0 0 0 0 0 0 0 0 0 0 0 0 0 0 0 0 0 0 0 0
I1024 01:15:52.795724 47938684769344 create_pretraining_data.py:161] input_mask: 1 1 1 1 1 1 1 1 1 1 1 1 1 1 1 1 1 1 1 1 1 1 1 1 1 1 1 1 1 1 1 1 1 1 0 0 0 0 0 0 0 0 0 0 0 0 0 0 0 0 0 0 0 0 0 0 0 0 0 0 0 0 0 0 0 0 0 0 0 0 0 0 0 0 0 0 0 0 0 0 0 0 0 0 0 0 0 0 0 0 0 0 0 0 0 0 0 0 0 0 0 0 0 0 0 0 0 0 0 0 0 0 0 0 0 0 0 0 0 0 0 0 0 0 0 0 0 0
INFO:tensorflow:segment_ids: 0 0 0 0 0 0 0 0 0 0 0 0 0 0 0 0 0 0 0 0 0 0 0 0 0 0 1 1 1 1 1 1 1 1 0 0 0 0 0 0 0 0 0 0 0 0 0 0 0 0 0 0 0 0 0 0 0 0 0 0 0 0 0 0 0 0 0 0 0 0 0 0 0 0 0 0 0 0 0 0 0 0 0 0 0 0 0 0 0 0 0 0 0 0 0 0 0 0 0 0 0 0 0 0 0 0 0 0 0 0 0 0 0 0 0 0 0 0 0 0 0 0 0 0 0 0 0 0
I1024 01:15:52.795886 47938684769344 create_pretraining_data.py:161] segment_ids: 0 0 0 0 0 0 0 0 0 0 0 0 0 0 0 0 0 0 0 0 0 0 0 0 0 0 1 1 1 1 1 1 1 1 0 0 0 0 0 0 0 0 0 0 0 0 0 0 0 0 0 0 0 0 0 0 0 0 0 0 0 0 0 0 0 0 0 0 0 0 0 0 0 0 0 0 0 0 0 0 0 0 0 0 0 0 0 0 0 0 0 0 0 0 0 0 0 0 0 0 0 0 0 0 0 0 0 0 0 0 0 0 0 0 0 0 0 0 0 0 0 0 0 0 0 0 0 0
INFO:tensorflow:masked_lm_positions: 9 17 19 30 31 0 0 0 0 0 0 0 0 0 0 0 0 0 0 0
I1024 01:15:52.796017 47938684769344 create_pretraining_data.py:161] masked_lm_positions: 9 17 19 30 31 0 0 0 0 0 0 0 0 0 0 0 0 0 0 0
INFO:tensorflow:masked_lm_ids: 2934 10187 10182 11588 1028 0 0 0 0 0 0 0 0 0 0 0 0 0 0 0
I1024 01:15:52.796136 47938684769344 create_pretraining_data.py:161] masked_lm_ids: 2934 10187 10182 11588 1028 0 0 0 0 0 0 0 0 0 0 0 0 0 0 0
INFO:tensorflow:masked_lm_weights: 1.0 1.0 1.0 1.0 1.0 0.0 0.0 0.0 0.0 0.0 0.0 0.0 0.0 0.0 0.0 0.0 0.0 0.0 0.0 0.0
I1024 01:15:52.796257 47938684769344 create_pretraining_data.py:161] masked_lm_weights: 1.0 1.0 1.0 1.0 1.0 0.0 0.0 0.0 0.0 0.0 0.0 0.0 0.0 0.0 0.0 0.0 0.0 0.0 0.0 0.0
INFO:tensorflow:next_sentence_labels: 1
I1024 01:15:52.796368 47938684769344 create_pretraining_data.py:161] next_sentence_labels: 1
INFO:tensorflow:*** Example ***
I1024 01:15:52.797044 47938684769344 create_pretraining_data.py:149] *** Example ***
INFO:tensorflow:tokens: [CLS] [MASK] [MASK] [MASK] دعا الحي ##زا ##وي والاست ##اذ ##ة في معهد الصحافة وعلوم [MASK] صباح المحم ##ودي الى تفعيل دور المجتمع المدني ومختلف [MASK] والجمع ##يات في تطوير المقا ##ربة الاتصال ##ية الامنية . [SEP] موقع صحيفة [MASK] إيف ##نن ##غ ستان ##در ##د [MASK] الل ##ند ##نية ، حسب ما أورد ##ه موقع العربية نت ، كان أول من ذكر أن المهاجم [MASK] " هذه [MASK] أجل " مرات عدة قبل أن تعت ##قله الشرطة التي رفضت التعليق على ما [MASK] الصحيفة . [SEP]
I1024 01:15:52.797214 47938684769344 create_pretraining_data.py:151] tokens: [CLS] [MASK] [MASK] [MASK] دعا الحي ##زا ##وي والاست ##اذ ##ة في معهد الصحافة وعلوم [MASK] صباح المحم ##ودي الى تفعيل دور المجتمع المدني ومختلف [MASK] والجمع ##يات في تطوير المقا ##ربة الاتصال ##ية الامنية . [SEP] موقع صحيفة [MASK] إيف ##نن ##غ ستان ##در ##د [MASK] الل ##ند ##نية ، حسب ما أورد ##ه موقع العربية نت ، كان أول من ذكر أن المهاجم [MASK] " هذه [MASK] أجل " مرات عدة قبل أن تعت ##قله الشرطة التي رفضت التعليق على ما [MASK] الصحيفة . [SEP]
INFO:tensorflow:input_ids: 2 4 4 4 6430 3593 3127 1971 4167 2900 1043 1912 9586 7800 15686 4 2570 7182 5265 2186 9958 3591 3409 4990 29858 4 20746 2066 1912 4168 4755 3569 5958 1910 12939 18 3 2867 5183 4 23681 14073 1044 25074 2099 1016 4 5996 2196 2330 378 3650 1972 21803 1028 2867 2488 2682 378 2055 3399 1908 3097 1979 14830 4 6 2159 4 3883 6 4661 4412 2289 1979 3941 11354 5044 2061 14996 9921 1961 1972 4 9545 18 3 0 0 0 0 0 0 0 0 0 0 0 0 0 0 0 0 0 0 0 0 0 0 0 0 0 0 0 0 0 0 0 0 0 0 0 0 0 0 0 0 0
I1024 01:15:52.797416 47938684769344 create_pretraining_data.py:161] input_ids: 2 4 4 4 6430 3593 3127 1971 4167 2900 1043 1912 9586 7800 15686 4 2570 7182 5265 2186 9958 3591 3409 4990 29858 4 20746 2066 1912 4168 4755 3569 5958 1910 12939 18 3 2867 5183 4 23681 14073 1044 25074 2099 1016 4 5996 2196 2330 378 3650 1972 21803 1028 2867 2488 2682 378 2055 3399 1908 3097 1979 14830 4 6 2159 4 3883 6 4661 4412 2289 1979 3941 11354 5044 2061 14996 9921 1961 1972 4 9545 18 3 0 0 0 0 0 0 0 0 0 0 0 0 0 0 0 0 0 0 0 0 0 0 0 0 0 0 0 0 0 0 0 0 0 0 0 0 0 0 0 0 0
INFO:tensorflow:input_mask: 1 1 1 1 1 1 1 1 1 1 1 1 1 1 1 1 1 1 1 1 1 1 1 1 1 1 1 1 1 1 1 1 1 1 1 1 1 1 1 1 1 1 1 1 1 1 1 1 1 1 1 1 1 1 1 1 1 1 1 1 1 1 1 1 1 1 1 1 1 1 1 1 1 1 1 1 1 1 1 1 1 1 1 1 1 1 1 0 0 0 0 0 0 0 0 0 0 0 0 0 0 0 0 0 0 0 0 0 0 0 0 0 0 0 0 0 0 0 0 0 0 0 0 0 0 0 0 0
I1024 01:15:52.797590 47938684769344 create_pretraining_data.py:161] input_mask: 1 1 1 1 1 1 1 1 1 1 1 1 1 1 1 1 1 1 1 1 1 1 1 1 1 1 1 1 1 1 1 1 1 1 1 1 1 1 1 1 1 1 1 1 1 1 1 1 1 1 1 1 1 1 1 1 1 1 1 1 1 1 1 1 1 1 1 1 1 1 1 1 1 1 1 1 1 1 1 1 1 1 1 1 1 1 1 0 0 0 0 0 0 0 0 0 0 0 0 0 0 0 0 0 0 0 0 0 0 0 0 0 0 0 0 0 0 0 0 0 0 0 0 0 0 0 0 0
INFO:tensorflow:segment_ids: 0 0 0 0 0 0 0 0 0 0 0 0 0 0 0 0 0 0 0 0 0 0 0 0 0 0 0 0 0 0 0 0 0 0 0 0 0 1 1 1 1 1 1 1 1 1 1 1 1 1 1 1 1 1 1 1 1 1 1 1 1 1 1 1 1 1 1 1 1 1 1 1 1 1 1 1 1 1 1 1 1 1 1 1 1 1 1 0 0 0 0 0 0 0 0 0 0 0 0 0 0 0 0 0 0 0 0 0 0 0 0 0 0 0 0 0 0 0 0 0 0 0 0 0 0 0 0 0
I1024 01:15:52.797754 47938684769344 create_pretraining_data.py:161] segment_ids: 0 0 0 0 0 0 0 0 0 0 0 0 0 0 0 0 0 0 0 0 0 0 0 0 0 0 0 0 0 0 0 0 0 0 0 0 0 1 1 1 1 1 1 1 1 1 1 1 1 1 1 1 1 1 1 1 1 1 1 1 1 1 1 1 1 1 1 1 1 1 1 1 1 1 1 1 1 1 1 1 1 1 1 1 1 1 1 0 0 0 0 0 0 0 0 0 0 0 0 0 0 0 0 0 0 0 0 0 0 0 0 0 0 0 0 0 0 0 0 0 0 0 0 0 0 0 0 0
INFO:tensorflow:masked_lm_positions: 1 2 3 15 25 39 46 55 65 66 68 80 83 0 0 0 0 0 0 0
I1024 01:15:52.797879 47938684769344 create_pretraining_data.py:161] masked_lm_positions: 1 2 3 15 25 39 46 55 65 66 68 80 83 0 0 0 0 0 0 0
INFO:tensorflow:masked_lm_ids: 1912 2339 10328 4927 15118 6 6 2867 13037 6 1908 9921 22542 0 0 0 0 0 0 0
I1024 01:15:52.798007 47938684769344 create_pretraining_data.py:161] masked_lm_ids: 1912 2339 10328 4927 15118 6 6 2867 13037 6 1908 9921 22542 0 0 0 0 0 0 0
INFO:tensorflow:masked_lm_weights: 1.0 1.0 1.0 1.0 1.0 1.0 1.0 1.0 1.0 1.0 1.0 1.0 1.0 0.0 0.0 0.0 0.0 0.0 0.0 0.0
I1024 01:15:52.798129 47938684769344 create_pretraining_data.py:161] masked_lm_weights: 1.0 1.0 1.0 1.0 1.0 1.0 1.0 1.0 1.0 1.0 1.0 1.0 1.0 0.0 0.0 0.0 0.0 0.0 0.0 0.0
INFO:tensorflow:next_sentence_labels: 1
I1024 01:15:52.798241 47938684769344 create_pretraining_data.py:161] next_sentence_labels: 1
INFO:tensorflow:*** Example ***
I1024 01:15:52.798926 47938684769344 create_pretraining_data.py:149] *** Example ***
INFO:tensorflow:tokens: [CLS] قا ##فلة تضامن لفائدة 50 عائلة ريف ##ية مع ##وز ##ة سقوط طائرة هلي ##كو ##بت ##ر بمدينة نيويورك يخ ##لف [MASK] العلمى [MASK] نادي " مسلح " يقت ##حم الملعب [MASK] إلغاء هدف ##حي الغز ##الة . [SEP] في [MASK] [MASK] الاص ##ابات تختلف مدة الراحة بين لاعب وآخر ، [MASK] يعود أساسا الى الحالة البدنية الاصلي ##ة للاعب اي هل تعرض [MASK] [MASK] خطيرة [MASK] أم لا [MASK] [SEP]
I1024 01:15:52.799099 47938684769344 create_pretraining_data.py:151] tokens: [CLS] قا ##فلة تضامن لفائدة 50 عائلة ريف ##ية مع ##وز ##ة سقوط طائرة هلي ##كو ##بت ##ر بمدينة نيويورك يخ ##لف [MASK] العلمى [MASK] نادي " مسلح " يقت ##حم الملعب [MASK] إلغاء هدف ##حي الغز ##الة . [SEP] في [MASK] [MASK] الاص ##ابات تختلف مدة الراحة بين لاعب وآخر ، [MASK] يعود أساسا الى الحالة البدنية الاصلي ##ة للاعب اي هل تعرض [MASK] [MASK] خطيرة [MASK] أم لا [MASK] [SEP]
INFO:tensorflow:input_ids: 2 12698 24668 28111 29190 4616 8184 7829 1910 1973 2183 1043 7679 11431 17074 2826 2177 1017 8020 9039 2875 1946 4 21096 4 3557 6 14003 6 5971 1998 8301 4 11683 4130 2120 11830 2343 18 3 1912 4 4 4140 2669 11143 7757 16688 2117 3639 11775 378 4 5609 20787 2186 8305 15165 11263 1043 12811 2218 2827 4722 4 4 13013 4 2239 1963 4 3 0 0 0 0 0 0 0 0 0 0 0 0 0 0 0 0 0 0 0 0 0 0 0 0 0 0 0 0 0 0 0 0 0 0 0 0 0 0 0 0 0 0 0 0 0 0 0 0 0 0 0 0 0 0 0 0
I1024 01:15:52.799302 47938684769344 create_pretraining_data.py:161] input_ids: 2 12698 24668 28111 29190 4616 8184 7829 1910 1973 2183 1043 7679 11431 17074 2826 2177 1017 8020 9039 2875 1946 4 21096 4 3557 6 14003 6 5971 1998 8301 4 11683 4130 2120 11830 2343 18 3 1912 4 4 4140 2669 11143 7757 16688 2117 3639 11775 378 4 5609 20787 2186 8305 15165 11263 1043 12811 2218 2827 4722 4 4 13013 4 2239 1963 4 3 0 0 0 0 0 0 0 0 0 0 0 0 0 0 0 0 0 0 0 0 0 0 0 0 0 0 0 0 0 0 0 0 0 0 0 0 0 0 0 0 0 0 0 0 0 0 0 0 0 0 0 0 0 0 0 0
INFO:tensorflow:input_mask: 1 1 1 1 1 1 1 1 1 1 1 1 1 1 1 1 1 1 1 1 1 1 1 1 1 1 1 1 1 1 1 1 1 1 1 1 1 1 1 1 1 1 1 1 1 1 1 1 1 1 1 1 1 1 1 1 1 1 1 1 1 1 1 1 1 1 1 1 1 1 1 1 0 0 0 0 0 0 0 0 0 0 0 0 0 0 0 0 0 0 0 0 0 0 0 0 0 0 0 0 0 0 0 0 0 0 0 0 0 0 0 0 0 0 0 0 0 0 0 0 0 0 0 0 0 0 0 0
I1024 01:15:52.799477 47938684769344 create_pretraining_data.py:161] input_mask: 1 1 1 1 1 1 1 1 1 1 1 1 1 1 1 1 1 1 1 1 1 1 1 1 1 1 1 1 1 1 1 1 1 1 1 1 1 1 1 1 1 1 1 1 1 1 1 1 1 1 1 1 1 1 1 1 1 1 1 1 1 1 1 1 1 1 1 1 1 1 1 1 0 0 0 0 0 0 0 0 0 0 0 0 0 0 0 0 0 0 0 0 0 0 0 0 0 0 0 0 0 0 0 0 0 0 0 0 0 0 0 0 0 0 0 0 0 0 0 0 0 0 0 0 0 0 0 0
INFO:tensorflow:segment_ids: 0 0 0 0 0 0 0 0 0 0 0 0 0 0 0 0 0 0 0 0 0 0 0 0 0 0 0 0 0 0 0 0 0 0 0 0 0 0 0 0 1 1 1 1 1 1 1 1 1 1 1 1 1 1 1 1 1 1 1 1 1 1 1 1 1 1 1 1 1 1 1 1 0 0 0 0 0 0 0 0 0 0 0 0 0 0 0 0 0 0 0 0 0 0 0 0 0 0 0 0 0 0 0 0 0 0 0 0 0 0 0 0 0 0 0 0 0 0 0 0 0 0 0 0 0 0 0 0
I1024 01:15:52.799641 47938684769344 create_pretraining_data.py:161] segment_ids: 0 0 0 0 0 0 0 0 0 0 0 0 0 0 0 0 0 0 0 0 0 0 0 0 0 0 0 0 0 0 0 0 0 0 0 0 0 0 0 0 1 1 1 1 1 1 1 1 1 1 1 1 1 1 1 1 1 1 1 1 1 1 1 1 1 1 1 1 1 1 1 1 0 0 0 0 0 0 0 0 0 0 0 0 0 0 0 0 0 0 0 0 0 0 0 0 0 0 0 0 0 0 0 0 0 0 0 0 0 0 0 0 0 0 0 0 0 0 0 0 0 0 0 0 0 0 0 0
INFO:tensorflow:masked_lm_positions: 22 23 24 32 41 42 52 64 65 67 70 0 0 0 0 0 0 0 0 0
I1024 01:15:52.799767 47938684769344 create_pretraining_data.py:161] masked_lm_positions: 22 23 24 32 41 42 52 64 65 67 70 0 0 0 0 0 0 0 0 0
INFO:tensorflow:masked_lm_ids: 21244 1911 18631 2089 2546 2159 3265 3028 13114 7825 380 0 0 0 0 0 0 0 0 0
I1024 01:15:52.799888 47938684769344 create_pretraining_data.py:161] masked_lm_ids: 21244 1911 18631 2089 2546 2159 3265 3028 13114 7825 380 0 0 0 0 0 0 0 0 0
INFO:tensorflow:masked_lm_weights: 1.0 1.0 1.0 1.0 1.0 1.0 1.0 1.0 1.0 1.0 1.0 0.0 0.0 0.0 0.0 0.0 0.0 0.0 0.0 0.0
I1024 01:15:52.800019 47938684769344 create_pretraining_data.py:161] masked_lm_weights: 1.0 1.0 1.0 1.0 1.0 1.0 1.0 1.0 1.0 1.0 1.0 0.0 0.0 0.0 0.0 0.0 0.0 0.0 0.0 0.0
INFO:tensorflow:next_sentence_labels: 1
I1024 01:15:52.800133 47938684769344 create_pretraining_data.py:161] next_sentence_labels: 1
INFO:tensorflow:*** Example ***
I1024 01:15:52.800813 47938684769344 create_pretraining_data.py:149] *** Example ***
INFO:tensorflow:tokens: [CLS] من [MASK] المعارضة أن تمارس دورها ومن [MASK] الإعلام أيضا نقل [MASK] كما هي ، [MASK] « النهضة » [MASK] التي عين ##ت ذوي القرب ##ى في وفي مناصب حكومية وليس الإعلام . [SEP] كما يتضمن برنامج المهرجان [MASK] [MASK] للنقاش بصفة يومية . [SEP]
I1024 01:15:52.800976 47938684769344 create_pretraining_data.py:151] tokens: [CLS] من [MASK] المعارضة أن تمارس دورها ومن [MASK] الإعلام أيضا نقل [MASK] كما هي ، [MASK] « النهضة » [MASK] التي عين ##ت ذوي القرب ##ى في وفي مناصب حكومية وليس الإعلام . [SEP] كما يتضمن برنامج المهرجان [MASK] [MASK] للنقاش بصفة يومية . [SEP]
INFO:tensorflow:input_ids: 2 1908 4 7063 1979 15395 16978 2298 4 5474 3112 3890 4 2306 2247 378 4 107 13688 114 4 2061 3334 1005 7836 17483 1102 1912 2427 24160 14466 3607 5474 18 3 2306 11264 3189 11445 4 4 27471 13573 19167 18 3 0 0 0 0 0 0 0 0 0 0 0 0 0 0 0 0 0 0 0 0 0 0 0 0 0 0 0 0 0 0 0 0 0 0 0 0 0 0 0 0 0 0 0 0 0 0 0 0 0 0 0 0 0 0 0 0 0 0 0 0 0 0 0 0 0 0 0 0 0 0 0 0 0 0 0 0 0 0 0 0 0 0
I1024 01:15:52.801175 47938684769344 create_pretraining_data.py:161] input_ids: 2 1908 4 7063 1979 15395 16978 2298 4 5474 3112 3890 4 2306 2247 378 4 107 13688 114 4 2061 3334 1005 7836 17483 1102 1912 2427 24160 14466 3607 5474 18 3 2306 11264 3189 11445 4 4 27471 13573 19167 18 3 0 0 0 0 0 0 0 0 0 0 0 0 0 0 0 0 0 0 0 0 0 0 0 0 0 0 0 0 0 0 0 0 0 0 0 0 0 0 0 0 0 0 0 0 0 0 0 0 0 0 0 0 0 0 0 0 0 0 0 0 0 0 0 0 0 0 0 0 0 0 0 0 0 0 0 0 0 0 0 0 0 0
INFO:tensorflow:input_mask: 1 1 1 1 1 1 1 1 1 1 1 1 1 1 1 1 1 1 1 1 1 1 1 1 1 1 1 1 1 1 1 1 1 1 1 1 1 1 1 1 1 1 1 1 1 1 0 0 0 0 0 0 0 0 0 0 0 0 0 0 0 0 0 0 0 0 0 0 0 0 0 0 0 0 0 0 0 0 0 0 0 0 0 0 0 0 0 0 0 0 0 0 0 0 0 0 0 0 0 0 0 0 0 0 0 0 0 0 0 0 0 0 0 0 0 0 0 0 0 0 0 0 0 0 0 0 0 0
I1024 01:15:52.801346 47938684769344 create_pretraining_data.py:161] input_mask: 1 1 1 1 1 1 1 1 1 1 1 1 1 1 1 1 1 1 1 1 1 1 1 1 1 1 1 1 1 1 1 1 1 1 1 1 1 1 1 1 1 1 1 1 1 1 0 0 0 0 0 0 0 0 0 0 0 0 0 0 0 0 0 0 0 0 0 0 0 0 0 0 0 0 0 0 0 0 0 0 0 0 0 0 0 0 0 0 0 0 0 0 0 0 0 0 0 0 0 0 0 0 0 0 0 0 0 0 0 0 0 0 0 0 0 0 0 0 0 0 0 0 0 0 0 0 0 0
INFO:tensorflow:segment_ids: 0 0 0 0 0 0 0 0 0 0 0 0 0 0 0 0 0 0 0 0 0 0 0 0 0 0 0 0 0 0 0 0 0 0 0 1 1 1 1 1 1 1 1 1 1 1 0 0 0 0 0 0 0 0 0 0 0 0 0 0 0 0 0 0 0 0 0 0 0 0 0 0 0 0 0 0 0 0 0 0 0 0 0 0 0 0 0 0 0 0 0 0 0 0 0 0 0 0 0 0 0 0 0 0 0 0 0 0 0 0 0 0 0 0 0 0 0 0 0 0 0 0 0 0 0 0 0 0
I1024 01:15:52.801509 47938684769344 create_pretraining_data.py:161] segment_ids: 0 0 0 0 0 0 0 0 0 0 0 0 0 0 0 0 0 0 0 0 0 0 0 0 0 0 0 0 0 0 0 0 0 0 0 1 1 1 1 1 1 1 1 1 1 1 0 0 0 0 0 0 0 0 0 0 0 0 0 0 0 0 0 0 0 0 0 0 0 0 0 0 0 0 0 0 0 0 0 0 0 0 0 0 0 0 0 0 0 0 0 0 0 0 0 0 0 0 0 0 0 0 0 0 0 0 0 0 0 0 0 0 0 0 0 0 0 0 0 0 0 0 0 0 0 0 0 0
INFO:tensorflow:masked_lm_positions: 2 8 12 16 20 39 40 0 0 0 0 0 0 0 0 0 0 0 0 0
I1024 01:15:52.801635 47938684769344 create_pretraining_data.py:161] masked_lm_positions: 2 8 12 16 20 39 40 0 0 0 0 0 0 0 0 0 0 0 0 0
INFO:tensorflow:masked_lm_ids: 2576 2576 26899 408 2247 4791 10708 0 0 0 0 0 0 0 0 0 0 0 0 0
I1024 01:15:52.801756 47938684769344 create_pretraining_data.py:161] masked_lm_ids: 2576 2576 26899 408 2247 4791 10708 0 0 0 0 0 0 0 0 0 0 0 0 0
INFO:tensorflow:masked_lm_weights: 1.0 1.0 1.0 1.0 1.0 1.0 1.0 0.0 0.0 0.0 0.0 0.0 0.0 0.0 0.0 0.0 0.0 0.0 0.0 0.0
I1024 01:15:52.801879 47938684769344 create_pretraining_data.py:161] masked_lm_weights: 1.0 1.0 1.0 1.0 1.0 1.0 1.0 0.0 0.0 0.0 0.0 0.0 0.0 0.0 0.0 0.0 0.0 0.0 0.0 0.0
INFO:tensorflow:next_sentence_labels: 1
I1024 01:15:52.801998 47938684769344 create_pretraining_data.py:161] next_sentence_labels: 1
INFO:tensorflow:*** Example ***
I1024 01:15:52.802670 47938684769344 create_pretraining_data.py:149] *** Example ***
INFO:tensorflow:tokens: [CLS] لم يبق ا لا عود الث ##قاب . [SEP] كبار الح ##ومة : المحل [MASK] محمد [MASK] ل [MASK] الشروق » : الها ##ج ##س الفني صار [MASK] اهتماما ##ت أهل الفن ! [SEP]
I1024 01:15:52.802823 47938684769344 create_pretraining_data.py:151] tokens: [CLS] لم يبق ا لا عود الث ##قاب . [SEP] كبار الح ##ومة : المحل [MASK] محمد [MASK] ل [MASK] الشروق » : الها ##ج ##س الفني صار [MASK] اهتماما ##ت أهل الفن ! [SEP]
INFO:tensorflow:input_ids: 2 2043 18299 387 1963 7178 2084 8737 18 3 6952 1944 3714 30 22175 4 2202 4 411 4 14433 114 30 3832 1041 1033 5164 4109 4 21555 1005 4151 5200 5 3 0 0 0 0 0 0 0 0 0 0 0 0 0 0 0 0 0 0 0 0 0 0 0 0 0 0 0 0 0 0 0 0 0 0 0 0 0 0 0 0 0 0 0 0 0 0 0 0 0 0 0 0 0 0 0 0 0 0 0 0 0 0 0 0 0 0 0 0 0 0 0 0 0 0 0 0 0 0 0 0 0 0 0 0 0 0 0 0 0 0 0 0 0
I1024 01:15:52.803023 47938684769344 create_pretraining_data.py:161] input_ids: 2 2043 18299 387 1963 7178 2084 8737 18 3 6952 1944 3714 30 22175 4 2202 4 411 4 14433 114 30 3832 1041 1033 5164 4109 4 21555 1005 4151 5200 5 3 0 0 0 0 0 0 0 0 0 0 0 0 0 0 0 0 0 0 0 0 0 0 0 0 0 0 0 0 0 0 0 0 0 0 0 0 0 0 0 0 0 0 0 0 0 0 0 0 0 0 0 0 0 0 0 0 0 0 0 0 0 0 0 0 0 0 0 0 0 0 0 0 0 0 0 0 0 0 0 0 0 0 0 0 0 0 0 0 0 0 0 0 0
INFO:tensorflow:input_mask: 1 1 1 1 1 1 1 1 1 1 1 1 1 1 1 1 1 1 1 1 1 1 1 1 1 1 1 1 1 1 1 1 1 1 1 0 0 0 0 0 0 0 0 0 0 0 0 0 0 0 0 0 0 0 0 0 0 0 0 0 0 0 0 0 0 0 0 0 0 0 0 0 0 0 0 0 0 0 0 0 0 0 0 0 0 0 0 0 0 0 0 0 0 0 0 0 0 0 0 0 0 0 0 0 0 0 0 0 0 0 0 0 0 0 0 0 0 0 0 0 0 0 0 0 0 0 0 0
I1024 01:15:52.803193 47938684769344 create_pretraining_data.py:161] input_mask: 1 1 1 1 1 1 1 1 1 1 1 1 1 1 1 1 1 1 1 1 1 1 1 1 1 1 1 1 1 1 1 1 1 1 1 0 0 0 0 0 0 0 0 0 0 0 0 0 0 0 0 0 0 0 0 0 0 0 0 0 0 0 0 0 0 0 0 0 0 0 0 0 0 0 0 0 0 0 0 0 0 0 0 0 0 0 0 0 0 0 0 0 0 0 0 0 0 0 0 0 0 0 0 0 0 0 0 0 0 0 0 0 0 0 0 0 0 0 0 0 0 0 0 0 0 0 0 0
INFO:tensorflow:segment_ids: 0 0 0 0 0 0 0 0 0 0 1 1 1 1 1 1 1 1 1 1 1 1 1 1 1 1 1 1 1 1 1 1 1 1 1 0 0 0 0 0 0 0 0 0 0 0 0 0 0 0 0 0 0 0 0 0 0 0 0 0 0 0 0 0 0 0 0 0 0 0 0 0 0 0 0 0 0 0 0 0 0 0 0 0 0 0 0 0 0 0 0 0 0 0 0 0 0 0 0 0 0 0 0 0 0 0 0 0 0 0 0 0 0 0 0 0 0 0 0 0 0 0 0 0 0 0 0 0
I1024 01:15:52.803353 47938684769344 create_pretraining_data.py:161] segment_ids: 0 0 0 0 0 0 0 0 0 0 1 1 1 1 1 1 1 1 1 1 1 1 1 1 1 1 1 1 1 1 1 1 1 1 1 0 0 0 0 0 0 0 0 0 0 0 0 0 0 0 0 0 0 0 0 0 0 0 0 0 0 0 0 0 0 0 0 0 0 0 0 0 0 0 0 0 0 0 0 0 0 0 0 0 0 0 0 0 0 0 0 0 0 0 0 0 0 0 0 0 0 0 0 0 0 0 0 0 0 0 0 0 0 0 0 0 0 0 0 0 0 0 0 0 0 0 0 0
INFO:tensorflow:masked_lm_positions: 14 15 17 19 28 0 0 0 0 0 0 0 0 0 0 0 0 0 0 0
I1024 01:15:52.803477 47938684769344 create_pretraining_data.py:161] masked_lm_positions: 14 15 17 19 28 0 0 0 0 0 0 0 0 0 0 0 0 0 0 0
INFO:tensorflow:masked_lm_ids: 22175 1006 6051 107 2514 0 0 0 0 0 0 0 0 0 0 0 0 0 0 0
I1024 01:15:52.803596 47938684769344 create_pretraining_data.py:161] masked_lm_ids: 22175 1006 6051 107 2514 0 0 0 0 0 0 0 0 0 0 0 0 0 0 0
INFO:tensorflow:masked_lm_weights: 1.0 1.0 1.0 1.0 1.0 0.0 0.0 0.0 0.0 0.0 0.0 0.0 0.0 0.0 0.0 0.0 0.0 0.0 0.0 0.0
I1024 01:15:52.803719 47938684769344 create_pretraining_data.py:161] masked_lm_weights: 1.0 1.0 1.0 1.0 1.0 0.0 0.0 0.0 0.0 0.0 0.0 0.0 0.0 0.0 0.0 0.0 0.0 0.0 0.0 0.0
INFO:tensorflow:next_sentence_labels: 1
I1024 01:15:52.803831 47938684769344 create_pretraining_data.py:161] next_sentence_labels: 1
INFO:tensorflow:*** Example ***
I1024 01:15:52.804518 47938684769344 create_pretraining_data.py:149] *** Example ***
INFO:tensorflow:tokens: [CLS] كيف ل حزب النهضة الإسلامى أن [MASK] [MASK] [MASK] [MASK] فى بعد [MASK] منذ 1989 ؟ [SEP] « ماري ##ن لوب ##ان » : « هول ##اند » مه ##ذب أكثر من « ساركوزي » [SEP]
I1024 01:15:52.804672 47938684769344 create_pretraining_data.py:151] tokens: [CLS] كيف ل حزب النهضة الإسلامى أن [MASK] [MASK] [MASK] [MASK] فى بعد [MASK] منذ 1989 ؟ [SEP] « ماري ##ن لوب ##ان » : « هول ##اند » مه ##ذب أكثر من « ساركوزي » [SEP]
INFO:tensorflow:input_ids: 2 2746 411 3614 13688 20064 1979 4 4 4 4 2230 2089 4 2837 20611 380 3 107 15748 1006 28038 1906 114 30 107 10705 5766 114 3349 3322 2976 1908 107 28893 114 3 0 0 0 0 0 0 0 0 0 0 0 0 0 0 0 0 0 0 0 0 0 0 0 0 0 0 0 0 0 0 0 0 0 0 0 0 0 0 0 0 0 0 0 0 0 0 0 0 0 0 0 0 0 0 0 0 0 0 0 0 0 0 0 0 0 0 0 0 0 0 0 0 0 0 0 0 0 0 0 0 0 0 0 0 0 0 0 0 0 0 0
I1024 01:15:52.804851 47938684769344 create_pretraining_data.py:161] input_ids: 2 2746 411 3614 13688 20064 1979 4 4 4 4 2230 2089 4 2837 20611 380 3 107 15748 1006 28038 1906 114 30 107 10705 5766 114 3349 3322 2976 1908 107 28893 114 3 0 0 0 0 0 0 0 0 0 0 0 0 0 0 0 0 0 0 0 0 0 0 0 0 0 0 0 0 0 0 0 0 0 0 0 0 0 0 0 0 0 0 0 0 0 0 0 0 0 0 0 0 0 0 0 0 0 0 0 0 0 0 0 0 0 0 0 0 0 0 0 0 0 0 0 0 0 0 0 0 0 0 0 0 0 0 0 0 0 0 0
INFO:tensorflow:input_mask: 1 1 1 1 1 1 1 1 1 1 1 1 1 1 1 1 1 1 1 1 1 1 1 1 1 1 1 1 1 1 1 1 1 1 1 1 1 0 0 0 0 0 0 0 0 0 0 0 0 0 0 0 0 0 0 0 0 0 0 0 0 0 0 0 0 0 0 0 0 0 0 0 0 0 0 0 0 0 0 0 0 0 0 0 0 0 0 0 0 0 0 0 0 0 0 0 0 0 0 0 0 0 0 0 0 0 0 0 0 0 0 0 0 0 0 0 0 0 0 0 0 0 0 0 0 0 0 0
I1024 01:15:52.805042 47938684769344 create_pretraining_data.py:161] input_mask: 1 1 1 1 1 1 1 1 1 1 1 1 1 1 1 1 1 1 1 1 1 1 1 1 1 1 1 1 1 1 1 1 1 1 1 1 1 0 0 0 0 0 0 0 0 0 0 0 0 0 0 0 0 0 0 0 0 0 0 0 0 0 0 0 0 0 0 0 0 0 0 0 0 0 0 0 0 0 0 0 0 0 0 0 0 0 0 0 0 0 0 0 0 0 0 0 0 0 0 0 0 0 0 0 0 0 0 0 0 0 0 0 0 0 0 0 0 0 0 0 0 0 0 0 0 0 0 0
INFO:tensorflow:segment_ids: 0 0 0 0 0 0 0 0 0 0 0 0 0 0 0 0 0 0 1 1 1 1 1 1 1 1 1 1 1 1 1 1 1 1 1 1 1 0 0 0 0 0 0 0 0 0 0 0 0 0 0 0 0 0 0 0 0 0 0 0 0 0 0 0 0 0 0 0 0 0 0 0 0 0 0 0 0 0 0 0 0 0 0 0 0 0 0 0 0 0 0 0 0 0 0 0 0 0 0 0 0 0 0 0 0 0 0 0 0 0 0 0 0 0 0 0 0 0 0 0 0 0 0 0 0 0 0 0
I1024 01:15:52.805211 47938684769344 create_pretraining_data.py:161] segment_ids: 0 0 0 0 0 0 0 0 0 0 0 0 0 0 0 0 0 0 1 1 1 1 1 1 1 1 1 1 1 1 1 1 1 1 1 1 1 0 0 0 0 0 0 0 0 0 0 0 0 0 0 0 0 0 0 0 0 0 0 0 0 0 0 0 0 0 0 0 0 0 0 0 0 0 0 0 0 0 0 0 0 0 0 0 0 0 0 0 0 0 0 0 0 0 0 0 0 0 0 0 0 0 0 0 0 0 0 0 0 0 0 0 0 0 0 0 0 0 0 0 0 0 0 0 0 0 0 0
INFO:tensorflow:masked_lm_positions: 5 7 8 9 10 13 0 0 0 0 0 0 0 0 0 0 0 0 0 0
I1024 01:15:52.805339 47938684769344 create_pretraining_data.py:161] masked_lm_positions: 5 7 8 9 10 13 0 0 0 0 0 0 0 0 0 0 0 0 0 0
INFO:tensorflow:masked_lm_ids: 20064 2414 2475 3989 1028 28848 0 0 0 0 0 0 0 0 0 0 0 0 0 0
I1024 01:15:52.805459 47938684769344 create_pretraining_data.py:161] masked_lm_ids: 20064 2414 2475 3989 1028 28848 0 0 0 0 0 0 0 0 0 0 0 0 0 0
INFO:tensorflow:masked_lm_weights: 1.0 1.0 1.0 1.0 1.0 1.0 0.0 0.0 0.0 0.0 0.0 0.0 0.0 0.0 0.0 0.0 0.0 0.0 0.0 0.0
I1024 01:15:52.805580 47938684769344 create_pretraining_data.py:161] masked_lm_weights: 1.0 1.0 1.0 1.0 1.0 1.0 0.0 0.0 0.0 0.0 0.0 0.0 0.0 0.0 0.0 0.0 0.0 0.0 0.0 0.0
INFO:tensorflow:next_sentence_labels: 1
I1024 01:15:52.805694 47938684769344 create_pretraining_data.py:161] next_sentence_labels: 1
INFO:tensorflow:*** Example ***
I1024 01:15:52.806385 47938684769344 create_pretraining_data.py:149] *** Example ***
INFO:tensorflow:tokens: [CLS] [MASK] المعهد العربي لحقوق الإنسان في [MASK] صحفية أمس وبم ##ناسبة الاحتفال بعيد الجمهورية مشروع [MASK] أطلق عليه اسم « [MASK] للحق ##وق والحر ##يات » واشار رئيس المركز الى ان هذا المكاف سي ##قدم الى مختلف مكونات المجتمع المدني والمج ##لس [MASK] كواليتي [MASK] . [SEP] في كتابه " البقاء إب ##ان الأزمات " يست ##نت ##ج جاك أت ##الي [MASK] استش ##راف المستقبل [MASK] زا ##هر بالنسبة [MASK] [MASK] آسيا ، لكن الأربع ##مائة مليون عربي سيت ##دن ##ى مستواه ##م [MASK] كل المجالات إلى ما تحت المعدل [MASK] وسي ##بق ##ون خارج التاريخ . [SEP]
I1024 01:15:52.806566 47938684769344 create_pretraining_data.py:151] tokens: [CLS] [MASK] المعهد العربي لحقوق الإنسان في [MASK] صحفية أمس وبم ##ناسبة الاحتفال بعيد الجمهورية مشروع [MASK] أطلق عليه اسم « [MASK] للحق ##وق والحر ##يات » واشار رئيس المركز الى ان هذا المكاف سي ##قدم الى مختلف مكونات المجتمع المدني والمج ##لس [MASK] كواليتي [MASK] . [SEP] في كتابه " البقاء إب ##ان الأزمات " يست ##نت ##ج جاك أت ##الي [MASK] استش ##راف المستقبل [MASK] زا ##هر بالنسبة [MASK] [MASK] آسيا ، لكن الأربع ##مائة مليون عربي سيت ##دن ##ى مستواه ##م [MASK] كل المجالات إلى ما تحت المعدل [MASK] وسي ##بق ##ون خارج التاريخ . [SEP]
INFO:tensorflow:input_ids: 2 4 12263 2659 8009 4005 1912 4 18262 3924 8239 14737 10860 3823 4844 3680 4 7753 2181 2974 107 4 27832 2015 11864 2066 114 14149 2426 3808 2186 1939 2085 29153 2266 2508 2186 3264 17706 3409 4990 12219 1929 4 23356 4 18 3 1912 8029 6 9331 4156 1906 20360 6 2414 1992 1041 8773 4602 2145 4 4706 2382 5644 4 19448 2121 4952 4 4 9522 378 2425 19589 8130 3193 4563 4326 12487 1102 25924 1015 4 2038 8829 2045 1972 2538 23039 4 3713 10522 1922 3830 3414 18 3 0 0 0 0 0 0 0 0 0 0 0 0 0 0 0 0 0 0 0 0 0 0 0 0 0 0 0 0 0
I1024 01:15:52.806768 47938684769344 create_pretraining_data.py:161] input_ids: 2 4 12263 2659 8009 4005 1912 4 18262 3924 8239 14737 10860 3823 4844 3680 4 7753 2181 2974 107 4 27832 2015 11864 2066 114 14149 2426 3808 2186 1939 2085 29153 2266 2508 2186 3264 17706 3409 4990 12219 1929 4 23356 4 18 3 1912 8029 6 9331 4156 1906 20360 6 2414 1992 1041 8773 4602 2145 4 4706 2382 5644 4 19448 2121 4952 4 4 9522 378 2425 19589 8130 3193 4563 4326 12487 1102 25924 1015 4 2038 8829 2045 1972 2538 23039 4 3713 10522 1922 3830 3414 18 3 0 0 0 0 0 0 0 0 0 0 0 0 0 0 0 0 0 0 0 0 0 0 0 0 0 0 0 0 0
INFO:tensorflow:input_mask: 1 1 1 1 1 1 1 1 1 1 1 1 1 1 1 1 1 1 1 1 1 1 1 1 1 1 1 1 1 1 1 1 1 1 1 1 1 1 1 1 1 1 1 1 1 1 1 1 1 1 1 1 1 1 1 1 1 1 1 1 1 1 1 1 1 1 1 1 1 1 1 1 1 1 1 1 1 1 1 1 1 1 1 1 1 1 1 1 1 1 1 1 1 1 1 1 1 1 1 0 0 0 0 0 0 0 0 0 0 0 0 0 0 0 0 0 0 0 0 0 0 0 0 0 0 0 0 0
I1024 01:15:52.806940 47938684769344 create_pretraining_data.py:161] input_mask: 1 1 1 1 1 1 1 1 1 1 1 1 1 1 1 1 1 1 1 1 1 1 1 1 1 1 1 1 1 1 1 1 1 1 1 1 1 1 1 1 1 1 1 1 1 1 1 1 1 1 1 1 1 1 1 1 1 1 1 1 1 1 1 1 1 1 1 1 1 1 1 1 1 1 1 1 1 1 1 1 1 1 1 1 1 1 1 1 1 1 1 1 1 1 1 1 1 1 1 0 0 0 0 0 0 0 0 0 0 0 0 0 0 0 0 0 0 0 0 0 0 0 0 0 0 0 0 0
INFO:tensorflow:segment_ids: 0 0 0 0 0 0 0 0 0 0 0 0 0 0 0 0 0 0 0 0 0 0 0 0 0 0 0 0 0 0 0 0 0 0 0 0 0 0 0 0 0 0 0 0 0 0 0 0 1 1 1 1 1 1 1 1 1 1 1 1 1 1 1 1 1 1 1 1 1 1 1 1 1 1 1 1 1 1 1 1 1 1 1 1 1 1 1 1 1 1 1 1 1 1 1 1 1 1 1 0 0 0 0 0 0 0 0 0 0 0 0 0 0 0 0 0 0 0 0 0 0 0 0 0 0 0 0 0
I1024 01:15:52.807112 47938684769344 create_pretraining_data.py:161] segment_ids: 0 0 0 0 0 0 0 0 0 0 0 0 0 0 0 0 0 0 0 0 0 0 0 0 0 0 0 0 0 0 0 0 0 0 0 0 0 0 0 0 0 0 0 0 0 0 0 0 1 1 1 1 1 1 1 1 1 1 1 1 1 1 1 1 1 1 1 1 1 1 1 1 1 1 1 1 1 1 1 1 1 1 1 1 1 1 1 1 1 1 1 1 1 1 1 1 1 1 1 0 0 0 0 0 0 0 0 0 0 0 0 0 0 0 0 0 0 0 0 0 0 0 0 0 0 0 0 0
INFO:tensorflow:masked_lm_positions: 1 7 16 21 33 43 44 45 62 66 70 71 84 87 91 0 0 0 0 0
I1024 01:15:52.807237 47938684769344 create_pretraining_data.py:161] masked_lm_positions: 1 7 16 21 33 43 44 45 62 66 70 71 84 87 91 0 0 0 0 0
INFO:tensorflow:masked_lm_ids: 3681 10928 2909 6398 4303 3270 3925 22044 1908 2590 3198 27868 1912 2045 3611 0 0 0 0 0
I1024 01:15:52.807357 47938684769344 create_pretraining_data.py:161] masked_lm_ids: 3681 10928 2909 6398 4303 3270 3925 22044 1908 2590 3198 27868 1912 2045 3611 0 0 0 0 0
INFO:tensorflow:masked_lm_weights: 1.0 1.0 1.0 1.0 1.0 1.0 1.0 1.0 1.0 1.0 1.0 1.0 1.0 1.0 1.0 0.0 0.0 0.0 0.0 0.0
I1024 01:15:52.807480 47938684769344 create_pretraining_data.py:161] masked_lm_weights: 1.0 1.0 1.0 1.0 1.0 1.0 1.0 1.0 1.0 1.0 1.0 1.0 1.0 1.0 1.0 0.0 0.0 0.0 0.0 0.0
INFO:tensorflow:next_sentence_labels: 1
I1024 01:15:52.807594 47938684769344 create_pretraining_data.py:161] next_sentence_labels: 1
INFO:tensorflow:*** Example ***
I1024 01:15:52.808280 47938684769344 create_pretraining_data.py:149] *** Example ***
INFO:tensorflow:tokens: [CLS] قابل ##تها صيف 2012 [MASK] [MASK] [MASK] [MASK] أخرى ، فقط شكلها لم يتغير [MASK] ولكن بدا عليها النسيان وبد ##ت تخفي تعا ##سة وأ ##لما ربما لا يراه ##ما إلا من عرف ##ها سابقا عن قرب ! [SEP] قدم وسام يحيى مباراة مثالية ليلة الجمعة [MASK] المنافس الإماراتي بني ياس فق ##ائد النادي الإفريقي سجل هدفا ممتاز ##ا بعد تص ##ويب ##ة قوية [MASK] خارج منطقة الجزاء بالإضافة إلى دوره الكبير في تنشيط خط وسط الميدان واله ##جوم بصفة [MASK] لي ##ضمن مكانه [MASK] لنقل [MASK] إلى مكانه في [MASK] . [SEP]
I1024 01:15:52.808459 47938684769344 create_pretraining_data.py:151] tokens: [CLS] قابل ##تها صيف 2012 [MASK] [MASK] [MASK] [MASK] أخرى ، فقط شكلها لم يتغير [MASK] ولكن بدا عليها النسيان وبد ##ت تخفي تعا ##سة وأ ##لما ربما لا يراه ##ما إلا من عرف ##ها سابقا عن قرب ! [SEP] قدم وسام يحيى مباراة مثالية ليلة الجمعة [MASK] المنافس الإماراتي بني ياس فق ##ائد النادي الإفريقي سجل هدفا ممتاز ##ا بعد تص ##ويب ##ة قوية [MASK] خارج منطقة الجزاء بالإضافة إلى دوره الكبير في تنشيط خط وسط الميدان واله ##جوم بصفة [MASK] لي ##ضمن مكانه [MASK] لنقل [MASK] إلى مكانه في [MASK] . [SEP]
INFO:tensorflow:input_ids: 2 15554 2377 16093 4670 4 4 4 4 3286 378 2574 21442 2043 10263 4 2637 3126 2717 12997 6726 1005 7919 6262 2190 2073 3841 5227 1963 15743 1931 2725 1908 4001 1913 7825 1955 4795 5 3 3681 14356 7251 4886 27091 7393 4212 4 8358 18960 3942 9713 4162 3845 4675 21251 4846 14670 9513 1007 2089 2223 22410 1043 8183 4 3830 3532 13450 5256 2045 10999 4377 1912 21400 2533 4008 13159 5119 4577 13573 4 2134 4775 10701 4 13050 4 2045 10701 1912 4 18 3 0 0 0 0 0 0 0 0 0 0 0 0 0 0 0 0 0 0 0 0 0 0 0 0 0 0 0 0 0 0 0 0 0 0
I1024 01:15:52.808662 47938684769344 create_pretraining_data.py:161] input_ids: 2 15554 2377 16093 4670 4 4 4 4 3286 378 2574 21442 2043 10263 4 2637 3126 2717 12997 6726 1005 7919 6262 2190 2073 3841 5227 1963 15743 1931 2725 1908 4001 1913 7825 1955 4795 5 3 3681 14356 7251 4886 27091 7393 4212 4 8358 18960 3942 9713 4162 3845 4675 21251 4846 14670 9513 1007 2089 2223 22410 1043 8183 4 3830 3532 13450 5256 2045 10999 4377 1912 21400 2533 4008 13159 5119 4577 13573 4 2134 4775 10701 4 13050 4 2045 10701 1912 4 18 3 0 0 0 0 0 0 0 0 0 0 0 0 0 0 0 0 0 0 0 0 0 0 0 0 0 0 0 0 0 0 0 0 0 0
INFO:tensorflow:input_mask: 1 1 1 1 1 1 1 1 1 1 1 1 1 1 1 1 1 1 1 1 1 1 1 1 1 1 1 1 1 1 1 1 1 1 1 1 1 1 1 1 1 1 1 1 1 1 1 1 1 1 1 1 1 1 1 1 1 1 1 1 1 1 1 1 1 1 1 1 1 1 1 1 1 1 1 1 1 1 1 1 1 1 1 1 1 1 1 1 1 1 1 1 1 1 0 0 0 0 0 0 0 0 0 0 0 0 0 0 0 0 0 0 0 0 0 0 0 0 0 0 0 0 0 0 0 0 0 0
I1024 01:15:52.808835 47938684769344 create_pretraining_data.py:161] input_mask: 1 1 1 1 1 1 1 1 1 1 1 1 1 1 1 1 1 1 1 1 1 1 1 1 1 1 1 1 1 1 1 1 1 1 1 1 1 1 1 1 1 1 1 1 1 1 1 1 1 1 1 1 1 1 1 1 1 1 1 1 1 1 1 1 1 1 1 1 1 1 1 1 1 1 1 1 1 1 1 1 1 1 1 1 1 1 1 1 1 1 1 1 1 1 0 0 0 0 0 0 0 0 0 0 0 0 0 0 0 0 0 0 0 0 0 0 0 0 0 0 0 0 0 0 0 0 0 0
INFO:tensorflow:segment_ids: 0 0 0 0 0 0 0 0 0 0 0 0 0 0 0 0 0 0 0 0 0 0 0 0 0 0 0 0 0 0 0 0 0 0 0 0 0 0 0 0 1 1 1 1 1 1 1 1 1 1 1 1 1 1 1 1 1 1 1 1 1 1 1 1 1 1 1 1 1 1 1 1 1 1 1 1 1 1 1 1 1 1 1 1 1 1 1 1 1 1 1 1 1 1 0 0 0 0 0 0 0 0 0 0 0 0 0 0 0 0 0 0 0 0 0 0 0 0 0 0 0 0 0 0 0 0 0 0
I1024 01:15:52.809005 47938684769344 create_pretraining_data.py:161] segment_ids: 0 0 0 0 0 0 0 0 0 0 0 0 0 0 0 0 0 0 0 0 0 0 0 0 0 0 0 0 0 0 0 0 0 0 0 0 0 0 0 0 1 1 1 1 1 1 1 1 1 1 1 1 1 1 1 1 1 1 1 1 1 1 1 1 1 1 1 1 1 1 1 1 1 1 1 1 1 1 1 1 1 1 1 1 1 1 1 1 1 1 1 1 1 1 0 0 0 0 0 0 0 0 0 0 0 0 0 0 0 0 0 0 0 0 0 0 0 0 0 0 0 0 0 0 0 0 0 0
INFO:tensorflow:masked_lm_positions: 5 6 7 8 15 47 51 65 76 77 81 85 87 91 0 0 0 0 0 0
I1024 01:15:52.809132 47938684769344 create_pretraining_data.py:161] masked_lm_positions: 5 6 7 8 15 47 51 65 76 77 81 85 87 91 0 0 0 0 0 0
INFO:tensorflow:masked_lm_ids: 18925 2377 12792 1043 3810 3051 9713 1908 4008 13159 3481 2683 3381 5889 0 0 0 0 0 0
I1024 01:15:52.809253 47938684769344 create_pretraining_data.py:161] masked_lm_ids: 18925 2377 12792 1043 3810 3051 9713 1908 4008 13159 3481 2683 3381 5889 0 0 0 0 0 0
INFO:tensorflow:masked_lm_weights: 1.0 1.0 1.0 1.0 1.0 1.0 1.0 1.0 1.0 1.0 1.0 1.0 1.0 1.0 0.0 0.0 0.0 0.0 0.0 0.0
I1024 01:15:52.809386 47938684769344 create_pretraining_data.py:161] masked_lm_weights: 1.0 1.0 1.0 1.0 1.0 1.0 1.0 1.0 1.0 1.0 1.0 1.0 1.0 1.0 0.0 0.0 0.0 0.0 0.0 0.0
INFO:tensorflow:next_sentence_labels: 1
I1024 01:15:52.809503 47938684769344 create_pretraining_data.py:161] next_sentence_labels: 1
INFO:tensorflow:Wrote 5004150 total instances
I1024 01:46:14.107475 47938684769344 create_pretraining_data.py:166] Wrote 5004150 total instances
