Loading module 'all'
WARNING:tensorflow:From ../bert/create_pretraining_data.py:469: The name tf.app.run is deprecated. Please use tf.compat.v1.app.run instead.

WARNING:tensorflow:From ../bert/create_pretraining_data.py:437: The name tf.logging.set_verbosity is deprecated. Please use tf.compat.v1.logging.set_verbosity instead.

W1103 14:45:08.399057 47826363671616 module_wrapper.py:139] From ../bert/create_pretraining_data.py:437: The name tf.logging.set_verbosity is deprecated. Please use tf.compat.v1.logging.set_verbosity instead.

WARNING:tensorflow:From ../bert/create_pretraining_data.py:437: The name tf.logging.INFO is deprecated. Please use tf.compat.v1.logging.INFO instead.

W1103 14:45:08.399302 47826363671616 module_wrapper.py:139] From ../bert/create_pretraining_data.py:437: The name tf.logging.INFO is deprecated. Please use tf.compat.v1.logging.INFO instead.

WARNING:tensorflow:From /scratch/gi372/CAMeLBERT/bert/tokenization.py:125: The name tf.gfile.GFile is deprecated. Please use tf.io.gfile.GFile instead.

W1103 14:45:08.399531 47826363671616 module_wrapper.py:139] From /scratch/gi372/CAMeLBERT/bert/tokenization.py:125: The name tf.gfile.GFile is deprecated. Please use tf.io.gfile.GFile instead.

WARNING:tensorflow:From ../bert/create_pretraining_data.py:444: The name tf.gfile.Glob is deprecated. Please use tf.io.gfile.glob instead.

W1103 14:45:08.537501 47826363671616 module_wrapper.py:139] From ../bert/create_pretraining_data.py:444: The name tf.gfile.Glob is deprecated. Please use tf.io.gfile.glob instead.

WARNING:tensorflow:From ../bert/create_pretraining_data.py:446: The name tf.logging.info is deprecated. Please use tf.compat.v1.logging.info instead.

W1103 14:45:08.540795 47826363671616 module_wrapper.py:139] From ../bert/create_pretraining_data.py:446: The name tf.logging.info is deprecated. Please use tf.compat.v1.logging.info instead.

INFO:tensorflow:*** Reading from input files ***
I1103 14:45:08.540968 47826363671616 create_pretraining_data.py:446] *** Reading from input files ***
INFO:tensorflow:  ../corpora/shards/DA-ali2019-500m-tweet.bw.ar.lines.shard.345.normalized.sents
I1103 14:45:08.541092 47826363671616 create_pretraining_data.py:448]   ../corpora/shards/DA-ali2019-500m-tweet.bw.ar.lines.shard.345.normalized.sents
INFO:tensorflow:*** Writing to output files ***
I1103 15:26:59.417320 47826363671616 create_pretraining_data.py:457] *** Writing to output files ***
INFO:tensorflow:  ../corpora/tfrecord_wp-30k_msl-128/DA-ali2019-500m-tweet.bw.ar.lines.shard.345.tf_record
I1103 15:26:59.441336 47826363671616 create_pretraining_data.py:459]   ../corpora/tfrecord_wp-30k_msl-128/DA-ali2019-500m-tweet.bw.ar.lines.shard.345.tf_record
WARNING:tensorflow:From ../bert/create_pretraining_data.py:101: The name tf.python_io.TFRecordWriter is deprecated. Please use tf.io.TFRecordWriter instead.

W1103 15:26:59.441816 47826363671616 module_wrapper.py:139] From ../bert/create_pretraining_data.py:101: The name tf.python_io.TFRecordWriter is deprecated. Please use tf.io.TFRecordWriter instead.

INFO:tensorflow:*** Example ***
I1103 15:26:59.457870 47826363671616 create_pretraining_data.py:149] *** Example ***
INFO:tensorflow:tokens: [CLS] سبحان الله والحمدلله ابدا ولا [MASK] الا الله وحده والله اكبر من كل هم [SEP] يا لجنه [MASK] [MASK] الشوارع اعتقد في اول ##ويه لتس ##ميه شوارع ##نا [MASK] رجال بنو ##ا هذا الوطن [MASK] ##واعد [MASK] وع ##رق ##هم وهم اح ##ق واول ##ي تبا [SEP]
I1103 15:26:59.458211 47826363671616 create_pretraining_data.py:151] tokens: [CLS] سبحان الله والحمدلله ابدا ولا [MASK] الا الله وحده والله اكبر من كل هم [SEP] يا لجنه [MASK] [MASK] الشوارع اعتقد في اول ##ويه لتس ##ميه شوارع ##نا [MASK] رجال بنو ##ا هذا الوطن [MASK] ##واعد [MASK] وع ##رق ##هم وهم اح ##ق واول ##ي تبا [SEP]
INFO:tensorflow:input_ids: 2 2575 1953 13652 4655 2086 4 1915 1953 4435 2706 3294 1908 2038 2839 3 2104 10381 4 4 10347 9884 1912 3085 2835 8725 3511 11454 1914 4 4077 19929 1007 2085 2865 4 5178 4 2141 2166 1949 4009 2279 1011 20485 1013 11758 3 0 0 0 0 0 0 0 0 0 0 0 0 0 0 0 0 0 0 0 0 0 0 0 0 0 0 0 0 0 0 0 0 0 0 0 0 0 0 0 0 0 0 0 0 0 0 0 0 0 0 0 0 0 0 0 0 0 0 0 0 0 0 0 0 0 0 0 0 0 0 0 0 0 0 0 0 0 0 0 0
I1103 15:26:59.458604 47826363671616 create_pretraining_data.py:161] input_ids: 2 2575 1953 13652 4655 2086 4 1915 1953 4435 2706 3294 1908 2038 2839 3 2104 10381 4 4 10347 9884 1912 3085 2835 8725 3511 11454 1914 4 4077 19929 1007 2085 2865 4 5178 4 2141 2166 1949 4009 2279 1011 20485 1013 11758 3 0 0 0 0 0 0 0 0 0 0 0 0 0 0 0 0 0 0 0 0 0 0 0 0 0 0 0 0 0 0 0 0 0 0 0 0 0 0 0 0 0 0 0 0 0 0 0 0 0 0 0 0 0 0 0 0 0 0 0 0 0 0 0 0 0 0 0 0 0 0 0 0 0 0 0 0 0 0 0 0
INFO:tensorflow:input_mask: 1 1 1 1 1 1 1 1 1 1 1 1 1 1 1 1 1 1 1 1 1 1 1 1 1 1 1 1 1 1 1 1 1 1 1 1 1 1 1 1 1 1 1 1 1 1 1 1 0 0 0 0 0 0 0 0 0 0 0 0 0 0 0 0 0 0 0 0 0 0 0 0 0 0 0 0 0 0 0 0 0 0 0 0 0 0 0 0 0 0 0 0 0 0 0 0 0 0 0 0 0 0 0 0 0 0 0 0 0 0 0 0 0 0 0 0 0 0 0 0 0 0 0 0 0 0 0 0
I1103 15:26:59.458949 47826363671616 create_pretraining_data.py:161] input_mask: 1 1 1 1 1 1 1 1 1 1 1 1 1 1 1 1 1 1 1 1 1 1 1 1 1 1 1 1 1 1 1 1 1 1 1 1 1 1 1 1 1 1 1 1 1 1 1 1 0 0 0 0 0 0 0 0 0 0 0 0 0 0 0 0 0 0 0 0 0 0 0 0 0 0 0 0 0 0 0 0 0 0 0 0 0 0 0 0 0 0 0 0 0 0 0 0 0 0 0 0 0 0 0 0 0 0 0 0 0 0 0 0 0 0 0 0 0 0 0 0 0 0 0 0 0 0 0 0
INFO:tensorflow:segment_ids: 0 0 0 0 0 0 0 0 0 0 0 0 0 0 0 0 1 1 1 1 1 1 1 1 1 1 1 1 1 1 1 1 1 1 1 1 1 1 1 1 1 1 1 1 1 1 1 1 0 0 0 0 0 0 0 0 0 0 0 0 0 0 0 0 0 0 0 0 0 0 0 0 0 0 0 0 0 0 0 0 0 0 0 0 0 0 0 0 0 0 0 0 0 0 0 0 0 0 0 0 0 0 0 0 0 0 0 0 0 0 0 0 0 0 0 0 0 0 0 0 0 0 0 0 0 0 0 0
I1103 15:26:59.459277 47826363671616 create_pretraining_data.py:161] segment_ids: 0 0 0 0 0 0 0 0 0 0 0 0 0 0 0 0 1 1 1 1 1 1 1 1 1 1 1 1 1 1 1 1 1 1 1 1 1 1 1 1 1 1 1 1 1 1 1 1 0 0 0 0 0 0 0 0 0 0 0 0 0 0 0 0 0 0 0 0 0 0 0 0 0 0 0 0 0 0 0 0 0 0 0 0 0 0 0 0 0 0 0 0 0 0 0 0 0 0 0 0 0 0 0 0 0 0 0 0 0 0 0 0 0 0 0 0 0 0 0 0 0 0 0 0 0 0 0 0
INFO:tensorflow:masked_lm_positions: 6 18 19 29 35 36 37 0 0 0 0 0 0 0 0 0 0 0 0 0
I1103 15:26:59.459491 47826363671616 create_pretraining_data.py:161] masked_lm_positions: 6 18 19 29 35 36 37 0 0 0 0 0 0 0 0 0 0 0 0 0
INFO:tensorflow:masked_lm_ids: 2090 16769 1028 6254 2357 5178 1949 0 0 0 0 0 0 0 0 0 0 0 0 0
I1103 15:26:59.459693 47826363671616 create_pretraining_data.py:161] masked_lm_ids: 2090 16769 1028 6254 2357 5178 1949 0 0 0 0 0 0 0 0 0 0 0 0 0
INFO:tensorflow:masked_lm_weights: 1.0 1.0 1.0 1.0 1.0 1.0 1.0 0.0 0.0 0.0 0.0 0.0 0.0 0.0 0.0 0.0 0.0 0.0 0.0 0.0
I1103 15:26:59.459908 47826363671616 create_pretraining_data.py:161] masked_lm_weights: 1.0 1.0 1.0 1.0 1.0 1.0 1.0 0.0 0.0 0.0 0.0 0.0 0.0 0.0 0.0 0.0 0.0 0.0 0.0 0.0
INFO:tensorflow:next_sentence_labels: 1
I1103 15:26:59.460098 47826363671616 create_pretraining_data.py:161] next_sentence_labels: 1
INFO:tensorflow:*** Example ***
I1103 15:26:59.461095 47826363671616 create_pretraining_data.py:149] *** Example ***
INFO:tensorflow:tokens: [CLS] [MASK] ##راء [MASK] متابع الف مبروك اختي شاهدين لك [MASK] يارب حساب مميز ومف ##عم بذكر الله الله يحفظك [SEP] تزوج ياقلبي ههه [SEP]
I1103 15:26:59.461276 47826363671616 create_pretraining_data.py:151] tokens: [CLS] [MASK] ##راء [MASK] متابع الف مبروك اختي شاهدين لك [MASK] يارب حساب مميز ومف ##عم بذكر الله الله يحفظك [SEP] تزوج ياقلبي ههه [SEP]
INFO:tensorflow:input_ids: 2 4 2147 4 3472 1980 4447 7193 8485 2278 4 2856 3144 5342 15981 2011 6609 1953 1953 20217 3 12610 25149 3495 3 0 0 0 0 0 0 0 0 0 0 0 0 0 0 0 0 0 0 0 0 0 0 0 0 0 0 0 0 0 0 0 0 0 0 0 0 0 0 0 0 0 0 0 0 0 0 0 0 0 0 0 0 0 0 0 0 0 0 0 0 0 0 0 0 0 0 0 0 0 0 0 0 0 0 0 0 0 0 0 0 0 0 0 0 0 0 0 0 0 0 0 0 0 0 0 0 0 0 0 0 0 0 0
I1103 15:26:59.461468 47826363671616 create_pretraining_data.py:161] input_ids: 2 4 2147 4 3472 1980 4447 7193 8485 2278 4 2856 3144 5342 15981 2011 6609 1953 1953 20217 3 12610 25149 3495 3 0 0 0 0 0 0 0 0 0 0 0 0 0 0 0 0 0 0 0 0 0 0 0 0 0 0 0 0 0 0 0 0 0 0 0 0 0 0 0 0 0 0 0 0 0 0 0 0 0 0 0 0 0 0 0 0 0 0 0 0 0 0 0 0 0 0 0 0 0 0 0 0 0 0 0 0 0 0 0 0 0 0 0 0 0 0 0 0 0 0 0 0 0 0 0 0 0 0 0 0 0 0 0
INFO:tensorflow:input_mask: 1 1 1 1 1 1 1 1 1 1 1 1 1 1 1 1 1 1 1 1 1 1 1 1 1 0 0 0 0 0 0 0 0 0 0 0 0 0 0 0 0 0 0 0 0 0 0 0 0 0 0 0 0 0 0 0 0 0 0 0 0 0 0 0 0 0 0 0 0 0 0 0 0 0 0 0 0 0 0 0 0 0 0 0 0 0 0 0 0 0 0 0 0 0 0 0 0 0 0 0 0 0 0 0 0 0 0 0 0 0 0 0 0 0 0 0 0 0 0 0 0 0 0 0 0 0 0 0
I1103 15:26:59.461654 47826363671616 create_pretraining_data.py:161] input_mask: 1 1 1 1 1 1 1 1 1 1 1 1 1 1 1 1 1 1 1 1 1 1 1 1 1 0 0 0 0 0 0 0 0 0 0 0 0 0 0 0 0 0 0 0 0 0 0 0 0 0 0 0 0 0 0 0 0 0 0 0 0 0 0 0 0 0 0 0 0 0 0 0 0 0 0 0 0 0 0 0 0 0 0 0 0 0 0 0 0 0 0 0 0 0 0 0 0 0 0 0 0 0 0 0 0 0 0 0 0 0 0 0 0 0 0 0 0 0 0 0 0 0 0 0 0 0 0 0
INFO:tensorflow:segment_ids: 0 0 0 0 0 0 0 0 0 0 0 0 0 0 0 0 0 0 0 0 0 1 1 1 1 0 0 0 0 0 0 0 0 0 0 0 0 0 0 0 0 0 0 0 0 0 0 0 0 0 0 0 0 0 0 0 0 0 0 0 0 0 0 0 0 0 0 0 0 0 0 0 0 0 0 0 0 0 0 0 0 0 0 0 0 0 0 0 0 0 0 0 0 0 0 0 0 0 0 0 0 0 0 0 0 0 0 0 0 0 0 0 0 0 0 0 0 0 0 0 0 0 0 0 0 0 0 0
I1103 15:26:59.461824 47826363671616 create_pretraining_data.py:161] segment_ids: 0 0 0 0 0 0 0 0 0 0 0 0 0 0 0 0 0 0 0 0 0 1 1 1 1 0 0 0 0 0 0 0 0 0 0 0 0 0 0 0 0 0 0 0 0 0 0 0 0 0 0 0 0 0 0 0 0 0 0 0 0 0 0 0 0 0 0 0 0 0 0 0 0 0 0 0 0 0 0 0 0 0 0 0 0 0 0 0 0 0 0 0 0 0 0 0 0 0 0 0 0 0 0 0 0 0 0 0 0 0 0 0 0 0 0 0 0 0 0 0 0 0 0 0 0 0 0 0
INFO:tensorflow:masked_lm_positions: 1 2 3 10 0 0 0 0 0 0 0 0 0 0 0 0 0 0 0 0
I1103 15:26:59.461953 47826363671616 create_pretraining_data.py:161] masked_lm_positions: 1 2 3 10 0 0 0 0 0 0 0 0 0 0 0 0 0 0 0 0
INFO:tensorflow:masked_lm_ids: 10840 2147 2056 6269 0 0 0 0 0 0 0 0 0 0 0 0 0 0 0 0
I1103 15:26:59.462077 47826363671616 create_pretraining_data.py:161] masked_lm_ids: 10840 2147 2056 6269 0 0 0 0 0 0 0 0 0 0 0 0 0 0 0 0
INFO:tensorflow:masked_lm_weights: 1.0 1.0 1.0 1.0 0.0 0.0 0.0 0.0 0.0 0.0 0.0 0.0 0.0 0.0 0.0 0.0 0.0 0.0 0.0 0.0
I1103 15:26:59.462208 47826363671616 create_pretraining_data.py:161] masked_lm_weights: 1.0 1.0 1.0 1.0 0.0 0.0 0.0 0.0 0.0 0.0 0.0 0.0 0.0 0.0 0.0 0.0 0.0 0.0 0.0 0.0
INFO:tensorflow:next_sentence_labels: 1
I1103 15:26:59.462324 47826363671616 create_pretraining_data.py:161] next_sentence_labels: 1
INFO:tensorflow:*** Example ***
I1103 15:26:59.463079 47826363671616 create_pretraining_data.py:149] *** Example ***
INFO:tensorflow:tokens: [CLS] عيش ##ي بوا ##ه ##س الصف ##صاف [MASK] يمه [MASK] [MASK] عش ##اك [MASK] بروح ##ه شجره تي ##ن ##ينهو ##حله هوا ##ي عده ##ه [MASK] حيل ات ##ضو ##ج من تب ##جين [SEP] يا بحرف ##يني من الحزن كثر [MASK] ##ك من حزن واو ##جا ##ع وغياب وغ ##راي ##ب ون [MASK] تن ##شد ##ني فانا مقدر اخ ##فيك دايم اظن ويط ##لع الظن خا ##يب [SEP]
I1103 15:26:59.463261 47826363671616 create_pretraining_data.py:151] tokens: [CLS] عيش ##ي بوا ##ه ##س الصف ##صاف [MASK] يمه [MASK] [MASK] عش ##اك [MASK] بروح ##ه شجره تي ##ن ##ينهو ##حله هوا ##ي عده ##ه [MASK] حيل ات ##ضو ##ج من تب ##جين [SEP] يا بحرف ##يني من الحزن كثر [MASK] ##ك من حزن واو ##جا ##ع وغياب وغ ##راي ##ب ون [MASK] تن ##شد ##ني فانا مقدر اخ ##فيك دايم اظن ويط ##لع الظن خا ##يب [SEP]
INFO:tensorflow:input_ids: 2 7579 1013 3935 1028 1033 2945 12149 4 15997 4 4 2610 2544 4 14755 1028 16973 5103 1006 16897 16801 9296 1013 14201 1028 4 13285 2253 3483 1041 1908 2500 6020 3 2104 28835 2262 1908 5717 4438 4 1014 1908 7378 22815 3327 1009 25449 3781 15777 1045 2263 4 2245 3251 1974 13742 21881 2269 12305 8438 18783 22077 1920 7049 7562 2062 3 0 0 0 0 0 0 0 0 0 0 0 0 0 0 0 0 0 0 0 0 0 0 0 0 0 0 0 0 0 0 0 0 0 0 0 0 0 0 0 0 0 0 0 0 0 0 0 0 0 0 0 0 0 0 0 0 0 0 0
I1103 15:26:59.463477 47826363671616 create_pretraining_data.py:161] input_ids: 2 7579 1013 3935 1028 1033 2945 12149 4 15997 4 4 2610 2544 4 14755 1028 16973 5103 1006 16897 16801 9296 1013 14201 1028 4 13285 2253 3483 1041 1908 2500 6020 3 2104 28835 2262 1908 5717 4438 4 1014 1908 7378 22815 3327 1009 25449 3781 15777 1045 2263 4 2245 3251 1974 13742 21881 2269 12305 8438 18783 22077 1920 7049 7562 2062 3 0 0 0 0 0 0 0 0 0 0 0 0 0 0 0 0 0 0 0 0 0 0 0 0 0 0 0 0 0 0 0 0 0 0 0 0 0 0 0 0 0 0 0 0 0 0 0 0 0 0 0 0 0 0 0 0 0 0 0
INFO:tensorflow:input_mask: 1 1 1 1 1 1 1 1 1 1 1 1 1 1 1 1 1 1 1 1 1 1 1 1 1 1 1 1 1 1 1 1 1 1 1 1 1 1 1 1 1 1 1 1 1 1 1 1 1 1 1 1 1 1 1 1 1 1 1 1 1 1 1 1 1 1 1 1 1 0 0 0 0 0 0 0 0 0 0 0 0 0 0 0 0 0 0 0 0 0 0 0 0 0 0 0 0 0 0 0 0 0 0 0 0 0 0 0 0 0 0 0 0 0 0 0 0 0 0 0 0 0 0 0 0 0 0 0
I1103 15:26:59.463665 47826363671616 create_pretraining_data.py:161] input_mask: 1 1 1 1 1 1 1 1 1 1 1 1 1 1 1 1 1 1 1 1 1 1 1 1 1 1 1 1 1 1 1 1 1 1 1 1 1 1 1 1 1 1 1 1 1 1 1 1 1 1 1 1 1 1 1 1 1 1 1 1 1 1 1 1 1 1 1 1 1 0 0 0 0 0 0 0 0 0 0 0 0 0 0 0 0 0 0 0 0 0 0 0 0 0 0 0 0 0 0 0 0 0 0 0 0 0 0 0 0 0 0 0 0 0 0 0 0 0 0 0 0 0 0 0 0 0 0 0
INFO:tensorflow:segment_ids: 0 0 0 0 0 0 0 0 0 0 0 0 0 0 0 0 0 0 0 0 0 0 0 0 0 0 0 0 0 0 0 0 0 0 0 1 1 1 1 1 1 1 1 1 1 1 1 1 1 1 1 1 1 1 1 1 1 1 1 1 1 1 1 1 1 1 1 1 1 0 0 0 0 0 0 0 0 0 0 0 0 0 0 0 0 0 0 0 0 0 0 0 0 0 0 0 0 0 0 0 0 0 0 0 0 0 0 0 0 0 0 0 0 0 0 0 0 0 0 0 0 0 0 0 0 0 0 0
I1103 15:26:59.463834 47826363671616 create_pretraining_data.py:161] segment_ids: 0 0 0 0 0 0 0 0 0 0 0 0 0 0 0 0 0 0 0 0 0 0 0 0 0 0 0 0 0 0 0 0 0 0 0 1 1 1 1 1 1 1 1 1 1 1 1 1 1 1 1 1 1 1 1 1 1 1 1 1 1 1 1 1 1 1 1 1 1 0 0 0 0 0 0 0 0 0 0 0 0 0 0 0 0 0 0 0 0 0 0 0 0 0 0 0 0 0 0 0 0 0 0 0 0 0 0 0 0 0 0 0 0 0 0 0 0 0 0 0 0 0 0 0 0 0 0 0
INFO:tensorflow:masked_lm_positions: 8 10 11 14 20 21 26 41 42 53 0 0 0 0 0 0 0 0 0 0
I1103 15:26:59.463964 47826363671616 create_pretraining_data.py:161] masked_lm_positions: 8 10 11 14 20 21 26 41 42 53 0 0 0 0 0 0 0 0 0 0
INFO:tensorflow:masked_lm_ids: 2244 2616 15505 14403 1994 16801 6432 6058 1014 2055 0 0 0 0 0 0 0 0 0 0
I1103 15:26:59.464087 47826363671616 create_pretraining_data.py:161] masked_lm_ids: 2244 2616 15505 14403 1994 16801 6432 6058 1014 2055 0 0 0 0 0 0 0 0 0 0
INFO:tensorflow:masked_lm_weights: 1.0 1.0 1.0 1.0 1.0 1.0 1.0 1.0 1.0 1.0 0.0 0.0 0.0 0.0 0.0 0.0 0.0 0.0 0.0 0.0
I1103 15:26:59.464220 47826363671616 create_pretraining_data.py:161] masked_lm_weights: 1.0 1.0 1.0 1.0 1.0 1.0 1.0 1.0 1.0 1.0 0.0 0.0 0.0 0.0 0.0 0.0 0.0 0.0 0.0 0.0
INFO:tensorflow:next_sentence_labels: 1
I1103 15:26:59.464335 47826363671616 create_pretraining_data.py:161] next_sentence_labels: 1
INFO:tensorflow:*** Example ***
I1103 15:26:59.465102 47826363671616 create_pretraining_data.py:149] *** Example ***
INFO:tensorflow:tokens: [CLS] لا [MASK] من حياه اب ##كت قلبك وقل يا [MASK] [MASK] اعادة خيرا فالح ##زن يرحل بس ##جده والفرح ياتي بدعوه الوتر [SEP] ها ##اا ##يدي [SEP]
I1103 15:26:59.465268 47826363671616 create_pretraining_data.py:151] tokens: [CLS] لا [MASK] من حياه اب ##كت قلبك وقل يا [MASK] [MASK] اعادة خيرا فالح ##زن يرحل بس ##جده والفرح ياتي بدعوه الوتر [SEP] ها ##اا ##يدي [SEP]
INFO:tensorflow:input_ids: 2 1963 4 1908 5251 2093 2053 3966 10596 2104 4 4 10213 5360 10548 3104 17032 2357 23905 26544 7404 17222 7026 3 4958 2877 7459 3 0 0 0 0 0 0 0 0 0 0 0 0 0 0 0 0 0 0 0 0 0 0 0 0 0 0 0 0 0 0 0 0 0 0 0 0 0 0 0 0 0 0 0 0 0 0 0 0 0 0 0 0 0 0 0 0 0 0 0 0 0 0 0 0 0 0 0 0 0 0 0 0 0 0 0 0 0 0 0 0 0 0 0 0 0 0 0 0 0 0 0 0 0 0 0 0 0 0 0 0
I1103 15:26:59.465450 47826363671616 create_pretraining_data.py:161] input_ids: 2 1963 4 1908 5251 2093 2053 3966 10596 2104 4 4 10213 5360 10548 3104 17032 2357 23905 26544 7404 17222 7026 3 4958 2877 7459 3 0 0 0 0 0 0 0 0 0 0 0 0 0 0 0 0 0 0 0 0 0 0 0 0 0 0 0 0 0 0 0 0 0 0 0 0 0 0 0 0 0 0 0 0 0 0 0 0 0 0 0 0 0 0 0 0 0 0 0 0 0 0 0 0 0 0 0 0 0 0 0 0 0 0 0 0 0 0 0 0 0 0 0 0 0 0 0 0 0 0 0 0 0 0 0 0 0 0 0 0
INFO:tensorflow:input_mask: 1 1 1 1 1 1 1 1 1 1 1 1 1 1 1 1 1 1 1 1 1 1 1 1 1 1 1 1 0 0 0 0 0 0 0 0 0 0 0 0 0 0 0 0 0 0 0 0 0 0 0 0 0 0 0 0 0 0 0 0 0 0 0 0 0 0 0 0 0 0 0 0 0 0 0 0 0 0 0 0 0 0 0 0 0 0 0 0 0 0 0 0 0 0 0 0 0 0 0 0 0 0 0 0 0 0 0 0 0 0 0 0 0 0 0 0 0 0 0 0 0 0 0 0 0 0 0 0
I1103 15:26:59.465622 47826363671616 create_pretraining_data.py:161] input_mask: 1 1 1 1 1 1 1 1 1 1 1 1 1 1 1 1 1 1 1 1 1 1 1 1 1 1 1 1 0 0 0 0 0 0 0 0 0 0 0 0 0 0 0 0 0 0 0 0 0 0 0 0 0 0 0 0 0 0 0 0 0 0 0 0 0 0 0 0 0 0 0 0 0 0 0 0 0 0 0 0 0 0 0 0 0 0 0 0 0 0 0 0 0 0 0 0 0 0 0 0 0 0 0 0 0 0 0 0 0 0 0 0 0 0 0 0 0 0 0 0 0 0 0 0 0 0 0 0
INFO:tensorflow:segment_ids: 0 0 0 0 0 0 0 0 0 0 0 0 0 0 0 0 0 0 0 0 0 0 0 0 1 1 1 1 0 0 0 0 0 0 0 0 0 0 0 0 0 0 0 0 0 0 0 0 0 0 0 0 0 0 0 0 0 0 0 0 0 0 0 0 0 0 0 0 0 0 0 0 0 0 0 0 0 0 0 0 0 0 0 0 0 0 0 0 0 0 0 0 0 0 0 0 0 0 0 0 0 0 0 0 0 0 0 0 0 0 0 0 0 0 0 0 0 0 0 0 0 0 0 0 0 0 0 0
I1103 15:26:59.465807 47826363671616 create_pretraining_data.py:161] segment_ids: 0 0 0 0 0 0 0 0 0 0 0 0 0 0 0 0 0 0 0 0 0 0 0 0 1 1 1 1 0 0 0 0 0 0 0 0 0 0 0 0 0 0 0 0 0 0 0 0 0 0 0 0 0 0 0 0 0 0 0 0 0 0 0 0 0 0 0 0 0 0 0 0 0 0 0 0 0 0 0 0 0 0 0 0 0 0 0 0 0 0 0 0 0 0 0 0 0 0 0 0 0 0 0 0 0 0 0 0 0 0 0 0 0 0 0 0 0 0 0 0 0 0 0 0 0 0 0 0
INFO:tensorflow:masked_lm_positions: 2 10 11 12 0 0 0 0 0 0 0 0 0 0 0 0 0 0 0 0
I1103 15:26:59.465937 47826363671616 create_pretraining_data.py:161] masked_lm_positions: 2 10 11 12 0 0 0 0 0 0 0 0 0 0 0 0 0 0 0 0
INFO:tensorflow:masked_lm_ids: 16657 1953 7610 1974 0 0 0 0 0 0 0 0 0 0 0 0 0 0 0 0
I1103 15:26:59.466059 47826363671616 create_pretraining_data.py:161] masked_lm_ids: 16657 1953 7610 1974 0 0 0 0 0 0 0 0 0 0 0 0 0 0 0 0
INFO:tensorflow:masked_lm_weights: 1.0 1.0 1.0 1.0 0.0 0.0 0.0 0.0 0.0 0.0 0.0 0.0 0.0 0.0 0.0 0.0 0.0 0.0 0.0 0.0
I1103 15:26:59.466190 47826363671616 create_pretraining_data.py:161] masked_lm_weights: 1.0 1.0 1.0 1.0 0.0 0.0 0.0 0.0 0.0 0.0 0.0 0.0 0.0 0.0 0.0 0.0 0.0 0.0 0.0 0.0
INFO:tensorflow:next_sentence_labels: 1
I1103 15:26:59.466306 47826363671616 create_pretraining_data.py:161] next_sentence_labels: 1
INFO:tensorflow:*** Example ***
I1103 15:26:59.467055 47826363671616 create_pretraining_data.py:149] *** Example ***
INFO:tensorflow:tokens: [CLS] انت [MASK] عمر والعمر ابتداء بك وقبل اعرف ##ك ما [MASK] [MASK] من سنيني غيب شكلك ماغ ##بت ما يا ##ثر غيابك والله [MASK] يا الغلا محفوظ فيني [SEP] حسبي [MASK] ونعم [MASK] في كل واحد ظلم سهيله بنت العرب دموع سهيله غاليه علي السوهابي ##ين [SEP]
I1103 15:26:59.467230 47826363671616 create_pretraining_data.py:151] tokens: [CLS] انت [MASK] عمر والعمر ابتداء بك وقبل اعرف ##ك ما [MASK] [MASK] من سنيني غيب شكلك ماغ ##بت ما يا ##ثر غيابك والله [MASK] يا الغلا محفوظ فيني [SEP] حسبي [MASK] ونعم [MASK] في كل واحد ظلم سهيله بنت العرب دموع سهيله غاليه علي السوهابي ##ين [SEP]
INFO:tensorflow:input_ids: 2 2164 4 2852 23998 11587 2395 9500 5871 1014 1972 4 4 1908 29439 10901 24909 23319 2177 1972 2104 2132 9433 2706 4 2104 8632 13909 6049 3 8162 4 9184 4 1912 2038 2563 6786 3969 3597 3157 8522 3969 22350 1958 16739 1911 3 0 0 0 0 0 0 0 0 0 0 0 0 0 0 0 0 0 0 0 0 0 0 0 0 0 0 0 0 0 0 0 0 0 0 0 0 0 0 0 0 0 0 0 0 0 0 0 0 0 0 0 0 0 0 0 0 0 0 0 0 0 0 0 0 0 0 0 0 0 0 0 0 0 0 0 0 0 0 0 0
I1103 15:26:59.467449 47826363671616 create_pretraining_data.py:161] input_ids: 2 2164 4 2852 23998 11587 2395 9500 5871 1014 1972 4 4 1908 29439 10901 24909 23319 2177 1972 2104 2132 9433 2706 4 2104 8632 13909 6049 3 8162 4 9184 4 1912 2038 2563 6786 3969 3597 3157 8522 3969 22350 1958 16739 1911 3 0 0 0 0 0 0 0 0 0 0 0 0 0 0 0 0 0 0 0 0 0 0 0 0 0 0 0 0 0 0 0 0 0 0 0 0 0 0 0 0 0 0 0 0 0 0 0 0 0 0 0 0 0 0 0 0 0 0 0 0 0 0 0 0 0 0 0 0 0 0 0 0 0 0 0 0 0 0 0 0
INFO:tensorflow:input_mask: 1 1 1 1 1 1 1 1 1 1 1 1 1 1 1 1 1 1 1 1 1 1 1 1 1 1 1 1 1 1 1 1 1 1 1 1 1 1 1 1 1 1 1 1 1 1 1 1 0 0 0 0 0 0 0 0 0 0 0 0 0 0 0 0 0 0 0 0 0 0 0 0 0 0 0 0 0 0 0 0 0 0 0 0 0 0 0 0 0 0 0 0 0 0 0 0 0 0 0 0 0 0 0 0 0 0 0 0 0 0 0 0 0 0 0 0 0 0 0 0 0 0 0 0 0 0 0 0
I1103 15:26:59.467623 47826363671616 create_pretraining_data.py:161] input_mask: 1 1 1 1 1 1 1 1 1 1 1 1 1 1 1 1 1 1 1 1 1 1 1 1 1 1 1 1 1 1 1 1 1 1 1 1 1 1 1 1 1 1 1 1 1 1 1 1 0 0 0 0 0 0 0 0 0 0 0 0 0 0 0 0 0 0 0 0 0 0 0 0 0 0 0 0 0 0 0 0 0 0 0 0 0 0 0 0 0 0 0 0 0 0 0 0 0 0 0 0 0 0 0 0 0 0 0 0 0 0 0 0 0 0 0 0 0 0 0 0 0 0 0 0 0 0 0 0
INFO:tensorflow:segment_ids: 0 0 0 0 0 0 0 0 0 0 0 0 0 0 0 0 0 0 0 0 0 0 0 0 0 0 0 0 0 0 1 1 1 1 1 1 1 1 1 1 1 1 1 1 1 1 1 1 0 0 0 0 0 0 0 0 0 0 0 0 0 0 0 0 0 0 0 0 0 0 0 0 0 0 0 0 0 0 0 0 0 0 0 0 0 0 0 0 0 0 0 0 0 0 0 0 0 0 0 0 0 0 0 0 0 0 0 0 0 0 0 0 0 0 0 0 0 0 0 0 0 0 0 0 0 0 0 0
I1103 15:26:59.467802 47826363671616 create_pretraining_data.py:161] segment_ids: 0 0 0 0 0 0 0 0 0 0 0 0 0 0 0 0 0 0 0 0 0 0 0 0 0 0 0 0 0 0 1 1 1 1 1 1 1 1 1 1 1 1 1 1 1 1 1 1 0 0 0 0 0 0 0 0 0 0 0 0 0 0 0 0 0 0 0 0 0 0 0 0 0 0 0 0 0 0 0 0 0 0 0 0 0 0 0 0 0 0 0 0 0 0 0 0 0 0 0 0 0 0 0 0 0 0 0 0 0 0 0 0 0 0 0 0 0 0 0 0 0 0 0 0 0 0 0 0
INFO:tensorflow:masked_lm_positions: 2 11 12 16 24 31 33 0 0 0 0 0 0 0 0 0 0 0 0 0
I1103 15:26:59.467931 47826363671616 create_pretraining_data.py:161] masked_lm_positions: 2 11 12 16 24 31 33 0 0 0 0 0 0 0 0 0 0 0 0 0
INFO:tensorflow:masked_lm_ids: 5067 29321 1007 3864 2963 1953 9031 0 0 0 0 0 0 0 0 0 0 0 0 0
I1103 15:26:59.468054 47826363671616 create_pretraining_data.py:161] masked_lm_ids: 5067 29321 1007 3864 2963 1953 9031 0 0 0 0 0 0 0 0 0 0 0 0 0
INFO:tensorflow:masked_lm_weights: 1.0 1.0 1.0 1.0 1.0 1.0 1.0 0.0 0.0 0.0 0.0 0.0 0.0 0.0 0.0 0.0 0.0 0.0 0.0 0.0
I1103 15:26:59.468185 47826363671616 create_pretraining_data.py:161] masked_lm_weights: 1.0 1.0 1.0 1.0 1.0 1.0 1.0 0.0 0.0 0.0 0.0 0.0 0.0 0.0 0.0 0.0 0.0 0.0 0.0 0.0
INFO:tensorflow:next_sentence_labels: 1
I1103 15:26:59.468301 47826363671616 create_pretraining_data.py:161] next_sentence_labels: 1
INFO:tensorflow:*** Example ***
I1103 15:26:59.468968 47826363671616 create_pretraining_data.py:149] *** Example ***
INFO:tensorflow:tokens: [CLS] زد رصيدك5 ##9 عندك صغ ##ط [MASK] هال ##س ##ؤال يا [MASK] ماخذ الفقر ##ه طق ##طقه [SEP] [MASK] ابراهيم ##وفيتش 2009 ميسي 2010 ميسي 2011 [MASK] 2012 ميسي 2013 ميسي انش ميسي [MASK] ميسي [SEP]
I1103 15:26:59.469131 47826363671616 create_pretraining_data.py:151] tokens: [CLS] زد رصيدك5 ##9 عندك صغ ##ط [MASK] هال ##س ##ؤال يا [MASK] ماخذ الفقر ##ه طق ##طقه [SEP] [MASK] ابراهيم ##وفيتش 2009 ميسي 2010 ميسي 2011 [MASK] 2012 ميسي 2013 ميسي انش ميسي [MASK] ميسي [SEP]
INFO:tensorflow:input_ids: 2 3477 11361 1077 5448 19733 1040 4 4218 1033 3795 2104 4 24302 8501 1028 19527 5680 3 4 5120 17841 5743 6832 5190 6832 4817 4 4670 6832 4411 6832 4051 6832 4 6832 3 0 0 0 0 0 0 0 0 0 0 0 0 0 0 0 0 0 0 0 0 0 0 0 0 0 0 0 0 0 0 0 0 0 0 0 0 0 0 0 0 0 0 0 0 0 0 0 0 0 0 0 0 0 0 0 0 0 0 0 0 0 0 0 0 0 0 0 0 0 0 0 0 0 0 0 0 0 0 0 0 0 0 0 0 0 0 0 0 0 0 0
I1103 15:26:59.469322 47826363671616 create_pretraining_data.py:161] input_ids: 2 3477 11361 1077 5448 19733 1040 4 4218 1033 3795 2104 4 24302 8501 1028 19527 5680 3 4 5120 17841 5743 6832 5190 6832 4817 4 4670 6832 4411 6832 4051 6832 4 6832 3 0 0 0 0 0 0 0 0 0 0 0 0 0 0 0 0 0 0 0 0 0 0 0 0 0 0 0 0 0 0 0 0 0 0 0 0 0 0 0 0 0 0 0 0 0 0 0 0 0 0 0 0 0 0 0 0 0 0 0 0 0 0 0 0 0 0 0 0 0 0 0 0 0 0 0 0 0 0 0 0 0 0 0 0 0 0 0 0 0 0 0
INFO:tensorflow:input_mask: 1 1 1 1 1 1 1 1 1 1 1 1 1 1 1 1 1 1 1 1 1 1 1 1 1 1 1 1 1 1 1 1 1 1 1 1 1 0 0 0 0 0 0 0 0 0 0 0 0 0 0 0 0 0 0 0 0 0 0 0 0 0 0 0 0 0 0 0 0 0 0 0 0 0 0 0 0 0 0 0 0 0 0 0 0 0 0 0 0 0 0 0 0 0 0 0 0 0 0 0 0 0 0 0 0 0 0 0 0 0 0 0 0 0 0 0 0 0 0 0 0 0 0 0 0 0 0 0
I1103 15:26:59.469492 47826363671616 create_pretraining_data.py:161] input_mask: 1 1 1 1 1 1 1 1 1 1 1 1 1 1 1 1 1 1 1 1 1 1 1 1 1 1 1 1 1 1 1 1 1 1 1 1 1 0 0 0 0 0 0 0 0 0 0 0 0 0 0 0 0 0 0 0 0 0 0 0 0 0 0 0 0 0 0 0 0 0 0 0 0 0 0 0 0 0 0 0 0 0 0 0 0 0 0 0 0 0 0 0 0 0 0 0 0 0 0 0 0 0 0 0 0 0 0 0 0 0 0 0 0 0 0 0 0 0 0 0 0 0 0 0 0 0 0 0
INFO:tensorflow:segment_ids: 0 0 0 0 0 0 0 0 0 0 0 0 0 0 0 0 0 0 0 1 1 1 1 1 1 1 1 1 1 1 1 1 1 1 1 1 1 0 0 0 0 0 0 0 0 0 0 0 0 0 0 0 0 0 0 0 0 0 0 0 0 0 0 0 0 0 0 0 0 0 0 0 0 0 0 0 0 0 0 0 0 0 0 0 0 0 0 0 0 0 0 0 0 0 0 0 0 0 0 0 0 0 0 0 0 0 0 0 0 0 0 0 0 0 0 0 0 0 0 0 0 0 0 0 0 0 0 0
I1103 15:26:59.469655 47826363671616 create_pretraining_data.py:161] segment_ids: 0 0 0 0 0 0 0 0 0 0 0 0 0 0 0 0 0 0 0 1 1 1 1 1 1 1 1 1 1 1 1 1 1 1 1 1 1 0 0 0 0 0 0 0 0 0 0 0 0 0 0 0 0 0 0 0 0 0 0 0 0 0 0 0 0 0 0 0 0 0 0 0 0 0 0 0 0 0 0 0 0 0 0 0 0 0 0 0 0 0 0 0 0 0 0 0 0 0 0 0 0 0 0 0 0 0 0 0 0 0 0 0 0 0 0 0 0 0 0 0 0 0 0 0 0 0 0 0
INFO:tensorflow:masked_lm_positions: 7 12 19 27 32 34 0 0 0 0 0 0 0 0 0 0 0 0 0 0
I1103 15:26:59.469798 47826363671616 create_pretraining_data.py:161] masked_lm_positions: 7 12 19 27 32 34 0 0 0 0 0 0 0 0 0 0 0 0 0 0
INFO:tensorflow:masked_lm_ids: 2347 10021 11996 6832 4296 3488 0 0 0 0 0 0 0 0 0 0 0 0 0 0
I1103 15:26:59.469922 47826363671616 create_pretraining_data.py:161] masked_lm_ids: 2347 10021 11996 6832 4296 3488 0 0 0 0 0 0 0 0 0 0 0 0 0 0
INFO:tensorflow:masked_lm_weights: 1.0 1.0 1.0 1.0 1.0 1.0 0.0 0.0 0.0 0.0 0.0 0.0 0.0 0.0 0.0 0.0 0.0 0.0 0.0 0.0
I1103 15:26:59.470045 47826363671616 create_pretraining_data.py:161] masked_lm_weights: 1.0 1.0 1.0 1.0 1.0 1.0 0.0 0.0 0.0 0.0 0.0 0.0 0.0 0.0 0.0 0.0 0.0 0.0 0.0 0.0
INFO:tensorflow:next_sentence_labels: 1
I1103 15:26:59.470171 47826363671616 create_pretraining_data.py:161] next_sentence_labels: 1
INFO:tensorflow:*** Example ***
I1103 15:26:59.470836 47826363671616 create_pretraining_data.py:149] *** Example ***
INFO:tensorflow:tokens: [CLS] ف ليت الذي [MASK] وبينك عامر وبين ##ي وبين العالمين [MASK] ##اب [SEP] اق ##او ##م الشوق ولا البرد ولا غيابك [SEP]
I1103 15:26:59.470987 47826363671616 create_pretraining_data.py:151] tokens: [CLS] ف ليت الذي [MASK] وبينك عامر وبين ##ي وبين العالمين [MASK] ##اب [SEP] اق ##او ##م الشوق ولا البرد ولا غيابك [SEP]
INFO:tensorflow:input_ids: 2 408 4134 2130 4 23042 9343 3944 1013 3944 6074 4 1933 3 2536 22704 1015 5589 2086 5826 2086 9433 3 0 0 0 0 0 0 0 0 0 0 0 0 0 0 0 0 0 0 0 0 0 0 0 0 0 0 0 0 0 0 0 0 0 0 0 0 0 0 0 0 0 0 0 0 0 0 0 0 0 0 0 0 0 0 0 0 0 0 0 0 0 0 0 0 0 0 0 0 0 0 0 0 0 0 0 0 0 0 0 0 0 0 0 0 0 0 0 0 0 0 0 0 0 0 0 0 0 0 0 0 0 0 0 0 0
I1103 15:26:59.471164 47826363671616 create_pretraining_data.py:161] input_ids: 2 408 4134 2130 4 23042 9343 3944 1013 3944 6074 4 1933 3 2536 22704 1015 5589 2086 5826 2086 9433 3 0 0 0 0 0 0 0 0 0 0 0 0 0 0 0 0 0 0 0 0 0 0 0 0 0 0 0 0 0 0 0 0 0 0 0 0 0 0 0 0 0 0 0 0 0 0 0 0 0 0 0 0 0 0 0 0 0 0 0 0 0 0 0 0 0 0 0 0 0 0 0 0 0 0 0 0 0 0 0 0 0 0 0 0 0 0 0 0 0 0 0 0 0 0 0 0 0 0 0 0 0 0 0 0 0
INFO:tensorflow:input_mask: 1 1 1 1 1 1 1 1 1 1 1 1 1 1 1 1 1 1 1 1 1 1 1 0 0 0 0 0 0 0 0 0 0 0 0 0 0 0 0 0 0 0 0 0 0 0 0 0 0 0 0 0 0 0 0 0 0 0 0 0 0 0 0 0 0 0 0 0 0 0 0 0 0 0 0 0 0 0 0 0 0 0 0 0 0 0 0 0 0 0 0 0 0 0 0 0 0 0 0 0 0 0 0 0 0 0 0 0 0 0 0 0 0 0 0 0 0 0 0 0 0 0 0 0 0 0 0 0
I1103 15:26:59.471332 47826363671616 create_pretraining_data.py:161] input_mask: 1 1 1 1 1 1 1 1 1 1 1 1 1 1 1 1 1 1 1 1 1 1 1 0 0 0 0 0 0 0 0 0 0 0 0 0 0 0 0 0 0 0 0 0 0 0 0 0 0 0 0 0 0 0 0 0 0 0 0 0 0 0 0 0 0 0 0 0 0 0 0 0 0 0 0 0 0 0 0 0 0 0 0 0 0 0 0 0 0 0 0 0 0 0 0 0 0 0 0 0 0 0 0 0 0 0 0 0 0 0 0 0 0 0 0 0 0 0 0 0 0 0 0 0 0 0 0 0
INFO:tensorflow:segment_ids: 0 0 0 0 0 0 0 0 0 0 0 0 0 0 1 1 1 1 1 1 1 1 1 0 0 0 0 0 0 0 0 0 0 0 0 0 0 0 0 0 0 0 0 0 0 0 0 0 0 0 0 0 0 0 0 0 0 0 0 0 0 0 0 0 0 0 0 0 0 0 0 0 0 0 0 0 0 0 0 0 0 0 0 0 0 0 0 0 0 0 0 0 0 0 0 0 0 0 0 0 0 0 0 0 0 0 0 0 0 0 0 0 0 0 0 0 0 0 0 0 0 0 0 0 0 0 0 0
I1103 15:26:59.471493 47826363671616 create_pretraining_data.py:161] segment_ids: 0 0 0 0 0 0 0 0 0 0 0 0 0 0 1 1 1 1 1 1 1 1 1 0 0 0 0 0 0 0 0 0 0 0 0 0 0 0 0 0 0 0 0 0 0 0 0 0 0 0 0 0 0 0 0 0 0 0 0 0 0 0 0 0 0 0 0 0 0 0 0 0 0 0 0 0 0 0 0 0 0 0 0 0 0 0 0 0 0 0 0 0 0 0 0 0 0 0 0 0 0 0 0 0 0 0 0 0 0 0 0 0 0 0 0 0 0 0 0 0 0 0 0 0 0 0 0 0
INFO:tensorflow:masked_lm_positions: 4 11 12 0 0 0 0 0 0 0 0 0 0 0 0 0 0 0 0 0
I1103 15:26:59.471617 47826363671616 create_pretraining_data.py:161] masked_lm_positions: 4 11 12 0 0 0 0 0 0 0 0 0 0 0 0 0 0 0 0 0
INFO:tensorflow:masked_lm_ids: 8799 17963 1933 0 0 0 0 0 0 0 0 0 0 0 0 0 0 0 0 0
I1103 15:26:59.471750 47826363671616 create_pretraining_data.py:161] masked_lm_ids: 8799 17963 1933 0 0 0 0 0 0 0 0 0 0 0 0 0 0 0 0 0
INFO:tensorflow:masked_lm_weights: 1.0 1.0 1.0 0.0 0.0 0.0 0.0 0.0 0.0 0.0 0.0 0.0 0.0 0.0 0.0 0.0 0.0 0.0 0.0 0.0
I1103 15:26:59.471872 47826363671616 create_pretraining_data.py:161] masked_lm_weights: 1.0 1.0 1.0 0.0 0.0 0.0 0.0 0.0 0.0 0.0 0.0 0.0 0.0 0.0 0.0 0.0 0.0 0.0 0.0 0.0
INFO:tensorflow:next_sentence_labels: 1
I1103 15:26:59.471982 47826363671616 create_pretraining_data.py:161] next_sentence_labels: 1
INFO:tensorflow:*** Example ***
I1103 15:26:59.472795 47826363671616 create_pretraining_data.py:149] *** Example ***
INFO:tensorflow:tokens: [CLS] هناك دراسه توصلت الي ان السفر يجعل الانسان اكثر ذكاء [SEP] [MASK] [MASK] ريتويت فلو للي عمل رتويت [SEP]
I1103 15:26:59.472946 47826363671616 create_pretraining_data.py:151] tokens: [CLS] هناك دراسه توصلت الي ان السفر يجعل الانسان اكثر ذكاء [SEP] [MASK] [MASK] ريتويت فلو للي عمل رتويت [SEP]
INFO:tensorflow:input_ids: 2 2671 16899 22923 2002 1939 5698 5754 3858 2695 19710 3 4 4 3425 4696 4492 2979 2928 3 0 0 0 0 0 0 0 0 0 0 0 0 0 0 0 0 0 0 0 0 0 0 0 0 0 0 0 0 0 0 0 0 0 0 0 0 0 0 0 0 0 0 0 0 0 0 0 0 0 0 0 0 0 0 0 0 0 0 0 0 0 0 0 0 0 0 0 0 0 0 0 0 0 0 0 0 0 0 0 0 0 0 0 0 0 0 0 0 0 0 0 0 0 0 0 0 0 0 0 0 0 0 0 0 0 0 0 0
I1103 15:26:59.473119 47826363671616 create_pretraining_data.py:161] input_ids: 2 2671 16899 22923 2002 1939 5698 5754 3858 2695 19710 3 4 4 3425 4696 4492 2979 2928 3 0 0 0 0 0 0 0 0 0 0 0 0 0 0 0 0 0 0 0 0 0 0 0 0 0 0 0 0 0 0 0 0 0 0 0 0 0 0 0 0 0 0 0 0 0 0 0 0 0 0 0 0 0 0 0 0 0 0 0 0 0 0 0 0 0 0 0 0 0 0 0 0 0 0 0 0 0 0 0 0 0 0 0 0 0 0 0 0 0 0 0 0 0 0 0 0 0 0 0 0 0 0 0 0 0 0 0 0
INFO:tensorflow:input_mask: 1 1 1 1 1 1 1 1 1 1 1 1 1 1 1 1 1 1 1 1 0 0 0 0 0 0 0 0 0 0 0 0 0 0 0 0 0 0 0 0 0 0 0 0 0 0 0 0 0 0 0 0 0 0 0 0 0 0 0 0 0 0 0 0 0 0 0 0 0 0 0 0 0 0 0 0 0 0 0 0 0 0 0 0 0 0 0 0 0 0 0 0 0 0 0 0 0 0 0 0 0 0 0 0 0 0 0 0 0 0 0 0 0 0 0 0 0 0 0 0 0 0 0 0 0 0 0 0
I1103 15:26:59.473290 47826363671616 create_pretraining_data.py:161] input_mask: 1 1 1 1 1 1 1 1 1 1 1 1 1 1 1 1 1 1 1 1 0 0 0 0 0 0 0 0 0 0 0 0 0 0 0 0 0 0 0 0 0 0 0 0 0 0 0 0 0 0 0 0 0 0 0 0 0 0 0 0 0 0 0 0 0 0 0 0 0 0 0 0 0 0 0 0 0 0 0 0 0 0 0 0 0 0 0 0 0 0 0 0 0 0 0 0 0 0 0 0 0 0 0 0 0 0 0 0 0 0 0 0 0 0 0 0 0 0 0 0 0 0 0 0 0 0 0 0
INFO:tensorflow:segment_ids: 0 0 0 0 0 0 0 0 0 0 0 0 1 1 1 1 1 1 1 1 0 0 0 0 0 0 0 0 0 0 0 0 0 0 0 0 0 0 0 0 0 0 0 0 0 0 0 0 0 0 0 0 0 0 0 0 0 0 0 0 0 0 0 0 0 0 0 0 0 0 0 0 0 0 0 0 0 0 0 0 0 0 0 0 0 0 0 0 0 0 0 0 0 0 0 0 0 0 0 0 0 0 0 0 0 0 0 0 0 0 0 0 0 0 0 0 0 0 0 0 0 0 0 0 0 0 0 0
I1103 15:26:59.473452 47826363671616 create_pretraining_data.py:161] segment_ids: 0 0 0 0 0 0 0 0 0 0 0 0 1 1 1 1 1 1 1 1 0 0 0 0 0 0 0 0 0 0 0 0 0 0 0 0 0 0 0 0 0 0 0 0 0 0 0 0 0 0 0 0 0 0 0 0 0 0 0 0 0 0 0 0 0 0 0 0 0 0 0 0 0 0 0 0 0 0 0 0 0 0 0 0 0 0 0 0 0 0 0 0 0 0 0 0 0 0 0 0 0 0 0 0 0 0 0 0 0 0 0 0 0 0 0 0 0 0 0 0 0 0 0 0 0 0 0 0
INFO:tensorflow:masked_lm_positions: 12 13 16 0 0 0 0 0 0 0 0 0 0 0 0 0 0 0 0 0
I1103 15:26:59.473573 47826363671616 create_pretraining_data.py:161] masked_lm_positions: 12 13 16 0 0 0 0 0 0 0 0 0 0 0 0 0 0 0 0 0
INFO:tensorflow:masked_lm_ids: 5255 6209 4492 0 0 0 0 0 0 0 0 0 0 0 0 0 0 0 0 0
I1103 15:26:59.473689 47826363671616 create_pretraining_data.py:161] masked_lm_ids: 5255 6209 4492 0 0 0 0 0 0 0 0 0 0 0 0 0 0 0 0 0
INFO:tensorflow:masked_lm_weights: 1.0 1.0 1.0 0.0 0.0 0.0 0.0 0.0 0.0 0.0 0.0 0.0 0.0 0.0 0.0 0.0 0.0 0.0 0.0 0.0
I1103 15:26:59.473808 47826363671616 create_pretraining_data.py:161] masked_lm_weights: 1.0 1.0 1.0 0.0 0.0 0.0 0.0 0.0 0.0 0.0 0.0 0.0 0.0 0.0 0.0 0.0 0.0 0.0 0.0 0.0
INFO:tensorflow:next_sentence_labels: 1
I1103 15:26:59.473917 47826363671616 create_pretraining_data.py:161] next_sentence_labels: 1
INFO:tensorflow:*** Example ***
I1103 15:26:59.474540 47826363671616 create_pretraining_data.py:149] *** Example ***
INFO:tensorflow:tokens: [CLS] المباراه القادمه الجوله الاخيره فريق الاهلي القادسيه يوم الخميس المناسب ##ه الدوري ملعب الجوهره الوقت م رتويت لتصل للكل [SEP] مهما عملت حاجات كويس ##ه محدش [MASK] [MASK] [MASK] [MASK] غير اللحظه اللي [MASK] [MASK] فيها [SEP]
I1103 15:26:59.474709 47826363671616 create_pretraining_data.py:151] tokens: [CLS] المباراه القادمه الجوله الاخيره فريق الاهلي القادسيه يوم الخميس المناسب ##ه الدوري ملعب الجوهره الوقت م رتويت لتصل للكل [SEP] مهما عملت حاجات كويس ##ه محدش [MASK] [MASK] [MASK] [MASK] غير اللحظه اللي [MASK] [MASK] فيها [SEP]
INFO:tensorflow:input_ids: 2 7867 10674 19175 12285 3559 3105 12423 2232 3891 7364 1028 3914 7151 22531 3021 412 2928 17396 28151 3 3864 11010 12299 16629 1028 15366 4 4 4 4 2224 11913 2115 4 4 2443 3 0 0 0 0 0 0 0 0 0 0 0 0 0 0 0 0 0 0 0 0 0 0 0 0 0 0 0 0 0 0 0 0 0 0 0 0 0 0 0 0 0 0 0 0 0 0 0 0 0 0 0 0 0 0 0 0 0 0 0 0 0 0 0 0 0 0 0 0 0 0 0 0 0 0 0 0 0 0 0 0 0 0 0 0 0 0 0 0 0 0
I1103 15:26:59.474906 47826363671616 create_pretraining_data.py:161] input_ids: 2 7867 10674 19175 12285 3559 3105 12423 2232 3891 7364 1028 3914 7151 22531 3021 412 2928 17396 28151 3 3864 11010 12299 16629 1028 15366 4 4 4 4 2224 11913 2115 4 4 2443 3 0 0 0 0 0 0 0 0 0 0 0 0 0 0 0 0 0 0 0 0 0 0 0 0 0 0 0 0 0 0 0 0 0 0 0 0 0 0 0 0 0 0 0 0 0 0 0 0 0 0 0 0 0 0 0 0 0 0 0 0 0 0 0 0 0 0 0 0 0 0 0 0 0 0 0 0 0 0 0 0 0 0 0 0 0 0 0 0 0 0
INFO:tensorflow:input_mask: 1 1 1 1 1 1 1 1 1 1 1 1 1 1 1 1 1 1 1 1 1 1 1 1 1 1 1 1 1 1 1 1 1 1 1 1 1 1 0 0 0 0 0 0 0 0 0 0 0 0 0 0 0 0 0 0 0 0 0 0 0 0 0 0 0 0 0 0 0 0 0 0 0 0 0 0 0 0 0 0 0 0 0 0 0 0 0 0 0 0 0 0 0 0 0 0 0 0 0 0 0 0 0 0 0 0 0 0 0 0 0 0 0 0 0 0 0 0 0 0 0 0 0 0 0 0 0 0
I1103 15:26:59.475074 47826363671616 create_pretraining_data.py:161] input_mask: 1 1 1 1 1 1 1 1 1 1 1 1 1 1 1 1 1 1 1 1 1 1 1 1 1 1 1 1 1 1 1 1 1 1 1 1 1 1 0 0 0 0 0 0 0 0 0 0 0 0 0 0 0 0 0 0 0 0 0 0 0 0 0 0 0 0 0 0 0 0 0 0 0 0 0 0 0 0 0 0 0 0 0 0 0 0 0 0 0 0 0 0 0 0 0 0 0 0 0 0 0 0 0 0 0 0 0 0 0 0 0 0 0 0 0 0 0 0 0 0 0 0 0 0 0 0 0 0
INFO:tensorflow:segment_ids: 0 0 0 0 0 0 0 0 0 0 0 0 0 0 0 0 0 0 0 0 0 1 1 1 1 1 1 1 1 1 1 1 1 1 1 1 1 1 0 0 0 0 0 0 0 0 0 0 0 0 0 0 0 0 0 0 0 0 0 0 0 0 0 0 0 0 0 0 0 0 0 0 0 0 0 0 0 0 0 0 0 0 0 0 0 0 0 0 0 0 0 0 0 0 0 0 0 0 0 0 0 0 0 0 0 0 0 0 0 0 0 0 0 0 0 0 0 0 0 0 0 0 0 0 0 0 0 0
I1103 15:26:59.475238 47826363671616 create_pretraining_data.py:161] segment_ids: 0 0 0 0 0 0 0 0 0 0 0 0 0 0 0 0 0 0 0 0 0 1 1 1 1 1 1 1 1 1 1 1 1 1 1 1 1 1 0 0 0 0 0 0 0 0 0 0 0 0 0 0 0 0 0 0 0 0 0 0 0 0 0 0 0 0 0 0 0 0 0 0 0 0 0 0 0 0 0 0 0 0 0 0 0 0 0 0 0 0 0 0 0 0 0 0 0 0 0 0 0 0 0 0 0 0 0 0 0 0 0 0 0 0 0 0 0 0 0 0 0 0 0 0 0 0 0 0
INFO:tensorflow:masked_lm_positions: 27 28 29 30 34 35 0 0 0 0 0 0 0 0 0 0 0 0 0 0
I1103 15:26:59.475361 47826363671616 create_pretraining_data.py:161] masked_lm_positions: 27 28 29 30 34 35 0 0 0 0 0 0 0 0 0 0 0 0 0 0
INFO:tensorflow:masked_lm_ids: 17278 2348 1017 1934 7361 1005 0 0 0 0 0 0 0 0 0 0 0 0 0 0
I1103 15:26:59.475480 47826363671616 create_pretraining_data.py:161] masked_lm_ids: 17278 2348 1017 1934 7361 1005 0 0 0 0 0 0 0 0 0 0 0 0 0 0
INFO:tensorflow:masked_lm_weights: 1.0 1.0 1.0 1.0 1.0 1.0 0.0 0.0 0.0 0.0 0.0 0.0 0.0 0.0 0.0 0.0 0.0 0.0 0.0 0.0
I1103 15:26:59.475600 47826363671616 create_pretraining_data.py:161] masked_lm_weights: 1.0 1.0 1.0 1.0 1.0 1.0 0.0 0.0 0.0 0.0 0.0 0.0 0.0 0.0 0.0 0.0 0.0 0.0 0.0 0.0
INFO:tensorflow:next_sentence_labels: 1
I1103 15:26:59.475710 47826363671616 create_pretraining_data.py:161] next_sentence_labels: 1
INFO:tensorflow:*** Example ***
I1103 15:26:59.476318 47826363671616 create_pretraining_data.py:149] *** Example ***
INFO:tensorflow:tokens: [CLS] محدش هي ##ذاكر [MASK] [MASK] [SEP] همسه مسائي ##ه عيش حياتك بع ##فو ##يه [MASK] لات ##فسر كل الكلمات وتب ##حث لها عن سبب [MASK] عن راحه نفسك ومن حولك [SEP]
I1103 15:26:59.476468 47826363671616 create_pretraining_data.py:151] tokens: [CLS] محدش هي ##ذاكر [MASK] [MASK] [SEP] همسه مسائي ##ه عيش حياتك بع ##فو ##يه [MASK] لات ##فسر كل الكلمات وتب ##حث لها عن سبب [MASK] عن راحه نفسك ومن حولك [SEP]
INFO:tensorflow:input_ids: 2 15366 2247 6195 4 4 3 16748 29838 1028 7579 4540 2704 3301 1988 4 2955 28816 2038 6976 7257 3110 2553 1955 4364 4 1955 6812 3665 2298 9316 3 0 0 0 0 0 0 0 0 0 0 0 0 0 0 0 0 0 0 0 0 0 0 0 0 0 0 0 0 0 0 0 0 0 0 0 0 0 0 0 0 0 0 0 0 0 0 0 0 0 0 0 0 0 0 0 0 0 0 0 0 0 0 0 0 0 0 0 0 0 0 0 0 0 0 0 0 0 0 0 0 0 0 0 0 0 0 0 0 0 0 0 0 0 0 0 0
I1103 15:26:59.476661 47826363671616 create_pretraining_data.py:161] input_ids: 2 15366 2247 6195 4 4 3 16748 29838 1028 7579 4540 2704 3301 1988 4 2955 28816 2038 6976 7257 3110 2553 1955 4364 4 1955 6812 3665 2298 9316 3 0 0 0 0 0 0 0 0 0 0 0 0 0 0 0 0 0 0 0 0 0 0 0 0 0 0 0 0 0 0 0 0 0 0 0 0 0 0 0 0 0 0 0 0 0 0 0 0 0 0 0 0 0 0 0 0 0 0 0 0 0 0 0 0 0 0 0 0 0 0 0 0 0 0 0 0 0 0 0 0 0 0 0 0 0 0 0 0 0 0 0 0 0 0 0 0
INFO:tensorflow:input_mask: 1 1 1 1 1 1 1 1 1 1 1 1 1 1 1 1 1 1 1 1 1 1 1 1 1 1 1 1 1 1 1 1 0 0 0 0 0 0 0 0 0 0 0 0 0 0 0 0 0 0 0 0 0 0 0 0 0 0 0 0 0 0 0 0 0 0 0 0 0 0 0 0 0 0 0 0 0 0 0 0 0 0 0 0 0 0 0 0 0 0 0 0 0 0 0 0 0 0 0 0 0 0 0 0 0 0 0 0 0 0 0 0 0 0 0 0 0 0 0 0 0 0 0 0 0 0 0 0
I1103 15:26:59.476830 47826363671616 create_pretraining_data.py:161] input_mask: 1 1 1 1 1 1 1 1 1 1 1 1 1 1 1 1 1 1 1 1 1 1 1 1 1 1 1 1 1 1 1 1 0 0 0 0 0 0 0 0 0 0 0 0 0 0 0 0 0 0 0 0 0 0 0 0 0 0 0 0 0 0 0 0 0 0 0 0 0 0 0 0 0 0 0 0 0 0 0 0 0 0 0 0 0 0 0 0 0 0 0 0 0 0 0 0 0 0 0 0 0 0 0 0 0 0 0 0 0 0 0 0 0 0 0 0 0 0 0 0 0 0 0 0 0 0 0 0
INFO:tensorflow:segment_ids: 0 0 0 0 0 0 0 1 1 1 1 1 1 1 1 1 1 1 1 1 1 1 1 1 1 1 1 1 1 1 1 1 0 0 0 0 0 0 0 0 0 0 0 0 0 0 0 0 0 0 0 0 0 0 0 0 0 0 0 0 0 0 0 0 0 0 0 0 0 0 0 0 0 0 0 0 0 0 0 0 0 0 0 0 0 0 0 0 0 0 0 0 0 0 0 0 0 0 0 0 0 0 0 0 0 0 0 0 0 0 0 0 0 0 0 0 0 0 0 0 0 0 0 0 0 0 0 0
I1103 15:26:59.476990 47826363671616 create_pretraining_data.py:161] segment_ids: 0 0 0 0 0 0 0 1 1 1 1 1 1 1 1 1 1 1 1 1 1 1 1 1 1 1 1 1 1 1 1 1 0 0 0 0 0 0 0 0 0 0 0 0 0 0 0 0 0 0 0 0 0 0 0 0 0 0 0 0 0 0 0 0 0 0 0 0 0 0 0 0 0 0 0 0 0 0 0 0 0 0 0 0 0 0 0 0 0 0 0 0 0 0 0 0 0 0 0 0 0 0 0 0 0 0 0 0 0 0 0 0 0 0 0 0 0 0 0 0 0 0 0 0 0 0 0 0
INFO:tensorflow:masked_lm_positions: 4 5 15 22 25 0 0 0 0 0 0 0 0 0 0 0 0 0 0 0
I1103 15:26:59.477110 47826363671616 create_pretraining_data.py:161] masked_lm_positions: 4 5 15 22 25 0 0 0 0 0 0 0 0 0 0 0 0 0 0 0
INFO:tensorflow:masked_lm_ids: 2349 2877 23551 2553 9813 0 0 0 0 0 0 0 0 0 0 0 0 0 0 0
I1103 15:26:59.477235 47826363671616 create_pretraining_data.py:161] masked_lm_ids: 2349 2877 23551 2553 9813 0 0 0 0 0 0 0 0 0 0 0 0 0 0 0
INFO:tensorflow:masked_lm_weights: 1.0 1.0 1.0 1.0 1.0 0.0 0.0 0.0 0.0 0.0 0.0 0.0 0.0 0.0 0.0 0.0 0.0 0.0 0.0 0.0
I1103 15:26:59.477355 47826363671616 create_pretraining_data.py:161] masked_lm_weights: 1.0 1.0 1.0 1.0 1.0 0.0 0.0 0.0 0.0 0.0 0.0 0.0 0.0 0.0 0.0 0.0 0.0 0.0 0.0 0.0
INFO:tensorflow:next_sentence_labels: 1
I1103 15:26:59.477466 47826363671616 create_pretraining_data.py:161] next_sentence_labels: 1
INFO:tensorflow:*** Example ***
I1103 15:26:59.478060 47826363671616 create_pretraining_data.py:149] *** Example ***
INFO:tensorflow:tokens: [CLS] بب ##كي نسيت [SEP] [MASK] [MASK] الرجل حين يتغير من جل امرا احب ا [MASK] صدق [SEP]
I1103 15:26:59.478212 47826363671616 create_pretraining_data.py:151] tokens: [CLS] بب ##كي نسيت [SEP] [MASK] [MASK] الرجل حين يتغير من جل امرا احب ا [MASK] صدق [SEP]
INFO:tensorflow:input_ids: 2 3827 2199 10195 3 4 4 4069 2823 10263 1908 10144 12216 2744 387 4 5678 3 0 0 0 0 0 0 0 0 0 0 0 0 0 0 0 0 0 0 0 0 0 0 0 0 0 0 0 0 0 0 0 0 0 0 0 0 0 0 0 0 0 0 0 0 0 0 0 0 0 0 0 0 0 0 0 0 0 0 0 0 0 0 0 0 0 0 0 0 0 0 0 0 0 0 0 0 0 0 0 0 0 0 0 0 0 0 0 0 0 0 0 0 0 0 0 0 0 0 0 0 0 0 0 0 0 0 0 0 0 0
I1103 15:26:59.478385 47826363671616 create_pretraining_data.py:161] input_ids: 2 3827 2199 10195 3 4 4 4069 2823 10263 1908 10144 12216 2744 387 4 5678 3 0 0 0 0 0 0 0 0 0 0 0 0 0 0 0 0 0 0 0 0 0 0 0 0 0 0 0 0 0 0 0 0 0 0 0 0 0 0 0 0 0 0 0 0 0 0 0 0 0 0 0 0 0 0 0 0 0 0 0 0 0 0 0 0 0 0 0 0 0 0 0 0 0 0 0 0 0 0 0 0 0 0 0 0 0 0 0 0 0 0 0 0 0 0 0 0 0 0 0 0 0 0 0 0 0 0 0 0 0 0
INFO:tensorflow:input_mask: 1 1 1 1 1 1 1 1 1 1 1 1 1 1 1 1 1 1 0 0 0 0 0 0 0 0 0 0 0 0 0 0 0 0 0 0 0 0 0 0 0 0 0 0 0 0 0 0 0 0 0 0 0 0 0 0 0 0 0 0 0 0 0 0 0 0 0 0 0 0 0 0 0 0 0 0 0 0 0 0 0 0 0 0 0 0 0 0 0 0 0 0 0 0 0 0 0 0 0 0 0 0 0 0 0 0 0 0 0 0 0 0 0 0 0 0 0 0 0 0 0 0 0 0 0 0 0 0
I1103 15:26:59.478571 47826363671616 create_pretraining_data.py:161] input_mask: 1 1 1 1 1 1 1 1 1 1 1 1 1 1 1 1 1 1 0 0 0 0 0 0 0 0 0 0 0 0 0 0 0 0 0 0 0 0 0 0 0 0 0 0 0 0 0 0 0 0 0 0 0 0 0 0 0 0 0 0 0 0 0 0 0 0 0 0 0 0 0 0 0 0 0 0 0 0 0 0 0 0 0 0 0 0 0 0 0 0 0 0 0 0 0 0 0 0 0 0 0 0 0 0 0 0 0 0 0 0 0 0 0 0 0 0 0 0 0 0 0 0 0 0 0 0 0 0
INFO:tensorflow:segment_ids: 0 0 0 0 0 1 1 1 1 1 1 1 1 1 1 1 1 1 0 0 0 0 0 0 0 0 0 0 0 0 0 0 0 0 0 0 0 0 0 0 0 0 0 0 0 0 0 0 0 0 0 0 0 0 0 0 0 0 0 0 0 0 0 0 0 0 0 0 0 0 0 0 0 0 0 0 0 0 0 0 0 0 0 0 0 0 0 0 0 0 0 0 0 0 0 0 0 0 0 0 0 0 0 0 0 0 0 0 0 0 0 0 0 0 0 0 0 0 0 0 0 0 0 0 0 0 0 0
I1103 15:26:59.478735 47826363671616 create_pretraining_data.py:161] segment_ids: 0 0 0 0 0 1 1 1 1 1 1 1 1 1 1 1 1 1 0 0 0 0 0 0 0 0 0 0 0 0 0 0 0 0 0 0 0 0 0 0 0 0 0 0 0 0 0 0 0 0 0 0 0 0 0 0 0 0 0 0 0 0 0 0 0 0 0 0 0 0 0 0 0 0 0 0 0 0 0 0 0 0 0 0 0 0 0 0 0 0 0 0 0 0 0 0 0 0 0 0 0 0 0 0 0 0 0 0 0 0 0 0 0 0 0 0 0 0 0 0 0 0 0 0 0 0 0 0
INFO:tensorflow:masked_lm_positions: 5 6 15 0 0 0 0 0 0 0 0 0 0 0 0 0 0 0 0 0
I1103 15:26:59.478857 47826363671616 create_pretraining_data.py:161] masked_lm_positions: 5 6 15 0 0 0 0 0 0 0 0 0 0 0 0 0 0 0 0 0
INFO:tensorflow:masked_lm_ids: 412 17004 388 0 0 0 0 0 0 0 0 0 0 0 0 0 0 0 0 0
I1103 15:26:59.478976 47826363671616 create_pretraining_data.py:161] masked_lm_ids: 412 17004 388 0 0 0 0 0 0 0 0 0 0 0 0 0 0 0 0 0
INFO:tensorflow:masked_lm_weights: 1.0 1.0 1.0 0.0 0.0 0.0 0.0 0.0 0.0 0.0 0.0 0.0 0.0 0.0 0.0 0.0 0.0 0.0 0.0 0.0
I1103 15:26:59.479096 47826363671616 create_pretraining_data.py:161] masked_lm_weights: 1.0 1.0 1.0 0.0 0.0 0.0 0.0 0.0 0.0 0.0 0.0 0.0 0.0 0.0 0.0 0.0 0.0 0.0 0.0 0.0
INFO:tensorflow:next_sentence_labels: 1
I1103 15:26:59.479216 47826363671616 create_pretraining_data.py:161] next_sentence_labels: 1
INFO:tensorflow:*** Example ***
I1103 15:26:59.479824 47826363671616 create_pretraining_data.py:149] *** Example ***
INFO:tensorflow:tokens: [CLS] بكره يوم اسود ب كل المعاني [SEP] العراق [MASK] [MASK] دماء اين العرب فعل ##و هذه اله ##شت ##اغ وقف ضد الض ##لم شعبي [MASK] [MASK] [SEP]
I1103 15:26:59.479972 47826363671616 create_pretraining_data.py:151] tokens: [CLS] بكره يوم اسود ب كل المعاني [SEP] العراق [MASK] [MASK] دماء اين العرب فعل ##و هذه اله ##شت ##اغ وقف ضد الض ##لم شعبي [MASK] [MASK] [SEP]
INFO:tensorflow:input_ids: 2 7904 2232 10149 388 2038 17084 3 2906 4 4 15566 5963 3157 4695 1012 2159 2090 2781 7180 5127 3051 2403 1902 14939 4 4 3 0 0 0 0 0 0 0 0 0 0 0 0 0 0 0 0 0 0 0 0 0 0 0 0 0 0 0 0 0 0 0 0 0 0 0 0 0 0 0 0 0 0 0 0 0 0 0 0 0 0 0 0 0 0 0 0 0 0 0 0 0 0 0 0 0 0 0 0 0 0 0 0 0 0 0 0 0 0 0 0 0 0 0 0 0 0 0 0 0 0 0 0 0 0 0 0 0 0 0 0
I1103 15:26:59.480141 47826363671616 create_pretraining_data.py:161] input_ids: 2 7904 2232 10149 388 2038 17084 3 2906 4 4 15566 5963 3157 4695 1012 2159 2090 2781 7180 5127 3051 2403 1902 14939 4 4 3 0 0 0 0 0 0 0 0 0 0 0 0 0 0 0 0 0 0 0 0 0 0 0 0 0 0 0 0 0 0 0 0 0 0 0 0 0 0 0 0 0 0 0 0 0 0 0 0 0 0 0 0 0 0 0 0 0 0 0 0 0 0 0 0 0 0 0 0 0 0 0 0 0 0 0 0 0 0 0 0 0 0 0 0 0 0 0 0 0 0 0 0 0 0 0 0 0 0 0 0
INFO:tensorflow:input_mask: 1 1 1 1 1 1 1 1 1 1 1 1 1 1 1 1 1 1 1 1 1 1 1 1 1 1 1 1 0 0 0 0 0 0 0 0 0 0 0 0 0 0 0 0 0 0 0 0 0 0 0 0 0 0 0 0 0 0 0 0 0 0 0 0 0 0 0 0 0 0 0 0 0 0 0 0 0 0 0 0 0 0 0 0 0 0 0 0 0 0 0 0 0 0 0 0 0 0 0 0 0 0 0 0 0 0 0 0 0 0 0 0 0 0 0 0 0 0 0 0 0 0 0 0 0 0 0 0
I1103 15:26:59.480321 47826363671616 create_pretraining_data.py:161] input_mask: 1 1 1 1 1 1 1 1 1 1 1 1 1 1 1 1 1 1 1 1 1 1 1 1 1 1 1 1 0 0 0 0 0 0 0 0 0 0 0 0 0 0 0 0 0 0 0 0 0 0 0 0 0 0 0 0 0 0 0 0 0 0 0 0 0 0 0 0 0 0 0 0 0 0 0 0 0 0 0 0 0 0 0 0 0 0 0 0 0 0 0 0 0 0 0 0 0 0 0 0 0 0 0 0 0 0 0 0 0 0 0 0 0 0 0 0 0 0 0 0 0 0 0 0 0 0 0 0
INFO:tensorflow:segment_ids: 0 0 0 0 0 0 0 0 1 1 1 1 1 1 1 1 1 1 1 1 1 1 1 1 1 1 1 1 0 0 0 0 0 0 0 0 0 0 0 0 0 0 0 0 0 0 0 0 0 0 0 0 0 0 0 0 0 0 0 0 0 0 0 0 0 0 0 0 0 0 0 0 0 0 0 0 0 0 0 0 0 0 0 0 0 0 0 0 0 0 0 0 0 0 0 0 0 0 0 0 0 0 0 0 0 0 0 0 0 0 0 0 0 0 0 0 0 0 0 0 0 0 0 0 0 0 0 0
I1103 15:26:59.480500 47826363671616 create_pretraining_data.py:161] segment_ids: 0 0 0 0 0 0 0 0 1 1 1 1 1 1 1 1 1 1 1 1 1 1 1 1 1 1 1 1 0 0 0 0 0 0 0 0 0 0 0 0 0 0 0 0 0 0 0 0 0 0 0 0 0 0 0 0 0 0 0 0 0 0 0 0 0 0 0 0 0 0 0 0 0 0 0 0 0 0 0 0 0 0 0 0 0 0 0 0 0 0 0 0 0 0 0 0 0 0 0 0 0 0 0 0 0 0 0 0 0 0 0 0 0 0 0 0 0 0 0 0 0 0 0 0 0 0 0 0
INFO:tensorflow:masked_lm_positions: 9 10 25 26 0 0 0 0 0 0 0 0 0 0 0 0 0 0 0 0
I1103 15:26:59.480625 47826363671616 create_pretraining_data.py:161] masked_lm_positions: 9 10 25 26 0 0 0 0 0 0 0 0 0 0 0 0 0 0 0 0
INFO:tensorflow:masked_lm_ids: 2388 16398 2388 16398 0 0 0 0 0 0 0 0 0 0 0 0 0 0 0 0
I1103 15:26:59.480743 47826363671616 create_pretraining_data.py:161] masked_lm_ids: 2388 16398 2388 16398 0 0 0 0 0 0 0 0 0 0 0 0 0 0 0 0
INFO:tensorflow:masked_lm_weights: 1.0 1.0 1.0 1.0 0.0 0.0 0.0 0.0 0.0 0.0 0.0 0.0 0.0 0.0 0.0 0.0 0.0 0.0 0.0 0.0
I1103 15:26:59.480864 47826363671616 create_pretraining_data.py:161] masked_lm_weights: 1.0 1.0 1.0 1.0 0.0 0.0 0.0 0.0 0.0 0.0 0.0 0.0 0.0 0.0 0.0 0.0 0.0 0.0 0.0 0.0
INFO:tensorflow:next_sentence_labels: 1
I1103 15:26:59.480974 47826363671616 create_pretraining_data.py:161] next_sentence_labels: 1
INFO:tensorflow:*** Example ***
I1103 15:26:59.481575 47826363671616 create_pretraining_data.py:149] *** Example ***
INFO:tensorflow:tokens: [CLS] الف مبروك الفوز و [MASK] الي صدا ##ره الدوري [MASK] افضل يا مجاني ##ن شكرا اهل الاحساء علي الاستقبال الطيب شكرا اداره [MASK] و الفتح [SEP] اه علي ها الزمن [MASK] [MASK] ما جمع ##نا باح ##باب ##نا [SEP]
I1103 15:26:59.481729 47826363671616 create_pretraining_data.py:151] tokens: [CLS] الف مبروك الفوز و [MASK] الي صدا ##ره الدوري [MASK] افضل يا مجاني ##ن شكرا اهل الاحساء علي الاستقبال الطيب شكرا اداره [MASK] و الفتح [SEP] اه علي ها الزمن [MASK] [MASK] ما جمع ##نا باح ##باب ##نا [SEP]
INFO:tensorflow:input_ids: 2 1980 4447 5392 415 4 2002 12909 2197 3914 4 2931 2104 3143 1006 3948 3997 17150 1958 12040 4820 3948 7428 4 415 10000 3 2978 1958 4958 5579 4 4 1972 3341 1914 13044 2568 1914 3 0 0 0 0 0 0 0 0 0 0 0 0 0 0 0 0 0 0 0 0 0 0 0 0 0 0 0 0 0 0 0 0 0 0 0 0 0 0 0 0 0 0 0 0 0 0 0 0 0 0 0 0 0 0 0 0 0 0 0 0 0 0 0 0 0 0 0 0 0 0 0 0 0 0 0 0 0 0 0 0 0 0 0 0 0 0 0 0
I1103 15:26:59.481902 47826363671616 create_pretraining_data.py:161] input_ids: 2 1980 4447 5392 415 4 2002 12909 2197 3914 4 2931 2104 3143 1006 3948 3997 17150 1958 12040 4820 3948 7428 4 415 10000 3 2978 1958 4958 5579 4 4 1972 3341 1914 13044 2568 1914 3 0 0 0 0 0 0 0 0 0 0 0 0 0 0 0 0 0 0 0 0 0 0 0 0 0 0 0 0 0 0 0 0 0 0 0 0 0 0 0 0 0 0 0 0 0 0 0 0 0 0 0 0 0 0 0 0 0 0 0 0 0 0 0 0 0 0 0 0 0 0 0 0 0 0 0 0 0 0 0 0 0 0 0 0 0 0 0 0
INFO:tensorflow:input_mask: 1 1 1 1 1 1 1 1 1 1 1 1 1 1 1 1 1 1 1 1 1 1 1 1 1 1 1 1 1 1 1 1 1 1 1 1 1 1 1 1 0 0 0 0 0 0 0 0 0 0 0 0 0 0 0 0 0 0 0 0 0 0 0 0 0 0 0 0 0 0 0 0 0 0 0 0 0 0 0 0 0 0 0 0 0 0 0 0 0 0 0 0 0 0 0 0 0 0 0 0 0 0 0 0 0 0 0 0 0 0 0 0 0 0 0 0 0 0 0 0 0 0 0 0 0 0 0 0
I1103 15:26:59.482062 47826363671616 create_pretraining_data.py:161] input_mask: 1 1 1 1 1 1 1 1 1 1 1 1 1 1 1 1 1 1 1 1 1 1 1 1 1 1 1 1 1 1 1 1 1 1 1 1 1 1 1 1 0 0 0 0 0 0 0 0 0 0 0 0 0 0 0 0 0 0 0 0 0 0 0 0 0 0 0 0 0 0 0 0 0 0 0 0 0 0 0 0 0 0 0 0 0 0 0 0 0 0 0 0 0 0 0 0 0 0 0 0 0 0 0 0 0 0 0 0 0 0 0 0 0 0 0 0 0 0 0 0 0 0 0 0 0 0 0 0
INFO:tensorflow:segment_ids: 0 0 0 0 0 0 0 0 0 0 0 0 0 0 0 0 0 0 0 0 0 0 0 0 0 0 0 1 1 1 1 1 1 1 1 1 1 1 1 1 0 0 0 0 0 0 0 0 0 0 0 0 0 0 0 0 0 0 0 0 0 0 0 0 0 0 0 0 0 0 0 0 0 0 0 0 0 0 0 0 0 0 0 0 0 0 0 0 0 0 0 0 0 0 0 0 0 0 0 0 0 0 0 0 0 0 0 0 0 0 0 0 0 0 0 0 0 0 0 0 0 0 0 0 0 0 0 0
I1103 15:26:59.482240 47826363671616 create_pretraining_data.py:161] segment_ids: 0 0 0 0 0 0 0 0 0 0 0 0 0 0 0 0 0 0 0 0 0 0 0 0 0 0 0 1 1 1 1 1 1 1 1 1 1 1 1 1 0 0 0 0 0 0 0 0 0 0 0 0 0 0 0 0 0 0 0 0 0 0 0 0 0 0 0 0 0 0 0 0 0 0 0 0 0 0 0 0 0 0 0 0 0 0 0 0 0 0 0 0 0 0 0 0 0 0 0 0 0 0 0 0 0 0 0 0 0 0 0 0 0 0 0 0 0 0 0 0 0 0 0 0 0 0 0 0
INFO:tensorflow:masked_lm_positions: 5 10 23 27 31 32 0 0 0 0 0 0 0 0 0 0 0 0 0 0
I1103 15:26:59.482367 47826363671616 create_pretraining_data.py:161] masked_lm_positions: 5 10 23 27 31 32 0 0 0 0 0 0 0 0 0 0 0 0 0 0
INFO:tensorflow:masked_lm_ids: 17009 29369 3105 2978 3125 2027 0 0 0 0 0 0 0 0 0 0 0 0 0 0
I1103 15:26:59.482485 47826363671616 create_pretraining_data.py:161] masked_lm_ids: 17009 29369 3105 2978 3125 2027 0 0 0 0 0 0 0 0 0 0 0 0 0 0
INFO:tensorflow:masked_lm_weights: 1.0 1.0 1.0 1.0 1.0 1.0 0.0 0.0 0.0 0.0 0.0 0.0 0.0 0.0 0.0 0.0 0.0 0.0 0.0 0.0
I1103 15:26:59.482606 47826363671616 create_pretraining_data.py:161] masked_lm_weights: 1.0 1.0 1.0 1.0 1.0 1.0 0.0 0.0 0.0 0.0 0.0 0.0 0.0 0.0 0.0 0.0 0.0 0.0 0.0 0.0
INFO:tensorflow:next_sentence_labels: 1
I1103 15:26:59.482717 47826363671616 create_pretraining_data.py:161] next_sentence_labels: 1
INFO:tensorflow:*** Example ***
I1103 15:26:59.483327 47826363671616 create_pretraining_data.py:149] *** Example ***
INFO:tensorflow:tokens: [CLS] سبحان [MASK] اذا [MASK] ذكرك [MASK] ان شكر ##ته زاد ##ك و ان توكلت عليه كفاك سبحان الله وبحمده سبحان الله العظيم [SEP] مطبخ تك ##افل الخيري تجهيز وجبات الطعام ليتم [MASK] [MASK] علي بعض العائلات في الغوطه الشرقيه شكرا [MASK] ساهم معنا [SEP]
I1103 15:26:59.483484 47826363671616 create_pretraining_data.py:151] tokens: [CLS] سبحان [MASK] اذا [MASK] ذكرك [MASK] ان شكر ##ته زاد ##ك و ان توكلت عليه كفاك سبحان الله وبحمده سبحان الله العظيم [SEP] مطبخ تك ##افل الخيري تجهيز وجبات الطعام ليتم [MASK] [MASK] علي بعض العائلات في الغوطه الشرقيه شكرا [MASK] ساهم معنا [SEP]
INFO:tensorflow:input_ids: 2 2575 4 2387 4 11665 4 1939 6658 2076 6320 1014 415 1939 10699 2181 25700 2575 1953 4276 2575 1953 3049 3 6514 2654 8915 22470 12607 23034 6437 22421 4 4 1958 2346 16340 1912 29935 11380 3948 4 8387 4798 3 0 0 0 0 0 0 0 0 0 0 0 0 0 0 0 0 0 0 0 0 0 0 0 0 0 0 0 0 0 0 0 0 0 0 0 0 0 0 0 0 0 0 0 0 0 0 0 0 0 0 0 0 0 0 0 0 0 0 0 0 0 0 0 0 0 0 0 0 0 0 0 0 0 0 0 0 0 0 0 0 0 0 0
I1103 15:26:59.483661 47826363671616 create_pretraining_data.py:161] input_ids: 2 2575 4 2387 4 11665 4 1939 6658 2076 6320 1014 415 1939 10699 2181 25700 2575 1953 4276 2575 1953 3049 3 6514 2654 8915 22470 12607 23034 6437 22421 4 4 1958 2346 16340 1912 29935 11380 3948 4 8387 4798 3 0 0 0 0 0 0 0 0 0 0 0 0 0 0 0 0 0 0 0 0 0 0 0 0 0 0 0 0 0 0 0 0 0 0 0 0 0 0 0 0 0 0 0 0 0 0 0 0 0 0 0 0 0 0 0 0 0 0 0 0 0 0 0 0 0 0 0 0 0 0 0 0 0 0 0 0 0 0 0 0 0 0 0
INFO:tensorflow:input_mask: 1 1 1 1 1 1 1 1 1 1 1 1 1 1 1 1 1 1 1 1 1 1 1 1 1 1 1 1 1 1 1 1 1 1 1 1 1 1 1 1 1 1 1 1 1 0 0 0 0 0 0 0 0 0 0 0 0 0 0 0 0 0 0 0 0 0 0 0 0 0 0 0 0 0 0 0 0 0 0 0 0 0 0 0 0 0 0 0 0 0 0 0 0 0 0 0 0 0 0 0 0 0 0 0 0 0 0 0 0 0 0 0 0 0 0 0 0 0 0 0 0 0 0 0 0 0 0 0
I1103 15:26:59.483824 47826363671616 create_pretraining_data.py:161] input_mask: 1 1 1 1 1 1 1 1 1 1 1 1 1 1 1 1 1 1 1 1 1 1 1 1 1 1 1 1 1 1 1 1 1 1 1 1 1 1 1 1 1 1 1 1 1 0 0 0 0 0 0 0 0 0 0 0 0 0 0 0 0 0 0 0 0 0 0 0 0 0 0 0 0 0 0 0 0 0 0 0 0 0 0 0 0 0 0 0 0 0 0 0 0 0 0 0 0 0 0 0 0 0 0 0 0 0 0 0 0 0 0 0 0 0 0 0 0 0 0 0 0 0 0 0 0 0 0 0
INFO:tensorflow:segment_ids: 0 0 0 0 0 0 0 0 0 0 0 0 0 0 0 0 0 0 0 0 0 0 0 0 1 1 1 1 1 1 1 1 1 1 1 1 1 1 1 1 1 1 1 1 1 0 0 0 0 0 0 0 0 0 0 0 0 0 0 0 0 0 0 0 0 0 0 0 0 0 0 0 0 0 0 0 0 0 0 0 0 0 0 0 0 0 0 0 0 0 0 0 0 0 0 0 0 0 0 0 0 0 0 0 0 0 0 0 0 0 0 0 0 0 0 0 0 0 0 0 0 0 0 0 0 0 0 0
I1103 15:26:59.483980 47826363671616 create_pretraining_data.py:161] segment_ids: 0 0 0 0 0 0 0 0 0 0 0 0 0 0 0 0 0 0 0 0 0 0 0 0 1 1 1 1 1 1 1 1 1 1 1 1 1 1 1 1 1 1 1 1 1 0 0 0 0 0 0 0 0 0 0 0 0 0 0 0 0 0 0 0 0 0 0 0 0 0 0 0 0 0 0 0 0 0 0 0 0 0 0 0 0 0 0 0 0 0 0 0 0 0 0 0 0 0 0 0 0 0 0 0 0 0 0 0 0 0 0 0 0 0 0 0 0 0 0 0 0 0 0 0 0 0 0 0
INFO:tensorflow:masked_lm_positions: 2 4 6 24 32 33 41 0 0 0 0 0 0 0 0 0 0 0 0 0
I1103 15:26:59.484124 47826363671616 create_pretraining_data.py:161] masked_lm_positions: 2 4 6 24 32 33 41 0 0 0 0 0 0 0 0 0 0 0 0 0
INFO:tensorflow:masked_lm_ids: 2130 17807 415 6514 7283 1913 3043 0 0 0 0 0 0 0 0 0 0 0 0 0
I1103 15:26:59.484249 47826363671616 create_pretraining_data.py:161] masked_lm_ids: 2130 17807 415 6514 7283 1913 3043 0 0 0 0 0 0 0 0 0 0 0 0 0
INFO:tensorflow:masked_lm_weights: 1.0 1.0 1.0 1.0 1.0 1.0 1.0 0.0 0.0 0.0 0.0 0.0 0.0 0.0 0.0 0.0 0.0 0.0 0.0 0.0
I1103 15:26:59.484370 47826363671616 create_pretraining_data.py:161] masked_lm_weights: 1.0 1.0 1.0 1.0 1.0 1.0 1.0 0.0 0.0 0.0 0.0 0.0 0.0 0.0 0.0 0.0 0.0 0.0 0.0 0.0
INFO:tensorflow:next_sentence_labels: 1
I1103 15:26:59.484480 47826363671616 create_pretraining_data.py:161] next_sentence_labels: 1
INFO:tensorflow:*** Example ***
I1103 15:26:59.485076 47826363671616 create_pretraining_data.py:149] *** Example ***
INFO:tensorflow:tokens: [CLS] [MASK] الرك ##وع سبحان ذي الجب ##روت والم ##لك ##وت والك ##بري ##اء والع ##ظمه [SEP] مشهد مؤثر لح ##بيب ##ان [MASK] [MASK] [MASK] [MASK] سنين طويله من [MASK] ويت ##ذكر ##ان معا اجمل الذكريات ثم [MASK] امي مت ##اثر ##ه بالمش ##هد حلو لون الست ##اير اللي وراه ##م ده [SEP]
I1103 15:26:59.485241 47826363671616 create_pretraining_data.py:151] tokens: [CLS] [MASK] الرك ##وع سبحان ذي الجب ##روت والم ##لك ##وت والك ##بري ##اء والع ##ظمه [SEP] مشهد مؤثر لح ##بيب ##ان [MASK] [MASK] [MASK] [MASK] سنين طويله من [MASK] ويت ##ذكر ##ان معا اجمل الذكريات ثم [MASK] امي مت ##اثر ##ه بالمش ##هد حلو لون الست ##اير اللي وراه ##م ده [SEP]
INFO:tensorflow:input_ids: 2 4 6009 2095 2575 6470 6402 6652 2119 1934 2054 3764 14135 1954 2506 10314 3 11171 22339 2503 2895 1906 4 4 4 4 8189 11761 1908 4 3398 2441 1906 3874 3244 12225 2371 4 4372 2068 21273 1028 16977 2146 3740 8745 5451 11249 2115 27429 1015 4382 3 0 0 0 0 0 0 0 0 0 0 0 0 0 0 0 0 0 0 0 0 0 0 0 0 0 0 0 0 0 0 0 0 0 0 0 0 0 0 0 0 0 0 0 0 0 0 0 0 0 0 0 0 0 0 0 0 0 0 0 0 0 0 0 0 0 0 0 0 0 0 0 0 0 0 0
I1103 15:26:59.485416 47826363671616 create_pretraining_data.py:161] input_ids: 2 4 6009 2095 2575 6470 6402 6652 2119 1934 2054 3764 14135 1954 2506 10314 3 11171 22339 2503 2895 1906 4 4 4 4 8189 11761 1908 4 3398 2441 1906 3874 3244 12225 2371 4 4372 2068 21273 1028 16977 2146 3740 8745 5451 11249 2115 27429 1015 4382 3 0 0 0 0 0 0 0 0 0 0 0 0 0 0 0 0 0 0 0 0 0 0 0 0 0 0 0 0 0 0 0 0 0 0 0 0 0 0 0 0 0 0 0 0 0 0 0 0 0 0 0 0 0 0 0 0 0 0 0 0 0 0 0 0 0 0 0 0 0 0 0 0 0 0 0
INFO:tensorflow:input_mask: 1 1 1 1 1 1 1 1 1 1 1 1 1 1 1 1 1 1 1 1 1 1 1 1 1 1 1 1 1 1 1 1 1 1 1 1 1 1 1 1 1 1 1 1 1 1 1 1 1 1 1 1 1 0 0 0 0 0 0 0 0 0 0 0 0 0 0 0 0 0 0 0 0 0 0 0 0 0 0 0 0 0 0 0 0 0 0 0 0 0 0 0 0 0 0 0 0 0 0 0 0 0 0 0 0 0 0 0 0 0 0 0 0 0 0 0 0 0 0 0 0 0 0 0 0 0 0 0
I1103 15:26:59.485582 47826363671616 create_pretraining_data.py:161] input_mask: 1 1 1 1 1 1 1 1 1 1 1 1 1 1 1 1 1 1 1 1 1 1 1 1 1 1 1 1 1 1 1 1 1 1 1 1 1 1 1 1 1 1 1 1 1 1 1 1 1 1 1 1 1 0 0 0 0 0 0 0 0 0 0 0 0 0 0 0 0 0 0 0 0 0 0 0 0 0 0 0 0 0 0 0 0 0 0 0 0 0 0 0 0 0 0 0 0 0 0 0 0 0 0 0 0 0 0 0 0 0 0 0 0 0 0 0 0 0 0 0 0 0 0 0 0 0 0 0
INFO:tensorflow:segment_ids: 0 0 0 0 0 0 0 0 0 0 0 0 0 0 0 0 0 1 1 1 1 1 1 1 1 1 1 1 1 1 1 1 1 1 1 1 1 1 1 1 1 1 1 1 1 1 1 1 1 1 1 1 1 0 0 0 0 0 0 0 0 0 0 0 0 0 0 0 0 0 0 0 0 0 0 0 0 0 0 0 0 0 0 0 0 0 0 0 0 0 0 0 0 0 0 0 0 0 0 0 0 0 0 0 0 0 0 0 0 0 0 0 0 0 0 0 0 0 0 0 0 0 0 0 0 0 0 0
I1103 15:26:59.485738 47826363671616 create_pretraining_data.py:161] segment_ids: 0 0 0 0 0 0 0 0 0 0 0 0 0 0 0 0 0 1 1 1 1 1 1 1 1 1 1 1 1 1 1 1 1 1 1 1 1 1 1 1 1 1 1 1 1 1 1 1 1 1 1 1 1 0 0 0 0 0 0 0 0 0 0 0 0 0 0 0 0 0 0 0 0 0 0 0 0 0 0 0 0 0 0 0 0 0 0 0 0 0 0 0 0 0 0 0 0 0 0 0 0 0 0 0 0 0 0 0 0 0 0 0 0 0 0 0 0 0 0 0 0 0 0 0 0 0 0 0
INFO:tensorflow:masked_lm_positions: 1 17 22 23 24 25 29 37 0 0 0 0 0 0 0 0 0 0 0 0
I1103 15:26:59.485877 47826363671616 create_pretraining_data.py:161] masked_lm_positions: 1 17 22 23 24 25 29 37 0 0 0 0 0 0 0 0 0 0 0 0
INFO:tensorflow:masked_lm_ids: 5394 11171 6529 2166 1906 2089 3088 4018 0 0 0 0 0 0 0 0 0 0 0 0
I1103 15:26:59.485996 47826363671616 create_pretraining_data.py:161] masked_lm_ids: 5394 11171 6529 2166 1906 2089 3088 4018 0 0 0 0 0 0 0 0 0 0 0 0
INFO:tensorflow:masked_lm_weights: 1.0 1.0 1.0 1.0 1.0 1.0 1.0 1.0 0.0 0.0 0.0 0.0 0.0 0.0 0.0 0.0 0.0 0.0 0.0 0.0
I1103 15:26:59.486118 47826363671616 create_pretraining_data.py:161] masked_lm_weights: 1.0 1.0 1.0 1.0 1.0 1.0 1.0 1.0 0.0 0.0 0.0 0.0 0.0 0.0 0.0 0.0 0.0 0.0 0.0 0.0
INFO:tensorflow:next_sentence_labels: 1
I1103 15:26:59.486236 47826363671616 create_pretraining_data.py:161] next_sentence_labels: 1
INFO:tensorflow:*** Example ***
I1103 15:26:59.486840 47826363671616 create_pretraining_data.py:149] *** Example ***
INFO:tensorflow:tokens: [CLS] الميزانيه [MASK] للدول ##ه [MASK] المقبل ستكون صاد ##مه لاع ##دا ##ئها بما ست ##شت ##مل عليه [MASK] مض ##امين تهم المواطن [MASK] ##ه [SEP] [MASK] طبيعي تعيش حياتك بعد منهم ف اكت ##ئاب ما اللي وعد ##ك [MASK] يفضل هو اول واحد غاب [SEP]
I1103 15:26:59.486995 47826363671616 create_pretraining_data.py:151] tokens: [CLS] الميزانيه [MASK] للدول ##ه [MASK] المقبل ستكون صاد ##مه لاع ##دا ##ئها بما ست ##شت ##مل عليه [MASK] مض ##امين تهم المواطن [MASK] ##ه [SEP] [MASK] طبيعي تعيش حياتك بعد منهم ف اكت ##ئاب ما اللي وعد ##ك [MASK] يفضل هو اول واحد غاب [SEP]
INFO:tensorflow:input_ids: 2 14422 4 19564 1028 4 4656 6557 5490 2152 6012 2060 10614 2908 2333 2781 2182 2181 4 3562 4745 8408 3999 4 1028 3 4 8190 5955 4540 2089 3441 408 3555 10647 1972 2115 3431 1014 4 13275 2139 3085 2563 8894 3 0 0 0 0 0 0 0 0 0 0 0 0 0 0 0 0 0 0 0 0 0 0 0 0 0 0 0 0 0 0 0 0 0 0 0 0 0 0 0 0 0 0 0 0 0 0 0 0 0 0 0 0 0 0 0 0 0 0 0 0 0 0 0 0 0 0 0 0 0 0 0 0 0 0 0 0 0 0 0 0 0 0
I1103 15:26:59.487178 47826363671616 create_pretraining_data.py:161] input_ids: 2 14422 4 19564 1028 4 4656 6557 5490 2152 6012 2060 10614 2908 2333 2781 2182 2181 4 3562 4745 8408 3999 4 1028 3 4 8190 5955 4540 2089 3441 408 3555 10647 1972 2115 3431 1014 4 13275 2139 3085 2563 8894 3 0 0 0 0 0 0 0 0 0 0 0 0 0 0 0 0 0 0 0 0 0 0 0 0 0 0 0 0 0 0 0 0 0 0 0 0 0 0 0 0 0 0 0 0 0 0 0 0 0 0 0 0 0 0 0 0 0 0 0 0 0 0 0 0 0 0 0 0 0 0 0 0 0 0 0 0 0 0 0 0 0 0
INFO:tensorflow:input_mask: 1 1 1 1 1 1 1 1 1 1 1 1 1 1 1 1 1 1 1 1 1 1 1 1 1 1 1 1 1 1 1 1 1 1 1 1 1 1 1 1 1 1 1 1 1 1 0 0 0 0 0 0 0 0 0 0 0 0 0 0 0 0 0 0 0 0 0 0 0 0 0 0 0 0 0 0 0 0 0 0 0 0 0 0 0 0 0 0 0 0 0 0 0 0 0 0 0 0 0 0 0 0 0 0 0 0 0 0 0 0 0 0 0 0 0 0 0 0 0 0 0 0 0 0 0 0 0 0
I1103 15:26:59.487345 47826363671616 create_pretraining_data.py:161] input_mask: 1 1 1 1 1 1 1 1 1 1 1 1 1 1 1 1 1 1 1 1 1 1 1 1 1 1 1 1 1 1 1 1 1 1 1 1 1 1 1 1 1 1 1 1 1 1 0 0 0 0 0 0 0 0 0 0 0 0 0 0 0 0 0 0 0 0 0 0 0 0 0 0 0 0 0 0 0 0 0 0 0 0 0 0 0 0 0 0 0 0 0 0 0 0 0 0 0 0 0 0 0 0 0 0 0 0 0 0 0 0 0 0 0 0 0 0 0 0 0 0 0 0 0 0 0 0 0 0
INFO:tensorflow:segment_ids: 0 0 0 0 0 0 0 0 0 0 0 0 0 0 0 0 0 0 0 0 0 0 0 0 0 0 1 1 1 1 1 1 1 1 1 1 1 1 1 1 1 1 1 1 1 1 0 0 0 0 0 0 0 0 0 0 0 0 0 0 0 0 0 0 0 0 0 0 0 0 0 0 0 0 0 0 0 0 0 0 0 0 0 0 0 0 0 0 0 0 0 0 0 0 0 0 0 0 0 0 0 0 0 0 0 0 0 0 0 0 0 0 0 0 0 0 0 0 0 0 0 0 0 0 0 0 0 0
I1103 15:26:59.487506 47826363671616 create_pretraining_data.py:161] segment_ids: 0 0 0 0 0 0 0 0 0 0 0 0 0 0 0 0 0 0 0 0 0 0 0 0 0 0 1 1 1 1 1 1 1 1 1 1 1 1 1 1 1 1 1 1 1 1 0 0 0 0 0 0 0 0 0 0 0 0 0 0 0 0 0 0 0 0 0 0 0 0 0 0 0 0 0 0 0 0 0 0 0 0 0 0 0 0 0 0 0 0 0 0 0 0 0 0 0 0 0 0 0 0 0 0 0 0 0 0 0 0 0 0 0 0 0 0 0 0 0 0 0 0 0 0 0 0 0 0
INFO:tensorflow:masked_lm_positions: 2 5 18 23 24 26 39 0 0 0 0 0 0 0 0 0 0 0 0 0
I1103 15:26:59.487648 47826363671616 create_pretraining_data.py:161] masked_lm_positions: 2 5 18 23 24 26 39 0 0 0 0 0 0 0 0 0 0 0 0 0
INFO:tensorflow:masked_lm_ids: 6760 6100 1908 26937 1028 2055 2615 0 0 0 0 0 0 0 0 0 0 0 0 0
I1103 15:26:59.487770 47826363671616 create_pretraining_data.py:161] masked_lm_ids: 6760 6100 1908 26937 1028 2055 2615 0 0 0 0 0 0 0 0 0 0 0 0 0
INFO:tensorflow:masked_lm_weights: 1.0 1.0 1.0 1.0 1.0 1.0 1.0 0.0 0.0 0.0 0.0 0.0 0.0 0.0 0.0 0.0 0.0 0.0 0.0 0.0
I1103 15:26:59.487892 47826363671616 create_pretraining_data.py:161] masked_lm_weights: 1.0 1.0 1.0 1.0 1.0 1.0 1.0 0.0 0.0 0.0 0.0 0.0 0.0 0.0 0.0 0.0 0.0 0.0 0.0 0.0
INFO:tensorflow:next_sentence_labels: 1
I1103 15:26:59.488003 47826363671616 create_pretraining_data.py:161] next_sentence_labels: 1
INFO:tensorflow:*** Example ***
I1103 15:26:59.488605 47826363671616 create_pretraining_data.py:149] *** Example ***
INFO:tensorflow:tokens: [CLS] من [MASK] بك دوما اجعل [MASK] وطنا في قلبك لا يليق صناديق به [SEP] هؤلاء اطفال السنه المه ##جرين من بلادهم في العراق و سوريا هكذا ينام ##ون هكذا حالته ##م [MASK] [MASK] من هذا اللهم اد ##ف ##ئهم [MASK] ##د جوع ##هم [SEP]
I1103 15:26:59.488761 47826363671616 create_pretraining_data.py:151] tokens: [CLS] من [MASK] بك دوما اجعل [MASK] وطنا في قلبك لا يليق صناديق به [SEP] هؤلاء اطفال السنه المه ##جرين من بلادهم في العراق و سوريا هكذا ينام ##ون هكذا حالته ##م [MASK] [MASK] من هذا اللهم اد ##ف ##ئهم [MASK] ##د جوع ##هم [SEP]
INFO:tensorflow:input_ids: 2 1908 4 2395 7956 4608 4 24307 1912 3966 1963 13614 19659 2249 3 4669 5603 4917 3100 9249 1908 20434 1912 2906 415 3379 5708 12417 1922 5708 22154 1015 4 4 1908 2085 2168 2485 1037 25793 4 1016 21032 1949 3 0 0 0 0 0 0 0 0 0 0 0 0 0 0 0 0 0 0 0 0 0 0 0 0 0 0 0 0 0 0 0 0 0 0 0 0 0 0 0 0 0 0 0 0 0 0 0 0 0 0 0 0 0 0 0 0 0 0 0 0 0 0 0 0 0 0 0 0 0 0 0 0 0 0 0 0 0 0 0 0 0 0 0
I1103 15:26:59.488938 47826363671616 create_pretraining_data.py:161] input_ids: 2 1908 4 2395 7956 4608 4 24307 1912 3966 1963 13614 19659 2249 3 4669 5603 4917 3100 9249 1908 20434 1912 2906 415 3379 5708 12417 1922 5708 22154 1015 4 4 1908 2085 2168 2485 1037 25793 4 1016 21032 1949 3 0 0 0 0 0 0 0 0 0 0 0 0 0 0 0 0 0 0 0 0 0 0 0 0 0 0 0 0 0 0 0 0 0 0 0 0 0 0 0 0 0 0 0 0 0 0 0 0 0 0 0 0 0 0 0 0 0 0 0 0 0 0 0 0 0 0 0 0 0 0 0 0 0 0 0 0 0 0 0 0 0 0 0
INFO:tensorflow:input_mask: 1 1 1 1 1 1 1 1 1 1 1 1 1 1 1 1 1 1 1 1 1 1 1 1 1 1 1 1 1 1 1 1 1 1 1 1 1 1 1 1 1 1 1 1 1 0 0 0 0 0 0 0 0 0 0 0 0 0 0 0 0 0 0 0 0 0 0 0 0 0 0 0 0 0 0 0 0 0 0 0 0 0 0 0 0 0 0 0 0 0 0 0 0 0 0 0 0 0 0 0 0 0 0 0 0 0 0 0 0 0 0 0 0 0 0 0 0 0 0 0 0 0 0 0 0 0 0 0
I1103 15:26:59.489103 47826363671616 create_pretraining_data.py:161] input_mask: 1 1 1 1 1 1 1 1 1 1 1 1 1 1 1 1 1 1 1 1 1 1 1 1 1 1 1 1 1 1 1 1 1 1 1 1 1 1 1 1 1 1 1 1 1 0 0 0 0 0 0 0 0 0 0 0 0 0 0 0 0 0 0 0 0 0 0 0 0 0 0 0 0 0 0 0 0 0 0 0 0 0 0 0 0 0 0 0 0 0 0 0 0 0 0 0 0 0 0 0 0 0 0 0 0 0 0 0 0 0 0 0 0 0 0 0 0 0 0 0 0 0 0 0 0 0 0 0
INFO:tensorflow:segment_ids: 0 0 0 0 0 0 0 0 0 0 0 0 0 0 0 1 1 1 1 1 1 1 1 1 1 1 1 1 1 1 1 1 1 1 1 1 1 1 1 1 1 1 1 1 1 0 0 0 0 0 0 0 0 0 0 0 0 0 0 0 0 0 0 0 0 0 0 0 0 0 0 0 0 0 0 0 0 0 0 0 0 0 0 0 0 0 0 0 0 0 0 0 0 0 0 0 0 0 0 0 0 0 0 0 0 0 0 0 0 0 0 0 0 0 0 0 0 0 0 0 0 0 0 0 0 0 0 0
I1103 15:26:59.489272 47826363671616 create_pretraining_data.py:161] segment_ids: 0 0 0 0 0 0 0 0 0 0 0 0 0 0 0 1 1 1 1 1 1 1 1 1 1 1 1 1 1 1 1 1 1 1 1 1 1 1 1 1 1 1 1 1 1 0 0 0 0 0 0 0 0 0 0 0 0 0 0 0 0 0 0 0 0 0 0 0 0 0 0 0 0 0 0 0 0 0 0 0 0 0 0 0 0 0 0 0 0 0 0 0 0 0 0 0 0 0 0 0 0 0 0 0 0 0 0 0 0 0 0 0 0 0 0 0 0 0 0 0 0 0 0 0 0 0 0 0
INFO:tensorflow:masked_lm_positions: 2 6 12 32 33 40 41 0 0 0 0 0 0 0 0 0 0 0 0 0
I1103 15:26:59.489410 47826363671616 create_pretraining_data.py:161] masked_lm_positions: 2 6 12 32 33 40 41 0 0 0 0 0 0 0 0 0 0 0 0 0
INFO:tensorflow:masked_lm_ids: 9671 2154 1915 5368 1016 2138 1016 0 0 0 0 0 0 0 0 0 0 0 0 0
I1103 15:26:59.489530 47826363671616 create_pretraining_data.py:161] masked_lm_ids: 9671 2154 1915 5368 1016 2138 1016 0 0 0 0 0 0 0 0 0 0 0 0 0
INFO:tensorflow:masked_lm_weights: 1.0 1.0 1.0 1.0 1.0 1.0 1.0 0.0 0.0 0.0 0.0 0.0 0.0 0.0 0.0 0.0 0.0 0.0 0.0 0.0
I1103 15:26:59.489650 47826363671616 create_pretraining_data.py:161] masked_lm_weights: 1.0 1.0 1.0 1.0 1.0 1.0 1.0 0.0 0.0 0.0 0.0 0.0 0.0 0.0 0.0 0.0 0.0 0.0 0.0 0.0
INFO:tensorflow:next_sentence_labels: 1
I1103 15:26:59.489760 47826363671616 create_pretraining_data.py:161] next_sentence_labels: 1
INFO:tensorflow:*** Example ***
I1103 15:26:59.490366 47826363671616 create_pretraining_data.py:149] *** Example ***
INFO:tensorflow:tokens: [CLS] [MASK] ولي [MASK] يو ##اس ##ي اسره الشهيد لاخر عبدالله السهيان مث ##نيا [MASK] كفا ##ء ##ته [MASK] [MASK] في تحقيق الانتصارات للشر ##عيه في [MASK] [SEP] للعلم نت ##عب من المجا ##مل ##ات في الحياه الواقع ##يه لذا ##لك مان ##ت ##صنع بتويتر علي طبيع ##تنا [MASK] مات ##عج ##بك ##م لكن مو [MASK] اه ##رب من واقع [MASK] واقع ابل ##ي نفسي فيه [SEP]
I1103 15:26:59.490532 47826363671616 create_pretraining_data.py:151] tokens: [CLS] [MASK] ولي [MASK] يو ##اس ##ي اسره الشهيد لاخر عبدالله السهيان مث ##نيا [MASK] كفا ##ء ##ته [MASK] [MASK] في تحقيق الانتصارات للشر ##عيه في [MASK] [SEP] للعلم نت ##عب من المجا ##مل ##ات في الحياه الواقع ##يه لذا ##لك مان ##ت ##صنع بتويتر علي طبيع ##تنا [MASK] مات ##عج ##بك ##م لكن مو [MASK] اه ##رب من واقع [MASK] واقع ابل ##ي نفسي فيه [SEP]
INFO:tensorflow:input_ids: 2 4 2670 4 2724 2233 1013 21875 6070 17959 3299 12945 3066 2545 4 7227 1053 2076 4 4 1912 4352 25649 18681 5752 1912 4 3 17586 2682 2123 1908 11269 2182 1904 1912 3014 4915 1988 5432 1934 4093 1005 16441 14756 1958 10431 3359 4 3019 9837 2309 1015 2425 2481 4 2978 1975 1908 6422 4 6422 21331 1013 3733 2366 3 0 0 0 0 0 0 0 0 0 0 0 0 0 0 0 0 0 0 0 0 0 0 0 0 0 0 0 0 0 0 0 0 0 0 0 0 0 0 0 0 0 0 0 0 0 0 0 0 0 0 0 0 0 0 0 0 0 0 0 0 0
I1103 15:26:59.490719 47826363671616 create_pretraining_data.py:161] input_ids: 2 4 2670 4 2724 2233 1013 21875 6070 17959 3299 12945 3066 2545 4 7227 1053 2076 4 4 1912 4352 25649 18681 5752 1912 4 3 17586 2682 2123 1908 11269 2182 1904 1912 3014 4915 1988 5432 1934 4093 1005 16441 14756 1958 10431 3359 4 3019 9837 2309 1015 2425 2481 4 2978 1975 1908 6422 4 6422 21331 1013 3733 2366 3 0 0 0 0 0 0 0 0 0 0 0 0 0 0 0 0 0 0 0 0 0 0 0 0 0 0 0 0 0 0 0 0 0 0 0 0 0 0 0 0 0 0 0 0 0 0 0 0 0 0 0 0 0 0 0 0 0 0 0 0 0
INFO:tensorflow:input_mask: 1 1 1 1 1 1 1 1 1 1 1 1 1 1 1 1 1 1 1 1 1 1 1 1 1 1 1 1 1 1 1 1 1 1 1 1 1 1 1 1 1 1 1 1 1 1 1 1 1 1 1 1 1 1 1 1 1 1 1 1 1 1 1 1 1 1 1 0 0 0 0 0 0 0 0 0 0 0 0 0 0 0 0 0 0 0 0 0 0 0 0 0 0 0 0 0 0 0 0 0 0 0 0 0 0 0 0 0 0 0 0 0 0 0 0 0 0 0 0 0 0 0 0 0 0 0 0 0
I1103 15:26:59.490887 47826363671616 create_pretraining_data.py:161] input_mask: 1 1 1 1 1 1 1 1 1 1 1 1 1 1 1 1 1 1 1 1 1 1 1 1 1 1 1 1 1 1 1 1 1 1 1 1 1 1 1 1 1 1 1 1 1 1 1 1 1 1 1 1 1 1 1 1 1 1 1 1 1 1 1 1 1 1 1 0 0 0 0 0 0 0 0 0 0 0 0 0 0 0 0 0 0 0 0 0 0 0 0 0 0 0 0 0 0 0 0 0 0 0 0 0 0 0 0 0 0 0 0 0 0 0 0 0 0 0 0 0 0 0 0 0 0 0 0 0
INFO:tensorflow:segment_ids: 0 0 0 0 0 0 0 0 0 0 0 0 0 0 0 0 0 0 0 0 0 0 0 0 0 0 0 0 1 1 1 1 1 1 1 1 1 1 1 1 1 1 1 1 1 1 1 1 1 1 1 1 1 1 1 1 1 1 1 1 1 1 1 1 1 1 1 0 0 0 0 0 0 0 0 0 0 0 0 0 0 0 0 0 0 0 0 0 0 0 0 0 0 0 0 0 0 0 0 0 0 0 0 0 0 0 0 0 0 0 0 0 0 0 0 0 0 0 0 0 0 0 0 0 0 0 0 0
I1103 15:26:59.491044 47826363671616 create_pretraining_data.py:161] segment_ids: 0 0 0 0 0 0 0 0 0 0 0 0 0 0 0 0 0 0 0 0 0 0 0 0 0 0 0 0 1 1 1 1 1 1 1 1 1 1 1 1 1 1 1 1 1 1 1 1 1 1 1 1 1 1 1 1 1 1 1 1 1 1 1 1 1 1 1 0 0 0 0 0 0 0 0 0 0 0 0 0 0 0 0 0 0 0 0 0 0 0 0 0 0 0 0 0 0 0 0 0 0 0 0 0 0 0 0 0 0 0 0 0 0 0 0 0 0 0 0 0 0 0 0 0 0 0 0 0
INFO:tensorflow:masked_lm_positions: 1 3 9 14 18 19 26 48 55 60 0 0 0 0 0 0 0 0 0 0
I1103 15:26:59.491190 47826363671616 create_pretraining_data.py:161] masked_lm_positions: 1 3 9 14 18 19 26 48 55 60 0 0 0 0 0 0 0 0 0 0
INFO:tensorflow:masked_lm_ids: 2670 5286 8446 1958 12000 1988 3432 2244 4053 2134 0 0 0 0 0 0 0 0 0 0
I1103 15:26:59.491312 47826363671616 create_pretraining_data.py:161] masked_lm_ids: 2670 5286 8446 1958 12000 1988 3432 2244 4053 2134 0 0 0 0 0 0 0 0 0 0
INFO:tensorflow:masked_lm_weights: 1.0 1.0 1.0 1.0 1.0 1.0 1.0 1.0 1.0 1.0 0.0 0.0 0.0 0.0 0.0 0.0 0.0 0.0 0.0 0.0
I1103 15:26:59.491432 47826363671616 create_pretraining_data.py:161] masked_lm_weights: 1.0 1.0 1.0 1.0 1.0 1.0 1.0 1.0 1.0 1.0 0.0 0.0 0.0 0.0 0.0 0.0 0.0 0.0 0.0 0.0
INFO:tensorflow:next_sentence_labels: 1
I1103 15:26:59.491543 47826363671616 create_pretraining_data.py:161] next_sentence_labels: 1
INFO:tensorflow:*** Example ***
I1103 15:26:59.492142 47826363671616 create_pretraining_data.py:149] *** Example ***
INFO:tensorflow:tokens: [CLS] [MASK] لم تعرف عنوان رزقك [MASK] تخ ##ف لان [MASK] يعرف عنوان ##ك فاذا لم تصل اليه [MASK] حتما سي ##صل اليك الشعراوي رحمه الله [SEP] د التم ##ياط المسؤول ##يه [MASK] اب ##جد ##يات العمليات [MASK] [MASK] جراحات السم ##نه الثامن ##ه رابطه المتك ##مم ##ين [SEP]
I1103 15:26:59.492305 47826363671616 create_pretraining_data.py:151] tokens: [CLS] [MASK] لم تعرف عنوان رزقك [MASK] تخ ##ف لان [MASK] يعرف عنوان ##ك فاذا لم تصل اليه [MASK] حتما سي ##صل اليك الشعراوي رحمه الله [SEP] د التم ##ياط المسؤول ##يه [MASK] اب ##جد ##يات العمليات [MASK] [MASK] جراحات السم ##نه الثامن ##ه رابطه المتك ##مم ##ين [SEP]
INFO:tensorflow:input_ids: 2 4 2043 3775 5101 23758 4 2661 1037 2551 4 3825 5101 1014 10608 2043 5880 3055 4 15925 2266 2107 4230 29905 3849 1953 3 395 4829 6678 9042 1988 4 2093 2448 2066 8086 4 4 28388 5714 2110 10085 1028 20645 18465 4621 1911 3 0 0 0 0 0 0 0 0 0 0 0 0 0 0 0 0 0 0 0 0 0 0 0 0 0 0 0 0 0 0 0 0 0 0 0 0 0 0 0 0 0 0 0 0 0 0 0 0 0 0 0 0 0 0 0 0 0 0 0 0 0 0 0 0 0 0 0 0 0 0 0 0 0 0 0 0 0 0 0
I1103 15:26:59.492480 47826363671616 create_pretraining_data.py:161] input_ids: 2 4 2043 3775 5101 23758 4 2661 1037 2551 4 3825 5101 1014 10608 2043 5880 3055 4 15925 2266 2107 4230 29905 3849 1953 3 395 4829 6678 9042 1988 4 2093 2448 2066 8086 4 4 28388 5714 2110 10085 1028 20645 18465 4621 1911 3 0 0 0 0 0 0 0 0 0 0 0 0 0 0 0 0 0 0 0 0 0 0 0 0 0 0 0 0 0 0 0 0 0 0 0 0 0 0 0 0 0 0 0 0 0 0 0 0 0 0 0 0 0 0 0 0 0 0 0 0 0 0 0 0 0 0 0 0 0 0 0 0 0 0 0 0 0 0 0
INFO:tensorflow:input_mask: 1 1 1 1 1 1 1 1 1 1 1 1 1 1 1 1 1 1 1 1 1 1 1 1 1 1 1 1 1 1 1 1 1 1 1 1 1 1 1 1 1 1 1 1 1 1 1 1 1 0 0 0 0 0 0 0 0 0 0 0 0 0 0 0 0 0 0 0 0 0 0 0 0 0 0 0 0 0 0 0 0 0 0 0 0 0 0 0 0 0 0 0 0 0 0 0 0 0 0 0 0 0 0 0 0 0 0 0 0 0 0 0 0 0 0 0 0 0 0 0 0 0 0 0 0 0 0 0
I1103 15:26:59.492642 47826363671616 create_pretraining_data.py:161] input_mask: 1 1 1 1 1 1 1 1 1 1 1 1 1 1 1 1 1 1 1 1 1 1 1 1 1 1 1 1 1 1 1 1 1 1 1 1 1 1 1 1 1 1 1 1 1 1 1 1 1 0 0 0 0 0 0 0 0 0 0 0 0 0 0 0 0 0 0 0 0 0 0 0 0 0 0 0 0 0 0 0 0 0 0 0 0 0 0 0 0 0 0 0 0 0 0 0 0 0 0 0 0 0 0 0 0 0 0 0 0 0 0 0 0 0 0 0 0 0 0 0 0 0 0 0 0 0 0 0
INFO:tensorflow:segment_ids: 0 0 0 0 0 0 0 0 0 0 0 0 0 0 0 0 0 0 0 0 0 0 0 0 0 0 0 1 1 1 1 1 1 1 1 1 1 1 1 1 1 1 1 1 1 1 1 1 1 0 0 0 0 0 0 0 0 0 0 0 0 0 0 0 0 0 0 0 0 0 0 0 0 0 0 0 0 0 0 0 0 0 0 0 0 0 0 0 0 0 0 0 0 0 0 0 0 0 0 0 0 0 0 0 0 0 0 0 0 0 0 0 0 0 0 0 0 0 0 0 0 0 0 0 0 0 0 0
I1103 15:26:59.492797 47826363671616 create_pretraining_data.py:161] segment_ids: 0 0 0 0 0 0 0 0 0 0 0 0 0 0 0 0 0 0 0 0 0 0 0 0 0 0 0 1 1 1 1 1 1 1 1 1 1 1 1 1 1 1 1 1 1 1 1 1 1 0 0 0 0 0 0 0 0 0 0 0 0 0 0 0 0 0 0 0 0 0 0 0 0 0 0 0 0 0 0 0 0 0 0 0 0 0 0 0 0 0 0 0 0 0 0 0 0 0 0 0 0 0 0 0 0 0 0 0 0 0 0 0 0 0 0 0 0 0 0 0 0 0 0 0 0 0 0 0
INFO:tensorflow:masked_lm_positions: 1 6 10 18 32 37 38 0 0 0 0 0 0 0 0 0 0 0 0 0
I1103 15:26:59.492931 47826363671616 create_pretraining_data.py:161] masked_lm_positions: 1 6 10 18 32 37 38 0 0 0 0 0 0 0 0 0 0 0 0 0
INFO:tensorflow:masked_lm_ids: 2387 2828 23758 3799 1908 15033 1988 0 0 0 0 0 0 0 0 0 0 0 0 0
I1103 15:26:59.493053 47826363671616 create_pretraining_data.py:161] masked_lm_ids: 2387 2828 23758 3799 1908 15033 1988 0 0 0 0 0 0 0 0 0 0 0 0 0
INFO:tensorflow:masked_lm_weights: 1.0 1.0 1.0 1.0 1.0 1.0 1.0 0.0 0.0 0.0 0.0 0.0 0.0 0.0 0.0 0.0 0.0 0.0 0.0 0.0
I1103 15:26:59.493180 47826363671616 create_pretraining_data.py:161] masked_lm_weights: 1.0 1.0 1.0 1.0 1.0 1.0 1.0 0.0 0.0 0.0 0.0 0.0 0.0 0.0 0.0 0.0 0.0 0.0 0.0 0.0
INFO:tensorflow:next_sentence_labels: 1
I1103 15:26:59.493294 47826363671616 create_pretraining_data.py:161] next_sentence_labels: 1
INFO:tensorflow:*** Example ***
I1103 15:26:59.493895 47826363671616 create_pretraining_data.py:149] *** Example ***
INFO:tensorflow:tokens: [CLS] الاستقرار هو ان يكون لك شاح ##ن [MASK] [MASK] خاصه بك [SEP] هناك اكثر من الف لبناني من كل مواطن لبناني في [MASK] الخليج منهم [MASK] ناش ##ط اقتصادي فاين وزاره الخارجيه بموا ##قف ##ها من مصالح هؤلاء [SEP]
I1103 15:26:59.494048 47826363671616 create_pretraining_data.py:151] tokens: [CLS] الاستقرار هو ان يكون لك شاح ##ن [MASK] [MASK] خاصه بك [SEP] هناك اكثر من الف لبناني من كل مواطن لبناني في [MASK] الخليج منهم [MASK] ناش ##ط اقتصادي فاين وزاره الخارجيه بموا ##قف ##ها من مصالح هؤلاء [SEP]
INFO:tensorflow:input_ids: 2 10828 2139 1939 2461 2278 12016 1006 4 4 8607 2395 3 2671 2695 1908 1980 15894 1908 2038 6375 15894 1912 4 4037 3441 4 8001 1040 12685 23887 7729 10681 14709 3241 1913 1908 8320 4669 3 0 0 0 0 0 0 0 0 0 0 0 0 0 0 0 0 0 0 0 0 0 0 0 0 0 0 0 0 0 0 0 0 0 0 0 0 0 0 0 0 0 0 0 0 0 0 0 0 0 0 0 0 0 0 0 0 0 0 0 0 0 0 0 0 0 0 0 0 0 0 0 0 0 0 0 0 0 0 0 0 0 0 0 0 0 0 0 0
I1103 15:26:59.494227 47826363671616 create_pretraining_data.py:161] input_ids: 2 10828 2139 1939 2461 2278 12016 1006 4 4 8607 2395 3 2671 2695 1908 1980 15894 1908 2038 6375 15894 1912 4 4037 3441 4 8001 1040 12685 23887 7729 10681 14709 3241 1913 1908 8320 4669 3 0 0 0 0 0 0 0 0 0 0 0 0 0 0 0 0 0 0 0 0 0 0 0 0 0 0 0 0 0 0 0 0 0 0 0 0 0 0 0 0 0 0 0 0 0 0 0 0 0 0 0 0 0 0 0 0 0 0 0 0 0 0 0 0 0 0 0 0 0 0 0 0 0 0 0 0 0 0 0 0 0 0 0 0 0 0 0 0
INFO:tensorflow:input_mask: 1 1 1 1 1 1 1 1 1 1 1 1 1 1 1 1 1 1 1 1 1 1 1 1 1 1 1 1 1 1 1 1 1 1 1 1 1 1 1 1 0 0 0 0 0 0 0 0 0 0 0 0 0 0 0 0 0 0 0 0 0 0 0 0 0 0 0 0 0 0 0 0 0 0 0 0 0 0 0 0 0 0 0 0 0 0 0 0 0 0 0 0 0 0 0 0 0 0 0 0 0 0 0 0 0 0 0 0 0 0 0 0 0 0 0 0 0 0 0 0 0 0 0 0 0 0 0 0
I1103 15:26:59.494392 47826363671616 create_pretraining_data.py:161] input_mask: 1 1 1 1 1 1 1 1 1 1 1 1 1 1 1 1 1 1 1 1 1 1 1 1 1 1 1 1 1 1 1 1 1 1 1 1 1 1 1 1 0 0 0 0 0 0 0 0 0 0 0 0 0 0 0 0 0 0 0 0 0 0 0 0 0 0 0 0 0 0 0 0 0 0 0 0 0 0 0 0 0 0 0 0 0 0 0 0 0 0 0 0 0 0 0 0 0 0 0 0 0 0 0 0 0 0 0 0 0 0 0 0 0 0 0 0 0 0 0 0 0 0 0 0 0 0 0 0
INFO:tensorflow:segment_ids: 0 0 0 0 0 0 0 0 0 0 0 0 0 1 1 1 1 1 1 1 1 1 1 1 1 1 1 1 1 1 1 1 1 1 1 1 1 1 1 1 0 0 0 0 0 0 0 0 0 0 0 0 0 0 0 0 0 0 0 0 0 0 0 0 0 0 0 0 0 0 0 0 0 0 0 0 0 0 0 0 0 0 0 0 0 0 0 0 0 0 0 0 0 0 0 0 0 0 0 0 0 0 0 0 0 0 0 0 0 0 0 0 0 0 0 0 0 0 0 0 0 0 0 0 0 0 0 0
I1103 15:26:59.494549 47826363671616 create_pretraining_data.py:161] segment_ids: 0 0 0 0 0 0 0 0 0 0 0 0 0 1 1 1 1 1 1 1 1 1 1 1 1 1 1 1 1 1 1 1 1 1 1 1 1 1 1 1 0 0 0 0 0 0 0 0 0 0 0 0 0 0 0 0 0 0 0 0 0 0 0 0 0 0 0 0 0 0 0 0 0 0 0 0 0 0 0 0 0 0 0 0 0 0 0 0 0 0 0 0 0 0 0 0 0 0 0 0 0 0 0 0 0 0 0 0 0 0 0 0 0 0 0 0 0 0 0 0 0 0 0 0 0 0 0 0
INFO:tensorflow:masked_lm_positions: 2 8 9 23 26 29 0 0 0 0 0 0 0 0 0 0 0 0 0 0
I1103 15:26:59.494687 47826363671616 create_pretraining_data.py:161] masked_lm_positions: 2 8 9 23 26 29 0 0 0 0 0 0 0 0 0 0 0 0 0 0
INFO:tensorflow:masked_lm_ids: 2139 9622 3113 4022 1980 12685 0 0 0 0 0 0 0 0 0 0 0 0 0 0
I1103 15:26:59.494807 47826363671616 create_pretraining_data.py:161] masked_lm_ids: 2139 9622 3113 4022 1980 12685 0 0 0 0 0 0 0 0 0 0 0 0 0 0
INFO:tensorflow:masked_lm_weights: 1.0 1.0 1.0 1.0 1.0 1.0 0.0 0.0 0.0 0.0 0.0 0.0 0.0 0.0 0.0 0.0 0.0 0.0 0.0 0.0
I1103 15:26:59.494927 47826363671616 create_pretraining_data.py:161] masked_lm_weights: 1.0 1.0 1.0 1.0 1.0 1.0 0.0 0.0 0.0 0.0 0.0 0.0 0.0 0.0 0.0 0.0 0.0 0.0 0.0 0.0
INFO:tensorflow:next_sentence_labels: 1
I1103 15:26:59.495038 47826363671616 create_pretraining_data.py:161] next_sentence_labels: 1
INFO:tensorflow:Wrote 9999350 total instances
I1103 16:27:38.719503 47826363671616 create_pretraining_data.py:166] Wrote 9999350 total instances
