Loading module 'all'
WARNING:tensorflow:From ../bert/create_pretraining_data.py:469: The name tf.app.run is deprecated. Please use tf.compat.v1.app.run instead.

WARNING:tensorflow:From ../bert/create_pretraining_data.py:437: The name tf.logging.set_verbosity is deprecated. Please use tf.compat.v1.logging.set_verbosity instead.

W1103 15:04:54.250127 46985995146304 module_wrapper.py:139] From ../bert/create_pretraining_data.py:437: The name tf.logging.set_verbosity is deprecated. Please use tf.compat.v1.logging.set_verbosity instead.

WARNING:tensorflow:From ../bert/create_pretraining_data.py:437: The name tf.logging.INFO is deprecated. Please use tf.compat.v1.logging.INFO instead.

W1103 15:04:54.250424 46985995146304 module_wrapper.py:139] From ../bert/create_pretraining_data.py:437: The name tf.logging.INFO is deprecated. Please use tf.compat.v1.logging.INFO instead.

WARNING:tensorflow:From /scratch/gi372/CAMeLBERT/bert/tokenization.py:125: The name tf.gfile.GFile is deprecated. Please use tf.io.gfile.GFile instead.

W1103 15:04:54.250715 46985995146304 module_wrapper.py:139] From /scratch/gi372/CAMeLBERT/bert/tokenization.py:125: The name tf.gfile.GFile is deprecated. Please use tf.io.gfile.GFile instead.

WARNING:tensorflow:From ../bert/create_pretraining_data.py:444: The name tf.gfile.Glob is deprecated. Please use tf.io.gfile.glob instead.

W1103 15:04:54.400780 46985995146304 module_wrapper.py:139] From ../bert/create_pretraining_data.py:444: The name tf.gfile.Glob is deprecated. Please use tf.io.gfile.glob instead.

WARNING:tensorflow:From ../bert/create_pretraining_data.py:446: The name tf.logging.info is deprecated. Please use tf.compat.v1.logging.info instead.

W1103 15:04:54.461442 46985995146304 module_wrapper.py:139] From ../bert/create_pretraining_data.py:446: The name tf.logging.info is deprecated. Please use tf.compat.v1.logging.info instead.

INFO:tensorflow:*** Reading from input files ***
I1103 15:04:54.461657 46985995146304 create_pretraining_data.py:446] *** Reading from input files ***
INFO:tensorflow:  ../corpora/shards/DA-ali2019-500m-tweet.bw.ar.lines.shard.397.normalized.sents
I1103 15:04:54.461802 46985995146304 create_pretraining_data.py:448]   ../corpora/shards/DA-ali2019-500m-tweet.bw.ar.lines.shard.397.normalized.sents
INFO:tensorflow:*** Writing to output files ***
I1103 15:48:05.003340 46985995146304 create_pretraining_data.py:457] *** Writing to output files ***
INFO:tensorflow:  ../corpora/tfrecord_wp-30k_msl-128/DA-ali2019-500m-tweet.bw.ar.lines.shard.397.tf_record
I1103 15:48:05.003891 46985995146304 create_pretraining_data.py:459]   ../corpora/tfrecord_wp-30k_msl-128/DA-ali2019-500m-tweet.bw.ar.lines.shard.397.tf_record
WARNING:tensorflow:From ../bert/create_pretraining_data.py:101: The name tf.python_io.TFRecordWriter is deprecated. Please use tf.io.TFRecordWriter instead.

W1103 15:48:05.004351 46985995146304 module_wrapper.py:139] From ../bert/create_pretraining_data.py:101: The name tf.python_io.TFRecordWriter is deprecated. Please use tf.io.TFRecordWriter instead.

INFO:tensorflow:*** Example ***
I1103 15:48:05.006711 46985995146304 create_pretraining_data.py:149] *** Example ***
INFO:tensorflow:tokens: [CLS] [MASK] احلام الناس بالق ##دس [SEP] [MASK] [MASK] في العائله الحاكم ##ه تحميل [MASK] والمح ##مد ##ين مسؤولي ##ه اغ ##ضا ##ب الشعب [MASK] الاسعار وفرض الضرائب لتغ ##طيه سرق ##اتهم ويس ##ود بينهم قلق من تبعا ##ت [MASK] [SEP]
I1103 15:48:05.006910 46985995146304 create_pretraining_data.py:151] tokens: [CLS] [MASK] احلام الناس بالق ##دس [SEP] [MASK] [MASK] في العائله الحاكم ##ه تحميل [MASK] والمح ##مد ##ين مسؤولي ##ه اغ ##ضا ##ب الشعب [MASK] الاسعار وفرض الضرائب لتغ ##طيه سرق ##اتهم ويس ##ود بينهم قلق من تبعا ##ت [MASK] [SEP]
INFO:tensorflow:input_ids: 2 4 7804 2397 3738 24784 3 4 4 1912 27562 8965 1028 3824 4 5822 2368 1911 8153 1028 2803 2319 1045 3086 4 9384 24378 8644 17545 9052 16073 5076 4274 1993 4738 12122 1908 23908 1005 4 3 0 0 0 0 0 0 0 0 0 0 0 0 0 0 0 0 0 0 0 0 0 0 0 0 0 0 0 0 0 0 0 0 0 0 0 0 0 0 0 0 0 0 0 0 0 0 0 0 0 0 0 0 0 0 0 0 0 0 0 0 0 0 0 0 0 0 0 0 0 0 0 0 0 0 0 0 0 0 0 0 0 0 0 0 0 0 0
I1103 15:48:05.007158 46985995146304 create_pretraining_data.py:161] input_ids: 2 4 7804 2397 3738 24784 3 4 4 1912 27562 8965 1028 3824 4 5822 2368 1911 8153 1028 2803 2319 1045 3086 4 9384 24378 8644 17545 9052 16073 5076 4274 1993 4738 12122 1908 23908 1005 4 3 0 0 0 0 0 0 0 0 0 0 0 0 0 0 0 0 0 0 0 0 0 0 0 0 0 0 0 0 0 0 0 0 0 0 0 0 0 0 0 0 0 0 0 0 0 0 0 0 0 0 0 0 0 0 0 0 0 0 0 0 0 0 0 0 0 0 0 0 0 0 0 0 0 0 0 0 0 0 0 0 0 0 0 0 0 0 0
INFO:tensorflow:input_mask: 1 1 1 1 1 1 1 1 1 1 1 1 1 1 1 1 1 1 1 1 1 1 1 1 1 1 1 1 1 1 1 1 1 1 1 1 1 1 1 1 1 0 0 0 0 0 0 0 0 0 0 0 0 0 0 0 0 0 0 0 0 0 0 0 0 0 0 0 0 0 0 0 0 0 0 0 0 0 0 0 0 0 0 0 0 0 0 0 0 0 0 0 0 0 0 0 0 0 0 0 0 0 0 0 0 0 0 0 0 0 0 0 0 0 0 0 0 0 0 0 0 0 0 0 0 0 0 0
I1103 15:48:05.007369 46985995146304 create_pretraining_data.py:161] input_mask: 1 1 1 1 1 1 1 1 1 1 1 1 1 1 1 1 1 1 1 1 1 1 1 1 1 1 1 1 1 1 1 1 1 1 1 1 1 1 1 1 1 0 0 0 0 0 0 0 0 0 0 0 0 0 0 0 0 0 0 0 0 0 0 0 0 0 0 0 0 0 0 0 0 0 0 0 0 0 0 0 0 0 0 0 0 0 0 0 0 0 0 0 0 0 0 0 0 0 0 0 0 0 0 0 0 0 0 0 0 0 0 0 0 0 0 0 0 0 0 0 0 0 0 0 0 0 0 0
INFO:tensorflow:segment_ids: 0 0 0 0 0 0 0 1 1 1 1 1 1 1 1 1 1 1 1 1 1 1 1 1 1 1 1 1 1 1 1 1 1 1 1 1 1 1 1 1 1 0 0 0 0 0 0 0 0 0 0 0 0 0 0 0 0 0 0 0 0 0 0 0 0 0 0 0 0 0 0 0 0 0 0 0 0 0 0 0 0 0 0 0 0 0 0 0 0 0 0 0 0 0 0 0 0 0 0 0 0 0 0 0 0 0 0 0 0 0 0 0 0 0 0 0 0 0 0 0 0 0 0 0 0 0 0 0
I1103 15:48:05.007553 46985995146304 create_pretraining_data.py:161] segment_ids: 0 0 0 0 0 0 0 1 1 1 1 1 1 1 1 1 1 1 1 1 1 1 1 1 1 1 1 1 1 1 1 1 1 1 1 1 1 1 1 1 1 0 0 0 0 0 0 0 0 0 0 0 0 0 0 0 0 0 0 0 0 0 0 0 0 0 0 0 0 0 0 0 0 0 0 0 0 0 0 0 0 0 0 0 0 0 0 0 0 0 0 0 0 0 0 0 0 0 0 0 0 0 0 0 0 0 0 0 0 0 0 0 0 0 0 0 0 0 0 0 0 0 0 0 0 0 0 0
INFO:tensorflow:masked_lm_positions: 1 7 8 14 24 39 0 0 0 0 0 0 0 0 0 0 0 0 0 0
I1103 15:48:05.007688 46985995146304 create_pretraining_data.py:161] masked_lm_positions: 1 7 8 14 24 39 0 0 0 0 0 0 0 0 0 0 0 0 0 0
INFO:tensorflow:masked_lm_ids: 17668 27904 4155 2676 16027 11101 0 0 0 0 0 0 0 0 0 0 0 0 0 0
I1103 15:48:05.007813 46985995146304 create_pretraining_data.py:161] masked_lm_ids: 17668 27904 4155 2676 16027 11101 0 0 0 0 0 0 0 0 0 0 0 0 0 0
INFO:tensorflow:masked_lm_weights: 1.0 1.0 1.0 1.0 1.0 1.0 0.0 0.0 0.0 0.0 0.0 0.0 0.0 0.0 0.0 0.0 0.0 0.0 0.0 0.0
I1103 15:48:05.007948 46985995146304 create_pretraining_data.py:161] masked_lm_weights: 1.0 1.0 1.0 1.0 1.0 1.0 0.0 0.0 0.0 0.0 0.0 0.0 0.0 0.0 0.0 0.0 0.0 0.0 0.0 0.0
INFO:tensorflow:next_sentence_labels: 1
I1103 15:48:05.008075 46985995146304 create_pretraining_data.py:161] next_sentence_labels: 1
INFO:tensorflow:*** Example ***
I1103 15:48:05.008808 46985995146304 create_pretraining_data.py:149] *** Example ***
INFO:tensorflow:tokens: [CLS] حفل [MASK] [MASK] الرشايده [SEP] تشتاق لك عيني ولك الروح [MASK] غالي وتس ##وي بالغ ##لا نور عيني [SEP]
I1103 15:48:05.008961 46985995146304 create_pretraining_data.py:151] tokens: [CLS] حفل [MASK] [MASK] الرشايده [SEP] تشتاق لك عيني ولك الروح [MASK] غالي وتس ##وي بالغ ##لا نور عيني [SEP]
INFO:tensorflow:input_ids: 2 5993 4 4 7739 3 19244 2278 4606 2454 4525 4 8952 5102 1971 6355 1903 3772 4606 3 0 0 0 0 0 0 0 0 0 0 0 0 0 0 0 0 0 0 0 0 0 0 0 0 0 0 0 0 0 0 0 0 0 0 0 0 0 0 0 0 0 0 0 0 0 0 0 0 0 0 0 0 0 0 0 0 0 0 0 0 0 0 0 0 0 0 0 0 0 0 0 0 0 0 0 0 0 0 0 0 0 0 0 0 0 0 0 0 0 0 0 0 0 0 0 0 0 0 0 0 0 0 0 0 0 0 0 0
I1103 15:48:05.009148 46985995146304 create_pretraining_data.py:161] input_ids: 2 5993 4 4 7739 3 19244 2278 4606 2454 4525 4 8952 5102 1971 6355 1903 3772 4606 3 0 0 0 0 0 0 0 0 0 0 0 0 0 0 0 0 0 0 0 0 0 0 0 0 0 0 0 0 0 0 0 0 0 0 0 0 0 0 0 0 0 0 0 0 0 0 0 0 0 0 0 0 0 0 0 0 0 0 0 0 0 0 0 0 0 0 0 0 0 0 0 0 0 0 0 0 0 0 0 0 0 0 0 0 0 0 0 0 0 0 0 0 0 0 0 0 0 0 0 0 0 0 0 0 0 0 0 0
INFO:tensorflow:input_mask: 1 1 1 1 1 1 1 1 1 1 1 1 1 1 1 1 1 1 1 1 0 0 0 0 0 0 0 0 0 0 0 0 0 0 0 0 0 0 0 0 0 0 0 0 0 0 0 0 0 0 0 0 0 0 0 0 0 0 0 0 0 0 0 0 0 0 0 0 0 0 0 0 0 0 0 0 0 0 0 0 0 0 0 0 0 0 0 0 0 0 0 0 0 0 0 0 0 0 0 0 0 0 0 0 0 0 0 0 0 0 0 0 0 0 0 0 0 0 0 0 0 0 0 0 0 0 0 0
I1103 15:48:05.009322 46985995146304 create_pretraining_data.py:161] input_mask: 1 1 1 1 1 1 1 1 1 1 1 1 1 1 1 1 1 1 1 1 0 0 0 0 0 0 0 0 0 0 0 0 0 0 0 0 0 0 0 0 0 0 0 0 0 0 0 0 0 0 0 0 0 0 0 0 0 0 0 0 0 0 0 0 0 0 0 0 0 0 0 0 0 0 0 0 0 0 0 0 0 0 0 0 0 0 0 0 0 0 0 0 0 0 0 0 0 0 0 0 0 0 0 0 0 0 0 0 0 0 0 0 0 0 0 0 0 0 0 0 0 0 0 0 0 0 0 0
INFO:tensorflow:segment_ids: 0 0 0 0 0 0 1 1 1 1 1 1 1 1 1 1 1 1 1 1 0 0 0 0 0 0 0 0 0 0 0 0 0 0 0 0 0 0 0 0 0 0 0 0 0 0 0 0 0 0 0 0 0 0 0 0 0 0 0 0 0 0 0 0 0 0 0 0 0 0 0 0 0 0 0 0 0 0 0 0 0 0 0 0 0 0 0 0 0 0 0 0 0 0 0 0 0 0 0 0 0 0 0 0 0 0 0 0 0 0 0 0 0 0 0 0 0 0 0 0 0 0 0 0 0 0 0 0
I1103 15:48:05.009508 46985995146304 create_pretraining_data.py:161] segment_ids: 0 0 0 0 0 0 1 1 1 1 1 1 1 1 1 1 1 1 1 1 0 0 0 0 0 0 0 0 0 0 0 0 0 0 0 0 0 0 0 0 0 0 0 0 0 0 0 0 0 0 0 0 0 0 0 0 0 0 0 0 0 0 0 0 0 0 0 0 0 0 0 0 0 0 0 0 0 0 0 0 0 0 0 0 0 0 0 0 0 0 0 0 0 0 0 0 0 0 0 0 0 0 0 0 0 0 0 0 0 0 0 0 0 0 0 0 0 0 0 0 0 0 0 0 0 0 0 0
INFO:tensorflow:masked_lm_positions: 2 3 11 0 0 0 0 0 0 0 0 0 0 0 0 0 0 0 0 0
I1103 15:48:05.009637 46985995146304 create_pretraining_data.py:161] masked_lm_positions: 2 3 11 0 0 0 0 0 0 0 0 0 0 0 0 0 0 0 0 0
INFO:tensorflow:masked_lm_ids: 9182 9147 19244 0 0 0 0 0 0 0 0 0 0 0 0 0 0 0 0 0
I1103 15:48:05.009761 46985995146304 create_pretraining_data.py:161] masked_lm_ids: 9182 9147 19244 0 0 0 0 0 0 0 0 0 0 0 0 0 0 0 0 0
INFO:tensorflow:masked_lm_weights: 1.0 1.0 1.0 0.0 0.0 0.0 0.0 0.0 0.0 0.0 0.0 0.0 0.0 0.0 0.0 0.0 0.0 0.0 0.0 0.0
I1103 15:48:05.009889 46985995146304 create_pretraining_data.py:161] masked_lm_weights: 1.0 1.0 1.0 0.0 0.0 0.0 0.0 0.0 0.0 0.0 0.0 0.0 0.0 0.0 0.0 0.0 0.0 0.0 0.0 0.0
INFO:tensorflow:next_sentence_labels: 1
I1103 15:48:05.010025 46985995146304 create_pretraining_data.py:161] next_sentence_labels: 1
INFO:tensorflow:*** Example ***
I1103 15:48:05.010841 46985995146304 create_pretraining_data.py:149] *** Example ***
INFO:tensorflow:tokens: [CLS] نصائح ترب ##ويه القراءه تمكن اطفال ##كم من التواصل مع الاخرين بشكل فعال وتز ##يد [MASK] مت ##انه علاقات ##ه الاجتماعيه [MASK] [MASK] [MASK] هال ##عاده في هال ##اج ##ازه [SEP] استغفرك يارب من كل ظن [MASK] [MASK] يارب من كل خيبه امل استغفرك يارب [MASK] كل لمح ##ه ياس [MASK] يارب واتوب اليك [SEP]
I1103 15:48:05.011018 46985995146304 create_pretraining_data.py:151] tokens: [CLS] نصائح ترب ##ويه القراءه تمكن اطفال ##كم من التواصل مع الاخرين بشكل فعال وتز ##يد [MASK] مت ##انه علاقات ##ه الاجتماعيه [MASK] [MASK] [MASK] هال ##عاده في هال ##اج ##ازه [SEP] استغفرك يارب من كل ظن [MASK] [MASK] يارب من كل خيبه امل استغفرك يارب [MASK] كل لمح ##ه ياس [MASK] يارب واتوب اليك [SEP]
INFO:tensorflow:input_ids: 2 9895 6697 2835 19848 6836 5603 2018 1908 4180 1973 5757 2969 15776 16493 1983 4 2068 3336 6511 1028 19355 4 4 4 4218 3218 1912 4218 2078 12108 3 7056 2856 1908 2038 8393 4 4 2856 1908 2038 24888 6439 7056 2856 4 2038 7685 1028 9713 4 2856 3915 4230 3 0 0 0 0 0 0 0 0 0 0 0 0 0 0 0 0 0 0 0 0 0 0 0 0 0 0 0 0 0 0 0 0 0 0 0 0 0 0 0 0 0 0 0 0 0 0 0 0 0 0 0 0 0 0 0 0 0 0 0 0 0 0 0 0 0 0 0 0 0 0 0 0
I1103 15:48:05.011231 46985995146304 create_pretraining_data.py:161] input_ids: 2 9895 6697 2835 19848 6836 5603 2018 1908 4180 1973 5757 2969 15776 16493 1983 4 2068 3336 6511 1028 19355 4 4 4 4218 3218 1912 4218 2078 12108 3 7056 2856 1908 2038 8393 4 4 2856 1908 2038 24888 6439 7056 2856 4 2038 7685 1028 9713 4 2856 3915 4230 3 0 0 0 0 0 0 0 0 0 0 0 0 0 0 0 0 0 0 0 0 0 0 0 0 0 0 0 0 0 0 0 0 0 0 0 0 0 0 0 0 0 0 0 0 0 0 0 0 0 0 0 0 0 0 0 0 0 0 0 0 0 0 0 0 0 0 0 0 0 0 0 0
INFO:tensorflow:input_mask: 1 1 1 1 1 1 1 1 1 1 1 1 1 1 1 1 1 1 1 1 1 1 1 1 1 1 1 1 1 1 1 1 1 1 1 1 1 1 1 1 1 1 1 1 1 1 1 1 1 1 1 1 1 1 1 1 0 0 0 0 0 0 0 0 0 0 0 0 0 0 0 0 0 0 0 0 0 0 0 0 0 0 0 0 0 0 0 0 0 0 0 0 0 0 0 0 0 0 0 0 0 0 0 0 0 0 0 0 0 0 0 0 0 0 0 0 0 0 0 0 0 0 0 0 0 0 0 0
I1103 15:48:05.011413 46985995146304 create_pretraining_data.py:161] input_mask: 1 1 1 1 1 1 1 1 1 1 1 1 1 1 1 1 1 1 1 1 1 1 1 1 1 1 1 1 1 1 1 1 1 1 1 1 1 1 1 1 1 1 1 1 1 1 1 1 1 1 1 1 1 1 1 1 0 0 0 0 0 0 0 0 0 0 0 0 0 0 0 0 0 0 0 0 0 0 0 0 0 0 0 0 0 0 0 0 0 0 0 0 0 0 0 0 0 0 0 0 0 0 0 0 0 0 0 0 0 0 0 0 0 0 0 0 0 0 0 0 0 0 0 0 0 0 0 0
INFO:tensorflow:segment_ids: 0 0 0 0 0 0 0 0 0 0 0 0 0 0 0 0 0 0 0 0 0 0 0 0 0 0 0 0 0 0 0 0 1 1 1 1 1 1 1 1 1 1 1 1 1 1 1 1 1 1 1 1 1 1 1 1 0 0 0 0 0 0 0 0 0 0 0 0 0 0 0 0 0 0 0 0 0 0 0 0 0 0 0 0 0 0 0 0 0 0 0 0 0 0 0 0 0 0 0 0 0 0 0 0 0 0 0 0 0 0 0 0 0 0 0 0 0 0 0 0 0 0 0 0 0 0 0 0
I1103 15:48:05.011605 46985995146304 create_pretraining_data.py:161] segment_ids: 0 0 0 0 0 0 0 0 0 0 0 0 0 0 0 0 0 0 0 0 0 0 0 0 0 0 0 0 0 0 0 0 1 1 1 1 1 1 1 1 1 1 1 1 1 1 1 1 1 1 1 1 1 1 1 1 0 0 0 0 0 0 0 0 0 0 0 0 0 0 0 0 0 0 0 0 0 0 0 0 0 0 0 0 0 0 0 0 0 0 0 0 0 0 0 0 0 0 0 0 0 0 0 0 0 0 0 0 0 0 0 0 0 0 0 0 0 0 0 0 0 0 0 0 0 0 0 0
INFO:tensorflow:masked_lm_positions: 16 22 23 24 37 38 46 51 0 0 0 0 0 0 0 0 0 0 0 0
I1103 15:48:05.011741 46985995146304 create_pretraining_data.py:161] masked_lm_positions: 16 22 23 24 37 38 46 51 0 0 0 0 0 0 0 0 0 0 0 0
INFO:tensorflow:masked_lm_ids: 1908 4172 2361 8734 16105 7056 1908 7056 0 0 0 0 0 0 0 0 0 0 0 0
I1103 15:48:05.011869 46985995146304 create_pretraining_data.py:161] masked_lm_ids: 1908 4172 2361 8734 16105 7056 1908 7056 0 0 0 0 0 0 0 0 0 0 0 0
INFO:tensorflow:masked_lm_weights: 1.0 1.0 1.0 1.0 1.0 1.0 1.0 1.0 0.0 0.0 0.0 0.0 0.0 0.0 0.0 0.0 0.0 0.0 0.0 0.0
I1103 15:48:05.012005 46985995146304 create_pretraining_data.py:161] masked_lm_weights: 1.0 1.0 1.0 1.0 1.0 1.0 1.0 1.0 0.0 0.0 0.0 0.0 0.0 0.0 0.0 0.0 0.0 0.0 0.0 0.0
INFO:tensorflow:next_sentence_labels: 1
I1103 15:48:05.012125 46985995146304 create_pretraining_data.py:161] next_sentence_labels: 1
INFO:tensorflow:*** Example ***
I1103 15:48:05.012879 46985995146304 create_pretraining_data.py:149] *** Example ***
INFO:tensorflow:tokens: [CLS] باقي يوم علي دخول عام [MASK] امنيه اتم ##نا ا ربي لا ترين ##ي في اهلي و اصدق ##ائي [MASK] ##ابي واحب ##تي اي مكروه واجعله ##ا سنه خير [MASK] يارب [SEP] عبدالله الدغيم الفا ##يد العوني [MASK] الرشايده العونه [SEP]
I1103 15:48:05.013051 46985995146304 create_pretraining_data.py:151] tokens: [CLS] باقي يوم علي دخول عام [MASK] امنيه اتم ##نا ا ربي لا ترين ##ي في اهلي و اصدق ##ائي [MASK] ##ابي واحب ##تي اي مكروه واجعله ##ا سنه خير [MASK] يارب [SEP] عبدالله الدغيم الفا ##يد العوني [MASK] الرشايده العونه [SEP]
INFO:tensorflow:input_ids: 2 5421 2232 1958 5090 2268 4 11204 19549 1914 387 2949 1963 19153 1013 1912 11023 415 6845 3017 4 3748 9903 2005 2218 15100 26657 1007 4076 2631 4 2856 3 3299 23867 7999 1983 12069 4 7739 9147 3 0 0 0 0 0 0 0 0 0 0 0 0 0 0 0 0 0 0 0 0 0 0 0 0 0 0 0 0 0 0 0 0 0 0 0 0 0 0 0 0 0 0 0 0 0 0 0 0 0 0 0 0 0 0 0 0 0 0 0 0 0 0 0 0 0 0 0 0 0 0 0 0 0 0 0 0 0 0 0 0 0 0 0 0 0 0
I1103 15:48:05.013254 46985995146304 create_pretraining_data.py:161] input_ids: 2 5421 2232 1958 5090 2268 4 11204 19549 1914 387 2949 1963 19153 1013 1912 11023 415 6845 3017 4 3748 9903 2005 2218 15100 26657 1007 4076 2631 4 2856 3 3299 23867 7999 1983 12069 4 7739 9147 3 0 0 0 0 0 0 0 0 0 0 0 0 0 0 0 0 0 0 0 0 0 0 0 0 0 0 0 0 0 0 0 0 0 0 0 0 0 0 0 0 0 0 0 0 0 0 0 0 0 0 0 0 0 0 0 0 0 0 0 0 0 0 0 0 0 0 0 0 0 0 0 0 0 0 0 0 0 0 0 0 0 0 0 0 0 0
INFO:tensorflow:input_mask: 1 1 1 1 1 1 1 1 1 1 1 1 1 1 1 1 1 1 1 1 1 1 1 1 1 1 1 1 1 1 1 1 1 1 1 1 1 1 1 1 1 1 0 0 0 0 0 0 0 0 0 0 0 0 0 0 0 0 0 0 0 0 0 0 0 0 0 0 0 0 0 0 0 0 0 0 0 0 0 0 0 0 0 0 0 0 0 0 0 0 0 0 0 0 0 0 0 0 0 0 0 0 0 0 0 0 0 0 0 0 0 0 0 0 0 0 0 0 0 0 0 0 0 0 0 0 0 0
I1103 15:48:05.013432 46985995146304 create_pretraining_data.py:161] input_mask: 1 1 1 1 1 1 1 1 1 1 1 1 1 1 1 1 1 1 1 1 1 1 1 1 1 1 1 1 1 1 1 1 1 1 1 1 1 1 1 1 1 1 0 0 0 0 0 0 0 0 0 0 0 0 0 0 0 0 0 0 0 0 0 0 0 0 0 0 0 0 0 0 0 0 0 0 0 0 0 0 0 0 0 0 0 0 0 0 0 0 0 0 0 0 0 0 0 0 0 0 0 0 0 0 0 0 0 0 0 0 0 0 0 0 0 0 0 0 0 0 0 0 0 0 0 0 0 0
INFO:tensorflow:segment_ids: 0 0 0 0 0 0 0 0 0 0 0 0 0 0 0 0 0 0 0 0 0 0 0 0 0 0 0 0 0 0 0 0 0 1 1 1 1 1 1 1 1 1 0 0 0 0 0 0 0 0 0 0 0 0 0 0 0 0 0 0 0 0 0 0 0 0 0 0 0 0 0 0 0 0 0 0 0 0 0 0 0 0 0 0 0 0 0 0 0 0 0 0 0 0 0 0 0 0 0 0 0 0 0 0 0 0 0 0 0 0 0 0 0 0 0 0 0 0 0 0 0 0 0 0 0 0 0 0
I1103 15:48:05.013623 46985995146304 create_pretraining_data.py:161] segment_ids: 0 0 0 0 0 0 0 0 0 0 0 0 0 0 0 0 0 0 0 0 0 0 0 0 0 0 0 0 0 0 0 0 0 1 1 1 1 1 1 1 1 1 0 0 0 0 0 0 0 0 0 0 0 0 0 0 0 0 0 0 0 0 0 0 0 0 0 0 0 0 0 0 0 0 0 0 0 0 0 0 0 0 0 0 0 0 0 0 0 0 0 0 0 0 0 0 0 0 0 0 0 0 0 0 0 0 0 0 0 0 0 0 0 0 0 0 0 0 0 0 0 0 0 0 0 0 0 0
INFO:tensorflow:masked_lm_positions: 6 7 20 21 30 38 0 0 0 0 0 0 0 0 0 0 0 0 0 0
I1103 15:48:05.013760 46985995146304 create_pretraining_data.py:161] masked_lm_positions: 6 7 20 21 30 38 0 0 0 0 0 0 0 0 0 0 0 0 0 0
INFO:tensorflow:masked_lm_ids: 20485 11204 9903 3748 5037 9123 0 0 0 0 0 0 0 0 0 0 0 0 0 0
I1103 15:48:05.013888 46985995146304 create_pretraining_data.py:161] masked_lm_ids: 20485 11204 9903 3748 5037 9123 0 0 0 0 0 0 0 0 0 0 0 0 0 0
INFO:tensorflow:masked_lm_weights: 1.0 1.0 1.0 1.0 1.0 1.0 0.0 0.0 0.0 0.0 0.0 0.0 0.0 0.0 0.0 0.0 0.0 0.0 0.0 0.0
I1103 15:48:05.014025 46985995146304 create_pretraining_data.py:161] masked_lm_weights: 1.0 1.0 1.0 1.0 1.0 1.0 0.0 0.0 0.0 0.0 0.0 0.0 0.0 0.0 0.0 0.0 0.0 0.0 0.0 0.0
INFO:tensorflow:next_sentence_labels: 1
I1103 15:48:05.014145 46985995146304 create_pretraining_data.py:161] next_sentence_labels: 1
INFO:tensorflow:*** Example ***
I1103 15:48:05.014854 46985995146304 create_pretraining_data.py:149] *** Example ***
INFO:tensorflow:tokens: [CLS] سراح [MASK] ##ليد عبدالله الدغيم العوني الرشيدي الرشايده عبس [MASK] قبيله العونه [MASK] العونه [SEP] اللهم اطعم ابا ##ء ##نا وامه ##اتنا ومن نحب من الجنه و اس ##قهم من الجنه [MASK] اره ##م مكانه ##م من الجنه و ##سابقة لهم ادخل ##وها رقي اي باب تشا ##ؤون واي ##انا يار ##حمن [SEP]
I1103 15:48:05.015032 46985995146304 create_pretraining_data.py:151] tokens: [CLS] سراح [MASK] ##ليد عبدالله الدغيم العوني الرشيدي الرشايده عبس [MASK] قبيله العونه [MASK] العونه [SEP] اللهم اطعم ابا ##ء ##نا وامه ##اتنا ومن نحب من الجنه و اس ##قهم من الجنه [MASK] اره ##م مكانه ##م من الجنه و ##سابقة لهم ادخل ##وها رقي اي باب تشا ##ؤون واي ##انا يار ##حمن [SEP]
INFO:tensorflow:input_ids: 2 15818 4 7188 3299 23867 12069 9123 7739 11099 4 9182 9147 4 9147 3 2168 25999 11408 1053 1914 25400 7335 2298 6825 1908 3515 415 2171 26444 1908 3515 4 29852 1015 10701 1015 1908 3515 415 21285 2899 10571 3736 15649 2218 3153 28501 3977 6363 2534 6502 27214 3 0 0 0 0 0 0 0 0 0 0 0 0 0 0 0 0 0 0 0 0 0 0 0 0 0 0 0 0 0 0 0 0 0 0 0 0 0 0 0 0 0 0 0 0 0 0 0 0 0 0 0 0 0 0 0 0 0 0 0 0 0 0 0 0 0 0 0 0 0 0 0 0 0 0
I1103 15:48:05.015237 46985995146304 create_pretraining_data.py:161] input_ids: 2 15818 4 7188 3299 23867 12069 9123 7739 11099 4 9182 9147 4 9147 3 2168 25999 11408 1053 1914 25400 7335 2298 6825 1908 3515 415 2171 26444 1908 3515 4 29852 1015 10701 1015 1908 3515 415 21285 2899 10571 3736 15649 2218 3153 28501 3977 6363 2534 6502 27214 3 0 0 0 0 0 0 0 0 0 0 0 0 0 0 0 0 0 0 0 0 0 0 0 0 0 0 0 0 0 0 0 0 0 0 0 0 0 0 0 0 0 0 0 0 0 0 0 0 0 0 0 0 0 0 0 0 0 0 0 0 0 0 0 0 0 0 0 0 0 0 0 0 0 0
INFO:tensorflow:input_mask: 1 1 1 1 1 1 1 1 1 1 1 1 1 1 1 1 1 1 1 1 1 1 1 1 1 1 1 1 1 1 1 1 1 1 1 1 1 1 1 1 1 1 1 1 1 1 1 1 1 1 1 1 1 1 0 0 0 0 0 0 0 0 0 0 0 0 0 0 0 0 0 0 0 0 0 0 0 0 0 0 0 0 0 0 0 0 0 0 0 0 0 0 0 0 0 0 0 0 0 0 0 0 0 0 0 0 0 0 0 0 0 0 0 0 0 0 0 0 0 0 0 0 0 0 0 0 0 0
I1103 15:48:05.015428 46985995146304 create_pretraining_data.py:161] input_mask: 1 1 1 1 1 1 1 1 1 1 1 1 1 1 1 1 1 1 1 1 1 1 1 1 1 1 1 1 1 1 1 1 1 1 1 1 1 1 1 1 1 1 1 1 1 1 1 1 1 1 1 1 1 1 0 0 0 0 0 0 0 0 0 0 0 0 0 0 0 0 0 0 0 0 0 0 0 0 0 0 0 0 0 0 0 0 0 0 0 0 0 0 0 0 0 0 0 0 0 0 0 0 0 0 0 0 0 0 0 0 0 0 0 0 0 0 0 0 0 0 0 0 0 0 0 0 0 0
INFO:tensorflow:segment_ids: 0 0 0 0 0 0 0 0 0 0 0 0 0 0 0 0 1 1 1 1 1 1 1 1 1 1 1 1 1 1 1 1 1 1 1 1 1 1 1 1 1 1 1 1 1 1 1 1 1 1 1 1 1 1 0 0 0 0 0 0 0 0 0 0 0 0 0 0 0 0 0 0 0 0 0 0 0 0 0 0 0 0 0 0 0 0 0 0 0 0 0 0 0 0 0 0 0 0 0 0 0 0 0 0 0 0 0 0 0 0 0 0 0 0 0 0 0 0 0 0 0 0 0 0 0 0 0 0
I1103 15:48:05.015617 46985995146304 create_pretraining_data.py:161] segment_ids: 0 0 0 0 0 0 0 0 0 0 0 0 0 0 0 0 1 1 1 1 1 1 1 1 1 1 1 1 1 1 1 1 1 1 1 1 1 1 1 1 1 1 1 1 1 1 1 1 1 1 1 1 1 1 0 0 0 0 0 0 0 0 0 0 0 0 0 0 0 0 0 0 0 0 0 0 0 0 0 0 0 0 0 0 0 0 0 0 0 0 0 0 0 0 0 0 0 0 0 0 0 0 0 0 0 0 0 0 0 0 0 0 0 0 0 0 0 0 0 0 0 0 0 0 0 0 0 0
INFO:tensorflow:masked_lm_positions: 2 3 10 13 32 38 40 44 0 0 0 0 0 0 0 0 0 0 0 0
I1103 15:48:05.015750 46985995146304 create_pretraining_data.py:161] masked_lm_positions: 2 3 10 13 32 38 40 44 0 0 0 0 0 0 0 0 0 0 0 0
INFO:tensorflow:masked_lm_ids: 17337 1009 7739 7739 415 3515 4491 1908 0 0 0 0 0 0 0 0 0 0 0 0
I1103 15:48:05.015878 46985995146304 create_pretraining_data.py:161] masked_lm_ids: 17337 1009 7739 7739 415 3515 4491 1908 0 0 0 0 0 0 0 0 0 0 0 0
INFO:tensorflow:masked_lm_weights: 1.0 1.0 1.0 1.0 1.0 1.0 1.0 1.0 0.0 0.0 0.0 0.0 0.0 0.0 0.0 0.0 0.0 0.0 0.0 0.0
I1103 15:48:05.016016 46985995146304 create_pretraining_data.py:161] masked_lm_weights: 1.0 1.0 1.0 1.0 1.0 1.0 1.0 1.0 0.0 0.0 0.0 0.0 0.0 0.0 0.0 0.0 0.0 0.0 0.0 0.0
INFO:tensorflow:next_sentence_labels: 1
I1103 15:48:05.016138 46985995146304 create_pretraining_data.py:161] next_sentence_labels: 1
INFO:tensorflow:*** Example ***
I1103 15:48:05.016790 46985995146304 create_pretraining_data.py:149] *** Example ***
INFO:tensorflow:tokens: [CLS] [MASK] ان عندي شي اغلي من الروح ولا نت احب احد ثر روحي وعرف ##ت ان الروح تر ##خص لاجل روح [MASK] [MASK] [MASK] زاد [MASK] حب روحي [SEP] تكرر ##ت في بلادي كلمه مجز ##ره وسي ##اتي يوم وتس ##قط النقاط من [MASK] وتصبح محر ##ره [MASK] تخليني [SEP]
I1103 15:48:05.016957 46985995146304 create_pretraining_data.py:151] tokens: [CLS] [MASK] ان عندي شي اغلي من الروح ولا نت احب احد ثر روحي وعرف ##ت ان الروح تر ##خص لاجل روح [MASK] [MASK] [MASK] زاد [MASK] حب روحي [SEP] تكرر ##ت في بلادي كلمه مجز ##ره وسي ##اتي يوم وتس ##قط النقاط من [MASK] وتصبح محر ##ره [MASK] تخليني [SEP]
INFO:tensorflow:input_ids: 2 4 1939 5009 2228 11745 1908 4525 2086 2682 2744 2439 19885 7245 21272 1005 1939 4525 2782 2137 10848 3894 4 4 4 6320 4 3151 7245 3 25456 1005 1912 11356 4478 17569 2197 3713 2920 2232 5102 2198 12311 1908 4 26806 11879 2197 4 25809 3 0 0 0 0 0 0 0 0 0 0 0 0 0 0 0 0 0 0 0 0 0 0 0 0 0 0 0 0 0 0 0 0 0 0 0 0 0 0 0 0 0 0 0 0 0 0 0 0 0 0 0 0 0 0 0 0 0 0 0 0 0 0 0 0 0 0 0 0 0 0 0 0 0 0 0 0 0
I1103 15:48:05.017168 46985995146304 create_pretraining_data.py:161] input_ids: 2 4 1939 5009 2228 11745 1908 4525 2086 2682 2744 2439 19885 7245 21272 1005 1939 4525 2782 2137 10848 3894 4 4 4 6320 4 3151 7245 3 25456 1005 1912 11356 4478 17569 2197 3713 2920 2232 5102 2198 12311 1908 4 26806 11879 2197 4 25809 3 0 0 0 0 0 0 0 0 0 0 0 0 0 0 0 0 0 0 0 0 0 0 0 0 0 0 0 0 0 0 0 0 0 0 0 0 0 0 0 0 0 0 0 0 0 0 0 0 0 0 0 0 0 0 0 0 0 0 0 0 0 0 0 0 0 0 0 0 0 0 0 0 0 0 0 0 0
INFO:tensorflow:input_mask: 1 1 1 1 1 1 1 1 1 1 1 1 1 1 1 1 1 1 1 1 1 1 1 1 1 1 1 1 1 1 1 1 1 1 1 1 1 1 1 1 1 1 1 1 1 1 1 1 1 1 1 0 0 0 0 0 0 0 0 0 0 0 0 0 0 0 0 0 0 0 0 0 0 0 0 0 0 0 0 0 0 0 0 0 0 0 0 0 0 0 0 0 0 0 0 0 0 0 0 0 0 0 0 0 0 0 0 0 0 0 0 0 0 0 0 0 0 0 0 0 0 0 0 0 0 0 0 0
I1103 15:48:05.017348 46985995146304 create_pretraining_data.py:161] input_mask: 1 1 1 1 1 1 1 1 1 1 1 1 1 1 1 1 1 1 1 1 1 1 1 1 1 1 1 1 1 1 1 1 1 1 1 1 1 1 1 1 1 1 1 1 1 1 1 1 1 1 1 0 0 0 0 0 0 0 0 0 0 0 0 0 0 0 0 0 0 0 0 0 0 0 0 0 0 0 0 0 0 0 0 0 0 0 0 0 0 0 0 0 0 0 0 0 0 0 0 0 0 0 0 0 0 0 0 0 0 0 0 0 0 0 0 0 0 0 0 0 0 0 0 0 0 0 0 0
INFO:tensorflow:segment_ids: 0 0 0 0 0 0 0 0 0 0 0 0 0 0 0 0 0 0 0 0 0 0 0 0 0 0 0 0 0 0 1 1 1 1 1 1 1 1 1 1 1 1 1 1 1 1 1 1 1 1 1 0 0 0 0 0 0 0 0 0 0 0 0 0 0 0 0 0 0 0 0 0 0 0 0 0 0 0 0 0 0 0 0 0 0 0 0 0 0 0 0 0 0 0 0 0 0 0 0 0 0 0 0 0 0 0 0 0 0 0 0 0 0 0 0 0 0 0 0 0 0 0 0 0 0 0 0 0
I1103 15:48:05.017536 46985995146304 create_pretraining_data.py:161] segment_ids: 0 0 0 0 0 0 0 0 0 0 0 0 0 0 0 0 0 0 0 0 0 0 0 0 0 0 0 0 0 0 1 1 1 1 1 1 1 1 1 1 1 1 1 1 1 1 1 1 1 1 1 0 0 0 0 0 0 0 0 0 0 0 0 0 0 0 0 0 0 0 0 0 0 0 0 0 0 0 0 0 0 0 0 0 0 0 0 0 0 0 0 0 0 0 0 0 0 0 0 0 0 0 0 0 0 0 0 0 0 0 0 0 0 0 0 0 0 0 0 0 0 0 0 0 0 0 0 0
INFO:tensorflow:masked_lm_positions: 1 22 23 24 26 44 48 49 0 0 0 0 0 0 0 0 0 0 0 0
I1103 15:48:05.017670 46985995146304 create_pretraining_data.py:161] masked_lm_positions: 1 22 23 24 26 44 48 49 0 0 0 0 0 0 0 0 0 0 0 0
INFO:tensorflow:masked_lm_ids: 1972 3894 10560 1028 1955 10944 4051 2492 0 0 0 0 0 0 0 0 0 0 0 0
I1103 15:48:05.017799 46985995146304 create_pretraining_data.py:161] masked_lm_ids: 1972 3894 10560 1028 1955 10944 4051 2492 0 0 0 0 0 0 0 0 0 0 0 0
INFO:tensorflow:masked_lm_weights: 1.0 1.0 1.0 1.0 1.0 1.0 1.0 1.0 0.0 0.0 0.0 0.0 0.0 0.0 0.0 0.0 0.0 0.0 0.0 0.0
I1103 15:48:05.017931 46985995146304 create_pretraining_data.py:161] masked_lm_weights: 1.0 1.0 1.0 1.0 1.0 1.0 1.0 1.0 0.0 0.0 0.0 0.0 0.0 0.0 0.0 0.0 0.0 0.0 0.0 0.0
INFO:tensorflow:next_sentence_labels: 1
I1103 15:48:05.018063 46985995146304 create_pretraining_data.py:161] next_sentence_labels: 1
INFO:tensorflow:*** Example ***
I1103 15:48:05.018692 46985995146304 create_pretraining_data.py:149] *** Example ***
INFO:tensorflow:tokens: [CLS] تدري وش الغ ##بن ##ه [MASK] اني اللي يقولون كفايه دلع هم المد ##لعي ##ن [SEP] الرموز التعبير ##يه وفر ##ت الل ث ##ير من الوقت والكثير [MASK] [MASK] ث ##ير من ا ##ل [MASK] ##م [SEP]
I1103 15:48:05.018853 46985995146304 create_pretraining_data.py:151] tokens: [CLS] تدري وش الغ ##بن ##ه [MASK] اني اللي يقولون كفايه دلع هم المد ##لعي ##ن [SEP] الرموز التعبير ##يه وفر ##ت الل ث ##ير من الوقت والكثير [MASK] [MASK] ث ##ير من ا ##ل [MASK] ##م [SEP]
INFO:tensorflow:input_ids: 2 4425 2347 2173 9285 1028 4 2694 2115 6546 12015 13557 2839 2479 24448 1006 3 24904 8880 1988 5035 1005 5996 391 1916 1908 3021 19043 4 4 391 1916 1908 387 1010 4 1015 3 0 0 0 0 0 0 0 0 0 0 0 0 0 0 0 0 0 0 0 0 0 0 0 0 0 0 0 0 0 0 0 0 0 0 0 0 0 0 0 0 0 0 0 0 0 0 0 0 0 0 0 0 0 0 0 0 0 0 0 0 0 0 0 0 0 0 0 0 0 0 0 0 0 0 0 0 0 0 0 0 0 0 0 0 0 0 0 0 0 0
I1103 15:48:05.019052 46985995146304 create_pretraining_data.py:161] input_ids: 2 4425 2347 2173 9285 1028 4 2694 2115 6546 12015 13557 2839 2479 24448 1006 3 24904 8880 1988 5035 1005 5996 391 1916 1908 3021 19043 4 4 391 1916 1908 387 1010 4 1015 3 0 0 0 0 0 0 0 0 0 0 0 0 0 0 0 0 0 0 0 0 0 0 0 0 0 0 0 0 0 0 0 0 0 0 0 0 0 0 0 0 0 0 0 0 0 0 0 0 0 0 0 0 0 0 0 0 0 0 0 0 0 0 0 0 0 0 0 0 0 0 0 0 0 0 0 0 0 0 0 0 0 0 0 0 0 0 0 0 0 0
INFO:tensorflow:input_mask: 1 1 1 1 1 1 1 1 1 1 1 1 1 1 1 1 1 1 1 1 1 1 1 1 1 1 1 1 1 1 1 1 1 1 1 1 1 1 0 0 0 0 0 0 0 0 0 0 0 0 0 0 0 0 0 0 0 0 0 0 0 0 0 0 0 0 0 0 0 0 0 0 0 0 0 0 0 0 0 0 0 0 0 0 0 0 0 0 0 0 0 0 0 0 0 0 0 0 0 0 0 0 0 0 0 0 0 0 0 0 0 0 0 0 0 0 0 0 0 0 0 0 0 0 0 0 0 0
I1103 15:48:05.019248 46985995146304 create_pretraining_data.py:161] input_mask: 1 1 1 1 1 1 1 1 1 1 1 1 1 1 1 1 1 1 1 1 1 1 1 1 1 1 1 1 1 1 1 1 1 1 1 1 1 1 0 0 0 0 0 0 0 0 0 0 0 0 0 0 0 0 0 0 0 0 0 0 0 0 0 0 0 0 0 0 0 0 0 0 0 0 0 0 0 0 0 0 0 0 0 0 0 0 0 0 0 0 0 0 0 0 0 0 0 0 0 0 0 0 0 0 0 0 0 0 0 0 0 0 0 0 0 0 0 0 0 0 0 0 0 0 0 0 0 0
INFO:tensorflow:segment_ids: 0 0 0 0 0 0 0 0 0 0 0 0 0 0 0 0 0 1 1 1 1 1 1 1 1 1 1 1 1 1 1 1 1 1 1 1 1 1 0 0 0 0 0 0 0 0 0 0 0 0 0 0 0 0 0 0 0 0 0 0 0 0 0 0 0 0 0 0 0 0 0 0 0 0 0 0 0 0 0 0 0 0 0 0 0 0 0 0 0 0 0 0 0 0 0 0 0 0 0 0 0 0 0 0 0 0 0 0 0 0 0 0 0 0 0 0 0 0 0 0 0 0 0 0 0 0 0 0
I1103 15:48:05.019412 46985995146304 create_pretraining_data.py:161] segment_ids: 0 0 0 0 0 0 0 0 0 0 0 0 0 0 0 0 0 1 1 1 1 1 1 1 1 1 1 1 1 1 1 1 1 1 1 1 1 1 0 0 0 0 0 0 0 0 0 0 0 0 0 0 0 0 0 0 0 0 0 0 0 0 0 0 0 0 0 0 0 0 0 0 0 0 0 0 0 0 0 0 0 0 0 0 0 0 0 0 0 0 0 0 0 0 0 0 0 0 0 0 0 0 0 0 0 0 0 0 0 0 0 0 0 0 0 0 0 0 0 0 0 0 0 0 0 0 0 0
INFO:tensorflow:masked_lm_positions: 6 10 28 29 35 36 0 0 0 0 0 0 0 0 0 0 0 0 0 0
I1103 15:48:05.019559 46985995146304 create_pretraining_data.py:161] masked_lm_positions: 6 10 28 29 35 36 0 0 0 0 0 0 0 0 0 0 0 0 0 0
INFO:tensorflow:masked_lm_ids: 5678 12015 387 1010 20715 1015 0 0 0 0 0 0 0 0 0 0 0 0 0 0
I1103 15:48:05.019684 46985995146304 create_pretraining_data.py:161] masked_lm_ids: 5678 12015 387 1010 20715 1015 0 0 0 0 0 0 0 0 0 0 0 0 0 0
INFO:tensorflow:masked_lm_weights: 1.0 1.0 1.0 1.0 1.0 1.0 0.0 0.0 0.0 0.0 0.0 0.0 0.0 0.0 0.0 0.0 0.0 0.0 0.0 0.0
I1103 15:48:05.019809 46985995146304 create_pretraining_data.py:161] masked_lm_weights: 1.0 1.0 1.0 1.0 1.0 1.0 0.0 0.0 0.0 0.0 0.0 0.0 0.0 0.0 0.0 0.0 0.0 0.0 0.0 0.0
INFO:tensorflow:next_sentence_labels: 1
I1103 15:48:05.019925 46985995146304 create_pretraining_data.py:161] next_sentence_labels: 1
INFO:tensorflow:*** Example ***
I1103 15:48:05.020552 46985995146304 create_pretraining_data.py:149] *** Example ***
INFO:tensorflow:tokens: [CLS] [MASK] تلقائيا حمد الدغيم العوني الرشيدي الرشايده الرشايده [MASK] [SEP] عايز ابوس ##ها وهي ##ا نايم ##ه وخ ##اي ##ف تص ##حي [MASK] علي [MASK] اكيد عملها قبل كده مع قبل ##ي وتعمل قوس ##ين الرجال ##ه كلهم زي بعض خايف [SEP]
I1103 15:48:05.020710 46985995146304 create_pretraining_data.py:151] tokens: [CLS] [MASK] تلقائيا حمد الدغيم العوني الرشيدي الرشايده الرشايده [MASK] [SEP] عايز ابوس ##ها وهي ##ا نايم ##ه وخ ##اي ##ف تص ##حي [MASK] علي [MASK] اكيد عملها قبل كده مع قبل ##ي وتعمل قوس ##ين الرجال ##ه كلهم زي بعض خايف [SEP]
INFO:tensorflow:input_ids: 2 4 17132 5419 23867 12069 9123 7739 7739 4 3 10284 21097 1913 2843 1007 21979 1028 2680 2272 1037 2223 2120 4 1958 4 10364 13485 2289 6388 1973 2289 1013 19310 21346 1911 4892 1028 8371 3253 2346 14039 3 0 0 0 0 0 0 0 0 0 0 0 0 0 0 0 0 0 0 0 0 0 0 0 0 0 0 0 0 0 0 0 0 0 0 0 0 0 0 0 0 0 0 0 0 0 0 0 0 0 0 0 0 0 0 0 0 0 0 0 0 0 0 0 0 0 0 0 0 0 0 0 0 0 0 0 0 0 0 0 0 0 0 0 0 0
I1103 15:48:05.020892 46985995146304 create_pretraining_data.py:161] input_ids: 2 4 17132 5419 23867 12069 9123 7739 7739 4 3 10284 21097 1913 2843 1007 21979 1028 2680 2272 1037 2223 2120 4 1958 4 10364 13485 2289 6388 1973 2289 1013 19310 21346 1911 4892 1028 8371 3253 2346 14039 3 0 0 0 0 0 0 0 0 0 0 0 0 0 0 0 0 0 0 0 0 0 0 0 0 0 0 0 0 0 0 0 0 0 0 0 0 0 0 0 0 0 0 0 0 0 0 0 0 0 0 0 0 0 0 0 0 0 0 0 0 0 0 0 0 0 0 0 0 0 0 0 0 0 0 0 0 0 0 0 0 0 0 0 0 0
INFO:tensorflow:input_mask: 1 1 1 1 1 1 1 1 1 1 1 1 1 1 1 1 1 1 1 1 1 1 1 1 1 1 1 1 1 1 1 1 1 1 1 1 1 1 1 1 1 1 1 0 0 0 0 0 0 0 0 0 0 0 0 0 0 0 0 0 0 0 0 0 0 0 0 0 0 0 0 0 0 0 0 0 0 0 0 0 0 0 0 0 0 0 0 0 0 0 0 0 0 0 0 0 0 0 0 0 0 0 0 0 0 0 0 0 0 0 0 0 0 0 0 0 0 0 0 0 0 0 0 0 0 0 0 0
I1103 15:48:05.021066 46985995146304 create_pretraining_data.py:161] input_mask: 1 1 1 1 1 1 1 1 1 1 1 1 1 1 1 1 1 1 1 1 1 1 1 1 1 1 1 1 1 1 1 1 1 1 1 1 1 1 1 1 1 1 1 0 0 0 0 0 0 0 0 0 0 0 0 0 0 0 0 0 0 0 0 0 0 0 0 0 0 0 0 0 0 0 0 0 0 0 0 0 0 0 0 0 0 0 0 0 0 0 0 0 0 0 0 0 0 0 0 0 0 0 0 0 0 0 0 0 0 0 0 0 0 0 0 0 0 0 0 0 0 0 0 0 0 0 0 0
INFO:tensorflow:segment_ids: 0 0 0 0 0 0 0 0 0 0 0 1 1 1 1 1 1 1 1 1 1 1 1 1 1 1 1 1 1 1 1 1 1 1 1 1 1 1 1 1 1 1 1 0 0 0 0 0 0 0 0 0 0 0 0 0 0 0 0 0 0 0 0 0 0 0 0 0 0 0 0 0 0 0 0 0 0 0 0 0 0 0 0 0 0 0 0 0 0 0 0 0 0 0 0 0 0 0 0 0 0 0 0 0 0 0 0 0 0 0 0 0 0 0 0 0 0 0 0 0 0 0 0 0 0 0 0 0
I1103 15:48:05.021229 46985995146304 create_pretraining_data.py:161] segment_ids: 0 0 0 0 0 0 0 0 0 0 0 1 1 1 1 1 1 1 1 1 1 1 1 1 1 1 1 1 1 1 1 1 1 1 1 1 1 1 1 1 1 1 1 0 0 0 0 0 0 0 0 0 0 0 0 0 0 0 0 0 0 0 0 0 0 0 0 0 0 0 0 0 0 0 0 0 0 0 0 0 0 0 0 0 0 0 0 0 0 0 0 0 0 0 0 0 0 0 0 0 0 0 0 0 0 0 0 0 0 0 0 0 0 0 0 0 0 0 0 0 0 0 0 0 0 0 0 0
INFO:tensorflow:masked_lm_positions: 1 2 9 23 25 38 0 0 0 0 0 0 0 0 0 0 0 0 0 0
I1103 15:48:05.021375 46985995146304 create_pretraining_data.py:161] masked_lm_positions: 1 2 9 23 25 38 0 0 0 0 0 0 0 0 0 0 0 0 0 0
INFO:tensorflow:masked_lm_ids: 17337 1009 9147 9551 4266 8371 0 0 0 0 0 0 0 0 0 0 0 0 0 0
I1103 15:48:05.021500 46985995146304 create_pretraining_data.py:161] masked_lm_ids: 17337 1009 9147 9551 4266 8371 0 0 0 0 0 0 0 0 0 0 0 0 0 0
INFO:tensorflow:masked_lm_weights: 1.0 1.0 1.0 1.0 1.0 1.0 0.0 0.0 0.0 0.0 0.0 0.0 0.0 0.0 0.0 0.0 0.0 0.0 0.0 0.0
I1103 15:48:05.021626 46985995146304 create_pretraining_data.py:161] masked_lm_weights: 1.0 1.0 1.0 1.0 1.0 1.0 0.0 0.0 0.0 0.0 0.0 0.0 0.0 0.0 0.0 0.0 0.0 0.0 0.0 0.0
INFO:tensorflow:next_sentence_labels: 1
I1103 15:48:05.021742 46985995146304 create_pretraining_data.py:161] next_sentence_labels: 1
INFO:tensorflow:*** Example ***
I1103 15:48:05.022347 46985995146304 create_pretraining_data.py:149] *** Example ***
INFO:tensorflow:tokens: [CLS] رحبت [MASK] الدغيم الرشيدي [MASK] فيصل بندر الد ##ويش بدي ##وان العمري ##ه [MASK] [MASK] الكويت الرشايده العونه [SEP] ثلاثه لا تنس ##اها اذا ظهرت عليك نعمه فاح ##مد [MASK] واذا اب ##طي عنك الرزق استغفر الله واذا اصاب ##تك [MASK] قل لا حول ولا قوه الا بالله الميزانيه [SEP]
I1103 15:48:05.022508 46985995146304 create_pretraining_data.py:151] tokens: [CLS] رحبت [MASK] الدغيم الرشيدي [MASK] فيصل بندر الد ##ويش بدي ##وان العمري ##ه [MASK] [MASK] الكويت الرشايده العونه [SEP] ثلاثه لا تنس ##اها اذا ظهرت عليك نعمه فاح ##مد [MASK] واذا اب ##طي عنك الرزق استغفر الله واذا اصاب ##تك [MASK] قل لا حول ولا قوه الا بالله الميزانيه [SEP]
INFO:tensorflow:input_ids: 2 28934 4 23867 9123 4 5689 16020 1978 6956 6962 2255 18677 1028 4 4 3346 7739 9147 3 10129 1963 6548 12265 2387 10484 2898 5830 9206 2368 4 4876 2093 2594 4548 10161 2870 1953 4876 17153 2348 4 4491 1963 2528 2086 5079 1915 3351 14422 3 0 0 0 0 0 0 0 0 0 0 0 0 0 0 0 0 0 0 0 0 0 0 0 0 0 0 0 0 0 0 0 0 0 0 0 0 0 0 0 0 0 0 0 0 0 0 0 0 0 0 0 0 0 0 0 0 0 0 0 0 0 0 0 0 0 0 0 0 0 0 0 0 0 0 0 0 0
I1103 15:48:05.022692 46985995146304 create_pretraining_data.py:161] input_ids: 2 28934 4 23867 9123 4 5689 16020 1978 6956 6962 2255 18677 1028 4 4 3346 7739 9147 3 10129 1963 6548 12265 2387 10484 2898 5830 9206 2368 4 4876 2093 2594 4548 10161 2870 1953 4876 17153 2348 4 4491 1963 2528 2086 5079 1915 3351 14422 3 0 0 0 0 0 0 0 0 0 0 0 0 0 0 0 0 0 0 0 0 0 0 0 0 0 0 0 0 0 0 0 0 0 0 0 0 0 0 0 0 0 0 0 0 0 0 0 0 0 0 0 0 0 0 0 0 0 0 0 0 0 0 0 0 0 0 0 0 0 0 0 0 0 0 0 0 0
INFO:tensorflow:input_mask: 1 1 1 1 1 1 1 1 1 1 1 1 1 1 1 1 1 1 1 1 1 1 1 1 1 1 1 1 1 1 1 1 1 1 1 1 1 1 1 1 1 1 1 1 1 1 1 1 1 1 1 0 0 0 0 0 0 0 0 0 0 0 0 0 0 0 0 0 0 0 0 0 0 0 0 0 0 0 0 0 0 0 0 0 0 0 0 0 0 0 0 0 0 0 0 0 0 0 0 0 0 0 0 0 0 0 0 0 0 0 0 0 0 0 0 0 0 0 0 0 0 0 0 0 0 0 0 0
I1103 15:48:05.022863 46985995146304 create_pretraining_data.py:161] input_mask: 1 1 1 1 1 1 1 1 1 1 1 1 1 1 1 1 1 1 1 1 1 1 1 1 1 1 1 1 1 1 1 1 1 1 1 1 1 1 1 1 1 1 1 1 1 1 1 1 1 1 1 0 0 0 0 0 0 0 0 0 0 0 0 0 0 0 0 0 0 0 0 0 0 0 0 0 0 0 0 0 0 0 0 0 0 0 0 0 0 0 0 0 0 0 0 0 0 0 0 0 0 0 0 0 0 0 0 0 0 0 0 0 0 0 0 0 0 0 0 0 0 0 0 0 0 0 0 0
INFO:tensorflow:segment_ids: 0 0 0 0 0 0 0 0 0 0 0 0 0 0 0 0 0 0 0 0 1 1 1 1 1 1 1 1 1 1 1 1 1 1 1 1 1 1 1 1 1 1 1 1 1 1 1 1 1 1 1 0 0 0 0 0 0 0 0 0 0 0 0 0 0 0 0 0 0 0 0 0 0 0 0 0 0 0 0 0 0 0 0 0 0 0 0 0 0 0 0 0 0 0 0 0 0 0 0 0 0 0 0 0 0 0 0 0 0 0 0 0 0 0 0 0 0 0 0 0 0 0 0 0 0 0 0 0
I1103 15:48:05.023037 46985995146304 create_pretraining_data.py:161] segment_ids: 0 0 0 0 0 0 0 0 0 0 0 0 0 0 0 0 0 0 0 0 1 1 1 1 1 1 1 1 1 1 1 1 1 1 1 1 1 1 1 1 1 1 1 1 1 1 1 1 1 1 1 0 0 0 0 0 0 0 0 0 0 0 0 0 0 0 0 0 0 0 0 0 0 0 0 0 0 0 0 0 0 0 0 0 0 0 0 0 0 0 0 0 0 0 0 0 0 0 0 0 0 0 0 0 0 0 0 0 0 0 0 0 0 0 0 0 0 0 0 0 0 0 0 0 0 0 0 0
INFO:tensorflow:masked_lm_positions: 2 3 5 14 15 30 41 46 0 0 0 0 0 0 0 0 0 0 0 0
I1103 15:48:05.023185 46985995146304 create_pretraining_data.py:161] masked_lm_positions: 2 3 5 14 15 30 41 46 0 0 0 0 0 0 0 0 0 0 0 0
INFO:tensorflow:masked_lm_ids: 16406 23867 1912 17495 1917 1953 13831 5079 0 0 0 0 0 0 0 0 0 0 0 0
I1103 15:48:05.023310 46985995146304 create_pretraining_data.py:161] masked_lm_ids: 16406 23867 1912 17495 1917 1953 13831 5079 0 0 0 0 0 0 0 0 0 0 0 0
INFO:tensorflow:masked_lm_weights: 1.0 1.0 1.0 1.0 1.0 1.0 1.0 1.0 0.0 0.0 0.0 0.0 0.0 0.0 0.0 0.0 0.0 0.0 0.0 0.0
I1103 15:48:05.023437 46985995146304 create_pretraining_data.py:161] masked_lm_weights: 1.0 1.0 1.0 1.0 1.0 1.0 1.0 1.0 0.0 0.0 0.0 0.0 0.0 0.0 0.0 0.0 0.0 0.0 0.0 0.0
INFO:tensorflow:next_sentence_labels: 1
I1103 15:48:05.023555 46985995146304 create_pretraining_data.py:161] next_sentence_labels: 1
INFO:tensorflow:*** Example ***
I1103 15:48:05.024169 46985995146304 create_pretraining_data.py:149] *** Example ***
INFO:tensorflow:tokens: [CLS] غار ##قون في نعم ##ك [MASK] ##ايا ##ك يا الله فلك الحمد والشكر حتي ترضي [SEP] تموت جروح ##نا ماع ##لمت عن [MASK] [MASK] مخلوق مقاب ##رها الصدور وعز ##ه بالنفس تد ##فن ##ها [SEP]
I1103 15:48:05.024323 46985995146304 create_pretraining_data.py:151] tokens: [CLS] غار ##قون في نعم ##ك [MASK] ##ايا ##ك يا الله فلك الحمد والشكر حتي ترضي [SEP] تموت جروح ##نا ماع ##لمت عن [MASK] [MASK] مخلوق مقاب ##رها الصدور وعز ##ه بالنفس تد ##فن ##ها [SEP]
INFO:tensorflow:input_ids: 2 20677 9421 1912 3331 1014 4 19765 1014 2104 1953 11505 2807 15623 2627 11487 3 7873 19925 1914 8150 17720 1955 4 4 15280 13522 2686 18537 12737 1028 19419 2457 5291 1913 3 0 0 0 0 0 0 0 0 0 0 0 0 0 0 0 0 0 0 0 0 0 0 0 0 0 0 0 0 0 0 0 0 0 0 0 0 0 0 0 0 0 0 0 0 0 0 0 0 0 0 0 0 0 0 0 0 0 0 0 0 0 0 0 0 0 0 0 0 0 0 0 0 0 0 0 0 0 0 0 0 0 0 0 0 0 0 0 0 0 0 0 0
I1103 15:48:05.024505 46985995146304 create_pretraining_data.py:161] input_ids: 2 20677 9421 1912 3331 1014 4 19765 1014 2104 1953 11505 2807 15623 2627 11487 3 7873 19925 1914 8150 17720 1955 4 4 15280 13522 2686 18537 12737 1028 19419 2457 5291 1913 3 0 0 0 0 0 0 0 0 0 0 0 0 0 0 0 0 0 0 0 0 0 0 0 0 0 0 0 0 0 0 0 0 0 0 0 0 0 0 0 0 0 0 0 0 0 0 0 0 0 0 0 0 0 0 0 0 0 0 0 0 0 0 0 0 0 0 0 0 0 0 0 0 0 0 0 0 0 0 0 0 0 0 0 0 0 0 0 0 0 0 0 0
INFO:tensorflow:input_mask: 1 1 1 1 1 1 1 1 1 1 1 1 1 1 1 1 1 1 1 1 1 1 1 1 1 1 1 1 1 1 1 1 1 1 1 1 0 0 0 0 0 0 0 0 0 0 0 0 0 0 0 0 0 0 0 0 0 0 0 0 0 0 0 0 0 0 0 0 0 0 0 0 0 0 0 0 0 0 0 0 0 0 0 0 0 0 0 0 0 0 0 0 0 0 0 0 0 0 0 0 0 0 0 0 0 0 0 0 0 0 0 0 0 0 0 0 0 0 0 0 0 0 0 0 0 0 0 0
I1103 15:48:05.024674 46985995146304 create_pretraining_data.py:161] input_mask: 1 1 1 1 1 1 1 1 1 1 1 1 1 1 1 1 1 1 1 1 1 1 1 1 1 1 1 1 1 1 1 1 1 1 1 1 0 0 0 0 0 0 0 0 0 0 0 0 0 0 0 0 0 0 0 0 0 0 0 0 0 0 0 0 0 0 0 0 0 0 0 0 0 0 0 0 0 0 0 0 0 0 0 0 0 0 0 0 0 0 0 0 0 0 0 0 0 0 0 0 0 0 0 0 0 0 0 0 0 0 0 0 0 0 0 0 0 0 0 0 0 0 0 0 0 0 0 0
INFO:tensorflow:segment_ids: 0 0 0 0 0 0 0 0 0 0 0 0 0 0 0 0 0 1 1 1 1 1 1 1 1 1 1 1 1 1 1 1 1 1 1 1 0 0 0 0 0 0 0 0 0 0 0 0 0 0 0 0 0 0 0 0 0 0 0 0 0 0 0 0 0 0 0 0 0 0 0 0 0 0 0 0 0 0 0 0 0 0 0 0 0 0 0 0 0 0 0 0 0 0 0 0 0 0 0 0 0 0 0 0 0 0 0 0 0 0 0 0 0 0 0 0 0 0 0 0 0 0 0 0 0 0 0 0
I1103 15:48:05.024841 46985995146304 create_pretraining_data.py:161] segment_ids: 0 0 0 0 0 0 0 0 0 0 0 0 0 0 0 0 0 1 1 1 1 1 1 1 1 1 1 1 1 1 1 1 1 1 1 1 0 0 0 0 0 0 0 0 0 0 0 0 0 0 0 0 0 0 0 0 0 0 0 0 0 0 0 0 0 0 0 0 0 0 0 0 0 0 0 0 0 0 0 0 0 0 0 0 0 0 0 0 0 0 0 0 0 0 0 0 0 0 0 0 0 0 0 0 0 0 0 0 0 0 0 0 0 0 0 0 0 0 0 0 0 0 0 0 0 0 0 0
INFO:tensorflow:masked_lm_positions: 6 7 8 23 24 0 0 0 0 0 0 0 0 0 0 0 0 0 0 0
I1103 15:48:05.024989 46985995146304 create_pretraining_data.py:161] masked_lm_positions: 6 7 8 23 24 0 0 0 0 0 0 0 0 0 0 0 0 0 0 0
INFO:tensorflow:masked_lm_ids: 23802 19765 1014 4011 17422 0 0 0 0 0 0 0 0 0 0 0 0 0 0 0
I1103 15:48:05.025117 46985995146304 create_pretraining_data.py:161] masked_lm_ids: 23802 19765 1014 4011 17422 0 0 0 0 0 0 0 0 0 0 0 0 0 0 0
INFO:tensorflow:masked_lm_weights: 1.0 1.0 1.0 1.0 1.0 0.0 0.0 0.0 0.0 0.0 0.0 0.0 0.0 0.0 0.0 0.0 0.0 0.0 0.0 0.0
I1103 15:48:05.025244 46985995146304 create_pretraining_data.py:161] masked_lm_weights: 1.0 1.0 1.0 1.0 1.0 0.0 0.0 0.0 0.0 0.0 0.0 0.0 0.0 0.0 0.0 0.0 0.0 0.0 0.0 0.0
INFO:tensorflow:next_sentence_labels: 1
I1103 15:48:05.025359 46985995146304 create_pretraining_data.py:161] next_sentence_labels: 1
INFO:tensorflow:*** Example ***
I1103 15:48:05.026009 46985995146304 create_pretraining_data.py:149] *** Example ***
INFO:tensorflow:tokens: [CLS] احتفالات العونه الرشايده [MASK] الكويت [SEP] حسابات تستحق [MASK] [SEP]
I1103 15:48:05.026155 46985995146304 create_pretraining_data.py:151] tokens: [CLS] احتفالات العونه الرشايده [MASK] الكويت [SEP] حسابات تستحق [MASK] [SEP]
INFO:tensorflow:input_ids: 2 16376 9147 7739 4 3346 3 6354 8045 4 3 0 0 0 0 0 0 0 0 0 0 0 0 0 0 0 0 0 0 0 0 0 0 0 0 0 0 0 0 0 0 0 0 0 0 0 0 0 0 0 0 0 0 0 0 0 0 0 0 0 0 0 0 0 0 0 0 0 0 0 0 0 0 0 0 0 0 0 0 0 0 0 0 0 0 0 0 0 0 0 0 0 0 0 0 0 0 0 0 0 0 0 0 0 0 0 0 0 0 0 0 0 0 0 0 0 0 0 0 0 0 0 0 0 0 0 0 0
I1103 15:48:05.026329 46985995146304 create_pretraining_data.py:161] input_ids: 2 16376 9147 7739 4 3346 3 6354 8045 4 3 0 0 0 0 0 0 0 0 0 0 0 0 0 0 0 0 0 0 0 0 0 0 0 0 0 0 0 0 0 0 0 0 0 0 0 0 0 0 0 0 0 0 0 0 0 0 0 0 0 0 0 0 0 0 0 0 0 0 0 0 0 0 0 0 0 0 0 0 0 0 0 0 0 0 0 0 0 0 0 0 0 0 0 0 0 0 0 0 0 0 0 0 0 0 0 0 0 0 0 0 0 0 0 0 0 0 0 0 0 0 0 0 0 0 0 0 0
INFO:tensorflow:input_mask: 1 1 1 1 1 1 1 1 1 1 1 0 0 0 0 0 0 0 0 0 0 0 0 0 0 0 0 0 0 0 0 0 0 0 0 0 0 0 0 0 0 0 0 0 0 0 0 0 0 0 0 0 0 0 0 0 0 0 0 0 0 0 0 0 0 0 0 0 0 0 0 0 0 0 0 0 0 0 0 0 0 0 0 0 0 0 0 0 0 0 0 0 0 0 0 0 0 0 0 0 0 0 0 0 0 0 0 0 0 0 0 0 0 0 0 0 0 0 0 0 0 0 0 0 0 0 0 0
I1103 15:48:05.026496 46985995146304 create_pretraining_data.py:161] input_mask: 1 1 1 1 1 1 1 1 1 1 1 0 0 0 0 0 0 0 0 0 0 0 0 0 0 0 0 0 0 0 0 0 0 0 0 0 0 0 0 0 0 0 0 0 0 0 0 0 0 0 0 0 0 0 0 0 0 0 0 0 0 0 0 0 0 0 0 0 0 0 0 0 0 0 0 0 0 0 0 0 0 0 0 0 0 0 0 0 0 0 0 0 0 0 0 0 0 0 0 0 0 0 0 0 0 0 0 0 0 0 0 0 0 0 0 0 0 0 0 0 0 0 0 0 0 0 0 0
INFO:tensorflow:segment_ids: 0 0 0 0 0 0 0 1 1 1 1 0 0 0 0 0 0 0 0 0 0 0 0 0 0 0 0 0 0 0 0 0 0 0 0 0 0 0 0 0 0 0 0 0 0 0 0 0 0 0 0 0 0 0 0 0 0 0 0 0 0 0 0 0 0 0 0 0 0 0 0 0 0 0 0 0 0 0 0 0 0 0 0 0 0 0 0 0 0 0 0 0 0 0 0 0 0 0 0 0 0 0 0 0 0 0 0 0 0 0 0 0 0 0 0 0 0 0 0 0 0 0 0 0 0 0 0 0
I1103 15:48:05.026659 46985995146304 create_pretraining_data.py:161] segment_ids: 0 0 0 0 0 0 0 1 1 1 1 0 0 0 0 0 0 0 0 0 0 0 0 0 0 0 0 0 0 0 0 0 0 0 0 0 0 0 0 0 0 0 0 0 0 0 0 0 0 0 0 0 0 0 0 0 0 0 0 0 0 0 0 0 0 0 0 0 0 0 0 0 0 0 0 0 0 0 0 0 0 0 0 0 0 0 0 0 0 0 0 0 0 0 0 0 0 0 0 0 0 0 0 0 0 0 0 0 0 0 0 0 0 0 0 0 0 0 0 0 0 0 0 0 0 0 0 0
INFO:tensorflow:masked_lm_positions: 4 9 0 0 0 0 0 0 0 0 0 0 0 0 0 0 0 0 0 0
I1103 15:48:05.026787 46985995146304 create_pretraining_data.py:161] masked_lm_positions: 4 9 0 0 0 0 0 0 0 0 0 0 0 0 0 0 0 0 0 0
INFO:tensorflow:masked_lm_ids: 6229 7550 0 0 0 0 0 0 0 0 0 0 0 0 0 0 0 0 0 0
I1103 15:48:05.026910 46985995146304 create_pretraining_data.py:161] masked_lm_ids: 6229 7550 0 0 0 0 0 0 0 0 0 0 0 0 0 0 0 0 0 0
INFO:tensorflow:masked_lm_weights: 1.0 1.0 0.0 0.0 0.0 0.0 0.0 0.0 0.0 0.0 0.0 0.0 0.0 0.0 0.0 0.0 0.0 0.0 0.0 0.0
I1103 15:48:05.027042 46985995146304 create_pretraining_data.py:161] masked_lm_weights: 1.0 1.0 0.0 0.0 0.0 0.0 0.0 0.0 0.0 0.0 0.0 0.0 0.0 0.0 0.0 0.0 0.0 0.0 0.0 0.0
INFO:tensorflow:next_sentence_labels: 1
I1103 15:48:05.027158 46985995146304 create_pretraining_data.py:161] next_sentence_labels: 1
INFO:tensorflow:*** Example ***
I1103 15:48:05.027768 46985995146304 create_pretraining_data.py:149] *** Example ***
INFO:tensorflow:tokens: [CLS] اكثر شيء مريح ان قلبك الطاهر [MASK] [MASK] الطيبه [MASK] يقدر يشوف ##ها [MASK] اللي قلبه يشبه ##ك خليك مرتاح كل [MASK] يظن فيك سوء يشوف ##ك انعكاس لنفسه [SEP] عندما [MASK] باحد بدون اي شك في النهايه ستح ##صل علي نتي ##جت ##ين اما شخص مدي الحياه الموجودين درس مدي الحياه [SEP]
I1103 15:48:05.027941 46985995146304 create_pretraining_data.py:151] tokens: [CLS] اكثر شيء مريح ان قلبك الطاهر [MASK] [MASK] الطيبه [MASK] يقدر يشوف ##ها [MASK] اللي قلبه يشبه ##ك خليك مرتاح كل [MASK] يظن فيك سوء يشوف ##ك انعكاس لنفسه [SEP] عندما [MASK] باحد بدون اي شك في النهايه ستح ##صل علي نتي ##جت ##ين اما شخص مدي الحياه الموجودين درس مدي الحياه [SEP]
INFO:tensorflow:input_ids: 2 2695 2621 24566 1939 3966 19684 4 4 11032 4 7518 9480 1913 4 2115 6394 8609 1014 14916 14760 2038 4 15544 4017 6295 9480 1014 24416 11772 3 2805 4 12634 3279 2218 3023 1912 12972 14399 2107 1958 4310 2547 1911 3910 2489 9634 3014 28594 9411 9634 3014 3 0 0 0 0 0 0 0 0 0 0 0 0 0 0 0 0 0 0 0 0 0 0 0 0 0 0 0 0 0 0 0 0 0 0 0 0 0 0 0 0 0 0 0 0 0 0 0 0 0 0 0 0 0 0 0 0 0 0 0 0 0 0 0 0 0 0 0 0 0 0 0 0 0 0
I1103 15:48:05.028142 46985995146304 create_pretraining_data.py:161] input_ids: 2 2695 2621 24566 1939 3966 19684 4 4 11032 4 7518 9480 1913 4 2115 6394 8609 1014 14916 14760 2038 4 15544 4017 6295 9480 1014 24416 11772 3 2805 4 12634 3279 2218 3023 1912 12972 14399 2107 1958 4310 2547 1911 3910 2489 9634 3014 28594 9411 9634 3014 3 0 0 0 0 0 0 0 0 0 0 0 0 0 0 0 0 0 0 0 0 0 0 0 0 0 0 0 0 0 0 0 0 0 0 0 0 0 0 0 0 0 0 0 0 0 0 0 0 0 0 0 0 0 0 0 0 0 0 0 0 0 0 0 0 0 0 0 0 0 0 0 0 0 0
INFO:tensorflow:input_mask: 1 1 1 1 1 1 1 1 1 1 1 1 1 1 1 1 1 1 1 1 1 1 1 1 1 1 1 1 1 1 1 1 1 1 1 1 1 1 1 1 1 1 1 1 1 1 1 1 1 1 1 1 1 1 0 0 0 0 0 0 0 0 0 0 0 0 0 0 0 0 0 0 0 0 0 0 0 0 0 0 0 0 0 0 0 0 0 0 0 0 0 0 0 0 0 0 0 0 0 0 0 0 0 0 0 0 0 0 0 0 0 0 0 0 0 0 0 0 0 0 0 0 0 0 0 0 0 0
I1103 15:48:05.028315 46985995146304 create_pretraining_data.py:161] input_mask: 1 1 1 1 1 1 1 1 1 1 1 1 1 1 1 1 1 1 1 1 1 1 1 1 1 1 1 1 1 1 1 1 1 1 1 1 1 1 1 1 1 1 1 1 1 1 1 1 1 1 1 1 1 1 0 0 0 0 0 0 0 0 0 0 0 0 0 0 0 0 0 0 0 0 0 0 0 0 0 0 0 0 0 0 0 0 0 0 0 0 0 0 0 0 0 0 0 0 0 0 0 0 0 0 0 0 0 0 0 0 0 0 0 0 0 0 0 0 0 0 0 0 0 0 0 0 0 0
INFO:tensorflow:segment_ids: 0 0 0 0 0 0 0 0 0 0 0 0 0 0 0 0 0 0 0 0 0 0 0 0 0 0 0 0 0 0 0 1 1 1 1 1 1 1 1 1 1 1 1 1 1 1 1 1 1 1 1 1 1 1 0 0 0 0 0 0 0 0 0 0 0 0 0 0 0 0 0 0 0 0 0 0 0 0 0 0 0 0 0 0 0 0 0 0 0 0 0 0 0 0 0 0 0 0 0 0 0 0 0 0 0 0 0 0 0 0 0 0 0 0 0 0 0 0 0 0 0 0 0 0 0 0 0 0
I1103 15:48:05.028481 46985995146304 create_pretraining_data.py:161] segment_ids: 0 0 0 0 0 0 0 0 0 0 0 0 0 0 0 0 0 0 0 0 0 0 0 0 0 0 0 0 0 0 0 1 1 1 1 1 1 1 1 1 1 1 1 1 1 1 1 1 1 1 1 1 1 1 0 0 0 0 0 0 0 0 0 0 0 0 0 0 0 0 0 0 0 0 0 0 0 0 0 0 0 0 0 0 0 0 0 0 0 0 0 0 0 0 0 0 0 0 0 0 0 0 0 0 0 0 0 0 0 0 0 0 0 0 0 0 0 0 0 0 0 0 0 0 0 0 0 0
INFO:tensorflow:masked_lm_positions: 7 8 10 11 14 22 32 49 0 0 0 0 0 0 0 0 0 0 0 0
I1103 15:48:05.028609 46985995146304 create_pretraining_data.py:161] masked_lm_positions: 7 8 10 11 14 22 32 49 0 0 0 0 0 0 0 0 0 0 0 0
INFO:tensorflow:masked_lm_ids: 3006 8043 1972 7518 2224 2115 17251 2213 0 0 0 0 0 0 0 0 0 0 0 0
I1103 15:48:05.028732 46985995146304 create_pretraining_data.py:161] masked_lm_ids: 3006 8043 1972 7518 2224 2115 17251 2213 0 0 0 0 0 0 0 0 0 0 0 0
INFO:tensorflow:masked_lm_weights: 1.0 1.0 1.0 1.0 1.0 1.0 1.0 1.0 0.0 0.0 0.0 0.0 0.0 0.0 0.0 0.0 0.0 0.0 0.0 0.0
I1103 15:48:05.028858 46985995146304 create_pretraining_data.py:161] masked_lm_weights: 1.0 1.0 1.0 1.0 1.0 1.0 1.0 1.0 0.0 0.0 0.0 0.0 0.0 0.0 0.0 0.0 0.0 0.0 0.0 0.0
INFO:tensorflow:next_sentence_labels: 1
I1103 15:48:05.028983 46985995146304 create_pretraining_data.py:161] next_sentence_labels: 1
INFO:tensorflow:*** Example ***
I1103 15:48:05.029644 46985995146304 create_pretraining_data.py:149] *** Example ***
INFO:tensorflow:tokens: [CLS] يقول من اصبح منكم امنا في سر الكردستاني معافي في جسده عنده [MASK] [MASK] فكانما حيز ##ت له الدنيا اللهم [MASK] وطننا وادم [MASK] نعمه الصحه والامن والامان [SEP] حني نخ ##ت ##لف بار ##ائنا ومب ##اد ##ئنا [MASK] مري ##نا [MASK] [MASK] [MASK] بعض عاش ##رنا ناس غير تربي ##نا تربيه غير فلا تنتظر احد يوافق ##ك علي كل شيء لاننا مختلف ##ين [SEP]
I1103 15:48:05.029811 46985995146304 create_pretraining_data.py:151] tokens: [CLS] يقول من اصبح منكم امنا في سر الكردستاني معافي في جسده عنده [MASK] [MASK] فكانما حيز ##ت له الدنيا اللهم [MASK] وطننا وادم [MASK] نعمه الصحه والامن والامان [SEP] حني نخ ##ت ##لف بار ##ائنا ومب ##اد ##ئنا [MASK] مري ##نا [MASK] [MASK] [MASK] بعض عاش ##رنا ناس غير تربي ##نا تربيه غير فلا تنتظر احد يوافق ##ك علي كل شيء لاننا مختلف ##ين [SEP]
INFO:tensorflow:input_ids: 2 2722 1908 4768 6848 14327 1912 3672 24119 22398 1912 17164 5382 4 4 25303 23876 1005 2154 2859 2168 4 16833 25282 4 5830 8808 21646 14511 3 12342 6093 1005 1946 3434 6066 20298 1950 17531 4 9491 1914 4 4 4 2346 4981 17389 3970 2224 18627 1914 18001 2224 2828 9472 2439 15362 1014 1958 2038 2621 15373 3264 1911 3 0 0 0 0 0 0 0 0 0 0 0 0 0 0 0 0 0 0 0 0 0 0 0 0 0 0 0 0 0 0 0 0 0 0 0 0 0 0 0 0 0 0 0 0 0 0 0 0 0 0 0 0 0 0 0 0 0 0 0 0 0 0
I1103 15:48:05.030004 46985995146304 create_pretraining_data.py:161] input_ids: 2 2722 1908 4768 6848 14327 1912 3672 24119 22398 1912 17164 5382 4 4 25303 23876 1005 2154 2859 2168 4 16833 25282 4 5830 8808 21646 14511 3 12342 6093 1005 1946 3434 6066 20298 1950 17531 4 9491 1914 4 4 4 2346 4981 17389 3970 2224 18627 1914 18001 2224 2828 9472 2439 15362 1014 1958 2038 2621 15373 3264 1911 3 0 0 0 0 0 0 0 0 0 0 0 0 0 0 0 0 0 0 0 0 0 0 0 0 0 0 0 0 0 0 0 0 0 0 0 0 0 0 0 0 0 0 0 0 0 0 0 0 0 0 0 0 0 0 0 0 0 0 0 0 0 0
INFO:tensorflow:input_mask: 1 1 1 1 1 1 1 1 1 1 1 1 1 1 1 1 1 1 1 1 1 1 1 1 1 1 1 1 1 1 1 1 1 1 1 1 1 1 1 1 1 1 1 1 1 1 1 1 1 1 1 1 1 1 1 1 1 1 1 1 1 1 1 1 1 1 0 0 0 0 0 0 0 0 0 0 0 0 0 0 0 0 0 0 0 0 0 0 0 0 0 0 0 0 0 0 0 0 0 0 0 0 0 0 0 0 0 0 0 0 0 0 0 0 0 0 0 0 0 0 0 0 0 0 0 0 0 0
I1103 15:48:05.030179 46985995146304 create_pretraining_data.py:161] input_mask: 1 1 1 1 1 1 1 1 1 1 1 1 1 1 1 1 1 1 1 1 1 1 1 1 1 1 1 1 1 1 1 1 1 1 1 1 1 1 1 1 1 1 1 1 1 1 1 1 1 1 1 1 1 1 1 1 1 1 1 1 1 1 1 1 1 1 0 0 0 0 0 0 0 0 0 0 0 0 0 0 0 0 0 0 0 0 0 0 0 0 0 0 0 0 0 0 0 0 0 0 0 0 0 0 0 0 0 0 0 0 0 0 0 0 0 0 0 0 0 0 0 0 0 0 0 0 0 0
INFO:tensorflow:segment_ids: 0 0 0 0 0 0 0 0 0 0 0 0 0 0 0 0 0 0 0 0 0 0 0 0 0 0 0 0 0 0 1 1 1 1 1 1 1 1 1 1 1 1 1 1 1 1 1 1 1 1 1 1 1 1 1 1 1 1 1 1 1 1 1 1 1 1 0 0 0 0 0 0 0 0 0 0 0 0 0 0 0 0 0 0 0 0 0 0 0 0 0 0 0 0 0 0 0 0 0 0 0 0 0 0 0 0 0 0 0 0 0 0 0 0 0 0 0 0 0 0 0 0 0 0 0 0 0 0
I1103 15:48:05.030343 46985995146304 create_pretraining_data.py:161] segment_ids: 0 0 0 0 0 0 0 0 0 0 0 0 0 0 0 0 0 0 0 0 0 0 0 0 0 0 0 0 0 0 1 1 1 1 1 1 1 1 1 1 1 1 1 1 1 1 1 1 1 1 1 1 1 1 1 1 1 1 1 1 1 1 1 1 1 1 0 0 0 0 0 0 0 0 0 0 0 0 0 0 0 0 0 0 0 0 0 0 0 0 0 0 0 0 0 0 0 0 0 0 0 0 0 0 0 0 0 0 0 0 0 0 0 0 0 0 0 0 0 0 0 0 0 0 0 0 0 0
INFO:tensorflow:masked_lm_positions: 7 8 13 14 21 24 39 42 43 44 0 0 0 0 0 0 0 0 0 0
I1103 15:48:05.030470 46985995146304 create_pretraining_data.py:161] masked_lm_positions: 7 8 13 14 21 24 39 42 43 44 0 0 0 0 0 0 0 0 0 0
INFO:tensorflow:masked_lm_ids: 3672 2204 15332 14448 5776 3754 15373 13807 2433 2224 0 0 0 0 0 0 0 0 0 0
I1103 15:48:05.030594 46985995146304 create_pretraining_data.py:161] masked_lm_ids: 3672 2204 15332 14448 5776 3754 15373 13807 2433 2224 0 0 0 0 0 0 0 0 0 0
INFO:tensorflow:masked_lm_weights: 1.0 1.0 1.0 1.0 1.0 1.0 1.0 1.0 1.0 1.0 0.0 0.0 0.0 0.0 0.0 0.0 0.0 0.0 0.0 0.0
I1103 15:48:05.030719 46985995146304 create_pretraining_data.py:161] masked_lm_weights: 1.0 1.0 1.0 1.0 1.0 1.0 1.0 1.0 1.0 1.0 0.0 0.0 0.0 0.0 0.0 0.0 0.0 0.0 0.0 0.0
INFO:tensorflow:next_sentence_labels: 1
I1103 15:48:05.030849 46985995146304 create_pretraining_data.py:161] next_sentence_labels: 1
INFO:tensorflow:*** Example ***
I1103 15:48:05.031457 46985995146304 create_pretraining_data.py:149] *** Example ***
INFO:tensorflow:tokens: [CLS] رغم حزني وما قد يبدو علي ملامح ##ي من الم [MASK] من يعرف ##ني يعرف ان هناك روح طفله تسكن ذاتي [SEP] ان [MASK] وان اليه [MASK] انتقل الي رحمه الله تعالي الخال حشد [MASK] رخي ##ص ا ##ل نه ##ير الدف ##ان اليوم بعد صلاه العصر في [MASK] رفح ##ا [SEP]
I1103 15:48:05.031617 46985995146304 create_pretraining_data.py:151] tokens: [CLS] رغم حزني وما قد يبدو علي ملامح ##ي من الم [MASK] من يعرف ##ني يعرف ان هناك روح طفله تسكن ذاتي [SEP] ان [MASK] وان اليه [MASK] انتقل الي رحمه الله تعالي الخال حشد [MASK] رخي ##ص ا ##ل نه ##ير الدف ##ان اليوم بعد صلاه العصر في [MASK] رفح ##ا [SEP]
INFO:tensorflow:input_ids: 2 3685 18314 2564 2251 6428 1958 12062 1013 1908 1905 4 1908 3825 1974 3825 1939 2671 3894 14314 17006 21690 3 1939 4 2178 3055 4 4481 2002 3849 1953 5175 18178 20816 4 23732 1031 387 1010 4799 1916 20566 1906 2217 2089 5094 6664 1912 4 21565 1007 3 0 0 0 0 0 0 0 0 0 0 0 0 0 0 0 0 0 0 0 0 0 0 0 0 0 0 0 0 0 0 0 0 0 0 0 0 0 0 0 0 0 0 0 0 0 0 0 0 0 0 0 0 0 0 0 0 0 0 0 0 0 0 0 0 0 0 0 0 0 0 0 0 0 0 0
I1103 15:48:05.031796 46985995146304 create_pretraining_data.py:161] input_ids: 2 3685 18314 2564 2251 6428 1958 12062 1013 1908 1905 4 1908 3825 1974 3825 1939 2671 3894 14314 17006 21690 3 1939 4 2178 3055 4 4481 2002 3849 1953 5175 18178 20816 4 23732 1031 387 1010 4799 1916 20566 1906 2217 2089 5094 6664 1912 4 21565 1007 3 0 0 0 0 0 0 0 0 0 0 0 0 0 0 0 0 0 0 0 0 0 0 0 0 0 0 0 0 0 0 0 0 0 0 0 0 0 0 0 0 0 0 0 0 0 0 0 0 0 0 0 0 0 0 0 0 0 0 0 0 0 0 0 0 0 0 0 0 0 0 0 0 0 0 0
INFO:tensorflow:input_mask: 1 1 1 1 1 1 1 1 1 1 1 1 1 1 1 1 1 1 1 1 1 1 1 1 1 1 1 1 1 1 1 1 1 1 1 1 1 1 1 1 1 1 1 1 1 1 1 1 1 1 1 1 1 0 0 0 0 0 0 0 0 0 0 0 0 0 0 0 0 0 0 0 0 0 0 0 0 0 0 0 0 0 0 0 0 0 0 0 0 0 0 0 0 0 0 0 0 0 0 0 0 0 0 0 0 0 0 0 0 0 0 0 0 0 0 0 0 0 0 0 0 0 0 0 0 0 0 0
I1103 15:48:05.031975 46985995146304 create_pretraining_data.py:161] input_mask: 1 1 1 1 1 1 1 1 1 1 1 1 1 1 1 1 1 1 1 1 1 1 1 1 1 1 1 1 1 1 1 1 1 1 1 1 1 1 1 1 1 1 1 1 1 1 1 1 1 1 1 1 1 0 0 0 0 0 0 0 0 0 0 0 0 0 0 0 0 0 0 0 0 0 0 0 0 0 0 0 0 0 0 0 0 0 0 0 0 0 0 0 0 0 0 0 0 0 0 0 0 0 0 0 0 0 0 0 0 0 0 0 0 0 0 0 0 0 0 0 0 0 0 0 0 0 0 0
INFO:tensorflow:segment_ids: 0 0 0 0 0 0 0 0 0 0 0 0 0 0 0 0 0 0 0 0 0 0 0 1 1 1 1 1 1 1 1 1 1 1 1 1 1 1 1 1 1 1 1 1 1 1 1 1 1 1 1 1 1 0 0 0 0 0 0 0 0 0 0 0 0 0 0 0 0 0 0 0 0 0 0 0 0 0 0 0 0 0 0 0 0 0 0 0 0 0 0 0 0 0 0 0 0 0 0 0 0 0 0 0 0 0 0 0 0 0 0 0 0 0 0 0 0 0 0 0 0 0 0 0 0 0 0 0
I1103 15:48:05.032140 46985995146304 create_pretraining_data.py:161] segment_ids: 0 0 0 0 0 0 0 0 0 0 0 0 0 0 0 0 0 0 0 0 0 0 0 1 1 1 1 1 1 1 1 1 1 1 1 1 1 1 1 1 1 1 1 1 1 1 1 1 1 1 1 1 1 0 0 0 0 0 0 0 0 0 0 0 0 0 0 0 0 0 0 0 0 0 0 0 0 0 0 0 0 0 0 0 0 0 0 0 0 0 0 0 0 0 0 0 0 0 0 0 0 0 0 0 0 0 0 0 0 0 0 0 0 0 0 0 0 0 0 0 0 0 0 0 0 0 0 0
INFO:tensorflow:masked_lm_positions: 11 19 24 27 28 34 35 49 0 0 0 0 0 0 0 0 0 0 0 0
I1103 15:48:05.032268 46985995146304 create_pretraining_data.py:161] masked_lm_positions: 11 19 24 27 28 34 35 49 0 0 0 0 0 0 0 0 0 0 0 0
INFO:tensorflow:masked_lm_ids: 20136 14314 2784 13146 4481 17266 2040 15893 0 0 0 0 0 0 0 0 0 0 0 0
I1103 15:48:05.032391 46985995146304 create_pretraining_data.py:161] masked_lm_ids: 20136 14314 2784 13146 4481 17266 2040 15893 0 0 0 0 0 0 0 0 0 0 0 0
INFO:tensorflow:masked_lm_weights: 1.0 1.0 1.0 1.0 1.0 1.0 1.0 1.0 0.0 0.0 0.0 0.0 0.0 0.0 0.0 0.0 0.0 0.0 0.0 0.0
I1103 15:48:05.032516 46985995146304 create_pretraining_data.py:161] masked_lm_weights: 1.0 1.0 1.0 1.0 1.0 1.0 1.0 1.0 0.0 0.0 0.0 0.0 0.0 0.0 0.0 0.0 0.0 0.0 0.0 0.0
INFO:tensorflow:next_sentence_labels: 1
I1103 15:48:05.032645 46985995146304 create_pretraining_data.py:161] next_sentence_labels: 1
INFO:tensorflow:*** Example ***
I1103 15:48:05.033259 46985995146304 create_pretraining_data.py:149] *** Example ***
INFO:tensorflow:tokens: [CLS] [MASK] علي الاهلي بطوله عظيمه [MASK] مستحيل ##ه [SEP] صاب ##ونه لتف ##تيح وتنظيف وتب ##يي ##ض البشره وازاله حب الشباب نهائيا وازاله المفاوضات السوداء [MASK] [MASK] من المغرب [SEP]
I1103 15:48:05.033412 46985995146304 create_pretraining_data.py:151] tokens: [CLS] [MASK] علي الاهلي بطوله عظيمه [MASK] مستحيل ##ه [SEP] صاب ##ونه لتف ##تيح وتنظيف وتب ##يي ##ض البشره وازاله حب الشباب نهائيا وازاله المفاوضات السوداء [MASK] [MASK] من المغرب [SEP]
INFO:tensorflow:input_ids: 2 4 1958 3105 11163 13523 4 9501 1028 3 14673 3135 16143 8292 21863 7257 5222 1027 20990 29728 3151 3321 11497 29728 9210 10992 4 4 1908 3768 3 0 0 0 0 0 0 0 0 0 0 0 0 0 0 0 0 0 0 0 0 0 0 0 0 0 0 0 0 0 0 0 0 0 0 0 0 0 0 0 0 0 0 0 0 0 0 0 0 0 0 0 0 0 0 0 0 0 0 0 0 0 0 0 0 0 0 0 0 0 0 0 0 0 0 0 0 0 0 0 0 0 0 0 0 0 0 0 0 0 0 0 0 0 0 0 0 0
I1103 15:48:05.033590 46985995146304 create_pretraining_data.py:161] input_ids: 2 4 1958 3105 11163 13523 4 9501 1028 3 14673 3135 16143 8292 21863 7257 5222 1027 20990 29728 3151 3321 11497 29728 9210 10992 4 4 1908 3768 3 0 0 0 0 0 0 0 0 0 0 0 0 0 0 0 0 0 0 0 0 0 0 0 0 0 0 0 0 0 0 0 0 0 0 0 0 0 0 0 0 0 0 0 0 0 0 0 0 0 0 0 0 0 0 0 0 0 0 0 0 0 0 0 0 0 0 0 0 0 0 0 0 0 0 0 0 0 0 0 0 0 0 0 0 0 0 0 0 0 0 0 0 0 0 0 0 0
INFO:tensorflow:input_mask: 1 1 1 1 1 1 1 1 1 1 1 1 1 1 1 1 1 1 1 1 1 1 1 1 1 1 1 1 1 1 1 0 0 0 0 0 0 0 0 0 0 0 0 0 0 0 0 0 0 0 0 0 0 0 0 0 0 0 0 0 0 0 0 0 0 0 0 0 0 0 0 0 0 0 0 0 0 0 0 0 0 0 0 0 0 0 0 0 0 0 0 0 0 0 0 0 0 0 0 0 0 0 0 0 0 0 0 0 0 0 0 0 0 0 0 0 0 0 0 0 0 0 0 0 0 0 0 0
I1103 15:48:05.033757 46985995146304 create_pretraining_data.py:161] input_mask: 1 1 1 1 1 1 1 1 1 1 1 1 1 1 1 1 1 1 1 1 1 1 1 1 1 1 1 1 1 1 1 0 0 0 0 0 0 0 0 0 0 0 0 0 0 0 0 0 0 0 0 0 0 0 0 0 0 0 0 0 0 0 0 0 0 0 0 0 0 0 0 0 0 0 0 0 0 0 0 0 0 0 0 0 0 0 0 0 0 0 0 0 0 0 0 0 0 0 0 0 0 0 0 0 0 0 0 0 0 0 0 0 0 0 0 0 0 0 0 0 0 0 0 0 0 0 0 0
INFO:tensorflow:segment_ids: 0 0 0 0 0 0 0 0 0 0 1 1 1 1 1 1 1 1 1 1 1 1 1 1 1 1 1 1 1 1 1 0 0 0 0 0 0 0 0 0 0 0 0 0 0 0 0 0 0 0 0 0 0 0 0 0 0 0 0 0 0 0 0 0 0 0 0 0 0 0 0 0 0 0 0 0 0 0 0 0 0 0 0 0 0 0 0 0 0 0 0 0 0 0 0 0 0 0 0 0 0 0 0 0 0 0 0 0 0 0 0 0 0 0 0 0 0 0 0 0 0 0 0 0 0 0 0 0
I1103 15:48:05.033920 46985995146304 create_pretraining_data.py:161] segment_ids: 0 0 0 0 0 0 0 0 0 0 1 1 1 1 1 1 1 1 1 1 1 1 1 1 1 1 1 1 1 1 1 0 0 0 0 0 0 0 0 0 0 0 0 0 0 0 0 0 0 0 0 0 0 0 0 0 0 0 0 0 0 0 0 0 0 0 0 0 0 0 0 0 0 0 0 0 0 0 0 0 0 0 0 0 0 0 0 0 0 0 0 0 0 0 0 0 0 0 0 0 0 0 0 0 0 0 0 0 0 0 0 0 0 0 0 0 0 0 0 0 0 0 0 0 0 0 0 0
INFO:tensorflow:masked_lm_positions: 1 6 24 26 27 0 0 0 0 0 0 0 0 0 0 0 0 0 0 0
I1103 15:48:05.034054 46985995146304 create_pretraining_data.py:161] masked_lm_positions: 1 6 24 26 27 0 0 0 0 0 0 0 0 0 0 0 0 0 0 0
INFO:tensorflow:masked_lm_ids: 5392 6958 12992 22886 9477 0 0 0 0 0 0 0 0 0 0 0 0 0 0 0
I1103 15:48:05.034176 46985995146304 create_pretraining_data.py:161] masked_lm_ids: 5392 6958 12992 22886 9477 0 0 0 0 0 0 0 0 0 0 0 0 0 0 0
INFO:tensorflow:masked_lm_weights: 1.0 1.0 1.0 1.0 1.0 0.0 0.0 0.0 0.0 0.0 0.0 0.0 0.0 0.0 0.0 0.0 0.0 0.0 0.0 0.0
I1103 15:48:05.034302 46985995146304 create_pretraining_data.py:161] masked_lm_weights: 1.0 1.0 1.0 1.0 1.0 0.0 0.0 0.0 0.0 0.0 0.0 0.0 0.0 0.0 0.0 0.0 0.0 0.0 0.0 0.0
INFO:tensorflow:next_sentence_labels: 1
I1103 15:48:05.034417 46985995146304 create_pretraining_data.py:161] next_sentence_labels: 1
INFO:tensorflow:*** Example ***
I1103 15:48:05.035023 46985995146304 create_pretraining_data.py:149] *** Example ***
INFO:tensorflow:tokens: [CLS] الواحد لما يع ##وز يه ##رب من حاجه بي ##ختر ##ع كد ##به عشان [MASK] [MASK] هي [MASK] بعمليات [SEP] قروب جدا ##وي للدعم ماقد شعرت بط ##عم [MASK] الحزن كثر ##ماء ساعه عرفت ان اجمل الاشياء صارت ذكريات [SEP]
I1103 15:48:05.035178 46985995146304 create_pretraining_data.py:151] tokens: [CLS] الواحد لما يع ##وز يه ##رب من حاجه بي ##ختر ##ع كد ##به عشان [MASK] [MASK] هي [MASK] بعمليات [SEP] قروب جدا ##وي للدعم ماقد شعرت بط ##عم [MASK] الحزن كثر ##ماء ساعه عرفت ان اجمل الاشياء صارت ذكريات [SEP]
INFO:tensorflow:input_ids: 2 5528 2518 2170 2183 3873 1975 1908 3909 2260 28634 1009 16673 2204 3573 4 4 2247 4 24807 3 2543 2882 1971 2679 23565 16489 2522 2011 4 5717 4438 2573 4681 7813 1939 3244 6011 9443 12313 3 0 0 0 0 0 0 0 0 0 0 0 0 0 0 0 0 0 0 0 0 0 0 0 0 0 0 0 0 0 0 0 0 0 0 0 0 0 0 0 0 0 0 0 0 0 0 0 0 0 0 0 0 0 0 0 0 0 0 0 0 0 0 0 0 0 0 0 0 0 0 0 0 0 0 0 0 0 0 0 0 0 0 0 0 0 0 0
I1103 15:48:05.035374 46985995146304 create_pretraining_data.py:161] input_ids: 2 5528 2518 2170 2183 3873 1975 1908 3909 2260 28634 1009 16673 2204 3573 4 4 2247 4 24807 3 2543 2882 1971 2679 23565 16489 2522 2011 4 5717 4438 2573 4681 7813 1939 3244 6011 9443 12313 3 0 0 0 0 0 0 0 0 0 0 0 0 0 0 0 0 0 0 0 0 0 0 0 0 0 0 0 0 0 0 0 0 0 0 0 0 0 0 0 0 0 0 0 0 0 0 0 0 0 0 0 0 0 0 0 0 0 0 0 0 0 0 0 0 0 0 0 0 0 0 0 0 0 0 0 0 0 0 0 0 0 0 0 0 0 0 0
INFO:tensorflow:input_mask: 1 1 1 1 1 1 1 1 1 1 1 1 1 1 1 1 1 1 1 1 1 1 1 1 1 1 1 1 1 1 1 1 1 1 1 1 1 1 1 1 1 0 0 0 0 0 0 0 0 0 0 0 0 0 0 0 0 0 0 0 0 0 0 0 0 0 0 0 0 0 0 0 0 0 0 0 0 0 0 0 0 0 0 0 0 0 0 0 0 0 0 0 0 0 0 0 0 0 0 0 0 0 0 0 0 0 0 0 0 0 0 0 0 0 0 0 0 0 0 0 0 0 0 0 0 0 0 0
I1103 15:48:05.035544 46985995146304 create_pretraining_data.py:161] input_mask: 1 1 1 1 1 1 1 1 1 1 1 1 1 1 1 1 1 1 1 1 1 1 1 1 1 1 1 1 1 1 1 1 1 1 1 1 1 1 1 1 1 0 0 0 0 0 0 0 0 0 0 0 0 0 0 0 0 0 0 0 0 0 0 0 0 0 0 0 0 0 0 0 0 0 0 0 0 0 0 0 0 0 0 0 0 0 0 0 0 0 0 0 0 0 0 0 0 0 0 0 0 0 0 0 0 0 0 0 0 0 0 0 0 0 0 0 0 0 0 0 0 0 0 0 0 0 0 0
INFO:tensorflow:segment_ids: 0 0 0 0 0 0 0 0 0 0 0 0 0 0 0 0 0 0 0 0 0 1 1 1 1 1 1 1 1 1 1 1 1 1 1 1 1 1 1 1 1 0 0 0 0 0 0 0 0 0 0 0 0 0 0 0 0 0 0 0 0 0 0 0 0 0 0 0 0 0 0 0 0 0 0 0 0 0 0 0 0 0 0 0 0 0 0 0 0 0 0 0 0 0 0 0 0 0 0 0 0 0 0 0 0 0 0 0 0 0 0 0 0 0 0 0 0 0 0 0 0 0 0 0 0 0 0 0
I1103 15:48:05.035712 46985995146304 create_pretraining_data.py:161] segment_ids: 0 0 0 0 0 0 0 0 0 0 0 0 0 0 0 0 0 0 0 0 0 1 1 1 1 1 1 1 1 1 1 1 1 1 1 1 1 1 1 1 1 0 0 0 0 0 0 0 0 0 0 0 0 0 0 0 0 0 0 0 0 0 0 0 0 0 0 0 0 0 0 0 0 0 0 0 0 0 0 0 0 0 0 0 0 0 0 0 0 0 0 0 0 0 0 0 0 0 0 0 0 0 0 0 0 0 0 0 0 0 0 0 0 0 0 0 0 0 0 0 0 0 0 0 0 0 0 0
INFO:tensorflow:masked_lm_positions: 15 16 18 19 29 32 0 0 0 0 0 0 0 0 0 0 0 0 0 0
I1103 15:48:05.035842 46985995146304 create_pretraining_data.py:161] masked_lm_positions: 15 16 18 19 29 32 0 0 0 0 0 0 0 0 0 0 0 0 0 0
INFO:tensorflow:masked_lm_ids: 2500 2143 5399 3113 2085 24045 0 0 0 0 0 0 0 0 0 0 0 0 0 0
I1103 15:48:05.035966 46985995146304 create_pretraining_data.py:161] masked_lm_ids: 2500 2143 5399 3113 2085 24045 0 0 0 0 0 0 0 0 0 0 0 0 0 0
INFO:tensorflow:masked_lm_weights: 1.0 1.0 1.0 1.0 1.0 1.0 0.0 0.0 0.0 0.0 0.0 0.0 0.0 0.0 0.0 0.0 0.0 0.0 0.0 0.0
I1103 15:48:05.036098 46985995146304 create_pretraining_data.py:161] masked_lm_weights: 1.0 1.0 1.0 1.0 1.0 1.0 0.0 0.0 0.0 0.0 0.0 0.0 0.0 0.0 0.0 0.0 0.0 0.0 0.0 0.0
INFO:tensorflow:next_sentence_labels: 1
I1103 15:48:05.036214 46985995146304 create_pretraining_data.py:161] next_sentence_labels: 1
INFO:tensorflow:*** Example ***
I1103 15:48:05.036815 46985995146304 create_pretraining_data.py:149] *** Example ***
INFO:tensorflow:tokens: [CLS] اللهم اس ##قي قبور [MASK] سبق ##وون ##ا اليك وارحمه ##م بع ##طف ##ك ولط ##فك [SEP] احيانا يجب ان تدرك [MASK] بعض الاشخاص يمكن ان [MASK] [MASK] في قلبك ولكن ليس في حياتك لكنها ¶ حد الوجع [SEP]
I1103 15:48:05.036976 46985995146304 create_pretraining_data.py:151] tokens: [CLS] اللهم اس ##قي قبور [MASK] سبق ##وون ##ا اليك وارحمه ##م بع ##طف ##ك ولط ##فك [SEP] احيانا يجب ان تدرك [MASK] بعض الاشخاص يمكن ان [MASK] [MASK] في قلبك ولكن ليس في حياتك لكنها ¶ حد الوجع [SEP]
INFO:tensorflow:input_ids: 2 2168 2171 2004 17659 4 6190 12492 1007 4230 26988 1015 2704 2297 1014 22559 11001 3 5970 3163 1939 14277 4 2346 7497 2490 1939 4 4 1912 3966 2637 2618 1912 4540 6958 112 2470 11582 3 0 0 0 0 0 0 0 0 0 0 0 0 0 0 0 0 0 0 0 0 0 0 0 0 0 0 0 0 0 0 0 0 0 0 0 0 0 0 0 0 0 0 0 0 0 0 0 0 0 0 0 0 0 0 0 0 0 0 0 0 0 0 0 0 0 0 0 0 0 0 0 0 0 0 0 0 0 0 0 0 0 0 0 0 0 0 0 0
I1103 15:48:05.037176 46985995146304 create_pretraining_data.py:161] input_ids: 2 2168 2171 2004 17659 4 6190 12492 1007 4230 26988 1015 2704 2297 1014 22559 11001 3 5970 3163 1939 14277 4 2346 7497 2490 1939 4 4 1912 3966 2637 2618 1912 4540 6958 112 2470 11582 3 0 0 0 0 0 0 0 0 0 0 0 0 0 0 0 0 0 0 0 0 0 0 0 0 0 0 0 0 0 0 0 0 0 0 0 0 0 0 0 0 0 0 0 0 0 0 0 0 0 0 0 0 0 0 0 0 0 0 0 0 0 0 0 0 0 0 0 0 0 0 0 0 0 0 0 0 0 0 0 0 0 0 0 0 0 0 0 0
INFO:tensorflow:input_mask: 1 1 1 1 1 1 1 1 1 1 1 1 1 1 1 1 1 1 1 1 1 1 1 1 1 1 1 1 1 1 1 1 1 1 1 1 1 1 1 1 0 0 0 0 0 0 0 0 0 0 0 0 0 0 0 0 0 0 0 0 0 0 0 0 0 0 0 0 0 0 0 0 0 0 0 0 0 0 0 0 0 0 0 0 0 0 0 0 0 0 0 0 0 0 0 0 0 0 0 0 0 0 0 0 0 0 0 0 0 0 0 0 0 0 0 0 0 0 0 0 0 0 0 0 0 0 0 0
I1103 15:48:05.037346 46985995146304 create_pretraining_data.py:161] input_mask: 1 1 1 1 1 1 1 1 1 1 1 1 1 1 1 1 1 1 1 1 1 1 1 1 1 1 1 1 1 1 1 1 1 1 1 1 1 1 1 1 0 0 0 0 0 0 0 0 0 0 0 0 0 0 0 0 0 0 0 0 0 0 0 0 0 0 0 0 0 0 0 0 0 0 0 0 0 0 0 0 0 0 0 0 0 0 0 0 0 0 0 0 0 0 0 0 0 0 0 0 0 0 0 0 0 0 0 0 0 0 0 0 0 0 0 0 0 0 0 0 0 0 0 0 0 0 0 0
INFO:tensorflow:segment_ids: 0 0 0 0 0 0 0 0 0 0 0 0 0 0 0 0 0 0 1 1 1 1 1 1 1 1 1 1 1 1 1 1 1 1 1 1 1 1 1 1 0 0 0 0 0 0 0 0 0 0 0 0 0 0 0 0 0 0 0 0 0 0 0 0 0 0 0 0 0 0 0 0 0 0 0 0 0 0 0 0 0 0 0 0 0 0 0 0 0 0 0 0 0 0 0 0 0 0 0 0 0 0 0 0 0 0 0 0 0 0 0 0 0 0 0 0 0 0 0 0 0 0 0 0 0 0 0 0
I1103 15:48:05.037509 46985995146304 create_pretraining_data.py:161] segment_ids: 0 0 0 0 0 0 0 0 0 0 0 0 0 0 0 0 0 0 1 1 1 1 1 1 1 1 1 1 1 1 1 1 1 1 1 1 1 1 1 1 0 0 0 0 0 0 0 0 0 0 0 0 0 0 0 0 0 0 0 0 0 0 0 0 0 0 0 0 0 0 0 0 0 0 0 0 0 0 0 0 0 0 0 0 0 0 0 0 0 0 0 0 0 0 0 0 0 0 0 0 0 0 0 0 0 0 0 0 0 0 0 0 0 0 0 0 0 0 0 0 0 0 0 0 0 0 0 0
INFO:tensorflow:masked_lm_positions: 5 22 27 28 29 36 0 0 0 0 0 0 0 0 0 0 0 0 0 0
I1103 15:48:05.037637 46985995146304 create_pretraining_data.py:161] masked_lm_positions: 5 22 27 28 29 36 0 0 0 0 0 0 0 0 0 0 0 0 0 0
INFO:tensorflow:masked_lm_ids: 1908 1939 18299 1928 1912 20117 0 0 0 0 0 0 0 0 0 0 0 0 0 0
I1103 15:48:05.037760 46985995146304 create_pretraining_data.py:161] masked_lm_ids: 1908 1939 18299 1928 1912 20117 0 0 0 0 0 0 0 0 0 0 0 0 0 0
INFO:tensorflow:masked_lm_weights: 1.0 1.0 1.0 1.0 1.0 1.0 0.0 0.0 0.0 0.0 0.0 0.0 0.0 0.0 0.0 0.0 0.0 0.0 0.0 0.0
I1103 15:48:05.037887 46985995146304 create_pretraining_data.py:161] masked_lm_weights: 1.0 1.0 1.0 1.0 1.0 1.0 0.0 0.0 0.0 0.0 0.0 0.0 0.0 0.0 0.0 0.0 0.0 0.0 0.0 0.0
INFO:tensorflow:next_sentence_labels: 1
I1103 15:48:05.038013 46985995146304 create_pretraining_data.py:161] next_sentence_labels: 1
INFO:tensorflow:*** Example ***
I1103 15:48:05.038618 46985995146304 create_pretraining_data.py:149] *** Example ***
INFO:tensorflow:tokens: [CLS] لا يوجد سعاده دائمه ولا [MASK] دائم كلها [MASK] [MASK] لمرحله [MASK] فاب ##تس ##م لاج ##مله ##ا وتج ##اهل اتع ##سها [SEP] عن الامام الباقر عليه السلام عليك [MASK] لاخ ##وان ##ك في ض ##هر الغيب [MASK] يه ##يل الرزق ميزان الحكم ج [MASK] [SEP]
I1103 15:48:05.038774 46985995146304 create_pretraining_data.py:151] tokens: [CLS] لا يوجد سعاده دائمه ولا [MASK] دائم كلها [MASK] [MASK] لمرحله [MASK] فاب ##تس ##م لاج ##مله ##ا وتج ##اهل اتع ##سها [SEP] عن الامام الباقر عليه السلام عليك [MASK] لاخ ##وان ##ك في ض ##هر الغيب [MASK] يه ##يل الرزق ميزان الحكم ج [MASK] [SEP]
INFO:tensorflow:input_ids: 2 1963 4170 6410 24211 2086 4 10920 4465 4 4 28375 4 19664 12917 1015 7421 24965 1007 5868 3953 21931 11231 3 1955 5705 19734 2181 2795 2898 4 8836 2255 1014 1912 402 2121 11951 4 3873 2027 10161 18015 4034 392 4 3 0 0 0 0 0 0 0 0 0 0 0 0 0 0 0 0 0 0 0 0 0 0 0 0 0 0 0 0 0 0 0 0 0 0 0 0 0 0 0 0 0 0 0 0 0 0 0 0 0 0 0 0 0 0 0 0 0 0 0 0 0 0 0 0 0 0 0 0 0 0 0 0 0 0 0 0 0 0 0 0 0
I1103 15:48:05.038980 46985995146304 create_pretraining_data.py:161] input_ids: 2 1963 4170 6410 24211 2086 4 10920 4465 4 4 28375 4 19664 12917 1015 7421 24965 1007 5868 3953 21931 11231 3 1955 5705 19734 2181 2795 2898 4 8836 2255 1014 1912 402 2121 11951 4 3873 2027 10161 18015 4034 392 4 3 0 0 0 0 0 0 0 0 0 0 0 0 0 0 0 0 0 0 0 0 0 0 0 0 0 0 0 0 0 0 0 0 0 0 0 0 0 0 0 0 0 0 0 0 0 0 0 0 0 0 0 0 0 0 0 0 0 0 0 0 0 0 0 0 0 0 0 0 0 0 0 0 0 0 0 0 0 0 0 0 0
INFO:tensorflow:input_mask: 1 1 1 1 1 1 1 1 1 1 1 1 1 1 1 1 1 1 1 1 1 1 1 1 1 1 1 1 1 1 1 1 1 1 1 1 1 1 1 1 1 1 1 1 1 1 1 0 0 0 0 0 0 0 0 0 0 0 0 0 0 0 0 0 0 0 0 0 0 0 0 0 0 0 0 0 0 0 0 0 0 0 0 0 0 0 0 0 0 0 0 0 0 0 0 0 0 0 0 0 0 0 0 0 0 0 0 0 0 0 0 0 0 0 0 0 0 0 0 0 0 0 0 0 0 0 0 0
I1103 15:48:05.039156 46985995146304 create_pretraining_data.py:161] input_mask: 1 1 1 1 1 1 1 1 1 1 1 1 1 1 1 1 1 1 1 1 1 1 1 1 1 1 1 1 1 1 1 1 1 1 1 1 1 1 1 1 1 1 1 1 1 1 1 0 0 0 0 0 0 0 0 0 0 0 0 0 0 0 0 0 0 0 0 0 0 0 0 0 0 0 0 0 0 0 0 0 0 0 0 0 0 0 0 0 0 0 0 0 0 0 0 0 0 0 0 0 0 0 0 0 0 0 0 0 0 0 0 0 0 0 0 0 0 0 0 0 0 0 0 0 0 0 0 0
INFO:tensorflow:segment_ids: 0 0 0 0 0 0 0 0 0 0 0 0 0 0 0 0 0 0 0 0 0 0 0 0 1 1 1 1 1 1 1 1 1 1 1 1 1 1 1 1 1 1 1 1 1 1 1 0 0 0 0 0 0 0 0 0 0 0 0 0 0 0 0 0 0 0 0 0 0 0 0 0 0 0 0 0 0 0 0 0 0 0 0 0 0 0 0 0 0 0 0 0 0 0 0 0 0 0 0 0 0 0 0 0 0 0 0 0 0 0 0 0 0 0 0 0 0 0 0 0 0 0 0 0 0 0 0 0
I1103 15:48:05.039320 46985995146304 create_pretraining_data.py:161] segment_ids: 0 0 0 0 0 0 0 0 0 0 0 0 0 0 0 0 0 0 0 0 0 0 0 0 1 1 1 1 1 1 1 1 1 1 1 1 1 1 1 1 1 1 1 1 1 1 1 0 0 0 0 0 0 0 0 0 0 0 0 0 0 0 0 0 0 0 0 0 0 0 0 0 0 0 0 0 0 0 0 0 0 0 0 0 0 0 0 0 0 0 0 0 0 0 0 0 0 0 0 0 0 0 0 0 0 0 0 0 0 0 0 0 0 0 0 0 0 0 0 0 0 0 0 0 0 0 0 0
INFO:tensorflow:masked_lm_positions: 6 9 10 12 30 38 45 0 0 0 0 0 0 0 0 0 0 0 0 0
I1103 15:48:05.039447 46985995146304 create_pretraining_data.py:161] masked_lm_positions: 6 9 10 12 30 38 45 0 0 0 0 0 0 0 0 0 0 0 0 0
INFO:tensorflow:masked_lm_ids: 7378 26425 2107 6293 14358 8707 401 0 0 0 0 0 0 0 0 0 0 0 0 0
I1103 15:48:05.039571 46985995146304 create_pretraining_data.py:161] masked_lm_ids: 7378 26425 2107 6293 14358 8707 401 0 0 0 0 0 0 0 0 0 0 0 0 0
INFO:tensorflow:masked_lm_weights: 1.0 1.0 1.0 1.0 1.0 1.0 1.0 0.0 0.0 0.0 0.0 0.0 0.0 0.0 0.0 0.0 0.0 0.0 0.0 0.0
I1103 15:48:05.039697 46985995146304 create_pretraining_data.py:161] masked_lm_weights: 1.0 1.0 1.0 1.0 1.0 1.0 1.0 0.0 0.0 0.0 0.0 0.0 0.0 0.0 0.0 0.0 0.0 0.0 0.0 0.0
INFO:tensorflow:next_sentence_labels: 1
I1103 15:48:05.039813 46985995146304 create_pretraining_data.py:161] next_sentence_labels: 1
INFO:tensorflow:*** Example ***
I1103 15:48:05.040440 46985995146304 create_pretraining_data.py:149] *** Example ***
INFO:tensorflow:tokens: [CLS] اشياء تتمناه ##ا تختفي بس ##نه 2016 ارهاب الشوارع في [MASK] [MASK] [SEP] الله الواحد ولا ##غيره [MASK] ماب ##ه [MASK] [MASK] ولا ##به عيد ##ثان ##ي يالله انت الواحد ##الف ##رد [MASK] ولان ##بادل [MASK] دينك بالت ##ها ##ني خالد لاف ##ي [SEP]
I1103 15:48:05.040599 46985995146304 create_pretraining_data.py:151] tokens: [CLS] اشياء تتمناه ##ا تختفي بس ##نه 2016 ارهاب الشوارع في [MASK] [MASK] [SEP] الله الواحد ولا ##غيره [MASK] ماب ##ه [MASK] [MASK] ولا ##به عيد ##ثان ##ي يالله انت الواحد ##الف ##رد [MASK] ولان ##بادل [MASK] دينك بالت ##ها ##ني خالد لاف ##ي [SEP]
INFO:tensorflow:input_ids: 2 6164 27747 1007 25668 2357 2110 3400 14627 10347 1912 4 4 3 1953 5528 2086 20207 4 5445 1028 4 4 2086 2204 4776 22362 1013 5783 2164 5528 2681 2153 4 16323 5530 4 13497 2619 1913 1974 3627 13936 1013 3 0 0 0 0 0 0 0 0 0 0 0 0 0 0 0 0 0 0 0 0 0 0 0 0 0 0 0 0 0 0 0 0 0 0 0 0 0 0 0 0 0 0 0 0 0 0 0 0 0 0 0 0 0 0 0 0 0 0 0 0 0 0 0 0 0 0 0 0 0 0 0 0 0 0 0 0 0 0 0 0 0 0 0
I1103 15:48:05.040797 46985995146304 create_pretraining_data.py:161] input_ids: 2 6164 27747 1007 25668 2357 2110 3400 14627 10347 1912 4 4 3 1953 5528 2086 20207 4 5445 1028 4 4 2086 2204 4776 22362 1013 5783 2164 5528 2681 2153 4 16323 5530 4 13497 2619 1913 1974 3627 13936 1013 3 0 0 0 0 0 0 0 0 0 0 0 0 0 0 0 0 0 0 0 0 0 0 0 0 0 0 0 0 0 0 0 0 0 0 0 0 0 0 0 0 0 0 0 0 0 0 0 0 0 0 0 0 0 0 0 0 0 0 0 0 0 0 0 0 0 0 0 0 0 0 0 0 0 0 0 0 0 0 0 0 0 0 0
INFO:tensorflow:input_mask: 1 1 1 1 1 1 1 1 1 1 1 1 1 1 1 1 1 1 1 1 1 1 1 1 1 1 1 1 1 1 1 1 1 1 1 1 1 1 1 1 1 1 1 1 1 0 0 0 0 0 0 0 0 0 0 0 0 0 0 0 0 0 0 0 0 0 0 0 0 0 0 0 0 0 0 0 0 0 0 0 0 0 0 0 0 0 0 0 0 0 0 0 0 0 0 0 0 0 0 0 0 0 0 0 0 0 0 0 0 0 0 0 0 0 0 0 0 0 0 0 0 0 0 0 0 0 0 0
I1103 15:48:05.040977 46985995146304 create_pretraining_data.py:161] input_mask: 1 1 1 1 1 1 1 1 1 1 1 1 1 1 1 1 1 1 1 1 1 1 1 1 1 1 1 1 1 1 1 1 1 1 1 1 1 1 1 1 1 1 1 1 1 0 0 0 0 0 0 0 0 0 0 0 0 0 0 0 0 0 0 0 0 0 0 0 0 0 0 0 0 0 0 0 0 0 0 0 0 0 0 0 0 0 0 0 0 0 0 0 0 0 0 0 0 0 0 0 0 0 0 0 0 0 0 0 0 0 0 0 0 0 0 0 0 0 0 0 0 0 0 0 0 0 0 0
INFO:tensorflow:segment_ids: 0 0 0 0 0 0 0 0 0 0 0 0 0 0 1 1 1 1 1 1 1 1 1 1 1 1 1 1 1 1 1 1 1 1 1 1 1 1 1 1 1 1 1 1 1 0 0 0 0 0 0 0 0 0 0 0 0 0 0 0 0 0 0 0 0 0 0 0 0 0 0 0 0 0 0 0 0 0 0 0 0 0 0 0 0 0 0 0 0 0 0 0 0 0 0 0 0 0 0 0 0 0 0 0 0 0 0 0 0 0 0 0 0 0 0 0 0 0 0 0 0 0 0 0 0 0 0 0
I1103 15:48:05.041146 46985995146304 create_pretraining_data.py:161] segment_ids: 0 0 0 0 0 0 0 0 0 0 0 0 0 0 1 1 1 1 1 1 1 1 1 1 1 1 1 1 1 1 1 1 1 1 1 1 1 1 1 1 1 1 1 1 1 0 0 0 0 0 0 0 0 0 0 0 0 0 0 0 0 0 0 0 0 0 0 0 0 0 0 0 0 0 0 0 0 0 0 0 0 0 0 0 0 0 0 0 0 0 0 0 0 0 0 0 0 0 0 0 0 0 0 0 0 0 0 0 0 0 0 0 0 0 0 0 0 0 0 0 0 0 0 0 0 0 0 0
INFO:tensorflow:masked_lm_positions: 11 12 18 21 22 33 36 0 0 0 0 0 0 0 0 0 0 0 0 0
I1103 15:48:05.041276 46985995146304 create_pretraining_data.py:161] masked_lm_positions: 11 12 18 21 22 33 36 0 0 0 0 0 0 0 0 0 0 0 0 0
INFO:tensorflow:masked_lm_ids: 8489 10589 2439 25841 2632 11173 2224 0 0 0 0 0 0 0 0 0 0 0 0 0
I1103 15:48:05.041401 46985995146304 create_pretraining_data.py:161] masked_lm_ids: 8489 10589 2439 25841 2632 11173 2224 0 0 0 0 0 0 0 0 0 0 0 0 0
INFO:tensorflow:masked_lm_weights: 1.0 1.0 1.0 1.0 1.0 1.0 1.0 0.0 0.0 0.0 0.0 0.0 0.0 0.0 0.0 0.0 0.0 0.0 0.0 0.0
I1103 15:48:05.041528 46985995146304 create_pretraining_data.py:161] masked_lm_weights: 1.0 1.0 1.0 1.0 1.0 1.0 1.0 0.0 0.0 0.0 0.0 0.0 0.0 0.0 0.0 0.0 0.0 0.0 0.0 0.0
INFO:tensorflow:next_sentence_labels: 1
I1103 15:48:05.041645 46985995146304 create_pretraining_data.py:161] next_sentence_labels: 1
INFO:tensorflow:*** Example ***
I1103 15:48:05.042254 46985995146304 create_pretraining_data.py:149] *** Example ***
INFO:tensorflow:tokens: [CLS] الدعاء عباده عظيمه وهي حكمت الله سبحانه عباده عظيمه فرط فيها [MASK] الناس هي عباده سهله ميس ##ره ليس لها مكان معين ولا ##زما ##ن معين [SEP] تزايد سلسله [MASK] الاث ##ي ##وبيا ##ت [MASK] [MASK] [MASK] جريمه تاس ##عه لعام ##لات اثيوبيا مكه الخاد ##مات العمال ##ه [MASK] [MASK] السعوديه [SEP]
I1103 15:48:05.042416 46985995146304 create_pretraining_data.py:151] tokens: [CLS] الدعاء عباده عظيمه وهي حكمت الله سبحانه عباده عظيمه فرط فيها [MASK] الناس هي عباده سهله ميس ##ره ليس لها مكان معين ولا ##زما ##ن معين [SEP] تزايد سلسله [MASK] الاث ##ي ##وبيا ##ت [MASK] [MASK] [MASK] جريمه تاس ##عه لعام ##لات اثيوبيا مكه الخاد ##مات العمال ##ه [MASK] [MASK] السعوديه [SEP]
INFO:tensorflow:input_ids: 2 5347 12442 13523 2843 29449 1953 6243 12442 13523 27638 2443 4 2397 2247 12442 19423 13252 2197 2618 2553 3192 7379 2086 19417 1006 7379 3 18338 28509 4 3610 1013 11534 1005 4 4 4 16390 21992 2226 6886 2160 27788 6617 26993 2394 5460 1028 4 4 2721 3 0 0 0 0 0 0 0 0 0 0 0 0 0 0 0 0 0 0 0 0 0 0 0 0 0 0 0 0 0 0 0 0 0 0 0 0 0 0 0 0 0 0 0 0 0 0 0 0 0 0 0 0 0 0 0 0 0 0 0 0 0 0 0 0 0 0 0 0 0 0 0 0 0 0 0
I1103 15:48:05.042615 46985995146304 create_pretraining_data.py:161] input_ids: 2 5347 12442 13523 2843 29449 1953 6243 12442 13523 27638 2443 4 2397 2247 12442 19423 13252 2197 2618 2553 3192 7379 2086 19417 1006 7379 3 18338 28509 4 3610 1013 11534 1005 4 4 4 16390 21992 2226 6886 2160 27788 6617 26993 2394 5460 1028 4 4 2721 3 0 0 0 0 0 0 0 0 0 0 0 0 0 0 0 0 0 0 0 0 0 0 0 0 0 0 0 0 0 0 0 0 0 0 0 0 0 0 0 0 0 0 0 0 0 0 0 0 0 0 0 0 0 0 0 0 0 0 0 0 0 0 0 0 0 0 0 0 0 0 0 0 0 0 0
INFO:tensorflow:input_mask: 1 1 1 1 1 1 1 1 1 1 1 1 1 1 1 1 1 1 1 1 1 1 1 1 1 1 1 1 1 1 1 1 1 1 1 1 1 1 1 1 1 1 1 1 1 1 1 1 1 1 1 1 1 0 0 0 0 0 0 0 0 0 0 0 0 0 0 0 0 0 0 0 0 0 0 0 0 0 0 0 0 0 0 0 0 0 0 0 0 0 0 0 0 0 0 0 0 0 0 0 0 0 0 0 0 0 0 0 0 0 0 0 0 0 0 0 0 0 0 0 0 0 0 0 0 0 0 0
I1103 15:48:05.042789 46985995146304 create_pretraining_data.py:161] input_mask: 1 1 1 1 1 1 1 1 1 1 1 1 1 1 1 1 1 1 1 1 1 1 1 1 1 1 1 1 1 1 1 1 1 1 1 1 1 1 1 1 1 1 1 1 1 1 1 1 1 1 1 1 1 0 0 0 0 0 0 0 0 0 0 0 0 0 0 0 0 0 0 0 0 0 0 0 0 0 0 0 0 0 0 0 0 0 0 0 0 0 0 0 0 0 0 0 0 0 0 0 0 0 0 0 0 0 0 0 0 0 0 0 0 0 0 0 0 0 0 0 0 0 0 0 0 0 0 0
INFO:tensorflow:segment_ids: 0 0 0 0 0 0 0 0 0 0 0 0 0 0 0 0 0 0 0 0 0 0 0 0 0 0 0 0 1 1 1 1 1 1 1 1 1 1 1 1 1 1 1 1 1 1 1 1 1 1 1 1 1 0 0 0 0 0 0 0 0 0 0 0 0 0 0 0 0 0 0 0 0 0 0 0 0 0 0 0 0 0 0 0 0 0 0 0 0 0 0 0 0 0 0 0 0 0 0 0 0 0 0 0 0 0 0 0 0 0 0 0 0 0 0 0 0 0 0 0 0 0 0 0 0 0 0 0
I1103 15:48:05.042954 46985995146304 create_pretraining_data.py:161] segment_ids: 0 0 0 0 0 0 0 0 0 0 0 0 0 0 0 0 0 0 0 0 0 0 0 0 0 0 0 0 1 1 1 1 1 1 1 1 1 1 1 1 1 1 1 1 1 1 1 1 1 1 1 1 1 0 0 0 0 0 0 0 0 0 0 0 0 0 0 0 0 0 0 0 0 0 0 0 0 0 0 0 0 0 0 0 0 0 0 0 0 0 0 0 0 0 0 0 0 0 0 0 0 0 0 0 0 0 0 0 0 0 0 0 0 0 0 0 0 0 0 0 0 0 0 0 0 0 0 0
INFO:tensorflow:masked_lm_positions: 5 12 30 35 36 37 49 50 0 0 0 0 0 0 0 0 0 0 0 0
I1103 15:48:05.043088 46985995146304 create_pretraining_data.py:161] masked_lm_positions: 5 12 30 35 36 37 49 50 0 0 0 0 0 0 0 0 0 0 0 0
INFO:tensorflow:masked_lm_ids: 5099 2346 8212 2680 7500 3488 13533 1028 0 0 0 0 0 0 0 0 0 0 0 0
I1103 15:48:05.043210 46985995146304 create_pretraining_data.py:161] masked_lm_ids: 5099 2346 8212 2680 7500 3488 13533 1028 0 0 0 0 0 0 0 0 0 0 0 0
INFO:tensorflow:masked_lm_weights: 1.0 1.0 1.0 1.0 1.0 1.0 1.0 1.0 0.0 0.0 0.0 0.0 0.0 0.0 0.0 0.0 0.0 0.0 0.0 0.0
I1103 15:48:05.043336 46985995146304 create_pretraining_data.py:161] masked_lm_weights: 1.0 1.0 1.0 1.0 1.0 1.0 1.0 1.0 0.0 0.0 0.0 0.0 0.0 0.0 0.0 0.0 0.0 0.0 0.0 0.0
INFO:tensorflow:next_sentence_labels: 1
I1103 15:48:05.043452 46985995146304 create_pretraining_data.py:161] next_sentence_labels: 1
INFO:tensorflow:Wrote 9999860 total instances
I1103 16:50:16.079171 46985995146304 create_pretraining_data.py:166] Wrote 9999860 total instances
