Loading module 'all'
WARNING:tensorflow:From ../bert/create_pretraining_data.py:469: The name tf.app.run is deprecated. Please use tf.compat.v1.app.run instead.

WARNING:tensorflow:From ../bert/create_pretraining_data.py:437: The name tf.logging.set_verbosity is deprecated. Please use tf.compat.v1.logging.set_verbosity instead.

W1103 02:36:16.485509 47547705099328 module_wrapper.py:139] From ../bert/create_pretraining_data.py:437: The name tf.logging.set_verbosity is deprecated. Please use tf.compat.v1.logging.set_verbosity instead.

WARNING:tensorflow:From ../bert/create_pretraining_data.py:437: The name tf.logging.INFO is deprecated. Please use tf.compat.v1.logging.INFO instead.

W1103 02:36:16.485857 47547705099328 module_wrapper.py:139] From ../bert/create_pretraining_data.py:437: The name tf.logging.INFO is deprecated. Please use tf.compat.v1.logging.INFO instead.

WARNING:tensorflow:From /scratch/gi372/CAMeLBERT/bert/tokenization.py:125: The name tf.gfile.GFile is deprecated. Please use tf.io.gfile.GFile instead.

W1103 02:36:16.486212 47547705099328 module_wrapper.py:139] From /scratch/gi372/CAMeLBERT/bert/tokenization.py:125: The name tf.gfile.GFile is deprecated. Please use tf.io.gfile.GFile instead.

WARNING:tensorflow:From ../bert/create_pretraining_data.py:444: The name tf.gfile.Glob is deprecated. Please use tf.io.gfile.glob instead.

W1103 02:36:16.610552 47547705099328 module_wrapper.py:139] From ../bert/create_pretraining_data.py:444: The name tf.gfile.Glob is deprecated. Please use tf.io.gfile.glob instead.

WARNING:tensorflow:From ../bert/create_pretraining_data.py:446: The name tf.logging.info is deprecated. Please use tf.compat.v1.logging.info instead.

W1103 02:36:16.618532 47547705099328 module_wrapper.py:139] From ../bert/create_pretraining_data.py:446: The name tf.logging.info is deprecated. Please use tf.compat.v1.logging.info instead.

INFO:tensorflow:*** Reading from input files ***
I1103 02:36:16.618707 47547705099328 create_pretraining_data.py:446] *** Reading from input files ***
INFO:tensorflow:  ../corpora/shards/DA-ali2019-500m-tweet.bw.ar.lines.shard.075.normalized.sents
I1103 02:36:16.618831 47547705099328 create_pretraining_data.py:448]   ../corpora/shards/DA-ali2019-500m-tweet.bw.ar.lines.shard.075.normalized.sents
INFO:tensorflow:*** Writing to output files ***
I1103 03:20:08.326937 47547705099328 create_pretraining_data.py:457] *** Writing to output files ***
INFO:tensorflow:  ../corpora/tfrecord_wp-30k_msl-128/DA-ali2019-500m-tweet.bw.ar.lines.shard.075.tf_record
I1103 03:20:08.333945 47547705099328 create_pretraining_data.py:459]   ../corpora/tfrecord_wp-30k_msl-128/DA-ali2019-500m-tweet.bw.ar.lines.shard.075.tf_record
WARNING:tensorflow:From ../bert/create_pretraining_data.py:101: The name tf.python_io.TFRecordWriter is deprecated. Please use tf.io.TFRecordWriter instead.

W1103 03:20:08.334302 47547705099328 module_wrapper.py:139] From ../bert/create_pretraining_data.py:101: The name tf.python_io.TFRecordWriter is deprecated. Please use tf.io.TFRecordWriter instead.

INFO:tensorflow:*** Example ***
I1103 03:20:08.337596 47547705099328 create_pretraining_data.py:149] *** Example ***
INFO:tensorflow:tokens: [CLS] لما اكون معز ##وم عند قرا ##يبي و الاكل يت ##اخر [SEP] يال ##لاه ياب ##سب ##اس ##يات كلي ##تو بالج ##زمه من [MASK] فانز كيفك ##م عار علي سهيله [MASK] ##ه [MASK] شعره من ##نا [MASK] [MASK] وحد ##و المغرب العربي [MASK] راسك ##م [SEP]
I1103 03:20:08.337817 47547705099328 create_pretraining_data.py:151] tokens: [CLS] لما اكون معز ##وم عند قرا ##يبي و الاكل يت ##اخر [SEP] يال ##لاه ياب ##سب ##اس ##يات كلي ##تو بالج ##زمه من [MASK] فانز كيفك ##م عار علي سهيله [MASK] ##ه [MASK] شعره من ##نا [MASK] [MASK] وحد ##و المغرب العربي [MASK] راسك ##م [SEP]
INFO:tensorflow:input_ids: 2 2518 7137 19529 1967 2192 8092 11619 415 15990 2097 10486 3 4965 3107 5453 2024 2233 2066 5916 6975 4394 19727 1908 4 8271 27036 1015 8327 1958 3969 4 1028 4 19744 1908 1914 4 4 3272 1012 3768 2659 4 14882 1015 3 0 0 0 0 0 0 0 0 0 0 0 0 0 0 0 0 0 0 0 0 0 0 0 0 0 0 0 0 0 0 0 0 0 0 0 0 0 0 0 0 0 0 0 0 0 0 0 0 0 0 0 0 0 0 0 0 0 0 0 0 0 0 0 0 0 0 0 0 0 0 0 0 0 0 0 0 0 0 0 0 0
I1103 03:20:08.338088 47547705099328 create_pretraining_data.py:161] input_ids: 2 2518 7137 19529 1967 2192 8092 11619 415 15990 2097 10486 3 4965 3107 5453 2024 2233 2066 5916 6975 4394 19727 1908 4 8271 27036 1015 8327 1958 3969 4 1028 4 19744 1908 1914 4 4 3272 1012 3768 2659 4 14882 1015 3 0 0 0 0 0 0 0 0 0 0 0 0 0 0 0 0 0 0 0 0 0 0 0 0 0 0 0 0 0 0 0 0 0 0 0 0 0 0 0 0 0 0 0 0 0 0 0 0 0 0 0 0 0 0 0 0 0 0 0 0 0 0 0 0 0 0 0 0 0 0 0 0 0 0 0 0 0 0 0 0 0
INFO:tensorflow:input_mask: 1 1 1 1 1 1 1 1 1 1 1 1 1 1 1 1 1 1 1 1 1 1 1 1 1 1 1 1 1 1 1 1 1 1 1 1 1 1 1 1 1 1 1 1 1 1 1 0 0 0 0 0 0 0 0 0 0 0 0 0 0 0 0 0 0 0 0 0 0 0 0 0 0 0 0 0 0 0 0 0 0 0 0 0 0 0 0 0 0 0 0 0 0 0 0 0 0 0 0 0 0 0 0 0 0 0 0 0 0 0 0 0 0 0 0 0 0 0 0 0 0 0 0 0 0 0 0 0
I1103 03:20:08.338332 47547705099328 create_pretraining_data.py:161] input_mask: 1 1 1 1 1 1 1 1 1 1 1 1 1 1 1 1 1 1 1 1 1 1 1 1 1 1 1 1 1 1 1 1 1 1 1 1 1 1 1 1 1 1 1 1 1 1 1 0 0 0 0 0 0 0 0 0 0 0 0 0 0 0 0 0 0 0 0 0 0 0 0 0 0 0 0 0 0 0 0 0 0 0 0 0 0 0 0 0 0 0 0 0 0 0 0 0 0 0 0 0 0 0 0 0 0 0 0 0 0 0 0 0 0 0 0 0 0 0 0 0 0 0 0 0 0 0 0 0
INFO:tensorflow:segment_ids: 0 0 0 0 0 0 0 0 0 0 0 0 0 1 1 1 1 1 1 1 1 1 1 1 1 1 1 1 1 1 1 1 1 1 1 1 1 1 1 1 1 1 1 1 1 1 1 0 0 0 0 0 0 0 0 0 0 0 0 0 0 0 0 0 0 0 0 0 0 0 0 0 0 0 0 0 0 0 0 0 0 0 0 0 0 0 0 0 0 0 0 0 0 0 0 0 0 0 0 0 0 0 0 0 0 0 0 0 0 0 0 0 0 0 0 0 0 0 0 0 0 0 0 0 0 0 0 0
I1103 03:20:08.338532 47547705099328 create_pretraining_data.py:161] segment_ids: 0 0 0 0 0 0 0 0 0 0 0 0 0 1 1 1 1 1 1 1 1 1 1 1 1 1 1 1 1 1 1 1 1 1 1 1 1 1 1 1 1 1 1 1 1 1 1 0 0 0 0 0 0 0 0 0 0 0 0 0 0 0 0 0 0 0 0 0 0 0 0 0 0 0 0 0 0 0 0 0 0 0 0 0 0 0 0 0 0 0 0 0 0 0 0 0 0 0 0 0 0 0 0 0 0 0 0 0 0 0 0 0 0 0 0 0 0 0 0 0 0 0 0 0 0 0 0 0
INFO:tensorflow:masked_lm_positions: 24 31 32 33 37 38 43 0 0 0 0 0 0 0 0 0 0 0 0 0
I1103 03:20:08.338679 47547705099328 create_pretraining_data.py:161] masked_lm_positions: 24 31 32 33 37 38 43 0 0 0 0 0 0 0 0 0 0 0 0 0
INFO:tensorflow:masked_lm_ids: 3969 3019 1028 5225 13433 25479 3589 0 0 0 0 0 0 0 0 0 0 0 0 0
I1103 03:20:08.338822 47547705099328 create_pretraining_data.py:161] masked_lm_ids: 3969 3019 1028 5225 13433 25479 3589 0 0 0 0 0 0 0 0 0 0 0 0 0
INFO:tensorflow:masked_lm_weights: 1.0 1.0 1.0 1.0 1.0 1.0 1.0 0.0 0.0 0.0 0.0 0.0 0.0 0.0 0.0 0.0 0.0 0.0 0.0 0.0
I1103 03:20:08.338978 47547705099328 create_pretraining_data.py:161] masked_lm_weights: 1.0 1.0 1.0 1.0 1.0 1.0 1.0 0.0 0.0 0.0 0.0 0.0 0.0 0.0 0.0 0.0 0.0 0.0 0.0 0.0
INFO:tensorflow:next_sentence_labels: 1
I1103 03:20:08.339113 47547705099328 create_pretraining_data.py:161] next_sentence_labels: 1
INFO:tensorflow:*** Example ***
I1103 03:20:08.339737 47547705099328 create_pretraining_data.py:149] *** Example ***
INFO:tensorflow:tokens: [CLS] الدب ##ابات والمد ##رع ##ات التي دمر ##ها رجال الجيش واللجان الشعبيه خلال [MASK] المرت ##زقه التقدم في كو ##فل [MASK] مارب [SEP] نست ##غفرك [MASK] من ذنوب نعمل بها ونحن غاف ##لون [SEP]
I1103 03:20:08.339923 47547705099328 create_pretraining_data.py:151] tokens: [CLS] الدب ##ابات والمد ##رع ##ات التي دمر ##ها رجال الجيش واللجان الشعبيه خلال [MASK] المرت ##زقه التقدم في كو ##فل [MASK] مارب [SEP] نست ##غفرك [MASK] من ذنوب نعمل بها ونحن غاف ##لون [SEP]
INFO:tensorflow:input_ids: 2 17988 2669 9163 4178 1904 2061 21026 1913 4077 3375 24690 20586 2317 4 5293 11092 9304 1912 14611 2614 4 24020 3 4702 20581 4 1908 7170 10228 2459 4882 29378 2840 3 0 0 0 0 0 0 0 0 0 0 0 0 0 0 0 0 0 0 0 0 0 0 0 0 0 0 0 0 0 0 0 0 0 0 0 0 0 0 0 0 0 0 0 0 0 0 0 0 0 0 0 0 0 0 0 0 0 0 0 0 0 0 0 0 0 0 0 0 0 0 0 0 0 0 0 0 0 0 0 0 0 0 0 0 0 0 0 0 0 0 0 0 0
I1103 03:20:08.340135 47547705099328 create_pretraining_data.py:161] input_ids: 2 17988 2669 9163 4178 1904 2061 21026 1913 4077 3375 24690 20586 2317 4 5293 11092 9304 1912 14611 2614 4 24020 3 4702 20581 4 1908 7170 10228 2459 4882 29378 2840 3 0 0 0 0 0 0 0 0 0 0 0 0 0 0 0 0 0 0 0 0 0 0 0 0 0 0 0 0 0 0 0 0 0 0 0 0 0 0 0 0 0 0 0 0 0 0 0 0 0 0 0 0 0 0 0 0 0 0 0 0 0 0 0 0 0 0 0 0 0 0 0 0 0 0 0 0 0 0 0 0 0 0 0 0 0 0 0 0 0 0 0 0 0
INFO:tensorflow:input_mask: 1 1 1 1 1 1 1 1 1 1 1 1 1 1 1 1 1 1 1 1 1 1 1 1 1 1 1 1 1 1 1 1 1 1 1 0 0 0 0 0 0 0 0 0 0 0 0 0 0 0 0 0 0 0 0 0 0 0 0 0 0 0 0 0 0 0 0 0 0 0 0 0 0 0 0 0 0 0 0 0 0 0 0 0 0 0 0 0 0 0 0 0 0 0 0 0 0 0 0 0 0 0 0 0 0 0 0 0 0 0 0 0 0 0 0 0 0 0 0 0 0 0 0 0 0 0 0 0
I1103 03:20:08.340372 47547705099328 create_pretraining_data.py:161] input_mask: 1 1 1 1 1 1 1 1 1 1 1 1 1 1 1 1 1 1 1 1 1 1 1 1 1 1 1 1 1 1 1 1 1 1 1 0 0 0 0 0 0 0 0 0 0 0 0 0 0 0 0 0 0 0 0 0 0 0 0 0 0 0 0 0 0 0 0 0 0 0 0 0 0 0 0 0 0 0 0 0 0 0 0 0 0 0 0 0 0 0 0 0 0 0 0 0 0 0 0 0 0 0 0 0 0 0 0 0 0 0 0 0 0 0 0 0 0 0 0 0 0 0 0 0 0 0 0 0
INFO:tensorflow:segment_ids: 0 0 0 0 0 0 0 0 0 0 0 0 0 0 0 0 0 0 0 0 0 0 0 0 1 1 1 1 1 1 1 1 1 1 1 0 0 0 0 0 0 0 0 0 0 0 0 0 0 0 0 0 0 0 0 0 0 0 0 0 0 0 0 0 0 0 0 0 0 0 0 0 0 0 0 0 0 0 0 0 0 0 0 0 0 0 0 0 0 0 0 0 0 0 0 0 0 0 0 0 0 0 0 0 0 0 0 0 0 0 0 0 0 0 0 0 0 0 0 0 0 0 0 0 0 0 0 0
I1103 03:20:08.340554 47547705099328 create_pretraining_data.py:161] segment_ids: 0 0 0 0 0 0 0 0 0 0 0 0 0 0 0 0 0 0 0 0 0 0 0 0 1 1 1 1 1 1 1 1 1 1 1 0 0 0 0 0 0 0 0 0 0 0 0 0 0 0 0 0 0 0 0 0 0 0 0 0 0 0 0 0 0 0 0 0 0 0 0 0 0 0 0 0 0 0 0 0 0 0 0 0 0 0 0 0 0 0 0 0 0 0 0 0 0 0 0 0 0 0 0 0 0 0 0 0 0 0 0 0 0 0 0 0 0 0 0 0 0 0 0 0 0 0 0 0
INFO:tensorflow:masked_lm_positions: 11 13 14 21 26 0 0 0 0 0 0 0 0 0 0 0 0 0 0 0
I1103 03:20:08.340691 47547705099328 create_pretraining_data.py:161] masked_lm_positions: 11 13 14 21 26 0 0 0 0 0 0 0 0 0 0 0 0 0 0 0
INFO:tensorflow:masked_lm_ids: 24690 2317 17453 25508 2949 0 0 0 0 0 0 0 0 0 0 0 0 0 0 0
I1103 03:20:08.340822 47547705099328 create_pretraining_data.py:161] masked_lm_ids: 24690 2317 17453 25508 2949 0 0 0 0 0 0 0 0 0 0 0 0 0 0 0
INFO:tensorflow:masked_lm_weights: 1.0 1.0 1.0 1.0 1.0 0.0 0.0 0.0 0.0 0.0 0.0 0.0 0.0 0.0 0.0 0.0 0.0 0.0 0.0 0.0
I1103 03:20:08.340958 47547705099328 create_pretraining_data.py:161] masked_lm_weights: 1.0 1.0 1.0 1.0 1.0 0.0 0.0 0.0 0.0 0.0 0.0 0.0 0.0 0.0 0.0 0.0 0.0 0.0 0.0 0.0
INFO:tensorflow:next_sentence_labels: 1
I1103 03:20:08.341083 47547705099328 create_pretraining_data.py:161] next_sentence_labels: 1
INFO:tensorflow:*** Example ***
I1103 03:20:08.341649 47547705099328 create_pretraining_data.py:149] *** Example ***
INFO:tensorflow:tokens: [CLS] حذف [MASK] بدايه من الري ##سيفر المشكله ان [MASK] اللي [MASK] [MASK] بدايه تجد ان اهل بيته يشاهد ##ن المسلسلات التركيه والمش ##اهد الخا ##رمه للمر ##وء ##ه [MASK] [MASK] عنده [SEP] اسمع ##ني [MASK] حتي تفهم ##ني لا تقاطع [MASK] [MASK] لا ##كمل افكار ##ي اخ ##فض صوتك حتي افهم لغ ##تك ابتسم حتي اقبل ارا ##ئك البير كام ##و [SEP]
I1103 03:20:08.341829 47547705099328 create_pretraining_data.py:151] tokens: [CLS] حذف [MASK] بدايه من الري ##سيفر المشكله ان [MASK] اللي [MASK] [MASK] بدايه تجد ان اهل بيته يشاهد ##ن المسلسلات التركيه والمش ##اهد الخا ##رمه للمر ##وء ##ه [MASK] [MASK] عنده [SEP] اسمع ##ني [MASK] حتي تفهم ##ني لا تقاطع [MASK] [MASK] لا ##كمل افكار ##ي اخ ##فض صوتك حتي افهم لغ ##تك ابتسم حتي اقبل ارا ##ئك البير كام ##و [SEP]
INFO:tensorflow:input_ids: 2 9144 4 6037 1908 2305 19704 10729 1939 4 2115 4 4 6037 5091 1939 3997 11541 20868 1006 8917 19195 6003 2866 26304 14951 12632 2926 1028 4 4 5382 3 9968 1974 4 2627 10321 1974 1963 26967 4 4 1963 5548 13932 1013 2269 2191 7343 2627 15339 3606 2348 7339 2627 17874 26201 6490 19490 3648 1012 3 0 0 0 0 0 0 0 0 0 0 0 0 0 0 0 0 0 0 0 0 0 0 0 0 0 0 0 0 0 0 0 0 0 0 0 0 0 0 0 0 0 0 0 0 0 0 0 0 0 0 0 0 0 0 0 0 0 0 0 0 0 0 0 0 0
I1103 03:20:08.342042 47547705099328 create_pretraining_data.py:161] input_ids: 2 9144 4 6037 1908 2305 19704 10729 1939 4 2115 4 4 6037 5091 1939 3997 11541 20868 1006 8917 19195 6003 2866 26304 14951 12632 2926 1028 4 4 5382 3 9968 1974 4 2627 10321 1974 1963 26967 4 4 1963 5548 13932 1013 2269 2191 7343 2627 15339 3606 2348 7339 2627 17874 26201 6490 19490 3648 1012 3 0 0 0 0 0 0 0 0 0 0 0 0 0 0 0 0 0 0 0 0 0 0 0 0 0 0 0 0 0 0 0 0 0 0 0 0 0 0 0 0 0 0 0 0 0 0 0 0 0 0 0 0 0 0 0 0 0 0 0 0 0 0 0 0 0
INFO:tensorflow:input_mask: 1 1 1 1 1 1 1 1 1 1 1 1 1 1 1 1 1 1 1 1 1 1 1 1 1 1 1 1 1 1 1 1 1 1 1 1 1 1 1 1 1 1 1 1 1 1 1 1 1 1 1 1 1 1 1 1 1 1 1 1 1 1 1 0 0 0 0 0 0 0 0 0 0 0 0 0 0 0 0 0 0 0 0 0 0 0 0 0 0 0 0 0 0 0 0 0 0 0 0 0 0 0 0 0 0 0 0 0 0 0 0 0 0 0 0 0 0 0 0 0 0 0 0 0 0 0 0 0
I1103 03:20:08.342268 47547705099328 create_pretraining_data.py:161] input_mask: 1 1 1 1 1 1 1 1 1 1 1 1 1 1 1 1 1 1 1 1 1 1 1 1 1 1 1 1 1 1 1 1 1 1 1 1 1 1 1 1 1 1 1 1 1 1 1 1 1 1 1 1 1 1 1 1 1 1 1 1 1 1 1 0 0 0 0 0 0 0 0 0 0 0 0 0 0 0 0 0 0 0 0 0 0 0 0 0 0 0 0 0 0 0 0 0 0 0 0 0 0 0 0 0 0 0 0 0 0 0 0 0 0 0 0 0 0 0 0 0 0 0 0 0 0 0 0 0
INFO:tensorflow:segment_ids: 0 0 0 0 0 0 0 0 0 0 0 0 0 0 0 0 0 0 0 0 0 0 0 0 0 0 0 0 0 0 0 0 0 1 1 1 1 1 1 1 1 1 1 1 1 1 1 1 1 1 1 1 1 1 1 1 1 1 1 1 1 1 1 0 0 0 0 0 0 0 0 0 0 0 0 0 0 0 0 0 0 0 0 0 0 0 0 0 0 0 0 0 0 0 0 0 0 0 0 0 0 0 0 0 0 0 0 0 0 0 0 0 0 0 0 0 0 0 0 0 0 0 0 0 0 0 0 0
I1103 03:20:08.342456 47547705099328 create_pretraining_data.py:161] segment_ids: 0 0 0 0 0 0 0 0 0 0 0 0 0 0 0 0 0 0 0 0 0 0 0 0 0 0 0 0 0 0 0 0 0 1 1 1 1 1 1 1 1 1 1 1 1 1 1 1 1 1 1 1 1 1 1 1 1 1 1 1 1 1 1 0 0 0 0 0 0 0 0 0 0 0 0 0 0 0 0 0 0 0 0 0 0 0 0 0 0 0 0 0 0 0 0 0 0 0 0 0 0 0 0 0 0 0 0 0 0 0 0 0 0 0 0 0 0 0 0 0 0 0 0 0 0 0 0 0
INFO:tensorflow:masked_lm_positions: 2 9 11 12 29 30 35 41 42 0 0 0 0 0 0 0 0 0 0 0
I1103 03:20:08.342596 47547705099328 create_pretraining_data.py:161] masked_lm_positions: 2 9 11 12 29 30 35 41 42 0 0 0 0 0 0 0 0 0 0 0
INFO:tensorflow:masked_lm_ids: 5994 2346 19878 1922 16894 1013 6245 3395 1013 0 0 0 0 0 0 0 0 0 0 0
I1103 03:20:08.342732 47547705099328 create_pretraining_data.py:161] masked_lm_ids: 5994 2346 19878 1922 16894 1013 6245 3395 1013 0 0 0 0 0 0 0 0 0 0 0
INFO:tensorflow:masked_lm_weights: 1.0 1.0 1.0 1.0 1.0 1.0 1.0 1.0 1.0 0.0 0.0 0.0 0.0 0.0 0.0 0.0 0.0 0.0 0.0 0.0
I1103 03:20:08.342869 47547705099328 create_pretraining_data.py:161] masked_lm_weights: 1.0 1.0 1.0 1.0 1.0 1.0 1.0 1.0 1.0 0.0 0.0 0.0 0.0 0.0 0.0 0.0 0.0 0.0 0.0 0.0
INFO:tensorflow:next_sentence_labels: 1
I1103 03:20:08.342992 47547705099328 create_pretraining_data.py:161] next_sentence_labels: 1
INFO:tensorflow:*** Example ***
I1103 03:20:08.343535 47547705099328 create_pretraining_data.py:149] *** Example ***
INFO:tensorflow:tokens: [CLS] روائع العب ##قر ##ي بلي ##غ [MASK] دن ##دن ##ه انا انا انا عاشق ##ه انا شوف ##تو ##ش يان ##اس عاشق ##ه بتح ##لف باله ##نا اهو انا [SEP] [MASK] القران والسب ##ع [MASK] ##اني والك ##افيه والش ##افيه والوا ##فيه وهي علم [MASK] [MASK] [MASK] ودعاء قران [SEP]
I1103 03:20:08.343710 47547705099328 create_pretraining_data.py:151] tokens: [CLS] روائع العب ##قر ##ي بلي ##غ [MASK] دن ##دن ##ه انا انا انا عاشق ##ه انا شوف ##تو ##ش يان ##اس عاشق ##ه بتح ##لف باله ##نا اهو انا [SEP] [MASK] القران والسب ##ع [MASK] ##اني والك ##افيه والش ##افيه والوا ##فيه وهي علم [MASK] [MASK] [MASK] ودعاء قران [SEP]
INFO:tensorflow:input_ids: 2 19860 6277 2301 1013 9365 1044 4 16780 12487 1028 2315 2315 2315 12118 1028 2315 5729 6975 1034 8585 2233 12118 1028 5171 1946 7901 1914 21974 2315 3 4 3963 16175 1009 4 2022 3764 4291 2861 4291 24943 5427 2843 2689 4 4 4 26359 11259 3 0 0 0 0 0 0 0 0 0 0 0 0 0 0 0 0 0 0 0 0 0 0 0 0 0 0 0 0 0 0 0 0 0 0 0 0 0 0 0 0 0 0 0 0 0 0 0 0 0 0 0 0 0 0 0 0 0 0 0 0 0 0 0 0 0 0 0 0 0 0 0 0 0 0 0 0 0
I1103 03:20:08.343909 47547705099328 create_pretraining_data.py:161] input_ids: 2 19860 6277 2301 1013 9365 1044 4 16780 12487 1028 2315 2315 2315 12118 1028 2315 5729 6975 1034 8585 2233 12118 1028 5171 1946 7901 1914 21974 2315 3 4 3963 16175 1009 4 2022 3764 4291 2861 4291 24943 5427 2843 2689 4 4 4 26359 11259 3 0 0 0 0 0 0 0 0 0 0 0 0 0 0 0 0 0 0 0 0 0 0 0 0 0 0 0 0 0 0 0 0 0 0 0 0 0 0 0 0 0 0 0 0 0 0 0 0 0 0 0 0 0 0 0 0 0 0 0 0 0 0 0 0 0 0 0 0 0 0 0 0 0 0 0 0 0
INFO:tensorflow:input_mask: 1 1 1 1 1 1 1 1 1 1 1 1 1 1 1 1 1 1 1 1 1 1 1 1 1 1 1 1 1 1 1 1 1 1 1 1 1 1 1 1 1 1 1 1 1 1 1 1 1 1 1 0 0 0 0 0 0 0 0 0 0 0 0 0 0 0 0 0 0 0 0 0 0 0 0 0 0 0 0 0 0 0 0 0 0 0 0 0 0 0 0 0 0 0 0 0 0 0 0 0 0 0 0 0 0 0 0 0 0 0 0 0 0 0 0 0 0 0 0 0 0 0 0 0 0 0 0 0
I1103 03:20:08.344113 47547705099328 create_pretraining_data.py:161] input_mask: 1 1 1 1 1 1 1 1 1 1 1 1 1 1 1 1 1 1 1 1 1 1 1 1 1 1 1 1 1 1 1 1 1 1 1 1 1 1 1 1 1 1 1 1 1 1 1 1 1 1 1 0 0 0 0 0 0 0 0 0 0 0 0 0 0 0 0 0 0 0 0 0 0 0 0 0 0 0 0 0 0 0 0 0 0 0 0 0 0 0 0 0 0 0 0 0 0 0 0 0 0 0 0 0 0 0 0 0 0 0 0 0 0 0 0 0 0 0 0 0 0 0 0 0 0 0 0 0
INFO:tensorflow:segment_ids: 0 0 0 0 0 0 0 0 0 0 0 0 0 0 0 0 0 0 0 0 0 0 0 0 0 0 0 0 0 0 0 1 1 1 1 1 1 1 1 1 1 1 1 1 1 1 1 1 1 1 1 0 0 0 0 0 0 0 0 0 0 0 0 0 0 0 0 0 0 0 0 0 0 0 0 0 0 0 0 0 0 0 0 0 0 0 0 0 0 0 0 0 0 0 0 0 0 0 0 0 0 0 0 0 0 0 0 0 0 0 0 0 0 0 0 0 0 0 0 0 0 0 0 0 0 0 0 0
I1103 03:20:08.344302 47547705099328 create_pretraining_data.py:161] segment_ids: 0 0 0 0 0 0 0 0 0 0 0 0 0 0 0 0 0 0 0 0 0 0 0 0 0 0 0 0 0 0 0 1 1 1 1 1 1 1 1 1 1 1 1 1 1 1 1 1 1 1 1 0 0 0 0 0 0 0 0 0 0 0 0 0 0 0 0 0 0 0 0 0 0 0 0 0 0 0 0 0 0 0 0 0 0 0 0 0 0 0 0 0 0 0 0 0 0 0 0 0 0 0 0 0 0 0 0 0 0 0 0 0 0 0 0 0 0 0 0 0 0 0 0 0 0 0 0 0
INFO:tensorflow:masked_lm_positions: 7 12 31 35 36 45 46 47 0 0 0 0 0 0 0 0 0 0 0 0
I1103 03:20:08.344438 47547705099328 create_pretraining_data.py:161] masked_lm_positions: 7 12 31 35 36 45 46 47 0 0 0 0 0 0 0 0 0 0 0 0
INFO:tensorflow:masked_lm_ids: 23127 2315 2112 4451 2022 8054 1988 5085 0 0 0 0 0 0 0 0 0 0 0 0
I1103 03:20:08.344571 47547705099328 create_pretraining_data.py:161] masked_lm_ids: 23127 2315 2112 4451 2022 8054 1988 5085 0 0 0 0 0 0 0 0 0 0 0 0
INFO:tensorflow:masked_lm_weights: 1.0 1.0 1.0 1.0 1.0 1.0 1.0 1.0 0.0 0.0 0.0 0.0 0.0 0.0 0.0 0.0 0.0 0.0 0.0 0.0
I1103 03:20:08.344705 47547705099328 create_pretraining_data.py:161] masked_lm_weights: 1.0 1.0 1.0 1.0 1.0 1.0 1.0 1.0 0.0 0.0 0.0 0.0 0.0 0.0 0.0 0.0 0.0 0.0 0.0 0.0
INFO:tensorflow:next_sentence_labels: 1
I1103 03:20:08.344828 47547705099328 create_pretraining_data.py:161] next_sentence_labels: 1
INFO:tensorflow:*** Example ***
I1103 03:20:08.345378 47547705099328 create_pretraining_data.py:149] *** Example ***
INFO:tensorflow:tokens: [CLS] دعوه لتن ##اول المنشطات ايقاف محمد نور المنشطات محمد نور كوره روتانا اعلام السف ##له الاتحاد دوري جميل [SEP] بحب ##ي ليك يا زمان عرفت اجمل نا ##اس ف [MASK] فانز ##ك بجد وقر ##بنا كلنا ف دعم ##ك وحا ##لفي [MASK] ان معاك للنه ##ايه [MASK] جي ##يش عبا ##اس [MASK] [MASK] [SEP]
I1103 03:20:08.345553 47547705099328 create_pretraining_data.py:151] tokens: [CLS] دعوه لتن ##اول المنشطات ايقاف محمد نور المنشطات محمد نور كوره روتانا اعلام السف ##له الاتحاد دوري جميل [SEP] بحب ##ي ليك يا زمان عرفت اجمل نا ##اس ف [MASK] فانز ##ك بجد وقر ##بنا كلنا ف دعم ##ك وحا ##لفي [MASK] ان معاك للنه ##ايه [MASK] جي ##يش عبا ##اس [MASK] [MASK] [SEP]
INFO:tensorflow:input_ids: 2 7022 5952 4155 29557 10703 2202 3772 29557 2202 3772 20148 21534 9412 3840 1917 2816 4299 3814 3 6218 1013 10209 2104 6285 7813 3244 3630 2233 408 4 8271 1014 8956 12964 24754 5905 408 3592 1014 29813 10433 4 1939 7375 29306 11890 4 4885 2336 15773 2233 4 4 3 0 0 0 0 0 0 0 0 0 0 0 0 0 0 0 0 0 0 0 0 0 0 0 0 0 0 0 0 0 0 0 0 0 0 0 0 0 0 0 0 0 0 0 0 0 0 0 0 0 0 0 0 0 0 0 0 0 0 0 0 0 0 0 0 0 0 0 0 0 0 0 0 0
I1103 03:20:08.345749 47547705099328 create_pretraining_data.py:161] input_ids: 2 7022 5952 4155 29557 10703 2202 3772 29557 2202 3772 20148 21534 9412 3840 1917 2816 4299 3814 3 6218 1013 10209 2104 6285 7813 3244 3630 2233 408 4 8271 1014 8956 12964 24754 5905 408 3592 1014 29813 10433 4 1939 7375 29306 11890 4 4885 2336 15773 2233 4 4 3 0 0 0 0 0 0 0 0 0 0 0 0 0 0 0 0 0 0 0 0 0 0 0 0 0 0 0 0 0 0 0 0 0 0 0 0 0 0 0 0 0 0 0 0 0 0 0 0 0 0 0 0 0 0 0 0 0 0 0 0 0 0 0 0 0 0 0 0 0 0 0 0 0
INFO:tensorflow:input_mask: 1 1 1 1 1 1 1 1 1 1 1 1 1 1 1 1 1 1 1 1 1 1 1 1 1 1 1 1 1 1 1 1 1 1 1 1 1 1 1 1 1 1 1 1 1 1 1 1 1 1 1 1 1 1 1 0 0 0 0 0 0 0 0 0 0 0 0 0 0 0 0 0 0 0 0 0 0 0 0 0 0 0 0 0 0 0 0 0 0 0 0 0 0 0 0 0 0 0 0 0 0 0 0 0 0 0 0 0 0 0 0 0 0 0 0 0 0 0 0 0 0 0 0 0 0 0 0 0
I1103 03:20:08.345956 47547705099328 create_pretraining_data.py:161] input_mask: 1 1 1 1 1 1 1 1 1 1 1 1 1 1 1 1 1 1 1 1 1 1 1 1 1 1 1 1 1 1 1 1 1 1 1 1 1 1 1 1 1 1 1 1 1 1 1 1 1 1 1 1 1 1 1 0 0 0 0 0 0 0 0 0 0 0 0 0 0 0 0 0 0 0 0 0 0 0 0 0 0 0 0 0 0 0 0 0 0 0 0 0 0 0 0 0 0 0 0 0 0 0 0 0 0 0 0 0 0 0 0 0 0 0 0 0 0 0 0 0 0 0 0 0 0 0 0 0
INFO:tensorflow:segment_ids: 0 0 0 0 0 0 0 0 0 0 0 0 0 0 0 0 0 0 0 0 1 1 1 1 1 1 1 1 1 1 1 1 1 1 1 1 1 1 1 1 1 1 1 1 1 1 1 1 1 1 1 1 1 1 1 0 0 0 0 0 0 0 0 0 0 0 0 0 0 0 0 0 0 0 0 0 0 0 0 0 0 0 0 0 0 0 0 0 0 0 0 0 0 0 0 0 0 0 0 0 0 0 0 0 0 0 0 0 0 0 0 0 0 0 0 0 0 0 0 0 0 0 0 0 0 0 0 0
I1103 03:20:08.346137 47547705099328 create_pretraining_data.py:161] segment_ids: 0 0 0 0 0 0 0 0 0 0 0 0 0 0 0 0 0 0 0 0 1 1 1 1 1 1 1 1 1 1 1 1 1 1 1 1 1 1 1 1 1 1 1 1 1 1 1 1 1 1 1 1 1 1 1 0 0 0 0 0 0 0 0 0 0 0 0 0 0 0 0 0 0 0 0 0 0 0 0 0 0 0 0 0 0 0 0 0 0 0 0 0 0 0 0 0 0 0 0 0 0 0 0 0 0 0 0 0 0 0 0 0 0 0 0 0 0 0 0 0 0 0 0 0 0 0 0 0
INFO:tensorflow:masked_lm_positions: 24 30 40 41 42 47 52 53 0 0 0 0 0 0 0 0 0 0 0 0
I1103 03:20:08.346282 47547705099328 create_pretraining_data.py:161] masked_lm_positions: 24 30 40 41 42 47 52 53 0 0 0 0 0 0 0 0 0 0 0 0
INFO:tensorflow:masked_lm_ids: 25277 2859 29813 10433 1006 24329 2310 14073 0 0 0 0 0 0 0 0 0 0 0 0
I1103 03:20:08.346415 47547705099328 create_pretraining_data.py:161] masked_lm_ids: 25277 2859 29813 10433 1006 24329 2310 14073 0 0 0 0 0 0 0 0 0 0 0 0
INFO:tensorflow:masked_lm_weights: 1.0 1.0 1.0 1.0 1.0 1.0 1.0 1.0 0.0 0.0 0.0 0.0 0.0 0.0 0.0 0.0 0.0 0.0 0.0 0.0
I1103 03:20:08.346550 47547705099328 create_pretraining_data.py:161] masked_lm_weights: 1.0 1.0 1.0 1.0 1.0 1.0 1.0 1.0 0.0 0.0 0.0 0.0 0.0 0.0 0.0 0.0 0.0 0.0 0.0 0.0
INFO:tensorflow:next_sentence_labels: 1
I1103 03:20:08.346674 47547705099328 create_pretraining_data.py:161] next_sentence_labels: 1
INFO:tensorflow:*** Example ***
I1103 03:20:08.347213 47547705099328 create_pretraining_data.py:149] *** Example ***
INFO:tensorflow:tokens: [CLS] اللهم [MASK] السنت ##نا من الغيب ##ه [SEP] [MASK] ##ك علي الر ##ف المهم ##ل الذي لا اعي ##ره اهتمام ##ي هناك [MASK] تت ##وس ##دك الغ ##بره و الكتب القديمه [SEP]
I1103 03:20:08.347379 47547705099328 create_pretraining_data.py:151] tokens: [CLS] اللهم [MASK] السنت ##نا من الغيب ##ه [SEP] [MASK] ##ك علي الر ##ف المهم ##ل الذي لا اعي ##ره اهتمام ##ي هناك [MASK] تت ##وس ##دك الغ ##بره و الكتب القديمه [SEP]
INFO:tensorflow:input_ids: 2 2168 4 23912 1914 1908 11951 1028 3 4 1014 1958 2017 1037 5202 1010 2130 1963 18956 2197 7047 1013 2671 4 2201 2109 18838 2173 4231 415 5018 15121 3 0 0 0 0 0 0 0 0 0 0 0 0 0 0 0 0 0 0 0 0 0 0 0 0 0 0 0 0 0 0 0 0 0 0 0 0 0 0 0 0 0 0 0 0 0 0 0 0 0 0 0 0 0 0 0 0 0 0 0 0 0 0 0 0 0 0 0 0 0 0 0 0 0 0 0 0 0 0 0 0 0 0 0 0 0 0 0 0 0 0 0 0 0 0 0
I1103 03:20:08.347575 47547705099328 create_pretraining_data.py:161] input_ids: 2 2168 4 23912 1914 1908 11951 1028 3 4 1014 1958 2017 1037 5202 1010 2130 1963 18956 2197 7047 1013 2671 4 2201 2109 18838 2173 4231 415 5018 15121 3 0 0 0 0 0 0 0 0 0 0 0 0 0 0 0 0 0 0 0 0 0 0 0 0 0 0 0 0 0 0 0 0 0 0 0 0 0 0 0 0 0 0 0 0 0 0 0 0 0 0 0 0 0 0 0 0 0 0 0 0 0 0 0 0 0 0 0 0 0 0 0 0 0 0 0 0 0 0 0 0 0 0 0 0 0 0 0 0 0 0 0 0 0 0 0
INFO:tensorflow:input_mask: 1 1 1 1 1 1 1 1 1 1 1 1 1 1 1 1 1 1 1 1 1 1 1 1 1 1 1 1 1 1 1 1 1 0 0 0 0 0 0 0 0 0 0 0 0 0 0 0 0 0 0 0 0 0 0 0 0 0 0 0 0 0 0 0 0 0 0 0 0 0 0 0 0 0 0 0 0 0 0 0 0 0 0 0 0 0 0 0 0 0 0 0 0 0 0 0 0 0 0 0 0 0 0 0 0 0 0 0 0 0 0 0 0 0 0 0 0 0 0 0 0 0 0 0 0 0 0 0
I1103 03:20:08.347775 47547705099328 create_pretraining_data.py:161] input_mask: 1 1 1 1 1 1 1 1 1 1 1 1 1 1 1 1 1 1 1 1 1 1 1 1 1 1 1 1 1 1 1 1 1 0 0 0 0 0 0 0 0 0 0 0 0 0 0 0 0 0 0 0 0 0 0 0 0 0 0 0 0 0 0 0 0 0 0 0 0 0 0 0 0 0 0 0 0 0 0 0 0 0 0 0 0 0 0 0 0 0 0 0 0 0 0 0 0 0 0 0 0 0 0 0 0 0 0 0 0 0 0 0 0 0 0 0 0 0 0 0 0 0 0 0 0 0 0 0
INFO:tensorflow:segment_ids: 0 0 0 0 0 0 0 0 0 1 1 1 1 1 1 1 1 1 1 1 1 1 1 1 1 1 1 1 1 1 1 1 1 0 0 0 0 0 0 0 0 0 0 0 0 0 0 0 0 0 0 0 0 0 0 0 0 0 0 0 0 0 0 0 0 0 0 0 0 0 0 0 0 0 0 0 0 0 0 0 0 0 0 0 0 0 0 0 0 0 0 0 0 0 0 0 0 0 0 0 0 0 0 0 0 0 0 0 0 0 0 0 0 0 0 0 0 0 0 0 0 0 0 0 0 0 0 0
I1103 03:20:08.347957 47547705099328 create_pretraining_data.py:161] segment_ids: 0 0 0 0 0 0 0 0 0 1 1 1 1 1 1 1 1 1 1 1 1 1 1 1 1 1 1 1 1 1 1 1 1 0 0 0 0 0 0 0 0 0 0 0 0 0 0 0 0 0 0 0 0 0 0 0 0 0 0 0 0 0 0 0 0 0 0 0 0 0 0 0 0 0 0 0 0 0 0 0 0 0 0 0 0 0 0 0 0 0 0 0 0 0 0 0 0 0 0 0 0 0 0 0 0 0 0 0 0 0 0 0 0 0 0 0 0 0 0 0 0 0 0 0 0 0 0 0
INFO:tensorflow:masked_lm_positions: 2 9 10 11 23 0 0 0 0 0 0 0 0 0 0 0 0 0 0 0
I1103 03:20:08.348093 47547705099328 create_pretraining_data.py:161] masked_lm_positions: 2 9 10 11 23 0 0 0 0 0 0 0 0 0 0 0 0 0 0 0
INFO:tensorflow:masked_lm_ids: 5776 10283 1014 1958 2455 0 0 0 0 0 0 0 0 0 0 0 0 0 0 0
I1103 03:20:08.348233 47547705099328 create_pretraining_data.py:161] masked_lm_ids: 5776 10283 1014 1958 2455 0 0 0 0 0 0 0 0 0 0 0 0 0 0 0
INFO:tensorflow:masked_lm_weights: 1.0 1.0 1.0 1.0 1.0 0.0 0.0 0.0 0.0 0.0 0.0 0.0 0.0 0.0 0.0 0.0 0.0 0.0 0.0 0.0
I1103 03:20:08.348369 47547705099328 create_pretraining_data.py:161] masked_lm_weights: 1.0 1.0 1.0 1.0 1.0 0.0 0.0 0.0 0.0 0.0 0.0 0.0 0.0 0.0 0.0 0.0 0.0 0.0 0.0 0.0
INFO:tensorflow:next_sentence_labels: 1
I1103 03:20:08.348493 47547705099328 create_pretraining_data.py:161] next_sentence_labels: 1
INFO:tensorflow:*** Example ***
I1103 03:20:08.349023 47547705099328 create_pretraining_data.py:149] *** Example ***
INFO:tensorflow:tokens: [CLS] [MASK] تغرق لتس ##ديد القروض في كافه [MASK] المملكه تسديد قرض واستخراج قرض جديد وسداد [MASK] وتحويل من بنك [MASK] بنك لتواصل 053 ##13 ##16 ##31 ##5 [SEP] بلا ##ها [MASK] بكرا بالمر ##ا [SEP]
I1103 03:20:08.349198 47547705099328 create_pretraining_data.py:151] tokens: [CLS] [MASK] تغرق لتس ##ديد القروض في كافه [MASK] المملكه تسديد قرض واستخراج قرض جديد وسداد [MASK] وتحويل من بنك [MASK] بنك لتواصل 053 ##13 ##16 ##31 ##5 [SEP] بلا ##ها [MASK] بكرا بالمر ##ا [SEP]
INFO:tensorflow:input_ids: 2 4 27960 8725 2212 11429 1912 18840 4 5195 6298 9016 23643 9016 3044 12359 4 23163 1908 4996 4 4996 19530 14392 7981 7086 8941 1030 3 2701 1913 4 17073 11098 1007 3 0 0 0 0 0 0 0 0 0 0 0 0 0 0 0 0 0 0 0 0 0 0 0 0 0 0 0 0 0 0 0 0 0 0 0 0 0 0 0 0 0 0 0 0 0 0 0 0 0 0 0 0 0 0 0 0 0 0 0 0 0 0 0 0 0 0 0 0 0 0 0 0 0 0 0 0 0 0 0 0 0 0 0 0 0 0 0 0 0 0 0 0
I1103 03:20:08.349396 47547705099328 create_pretraining_data.py:161] input_ids: 2 4 27960 8725 2212 11429 1912 18840 4 5195 6298 9016 23643 9016 3044 12359 4 23163 1908 4996 4 4996 19530 14392 7981 7086 8941 1030 3 2701 1913 4 17073 11098 1007 3 0 0 0 0 0 0 0 0 0 0 0 0 0 0 0 0 0 0 0 0 0 0 0 0 0 0 0 0 0 0 0 0 0 0 0 0 0 0 0 0 0 0 0 0 0 0 0 0 0 0 0 0 0 0 0 0 0 0 0 0 0 0 0 0 0 0 0 0 0 0 0 0 0 0 0 0 0 0 0 0 0 0 0 0 0 0 0 0 0 0 0 0
INFO:tensorflow:input_mask: 1 1 1 1 1 1 1 1 1 1 1 1 1 1 1 1 1 1 1 1 1 1 1 1 1 1 1 1 1 1 1 1 1 1 1 1 0 0 0 0 0 0 0 0 0 0 0 0 0 0 0 0 0 0 0 0 0 0 0 0 0 0 0 0 0 0 0 0 0 0 0 0 0 0 0 0 0 0 0 0 0 0 0 0 0 0 0 0 0 0 0 0 0 0 0 0 0 0 0 0 0 0 0 0 0 0 0 0 0 0 0 0 0 0 0 0 0 0 0 0 0 0 0 0 0 0 0 0
I1103 03:20:08.349580 47547705099328 create_pretraining_data.py:161] input_mask: 1 1 1 1 1 1 1 1 1 1 1 1 1 1 1 1 1 1 1 1 1 1 1 1 1 1 1 1 1 1 1 1 1 1 1 1 0 0 0 0 0 0 0 0 0 0 0 0 0 0 0 0 0 0 0 0 0 0 0 0 0 0 0 0 0 0 0 0 0 0 0 0 0 0 0 0 0 0 0 0 0 0 0 0 0 0 0 0 0 0 0 0 0 0 0 0 0 0 0 0 0 0 0 0 0 0 0 0 0 0 0 0 0 0 0 0 0 0 0 0 0 0 0 0 0 0 0 0
INFO:tensorflow:segment_ids: 0 0 0 0 0 0 0 0 0 0 0 0 0 0 0 0 0 0 0 0 0 0 0 0 0 0 0 0 0 1 1 1 1 1 1 1 0 0 0 0 0 0 0 0 0 0 0 0 0 0 0 0 0 0 0 0 0 0 0 0 0 0 0 0 0 0 0 0 0 0 0 0 0 0 0 0 0 0 0 0 0 0 0 0 0 0 0 0 0 0 0 0 0 0 0 0 0 0 0 0 0 0 0 0 0 0 0 0 0 0 0 0 0 0 0 0 0 0 0 0 0 0 0 0 0 0 0 0
I1103 03:20:08.349777 47547705099328 create_pretraining_data.py:161] segment_ids: 0 0 0 0 0 0 0 0 0 0 0 0 0 0 0 0 0 0 0 0 0 0 0 0 0 0 0 0 0 1 1 1 1 1 1 1 0 0 0 0 0 0 0 0 0 0 0 0 0 0 0 0 0 0 0 0 0 0 0 0 0 0 0 0 0 0 0 0 0 0 0 0 0 0 0 0 0 0 0 0 0 0 0 0 0 0 0 0 0 0 0 0 0 0 0 0 0 0 0 0 0 0 0 0 0 0 0 0 0 0 0 0 0 0 0 0 0 0 0 0 0 0 0 0 0 0 0 0
INFO:tensorflow:masked_lm_positions: 1 8 16 20 31 0 0 0 0 0 0 0 0 0 0 0 0 0 0 0
I1103 03:20:08.349913 47547705099328 create_pretraining_data.py:161] masked_lm_positions: 1 8 16 20 31 0 0 0 0 0 0 0 0 0 0 0 0 0 0 0
INFO:tensorflow:masked_lm_ids: 2392 5415 14076 2002 9493 0 0 0 0 0 0 0 0 0 0 0 0 0 0 0
I1103 03:20:08.350045 47547705099328 create_pretraining_data.py:161] masked_lm_ids: 2392 5415 14076 2002 9493 0 0 0 0 0 0 0 0 0 0 0 0 0 0 0
INFO:tensorflow:masked_lm_weights: 1.0 1.0 1.0 1.0 1.0 0.0 0.0 0.0 0.0 0.0 0.0 0.0 0.0 0.0 0.0 0.0 0.0 0.0 0.0 0.0
I1103 03:20:08.350195 47547705099328 create_pretraining_data.py:161] masked_lm_weights: 1.0 1.0 1.0 1.0 1.0 0.0 0.0 0.0 0.0 0.0 0.0 0.0 0.0 0.0 0.0 0.0 0.0 0.0 0.0 0.0
INFO:tensorflow:next_sentence_labels: 1
I1103 03:20:08.350323 47547705099328 create_pretraining_data.py:161] next_sentence_labels: 1
INFO:tensorflow:*** Example ***
I1103 03:20:08.350829 47547705099328 create_pretraining_data.py:149] *** Example ***
INFO:tensorflow:tokens: [CLS] رب ركعه في جوف الليل تبد ##ل من حال [MASK] حال من ضيق الي راحه [MASK] [SEP] المؤلف ##ات والم ##ورو ##ث ان لم تت ##وافق مع نتائج الحم ##ض النووي [MASK] بها عرض ##ماعات [SEP]
I1103 03:20:08.350979 47547705099328 create_pretraining_data.py:151] tokens: [CLS] رب ركعه في جوف الليل تبد ##ل من حال [MASK] حال من ضيق الي راحه [MASK] [SEP] المؤلف ##ات والم ##ورو ##ث ان لم تت ##وافق مع نتائج الحم ##ض النووي [MASK] بها عرض ##ماعات [SEP]
INFO:tensorflow:input_ids: 2 2512 21597 1912 17481 3792 18199 1010 1908 2767 4 2767 1908 7913 2002 6812 4 3 11914 1904 2119 3567 1039 1939 2043 2201 6482 1973 4650 4517 1027 9137 4 2459 3261 7528 3 0 0 0 0 0 0 0 0 0 0 0 0 0 0 0 0 0 0 0 0 0 0 0 0 0 0 0 0 0 0 0 0 0 0 0 0 0 0 0 0 0 0 0 0 0 0 0 0 0 0 0 0 0 0 0 0 0 0 0 0 0 0 0 0 0 0 0 0 0 0 0 0 0 0 0 0 0 0 0 0 0 0 0 0 0 0 0 0 0 0 0
I1103 03:20:08.351155 47547705099328 create_pretraining_data.py:161] input_ids: 2 2512 21597 1912 17481 3792 18199 1010 1908 2767 4 2767 1908 7913 2002 6812 4 3 11914 1904 2119 3567 1039 1939 2043 2201 6482 1973 4650 4517 1027 9137 4 2459 3261 7528 3 0 0 0 0 0 0 0 0 0 0 0 0 0 0 0 0 0 0 0 0 0 0 0 0 0 0 0 0 0 0 0 0 0 0 0 0 0 0 0 0 0 0 0 0 0 0 0 0 0 0 0 0 0 0 0 0 0 0 0 0 0 0 0 0 0 0 0 0 0 0 0 0 0 0 0 0 0 0 0 0 0 0 0 0 0 0 0 0 0 0 0
INFO:tensorflow:input_mask: 1 1 1 1 1 1 1 1 1 1 1 1 1 1 1 1 1 1 1 1 1 1 1 1 1 1 1 1 1 1 1 1 1 1 1 1 1 0 0 0 0 0 0 0 0 0 0 0 0 0 0 0 0 0 0 0 0 0 0 0 0 0 0 0 0 0 0 0 0 0 0 0 0 0 0 0 0 0 0 0 0 0 0 0 0 0 0 0 0 0 0 0 0 0 0 0 0 0 0 0 0 0 0 0 0 0 0 0 0 0 0 0 0 0 0 0 0 0 0 0 0 0 0 0 0 0 0 0
I1103 03:20:08.351321 47547705099328 create_pretraining_data.py:161] input_mask: 1 1 1 1 1 1 1 1 1 1 1 1 1 1 1 1 1 1 1 1 1 1 1 1 1 1 1 1 1 1 1 1 1 1 1 1 1 0 0 0 0 0 0 0 0 0 0 0 0 0 0 0 0 0 0 0 0 0 0 0 0 0 0 0 0 0 0 0 0 0 0 0 0 0 0 0 0 0 0 0 0 0 0 0 0 0 0 0 0 0 0 0 0 0 0 0 0 0 0 0 0 0 0 0 0 0 0 0 0 0 0 0 0 0 0 0 0 0 0 0 0 0 0 0 0 0 0 0
INFO:tensorflow:segment_ids: 0 0 0 0 0 0 0 0 0 0 0 0 0 0 0 0 0 0 1 1 1 1 1 1 1 1 1 1 1 1 1 1 1 1 1 1 1 0 0 0 0 0 0 0 0 0 0 0 0 0 0 0 0 0 0 0 0 0 0 0 0 0 0 0 0 0 0 0 0 0 0 0 0 0 0 0 0 0 0 0 0 0 0 0 0 0 0 0 0 0 0 0 0 0 0 0 0 0 0 0 0 0 0 0 0 0 0 0 0 0 0 0 0 0 0 0 0 0 0 0 0 0 0 0 0 0 0 0
I1103 03:20:08.351480 47547705099328 create_pretraining_data.py:161] segment_ids: 0 0 0 0 0 0 0 0 0 0 0 0 0 0 0 0 0 0 1 1 1 1 1 1 1 1 1 1 1 1 1 1 1 1 1 1 1 0 0 0 0 0 0 0 0 0 0 0 0 0 0 0 0 0 0 0 0 0 0 0 0 0 0 0 0 0 0 0 0 0 0 0 0 0 0 0 0 0 0 0 0 0 0 0 0 0 0 0 0 0 0 0 0 0 0 0 0 0 0 0 0 0 0 0 0 0 0 0 0 0 0 0 0 0 0 0 0 0 0 0 0 0 0 0 0 0 0 0
INFO:tensorflow:masked_lm_positions: 3 10 16 27 32 35 0 0 0 0 0 0 0 0 0 0 0 0 0 0
I1103 03:20:08.351622 47547705099328 create_pretraining_data.py:161] masked_lm_positions: 3 10 16 27 32 35 0 0 0 0 0 0 0 0 0 0 0 0 0 0
INFO:tensorflow:masked_lm_ids: 1912 2002 7026 1973 14180 23476 0 0 0 0 0 0 0 0 0 0 0 0 0 0
I1103 03:20:08.351741 47547705099328 create_pretraining_data.py:161] masked_lm_ids: 1912 2002 7026 1973 14180 23476 0 0 0 0 0 0 0 0 0 0 0 0 0 0
INFO:tensorflow:masked_lm_weights: 1.0 1.0 1.0 1.0 1.0 1.0 0.0 0.0 0.0 0.0 0.0 0.0 0.0 0.0 0.0 0.0 0.0 0.0 0.0 0.0
I1103 03:20:08.351862 47547705099328 create_pretraining_data.py:161] masked_lm_weights: 1.0 1.0 1.0 1.0 1.0 1.0 0.0 0.0 0.0 0.0 0.0 0.0 0.0 0.0 0.0 0.0 0.0 0.0 0.0 0.0
INFO:tensorflow:next_sentence_labels: 1
I1103 03:20:08.351973 47547705099328 create_pretraining_data.py:161] next_sentence_labels: 1
INFO:tensorflow:*** Example ***
I1103 03:20:08.352456 47547705099328 create_pretraining_data.py:149] *** Example ***
INFO:tensorflow:tokens: [CLS] [MASK] هال ##جمه ##ور [SEP] مات صوت الشوق ب شفاه الحكي وانت ما جاب ##ك وله ولا حنين [SEP]
I1103 03:20:08.352599 47547705099328 create_pretraining_data.py:151] tokens: [CLS] [MASK] هال ##جمه ##ور [SEP] مات صوت الشوق ب شفاه الحكي وانت ما جاب ##ك وله ولا حنين [SEP]
INFO:tensorflow:input_ids: 2 4 4218 18019 1936 3 3019 3195 5589 388 25863 15447 3036 1972 10434 1014 4983 2086 9573 3 0 0 0 0 0 0 0 0 0 0 0 0 0 0 0 0 0 0 0 0 0 0 0 0 0 0 0 0 0 0 0 0 0 0 0 0 0 0 0 0 0 0 0 0 0 0 0 0 0 0 0 0 0 0 0 0 0 0 0 0 0 0 0 0 0 0 0 0 0 0 0 0 0 0 0 0 0 0 0 0 0 0 0 0 0 0 0 0 0 0 0 0 0 0 0 0 0 0 0 0 0 0 0 0 0 0 0 0
I1103 03:20:08.352768 47547705099328 create_pretraining_data.py:161] input_ids: 2 4 4218 18019 1936 3 3019 3195 5589 388 25863 15447 3036 1972 10434 1014 4983 2086 9573 3 0 0 0 0 0 0 0 0 0 0 0 0 0 0 0 0 0 0 0 0 0 0 0 0 0 0 0 0 0 0 0 0 0 0 0 0 0 0 0 0 0 0 0 0 0 0 0 0 0 0 0 0 0 0 0 0 0 0 0 0 0 0 0 0 0 0 0 0 0 0 0 0 0 0 0 0 0 0 0 0 0 0 0 0 0 0 0 0 0 0 0 0 0 0 0 0 0 0 0 0 0 0 0 0 0 0 0 0
INFO:tensorflow:input_mask: 1 1 1 1 1 1 1 1 1 1 1 1 1 1 1 1 1 1 1 1 0 0 0 0 0 0 0 0 0 0 0 0 0 0 0 0 0 0 0 0 0 0 0 0 0 0 0 0 0 0 0 0 0 0 0 0 0 0 0 0 0 0 0 0 0 0 0 0 0 0 0 0 0 0 0 0 0 0 0 0 0 0 0 0 0 0 0 0 0 0 0 0 0 0 0 0 0 0 0 0 0 0 0 0 0 0 0 0 0 0 0 0 0 0 0 0 0 0 0 0 0 0 0 0 0 0 0 0
I1103 03:20:08.352933 47547705099328 create_pretraining_data.py:161] input_mask: 1 1 1 1 1 1 1 1 1 1 1 1 1 1 1 1 1 1 1 1 0 0 0 0 0 0 0 0 0 0 0 0 0 0 0 0 0 0 0 0 0 0 0 0 0 0 0 0 0 0 0 0 0 0 0 0 0 0 0 0 0 0 0 0 0 0 0 0 0 0 0 0 0 0 0 0 0 0 0 0 0 0 0 0 0 0 0 0 0 0 0 0 0 0 0 0 0 0 0 0 0 0 0 0 0 0 0 0 0 0 0 0 0 0 0 0 0 0 0 0 0 0 0 0 0 0 0 0
INFO:tensorflow:segment_ids: 0 0 0 0 0 0 1 1 1 1 1 1 1 1 1 1 1 1 1 1 0 0 0 0 0 0 0 0 0 0 0 0 0 0 0 0 0 0 0 0 0 0 0 0 0 0 0 0 0 0 0 0 0 0 0 0 0 0 0 0 0 0 0 0 0 0 0 0 0 0 0 0 0 0 0 0 0 0 0 0 0 0 0 0 0 0 0 0 0 0 0 0 0 0 0 0 0 0 0 0 0 0 0 0 0 0 0 0 0 0 0 0 0 0 0 0 0 0 0 0 0 0 0 0 0 0 0 0
I1103 03:20:08.353092 47547705099328 create_pretraining_data.py:161] segment_ids: 0 0 0 0 0 0 1 1 1 1 1 1 1 1 1 1 1 1 1 1 0 0 0 0 0 0 0 0 0 0 0 0 0 0 0 0 0 0 0 0 0 0 0 0 0 0 0 0 0 0 0 0 0 0 0 0 0 0 0 0 0 0 0 0 0 0 0 0 0 0 0 0 0 0 0 0 0 0 0 0 0 0 0 0 0 0 0 0 0 0 0 0 0 0 0 0 0 0 0 0 0 0 0 0 0 0 0 0 0 0 0 0 0 0 0 0 0 0 0 0 0 0 0 0 0 0 0 0
INFO:tensorflow:masked_lm_positions: 1 8 9 0 0 0 0 0 0 0 0 0 0 0 0 0 0 0 0 0
I1103 03:20:08.353222 47547705099328 create_pretraining_data.py:161] masked_lm_positions: 1 8 9 0 0 0 0 0 0 0 0 0 0 0 0 0 0 0 0 0
INFO:tensorflow:masked_lm_ids: 19270 5589 388 0 0 0 0 0 0 0 0 0 0 0 0 0 0 0 0 0
I1103 03:20:08.353340 47547705099328 create_pretraining_data.py:161] masked_lm_ids: 19270 5589 388 0 0 0 0 0 0 0 0 0 0 0 0 0 0 0 0 0
INFO:tensorflow:masked_lm_weights: 1.0 1.0 1.0 0.0 0.0 0.0 0.0 0.0 0.0 0.0 0.0 0.0 0.0 0.0 0.0 0.0 0.0 0.0 0.0 0.0
I1103 03:20:08.353479 47547705099328 create_pretraining_data.py:161] masked_lm_weights: 1.0 1.0 1.0 0.0 0.0 0.0 0.0 0.0 0.0 0.0 0.0 0.0 0.0 0.0 0.0 0.0 0.0 0.0 0.0 0.0
INFO:tensorflow:next_sentence_labels: 1
I1103 03:20:08.353590 47547705099328 create_pretraining_data.py:161] next_sentence_labels: 1
INFO:tensorflow:*** Example ***
I1103 03:20:08.354069 47547705099328 create_pretraining_data.py:149] *** Example ***
INFO:tensorflow:tokens: [CLS] درر [SEP] قالو ##لي كل داء بيرو ##ح وتن ##سي تتخذ ##ارتي هوا فق ##ولت مريض بض ##حك ##تها [MASK] [MASK] ان جت مليش ف الدنيا غيرها دوا [SEP]
I1103 03:20:08.354221 47547705099328 create_pretraining_data.py:151] tokens: [CLS] درر [SEP] قالو ##لي كل داء بيرو ##ح وتن ##سي تتخذ ##ارتي هوا فق ##ولت مريض بض ##حك ##تها [MASK] [MASK] ان جت مليش ف الدنيا غيرها دوا [SEP]
INFO:tensorflow:input_ids: 2 17949 3 12435 1907 2038 20141 22049 1032 4504 1999 15154 17279 9296 4162 4089 7891 6362 2733 2377 4 4 1939 17823 13288 408 2859 8526 11085 3 0 0 0 0 0 0 0 0 0 0 0 0 0 0 0 0 0 0 0 0 0 0 0 0 0 0 0 0 0 0 0 0 0 0 0 0 0 0 0 0 0 0 0 0 0 0 0 0 0 0 0 0 0 0 0 0 0 0 0 0 0 0 0 0 0 0 0 0 0 0 0 0 0 0 0 0 0 0 0 0 0 0 0 0 0 0 0 0 0 0 0 0 0 0 0 0 0 0
I1103 03:20:08.354391 47547705099328 create_pretraining_data.py:161] input_ids: 2 17949 3 12435 1907 2038 20141 22049 1032 4504 1999 15154 17279 9296 4162 4089 7891 6362 2733 2377 4 4 1939 17823 13288 408 2859 8526 11085 3 0 0 0 0 0 0 0 0 0 0 0 0 0 0 0 0 0 0 0 0 0 0 0 0 0 0 0 0 0 0 0 0 0 0 0 0 0 0 0 0 0 0 0 0 0 0 0 0 0 0 0 0 0 0 0 0 0 0 0 0 0 0 0 0 0 0 0 0 0 0 0 0 0 0 0 0 0 0 0 0 0 0 0 0 0 0 0 0 0 0 0 0 0 0 0 0 0 0
INFO:tensorflow:input_mask: 1 1 1 1 1 1 1 1 1 1 1 1 1 1 1 1 1 1 1 1 1 1 1 1 1 1 1 1 1 1 0 0 0 0 0 0 0 0 0 0 0 0 0 0 0 0 0 0 0 0 0 0 0 0 0 0 0 0 0 0 0 0 0 0 0 0 0 0 0 0 0 0 0 0 0 0 0 0 0 0 0 0 0 0 0 0 0 0 0 0 0 0 0 0 0 0 0 0 0 0 0 0 0 0 0 0 0 0 0 0 0 0 0 0 0 0 0 0 0 0 0 0 0 0 0 0 0 0
I1103 03:20:08.354554 47547705099328 create_pretraining_data.py:161] input_mask: 1 1 1 1 1 1 1 1 1 1 1 1 1 1 1 1 1 1 1 1 1 1 1 1 1 1 1 1 1 1 0 0 0 0 0 0 0 0 0 0 0 0 0 0 0 0 0 0 0 0 0 0 0 0 0 0 0 0 0 0 0 0 0 0 0 0 0 0 0 0 0 0 0 0 0 0 0 0 0 0 0 0 0 0 0 0 0 0 0 0 0 0 0 0 0 0 0 0 0 0 0 0 0 0 0 0 0 0 0 0 0 0 0 0 0 0 0 0 0 0 0 0 0 0 0 0 0 0
INFO:tensorflow:segment_ids: 0 0 0 1 1 1 1 1 1 1 1 1 1 1 1 1 1 1 1 1 1 1 1 1 1 1 1 1 1 1 0 0 0 0 0 0 0 0 0 0 0 0 0 0 0 0 0 0 0 0 0 0 0 0 0 0 0 0 0 0 0 0 0 0 0 0 0 0 0 0 0 0 0 0 0 0 0 0 0 0 0 0 0 0 0 0 0 0 0 0 0 0 0 0 0 0 0 0 0 0 0 0 0 0 0 0 0 0 0 0 0 0 0 0 0 0 0 0 0 0 0 0 0 0 0 0 0 0
I1103 03:20:08.354713 47547705099328 create_pretraining_data.py:161] segment_ids: 0 0 0 1 1 1 1 1 1 1 1 1 1 1 1 1 1 1 1 1 1 1 1 1 1 1 1 1 1 1 0 0 0 0 0 0 0 0 0 0 0 0 0 0 0 0 0 0 0 0 0 0 0 0 0 0 0 0 0 0 0 0 0 0 0 0 0 0 0 0 0 0 0 0 0 0 0 0 0 0 0 0 0 0 0 0 0 0 0 0 0 0 0 0 0 0 0 0 0 0 0 0 0 0 0 0 0 0 0 0 0 0 0 0 0 0 0 0 0 0 0 0 0 0 0 0 0 0
INFO:tensorflow:masked_lm_positions: 11 12 20 21 0 0 0 0 0 0 0 0 0 0 0 0 0 0 0 0
I1103 03:20:08.354835 47547705099328 create_pretraining_data.py:161] masked_lm_positions: 11 12 20 21 0 0 0 0 0 0 0 0 0 0 0 0 0 0 0 0
INFO:tensorflow:masked_lm_ids: 3274 6225 414 25013 0 0 0 0 0 0 0 0 0 0 0 0 0 0 0 0
I1103 03:20:08.354954 47547705099328 create_pretraining_data.py:161] masked_lm_ids: 3274 6225 414 25013 0 0 0 0 0 0 0 0 0 0 0 0 0 0 0 0
INFO:tensorflow:masked_lm_weights: 1.0 1.0 1.0 1.0 0.0 0.0 0.0 0.0 0.0 0.0 0.0 0.0 0.0 0.0 0.0 0.0 0.0 0.0 0.0 0.0
I1103 03:20:08.355074 47547705099328 create_pretraining_data.py:161] masked_lm_weights: 1.0 1.0 1.0 1.0 0.0 0.0 0.0 0.0 0.0 0.0 0.0 0.0 0.0 0.0 0.0 0.0 0.0 0.0 0.0 0.0
INFO:tensorflow:next_sentence_labels: 1
I1103 03:20:08.355191 47547705099328 create_pretraining_data.py:161] next_sentence_labels: 1
INFO:tensorflow:*** Example ***
I1103 03:20:08.355719 47547705099328 create_pretraining_data.py:149] *** Example ***
INFO:tensorflow:tokens: [CLS] اليوم لليوم [MASK] [MASK] للس ##اعه تلك هي طريقه الحياه لا غدا ينتظر ولا امس ##ا ين ##كسر ولا [MASK] يحت ##ضر انت ليوم ##ك و يومك لك [SEP] اذهب الي فرعون [MASK] [MASK] [MASK] مج ##ابه ##ه اشد [MASK] الكفر الط ##غيان خلي [MASK] العنف واقت ##صاص [MASK] بالق ##وه ما يحدث في [MASK] بيننا يحتاج الي تاه ##يل فكري قران ##ي [SEP]
I1103 03:20:08.355880 47547705099328 create_pretraining_data.py:151] tokens: [CLS] اليوم لليوم [MASK] [MASK] للس ##اعه تلك هي طريقه الحياه لا غدا ينتظر ولا امس ##ا ين ##كسر ولا [MASK] يحت ##ضر انت ليوم ##ك و يومك لك [SEP] اذهب الي فرعون [MASK] [MASK] [MASK] مج ##ابه ##ه اشد [MASK] الكفر الط ##غيان خلي [MASK] العنف واقت ##صاص [MASK] بالق ##وه ما يحدث في [MASK] بيننا يحتاج الي تاه ##يل فكري قران ##ي [SEP]
INFO:tensorflow:input_ids: 2 2217 16997 4 4 2916 3113 3041 2247 7220 3014 1963 4496 7219 2086 4426 1007 2388 5323 2086 4 3315 2511 2164 10407 1014 415 11978 2278 3 15717 2002 16431 4 4 4 2079 2738 1028 10091 4 14534 2057 25977 3750 4 7445 12206 5396 4 3738 2283 1972 5179 1912 4 8243 5238 2002 21733 2027 18607 11259 1013 3 0 0 0 0 0 0 0 0 0 0 0 0 0 0 0 0 0 0 0 0 0 0 0 0 0 0 0 0 0 0 0 0 0 0 0 0 0 0 0 0 0 0 0 0 0 0 0 0 0 0 0 0 0 0 0 0 0 0 0 0 0 0 0
I1103 03:20:08.356059 47547705099328 create_pretraining_data.py:161] input_ids: 2 2217 16997 4 4 2916 3113 3041 2247 7220 3014 1963 4496 7219 2086 4426 1007 2388 5323 2086 4 3315 2511 2164 10407 1014 415 11978 2278 3 15717 2002 16431 4 4 4 2079 2738 1028 10091 4 14534 2057 25977 3750 4 7445 12206 5396 4 3738 2283 1972 5179 1912 4 8243 5238 2002 21733 2027 18607 11259 1013 3 0 0 0 0 0 0 0 0 0 0 0 0 0 0 0 0 0 0 0 0 0 0 0 0 0 0 0 0 0 0 0 0 0 0 0 0 0 0 0 0 0 0 0 0 0 0 0 0 0 0 0 0 0 0 0 0 0 0 0 0 0 0 0
INFO:tensorflow:input_mask: 1 1 1 1 1 1 1 1 1 1 1 1 1 1 1 1 1 1 1 1 1 1 1 1 1 1 1 1 1 1 1 1 1 1 1 1 1 1 1 1 1 1 1 1 1 1 1 1 1 1 1 1 1 1 1 1 1 1 1 1 1 1 1 1 1 0 0 0 0 0 0 0 0 0 0 0 0 0 0 0 0 0 0 0 0 0 0 0 0 0 0 0 0 0 0 0 0 0 0 0 0 0 0 0 0 0 0 0 0 0 0 0 0 0 0 0 0 0 0 0 0 0 0 0 0 0 0 0
I1103 03:20:08.356231 47547705099328 create_pretraining_data.py:161] input_mask: 1 1 1 1 1 1 1 1 1 1 1 1 1 1 1 1 1 1 1 1 1 1 1 1 1 1 1 1 1 1 1 1 1 1 1 1 1 1 1 1 1 1 1 1 1 1 1 1 1 1 1 1 1 1 1 1 1 1 1 1 1 1 1 1 1 0 0 0 0 0 0 0 0 0 0 0 0 0 0 0 0 0 0 0 0 0 0 0 0 0 0 0 0 0 0 0 0 0 0 0 0 0 0 0 0 0 0 0 0 0 0 0 0 0 0 0 0 0 0 0 0 0 0 0 0 0 0 0
INFO:tensorflow:segment_ids: 0 0 0 0 0 0 0 0 0 0 0 0 0 0 0 0 0 0 0 0 0 0 0 0 0 0 0 0 0 0 1 1 1 1 1 1 1 1 1 1 1 1 1 1 1 1 1 1 1 1 1 1 1 1 1 1 1 1 1 1 1 1 1 1 1 0 0 0 0 0 0 0 0 0 0 0 0 0 0 0 0 0 0 0 0 0 0 0 0 0 0 0 0 0 0 0 0 0 0 0 0 0 0 0 0 0 0 0 0 0 0 0 0 0 0 0 0 0 0 0 0 0 0 0 0 0 0 0
I1103 03:20:08.356391 47547705099328 create_pretraining_data.py:161] segment_ids: 0 0 0 0 0 0 0 0 0 0 0 0 0 0 0 0 0 0 0 0 0 0 0 0 0 0 0 0 0 0 1 1 1 1 1 1 1 1 1 1 1 1 1 1 1 1 1 1 1 1 1 1 1 1 1 1 1 1 1 1 1 1 1 1 1 0 0 0 0 0 0 0 0 0 0 0 0 0 0 0 0 0 0 0 0 0 0 0 0 0 0 0 0 0 0 0 0 0 0 0 0 0 0 0 0 0 0 0 0 0 0 0 0 0 0 0 0 0 0 0 0 0 0 0 0 0 0 0
INFO:tensorflow:masked_lm_positions: 3 4 20 33 34 35 40 45 49 55 0 0 0 0 0 0 0 0 0 0
I1103 03:20:08.356512 47547705099328 create_pretraining_data.py:161] masked_lm_positions: 3 4 20 33 34 35 40 45 49 55 0 0 0 0 0 0 0 0 0 0
INFO:tensorflow:masked_lm_ids: 2604 3113 25652 2615 403 2662 5792 1908 3333 4266 0 0 0 0 0 0 0 0 0 0
I1103 03:20:08.356630 47547705099328 create_pretraining_data.py:161] masked_lm_ids: 2604 3113 25652 2615 403 2662 5792 1908 3333 4266 0 0 0 0 0 0 0 0 0 0
INFO:tensorflow:masked_lm_weights: 1.0 1.0 1.0 1.0 1.0 1.0 1.0 1.0 1.0 1.0 0.0 0.0 0.0 0.0 0.0 0.0 0.0 0.0 0.0 0.0
I1103 03:20:08.356750 47547705099328 create_pretraining_data.py:161] masked_lm_weights: 1.0 1.0 1.0 1.0 1.0 1.0 1.0 1.0 1.0 1.0 0.0 0.0 0.0 0.0 0.0 0.0 0.0 0.0 0.0 0.0
INFO:tensorflow:next_sentence_labels: 1
I1103 03:20:08.356875 47547705099328 create_pretraining_data.py:161] next_sentence_labels: 1
INFO:tensorflow:*** Example ***
I1103 03:20:08.357362 47547705099328 create_pretraining_data.py:149] *** Example ***
INFO:tensorflow:tokens: [CLS] ووص ##ينا الانسان بوا ##لدي ##ه احسانا [SEP] رح [MASK] [MASK] احص ##ائيات لي يحب ايهاب ##حرص لي يحب عباس تفضيل [SEP]
I1103 03:20:08.357504 47547705099328 create_pretraining_data.py:151] tokens: [CLS] ووص ##ينا الانسان بوا ##لدي ##ه احسانا [SEP] رح [MASK] [MASK] احص ##ائيات لي يحب ايهاب ##حرص لي يحب عباس تفضيل [SEP]
INFO:tensorflow:input_ids: 2 15325 2411 3858 3935 4260 1028 28199 3 3457 4 4 17331 8410 2134 3866 5800 22489 2134 3866 4365 17227 3 0 0 0 0 0 0 0 0 0 0 0 0 0 0 0 0 0 0 0 0 0 0 0 0 0 0 0 0 0 0 0 0 0 0 0 0 0 0 0 0 0 0 0 0 0 0 0 0 0 0 0 0 0 0 0 0 0 0 0 0 0 0 0 0 0 0 0 0 0 0 0 0 0 0 0 0 0 0 0 0 0 0 0 0 0 0 0 0 0 0 0 0 0 0 0 0 0 0 0 0 0 0 0 0 0
I1103 03:20:08.357673 47547705099328 create_pretraining_data.py:161] input_ids: 2 15325 2411 3858 3935 4260 1028 28199 3 3457 4 4 17331 8410 2134 3866 5800 22489 2134 3866 4365 17227 3 0 0 0 0 0 0 0 0 0 0 0 0 0 0 0 0 0 0 0 0 0 0 0 0 0 0 0 0 0 0 0 0 0 0 0 0 0 0 0 0 0 0 0 0 0 0 0 0 0 0 0 0 0 0 0 0 0 0 0 0 0 0 0 0 0 0 0 0 0 0 0 0 0 0 0 0 0 0 0 0 0 0 0 0 0 0 0 0 0 0 0 0 0 0 0 0 0 0 0 0 0 0 0 0 0
INFO:tensorflow:input_mask: 1 1 1 1 1 1 1 1 1 1 1 1 1 1 1 1 1 1 1 1 1 1 1 0 0 0 0 0 0 0 0 0 0 0 0 0 0 0 0 0 0 0 0 0 0 0 0 0 0 0 0 0 0 0 0 0 0 0 0 0 0 0 0 0 0 0 0 0 0 0 0 0 0 0 0 0 0 0 0 0 0 0 0 0 0 0 0 0 0 0 0 0 0 0 0 0 0 0 0 0 0 0 0 0 0 0 0 0 0 0 0 0 0 0 0 0 0 0 0 0 0 0 0 0 0 0 0 0
I1103 03:20:08.357835 47547705099328 create_pretraining_data.py:161] input_mask: 1 1 1 1 1 1 1 1 1 1 1 1 1 1 1 1 1 1 1 1 1 1 1 0 0 0 0 0 0 0 0 0 0 0 0 0 0 0 0 0 0 0 0 0 0 0 0 0 0 0 0 0 0 0 0 0 0 0 0 0 0 0 0 0 0 0 0 0 0 0 0 0 0 0 0 0 0 0 0 0 0 0 0 0 0 0 0 0 0 0 0 0 0 0 0 0 0 0 0 0 0 0 0 0 0 0 0 0 0 0 0 0 0 0 0 0 0 0 0 0 0 0 0 0 0 0 0 0
INFO:tensorflow:segment_ids: 0 0 0 0 0 0 0 0 0 1 1 1 1 1 1 1 1 1 1 1 1 1 1 0 0 0 0 0 0 0 0 0 0 0 0 0 0 0 0 0 0 0 0 0 0 0 0 0 0 0 0 0 0 0 0 0 0 0 0 0 0 0 0 0 0 0 0 0 0 0 0 0 0 0 0 0 0 0 0 0 0 0 0 0 0 0 0 0 0 0 0 0 0 0 0 0 0 0 0 0 0 0 0 0 0 0 0 0 0 0 0 0 0 0 0 0 0 0 0 0 0 0 0 0 0 0 0 0
I1103 03:20:08.357991 47547705099328 create_pretraining_data.py:161] segment_ids: 0 0 0 0 0 0 0 0 0 1 1 1 1 1 1 1 1 1 1 1 1 1 1 0 0 0 0 0 0 0 0 0 0 0 0 0 0 0 0 0 0 0 0 0 0 0 0 0 0 0 0 0 0 0 0 0 0 0 0 0 0 0 0 0 0 0 0 0 0 0 0 0 0 0 0 0 0 0 0 0 0 0 0 0 0 0 0 0 0 0 0 0 0 0 0 0 0 0 0 0 0 0 0 0 0 0 0 0 0 0 0 0 0 0 0 0 0 0 0 0 0 0 0 0 0 0 0 0
INFO:tensorflow:masked_lm_positions: 10 11 17 0 0 0 0 0 0 0 0 0 0 0 0 0 0 0 0 0
I1103 03:20:08.358113 47547705099328 create_pretraining_data.py:161] masked_lm_positions: 10 11 17 0 0 0 0 0 0 0 0 0 0 0 0 0 0 0 0 0
INFO:tensorflow:masked_lm_ids: 28956 1017 3425 0 0 0 0 0 0 0 0 0 0 0 0 0 0 0 0 0
I1103 03:20:08.358237 47547705099328 create_pretraining_data.py:161] masked_lm_ids: 28956 1017 3425 0 0 0 0 0 0 0 0 0 0 0 0 0 0 0 0 0
INFO:tensorflow:masked_lm_weights: 1.0 1.0 1.0 0.0 0.0 0.0 0.0 0.0 0.0 0.0 0.0 0.0 0.0 0.0 0.0 0.0 0.0 0.0 0.0 0.0
I1103 03:20:08.358358 47547705099328 create_pretraining_data.py:161] masked_lm_weights: 1.0 1.0 1.0 0.0 0.0 0.0 0.0 0.0 0.0 0.0 0.0 0.0 0.0 0.0 0.0 0.0 0.0 0.0 0.0 0.0
INFO:tensorflow:next_sentence_labels: 1
I1103 03:20:08.358469 47547705099328 create_pretraining_data.py:161] next_sentence_labels: 1
INFO:tensorflow:*** Example ***
I1103 03:20:08.358952 47547705099328 create_pretraining_data.py:149] *** Example ***
INFO:tensorflow:tokens: [CLS] ايقاف [MASK] عمر السومه جمهور الهلال الاجمل و [MASK] احبه ##م [SEP] سبحان الله وبحمده عدد خلقه [MASK] نفسه [MASK] [MASK] ومداد كلماته ثلاث مرات [MASK] و اعد تغريدها ليكتب لك باذن الله اجر كل من يقولها [SEP]
I1103 03:20:08.359100 47547705099328 create_pretraining_data.py:151] tokens: [CLS] ايقاف [MASK] عمر السومه جمهور الهلال الاجمل و [MASK] احبه ##م [SEP] سبحان الله وبحمده عدد خلقه [MASK] نفسه [MASK] [MASK] ومداد كلماته ثلاث مرات [MASK] و اعد تغريدها ليكتب لك باذن الله اجر كل من يقولها [SEP]
INFO:tensorflow:input_ids: 2 10703 4 2852 10071 4642 2675 13995 415 4 10032 1015 3 2575 1953 4276 2548 5987 4 3081 4 4 7517 7119 2917 4661 4 415 4583 12051 11620 2278 4292 1953 6413 2038 1908 10845 3 0 0 0 0 0 0 0 0 0 0 0 0 0 0 0 0 0 0 0 0 0 0 0 0 0 0 0 0 0 0 0 0 0 0 0 0 0 0 0 0 0 0 0 0 0 0 0 0 0 0 0 0 0 0 0 0 0 0 0 0 0 0 0 0 0 0 0 0 0 0 0 0 0 0 0 0 0 0 0 0 0 0 0 0 0 0 0 0 0
I1103 03:20:08.359302 47547705099328 create_pretraining_data.py:161] input_ids: 2 10703 4 2852 10071 4642 2675 13995 415 4 10032 1015 3 2575 1953 4276 2548 5987 4 3081 4 4 7517 7119 2917 4661 4 415 4583 12051 11620 2278 4292 1953 6413 2038 1908 10845 3 0 0 0 0 0 0 0 0 0 0 0 0 0 0 0 0 0 0 0 0 0 0 0 0 0 0 0 0 0 0 0 0 0 0 0 0 0 0 0 0 0 0 0 0 0 0 0 0 0 0 0 0 0 0 0 0 0 0 0 0 0 0 0 0 0 0 0 0 0 0 0 0 0 0 0 0 0 0 0 0 0 0 0 0 0 0 0 0 0
INFO:tensorflow:input_mask: 1 1 1 1 1 1 1 1 1 1 1 1 1 1 1 1 1 1 1 1 1 1 1 1 1 1 1 1 1 1 1 1 1 1 1 1 1 1 1 0 0 0 0 0 0 0 0 0 0 0 0 0 0 0 0 0 0 0 0 0 0 0 0 0 0 0 0 0 0 0 0 0 0 0 0 0 0 0 0 0 0 0 0 0 0 0 0 0 0 0 0 0 0 0 0 0 0 0 0 0 0 0 0 0 0 0 0 0 0 0 0 0 0 0 0 0 0 0 0 0 0 0 0 0 0 0 0 0
I1103 03:20:08.359467 47547705099328 create_pretraining_data.py:161] input_mask: 1 1 1 1 1 1 1 1 1 1 1 1 1 1 1 1 1 1 1 1 1 1 1 1 1 1 1 1 1 1 1 1 1 1 1 1 1 1 1 0 0 0 0 0 0 0 0 0 0 0 0 0 0 0 0 0 0 0 0 0 0 0 0 0 0 0 0 0 0 0 0 0 0 0 0 0 0 0 0 0 0 0 0 0 0 0 0 0 0 0 0 0 0 0 0 0 0 0 0 0 0 0 0 0 0 0 0 0 0 0 0 0 0 0 0 0 0 0 0 0 0 0 0 0 0 0 0 0
INFO:tensorflow:segment_ids: 0 0 0 0 0 0 0 0 0 0 0 0 0 1 1 1 1 1 1 1 1 1 1 1 1 1 1 1 1 1 1 1 1 1 1 1 1 1 1 0 0 0 0 0 0 0 0 0 0 0 0 0 0 0 0 0 0 0 0 0 0 0 0 0 0 0 0 0 0 0 0 0 0 0 0 0 0 0 0 0 0 0 0 0 0 0 0 0 0 0 0 0 0 0 0 0 0 0 0 0 0 0 0 0 0 0 0 0 0 0 0 0 0 0 0 0 0 0 0 0 0 0 0 0 0 0 0 0
I1103 03:20:08.359626 47547705099328 create_pretraining_data.py:161] segment_ids: 0 0 0 0 0 0 0 0 0 0 0 0 0 1 1 1 1 1 1 1 1 1 1 1 1 1 1 1 1 1 1 1 1 1 1 1 1 1 1 0 0 0 0 0 0 0 0 0 0 0 0 0 0 0 0 0 0 0 0 0 0 0 0 0 0 0 0 0 0 0 0 0 0 0 0 0 0 0 0 0 0 0 0 0 0 0 0 0 0 0 0 0 0 0 0 0 0 0 0 0 0 0 0 0 0 0 0 0 0 0 0 0 0 0 0 0 0 0 0 0 0 0 0 0 0 0 0 0
INFO:tensorflow:masked_lm_positions: 2 9 18 20 21 26 0 0 0 0 0 0 0 0 0 0 0 0 0 0
I1103 03:20:08.359746 47547705099328 create_pretraining_data.py:161] masked_lm_positions: 2 9 18 20 21 26 0 0 0 0 0 0 0 0 0 0 0 0 0 0
INFO:tensorflow:masked_lm_ids: 10071 2315 10041 7154 7198 10126 0 0 0 0 0 0 0 0 0 0 0 0 0 0
I1103 03:20:08.359865 47547705099328 create_pretraining_data.py:161] masked_lm_ids: 10071 2315 10041 7154 7198 10126 0 0 0 0 0 0 0 0 0 0 0 0 0 0
INFO:tensorflow:masked_lm_weights: 1.0 1.0 1.0 1.0 1.0 1.0 0.0 0.0 0.0 0.0 0.0 0.0 0.0 0.0 0.0 0.0 0.0 0.0 0.0 0.0
I1103 03:20:08.359986 47547705099328 create_pretraining_data.py:161] masked_lm_weights: 1.0 1.0 1.0 1.0 1.0 1.0 0.0 0.0 0.0 0.0 0.0 0.0 0.0 0.0 0.0 0.0 0.0 0.0 0.0 0.0
INFO:tensorflow:next_sentence_labels: 1
I1103 03:20:08.360096 47547705099328 create_pretraining_data.py:161] next_sentence_labels: 1
INFO:tensorflow:*** Example ***
I1103 03:20:08.360601 47547705099328 create_pretraining_data.py:149] *** Example ***
INFO:tensorflow:tokens: [CLS] ساك ##ون بجانب ##ه دائما حتي لو اختلف ##نا قليلا فلن اترك ##ه لتف ##اهات [MASK] ف حبي له اكثر من ذلك [MASK] [MASK] والليل [SEP] لك الحمد [MASK] علي [MASK] شيء [SEP]
I1103 03:20:08.360748 47547705099328 create_pretraining_data.py:151] tokens: [CLS] ساك ##ون بجانب ##ه دائما حتي لو اختلف ##نا قليلا فلن اترك ##ه لتف ##اهات [MASK] ف حبي له اكثر من ذلك [MASK] [MASK] والليل [SEP] لك الحمد [MASK] علي [MASK] شيء [SEP]
INFO:tensorflow:input_ids: 2 23599 1922 10850 1028 3357 2627 2244 14870 1914 7936 6715 11367 1028 16143 20886 4 408 3833 2154 2695 1908 2271 4 4 26830 3 2278 2807 4 1958 4 2621 3 0 0 0 0 0 0 0 0 0 0 0 0 0 0 0 0 0 0 0 0 0 0 0 0 0 0 0 0 0 0 0 0 0 0 0 0 0 0 0 0 0 0 0 0 0 0 0 0 0 0 0 0 0 0 0 0 0 0 0 0 0 0 0 0 0 0 0 0 0 0 0 0 0 0 0 0 0 0 0 0 0 0 0 0 0 0 0 0 0 0 0 0 0 0
I1103 03:20:08.360937 47547705099328 create_pretraining_data.py:161] input_ids: 2 23599 1922 10850 1028 3357 2627 2244 14870 1914 7936 6715 11367 1028 16143 20886 4 408 3833 2154 2695 1908 2271 4 4 26830 3 2278 2807 4 1958 4 2621 3 0 0 0 0 0 0 0 0 0 0 0 0 0 0 0 0 0 0 0 0 0 0 0 0 0 0 0 0 0 0 0 0 0 0 0 0 0 0 0 0 0 0 0 0 0 0 0 0 0 0 0 0 0 0 0 0 0 0 0 0 0 0 0 0 0 0 0 0 0 0 0 0 0 0 0 0 0 0 0 0 0 0 0 0 0 0 0 0 0 0 0 0 0 0
INFO:tensorflow:input_mask: 1 1 1 1 1 1 1 1 1 1 1 1 1 1 1 1 1 1 1 1 1 1 1 1 1 1 1 1 1 1 1 1 1 1 0 0 0 0 0 0 0 0 0 0 0 0 0 0 0 0 0 0 0 0 0 0 0 0 0 0 0 0 0 0 0 0 0 0 0 0 0 0 0 0 0 0 0 0 0 0 0 0 0 0 0 0 0 0 0 0 0 0 0 0 0 0 0 0 0 0 0 0 0 0 0 0 0 0 0 0 0 0 0 0 0 0 0 0 0 0 0 0 0 0 0 0 0 0
I1103 03:20:08.361106 47547705099328 create_pretraining_data.py:161] input_mask: 1 1 1 1 1 1 1 1 1 1 1 1 1 1 1 1 1 1 1 1 1 1 1 1 1 1 1 1 1 1 1 1 1 1 0 0 0 0 0 0 0 0 0 0 0 0 0 0 0 0 0 0 0 0 0 0 0 0 0 0 0 0 0 0 0 0 0 0 0 0 0 0 0 0 0 0 0 0 0 0 0 0 0 0 0 0 0 0 0 0 0 0 0 0 0 0 0 0 0 0 0 0 0 0 0 0 0 0 0 0 0 0 0 0 0 0 0 0 0 0 0 0 0 0 0 0 0 0
INFO:tensorflow:segment_ids: 0 0 0 0 0 0 0 0 0 0 0 0 0 0 0 0 0 0 0 0 0 0 0 0 0 0 0 1 1 1 1 1 1 1 0 0 0 0 0 0 0 0 0 0 0 0 0 0 0 0 0 0 0 0 0 0 0 0 0 0 0 0 0 0 0 0 0 0 0 0 0 0 0 0 0 0 0 0 0 0 0 0 0 0 0 0 0 0 0 0 0 0 0 0 0 0 0 0 0 0 0 0 0 0 0 0 0 0 0 0 0 0 0 0 0 0 0 0 0 0 0 0 0 0 0 0 0 0
I1103 03:20:08.361271 47547705099328 create_pretraining_data.py:161] segment_ids: 0 0 0 0 0 0 0 0 0 0 0 0 0 0 0 0 0 0 0 0 0 0 0 0 0 0 0 1 1 1 1 1 1 1 0 0 0 0 0 0 0 0 0 0 0 0 0 0 0 0 0 0 0 0 0 0 0 0 0 0 0 0 0 0 0 0 0 0 0 0 0 0 0 0 0 0 0 0 0 0 0 0 0 0 0 0 0 0 0 0 0 0 0 0 0 0 0 0 0 0 0 0 0 0 0 0 0 0 0 0 0 0 0 0 0 0 0 0 0 0 0 0 0 0 0 0 0 0
INFO:tensorflow:masked_lm_positions: 16 23 24 29 31 0 0 0 0 0 0 0 0 0 0 0 0 0 0 0
I1103 03:20:08.361392 47547705099328 create_pretraining_data.py:161] masked_lm_positions: 16 23 24 29 31 0 0 0 0 0 0 0 0 0 0 0 0 0 0 0
INFO:tensorflow:masked_lm_ids: 3014 24717 1013 2949 2038 0 0 0 0 0 0 0 0 0 0 0 0 0 0 0
I1103 03:20:08.361509 47547705099328 create_pretraining_data.py:161] masked_lm_ids: 3014 24717 1013 2949 2038 0 0 0 0 0 0 0 0 0 0 0 0 0 0 0
INFO:tensorflow:masked_lm_weights: 1.0 1.0 1.0 1.0 1.0 0.0 0.0 0.0 0.0 0.0 0.0 0.0 0.0 0.0 0.0 0.0 0.0 0.0 0.0 0.0
I1103 03:20:08.361629 47547705099328 create_pretraining_data.py:161] masked_lm_weights: 1.0 1.0 1.0 1.0 1.0 0.0 0.0 0.0 0.0 0.0 0.0 0.0 0.0 0.0 0.0 0.0 0.0 0.0 0.0 0.0
INFO:tensorflow:next_sentence_labels: 1
I1103 03:20:08.361737 47547705099328 create_pretraining_data.py:161] next_sentence_labels: 1
INFO:tensorflow:*** Example ***
I1103 03:20:08.362231 47547705099328 create_pretraining_data.py:149] *** Example ***
INFO:tensorflow:tokens: [CLS] استغفرالله العظيم واتوب [MASK] [SEP] لان [MASK] [MASK] الله هو شاء ان يحب قلبي قلبك [SEP]
I1103 03:20:08.362373 47547705099328 create_pretraining_data.py:151] tokens: [CLS] استغفرالله العظيم واتوب [MASK] [SEP] لان [MASK] [MASK] الله هو شاء ان يحب قلبي قلبك [SEP]
INFO:tensorflow:input_ids: 2 5045 3049 3915 4 3 2551 4 4 1953 2139 4217 1939 3866 3018 3966 3 0 0 0 0 0 0 0 0 0 0 0 0 0 0 0 0 0 0 0 0 0 0 0 0 0 0 0 0 0 0 0 0 0 0 0 0 0 0 0 0 0 0 0 0 0 0 0 0 0 0 0 0 0 0 0 0 0 0 0 0 0 0 0 0 0 0 0 0 0 0 0 0 0 0 0 0 0 0 0 0 0 0 0 0 0 0 0 0 0 0 0 0 0 0 0 0 0 0 0 0 0 0 0 0 0 0 0 0 0 0 0
I1103 03:20:08.362543 47547705099328 create_pretraining_data.py:161] input_ids: 2 5045 3049 3915 4 3 2551 4 4 1953 2139 4217 1939 3866 3018 3966 3 0 0 0 0 0 0 0 0 0 0 0 0 0 0 0 0 0 0 0 0 0 0 0 0 0 0 0 0 0 0 0 0 0 0 0 0 0 0 0 0 0 0 0 0 0 0 0 0 0 0 0 0 0 0 0 0 0 0 0 0 0 0 0 0 0 0 0 0 0 0 0 0 0 0 0 0 0 0 0 0 0 0 0 0 0 0 0 0 0 0 0 0 0 0 0 0 0 0 0 0 0 0 0 0 0 0 0 0 0 0 0
INFO:tensorflow:input_mask: 1 1 1 1 1 1 1 1 1 1 1 1 1 1 1 1 1 0 0 0 0 0 0 0 0 0 0 0 0 0 0 0 0 0 0 0 0 0 0 0 0 0 0 0 0 0 0 0 0 0 0 0 0 0 0 0 0 0 0 0 0 0 0 0 0 0 0 0 0 0 0 0 0 0 0 0 0 0 0 0 0 0 0 0 0 0 0 0 0 0 0 0 0 0 0 0 0 0 0 0 0 0 0 0 0 0 0 0 0 0 0 0 0 0 0 0 0 0 0 0 0 0 0 0 0 0 0 0
I1103 03:20:08.362723 47547705099328 create_pretraining_data.py:161] input_mask: 1 1 1 1 1 1 1 1 1 1 1 1 1 1 1 1 1 0 0 0 0 0 0 0 0 0 0 0 0 0 0 0 0 0 0 0 0 0 0 0 0 0 0 0 0 0 0 0 0 0 0 0 0 0 0 0 0 0 0 0 0 0 0 0 0 0 0 0 0 0 0 0 0 0 0 0 0 0 0 0 0 0 0 0 0 0 0 0 0 0 0 0 0 0 0 0 0 0 0 0 0 0 0 0 0 0 0 0 0 0 0 0 0 0 0 0 0 0 0 0 0 0 0 0 0 0 0 0
INFO:tensorflow:segment_ids: 0 0 0 0 0 0 1 1 1 1 1 1 1 1 1 1 1 0 0 0 0 0 0 0 0 0 0 0 0 0 0 0 0 0 0 0 0 0 0 0 0 0 0 0 0 0 0 0 0 0 0 0 0 0 0 0 0 0 0 0 0 0 0 0 0 0 0 0 0 0 0 0 0 0 0 0 0 0 0 0 0 0 0 0 0 0 0 0 0 0 0 0 0 0 0 0 0 0 0 0 0 0 0 0 0 0 0 0 0 0 0 0 0 0 0 0 0 0 0 0 0 0 0 0 0 0 0 0
I1103 03:20:08.362885 47547705099328 create_pretraining_data.py:161] segment_ids: 0 0 0 0 0 0 1 1 1 1 1 1 1 1 1 1 1 0 0 0 0 0 0 0 0 0 0 0 0 0 0 0 0 0 0 0 0 0 0 0 0 0 0 0 0 0 0 0 0 0 0 0 0 0 0 0 0 0 0 0 0 0 0 0 0 0 0 0 0 0 0 0 0 0 0 0 0 0 0 0 0 0 0 0 0 0 0 0 0 0 0 0 0 0 0 0 0 0 0 0 0 0 0 0 0 0 0 0 0 0 0 0 0 0 0 0 0 0 0 0 0 0 0 0 0 0 0 0
INFO:tensorflow:masked_lm_positions: 4 7 8 0 0 0 0 0 0 0 0 0 0 0 0 0 0 0 0 0
I1103 03:20:08.363007 47547705099328 create_pretraining_data.py:161] masked_lm_positions: 4 7 8 0 0 0 0 0 0 0 0 0 0 0 0 0 0 0 0 0
INFO:tensorflow:masked_lm_ids: 3055 4408 6258 0 0 0 0 0 0 0 0 0 0 0 0 0 0 0 0 0
I1103 03:20:08.363123 47547705099328 create_pretraining_data.py:161] masked_lm_ids: 3055 4408 6258 0 0 0 0 0 0 0 0 0 0 0 0 0 0 0 0 0
INFO:tensorflow:masked_lm_weights: 1.0 1.0 1.0 0.0 0.0 0.0 0.0 0.0 0.0 0.0 0.0 0.0 0.0 0.0 0.0 0.0 0.0 0.0 0.0 0.0
I1103 03:20:08.363251 47547705099328 create_pretraining_data.py:161] masked_lm_weights: 1.0 1.0 1.0 0.0 0.0 0.0 0.0 0.0 0.0 0.0 0.0 0.0 0.0 0.0 0.0 0.0 0.0 0.0 0.0 0.0
INFO:tensorflow:next_sentence_labels: 1
I1103 03:20:08.363362 47547705099328 create_pretraining_data.py:161] next_sentence_labels: 1
INFO:tensorflow:*** Example ***
I1103 03:20:08.363857 47547705099328 create_pretraining_data.py:149] *** Example ***
INFO:tensorflow:tokens: [CLS] نبارك لرئيس الدوله ولح ##كام [MASK] واول ##ياء الع ##هود ول ##شع ##بنا الوفي الذكري ا ##ل لقي ##ام اتحاد ##نا وبد ##ء [MASK] [MASK] وت ##وحد قلوبنا وبناء [MASK] ##نا [SEP] بخصوص سوز ##ي الجزء [MASK] من التعليقات [SEP]
I1103 03:20:08.364007 47547705099328 create_pretraining_data.py:151] tokens: [CLS] نبارك لرئيس الدوله ولح ##كام [MASK] واول ##ياء الع ##هود ول ##شع ##بنا الوفي الذكري ا ##ل لقي ##ام اتحاد ##نا وبد ##ء [MASK] [MASK] وت ##وحد قلوبنا وبناء [MASK] ##نا [SEP] بخصوص سوز ##ي الجزء [MASK] من التعليقات [SEP]
INFO:tensorflow:input_ids: 2 25631 11458 6118 12751 5552 4 20485 2465 1924 16867 3945 8474 24754 27957 8407 387 1010 7917 1921 5984 1914 6726 1053 4 4 2001 17697 5034 11805 4 1914 3 8653 18742 1013 6406 4 1908 7838 3 0 0 0 0 0 0 0 0 0 0 0 0 0 0 0 0 0 0 0 0 0 0 0 0 0 0 0 0 0 0 0 0 0 0 0 0 0 0 0 0 0 0 0 0 0 0 0 0 0 0 0 0 0 0 0 0 0 0 0 0 0 0 0 0 0 0 0 0 0 0 0 0 0 0 0 0 0 0 0 0 0 0 0 0 0 0 0
I1103 03:20:08.364184 47547705099328 create_pretraining_data.py:161] input_ids: 2 25631 11458 6118 12751 5552 4 20485 2465 1924 16867 3945 8474 24754 27957 8407 387 1010 7917 1921 5984 1914 6726 1053 4 4 2001 17697 5034 11805 4 1914 3 8653 18742 1013 6406 4 1908 7838 3 0 0 0 0 0 0 0 0 0 0 0 0 0 0 0 0 0 0 0 0 0 0 0 0 0 0 0 0 0 0 0 0 0 0 0 0 0 0 0 0 0 0 0 0 0 0 0 0 0 0 0 0 0 0 0 0 0 0 0 0 0 0 0 0 0 0 0 0 0 0 0 0 0 0 0 0 0 0 0 0 0 0 0 0 0 0 0
INFO:tensorflow:input_mask: 1 1 1 1 1 1 1 1 1 1 1 1 1 1 1 1 1 1 1 1 1 1 1 1 1 1 1 1 1 1 1 1 1 1 1 1 1 1 1 1 1 0 0 0 0 0 0 0 0 0 0 0 0 0 0 0 0 0 0 0 0 0 0 0 0 0 0 0 0 0 0 0 0 0 0 0 0 0 0 0 0 0 0 0 0 0 0 0 0 0 0 0 0 0 0 0 0 0 0 0 0 0 0 0 0 0 0 0 0 0 0 0 0 0 0 0 0 0 0 0 0 0 0 0 0 0 0 0
I1103 03:20:08.364348 47547705099328 create_pretraining_data.py:161] input_mask: 1 1 1 1 1 1 1 1 1 1 1 1 1 1 1 1 1 1 1 1 1 1 1 1 1 1 1 1 1 1 1 1 1 1 1 1 1 1 1 1 1 0 0 0 0 0 0 0 0 0 0 0 0 0 0 0 0 0 0 0 0 0 0 0 0 0 0 0 0 0 0 0 0 0 0 0 0 0 0 0 0 0 0 0 0 0 0 0 0 0 0 0 0 0 0 0 0 0 0 0 0 0 0 0 0 0 0 0 0 0 0 0 0 0 0 0 0 0 0 0 0 0 0 0 0 0 0 0
INFO:tensorflow:segment_ids: 0 0 0 0 0 0 0 0 0 0 0 0 0 0 0 0 0 0 0 0 0 0 0 0 0 0 0 0 0 0 0 0 0 1 1 1 1 1 1 1 1 0 0 0 0 0 0 0 0 0 0 0 0 0 0 0 0 0 0 0 0 0 0 0 0 0 0 0 0 0 0 0 0 0 0 0 0 0 0 0 0 0 0 0 0 0 0 0 0 0 0 0 0 0 0 0 0 0 0 0 0 0 0 0 0 0 0 0 0 0 0 0 0 0 0 0 0 0 0 0 0 0 0 0 0 0 0 0
I1103 03:20:08.364524 47547705099328 create_pretraining_data.py:161] segment_ids: 0 0 0 0 0 0 0 0 0 0 0 0 0 0 0 0 0 0 0 0 0 0 0 0 0 0 0 0 0 0 0 0 0 1 1 1 1 1 1 1 1 0 0 0 0 0 0 0 0 0 0 0 0 0 0 0 0 0 0 0 0 0 0 0 0 0 0 0 0 0 0 0 0 0 0 0 0 0 0 0 0 0 0 0 0 0 0 0 0 0 0 0 0 0 0 0 0 0 0 0 0 0 0 0 0 0 0 0 0 0 0 0 0 0 0 0 0 0 0 0 0 0 0 0 0 0 0 0
INFO:tensorflow:masked_lm_positions: 6 24 25 30 31 37 0 0 0 0 0 0 0 0 0 0 0 0 0 0
I1103 03:20:08.364646 47547705099328 create_pretraining_data.py:161] masked_lm_positions: 6 24 25 30 31 37 0 0 0 0 0 0 0 0 0 0 0 0 0 0
INFO:tensorflow:masked_lm_ids: 4285 12208 3359 18511 1914 9849 0 0 0 0 0 0 0 0 0 0 0 0 0 0
I1103 03:20:08.364766 47547705099328 create_pretraining_data.py:161] masked_lm_ids: 4285 12208 3359 18511 1914 9849 0 0 0 0 0 0 0 0 0 0 0 0 0 0
INFO:tensorflow:masked_lm_weights: 1.0 1.0 1.0 1.0 1.0 1.0 0.0 0.0 0.0 0.0 0.0 0.0 0.0 0.0 0.0 0.0 0.0 0.0 0.0 0.0
I1103 03:20:08.364885 47547705099328 create_pretraining_data.py:161] masked_lm_weights: 1.0 1.0 1.0 1.0 1.0 1.0 0.0 0.0 0.0 0.0 0.0 0.0 0.0 0.0 0.0 0.0 0.0 0.0 0.0 0.0
INFO:tensorflow:next_sentence_labels: 1
I1103 03:20:08.364995 47547705099328 create_pretraining_data.py:161] next_sentence_labels: 1
INFO:tensorflow:*** Example ***
I1103 03:20:08.365490 47547705099328 create_pretraining_data.py:149] *** Example ***
INFO:tensorflow:tokens: [CLS] بالضبط [SEP] ترتيب التصنيف الجديد ل [MASK] الاسي ##وي 1 غو ##انز ##و [MASK] الهلال 3 [MASK] السعودي 4 [MASK] [MASK] الكوري 5 كاش ##ي ##وا 6 لخ ##ويا 7 جي ##ون ##بك 8 العين [SEP]
I1103 03:20:08.365638 47547705099328 create_pretraining_data.py:151] tokens: [CLS] بالضبط [SEP] ترتيب التصنيف الجديد ل [MASK] الاسي ##وي 1 غو ##انز ##و [MASK] الهلال 3 [MASK] السعودي 4 [MASK] [MASK] الكوري 5 كاش ##ي ##وا 6 لخ ##ويا 7 جي ##ون ##بك 8 العين [SEP]
INFO:tensorflow:input_ids: 2 13957 3 7796 15960 3421 411 4 23050 1971 21 21919 11450 1012 4 2675 23 4 3428 24 4 4 16224 25 14472 1013 1928 26 4872 4293 27 4885 1922 2309 28 2273 3 0 0 0 0 0 0 0 0 0 0 0 0 0 0 0 0 0 0 0 0 0 0 0 0 0 0 0 0 0 0 0 0 0 0 0 0 0 0 0 0 0 0 0 0 0 0 0 0 0 0 0 0 0 0 0 0 0 0 0 0 0 0 0 0 0 0 0 0 0 0 0 0 0 0 0 0 0 0 0 0 0 0 0 0 0 0 0 0 0 0 0
I1103 03:20:08.365812 47547705099328 create_pretraining_data.py:161] input_ids: 2 13957 3 7796 15960 3421 411 4 23050 1971 21 21919 11450 1012 4 2675 23 4 3428 24 4 4 16224 25 14472 1013 1928 26 4872 4293 27 4885 1922 2309 28 2273 3 0 0 0 0 0 0 0 0 0 0 0 0 0 0 0 0 0 0 0 0 0 0 0 0 0 0 0 0 0 0 0 0 0 0 0 0 0 0 0 0 0 0 0 0 0 0 0 0 0 0 0 0 0 0 0 0 0 0 0 0 0 0 0 0 0 0 0 0 0 0 0 0 0 0 0 0 0 0 0 0 0 0 0 0 0 0 0 0 0 0 0
INFO:tensorflow:input_mask: 1 1 1 1 1 1 1 1 1 1 1 1 1 1 1 1 1 1 1 1 1 1 1 1 1 1 1 1 1 1 1 1 1 1 1 1 1 0 0 0 0 0 0 0 0 0 0 0 0 0 0 0 0 0 0 0 0 0 0 0 0 0 0 0 0 0 0 0 0 0 0 0 0 0 0 0 0 0 0 0 0 0 0 0 0 0 0 0 0 0 0 0 0 0 0 0 0 0 0 0 0 0 0 0 0 0 0 0 0 0 0 0 0 0 0 0 0 0 0 0 0 0 0 0 0 0 0 0
I1103 03:20:08.365975 47547705099328 create_pretraining_data.py:161] input_mask: 1 1 1 1 1 1 1 1 1 1 1 1 1 1 1 1 1 1 1 1 1 1 1 1 1 1 1 1 1 1 1 1 1 1 1 1 1 0 0 0 0 0 0 0 0 0 0 0 0 0 0 0 0 0 0 0 0 0 0 0 0 0 0 0 0 0 0 0 0 0 0 0 0 0 0 0 0 0 0 0 0 0 0 0 0 0 0 0 0 0 0 0 0 0 0 0 0 0 0 0 0 0 0 0 0 0 0 0 0 0 0 0 0 0 0 0 0 0 0 0 0 0 0 0 0 0 0 0
INFO:tensorflow:segment_ids: 0 0 0 1 1 1 1 1 1 1 1 1 1 1 1 1 1 1 1 1 1 1 1 1 1 1 1 1 1 1 1 1 1 1 1 1 1 0 0 0 0 0 0 0 0 0 0 0 0 0 0 0 0 0 0 0 0 0 0 0 0 0 0 0 0 0 0 0 0 0 0 0 0 0 0 0 0 0 0 0 0 0 0 0 0 0 0 0 0 0 0 0 0 0 0 0 0 0 0 0 0 0 0 0 0 0 0 0 0 0 0 0 0 0 0 0 0 0 0 0 0 0 0 0 0 0 0 0
I1103 03:20:08.366134 47547705099328 create_pretraining_data.py:161] segment_ids: 0 0 0 1 1 1 1 1 1 1 1 1 1 1 1 1 1 1 1 1 1 1 1 1 1 1 1 1 1 1 1 1 1 1 1 1 1 0 0 0 0 0 0 0 0 0 0 0 0 0 0 0 0 0 0 0 0 0 0 0 0 0 0 0 0 0 0 0 0 0 0 0 0 0 0 0 0 0 0 0 0 0 0 0 0 0 0 0 0 0 0 0 0 0 0 0 0 0 0 0 0 0 0 0 0 0 0 0 0 0 0 0 0 0 0 0 0 0 0 0 0 0 0 0 0 0 0 0
INFO:tensorflow:masked_lm_positions: 5 7 14 17 20 21 0 0 0 0 0 0 0 0 0 0 0 0 0 0
I1103 03:20:08.366283 47547705099328 create_pretraining_data.py:161] masked_lm_positions: 5 7 14 17 20 21 0 0 0 0 0 0 0 0 0 0 0 0 0 0
INFO:tensorflow:masked_lm_ids: 3421 2816 22 3105 20361 1940 0 0 0 0 0 0 0 0 0 0 0 0 0 0
I1103 03:20:08.366402 47547705099328 create_pretraining_data.py:161] masked_lm_ids: 3421 2816 22 3105 20361 1940 0 0 0 0 0 0 0 0 0 0 0 0 0 0
INFO:tensorflow:masked_lm_weights: 1.0 1.0 1.0 1.0 1.0 1.0 0.0 0.0 0.0 0.0 0.0 0.0 0.0 0.0 0.0 0.0 0.0 0.0 0.0 0.0
I1103 03:20:08.366524 47547705099328 create_pretraining_data.py:161] masked_lm_weights: 1.0 1.0 1.0 1.0 1.0 1.0 0.0 0.0 0.0 0.0 0.0 0.0 0.0 0.0 0.0 0.0 0.0 0.0 0.0 0.0
INFO:tensorflow:next_sentence_labels: 1
I1103 03:20:08.366635 47547705099328 create_pretraining_data.py:161] next_sentence_labels: 1
INFO:tensorflow:*** Example ***
I1103 03:20:08.367128 47547705099328 create_pretraining_data.py:149] *** Example ***
INFO:tensorflow:tokens: [CLS] مستحيل [MASK] [MASK] كتبها ##لك تروح لغيرك اط ##من ومت ##حس ##د ##ش حد ومت [MASK] [MASK] [MASK] علي حد [MASK] [MASK] بقلب ابيض و نيه صافي ##ه [MASK] كن مع الله [MASK] الله معك [SEP] نح ##ير في تو ##عنا يه ##جم ##و قبل مايت ##حق ##و كيف ##اش من اول يغني لع ##قيل وبلاد ##ي هي للجز ##ائر وطلب تي ##شرت بلع ##لم وكل [SEP]
I1103 03:20:08.367294 47547705099328 create_pretraining_data.py:151] tokens: [CLS] مستحيل [MASK] [MASK] كتبها ##لك تروح لغيرك اط ##من ومت ##حس ##د ##ش حد ومت [MASK] [MASK] [MASK] علي حد [MASK] [MASK] بقلب ابيض و نيه صافي ##ه [MASK] كن مع الله [MASK] الله معك [SEP] نح ##ير في تو ##عنا يه ##جم ##و قبل مايت ##حق ##و كيف ##اش من اول يغني لع ##قيل وبلاد ##ي هي للجز ##ائر وطلب تي ##شرت بلع ##لم وكل [SEP]
INFO:tensorflow:input_ids: 2 9501 4 4 23655 1934 12908 13406 2959 1986 4730 18759 1016 1034 2470 4730 4 4 4 1958 2470 4 4 13910 10795 415 17471 15110 1028 4 3181 1973 1953 4 1953 4549 3 3000 1916 1912 2467 25023 3873 2629 1012 2289 16361 2927 1012 2746 2408 1908 3085 16309 2941 4792 27048 1013 2247 21054 2650 8187 5103 9833 19079 1902 3453 3 0 0 0 0 0 0 0 0 0 0 0 0 0 0 0 0 0 0 0 0 0 0 0 0 0 0 0 0 0 0 0 0 0 0 0 0 0 0 0 0 0 0 0 0 0 0 0 0 0 0 0 0 0 0 0 0 0 0 0 0
I1103 03:20:08.367471 47547705099328 create_pretraining_data.py:161] input_ids: 2 9501 4 4 23655 1934 12908 13406 2959 1986 4730 18759 1016 1034 2470 4730 4 4 4 1958 2470 4 4 13910 10795 415 17471 15110 1028 4 3181 1973 1953 4 1953 4549 3 3000 1916 1912 2467 25023 3873 2629 1012 2289 16361 2927 1012 2746 2408 1908 3085 16309 2941 4792 27048 1013 2247 21054 2650 8187 5103 9833 19079 1902 3453 3 0 0 0 0 0 0 0 0 0 0 0 0 0 0 0 0 0 0 0 0 0 0 0 0 0 0 0 0 0 0 0 0 0 0 0 0 0 0 0 0 0 0 0 0 0 0 0 0 0 0 0 0 0 0 0 0 0 0 0 0
INFO:tensorflow:input_mask: 1 1 1 1 1 1 1 1 1 1 1 1 1 1 1 1 1 1 1 1 1 1 1 1 1 1 1 1 1 1 1 1 1 1 1 1 1 1 1 1 1 1 1 1 1 1 1 1 1 1 1 1 1 1 1 1 1 1 1 1 1 1 1 1 1 1 1 1 0 0 0 0 0 0 0 0 0 0 0 0 0 0 0 0 0 0 0 0 0 0 0 0 0 0 0 0 0 0 0 0 0 0 0 0 0 0 0 0 0 0 0 0 0 0 0 0 0 0 0 0 0 0 0 0 0 0 0 0
I1103 03:20:08.367637 47547705099328 create_pretraining_data.py:161] input_mask: 1 1 1 1 1 1 1 1 1 1 1 1 1 1 1 1 1 1 1 1 1 1 1 1 1 1 1 1 1 1 1 1 1 1 1 1 1 1 1 1 1 1 1 1 1 1 1 1 1 1 1 1 1 1 1 1 1 1 1 1 1 1 1 1 1 1 1 1 0 0 0 0 0 0 0 0 0 0 0 0 0 0 0 0 0 0 0 0 0 0 0 0 0 0 0 0 0 0 0 0 0 0 0 0 0 0 0 0 0 0 0 0 0 0 0 0 0 0 0 0 0 0 0 0 0 0 0 0
INFO:tensorflow:segment_ids: 0 0 0 0 0 0 0 0 0 0 0 0 0 0 0 0 0 0 0 0 0 0 0 0 0 0 0 0 0 0 0 0 0 0 0 0 0 1 1 1 1 1 1 1 1 1 1 1 1 1 1 1 1 1 1 1 1 1 1 1 1 1 1 1 1 1 1 1 0 0 0 0 0 0 0 0 0 0 0 0 0 0 0 0 0 0 0 0 0 0 0 0 0 0 0 0 0 0 0 0 0 0 0 0 0 0 0 0 0 0 0 0 0 0 0 0 0 0 0 0 0 0 0 0 0 0 0 0
I1103 03:20:08.367812 47547705099328 create_pretraining_data.py:161] segment_ids: 0 0 0 0 0 0 0 0 0 0 0 0 0 0 0 0 0 0 0 0 0 0 0 0 0 0 0 0 0 0 0 0 0 0 0 0 0 1 1 1 1 1 1 1 1 1 1 1 1 1 1 1 1 1 1 1 1 1 1 1 1 1 1 1 1 1 1 1 0 0 0 0 0 0 0 0 0 0 0 0 0 0 0 0 0 0 0 0 0 0 0 0 0 0 0 0 0 0 0 0 0 0 0 0 0 0 0 0 0 0 0 0 0 0 0 0 0 0 0 0 0 0 0 0 0 0 0 0
INFO:tensorflow:masked_lm_positions: 2 3 15 16 17 18 21 22 29 33 0 0 0 0 0 0 0 0 0 0
I1103 03:20:08.367938 47547705099328 create_pretraining_data.py:161] masked_lm_positions: 2 3 15 16 17 18 21 22 29 33 0 0 0 0 0 0 0 0 0 0
INFO:tensorflow:masked_lm_ids: 3909 4477 4730 2927 1016 1034 415 7579 415 3812 0 0 0 0 0 0 0 0 0 0
I1103 03:20:08.368058 47547705099328 create_pretraining_data.py:161] masked_lm_ids: 3909 4477 4730 2927 1016 1034 415 7579 415 3812 0 0 0 0 0 0 0 0 0 0
INFO:tensorflow:masked_lm_weights: 1.0 1.0 1.0 1.0 1.0 1.0 1.0 1.0 1.0 1.0 0.0 0.0 0.0 0.0 0.0 0.0 0.0 0.0 0.0 0.0
I1103 03:20:08.368184 47547705099328 create_pretraining_data.py:161] masked_lm_weights: 1.0 1.0 1.0 1.0 1.0 1.0 1.0 1.0 1.0 1.0 0.0 0.0 0.0 0.0 0.0 0.0 0.0 0.0 0.0 0.0
INFO:tensorflow:next_sentence_labels: 1
I1103 03:20:08.368297 47547705099328 create_pretraining_data.py:161] next_sentence_labels: 1
INFO:tensorflow:*** Example ***
I1103 03:20:08.368785 47547705099328 create_pretraining_data.py:149] *** Example ***
INFO:tensorflow:tokens: [CLS] حسي ##سين ##ي اني حاجه تخاف ##ي تخسر ##يها وانا احس ##سك [MASK] حاجه [MASK] هت ##ت ##عوض [SEP] بالضبط [SEP]
I1103 03:20:08.368926 47547705099328 create_pretraining_data.py:151] tokens: [CLS] حسي ##سين ##ي اني حاجه تخاف ##ي تخسر ##يها وانا احس ##سك [MASK] حاجه [MASK] هت ##ت ##عوض [SEP] بالضبط [SEP]
INFO:tensorflow:input_ids: 2 27995 2998 1013 2694 3909 14014 1013 13544 18151 3257 6356 3617 4 3909 4 5107 1005 9766 3 13957 3 0 0 0 0 0 0 0 0 0 0 0 0 0 0 0 0 0 0 0 0 0 0 0 0 0 0 0 0 0 0 0 0 0 0 0 0 0 0 0 0 0 0 0 0 0 0 0 0 0 0 0 0 0 0 0 0 0 0 0 0 0 0 0 0 0 0 0 0 0 0 0 0 0 0 0 0 0 0 0 0 0 0 0 0 0 0 0 0 0 0 0 0 0 0 0 0 0 0 0 0 0 0 0 0 0 0
I1103 03:20:08.369094 47547705099328 create_pretraining_data.py:161] input_ids: 2 27995 2998 1013 2694 3909 14014 1013 13544 18151 3257 6356 3617 4 3909 4 5107 1005 9766 3 13957 3 0 0 0 0 0 0 0 0 0 0 0 0 0 0 0 0 0 0 0 0 0 0 0 0 0 0 0 0 0 0 0 0 0 0 0 0 0 0 0 0 0 0 0 0 0 0 0 0 0 0 0 0 0 0 0 0 0 0 0 0 0 0 0 0 0 0 0 0 0 0 0 0 0 0 0 0 0 0 0 0 0 0 0 0 0 0 0 0 0 0 0 0 0 0 0 0 0 0 0 0 0 0 0 0 0 0
INFO:tensorflow:input_mask: 1 1 1 1 1 1 1 1 1 1 1 1 1 1 1 1 1 1 1 1 1 1 0 0 0 0 0 0 0 0 0 0 0 0 0 0 0 0 0 0 0 0 0 0 0 0 0 0 0 0 0 0 0 0 0 0 0 0 0 0 0 0 0 0 0 0 0 0 0 0 0 0 0 0 0 0 0 0 0 0 0 0 0 0 0 0 0 0 0 0 0 0 0 0 0 0 0 0 0 0 0 0 0 0 0 0 0 0 0 0 0 0 0 0 0 0 0 0 0 0 0 0 0 0 0 0 0 0
I1103 03:20:08.369270 47547705099328 create_pretraining_data.py:161] input_mask: 1 1 1 1 1 1 1 1 1 1 1 1 1 1 1 1 1 1 1 1 1 1 0 0 0 0 0 0 0 0 0 0 0 0 0 0 0 0 0 0 0 0 0 0 0 0 0 0 0 0 0 0 0 0 0 0 0 0 0 0 0 0 0 0 0 0 0 0 0 0 0 0 0 0 0 0 0 0 0 0 0 0 0 0 0 0 0 0 0 0 0 0 0 0 0 0 0 0 0 0 0 0 0 0 0 0 0 0 0 0 0 0 0 0 0 0 0 0 0 0 0 0 0 0 0 0 0 0
INFO:tensorflow:segment_ids: 0 0 0 0 0 0 0 0 0 0 0 0 0 0 0 0 0 0 0 0 1 1 0 0 0 0 0 0 0 0 0 0 0 0 0 0 0 0 0 0 0 0 0 0 0 0 0 0 0 0 0 0 0 0 0 0 0 0 0 0 0 0 0 0 0 0 0 0 0 0 0 0 0 0 0 0 0 0 0 0 0 0 0 0 0 0 0 0 0 0 0 0 0 0 0 0 0 0 0 0 0 0 0 0 0 0 0 0 0 0 0 0 0 0 0 0 0 0 0 0 0 0 0 0 0 0 0 0
I1103 03:20:08.369430 47547705099328 create_pretraining_data.py:161] segment_ids: 0 0 0 0 0 0 0 0 0 0 0 0 0 0 0 0 0 0 0 0 1 1 0 0 0 0 0 0 0 0 0 0 0 0 0 0 0 0 0 0 0 0 0 0 0 0 0 0 0 0 0 0 0 0 0 0 0 0 0 0 0 0 0 0 0 0 0 0 0 0 0 0 0 0 0 0 0 0 0 0 0 0 0 0 0 0 0 0 0 0 0 0 0 0 0 0 0 0 0 0 0 0 0 0 0 0 0 0 0 0 0 0 0 0 0 0 0 0 0 0 0 0 0 0 0 0 0 0
INFO:tensorflow:masked_lm_positions: 13 14 15 0 0 0 0 0 0 0 0 0 0 0 0 0 0 0 0 0
I1103 03:20:08.369552 47547705099328 create_pretraining_data.py:161] masked_lm_positions: 13 14 15 0 0 0 0 0 0 0 0 0 0 0 0 0 0 0 0 0
INFO:tensorflow:masked_lm_ids: 2963 3909 2096 0 0 0 0 0 0 0 0 0 0 0 0 0 0 0 0 0
I1103 03:20:08.369688 47547705099328 create_pretraining_data.py:161] masked_lm_ids: 2963 3909 2096 0 0 0 0 0 0 0 0 0 0 0 0 0 0 0 0 0
INFO:tensorflow:masked_lm_weights: 1.0 1.0 1.0 0.0 0.0 0.0 0.0 0.0 0.0 0.0 0.0 0.0 0.0 0.0 0.0 0.0 0.0 0.0 0.0 0.0
I1103 03:20:08.369809 47547705099328 create_pretraining_data.py:161] masked_lm_weights: 1.0 1.0 1.0 0.0 0.0 0.0 0.0 0.0 0.0 0.0 0.0 0.0 0.0 0.0 0.0 0.0 0.0 0.0 0.0 0.0
INFO:tensorflow:next_sentence_labels: 1
I1103 03:20:08.369920 47547705099328 create_pretraining_data.py:161] next_sentence_labels: 1
INFO:tensorflow:*** Example ***
I1103 03:20:08.370427 47547705099328 create_pretraining_data.py:149] *** Example ***
INFO:tensorflow:tokens: [CLS] لن ننسي بط ##شه ##م في نجد خاصه الدرع ##يه ولن ينسي [MASK] الخا ##زوق العثماني [SEP] [MASK] اجعلنا اسعد خلقك بك واق ##رب عبادك اليك اللهم اغفر لنا ما مضي [MASK] لنا ما [MASK] واكتب لنا رضاك وع ##فوك [MASK] [SEP]
I1103 03:20:08.370579 47547705099328 create_pretraining_data.py:151] tokens: [CLS] لن ننسي بط ##شه ##م في نجد خاصه الدرع ##يه ولن ينسي [MASK] الخا ##زوق العثماني [SEP] [MASK] اجعلنا اسعد خلقك بك واق ##رب عبادك اليك اللهم اغفر لنا ما مضي [MASK] لنا ما [MASK] واكتب لنا رضاك وع ##فوك [MASK] [SEP]
INFO:tensorflow:input_ids: 2 2404 17078 2522 3990 1015 1912 6986 8607 16160 1988 4763 13323 4 26304 19261 20078 3 4 9913 5926 9686 2395 5888 1975 12963 4230 2168 5124 2776 1972 10666 4 2776 1972 4 16531 2776 14749 2141 21016 4 3 0 0 0 0 0 0 0 0 0 0 0 0 0 0 0 0 0 0 0 0 0 0 0 0 0 0 0 0 0 0 0 0 0 0 0 0 0 0 0 0 0 0 0 0 0 0 0 0 0 0 0 0 0 0 0 0 0 0 0 0 0 0 0 0 0 0 0 0 0 0 0 0 0 0 0 0 0 0 0 0 0 0 0 0 0
I1103 03:20:08.370754 47547705099328 create_pretraining_data.py:161] input_ids: 2 2404 17078 2522 3990 1015 1912 6986 8607 16160 1988 4763 13323 4 26304 19261 20078 3 4 9913 5926 9686 2395 5888 1975 12963 4230 2168 5124 2776 1972 10666 4 2776 1972 4 16531 2776 14749 2141 21016 4 3 0 0 0 0 0 0 0 0 0 0 0 0 0 0 0 0 0 0 0 0 0 0 0 0 0 0 0 0 0 0 0 0 0 0 0 0 0 0 0 0 0 0 0 0 0 0 0 0 0 0 0 0 0 0 0 0 0 0 0 0 0 0 0 0 0 0 0 0 0 0 0 0 0 0 0 0 0 0 0 0 0 0 0 0 0
INFO:tensorflow:input_mask: 1 1 1 1 1 1 1 1 1 1 1 1 1 1 1 1 1 1 1 1 1 1 1 1 1 1 1 1 1 1 1 1 1 1 1 1 1 1 1 1 1 1 1 0 0 0 0 0 0 0 0 0 0 0 0 0 0 0 0 0 0 0 0 0 0 0 0 0 0 0 0 0 0 0 0 0 0 0 0 0 0 0 0 0 0 0 0 0 0 0 0 0 0 0 0 0 0 0 0 0 0 0 0 0 0 0 0 0 0 0 0 0 0 0 0 0 0 0 0 0 0 0 0 0 0 0 0 0
I1103 03:20:08.370917 47547705099328 create_pretraining_data.py:161] input_mask: 1 1 1 1 1 1 1 1 1 1 1 1 1 1 1 1 1 1 1 1 1 1 1 1 1 1 1 1 1 1 1 1 1 1 1 1 1 1 1 1 1 1 1 0 0 0 0 0 0 0 0 0 0 0 0 0 0 0 0 0 0 0 0 0 0 0 0 0 0 0 0 0 0 0 0 0 0 0 0 0 0 0 0 0 0 0 0 0 0 0 0 0 0 0 0 0 0 0 0 0 0 0 0 0 0 0 0 0 0 0 0 0 0 0 0 0 0 0 0 0 0 0 0 0 0 0 0 0
INFO:tensorflow:segment_ids: 0 0 0 0 0 0 0 0 0 0 0 0 0 0 0 0 0 0 1 1 1 1 1 1 1 1 1 1 1 1 1 1 1 1 1 1 1 1 1 1 1 1 1 0 0 0 0 0 0 0 0 0 0 0 0 0 0 0 0 0 0 0 0 0 0 0 0 0 0 0 0 0 0 0 0 0 0 0 0 0 0 0 0 0 0 0 0 0 0 0 0 0 0 0 0 0 0 0 0 0 0 0 0 0 0 0 0 0 0 0 0 0 0 0 0 0 0 0 0 0 0 0 0 0 0 0 0 0
I1103 03:20:08.371075 47547705099328 create_pretraining_data.py:161] segment_ids: 0 0 0 0 0 0 0 0 0 0 0 0 0 0 0 0 0 0 1 1 1 1 1 1 1 1 1 1 1 1 1 1 1 1 1 1 1 1 1 1 1 1 1 0 0 0 0 0 0 0 0 0 0 0 0 0 0 0 0 0 0 0 0 0 0 0 0 0 0 0 0 0 0 0 0 0 0 0 0 0 0 0 0 0 0 0 0 0 0 0 0 0 0 0 0 0 0 0 0 0 0 0 0 0 0 0 0 0 0 0 0 0 0 0 0 0 0 0 0 0 0 0 0 0 0 0 0 0
INFO:tensorflow:masked_lm_positions: 13 18 28 32 35 41 0 0 0 0 0 0 0 0 0 0 0 0 0 0
I1103 03:20:08.371203 47547705099328 create_pretraining_data.py:161] masked_lm_positions: 13 18 28 32 35 41 0 0 0 0 0 0 0 0 0 0 0 0 0 0
INFO:tensorflow:masked_lm_ids: 3414 2168 5124 24064 4078 24096 0 0 0 0 0 0 0 0 0 0 0 0 0 0
I1103 03:20:08.371323 47547705099328 create_pretraining_data.py:161] masked_lm_ids: 3414 2168 5124 24064 4078 24096 0 0 0 0 0 0 0 0 0 0 0 0 0 0
INFO:tensorflow:masked_lm_weights: 1.0 1.0 1.0 1.0 1.0 1.0 0.0 0.0 0.0 0.0 0.0 0.0 0.0 0.0 0.0 0.0 0.0 0.0 0.0 0.0
I1103 03:20:08.371464 47547705099328 create_pretraining_data.py:161] masked_lm_weights: 1.0 1.0 1.0 1.0 1.0 1.0 0.0 0.0 0.0 0.0 0.0 0.0 0.0 0.0 0.0 0.0 0.0 0.0 0.0 0.0
INFO:tensorflow:next_sentence_labels: 1
I1103 03:20:08.371577 47547705099328 create_pretraining_data.py:161] next_sentence_labels: 1
INFO:tensorflow:Wrote 9999810 total instances
I1103 04:21:11.890986 47547705099328 create_pretraining_data.py:166] Wrote 9999810 total instances
