Loading module 'all'
WARNING:tensorflow:From ../bert/create_pretraining_data.py:469: The name tf.app.run is deprecated. Please use tf.compat.v1.app.run instead.

WARNING:tensorflow:From ../bert/create_pretraining_data.py:437: The name tf.logging.set_verbosity is deprecated. Please use tf.compat.v1.logging.set_verbosity instead.

W1103 08:19:18.618396 47349716317248 module_wrapper.py:139] From ../bert/create_pretraining_data.py:437: The name tf.logging.set_verbosity is deprecated. Please use tf.compat.v1.logging.set_verbosity instead.

WARNING:tensorflow:From ../bert/create_pretraining_data.py:437: The name tf.logging.INFO is deprecated. Please use tf.compat.v1.logging.INFO instead.

W1103 08:19:18.618619 47349716317248 module_wrapper.py:139] From ../bert/create_pretraining_data.py:437: The name tf.logging.INFO is deprecated. Please use tf.compat.v1.logging.INFO instead.

WARNING:tensorflow:From /scratch/gi372/CAMeLBERT/bert/tokenization.py:125: The name tf.gfile.GFile is deprecated. Please use tf.io.gfile.GFile instead.

W1103 08:19:18.618809 47349716317248 module_wrapper.py:139] From /scratch/gi372/CAMeLBERT/bert/tokenization.py:125: The name tf.gfile.GFile is deprecated. Please use tf.io.gfile.GFile instead.

WARNING:tensorflow:From ../bert/create_pretraining_data.py:444: The name tf.gfile.Glob is deprecated. Please use tf.io.gfile.glob instead.

W1103 08:19:18.724053 47349716317248 module_wrapper.py:139] From ../bert/create_pretraining_data.py:444: The name tf.gfile.Glob is deprecated. Please use tf.io.gfile.glob instead.

WARNING:tensorflow:From ../bert/create_pretraining_data.py:446: The name tf.logging.info is deprecated. Please use tf.compat.v1.logging.info instead.

W1103 08:19:18.758471 47349716317248 module_wrapper.py:139] From ../bert/create_pretraining_data.py:446: The name tf.logging.info is deprecated. Please use tf.compat.v1.logging.info instead.

INFO:tensorflow:*** Reading from input files ***
I1103 08:19:18.758751 47349716317248 create_pretraining_data.py:446] *** Reading from input files ***
INFO:tensorflow:  ../corpora/shards/DA-ali2019-500m-tweet.bw.ar.lines.shard.223.normalized.sents
I1103 08:19:18.758851 47349716317248 create_pretraining_data.py:448]   ../corpora/shards/DA-ali2019-500m-tweet.bw.ar.lines.shard.223.normalized.sents
INFO:tensorflow:*** Writing to output files ***
I1103 09:00:43.866324 47349716317248 create_pretraining_data.py:457] *** Writing to output files ***
INFO:tensorflow:  ../corpora/tfrecord_wp-30k_msl-128/DA-ali2019-500m-tweet.bw.ar.lines.shard.223.tf_record
I1103 09:00:43.891791 47349716317248 create_pretraining_data.py:459]   ../corpora/tfrecord_wp-30k_msl-128/DA-ali2019-500m-tweet.bw.ar.lines.shard.223.tf_record
WARNING:tensorflow:From ../bert/create_pretraining_data.py:101: The name tf.python_io.TFRecordWriter is deprecated. Please use tf.io.TFRecordWriter instead.

W1103 09:00:43.903862 47349716317248 module_wrapper.py:139] From ../bert/create_pretraining_data.py:101: The name tf.python_io.TFRecordWriter is deprecated. Please use tf.io.TFRecordWriter instead.

INFO:tensorflow:*** Example ***
I1103 09:00:44.102071 47349716317248 create_pretraining_data.py:149] *** Example ***
INFO:tensorflow:tokens: [CLS] اي والله اني [MASK] ما اعد الذنوب كن النسيم في [MASK] صدري [MASK] ##لامة يا رب تهدي ##ني علي التوبه واتوب وتر ##زق ##ني الجنه وحسن [MASK] [SEP] صباح الخير [SEP]
I1103 09:00:44.138967 47349716317248 create_pretraining_data.py:151] tokens: [CLS] اي والله اني [MASK] ما اعد الذنوب كن النسيم في [MASK] صدري [MASK] ##لامة يا رب تهدي ##ني علي التوبه واتوب وتر ##زق ##ني الجنه وحسن [MASK] [SEP] صباح الخير [SEP]
INFO:tensorflow:input_ids: 2 2218 2706 2694 4 1972 4583 7957 3181 29580 1912 4 7035 4 5213 2104 2512 26568 1974 1958 19375 3915 7247 3155 1974 3515 8721 4 3 2570 2831 3 0 0 0 0 0 0 0 0 0 0 0 0 0 0 0 0 0 0 0 0 0 0 0 0 0 0 0 0 0 0 0 0 0 0 0 0 0 0 0 0 0 0 0 0 0 0 0 0 0 0 0 0 0 0 0 0 0 0 0 0 0 0 0 0 0 0 0 0 0 0 0 0 0 0 0 0 0 0 0 0 0 0 0 0 0 0 0 0 0 0 0 0 0 0 0 0
I1103 09:00:44.204181 47349716317248 create_pretraining_data.py:161] input_ids: 2 2218 2706 2694 4 1972 4583 7957 3181 29580 1912 4 7035 4 5213 2104 2512 26568 1974 1958 19375 3915 7247 3155 1974 3515 8721 4 3 2570 2831 3 0 0 0 0 0 0 0 0 0 0 0 0 0 0 0 0 0 0 0 0 0 0 0 0 0 0 0 0 0 0 0 0 0 0 0 0 0 0 0 0 0 0 0 0 0 0 0 0 0 0 0 0 0 0 0 0 0 0 0 0 0 0 0 0 0 0 0 0 0 0 0 0 0 0 0 0 0 0 0 0 0 0 0 0 0 0 0 0 0 0 0 0 0 0 0 0
INFO:tensorflow:input_mask: 1 1 1 1 1 1 1 1 1 1 1 1 1 1 1 1 1 1 1 1 1 1 1 1 1 1 1 1 1 1 1 1 0 0 0 0 0 0 0 0 0 0 0 0 0 0 0 0 0 0 0 0 0 0 0 0 0 0 0 0 0 0 0 0 0 0 0 0 0 0 0 0 0 0 0 0 0 0 0 0 0 0 0 0 0 0 0 0 0 0 0 0 0 0 0 0 0 0 0 0 0 0 0 0 0 0 0 0 0 0 0 0 0 0 0 0 0 0 0 0 0 0 0 0 0 0 0 0
I1103 09:00:44.204526 47349716317248 create_pretraining_data.py:161] input_mask: 1 1 1 1 1 1 1 1 1 1 1 1 1 1 1 1 1 1 1 1 1 1 1 1 1 1 1 1 1 1 1 1 0 0 0 0 0 0 0 0 0 0 0 0 0 0 0 0 0 0 0 0 0 0 0 0 0 0 0 0 0 0 0 0 0 0 0 0 0 0 0 0 0 0 0 0 0 0 0 0 0 0 0 0 0 0 0 0 0 0 0 0 0 0 0 0 0 0 0 0 0 0 0 0 0 0 0 0 0 0 0 0 0 0 0 0 0 0 0 0 0 0 0 0 0 0 0 0
INFO:tensorflow:segment_ids: 0 0 0 0 0 0 0 0 0 0 0 0 0 0 0 0 0 0 0 0 0 0 0 0 0 0 0 0 0 1 1 1 0 0 0 0 0 0 0 0 0 0 0 0 0 0 0 0 0 0 0 0 0 0 0 0 0 0 0 0 0 0 0 0 0 0 0 0 0 0 0 0 0 0 0 0 0 0 0 0 0 0 0 0 0 0 0 0 0 0 0 0 0 0 0 0 0 0 0 0 0 0 0 0 0 0 0 0 0 0 0 0 0 0 0 0 0 0 0 0 0 0 0 0 0 0 0 0
I1103 09:00:44.204782 47349716317248 create_pretraining_data.py:161] segment_ids: 0 0 0 0 0 0 0 0 0 0 0 0 0 0 0 0 0 0 0 0 0 0 0 0 0 0 0 0 0 1 1 1 0 0 0 0 0 0 0 0 0 0 0 0 0 0 0 0 0 0 0 0 0 0 0 0 0 0 0 0 0 0 0 0 0 0 0 0 0 0 0 0 0 0 0 0 0 0 0 0 0 0 0 0 0 0 0 0 0 0 0 0 0 0 0 0 0 0 0 0 0 0 0 0 0 0 0 0 0 0 0 0 0 0 0 0 0 0 0 0 0 0 0 0 0 0 0 0
INFO:tensorflow:masked_lm_positions: 4 11 13 14 27 0 0 0 0 0 0 0 0 0 0 0 0 0 0 0
I1103 09:00:44.204970 47349716317248 create_pretraining_data.py:161] masked_lm_positions: 4 11 13 14 27 0 0 0 0 0 0 0 0 0 0 0 0 0 0 0
INFO:tensorflow:masked_lm_ids: 2038 17481 10265 2152 14693 0 0 0 0 0 0 0 0 0 0 0 0 0 0 0
I1103 09:00:44.205152 47349716317248 create_pretraining_data.py:161] masked_lm_ids: 2038 17481 10265 2152 14693 0 0 0 0 0 0 0 0 0 0 0 0 0 0 0
INFO:tensorflow:masked_lm_weights: 1.0 1.0 1.0 1.0 1.0 0.0 0.0 0.0 0.0 0.0 0.0 0.0 0.0 0.0 0.0 0.0 0.0 0.0 0.0 0.0
I1103 09:00:44.212307 47349716317248 create_pretraining_data.py:161] masked_lm_weights: 1.0 1.0 1.0 1.0 1.0 0.0 0.0 0.0 0.0 0.0 0.0 0.0 0.0 0.0 0.0 0.0 0.0 0.0 0.0 0.0
INFO:tensorflow:next_sentence_labels: 1
I1103 09:00:44.212508 47349716317248 create_pretraining_data.py:161] next_sentence_labels: 1
INFO:tensorflow:*** Example ***
I1103 09:00:44.213855 47349716317248 create_pretraining_data.py:149] *** Example ***
INFO:tensorflow:tokens: [CLS] قال رسول الله صلي [MASK] عليه وسلم ان الله او ##حي [MASK] ان انج [MASK] حتي لا يف ##خر [MASK] علي احد ولا يب ##غي احد علي احد رواه مسلم [SEP] [MASK] خالد ##ه من حق ##راء القوم تلق ##وه و تت ##لق ##وه [MASK] صغار ##كم [MASK] ناس ##كم ان شاء الله [SEP]
I1103 09:00:44.214140 47349716317248 create_pretraining_data.py:151] tokens: [CLS] قال رسول الله صلي [MASK] عليه وسلم ان الله او ##حي [MASK] ان انج [MASK] حتي لا يف ##خر [MASK] علي احد ولا يب ##غي احد علي احد رواه مسلم [SEP] [MASK] خالد ##ه من حق ##راء القوم تلق ##وه و تت ##لق ##وه [MASK] صغار ##كم [MASK] ناس ##كم ان شاء الله [SEP]
INFO:tensorflow:input_ids: 2 2136 3016 1953 4082 4 2181 2565 1939 1953 2213 2120 4 1939 6960 4 2627 1963 3078 2042 4 1958 2439 2086 2888 2662 2439 1958 2439 5362 4123 3 4 3627 1028 1908 2576 2147 9268 4360 2283 415 2201 1941 2283 4 15268 2018 4 3970 2018 1939 4217 1953 3 0 0 0 0 0 0 0 0 0 0 0 0 0 0 0 0 0 0 0 0 0 0 0 0 0 0 0 0 0 0 0 0 0 0 0 0 0 0 0 0 0 0 0 0 0 0 0 0 0 0 0 0 0 0 0 0 0 0 0 0 0 0 0 0 0 0 0 0 0 0 0 0 0
I1103 09:00:44.214453 47349716317248 create_pretraining_data.py:161] input_ids: 2 2136 3016 1953 4082 4 2181 2565 1939 1953 2213 2120 4 1939 6960 4 2627 1963 3078 2042 4 1958 2439 2086 2888 2662 2439 1958 2439 5362 4123 3 4 3627 1028 1908 2576 2147 9268 4360 2283 415 2201 1941 2283 4 15268 2018 4 3970 2018 1939 4217 1953 3 0 0 0 0 0 0 0 0 0 0 0 0 0 0 0 0 0 0 0 0 0 0 0 0 0 0 0 0 0 0 0 0 0 0 0 0 0 0 0 0 0 0 0 0 0 0 0 0 0 0 0 0 0 0 0 0 0 0 0 0 0 0 0 0 0 0 0 0 0 0 0 0 0
INFO:tensorflow:input_mask: 1 1 1 1 1 1 1 1 1 1 1 1 1 1 1 1 1 1 1 1 1 1 1 1 1 1 1 1 1 1 1 1 1 1 1 1 1 1 1 1 1 1 1 1 1 1 1 1 1 1 1 1 1 1 1 0 0 0 0 0 0 0 0 0 0 0 0 0 0 0 0 0 0 0 0 0 0 0 0 0 0 0 0 0 0 0 0 0 0 0 0 0 0 0 0 0 0 0 0 0 0 0 0 0 0 0 0 0 0 0 0 0 0 0 0 0 0 0 0 0 0 0 0 0 0 0 0 0
I1103 09:00:44.214742 47349716317248 create_pretraining_data.py:161] input_mask: 1 1 1 1 1 1 1 1 1 1 1 1 1 1 1 1 1 1 1 1 1 1 1 1 1 1 1 1 1 1 1 1 1 1 1 1 1 1 1 1 1 1 1 1 1 1 1 1 1 1 1 1 1 1 1 0 0 0 0 0 0 0 0 0 0 0 0 0 0 0 0 0 0 0 0 0 0 0 0 0 0 0 0 0 0 0 0 0 0 0 0 0 0 0 0 0 0 0 0 0 0 0 0 0 0 0 0 0 0 0 0 0 0 0 0 0 0 0 0 0 0 0 0 0 0 0 0 0
INFO:tensorflow:segment_ids: 0 0 0 0 0 0 0 0 0 0 0 0 0 0 0 0 0 0 0 0 0 0 0 0 0 0 0 0 0 0 0 0 1 1 1 1 1 1 1 1 1 1 1 1 1 1 1 1 1 1 1 1 1 1 1 0 0 0 0 0 0 0 0 0 0 0 0 0 0 0 0 0 0 0 0 0 0 0 0 0 0 0 0 0 0 0 0 0 0 0 0 0 0 0 0 0 0 0 0 0 0 0 0 0 0 0 0 0 0 0 0 0 0 0 0 0 0 0 0 0 0 0 0 0 0 0 0 0
I1103 09:00:44.214996 47349716317248 create_pretraining_data.py:161] segment_ids: 0 0 0 0 0 0 0 0 0 0 0 0 0 0 0 0 0 0 0 0 0 0 0 0 0 0 0 0 0 0 0 0 1 1 1 1 1 1 1 1 1 1 1 1 1 1 1 1 1 1 1 1 1 1 1 0 0 0 0 0 0 0 0 0 0 0 0 0 0 0 0 0 0 0 0 0 0 0 0 0 0 0 0 0 0 0 0 0 0 0 0 0 0 0 0 0 0 0 0 0 0 0 0 0 0 0 0 0 0 0 0 0 0 0 0 0 0 0 0 0 0 0 0 0 0 0 0 0
INFO:tensorflow:masked_lm_positions: 5 12 14 15 20 32 45 48 0 0 0 0 0 0 0 0 0 0 0 0
I1103 09:00:44.215182 47349716317248 create_pretraining_data.py:161] masked_lm_positions: 5 12 14 15 20 32 45 48 0 0 0 0 0 0 0 0 0 0 0 0
INFO:tensorflow:masked_lm_ids: 1953 2002 20313 1928 2439 17888 1912 415 0 0 0 0 0 0 0 0 0 0 0 0
I1103 09:00:44.215376 47349716317248 create_pretraining_data.py:161] masked_lm_ids: 1953 2002 20313 1928 2439 17888 1912 415 0 0 0 0 0 0 0 0 0 0 0 0
INFO:tensorflow:masked_lm_weights: 1.0 1.0 1.0 1.0 1.0 1.0 1.0 1.0 0.0 0.0 0.0 0.0 0.0 0.0 0.0 0.0 0.0 0.0 0.0 0.0
I1103 09:00:44.215561 47349716317248 create_pretraining_data.py:161] masked_lm_weights: 1.0 1.0 1.0 1.0 1.0 1.0 1.0 1.0 0.0 0.0 0.0 0.0 0.0 0.0 0.0 0.0 0.0 0.0 0.0 0.0
INFO:tensorflow:next_sentence_labels: 1
I1103 09:00:44.215727 47349716317248 create_pretraining_data.py:161] next_sentence_labels: 1
INFO:tensorflow:*** Example ***
I1103 09:00:44.216973 47349716317248 create_pretraining_data.py:149] *** Example ***
INFO:tensorflow:tokens: [CLS] [MASK] رابط اخر [MASK] السابقه [SEP] اكثر الاشياء وجعا ان يؤلم ##ك من كنت تظن ##ه يوما س [MASK] [SEP]
I1103 09:00:44.217173 47349716317248 create_pretraining_data.py:151] tokens: [CLS] [MASK] رابط اخر [MASK] السابقه [SEP] اكثر الاشياء وجعا ان يؤلم ##ك من كنت تظن ##ه يوما س [MASK] [SEP]
INFO:tensorflow:input_ids: 2 4 6643 3076 4 21423 3 2695 6011 16475 1939 27130 1014 1908 2678 17609 1028 4038 399 4 3 0 0 0 0 0 0 0 0 0 0 0 0 0 0 0 0 0 0 0 0 0 0 0 0 0 0 0 0 0 0 0 0 0 0 0 0 0 0 0 0 0 0 0 0 0 0 0 0 0 0 0 0 0 0 0 0 0 0 0 0 0 0 0 0 0 0 0 0 0 0 0 0 0 0 0 0 0 0 0 0 0 0 0 0 0 0 0 0 0 0 0 0 0 0 0 0 0 0 0 0 0 0 0 0 0 0 0
I1103 09:00:44.217400 47349716317248 create_pretraining_data.py:161] input_ids: 2 4 6643 3076 4 21423 3 2695 6011 16475 1939 27130 1014 1908 2678 17609 1028 4038 399 4 3 0 0 0 0 0 0 0 0 0 0 0 0 0 0 0 0 0 0 0 0 0 0 0 0 0 0 0 0 0 0 0 0 0 0 0 0 0 0 0 0 0 0 0 0 0 0 0 0 0 0 0 0 0 0 0 0 0 0 0 0 0 0 0 0 0 0 0 0 0 0 0 0 0 0 0 0 0 0 0 0 0 0 0 0 0 0 0 0 0 0 0 0 0 0 0 0 0 0 0 0 0 0 0 0 0 0 0
INFO:tensorflow:input_mask: 1 1 1 1 1 1 1 1 1 1 1 1 1 1 1 1 1 1 1 1 1 0 0 0 0 0 0 0 0 0 0 0 0 0 0 0 0 0 0 0 0 0 0 0 0 0 0 0 0 0 0 0 0 0 0 0 0 0 0 0 0 0 0 0 0 0 0 0 0 0 0 0 0 0 0 0 0 0 0 0 0 0 0 0 0 0 0 0 0 0 0 0 0 0 0 0 0 0 0 0 0 0 0 0 0 0 0 0 0 0 0 0 0 0 0 0 0 0 0 0 0 0 0 0 0 0 0 0
I1103 09:00:44.217603 47349716317248 create_pretraining_data.py:161] input_mask: 1 1 1 1 1 1 1 1 1 1 1 1 1 1 1 1 1 1 1 1 1 0 0 0 0 0 0 0 0 0 0 0 0 0 0 0 0 0 0 0 0 0 0 0 0 0 0 0 0 0 0 0 0 0 0 0 0 0 0 0 0 0 0 0 0 0 0 0 0 0 0 0 0 0 0 0 0 0 0 0 0 0 0 0 0 0 0 0 0 0 0 0 0 0 0 0 0 0 0 0 0 0 0 0 0 0 0 0 0 0 0 0 0 0 0 0 0 0 0 0 0 0 0 0 0 0 0 0
INFO:tensorflow:segment_ids: 0 0 0 0 0 0 0 1 1 1 1 1 1 1 1 1 1 1 1 1 1 0 0 0 0 0 0 0 0 0 0 0 0 0 0 0 0 0 0 0 0 0 0 0 0 0 0 0 0 0 0 0 0 0 0 0 0 0 0 0 0 0 0 0 0 0 0 0 0 0 0 0 0 0 0 0 0 0 0 0 0 0 0 0 0 0 0 0 0 0 0 0 0 0 0 0 0 0 0 0 0 0 0 0 0 0 0 0 0 0 0 0 0 0 0 0 0 0 0 0 0 0 0 0 0 0 0 0
I1103 09:00:44.217823 47349716317248 create_pretraining_data.py:161] segment_ids: 0 0 0 0 0 0 0 1 1 1 1 1 1 1 1 1 1 1 1 1 1 0 0 0 0 0 0 0 0 0 0 0 0 0 0 0 0 0 0 0 0 0 0 0 0 0 0 0 0 0 0 0 0 0 0 0 0 0 0 0 0 0 0 0 0 0 0 0 0 0 0 0 0 0 0 0 0 0 0 0 0 0 0 0 0 0 0 0 0 0 0 0 0 0 0 0 0 0 0 0 0 0 0 0 0 0 0 0 0 0 0 0 0 0 0 0 0 0 0 0 0 0 0 0 0 0 0 0
INFO:tensorflow:masked_lm_positions: 1 4 19 0 0 0 0 0 0 0 0 0 0 0 0 0 0 0 0 0
I1103 09:00:44.217977 47349716317248 create_pretraining_data.py:161] masked_lm_positions: 1 4 19 0 0 0 0 0 0 0 0 0 0 0 0 0 0 0 0 0
INFO:tensorflow:masked_lm_ids: 2085 14525 13127 0 0 0 0 0 0 0 0 0 0 0 0 0 0 0 0 0
I1103 09:00:44.218121 47349716317248 create_pretraining_data.py:161] masked_lm_ids: 2085 14525 13127 0 0 0 0 0 0 0 0 0 0 0 0 0 0 0 0 0
INFO:tensorflow:masked_lm_weights: 1.0 1.0 1.0 0.0 0.0 0.0 0.0 0.0 0.0 0.0 0.0 0.0 0.0 0.0 0.0 0.0 0.0 0.0 0.0 0.0
I1103 09:00:44.218277 47349716317248 create_pretraining_data.py:161] masked_lm_weights: 1.0 1.0 1.0 0.0 0.0 0.0 0.0 0.0 0.0 0.0 0.0 0.0 0.0 0.0 0.0 0.0 0.0 0.0 0.0 0.0
INFO:tensorflow:next_sentence_labels: 1
I1103 09:00:44.218410 47349716317248 create_pretraining_data.py:161] next_sentence_labels: 1
INFO:tensorflow:*** Example ***
I1103 09:00:44.219424 47349716317248 create_pretraining_data.py:149] *** Example ***
INFO:tensorflow:tokens: [CLS] بحل ##م حلم مثلا [MASK] نومه [MASK] [SEP] استودعك [MASK] الذي لات ##ضيع ودا ##ئ ##عه اللهم اقر عيني بص ##لاح ##ه وف ##لاح ##ه وان ##فع به امت [MASK] [MASK] لي سالم ##ا غانم ##ا عبدالله الشهري [SEP]
I1103 09:00:44.219629 47349716317248 create_pretraining_data.py:151] tokens: [CLS] بحل ##م حلم مثلا [MASK] نومه [MASK] [SEP] استودعك [MASK] الذي لات ##ضيع ودا ##ئ ##عه اللهم اقر عيني بص ##لاح ##ه وف ##لاح ##ه وان ##فع به امت [MASK] [MASK] لي سالم ##ا غانم ##ا عبدالله الشهري [SEP]
INFO:tensorflow:input_ids: 2 25090 1015 5517 6381 4 27628 4 3 24224 4 2130 2955 2726 16527 1042 2226 2168 16445 4606 2903 2560 1028 2390 2560 1028 2178 2241 2249 5033 4 4 2134 5261 1007 18087 1007 3299 11093 3 0 0 0 0 0 0 0 0 0 0 0 0 0 0 0 0 0 0 0 0 0 0 0 0 0 0 0 0 0 0 0 0 0 0 0 0 0 0 0 0 0 0 0 0 0 0 0 0 0 0 0 0 0 0 0 0 0 0 0 0 0 0 0 0 0 0 0 0 0 0 0 0 0 0 0 0 0 0 0 0 0 0 0 0 0 0 0 0
I1103 09:00:44.219851 47349716317248 create_pretraining_data.py:161] input_ids: 2 25090 1015 5517 6381 4 27628 4 3 24224 4 2130 2955 2726 16527 1042 2226 2168 16445 4606 2903 2560 1028 2390 2560 1028 2178 2241 2249 5033 4 4 2134 5261 1007 18087 1007 3299 11093 3 0 0 0 0 0 0 0 0 0 0 0 0 0 0 0 0 0 0 0 0 0 0 0 0 0 0 0 0 0 0 0 0 0 0 0 0 0 0 0 0 0 0 0 0 0 0 0 0 0 0 0 0 0 0 0 0 0 0 0 0 0 0 0 0 0 0 0 0 0 0 0 0 0 0 0 0 0 0 0 0 0 0 0 0 0 0 0 0
INFO:tensorflow:input_mask: 1 1 1 1 1 1 1 1 1 1 1 1 1 1 1 1 1 1 1 1 1 1 1 1 1 1 1 1 1 1 1 1 1 1 1 1 1 1 1 1 0 0 0 0 0 0 0 0 0 0 0 0 0 0 0 0 0 0 0 0 0 0 0 0 0 0 0 0 0 0 0 0 0 0 0 0 0 0 0 0 0 0 0 0 0 0 0 0 0 0 0 0 0 0 0 0 0 0 0 0 0 0 0 0 0 0 0 0 0 0 0 0 0 0 0 0 0 0 0 0 0 0 0 0 0 0 0 0
I1103 09:00:44.220057 47349716317248 create_pretraining_data.py:161] input_mask: 1 1 1 1 1 1 1 1 1 1 1 1 1 1 1 1 1 1 1 1 1 1 1 1 1 1 1 1 1 1 1 1 1 1 1 1 1 1 1 1 0 0 0 0 0 0 0 0 0 0 0 0 0 0 0 0 0 0 0 0 0 0 0 0 0 0 0 0 0 0 0 0 0 0 0 0 0 0 0 0 0 0 0 0 0 0 0 0 0 0 0 0 0 0 0 0 0 0 0 0 0 0 0 0 0 0 0 0 0 0 0 0 0 0 0 0 0 0 0 0 0 0 0 0 0 0 0 0
INFO:tensorflow:segment_ids: 0 0 0 0 0 0 0 0 0 1 1 1 1 1 1 1 1 1 1 1 1 1 1 1 1 1 1 1 1 1 1 1 1 1 1 1 1 1 1 1 0 0 0 0 0 0 0 0 0 0 0 0 0 0 0 0 0 0 0 0 0 0 0 0 0 0 0 0 0 0 0 0 0 0 0 0 0 0 0 0 0 0 0 0 0 0 0 0 0 0 0 0 0 0 0 0 0 0 0 0 0 0 0 0 0 0 0 0 0 0 0 0 0 0 0 0 0 0 0 0 0 0 0 0 0 0 0 0
I1103 09:00:44.220260 47349716317248 create_pretraining_data.py:161] segment_ids: 0 0 0 0 0 0 0 0 0 1 1 1 1 1 1 1 1 1 1 1 1 1 1 1 1 1 1 1 1 1 1 1 1 1 1 1 1 1 1 1 0 0 0 0 0 0 0 0 0 0 0 0 0 0 0 0 0 0 0 0 0 0 0 0 0 0 0 0 0 0 0 0 0 0 0 0 0 0 0 0 0 0 0 0 0 0 0 0 0 0 0 0 0 0 0 0 0 0 0 0 0 0 0 0 0 0 0 0 0 0 0 0 0 0 0 0 0 0 0 0 0 0 0 0 0 0 0 0
INFO:tensorflow:masked_lm_positions: 5 7 10 29 30 31 0 0 0 0 0 0 0 0 0 0 0 0 0 0
I1103 09:00:44.220431 47349716317248 create_pretraining_data.py:161] masked_lm_positions: 5 7 10 29 30 31 0 0 0 0 0 0 0 0 0 0 0 0 0 0
INFO:tensorflow:masked_lm_ids: 1912 4435 1953 5033 1028 16807 0 0 0 0 0 0 0 0 0 0 0 0 0 0
I1103 09:00:44.220575 47349716317248 create_pretraining_data.py:161] masked_lm_ids: 1912 4435 1953 5033 1028 16807 0 0 0 0 0 0 0 0 0 0 0 0 0 0
INFO:tensorflow:masked_lm_weights: 1.0 1.0 1.0 1.0 1.0 1.0 0.0 0.0 0.0 0.0 0.0 0.0 0.0 0.0 0.0 0.0 0.0 0.0 0.0 0.0
I1103 09:00:44.220721 47349716317248 create_pretraining_data.py:161] masked_lm_weights: 1.0 1.0 1.0 1.0 1.0 1.0 0.0 0.0 0.0 0.0 0.0 0.0 0.0 0.0 0.0 0.0 0.0 0.0 0.0 0.0
INFO:tensorflow:next_sentence_labels: 1
I1103 09:00:44.220853 47349716317248 create_pretraining_data.py:161] next_sentence_labels: 1
INFO:tensorflow:*** Example ***
I1103 09:00:44.221749 47349716317248 create_pretraining_data.py:149] *** Example ***
INFO:tensorflow:tokens: [CLS] انا مش فح ##ياتك انت الي فح ##ياتي انت الي دخلت [MASK] وش ##غلت [MASK] الي انت محتاج ##وا فيها [SEP] [MASK] دح ##ام العنزي جلد علي الهواء [SEP]
I1103 09:00:44.221945 47349716317248 create_pretraining_data.py:151] tokens: [CLS] انا مش فح ##ياتك انت الي فح ##ياتي انت الي دخلت [MASK] وش ##غلت [MASK] الي انت محتاج ##وا فيها [SEP] [MASK] دح ##ام العنزي جلد علي الهواء [SEP]
INFO:tensorflow:input_ids: 2 2315 2096 5632 12283 2164 2002 5632 6878 2164 2002 8434 4 2347 27634 4 2002 2164 6152 1928 2443 3 4 25115 1921 10726 8496 1958 8238 3 0 0 0 0 0 0 0 0 0 0 0 0 0 0 0 0 0 0 0 0 0 0 0 0 0 0 0 0 0 0 0 0 0 0 0 0 0 0 0 0 0 0 0 0 0 0 0 0 0 0 0 0 0 0 0 0 0 0 0 0 0 0 0 0 0 0 0 0 0 0 0 0 0 0 0 0 0 0 0 0 0 0 0 0 0 0 0 0 0 0 0 0 0 0 0 0 0 0
I1103 09:00:44.222164 47349716317248 create_pretraining_data.py:161] input_ids: 2 2315 2096 5632 12283 2164 2002 5632 6878 2164 2002 8434 4 2347 27634 4 2002 2164 6152 1928 2443 3 4 25115 1921 10726 8496 1958 8238 3 0 0 0 0 0 0 0 0 0 0 0 0 0 0 0 0 0 0 0 0 0 0 0 0 0 0 0 0 0 0 0 0 0 0 0 0 0 0 0 0 0 0 0 0 0 0 0 0 0 0 0 0 0 0 0 0 0 0 0 0 0 0 0 0 0 0 0 0 0 0 0 0 0 0 0 0 0 0 0 0 0 0 0 0 0 0 0 0 0 0 0 0 0 0 0 0 0 0
INFO:tensorflow:input_mask: 1 1 1 1 1 1 1 1 1 1 1 1 1 1 1 1 1 1 1 1 1 1 1 1 1 1 1 1 1 1 0 0 0 0 0 0 0 0 0 0 0 0 0 0 0 0 0 0 0 0 0 0 0 0 0 0 0 0 0 0 0 0 0 0 0 0 0 0 0 0 0 0 0 0 0 0 0 0 0 0 0 0 0 0 0 0 0 0 0 0 0 0 0 0 0 0 0 0 0 0 0 0 0 0 0 0 0 0 0 0 0 0 0 0 0 0 0 0 0 0 0 0 0 0 0 0 0 0
I1103 09:00:44.222376 47349716317248 create_pretraining_data.py:161] input_mask: 1 1 1 1 1 1 1 1 1 1 1 1 1 1 1 1 1 1 1 1 1 1 1 1 1 1 1 1 1 1 0 0 0 0 0 0 0 0 0 0 0 0 0 0 0 0 0 0 0 0 0 0 0 0 0 0 0 0 0 0 0 0 0 0 0 0 0 0 0 0 0 0 0 0 0 0 0 0 0 0 0 0 0 0 0 0 0 0 0 0 0 0 0 0 0 0 0 0 0 0 0 0 0 0 0 0 0 0 0 0 0 0 0 0 0 0 0 0 0 0 0 0 0 0 0 0 0 0
INFO:tensorflow:segment_ids: 0 0 0 0 0 0 0 0 0 0 0 0 0 0 0 0 0 0 0 0 0 0 1 1 1 1 1 1 1 1 0 0 0 0 0 0 0 0 0 0 0 0 0 0 0 0 0 0 0 0 0 0 0 0 0 0 0 0 0 0 0 0 0 0 0 0 0 0 0 0 0 0 0 0 0 0 0 0 0 0 0 0 0 0 0 0 0 0 0 0 0 0 0 0 0 0 0 0 0 0 0 0 0 0 0 0 0 0 0 0 0 0 0 0 0 0 0 0 0 0 0 0 0 0 0 0 0 0
I1103 09:00:44.222569 47349716317248 create_pretraining_data.py:161] segment_ids: 0 0 0 0 0 0 0 0 0 0 0 0 0 0 0 0 0 0 0 0 0 0 1 1 1 1 1 1 1 1 0 0 0 0 0 0 0 0 0 0 0 0 0 0 0 0 0 0 0 0 0 0 0 0 0 0 0 0 0 0 0 0 0 0 0 0 0 0 0 0 0 0 0 0 0 0 0 0 0 0 0 0 0 0 0 0 0 0 0 0 0 0 0 0 0 0 0 0 0 0 0 0 0 0 0 0 0 0 0 0 0 0 0 0 0 0 0 0 0 0 0 0 0 0 0 0 0 0
INFO:tensorflow:masked_lm_positions: 10 12 15 22 0 0 0 0 0 0 0 0 0 0 0 0 0 0 0 0
I1103 09:00:44.222715 47349716317248 create_pretraining_data.py:161] masked_lm_positions: 10 12 15 22 0 0 0 0 0 0 0 0 0 0 0 0 0 0 0 0
INFO:tensorflow:masked_lm_ids: 2002 5097 12129 9006 0 0 0 0 0 0 0 0 0 0 0 0 0 0 0 0
I1103 09:00:44.222880 47349716317248 create_pretraining_data.py:161] masked_lm_ids: 2002 5097 12129 9006 0 0 0 0 0 0 0 0 0 0 0 0 0 0 0 0
INFO:tensorflow:masked_lm_weights: 1.0 1.0 1.0 1.0 0.0 0.0 0.0 0.0 0.0 0.0 0.0 0.0 0.0 0.0 0.0 0.0 0.0 0.0 0.0 0.0
I1103 09:00:44.223026 47349716317248 create_pretraining_data.py:161] masked_lm_weights: 1.0 1.0 1.0 1.0 0.0 0.0 0.0 0.0 0.0 0.0 0.0 0.0 0.0 0.0 0.0 0.0 0.0 0.0 0.0 0.0
INFO:tensorflow:next_sentence_labels: 1
I1103 09:00:44.223159 47349716317248 create_pretraining_data.py:161] next_sentence_labels: 1
INFO:tensorflow:*** Example ***
I1103 09:00:44.224065 47349716317248 create_pretraining_data.py:149] *** Example ***
INFO:tensorflow:tokens: [CLS] مسابقه [MASK] يوم [MASK] [MASK] ريتويت للتغريده متابعه للح ##ساب لتش ##ارك في السحب علي [MASK] سن ##س عنب ##ر الدخيل للع ##ود زد رصيدك5 ##4 [SEP] الشتا ##ت هو عندما [MASK] تريد [MASK] و لا تقوي الرحيل [SEP]
I1103 09:00:44.224273 47349716317248 create_pretraining_data.py:151] tokens: [CLS] مسابقه [MASK] يوم [MASK] [MASK] ريتويت للتغريده متابعه للح ##ساب لتش ##ارك في السحب علي [MASK] سن ##س عنب ##ر الدخيل للع ##ود زد رصيدك5 ##4 [SEP] الشتا ##ت هو عندما [MASK] تريد [MASK] و لا تقوي الرحيل [SEP]
INFO:tensorflow:input_ids: 2 8722 4 2232 4 4 3425 14525 12443 2773 3070 9169 2256 1912 8806 1958 4 2579 1033 29912 1017 13142 2405 1993 3477 11361 1069 3 17489 1005 2139 2805 4 4821 4 415 1963 25705 11449 3 0 0 0 0 0 0 0 0 0 0 0 0 0 0 0 0 0 0 0 0 0 0 0 0 0 0 0 0 0 0 0 0 0 0 0 0 0 0 0 0 0 0 0 0 0 0 0 0 0 0 0 0 0 0 0 0 0 0 0 0 0 0 0 0 0 0 0 0 0 0 0 0 0 0 0 0 0 0 0 0 0 0 0 0 0 0 0 0
I1103 09:00:44.224495 47349716317248 create_pretraining_data.py:161] input_ids: 2 8722 4 2232 4 4 3425 14525 12443 2773 3070 9169 2256 1912 8806 1958 4 2579 1033 29912 1017 13142 2405 1993 3477 11361 1069 3 17489 1005 2139 2805 4 4821 4 415 1963 25705 11449 3 0 0 0 0 0 0 0 0 0 0 0 0 0 0 0 0 0 0 0 0 0 0 0 0 0 0 0 0 0 0 0 0 0 0 0 0 0 0 0 0 0 0 0 0 0 0 0 0 0 0 0 0 0 0 0 0 0 0 0 0 0 0 0 0 0 0 0 0 0 0 0 0 0 0 0 0 0 0 0 0 0 0 0 0 0 0 0 0
INFO:tensorflow:input_mask: 1 1 1 1 1 1 1 1 1 1 1 1 1 1 1 1 1 1 1 1 1 1 1 1 1 1 1 1 1 1 1 1 1 1 1 1 1 1 1 1 0 0 0 0 0 0 0 0 0 0 0 0 0 0 0 0 0 0 0 0 0 0 0 0 0 0 0 0 0 0 0 0 0 0 0 0 0 0 0 0 0 0 0 0 0 0 0 0 0 0 0 0 0 0 0 0 0 0 0 0 0 0 0 0 0 0 0 0 0 0 0 0 0 0 0 0 0 0 0 0 0 0 0 0 0 0 0 0
I1103 09:00:44.224696 47349716317248 create_pretraining_data.py:161] input_mask: 1 1 1 1 1 1 1 1 1 1 1 1 1 1 1 1 1 1 1 1 1 1 1 1 1 1 1 1 1 1 1 1 1 1 1 1 1 1 1 1 0 0 0 0 0 0 0 0 0 0 0 0 0 0 0 0 0 0 0 0 0 0 0 0 0 0 0 0 0 0 0 0 0 0 0 0 0 0 0 0 0 0 0 0 0 0 0 0 0 0 0 0 0 0 0 0 0 0 0 0 0 0 0 0 0 0 0 0 0 0 0 0 0 0 0 0 0 0 0 0 0 0 0 0 0 0 0 0
INFO:tensorflow:segment_ids: 0 0 0 0 0 0 0 0 0 0 0 0 0 0 0 0 0 0 0 0 0 0 0 0 0 0 0 0 1 1 1 1 1 1 1 1 1 1 1 1 0 0 0 0 0 0 0 0 0 0 0 0 0 0 0 0 0 0 0 0 0 0 0 0 0 0 0 0 0 0 0 0 0 0 0 0 0 0 0 0 0 0 0 0 0 0 0 0 0 0 0 0 0 0 0 0 0 0 0 0 0 0 0 0 0 0 0 0 0 0 0 0 0 0 0 0 0 0 0 0 0 0 0 0 0 0 0 0
I1103 09:00:44.224890 47349716317248 create_pretraining_data.py:161] segment_ids: 0 0 0 0 0 0 0 0 0 0 0 0 0 0 0 0 0 0 0 0 0 0 0 0 0 0 0 0 1 1 1 1 1 1 1 1 1 1 1 1 0 0 0 0 0 0 0 0 0 0 0 0 0 0 0 0 0 0 0 0 0 0 0 0 0 0 0 0 0 0 0 0 0 0 0 0 0 0 0 0 0 0 0 0 0 0 0 0 0 0 0 0 0 0 0 0 0 0 0 0 0 0 0 0 0 0 0 0 0 0 0 0 0 0 0 0 0 0 0 0 0 0 0 0 0 0 0 0
INFO:tensorflow:masked_lm_positions: 2 4 5 16 32 34 0 0 0 0 0 0 0 0 0 0 0 0 0 0
I1103 09:00:44.225034 47349716317248 create_pretraining_data.py:161] masked_lm_positions: 2 4 5 16 32 34 0 0 0 0 0 0 0 0 0 0 0 0 0 0
INFO:tensorflow:masked_lm_ids: 2038 9001 1008 7385 1963 9331 0 0 0 0 0 0 0 0 0 0 0 0 0 0
I1103 09:00:44.225175 47349716317248 create_pretraining_data.py:161] masked_lm_ids: 2038 9001 1008 7385 1963 9331 0 0 0 0 0 0 0 0 0 0 0 0 0 0
INFO:tensorflow:masked_lm_weights: 1.0 1.0 1.0 1.0 1.0 1.0 0.0 0.0 0.0 0.0 0.0 0.0 0.0 0.0 0.0 0.0 0.0 0.0 0.0 0.0
I1103 09:00:44.225352 47349716317248 create_pretraining_data.py:161] masked_lm_weights: 1.0 1.0 1.0 1.0 1.0 1.0 0.0 0.0 0.0 0.0 0.0 0.0 0.0 0.0 0.0 0.0 0.0 0.0 0.0 0.0
INFO:tensorflow:next_sentence_labels: 1
I1103 09:00:44.225487 47349716317248 create_pretraining_data.py:161] next_sentence_labels: 1
INFO:tensorflow:*** Example ***
I1103 09:00:44.226428 47349716317248 create_pretraining_data.py:149] *** Example ***
INFO:tensorflow:tokens: [CLS] مقاطعه المنتجات الايرانيه مطلب نش ##طوا الوس ##م فضلا السعوديه المملكه الرياض جده جده نجران [MASK] القري ##ات عرعر [SEP] ما تشاهد ##ه ليست [MASK] من اوروبا هذا وادي البرد ##اني الواقع جنوب [MASK] محافظه [MASK] [MASK] بمنطقه عسير [SEP]
I1103 09:00:44.226634 47349716317248 create_pretraining_data.py:151] tokens: [CLS] مقاطعه المنتجات الايرانيه مطلب نش ##طوا الوس ##م فضلا السعوديه المملكه الرياض جده جده نجران [MASK] القري ##ات عرعر [SEP] ما تشاهد ##ه ليست [MASK] من اوروبا هذا وادي البرد ##اني الواقع جنوب [MASK] محافظه [MASK] [MASK] بمنطقه عسير [SEP]
INFO:tensorflow:input_ids: 2 18478 6754 9460 14046 3382 19456 6342 1015 6721 2721 5195 2392 4868 4868 7107 4 28574 1904 23290 3 1972 17342 1028 3721 4 1908 9721 2085 8104 5826 2022 4915 4297 4 15893 4 4 26933 8619 3 0 0 0 0 0 0 0 0 0 0 0 0 0 0 0 0 0 0 0 0 0 0 0 0 0 0 0 0 0 0 0 0 0 0 0 0 0 0 0 0 0 0 0 0 0 0 0 0 0 0 0 0 0 0 0 0 0 0 0 0 0 0 0 0 0 0 0 0 0 0 0 0 0 0 0 0 0 0 0 0 0 0 0 0 0 0 0
I1103 09:00:44.226825 47349716317248 create_pretraining_data.py:161] input_ids: 2 18478 6754 9460 14046 3382 19456 6342 1015 6721 2721 5195 2392 4868 4868 7107 4 28574 1904 23290 3 1972 17342 1028 3721 4 1908 9721 2085 8104 5826 2022 4915 4297 4 15893 4 4 26933 8619 3 0 0 0 0 0 0 0 0 0 0 0 0 0 0 0 0 0 0 0 0 0 0 0 0 0 0 0 0 0 0 0 0 0 0 0 0 0 0 0 0 0 0 0 0 0 0 0 0 0 0 0 0 0 0 0 0 0 0 0 0 0 0 0 0 0 0 0 0 0 0 0 0 0 0 0 0 0 0 0 0 0 0 0 0 0 0 0
INFO:tensorflow:input_mask: 1 1 1 1 1 1 1 1 1 1 1 1 1 1 1 1 1 1 1 1 1 1 1 1 1 1 1 1 1 1 1 1 1 1 1 1 1 1 1 1 1 0 0 0 0 0 0 0 0 0 0 0 0 0 0 0 0 0 0 0 0 0 0 0 0 0 0 0 0 0 0 0 0 0 0 0 0 0 0 0 0 0 0 0 0 0 0 0 0 0 0 0 0 0 0 0 0 0 0 0 0 0 0 0 0 0 0 0 0 0 0 0 0 0 0 0 0 0 0 0 0 0 0 0 0 0 0 0
I1103 09:00:44.226953 47349716317248 create_pretraining_data.py:161] input_mask: 1 1 1 1 1 1 1 1 1 1 1 1 1 1 1 1 1 1 1 1 1 1 1 1 1 1 1 1 1 1 1 1 1 1 1 1 1 1 1 1 1 0 0 0 0 0 0 0 0 0 0 0 0 0 0 0 0 0 0 0 0 0 0 0 0 0 0 0 0 0 0 0 0 0 0 0 0 0 0 0 0 0 0 0 0 0 0 0 0 0 0 0 0 0 0 0 0 0 0 0 0 0 0 0 0 0 0 0 0 0 0 0 0 0 0 0 0 0 0 0 0 0 0 0 0 0 0 0
INFO:tensorflow:segment_ids: 0 0 0 0 0 0 0 0 0 0 0 0 0 0 0 0 0 0 0 0 0 1 1 1 1 1 1 1 1 1 1 1 1 1 1 1 1 1 1 1 1 0 0 0 0 0 0 0 0 0 0 0 0 0 0 0 0 0 0 0 0 0 0 0 0 0 0 0 0 0 0 0 0 0 0 0 0 0 0 0 0 0 0 0 0 0 0 0 0 0 0 0 0 0 0 0 0 0 0 0 0 0 0 0 0 0 0 0 0 0 0 0 0 0 0 0 0 0 0 0 0 0 0 0 0 0 0 0
I1103 09:00:44.227077 47349716317248 create_pretraining_data.py:161] segment_ids: 0 0 0 0 0 0 0 0 0 0 0 0 0 0 0 0 0 0 0 0 0 1 1 1 1 1 1 1 1 1 1 1 1 1 1 1 1 1 1 1 1 0 0 0 0 0 0 0 0 0 0 0 0 0 0 0 0 0 0 0 0 0 0 0 0 0 0 0 0 0 0 0 0 0 0 0 0 0 0 0 0 0 0 0 0 0 0 0 0 0 0 0 0 0 0 0 0 0 0 0 0 0 0 0 0 0 0 0 0 0 0 0 0 0 0 0 0 0 0 0 0 0 0 0 0 0 0 0
INFO:tensorflow:masked_lm_positions: 11 16 25 34 36 37 0 0 0 0 0 0 0 0 0 0 0 0 0 0
I1103 09:00:44.227169 47349716317248 create_pretraining_data.py:161] masked_lm_positions: 11 16 25 34 36 37 0 0 0 0 0 0 0 0 0 0 0 0 0 0
INFO:tensorflow:masked_lm_ids: 5195 10556 28442 5734 3434 1011 0 0 0 0 0 0 0 0 0 0 0 0 0 0
I1103 09:00:44.227265 47349716317248 create_pretraining_data.py:161] masked_lm_ids: 5195 10556 28442 5734 3434 1011 0 0 0 0 0 0 0 0 0 0 0 0 0 0
INFO:tensorflow:masked_lm_weights: 1.0 1.0 1.0 1.0 1.0 1.0 0.0 0.0 0.0 0.0 0.0 0.0 0.0 0.0 0.0 0.0 0.0 0.0 0.0 0.0
I1103 09:00:44.227357 47349716317248 create_pretraining_data.py:161] masked_lm_weights: 1.0 1.0 1.0 1.0 1.0 1.0 0.0 0.0 0.0 0.0 0.0 0.0 0.0 0.0 0.0 0.0 0.0 0.0 0.0 0.0
INFO:tensorflow:next_sentence_labels: 1
I1103 09:00:44.227455 47349716317248 create_pretraining_data.py:161] next_sentence_labels: 1
INFO:tensorflow:*** Example ***
I1103 09:00:44.228044 47349716317248 create_pretraining_data.py:149] *** Example ***
INFO:tensorflow:tokens: [CLS] اكيد ماركه تو ##وو ##ق [SEP] كل المدعين اللذين عرفنا ##هم [MASK] يقومون بنفس [MASK] [MASK] انشاء موقع الشبك ##ه العنكبوت ##يه لب ##ث خر ##افات ##هم اللجوء لغير ثق ##ات [MASK] ذم ##مه ##م العونه المدعين [SEP]
I1103 09:00:44.228173 47349716317248 create_pretraining_data.py:151] tokens: [CLS] اكيد ماركه تو ##وو ##ق [SEP] كل المدعين اللذين عرفنا ##هم [MASK] يقومون بنفس [MASK] [MASK] انشاء موقع الشبك ##ه العنكبوت ##يه لب ##ث خر ##افات ##هم اللجوء لغير ثق ##ات [MASK] ذم ##مه ##م العونه المدعين [SEP]
INFO:tensorflow:input_ids: 2 10364 22600 2467 3065 1011 3 2038 28145 13664 23977 1949 4 15064 4058 4 4 6117 2867 9602 1028 19071 1988 2519 1039 17963 8534 1949 12651 6944 10774 1904 4 18535 2152 1015 9147 28145 3 0 0 0 0 0 0 0 0 0 0 0 0 0 0 0 0 0 0 0 0 0 0 0 0 0 0 0 0 0 0 0 0 0 0 0 0 0 0 0 0 0 0 0 0 0 0 0 0 0 0 0 0 0 0 0 0 0 0 0 0 0 0 0 0 0 0 0 0 0 0 0 0 0 0 0 0 0 0 0 0 0 0 0 0 0 0 0 0 0
I1103 09:00:44.228319 47349716317248 create_pretraining_data.py:161] input_ids: 2 10364 22600 2467 3065 1011 3 2038 28145 13664 23977 1949 4 15064 4058 4 4 6117 2867 9602 1028 19071 1988 2519 1039 17963 8534 1949 12651 6944 10774 1904 4 18535 2152 1015 9147 28145 3 0 0 0 0 0 0 0 0 0 0 0 0 0 0 0 0 0 0 0 0 0 0 0 0 0 0 0 0 0 0 0 0 0 0 0 0 0 0 0 0 0 0 0 0 0 0 0 0 0 0 0 0 0 0 0 0 0 0 0 0 0 0 0 0 0 0 0 0 0 0 0 0 0 0 0 0 0 0 0 0 0 0 0 0 0 0 0 0 0
INFO:tensorflow:input_mask: 1 1 1 1 1 1 1 1 1 1 1 1 1 1 1 1 1 1 1 1 1 1 1 1 1 1 1 1 1 1 1 1 1 1 1 1 1 1 1 0 0 0 0 0 0 0 0 0 0 0 0 0 0 0 0 0 0 0 0 0 0 0 0 0 0 0 0 0 0 0 0 0 0 0 0 0 0 0 0 0 0 0 0 0 0 0 0 0 0 0 0 0 0 0 0 0 0 0 0 0 0 0 0 0 0 0 0 0 0 0 0 0 0 0 0 0 0 0 0 0 0 0 0 0 0 0 0 0
I1103 09:00:44.228449 47349716317248 create_pretraining_data.py:161] input_mask: 1 1 1 1 1 1 1 1 1 1 1 1 1 1 1 1 1 1 1 1 1 1 1 1 1 1 1 1 1 1 1 1 1 1 1 1 1 1 1 0 0 0 0 0 0 0 0 0 0 0 0 0 0 0 0 0 0 0 0 0 0 0 0 0 0 0 0 0 0 0 0 0 0 0 0 0 0 0 0 0 0 0 0 0 0 0 0 0 0 0 0 0 0 0 0 0 0 0 0 0 0 0 0 0 0 0 0 0 0 0 0 0 0 0 0 0 0 0 0 0 0 0 0 0 0 0 0 0
INFO:tensorflow:segment_ids: 0 0 0 0 0 0 0 1 1 1 1 1 1 1 1 1 1 1 1 1 1 1 1 1 1 1 1 1 1 1 1 1 1 1 1 1 1 1 1 0 0 0 0 0 0 0 0 0 0 0 0 0 0 0 0 0 0 0 0 0 0 0 0 0 0 0 0 0 0 0 0 0 0 0 0 0 0 0 0 0 0 0 0 0 0 0 0 0 0 0 0 0 0 0 0 0 0 0 0 0 0 0 0 0 0 0 0 0 0 0 0 0 0 0 0 0 0 0 0 0 0 0 0 0 0 0 0 0
I1103 09:00:44.228571 47349716317248 create_pretraining_data.py:161] segment_ids: 0 0 0 0 0 0 0 1 1 1 1 1 1 1 1 1 1 1 1 1 1 1 1 1 1 1 1 1 1 1 1 1 1 1 1 1 1 1 1 0 0 0 0 0 0 0 0 0 0 0 0 0 0 0 0 0 0 0 0 0 0 0 0 0 0 0 0 0 0 0 0 0 0 0 0 0 0 0 0 0 0 0 0 0 0 0 0 0 0 0 0 0 0 0 0 0 0 0 0 0 0 0 0 0 0 0 0 0 0 0 0 0 0 0 0 0 0 0 0 0 0 0 0 0 0 0 0 0
INFO:tensorflow:masked_lm_positions: 12 15 16 23 24 32 0 0 0 0 0 0 0 0 0 0 0 0 0 0
I1103 09:00:44.228663 47349716317248 create_pretraining_data.py:161] masked_lm_positions: 12 15 16 23 24 32 0 0 0 0 0 0 0 0 0 0 0 0 0 0
INFO:tensorflow:masked_lm_ids: 5709 3344 2364 2519 1039 15535 0 0 0 0 0 0 0 0 0 0 0 0 0 0
I1103 09:00:44.228753 47349716317248 create_pretraining_data.py:161] masked_lm_ids: 5709 3344 2364 2519 1039 15535 0 0 0 0 0 0 0 0 0 0 0 0 0 0
INFO:tensorflow:masked_lm_weights: 1.0 1.0 1.0 1.0 1.0 1.0 0.0 0.0 0.0 0.0 0.0 0.0 0.0 0.0 0.0 0.0 0.0 0.0 0.0 0.0
I1103 09:00:44.228845 47349716317248 create_pretraining_data.py:161] masked_lm_weights: 1.0 1.0 1.0 1.0 1.0 1.0 0.0 0.0 0.0 0.0 0.0 0.0 0.0 0.0 0.0 0.0 0.0 0.0 0.0 0.0
INFO:tensorflow:next_sentence_labels: 1
I1103 09:00:44.228927 47349716317248 create_pretraining_data.py:161] next_sentence_labels: 1
INFO:tensorflow:*** Example ***
I1103 09:00:44.229540 47349716317248 create_pretraining_data.py:149] *** Example ***
INFO:tensorflow:tokens: [CLS] مكه [MASK] [MASK] بيت مكه [MASK] امتلك شقتك بالتقسيط اسعار مميزه ومسا ##حات مختلفه 00966 ##555 ##651594 [SEP] جنه الدنيا انتي [MASK] امي ربي يحفظك [SEP]
I1103 09:00:44.229668 47349716317248 create_pretraining_data.py:151] tokens: [CLS] مكه [MASK] [MASK] بيت مكه [MASK] امتلك شقتك بالتقسيط اسعار مميزه ومسا ##حات مختلفه 00966 ##555 ##651594 [SEP] جنه الدنيا انتي [MASK] امي ربي يحفظك [SEP]
INFO:tensorflow:input_ids: 2 6617 4 4 2967 6617 4 19395 20975 16954 5339 11760 19219 2505 13711 21226 23515 25448 3 8032 2859 5136 4 4372 2949 20217 3 0 0 0 0 0 0 0 0 0 0 0 0 0 0 0 0 0 0 0 0 0 0 0 0 0 0 0 0 0 0 0 0 0 0 0 0 0 0 0 0 0 0 0 0 0 0 0 0 0 0 0 0 0 0 0 0 0 0 0 0 0 0 0 0 0 0 0 0 0 0 0 0 0 0 0 0 0 0 0 0 0 0 0 0 0 0 0 0 0 0 0 0 0 0 0 0 0 0 0 0 0
I1103 09:00:44.229806 47349716317248 create_pretraining_data.py:161] input_ids: 2 6617 4 4 2967 6617 4 19395 20975 16954 5339 11760 19219 2505 13711 21226 23515 25448 3 8032 2859 5136 4 4372 2949 20217 3 0 0 0 0 0 0 0 0 0 0 0 0 0 0 0 0 0 0 0 0 0 0 0 0 0 0 0 0 0 0 0 0 0 0 0 0 0 0 0 0 0 0 0 0 0 0 0 0 0 0 0 0 0 0 0 0 0 0 0 0 0 0 0 0 0 0 0 0 0 0 0 0 0 0 0 0 0 0 0 0 0 0 0 0 0 0 0 0 0 0 0 0 0 0 0 0 0 0 0 0 0
INFO:tensorflow:input_mask: 1 1 1 1 1 1 1 1 1 1 1 1 1 1 1 1 1 1 1 1 1 1 1 1 1 1 1 0 0 0 0 0 0 0 0 0 0 0 0 0 0 0 0 0 0 0 0 0 0 0 0 0 0 0 0 0 0 0 0 0 0 0 0 0 0 0 0 0 0 0 0 0 0 0 0 0 0 0 0 0 0 0 0 0 0 0 0 0 0 0 0 0 0 0 0 0 0 0 0 0 0 0 0 0 0 0 0 0 0 0 0 0 0 0 0 0 0 0 0 0 0 0 0 0 0 0 0 0
I1103 09:00:44.229934 47349716317248 create_pretraining_data.py:161] input_mask: 1 1 1 1 1 1 1 1 1 1 1 1 1 1 1 1 1 1 1 1 1 1 1 1 1 1 1 0 0 0 0 0 0 0 0 0 0 0 0 0 0 0 0 0 0 0 0 0 0 0 0 0 0 0 0 0 0 0 0 0 0 0 0 0 0 0 0 0 0 0 0 0 0 0 0 0 0 0 0 0 0 0 0 0 0 0 0 0 0 0 0 0 0 0 0 0 0 0 0 0 0 0 0 0 0 0 0 0 0 0 0 0 0 0 0 0 0 0 0 0 0 0 0 0 0 0 0 0
INFO:tensorflow:segment_ids: 0 0 0 0 0 0 0 0 0 0 0 0 0 0 0 0 0 0 0 1 1 1 1 1 1 1 1 0 0 0 0 0 0 0 0 0 0 0 0 0 0 0 0 0 0 0 0 0 0 0 0 0 0 0 0 0 0 0 0 0 0 0 0 0 0 0 0 0 0 0 0 0 0 0 0 0 0 0 0 0 0 0 0 0 0 0 0 0 0 0 0 0 0 0 0 0 0 0 0 0 0 0 0 0 0 0 0 0 0 0 0 0 0 0 0 0 0 0 0 0 0 0 0 0 0 0 0 0
I1103 09:00:44.230058 47349716317248 create_pretraining_data.py:161] segment_ids: 0 0 0 0 0 0 0 0 0 0 0 0 0 0 0 0 0 0 0 1 1 1 1 1 1 1 1 0 0 0 0 0 0 0 0 0 0 0 0 0 0 0 0 0 0 0 0 0 0 0 0 0 0 0 0 0 0 0 0 0 0 0 0 0 0 0 0 0 0 0 0 0 0 0 0 0 0 0 0 0 0 0 0 0 0 0 0 0 0 0 0 0 0 0 0 0 0 0 0 0 0 0 0 0 0 0 0 0 0 0 0 0 0 0 0 0 0 0 0 0 0 0 0 0 0 0 0 0
INFO:tensorflow:masked_lm_positions: 2 3 6 22 0 0 0 0 0 0 0 0 0 0 0 0 0 0 0 0
I1103 09:00:44.230149 47349716317248 create_pretraining_data.py:161] masked_lm_positions: 2 3 6 22 0 0 0 0 0 0 0 0 0 0 0 0 0 0 0 0
INFO:tensorflow:masked_lm_ids: 15048 3680 7414 2104 0 0 0 0 0 0 0 0 0 0 0 0 0 0 0 0
I1103 09:00:44.230242 47349716317248 create_pretraining_data.py:161] masked_lm_ids: 15048 3680 7414 2104 0 0 0 0 0 0 0 0 0 0 0 0 0 0 0 0
INFO:tensorflow:masked_lm_weights: 1.0 1.0 1.0 1.0 0.0 0.0 0.0 0.0 0.0 0.0 0.0 0.0 0.0 0.0 0.0 0.0 0.0 0.0 0.0 0.0
I1103 09:00:44.230334 47349716317248 create_pretraining_data.py:161] masked_lm_weights: 1.0 1.0 1.0 1.0 0.0 0.0 0.0 0.0 0.0 0.0 0.0 0.0 0.0 0.0 0.0 0.0 0.0 0.0 0.0 0.0
INFO:tensorflow:next_sentence_labels: 1
I1103 09:00:44.230417 47349716317248 create_pretraining_data.py:161] next_sentence_labels: 1
INFO:tensorflow:*** Example ***
I1103 09:00:44.230988 47349716317248 create_pretraining_data.py:149] *** Example ***
INFO:tensorflow:tokens: [CLS] ابها [SEP] عاجل الامم المتحده تعلن عن موافق ##ه النصي ##ري ##ين علي دخول المواد [MASK] ##ه ل اهلنا في مضايا [MASK] [MASK] وهذا بفضل الله ثم الناش ##طين والمنا ##صرين [SEP]
I1103 09:00:44.231113 47349716317248 create_pretraining_data.py:151] tokens: [CLS] ابها [SEP] عاجل الامم المتحده تعلن عن موافق ##ه النصي ##ري ##ين علي دخول المواد [MASK] ##ه ل اهلنا في مضايا [MASK] [MASK] وهذا بفضل الله ثم الناش ##طين والمنا ##صرين [SEP]
INFO:tensorflow:input_ids: 2 19299 3 4059 7965 13384 6434 1955 19229 1028 20524 1923 1911 1958 5090 4989 4 1028 411 18761 1912 6052 4 4 3265 8132 1953 2371 13161 5691 6816 18696 3 0 0 0 0 0 0 0 0 0 0 0 0 0 0 0 0 0 0 0 0 0 0 0 0 0 0 0 0 0 0 0 0 0 0 0 0 0 0 0 0 0 0 0 0 0 0 0 0 0 0 0 0 0 0 0 0 0 0 0 0 0 0 0 0 0 0 0 0 0 0 0 0 0 0 0 0 0 0 0 0 0 0 0 0 0 0 0 0 0 0 0 0 0 0 0
I1103 09:00:44.231269 47349716317248 create_pretraining_data.py:161] input_ids: 2 19299 3 4059 7965 13384 6434 1955 19229 1028 20524 1923 1911 1958 5090 4989 4 1028 411 18761 1912 6052 4 4 3265 8132 1953 2371 13161 5691 6816 18696 3 0 0 0 0 0 0 0 0 0 0 0 0 0 0 0 0 0 0 0 0 0 0 0 0 0 0 0 0 0 0 0 0 0 0 0 0 0 0 0 0 0 0 0 0 0 0 0 0 0 0 0 0 0 0 0 0 0 0 0 0 0 0 0 0 0 0 0 0 0 0 0 0 0 0 0 0 0 0 0 0 0 0 0 0 0 0 0 0 0 0 0 0 0 0 0
INFO:tensorflow:input_mask: 1 1 1 1 1 1 1 1 1 1 1 1 1 1 1 1 1 1 1 1 1 1 1 1 1 1 1 1 1 1 1 1 1 0 0 0 0 0 0 0 0 0 0 0 0 0 0 0 0 0 0 0 0 0 0 0 0 0 0 0 0 0 0 0 0 0 0 0 0 0 0 0 0 0 0 0 0 0 0 0 0 0 0 0 0 0 0 0 0 0 0 0 0 0 0 0 0 0 0 0 0 0 0 0 0 0 0 0 0 0 0 0 0 0 0 0 0 0 0 0 0 0 0 0 0 0 0 0
I1103 09:00:44.231398 47349716317248 create_pretraining_data.py:161] input_mask: 1 1 1 1 1 1 1 1 1 1 1 1 1 1 1 1 1 1 1 1 1 1 1 1 1 1 1 1 1 1 1 1 1 0 0 0 0 0 0 0 0 0 0 0 0 0 0 0 0 0 0 0 0 0 0 0 0 0 0 0 0 0 0 0 0 0 0 0 0 0 0 0 0 0 0 0 0 0 0 0 0 0 0 0 0 0 0 0 0 0 0 0 0 0 0 0 0 0 0 0 0 0 0 0 0 0 0 0 0 0 0 0 0 0 0 0 0 0 0 0 0 0 0 0 0 0 0 0
INFO:tensorflow:segment_ids: 0 0 0 1 1 1 1 1 1 1 1 1 1 1 1 1 1 1 1 1 1 1 1 1 1 1 1 1 1 1 1 1 1 0 0 0 0 0 0 0 0 0 0 0 0 0 0 0 0 0 0 0 0 0 0 0 0 0 0 0 0 0 0 0 0 0 0 0 0 0 0 0 0 0 0 0 0 0 0 0 0 0 0 0 0 0 0 0 0 0 0 0 0 0 0 0 0 0 0 0 0 0 0 0 0 0 0 0 0 0 0 0 0 0 0 0 0 0 0 0 0 0 0 0 0 0 0 0
I1103 09:00:44.231521 47349716317248 create_pretraining_data.py:161] segment_ids: 0 0 0 1 1 1 1 1 1 1 1 1 1 1 1 1 1 1 1 1 1 1 1 1 1 1 1 1 1 1 1 1 1 0 0 0 0 0 0 0 0 0 0 0 0 0 0 0 0 0 0 0 0 0 0 0 0 0 0 0 0 0 0 0 0 0 0 0 0 0 0 0 0 0 0 0 0 0 0 0 0 0 0 0 0 0 0 0 0 0 0 0 0 0 0 0 0 0 0 0 0 0 0 0 0 0 0 0 0 0 0 0 0 0 0 0 0 0 0 0 0 0 0 0 0 0 0 0
INFO:tensorflow:masked_lm_positions: 16 17 22 23 26 0 0 0 0 0 0 0 0 0 0 0 0 0 0 0
I1103 09:00:44.231615 47349716317248 create_pretraining_data.py:161] masked_lm_positions: 16 17 22 23 26 0 0 0 0 0 0 0 0 0 0 0 0 0 0 0
INFO:tensorflow:masked_lm_ids: 18722 1028 4394 19727 1953 0 0 0 0 0 0 0 0 0 0 0 0 0 0 0
I1103 09:00:44.231704 47349716317248 create_pretraining_data.py:161] masked_lm_ids: 18722 1028 4394 19727 1953 0 0 0 0 0 0 0 0 0 0 0 0 0 0 0
INFO:tensorflow:masked_lm_weights: 1.0 1.0 1.0 1.0 1.0 0.0 0.0 0.0 0.0 0.0 0.0 0.0 0.0 0.0 0.0 0.0 0.0 0.0 0.0 0.0
I1103 09:00:44.231796 47349716317248 create_pretraining_data.py:161] masked_lm_weights: 1.0 1.0 1.0 1.0 1.0 0.0 0.0 0.0 0.0 0.0 0.0 0.0 0.0 0.0 0.0 0.0 0.0 0.0 0.0 0.0
INFO:tensorflow:next_sentence_labels: 1
I1103 09:00:44.231877 47349716317248 create_pretraining_data.py:161] next_sentence_labels: 1
INFO:tensorflow:*** Example ***
I1103 09:00:44.232442 47349716317248 create_pretraining_data.py:149] *** Example ***
INFO:tensorflow:tokens: [CLS] هي اشياء لا تشتري ولكنها تباع احيانا [SEP] ياج ##عل الله ياخذ ##نا [MASK] [SEP]
I1103 09:00:44.232562 47349716317248 create_pretraining_data.py:151] tokens: [CLS] هي اشياء لا تشتري ولكنها تباع احيانا [SEP] ياج ##عل الله ياخذ ##نا [MASK] [SEP]
INFO:tensorflow:input_ids: 2 2247 6164 1963 19754 9298 28593 5970 3 9712 2329 1953 8377 1914 4 3 0 0 0 0 0 0 0 0 0 0 0 0 0 0 0 0 0 0 0 0 0 0 0 0 0 0 0 0 0 0 0 0 0 0 0 0 0 0 0 0 0 0 0 0 0 0 0 0 0 0 0 0 0 0 0 0 0 0 0 0 0 0 0 0 0 0 0 0 0 0 0 0 0 0 0 0 0 0 0 0 0 0 0 0 0 0 0 0 0 0 0 0 0 0 0 0 0 0 0 0 0 0 0 0 0 0 0 0 0 0 0 0
I1103 09:00:44.232693 47349716317248 create_pretraining_data.py:161] input_ids: 2 2247 6164 1963 19754 9298 28593 5970 3 9712 2329 1953 8377 1914 4 3 0 0 0 0 0 0 0 0 0 0 0 0 0 0 0 0 0 0 0 0 0 0 0 0 0 0 0 0 0 0 0 0 0 0 0 0 0 0 0 0 0 0 0 0 0 0 0 0 0 0 0 0 0 0 0 0 0 0 0 0 0 0 0 0 0 0 0 0 0 0 0 0 0 0 0 0 0 0 0 0 0 0 0 0 0 0 0 0 0 0 0 0 0 0 0 0 0 0 0 0 0 0 0 0 0 0 0 0 0 0 0 0
INFO:tensorflow:input_mask: 1 1 1 1 1 1 1 1 1 1 1 1 1 1 1 1 0 0 0 0 0 0 0 0 0 0 0 0 0 0 0 0 0 0 0 0 0 0 0 0 0 0 0 0 0 0 0 0 0 0 0 0 0 0 0 0 0 0 0 0 0 0 0 0 0 0 0 0 0 0 0 0 0 0 0 0 0 0 0 0 0 0 0 0 0 0 0 0 0 0 0 0 0 0 0 0 0 0 0 0 0 0 0 0 0 0 0 0 0 0 0 0 0 0 0 0 0 0 0 0 0 0 0 0 0 0 0 0
I1103 09:00:44.232832 47349716317248 create_pretraining_data.py:161] input_mask: 1 1 1 1 1 1 1 1 1 1 1 1 1 1 1 1 0 0 0 0 0 0 0 0 0 0 0 0 0 0 0 0 0 0 0 0 0 0 0 0 0 0 0 0 0 0 0 0 0 0 0 0 0 0 0 0 0 0 0 0 0 0 0 0 0 0 0 0 0 0 0 0 0 0 0 0 0 0 0 0 0 0 0 0 0 0 0 0 0 0 0 0 0 0 0 0 0 0 0 0 0 0 0 0 0 0 0 0 0 0 0 0 0 0 0 0 0 0 0 0 0 0 0 0 0 0 0 0
INFO:tensorflow:segment_ids: 0 0 0 0 0 0 0 0 0 1 1 1 1 1 1 1 0 0 0 0 0 0 0 0 0 0 0 0 0 0 0 0 0 0 0 0 0 0 0 0 0 0 0 0 0 0 0 0 0 0 0 0 0 0 0 0 0 0 0 0 0 0 0 0 0 0 0 0 0 0 0 0 0 0 0 0 0 0 0 0 0 0 0 0 0 0 0 0 0 0 0 0 0 0 0 0 0 0 0 0 0 0 0 0 0 0 0 0 0 0 0 0 0 0 0 0 0 0 0 0 0 0 0 0 0 0 0 0
I1103 09:00:44.232956 47349716317248 create_pretraining_data.py:161] segment_ids: 0 0 0 0 0 0 0 0 0 1 1 1 1 1 1 1 0 0 0 0 0 0 0 0 0 0 0 0 0 0 0 0 0 0 0 0 0 0 0 0 0 0 0 0 0 0 0 0 0 0 0 0 0 0 0 0 0 0 0 0 0 0 0 0 0 0 0 0 0 0 0 0 0 0 0 0 0 0 0 0 0 0 0 0 0 0 0 0 0 0 0 0 0 0 0 0 0 0 0 0 0 0 0 0 0 0 0 0 0 0 0 0 0 0 0 0 0 0 0 0 0 0 0 0 0 0 0 0
INFO:tensorflow:masked_lm_positions: 5 14 0 0 0 0 0 0 0 0 0 0 0 0 0 0 0 0 0 0
I1103 09:00:44.233048 47349716317248 create_pretraining_data.py:161] masked_lm_positions: 5 14 0 0 0 0 0 0 0 0 0 0 0 0 0 0 0 0 0 0
INFO:tensorflow:masked_lm_ids: 9298 7357 0 0 0 0 0 0 0 0 0 0 0 0 0 0 0 0 0 0
I1103 09:00:44.233138 47349716317248 create_pretraining_data.py:161] masked_lm_ids: 9298 7357 0 0 0 0 0 0 0 0 0 0 0 0 0 0 0 0 0 0
INFO:tensorflow:masked_lm_weights: 1.0 1.0 0.0 0.0 0.0 0.0 0.0 0.0 0.0 0.0 0.0 0.0 0.0 0.0 0.0 0.0 0.0 0.0 0.0 0.0
I1103 09:00:44.233228 47349716317248 create_pretraining_data.py:161] masked_lm_weights: 1.0 1.0 0.0 0.0 0.0 0.0 0.0 0.0 0.0 0.0 0.0 0.0 0.0 0.0 0.0 0.0 0.0 0.0 0.0 0.0
INFO:tensorflow:next_sentence_labels: 1
I1103 09:00:44.233318 47349716317248 create_pretraining_data.py:161] next_sentence_labels: 1
INFO:tensorflow:*** Example ***
I1103 09:00:44.233902 47349716317248 create_pretraining_data.py:149] *** Example ***
INFO:tensorflow:tokens: [CLS] اول [MASK] اشوف بيسو [MASK] من حركه علوش [MASK] ومن قلبه [SEP] اشخاص [MASK] بك ##فه والدنيا بكل من عليها بك ##فه اخري والان هم خارج الكف ##تين سبحان زار ##ع الشعور ونا ##زعه [SEP]
I1103 09:00:44.234029 47349716317248 create_pretraining_data.py:151] tokens: [CLS] اول [MASK] اشوف بيسو [MASK] من حركه علوش [MASK] ومن قلبه [SEP] اشخاص [MASK] بك ##فه والدنيا بكل من عليها بك ##فه اخري والان هم خارج الكف ##تين سبحان زار ##ع الشعور ونا ##زعه [SEP]
INFO:tensorflow:input_ids: 2 3085 4 6026 25277 4 1908 14347 9614 4 2298 6394 3 7096 4 2395 2611 19327 3268 1908 2717 2395 2611 7747 4308 2839 3830 16150 3232 2575 12404 1009 7554 4916 19353 3 0 0 0 0 0 0 0 0 0 0 0 0 0 0 0 0 0 0 0 0 0 0 0 0 0 0 0 0 0 0 0 0 0 0 0 0 0 0 0 0 0 0 0 0 0 0 0 0 0 0 0 0 0 0 0 0 0 0 0 0 0 0 0 0 0 0 0 0 0 0 0 0 0 0 0 0 0 0 0 0 0 0 0 0 0 0 0 0 0 0 0 0
I1103 09:00:44.234165 47349716317248 create_pretraining_data.py:161] input_ids: 2 3085 4 6026 25277 4 1908 14347 9614 4 2298 6394 3 7096 4 2395 2611 19327 3268 1908 2717 2395 2611 7747 4308 2839 3830 16150 3232 2575 12404 1009 7554 4916 19353 3 0 0 0 0 0 0 0 0 0 0 0 0 0 0 0 0 0 0 0 0 0 0 0 0 0 0 0 0 0 0 0 0 0 0 0 0 0 0 0 0 0 0 0 0 0 0 0 0 0 0 0 0 0 0 0 0 0 0 0 0 0 0 0 0 0 0 0 0 0 0 0 0 0 0 0 0 0 0 0 0 0 0 0 0 0 0 0 0 0 0 0 0
INFO:tensorflow:input_mask: 1 1 1 1 1 1 1 1 1 1 1 1 1 1 1 1 1 1 1 1 1 1 1 1 1 1 1 1 1 1 1 1 1 1 1 1 0 0 0 0 0 0 0 0 0 0 0 0 0 0 0 0 0 0 0 0 0 0 0 0 0 0 0 0 0 0 0 0 0 0 0 0 0 0 0 0 0 0 0 0 0 0 0 0 0 0 0 0 0 0 0 0 0 0 0 0 0 0 0 0 0 0 0 0 0 0 0 0 0 0 0 0 0 0 0 0 0 0 0 0 0 0 0 0 0 0 0 0
I1103 09:00:44.234297 47349716317248 create_pretraining_data.py:161] input_mask: 1 1 1 1 1 1 1 1 1 1 1 1 1 1 1 1 1 1 1 1 1 1 1 1 1 1 1 1 1 1 1 1 1 1 1 1 0 0 0 0 0 0 0 0 0 0 0 0 0 0 0 0 0 0 0 0 0 0 0 0 0 0 0 0 0 0 0 0 0 0 0 0 0 0 0 0 0 0 0 0 0 0 0 0 0 0 0 0 0 0 0 0 0 0 0 0 0 0 0 0 0 0 0 0 0 0 0 0 0 0 0 0 0 0 0 0 0 0 0 0 0 0 0 0 0 0 0 0
INFO:tensorflow:segment_ids: 0 0 0 0 0 0 0 0 0 0 0 0 0 1 1 1 1 1 1 1 1 1 1 1 1 1 1 1 1 1 1 1 1 1 1 1 0 0 0 0 0 0 0 0 0 0 0 0 0 0 0 0 0 0 0 0 0 0 0 0 0 0 0 0 0 0 0 0 0 0 0 0 0 0 0 0 0 0 0 0 0 0 0 0 0 0 0 0 0 0 0 0 0 0 0 0 0 0 0 0 0 0 0 0 0 0 0 0 0 0 0 0 0 0 0 0 0 0 0 0 0 0 0 0 0 0 0 0
I1103 09:00:44.234435 47349716317248 create_pretraining_data.py:161] segment_ids: 0 0 0 0 0 0 0 0 0 0 0 0 0 1 1 1 1 1 1 1 1 1 1 1 1 1 1 1 1 1 1 1 1 1 1 1 0 0 0 0 0 0 0 0 0 0 0 0 0 0 0 0 0 0 0 0 0 0 0 0 0 0 0 0 0 0 0 0 0 0 0 0 0 0 0 0 0 0 0 0 0 0 0 0 0 0 0 0 0 0 0 0 0 0 0 0 0 0 0 0 0 0 0 0 0 0 0 0 0 0 0 0 0 0 0 0 0 0 0 0 0 0 0 0 0 0 0 0
INFO:tensorflow:masked_lm_positions: 2 5 9 11 14 0 0 0 0 0 0 0 0 0 0 0 0 0 0 0
I1103 09:00:44.234527 47349716317248 create_pretraining_data.py:161] masked_lm_positions: 2 5 9 11 14 0 0 0 0 0 0 0 0 0 0 0 0 0 0 0
INFO:tensorflow:masked_lm_ids: 3502 13007 1912 6394 4281 0 0 0 0 0 0 0 0 0 0 0 0 0 0 0
I1103 09:00:44.234616 47349716317248 create_pretraining_data.py:161] masked_lm_ids: 3502 13007 1912 6394 4281 0 0 0 0 0 0 0 0 0 0 0 0 0 0 0
INFO:tensorflow:masked_lm_weights: 1.0 1.0 1.0 1.0 1.0 0.0 0.0 0.0 0.0 0.0 0.0 0.0 0.0 0.0 0.0 0.0 0.0 0.0 0.0 0.0
I1103 09:00:44.234707 47349716317248 create_pretraining_data.py:161] masked_lm_weights: 1.0 1.0 1.0 1.0 1.0 0.0 0.0 0.0 0.0 0.0 0.0 0.0 0.0 0.0 0.0 0.0 0.0 0.0 0.0 0.0
INFO:tensorflow:next_sentence_labels: 1
I1103 09:00:44.234790 47349716317248 create_pretraining_data.py:161] next_sentence_labels: 1
INFO:tensorflow:*** Example ***
I1103 09:00:44.235388 47349716317248 create_pretraining_data.py:149] *** Example ***
INFO:tensorflow:tokens: [CLS] لا اله [MASK] الله سبحان الله وبحمده [MASK] الله العظيم استغفرالله واتوب اليه [SEP] دبلوماسي ارد ##ني في ايران نصل ##ي الجمعه بكرا [MASK] سفاره المملكه لعدم وجود مسجد للس ##نه ب طهران فا ##غلق ##ه [MASK] [MASK] وترك ##وا [MASK] مفتوحه [SEP]
I1103 09:00:44.235522 47349716317248 create_pretraining_data.py:151] tokens: [CLS] لا اله [MASK] الله سبحان الله وبحمده [MASK] الله العظيم استغفرالله واتوب اليه [SEP] دبلوماسي ارد ##ني في ايران نصل ##ي الجمعه بكرا [MASK] سفاره المملكه لعدم وجود مسجد للس ##نه ب طهران فا ##غلق ##ه [MASK] [MASK] وترك ##وا [MASK] مفتوحه [SEP]
INFO:tensorflow:input_ids: 2 1963 2090 4 1953 2575 1953 4276 4 1953 3049 5045 3915 3055 3 19008 5737 1974 1912 3115 23414 1013 4305 17073 4 23849 5195 9053 3276 8830 2916 2110 388 7199 3031 21805 1028 4 4 6796 1928 4 22680 3 0 0 0 0 0 0 0 0 0 0 0 0 0 0 0 0 0 0 0 0 0 0 0 0 0 0 0 0 0 0 0 0 0 0 0 0 0 0 0 0 0 0 0 0 0 0 0 0 0 0 0 0 0 0 0 0 0 0 0 0 0 0 0 0 0 0 0 0 0 0 0 0 0 0 0 0 0 0 0 0 0 0 0 0
I1103 09:00:44.235664 47349716317248 create_pretraining_data.py:161] input_ids: 2 1963 2090 4 1953 2575 1953 4276 4 1953 3049 5045 3915 3055 3 19008 5737 1974 1912 3115 23414 1013 4305 17073 4 23849 5195 9053 3276 8830 2916 2110 388 7199 3031 21805 1028 4 4 6796 1928 4 22680 3 0 0 0 0 0 0 0 0 0 0 0 0 0 0 0 0 0 0 0 0 0 0 0 0 0 0 0 0 0 0 0 0 0 0 0 0 0 0 0 0 0 0 0 0 0 0 0 0 0 0 0 0 0 0 0 0 0 0 0 0 0 0 0 0 0 0 0 0 0 0 0 0 0 0 0 0 0 0 0 0 0 0 0 0
INFO:tensorflow:input_mask: 1 1 1 1 1 1 1 1 1 1 1 1 1 1 1 1 1 1 1 1 1 1 1 1 1 1 1 1 1 1 1 1 1 1 1 1 1 1 1 1 1 1 1 1 0 0 0 0 0 0 0 0 0 0 0 0 0 0 0 0 0 0 0 0 0 0 0 0 0 0 0 0 0 0 0 0 0 0 0 0 0 0 0 0 0 0 0 0 0 0 0 0 0 0 0 0 0 0 0 0 0 0 0 0 0 0 0 0 0 0 0 0 0 0 0 0 0 0 0 0 0 0 0 0 0 0 0 0
I1103 09:00:44.235790 47349716317248 create_pretraining_data.py:161] input_mask: 1 1 1 1 1 1 1 1 1 1 1 1 1 1 1 1 1 1 1 1 1 1 1 1 1 1 1 1 1 1 1 1 1 1 1 1 1 1 1 1 1 1 1 1 0 0 0 0 0 0 0 0 0 0 0 0 0 0 0 0 0 0 0 0 0 0 0 0 0 0 0 0 0 0 0 0 0 0 0 0 0 0 0 0 0 0 0 0 0 0 0 0 0 0 0 0 0 0 0 0 0 0 0 0 0 0 0 0 0 0 0 0 0 0 0 0 0 0 0 0 0 0 0 0 0 0 0 0
INFO:tensorflow:segment_ids: 0 0 0 0 0 0 0 0 0 0 0 0 0 0 0 1 1 1 1 1 1 1 1 1 1 1 1 1 1 1 1 1 1 1 1 1 1 1 1 1 1 1 1 1 0 0 0 0 0 0 0 0 0 0 0 0 0 0 0 0 0 0 0 0 0 0 0 0 0 0 0 0 0 0 0 0 0 0 0 0 0 0 0 0 0 0 0 0 0 0 0 0 0 0 0 0 0 0 0 0 0 0 0 0 0 0 0 0 0 0 0 0 0 0 0 0 0 0 0 0 0 0 0 0 0 0 0 0
I1103 09:00:44.235926 47349716317248 create_pretraining_data.py:161] segment_ids: 0 0 0 0 0 0 0 0 0 0 0 0 0 0 0 1 1 1 1 1 1 1 1 1 1 1 1 1 1 1 1 1 1 1 1 1 1 1 1 1 1 1 1 1 0 0 0 0 0 0 0 0 0 0 0 0 0 0 0 0 0 0 0 0 0 0 0 0 0 0 0 0 0 0 0 0 0 0 0 0 0 0 0 0 0 0 0 0 0 0 0 0 0 0 0 0 0 0 0 0 0 0 0 0 0 0 0 0 0 0 0 0 0 0 0 0 0 0 0 0 0 0 0 0 0 0 0 0
INFO:tensorflow:masked_lm_positions: 3 8 23 24 37 38 41 0 0 0 0 0 0 0 0 0 0 0 0 0
I1103 09:00:44.236020 47349716317248 create_pretraining_data.py:161] masked_lm_positions: 3 8 23 24 37 38 41 0 0 0 0 0 0 0 0 0 0 0 0 0
INFO:tensorflow:masked_lm_ids: 1915 2575 17073 1041 5878 1922 23325 0 0 0 0 0 0 0 0 0 0 0 0 0
I1103 09:00:44.236111 47349716317248 create_pretraining_data.py:161] masked_lm_ids: 1915 2575 17073 1041 5878 1922 23325 0 0 0 0 0 0 0 0 0 0 0 0 0
INFO:tensorflow:masked_lm_weights: 1.0 1.0 1.0 1.0 1.0 1.0 1.0 0.0 0.0 0.0 0.0 0.0 0.0 0.0 0.0 0.0 0.0 0.0 0.0 0.0
I1103 09:00:44.236203 47349716317248 create_pretraining_data.py:161] masked_lm_weights: 1.0 1.0 1.0 1.0 1.0 1.0 1.0 0.0 0.0 0.0 0.0 0.0 0.0 0.0 0.0 0.0 0.0 0.0 0.0 0.0
INFO:tensorflow:next_sentence_labels: 1
I1103 09:00:44.236304 47349716317248 create_pretraining_data.py:161] next_sentence_labels: 1
INFO:tensorflow:*** Example ***
I1103 09:00:44.236871 47349716317248 create_pretraining_data.py:149] *** Example ***
INFO:tensorflow:tokens: [CLS] اوروبا غير راضيه عن جهود تركيا لاحت ##واء اللجوء [SEP] جميل هذا الصباح بجمال قبله طبع ##ت ع جب ##يني من [MASK] كفيله بان تجعل يومي جميل [MASK] صباح المو ##ده [MASK] مطير [SEP]
I1103 09:00:44.236996 47349716317248 create_pretraining_data.py:151] tokens: [CLS] اوروبا غير راضيه عن جهود تركيا لاحت ##واء اللجوء [SEP] جميل هذا الصباح بجمال قبله طبع ##ت ع جب ##يني من [MASK] كفيله بان تجعل يومي جميل [MASK] صباح المو ##ده [MASK] مطير [SEP]
INFO:tensorflow:input_ids: 2 9721 2224 23798 1955 7778 4081 13181 2646 12651 3 3814 2085 4235 17345 10758 10292 1005 405 5295 2262 1908 4 28018 2768 5854 8628 3814 4 2570 2763 2124 4 16906 3 0 0 0 0 0 0 0 0 0 0 0 0 0 0 0 0 0 0 0 0 0 0 0 0 0 0 0 0 0 0 0 0 0 0 0 0 0 0 0 0 0 0 0 0 0 0 0 0 0 0 0 0 0 0 0 0 0 0 0 0 0 0 0 0 0 0 0 0 0 0 0 0 0 0 0 0 0 0 0 0 0 0 0 0 0 0 0 0 0 0 0 0 0
I1103 09:00:44.237133 47349716317248 create_pretraining_data.py:161] input_ids: 2 9721 2224 23798 1955 7778 4081 13181 2646 12651 3 3814 2085 4235 17345 10758 10292 1005 405 5295 2262 1908 4 28018 2768 5854 8628 3814 4 2570 2763 2124 4 16906 3 0 0 0 0 0 0 0 0 0 0 0 0 0 0 0 0 0 0 0 0 0 0 0 0 0 0 0 0 0 0 0 0 0 0 0 0 0 0 0 0 0 0 0 0 0 0 0 0 0 0 0 0 0 0 0 0 0 0 0 0 0 0 0 0 0 0 0 0 0 0 0 0 0 0 0 0 0 0 0 0 0 0 0 0 0 0 0 0 0 0 0 0 0
INFO:tensorflow:input_mask: 1 1 1 1 1 1 1 1 1 1 1 1 1 1 1 1 1 1 1 1 1 1 1 1 1 1 1 1 1 1 1 1 1 1 1 0 0 0 0 0 0 0 0 0 0 0 0 0 0 0 0 0 0 0 0 0 0 0 0 0 0 0 0 0 0 0 0 0 0 0 0 0 0 0 0 0 0 0 0 0 0 0 0 0 0 0 0 0 0 0 0 0 0 0 0 0 0 0 0 0 0 0 0 0 0 0 0 0 0 0 0 0 0 0 0 0 0 0 0 0 0 0 0 0 0 0 0 0
I1103 09:00:44.237264 47349716317248 create_pretraining_data.py:161] input_mask: 1 1 1 1 1 1 1 1 1 1 1 1 1 1 1 1 1 1 1 1 1 1 1 1 1 1 1 1 1 1 1 1 1 1 1 0 0 0 0 0 0 0 0 0 0 0 0 0 0 0 0 0 0 0 0 0 0 0 0 0 0 0 0 0 0 0 0 0 0 0 0 0 0 0 0 0 0 0 0 0 0 0 0 0 0 0 0 0 0 0 0 0 0 0 0 0 0 0 0 0 0 0 0 0 0 0 0 0 0 0 0 0 0 0 0 0 0 0 0 0 0 0 0 0 0 0 0 0
INFO:tensorflow:segment_ids: 0 0 0 0 0 0 0 0 0 0 0 1 1 1 1 1 1 1 1 1 1 1 1 1 1 1 1 1 1 1 1 1 1 1 1 0 0 0 0 0 0 0 0 0 0 0 0 0 0 0 0 0 0 0 0 0 0 0 0 0 0 0 0 0 0 0 0 0 0 0 0 0 0 0 0 0 0 0 0 0 0 0 0 0 0 0 0 0 0 0 0 0 0 0 0 0 0 0 0 0 0 0 0 0 0 0 0 0 0 0 0 0 0 0 0 0 0 0 0 0 0 0 0 0 0 0 0 0
I1103 09:00:44.237388 47349716317248 create_pretraining_data.py:161] segment_ids: 0 0 0 0 0 0 0 0 0 0 0 1 1 1 1 1 1 1 1 1 1 1 1 1 1 1 1 1 1 1 1 1 1 1 1 0 0 0 0 0 0 0 0 0 0 0 0 0 0 0 0 0 0 0 0 0 0 0 0 0 0 0 0 0 0 0 0 0 0 0 0 0 0 0 0 0 0 0 0 0 0 0 0 0 0 0 0 0 0 0 0 0 0 0 0 0 0 0 0 0 0 0 0 0 0 0 0 0 0 0 0 0 0 0 0 0 0 0 0 0 0 0 0 0 0 0 0 0
INFO:tensorflow:masked_lm_positions: 6 22 27 28 32 0 0 0 0 0 0 0 0 0 0 0 0 0 0 0
I1103 09:00:44.237495 47349716317248 create_pretraining_data.py:161] masked_lm_positions: 6 22 27 28 32 0 0 0 0 0 0 0 0 0 0 0 0 0 0 0
INFO:tensorflow:masked_lm_ids: 4081 3855 3814 2882 3894 0 0 0 0 0 0 0 0 0 0 0 0 0 0 0
I1103 09:00:44.237585 47349716317248 create_pretraining_data.py:161] masked_lm_ids: 4081 3855 3814 2882 3894 0 0 0 0 0 0 0 0 0 0 0 0 0 0 0
INFO:tensorflow:masked_lm_weights: 1.0 1.0 1.0 1.0 1.0 0.0 0.0 0.0 0.0 0.0 0.0 0.0 0.0 0.0 0.0 0.0 0.0 0.0 0.0 0.0
I1103 09:00:44.237676 47349716317248 create_pretraining_data.py:161] masked_lm_weights: 1.0 1.0 1.0 1.0 1.0 0.0 0.0 0.0 0.0 0.0 0.0 0.0 0.0 0.0 0.0 0.0 0.0 0.0 0.0 0.0
INFO:tensorflow:next_sentence_labels: 1
I1103 09:00:44.237757 47349716317248 create_pretraining_data.py:161] next_sentence_labels: 1
INFO:tensorflow:*** Example ***
I1103 09:00:44.238347 47349716317248 create_pretraining_data.py:149] *** Example ***
INFO:tensorflow:tokens: [CLS] كو ##زم ##ين لدي خيبه ھ [MASK] ومن ##زع ##ج داخليا لما [MASK] للفريق في المباريات [SEP] انشهد [SEP]
I1103 09:00:44.238471 47349716317248 create_pretraining_data.py:151] tokens: [CLS] كو ##زم ##ين لدي خيبه ھ [MASK] ومن ##زع ##ج داخليا لما [MASK] للفريق في المباريات [SEP] انشهد [SEP]
INFO:tensorflow:input_ids: 2 14611 2741 1911 4118 24888 474 4 2298 5327 1041 27038 2518 4 11751 1912 9924 3 25916 3 0 0 0 0 0 0 0 0 0 0 0 0 0 0 0 0 0 0 0 0 0 0 0 0 0 0 0 0 0 0 0 0 0 0 0 0 0 0 0 0 0 0 0 0 0 0 0 0 0 0 0 0 0 0 0 0 0 0 0 0 0 0 0 0 0 0 0 0 0 0 0 0 0 0 0 0 0 0 0 0 0 0 0 0 0 0 0 0 0 0 0 0 0 0 0 0 0 0 0 0 0 0 0 0 0 0 0 0
I1103 09:00:44.238606 47349716317248 create_pretraining_data.py:161] input_ids: 2 14611 2741 1911 4118 24888 474 4 2298 5327 1041 27038 2518 4 11751 1912 9924 3 25916 3 0 0 0 0 0 0 0 0 0 0 0 0 0 0 0 0 0 0 0 0 0 0 0 0 0 0 0 0 0 0 0 0 0 0 0 0 0 0 0 0 0 0 0 0 0 0 0 0 0 0 0 0 0 0 0 0 0 0 0 0 0 0 0 0 0 0 0 0 0 0 0 0 0 0 0 0 0 0 0 0 0 0 0 0 0 0 0 0 0 0 0 0 0 0 0 0 0 0 0 0 0 0 0 0 0 0 0 0
INFO:tensorflow:input_mask: 1 1 1 1 1 1 1 1 1 1 1 1 1 1 1 1 1 1 1 1 0 0 0 0 0 0 0 0 0 0 0 0 0 0 0 0 0 0 0 0 0 0 0 0 0 0 0 0 0 0 0 0 0 0 0 0 0 0 0 0 0 0 0 0 0 0 0 0 0 0 0 0 0 0 0 0 0 0 0 0 0 0 0 0 0 0 0 0 0 0 0 0 0 0 0 0 0 0 0 0 0 0 0 0 0 0 0 0 0 0 0 0 0 0 0 0 0 0 0 0 0 0 0 0 0 0 0 0
I1103 09:00:44.238730 47349716317248 create_pretraining_data.py:161] input_mask: 1 1 1 1 1 1 1 1 1 1 1 1 1 1 1 1 1 1 1 1 0 0 0 0 0 0 0 0 0 0 0 0 0 0 0 0 0 0 0 0 0 0 0 0 0 0 0 0 0 0 0 0 0 0 0 0 0 0 0 0 0 0 0 0 0 0 0 0 0 0 0 0 0 0 0 0 0 0 0 0 0 0 0 0 0 0 0 0 0 0 0 0 0 0 0 0 0 0 0 0 0 0 0 0 0 0 0 0 0 0 0 0 0 0 0 0 0 0 0 0 0 0 0 0 0 0 0 0
INFO:tensorflow:segment_ids: 0 0 0 0 0 0 0 0 0 0 0 0 0 0 0 0 0 0 1 1 0 0 0 0 0 0 0 0 0 0 0 0 0 0 0 0 0 0 0 0 0 0 0 0 0 0 0 0 0 0 0 0 0 0 0 0 0 0 0 0 0 0 0 0 0 0 0 0 0 0 0 0 0 0 0 0 0 0 0 0 0 0 0 0 0 0 0 0 0 0 0 0 0 0 0 0 0 0 0 0 0 0 0 0 0 0 0 0 0 0 0 0 0 0 0 0 0 0 0 0 0 0 0 0 0 0 0 0
I1103 09:00:44.238850 47349716317248 create_pretraining_data.py:161] segment_ids: 0 0 0 0 0 0 0 0 0 0 0 0 0 0 0 0 0 0 1 1 0 0 0 0 0 0 0 0 0 0 0 0 0 0 0 0 0 0 0 0 0 0 0 0 0 0 0 0 0 0 0 0 0 0 0 0 0 0 0 0 0 0 0 0 0 0 0 0 0 0 0 0 0 0 0 0 0 0 0 0 0 0 0 0 0 0 0 0 0 0 0 0 0 0 0 0 0 0 0 0 0 0 0 0 0 0 0 0 0 0 0 0 0 0 0 0 0 0 0 0 0 0 0 0 0 0 0 0
INFO:tensorflow:masked_lm_positions: 6 7 13 0 0 0 0 0 0 0 0 0 0 0 0 0 0 0 0 0
I1103 09:00:44.238941 47349716317248 create_pretraining_data.py:161] masked_lm_positions: 6 7 13 0 0 0 0 0 0 0 0 0 0 0 0 0 0 0 0 0
INFO:tensorflow:masked_lm_ids: 6439 7670 5179 0 0 0 0 0 0 0 0 0 0 0 0 0 0 0 0 0
I1103 09:00:44.239029 47349716317248 create_pretraining_data.py:161] masked_lm_ids: 6439 7670 5179 0 0 0 0 0 0 0 0 0 0 0 0 0 0 0 0 0
INFO:tensorflow:masked_lm_weights: 1.0 1.0 1.0 0.0 0.0 0.0 0.0 0.0 0.0 0.0 0.0 0.0 0.0 0.0 0.0 0.0 0.0 0.0 0.0 0.0
I1103 09:00:44.239135 47349716317248 create_pretraining_data.py:161] masked_lm_weights: 1.0 1.0 1.0 0.0 0.0 0.0 0.0 0.0 0.0 0.0 0.0 0.0 0.0 0.0 0.0 0.0 0.0 0.0 0.0 0.0
INFO:tensorflow:next_sentence_labels: 1
I1103 09:00:44.239219 47349716317248 create_pretraining_data.py:161] next_sentence_labels: 1
INFO:tensorflow:*** Example ***
I1103 09:00:44.239841 47349716317248 create_pretraining_data.py:149] *** Example ***
INFO:tensorflow:tokens: [CLS] في حكايات كتير اوي متك ##تب ##تش فيه نهايه مع انها خلصت بس العب ##ره من القصص النا ##قص ##ها ##ن [MASK] [MASK] مش ندم ##انه عليها اطلاق ##ا لان اتعلم ##ت ما اختاره ##اش تاني [SEP] يارب تسعد [MASK] الصدر [MASK] ##ل عجل فرج مخلوق بالحي ##ل ضايق بدل عسر دنيا ##ه في يسر [MASK] وعسي [MASK] ##صام وين ماراح رايق ش ##خاب ##يط القا ##يله [SEP]
I1103 09:00:44.239984 47349716317248 create_pretraining_data.py:151] tokens: [CLS] في حكايات كتير اوي متك ##تب ##تش فيه نهايه مع انها خلصت بس العب ##ره من القصص النا ##قص ##ها ##ن [MASK] [MASK] مش ندم ##انه عليها اطلاق ##ا لان اتعلم ##ت ما اختاره ##اش تاني [SEP] يارب تسعد [MASK] الصدر [MASK] ##ل عجل فرج مخلوق بالحي ##ل ضايق بدل عسر دنيا ##ه في يسر [MASK] وعسي [MASK] ##صام وين ماراح رايق ش ##خاب ##يط القا ##يله [SEP]
INFO:tensorflow:input_ids: 2 1912 18224 7926 9170 10342 8254 5858 2366 6284 1973 3550 21460 2357 6277 2197 1908 5469 2193 2878 1913 1006 4 4 2096 26820 3336 2717 8784 1007 2551 23834 1005 1972 26404 2408 9118 3 2856 11236 4 7115 4 1010 13884 5976 15280 29957 1010 23603 8832 22388 7160 1028 1912 8061 4 25701 4 12191 3266 15506 29540 400 8750 4161 22938 18064 3 0 0 0 0 0 0 0 0 0 0 0 0 0 0 0 0 0 0 0 0 0 0 0 0 0 0 0 0 0 0 0 0 0 0 0 0 0 0 0 0 0 0 0 0 0 0 0 0 0 0 0 0 0 0 0 0 0 0 0
I1103 09:00:44.240130 47349716317248 create_pretraining_data.py:161] input_ids: 2 1912 18224 7926 9170 10342 8254 5858 2366 6284 1973 3550 21460 2357 6277 2197 1908 5469 2193 2878 1913 1006 4 4 2096 26820 3336 2717 8784 1007 2551 23834 1005 1972 26404 2408 9118 3 2856 11236 4 7115 4 1010 13884 5976 15280 29957 1010 23603 8832 22388 7160 1028 1912 8061 4 25701 4 12191 3266 15506 29540 400 8750 4161 22938 18064 3 0 0 0 0 0 0 0 0 0 0 0 0 0 0 0 0 0 0 0 0 0 0 0 0 0 0 0 0 0 0 0 0 0 0 0 0 0 0 0 0 0 0 0 0 0 0 0 0 0 0 0 0 0 0 0 0 0 0 0
INFO:tensorflow:input_mask: 1 1 1 1 1 1 1 1 1 1 1 1 1 1 1 1 1 1 1 1 1 1 1 1 1 1 1 1 1 1 1 1 1 1 1 1 1 1 1 1 1 1 1 1 1 1 1 1 1 1 1 1 1 1 1 1 1 1 1 1 1 1 1 1 1 1 1 1 1 0 0 0 0 0 0 0 0 0 0 0 0 0 0 0 0 0 0 0 0 0 0 0 0 0 0 0 0 0 0 0 0 0 0 0 0 0 0 0 0 0 0 0 0 0 0 0 0 0 0 0 0 0 0 0 0 0 0 0
I1103 09:00:44.240266 47349716317248 create_pretraining_data.py:161] input_mask: 1 1 1 1 1 1 1 1 1 1 1 1 1 1 1 1 1 1 1 1 1 1 1 1 1 1 1 1 1 1 1 1 1 1 1 1 1 1 1 1 1 1 1 1 1 1 1 1 1 1 1 1 1 1 1 1 1 1 1 1 1 1 1 1 1 1 1 1 1 0 0 0 0 0 0 0 0 0 0 0 0 0 0 0 0 0 0 0 0 0 0 0 0 0 0 0 0 0 0 0 0 0 0 0 0 0 0 0 0 0 0 0 0 0 0 0 0 0 0 0 0 0 0 0 0 0 0 0
INFO:tensorflow:segment_ids: 0 0 0 0 0 0 0 0 0 0 0 0 0 0 0 0 0 0 0 0 0 0 0 0 0 0 0 0 0 0 0 0 0 0 0 0 0 0 1 1 1 1 1 1 1 1 1 1 1 1 1 1 1 1 1 1 1 1 1 1 1 1 1 1 1 1 1 1 1 0 0 0 0 0 0 0 0 0 0 0 0 0 0 0 0 0 0 0 0 0 0 0 0 0 0 0 0 0 0 0 0 0 0 0 0 0 0 0 0 0 0 0 0 0 0 0 0 0 0 0 0 0 0 0 0 0 0 0
I1103 09:00:44.240391 47349716317248 create_pretraining_data.py:161] segment_ids: 0 0 0 0 0 0 0 0 0 0 0 0 0 0 0 0 0 0 0 0 0 0 0 0 0 0 0 0 0 0 0 0 0 0 0 0 0 0 1 1 1 1 1 1 1 1 1 1 1 1 1 1 1 1 1 1 1 1 1 1 1 1 1 1 1 1 1 1 1 0 0 0 0 0 0 0 0 0 0 0 0 0 0 0 0 0 0 0 0 0 0 0 0 0 0 0 0 0 0 0 0 0 0 0 0 0 0 0 0 0 0 0 0 0 0 0 0 0 0 0 0 0 0 0 0 0 0 0
INFO:tensorflow:masked_lm_positions: 4 22 23 40 42 43 49 56 58 59 0 0 0 0 0 0 0 0 0 0
I1103 09:00:44.240498 47349716317248 create_pretraining_data.py:161] masked_lm_positions: 4 22 23 40 42 43 49 56 58 59 0 0 0 0 0 0 0 0 0 0
INFO:tensorflow:masked_lm_ids: 9170 5900 2920 23603 24720 1010 23603 12986 11073 1028 0 0 0 0 0 0 0 0 0 0
I1103 09:00:44.240589 47349716317248 create_pretraining_data.py:161] masked_lm_ids: 9170 5900 2920 23603 24720 1010 23603 12986 11073 1028 0 0 0 0 0 0 0 0 0 0
INFO:tensorflow:masked_lm_weights: 1.0 1.0 1.0 1.0 1.0 1.0 1.0 1.0 1.0 1.0 0.0 0.0 0.0 0.0 0.0 0.0 0.0 0.0 0.0 0.0
I1103 09:00:44.240680 47349716317248 create_pretraining_data.py:161] masked_lm_weights: 1.0 1.0 1.0 1.0 1.0 1.0 1.0 1.0 1.0 1.0 0.0 0.0 0.0 0.0 0.0 0.0 0.0 0.0 0.0 0.0
INFO:tensorflow:next_sentence_labels: 1
I1103 09:00:44.240763 47349716317248 create_pretraining_data.py:161] next_sentence_labels: 1
INFO:tensorflow:*** Example ***
I1103 09:00:44.241354 47349716317248 create_pretraining_data.py:149] *** Example ***
INFO:tensorflow:tokens: [CLS] دبلوماسي ارد ##ني نصل ##ي الجمعه بكرا ##ج سفاره المملكه لعدم وجود مسجد للس ##نه بط ##هران فا ##غلق ##ه الايراني ##ون وترك ##وا الكنائس مفتوحه [SEP] كلما زاد سف ##ه [MASK] [MASK] يا وطني الحبيب سن ##ظل مجلة [MASK] واعت ##ي واش ##رس وانك ##ا [MASK] [MASK] تما ##سك ##نن ##ا ويخ ##رسه ##م [MASK] [MASK] الامارات العربيه المتحده [SEP]
I1103 09:00:44.241496 47349716317248 create_pretraining_data.py:151] tokens: [CLS] دبلوماسي ارد ##ني نصل ##ي الجمعه بكرا ##ج سفاره المملكه لعدم وجود مسجد للس ##نه بط ##هران فا ##غلق ##ه الايراني ##ون وترك ##وا الكنائس مفتوحه [SEP] كلما زاد سف ##ه [MASK] [MASK] يا وطني الحبيب سن ##ظل مجلة [MASK] واعت ##ي واش ##رس وانك ##ا [MASK] [MASK] تما ##سك ##نن ##ا ويخ ##رسه ##م [MASK] [MASK] الامارات العربيه المتحده [SEP]
INFO:tensorflow:input_ids: 2 19008 5737 1974 23414 1013 4305 17073 1041 23849 5195 9053 3276 8830 2916 2110 2522 5117 3031 21805 1028 5878 1922 6796 1928 23325 22680 3 5358 6320 4226 1028 4 4 2104 8489 5114 2579 5671 7130 4 5072 1013 5368 2373 19556 1007 4 4 16213 3617 14073 1007 10678 27164 1015 4 4 4285 4251 13384 3 0 0 0 0 0 0 0 0 0 0 0 0 0 0 0 0 0 0 0 0 0 0 0 0 0 0 0 0 0 0 0 0 0 0 0 0 0 0 0 0 0 0 0 0 0 0 0 0 0 0 0 0 0 0 0 0 0 0 0 0 0 0 0 0 0 0
I1103 09:00:44.241641 47349716317248 create_pretraining_data.py:161] input_ids: 2 19008 5737 1974 23414 1013 4305 17073 1041 23849 5195 9053 3276 8830 2916 2110 2522 5117 3031 21805 1028 5878 1922 6796 1928 23325 22680 3 5358 6320 4226 1028 4 4 2104 8489 5114 2579 5671 7130 4 5072 1013 5368 2373 19556 1007 4 4 16213 3617 14073 1007 10678 27164 1015 4 4 4285 4251 13384 3 0 0 0 0 0 0 0 0 0 0 0 0 0 0 0 0 0 0 0 0 0 0 0 0 0 0 0 0 0 0 0 0 0 0 0 0 0 0 0 0 0 0 0 0 0 0 0 0 0 0 0 0 0 0 0 0 0 0 0 0 0 0 0 0 0 0
INFO:tensorflow:input_mask: 1 1 1 1 1 1 1 1 1 1 1 1 1 1 1 1 1 1 1 1 1 1 1 1 1 1 1 1 1 1 1 1 1 1 1 1 1 1 1 1 1 1 1 1 1 1 1 1 1 1 1 1 1 1 1 1 1 1 1 1 1 1 0 0 0 0 0 0 0 0 0 0 0 0 0 0 0 0 0 0 0 0 0 0 0 0 0 0 0 0 0 0 0 0 0 0 0 0 0 0 0 0 0 0 0 0 0 0 0 0 0 0 0 0 0 0 0 0 0 0 0 0 0 0 0 0 0 0
I1103 09:00:44.241770 47349716317248 create_pretraining_data.py:161] input_mask: 1 1 1 1 1 1 1 1 1 1 1 1 1 1 1 1 1 1 1 1 1 1 1 1 1 1 1 1 1 1 1 1 1 1 1 1 1 1 1 1 1 1 1 1 1 1 1 1 1 1 1 1 1 1 1 1 1 1 1 1 1 1 0 0 0 0 0 0 0 0 0 0 0 0 0 0 0 0 0 0 0 0 0 0 0 0 0 0 0 0 0 0 0 0 0 0 0 0 0 0 0 0 0 0 0 0 0 0 0 0 0 0 0 0 0 0 0 0 0 0 0 0 0 0 0 0 0 0
INFO:tensorflow:segment_ids: 0 0 0 0 0 0 0 0 0 0 0 0 0 0 0 0 0 0 0 0 0 0 0 0 0 0 0 0 1 1 1 1 1 1 1 1 1 1 1 1 1 1 1 1 1 1 1 1 1 1 1 1 1 1 1 1 1 1 1 1 1 1 0 0 0 0 0 0 0 0 0 0 0 0 0 0 0 0 0 0 0 0 0 0 0 0 0 0 0 0 0 0 0 0 0 0 0 0 0 0 0 0 0 0 0 0 0 0 0 0 0 0 0 0 0 0 0 0 0 0 0 0 0 0 0 0 0 0
I1103 09:00:44.241892 47349716317248 create_pretraining_data.py:161] segment_ids: 0 0 0 0 0 0 0 0 0 0 0 0 0 0 0 0 0 0 0 0 0 0 0 0 0 0 0 0 1 1 1 1 1 1 1 1 1 1 1 1 1 1 1 1 1 1 1 1 1 1 1 1 1 1 1 1 1 1 1 1 1 1 0 0 0 0 0 0 0 0 0 0 0 0 0 0 0 0 0 0 0 0 0 0 0 0 0 0 0 0 0 0 0 0 0 0 0 0 0 0 0 0 0 0 0 0 0 0 0 0 0 0 0 0 0 0 0 0 0 0 0 0 0 0 0 0 0 0
INFO:tensorflow:masked_lm_positions: 32 33 36 39 40 47 48 56 57 0 0 0 0 0 0 0 0 0 0 0
I1103 09:00:44.241998 47349716317248 create_pretraining_data.py:161] masked_lm_positions: 32 33 36 39 40 47 48 56 57 0 0 0 0 0 0 0 0 0 0 0
INFO:tensorflow:masked_lm_ids: 4583 6719 5114 5033 1006 22004 26444 9855 20112 0 0 0 0 0 0 0 0 0 0 0
I1103 09:00:44.242089 47349716317248 create_pretraining_data.py:161] masked_lm_ids: 4583 6719 5114 5033 1006 22004 26444 9855 20112 0 0 0 0 0 0 0 0 0 0 0
INFO:tensorflow:masked_lm_weights: 1.0 1.0 1.0 1.0 1.0 1.0 1.0 1.0 1.0 0.0 0.0 0.0 0.0 0.0 0.0 0.0 0.0 0.0 0.0 0.0
I1103 09:00:44.242181 47349716317248 create_pretraining_data.py:161] masked_lm_weights: 1.0 1.0 1.0 1.0 1.0 1.0 1.0 1.0 1.0 0.0 0.0 0.0 0.0 0.0 0.0 0.0 0.0 0.0 0.0 0.0
INFO:tensorflow:next_sentence_labels: 1
I1103 09:00:44.242270 47349716317248 create_pretraining_data.py:161] next_sentence_labels: 1
INFO:tensorflow:*** Example ***
I1103 09:00:44.242836 47349716317248 create_pretraining_data.py:149] *** Example ***
INFO:tensorflow:tokens: [CLS] في السعوديه تستخدم الراف ##عات لحمايه الحيوان و [MASK] [MASK] يش ##نق بها الانسان [SEP] تعميم ردا علي تغريده الخام ##نئ ##ي عبر حسابه [MASK] تويتر داعش [MASK] وجها ##ن لعمل ##ه واحده [SEP]
I1103 09:00:44.242964 47349716317248 create_pretraining_data.py:151] tokens: [CLS] في السعوديه تستخدم الراف ##عات لحمايه الحيوان و [MASK] [MASK] يش ##نق بها الانسان [SEP] تعميم ردا علي تغريده الخام ##نئ ##ي عبر حسابه [MASK] تويتر داعش [MASK] وجها ##ن لعمل ##ه واحده [SEP]
INFO:tensorflow:input_ids: 2 1912 2721 6234 19674 3024 28580 12329 415 4 4 2438 9189 2459 3858 3 25853 9739 1958 8997 4143 22006 1013 2830 12397 4 4266 4585 4 21824 1006 15205 1028 5861 3 0 0 0 0 0 0 0 0 0 0 0 0 0 0 0 0 0 0 0 0 0 0 0 0 0 0 0 0 0 0 0 0 0 0 0 0 0 0 0 0 0 0 0 0 0 0 0 0 0 0 0 0 0 0 0 0 0 0 0 0 0 0 0 0 0 0 0 0 0 0 0 0 0 0 0 0 0 0 0 0 0 0 0 0 0 0 0 0 0 0 0 0 0
I1103 09:00:44.243104 47349716317248 create_pretraining_data.py:161] input_ids: 2 1912 2721 6234 19674 3024 28580 12329 415 4 4 2438 9189 2459 3858 3 25853 9739 1958 8997 4143 22006 1013 2830 12397 4 4266 4585 4 21824 1006 15205 1028 5861 3 0 0 0 0 0 0 0 0 0 0 0 0 0 0 0 0 0 0 0 0 0 0 0 0 0 0 0 0 0 0 0 0 0 0 0 0 0 0 0 0 0 0 0 0 0 0 0 0 0 0 0 0 0 0 0 0 0 0 0 0 0 0 0 0 0 0 0 0 0 0 0 0 0 0 0 0 0 0 0 0 0 0 0 0 0 0 0 0 0 0 0 0 0
INFO:tensorflow:input_mask: 1 1 1 1 1 1 1 1 1 1 1 1 1 1 1 1 1 1 1 1 1 1 1 1 1 1 1 1 1 1 1 1 1 1 1 0 0 0 0 0 0 0 0 0 0 0 0 0 0 0 0 0 0 0 0 0 0 0 0 0 0 0 0 0 0 0 0 0 0 0 0 0 0 0 0 0 0 0 0 0 0 0 0 0 0 0 0 0 0 0 0 0 0 0 0 0 0 0 0 0 0 0 0 0 0 0 0 0 0 0 0 0 0 0 0 0 0 0 0 0 0 0 0 0 0 0 0 0
I1103 09:00:44.243231 47349716317248 create_pretraining_data.py:161] input_mask: 1 1 1 1 1 1 1 1 1 1 1 1 1 1 1 1 1 1 1 1 1 1 1 1 1 1 1 1 1 1 1 1 1 1 1 0 0 0 0 0 0 0 0 0 0 0 0 0 0 0 0 0 0 0 0 0 0 0 0 0 0 0 0 0 0 0 0 0 0 0 0 0 0 0 0 0 0 0 0 0 0 0 0 0 0 0 0 0 0 0 0 0 0 0 0 0 0 0 0 0 0 0 0 0 0 0 0 0 0 0 0 0 0 0 0 0 0 0 0 0 0 0 0 0 0 0 0 0
INFO:tensorflow:segment_ids: 0 0 0 0 0 0 0 0 0 0 0 0 0 0 0 0 1 1 1 1 1 1 1 1 1 1 1 1 1 1 1 1 1 1 1 0 0 0 0 0 0 0 0 0 0 0 0 0 0 0 0 0 0 0 0 0 0 0 0 0 0 0 0 0 0 0 0 0 0 0 0 0 0 0 0 0 0 0 0 0 0 0 0 0 0 0 0 0 0 0 0 0 0 0 0 0 0 0 0 0 0 0 0 0 0 0 0 0 0 0 0 0 0 0 0 0 0 0 0 0 0 0 0 0 0 0 0 0
I1103 09:00:44.243362 47349716317248 create_pretraining_data.py:161] segment_ids: 0 0 0 0 0 0 0 0 0 0 0 0 0 0 0 0 1 1 1 1 1 1 1 1 1 1 1 1 1 1 1 1 1 1 1 0 0 0 0 0 0 0 0 0 0 0 0 0 0 0 0 0 0 0 0 0 0 0 0 0 0 0 0 0 0 0 0 0 0 0 0 0 0 0 0 0 0 0 0 0 0 0 0 0 0 0 0 0 0 0 0 0 0 0 0 0 0 0 0 0 0 0 0 0 0 0 0 0 0 0 0 0 0 0 0 0 0 0 0 0 0 0 0 0 0 0 0 0
INFO:tensorflow:masked_lm_positions: 9 10 24 25 28 0 0 0 0 0 0 0 0 0 0 0 0 0 0 0
I1103 09:00:44.243456 47349716317248 create_pretraining_data.py:161] masked_lm_positions: 9 10 24 25 28 0 0 0 0 0 0 0 0 0 0 0 0 0 0 0
INFO:tensorflow:masked_lm_ids: 1912 3115 12397 1958 17806 0 0 0 0 0 0 0 0 0 0 0 0 0 0 0
I1103 09:00:44.243560 47349716317248 create_pretraining_data.py:161] masked_lm_ids: 1912 3115 12397 1958 17806 0 0 0 0 0 0 0 0 0 0 0 0 0 0 0
INFO:tensorflow:masked_lm_weights: 1.0 1.0 1.0 1.0 1.0 0.0 0.0 0.0 0.0 0.0 0.0 0.0 0.0 0.0 0.0 0.0 0.0 0.0 0.0 0.0
I1103 09:00:44.243652 47349716317248 create_pretraining_data.py:161] masked_lm_weights: 1.0 1.0 1.0 1.0 1.0 0.0 0.0 0.0 0.0 0.0 0.0 0.0 0.0 0.0 0.0 0.0 0.0 0.0 0.0 0.0
INFO:tensorflow:next_sentence_labels: 1
I1103 09:00:44.243734 47349716317248 create_pretraining_data.py:161] next_sentence_labels: 1
INFO:tensorflow:*** Example ***
I1103 09:00:44.244310 47349716317248 create_pretraining_data.py:149] *** Example ***
INFO:tensorflow:tokens: [CLS] رت ##ي ##ويت يا زعماء [SEP] جاهز ##ين [MASK] لبنان ع باذن الله [SEP]
I1103 09:00:44.244431 47349716317248 create_pretraining_data.py:151] tokens: [CLS] رت ##ي ##ويت يا زعماء [SEP] جاهز ##ين [MASK] لبنان ع باذن الله [SEP]
INFO:tensorflow:input_ids: 2 9553 1013 2176 2104 19288 3 14600 1911 4 3037 405 4292 1953 3 0 0 0 0 0 0 0 0 0 0 0 0 0 0 0 0 0 0 0 0 0 0 0 0 0 0 0 0 0 0 0 0 0 0 0 0 0 0 0 0 0 0 0 0 0 0 0 0 0 0 0 0 0 0 0 0 0 0 0 0 0 0 0 0 0 0 0 0 0 0 0 0 0 0 0 0 0 0 0 0 0 0 0 0 0 0 0 0 0 0 0 0 0 0 0 0 0 0 0 0 0 0 0 0 0 0 0 0 0 0 0 0 0
I1103 09:00:44.244565 47349716317248 create_pretraining_data.py:161] input_ids: 2 9553 1013 2176 2104 19288 3 14600 1911 4 3037 405 4292 1953 3 0 0 0 0 0 0 0 0 0 0 0 0 0 0 0 0 0 0 0 0 0 0 0 0 0 0 0 0 0 0 0 0 0 0 0 0 0 0 0 0 0 0 0 0 0 0 0 0 0 0 0 0 0 0 0 0 0 0 0 0 0 0 0 0 0 0 0 0 0 0 0 0 0 0 0 0 0 0 0 0 0 0 0 0 0 0 0 0 0 0 0 0 0 0 0 0 0 0 0 0 0 0 0 0 0 0 0 0 0 0 0 0 0
INFO:tensorflow:input_mask: 1 1 1 1 1 1 1 1 1 1 1 1 1 1 1 0 0 0 0 0 0 0 0 0 0 0 0 0 0 0 0 0 0 0 0 0 0 0 0 0 0 0 0 0 0 0 0 0 0 0 0 0 0 0 0 0 0 0 0 0 0 0 0 0 0 0 0 0 0 0 0 0 0 0 0 0 0 0 0 0 0 0 0 0 0 0 0 0 0 0 0 0 0 0 0 0 0 0 0 0 0 0 0 0 0 0 0 0 0 0 0 0 0 0 0 0 0 0 0 0 0 0 0 0 0 0 0 0
I1103 09:00:44.244694 47349716317248 create_pretraining_data.py:161] input_mask: 1 1 1 1 1 1 1 1 1 1 1 1 1 1 1 0 0 0 0 0 0 0 0 0 0 0 0 0 0 0 0 0 0 0 0 0 0 0 0 0 0 0 0 0 0 0 0 0 0 0 0 0 0 0 0 0 0 0 0 0 0 0 0 0 0 0 0 0 0 0 0 0 0 0 0 0 0 0 0 0 0 0 0 0 0 0 0 0 0 0 0 0 0 0 0 0 0 0 0 0 0 0 0 0 0 0 0 0 0 0 0 0 0 0 0 0 0 0 0 0 0 0 0 0 0 0 0 0
INFO:tensorflow:segment_ids: 0 0 0 0 0 0 0 1 1 1 1 1 1 1 1 0 0 0 0 0 0 0 0 0 0 0 0 0 0 0 0 0 0 0 0 0 0 0 0 0 0 0 0 0 0 0 0 0 0 0 0 0 0 0 0 0 0 0 0 0 0 0 0 0 0 0 0 0 0 0 0 0 0 0 0 0 0 0 0 0 0 0 0 0 0 0 0 0 0 0 0 0 0 0 0 0 0 0 0 0 0 0 0 0 0 0 0 0 0 0 0 0 0 0 0 0 0 0 0 0 0 0 0 0 0 0 0 0
I1103 09:00:44.244817 47349716317248 create_pretraining_data.py:161] segment_ids: 0 0 0 0 0 0 0 1 1 1 1 1 1 1 1 0 0 0 0 0 0 0 0 0 0 0 0 0 0 0 0 0 0 0 0 0 0 0 0 0 0 0 0 0 0 0 0 0 0 0 0 0 0 0 0 0 0 0 0 0 0 0 0 0 0 0 0 0 0 0 0 0 0 0 0 0 0 0 0 0 0 0 0 0 0 0 0 0 0 0 0 0 0 0 0 0 0 0 0 0 0 0 0 0 0 0 0 0 0 0 0 0 0 0 0 0 0 0 0 0 0 0 0 0 0 0 0 0
INFO:tensorflow:masked_lm_positions: 9 10 0 0 0 0 0 0 0 0 0 0 0 0 0 0 0 0 0 0
I1103 09:00:44.244910 47349716317248 create_pretraining_data.py:161] masked_lm_positions: 9 10 0 0 0 0 0 0 0 0 0 0 0 0 0 0 0 0 0 0
INFO:tensorflow:masked_lm_ids: 27550 1006 0 0 0 0 0 0 0 0 0 0 0 0 0 0 0 0 0 0
I1103 09:00:44.245001 47349716317248 create_pretraining_data.py:161] masked_lm_ids: 27550 1006 0 0 0 0 0 0 0 0 0 0 0 0 0 0 0 0 0 0
INFO:tensorflow:masked_lm_weights: 1.0 1.0 0.0 0.0 0.0 0.0 0.0 0.0 0.0 0.0 0.0 0.0 0.0 0.0 0.0 0.0 0.0 0.0 0.0 0.0
I1103 09:00:44.245092 47349716317248 create_pretraining_data.py:161] masked_lm_weights: 1.0 1.0 0.0 0.0 0.0 0.0 0.0 0.0 0.0 0.0 0.0 0.0 0.0 0.0 0.0 0.0 0.0 0.0 0.0 0.0
INFO:tensorflow:next_sentence_labels: 1
I1103 09:00:44.245175 47349716317248 create_pretraining_data.py:161] next_sentence_labels: 1
INFO:tensorflow:*** Example ***
I1103 09:00:44.245773 47349716317248 create_pretraining_data.py:149] *** Example ***
INFO:tensorflow:tokens: [CLS] بجد الاغنيه جميله جدا الحان وكلما ##ت وصوت واحساس شبه الحنين فعلا برافو [MASK] [MASK] [MASK] فانز محمد [MASK] [SEP] خذ بنت قر ##من عند الاج ##واد محمود [MASK] جاء نهار اله ##وش [MASK] ولده ##ا قروب خواطر للدعم [SEP]
I1103 09:00:44.245917 47349716317248 create_pretraining_data.py:151] tokens: [CLS] بجد الاغنيه جميله جدا الحان وكلما ##ت وصوت واحساس شبه الحنين فعلا برافو [MASK] [MASK] [MASK] فانز محمد [MASK] [SEP] خذ بنت قر ##من عند الاج ##واد محمود [MASK] جاء نهار اله ##وش [MASK] ولده ##ا قروب خواطر للدعم [SEP]
INFO:tensorflow:input_ids: 2 8956 21211 5334 2882 28727 15961 1005 21175 27821 6423 7990 6109 23638 4 4 4 8271 2202 4 3 5390 3597 2496 1986 2192 4366 3442 4800 4 3539 14385 2090 2937 4 22674 1007 2543 8095 2679 3 0 0 0 0 0 0 0 0 0 0 0 0 0 0 0 0 0 0 0 0 0 0 0 0 0 0 0 0 0 0 0 0 0 0 0 0 0 0 0 0 0 0 0 0 0 0 0 0 0 0 0 0 0 0 0 0 0 0 0 0 0 0 0 0 0 0 0 0 0 0 0 0 0 0 0 0 0 0 0 0 0 0 0 0 0 0 0
I1103 09:00:44.246058 47349716317248 create_pretraining_data.py:161] input_ids: 2 8956 21211 5334 2882 28727 15961 1005 21175 27821 6423 7990 6109 23638 4 4 4 8271 2202 4 3 5390 3597 2496 1986 2192 4366 3442 4800 4 3539 14385 2090 2937 4 22674 1007 2543 8095 2679 3 0 0 0 0 0 0 0 0 0 0 0 0 0 0 0 0 0 0 0 0 0 0 0 0 0 0 0 0 0 0 0 0 0 0 0 0 0 0 0 0 0 0 0 0 0 0 0 0 0 0 0 0 0 0 0 0 0 0 0 0 0 0 0 0 0 0 0 0 0 0 0 0 0 0 0 0 0 0 0 0 0 0 0 0 0 0 0
INFO:tensorflow:input_mask: 1 1 1 1 1 1 1 1 1 1 1 1 1 1 1 1 1 1 1 1 1 1 1 1 1 1 1 1 1 1 1 1 1 1 1 1 1 1 1 1 1 0 0 0 0 0 0 0 0 0 0 0 0 0 0 0 0 0 0 0 0 0 0 0 0 0 0 0 0 0 0 0 0 0 0 0 0 0 0 0 0 0 0 0 0 0 0 0 0 0 0 0 0 0 0 0 0 0 0 0 0 0 0 0 0 0 0 0 0 0 0 0 0 0 0 0 0 0 0 0 0 0 0 0 0 0 0 0
I1103 09:00:44.246184 47349716317248 create_pretraining_data.py:161] input_mask: 1 1 1 1 1 1 1 1 1 1 1 1 1 1 1 1 1 1 1 1 1 1 1 1 1 1 1 1 1 1 1 1 1 1 1 1 1 1 1 1 1 0 0 0 0 0 0 0 0 0 0 0 0 0 0 0 0 0 0 0 0 0 0 0 0 0 0 0 0 0 0 0 0 0 0 0 0 0 0 0 0 0 0 0 0 0 0 0 0 0 0 0 0 0 0 0 0 0 0 0 0 0 0 0 0 0 0 0 0 0 0 0 0 0 0 0 0 0 0 0 0 0 0 0 0 0 0 0
INFO:tensorflow:segment_ids: 0 0 0 0 0 0 0 0 0 0 0 0 0 0 0 0 0 0 0 0 0 1 1 1 1 1 1 1 1 1 1 1 1 1 1 1 1 1 1 1 1 0 0 0 0 0 0 0 0 0 0 0 0 0 0 0 0 0 0 0 0 0 0 0 0 0 0 0 0 0 0 0 0 0 0 0 0 0 0 0 0 0 0 0 0 0 0 0 0 0 0 0 0 0 0 0 0 0 0 0 0 0 0 0 0 0 0 0 0 0 0 0 0 0 0 0 0 0 0 0 0 0 0 0 0 0 0 0
I1103 09:00:44.246325 47349716317248 create_pretraining_data.py:161] segment_ids: 0 0 0 0 0 0 0 0 0 0 0 0 0 0 0 0 0 0 0 0 0 1 1 1 1 1 1 1 1 1 1 1 1 1 1 1 1 1 1 1 1 0 0 0 0 0 0 0 0 0 0 0 0 0 0 0 0 0 0 0 0 0 0 0 0 0 0 0 0 0 0 0 0 0 0 0 0 0 0 0 0 0 0 0 0 0 0 0 0 0 0 0 0 0 0 0 0 0 0 0 0 0 0 0 0 0 0 0 0 0 0 0 0 0 0 0 0 0 0 0 0 0 0 0 0 0 0 0
INFO:tensorflow:masked_lm_positions: 14 15 16 19 29 34 0 0 0 0 0 0 0 0 0 0 0 0 0 0
I1103 09:00:44.246419 47349716317248 create_pretraining_data.py:161] masked_lm_positions: 14 15 16 19 29 34 0 0 0 0 0 0 0 0 0 0 0 0 0 0
INFO:tensorflow:masked_lm_ids: 18128 11993 1008 14134 1963 2117 0 0 0 0 0 0 0 0 0 0 0 0 0 0
I1103 09:00:44.246509 47349716317248 create_pretraining_data.py:161] masked_lm_ids: 18128 11993 1008 14134 1963 2117 0 0 0 0 0 0 0 0 0 0 0 0 0 0
INFO:tensorflow:masked_lm_weights: 1.0 1.0 1.0 1.0 1.0 1.0 0.0 0.0 0.0 0.0 0.0 0.0 0.0 0.0 0.0 0.0 0.0 0.0 0.0 0.0
I1103 09:00:44.246602 47349716317248 create_pretraining_data.py:161] masked_lm_weights: 1.0 1.0 1.0 1.0 1.0 1.0 0.0 0.0 0.0 0.0 0.0 0.0 0.0 0.0 0.0 0.0 0.0 0.0 0.0 0.0
INFO:tensorflow:next_sentence_labels: 1
I1103 09:00:44.246685 47349716317248 create_pretraining_data.py:161] next_sentence_labels: 1
INFO:tensorflow:Wrote 9999770 total instances
I1103 10:11:05.509703 47349716317248 create_pretraining_data.py:166] Wrote 9999770 total instances
