Loading module 'all'
WARNING:tensorflow:From ../bert/create_pretraining_data.py:469: The name tf.app.run is deprecated. Please use tf.compat.v1.app.run instead.

WARNING:tensorflow:From ../bert/create_pretraining_data.py:437: The name tf.logging.set_verbosity is deprecated. Please use tf.compat.v1.logging.set_verbosity instead.

W1103 10:17:30.240124 47240447923264 module_wrapper.py:139] From ../bert/create_pretraining_data.py:437: The name tf.logging.set_verbosity is deprecated. Please use tf.compat.v1.logging.set_verbosity instead.

WARNING:tensorflow:From ../bert/create_pretraining_data.py:437: The name tf.logging.INFO is deprecated. Please use tf.compat.v1.logging.INFO instead.

W1103 10:17:30.240363 47240447923264 module_wrapper.py:139] From ../bert/create_pretraining_data.py:437: The name tf.logging.INFO is deprecated. Please use tf.compat.v1.logging.INFO instead.

WARNING:tensorflow:From /scratch/gi372/CAMeLBERT/bert/tokenization.py:125: The name tf.gfile.GFile is deprecated. Please use tf.io.gfile.GFile instead.

W1103 10:17:30.240566 47240447923264 module_wrapper.py:139] From /scratch/gi372/CAMeLBERT/bert/tokenization.py:125: The name tf.gfile.GFile is deprecated. Please use tf.io.gfile.GFile instead.

WARNING:tensorflow:From ../bert/create_pretraining_data.py:444: The name tf.gfile.Glob is deprecated. Please use tf.io.gfile.glob instead.

W1103 10:17:30.346320 47240447923264 module_wrapper.py:139] From ../bert/create_pretraining_data.py:444: The name tf.gfile.Glob is deprecated. Please use tf.io.gfile.glob instead.

WARNING:tensorflow:From ../bert/create_pretraining_data.py:446: The name tf.logging.info is deprecated. Please use tf.compat.v1.logging.info instead.

W1103 10:17:30.380410 47240447923264 module_wrapper.py:139] From ../bert/create_pretraining_data.py:446: The name tf.logging.info is deprecated. Please use tf.compat.v1.logging.info instead.

INFO:tensorflow:*** Reading from input files ***
I1103 10:17:30.380689 47240447923264 create_pretraining_data.py:446] *** Reading from input files ***
INFO:tensorflow:  ../corpora/shards/DA-ali2019-500m-tweet.bw.ar.lines.shard.280.normalized.sents
I1103 10:17:30.380794 47240447923264 create_pretraining_data.py:448]   ../corpora/shards/DA-ali2019-500m-tweet.bw.ar.lines.shard.280.normalized.sents
INFO:tensorflow:*** Writing to output files ***
I1103 11:01:25.508961 47240447923264 create_pretraining_data.py:457] *** Writing to output files ***
INFO:tensorflow:  ../corpora/tfrecord_wp-30k_msl-128/DA-ali2019-500m-tweet.bw.ar.lines.shard.280.tf_record
I1103 11:01:25.555219 47240447923264 create_pretraining_data.py:459]   ../corpora/tfrecord_wp-30k_msl-128/DA-ali2019-500m-tweet.bw.ar.lines.shard.280.tf_record
WARNING:tensorflow:From ../bert/create_pretraining_data.py:101: The name tf.python_io.TFRecordWriter is deprecated. Please use tf.io.TFRecordWriter instead.

W1103 11:01:25.606817 47240447923264 module_wrapper.py:139] From ../bert/create_pretraining_data.py:101: The name tf.python_io.TFRecordWriter is deprecated. Please use tf.io.TFRecordWriter instead.

INFO:tensorflow:*** Example ***
I1103 11:01:25.867013 47240447923264 create_pretraining_data.py:149] *** Example ***
INFO:tensorflow:tokens: [CLS] الانسان الناجح صامت [SEP] سعد ##ت [MASK] [MASK] [MASK] شاعر الهلال راشد [MASK] جع ##ي ##ث ##ن الذي اغ ##دق ##نا بكر ##مه وحسن استقباله في ليله عطر ##تها ابيات ##ه الشعر ##يه [SEP]
I1103 11:01:25.867887 47240447923264 create_pretraining_data.py:151] tokens: [CLS] الانسان الناجح صامت [SEP] سعد ##ت [MASK] [MASK] [MASK] شاعر الهلال راشد [MASK] جع ##ي ##ث ##ن الذي اغ ##دق ##نا بكر ##مه وحسن استقباله في ليله عطر ##تها ابيات ##ه الشعر ##يه [SEP]
INFO:tensorflow:input_ids: 2 3858 22811 22488 3 4014 1005 4 4 4 9959 2675 7876 4 3929 1013 1039 1006 2130 2803 3427 1914 5254 2152 8721 25003 1912 6373 7385 2377 25096 1028 3258 1988 3 0 0 0 0 0 0 0 0 0 0 0 0 0 0 0 0 0 0 0 0 0 0 0 0 0 0 0 0 0 0 0 0 0 0 0 0 0 0 0 0 0 0 0 0 0 0 0 0 0 0 0 0 0 0 0 0 0 0 0 0 0 0 0 0 0 0 0 0 0 0 0 0 0 0 0 0 0 0 0 0 0 0 0 0 0 0 0 0 0 0 0 0 0
I1103 11:01:25.869646 47240447923264 create_pretraining_data.py:161] input_ids: 2 3858 22811 22488 3 4014 1005 4 4 4 9959 2675 7876 4 3929 1013 1039 1006 2130 2803 3427 1914 5254 2152 8721 25003 1912 6373 7385 2377 25096 1028 3258 1988 3 0 0 0 0 0 0 0 0 0 0 0 0 0 0 0 0 0 0 0 0 0 0 0 0 0 0 0 0 0 0 0 0 0 0 0 0 0 0 0 0 0 0 0 0 0 0 0 0 0 0 0 0 0 0 0 0 0 0 0 0 0 0 0 0 0 0 0 0 0 0 0 0 0 0 0 0 0 0 0 0 0 0 0 0 0 0 0 0 0 0 0 0 0
INFO:tensorflow:input_mask: 1 1 1 1 1 1 1 1 1 1 1 1 1 1 1 1 1 1 1 1 1 1 1 1 1 1 1 1 1 1 1 1 1 1 1 0 0 0 0 0 0 0 0 0 0 0 0 0 0 0 0 0 0 0 0 0 0 0 0 0 0 0 0 0 0 0 0 0 0 0 0 0 0 0 0 0 0 0 0 0 0 0 0 0 0 0 0 0 0 0 0 0 0 0 0 0 0 0 0 0 0 0 0 0 0 0 0 0 0 0 0 0 0 0 0 0 0 0 0 0 0 0 0 0 0 0 0 0
I1103 11:01:25.869840 47240447923264 create_pretraining_data.py:161] input_mask: 1 1 1 1 1 1 1 1 1 1 1 1 1 1 1 1 1 1 1 1 1 1 1 1 1 1 1 1 1 1 1 1 1 1 1 0 0 0 0 0 0 0 0 0 0 0 0 0 0 0 0 0 0 0 0 0 0 0 0 0 0 0 0 0 0 0 0 0 0 0 0 0 0 0 0 0 0 0 0 0 0 0 0 0 0 0 0 0 0 0 0 0 0 0 0 0 0 0 0 0 0 0 0 0 0 0 0 0 0 0 0 0 0 0 0 0 0 0 0 0 0 0 0 0 0 0 0 0
INFO:tensorflow:segment_ids: 0 0 0 0 0 1 1 1 1 1 1 1 1 1 1 1 1 1 1 1 1 1 1 1 1 1 1 1 1 1 1 1 1 1 1 0 0 0 0 0 0 0 0 0 0 0 0 0 0 0 0 0 0 0 0 0 0 0 0 0 0 0 0 0 0 0 0 0 0 0 0 0 0 0 0 0 0 0 0 0 0 0 0 0 0 0 0 0 0 0 0 0 0 0 0 0 0 0 0 0 0 0 0 0 0 0 0 0 0 0 0 0 0 0 0 0 0 0 0 0 0 0 0 0 0 0 0 0
I1103 11:01:25.869989 47240447923264 create_pretraining_data.py:161] segment_ids: 0 0 0 0 0 1 1 1 1 1 1 1 1 1 1 1 1 1 1 1 1 1 1 1 1 1 1 1 1 1 1 1 1 1 1 0 0 0 0 0 0 0 0 0 0 0 0 0 0 0 0 0 0 0 0 0 0 0 0 0 0 0 0 0 0 0 0 0 0 0 0 0 0 0 0 0 0 0 0 0 0 0 0 0 0 0 0 0 0 0 0 0 0 0 0 0 0 0 0 0 0 0 0 0 0 0 0 0 0 0 0 0 0 0 0 0 0 0 0 0 0 0 0 0 0 0 0 0
INFO:tensorflow:masked_lm_positions: 1 7 8 9 13 0 0 0 0 0 0 0 0 0 0 0 0 0 0 0
I1103 11:01:25.870098 47240447923264 create_pretraining_data.py:161] masked_lm_positions: 1 7 8 9 13 0 0 0 0 0 0 0 0 0 0 0 0 0 0 0
INFO:tensorflow:masked_lm_ids: 3858 6362 16570 1028 2040 0 0 0 0 0 0 0 0 0 0 0 0 0 0 0
I1103 11:01:25.870203 47240447923264 create_pretraining_data.py:161] masked_lm_ids: 3858 6362 16570 1028 2040 0 0 0 0 0 0 0 0 0 0 0 0 0 0 0
INFO:tensorflow:masked_lm_weights: 1.0 1.0 1.0 1.0 1.0 0.0 0.0 0.0 0.0 0.0 0.0 0.0 0.0 0.0 0.0 0.0 0.0 0.0 0.0 0.0
I1103 11:01:25.871575 47240447923264 create_pretraining_data.py:161] masked_lm_weights: 1.0 1.0 1.0 1.0 1.0 0.0 0.0 0.0 0.0 0.0 0.0 0.0 0.0 0.0 0.0 0.0 0.0 0.0 0.0 0.0
INFO:tensorflow:next_sentence_labels: 1
I1103 11:01:25.871696 47240447923264 create_pretraining_data.py:161] next_sentence_labels: 1
INFO:tensorflow:*** Example ***
I1103 11:01:25.872502 47240447923264 create_pretraining_data.py:149] *** Example ***
INFO:tensorflow:tokens: [CLS] عن ابي هريره رضي [MASK] عنه [MASK] رسول الله قال تعرض الاعمال يوم الاثنين [MASK] [MASK] فاح ##ب ان يعرض عملي وانا صا ##ئم صيام الاثنين [SEP] اصحابي الصفحه البيضاء بحياتي وبي ##بق ##ون [MASK] [MASK] لقلبي [SEP]
I1103 11:01:25.872658 47240447923264 create_pretraining_data.py:151] tokens: [CLS] عن ابي هريره رضي [MASK] عنه [MASK] رسول الله قال تعرض الاعمال يوم الاثنين [MASK] [MASK] فاح ##ب ان يعرض عملي وانا صا ##ئم صيام الاثنين [SEP] اصحابي الصفحه البيضاء بحياتي وبي ##بق ##ون [MASK] [MASK] لقلبي [SEP]
INFO:tensorflow:input_ids: 2 1955 3855 29083 4309 4 2891 4 3016 1953 2136 4722 7147 2232 4439 4 4 9206 1045 1939 10074 13828 3257 15527 16451 13447 4439 3 21904 24193 3513 18880 7986 10522 1922 4 4 20176 3 0 0 0 0 0 0 0 0 0 0 0 0 0 0 0 0 0 0 0 0 0 0 0 0 0 0 0 0 0 0 0 0 0 0 0 0 0 0 0 0 0 0 0 0 0 0 0 0 0 0 0 0 0 0 0 0 0 0 0 0 0 0 0 0 0 0 0 0 0 0 0 0 0 0 0 0 0 0 0 0 0 0 0 0 0 0 0 0 0
I1103 11:01:25.872827 47240447923264 create_pretraining_data.py:161] input_ids: 2 1955 3855 29083 4309 4 2891 4 3016 1953 2136 4722 7147 2232 4439 4 4 9206 1045 1939 10074 13828 3257 15527 16451 13447 4439 3 21904 24193 3513 18880 7986 10522 1922 4 4 20176 3 0 0 0 0 0 0 0 0 0 0 0 0 0 0 0 0 0 0 0 0 0 0 0 0 0 0 0 0 0 0 0 0 0 0 0 0 0 0 0 0 0 0 0 0 0 0 0 0 0 0 0 0 0 0 0 0 0 0 0 0 0 0 0 0 0 0 0 0 0 0 0 0 0 0 0 0 0 0 0 0 0 0 0 0 0 0 0 0 0
INFO:tensorflow:input_mask: 1 1 1 1 1 1 1 1 1 1 1 1 1 1 1 1 1 1 1 1 1 1 1 1 1 1 1 1 1 1 1 1 1 1 1 1 1 1 1 0 0 0 0 0 0 0 0 0 0 0 0 0 0 0 0 0 0 0 0 0 0 0 0 0 0 0 0 0 0 0 0 0 0 0 0 0 0 0 0 0 0 0 0 0 0 0 0 0 0 0 0 0 0 0 0 0 0 0 0 0 0 0 0 0 0 0 0 0 0 0 0 0 0 0 0 0 0 0 0 0 0 0 0 0 0 0 0 0
I1103 11:01:25.872993 47240447923264 create_pretraining_data.py:161] input_mask: 1 1 1 1 1 1 1 1 1 1 1 1 1 1 1 1 1 1 1 1 1 1 1 1 1 1 1 1 1 1 1 1 1 1 1 1 1 1 1 0 0 0 0 0 0 0 0 0 0 0 0 0 0 0 0 0 0 0 0 0 0 0 0 0 0 0 0 0 0 0 0 0 0 0 0 0 0 0 0 0 0 0 0 0 0 0 0 0 0 0 0 0 0 0 0 0 0 0 0 0 0 0 0 0 0 0 0 0 0 0 0 0 0 0 0 0 0 0 0 0 0 0 0 0 0 0 0 0
INFO:tensorflow:segment_ids: 0 0 0 0 0 0 0 0 0 0 0 0 0 0 0 0 0 0 0 0 0 0 0 0 0 0 0 0 1 1 1 1 1 1 1 1 1 1 1 0 0 0 0 0 0 0 0 0 0 0 0 0 0 0 0 0 0 0 0 0 0 0 0 0 0 0 0 0 0 0 0 0 0 0 0 0 0 0 0 0 0 0 0 0 0 0 0 0 0 0 0 0 0 0 0 0 0 0 0 0 0 0 0 0 0 0 0 0 0 0 0 0 0 0 0 0 0 0 0 0 0 0 0 0 0 0 0 0
I1103 11:01:25.873140 47240447923264 create_pretraining_data.py:161] segment_ids: 0 0 0 0 0 0 0 0 0 0 0 0 0 0 0 0 0 0 0 0 0 0 0 0 0 0 0 0 1 1 1 1 1 1 1 1 1 1 1 0 0 0 0 0 0 0 0 0 0 0 0 0 0 0 0 0 0 0 0 0 0 0 0 0 0 0 0 0 0 0 0 0 0 0 0 0 0 0 0 0 0 0 0 0 0 0 0 0 0 0 0 0 0 0 0 0 0 0 0 0 0 0 0 0 0 0 0 0 0 0 0 0 0 0 0 0 0 0 0 0 0 0 0 0 0 0 0 0
INFO:tensorflow:masked_lm_positions: 5 7 15 16 35 36 0 0 0 0 0 0 0 0 0 0 0 0 0 0
I1103 11:01:25.873253 47240447923264 create_pretraining_data.py:161] masked_lm_positions: 5 7 15 16 35 36 0 0 0 0 0 0 0 0 0 0 0 0 0 0
INFO:tensorflow:masked_lm_ids: 1953 1939 3184 3467 2852 3044 0 0 0 0 0 0 0 0 0 0 0 0 0 0
I1103 11:01:25.873357 47240447923264 create_pretraining_data.py:161] masked_lm_ids: 1953 1939 3184 3467 2852 3044 0 0 0 0 0 0 0 0 0 0 0 0 0 0
INFO:tensorflow:masked_lm_weights: 1.0 1.0 1.0 1.0 1.0 1.0 0.0 0.0 0.0 0.0 0.0 0.0 0.0 0.0 0.0 0.0 0.0 0.0 0.0 0.0
I1103 11:01:25.873461 47240447923264 create_pretraining_data.py:161] masked_lm_weights: 1.0 1.0 1.0 1.0 1.0 1.0 0.0 0.0 0.0 0.0 0.0 0.0 0.0 0.0 0.0 0.0 0.0 0.0 0.0 0.0
INFO:tensorflow:next_sentence_labels: 1
I1103 11:01:25.873555 47240447923264 create_pretraining_data.py:161] next_sentence_labels: 1
INFO:tensorflow:*** Example ***
I1103 11:01:25.874302 47240447923264 create_pretraining_data.py:149] *** Example ***
INFO:tensorflow:tokens: [CLS] متي يضحك الله [MASK] و [MASK] المقطع قصير مد ##ته دقيقه لن نعد ##م خيرا من [MASK] يضحك [SEP] الناس لا القريب [MASK] علينا مع مرور الزمن بل هم يقترب ##ون من حقيق ##تهم يوما بعد [MASK] [SEP]
I1103 11:01:25.874453 47240447923264 create_pretraining_data.py:151] tokens: [CLS] متي يضحك الله [MASK] و [MASK] المقطع قصير مد ##ته دقيقه لن نعد ##م خيرا من [MASK] يضحك [SEP] الناس لا القريب [MASK] علينا مع مرور الزمن بل هم يقترب ##ون من حقيق ##تهم يوما بعد [MASK] [SEP]
INFO:tensorflow:input_ids: 2 5917 13007 1953 4 415 4 11195 12761 2165 2076 8816 2404 28147 1015 5360 1908 4 13007 3 2397 1963 12526 4 3754 1973 7494 5579 2683 2839 22084 1922 1908 20748 3378 4038 2089 4 3 0 0 0 0 0 0 0 0 0 0 0 0 0 0 0 0 0 0 0 0 0 0 0 0 0 0 0 0 0 0 0 0 0 0 0 0 0 0 0 0 0 0 0 0 0 0 0 0 0 0 0 0 0 0 0 0 0 0 0 0 0 0 0 0 0 0 0 0 0 0 0 0 0 0 0 0 0 0 0 0 0 0 0 0 0 0 0 0 0
I1103 11:01:25.874615 47240447923264 create_pretraining_data.py:161] input_ids: 2 5917 13007 1953 4 415 4 11195 12761 2165 2076 8816 2404 28147 1015 5360 1908 4 13007 3 2397 1963 12526 4 3754 1973 7494 5579 2683 2839 22084 1922 1908 20748 3378 4038 2089 4 3 0 0 0 0 0 0 0 0 0 0 0 0 0 0 0 0 0 0 0 0 0 0 0 0 0 0 0 0 0 0 0 0 0 0 0 0 0 0 0 0 0 0 0 0 0 0 0 0 0 0 0 0 0 0 0 0 0 0 0 0 0 0 0 0 0 0 0 0 0 0 0 0 0 0 0 0 0 0 0 0 0 0 0 0 0 0 0 0 0
INFO:tensorflow:input_mask: 1 1 1 1 1 1 1 1 1 1 1 1 1 1 1 1 1 1 1 1 1 1 1 1 1 1 1 1 1 1 1 1 1 1 1 1 1 1 1 0 0 0 0 0 0 0 0 0 0 0 0 0 0 0 0 0 0 0 0 0 0 0 0 0 0 0 0 0 0 0 0 0 0 0 0 0 0 0 0 0 0 0 0 0 0 0 0 0 0 0 0 0 0 0 0 0 0 0 0 0 0 0 0 0 0 0 0 0 0 0 0 0 0 0 0 0 0 0 0 0 0 0 0 0 0 0 0 0
I1103 11:01:25.874762 47240447923264 create_pretraining_data.py:161] input_mask: 1 1 1 1 1 1 1 1 1 1 1 1 1 1 1 1 1 1 1 1 1 1 1 1 1 1 1 1 1 1 1 1 1 1 1 1 1 1 1 0 0 0 0 0 0 0 0 0 0 0 0 0 0 0 0 0 0 0 0 0 0 0 0 0 0 0 0 0 0 0 0 0 0 0 0 0 0 0 0 0 0 0 0 0 0 0 0 0 0 0 0 0 0 0 0 0 0 0 0 0 0 0 0 0 0 0 0 0 0 0 0 0 0 0 0 0 0 0 0 0 0 0 0 0 0 0 0 0
INFO:tensorflow:segment_ids: 0 0 0 0 0 0 0 0 0 0 0 0 0 0 0 0 0 0 0 0 1 1 1 1 1 1 1 1 1 1 1 1 1 1 1 1 1 1 1 0 0 0 0 0 0 0 0 0 0 0 0 0 0 0 0 0 0 0 0 0 0 0 0 0 0 0 0 0 0 0 0 0 0 0 0 0 0 0 0 0 0 0 0 0 0 0 0 0 0 0 0 0 0 0 0 0 0 0 0 0 0 0 0 0 0 0 0 0 0 0 0 0 0 0 0 0 0 0 0 0 0 0 0 0 0 0 0 0
I1103 11:01:25.874919 47240447923264 create_pretraining_data.py:161] segment_ids: 0 0 0 0 0 0 0 0 0 0 0 0 0 0 0 0 0 0 0 0 1 1 1 1 1 1 1 1 1 1 1 1 1 1 1 1 1 1 1 0 0 0 0 0 0 0 0 0 0 0 0 0 0 0 0 0 0 0 0 0 0 0 0 0 0 0 0 0 0 0 0 0 0 0 0 0 0 0 0 0 0 0 0 0 0 0 0 0 0 0 0 0 0 0 0 0 0 0 0 0 0 0 0 0 0 0 0 0 0 0 0 0 0 0 0 0 0 0 0 0 0 0 0 0 0 0 0 0
INFO:tensorflow:masked_lm_positions: 4 6 17 22 23 37 0 0 0 0 0 0 0 0 0 0 0 0 0 0
I1103 11:01:25.875025 47240447923264 create_pretraining_data.py:161] masked_lm_positions: 4 6 17 22 23 37 0 0 0 0 0 0 0 0 0 0 0 0 0 0
INFO:tensorflow:masked_lm_ids: 3280 10144 2512 10263 1922 2232 0 0 0 0 0 0 0 0 0 0 0 0 0 0
I1103 11:01:25.875128 47240447923264 create_pretraining_data.py:161] masked_lm_ids: 3280 10144 2512 10263 1922 2232 0 0 0 0 0 0 0 0 0 0 0 0 0 0
INFO:tensorflow:masked_lm_weights: 1.0 1.0 1.0 1.0 1.0 1.0 0.0 0.0 0.0 0.0 0.0 0.0 0.0 0.0 0.0 0.0 0.0 0.0 0.0 0.0
I1103 11:01:25.875232 47240447923264 create_pretraining_data.py:161] masked_lm_weights: 1.0 1.0 1.0 1.0 1.0 1.0 0.0 0.0 0.0 0.0 0.0 0.0 0.0 0.0 0.0 0.0 0.0 0.0 0.0 0.0
INFO:tensorflow:next_sentence_labels: 1
I1103 11:01:25.875337 47240447923264 create_pretraining_data.py:161] next_sentence_labels: 1
INFO:tensorflow:*** Example ***
I1103 11:01:25.876065 47240447923264 create_pretraining_data.py:149] *** Example ***
INFO:tensorflow:tokens: [CLS] [MASK] [MASK] بالكثير لهؤلاء [MASK] الذين يزرع ##ون الحب [MASK] [MASK] حياتنا الذين يجعل ##ون من طيب ##تهم وعط ##ائهم [MASK] [MASK] [MASK] علينا قسوه الحياه [SEP] لات ##قدس شيء في الحياه فكل شيء له وجه اخر لات ##راه وكل شيء ماض [MASK] الز ##وال تعامل مع معط ##ياتها بوسط ##يه واعط كل ذي حق حقه [SEP]
I1103 11:01:25.876223 47240447923264 create_pretraining_data.py:151] tokens: [CLS] [MASK] [MASK] بالكثير لهؤلاء [MASK] الذين يزرع ##ون الحب [MASK] [MASK] حياتنا الذين يجعل ##ون من طيب ##تهم وعط ##ائهم [MASK] [MASK] [MASK] علينا قسوه الحياه [SEP] لات ##قدس شيء في الحياه فكل شيء له وجه اخر لات ##راه وكل شيء ماض [MASK] الز ##وال تعامل مع معط ##ياتها بوسط ##يه واعط كل ذي حق حقه [SEP]
INFO:tensorflow:input_ids: 2 4 4 25290 26196 4 2677 23661 1922 3088 4 4 7855 2677 5754 1922 1908 4177 3378 23802 8948 4 4 4 3754 23001 3014 3 2955 15627 2621 1912 3014 9611 2621 2154 2879 3076 2955 2586 3453 2621 20856 4 2194 2318 13186 1973 26150 13907 24912 1988 28788 2038 6470 2576 10858 3 0 0 0 0 0 0 0 0 0 0 0 0 0 0 0 0 0 0 0 0 0 0 0 0 0 0 0 0 0 0 0 0 0 0 0 0 0 0 0 0 0 0 0 0 0 0 0 0 0 0 0 0 0 0 0 0 0 0 0 0 0 0 0 0 0 0 0 0 0 0
I1103 11:01:25.876409 47240447923264 create_pretraining_data.py:161] input_ids: 2 4 4 25290 26196 4 2677 23661 1922 3088 4 4 7855 2677 5754 1922 1908 4177 3378 23802 8948 4 4 4 3754 23001 3014 3 2955 15627 2621 1912 3014 9611 2621 2154 2879 3076 2955 2586 3453 2621 20856 4 2194 2318 13186 1973 26150 13907 24912 1988 28788 2038 6470 2576 10858 3 0 0 0 0 0 0 0 0 0 0 0 0 0 0 0 0 0 0 0 0 0 0 0 0 0 0 0 0 0 0 0 0 0 0 0 0 0 0 0 0 0 0 0 0 0 0 0 0 0 0 0 0 0 0 0 0 0 0 0 0 0 0 0 0 0 0 0 0 0 0
INFO:tensorflow:input_mask: 1 1 1 1 1 1 1 1 1 1 1 1 1 1 1 1 1 1 1 1 1 1 1 1 1 1 1 1 1 1 1 1 1 1 1 1 1 1 1 1 1 1 1 1 1 1 1 1 1 1 1 1 1 1 1 1 1 1 0 0 0 0 0 0 0 0 0 0 0 0 0 0 0 0 0 0 0 0 0 0 0 0 0 0 0 0 0 0 0 0 0 0 0 0 0 0 0 0 0 0 0 0 0 0 0 0 0 0 0 0 0 0 0 0 0 0 0 0 0 0 0 0 0 0 0 0 0 0
I1103 11:01:25.876559 47240447923264 create_pretraining_data.py:161] input_mask: 1 1 1 1 1 1 1 1 1 1 1 1 1 1 1 1 1 1 1 1 1 1 1 1 1 1 1 1 1 1 1 1 1 1 1 1 1 1 1 1 1 1 1 1 1 1 1 1 1 1 1 1 1 1 1 1 1 1 0 0 0 0 0 0 0 0 0 0 0 0 0 0 0 0 0 0 0 0 0 0 0 0 0 0 0 0 0 0 0 0 0 0 0 0 0 0 0 0 0 0 0 0 0 0 0 0 0 0 0 0 0 0 0 0 0 0 0 0 0 0 0 0 0 0 0 0 0 0
INFO:tensorflow:segment_ids: 0 0 0 0 0 0 0 0 0 0 0 0 0 0 0 0 0 0 0 0 0 0 0 0 0 0 0 0 1 1 1 1 1 1 1 1 1 1 1 1 1 1 1 1 1 1 1 1 1 1 1 1 1 1 1 1 1 1 0 0 0 0 0 0 0 0 0 0 0 0 0 0 0 0 0 0 0 0 0 0 0 0 0 0 0 0 0 0 0 0 0 0 0 0 0 0 0 0 0 0 0 0 0 0 0 0 0 0 0 0 0 0 0 0 0 0 0 0 0 0 0 0 0 0 0 0 0 0
I1103 11:01:25.876740 47240447923264 create_pretraining_data.py:161] segment_ids: 0 0 0 0 0 0 0 0 0 0 0 0 0 0 0 0 0 0 0 0 0 0 0 0 0 0 0 0 1 1 1 1 1 1 1 1 1 1 1 1 1 1 1 1 1 1 1 1 1 1 1 1 1 1 1 1 1 1 0 0 0 0 0 0 0 0 0 0 0 0 0 0 0 0 0 0 0 0 0 0 0 0 0 0 0 0 0 0 0 0 0 0 0 0 0 0 0 0 0 0 0 0 0 0 0 0 0 0 0 0 0 0 0 0 0 0 0 0 0 0 0 0 0 0 0 0 0 0
INFO:tensorflow:masked_lm_positions: 1 2 5 10 11 21 22 23 43 0 0 0 0 0 0 0 0 0 0 0
I1103 11:01:25.876857 47240447923264 create_pretraining_data.py:161] masked_lm_positions: 1 2 5 10 11 21 22 23 43 0 0 0 0 0 0 0 0 0 0 0
INFO:tensorflow:masked_lm_ids: 28956 1006 7497 1912 17797 13940 1931 28994 2002 0 0 0 0 0 0 0 0 0 0 0
I1103 11:01:25.876972 47240447923264 create_pretraining_data.py:161] masked_lm_ids: 28956 1006 7497 1912 17797 13940 1931 28994 2002 0 0 0 0 0 0 0 0 0 0 0
INFO:tensorflow:masked_lm_weights: 1.0 1.0 1.0 1.0 1.0 1.0 1.0 1.0 1.0 0.0 0.0 0.0 0.0 0.0 0.0 0.0 0.0 0.0 0.0 0.0
I1103 11:01:25.877090 47240447923264 create_pretraining_data.py:161] masked_lm_weights: 1.0 1.0 1.0 1.0 1.0 1.0 1.0 1.0 1.0 0.0 0.0 0.0 0.0 0.0 0.0 0.0 0.0 0.0 0.0 0.0
INFO:tensorflow:next_sentence_labels: 1
I1103 11:01:25.877195 47240447923264 create_pretraining_data.py:161] next_sentence_labels: 1
INFO:tensorflow:*** Example ***
I1103 11:01:25.877927 47240447923264 create_pretraining_data.py:149] *** Example ***
INFO:tensorflow:tokens: [CLS] ليس الجمال با ##ث ##واب تزين ##نا ان الجمال [MASK] العلم والادب الامام [MASK] ##عوا ابي طالب [SEP] 74 شهيد افت ##كر ##وهم [SEP]
I1103 11:01:25.878082 47240447923264 create_pretraining_data.py:151] tokens: [CLS] ليس الجمال با ##ث ##واب تزين ##نا ان الجمال [MASK] العلم والادب الامام [MASK] ##عوا ابي طالب [SEP] 74 شهيد افت ##كر ##وهم [SEP]
INFO:tensorflow:input_ids: 2 2618 5886 2156 1039 2889 23259 1914 1939 5886 4 2789 27518 5705 4 6251 3855 4458 3 16856 12026 4142 2014 6874 3 0 0 0 0 0 0 0 0 0 0 0 0 0 0 0 0 0 0 0 0 0 0 0 0 0 0 0 0 0 0 0 0 0 0 0 0 0 0 0 0 0 0 0 0 0 0 0 0 0 0 0 0 0 0 0 0 0 0 0 0 0 0 0 0 0 0 0 0 0 0 0 0 0 0 0 0 0 0 0 0 0 0 0 0 0 0 0 0 0 0 0 0 0 0 0 0 0 0 0 0 0 0 0
I1103 11:01:25.878261 47240447923264 create_pretraining_data.py:161] input_ids: 2 2618 5886 2156 1039 2889 23259 1914 1939 5886 4 2789 27518 5705 4 6251 3855 4458 3 16856 12026 4142 2014 6874 3 0 0 0 0 0 0 0 0 0 0 0 0 0 0 0 0 0 0 0 0 0 0 0 0 0 0 0 0 0 0 0 0 0 0 0 0 0 0 0 0 0 0 0 0 0 0 0 0 0 0 0 0 0 0 0 0 0 0 0 0 0 0 0 0 0 0 0 0 0 0 0 0 0 0 0 0 0 0 0 0 0 0 0 0 0 0 0 0 0 0 0 0 0 0 0 0 0 0 0 0 0 0 0
INFO:tensorflow:input_mask: 1 1 1 1 1 1 1 1 1 1 1 1 1 1 1 1 1 1 1 1 1 1 1 1 1 0 0 0 0 0 0 0 0 0 0 0 0 0 0 0 0 0 0 0 0 0 0 0 0 0 0 0 0 0 0 0 0 0 0 0 0 0 0 0 0 0 0 0 0 0 0 0 0 0 0 0 0 0 0 0 0 0 0 0 0 0 0 0 0 0 0 0 0 0 0 0 0 0 0 0 0 0 0 0 0 0 0 0 0 0 0 0 0 0 0 0 0 0 0 0 0 0 0 0 0 0 0 0
I1103 11:01:25.878423 47240447923264 create_pretraining_data.py:161] input_mask: 1 1 1 1 1 1 1 1 1 1 1 1 1 1 1 1 1 1 1 1 1 1 1 1 1 0 0 0 0 0 0 0 0 0 0 0 0 0 0 0 0 0 0 0 0 0 0 0 0 0 0 0 0 0 0 0 0 0 0 0 0 0 0 0 0 0 0 0 0 0 0 0 0 0 0 0 0 0 0 0 0 0 0 0 0 0 0 0 0 0 0 0 0 0 0 0 0 0 0 0 0 0 0 0 0 0 0 0 0 0 0 0 0 0 0 0 0 0 0 0 0 0 0 0 0 0 0 0
INFO:tensorflow:segment_ids: 0 0 0 0 0 0 0 0 0 0 0 0 0 0 0 0 0 0 0 1 1 1 1 1 1 0 0 0 0 0 0 0 0 0 0 0 0 0 0 0 0 0 0 0 0 0 0 0 0 0 0 0 0 0 0 0 0 0 0 0 0 0 0 0 0 0 0 0 0 0 0 0 0 0 0 0 0 0 0 0 0 0 0 0 0 0 0 0 0 0 0 0 0 0 0 0 0 0 0 0 0 0 0 0 0 0 0 0 0 0 0 0 0 0 0 0 0 0 0 0 0 0 0 0 0 0 0 0
I1103 11:01:25.878592 47240447923264 create_pretraining_data.py:161] segment_ids: 0 0 0 0 0 0 0 0 0 0 0 0 0 0 0 0 0 0 0 1 1 1 1 1 1 0 0 0 0 0 0 0 0 0 0 0 0 0 0 0 0 0 0 0 0 0 0 0 0 0 0 0 0 0 0 0 0 0 0 0 0 0 0 0 0 0 0 0 0 0 0 0 0 0 0 0 0 0 0 0 0 0 0 0 0 0 0 0 0 0 0 0 0 0 0 0 0 0 0 0 0 0 0 0 0 0 0 0 0 0 0 0 0 0 0 0 0 0 0 0 0 0 0 0 0 0 0 0
INFO:tensorflow:masked_lm_positions: 8 10 14 15 0 0 0 0 0 0 0 0 0 0 0 0 0 0 0 0
I1103 11:01:25.878710 47240447923264 create_pretraining_data.py:161] masked_lm_positions: 8 10 14 15 0 0 0 0 0 0 0 0 0 0 0 0 0 0 0 0
INFO:tensorflow:masked_lm_ids: 1939 3682 1958 2549 0 0 0 0 0 0 0 0 0 0 0 0 0 0 0 0
I1103 11:01:25.878823 47240447923264 create_pretraining_data.py:161] masked_lm_ids: 1939 3682 1958 2549 0 0 0 0 0 0 0 0 0 0 0 0 0 0 0 0
INFO:tensorflow:masked_lm_weights: 1.0 1.0 1.0 1.0 0.0 0.0 0.0 0.0 0.0 0.0 0.0 0.0 0.0 0.0 0.0 0.0 0.0 0.0 0.0 0.0
I1103 11:01:25.878941 47240447923264 create_pretraining_data.py:161] masked_lm_weights: 1.0 1.0 1.0 1.0 0.0 0.0 0.0 0.0 0.0 0.0 0.0 0.0 0.0 0.0 0.0 0.0 0.0 0.0 0.0 0.0
INFO:tensorflow:next_sentence_labels: 1
I1103 11:01:25.879045 47240447923264 create_pretraining_data.py:161] next_sentence_labels: 1
INFO:tensorflow:*** Example ***
I1103 11:01:25.879807 47240447923264 create_pretraining_data.py:149] *** Example ***
INFO:tensorflow:tokens: [CLS] للطلب والاستفسار من الساعه [MASK] حتي 10 ليلا 0533 ##78 ##50 ##78 05 ##69 ##5 ##62 ##0 ##38 0540 ##0 ##85 ##110 01145 ##0 ##80 ##42 اتصال او [MASK] [MASK] [SEP] [MASK] ##ي عنا ##ق مع [MASK] ارت ##جا ##ف [MASK] تخت ##رق ضلو ##عي عان ##قني [MASK] قسوه فقد كتبت من اجل [MASK] [MASK] قرا ##ها تمن ##ا بان عاشق ##ي [SEP]
I1103 11:01:25.879985 47240447923264 create_pretraining_data.py:151] tokens: [CLS] للطلب والاستفسار من الساعه [MASK] حتي 10 ليلا 0533 ##78 ##50 ##78 05 ##69 ##5 ##62 ##0 ##38 0540 ##0 ##85 ##110 01145 ##0 ##80 ##42 اتصال او [MASK] [MASK] [SEP] [MASK] ##ي عنا ##ق مع [MASK] ارت ##جا ##ف [MASK] تخت ##رق ضلو ##عي عان ##قني [MASK] قسوه فقد كتبت من اجل [MASK] [MASK] قرا ##ها تمن ##ا بان عاشق ##ي [SEP]
INFO:tensorflow:input_ids: 2 6806 28712 1908 6248 4 2627 2667 11423 23470 10539 4375 10539 2819 8665 1030 6332 1071 7315 16631 1071 13787 29983 25736 1071 5326 15417 8462 2213 4 4 3 4 1013 3717 1011 1973 4 3137 3327 1037 4 6627 2166 23510 2203 27754 26643 4 23001 2901 8968 1908 4434 4 4 8092 1913 6593 1007 2768 12118 1013 3 0 0 0 0 0 0 0 0 0 0 0 0 0 0 0 0 0 0 0 0 0 0 0 0 0 0 0 0 0 0 0 0 0 0 0 0 0 0 0 0 0 0 0 0 0 0 0 0 0 0 0 0 0 0 0 0 0 0 0 0 0 0 0 0
I1103 11:01:25.880166 47240447923264 create_pretraining_data.py:161] input_ids: 2 6806 28712 1908 6248 4 2627 2667 11423 23470 10539 4375 10539 2819 8665 1030 6332 1071 7315 16631 1071 13787 29983 25736 1071 5326 15417 8462 2213 4 4 3 4 1013 3717 1011 1973 4 3137 3327 1037 4 6627 2166 23510 2203 27754 26643 4 23001 2901 8968 1908 4434 4 4 8092 1913 6593 1007 2768 12118 1013 3 0 0 0 0 0 0 0 0 0 0 0 0 0 0 0 0 0 0 0 0 0 0 0 0 0 0 0 0 0 0 0 0 0 0 0 0 0 0 0 0 0 0 0 0 0 0 0 0 0 0 0 0 0 0 0 0 0 0 0 0 0 0 0 0
INFO:tensorflow:input_mask: 1 1 1 1 1 1 1 1 1 1 1 1 1 1 1 1 1 1 1 1 1 1 1 1 1 1 1 1 1 1 1 1 1 1 1 1 1 1 1 1 1 1 1 1 1 1 1 1 1 1 1 1 1 1 1 1 1 1 1 1 1 1 1 1 0 0 0 0 0 0 0 0 0 0 0 0 0 0 0 0 0 0 0 0 0 0 0 0 0 0 0 0 0 0 0 0 0 0 0 0 0 0 0 0 0 0 0 0 0 0 0 0 0 0 0 0 0 0 0 0 0 0 0 0 0 0 0 0
I1103 11:01:25.880336 47240447923264 create_pretraining_data.py:161] input_mask: 1 1 1 1 1 1 1 1 1 1 1 1 1 1 1 1 1 1 1 1 1 1 1 1 1 1 1 1 1 1 1 1 1 1 1 1 1 1 1 1 1 1 1 1 1 1 1 1 1 1 1 1 1 1 1 1 1 1 1 1 1 1 1 1 0 0 0 0 0 0 0 0 0 0 0 0 0 0 0 0 0 0 0 0 0 0 0 0 0 0 0 0 0 0 0 0 0 0 0 0 0 0 0 0 0 0 0 0 0 0 0 0 0 0 0 0 0 0 0 0 0 0 0 0 0 0 0 0
INFO:tensorflow:segment_ids: 0 0 0 0 0 0 0 0 0 0 0 0 0 0 0 0 0 0 0 0 0 0 0 0 0 0 0 0 0 0 0 0 1 1 1 1 1 1 1 1 1 1 1 1 1 1 1 1 1 1 1 1 1 1 1 1 1 1 1 1 1 1 1 1 0 0 0 0 0 0 0 0 0 0 0 0 0 0 0 0 0 0 0 0 0 0 0 0 0 0 0 0 0 0 0 0 0 0 0 0 0 0 0 0 0 0 0 0 0 0 0 0 0 0 0 0 0 0 0 0 0 0 0 0 0 0 0 0
I1103 11:01:25.880508 47240447923264 create_pretraining_data.py:161] segment_ids: 0 0 0 0 0 0 0 0 0 0 0 0 0 0 0 0 0 0 0 0 0 0 0 0 0 0 0 0 0 0 0 0 1 1 1 1 1 1 1 1 1 1 1 1 1 1 1 1 1 1 1 1 1 1 1 1 1 1 1 1 1 1 1 1 0 0 0 0 0 0 0 0 0 0 0 0 0 0 0 0 0 0 0 0 0 0 0 0 0 0 0 0 0 0 0 0 0 0 0 0 0 0 0 0 0 0 0 0 0 0 0 0 0 0 0 0 0 0 0 0 0 0 0 0 0 0 0 0
INFO:tensorflow:masked_lm_positions: 5 29 30 32 33 37 41 48 54 55 0 0 0 0 0 0 0 0 0 0
I1103 11:01:25.880629 47240447923264 create_pretraining_data.py:161] masked_lm_positions: 5 29 30 32 33 37 41 48 54 55 0 0 0 0 0 0 0 0 0 0
INFO:tensorflow:masked_lm_ids: 6116 5682 2093 23439 1013 2038 6060 388 5000 1908 0 0 0 0 0 0 0 0 0 0
I1103 11:01:25.880743 47240447923264 create_pretraining_data.py:161] masked_lm_ids: 6116 5682 2093 23439 1013 2038 6060 388 5000 1908 0 0 0 0 0 0 0 0 0 0
INFO:tensorflow:masked_lm_weights: 1.0 1.0 1.0 1.0 1.0 1.0 1.0 1.0 1.0 1.0 0.0 0.0 0.0 0.0 0.0 0.0 0.0 0.0 0.0 0.0
I1103 11:01:25.880860 47240447923264 create_pretraining_data.py:161] masked_lm_weights: 1.0 1.0 1.0 1.0 1.0 1.0 1.0 1.0 1.0 1.0 0.0 0.0 0.0 0.0 0.0 0.0 0.0 0.0 0.0 0.0
INFO:tensorflow:next_sentence_labels: 1
I1103 11:01:25.880966 47240447923264 create_pretraining_data.py:161] next_sentence_labels: 1
INFO:tensorflow:*** Example ***
I1103 11:01:25.881704 47240447923264 create_pretraining_data.py:149] *** Example ***
INFO:tensorflow:tokens: [CLS] نصيحه محب لا تجعل صوره العرض سببا في زياده السيئ ##ات [SEP] فهد الان ##صاري لايوجد [MASK] رسمي [MASK] [MASK] التصاميم لو صار [MASK] رسمي المجاني ##ن بجن ##نو ##ه جن ##نوا السومه قبله [SEP]
I1103 11:01:25.881865 47240447923264 create_pretraining_data.py:151] tokens: [CLS] نصيحه محب لا تجعل صوره العرض سببا في زياده السيئ ##ات [SEP] فهد الان ##صاري لايوجد [MASK] رسمي [MASK] [MASK] التصاميم لو صار [MASK] رسمي المجاني ##ن بجن ##نو ##ه جن ##نوا السومه قبله [SEP]
INFO:tensorflow:input_ids: 2 11368 5545 1963 5854 4187 6111 12261 1912 8364 27371 1904 3 4599 2311 12444 22719 4 10344 4 4 8437 2244 4109 4 10344 7850 1006 15147 11993 1028 2673 15505 10071 10758 3 0 0 0 0 0 0 0 0 0 0 0 0 0 0 0 0 0 0 0 0 0 0 0 0 0 0 0 0 0 0 0 0 0 0 0 0 0 0 0 0 0 0 0 0 0 0 0 0 0 0 0 0 0 0 0 0 0 0 0 0 0 0 0 0 0 0 0 0 0 0 0 0 0 0 0 0 0 0 0 0 0 0 0 0 0 0 0 0 0 0 0 0
I1103 11:01:25.882036 47240447923264 create_pretraining_data.py:161] input_ids: 2 11368 5545 1963 5854 4187 6111 12261 1912 8364 27371 1904 3 4599 2311 12444 22719 4 10344 4 4 8437 2244 4109 4 10344 7850 1006 15147 11993 1028 2673 15505 10071 10758 3 0 0 0 0 0 0 0 0 0 0 0 0 0 0 0 0 0 0 0 0 0 0 0 0 0 0 0 0 0 0 0 0 0 0 0 0 0 0 0 0 0 0 0 0 0 0 0 0 0 0 0 0 0 0 0 0 0 0 0 0 0 0 0 0 0 0 0 0 0 0 0 0 0 0 0 0 0 0 0 0 0 0 0 0 0 0 0 0 0 0 0 0
INFO:tensorflow:input_mask: 1 1 1 1 1 1 1 1 1 1 1 1 1 1 1 1 1 1 1 1 1 1 1 1 1 1 1 1 1 1 1 1 1 1 1 1 0 0 0 0 0 0 0 0 0 0 0 0 0 0 0 0 0 0 0 0 0 0 0 0 0 0 0 0 0 0 0 0 0 0 0 0 0 0 0 0 0 0 0 0 0 0 0 0 0 0 0 0 0 0 0 0 0 0 0 0 0 0 0 0 0 0 0 0 0 0 0 0 0 0 0 0 0 0 0 0 0 0 0 0 0 0 0 0 0 0 0 0
I1103 11:01:25.882193 47240447923264 create_pretraining_data.py:161] input_mask: 1 1 1 1 1 1 1 1 1 1 1 1 1 1 1 1 1 1 1 1 1 1 1 1 1 1 1 1 1 1 1 1 1 1 1 1 0 0 0 0 0 0 0 0 0 0 0 0 0 0 0 0 0 0 0 0 0 0 0 0 0 0 0 0 0 0 0 0 0 0 0 0 0 0 0 0 0 0 0 0 0 0 0 0 0 0 0 0 0 0 0 0 0 0 0 0 0 0 0 0 0 0 0 0 0 0 0 0 0 0 0 0 0 0 0 0 0 0 0 0 0 0 0 0 0 0 0 0
INFO:tensorflow:segment_ids: 0 0 0 0 0 0 0 0 0 0 0 0 0 1 1 1 1 1 1 1 1 1 1 1 1 1 1 1 1 1 1 1 1 1 1 1 0 0 0 0 0 0 0 0 0 0 0 0 0 0 0 0 0 0 0 0 0 0 0 0 0 0 0 0 0 0 0 0 0 0 0 0 0 0 0 0 0 0 0 0 0 0 0 0 0 0 0 0 0 0 0 0 0 0 0 0 0 0 0 0 0 0 0 0 0 0 0 0 0 0 0 0 0 0 0 0 0 0 0 0 0 0 0 0 0 0 0 0
I1103 11:01:25.882352 47240447923264 create_pretraining_data.py:161] segment_ids: 0 0 0 0 0 0 0 0 0 0 0 0 0 1 1 1 1 1 1 1 1 1 1 1 1 1 1 1 1 1 1 1 1 1 1 1 0 0 0 0 0 0 0 0 0 0 0 0 0 0 0 0 0 0 0 0 0 0 0 0 0 0 0 0 0 0 0 0 0 0 0 0 0 0 0 0 0 0 0 0 0 0 0 0 0 0 0 0 0 0 0 0 0 0 0 0 0 0 0 0 0 0 0 0 0 0 0 0 0 0 0 0 0 0 0 0 0 0 0 0 0 0 0 0 0 0 0 0
INFO:tensorflow:masked_lm_positions: 16 17 19 20 24 0 0 0 0 0 0 0 0 0 0 0 0 0 0 0
I1103 11:01:25.882483 47240447923264 create_pretraining_data.py:161] masked_lm_positions: 16 17 19 20 24 0 0 0 0 0 0 0 0 0 0 0 0 0 0 0
INFO:tensorflow:masked_lm_ids: 22719 2621 15645 1005 3394 0 0 0 0 0 0 0 0 0 0 0 0 0 0 0
I1103 11:01:25.882599 47240447923264 create_pretraining_data.py:161] masked_lm_ids: 22719 2621 15645 1005 3394 0 0 0 0 0 0 0 0 0 0 0 0 0 0 0
INFO:tensorflow:masked_lm_weights: 1.0 1.0 1.0 1.0 1.0 0.0 0.0 0.0 0.0 0.0 0.0 0.0 0.0 0.0 0.0 0.0 0.0 0.0 0.0 0.0
I1103 11:01:25.882716 47240447923264 create_pretraining_data.py:161] masked_lm_weights: 1.0 1.0 1.0 1.0 1.0 0.0 0.0 0.0 0.0 0.0 0.0 0.0 0.0 0.0 0.0 0.0 0.0 0.0 0.0 0.0
INFO:tensorflow:next_sentence_labels: 1
I1103 11:01:25.882820 47240447923264 create_pretraining_data.py:161] next_sentence_labels: 1
INFO:tensorflow:*** Example ***
I1103 11:01:25.883560 47240447923264 create_pretraining_data.py:149] *** Example ***
INFO:tensorflow:tokens: [CLS] [MASK] بن عبدالعزيز ا ##ل سعود يقدم الوعود بدعم ##ثيف كح ##يلا ##ن مادي ##ا خلال هذه الفتره ويؤكد [MASK] النصر سي ##قف ##ون مع الكيان [SEP] كنت اظن ان اسوا شيء في الحياه هو ان تكون وحيدا [MASK] [MASK] تابعه في الحياه هو ان ينتهي بك الامر مع اشخاص تشعر معهم بالو ##حده [MASK] [MASK] ويلي ##ام ##ز [SEP]
I1103 11:01:25.883735 47240447923264 create_pretraining_data.py:151] tokens: [CLS] [MASK] بن عبدالعزيز ا ##ل سعود يقدم الوعود بدعم ##ثيف كح ##يلا ##ن مادي ##ا خلال هذه الفتره ويؤكد [MASK] النصر سي ##قف ##ون مع الكيان [SEP] كنت اظن ان اسوا شيء في الحياه هو ان تكون وحيدا [MASK] [MASK] تابعه في الحياه هو ان ينتهي بك الامر مع اشخاص تشعر معهم بالو ##حده [MASK] [MASK] ويلي ##ام ##ز [SEP]
INFO:tensorflow:input_ids: 2 4 2040 4541 387 1010 4393 5234 27439 9490 18973 14911 27861 1006 28688 1007 2317 2159 14563 16817 4 3059 2266 3241 1922 1973 12189 3 2678 18783 1939 13064 2621 1912 3014 2139 1939 2652 15182 4 4 27390 1912 3014 2139 1939 10044 2395 5122 1973 7096 7551 5876 19442 5869 4 4 22541 1921 1008 3 0 0 0 0 0 0 0 0 0 0 0 0 0 0 0 0 0 0 0 0 0 0 0 0 0 0 0 0 0 0 0 0 0 0 0 0 0 0 0 0 0 0 0 0 0 0 0 0 0 0 0 0 0 0 0 0 0 0 0 0 0 0 0 0 0 0 0
I1103 11:01:25.883916 47240447923264 create_pretraining_data.py:161] input_ids: 2 4 2040 4541 387 1010 4393 5234 27439 9490 18973 14911 27861 1006 28688 1007 2317 2159 14563 16817 4 3059 2266 3241 1922 1973 12189 3 2678 18783 1939 13064 2621 1912 3014 2139 1939 2652 15182 4 4 27390 1912 3014 2139 1939 10044 2395 5122 1973 7096 7551 5876 19442 5869 4 4 22541 1921 1008 3 0 0 0 0 0 0 0 0 0 0 0 0 0 0 0 0 0 0 0 0 0 0 0 0 0 0 0 0 0 0 0 0 0 0 0 0 0 0 0 0 0 0 0 0 0 0 0 0 0 0 0 0 0 0 0 0 0 0 0 0 0 0 0 0 0 0 0
INFO:tensorflow:input_mask: 1 1 1 1 1 1 1 1 1 1 1 1 1 1 1 1 1 1 1 1 1 1 1 1 1 1 1 1 1 1 1 1 1 1 1 1 1 1 1 1 1 1 1 1 1 1 1 1 1 1 1 1 1 1 1 1 1 1 1 1 1 0 0 0 0 0 0 0 0 0 0 0 0 0 0 0 0 0 0 0 0 0 0 0 0 0 0 0 0 0 0 0 0 0 0 0 0 0 0 0 0 0 0 0 0 0 0 0 0 0 0 0 0 0 0 0 0 0 0 0 0 0 0 0 0 0 0 0
I1103 11:01:25.884078 47240447923264 create_pretraining_data.py:161] input_mask: 1 1 1 1 1 1 1 1 1 1 1 1 1 1 1 1 1 1 1 1 1 1 1 1 1 1 1 1 1 1 1 1 1 1 1 1 1 1 1 1 1 1 1 1 1 1 1 1 1 1 1 1 1 1 1 1 1 1 1 1 1 0 0 0 0 0 0 0 0 0 0 0 0 0 0 0 0 0 0 0 0 0 0 0 0 0 0 0 0 0 0 0 0 0 0 0 0 0 0 0 0 0 0 0 0 0 0 0 0 0 0 0 0 0 0 0 0 0 0 0 0 0 0 0 0 0 0 0
INFO:tensorflow:segment_ids: 0 0 0 0 0 0 0 0 0 0 0 0 0 0 0 0 0 0 0 0 0 0 0 0 0 0 0 0 1 1 1 1 1 1 1 1 1 1 1 1 1 1 1 1 1 1 1 1 1 1 1 1 1 1 1 1 1 1 1 1 1 0 0 0 0 0 0 0 0 0 0 0 0 0 0 0 0 0 0 0 0 0 0 0 0 0 0 0 0 0 0 0 0 0 0 0 0 0 0 0 0 0 0 0 0 0 0 0 0 0 0 0 0 0 0 0 0 0 0 0 0 0 0 0 0 0 0 0
I1103 11:01:25.884240 47240447923264 create_pretraining_data.py:161] segment_ids: 0 0 0 0 0 0 0 0 0 0 0 0 0 0 0 0 0 0 0 0 0 0 0 0 0 0 0 0 1 1 1 1 1 1 1 1 1 1 1 1 1 1 1 1 1 1 1 1 1 1 1 1 1 1 1 1 1 1 1 1 1 0 0 0 0 0 0 0 0 0 0 0 0 0 0 0 0 0 0 0 0 0 0 0 0 0 0 0 0 0 0 0 0 0 0 0 0 0 0 0 0 0 0 0 0 0 0 0 0 0 0 0 0 0 0 0 0 0 0 0 0 0 0 0 0 0 0 0
INFO:tensorflow:masked_lm_positions: 1 10 20 37 39 40 41 55 56 0 0 0 0 0 0 0 0 0 0 0
I1103 11:01:25.884377 47240447923264 create_pretraining_data.py:161] masked_lm_positions: 1 10 20 37 39 40 41 55 56 0 0 0 0 0 0 0 0 0 0 0
INFO:tensorflow:masked_lm_ids: 2202 7428 4077 2652 2425 13064 2621 12754 1006 0 0 0 0 0 0 0 0 0 0 0
I1103 11:01:25.884491 47240447923264 create_pretraining_data.py:161] masked_lm_ids: 2202 7428 4077 2652 2425 13064 2621 12754 1006 0 0 0 0 0 0 0 0 0 0 0
INFO:tensorflow:masked_lm_weights: 1.0 1.0 1.0 1.0 1.0 1.0 1.0 1.0 1.0 0.0 0.0 0.0 0.0 0.0 0.0 0.0 0.0 0.0 0.0 0.0
I1103 11:01:25.884608 47240447923264 create_pretraining_data.py:161] masked_lm_weights: 1.0 1.0 1.0 1.0 1.0 1.0 1.0 1.0 1.0 0.0 0.0 0.0 0.0 0.0 0.0 0.0 0.0 0.0 0.0 0.0
INFO:tensorflow:next_sentence_labels: 1
I1103 11:01:25.884713 47240447923264 create_pretraining_data.py:161] next_sentence_labels: 1
INFO:tensorflow:*** Example ***
I1103 11:01:25.885416 47240447923264 create_pretraining_data.py:149] *** Example ***
INFO:tensorflow:tokens: [CLS] فيديو الشيخ المطلق ينتقد اصحاب مقطع غسل اليدين بالع ##ود ويعد فعله ##م [MASK] [MASK] [MASK] الرا ##صد [SEP] سوره الناس [SEP]
I1103 11:01:25.885572 47240447923264 create_pretraining_data.py:151] tokens: [CLS] فيديو الشيخ المطلق ينتقد اصحاب مقطع غسل اليدين بالع ##ود ويعد فعله ##م [MASK] [MASK] [MASK] الرا ##صد [SEP] سوره الناس [SEP]
INFO:tensorflow:input_ids: 2 3507 2702 18954 19878 5883 8978 13726 20455 3598 1993 16446 10668 1015 4 4 4 2446 2588 3 6311 2397 3 0 0 0 0 0 0 0 0 0 0 0 0 0 0 0 0 0 0 0 0 0 0 0 0 0 0 0 0 0 0 0 0 0 0 0 0 0 0 0 0 0 0 0 0 0 0 0 0 0 0 0 0 0 0 0 0 0 0 0 0 0 0 0 0 0 0 0 0 0 0 0 0 0 0 0 0 0 0 0 0 0 0 0 0 0 0 0 0 0 0 0 0 0 0 0 0 0 0 0 0 0 0 0 0 0
I1103 11:01:25.885744 47240447923264 create_pretraining_data.py:161] input_ids: 2 3507 2702 18954 19878 5883 8978 13726 20455 3598 1993 16446 10668 1015 4 4 4 2446 2588 3 6311 2397 3 0 0 0 0 0 0 0 0 0 0 0 0 0 0 0 0 0 0 0 0 0 0 0 0 0 0 0 0 0 0 0 0 0 0 0 0 0 0 0 0 0 0 0 0 0 0 0 0 0 0 0 0 0 0 0 0 0 0 0 0 0 0 0 0 0 0 0 0 0 0 0 0 0 0 0 0 0 0 0 0 0 0 0 0 0 0 0 0 0 0 0 0 0 0 0 0 0 0 0 0 0 0 0 0 0
INFO:tensorflow:input_mask: 1 1 1 1 1 1 1 1 1 1 1 1 1 1 1 1 1 1 1 1 1 1 1 0 0 0 0 0 0 0 0 0 0 0 0 0 0 0 0 0 0 0 0 0 0 0 0 0 0 0 0 0 0 0 0 0 0 0 0 0 0 0 0 0 0 0 0 0 0 0 0 0 0 0 0 0 0 0 0 0 0 0 0 0 0 0 0 0 0 0 0 0 0 0 0 0 0 0 0 0 0 0 0 0 0 0 0 0 0 0 0 0 0 0 0 0 0 0 0 0 0 0 0 0 0 0 0 0
I1103 11:01:25.885903 47240447923264 create_pretraining_data.py:161] input_mask: 1 1 1 1 1 1 1 1 1 1 1 1 1 1 1 1 1 1 1 1 1 1 1 0 0 0 0 0 0 0 0 0 0 0 0 0 0 0 0 0 0 0 0 0 0 0 0 0 0 0 0 0 0 0 0 0 0 0 0 0 0 0 0 0 0 0 0 0 0 0 0 0 0 0 0 0 0 0 0 0 0 0 0 0 0 0 0 0 0 0 0 0 0 0 0 0 0 0 0 0 0 0 0 0 0 0 0 0 0 0 0 0 0 0 0 0 0 0 0 0 0 0 0 0 0 0 0 0
INFO:tensorflow:segment_ids: 0 0 0 0 0 0 0 0 0 0 0 0 0 0 0 0 0 0 0 0 1 1 1 0 0 0 0 0 0 0 0 0 0 0 0 0 0 0 0 0 0 0 0 0 0 0 0 0 0 0 0 0 0 0 0 0 0 0 0 0 0 0 0 0 0 0 0 0 0 0 0 0 0 0 0 0 0 0 0 0 0 0 0 0 0 0 0 0 0 0 0 0 0 0 0 0 0 0 0 0 0 0 0 0 0 0 0 0 0 0 0 0 0 0 0 0 0 0 0 0 0 0 0 0 0 0 0 0
I1103 11:01:25.886061 47240447923264 create_pretraining_data.py:161] segment_ids: 0 0 0 0 0 0 0 0 0 0 0 0 0 0 0 0 0 0 0 0 1 1 1 0 0 0 0 0 0 0 0 0 0 0 0 0 0 0 0 0 0 0 0 0 0 0 0 0 0 0 0 0 0 0 0 0 0 0 0 0 0 0 0 0 0 0 0 0 0 0 0 0 0 0 0 0 0 0 0 0 0 0 0 0 0 0 0 0 0 0 0 0 0 0 0 0 0 0 0 0 0 0 0 0 0 0 0 0 0 0 0 0 0 0 0 0 0 0 0 0 0 0 0 0 0 0 0 0
INFO:tensorflow:masked_lm_positions: 14 15 16 0 0 0 0 0 0 0 0 0 0 0 0 0 0 0 0 0
I1103 11:01:25.886178 47240447923264 create_pretraining_data.py:161] masked_lm_positions: 14 15 16 0 0 0 0 0 0 0 0 0 0 0 0 0 0 0 0 0
INFO:tensorflow:masked_lm_ids: 2500 8845 1007 0 0 0 0 0 0 0 0 0 0 0 0 0 0 0 0 0
I1103 11:01:25.886333 47240447923264 create_pretraining_data.py:161] masked_lm_ids: 2500 8845 1007 0 0 0 0 0 0 0 0 0 0 0 0 0 0 0 0 0
INFO:tensorflow:masked_lm_weights: 1.0 1.0 1.0 0.0 0.0 0.0 0.0 0.0 0.0 0.0 0.0 0.0 0.0 0.0 0.0 0.0 0.0 0.0 0.0 0.0
I1103 11:01:25.886429 47240447923264 create_pretraining_data.py:161] masked_lm_weights: 1.0 1.0 1.0 0.0 0.0 0.0 0.0 0.0 0.0 0.0 0.0 0.0 0.0 0.0 0.0 0.0 0.0 0.0 0.0 0.0
INFO:tensorflow:next_sentence_labels: 1
I1103 11:01:25.886513 47240447923264 create_pretraining_data.py:161] next_sentence_labels: 1
INFO:tensorflow:*** Example ***
I1103 11:01:25.887108 47240447923264 create_pretraining_data.py:149] *** Example ***
INFO:tensorflow:tokens: [CLS] الكلمه الطيبه والابت ##سامه الصادقه [MASK] رصيد ايجابي تود ##عه [MASK] الشخص الذي امامك واول ##ي واح ##ق الناس بهذه [MASK] [MASK] [MASK] هم الاق ##ربون [SEP] صباحك [MASK] ياا ##بن النور نعم كنت [MASK] الجم ##وع والحين امامه ##م احفظ العهد يحفظك الله دائمه بالف ##تح فسوف ينتهي الامر بنص ##رك [SEP]
I1103 11:01:25.887247 47240447923264 create_pretraining_data.py:151] tokens: [CLS] الكلمه الطيبه والابت ##سامه الصادقه [MASK] رصيد ايجابي تود ##عه [MASK] الشخص الذي امامك واول ##ي واح ##ق الناس بهذه [MASK] [MASK] [MASK] هم الاق ##ربون [SEP] صباحك [MASK] ياا ##بن النور نعم كنت [MASK] الجم ##وع والحين امامه ##م احفظ العهد يحفظك الله دائمه بالف ##تح فسوف ينتهي الامر بنص ##رك [SEP]
INFO:tensorflow:input_ids: 2 12661 11032 13076 6091 27982 4 15283 23694 19358 2226 4 3190 2130 24654 20485 1013 4042 1011 2397 5538 4 4 4 2839 7955 10996 3 12499 4 11627 9285 5990 3331 2678 4 3543 2095 25974 24732 1015 5776 5286 20217 1953 24211 5406 2133 17498 10044 5122 16180 1985 3 0 0 0 0 0 0 0 0 0 0 0 0 0 0 0 0 0 0 0 0 0 0 0 0 0 0 0 0 0 0 0 0 0 0 0 0 0 0 0 0 0 0 0 0 0 0 0 0 0 0 0 0 0 0 0 0 0 0 0 0 0 0 0 0 0 0 0 0 0 0 0 0 0 0
I1103 11:01:25.887393 47240447923264 create_pretraining_data.py:161] input_ids: 2 12661 11032 13076 6091 27982 4 15283 23694 19358 2226 4 3190 2130 24654 20485 1013 4042 1011 2397 5538 4 4 4 2839 7955 10996 3 12499 4 11627 9285 5990 3331 2678 4 3543 2095 25974 24732 1015 5776 5286 20217 1953 24211 5406 2133 17498 10044 5122 16180 1985 3 0 0 0 0 0 0 0 0 0 0 0 0 0 0 0 0 0 0 0 0 0 0 0 0 0 0 0 0 0 0 0 0 0 0 0 0 0 0 0 0 0 0 0 0 0 0 0 0 0 0 0 0 0 0 0 0 0 0 0 0 0 0 0 0 0 0 0 0 0 0 0 0 0 0
INFO:tensorflow:input_mask: 1 1 1 1 1 1 1 1 1 1 1 1 1 1 1 1 1 1 1 1 1 1 1 1 1 1 1 1 1 1 1 1 1 1 1 1 1 1 1 1 1 1 1 1 1 1 1 1 1 1 1 1 1 1 0 0 0 0 0 0 0 0 0 0 0 0 0 0 0 0 0 0 0 0 0 0 0 0 0 0 0 0 0 0 0 0 0 0 0 0 0 0 0 0 0 0 0 0 0 0 0 0 0 0 0 0 0 0 0 0 0 0 0 0 0 0 0 0 0 0 0 0 0 0 0 0 0 0
I1103 11:01:25.887522 47240447923264 create_pretraining_data.py:161] input_mask: 1 1 1 1 1 1 1 1 1 1 1 1 1 1 1 1 1 1 1 1 1 1 1 1 1 1 1 1 1 1 1 1 1 1 1 1 1 1 1 1 1 1 1 1 1 1 1 1 1 1 1 1 1 1 0 0 0 0 0 0 0 0 0 0 0 0 0 0 0 0 0 0 0 0 0 0 0 0 0 0 0 0 0 0 0 0 0 0 0 0 0 0 0 0 0 0 0 0 0 0 0 0 0 0 0 0 0 0 0 0 0 0 0 0 0 0 0 0 0 0 0 0 0 0 0 0 0 0
INFO:tensorflow:segment_ids: 0 0 0 0 0 0 0 0 0 0 0 0 0 0 0 0 0 0 0 0 0 0 0 0 0 0 0 0 1 1 1 1 1 1 1 1 1 1 1 1 1 1 1 1 1 1 1 1 1 1 1 1 1 1 0 0 0 0 0 0 0 0 0 0 0 0 0 0 0 0 0 0 0 0 0 0 0 0 0 0 0 0 0 0 0 0 0 0 0 0 0 0 0 0 0 0 0 0 0 0 0 0 0 0 0 0 0 0 0 0 0 0 0 0 0 0 0 0 0 0 0 0 0 0 0 0 0 0
I1103 11:01:25.887644 47240447923264 create_pretraining_data.py:161] segment_ids: 0 0 0 0 0 0 0 0 0 0 0 0 0 0 0 0 0 0 0 0 0 0 0 0 0 0 0 0 1 1 1 1 1 1 1 1 1 1 1 1 1 1 1 1 1 1 1 1 1 1 1 1 1 1 0 0 0 0 0 0 0 0 0 0 0 0 0 0 0 0 0 0 0 0 0 0 0 0 0 0 0 0 0 0 0 0 0 0 0 0 0 0 0 0 0 0 0 0 0 0 0 0 0 0 0 0 0 0 0 0 0 0 0 0 0 0 0 0 0 0 0 0 0 0 0 0 0 0
INFO:tensorflow:masked_lm_positions: 6 11 21 22 23 29 35 45 0 0 0 0 0 0 0 0 0 0 0 0
I1103 11:01:25.887735 47240447923264 create_pretraining_data.py:161] masked_lm_positions: 6 11 21 22 23 29 35 45 0 0 0 0 0 0 0 0 0 0 0 0
INFO:tensorflow:masked_lm_ids: 2247 4118 12661 13076 6091 3772 5659 27596 0 0 0 0 0 0 0 0 0 0 0 0
I1103 11:01:25.887839 47240447923264 create_pretraining_data.py:161] masked_lm_ids: 2247 4118 12661 13076 6091 3772 5659 27596 0 0 0 0 0 0 0 0 0 0 0 0
INFO:tensorflow:masked_lm_weights: 1.0 1.0 1.0 1.0 1.0 1.0 1.0 1.0 0.0 0.0 0.0 0.0 0.0 0.0 0.0 0.0 0.0 0.0 0.0 0.0
I1103 11:01:25.887931 47240447923264 create_pretraining_data.py:161] masked_lm_weights: 1.0 1.0 1.0 1.0 1.0 1.0 1.0 1.0 0.0 0.0 0.0 0.0 0.0 0.0 0.0 0.0 0.0 0.0 0.0 0.0
INFO:tensorflow:next_sentence_labels: 1
I1103 11:01:25.888015 47240447923264 create_pretraining_data.py:161] next_sentence_labels: 1
INFO:tensorflow:*** Example ***
I1103 11:01:25.888605 47240447923264 create_pretraining_data.py:149] *** Example ***
INFO:tensorflow:tokens: [CLS] الدار ##سين [MASK] حسابه ##م يناشد ##ون بان ##ضمام ##هم عاد الامل للطلاب [MASK] [MASK] ##ين مع التغيير الجديد والان [MASK] [MASK] الصوره من وراء قرار عدم ضمه ##م [SEP] اوب ##امي ##انغ اوب ##امي ##انغ اوب ##امي ##انغ يسجل من جديد و يصل [MASK] الهدف رقم [MASK] في البو ##ندس ##ليغ ##ا [MASK] عن الغز ##اره الته ##ديف ##يه احدث ##ك عن اوب ##امي ##انغ [SEP]
I1103 11:01:25.888747 47240447923264 create_pretraining_data.py:151] tokens: [CLS] الدار ##سين [MASK] حسابه ##م يناشد ##ون بان ##ضمام ##هم عاد الامل للطلاب [MASK] [MASK] ##ين مع التغيير الجديد والان [MASK] [MASK] الصوره من وراء قرار عدم ضمه ##م [SEP] اوب ##امي ##انغ اوب ##امي ##انغ اوب ##امي ##انغ يسجل من جديد و يصل [MASK] الهدف رقم [MASK] في البو ##ندس ##ليغ ##ا [MASK] عن الغز ##اره الته ##ديف ##يه احدث ##ك عن اوب ##امي ##انغ [SEP]
INFO:tensorflow:input_ids: 2 7761 2998 4 12397 1015 20371 1922 2768 7403 1949 3381 6535 15624 4 4 1911 1973 7946 3421 4308 4 4 7184 1908 5659 4298 3216 26066 1015 3 9174 3287 14286 9174 3287 14286 9174 3287 14286 10812 1908 3044 415 4604 4 6078 3128 4 1912 18385 23395 19350 1007 4 1955 11830 2418 5748 11531 1988 5276 1014 1955 9174 3287 14286 3 0 0 0 0 0 0 0 0 0 0 0 0 0 0 0 0 0 0 0 0 0 0 0 0 0 0 0 0 0 0 0 0 0 0 0 0 0 0 0 0 0 0 0 0 0 0 0 0 0 0 0 0 0 0 0 0 0 0 0 0
I1103 11:01:25.888892 47240447923264 create_pretraining_data.py:161] input_ids: 2 7761 2998 4 12397 1015 20371 1922 2768 7403 1949 3381 6535 15624 4 4 1911 1973 7946 3421 4308 4 4 7184 1908 5659 4298 3216 26066 1015 3 9174 3287 14286 9174 3287 14286 9174 3287 14286 10812 1908 3044 415 4604 4 6078 3128 4 1912 18385 23395 19350 1007 4 1955 11830 2418 5748 11531 1988 5276 1014 1955 9174 3287 14286 3 0 0 0 0 0 0 0 0 0 0 0 0 0 0 0 0 0 0 0 0 0 0 0 0 0 0 0 0 0 0 0 0 0 0 0 0 0 0 0 0 0 0 0 0 0 0 0 0 0 0 0 0 0 0 0 0 0 0 0 0
INFO:tensorflow:input_mask: 1 1 1 1 1 1 1 1 1 1 1 1 1 1 1 1 1 1 1 1 1 1 1 1 1 1 1 1 1 1 1 1 1 1 1 1 1 1 1 1 1 1 1 1 1 1 1 1 1 1 1 1 1 1 1 1 1 1 1 1 1 1 1 1 1 1 1 1 0 0 0 0 0 0 0 0 0 0 0 0 0 0 0 0 0 0 0 0 0 0 0 0 0 0 0 0 0 0 0 0 0 0 0 0 0 0 0 0 0 0 0 0 0 0 0 0 0 0 0 0 0 0 0 0 0 0 0 0
I1103 11:01:25.889024 47240447923264 create_pretraining_data.py:161] input_mask: 1 1 1 1 1 1 1 1 1 1 1 1 1 1 1 1 1 1 1 1 1 1 1 1 1 1 1 1 1 1 1 1 1 1 1 1 1 1 1 1 1 1 1 1 1 1 1 1 1 1 1 1 1 1 1 1 1 1 1 1 1 1 1 1 1 1 1 1 0 0 0 0 0 0 0 0 0 0 0 0 0 0 0 0 0 0 0 0 0 0 0 0 0 0 0 0 0 0 0 0 0 0 0 0 0 0 0 0 0 0 0 0 0 0 0 0 0 0 0 0 0 0 0 0 0 0 0 0
INFO:tensorflow:segment_ids: 0 0 0 0 0 0 0 0 0 0 0 0 0 0 0 0 0 0 0 0 0 0 0 0 0 0 0 0 0 0 0 1 1 1 1 1 1 1 1 1 1 1 1 1 1 1 1 1 1 1 1 1 1 1 1 1 1 1 1 1 1 1 1 1 1 1 1 1 0 0 0 0 0 0 0 0 0 0 0 0 0 0 0 0 0 0 0 0 0 0 0 0 0 0 0 0 0 0 0 0 0 0 0 0 0 0 0 0 0 0 0 0 0 0 0 0 0 0 0 0 0 0 0 0 0 0 0 0
I1103 11:01:25.889147 47240447923264 create_pretraining_data.py:161] segment_ids: 0 0 0 0 0 0 0 0 0 0 0 0 0 0 0 0 0 0 0 0 0 0 0 0 0 0 0 0 0 0 0 1 1 1 1 1 1 1 1 1 1 1 1 1 1 1 1 1 1 1 1 1 1 1 1 1 1 1 1 1 1 1 1 1 1 1 1 1 0 0 0 0 0 0 0 0 0 0 0 0 0 0 0 0 0 0 0 0 0 0 0 0 0 0 0 0 0 0 0 0 0 0 0 0 0 0 0 0 0 0 0 0 0 0 0 0 0 0 0 0 0 0 0 0 0 0 0 0
INFO:tensorflow:masked_lm_positions: 3 14 15 16 21 22 45 48 54 55 0 0 0 0 0 0 0 0 0 0
I1103 11:01:25.889259 47240447923264 create_pretraining_data.py:161] masked_lm_positions: 3 14 15 16 21 22 45 48 54 55 0 0 0 0 0 0 0 0 0 0
INFO:tensorflow:masked_lm_ids: 1958 13617 6344 1911 10561 3514 2002 3328 11822 1955 0 0 0 0 0 0 0 0 0 0
I1103 11:01:25.889354 47240447923264 create_pretraining_data.py:161] masked_lm_ids: 1958 13617 6344 1911 10561 3514 2002 3328 11822 1955 0 0 0 0 0 0 0 0 0 0
INFO:tensorflow:masked_lm_weights: 1.0 1.0 1.0 1.0 1.0 1.0 1.0 1.0 1.0 1.0 0.0 0.0 0.0 0.0 0.0 0.0 0.0 0.0 0.0 0.0
I1103 11:01:25.889447 47240447923264 create_pretraining_data.py:161] masked_lm_weights: 1.0 1.0 1.0 1.0 1.0 1.0 1.0 1.0 1.0 1.0 0.0 0.0 0.0 0.0 0.0 0.0 0.0 0.0 0.0 0.0
INFO:tensorflow:next_sentence_labels: 1
I1103 11:01:25.889530 47240447923264 create_pretraining_data.py:161] next_sentence_labels: 1
INFO:tensorflow:*** Example ***
I1103 11:01:25.890111 47240447923264 create_pretraining_data.py:149] *** Example ***
INFO:tensorflow:tokens: [CLS] [MASK] الت ##ث ##دي [MASK] الرجال جده 012 ##66 ##88 ##21 ##3 012 ##66 ##88 ##21 ##4 [SEP] الساق ##عه محتاجه ايه محتاج مناش ##ويه [MASK] كي نح ##س بالا ##لام اللاجئين [MASK] يموتون بردا [MASK] المخيمات [MASK] يتطلب منا الصدقه لهم بكل مات ##جود به النفس [SEP]
I1103 11:01:25.890249 47240447923264 create_pretraining_data.py:151] tokens: [CLS] [MASK] الت ##ث ##دي [MASK] الرجال جده 012 ##66 ##88 ##21 ##3 012 ##66 ##88 ##21 ##4 [SEP] الساق ##عه محتاجه ايه محتاج مناش ##ويه [MASK] كي نح ##س بالا ##لام اللاجئين [MASK] يموتون بردا [MASK] المخيمات [MASK] يتطلب منا الصدقه لهم بكل مات ##جود به النفس [SEP]
INFO:tensorflow:input_ids: 2 4 1927 1039 1930 4 4892 4868 24498 4729 5131 9113 1076 24498 4729 5131 9113 1069 3 23656 2226 15475 4138 6152 28259 2835 4 3364 3000 1033 4581 2025 8668 4 26666 23295 4 24949 4 11648 3501 19341 2899 3268 3019 23198 2249 3821 3 0 0 0 0 0 0 0 0 0 0 0 0 0 0 0 0 0 0 0 0 0 0 0 0 0 0 0 0 0 0 0 0 0 0 0 0 0 0 0 0 0 0 0 0 0 0 0 0 0 0 0 0 0 0 0 0 0 0 0 0 0 0 0 0 0 0 0 0 0 0 0 0 0 0 0 0 0 0 0
I1103 11:01:25.890394 47240447923264 create_pretraining_data.py:161] input_ids: 2 4 1927 1039 1930 4 4892 4868 24498 4729 5131 9113 1076 24498 4729 5131 9113 1069 3 23656 2226 15475 4138 6152 28259 2835 4 3364 3000 1033 4581 2025 8668 4 26666 23295 4 24949 4 11648 3501 19341 2899 3268 3019 23198 2249 3821 3 0 0 0 0 0 0 0 0 0 0 0 0 0 0 0 0 0 0 0 0 0 0 0 0 0 0 0 0 0 0 0 0 0 0 0 0 0 0 0 0 0 0 0 0 0 0 0 0 0 0 0 0 0 0 0 0 0 0 0 0 0 0 0 0 0 0 0 0 0 0 0 0 0 0 0 0 0 0 0
INFO:tensorflow:input_mask: 1 1 1 1 1 1 1 1 1 1 1 1 1 1 1 1 1 1 1 1 1 1 1 1 1 1 1 1 1 1 1 1 1 1 1 1 1 1 1 1 1 1 1 1 1 1 1 1 1 0 0 0 0 0 0 0 0 0 0 0 0 0 0 0 0 0 0 0 0 0 0 0 0 0 0 0 0 0 0 0 0 0 0 0 0 0 0 0 0 0 0 0 0 0 0 0 0 0 0 0 0 0 0 0 0 0 0 0 0 0 0 0 0 0 0 0 0 0 0 0 0 0 0 0 0 0 0 0
I1103 11:01:25.890524 47240447923264 create_pretraining_data.py:161] input_mask: 1 1 1 1 1 1 1 1 1 1 1 1 1 1 1 1 1 1 1 1 1 1 1 1 1 1 1 1 1 1 1 1 1 1 1 1 1 1 1 1 1 1 1 1 1 1 1 1 1 0 0 0 0 0 0 0 0 0 0 0 0 0 0 0 0 0 0 0 0 0 0 0 0 0 0 0 0 0 0 0 0 0 0 0 0 0 0 0 0 0 0 0 0 0 0 0 0 0 0 0 0 0 0 0 0 0 0 0 0 0 0 0 0 0 0 0 0 0 0 0 0 0 0 0 0 0 0 0
INFO:tensorflow:segment_ids: 0 0 0 0 0 0 0 0 0 0 0 0 0 0 0 0 0 0 0 1 1 1 1 1 1 1 1 1 1 1 1 1 1 1 1 1 1 1 1 1 1 1 1 1 1 1 1 1 1 0 0 0 0 0 0 0 0 0 0 0 0 0 0 0 0 0 0 0 0 0 0 0 0 0 0 0 0 0 0 0 0 0 0 0 0 0 0 0 0 0 0 0 0 0 0 0 0 0 0 0 0 0 0 0 0 0 0 0 0 0 0 0 0 0 0 0 0 0 0 0 0 0 0 0 0 0 0 0
I1103 11:01:25.890648 47240447923264 create_pretraining_data.py:161] segment_ids: 0 0 0 0 0 0 0 0 0 0 0 0 0 0 0 0 0 0 0 1 1 1 1 1 1 1 1 1 1 1 1 1 1 1 1 1 1 1 1 1 1 1 1 1 1 1 1 1 1 0 0 0 0 0 0 0 0 0 0 0 0 0 0 0 0 0 0 0 0 0 0 0 0 0 0 0 0 0 0 0 0 0 0 0 0 0 0 0 0 0 0 0 0 0 0 0 0 0 0 0 0 0 0 0 0 0 0 0 0 0 0 0 0 0 0 0 0 0 0 0 0 0 0 0 0 0 0 0
INFO:tensorflow:masked_lm_positions: 1 5 26 33 36 38 40 0 0 0 0 0 0 0 0 0 0 0 0 0
I1103 11:01:25.890758 47240447923264 create_pretraining_data.py:161] masked_lm_positions: 1 5 26 33 36 38 40 0 0 0 0 0 0 0 0 0 0 0 0 0
INFO:tensorflow:masked_lm_ids: 15767 2192 6432 2677 1912 2574 3501 0 0 0 0 0 0 0 0 0 0 0 0 0
I1103 11:01:25.890849 47240447923264 create_pretraining_data.py:161] masked_lm_ids: 15767 2192 6432 2677 1912 2574 3501 0 0 0 0 0 0 0 0 0 0 0 0 0
INFO:tensorflow:masked_lm_weights: 1.0 1.0 1.0 1.0 1.0 1.0 1.0 0.0 0.0 0.0 0.0 0.0 0.0 0.0 0.0 0.0 0.0 0.0 0.0 0.0
I1103 11:01:25.890940 47240447923264 create_pretraining_data.py:161] masked_lm_weights: 1.0 1.0 1.0 1.0 1.0 1.0 1.0 0.0 0.0 0.0 0.0 0.0 0.0 0.0 0.0 0.0 0.0 0.0 0.0 0.0
INFO:tensorflow:next_sentence_labels: 1
I1103 11:01:25.891022 47240447923264 create_pretraining_data.py:161] next_sentence_labels: 1
INFO:tensorflow:*** Example ***
I1103 11:01:25.891614 47240447923264 create_pretraining_data.py:149] *** Example ***
INFO:tensorflow:tokens: [CLS] الله يو ##سع صدر [MASK] ضاق صدره [SEP] [MASK] ايها الراحل النائ ##م لاتخاذ مشاعري غم ##ا ان تنص ##هر في دمي او تت ##بخ ##ر وان ##زف ##ك [MASK] [MASK] عني لاست ##مر بالحياه [SEP]
I1103 11:01:25.891744 47240447923264 create_pretraining_data.py:151] tokens: [CLS] الله يو ##سع صدر [MASK] ضاق صدره [SEP] [MASK] ايها الراحل النائ ##م لاتخاذ مشاعري غم ##ا ان تنص ##هر في دمي او تت ##بخ ##ر وان ##زف ##ك [MASK] [MASK] عني لاست ##مر بالحياه [SEP]
INFO:tensorflow:input_ids: 2 1953 2724 7165 4628 4 13209 10811 3 4 5818 9570 23056 1015 25046 25304 11953 1007 1939 17711 2121 1912 24003 2213 2201 4347 1017 2178 16398 1014 4 4 4449 4631 2026 16699 3 0 0 0 0 0 0 0 0 0 0 0 0 0 0 0 0 0 0 0 0 0 0 0 0 0 0 0 0 0 0 0 0 0 0 0 0 0 0 0 0 0 0 0 0 0 0 0 0 0 0 0 0 0 0 0 0 0 0 0 0 0 0 0 0 0 0 0 0 0 0 0 0 0 0 0 0 0 0 0 0 0 0 0 0 0 0 0 0 0 0 0
I1103 11:01:25.891886 47240447923264 create_pretraining_data.py:161] input_ids: 2 1953 2724 7165 4628 4 13209 10811 3 4 5818 9570 23056 1015 25046 25304 11953 1007 1939 17711 2121 1912 24003 2213 2201 4347 1017 2178 16398 1014 4 4 4449 4631 2026 16699 3 0 0 0 0 0 0 0 0 0 0 0 0 0 0 0 0 0 0 0 0 0 0 0 0 0 0 0 0 0 0 0 0 0 0 0 0 0 0 0 0 0 0 0 0 0 0 0 0 0 0 0 0 0 0 0 0 0 0 0 0 0 0 0 0 0 0 0 0 0 0 0 0 0 0 0 0 0 0 0 0 0 0 0 0 0 0 0 0 0 0 0
INFO:tensorflow:input_mask: 1 1 1 1 1 1 1 1 1 1 1 1 1 1 1 1 1 1 1 1 1 1 1 1 1 1 1 1 1 1 1 1 1 1 1 1 1 0 0 0 0 0 0 0 0 0 0 0 0 0 0 0 0 0 0 0 0 0 0 0 0 0 0 0 0 0 0 0 0 0 0 0 0 0 0 0 0 0 0 0 0 0 0 0 0 0 0 0 0 0 0 0 0 0 0 0 0 0 0 0 0 0 0 0 0 0 0 0 0 0 0 0 0 0 0 0 0 0 0 0 0 0 0 0 0 0 0 0
I1103 11:01:25.892015 47240447923264 create_pretraining_data.py:161] input_mask: 1 1 1 1 1 1 1 1 1 1 1 1 1 1 1 1 1 1 1 1 1 1 1 1 1 1 1 1 1 1 1 1 1 1 1 1 1 0 0 0 0 0 0 0 0 0 0 0 0 0 0 0 0 0 0 0 0 0 0 0 0 0 0 0 0 0 0 0 0 0 0 0 0 0 0 0 0 0 0 0 0 0 0 0 0 0 0 0 0 0 0 0 0 0 0 0 0 0 0 0 0 0 0 0 0 0 0 0 0 0 0 0 0 0 0 0 0 0 0 0 0 0 0 0 0 0 0 0
INFO:tensorflow:segment_ids: 0 0 0 0 0 0 0 0 0 1 1 1 1 1 1 1 1 1 1 1 1 1 1 1 1 1 1 1 1 1 1 1 1 1 1 1 1 0 0 0 0 0 0 0 0 0 0 0 0 0 0 0 0 0 0 0 0 0 0 0 0 0 0 0 0 0 0 0 0 0 0 0 0 0 0 0 0 0 0 0 0 0 0 0 0 0 0 0 0 0 0 0 0 0 0 0 0 0 0 0 0 0 0 0 0 0 0 0 0 0 0 0 0 0 0 0 0 0 0 0 0 0 0 0 0 0 0 0
I1103 11:01:25.892137 47240447923264 create_pretraining_data.py:161] segment_ids: 0 0 0 0 0 0 0 0 0 1 1 1 1 1 1 1 1 1 1 1 1 1 1 1 1 1 1 1 1 1 1 1 1 1 1 1 1 0 0 0 0 0 0 0 0 0 0 0 0 0 0 0 0 0 0 0 0 0 0 0 0 0 0 0 0 0 0 0 0 0 0 0 0 0 0 0 0 0 0 0 0 0 0 0 0 0 0 0 0 0 0 0 0 0 0 0 0 0 0 0 0 0 0 0 0 0 0 0 0 0 0 0 0 0 0 0 0 0 0 0 0 0 0 0 0 0 0 0
INFO:tensorflow:masked_lm_positions: 5 6 9 14 30 31 0 0 0 0 0 0 0 0 0 0 0 0 0 0
I1103 11:01:25.892229 47240447923264 create_pretraining_data.py:161] masked_lm_positions: 5 6 9 14 30 31 0 0 0 0 0 0 0 0 0 0 0 0 0 0
INFO:tensorflow:masked_lm_ids: 1908 13209 29173 3589 14258 1007 0 0 0 0 0 0 0 0 0 0 0 0 0 0
I1103 11:01:25.892340 47240447923264 create_pretraining_data.py:161] masked_lm_ids: 1908 13209 29173 3589 14258 1007 0 0 0 0 0 0 0 0 0 0 0 0 0 0
INFO:tensorflow:masked_lm_weights: 1.0 1.0 1.0 1.0 1.0 1.0 0.0 0.0 0.0 0.0 0.0 0.0 0.0 0.0 0.0 0.0 0.0 0.0 0.0 0.0
I1103 11:01:25.892436 47240447923264 create_pretraining_data.py:161] masked_lm_weights: 1.0 1.0 1.0 1.0 1.0 1.0 0.0 0.0 0.0 0.0 0.0 0.0 0.0 0.0 0.0 0.0 0.0 0.0 0.0 0.0
INFO:tensorflow:next_sentence_labels: 1
I1103 11:01:25.892519 47240447923264 create_pretraining_data.py:161] next_sentence_labels: 1
INFO:tensorflow:*** Example ***
I1103 11:01:25.893107 47240447923264 create_pretraining_data.py:149] *** Example ***
INFO:tensorflow:tokens: [CLS] التس نظره لاه ##ي سرا ##ب ولا مي راعي الهوي تف ##ني وراها سنين ##ه نور الصبا ياب ##سمه الدار والحي [MASK] [MASK] نور كل المدينه تصويري [SEP] محمد بن [MASK] يع ##رب عن سعادته بزي ##اره الصين لت ##وطي ##د العلاقات الثنائي ##ه التي تقوم علي اسس قويه [MASK] [MASK] [MASK] الراحل الشيخ زايد بن سلطان [MASK] [MASK] نهيان [SEP]
I1103 11:01:25.893251 47240447923264 create_pretraining_data.py:151] tokens: [CLS] التس نظره لاه ##ي سرا ##ب ولا مي راعي الهوي تف ##ني وراها سنين ##ه نور الصبا ياب ##سمه الدار والحي [MASK] [MASK] نور كل المدينه تصويري [SEP] محمد بن [MASK] يع ##رب عن سعادته بزي ##اره الصين لت ##وطي ##د العلاقات الثنائي ##ه التي تقوم علي اسس قويه [MASK] [MASK] [MASK] الراحل الشيخ زايد بن سلطان [MASK] [MASK] نهيان [SEP]
INFO:tensorflow:input_ids: 2 3025 10584 12272 1013 8820 1045 2086 2914 13053 9550 2562 1974 28072 8189 1028 3772 13534 5453 7029 7761 17702 4 4 3772 2038 8322 18566 3 2202 2040 4 2170 1975 1955 22318 16328 2418 3976 2219 26906 1016 4490 20982 1028 2061 3952 1958 26774 11886 4 4 4 9570 2702 6226 2040 5618 4 4 16623 3 0 0 0 0 0 0 0 0 0 0 0 0 0 0 0 0 0 0 0 0 0 0 0 0 0 0 0 0 0 0 0 0 0 0 0 0 0 0 0 0 0 0 0 0 0 0 0 0 0 0 0 0 0 0 0 0 0 0 0 0 0 0 0 0 0 0
I1103 11:01:25.893399 47240447923264 create_pretraining_data.py:161] input_ids: 2 3025 10584 12272 1013 8820 1045 2086 2914 13053 9550 2562 1974 28072 8189 1028 3772 13534 5453 7029 7761 17702 4 4 3772 2038 8322 18566 3 2202 2040 4 2170 1975 1955 22318 16328 2418 3976 2219 26906 1016 4490 20982 1028 2061 3952 1958 26774 11886 4 4 4 9570 2702 6226 2040 5618 4 4 16623 3 0 0 0 0 0 0 0 0 0 0 0 0 0 0 0 0 0 0 0 0 0 0 0 0 0 0 0 0 0 0 0 0 0 0 0 0 0 0 0 0 0 0 0 0 0 0 0 0 0 0 0 0 0 0 0 0 0 0 0 0 0 0 0 0 0 0
INFO:tensorflow:input_mask: 1 1 1 1 1 1 1 1 1 1 1 1 1 1 1 1 1 1 1 1 1 1 1 1 1 1 1 1 1 1 1 1 1 1 1 1 1 1 1 1 1 1 1 1 1 1 1 1 1 1 1 1 1 1 1 1 1 1 1 1 1 1 0 0 0 0 0 0 0 0 0 0 0 0 0 0 0 0 0 0 0 0 0 0 0 0 0 0 0 0 0 0 0 0 0 0 0 0 0 0 0 0 0 0 0 0 0 0 0 0 0 0 0 0 0 0 0 0 0 0 0 0 0 0 0 0 0 0
I1103 11:01:25.893528 47240447923264 create_pretraining_data.py:161] input_mask: 1 1 1 1 1 1 1 1 1 1 1 1 1 1 1 1 1 1 1 1 1 1 1 1 1 1 1 1 1 1 1 1 1 1 1 1 1 1 1 1 1 1 1 1 1 1 1 1 1 1 1 1 1 1 1 1 1 1 1 1 1 1 0 0 0 0 0 0 0 0 0 0 0 0 0 0 0 0 0 0 0 0 0 0 0 0 0 0 0 0 0 0 0 0 0 0 0 0 0 0 0 0 0 0 0 0 0 0 0 0 0 0 0 0 0 0 0 0 0 0 0 0 0 0 0 0 0 0
INFO:tensorflow:segment_ids: 0 0 0 0 0 0 0 0 0 0 0 0 0 0 0 0 0 0 0 0 0 0 0 0 0 0 0 0 0 1 1 1 1 1 1 1 1 1 1 1 1 1 1 1 1 1 1 1 1 1 1 1 1 1 1 1 1 1 1 1 1 1 0 0 0 0 0 0 0 0 0 0 0 0 0 0 0 0 0 0 0 0 0 0 0 0 0 0 0 0 0 0 0 0 0 0 0 0 0 0 0 0 0 0 0 0 0 0 0 0 0 0 0 0 0 0 0 0 0 0 0 0 0 0 0 0 0 0
I1103 11:01:25.893650 47240447923264 create_pretraining_data.py:161] segment_ids: 0 0 0 0 0 0 0 0 0 0 0 0 0 0 0 0 0 0 0 0 0 0 0 0 0 0 0 0 0 1 1 1 1 1 1 1 1 1 1 1 1 1 1 1 1 1 1 1 1 1 1 1 1 1 1 1 1 1 1 1 1 1 0 0 0 0 0 0 0 0 0 0 0 0 0 0 0 0 0 0 0 0 0 0 0 0 0 0 0 0 0 0 0 0 0 0 0 0 0 0 0 0 0 0 0 0 0 0 0 0 0 0 0 0 0 0 0 0 0 0 0 0 0 0 0 0 0 0
INFO:tensorflow:masked_lm_positions: 1 22 23 31 50 51 52 58 59 0 0 0 0 0 0 0 0 0 0 0
I1103 11:01:25.893754 47240447923264 create_pretraining_data.py:161] masked_lm_positions: 1 22 23 31 50 51 52 58 59 0 0 0 0 0 0 0 0 0 0 0
INFO:tensorflow:masked_lm_ids: 2154 2085 6485 6226 1908 2837 6398 387 1010 0 0 0 0 0 0 0 0 0 0 0
I1103 11:01:25.893845 47240447923264 create_pretraining_data.py:161] masked_lm_ids: 2154 2085 6485 6226 1908 2837 6398 387 1010 0 0 0 0 0 0 0 0 0 0 0
INFO:tensorflow:masked_lm_weights: 1.0 1.0 1.0 1.0 1.0 1.0 1.0 1.0 1.0 0.0 0.0 0.0 0.0 0.0 0.0 0.0 0.0 0.0 0.0 0.0
I1103 11:01:25.893936 47240447923264 create_pretraining_data.py:161] masked_lm_weights: 1.0 1.0 1.0 1.0 1.0 1.0 1.0 1.0 1.0 0.0 0.0 0.0 0.0 0.0 0.0 0.0 0.0 0.0 0.0 0.0
INFO:tensorflow:next_sentence_labels: 1
I1103 11:01:25.894019 47240447923264 create_pretraining_data.py:161] next_sentence_labels: 1
INFO:tensorflow:*** Example ***
I1103 11:01:25.894598 47240447923264 create_pretraining_data.py:149] *** Example ***
INFO:tensorflow:tokens: [CLS] [MASK] [MASK] تنوي الخير [MASK] بخير احرص علي النيه [MASK] لان ا [MASK] تب ف علي ني ##ات م ترزق ##ون صباح الخير قروب همسه محبه [SEP] عندما يقولون حلمك مستحيل قل ربي علي كل [MASK] قدير [SEP]
I1103 11:01:25.894726 47240447923264 create_pretraining_data.py:151] tokens: [CLS] [MASK] [MASK] تنوي الخير [MASK] بخير احرص علي النيه [MASK] لان ا [MASK] تب ف علي ني ##ات م ترزق ##ون صباح الخير قروب همسه محبه [SEP] عندما يقولون حلمك مستحيل قل ربي علي كل [MASK] قدير [SEP]
INFO:tensorflow:input_ids: 2 4 4 27612 2831 4 5471 18773 1958 15254 4 2551 387 4 2500 408 1958 3703 1904 412 24078 1922 2570 2831 2543 16748 13108 3 2805 6546 19823 9501 4491 2949 1958 2038 4 8171 3 0 0 0 0 0 0 0 0 0 0 0 0 0 0 0 0 0 0 0 0 0 0 0 0 0 0 0 0 0 0 0 0 0 0 0 0 0 0 0 0 0 0 0 0 0 0 0 0 0 0 0 0 0 0 0 0 0 0 0 0 0 0 0 0 0 0 0 0 0 0 0 0 0 0 0 0 0 0 0 0 0 0 0 0 0 0 0 0 0
I1103 11:01:25.894866 47240447923264 create_pretraining_data.py:161] input_ids: 2 4 4 27612 2831 4 5471 18773 1958 15254 4 2551 387 4 2500 408 1958 3703 1904 412 24078 1922 2570 2831 2543 16748 13108 3 2805 6546 19823 9501 4491 2949 1958 2038 4 8171 3 0 0 0 0 0 0 0 0 0 0 0 0 0 0 0 0 0 0 0 0 0 0 0 0 0 0 0 0 0 0 0 0 0 0 0 0 0 0 0 0 0 0 0 0 0 0 0 0 0 0 0 0 0 0 0 0 0 0 0 0 0 0 0 0 0 0 0 0 0 0 0 0 0 0 0 0 0 0 0 0 0 0 0 0 0 0 0 0 0
INFO:tensorflow:input_mask: 1 1 1 1 1 1 1 1 1 1 1 1 1 1 1 1 1 1 1 1 1 1 1 1 1 1 1 1 1 1 1 1 1 1 1 1 1 1 1 0 0 0 0 0 0 0 0 0 0 0 0 0 0 0 0 0 0 0 0 0 0 0 0 0 0 0 0 0 0 0 0 0 0 0 0 0 0 0 0 0 0 0 0 0 0 0 0 0 0 0 0 0 0 0 0 0 0 0 0 0 0 0 0 0 0 0 0 0 0 0 0 0 0 0 0 0 0 0 0 0 0 0 0 0 0 0 0 0
I1103 11:01:25.894992 47240447923264 create_pretraining_data.py:161] input_mask: 1 1 1 1 1 1 1 1 1 1 1 1 1 1 1 1 1 1 1 1 1 1 1 1 1 1 1 1 1 1 1 1 1 1 1 1 1 1 1 0 0 0 0 0 0 0 0 0 0 0 0 0 0 0 0 0 0 0 0 0 0 0 0 0 0 0 0 0 0 0 0 0 0 0 0 0 0 0 0 0 0 0 0 0 0 0 0 0 0 0 0 0 0 0 0 0 0 0 0 0 0 0 0 0 0 0 0 0 0 0 0 0 0 0 0 0 0 0 0 0 0 0 0 0 0 0 0 0
INFO:tensorflow:segment_ids: 0 0 0 0 0 0 0 0 0 0 0 0 0 0 0 0 0 0 0 0 0 0 0 0 0 0 0 0 1 1 1 1 1 1 1 1 1 1 1 0 0 0 0 0 0 0 0 0 0 0 0 0 0 0 0 0 0 0 0 0 0 0 0 0 0 0 0 0 0 0 0 0 0 0 0 0 0 0 0 0 0 0 0 0 0 0 0 0 0 0 0 0 0 0 0 0 0 0 0 0 0 0 0 0 0 0 0 0 0 0 0 0 0 0 0 0 0 0 0 0 0 0 0 0 0 0 0 0
I1103 11:01:25.895114 47240447923264 create_pretraining_data.py:161] segment_ids: 0 0 0 0 0 0 0 0 0 0 0 0 0 0 0 0 0 0 0 0 0 0 0 0 0 0 0 0 1 1 1 1 1 1 1 1 1 1 1 0 0 0 0 0 0 0 0 0 0 0 0 0 0 0 0 0 0 0 0 0 0 0 0 0 0 0 0 0 0 0 0 0 0 0 0 0 0 0 0 0 0 0 0 0 0 0 0 0 0 0 0 0 0 0 0 0 0 0 0 0 0 0 0 0 0 0 0 0 0 0 0 0 0 0 0 0 0 0 0 0 0 0 0 0 0 0 0 0
INFO:tensorflow:masked_lm_positions: 1 2 5 10 13 36 0 0 0 0 0 0 0 0 0 0 0 0 0 0
I1103 11:01:25.895205 47240447923264 create_pretraining_data.py:161] masked_lm_positions: 1 2 5 10 13 36 0 0 0 0 0 0 0 0 0 0 0 0 0 0
INFO:tensorflow:masked_lm_ids: 6849 2321 6581 25672 390 2621 0 0 0 0 0 0 0 0 0 0 0 0 0 0
I1103 11:01:25.895303 47240447923264 create_pretraining_data.py:161] masked_lm_ids: 6849 2321 6581 25672 390 2621 0 0 0 0 0 0 0 0 0 0 0 0 0 0
INFO:tensorflow:masked_lm_weights: 1.0 1.0 1.0 1.0 1.0 1.0 0.0 0.0 0.0 0.0 0.0 0.0 0.0 0.0 0.0 0.0 0.0 0.0 0.0 0.0
I1103 11:01:25.895409 47240447923264 create_pretraining_data.py:161] masked_lm_weights: 1.0 1.0 1.0 1.0 1.0 1.0 0.0 0.0 0.0 0.0 0.0 0.0 0.0 0.0 0.0 0.0 0.0 0.0 0.0 0.0
INFO:tensorflow:next_sentence_labels: 1
I1103 11:01:25.895494 47240447923264 create_pretraining_data.py:161] next_sentence_labels: 1
INFO:tensorflow:*** Example ***
I1103 11:01:25.896062 47240447923264 create_pretraining_data.py:149] *** Example ***
INFO:tensorflow:tokens: [CLS] تسلم ##يلي ربي ين ##ور طريقك ياص ##باح الورد [SEP] صلاه الفجر اول مفاتيح [MASK] ليوم كله طمانينه وراحه [MASK] وحفظ من كل مكروه باذن [MASK] حان الان موعد صلاه [MASK] [SEP]
I1103 11:01:25.896186 47240447923264 create_pretraining_data.py:151] tokens: [CLS] تسلم ##يلي ربي ين ##ور طريقك ياص ##باح الورد [SEP] صلاه الفجر اول مفاتيح [MASK] ليوم كله طمانينه وراحه [MASK] وحفظ من كل مكروه باذن [MASK] حان الان موعد صلاه [MASK] [SEP]
INFO:tensorflow:input_ids: 2 9193 22008 2949 2388 1936 23101 10612 2355 5622 3 5094 5817 3085 18189 4 10407 4236 26257 19555 4 14254 1908 2038 15100 4292 4 13269 2311 5711 5094 4 3 0 0 0 0 0 0 0 0 0 0 0 0 0 0 0 0 0 0 0 0 0 0 0 0 0 0 0 0 0 0 0 0 0 0 0 0 0 0 0 0 0 0 0 0 0 0 0 0 0 0 0 0 0 0 0 0 0 0 0 0 0 0 0 0 0 0 0 0 0 0 0 0 0 0 0 0 0 0 0 0 0 0 0 0 0 0 0 0 0 0 0 0 0 0 0
I1103 11:01:25.896337 47240447923264 create_pretraining_data.py:161] input_ids: 2 9193 22008 2949 2388 1936 23101 10612 2355 5622 3 5094 5817 3085 18189 4 10407 4236 26257 19555 4 14254 1908 2038 15100 4292 4 13269 2311 5711 5094 4 3 0 0 0 0 0 0 0 0 0 0 0 0 0 0 0 0 0 0 0 0 0 0 0 0 0 0 0 0 0 0 0 0 0 0 0 0 0 0 0 0 0 0 0 0 0 0 0 0 0 0 0 0 0 0 0 0 0 0 0 0 0 0 0 0 0 0 0 0 0 0 0 0 0 0 0 0 0 0 0 0 0 0 0 0 0 0 0 0 0 0 0 0 0 0 0
INFO:tensorflow:input_mask: 1 1 1 1 1 1 1 1 1 1 1 1 1 1 1 1 1 1 1 1 1 1 1 1 1 1 1 1 1 1 1 1 1 0 0 0 0 0 0 0 0 0 0 0 0 0 0 0 0 0 0 0 0 0 0 0 0 0 0 0 0 0 0 0 0 0 0 0 0 0 0 0 0 0 0 0 0 0 0 0 0 0 0 0 0 0 0 0 0 0 0 0 0 0 0 0 0 0 0 0 0 0 0 0 0 0 0 0 0 0 0 0 0 0 0 0 0 0 0 0 0 0 0 0 0 0 0 0
I1103 11:01:25.896466 47240447923264 create_pretraining_data.py:161] input_mask: 1 1 1 1 1 1 1 1 1 1 1 1 1 1 1 1 1 1 1 1 1 1 1 1 1 1 1 1 1 1 1 1 1 0 0 0 0 0 0 0 0 0 0 0 0 0 0 0 0 0 0 0 0 0 0 0 0 0 0 0 0 0 0 0 0 0 0 0 0 0 0 0 0 0 0 0 0 0 0 0 0 0 0 0 0 0 0 0 0 0 0 0 0 0 0 0 0 0 0 0 0 0 0 0 0 0 0 0 0 0 0 0 0 0 0 0 0 0 0 0 0 0 0 0 0 0 0 0
INFO:tensorflow:segment_ids: 0 0 0 0 0 0 0 0 0 0 0 1 1 1 1 1 1 1 1 1 1 1 1 1 1 1 1 1 1 1 1 1 1 0 0 0 0 0 0 0 0 0 0 0 0 0 0 0 0 0 0 0 0 0 0 0 0 0 0 0 0 0 0 0 0 0 0 0 0 0 0 0 0 0 0 0 0 0 0 0 0 0 0 0 0 0 0 0 0 0 0 0 0 0 0 0 0 0 0 0 0 0 0 0 0 0 0 0 0 0 0 0 0 0 0 0 0 0 0 0 0 0 0 0 0 0 0 0
I1103 11:01:25.896589 47240447923264 create_pretraining_data.py:161] segment_ids: 0 0 0 0 0 0 0 0 0 0 0 1 1 1 1 1 1 1 1 1 1 1 1 1 1 1 1 1 1 1 1 1 1 0 0 0 0 0 0 0 0 0 0 0 0 0 0 0 0 0 0 0 0 0 0 0 0 0 0 0 0 0 0 0 0 0 0 0 0 0 0 0 0 0 0 0 0 0 0 0 0 0 0 0 0 0 0 0 0 0 0 0 0 0 0 0 0 0 0 0 0 0 0 0 0 0 0 0 0 0 0 0 0 0 0 0 0 0 0 0 0 0 0 0 0 0 0 0
INFO:tensorflow:masked_lm_positions: 15 18 20 26 31 0 0 0 0 0 0 0 0 0 0 0 0 0 0 0
I1103 11:01:25.896682 47240447923264 create_pretraining_data.py:161] masked_lm_positions: 15 18 20 26 31 0 0 0 0 0 0 0 0 0 0 0 0 0 0 0
INFO:tensorflow:masked_lm_ids: 2831 26257 1951 1953 5817 0 0 0 0 0 0 0 0 0 0 0 0 0 0 0
I1103 11:01:25.896772 47240447923264 create_pretraining_data.py:161] masked_lm_ids: 2831 26257 1951 1953 5817 0 0 0 0 0 0 0 0 0 0 0 0 0 0 0
INFO:tensorflow:masked_lm_weights: 1.0 1.0 1.0 1.0 1.0 0.0 0.0 0.0 0.0 0.0 0.0 0.0 0.0 0.0 0.0 0.0 0.0 0.0 0.0 0.0
I1103 11:01:25.896865 47240447923264 create_pretraining_data.py:161] masked_lm_weights: 1.0 1.0 1.0 1.0 1.0 0.0 0.0 0.0 0.0 0.0 0.0 0.0 0.0 0.0 0.0 0.0 0.0 0.0 0.0 0.0
INFO:tensorflow:next_sentence_labels: 1
I1103 11:01:25.896949 47240447923264 create_pretraining_data.py:161] next_sentence_labels: 1
INFO:tensorflow:*** Example ***
I1103 11:01:25.897552 47240447923264 create_pretraining_data.py:149] *** Example ***
INFO:tensorflow:tokens: [CLS] رسميا [MASK] [MASK] بطل [MASK] اكثر المتف ##ائلين بالفر ##يق لم يتوقع ##وا الوصول الي [MASK] شكرا مان ##شين ##ي [SEP] تدري وش اللي في حياتي خذ ##لني [MASK] تمنيت ##ه وهو فاقد احساس [SEP]
I1103 11:01:25.897685 47240447923264 create_pretraining_data.py:151] tokens: [CLS] رسميا [MASK] [MASK] بطل [MASK] اكثر المتف ##ائلين بالفر ##يق لم يتوقع ##وا الوصول الي [MASK] شكرا مان ##شين ##ي [SEP] تدري وش اللي في حياتي خذ ##لني [MASK] تمنيت ##ه وهو فاقد احساس [SEP]
INFO:tensorflow:input_ids: 2 6629 4 4 7894 4 2695 25771 24152 18922 3343 2043 12089 1928 5710 2002 4 3948 4093 7232 1013 3 4425 2347 2115 1912 5097 5390 3668 4 15965 1028 2400 14902 6432 3 0 0 0 0 0 0 0 0 0 0 0 0 0 0 0 0 0 0 0 0 0 0 0 0 0 0 0 0 0 0 0 0 0 0 0 0 0 0 0 0 0 0 0 0 0 0 0 0 0 0 0 0 0 0 0 0 0 0 0 0 0 0 0 0 0 0 0 0 0 0 0 0 0 0 0 0 0 0 0 0 0 0 0 0 0 0 0 0 0 0 0 0
I1103 11:01:25.897822 47240447923264 create_pretraining_data.py:161] input_ids: 2 6629 4 4 7894 4 2695 25771 24152 18922 3343 2043 12089 1928 5710 2002 4 3948 4093 7232 1013 3 4425 2347 2115 1912 5097 5390 3668 4 15965 1028 2400 14902 6432 3 0 0 0 0 0 0 0 0 0 0 0 0 0 0 0 0 0 0 0 0 0 0 0 0 0 0 0 0 0 0 0 0 0 0 0 0 0 0 0 0 0 0 0 0 0 0 0 0 0 0 0 0 0 0 0 0 0 0 0 0 0 0 0 0 0 0 0 0 0 0 0 0 0 0 0 0 0 0 0 0 0 0 0 0 0 0 0 0 0 0 0 0
INFO:tensorflow:input_mask: 1 1 1 1 1 1 1 1 1 1 1 1 1 1 1 1 1 1 1 1 1 1 1 1 1 1 1 1 1 1 1 1 1 1 1 1 0 0 0 0 0 0 0 0 0 0 0 0 0 0 0 0 0 0 0 0 0 0 0 0 0 0 0 0 0 0 0 0 0 0 0 0 0 0 0 0 0 0 0 0 0 0 0 0 0 0 0 0 0 0 0 0 0 0 0 0 0 0 0 0 0 0 0 0 0 0 0 0 0 0 0 0 0 0 0 0 0 0 0 0 0 0 0 0 0 0 0 0
I1103 11:01:25.897948 47240447923264 create_pretraining_data.py:161] input_mask: 1 1 1 1 1 1 1 1 1 1 1 1 1 1 1 1 1 1 1 1 1 1 1 1 1 1 1 1 1 1 1 1 1 1 1 1 0 0 0 0 0 0 0 0 0 0 0 0 0 0 0 0 0 0 0 0 0 0 0 0 0 0 0 0 0 0 0 0 0 0 0 0 0 0 0 0 0 0 0 0 0 0 0 0 0 0 0 0 0 0 0 0 0 0 0 0 0 0 0 0 0 0 0 0 0 0 0 0 0 0 0 0 0 0 0 0 0 0 0 0 0 0 0 0 0 0 0 0
INFO:tensorflow:segment_ids: 0 0 0 0 0 0 0 0 0 0 0 0 0 0 0 0 0 0 0 0 0 0 1 1 1 1 1 1 1 1 1 1 1 1 1 1 0 0 0 0 0 0 0 0 0 0 0 0 0 0 0 0 0 0 0 0 0 0 0 0 0 0 0 0 0 0 0 0 0 0 0 0 0 0 0 0 0 0 0 0 0 0 0 0 0 0 0 0 0 0 0 0 0 0 0 0 0 0 0 0 0 0 0 0 0 0 0 0 0 0 0 0 0 0 0 0 0 0 0 0 0 0 0 0 0 0 0 0
I1103 11:01:25.898071 47240447923264 create_pretraining_data.py:161] segment_ids: 0 0 0 0 0 0 0 0 0 0 0 0 0 0 0 0 0 0 0 0 0 0 1 1 1 1 1 1 1 1 1 1 1 1 1 1 0 0 0 0 0 0 0 0 0 0 0 0 0 0 0 0 0 0 0 0 0 0 0 0 0 0 0 0 0 0 0 0 0 0 0 0 0 0 0 0 0 0 0 0 0 0 0 0 0 0 0 0 0 0 0 0 0 0 0 0 0 0 0 0 0 0 0 0 0 0 0 0 0 0 0 0 0 0 0 0 0 0 0 0 0 0 0 0 0 0 0 0
INFO:tensorflow:masked_lm_positions: 2 3 5 16 29 0 0 0 0 0 0 0 0 0 0 0 0 0 0 0
I1103 11:01:25.898162 47240447923264 create_pretraining_data.py:161] masked_lm_positions: 2 3 5 16 29 0 0 0 0 0 0 0 0 0 0 0 0 0 0 0
INFO:tensorflow:masked_lm_ids: 19627 6629 5875 2085 2489 0 0 0 0 0 0 0 0 0 0 0 0 0 0 0
I1103 11:01:25.898256 47240447923264 create_pretraining_data.py:161] masked_lm_ids: 19627 6629 5875 2085 2489 0 0 0 0 0 0 0 0 0 0 0 0 0 0 0
INFO:tensorflow:masked_lm_weights: 1.0 1.0 1.0 1.0 1.0 0.0 0.0 0.0 0.0 0.0 0.0 0.0 0.0 0.0 0.0 0.0 0.0 0.0 0.0 0.0
I1103 11:01:25.898350 47240447923264 create_pretraining_data.py:161] masked_lm_weights: 1.0 1.0 1.0 1.0 1.0 0.0 0.0 0.0 0.0 0.0 0.0 0.0 0.0 0.0 0.0 0.0 0.0 0.0 0.0 0.0
INFO:tensorflow:next_sentence_labels: 1
I1103 11:01:25.898433 47240447923264 create_pretraining_data.py:161] next_sentence_labels: 1
INFO:tensorflow:*** Example ***
I1103 11:01:25.899002 47240447923264 create_pretraining_data.py:149] *** Example ***
INFO:tensorflow:tokens: [CLS] بني الاسلام هذي حرب [MASK] لها في كل ناح ##يه لهي ##ب المجموعه [MASK] اليهود مع النص ##اري فق ##ولوا لي متي يصح ##و بتطوير [MASK] العش ##ماوي الاحتلال الروسي [SEP] مو مرات دايما [SEP]
I1103 11:01:25.899127 47240447923264 create_pretraining_data.py:151] tokens: [CLS] بني الاسلام هذي حرب [MASK] لها في كل ناح ##يه لهي ##ب المجموعه [MASK] اليهود مع النص ##اري فق ##ولوا لي متي يصح ##و بتطوير [MASK] العش ##ماوي الاحتلال الروسي [SEP] مو مرات دايما [SEP]
INFO:tensorflow:input_ids: 2 3942 4339 5867 4445 4 2553 1912 2038 7774 1988 29691 1045 28799 4 6914 1973 4303 2140 4162 26445 2134 5917 12481 1012 25882 4 7502 18801 5416 6495 3 2481 4661 10029 3 0 0 0 0 0 0 0 0 0 0 0 0 0 0 0 0 0 0 0 0 0 0 0 0 0 0 0 0 0 0 0 0 0 0 0 0 0 0 0 0 0 0 0 0 0 0 0 0 0 0 0 0 0 0 0 0 0 0 0 0 0 0 0 0 0 0 0 0 0 0 0 0 0 0 0 0 0 0 0 0 0 0 0 0 0 0 0 0 0 0 0 0
I1103 11:01:25.899286 47240447923264 create_pretraining_data.py:161] input_ids: 2 3942 4339 5867 4445 4 2553 1912 2038 7774 1988 29691 1045 28799 4 6914 1973 4303 2140 4162 26445 2134 5917 12481 1012 25882 4 7502 18801 5416 6495 3 2481 4661 10029 3 0 0 0 0 0 0 0 0 0 0 0 0 0 0 0 0 0 0 0 0 0 0 0 0 0 0 0 0 0 0 0 0 0 0 0 0 0 0 0 0 0 0 0 0 0 0 0 0 0 0 0 0 0 0 0 0 0 0 0 0 0 0 0 0 0 0 0 0 0 0 0 0 0 0 0 0 0 0 0 0 0 0 0 0 0 0 0 0 0 0 0 0
INFO:tensorflow:input_mask: 1 1 1 1 1 1 1 1 1 1 1 1 1 1 1 1 1 1 1 1 1 1 1 1 1 1 1 1 1 1 1 1 1 1 1 1 0 0 0 0 0 0 0 0 0 0 0 0 0 0 0 0 0 0 0 0 0 0 0 0 0 0 0 0 0 0 0 0 0 0 0 0 0 0 0 0 0 0 0 0 0 0 0 0 0 0 0 0 0 0 0 0 0 0 0 0 0 0 0 0 0 0 0 0 0 0 0 0 0 0 0 0 0 0 0 0 0 0 0 0 0 0 0 0 0 0 0 0
I1103 11:01:25.899417 47240447923264 create_pretraining_data.py:161] input_mask: 1 1 1 1 1 1 1 1 1 1 1 1 1 1 1 1 1 1 1 1 1 1 1 1 1 1 1 1 1 1 1 1 1 1 1 1 0 0 0 0 0 0 0 0 0 0 0 0 0 0 0 0 0 0 0 0 0 0 0 0 0 0 0 0 0 0 0 0 0 0 0 0 0 0 0 0 0 0 0 0 0 0 0 0 0 0 0 0 0 0 0 0 0 0 0 0 0 0 0 0 0 0 0 0 0 0 0 0 0 0 0 0 0 0 0 0 0 0 0 0 0 0 0 0 0 0 0 0
INFO:tensorflow:segment_ids: 0 0 0 0 0 0 0 0 0 0 0 0 0 0 0 0 0 0 0 0 0 0 0 0 0 0 0 0 0 0 0 0 1 1 1 1 0 0 0 0 0 0 0 0 0 0 0 0 0 0 0 0 0 0 0 0 0 0 0 0 0 0 0 0 0 0 0 0 0 0 0 0 0 0 0 0 0 0 0 0 0 0 0 0 0 0 0 0 0 0 0 0 0 0 0 0 0 0 0 0 0 0 0 0 0 0 0 0 0 0 0 0 0 0 0 0 0 0 0 0 0 0 0 0 0 0 0 0
I1103 11:01:25.899539 47240447923264 create_pretraining_data.py:161] segment_ids: 0 0 0 0 0 0 0 0 0 0 0 0 0 0 0 0 0 0 0 0 0 0 0 0 0 0 0 0 0 0 0 0 1 1 1 1 0 0 0 0 0 0 0 0 0 0 0 0 0 0 0 0 0 0 0 0 0 0 0 0 0 0 0 0 0 0 0 0 0 0 0 0 0 0 0 0 0 0 0 0 0 0 0 0 0 0 0 0 0 0 0 0 0 0 0 0 0 0 0 0 0 0 0 0 0 0 0 0 0 0 0 0 0 0 0 0 0 0 0 0 0 0 0 0 0 0 0 0
INFO:tensorflow:masked_lm_positions: 5 13 14 25 26 0 0 0 0 0 0 0 0 0 0 0 0 0 0 0
I1103 11:01:25.899632 47240447923264 create_pretraining_data.py:161] masked_lm_positions: 5 13 14 25 26 0 0 0 0 0 0 0 0 0 0 0 0 0 0 0
INFO:tensorflow:masked_lm_ids: 5489 26952 1913 3207 2062 0 0 0 0 0 0 0 0 0 0 0 0 0 0 0
I1103 11:01:25.899722 47240447923264 create_pretraining_data.py:161] masked_lm_ids: 5489 26952 1913 3207 2062 0 0 0 0 0 0 0 0 0 0 0 0 0 0 0
INFO:tensorflow:masked_lm_weights: 1.0 1.0 1.0 1.0 1.0 0.0 0.0 0.0 0.0 0.0 0.0 0.0 0.0 0.0 0.0 0.0 0.0 0.0 0.0 0.0
I1103 11:01:25.899813 47240447923264 create_pretraining_data.py:161] masked_lm_weights: 1.0 1.0 1.0 1.0 1.0 0.0 0.0 0.0 0.0 0.0 0.0 0.0 0.0 0.0 0.0 0.0 0.0 0.0 0.0 0.0
INFO:tensorflow:next_sentence_labels: 1
I1103 11:01:25.899896 47240447923264 create_pretraining_data.py:161] next_sentence_labels: 1
INFO:tensorflow:*** Example ***
I1103 11:01:25.900479 47240447923264 create_pretraining_data.py:149] *** Example ***
INFO:tensorflow:tokens: [CLS] ليس ##زمات من كان بالان ##ساب [MASK] [MASK] او كان محت ##سب ##ا بضم ##ن الاهل والب ##لد كم صاحب ما نال [MASK] [MASK] منزله [MASK] [MASK] مثل الروح في الجسد [SEP] شهداء الامارات [MASK] اللهم ارحم شهداء الامارات والس ##عوديه العقيد ##عبد ##الله السهيان العقيد ##سل ##طان بن هوي ##دن الكتبي عسي [MASK] الفردوس مث ##واهم [SEP]
I1103 11:01:25.900618 47240447923264 create_pretraining_data.py:151] tokens: [CLS] ليس ##زمات من كان بالان ##ساب [MASK] [MASK] او كان محت ##سب ##ا بضم ##ن الاهل والب ##لد كم صاحب ما نال [MASK] [MASK] منزله [MASK] [MASK] مثل الروح في الجسد [SEP] شهداء الامارات [MASK] اللهم ارحم شهداء الامارات والس ##عوديه العقيد ##عبد ##الله السهيان العقيد ##سل ##طان بن هوي ##دن الكتبي عسي [MASK] الفردوس مث ##واهم [SEP]
INFO:tensorflow:input_ids: 2 2618 27493 1908 2055 8849 3070 4 4 2213 2055 2800 2024 1007 17514 1006 26339 3460 1956 2995 3320 1972 17646 4 4 12028 4 4 2546 4525 1912 10340 3 9201 4285 4 2168 4373 9201 4285 2604 11136 8446 14503 2492 12945 8446 3758 3779 2040 18103 12487 20613 8660 4 11640 3066 22020 3 0 0 0 0 0 0 0 0 0 0 0 0 0 0 0 0 0 0 0 0 0 0 0 0 0 0 0 0 0 0 0 0 0 0 0 0 0 0 0 0 0 0 0 0 0 0 0 0 0 0 0 0 0 0 0 0 0 0 0 0 0 0 0 0 0 0 0 0 0
I1103 11:01:25.900774 47240447923264 create_pretraining_data.py:161] input_ids: 2 2618 27493 1908 2055 8849 3070 4 4 2213 2055 2800 2024 1007 17514 1006 26339 3460 1956 2995 3320 1972 17646 4 4 12028 4 4 2546 4525 1912 10340 3 9201 4285 4 2168 4373 9201 4285 2604 11136 8446 14503 2492 12945 8446 3758 3779 2040 18103 12487 20613 8660 4 11640 3066 22020 3 0 0 0 0 0 0 0 0 0 0 0 0 0 0 0 0 0 0 0 0 0 0 0 0 0 0 0 0 0 0 0 0 0 0 0 0 0 0 0 0 0 0 0 0 0 0 0 0 0 0 0 0 0 0 0 0 0 0 0 0 0 0 0 0 0 0 0 0 0
INFO:tensorflow:input_mask: 1 1 1 1 1 1 1 1 1 1 1 1 1 1 1 1 1 1 1 1 1 1 1 1 1 1 1 1 1 1 1 1 1 1 1 1 1 1 1 1 1 1 1 1 1 1 1 1 1 1 1 1 1 1 1 1 1 1 1 0 0 0 0 0 0 0 0 0 0 0 0 0 0 0 0 0 0 0 0 0 0 0 0 0 0 0 0 0 0 0 0 0 0 0 0 0 0 0 0 0 0 0 0 0 0 0 0 0 0 0 0 0 0 0 0 0 0 0 0 0 0 0 0 0 0 0 0 0
I1103 11:01:25.900905 47240447923264 create_pretraining_data.py:161] input_mask: 1 1 1 1 1 1 1 1 1 1 1 1 1 1 1 1 1 1 1 1 1 1 1 1 1 1 1 1 1 1 1 1 1 1 1 1 1 1 1 1 1 1 1 1 1 1 1 1 1 1 1 1 1 1 1 1 1 1 1 0 0 0 0 0 0 0 0 0 0 0 0 0 0 0 0 0 0 0 0 0 0 0 0 0 0 0 0 0 0 0 0 0 0 0 0 0 0 0 0 0 0 0 0 0 0 0 0 0 0 0 0 0 0 0 0 0 0 0 0 0 0 0 0 0 0 0 0 0
INFO:tensorflow:segment_ids: 0 0 0 0 0 0 0 0 0 0 0 0 0 0 0 0 0 0 0 0 0 0 0 0 0 0 0 0 0 0 0 0 0 1 1 1 1 1 1 1 1 1 1 1 1 1 1 1 1 1 1 1 1 1 1 1 1 1 1 0 0 0 0 0 0 0 0 0 0 0 0 0 0 0 0 0 0 0 0 0 0 0 0 0 0 0 0 0 0 0 0 0 0 0 0 0 0 0 0 0 0 0 0 0 0 0 0 0 0 0 0 0 0 0 0 0 0 0 0 0 0 0 0 0 0 0 0 0
I1103 11:01:25.901029 47240447923264 create_pretraining_data.py:161] segment_ids: 0 0 0 0 0 0 0 0 0 0 0 0 0 0 0 0 0 0 0 0 0 0 0 0 0 0 0 0 0 0 0 0 0 1 1 1 1 1 1 1 1 1 1 1 1 1 1 1 1 1 1 1 1 1 1 1 1 1 1 0 0 0 0 0 0 0 0 0 0 0 0 0 0 0 0 0 0 0 0 0 0 0 0 0 0 0 0 0 0 0 0 0 0 0 0 0 0 0 0 0 0 0 0 0 0 0 0 0 0 0 0 0 0 0 0 0 0 0 0 0 0 0 0 0 0 0 0 0
INFO:tensorflow:masked_lm_positions: 2 7 8 23 24 26 27 35 54 0 0 0 0 0 0 0 0 0 0 0
I1103 11:01:25.901121 47240447923264 create_pretraining_data.py:161] masked_lm_positions: 2 7 8 23 24 26 27 35 54 0 0 0 0 0 0 0 0 0 0 0
INFO:tensorflow:masked_lm_ids: 2788 5304 2204 4581 21396 5760 8786 12018 8032 0 0 0 0 0 0 0 0 0 0 0
I1103 11:01:25.901209 47240447923264 create_pretraining_data.py:161] masked_lm_ids: 2788 5304 2204 4581 21396 5760 8786 12018 8032 0 0 0 0 0 0 0 0 0 0 0
INFO:tensorflow:masked_lm_weights: 1.0 1.0 1.0 1.0 1.0 1.0 1.0 1.0 1.0 0.0 0.0 0.0 0.0 0.0 0.0 0.0 0.0 0.0 0.0 0.0
I1103 11:01:25.901307 47240447923264 create_pretraining_data.py:161] masked_lm_weights: 1.0 1.0 1.0 1.0 1.0 1.0 1.0 1.0 1.0 0.0 0.0 0.0 0.0 0.0 0.0 0.0 0.0 0.0 0.0 0.0
INFO:tensorflow:next_sentence_labels: 1
I1103 11:01:25.901391 47240447923264 create_pretraining_data.py:161] next_sentence_labels: 1
INFO:tensorflow:*** Example ***
I1103 11:01:25.901961 47240447923264 create_pretraining_data.py:149] *** Example ***
INFO:tensorflow:tokens: [CLS] تبقي [MASK] اللي مات ##صنع ##ت له المشاعر [MASK] [SEP] سهيله بن لشهب النجمه القادمه [MASK] واسمع محمد عبده وفن ##ان العرب [SEP]
I1103 11:01:25.902085 47240447923264 create_pretraining_data.py:151] tokens: [CLS] تبقي [MASK] اللي مات ##صنع ##ت له المشاعر [MASK] [SEP] سهيله بن لشهب النجمه القادمه [MASK] واسمع محمد عبده وفن ##ان العرب [SEP]
INFO:tensorflow:input_ids: 2 6110 4 2115 3019 16441 1005 2154 6901 4 3 3969 2040 11196 27370 10674 4 27453 2202 10917 28941 1906 3157 3 0 0 0 0 0 0 0 0 0 0 0 0 0 0 0 0 0 0 0 0 0 0 0 0 0 0 0 0 0 0 0 0 0 0 0 0 0 0 0 0 0 0 0 0 0 0 0 0 0 0 0 0 0 0 0 0 0 0 0 0 0 0 0 0 0 0 0 0 0 0 0 0 0 0 0 0 0 0 0 0 0 0 0 0 0 0 0 0 0 0 0 0 0 0 0 0 0 0 0 0 0 0 0 0
I1103 11:01:25.902240 47240447923264 create_pretraining_data.py:161] input_ids: 2 6110 4 2115 3019 16441 1005 2154 6901 4 3 3969 2040 11196 27370 10674 4 27453 2202 10917 28941 1906 3157 3 0 0 0 0 0 0 0 0 0 0 0 0 0 0 0 0 0 0 0 0 0 0 0 0 0 0 0 0 0 0 0 0 0 0 0 0 0 0 0 0 0 0 0 0 0 0 0 0 0 0 0 0 0 0 0 0 0 0 0 0 0 0 0 0 0 0 0 0 0 0 0 0 0 0 0 0 0 0 0 0 0 0 0 0 0 0 0 0 0 0 0 0 0 0 0 0 0 0 0 0 0 0 0 0
INFO:tensorflow:input_mask: 1 1 1 1 1 1 1 1 1 1 1 1 1 1 1 1 1 1 1 1 1 1 1 1 0 0 0 0 0 0 0 0 0 0 0 0 0 0 0 0 0 0 0 0 0 0 0 0 0 0 0 0 0 0 0 0 0 0 0 0 0 0 0 0 0 0 0 0 0 0 0 0 0 0 0 0 0 0 0 0 0 0 0 0 0 0 0 0 0 0 0 0 0 0 0 0 0 0 0 0 0 0 0 0 0 0 0 0 0 0 0 0 0 0 0 0 0 0 0 0 0 0 0 0 0 0 0 0
I1103 11:01:25.902375 47240447923264 create_pretraining_data.py:161] input_mask: 1 1 1 1 1 1 1 1 1 1 1 1 1 1 1 1 1 1 1 1 1 1 1 1 0 0 0 0 0 0 0 0 0 0 0 0 0 0 0 0 0 0 0 0 0 0 0 0 0 0 0 0 0 0 0 0 0 0 0 0 0 0 0 0 0 0 0 0 0 0 0 0 0 0 0 0 0 0 0 0 0 0 0 0 0 0 0 0 0 0 0 0 0 0 0 0 0 0 0 0 0 0 0 0 0 0 0 0 0 0 0 0 0 0 0 0 0 0 0 0 0 0 0 0 0 0 0 0
INFO:tensorflow:segment_ids: 0 0 0 0 0 0 0 0 0 0 0 1 1 1 1 1 1 1 1 1 1 1 1 1 0 0 0 0 0 0 0 0 0 0 0 0 0 0 0 0 0 0 0 0 0 0 0 0 0 0 0 0 0 0 0 0 0 0 0 0 0 0 0 0 0 0 0 0 0 0 0 0 0 0 0 0 0 0 0 0 0 0 0 0 0 0 0 0 0 0 0 0 0 0 0 0 0 0 0 0 0 0 0 0 0 0 0 0 0 0 0 0 0 0 0 0 0 0 0 0 0 0 0 0 0 0 0 0
I1103 11:01:25.902501 47240447923264 create_pretraining_data.py:161] segment_ids: 0 0 0 0 0 0 0 0 0 0 0 1 1 1 1 1 1 1 1 1 1 1 1 1 0 0 0 0 0 0 0 0 0 0 0 0 0 0 0 0 0 0 0 0 0 0 0 0 0 0 0 0 0 0 0 0 0 0 0 0 0 0 0 0 0 0 0 0 0 0 0 0 0 0 0 0 0 0 0 0 0 0 0 0 0 0 0 0 0 0 0 0 0 0 0 0 0 0 0 0 0 0 0 0 0 0 0 0 0 0 0 0 0 0 0 0 0 0 0 0 0 0 0 0 0 0 0 0
INFO:tensorflow:masked_lm_positions: 2 9 16 17 0 0 0 0 0 0 0 0 0 0 0 0 0 0 0 0
I1103 11:01:25.902593 47240447923264 create_pretraining_data.py:161] masked_lm_positions: 2 9 16 17 0 0 0 0 0 0 0 0 0 0 0 0 0 0 0 0
INFO:tensorflow:masked_lm_ids: 5230 13540 23839 2283 0 0 0 0 0 0 0 0 0 0 0 0 0 0 0 0
I1103 11:01:25.902683 47240447923264 create_pretraining_data.py:161] masked_lm_ids: 5230 13540 23839 2283 0 0 0 0 0 0 0 0 0 0 0 0 0 0 0 0
INFO:tensorflow:masked_lm_weights: 1.0 1.0 1.0 1.0 0.0 0.0 0.0 0.0 0.0 0.0 0.0 0.0 0.0 0.0 0.0 0.0 0.0 0.0 0.0 0.0
I1103 11:01:25.902776 47240447923264 create_pretraining_data.py:161] masked_lm_weights: 1.0 1.0 1.0 1.0 0.0 0.0 0.0 0.0 0.0 0.0 0.0 0.0 0.0 0.0 0.0 0.0 0.0 0.0 0.0 0.0
INFO:tensorflow:next_sentence_labels: 1
I1103 11:01:25.902859 47240447923264 create_pretraining_data.py:161] next_sentence_labels: 1
INFO:tensorflow:Wrote 9997960 total instances
I1103 12:07:52.856565 47240447923264 create_pretraining_data.py:166] Wrote 9997960 total instances
