Loading module 'all'
WARNING:tensorflow:From ../bert/create_pretraining_data.py:469: The name tf.app.run is deprecated. Please use tf.compat.v1.app.run instead.

WARNING:tensorflow:From ../bert/create_pretraining_data.py:437: The name tf.logging.set_verbosity is deprecated. Please use tf.compat.v1.logging.set_verbosity instead.

W1103 04:27:05.302198 47966346777664 module_wrapper.py:139] From ../bert/create_pretraining_data.py:437: The name tf.logging.set_verbosity is deprecated. Please use tf.compat.v1.logging.set_verbosity instead.

WARNING:tensorflow:From ../bert/create_pretraining_data.py:437: The name tf.logging.INFO is deprecated. Please use tf.compat.v1.logging.INFO instead.

W1103 04:27:05.302436 47966346777664 module_wrapper.py:139] From ../bert/create_pretraining_data.py:437: The name tf.logging.INFO is deprecated. Please use tf.compat.v1.logging.INFO instead.

WARNING:tensorflow:From /scratch/gi372/CAMeLBERT/bert/tokenization.py:125: The name tf.gfile.GFile is deprecated. Please use tf.io.gfile.GFile instead.

W1103 04:27:05.302652 47966346777664 module_wrapper.py:139] From /scratch/gi372/CAMeLBERT/bert/tokenization.py:125: The name tf.gfile.GFile is deprecated. Please use tf.io.gfile.GFile instead.

WARNING:tensorflow:From ../bert/create_pretraining_data.py:444: The name tf.gfile.Glob is deprecated. Please use tf.io.gfile.glob instead.

W1103 04:27:05.408340 47966346777664 module_wrapper.py:139] From ../bert/create_pretraining_data.py:444: The name tf.gfile.Glob is deprecated. Please use tf.io.gfile.glob instead.

WARNING:tensorflow:From ../bert/create_pretraining_data.py:446: The name tf.logging.info is deprecated. Please use tf.compat.v1.logging.info instead.

W1103 04:27:05.436188 47966346777664 module_wrapper.py:139] From ../bert/create_pretraining_data.py:446: The name tf.logging.info is deprecated. Please use tf.compat.v1.logging.info instead.

INFO:tensorflow:*** Reading from input files ***
I1103 04:27:05.436462 47966346777664 create_pretraining_data.py:446] *** Reading from input files ***
INFO:tensorflow:  ../corpora/shards/DA-ali2019-500m-tweet.bw.ar.lines.shard.115.normalized.sents
I1103 04:27:05.436562 47966346777664 create_pretraining_data.py:448]   ../corpora/shards/DA-ali2019-500m-tweet.bw.ar.lines.shard.115.normalized.sents
INFO:tensorflow:*** Writing to output files ***
I1103 05:08:12.033792 47966346777664 create_pretraining_data.py:457] *** Writing to output files ***
INFO:tensorflow:  ../corpora/tfrecord_wp-30k_msl-128/DA-ali2019-500m-tweet.bw.ar.lines.shard.115.tf_record
I1103 05:08:12.070028 47966346777664 create_pretraining_data.py:459]   ../corpora/tfrecord_wp-30k_msl-128/DA-ali2019-500m-tweet.bw.ar.lines.shard.115.tf_record
WARNING:tensorflow:From ../bert/create_pretraining_data.py:101: The name tf.python_io.TFRecordWriter is deprecated. Please use tf.io.TFRecordWriter instead.

W1103 05:08:12.079252 47966346777664 module_wrapper.py:139] From ../bert/create_pretraining_data.py:101: The name tf.python_io.TFRecordWriter is deprecated. Please use tf.io.TFRecordWriter instead.

INFO:tensorflow:*** Example ***
I1103 05:08:12.147911 47966346777664 create_pretraining_data.py:149] *** Example ***
INFO:tensorflow:tokens: [CLS] الوعي [MASK] العقل وليس في العمر العمر مجرد عدد لاي ##ام ##ك والعقل حصاد فهم ##ك وقنا ##عات ##ك للحياه [SEP] [MASK] العربي علي ايران القيام بحل قضيه جزر [MASK] 22 [MASK] [SEP]
I1103 05:08:12.149236 47966346777664 create_pretraining_data.py:151] tokens: [CLS] الوعي [MASK] العقل وليس في العمر العمر مجرد عدد لاي ##ام ##ك والعقل حصاد فهم ##ك وقنا ##عات ##ك للحياه [SEP] [MASK] العربي علي ايران القيام بحل قضيه جزر [MASK] 22 [MASK] [SEP]
INFO:tensorflow:input_ids: 2 11694 4 6594 3607 1912 3867 3867 5278 2548 4269 1921 1014 27299 26328 4881 1014 14530 3024 1014 16017 3 4 2659 1958 3115 4414 25090 12350 5544 4 4063 4 3 0 0 0 0 0 0 0 0 0 0 0 0 0 0 0 0 0 0 0 0 0 0 0 0 0 0 0 0 0 0 0 0 0 0 0 0 0 0 0 0 0 0 0 0 0 0 0 0 0 0 0 0 0 0 0 0 0 0 0 0 0 0 0 0 0 0 0 0 0 0 0 0 0 0 0 0 0 0 0 0 0 0 0 0 0 0 0 0 0 0 0 0 0 0
I1103 05:08:12.151200 47966346777664 create_pretraining_data.py:161] input_ids: 2 11694 4 6594 3607 1912 3867 3867 5278 2548 4269 1921 1014 27299 26328 4881 1014 14530 3024 1014 16017 3 4 2659 1958 3115 4414 25090 12350 5544 4 4063 4 3 0 0 0 0 0 0 0 0 0 0 0 0 0 0 0 0 0 0 0 0 0 0 0 0 0 0 0 0 0 0 0 0 0 0 0 0 0 0 0 0 0 0 0 0 0 0 0 0 0 0 0 0 0 0 0 0 0 0 0 0 0 0 0 0 0 0 0 0 0 0 0 0 0 0 0 0 0 0 0 0 0 0 0 0 0 0 0 0 0 0 0 0 0 0
INFO:tensorflow:input_mask: 1 1 1 1 1 1 1 1 1 1 1 1 1 1 1 1 1 1 1 1 1 1 1 1 1 1 1 1 1 1 1 1 1 1 0 0 0 0 0 0 0 0 0 0 0 0 0 0 0 0 0 0 0 0 0 0 0 0 0 0 0 0 0 0 0 0 0 0 0 0 0 0 0 0 0 0 0 0 0 0 0 0 0 0 0 0 0 0 0 0 0 0 0 0 0 0 0 0 0 0 0 0 0 0 0 0 0 0 0 0 0 0 0 0 0 0 0 0 0 0 0 0 0 0 0 0 0 0
I1103 05:08:12.151530 47966346777664 create_pretraining_data.py:161] input_mask: 1 1 1 1 1 1 1 1 1 1 1 1 1 1 1 1 1 1 1 1 1 1 1 1 1 1 1 1 1 1 1 1 1 1 0 0 0 0 0 0 0 0 0 0 0 0 0 0 0 0 0 0 0 0 0 0 0 0 0 0 0 0 0 0 0 0 0 0 0 0 0 0 0 0 0 0 0 0 0 0 0 0 0 0 0 0 0 0 0 0 0 0 0 0 0 0 0 0 0 0 0 0 0 0 0 0 0 0 0 0 0 0 0 0 0 0 0 0 0 0 0 0 0 0 0 0 0 0
INFO:tensorflow:segment_ids: 0 0 0 0 0 0 0 0 0 0 0 0 0 0 0 0 0 0 0 0 0 0 1 1 1 1 1 1 1 1 1 1 1 1 0 0 0 0 0 0 0 0 0 0 0 0 0 0 0 0 0 0 0 0 0 0 0 0 0 0 0 0 0 0 0 0 0 0 0 0 0 0 0 0 0 0 0 0 0 0 0 0 0 0 0 0 0 0 0 0 0 0 0 0 0 0 0 0 0 0 0 0 0 0 0 0 0 0 0 0 0 0 0 0 0 0 0 0 0 0 0 0 0 0 0 0 0 0
I1103 05:08:12.151818 47966346777664 create_pretraining_data.py:161] segment_ids: 0 0 0 0 0 0 0 0 0 0 0 0 0 0 0 0 0 0 0 0 0 0 1 1 1 1 1 1 1 1 1 1 1 1 0 0 0 0 0 0 0 0 0 0 0 0 0 0 0 0 0 0 0 0 0 0 0 0 0 0 0 0 0 0 0 0 0 0 0 0 0 0 0 0 0 0 0 0 0 0 0 0 0 0 0 0 0 0 0 0 0 0 0 0 0 0 0 0 0 0 0 0 0 0 0 0 0 0 0 0 0 0 0 0 0 0 0 0 0 0 0 0 0 0 0 0 0 0
INFO:tensorflow:masked_lm_positions: 2 22 30 31 32 0 0 0 0 0 0 0 0 0 0 0 0 0 0 0
I1103 05:08:12.152020 47966346777664 create_pretraining_data.py:161] masked_lm_positions: 2 22 30 31 32 0 0 0 0 0 0 0 0 0 0 0 0 0 0 0
INFO:tensorflow:masked_lm_ids: 1912 15478 4285 22880 1028 0 0 0 0 0 0 0 0 0 0 0 0 0 0 0
I1103 05:08:12.152215 47966346777664 create_pretraining_data.py:161] masked_lm_ids: 1912 15478 4285 22880 1028 0 0 0 0 0 0 0 0 0 0 0 0 0 0 0
INFO:tensorflow:masked_lm_weights: 1.0 1.0 1.0 1.0 1.0 0.0 0.0 0.0 0.0 0.0 0.0 0.0 0.0 0.0 0.0 0.0 0.0 0.0 0.0 0.0
I1103 05:08:12.153212 47966346777664 create_pretraining_data.py:161] masked_lm_weights: 1.0 1.0 1.0 1.0 1.0 0.0 0.0 0.0 0.0 0.0 0.0 0.0 0.0 0.0 0.0 0.0 0.0 0.0 0.0 0.0
INFO:tensorflow:next_sentence_labels: 1
I1103 05:08:12.153414 47966346777664 create_pretraining_data.py:161] next_sentence_labels: 1
INFO:tensorflow:*** Example ***
I1103 05:08:12.154838 47966346777664 create_pretraining_data.py:149] *** Example ***
INFO:tensorflow:tokens: [CLS] [MASK] ليفربول في ابطال [MASK] اللقب 5 مرات الوص ##يف 2 دور [MASK] [MASK] [MASK] دور الثمان ##يه 4 دور ا ##ل 3 دورا ##ل 4 [MASK] 20 [SEP] احببت حياتي بك وعم ##ق سعادتي مع [SEP]
I1103 05:08:12.155129 47966346777664 create_pretraining_data.py:151] tokens: [CLS] [MASK] ليفربول في ابطال [MASK] اللقب 5 مرات الوص ##يف 2 دور [MASK] [MASK] [MASK] دور الثمان ##يه 4 دور ا ##ل 3 دورا ##ل 4 [MASK] 20 [SEP] احببت حياتي بك وعم ##ق سعادتي مع [SEP]
INFO:tensorflow:input_ids: 2 4 11935 1912 7821 4 9107 25 4661 12868 2032 22 3591 4 4 4 3591 17866 1988 24 3591 387 1010 23 11457 1010 24 4 2056 3 15111 5097 2395 5046 1011 17615 1973 3 0 0 0 0 0 0 0 0 0 0 0 0 0 0 0 0 0 0 0 0 0 0 0 0 0 0 0 0 0 0 0 0 0 0 0 0 0 0 0 0 0 0 0 0 0 0 0 0 0 0 0 0 0 0 0 0 0 0 0 0 0 0 0 0 0 0 0 0 0 0 0 0 0 0 0 0 0 0 0 0 0 0 0 0 0 0 0 0 0 0
I1103 05:08:12.155438 47966346777664 create_pretraining_data.py:161] input_ids: 2 4 11935 1912 7821 4 9107 25 4661 12868 2032 22 3591 4 4 4 3591 17866 1988 24 3591 387 1010 23 11457 1010 24 4 2056 3 15111 5097 2395 5046 1011 17615 1973 3 0 0 0 0 0 0 0 0 0 0 0 0 0 0 0 0 0 0 0 0 0 0 0 0 0 0 0 0 0 0 0 0 0 0 0 0 0 0 0 0 0 0 0 0 0 0 0 0 0 0 0 0 0 0 0 0 0 0 0 0 0 0 0 0 0 0 0 0 0 0 0 0 0 0 0 0 0 0 0 0 0 0 0 0 0 0 0 0 0 0
INFO:tensorflow:input_mask: 1 1 1 1 1 1 1 1 1 1 1 1 1 1 1 1 1 1 1 1 1 1 1 1 1 1 1 1 1 1 1 1 1 1 1 1 1 1 0 0 0 0 0 0 0 0 0 0 0 0 0 0 0 0 0 0 0 0 0 0 0 0 0 0 0 0 0 0 0 0 0 0 0 0 0 0 0 0 0 0 0 0 0 0 0 0 0 0 0 0 0 0 0 0 0 0 0 0 0 0 0 0 0 0 0 0 0 0 0 0 0 0 0 0 0 0 0 0 0 0 0 0 0 0 0 0 0 0
I1103 05:08:12.155772 47966346777664 create_pretraining_data.py:161] input_mask: 1 1 1 1 1 1 1 1 1 1 1 1 1 1 1 1 1 1 1 1 1 1 1 1 1 1 1 1 1 1 1 1 1 1 1 1 1 1 0 0 0 0 0 0 0 0 0 0 0 0 0 0 0 0 0 0 0 0 0 0 0 0 0 0 0 0 0 0 0 0 0 0 0 0 0 0 0 0 0 0 0 0 0 0 0 0 0 0 0 0 0 0 0 0 0 0 0 0 0 0 0 0 0 0 0 0 0 0 0 0 0 0 0 0 0 0 0 0 0 0 0 0 0 0 0 0 0 0
INFO:tensorflow:segment_ids: 0 0 0 0 0 0 0 0 0 0 0 0 0 0 0 0 0 0 0 0 0 0 0 0 0 0 0 0 0 0 1 1 1 1 1 1 1 1 0 0 0 0 0 0 0 0 0 0 0 0 0 0 0 0 0 0 0 0 0 0 0 0 0 0 0 0 0 0 0 0 0 0 0 0 0 0 0 0 0 0 0 0 0 0 0 0 0 0 0 0 0 0 0 0 0 0 0 0 0 0 0 0 0 0 0 0 0 0 0 0 0 0 0 0 0 0 0 0 0 0 0 0 0 0 0 0 0 0
I1103 05:08:12.156058 47966346777664 create_pretraining_data.py:161] segment_ids: 0 0 0 0 0 0 0 0 0 0 0 0 0 0 0 0 0 0 0 0 0 0 0 0 0 0 0 0 0 0 1 1 1 1 1 1 1 1 0 0 0 0 0 0 0 0 0 0 0 0 0 0 0 0 0 0 0 0 0 0 0 0 0 0 0 0 0 0 0 0 0 0 0 0 0 0 0 0 0 0 0 0 0 0 0 0 0 0 0 0 0 0 0 0 0 0 0 0 0 0 0 0 0 0 0 0 0 0 0 0 0 0 0 0 0 0 0 0 0 0 0 0 0 0 0 0 0 0
INFO:tensorflow:masked_lm_positions: 1 5 13 14 15 27 0 0 0 0 0 0 0 0 0 0 0 0 0 0
I1103 05:08:12.156225 47966346777664 create_pretraining_data.py:161] masked_lm_positions: 1 5 13 14 15 27 0 0 0 0 0 0 0 0 0 0 0 0 0 0
INFO:tensorflow:masked_lm_ids: 9689 9721 28564 1028 22 8922 0 0 0 0 0 0 0 0 0 0 0 0 0 0
I1103 05:08:12.156338 47966346777664 create_pretraining_data.py:161] masked_lm_ids: 9689 9721 28564 1028 22 8922 0 0 0 0 0 0 0 0 0 0 0 0 0 0
INFO:tensorflow:masked_lm_weights: 1.0 1.0 1.0 1.0 1.0 1.0 0.0 0.0 0.0 0.0 0.0 0.0 0.0 0.0 0.0 0.0 0.0 0.0 0.0 0.0
I1103 05:08:12.156453 47966346777664 create_pretraining_data.py:161] masked_lm_weights: 1.0 1.0 1.0 1.0 1.0 1.0 0.0 0.0 0.0 0.0 0.0 0.0 0.0 0.0 0.0 0.0 0.0 0.0 0.0 0.0
INFO:tensorflow:next_sentence_labels: 1
I1103 05:08:12.156557 47966346777664 create_pretraining_data.py:161] next_sentence_labels: 1
INFO:tensorflow:*** Example ***
I1103 05:08:12.157434 47966346777664 create_pretraining_data.py:149] *** Example ***
INFO:tensorflow:tokens: [CLS] نطلب من بشار الاسد وحزب الله بالت ##كرم بت ##لز ##يم حصار مضايا لاسرائيل [MASK] [MASK] ورحمه [MASK] بقي [MASK] ##م قط ##يش [SEP] مجلس [MASK] دا هيت ##قسم لتح ##الف ##ين تحالف الناس اللي بتقول و تحالف للناس اللي بتقول [SEP]
I1103 05:08:12.157613 47966346777664 create_pretraining_data.py:151] tokens: [CLS] نطلب من بشار الاسد وحزب الله بالت ##كرم بت ##لز ##يم حصار مضايا لاسرائيل [MASK] [MASK] ورحمه [MASK] بقي [MASK] ##م قط ##يش [SEP] مجلس [MASK] دا هيت ##قسم لتح ##الف ##ين تحالف الناس اللي بتقول و تحالف للناس اللي بتقول [SEP]
INFO:tensorflow:input_ids: 2 20844 1908 8047 7885 18471 1953 2619 4839 2206 2149 2019 13248 6052 27971 4 4 13321 4 4078 4 1015 2925 2336 3 2598 4 2720 22904 12468 4117 2681 1911 10229 2397 2115 23886 415 10229 7504 2115 23886 3 0 0 0 0 0 0 0 0 0 0 0 0 0 0 0 0 0 0 0 0 0 0 0 0 0 0 0 0 0 0 0 0 0 0 0 0 0 0 0 0 0 0 0 0 0 0 0 0 0 0 0 0 0 0 0 0 0 0 0 0 0 0 0 0 0 0 0 0 0 0 0 0 0 0 0 0 0 0 0 0 0 0 0 0 0
I1103 05:08:12.157800 47966346777664 create_pretraining_data.py:161] input_ids: 2 20844 1908 8047 7885 18471 1953 2619 4839 2206 2149 2019 13248 6052 27971 4 4 13321 4 4078 4 1015 2925 2336 3 2598 4 2720 22904 12468 4117 2681 1911 10229 2397 2115 23886 415 10229 7504 2115 23886 3 0 0 0 0 0 0 0 0 0 0 0 0 0 0 0 0 0 0 0 0 0 0 0 0 0 0 0 0 0 0 0 0 0 0 0 0 0 0 0 0 0 0 0 0 0 0 0 0 0 0 0 0 0 0 0 0 0 0 0 0 0 0 0 0 0 0 0 0 0 0 0 0 0 0 0 0 0 0 0 0 0 0 0 0 0
INFO:tensorflow:input_mask: 1 1 1 1 1 1 1 1 1 1 1 1 1 1 1 1 1 1 1 1 1 1 1 1 1 1 1 1 1 1 1 1 1 1 1 1 1 1 1 1 1 1 1 0 0 0 0 0 0 0 0 0 0 0 0 0 0 0 0 0 0 0 0 0 0 0 0 0 0 0 0 0 0 0 0 0 0 0 0 0 0 0 0 0 0 0 0 0 0 0 0 0 0 0 0 0 0 0 0 0 0 0 0 0 0 0 0 0 0 0 0 0 0 0 0 0 0 0 0 0 0 0 0 0 0 0 0 0
I1103 05:08:12.157964 47966346777664 create_pretraining_data.py:161] input_mask: 1 1 1 1 1 1 1 1 1 1 1 1 1 1 1 1 1 1 1 1 1 1 1 1 1 1 1 1 1 1 1 1 1 1 1 1 1 1 1 1 1 1 1 0 0 0 0 0 0 0 0 0 0 0 0 0 0 0 0 0 0 0 0 0 0 0 0 0 0 0 0 0 0 0 0 0 0 0 0 0 0 0 0 0 0 0 0 0 0 0 0 0 0 0 0 0 0 0 0 0 0 0 0 0 0 0 0 0 0 0 0 0 0 0 0 0 0 0 0 0 0 0 0 0 0 0 0 0
INFO:tensorflow:segment_ids: 0 0 0 0 0 0 0 0 0 0 0 0 0 0 0 0 0 0 0 0 0 0 0 0 0 1 1 1 1 1 1 1 1 1 1 1 1 1 1 1 1 1 1 0 0 0 0 0 0 0 0 0 0 0 0 0 0 0 0 0 0 0 0 0 0 0 0 0 0 0 0 0 0 0 0 0 0 0 0 0 0 0 0 0 0 0 0 0 0 0 0 0 0 0 0 0 0 0 0 0 0 0 0 0 0 0 0 0 0 0 0 0 0 0 0 0 0 0 0 0 0 0 0 0 0 0 0 0
I1103 05:08:12.158140 47966346777664 create_pretraining_data.py:161] segment_ids: 0 0 0 0 0 0 0 0 0 0 0 0 0 0 0 0 0 0 0 0 0 0 0 0 0 1 1 1 1 1 1 1 1 1 1 1 1 1 1 1 1 1 1 0 0 0 0 0 0 0 0 0 0 0 0 0 0 0 0 0 0 0 0 0 0 0 0 0 0 0 0 0 0 0 0 0 0 0 0 0 0 0 0 0 0 0 0 0 0 0 0 0 0 0 0 0 0 0 0 0 0 0 0 0 0 0 0 0 0 0 0 0 0 0 0 0 0 0 0 0 0 0 0 0 0 0 0 0
INFO:tensorflow:masked_lm_positions: 15 16 18 20 21 26 0 0 0 0 0 0 0 0 0 0 0 0 0 0
I1103 05:08:12.158262 47966346777664 create_pretraining_data.py:161] masked_lm_positions: 15 16 18 20 21 26 0 0 0 0 0 0 0 0 0 0 0 0 0 0
INFO:tensorflow:masked_lm_ids: 6240 1028 3043 28956 1015 3086 0 0 0 0 0 0 0 0 0 0 0 0 0 0
I1103 05:08:12.158375 47966346777664 create_pretraining_data.py:161] masked_lm_ids: 6240 1028 3043 28956 1015 3086 0 0 0 0 0 0 0 0 0 0 0 0 0 0
INFO:tensorflow:masked_lm_weights: 1.0 1.0 1.0 1.0 1.0 1.0 0.0 0.0 0.0 0.0 0.0 0.0 0.0 0.0 0.0 0.0 0.0 0.0 0.0 0.0
I1103 05:08:12.158490 47966346777664 create_pretraining_data.py:161] masked_lm_weights: 1.0 1.0 1.0 1.0 1.0 1.0 0.0 0.0 0.0 0.0 0.0 0.0 0.0 0.0 0.0 0.0 0.0 0.0 0.0 0.0
INFO:tensorflow:next_sentence_labels: 1
I1103 05:08:12.158594 47966346777664 create_pretraining_data.py:161] next_sentence_labels: 1
INFO:tensorflow:*** Example ***
I1103 05:08:12.159417 47966346777664 create_pretraining_data.py:149] *** Example ***
INFO:tensorflow:tokens: [CLS] لبي مسا ##ك ولب ##ي الشوق وعيون ##ك ولب ##ي الشعر لا تغ ##زل فيك واغ ##ران ##ي [SEP] [MASK] السائد قد لا يتحقق كل ما تريد لكن رضا [MASK] يجعل [MASK] [MASK] كما [MASK] [SEP]
I1103 05:08:12.159580 47966346777664 create_pretraining_data.py:151] tokens: [CLS] لبي مسا ##ك ولب ##ي الشوق وعيون ##ك ولب ##ي الشعر لا تغ ##زل فيك واغ ##ران ##ي [SEP] [MASK] السائد قد لا يتحقق كل ما تريد لكن رضا [MASK] يجعل [MASK] [MASK] كما [MASK] [SEP]
INFO:tensorflow:input_ids: 2 8222 3920 1014 10538 1013 5589 17538 1014 10538 1013 3258 1963 2887 2596 4017 7653 11918 1013 3 4 26368 2251 1963 13712 2038 1972 4821 2425 6051 4 5754 4 4 2306 4 3 0 0 0 0 0 0 0 0 0 0 0 0 0 0 0 0 0 0 0 0 0 0 0 0 0 0 0 0 0 0 0 0 0 0 0 0 0 0 0 0 0 0 0 0 0 0 0 0 0 0 0 0 0 0 0 0 0 0 0 0 0 0 0 0 0 0 0 0 0 0 0 0 0 0 0 0 0 0 0 0 0 0 0 0 0 0 0 0 0 0 0
I1103 05:08:12.159767 47966346777664 create_pretraining_data.py:161] input_ids: 2 8222 3920 1014 10538 1013 5589 17538 1014 10538 1013 3258 1963 2887 2596 4017 7653 11918 1013 3 4 26368 2251 1963 13712 2038 1972 4821 2425 6051 4 5754 4 4 2306 4 3 0 0 0 0 0 0 0 0 0 0 0 0 0 0 0 0 0 0 0 0 0 0 0 0 0 0 0 0 0 0 0 0 0 0 0 0 0 0 0 0 0 0 0 0 0 0 0 0 0 0 0 0 0 0 0 0 0 0 0 0 0 0 0 0 0 0 0 0 0 0 0 0 0 0 0 0 0 0 0 0 0 0 0 0 0 0 0 0 0 0 0
INFO:tensorflow:input_mask: 1 1 1 1 1 1 1 1 1 1 1 1 1 1 1 1 1 1 1 1 1 1 1 1 1 1 1 1 1 1 1 1 1 1 1 1 1 0 0 0 0 0 0 0 0 0 0 0 0 0 0 0 0 0 0 0 0 0 0 0 0 0 0 0 0 0 0 0 0 0 0 0 0 0 0 0 0 0 0 0 0 0 0 0 0 0 0 0 0 0 0 0 0 0 0 0 0 0 0 0 0 0 0 0 0 0 0 0 0 0 0 0 0 0 0 0 0 0 0 0 0 0 0 0 0 0 0 0
I1103 05:08:12.159930 47966346777664 create_pretraining_data.py:161] input_mask: 1 1 1 1 1 1 1 1 1 1 1 1 1 1 1 1 1 1 1 1 1 1 1 1 1 1 1 1 1 1 1 1 1 1 1 1 1 0 0 0 0 0 0 0 0 0 0 0 0 0 0 0 0 0 0 0 0 0 0 0 0 0 0 0 0 0 0 0 0 0 0 0 0 0 0 0 0 0 0 0 0 0 0 0 0 0 0 0 0 0 0 0 0 0 0 0 0 0 0 0 0 0 0 0 0 0 0 0 0 0 0 0 0 0 0 0 0 0 0 0 0 0 0 0 0 0 0 0
INFO:tensorflow:segment_ids: 0 0 0 0 0 0 0 0 0 0 0 0 0 0 0 0 0 0 0 0 1 1 1 1 1 1 1 1 1 1 1 1 1 1 1 1 1 0 0 0 0 0 0 0 0 0 0 0 0 0 0 0 0 0 0 0 0 0 0 0 0 0 0 0 0 0 0 0 0 0 0 0 0 0 0 0 0 0 0 0 0 0 0 0 0 0 0 0 0 0 0 0 0 0 0 0 0 0 0 0 0 0 0 0 0 0 0 0 0 0 0 0 0 0 0 0 0 0 0 0 0 0 0 0 0 0 0 0
I1103 05:08:12.160103 47966346777664 create_pretraining_data.py:161] segment_ids: 0 0 0 0 0 0 0 0 0 0 0 0 0 0 0 0 0 0 0 0 1 1 1 1 1 1 1 1 1 1 1 1 1 1 1 1 1 0 0 0 0 0 0 0 0 0 0 0 0 0 0 0 0 0 0 0 0 0 0 0 0 0 0 0 0 0 0 0 0 0 0 0 0 0 0 0 0 0 0 0 0 0 0 0 0 0 0 0 0 0 0 0 0 0 0 0 0 0 0 0 0 0 0 0 0 0 0 0 0 0 0 0 0 0 0 0 0 0 0 0 0 0 0 0 0 0 0 0
INFO:tensorflow:masked_lm_positions: 20 21 30 32 33 35 0 0 0 0 0 0 0 0 0 0 0 0 0 0
I1103 05:08:12.160223 47966346777664 create_pretraining_data.py:161] masked_lm_positions: 20 21 30 32 33 35 0 0 0 0 0 0 0 0 0 0 0 0 0 0
INFO:tensorflow:masked_lm_ids: 1912 3014 1953 2278 3014 4821 0 0 0 0 0 0 0 0 0 0 0 0 0 0
I1103 05:08:12.160337 47966346777664 create_pretraining_data.py:161] masked_lm_ids: 1912 3014 1953 2278 3014 4821 0 0 0 0 0 0 0 0 0 0 0 0 0 0
INFO:tensorflow:masked_lm_weights: 1.0 1.0 1.0 1.0 1.0 1.0 0.0 0.0 0.0 0.0 0.0 0.0 0.0 0.0 0.0 0.0 0.0 0.0 0.0 0.0
I1103 05:08:12.160452 47966346777664 create_pretraining_data.py:161] masked_lm_weights: 1.0 1.0 1.0 1.0 1.0 1.0 0.0 0.0 0.0 0.0 0.0 0.0 0.0 0.0 0.0 0.0 0.0 0.0 0.0 0.0
INFO:tensorflow:next_sentence_labels: 1
I1103 05:08:12.160556 47966346777664 create_pretraining_data.py:161] next_sentence_labels: 1
INFO:tensorflow:*** Example ***
I1103 05:08:12.161393 47966346777664 create_pretraining_data.py:149] *** Example ***
INFO:tensorflow:tokens: [CLS] مدخل علم [MASK] موسي يسعى شلون ##ه 25 [MASK] اضم ##ن ا ##ل [MASK] وش ##نو نظام ##ه [SEP] وثائق سري ##ه تكشف صدام حسين كان كاب ##وسا لامر ##يك ##ا وبريطانيا [SEP]
I1103 05:08:12.161553 47966346777664 create_pretraining_data.py:151] tokens: [CLS] مدخل علم [MASK] موسي يسعى شلون ##ه 25 [MASK] اضم ##ن ا ##ل [MASK] وش ##نو نظام ##ه [SEP] وثائق سري ##ه تكشف صدام حسين كان كاب ##وسا لامر ##يك ##ا وبريطانيا [SEP]
INFO:tensorflow:input_ids: 2 11967 2689 4 6005 11839 13079 1028 3525 4 25517 1006 387 1010 4 2347 11993 3701 1028 3 12910 6639 1028 8527 10301 4273 2055 9199 16058 25610 2434 1007 23904 3 0 0 0 0 0 0 0 0 0 0 0 0 0 0 0 0 0 0 0 0 0 0 0 0 0 0 0 0 0 0 0 0 0 0 0 0 0 0 0 0 0 0 0 0 0 0 0 0 0 0 0 0 0 0 0 0 0 0 0 0 0 0 0 0 0 0 0 0 0 0 0 0 0 0 0 0 0 0 0 0 0 0 0 0 0 0 0 0 0 0 0 0 0 0
I1103 05:08:12.161741 47966346777664 create_pretraining_data.py:161] input_ids: 2 11967 2689 4 6005 11839 13079 1028 3525 4 25517 1006 387 1010 4 2347 11993 3701 1028 3 12910 6639 1028 8527 10301 4273 2055 9199 16058 25610 2434 1007 23904 3 0 0 0 0 0 0 0 0 0 0 0 0 0 0 0 0 0 0 0 0 0 0 0 0 0 0 0 0 0 0 0 0 0 0 0 0 0 0 0 0 0 0 0 0 0 0 0 0 0 0 0 0 0 0 0 0 0 0 0 0 0 0 0 0 0 0 0 0 0 0 0 0 0 0 0 0 0 0 0 0 0 0 0 0 0 0 0 0 0 0 0 0 0 0
INFO:tensorflow:input_mask: 1 1 1 1 1 1 1 1 1 1 1 1 1 1 1 1 1 1 1 1 1 1 1 1 1 1 1 1 1 1 1 1 1 1 0 0 0 0 0 0 0 0 0 0 0 0 0 0 0 0 0 0 0 0 0 0 0 0 0 0 0 0 0 0 0 0 0 0 0 0 0 0 0 0 0 0 0 0 0 0 0 0 0 0 0 0 0 0 0 0 0 0 0 0 0 0 0 0 0 0 0 0 0 0 0 0 0 0 0 0 0 0 0 0 0 0 0 0 0 0 0 0 0 0 0 0 0 0
I1103 05:08:12.161903 47966346777664 create_pretraining_data.py:161] input_mask: 1 1 1 1 1 1 1 1 1 1 1 1 1 1 1 1 1 1 1 1 1 1 1 1 1 1 1 1 1 1 1 1 1 1 0 0 0 0 0 0 0 0 0 0 0 0 0 0 0 0 0 0 0 0 0 0 0 0 0 0 0 0 0 0 0 0 0 0 0 0 0 0 0 0 0 0 0 0 0 0 0 0 0 0 0 0 0 0 0 0 0 0 0 0 0 0 0 0 0 0 0 0 0 0 0 0 0 0 0 0 0 0 0 0 0 0 0 0 0 0 0 0 0 0 0 0 0 0
INFO:tensorflow:segment_ids: 0 0 0 0 0 0 0 0 0 0 0 0 0 0 0 0 0 0 0 0 1 1 1 1 1 1 1 1 1 1 1 1 1 1 0 0 0 0 0 0 0 0 0 0 0 0 0 0 0 0 0 0 0 0 0 0 0 0 0 0 0 0 0 0 0 0 0 0 0 0 0 0 0 0 0 0 0 0 0 0 0 0 0 0 0 0 0 0 0 0 0 0 0 0 0 0 0 0 0 0 0 0 0 0 0 0 0 0 0 0 0 0 0 0 0 0 0 0 0 0 0 0 0 0 0 0 0 0
I1103 05:08:12.162058 47966346777664 create_pretraining_data.py:161] segment_ids: 0 0 0 0 0 0 0 0 0 0 0 0 0 0 0 0 0 0 0 0 1 1 1 1 1 1 1 1 1 1 1 1 1 1 0 0 0 0 0 0 0 0 0 0 0 0 0 0 0 0 0 0 0 0 0 0 0 0 0 0 0 0 0 0 0 0 0 0 0 0 0 0 0 0 0 0 0 0 0 0 0 0 0 0 0 0 0 0 0 0 0 0 0 0 0 0 0 0 0 0 0 0 0 0 0 0 0 0 0 0 0 0 0 0 0 0 0 0 0 0 0 0 0 0 0 0 0 0
INFO:tensorflow:masked_lm_positions: 3 5 8 9 14 0 0 0 0 0 0 0 0 0 0 0 0 0 0 0
I1103 05:08:12.162192 47966346777664 create_pretraining_data.py:161] masked_lm_positions: 3 5 8 9 14 0 0 0 0 0 0 0 0 0 0 0 0 0 0 0
INFO:tensorflow:masked_lm_ids: 2339 9123 5888 2099 5382 0 0 0 0 0 0 0 0 0 0 0 0 0 0 0
I1103 05:08:12.162307 47966346777664 create_pretraining_data.py:161] masked_lm_ids: 2339 9123 5888 2099 5382 0 0 0 0 0 0 0 0 0 0 0 0 0 0 0
INFO:tensorflow:masked_lm_weights: 1.0 1.0 1.0 1.0 1.0 0.0 0.0 0.0 0.0 0.0 0.0 0.0 0.0 0.0 0.0 0.0 0.0 0.0 0.0 0.0
I1103 05:08:12.162422 47966346777664 create_pretraining_data.py:161] masked_lm_weights: 1.0 1.0 1.0 1.0 1.0 0.0 0.0 0.0 0.0 0.0 0.0 0.0 0.0 0.0 0.0 0.0 0.0 0.0 0.0 0.0
INFO:tensorflow:next_sentence_labels: 1
I1103 05:08:12.162525 47966346777664 create_pretraining_data.py:161] next_sentence_labels: 1
INFO:tensorflow:*** Example ***
I1103 05:08:12.163263 47966346777664 create_pretraining_data.py:149] *** Example ***
INFO:tensorflow:tokens: [CLS] استغفرك ربي من [MASK] ني سيئ جال ##ت في صدورنا ومن كل عمل سيء تضيق به قبور ##نا استغفر الله [SEP] [MASK] البث انتر ميلان ساس ##ولو 2 30 ##م جوال يوتيوب [MASK] ميلان [MASK] ##ولو انتر [MASK] [SEP]
I1103 05:08:12.163427 47966346777664 create_pretraining_data.py:151] tokens: [CLS] استغفرك ربي من [MASK] ني سيئ جال ##ت في صدورنا ومن كل عمل سيء تضيق به قبور ##نا استغفر الله [SEP] [MASK] البث انتر ميلان ساس ##ولو 2 30 ##م جوال يوتيوب [MASK] ميلان [MASK] ##ولو انتر [MASK] [SEP]
INFO:tensorflow:input_ids: 2 7056 2949 1908 4 3703 20361 10804 1005 1912 14533 2298 2038 2979 16105 18251 2249 17659 1914 2870 1953 3 4 12215 22903 11191 21573 3296 22 3612 1015 5716 6690 4 11191 4 3296 22903 4 3 0 0 0 0 0 0 0 0 0 0 0 0 0 0 0 0 0 0 0 0 0 0 0 0 0 0 0 0 0 0 0 0 0 0 0 0 0 0 0 0 0 0 0 0 0 0 0 0 0 0 0 0 0 0 0 0 0 0 0 0 0 0 0 0 0 0 0 0 0 0 0 0 0 0 0 0 0 0 0 0 0 0 0 0 0 0 0 0
I1103 05:08:12.163612 47966346777664 create_pretraining_data.py:161] input_ids: 2 7056 2949 1908 4 3703 20361 10804 1005 1912 14533 2298 2038 2979 16105 18251 2249 17659 1914 2870 1953 3 4 12215 22903 11191 21573 3296 22 3612 1015 5716 6690 4 11191 4 3296 22903 4 3 0 0 0 0 0 0 0 0 0 0 0 0 0 0 0 0 0 0 0 0 0 0 0 0 0 0 0 0 0 0 0 0 0 0 0 0 0 0 0 0 0 0 0 0 0 0 0 0 0 0 0 0 0 0 0 0 0 0 0 0 0 0 0 0 0 0 0 0 0 0 0 0 0 0 0 0 0 0 0 0 0 0 0 0 0 0 0 0
INFO:tensorflow:input_mask: 1 1 1 1 1 1 1 1 1 1 1 1 1 1 1 1 1 1 1 1 1 1 1 1 1 1 1 1 1 1 1 1 1 1 1 1 1 1 1 1 0 0 0 0 0 0 0 0 0 0 0 0 0 0 0 0 0 0 0 0 0 0 0 0 0 0 0 0 0 0 0 0 0 0 0 0 0 0 0 0 0 0 0 0 0 0 0 0 0 0 0 0 0 0 0 0 0 0 0 0 0 0 0 0 0 0 0 0 0 0 0 0 0 0 0 0 0 0 0 0 0 0 0 0 0 0 0 0
I1103 05:08:12.163778 47966346777664 create_pretraining_data.py:161] input_mask: 1 1 1 1 1 1 1 1 1 1 1 1 1 1 1 1 1 1 1 1 1 1 1 1 1 1 1 1 1 1 1 1 1 1 1 1 1 1 1 1 0 0 0 0 0 0 0 0 0 0 0 0 0 0 0 0 0 0 0 0 0 0 0 0 0 0 0 0 0 0 0 0 0 0 0 0 0 0 0 0 0 0 0 0 0 0 0 0 0 0 0 0 0 0 0 0 0 0 0 0 0 0 0 0 0 0 0 0 0 0 0 0 0 0 0 0 0 0 0 0 0 0 0 0 0 0 0 0
INFO:tensorflow:segment_ids: 0 0 0 0 0 0 0 0 0 0 0 0 0 0 0 0 0 0 0 0 0 0 1 1 1 1 1 1 1 1 1 1 1 1 1 1 1 1 1 1 0 0 0 0 0 0 0 0 0 0 0 0 0 0 0 0 0 0 0 0 0 0 0 0 0 0 0 0 0 0 0 0 0 0 0 0 0 0 0 0 0 0 0 0 0 0 0 0 0 0 0 0 0 0 0 0 0 0 0 0 0 0 0 0 0 0 0 0 0 0 0 0 0 0 0 0 0 0 0 0 0 0 0 0 0 0 0 0
I1103 05:08:12.163933 47966346777664 create_pretraining_data.py:161] segment_ids: 0 0 0 0 0 0 0 0 0 0 0 0 0 0 0 0 0 0 0 0 0 0 1 1 1 1 1 1 1 1 1 1 1 1 1 1 1 1 1 1 0 0 0 0 0 0 0 0 0 0 0 0 0 0 0 0 0 0 0 0 0 0 0 0 0 0 0 0 0 0 0 0 0 0 0 0 0 0 0 0 0 0 0 0 0 0 0 0 0 0 0 0 0 0 0 0 0 0 0 0 0 0 0 0 0 0 0 0 0 0 0 0 0 0 0 0 0 0 0 0 0 0 0 0 0 0 0 0
INFO:tensorflow:masked_lm_positions: 4 22 33 35 36 38 0 0 0 0 0 0 0 0 0 0 0 0 0 0
I1103 05:08:12.164046 47966346777664 create_pretraining_data.py:161] masked_lm_positions: 4 22 33 35 36 38 0 0 0 0 0 0 0 0 0 0 0 0 0 0
INFO:tensorflow:masked_lm_ids: 2038 6037 22903 21573 3296 11191 0 0 0 0 0 0 0 0 0 0 0 0 0 0
I1103 05:08:12.164174 47966346777664 create_pretraining_data.py:161] masked_lm_ids: 2038 6037 22903 21573 3296 11191 0 0 0 0 0 0 0 0 0 0 0 0 0 0
INFO:tensorflow:masked_lm_weights: 1.0 1.0 1.0 1.0 1.0 1.0 0.0 0.0 0.0 0.0 0.0 0.0 0.0 0.0 0.0 0.0 0.0 0.0 0.0 0.0
I1103 05:08:12.164291 47966346777664 create_pretraining_data.py:161] masked_lm_weights: 1.0 1.0 1.0 1.0 1.0 1.0 0.0 0.0 0.0 0.0 0.0 0.0 0.0 0.0 0.0 0.0 0.0 0.0 0.0 0.0
INFO:tensorflow:next_sentence_labels: 1
I1103 05:08:12.164395 47966346777664 create_pretraining_data.py:161] next_sentence_labels: 1
INFO:tensorflow:*** Example ***
I1103 05:08:12.165149 47966346777664 create_pretraining_data.py:149] *** Example ***
INFO:tensorflow:tokens: [CLS] [MASK] جمعت حب البشر وخلص ##ته عليك انا الوفاء عيا في بعدك يخيب [SEP] اريد ##ان ارك ##ب [MASK] ولو ##لم ##ره واحده قطار [MASK] يدك بيدي [MASK] [MASK] في محطه الام ##حط ##ه عيونك [MASK] [SEP]
I1103 05:08:12.165310 47966346777664 create_pretraining_data.py:151] tokens: [CLS] [MASK] جمعت حب البشر وخلص ##ته عليك انا الوفاء عيا في بعدك يخيب [SEP] اريد ##ان ارك ##ب [MASK] ولو ##لم ##ره واحده قطار [MASK] يدك بيدي [MASK] [MASK] في محطه الام ##حط ##ه عيونك [MASK] [SEP]
INFO:tensorflow:input_ids: 2 4 16204 3151 3699 29100 2076 2898 2315 8842 19057 1912 10327 17012 3 7352 1906 20841 1045 4 3278 1902 2197 5861 17690 4 14654 19140 4 4 1912 25435 2313 7349 1028 7626 4 3 0 0 0 0 0 0 0 0 0 0 0 0 0 0 0 0 0 0 0 0 0 0 0 0 0 0 0 0 0 0 0 0 0 0 0 0 0 0 0 0 0 0 0 0 0 0 0 0 0 0 0 0 0 0 0 0 0 0 0 0 0 0 0 0 0 0 0 0 0 0 0 0 0 0 0 0 0 0 0 0 0 0 0 0 0 0 0 0 0 0
I1103 05:08:12.165486 47966346777664 create_pretraining_data.py:161] input_ids: 2 4 16204 3151 3699 29100 2076 2898 2315 8842 19057 1912 10327 17012 3 7352 1906 20841 1045 4 3278 1902 2197 5861 17690 4 14654 19140 4 4 1912 25435 2313 7349 1028 7626 4 3 0 0 0 0 0 0 0 0 0 0 0 0 0 0 0 0 0 0 0 0 0 0 0 0 0 0 0 0 0 0 0 0 0 0 0 0 0 0 0 0 0 0 0 0 0 0 0 0 0 0 0 0 0 0 0 0 0 0 0 0 0 0 0 0 0 0 0 0 0 0 0 0 0 0 0 0 0 0 0 0 0 0 0 0 0 0 0 0 0 0
INFO:tensorflow:input_mask: 1 1 1 1 1 1 1 1 1 1 1 1 1 1 1 1 1 1 1 1 1 1 1 1 1 1 1 1 1 1 1 1 1 1 1 1 1 1 0 0 0 0 0 0 0 0 0 0 0 0 0 0 0 0 0 0 0 0 0 0 0 0 0 0 0 0 0 0 0 0 0 0 0 0 0 0 0 0 0 0 0 0 0 0 0 0 0 0 0 0 0 0 0 0 0 0 0 0 0 0 0 0 0 0 0 0 0 0 0 0 0 0 0 0 0 0 0 0 0 0 0 0 0 0 0 0 0 0
I1103 05:08:12.165665 47966346777664 create_pretraining_data.py:161] input_mask: 1 1 1 1 1 1 1 1 1 1 1 1 1 1 1 1 1 1 1 1 1 1 1 1 1 1 1 1 1 1 1 1 1 1 1 1 1 1 0 0 0 0 0 0 0 0 0 0 0 0 0 0 0 0 0 0 0 0 0 0 0 0 0 0 0 0 0 0 0 0 0 0 0 0 0 0 0 0 0 0 0 0 0 0 0 0 0 0 0 0 0 0 0 0 0 0 0 0 0 0 0 0 0 0 0 0 0 0 0 0 0 0 0 0 0 0 0 0 0 0 0 0 0 0 0 0 0 0
INFO:tensorflow:segment_ids: 0 0 0 0 0 0 0 0 0 0 0 0 0 0 0 1 1 1 1 1 1 1 1 1 1 1 1 1 1 1 1 1 1 1 1 1 1 1 0 0 0 0 0 0 0 0 0 0 0 0 0 0 0 0 0 0 0 0 0 0 0 0 0 0 0 0 0 0 0 0 0 0 0 0 0 0 0 0 0 0 0 0 0 0 0 0 0 0 0 0 0 0 0 0 0 0 0 0 0 0 0 0 0 0 0 0 0 0 0 0 0 0 0 0 0 0 0 0 0 0 0 0 0 0 0 0 0 0
I1103 05:08:12.165827 47966346777664 create_pretraining_data.py:161] segment_ids: 0 0 0 0 0 0 0 0 0 0 0 0 0 0 0 1 1 1 1 1 1 1 1 1 1 1 1 1 1 1 1 1 1 1 1 1 1 1 0 0 0 0 0 0 0 0 0 0 0 0 0 0 0 0 0 0 0 0 0 0 0 0 0 0 0 0 0 0 0 0 0 0 0 0 0 0 0 0 0 0 0 0 0 0 0 0 0 0 0 0 0 0 0 0 0 0 0 0 0 0 0 0 0 0 0 0 0 0 0 0 0 0 0 0 0 0 0 0 0 0 0 0 0 0 0 0 0 0
INFO:tensorflow:masked_lm_positions: 1 19 25 28 29 36 0 0 0 0 0 0 0 0 0 0 0 0 0 0
I1103 05:08:12.165942 47966346777664 create_pretraining_data.py:161] masked_lm_positions: 1 19 25 28 29 36 0 0 0 0 0 0 0 0 0 0 0 0 0 0
INFO:tensorflow:masked_lm_ids: 2315 4549 19292 2404 25451 3059 0 0 0 0 0 0 0 0 0 0 0 0 0 0
I1103 05:08:12.166054 47966346777664 create_pretraining_data.py:161] masked_lm_ids: 2315 4549 19292 2404 25451 3059 0 0 0 0 0 0 0 0 0 0 0 0 0 0
INFO:tensorflow:masked_lm_weights: 1.0 1.0 1.0 1.0 1.0 1.0 0.0 0.0 0.0 0.0 0.0 0.0 0.0 0.0 0.0 0.0 0.0 0.0 0.0 0.0
I1103 05:08:12.166174 47966346777664 create_pretraining_data.py:161] masked_lm_weights: 1.0 1.0 1.0 1.0 1.0 1.0 0.0 0.0 0.0 0.0 0.0 0.0 0.0 0.0 0.0 0.0 0.0 0.0 0.0 0.0
INFO:tensorflow:next_sentence_labels: 1
I1103 05:08:12.166272 47966346777664 create_pretraining_data.py:161] next_sentence_labels: 1
INFO:tensorflow:*** Example ***
I1103 05:08:12.166886 47966346777664 create_pretraining_data.py:149] *** Example ***
INFO:tensorflow:tokens: [CLS] [MASK] جمعه وقلوب ##نا بحب الله انق ##ي [MASK] جمعه وروح ##نا بذكر الله ابقي كل جمعه وصف ##حات ايامنا [MASK] الخير ترق ##ي كل جمعه وعلا ##قتنا باح ##با ##ئنا بماء المو ##ده تس ##قي [SEP] اللهم بلغ ##نا يرزق مراتب [MASK] واع ##لي مراتب الاخره قروب [MASK] القمر [MASK] [SEP]
I1103 05:08:12.167021 47966346777664 create_pretraining_data.py:151] tokens: [CLS] [MASK] جمعه وقلوب ##نا بحب الله انق ##ي [MASK] جمعه وروح ##نا بذكر الله ابقي كل جمعه وصف ##حات ايامنا [MASK] الخير ترق ##ي كل جمعه وعلا ##قتنا باح ##با ##ئنا بماء المو ##ده تس ##قي [SEP] اللهم بلغ ##نا يرزق مراتب [MASK] واع ##لي مراتب الاخره قروب [MASK] القمر [MASK] [SEP]
INFO:tensorflow:input_ids: 2 4 9781 17459 1914 6218 1953 5722 1013 4 9781 21517 1914 6609 1953 14770 2038 9781 4356 2505 18574 4 2831 13847 1013 2038 9781 5073 12011 13044 2013 17531 24084 2763 2124 2304 2004 3 2168 3854 1914 12458 26225 4 4780 1907 26225 7889 2543 4 6105 4 3 0 0 0 0 0 0 0 0 0 0 0 0 0 0 0 0 0 0 0 0 0 0 0 0 0 0 0 0 0 0 0 0 0 0 0 0 0 0 0 0 0 0 0 0 0 0 0 0 0 0 0 0 0 0 0 0 0 0 0 0 0 0 0 0 0 0 0 0 0 0 0 0 0 0 0
I1103 05:08:12.167163 47966346777664 create_pretraining_data.py:161] input_ids: 2 4 9781 17459 1914 6218 1953 5722 1013 4 9781 21517 1914 6609 1953 14770 2038 9781 4356 2505 18574 4 2831 13847 1013 2038 9781 5073 12011 13044 2013 17531 24084 2763 2124 2304 2004 3 2168 3854 1914 12458 26225 4 4780 1907 26225 7889 2543 4 6105 4 3 0 0 0 0 0 0 0 0 0 0 0 0 0 0 0 0 0 0 0 0 0 0 0 0 0 0 0 0 0 0 0 0 0 0 0 0 0 0 0 0 0 0 0 0 0 0 0 0 0 0 0 0 0 0 0 0 0 0 0 0 0 0 0 0 0 0 0 0 0 0 0 0 0 0 0
INFO:tensorflow:input_mask: 1 1 1 1 1 1 1 1 1 1 1 1 1 1 1 1 1 1 1 1 1 1 1 1 1 1 1 1 1 1 1 1 1 1 1 1 1 1 1 1 1 1 1 1 1 1 1 1 1 1 1 1 1 0 0 0 0 0 0 0 0 0 0 0 0 0 0 0 0 0 0 0 0 0 0 0 0 0 0 0 0 0 0 0 0 0 0 0 0 0 0 0 0 0 0 0 0 0 0 0 0 0 0 0 0 0 0 0 0 0 0 0 0 0 0 0 0 0 0 0 0 0 0 0 0 0 0 0
I1103 05:08:12.167293 47966346777664 create_pretraining_data.py:161] input_mask: 1 1 1 1 1 1 1 1 1 1 1 1 1 1 1 1 1 1 1 1 1 1 1 1 1 1 1 1 1 1 1 1 1 1 1 1 1 1 1 1 1 1 1 1 1 1 1 1 1 1 1 1 1 0 0 0 0 0 0 0 0 0 0 0 0 0 0 0 0 0 0 0 0 0 0 0 0 0 0 0 0 0 0 0 0 0 0 0 0 0 0 0 0 0 0 0 0 0 0 0 0 0 0 0 0 0 0 0 0 0 0 0 0 0 0 0 0 0 0 0 0 0 0 0 0 0 0 0
INFO:tensorflow:segment_ids: 0 0 0 0 0 0 0 0 0 0 0 0 0 0 0 0 0 0 0 0 0 0 0 0 0 0 0 0 0 0 0 0 0 0 0 0 0 0 1 1 1 1 1 1 1 1 1 1 1 1 1 1 1 0 0 0 0 0 0 0 0 0 0 0 0 0 0 0 0 0 0 0 0 0 0 0 0 0 0 0 0 0 0 0 0 0 0 0 0 0 0 0 0 0 0 0 0 0 0 0 0 0 0 0 0 0 0 0 0 0 0 0 0 0 0 0 0 0 0 0 0 0 0 0 0 0 0 0
I1103 05:08:12.167417 47966346777664 create_pretraining_data.py:161] segment_ids: 0 0 0 0 0 0 0 0 0 0 0 0 0 0 0 0 0 0 0 0 0 0 0 0 0 0 0 0 0 0 0 0 0 0 0 0 0 0 1 1 1 1 1 1 1 1 1 1 1 1 1 1 1 0 0 0 0 0 0 0 0 0 0 0 0 0 0 0 0 0 0 0 0 0 0 0 0 0 0 0 0 0 0 0 0 0 0 0 0 0 0 0 0 0 0 0 0 0 0 0 0 0 0 0 0 0 0 0 0 0 0 0 0 0 0 0 0 0 0 0 0 0 0 0 0 0 0 0
INFO:tensorflow:masked_lm_positions: 1 9 21 41 42 43 49 51 0 0 0 0 0 0 0 0 0 0 0 0
I1103 05:08:12.167509 47966346777664 create_pretraining_data.py:161] masked_lm_positions: 1 9 21 41 42 43 49 51 0 0 0 0 0 0 0 0 0 0 0 0
INFO:tensorflow:masked_lm_ids: 2038 2038 6218 12602 26225 2859 4771 2679 0 0 0 0 0 0 0 0 0 0 0 0
I1103 05:08:12.167598 47966346777664 create_pretraining_data.py:161] masked_lm_ids: 2038 2038 6218 12602 26225 2859 4771 2679 0 0 0 0 0 0 0 0 0 0 0 0
INFO:tensorflow:masked_lm_weights: 1.0 1.0 1.0 1.0 1.0 1.0 1.0 1.0 0.0 0.0 0.0 0.0 0.0 0.0 0.0 0.0 0.0 0.0 0.0 0.0
I1103 05:08:12.167696 47966346777664 create_pretraining_data.py:161] masked_lm_weights: 1.0 1.0 1.0 1.0 1.0 1.0 1.0 1.0 0.0 0.0 0.0 0.0 0.0 0.0 0.0 0.0 0.0 0.0 0.0 0.0
INFO:tensorflow:next_sentence_labels: 1
I1103 05:08:12.167793 47966346777664 create_pretraining_data.py:161] next_sentence_labels: 1
INFO:tensorflow:*** Example ***
I1103 05:08:12.168403 47966346777664 create_pretraining_data.py:149] *** Example ***
INFO:tensorflow:tokens: [CLS] لك في مقام ##ات الغلا دار وقص ##ور وما يسكن قصور الغلا غير غالي [SEP] [MASK] مميز مبدع متميز روعه مغرد [MASK] ##الق [MASK] حساب يستحق المتابعه [SEP]
I1103 05:08:12.168528 47966346777664 create_pretraining_data.py:151] tokens: [CLS] لك في مقام ##ات الغلا دار وقص ##ور وما يسكن قصور الغلا غير غالي [SEP] [MASK] مميز مبدع متميز روعه مغرد [MASK] ##الق [MASK] حساب يستحق المتابعه [SEP]
INFO:tensorflow:input_ids: 2 2278 1912 11799 1904 8632 4417 13596 1936 2564 13084 17518 8632 2224 8952 3 4 5342 17093 8687 11573 9529 4 5957 4 3144 4564 7550 3 0 0 0 0 0 0 0 0 0 0 0 0 0 0 0 0 0 0 0 0 0 0 0 0 0 0 0 0 0 0 0 0 0 0 0 0 0 0 0 0 0 0 0 0 0 0 0 0 0 0 0 0 0 0 0 0 0 0 0 0 0 0 0 0 0 0 0 0 0 0 0 0 0 0 0 0 0 0 0 0 0 0 0 0 0 0 0 0 0 0 0 0 0 0 0 0 0 0 0
I1103 05:08:12.168679 47966346777664 create_pretraining_data.py:161] input_ids: 2 2278 1912 11799 1904 8632 4417 13596 1936 2564 13084 17518 8632 2224 8952 3 4 5342 17093 8687 11573 9529 4 5957 4 3144 4564 7550 3 0 0 0 0 0 0 0 0 0 0 0 0 0 0 0 0 0 0 0 0 0 0 0 0 0 0 0 0 0 0 0 0 0 0 0 0 0 0 0 0 0 0 0 0 0 0 0 0 0 0 0 0 0 0 0 0 0 0 0 0 0 0 0 0 0 0 0 0 0 0 0 0 0 0 0 0 0 0 0 0 0 0 0 0 0 0 0 0 0 0 0 0 0 0 0 0 0 0 0
INFO:tensorflow:input_mask: 1 1 1 1 1 1 1 1 1 1 1 1 1 1 1 1 1 1 1 1 1 1 1 1 1 1 1 1 1 0 0 0 0 0 0 0 0 0 0 0 0 0 0 0 0 0 0 0 0 0 0 0 0 0 0 0 0 0 0 0 0 0 0 0 0 0 0 0 0 0 0 0 0 0 0 0 0 0 0 0 0 0 0 0 0 0 0 0 0 0 0 0 0 0 0 0 0 0 0 0 0 0 0 0 0 0 0 0 0 0 0 0 0 0 0 0 0 0 0 0 0 0 0 0 0 0 0 0
I1103 05:08:12.168810 47966346777664 create_pretraining_data.py:161] input_mask: 1 1 1 1 1 1 1 1 1 1 1 1 1 1 1 1 1 1 1 1 1 1 1 1 1 1 1 1 1 0 0 0 0 0 0 0 0 0 0 0 0 0 0 0 0 0 0 0 0 0 0 0 0 0 0 0 0 0 0 0 0 0 0 0 0 0 0 0 0 0 0 0 0 0 0 0 0 0 0 0 0 0 0 0 0 0 0 0 0 0 0 0 0 0 0 0 0 0 0 0 0 0 0 0 0 0 0 0 0 0 0 0 0 0 0 0 0 0 0 0 0 0 0 0 0 0 0 0
INFO:tensorflow:segment_ids: 0 0 0 0 0 0 0 0 0 0 0 0 0 0 0 0 1 1 1 1 1 1 1 1 1 1 1 1 1 0 0 0 0 0 0 0 0 0 0 0 0 0 0 0 0 0 0 0 0 0 0 0 0 0 0 0 0 0 0 0 0 0 0 0 0 0 0 0 0 0 0 0 0 0 0 0 0 0 0 0 0 0 0 0 0 0 0 0 0 0 0 0 0 0 0 0 0 0 0 0 0 0 0 0 0 0 0 0 0 0 0 0 0 0 0 0 0 0 0 0 0 0 0 0 0 0 0 0
I1103 05:08:12.168933 47966346777664 create_pretraining_data.py:161] segment_ids: 0 0 0 0 0 0 0 0 0 0 0 0 0 0 0 0 1 1 1 1 1 1 1 1 1 1 1 1 1 0 0 0 0 0 0 0 0 0 0 0 0 0 0 0 0 0 0 0 0 0 0 0 0 0 0 0 0 0 0 0 0 0 0 0 0 0 0 0 0 0 0 0 0 0 0 0 0 0 0 0 0 0 0 0 0 0 0 0 0 0 0 0 0 0 0 0 0 0 0 0 0 0 0 0 0 0 0 0 0 0 0 0 0 0 0 0 0 0 0 0 0 0 0 0 0 0 0 0
INFO:tensorflow:masked_lm_positions: 16 22 23 24 0 0 0 0 0 0 0 0 0 0 0 0 0 0 0 0
I1103 05:08:12.169026 47966346777664 create_pretraining_data.py:161] masked_lm_positions: 16 22 23 24 0 0 0 0 0 0 0 0 0 0 0 0 0 0 0 0
INFO:tensorflow:masked_lm_ids: 3144 2068 5957 3357 0 0 0 0 0 0 0 0 0 0 0 0 0 0 0 0
I1103 05:08:12.169115 47966346777664 create_pretraining_data.py:161] masked_lm_ids: 3144 2068 5957 3357 0 0 0 0 0 0 0 0 0 0 0 0 0 0 0 0
INFO:tensorflow:masked_lm_weights: 1.0 1.0 1.0 1.0 0.0 0.0 0.0 0.0 0.0 0.0 0.0 0.0 0.0 0.0 0.0 0.0 0.0 0.0 0.0 0.0
I1103 05:08:12.169205 47966346777664 create_pretraining_data.py:161] masked_lm_weights: 1.0 1.0 1.0 1.0 0.0 0.0 0.0 0.0 0.0 0.0 0.0 0.0 0.0 0.0 0.0 0.0 0.0 0.0 0.0 0.0
INFO:tensorflow:next_sentence_labels: 1
I1103 05:08:12.169288 47966346777664 create_pretraining_data.py:161] next_sentence_labels: 1
INFO:tensorflow:*** Example ***
I1103 05:08:12.169903 47966346777664 create_pretraining_data.py:149] *** Example ***
INFO:tensorflow:tokens: [CLS] سي ##زار ##و يعود للتدريب في مركز تدريب المصار ##عين في مدينه [MASK] حديقة [MASK] الامريكيه وانه يتع ##افي بشكل جيد [SEP] المخيم الاماراتي الاردني قال من كان في حاجه اخيه كان الله في حاجته ومن [MASK] عن مسلم [MASK] [MASK] الله عنه بها كربه [MASK] كرب يوم [MASK] [SEP]
I1103 05:08:12.170038 47966346777664 create_pretraining_data.py:151] tokens: [CLS] سي ##زار ##و يعود للتدريب في مركز تدريب المصار ##عين في مدينه [MASK] حديقة [MASK] الامريكيه وانه يتع ##افي بشكل جيد [SEP] المخيم الاماراتي الاردني قال من كان في حاجه اخيه كان الله في حاجته ومن [MASK] عن مسلم [MASK] [MASK] الله عنه بها كربه [MASK] كرب يوم [MASK] [SEP]
INFO:tensorflow:input_ids: 2 2266 14930 1012 5609 19970 1912 3231 8148 11181 2987 1912 6934 4 14164 4 15318 11111 15377 3561 2969 6842 3 20621 17296 17104 2136 1908 2055 1912 3909 26617 2055 1953 1912 24290 2298 4 1955 4123 4 4 1953 2891 2459 27082 4 8977 2232 4 3 0 0 0 0 0 0 0 0 0 0 0 0 0 0 0 0 0 0 0 0 0 0 0 0 0 0 0 0 0 0 0 0 0 0 0 0 0 0 0 0 0 0 0 0 0 0 0 0 0 0 0 0 0 0 0 0 0 0 0 0 0 0 0 0 0 0 0 0 0 0 0 0 0 0 0 0 0
I1103 05:08:12.170196 47966346777664 create_pretraining_data.py:161] input_ids: 2 2266 14930 1012 5609 19970 1912 3231 8148 11181 2987 1912 6934 4 14164 4 15318 11111 15377 3561 2969 6842 3 20621 17296 17104 2136 1908 2055 1912 3909 26617 2055 1953 1912 24290 2298 4 1955 4123 4 4 1953 2891 2459 27082 4 8977 2232 4 3 0 0 0 0 0 0 0 0 0 0 0 0 0 0 0 0 0 0 0 0 0 0 0 0 0 0 0 0 0 0 0 0 0 0 0 0 0 0 0 0 0 0 0 0 0 0 0 0 0 0 0 0 0 0 0 0 0 0 0 0 0 0 0 0 0 0 0 0 0 0 0 0 0 0 0 0 0
INFO:tensorflow:input_mask: 1 1 1 1 1 1 1 1 1 1 1 1 1 1 1 1 1 1 1 1 1 1 1 1 1 1 1 1 1 1 1 1 1 1 1 1 1 1 1 1 1 1 1 1 1 1 1 1 1 1 1 0 0 0 0 0 0 0 0 0 0 0 0 0 0 0 0 0 0 0 0 0 0 0 0 0 0 0 0 0 0 0 0 0 0 0 0 0 0 0 0 0 0 0 0 0 0 0 0 0 0 0 0 0 0 0 0 0 0 0 0 0 0 0 0 0 0 0 0 0 0 0 0 0 0 0 0 0
I1103 05:08:12.170325 47966346777664 create_pretraining_data.py:161] input_mask: 1 1 1 1 1 1 1 1 1 1 1 1 1 1 1 1 1 1 1 1 1 1 1 1 1 1 1 1 1 1 1 1 1 1 1 1 1 1 1 1 1 1 1 1 1 1 1 1 1 1 1 0 0 0 0 0 0 0 0 0 0 0 0 0 0 0 0 0 0 0 0 0 0 0 0 0 0 0 0 0 0 0 0 0 0 0 0 0 0 0 0 0 0 0 0 0 0 0 0 0 0 0 0 0 0 0 0 0 0 0 0 0 0 0 0 0 0 0 0 0 0 0 0 0 0 0 0 0
INFO:tensorflow:segment_ids: 0 0 0 0 0 0 0 0 0 0 0 0 0 0 0 0 0 0 0 0 0 0 0 1 1 1 1 1 1 1 1 1 1 1 1 1 1 1 1 1 1 1 1 1 1 1 1 1 1 1 1 0 0 0 0 0 0 0 0 0 0 0 0 0 0 0 0 0 0 0 0 0 0 0 0 0 0 0 0 0 0 0 0 0 0 0 0 0 0 0 0 0 0 0 0 0 0 0 0 0 0 0 0 0 0 0 0 0 0 0 0 0 0 0 0 0 0 0 0 0 0 0 0 0 0 0 0 0
I1103 05:08:12.170451 47966346777664 create_pretraining_data.py:161] segment_ids: 0 0 0 0 0 0 0 0 0 0 0 0 0 0 0 0 0 0 0 0 0 0 0 1 1 1 1 1 1 1 1 1 1 1 1 1 1 1 1 1 1 1 1 1 1 1 1 1 1 1 1 0 0 0 0 0 0 0 0 0 0 0 0 0 0 0 0 0 0 0 0 0 0 0 0 0 0 0 0 0 0 0 0 0 0 0 0 0 0 0 0 0 0 0 0 0 0 0 0 0 0 0 0 0 0 0 0 0 0 0 0 0 0 0 0 0 0 0 0 0 0 0 0 0 0 0 0 0
INFO:tensorflow:masked_lm_positions: 13 14 15 37 40 41 46 49 0 0 0 0 0 0 0 0 0 0 0 0
I1103 05:08:12.170544 47966346777664 create_pretraining_data.py:161] masked_lm_positions: 13 14 15 37 40 41 46 49 0 0 0 0 0 0 0 0 0 0 0 0
INFO:tensorflow:masked_lm_ids: 10174 6279 1012 5976 27082 5976 1908 8144 0 0 0 0 0 0 0 0 0 0 0 0
I1103 05:08:12.170638 47966346777664 create_pretraining_data.py:161] masked_lm_ids: 10174 6279 1012 5976 27082 5976 1908 8144 0 0 0 0 0 0 0 0 0 0 0 0
INFO:tensorflow:masked_lm_weights: 1.0 1.0 1.0 1.0 1.0 1.0 1.0 1.0 0.0 0.0 0.0 0.0 0.0 0.0 0.0 0.0 0.0 0.0 0.0 0.0
I1103 05:08:12.170731 47966346777664 create_pretraining_data.py:161] masked_lm_weights: 1.0 1.0 1.0 1.0 1.0 1.0 1.0 1.0 0.0 0.0 0.0 0.0 0.0 0.0 0.0 0.0 0.0 0.0 0.0 0.0
INFO:tensorflow:next_sentence_labels: 1
I1103 05:08:12.170813 47966346777664 create_pretraining_data.py:161] next_sentence_labels: 1
INFO:tensorflow:*** Example ***
I1103 05:08:12.171422 47966346777664 create_pretraining_data.py:149] *** Example ***
INFO:tensorflow:tokens: [CLS] يالله توب علينا مضي ##عين وقت ##نا مع شوا [MASK] [MASK] [MASK] ا ##ل سلو ##ل [SEP] زيت ##طالبات الطبيعي للتط ##ويل وتك ##ثيف الشعر ##اك ##تش ##في سرا ##لش ##عر ##الط ##ويل ستح ##صلين شعر [MASK] غز ##ير كث ##يف ونا ##عم واكثر ##صح ##ه [MASK] [SEP]
I1103 05:08:12.171555 47966346777664 create_pretraining_data.py:151] tokens: [CLS] يالله توب علينا مضي ##عين وقت ##نا مع شوا [MASK] [MASK] [MASK] ا ##ل سلو ##ل [SEP] زيت ##طالبات الطبيعي للتط ##ويل وتك ##ثيف الشعر ##اك ##تش ##في سرا ##لش ##عر ##الط ##ويل ستح ##صلين شعر [MASK] غز ##ير كث ##يف ونا ##عم واكثر ##صح ##ه [MASK] [SEP]
INFO:tensorflow:input_ids: 2 5783 9321 3754 10666 2987 2758 1914 1973 15538 4 4 4 387 1010 10420 1010 3 6731 15680 7309 26514 3061 9916 18973 3258 2544 5858 2007 8820 1959 2327 22224 3061 14399 11597 4537 4 9816 1916 4570 2032 4916 2011 10756 5215 1028 4 3 0 0 0 0 0 0 0 0 0 0 0 0 0 0 0 0 0 0 0 0 0 0 0 0 0 0 0 0 0 0 0 0 0 0 0 0 0 0 0 0 0 0 0 0 0 0 0 0 0 0 0 0 0 0 0 0 0 0 0 0 0 0 0 0 0 0 0 0 0 0 0 0 0 0 0 0 0 0 0
I1103 05:08:12.171722 47966346777664 create_pretraining_data.py:161] input_ids: 2 5783 9321 3754 10666 2987 2758 1914 1973 15538 4 4 4 387 1010 10420 1010 3 6731 15680 7309 26514 3061 9916 18973 3258 2544 5858 2007 8820 1959 2327 22224 3061 14399 11597 4537 4 9816 1916 4570 2032 4916 2011 10756 5215 1028 4 3 0 0 0 0 0 0 0 0 0 0 0 0 0 0 0 0 0 0 0 0 0 0 0 0 0 0 0 0 0 0 0 0 0 0 0 0 0 0 0 0 0 0 0 0 0 0 0 0 0 0 0 0 0 0 0 0 0 0 0 0 0 0 0 0 0 0 0 0 0 0 0 0 0 0 0 0 0 0 0
INFO:tensorflow:input_mask: 1 1 1 1 1 1 1 1 1 1 1 1 1 1 1 1 1 1 1 1 1 1 1 1 1 1 1 1 1 1 1 1 1 1 1 1 1 1 1 1 1 1 1 1 1 1 1 1 1 0 0 0 0 0 0 0 0 0 0 0 0 0 0 0 0 0 0 0 0 0 0 0 0 0 0 0 0 0 0 0 0 0 0 0 0 0 0 0 0 0 0 0 0 0 0 0 0 0 0 0 0 0 0 0 0 0 0 0 0 0 0 0 0 0 0 0 0 0 0 0 0 0 0 0 0 0 0 0
I1103 05:08:12.171854 47966346777664 create_pretraining_data.py:161] input_mask: 1 1 1 1 1 1 1 1 1 1 1 1 1 1 1 1 1 1 1 1 1 1 1 1 1 1 1 1 1 1 1 1 1 1 1 1 1 1 1 1 1 1 1 1 1 1 1 1 1 0 0 0 0 0 0 0 0 0 0 0 0 0 0 0 0 0 0 0 0 0 0 0 0 0 0 0 0 0 0 0 0 0 0 0 0 0 0 0 0 0 0 0 0 0 0 0 0 0 0 0 0 0 0 0 0 0 0 0 0 0 0 0 0 0 0 0 0 0 0 0 0 0 0 0 0 0 0 0
INFO:tensorflow:segment_ids: 0 0 0 0 0 0 0 0 0 0 0 0 0 0 0 0 0 0 1 1 1 1 1 1 1 1 1 1 1 1 1 1 1 1 1 1 1 1 1 1 1 1 1 1 1 1 1 1 1 0 0 0 0 0 0 0 0 0 0 0 0 0 0 0 0 0 0 0 0 0 0 0 0 0 0 0 0 0 0 0 0 0 0 0 0 0 0 0 0 0 0 0 0 0 0 0 0 0 0 0 0 0 0 0 0 0 0 0 0 0 0 0 0 0 0 0 0 0 0 0 0 0 0 0 0 0 0 0
I1103 05:08:12.171979 47966346777664 create_pretraining_data.py:161] segment_ids: 0 0 0 0 0 0 0 0 0 0 0 0 0 0 0 0 0 0 1 1 1 1 1 1 1 1 1 1 1 1 1 1 1 1 1 1 1 1 1 1 1 1 1 1 1 1 1 1 1 0 0 0 0 0 0 0 0 0 0 0 0 0 0 0 0 0 0 0 0 0 0 0 0 0 0 0 0 0 0 0 0 0 0 0 0 0 0 0 0 0 0 0 0 0 0 0 0 0 0 0 0 0 0 0 0 0 0 0 0 0 0 0 0 0 0 0 0 0 0 0 0 0 0 0 0 0 0 0
INFO:tensorflow:masked_lm_positions: 9 10 11 12 19 37 47 0 0 0 0 0 0 0 0 0 0 0 0 0
I1103 05:08:12.172073 47966346777664 create_pretraining_data.py:161] masked_lm_positions: 9 10 11 12 19 37 47 0 0 0 0 0 0 0 0 0 0 0 0 0
INFO:tensorflow:masked_lm_ids: 15538 1035 18881 19765 10887 7516 12622 0 0 0 0 0 0 0 0 0 0 0 0 0
I1103 05:08:12.172164 47966346777664 create_pretraining_data.py:161] masked_lm_ids: 15538 1035 18881 19765 10887 7516 12622 0 0 0 0 0 0 0 0 0 0 0 0 0
INFO:tensorflow:masked_lm_weights: 1.0 1.0 1.0 1.0 1.0 1.0 1.0 0.0 0.0 0.0 0.0 0.0 0.0 0.0 0.0 0.0 0.0 0.0 0.0 0.0
I1103 05:08:12.172255 47966346777664 create_pretraining_data.py:161] masked_lm_weights: 1.0 1.0 1.0 1.0 1.0 1.0 1.0 0.0 0.0 0.0 0.0 0.0 0.0 0.0 0.0 0.0 0.0 0.0 0.0 0.0
INFO:tensorflow:next_sentence_labels: 1
I1103 05:08:12.172338 47966346777664 create_pretraining_data.py:161] next_sentence_labels: 1
INFO:tensorflow:*** Example ***
I1103 05:08:12.172942 47966346777664 create_pretraining_data.py:149] *** Example ***
INFO:tensorflow:tokens: [CLS] واعت ##مدن ##ا برنامج ##ا [MASK] [MASK] [MASK] المستشفيات الحكومي ##ه [MASK] معايير مثل اوقات [MASK] ومست ##وي الرضا ونس ##به نجاح العمليات [MASK] [MASK] تقارير التقييم للجمهور [SEP] ##رجو مشعل الاحمد الصباح نائب رئيس الحرس الوطني الرشايده مرب ##يني وعلم ##وني الص ##قار ##ه وعلم ##وني المقا ##ني ##ص [SEP]
I1103 05:08:12.173078 47966346777664 create_pretraining_data.py:151] tokens: [CLS] واعت ##مدن ##ا برنامج ##ا [MASK] [MASK] [MASK] المستشفيات الحكومي ##ه [MASK] معايير مثل اوقات [MASK] ومست ##وي الرضا ونس ##به نجاح العمليات [MASK] [MASK] تقارير التقييم للجمهور [SEP] ##رجو مشعل الاحمد الصباح نائب رئيس الحرس الوطني الرشايده مرب ##يني وعلم ##وني الص ##قار ##ه وعلم ##وني المقا ##ني ##ص [SEP]
INFO:tensorflow:input_ids: 2 5072 25388 1007 3189 1007 4 4 4 12744 10619 1028 4 15156 2546 13327 4 6197 1971 7687 8290 2204 5700 8086 4 4 7148 17627 23762 3 6179 8764 20582 4235 5219 2426 10299 3270 7739 12356 2262 9060 2399 1996 8690 1028 9060 2399 4755 1974 1031 3 0 0 0 0 0 0 0 0 0 0 0 0 0 0 0 0 0 0 0 0 0 0 0 0 0 0 0 0 0 0 0 0 0 0 0 0 0 0 0 0 0 0 0 0 0 0 0 0 0 0 0 0 0 0 0 0 0 0 0 0 0 0 0 0 0 0 0 0 0 0 0 0 0 0 0 0
I1103 05:08:12.173240 47966346777664 create_pretraining_data.py:161] input_ids: 2 5072 25388 1007 3189 1007 4 4 4 12744 10619 1028 4 15156 2546 13327 4 6197 1971 7687 8290 2204 5700 8086 4 4 7148 17627 23762 3 6179 8764 20582 4235 5219 2426 10299 3270 7739 12356 2262 9060 2399 1996 8690 1028 9060 2399 4755 1974 1031 3 0 0 0 0 0 0 0 0 0 0 0 0 0 0 0 0 0 0 0 0 0 0 0 0 0 0 0 0 0 0 0 0 0 0 0 0 0 0 0 0 0 0 0 0 0 0 0 0 0 0 0 0 0 0 0 0 0 0 0 0 0 0 0 0 0 0 0 0 0 0 0 0 0 0 0 0
INFO:tensorflow:input_mask: 1 1 1 1 1 1 1 1 1 1 1 1 1 1 1 1 1 1 1 1 1 1 1 1 1 1 1 1 1 1 1 1 1 1 1 1 1 1 1 1 1 1 1 1 1 1 1 1 1 1 1 1 0 0 0 0 0 0 0 0 0 0 0 0 0 0 0 0 0 0 0 0 0 0 0 0 0 0 0 0 0 0 0 0 0 0 0 0 0 0 0 0 0 0 0 0 0 0 0 0 0 0 0 0 0 0 0 0 0 0 0 0 0 0 0 0 0 0 0 0 0 0 0 0 0 0 0 0
I1103 05:08:12.173372 47966346777664 create_pretraining_data.py:161] input_mask: 1 1 1 1 1 1 1 1 1 1 1 1 1 1 1 1 1 1 1 1 1 1 1 1 1 1 1 1 1 1 1 1 1 1 1 1 1 1 1 1 1 1 1 1 1 1 1 1 1 1 1 1 0 0 0 0 0 0 0 0 0 0 0 0 0 0 0 0 0 0 0 0 0 0 0 0 0 0 0 0 0 0 0 0 0 0 0 0 0 0 0 0 0 0 0 0 0 0 0 0 0 0 0 0 0 0 0 0 0 0 0 0 0 0 0 0 0 0 0 0 0 0 0 0 0 0 0 0
INFO:tensorflow:segment_ids: 0 0 0 0 0 0 0 0 0 0 0 0 0 0 0 0 0 0 0 0 0 0 0 0 0 0 0 0 0 0 1 1 1 1 1 1 1 1 1 1 1 1 1 1 1 1 1 1 1 1 1 1 0 0 0 0 0 0 0 0 0 0 0 0 0 0 0 0 0 0 0 0 0 0 0 0 0 0 0 0 0 0 0 0 0 0 0 0 0 0 0 0 0 0 0 0 0 0 0 0 0 0 0 0 0 0 0 0 0 0 0 0 0 0 0 0 0 0 0 0 0 0 0 0 0 0 0 0
I1103 05:08:12.173500 47966346777664 create_pretraining_data.py:161] segment_ids: 0 0 0 0 0 0 0 0 0 0 0 0 0 0 0 0 0 0 0 0 0 0 0 0 0 0 0 0 0 0 1 1 1 1 1 1 1 1 1 1 1 1 1 1 1 1 1 1 1 1 1 1 0 0 0 0 0 0 0 0 0 0 0 0 0 0 0 0 0 0 0 0 0 0 0 0 0 0 0 0 0 0 0 0 0 0 0 0 0 0 0 0 0 0 0 0 0 0 0 0 0 0 0 0 0 0 0 0 0 0 0 0 0 0 0 0 0 0 0 0 0 0 0 0 0 0 0 0
INFO:tensorflow:masked_lm_positions: 6 7 8 12 16 24 25 30 0 0 0 0 0 0 0 0 0 0 0 0
I1103 05:08:12.173593 47966346777664 create_pretraining_data.py:161] masked_lm_positions: 6 7 8 12 16 24 25 30 0 0 0 0 0 0 0 0 0 0 0 0
INFO:tensorflow:masked_lm_ids: 12866 5222 1015 4863 11374 14169 3449 2702 0 0 0 0 0 0 0 0 0 0 0 0
I1103 05:08:12.173689 47966346777664 create_pretraining_data.py:161] masked_lm_ids: 12866 5222 1015 4863 11374 14169 3449 2702 0 0 0 0 0 0 0 0 0 0 0 0
INFO:tensorflow:masked_lm_weights: 1.0 1.0 1.0 1.0 1.0 1.0 1.0 1.0 0.0 0.0 0.0 0.0 0.0 0.0 0.0 0.0 0.0 0.0 0.0 0.0
I1103 05:08:12.173782 47966346777664 create_pretraining_data.py:161] masked_lm_weights: 1.0 1.0 1.0 1.0 1.0 1.0 1.0 1.0 0.0 0.0 0.0 0.0 0.0 0.0 0.0 0.0 0.0 0.0 0.0 0.0
INFO:tensorflow:next_sentence_labels: 1
I1103 05:08:12.173865 47966346777664 create_pretraining_data.py:161] next_sentence_labels: 1
INFO:tensorflow:*** Example ***
I1103 05:08:12.174459 47966346777664 create_pretraining_data.py:149] *** Example ***
INFO:tensorflow:tokens: [CLS] برنامج الدين [MASK] [MASK] عبير 00 ##ظهر ##ا مع د خالد المصلح لز ##وم الجماع ##ه السابقه [SEP] لكل شيئ بالدنيا ثمن لكن انتبه من محظوظ تدفع ثمن ##ا وزارة منظمات مقابل شيئ رخي ##ص [SEP]
I1103 05:08:12.174586 47966346777664 create_pretraining_data.py:151] tokens: [CLS] برنامج الدين [MASK] [MASK] عبير 00 ##ظهر ##ا مع د خالد المصلح لز ##وم الجماع ##ه السابقه [SEP] لكل شيئ بالدنيا ثمن لكن انتبه من محظوظ تدفع ثمن ##ا وزارة منظمات مقابل شيئ رخي ##ص [SEP]
INFO:tensorflow:input_ids: 2 3189 2825 4 4 18203 4200 3250 1007 1973 395 3627 27354 3983 1967 22312 1028 21423 3 3164 13756 16800 8741 2425 12056 1908 27776 11624 8741 1007 3433 14336 4357 13756 23732 1031 3 0 0 0 0 0 0 0 0 0 0 0 0 0 0 0 0 0 0 0 0 0 0 0 0 0 0 0 0 0 0 0 0 0 0 0 0 0 0 0 0 0 0 0 0 0 0 0 0 0 0 0 0 0 0 0 0 0 0 0 0 0 0 0 0 0 0 0 0 0 0 0 0 0 0 0 0 0 0 0 0 0 0 0 0 0 0 0 0 0 0 0
I1103 05:08:12.174752 47966346777664 create_pretraining_data.py:161] input_ids: 2 3189 2825 4 4 18203 4200 3250 1007 1973 395 3627 27354 3983 1967 22312 1028 21423 3 3164 13756 16800 8741 2425 12056 1908 27776 11624 8741 1007 3433 14336 4357 13756 23732 1031 3 0 0 0 0 0 0 0 0 0 0 0 0 0 0 0 0 0 0 0 0 0 0 0 0 0 0 0 0 0 0 0 0 0 0 0 0 0 0 0 0 0 0 0 0 0 0 0 0 0 0 0 0 0 0 0 0 0 0 0 0 0 0 0 0 0 0 0 0 0 0 0 0 0 0 0 0 0 0 0 0 0 0 0 0 0 0 0 0 0 0 0
INFO:tensorflow:input_mask: 1 1 1 1 1 1 1 1 1 1 1 1 1 1 1 1 1 1 1 1 1 1 1 1 1 1 1 1 1 1 1 1 1 1 1 1 1 0 0 0 0 0 0 0 0 0 0 0 0 0 0 0 0 0 0 0 0 0 0 0 0 0 0 0 0 0 0 0 0 0 0 0 0 0 0 0 0 0 0 0 0 0 0 0 0 0 0 0 0 0 0 0 0 0 0 0 0 0 0 0 0 0 0 0 0 0 0 0 0 0 0 0 0 0 0 0 0 0 0 0 0 0 0 0 0 0 0 0
I1103 05:08:12.174883 47966346777664 create_pretraining_data.py:161] input_mask: 1 1 1 1 1 1 1 1 1 1 1 1 1 1 1 1 1 1 1 1 1 1 1 1 1 1 1 1 1 1 1 1 1 1 1 1 1 0 0 0 0 0 0 0 0 0 0 0 0 0 0 0 0 0 0 0 0 0 0 0 0 0 0 0 0 0 0 0 0 0 0 0 0 0 0 0 0 0 0 0 0 0 0 0 0 0 0 0 0 0 0 0 0 0 0 0 0 0 0 0 0 0 0 0 0 0 0 0 0 0 0 0 0 0 0 0 0 0 0 0 0 0 0 0 0 0 0 0
INFO:tensorflow:segment_ids: 0 0 0 0 0 0 0 0 0 0 0 0 0 0 0 0 0 0 0 1 1 1 1 1 1 1 1 1 1 1 1 1 1 1 1 1 1 0 0 0 0 0 0 0 0 0 0 0 0 0 0 0 0 0 0 0 0 0 0 0 0 0 0 0 0 0 0 0 0 0 0 0 0 0 0 0 0 0 0 0 0 0 0 0 0 0 0 0 0 0 0 0 0 0 0 0 0 0 0 0 0 0 0 0 0 0 0 0 0 0 0 0 0 0 0 0 0 0 0 0 0 0 0 0 0 0 0 0
I1103 05:08:12.175009 47966346777664 create_pretraining_data.py:161] segment_ids: 0 0 0 0 0 0 0 0 0 0 0 0 0 0 0 0 0 0 0 1 1 1 1 1 1 1 1 1 1 1 1 1 1 1 1 1 1 0 0 0 0 0 0 0 0 0 0 0 0 0 0 0 0 0 0 0 0 0 0 0 0 0 0 0 0 0 0 0 0 0 0 0 0 0 0 0 0 0 0 0 0 0 0 0 0 0 0 0 0 0 0 0 0 0 0 0 0 0 0 0 0 0 0 0 0 0 0 0 0 0 0 0 0 0 0 0 0 0 0 0 0 0 0 0 0 0 0 0
INFO:tensorflow:masked_lm_positions: 3 4 5 26 30 31 0 0 0 0 0 0 0 0 0 0 0 0 0 0
I1103 05:08:12.175101 47966346777664 create_pretraining_data.py:161] masked_lm_positions: 3 4 5 26 30 31 0 0 0 0 0 0 0 0 0 0 0 0 0 0
INFO:tensorflow:masked_lm_ids: 23418 2217 1059 1939 8952 1007 0 0 0 0 0 0 0 0 0 0 0 0 0 0
I1103 05:08:12.175191 47966346777664 create_pretraining_data.py:161] masked_lm_ids: 23418 2217 1059 1939 8952 1007 0 0 0 0 0 0 0 0 0 0 0 0 0 0
INFO:tensorflow:masked_lm_weights: 1.0 1.0 1.0 1.0 1.0 1.0 0.0 0.0 0.0 0.0 0.0 0.0 0.0 0.0 0.0 0.0 0.0 0.0 0.0 0.0
I1103 05:08:12.175283 47966346777664 create_pretraining_data.py:161] masked_lm_weights: 1.0 1.0 1.0 1.0 1.0 1.0 0.0 0.0 0.0 0.0 0.0 0.0 0.0 0.0 0.0 0.0 0.0 0.0 0.0 0.0
INFO:tensorflow:next_sentence_labels: 1
I1103 05:08:12.175366 47966346777664 create_pretraining_data.py:161] next_sentence_labels: 1
INFO:tensorflow:*** Example ***
I1103 05:08:12.175971 47966346777664 create_pretraining_data.py:149] *** Example ***
INFO:tensorflow:tokens: [CLS] ان كنت تشعر بالح ##زن اشعر بالفرح وانته ##ي الموضوع هي [MASK] [MASK] [MASK] غام ##بول [SEP] قال تعالي [MASK] الجبال جدد بيض وحم ##ر [MASK] الوان ##ها وغ ##رابي ##ب سود [SEP]
I1103 05:08:12.176101 47966346777664 create_pretraining_data.py:151] tokens: [CLS] ان كنت تشعر بالح ##زن اشعر بالفرح وانته ##ي الموضوع هي [MASK] [MASK] [MASK] غام ##بول [SEP] قال تعالي [MASK] الجبال جدد بيض وحم ##ر [MASK] الوان ##ها وغ ##رابي ##ب سود [SEP]
INFO:tensorflow:input_ids: 2 1939 2678 7551 3712 3104 11547 22168 14490 1013 3394 2247 4 4 4 11853 6139 3 2136 5175 4 12097 11524 12096 11206 1017 4 16990 1913 3781 12353 1045 6077 3 0 0 0 0 0 0 0 0 0 0 0 0 0 0 0 0 0 0 0 0 0 0 0 0 0 0 0 0 0 0 0 0 0 0 0 0 0 0 0 0 0 0 0 0 0 0 0 0 0 0 0 0 0 0 0 0 0 0 0 0 0 0 0 0 0 0 0 0 0 0 0 0 0 0 0 0 0 0 0 0 0 0 0 0 0 0 0 0 0 0 0 0 0 0
I1103 05:08:12.176255 47966346777664 create_pretraining_data.py:161] input_ids: 2 1939 2678 7551 3712 3104 11547 22168 14490 1013 3394 2247 4 4 4 11853 6139 3 2136 5175 4 12097 11524 12096 11206 1017 4 16990 1913 3781 12353 1045 6077 3 0 0 0 0 0 0 0 0 0 0 0 0 0 0 0 0 0 0 0 0 0 0 0 0 0 0 0 0 0 0 0 0 0 0 0 0 0 0 0 0 0 0 0 0 0 0 0 0 0 0 0 0 0 0 0 0 0 0 0 0 0 0 0 0 0 0 0 0 0 0 0 0 0 0 0 0 0 0 0 0 0 0 0 0 0 0 0 0 0 0 0 0 0 0
INFO:tensorflow:input_mask: 1 1 1 1 1 1 1 1 1 1 1 1 1 1 1 1 1 1 1 1 1 1 1 1 1 1 1 1 1 1 1 1 1 1 0 0 0 0 0 0 0 0 0 0 0 0 0 0 0 0 0 0 0 0 0 0 0 0 0 0 0 0 0 0 0 0 0 0 0 0 0 0 0 0 0 0 0 0 0 0 0 0 0 0 0 0 0 0 0 0 0 0 0 0 0 0 0 0 0 0 0 0 0 0 0 0 0 0 0 0 0 0 0 0 0 0 0 0 0 0 0 0 0 0 0 0 0 0
I1103 05:08:12.176386 47966346777664 create_pretraining_data.py:161] input_mask: 1 1 1 1 1 1 1 1 1 1 1 1 1 1 1 1 1 1 1 1 1 1 1 1 1 1 1 1 1 1 1 1 1 1 0 0 0 0 0 0 0 0 0 0 0 0 0 0 0 0 0 0 0 0 0 0 0 0 0 0 0 0 0 0 0 0 0 0 0 0 0 0 0 0 0 0 0 0 0 0 0 0 0 0 0 0 0 0 0 0 0 0 0 0 0 0 0 0 0 0 0 0 0 0 0 0 0 0 0 0 0 0 0 0 0 0 0 0 0 0 0 0 0 0 0 0 0 0
INFO:tensorflow:segment_ids: 0 0 0 0 0 0 0 0 0 0 0 0 0 0 0 0 0 0 1 1 1 1 1 1 1 1 1 1 1 1 1 1 1 1 0 0 0 0 0 0 0 0 0 0 0 0 0 0 0 0 0 0 0 0 0 0 0 0 0 0 0 0 0 0 0 0 0 0 0 0 0 0 0 0 0 0 0 0 0 0 0 0 0 0 0 0 0 0 0 0 0 0 0 0 0 0 0 0 0 0 0 0 0 0 0 0 0 0 0 0 0 0 0 0 0 0 0 0 0 0 0 0 0 0 0 0 0 0
I1103 05:08:12.176509 47966346777664 create_pretraining_data.py:161] segment_ids: 0 0 0 0 0 0 0 0 0 0 0 0 0 0 0 0 0 0 1 1 1 1 1 1 1 1 1 1 1 1 1 1 1 1 0 0 0 0 0 0 0 0 0 0 0 0 0 0 0 0 0 0 0 0 0 0 0 0 0 0 0 0 0 0 0 0 0 0 0 0 0 0 0 0 0 0 0 0 0 0 0 0 0 0 0 0 0 0 0 0 0 0 0 0 0 0 0 0 0 0 0 0 0 0 0 0 0 0 0 0 0 0 0 0 0 0 0 0 0 0 0 0 0 0 0 0 0 0
INFO:tensorflow:masked_lm_positions: 12 13 14 20 26 0 0 0 0 0 0 0 0 0 0 0 0 0 0 0
I1103 05:08:12.176599 47966346777664 create_pretraining_data.py:161] masked_lm_positions: 12 13 14 20 26 0 0 0 0 0 0 0 0 0 0 0 0 0 0 0
INFO:tensorflow:masked_lm_ids: 5278 3156 4618 2298 3264 0 0 0 0 0 0 0 0 0 0 0 0 0 0 0
I1103 05:08:12.176695 47966346777664 create_pretraining_data.py:161] masked_lm_ids: 5278 3156 4618 2298 3264 0 0 0 0 0 0 0 0 0 0 0 0 0 0 0
INFO:tensorflow:masked_lm_weights: 1.0 1.0 1.0 1.0 1.0 0.0 0.0 0.0 0.0 0.0 0.0 0.0 0.0 0.0 0.0 0.0 0.0 0.0 0.0 0.0
I1103 05:08:12.176787 47966346777664 create_pretraining_data.py:161] masked_lm_weights: 1.0 1.0 1.0 1.0 1.0 0.0 0.0 0.0 0.0 0.0 0.0 0.0 0.0 0.0 0.0 0.0 0.0 0.0 0.0 0.0
INFO:tensorflow:next_sentence_labels: 1
I1103 05:08:12.176869 47966346777664 create_pretraining_data.py:161] next_sentence_labels: 1
INFO:tensorflow:*** Example ***
I1103 05:08:12.177457 47966346777664 create_pretraining_data.py:149] *** Example ***
INFO:tensorflow:tokens: [CLS] عايش رت ##ابه [MASK] والدا ##خل [MASK] [MASK] ضجيج مزع ##ج ساكن بشخص هادي [SEP] لم يعد الموت مر ##عب ##ا ف الحياه اشد رعب ##ا العيب [SEP]
I1103 05:08:12.177583 47966346777664 create_pretraining_data.py:151] tokens: [CLS] عايش رت ##ابه [MASK] والدا ##خل [MASK] [MASK] ضجيج مزع ##ج ساكن بشخص هادي [SEP] لم يعد الموت مر ##عب ##ا ف الحياه اشد رعب ##ا العيب [SEP]
INFO:tensorflow:input_ids: 2 13403 9553 2738 4 22886 2325 4 4 24610 26093 1041 20880 13010 9087 3 2043 4544 4295 2964 2123 1007 408 3014 10091 19386 1007 16525 3 0 0 0 0 0 0 0 0 0 0 0 0 0 0 0 0 0 0 0 0 0 0 0 0 0 0 0 0 0 0 0 0 0 0 0 0 0 0 0 0 0 0 0 0 0 0 0 0 0 0 0 0 0 0 0 0 0 0 0 0 0 0 0 0 0 0 0 0 0 0 0 0 0 0 0 0 0 0 0 0 0 0 0 0 0 0 0 0 0 0 0 0 0 0 0 0 0 0 0
I1103 05:08:12.177728 47966346777664 create_pretraining_data.py:161] input_ids: 2 13403 9553 2738 4 22886 2325 4 4 24610 26093 1041 20880 13010 9087 3 2043 4544 4295 2964 2123 1007 408 3014 10091 19386 1007 16525 3 0 0 0 0 0 0 0 0 0 0 0 0 0 0 0 0 0 0 0 0 0 0 0 0 0 0 0 0 0 0 0 0 0 0 0 0 0 0 0 0 0 0 0 0 0 0 0 0 0 0 0 0 0 0 0 0 0 0 0 0 0 0 0 0 0 0 0 0 0 0 0 0 0 0 0 0 0 0 0 0 0 0 0 0 0 0 0 0 0 0 0 0 0 0 0 0 0 0 0
INFO:tensorflow:input_mask: 1 1 1 1 1 1 1 1 1 1 1 1 1 1 1 1 1 1 1 1 1 1 1 1 1 1 1 1 1 0 0 0 0 0 0 0 0 0 0 0 0 0 0 0 0 0 0 0 0 0 0 0 0 0 0 0 0 0 0 0 0 0 0 0 0 0 0 0 0 0 0 0 0 0 0 0 0 0 0 0 0 0 0 0 0 0 0 0 0 0 0 0 0 0 0 0 0 0 0 0 0 0 0 0 0 0 0 0 0 0 0 0 0 0 0 0 0 0 0 0 0 0 0 0 0 0 0 0
I1103 05:08:12.177869 47966346777664 create_pretraining_data.py:161] input_mask: 1 1 1 1 1 1 1 1 1 1 1 1 1 1 1 1 1 1 1 1 1 1 1 1 1 1 1 1 1 0 0 0 0 0 0 0 0 0 0 0 0 0 0 0 0 0 0 0 0 0 0 0 0 0 0 0 0 0 0 0 0 0 0 0 0 0 0 0 0 0 0 0 0 0 0 0 0 0 0 0 0 0 0 0 0 0 0 0 0 0 0 0 0 0 0 0 0 0 0 0 0 0 0 0 0 0 0 0 0 0 0 0 0 0 0 0 0 0 0 0 0 0 0 0 0 0 0 0
INFO:tensorflow:segment_ids: 0 0 0 0 0 0 0 0 0 0 0 0 0 0 0 0 1 1 1 1 1 1 1 1 1 1 1 1 1 0 0 0 0 0 0 0 0 0 0 0 0 0 0 0 0 0 0 0 0 0 0 0 0 0 0 0 0 0 0 0 0 0 0 0 0 0 0 0 0 0 0 0 0 0 0 0 0 0 0 0 0 0 0 0 0 0 0 0 0 0 0 0 0 0 0 0 0 0 0 0 0 0 0 0 0 0 0 0 0 0 0 0 0 0 0 0 0 0 0 0 0 0 0 0 0 0 0 0
I1103 05:08:12.177992 47966346777664 create_pretraining_data.py:161] segment_ids: 0 0 0 0 0 0 0 0 0 0 0 0 0 0 0 0 1 1 1 1 1 1 1 1 1 1 1 1 1 0 0 0 0 0 0 0 0 0 0 0 0 0 0 0 0 0 0 0 0 0 0 0 0 0 0 0 0 0 0 0 0 0 0 0 0 0 0 0 0 0 0 0 0 0 0 0 0 0 0 0 0 0 0 0 0 0 0 0 0 0 0 0 0 0 0 0 0 0 0 0 0 0 0 0 0 0 0 0 0 0 0 0 0 0 0 0 0 0 0 0 0 0 0 0 0 0 0 0
INFO:tensorflow:masked_lm_positions: 4 7 8 27 0 0 0 0 0 0 0 0 0 0 0 0 0 0 0 0
I1103 05:08:12.178083 47966346777664 create_pretraining_data.py:161] masked_lm_positions: 4 7 8 27 0 0 0 0 0 0 0 0 0 0 0 0 0 0 0 0
INFO:tensorflow:masked_lm_ids: 4814 5373 1936 25899 0 0 0 0 0 0 0 0 0 0 0 0 0 0 0 0
I1103 05:08:12.178171 47966346777664 create_pretraining_data.py:161] masked_lm_ids: 4814 5373 1936 25899 0 0 0 0 0 0 0 0 0 0 0 0 0 0 0 0
INFO:tensorflow:masked_lm_weights: 1.0 1.0 1.0 1.0 0.0 0.0 0.0 0.0 0.0 0.0 0.0 0.0 0.0 0.0 0.0 0.0 0.0 0.0 0.0 0.0
I1103 05:08:12.178261 47966346777664 create_pretraining_data.py:161] masked_lm_weights: 1.0 1.0 1.0 1.0 0.0 0.0 0.0 0.0 0.0 0.0 0.0 0.0 0.0 0.0 0.0 0.0 0.0 0.0 0.0 0.0
INFO:tensorflow:next_sentence_labels: 1
I1103 05:08:12.178344 47966346777664 create_pretraining_data.py:161] next_sentence_labels: 1
INFO:tensorflow:*** Example ***
I1103 05:08:12.178926 47966346777664 create_pretraining_data.py:149] *** Example ***
INFO:tensorflow:tokens: [CLS] سبحان [MASK] اذا [MASK] [MASK] و ان شكر ##ته زاد ##ك و ان توكلت عليه كفاك سبحان الله وبحمده سبحان الله العظيم [SEP] انشر غيرك ##اءل يعرف [SEP]
I1103 05:08:12.179052 47966346777664 create_pretraining_data.py:151] tokens: [CLS] سبحان [MASK] اذا [MASK] [MASK] و ان شكر ##ته زاد ##ك و ان توكلت عليه كفاك سبحان الله وبحمده سبحان الله العظيم [SEP] انشر غيرك ##اءل يعرف [SEP]
INFO:tensorflow:input_ids: 2 2575 4 2387 4 4 415 1939 6658 2076 6320 1014 415 1939 10699 2181 25700 2575 1953 4276 2575 1953 3049 3 14608 5123 29060 3825 3 0 0 0 0 0 0 0 0 0 0 0 0 0 0 0 0 0 0 0 0 0 0 0 0 0 0 0 0 0 0 0 0 0 0 0 0 0 0 0 0 0 0 0 0 0 0 0 0 0 0 0 0 0 0 0 0 0 0 0 0 0 0 0 0 0 0 0 0 0 0 0 0 0 0 0 0 0 0 0 0 0 0 0 0 0 0 0 0 0 0 0 0 0 0 0 0 0 0 0
I1103 05:08:12.179188 47966346777664 create_pretraining_data.py:161] input_ids: 2 2575 4 2387 4 4 415 1939 6658 2076 6320 1014 415 1939 10699 2181 25700 2575 1953 4276 2575 1953 3049 3 14608 5123 29060 3825 3 0 0 0 0 0 0 0 0 0 0 0 0 0 0 0 0 0 0 0 0 0 0 0 0 0 0 0 0 0 0 0 0 0 0 0 0 0 0 0 0 0 0 0 0 0 0 0 0 0 0 0 0 0 0 0 0 0 0 0 0 0 0 0 0 0 0 0 0 0 0 0 0 0 0 0 0 0 0 0 0 0 0 0 0 0 0 0 0 0 0 0 0 0 0 0 0 0 0 0
INFO:tensorflow:input_mask: 1 1 1 1 1 1 1 1 1 1 1 1 1 1 1 1 1 1 1 1 1 1 1 1 1 1 1 1 1 0 0 0 0 0 0 0 0 0 0 0 0 0 0 0 0 0 0 0 0 0 0 0 0 0 0 0 0 0 0 0 0 0 0 0 0 0 0 0 0 0 0 0 0 0 0 0 0 0 0 0 0 0 0 0 0 0 0 0 0 0 0 0 0 0 0 0 0 0 0 0 0 0 0 0 0 0 0 0 0 0 0 0 0 0 0 0 0 0 0 0 0 0 0 0 0 0 0 0
I1103 05:08:12.179313 47966346777664 create_pretraining_data.py:161] input_mask: 1 1 1 1 1 1 1 1 1 1 1 1 1 1 1 1 1 1 1 1 1 1 1 1 1 1 1 1 1 0 0 0 0 0 0 0 0 0 0 0 0 0 0 0 0 0 0 0 0 0 0 0 0 0 0 0 0 0 0 0 0 0 0 0 0 0 0 0 0 0 0 0 0 0 0 0 0 0 0 0 0 0 0 0 0 0 0 0 0 0 0 0 0 0 0 0 0 0 0 0 0 0 0 0 0 0 0 0 0 0 0 0 0 0 0 0 0 0 0 0 0 0 0 0 0 0 0 0
INFO:tensorflow:segment_ids: 0 0 0 0 0 0 0 0 0 0 0 0 0 0 0 0 0 0 0 0 0 0 0 0 1 1 1 1 1 0 0 0 0 0 0 0 0 0 0 0 0 0 0 0 0 0 0 0 0 0 0 0 0 0 0 0 0 0 0 0 0 0 0 0 0 0 0 0 0 0 0 0 0 0 0 0 0 0 0 0 0 0 0 0 0 0 0 0 0 0 0 0 0 0 0 0 0 0 0 0 0 0 0 0 0 0 0 0 0 0 0 0 0 0 0 0 0 0 0 0 0 0 0 0 0 0 0 0
I1103 05:08:12.179449 47966346777664 create_pretraining_data.py:161] segment_ids: 0 0 0 0 0 0 0 0 0 0 0 0 0 0 0 0 0 0 0 0 0 0 0 0 1 1 1 1 1 0 0 0 0 0 0 0 0 0 0 0 0 0 0 0 0 0 0 0 0 0 0 0 0 0 0 0 0 0 0 0 0 0 0 0 0 0 0 0 0 0 0 0 0 0 0 0 0 0 0 0 0 0 0 0 0 0 0 0 0 0 0 0 0 0 0 0 0 0 0 0 0 0 0 0 0 0 0 0 0 0 0 0 0 0 0 0 0 0 0 0 0 0 0 0 0 0 0 0
INFO:tensorflow:masked_lm_positions: 2 4 5 26 0 0 0 0 0 0 0 0 0 0 0 0 0 0 0 0
I1103 05:08:12.179541 47966346777664 create_pretraining_data.py:161] masked_lm_positions: 2 4 5 26 0 0 0 0 0 0 0 0 0 0 0 0 0 0 0 0
INFO:tensorflow:masked_lm_ids: 2130 17807 11665 1972 0 0 0 0 0 0 0 0 0 0 0 0 0 0 0 0
I1103 05:08:12.179635 47966346777664 create_pretraining_data.py:161] masked_lm_ids: 2130 17807 11665 1972 0 0 0 0 0 0 0 0 0 0 0 0 0 0 0 0
INFO:tensorflow:masked_lm_weights: 1.0 1.0 1.0 1.0 0.0 0.0 0.0 0.0 0.0 0.0 0.0 0.0 0.0 0.0 0.0 0.0 0.0 0.0 0.0 0.0
I1103 05:08:12.179727 47966346777664 create_pretraining_data.py:161] masked_lm_weights: 1.0 1.0 1.0 1.0 0.0 0.0 0.0 0.0 0.0 0.0 0.0 0.0 0.0 0.0 0.0 0.0 0.0 0.0 0.0 0.0
INFO:tensorflow:next_sentence_labels: 1
I1103 05:08:12.179810 47966346777664 create_pretraining_data.py:161] next_sentence_labels: 1
INFO:tensorflow:*** Example ***
I1103 05:08:12.180411 47966346777664 create_pretraining_data.py:149] *** Example ***
INFO:tensorflow:tokens: [CLS] من فكلما المبالغ ##ه كيف الناس الي حولك قادرين يتج ##اهل ##ون الجمال الموجود ف عيونك [SEP] يارب رحمتك [MASK] الموت [MASK] [MASK] قبل الكف ##ن والن ##عش والق ##بر وحس ##اب اغفر لي ذنوبي ولا تجعلني العو ##ب للنفس واب ##ليس [MASK] [MASK] واح ##زاب [SEP]
I1103 05:08:12.180544 47966346777664 create_pretraining_data.py:151] tokens: [CLS] من فكلما المبالغ ##ه كيف الناس الي حولك قادرين يتج ##اهل ##ون الجمال الموجود ف عيونك [SEP] يارب رحمتك [MASK] الموت [MASK] [MASK] قبل الكف ##ن والن ##عش والق ##بر وحس ##اب اغفر لي ذنوبي ولا تجعلني العو ##ب للنفس واب ##ليس [MASK] [MASK] واح ##زاب [SEP]
INFO:tensorflow:input_ids: 2 1908 25957 16316 1028 2746 2397 2002 9316 22709 15705 3953 1922 5886 9840 408 7626 3 2856 10105 4 4295 4 4 2289 16150 1006 3006 15314 3309 1997 26419 1933 5124 2134 17494 2086 17523 15856 1045 29958 3283 7467 4 4 4042 5852 3 0 0 0 0 0 0 0 0 0 0 0 0 0 0 0 0 0 0 0 0 0 0 0 0 0 0 0 0 0 0 0 0 0 0 0 0 0 0 0 0 0 0 0 0 0 0 0 0 0 0 0 0 0 0 0 0 0 0 0 0 0 0 0 0 0 0 0 0 0 0 0 0 0 0 0 0 0 0 0 0
I1103 05:08:12.180693 47966346777664 create_pretraining_data.py:161] input_ids: 2 1908 25957 16316 1028 2746 2397 2002 9316 22709 15705 3953 1922 5886 9840 408 7626 3 2856 10105 4 4295 4 4 2289 16150 1006 3006 15314 3309 1997 26419 1933 5124 2134 17494 2086 17523 15856 1045 29958 3283 7467 4 4 4042 5852 3 0 0 0 0 0 0 0 0 0 0 0 0 0 0 0 0 0 0 0 0 0 0 0 0 0 0 0 0 0 0 0 0 0 0 0 0 0 0 0 0 0 0 0 0 0 0 0 0 0 0 0 0 0 0 0 0 0 0 0 0 0 0 0 0 0 0 0 0 0 0 0 0 0 0 0 0 0 0 0 0
INFO:tensorflow:input_mask: 1 1 1 1 1 1 1 1 1 1 1 1 1 1 1 1 1 1 1 1 1 1 1 1 1 1 1 1 1 1 1 1 1 1 1 1 1 1 1 1 1 1 1 1 1 1 1 1 0 0 0 0 0 0 0 0 0 0 0 0 0 0 0 0 0 0 0 0 0 0 0 0 0 0 0 0 0 0 0 0 0 0 0 0 0 0 0 0 0 0 0 0 0 0 0 0 0 0 0 0 0 0 0 0 0 0 0 0 0 0 0 0 0 0 0 0 0 0 0 0 0 0 0 0 0 0 0 0
I1103 05:08:12.180824 47966346777664 create_pretraining_data.py:161] input_mask: 1 1 1 1 1 1 1 1 1 1 1 1 1 1 1 1 1 1 1 1 1 1 1 1 1 1 1 1 1 1 1 1 1 1 1 1 1 1 1 1 1 1 1 1 1 1 1 1 0 0 0 0 0 0 0 0 0 0 0 0 0 0 0 0 0 0 0 0 0 0 0 0 0 0 0 0 0 0 0 0 0 0 0 0 0 0 0 0 0 0 0 0 0 0 0 0 0 0 0 0 0 0 0 0 0 0 0 0 0 0 0 0 0 0 0 0 0 0 0 0 0 0 0 0 0 0 0 0
INFO:tensorflow:segment_ids: 0 0 0 0 0 0 0 0 0 0 0 0 0 0 0 0 0 0 1 1 1 1 1 1 1 1 1 1 1 1 1 1 1 1 1 1 1 1 1 1 1 1 1 1 1 1 1 1 0 0 0 0 0 0 0 0 0 0 0 0 0 0 0 0 0 0 0 0 0 0 0 0 0 0 0 0 0 0 0 0 0 0 0 0 0 0 0 0 0 0 0 0 0 0 0 0 0 0 0 0 0 0 0 0 0 0 0 0 0 0 0 0 0 0 0 0 0 0 0 0 0 0 0 0 0 0 0 0
I1103 05:08:12.180966 47966346777664 create_pretraining_data.py:161] segment_ids: 0 0 0 0 0 0 0 0 0 0 0 0 0 0 0 0 0 0 1 1 1 1 1 1 1 1 1 1 1 1 1 1 1 1 1 1 1 1 1 1 1 1 1 1 1 1 1 1 0 0 0 0 0 0 0 0 0 0 0 0 0 0 0 0 0 0 0 0 0 0 0 0 0 0 0 0 0 0 0 0 0 0 0 0 0 0 0 0 0 0 0 0 0 0 0 0 0 0 0 0 0 0 0 0 0 0 0 0 0 0 0 0 0 0 0 0 0 0 0 0 0 0 0 0 0 0 0 0
INFO:tensorflow:masked_lm_positions: 2 20 22 23 24 43 44 0 0 0 0 0 0 0 0 0 0 0 0 0
I1103 05:08:12.181060 47966346777664 create_pretraining_data.py:161] masked_lm_positions: 2 20 22 23 24 43 44 0 0 0 0 0 0 0 0 0 0 0 0 0
INFO:tensorflow:masked_lm_ids: 3153 2289 13452 2058 2289 19282 3779 0 0 0 0 0 0 0 0 0 0 0 0 0
I1103 05:08:12.181150 47966346777664 create_pretraining_data.py:161] masked_lm_ids: 3153 2289 13452 2058 2289 19282 3779 0 0 0 0 0 0 0 0 0 0 0 0 0
INFO:tensorflow:masked_lm_weights: 1.0 1.0 1.0 1.0 1.0 1.0 1.0 0.0 0.0 0.0 0.0 0.0 0.0 0.0 0.0 0.0 0.0 0.0 0.0 0.0
I1103 05:08:12.181242 47966346777664 create_pretraining_data.py:161] masked_lm_weights: 1.0 1.0 1.0 1.0 1.0 1.0 1.0 0.0 0.0 0.0 0.0 0.0 0.0 0.0 0.0 0.0 0.0 0.0 0.0 0.0
INFO:tensorflow:next_sentence_labels: 1
I1103 05:08:12.181324 47966346777664 create_pretraining_data.py:161] next_sentence_labels: 1
INFO:tensorflow:*** Example ***
I1103 05:08:12.181916 47966346777664 create_pretraining_data.py:149] *** Example ***
INFO:tensorflow:tokens: [CLS] هناك امراه ادي ##ن الافضل ب سعادتي ف يارب [MASK] لها ملائ ##كه تحمي ##ها في كل حين [MASK] [SEP] اصنع اللحظات [MASK] لا تنتظر ##ها [SEP]
I1103 05:08:12.182043 47966346777664 create_pretraining_data.py:151] tokens: [CLS] هناك امراه ادي ##ن الافضل ب سعادتي ف يارب [MASK] لها ملائ ##كه تحمي ##ها في كل حين [MASK] [SEP] اصنع اللحظات [MASK] لا تنتظر ##ها [SEP]
INFO:tensorflow:input_ids: 2 2671 10351 19154 1006 8315 388 17615 408 2856 4 2553 12967 4246 21246 1913 1912 2038 2823 4 3 24544 13757 4 1963 9472 1913 3 0 0 0 0 0 0 0 0 0 0 0 0 0 0 0 0 0 0 0 0 0 0 0 0 0 0 0 0 0 0 0 0 0 0 0 0 0 0 0 0 0 0 0 0 0 0 0 0 0 0 0 0 0 0 0 0 0 0 0 0 0 0 0 0 0 0 0 0 0 0 0 0 0 0 0 0 0 0 0 0 0 0 0 0 0 0 0 0 0 0 0 0 0 0 0 0 0 0 0 0
I1103 05:08:12.182183 47966346777664 create_pretraining_data.py:161] input_ids: 2 2671 10351 19154 1006 8315 388 17615 408 2856 4 2553 12967 4246 21246 1913 1912 2038 2823 4 3 24544 13757 4 1963 9472 1913 3 0 0 0 0 0 0 0 0 0 0 0 0 0 0 0 0 0 0 0 0 0 0 0 0 0 0 0 0 0 0 0 0 0 0 0 0 0 0 0 0 0 0 0 0 0 0 0 0 0 0 0 0 0 0 0 0 0 0 0 0 0 0 0 0 0 0 0 0 0 0 0 0 0 0 0 0 0 0 0 0 0 0 0 0 0 0 0 0 0 0 0 0 0 0 0 0 0 0 0 0
INFO:tensorflow:input_mask: 1 1 1 1 1 1 1 1 1 1 1 1 1 1 1 1 1 1 1 1 1 1 1 1 1 1 1 1 0 0 0 0 0 0 0 0 0 0 0 0 0 0 0 0 0 0 0 0 0 0 0 0 0 0 0 0 0 0 0 0 0 0 0 0 0 0 0 0 0 0 0 0 0 0 0 0 0 0 0 0 0 0 0 0 0 0 0 0 0 0 0 0 0 0 0 0 0 0 0 0 0 0 0 0 0 0 0 0 0 0 0 0 0 0 0 0 0 0 0 0 0 0 0 0 0 0 0 0
I1103 05:08:12.182312 47966346777664 create_pretraining_data.py:161] input_mask: 1 1 1 1 1 1 1 1 1 1 1 1 1 1 1 1 1 1 1 1 1 1 1 1 1 1 1 1 0 0 0 0 0 0 0 0 0 0 0 0 0 0 0 0 0 0 0 0 0 0 0 0 0 0 0 0 0 0 0 0 0 0 0 0 0 0 0 0 0 0 0 0 0 0 0 0 0 0 0 0 0 0 0 0 0 0 0 0 0 0 0 0 0 0 0 0 0 0 0 0 0 0 0 0 0 0 0 0 0 0 0 0 0 0 0 0 0 0 0 0 0 0 0 0 0 0 0 0
INFO:tensorflow:segment_ids: 0 0 0 0 0 0 0 0 0 0 0 0 0 0 0 0 0 0 0 0 0 1 1 1 1 1 1 1 0 0 0 0 0 0 0 0 0 0 0 0 0 0 0 0 0 0 0 0 0 0 0 0 0 0 0 0 0 0 0 0 0 0 0 0 0 0 0 0 0 0 0 0 0 0 0 0 0 0 0 0 0 0 0 0 0 0 0 0 0 0 0 0 0 0 0 0 0 0 0 0 0 0 0 0 0 0 0 0 0 0 0 0 0 0 0 0 0 0 0 0 0 0 0 0 0 0 0 0
I1103 05:08:12.182435 47966346777664 create_pretraining_data.py:161] segment_ids: 0 0 0 0 0 0 0 0 0 0 0 0 0 0 0 0 0 0 0 0 0 1 1 1 1 1 1 1 0 0 0 0 0 0 0 0 0 0 0 0 0 0 0 0 0 0 0 0 0 0 0 0 0 0 0 0 0 0 0 0 0 0 0 0 0 0 0 0 0 0 0 0 0 0 0 0 0 0 0 0 0 0 0 0 0 0 0 0 0 0 0 0 0 0 0 0 0 0 0 0 0 0 0 0 0 0 0 0 0 0 0 0 0 0 0 0 0 0 0 0 0 0 0 0 0 0 0 0
INFO:tensorflow:masked_lm_positions: 5 10 19 23 0 0 0 0 0 0 0 0 0 0 0 0 0 0 0 0
I1103 05:08:12.182543 47966346777664 create_pretraining_data.py:161] masked_lm_positions: 5 10 19 23 0 0 0 0 0 0 0 0 0 0 0 0 0 0 0 0
INFO:tensorflow:masked_lm_ids: 2553 12312 4372 8982 0 0 0 0 0 0 0 0 0 0 0 0 0 0 0 0
I1103 05:08:12.182640 47966346777664 create_pretraining_data.py:161] masked_lm_ids: 2553 12312 4372 8982 0 0 0 0 0 0 0 0 0 0 0 0 0 0 0 0
INFO:tensorflow:masked_lm_weights: 1.0 1.0 1.0 1.0 0.0 0.0 0.0 0.0 0.0 0.0 0.0 0.0 0.0 0.0 0.0 0.0 0.0 0.0 0.0 0.0
I1103 05:08:12.182732 47966346777664 create_pretraining_data.py:161] masked_lm_weights: 1.0 1.0 1.0 1.0 0.0 0.0 0.0 0.0 0.0 0.0 0.0 0.0 0.0 0.0 0.0 0.0 0.0 0.0 0.0 0.0
INFO:tensorflow:next_sentence_labels: 1
I1103 05:08:12.182815 47966346777664 create_pretraining_data.py:161] next_sentence_labels: 1
INFO:tensorflow:*** Example ***
I1103 05:08:12.183414 47966346777664 create_pretraining_data.py:149] *** Example ***
INFO:tensorflow:tokens: [CLS] حكم الاست ##خار ##ه للح ##ج اذا ##كان واجب ##ا فلا ##يج ##وز ان يصلي صلاه [MASK] [MASK] ##ه لانه لابد ان يح ##ج [MASK] ان اداء ##الف ##ريضه يجب [MASK] الفور فتاوي الحج والعمر ##ه ##1 26 [SEP] القوانين الجديده اللي يقطع الاش ##اره [MASK] ##ط التكن بالنا ##ر [SEP]
I1103 05:08:12.183551 47966346777664 create_pretraining_data.py:151] tokens: [CLS] حكم الاست ##خار ##ه للح ##ج اذا ##كان واجب ##ا فلا ##يج ##وز ان يصلي صلاه [MASK] [MASK] ##ه لانه لابد ان يح ##ج [MASK] ان اداء ##الف ##ريضه يجب [MASK] الفور فتاوي الحج والعمر ##ه ##1 26 [SEP] القوانين الجديده اللي يقطع الاش ##اره [MASK] ##ط التكن بالنا ##ر [SEP]
INFO:tensorflow:input_ids: 2 3904 2320 21653 1028 2773 1041 2387 2179 9187 1007 2828 2853 2183 1939 11937 5094 4 4 1028 5371 7489 1939 2410 1041 4 1939 9294 2681 23016 3163 4 7802 27856 5616 23998 1028 1029 4547 3 8993 10304 2115 13705 3358 2418 4 1040 12195 15326 1017 3 0 0 0 0 0 0 0 0 0 0 0 0 0 0 0 0 0 0 0 0 0 0 0 0 0 0 0 0 0 0 0 0 0 0 0 0 0 0 0 0 0 0 0 0 0 0 0 0 0 0 0 0 0 0 0 0 0 0 0 0 0 0 0 0 0 0 0 0 0 0 0 0 0 0 0 0
I1103 05:08:12.183703 47966346777664 create_pretraining_data.py:161] input_ids: 2 3904 2320 21653 1028 2773 1041 2387 2179 9187 1007 2828 2853 2183 1939 11937 5094 4 4 1028 5371 7489 1939 2410 1041 4 1939 9294 2681 23016 3163 4 7802 27856 5616 23998 1028 1029 4547 3 8993 10304 2115 13705 3358 2418 4 1040 12195 15326 1017 3 0 0 0 0 0 0 0 0 0 0 0 0 0 0 0 0 0 0 0 0 0 0 0 0 0 0 0 0 0 0 0 0 0 0 0 0 0 0 0 0 0 0 0 0 0 0 0 0 0 0 0 0 0 0 0 0 0 0 0 0 0 0 0 0 0 0 0 0 0 0 0 0 0 0 0 0
INFO:tensorflow:input_mask: 1 1 1 1 1 1 1 1 1 1 1 1 1 1 1 1 1 1 1 1 1 1 1 1 1 1 1 1 1 1 1 1 1 1 1 1 1 1 1 1 1 1 1 1 1 1 1 1 1 1 1 1 0 0 0 0 0 0 0 0 0 0 0 0 0 0 0 0 0 0 0 0 0 0 0 0 0 0 0 0 0 0 0 0 0 0 0 0 0 0 0 0 0 0 0 0 0 0 0 0 0 0 0 0 0 0 0 0 0 0 0 0 0 0 0 0 0 0 0 0 0 0 0 0 0 0 0 0
I1103 05:08:12.183831 47966346777664 create_pretraining_data.py:161] input_mask: 1 1 1 1 1 1 1 1 1 1 1 1 1 1 1 1 1 1 1 1 1 1 1 1 1 1 1 1 1 1 1 1 1 1 1 1 1 1 1 1 1 1 1 1 1 1 1 1 1 1 1 1 0 0 0 0 0 0 0 0 0 0 0 0 0 0 0 0 0 0 0 0 0 0 0 0 0 0 0 0 0 0 0 0 0 0 0 0 0 0 0 0 0 0 0 0 0 0 0 0 0 0 0 0 0 0 0 0 0 0 0 0 0 0 0 0 0 0 0 0 0 0 0 0 0 0 0 0
INFO:tensorflow:segment_ids: 0 0 0 0 0 0 0 0 0 0 0 0 0 0 0 0 0 0 0 0 0 0 0 0 0 0 0 0 0 0 0 0 0 0 0 0 0 0 0 0 1 1 1 1 1 1 1 1 1 1 1 1 0 0 0 0 0 0 0 0 0 0 0 0 0 0 0 0 0 0 0 0 0 0 0 0 0 0 0 0 0 0 0 0 0 0 0 0 0 0 0 0 0 0 0 0 0 0 0 0 0 0 0 0 0 0 0 0 0 0 0 0 0 0 0 0 0 0 0 0 0 0 0 0 0 0 0 0
I1103 05:08:12.183955 47966346777664 create_pretraining_data.py:161] segment_ids: 0 0 0 0 0 0 0 0 0 0 0 0 0 0 0 0 0 0 0 0 0 0 0 0 0 0 0 0 0 0 0 0 0 0 0 0 0 0 0 0 1 1 1 1 1 1 1 1 1 1 1 1 0 0 0 0 0 0 0 0 0 0 0 0 0 0 0 0 0 0 0 0 0 0 0 0 0 0 0 0 0 0 0 0 0 0 0 0 0 0 0 0 0 0 0 0 0 0 0 0 0 0 0 0 0 0 0 0 0 0 0 0 0 0 0 0 0 0 0 0 0 0 0 0 0 0 0 0
INFO:tensorflow:masked_lm_positions: 17 18 19 25 31 46 47 48 0 0 0 0 0 0 0 0 0 0 0 0
I1103 05:08:12.184064 47966346777664 create_pretraining_data.py:161] masked_lm_positions: 17 18 19 25 31 46 47 48 0 0 0 0 0 0 0 0 0 0 0 0
INFO:tensorflow:masked_lm_ids: 2320 21653 1028 4974 1958 7603 1040 6530 0 0 0 0 0 0 0 0 0 0 0 0
I1103 05:08:12.184154 47966346777664 create_pretraining_data.py:161] masked_lm_ids: 2320 21653 1028 4974 1958 7603 1040 6530 0 0 0 0 0 0 0 0 0 0 0 0
INFO:tensorflow:masked_lm_weights: 1.0 1.0 1.0 1.0 1.0 1.0 1.0 1.0 0.0 0.0 0.0 0.0 0.0 0.0 0.0 0.0 0.0 0.0 0.0 0.0
I1103 05:08:12.184246 47966346777664 create_pretraining_data.py:161] masked_lm_weights: 1.0 1.0 1.0 1.0 1.0 1.0 1.0 1.0 0.0 0.0 0.0 0.0 0.0 0.0 0.0 0.0 0.0 0.0 0.0 0.0
INFO:tensorflow:next_sentence_labels: 1
I1103 05:08:12.184328 47966346777664 create_pretraining_data.py:161] next_sentence_labels: 1
INFO:tensorflow:*** Example ***
I1103 05:08:12.184926 47966346777664 create_pretraining_data.py:149] *** Example ***
INFO:tensorflow:tokens: [CLS] لا شي مثل العمل الحر ولكن لماذا العمل [MASK] [MASK] [MASK] يسر ##ع من شيخ ##وخ ##ه [MASK] [SEP] [MASK] برو ##فا ##يل الفخ ##م جين المحقق كونان 20 سنه فانز كونان [SEP]
I1103 05:08:12.185057 47966346777664 create_pretraining_data.py:151] tokens: [CLS] لا شي مثل العمل الحر ولكن لماذا العمل [MASK] [MASK] [MASK] يسر ##ع من شيخ ##وخ ##ه [MASK] [SEP] [MASK] برو ##فا ##يل الفخ ##م جين المحقق كونان 20 سنه فانز كونان [SEP]
INFO:tensorflow:input_ids: 2 1963 2228 2546 2854 3220 2637 4910 2854 4 4 4 8061 1009 1908 5516 3887 1028 4 3 4 4494 2167 2027 14753 1015 12278 16707 28212 2056 4076 8271 28212 3 0 0 0 0 0 0 0 0 0 0 0 0 0 0 0 0 0 0 0 0 0 0 0 0 0 0 0 0 0 0 0 0 0 0 0 0 0 0 0 0 0 0 0 0 0 0 0 0 0 0 0 0 0 0 0 0 0 0 0 0 0 0 0 0 0 0 0 0 0 0 0 0 0 0 0 0 0 0 0 0 0 0 0 0 0 0 0 0 0 0 0 0 0 0
I1103 05:08:12.185198 47966346777664 create_pretraining_data.py:161] input_ids: 2 1963 2228 2546 2854 3220 2637 4910 2854 4 4 4 8061 1009 1908 5516 3887 1028 4 3 4 4494 2167 2027 14753 1015 12278 16707 28212 2056 4076 8271 28212 3 0 0 0 0 0 0 0 0 0 0 0 0 0 0 0 0 0 0 0 0 0 0 0 0 0 0 0 0 0 0 0 0 0 0 0 0 0 0 0 0 0 0 0 0 0 0 0 0 0 0 0 0 0 0 0 0 0 0 0 0 0 0 0 0 0 0 0 0 0 0 0 0 0 0 0 0 0 0 0 0 0 0 0 0 0 0 0 0 0 0 0 0 0 0
INFO:tensorflow:input_mask: 1 1 1 1 1 1 1 1 1 1 1 1 1 1 1 1 1 1 1 1 1 1 1 1 1 1 1 1 1 1 1 1 1 1 0 0 0 0 0 0 0 0 0 0 0 0 0 0 0 0 0 0 0 0 0 0 0 0 0 0 0 0 0 0 0 0 0 0 0 0 0 0 0 0 0 0 0 0 0 0 0 0 0 0 0 0 0 0 0 0 0 0 0 0 0 0 0 0 0 0 0 0 0 0 0 0 0 0 0 0 0 0 0 0 0 0 0 0 0 0 0 0 0 0 0 0 0 0
I1103 05:08:12.185329 47966346777664 create_pretraining_data.py:161] input_mask: 1 1 1 1 1 1 1 1 1 1 1 1 1 1 1 1 1 1 1 1 1 1 1 1 1 1 1 1 1 1 1 1 1 1 0 0 0 0 0 0 0 0 0 0 0 0 0 0 0 0 0 0 0 0 0 0 0 0 0 0 0 0 0 0 0 0 0 0 0 0 0 0 0 0 0 0 0 0 0 0 0 0 0 0 0 0 0 0 0 0 0 0 0 0 0 0 0 0 0 0 0 0 0 0 0 0 0 0 0 0 0 0 0 0 0 0 0 0 0 0 0 0 0 0 0 0 0 0
INFO:tensorflow:segment_ids: 0 0 0 0 0 0 0 0 0 0 0 0 0 0 0 0 0 0 0 0 1 1 1 1 1 1 1 1 1 1 1 1 1 1 0 0 0 0 0 0 0 0 0 0 0 0 0 0 0 0 0 0 0 0 0 0 0 0 0 0 0 0 0 0 0 0 0 0 0 0 0 0 0 0 0 0 0 0 0 0 0 0 0 0 0 0 0 0 0 0 0 0 0 0 0 0 0 0 0 0 0 0 0 0 0 0 0 0 0 0 0 0 0 0 0 0 0 0 0 0 0 0 0 0 0 0 0 0
I1103 05:08:12.185454 47966346777664 create_pretraining_data.py:161] segment_ids: 0 0 0 0 0 0 0 0 0 0 0 0 0 0 0 0 0 0 0 0 1 1 1 1 1 1 1 1 1 1 1 1 1 1 0 0 0 0 0 0 0 0 0 0 0 0 0 0 0 0 0 0 0 0 0 0 0 0 0 0 0 0 0 0 0 0 0 0 0 0 0 0 0 0 0 0 0 0 0 0 0 0 0 0 0 0 0 0 0 0 0 0 0 0 0 0 0 0 0 0 0 0 0 0 0 0 0 0 0 0 0 0 0 0 0 0 0 0 0 0 0 0 0 0 0 0 0 0
INFO:tensorflow:masked_lm_positions: 9 10 11 18 20 0 0 0 0 0 0 0 0 0 0 0 0 0 0 0
I1103 05:08:12.185545 47966346777664 create_pretraining_data.py:161] masked_lm_positions: 9 10 11 18 20 0 0 0 0 0 0 0 0 0 0 0 0 0 0 0
INFO:tensorflow:masked_lm_ids: 11225 2664 4731 2714 24 0 0 0 0 0 0 0 0 0 0 0 0 0 0 0
I1103 05:08:12.185668 47966346777664 create_pretraining_data.py:161] masked_lm_ids: 11225 2664 4731 2714 24 0 0 0 0 0 0 0 0 0 0 0 0 0 0 0
INFO:tensorflow:masked_lm_weights: 1.0 1.0 1.0 1.0 1.0 0.0 0.0 0.0 0.0 0.0 0.0 0.0 0.0 0.0 0.0 0.0 0.0 0.0 0.0 0.0
I1103 05:08:12.185762 47966346777664 create_pretraining_data.py:161] masked_lm_weights: 1.0 1.0 1.0 1.0 1.0 0.0 0.0 0.0 0.0 0.0 0.0 0.0 0.0 0.0 0.0 0.0 0.0 0.0 0.0 0.0
INFO:tensorflow:next_sentence_labels: 1
I1103 05:08:12.185846 47966346777664 create_pretraining_data.py:161] next_sentence_labels: 1
INFO:tensorflow:Wrote 9999590 total instances
I1103 06:16:27.043505 47966346777664 create_pretraining_data.py:166] Wrote 9999590 total instances
