Loading module 'all'
WARNING:tensorflow:From ../bert/create_pretraining_data.py:469: The name tf.app.run is deprecated. Please use tf.compat.v1.app.run instead.

WARNING:tensorflow:From ../bert/create_pretraining_data.py:437: The name tf.logging.set_verbosity is deprecated. Please use tf.compat.v1.logging.set_verbosity instead.

W1103 03:06:44.918764 47200205694016 module_wrapper.py:139] From ../bert/create_pretraining_data.py:437: The name tf.logging.set_verbosity is deprecated. Please use tf.compat.v1.logging.set_verbosity instead.

WARNING:tensorflow:From ../bert/create_pretraining_data.py:437: The name tf.logging.INFO is deprecated. Please use tf.compat.v1.logging.INFO instead.

W1103 03:06:44.919063 47200205694016 module_wrapper.py:139] From ../bert/create_pretraining_data.py:437: The name tf.logging.INFO is deprecated. Please use tf.compat.v1.logging.INFO instead.

WARNING:tensorflow:From /scratch/gi372/CAMeLBERT/bert/tokenization.py:125: The name tf.gfile.GFile is deprecated. Please use tf.io.gfile.GFile instead.

W1103 03:06:44.919368 47200205694016 module_wrapper.py:139] From /scratch/gi372/CAMeLBERT/bert/tokenization.py:125: The name tf.gfile.GFile is deprecated. Please use tf.io.gfile.GFile instead.

WARNING:tensorflow:From ../bert/create_pretraining_data.py:444: The name tf.gfile.Glob is deprecated. Please use tf.io.gfile.glob instead.

W1103 03:06:45.062572 47200205694016 module_wrapper.py:139] From ../bert/create_pretraining_data.py:444: The name tf.gfile.Glob is deprecated. Please use tf.io.gfile.glob instead.

WARNING:tensorflow:From ../bert/create_pretraining_data.py:446: The name tf.logging.info is deprecated. Please use tf.compat.v1.logging.info instead.

W1103 03:06:45.071651 47200205694016 module_wrapper.py:139] From ../bert/create_pretraining_data.py:446: The name tf.logging.info is deprecated. Please use tf.compat.v1.logging.info instead.

INFO:tensorflow:*** Reading from input files ***
I1103 03:06:45.071831 47200205694016 create_pretraining_data.py:446] *** Reading from input files ***
INFO:tensorflow:  ../corpora/shards/DA-ali2019-500m-tweet.bw.ar.lines.shard.091.normalized.sents
I1103 03:06:45.071955 47200205694016 create_pretraining_data.py:448]   ../corpora/shards/DA-ali2019-500m-tweet.bw.ar.lines.shard.091.normalized.sents
INFO:tensorflow:*** Writing to output files ***
I1103 03:48:42.527292 47200205694016 create_pretraining_data.py:457] *** Writing to output files ***
INFO:tensorflow:  ../corpora/tfrecord_wp-30k_msl-128/DA-ali2019-500m-tweet.bw.ar.lines.shard.091.tf_record
I1103 03:48:42.575263 47200205694016 create_pretraining_data.py:459]   ../corpora/tfrecord_wp-30k_msl-128/DA-ali2019-500m-tweet.bw.ar.lines.shard.091.tf_record
WARNING:tensorflow:From ../bert/create_pretraining_data.py:101: The name tf.python_io.TFRecordWriter is deprecated. Please use tf.io.TFRecordWriter instead.

W1103 03:48:42.627030 47200205694016 module_wrapper.py:139] From ../bert/create_pretraining_data.py:101: The name tf.python_io.TFRecordWriter is deprecated. Please use tf.io.TFRecordWriter instead.

INFO:tensorflow:*** Example ***
I1103 03:48:42.776815 47200205694016 create_pretraining_data.py:149] *** Example ***
INFO:tensorflow:tokens: [CLS] احبتي الكرام 16 بشري [MASK] لمن اصيب بالع ##قم وضعف [MASK] وضعف الاخ ##صاب [MASK] لدي علاج نافع ومجرب باذن الله تعالي [SEP] من يدعون [MASK] فاست ##جيب له من يسال ##ني فاع ##طيه من يستغفر ##ني فاغفر له [MASK] [MASK] واتوب اليه عدد [MASK] ورضا نفسه وزنه عرشه ومداد كلماته [SEP]
I1103 03:48:42.956971 47200205694016 create_pretraining_data.py:151] tokens: [CLS] احبتي الكرام 16 بشري [MASK] لمن اصيب بالع ##قم وضعف [MASK] وضعف الاخ ##صاب [MASK] لدي علاج نافع ومجرب باذن الله تعالي [SEP] من يدعون [MASK] فاست ##جيب له من يسال ##ني فاع ##طيه من يستغفر ##ني فاغفر له [MASK] [MASK] واتوب اليه عدد [MASK] ورضا نفسه وزنه عرشه ومداد كلماته [SEP]
INFO:tensorflow:input_ids: 2 12496 6055 3367 13967 4 3043 14228 3598 2644 14058 4 14058 2788 5780 4 4118 4430 13047 26517 4292 1953 5175 3 1908 16694 4 8260 8562 2154 1908 10730 1974 5499 9052 1908 13020 1974 8561 2154 4 4 3915 3055 2548 4 10500 3081 7154 7198 7517 7119 3 0 0 0 0 0 0 0 0 0 0 0 0 0 0 0 0 0 0 0 0 0 0 0 0 0 0 0 0 0 0 0 0 0 0 0 0 0 0 0 0 0 0 0 0 0 0 0 0 0 0 0 0 0 0 0 0 0 0 0 0 0 0 0 0 0 0 0 0 0 0 0 0 0 0 0
I1103 03:48:42.958093 47200205694016 create_pretraining_data.py:161] input_ids: 2 12496 6055 3367 13967 4 3043 14228 3598 2644 14058 4 14058 2788 5780 4 4118 4430 13047 26517 4292 1953 5175 3 1908 16694 4 8260 8562 2154 1908 10730 1974 5499 9052 1908 13020 1974 8561 2154 4 4 3915 3055 2548 4 10500 3081 7154 7198 7517 7119 3 0 0 0 0 0 0 0 0 0 0 0 0 0 0 0 0 0 0 0 0 0 0 0 0 0 0 0 0 0 0 0 0 0 0 0 0 0 0 0 0 0 0 0 0 0 0 0 0 0 0 0 0 0 0 0 0 0 0 0 0 0 0 0 0 0 0 0 0 0 0 0 0 0 0 0
INFO:tensorflow:input_mask: 1 1 1 1 1 1 1 1 1 1 1 1 1 1 1 1 1 1 1 1 1 1 1 1 1 1 1 1 1 1 1 1 1 1 1 1 1 1 1 1 1 1 1 1 1 1 1 1 1 1 1 1 1 0 0 0 0 0 0 0 0 0 0 0 0 0 0 0 0 0 0 0 0 0 0 0 0 0 0 0 0 0 0 0 0 0 0 0 0 0 0 0 0 0 0 0 0 0 0 0 0 0 0 0 0 0 0 0 0 0 0 0 0 0 0 0 0 0 0 0 0 0 0 0 0 0 0 0
I1103 03:48:42.958461 47200205694016 create_pretraining_data.py:161] input_mask: 1 1 1 1 1 1 1 1 1 1 1 1 1 1 1 1 1 1 1 1 1 1 1 1 1 1 1 1 1 1 1 1 1 1 1 1 1 1 1 1 1 1 1 1 1 1 1 1 1 1 1 1 1 0 0 0 0 0 0 0 0 0 0 0 0 0 0 0 0 0 0 0 0 0 0 0 0 0 0 0 0 0 0 0 0 0 0 0 0 0 0 0 0 0 0 0 0 0 0 0 0 0 0 0 0 0 0 0 0 0 0 0 0 0 0 0 0 0 0 0 0 0 0 0 0 0 0 0
INFO:tensorflow:segment_ids: 0 0 0 0 0 0 0 0 0 0 0 0 0 0 0 0 0 0 0 0 0 0 0 0 1 1 1 1 1 1 1 1 1 1 1 1 1 1 1 1 1 1 1 1 1 1 1 1 1 1 1 1 1 0 0 0 0 0 0 0 0 0 0 0 0 0 0 0 0 0 0 0 0 0 0 0 0 0 0 0 0 0 0 0 0 0 0 0 0 0 0 0 0 0 0 0 0 0 0 0 0 0 0 0 0 0 0 0 0 0 0 0 0 0 0 0 0 0 0 0 0 0 0 0 0 0 0 0
I1103 03:48:42.958785 47200205694016 create_pretraining_data.py:161] segment_ids: 0 0 0 0 0 0 0 0 0 0 0 0 0 0 0 0 0 0 0 0 0 0 0 0 1 1 1 1 1 1 1 1 1 1 1 1 1 1 1 1 1 1 1 1 1 1 1 1 1 1 1 1 1 0 0 0 0 0 0 0 0 0 0 0 0 0 0 0 0 0 0 0 0 0 0 0 0 0 0 0 0 0 0 0 0 0 0 0 0 0 0 0 0 0 0 0 0 0 0 0 0 0 0 0 0 0 0 0 0 0 0 0 0 0 0 0 0 0 0 0 0 0 0 0 0 0 0 0
INFO:tensorflow:masked_lm_positions: 5 11 15 25 26 40 41 45 0 0 0 0 0 0 0 0 0 0 0 0
I1103 03:48:42.959015 47200205694016 create_pretraining_data.py:161] masked_lm_positions: 5 11 15 25 26 40 41 45 0 0 0 0 0 0 0 0 0 0 0 0
INFO:tensorflow:masked_lm_ids: 13696 28197 4170 16694 1013 2870 1953 5987 0 0 0 0 0 0 0 0 0 0 0 0
I1103 03:48:42.959245 47200205694016 create_pretraining_data.py:161] masked_lm_ids: 13696 28197 4170 16694 1013 2870 1953 5987 0 0 0 0 0 0 0 0 0 0 0 0
INFO:tensorflow:masked_lm_weights: 1.0 1.0 1.0 1.0 1.0 1.0 1.0 1.0 0.0 0.0 0.0 0.0 0.0 0.0 0.0 0.0 0.0 0.0 0.0 0.0
I1103 03:48:42.970969 47200205694016 create_pretraining_data.py:161] masked_lm_weights: 1.0 1.0 1.0 1.0 1.0 1.0 1.0 1.0 0.0 0.0 0.0 0.0 0.0 0.0 0.0 0.0 0.0 0.0 0.0 0.0
INFO:tensorflow:next_sentence_labels: 1
I1103 03:48:42.971306 47200205694016 create_pretraining_data.py:161] next_sentence_labels: 1
INFO:tensorflow:*** Example ***
I1103 03:48:42.972748 47200205694016 create_pretraining_data.py:149] *** Example ***
INFO:tensorflow:tokens: [CLS] لمت ##ذوق ##ي [MASK] ندعوك ##م لتج ##ربها ##لش ##اي [MASK] والمغرب ##ي يد ##فيك [MASK] [MASK] البرد بكلم ##تين البرد يخلي ##ني ابو ##ح تل الع ##راي ##س [SEP] [MASK] [MASK] عند المساء فقال لي ته ##زي بقدر ##ي ام تريد مزا ##حا فاج ##بته اشر ##اق وجهك [MASK] ##لامي حتي توه ##مت [MASK] صباحا شعر البه ##لول [SEP]
I1103 03:48:42.973062 47200205694016 create_pretraining_data.py:151] tokens: [CLS] لمت ##ذوق ##ي [MASK] ندعوك ##م لتج ##ربها ##لش ##اي [MASK] والمغرب ##ي يد ##فيك [MASK] [MASK] البرد بكلم ##تين البرد يخلي ##ني ابو ##ح تل الع ##راي ##س [SEP] [MASK] [MASK] عند المساء فقال لي ته ##زي بقدر ##ي ام تريد مزا ##حا فاج ##بته اشر ##اق وجهك [MASK] ##لامي حتي توه ##مت [MASK] صباحا شعر البه ##لول [SEP]
INFO:tensorflow:input_ids: 2 8213 20312 1013 4 8576 1015 13615 16075 1959 2272 4 16672 1013 2474 12305 4 4 5826 21125 3232 5826 16308 1974 3388 1032 7953 1924 15777 1033 3 4 4 2192 8747 3312 2134 3410 2205 8031 1013 2112 4821 16399 2709 7438 9542 22535 2396 7950 4 2515 2627 22191 2321 4 6116 4537 16810 3576 3 0 0 0 0 0 0 0 0 0 0 0 0 0 0 0 0 0 0 0 0 0 0 0 0 0 0 0 0 0 0 0 0 0 0 0 0 0 0 0 0 0 0 0 0 0 0 0 0 0 0 0 0 0 0 0 0 0 0 0 0 0 0 0 0 0 0 0
I1103 03:48:42.973457 47200205694016 create_pretraining_data.py:161] input_ids: 2 8213 20312 1013 4 8576 1015 13615 16075 1959 2272 4 16672 1013 2474 12305 4 4 5826 21125 3232 5826 16308 1974 3388 1032 7953 1924 15777 1033 3 4 4 2192 8747 3312 2134 3410 2205 8031 1013 2112 4821 16399 2709 7438 9542 22535 2396 7950 4 2515 2627 22191 2321 4 6116 4537 16810 3576 3 0 0 0 0 0 0 0 0 0 0 0 0 0 0 0 0 0 0 0 0 0 0 0 0 0 0 0 0 0 0 0 0 0 0 0 0 0 0 0 0 0 0 0 0 0 0 0 0 0 0 0 0 0 0 0 0 0 0 0 0 0 0 0 0 0 0 0
INFO:tensorflow:input_mask: 1 1 1 1 1 1 1 1 1 1 1 1 1 1 1 1 1 1 1 1 1 1 1 1 1 1 1 1 1 1 1 1 1 1 1 1 1 1 1 1 1 1 1 1 1 1 1 1 1 1 1 1 1 1 1 1 1 1 1 1 1 0 0 0 0 0 0 0 0 0 0 0 0 0 0 0 0 0 0 0 0 0 0 0 0 0 0 0 0 0 0 0 0 0 0 0 0 0 0 0 0 0 0 0 0 0 0 0 0 0 0 0 0 0 0 0 0 0 0 0 0 0 0 0 0 0 0 0
I1103 03:48:42.973774 47200205694016 create_pretraining_data.py:161] input_mask: 1 1 1 1 1 1 1 1 1 1 1 1 1 1 1 1 1 1 1 1 1 1 1 1 1 1 1 1 1 1 1 1 1 1 1 1 1 1 1 1 1 1 1 1 1 1 1 1 1 1 1 1 1 1 1 1 1 1 1 1 1 0 0 0 0 0 0 0 0 0 0 0 0 0 0 0 0 0 0 0 0 0 0 0 0 0 0 0 0 0 0 0 0 0 0 0 0 0 0 0 0 0 0 0 0 0 0 0 0 0 0 0 0 0 0 0 0 0 0 0 0 0 0 0 0 0 0 0
INFO:tensorflow:segment_ids: 0 0 0 0 0 0 0 0 0 0 0 0 0 0 0 0 0 0 0 0 0 0 0 0 0 0 0 0 0 0 0 1 1 1 1 1 1 1 1 1 1 1 1 1 1 1 1 1 1 1 1 1 1 1 1 1 1 1 1 1 1 0 0 0 0 0 0 0 0 0 0 0 0 0 0 0 0 0 0 0 0 0 0 0 0 0 0 0 0 0 0 0 0 0 0 0 0 0 0 0 0 0 0 0 0 0 0 0 0 0 0 0 0 0 0 0 0 0 0 0 0 0 0 0 0 0 0 0
I1103 03:48:42.974068 47200205694016 create_pretraining_data.py:161] segment_ids: 0 0 0 0 0 0 0 0 0 0 0 0 0 0 0 0 0 0 0 0 0 0 0 0 0 0 0 0 0 0 0 1 1 1 1 1 1 1 1 1 1 1 1 1 1 1 1 1 1 1 1 1 1 1 1 1 1 1 1 1 1 0 0 0 0 0 0 0 0 0 0 0 0 0 0 0 0 0 0 0 0 0 0 0 0 0 0 0 0 0 0 0 0 0 0 0 0 0 0 0 0 0 0 0 0 0 0 0 0 0 0 0 0 0 0 0 0 0 0 0 0 0 0 0 0 0 0 0
INFO:tensorflow:masked_lm_positions: 4 11 16 17 31 32 50 51 55 0 0 0 0 0 0 0 0 0 0 0
I1103 03:48:42.974326 47200205694016 create_pretraining_data.py:161] masked_lm_positions: 4 11 16 17 31 32 50 51 55 0 0 0 0 0 0 0 0 0 0 0
INFO:tensorflow:masked_lm_ids: 15526 6638 1912 5875 10792 2076 10093 1974 8747 0 0 0 0 0 0 0 0 0 0 0
I1103 03:48:42.974545 47200205694016 create_pretraining_data.py:161] masked_lm_ids: 15526 6638 1912 5875 10792 2076 10093 1974 8747 0 0 0 0 0 0 0 0 0 0 0
INFO:tensorflow:masked_lm_weights: 1.0 1.0 1.0 1.0 1.0 1.0 1.0 1.0 1.0 0.0 0.0 0.0 0.0 0.0 0.0 0.0 0.0 0.0 0.0 0.0
I1103 03:48:42.974746 47200205694016 create_pretraining_data.py:161] masked_lm_weights: 1.0 1.0 1.0 1.0 1.0 1.0 1.0 1.0 1.0 0.0 0.0 0.0 0.0 0.0 0.0 0.0 0.0 0.0 0.0 0.0
INFO:tensorflow:next_sentence_labels: 1
I1103 03:48:42.974902 47200205694016 create_pretraining_data.py:161] next_sentence_labels: 1
INFO:tensorflow:*** Example ***
I1103 03:48:42.975969 47200205694016 create_pretraining_data.py:149] *** Example ***
INFO:tensorflow:tokens: [CLS] الك ##ز ##دور ##ه جبريل [MASK] كت ##ار كمان صاير ممكن بالاف ##تر ##اض بس الله يستر ما كمان [MASK] يصير افت ##راض ون ##خسر كت ##ار بالوا ##قع اخر [MASK] [SEP] قوم و [MASK] [MASK] واقف علي ساق و قدم ماج ##زع ##ت من [MASK] و ما ان ##مح ##ي ما رسم ##ته من طموح و انه ##دم [SEP]
I1103 03:48:42.976212 47200205694016 create_pretraining_data.py:151] tokens: [CLS] الك ##ز ##دور ##ه جبريل [MASK] كت ##ار كمان صاير ممكن بالاف ##تر ##اض بس الله يستر ما كمان [MASK] يصير افت ##راض ون ##خسر كت ##ار بالوا ##قع اخر [MASK] [SEP] قوم و [MASK] [MASK] واقف علي ساق و قدم ماج ##زع ##ت من [MASK] و ما ان ##مح ##ي ما رسم ##ته من طموح و انه ##دم [SEP]
INFO:tensorflow:input_ids: 2 1994 1008 15090 1028 16733 4 2365 1909 10809 27497 4050 22099 2582 2092 2357 1953 18804 1972 10809 4 9624 4142 2921 2263 19476 2365 1909 28790 2509 3076 4 3 7675 415 4 4 17180 1958 15279 415 3681 8852 5327 1005 1908 4 415 1972 1939 10079 1013 1972 4315 2076 1908 19599 415 2615 2077 3 0 0 0 0 0 0 0 0 0 0 0 0 0 0 0 0 0 0 0 0 0 0 0 0 0 0 0 0 0 0 0 0 0 0 0 0 0 0 0 0 0 0 0 0 0 0 0 0 0 0 0 0 0 0 0 0 0 0 0 0 0 0 0 0 0 0 0
I1103 03:48:42.976491 47200205694016 create_pretraining_data.py:161] input_ids: 2 1994 1008 15090 1028 16733 4 2365 1909 10809 27497 4050 22099 2582 2092 2357 1953 18804 1972 10809 4 9624 4142 2921 2263 19476 2365 1909 28790 2509 3076 4 3 7675 415 4 4 17180 1958 15279 415 3681 8852 5327 1005 1908 4 415 1972 1939 10079 1013 1972 4315 2076 1908 19599 415 2615 2077 3 0 0 0 0 0 0 0 0 0 0 0 0 0 0 0 0 0 0 0 0 0 0 0 0 0 0 0 0 0 0 0 0 0 0 0 0 0 0 0 0 0 0 0 0 0 0 0 0 0 0 0 0 0 0 0 0 0 0 0 0 0 0 0 0 0 0 0
INFO:tensorflow:input_mask: 1 1 1 1 1 1 1 1 1 1 1 1 1 1 1 1 1 1 1 1 1 1 1 1 1 1 1 1 1 1 1 1 1 1 1 1 1 1 1 1 1 1 1 1 1 1 1 1 1 1 1 1 1 1 1 1 1 1 1 1 1 0 0 0 0 0 0 0 0 0 0 0 0 0 0 0 0 0 0 0 0 0 0 0 0 0 0 0 0 0 0 0 0 0 0 0 0 0 0 0 0 0 0 0 0 0 0 0 0 0 0 0 0 0 0 0 0 0 0 0 0 0 0 0 0 0 0 0
I1103 03:48:42.976732 47200205694016 create_pretraining_data.py:161] input_mask: 1 1 1 1 1 1 1 1 1 1 1 1 1 1 1 1 1 1 1 1 1 1 1 1 1 1 1 1 1 1 1 1 1 1 1 1 1 1 1 1 1 1 1 1 1 1 1 1 1 1 1 1 1 1 1 1 1 1 1 1 1 0 0 0 0 0 0 0 0 0 0 0 0 0 0 0 0 0 0 0 0 0 0 0 0 0 0 0 0 0 0 0 0 0 0 0 0 0 0 0 0 0 0 0 0 0 0 0 0 0 0 0 0 0 0 0 0 0 0 0 0 0 0 0 0 0 0 0
INFO:tensorflow:segment_ids: 0 0 0 0 0 0 0 0 0 0 0 0 0 0 0 0 0 0 0 0 0 0 0 0 0 0 0 0 0 0 0 0 0 1 1 1 1 1 1 1 1 1 1 1 1 1 1 1 1 1 1 1 1 1 1 1 1 1 1 1 1 0 0 0 0 0 0 0 0 0 0 0 0 0 0 0 0 0 0 0 0 0 0 0 0 0 0 0 0 0 0 0 0 0 0 0 0 0 0 0 0 0 0 0 0 0 0 0 0 0 0 0 0 0 0 0 0 0 0 0 0 0 0 0 0 0 0 0
I1103 03:48:42.976956 47200205694016 create_pretraining_data.py:161] segment_ids: 0 0 0 0 0 0 0 0 0 0 0 0 0 0 0 0 0 0 0 0 0 0 0 0 0 0 0 0 0 0 0 0 0 1 1 1 1 1 1 1 1 1 1 1 1 1 1 1 1 1 1 1 1 1 1 1 1 1 1 1 1 0 0 0 0 0 0 0 0 0 0 0 0 0 0 0 0 0 0 0 0 0 0 0 0 0 0 0 0 0 0 0 0 0 0 0 0 0 0 0 0 0 0 0 0 0 0 0 0 0 0 0 0 0 0 0 0 0 0 0 0 0 0 0 0 0 0 0
INFO:tensorflow:masked_lm_positions: 5 6 20 21 31 35 36 46 52 0 0 0 0 0 0 0 0 0 0 0
I1103 03:48:42.977133 47200205694016 create_pretraining_data.py:161] masked_lm_positions: 5 6 20 21 31 35 36 46 52 0 0 0 0 0 0 0 0 0 0 0
INFO:tensorflow:masked_lm_ids: 4402 2088 17560 9624 3792 5729 1974 9882 1972 0 0 0 0 0 0 0 0 0 0 0
I1103 03:48:42.977302 47200205694016 create_pretraining_data.py:161] masked_lm_ids: 4402 2088 17560 9624 3792 5729 1974 9882 1972 0 0 0 0 0 0 0 0 0 0 0
INFO:tensorflow:masked_lm_weights: 1.0 1.0 1.0 1.0 1.0 1.0 1.0 1.0 1.0 0.0 0.0 0.0 0.0 0.0 0.0 0.0 0.0 0.0 0.0 0.0
I1103 03:48:42.977470 47200205694016 create_pretraining_data.py:161] masked_lm_weights: 1.0 1.0 1.0 1.0 1.0 1.0 1.0 1.0 1.0 0.0 0.0 0.0 0.0 0.0 0.0 0.0 0.0 0.0 0.0 0.0
INFO:tensorflow:next_sentence_labels: 1
I1103 03:48:42.977624 47200205694016 create_pretraining_data.py:161] next_sentence_labels: 1
INFO:tensorflow:*** Example ***
I1103 03:48:42.978601 47200205694016 create_pretraining_data.py:149] *** Example ***
INFO:tensorflow:tokens: [CLS] فع ##سي الله ان ياتي بالف ##تح فيف ##تح الاق ##فال و يكشف الكرب الث ##قال [MASK] [MASK] الليالي الطوا ##ل و يشرح البال و يصلح [MASK] [SEP] نطالب بتك ##ريم [MASK] منق ##ذ المعلمات بوس ##ام الملك عبدالعزيز مع مبلغ مليون ريال نطالب بتك ##ريم الحربي [MASK] [MASK] المعلمات [MASK] ينقذ خمس [MASK] [SEP]
I1103 03:48:42.978831 47200205694016 create_pretraining_data.py:151] tokens: [CLS] فع ##سي الله ان ياتي بالف ##تح فيف ##تح الاق ##فال و يكشف الكرب الث ##قال [MASK] [MASK] الليالي الطوا ##ل و يشرح البال و يصلح [MASK] [SEP] نطالب بتك ##ريم [MASK] منق ##ذ المعلمات بوس ##ام الملك عبدالعزيز مع مبلغ مليون ريال نطالب بتك ##ريم الحربي [MASK] [MASK] المعلمات [MASK] ينقذ خمس [MASK] [SEP]
INFO:tensorflow:input_ids: 2 2933 1999 1953 1939 7404 5406 2133 27804 2133 7955 5617 415 9584 18791 2084 2398 4 4 12163 20529 1010 415 18323 9097 415 13824 4 3 13988 14961 2710 4 16194 1035 26230 7291 1921 2676 4541 1973 9020 3193 3108 13988 14961 2710 8629 4 4 26230 4 24519 5169 4 3 0 0 0 0 0 0 0 0 0 0 0 0 0 0 0 0 0 0 0 0 0 0 0 0 0 0 0 0 0 0 0 0 0 0 0 0 0 0 0 0 0 0 0 0 0 0 0 0 0 0 0 0 0 0 0 0 0 0 0 0 0 0 0 0 0 0 0 0 0 0 0 0
I1103 03:48:42.979115 47200205694016 create_pretraining_data.py:161] input_ids: 2 2933 1999 1953 1939 7404 5406 2133 27804 2133 7955 5617 415 9584 18791 2084 2398 4 4 12163 20529 1010 415 18323 9097 415 13824 4 3 13988 14961 2710 4 16194 1035 26230 7291 1921 2676 4541 1973 9020 3193 3108 13988 14961 2710 8629 4 4 26230 4 24519 5169 4 3 0 0 0 0 0 0 0 0 0 0 0 0 0 0 0 0 0 0 0 0 0 0 0 0 0 0 0 0 0 0 0 0 0 0 0 0 0 0 0 0 0 0 0 0 0 0 0 0 0 0 0 0 0 0 0 0 0 0 0 0 0 0 0 0 0 0 0 0 0 0 0 0
INFO:tensorflow:input_mask: 1 1 1 1 1 1 1 1 1 1 1 1 1 1 1 1 1 1 1 1 1 1 1 1 1 1 1 1 1 1 1 1 1 1 1 1 1 1 1 1 1 1 1 1 1 1 1 1 1 1 1 1 1 1 1 1 0 0 0 0 0 0 0 0 0 0 0 0 0 0 0 0 0 0 0 0 0 0 0 0 0 0 0 0 0 0 0 0 0 0 0 0 0 0 0 0 0 0 0 0 0 0 0 0 0 0 0 0 0 0 0 0 0 0 0 0 0 0 0 0 0 0 0 0 0 0 0 0
I1103 03:48:42.979358 47200205694016 create_pretraining_data.py:161] input_mask: 1 1 1 1 1 1 1 1 1 1 1 1 1 1 1 1 1 1 1 1 1 1 1 1 1 1 1 1 1 1 1 1 1 1 1 1 1 1 1 1 1 1 1 1 1 1 1 1 1 1 1 1 1 1 1 1 0 0 0 0 0 0 0 0 0 0 0 0 0 0 0 0 0 0 0 0 0 0 0 0 0 0 0 0 0 0 0 0 0 0 0 0 0 0 0 0 0 0 0 0 0 0 0 0 0 0 0 0 0 0 0 0 0 0 0 0 0 0 0 0 0 0 0 0 0 0 0 0
INFO:tensorflow:segment_ids: 0 0 0 0 0 0 0 0 0 0 0 0 0 0 0 0 0 0 0 0 0 0 0 0 0 0 0 0 0 1 1 1 1 1 1 1 1 1 1 1 1 1 1 1 1 1 1 1 1 1 1 1 1 1 1 1 0 0 0 0 0 0 0 0 0 0 0 0 0 0 0 0 0 0 0 0 0 0 0 0 0 0 0 0 0 0 0 0 0 0 0 0 0 0 0 0 0 0 0 0 0 0 0 0 0 0 0 0 0 0 0 0 0 0 0 0 0 0 0 0 0 0 0 0 0 0 0 0
I1103 03:48:42.979589 47200205694016 create_pretraining_data.py:161] segment_ids: 0 0 0 0 0 0 0 0 0 0 0 0 0 0 0 0 0 0 0 0 0 0 0 0 0 0 0 0 0 1 1 1 1 1 1 1 1 1 1 1 1 1 1 1 1 1 1 1 1 1 1 1 1 1 1 1 0 0 0 0 0 0 0 0 0 0 0 0 0 0 0 0 0 0 0 0 0 0 0 0 0 0 0 0 0 0 0 0 0 0 0 0 0 0 0 0 0 0 0 0 0 0 0 0 0 0 0 0 0 0 0 0 0 0 0 0 0 0 0 0 0 0 0 0 0 0 0 0
INFO:tensorflow:masked_lm_positions: 17 18 27 32 48 49 51 54 0 0 0 0 0 0 0 0 0 0 0 0
I1103 03:48:42.979764 47200205694016 create_pretraining_data.py:161] masked_lm_positions: 17 18 27 32 48 49 51 54 0 0 0 0 0 0 0 0 0 0 0 0
INFO:tensorflow:masked_lm_ids: 415 22483 6142 8629 16194 1035 10096 24352 0 0 0 0 0 0 0 0 0 0 0 0
I1103 03:48:42.979933 47200205694016 create_pretraining_data.py:161] masked_lm_ids: 415 22483 6142 8629 16194 1035 10096 24352 0 0 0 0 0 0 0 0 0 0 0 0
INFO:tensorflow:masked_lm_weights: 1.0 1.0 1.0 1.0 1.0 1.0 1.0 1.0 0.0 0.0 0.0 0.0 0.0 0.0 0.0 0.0 0.0 0.0 0.0 0.0
I1103 03:48:42.980100 47200205694016 create_pretraining_data.py:161] masked_lm_weights: 1.0 1.0 1.0 1.0 1.0 1.0 1.0 1.0 0.0 0.0 0.0 0.0 0.0 0.0 0.0 0.0 0.0 0.0 0.0 0.0
INFO:tensorflow:next_sentence_labels: 1
I1103 03:48:42.980262 47200205694016 create_pretraining_data.py:161] next_sentence_labels: 1
INFO:tensorflow:*** Example ***
I1103 03:48:42.981145 47200205694016 create_pretraining_data.py:149] *** Example ***
INFO:tensorflow:tokens: [CLS] اكرم ##وا اكرم ##كم الله عائد بعد الحذف سيف [MASK] سيف سيف سيف [SEP] بردا ##ن انا تكفي تكفي ابي احت ##رق اد ##فا [MASK] ستوك [MASK] [MASK] فع ##يون ##ك المنف ##ي البدر تصبحون بخير [SEP]
I1103 03:48:42.981361 47200205694016 create_pretraining_data.py:151] tokens: [CLS] اكرم ##وا اكرم ##كم الله عائد بعد الحذف سيف [MASK] سيف سيف سيف [SEP] بردا ##ن انا تكفي تكفي ابي احت ##رق اد ##فا [MASK] ستوك [MASK] [MASK] فع ##يون ##ك المنف ##ي البدر تصبحون بخير [SEP]
INFO:tensorflow:input_ids: 2 12784 1928 12784 2018 1953 26469 2089 26682 6378 4 6378 6378 6378 3 23295 1006 2315 10508 10508 3855 2691 2166 2485 2167 4 24521 4 4 2933 2281 1014 28075 1013 11320 12537 5471 3 0 0 0 0 0 0 0 0 0 0 0 0 0 0 0 0 0 0 0 0 0 0 0 0 0 0 0 0 0 0 0 0 0 0 0 0 0 0 0 0 0 0 0 0 0 0 0 0 0 0 0 0 0 0 0 0 0 0 0 0 0 0 0 0 0 0 0 0 0 0 0 0 0 0 0 0 0 0 0 0 0 0 0 0 0 0 0 0 0 0
I1103 03:48:42.981624 47200205694016 create_pretraining_data.py:161] input_ids: 2 12784 1928 12784 2018 1953 26469 2089 26682 6378 4 6378 6378 6378 3 23295 1006 2315 10508 10508 3855 2691 2166 2485 2167 4 24521 4 4 2933 2281 1014 28075 1013 11320 12537 5471 3 0 0 0 0 0 0 0 0 0 0 0 0 0 0 0 0 0 0 0 0 0 0 0 0 0 0 0 0 0 0 0 0 0 0 0 0 0 0 0 0 0 0 0 0 0 0 0 0 0 0 0 0 0 0 0 0 0 0 0 0 0 0 0 0 0 0 0 0 0 0 0 0 0 0 0 0 0 0 0 0 0 0 0 0 0 0 0 0 0 0
INFO:tensorflow:input_mask: 1 1 1 1 1 1 1 1 1 1 1 1 1 1 1 1 1 1 1 1 1 1 1 1 1 1 1 1 1 1 1 1 1 1 1 1 1 1 0 0 0 0 0 0 0 0 0 0 0 0 0 0 0 0 0 0 0 0 0 0 0 0 0 0 0 0 0 0 0 0 0 0 0 0 0 0 0 0 0 0 0 0 0 0 0 0 0 0 0 0 0 0 0 0 0 0 0 0 0 0 0 0 0 0 0 0 0 0 0 0 0 0 0 0 0 0 0 0 0 0 0 0 0 0 0 0 0 0
I1103 03:48:42.981855 47200205694016 create_pretraining_data.py:161] input_mask: 1 1 1 1 1 1 1 1 1 1 1 1 1 1 1 1 1 1 1 1 1 1 1 1 1 1 1 1 1 1 1 1 1 1 1 1 1 1 0 0 0 0 0 0 0 0 0 0 0 0 0 0 0 0 0 0 0 0 0 0 0 0 0 0 0 0 0 0 0 0 0 0 0 0 0 0 0 0 0 0 0 0 0 0 0 0 0 0 0 0 0 0 0 0 0 0 0 0 0 0 0 0 0 0 0 0 0 0 0 0 0 0 0 0 0 0 0 0 0 0 0 0 0 0 0 0 0 0
INFO:tensorflow:segment_ids: 0 0 0 0 0 0 0 0 0 0 0 0 0 0 0 1 1 1 1 1 1 1 1 1 1 1 1 1 1 1 1 1 1 1 1 1 1 1 0 0 0 0 0 0 0 0 0 0 0 0 0 0 0 0 0 0 0 0 0 0 0 0 0 0 0 0 0 0 0 0 0 0 0 0 0 0 0 0 0 0 0 0 0 0 0 0 0 0 0 0 0 0 0 0 0 0 0 0 0 0 0 0 0 0 0 0 0 0 0 0 0 0 0 0 0 0 0 0 0 0 0 0 0 0 0 0 0 0
I1103 03:48:42.982075 47200205694016 create_pretraining_data.py:161] segment_ids: 0 0 0 0 0 0 0 0 0 0 0 0 0 0 0 1 1 1 1 1 1 1 1 1 1 1 1 1 1 1 1 1 1 1 1 1 1 1 0 0 0 0 0 0 0 0 0 0 0 0 0 0 0 0 0 0 0 0 0 0 0 0 0 0 0 0 0 0 0 0 0 0 0 0 0 0 0 0 0 0 0 0 0 0 0 0 0 0 0 0 0 0 0 0 0 0 0 0 0 0 0 0 0 0 0 0 0 0 0 0 0 0 0 0 0 0 0 0 0 0 0 0 0 0 0 0 0 0
INFO:tensorflow:masked_lm_positions: 10 19 25 26 27 28 0 0 0 0 0 0 0 0 0 0 0 0 0 0
I1103 03:48:42.982253 47200205694016 create_pretraining_data.py:161] masked_lm_positions: 10 19 25 26 27 28 0 0 0 0 0 0 0 0 0 0 0 0 0 0
INFO:tensorflow:masked_lm_ids: 6378 10508 16437 1014 2541 2326 0 0 0 0 0 0 0 0 0 0 0 0 0 0
I1103 03:48:42.982418 47200205694016 create_pretraining_data.py:161] masked_lm_ids: 6378 10508 16437 1014 2541 2326 0 0 0 0 0 0 0 0 0 0 0 0 0 0
INFO:tensorflow:masked_lm_weights: 1.0 1.0 1.0 1.0 1.0 1.0 0.0 0.0 0.0 0.0 0.0 0.0 0.0 0.0 0.0 0.0 0.0 0.0 0.0 0.0
I1103 03:48:42.982585 47200205694016 create_pretraining_data.py:161] masked_lm_weights: 1.0 1.0 1.0 1.0 1.0 1.0 0.0 0.0 0.0 0.0 0.0 0.0 0.0 0.0 0.0 0.0 0.0 0.0 0.0 0.0
INFO:tensorflow:next_sentence_labels: 1
I1103 03:48:42.982737 47200205694016 create_pretraining_data.py:161] next_sentence_labels: 1
INFO:tensorflow:*** Example ***
I1103 03:48:42.983621 47200205694016 create_pretraining_data.py:149] *** Example ***
INFO:tensorflow:tokens: [CLS] وتن ##ورن ##ا بنت العرب في الترند [MASK] [SEP] [MASK] في راي الناس عنك نك [MASK] له [MASK] اكبر اسباب التعا ##سه و الكاب ##ه معلومه معلومات وحق ##ائق [SEP]
I1103 03:48:42.983834 47200205694016 create_pretraining_data.py:151] tokens: [CLS] وتن ##ورن ##ا بنت العرب في الترند [MASK] [SEP] [MASK] في راي الناس عنك نك [MASK] له [MASK] اكبر اسباب التعا ##سه و الكاب ##ه معلومه معلومات وحق ##ائق [SEP]
INFO:tensorflow:input_ids: 2 4504 26548 1007 3597 3157 1912 16675 4 3 4 1912 5148 2397 4548 9675 4 2154 4 3294 7032 6669 2824 415 26384 1028 13008 4733 15077 2950 3 0 0 0 0 0 0 0 0 0 0 0 0 0 0 0 0 0 0 0 0 0 0 0 0 0 0 0 0 0 0 0 0 0 0 0 0 0 0 0 0 0 0 0 0 0 0 0 0 0 0 0 0 0 0 0 0 0 0 0 0 0 0 0 0 0 0 0 0 0 0 0 0 0 0 0 0 0 0 0 0 0 0 0 0 0 0 0 0 0 0 0 0 0 0 0 0 0
I1103 03:48:42.984078 47200205694016 create_pretraining_data.py:161] input_ids: 2 4504 26548 1007 3597 3157 1912 16675 4 3 4 1912 5148 2397 4548 9675 4 2154 4 3294 7032 6669 2824 415 26384 1028 13008 4733 15077 2950 3 0 0 0 0 0 0 0 0 0 0 0 0 0 0 0 0 0 0 0 0 0 0 0 0 0 0 0 0 0 0 0 0 0 0 0 0 0 0 0 0 0 0 0 0 0 0 0 0 0 0 0 0 0 0 0 0 0 0 0 0 0 0 0 0 0 0 0 0 0 0 0 0 0 0 0 0 0 0 0 0 0 0 0 0 0 0 0 0 0 0 0 0 0 0 0 0 0
INFO:tensorflow:input_mask: 1 1 1 1 1 1 1 1 1 1 1 1 1 1 1 1 1 1 1 1 1 1 1 1 1 1 1 1 1 1 1 0 0 0 0 0 0 0 0 0 0 0 0 0 0 0 0 0 0 0 0 0 0 0 0 0 0 0 0 0 0 0 0 0 0 0 0 0 0 0 0 0 0 0 0 0 0 0 0 0 0 0 0 0 0 0 0 0 0 0 0 0 0 0 0 0 0 0 0 0 0 0 0 0 0 0 0 0 0 0 0 0 0 0 0 0 0 0 0 0 0 0 0 0 0 0 0 0
I1103 03:48:42.984350 47200205694016 create_pretraining_data.py:161] input_mask: 1 1 1 1 1 1 1 1 1 1 1 1 1 1 1 1 1 1 1 1 1 1 1 1 1 1 1 1 1 1 1 0 0 0 0 0 0 0 0 0 0 0 0 0 0 0 0 0 0 0 0 0 0 0 0 0 0 0 0 0 0 0 0 0 0 0 0 0 0 0 0 0 0 0 0 0 0 0 0 0 0 0 0 0 0 0 0 0 0 0 0 0 0 0 0 0 0 0 0 0 0 0 0 0 0 0 0 0 0 0 0 0 0 0 0 0 0 0 0 0 0 0 0 0 0 0 0 0
INFO:tensorflow:segment_ids: 0 0 0 0 0 0 0 0 0 0 1 1 1 1 1 1 1 1 1 1 1 1 1 1 1 1 1 1 1 1 1 0 0 0 0 0 0 0 0 0 0 0 0 0 0 0 0 0 0 0 0 0 0 0 0 0 0 0 0 0 0 0 0 0 0 0 0 0 0 0 0 0 0 0 0 0 0 0 0 0 0 0 0 0 0 0 0 0 0 0 0 0 0 0 0 0 0 0 0 0 0 0 0 0 0 0 0 0 0 0 0 0 0 0 0 0 0 0 0 0 0 0 0 0 0 0 0 0
I1103 03:48:42.984580 47200205694016 create_pretraining_data.py:161] segment_ids: 0 0 0 0 0 0 0 0 0 0 1 1 1 1 1 1 1 1 1 1 1 1 1 1 1 1 1 1 1 1 1 0 0 0 0 0 0 0 0 0 0 0 0 0 0 0 0 0 0 0 0 0 0 0 0 0 0 0 0 0 0 0 0 0 0 0 0 0 0 0 0 0 0 0 0 0 0 0 0 0 0 0 0 0 0 0 0 0 0 0 0 0 0 0 0 0 0 0 0 0 0 0 0 0 0 0 0 0 0 0 0 0 0 0 0 0 0 0 0 0 0 0 0 0 0 0 0 0
INFO:tensorflow:masked_lm_positions: 8 10 15 16 18 0 0 0 0 0 0 0 0 0 0 0 0 0 0 0
I1103 03:48:42.984751 47200205694016 create_pretraining_data.py:161] masked_lm_positions: 8 10 15 16 18 0 0 0 0 0 0 0 0 0 0 0 0 0 0 0
INFO:tensorflow:masked_lm_ids: 3428 29647 415 25004 1908 0 0 0 0 0 0 0 0 0 0 0 0 0 0 0
I1103 03:48:42.984901 47200205694016 create_pretraining_data.py:161] masked_lm_ids: 3428 29647 415 25004 1908 0 0 0 0 0 0 0 0 0 0 0 0 0 0 0
INFO:tensorflow:masked_lm_weights: 1.0 1.0 1.0 1.0 1.0 0.0 0.0 0.0 0.0 0.0 0.0 0.0 0.0 0.0 0.0 0.0 0.0 0.0 0.0 0.0
I1103 03:48:42.985023 47200205694016 create_pretraining_data.py:161] masked_lm_weights: 1.0 1.0 1.0 1.0 1.0 0.0 0.0 0.0 0.0 0.0 0.0 0.0 0.0 0.0 0.0 0.0 0.0 0.0 0.0 0.0
INFO:tensorflow:next_sentence_labels: 1
I1103 03:48:42.985139 47200205694016 create_pretraining_data.py:161] next_sentence_labels: 1
INFO:tensorflow:*** Example ***
I1103 03:48:42.985773 47200205694016 create_pretraining_data.py:149] *** Example ***
INFO:tensorflow:tokens: [CLS] نفسك في ايه نفسي ##بور اللي والأنا [MASK] يفضل ##وا معايا عل ##طول بس كدا [SEP] واذا النوا ##دي تفتخر بالصد ##اره هلال ##نا [MASK] تفتخر [MASK] جمال ##يات هلالي ##ه [SEP]
I1103 03:48:42.985924 47200205694016 create_pretraining_data.py:151] tokens: [CLS] نفسك في ايه نفسي ##بور اللي والأنا [MASK] يفضل ##وا معايا عل ##طول بس كدا [SEP] واذا النوا ##دي تفتخر بالصد ##اره هلال ##نا [MASK] تفتخر [MASK] جمال ##يات هلالي ##ه [SEP]
INFO:tensorflow:input_ids: 2 3665 1912 4138 3733 7529 2115 22183 4 13275 1928 15427 9008 7724 2357 12798 3 4876 14199 1930 16401 19576 2418 6500 1914 4 16401 4 3682 2066 11652 1028 3 0 0 0 0 0 0 0 0 0 0 0 0 0 0 0 0 0 0 0 0 0 0 0 0 0 0 0 0 0 0 0 0 0 0 0 0 0 0 0 0 0 0 0 0 0 0 0 0 0 0 0 0 0 0 0 0 0 0 0 0 0 0 0 0 0 0 0 0 0 0 0 0 0 0 0 0 0 0 0 0 0 0 0 0 0 0 0 0 0 0 0 0 0 0 0
I1103 03:48:42.986095 47200205694016 create_pretraining_data.py:161] input_ids: 2 3665 1912 4138 3733 7529 2115 22183 4 13275 1928 15427 9008 7724 2357 12798 3 4876 14199 1930 16401 19576 2418 6500 1914 4 16401 4 3682 2066 11652 1028 3 0 0 0 0 0 0 0 0 0 0 0 0 0 0 0 0 0 0 0 0 0 0 0 0 0 0 0 0 0 0 0 0 0 0 0 0 0 0 0 0 0 0 0 0 0 0 0 0 0 0 0 0 0 0 0 0 0 0 0 0 0 0 0 0 0 0 0 0 0 0 0 0 0 0 0 0 0 0 0 0 0 0 0 0 0 0 0 0 0 0 0 0 0 0 0
INFO:tensorflow:input_mask: 1 1 1 1 1 1 1 1 1 1 1 1 1 1 1 1 1 1 1 1 1 1 1 1 1 1 1 1 1 1 1 1 1 0 0 0 0 0 0 0 0 0 0 0 0 0 0 0 0 0 0 0 0 0 0 0 0 0 0 0 0 0 0 0 0 0 0 0 0 0 0 0 0 0 0 0 0 0 0 0 0 0 0 0 0 0 0 0 0 0 0 0 0 0 0 0 0 0 0 0 0 0 0 0 0 0 0 0 0 0 0 0 0 0 0 0 0 0 0 0 0 0 0 0 0 0 0 0
I1103 03:48:42.986263 47200205694016 create_pretraining_data.py:161] input_mask: 1 1 1 1 1 1 1 1 1 1 1 1 1 1 1 1 1 1 1 1 1 1 1 1 1 1 1 1 1 1 1 1 1 0 0 0 0 0 0 0 0 0 0 0 0 0 0 0 0 0 0 0 0 0 0 0 0 0 0 0 0 0 0 0 0 0 0 0 0 0 0 0 0 0 0 0 0 0 0 0 0 0 0 0 0 0 0 0 0 0 0 0 0 0 0 0 0 0 0 0 0 0 0 0 0 0 0 0 0 0 0 0 0 0 0 0 0 0 0 0 0 0 0 0 0 0 0 0
INFO:tensorflow:segment_ids: 0 0 0 0 0 0 0 0 0 0 0 0 0 0 0 0 0 1 1 1 1 1 1 1 1 1 1 1 1 1 1 1 1 0 0 0 0 0 0 0 0 0 0 0 0 0 0 0 0 0 0 0 0 0 0 0 0 0 0 0 0 0 0 0 0 0 0 0 0 0 0 0 0 0 0 0 0 0 0 0 0 0 0 0 0 0 0 0 0 0 0 0 0 0 0 0 0 0 0 0 0 0 0 0 0 0 0 0 0 0 0 0 0 0 0 0 0 0 0 0 0 0 0 0 0 0 0 0
I1103 03:48:42.986440 47200205694016 create_pretraining_data.py:161] segment_ids: 0 0 0 0 0 0 0 0 0 0 0 0 0 0 0 0 0 1 1 1 1 1 1 1 1 1 1 1 1 1 1 1 1 0 0 0 0 0 0 0 0 0 0 0 0 0 0 0 0 0 0 0 0 0 0 0 0 0 0 0 0 0 0 0 0 0 0 0 0 0 0 0 0 0 0 0 0 0 0 0 0 0 0 0 0 0 0 0 0 0 0 0 0 0 0 0 0 0 0 0 0 0 0 0 0 0 0 0 0 0 0 0 0 0 0 0 0 0 0 0 0 0 0 0 0 0 0 0
INFO:tensorflow:masked_lm_positions: 5 7 8 25 27 0 0 0 0 0 0 0 0 0 0 0 0 0 0 0
I1103 03:48:42.986562 47200205694016 create_pretraining_data.py:161] masked_lm_positions: 5 7 8 25 27 0 0 0 0 0 0 0 0 0 0 0 0 0 0 0
INFO:tensorflow:masked_lm_ids: 2038 27751 1015 15534 2366 0 0 0 0 0 0 0 0 0 0 0 0 0 0 0
I1103 03:48:42.986680 47200205694016 create_pretraining_data.py:161] masked_lm_ids: 2038 27751 1015 15534 2366 0 0 0 0 0 0 0 0 0 0 0 0 0 0 0
INFO:tensorflow:masked_lm_weights: 1.0 1.0 1.0 1.0 1.0 0.0 0.0 0.0 0.0 0.0 0.0 0.0 0.0 0.0 0.0 0.0 0.0 0.0 0.0 0.0
I1103 03:48:42.986803 47200205694016 create_pretraining_data.py:161] masked_lm_weights: 1.0 1.0 1.0 1.0 1.0 0.0 0.0 0.0 0.0 0.0 0.0 0.0 0.0 0.0 0.0 0.0 0.0 0.0 0.0 0.0
INFO:tensorflow:next_sentence_labels: 1
I1103 03:48:42.986913 47200205694016 create_pretraining_data.py:161] next_sentence_labels: 1
INFO:tensorflow:*** Example ***
I1103 03:48:42.987508 47200205694016 create_pretraining_data.py:149] *** Example ***
INFO:tensorflow:tokens: [CLS] كتب ربكم علي [MASK] الرحمه [SEP] امين ##ه [MASK] [SEP]
I1103 03:48:42.987650 47200205694016 create_pretraining_data.py:151] tokens: [CLS] كتب ربكم علي [MASK] الرحمه [SEP] امين ##ه [MASK] [SEP]
INFO:tensorflow:input_ids: 2 3199 15044 1958 4 12903 3 5316 1028 4 3 0 0 0 0 0 0 0 0 0 0 0 0 0 0 0 0 0 0 0 0 0 0 0 0 0 0 0 0 0 0 0 0 0 0 0 0 0 0 0 0 0 0 0 0 0 0 0 0 0 0 0 0 0 0 0 0 0 0 0 0 0 0 0 0 0 0 0 0 0 0 0 0 0 0 0 0 0 0 0 0 0 0 0 0 0 0 0 0 0 0 0 0 0 0 0 0 0 0 0 0 0 0 0 0 0 0 0 0 0 0 0 0 0 0 0 0 0
I1103 03:48:42.987819 47200205694016 create_pretraining_data.py:161] input_ids: 2 3199 15044 1958 4 12903 3 5316 1028 4 3 0 0 0 0 0 0 0 0 0 0 0 0 0 0 0 0 0 0 0 0 0 0 0 0 0 0 0 0 0 0 0 0 0 0 0 0 0 0 0 0 0 0 0 0 0 0 0 0 0 0 0 0 0 0 0 0 0 0 0 0 0 0 0 0 0 0 0 0 0 0 0 0 0 0 0 0 0 0 0 0 0 0 0 0 0 0 0 0 0 0 0 0 0 0 0 0 0 0 0 0 0 0 0 0 0 0 0 0 0 0 0 0 0 0 0 0 0
INFO:tensorflow:input_mask: 1 1 1 1 1 1 1 1 1 1 1 0 0 0 0 0 0 0 0 0 0 0 0 0 0 0 0 0 0 0 0 0 0 0 0 0 0 0 0 0 0 0 0 0 0 0 0 0 0 0 0 0 0 0 0 0 0 0 0 0 0 0 0 0 0 0 0 0 0 0 0 0 0 0 0 0 0 0 0 0 0 0 0 0 0 0 0 0 0 0 0 0 0 0 0 0 0 0 0 0 0 0 0 0 0 0 0 0 0 0 0 0 0 0 0 0 0 0 0 0 0 0 0 0 0 0 0 0
I1103 03:48:42.987982 47200205694016 create_pretraining_data.py:161] input_mask: 1 1 1 1 1 1 1 1 1 1 1 0 0 0 0 0 0 0 0 0 0 0 0 0 0 0 0 0 0 0 0 0 0 0 0 0 0 0 0 0 0 0 0 0 0 0 0 0 0 0 0 0 0 0 0 0 0 0 0 0 0 0 0 0 0 0 0 0 0 0 0 0 0 0 0 0 0 0 0 0 0 0 0 0 0 0 0 0 0 0 0 0 0 0 0 0 0 0 0 0 0 0 0 0 0 0 0 0 0 0 0 0 0 0 0 0 0 0 0 0 0 0 0 0 0 0 0 0
INFO:tensorflow:segment_ids: 0 0 0 0 0 0 0 1 1 1 1 0 0 0 0 0 0 0 0 0 0 0 0 0 0 0 0 0 0 0 0 0 0 0 0 0 0 0 0 0 0 0 0 0 0 0 0 0 0 0 0 0 0 0 0 0 0 0 0 0 0 0 0 0 0 0 0 0 0 0 0 0 0 0 0 0 0 0 0 0 0 0 0 0 0 0 0 0 0 0 0 0 0 0 0 0 0 0 0 0 0 0 0 0 0 0 0 0 0 0 0 0 0 0 0 0 0 0 0 0 0 0 0 0 0 0 0 0
I1103 03:48:42.988147 47200205694016 create_pretraining_data.py:161] segment_ids: 0 0 0 0 0 0 0 1 1 1 1 0 0 0 0 0 0 0 0 0 0 0 0 0 0 0 0 0 0 0 0 0 0 0 0 0 0 0 0 0 0 0 0 0 0 0 0 0 0 0 0 0 0 0 0 0 0 0 0 0 0 0 0 0 0 0 0 0 0 0 0 0 0 0 0 0 0 0 0 0 0 0 0 0 0 0 0 0 0 0 0 0 0 0 0 0 0 0 0 0 0 0 0 0 0 0 0 0 0 0 0 0 0 0 0 0 0 0 0 0 0 0 0 0 0 0 0 0
INFO:tensorflow:masked_lm_positions: 4 9 0 0 0 0 0 0 0 0 0 0 0 0 0 0 0 0 0 0
I1103 03:48:42.988289 47200205694016 create_pretraining_data.py:161] masked_lm_positions: 4 9 0 0 0 0 0 0 0 0 0 0 0 0 0 0 0 0 0 0
INFO:tensorflow:masked_lm_ids: 3081 8859 0 0 0 0 0 0 0 0 0 0 0 0 0 0 0 0 0 0
I1103 03:48:42.988411 47200205694016 create_pretraining_data.py:161] masked_lm_ids: 3081 8859 0 0 0 0 0 0 0 0 0 0 0 0 0 0 0 0 0 0
INFO:tensorflow:masked_lm_weights: 1.0 1.0 0.0 0.0 0.0 0.0 0.0 0.0 0.0 0.0 0.0 0.0 0.0 0.0 0.0 0.0 0.0 0.0 0.0 0.0
I1103 03:48:42.988530 47200205694016 create_pretraining_data.py:161] masked_lm_weights: 1.0 1.0 0.0 0.0 0.0 0.0 0.0 0.0 0.0 0.0 0.0 0.0 0.0 0.0 0.0 0.0 0.0 0.0 0.0 0.0
INFO:tensorflow:next_sentence_labels: 1
I1103 03:48:42.988640 47200205694016 create_pretraining_data.py:161] next_sentence_labels: 1
INFO:tensorflow:*** Example ***
I1103 03:48:42.989260 47200205694016 create_pretraining_data.py:149] *** Example ***
INFO:tensorflow:tokens: [CLS] فيك قلب مايعرف اسم الحنين وفي ##ني قلب لاح ##كو فيك انكس ##ر [SEP] انت اللي فاضل [MASK] الايام انت انت اللي [MASK] من الاحلام انت انت منا ##يا فرح ##ي وبك ##ايا [MASK] كفايه [MASK] [MASK] انت [SEP]
I1103 03:48:42.989414 47200205694016 create_pretraining_data.py:151] tokens: [CLS] فيك قلب مايعرف اسم الحنين وفي ##ني قلب لاح ##كو فيك انكس ##ر [SEP] انت اللي فاضل [MASK] الايام انت انت اللي [MASK] من الاحلام انت انت منا ##يا فرح ##ي وبك ##ايا [MASK] كفايه [MASK] [MASK] انت [SEP]
INFO:tensorflow:input_ids: 2 4017 2362 27548 2974 7990 2427 1974 2362 4678 2826 4017 28842 1017 3 2164 2115 19014 4 4997 2164 2164 2115 4 1908 9334 2164 2164 3501 1937 4025 1013 8919 19765 4 12015 4 4 2164 3 0 0 0 0 0 0 0 0 0 0 0 0 0 0 0 0 0 0 0 0 0 0 0 0 0 0 0 0 0 0 0 0 0 0 0 0 0 0 0 0 0 0 0 0 0 0 0 0 0 0 0 0 0 0 0 0 0 0 0 0 0 0 0 0 0 0 0 0 0 0 0 0 0 0 0 0 0 0 0 0 0 0 0 0 0 0 0 0
I1103 03:48:42.989586 47200205694016 create_pretraining_data.py:161] input_ids: 2 4017 2362 27548 2974 7990 2427 1974 2362 4678 2826 4017 28842 1017 3 2164 2115 19014 4 4997 2164 2164 2115 4 1908 9334 2164 2164 3501 1937 4025 1013 8919 19765 4 12015 4 4 2164 3 0 0 0 0 0 0 0 0 0 0 0 0 0 0 0 0 0 0 0 0 0 0 0 0 0 0 0 0 0 0 0 0 0 0 0 0 0 0 0 0 0 0 0 0 0 0 0 0 0 0 0 0 0 0 0 0 0 0 0 0 0 0 0 0 0 0 0 0 0 0 0 0 0 0 0 0 0 0 0 0 0 0 0 0 0 0 0 0
INFO:tensorflow:input_mask: 1 1 1 1 1 1 1 1 1 1 1 1 1 1 1 1 1 1 1 1 1 1 1 1 1 1 1 1 1 1 1 1 1 1 1 1 1 1 1 1 0 0 0 0 0 0 0 0 0 0 0 0 0 0 0 0 0 0 0 0 0 0 0 0 0 0 0 0 0 0 0 0 0 0 0 0 0 0 0 0 0 0 0 0 0 0 0 0 0 0 0 0 0 0 0 0 0 0 0 0 0 0 0 0 0 0 0 0 0 0 0 0 0 0 0 0 0 0 0 0 0 0 0 0 0 0 0 0
I1103 03:48:42.989747 47200205694016 create_pretraining_data.py:161] input_mask: 1 1 1 1 1 1 1 1 1 1 1 1 1 1 1 1 1 1 1 1 1 1 1 1 1 1 1 1 1 1 1 1 1 1 1 1 1 1 1 1 0 0 0 0 0 0 0 0 0 0 0 0 0 0 0 0 0 0 0 0 0 0 0 0 0 0 0 0 0 0 0 0 0 0 0 0 0 0 0 0 0 0 0 0 0 0 0 0 0 0 0 0 0 0 0 0 0 0 0 0 0 0 0 0 0 0 0 0 0 0 0 0 0 0 0 0 0 0 0 0 0 0 0 0 0 0 0 0
INFO:tensorflow:segment_ids: 0 0 0 0 0 0 0 0 0 0 0 0 0 0 0 1 1 1 1 1 1 1 1 1 1 1 1 1 1 1 1 1 1 1 1 1 1 1 1 1 0 0 0 0 0 0 0 0 0 0 0 0 0 0 0 0 0 0 0 0 0 0 0 0 0 0 0 0 0 0 0 0 0 0 0 0 0 0 0 0 0 0 0 0 0 0 0 0 0 0 0 0 0 0 0 0 0 0 0 0 0 0 0 0 0 0 0 0 0 0 0 0 0 0 0 0 0 0 0 0 0 0 0 0 0 0 0 0
I1103 03:48:42.989903 47200205694016 create_pretraining_data.py:161] segment_ids: 0 0 0 0 0 0 0 0 0 0 0 0 0 0 0 1 1 1 1 1 1 1 1 1 1 1 1 1 1 1 1 1 1 1 1 1 1 1 1 1 0 0 0 0 0 0 0 0 0 0 0 0 0 0 0 0 0 0 0 0 0 0 0 0 0 0 0 0 0 0 0 0 0 0 0 0 0 0 0 0 0 0 0 0 0 0 0 0 0 0 0 0 0 0 0 0 0 0 0 0 0 0 0 0 0 0 0 0 0 0 0 0 0 0 0 0 0 0 0 0 0 0 0 0 0 0 0 0
INFO:tensorflow:masked_lm_positions: 11 18 23 34 36 37 0 0 0 0 0 0 0 0 0 0 0 0 0 0
I1103 03:48:42.990025 47200205694016 create_pretraining_data.py:161] masked_lm_positions: 11 18 23 34 36 37 0 0 0 0 0 0 0 0 0 0 0 0 0 0
INFO:tensorflow:masked_lm_ids: 4017 1908 5421 2164 2164 2315 0 0 0 0 0 0 0 0 0 0 0 0 0 0
I1103 03:48:42.990166 47200205694016 create_pretraining_data.py:161] masked_lm_ids: 4017 1908 5421 2164 2164 2315 0 0 0 0 0 0 0 0 0 0 0 0 0 0
INFO:tensorflow:masked_lm_weights: 1.0 1.0 1.0 1.0 1.0 1.0 0.0 0.0 0.0 0.0 0.0 0.0 0.0 0.0 0.0 0.0 0.0 0.0 0.0 0.0
I1103 03:48:42.990292 47200205694016 create_pretraining_data.py:161] masked_lm_weights: 1.0 1.0 1.0 1.0 1.0 1.0 0.0 0.0 0.0 0.0 0.0 0.0 0.0 0.0 0.0 0.0 0.0 0.0 0.0 0.0
INFO:tensorflow:next_sentence_labels: 1
I1103 03:48:42.990405 47200205694016 create_pretraining_data.py:161] next_sentence_labels: 1
INFO:tensorflow:*** Example ***
I1103 03:48:42.991026 47200205694016 create_pretraining_data.py:149] *** Example ***
INFO:tensorflow:tokens: [CLS] لما تبد ##ي رايك ل الجدي [MASK] بيكون [MASK] حقك [MASK] [MASK] رايك و افكار ##ك ومن حقي ما اط ##بق ##ه ولا [MASK] [MASK] فيها فالن ##هايه المسا ##له مساله اقت ##ناع و وجهه نظر [SEP] مؤمن ان الله بيع ##وض ##ني [MASK] كل شي فات و بيع ##طين ##ي احسن ##طلاع الي راح [SEP]
I1103 03:48:42.991192 47200205694016 create_pretraining_data.py:151] tokens: [CLS] لما تبد ##ي رايك ل الجدي [MASK] بيكون [MASK] حقك [MASK] [MASK] رايك و افكار ##ك ومن حقي ما اط ##بق ##ه ولا [MASK] [MASK] فيها فالن ##هايه المسا ##له مساله اقت ##ناع و وجهه نظر [SEP] مؤمن ان الله بيع ##وض ##ني [MASK] كل شي فات و بيع ##طين ##ي احسن ##طلاع الي راح [SEP]
INFO:tensorflow:input_ids: 2 2518 18199 1013 16918 411 19815 4 18856 4 14321 4 4 16918 415 13932 1014 2298 8356 1972 2959 10522 1028 2086 4 4 2443 27987 19454 4750 1917 22427 3973 11522 415 7962 4461 3 11107 1939 1953 4116 2175 1974 4 2038 2228 5289 415 4116 5691 1013 4994 6751 2002 3490 3 0 0 0 0 0 0 0 0 0 0 0 0 0 0 0 0 0 0 0 0 0 0 0 0 0 0 0 0 0 0 0 0 0 0 0 0 0 0 0 0 0 0 0 0 0 0 0 0 0 0 0 0 0 0 0 0 0 0 0 0 0 0 0 0 0 0 0 0 0 0 0
I1103 03:48:42.991369 47200205694016 create_pretraining_data.py:161] input_ids: 2 2518 18199 1013 16918 411 19815 4 18856 4 14321 4 4 16918 415 13932 1014 2298 8356 1972 2959 10522 1028 2086 4 4 2443 27987 19454 4750 1917 22427 3973 11522 415 7962 4461 3 11107 1939 1953 4116 2175 1974 4 2038 2228 5289 415 4116 5691 1013 4994 6751 2002 3490 3 0 0 0 0 0 0 0 0 0 0 0 0 0 0 0 0 0 0 0 0 0 0 0 0 0 0 0 0 0 0 0 0 0 0 0 0 0 0 0 0 0 0 0 0 0 0 0 0 0 0 0 0 0 0 0 0 0 0 0 0 0 0 0 0 0 0 0 0 0 0 0
INFO:tensorflow:input_mask: 1 1 1 1 1 1 1 1 1 1 1 1 1 1 1 1 1 1 1 1 1 1 1 1 1 1 1 1 1 1 1 1 1 1 1 1 1 1 1 1 1 1 1 1 1 1 1 1 1 1 1 1 1 1 1 1 1 0 0 0 0 0 0 0 0 0 0 0 0 0 0 0 0 0 0 0 0 0 0 0 0 0 0 0 0 0 0 0 0 0 0 0 0 0 0 0 0 0 0 0 0 0 0 0 0 0 0 0 0 0 0 0 0 0 0 0 0 0 0 0 0 0 0 0 0 0 0 0
I1103 03:48:42.991534 47200205694016 create_pretraining_data.py:161] input_mask: 1 1 1 1 1 1 1 1 1 1 1 1 1 1 1 1 1 1 1 1 1 1 1 1 1 1 1 1 1 1 1 1 1 1 1 1 1 1 1 1 1 1 1 1 1 1 1 1 1 1 1 1 1 1 1 1 1 0 0 0 0 0 0 0 0 0 0 0 0 0 0 0 0 0 0 0 0 0 0 0 0 0 0 0 0 0 0 0 0 0 0 0 0 0 0 0 0 0 0 0 0 0 0 0 0 0 0 0 0 0 0 0 0 0 0 0 0 0 0 0 0 0 0 0 0 0 0 0
INFO:tensorflow:segment_ids: 0 0 0 0 0 0 0 0 0 0 0 0 0 0 0 0 0 0 0 0 0 0 0 0 0 0 0 0 0 0 0 0 0 0 0 0 0 0 1 1 1 1 1 1 1 1 1 1 1 1 1 1 1 1 1 1 1 0 0 0 0 0 0 0 0 0 0 0 0 0 0 0 0 0 0 0 0 0 0 0 0 0 0 0 0 0 0 0 0 0 0 0 0 0 0 0 0 0 0 0 0 0 0 0 0 0 0 0 0 0 0 0 0 0 0 0 0 0 0 0 0 0 0 0 0 0 0 0
I1103 03:48:42.991692 47200205694016 create_pretraining_data.py:161] segment_ids: 0 0 0 0 0 0 0 0 0 0 0 0 0 0 0 0 0 0 0 0 0 0 0 0 0 0 0 0 0 0 0 0 0 0 0 0 0 0 1 1 1 1 1 1 1 1 1 1 1 1 1 1 1 1 1 1 1 0 0 0 0 0 0 0 0 0 0 0 0 0 0 0 0 0 0 0 0 0 0 0 0 0 0 0 0 0 0 0 0 0 0 0 0 0 0 0 0 0 0 0 0 0 0 0 0 0 0 0 0 0 0 0 0 0 0 0 0 0 0 0 0 0 0 0 0 0 0 0
INFO:tensorflow:masked_lm_positions: 5 7 9 11 12 24 25 44 53 0 0 0 0 0 0 0 0 0 0 0
I1103 03:48:42.991815 47200205694016 create_pretraining_data.py:161] masked_lm_positions: 5 7 9 11 12 24 25 44 53 0 0 0 0 0 0 0 0 0 0 0
INFO:tensorflow:masked_lm_ids: 411 10226 1908 2694 17606 3973 3102 1955 1908 0 0 0 0 0 0 0 0 0 0 0
I1103 03:48:42.991949 47200205694016 create_pretraining_data.py:161] masked_lm_ids: 411 10226 1908 2694 17606 3973 3102 1955 1908 0 0 0 0 0 0 0 0 0 0 0
INFO:tensorflow:masked_lm_weights: 1.0 1.0 1.0 1.0 1.0 1.0 1.0 1.0 1.0 0.0 0.0 0.0 0.0 0.0 0.0 0.0 0.0 0.0 0.0 0.0
I1103 03:48:42.992073 47200205694016 create_pretraining_data.py:161] masked_lm_weights: 1.0 1.0 1.0 1.0 1.0 1.0 1.0 1.0 1.0 0.0 0.0 0.0 0.0 0.0 0.0 0.0 0.0 0.0 0.0 0.0
INFO:tensorflow:next_sentence_labels: 1
I1103 03:48:42.992191 47200205694016 create_pretraining_data.py:161] next_sentence_labels: 1
INFO:tensorflow:*** Example ***
I1103 03:48:42.992802 47200205694016 create_pretraining_data.py:149] *** Example ***
INFO:tensorflow:tokens: [CLS] ربما يكون هناك اشخاص اراد القدر ان يكونوا [MASK] حياتك [MASK] [MASK] نفسك في صراع بين طبع العطاء ومر ##اره الجفا ##ء [SEP] حنونه تمثل المغرب والمغرب العربي وبس واق ##هر المقه ##ور [MASK] حنان تمثل المغرب حنان [MASK] المغرب [MASK] [SEP]
I1103 03:48:42.992956 47200205694016 create_pretraining_data.py:151] tokens: [CLS] ربما يكون هناك اشخاص اراد القدر ان يكونوا [MASK] حياتك [MASK] [MASK] نفسك في صراع بين طبع العطاء ومر ##اره الجفا ##ء [SEP] حنونه تمثل المغرب والمغرب العربي وبس واق ##هر المقه ##ور [MASK] حنان تمثل المغرب حنان [MASK] المغرب [MASK] [SEP]
INFO:tensorflow:input_ids: 2 5227 2461 2671 7096 7304 7465 1939 12805 4 4540 4 4 3665 1912 13843 2117 10292 10906 5688 2418 22745 1053 3 27163 5701 3768 16672 2659 11315 5888 2121 18517 1936 4 5159 5701 3768 5159 4 3768 4 3 0 0 0 0 0 0 0 0 0 0 0 0 0 0 0 0 0 0 0 0 0 0 0 0 0 0 0 0 0 0 0 0 0 0 0 0 0 0 0 0 0 0 0 0 0 0 0 0 0 0 0 0 0 0 0 0 0 0 0 0 0 0 0 0 0 0 0 0 0 0 0 0 0 0 0 0 0 0 0 0 0 0 0 0 0
I1103 03:48:42.993140 47200205694016 create_pretraining_data.py:161] input_ids: 2 5227 2461 2671 7096 7304 7465 1939 12805 4 4540 4 4 3665 1912 13843 2117 10292 10906 5688 2418 22745 1053 3 27163 5701 3768 16672 2659 11315 5888 2121 18517 1936 4 5159 5701 3768 5159 4 3768 4 3 0 0 0 0 0 0 0 0 0 0 0 0 0 0 0 0 0 0 0 0 0 0 0 0 0 0 0 0 0 0 0 0 0 0 0 0 0 0 0 0 0 0 0 0 0 0 0 0 0 0 0 0 0 0 0 0 0 0 0 0 0 0 0 0 0 0 0 0 0 0 0 0 0 0 0 0 0 0 0 0 0 0 0 0 0
INFO:tensorflow:input_mask: 1 1 1 1 1 1 1 1 1 1 1 1 1 1 1 1 1 1 1 1 1 1 1 1 1 1 1 1 1 1 1 1 1 1 1 1 1 1 1 1 1 1 1 0 0 0 0 0 0 0 0 0 0 0 0 0 0 0 0 0 0 0 0 0 0 0 0 0 0 0 0 0 0 0 0 0 0 0 0 0 0 0 0 0 0 0 0 0 0 0 0 0 0 0 0 0 0 0 0 0 0 0 0 0 0 0 0 0 0 0 0 0 0 0 0 0 0 0 0 0 0 0 0 0 0 0 0 0
I1103 03:48:42.993305 47200205694016 create_pretraining_data.py:161] input_mask: 1 1 1 1 1 1 1 1 1 1 1 1 1 1 1 1 1 1 1 1 1 1 1 1 1 1 1 1 1 1 1 1 1 1 1 1 1 1 1 1 1 1 1 0 0 0 0 0 0 0 0 0 0 0 0 0 0 0 0 0 0 0 0 0 0 0 0 0 0 0 0 0 0 0 0 0 0 0 0 0 0 0 0 0 0 0 0 0 0 0 0 0 0 0 0 0 0 0 0 0 0 0 0 0 0 0 0 0 0 0 0 0 0 0 0 0 0 0 0 0 0 0 0 0 0 0 0 0
INFO:tensorflow:segment_ids: 0 0 0 0 0 0 0 0 0 0 0 0 0 0 0 0 0 0 0 0 0 0 0 0 1 1 1 1 1 1 1 1 1 1 1 1 1 1 1 1 1 1 1 0 0 0 0 0 0 0 0 0 0 0 0 0 0 0 0 0 0 0 0 0 0 0 0 0 0 0 0 0 0 0 0 0 0 0 0 0 0 0 0 0 0 0 0 0 0 0 0 0 0 0 0 0 0 0 0 0 0 0 0 0 0 0 0 0 0 0 0 0 0 0 0 0 0 0 0 0 0 0 0 0 0 0 0 0
I1103 03:48:42.993461 47200205694016 create_pretraining_data.py:161] segment_ids: 0 0 0 0 0 0 0 0 0 0 0 0 0 0 0 0 0 0 0 0 0 0 0 0 1 1 1 1 1 1 1 1 1 1 1 1 1 1 1 1 1 1 1 0 0 0 0 0 0 0 0 0 0 0 0 0 0 0 0 0 0 0 0 0 0 0 0 0 0 0 0 0 0 0 0 0 0 0 0 0 0 0 0 0 0 0 0 0 0 0 0 0 0 0 0 0 0 0 0 0 0 0 0 0 0 0 0 0 0 0 0 0 0 0 0 0 0 0 0 0 0 0 0 0 0 0 0 0
INFO:tensorflow:masked_lm_positions: 9 11 12 34 39 41 0 0 0 0 0 0 0 0 0 0 0 0 0 0
I1103 03:48:42.993582 47200205694016 create_pretraining_data.py:161] masked_lm_positions: 9 11 12 34 39 41 0 0 0 0 0 0 0 0 0 0 0 0 0 0
INFO:tensorflow:masked_lm_ids: 1912 5868 1016 8279 5701 2659 0 0 0 0 0 0 0 0 0 0 0 0 0 0
I1103 03:48:42.993700 47200205694016 create_pretraining_data.py:161] masked_lm_ids: 1912 5868 1016 8279 5701 2659 0 0 0 0 0 0 0 0 0 0 0 0 0 0
INFO:tensorflow:masked_lm_weights: 1.0 1.0 1.0 1.0 1.0 1.0 0.0 0.0 0.0 0.0 0.0 0.0 0.0 0.0 0.0 0.0 0.0 0.0 0.0 0.0
I1103 03:48:42.993838 47200205694016 create_pretraining_data.py:161] masked_lm_weights: 1.0 1.0 1.0 1.0 1.0 1.0 0.0 0.0 0.0 0.0 0.0 0.0 0.0 0.0 0.0 0.0 0.0 0.0 0.0 0.0
INFO:tensorflow:next_sentence_labels: 1
I1103 03:48:42.993949 47200205694016 create_pretraining_data.py:161] next_sentence_labels: 1
INFO:tensorflow:*** Example ***
I1103 03:48:42.994569 47200205694016 create_pretraining_data.py:149] *** Example ***
INFO:tensorflow:tokens: [CLS] ومن [MASK] اسباب الرفع ##ه في الدار ##ين الاست ##قام ##ه [MASK] الدين والث ##بات احب سناب ##اته وايد [SEP] [MASK] هذا غش عيني ##را [SEP]
I1103 03:48:42.994719 47200205694016 create_pretraining_data.py:151] tokens: [CLS] ومن [MASK] اسباب الرفع ##ه في الدار ##ين الاست ##قام ##ه [MASK] الدين والث ##بات احب سناب ##اته وايد [SEP] [MASK] هذا غش عيني ##را [SEP]
INFO:tensorflow:input_ids: 2 2298 4 7032 29714 1028 1912 7761 1911 2320 5662 1028 4 2825 3660 2428 2744 6672 2755 20666 3 4 2085 26106 4606 1925 3 0 0 0 0 0 0 0 0 0 0 0 0 0 0 0 0 0 0 0 0 0 0 0 0 0 0 0 0 0 0 0 0 0 0 0 0 0 0 0 0 0 0 0 0 0 0 0 0 0 0 0 0 0 0 0 0 0 0 0 0 0 0 0 0 0 0 0 0 0 0 0 0 0 0 0 0 0 0 0 0 0 0 0 0 0 0 0 0 0 0 0 0 0 0 0 0 0 0 0 0 0
I1103 03:48:42.994893 47200205694016 create_pretraining_data.py:161] input_ids: 2 2298 4 7032 29714 1028 1912 7761 1911 2320 5662 1028 4 2825 3660 2428 2744 6672 2755 20666 3 4 2085 26106 4606 1925 3 0 0 0 0 0 0 0 0 0 0 0 0 0 0 0 0 0 0 0 0 0 0 0 0 0 0 0 0 0 0 0 0 0 0 0 0 0 0 0 0 0 0 0 0 0 0 0 0 0 0 0 0 0 0 0 0 0 0 0 0 0 0 0 0 0 0 0 0 0 0 0 0 0 0 0 0 0 0 0 0 0 0 0 0 0 0 0 0 0 0 0 0 0 0 0 0 0 0 0 0 0
INFO:tensorflow:input_mask: 1 1 1 1 1 1 1 1 1 1 1 1 1 1 1 1 1 1 1 1 1 1 1 1 1 1 1 0 0 0 0 0 0 0 0 0 0 0 0 0 0 0 0 0 0 0 0 0 0 0 0 0 0 0 0 0 0 0 0 0 0 0 0 0 0 0 0 0 0 0 0 0 0 0 0 0 0 0 0 0 0 0 0 0 0 0 0 0 0 0 0 0 0 0 0 0 0 0 0 0 0 0 0 0 0 0 0 0 0 0 0 0 0 0 0 0 0 0 0 0 0 0 0 0 0 0 0 0
I1103 03:48:42.995057 47200205694016 create_pretraining_data.py:161] input_mask: 1 1 1 1 1 1 1 1 1 1 1 1 1 1 1 1 1 1 1 1 1 1 1 1 1 1 1 0 0 0 0 0 0 0 0 0 0 0 0 0 0 0 0 0 0 0 0 0 0 0 0 0 0 0 0 0 0 0 0 0 0 0 0 0 0 0 0 0 0 0 0 0 0 0 0 0 0 0 0 0 0 0 0 0 0 0 0 0 0 0 0 0 0 0 0 0 0 0 0 0 0 0 0 0 0 0 0 0 0 0 0 0 0 0 0 0 0 0 0 0 0 0 0 0 0 0 0 0
INFO:tensorflow:segment_ids: 0 0 0 0 0 0 0 0 0 0 0 0 0 0 0 0 0 0 0 0 0 1 1 1 1 1 1 0 0 0 0 0 0 0 0 0 0 0 0 0 0 0 0 0 0 0 0 0 0 0 0 0 0 0 0 0 0 0 0 0 0 0 0 0 0 0 0 0 0 0 0 0 0 0 0 0 0 0 0 0 0 0 0 0 0 0 0 0 0 0 0 0 0 0 0 0 0 0 0 0 0 0 0 0 0 0 0 0 0 0 0 0 0 0 0 0 0 0 0 0 0 0 0 0 0 0 0 0
I1103 03:48:42.995222 47200205694016 create_pretraining_data.py:161] segment_ids: 0 0 0 0 0 0 0 0 0 0 0 0 0 0 0 0 0 0 0 0 0 1 1 1 1 1 1 0 0 0 0 0 0 0 0 0 0 0 0 0 0 0 0 0 0 0 0 0 0 0 0 0 0 0 0 0 0 0 0 0 0 0 0 0 0 0 0 0 0 0 0 0 0 0 0 0 0 0 0 0 0 0 0 0 0 0 0 0 0 0 0 0 0 0 0 0 0 0 0 0 0 0 0 0 0 0 0 0 0 0 0 0 0 0 0 0 0 0 0 0 0 0 0 0 0 0 0 0
INFO:tensorflow:masked_lm_positions: 2 12 21 25 0 0 0 0 0 0 0 0 0 0 0 0 0 0 0 0
I1103 03:48:42.995344 47200205694016 create_pretraining_data.py:161] masked_lm_positions: 2 12 21 25 0 0 0 0 0 0 0 0 0 0 0 0 0 0 0 0
INFO:tensorflow:masked_lm_ids: 6082 1958 3495 10721 0 0 0 0 0 0 0 0 0 0 0 0 0 0 0 0
I1103 03:48:42.995462 47200205694016 create_pretraining_data.py:161] masked_lm_ids: 6082 1958 3495 10721 0 0 0 0 0 0 0 0 0 0 0 0 0 0 0 0
INFO:tensorflow:masked_lm_weights: 1.0 1.0 1.0 1.0 0.0 0.0 0.0 0.0 0.0 0.0 0.0 0.0 0.0 0.0 0.0 0.0 0.0 0.0 0.0 0.0
I1103 03:48:42.995583 47200205694016 create_pretraining_data.py:161] masked_lm_weights: 1.0 1.0 1.0 1.0 0.0 0.0 0.0 0.0 0.0 0.0 0.0 0.0 0.0 0.0 0.0 0.0 0.0 0.0 0.0 0.0
INFO:tensorflow:next_sentence_labels: 1
I1103 03:48:42.995693 47200205694016 create_pretraining_data.py:161] next_sentence_labels: 1
INFO:tensorflow:*** Example ***
I1103 03:48:42.996312 47200205694016 create_pretraining_data.py:149] *** Example ***
INFO:tensorflow:tokens: [CLS] [MASK] قال اني لا ابو ##ح اخبر ##ت ربي الإله [MASK] اقرب يا رفا ##ق من شاء يوما ان [MASK] [MASK] فاروق جوي ##ده [SEP] جاد ##ه وج ##اه ##زه لاح ##لي [MASK] كويتي ##ه ونا ##طره اللي سوي رتويت برس ##له خاص [MASK] ساد ##يه كب ##لز [SEP]
I1103 03:48:42.996493 47200205694016 create_pretraining_data.py:151] tokens: [CLS] [MASK] قال اني لا ابو ##ح اخبر ##ت ربي الإله [MASK] اقرب يا رفا ##ق من شاء يوما ان [MASK] [MASK] فاروق جوي ##ده [SEP] جاد ##ه وج ##اه ##زه لاح ##لي [MASK] كويتي ##ه ونا ##طره اللي سوي رتويت برس ##له خاص [MASK] ساد ##يه كب ##لز [SEP]
INFO:tensorflow:input_ids: 2 4 2136 2694 1963 3388 1032 17840 1005 2949 13920 4 8042 2104 18278 1011 1908 4217 4038 1939 4 4 15155 12014 2124 3 11247 1028 2200 2030 3040 4678 1907 4 16453 1028 4916 8573 2115 4871 2928 7217 1917 3068 4 14381 1988 3413 2149 3 0 0 0 0 0 0 0 0 0 0 0 0 0 0 0 0 0 0 0 0 0 0 0 0 0 0 0 0 0 0 0 0 0 0 0 0 0 0 0 0 0 0 0 0 0 0 0 0 0 0 0 0 0 0 0 0 0 0 0 0 0 0 0 0 0 0 0 0 0 0 0 0 0 0 0 0 0 0
I1103 03:48:42.996674 47200205694016 create_pretraining_data.py:161] input_ids: 2 4 2136 2694 1963 3388 1032 17840 1005 2949 13920 4 8042 2104 18278 1011 1908 4217 4038 1939 4 4 15155 12014 2124 3 11247 1028 2200 2030 3040 4678 1907 4 16453 1028 4916 8573 2115 4871 2928 7217 1917 3068 4 14381 1988 3413 2149 3 0 0 0 0 0 0 0 0 0 0 0 0 0 0 0 0 0 0 0 0 0 0 0 0 0 0 0 0 0 0 0 0 0 0 0 0 0 0 0 0 0 0 0 0 0 0 0 0 0 0 0 0 0 0 0 0 0 0 0 0 0 0 0 0 0 0 0 0 0 0 0 0 0 0 0 0 0 0
INFO:tensorflow:input_mask: 1 1 1 1 1 1 1 1 1 1 1 1 1 1 1 1 1 1 1 1 1 1 1 1 1 1 1 1 1 1 1 1 1 1 1 1 1 1 1 1 1 1 1 1 1 1 1 1 1 1 0 0 0 0 0 0 0 0 0 0 0 0 0 0 0 0 0 0 0 0 0 0 0 0 0 0 0 0 0 0 0 0 0 0 0 0 0 0 0 0 0 0 0 0 0 0 0 0 0 0 0 0 0 0 0 0 0 0 0 0 0 0 0 0 0 0 0 0 0 0 0 0 0 0 0 0 0 0
I1103 03:48:42.996840 47200205694016 create_pretraining_data.py:161] input_mask: 1 1 1 1 1 1 1 1 1 1 1 1 1 1 1 1 1 1 1 1 1 1 1 1 1 1 1 1 1 1 1 1 1 1 1 1 1 1 1 1 1 1 1 1 1 1 1 1 1 1 0 0 0 0 0 0 0 0 0 0 0 0 0 0 0 0 0 0 0 0 0 0 0 0 0 0 0 0 0 0 0 0 0 0 0 0 0 0 0 0 0 0 0 0 0 0 0 0 0 0 0 0 0 0 0 0 0 0 0 0 0 0 0 0 0 0 0 0 0 0 0 0 0 0 0 0 0 0
INFO:tensorflow:segment_ids: 0 0 0 0 0 0 0 0 0 0 0 0 0 0 0 0 0 0 0 0 0 0 0 0 0 0 1 1 1 1 1 1 1 1 1 1 1 1 1 1 1 1 1 1 1 1 1 1 1 1 0 0 0 0 0 0 0 0 0 0 0 0 0 0 0 0 0 0 0 0 0 0 0 0 0 0 0 0 0 0 0 0 0 0 0 0 0 0 0 0 0 0 0 0 0 0 0 0 0 0 0 0 0 0 0 0 0 0 0 0 0 0 0 0 0 0 0 0 0 0 0 0 0 0 0 0 0 0
I1103 03:48:42.997000 47200205694016 create_pretraining_data.py:161] segment_ids: 0 0 0 0 0 0 0 0 0 0 0 0 0 0 0 0 0 0 0 0 0 0 0 0 0 0 1 1 1 1 1 1 1 1 1 1 1 1 1 1 1 1 1 1 1 1 1 1 1 1 0 0 0 0 0 0 0 0 0 0 0 0 0 0 0 0 0 0 0 0 0 0 0 0 0 0 0 0 0 0 0 0 0 0 0 0 0 0 0 0 0 0 0 0 0 0 0 0 0 0 0 0 0 0 0 0 0 0 0 0 0 0 0 0 0 0 0 0 0 0 0 0 0 0 0 0 0 0
INFO:tensorflow:masked_lm_positions: 1 4 10 11 20 21 33 44 0 0 0 0 0 0 0 0 0 0 0 0
I1103 03:48:42.997128 47200205694016 create_pretraining_data.py:161] masked_lm_positions: 1 4 10 11 20 21 33 44 0 0 0 0 0 0 0 0 0 0 0 0
INFO:tensorflow:masked_lm_ids: 1908 1963 28179 4442 2888 2517 5246 15470 0 0 0 0 0 0 0 0 0 0 0 0
I1103 03:48:42.997250 47200205694016 create_pretraining_data.py:161] masked_lm_ids: 1908 1963 28179 4442 2888 2517 5246 15470 0 0 0 0 0 0 0 0 0 0 0 0
INFO:tensorflow:masked_lm_weights: 1.0 1.0 1.0 1.0 1.0 1.0 1.0 1.0 0.0 0.0 0.0 0.0 0.0 0.0 0.0 0.0 0.0 0.0 0.0 0.0
I1103 03:48:42.997371 47200205694016 create_pretraining_data.py:161] masked_lm_weights: 1.0 1.0 1.0 1.0 1.0 1.0 1.0 1.0 0.0 0.0 0.0 0.0 0.0 0.0 0.0 0.0 0.0 0.0 0.0 0.0
INFO:tensorflow:next_sentence_labels: 1
I1103 03:48:42.997482 47200205694016 create_pretraining_data.py:161] next_sentence_labels: 1
INFO:tensorflow:*** Example ***
I1103 03:48:42.998072 47200205694016 create_pretraining_data.py:149] *** Example ***
INFO:tensorflow:tokens: [CLS] يارب لا تجعلني ضعيف ##ه امام ظروف الحياه [SEP] الحمدلله و [MASK] اكبر استغفر الله [MASK] لا حول ولا قوه [MASK] بالله سبحان الله وبحمده لا اله الا [MASK] سبحانك اني كنت من [MASK] [SEP]
I1103 03:48:42.998230 47200205694016 create_pretraining_data.py:151] tokens: [CLS] يارب لا تجعلني ضعيف ##ه امام ظروف الحياه [SEP] الحمدلله و [MASK] اكبر استغفر الله [MASK] لا حول ولا قوه [MASK] بالله سبحان الله وبحمده لا اله الا [MASK] سبحانك اني كنت من [MASK] [SEP]
INFO:tensorflow:input_ids: 2 2856 1963 17523 10761 1028 3558 7960 3014 3 4062 415 4 3294 2870 1953 4 1963 2528 2086 5079 4 3351 2575 1953 4276 1963 2090 1915 4 5702 2694 2678 1908 4 3 0 0 0 0 0 0 0 0 0 0 0 0 0 0 0 0 0 0 0 0 0 0 0 0 0 0 0 0 0 0 0 0 0 0 0 0 0 0 0 0 0 0 0 0 0 0 0 0 0 0 0 0 0 0 0 0 0 0 0 0 0 0 0 0 0 0 0 0 0 0 0 0 0 0 0 0 0 0 0 0 0 0 0 0 0 0 0 0 0 0 0 0
I1103 03:48:42.998425 47200205694016 create_pretraining_data.py:161] input_ids: 2 2856 1963 17523 10761 1028 3558 7960 3014 3 4062 415 4 3294 2870 1953 4 1963 2528 2086 5079 4 3351 2575 1953 4276 1963 2090 1915 4 5702 2694 2678 1908 4 3 0 0 0 0 0 0 0 0 0 0 0 0 0 0 0 0 0 0 0 0 0 0 0 0 0 0 0 0 0 0 0 0 0 0 0 0 0 0 0 0 0 0 0 0 0 0 0 0 0 0 0 0 0 0 0 0 0 0 0 0 0 0 0 0 0 0 0 0 0 0 0 0 0 0 0 0 0 0 0 0 0 0 0 0 0 0 0 0 0 0 0 0
INFO:tensorflow:input_mask: 1 1 1 1 1 1 1 1 1 1 1 1 1 1 1 1 1 1 1 1 1 1 1 1 1 1 1 1 1 1 1 1 1 1 1 1 0 0 0 0 0 0 0 0 0 0 0 0 0 0 0 0 0 0 0 0 0 0 0 0 0 0 0 0 0 0 0 0 0 0 0 0 0 0 0 0 0 0 0 0 0 0 0 0 0 0 0 0 0 0 0 0 0 0 0 0 0 0 0 0 0 0 0 0 0 0 0 0 0 0 0 0 0 0 0 0 0 0 0 0 0 0 0 0 0 0 0 0
I1103 03:48:42.998592 47200205694016 create_pretraining_data.py:161] input_mask: 1 1 1 1 1 1 1 1 1 1 1 1 1 1 1 1 1 1 1 1 1 1 1 1 1 1 1 1 1 1 1 1 1 1 1 1 0 0 0 0 0 0 0 0 0 0 0 0 0 0 0 0 0 0 0 0 0 0 0 0 0 0 0 0 0 0 0 0 0 0 0 0 0 0 0 0 0 0 0 0 0 0 0 0 0 0 0 0 0 0 0 0 0 0 0 0 0 0 0 0 0 0 0 0 0 0 0 0 0 0 0 0 0 0 0 0 0 0 0 0 0 0 0 0 0 0 0 0
INFO:tensorflow:segment_ids: 0 0 0 0 0 0 0 0 0 0 1 1 1 1 1 1 1 1 1 1 1 1 1 1 1 1 1 1 1 1 1 1 1 1 1 1 0 0 0 0 0 0 0 0 0 0 0 0 0 0 0 0 0 0 0 0 0 0 0 0 0 0 0 0 0 0 0 0 0 0 0 0 0 0 0 0 0 0 0 0 0 0 0 0 0 0 0 0 0 0 0 0 0 0 0 0 0 0 0 0 0 0 0 0 0 0 0 0 0 0 0 0 0 0 0 0 0 0 0 0 0 0 0 0 0 0 0 0
I1103 03:48:42.998753 47200205694016 create_pretraining_data.py:161] segment_ids: 0 0 0 0 0 0 0 0 0 0 1 1 1 1 1 1 1 1 1 1 1 1 1 1 1 1 1 1 1 1 1 1 1 1 1 1 0 0 0 0 0 0 0 0 0 0 0 0 0 0 0 0 0 0 0 0 0 0 0 0 0 0 0 0 0 0 0 0 0 0 0 0 0 0 0 0 0 0 0 0 0 0 0 0 0 0 0 0 0 0 0 0 0 0 0 0 0 0 0 0 0 0 0 0 0 0 0 0 0 0 0 0 0 0 0 0 0 0 0 0 0 0 0 0 0 0 0 0
INFO:tensorflow:masked_lm_positions: 12 16 21 29 34 0 0 0 0 0 0 0 0 0 0 0 0 0 0 0
I1103 03:48:42.998878 47200205694016 create_pretraining_data.py:161] masked_lm_positions: 12 16 21 29 34 0 0 0 0 0 0 0 0 0 0 0 0 0 0 0
INFO:tensorflow:masked_lm_ids: 1953 3049 2090 2164 7618 0 0 0 0 0 0 0 0 0 0 0 0 0 0 0
I1103 03:48:42.998995 47200205694016 create_pretraining_data.py:161] masked_lm_ids: 1953 3049 2090 2164 7618 0 0 0 0 0 0 0 0 0 0 0 0 0 0 0
INFO:tensorflow:masked_lm_weights: 1.0 1.0 1.0 1.0 1.0 0.0 0.0 0.0 0.0 0.0 0.0 0.0 0.0 0.0 0.0 0.0 0.0 0.0 0.0 0.0
I1103 03:48:42.999120 47200205694016 create_pretraining_data.py:161] masked_lm_weights: 1.0 1.0 1.0 1.0 1.0 0.0 0.0 0.0 0.0 0.0 0.0 0.0 0.0 0.0 0.0 0.0 0.0 0.0 0.0 0.0
INFO:tensorflow:next_sentence_labels: 1
I1103 03:48:42.999232 47200205694016 create_pretraining_data.py:161] next_sentence_labels: 1
INFO:tensorflow:*** Example ***
I1103 03:48:42.999842 47200205694016 create_pretraining_data.py:149] *** Example ***
INFO:tensorflow:tokens: [CLS] [MASK] انصر جنودنا رجال الحد الجنوبي وسدد رميهم اللهم ثبت اقدامهم واحفظهم يارب السعوديه اليمن [SEP] جمهور ايهاب بليز [MASK] اكثر [MASK] كون ##و قد التحدي [MASK] [MASK] وصل ##و [MASK] 100 متابع ماجد المهندس خطي ##و [SEP]
I1103 03:48:42.999997 47200205694016 create_pretraining_data.py:151] tokens: [CLS] [MASK] انصر جنودنا رجال الحد الجنوبي وسدد رميهم اللهم ثبت اقدامهم واحفظهم يارب السعوديه اليمن [SEP] جمهور ايهاب بليز [MASK] اكثر [MASK] كون ##و قد التحدي [MASK] [MASK] وصل ##و [MASK] 100 متابع ماجد المهندس خطي ##و [SEP]
INFO:tensorflow:input_ids: 2 4 15642 9977 4077 3259 5922 13930 14784 2168 7932 27302 27943 2856 2721 3432 3 4642 5800 13324 4 2695 4 4207 1012 2251 15230 4 4 4810 1012 4 3869 3472 9266 7307 15463 1012 3 0 0 0 0 0 0 0 0 0 0 0 0 0 0 0 0 0 0 0 0 0 0 0 0 0 0 0 0 0 0 0 0 0 0 0 0 0 0 0 0 0 0 0 0 0 0 0 0 0 0 0 0 0 0 0 0 0 0 0 0 0 0 0 0 0 0 0 0 0 0 0 0 0 0 0 0 0 0 0 0 0 0 0 0 0 0 0 0 0
I1103 03:48:43.000195 47200205694016 create_pretraining_data.py:161] input_ids: 2 4 15642 9977 4077 3259 5922 13930 14784 2168 7932 27302 27943 2856 2721 3432 3 4642 5800 13324 4 2695 4 4207 1012 2251 15230 4 4 4810 1012 4 3869 3472 9266 7307 15463 1012 3 0 0 0 0 0 0 0 0 0 0 0 0 0 0 0 0 0 0 0 0 0 0 0 0 0 0 0 0 0 0 0 0 0 0 0 0 0 0 0 0 0 0 0 0 0 0 0 0 0 0 0 0 0 0 0 0 0 0 0 0 0 0 0 0 0 0 0 0 0 0 0 0 0 0 0 0 0 0 0 0 0 0 0 0 0 0 0 0 0
INFO:tensorflow:input_mask: 1 1 1 1 1 1 1 1 1 1 1 1 1 1 1 1 1 1 1 1 1 1 1 1 1 1 1 1 1 1 1 1 1 1 1 1 1 1 1 0 0 0 0 0 0 0 0 0 0 0 0 0 0 0 0 0 0 0 0 0 0 0 0 0 0 0 0 0 0 0 0 0 0 0 0 0 0 0 0 0 0 0 0 0 0 0 0 0 0 0 0 0 0 0 0 0 0 0 0 0 0 0 0 0 0 0 0 0 0 0 0 0 0 0 0 0 0 0 0 0 0 0 0 0 0 0 0 0
I1103 03:48:43.000365 47200205694016 create_pretraining_data.py:161] input_mask: 1 1 1 1 1 1 1 1 1 1 1 1 1 1 1 1 1 1 1 1 1 1 1 1 1 1 1 1 1 1 1 1 1 1 1 1 1 1 1 0 0 0 0 0 0 0 0 0 0 0 0 0 0 0 0 0 0 0 0 0 0 0 0 0 0 0 0 0 0 0 0 0 0 0 0 0 0 0 0 0 0 0 0 0 0 0 0 0 0 0 0 0 0 0 0 0 0 0 0 0 0 0 0 0 0 0 0 0 0 0 0 0 0 0 0 0 0 0 0 0 0 0 0 0 0 0 0 0
INFO:tensorflow:segment_ids: 0 0 0 0 0 0 0 0 0 0 0 0 0 0 0 0 0 1 1 1 1 1 1 1 1 1 1 1 1 1 1 1 1 1 1 1 1 1 1 0 0 0 0 0 0 0 0 0 0 0 0 0 0 0 0 0 0 0 0 0 0 0 0 0 0 0 0 0 0 0 0 0 0 0 0 0 0 0 0 0 0 0 0 0 0 0 0 0 0 0 0 0 0 0 0 0 0 0 0 0 0 0 0 0 0 0 0 0 0 0 0 0 0 0 0 0 0 0 0 0 0 0 0 0 0 0 0 0
I1103 03:48:43.000524 47200205694016 create_pretraining_data.py:161] segment_ids: 0 0 0 0 0 0 0 0 0 0 0 0 0 0 0 0 0 1 1 1 1 1 1 1 1 1 1 1 1 1 1 1 1 1 1 1 1 1 1 0 0 0 0 0 0 0 0 0 0 0 0 0 0 0 0 0 0 0 0 0 0 0 0 0 0 0 0 0 0 0 0 0 0 0 0 0 0 0 0 0 0 0 0 0 0 0 0 0 0 0 0 0 0 0 0 0 0 0 0 0 0 0 0 0 0 0 0 0 0 0 0 0 0 0 0 0 0 0 0 0 0 0 0 0 0 0 0 0
INFO:tensorflow:masked_lm_positions: 1 20 22 27 28 31 0 0 0 0 0 0 0 0 0 0 0 0 0 0
I1103 03:48:43.000645 47200205694016 create_pretraining_data.py:161] masked_lm_positions: 1 20 22 27 28 31 0 0 0 0 0 0 0 0 0 0 0 0 0 0
INFO:tensorflow:masked_lm_ids: 2168 6588 25844 7139 3736 12397 0 0 0 0 0 0 0 0 0 0 0 0 0 0
I1103 03:48:43.000764 47200205694016 create_pretraining_data.py:161] masked_lm_ids: 2168 6588 25844 7139 3736 12397 0 0 0 0 0 0 0 0 0 0 0 0 0 0
INFO:tensorflow:masked_lm_weights: 1.0 1.0 1.0 1.0 1.0 1.0 0.0 0.0 0.0 0.0 0.0 0.0 0.0 0.0 0.0 0.0 0.0 0.0 0.0 0.0
I1103 03:48:43.000885 47200205694016 create_pretraining_data.py:161] masked_lm_weights: 1.0 1.0 1.0 1.0 1.0 1.0 0.0 0.0 0.0 0.0 0.0 0.0 0.0 0.0 0.0 0.0 0.0 0.0 0.0 0.0
INFO:tensorflow:next_sentence_labels: 1
I1103 03:48:43.000996 47200205694016 create_pretraining_data.py:161] next_sentence_labels: 1
INFO:tensorflow:*** Example ***
I1103 03:48:43.001604 47200205694016 create_pretraining_data.py:149] *** Example ***
INFO:tensorflow:tokens: [CLS] ياغ ##الي [MASK] [MASK] [MASK] الليل وتر ##ا واست ##غفار ##ا ولات ##نس ##ون اننا ننام في امن وط ##مانينه [MASK] يديم ##ها هناك من يسهر الليل بين القذا ##ئ ##ف [MASK] دعواتكم [SEP] وانا [MASK] الذي من يعشق عيوب ##ه [SEP]
I1103 03:48:43.001762 47200205694016 create_pretraining_data.py:151] tokens: [CLS] ياغ ##الي [MASK] [MASK] [MASK] الليل وتر ##ا واست ##غفار ##ا ولات ##نس ##ون اننا ننام في امن وط ##مانينه [MASK] يديم ##ها هناك من يسهر الليل بين القذا ##ئ ##ف [MASK] دعواتكم [SEP] وانا [MASK] الذي من يعشق عيوب ##ه [SEP]
INFO:tensorflow:input_ids: 2 26183 2145 4 4 4 3792 7247 1007 2983 5462 1007 7571 2227 1922 5839 28247 1912 4135 2806 12123 4 15473 1913 2671 1908 28861 3792 2117 14586 1042 1037 4 12549 3 3257 4 2130 1908 15338 10306 1028 3 0 0 0 0 0 0 0 0 0 0 0 0 0 0 0 0 0 0 0 0 0 0 0 0 0 0 0 0 0 0 0 0 0 0 0 0 0 0 0 0 0 0 0 0 0 0 0 0 0 0 0 0 0 0 0 0 0 0 0 0 0 0 0 0 0 0 0 0 0 0 0 0 0 0 0 0 0 0 0 0 0 0 0 0 0
I1103 03:48:43.001963 47200205694016 create_pretraining_data.py:161] input_ids: 2 26183 2145 4 4 4 3792 7247 1007 2983 5462 1007 7571 2227 1922 5839 28247 1912 4135 2806 12123 4 15473 1913 2671 1908 28861 3792 2117 14586 1042 1037 4 12549 3 3257 4 2130 1908 15338 10306 1028 3 0 0 0 0 0 0 0 0 0 0 0 0 0 0 0 0 0 0 0 0 0 0 0 0 0 0 0 0 0 0 0 0 0 0 0 0 0 0 0 0 0 0 0 0 0 0 0 0 0 0 0 0 0 0 0 0 0 0 0 0 0 0 0 0 0 0 0 0 0 0 0 0 0 0 0 0 0 0 0 0 0 0 0 0 0
INFO:tensorflow:input_mask: 1 1 1 1 1 1 1 1 1 1 1 1 1 1 1 1 1 1 1 1 1 1 1 1 1 1 1 1 1 1 1 1 1 1 1 1 1 1 1 1 1 1 1 0 0 0 0 0 0 0 0 0 0 0 0 0 0 0 0 0 0 0 0 0 0 0 0 0 0 0 0 0 0 0 0 0 0 0 0 0 0 0 0 0 0 0 0 0 0 0 0 0 0 0 0 0 0 0 0 0 0 0 0 0 0 0 0 0 0 0 0 0 0 0 0 0 0 0 0 0 0 0 0 0 0 0 0 0
I1103 03:48:43.002138 47200205694016 create_pretraining_data.py:161] input_mask: 1 1 1 1 1 1 1 1 1 1 1 1 1 1 1 1 1 1 1 1 1 1 1 1 1 1 1 1 1 1 1 1 1 1 1 1 1 1 1 1 1 1 1 0 0 0 0 0 0 0 0 0 0 0 0 0 0 0 0 0 0 0 0 0 0 0 0 0 0 0 0 0 0 0 0 0 0 0 0 0 0 0 0 0 0 0 0 0 0 0 0 0 0 0 0 0 0 0 0 0 0 0 0 0 0 0 0 0 0 0 0 0 0 0 0 0 0 0 0 0 0 0 0 0 0 0 0 0
INFO:tensorflow:segment_ids: 0 0 0 0 0 0 0 0 0 0 0 0 0 0 0 0 0 0 0 0 0 0 0 0 0 0 0 0 0 0 0 0 0 0 0 1 1 1 1 1 1 1 1 0 0 0 0 0 0 0 0 0 0 0 0 0 0 0 0 0 0 0 0 0 0 0 0 0 0 0 0 0 0 0 0 0 0 0 0 0 0 0 0 0 0 0 0 0 0 0 0 0 0 0 0 0 0 0 0 0 0 0 0 0 0 0 0 0 0 0 0 0 0 0 0 0 0 0 0 0 0 0 0 0 0 0 0 0
I1103 03:48:43.002298 47200205694016 create_pretraining_data.py:161] segment_ids: 0 0 0 0 0 0 0 0 0 0 0 0 0 0 0 0 0 0 0 0 0 0 0 0 0 0 0 0 0 0 0 0 0 0 0 1 1 1 1 1 1 1 1 0 0 0 0 0 0 0 0 0 0 0 0 0 0 0 0 0 0 0 0 0 0 0 0 0 0 0 0 0 0 0 0 0 0 0 0 0 0 0 0 0 0 0 0 0 0 0 0 0 0 0 0 0 0 0 0 0 0 0 0 0 0 0 0 0 0 0 0 0 0 0 0 0 0 0 0 0 0 0 0 0 0 0 0 0
INFO:tensorflow:masked_lm_positions: 3 4 5 21 32 36 0 0 0 0 0 0 0 0 0 0 0 0 0 0
I1103 03:48:43.002420 47200205694016 create_pretraining_data.py:161] masked_lm_positions: 3 4 5 21 32 36 0 0 0 0 0 0 0 0 0 0 0 0 0 0
INFO:tensorflow:masked_lm_ids: 4608 2278 1908 1953 26105 5114 0 0 0 0 0 0 0 0 0 0 0 0 0 0
I1103 03:48:43.002537 47200205694016 create_pretraining_data.py:161] masked_lm_ids: 4608 2278 1908 1953 26105 5114 0 0 0 0 0 0 0 0 0 0 0 0 0 0
INFO:tensorflow:masked_lm_weights: 1.0 1.0 1.0 1.0 1.0 1.0 0.0 0.0 0.0 0.0 0.0 0.0 0.0 0.0 0.0 0.0 0.0 0.0 0.0 0.0
I1103 03:48:43.002657 47200205694016 create_pretraining_data.py:161] masked_lm_weights: 1.0 1.0 1.0 1.0 1.0 1.0 0.0 0.0 0.0 0.0 0.0 0.0 0.0 0.0 0.0 0.0 0.0 0.0 0.0 0.0
INFO:tensorflow:next_sentence_labels: 1
I1103 03:48:43.002767 47200205694016 create_pretraining_data.py:161] next_sentence_labels: 1
INFO:tensorflow:*** Example ***
I1103 03:48:43.003396 47200205694016 create_pretraining_data.py:149] *** Example ***
INFO:tensorflow:tokens: [CLS] 1 يشتكي معتقل ##ي الطرف ##يه و [MASK] [MASK] انه [MASK] ضرب واذ ##يه المعتقلين اصبحت المعا ##مله اليوميه سيئه و اصبح استدعاء [MASK] [MASK] الطوارئ عند كل نداء لمع ##ت ##قل [SEP] [MASK] مدينه الغياب كل الشوارع اسمها انتظار [SEP]
I1103 03:48:43.003551 47200205694016 create_pretraining_data.py:151] tokens: [CLS] 1 يشتكي معتقل ##ي الطرف ##يه و [MASK] [MASK] انه [MASK] ضرب واذ ##يه المعتقلين اصبحت المعا ##مله اليوميه سيئه و اصبح استدعاء [MASK] [MASK] الطوارئ عند كل نداء لمع ##ت ##قل [SEP] [MASK] مدينه الغياب كل الشوارع اسمها انتظار [SEP]
INFO:tensorflow:input_ids: 2 21 29318 27216 1013 9865 1988 415 4 4 2615 4 7984 18573 1988 14309 7762 7112 24965 28009 17890 415 4768 24260 4 4 13788 2192 2038 10326 5862 1005 2246 3 4 6934 8973 2038 10347 10923 9431 3 0 0 0 0 0 0 0 0 0 0 0 0 0 0 0 0 0 0 0 0 0 0 0 0 0 0 0 0 0 0 0 0 0 0 0 0 0 0 0 0 0 0 0 0 0 0 0 0 0 0 0 0 0 0 0 0 0 0 0 0 0 0 0 0 0 0 0 0 0 0 0 0 0 0 0 0 0 0 0 0 0 0 0 0 0 0
I1103 03:48:43.003724 47200205694016 create_pretraining_data.py:161] input_ids: 2 21 29318 27216 1013 9865 1988 415 4 4 2615 4 7984 18573 1988 14309 7762 7112 24965 28009 17890 415 4768 24260 4 4 13788 2192 2038 10326 5862 1005 2246 3 4 6934 8973 2038 10347 10923 9431 3 0 0 0 0 0 0 0 0 0 0 0 0 0 0 0 0 0 0 0 0 0 0 0 0 0 0 0 0 0 0 0 0 0 0 0 0 0 0 0 0 0 0 0 0 0 0 0 0 0 0 0 0 0 0 0 0 0 0 0 0 0 0 0 0 0 0 0 0 0 0 0 0 0 0 0 0 0 0 0 0 0 0 0 0 0 0
INFO:tensorflow:input_mask: 1 1 1 1 1 1 1 1 1 1 1 1 1 1 1 1 1 1 1 1 1 1 1 1 1 1 1 1 1 1 1 1 1 1 1 1 1 1 1 1 1 1 0 0 0 0 0 0 0 0 0 0 0 0 0 0 0 0 0 0 0 0 0 0 0 0 0 0 0 0 0 0 0 0 0 0 0 0 0 0 0 0 0 0 0 0 0 0 0 0 0 0 0 0 0 0 0 0 0 0 0 0 0 0 0 0 0 0 0 0 0 0 0 0 0 0 0 0 0 0 0 0 0 0 0 0 0 0
I1103 03:48:43.003906 47200205694016 create_pretraining_data.py:161] input_mask: 1 1 1 1 1 1 1 1 1 1 1 1 1 1 1 1 1 1 1 1 1 1 1 1 1 1 1 1 1 1 1 1 1 1 1 1 1 1 1 1 1 1 0 0 0 0 0 0 0 0 0 0 0 0 0 0 0 0 0 0 0 0 0 0 0 0 0 0 0 0 0 0 0 0 0 0 0 0 0 0 0 0 0 0 0 0 0 0 0 0 0 0 0 0 0 0 0 0 0 0 0 0 0 0 0 0 0 0 0 0 0 0 0 0 0 0 0 0 0 0 0 0 0 0 0 0 0 0
INFO:tensorflow:segment_ids: 0 0 0 0 0 0 0 0 0 0 0 0 0 0 0 0 0 0 0 0 0 0 0 0 0 0 0 0 0 0 0 0 0 0 1 1 1 1 1 1 1 1 0 0 0 0 0 0 0 0 0 0 0 0 0 0 0 0 0 0 0 0 0 0 0 0 0 0 0 0 0 0 0 0 0 0 0 0 0 0 0 0 0 0 0 0 0 0 0 0 0 0 0 0 0 0 0 0 0 0 0 0 0 0 0 0 0 0 0 0 0 0 0 0 0 0 0 0 0 0 0 0 0 0 0 0 0 0
I1103 03:48:43.004067 47200205694016 create_pretraining_data.py:161] segment_ids: 0 0 0 0 0 0 0 0 0 0 0 0 0 0 0 0 0 0 0 0 0 0 0 0 0 0 0 0 0 0 0 0 0 0 1 1 1 1 1 1 1 1 0 0 0 0 0 0 0 0 0 0 0 0 0 0 0 0 0 0 0 0 0 0 0 0 0 0 0 0 0 0 0 0 0 0 0 0 0 0 0 0 0 0 0 0 0 0 0 0 0 0 0 0 0 0 0 0 0 0 0 0 0 0 0 0 0 0 0 0 0 0 0 0 0 0 0 0 0 0 0 0 0 0 0 0 0 0
INFO:tensorflow:masked_lm_positions: 8 9 11 24 25 34 0 0 0 0 0 0 0 0 0 0 0 0 0 0
I1103 03:48:43.004207 47200205694016 create_pretraining_data.py:161] masked_lm_positions: 8 9 11 24 25 34 0 0 0 0 0 0 0 0 0 0 0 0 0 0
INFO:tensorflow:masked_lm_ids: 4325 7823 2089 22985 2014 1912 0 0 0 0 0 0 0 0 0 0 0 0 0 0
I1103 03:48:43.004326 47200205694016 create_pretraining_data.py:161] masked_lm_ids: 4325 7823 2089 22985 2014 1912 0 0 0 0 0 0 0 0 0 0 0 0 0 0
INFO:tensorflow:masked_lm_weights: 1.0 1.0 1.0 1.0 1.0 1.0 0.0 0.0 0.0 0.0 0.0 0.0 0.0 0.0 0.0 0.0 0.0 0.0 0.0 0.0
I1103 03:48:43.004446 47200205694016 create_pretraining_data.py:161] masked_lm_weights: 1.0 1.0 1.0 1.0 1.0 1.0 0.0 0.0 0.0 0.0 0.0 0.0 0.0 0.0 0.0 0.0 0.0 0.0 0.0 0.0
INFO:tensorflow:next_sentence_labels: 1
I1103 03:48:43.004557 47200205694016 create_pretraining_data.py:161] next_sentence_labels: 1
INFO:tensorflow:*** Example ***
I1103 03:48:43.005153 47200205694016 create_pretraining_data.py:149] *** Example ***
INFO:tensorflow:tokens: [CLS] [MASK] الله واتوب اليه [SEP] هاشتاق [MASK] لست مسلم متصدر الترند في لندن [MASK] اللي صر ##خ [MASK] احد الموجودين [MASK] محطه المت ##رو في وجه المعت ##دي ورد ##دته ##ا لندن [SEP]
I1103 03:48:43.005303 47200205694016 create_pretraining_data.py:151] tokens: [CLS] [MASK] الله واتوب اليه [SEP] هاشتاق [MASK] لست مسلم متصدر الترند في لندن [MASK] اللي صر ##خ [MASK] احد الموجودين [MASK] محطه المت ##رو في وجه المعت ##دي ورد ##دته ##ا لندن [SEP]
INFO:tensorflow:input_ids: 2 4 1953 3915 3055 3 14699 4 7223 4123 18191 16675 1912 7072 4 2115 9440 1036 4 2439 28594 4 25435 2087 1981 1912 2879 4610 1930 4788 22072 1007 7072 3 0 0 0 0 0 0 0 0 0 0 0 0 0 0 0 0 0 0 0 0 0 0 0 0 0 0 0 0 0 0 0 0 0 0 0 0 0 0 0 0 0 0 0 0 0 0 0 0 0 0 0 0 0 0 0 0 0 0 0 0 0 0 0 0 0 0 0 0 0 0 0 0 0 0 0 0 0 0 0 0 0 0 0 0 0 0 0 0 0 0 0 0 0 0
I1103 03:48:43.005475 47200205694016 create_pretraining_data.py:161] input_ids: 2 4 1953 3915 3055 3 14699 4 7223 4123 18191 16675 1912 7072 4 2115 9440 1036 4 2439 28594 4 25435 2087 1981 1912 2879 4610 1930 4788 22072 1007 7072 3 0 0 0 0 0 0 0 0 0 0 0 0 0 0 0 0 0 0 0 0 0 0 0 0 0 0 0 0 0 0 0 0 0 0 0 0 0 0 0 0 0 0 0 0 0 0 0 0 0 0 0 0 0 0 0 0 0 0 0 0 0 0 0 0 0 0 0 0 0 0 0 0 0 0 0 0 0 0 0 0 0 0 0 0 0 0 0 0 0 0 0 0 0 0
INFO:tensorflow:input_mask: 1 1 1 1 1 1 1 1 1 1 1 1 1 1 1 1 1 1 1 1 1 1 1 1 1 1 1 1 1 1 1 1 1 1 0 0 0 0 0 0 0 0 0 0 0 0 0 0 0 0 0 0 0 0 0 0 0 0 0 0 0 0 0 0 0 0 0 0 0 0 0 0 0 0 0 0 0 0 0 0 0 0 0 0 0 0 0 0 0 0 0 0 0 0 0 0 0 0 0 0 0 0 0 0 0 0 0 0 0 0 0 0 0 0 0 0 0 0 0 0 0 0 0 0 0 0 0 0
I1103 03:48:43.005658 47200205694016 create_pretraining_data.py:161] input_mask: 1 1 1 1 1 1 1 1 1 1 1 1 1 1 1 1 1 1 1 1 1 1 1 1 1 1 1 1 1 1 1 1 1 1 0 0 0 0 0 0 0 0 0 0 0 0 0 0 0 0 0 0 0 0 0 0 0 0 0 0 0 0 0 0 0 0 0 0 0 0 0 0 0 0 0 0 0 0 0 0 0 0 0 0 0 0 0 0 0 0 0 0 0 0 0 0 0 0 0 0 0 0 0 0 0 0 0 0 0 0 0 0 0 0 0 0 0 0 0 0 0 0 0 0 0 0 0 0
INFO:tensorflow:segment_ids: 0 0 0 0 0 0 1 1 1 1 1 1 1 1 1 1 1 1 1 1 1 1 1 1 1 1 1 1 1 1 1 1 1 1 0 0 0 0 0 0 0 0 0 0 0 0 0 0 0 0 0 0 0 0 0 0 0 0 0 0 0 0 0 0 0 0 0 0 0 0 0 0 0 0 0 0 0 0 0 0 0 0 0 0 0 0 0 0 0 0 0 0 0 0 0 0 0 0 0 0 0 0 0 0 0 0 0 0 0 0 0 0 0 0 0 0 0 0 0 0 0 0 0 0 0 0 0 0
I1103 03:48:43.005819 47200205694016 create_pretraining_data.py:161] segment_ids: 0 0 0 0 0 0 1 1 1 1 1 1 1 1 1 1 1 1 1 1 1 1 1 1 1 1 1 1 1 1 1 1 1 1 0 0 0 0 0 0 0 0 0 0 0 0 0 0 0 0 0 0 0 0 0 0 0 0 0 0 0 0 0 0 0 0 0 0 0 0 0 0 0 0 0 0 0 0 0 0 0 0 0 0 0 0 0 0 0 0 0 0 0 0 0 0 0 0 0 0 0 0 0 0 0 0 0 0 0 0 0 0 0 0 0 0 0 0 0 0 0 0 0 0 0 0 0 0
INFO:tensorflow:masked_lm_positions: 1 7 14 18 21 0 0 0 0 0 0 0 0 0 0 0 0 0 0 0
I1103 03:48:43.005940 47200205694016 create_pretraining_data.py:161] masked_lm_positions: 1 7 14 18 21 0 0 0 0 0 0 0 0 0 0 0 0 0 0 0
INFO:tensorflow:masked_lm_ids: 2870 2164 12661 2459 1912 0 0 0 0 0 0 0 0 0 0 0 0 0 0 0
I1103 03:48:43.006058 47200205694016 create_pretraining_data.py:161] masked_lm_ids: 2870 2164 12661 2459 1912 0 0 0 0 0 0 0 0 0 0 0 0 0 0 0
INFO:tensorflow:masked_lm_weights: 1.0 1.0 1.0 1.0 1.0 0.0 0.0 0.0 0.0 0.0 0.0 0.0 0.0 0.0 0.0 0.0 0.0 0.0 0.0 0.0
I1103 03:48:43.006186 47200205694016 create_pretraining_data.py:161] masked_lm_weights: 1.0 1.0 1.0 1.0 1.0 0.0 0.0 0.0 0.0 0.0 0.0 0.0 0.0 0.0 0.0 0.0 0.0 0.0 0.0 0.0
INFO:tensorflow:next_sentence_labels: 1
I1103 03:48:43.006296 47200205694016 create_pretraining_data.py:161] next_sentence_labels: 1
INFO:tensorflow:*** Example ***
I1103 03:48:43.006900 47200205694016 create_pretraining_data.py:149] *** Example ***
INFO:tensorflow:tokens: [CLS] ياب ##ها من [MASK] [SEP] [MASK] صل وسلم علي نبينا محمد [SEP]
I1103 03:48:43.007044 47200205694016 create_pretraining_data.py:151] tokens: [CLS] ياب ##ها من [MASK] [SEP] [MASK] صل وسلم علي نبينا محمد [SEP]
INFO:tensorflow:input_ids: 2 5453 1913 1908 4 3 4 3991 2565 1958 5762 2202 3 0 0 0 0 0 0 0 0 0 0 0 0 0 0 0 0 0 0 0 0 0 0 0 0 0 0 0 0 0 0 0 0 0 0 0 0 0 0 0 0 0 0 0 0 0 0 0 0 0 0 0 0 0 0 0 0 0 0 0 0 0 0 0 0 0 0 0 0 0 0 0 0 0 0 0 0 0 0 0 0 0 0 0 0 0 0 0 0 0 0 0 0 0 0 0 0 0 0 0 0 0 0 0 0 0 0 0 0 0 0 0 0 0 0 0
I1103 03:48:43.007217 47200205694016 create_pretraining_data.py:161] input_ids: 2 5453 1913 1908 4 3 4 3991 2565 1958 5762 2202 3 0 0 0 0 0 0 0 0 0 0 0 0 0 0 0 0 0 0 0 0 0 0 0 0 0 0 0 0 0 0 0 0 0 0 0 0 0 0 0 0 0 0 0 0 0 0 0 0 0 0 0 0 0 0 0 0 0 0 0 0 0 0 0 0 0 0 0 0 0 0 0 0 0 0 0 0 0 0 0 0 0 0 0 0 0 0 0 0 0 0 0 0 0 0 0 0 0 0 0 0 0 0 0 0 0 0 0 0 0 0 0 0 0 0 0
INFO:tensorflow:input_mask: 1 1 1 1 1 1 1 1 1 1 1 1 1 0 0 0 0 0 0 0 0 0 0 0 0 0 0 0 0 0 0 0 0 0 0 0 0 0 0 0 0 0 0 0 0 0 0 0 0 0 0 0 0 0 0 0 0 0 0 0 0 0 0 0 0 0 0 0 0 0 0 0 0 0 0 0 0 0 0 0 0 0 0 0 0 0 0 0 0 0 0 0 0 0 0 0 0 0 0 0 0 0 0 0 0 0 0 0 0 0 0 0 0 0 0 0 0 0 0 0 0 0 0 0 0 0 0 0
I1103 03:48:43.007378 47200205694016 create_pretraining_data.py:161] input_mask: 1 1 1 1 1 1 1 1 1 1 1 1 1 0 0 0 0 0 0 0 0 0 0 0 0 0 0 0 0 0 0 0 0 0 0 0 0 0 0 0 0 0 0 0 0 0 0 0 0 0 0 0 0 0 0 0 0 0 0 0 0 0 0 0 0 0 0 0 0 0 0 0 0 0 0 0 0 0 0 0 0 0 0 0 0 0 0 0 0 0 0 0 0 0 0 0 0 0 0 0 0 0 0 0 0 0 0 0 0 0 0 0 0 0 0 0 0 0 0 0 0 0 0 0 0 0 0 0
INFO:tensorflow:segment_ids: 0 0 0 0 0 0 1 1 1 1 1 1 1 0 0 0 0 0 0 0 0 0 0 0 0 0 0 0 0 0 0 0 0 0 0 0 0 0 0 0 0 0 0 0 0 0 0 0 0 0 0 0 0 0 0 0 0 0 0 0 0 0 0 0 0 0 0 0 0 0 0 0 0 0 0 0 0 0 0 0 0 0 0 0 0 0 0 0 0 0 0 0 0 0 0 0 0 0 0 0 0 0 0 0 0 0 0 0 0 0 0 0 0 0 0 0 0 0 0 0 0 0 0 0 0 0 0 0
I1103 03:48:43.007537 47200205694016 create_pretraining_data.py:161] segment_ids: 0 0 0 0 0 0 1 1 1 1 1 1 1 0 0 0 0 0 0 0 0 0 0 0 0 0 0 0 0 0 0 0 0 0 0 0 0 0 0 0 0 0 0 0 0 0 0 0 0 0 0 0 0 0 0 0 0 0 0 0 0 0 0 0 0 0 0 0 0 0 0 0 0 0 0 0 0 0 0 0 0 0 0 0 0 0 0 0 0 0 0 0 0 0 0 0 0 0 0 0 0 0 0 0 0 0 0 0 0 0 0 0 0 0 0 0 0 0 0 0 0 0 0 0 0 0 0 0
INFO:tensorflow:masked_lm_positions: 4 6 0 0 0 0 0 0 0 0 0 0 0 0 0 0 0 0 0 0
I1103 03:48:43.007678 47200205694016 create_pretraining_data.py:161] masked_lm_positions: 4 6 0 0 0 0 0 0 0 0 0 0 0 0 0 0 0 0 0 0
INFO:tensorflow:masked_lm_ids: 3762 2168 0 0 0 0 0 0 0 0 0 0 0 0 0 0 0 0 0 0
I1103 03:48:43.007798 47200205694016 create_pretraining_data.py:161] masked_lm_ids: 3762 2168 0 0 0 0 0 0 0 0 0 0 0 0 0 0 0 0 0 0
INFO:tensorflow:masked_lm_weights: 1.0 1.0 0.0 0.0 0.0 0.0 0.0 0.0 0.0 0.0 0.0 0.0 0.0 0.0 0.0 0.0 0.0 0.0 0.0 0.0
I1103 03:48:43.007918 47200205694016 create_pretraining_data.py:161] masked_lm_weights: 1.0 1.0 0.0 0.0 0.0 0.0 0.0 0.0 0.0 0.0 0.0 0.0 0.0 0.0 0.0 0.0 0.0 0.0 0.0 0.0
INFO:tensorflow:next_sentence_labels: 1
I1103 03:48:43.008030 47200205694016 create_pretraining_data.py:161] next_sentence_labels: 1
INFO:tensorflow:*** Example ***
I1103 03:48:43.008650 47200205694016 create_pretraining_data.py:149] *** Example ***
INFO:tensorflow:tokens: [CLS] استغفرالله العظيم واتوب اليه [SEP] النفوس الطيبه تستطيع ان تخ ##جله ##ا باي ##سر معروف النفوس الخبي ##ثه [MASK] اشع ##لت لها روحك لت ##ضيء طريقها [MASK] [MASK] [MASK] انك لاز ##لت [MASK] ##ave بحقه ##ا [SEP]
I1103 03:48:43.008802 47200205694016 create_pretraining_data.py:151] tokens: [CLS] استغفرالله العظيم واتوب اليه [SEP] النفوس الطيبه تستطيع ان تخ ##جله ##ا باي ##سر معروف النفوس الخبي ##ثه [MASK] اشع ##لت لها روحك لت ##ضيء طريقها [MASK] [MASK] [MASK] انك لاز ##لت [MASK] ##ave بحقه ##ا [SEP]
INFO:tensorflow:input_ids: 2 5045 3049 3915 3055 3 10875 11032 5637 1939 2661 16695 1007 6729 2734 9216 10875 18992 7135 4 29455 1919 2553 12291 2219 22320 16351 4 4 4 2963 13624 1919 4 5573 27397 1007 3 0 0 0 0 0 0 0 0 0 0 0 0 0 0 0 0 0 0 0 0 0 0 0 0 0 0 0 0 0 0 0 0 0 0 0 0 0 0 0 0 0 0 0 0 0 0 0 0 0 0 0 0 0 0 0 0 0 0 0 0 0 0 0 0 0 0 0 0 0 0 0 0 0 0 0 0 0 0 0 0 0 0 0 0 0 0 0 0 0 0
I1103 03:48:43.008977 47200205694016 create_pretraining_data.py:161] input_ids: 2 5045 3049 3915 3055 3 10875 11032 5637 1939 2661 16695 1007 6729 2734 9216 10875 18992 7135 4 29455 1919 2553 12291 2219 22320 16351 4 4 4 2963 13624 1919 4 5573 27397 1007 3 0 0 0 0 0 0 0 0 0 0 0 0 0 0 0 0 0 0 0 0 0 0 0 0 0 0 0 0 0 0 0 0 0 0 0 0 0 0 0 0 0 0 0 0 0 0 0 0 0 0 0 0 0 0 0 0 0 0 0 0 0 0 0 0 0 0 0 0 0 0 0 0 0 0 0 0 0 0 0 0 0 0 0 0 0 0 0 0 0 0
INFO:tensorflow:input_mask: 1 1 1 1 1 1 1 1 1 1 1 1 1 1 1 1 1 1 1 1 1 1 1 1 1 1 1 1 1 1 1 1 1 1 1 1 1 1 0 0 0 0 0 0 0 0 0 0 0 0 0 0 0 0 0 0 0 0 0 0 0 0 0 0 0 0 0 0 0 0 0 0 0 0 0 0 0 0 0 0 0 0 0 0 0 0 0 0 0 0 0 0 0 0 0 0 0 0 0 0 0 0 0 0 0 0 0 0 0 0 0 0 0 0 0 0 0 0 0 0 0 0 0 0 0 0 0 0
I1103 03:48:43.009147 47200205694016 create_pretraining_data.py:161] input_mask: 1 1 1 1 1 1 1 1 1 1 1 1 1 1 1 1 1 1 1 1 1 1 1 1 1 1 1 1 1 1 1 1 1 1 1 1 1 1 0 0 0 0 0 0 0 0 0 0 0 0 0 0 0 0 0 0 0 0 0 0 0 0 0 0 0 0 0 0 0 0 0 0 0 0 0 0 0 0 0 0 0 0 0 0 0 0 0 0 0 0 0 0 0 0 0 0 0 0 0 0 0 0 0 0 0 0 0 0 0 0 0 0 0 0 0 0 0 0 0 0 0 0 0 0 0 0 0 0
INFO:tensorflow:segment_ids: 0 0 0 0 0 0 1 1 1 1 1 1 1 1 1 1 1 1 1 1 1 1 1 1 1 1 1 1 1 1 1 1 1 1 1 1 1 1 0 0 0 0 0 0 0 0 0 0 0 0 0 0 0 0 0 0 0 0 0 0 0 0 0 0 0 0 0 0 0 0 0 0 0 0 0 0 0 0 0 0 0 0 0 0 0 0 0 0 0 0 0 0 0 0 0 0 0 0 0 0 0 0 0 0 0 0 0 0 0 0 0 0 0 0 0 0 0 0 0 0 0 0 0 0 0 0 0 0
I1103 03:48:43.009305 47200205694016 create_pretraining_data.py:161] segment_ids: 0 0 0 0 0 0 1 1 1 1 1 1 1 1 1 1 1 1 1 1 1 1 1 1 1 1 1 1 1 1 1 1 1 1 1 1 1 1 0 0 0 0 0 0 0 0 0 0 0 0 0 0 0 0 0 0 0 0 0 0 0 0 0 0 0 0 0 0 0 0 0 0 0 0 0 0 0 0 0 0 0 0 0 0 0 0 0 0 0 0 0 0 0 0 0 0 0 0 0 0 0 0 0 0 0 0 0 0 0 0 0 0 0 0 0 0 0 0 0 0 0 0 0 0 0 0 0 0
INFO:tensorflow:masked_lm_positions: 19 27 28 29 33 34 0 0 0 0 0 0 0 0 0 0 0 0 0 0
I1103 03:48:43.009445 47200205694016 create_pretraining_data.py:161] masked_lm_positions: 19 27 28 29 33 34 0 0 0 0 0 0 0 0 0 0 0 0 0 0
INFO:tensorflow:masked_lm_ids: 2244 2333 11635 1014 13425 1925 0 0 0 0 0 0 0 0 0 0 0 0 0 0
I1103 03:48:43.009567 47200205694016 create_pretraining_data.py:161] masked_lm_ids: 2244 2333 11635 1014 13425 1925 0 0 0 0 0 0 0 0 0 0 0 0 0 0
INFO:tensorflow:masked_lm_weights: 1.0 1.0 1.0 1.0 1.0 1.0 0.0 0.0 0.0 0.0 0.0 0.0 0.0 0.0 0.0 0.0 0.0 0.0 0.0 0.0
I1103 03:48:43.009688 47200205694016 create_pretraining_data.py:161] masked_lm_weights: 1.0 1.0 1.0 1.0 1.0 1.0 0.0 0.0 0.0 0.0 0.0 0.0 0.0 0.0 0.0 0.0 0.0 0.0 0.0 0.0
INFO:tensorflow:next_sentence_labels: 1
I1103 03:48:43.009798 47200205694016 create_pretraining_data.py:161] next_sentence_labels: 1
INFO:tensorflow:Wrote 9999440 total instances
I1103 04:52:04.172473 47200205694016 create_pretraining_data.py:166] Wrote 9999440 total instances
