Loading module 'all'
WARNING:tensorflow:From ../bert/create_pretraining_data.py:469: The name tf.app.run is deprecated. Please use tf.compat.v1.app.run instead.

WARNING:tensorflow:From ../bert/create_pretraining_data.py:437: The name tf.logging.set_verbosity is deprecated. Please use tf.compat.v1.logging.set_verbosity instead.

W1103 14:45:46.653661 47421142193216 module_wrapper.py:139] From ../bert/create_pretraining_data.py:437: The name tf.logging.set_verbosity is deprecated. Please use tf.compat.v1.logging.set_verbosity instead.

WARNING:tensorflow:From ../bert/create_pretraining_data.py:437: The name tf.logging.INFO is deprecated. Please use tf.compat.v1.logging.INFO instead.

W1103 14:45:46.653975 47421142193216 module_wrapper.py:139] From ../bert/create_pretraining_data.py:437: The name tf.logging.INFO is deprecated. Please use tf.compat.v1.logging.INFO instead.

WARNING:tensorflow:From /scratch/gi372/CAMeLBERT/bert/tokenization.py:125: The name tf.gfile.GFile is deprecated. Please use tf.io.gfile.GFile instead.

W1103 14:45:46.654275 47421142193216 module_wrapper.py:139] From /scratch/gi372/CAMeLBERT/bert/tokenization.py:125: The name tf.gfile.GFile is deprecated. Please use tf.io.gfile.GFile instead.

WARNING:tensorflow:From ../bert/create_pretraining_data.py:444: The name tf.gfile.Glob is deprecated. Please use tf.io.gfile.glob instead.

W1103 14:45:46.785478 47421142193216 module_wrapper.py:139] From ../bert/create_pretraining_data.py:444: The name tf.gfile.Glob is deprecated. Please use tf.io.gfile.glob instead.

WARNING:tensorflow:From ../bert/create_pretraining_data.py:446: The name tf.logging.info is deprecated. Please use tf.compat.v1.logging.info instead.

W1103 14:45:46.818309 47421142193216 module_wrapper.py:139] From ../bert/create_pretraining_data.py:446: The name tf.logging.info is deprecated. Please use tf.compat.v1.logging.info instead.

INFO:tensorflow:*** Reading from input files ***
I1103 14:45:46.818525 47421142193216 create_pretraining_data.py:446] *** Reading from input files ***
INFO:tensorflow:  ../corpora/shards/DA-ali2019-500m-tweet.bw.ar.lines.shard.371.normalized.sents
I1103 14:45:46.818662 47421142193216 create_pretraining_data.py:448]   ../corpora/shards/DA-ali2019-500m-tweet.bw.ar.lines.shard.371.normalized.sents
INFO:tensorflow:*** Writing to output files ***
I1103 15:27:12.263486 47421142193216 create_pretraining_data.py:457] *** Writing to output files ***
INFO:tensorflow:  ../corpora/tfrecord_wp-30k_msl-128/DA-ali2019-500m-tweet.bw.ar.lines.shard.371.tf_record
I1103 15:27:12.278348 47421142193216 create_pretraining_data.py:459]   ../corpora/tfrecord_wp-30k_msl-128/DA-ali2019-500m-tweet.bw.ar.lines.shard.371.tf_record
WARNING:tensorflow:From ../bert/create_pretraining_data.py:101: The name tf.python_io.TFRecordWriter is deprecated. Please use tf.io.TFRecordWriter instead.

W1103 15:27:12.281294 47421142193216 module_wrapper.py:139] From ../bert/create_pretraining_data.py:101: The name tf.python_io.TFRecordWriter is deprecated. Please use tf.io.TFRecordWriter instead.

INFO:tensorflow:*** Example ***
I1103 15:27:12.283941 47421142193216 create_pretraining_data.py:149] *** Example ***
INFO:tensorflow:tokens: [CLS] كل نصراوي [MASK] [MASK] متوا ##جد البصرية يعمل ريتويت ضيفني اضيفك دعم [MASK] نصراوي ##ه رسائل نصراوي ##ه النصر [SEP] باولو مال ##دين ##ي هو من سجل [MASK] هدف في نهائي دوري ابطال اوروبا [MASK] سجل هدفا ضد نادي نادي ليفربول عند الثانيه 53 في نهائي دوري [MASK] 2005 [SEP]
I1103 15:27:12.284229 47421142193216 create_pretraining_data.py:151] tokens: [CLS] كل نصراوي [MASK] [MASK] متوا ##جد البصرية يعمل ريتويت ضيفني اضيفك دعم [MASK] نصراوي ##ه رسائل نصراوي ##ه النصر [SEP] باولو مال ##دين ##ي هو من سجل [MASK] هدف في نهائي دوري ابطال اوروبا [MASK] سجل هدفا ضد نادي نادي ليفربول عند الثانيه 53 في نهائي دوري [MASK] 2005 [SEP]
INFO:tensorflow:input_ids: 2 2038 20008 4 4 12139 2448 21920 4471 3425 17358 27467 3592 4 20008 1028 7036 20008 1028 3059 3 25537 4133 2292 1013 2139 1908 4846 4 4130 1912 8179 4299 7821 9721 4 4846 14670 3051 3557 3557 11935 2192 9576 10871 1912 8179 4299 4 8854 3 0 0 0 0 0 0 0 0 0 0 0 0 0 0 0 0 0 0 0 0 0 0 0 0 0 0 0 0 0 0 0 0 0 0 0 0 0 0 0 0 0 0 0 0 0 0 0 0 0 0 0 0 0 0 0 0 0 0 0 0 0 0 0 0 0 0 0 0 0 0 0 0 0 0 0 0 0
I1103 15:27:12.285414 47421142193216 create_pretraining_data.py:161] input_ids: 2 2038 20008 4 4 12139 2448 21920 4471 3425 17358 27467 3592 4 20008 1028 7036 20008 1028 3059 3 25537 4133 2292 1013 2139 1908 4846 4 4130 1912 8179 4299 7821 9721 4 4846 14670 3051 3557 3557 11935 2192 9576 10871 1912 8179 4299 4 8854 3 0 0 0 0 0 0 0 0 0 0 0 0 0 0 0 0 0 0 0 0 0 0 0 0 0 0 0 0 0 0 0 0 0 0 0 0 0 0 0 0 0 0 0 0 0 0 0 0 0 0 0 0 0 0 0 0 0 0 0 0 0 0 0 0 0 0 0 0 0 0 0 0 0 0 0 0 0
INFO:tensorflow:input_mask: 1 1 1 1 1 1 1 1 1 1 1 1 1 1 1 1 1 1 1 1 1 1 1 1 1 1 1 1 1 1 1 1 1 1 1 1 1 1 1 1 1 1 1 1 1 1 1 1 1 1 1 0 0 0 0 0 0 0 0 0 0 0 0 0 0 0 0 0 0 0 0 0 0 0 0 0 0 0 0 0 0 0 0 0 0 0 0 0 0 0 0 0 0 0 0 0 0 0 0 0 0 0 0 0 0 0 0 0 0 0 0 0 0 0 0 0 0 0 0 0 0 0 0 0 0 0 0 0
I1103 15:27:12.285706 47421142193216 create_pretraining_data.py:161] input_mask: 1 1 1 1 1 1 1 1 1 1 1 1 1 1 1 1 1 1 1 1 1 1 1 1 1 1 1 1 1 1 1 1 1 1 1 1 1 1 1 1 1 1 1 1 1 1 1 1 1 1 1 0 0 0 0 0 0 0 0 0 0 0 0 0 0 0 0 0 0 0 0 0 0 0 0 0 0 0 0 0 0 0 0 0 0 0 0 0 0 0 0 0 0 0 0 0 0 0 0 0 0 0 0 0 0 0 0 0 0 0 0 0 0 0 0 0 0 0 0 0 0 0 0 0 0 0 0 0
INFO:tensorflow:segment_ids: 0 0 0 0 0 0 0 0 0 0 0 0 0 0 0 0 0 0 0 0 0 1 1 1 1 1 1 1 1 1 1 1 1 1 1 1 1 1 1 1 1 1 1 1 1 1 1 1 1 1 1 0 0 0 0 0 0 0 0 0 0 0 0 0 0 0 0 0 0 0 0 0 0 0 0 0 0 0 0 0 0 0 0 0 0 0 0 0 0 0 0 0 0 0 0 0 0 0 0 0 0 0 0 0 0 0 0 0 0 0 0 0 0 0 0 0 0 0 0 0 0 0 0 0 0 0 0 0
I1103 15:27:12.285968 47421142193216 create_pretraining_data.py:161] segment_ids: 0 0 0 0 0 0 0 0 0 0 0 0 0 0 0 0 0 0 0 0 0 1 1 1 1 1 1 1 1 1 1 1 1 1 1 1 1 1 1 1 1 1 1 1 1 1 1 1 1 1 1 0 0 0 0 0 0 0 0 0 0 0 0 0 0 0 0 0 0 0 0 0 0 0 0 0 0 0 0 0 0 0 0 0 0 0 0 0 0 0 0 0 0 0 0 0 0 0 0 0 0 0 0 0 0 0 0 0 0 0 0 0 0 0 0 0 0 0 0 0 0 0 0 0 0 0 0 0
INFO:tensorflow:masked_lm_positions: 2 3 4 7 13 28 35 48 0 0 0 0 0 0 0 0 0 0 0 0
I1103 15:27:12.286165 47421142193216 create_pretraining_data.py:161] masked_lm_positions: 2 3 4 7 13 28 35 48 0 0 0 0 0 0 0 0 0 0 0 0
INFO:tensorflow:masked_lm_ids: 20008 20008 1028 2311 6354 12124 2805 12704 0 0 0 0 0 0 0 0 0 0 0 0
I1103 15:27:12.286367 47421142193216 create_pretraining_data.py:161] masked_lm_ids: 20008 20008 1028 2311 6354 12124 2805 12704 0 0 0 0 0 0 0 0 0 0 0 0
INFO:tensorflow:masked_lm_weights: 1.0 1.0 1.0 1.0 1.0 1.0 1.0 1.0 0.0 0.0 0.0 0.0 0.0 0.0 0.0 0.0 0.0 0.0 0.0 0.0
I1103 15:27:12.287308 47421142193216 create_pretraining_data.py:161] masked_lm_weights: 1.0 1.0 1.0 1.0 1.0 1.0 1.0 1.0 0.0 0.0 0.0 0.0 0.0 0.0 0.0 0.0 0.0 0.0 0.0 0.0
INFO:tensorflow:next_sentence_labels: 1
I1103 15:27:12.287512 47421142193216 create_pretraining_data.py:161] next_sentence_labels: 1
INFO:tensorflow:*** Example ***
I1103 15:27:12.288302 47421142193216 create_pretraining_data.py:149] *** Example ***
INFO:tensorflow:tokens: [CLS] لا [MASK] [MASK] نفسا الا وسعه ##ا نحن من نك ##لف انفسنا بما لا تط ##يق [SEP] احتاج ##ها بشده [SEP]
I1103 15:27:12.288537 47421142193216 create_pretraining_data.py:151] tokens: [CLS] لا [MASK] [MASK] نفسا الا وسعه ##ا نحن من نك ##لف انفسنا بما لا تط ##يق [SEP] احتاج ##ها بشده [SEP]
INFO:tensorflow:input_ids: 2 1963 4 4 17319 1915 20568 1007 3252 1908 9675 1946 14476 2908 1963 2432 3343 3 9685 1913 27274 3 0 0 0 0 0 0 0 0 0 0 0 0 0 0 0 0 0 0 0 0 0 0 0 0 0 0 0 0 0 0 0 0 0 0 0 0 0 0 0 0 0 0 0 0 0 0 0 0 0 0 0 0 0 0 0 0 0 0 0 0 0 0 0 0 0 0 0 0 0 0 0 0 0 0 0 0 0 0 0 0 0 0 0 0 0 0 0 0 0 0 0 0 0 0 0 0 0 0 0 0 0 0 0 0 0 0
I1103 15:27:12.288816 47421142193216 create_pretraining_data.py:161] input_ids: 2 1963 4 4 17319 1915 20568 1007 3252 1908 9675 1946 14476 2908 1963 2432 3343 3 9685 1913 27274 3 0 0 0 0 0 0 0 0 0 0 0 0 0 0 0 0 0 0 0 0 0 0 0 0 0 0 0 0 0 0 0 0 0 0 0 0 0 0 0 0 0 0 0 0 0 0 0 0 0 0 0 0 0 0 0 0 0 0 0 0 0 0 0 0 0 0 0 0 0 0 0 0 0 0 0 0 0 0 0 0 0 0 0 0 0 0 0 0 0 0 0 0 0 0 0 0 0 0 0 0 0 0 0 0 0 0
INFO:tensorflow:input_mask: 1 1 1 1 1 1 1 1 1 1 1 1 1 1 1 1 1 1 1 1 1 1 0 0 0 0 0 0 0 0 0 0 0 0 0 0 0 0 0 0 0 0 0 0 0 0 0 0 0 0 0 0 0 0 0 0 0 0 0 0 0 0 0 0 0 0 0 0 0 0 0 0 0 0 0 0 0 0 0 0 0 0 0 0 0 0 0 0 0 0 0 0 0 0 0 0 0 0 0 0 0 0 0 0 0 0 0 0 0 0 0 0 0 0 0 0 0 0 0 0 0 0 0 0 0 0 0 0
I1103 15:27:12.289104 47421142193216 create_pretraining_data.py:161] input_mask: 1 1 1 1 1 1 1 1 1 1 1 1 1 1 1 1 1 1 1 1 1 1 0 0 0 0 0 0 0 0 0 0 0 0 0 0 0 0 0 0 0 0 0 0 0 0 0 0 0 0 0 0 0 0 0 0 0 0 0 0 0 0 0 0 0 0 0 0 0 0 0 0 0 0 0 0 0 0 0 0 0 0 0 0 0 0 0 0 0 0 0 0 0 0 0 0 0 0 0 0 0 0 0 0 0 0 0 0 0 0 0 0 0 0 0 0 0 0 0 0 0 0 0 0 0 0 0 0
INFO:tensorflow:segment_ids: 0 0 0 0 0 0 0 0 0 0 0 0 0 0 0 0 0 0 1 1 1 1 0 0 0 0 0 0 0 0 0 0 0 0 0 0 0 0 0 0 0 0 0 0 0 0 0 0 0 0 0 0 0 0 0 0 0 0 0 0 0 0 0 0 0 0 0 0 0 0 0 0 0 0 0 0 0 0 0 0 0 0 0 0 0 0 0 0 0 0 0 0 0 0 0 0 0 0 0 0 0 0 0 0 0 0 0 0 0 0 0 0 0 0 0 0 0 0 0 0 0 0 0 0 0 0 0 0
I1103 15:27:12.289377 47421142193216 create_pretraining_data.py:161] segment_ids: 0 0 0 0 0 0 0 0 0 0 0 0 0 0 0 0 0 0 1 1 1 1 0 0 0 0 0 0 0 0 0 0 0 0 0 0 0 0 0 0 0 0 0 0 0 0 0 0 0 0 0 0 0 0 0 0 0 0 0 0 0 0 0 0 0 0 0 0 0 0 0 0 0 0 0 0 0 0 0 0 0 0 0 0 0 0 0 0 0 0 0 0 0 0 0 0 0 0 0 0 0 0 0 0 0 0 0 0 0 0 0 0 0 0 0 0 0 0 0 0 0 0 0 0 0 0 0 0
INFO:tensorflow:masked_lm_positions: 2 3 12 0 0 0 0 0 0 0 0 0 0 0 0 0 0 0 0 0
I1103 15:27:12.289575 47421142193216 create_pretraining_data.py:161] masked_lm_positions: 2 3 12 0 0 0 0 0 0 0 0 0 0 0 0 0 0 0 0 0
INFO:tensorflow:masked_lm_ids: 19445 1953 14476 0 0 0 0 0 0 0 0 0 0 0 0 0 0 0 0 0
I1103 15:27:12.289763 47421142193216 create_pretraining_data.py:161] masked_lm_ids: 19445 1953 14476 0 0 0 0 0 0 0 0 0 0 0 0 0 0 0 0 0
INFO:tensorflow:masked_lm_weights: 1.0 1.0 1.0 0.0 0.0 0.0 0.0 0.0 0.0 0.0 0.0 0.0 0.0 0.0 0.0 0.0 0.0 0.0 0.0 0.0
I1103 15:27:12.289957 47421142193216 create_pretraining_data.py:161] masked_lm_weights: 1.0 1.0 1.0 0.0 0.0 0.0 0.0 0.0 0.0 0.0 0.0 0.0 0.0 0.0 0.0 0.0 0.0 0.0 0.0 0.0
INFO:tensorflow:next_sentence_labels: 1
I1103 15:27:12.290132 47421142193216 create_pretraining_data.py:161] next_sentence_labels: 1
INFO:tensorflow:*** Example ***
I1103 15:27:12.290791 47421142193216 create_pretraining_data.py:149] *** Example ***
INFO:tensorflow:tokens: [CLS] كل ماج ##يت اثبت [MASK] شده غرام ##يء رد ##ني ##ء عنك [MASK] [MASK] ب اخر دقيقه [SEP] عروض نهايه [MASK] تنظيف وت ##لمي ##ع الاسنان تبي ##ض الاسنان بال 3 [MASK] [MASK] الاسنان بالق ##والب ب ##19 ##00 فقط [SEP]
I1103 15:27:12.290965 47421142193216 create_pretraining_data.py:151] tokens: [CLS] كل ماج ##يت اثبت [MASK] شده غرام ##يء رد ##ني ##ء عنك [MASK] [MASK] ب اخر دقيقه [SEP] عروض نهايه [MASK] تنظيف وت ##لمي ##ع الاسنان تبي ##ض الاسنان بال 3 [MASK] [MASK] الاسنان بالق ##والب ب ##19 ##00 فقط [SEP]
INFO:tensorflow:input_ids: 2 2038 8852 2034 14834 4 13831 9111 6902 3535 1974 1053 4548 4 4 388 3076 8816 3 4559 6284 4 4666 2001 4995 1009 11280 6341 1027 11280 1951 23 4 4 11280 3738 15180 388 5497 2296 2574 3 0 0 0 0 0 0 0 0 0 0 0 0 0 0 0 0 0 0 0 0 0 0 0 0 0 0 0 0 0 0 0 0 0 0 0 0 0 0 0 0 0 0 0 0 0 0 0 0 0 0 0 0 0 0 0 0 0 0 0 0 0 0 0 0 0 0 0 0 0 0 0 0 0 0 0 0 0 0 0 0 0 0 0 0 0 0
I1103 15:27:12.291163 47421142193216 create_pretraining_data.py:161] input_ids: 2 2038 8852 2034 14834 4 13831 9111 6902 3535 1974 1053 4548 4 4 388 3076 8816 3 4559 6284 4 4666 2001 4995 1009 11280 6341 1027 11280 1951 23 4 4 11280 3738 15180 388 5497 2296 2574 3 0 0 0 0 0 0 0 0 0 0 0 0 0 0 0 0 0 0 0 0 0 0 0 0 0 0 0 0 0 0 0 0 0 0 0 0 0 0 0 0 0 0 0 0 0 0 0 0 0 0 0 0 0 0 0 0 0 0 0 0 0 0 0 0 0 0 0 0 0 0 0 0 0 0 0 0 0 0 0 0 0 0 0 0 0 0
INFO:tensorflow:input_mask: 1 1 1 1 1 1 1 1 1 1 1 1 1 1 1 1 1 1 1 1 1 1 1 1 1 1 1 1 1 1 1 1 1 1 1 1 1 1 1 1 1 1 0 0 0 0 0 0 0 0 0 0 0 0 0 0 0 0 0 0 0 0 0 0 0 0 0 0 0 0 0 0 0 0 0 0 0 0 0 0 0 0 0 0 0 0 0 0 0 0 0 0 0 0 0 0 0 0 0 0 0 0 0 0 0 0 0 0 0 0 0 0 0 0 0 0 0 0 0 0 0 0 0 0 0 0 0 0
I1103 15:27:12.291357 47421142193216 create_pretraining_data.py:161] input_mask: 1 1 1 1 1 1 1 1 1 1 1 1 1 1 1 1 1 1 1 1 1 1 1 1 1 1 1 1 1 1 1 1 1 1 1 1 1 1 1 1 1 1 0 0 0 0 0 0 0 0 0 0 0 0 0 0 0 0 0 0 0 0 0 0 0 0 0 0 0 0 0 0 0 0 0 0 0 0 0 0 0 0 0 0 0 0 0 0 0 0 0 0 0 0 0 0 0 0 0 0 0 0 0 0 0 0 0 0 0 0 0 0 0 0 0 0 0 0 0 0 0 0 0 0 0 0 0 0
INFO:tensorflow:segment_ids: 0 0 0 0 0 0 0 0 0 0 0 0 0 0 0 0 0 0 0 1 1 1 1 1 1 1 1 1 1 1 1 1 1 1 1 1 1 1 1 1 1 1 0 0 0 0 0 0 0 0 0 0 0 0 0 0 0 0 0 0 0 0 0 0 0 0 0 0 0 0 0 0 0 0 0 0 0 0 0 0 0 0 0 0 0 0 0 0 0 0 0 0 0 0 0 0 0 0 0 0 0 0 0 0 0 0 0 0 0 0 0 0 0 0 0 0 0 0 0 0 0 0 0 0 0 0 0 0
I1103 15:27:12.291554 47421142193216 create_pretraining_data.py:161] segment_ids: 0 0 0 0 0 0 0 0 0 0 0 0 0 0 0 0 0 0 0 1 1 1 1 1 1 1 1 1 1 1 1 1 1 1 1 1 1 1 1 1 1 1 0 0 0 0 0 0 0 0 0 0 0 0 0 0 0 0 0 0 0 0 0 0 0 0 0 0 0 0 0 0 0 0 0 0 0 0 0 0 0 0 0 0 0 0 0 0 0 0 0 0 0 0 0 0 0 0 0 0 0 0 0 0 0 0 0 0 0 0 0 0 0 0 0 0 0 0 0 0 0 0 0 0 0 0 0 0
INFO:tensorflow:masked_lm_positions: 5 13 14 21 32 33 0 0 0 0 0 0 0 0 0 0 0 0 0 0
I1103 15:27:12.291691 47421142193216 create_pretraining_data.py:161] masked_lm_positions: 5 13 14 21 32 33 0 0 0 0 0 0 0 0 0 0 0 0 0 0
INFO:tensorflow:masked_lm_ids: 2278 21121 1014 2169 6341 1027 0 0 0 0 0 0 0 0 0 0 0 0 0 0
I1103 15:27:12.291824 47421142193216 create_pretraining_data.py:161] masked_lm_ids: 2278 21121 1014 2169 6341 1027 0 0 0 0 0 0 0 0 0 0 0 0 0 0
INFO:tensorflow:masked_lm_weights: 1.0 1.0 1.0 1.0 1.0 1.0 0.0 0.0 0.0 0.0 0.0 0.0 0.0 0.0 0.0 0.0 0.0 0.0 0.0 0.0
I1103 15:27:12.291957 47421142193216 create_pretraining_data.py:161] masked_lm_weights: 1.0 1.0 1.0 1.0 1.0 1.0 0.0 0.0 0.0 0.0 0.0 0.0 0.0 0.0 0.0 0.0 0.0 0.0 0.0 0.0
INFO:tensorflow:next_sentence_labels: 1
I1103 15:27:12.292079 47421142193216 create_pretraining_data.py:161] next_sentence_labels: 1
INFO:tensorflow:*** Example ***
I1103 15:27:12.292612 47421142193216 create_pretraining_data.py:149] *** Example ***
INFO:tensorflow:tokens: [CLS] اللي نفسه يم ##صه رتويت [SEP] دونيس نحن امام مواجهه قويه [MASK] [MASK] طريق تحقيق لقب الدوري [SEP]
I1103 15:27:12.292772 47421142193216 create_pretraining_data.py:151] tokens: [CLS] اللي نفسه يم ##صه رتويت [SEP] دونيس نحن امام مواجهه قويه [MASK] [MASK] طريق تحقيق لقب الدوري [SEP]
INFO:tensorflow:input_ids: 2 2115 3081 2243 4344 2928 3 12242 3252 3558 16988 11886 4 4 3160 4352 8140 3914 3 0 0 0 0 0 0 0 0 0 0 0 0 0 0 0 0 0 0 0 0 0 0 0 0 0 0 0 0 0 0 0 0 0 0 0 0 0 0 0 0 0 0 0 0 0 0 0 0 0 0 0 0 0 0 0 0 0 0 0 0 0 0 0 0 0 0 0 0 0 0 0 0 0 0 0 0 0 0 0 0 0 0 0 0 0 0 0 0 0 0 0 0 0 0 0 0 0 0 0 0 0 0 0 0 0 0 0 0 0
I1103 15:27:12.292963 47421142193216 create_pretraining_data.py:161] input_ids: 2 2115 3081 2243 4344 2928 3 12242 3252 3558 16988 11886 4 4 3160 4352 8140 3914 3 0 0 0 0 0 0 0 0 0 0 0 0 0 0 0 0 0 0 0 0 0 0 0 0 0 0 0 0 0 0 0 0 0 0 0 0 0 0 0 0 0 0 0 0 0 0 0 0 0 0 0 0 0 0 0 0 0 0 0 0 0 0 0 0 0 0 0 0 0 0 0 0 0 0 0 0 0 0 0 0 0 0 0 0 0 0 0 0 0 0 0 0 0 0 0 0 0 0 0 0 0 0 0 0 0 0 0 0 0
INFO:tensorflow:input_mask: 1 1 1 1 1 1 1 1 1 1 1 1 1 1 1 1 1 1 1 0 0 0 0 0 0 0 0 0 0 0 0 0 0 0 0 0 0 0 0 0 0 0 0 0 0 0 0 0 0 0 0 0 0 0 0 0 0 0 0 0 0 0 0 0 0 0 0 0 0 0 0 0 0 0 0 0 0 0 0 0 0 0 0 0 0 0 0 0 0 0 0 0 0 0 0 0 0 0 0 0 0 0 0 0 0 0 0 0 0 0 0 0 0 0 0 0 0 0 0 0 0 0 0 0 0 0 0 0
I1103 15:27:12.293145 47421142193216 create_pretraining_data.py:161] input_mask: 1 1 1 1 1 1 1 1 1 1 1 1 1 1 1 1 1 1 1 0 0 0 0 0 0 0 0 0 0 0 0 0 0 0 0 0 0 0 0 0 0 0 0 0 0 0 0 0 0 0 0 0 0 0 0 0 0 0 0 0 0 0 0 0 0 0 0 0 0 0 0 0 0 0 0 0 0 0 0 0 0 0 0 0 0 0 0 0 0 0 0 0 0 0 0 0 0 0 0 0 0 0 0 0 0 0 0 0 0 0 0 0 0 0 0 0 0 0 0 0 0 0 0 0 0 0 0 0
INFO:tensorflow:segment_ids: 0 0 0 0 0 0 0 1 1 1 1 1 1 1 1 1 1 1 1 0 0 0 0 0 0 0 0 0 0 0 0 0 0 0 0 0 0 0 0 0 0 0 0 0 0 0 0 0 0 0 0 0 0 0 0 0 0 0 0 0 0 0 0 0 0 0 0 0 0 0 0 0 0 0 0 0 0 0 0 0 0 0 0 0 0 0 0 0 0 0 0 0 0 0 0 0 0 0 0 0 0 0 0 0 0 0 0 0 0 0 0 0 0 0 0 0 0 0 0 0 0 0 0 0 0 0 0 0
I1103 15:27:12.293330 47421142193216 create_pretraining_data.py:161] segment_ids: 0 0 0 0 0 0 0 1 1 1 1 1 1 1 1 1 1 1 1 0 0 0 0 0 0 0 0 0 0 0 0 0 0 0 0 0 0 0 0 0 0 0 0 0 0 0 0 0 0 0 0 0 0 0 0 0 0 0 0 0 0 0 0 0 0 0 0 0 0 0 0 0 0 0 0 0 0 0 0 0 0 0 0 0 0 0 0 0 0 0 0 0 0 0 0 0 0 0 0 0 0 0 0 0 0 0 0 0 0 0 0 0 0 0 0 0 0 0 0 0 0 0 0 0 0 0 0 0
INFO:tensorflow:masked_lm_positions: 12 13 17 0 0 0 0 0 0 0 0 0 0 0 0 0 0 0 0 0
I1103 15:27:12.293486 47421142193216 create_pretraining_data.py:161] masked_lm_positions: 12 13 17 0 0 0 0 0 0 0 0 0 0 0 0 0 0 0 0 0
INFO:tensorflow:masked_lm_ids: 2882 1912 3914 0 0 0 0 0 0 0 0 0 0 0 0 0 0 0 0 0
I1103 15:27:12.293618 47421142193216 create_pretraining_data.py:161] masked_lm_ids: 2882 1912 3914 0 0 0 0 0 0 0 0 0 0 0 0 0 0 0 0 0
INFO:tensorflow:masked_lm_weights: 1.0 1.0 1.0 0.0 0.0 0.0 0.0 0.0 0.0 0.0 0.0 0.0 0.0 0.0 0.0 0.0 0.0 0.0 0.0 0.0
I1103 15:27:12.293752 47421142193216 create_pretraining_data.py:161] masked_lm_weights: 1.0 1.0 1.0 0.0 0.0 0.0 0.0 0.0 0.0 0.0 0.0 0.0 0.0 0.0 0.0 0.0 0.0 0.0 0.0 0.0
INFO:tensorflow:next_sentence_labels: 1
I1103 15:27:12.293876 47421142193216 create_pretraining_data.py:161] next_sentence_labels: 1
INFO:tensorflow:*** Example ***
I1103 15:27:12.294394 47421142193216 create_pretraining_data.py:149] *** Example ***
INFO:tensorflow:tokens: [CLS] اسقاط القروض عن المرابطين الا يستحقون من يسهر ##ون علي امن الوطن الا يستحقون وهم ترك ##و [MASK] شي من اجل راحت ##نا وامن ##نا [SEP] ثق بنفس كثيرا [MASK] لات ##صل [MASK] [MASK] [MASK] اوز ##ن لام ##ك في ل امور حيات واجعل مرا ##عاه شعور الاخرين جزء من شخصي ##ت قروب [MASK] [MASK] [MASK] [MASK] [SEP]
I1103 15:27:12.294571 47421142193216 create_pretraining_data.py:151] tokens: [CLS] اسقاط القروض عن المرابطين الا يستحقون من يسهر ##ون علي امن الوطن الا يستحقون وهم ترك ##و [MASK] شي من اجل راحت ##نا وامن ##نا [SEP] ثق بنفس كثيرا [MASK] لات ##صل [MASK] [MASK] [MASK] اوز ##ن لام ##ك في ل امور حيات واجعل مرا ##عاه شعور الاخرين جزء من شخصي ##ت قروب [MASK] [MASK] [MASK] [MASK] [SEP]
INFO:tensorflow:input_ids: 2 13621 11429 1955 15239 1915 20842 1908 28861 1922 1958 4135 2865 1915 20842 4009 2742 1012 4 2228 1908 4434 12841 1914 15811 1914 3 10774 4058 3810 4 2955 2107 4 4 4 17268 1006 5954 1014 1912 411 9029 2884 6961 5674 21395 5443 5757 4787 1908 18815 1005 2543 4 4 4 4 3 0 0 0 0 0 0 0 0 0 0 0 0 0 0 0 0 0 0 0 0 0 0 0 0 0 0 0 0 0 0 0 0 0 0 0 0 0 0 0 0 0 0 0 0 0 0 0 0 0 0 0 0 0 0 0 0 0 0 0 0 0 0 0 0 0 0 0 0 0
I1103 15:27:12.294770 47421142193216 create_pretraining_data.py:161] input_ids: 2 13621 11429 1955 15239 1915 20842 1908 28861 1922 1958 4135 2865 1915 20842 4009 2742 1012 4 2228 1908 4434 12841 1914 15811 1914 3 10774 4058 3810 4 2955 2107 4 4 4 17268 1006 5954 1014 1912 411 9029 2884 6961 5674 21395 5443 5757 4787 1908 18815 1005 2543 4 4 4 4 3 0 0 0 0 0 0 0 0 0 0 0 0 0 0 0 0 0 0 0 0 0 0 0 0 0 0 0 0 0 0 0 0 0 0 0 0 0 0 0 0 0 0 0 0 0 0 0 0 0 0 0 0 0 0 0 0 0 0 0 0 0 0 0 0 0 0 0 0 0
INFO:tensorflow:input_mask: 1 1 1 1 1 1 1 1 1 1 1 1 1 1 1 1 1 1 1 1 1 1 1 1 1 1 1 1 1 1 1 1 1 1 1 1 1 1 1 1 1 1 1 1 1 1 1 1 1 1 1 1 1 1 1 1 1 1 1 0 0 0 0 0 0 0 0 0 0 0 0 0 0 0 0 0 0 0 0 0 0 0 0 0 0 0 0 0 0 0 0 0 0 0 0 0 0 0 0 0 0 0 0 0 0 0 0 0 0 0 0 0 0 0 0 0 0 0 0 0 0 0 0 0 0 0 0 0
I1103 15:27:12.294953 47421142193216 create_pretraining_data.py:161] input_mask: 1 1 1 1 1 1 1 1 1 1 1 1 1 1 1 1 1 1 1 1 1 1 1 1 1 1 1 1 1 1 1 1 1 1 1 1 1 1 1 1 1 1 1 1 1 1 1 1 1 1 1 1 1 1 1 1 1 1 1 0 0 0 0 0 0 0 0 0 0 0 0 0 0 0 0 0 0 0 0 0 0 0 0 0 0 0 0 0 0 0 0 0 0 0 0 0 0 0 0 0 0 0 0 0 0 0 0 0 0 0 0 0 0 0 0 0 0 0 0 0 0 0 0 0 0 0 0 0
INFO:tensorflow:segment_ids: 0 0 0 0 0 0 0 0 0 0 0 0 0 0 0 0 0 0 0 0 0 0 0 0 0 0 0 1 1 1 1 1 1 1 1 1 1 1 1 1 1 1 1 1 1 1 1 1 1 1 1 1 1 1 1 1 1 1 1 0 0 0 0 0 0 0 0 0 0 0 0 0 0 0 0 0 0 0 0 0 0 0 0 0 0 0 0 0 0 0 0 0 0 0 0 0 0 0 0 0 0 0 0 0 0 0 0 0 0 0 0 0 0 0 0 0 0 0 0 0 0 0 0 0 0 0 0 0
I1103 15:27:12.295131 47421142193216 create_pretraining_data.py:161] segment_ids: 0 0 0 0 0 0 0 0 0 0 0 0 0 0 0 0 0 0 0 0 0 0 0 0 0 0 0 1 1 1 1 1 1 1 1 1 1 1 1 1 1 1 1 1 1 1 1 1 1 1 1 1 1 1 1 1 1 1 1 0 0 0 0 0 0 0 0 0 0 0 0 0 0 0 0 0 0 0 0 0 0 0 0 0 0 0 0 0 0 0 0 0 0 0 0 0 0 0 0 0 0 0 0 0 0 0 0 0 0 0 0 0 0 0 0 0 0 0 0 0 0 0 0 0 0 0 0 0
INFO:tensorflow:masked_lm_positions: 18 30 33 34 35 54 55 56 57 0 0 0 0 0 0 0 0 0 0 0
I1103 15:27:12.295291 47421142193216 create_pretraining_data.py:161] masked_lm_positions: 18 30 33 34 35 54 55 56 57 0 0 0 0 0 0 0 0 0 0 0
INFO:tensorflow:masked_lm_ids: 2038 2637 28375 6573 1997 20359 1006 2510 2679 0 0 0 0 0 0 0 0 0 0 0
I1103 15:27:12.295426 47421142193216 create_pretraining_data.py:161] masked_lm_ids: 2038 2637 28375 6573 1997 20359 1006 2510 2679 0 0 0 0 0 0 0 0 0 0 0
INFO:tensorflow:masked_lm_weights: 1.0 1.0 1.0 1.0 1.0 1.0 1.0 1.0 1.0 0.0 0.0 0.0 0.0 0.0 0.0 0.0 0.0 0.0 0.0 0.0
I1103 15:27:12.295561 47421142193216 create_pretraining_data.py:161] masked_lm_weights: 1.0 1.0 1.0 1.0 1.0 1.0 1.0 1.0 1.0 0.0 0.0 0.0 0.0 0.0 0.0 0.0 0.0 0.0 0.0 0.0
INFO:tensorflow:next_sentence_labels: 1
I1103 15:27:12.295683 47421142193216 create_pretraining_data.py:161] next_sentence_labels: 1
INFO:tensorflow:*** Example ***
I1103 15:27:12.296201 47421142193216 create_pretraining_data.py:149] *** Example ***
INFO:tensorflow:tokens: [CLS] خذ ##وا احزان [MASK] تحبون بشكل [MASK] اح ##ضن ##وهم اذا سقطت دمعه تشويه اعين ##هم اقل ##قوا عليهم اذا تض ##ايق ##وا العوا ##طف ارقي مفاهيم المحبه [SEP] ايه رايك [SEP]
I1103 15:27:12.296372 47421142193216 create_pretraining_data.py:151] tokens: [CLS] خذ ##وا احزان [MASK] تحبون بشكل [MASK] اح ##ضن ##وهم اذا سقطت دمعه تشويه اعين ##هم اقل ##قوا عليهم اذا تض ##ايق ##وا العوا ##طف ارقي مفاهيم المحبه [SEP] ايه رايك [SEP]
INFO:tensorflow:input_ids: 2 5390 1928 20404 4 17058 2969 4 2279 9866 6874 2387 15816 15760 25908 13197 1949 6797 7797 3566 2387 3932 7728 1928 11223 2297 21329 18717 9023 3 4138 16918 3 0 0 0 0 0 0 0 0 0 0 0 0 0 0 0 0 0 0 0 0 0 0 0 0 0 0 0 0 0 0 0 0 0 0 0 0 0 0 0 0 0 0 0 0 0 0 0 0 0 0 0 0 0 0 0 0 0 0 0 0 0 0 0 0 0 0 0 0 0 0 0 0 0 0 0 0 0 0 0 0 0 0 0 0 0 0 0 0 0 0 0 0 0 0 0
I1103 15:27:12.296567 47421142193216 create_pretraining_data.py:161] input_ids: 2 5390 1928 20404 4 17058 2969 4 2279 9866 6874 2387 15816 15760 25908 13197 1949 6797 7797 3566 2387 3932 7728 1928 11223 2297 21329 18717 9023 3 4138 16918 3 0 0 0 0 0 0 0 0 0 0 0 0 0 0 0 0 0 0 0 0 0 0 0 0 0 0 0 0 0 0 0 0 0 0 0 0 0 0 0 0 0 0 0 0 0 0 0 0 0 0 0 0 0 0 0 0 0 0 0 0 0 0 0 0 0 0 0 0 0 0 0 0 0 0 0 0 0 0 0 0 0 0 0 0 0 0 0 0 0 0 0 0 0 0 0
INFO:tensorflow:input_mask: 1 1 1 1 1 1 1 1 1 1 1 1 1 1 1 1 1 1 1 1 1 1 1 1 1 1 1 1 1 1 1 1 1 0 0 0 0 0 0 0 0 0 0 0 0 0 0 0 0 0 0 0 0 0 0 0 0 0 0 0 0 0 0 0 0 0 0 0 0 0 0 0 0 0 0 0 0 0 0 0 0 0 0 0 0 0 0 0 0 0 0 0 0 0 0 0 0 0 0 0 0 0 0 0 0 0 0 0 0 0 0 0 0 0 0 0 0 0 0 0 0 0 0 0 0 0 0 0
I1103 15:27:12.296751 47421142193216 create_pretraining_data.py:161] input_mask: 1 1 1 1 1 1 1 1 1 1 1 1 1 1 1 1 1 1 1 1 1 1 1 1 1 1 1 1 1 1 1 1 1 0 0 0 0 0 0 0 0 0 0 0 0 0 0 0 0 0 0 0 0 0 0 0 0 0 0 0 0 0 0 0 0 0 0 0 0 0 0 0 0 0 0 0 0 0 0 0 0 0 0 0 0 0 0 0 0 0 0 0 0 0 0 0 0 0 0 0 0 0 0 0 0 0 0 0 0 0 0 0 0 0 0 0 0 0 0 0 0 0 0 0 0 0 0 0
INFO:tensorflow:segment_ids: 0 0 0 0 0 0 0 0 0 0 0 0 0 0 0 0 0 0 0 0 0 0 0 0 0 0 0 0 0 0 1 1 1 0 0 0 0 0 0 0 0 0 0 0 0 0 0 0 0 0 0 0 0 0 0 0 0 0 0 0 0 0 0 0 0 0 0 0 0 0 0 0 0 0 0 0 0 0 0 0 0 0 0 0 0 0 0 0 0 0 0 0 0 0 0 0 0 0 0 0 0 0 0 0 0 0 0 0 0 0 0 0 0 0 0 0 0 0 0 0 0 0 0 0 0 0 0 0
I1103 15:27:12.296930 47421142193216 create_pretraining_data.py:161] segment_ids: 0 0 0 0 0 0 0 0 0 0 0 0 0 0 0 0 0 0 0 0 0 0 0 0 0 0 0 0 0 0 1 1 1 0 0 0 0 0 0 0 0 0 0 0 0 0 0 0 0 0 0 0 0 0 0 0 0 0 0 0 0 0 0 0 0 0 0 0 0 0 0 0 0 0 0 0 0 0 0 0 0 0 0 0 0 0 0 0 0 0 0 0 0 0 0 0 0 0 0 0 0 0 0 0 0 0 0 0 0 0 0 0 0 0 0 0 0 0 0 0 0 0 0 0 0 0 0 0
INFO:tensorflow:masked_lm_positions: 4 7 14 19 28 0 0 0 0 0 0 0 0 0 0 0 0 0 0 0
I1103 15:27:12.297081 47421142193216 create_pretraining_data.py:161] masked_lm_positions: 4 7 14 19 28 0 0 0 0 0 0 0 0 0 0 0 0 0 0 0
INFO:tensorflow:masked_lm_ids: 1908 4575 1908 3566 9023 0 0 0 0 0 0 0 0 0 0 0 0 0 0 0
I1103 15:27:12.297217 47421142193216 create_pretraining_data.py:161] masked_lm_ids: 1908 4575 1908 3566 9023 0 0 0 0 0 0 0 0 0 0 0 0 0 0 0
INFO:tensorflow:masked_lm_weights: 1.0 1.0 1.0 1.0 1.0 0.0 0.0 0.0 0.0 0.0 0.0 0.0 0.0 0.0 0.0 0.0 0.0 0.0 0.0 0.0
I1103 15:27:12.297363 47421142193216 create_pretraining_data.py:161] masked_lm_weights: 1.0 1.0 1.0 1.0 1.0 0.0 0.0 0.0 0.0 0.0 0.0 0.0 0.0 0.0 0.0 0.0 0.0 0.0 0.0 0.0
INFO:tensorflow:next_sentence_labels: 1
I1103 15:27:12.297486 47421142193216 create_pretraining_data.py:161] next_sentence_labels: 1
INFO:tensorflow:*** Example ***
I1103 15:27:12.298002 47421142193216 create_pretraining_data.py:149] *** Example ***
INFO:tensorflow:tokens: [CLS] ضاعت دعوات الاصلاح ومك ##افح ##ه الفساد [MASK] العراق [MASK] [MASK] الجميع في حرب بوتين والو ##لي [MASK] ضد تركيا يتقدم ##هم راس الفساد نوري المالكي [SEP] القوات الامنيه مت ##اه ##به لاقت ##حام [MASK] [MASK] وتحرير ##ها من سيطر ##ه [MASK] تقارير الولايات اخبار الخلافه اذاعه [MASK] [SEP]
I1103 15:27:12.298176 47421142193216 create_pretraining_data.py:151] tokens: [CLS] ضاعت دعوات الاصلاح ومك ##افح ##ه الفساد [MASK] العراق [MASK] [MASK] الجميع في حرب بوتين والو ##لي [MASK] ضد تركيا يتقدم ##هم راس الفساد نوري المالكي [SEP] القوات الامنيه مت ##اه ##به لاقت ##حام [MASK] [MASK] وتحرير ##ها من سيطر ##ه [MASK] تقارير الولايات اخبار الخلافه اذاعه [MASK] [SEP]
INFO:tensorflow:input_ids: 2 21245 16096 15078 12742 25492 1028 6221 4 2906 4 4 3982 1912 4445 9871 11031 1907 4 3051 4081 14509 1949 4528 6221 22975 7622 3 4473 18731 2068 2030 2204 20949 7607 4 4 29736 1913 1908 20437 1028 4 7148 3233 3300 11333 28832 4 3 0 0 0 0 0 0 0 0 0 0 0 0 0 0 0 0 0 0 0 0 0 0 0 0 0 0 0 0 0 0 0 0 0 0 0 0 0 0 0 0 0 0 0 0 0 0 0 0 0 0 0 0 0 0 0 0 0 0 0 0 0 0 0 0 0 0 0 0 0 0 0 0 0 0 0 0 0 0
I1103 15:27:12.298392 47421142193216 create_pretraining_data.py:161] input_ids: 2 21245 16096 15078 12742 25492 1028 6221 4 2906 4 4 3982 1912 4445 9871 11031 1907 4 3051 4081 14509 1949 4528 6221 22975 7622 3 4473 18731 2068 2030 2204 20949 7607 4 4 29736 1913 1908 20437 1028 4 7148 3233 3300 11333 28832 4 3 0 0 0 0 0 0 0 0 0 0 0 0 0 0 0 0 0 0 0 0 0 0 0 0 0 0 0 0 0 0 0 0 0 0 0 0 0 0 0 0 0 0 0 0 0 0 0 0 0 0 0 0 0 0 0 0 0 0 0 0 0 0 0 0 0 0 0 0 0 0 0 0 0 0 0 0 0 0
INFO:tensorflow:input_mask: 1 1 1 1 1 1 1 1 1 1 1 1 1 1 1 1 1 1 1 1 1 1 1 1 1 1 1 1 1 1 1 1 1 1 1 1 1 1 1 1 1 1 1 1 1 1 1 1 1 1 0 0 0 0 0 0 0 0 0 0 0 0 0 0 0 0 0 0 0 0 0 0 0 0 0 0 0 0 0 0 0 0 0 0 0 0 0 0 0 0 0 0 0 0 0 0 0 0 0 0 0 0 0 0 0 0 0 0 0 0 0 0 0 0 0 0 0 0 0 0 0 0 0 0 0 0 0 0
I1103 15:27:12.298568 47421142193216 create_pretraining_data.py:161] input_mask: 1 1 1 1 1 1 1 1 1 1 1 1 1 1 1 1 1 1 1 1 1 1 1 1 1 1 1 1 1 1 1 1 1 1 1 1 1 1 1 1 1 1 1 1 1 1 1 1 1 1 0 0 0 0 0 0 0 0 0 0 0 0 0 0 0 0 0 0 0 0 0 0 0 0 0 0 0 0 0 0 0 0 0 0 0 0 0 0 0 0 0 0 0 0 0 0 0 0 0 0 0 0 0 0 0 0 0 0 0 0 0 0 0 0 0 0 0 0 0 0 0 0 0 0 0 0 0 0
INFO:tensorflow:segment_ids: 0 0 0 0 0 0 0 0 0 0 0 0 0 0 0 0 0 0 0 0 0 0 0 0 0 0 0 0 1 1 1 1 1 1 1 1 1 1 1 1 1 1 1 1 1 1 1 1 1 1 0 0 0 0 0 0 0 0 0 0 0 0 0 0 0 0 0 0 0 0 0 0 0 0 0 0 0 0 0 0 0 0 0 0 0 0 0 0 0 0 0 0 0 0 0 0 0 0 0 0 0 0 0 0 0 0 0 0 0 0 0 0 0 0 0 0 0 0 0 0 0 0 0 0 0 0 0 0
I1103 15:27:12.298728 47421142193216 create_pretraining_data.py:161] segment_ids: 0 0 0 0 0 0 0 0 0 0 0 0 0 0 0 0 0 0 0 0 0 0 0 0 0 0 0 0 1 1 1 1 1 1 1 1 1 1 1 1 1 1 1 1 1 1 1 1 1 1 0 0 0 0 0 0 0 0 0 0 0 0 0 0 0 0 0 0 0 0 0 0 0 0 0 0 0 0 0 0 0 0 0 0 0 0 0 0 0 0 0 0 0 0 0 0 0 0 0 0 0 0 0 0 0 0 0 0 0 0 0 0 0 0 0 0 0 0 0 0 0 0 0 0 0 0 0 0
INFO:tensorflow:masked_lm_positions: 8 10 11 18 35 36 42 48 0 0 0 0 0 0 0 0 0 0 0 0
I1103 15:27:12.298864 47421142193216 create_pretraining_data.py:161] masked_lm_positions: 8 10 11 18 35 36 42 48 0 0 0 0 0 0 0 0 0 0 0 0
INFO:tensorflow:masked_lm_ids: 1912 2001 17697 12671 3231 9692 4585 4640 0 0 0 0 0 0 0 0 0 0 0 0
I1103 15:27:12.298988 47421142193216 create_pretraining_data.py:161] masked_lm_ids: 1912 2001 17697 12671 3231 9692 4585 4640 0 0 0 0 0 0 0 0 0 0 0 0
INFO:tensorflow:masked_lm_weights: 1.0 1.0 1.0 1.0 1.0 1.0 1.0 1.0 0.0 0.0 0.0 0.0 0.0 0.0 0.0 0.0 0.0 0.0 0.0 0.0
I1103 15:27:12.299110 47421142193216 create_pretraining_data.py:161] masked_lm_weights: 1.0 1.0 1.0 1.0 1.0 1.0 1.0 1.0 0.0 0.0 0.0 0.0 0.0 0.0 0.0 0.0 0.0 0.0 0.0 0.0
INFO:tensorflow:next_sentence_labels: 1
I1103 15:27:12.299221 47421142193216 create_pretraining_data.py:161] next_sentence_labels: 1
INFO:tensorflow:*** Example ***
I1103 15:27:12.299692 47421142193216 create_pretraining_data.py:149] *** Example ***
INFO:tensorflow:tokens: [CLS] [MASK] اصبر ##وا استع ##ينو ##ا بالصبر بما صبر ##تم لن ##صب ##رن لما صبر ##وا وتوا ##ص ##وا بالصبر وسي ##اقات اخري غز ##يره تذكر ##نا بان الصبر هو راح ##له هذا الطريق [SEP] [MASK] [MASK] عن الاسلام في احد [MASK] الفرنسيه شوفوا كيف [MASK] [MASK] [SEP]
I1103 15:27:12.299845 47421142193216 create_pretraining_data.py:151] tokens: [CLS] [MASK] اصبر ##وا استع ##ينو ##ا بالصبر بما صبر ##تم لن ##صب ##رن لما صبر ##وا وتوا ##ص ##وا بالصبر وسي ##اقات اخري غز ##يره تذكر ##نا بان الصبر هو راح ##له هذا الطريق [SEP] [MASK] [MASK] عن الاسلام في احد [MASK] الفرنسيه شوفوا كيف [MASK] [MASK] [SEP]
INFO:tensorflow:input_ids: 2 4 18825 1928 18821 9929 1007 22167 2908 9488 2419 2404 3542 11407 2518 9488 1928 21240 1031 1928 22167 3713 9552 7747 9816 2873 4855 1914 2768 6297 2139 3490 1917 2085 4386 3 4 4 1955 4339 1912 2439 4 24862 19995 2746 4 4 3 0 0 0 0 0 0 0 0 0 0 0 0 0 0 0 0 0 0 0 0 0 0 0 0 0 0 0 0 0 0 0 0 0 0 0 0 0 0 0 0 0 0 0 0 0 0 0 0 0 0 0 0 0 0 0 0 0 0 0 0 0 0 0 0 0 0 0 0 0 0 0 0 0 0 0 0 0 0 0
I1103 15:27:12.300020 47421142193216 create_pretraining_data.py:161] input_ids: 2 4 18825 1928 18821 9929 1007 22167 2908 9488 2419 2404 3542 11407 2518 9488 1928 21240 1031 1928 22167 3713 9552 7747 9816 2873 4855 1914 2768 6297 2139 3490 1917 2085 4386 3 4 4 1955 4339 1912 2439 4 24862 19995 2746 4 4 3 0 0 0 0 0 0 0 0 0 0 0 0 0 0 0 0 0 0 0 0 0 0 0 0 0 0 0 0 0 0 0 0 0 0 0 0 0 0 0 0 0 0 0 0 0 0 0 0 0 0 0 0 0 0 0 0 0 0 0 0 0 0 0 0 0 0 0 0 0 0 0 0 0 0 0 0 0 0 0
INFO:tensorflow:input_mask: 1 1 1 1 1 1 1 1 1 1 1 1 1 1 1 1 1 1 1 1 1 1 1 1 1 1 1 1 1 1 1 1 1 1 1 1 1 1 1 1 1 1 1 1 1 1 1 1 1 0 0 0 0 0 0 0 0 0 0 0 0 0 0 0 0 0 0 0 0 0 0 0 0 0 0 0 0 0 0 0 0 0 0 0 0 0 0 0 0 0 0 0 0 0 0 0 0 0 0 0 0 0 0 0 0 0 0 0 0 0 0 0 0 0 0 0 0 0 0 0 0 0 0 0 0 0 0 0
I1103 15:27:12.300185 47421142193216 create_pretraining_data.py:161] input_mask: 1 1 1 1 1 1 1 1 1 1 1 1 1 1 1 1 1 1 1 1 1 1 1 1 1 1 1 1 1 1 1 1 1 1 1 1 1 1 1 1 1 1 1 1 1 1 1 1 1 0 0 0 0 0 0 0 0 0 0 0 0 0 0 0 0 0 0 0 0 0 0 0 0 0 0 0 0 0 0 0 0 0 0 0 0 0 0 0 0 0 0 0 0 0 0 0 0 0 0 0 0 0 0 0 0 0 0 0 0 0 0 0 0 0 0 0 0 0 0 0 0 0 0 0 0 0 0 0
INFO:tensorflow:segment_ids: 0 0 0 0 0 0 0 0 0 0 0 0 0 0 0 0 0 0 0 0 0 0 0 0 0 0 0 0 0 0 0 0 0 0 0 0 1 1 1 1 1 1 1 1 1 1 1 1 1 0 0 0 0 0 0 0 0 0 0 0 0 0 0 0 0 0 0 0 0 0 0 0 0 0 0 0 0 0 0 0 0 0 0 0 0 0 0 0 0 0 0 0 0 0 0 0 0 0 0 0 0 0 0 0 0 0 0 0 0 0 0 0 0 0 0 0 0 0 0 0 0 0 0 0 0 0 0 0
I1103 15:27:12.300349 47421142193216 create_pretraining_data.py:161] segment_ids: 0 0 0 0 0 0 0 0 0 0 0 0 0 0 0 0 0 0 0 0 0 0 0 0 0 0 0 0 0 0 0 0 0 0 0 0 1 1 1 1 1 1 1 1 1 1 1 1 1 0 0 0 0 0 0 0 0 0 0 0 0 0 0 0 0 0 0 0 0 0 0 0 0 0 0 0 0 0 0 0 0 0 0 0 0 0 0 0 0 0 0 0 0 0 0 0 0 0 0 0 0 0 0 0 0 0 0 0 0 0 0 0 0 0 0 0 0 0 0 0 0 0 0 0 0 0 0 0
INFO:tensorflow:masked_lm_positions: 1 7 36 37 42 46 47 0 0 0 0 0 0 0 0 0 0 0 0 0
I1103 15:27:12.300472 47421142193216 create_pretraining_data.py:161] masked_lm_positions: 1 7 36 37 42 46 47 0 0 0 0 0 0 0 0 0 0 0 0 0
INFO:tensorflow:masked_lm_ids: 29948 22167 13268 14629 3839 21506 1949 0 0 0 0 0 0 0 0 0 0 0 0 0
I1103 15:27:12.300608 47421142193216 create_pretraining_data.py:161] masked_lm_ids: 29948 22167 13268 14629 3839 21506 1949 0 0 0 0 0 0 0 0 0 0 0 0 0
INFO:tensorflow:masked_lm_weights: 1.0 1.0 1.0 1.0 1.0 1.0 1.0 0.0 0.0 0.0 0.0 0.0 0.0 0.0 0.0 0.0 0.0 0.0 0.0 0.0
I1103 15:27:12.300731 47421142193216 create_pretraining_data.py:161] masked_lm_weights: 1.0 1.0 1.0 1.0 1.0 1.0 1.0 0.0 0.0 0.0 0.0 0.0 0.0 0.0 0.0 0.0 0.0 0.0 0.0 0.0
INFO:tensorflow:next_sentence_labels: 1
I1103 15:27:12.300842 47421142193216 create_pretraining_data.py:161] next_sentence_labels: 1
INFO:tensorflow:*** Example ***
I1103 15:27:12.301303 47421142193216 create_pretraining_data.py:149] *** Example ***
INFO:tensorflow:tokens: [CLS] اخذ ##وا الجوال من عو ##يد [SEP] الوله 100 الف [MASK] الف [MASK] [MASK] المليون متابع [SEP]
I1103 15:27:12.301446 47421142193216 create_pretraining_data.py:151] tokens: [CLS] اخذ ##وا الجوال من عو ##يد [SEP] الوله 100 الف [MASK] الف [MASK] [MASK] المليون متابع [SEP]
INFO:tensorflow:input_ids: 2 6467 1928 4247 1908 26982 1983 3 23024 3869 1980 4 1980 4 4 8357 3472 3 0 0 0 0 0 0 0 0 0 0 0 0 0 0 0 0 0 0 0 0 0 0 0 0 0 0 0 0 0 0 0 0 0 0 0 0 0 0 0 0 0 0 0 0 0 0 0 0 0 0 0 0 0 0 0 0 0 0 0 0 0 0 0 0 0 0 0 0 0 0 0 0 0 0 0 0 0 0 0 0 0 0 0 0 0 0 0 0 0 0 0 0 0 0 0 0 0 0 0 0 0 0 0 0 0 0 0 0 0 0
I1103 15:27:12.301615 47421142193216 create_pretraining_data.py:161] input_ids: 2 6467 1928 4247 1908 26982 1983 3 23024 3869 1980 4 1980 4 4 8357 3472 3 0 0 0 0 0 0 0 0 0 0 0 0 0 0 0 0 0 0 0 0 0 0 0 0 0 0 0 0 0 0 0 0 0 0 0 0 0 0 0 0 0 0 0 0 0 0 0 0 0 0 0 0 0 0 0 0 0 0 0 0 0 0 0 0 0 0 0 0 0 0 0 0 0 0 0 0 0 0 0 0 0 0 0 0 0 0 0 0 0 0 0 0 0 0 0 0 0 0 0 0 0 0 0 0 0 0 0 0 0 0
INFO:tensorflow:input_mask: 1 1 1 1 1 1 1 1 1 1 1 1 1 1 1 1 1 1 0 0 0 0 0 0 0 0 0 0 0 0 0 0 0 0 0 0 0 0 0 0 0 0 0 0 0 0 0 0 0 0 0 0 0 0 0 0 0 0 0 0 0 0 0 0 0 0 0 0 0 0 0 0 0 0 0 0 0 0 0 0 0 0 0 0 0 0 0 0 0 0 0 0 0 0 0 0 0 0 0 0 0 0 0 0 0 0 0 0 0 0 0 0 0 0 0 0 0 0 0 0 0 0 0 0 0 0 0 0
I1103 15:27:12.301779 47421142193216 create_pretraining_data.py:161] input_mask: 1 1 1 1 1 1 1 1 1 1 1 1 1 1 1 1 1 1 0 0 0 0 0 0 0 0 0 0 0 0 0 0 0 0 0 0 0 0 0 0 0 0 0 0 0 0 0 0 0 0 0 0 0 0 0 0 0 0 0 0 0 0 0 0 0 0 0 0 0 0 0 0 0 0 0 0 0 0 0 0 0 0 0 0 0 0 0 0 0 0 0 0 0 0 0 0 0 0 0 0 0 0 0 0 0 0 0 0 0 0 0 0 0 0 0 0 0 0 0 0 0 0 0 0 0 0 0 0
INFO:tensorflow:segment_ids: 0 0 0 0 0 0 0 0 1 1 1 1 1 1 1 1 1 1 0 0 0 0 0 0 0 0 0 0 0 0 0 0 0 0 0 0 0 0 0 0 0 0 0 0 0 0 0 0 0 0 0 0 0 0 0 0 0 0 0 0 0 0 0 0 0 0 0 0 0 0 0 0 0 0 0 0 0 0 0 0 0 0 0 0 0 0 0 0 0 0 0 0 0 0 0 0 0 0 0 0 0 0 0 0 0 0 0 0 0 0 0 0 0 0 0 0 0 0 0 0 0 0 0 0 0 0 0 0
I1103 15:27:12.301935 47421142193216 create_pretraining_data.py:161] segment_ids: 0 0 0 0 0 0 0 0 1 1 1 1 1 1 1 1 1 1 0 0 0 0 0 0 0 0 0 0 0 0 0 0 0 0 0 0 0 0 0 0 0 0 0 0 0 0 0 0 0 0 0 0 0 0 0 0 0 0 0 0 0 0 0 0 0 0 0 0 0 0 0 0 0 0 0 0 0 0 0 0 0 0 0 0 0 0 0 0 0 0 0 0 0 0 0 0 0 0 0 0 0 0 0 0 0 0 0 0 0 0 0 0 0 0 0 0 0 0 0 0 0 0 0 0 0 0 0 0
INFO:tensorflow:masked_lm_positions: 11 13 14 0 0 0 0 0 0 0 0 0 0 0 0 0 0 0 0 0
I1103 15:27:12.302057 47421142193216 create_pretraining_data.py:161] masked_lm_positions: 11 13 14 0 0 0 0 0 0 0 0 0 0 0 0 0 0 0 0 0
INFO:tensorflow:masked_lm_ids: 3472 4447 18239 0 0 0 0 0 0 0 0 0 0 0 0 0 0 0 0 0
I1103 15:27:12.302173 47421142193216 create_pretraining_data.py:161] masked_lm_ids: 3472 4447 18239 0 0 0 0 0 0 0 0 0 0 0 0 0 0 0 0 0
INFO:tensorflow:masked_lm_weights: 1.0 1.0 1.0 0.0 0.0 0.0 0.0 0.0 0.0 0.0 0.0 0.0 0.0 0.0 0.0 0.0 0.0 0.0 0.0 0.0
I1103 15:27:12.302299 47421142193216 create_pretraining_data.py:161] masked_lm_weights: 1.0 1.0 1.0 0.0 0.0 0.0 0.0 0.0 0.0 0.0 0.0 0.0 0.0 0.0 0.0 0.0 0.0 0.0 0.0 0.0
INFO:tensorflow:next_sentence_labels: 1
I1103 15:27:12.302410 47421142193216 create_pretraining_data.py:161] next_sentence_labels: 1
INFO:tensorflow:*** Example ***
I1103 15:27:12.302882 47421142193216 create_pretraining_data.py:149] *** Example ***
INFO:tensorflow:tokens: [CLS] متي تصير ##ون بذ ##ا الحاله عن نفسي يوم [MASK] البيت بما ان الفصل خلص رقص ##ه [MASK] الاجازه زد رصيدك ##26 [SEP] امورنا مرت ##به في [MASK] نظ ##ن بان ##نا نخ ##تار نظ ##ن بان ##نا [MASK] [MASK] ثم تاتي [MASK] فيكون فت ##عرف انك لا تملك [MASK] امرك شيء [SEP]
I1103 15:27:12.303039 47421142193216 create_pretraining_data.py:151] tokens: [CLS] متي تصير ##ون بذ ##ا الحاله عن نفسي يوم [MASK] البيت بما ان الفصل خلص رقص ##ه [MASK] الاجازه زد رصيدك ##26 [SEP] امورنا مرت ##به في [MASK] نظ ##ن بان ##نا نخ ##تار نظ ##ن بان ##نا [MASK] [MASK] ثم تاتي [MASK] فيكون فت ##عرف انك لا تملك [MASK] امرك شيء [SEP]
INFO:tensorflow:input_ids: 2 5917 13231 1922 5805 1007 21347 1955 3733 2232 4 4210 2908 1939 5387 10770 14035 1028 4 22544 3477 3602 11025 3 17981 3508 2204 1912 4 3313 1006 2768 1914 6093 20656 3313 1006 2768 1914 4 4 2371 11112 4 13194 2572 4506 2963 1963 6416 4 18270 2621 3 0 0 0 0 0 0 0 0 0 0 0 0 0 0 0 0 0 0 0 0 0 0 0 0 0 0 0 0 0 0 0 0 0 0 0 0 0 0 0 0 0 0 0 0 0 0 0 0 0 0 0 0 0 0 0 0 0 0 0 0 0 0 0 0 0 0 0 0 0 0 0 0 0 0
I1103 15:27:12.303217 47421142193216 create_pretraining_data.py:161] input_ids: 2 5917 13231 1922 5805 1007 21347 1955 3733 2232 4 4210 2908 1939 5387 10770 14035 1028 4 22544 3477 3602 11025 3 17981 3508 2204 1912 4 3313 1006 2768 1914 6093 20656 3313 1006 2768 1914 4 4 2371 11112 4 13194 2572 4506 2963 1963 6416 4 18270 2621 3 0 0 0 0 0 0 0 0 0 0 0 0 0 0 0 0 0 0 0 0 0 0 0 0 0 0 0 0 0 0 0 0 0 0 0 0 0 0 0 0 0 0 0 0 0 0 0 0 0 0 0 0 0 0 0 0 0 0 0 0 0 0 0 0 0 0 0 0 0 0 0 0 0 0
INFO:tensorflow:input_mask: 1 1 1 1 1 1 1 1 1 1 1 1 1 1 1 1 1 1 1 1 1 1 1 1 1 1 1 1 1 1 1 1 1 1 1 1 1 1 1 1 1 1 1 1 1 1 1 1 1 1 1 1 1 1 0 0 0 0 0 0 0 0 0 0 0 0 0 0 0 0 0 0 0 0 0 0 0 0 0 0 0 0 0 0 0 0 0 0 0 0 0 0 0 0 0 0 0 0 0 0 0 0 0 0 0 0 0 0 0 0 0 0 0 0 0 0 0 0 0 0 0 0 0 0 0 0 0 0
I1103 15:27:12.303391 47421142193216 create_pretraining_data.py:161] input_mask: 1 1 1 1 1 1 1 1 1 1 1 1 1 1 1 1 1 1 1 1 1 1 1 1 1 1 1 1 1 1 1 1 1 1 1 1 1 1 1 1 1 1 1 1 1 1 1 1 1 1 1 1 1 1 0 0 0 0 0 0 0 0 0 0 0 0 0 0 0 0 0 0 0 0 0 0 0 0 0 0 0 0 0 0 0 0 0 0 0 0 0 0 0 0 0 0 0 0 0 0 0 0 0 0 0 0 0 0 0 0 0 0 0 0 0 0 0 0 0 0 0 0 0 0 0 0 0 0
INFO:tensorflow:segment_ids: 0 0 0 0 0 0 0 0 0 0 0 0 0 0 0 0 0 0 0 0 0 0 0 0 1 1 1 1 1 1 1 1 1 1 1 1 1 1 1 1 1 1 1 1 1 1 1 1 1 1 1 1 1 1 0 0 0 0 0 0 0 0 0 0 0 0 0 0 0 0 0 0 0 0 0 0 0 0 0 0 0 0 0 0 0 0 0 0 0 0 0 0 0 0 0 0 0 0 0 0 0 0 0 0 0 0 0 0 0 0 0 0 0 0 0 0 0 0 0 0 0 0 0 0 0 0 0 0
I1103 15:27:12.303551 47421142193216 create_pretraining_data.py:161] segment_ids: 0 0 0 0 0 0 0 0 0 0 0 0 0 0 0 0 0 0 0 0 0 0 0 0 1 1 1 1 1 1 1 1 1 1 1 1 1 1 1 1 1 1 1 1 1 1 1 1 1 1 1 1 1 1 0 0 0 0 0 0 0 0 0 0 0 0 0 0 0 0 0 0 0 0 0 0 0 0 0 0 0 0 0 0 0 0 0 0 0 0 0 0 0 0 0 0 0 0 0 0 0 0 0 0 0 0 0 0 0 0 0 0 0 0 0 0 0 0 0 0 0 0 0 0 0 0 0 0
INFO:tensorflow:masked_lm_positions: 10 18 28 39 40 43 50 52 0 0 0 0 0 0 0 0 0 0 0 0
I1103 15:27:12.303674 47421142193216 create_pretraining_data.py:161] masked_lm_positions: 10 18 28 39 40 43 50 52 0 0 0 0 0 0 0 0 0 0 0 0
INFO:tensorflow:masked_lm_ids: 8434 12021 4469 3345 4103 3181 1908 2621 0 0 0 0 0 0 0 0 0 0 0 0
I1103 15:27:12.303792 47421142193216 create_pretraining_data.py:161] masked_lm_ids: 8434 12021 4469 3345 4103 3181 1908 2621 0 0 0 0 0 0 0 0 0 0 0 0
INFO:tensorflow:masked_lm_weights: 1.0 1.0 1.0 1.0 1.0 1.0 1.0 1.0 0.0 0.0 0.0 0.0 0.0 0.0 0.0 0.0 0.0 0.0 0.0 0.0
I1103 15:27:12.303912 47421142193216 create_pretraining_data.py:161] masked_lm_weights: 1.0 1.0 1.0 1.0 1.0 1.0 1.0 1.0 0.0 0.0 0.0 0.0 0.0 0.0 0.0 0.0 0.0 0.0 0.0 0.0
INFO:tensorflow:next_sentence_labels: 1
I1103 15:27:12.304023 47421142193216 create_pretraining_data.py:161] next_sentence_labels: 1
INFO:tensorflow:*** Example ***
I1103 15:27:12.304495 47421142193216 create_pretraining_data.py:149] *** Example ***
INFO:tensorflow:tokens: [CLS] الوحده الاماراتي يعلن عن تجديد عقد هداف [MASK] و الدوري الاماراتي تي ##جال ##ي عدة عام 2017 [SEP] احاديث الفردوس [MASK] اللهم اكتب اجرها لي [MASK] قرا ##ها ونشره ##ا وعمل بها عائض [MASK] [SEP]
I1103 15:27:12.304658 47421142193216 create_pretraining_data.py:151] tokens: [CLS] الوحده الاماراتي يعلن عن تجديد عقد هداف [MASK] و الدوري الاماراتي تي ##جال ##ي عدة عام 2017 [SEP] احاديث الفردوس [MASK] اللهم اكتب اجرها لي [MASK] قرا ##ها ونشره ##ا وعمل بها عائض [MASK] [SEP]
INFO:tensorflow:input_ids: 2 11242 17296 7961 1955 11311 3931 19211 4 415 3914 17296 5103 6867 1013 4412 2268 3700 3 22685 11640 4 2168 6559 26217 2134 4 8092 1913 15357 1007 11821 2459 13774 4 3 0 0 0 0 0 0 0 0 0 0 0 0 0 0 0 0 0 0 0 0 0 0 0 0 0 0 0 0 0 0 0 0 0 0 0 0 0 0 0 0 0 0 0 0 0 0 0 0 0 0 0 0 0 0 0 0 0 0 0 0 0 0 0 0 0 0 0 0 0 0 0 0 0 0 0 0 0 0 0 0 0 0 0 0 0 0 0 0 0 0 0 0
I1103 15:27:12.304837 47421142193216 create_pretraining_data.py:161] input_ids: 2 11242 17296 7961 1955 11311 3931 19211 4 415 3914 17296 5103 6867 1013 4412 2268 3700 3 22685 11640 4 2168 6559 26217 2134 4 8092 1913 15357 1007 11821 2459 13774 4 3 0 0 0 0 0 0 0 0 0 0 0 0 0 0 0 0 0 0 0 0 0 0 0 0 0 0 0 0 0 0 0 0 0 0 0 0 0 0 0 0 0 0 0 0 0 0 0 0 0 0 0 0 0 0 0 0 0 0 0 0 0 0 0 0 0 0 0 0 0 0 0 0 0 0 0 0 0 0 0 0 0 0 0 0 0 0 0 0 0 0 0 0
INFO:tensorflow:input_mask: 1 1 1 1 1 1 1 1 1 1 1 1 1 1 1 1 1 1 1 1 1 1 1 1 1 1 1 1 1 1 1 1 1 1 1 1 0 0 0 0 0 0 0 0 0 0 0 0 0 0 0 0 0 0 0 0 0 0 0 0 0 0 0 0 0 0 0 0 0 0 0 0 0 0 0 0 0 0 0 0 0 0 0 0 0 0 0 0 0 0 0 0 0 0 0 0 0 0 0 0 0 0 0 0 0 0 0 0 0 0 0 0 0 0 0 0 0 0 0 0 0 0 0 0 0 0 0 0
I1103 15:27:12.305002 47421142193216 create_pretraining_data.py:161] input_mask: 1 1 1 1 1 1 1 1 1 1 1 1 1 1 1 1 1 1 1 1 1 1 1 1 1 1 1 1 1 1 1 1 1 1 1 1 0 0 0 0 0 0 0 0 0 0 0 0 0 0 0 0 0 0 0 0 0 0 0 0 0 0 0 0 0 0 0 0 0 0 0 0 0 0 0 0 0 0 0 0 0 0 0 0 0 0 0 0 0 0 0 0 0 0 0 0 0 0 0 0 0 0 0 0 0 0 0 0 0 0 0 0 0 0 0 0 0 0 0 0 0 0 0 0 0 0 0 0
INFO:tensorflow:segment_ids: 0 0 0 0 0 0 0 0 0 0 0 0 0 0 0 0 0 0 0 1 1 1 1 1 1 1 1 1 1 1 1 1 1 1 1 1 0 0 0 0 0 0 0 0 0 0 0 0 0 0 0 0 0 0 0 0 0 0 0 0 0 0 0 0 0 0 0 0 0 0 0 0 0 0 0 0 0 0 0 0 0 0 0 0 0 0 0 0 0 0 0 0 0 0 0 0 0 0 0 0 0 0 0 0 0 0 0 0 0 0 0 0 0 0 0 0 0 0 0 0 0 0 0 0 0 0 0 0
I1103 15:27:12.305162 47421142193216 create_pretraining_data.py:161] segment_ids: 0 0 0 0 0 0 0 0 0 0 0 0 0 0 0 0 0 0 0 1 1 1 1 1 1 1 1 1 1 1 1 1 1 1 1 1 0 0 0 0 0 0 0 0 0 0 0 0 0 0 0 0 0 0 0 0 0 0 0 0 0 0 0 0 0 0 0 0 0 0 0 0 0 0 0 0 0 0 0 0 0 0 0 0 0 0 0 0 0 0 0 0 0 0 0 0 0 0 0 0 0 0 0 0 0 0 0 0 0 0 0 0 0 0 0 0 0 0 0 0 0 0 0 0 0 0 0 0
INFO:tensorflow:masked_lm_positions: 8 15 21 26 34 0 0 0 0 0 0 0 0 0 0 0 0 0 0 0
I1103 15:27:12.305290 47421142193216 create_pretraining_data.py:161] masked_lm_positions: 8 15 21 26 34 0 0 0 0 0 0 0 0 0 0 0 0 0 0 0
INFO:tensorflow:masked_lm_ids: 3671 2627 29659 14430 10595 0 0 0 0 0 0 0 0 0 0 0 0 0 0 0
I1103 15:27:12.305411 47421142193216 create_pretraining_data.py:161] masked_lm_ids: 3671 2627 29659 14430 10595 0 0 0 0 0 0 0 0 0 0 0 0 0 0 0
INFO:tensorflow:masked_lm_weights: 1.0 1.0 1.0 1.0 1.0 0.0 0.0 0.0 0.0 0.0 0.0 0.0 0.0 0.0 0.0 0.0 0.0 0.0 0.0 0.0
I1103 15:27:12.305533 47421142193216 create_pretraining_data.py:161] masked_lm_weights: 1.0 1.0 1.0 1.0 1.0 0.0 0.0 0.0 0.0 0.0 0.0 0.0 0.0 0.0 0.0 0.0 0.0 0.0 0.0 0.0
INFO:tensorflow:next_sentence_labels: 1
I1103 15:27:12.305644 47421142193216 create_pretraining_data.py:161] next_sentence_labels: 1
INFO:tensorflow:*** Example ***
I1103 15:27:12.306110 47421142193216 create_pretraining_data.py:149] *** Example ***
INFO:tensorflow:tokens: [CLS] زياده رواتب العسكريين يستاهل ##ون المرابطين علي الحدود مكاف ##ائه [MASK] [MASK] لهم ودع ##وه [MASK] [MASK] [MASK] الوقوف معهم [SEP] معلومه الهلال النادي الوحيد في السعوديه الذي فاز علي جميع الانديه التي [MASK] [MASK] الدوري السعودي في ملعب ##ه وم ##لاعب ##ها لم يفعله ##ا اي نادي اخر [SEP]
I1103 15:27:12.306270 47421142193216 create_pretraining_data.py:151] tokens: [CLS] زياده رواتب العسكريين يستاهل ##ون المرابطين علي الحدود مكاف ##ائه [MASK] [MASK] لهم ودع ##وه [MASK] [MASK] [MASK] الوقوف معهم [SEP] معلومه الهلال النادي الوحيد في السعوديه الذي فاز علي جميع الانديه التي [MASK] [MASK] الدوري السعودي في ملعب ##ه وم ##لاعب ##ها لم يفعله ##ا اي نادي اخر [SEP]
INFO:tensorflow:input_ids: 2 8364 16154 20416 10593 1922 15239 1958 4906 10184 4379 4 4 2899 12760 2283 4 4 4 12678 5876 3 13008 2675 4675 5230 1912 2721 2130 6421 1958 2561 11064 2061 4 4 3914 3428 1912 7151 1028 2081 9535 1913 2043 19400 1007 2218 3557 3076 3 0 0 0 0 0 0 0 0 0 0 0 0 0 0 0 0 0 0 0 0 0 0 0 0 0 0 0 0 0 0 0 0 0 0 0 0 0 0 0 0 0 0 0 0 0 0 0 0 0 0 0 0 0 0 0 0 0 0 0 0 0 0 0 0 0 0 0 0 0 0 0 0 0 0 0 0 0
I1103 15:27:12.306463 47421142193216 create_pretraining_data.py:161] input_ids: 2 8364 16154 20416 10593 1922 15239 1958 4906 10184 4379 4 4 2899 12760 2283 4 4 4 12678 5876 3 13008 2675 4675 5230 1912 2721 2130 6421 1958 2561 11064 2061 4 4 3914 3428 1912 7151 1028 2081 9535 1913 2043 19400 1007 2218 3557 3076 3 0 0 0 0 0 0 0 0 0 0 0 0 0 0 0 0 0 0 0 0 0 0 0 0 0 0 0 0 0 0 0 0 0 0 0 0 0 0 0 0 0 0 0 0 0 0 0 0 0 0 0 0 0 0 0 0 0 0 0 0 0 0 0 0 0 0 0 0 0 0 0 0 0 0 0 0 0
INFO:tensorflow:input_mask: 1 1 1 1 1 1 1 1 1 1 1 1 1 1 1 1 1 1 1 1 1 1 1 1 1 1 1 1 1 1 1 1 1 1 1 1 1 1 1 1 1 1 1 1 1 1 1 1 1 1 1 0 0 0 0 0 0 0 0 0 0 0 0 0 0 0 0 0 0 0 0 0 0 0 0 0 0 0 0 0 0 0 0 0 0 0 0 0 0 0 0 0 0 0 0 0 0 0 0 0 0 0 0 0 0 0 0 0 0 0 0 0 0 0 0 0 0 0 0 0 0 0 0 0 0 0 0 0
I1103 15:27:12.306628 47421142193216 create_pretraining_data.py:161] input_mask: 1 1 1 1 1 1 1 1 1 1 1 1 1 1 1 1 1 1 1 1 1 1 1 1 1 1 1 1 1 1 1 1 1 1 1 1 1 1 1 1 1 1 1 1 1 1 1 1 1 1 1 0 0 0 0 0 0 0 0 0 0 0 0 0 0 0 0 0 0 0 0 0 0 0 0 0 0 0 0 0 0 0 0 0 0 0 0 0 0 0 0 0 0 0 0 0 0 0 0 0 0 0 0 0 0 0 0 0 0 0 0 0 0 0 0 0 0 0 0 0 0 0 0 0 0 0 0 0
INFO:tensorflow:segment_ids: 0 0 0 0 0 0 0 0 0 0 0 0 0 0 0 0 0 0 0 0 0 0 1 1 1 1 1 1 1 1 1 1 1 1 1 1 1 1 1 1 1 1 1 1 1 1 1 1 1 1 1 0 0 0 0 0 0 0 0 0 0 0 0 0 0 0 0 0 0 0 0 0 0 0 0 0 0 0 0 0 0 0 0 0 0 0 0 0 0 0 0 0 0 0 0 0 0 0 0 0 0 0 0 0 0 0 0 0 0 0 0 0 0 0 0 0 0 0 0 0 0 0 0 0 0 0 0 0
I1103 15:27:12.306788 47421142193216 create_pretraining_data.py:161] segment_ids: 0 0 0 0 0 0 0 0 0 0 0 0 0 0 0 0 0 0 0 0 0 0 1 1 1 1 1 1 1 1 1 1 1 1 1 1 1 1 1 1 1 1 1 1 1 1 1 1 1 1 1 0 0 0 0 0 0 0 0 0 0 0 0 0 0 0 0 0 0 0 0 0 0 0 0 0 0 0 0 0 0 0 0 0 0 0 0 0 0 0 0 0 0 0 0 0 0 0 0 0 0 0 0 0 0 0 0 0 0 0 0 0 0 0 0 0 0 0 0 0 0 0 0 0 0 0 0 0
INFO:tensorflow:masked_lm_positions: 11 12 16 17 18 31 34 35 0 0 0 0 0 0 0 0 0 0 0 0
I1103 15:27:12.306911 47421142193216 create_pretraining_data.py:161] masked_lm_positions: 11 12 16 17 18 31 34 35 0 0 0 0 0 0 0 0 0 0 0 0
INFO:tensorflow:masked_lm_ids: 24022 1988 7767 7752 1909 2561 15336 1912 0 0 0 0 0 0 0 0 0 0 0 0
I1103 15:27:12.307029 47421142193216 create_pretraining_data.py:161] masked_lm_ids: 24022 1988 7767 7752 1909 2561 15336 1912 0 0 0 0 0 0 0 0 0 0 0 0
INFO:tensorflow:masked_lm_weights: 1.0 1.0 1.0 1.0 1.0 1.0 1.0 1.0 0.0 0.0 0.0 0.0 0.0 0.0 0.0 0.0 0.0 0.0 0.0 0.0
I1103 15:27:12.307151 47421142193216 create_pretraining_data.py:161] masked_lm_weights: 1.0 1.0 1.0 1.0 1.0 1.0 1.0 1.0 0.0 0.0 0.0 0.0 0.0 0.0 0.0 0.0 0.0 0.0 0.0 0.0
INFO:tensorflow:next_sentence_labels: 1
I1103 15:27:12.307268 47421142193216 create_pretraining_data.py:161] next_sentence_labels: 1
INFO:tensorflow:*** Example ***
I1103 15:27:12.307733 47421142193216 create_pretraining_data.py:149] *** Example ***
INFO:tensorflow:tokens: [CLS] صح [MASK] حزن ##ت [MASK] سيه ##ون ماله مقاطع كثير بس ابتسام ##ته هنا تكفي وتوفي [SEP] اذا [MASK] اهداف يجبر ##نا [MASK] [MASK] [MASK] [MASK] بسبب ارقام ##ه الخيال ##يه ولكن في المباريات الصعب ##ه يصير عال ##ه عال ##فري ##ق [SEP]
I1103 15:27:12.307884 47421142193216 create_pretraining_data.py:151] tokens: [CLS] صح [MASK] حزن ##ت [MASK] سيه ##ون ماله مقاطع كثير بس ابتسام ##ته هنا تكفي وتوفي [SEP] اذا [MASK] اهداف يجبر ##نا [MASK] [MASK] [MASK] [MASK] بسبب ارقام ##ه الخيال ##يه ولكن في المباريات الصعب ##ه يصير عال ##ه عال ##فري ##ق [SEP]
INFO:tensorflow:input_ids: 2 2786 4 7378 1005 4 25042 1922 8987 8135 2886 2357 8733 2076 2349 10508 16259 3 2387 4 7043 19518 1914 4 4 4 4 3179 9244 1028 12871 1988 2637 1912 9924 7565 1028 9624 6862 1028 6862 12768 1011 3 0 0 0 0 0 0 0 0 0 0 0 0 0 0 0 0 0 0 0 0 0 0 0 0 0 0 0 0 0 0 0 0 0 0 0 0 0 0 0 0 0 0 0 0 0 0 0 0 0 0 0 0 0 0 0 0 0 0 0 0 0 0 0 0 0 0 0 0 0 0 0 0 0 0 0 0 0 0 0 0 0 0 0 0
I1103 15:27:12.308076 47421142193216 create_pretraining_data.py:161] input_ids: 2 2786 4 7378 1005 4 25042 1922 8987 8135 2886 2357 8733 2076 2349 10508 16259 3 2387 4 7043 19518 1914 4 4 4 4 3179 9244 1028 12871 1988 2637 1912 9924 7565 1028 9624 6862 1028 6862 12768 1011 3 0 0 0 0 0 0 0 0 0 0 0 0 0 0 0 0 0 0 0 0 0 0 0 0 0 0 0 0 0 0 0 0 0 0 0 0 0 0 0 0 0 0 0 0 0 0 0 0 0 0 0 0 0 0 0 0 0 0 0 0 0 0 0 0 0 0 0 0 0 0 0 0 0 0 0 0 0 0 0 0 0 0 0 0
INFO:tensorflow:input_mask: 1 1 1 1 1 1 1 1 1 1 1 1 1 1 1 1 1 1 1 1 1 1 1 1 1 1 1 1 1 1 1 1 1 1 1 1 1 1 1 1 1 1 1 1 0 0 0 0 0 0 0 0 0 0 0 0 0 0 0 0 0 0 0 0 0 0 0 0 0 0 0 0 0 0 0 0 0 0 0 0 0 0 0 0 0 0 0 0 0 0 0 0 0 0 0 0 0 0 0 0 0 0 0 0 0 0 0 0 0 0 0 0 0 0 0 0 0 0 0 0 0 0 0 0 0 0 0 0
I1103 15:27:12.308240 47421142193216 create_pretraining_data.py:161] input_mask: 1 1 1 1 1 1 1 1 1 1 1 1 1 1 1 1 1 1 1 1 1 1 1 1 1 1 1 1 1 1 1 1 1 1 1 1 1 1 1 1 1 1 1 1 0 0 0 0 0 0 0 0 0 0 0 0 0 0 0 0 0 0 0 0 0 0 0 0 0 0 0 0 0 0 0 0 0 0 0 0 0 0 0 0 0 0 0 0 0 0 0 0 0 0 0 0 0 0 0 0 0 0 0 0 0 0 0 0 0 0 0 0 0 0 0 0 0 0 0 0 0 0 0 0 0 0 0 0
INFO:tensorflow:segment_ids: 0 0 0 0 0 0 0 0 0 0 0 0 0 0 0 0 0 0 1 1 1 1 1 1 1 1 1 1 1 1 1 1 1 1 1 1 1 1 1 1 1 1 1 1 0 0 0 0 0 0 0 0 0 0 0 0 0 0 0 0 0 0 0 0 0 0 0 0 0 0 0 0 0 0 0 0 0 0 0 0 0 0 0 0 0 0 0 0 0 0 0 0 0 0 0 0 0 0 0 0 0 0 0 0 0 0 0 0 0 0 0 0 0 0 0 0 0 0 0 0 0 0 0 0 0 0 0 0
I1103 15:27:12.308414 47421142193216 create_pretraining_data.py:161] segment_ids: 0 0 0 0 0 0 0 0 0 0 0 0 0 0 0 0 0 0 1 1 1 1 1 1 1 1 1 1 1 1 1 1 1 1 1 1 1 1 1 1 1 1 1 1 0 0 0 0 0 0 0 0 0 0 0 0 0 0 0 0 0 0 0 0 0 0 0 0 0 0 0 0 0 0 0 0 0 0 0 0 0 0 0 0 0 0 0 0 0 0 0 0 0 0 0 0 0 0 0 0 0 0 0 0 0 0 0 0 0 0 0 0 0 0 0 0 0 0 0 0 0 0 0 0 0 0 0 0
INFO:tensorflow:masked_lm_positions: 2 5 19 23 24 25 26 0 0 0 0 0 0 0 0 0 0 0 0 0
I1103 15:27:12.308537 47421142193216 create_pretraining_data.py:161] masked_lm_positions: 2 5 19 23 24 25 26 0 0 0 0 0 0 0 0 0 0 0 0 0
INFO:tensorflow:masked_lm_ids: 2694 2551 4846 5839 5055 13347 1028 0 0 0 0 0 0 0 0 0 0 0 0 0
I1103 15:27:12.308655 47421142193216 create_pretraining_data.py:161] masked_lm_ids: 2694 2551 4846 5839 5055 13347 1028 0 0 0 0 0 0 0 0 0 0 0 0 0
INFO:tensorflow:masked_lm_weights: 1.0 1.0 1.0 1.0 1.0 1.0 1.0 0.0 0.0 0.0 0.0 0.0 0.0 0.0 0.0 0.0 0.0 0.0 0.0 0.0
I1103 15:27:12.308776 47421142193216 create_pretraining_data.py:161] masked_lm_weights: 1.0 1.0 1.0 1.0 1.0 1.0 1.0 0.0 0.0 0.0 0.0 0.0 0.0 0.0 0.0 0.0 0.0 0.0 0.0 0.0
INFO:tensorflow:next_sentence_labels: 1
I1103 15:27:12.308887 47421142193216 create_pretraining_data.py:161] next_sentence_labels: 1
INFO:tensorflow:*** Example ***
I1103 15:27:12.309354 47421142193216 create_pretraining_data.py:149] *** Example ***
INFO:tensorflow:tokens: [CLS] ايات [MASK] متنوعه لعد ##ه مشا ##ئ ##خ [MASK] جدا وان ##صح بالاست ##ماع له ايات قران دين صوتيات توبه نشر [SEP] هكذا تكون الصداقه والمحبه حلاوه يارب قم لنا من يت ##صدق عنا ويدعو ##ا ۣ بعد ان [MASK] [MASK] من هنا دون كل ##ل او ملل [SEP]
I1103 15:27:12.309509 47421142193216 create_pretraining_data.py:151] tokens: [CLS] ايات [MASK] متنوعه لعد ##ه مشا ##ئ ##خ [MASK] جدا وان ##صح بالاست ##ماع له ايات قران دين صوتيات توبه نشر [SEP] هكذا تكون الصداقه والمحبه حلاوه يارب قم لنا من يت ##صدق عنا ويدعو ##ا ۣ بعد ان [MASK] [MASK] من هنا دون كل ##ل او ملل [SEP]
INFO:tensorflow:input_ids: 2 18466 4 25750 6086 1028 15442 1042 1036 4 2882 2178 5215 8116 2420 2154 18466 11259 3365 11304 20833 3449 3 5708 2652 14728 28953 22982 2856 5105 2776 1908 2097 4972 3717 28776 1007 499 2089 1939 4 4 1908 2349 2571 2038 1010 2213 23832 3 0 0 0 0 0 0 0 0 0 0 0 0 0 0 0 0 0 0 0 0 0 0 0 0 0 0 0 0 0 0 0 0 0 0 0 0 0 0 0 0 0 0 0 0 0 0 0 0 0 0 0 0 0 0 0 0 0 0 0 0 0 0 0 0 0 0 0 0 0 0 0 0 0 0 0 0 0 0
I1103 15:27:12.309701 47421142193216 create_pretraining_data.py:161] input_ids: 2 18466 4 25750 6086 1028 15442 1042 1036 4 2882 2178 5215 8116 2420 2154 18466 11259 3365 11304 20833 3449 3 5708 2652 14728 28953 22982 2856 5105 2776 1908 2097 4972 3717 28776 1007 499 2089 1939 4 4 1908 2349 2571 2038 1010 2213 23832 3 0 0 0 0 0 0 0 0 0 0 0 0 0 0 0 0 0 0 0 0 0 0 0 0 0 0 0 0 0 0 0 0 0 0 0 0 0 0 0 0 0 0 0 0 0 0 0 0 0 0 0 0 0 0 0 0 0 0 0 0 0 0 0 0 0 0 0 0 0 0 0 0 0 0 0 0 0 0
INFO:tensorflow:input_mask: 1 1 1 1 1 1 1 1 1 1 1 1 1 1 1 1 1 1 1 1 1 1 1 1 1 1 1 1 1 1 1 1 1 1 1 1 1 1 1 1 1 1 1 1 1 1 1 1 1 1 0 0 0 0 0 0 0 0 0 0 0 0 0 0 0 0 0 0 0 0 0 0 0 0 0 0 0 0 0 0 0 0 0 0 0 0 0 0 0 0 0 0 0 0 0 0 0 0 0 0 0 0 0 0 0 0 0 0 0 0 0 0 0 0 0 0 0 0 0 0 0 0 0 0 0 0 0 0
I1103 15:27:12.309868 47421142193216 create_pretraining_data.py:161] input_mask: 1 1 1 1 1 1 1 1 1 1 1 1 1 1 1 1 1 1 1 1 1 1 1 1 1 1 1 1 1 1 1 1 1 1 1 1 1 1 1 1 1 1 1 1 1 1 1 1 1 1 0 0 0 0 0 0 0 0 0 0 0 0 0 0 0 0 0 0 0 0 0 0 0 0 0 0 0 0 0 0 0 0 0 0 0 0 0 0 0 0 0 0 0 0 0 0 0 0 0 0 0 0 0 0 0 0 0 0 0 0 0 0 0 0 0 0 0 0 0 0 0 0 0 0 0 0 0 0
INFO:tensorflow:segment_ids: 0 0 0 0 0 0 0 0 0 0 0 0 0 0 0 0 0 0 0 0 0 0 0 1 1 1 1 1 1 1 1 1 1 1 1 1 1 1 1 1 1 1 1 1 1 1 1 1 1 1 0 0 0 0 0 0 0 0 0 0 0 0 0 0 0 0 0 0 0 0 0 0 0 0 0 0 0 0 0 0 0 0 0 0 0 0 0 0 0 0 0 0 0 0 0 0 0 0 0 0 0 0 0 0 0 0 0 0 0 0 0 0 0 0 0 0 0 0 0 0 0 0 0 0 0 0 0 0
I1103 15:27:12.310028 47421142193216 create_pretraining_data.py:161] segment_ids: 0 0 0 0 0 0 0 0 0 0 0 0 0 0 0 0 0 0 0 0 0 0 0 1 1 1 1 1 1 1 1 1 1 1 1 1 1 1 1 1 1 1 1 1 1 1 1 1 1 1 0 0 0 0 0 0 0 0 0 0 0 0 0 0 0 0 0 0 0 0 0 0 0 0 0 0 0 0 0 0 0 0 0 0 0 0 0 0 0 0 0 0 0 0 0 0 0 0 0 0 0 0 0 0 0 0 0 0 0 0 0 0 0 0 0 0 0 0 0 0 0 0 0 0 0 0 0 0
INFO:tensorflow:masked_lm_positions: 2 9 27 29 30 37 40 41 0 0 0 0 0 0 0 0 0 0 0 0
I1103 15:27:12.310150 47421142193216 create_pretraining_data.py:161] masked_lm_positions: 2 9 27 29 30 37 40 41 0 0 0 0 0 0 0 0 0 0 0 0
INFO:tensorflow:masked_lm_ids: 13438 3814 27982 12312 2776 2776 12147 4278 0 0 0 0 0 0 0 0 0 0 0 0
I1103 15:27:12.310273 47421142193216 create_pretraining_data.py:161] masked_lm_ids: 13438 3814 27982 12312 2776 2776 12147 4278 0 0 0 0 0 0 0 0 0 0 0 0
INFO:tensorflow:masked_lm_weights: 1.0 1.0 1.0 1.0 1.0 1.0 1.0 1.0 0.0 0.0 0.0 0.0 0.0 0.0 0.0 0.0 0.0 0.0 0.0 0.0
I1103 15:27:12.310396 47421142193216 create_pretraining_data.py:161] masked_lm_weights: 1.0 1.0 1.0 1.0 1.0 1.0 1.0 1.0 0.0 0.0 0.0 0.0 0.0 0.0 0.0 0.0 0.0 0.0 0.0 0.0
INFO:tensorflow:next_sentence_labels: 1
I1103 15:27:12.310507 47421142193216 create_pretraining_data.py:161] next_sentence_labels: 1
INFO:tensorflow:*** Example ***
I1103 15:27:12.310969 47421142193216 create_pretraining_data.py:149] *** Example ***
INFO:tensorflow:tokens: [CLS] بيك ##اس ##و از باك [SEP] صلو علي شفي ##عك ##م يوم القيامه اللهم صل وسلم علي نبينا محمد عدد ##ريحا [MASK] الذاكرون [MASK] ماغ ##فل احرار [MASK] الغاف ##لون [SEP]
I1103 15:27:12.311115 47421142193216 create_pretraining_data.py:151] tokens: [CLS] بيك ##اس ##و از باك [SEP] صلو علي شفي ##عك ##م يوم القيامه اللهم صل وسلم علي نبينا محمد عدد ##ريحا [MASK] الذاكرون [MASK] ماغ ##فل احرار [MASK] الغاف ##لون [SEP]
INFO:tensorflow:input_ids: 2 10054 2233 1012 3780 4904 3 17033 1958 18793 4790 1015 2232 8144 2168 3991 2565 1958 5762 2202 2548 14826 4 28339 4 23319 2614 25311 4 20714 2840 3 0 0 0 0 0 0 0 0 0 0 0 0 0 0 0 0 0 0 0 0 0 0 0 0 0 0 0 0 0 0 0 0 0 0 0 0 0 0 0 0 0 0 0 0 0 0 0 0 0 0 0 0 0 0 0 0 0 0 0 0 0 0 0 0 0 0 0 0 0 0 0 0 0 0 0 0 0 0 0 0 0 0 0 0 0 0 0 0 0 0 0 0 0 0 0 0
I1103 15:27:12.311305 47421142193216 create_pretraining_data.py:161] input_ids: 2 10054 2233 1012 3780 4904 3 17033 1958 18793 4790 1015 2232 8144 2168 3991 2565 1958 5762 2202 2548 14826 4 28339 4 23319 2614 25311 4 20714 2840 3 0 0 0 0 0 0 0 0 0 0 0 0 0 0 0 0 0 0 0 0 0 0 0 0 0 0 0 0 0 0 0 0 0 0 0 0 0 0 0 0 0 0 0 0 0 0 0 0 0 0 0 0 0 0 0 0 0 0 0 0 0 0 0 0 0 0 0 0 0 0 0 0 0 0 0 0 0 0 0 0 0 0 0 0 0 0 0 0 0 0 0 0 0 0 0 0
INFO:tensorflow:input_mask: 1 1 1 1 1 1 1 1 1 1 1 1 1 1 1 1 1 1 1 1 1 1 1 1 1 1 1 1 1 1 1 1 0 0 0 0 0 0 0 0 0 0 0 0 0 0 0 0 0 0 0 0 0 0 0 0 0 0 0 0 0 0 0 0 0 0 0 0 0 0 0 0 0 0 0 0 0 0 0 0 0 0 0 0 0 0 0 0 0 0 0 0 0 0 0 0 0 0 0 0 0 0 0 0 0 0 0 0 0 0 0 0 0 0 0 0 0 0 0 0 0 0 0 0 0 0 0 0
I1103 15:27:12.311473 47421142193216 create_pretraining_data.py:161] input_mask: 1 1 1 1 1 1 1 1 1 1 1 1 1 1 1 1 1 1 1 1 1 1 1 1 1 1 1 1 1 1 1 1 0 0 0 0 0 0 0 0 0 0 0 0 0 0 0 0 0 0 0 0 0 0 0 0 0 0 0 0 0 0 0 0 0 0 0 0 0 0 0 0 0 0 0 0 0 0 0 0 0 0 0 0 0 0 0 0 0 0 0 0 0 0 0 0 0 0 0 0 0 0 0 0 0 0 0 0 0 0 0 0 0 0 0 0 0 0 0 0 0 0 0 0 0 0 0 0
INFO:tensorflow:segment_ids: 0 0 0 0 0 0 0 1 1 1 1 1 1 1 1 1 1 1 1 1 1 1 1 1 1 1 1 1 1 1 1 1 0 0 0 0 0 0 0 0 0 0 0 0 0 0 0 0 0 0 0 0 0 0 0 0 0 0 0 0 0 0 0 0 0 0 0 0 0 0 0 0 0 0 0 0 0 0 0 0 0 0 0 0 0 0 0 0 0 0 0 0 0 0 0 0 0 0 0 0 0 0 0 0 0 0 0 0 0 0 0 0 0 0 0 0 0 0 0 0 0 0 0 0 0 0 0 0
I1103 15:27:12.311632 47421142193216 create_pretraining_data.py:161] segment_ids: 0 0 0 0 0 0 0 1 1 1 1 1 1 1 1 1 1 1 1 1 1 1 1 1 1 1 1 1 1 1 1 1 0 0 0 0 0 0 0 0 0 0 0 0 0 0 0 0 0 0 0 0 0 0 0 0 0 0 0 0 0 0 0 0 0 0 0 0 0 0 0 0 0 0 0 0 0 0 0 0 0 0 0 0 0 0 0 0 0 0 0 0 0 0 0 0 0 0 0 0 0 0 0 0 0 0 0 0 0 0 0 0 0 0 0 0 0 0 0 0 0 0 0 0 0 0 0 0
INFO:tensorflow:masked_lm_positions: 21 22 24 27 28 0 0 0 0 0 0 0 0 0 0 0 0 0 0 0
I1103 15:27:12.311754 47421142193216 create_pretraining_data.py:161] masked_lm_positions: 21 22 24 27 28 0 0 0 0 0 0 0 0 0 0 0 0 0 0 0
INFO:tensorflow:masked_lm_ids: 1972 15935 7037 1955 7376 0 0 0 0 0 0 0 0 0 0 0 0 0 0 0
I1103 15:27:12.311872 47421142193216 create_pretraining_data.py:161] masked_lm_ids: 1972 15935 7037 1955 7376 0 0 0 0 0 0 0 0 0 0 0 0 0 0 0
INFO:tensorflow:masked_lm_weights: 1.0 1.0 1.0 1.0 1.0 0.0 0.0 0.0 0.0 0.0 0.0 0.0 0.0 0.0 0.0 0.0 0.0 0.0 0.0 0.0
I1103 15:27:12.311992 47421142193216 create_pretraining_data.py:161] masked_lm_weights: 1.0 1.0 1.0 1.0 1.0 0.0 0.0 0.0 0.0 0.0 0.0 0.0 0.0 0.0 0.0 0.0 0.0 0.0 0.0 0.0
INFO:tensorflow:next_sentence_labels: 1
I1103 15:27:12.312101 47421142193216 create_pretraining_data.py:161] next_sentence_labels: 1
INFO:tensorflow:*** Example ***
I1103 15:27:12.312566 47421142193216 create_pretraining_data.py:149] *** Example ***
INFO:tensorflow:tokens: [CLS] سبحان الله وبحمده عدد [MASK] ورضا نفسه وزنه عرشه ومداد كلماته [SEP] صحيح محدش [MASK] [MASK] لما حبيبه يبعد بس [MASK] مش نفس طالع [MASK] [MASK] الفكره انك ممكن متب ##قاش متق ##بل انكم تحت سما واحده ومش مع بعض موت مع ايقاف التنفيذ [SEP]
I1103 15:27:12.312718 47421142193216 create_pretraining_data.py:151] tokens: [CLS] سبحان الله وبحمده عدد [MASK] ورضا نفسه وزنه عرشه ومداد كلماته [SEP] صحيح محدش [MASK] [MASK] لما حبيبه يبعد بس [MASK] مش نفس طالع [MASK] [MASK] الفكره انك ممكن متب ##قاش متق ##بل انكم تحت سما واحده ومش مع بعض موت مع ايقاف التنفيذ [SEP]
INFO:tensorflow:input_ids: 2 2575 1953 4276 2548 4 10500 3081 7154 7198 7517 7119 3 4053 15366 4 4 2518 20127 13589 2357 4 2096 2339 16427 4 4 22776 2963 4050 24534 4969 20859 2108 14802 2538 4797 5861 5199 1973 2346 5166 1973 10703 7513 3 0 0 0 0 0 0 0 0 0 0 0 0 0 0 0 0 0 0 0 0 0 0 0 0 0 0 0 0 0 0 0 0 0 0 0 0 0 0 0 0 0 0 0 0 0 0 0 0 0 0 0 0 0 0 0 0 0 0 0 0 0 0 0 0 0 0 0 0 0 0 0 0 0 0 0 0 0 0 0 0 0 0
I1103 15:27:12.312892 47421142193216 create_pretraining_data.py:161] input_ids: 2 2575 1953 4276 2548 4 10500 3081 7154 7198 7517 7119 3 4053 15366 4 4 2518 20127 13589 2357 4 2096 2339 16427 4 4 22776 2963 4050 24534 4969 20859 2108 14802 2538 4797 5861 5199 1973 2346 5166 1973 10703 7513 3 0 0 0 0 0 0 0 0 0 0 0 0 0 0 0 0 0 0 0 0 0 0 0 0 0 0 0 0 0 0 0 0 0 0 0 0 0 0 0 0 0 0 0 0 0 0 0 0 0 0 0 0 0 0 0 0 0 0 0 0 0 0 0 0 0 0 0 0 0 0 0 0 0 0 0 0 0 0 0 0 0 0
INFO:tensorflow:input_mask: 1 1 1 1 1 1 1 1 1 1 1 1 1 1 1 1 1 1 1 1 1 1 1 1 1 1 1 1 1 1 1 1 1 1 1 1 1 1 1 1 1 1 1 1 1 1 0 0 0 0 0 0 0 0 0 0 0 0 0 0 0 0 0 0 0 0 0 0 0 0 0 0 0 0 0 0 0 0 0 0 0 0 0 0 0 0 0 0 0 0 0 0 0 0 0 0 0 0 0 0 0 0 0 0 0 0 0 0 0 0 0 0 0 0 0 0 0 0 0 0 0 0 0 0 0 0 0 0
I1103 15:27:12.313072 47421142193216 create_pretraining_data.py:161] input_mask: 1 1 1 1 1 1 1 1 1 1 1 1 1 1 1 1 1 1 1 1 1 1 1 1 1 1 1 1 1 1 1 1 1 1 1 1 1 1 1 1 1 1 1 1 1 1 0 0 0 0 0 0 0 0 0 0 0 0 0 0 0 0 0 0 0 0 0 0 0 0 0 0 0 0 0 0 0 0 0 0 0 0 0 0 0 0 0 0 0 0 0 0 0 0 0 0 0 0 0 0 0 0 0 0 0 0 0 0 0 0 0 0 0 0 0 0 0 0 0 0 0 0 0 0 0 0 0 0
INFO:tensorflow:segment_ids: 0 0 0 0 0 0 0 0 0 0 0 0 0 1 1 1 1 1 1 1 1 1 1 1 1 1 1 1 1 1 1 1 1 1 1 1 1 1 1 1 1 1 1 1 1 1 0 0 0 0 0 0 0 0 0 0 0 0 0 0 0 0 0 0 0 0 0 0 0 0 0 0 0 0 0 0 0 0 0 0 0 0 0 0 0 0 0 0 0 0 0 0 0 0 0 0 0 0 0 0 0 0 0 0 0 0 0 0 0 0 0 0 0 0 0 0 0 0 0 0 0 0 0 0 0 0 0 0
I1103 15:27:12.313233 47421142193216 create_pretraining_data.py:161] segment_ids: 0 0 0 0 0 0 0 0 0 0 0 0 0 1 1 1 1 1 1 1 1 1 1 1 1 1 1 1 1 1 1 1 1 1 1 1 1 1 1 1 1 1 1 1 1 1 0 0 0 0 0 0 0 0 0 0 0 0 0 0 0 0 0 0 0 0 0 0 0 0 0 0 0 0 0 0 0 0 0 0 0 0 0 0 0 0 0 0 0 0 0 0 0 0 0 0 0 0 0 0 0 0 0 0 0 0 0 0 0 0 0 0 0 0 0 0 0 0 0 0 0 0 0 0 0 0 0 0
INFO:tensorflow:masked_lm_positions: 5 8 15 16 21 25 26 0 0 0 0 0 0 0 0 0 0 0 0 0
I1103 15:27:12.313364 47421142193216 create_pretraining_data.py:161] masked_lm_positions: 5 8 15 16 21 25 26 0 0 0 0 0 0 0 0 0 0 0 0 0
INFO:tensorflow:masked_lm_ids: 5987 7154 16403 2054 22776 16527 2325 0 0 0 0 0 0 0 0 0 0 0 0 0
I1103 15:27:12.313484 47421142193216 create_pretraining_data.py:161] masked_lm_ids: 5987 7154 16403 2054 22776 16527 2325 0 0 0 0 0 0 0 0 0 0 0 0 0
INFO:tensorflow:masked_lm_weights: 1.0 1.0 1.0 1.0 1.0 1.0 1.0 0.0 0.0 0.0 0.0 0.0 0.0 0.0 0.0 0.0 0.0 0.0 0.0 0.0
I1103 15:27:12.313606 47421142193216 create_pretraining_data.py:161] masked_lm_weights: 1.0 1.0 1.0 1.0 1.0 1.0 1.0 0.0 0.0 0.0 0.0 0.0 0.0 0.0 0.0 0.0 0.0 0.0 0.0 0.0
INFO:tensorflow:next_sentence_labels: 1
I1103 15:27:12.313718 47421142193216 create_pretraining_data.py:161] next_sentence_labels: 1
INFO:tensorflow:*** Example ***
I1103 15:27:12.314185 47421142193216 create_pretraining_data.py:149] *** Example ***
INFO:tensorflow:tokens: [CLS] تلقي ##ن المحت ##ضر لا اله الا الله [MASK] ابي [MASK] الخد ##ري رضي الله عنه قال قال رسول الله [MASK] التحليل موت ##اكم لا اله الا الله رواه [MASK] [SEP] 7 المعالج ##ه يت ##واز ##ن اسلوب المعالج ##ه [MASK] التحليل [MASK] [MASK] والو ##عظ والتط ##بيقات الواقع ##يه ما يفيد في دفع الملل عن المشاهد وارض ##اء الفئات المختلفه [SEP]
I1103 15:27:12.314352 47421142193216 create_pretraining_data.py:151] tokens: [CLS] تلقي ##ن المحت ##ضر لا اله الا الله [MASK] ابي [MASK] الخد ##ري رضي الله عنه قال قال رسول الله [MASK] التحليل موت ##اكم لا اله الا الله رواه [MASK] [SEP] 7 المعالج ##ه يت ##واز ##ن اسلوب المعالج ##ه [MASK] التحليل [MASK] [MASK] والو ##عظ والتط ##بيقات الواقع ##يه ما يفيد في دفع الملل عن المشاهد وارض ##اء الفئات المختلفه [SEP]
INFO:tensorflow:input_ids: 2 9142 1006 3971 2511 1963 2090 1915 1953 4 3855 4 18292 1923 4309 1953 2891 2136 2136 3016 1953 4 15289 5166 13229 1963 2090 1915 1953 5362 4 3 27 14118 1028 2097 4638 1006 14319 14118 1028 4 15289 4 4 11031 24776 13819 5864 4915 1988 1972 13070 1912 5781 23468 1955 6275 27492 1954 15025 21493 3 0 0 0 0 0 0 0 0 0 0 0 0 0 0 0 0 0 0 0 0 0 0 0 0 0 0 0 0 0 0 0 0 0 0 0 0 0 0 0 0 0 0 0 0 0 0 0 0 0 0 0 0 0 0 0 0 0 0 0 0 0 0 0 0 0
I1103 15:27:12.314545 47421142193216 create_pretraining_data.py:161] input_ids: 2 9142 1006 3971 2511 1963 2090 1915 1953 4 3855 4 18292 1923 4309 1953 2891 2136 2136 3016 1953 4 15289 5166 13229 1963 2090 1915 1953 5362 4 3 27 14118 1028 2097 4638 1006 14319 14118 1028 4 15289 4 4 11031 24776 13819 5864 4915 1988 1972 13070 1912 5781 23468 1955 6275 27492 1954 15025 21493 3 0 0 0 0 0 0 0 0 0 0 0 0 0 0 0 0 0 0 0 0 0 0 0 0 0 0 0 0 0 0 0 0 0 0 0 0 0 0 0 0 0 0 0 0 0 0 0 0 0 0 0 0 0 0 0 0 0 0 0 0 0 0 0 0 0
INFO:tensorflow:input_mask: 1 1 1 1 1 1 1 1 1 1 1 1 1 1 1 1 1 1 1 1 1 1 1 1 1 1 1 1 1 1 1 1 1 1 1 1 1 1 1 1 1 1 1 1 1 1 1 1 1 1 1 1 1 1 1 1 1 1 1 1 1 1 1 0 0 0 0 0 0 0 0 0 0 0 0 0 0 0 0 0 0 0 0 0 0 0 0 0 0 0 0 0 0 0 0 0 0 0 0 0 0 0 0 0 0 0 0 0 0 0 0 0 0 0 0 0 0 0 0 0 0 0 0 0 0 0 0 0
I1103 15:27:12.314715 47421142193216 create_pretraining_data.py:161] input_mask: 1 1 1 1 1 1 1 1 1 1 1 1 1 1 1 1 1 1 1 1 1 1 1 1 1 1 1 1 1 1 1 1 1 1 1 1 1 1 1 1 1 1 1 1 1 1 1 1 1 1 1 1 1 1 1 1 1 1 1 1 1 1 1 0 0 0 0 0 0 0 0 0 0 0 0 0 0 0 0 0 0 0 0 0 0 0 0 0 0 0 0 0 0 0 0 0 0 0 0 0 0 0 0 0 0 0 0 0 0 0 0 0 0 0 0 0 0 0 0 0 0 0 0 0 0 0 0 0
INFO:tensorflow:segment_ids: 0 0 0 0 0 0 0 0 0 0 0 0 0 0 0 0 0 0 0 0 0 0 0 0 0 0 0 0 0 0 0 0 1 1 1 1 1 1 1 1 1 1 1 1 1 1 1 1 1 1 1 1 1 1 1 1 1 1 1 1 1 1 1 0 0 0 0 0 0 0 0 0 0 0 0 0 0 0 0 0 0 0 0 0 0 0 0 0 0 0 0 0 0 0 0 0 0 0 0 0 0 0 0 0 0 0 0 0 0 0 0 0 0 0 0 0 0 0 0 0 0 0 0 0 0 0 0 0
I1103 15:27:12.314876 47421142193216 create_pretraining_data.py:161] segment_ids: 0 0 0 0 0 0 0 0 0 0 0 0 0 0 0 0 0 0 0 0 0 0 0 0 0 0 0 0 0 0 0 0 1 1 1 1 1 1 1 1 1 1 1 1 1 1 1 1 1 1 1 1 1 1 1 1 1 1 1 1 1 1 1 0 0 0 0 0 0 0 0 0 0 0 0 0 0 0 0 0 0 0 0 0 0 0 0 0 0 0 0 0 0 0 0 0 0 0 0 0 0 0 0 0 0 0 0 0 0 0 0 0 0 0 0 0 0 0 0 0 0 0 0 0 0 0 0 0
INFO:tensorflow:masked_lm_positions: 9 11 21 22 30 41 43 44 53 0 0 0 0 0 0 0 0 0 0 0
I1103 15:27:12.315000 47421142193216 create_pretraining_data.py:161] masked_lm_positions: 9 11 21 22 30 41 43 44 53 0 0 0 0 0 0 0 0 0 0 0
INFO:tensorflow:masked_lm_ids: 1955 3664 2794 15505 4123 2117 8100 3401 1912 0 0 0 0 0 0 0 0 0 0 0
I1103 15:27:12.315119 47421142193216 create_pretraining_data.py:161] masked_lm_ids: 1955 3664 2794 15505 4123 2117 8100 3401 1912 0 0 0 0 0 0 0 0 0 0 0
INFO:tensorflow:masked_lm_weights: 1.0 1.0 1.0 1.0 1.0 1.0 1.0 1.0 1.0 0.0 0.0 0.0 0.0 0.0 0.0 0.0 0.0 0.0 0.0 0.0
I1103 15:27:12.315240 47421142193216 create_pretraining_data.py:161] masked_lm_weights: 1.0 1.0 1.0 1.0 1.0 1.0 1.0 1.0 1.0 0.0 0.0 0.0 0.0 0.0 0.0 0.0 0.0 0.0 0.0 0.0
INFO:tensorflow:next_sentence_labels: 1
I1103 15:27:12.315359 47421142193216 create_pretraining_data.py:161] next_sentence_labels: 1
INFO:tensorflow:*** Example ***
I1103 15:27:12.315821 47421142193216 create_pretraining_data.py:149] *** Example ***
INFO:tensorflow:tokens: [CLS] [MASK] [MASK] احدا علي قله الاهتمام لان مايا الذي نعلم بعد العتاب مج ##امله [SEP] غرفه قطر توقع مذكر ##ه تفاهم مع [MASK] تجار ##ه وص ##ناعه تت ##ارس ##تان [SEP]
I1103 15:27:12.315967 47421142193216 create_pretraining_data.py:151] tokens: [CLS] [MASK] [MASK] احدا علي قله الاهتمام لان مايا الذي نعلم بعد العتاب مج ##امله [SEP] غرفه قطر توقع مذكر ##ه تفاهم مع [MASK] تجار ##ه وص ##ناعه تت ##ارس ##تان [SEP]
INFO:tensorflow:input_ids: 2 4 4 8165 1958 11676 6925 2551 26421 2130 10545 2089 23279 2079 11779 3 16226 3984 6040 8253 1028 19106 1973 4 14569 1028 2417 24046 2201 2688 7383 3 0 0 0 0 0 0 0 0 0 0 0 0 0 0 0 0 0 0 0 0 0 0 0 0 0 0 0 0 0 0 0 0 0 0 0 0 0 0 0 0 0 0 0 0 0 0 0 0 0 0 0 0 0 0 0 0 0 0 0 0 0 0 0 0 0 0 0 0 0 0 0 0 0 0 0 0 0 0 0 0 0 0 0 0 0 0 0 0 0 0 0 0 0 0 0 0
I1103 15:27:12.316139 47421142193216 create_pretraining_data.py:161] input_ids: 2 4 4 8165 1958 11676 6925 2551 26421 2130 10545 2089 23279 2079 11779 3 16226 3984 6040 8253 1028 19106 1973 4 14569 1028 2417 24046 2201 2688 7383 3 0 0 0 0 0 0 0 0 0 0 0 0 0 0 0 0 0 0 0 0 0 0 0 0 0 0 0 0 0 0 0 0 0 0 0 0 0 0 0 0 0 0 0 0 0 0 0 0 0 0 0 0 0 0 0 0 0 0 0 0 0 0 0 0 0 0 0 0 0 0 0 0 0 0 0 0 0 0 0 0 0 0 0 0 0 0 0 0 0 0 0 0 0 0 0 0
INFO:tensorflow:input_mask: 1 1 1 1 1 1 1 1 1 1 1 1 1 1 1 1 1 1 1 1 1 1 1 1 1 1 1 1 1 1 1 1 0 0 0 0 0 0 0 0 0 0 0 0 0 0 0 0 0 0 0 0 0 0 0 0 0 0 0 0 0 0 0 0 0 0 0 0 0 0 0 0 0 0 0 0 0 0 0 0 0 0 0 0 0 0 0 0 0 0 0 0 0 0 0 0 0 0 0 0 0 0 0 0 0 0 0 0 0 0 0 0 0 0 0 0 0 0 0 0 0 0 0 0 0 0 0 0
I1103 15:27:12.316326 47421142193216 create_pretraining_data.py:161] input_mask: 1 1 1 1 1 1 1 1 1 1 1 1 1 1 1 1 1 1 1 1 1 1 1 1 1 1 1 1 1 1 1 1 0 0 0 0 0 0 0 0 0 0 0 0 0 0 0 0 0 0 0 0 0 0 0 0 0 0 0 0 0 0 0 0 0 0 0 0 0 0 0 0 0 0 0 0 0 0 0 0 0 0 0 0 0 0 0 0 0 0 0 0 0 0 0 0 0 0 0 0 0 0 0 0 0 0 0 0 0 0 0 0 0 0 0 0 0 0 0 0 0 0 0 0 0 0 0 0
INFO:tensorflow:segment_ids: 0 0 0 0 0 0 0 0 0 0 0 0 0 0 0 0 1 1 1 1 1 1 1 1 1 1 1 1 1 1 1 1 0 0 0 0 0 0 0 0 0 0 0 0 0 0 0 0 0 0 0 0 0 0 0 0 0 0 0 0 0 0 0 0 0 0 0 0 0 0 0 0 0 0 0 0 0 0 0 0 0 0 0 0 0 0 0 0 0 0 0 0 0 0 0 0 0 0 0 0 0 0 0 0 0 0 0 0 0 0 0 0 0 0 0 0 0 0 0 0 0 0 0 0 0 0 0 0
I1103 15:27:12.316488 47421142193216 create_pretraining_data.py:161] segment_ids: 0 0 0 0 0 0 0 0 0 0 0 0 0 0 0 0 1 1 1 1 1 1 1 1 1 1 1 1 1 1 1 1 0 0 0 0 0 0 0 0 0 0 0 0 0 0 0 0 0 0 0 0 0 0 0 0 0 0 0 0 0 0 0 0 0 0 0 0 0 0 0 0 0 0 0 0 0 0 0 0 0 0 0 0 0 0 0 0 0 0 0 0 0 0 0 0 0 0 0 0 0 0 0 0 0 0 0 0 0 0 0 0 0 0 0 0 0 0 0 0 0 0 0 0 0 0 0 0
INFO:tensorflow:masked_lm_positions: 1 2 8 10 23 0 0 0 0 0 0 0 0 0 0 0 0 0 0 0
I1103 15:27:12.316611 47421142193216 create_pretraining_data.py:161] masked_lm_positions: 1 2 8 10 23 0 0 0 0 0 0 0 0 0 0 0 0 0 0 0
INFO:tensorflow:masked_lm_ids: 29814 2905 6925 19112 16226 0 0 0 0 0 0 0 0 0 0 0 0 0 0 0
I1103 15:27:12.316731 47421142193216 create_pretraining_data.py:161] masked_lm_ids: 29814 2905 6925 19112 16226 0 0 0 0 0 0 0 0 0 0 0 0 0 0 0
INFO:tensorflow:masked_lm_weights: 1.0 1.0 1.0 1.0 1.0 0.0 0.0 0.0 0.0 0.0 0.0 0.0 0.0 0.0 0.0 0.0 0.0 0.0 0.0 0.0
I1103 15:27:12.316851 47421142193216 create_pretraining_data.py:161] masked_lm_weights: 1.0 1.0 1.0 1.0 1.0 0.0 0.0 0.0 0.0 0.0 0.0 0.0 0.0 0.0 0.0 0.0 0.0 0.0 0.0 0.0
INFO:tensorflow:next_sentence_labels: 1
I1103 15:27:12.316962 47421142193216 create_pretraining_data.py:161] next_sentence_labels: 1
INFO:tensorflow:*** Example ***
I1103 15:27:12.317433 47421142193216 create_pretraining_data.py:149] *** Example ***
INFO:tensorflow:tokens: [CLS] سلسله محاضرات ##ي في قطر ايام الخميس و الجمعه [MASK] ##ت تقبل الله منا ##ومن ##كم عائض القرني للاستفسار 55 ##34 ##18 ##18 [MASK] راف [SEP] [MASK] تواجد [MASK] بم ##جم ##وعه الهلال الهلال كلما [MASK] السد بدور المجموعات يت ##اهل لن ##صف [MASK] باقل تقدير 2010 و 2015 نصف نهائي 2014 نهائي [SEP]
I1103 15:27:12.317590 47421142193216 create_pretraining_data.py:151] tokens: [CLS] سلسله محاضرات ##ي في قطر ايام الخميس و الجمعه [MASK] ##ت تقبل الله منا ##ومن ##كم عائض القرني للاستفسار 55 ##34 ##18 ##18 [MASK] راف [SEP] [MASK] تواجد [MASK] بم ##جم ##وعه الهلال الهلال كلما [MASK] السد بدور المجموعات يت ##اهل لن ##صف [MASK] باقل تقدير 2010 و 2015 نصف نهائي 2014 نهائي [SEP]
INFO:tensorflow:input_ids: 2 28509 11388 1013 1912 3984 4264 3891 415 4305 4 1005 8035 1953 3501 18502 2018 13774 10595 13422 8240 7461 6124 6124 4 6240 3 4 11444 4 2225 2629 5030 2675 2675 5358 4 13565 12578 11785 2097 3953 2404 2342 4 17301 10099 5190 415 3488 4771 8179 4296 8179 3 0 0 0 0 0 0 0 0 0 0 0 0 0 0 0 0 0 0 0 0 0 0 0 0 0 0 0 0 0 0 0 0 0 0 0 0 0 0 0 0 0 0 0 0 0 0 0 0 0 0 0 0 0 0 0 0 0 0 0 0 0 0 0 0 0 0 0 0 0 0 0 0 0
I1103 15:27:12.317767 47421142193216 create_pretraining_data.py:161] input_ids: 2 28509 11388 1013 1912 3984 4264 3891 415 4305 4 1005 8035 1953 3501 18502 2018 13774 10595 13422 8240 7461 6124 6124 4 6240 3 4 11444 4 2225 2629 5030 2675 2675 5358 4 13565 12578 11785 2097 3953 2404 2342 4 17301 10099 5190 415 3488 4771 8179 4296 8179 3 0 0 0 0 0 0 0 0 0 0 0 0 0 0 0 0 0 0 0 0 0 0 0 0 0 0 0 0 0 0 0 0 0 0 0 0 0 0 0 0 0 0 0 0 0 0 0 0 0 0 0 0 0 0 0 0 0 0 0 0 0 0 0 0 0 0 0 0 0 0 0 0 0
INFO:tensorflow:input_mask: 1 1 1 1 1 1 1 1 1 1 1 1 1 1 1 1 1 1 1 1 1 1 1 1 1 1 1 1 1 1 1 1 1 1 1 1 1 1 1 1 1 1 1 1 1 1 1 1 1 1 1 1 1 1 1 0 0 0 0 0 0 0 0 0 0 0 0 0 0 0 0 0 0 0 0 0 0 0 0 0 0 0 0 0 0 0 0 0 0 0 0 0 0 0 0 0 0 0 0 0 0 0 0 0 0 0 0 0 0 0 0 0 0 0 0 0 0 0 0 0 0 0 0 0 0 0 0 0
I1103 15:27:12.317947 47421142193216 create_pretraining_data.py:161] input_mask: 1 1 1 1 1 1 1 1 1 1 1 1 1 1 1 1 1 1 1 1 1 1 1 1 1 1 1 1 1 1 1 1 1 1 1 1 1 1 1 1 1 1 1 1 1 1 1 1 1 1 1 1 1 1 1 0 0 0 0 0 0 0 0 0 0 0 0 0 0 0 0 0 0 0 0 0 0 0 0 0 0 0 0 0 0 0 0 0 0 0 0 0 0 0 0 0 0 0 0 0 0 0 0 0 0 0 0 0 0 0 0 0 0 0 0 0 0 0 0 0 0 0 0 0 0 0 0 0
INFO:tensorflow:segment_ids: 0 0 0 0 0 0 0 0 0 0 0 0 0 0 0 0 0 0 0 0 0 0 0 0 0 0 0 1 1 1 1 1 1 1 1 1 1 1 1 1 1 1 1 1 1 1 1 1 1 1 1 1 1 1 1 0 0 0 0 0 0 0 0 0 0 0 0 0 0 0 0 0 0 0 0 0 0 0 0 0 0 0 0 0 0 0 0 0 0 0 0 0 0 0 0 0 0 0 0 0 0 0 0 0 0 0 0 0 0 0 0 0 0 0 0 0 0 0 0 0 0 0 0 0 0 0 0 0
I1103 15:27:12.318108 47421142193216 create_pretraining_data.py:161] segment_ids: 0 0 0 0 0 0 0 0 0 0 0 0 0 0 0 0 0 0 0 0 0 0 0 0 0 0 0 1 1 1 1 1 1 1 1 1 1 1 1 1 1 1 1 1 1 1 1 1 1 1 1 1 1 1 1 0 0 0 0 0 0 0 0 0 0 0 0 0 0 0 0 0 0 0 0 0 0 0 0 0 0 0 0 0 0 0 0 0 0 0 0 0 0 0 0 0 0 0 0 0 0 0 0 0 0 0 0 0 0 0 0 0 0 0 0 0 0 0 0 0 0 0 0 0 0 0 0 0
INFO:tensorflow:masked_lm_positions: 10 11 24 27 29 36 44 48 0 0 0 0 0 0 0 0 0 0 0 0
I1103 15:27:12.318231 47421142193216 create_pretraining_data.py:161] masked_lm_positions: 10 11 24 27 29 36 44 48 0 0 0 0 0 0 0 0 0 0 0 0
INFO:tensorflow:masked_lm_ids: 16175 1005 29111 11204 13565 10760 7594 415 0 0 0 0 0 0 0 0 0 0 0 0
I1103 15:27:12.318364 47421142193216 create_pretraining_data.py:161] masked_lm_ids: 16175 1005 29111 11204 13565 10760 7594 415 0 0 0 0 0 0 0 0 0 0 0 0
INFO:tensorflow:masked_lm_weights: 1.0 1.0 1.0 1.0 1.0 1.0 1.0 1.0 0.0 0.0 0.0 0.0 0.0 0.0 0.0 0.0 0.0 0.0 0.0 0.0
I1103 15:27:12.318485 47421142193216 create_pretraining_data.py:161] masked_lm_weights: 1.0 1.0 1.0 1.0 1.0 1.0 1.0 1.0 0.0 0.0 0.0 0.0 0.0 0.0 0.0 0.0 0.0 0.0 0.0 0.0
INFO:tensorflow:next_sentence_labels: 1
I1103 15:27:12.318596 47421142193216 create_pretraining_data.py:161] next_sentence_labels: 1
INFO:tensorflow:*** Example ***
I1103 15:27:12.319059 47421142193216 create_pretraining_data.py:149] *** Example ***
INFO:tensorflow:tokens: [CLS] الجيش السوري [MASK] [MASK] المقاومه يسيطر ##ون اروع البطولات بريف اللاذ ##قيه الان والانت ##صارات تت ##والي [SEP] عدد مشاهده حضور زفاف ابناء نائب رئيس مجلس [MASK] السيد مبارك الخري ##نج تجاوز اكثر وحضور غف ##ير [MASK] [MASK] [SEP]
I1103 15:27:12.319209 47421142193216 create_pretraining_data.py:151] tokens: [CLS] الجيش السوري [MASK] [MASK] المقاومه يسيطر ##ون اروع البطولات بريف اللاذ ##قيه الان والانت ##صارات تت ##والي [SEP] عدد مشاهده حضور زفاف ابناء نائب رئيس مجلس [MASK] السيد مبارك الخري ##نج تجاوز اكثر وحضور غف ##ير [MASK] [MASK] [SEP]
INFO:tensorflow:input_ids: 2 3375 3766 4 4 15500 16795 1922 12642 11945 14249 19425 7911 2311 11738 12321 2201 4746 3 2548 11782 5936 17816 7534 5219 2426 2598 4 3968 5547 11040 3145 6443 2695 22188 17813 1916 4 4 3 0 0 0 0 0 0 0 0 0 0 0 0 0 0 0 0 0 0 0 0 0 0 0 0 0 0 0 0 0 0 0 0 0 0 0 0 0 0 0 0 0 0 0 0 0 0 0 0 0 0 0 0 0 0 0 0 0 0 0 0 0 0 0 0 0 0 0 0 0 0 0 0 0 0 0 0 0 0 0 0 0 0 0 0 0 0 0 0
I1103 15:27:12.319391 47421142193216 create_pretraining_data.py:161] input_ids: 2 3375 3766 4 4 15500 16795 1922 12642 11945 14249 19425 7911 2311 11738 12321 2201 4746 3 2548 11782 5936 17816 7534 5219 2426 2598 4 3968 5547 11040 3145 6443 2695 22188 17813 1916 4 4 3 0 0 0 0 0 0 0 0 0 0 0 0 0 0 0 0 0 0 0 0 0 0 0 0 0 0 0 0 0 0 0 0 0 0 0 0 0 0 0 0 0 0 0 0 0 0 0 0 0 0 0 0 0 0 0 0 0 0 0 0 0 0 0 0 0 0 0 0 0 0 0 0 0 0 0 0 0 0 0 0 0 0 0 0 0 0 0 0
INFO:tensorflow:input_mask: 1 1 1 1 1 1 1 1 1 1 1 1 1 1 1 1 1 1 1 1 1 1 1 1 1 1 1 1 1 1 1 1 1 1 1 1 1 1 1 1 0 0 0 0 0 0 0 0 0 0 0 0 0 0 0 0 0 0 0 0 0 0 0 0 0 0 0 0 0 0 0 0 0 0 0 0 0 0 0 0 0 0 0 0 0 0 0 0 0 0 0 0 0 0 0 0 0 0 0 0 0 0 0 0 0 0 0 0 0 0 0 0 0 0 0 0 0 0 0 0 0 0 0 0 0 0 0 0
I1103 15:27:12.319573 47421142193216 create_pretraining_data.py:161] input_mask: 1 1 1 1 1 1 1 1 1 1 1 1 1 1 1 1 1 1 1 1 1 1 1 1 1 1 1 1 1 1 1 1 1 1 1 1 1 1 1 1 0 0 0 0 0 0 0 0 0 0 0 0 0 0 0 0 0 0 0 0 0 0 0 0 0 0 0 0 0 0 0 0 0 0 0 0 0 0 0 0 0 0 0 0 0 0 0 0 0 0 0 0 0 0 0 0 0 0 0 0 0 0 0 0 0 0 0 0 0 0 0 0 0 0 0 0 0 0 0 0 0 0 0 0 0 0 0 0
INFO:tensorflow:segment_ids: 0 0 0 0 0 0 0 0 0 0 0 0 0 0 0 0 0 0 0 1 1 1 1 1 1 1 1 1 1 1 1 1 1 1 1 1 1 1 1 1 0 0 0 0 0 0 0 0 0 0 0 0 0 0 0 0 0 0 0 0 0 0 0 0 0 0 0 0 0 0 0 0 0 0 0 0 0 0 0 0 0 0 0 0 0 0 0 0 0 0 0 0 0 0 0 0 0 0 0 0 0 0 0 0 0 0 0 0 0 0 0 0 0 0 0 0 0 0 0 0 0 0 0 0 0 0 0 0
I1103 15:27:12.319736 47421142193216 create_pretraining_data.py:161] segment_ids: 0 0 0 0 0 0 0 0 0 0 0 0 0 0 0 0 0 0 0 1 1 1 1 1 1 1 1 1 1 1 1 1 1 1 1 1 1 1 1 1 0 0 0 0 0 0 0 0 0 0 0 0 0 0 0 0 0 0 0 0 0 0 0 0 0 0 0 0 0 0 0 0 0 0 0 0 0 0 0 0 0 0 0 0 0 0 0 0 0 0 0 0 0 0 0 0 0 0 0 0 0 0 0 0 0 0 0 0 0 0 0 0 0 0 0 0 0 0 0 0 0 0 0 0 0 0 0 0
INFO:tensorflow:masked_lm_positions: 3 4 20 27 37 38 0 0 0 0 0 0 0 0 0 0 0 0 0 0
I1103 15:27:12.319860 47421142193216 create_pretraining_data.py:161] masked_lm_positions: 3 4 20 27 37 38 0 0 0 0 0 0 0 0 0 0 0 0 0 0
INFO:tensorflow:masked_lm_ids: 8389 11347 11782 8672 5069 4929 0 0 0 0 0 0 0 0 0 0 0 0 0 0
I1103 15:27:12.319980 47421142193216 create_pretraining_data.py:161] masked_lm_ids: 8389 11347 11782 8672 5069 4929 0 0 0 0 0 0 0 0 0 0 0 0 0 0
INFO:tensorflow:masked_lm_weights: 1.0 1.0 1.0 1.0 1.0 1.0 0.0 0.0 0.0 0.0 0.0 0.0 0.0 0.0 0.0 0.0 0.0 0.0 0.0 0.0
I1103 15:27:12.320100 47421142193216 create_pretraining_data.py:161] masked_lm_weights: 1.0 1.0 1.0 1.0 1.0 1.0 0.0 0.0 0.0 0.0 0.0 0.0 0.0 0.0 0.0 0.0 0.0 0.0 0.0 0.0
INFO:tensorflow:next_sentence_labels: 1
I1103 15:27:12.320211 47421142193216 create_pretraining_data.py:161] next_sentence_labels: 1
INFO:tensorflow:Wrote 9999810 total instances
I1103 16:29:36.085546 47421142193216 create_pretraining_data.py:166] Wrote 9999810 total instances
