Loading module 'all'
WARNING:tensorflow:From ../bert/create_pretraining_data.py:469: The name tf.app.run is deprecated. Please use tf.compat.v1.app.run instead.

WARNING:tensorflow:From ../bert/create_pretraining_data.py:437: The name tf.logging.set_verbosity is deprecated. Please use tf.compat.v1.logging.set_verbosity instead.

W1103 14:54:27.809888 47626334368832 module_wrapper.py:139] From ../bert/create_pretraining_data.py:437: The name tf.logging.set_verbosity is deprecated. Please use tf.compat.v1.logging.set_verbosity instead.

WARNING:tensorflow:From ../bert/create_pretraining_data.py:437: The name tf.logging.INFO is deprecated. Please use tf.compat.v1.logging.INFO instead.

W1103 14:54:27.810190 47626334368832 module_wrapper.py:139] From ../bert/create_pretraining_data.py:437: The name tf.logging.INFO is deprecated. Please use tf.compat.v1.logging.INFO instead.

WARNING:tensorflow:From /scratch/gi372/CAMeLBERT/bert/tokenization.py:125: The name tf.gfile.GFile is deprecated. Please use tf.io.gfile.GFile instead.

W1103 14:54:27.810444 47626334368832 module_wrapper.py:139] From /scratch/gi372/CAMeLBERT/bert/tokenization.py:125: The name tf.gfile.GFile is deprecated. Please use tf.io.gfile.GFile instead.

WARNING:tensorflow:From ../bert/create_pretraining_data.py:444: The name tf.gfile.Glob is deprecated. Please use tf.io.gfile.glob instead.

W1103 14:54:28.113212 47626334368832 module_wrapper.py:139] From ../bert/create_pretraining_data.py:444: The name tf.gfile.Glob is deprecated. Please use tf.io.gfile.glob instead.

WARNING:tensorflow:From ../bert/create_pretraining_data.py:446: The name tf.logging.info is deprecated. Please use tf.compat.v1.logging.info instead.

W1103 14:54:28.426406 47626334368832 module_wrapper.py:139] From ../bert/create_pretraining_data.py:446: The name tf.logging.info is deprecated. Please use tf.compat.v1.logging.info instead.

INFO:tensorflow:*** Reading from input files ***
I1103 14:54:28.426884 47626334368832 create_pretraining_data.py:446] *** Reading from input files ***
INFO:tensorflow:  ../corpora/shards/DA-ali2019-500m-tweet.bw.ar.lines.shard.377.normalized.sents
I1103 14:54:28.427120 47626334368832 create_pretraining_data.py:448]   ../corpora/shards/DA-ali2019-500m-tweet.bw.ar.lines.shard.377.normalized.sents
INFO:tensorflow:*** Writing to output files ***
I1103 15:38:50.446603 47626334368832 create_pretraining_data.py:457] *** Writing to output files ***
INFO:tensorflow:  ../corpora/tfrecord_wp-30k_msl-128/DA-ali2019-500m-tweet.bw.ar.lines.shard.377.tf_record
I1103 15:38:50.446972 47626334368832 create_pretraining_data.py:459]   ../corpora/tfrecord_wp-30k_msl-128/DA-ali2019-500m-tweet.bw.ar.lines.shard.377.tf_record
WARNING:tensorflow:From ../bert/create_pretraining_data.py:101: The name tf.python_io.TFRecordWriter is deprecated. Please use tf.io.TFRecordWriter instead.

W1103 15:38:50.447264 47626334368832 module_wrapper.py:139] From ../bert/create_pretraining_data.py:101: The name tf.python_io.TFRecordWriter is deprecated. Please use tf.io.TFRecordWriter instead.

INFO:tensorflow:*** Example ***
I1103 15:38:50.449708 47626334368832 create_pretraining_data.py:149] *** Example ***
INFO:tensorflow:tokens: [CLS] تب ##شر بالخير فنحن ند ##افع ليس [MASK] محارم ##نا لكن عن محارم [MASK] [SEP] ايت ##ها النخ ##به المت ##خاذ ##له المست ##كين ##ه المنس ##حقه هذا [MASK] بيني وبينك ##م ليس لع ##اق ##ل [MASK] يشارك عجز ##ه ي ##ئ ##دون ثور ##تنا يقتل ##ون تويت [MASK] سوى [MASK] د [MASK] خفا ##جي [SEP]
I1103 15:38:50.450024 47626334368832 create_pretraining_data.py:151] tokens: [CLS] تب ##شر بالخير فنحن ند ##افع ليس [MASK] محارم ##نا لكن عن محارم [MASK] [SEP] ايت ##ها النخ ##به المت ##خاذ ##له المست ##كين ##ه المنس ##حقه هذا [MASK] بيني وبينك ##م ليس لع ##اق ##ل [MASK] يشارك عجز ##ه ي ##ئ ##دون ثور ##تنا يقتل ##ون تويت [MASK] سوى [MASK] د [MASK] خفا ##جي [SEP]
INFO:tensorflow:input_ids: 2 2500 2072 6269 9640 3911 4277 2618 4 10754 1914 2425 1955 10754 4 3 21282 1913 12041 2204 2087 5986 1917 2338 4659 1028 14607 26468 2085 4 8799 23042 1015 2618 2941 2396 1010 4 8646 7570 1028 417 1042 6024 17413 3359 9117 1922 16726 4 6414 4 395 4 23718 2643 3 0 0 0 0 0 0 0 0 0 0 0 0 0 0 0 0 0 0 0 0 0 0 0 0 0 0 0 0 0 0 0 0 0 0 0 0 0 0 0 0 0 0 0 0 0 0 0 0 0 0 0 0 0 0 0 0 0 0 0 0 0 0 0 0 0 0 0 0 0 0 0
I1103 15:38:50.450298 47626334368832 create_pretraining_data.py:161] input_ids: 2 2500 2072 6269 9640 3911 4277 2618 4 10754 1914 2425 1955 10754 4 3 21282 1913 12041 2204 2087 5986 1917 2338 4659 1028 14607 26468 2085 4 8799 23042 1015 2618 2941 2396 1010 4 8646 7570 1028 417 1042 6024 17413 3359 9117 1922 16726 4 6414 4 395 4 23718 2643 3 0 0 0 0 0 0 0 0 0 0 0 0 0 0 0 0 0 0 0 0 0 0 0 0 0 0 0 0 0 0 0 0 0 0 0 0 0 0 0 0 0 0 0 0 0 0 0 0 0 0 0 0 0 0 0 0 0 0 0 0 0 0 0 0 0 0 0 0 0 0 0
INFO:tensorflow:input_mask: 1 1 1 1 1 1 1 1 1 1 1 1 1 1 1 1 1 1 1 1 1 1 1 1 1 1 1 1 1 1 1 1 1 1 1 1 1 1 1 1 1 1 1 1 1 1 1 1 1 1 1 1 1 1 1 1 1 0 0 0 0 0 0 0 0 0 0 0 0 0 0 0 0 0 0 0 0 0 0 0 0 0 0 0 0 0 0 0 0 0 0 0 0 0 0 0 0 0 0 0 0 0 0 0 0 0 0 0 0 0 0 0 0 0 0 0 0 0 0 0 0 0 0 0 0 0 0 0
I1103 15:38:50.450483 47626334368832 create_pretraining_data.py:161] input_mask: 1 1 1 1 1 1 1 1 1 1 1 1 1 1 1 1 1 1 1 1 1 1 1 1 1 1 1 1 1 1 1 1 1 1 1 1 1 1 1 1 1 1 1 1 1 1 1 1 1 1 1 1 1 1 1 1 1 0 0 0 0 0 0 0 0 0 0 0 0 0 0 0 0 0 0 0 0 0 0 0 0 0 0 0 0 0 0 0 0 0 0 0 0 0 0 0 0 0 0 0 0 0 0 0 0 0 0 0 0 0 0 0 0 0 0 0 0 0 0 0 0 0 0 0 0 0 0 0
INFO:tensorflow:segment_ids: 0 0 0 0 0 0 0 0 0 0 0 0 0 0 0 0 1 1 1 1 1 1 1 1 1 1 1 1 1 1 1 1 1 1 1 1 1 1 1 1 1 1 1 1 1 1 1 1 1 1 1 1 1 1 1 1 1 0 0 0 0 0 0 0 0 0 0 0 0 0 0 0 0 0 0 0 0 0 0 0 0 0 0 0 0 0 0 0 0 0 0 0 0 0 0 0 0 0 0 0 0 0 0 0 0 0 0 0 0 0 0 0 0 0 0 0 0 0 0 0 0 0 0 0 0 0 0 0
I1103 15:38:50.450652 47626334368832 create_pretraining_data.py:161] segment_ids: 0 0 0 0 0 0 0 0 0 0 0 0 0 0 0 0 1 1 1 1 1 1 1 1 1 1 1 1 1 1 1 1 1 1 1 1 1 1 1 1 1 1 1 1 1 1 1 1 1 1 1 1 1 1 1 1 1 0 0 0 0 0 0 0 0 0 0 0 0 0 0 0 0 0 0 0 0 0 0 0 0 0 0 0 0 0 0 0 0 0 0 0 0 0 0 0 0 0 0 0 0 0 0 0 0 0 0 0 0 0 0 0 0 0 0 0 0 0 0 0 0 0 0 0 0 0 0 0
INFO:tensorflow:masked_lm_positions: 8 14 29 37 48 49 50 51 53 0 0 0 0 0 0 0 0 0 0 0
I1103 15:38:50.450784 47626334368832 create_pretraining_data.py:161] masked_lm_positions: 8 14 29 37 48 49 50 51 53 0 0 0 0 0 0 0 0 0 0 0
INFO:tensorflow:masked_lm_ids: 1955 1953 11752 1939 8142 1914 2139 11752 3936 0 0 0 0 0 0 0 0 0 0 0
I1103 15:38:50.450911 47626334368832 create_pretraining_data.py:161] masked_lm_ids: 1955 1953 11752 1939 8142 1914 2139 11752 3936 0 0 0 0 0 0 0 0 0 0 0
INFO:tensorflow:masked_lm_weights: 1.0 1.0 1.0 1.0 1.0 1.0 1.0 1.0 1.0 0.0 0.0 0.0 0.0 0.0 0.0 0.0 0.0 0.0 0.0 0.0
I1103 15:38:50.451045 47626334368832 create_pretraining_data.py:161] masked_lm_weights: 1.0 1.0 1.0 1.0 1.0 1.0 1.0 1.0 1.0 0.0 0.0 0.0 0.0 0.0 0.0 0.0 0.0 0.0 0.0 0.0
INFO:tensorflow:next_sentence_labels: 1
I1103 15:38:50.451164 47626334368832 create_pretraining_data.py:161] next_sentence_labels: 1
INFO:tensorflow:*** Example ***
I1103 15:38:50.451801 47626334368832 create_pretraining_data.py:149] *** Example ***
INFO:tensorflow:tokens: [CLS] بعد فتره من الانت ##كا ##سات بيك [MASK] تسال حالك [MASK] حد يعا ##ملك [MASK] ##ح معقول بع ##امل ##ني مني ##ح [MASK] مني ##ح [MASK] لانه بد ##ه يخ ##وز ##قني [SEP] يج ##ذب ##ني لك في غيابك شوق يبر ##ي القلب و عند حضورك خوف من فراق ##ك [MASK] الكبد [MASK] ليت شعري متي ارتاح [SEP]
I1103 15:38:50.451976 47626334368832 create_pretraining_data.py:151] tokens: [CLS] بعد فتره من الانت ##كا ##سات بيك [MASK] تسال حالك [MASK] حد يعا ##ملك [MASK] ##ح معقول بع ##امل ##ني مني ##ح [MASK] مني ##ح [MASK] لانه بد ##ه يخ ##وز ##قني [SEP] يج ##ذب ##ني لك في غيابك شوق يبر ##ي القلب و عند حضورك خوف من فراق ##ك [MASK] الكبد [MASK] ليت شعري متي ارتاح [SEP]
INFO:tensorflow:input_ids: 2 2089 7258 1908 2628 2308 2502 10054 4 11464 14540 4 2470 29678 23610 4 1032 22552 2704 2482 1974 4397 1032 4 4397 1032 4 5371 2250 1028 2875 2183 26643 3 2310 3322 1974 2278 1912 9433 7156 19090 1013 3338 415 2192 20564 9711 1908 11752 1014 4 15983 4 4134 19381 5917 25268 3 0 0 0 0 0 0 0 0 0 0 0 0 0 0 0 0 0 0 0 0 0 0 0 0 0 0 0 0 0 0 0 0 0 0 0 0 0 0 0 0 0 0 0 0 0 0 0 0 0 0 0 0 0 0 0 0 0 0 0 0 0 0 0 0 0 0 0 0 0
I1103 15:38:50.452197 47626334368832 create_pretraining_data.py:161] input_ids: 2 2089 7258 1908 2628 2308 2502 10054 4 11464 14540 4 2470 29678 23610 4 1032 22552 2704 2482 1974 4397 1032 4 4397 1032 4 5371 2250 1028 2875 2183 26643 3 2310 3322 1974 2278 1912 9433 7156 19090 1013 3338 415 2192 20564 9711 1908 11752 1014 4 15983 4 4134 19381 5917 25268 3 0 0 0 0 0 0 0 0 0 0 0 0 0 0 0 0 0 0 0 0 0 0 0 0 0 0 0 0 0 0 0 0 0 0 0 0 0 0 0 0 0 0 0 0 0 0 0 0 0 0 0 0 0 0 0 0 0 0 0 0 0 0 0 0 0 0 0 0 0
INFO:tensorflow:input_mask: 1 1 1 1 1 1 1 1 1 1 1 1 1 1 1 1 1 1 1 1 1 1 1 1 1 1 1 1 1 1 1 1 1 1 1 1 1 1 1 1 1 1 1 1 1 1 1 1 1 1 1 1 1 1 1 1 1 1 1 0 0 0 0 0 0 0 0 0 0 0 0 0 0 0 0 0 0 0 0 0 0 0 0 0 0 0 0 0 0 0 0 0 0 0 0 0 0 0 0 0 0 0 0 0 0 0 0 0 0 0 0 0 0 0 0 0 0 0 0 0 0 0 0 0 0 0 0 0
I1103 15:38:50.452390 47626334368832 create_pretraining_data.py:161] input_mask: 1 1 1 1 1 1 1 1 1 1 1 1 1 1 1 1 1 1 1 1 1 1 1 1 1 1 1 1 1 1 1 1 1 1 1 1 1 1 1 1 1 1 1 1 1 1 1 1 1 1 1 1 1 1 1 1 1 1 1 0 0 0 0 0 0 0 0 0 0 0 0 0 0 0 0 0 0 0 0 0 0 0 0 0 0 0 0 0 0 0 0 0 0 0 0 0 0 0 0 0 0 0 0 0 0 0 0 0 0 0 0 0 0 0 0 0 0 0 0 0 0 0 0 0 0 0 0 0
INFO:tensorflow:segment_ids: 0 0 0 0 0 0 0 0 0 0 0 0 0 0 0 0 0 0 0 0 0 0 0 0 0 0 0 0 0 0 0 0 0 0 1 1 1 1 1 1 1 1 1 1 1 1 1 1 1 1 1 1 1 1 1 1 1 1 1 0 0 0 0 0 0 0 0 0 0 0 0 0 0 0 0 0 0 0 0 0 0 0 0 0 0 0 0 0 0 0 0 0 0 0 0 0 0 0 0 0 0 0 0 0 0 0 0 0 0 0 0 0 0 0 0 0 0 0 0 0 0 0 0 0 0 0 0 0
I1103 15:38:50.452567 47626334368832 create_pretraining_data.py:161] segment_ids: 0 0 0 0 0 0 0 0 0 0 0 0 0 0 0 0 0 0 0 0 0 0 0 0 0 0 0 0 0 0 0 0 0 0 1 1 1 1 1 1 1 1 1 1 1 1 1 1 1 1 1 1 1 1 1 1 1 1 1 0 0 0 0 0 0 0 0 0 0 0 0 0 0 0 0 0 0 0 0 0 0 0 0 0 0 0 0 0 0 0 0 0 0 0 0 0 0 0 0 0 0 0 0 0 0 0 0 0 0 0 0 0 0 0 0 0 0 0 0 0 0 0 0 0 0 0 0 0
INFO:tensorflow:masked_lm_positions: 7 8 11 15 16 23 26 51 53 0 0 0 0 0 0 0 0 0 0 0
I1103 15:38:50.452699 47626334368832 create_pretraining_data.py:161] masked_lm_positions: 7 8 11 15 16 23 26 51 53 0 0 0 0 0 0 0 0 0 0 0
INFO:tensorflow:masked_lm_ids: 10196 1916 2518 4397 1032 5371 2086 6529 2104 0 0 0 0 0 0 0 0 0 0 0
I1103 15:38:50.452825 47626334368832 create_pretraining_data.py:161] masked_lm_ids: 10196 1916 2518 4397 1032 5371 2086 6529 2104 0 0 0 0 0 0 0 0 0 0 0
INFO:tensorflow:masked_lm_weights: 1.0 1.0 1.0 1.0 1.0 1.0 1.0 1.0 1.0 0.0 0.0 0.0 0.0 0.0 0.0 0.0 0.0 0.0 0.0 0.0
I1103 15:38:50.452956 47626334368832 create_pretraining_data.py:161] masked_lm_weights: 1.0 1.0 1.0 1.0 1.0 1.0 1.0 1.0 1.0 0.0 0.0 0.0 0.0 0.0 0.0 0.0 0.0 0.0 0.0 0.0
INFO:tensorflow:next_sentence_labels: 1
I1103 15:38:50.453075 47626334368832 create_pretraining_data.py:161] next_sentence_labels: 1
INFO:tensorflow:*** Example ***
I1103 15:38:50.453706 47626334368832 create_pretraining_data.py:149] *** Example ***
INFO:tensorflow:tokens: [CLS] [MASK] ان [MASK] [MASK] الا انت اعوذ بك المخالفات شر نفسي ومن شر الشيطان وشر ##كه وان [MASK] [MASK] علي نفسي سوءا او اجر ##ه الي مسلم اذكار الصباح والمساء [SEP] ماذا تفعل الزوج ##ه اذا علمت بان زوجها تزوج [MASK] الشيخ د عثمان الخميس [SEP]
I1103 15:38:50.453884 47626334368832 create_pretraining_data.py:151] tokens: [CLS] [MASK] ان [MASK] [MASK] الا انت اعوذ بك المخالفات شر نفسي ومن شر الشيطان وشر ##كه وان [MASK] [MASK] علي نفسي سوءا او اجر ##ه الي مسلم اذكار الصباح والمساء [SEP] ماذا تفعل الزوج ##ه اذا علمت بان زوجها تزوج [MASK] الشيخ د عثمان الخميس [SEP]
INFO:tensorflow:input_ids: 2 4 1939 4 4 1915 2164 5433 2395 20004 2980 3733 2298 2980 7071 9853 4246 2178 4 4 1958 3733 26994 2213 6413 1028 2002 4123 7171 4235 20442 3 4682 11212 5378 1028 2387 12173 2768 9069 12610 4 2702 395 6291 3891 3 0 0 0 0 0 0 0 0 0 0 0 0 0 0 0 0 0 0 0 0 0 0 0 0 0 0 0 0 0 0 0 0 0 0 0 0 0 0 0 0 0 0 0 0 0 0 0 0 0 0 0 0 0 0 0 0 0 0 0 0 0 0 0 0 0 0 0 0 0 0 0 0 0 0 0 0 0 0 0 0 0
I1103 15:38:50.454108 47626334368832 create_pretraining_data.py:161] input_ids: 2 4 1939 4 4 1915 2164 5433 2395 20004 2980 3733 2298 2980 7071 9853 4246 2178 4 4 1958 3733 26994 2213 6413 1028 2002 4123 7171 4235 20442 3 4682 11212 5378 1028 2387 12173 2768 9069 12610 4 2702 395 6291 3891 3 0 0 0 0 0 0 0 0 0 0 0 0 0 0 0 0 0 0 0 0 0 0 0 0 0 0 0 0 0 0 0 0 0 0 0 0 0 0 0 0 0 0 0 0 0 0 0 0 0 0 0 0 0 0 0 0 0 0 0 0 0 0 0 0 0 0 0 0 0 0 0 0 0 0 0 0 0 0 0 0 0
INFO:tensorflow:input_mask: 1 1 1 1 1 1 1 1 1 1 1 1 1 1 1 1 1 1 1 1 1 1 1 1 1 1 1 1 1 1 1 1 1 1 1 1 1 1 1 1 1 1 1 1 1 1 1 0 0 0 0 0 0 0 0 0 0 0 0 0 0 0 0 0 0 0 0 0 0 0 0 0 0 0 0 0 0 0 0 0 0 0 0 0 0 0 0 0 0 0 0 0 0 0 0 0 0 0 0 0 0 0 0 0 0 0 0 0 0 0 0 0 0 0 0 0 0 0 0 0 0 0 0 0 0 0 0 0
I1103 15:38:50.454292 47626334368832 create_pretraining_data.py:161] input_mask: 1 1 1 1 1 1 1 1 1 1 1 1 1 1 1 1 1 1 1 1 1 1 1 1 1 1 1 1 1 1 1 1 1 1 1 1 1 1 1 1 1 1 1 1 1 1 1 0 0 0 0 0 0 0 0 0 0 0 0 0 0 0 0 0 0 0 0 0 0 0 0 0 0 0 0 0 0 0 0 0 0 0 0 0 0 0 0 0 0 0 0 0 0 0 0 0 0 0 0 0 0 0 0 0 0 0 0 0 0 0 0 0 0 0 0 0 0 0 0 0 0 0 0 0 0 0 0 0
INFO:tensorflow:segment_ids: 0 0 0 0 0 0 0 0 0 0 0 0 0 0 0 0 0 0 0 0 0 0 0 0 0 0 0 0 0 0 0 0 1 1 1 1 1 1 1 1 1 1 1 1 1 1 1 0 0 0 0 0 0 0 0 0 0 0 0 0 0 0 0 0 0 0 0 0 0 0 0 0 0 0 0 0 0 0 0 0 0 0 0 0 0 0 0 0 0 0 0 0 0 0 0 0 0 0 0 0 0 0 0 0 0 0 0 0 0 0 0 0 0 0 0 0 0 0 0 0 0 0 0 0 0 0 0 0
I1103 15:38:50.454463 47626334368832 create_pretraining_data.py:161] segment_ids: 0 0 0 0 0 0 0 0 0 0 0 0 0 0 0 0 0 0 0 0 0 0 0 0 0 0 0 0 0 0 0 0 1 1 1 1 1 1 1 1 1 1 1 1 1 1 1 0 0 0 0 0 0 0 0 0 0 0 0 0 0 0 0 0 0 0 0 0 0 0 0 0 0 0 0 0 0 0 0 0 0 0 0 0 0 0 0 0 0 0 0 0 0 0 0 0 0 0 0 0 0 0 0 0 0 0 0 0 0 0 0 0 0 0 0 0 0 0 0 0 0 0 0 0 0 0 0 0
INFO:tensorflow:masked_lm_positions: 1 3 4 9 18 19 41 0 0 0 0 0 0 0 0 0 0 0 0 0
I1103 15:38:50.454594 47626334368832 create_pretraining_data.py:161] masked_lm_positions: 1 3 4 9 18 19 41 0 0 0 0 0 0 0 0 0 0 0 0 0
INFO:tensorflow:masked_lm_ids: 7814 1963 2090 1908 3973 2020 2717 0 0 0 0 0 0 0 0 0 0 0 0 0
I1103 15:38:50.454721 47626334368832 create_pretraining_data.py:161] masked_lm_ids: 7814 1963 2090 1908 3973 2020 2717 0 0 0 0 0 0 0 0 0 0 0 0 0
INFO:tensorflow:masked_lm_weights: 1.0 1.0 1.0 1.0 1.0 1.0 1.0 0.0 0.0 0.0 0.0 0.0 0.0 0.0 0.0 0.0 0.0 0.0 0.0 0.0
I1103 15:38:50.454853 47626334368832 create_pretraining_data.py:161] masked_lm_weights: 1.0 1.0 1.0 1.0 1.0 1.0 1.0 0.0 0.0 0.0 0.0 0.0 0.0 0.0 0.0 0.0 0.0 0.0 0.0 0.0
INFO:tensorflow:next_sentence_labels: 1
I1103 15:38:50.454971 47626334368832 create_pretraining_data.py:161] next_sentence_labels: 1
INFO:tensorflow:*** Example ***
I1103 15:38:50.455605 47626334368832 create_pretraining_data.py:149] *** Example ***
INFO:tensorflow:tokens: [CLS] كنت احسب ان [MASK] الحب ##ابي [SEP] نوع ثقاف ##تك شكل مواهب ##ك غا ##ير بين حال ##تك في المعيش ##ه لان الر ##تاب ##ه مم ##له والاست ##مرار [MASK] ولذلك تن ##وع ##ت [MASK] [MASK] [MASK] وص ##يام وز ##كاه [MASK] [MASK] [SEP]
I1103 15:38:50.455784 47626334368832 create_pretraining_data.py:151] tokens: [CLS] كنت احسب ان [MASK] الحب ##ابي [SEP] نوع ثقاف ##تك شكل مواهب ##ك غا ##ير بين حال ##تك في المعيش ##ه لان الر ##تاب ##ه مم ##له والاست ##مرار [MASK] ولذلك تن ##وع ##ت [MASK] [MASK] [MASK] وص ##يام وز ##كاه [MASK] [MASK] [SEP]
INFO:tensorflow:input_ids: 2 2678 22034 1939 4 3088 3748 3 4083 6733 2348 4814 20124 1014 7210 1916 2117 2767 2348 1912 29561 1028 2551 2017 7638 1028 2737 1917 4167 4554 4 8826 2245 2095 1005 4 4 4 2417 2666 2300 26600 4 4 3 0 0 0 0 0 0 0 0 0 0 0 0 0 0 0 0 0 0 0 0 0 0 0 0 0 0 0 0 0 0 0 0 0 0 0 0 0 0 0 0 0 0 0 0 0 0 0 0 0 0 0 0 0 0 0 0 0 0 0 0 0 0 0 0 0 0 0 0 0 0 0 0 0 0 0 0 0 0 0 0 0 0 0
I1103 15:38:50.455981 47626334368832 create_pretraining_data.py:161] input_ids: 2 2678 22034 1939 4 3088 3748 3 4083 6733 2348 4814 20124 1014 7210 1916 2117 2767 2348 1912 29561 1028 2551 2017 7638 1028 2737 1917 4167 4554 4 8826 2245 2095 1005 4 4 4 2417 2666 2300 26600 4 4 3 0 0 0 0 0 0 0 0 0 0 0 0 0 0 0 0 0 0 0 0 0 0 0 0 0 0 0 0 0 0 0 0 0 0 0 0 0 0 0 0 0 0 0 0 0 0 0 0 0 0 0 0 0 0 0 0 0 0 0 0 0 0 0 0 0 0 0 0 0 0 0 0 0 0 0 0 0 0 0 0 0 0 0
INFO:tensorflow:input_mask: 1 1 1 1 1 1 1 1 1 1 1 1 1 1 1 1 1 1 1 1 1 1 1 1 1 1 1 1 1 1 1 1 1 1 1 1 1 1 1 1 1 1 1 1 1 0 0 0 0 0 0 0 0 0 0 0 0 0 0 0 0 0 0 0 0 0 0 0 0 0 0 0 0 0 0 0 0 0 0 0 0 0 0 0 0 0 0 0 0 0 0 0 0 0 0 0 0 0 0 0 0 0 0 0 0 0 0 0 0 0 0 0 0 0 0 0 0 0 0 0 0 0 0 0 0 0 0 0
I1103 15:38:50.456191 47626334368832 create_pretraining_data.py:161] input_mask: 1 1 1 1 1 1 1 1 1 1 1 1 1 1 1 1 1 1 1 1 1 1 1 1 1 1 1 1 1 1 1 1 1 1 1 1 1 1 1 1 1 1 1 1 1 0 0 0 0 0 0 0 0 0 0 0 0 0 0 0 0 0 0 0 0 0 0 0 0 0 0 0 0 0 0 0 0 0 0 0 0 0 0 0 0 0 0 0 0 0 0 0 0 0 0 0 0 0 0 0 0 0 0 0 0 0 0 0 0 0 0 0 0 0 0 0 0 0 0 0 0 0 0 0 0 0 0 0
INFO:tensorflow:segment_ids: 0 0 0 0 0 0 0 0 1 1 1 1 1 1 1 1 1 1 1 1 1 1 1 1 1 1 1 1 1 1 1 1 1 1 1 1 1 1 1 1 1 1 1 1 1 0 0 0 0 0 0 0 0 0 0 0 0 0 0 0 0 0 0 0 0 0 0 0 0 0 0 0 0 0 0 0 0 0 0 0 0 0 0 0 0 0 0 0 0 0 0 0 0 0 0 0 0 0 0 0 0 0 0 0 0 0 0 0 0 0 0 0 0 0 0 0 0 0 0 0 0 0 0 0 0 0 0 0
I1103 15:38:50.456370 47626334368832 create_pretraining_data.py:161] segment_ids: 0 0 0 0 0 0 0 0 1 1 1 1 1 1 1 1 1 1 1 1 1 1 1 1 1 1 1 1 1 1 1 1 1 1 1 1 1 1 1 1 1 1 1 1 1 0 0 0 0 0 0 0 0 0 0 0 0 0 0 0 0 0 0 0 0 0 0 0 0 0 0 0 0 0 0 0 0 0 0 0 0 0 0 0 0 0 0 0 0 0 0 0 0 0 0 0 0 0 0 0 0 0 0 0 0 0 0 0 0 0 0 0 0 0 0 0 0 0 0 0 0 0 0 0 0 0 0 0
INFO:tensorflow:masked_lm_positions: 4 30 35 36 37 42 43 0 0 0 0 0 0 0 0 0 0 0 0 0
I1103 15:38:50.456501 47626334368832 create_pretraining_data.py:161] masked_lm_positions: 4 30 35 36 37 42 43 0 0 0 0 0 0 0 0 0 0 0 0 0
INFO:tensorflow:masked_lm_ids: 2085 4387 22768 1908 5094 2270 1041 0 0 0 0 0 0 0 0 0 0 0 0 0
I1103 15:38:50.456628 47626334368832 create_pretraining_data.py:161] masked_lm_ids: 2085 4387 22768 1908 5094 2270 1041 0 0 0 0 0 0 0 0 0 0 0 0 0
INFO:tensorflow:masked_lm_weights: 1.0 1.0 1.0 1.0 1.0 1.0 1.0 0.0 0.0 0.0 0.0 0.0 0.0 0.0 0.0 0.0 0.0 0.0 0.0 0.0
I1103 15:38:50.456759 47626334368832 create_pretraining_data.py:161] masked_lm_weights: 1.0 1.0 1.0 1.0 1.0 1.0 1.0 0.0 0.0 0.0 0.0 0.0 0.0 0.0 0.0 0.0 0.0 0.0 0.0 0.0
INFO:tensorflow:next_sentence_labels: 1
I1103 15:38:50.456878 47626334368832 create_pretraining_data.py:161] next_sentence_labels: 1
INFO:tensorflow:*** Example ***
I1103 15:38:50.457501 47626334368832 create_pretraining_data.py:149] *** Example ***
INFO:tensorflow:tokens: [CLS] زد رصيدك ##67 شكل [MASK] جايب عبدالكريم معه بش ##ن ##طه ماقد ##رت ات ##خيل [SEP] [MASK] الله وبحمده عدد خلقه [MASK] نفسه [MASK] عرشه ومداد كلماته [SEP]
I1103 15:38:50.457667 47626334368832 create_pretraining_data.py:151] tokens: [CLS] زد رصيدك ##67 شكل [MASK] جايب عبدالكريم معه بش ##ن ##طه ماقد ##رت ات ##خيل [SEP] [MASK] الله وبحمده عدد خلقه [MASK] نفسه [MASK] عرشه ومداد كلماته [SEP]
INFO:tensorflow:input_ids: 2 3477 3602 7944 4814 4 27536 11872 3860 2331 1006 3450 23565 2148 2253 6512 3 4 1953 4276 2548 5987 4 3081 4 7198 7517 7119 3 0 0 0 0 0 0 0 0 0 0 0 0 0 0 0 0 0 0 0 0 0 0 0 0 0 0 0 0 0 0 0 0 0 0 0 0 0 0 0 0 0 0 0 0 0 0 0 0 0 0 0 0 0 0 0 0 0 0 0 0 0 0 0 0 0 0 0 0 0 0 0 0 0 0 0 0 0 0 0 0 0 0 0 0 0 0 0 0 0 0 0 0 0 0 0 0 0 0 0
I1103 15:38:50.457857 47626334368832 create_pretraining_data.py:161] input_ids: 2 3477 3602 7944 4814 4 27536 11872 3860 2331 1006 3450 23565 2148 2253 6512 3 4 1953 4276 2548 5987 4 3081 4 7198 7517 7119 3 0 0 0 0 0 0 0 0 0 0 0 0 0 0 0 0 0 0 0 0 0 0 0 0 0 0 0 0 0 0 0 0 0 0 0 0 0 0 0 0 0 0 0 0 0 0 0 0 0 0 0 0 0 0 0 0 0 0 0 0 0 0 0 0 0 0 0 0 0 0 0 0 0 0 0 0 0 0 0 0 0 0 0 0 0 0 0 0 0 0 0 0 0 0 0 0 0 0 0
INFO:tensorflow:input_mask: 1 1 1 1 1 1 1 1 1 1 1 1 1 1 1 1 1 1 1 1 1 1 1 1 1 1 1 1 1 0 0 0 0 0 0 0 0 0 0 0 0 0 0 0 0 0 0 0 0 0 0 0 0 0 0 0 0 0 0 0 0 0 0 0 0 0 0 0 0 0 0 0 0 0 0 0 0 0 0 0 0 0 0 0 0 0 0 0 0 0 0 0 0 0 0 0 0 0 0 0 0 0 0 0 0 0 0 0 0 0 0 0 0 0 0 0 0 0 0 0 0 0 0 0 0 0 0 0
I1103 15:38:50.458060 47626334368832 create_pretraining_data.py:161] input_mask: 1 1 1 1 1 1 1 1 1 1 1 1 1 1 1 1 1 1 1 1 1 1 1 1 1 1 1 1 1 0 0 0 0 0 0 0 0 0 0 0 0 0 0 0 0 0 0 0 0 0 0 0 0 0 0 0 0 0 0 0 0 0 0 0 0 0 0 0 0 0 0 0 0 0 0 0 0 0 0 0 0 0 0 0 0 0 0 0 0 0 0 0 0 0 0 0 0 0 0 0 0 0 0 0 0 0 0 0 0 0 0 0 0 0 0 0 0 0 0 0 0 0 0 0 0 0 0 0
INFO:tensorflow:segment_ids: 0 0 0 0 0 0 0 0 0 0 0 0 0 0 0 0 0 1 1 1 1 1 1 1 1 1 1 1 1 0 0 0 0 0 0 0 0 0 0 0 0 0 0 0 0 0 0 0 0 0 0 0 0 0 0 0 0 0 0 0 0 0 0 0 0 0 0 0 0 0 0 0 0 0 0 0 0 0 0 0 0 0 0 0 0 0 0 0 0 0 0 0 0 0 0 0 0 0 0 0 0 0 0 0 0 0 0 0 0 0 0 0 0 0 0 0 0 0 0 0 0 0 0 0 0 0 0 0
I1103 15:38:50.458229 47626334368832 create_pretraining_data.py:161] segment_ids: 0 0 0 0 0 0 0 0 0 0 0 0 0 0 0 0 0 1 1 1 1 1 1 1 1 1 1 1 1 0 0 0 0 0 0 0 0 0 0 0 0 0 0 0 0 0 0 0 0 0 0 0 0 0 0 0 0 0 0 0 0 0 0 0 0 0 0 0 0 0 0 0 0 0 0 0 0 0 0 0 0 0 0 0 0 0 0 0 0 0 0 0 0 0 0 0 0 0 0 0 0 0 0 0 0 0 0 0 0 0 0 0 0 0 0 0 0 0 0 0 0 0 0 0 0 0 0 0
INFO:tensorflow:masked_lm_positions: 5 17 22 24 0 0 0 0 0 0 0 0 0 0 0 0 0 0 0 0
I1103 15:38:50.458366 47626334368832 create_pretraining_data.py:161] masked_lm_positions: 5 17 22 24 0 0 0 0 0 0 0 0 0 0 0 0 0 0 0 0
INFO:tensorflow:masked_lm_ids: 2702 2575 10041 7154 0 0 0 0 0 0 0 0 0 0 0 0 0 0 0 0
I1103 15:38:50.458491 47626334368832 create_pretraining_data.py:161] masked_lm_ids: 2702 2575 10041 7154 0 0 0 0 0 0 0 0 0 0 0 0 0 0 0 0
INFO:tensorflow:masked_lm_weights: 1.0 1.0 1.0 1.0 0.0 0.0 0.0 0.0 0.0 0.0 0.0 0.0 0.0 0.0 0.0 0.0 0.0 0.0 0.0 0.0
I1103 15:38:50.458622 47626334368832 create_pretraining_data.py:161] masked_lm_weights: 1.0 1.0 1.0 1.0 0.0 0.0 0.0 0.0 0.0 0.0 0.0 0.0 0.0 0.0 0.0 0.0 0.0 0.0 0.0 0.0
INFO:tensorflow:next_sentence_labels: 1
I1103 15:38:50.458739 47626334368832 create_pretraining_data.py:161] next_sentence_labels: 1
INFO:tensorflow:*** Example ***
I1103 15:38:50.459395 47626334368832 create_pretraining_data.py:149] *** Example ***
INFO:tensorflow:tokens: [CLS] [MASK] اني اعوذ برض ##اك من سخطك واعوذ بمع ##افات ##ك من عق ##وب ##تك واعوذ [MASK] منك لا احص ##ي ثنا ##ء عليك انت كما اث ##نيت [MASK] نفسك [SEP] وسب ##ح [MASK] [MASK] قبل طلوع الشمس وقبل الغروب [SEP]
I1103 15:38:50.459576 47626334368832 create_pretraining_data.py:151] tokens: [CLS] [MASK] اني اعوذ برض ##اك من سخطك واعوذ بمع ##افات ##ك من عق ##وب ##تك واعوذ [MASK] منك لا احص ##ي ثنا ##ء عليك انت كما اث ##نيت [MASK] نفسك [SEP] وسب ##ح [MASK] [MASK] قبل طلوع الشمس وقبل الغروب [SEP]
INFO:tensorflow:input_ids: 2 4 2694 5433 14234 2544 1908 18800 9812 4943 8534 1014 1908 3054 2058 2348 9812 4 3677 1963 17331 1013 6299 1053 2898 2164 2306 3064 6864 4 3665 3 8874 1032 4 4 2289 21336 5020 9500 27018 3 0 0 0 0 0 0 0 0 0 0 0 0 0 0 0 0 0 0 0 0 0 0 0 0 0 0 0 0 0 0 0 0 0 0 0 0 0 0 0 0 0 0 0 0 0 0 0 0 0 0 0 0 0 0 0 0 0 0 0 0 0 0 0 0 0 0 0 0 0 0 0 0 0 0 0 0 0 0 0 0 0 0 0 0 0 0
I1103 15:38:50.459772 47626334368832 create_pretraining_data.py:161] input_ids: 2 4 2694 5433 14234 2544 1908 18800 9812 4943 8534 1014 1908 3054 2058 2348 9812 4 3677 1963 17331 1013 6299 1053 2898 2164 2306 3064 6864 4 3665 3 8874 1032 4 4 2289 21336 5020 9500 27018 3 0 0 0 0 0 0 0 0 0 0 0 0 0 0 0 0 0 0 0 0 0 0 0 0 0 0 0 0 0 0 0 0 0 0 0 0 0 0 0 0 0 0 0 0 0 0 0 0 0 0 0 0 0 0 0 0 0 0 0 0 0 0 0 0 0 0 0 0 0 0 0 0 0 0 0 0 0 0 0 0 0 0 0 0 0 0
INFO:tensorflow:input_mask: 1 1 1 1 1 1 1 1 1 1 1 1 1 1 1 1 1 1 1 1 1 1 1 1 1 1 1 1 1 1 1 1 1 1 1 1 1 1 1 1 1 1 0 0 0 0 0 0 0 0 0 0 0 0 0 0 0 0 0 0 0 0 0 0 0 0 0 0 0 0 0 0 0 0 0 0 0 0 0 0 0 0 0 0 0 0 0 0 0 0 0 0 0 0 0 0 0 0 0 0 0 0 0 0 0 0 0 0 0 0 0 0 0 0 0 0 0 0 0 0 0 0 0 0 0 0 0 0
I1103 15:38:50.459944 47626334368832 create_pretraining_data.py:161] input_mask: 1 1 1 1 1 1 1 1 1 1 1 1 1 1 1 1 1 1 1 1 1 1 1 1 1 1 1 1 1 1 1 1 1 1 1 1 1 1 1 1 1 1 0 0 0 0 0 0 0 0 0 0 0 0 0 0 0 0 0 0 0 0 0 0 0 0 0 0 0 0 0 0 0 0 0 0 0 0 0 0 0 0 0 0 0 0 0 0 0 0 0 0 0 0 0 0 0 0 0 0 0 0 0 0 0 0 0 0 0 0 0 0 0 0 0 0 0 0 0 0 0 0 0 0 0 0 0 0
INFO:tensorflow:segment_ids: 0 0 0 0 0 0 0 0 0 0 0 0 0 0 0 0 0 0 0 0 0 0 0 0 0 0 0 0 0 0 0 0 1 1 1 1 1 1 1 1 1 1 0 0 0 0 0 0 0 0 0 0 0 0 0 0 0 0 0 0 0 0 0 0 0 0 0 0 0 0 0 0 0 0 0 0 0 0 0 0 0 0 0 0 0 0 0 0 0 0 0 0 0 0 0 0 0 0 0 0 0 0 0 0 0 0 0 0 0 0 0 0 0 0 0 0 0 0 0 0 0 0 0 0 0 0 0 0
I1103 15:38:50.460139 47626334368832 create_pretraining_data.py:161] segment_ids: 0 0 0 0 0 0 0 0 0 0 0 0 0 0 0 0 0 0 0 0 0 0 0 0 0 0 0 0 0 0 0 0 1 1 1 1 1 1 1 1 1 1 0 0 0 0 0 0 0 0 0 0 0 0 0 0 0 0 0 0 0 0 0 0 0 0 0 0 0 0 0 0 0 0 0 0 0 0 0 0 0 0 0 0 0 0 0 0 0 0 0 0 0 0 0 0 0 0 0 0 0 0 0 0 0 0 0 0 0 0 0 0 0 0 0 0 0 0 0 0 0 0 0 0 0 0 0 0
INFO:tensorflow:masked_lm_positions: 1 17 29 34 35 36 0 0 0 0 0 0 0 0 0 0 0 0 0 0
I1103 15:38:50.460269 47626334368832 create_pretraining_data.py:161] masked_lm_positions: 1 17 29 34 35 36 0 0 0 0 0 0 0 0 0 0 0 0 0 0
INFO:tensorflow:masked_lm_ids: 2168 2395 1958 8823 5903 2289 0 0 0 0 0 0 0 0 0 0 0 0 0 0
I1103 15:38:50.460410 47626334368832 create_pretraining_data.py:161] masked_lm_ids: 2168 2395 1958 8823 5903 2289 0 0 0 0 0 0 0 0 0 0 0 0 0 0
INFO:tensorflow:masked_lm_weights: 1.0 1.0 1.0 1.0 1.0 1.0 0.0 0.0 0.0 0.0 0.0 0.0 0.0 0.0 0.0 0.0 0.0 0.0 0.0 0.0
I1103 15:38:50.460544 47626334368832 create_pretraining_data.py:161] masked_lm_weights: 1.0 1.0 1.0 1.0 1.0 1.0 0.0 0.0 0.0 0.0 0.0 0.0 0.0 0.0 0.0 0.0 0.0 0.0 0.0 0.0
INFO:tensorflow:next_sentence_labels: 1
I1103 15:38:50.460663 47626334368832 create_pretraining_data.py:161] next_sentence_labels: 1
INFO:tensorflow:*** Example ***
I1103 15:38:50.461323 47626334368832 create_pretraining_data.py:149] *** Example ***
INFO:tensorflow:tokens: [CLS] اعت ##مر ب 120 د ك ##اموس تذكره اقامه [MASK] [MASK] ايام 5 ##نج ##وم علي الحرم رتويت [MASK] Ą غيرك [SEP] من الجدير بالذكر ان المش ##عوذ الساحر ميش ##يل [MASK] [MASK] يكاد يكون مرافق ##ا دائما لعبد ##الع ##زيز بن فهد فهل يا تري تقبل له صلاه او صدقه وهو دائما ש [MASK] ساح ##ر [SEP]
I1103 15:38:50.461508 47626334368832 create_pretraining_data.py:151] tokens: [CLS] اعت ##مر ب 120 د ك ##اموس تذكره اقامه [MASK] [MASK] ايام 5 ##نج ##وم علي الحرم رتويت [MASK] Ą غيرك [SEP] من الجدير بالذكر ان المش ##عوذ الساحر ميش ##يل [MASK] [MASK] يكاد يكون مرافق ##ا دائما لعبد ##الع ##زيز بن فهد فهل يا تري تقبل له صلاه او صدقه وهو دائما ש [MASK] ساح ##ر [SEP]
INFO:tensorflow:input_ids: 2 2616 2026 388 12931 395 410 19385 20431 21321 4 4 4264 25 3145 1967 1958 9829 2928 4 161 5123 3 1908 23435 11492 1939 2242 4121 29927 9236 2027 4 4 20405 2461 19940 1007 3357 23547 7974 2874 2040 4599 7539 2104 4542 8035 2154 5094 2213 8337 2400 3357 373 4 7661 1017 3 0 0 0 0 0 0 0 0 0 0 0 0 0 0 0 0 0 0 0 0 0 0 0 0 0 0 0 0 0 0 0 0 0 0 0 0 0 0 0 0 0 0 0 0 0 0 0 0 0 0 0 0 0 0 0 0 0 0 0 0 0 0 0 0 0 0 0 0 0
I1103 15:38:50.461712 47626334368832 create_pretraining_data.py:161] input_ids: 2 2616 2026 388 12931 395 410 19385 20431 21321 4 4 4264 25 3145 1967 1958 9829 2928 4 161 5123 3 1908 23435 11492 1939 2242 4121 29927 9236 2027 4 4 20405 2461 19940 1007 3357 23547 7974 2874 2040 4599 7539 2104 4542 8035 2154 5094 2213 8337 2400 3357 373 4 7661 1017 3 0 0 0 0 0 0 0 0 0 0 0 0 0 0 0 0 0 0 0 0 0 0 0 0 0 0 0 0 0 0 0 0 0 0 0 0 0 0 0 0 0 0 0 0 0 0 0 0 0 0 0 0 0 0 0 0 0 0 0 0 0 0 0 0 0 0 0 0 0
INFO:tensorflow:input_mask: 1 1 1 1 1 1 1 1 1 1 1 1 1 1 1 1 1 1 1 1 1 1 1 1 1 1 1 1 1 1 1 1 1 1 1 1 1 1 1 1 1 1 1 1 1 1 1 1 1 1 1 1 1 1 1 1 1 1 1 0 0 0 0 0 0 0 0 0 0 0 0 0 0 0 0 0 0 0 0 0 0 0 0 0 0 0 0 0 0 0 0 0 0 0 0 0 0 0 0 0 0 0 0 0 0 0 0 0 0 0 0 0 0 0 0 0 0 0 0 0 0 0 0 0 0 0 0 0
I1103 15:38:50.461895 47626334368832 create_pretraining_data.py:161] input_mask: 1 1 1 1 1 1 1 1 1 1 1 1 1 1 1 1 1 1 1 1 1 1 1 1 1 1 1 1 1 1 1 1 1 1 1 1 1 1 1 1 1 1 1 1 1 1 1 1 1 1 1 1 1 1 1 1 1 1 1 0 0 0 0 0 0 0 0 0 0 0 0 0 0 0 0 0 0 0 0 0 0 0 0 0 0 0 0 0 0 0 0 0 0 0 0 0 0 0 0 0 0 0 0 0 0 0 0 0 0 0 0 0 0 0 0 0 0 0 0 0 0 0 0 0 0 0 0 0
INFO:tensorflow:segment_ids: 0 0 0 0 0 0 0 0 0 0 0 0 0 0 0 0 0 0 0 0 0 0 0 1 1 1 1 1 1 1 1 1 1 1 1 1 1 1 1 1 1 1 1 1 1 1 1 1 1 1 1 1 1 1 1 1 1 1 1 0 0 0 0 0 0 0 0 0 0 0 0 0 0 0 0 0 0 0 0 0 0 0 0 0 0 0 0 0 0 0 0 0 0 0 0 0 0 0 0 0 0 0 0 0 0 0 0 0 0 0 0 0 0 0 0 0 0 0 0 0 0 0 0 0 0 0 0 0
I1103 15:38:50.462089 47626334368832 create_pretraining_data.py:161] segment_ids: 0 0 0 0 0 0 0 0 0 0 0 0 0 0 0 0 0 0 0 0 0 0 0 1 1 1 1 1 1 1 1 1 1 1 1 1 1 1 1 1 1 1 1 1 1 1 1 1 1 1 1 1 1 1 1 1 1 1 1 0 0 0 0 0 0 0 0 0 0 0 0 0 0 0 0 0 0 0 0 0 0 0 0 0 0 0 0 0 0 0 0 0 0 0 0 0 0 0 0 0 0 0 0 0 0 0 0 0 0 0 0 0 0 0 0 0 0 0 0 0 0 0 0 0 0 0 0 0
INFO:tensorflow:masked_lm_positions: 7 10 11 19 20 32 33 54 55 0 0 0 0 0 0 0 0 0 0 0
I1103 15:38:50.462215 47626334368832 create_pretraining_data.py:161] masked_lm_positions: 7 10 11 19 20 32 33 54 55 0 0 0 0 0 0 0 0 0 0 0
INFO:tensorflow:masked_lm_ids: 2574 3635 3148 10049 3392 2971 2434 11616 2144 0 0 0 0 0 0 0 0 0 0 0
I1103 15:38:50.462344 47626334368832 create_pretraining_data.py:161] masked_lm_ids: 2574 3635 3148 10049 3392 2971 2434 11616 2144 0 0 0 0 0 0 0 0 0 0 0
INFO:tensorflow:masked_lm_weights: 1.0 1.0 1.0 1.0 1.0 1.0 1.0 1.0 1.0 0.0 0.0 0.0 0.0 0.0 0.0 0.0 0.0 0.0 0.0 0.0
I1103 15:38:50.462472 47626334368832 create_pretraining_data.py:161] masked_lm_weights: 1.0 1.0 1.0 1.0 1.0 1.0 1.0 1.0 1.0 0.0 0.0 0.0 0.0 0.0 0.0 0.0 0.0 0.0 0.0 0.0
INFO:tensorflow:next_sentence_labels: 1
I1103 15:38:50.462586 47626334368832 create_pretraining_data.py:161] next_sentence_labels: 1
INFO:tensorflow:*** Example ***
I1103 15:38:50.463179 47626334368832 create_pretraining_data.py:149] *** Example ***
INFO:tensorflow:tokens: [CLS] [MASK] [MASK] اللي [MASK] اول درس له ##جه بالمغرب ##يه [SEP] هذا ختم ام اللق ##افه [SEP]
I1103 15:38:50.463346 47626334368832 create_pretraining_data.py:151] tokens: [CLS] [MASK] [MASK] اللي [MASK] اول درس له ##جه بالمغرب ##يه [SEP] هذا ختم ام اللق ##افه [SEP]
INFO:tensorflow:input_ids: 2 4 4 2115 4 3085 9411 2154 2047 15667 1988 3 2085 19832 2112 3836 4484 3 0 0 0 0 0 0 0 0 0 0 0 0 0 0 0 0 0 0 0 0 0 0 0 0 0 0 0 0 0 0 0 0 0 0 0 0 0 0 0 0 0 0 0 0 0 0 0 0 0 0 0 0 0 0 0 0 0 0 0 0 0 0 0 0 0 0 0 0 0 0 0 0 0 0 0 0 0 0 0 0 0 0 0 0 0 0 0 0 0 0 0 0 0 0 0 0 0 0 0 0 0 0 0 0 0 0 0 0 0 0
I1103 15:38:50.463533 47626334368832 create_pretraining_data.py:161] input_ids: 2 4 4 2115 4 3085 9411 2154 2047 15667 1988 3 2085 19832 2112 3836 4484 3 0 0 0 0 0 0 0 0 0 0 0 0 0 0 0 0 0 0 0 0 0 0 0 0 0 0 0 0 0 0 0 0 0 0 0 0 0 0 0 0 0 0 0 0 0 0 0 0 0 0 0 0 0 0 0 0 0 0 0 0 0 0 0 0 0 0 0 0 0 0 0 0 0 0 0 0 0 0 0 0 0 0 0 0 0 0 0 0 0 0 0 0 0 0 0 0 0 0 0 0 0 0 0 0 0 0 0 0 0 0
INFO:tensorflow:input_mask: 1 1 1 1 1 1 1 1 1 1 1 1 1 1 1 1 1 1 0 0 0 0 0 0 0 0 0 0 0 0 0 0 0 0 0 0 0 0 0 0 0 0 0 0 0 0 0 0 0 0 0 0 0 0 0 0 0 0 0 0 0 0 0 0 0 0 0 0 0 0 0 0 0 0 0 0 0 0 0 0 0 0 0 0 0 0 0 0 0 0 0 0 0 0 0 0 0 0 0 0 0 0 0 0 0 0 0 0 0 0 0 0 0 0 0 0 0 0 0 0 0 0 0 0 0 0 0 0
I1103 15:38:50.463701 47626334368832 create_pretraining_data.py:161] input_mask: 1 1 1 1 1 1 1 1 1 1 1 1 1 1 1 1 1 1 0 0 0 0 0 0 0 0 0 0 0 0 0 0 0 0 0 0 0 0 0 0 0 0 0 0 0 0 0 0 0 0 0 0 0 0 0 0 0 0 0 0 0 0 0 0 0 0 0 0 0 0 0 0 0 0 0 0 0 0 0 0 0 0 0 0 0 0 0 0 0 0 0 0 0 0 0 0 0 0 0 0 0 0 0 0 0 0 0 0 0 0 0 0 0 0 0 0 0 0 0 0 0 0 0 0 0 0 0 0
INFO:tensorflow:segment_ids: 0 0 0 0 0 0 0 0 0 0 0 0 1 1 1 1 1 1 0 0 0 0 0 0 0 0 0 0 0 0 0 0 0 0 0 0 0 0 0 0 0 0 0 0 0 0 0 0 0 0 0 0 0 0 0 0 0 0 0 0 0 0 0 0 0 0 0 0 0 0 0 0 0 0 0 0 0 0 0 0 0 0 0 0 0 0 0 0 0 0 0 0 0 0 0 0 0 0 0 0 0 0 0 0 0 0 0 0 0 0 0 0 0 0 0 0 0 0 0 0 0 0 0 0 0 0 0 0
I1103 15:38:50.463863 47626334368832 create_pretraining_data.py:161] segment_ids: 0 0 0 0 0 0 0 0 0 0 0 0 1 1 1 1 1 1 0 0 0 0 0 0 0 0 0 0 0 0 0 0 0 0 0 0 0 0 0 0 0 0 0 0 0 0 0 0 0 0 0 0 0 0 0 0 0 0 0 0 0 0 0 0 0 0 0 0 0 0 0 0 0 0 0 0 0 0 0 0 0 0 0 0 0 0 0 0 0 0 0 0 0 0 0 0 0 0 0 0 0 0 0 0 0 0 0 0 0 0 0 0 0 0 0 0 0 0 0 0 0 0 0 0 0 0 0 0
INFO:tensorflow:masked_lm_positions: 1 2 4 0 0 0 0 0 0 0 0 0 0 0 0 0 0 0 0 0
I1103 15:38:50.464021 47626334368832 create_pretraining_data.py:161] masked_lm_positions: 1 2 4 0 0 0 0 0 0 0 0 0 0 0 0 0 0 0 0 0
INFO:tensorflow:masked_lm_ids: 3023 1922 2136 0 0 0 0 0 0 0 0 0 0 0 0 0 0 0 0 0
I1103 15:38:50.464149 47626334368832 create_pretraining_data.py:161] masked_lm_ids: 3023 1922 2136 0 0 0 0 0 0 0 0 0 0 0 0 0 0 0 0 0
INFO:tensorflow:masked_lm_weights: 1.0 1.0 1.0 0.0 0.0 0.0 0.0 0.0 0.0 0.0 0.0 0.0 0.0 0.0 0.0 0.0 0.0 0.0 0.0 0.0
I1103 15:38:50.464284 47626334368832 create_pretraining_data.py:161] masked_lm_weights: 1.0 1.0 1.0 0.0 0.0 0.0 0.0 0.0 0.0 0.0 0.0 0.0 0.0 0.0 0.0 0.0 0.0 0.0 0.0 0.0
INFO:tensorflow:next_sentence_labels: 1
I1103 15:38:50.464402 47626334368832 create_pretraining_data.py:161] next_sentence_labels: 1
INFO:tensorflow:*** Example ***
I1103 15:38:50.464981 47626334368832 create_pretraining_data.py:149] *** Example ***
INFO:tensorflow:tokens: [CLS] [MASK] وم اجمل كلمه غدا حينما يكون المنتظر هو النصر [SEP] [MASK] [MASK] وبحمده عدد خلقه ورضا بشان وزنه عرشه ومداد كلماته [SEP]
I1103 15:38:50.465140 47626334368832 create_pretraining_data.py:151] tokens: [CLS] [MASK] وم اجمل كلمه غدا حينما يكون المنتظر هو النصر [SEP] [MASK] [MASK] وبحمده عدد خلقه ورضا بشان وزنه عرشه ومداد كلماته [SEP]
INFO:tensorflow:input_ids: 2 4 2081 3244 4478 4496 7473 2461 13759 2139 3059 3 4 4 4276 2548 5987 10500 20444 7154 7198 7517 7119 3 0 0 0 0 0 0 0 0 0 0 0 0 0 0 0 0 0 0 0 0 0 0 0 0 0 0 0 0 0 0 0 0 0 0 0 0 0 0 0 0 0 0 0 0 0 0 0 0 0 0 0 0 0 0 0 0 0 0 0 0 0 0 0 0 0 0 0 0 0 0 0 0 0 0 0 0 0 0 0 0 0 0 0 0 0 0 0 0 0 0 0 0 0 0 0 0 0 0 0 0 0 0 0 0
I1103 15:38:50.465326 47626334368832 create_pretraining_data.py:161] input_ids: 2 4 2081 3244 4478 4496 7473 2461 13759 2139 3059 3 4 4 4276 2548 5987 10500 20444 7154 7198 7517 7119 3 0 0 0 0 0 0 0 0 0 0 0 0 0 0 0 0 0 0 0 0 0 0 0 0 0 0 0 0 0 0 0 0 0 0 0 0 0 0 0 0 0 0 0 0 0 0 0 0 0 0 0 0 0 0 0 0 0 0 0 0 0 0 0 0 0 0 0 0 0 0 0 0 0 0 0 0 0 0 0 0 0 0 0 0 0 0 0 0 0 0 0 0 0 0 0 0 0 0 0 0 0 0 0 0
INFO:tensorflow:input_mask: 1 1 1 1 1 1 1 1 1 1 1 1 1 1 1 1 1 1 1 1 1 1 1 1 0 0 0 0 0 0 0 0 0 0 0 0 0 0 0 0 0 0 0 0 0 0 0 0 0 0 0 0 0 0 0 0 0 0 0 0 0 0 0 0 0 0 0 0 0 0 0 0 0 0 0 0 0 0 0 0 0 0 0 0 0 0 0 0 0 0 0 0 0 0 0 0 0 0 0 0 0 0 0 0 0 0 0 0 0 0 0 0 0 0 0 0 0 0 0 0 0 0 0 0 0 0 0 0
I1103 15:38:50.465496 47626334368832 create_pretraining_data.py:161] input_mask: 1 1 1 1 1 1 1 1 1 1 1 1 1 1 1 1 1 1 1 1 1 1 1 1 0 0 0 0 0 0 0 0 0 0 0 0 0 0 0 0 0 0 0 0 0 0 0 0 0 0 0 0 0 0 0 0 0 0 0 0 0 0 0 0 0 0 0 0 0 0 0 0 0 0 0 0 0 0 0 0 0 0 0 0 0 0 0 0 0 0 0 0 0 0 0 0 0 0 0 0 0 0 0 0 0 0 0 0 0 0 0 0 0 0 0 0 0 0 0 0 0 0 0 0 0 0 0 0
INFO:tensorflow:segment_ids: 0 0 0 0 0 0 0 0 0 0 0 0 1 1 1 1 1 1 1 1 1 1 1 1 0 0 0 0 0 0 0 0 0 0 0 0 0 0 0 0 0 0 0 0 0 0 0 0 0 0 0 0 0 0 0 0 0 0 0 0 0 0 0 0 0 0 0 0 0 0 0 0 0 0 0 0 0 0 0 0 0 0 0 0 0 0 0 0 0 0 0 0 0 0 0 0 0 0 0 0 0 0 0 0 0 0 0 0 0 0 0 0 0 0 0 0 0 0 0 0 0 0 0 0 0 0 0 0
I1103 15:38:50.465657 47626334368832 create_pretraining_data.py:161] segment_ids: 0 0 0 0 0 0 0 0 0 0 0 0 1 1 1 1 1 1 1 1 1 1 1 1 0 0 0 0 0 0 0 0 0 0 0 0 0 0 0 0 0 0 0 0 0 0 0 0 0 0 0 0 0 0 0 0 0 0 0 0 0 0 0 0 0 0 0 0 0 0 0 0 0 0 0 0 0 0 0 0 0 0 0 0 0 0 0 0 0 0 0 0 0 0 0 0 0 0 0 0 0 0 0 0 0 0 0 0 0 0 0 0 0 0 0 0 0 0 0 0 0 0 0 0 0 0 0 0
INFO:tensorflow:masked_lm_positions: 1 12 13 18 0 0 0 0 0 0 0 0 0 0 0 0 0 0 0 0
I1103 15:38:50.465783 47626334368832 create_pretraining_data.py:161] masked_lm_positions: 1 12 13 18 0 0 0 0 0 0 0 0 0 0 0 0 0 0 0 0
INFO:tensorflow:masked_lm_ids: 4496 2575 1953 3081 0 0 0 0 0 0 0 0 0 0 0 0 0 0 0 0
I1103 15:38:50.465906 47626334368832 create_pretraining_data.py:161] masked_lm_ids: 4496 2575 1953 3081 0 0 0 0 0 0 0 0 0 0 0 0 0 0 0 0
INFO:tensorflow:masked_lm_weights: 1.0 1.0 1.0 1.0 0.0 0.0 0.0 0.0 0.0 0.0 0.0 0.0 0.0 0.0 0.0 0.0 0.0 0.0 0.0 0.0
I1103 15:38:50.466061 47626334368832 create_pretraining_data.py:161] masked_lm_weights: 1.0 1.0 1.0 1.0 0.0 0.0 0.0 0.0 0.0 0.0 0.0 0.0 0.0 0.0 0.0 0.0 0.0 0.0 0.0 0.0
INFO:tensorflow:next_sentence_labels: 1
I1103 15:38:50.466181 47626334368832 create_pretraining_data.py:161] next_sentence_labels: 1
INFO:tensorflow:*** Example ***
I1103 15:38:50.466810 47626334368832 create_pretraining_data.py:149] *** Example ***
INFO:tensorflow:tokens: [CLS] تتجاوز امه محمد [MASK] تكفير ##هم خر ##ابي ##ط الدعوه الي عدم تكفير امه محمد خر ##ابي ##ط [SEP] منع نشيد الانديه [MASK] لط ##ارق انه من او ##ائل بل اول من نب ##ه لخ ##طوره ذلك في منتصف [MASK] 2012 اي قبل 4 سنوات [SEP]
I1103 15:38:50.466982 47626334368832 create_pretraining_data.py:151] tokens: [CLS] تتجاوز امه محمد [MASK] تكفير ##هم خر ##ابي ##ط الدعوه الي عدم تكفير امه محمد خر ##ابي ##ط [SEP] منع نشيد الانديه [MASK] لط ##ارق انه من او ##ائل بل اول من نب ##ه لخ ##طوره ذلك في منتصف [MASK] 2012 اي قبل 4 سنوات [SEP]
INFO:tensorflow:input_ids: 2 12733 6798 2202 4 26781 1949 17963 3748 1040 15433 2002 3216 26781 6798 2202 17963 3748 1040 3 6129 22969 11064 4 4651 4343 2615 1908 2213 2525 2683 3085 1908 3291 1028 4872 11241 2271 1912 8151 4 4670 2218 2289 24 3752 3 0 0 0 0 0 0 0 0 0 0 0 0 0 0 0 0 0 0 0 0 0 0 0 0 0 0 0 0 0 0 0 0 0 0 0 0 0 0 0 0 0 0 0 0 0 0 0 0 0 0 0 0 0 0 0 0 0 0 0 0 0 0 0 0 0 0 0 0 0 0 0 0 0 0 0 0 0 0 0 0 0
I1103 15:38:50.467176 47626334368832 create_pretraining_data.py:161] input_ids: 2 12733 6798 2202 4 26781 1949 17963 3748 1040 15433 2002 3216 26781 6798 2202 17963 3748 1040 3 6129 22969 11064 4 4651 4343 2615 1908 2213 2525 2683 3085 1908 3291 1028 4872 11241 2271 1912 8151 4 4670 2218 2289 24 3752 3 0 0 0 0 0 0 0 0 0 0 0 0 0 0 0 0 0 0 0 0 0 0 0 0 0 0 0 0 0 0 0 0 0 0 0 0 0 0 0 0 0 0 0 0 0 0 0 0 0 0 0 0 0 0 0 0 0 0 0 0 0 0 0 0 0 0 0 0 0 0 0 0 0 0 0 0 0 0 0 0 0
INFO:tensorflow:input_mask: 1 1 1 1 1 1 1 1 1 1 1 1 1 1 1 1 1 1 1 1 1 1 1 1 1 1 1 1 1 1 1 1 1 1 1 1 1 1 1 1 1 1 1 1 1 1 1 0 0 0 0 0 0 0 0 0 0 0 0 0 0 0 0 0 0 0 0 0 0 0 0 0 0 0 0 0 0 0 0 0 0 0 0 0 0 0 0 0 0 0 0 0 0 0 0 0 0 0 0 0 0 0 0 0 0 0 0 0 0 0 0 0 0 0 0 0 0 0 0 0 0 0 0 0 0 0 0 0
I1103 15:38:50.467352 47626334368832 create_pretraining_data.py:161] input_mask: 1 1 1 1 1 1 1 1 1 1 1 1 1 1 1 1 1 1 1 1 1 1 1 1 1 1 1 1 1 1 1 1 1 1 1 1 1 1 1 1 1 1 1 1 1 1 1 0 0 0 0 0 0 0 0 0 0 0 0 0 0 0 0 0 0 0 0 0 0 0 0 0 0 0 0 0 0 0 0 0 0 0 0 0 0 0 0 0 0 0 0 0 0 0 0 0 0 0 0 0 0 0 0 0 0 0 0 0 0 0 0 0 0 0 0 0 0 0 0 0 0 0 0 0 0 0 0 0
INFO:tensorflow:segment_ids: 0 0 0 0 0 0 0 0 0 0 0 0 0 0 0 0 0 0 0 0 1 1 1 1 1 1 1 1 1 1 1 1 1 1 1 1 1 1 1 1 1 1 1 1 1 1 1 0 0 0 0 0 0 0 0 0 0 0 0 0 0 0 0 0 0 0 0 0 0 0 0 0 0 0 0 0 0 0 0 0 0 0 0 0 0 0 0 0 0 0 0 0 0 0 0 0 0 0 0 0 0 0 0 0 0 0 0 0 0 0 0 0 0 0 0 0 0 0 0 0 0 0 0 0 0 0 0 0
I1103 15:38:50.467517 47626334368832 create_pretraining_data.py:161] segment_ids: 0 0 0 0 0 0 0 0 0 0 0 0 0 0 0 0 0 0 0 0 1 1 1 1 1 1 1 1 1 1 1 1 1 1 1 1 1 1 1 1 1 1 1 1 1 1 1 0 0 0 0 0 0 0 0 0 0 0 0 0 0 0 0 0 0 0 0 0 0 0 0 0 0 0 0 0 0 0 0 0 0 0 0 0 0 0 0 0 0 0 0 0 0 0 0 0 0 0 0 0 0 0 0 0 0 0 0 0 0 0 0 0 0 0 0 0 0 0 0 0 0 0 0 0 0 0 0 0
INFO:tensorflow:masked_lm_positions: 1 4 12 23 35 36 40 0 0 0 0 0 0 0 0 0 0 0 0 0
I1103 15:38:50.467642 47626334368832 create_pretraining_data.py:161] masked_lm_positions: 1 4 12 23 35 36 40 0 0 0 0 0 0 0 0 0 0 0 0 0
INFO:tensorflow:masked_lm_ids: 12422 5568 3216 14931 4872 11241 2268 0 0 0 0 0 0 0 0 0 0 0 0 0
I1103 15:38:50.467765 47626334368832 create_pretraining_data.py:161] masked_lm_ids: 12422 5568 3216 14931 4872 11241 2268 0 0 0 0 0 0 0 0 0 0 0 0 0
INFO:tensorflow:masked_lm_weights: 1.0 1.0 1.0 1.0 1.0 1.0 1.0 0.0 0.0 0.0 0.0 0.0 0.0 0.0 0.0 0.0 0.0 0.0 0.0 0.0
I1103 15:38:50.467894 47626334368832 create_pretraining_data.py:161] masked_lm_weights: 1.0 1.0 1.0 1.0 1.0 1.0 1.0 0.0 0.0 0.0 0.0 0.0 0.0 0.0 0.0 0.0 0.0 0.0 0.0 0.0
INFO:tensorflow:next_sentence_labels: 1
I1103 15:38:50.468039 47626334368832 create_pretraining_data.py:161] next_sentence_labels: 1
INFO:tensorflow:*** Example ***
I1103 15:38:50.468657 47626334368832 create_pretraining_data.py:149] *** Example ***
INFO:tensorflow:tokens: [CLS] [MASK] بدر ##وب التعب تايه ##ين ناس تب ##وح و [MASK] تكت [MASK] وجع ##ها [SEP] وانك ماء وان الماء قد يس ##قي [MASK] يروي وقد يغ ##رق احمد شوقي [SEP]
I1103 15:38:50.468823 47626334368832 create_pretraining_data.py:151] tokens: [CLS] [MASK] بدر ##وب التعب تايه ##ين ناس تب ##وح و [MASK] تكت [MASK] وجع ##ها [SEP] وانك ماء وان الماء قد يس ##قي [MASK] يروي وقد يغ ##رق احمد شوقي [SEP]
INFO:tensorflow:input_ids: 2 4 4975 2058 6424 27041 1911 3970 2500 2517 415 4 7777 4 7134 1913 3 19556 5185 2178 3063 2251 2416 2004 4 16156 2585 3579 2166 3625 13444 3 0 0 0 0 0 0 0 0 0 0 0 0 0 0 0 0 0 0 0 0 0 0 0 0 0 0 0 0 0 0 0 0 0 0 0 0 0 0 0 0 0 0 0 0 0 0 0 0 0 0 0 0 0 0 0 0 0 0 0 0 0 0 0 0 0 0 0 0 0 0 0 0 0 0 0 0 0 0 0 0 0 0 0 0 0 0 0 0 0 0 0 0 0 0 0 0
I1103 15:38:50.469009 47626334368832 create_pretraining_data.py:161] input_ids: 2 4 4975 2058 6424 27041 1911 3970 2500 2517 415 4 7777 4 7134 1913 3 19556 5185 2178 3063 2251 2416 2004 4 16156 2585 3579 2166 3625 13444 3 0 0 0 0 0 0 0 0 0 0 0 0 0 0 0 0 0 0 0 0 0 0 0 0 0 0 0 0 0 0 0 0 0 0 0 0 0 0 0 0 0 0 0 0 0 0 0 0 0 0 0 0 0 0 0 0 0 0 0 0 0 0 0 0 0 0 0 0 0 0 0 0 0 0 0 0 0 0 0 0 0 0 0 0 0 0 0 0 0 0 0 0 0 0 0 0
INFO:tensorflow:input_mask: 1 1 1 1 1 1 1 1 1 1 1 1 1 1 1 1 1 1 1 1 1 1 1 1 1 1 1 1 1 1 1 1 0 0 0 0 0 0 0 0 0 0 0 0 0 0 0 0 0 0 0 0 0 0 0 0 0 0 0 0 0 0 0 0 0 0 0 0 0 0 0 0 0 0 0 0 0 0 0 0 0 0 0 0 0 0 0 0 0 0 0 0 0 0 0 0 0 0 0 0 0 0 0 0 0 0 0 0 0 0 0 0 0 0 0 0 0 0 0 0 0 0 0 0 0 0 0 0
I1103 15:38:50.469179 47626334368832 create_pretraining_data.py:161] input_mask: 1 1 1 1 1 1 1 1 1 1 1 1 1 1 1 1 1 1 1 1 1 1 1 1 1 1 1 1 1 1 1 1 0 0 0 0 0 0 0 0 0 0 0 0 0 0 0 0 0 0 0 0 0 0 0 0 0 0 0 0 0 0 0 0 0 0 0 0 0 0 0 0 0 0 0 0 0 0 0 0 0 0 0 0 0 0 0 0 0 0 0 0 0 0 0 0 0 0 0 0 0 0 0 0 0 0 0 0 0 0 0 0 0 0 0 0 0 0 0 0 0 0 0 0 0 0 0 0
INFO:tensorflow:segment_ids: 0 0 0 0 0 0 0 0 0 0 0 0 0 0 0 0 0 1 1 1 1 1 1 1 1 1 1 1 1 1 1 1 0 0 0 0 0 0 0 0 0 0 0 0 0 0 0 0 0 0 0 0 0 0 0 0 0 0 0 0 0 0 0 0 0 0 0 0 0 0 0 0 0 0 0 0 0 0 0 0 0 0 0 0 0 0 0 0 0 0 0 0 0 0 0 0 0 0 0 0 0 0 0 0 0 0 0 0 0 0 0 0 0 0 0 0 0 0 0 0 0 0 0 0 0 0 0 0
I1103 15:38:50.469376 47626334368832 create_pretraining_data.py:161] segment_ids: 0 0 0 0 0 0 0 0 0 0 0 0 0 0 0 0 0 1 1 1 1 1 1 1 1 1 1 1 1 1 1 1 0 0 0 0 0 0 0 0 0 0 0 0 0 0 0 0 0 0 0 0 0 0 0 0 0 0 0 0 0 0 0 0 0 0 0 0 0 0 0 0 0 0 0 0 0 0 0 0 0 0 0 0 0 0 0 0 0 0 0 0 0 0 0 0 0 0 0 0 0 0 0 0 0 0 0 0 0 0 0 0 0 0 0 0 0 0 0 0 0 0 0 0 0 0 0 0
INFO:tensorflow:masked_lm_positions: 1 11 12 13 24 0 0 0 0 0 0 0 0 0 0 0 0 0 0 0
I1103 15:38:50.469512 47626334368832 create_pretraining_data.py:161] masked_lm_positions: 1 11 12 13 24 0 0 0 0 0 0 0 0 0 0 0 0 0 0 0
INFO:tensorflow:masked_lm_ids: 5905 3970 7777 1015 2585 0 0 0 0 0 0 0 0 0 0 0 0 0 0 0
I1103 15:38:50.469635 47626334368832 create_pretraining_data.py:161] masked_lm_ids: 5905 3970 7777 1015 2585 0 0 0 0 0 0 0 0 0 0 0 0 0 0 0
INFO:tensorflow:masked_lm_weights: 1.0 1.0 1.0 1.0 1.0 0.0 0.0 0.0 0.0 0.0 0.0 0.0 0.0 0.0 0.0 0.0 0.0 0.0 0.0 0.0
I1103 15:38:50.469761 47626334368832 create_pretraining_data.py:161] masked_lm_weights: 1.0 1.0 1.0 1.0 1.0 0.0 0.0 0.0 0.0 0.0 0.0 0.0 0.0 0.0 0.0 0.0 0.0 0.0 0.0 0.0
INFO:tensorflow:next_sentence_labels: 1
I1103 15:38:50.469875 47626334368832 create_pretraining_data.py:161] next_sentence_labels: 1
INFO:tensorflow:*** Example ***
I1103 15:38:50.470468 47626334368832 create_pretraining_data.py:149] *** Example ***
INFO:tensorflow:tokens: [CLS] الدولار [MASK] عبدالمحسن صالح [MASK] [SEP] اللهم اغفر لوالدي ##نا ولجميع موتي المسلمين [SEP]
I1103 15:38:50.470623 47626334368832 create_pretraining_data.py:151] tokens: [CLS] الدولار [MASK] عبدالمحسن صالح [MASK] [SEP] اللهم اغفر لوالدي ##نا ولجميع موتي المسلمين [SEP]
INFO:tensorflow:input_ids: 2 4854 4 22595 3774 4 3 2168 5124 24793 1914 25026 16272 3524 3 0 0 0 0 0 0 0 0 0 0 0 0 0 0 0 0 0 0 0 0 0 0 0 0 0 0 0 0 0 0 0 0 0 0 0 0 0 0 0 0 0 0 0 0 0 0 0 0 0 0 0 0 0 0 0 0 0 0 0 0 0 0 0 0 0 0 0 0 0 0 0 0 0 0 0 0 0 0 0 0 0 0 0 0 0 0 0 0 0 0 0 0 0 0 0 0 0 0 0 0 0 0 0 0 0 0 0 0 0 0 0 0 0
I1103 15:38:50.470843 47626334368832 create_pretraining_data.py:161] input_ids: 2 4854 4 22595 3774 4 3 2168 5124 24793 1914 25026 16272 3524 3 0 0 0 0 0 0 0 0 0 0 0 0 0 0 0 0 0 0 0 0 0 0 0 0 0 0 0 0 0 0 0 0 0 0 0 0 0 0 0 0 0 0 0 0 0 0 0 0 0 0 0 0 0 0 0 0 0 0 0 0 0 0 0 0 0 0 0 0 0 0 0 0 0 0 0 0 0 0 0 0 0 0 0 0 0 0 0 0 0 0 0 0 0 0 0 0 0 0 0 0 0 0 0 0 0 0 0 0 0 0 0 0 0
INFO:tensorflow:input_mask: 1 1 1 1 1 1 1 1 1 1 1 1 1 1 1 0 0 0 0 0 0 0 0 0 0 0 0 0 0 0 0 0 0 0 0 0 0 0 0 0 0 0 0 0 0 0 0 0 0 0 0 0 0 0 0 0 0 0 0 0 0 0 0 0 0 0 0 0 0 0 0 0 0 0 0 0 0 0 0 0 0 0 0 0 0 0 0 0 0 0 0 0 0 0 0 0 0 0 0 0 0 0 0 0 0 0 0 0 0 0 0 0 0 0 0 0 0 0 0 0 0 0 0 0 0 0 0 0
I1103 15:38:50.471013 47626334368832 create_pretraining_data.py:161] input_mask: 1 1 1 1 1 1 1 1 1 1 1 1 1 1 1 0 0 0 0 0 0 0 0 0 0 0 0 0 0 0 0 0 0 0 0 0 0 0 0 0 0 0 0 0 0 0 0 0 0 0 0 0 0 0 0 0 0 0 0 0 0 0 0 0 0 0 0 0 0 0 0 0 0 0 0 0 0 0 0 0 0 0 0 0 0 0 0 0 0 0 0 0 0 0 0 0 0 0 0 0 0 0 0 0 0 0 0 0 0 0 0 0 0 0 0 0 0 0 0 0 0 0 0 0 0 0 0 0
INFO:tensorflow:segment_ids: 0 0 0 0 0 0 0 1 1 1 1 1 1 1 1 0 0 0 0 0 0 0 0 0 0 0 0 0 0 0 0 0 0 0 0 0 0 0 0 0 0 0 0 0 0 0 0 0 0 0 0 0 0 0 0 0 0 0 0 0 0 0 0 0 0 0 0 0 0 0 0 0 0 0 0 0 0 0 0 0 0 0 0 0 0 0 0 0 0 0 0 0 0 0 0 0 0 0 0 0 0 0 0 0 0 0 0 0 0 0 0 0 0 0 0 0 0 0 0 0 0 0 0 0 0 0 0 0
I1103 15:38:50.471176 47626334368832 create_pretraining_data.py:161] segment_ids: 0 0 0 0 0 0 0 1 1 1 1 1 1 1 1 0 0 0 0 0 0 0 0 0 0 0 0 0 0 0 0 0 0 0 0 0 0 0 0 0 0 0 0 0 0 0 0 0 0 0 0 0 0 0 0 0 0 0 0 0 0 0 0 0 0 0 0 0 0 0 0 0 0 0 0 0 0 0 0 0 0 0 0 0 0 0 0 0 0 0 0 0 0 0 0 0 0 0 0 0 0 0 0 0 0 0 0 0 0 0 0 0 0 0 0 0 0 0 0 0 0 0 0 0 0 0 0 0
INFO:tensorflow:masked_lm_positions: 2 5 0 0 0 0 0 0 0 0 0 0 0 0 0 0 0 0 0 0
I1103 15:38:50.471307 47626334368832 create_pretraining_data.py:161] masked_lm_positions: 2 5 0 0 0 0 0 0 0 0 0 0 0 0 0 0 0 0 0 0
INFO:tensorflow:masked_lm_ids: 13531 8319 0 0 0 0 0 0 0 0 0 0 0 0 0 0 0 0 0 0
I1103 15:38:50.471432 47626334368832 create_pretraining_data.py:161] masked_lm_ids: 13531 8319 0 0 0 0 0 0 0 0 0 0 0 0 0 0 0 0 0 0
INFO:tensorflow:masked_lm_weights: 1.0 1.0 0.0 0.0 0.0 0.0 0.0 0.0 0.0 0.0 0.0 0.0 0.0 0.0 0.0 0.0 0.0 0.0 0.0 0.0
I1103 15:38:50.471560 47626334368832 create_pretraining_data.py:161] masked_lm_weights: 1.0 1.0 0.0 0.0 0.0 0.0 0.0 0.0 0.0 0.0 0.0 0.0 0.0 0.0 0.0 0.0 0.0 0.0 0.0 0.0
INFO:tensorflow:next_sentence_labels: 1
I1103 15:38:50.471674 47626334368832 create_pretraining_data.py:161] next_sentence_labels: 1
INFO:tensorflow:*** Example ***
I1103 15:38:50.472276 47626334368832 create_pretraining_data.py:149] *** Example ***
INFO:tensorflow:tokens: [CLS] فز ##ت [MASK] واحت [MASK] الكلام [SEP] تمكن طيران الجيش العراقي من استهداف عدد من المواقع تابعه لتنظيم داعش الارهابي [MASK] جزيره سام ##راء [SEP]
I1103 15:38:50.472450 47626334368832 create_pretraining_data.py:151] tokens: [CLS] فز ##ت [MASK] واحت [MASK] الكلام [SEP] تمكن طيران الجيش العراقي من استهداف عدد من المواقع تابعه لتنظيم داعش الارهابي [MASK] جزيره سام ##راء [SEP]
INFO:tensorflow:input_ids: 2 11519 1005 4 6115 4 3859 3 6836 10567 3375 4848 1908 13014 2548 1908 4268 27390 15016 4585 14313 4 23173 4387 2147 3 0 0 0 0 0 0 0 0 0 0 0 0 0 0 0 0 0 0 0 0 0 0 0 0 0 0 0 0 0 0 0 0 0 0 0 0 0 0 0 0 0 0 0 0 0 0 0 0 0 0 0 0 0 0 0 0 0 0 0 0 0 0 0 0 0 0 0 0 0 0 0 0 0 0 0 0 0 0 0 0 0 0 0 0 0 0 0 0 0 0 0 0 0 0 0 0 0 0 0 0 0 0
I1103 15:38:50.472634 47626334368832 create_pretraining_data.py:161] input_ids: 2 11519 1005 4 6115 4 3859 3 6836 10567 3375 4848 1908 13014 2548 1908 4268 27390 15016 4585 14313 4 23173 4387 2147 3 0 0 0 0 0 0 0 0 0 0 0 0 0 0 0 0 0 0 0 0 0 0 0 0 0 0 0 0 0 0 0 0 0 0 0 0 0 0 0 0 0 0 0 0 0 0 0 0 0 0 0 0 0 0 0 0 0 0 0 0 0 0 0 0 0 0 0 0 0 0 0 0 0 0 0 0 0 0 0 0 0 0 0 0 0 0 0 0 0 0 0 0 0 0 0 0 0 0 0 0 0 0
INFO:tensorflow:input_mask: 1 1 1 1 1 1 1 1 1 1 1 1 1 1 1 1 1 1 1 1 1 1 1 1 1 1 0 0 0 0 0 0 0 0 0 0 0 0 0 0 0 0 0 0 0 0 0 0 0 0 0 0 0 0 0 0 0 0 0 0 0 0 0 0 0 0 0 0 0 0 0 0 0 0 0 0 0 0 0 0 0 0 0 0 0 0 0 0 0 0 0 0 0 0 0 0 0 0 0 0 0 0 0 0 0 0 0 0 0 0 0 0 0 0 0 0 0 0 0 0 0 0 0 0 0 0 0 0
I1103 15:38:50.472832 47626334368832 create_pretraining_data.py:161] input_mask: 1 1 1 1 1 1 1 1 1 1 1 1 1 1 1 1 1 1 1 1 1 1 1 1 1 1 0 0 0 0 0 0 0 0 0 0 0 0 0 0 0 0 0 0 0 0 0 0 0 0 0 0 0 0 0 0 0 0 0 0 0 0 0 0 0 0 0 0 0 0 0 0 0 0 0 0 0 0 0 0 0 0 0 0 0 0 0 0 0 0 0 0 0 0 0 0 0 0 0 0 0 0 0 0 0 0 0 0 0 0 0 0 0 0 0 0 0 0 0 0 0 0 0 0 0 0 0 0
INFO:tensorflow:segment_ids: 0 0 0 0 0 0 0 0 1 1 1 1 1 1 1 1 1 1 1 1 1 1 1 1 1 1 0 0 0 0 0 0 0 0 0 0 0 0 0 0 0 0 0 0 0 0 0 0 0 0 0 0 0 0 0 0 0 0 0 0 0 0 0 0 0 0 0 0 0 0 0 0 0 0 0 0 0 0 0 0 0 0 0 0 0 0 0 0 0 0 0 0 0 0 0 0 0 0 0 0 0 0 0 0 0 0 0 0 0 0 0 0 0 0 0 0 0 0 0 0 0 0 0 0 0 0 0 0
I1103 15:38:50.472997 47626334368832 create_pretraining_data.py:161] segment_ids: 0 0 0 0 0 0 0 0 1 1 1 1 1 1 1 1 1 1 1 1 1 1 1 1 1 1 0 0 0 0 0 0 0 0 0 0 0 0 0 0 0 0 0 0 0 0 0 0 0 0 0 0 0 0 0 0 0 0 0 0 0 0 0 0 0 0 0 0 0 0 0 0 0 0 0 0 0 0 0 0 0 0 0 0 0 0 0 0 0 0 0 0 0 0 0 0 0 0 0 0 0 0 0 0 0 0 0 0 0 0 0 0 0 0 0 0 0 0 0 0 0 0 0 0 0 0 0 0
INFO:tensorflow:masked_lm_positions: 3 4 5 21 0 0 0 0 0 0 0 0 0 0 0 0 0 0 0 0
I1103 15:38:50.473123 47626334368832 create_pretraining_data.py:161] masked_lm_positions: 3 4 5 21 0 0 0 0 0 0 0 0 0 0 0 0 0 0 0 0
INFO:tensorflow:masked_lm_ids: 28704 6115 1909 1912 0 0 0 0 0 0 0 0 0 0 0 0 0 0 0 0
I1103 15:38:50.473246 47626334368832 create_pretraining_data.py:161] masked_lm_ids: 28704 6115 1909 1912 0 0 0 0 0 0 0 0 0 0 0 0 0 0 0 0
INFO:tensorflow:masked_lm_weights: 1.0 1.0 1.0 1.0 0.0 0.0 0.0 0.0 0.0 0.0 0.0 0.0 0.0 0.0 0.0 0.0 0.0 0.0 0.0 0.0
I1103 15:38:50.473380 47626334368832 create_pretraining_data.py:161] masked_lm_weights: 1.0 1.0 1.0 1.0 0.0 0.0 0.0 0.0 0.0 0.0 0.0 0.0 0.0 0.0 0.0 0.0 0.0 0.0 0.0 0.0
INFO:tensorflow:next_sentence_labels: 1
I1103 15:38:50.473496 47626334368832 create_pretraining_data.py:161] next_sentence_labels: 1
INFO:tensorflow:*** Example ***
I1103 15:38:50.474068 47626334368832 create_pretraining_data.py:149] *** Example ***
INFO:tensorflow:tokens: [CLS] [MASK] [MASK] [MASK] [MASK] البحث الله يعا ##فيك ##م ايش المشكله شوفو الصوره [SEP] رسميا منع ترد ##يد نشيد الانديه في الملاعب السعوديه واص ##طف ##اف اللاعبين لاد ##ائها وذلك بامر من سمو ولي العهد محمد بن [MASK] حفظه [MASK] هام [SEP]
I1103 15:38:50.474232 47626334368832 create_pretraining_data.py:151] tokens: [CLS] [MASK] [MASK] [MASK] [MASK] البحث الله يعا ##فيك ##م ايش المشكله شوفو الصوره [SEP] رسميا منع ترد ##يد نشيد الانديه في الملاعب السعوديه واص ##طف ##اف اللاعبين لاد ##ائها وذلك بامر من سمو ولي العهد محمد بن [MASK] حفظه [MASK] هام [SEP]
INFO:tensorflow:input_ids: 2 4 4 4 4 3574 1953 29678 12305 1015 10688 10729 24386 7184 3 6629 6129 8006 1983 22969 11064 1912 13345 2721 4485 2297 1982 5982 11862 6532 3133 20354 1908 7833 2670 5286 2202 2040 4 9679 4 5935 3 0 0 0 0 0 0 0 0 0 0 0 0 0 0 0 0 0 0 0 0 0 0 0 0 0 0 0 0 0 0 0 0 0 0 0 0 0 0 0 0 0 0 0 0 0 0 0 0 0 0 0 0 0 0 0 0 0 0 0 0 0 0 0 0 0 0 0 0 0 0 0 0 0 0 0 0 0 0 0 0 0 0 0 0 0
I1103 15:38:50.474424 47626334368832 create_pretraining_data.py:161] input_ids: 2 4 4 4 4 3574 1953 29678 12305 1015 10688 10729 24386 7184 3 6629 6129 8006 1983 22969 11064 1912 13345 2721 4485 2297 1982 5982 11862 6532 3133 20354 1908 7833 2670 5286 2202 2040 4 9679 4 5935 3 0 0 0 0 0 0 0 0 0 0 0 0 0 0 0 0 0 0 0 0 0 0 0 0 0 0 0 0 0 0 0 0 0 0 0 0 0 0 0 0 0 0 0 0 0 0 0 0 0 0 0 0 0 0 0 0 0 0 0 0 0 0 0 0 0 0 0 0 0 0 0 0 0 0 0 0 0 0 0 0 0 0 0 0 0
INFO:tensorflow:input_mask: 1 1 1 1 1 1 1 1 1 1 1 1 1 1 1 1 1 1 1 1 1 1 1 1 1 1 1 1 1 1 1 1 1 1 1 1 1 1 1 1 1 1 1 0 0 0 0 0 0 0 0 0 0 0 0 0 0 0 0 0 0 0 0 0 0 0 0 0 0 0 0 0 0 0 0 0 0 0 0 0 0 0 0 0 0 0 0 0 0 0 0 0 0 0 0 0 0 0 0 0 0 0 0 0 0 0 0 0 0 0 0 0 0 0 0 0 0 0 0 0 0 0 0 0 0 0 0 0
I1103 15:38:50.474613 47626334368832 create_pretraining_data.py:161] input_mask: 1 1 1 1 1 1 1 1 1 1 1 1 1 1 1 1 1 1 1 1 1 1 1 1 1 1 1 1 1 1 1 1 1 1 1 1 1 1 1 1 1 1 1 0 0 0 0 0 0 0 0 0 0 0 0 0 0 0 0 0 0 0 0 0 0 0 0 0 0 0 0 0 0 0 0 0 0 0 0 0 0 0 0 0 0 0 0 0 0 0 0 0 0 0 0 0 0 0 0 0 0 0 0 0 0 0 0 0 0 0 0 0 0 0 0 0 0 0 0 0 0 0 0 0 0 0 0 0
INFO:tensorflow:segment_ids: 0 0 0 0 0 0 0 0 0 0 0 0 0 0 0 1 1 1 1 1 1 1 1 1 1 1 1 1 1 1 1 1 1 1 1 1 1 1 1 1 1 1 1 0 0 0 0 0 0 0 0 0 0 0 0 0 0 0 0 0 0 0 0 0 0 0 0 0 0 0 0 0 0 0 0 0 0 0 0 0 0 0 0 0 0 0 0 0 0 0 0 0 0 0 0 0 0 0 0 0 0 0 0 0 0 0 0 0 0 0 0 0 0 0 0 0 0 0 0 0 0 0 0 0 0 0 0 0
I1103 15:38:50.474778 47626334368832 create_pretraining_data.py:161] segment_ids: 0 0 0 0 0 0 0 0 0 0 0 0 0 0 0 1 1 1 1 1 1 1 1 1 1 1 1 1 1 1 1 1 1 1 1 1 1 1 1 1 1 1 1 0 0 0 0 0 0 0 0 0 0 0 0 0 0 0 0 0 0 0 0 0 0 0 0 0 0 0 0 0 0 0 0 0 0 0 0 0 0 0 0 0 0 0 0 0 0 0 0 0 0 0 0 0 0 0 0 0 0 0 0 0 0 0 0 0 0 0 0 0 0 0 0 0 0 0 0 0 0 0 0 0 0 0 0 0
INFO:tensorflow:masked_lm_positions: 1 2 3 4 38 40 0 0 0 0 0 0 0 0 0 0 0 0 0 0
I1103 15:38:50.474904 47626334368832 create_pretraining_data.py:161] masked_lm_positions: 1 2 3 4 38 40 0 0 0 0 0 0 0 0 0 0 0 0 0 0
INFO:tensorflow:masked_lm_ids: 23565 2148 3907 2032 8125 1953 0 0 0 0 0 0 0 0 0 0 0 0 0 0
I1103 15:38:50.475026 47626334368832 create_pretraining_data.py:161] masked_lm_ids: 23565 2148 3907 2032 8125 1953 0 0 0 0 0 0 0 0 0 0 0 0 0 0
INFO:tensorflow:masked_lm_weights: 1.0 1.0 1.0 1.0 1.0 1.0 0.0 0.0 0.0 0.0 0.0 0.0 0.0 0.0 0.0 0.0 0.0 0.0 0.0 0.0
I1103 15:38:50.475152 47626334368832 create_pretraining_data.py:161] masked_lm_weights: 1.0 1.0 1.0 1.0 1.0 1.0 0.0 0.0 0.0 0.0 0.0 0.0 0.0 0.0 0.0 0.0 0.0 0.0 0.0 0.0
INFO:tensorflow:next_sentence_labels: 1
I1103 15:38:50.475266 47626334368832 create_pretraining_data.py:161] next_sentence_labels: 1
INFO:tensorflow:*** Example ***
I1103 15:38:50.475872 47626334368832 create_pretraining_data.py:149] *** Example ***
INFO:tensorflow:tokens: [CLS] الوضع [MASK] [MASK] ههه حلو شنو اللي حلو شنو اللي شنو [SEP] معاذ بيك ##مل المليون ##ين مشا ##ااه ##ده شيله يار ##اعي الكي ##ف اداء [MASK] الجماز معاذ الجماز زد [MASK] [MASK] [SEP]
I1103 15:38:50.476035 47626334368832 create_pretraining_data.py:151] tokens: [CLS] الوضع [MASK] [MASK] ههه حلو شنو اللي حلو شنو اللي شنو [SEP] معاذ بيك ##مل المليون ##ين مشا ##ااه ##ده شيله يار ##اعي الكي ##ف اداء [MASK] الجماز معاذ الجماز زد [MASK] [MASK] [SEP]
INFO:tensorflow:input_ids: 2 5001 4 4 3495 3740 12451 2115 3740 12451 2115 12451 3 9943 10054 2182 8357 1911 15442 29451 2124 15049 6502 5313 9504 1037 9294 4 25399 9943 25399 3477 4 4 3 0 0 0 0 0 0 0 0 0 0 0 0 0 0 0 0 0 0 0 0 0 0 0 0 0 0 0 0 0 0 0 0 0 0 0 0 0 0 0 0 0 0 0 0 0 0 0 0 0 0 0 0 0 0 0 0 0 0 0 0 0 0 0 0 0 0 0 0 0 0 0 0 0 0 0 0 0 0 0 0 0 0 0 0 0 0 0 0 0 0 0 0 0
I1103 15:38:50.476227 47626334368832 create_pretraining_data.py:161] input_ids: 2 5001 4 4 3495 3740 12451 2115 3740 12451 2115 12451 3 9943 10054 2182 8357 1911 15442 29451 2124 15049 6502 5313 9504 1037 9294 4 25399 9943 25399 3477 4 4 3 0 0 0 0 0 0 0 0 0 0 0 0 0 0 0 0 0 0 0 0 0 0 0 0 0 0 0 0 0 0 0 0 0 0 0 0 0 0 0 0 0 0 0 0 0 0 0 0 0 0 0 0 0 0 0 0 0 0 0 0 0 0 0 0 0 0 0 0 0 0 0 0 0 0 0 0 0 0 0 0 0 0 0 0 0 0 0 0 0 0 0 0 0
INFO:tensorflow:input_mask: 1 1 1 1 1 1 1 1 1 1 1 1 1 1 1 1 1 1 1 1 1 1 1 1 1 1 1 1 1 1 1 1 1 1 1 0 0 0 0 0 0 0 0 0 0 0 0 0 0 0 0 0 0 0 0 0 0 0 0 0 0 0 0 0 0 0 0 0 0 0 0 0 0 0 0 0 0 0 0 0 0 0 0 0 0 0 0 0 0 0 0 0 0 0 0 0 0 0 0 0 0 0 0 0 0 0 0 0 0 0 0 0 0 0 0 0 0 0 0 0 0 0 0 0 0 0 0 0
I1103 15:38:50.476401 47626334368832 create_pretraining_data.py:161] input_mask: 1 1 1 1 1 1 1 1 1 1 1 1 1 1 1 1 1 1 1 1 1 1 1 1 1 1 1 1 1 1 1 1 1 1 1 0 0 0 0 0 0 0 0 0 0 0 0 0 0 0 0 0 0 0 0 0 0 0 0 0 0 0 0 0 0 0 0 0 0 0 0 0 0 0 0 0 0 0 0 0 0 0 0 0 0 0 0 0 0 0 0 0 0 0 0 0 0 0 0 0 0 0 0 0 0 0 0 0 0 0 0 0 0 0 0 0 0 0 0 0 0 0 0 0 0 0 0 0
INFO:tensorflow:segment_ids: 0 0 0 0 0 0 0 0 0 0 0 0 0 1 1 1 1 1 1 1 1 1 1 1 1 1 1 1 1 1 1 1 1 1 1 0 0 0 0 0 0 0 0 0 0 0 0 0 0 0 0 0 0 0 0 0 0 0 0 0 0 0 0 0 0 0 0 0 0 0 0 0 0 0 0 0 0 0 0 0 0 0 0 0 0 0 0 0 0 0 0 0 0 0 0 0 0 0 0 0 0 0 0 0 0 0 0 0 0 0 0 0 0 0 0 0 0 0 0 0 0 0 0 0 0 0 0 0
I1103 15:38:50.476607 47626334368832 create_pretraining_data.py:161] segment_ids: 0 0 0 0 0 0 0 0 0 0 0 0 0 1 1 1 1 1 1 1 1 1 1 1 1 1 1 1 1 1 1 1 1 1 1 0 0 0 0 0 0 0 0 0 0 0 0 0 0 0 0 0 0 0 0 0 0 0 0 0 0 0 0 0 0 0 0 0 0 0 0 0 0 0 0 0 0 0 0 0 0 0 0 0 0 0 0 0 0 0 0 0 0 0 0 0 0 0 0 0 0 0 0 0 0 0 0 0 0 0 0 0 0 0 0 0 0 0 0 0 0 0 0 0 0 0 0 0
INFO:tensorflow:masked_lm_positions: 2 3 27 32 33 0 0 0 0 0 0 0 0 0 0 0 0 0 0 0
I1103 15:38:50.476735 47626334368832 create_pretraining_data.py:161] masked_lm_positions: 2 3 27 32 33 0 0 0 0 0 0 0 0 0 0 0 0 0 0 0
INFO:tensorflow:masked_lm_ids: 2357 4747 9943 3602 7944 0 0 0 0 0 0 0 0 0 0 0 0 0 0 0
I1103 15:38:50.476858 47626334368832 create_pretraining_data.py:161] masked_lm_ids: 2357 4747 9943 3602 7944 0 0 0 0 0 0 0 0 0 0 0 0 0 0 0
INFO:tensorflow:masked_lm_weights: 1.0 1.0 1.0 1.0 1.0 0.0 0.0 0.0 0.0 0.0 0.0 0.0 0.0 0.0 0.0 0.0 0.0 0.0 0.0 0.0
I1103 15:38:50.476986 47626334368832 create_pretraining_data.py:161] masked_lm_weights: 1.0 1.0 1.0 1.0 1.0 0.0 0.0 0.0 0.0 0.0 0.0 0.0 0.0 0.0 0.0 0.0 0.0 0.0 0.0 0.0
INFO:tensorflow:next_sentence_labels: 1
I1103 15:38:50.477100 47626334368832 create_pretraining_data.py:161] next_sentence_labels: 1
INFO:tensorflow:*** Example ***
I1103 15:38:50.477733 47626334368832 create_pretraining_data.py:149] *** Example ***
INFO:tensorflow:tokens: [CLS] عزاء توفي اليوم عط ##يه مخ ##ضر ا ##ل مقبل الي ##زيد ##ي اللهم [MASK] له وارحمه [MASK] [MASK] واسكنه الفردوس الاعلي أيام الجنه ادعوا له ##تر استطعت ##م [SEP] الوح ##داوي ##ه شو رايكم تس ##سون كيك ##ه للنه ##ائي وتك ##تب ##ون عليها جمع ##نا النهائي ولن تفرق ##نا كوره او ##ه نسيت انتوا الويف [MASK] مات ##دف ##عون خلو ##ها [MASK] عبود [MASK] احسن [SEP]
I1103 15:38:50.477915 47626334368832 create_pretraining_data.py:151] tokens: [CLS] عزاء توفي اليوم عط ##يه مخ ##ضر ا ##ل مقبل الي ##زيد ##ي اللهم [MASK] له وارحمه [MASK] [MASK] واسكنه الفردوس الاعلي أيام الجنه ادعوا له ##تر استطعت ##م [SEP] الوح ##داوي ##ه شو رايكم تس ##سون كيك ##ه للنه ##ائي وتك ##تب ##ون عليها جمع ##نا النهائي ولن تفرق ##نا كوره او ##ه نسيت انتوا الويف [MASK] مات ##دف ##عون خلو ##ها [MASK] عبود [MASK] احسن [SEP]
INFO:tensorflow:input_ids: 2 16415 6823 2217 4384 1988 2523 2511 387 1010 26586 2002 2799 1013 2168 4 2154 26988 4 4 27579 11640 12053 4354 3515 19523 2154 2582 17997 1015 3 4086 13999 1028 5885 18144 2304 4912 15219 1028 29306 3017 9916 8254 1922 2717 3341 1914 7594 4763 17664 1914 20148 2213 1028 10195 19542 23135 4 3019 3150 4406 10601 1913 4 27286 4 4994 3 0 0 0 0 0 0 0 0 0 0 0 0 0 0 0 0 0 0 0 0 0 0 0 0 0 0 0 0 0 0 0 0 0 0 0 0 0 0 0 0 0 0 0 0 0 0 0 0 0 0 0 0 0 0 0 0 0 0 0
I1103 15:38:50.478114 47626334368832 create_pretraining_data.py:161] input_ids: 2 16415 6823 2217 4384 1988 2523 2511 387 1010 26586 2002 2799 1013 2168 4 2154 26988 4 4 27579 11640 12053 4354 3515 19523 2154 2582 17997 1015 3 4086 13999 1028 5885 18144 2304 4912 15219 1028 29306 3017 9916 8254 1922 2717 3341 1914 7594 4763 17664 1914 20148 2213 1028 10195 19542 23135 4 3019 3150 4406 10601 1913 4 27286 4 4994 3 0 0 0 0 0 0 0 0 0 0 0 0 0 0 0 0 0 0 0 0 0 0 0 0 0 0 0 0 0 0 0 0 0 0 0 0 0 0 0 0 0 0 0 0 0 0 0 0 0 0 0 0 0 0 0 0 0 0 0
INFO:tensorflow:input_mask: 1 1 1 1 1 1 1 1 1 1 1 1 1 1 1 1 1 1 1 1 1 1 1 1 1 1 1 1 1 1 1 1 1 1 1 1 1 1 1 1 1 1 1 1 1 1 1 1 1 1 1 1 1 1 1 1 1 1 1 1 1 1 1 1 1 1 1 1 1 0 0 0 0 0 0 0 0 0 0 0 0 0 0 0 0 0 0 0 0 0 0 0 0 0 0 0 0 0 0 0 0 0 0 0 0 0 0 0 0 0 0 0 0 0 0 0 0 0 0 0 0 0 0 0 0 0 0 0
I1103 15:38:50.478323 47626334368832 create_pretraining_data.py:161] input_mask: 1 1 1 1 1 1 1 1 1 1 1 1 1 1 1 1 1 1 1 1 1 1 1 1 1 1 1 1 1 1 1 1 1 1 1 1 1 1 1 1 1 1 1 1 1 1 1 1 1 1 1 1 1 1 1 1 1 1 1 1 1 1 1 1 1 1 1 1 1 0 0 0 0 0 0 0 0 0 0 0 0 0 0 0 0 0 0 0 0 0 0 0 0 0 0 0 0 0 0 0 0 0 0 0 0 0 0 0 0 0 0 0 0 0 0 0 0 0 0 0 0 0 0 0 0 0 0 0
INFO:tensorflow:segment_ids: 0 0 0 0 0 0 0 0 0 0 0 0 0 0 0 0 0 0 0 0 0 0 0 0 0 0 0 0 0 0 0 1 1 1 1 1 1 1 1 1 1 1 1 1 1 1 1 1 1 1 1 1 1 1 1 1 1 1 1 1 1 1 1 1 1 1 1 1 1 0 0 0 0 0 0 0 0 0 0 0 0 0 0 0 0 0 0 0 0 0 0 0 0 0 0 0 0 0 0 0 0 0 0 0 0 0 0 0 0 0 0 0 0 0 0 0 0 0 0 0 0 0 0 0 0 0 0 0
I1103 15:38:50.478491 47626334368832 create_pretraining_data.py:161] segment_ids: 0 0 0 0 0 0 0 0 0 0 0 0 0 0 0 0 0 0 0 0 0 0 0 0 0 0 0 0 0 0 0 1 1 1 1 1 1 1 1 1 1 1 1 1 1 1 1 1 1 1 1 1 1 1 1 1 1 1 1 1 1 1 1 1 1 1 1 1 1 0 0 0 0 0 0 0 0 0 0 0 0 0 0 0 0 0 0 0 0 0 0 0 0 0 0 0 0 0 0 0 0 0 0 0 0 0 0 0 0 0 0 0 0 0 0 0 0 0 0 0 0 0 0 0 0 0 0 0
INFO:tensorflow:masked_lm_positions: 15 18 19 23 27 57 58 64 65 66 0 0 0 0 0 0 0 0 0 0
I1103 15:38:50.478617 47626334368832 create_pretraining_data.py:161] masked_lm_positions: 15 18 19 23 27 57 58 64 65 66 0 0 0 0 0 0 0 0 0 0
INFO:tensorflow:masked_lm_ids: 5124 21225 1028 1908 1939 4028 1949 2383 8280 1028 0 0 0 0 0 0 0 0 0 0
I1103 15:38:50.478740 47626334368832 create_pretraining_data.py:161] masked_lm_ids: 5124 21225 1028 1908 1939 4028 1949 2383 8280 1028 0 0 0 0 0 0 0 0 0 0
INFO:tensorflow:masked_lm_weights: 1.0 1.0 1.0 1.0 1.0 1.0 1.0 1.0 1.0 1.0 0.0 0.0 0.0 0.0 0.0 0.0 0.0 0.0 0.0 0.0
I1103 15:38:50.478868 47626334368832 create_pretraining_data.py:161] masked_lm_weights: 1.0 1.0 1.0 1.0 1.0 1.0 1.0 1.0 1.0 1.0 0.0 0.0 0.0 0.0 0.0 0.0 0.0 0.0 0.0 0.0
INFO:tensorflow:next_sentence_labels: 1
I1103 15:38:50.478982 47626334368832 create_pretraining_data.py:161] next_sentence_labels: 1
INFO:tensorflow:*** Example ***
I1103 15:38:50.479607 47626334368832 create_pretraining_data.py:149] *** Example ***
INFO:tensorflow:tokens: [CLS] [MASK] [MASK] قال تعالي فا ##ثا ##به ##م الله بما قالوا وقال سبحانه ولع ##نوا بما قالوا [MASK] هي نتيجه لكل ##مات قيل ##ت فانت ##به لما تقول [SEP] هل ##طنة [MASK] ان تكلف ##ه كل هذا [MASK] [MASK] يكون بان ##شاء جسر يصل لها فقط وهل تعلم انه ممكن بهذا [MASK] ان تكون مصدر دخل وتع ##وض قيمه [MASK] وبع ##وائد [SEP]
I1103 15:38:50.479787 47626334368832 create_pretraining_data.py:151] tokens: [CLS] [MASK] [MASK] قال تعالي فا ##ثا ##به ##م الله بما قالوا وقال سبحانه ولع ##نوا بما قالوا [MASK] هي نتيجه لكل ##مات قيل ##ت فانت ##به لما تقول [SEP] هل ##طنة [MASK] ان تكلف ##ه كل هذا [MASK] [MASK] يكون بان ##شاء جسر يصل لها فقط وهل تعلم انه ممكن بهذا [MASK] ان تكون مصدر دخل وتع ##وض قيمه [MASK] وبع ##وائد [SEP]
INFO:tensorflow:input_ids: 2 4 4 2136 5175 3031 9778 2204 1015 1953 2908 5774 2484 6243 7139 15505 2908 5774 4 2247 12318 3164 2394 5929 1005 6581 2204 2518 4018 3 2827 14848 4 1939 13919 1028 2038 2085 4 4 2461 2768 3324 12690 4604 2553 2574 7701 3698 2615 4050 4423 4 1939 2652 5019 4896 3527 2175 8890 4 27197 6106 3 0 0 0 0 0 0 0 0 0 0 0 0 0 0 0 0 0 0 0 0 0 0 0 0 0 0 0 0 0 0 0 0 0 0 0 0 0 0 0 0 0 0 0 0 0 0 0 0 0 0 0 0 0 0 0 0 0 0 0 0 0 0 0 0
I1103 15:38:50.479982 47626334368832 create_pretraining_data.py:161] input_ids: 2 4 4 2136 5175 3031 9778 2204 1015 1953 2908 5774 2484 6243 7139 15505 2908 5774 4 2247 12318 3164 2394 5929 1005 6581 2204 2518 4018 3 2827 14848 4 1939 13919 1028 2038 2085 4 4 2461 2768 3324 12690 4604 2553 2574 7701 3698 2615 4050 4423 4 1939 2652 5019 4896 3527 2175 8890 4 27197 6106 3 0 0 0 0 0 0 0 0 0 0 0 0 0 0 0 0 0 0 0 0 0 0 0 0 0 0 0 0 0 0 0 0 0 0 0 0 0 0 0 0 0 0 0 0 0 0 0 0 0 0 0 0 0 0 0 0 0 0 0 0 0 0 0 0
INFO:tensorflow:input_mask: 1 1 1 1 1 1 1 1 1 1 1 1 1 1 1 1 1 1 1 1 1 1 1 1 1 1 1 1 1 1 1 1 1 1 1 1 1 1 1 1 1 1 1 1 1 1 1 1 1 1 1 1 1 1 1 1 1 1 1 1 1 1 1 1 0 0 0 0 0 0 0 0 0 0 0 0 0 0 0 0 0 0 0 0 0 0 0 0 0 0 0 0 0 0 0 0 0 0 0 0 0 0 0 0 0 0 0 0 0 0 0 0 0 0 0 0 0 0 0 0 0 0 0 0 0 0 0 0
I1103 15:38:50.480179 47626334368832 create_pretraining_data.py:161] input_mask: 1 1 1 1 1 1 1 1 1 1 1 1 1 1 1 1 1 1 1 1 1 1 1 1 1 1 1 1 1 1 1 1 1 1 1 1 1 1 1 1 1 1 1 1 1 1 1 1 1 1 1 1 1 1 1 1 1 1 1 1 1 1 1 1 0 0 0 0 0 0 0 0 0 0 0 0 0 0 0 0 0 0 0 0 0 0 0 0 0 0 0 0 0 0 0 0 0 0 0 0 0 0 0 0 0 0 0 0 0 0 0 0 0 0 0 0 0 0 0 0 0 0 0 0 0 0 0 0
INFO:tensorflow:segment_ids: 0 0 0 0 0 0 0 0 0 0 0 0 0 0 0 0 0 0 0 0 0 0 0 0 0 0 0 0 0 0 1 1 1 1 1 1 1 1 1 1 1 1 1 1 1 1 1 1 1 1 1 1 1 1 1 1 1 1 1 1 1 1 1 1 0 0 0 0 0 0 0 0 0 0 0 0 0 0 0 0 0 0 0 0 0 0 0 0 0 0 0 0 0 0 0 0 0 0 0 0 0 0 0 0 0 0 0 0 0 0 0 0 0 0 0 0 0 0 0 0 0 0 0 0 0 0 0 0
I1103 15:38:50.480353 47626334368832 create_pretraining_data.py:161] segment_ids: 0 0 0 0 0 0 0 0 0 0 0 0 0 0 0 0 0 0 0 0 0 0 0 0 0 0 0 0 0 0 1 1 1 1 1 1 1 1 1 1 1 1 1 1 1 1 1 1 1 1 1 1 1 1 1 1 1 1 1 1 1 1 1 1 0 0 0 0 0 0 0 0 0 0 0 0 0 0 0 0 0 0 0 0 0 0 0 0 0 0 0 0 0 0 0 0 0 0 0 0 0 0 0 0 0 0 0 0 0 0 0 0 0 0 0 0 0 0 0 0 0 0 0 0 0 0 0 0
INFO:tensorflow:masked_lm_positions: 1 2 18 31 32 38 39 50 52 60 0 0 0 0 0 0 0 0 0 0
I1103 15:38:50.480482 47626334368832 create_pretraining_data.py:161] masked_lm_positions: 1 2 18 31 32 38 39 50 52 60 0 0 0 0 0 0 0 0 0 0
INFO:tensorflow:masked_lm_ids: 17949 17949 2574 3698 4530 2490 1939 4050 2574 24309 0 0 0 0 0 0 0 0 0 0
I1103 15:38:50.480604 47626334368832 create_pretraining_data.py:161] masked_lm_ids: 17949 17949 2574 3698 4530 2490 1939 4050 2574 24309 0 0 0 0 0 0 0 0 0 0
INFO:tensorflow:masked_lm_weights: 1.0 1.0 1.0 1.0 1.0 1.0 1.0 1.0 1.0 1.0 0.0 0.0 0.0 0.0 0.0 0.0 0.0 0.0 0.0 0.0
I1103 15:38:50.480734 47626334368832 create_pretraining_data.py:161] masked_lm_weights: 1.0 1.0 1.0 1.0 1.0 1.0 1.0 1.0 1.0 1.0 0.0 0.0 0.0 0.0 0.0 0.0 0.0 0.0 0.0 0.0
INFO:tensorflow:next_sentence_labels: 1
I1103 15:38:50.480849 47626334368832 create_pretraining_data.py:161] next_sentence_labels: 1
INFO:tensorflow:*** Example ***
I1103 15:38:50.481482 47626334368832 create_pretraining_data.py:149] *** Example ***
INFO:tensorflow:tokens: [CLS] من يوافق ##ني [MASK] [SEP] الرياض عاصمه القرار [MASK] 24 ##سا ##عه تستقبل رؤساء قر ##قي ##زس ##تان [MASK] [MASK] [MASK] رئيس وزراء باكستان ووف ##د برلمان اور ##وبي ووزير ##ا خارجيه فرنسا وامر ##يك ##ا [SEP]
I1103 15:38:50.481653 47626334368832 create_pretraining_data.py:151] tokens: [CLS] من يوافق ##ني [MASK] [SEP] الرياض عاصمه القرار [MASK] 24 ##سا ##عه تستقبل رؤساء قر ##قي ##زس ##تان [MASK] [MASK] [MASK] رئيس وزراء باكستان ووف ##د برلمان اور ##وبي ووزير ##ا خارجيه فرنسا وامر ##يك ##ا [SEP]
INFO:tensorflow:input_ids: 2 1908 15362 1974 4 3 2392 29933 4993 4 3789 2064 2226 19557 11669 2496 2004 25665 7383 4 4 4 2426 8426 9974 11170 1016 21955 10174 3015 15193 1007 21053 5336 24122 2434 1007 3 0 0 0 0 0 0 0 0 0 0 0 0 0 0 0 0 0 0 0 0 0 0 0 0 0 0 0 0 0 0 0 0 0 0 0 0 0 0 0 0 0 0 0 0 0 0 0 0 0 0 0 0 0 0 0 0 0 0 0 0 0 0 0 0 0 0 0 0 0 0 0 0 0 0 0 0 0 0 0 0 0 0 0 0 0 0 0 0 0 0
I1103 15:38:50.481840 47626334368832 create_pretraining_data.py:161] input_ids: 2 1908 15362 1974 4 3 2392 29933 4993 4 3789 2064 2226 19557 11669 2496 2004 25665 7383 4 4 4 2426 8426 9974 11170 1016 21955 10174 3015 15193 1007 21053 5336 24122 2434 1007 3 0 0 0 0 0 0 0 0 0 0 0 0 0 0 0 0 0 0 0 0 0 0 0 0 0 0 0 0 0 0 0 0 0 0 0 0 0 0 0 0 0 0 0 0 0 0 0 0 0 0 0 0 0 0 0 0 0 0 0 0 0 0 0 0 0 0 0 0 0 0 0 0 0 0 0 0 0 0 0 0 0 0 0 0 0 0 0 0 0 0
INFO:tensorflow:input_mask: 1 1 1 1 1 1 1 1 1 1 1 1 1 1 1 1 1 1 1 1 1 1 1 1 1 1 1 1 1 1 1 1 1 1 1 1 1 1 0 0 0 0 0 0 0 0 0 0 0 0 0 0 0 0 0 0 0 0 0 0 0 0 0 0 0 0 0 0 0 0 0 0 0 0 0 0 0 0 0 0 0 0 0 0 0 0 0 0 0 0 0 0 0 0 0 0 0 0 0 0 0 0 0 0 0 0 0 0 0 0 0 0 0 0 0 0 0 0 0 0 0 0 0 0 0 0 0 0
I1103 15:38:50.482008 47626334368832 create_pretraining_data.py:161] input_mask: 1 1 1 1 1 1 1 1 1 1 1 1 1 1 1 1 1 1 1 1 1 1 1 1 1 1 1 1 1 1 1 1 1 1 1 1 1 1 0 0 0 0 0 0 0 0 0 0 0 0 0 0 0 0 0 0 0 0 0 0 0 0 0 0 0 0 0 0 0 0 0 0 0 0 0 0 0 0 0 0 0 0 0 0 0 0 0 0 0 0 0 0 0 0 0 0 0 0 0 0 0 0 0 0 0 0 0 0 0 0 0 0 0 0 0 0 0 0 0 0 0 0 0 0 0 0 0 0
INFO:tensorflow:segment_ids: 0 0 0 0 0 0 1 1 1 1 1 1 1 1 1 1 1 1 1 1 1 1 1 1 1 1 1 1 1 1 1 1 1 1 1 1 1 1 0 0 0 0 0 0 0 0 0 0 0 0 0 0 0 0 0 0 0 0 0 0 0 0 0 0 0 0 0 0 0 0 0 0 0 0 0 0 0 0 0 0 0 0 0 0 0 0 0 0 0 0 0 0 0 0 0 0 0 0 0 0 0 0 0 0 0 0 0 0 0 0 0 0 0 0 0 0 0 0 0 0 0 0 0 0 0 0 0 0
I1103 15:38:50.482206 47626334368832 create_pretraining_data.py:161] segment_ids: 0 0 0 0 0 0 1 1 1 1 1 1 1 1 1 1 1 1 1 1 1 1 1 1 1 1 1 1 1 1 1 1 1 1 1 1 1 1 0 0 0 0 0 0 0 0 0 0 0 0 0 0 0 0 0 0 0 0 0 0 0 0 0 0 0 0 0 0 0 0 0 0 0 0 0 0 0 0 0 0 0 0 0 0 0 0 0 0 0 0 0 0 0 0 0 0 0 0 0 0 0 0 0 0 0 0 0 0 0 0 0 0 0 0 0 0 0 0 0 0 0 0 0 0 0 0 0 0
INFO:tensorflow:masked_lm_positions: 4 9 14 19 20 21 0 0 0 0 0 0 0 0 0 0 0 0 0 0
I1103 15:38:50.482340 47626334368832 create_pretraining_data.py:161] masked_lm_positions: 4 9 14 19 20 21 0 0 0 0 0 0 0 0 0 0 0 0 0 0
INFO:tensorflow:masked_lm_ids: 14168 1912 11669 11699 8942 21163 0 0 0 0 0 0 0 0 0 0 0 0 0 0
I1103 15:38:50.482463 47626334368832 create_pretraining_data.py:161] masked_lm_ids: 14168 1912 11669 11699 8942 21163 0 0 0 0 0 0 0 0 0 0 0 0 0 0
INFO:tensorflow:masked_lm_weights: 1.0 1.0 1.0 1.0 1.0 1.0 0.0 0.0 0.0 0.0 0.0 0.0 0.0 0.0 0.0 0.0 0.0 0.0 0.0 0.0
I1103 15:38:50.482592 47626334368832 create_pretraining_data.py:161] masked_lm_weights: 1.0 1.0 1.0 1.0 1.0 1.0 0.0 0.0 0.0 0.0 0.0 0.0 0.0 0.0 0.0 0.0 0.0 0.0 0.0 0.0
INFO:tensorflow:next_sentence_labels: 1
I1103 15:38:50.482706 47626334368832 create_pretraining_data.py:161] next_sentence_labels: 1
INFO:tensorflow:*** Example ***
I1103 15:38:50.483317 47626334368832 create_pretraining_data.py:149] *** Example ***
INFO:tensorflow:tokens: [CLS] تتابع ##ون الليله في الرا ##صد الاسهم السعوديه [MASK] جزءا من خسائر [MASK] [MASK] [MASK] [MASK] لعم ##اله تضرب ابل ##ا في مكه يست ##فز المواطنين [SEP] مسكين يا احمد عيد كل شي في راسك والمش ##كل ##ه كل الاعلامي ##ين يعرفون الخلل فين بس ##̡ [MASK] يتكلم ##ون السعوديه اليابان [SEP]
I1103 15:38:50.483485 47626334368832 create_pretraining_data.py:151] tokens: [CLS] تتابع ##ون الليله في الرا ##صد الاسهم السعوديه [MASK] جزءا من خسائر [MASK] [MASK] [MASK] [MASK] لعم ##اله تضرب ابل ##ا في مكه يست ##فز المواطنين [SEP] مسكين يا احمد عيد كل شي في راسك والمش ##كل ##ه كل الاعلامي ##ين يعرفون الخلل فين بس ##̡ [MASK] يتكلم ##ون السعوديه اليابان [SEP]
INFO:tensorflow:input_ids: 2 17991 1922 7093 1912 2446 2588 15998 2721 4 10131 1908 12635 4 4 4 4 5665 2556 19942 21331 1007 1912 6617 2414 8367 5335 3 17977 2104 3625 4776 2038 2228 1912 14882 6003 2098 1028 2038 9006 1911 12752 21730 6469 2357 1802 4 9127 1922 2721 7848 3 0 0 0 0 0 0 0 0 0 0 0 0 0 0 0 0 0 0 0 0 0 0 0 0 0 0 0 0 0 0 0 0 0 0 0 0 0 0 0 0 0 0 0 0 0 0 0 0 0 0 0 0 0 0 0 0 0 0 0 0 0 0 0 0 0 0 0 0 0 0 0 0 0 0 0
I1103 15:38:50.483674 47626334368832 create_pretraining_data.py:161] input_ids: 2 17991 1922 7093 1912 2446 2588 15998 2721 4 10131 1908 12635 4 4 4 4 5665 2556 19942 21331 1007 1912 6617 2414 8367 5335 3 17977 2104 3625 4776 2038 2228 1912 14882 6003 2098 1028 2038 9006 1911 12752 21730 6469 2357 1802 4 9127 1922 2721 7848 3 0 0 0 0 0 0 0 0 0 0 0 0 0 0 0 0 0 0 0 0 0 0 0 0 0 0 0 0 0 0 0 0 0 0 0 0 0 0 0 0 0 0 0 0 0 0 0 0 0 0 0 0 0 0 0 0 0 0 0 0 0 0 0 0 0 0 0 0 0 0 0 0 0 0 0
INFO:tensorflow:input_mask: 1 1 1 1 1 1 1 1 1 1 1 1 1 1 1 1 1 1 1 1 1 1 1 1 1 1 1 1 1 1 1 1 1 1 1 1 1 1 1 1 1 1 1 1 1 1 1 1 1 1 1 1 1 0 0 0 0 0 0 0 0 0 0 0 0 0 0 0 0 0 0 0 0 0 0 0 0 0 0 0 0 0 0 0 0 0 0 0 0 0 0 0 0 0 0 0 0 0 0 0 0 0 0 0 0 0 0 0 0 0 0 0 0 0 0 0 0 0 0 0 0 0 0 0 0 0 0 0
I1103 15:38:50.483866 47626334368832 create_pretraining_data.py:161] input_mask: 1 1 1 1 1 1 1 1 1 1 1 1 1 1 1 1 1 1 1 1 1 1 1 1 1 1 1 1 1 1 1 1 1 1 1 1 1 1 1 1 1 1 1 1 1 1 1 1 1 1 1 1 1 0 0 0 0 0 0 0 0 0 0 0 0 0 0 0 0 0 0 0 0 0 0 0 0 0 0 0 0 0 0 0 0 0 0 0 0 0 0 0 0 0 0 0 0 0 0 0 0 0 0 0 0 0 0 0 0 0 0 0 0 0 0 0 0 0 0 0 0 0 0 0 0 0 0 0
INFO:tensorflow:segment_ids: 0 0 0 0 0 0 0 0 0 0 0 0 0 0 0 0 0 0 0 0 0 0 0 0 0 0 0 0 1 1 1 1 1 1 1 1 1 1 1 1 1 1 1 1 1 1 1 1 1 1 1 1 1 0 0 0 0 0 0 0 0 0 0 0 0 0 0 0 0 0 0 0 0 0 0 0 0 0 0 0 0 0 0 0 0 0 0 0 0 0 0 0 0 0 0 0 0 0 0 0 0 0 0 0 0 0 0 0 0 0 0 0 0 0 0 0 0 0 0 0 0 0 0 0 0 0 0 0
I1103 15:38:50.484033 47626334368832 create_pretraining_data.py:161] segment_ids: 0 0 0 0 0 0 0 0 0 0 0 0 0 0 0 0 0 0 0 0 0 0 0 0 0 0 0 0 1 1 1 1 1 1 1 1 1 1 1 1 1 1 1 1 1 1 1 1 1 1 1 1 1 0 0 0 0 0 0 0 0 0 0 0 0 0 0 0 0 0 0 0 0 0 0 0 0 0 0 0 0 0 0 0 0 0 0 0 0 0 0 0 0 0 0 0 0 0 0 0 0 0 0 0 0 0 0 0 0 0 0 0 0 0 0 0 0 0 0 0 0 0 0 0 0 0 0 0
INFO:tensorflow:masked_lm_positions: 9 12 13 14 15 16 46 47 0 0 0 0 0 0 0 0 0 0 0 0
I1103 15:38:50.484165 47626334368832 create_pretraining_data.py:161] masked_lm_positions: 9 12 13 14 15 16 46 47 0 0 0 0 0 0 0 0 0 0 0 0
INFO:tensorflow:masked_lm_ids: 28601 12635 1913 6100 1988 3507 13908 1922 0 0 0 0 0 0 0 0 0 0 0 0
I1103 15:38:50.484293 47626334368832 create_pretraining_data.py:161] masked_lm_ids: 28601 12635 1913 6100 1988 3507 13908 1922 0 0 0 0 0 0 0 0 0 0 0 0
INFO:tensorflow:masked_lm_weights: 1.0 1.0 1.0 1.0 1.0 1.0 1.0 1.0 0.0 0.0 0.0 0.0 0.0 0.0 0.0 0.0 0.0 0.0 0.0 0.0
I1103 15:38:50.484422 47626334368832 create_pretraining_data.py:161] masked_lm_weights: 1.0 1.0 1.0 1.0 1.0 1.0 1.0 1.0 0.0 0.0 0.0 0.0 0.0 0.0 0.0 0.0 0.0 0.0 0.0 0.0
INFO:tensorflow:next_sentence_labels: 1
I1103 15:38:50.484536 47626334368832 create_pretraining_data.py:161] next_sentence_labels: 1
INFO:tensorflow:*** Example ***
I1103 15:38:50.485102 47626334368832 create_pretraining_data.py:149] *** Example ***
INFO:tensorflow:tokens: [CLS] تخلي الحظ عنهم لمباراه واحده [MASK] [MASK] جميع تكت ##يك ##اتهم [SEP] الله يسعدك [SEP]
I1103 15:38:50.485257 47626334368832 create_pretraining_data.py:151] tokens: [CLS] تخلي الحظ عنهم لمباراه واحده [MASK] [MASK] جميع تكت ##يك ##اتهم [SEP] الله يسعدك [SEP]
INFO:tensorflow:input_ids: 2 11999 9131 5709 23114 5861 4 4 2561 7777 2434 5076 3 1953 13127 3 0 0 0 0 0 0 0 0 0 0 0 0 0 0 0 0 0 0 0 0 0 0 0 0 0 0 0 0 0 0 0 0 0 0 0 0 0 0 0 0 0 0 0 0 0 0 0 0 0 0 0 0 0 0 0 0 0 0 0 0 0 0 0 0 0 0 0 0 0 0 0 0 0 0 0 0 0 0 0 0 0 0 0 0 0 0 0 0 0 0 0 0 0 0 0 0 0 0 0 0 0 0 0 0 0 0 0 0 0 0 0 0
I1103 15:38:50.485447 47626334368832 create_pretraining_data.py:161] input_ids: 2 11999 9131 5709 23114 5861 4 4 2561 7777 2434 5076 3 1953 13127 3 0 0 0 0 0 0 0 0 0 0 0 0 0 0 0 0 0 0 0 0 0 0 0 0 0 0 0 0 0 0 0 0 0 0 0 0 0 0 0 0 0 0 0 0 0 0 0 0 0 0 0 0 0 0 0 0 0 0 0 0 0 0 0 0 0 0 0 0 0 0 0 0 0 0 0 0 0 0 0 0 0 0 0 0 0 0 0 0 0 0 0 0 0 0 0 0 0 0 0 0 0 0 0 0 0 0 0 0 0 0 0 0
INFO:tensorflow:input_mask: 1 1 1 1 1 1 1 1 1 1 1 1 1 1 1 1 0 0 0 0 0 0 0 0 0 0 0 0 0 0 0 0 0 0 0 0 0 0 0 0 0 0 0 0 0 0 0 0 0 0 0 0 0 0 0 0 0 0 0 0 0 0 0 0 0 0 0 0 0 0 0 0 0 0 0 0 0 0 0 0 0 0 0 0 0 0 0 0 0 0 0 0 0 0 0 0 0 0 0 0 0 0 0 0 0 0 0 0 0 0 0 0 0 0 0 0 0 0 0 0 0 0 0 0 0 0 0 0
I1103 15:38:50.485613 47626334368832 create_pretraining_data.py:161] input_mask: 1 1 1 1 1 1 1 1 1 1 1 1 1 1 1 1 0 0 0 0 0 0 0 0 0 0 0 0 0 0 0 0 0 0 0 0 0 0 0 0 0 0 0 0 0 0 0 0 0 0 0 0 0 0 0 0 0 0 0 0 0 0 0 0 0 0 0 0 0 0 0 0 0 0 0 0 0 0 0 0 0 0 0 0 0 0 0 0 0 0 0 0 0 0 0 0 0 0 0 0 0 0 0 0 0 0 0 0 0 0 0 0 0 0 0 0 0 0 0 0 0 0 0 0 0 0 0 0
INFO:tensorflow:segment_ids: 0 0 0 0 0 0 0 0 0 0 0 0 0 1 1 1 0 0 0 0 0 0 0 0 0 0 0 0 0 0 0 0 0 0 0 0 0 0 0 0 0 0 0 0 0 0 0 0 0 0 0 0 0 0 0 0 0 0 0 0 0 0 0 0 0 0 0 0 0 0 0 0 0 0 0 0 0 0 0 0 0 0 0 0 0 0 0 0 0 0 0 0 0 0 0 0 0 0 0 0 0 0 0 0 0 0 0 0 0 0 0 0 0 0 0 0 0 0 0 0 0 0 0 0 0 0 0 0
I1103 15:38:50.485774 47626334368832 create_pretraining_data.py:161] segment_ids: 0 0 0 0 0 0 0 0 0 0 0 0 0 1 1 1 0 0 0 0 0 0 0 0 0 0 0 0 0 0 0 0 0 0 0 0 0 0 0 0 0 0 0 0 0 0 0 0 0 0 0 0 0 0 0 0 0 0 0 0 0 0 0 0 0 0 0 0 0 0 0 0 0 0 0 0 0 0 0 0 0 0 0 0 0 0 0 0 0 0 0 0 0 0 0 0 0 0 0 0 0 0 0 0 0 0 0 0 0 0 0 0 0 0 0 0 0 0 0 0 0 0 0 0 0 0 0 0
INFO:tensorflow:masked_lm_positions: 6 7 0 0 0 0 0 0 0 0 0 0 0 0 0 0 0 0 0 0
I1103 15:38:50.485929 47626334368832 create_pretraining_data.py:161] masked_lm_positions: 6 7 0 0 0 0 0 0 0 0 0 0 0 0 0 0 0 0 0 0
INFO:tensorflow:masked_lm_ids: 16535 1032 0 0 0 0 0 0 0 0 0 0 0 0 0 0 0 0 0 0
I1103 15:38:50.486053 47626334368832 create_pretraining_data.py:161] masked_lm_ids: 16535 1032 0 0 0 0 0 0 0 0 0 0 0 0 0 0 0 0 0 0
INFO:tensorflow:masked_lm_weights: 1.0 1.0 0.0 0.0 0.0 0.0 0.0 0.0 0.0 0.0 0.0 0.0 0.0 0.0 0.0 0.0 0.0 0.0 0.0 0.0
I1103 15:38:50.486180 47626334368832 create_pretraining_data.py:161] masked_lm_weights: 1.0 1.0 0.0 0.0 0.0 0.0 0.0 0.0 0.0 0.0 0.0 0.0 0.0 0.0 0.0 0.0 0.0 0.0 0.0 0.0
INFO:tensorflow:next_sentence_labels: 1
I1103 15:38:50.486307 47626334368832 create_pretraining_data.py:161] next_sentence_labels: 1
INFO:tensorflow:Wrote 9999830 total instances
I1103 16:39:37.741777 47626334368832 create_pretraining_data.py:166] Wrote 9999830 total instances
