Loading module 'all'
WARNING:tensorflow:From ../bert/create_pretraining_data.py:469: The name tf.app.run is deprecated. Please use tf.compat.v1.app.run instead.

WARNING:tensorflow:From ../bert/create_pretraining_data.py:437: The name tf.logging.set_verbosity is deprecated. Please use tf.compat.v1.logging.set_verbosity instead.

W1103 14:44:01.210751 47132119606336 module_wrapper.py:139] From ../bert/create_pretraining_data.py:437: The name tf.logging.set_verbosity is deprecated. Please use tf.compat.v1.logging.set_verbosity instead.

WARNING:tensorflow:From ../bert/create_pretraining_data.py:437: The name tf.logging.INFO is deprecated. Please use tf.compat.v1.logging.INFO instead.

W1103 14:44:01.211017 47132119606336 module_wrapper.py:139] From ../bert/create_pretraining_data.py:437: The name tf.logging.INFO is deprecated. Please use tf.compat.v1.logging.INFO instead.

WARNING:tensorflow:From /scratch/gi372/CAMeLBERT/bert/tokenization.py:125: The name tf.gfile.GFile is deprecated. Please use tf.io.gfile.GFile instead.

W1103 14:44:01.211276 47132119606336 module_wrapper.py:139] From /scratch/gi372/CAMeLBERT/bert/tokenization.py:125: The name tf.gfile.GFile is deprecated. Please use tf.io.gfile.GFile instead.

WARNING:tensorflow:From ../bert/create_pretraining_data.py:444: The name tf.gfile.Glob is deprecated. Please use tf.io.gfile.glob instead.

W1103 14:44:01.321340 47132119606336 module_wrapper.py:139] From ../bert/create_pretraining_data.py:444: The name tf.gfile.Glob is deprecated. Please use tf.io.gfile.glob instead.

WARNING:tensorflow:From ../bert/create_pretraining_data.py:446: The name tf.logging.info is deprecated. Please use tf.compat.v1.logging.info instead.

W1103 14:44:01.324322 47132119606336 module_wrapper.py:139] From ../bert/create_pretraining_data.py:446: The name tf.logging.info is deprecated. Please use tf.compat.v1.logging.info instead.

INFO:tensorflow:*** Reading from input files ***
I1103 14:44:01.324496 47132119606336 create_pretraining_data.py:446] *** Reading from input files ***
INFO:tensorflow:  ../corpora/shards/DA-ali2019-500m-tweet.bw.ar.lines.shard.352.normalized.sents
I1103 14:44:01.324620 47132119606336 create_pretraining_data.py:448]   ../corpora/shards/DA-ali2019-500m-tweet.bw.ar.lines.shard.352.normalized.sents
INFO:tensorflow:*** Writing to output files ***
I1103 15:25:26.185764 47132119606336 create_pretraining_data.py:457] *** Writing to output files ***
INFO:tensorflow:  ../corpora/tfrecord_wp-30k_msl-128/DA-ali2019-500m-tweet.bw.ar.lines.shard.352.tf_record
I1103 15:25:26.186237 47132119606336 create_pretraining_data.py:459]   ../corpora/tfrecord_wp-30k_msl-128/DA-ali2019-500m-tweet.bw.ar.lines.shard.352.tf_record
WARNING:tensorflow:From ../bert/create_pretraining_data.py:101: The name tf.python_io.TFRecordWriter is deprecated. Please use tf.io.TFRecordWriter instead.

W1103 15:25:26.186639 47132119606336 module_wrapper.py:139] From ../bert/create_pretraining_data.py:101: The name tf.python_io.TFRecordWriter is deprecated. Please use tf.io.TFRecordWriter instead.

INFO:tensorflow:*** Example ***
I1103 15:25:27.164283 47132119606336 create_pretraining_data.py:149] *** Example ***
INFO:tensorflow:tokens: [CLS] كيوت ##ه انتي ش ##سو ##ي عاد [SEP] [MASK] صلو علي [MASK] محمد [SEP]
I1103 15:25:27.164710 47132119606336 create_pretraining_data.py:151] tokens: [CLS] كيوت ##ه انتي ش ##سو ##ي عاد [SEP] [MASK] صلو علي [MASK] محمد [SEP]
INFO:tensorflow:input_ids: 2 28756 1028 5136 400 5333 1013 3381 3 4 17033 1958 4 2202 3 0 0 0 0 0 0 0 0 0 0 0 0 0 0 0 0 0 0 0 0 0 0 0 0 0 0 0 0 0 0 0 0 0 0 0 0 0 0 0 0 0 0 0 0 0 0 0 0 0 0 0 0 0 0 0 0 0 0 0 0 0 0 0 0 0 0 0 0 0 0 0 0 0 0 0 0 0 0 0 0 0 0 0 0 0 0 0 0 0 0 0 0 0 0 0 0 0 0 0 0 0 0 0 0 0 0 0 0 0 0 0 0 0
I1103 15:25:27.165078 47132119606336 create_pretraining_data.py:161] input_ids: 2 28756 1028 5136 400 5333 1013 3381 3 4 17033 1958 4 2202 3 0 0 0 0 0 0 0 0 0 0 0 0 0 0 0 0 0 0 0 0 0 0 0 0 0 0 0 0 0 0 0 0 0 0 0 0 0 0 0 0 0 0 0 0 0 0 0 0 0 0 0 0 0 0 0 0 0 0 0 0 0 0 0 0 0 0 0 0 0 0 0 0 0 0 0 0 0 0 0 0 0 0 0 0 0 0 0 0 0 0 0 0 0 0 0 0 0 0 0 0 0 0 0 0 0 0 0 0 0 0 0 0 0
INFO:tensorflow:input_mask: 1 1 1 1 1 1 1 1 1 1 1 1 1 1 1 0 0 0 0 0 0 0 0 0 0 0 0 0 0 0 0 0 0 0 0 0 0 0 0 0 0 0 0 0 0 0 0 0 0 0 0 0 0 0 0 0 0 0 0 0 0 0 0 0 0 0 0 0 0 0 0 0 0 0 0 0 0 0 0 0 0 0 0 0 0 0 0 0 0 0 0 0 0 0 0 0 0 0 0 0 0 0 0 0 0 0 0 0 0 0 0 0 0 0 0 0 0 0 0 0 0 0 0 0 0 0 0 0
I1103 15:25:27.165448 47132119606336 create_pretraining_data.py:161] input_mask: 1 1 1 1 1 1 1 1 1 1 1 1 1 1 1 0 0 0 0 0 0 0 0 0 0 0 0 0 0 0 0 0 0 0 0 0 0 0 0 0 0 0 0 0 0 0 0 0 0 0 0 0 0 0 0 0 0 0 0 0 0 0 0 0 0 0 0 0 0 0 0 0 0 0 0 0 0 0 0 0 0 0 0 0 0 0 0 0 0 0 0 0 0 0 0 0 0 0 0 0 0 0 0 0 0 0 0 0 0 0 0 0 0 0 0 0 0 0 0 0 0 0 0 0 0 0 0 0
INFO:tensorflow:segment_ids: 0 0 0 0 0 0 0 0 0 1 1 1 1 1 1 0 0 0 0 0 0 0 0 0 0 0 0 0 0 0 0 0 0 0 0 0 0 0 0 0 0 0 0 0 0 0 0 0 0 0 0 0 0 0 0 0 0 0 0 0 0 0 0 0 0 0 0 0 0 0 0 0 0 0 0 0 0 0 0 0 0 0 0 0 0 0 0 0 0 0 0 0 0 0 0 0 0 0 0 0 0 0 0 0 0 0 0 0 0 0 0 0 0 0 0 0 0 0 0 0 0 0 0 0 0 0 0 0
I1103 15:25:27.165755 47132119606336 create_pretraining_data.py:161] segment_ids: 0 0 0 0 0 0 0 0 0 1 1 1 1 1 1 0 0 0 0 0 0 0 0 0 0 0 0 0 0 0 0 0 0 0 0 0 0 0 0 0 0 0 0 0 0 0 0 0 0 0 0 0 0 0 0 0 0 0 0 0 0 0 0 0 0 0 0 0 0 0 0 0 0 0 0 0 0 0 0 0 0 0 0 0 0 0 0 0 0 0 0 0 0 0 0 0 0 0 0 0 0 0 0 0 0 0 0 0 0 0 0 0 0 0 0 0 0 0 0 0 0 0 0 0 0 0 0 0
INFO:tensorflow:masked_lm_positions: 9 12 0 0 0 0 0 0 0 0 0 0 0 0 0 0 0 0 0 0
I1103 15:25:27.165979 47132119606336 create_pretraining_data.py:161] masked_lm_positions: 9 12 0 0 0 0 0 0 0 0 0 0 0 0 0 0 0 0 0 0
INFO:tensorflow:masked_lm_ids: 29405 23154 0 0 0 0 0 0 0 0 0 0 0 0 0 0 0 0 0 0
I1103 15:25:27.166195 47132119606336 create_pretraining_data.py:161] masked_lm_ids: 29405 23154 0 0 0 0 0 0 0 0 0 0 0 0 0 0 0 0 0 0
INFO:tensorflow:masked_lm_weights: 1.0 1.0 0.0 0.0 0.0 0.0 0.0 0.0 0.0 0.0 0.0 0.0 0.0 0.0 0.0 0.0 0.0 0.0 0.0 0.0
I1103 15:25:27.166432 47132119606336 create_pretraining_data.py:161] masked_lm_weights: 1.0 1.0 0.0 0.0 0.0 0.0 0.0 0.0 0.0 0.0 0.0 0.0 0.0 0.0 0.0 0.0 0.0 0.0 0.0 0.0
INFO:tensorflow:next_sentence_labels: 1
I1103 15:25:27.166636 47132119606336 create_pretraining_data.py:161] next_sentence_labels: 1
INFO:tensorflow:*** Example ***
I1103 15:25:27.168104 47132119606336 create_pretraining_data.py:149] *** Example ***
INFO:tensorflow:tokens: [CLS] عشان تمسك ##ي المو ##بيل [MASK] تفتح ##ي النت و تفتح ##ي ابل [MASK] [MASK] تويتر تكتب ##ي كده [SEP] يخت ##طف الوقت انفاس ##ي ز ##فير ##ا ز ##فير ##ا الي اللا عوده [MASK] مقبره [MASK] دقه قلب [SEP]
I1103 15:25:27.168414 47132119606336 create_pretraining_data.py:151] tokens: [CLS] عشان تمسك ##ي المو ##بيل [MASK] تفتح ##ي النت و تفتح ##ي ابل [MASK] [MASK] تويتر تكتب ##ي كده [SEP] يخت ##طف الوقت انفاس ##ي ز ##فير ##ا ز ##فير ##ا الي اللا عوده [MASK] مقبره [MASK] دقه قلب [SEP]
INFO:tensorflow:input_ids: 2 3573 13956 1013 2763 3360 4 9257 1013 6014 415 9257 1013 21331 4 4 4266 9551 1013 6388 3 6072 2297 3021 14812 1013 398 7646 1007 398 7646 1007 2002 3120 10783 4 21887 4 26220 2362 3 0 0 0 0 0 0 0 0 0 0 0 0 0 0 0 0 0 0 0 0 0 0 0 0 0 0 0 0 0 0 0 0 0 0 0 0 0 0 0 0 0 0 0 0 0 0 0 0 0 0 0 0 0 0 0 0 0 0 0 0 0 0 0 0 0 0 0 0 0 0 0 0 0 0 0 0 0 0 0 0 0 0 0 0 0 0 0
I1103 15:25:27.168746 47132119606336 create_pretraining_data.py:161] input_ids: 2 3573 13956 1013 2763 3360 4 9257 1013 6014 415 9257 1013 21331 4 4 4266 9551 1013 6388 3 6072 2297 3021 14812 1013 398 7646 1007 398 7646 1007 2002 3120 10783 4 21887 4 26220 2362 3 0 0 0 0 0 0 0 0 0 0 0 0 0 0 0 0 0 0 0 0 0 0 0 0 0 0 0 0 0 0 0 0 0 0 0 0 0 0 0 0 0 0 0 0 0 0 0 0 0 0 0 0 0 0 0 0 0 0 0 0 0 0 0 0 0 0 0 0 0 0 0 0 0 0 0 0 0 0 0 0 0 0 0 0 0 0 0
INFO:tensorflow:input_mask: 1 1 1 1 1 1 1 1 1 1 1 1 1 1 1 1 1 1 1 1 1 1 1 1 1 1 1 1 1 1 1 1 1 1 1 1 1 1 1 1 1 0 0 0 0 0 0 0 0 0 0 0 0 0 0 0 0 0 0 0 0 0 0 0 0 0 0 0 0 0 0 0 0 0 0 0 0 0 0 0 0 0 0 0 0 0 0 0 0 0 0 0 0 0 0 0 0 0 0 0 0 0 0 0 0 0 0 0 0 0 0 0 0 0 0 0 0 0 0 0 0 0 0 0 0 0 0 0
I1103 15:25:27.169055 47132119606336 create_pretraining_data.py:161] input_mask: 1 1 1 1 1 1 1 1 1 1 1 1 1 1 1 1 1 1 1 1 1 1 1 1 1 1 1 1 1 1 1 1 1 1 1 1 1 1 1 1 1 0 0 0 0 0 0 0 0 0 0 0 0 0 0 0 0 0 0 0 0 0 0 0 0 0 0 0 0 0 0 0 0 0 0 0 0 0 0 0 0 0 0 0 0 0 0 0 0 0 0 0 0 0 0 0 0 0 0 0 0 0 0 0 0 0 0 0 0 0 0 0 0 0 0 0 0 0 0 0 0 0 0 0 0 0 0 0
INFO:tensorflow:segment_ids: 0 0 0 0 0 0 0 0 0 0 0 0 0 0 0 0 0 0 0 0 0 1 1 1 1 1 1 1 1 1 1 1 1 1 1 1 1 1 1 1 1 0 0 0 0 0 0 0 0 0 0 0 0 0 0 0 0 0 0 0 0 0 0 0 0 0 0 0 0 0 0 0 0 0 0 0 0 0 0 0 0 0 0 0 0 0 0 0 0 0 0 0 0 0 0 0 0 0 0 0 0 0 0 0 0 0 0 0 0 0 0 0 0 0 0 0 0 0 0 0 0 0 0 0 0 0 0 0
I1103 15:25:27.169389 47132119606336 create_pretraining_data.py:161] segment_ids: 0 0 0 0 0 0 0 0 0 0 0 0 0 0 0 0 0 0 0 0 0 1 1 1 1 1 1 1 1 1 1 1 1 1 1 1 1 1 1 1 1 0 0 0 0 0 0 0 0 0 0 0 0 0 0 0 0 0 0 0 0 0 0 0 0 0 0 0 0 0 0 0 0 0 0 0 0 0 0 0 0 0 0 0 0 0 0 0 0 0 0 0 0 0 0 0 0 0 0 0 0 0 0 0 0 0 0 0 0 0 0 0 0 0 0 0 0 0 0 0 0 0 0 0 0 0 0 0
INFO:tensorflow:masked_lm_positions: 6 13 14 15 35 37 0 0 0 0 0 0 0 0 0 0 0 0 0 0
I1103 15:25:27.169625 47132119606336 create_pretraining_data.py:161] masked_lm_positions: 6 13 14 15 35 37 0 0 0 0 0 0 0 0 0 0 0 0 0 0
INFO:tensorflow:masked_lm_ids: 415 21331 2434 3470 2455 12225 0 0 0 0 0 0 0 0 0 0 0 0 0 0
I1103 15:25:27.169847 47132119606336 create_pretraining_data.py:161] masked_lm_ids: 415 21331 2434 3470 2455 12225 0 0 0 0 0 0 0 0 0 0 0 0 0 0
INFO:tensorflow:masked_lm_weights: 1.0 1.0 1.0 1.0 1.0 1.0 0.0 0.0 0.0 0.0 0.0 0.0 0.0 0.0 0.0 0.0 0.0 0.0 0.0 0.0
I1103 15:25:27.170068 47132119606336 create_pretraining_data.py:161] masked_lm_weights: 1.0 1.0 1.0 1.0 1.0 1.0 0.0 0.0 0.0 0.0 0.0 0.0 0.0 0.0 0.0 0.0 0.0 0.0 0.0 0.0
INFO:tensorflow:next_sentence_labels: 1
I1103 15:25:27.170269 47132119606336 create_pretraining_data.py:161] next_sentence_labels: 1
INFO:tensorflow:*** Example ***
I1103 15:25:27.171676 47132119606336 create_pretraining_data.py:149] *** Example ***
INFO:tensorflow:tokens: [CLS] لابد [MASK] [MASK] الفرج ولو [MASK] حين يال ##م الاب مرتين لج ##وعه وج ##وع ولدي [MASK] الدنيا دار ابت ##لاء وما ##عن ##د الله خير وابقي سوريه [SEP] حط كل الاحتمال ##ات علشان وقت المباراه يح ##ذف اثنين منها [MASK] الله عليه مخت ##رق كبير [SEP]
I1103 15:25:27.171974 47132119606336 create_pretraining_data.py:151] tokens: [CLS] لابد [MASK] [MASK] الفرج ولو [MASK] حين يال ##م الاب مرتين لج ##وعه وج ##وع ولدي [MASK] الدنيا دار ابت ##لاء وما ##عن ##د الله خير وابقي سوريه [SEP] حط كل الاحتمال ##ات علشان وقت المباراه يح ##ذف اثنين منها [MASK] الله عليه مخت ##رق كبير [SEP]
INFO:tensorflow:input_ids: 2 7489 4 4 9787 3278 4 2823 4965 1015 4120 9471 2672 5030 2200 2095 19989 4 2859 4417 3209 2602 2564 6309 1016 1953 2631 23460 19210 3 7249 2038 23600 1904 8436 2758 7867 2410 5158 8155 2813 4 1953 2181 4926 2166 2934 3 0 0 0 0 0 0 0 0 0 0 0 0 0 0 0 0 0 0 0 0 0 0 0 0 0 0 0 0 0 0 0 0 0 0 0 0 0 0 0 0 0 0 0 0 0 0 0 0 0 0 0 0 0 0 0 0 0 0 0 0 0 0 0 0 0 0 0 0 0 0 0 0 0 0 0 0 0 0 0 0
I1103 15:25:27.172319 47132119606336 create_pretraining_data.py:161] input_ids: 2 7489 4 4 9787 3278 4 2823 4965 1015 4120 9471 2672 5030 2200 2095 19989 4 2859 4417 3209 2602 2564 6309 1016 1953 2631 23460 19210 3 7249 2038 23600 1904 8436 2758 7867 2410 5158 8155 2813 4 1953 2181 4926 2166 2934 3 0 0 0 0 0 0 0 0 0 0 0 0 0 0 0 0 0 0 0 0 0 0 0 0 0 0 0 0 0 0 0 0 0 0 0 0 0 0 0 0 0 0 0 0 0 0 0 0 0 0 0 0 0 0 0 0 0 0 0 0 0 0 0 0 0 0 0 0 0 0 0 0 0 0 0 0 0 0 0 0
INFO:tensorflow:input_mask: 1 1 1 1 1 1 1 1 1 1 1 1 1 1 1 1 1 1 1 1 1 1 1 1 1 1 1 1 1 1 1 1 1 1 1 1 1 1 1 1 1 1 1 1 1 1 1 1 0 0 0 0 0 0 0 0 0 0 0 0 0 0 0 0 0 0 0 0 0 0 0 0 0 0 0 0 0 0 0 0 0 0 0 0 0 0 0 0 0 0 0 0 0 0 0 0 0 0 0 0 0 0 0 0 0 0 0 0 0 0 0 0 0 0 0 0 0 0 0 0 0 0 0 0 0 0 0 0
I1103 15:25:27.172627 47132119606336 create_pretraining_data.py:161] input_mask: 1 1 1 1 1 1 1 1 1 1 1 1 1 1 1 1 1 1 1 1 1 1 1 1 1 1 1 1 1 1 1 1 1 1 1 1 1 1 1 1 1 1 1 1 1 1 1 1 0 0 0 0 0 0 0 0 0 0 0 0 0 0 0 0 0 0 0 0 0 0 0 0 0 0 0 0 0 0 0 0 0 0 0 0 0 0 0 0 0 0 0 0 0 0 0 0 0 0 0 0 0 0 0 0 0 0 0 0 0 0 0 0 0 0 0 0 0 0 0 0 0 0 0 0 0 0 0 0
INFO:tensorflow:segment_ids: 0 0 0 0 0 0 0 0 0 0 0 0 0 0 0 0 0 0 0 0 0 0 0 0 0 0 0 0 0 0 1 1 1 1 1 1 1 1 1 1 1 1 1 1 1 1 1 1 0 0 0 0 0 0 0 0 0 0 0 0 0 0 0 0 0 0 0 0 0 0 0 0 0 0 0 0 0 0 0 0 0 0 0 0 0 0 0 0 0 0 0 0 0 0 0 0 0 0 0 0 0 0 0 0 0 0 0 0 0 0 0 0 0 0 0 0 0 0 0 0 0 0 0 0 0 0 0 0
I1103 15:25:27.172948 47132119606336 create_pretraining_data.py:161] segment_ids: 0 0 0 0 0 0 0 0 0 0 0 0 0 0 0 0 0 0 0 0 0 0 0 0 0 0 0 0 0 0 1 1 1 1 1 1 1 1 1 1 1 1 1 1 1 1 1 1 0 0 0 0 0 0 0 0 0 0 0 0 0 0 0 0 0 0 0 0 0 0 0 0 0 0 0 0 0 0 0 0 0 0 0 0 0 0 0 0 0 0 0 0 0 0 0 0 0 0 0 0 0 0 0 0 0 0 0 0 0 0 0 0 0 0 0 0 0 0 0 0 0 0 0 0 0 0 0 0
INFO:tensorflow:masked_lm_positions: 2 3 6 10 16 17 41 0 0 0 0 0 0 0 0 0 0 0 0 0
I1103 15:25:27.173180 47132119606336 create_pretraining_data.py:161] masked_lm_positions: 2 3 6 10 16 17 41 0 0 0 0 0 0 0 0 0 0 0 0 0
INFO:tensorflow:masked_lm_ids: 1939 7404 2089 4120 19989 1028 10846 0 0 0 0 0 0 0 0 0 0 0 0 0
I1103 15:25:27.173410 47132119606336 create_pretraining_data.py:161] masked_lm_ids: 1939 7404 2089 4120 19989 1028 10846 0 0 0 0 0 0 0 0 0 0 0 0 0
INFO:tensorflow:masked_lm_weights: 1.0 1.0 1.0 1.0 1.0 1.0 1.0 0.0 0.0 0.0 0.0 0.0 0.0 0.0 0.0 0.0 0.0 0.0 0.0 0.0
I1103 15:25:27.173631 47132119606336 create_pretraining_data.py:161] masked_lm_weights: 1.0 1.0 1.0 1.0 1.0 1.0 1.0 0.0 0.0 0.0 0.0 0.0 0.0 0.0 0.0 0.0 0.0 0.0 0.0 0.0
INFO:tensorflow:next_sentence_labels: 1
I1103 15:25:27.173834 47132119606336 create_pretraining_data.py:161] next_sentence_labels: 1
INFO:tensorflow:*** Example ***
I1103 15:25:27.175217 47132119606336 create_pretraining_data.py:149] *** Example ***
INFO:tensorflow:tokens: [CLS] اتمني ان [MASK] لن ##جه لحكم العرب الق ##واس ##م تاريخ [SEP] رساله مفتوحه الي سمو [MASK] [MASK] الر ##طي ##ان [SEP]
I1103 15:25:27.175506 47132119606336 create_pretraining_data.py:151] tokens: [CLS] اتمني ان [MASK] لن ##جه لحكم العرب الق ##واس ##م تاريخ [SEP] رساله مفتوحه الي سمو [MASK] [MASK] الر ##طي ##ان [SEP]
INFO:tensorflow:input_ids: 2 6228 1939 4 2404 2047 29640 3157 1964 17625 1015 3173 3 5860 22680 2002 7833 4 4 2017 2594 1906 3 0 0 0 0 0 0 0 0 0 0 0 0 0 0 0 0 0 0 0 0 0 0 0 0 0 0 0 0 0 0 0 0 0 0 0 0 0 0 0 0 0 0 0 0 0 0 0 0 0 0 0 0 0 0 0 0 0 0 0 0 0 0 0 0 0 0 0 0 0 0 0 0 0 0 0 0 0 0 0 0 0 0 0 0 0 0 0 0 0 0 0 0 0 0 0 0 0 0 0 0 0 0 0 0 0
I1103 15:25:27.175830 47132119606336 create_pretraining_data.py:161] input_ids: 2 6228 1939 4 2404 2047 29640 3157 1964 17625 1015 3173 3 5860 22680 2002 7833 4 4 2017 2594 1906 3 0 0 0 0 0 0 0 0 0 0 0 0 0 0 0 0 0 0 0 0 0 0 0 0 0 0 0 0 0 0 0 0 0 0 0 0 0 0 0 0 0 0 0 0 0 0 0 0 0 0 0 0 0 0 0 0 0 0 0 0 0 0 0 0 0 0 0 0 0 0 0 0 0 0 0 0 0 0 0 0 0 0 0 0 0 0 0 0 0 0 0 0 0 0 0 0 0 0 0 0 0 0 0 0 0
INFO:tensorflow:input_mask: 1 1 1 1 1 1 1 1 1 1 1 1 1 1 1 1 1 1 1 1 1 1 1 0 0 0 0 0 0 0 0 0 0 0 0 0 0 0 0 0 0 0 0 0 0 0 0 0 0 0 0 0 0 0 0 0 0 0 0 0 0 0 0 0 0 0 0 0 0 0 0 0 0 0 0 0 0 0 0 0 0 0 0 0 0 0 0 0 0 0 0 0 0 0 0 0 0 0 0 0 0 0 0 0 0 0 0 0 0 0 0 0 0 0 0 0 0 0 0 0 0 0 0 0 0 0 0 0
I1103 15:25:27.176139 47132119606336 create_pretraining_data.py:161] input_mask: 1 1 1 1 1 1 1 1 1 1 1 1 1 1 1 1 1 1 1 1 1 1 1 0 0 0 0 0 0 0 0 0 0 0 0 0 0 0 0 0 0 0 0 0 0 0 0 0 0 0 0 0 0 0 0 0 0 0 0 0 0 0 0 0 0 0 0 0 0 0 0 0 0 0 0 0 0 0 0 0 0 0 0 0 0 0 0 0 0 0 0 0 0 0 0 0 0 0 0 0 0 0 0 0 0 0 0 0 0 0 0 0 0 0 0 0 0 0 0 0 0 0 0 0 0 0 0 0
INFO:tensorflow:segment_ids: 0 0 0 0 0 0 0 0 0 0 0 0 0 1 1 1 1 1 1 1 1 1 1 0 0 0 0 0 0 0 0 0 0 0 0 0 0 0 0 0 0 0 0 0 0 0 0 0 0 0 0 0 0 0 0 0 0 0 0 0 0 0 0 0 0 0 0 0 0 0 0 0 0 0 0 0 0 0 0 0 0 0 0 0 0 0 0 0 0 0 0 0 0 0 0 0 0 0 0 0 0 0 0 0 0 0 0 0 0 0 0 0 0 0 0 0 0 0 0 0 0 0 0 0 0 0 0 0
I1103 15:25:27.176463 47132119606336 create_pretraining_data.py:161] segment_ids: 0 0 0 0 0 0 0 0 0 0 0 0 0 1 1 1 1 1 1 1 1 1 1 0 0 0 0 0 0 0 0 0 0 0 0 0 0 0 0 0 0 0 0 0 0 0 0 0 0 0 0 0 0 0 0 0 0 0 0 0 0 0 0 0 0 0 0 0 0 0 0 0 0 0 0 0 0 0 0 0 0 0 0 0 0 0 0 0 0 0 0 0 0 0 0 0 0 0 0 0 0 0 0 0 0 0 0 0 0 0 0 0 0 0 0 0 0 0 0 0 0 0 0 0 0 0 0 0
INFO:tensorflow:masked_lm_positions: 3 17 18 0 0 0 0 0 0 0 0 0 0 0 0 0 0 0 0 0
I1103 15:25:27.176717 47132119606336 create_pretraining_data.py:161] masked_lm_positions: 3 17 18 0 0 0 0 0 0 0 0 0 0 0 0 0 0 0 0 0
INFO:tensorflow:masked_lm_ids: 6103 3926 2202 0 0 0 0 0 0 0 0 0 0 0 0 0 0 0 0 0
I1103 15:25:27.176905 47132119606336 create_pretraining_data.py:161] masked_lm_ids: 6103 3926 2202 0 0 0 0 0 0 0 0 0 0 0 0 0 0 0 0 0
INFO:tensorflow:masked_lm_weights: 1.0 1.0 1.0 0.0 0.0 0.0 0.0 0.0 0.0 0.0 0.0 0.0 0.0 0.0 0.0 0.0 0.0 0.0 0.0 0.0
I1103 15:25:27.177029 47132119606336 create_pretraining_data.py:161] masked_lm_weights: 1.0 1.0 1.0 0.0 0.0 0.0 0.0 0.0 0.0 0.0 0.0 0.0 0.0 0.0 0.0 0.0 0.0 0.0 0.0 0.0
INFO:tensorflow:next_sentence_labels: 1
I1103 15:25:27.177142 47132119606336 create_pretraining_data.py:161] next_sentence_labels: 1
INFO:tensorflow:*** Example ***
I1103 15:25:27.177816 47132119606336 create_pretraining_data.py:149] *** Example ***
INFO:tensorflow:tokens: [CLS] [MASK] نف ##قد [MASK] نحب هناك فراغ يضاف من تلق ##اء نفسه الي سلسله الفراغات التي تمل ##انا [MASK] الغياب ##ات التي لا سلط ##ه لنا عليها [SEP] تبقي قريب الروح لو [MASK] [MASK] طال [SEP]
I1103 15:25:27.177973 47132119606336 create_pretraining_data.py:151] tokens: [CLS] [MASK] نف ##قد [MASK] نحب هناك فراغ يضاف من تلق ##اء نفسه الي سلسله الفراغات التي تمل ##انا [MASK] الغياب ##ات التي لا سلط ##ه لنا عليها [SEP] تبقي قريب الروح لو [MASK] [MASK] طال [SEP]
INFO:tensorflow:input_ids: 2 4 2790 2008 4 6825 2671 11604 23441 1908 4360 1954 3081 2002 28509 29249 2061 28765 2534 4 8973 1904 2061 1963 3901 1028 2776 2717 3 6110 5964 4525 2244 4 4 4206 3 0 0 0 0 0 0 0 0 0 0 0 0 0 0 0 0 0 0 0 0 0 0 0 0 0 0 0 0 0 0 0 0 0 0 0 0 0 0 0 0 0 0 0 0 0 0 0 0 0 0 0 0 0 0 0 0 0 0 0 0 0 0 0 0 0 0 0 0 0 0 0 0 0 0 0 0 0 0 0 0 0 0 0 0 0 0 0 0 0 0 0
I1103 15:25:27.178149 47132119606336 create_pretraining_data.py:161] input_ids: 2 4 2790 2008 4 6825 2671 11604 23441 1908 4360 1954 3081 2002 28509 29249 2061 28765 2534 4 8973 1904 2061 1963 3901 1028 2776 2717 3 6110 5964 4525 2244 4 4 4206 3 0 0 0 0 0 0 0 0 0 0 0 0 0 0 0 0 0 0 0 0 0 0 0 0 0 0 0 0 0 0 0 0 0 0 0 0 0 0 0 0 0 0 0 0 0 0 0 0 0 0 0 0 0 0 0 0 0 0 0 0 0 0 0 0 0 0 0 0 0 0 0 0 0 0 0 0 0 0 0 0 0 0 0 0 0 0 0 0 0 0 0
INFO:tensorflow:input_mask: 1 1 1 1 1 1 1 1 1 1 1 1 1 1 1 1 1 1 1 1 1 1 1 1 1 1 1 1 1 1 1 1 1 1 1 1 1 0 0 0 0 0 0 0 0 0 0 0 0 0 0 0 0 0 0 0 0 0 0 0 0 0 0 0 0 0 0 0 0 0 0 0 0 0 0 0 0 0 0 0 0 0 0 0 0 0 0 0 0 0 0 0 0 0 0 0 0 0 0 0 0 0 0 0 0 0 0 0 0 0 0 0 0 0 0 0 0 0 0 0 0 0 0 0 0 0 0 0
I1103 15:25:27.178322 47132119606336 create_pretraining_data.py:161] input_mask: 1 1 1 1 1 1 1 1 1 1 1 1 1 1 1 1 1 1 1 1 1 1 1 1 1 1 1 1 1 1 1 1 1 1 1 1 1 0 0 0 0 0 0 0 0 0 0 0 0 0 0 0 0 0 0 0 0 0 0 0 0 0 0 0 0 0 0 0 0 0 0 0 0 0 0 0 0 0 0 0 0 0 0 0 0 0 0 0 0 0 0 0 0 0 0 0 0 0 0 0 0 0 0 0 0 0 0 0 0 0 0 0 0 0 0 0 0 0 0 0 0 0 0 0 0 0 0 0
INFO:tensorflow:segment_ids: 0 0 0 0 0 0 0 0 0 0 0 0 0 0 0 0 0 0 0 0 0 0 0 0 0 0 0 0 0 1 1 1 1 1 1 1 1 0 0 0 0 0 0 0 0 0 0 0 0 0 0 0 0 0 0 0 0 0 0 0 0 0 0 0 0 0 0 0 0 0 0 0 0 0 0 0 0 0 0 0 0 0 0 0 0 0 0 0 0 0 0 0 0 0 0 0 0 0 0 0 0 0 0 0 0 0 0 0 0 0 0 0 0 0 0 0 0 0 0 0 0 0 0 0 0 0 0 0
I1103 15:25:27.178486 47132119606336 create_pretraining_data.py:161] segment_ids: 0 0 0 0 0 0 0 0 0 0 0 0 0 0 0 0 0 0 0 0 0 0 0 0 0 0 0 0 0 1 1 1 1 1 1 1 1 0 0 0 0 0 0 0 0 0 0 0 0 0 0 0 0 0 0 0 0 0 0 0 0 0 0 0 0 0 0 0 0 0 0 0 0 0 0 0 0 0 0 0 0 0 0 0 0 0 0 0 0 0 0 0 0 0 0 0 0 0 0 0 0 0 0 0 0 0 0 0 0 0 0 0 0 0 0 0 0 0 0 0 0 0 0 0 0 0 0 0
INFO:tensorflow:masked_lm_positions: 1 4 19 27 33 34 0 0 0 0 0 0 0 0 0 0 0 0 0 0
I1103 15:25:27.178613 47132119606336 create_pretraining_data.py:161] masked_lm_positions: 1 4 19 27 33 34 0 0 0 0 0 0 0 0 0 0 0 0 0 0
INFO:tensorflow:masked_lm_ids: 2805 1908 3179 2717 2089 1914 0 0 0 0 0 0 0 0 0 0 0 0 0 0
I1103 15:25:27.178734 47132119606336 create_pretraining_data.py:161] masked_lm_ids: 2805 1908 3179 2717 2089 1914 0 0 0 0 0 0 0 0 0 0 0 0 0 0
INFO:tensorflow:masked_lm_weights: 1.0 1.0 1.0 1.0 1.0 1.0 0.0 0.0 0.0 0.0 0.0 0.0 0.0 0.0 0.0 0.0 0.0 0.0 0.0 0.0
I1103 15:25:27.178875 47132119606336 create_pretraining_data.py:161] masked_lm_weights: 1.0 1.0 1.0 1.0 1.0 1.0 0.0 0.0 0.0 0.0 0.0 0.0 0.0 0.0 0.0 0.0 0.0 0.0 0.0 0.0
INFO:tensorflow:next_sentence_labels: 1
I1103 15:25:27.178989 47132119606336 create_pretraining_data.py:161] next_sentence_labels: 1
INFO:tensorflow:*** Example ***
I1103 15:25:27.179612 47132119606336 create_pretraining_data.py:149] *** Example ***
INFO:tensorflow:tokens: [CLS] انا رجعت لا احد يكلم ##ني تره ضا ##يج [SEP] [MASK] إعداد قيمتك الا [MASK] رحت عنهم [SEP]
I1103 15:25:27.179760 47132119606336 create_pretraining_data.py:151] tokens: [CLS] انا رجعت لا احد يكلم ##ني تره ضا ##يج [SEP] [MASK] إعداد قيمتك الا [MASK] رحت عنهم [SEP]
INFO:tensorflow:input_ids: 2 2315 16348 1963 2439 29906 1974 20058 8805 2853 3 4 8996 24189 1915 4 17957 5709 3 0 0 0 0 0 0 0 0 0 0 0 0 0 0 0 0 0 0 0 0 0 0 0 0 0 0 0 0 0 0 0 0 0 0 0 0 0 0 0 0 0 0 0 0 0 0 0 0 0 0 0 0 0 0 0 0 0 0 0 0 0 0 0 0 0 0 0 0 0 0 0 0 0 0 0 0 0 0 0 0 0 0 0 0 0 0 0 0 0 0 0 0 0 0 0 0 0 0 0 0 0 0 0 0 0 0 0 0 0
I1103 15:25:27.179928 47132119606336 create_pretraining_data.py:161] input_ids: 2 2315 16348 1963 2439 29906 1974 20058 8805 2853 3 4 8996 24189 1915 4 17957 5709 3 0 0 0 0 0 0 0 0 0 0 0 0 0 0 0 0 0 0 0 0 0 0 0 0 0 0 0 0 0 0 0 0 0 0 0 0 0 0 0 0 0 0 0 0 0 0 0 0 0 0 0 0 0 0 0 0 0 0 0 0 0 0 0 0 0 0 0 0 0 0 0 0 0 0 0 0 0 0 0 0 0 0 0 0 0 0 0 0 0 0 0 0 0 0 0 0 0 0 0 0 0 0 0 0 0 0 0 0 0
INFO:tensorflow:input_mask: 1 1 1 1 1 1 1 1 1 1 1 1 1 1 1 1 1 1 1 0 0 0 0 0 0 0 0 0 0 0 0 0 0 0 0 0 0 0 0 0 0 0 0 0 0 0 0 0 0 0 0 0 0 0 0 0 0 0 0 0 0 0 0 0 0 0 0 0 0 0 0 0 0 0 0 0 0 0 0 0 0 0 0 0 0 0 0 0 0 0 0 0 0 0 0 0 0 0 0 0 0 0 0 0 0 0 0 0 0 0 0 0 0 0 0 0 0 0 0 0 0 0 0 0 0 0 0 0
I1103 15:25:27.180092 47132119606336 create_pretraining_data.py:161] input_mask: 1 1 1 1 1 1 1 1 1 1 1 1 1 1 1 1 1 1 1 0 0 0 0 0 0 0 0 0 0 0 0 0 0 0 0 0 0 0 0 0 0 0 0 0 0 0 0 0 0 0 0 0 0 0 0 0 0 0 0 0 0 0 0 0 0 0 0 0 0 0 0 0 0 0 0 0 0 0 0 0 0 0 0 0 0 0 0 0 0 0 0 0 0 0 0 0 0 0 0 0 0 0 0 0 0 0 0 0 0 0 0 0 0 0 0 0 0 0 0 0 0 0 0 0 0 0 0 0
INFO:tensorflow:segment_ids: 0 0 0 0 0 0 0 0 0 0 0 1 1 1 1 1 1 1 1 0 0 0 0 0 0 0 0 0 0 0 0 0 0 0 0 0 0 0 0 0 0 0 0 0 0 0 0 0 0 0 0 0 0 0 0 0 0 0 0 0 0 0 0 0 0 0 0 0 0 0 0 0 0 0 0 0 0 0 0 0 0 0 0 0 0 0 0 0 0 0 0 0 0 0 0 0 0 0 0 0 0 0 0 0 0 0 0 0 0 0 0 0 0 0 0 0 0 0 0 0 0 0 0 0 0 0 0 0
I1103 15:25:27.180250 47132119606336 create_pretraining_data.py:161] segment_ids: 0 0 0 0 0 0 0 0 0 0 0 1 1 1 1 1 1 1 1 0 0 0 0 0 0 0 0 0 0 0 0 0 0 0 0 0 0 0 0 0 0 0 0 0 0 0 0 0 0 0 0 0 0 0 0 0 0 0 0 0 0 0 0 0 0 0 0 0 0 0 0 0 0 0 0 0 0 0 0 0 0 0 0 0 0 0 0 0 0 0 0 0 0 0 0 0 0 0 0 0 0 0 0 0 0 0 0 0 0 0 0 0 0 0 0 0 0 0 0 0 0 0 0 0 0 0 0 0
INFO:tensorflow:masked_lm_positions: 11 12 15 0 0 0 0 0 0 0 0 0 0 0 0 0 0 0 0 0
I1103 15:25:27.180382 47132119606336 create_pretraining_data.py:161] masked_lm_positions: 11 12 15 0 0 0 0 0 0 0 0 0 0 0 0 0 0 0 0 0
INFO:tensorflow:masked_lm_ids: 27548 1922 2387 0 0 0 0 0 0 0 0 0 0 0 0 0 0 0 0 0
I1103 15:25:27.180501 47132119606336 create_pretraining_data.py:161] masked_lm_ids: 27548 1922 2387 0 0 0 0 0 0 0 0 0 0 0 0 0 0 0 0 0
INFO:tensorflow:masked_lm_weights: 1.0 1.0 1.0 0.0 0.0 0.0 0.0 0.0 0.0 0.0 0.0 0.0 0.0 0.0 0.0 0.0 0.0 0.0 0.0 0.0
I1103 15:25:27.180623 47132119606336 create_pretraining_data.py:161] masked_lm_weights: 1.0 1.0 1.0 0.0 0.0 0.0 0.0 0.0 0.0 0.0 0.0 0.0 0.0 0.0 0.0 0.0 0.0 0.0 0.0 0.0
INFO:tensorflow:next_sentence_labels: 1
I1103 15:25:27.180736 47132119606336 create_pretraining_data.py:161] next_sentence_labels: 1
INFO:tensorflow:*** Example ***
I1103 15:25:27.181401 47132119606336 create_pretraining_data.py:149] *** Example ***
INFO:tensorflow:tokens: [CLS] كيوت ##ه [MASK] عيون ##ج [SEP] ابتسامه المشاهير الحل الدائم والانس ##ب لفر ##اغ ##ات [MASK] ##بغ [MASK] الاسنان مضمونه 10 ##سنوات بدون برد 050 ##999 ##91 ##71 [SEP]
I1103 15:25:27.181557 47132119606336 create_pretraining_data.py:151] tokens: [CLS] كيوت ##ه [MASK] عيون ##ج [SEP] ابتسامه المشاهير الحل الدائم والانس ##ب لفر ##اغ ##ات [MASK] ##بغ [MASK] الاسنان مضمونه 10 ##سنوات بدون برد 050 ##999 ##91 ##71 [SEP]
INFO:tensorflow:input_ids: 2 28756 1028 4 3005 1041 3 10672 15263 6660 11134 24562 1045 15231 7180 1904 4 13081 4 11280 29885 2667 14581 3279 6060 7485 16555 28444 11525 3 0 0 0 0 0 0 0 0 0 0 0 0 0 0 0 0 0 0 0 0 0 0 0 0 0 0 0 0 0 0 0 0 0 0 0 0 0 0 0 0 0 0 0 0 0 0 0 0 0 0 0 0 0 0 0 0 0 0 0 0 0 0 0 0 0 0 0 0 0 0 0 0 0 0 0 0 0 0 0 0 0 0 0 0 0 0 0 0 0 0 0 0 0 0 0 0 0 0
I1103 15:25:27.181750 47132119606336 create_pretraining_data.py:161] input_ids: 2 28756 1028 4 3005 1041 3 10672 15263 6660 11134 24562 1045 15231 7180 1904 4 13081 4 11280 29885 2667 14581 3279 6060 7485 16555 28444 11525 3 0 0 0 0 0 0 0 0 0 0 0 0 0 0 0 0 0 0 0 0 0 0 0 0 0 0 0 0 0 0 0 0 0 0 0 0 0 0 0 0 0 0 0 0 0 0 0 0 0 0 0 0 0 0 0 0 0 0 0 0 0 0 0 0 0 0 0 0 0 0 0 0 0 0 0 0 0 0 0 0 0 0 0 0 0 0 0 0 0 0 0 0 0 0 0 0 0 0
INFO:tensorflow:input_mask: 1 1 1 1 1 1 1 1 1 1 1 1 1 1 1 1 1 1 1 1 1 1 1 1 1 1 1 1 1 1 0 0 0 0 0 0 0 0 0 0 0 0 0 0 0 0 0 0 0 0 0 0 0 0 0 0 0 0 0 0 0 0 0 0 0 0 0 0 0 0 0 0 0 0 0 0 0 0 0 0 0 0 0 0 0 0 0 0 0 0 0 0 0 0 0 0 0 0 0 0 0 0 0 0 0 0 0 0 0 0 0 0 0 0 0 0 0 0 0 0 0 0 0 0 0 0 0 0
I1103 15:25:27.181918 47132119606336 create_pretraining_data.py:161] input_mask: 1 1 1 1 1 1 1 1 1 1 1 1 1 1 1 1 1 1 1 1 1 1 1 1 1 1 1 1 1 1 0 0 0 0 0 0 0 0 0 0 0 0 0 0 0 0 0 0 0 0 0 0 0 0 0 0 0 0 0 0 0 0 0 0 0 0 0 0 0 0 0 0 0 0 0 0 0 0 0 0 0 0 0 0 0 0 0 0 0 0 0 0 0 0 0 0 0 0 0 0 0 0 0 0 0 0 0 0 0 0 0 0 0 0 0 0 0 0 0 0 0 0 0 0 0 0 0 0
INFO:tensorflow:segment_ids: 0 0 0 0 0 0 0 1 1 1 1 1 1 1 1 1 1 1 1 1 1 1 1 1 1 1 1 1 1 1 0 0 0 0 0 0 0 0 0 0 0 0 0 0 0 0 0 0 0 0 0 0 0 0 0 0 0 0 0 0 0 0 0 0 0 0 0 0 0 0 0 0 0 0 0 0 0 0 0 0 0 0 0 0 0 0 0 0 0 0 0 0 0 0 0 0 0 0 0 0 0 0 0 0 0 0 0 0 0 0 0 0 0 0 0 0 0 0 0 0 0 0 0 0 0 0 0 0
I1103 15:25:27.182080 47132119606336 create_pretraining_data.py:161] segment_ids: 0 0 0 0 0 0 0 1 1 1 1 1 1 1 1 1 1 1 1 1 1 1 1 1 1 1 1 1 1 1 0 0 0 0 0 0 0 0 0 0 0 0 0 0 0 0 0 0 0 0 0 0 0 0 0 0 0 0 0 0 0 0 0 0 0 0 0 0 0 0 0 0 0 0 0 0 0 0 0 0 0 0 0 0 0 0 0 0 0 0 0 0 0 0 0 0 0 0 0 0 0 0 0 0 0 0 0 0 0 0 0 0 0 0 0 0 0 0 0 0 0 0 0 0 0 0 0 0
INFO:tensorflow:masked_lm_positions: 3 16 17 18 0 0 0 0 0 0 0 0 0 0 0 0 0 0 0 0
I1103 15:25:27.182207 47132119606336 create_pretraining_data.py:161] masked_lm_positions: 3 16 17 18 0 0 0 0 0 0 0 0 0 0 0 0 0 0 0 0
INFO:tensorflow:masked_lm_ids: 9903 5580 13081 1904 0 0 0 0 0 0 0 0 0 0 0 0 0 0 0 0
I1103 15:25:27.182334 47132119606336 create_pretraining_data.py:161] masked_lm_ids: 9903 5580 13081 1904 0 0 0 0 0 0 0 0 0 0 0 0 0 0 0 0
INFO:tensorflow:masked_lm_weights: 1.0 1.0 1.0 1.0 0.0 0.0 0.0 0.0 0.0 0.0 0.0 0.0 0.0 0.0 0.0 0.0 0.0 0.0 0.0 0.0
I1103 15:25:27.182459 47132119606336 create_pretraining_data.py:161] masked_lm_weights: 1.0 1.0 1.0 1.0 0.0 0.0 0.0 0.0 0.0 0.0 0.0 0.0 0.0 0.0 0.0 0.0 0.0 0.0 0.0 0.0
INFO:tensorflow:next_sentence_labels: 1
I1103 15:25:27.182572 47132119606336 create_pretraining_data.py:161] next_sentence_labels: 1
INFO:tensorflow:*** Example ***
I1103 15:25:27.183195 47132119606336 create_pretraining_data.py:149] *** Example ***
INFO:tensorflow:tokens: [CLS] احساسي [MASK] في وقت ضعفي قو ##اني كانت حياتي ناقص ##ه جيت تكمل ##ها فرحه لقا ##يا بيك بتبقي زي [MASK] محمد حما ##قي [SEP] محتاج دخل ##نكبوت الان سجل وتدرب واستثمر [MASK] مجانا التسجيل [MASK] فوق21 سوف اتصل بمسجلين [SEP]
I1103 15:25:27.183357 47132119606336 create_pretraining_data.py:151] tokens: [CLS] احساسي [MASK] في وقت ضعفي قو ##اني كانت حياتي ناقص ##ه جيت تكمل ##ها فرحه لقا ##يا بيك بتبقي زي [MASK] محمد حما ##قي [SEP] محتاج دخل ##نكبوت الان سجل وتدرب واستثمر [MASK] مجانا التسجيل [MASK] فوق21 سوف اتصل بمسجلين [SEP]
INFO:tensorflow:input_ids: 2 21332 4 1912 2758 26480 25019 2022 2431 5097 17160 1028 8174 21948 1913 8588 18999 1937 10054 24722 3253 4 2202 3493 2004 3 6152 4896 18601 2311 4846 17425 27568 4 5515 4441 4 29498 3641 7691 17566 3 0 0 0 0 0 0 0 0 0 0 0 0 0 0 0 0 0 0 0 0 0 0 0 0 0 0 0 0 0 0 0 0 0 0 0 0 0 0 0 0 0 0 0 0 0 0 0 0 0 0 0 0 0 0 0 0 0 0 0 0 0 0 0 0 0 0 0 0 0 0 0 0 0 0 0 0 0 0 0 0 0 0 0 0 0 0
I1103 15:25:27.183546 47132119606336 create_pretraining_data.py:161] input_ids: 2 21332 4 1912 2758 26480 25019 2022 2431 5097 17160 1028 8174 21948 1913 8588 18999 1937 10054 24722 3253 4 2202 3493 2004 3 6152 4896 18601 2311 4846 17425 27568 4 5515 4441 4 29498 3641 7691 17566 3 0 0 0 0 0 0 0 0 0 0 0 0 0 0 0 0 0 0 0 0 0 0 0 0 0 0 0 0 0 0 0 0 0 0 0 0 0 0 0 0 0 0 0 0 0 0 0 0 0 0 0 0 0 0 0 0 0 0 0 0 0 0 0 0 0 0 0 0 0 0 0 0 0 0 0 0 0 0 0 0 0 0 0 0 0 0
INFO:tensorflow:input_mask: 1 1 1 1 1 1 1 1 1 1 1 1 1 1 1 1 1 1 1 1 1 1 1 1 1 1 1 1 1 1 1 1 1 1 1 1 1 1 1 1 1 1 0 0 0 0 0 0 0 0 0 0 0 0 0 0 0 0 0 0 0 0 0 0 0 0 0 0 0 0 0 0 0 0 0 0 0 0 0 0 0 0 0 0 0 0 0 0 0 0 0 0 0 0 0 0 0 0 0 0 0 0 0 0 0 0 0 0 0 0 0 0 0 0 0 0 0 0 0 0 0 0 0 0 0 0 0 0
I1103 15:25:27.183713 47132119606336 create_pretraining_data.py:161] input_mask: 1 1 1 1 1 1 1 1 1 1 1 1 1 1 1 1 1 1 1 1 1 1 1 1 1 1 1 1 1 1 1 1 1 1 1 1 1 1 1 1 1 1 0 0 0 0 0 0 0 0 0 0 0 0 0 0 0 0 0 0 0 0 0 0 0 0 0 0 0 0 0 0 0 0 0 0 0 0 0 0 0 0 0 0 0 0 0 0 0 0 0 0 0 0 0 0 0 0 0 0 0 0 0 0 0 0 0 0 0 0 0 0 0 0 0 0 0 0 0 0 0 0 0 0 0 0 0 0
INFO:tensorflow:segment_ids: 0 0 0 0 0 0 0 0 0 0 0 0 0 0 0 0 0 0 0 0 0 0 0 0 0 0 1 1 1 1 1 1 1 1 1 1 1 1 1 1 1 1 0 0 0 0 0 0 0 0 0 0 0 0 0 0 0 0 0 0 0 0 0 0 0 0 0 0 0 0 0 0 0 0 0 0 0 0 0 0 0 0 0 0 0 0 0 0 0 0 0 0 0 0 0 0 0 0 0 0 0 0 0 0 0 0 0 0 0 0 0 0 0 0 0 0 0 0 0 0 0 0 0 0 0 0 0 0
I1103 15:25:27.183873 47132119606336 create_pretraining_data.py:161] segment_ids: 0 0 0 0 0 0 0 0 0 0 0 0 0 0 0 0 0 0 0 0 0 0 0 0 0 0 1 1 1 1 1 1 1 1 1 1 1 1 1 1 1 1 0 0 0 0 0 0 0 0 0 0 0 0 0 0 0 0 0 0 0 0 0 0 0 0 0 0 0 0 0 0 0 0 0 0 0 0 0 0 0 0 0 0 0 0 0 0 0 0 0 0 0 0 0 0 0 0 0 0 0 0 0 0 0 0 0 0 0 0 0 0 0 0 0 0 0 0 0 0 0 0 0 0 0 0 0 0
INFO:tensorflow:masked_lm_positions: 2 21 28 29 33 36 0 0 0 0 0 0 0 0 0 0 0 0 0 0
I1103 15:25:27.183997 47132119606336 create_pretraining_data.py:161] masked_lm_positions: 2 21 28 29 33 36 0 0 0 0 0 0 0 0 0 0 0 0 0 0
INFO:tensorflow:masked_lm_ids: 10054 7922 14195 2311 22232 2518 0 0 0 0 0 0 0 0 0 0 0 0 0 0
I1103 15:25:27.184118 47132119606336 create_pretraining_data.py:161] masked_lm_ids: 10054 7922 14195 2311 22232 2518 0 0 0 0 0 0 0 0 0 0 0 0 0 0
INFO:tensorflow:masked_lm_weights: 1.0 1.0 1.0 1.0 1.0 1.0 0.0 0.0 0.0 0.0 0.0 0.0 0.0 0.0 0.0 0.0 0.0 0.0 0.0 0.0
I1103 15:25:27.184240 47132119606336 create_pretraining_data.py:161] masked_lm_weights: 1.0 1.0 1.0 1.0 1.0 1.0 0.0 0.0 0.0 0.0 0.0 0.0 0.0 0.0 0.0 0.0 0.0 0.0 0.0 0.0
INFO:tensorflow:next_sentence_labels: 1
I1103 15:25:27.184361 47132119606336 create_pretraining_data.py:161] next_sentence_labels: 1
INFO:tensorflow:*** Example ***
I1103 15:25:27.185004 47132119606336 create_pretraining_data.py:149] *** Example ***
INFO:tensorflow:tokens: [CLS] النقد البناء [MASK] زوجي ##ن يكون كل واحد مراه للاخ ##ر [MASK] رايه بدون انفع ##ال وبدون تجري ##ح وعن طيب خاطر تطبيق النقد ʘ سعاده للط ##رفين [SEP] لا [MASK] [MASK] [MASK] كثيرا فالك ##تب المفتوح ##ه [MASK] تج ##ذب القراء [SEP]
I1103 15:25:27.185162 47132119606336 create_pretraining_data.py:151] tokens: [CLS] النقد البناء [MASK] زوجي ##ن يكون كل واحد مراه للاخ ##ر [MASK] رايه بدون انفع ##ال وبدون تجري ##ح وعن طيب خاطر تطبيق النقد ʘ سعاده للط ##رفين [SEP] لا [MASK] [MASK] [MASK] كثيرا فالك ##تب المفتوح ##ه [MASK] تج ##ذب القراء [SEP]
INFO:tensorflow:input_ids: 2 7572 7260 4 21675 1006 2461 2038 2563 15553 20854 1017 4 21309 3279 28546 1901 13933 9203 1032 4321 4177 14470 4456 7572 215 6410 3655 4823 3 1963 4 4 4 3810 16059 8254 10305 1028 4 2214 3322 10423 3 0 0 0 0 0 0 0 0 0 0 0 0 0 0 0 0 0 0 0 0 0 0 0 0 0 0 0 0 0 0 0 0 0 0 0 0 0 0 0 0 0 0 0 0 0 0 0 0 0 0 0 0 0 0 0 0 0 0 0 0 0 0 0 0 0 0 0 0 0 0 0 0 0 0 0 0 0 0 0 0 0 0 0 0
I1103 15:25:27.185358 47132119606336 create_pretraining_data.py:161] input_ids: 2 7572 7260 4 21675 1006 2461 2038 2563 15553 20854 1017 4 21309 3279 28546 1901 13933 9203 1032 4321 4177 14470 4456 7572 215 6410 3655 4823 3 1963 4 4 4 3810 16059 8254 10305 1028 4 2214 3322 10423 3 0 0 0 0 0 0 0 0 0 0 0 0 0 0 0 0 0 0 0 0 0 0 0 0 0 0 0 0 0 0 0 0 0 0 0 0 0 0 0 0 0 0 0 0 0 0 0 0 0 0 0 0 0 0 0 0 0 0 0 0 0 0 0 0 0 0 0 0 0 0 0 0 0 0 0 0 0 0 0 0 0 0 0 0
INFO:tensorflow:input_mask: 1 1 1 1 1 1 1 1 1 1 1 1 1 1 1 1 1 1 1 1 1 1 1 1 1 1 1 1 1 1 1 1 1 1 1 1 1 1 1 1 1 1 1 1 0 0 0 0 0 0 0 0 0 0 0 0 0 0 0 0 0 0 0 0 0 0 0 0 0 0 0 0 0 0 0 0 0 0 0 0 0 0 0 0 0 0 0 0 0 0 0 0 0 0 0 0 0 0 0 0 0 0 0 0 0 0 0 0 0 0 0 0 0 0 0 0 0 0 0 0 0 0 0 0 0 0 0 0
I1103 15:25:27.185528 47132119606336 create_pretraining_data.py:161] input_mask: 1 1 1 1 1 1 1 1 1 1 1 1 1 1 1 1 1 1 1 1 1 1 1 1 1 1 1 1 1 1 1 1 1 1 1 1 1 1 1 1 1 1 1 1 0 0 0 0 0 0 0 0 0 0 0 0 0 0 0 0 0 0 0 0 0 0 0 0 0 0 0 0 0 0 0 0 0 0 0 0 0 0 0 0 0 0 0 0 0 0 0 0 0 0 0 0 0 0 0 0 0 0 0 0 0 0 0 0 0 0 0 0 0 0 0 0 0 0 0 0 0 0 0 0 0 0 0 0
INFO:tensorflow:segment_ids: 0 0 0 0 0 0 0 0 0 0 0 0 0 0 0 0 0 0 0 0 0 0 0 0 0 0 0 0 0 0 1 1 1 1 1 1 1 1 1 1 1 1 1 1 0 0 0 0 0 0 0 0 0 0 0 0 0 0 0 0 0 0 0 0 0 0 0 0 0 0 0 0 0 0 0 0 0 0 0 0 0 0 0 0 0 0 0 0 0 0 0 0 0 0 0 0 0 0 0 0 0 0 0 0 0 0 0 0 0 0 0 0 0 0 0 0 0 0 0 0 0 0 0 0 0 0 0 0
I1103 15:25:27.185686 47132119606336 create_pretraining_data.py:161] segment_ids: 0 0 0 0 0 0 0 0 0 0 0 0 0 0 0 0 0 0 0 0 0 0 0 0 0 0 0 0 0 0 1 1 1 1 1 1 1 1 1 1 1 1 1 1 0 0 0 0 0 0 0 0 0 0 0 0 0 0 0 0 0 0 0 0 0 0 0 0 0 0 0 0 0 0 0 0 0 0 0 0 0 0 0 0 0 0 0 0 0 0 0 0 0 0 0 0 0 0 0 0 0 0 0 0 0 0 0 0 0 0 0 0 0 0 0 0 0 0 0 0 0 0 0 0 0 0 0 0
INFO:tensorflow:masked_lm_positions: 3 12 25 31 32 33 39 0 0 0 0 0 0 0 0 0 0 0 0 0
I1103 15:25:27.185810 47132119606336 create_pretraining_data.py:161] masked_lm_positions: 3 12 25 31 32 33 39 0 0 0 0 0 0 0 0 0 0 0 0 0
INFO:tensorflow:masked_lm_ids: 2117 5234 7260 10127 1955 3665 1963 0 0 0 0 0 0 0 0 0 0 0 0 0
I1103 15:25:27.185931 47132119606336 create_pretraining_data.py:161] masked_lm_ids: 2117 5234 7260 10127 1955 3665 1963 0 0 0 0 0 0 0 0 0 0 0 0 0
INFO:tensorflow:masked_lm_weights: 1.0 1.0 1.0 1.0 1.0 1.0 1.0 0.0 0.0 0.0 0.0 0.0 0.0 0.0 0.0 0.0 0.0 0.0 0.0 0.0
I1103 15:25:27.186054 47132119606336 create_pretraining_data.py:161] masked_lm_weights: 1.0 1.0 1.0 1.0 1.0 1.0 1.0 0.0 0.0 0.0 0.0 0.0 0.0 0.0 0.0 0.0 0.0 0.0 0.0 0.0
INFO:tensorflow:next_sentence_labels: 1
I1103 15:25:27.186167 47132119606336 create_pretraining_data.py:161] next_sentence_labels: 1
INFO:tensorflow:*** Example ***
I1103 15:25:27.186809 47132119606336 create_pretraining_data.py:149] *** Example ***
INFO:tensorflow:tokens: [CLS] كل [MASK] لجل عيونك يهو ##ن ان كان ماتدري [MASK] كريم يزعل ##ني [MASK] الحكي وض ##نون ياقلبي اشهد علي كيد الحر ##يم [MASK] ##اني الشيب [SEP] قال [MASK] الله لا ياكل ##ن احدكم بشمال ##ه ولا يشرب ##ن بها فان الشيطان ياكل بشمال ##ه ويش ##رب [MASK] رياض الصالحين مغرد بذكر الله [SEP]
I1103 15:25:27.186973 47132119606336 create_pretraining_data.py:151] tokens: [CLS] كل [MASK] لجل عيونك يهو ##ن ان كان ماتدري [MASK] كريم يزعل ##ني [MASK] الحكي وض ##نون ياقلبي اشهد علي كيد الحر ##يم [MASK] ##اني الشيب [SEP] قال [MASK] الله لا ياكل ##ن احدكم بشمال ##ه ولا يشرب ##ن بها فان الشيطان ياكل بشمال ##ه ويش ##رب [MASK] رياض الصالحين مغرد بذكر الله [SEP]
INFO:tensorflow:input_ids: 2 2038 4 20796 7626 22646 1006 1939 2055 27326 4 5874 24891 1974 4 15447 3632 4095 25149 7814 1958 14559 3220 2019 4 2022 18655 3 2136 4 1953 1963 15714 1006 20315 29180 1028 2086 22734 1006 2459 2712 7071 15714 29180 1028 5816 1975 4 5631 11351 9529 6609 1953 3 0 0 0 0 0 0 0 0 0 0 0 0 0 0 0 0 0 0 0 0 0 0 0 0 0 0 0 0 0 0 0 0 0 0 0 0 0 0 0 0 0 0 0 0 0 0 0 0 0 0 0 0 0 0 0 0 0 0 0 0 0 0 0 0 0 0 0 0 0 0 0 0 0
I1103 15:25:27.187167 47132119606336 create_pretraining_data.py:161] input_ids: 2 2038 4 20796 7626 22646 1006 1939 2055 27326 4 5874 24891 1974 4 15447 3632 4095 25149 7814 1958 14559 3220 2019 4 2022 18655 3 2136 4 1953 1963 15714 1006 20315 29180 1028 2086 22734 1006 2459 2712 7071 15714 29180 1028 5816 1975 4 5631 11351 9529 6609 1953 3 0 0 0 0 0 0 0 0 0 0 0 0 0 0 0 0 0 0 0 0 0 0 0 0 0 0 0 0 0 0 0 0 0 0 0 0 0 0 0 0 0 0 0 0 0 0 0 0 0 0 0 0 0 0 0 0 0 0 0 0 0 0 0 0 0 0 0 0 0 0 0 0 0
INFO:tensorflow:input_mask: 1 1 1 1 1 1 1 1 1 1 1 1 1 1 1 1 1 1 1 1 1 1 1 1 1 1 1 1 1 1 1 1 1 1 1 1 1 1 1 1 1 1 1 1 1 1 1 1 1 1 1 1 1 1 1 0 0 0 0 0 0 0 0 0 0 0 0 0 0 0 0 0 0 0 0 0 0 0 0 0 0 0 0 0 0 0 0 0 0 0 0 0 0 0 0 0 0 0 0 0 0 0 0 0 0 0 0 0 0 0 0 0 0 0 0 0 0 0 0 0 0 0 0 0 0 0 0 0
I1103 15:25:27.187344 47132119606336 create_pretraining_data.py:161] input_mask: 1 1 1 1 1 1 1 1 1 1 1 1 1 1 1 1 1 1 1 1 1 1 1 1 1 1 1 1 1 1 1 1 1 1 1 1 1 1 1 1 1 1 1 1 1 1 1 1 1 1 1 1 1 1 1 0 0 0 0 0 0 0 0 0 0 0 0 0 0 0 0 0 0 0 0 0 0 0 0 0 0 0 0 0 0 0 0 0 0 0 0 0 0 0 0 0 0 0 0 0 0 0 0 0 0 0 0 0 0 0 0 0 0 0 0 0 0 0 0 0 0 0 0 0 0 0 0 0
INFO:tensorflow:segment_ids: 0 0 0 0 0 0 0 0 0 0 0 0 0 0 0 0 0 0 0 0 0 0 0 0 0 0 0 0 1 1 1 1 1 1 1 1 1 1 1 1 1 1 1 1 1 1 1 1 1 1 1 1 1 1 1 0 0 0 0 0 0 0 0 0 0 0 0 0 0 0 0 0 0 0 0 0 0 0 0 0 0 0 0 0 0 0 0 0 0 0 0 0 0 0 0 0 0 0 0 0 0 0 0 0 0 0 0 0 0 0 0 0 0 0 0 0 0 0 0 0 0 0 0 0 0 0 0 0
I1103 15:25:27.187510 47132119606336 create_pretraining_data.py:161] segment_ids: 0 0 0 0 0 0 0 0 0 0 0 0 0 0 0 0 0 0 0 0 0 0 0 0 0 0 0 0 1 1 1 1 1 1 1 1 1 1 1 1 1 1 1 1 1 1 1 1 1 1 1 1 1 1 1 0 0 0 0 0 0 0 0 0 0 0 0 0 0 0 0 0 0 0 0 0 0 0 0 0 0 0 0 0 0 0 0 0 0 0 0 0 0 0 0 0 0 0 0 0 0 0 0 0 0 0 0 0 0 0 0 0 0 0 0 0 0 0 0 0 0 0 0 0 0 0 0 0
INFO:tensorflow:masked_lm_positions: 2 10 14 24 25 29 30 48 0 0 0 0 0 0 0 0 0 0 0 0
I1103 15:25:27.187636 47132119606336 create_pretraining_data.py:161] masked_lm_positions: 2 10 14 24 25 29 30 48 0 0 0 0 0 0 0 0 0 0 0 0
INFO:tensorflow:masked_lm_ids: 2228 1953 2346 9816 2022 3016 1953 2459 0 0 0 0 0 0 0 0 0 0 0 0
I1103 15:25:27.187756 47132119606336 create_pretraining_data.py:161] masked_lm_ids: 2228 1953 2346 9816 2022 3016 1953 2459 0 0 0 0 0 0 0 0 0 0 0 0
INFO:tensorflow:masked_lm_weights: 1.0 1.0 1.0 1.0 1.0 1.0 1.0 1.0 0.0 0.0 0.0 0.0 0.0 0.0 0.0 0.0 0.0 0.0 0.0 0.0
I1103 15:25:27.187878 47132119606336 create_pretraining_data.py:161] masked_lm_weights: 1.0 1.0 1.0 1.0 1.0 1.0 1.0 1.0 0.0 0.0 0.0 0.0 0.0 0.0 0.0 0.0 0.0 0.0 0.0 0.0
INFO:tensorflow:next_sentence_labels: 1
I1103 15:25:27.187991 47132119606336 create_pretraining_data.py:161] next_sentence_labels: 1
INFO:tensorflow:*** Example ***
I1103 15:25:27.188599 47132119606336 create_pretraining_data.py:149] *** Example ***
INFO:tensorflow:tokens: [CLS] تسديد قروض بنكيه الراجحي الاهلي العربي الانماء سامبا [MASK] الرياض وسداد ##المت ##عثرات في فيرج جوال 055 ##22 ##11 ##32 ##8 [SEP] [MASK] الميزان اجتماعي اكثر منه [MASK] ##سي [SEP]
I1103 15:25:27.188750 47132119606336 create_pretraining_data.py:151] tokens: [CLS] تسديد قروض بنكيه الراجحي الاهلي العربي الانماء سامبا [MASK] الرياض وسداد ##المت ##عثرات في فيرج جوال 055 ##22 ##11 ##32 ##8 [SEP] [MASK] الميزان اجتماعي اكثر منه [MASK] ##سي [SEP]
INFO:tensorflow:input_ids: 2 6298 7381 10630 8319 3105 2659 17458 14742 4 2392 12359 20070 23102 1912 18736 5716 5513 5476 3686 5782 1018 3 4 10954 18179 2695 2739 4 1999 3 0 0 0 0 0 0 0 0 0 0 0 0 0 0 0 0 0 0 0 0 0 0 0 0 0 0 0 0 0 0 0 0 0 0 0 0 0 0 0 0 0 0 0 0 0 0 0 0 0 0 0 0 0 0 0 0 0 0 0 0 0 0 0 0 0 0 0 0 0 0 0 0 0 0 0 0 0 0 0 0 0 0 0 0 0 0 0 0 0 0 0 0 0 0 0 0 0
I1103 15:25:27.188925 47132119606336 create_pretraining_data.py:161] input_ids: 2 6298 7381 10630 8319 3105 2659 17458 14742 4 2392 12359 20070 23102 1912 18736 5716 5513 5476 3686 5782 1018 3 4 10954 18179 2695 2739 4 1999 3 0 0 0 0 0 0 0 0 0 0 0 0 0 0 0 0 0 0 0 0 0 0 0 0 0 0 0 0 0 0 0 0 0 0 0 0 0 0 0 0 0 0 0 0 0 0 0 0 0 0 0 0 0 0 0 0 0 0 0 0 0 0 0 0 0 0 0 0 0 0 0 0 0 0 0 0 0 0 0 0 0 0 0 0 0 0 0 0 0 0 0 0 0 0 0 0 0
INFO:tensorflow:input_mask: 1 1 1 1 1 1 1 1 1 1 1 1 1 1 1 1 1 1 1 1 1 1 1 1 1 1 1 1 1 1 1 0 0 0 0 0 0 0 0 0 0 0 0 0 0 0 0 0 0 0 0 0 0 0 0 0 0 0 0 0 0 0 0 0 0 0 0 0 0 0 0 0 0 0 0 0 0 0 0 0 0 0 0 0 0 0 0 0 0 0 0 0 0 0 0 0 0 0 0 0 0 0 0 0 0 0 0 0 0 0 0 0 0 0 0 0 0 0 0 0 0 0 0 0 0 0 0 0
I1103 15:25:27.189109 47132119606336 create_pretraining_data.py:161] input_mask: 1 1 1 1 1 1 1 1 1 1 1 1 1 1 1 1 1 1 1 1 1 1 1 1 1 1 1 1 1 1 1 0 0 0 0 0 0 0 0 0 0 0 0 0 0 0 0 0 0 0 0 0 0 0 0 0 0 0 0 0 0 0 0 0 0 0 0 0 0 0 0 0 0 0 0 0 0 0 0 0 0 0 0 0 0 0 0 0 0 0 0 0 0 0 0 0 0 0 0 0 0 0 0 0 0 0 0 0 0 0 0 0 0 0 0 0 0 0 0 0 0 0 0 0 0 0 0 0
INFO:tensorflow:segment_ids: 0 0 0 0 0 0 0 0 0 0 0 0 0 0 0 0 0 0 0 0 0 0 0 1 1 1 1 1 1 1 1 0 0 0 0 0 0 0 0 0 0 0 0 0 0 0 0 0 0 0 0 0 0 0 0 0 0 0 0 0 0 0 0 0 0 0 0 0 0 0 0 0 0 0 0 0 0 0 0 0 0 0 0 0 0 0 0 0 0 0 0 0 0 0 0 0 0 0 0 0 0 0 0 0 0 0 0 0 0 0 0 0 0 0 0 0 0 0 0 0 0 0 0 0 0 0 0 0
I1103 15:25:27.189270 47132119606336 create_pretraining_data.py:161] segment_ids: 0 0 0 0 0 0 0 0 0 0 0 0 0 0 0 0 0 0 0 0 0 0 0 1 1 1 1 1 1 1 1 0 0 0 0 0 0 0 0 0 0 0 0 0 0 0 0 0 0 0 0 0 0 0 0 0 0 0 0 0 0 0 0 0 0 0 0 0 0 0 0 0 0 0 0 0 0 0 0 0 0 0 0 0 0 0 0 0 0 0 0 0 0 0 0 0 0 0 0 0 0 0 0 0 0 0 0 0 0 0 0 0 0 0 0 0 0 0 0 0 0 0 0 0 0 0 0 0
INFO:tensorflow:masked_lm_positions: 9 15 23 28 29 0 0 0 0 0 0 0 0 0 0 0 0 0 0 0
I1103 15:25:27.189402 47132119606336 create_pretraining_data.py:161] masked_lm_positions: 9 15 23 28 29 0 0 0 0 0 0 0 0 0 0 0 0 0 0 0
INFO:tensorflow:masked_lm_ids: 3992 12253 19710 4028 1999 0 0 0 0 0 0 0 0 0 0 0 0 0 0 0
I1103 15:25:27.189522 47132119606336 create_pretraining_data.py:161] masked_lm_ids: 3992 12253 19710 4028 1999 0 0 0 0 0 0 0 0 0 0 0 0 0 0 0
INFO:tensorflow:masked_lm_weights: 1.0 1.0 1.0 1.0 1.0 0.0 0.0 0.0 0.0 0.0 0.0 0.0 0.0 0.0 0.0 0.0 0.0 0.0 0.0 0.0
I1103 15:25:27.189644 47132119606336 create_pretraining_data.py:161] masked_lm_weights: 1.0 1.0 1.0 1.0 1.0 0.0 0.0 0.0 0.0 0.0 0.0 0.0 0.0 0.0 0.0 0.0 0.0 0.0 0.0 0.0
INFO:tensorflow:next_sentence_labels: 1
I1103 15:25:27.189756 47132119606336 create_pretraining_data.py:161] next_sentence_labels: 1
INFO:tensorflow:*** Example ***
I1103 15:25:27.190417 47132119606336 create_pretraining_data.py:149] *** Example ***
INFO:tensorflow:tokens: [CLS] الاحساس بالاخ [MASK] يتطلب مستوي عال من الانسانيه اؤمن [MASK] الانسانيه ترو [MASK] من خلال الان ##صاف فيما نقدم ##ه للاخرين وليس فيما نقدم ##ه لان ##فسنا حكمه [SEP] يحق للم ##زي ##ون ماله يحق [MASK] [SEP]
I1103 15:25:27.190575 47132119606336 create_pretraining_data.py:151] tokens: [CLS] الاحساس بالاخ [MASK] يتطلب مستوي عال من الانسانيه اؤمن [MASK] الانسانيه ترو [MASK] من خلال الان ##صاف فيما نقدم ##ه للاخرين وليس فيما نقدم ##ه لان ##فسنا حكمه [SEP] يحق للم ##زي ##ون ماله يحق [MASK] [SEP]
INFO:tensorflow:input_ids: 2 13766 22162 4 11648 8933 6862 1908 14657 28983 4 14657 26889 4 1908 2317 2311 12149 3200 9172 1028 25580 3607 3200 9172 1028 2551 9458 9960 3 11299 2189 2205 1922 8987 11299 4 3 0 0 0 0 0 0 0 0 0 0 0 0 0 0 0 0 0 0 0 0 0 0 0 0 0 0 0 0 0 0 0 0 0 0 0 0 0 0 0 0 0 0 0 0 0 0 0 0 0 0 0 0 0 0 0 0 0 0 0 0 0 0 0 0 0 0 0 0 0 0 0 0 0 0 0 0 0 0 0 0 0 0 0 0 0 0 0 0 0 0
I1103 15:25:27.190751 47132119606336 create_pretraining_data.py:161] input_ids: 2 13766 22162 4 11648 8933 6862 1908 14657 28983 4 14657 26889 4 1908 2317 2311 12149 3200 9172 1028 25580 3607 3200 9172 1028 2551 9458 9960 3 11299 2189 2205 1922 8987 11299 4 3 0 0 0 0 0 0 0 0 0 0 0 0 0 0 0 0 0 0 0 0 0 0 0 0 0 0 0 0 0 0 0 0 0 0 0 0 0 0 0 0 0 0 0 0 0 0 0 0 0 0 0 0 0 0 0 0 0 0 0 0 0 0 0 0 0 0 0 0 0 0 0 0 0 0 0 0 0 0 0 0 0 0 0 0 0 0 0 0 0 0
INFO:tensorflow:input_mask: 1 1 1 1 1 1 1 1 1 1 1 1 1 1 1 1 1 1 1 1 1 1 1 1 1 1 1 1 1 1 1 1 1 1 1 1 1 1 0 0 0 0 0 0 0 0 0 0 0 0 0 0 0 0 0 0 0 0 0 0 0 0 0 0 0 0 0 0 0 0 0 0 0 0 0 0 0 0 0 0 0 0 0 0 0 0 0 0 0 0 0 0 0 0 0 0 0 0 0 0 0 0 0 0 0 0 0 0 0 0 0 0 0 0 0 0 0 0 0 0 0 0 0 0 0 0 0 0
I1103 15:25:27.190931 47132119606336 create_pretraining_data.py:161] input_mask: 1 1 1 1 1 1 1 1 1 1 1 1 1 1 1 1 1 1 1 1 1 1 1 1 1 1 1 1 1 1 1 1 1 1 1 1 1 1 0 0 0 0 0 0 0 0 0 0 0 0 0 0 0 0 0 0 0 0 0 0 0 0 0 0 0 0 0 0 0 0 0 0 0 0 0 0 0 0 0 0 0 0 0 0 0 0 0 0 0 0 0 0 0 0 0 0 0 0 0 0 0 0 0 0 0 0 0 0 0 0 0 0 0 0 0 0 0 0 0 0 0 0 0 0 0 0 0 0
INFO:tensorflow:segment_ids: 0 0 0 0 0 0 0 0 0 0 0 0 0 0 0 0 0 0 0 0 0 0 0 0 0 0 0 0 0 0 1 1 1 1 1 1 1 1 0 0 0 0 0 0 0 0 0 0 0 0 0 0 0 0 0 0 0 0 0 0 0 0 0 0 0 0 0 0 0 0 0 0 0 0 0 0 0 0 0 0 0 0 0 0 0 0 0 0 0 0 0 0 0 0 0 0 0 0 0 0 0 0 0 0 0 0 0 0 0 0 0 0 0 0 0 0 0 0 0 0 0 0 0 0 0 0 0 0
I1103 15:25:27.191095 47132119606336 create_pretraining_data.py:161] segment_ids: 0 0 0 0 0 0 0 0 0 0 0 0 0 0 0 0 0 0 0 0 0 0 0 0 0 0 0 0 0 0 1 1 1 1 1 1 1 1 0 0 0 0 0 0 0 0 0 0 0 0 0 0 0 0 0 0 0 0 0 0 0 0 0 0 0 0 0 0 0 0 0 0 0 0 0 0 0 0 0 0 0 0 0 0 0 0 0 0 0 0 0 0 0 0 0 0 0 0 0 0 0 0 0 0 0 0 0 0 0 0 0 0 0 0 0 0 0 0 0 0 0 0 0 0 0 0 0 0
INFO:tensorflow:masked_lm_positions: 2 3 10 12 13 36 0 0 0 0 0 0 0 0 0 0 0 0 0 0
I1103 15:25:27.191221 47132119606336 create_pretraining_data.py:161] masked_lm_positions: 2 3 10 12 13 36 0 0 0 0 0 0 0 0 0 0 0 0 0 0
INFO:tensorflow:masked_lm_ids: 22162 1017 1939 2201 10135 21947 0 0 0 0 0 0 0 0 0 0 0 0 0 0
I1103 15:25:27.191348 47132119606336 create_pretraining_data.py:161] masked_lm_ids: 22162 1017 1939 2201 10135 21947 0 0 0 0 0 0 0 0 0 0 0 0 0 0
INFO:tensorflow:masked_lm_weights: 1.0 1.0 1.0 1.0 1.0 1.0 0.0 0.0 0.0 0.0 0.0 0.0 0.0 0.0 0.0 0.0 0.0 0.0 0.0 0.0
I1103 15:25:27.191470 47132119606336 create_pretraining_data.py:161] masked_lm_weights: 1.0 1.0 1.0 1.0 1.0 1.0 0.0 0.0 0.0 0.0 0.0 0.0 0.0 0.0 0.0 0.0 0.0 0.0 0.0 0.0
INFO:tensorflow:next_sentence_labels: 1
I1103 15:25:27.191583 47132119606336 create_pretraining_data.py:161] next_sentence_labels: 1
INFO:tensorflow:*** Example ***
I1103 15:25:27.192188 47132119606336 create_pretraining_data.py:149] *** Example ***
INFO:tensorflow:tokens: [CLS] خليك [MASK] [MASK] سعد الحارثي [MASK] [MASK] عيد مضي ##ع بين مرمي فريقه ومر ##مي الخصم الهلال [SEP] استف ##د من مقرر التقويم الكثير [MASK] سي ##جعل ##ني او ##ظف ##ه في مجال عملي [MASK] انني معلمه [SEP]
I1103 15:25:27.192347 47132119606336 create_pretraining_data.py:151] tokens: [CLS] خليك [MASK] [MASK] سعد الحارثي [MASK] [MASK] عيد مضي ##ع بين مرمي فريقه ومر ##مي الخصم الهلال [SEP] استف ##د من مقرر التقويم الكثير [MASK] سي ##جعل ##ني او ##ظف ##ه في مجال عملي [MASK] انني معلمه [SEP]
INFO:tensorflow:input_ids: 2 14916 4 4 4014 13859 4 4 4776 10666 1009 2117 24898 11207 5688 1960 18025 2675 3 14477 1016 1908 21536 17244 3486 4 2266 12101 1974 2213 4724 1028 1912 3697 13828 4 9196 28286 3 0 0 0 0 0 0 0 0 0 0 0 0 0 0 0 0 0 0 0 0 0 0 0 0 0 0 0 0 0 0 0 0 0 0 0 0 0 0 0 0 0 0 0 0 0 0 0 0 0 0 0 0 0 0 0 0 0 0 0 0 0 0 0 0 0 0 0 0 0 0 0 0 0 0 0 0 0 0 0 0 0 0 0 0 0 0 0 0 0
I1103 15:25:27.192524 47132119606336 create_pretraining_data.py:161] input_ids: 2 14916 4 4 4014 13859 4 4 4776 10666 1009 2117 24898 11207 5688 1960 18025 2675 3 14477 1016 1908 21536 17244 3486 4 2266 12101 1974 2213 4724 1028 1912 3697 13828 4 9196 28286 3 0 0 0 0 0 0 0 0 0 0 0 0 0 0 0 0 0 0 0 0 0 0 0 0 0 0 0 0 0 0 0 0 0 0 0 0 0 0 0 0 0 0 0 0 0 0 0 0 0 0 0 0 0 0 0 0 0 0 0 0 0 0 0 0 0 0 0 0 0 0 0 0 0 0 0 0 0 0 0 0 0 0 0 0 0 0 0 0 0
INFO:tensorflow:input_mask: 1 1 1 1 1 1 1 1 1 1 1 1 1 1 1 1 1 1 1 1 1 1 1 1 1 1 1 1 1 1 1 1 1 1 1 1 1 1 1 0 0 0 0 0 0 0 0 0 0 0 0 0 0 0 0 0 0 0 0 0 0 0 0 0 0 0 0 0 0 0 0 0 0 0 0 0 0 0 0 0 0 0 0 0 0 0 0 0 0 0 0 0 0 0 0 0 0 0 0 0 0 0 0 0 0 0 0 0 0 0 0 0 0 0 0 0 0 0 0 0 0 0 0 0 0 0 0 0
I1103 15:25:27.192692 47132119606336 create_pretraining_data.py:161] input_mask: 1 1 1 1 1 1 1 1 1 1 1 1 1 1 1 1 1 1 1 1 1 1 1 1 1 1 1 1 1 1 1 1 1 1 1 1 1 1 1 0 0 0 0 0 0 0 0 0 0 0 0 0 0 0 0 0 0 0 0 0 0 0 0 0 0 0 0 0 0 0 0 0 0 0 0 0 0 0 0 0 0 0 0 0 0 0 0 0 0 0 0 0 0 0 0 0 0 0 0 0 0 0 0 0 0 0 0 0 0 0 0 0 0 0 0 0 0 0 0 0 0 0 0 0 0 0 0 0
INFO:tensorflow:segment_ids: 0 0 0 0 0 0 0 0 0 0 0 0 0 0 0 0 0 0 0 1 1 1 1 1 1 1 1 1 1 1 1 1 1 1 1 1 1 1 1 0 0 0 0 0 0 0 0 0 0 0 0 0 0 0 0 0 0 0 0 0 0 0 0 0 0 0 0 0 0 0 0 0 0 0 0 0 0 0 0 0 0 0 0 0 0 0 0 0 0 0 0 0 0 0 0 0 0 0 0 0 0 0 0 0 0 0 0 0 0 0 0 0 0 0 0 0 0 0 0 0 0 0 0 0 0 0 0 0
I1103 15:25:27.192871 47132119606336 create_pretraining_data.py:161] segment_ids: 0 0 0 0 0 0 0 0 0 0 0 0 0 0 0 0 0 0 0 1 1 1 1 1 1 1 1 1 1 1 1 1 1 1 1 1 1 1 1 0 0 0 0 0 0 0 0 0 0 0 0 0 0 0 0 0 0 0 0 0 0 0 0 0 0 0 0 0 0 0 0 0 0 0 0 0 0 0 0 0 0 0 0 0 0 0 0 0 0 0 0 0 0 0 0 0 0 0 0 0 0 0 0 0 0 0 0 0 0 0 0 0 0 0 0 0 0 0 0 0 0 0 0 0 0 0 0 0
INFO:tensorflow:masked_lm_positions: 2 3 6 7 25 35 0 0 0 0 0 0 0 0 0 0 0 0 0 0
I1103 15:25:27.192998 47132119606336 create_pretraining_data.py:161] masked_lm_positions: 2 3 6 7 25 35 0 0 0 0 0 0 0 0 0 0 0 0 0 0
INFO:tensorflow:masked_lm_ids: 1908 8588 5729 2202 3077 2908 0 0 0 0 0 0 0 0 0 0 0 0 0 0
I1103 15:25:27.193117 47132119606336 create_pretraining_data.py:161] masked_lm_ids: 1908 8588 5729 2202 3077 2908 0 0 0 0 0 0 0 0 0 0 0 0 0 0
INFO:tensorflow:masked_lm_weights: 1.0 1.0 1.0 1.0 1.0 1.0 0.0 0.0 0.0 0.0 0.0 0.0 0.0 0.0 0.0 0.0 0.0 0.0 0.0 0.0
I1103 15:25:27.193239 47132119606336 create_pretraining_data.py:161] masked_lm_weights: 1.0 1.0 1.0 1.0 1.0 1.0 0.0 0.0 0.0 0.0 0.0 0.0 0.0 0.0 0.0 0.0 0.0 0.0 0.0 0.0
INFO:tensorflow:next_sentence_labels: 1
I1103 15:25:27.193359 47132119606336 create_pretraining_data.py:161] next_sentence_labels: 1
INFO:tensorflow:*** Example ***
I1103 15:25:27.193966 47132119606336 create_pretraining_data.py:149] *** Example ***
INFO:tensorflow:tokens: [CLS] مسابقه [MASK] خمسه ايفون 6 جائزه لمن يتوقع النتيجه الصحيحه [MASK] الديربي بين الهلال و النصر ريتويت فولو بالتوفيق للجميع [SEP] من الجزائر [MASK] التح ##به و التبر ##يك ##ات لكم قلوبنا معكم [MASK] و [MASK] الله ان ير ##عا ##كم [SEP]
I1103 15:25:27.194122 47132119606336 create_pretraining_data.py:151] tokens: [CLS] مسابقه [MASK] خمسه ايفون 6 جائزه لمن يتوقع النتيجه الصحيحه [MASK] الديربي بين الهلال و النصر ريتويت فولو بالتوفيق للجميع [SEP] من الجزائر [MASK] التح ##به و التبر ##يك ##ات لكم قلوبنا معكم [MASK] و [MASK] الله ان ير ##عا ##كم [SEP]
INFO:tensorflow:input_ids: 2 8722 4 18889 6376 26 13290 3043 12089 16349 19121 4 24415 2117 2675 415 3059 3425 3741 6515 5037 3 1908 3954 4 2541 2204 415 22878 2434 1904 3406 5034 11491 4 415 4 1953 1939 3067 2185 2018 3 0 0 0 0 0 0 0 0 0 0 0 0 0 0 0 0 0 0 0 0 0 0 0 0 0 0 0 0 0 0 0 0 0 0 0 0 0 0 0 0 0 0 0 0 0 0 0 0 0 0 0 0 0 0 0 0 0 0 0 0 0 0 0 0 0 0 0 0 0 0 0 0 0 0 0 0 0 0 0 0 0 0 0 0 0
I1103 15:25:27.194298 47132119606336 create_pretraining_data.py:161] input_ids: 2 8722 4 18889 6376 26 13290 3043 12089 16349 19121 4 24415 2117 2675 415 3059 3425 3741 6515 5037 3 1908 3954 4 2541 2204 415 22878 2434 1904 3406 5034 11491 4 415 4 1953 1939 3067 2185 2018 3 0 0 0 0 0 0 0 0 0 0 0 0 0 0 0 0 0 0 0 0 0 0 0 0 0 0 0 0 0 0 0 0 0 0 0 0 0 0 0 0 0 0 0 0 0 0 0 0 0 0 0 0 0 0 0 0 0 0 0 0 0 0 0 0 0 0 0 0 0 0 0 0 0 0 0 0 0 0 0 0 0 0 0 0 0
INFO:tensorflow:input_mask: 1 1 1 1 1 1 1 1 1 1 1 1 1 1 1 1 1 1 1 1 1 1 1 1 1 1 1 1 1 1 1 1 1 1 1 1 1 1 1 1 1 1 1 0 0 0 0 0 0 0 0 0 0 0 0 0 0 0 0 0 0 0 0 0 0 0 0 0 0 0 0 0 0 0 0 0 0 0 0 0 0 0 0 0 0 0 0 0 0 0 0 0 0 0 0 0 0 0 0 0 0 0 0 0 0 0 0 0 0 0 0 0 0 0 0 0 0 0 0 0 0 0 0 0 0 0 0 0
I1103 15:25:27.194468 47132119606336 create_pretraining_data.py:161] input_mask: 1 1 1 1 1 1 1 1 1 1 1 1 1 1 1 1 1 1 1 1 1 1 1 1 1 1 1 1 1 1 1 1 1 1 1 1 1 1 1 1 1 1 1 0 0 0 0 0 0 0 0 0 0 0 0 0 0 0 0 0 0 0 0 0 0 0 0 0 0 0 0 0 0 0 0 0 0 0 0 0 0 0 0 0 0 0 0 0 0 0 0 0 0 0 0 0 0 0 0 0 0 0 0 0 0 0 0 0 0 0 0 0 0 0 0 0 0 0 0 0 0 0 0 0 0 0 0 0
INFO:tensorflow:segment_ids: 0 0 0 0 0 0 0 0 0 0 0 0 0 0 0 0 0 0 0 0 0 0 1 1 1 1 1 1 1 1 1 1 1 1 1 1 1 1 1 1 1 1 1 0 0 0 0 0 0 0 0 0 0 0 0 0 0 0 0 0 0 0 0 0 0 0 0 0 0 0 0 0 0 0 0 0 0 0 0 0 0 0 0 0 0 0 0 0 0 0 0 0 0 0 0 0 0 0 0 0 0 0 0 0 0 0 0 0 0 0 0 0 0 0 0 0 0 0 0 0 0 0 0 0 0 0 0 0
I1103 15:25:27.194644 47132119606336 create_pretraining_data.py:161] segment_ids: 0 0 0 0 0 0 0 0 0 0 0 0 0 0 0 0 0 0 0 0 0 0 1 1 1 1 1 1 1 1 1 1 1 1 1 1 1 1 1 1 1 1 1 0 0 0 0 0 0 0 0 0 0 0 0 0 0 0 0 0 0 0 0 0 0 0 0 0 0 0 0 0 0 0 0 0 0 0 0 0 0 0 0 0 0 0 0 0 0 0 0 0 0 0 0 0 0 0 0 0 0 0 0 0 0 0 0 0 0 0 0 0 0 0 0 0 0 0 0 0 0 0 0 0 0 0 0 0
INFO:tensorflow:masked_lm_positions: 2 11 24 27 34 36 0 0 0 0 0 0 0 0 0 0 0 0 0 0
I1103 15:25:27.194769 47132119606336 create_pretraining_data.py:161] masked_lm_positions: 2 11 24 27 34 36 0 0 0 0 0 0 0 0 0 0 0 0 0 0
INFO:tensorflow:masked_lm_ids: 2548 23114 2038 415 7193 13314 0 0 0 0 0 0 0 0 0 0 0 0 0 0
I1103 15:25:27.194889 47132119606336 create_pretraining_data.py:161] masked_lm_ids: 2548 23114 2038 415 7193 13314 0 0 0 0 0 0 0 0 0 0 0 0 0 0
INFO:tensorflow:masked_lm_weights: 1.0 1.0 1.0 1.0 1.0 1.0 0.0 0.0 0.0 0.0 0.0 0.0 0.0 0.0 0.0 0.0 0.0 0.0 0.0 0.0
I1103 15:25:27.195011 47132119606336 create_pretraining_data.py:161] masked_lm_weights: 1.0 1.0 1.0 1.0 1.0 1.0 0.0 0.0 0.0 0.0 0.0 0.0 0.0 0.0 0.0 0.0 0.0 0.0 0.0 0.0
INFO:tensorflow:next_sentence_labels: 1
I1103 15:25:27.195125 47132119606336 create_pretraining_data.py:161] next_sentence_labels: 1
INFO:tensorflow:*** Example ***
I1103 15:25:27.195778 47132119606336 create_pretraining_data.py:149] *** Example ***
INFO:tensorflow:tokens: [CLS] [MASK] ما يجعل اذن ##اب ايران يفقد ##ون الصواب [MASK] ملح المقبله [MASK] الله ساك ##ون في الموعد كما رجال ##نا المرابطين في موعد ##هم والو ##عد قدام و يخ ##سي [MASK] [SEP] مو ضروري اعيش قصه حب واخر شي اتح ##سف مو ضروري اصير مغ ##فله واعط ##يه كل [MASK] يبي ##ه [MASK] [MASK] علي فتحي عين ##ج اذا يبي ##ج يجي يط ##ق باب بيتك ##م اونلاين [MASK] دعو [SEP]
I1103 15:25:27.195949 47132119606336 create_pretraining_data.py:151] tokens: [CLS] [MASK] ما يجعل اذن ##اب ايران يفقد ##ون الصواب [MASK] ملح المقبله [MASK] الله ساك ##ون في الموعد كما رجال ##نا المرابطين في موعد ##هم والو ##عد قدام و يخ ##سي [MASK] [SEP] مو ضروري اعيش قصه حب واخر شي اتح ##سف مو ضروري اصير مغ ##فله واعط ##يه كل [MASK] يبي ##ه [MASK] [MASK] علي فتحي عين ##ج اذا يبي ##ج يجي يط ##ق باب بيتك ##م اونلاين [MASK] دعو [SEP]
INFO:tensorflow:input_ids: 2 4 1972 5754 11054 1933 3115 13289 1922 19731 4 5769 27182 4 1953 23599 1922 1912 14575 2306 4077 1914 15239 1912 5711 1949 11031 1969 8850 415 2875 1999 4 3 2481 14777 12459 7887 3151 10336 2228 11415 5084 2481 14777 28185 3203 10816 28788 1988 2038 4 7345 1028 4 4 1958 18547 3334 1041 2387 7345 1041 8186 3012 1011 3153 12255 1015 14432 4 3898 3 0 0 0 0 0 0 0 0 0 0 0 0 0 0 0 0 0 0 0 0 0 0 0 0 0 0 0 0 0 0 0 0 0 0 0 0 0 0 0 0 0 0 0 0 0 0 0 0 0 0 0 0 0 0 0
I1103 15:25:27.196134 47132119606336 create_pretraining_data.py:161] input_ids: 2 4 1972 5754 11054 1933 3115 13289 1922 19731 4 5769 27182 4 1953 23599 1922 1912 14575 2306 4077 1914 15239 1912 5711 1949 11031 1969 8850 415 2875 1999 4 3 2481 14777 12459 7887 3151 10336 2228 11415 5084 2481 14777 28185 3203 10816 28788 1988 2038 4 7345 1028 4 4 1958 18547 3334 1041 2387 7345 1041 8186 3012 1011 3153 12255 1015 14432 4 3898 3 0 0 0 0 0 0 0 0 0 0 0 0 0 0 0 0 0 0 0 0 0 0 0 0 0 0 0 0 0 0 0 0 0 0 0 0 0 0 0 0 0 0 0 0 0 0 0 0 0 0 0 0 0 0 0
INFO:tensorflow:input_mask: 1 1 1 1 1 1 1 1 1 1 1 1 1 1 1 1 1 1 1 1 1 1 1 1 1 1 1 1 1 1 1 1 1 1 1 1 1 1 1 1 1 1 1 1 1 1 1 1 1 1 1 1 1 1 1 1 1 1 1 1 1 1 1 1 1 1 1 1 1 1 1 1 1 0 0 0 0 0 0 0 0 0 0 0 0 0 0 0 0 0 0 0 0 0 0 0 0 0 0 0 0 0 0 0 0 0 0 0 0 0 0 0 0 0 0 0 0 0 0 0 0 0 0 0 0 0 0 0
I1103 15:25:27.196329 47132119606336 create_pretraining_data.py:161] input_mask: 1 1 1 1 1 1 1 1 1 1 1 1 1 1 1 1 1 1 1 1 1 1 1 1 1 1 1 1 1 1 1 1 1 1 1 1 1 1 1 1 1 1 1 1 1 1 1 1 1 1 1 1 1 1 1 1 1 1 1 1 1 1 1 1 1 1 1 1 1 1 1 1 1 0 0 0 0 0 0 0 0 0 0 0 0 0 0 0 0 0 0 0 0 0 0 0 0 0 0 0 0 0 0 0 0 0 0 0 0 0 0 0 0 0 0 0 0 0 0 0 0 0 0 0 0 0 0 0
INFO:tensorflow:segment_ids: 0 0 0 0 0 0 0 0 0 0 0 0 0 0 0 0 0 0 0 0 0 0 0 0 0 0 0 0 0 0 0 0 0 0 1 1 1 1 1 1 1 1 1 1 1 1 1 1 1 1 1 1 1 1 1 1 1 1 1 1 1 1 1 1 1 1 1 1 1 1 1 1 1 0 0 0 0 0 0 0 0 0 0 0 0 0 0 0 0 0 0 0 0 0 0 0 0 0 0 0 0 0 0 0 0 0 0 0 0 0 0 0 0 0 0 0 0 0 0 0 0 0 0 0 0 0 0 0
I1103 15:25:27.196499 47132119606336 create_pretraining_data.py:161] segment_ids: 0 0 0 0 0 0 0 0 0 0 0 0 0 0 0 0 0 0 0 0 0 0 0 0 0 0 0 0 0 0 0 0 0 0 1 1 1 1 1 1 1 1 1 1 1 1 1 1 1 1 1 1 1 1 1 1 1 1 1 1 1 1 1 1 1 1 1 1 1 1 1 1 1 0 0 0 0 0 0 0 0 0 0 0 0 0 0 0 0 0 0 0 0 0 0 0 0 0 0 0 0 0 0 0 0 0 0 0 0 0 0 0 0 0 0 0 0 0 0 0 0 0 0 0 0 0 0 0
INFO:tensorflow:masked_lm_positions: 1 10 11 13 32 51 54 55 69 70 71 0 0 0 0 0 0 0 0 0
I1103 15:25:27.196627 47132119606336 create_pretraining_data.py:161] masked_lm_positions: 1 10 11 13 32 51 54 55 69 70 71 0 0 0 0 0 0 0 0 0
INFO:tensorflow:masked_lm_ids: 5040 23745 1921 4292 7696 2115 4274 2074 10678 3916 1041 0 0 0 0 0 0 0 0 0
I1103 15:25:27.196749 47132119606336 create_pretraining_data.py:161] masked_lm_ids: 5040 23745 1921 4292 7696 2115 4274 2074 10678 3916 1041 0 0 0 0 0 0 0 0 0
INFO:tensorflow:masked_lm_weights: 1.0 1.0 1.0 1.0 1.0 1.0 1.0 1.0 1.0 1.0 1.0 0.0 0.0 0.0 0.0 0.0 0.0 0.0 0.0 0.0
I1103 15:25:27.196873 47132119606336 create_pretraining_data.py:161] masked_lm_weights: 1.0 1.0 1.0 1.0 1.0 1.0 1.0 1.0 1.0 1.0 1.0 0.0 0.0 0.0 0.0 0.0 0.0 0.0 0.0 0.0
INFO:tensorflow:next_sentence_labels: 1
I1103 15:25:27.196987 47132119606336 create_pretraining_data.py:161] next_sentence_labels: 1
INFO:tensorflow:*** Example ***
I1103 15:25:27.197605 47132119606336 create_pretraining_data.py:149] *** Example ***
INFO:tensorflow:tokens: [CLS] يا داري [MASK] [MASK] ويا ##حل ##و الجسم وط ##طط ##يز ##ز [SEP] لات ##ه ##ز الغ ##صن يان ##ف ##ح الشمال الورق ياب ##س ولام ##نك دفا كل ليله انتظر [MASK] وصال لين طاح ##ت له ##فتي بحض [MASK] الجفا [SEP]
I1103 15:25:27.197760 47132119606336 create_pretraining_data.py:151] tokens: [CLS] يا داري [MASK] [MASK] ويا ##حل ##و الجسم وط ##طط ##يز ##ز [SEP] لات ##ه ##ز الغ ##صن يان ##ف ##ح الشمال الورق ياب ##س ولام ##نك دفا كل ليله انتظر [MASK] وصال لين طاح ##ت له ##فتي بحض [MASK] الجفا [SEP]
INFO:tensorflow:input_ids: 2 2104 24964 4 4 5843 4278 1012 6223 2806 6250 2569 1008 3 2955 1028 1008 2173 11494 8585 1037 1032 4431 16834 5453 1033 27085 2923 26506 2038 6373 9898 4 25266 5133 16345 1005 2154 21738 23813 4 22745 3 0 0 0 0 0 0 0 0 0 0 0 0 0 0 0 0 0 0 0 0 0 0 0 0 0 0 0 0 0 0 0 0 0 0 0 0 0 0 0 0 0 0 0 0 0 0 0 0 0 0 0 0 0 0 0 0 0 0 0 0 0 0 0 0 0 0 0 0 0 0 0 0 0 0 0 0 0 0 0 0 0 0 0 0 0
I1103 15:25:27.197937 47132119606336 create_pretraining_data.py:161] input_ids: 2 2104 24964 4 4 5843 4278 1012 6223 2806 6250 2569 1008 3 2955 1028 1008 2173 11494 8585 1037 1032 4431 16834 5453 1033 27085 2923 26506 2038 6373 9898 4 25266 5133 16345 1005 2154 21738 23813 4 22745 3 0 0 0 0 0 0 0 0 0 0 0 0 0 0 0 0 0 0 0 0 0 0 0 0 0 0 0 0 0 0 0 0 0 0 0 0 0 0 0 0 0 0 0 0 0 0 0 0 0 0 0 0 0 0 0 0 0 0 0 0 0 0 0 0 0 0 0 0 0 0 0 0 0 0 0 0 0 0 0 0 0 0 0 0 0
INFO:tensorflow:input_mask: 1 1 1 1 1 1 1 1 1 1 1 1 1 1 1 1 1 1 1 1 1 1 1 1 1 1 1 1 1 1 1 1 1 1 1 1 1 1 1 1 1 1 1 0 0 0 0 0 0 0 0 0 0 0 0 0 0 0 0 0 0 0 0 0 0 0 0 0 0 0 0 0 0 0 0 0 0 0 0 0 0 0 0 0 0 0 0 0 0 0 0 0 0 0 0 0 0 0 0 0 0 0 0 0 0 0 0 0 0 0 0 0 0 0 0 0 0 0 0 0 0 0 0 0 0 0 0 0
I1103 15:25:27.198103 47132119606336 create_pretraining_data.py:161] input_mask: 1 1 1 1 1 1 1 1 1 1 1 1 1 1 1 1 1 1 1 1 1 1 1 1 1 1 1 1 1 1 1 1 1 1 1 1 1 1 1 1 1 1 1 0 0 0 0 0 0 0 0 0 0 0 0 0 0 0 0 0 0 0 0 0 0 0 0 0 0 0 0 0 0 0 0 0 0 0 0 0 0 0 0 0 0 0 0 0 0 0 0 0 0 0 0 0 0 0 0 0 0 0 0 0 0 0 0 0 0 0 0 0 0 0 0 0 0 0 0 0 0 0 0 0 0 0 0 0
INFO:tensorflow:segment_ids: 0 0 0 0 0 0 0 0 0 0 0 0 0 0 1 1 1 1 1 1 1 1 1 1 1 1 1 1 1 1 1 1 1 1 1 1 1 1 1 1 1 1 1 0 0 0 0 0 0 0 0 0 0 0 0 0 0 0 0 0 0 0 0 0 0 0 0 0 0 0 0 0 0 0 0 0 0 0 0 0 0 0 0 0 0 0 0 0 0 0 0 0 0 0 0 0 0 0 0 0 0 0 0 0 0 0 0 0 0 0 0 0 0 0 0 0 0 0 0 0 0 0 0 0 0 0 0 0
I1103 15:25:27.198283 47132119606336 create_pretraining_data.py:161] segment_ids: 0 0 0 0 0 0 0 0 0 0 0 0 0 0 1 1 1 1 1 1 1 1 1 1 1 1 1 1 1 1 1 1 1 1 1 1 1 1 1 1 1 1 1 0 0 0 0 0 0 0 0 0 0 0 0 0 0 0 0 0 0 0 0 0 0 0 0 0 0 0 0 0 0 0 0 0 0 0 0 0 0 0 0 0 0 0 0 0 0 0 0 0 0 0 0 0 0 0 0 0 0 0 0 0 0 0 0 0 0 0 0 0 0 0 0 0 0 0 0 0 0 0 0 0 0 0 0 0
INFO:tensorflow:masked_lm_positions: 2 3 4 32 39 40 0 0 0 0 0 0 0 0 0 0 0 0 0 0
I1103 15:25:27.198419 47132119606336 create_pretraining_data.py:161] masked_lm_positions: 2 3 4 32 39 40 0 0 0 0 0 0 0 0 0 0 0 0 0 0
INFO:tensorflow:masked_lm_ids: 3740 5374 1904 2739 23813 1006 0 0 0 0 0 0 0 0 0 0 0 0 0 0
I1103 15:25:27.198540 47132119606336 create_pretraining_data.py:161] masked_lm_ids: 3740 5374 1904 2739 23813 1006 0 0 0 0 0 0 0 0 0 0 0 0 0 0
INFO:tensorflow:masked_lm_weights: 1.0 1.0 1.0 1.0 1.0 1.0 0.0 0.0 0.0 0.0 0.0 0.0 0.0 0.0 0.0 0.0 0.0 0.0 0.0 0.0
I1103 15:25:27.198663 47132119606336 create_pretraining_data.py:161] masked_lm_weights: 1.0 1.0 1.0 1.0 1.0 1.0 0.0 0.0 0.0 0.0 0.0 0.0 0.0 0.0 0.0 0.0 0.0 0.0 0.0 0.0
INFO:tensorflow:next_sentence_labels: 1
I1103 15:25:27.198775 47132119606336 create_pretraining_data.py:161] next_sentence_labels: 1
INFO:tensorflow:*** Example ***
I1103 15:25:27.199434 47132119606336 create_pretraining_data.py:149] *** Example ***
INFO:tensorflow:tokens: [CLS] عروض قسم الليزر للحجز والاستفسار الروضه 0114938919 النزهه [MASK] [SEP] لما تكون بت ##ذاكر و [MASK] جم ##بك [SEP]
I1103 15:25:27.199585 47132119606336 create_pretraining_data.py:151] tokens: [CLS] عروض قسم الليزر للحجز والاستفسار الروضه 0114938919 النزهه [MASK] [SEP] لما تكون بت ##ذاكر و [MASK] جم ##بك [SEP]
INFO:tensorflow:input_ids: 2 4559 2122 4164 15340 28712 17979 24661 23014 4 3 2518 2652 2206 6195 415 4 4923 2309 3 0 0 0 0 0 0 0 0 0 0 0 0 0 0 0 0 0 0 0 0 0 0 0 0 0 0 0 0 0 0 0 0 0 0 0 0 0 0 0 0 0 0 0 0 0 0 0 0 0 0 0 0 0 0 0 0 0 0 0 0 0 0 0 0 0 0 0 0 0 0 0 0 0 0 0 0 0 0 0 0 0 0 0 0 0 0 0 0 0 0 0 0 0 0 0 0 0 0 0 0 0 0 0 0 0 0 0 0
I1103 15:25:27.199755 47132119606336 create_pretraining_data.py:161] input_ids: 2 4559 2122 4164 15340 28712 17979 24661 23014 4 3 2518 2652 2206 6195 415 4 4923 2309 3 0 0 0 0 0 0 0 0 0 0 0 0 0 0 0 0 0 0 0 0 0 0 0 0 0 0 0 0 0 0 0 0 0 0 0 0 0 0 0 0 0 0 0 0 0 0 0 0 0 0 0 0 0 0 0 0 0 0 0 0 0 0 0 0 0 0 0 0 0 0 0 0 0 0 0 0 0 0 0 0 0 0 0 0 0 0 0 0 0 0 0 0 0 0 0 0 0 0 0 0 0 0 0 0 0 0 0 0
INFO:tensorflow:input_mask: 1 1 1 1 1 1 1 1 1 1 1 1 1 1 1 1 1 1 1 1 0 0 0 0 0 0 0 0 0 0 0 0 0 0 0 0 0 0 0 0 0 0 0 0 0 0 0 0 0 0 0 0 0 0 0 0 0 0 0 0 0 0 0 0 0 0 0 0 0 0 0 0 0 0 0 0 0 0 0 0 0 0 0 0 0 0 0 0 0 0 0 0 0 0 0 0 0 0 0 0 0 0 0 0 0 0 0 0 0 0 0 0 0 0 0 0 0 0 0 0 0 0 0 0 0 0 0 0
I1103 15:25:27.199918 47132119606336 create_pretraining_data.py:161] input_mask: 1 1 1 1 1 1 1 1 1 1 1 1 1 1 1 1 1 1 1 1 0 0 0 0 0 0 0 0 0 0 0 0 0 0 0 0 0 0 0 0 0 0 0 0 0 0 0 0 0 0 0 0 0 0 0 0 0 0 0 0 0 0 0 0 0 0 0 0 0 0 0 0 0 0 0 0 0 0 0 0 0 0 0 0 0 0 0 0 0 0 0 0 0 0 0 0 0 0 0 0 0 0 0 0 0 0 0 0 0 0 0 0 0 0 0 0 0 0 0 0 0 0 0 0 0 0 0 0
INFO:tensorflow:segment_ids: 0 0 0 0 0 0 0 0 0 0 0 1 1 1 1 1 1 1 1 1 0 0 0 0 0 0 0 0 0 0 0 0 0 0 0 0 0 0 0 0 0 0 0 0 0 0 0 0 0 0 0 0 0 0 0 0 0 0 0 0 0 0 0 0 0 0 0 0 0 0 0 0 0 0 0 0 0 0 0 0 0 0 0 0 0 0 0 0 0 0 0 0 0 0 0 0 0 0 0 0 0 0 0 0 0 0 0 0 0 0 0 0 0 0 0 0 0 0 0 0 0 0 0 0 0 0 0 0
I1103 15:25:27.200077 47132119606336 create_pretraining_data.py:161] segment_ids: 0 0 0 0 0 0 0 0 0 0 0 1 1 1 1 1 1 1 1 1 0 0 0 0 0 0 0 0 0 0 0 0 0 0 0 0 0 0 0 0 0 0 0 0 0 0 0 0 0 0 0 0 0 0 0 0 0 0 0 0 0 0 0 0 0 0 0 0 0 0 0 0 0 0 0 0 0 0 0 0 0 0 0 0 0 0 0 0 0 0 0 0 0 0 0 0 0 0 0 0 0 0 0 0 0 0 0 0 0 0 0 0 0 0 0 0 0 0 0 0 0 0 0 0 0 0 0 0
INFO:tensorflow:masked_lm_positions: 1 9 16 0 0 0 0 0 0 0 0 0 0 0 0 0 0 0 0 0
I1103 15:25:27.200218 47132119606336 create_pretraining_data.py:161] masked_lm_positions: 1 9 16 0 0 0 0 0 0 0 0 0 0 0 0 0 0 0 0 0
INFO:tensorflow:masked_lm_ids: 4559 28767 9351 0 0 0 0 0 0 0 0 0 0 0 0 0 0 0 0 0
I1103 15:25:27.200345 47132119606336 create_pretraining_data.py:161] masked_lm_ids: 4559 28767 9351 0 0 0 0 0 0 0 0 0 0 0 0 0 0 0 0 0
INFO:tensorflow:masked_lm_weights: 1.0 1.0 1.0 0.0 0.0 0.0 0.0 0.0 0.0 0.0 0.0 0.0 0.0 0.0 0.0 0.0 0.0 0.0 0.0 0.0
I1103 15:25:27.200469 47132119606336 create_pretraining_data.py:161] masked_lm_weights: 1.0 1.0 1.0 0.0 0.0 0.0 0.0 0.0 0.0 0.0 0.0 0.0 0.0 0.0 0.0 0.0 0.0 0.0 0.0 0.0
INFO:tensorflow:next_sentence_labels: 1
I1103 15:25:27.200581 47132119606336 create_pretraining_data.py:161] next_sentence_labels: 1
INFO:tensorflow:*** Example ***
I1103 15:25:27.201199 47132119606336 create_pretraining_data.py:149] *** Example ***
INFO:tensorflow:tokens: [CLS] [MASK] [MASK] [MASK] والعافيه وبعد ##ك معاني للض ##ياع و وجهك سما ##نا الص ##افيه بالله لا تط ##ري الوداع [SEP] انا المحيط الا انا اشد و اق ##وا ان كانها بالشعر فالق ##اف مضمون [MASK] هاج ##سن لامن زه ##مته [MASK] [MASK] [MASK] [MASK] السا ##ير الخلق تب ##طون حمدان [SEP]
I1103 15:25:27.201364 47132119606336 create_pretraining_data.py:151] tokens: [CLS] [MASK] [MASK] [MASK] والعافيه وبعد ##ك معاني للض ##ياع و وجهك سما ##نا الص ##افيه بالله لا تط ##ري الوداع [SEP] انا المحيط الا انا اشد و اق ##وا ان كانها بالشعر فالق ##اف مضمون [MASK] هاج ##سن لامن زه ##مته [MASK] [MASK] [MASK] [MASK] السا ##ير الخلق تب ##طون حمدان [SEP]
INFO:tensorflow:input_ids: 2 4 4 4 13125 3807 1014 12919 9317 8663 415 7950 4797 1914 1996 4291 3351 1963 2432 1923 16710 3 2315 10910 1915 2315 10091 415 2536 1928 1939 24628 15272 23847 1982 13325 4 16261 2513 20784 11266 27508 4 4 4 4 14233 1916 6991 2500 8785 14089 3 0 0 0 0 0 0 0 0 0 0 0 0 0 0 0 0 0 0 0 0 0 0 0 0 0 0 0 0 0 0 0 0 0 0 0 0 0 0 0 0 0 0 0 0 0 0 0 0 0 0 0 0 0 0 0 0 0 0 0 0 0 0 0 0 0 0 0 0 0 0 0 0 0 0 0
I1103 15:25:27.201544 47132119606336 create_pretraining_data.py:161] input_ids: 2 4 4 4 13125 3807 1014 12919 9317 8663 415 7950 4797 1914 1996 4291 3351 1963 2432 1923 16710 3 2315 10910 1915 2315 10091 415 2536 1928 1939 24628 15272 23847 1982 13325 4 16261 2513 20784 11266 27508 4 4 4 4 14233 1916 6991 2500 8785 14089 3 0 0 0 0 0 0 0 0 0 0 0 0 0 0 0 0 0 0 0 0 0 0 0 0 0 0 0 0 0 0 0 0 0 0 0 0 0 0 0 0 0 0 0 0 0 0 0 0 0 0 0 0 0 0 0 0 0 0 0 0 0 0 0 0 0 0 0 0 0 0 0 0 0 0 0
INFO:tensorflow:input_mask: 1 1 1 1 1 1 1 1 1 1 1 1 1 1 1 1 1 1 1 1 1 1 1 1 1 1 1 1 1 1 1 1 1 1 1 1 1 1 1 1 1 1 1 1 1 1 1 1 1 1 1 1 1 0 0 0 0 0 0 0 0 0 0 0 0 0 0 0 0 0 0 0 0 0 0 0 0 0 0 0 0 0 0 0 0 0 0 0 0 0 0 0 0 0 0 0 0 0 0 0 0 0 0 0 0 0 0 0 0 0 0 0 0 0 0 0 0 0 0 0 0 0 0 0 0 0 0 0
I1103 15:25:27.201713 47132119606336 create_pretraining_data.py:161] input_mask: 1 1 1 1 1 1 1 1 1 1 1 1 1 1 1 1 1 1 1 1 1 1 1 1 1 1 1 1 1 1 1 1 1 1 1 1 1 1 1 1 1 1 1 1 1 1 1 1 1 1 1 1 1 0 0 0 0 0 0 0 0 0 0 0 0 0 0 0 0 0 0 0 0 0 0 0 0 0 0 0 0 0 0 0 0 0 0 0 0 0 0 0 0 0 0 0 0 0 0 0 0 0 0 0 0 0 0 0 0 0 0 0 0 0 0 0 0 0 0 0 0 0 0 0 0 0 0 0
INFO:tensorflow:segment_ids: 0 0 0 0 0 0 0 0 0 0 0 0 0 0 0 0 0 0 0 0 0 0 1 1 1 1 1 1 1 1 1 1 1 1 1 1 1 1 1 1 1 1 1 1 1 1 1 1 1 1 1 1 1 0 0 0 0 0 0 0 0 0 0 0 0 0 0 0 0 0 0 0 0 0 0 0 0 0 0 0 0 0 0 0 0 0 0 0 0 0 0 0 0 0 0 0 0 0 0 0 0 0 0 0 0 0 0 0 0 0 0 0 0 0 0 0 0 0 0 0 0 0 0 0 0 0 0 0
I1103 15:25:27.201874 47132119606336 create_pretraining_data.py:161] segment_ids: 0 0 0 0 0 0 0 0 0 0 0 0 0 0 0 0 0 0 0 0 0 0 1 1 1 1 1 1 1 1 1 1 1 1 1 1 1 1 1 1 1 1 1 1 1 1 1 1 1 1 1 1 1 0 0 0 0 0 0 0 0 0 0 0 0 0 0 0 0 0 0 0 0 0 0 0 0 0 0 0 0 0 0 0 0 0 0 0 0 0 0 0 0 0 0 0 0 0 0 0 0 0 0 0 0 0 0 0 0 0 0 0 0 0 0 0 0 0 0 0 0 0 0 0 0 0 0 0
INFO:tensorflow:masked_lm_positions: 1 2 3 36 42 43 44 45 0 0 0 0 0 0 0 0 0 0 0 0
I1103 15:25:27.202018 47132119606336 create_pretraining_data.py:161] masked_lm_positions: 1 2 3 36 42 43 44 45 0 0 0 0 0 0 0 0 0 0 0 0
INFO:tensorflow:masked_lm_ids: 2164 20341 1007 2134 7746 1928 21877 2722 0 0 0 0 0 0 0 0 0 0 0 0
I1103 15:25:27.202143 47132119606336 create_pretraining_data.py:161] masked_lm_ids: 2164 20341 1007 2134 7746 1928 21877 2722 0 0 0 0 0 0 0 0 0 0 0 0
INFO:tensorflow:masked_lm_weights: 1.0 1.0 1.0 1.0 1.0 1.0 1.0 1.0 0.0 0.0 0.0 0.0 0.0 0.0 0.0 0.0 0.0 0.0 0.0 0.0
I1103 15:25:27.202266 47132119606336 create_pretraining_data.py:161] masked_lm_weights: 1.0 1.0 1.0 1.0 1.0 1.0 1.0 1.0 0.0 0.0 0.0 0.0 0.0 0.0 0.0 0.0 0.0 0.0 0.0 0.0
INFO:tensorflow:next_sentence_labels: 1
I1103 15:25:27.202386 47132119606336 create_pretraining_data.py:161] next_sentence_labels: 1
INFO:tensorflow:*** Example ***
I1103 15:25:27.202995 47132119606336 create_pretraining_data.py:149] *** Example ***
INFO:tensorflow:tokens: [CLS] وين [MASK] [MASK] [SEP] ايه والله ابكي ليتني ما فقدت ##ك ايه والله انه ما جبر صيدا شيء [SEP]
I1103 15:25:27.203140 47132119606336 create_pretraining_data.py:151] tokens: [CLS] وين [MASK] [MASK] [SEP] ايه والله ابكي ليتني ما فقدت ##ك ايه والله انه ما جبر صيدا شيء [SEP]
INFO:tensorflow:input_ids: 2 3266 4 4 3 4138 2706 16875 15678 1972 11581 1014 4138 2706 2615 1972 8814 11931 2621 3 0 0 0 0 0 0 0 0 0 0 0 0 0 0 0 0 0 0 0 0 0 0 0 0 0 0 0 0 0 0 0 0 0 0 0 0 0 0 0 0 0 0 0 0 0 0 0 0 0 0 0 0 0 0 0 0 0 0 0 0 0 0 0 0 0 0 0 0 0 0 0 0 0 0 0 0 0 0 0 0 0 0 0 0 0 0 0 0 0 0 0 0 0 0 0 0 0 0 0 0 0 0 0 0 0 0 0 0
I1103 15:25:27.203318 47132119606336 create_pretraining_data.py:161] input_ids: 2 3266 4 4 3 4138 2706 16875 15678 1972 11581 1014 4138 2706 2615 1972 8814 11931 2621 3 0 0 0 0 0 0 0 0 0 0 0 0 0 0 0 0 0 0 0 0 0 0 0 0 0 0 0 0 0 0 0 0 0 0 0 0 0 0 0 0 0 0 0 0 0 0 0 0 0 0 0 0 0 0 0 0 0 0 0 0 0 0 0 0 0 0 0 0 0 0 0 0 0 0 0 0 0 0 0 0 0 0 0 0 0 0 0 0 0 0 0 0 0 0 0 0 0 0 0 0 0 0 0 0 0 0 0 0
INFO:tensorflow:input_mask: 1 1 1 1 1 1 1 1 1 1 1 1 1 1 1 1 1 1 1 1 0 0 0 0 0 0 0 0 0 0 0 0 0 0 0 0 0 0 0 0 0 0 0 0 0 0 0 0 0 0 0 0 0 0 0 0 0 0 0 0 0 0 0 0 0 0 0 0 0 0 0 0 0 0 0 0 0 0 0 0 0 0 0 0 0 0 0 0 0 0 0 0 0 0 0 0 0 0 0 0 0 0 0 0 0 0 0 0 0 0 0 0 0 0 0 0 0 0 0 0 0 0 0 0 0 0 0 0
I1103 15:25:27.203487 47132119606336 create_pretraining_data.py:161] input_mask: 1 1 1 1 1 1 1 1 1 1 1 1 1 1 1 1 1 1 1 1 0 0 0 0 0 0 0 0 0 0 0 0 0 0 0 0 0 0 0 0 0 0 0 0 0 0 0 0 0 0 0 0 0 0 0 0 0 0 0 0 0 0 0 0 0 0 0 0 0 0 0 0 0 0 0 0 0 0 0 0 0 0 0 0 0 0 0 0 0 0 0 0 0 0 0 0 0 0 0 0 0 0 0 0 0 0 0 0 0 0 0 0 0 0 0 0 0 0 0 0 0 0 0 0 0 0 0 0
INFO:tensorflow:segment_ids: 0 0 0 0 0 1 1 1 1 1 1 1 1 1 1 1 1 1 1 1 0 0 0 0 0 0 0 0 0 0 0 0 0 0 0 0 0 0 0 0 0 0 0 0 0 0 0 0 0 0 0 0 0 0 0 0 0 0 0 0 0 0 0 0 0 0 0 0 0 0 0 0 0 0 0 0 0 0 0 0 0 0 0 0 0 0 0 0 0 0 0 0 0 0 0 0 0 0 0 0 0 0 0 0 0 0 0 0 0 0 0 0 0 0 0 0 0 0 0 0 0 0 0 0 0 0 0 0
I1103 15:25:27.203645 47132119606336 create_pretraining_data.py:161] segment_ids: 0 0 0 0 0 1 1 1 1 1 1 1 1 1 1 1 1 1 1 1 0 0 0 0 0 0 0 0 0 0 0 0 0 0 0 0 0 0 0 0 0 0 0 0 0 0 0 0 0 0 0 0 0 0 0 0 0 0 0 0 0 0 0 0 0 0 0 0 0 0 0 0 0 0 0 0 0 0 0 0 0 0 0 0 0 0 0 0 0 0 0 0 0 0 0 0 0 0 0 0 0 0 0 0 0 0 0 0 0 0 0 0 0 0 0 0 0 0 0 0 0 0 0 0 0 0 0 0
INFO:tensorflow:masked_lm_positions: 2 3 17 0 0 0 0 0 0 0 0 0 0 0 0 0 0 0 0 0
I1103 15:25:27.203769 47132119606336 create_pretraining_data.py:161] masked_lm_positions: 2 3 17 0 0 0 0 0 0 0 0 0 0 0 0 0 0 0 0 0
INFO:tensorflow:masked_lm_ids: 3490 1012 12627 0 0 0 0 0 0 0 0 0 0 0 0 0 0 0 0 0
I1103 15:25:27.203887 47132119606336 create_pretraining_data.py:161] masked_lm_ids: 3490 1012 12627 0 0 0 0 0 0 0 0 0 0 0 0 0 0 0 0 0
INFO:tensorflow:masked_lm_weights: 1.0 1.0 1.0 0.0 0.0 0.0 0.0 0.0 0.0 0.0 0.0 0.0 0.0 0.0 0.0 0.0 0.0 0.0 0.0 0.0
I1103 15:25:27.204022 47132119606336 create_pretraining_data.py:161] masked_lm_weights: 1.0 1.0 1.0 0.0 0.0 0.0 0.0 0.0 0.0 0.0 0.0 0.0 0.0 0.0 0.0 0.0 0.0 0.0 0.0 0.0
INFO:tensorflow:next_sentence_labels: 1
I1103 15:25:27.204138 47132119606336 create_pretraining_data.py:161] next_sentence_labels: 1
INFO:tensorflow:*** Example ***
I1103 15:25:27.204741 47132119606336 create_pretraining_data.py:149] *** Example ***
INFO:tensorflow:tokens: [CLS] استغفر الله الذي [MASK] اله الا هو الحي القيوم واتوب اليه [SEP] الامير ماج ##اب شي [MASK] اسمع العو ##يران [MASK] يقول [SEP]
I1103 15:25:27.204887 47132119606336 create_pretraining_data.py:151] tokens: [CLS] استغفر الله الذي [MASK] اله الا هو الحي القيوم واتوب اليه [SEP] الامير ماج ##اب شي [MASK] اسمع العو ##يران [MASK] يقول [SEP]
INFO:tensorflow:input_ids: 2 2870 1953 2130 4 2090 1915 2139 3593 7840 3915 3055 3 3926 8852 1933 2228 4 9968 15856 2449 4 2722 3 0 0 0 0 0 0 0 0 0 0 0 0 0 0 0 0 0 0 0 0 0 0 0 0 0 0 0 0 0 0 0 0 0 0 0 0 0 0 0 0 0 0 0 0 0 0 0 0 0 0 0 0 0 0 0 0 0 0 0 0 0 0 0 0 0 0 0 0 0 0 0 0 0 0 0 0 0 0 0 0 0 0 0 0 0 0 0 0 0 0 0 0 0 0 0 0 0 0 0 0 0 0 0 0
I1103 15:25:27.205058 47132119606336 create_pretraining_data.py:161] input_ids: 2 2870 1953 2130 4 2090 1915 2139 3593 7840 3915 3055 3 3926 8852 1933 2228 4 9968 15856 2449 4 2722 3 0 0 0 0 0 0 0 0 0 0 0 0 0 0 0 0 0 0 0 0 0 0 0 0 0 0 0 0 0 0 0 0 0 0 0 0 0 0 0 0 0 0 0 0 0 0 0 0 0 0 0 0 0 0 0 0 0 0 0 0 0 0 0 0 0 0 0 0 0 0 0 0 0 0 0 0 0 0 0 0 0 0 0 0 0 0 0 0 0 0 0 0 0 0 0 0 0 0 0 0 0 0 0 0
INFO:tensorflow:input_mask: 1 1 1 1 1 1 1 1 1 1 1 1 1 1 1 1 1 1 1 1 1 1 1 1 0 0 0 0 0 0 0 0 0 0 0 0 0 0 0 0 0 0 0 0 0 0 0 0 0 0 0 0 0 0 0 0 0 0 0 0 0 0 0 0 0 0 0 0 0 0 0 0 0 0 0 0 0 0 0 0 0 0 0 0 0 0 0 0 0 0 0 0 0 0 0 0 0 0 0 0 0 0 0 0 0 0 0 0 0 0 0 0 0 0 0 0 0 0 0 0 0 0 0 0 0 0 0 0
I1103 15:25:27.205224 47132119606336 create_pretraining_data.py:161] input_mask: 1 1 1 1 1 1 1 1 1 1 1 1 1 1 1 1 1 1 1 1 1 1 1 1 0 0 0 0 0 0 0 0 0 0 0 0 0 0 0 0 0 0 0 0 0 0 0 0 0 0 0 0 0 0 0 0 0 0 0 0 0 0 0 0 0 0 0 0 0 0 0 0 0 0 0 0 0 0 0 0 0 0 0 0 0 0 0 0 0 0 0 0 0 0 0 0 0 0 0 0 0 0 0 0 0 0 0 0 0 0 0 0 0 0 0 0 0 0 0 0 0 0 0 0 0 0 0 0
INFO:tensorflow:segment_ids: 0 0 0 0 0 0 0 0 0 0 0 0 0 1 1 1 1 1 1 1 1 1 1 1 0 0 0 0 0 0 0 0 0 0 0 0 0 0 0 0 0 0 0 0 0 0 0 0 0 0 0 0 0 0 0 0 0 0 0 0 0 0 0 0 0 0 0 0 0 0 0 0 0 0 0 0 0 0 0 0 0 0 0 0 0 0 0 0 0 0 0 0 0 0 0 0 0 0 0 0 0 0 0 0 0 0 0 0 0 0 0 0 0 0 0 0 0 0 0 0 0 0 0 0 0 0 0 0
I1103 15:25:27.205396 47132119606336 create_pretraining_data.py:161] segment_ids: 0 0 0 0 0 0 0 0 0 0 0 0 0 1 1 1 1 1 1 1 1 1 1 1 0 0 0 0 0 0 0 0 0 0 0 0 0 0 0 0 0 0 0 0 0 0 0 0 0 0 0 0 0 0 0 0 0 0 0 0 0 0 0 0 0 0 0 0 0 0 0 0 0 0 0 0 0 0 0 0 0 0 0 0 0 0 0 0 0 0 0 0 0 0 0 0 0 0 0 0 0 0 0 0 0 0 0 0 0 0 0 0 0 0 0 0 0 0 0 0 0 0 0 0 0 0 0 0
INFO:tensorflow:masked_lm_positions: 2 4 17 21 0 0 0 0 0 0 0 0 0 0 0 0 0 0 0 0
I1103 15:25:27.205522 47132119606336 create_pretraining_data.py:161] masked_lm_positions: 2 4 17 21 0 0 0 0 0 0 0 0 0 0 0 0 0 0 0 0
INFO:tensorflow:masked_lm_ids: 1953 1963 3044 2347 0 0 0 0 0 0 0 0 0 0 0 0 0 0 0 0
I1103 15:25:27.205643 47132119606336 create_pretraining_data.py:161] masked_lm_ids: 1953 1963 3044 2347 0 0 0 0 0 0 0 0 0 0 0 0 0 0 0 0
INFO:tensorflow:masked_lm_weights: 1.0 1.0 1.0 1.0 0.0 0.0 0.0 0.0 0.0 0.0 0.0 0.0 0.0 0.0 0.0 0.0 0.0 0.0 0.0 0.0
I1103 15:25:27.205764 47132119606336 create_pretraining_data.py:161] masked_lm_weights: 1.0 1.0 1.0 1.0 0.0 0.0 0.0 0.0 0.0 0.0 0.0 0.0 0.0 0.0 0.0 0.0 0.0 0.0 0.0 0.0
INFO:tensorflow:next_sentence_labels: 1
I1103 15:25:27.205877 47132119606336 create_pretraining_data.py:161] next_sentence_labels: 1
INFO:tensorflow:Wrote 9999640 total instances
I1103 16:30:26.607808 47132119606336 create_pretraining_data.py:166] Wrote 9999640 total instances
