Loading module 'all'
WARNING:tensorflow:From ../bert/create_pretraining_data.py:469: The name tf.app.run is deprecated. Please use tf.compat.v1.app.run instead.

WARNING:tensorflow:From ../bert/create_pretraining_data.py:437: The name tf.logging.set_verbosity is deprecated. Please use tf.compat.v1.logging.set_verbosity instead.

W1103 06:49:17.001431 47985214633024 module_wrapper.py:139] From ../bert/create_pretraining_data.py:437: The name tf.logging.set_verbosity is deprecated. Please use tf.compat.v1.logging.set_verbosity instead.

WARNING:tensorflow:From ../bert/create_pretraining_data.py:437: The name tf.logging.INFO is deprecated. Please use tf.compat.v1.logging.INFO instead.

W1103 06:49:17.001696 47985214633024 module_wrapper.py:139] From ../bert/create_pretraining_data.py:437: The name tf.logging.INFO is deprecated. Please use tf.compat.v1.logging.INFO instead.

WARNING:tensorflow:From /scratch/gi372/CAMeLBERT/bert/tokenization.py:125: The name tf.gfile.GFile is deprecated. Please use tf.io.gfile.GFile instead.

W1103 06:49:17.001950 47985214633024 module_wrapper.py:139] From /scratch/gi372/CAMeLBERT/bert/tokenization.py:125: The name tf.gfile.GFile is deprecated. Please use tf.io.gfile.GFile instead.

WARNING:tensorflow:From ../bert/create_pretraining_data.py:444: The name tf.gfile.Glob is deprecated. Please use tf.io.gfile.glob instead.

W1103 06:49:17.113162 47985214633024 module_wrapper.py:139] From ../bert/create_pretraining_data.py:444: The name tf.gfile.Glob is deprecated. Please use tf.io.gfile.glob instead.

WARNING:tensorflow:From ../bert/create_pretraining_data.py:446: The name tf.logging.info is deprecated. Please use tf.compat.v1.logging.info instead.

W1103 06:49:17.122332 47985214633024 module_wrapper.py:139] From ../bert/create_pretraining_data.py:446: The name tf.logging.info is deprecated. Please use tf.compat.v1.logging.info instead.

INFO:tensorflow:*** Reading from input files ***
I1103 06:49:17.122566 47985214633024 create_pretraining_data.py:446] *** Reading from input files ***
INFO:tensorflow:  ../corpora/shards/DA-ali2019-500m-tweet.bw.ar.lines.shard.188.normalized.sents
I1103 06:49:17.122690 47985214633024 create_pretraining_data.py:448]   ../corpora/shards/DA-ali2019-500m-tweet.bw.ar.lines.shard.188.normalized.sents
INFO:tensorflow:*** Writing to output files ***
I1103 07:32:28.707685 47985214633024 create_pretraining_data.py:457] *** Writing to output files ***
INFO:tensorflow:  ../corpora/tfrecord_wp-30k_msl-128/DA-ali2019-500m-tweet.bw.ar.lines.shard.188.tf_record
I1103 07:32:28.767648 47985214633024 create_pretraining_data.py:459]   ../corpora/tfrecord_wp-30k_msl-128/DA-ali2019-500m-tweet.bw.ar.lines.shard.188.tf_record
WARNING:tensorflow:From ../bert/create_pretraining_data.py:101: The name tf.python_io.TFRecordWriter is deprecated. Please use tf.io.TFRecordWriter instead.

W1103 07:32:28.826258 47985214633024 module_wrapper.py:139] From ../bert/create_pretraining_data.py:101: The name tf.python_io.TFRecordWriter is deprecated. Please use tf.io.TFRecordWriter instead.

INFO:tensorflow:*** Example ***
I1103 07:32:29.226513 47985214633024 create_pretraining_data.py:149] *** Example ***
INFO:tensorflow:tokens: [CLS] [MASK] [MASK] اجل انت غطي ##ت علي كذب ود ##جل [MASK] المسي ##ره والوا ##ضح انك مشغول بسب ##يس [MASK] واخ ##واتها [SEP] اليوم كله [MASK] [MASK] كلب ##ه بدي ني ##اج يسوي رتويت برس ##لك سكاي ##ب ممحونه متمر ##ده خرق ##ي [SEP]
I1103 07:32:29.227682 47985214633024 create_pretraining_data.py:151] tokens: [CLS] [MASK] [MASK] اجل انت غطي ##ت علي كذب ود ##جل [MASK] المسي ##ره والوا ##ضح انك مشغول بسب ##يس [MASK] واخ ##واتها [SEP] اليوم كله [MASK] [MASK] كلب ##ه بدي ني ##اج يسوي رتويت برس ##لك سكاي ##ب ممحونه متمر ##ده خرق ##ي [SEP]
INFO:tensorflow:input_ids: 2 4 4 4434 2164 27438 1005 1958 11869 2557 2293 4 4460 2197 24943 3514 2963 20406 14494 2036 4 4734 25332 3 2217 4236 4 4 11421 1028 6962 3703 2078 9120 2928 7217 1934 14800 1045 16371 19566 2124 24425 1013 3 0 0 0 0 0 0 0 0 0 0 0 0 0 0 0 0 0 0 0 0 0 0 0 0 0 0 0 0 0 0 0 0 0 0 0 0 0 0 0 0 0 0 0 0 0 0 0 0 0 0 0 0 0 0 0 0 0 0 0 0 0 0 0 0 0 0 0 0 0 0 0 0 0 0 0 0 0 0 0 0 0 0 0
I1103 07:32:29.228574 47985214633024 create_pretraining_data.py:161] input_ids: 2 4 4 4434 2164 27438 1005 1958 11869 2557 2293 4 4460 2197 24943 3514 2963 20406 14494 2036 4 4734 25332 3 2217 4236 4 4 11421 1028 6962 3703 2078 9120 2928 7217 1934 14800 1045 16371 19566 2124 24425 1013 3 0 0 0 0 0 0 0 0 0 0 0 0 0 0 0 0 0 0 0 0 0 0 0 0 0 0 0 0 0 0 0 0 0 0 0 0 0 0 0 0 0 0 0 0 0 0 0 0 0 0 0 0 0 0 0 0 0 0 0 0 0 0 0 0 0 0 0 0 0 0 0 0 0 0 0 0 0 0 0 0 0 0 0
INFO:tensorflow:input_mask: 1 1 1 1 1 1 1 1 1 1 1 1 1 1 1 1 1 1 1 1 1 1 1 1 1 1 1 1 1 1 1 1 1 1 1 1 1 1 1 1 1 1 1 1 1 0 0 0 0 0 0 0 0 0 0 0 0 0 0 0 0 0 0 0 0 0 0 0 0 0 0 0 0 0 0 0 0 0 0 0 0 0 0 0 0 0 0 0 0 0 0 0 0 0 0 0 0 0 0 0 0 0 0 0 0 0 0 0 0 0 0 0 0 0 0 0 0 0 0 0 0 0 0 0 0 0 0 0
I1103 07:32:29.228955 47985214633024 create_pretraining_data.py:161] input_mask: 1 1 1 1 1 1 1 1 1 1 1 1 1 1 1 1 1 1 1 1 1 1 1 1 1 1 1 1 1 1 1 1 1 1 1 1 1 1 1 1 1 1 1 1 1 0 0 0 0 0 0 0 0 0 0 0 0 0 0 0 0 0 0 0 0 0 0 0 0 0 0 0 0 0 0 0 0 0 0 0 0 0 0 0 0 0 0 0 0 0 0 0 0 0 0 0 0 0 0 0 0 0 0 0 0 0 0 0 0 0 0 0 0 0 0 0 0 0 0 0 0 0 0 0 0 0 0 0
INFO:tensorflow:segment_ids: 0 0 0 0 0 0 0 0 0 0 0 0 0 0 0 0 0 0 0 0 0 0 0 0 1 1 1 1 1 1 1 1 1 1 1 1 1 1 1 1 1 1 1 1 1 0 0 0 0 0 0 0 0 0 0 0 0 0 0 0 0 0 0 0 0 0 0 0 0 0 0 0 0 0 0 0 0 0 0 0 0 0 0 0 0 0 0 0 0 0 0 0 0 0 0 0 0 0 0 0 0 0 0 0 0 0 0 0 0 0 0 0 0 0 0 0 0 0 0 0 0 0 0 0 0 0 0 0
I1103 07:32:29.229273 47985214633024 create_pretraining_data.py:161] segment_ids: 0 0 0 0 0 0 0 0 0 0 0 0 0 0 0 0 0 0 0 0 0 0 0 0 1 1 1 1 1 1 1 1 1 1 1 1 1 1 1 1 1 1 1 1 1 0 0 0 0 0 0 0 0 0 0 0 0 0 0 0 0 0 0 0 0 0 0 0 0 0 0 0 0 0 0 0 0 0 0 0 0 0 0 0 0 0 0 0 0 0 0 0 0 0 0 0 0 0 0 0 0 0 0 0 0 0 0 0 0 0 0 0 0 0 0 0 0 0 0 0 0 0 0 0 0 0 0 0
INFO:tensorflow:masked_lm_positions: 1 2 8 11 20 26 27 0 0 0 0 0 0 0 0 0 0 0 0 0
I1103 07:32:29.229513 47985214633024 create_pretraining_data.py:161] masked_lm_positions: 1 2 8 11 20 26 27 0 0 0 0 0 0 0 0 0 0 0 0 0
INFO:tensorflow:masked_lm_ids: 24616 2099 11869 5994 10570 2180 2110 0 0 0 0 0 0 0 0 0 0 0 0 0
I1103 07:32:29.229733 47985214633024 create_pretraining_data.py:161] masked_lm_ids: 24616 2099 11869 5994 10570 2180 2110 0 0 0 0 0 0 0 0 0 0 0 0 0
INFO:tensorflow:masked_lm_weights: 1.0 1.0 1.0 1.0 1.0 1.0 1.0 0.0 0.0 0.0 0.0 0.0 0.0 0.0 0.0 0.0 0.0 0.0 0.0 0.0
I1103 07:32:29.231521 47985214633024 create_pretraining_data.py:161] masked_lm_weights: 1.0 1.0 1.0 1.0 1.0 1.0 1.0 0.0 0.0 0.0 0.0 0.0 0.0 0.0 0.0 0.0 0.0 0.0 0.0 0.0
INFO:tensorflow:next_sentence_labels: 1
I1103 07:32:29.231727 47985214633024 create_pretraining_data.py:161] next_sentence_labels: 1
INFO:tensorflow:*** Example ***
I1103 07:32:29.232640 47985214633024 create_pretraining_data.py:149] *** Example ***
INFO:tensorflow:tokens: [CLS] دعو ##نا نسمع صوت الشعب السوري تبرع ##وا [MASK] السوريين يواجه ##ون شتاء قار ##س [MASK] سقف [MASK] [MASK] [SEP] عليك ان تفهم جيدا انك [MASK] من يتحمل ضرر بؤ ##سك ومب ##الغ ##تك في حزنك فر ##فق ##ا [MASK] [SEP]
I1103 07:32:29.232838 47985214633024 create_pretraining_data.py:151] tokens: [CLS] دعو ##نا نسمع صوت الشعب السوري تبرع ##وا [MASK] السوريين يواجه ##ون شتاء قار ##س [MASK] سقف [MASK] [MASK] [SEP] عليك ان تفهم جيدا انك [MASK] من يتحمل ضرر بؤ ##سك ومب ##الغ ##تك في حزنك فر ##فق ##ا [MASK] [SEP]
INFO:tensorflow:input_ids: 2 3898 1914 13728 3195 3086 3766 22197 1928 4 8336 10101 1922 20253 13178 1033 4 14562 4 4 3 2898 1939 10321 6245 2963 4 1908 12440 20836 20918 3617 20298 4390 2348 1912 16356 2462 2817 1007 4 3 0 0 0 0 0 0 0 0 0 0 0 0 0 0 0 0 0 0 0 0 0 0 0 0 0 0 0 0 0 0 0 0 0 0 0 0 0 0 0 0 0 0 0 0 0 0 0 0 0 0 0 0 0 0 0 0 0 0 0 0 0 0 0 0 0 0 0 0 0 0 0 0 0 0 0 0 0 0 0 0 0 0 0 0 0 0
I1103 07:32:29.233062 47985214633024 create_pretraining_data.py:161] input_ids: 2 3898 1914 13728 3195 3086 3766 22197 1928 4 8336 10101 1922 20253 13178 1033 4 14562 4 4 3 2898 1939 10321 6245 2963 4 1908 12440 20836 20918 3617 20298 4390 2348 1912 16356 2462 2817 1007 4 3 0 0 0 0 0 0 0 0 0 0 0 0 0 0 0 0 0 0 0 0 0 0 0 0 0 0 0 0 0 0 0 0 0 0 0 0 0 0 0 0 0 0 0 0 0 0 0 0 0 0 0 0 0 0 0 0 0 0 0 0 0 0 0 0 0 0 0 0 0 0 0 0 0 0 0 0 0 0 0 0 0 0 0 0 0 0
INFO:tensorflow:input_mask: 1 1 1 1 1 1 1 1 1 1 1 1 1 1 1 1 1 1 1 1 1 1 1 1 1 1 1 1 1 1 1 1 1 1 1 1 1 1 1 1 1 1 0 0 0 0 0 0 0 0 0 0 0 0 0 0 0 0 0 0 0 0 0 0 0 0 0 0 0 0 0 0 0 0 0 0 0 0 0 0 0 0 0 0 0 0 0 0 0 0 0 0 0 0 0 0 0 0 0 0 0 0 0 0 0 0 0 0 0 0 0 0 0 0 0 0 0 0 0 0 0 0 0 0 0 0 0 0
I1103 07:32:29.233299 47985214633024 create_pretraining_data.py:161] input_mask: 1 1 1 1 1 1 1 1 1 1 1 1 1 1 1 1 1 1 1 1 1 1 1 1 1 1 1 1 1 1 1 1 1 1 1 1 1 1 1 1 1 1 0 0 0 0 0 0 0 0 0 0 0 0 0 0 0 0 0 0 0 0 0 0 0 0 0 0 0 0 0 0 0 0 0 0 0 0 0 0 0 0 0 0 0 0 0 0 0 0 0 0 0 0 0 0 0 0 0 0 0 0 0 0 0 0 0 0 0 0 0 0 0 0 0 0 0 0 0 0 0 0 0 0 0 0 0 0
INFO:tensorflow:segment_ids: 0 0 0 0 0 0 0 0 0 0 0 0 0 0 0 0 0 0 0 0 0 1 1 1 1 1 1 1 1 1 1 1 1 1 1 1 1 1 1 1 1 1 0 0 0 0 0 0 0 0 0 0 0 0 0 0 0 0 0 0 0 0 0 0 0 0 0 0 0 0 0 0 0 0 0 0 0 0 0 0 0 0 0 0 0 0 0 0 0 0 0 0 0 0 0 0 0 0 0 0 0 0 0 0 0 0 0 0 0 0 0 0 0 0 0 0 0 0 0 0 0 0 0 0 0 0 0 0
I1103 07:32:29.233516 47985214633024 create_pretraining_data.py:161] segment_ids: 0 0 0 0 0 0 0 0 0 0 0 0 0 0 0 0 0 0 0 0 0 1 1 1 1 1 1 1 1 1 1 1 1 1 1 1 1 1 1 1 1 1 0 0 0 0 0 0 0 0 0 0 0 0 0 0 0 0 0 0 0 0 0 0 0 0 0 0 0 0 0 0 0 0 0 0 0 0 0 0 0 0 0 0 0 0 0 0 0 0 0 0 0 0 0 0 0 0 0 0 0 0 0 0 0 0 0 0 0 0 0 0 0 0 0 0 0 0 0 0 0 0 0 0 0 0 0 0
INFO:tensorflow:masked_lm_positions: 9 16 18 19 26 40 0 0 0 0 0 0 0 0 0 0 0 0 0 0
I1103 07:32:29.233668 47985214633024 create_pretraining_data.py:161] masked_lm_positions: 9 16 18 19 26 40 0 0 0 0 0 0 0 0 0 0 0 0 0 0
INFO:tensorflow:masked_lm_ids: 25269 3279 18551 1949 9096 6177 0 0 0 0 0 0 0 0 0 0 0 0 0 0
I1103 07:32:29.233811 47985214633024 create_pretraining_data.py:161] masked_lm_ids: 25269 3279 18551 1949 9096 6177 0 0 0 0 0 0 0 0 0 0 0 0 0 0
INFO:tensorflow:masked_lm_weights: 1.0 1.0 1.0 1.0 1.0 1.0 0.0 0.0 0.0 0.0 0.0 0.0 0.0 0.0 0.0 0.0 0.0 0.0 0.0 0.0
I1103 07:32:29.233957 47985214633024 create_pretraining_data.py:161] masked_lm_weights: 1.0 1.0 1.0 1.0 1.0 1.0 0.0 0.0 0.0 0.0 0.0 0.0 0.0 0.0 0.0 0.0 0.0 0.0 0.0 0.0
INFO:tensorflow:next_sentence_labels: 1
I1103 07:32:29.234091 47985214633024 create_pretraining_data.py:161] next_sentence_labels: 1
INFO:tensorflow:*** Example ***
I1103 07:32:29.234912 47985214633024 create_pretraining_data.py:149] *** Example ***
INFO:tensorflow:tokens: [CLS] وزير المياه [MASK] 87 من [MASK] [MASK] المشتركين في خدمات الكهرباء التي ولكل هذا العام لن تت ##اثر بالت ##غير إخت في التعرف ##ه واس [SEP] نا ##كر المعروف يج ##ازي ##ه الزمن [SEP]
I1103 07:32:29.235098 47985214633024 create_pretraining_data.py:151] tokens: [CLS] وزير المياه [MASK] 87 من [MASK] [MASK] المشتركين في خدمات الكهرباء التي ولكل هذا العام لن تت ##اثر بالت ##غير إخت في التعرف ##ه واس [SEP] نا ##كر المعروف يج ##ازي ##ه الزمن [SEP]
INFO:tensorflow:input_ids: 2 3075 3093 4 16792 1908 4 4 25880 1912 4725 7374 2061 14686 2085 2169 2404 2201 21273 2619 2351 16310 1912 14446 1028 3402 3 3630 2014 8059 2310 18766 1028 5579 3 0 0 0 0 0 0 0 0 0 0 0 0 0 0 0 0 0 0 0 0 0 0 0 0 0 0 0 0 0 0 0 0 0 0 0 0 0 0 0 0 0 0 0 0 0 0 0 0 0 0 0 0 0 0 0 0 0 0 0 0 0 0 0 0 0 0 0 0 0 0 0 0 0 0 0 0 0 0 0 0 0 0 0 0 0 0 0 0 0 0 0 0 0
I1103 07:32:29.235316 47985214633024 create_pretraining_data.py:161] input_ids: 2 3075 3093 4 16792 1908 4 4 25880 1912 4725 7374 2061 14686 2085 2169 2404 2201 21273 2619 2351 16310 1912 14446 1028 3402 3 3630 2014 8059 2310 18766 1028 5579 3 0 0 0 0 0 0 0 0 0 0 0 0 0 0 0 0 0 0 0 0 0 0 0 0 0 0 0 0 0 0 0 0 0 0 0 0 0 0 0 0 0 0 0 0 0 0 0 0 0 0 0 0 0 0 0 0 0 0 0 0 0 0 0 0 0 0 0 0 0 0 0 0 0 0 0 0 0 0 0 0 0 0 0 0 0 0 0 0 0 0 0 0 0
INFO:tensorflow:input_mask: 1 1 1 1 1 1 1 1 1 1 1 1 1 1 1 1 1 1 1 1 1 1 1 1 1 1 1 1 1 1 1 1 1 1 1 0 0 0 0 0 0 0 0 0 0 0 0 0 0 0 0 0 0 0 0 0 0 0 0 0 0 0 0 0 0 0 0 0 0 0 0 0 0 0 0 0 0 0 0 0 0 0 0 0 0 0 0 0 0 0 0 0 0 0 0 0 0 0 0 0 0 0 0 0 0 0 0 0 0 0 0 0 0 0 0 0 0 0 0 0 0 0 0 0 0 0 0 0
I1103 07:32:29.235533 47985214633024 create_pretraining_data.py:161] input_mask: 1 1 1 1 1 1 1 1 1 1 1 1 1 1 1 1 1 1 1 1 1 1 1 1 1 1 1 1 1 1 1 1 1 1 1 0 0 0 0 0 0 0 0 0 0 0 0 0 0 0 0 0 0 0 0 0 0 0 0 0 0 0 0 0 0 0 0 0 0 0 0 0 0 0 0 0 0 0 0 0 0 0 0 0 0 0 0 0 0 0 0 0 0 0 0 0 0 0 0 0 0 0 0 0 0 0 0 0 0 0 0 0 0 0 0 0 0 0 0 0 0 0 0 0 0 0 0 0
INFO:tensorflow:segment_ids: 0 0 0 0 0 0 0 0 0 0 0 0 0 0 0 0 0 0 0 0 0 0 0 0 0 0 0 1 1 1 1 1 1 1 1 0 0 0 0 0 0 0 0 0 0 0 0 0 0 0 0 0 0 0 0 0 0 0 0 0 0 0 0 0 0 0 0 0 0 0 0 0 0 0 0 0 0 0 0 0 0 0 0 0 0 0 0 0 0 0 0 0 0 0 0 0 0 0 0 0 0 0 0 0 0 0 0 0 0 0 0 0 0 0 0 0 0 0 0 0 0 0 0 0 0 0 0 0
I1103 07:32:29.235728 47985214633024 create_pretraining_data.py:161] segment_ids: 0 0 0 0 0 0 0 0 0 0 0 0 0 0 0 0 0 0 0 0 0 0 0 0 0 0 0 1 1 1 1 1 1 1 1 0 0 0 0 0 0 0 0 0 0 0 0 0 0 0 0 0 0 0 0 0 0 0 0 0 0 0 0 0 0 0 0 0 0 0 0 0 0 0 0 0 0 0 0 0 0 0 0 0 0 0 0 0 0 0 0 0 0 0 0 0 0 0 0 0 0 0 0 0 0 0 0 0 0 0 0 0 0 0 0 0 0 0 0 0 0 0 0 0 0 0 0 0
INFO:tensorflow:masked_lm_positions: 3 6 7 13 21 0 0 0 0 0 0 0 0 0 0 0 0 0 0 0
I1103 07:32:29.235876 47985214633024 create_pretraining_data.py:161] masked_lm_positions: 3 6 7 13 21 0 0 0 0 0 0 0 0 0 0 0 0 0 0 0
INFO:tensorflow:masked_lm_ids: 16352 17773 1916 14097 3421 0 0 0 0 0 0 0 0 0 0 0 0 0 0 0
I1103 07:32:29.236019 47985214633024 create_pretraining_data.py:161] masked_lm_ids: 16352 17773 1916 14097 3421 0 0 0 0 0 0 0 0 0 0 0 0 0 0 0
INFO:tensorflow:masked_lm_weights: 1.0 1.0 1.0 1.0 1.0 0.0 0.0 0.0 0.0 0.0 0.0 0.0 0.0 0.0 0.0 0.0 0.0 0.0 0.0 0.0
I1103 07:32:29.236165 47985214633024 create_pretraining_data.py:161] masked_lm_weights: 1.0 1.0 1.0 1.0 1.0 0.0 0.0 0.0 0.0 0.0 0.0 0.0 0.0 0.0 0.0 0.0 0.0 0.0 0.0 0.0
INFO:tensorflow:next_sentence_labels: 1
I1103 07:32:29.236298 47985214633024 create_pretraining_data.py:161] next_sentence_labels: 1
INFO:tensorflow:*** Example ***
I1103 07:32:29.237093 47985214633024 create_pretraining_data.py:149] *** Example ***
INFO:tensorflow:tokens: [CLS] سبحان الله دايم الدكتور ##ه الشديد ##ه بالمح ##اضره اسال ##تها [MASK] والدكتور ##ه الحبيبه بعد اسال ##تها صعبه [MASK] [MASK] بقول سهله لا كلهم نك ##به [SEP] انت [MASK] معيش ##ك انا بقي [MASK] [MASK] علمني ازاي اعيش [SEP]
I1103 07:32:29.237267 47985214633024 create_pretraining_data.py:151] tokens: [CLS] سبحان الله دايم الدكتور ##ه الشديد ##ه بالمح ##اضره اسال ##تها [MASK] والدكتور ##ه الحبيبه بعد اسال ##تها صعبه [MASK] [MASK] بقول سهله لا كلهم نك ##به [SEP] انت [MASK] معيش ##ك انا بقي [MASK] [MASK] علمني ازاي اعيش [SEP]
INFO:tensorflow:input_ids: 2 2575 1953 8438 3380 1028 10332 1028 11958 22494 6076 2377 4 16852 1028 27060 2089 6076 2377 13389 4 4 15294 19423 1963 8371 9675 2204 3 2164 4 21731 1014 2315 4078 4 4 16668 14891 12459 3 0 0 0 0 0 0 0 0 0 0 0 0 0 0 0 0 0 0 0 0 0 0 0 0 0 0 0 0 0 0 0 0 0 0 0 0 0 0 0 0 0 0 0 0 0 0 0 0 0 0 0 0 0 0 0 0 0 0 0 0 0 0 0 0 0 0 0 0 0 0 0 0 0 0 0 0 0 0 0 0 0 0 0 0 0 0 0
I1103 07:32:29.237474 47985214633024 create_pretraining_data.py:161] input_ids: 2 2575 1953 8438 3380 1028 10332 1028 11958 22494 6076 2377 4 16852 1028 27060 2089 6076 2377 13389 4 4 15294 19423 1963 8371 9675 2204 3 2164 4 21731 1014 2315 4078 4 4 16668 14891 12459 3 0 0 0 0 0 0 0 0 0 0 0 0 0 0 0 0 0 0 0 0 0 0 0 0 0 0 0 0 0 0 0 0 0 0 0 0 0 0 0 0 0 0 0 0 0 0 0 0 0 0 0 0 0 0 0 0 0 0 0 0 0 0 0 0 0 0 0 0 0 0 0 0 0 0 0 0 0 0 0 0 0 0 0 0 0 0 0
INFO:tensorflow:input_mask: 1 1 1 1 1 1 1 1 1 1 1 1 1 1 1 1 1 1 1 1 1 1 1 1 1 1 1 1 1 1 1 1 1 1 1 1 1 1 1 1 1 0 0 0 0 0 0 0 0 0 0 0 0 0 0 0 0 0 0 0 0 0 0 0 0 0 0 0 0 0 0 0 0 0 0 0 0 0 0 0 0 0 0 0 0 0 0 0 0 0 0 0 0 0 0 0 0 0 0 0 0 0 0 0 0 0 0 0 0 0 0 0 0 0 0 0 0 0 0 0 0 0 0 0 0 0 0 0
I1103 07:32:29.237658 47985214633024 create_pretraining_data.py:161] input_mask: 1 1 1 1 1 1 1 1 1 1 1 1 1 1 1 1 1 1 1 1 1 1 1 1 1 1 1 1 1 1 1 1 1 1 1 1 1 1 1 1 1 0 0 0 0 0 0 0 0 0 0 0 0 0 0 0 0 0 0 0 0 0 0 0 0 0 0 0 0 0 0 0 0 0 0 0 0 0 0 0 0 0 0 0 0 0 0 0 0 0 0 0 0 0 0 0 0 0 0 0 0 0 0 0 0 0 0 0 0 0 0 0 0 0 0 0 0 0 0 0 0 0 0 0 0 0 0 0
INFO:tensorflow:segment_ids: 0 0 0 0 0 0 0 0 0 0 0 0 0 0 0 0 0 0 0 0 0 0 0 0 0 0 0 0 0 1 1 1 1 1 1 1 1 1 1 1 1 0 0 0 0 0 0 0 0 0 0 0 0 0 0 0 0 0 0 0 0 0 0 0 0 0 0 0 0 0 0 0 0 0 0 0 0 0 0 0 0 0 0 0 0 0 0 0 0 0 0 0 0 0 0 0 0 0 0 0 0 0 0 0 0 0 0 0 0 0 0 0 0 0 0 0 0 0 0 0 0 0 0 0 0 0 0 0
I1103 07:32:29.237854 47985214633024 create_pretraining_data.py:161] segment_ids: 0 0 0 0 0 0 0 0 0 0 0 0 0 0 0 0 0 0 0 0 0 0 0 0 0 0 0 0 0 1 1 1 1 1 1 1 1 1 1 1 1 0 0 0 0 0 0 0 0 0 0 0 0 0 0 0 0 0 0 0 0 0 0 0 0 0 0 0 0 0 0 0 0 0 0 0 0 0 0 0 0 0 0 0 0 0 0 0 0 0 0 0 0 0 0 0 0 0 0 0 0 0 0 0 0 0 0 0 0 0 0 0 0 0 0 0 0 0 0 0 0 0 0 0 0 0 0 0
INFO:tensorflow:masked_lm_positions: 12 20 21 30 35 36 0 0 0 0 0 0 0 0 0 0 0 0 0 0
I1103 07:32:29.237994 47985214633024 create_pretraining_data.py:161] masked_lm_positions: 12 20 21 30 35 36 0 0 0 0 0 0 0 0 0 0 0 0 0 0
INFO:tensorflow:masked_lm_ids: 13389 15815 2399 19439 13581 1007 0 0 0 0 0 0 0 0 0 0 0 0 0 0
I1103 07:32:29.238126 47985214633024 create_pretraining_data.py:161] masked_lm_ids: 13389 15815 2399 19439 13581 1007 0 0 0 0 0 0 0 0 0 0 0 0 0 0
INFO:tensorflow:masked_lm_weights: 1.0 1.0 1.0 1.0 1.0 1.0 0.0 0.0 0.0 0.0 0.0 0.0 0.0 0.0 0.0 0.0 0.0 0.0 0.0 0.0
I1103 07:32:29.238260 47985214633024 create_pretraining_data.py:161] masked_lm_weights: 1.0 1.0 1.0 1.0 1.0 1.0 0.0 0.0 0.0 0.0 0.0 0.0 0.0 0.0 0.0 0.0 0.0 0.0 0.0 0.0
INFO:tensorflow:next_sentence_labels: 1
I1103 07:32:29.238392 47985214633024 create_pretraining_data.py:161] next_sentence_labels: 1
INFO:tensorflow:*** Example ***
I1103 07:32:29.239078 47985214633024 create_pretraining_data.py:149] *** Example ***
INFO:tensorflow:tokens: [CLS] عليكم بالغ ##زل هذا العالم لا يصلح ##ه [MASK] الحنان [SEP] بالمنا ##سبه [MASK] [MASK] [MASK] هو الصوره هذه [MASK] عند تقديمه كمد ##رب لنادي اوس ##اس ##ونا حيث درب ##هم موسم [SEP]
I1103 07:32:29.239244 47985214633024 create_pretraining_data.py:151] tokens: [CLS] عليكم بالغ ##زل هذا العالم لا يصلح ##ه [MASK] الحنان [SEP] بالمنا ##سبه [MASK] [MASK] [MASK] هو الصوره هذه [MASK] عند تقديمه كمد ##رب لنادي اوس ##اس ##ونا حيث درب ##هم موسم [SEP]
INFO:tensorflow:input_ids: 2 4229 6355 2596 2085 2337 1963 13824 1028 4 29293 3 21012 4163 4 4 4 2139 7184 2159 4 2192 29101 28307 1975 16313 19926 2233 3778 2455 9139 1949 8348 3 0 0 0 0 0 0 0 0 0 0 0 0 0 0 0 0 0 0 0 0 0 0 0 0 0 0 0 0 0 0 0 0 0 0 0 0 0 0 0 0 0 0 0 0 0 0 0 0 0 0 0 0 0 0 0 0 0 0 0 0 0 0 0 0 0 0 0 0 0 0 0 0 0 0 0 0 0 0 0 0 0 0 0 0 0 0 0 0 0 0 0 0 0 0
I1103 07:32:29.239444 47985214633024 create_pretraining_data.py:161] input_ids: 2 4229 6355 2596 2085 2337 1963 13824 1028 4 29293 3 21012 4163 4 4 4 2139 7184 2159 4 2192 29101 28307 1975 16313 19926 2233 3778 2455 9139 1949 8348 3 0 0 0 0 0 0 0 0 0 0 0 0 0 0 0 0 0 0 0 0 0 0 0 0 0 0 0 0 0 0 0 0 0 0 0 0 0 0 0 0 0 0 0 0 0 0 0 0 0 0 0 0 0 0 0 0 0 0 0 0 0 0 0 0 0 0 0 0 0 0 0 0 0 0 0 0 0 0 0 0 0 0 0 0 0 0 0 0 0 0 0 0 0 0
INFO:tensorflow:input_mask: 1 1 1 1 1 1 1 1 1 1 1 1 1 1 1 1 1 1 1 1 1 1 1 1 1 1 1 1 1 1 1 1 1 1 0 0 0 0 0 0 0 0 0 0 0 0 0 0 0 0 0 0 0 0 0 0 0 0 0 0 0 0 0 0 0 0 0 0 0 0 0 0 0 0 0 0 0 0 0 0 0 0 0 0 0 0 0 0 0 0 0 0 0 0 0 0 0 0 0 0 0 0 0 0 0 0 0 0 0 0 0 0 0 0 0 0 0 0 0 0 0 0 0 0 0 0 0 0
I1103 07:32:29.239624 47985214633024 create_pretraining_data.py:161] input_mask: 1 1 1 1 1 1 1 1 1 1 1 1 1 1 1 1 1 1 1 1 1 1 1 1 1 1 1 1 1 1 1 1 1 1 0 0 0 0 0 0 0 0 0 0 0 0 0 0 0 0 0 0 0 0 0 0 0 0 0 0 0 0 0 0 0 0 0 0 0 0 0 0 0 0 0 0 0 0 0 0 0 0 0 0 0 0 0 0 0 0 0 0 0 0 0 0 0 0 0 0 0 0 0 0 0 0 0 0 0 0 0 0 0 0 0 0 0 0 0 0 0 0 0 0 0 0 0 0
INFO:tensorflow:segment_ids: 0 0 0 0 0 0 0 0 0 0 0 0 1 1 1 1 1 1 1 1 1 1 1 1 1 1 1 1 1 1 1 1 1 1 0 0 0 0 0 0 0 0 0 0 0 0 0 0 0 0 0 0 0 0 0 0 0 0 0 0 0 0 0 0 0 0 0 0 0 0 0 0 0 0 0 0 0 0 0 0 0 0 0 0 0 0 0 0 0 0 0 0 0 0 0 0 0 0 0 0 0 0 0 0 0 0 0 0 0 0 0 0 0 0 0 0 0 0 0 0 0 0 0 0 0 0 0 0
I1103 07:32:29.239813 47985214633024 create_pretraining_data.py:161] segment_ids: 0 0 0 0 0 0 0 0 0 0 0 0 1 1 1 1 1 1 1 1 1 1 1 1 1 1 1 1 1 1 1 1 1 1 0 0 0 0 0 0 0 0 0 0 0 0 0 0 0 0 0 0 0 0 0 0 0 0 0 0 0 0 0 0 0 0 0 0 0 0 0 0 0 0 0 0 0 0 0 0 0 0 0 0 0 0 0 0 0 0 0 0 0 0 0 0 0 0 0 0 0 0 0 0 0 0 0 0 0 0 0 0 0 0 0 0 0 0 0 0 0 0 0 0 0 0 0 0
INFO:tensorflow:masked_lm_positions: 9 14 15 16 20 0 0 0 0 0 0 0 0 0 0 0 0 0 0 0
I1103 07:32:29.239951 47985214633024 create_pretraining_data.py:161] masked_lm_positions: 9 14 15 16 20 0 0 0 0 0 0 0 0 0 0 0 0 0 0 0
INFO:tensorflow:masked_lm_ids: 1915 2085 8799 14224 2431 0 0 0 0 0 0 0 0 0 0 0 0 0 0 0
I1103 07:32:29.240082 47985214633024 create_pretraining_data.py:161] masked_lm_ids: 1915 2085 8799 14224 2431 0 0 0 0 0 0 0 0 0 0 0 0 0 0 0
INFO:tensorflow:masked_lm_weights: 1.0 1.0 1.0 1.0 1.0 0.0 0.0 0.0 0.0 0.0 0.0 0.0 0.0 0.0 0.0 0.0 0.0 0.0 0.0 0.0
I1103 07:32:29.240215 47985214633024 create_pretraining_data.py:161] masked_lm_weights: 1.0 1.0 1.0 1.0 1.0 0.0 0.0 0.0 0.0 0.0 0.0 0.0 0.0 0.0 0.0 0.0 0.0 0.0 0.0 0.0
INFO:tensorflow:next_sentence_labels: 1
I1103 07:32:29.240344 47985214633024 create_pretraining_data.py:161] next_sentence_labels: 1
INFO:tensorflow:*** Example ***
I1103 07:32:29.241041 47985214633024 create_pretraining_data.py:149] *** Example ***
INFO:tensorflow:tokens: [CLS] لن وتقديم كما تريد ##يني س اكون كما اريد انا [SEP] كل ما تمتلك ##ه الانثي مشاعره ##ا ان حافظ ##ت [MASK] تلك الممت ##لكات [MASK] [MASK] امير ##ا [MASK] [SEP]
I1103 07:32:29.241210 47985214633024 create_pretraining_data.py:151] tokens: [CLS] لن وتقديم كما تريد ##يني س اكون كما اريد انا [SEP] كل ما تمتلك ##ه الانثي مشاعره ##ا ان حافظ ##ت [MASK] تلك الممت ##لكات [MASK] [MASK] امير ##ا [MASK] [SEP]
INFO:tensorflow:input_ids: 2 2404 11378 2306 4821 2262 399 7137 2306 7352 2315 3 2038 1972 10817 1028 13359 29529 1007 1939 6813 1005 4 3041 8127 17135 4 4 5375 1007 4 3 0 0 0 0 0 0 0 0 0 0 0 0 0 0 0 0 0 0 0 0 0 0 0 0 0 0 0 0 0 0 0 0 0 0 0 0 0 0 0 0 0 0 0 0 0 0 0 0 0 0 0 0 0 0 0 0 0 0 0 0 0 0 0 0 0 0 0 0 0 0 0 0 0 0 0 0 0 0 0 0 0 0 0 0 0 0 0 0 0 0 0 0 0 0 0 0
I1103 07:32:29.241414 47985214633024 create_pretraining_data.py:161] input_ids: 2 2404 11378 2306 4821 2262 399 7137 2306 7352 2315 3 2038 1972 10817 1028 13359 29529 1007 1939 6813 1005 4 3041 8127 17135 4 4 5375 1007 4 3 0 0 0 0 0 0 0 0 0 0 0 0 0 0 0 0 0 0 0 0 0 0 0 0 0 0 0 0 0 0 0 0 0 0 0 0 0 0 0 0 0 0 0 0 0 0 0 0 0 0 0 0 0 0 0 0 0 0 0 0 0 0 0 0 0 0 0 0 0 0 0 0 0 0 0 0 0 0 0 0 0 0 0 0 0 0 0 0 0 0 0 0 0 0 0 0
INFO:tensorflow:input_mask: 1 1 1 1 1 1 1 1 1 1 1 1 1 1 1 1 1 1 1 1 1 1 1 1 1 1 1 1 1 1 1 1 0 0 0 0 0 0 0 0 0 0 0 0 0 0 0 0 0 0 0 0 0 0 0 0 0 0 0 0 0 0 0 0 0 0 0 0 0 0 0 0 0 0 0 0 0 0 0 0 0 0 0 0 0 0 0 0 0 0 0 0 0 0 0 0 0 0 0 0 0 0 0 0 0 0 0 0 0 0 0 0 0 0 0 0 0 0 0 0 0 0 0 0 0 0 0 0
I1103 07:32:29.241597 47985214633024 create_pretraining_data.py:161] input_mask: 1 1 1 1 1 1 1 1 1 1 1 1 1 1 1 1 1 1 1 1 1 1 1 1 1 1 1 1 1 1 1 1 0 0 0 0 0 0 0 0 0 0 0 0 0 0 0 0 0 0 0 0 0 0 0 0 0 0 0 0 0 0 0 0 0 0 0 0 0 0 0 0 0 0 0 0 0 0 0 0 0 0 0 0 0 0 0 0 0 0 0 0 0 0 0 0 0 0 0 0 0 0 0 0 0 0 0 0 0 0 0 0 0 0 0 0 0 0 0 0 0 0 0 0 0 0 0 0
INFO:tensorflow:segment_ids: 0 0 0 0 0 0 0 0 0 0 0 0 1 1 1 1 1 1 1 1 1 1 1 1 1 1 1 1 1 1 1 1 0 0 0 0 0 0 0 0 0 0 0 0 0 0 0 0 0 0 0 0 0 0 0 0 0 0 0 0 0 0 0 0 0 0 0 0 0 0 0 0 0 0 0 0 0 0 0 0 0 0 0 0 0 0 0 0 0 0 0 0 0 0 0 0 0 0 0 0 0 0 0 0 0 0 0 0 0 0 0 0 0 0 0 0 0 0 0 0 0 0 0 0 0 0 0 0
I1103 07:32:29.241775 47985214633024 create_pretraining_data.py:161] segment_ids: 0 0 0 0 0 0 0 0 0 0 0 0 1 1 1 1 1 1 1 1 1 1 1 1 1 1 1 1 1 1 1 1 0 0 0 0 0 0 0 0 0 0 0 0 0 0 0 0 0 0 0 0 0 0 0 0 0 0 0 0 0 0 0 0 0 0 0 0 0 0 0 0 0 0 0 0 0 0 0 0 0 0 0 0 0 0 0 0 0 0 0 0 0 0 0 0 0 0 0 0 0 0 0 0 0 0 0 0 0 0 0 0 0 0 0 0 0 0 0 0 0 0 0 0 0 0 0 0
INFO:tensorflow:masked_lm_positions: 2 22 26 27 30 0 0 0 0 0 0 0 0 0 0 0 0 0 0 0
I1103 07:32:29.241925 47985214633024 create_pretraining_data.py:161] masked_lm_positions: 2 22 26 27 30 0 0 0 0 0 0 0 0 0 0 0 0 0 0 0
INFO:tensorflow:masked_lm_ids: 7137 1958 11759 1014 2717 0 0 0 0 0 0 0 0 0 0 0 0 0 0 0
I1103 07:32:29.242060 47985214633024 create_pretraining_data.py:161] masked_lm_ids: 7137 1958 11759 1014 2717 0 0 0 0 0 0 0 0 0 0 0 0 0 0 0
INFO:tensorflow:masked_lm_weights: 1.0 1.0 1.0 1.0 1.0 0.0 0.0 0.0 0.0 0.0 0.0 0.0 0.0 0.0 0.0 0.0 0.0 0.0 0.0 0.0
I1103 07:32:29.242193 47985214633024 create_pretraining_data.py:161] masked_lm_weights: 1.0 1.0 1.0 1.0 1.0 0.0 0.0 0.0 0.0 0.0 0.0 0.0 0.0 0.0 0.0 0.0 0.0 0.0 0.0 0.0
INFO:tensorflow:next_sentence_labels: 1
I1103 07:32:29.242323 47985214633024 create_pretraining_data.py:161] next_sentence_labels: 1
INFO:tensorflow:*** Example ***
I1103 07:32:29.243010 47985214633024 create_pretraining_data.py:149] *** Example ***
INFO:tensorflow:tokens: [CLS] من عق ##وق الصداقه ان تري صديقك عمن الذنب مرارا ولا ينطق لسانك بنص ##يح ##ه تبقي ##ه [MASK] لك يوم القيامه [SEP] الله يسعد بنات علي [SEP]
I1103 07:32:29.243175 47985214633024 create_pretraining_data.py:151] tokens: [CLS] من عق ##وق الصداقه ان تري صديقك عمن الذنب مرارا ولا ينطق لسانك بنص ##يح ##ه تبقي ##ه [MASK] لك يوم القيامه [SEP] الله يسعد بنات علي [SEP]
INFO:tensorflow:input_ids: 2 1908 3054 2015 14728 1939 4542 23688 16540 14267 18727 2086 19953 11271 16180 4803 1028 6110 1028 4 2278 2232 8144 3 1953 5160 4476 1958 3 0 0 0 0 0 0 0 0 0 0 0 0 0 0 0 0 0 0 0 0 0 0 0 0 0 0 0 0 0 0 0 0 0 0 0 0 0 0 0 0 0 0 0 0 0 0 0 0 0 0 0 0 0 0 0 0 0 0 0 0 0 0 0 0 0 0 0 0 0 0 0 0 0 0 0 0 0 0 0 0 0 0 0 0 0 0 0 0 0 0 0 0 0 0 0 0 0 0 0
I1103 07:32:29.243372 47985214633024 create_pretraining_data.py:161] input_ids: 2 1908 3054 2015 14728 1939 4542 23688 16540 14267 18727 2086 19953 11271 16180 4803 1028 6110 1028 4 2278 2232 8144 3 1953 5160 4476 1958 3 0 0 0 0 0 0 0 0 0 0 0 0 0 0 0 0 0 0 0 0 0 0 0 0 0 0 0 0 0 0 0 0 0 0 0 0 0 0 0 0 0 0 0 0 0 0 0 0 0 0 0 0 0 0 0 0 0 0 0 0 0 0 0 0 0 0 0 0 0 0 0 0 0 0 0 0 0 0 0 0 0 0 0 0 0 0 0 0 0 0 0 0 0 0 0 0 0 0 0
INFO:tensorflow:input_mask: 1 1 1 1 1 1 1 1 1 1 1 1 1 1 1 1 1 1 1 1 1 1 1 1 1 1 1 1 1 0 0 0 0 0 0 0 0 0 0 0 0 0 0 0 0 0 0 0 0 0 0 0 0 0 0 0 0 0 0 0 0 0 0 0 0 0 0 0 0 0 0 0 0 0 0 0 0 0 0 0 0 0 0 0 0 0 0 0 0 0 0 0 0 0 0 0 0 0 0 0 0 0 0 0 0 0 0 0 0 0 0 0 0 0 0 0 0 0 0 0 0 0 0 0 0 0 0 0
I1103 07:32:29.243559 47985214633024 create_pretraining_data.py:161] input_mask: 1 1 1 1 1 1 1 1 1 1 1 1 1 1 1 1 1 1 1 1 1 1 1 1 1 1 1 1 1 0 0 0 0 0 0 0 0 0 0 0 0 0 0 0 0 0 0 0 0 0 0 0 0 0 0 0 0 0 0 0 0 0 0 0 0 0 0 0 0 0 0 0 0 0 0 0 0 0 0 0 0 0 0 0 0 0 0 0 0 0 0 0 0 0 0 0 0 0 0 0 0 0 0 0 0 0 0 0 0 0 0 0 0 0 0 0 0 0 0 0 0 0 0 0 0 0 0 0
INFO:tensorflow:segment_ids: 0 0 0 0 0 0 0 0 0 0 0 0 0 0 0 0 0 0 0 0 0 0 0 0 1 1 1 1 1 0 0 0 0 0 0 0 0 0 0 0 0 0 0 0 0 0 0 0 0 0 0 0 0 0 0 0 0 0 0 0 0 0 0 0 0 0 0 0 0 0 0 0 0 0 0 0 0 0 0 0 0 0 0 0 0 0 0 0 0 0 0 0 0 0 0 0 0 0 0 0 0 0 0 0 0 0 0 0 0 0 0 0 0 0 0 0 0 0 0 0 0 0 0 0 0 0 0 0
I1103 07:32:29.243735 47985214633024 create_pretraining_data.py:161] segment_ids: 0 0 0 0 0 0 0 0 0 0 0 0 0 0 0 0 0 0 0 0 0 0 0 0 1 1 1 1 1 0 0 0 0 0 0 0 0 0 0 0 0 0 0 0 0 0 0 0 0 0 0 0 0 0 0 0 0 0 0 0 0 0 0 0 0 0 0 0 0 0 0 0 0 0 0 0 0 0 0 0 0 0 0 0 0 0 0 0 0 0 0 0 0 0 0 0 0 0 0 0 0 0 0 0 0 0 0 0 0 0 0 0 0 0 0 0 0 0 0 0 0 0 0 0 0 0 0 0
INFO:tensorflow:masked_lm_positions: 4 8 19 24 0 0 0 0 0 0 0 0 0 0 0 0 0 0 0 0
I1103 07:32:29.243872 47985214633024 create_pretraining_data.py:161] masked_lm_positions: 4 8 19 24 0 0 0 0 0 0 0 0 0 0 0 0 0 0 0 0
INFO:tensorflow:masked_lm_ids: 14728 9744 21293 1953 0 0 0 0 0 0 0 0 0 0 0 0 0 0 0 0
I1103 07:32:29.244002 47985214633024 create_pretraining_data.py:161] masked_lm_ids: 14728 9744 21293 1953 0 0 0 0 0 0 0 0 0 0 0 0 0 0 0 0
INFO:tensorflow:masked_lm_weights: 1.0 1.0 1.0 1.0 0.0 0.0 0.0 0.0 0.0 0.0 0.0 0.0 0.0 0.0 0.0 0.0 0.0 0.0 0.0 0.0
I1103 07:32:29.244149 47985214633024 create_pretraining_data.py:161] masked_lm_weights: 1.0 1.0 1.0 1.0 0.0 0.0 0.0 0.0 0.0 0.0 0.0 0.0 0.0 0.0 0.0 0.0 0.0 0.0 0.0 0.0
INFO:tensorflow:next_sentence_labels: 1
I1103 07:32:29.244275 47985214633024 create_pretraining_data.py:161] next_sentence_labels: 1
INFO:tensorflow:*** Example ***
I1103 07:32:29.244954 47985214633024 create_pretraining_data.py:149] *** Example ***
INFO:tensorflow:tokens: [CLS] المقابر في او ##طان ##نا لا تخص الاش ##جار لان الاش ##جار غير داخله في [MASK] الاد ##يان ولا هي [MASK] في صلب [MASK] [MASK] [SEP] انتقل الي رحمه الله تعالي سلمان مج ##بل العج ##ير ##ب انا [MASK] وانا اليه راجعون [SEP]
I1103 07:32:29.245125 47985214633024 create_pretraining_data.py:151] tokens: [CLS] المقابر في او ##طان ##نا لا تخص الاش ##جار لان الاش ##جار غير داخله في [MASK] الاد ##يان ولا هي [MASK] في صلب [MASK] [MASK] [SEP] انتقل الي رحمه الله تعالي سلمان مج ##بل العج ##ير ##ب انا [MASK] وانا اليه راجعون [SEP]
INFO:tensorflow:input_ids: 2 28883 1912 2213 3779 1914 1963 8572 3358 4233 2551 3358 4233 2224 20783 1912 4 3344 2542 2086 2247 4 1912 21049 4 4 3 4481 2002 3849 1953 5175 3856 2079 2108 6948 1916 1045 2315 4 3257 3055 13146 3 0 0 0 0 0 0 0 0 0 0 0 0 0 0 0 0 0 0 0 0 0 0 0 0 0 0 0 0 0 0 0 0 0 0 0 0 0 0 0 0 0 0 0 0 0 0 0 0 0 0 0 0 0 0 0 0 0 0 0 0 0 0 0 0 0 0 0 0 0 0 0 0 0 0 0 0 0 0 0 0 0 0 0 0
I1103 07:32:29.245325 47985214633024 create_pretraining_data.py:161] input_ids: 2 28883 1912 2213 3779 1914 1963 8572 3358 4233 2551 3358 4233 2224 20783 1912 4 3344 2542 2086 2247 4 1912 21049 4 4 3 4481 2002 3849 1953 5175 3856 2079 2108 6948 1916 1045 2315 4 3257 3055 13146 3 0 0 0 0 0 0 0 0 0 0 0 0 0 0 0 0 0 0 0 0 0 0 0 0 0 0 0 0 0 0 0 0 0 0 0 0 0 0 0 0 0 0 0 0 0 0 0 0 0 0 0 0 0 0 0 0 0 0 0 0 0 0 0 0 0 0 0 0 0 0 0 0 0 0 0 0 0 0 0 0 0 0 0 0
INFO:tensorflow:input_mask: 1 1 1 1 1 1 1 1 1 1 1 1 1 1 1 1 1 1 1 1 1 1 1 1 1 1 1 1 1 1 1 1 1 1 1 1 1 1 1 1 1 1 1 1 0 0 0 0 0 0 0 0 0 0 0 0 0 0 0 0 0 0 0 0 0 0 0 0 0 0 0 0 0 0 0 0 0 0 0 0 0 0 0 0 0 0 0 0 0 0 0 0 0 0 0 0 0 0 0 0 0 0 0 0 0 0 0 0 0 0 0 0 0 0 0 0 0 0 0 0 0 0 0 0 0 0 0 0
I1103 07:32:29.245508 47985214633024 create_pretraining_data.py:161] input_mask: 1 1 1 1 1 1 1 1 1 1 1 1 1 1 1 1 1 1 1 1 1 1 1 1 1 1 1 1 1 1 1 1 1 1 1 1 1 1 1 1 1 1 1 1 0 0 0 0 0 0 0 0 0 0 0 0 0 0 0 0 0 0 0 0 0 0 0 0 0 0 0 0 0 0 0 0 0 0 0 0 0 0 0 0 0 0 0 0 0 0 0 0 0 0 0 0 0 0 0 0 0 0 0 0 0 0 0 0 0 0 0 0 0 0 0 0 0 0 0 0 0 0 0 0 0 0 0 0
INFO:tensorflow:segment_ids: 0 0 0 0 0 0 0 0 0 0 0 0 0 0 0 0 0 0 0 0 0 0 0 0 0 0 0 1 1 1 1 1 1 1 1 1 1 1 1 1 1 1 1 1 0 0 0 0 0 0 0 0 0 0 0 0 0 0 0 0 0 0 0 0 0 0 0 0 0 0 0 0 0 0 0 0 0 0 0 0 0 0 0 0 0 0 0 0 0 0 0 0 0 0 0 0 0 0 0 0 0 0 0 0 0 0 0 0 0 0 0 0 0 0 0 0 0 0 0 0 0 0 0 0 0 0 0 0
I1103 07:32:29.245681 47985214633024 create_pretraining_data.py:161] segment_ids: 0 0 0 0 0 0 0 0 0 0 0 0 0 0 0 0 0 0 0 0 0 0 0 0 0 0 0 1 1 1 1 1 1 1 1 1 1 1 1 1 1 1 1 1 0 0 0 0 0 0 0 0 0 0 0 0 0 0 0 0 0 0 0 0 0 0 0 0 0 0 0 0 0 0 0 0 0 0 0 0 0 0 0 0 0 0 0 0 0 0 0 0 0 0 0 0 0 0 0 0 0 0 0 0 0 0 0 0 0 0 0 0 0 0 0 0 0 0 0 0 0 0 0 0 0 0 0 0
INFO:tensorflow:masked_lm_positions: 6 16 21 24 25 39 41 0 0 0 0 0 0 0 0 0 0 0 0 0
I1103 07:32:29.245815 47985214633024 create_pretraining_data.py:161] masked_lm_positions: 6 16 21 24 25 39 41 0 0 0 0 0 0 0 0 0 0 0 0 0
INFO:tensorflow:masked_lm_ids: 1963 4445 20783 16344 1009 2784 3055 0 0 0 0 0 0 0 0 0 0 0 0 0
I1103 07:32:29.245946 47985214633024 create_pretraining_data.py:161] masked_lm_ids: 1963 4445 20783 16344 1009 2784 3055 0 0 0 0 0 0 0 0 0 0 0 0 0
INFO:tensorflow:masked_lm_weights: 1.0 1.0 1.0 1.0 1.0 1.0 1.0 0.0 0.0 0.0 0.0 0.0 0.0 0.0 0.0 0.0 0.0 0.0 0.0 0.0
I1103 07:32:29.246078 47985214633024 create_pretraining_data.py:161] masked_lm_weights: 1.0 1.0 1.0 1.0 1.0 1.0 1.0 0.0 0.0 0.0 0.0 0.0 0.0 0.0 0.0 0.0 0.0 0.0 0.0 0.0
INFO:tensorflow:next_sentence_labels: 1
I1103 07:32:29.246214 47985214633024 create_pretraining_data.py:161] next_sentence_labels: 1
INFO:tensorflow:*** Example ***
I1103 07:32:29.246913 47985214633024 create_pretraining_data.py:149] *** Example ***
INFO:tensorflow:tokens: [CLS] هذه الجمل ##ه ذكرها زايد عام م والان يقولها محمد بن زايد بعد سنه اختلف الزمان ونه [MASK] [MASK] ثابت [SEP] يا حي يا [MASK] برحمتك استغيث اصلح [MASK] شاني كله [SEP]
I1103 07:32:29.247063 47985214633024 create_pretraining_data.py:151] tokens: [CLS] هذه الجمل ##ه ذكرها زايد عام م والان يقولها محمد بن زايد بعد سنه اختلف الزمان ونه [MASK] [MASK] ثابت [SEP] يا حي يا [MASK] برحمتك استغيث اصلح [MASK] شاني كله [SEP]
INFO:tensorflow:input_ids: 2 2159 17967 1028 20927 6226 2268 412 4308 10845 2202 2040 6226 2089 4076 14870 6856 12390 4 4 7799 3 2104 2322 2104 4 9286 23096 14022 4 17267 4236 3 0 0 0 0 0 0 0 0 0 0 0 0 0 0 0 0 0 0 0 0 0 0 0 0 0 0 0 0 0 0 0 0 0 0 0 0 0 0 0 0 0 0 0 0 0 0 0 0 0 0 0 0 0 0 0 0 0 0 0 0 0 0 0 0 0 0 0 0 0 0 0 0 0 0 0 0 0 0 0 0 0 0 0 0 0 0 0 0 0 0 0 0 0 0 0
I1103 07:32:29.247235 47985214633024 create_pretraining_data.py:161] input_ids: 2 2159 17967 1028 20927 6226 2268 412 4308 10845 2202 2040 6226 2089 4076 14870 6856 12390 4 4 7799 3 2104 2322 2104 4 9286 23096 14022 4 17267 4236 3 0 0 0 0 0 0 0 0 0 0 0 0 0 0 0 0 0 0 0 0 0 0 0 0 0 0 0 0 0 0 0 0 0 0 0 0 0 0 0 0 0 0 0 0 0 0 0 0 0 0 0 0 0 0 0 0 0 0 0 0 0 0 0 0 0 0 0 0 0 0 0 0 0 0 0 0 0 0 0 0 0 0 0 0 0 0 0 0 0 0 0 0 0 0 0
INFO:tensorflow:input_mask: 1 1 1 1 1 1 1 1 1 1 1 1 1 1 1 1 1 1 1 1 1 1 1 1 1 1 1 1 1 1 1 1 1 0 0 0 0 0 0 0 0 0 0 0 0 0 0 0 0 0 0 0 0 0 0 0 0 0 0 0 0 0 0 0 0 0 0 0 0 0 0 0 0 0 0 0 0 0 0 0 0 0 0 0 0 0 0 0 0 0 0 0 0 0 0 0 0 0 0 0 0 0 0 0 0 0 0 0 0 0 0 0 0 0 0 0 0 0 0 0 0 0 0 0 0 0 0 0
I1103 07:32:29.247406 47985214633024 create_pretraining_data.py:161] input_mask: 1 1 1 1 1 1 1 1 1 1 1 1 1 1 1 1 1 1 1 1 1 1 1 1 1 1 1 1 1 1 1 1 1 0 0 0 0 0 0 0 0 0 0 0 0 0 0 0 0 0 0 0 0 0 0 0 0 0 0 0 0 0 0 0 0 0 0 0 0 0 0 0 0 0 0 0 0 0 0 0 0 0 0 0 0 0 0 0 0 0 0 0 0 0 0 0 0 0 0 0 0 0 0 0 0 0 0 0 0 0 0 0 0 0 0 0 0 0 0 0 0 0 0 0 0 0 0 0
INFO:tensorflow:segment_ids: 0 0 0 0 0 0 0 0 0 0 0 0 0 0 0 0 0 0 0 0 0 0 1 1 1 1 1 1 1 1 1 1 1 0 0 0 0 0 0 0 0 0 0 0 0 0 0 0 0 0 0 0 0 0 0 0 0 0 0 0 0 0 0 0 0 0 0 0 0 0 0 0 0 0 0 0 0 0 0 0 0 0 0 0 0 0 0 0 0 0 0 0 0 0 0 0 0 0 0 0 0 0 0 0 0 0 0 0 0 0 0 0 0 0 0 0 0 0 0 0 0 0 0 0 0 0 0 0
I1103 07:32:29.247565 47985214633024 create_pretraining_data.py:161] segment_ids: 0 0 0 0 0 0 0 0 0 0 0 0 0 0 0 0 0 0 0 0 0 0 1 1 1 1 1 1 1 1 1 1 1 0 0 0 0 0 0 0 0 0 0 0 0 0 0 0 0 0 0 0 0 0 0 0 0 0 0 0 0 0 0 0 0 0 0 0 0 0 0 0 0 0 0 0 0 0 0 0 0 0 0 0 0 0 0 0 0 0 0 0 0 0 0 0 0 0 0 0 0 0 0 0 0 0 0 0 0 0 0 0 0 0 0 0 0 0 0 0 0 0 0 0 0 0 0 0
INFO:tensorflow:masked_lm_positions: 17 18 19 25 29 0 0 0 0 0 0 0 0 0 0 0 0 0 0 0
I1103 07:32:29.247688 47985214633024 create_pretraining_data.py:161] masked_lm_positions: 17 18 19 25 29 0 0 0 0 0 0 0 0 0 0 0 0 0 0 0
INFO:tensorflow:masked_lm_ids: 12390 2736 1007 19467 2134 0 0 0 0 0 0 0 0 0 0 0 0 0 0 0
I1103 07:32:29.247804 47985214633024 create_pretraining_data.py:161] masked_lm_ids: 12390 2736 1007 19467 2134 0 0 0 0 0 0 0 0 0 0 0 0 0 0 0
INFO:tensorflow:masked_lm_weights: 1.0 1.0 1.0 1.0 1.0 0.0 0.0 0.0 0.0 0.0 0.0 0.0 0.0 0.0 0.0 0.0 0.0 0.0 0.0 0.0
I1103 07:32:29.247923 47985214633024 create_pretraining_data.py:161] masked_lm_weights: 1.0 1.0 1.0 1.0 1.0 0.0 0.0 0.0 0.0 0.0 0.0 0.0 0.0 0.0 0.0 0.0 0.0 0.0 0.0 0.0
INFO:tensorflow:next_sentence_labels: 1
I1103 07:32:29.248033 47985214633024 create_pretraining_data.py:161] next_sentence_labels: 1
INFO:tensorflow:*** Example ***
I1103 07:32:29.248642 47985214633024 create_pretraining_data.py:149] *** Example ***
INFO:tensorflow:tokens: [CLS] خوف [MASK] لما قدم ##وه بالب ##يرن ##ابي ##و [MASK] طلب منه يقبل الشعار رفض حتي جاء اخوه وقبل ##ه عنه الكرامه معد ##ومه عندهم [SEP] الاحترام لا يدل علي الحب انما [MASK] علي حسن التربيه احترم حتي لو لم تحب قروب [MASK] [MASK] للدعم [SEP]
I1103 07:32:29.248796 47985214633024 create_pretraining_data.py:151] tokens: [CLS] خوف [MASK] لما قدم ##وه بالب ##يرن ##ابي ##و [MASK] طلب منه يقبل الشعار رفض حتي جاء اخوه وقبل ##ه عنه الكرامه معد ##ومه عندهم [SEP] الاحترام لا يدل علي الحب انما [MASK] علي حسن التربيه احترم حتي لو لم تحب قروب [MASK] [MASK] للدعم [SEP]
INFO:tensorflow:input_ids: 2 9711 4 2518 3681 2283 4963 10872 3748 1012 4 2922 2739 8928 19526 4898 2627 3539 17705 9500 1028 2891 23296 4582 4044 9647 3 11469 1963 8858 1958 3088 7324 4 1958 3314 14226 17606 2627 2244 2043 3965 2543 4 4 2679 3 0 0 0 0 0 0 0 0 0 0 0 0 0 0 0 0 0 0 0 0 0 0 0 0 0 0 0 0 0 0 0 0 0 0 0 0 0 0 0 0 0 0 0 0 0 0 0 0 0 0 0 0 0 0 0 0 0 0 0 0 0 0 0 0 0 0 0 0 0 0 0 0 0 0 0 0 0 0 0 0 0
I1103 07:32:29.248991 47985214633024 create_pretraining_data.py:161] input_ids: 2 9711 4 2518 3681 2283 4963 10872 3748 1012 4 2922 2739 8928 19526 4898 2627 3539 17705 9500 1028 2891 23296 4582 4044 9647 3 11469 1963 8858 1958 3088 7324 4 1958 3314 14226 17606 2627 2244 2043 3965 2543 4 4 2679 3 0 0 0 0 0 0 0 0 0 0 0 0 0 0 0 0 0 0 0 0 0 0 0 0 0 0 0 0 0 0 0 0 0 0 0 0 0 0 0 0 0 0 0 0 0 0 0 0 0 0 0 0 0 0 0 0 0 0 0 0 0 0 0 0 0 0 0 0 0 0 0 0 0 0 0 0 0 0 0 0 0
INFO:tensorflow:input_mask: 1 1 1 1 1 1 1 1 1 1 1 1 1 1 1 1 1 1 1 1 1 1 1 1 1 1 1 1 1 1 1 1 1 1 1 1 1 1 1 1 1 1 1 1 1 1 1 0 0 0 0 0 0 0 0 0 0 0 0 0 0 0 0 0 0 0 0 0 0 0 0 0 0 0 0 0 0 0 0 0 0 0 0 0 0 0 0 0 0 0 0 0 0 0 0 0 0 0 0 0 0 0 0 0 0 0 0 0 0 0 0 0 0 0 0 0 0 0 0 0 0 0 0 0 0 0 0 0
I1103 07:32:29.249156 47985214633024 create_pretraining_data.py:161] input_mask: 1 1 1 1 1 1 1 1 1 1 1 1 1 1 1 1 1 1 1 1 1 1 1 1 1 1 1 1 1 1 1 1 1 1 1 1 1 1 1 1 1 1 1 1 1 1 1 0 0 0 0 0 0 0 0 0 0 0 0 0 0 0 0 0 0 0 0 0 0 0 0 0 0 0 0 0 0 0 0 0 0 0 0 0 0 0 0 0 0 0 0 0 0 0 0 0 0 0 0 0 0 0 0 0 0 0 0 0 0 0 0 0 0 0 0 0 0 0 0 0 0 0 0 0 0 0 0 0
INFO:tensorflow:segment_ids: 0 0 0 0 0 0 0 0 0 0 0 0 0 0 0 0 0 0 0 0 0 0 0 0 0 0 0 1 1 1 1 1 1 1 1 1 1 1 1 1 1 1 1 1 1 1 1 0 0 0 0 0 0 0 0 0 0 0 0 0 0 0 0 0 0 0 0 0 0 0 0 0 0 0 0 0 0 0 0 0 0 0 0 0 0 0 0 0 0 0 0 0 0 0 0 0 0 0 0 0 0 0 0 0 0 0 0 0 0 0 0 0 0 0 0 0 0 0 0 0 0 0 0 0 0 0 0 0
I1103 07:32:29.249318 47985214633024 create_pretraining_data.py:161] segment_ids: 0 0 0 0 0 0 0 0 0 0 0 0 0 0 0 0 0 0 0 0 0 0 0 0 0 0 0 1 1 1 1 1 1 1 1 1 1 1 1 1 1 1 1 1 1 1 1 0 0 0 0 0 0 0 0 0 0 0 0 0 0 0 0 0 0 0 0 0 0 0 0 0 0 0 0 0 0 0 0 0 0 0 0 0 0 0 0 0 0 0 0 0 0 0 0 0 0 0 0 0 0 0 0 0 0 0 0 0 0 0 0 0 0 0 0 0 0 0 0 0 0 0 0 0 0 0 0 0
INFO:tensorflow:masked_lm_positions: 1 2 10 33 39 43 44 0 0 0 0 0 0 0 0 0 0 0 0 0
I1103 07:32:29.249442 47985214633024 create_pretraining_data.py:161] masked_lm_positions: 1 2 10 33 39 43 44 0 0 0 0 0 0 0 0 0 0 0 0 0
INFO:tensorflow:masked_lm_ids: 3495 2627 6635 8858 2244 2357 4044 0 0 0 0 0 0 0 0 0 0 0 0 0
I1103 07:32:29.249561 47985214633024 create_pretraining_data.py:161] masked_lm_ids: 3495 2627 6635 8858 2244 2357 4044 0 0 0 0 0 0 0 0 0 0 0 0 0
INFO:tensorflow:masked_lm_weights: 1.0 1.0 1.0 1.0 1.0 1.0 1.0 0.0 0.0 0.0 0.0 0.0 0.0 0.0 0.0 0.0 0.0 0.0 0.0 0.0
I1103 07:32:29.249681 47985214633024 create_pretraining_data.py:161] masked_lm_weights: 1.0 1.0 1.0 1.0 1.0 1.0 1.0 0.0 0.0 0.0 0.0 0.0 0.0 0.0 0.0 0.0 0.0 0.0 0.0 0.0
INFO:tensorflow:next_sentence_labels: 1
I1103 07:32:29.249791 47985214633024 create_pretraining_data.py:161] next_sentence_labels: 1
INFO:tensorflow:*** Example ***
I1103 07:32:29.250414 47985214633024 create_pretraining_data.py:149] *** Example ***
INFO:tensorflow:tokens: [CLS] لو لم تسا ##رع ##وا الي الج ##حور لما [MASK] [MASK] الميدان [SEP] اللهم [MASK] من اهل النفوس الطاهر ##ه والق ##لوب الشا ##كره [MASK] ##جو [MASK] المستب ##شره الباس ##مه اللهم ارزقنا طيب المقام وحسن الختام [SEP]
I1103 07:32:29.250565 47985214633024 create_pretraining_data.py:151] tokens: [CLS] لو لم تسا ##رع ##وا الي الج ##حور لما [MASK] [MASK] الميدان [SEP] اللهم [MASK] من اهل النفوس الطاهر ##ه والق ##لوب الشا ##كره [MASK] ##جو [MASK] المستب ##شره الباس ##مه اللهم ارزقنا طيب المقام وحسن الختام [SEP]
INFO:tensorflow:input_ids: 2 2244 2043 6580 4178 1928 2002 1970 28632 2518 4 4 13159 3 2168 4 1908 3997 10875 19684 1028 3309 2529 18435 2936 4 8233 4 29408 4618 15175 2152 2168 10430 4177 13094 8721 18708 3 0 0 0 0 0 0 0 0 0 0 0 0 0 0 0 0 0 0 0 0 0 0 0 0 0 0 0 0 0 0 0 0 0 0 0 0 0 0 0 0 0 0 0 0 0 0 0 0 0 0 0 0 0 0 0 0 0 0 0 0 0 0 0 0 0 0 0 0 0 0 0 0 0 0 0 0 0 0 0 0 0 0 0 0 0 0 0 0 0
I1103 07:32:29.250759 47985214633024 create_pretraining_data.py:161] input_ids: 2 2244 2043 6580 4178 1928 2002 1970 28632 2518 4 4 13159 3 2168 4 1908 3997 10875 19684 1028 3309 2529 18435 2936 4 8233 4 29408 4618 15175 2152 2168 10430 4177 13094 8721 18708 3 0 0 0 0 0 0 0 0 0 0 0 0 0 0 0 0 0 0 0 0 0 0 0 0 0 0 0 0 0 0 0 0 0 0 0 0 0 0 0 0 0 0 0 0 0 0 0 0 0 0 0 0 0 0 0 0 0 0 0 0 0 0 0 0 0 0 0 0 0 0 0 0 0 0 0 0 0 0 0 0 0 0 0 0 0 0 0 0 0
INFO:tensorflow:input_mask: 1 1 1 1 1 1 1 1 1 1 1 1 1 1 1 1 1 1 1 1 1 1 1 1 1 1 1 1 1 1 1 1 1 1 1 1 1 1 1 0 0 0 0 0 0 0 0 0 0 0 0 0 0 0 0 0 0 0 0 0 0 0 0 0 0 0 0 0 0 0 0 0 0 0 0 0 0 0 0 0 0 0 0 0 0 0 0 0 0 0 0 0 0 0 0 0 0 0 0 0 0 0 0 0 0 0 0 0 0 0 0 0 0 0 0 0 0 0 0 0 0 0 0 0 0 0 0 0
I1103 07:32:29.250921 47985214633024 create_pretraining_data.py:161] input_mask: 1 1 1 1 1 1 1 1 1 1 1 1 1 1 1 1 1 1 1 1 1 1 1 1 1 1 1 1 1 1 1 1 1 1 1 1 1 1 1 0 0 0 0 0 0 0 0 0 0 0 0 0 0 0 0 0 0 0 0 0 0 0 0 0 0 0 0 0 0 0 0 0 0 0 0 0 0 0 0 0 0 0 0 0 0 0 0 0 0 0 0 0 0 0 0 0 0 0 0 0 0 0 0 0 0 0 0 0 0 0 0 0 0 0 0 0 0 0 0 0 0 0 0 0 0 0 0 0
INFO:tensorflow:segment_ids: 0 0 0 0 0 0 0 0 0 0 0 0 0 0 1 1 1 1 1 1 1 1 1 1 1 1 1 1 1 1 1 1 1 1 1 1 1 1 1 0 0 0 0 0 0 0 0 0 0 0 0 0 0 0 0 0 0 0 0 0 0 0 0 0 0 0 0 0 0 0 0 0 0 0 0 0 0 0 0 0 0 0 0 0 0 0 0 0 0 0 0 0 0 0 0 0 0 0 0 0 0 0 0 0 0 0 0 0 0 0 0 0 0 0 0 0 0 0 0 0 0 0 0 0 0 0 0 0
I1103 07:32:29.251080 47985214633024 create_pretraining_data.py:161] segment_ids: 0 0 0 0 0 0 0 0 0 0 0 0 0 0 1 1 1 1 1 1 1 1 1 1 1 1 1 1 1 1 1 1 1 1 1 1 1 1 1 0 0 0 0 0 0 0 0 0 0 0 0 0 0 0 0 0 0 0 0 0 0 0 0 0 0 0 0 0 0 0 0 0 0 0 0 0 0 0 0 0 0 0 0 0 0 0 0 0 0 0 0 0 0 0 0 0 0 0 0 0 0 0 0 0 0 0 0 0 0 0 0 0 0 0 0 0 0 0 0 0 0 0 0 0 0 0 0 0
INFO:tensorflow:masked_lm_positions: 10 11 15 25 26 27 0 0 0 0 0 0 0 0 0 0 0 0 0 0
I1103 07:32:29.251204 47985214633024 create_pretraining_data.py:161] masked_lm_positions: 10 11 15 25 26 27 0 0 0 0 0 0 0 0 0 0 0 0 0 0
INFO:tensorflow:masked_lm_ids: 11581 1015 9913 11031 8233 1028 0 0 0 0 0 0 0 0 0 0 0 0 0 0
I1103 07:32:29.251327 47985214633024 create_pretraining_data.py:161] masked_lm_ids: 11581 1015 9913 11031 8233 1028 0 0 0 0 0 0 0 0 0 0 0 0 0 0
INFO:tensorflow:masked_lm_weights: 1.0 1.0 1.0 1.0 1.0 1.0 0.0 0.0 0.0 0.0 0.0 0.0 0.0 0.0 0.0 0.0 0.0 0.0 0.0 0.0
I1103 07:32:29.251448 47985214633024 create_pretraining_data.py:161] masked_lm_weights: 1.0 1.0 1.0 1.0 1.0 1.0 0.0 0.0 0.0 0.0 0.0 0.0 0.0 0.0 0.0 0.0 0.0 0.0 0.0 0.0
INFO:tensorflow:next_sentence_labels: 1
I1103 07:32:29.251558 47985214633024 create_pretraining_data.py:161] next_sentence_labels: 1
INFO:tensorflow:*** Example ***
I1103 07:32:29.252159 47985214633024 create_pretraining_data.py:149] *** Example ***
INFO:tensorflow:tokens: [CLS] بعض الجروح ان جت [MASK] اغ ##راب عادي الجرح موت الجرح لاج ##ا من احباب [SEP] راجح م رفع [MASK] [MASK] [MASK] بعض زد رصيدك ##45 [SEP]
I1103 07:32:29.252311 47985214633024 create_pretraining_data.py:151] tokens: [CLS] بعض الجروح ان جت [MASK] اغ ##راب عادي الجرح موت الجرح لاج ##ا من احباب [SEP] راجح م رفع [MASK] [MASK] [MASK] بعض زد رصيدك ##45 [SEP]
INFO:tensorflow:input_ids: 2 2346 21842 1939 17823 4 2803 3211 6225 10946 5166 10946 7421 1007 1908 10716 3 10021 412 4391 4 4 4 2346 3477 3602 8246 3 0 0 0 0 0 0 0 0 0 0 0 0 0 0 0 0 0 0 0 0 0 0 0 0 0 0 0 0 0 0 0 0 0 0 0 0 0 0 0 0 0 0 0 0 0 0 0 0 0 0 0 0 0 0 0 0 0 0 0 0 0 0 0 0 0 0 0 0 0 0 0 0 0 0 0 0 0 0 0 0 0 0 0 0 0 0 0 0 0 0 0 0 0 0 0 0 0 0 0 0
I1103 07:32:29.252485 47985214633024 create_pretraining_data.py:161] input_ids: 2 2346 21842 1939 17823 4 2803 3211 6225 10946 5166 10946 7421 1007 1908 10716 3 10021 412 4391 4 4 4 2346 3477 3602 8246 3 0 0 0 0 0 0 0 0 0 0 0 0 0 0 0 0 0 0 0 0 0 0 0 0 0 0 0 0 0 0 0 0 0 0 0 0 0 0 0 0 0 0 0 0 0 0 0 0 0 0 0 0 0 0 0 0 0 0 0 0 0 0 0 0 0 0 0 0 0 0 0 0 0 0 0 0 0 0 0 0 0 0 0 0 0 0 0 0 0 0 0 0 0 0 0 0 0 0 0 0
INFO:tensorflow:input_mask: 1 1 1 1 1 1 1 1 1 1 1 1 1 1 1 1 1 1 1 1 1 1 1 1 1 1 1 1 0 0 0 0 0 0 0 0 0 0 0 0 0 0 0 0 0 0 0 0 0 0 0 0 0 0 0 0 0 0 0 0 0 0 0 0 0 0 0 0 0 0 0 0 0 0 0 0 0 0 0 0 0 0 0 0 0 0 0 0 0 0 0 0 0 0 0 0 0 0 0 0 0 0 0 0 0 0 0 0 0 0 0 0 0 0 0 0 0 0 0 0 0 0 0 0 0 0 0 0
I1103 07:32:29.252665 47985214633024 create_pretraining_data.py:161] input_mask: 1 1 1 1 1 1 1 1 1 1 1 1 1 1 1 1 1 1 1 1 1 1 1 1 1 1 1 1 0 0 0 0 0 0 0 0 0 0 0 0 0 0 0 0 0 0 0 0 0 0 0 0 0 0 0 0 0 0 0 0 0 0 0 0 0 0 0 0 0 0 0 0 0 0 0 0 0 0 0 0 0 0 0 0 0 0 0 0 0 0 0 0 0 0 0 0 0 0 0 0 0 0 0 0 0 0 0 0 0 0 0 0 0 0 0 0 0 0 0 0 0 0 0 0 0 0 0 0
INFO:tensorflow:segment_ids: 0 0 0 0 0 0 0 0 0 0 0 0 0 0 0 0 0 1 1 1 1 1 1 1 1 1 1 1 0 0 0 0 0 0 0 0 0 0 0 0 0 0 0 0 0 0 0 0 0 0 0 0 0 0 0 0 0 0 0 0 0 0 0 0 0 0 0 0 0 0 0 0 0 0 0 0 0 0 0 0 0 0 0 0 0 0 0 0 0 0 0 0 0 0 0 0 0 0 0 0 0 0 0 0 0 0 0 0 0 0 0 0 0 0 0 0 0 0 0 0 0 0 0 0 0 0 0 0
I1103 07:32:29.252825 47985214633024 create_pretraining_data.py:161] segment_ids: 0 0 0 0 0 0 0 0 0 0 0 0 0 0 0 0 0 1 1 1 1 1 1 1 1 1 1 1 0 0 0 0 0 0 0 0 0 0 0 0 0 0 0 0 0 0 0 0 0 0 0 0 0 0 0 0 0 0 0 0 0 0 0 0 0 0 0 0 0 0 0 0 0 0 0 0 0 0 0 0 0 0 0 0 0 0 0 0 0 0 0 0 0 0 0 0 0 0 0 0 0 0 0 0 0 0 0 0 0 0 0 0 0 0 0 0 0 0 0 0 0 0 0 0 0 0 0 0
INFO:tensorflow:masked_lm_positions: 5 20 21 22 0 0 0 0 0 0 0 0 0 0 0 0 0 0 0 0
I1103 07:32:29.252948 47985214633024 create_pretraining_data.py:161] masked_lm_positions: 5 20 21 22 0 0 0 0 0 0 0 0 0 0 0 0 0 0 0 0
INFO:tensorflow:masked_lm_ids: 1908 12937 29143 405 0 0 0 0 0 0 0 0 0 0 0 0 0 0 0 0
I1103 07:32:29.253067 47985214633024 create_pretraining_data.py:161] masked_lm_ids: 1908 12937 29143 405 0 0 0 0 0 0 0 0 0 0 0 0 0 0 0 0
INFO:tensorflow:masked_lm_weights: 1.0 1.0 1.0 1.0 0.0 0.0 0.0 0.0 0.0 0.0 0.0 0.0 0.0 0.0 0.0 0.0 0.0 0.0 0.0 0.0
I1103 07:32:29.253187 47985214633024 create_pretraining_data.py:161] masked_lm_weights: 1.0 1.0 1.0 1.0 0.0 0.0 0.0 0.0 0.0 0.0 0.0 0.0 0.0 0.0 0.0 0.0 0.0 0.0 0.0 0.0
INFO:tensorflow:next_sentence_labels: 1
I1103 07:32:29.253297 47985214633024 create_pretraining_data.py:161] next_sentence_labels: 1
INFO:tensorflow:*** Example ***
I1103 07:32:29.253892 47985214633024 create_pretraining_data.py:149] *** Example ***
INFO:tensorflow:tokens: [CLS] اب ##عت ##لي [MASK] [MASK] [MASK] وط ##مني [SEP] اصل ##ها مش بالمس ##افات الي بيحب بيف ##ضل يحب حتي في البعد [SEP]
I1103 07:32:29.254037 47985214633024 create_pretraining_data.py:151] tokens: [CLS] اب ##عت ##لي [MASK] [MASK] [MASK] وط ##مني [SEP] اصل ##ها مش بالمس ##افات الي بيحب بيف ##ضل يحب حتي في البعد [SEP]
INFO:tensorflow:input_ids: 2 2093 2091 1907 4 4 4 2806 3478 3 11293 1913 2096 12613 8534 2002 20818 17423 6551 3866 2627 1912 8091 3 0 0 0 0 0 0 0 0 0 0 0 0 0 0 0 0 0 0 0 0 0 0 0 0 0 0 0 0 0 0 0 0 0 0 0 0 0 0 0 0 0 0 0 0 0 0 0 0 0 0 0 0 0 0 0 0 0 0 0 0 0 0 0 0 0 0 0 0 0 0 0 0 0 0 0 0 0 0 0 0 0 0 0 0 0 0 0 0 0 0 0 0 0 0 0 0 0 0 0 0 0 0 0 0
I1103 07:32:29.254206 47985214633024 create_pretraining_data.py:161] input_ids: 2 2093 2091 1907 4 4 4 2806 3478 3 11293 1913 2096 12613 8534 2002 20818 17423 6551 3866 2627 1912 8091 3 0 0 0 0 0 0 0 0 0 0 0 0 0 0 0 0 0 0 0 0 0 0 0 0 0 0 0 0 0 0 0 0 0 0 0 0 0 0 0 0 0 0 0 0 0 0 0 0 0 0 0 0 0 0 0 0 0 0 0 0 0 0 0 0 0 0 0 0 0 0 0 0 0 0 0 0 0 0 0 0 0 0 0 0 0 0 0 0 0 0 0 0 0 0 0 0 0 0 0 0 0 0 0 0
INFO:tensorflow:input_mask: 1 1 1 1 1 1 1 1 1 1 1 1 1 1 1 1 1 1 1 1 1 1 1 1 0 0 0 0 0 0 0 0 0 0 0 0 0 0 0 0 0 0 0 0 0 0 0 0 0 0 0 0 0 0 0 0 0 0 0 0 0 0 0 0 0 0 0 0 0 0 0 0 0 0 0 0 0 0 0 0 0 0 0 0 0 0 0 0 0 0 0 0 0 0 0 0 0 0 0 0 0 0 0 0 0 0 0 0 0 0 0 0 0 0 0 0 0 0 0 0 0 0 0 0 0 0 0 0
I1103 07:32:29.254390 47985214633024 create_pretraining_data.py:161] input_mask: 1 1 1 1 1 1 1 1 1 1 1 1 1 1 1 1 1 1 1 1 1 1 1 1 0 0 0 0 0 0 0 0 0 0 0 0 0 0 0 0 0 0 0 0 0 0 0 0 0 0 0 0 0 0 0 0 0 0 0 0 0 0 0 0 0 0 0 0 0 0 0 0 0 0 0 0 0 0 0 0 0 0 0 0 0 0 0 0 0 0 0 0 0 0 0 0 0 0 0 0 0 0 0 0 0 0 0 0 0 0 0 0 0 0 0 0 0 0 0 0 0 0 0 0 0 0 0 0
INFO:tensorflow:segment_ids: 0 0 0 0 0 0 0 0 0 0 1 1 1 1 1 1 1 1 1 1 1 1 1 1 0 0 0 0 0 0 0 0 0 0 0 0 0 0 0 0 0 0 0 0 0 0 0 0 0 0 0 0 0 0 0 0 0 0 0 0 0 0 0 0 0 0 0 0 0 0 0 0 0 0 0 0 0 0 0 0 0 0 0 0 0 0 0 0 0 0 0 0 0 0 0 0 0 0 0 0 0 0 0 0 0 0 0 0 0 0 0 0 0 0 0 0 0 0 0 0 0 0 0 0 0 0 0 0
I1103 07:32:29.254551 47985214633024 create_pretraining_data.py:161] segment_ids: 0 0 0 0 0 0 0 0 0 0 1 1 1 1 1 1 1 1 1 1 1 1 1 1 0 0 0 0 0 0 0 0 0 0 0 0 0 0 0 0 0 0 0 0 0 0 0 0 0 0 0 0 0 0 0 0 0 0 0 0 0 0 0 0 0 0 0 0 0 0 0 0 0 0 0 0 0 0 0 0 0 0 0 0 0 0 0 0 0 0 0 0 0 0 0 0 0 0 0 0 0 0 0 0 0 0 0 0 0 0 0 0 0 0 0 0 0 0 0 0 0 0 0 0 0 0 0 0
INFO:tensorflow:masked_lm_positions: 4 5 6 21 0 0 0 0 0 0 0 0 0 0 0 0 0 0 0 0
I1103 07:32:29.254676 47985214633024 create_pretraining_data.py:161] masked_lm_positions: 4 5 6 21 0 0 0 0 0 0 0 0 0 0 0 0 0 0 0 0
INFO:tensorflow:masked_lm_ids: 9277 2877 1045 1912 0 0 0 0 0 0 0 0 0 0 0 0 0 0 0 0
I1103 07:32:29.254794 47985214633024 create_pretraining_data.py:161] masked_lm_ids: 9277 2877 1045 1912 0 0 0 0 0 0 0 0 0 0 0 0 0 0 0 0
INFO:tensorflow:masked_lm_weights: 1.0 1.0 1.0 1.0 0.0 0.0 0.0 0.0 0.0 0.0 0.0 0.0 0.0 0.0 0.0 0.0 0.0 0.0 0.0 0.0
I1103 07:32:29.254914 47985214633024 create_pretraining_data.py:161] masked_lm_weights: 1.0 1.0 1.0 1.0 0.0 0.0 0.0 0.0 0.0 0.0 0.0 0.0 0.0 0.0 0.0 0.0 0.0 0.0 0.0 0.0
INFO:tensorflow:next_sentence_labels: 1
I1103 07:32:29.255024 47985214633024 create_pretraining_data.py:161] next_sentence_labels: 1
INFO:tensorflow:*** Example ***
I1103 07:32:29.255652 47985214633024 create_pretraining_data.py:149] *** Example ***
INFO:tensorflow:tokens: [CLS] اشتاق لك وبك ##يت يطرح [MASK] لك واغ ##فيت والدم ##ع علي [MASK] [MASK] وين الوفا وين نوال الكويتيه احس ##اا ##س نوال [SEP] رب [MASK] لي ولوالدي ولاح ##بت ##ي وللمؤمنين والمؤمنات والمسلمين والمسلمات الاحياء منهم والاموات المست ##غفرين [MASK] [SEP]
I1103 07:32:29.255805 47985214633024 create_pretraining_data.py:151] tokens: [CLS] اشتاق لك وبك ##يت يطرح [MASK] لك واغ ##فيت والدم ##ع علي [MASK] [MASK] وين الوفا وين نوال الكويتيه احس ##اا ##س نوال [SEP] رب [MASK] لي ولوالدي ولاح ##بت ##ي وللمؤمنين والمؤمنات والمسلمين والمسلمات الاحياء منهم والاموات المست ##غفرين [MASK] [SEP]
INFO:tensorflow:input_ids: 2 11447 2278 8919 2034 14002 4 2278 7653 8896 17701 1009 1958 4 4 3266 12052 3266 23945 24657 6356 2877 1033 23945 3 2512 4 2134 15189 20931 2177 1013 21769 14944 10635 15240 10329 3441 15851 2338 17906 4 3 0 0 0 0 0 0 0 0 0 0 0 0 0 0 0 0 0 0 0 0 0 0 0 0 0 0 0 0 0 0 0 0 0 0 0 0 0 0 0 0 0 0 0 0 0 0 0 0 0 0 0 0 0 0 0 0 0 0 0 0 0 0 0 0 0 0 0 0 0 0 0 0 0 0 0 0 0 0 0 0 0 0 0 0 0
I1103 07:32:29.255980 47985214633024 create_pretraining_data.py:161] input_ids: 2 11447 2278 8919 2034 14002 4 2278 7653 8896 17701 1009 1958 4 4 3266 12052 3266 23945 24657 6356 2877 1033 23945 3 2512 4 2134 15189 20931 2177 1013 21769 14944 10635 15240 10329 3441 15851 2338 17906 4 3 0 0 0 0 0 0 0 0 0 0 0 0 0 0 0 0 0 0 0 0 0 0 0 0 0 0 0 0 0 0 0 0 0 0 0 0 0 0 0 0 0 0 0 0 0 0 0 0 0 0 0 0 0 0 0 0 0 0 0 0 0 0 0 0 0 0 0 0 0 0 0 0 0 0 0 0 0 0 0 0 0 0 0 0 0
INFO:tensorflow:input_mask: 1 1 1 1 1 1 1 1 1 1 1 1 1 1 1 1 1 1 1 1 1 1 1 1 1 1 1 1 1 1 1 1 1 1 1 1 1 1 1 1 1 1 1 0 0 0 0 0 0 0 0 0 0 0 0 0 0 0 0 0 0 0 0 0 0 0 0 0 0 0 0 0 0 0 0 0 0 0 0 0 0 0 0 0 0 0 0 0 0 0 0 0 0 0 0 0 0 0 0 0 0 0 0 0 0 0 0 0 0 0 0 0 0 0 0 0 0 0 0 0 0 0 0 0 0 0 0 0
I1103 07:32:29.256145 47985214633024 create_pretraining_data.py:161] input_mask: 1 1 1 1 1 1 1 1 1 1 1 1 1 1 1 1 1 1 1 1 1 1 1 1 1 1 1 1 1 1 1 1 1 1 1 1 1 1 1 1 1 1 1 0 0 0 0 0 0 0 0 0 0 0 0 0 0 0 0 0 0 0 0 0 0 0 0 0 0 0 0 0 0 0 0 0 0 0 0 0 0 0 0 0 0 0 0 0 0 0 0 0 0 0 0 0 0 0 0 0 0 0 0 0 0 0 0 0 0 0 0 0 0 0 0 0 0 0 0 0 0 0 0 0 0 0 0 0
INFO:tensorflow:segment_ids: 0 0 0 0 0 0 0 0 0 0 0 0 0 0 0 0 0 0 0 0 0 0 0 0 0 1 1 1 1 1 1 1 1 1 1 1 1 1 1 1 1 1 1 0 0 0 0 0 0 0 0 0 0 0 0 0 0 0 0 0 0 0 0 0 0 0 0 0 0 0 0 0 0 0 0 0 0 0 0 0 0 0 0 0 0 0 0 0 0 0 0 0 0 0 0 0 0 0 0 0 0 0 0 0 0 0 0 0 0 0 0 0 0 0 0 0 0 0 0 0 0 0 0 0 0 0 0 0
I1103 07:32:29.256345 47985214633024 create_pretraining_data.py:161] segment_ids: 0 0 0 0 0 0 0 0 0 0 0 0 0 0 0 0 0 0 0 0 0 0 0 0 0 1 1 1 1 1 1 1 1 1 1 1 1 1 1 1 1 1 1 0 0 0 0 0 0 0 0 0 0 0 0 0 0 0 0 0 0 0 0 0 0 0 0 0 0 0 0 0 0 0 0 0 0 0 0 0 0 0 0 0 0 0 0 0 0 0 0 0 0 0 0 0 0 0 0 0 0 0 0 0 0 0 0 0 0 0 0 0 0 0 0 0 0 0 0 0 0 0 0 0 0 0 0 0
INFO:tensorflow:masked_lm_positions: 5 6 13 14 26 41 0 0 0 0 0 0 0 0 0 0 0 0 0 0
I1103 07:32:29.256473 47985214633024 create_pretraining_data.py:161] masked_lm_positions: 5 6 13 14 26 41 0 0 0 0 0 0 0 0 0 0 0 0 0 0
INFO:tensorflow:masked_lm_ids: 4042 1006 18292 1911 5124 24406 0 0 0 0 0 0 0 0 0 0 0 0 0 0
I1103 07:32:29.256593 47985214633024 create_pretraining_data.py:161] masked_lm_ids: 4042 1006 18292 1911 5124 24406 0 0 0 0 0 0 0 0 0 0 0 0 0 0
INFO:tensorflow:masked_lm_weights: 1.0 1.0 1.0 1.0 1.0 1.0 0.0 0.0 0.0 0.0 0.0 0.0 0.0 0.0 0.0 0.0 0.0 0.0 0.0 0.0
I1103 07:32:29.256713 47985214633024 create_pretraining_data.py:161] masked_lm_weights: 1.0 1.0 1.0 1.0 1.0 1.0 0.0 0.0 0.0 0.0 0.0 0.0 0.0 0.0 0.0 0.0 0.0 0.0 0.0 0.0
INFO:tensorflow:next_sentence_labels: 1
I1103 07:32:29.256824 47985214633024 create_pretraining_data.py:161] next_sentence_labels: 1
INFO:tensorflow:*** Example ***
I1103 07:32:29.257444 47985214633024 create_pretraining_data.py:149] *** Example ***
INFO:tensorflow:tokens: [CLS] كان [MASK] اخذ مض ##جع ##ه نف ##ث [MASK] يديه وقر ##ا بالمع ##وذ ##ات ومس ##ح بهما ##ج ##سد ##ه البخاري نف ##ث تف ##ل [MASK] [MASK] [MASK] اوب ##دون ##ه المع ##وذ ##ات الفل ##ق والناس وقيل معهم ##ا [MASK] [SEP] مبروك [MASK] الكويت [MASK] الف الف الف مبروووك سنين وعقبال الملي ##ووون يااارب [SEP]
I1103 07:32:29.257604 47985214633024 create_pretraining_data.py:151] tokens: [CLS] كان [MASK] اخذ مض ##جع ##ه نف ##ث [MASK] يديه وقر ##ا بالمع ##وذ ##ات ومس ##ح بهما ##ج ##سد ##ه البخاري نف ##ث تف ##ل [MASK] [MASK] [MASK] اوب ##دون ##ه المع ##وذ ##ات الفل ##ق والناس وقيل معهم ##ا [MASK] [SEP] مبروك [MASK] الكويت [MASK] الف الف الف مبروووك سنين وعقبال الملي ##ووون يااارب [SEP]
INFO:tensorflow:input_ids: 2 2055 4 6467 3562 3464 1028 2790 1039 4 12464 12964 1007 7402 7875 1904 5741 1032 15699 1041 3949 1028 6286 2790 1039 2562 1010 4 4 4 9174 6024 1028 2240 7875 1904 28062 1011 10585 8055 5876 1007 4 3 4447 4 3346 4 1980 1980 1980 10568 8189 17707 11578 17189 20178 3 0 0 0 0 0 0 0 0 0 0 0 0 0 0 0 0 0 0 0 0 0 0 0 0 0 0 0 0 0 0 0 0 0 0 0 0 0 0 0 0 0 0 0 0 0 0 0 0 0 0 0 0 0 0 0 0 0 0 0 0 0 0 0 0 0 0 0 0 0 0
I1103 07:32:29.257785 47985214633024 create_pretraining_data.py:161] input_ids: 2 2055 4 6467 3562 3464 1028 2790 1039 4 12464 12964 1007 7402 7875 1904 5741 1032 15699 1041 3949 1028 6286 2790 1039 2562 1010 4 4 4 9174 6024 1028 2240 7875 1904 28062 1011 10585 8055 5876 1007 4 3 4447 4 3346 4 1980 1980 1980 10568 8189 17707 11578 17189 20178 3 0 0 0 0 0 0 0 0 0 0 0 0 0 0 0 0 0 0 0 0 0 0 0 0 0 0 0 0 0 0 0 0 0 0 0 0 0 0 0 0 0 0 0 0 0 0 0 0 0 0 0 0 0 0 0 0 0 0 0 0 0 0 0 0 0 0 0 0 0 0
INFO:tensorflow:input_mask: 1 1 1 1 1 1 1 1 1 1 1 1 1 1 1 1 1 1 1 1 1 1 1 1 1 1 1 1 1 1 1 1 1 1 1 1 1 1 1 1 1 1 1 1 1 1 1 1 1 1 1 1 1 1 1 1 1 1 0 0 0 0 0 0 0 0 0 0 0 0 0 0 0 0 0 0 0 0 0 0 0 0 0 0 0 0 0 0 0 0 0 0 0 0 0 0 0 0 0 0 0 0 0 0 0 0 0 0 0 0 0 0 0 0 0 0 0 0 0 0 0 0 0 0 0 0 0 0
I1103 07:32:29.257950 47985214633024 create_pretraining_data.py:161] input_mask: 1 1 1 1 1 1 1 1 1 1 1 1 1 1 1 1 1 1 1 1 1 1 1 1 1 1 1 1 1 1 1 1 1 1 1 1 1 1 1 1 1 1 1 1 1 1 1 1 1 1 1 1 1 1 1 1 1 1 0 0 0 0 0 0 0 0 0 0 0 0 0 0 0 0 0 0 0 0 0 0 0 0 0 0 0 0 0 0 0 0 0 0 0 0 0 0 0 0 0 0 0 0 0 0 0 0 0 0 0 0 0 0 0 0 0 0 0 0 0 0 0 0 0 0 0 0 0 0
INFO:tensorflow:segment_ids: 0 0 0 0 0 0 0 0 0 0 0 0 0 0 0 0 0 0 0 0 0 0 0 0 0 0 0 0 0 0 0 0 0 0 0 0 0 0 0 0 0 0 0 0 1 1 1 1 1 1 1 1 1 1 1 1 1 1 0 0 0 0 0 0 0 0 0 0 0 0 0 0 0 0 0 0 0 0 0 0 0 0 0 0 0 0 0 0 0 0 0 0 0 0 0 0 0 0 0 0 0 0 0 0 0 0 0 0 0 0 0 0 0 0 0 0 0 0 0 0 0 0 0 0 0 0 0 0
I1103 07:32:29.258124 47985214633024 create_pretraining_data.py:161] segment_ids: 0 0 0 0 0 0 0 0 0 0 0 0 0 0 0 0 0 0 0 0 0 0 0 0 0 0 0 0 0 0 0 0 0 0 0 0 0 0 0 0 0 0 0 0 1 1 1 1 1 1 1 1 1 1 1 1 1 1 0 0 0 0 0 0 0 0 0 0 0 0 0 0 0 0 0 0 0 0 0 0 0 0 0 0 0 0 0 0 0 0 0 0 0 0 0 0 0 0 0 0 0 0 0 0 0 0 0 0 0 0 0 0 0 0 0 0 0 0 0 0 0 0 0 0 0 0 0 0
INFO:tensorflow:masked_lm_positions: 2 9 27 28 29 42 45 47 52 0 0 0 0 0 0 0 0 0 0 0
I1103 07:32:29.258247 47985214633024 create_pretraining_data.py:161] masked_lm_positions: 2 9 27 28 29 42 45 47 52 0 0 0 0 0 0 0 0 0 0 0
INFO:tensorflow:masked_lm_ids: 2387 1912 4836 1011 16040 15713 3597 4616 4616 0 0 0 0 0 0 0 0 0 0 0
I1103 07:32:29.258373 47985214633024 create_pretraining_data.py:161] masked_lm_ids: 2387 1912 4836 1011 16040 15713 3597 4616 4616 0 0 0 0 0 0 0 0 0 0 0
INFO:tensorflow:masked_lm_weights: 1.0 1.0 1.0 1.0 1.0 1.0 1.0 1.0 1.0 0.0 0.0 0.0 0.0 0.0 0.0 0.0 0.0 0.0 0.0 0.0
I1103 07:32:29.258494 47985214633024 create_pretraining_data.py:161] masked_lm_weights: 1.0 1.0 1.0 1.0 1.0 1.0 1.0 1.0 1.0 0.0 0.0 0.0 0.0 0.0 0.0 0.0 0.0 0.0 0.0 0.0
INFO:tensorflow:next_sentence_labels: 1
I1103 07:32:29.258604 47985214633024 create_pretraining_data.py:161] next_sentence_labels: 1
INFO:tensorflow:*** Example ***
I1103 07:32:29.259194 47985214633024 create_pretraining_data.py:149] *** Example ***
INFO:tensorflow:tokens: [CLS] مسكين الي [MASK] ##ه اوز ##يل [SEP] لا وانا ه ##عو ##ز ابقي ليه مان ##ا بعمل كل حاجه و [MASK] [SEP]
I1103 07:32:29.259345 47985214633024 create_pretraining_data.py:151] tokens: [CLS] مسكين الي [MASK] ##ه اوز ##يل [SEP] لا وانا ه ##عو ##ز ابقي ليه مان ##ا بعمل كل حاجه و [MASK] [SEP]
INFO:tensorflow:input_ids: 2 17977 2002 4 1028 17268 2027 3 1963 3257 414 2131 1008 14770 5067 4093 1007 9982 2038 3909 415 4 3 0 0 0 0 0 0 0 0 0 0 0 0 0 0 0 0 0 0 0 0 0 0 0 0 0 0 0 0 0 0 0 0 0 0 0 0 0 0 0 0 0 0 0 0 0 0 0 0 0 0 0 0 0 0 0 0 0 0 0 0 0 0 0 0 0 0 0 0 0 0 0 0 0 0 0 0 0 0 0 0 0 0 0 0 0 0 0 0 0 0 0 0 0 0 0 0 0 0 0 0 0 0 0 0 0
I1103 07:32:29.259517 47985214633024 create_pretraining_data.py:161] input_ids: 2 17977 2002 4 1028 17268 2027 3 1963 3257 414 2131 1008 14770 5067 4093 1007 9982 2038 3909 415 4 3 0 0 0 0 0 0 0 0 0 0 0 0 0 0 0 0 0 0 0 0 0 0 0 0 0 0 0 0 0 0 0 0 0 0 0 0 0 0 0 0 0 0 0 0 0 0 0 0 0 0 0 0 0 0 0 0 0 0 0 0 0 0 0 0 0 0 0 0 0 0 0 0 0 0 0 0 0 0 0 0 0 0 0 0 0 0 0 0 0 0 0 0 0 0 0 0 0 0 0 0 0 0 0 0 0
INFO:tensorflow:input_mask: 1 1 1 1 1 1 1 1 1 1 1 1 1 1 1 1 1 1 1 1 1 1 1 0 0 0 0 0 0 0 0 0 0 0 0 0 0 0 0 0 0 0 0 0 0 0 0 0 0 0 0 0 0 0 0 0 0 0 0 0 0 0 0 0 0 0 0 0 0 0 0 0 0 0 0 0 0 0 0 0 0 0 0 0 0 0 0 0 0 0 0 0 0 0 0 0 0 0 0 0 0 0 0 0 0 0 0 0 0 0 0 0 0 0 0 0 0 0 0 0 0 0 0 0 0 0 0 0
I1103 07:32:29.259680 47985214633024 create_pretraining_data.py:161] input_mask: 1 1 1 1 1 1 1 1 1 1 1 1 1 1 1 1 1 1 1 1 1 1 1 0 0 0 0 0 0 0 0 0 0 0 0 0 0 0 0 0 0 0 0 0 0 0 0 0 0 0 0 0 0 0 0 0 0 0 0 0 0 0 0 0 0 0 0 0 0 0 0 0 0 0 0 0 0 0 0 0 0 0 0 0 0 0 0 0 0 0 0 0 0 0 0 0 0 0 0 0 0 0 0 0 0 0 0 0 0 0 0 0 0 0 0 0 0 0 0 0 0 0 0 0 0 0 0 0
INFO:tensorflow:segment_ids: 0 0 0 0 0 0 0 0 1 1 1 1 1 1 1 1 1 1 1 1 1 1 1 0 0 0 0 0 0 0 0 0 0 0 0 0 0 0 0 0 0 0 0 0 0 0 0 0 0 0 0 0 0 0 0 0 0 0 0 0 0 0 0 0 0 0 0 0 0 0 0 0 0 0 0 0 0 0 0 0 0 0 0 0 0 0 0 0 0 0 0 0 0 0 0 0 0 0 0 0 0 0 0 0 0 0 0 0 0 0 0 0 0 0 0 0 0 0 0 0 0 0 0 0 0 0 0 0
I1103 07:32:29.259839 47985214633024 create_pretraining_data.py:161] segment_ids: 0 0 0 0 0 0 0 0 1 1 1 1 1 1 1 1 1 1 1 1 1 1 1 0 0 0 0 0 0 0 0 0 0 0 0 0 0 0 0 0 0 0 0 0 0 0 0 0 0 0 0 0 0 0 0 0 0 0 0 0 0 0 0 0 0 0 0 0 0 0 0 0 0 0 0 0 0 0 0 0 0 0 0 0 0 0 0 0 0 0 0 0 0 0 0 0 0 0 0 0 0 0 0 0 0 0 0 0 0 0 0 0 0 0 0 0 0 0 0 0 0 0 0 0 0 0 0 0
INFO:tensorflow:masked_lm_positions: 3 4 21 0 0 0 0 0 0 0 0 0 0 0 0 0 0 0 0 0
I1103 07:32:29.259976 47985214633024 create_pretraining_data.py:161] masked_lm_positions: 3 4 21 0 0 0 0 0 0 0 0 0 0 0 0 0 0 0 0 0
INFO:tensorflow:masked_lm_ids: 19259 1028 2315 0 0 0 0 0 0 0 0 0 0 0 0 0 0 0 0 0
I1103 07:32:29.260094 47985214633024 create_pretraining_data.py:161] masked_lm_ids: 19259 1028 2315 0 0 0 0 0 0 0 0 0 0 0 0 0 0 0 0 0
INFO:tensorflow:masked_lm_weights: 1.0 1.0 1.0 0.0 0.0 0.0 0.0 0.0 0.0 0.0 0.0 0.0 0.0 0.0 0.0 0.0 0.0 0.0 0.0 0.0
I1103 07:32:29.260214 47985214633024 create_pretraining_data.py:161] masked_lm_weights: 1.0 1.0 1.0 0.0 0.0 0.0 0.0 0.0 0.0 0.0 0.0 0.0 0.0 0.0 0.0 0.0 0.0 0.0 0.0 0.0
INFO:tensorflow:next_sentence_labels: 1
I1103 07:32:29.260329 47985214633024 create_pretraining_data.py:161] next_sentence_labels: 1
INFO:tensorflow:*** Example ***
I1103 07:32:29.260951 47985214633024 create_pretraining_data.py:149] *** Example ***
INFO:tensorflow:tokens: [CLS] [MASK] من اسلم وجهه لله وهو محسن فله اجر ##ه عند ربه ولا خوف [MASK] ولا هم يحزن ##ون [MASK] 112 [SEP] طقم [MASK] [MASK] [MASK] ناعم جدا ستايل نم ##ساوي السعر 16 ##5 التوصيل فوري داخل مدينه النكت وخارجها للطلب 059 ##98 ##99 ##40 ##2 [SEP]
I1103 07:32:29.261106 47985214633024 create_pretraining_data.py:151] tokens: [CLS] [MASK] من اسلم وجهه لله وهو محسن فله اجر ##ه عند ربه ولا خوف [MASK] ولا هم يحزن ##ون [MASK] 112 [SEP] طقم [MASK] [MASK] [MASK] ناعم جدا ستايل نم ##ساوي السعر 16 ##5 التوصيل فوري داخل مدينه النكت وخارجها للطلب 059 ##98 ##99 ##40 ##2 [SEP]
INFO:tensorflow:input_ids: 2 4 1908 27853 7962 2784 2400 12403 14783 6413 1028 2192 7864 2086 9711 4 2086 2839 17461 1922 4 28475 3 14225 4 4 4 29977 2882 11303 5055 8094 6569 3367 1030 14139 18552 3224 6934 10165 27281 6806 16943 18969 4066 5194 1059 3 0 0 0 0 0 0 0 0 0 0 0 0 0 0 0 0 0 0 0 0 0 0 0 0 0 0 0 0 0 0 0 0 0 0 0 0 0 0 0 0 0 0 0 0 0 0 0 0 0 0 0 0 0 0 0 0 0 0 0 0 0 0 0 0 0 0 0 0 0 0 0 0 0 0 0 0 0 0 0 0
I1103 07:32:29.261278 47985214633024 create_pretraining_data.py:161] input_ids: 2 4 1908 27853 7962 2784 2400 12403 14783 6413 1028 2192 7864 2086 9711 4 2086 2839 17461 1922 4 28475 3 14225 4 4 4 29977 2882 11303 5055 8094 6569 3367 1030 14139 18552 3224 6934 10165 27281 6806 16943 18969 4066 5194 1059 3 0 0 0 0 0 0 0 0 0 0 0 0 0 0 0 0 0 0 0 0 0 0 0 0 0 0 0 0 0 0 0 0 0 0 0 0 0 0 0 0 0 0 0 0 0 0 0 0 0 0 0 0 0 0 0 0 0 0 0 0 0 0 0 0 0 0 0 0 0 0 0 0 0 0 0 0 0 0 0 0
INFO:tensorflow:input_mask: 1 1 1 1 1 1 1 1 1 1 1 1 1 1 1 1 1 1 1 1 1 1 1 1 1 1 1 1 1 1 1 1 1 1 1 1 1 1 1 1 1 1 1 1 1 1 1 1 0 0 0 0 0 0 0 0 0 0 0 0 0 0 0 0 0 0 0 0 0 0 0 0 0 0 0 0 0 0 0 0 0 0 0 0 0 0 0 0 0 0 0 0 0 0 0 0 0 0 0 0 0 0 0 0 0 0 0 0 0 0 0 0 0 0 0 0 0 0 0 0 0 0 0 0 0 0 0 0
I1103 07:32:29.261451 47985214633024 create_pretraining_data.py:161] input_mask: 1 1 1 1 1 1 1 1 1 1 1 1 1 1 1 1 1 1 1 1 1 1 1 1 1 1 1 1 1 1 1 1 1 1 1 1 1 1 1 1 1 1 1 1 1 1 1 1 0 0 0 0 0 0 0 0 0 0 0 0 0 0 0 0 0 0 0 0 0 0 0 0 0 0 0 0 0 0 0 0 0 0 0 0 0 0 0 0 0 0 0 0 0 0 0 0 0 0 0 0 0 0 0 0 0 0 0 0 0 0 0 0 0 0 0 0 0 0 0 0 0 0 0 0 0 0 0 0
INFO:tensorflow:segment_ids: 0 0 0 0 0 0 0 0 0 0 0 0 0 0 0 0 0 0 0 0 0 0 0 1 1 1 1 1 1 1 1 1 1 1 1 1 1 1 1 1 1 1 1 1 1 1 1 1 0 0 0 0 0 0 0 0 0 0 0 0 0 0 0 0 0 0 0 0 0 0 0 0 0 0 0 0 0 0 0 0 0 0 0 0 0 0 0 0 0 0 0 0 0 0 0 0 0 0 0 0 0 0 0 0 0 0 0 0 0 0 0 0 0 0 0 0 0 0 0 0 0 0 0 0 0 0 0 0
I1103 07:32:29.261608 47985214633024 create_pretraining_data.py:161] segment_ids: 0 0 0 0 0 0 0 0 0 0 0 0 0 0 0 0 0 0 0 0 0 0 0 1 1 1 1 1 1 1 1 1 1 1 1 1 1 1 1 1 1 1 1 1 1 1 1 1 0 0 0 0 0 0 0 0 0 0 0 0 0 0 0 0 0 0 0 0 0 0 0 0 0 0 0 0 0 0 0 0 0 0 0 0 0 0 0 0 0 0 0 0 0 0 0 0 0 0 0 0 0 0 0 0 0 0 0 0 0 0 0 0 0 0 0 0 0 0 0 0 0 0 0 0 0 0 0 0
INFO:tensorflow:masked_lm_positions: 1 15 20 24 25 26 39 0 0 0 0 0 0 0 0 0 0 0 0 0
I1103 07:32:29.261742 47985214633024 create_pretraining_data.py:161] masked_lm_positions: 1 15 20 24 25 26 39 0 0 0 0 0 0 0 0 0 0 0 0 0
INFO:tensorflow:masked_lm_ids: 9365 3566 22616 2253 12779 1007 2392 0 0 0 0 0 0 0 0 0 0 0 0 0
I1103 07:32:29.261863 47985214633024 create_pretraining_data.py:161] masked_lm_ids: 9365 3566 22616 2253 12779 1007 2392 0 0 0 0 0 0 0 0 0 0 0 0 0
INFO:tensorflow:masked_lm_weights: 1.0 1.0 1.0 1.0 1.0 1.0 1.0 0.0 0.0 0.0 0.0 0.0 0.0 0.0 0.0 0.0 0.0 0.0 0.0 0.0
I1103 07:32:29.261984 47985214633024 create_pretraining_data.py:161] masked_lm_weights: 1.0 1.0 1.0 1.0 1.0 1.0 1.0 0.0 0.0 0.0 0.0 0.0 0.0 0.0 0.0 0.0 0.0 0.0 0.0 0.0
INFO:tensorflow:next_sentence_labels: 1
I1103 07:32:29.262094 47985214633024 create_pretraining_data.py:161] next_sentence_labels: 1
INFO:tensorflow:*** Example ***
I1103 07:32:29.262695 47985214633024 create_pretraining_data.py:149] *** Example ***
INFO:tensorflow:tokens: [CLS] اللهم امور ميس ##ره [MASK] [MASK] لطيفه [SEP] صل الوتر فانها لن تاخذ منك الا [MASK] [SEP]
I1103 07:32:29.262840 47985214633024 create_pretraining_data.py:151] tokens: [CLS] اللهم امور ميس ##ره [MASK] [MASK] لطيفه [SEP] صل الوتر فانها لن تاخذ منك الا [MASK] [SEP]
INFO:tensorflow:input_ids: 2 2168 9029 13252 2197 4 4 27440 3 3991 7026 9745 2404 8656 3677 1915 4 3 0 0 0 0 0 0 0 0 0 0 0 0 0 0 0 0 0 0 0 0 0 0 0 0 0 0 0 0 0 0 0 0 0 0 0 0 0 0 0 0 0 0 0 0 0 0 0 0 0 0 0 0 0 0 0 0 0 0 0 0 0 0 0 0 0 0 0 0 0 0 0 0 0 0 0 0 0 0 0 0 0 0 0 0 0 0 0 0 0 0 0 0 0 0 0 0 0 0 0 0 0 0 0 0 0 0 0 0 0 0
I1103 07:32:29.263010 47985214633024 create_pretraining_data.py:161] input_ids: 2 2168 9029 13252 2197 4 4 27440 3 3991 7026 9745 2404 8656 3677 1915 4 3 0 0 0 0 0 0 0 0 0 0 0 0 0 0 0 0 0 0 0 0 0 0 0 0 0 0 0 0 0 0 0 0 0 0 0 0 0 0 0 0 0 0 0 0 0 0 0 0 0 0 0 0 0 0 0 0 0 0 0 0 0 0 0 0 0 0 0 0 0 0 0 0 0 0 0 0 0 0 0 0 0 0 0 0 0 0 0 0 0 0 0 0 0 0 0 0 0 0 0 0 0 0 0 0 0 0 0 0 0 0
INFO:tensorflow:input_mask: 1 1 1 1 1 1 1 1 1 1 1 1 1 1 1 1 1 1 0 0 0 0 0 0 0 0 0 0 0 0 0 0 0 0 0 0 0 0 0 0 0 0 0 0 0 0 0 0 0 0 0 0 0 0 0 0 0 0 0 0 0 0 0 0 0 0 0 0 0 0 0 0 0 0 0 0 0 0 0 0 0 0 0 0 0 0 0 0 0 0 0 0 0 0 0 0 0 0 0 0 0 0 0 0 0 0 0 0 0 0 0 0 0 0 0 0 0 0 0 0 0 0 0 0 0 0 0 0
I1103 07:32:29.263171 47985214633024 create_pretraining_data.py:161] input_mask: 1 1 1 1 1 1 1 1 1 1 1 1 1 1 1 1 1 1 0 0 0 0 0 0 0 0 0 0 0 0 0 0 0 0 0 0 0 0 0 0 0 0 0 0 0 0 0 0 0 0 0 0 0 0 0 0 0 0 0 0 0 0 0 0 0 0 0 0 0 0 0 0 0 0 0 0 0 0 0 0 0 0 0 0 0 0 0 0 0 0 0 0 0 0 0 0 0 0 0 0 0 0 0 0 0 0 0 0 0 0 0 0 0 0 0 0 0 0 0 0 0 0 0 0 0 0 0 0
INFO:tensorflow:segment_ids: 0 0 0 0 0 0 0 0 0 1 1 1 1 1 1 1 1 1 0 0 0 0 0 0 0 0 0 0 0 0 0 0 0 0 0 0 0 0 0 0 0 0 0 0 0 0 0 0 0 0 0 0 0 0 0 0 0 0 0 0 0 0 0 0 0 0 0 0 0 0 0 0 0 0 0 0 0 0 0 0 0 0 0 0 0 0 0 0 0 0 0 0 0 0 0 0 0 0 0 0 0 0 0 0 0 0 0 0 0 0 0 0 0 0 0 0 0 0 0 0 0 0 0 0 0 0 0 0
I1103 07:32:29.263333 47985214633024 create_pretraining_data.py:161] segment_ids: 0 0 0 0 0 0 0 0 0 1 1 1 1 1 1 1 1 1 0 0 0 0 0 0 0 0 0 0 0 0 0 0 0 0 0 0 0 0 0 0 0 0 0 0 0 0 0 0 0 0 0 0 0 0 0 0 0 0 0 0 0 0 0 0 0 0 0 0 0 0 0 0 0 0 0 0 0 0 0 0 0 0 0 0 0 0 0 0 0 0 0 0 0 0 0 0 0 0 0 0 0 0 0 0 0 0 0 0 0 0 0 0 0 0 0 0 0 0 0 0 0 0 0 0 0 0 0 0
INFO:tensorflow:masked_lm_positions: 5 6 16 0 0 0 0 0 0 0 0 0 0 0 0 0 0 0 0 0
I1103 07:32:29.263458 47985214633024 create_pretraining_data.py:161] masked_lm_positions: 5 6 16 0 0 0 0 0 0 0 0 0 0 0 0 0 0 0 0 0
INFO:tensorflow:masked_lm_ids: 8359 1039 4113 0 0 0 0 0 0 0 0 0 0 0 0 0 0 0 0 0
I1103 07:32:29.263576 47985214633024 create_pretraining_data.py:161] masked_lm_ids: 8359 1039 4113 0 0 0 0 0 0 0 0 0 0 0 0 0 0 0 0 0
INFO:tensorflow:masked_lm_weights: 1.0 1.0 1.0 0.0 0.0 0.0 0.0 0.0 0.0 0.0 0.0 0.0 0.0 0.0 0.0 0.0 0.0 0.0 0.0 0.0
I1103 07:32:29.263695 47985214633024 create_pretraining_data.py:161] masked_lm_weights: 1.0 1.0 1.0 0.0 0.0 0.0 0.0 0.0 0.0 0.0 0.0 0.0 0.0 0.0 0.0 0.0 0.0 0.0 0.0 0.0
INFO:tensorflow:next_sentence_labels: 1
I1103 07:32:29.263822 47985214633024 create_pretraining_data.py:161] next_sentence_labels: 1
INFO:tensorflow:*** Example ***
I1103 07:32:29.264425 47985214633024 create_pretraining_data.py:149] *** Example ***
INFO:tensorflow:tokens: [CLS] [MASK] شي انا بروح انام [MASK] عندي اختبار ادعو ##لي تصبحون عل لست [SEP] قهوه الصباح بار ##عه [MASK] انع ##اش ##ك بداخلي [SEP]
I1103 07:32:29.264571 47985214633024 create_pretraining_data.py:151] tokens: [CLS] [MASK] شي انا بروح انام [MASK] عندي اختبار ادعو ##لي تصبحون عل لست [SEP] قهوه الصباح بار ##عه [MASK] انع ##اش ##ك بداخلي [SEP]
INFO:tensorflow:input_ids: 2 4 2228 2315 14755 12710 4 5009 7455 13218 1907 12537 9008 7223 3 13938 4235 3434 2226 4 10877 2408 1014 18028 3 0 0 0 0 0 0 0 0 0 0 0 0 0 0 0 0 0 0 0 0 0 0 0 0 0 0 0 0 0 0 0 0 0 0 0 0 0 0 0 0 0 0 0 0 0 0 0 0 0 0 0 0 0 0 0 0 0 0 0 0 0 0 0 0 0 0 0 0 0 0 0 0 0 0 0 0 0 0 0 0 0 0 0 0 0 0 0 0 0 0 0 0 0 0 0 0 0 0 0 0 0 0 0
I1103 07:32:29.264739 47985214633024 create_pretraining_data.py:161] input_ids: 2 4 2228 2315 14755 12710 4 5009 7455 13218 1907 12537 9008 7223 3 13938 4235 3434 2226 4 10877 2408 1014 18028 3 0 0 0 0 0 0 0 0 0 0 0 0 0 0 0 0 0 0 0 0 0 0 0 0 0 0 0 0 0 0 0 0 0 0 0 0 0 0 0 0 0 0 0 0 0 0 0 0 0 0 0 0 0 0 0 0 0 0 0 0 0 0 0 0 0 0 0 0 0 0 0 0 0 0 0 0 0 0 0 0 0 0 0 0 0 0 0 0 0 0 0 0 0 0 0 0 0 0 0 0 0 0 0
INFO:tensorflow:input_mask: 1 1 1 1 1 1 1 1 1 1 1 1 1 1 1 1 1 1 1 1 1 1 1 1 1 0 0 0 0 0 0 0 0 0 0 0 0 0 0 0 0 0 0 0 0 0 0 0 0 0 0 0 0 0 0 0 0 0 0 0 0 0 0 0 0 0 0 0 0 0 0 0 0 0 0 0 0 0 0 0 0 0 0 0 0 0 0 0 0 0 0 0 0 0 0 0 0 0 0 0 0 0 0 0 0 0 0 0 0 0 0 0 0 0 0 0 0 0 0 0 0 0 0 0 0 0 0 0
I1103 07:32:29.264900 47985214633024 create_pretraining_data.py:161] input_mask: 1 1 1 1 1 1 1 1 1 1 1 1 1 1 1 1 1 1 1 1 1 1 1 1 1 0 0 0 0 0 0 0 0 0 0 0 0 0 0 0 0 0 0 0 0 0 0 0 0 0 0 0 0 0 0 0 0 0 0 0 0 0 0 0 0 0 0 0 0 0 0 0 0 0 0 0 0 0 0 0 0 0 0 0 0 0 0 0 0 0 0 0 0 0 0 0 0 0 0 0 0 0 0 0 0 0 0 0 0 0 0 0 0 0 0 0 0 0 0 0 0 0 0 0 0 0 0 0
INFO:tensorflow:segment_ids: 0 0 0 0 0 0 0 0 0 0 0 0 0 0 0 1 1 1 1 1 1 1 1 1 1 0 0 0 0 0 0 0 0 0 0 0 0 0 0 0 0 0 0 0 0 0 0 0 0 0 0 0 0 0 0 0 0 0 0 0 0 0 0 0 0 0 0 0 0 0 0 0 0 0 0 0 0 0 0 0 0 0 0 0 0 0 0 0 0 0 0 0 0 0 0 0 0 0 0 0 0 0 0 0 0 0 0 0 0 0 0 0 0 0 0 0 0 0 0 0 0 0 0 0 0 0 0 0
I1103 07:32:29.265054 47985214633024 create_pretraining_data.py:161] segment_ids: 0 0 0 0 0 0 0 0 0 0 0 0 0 0 0 1 1 1 1 1 1 1 1 1 1 0 0 0 0 0 0 0 0 0 0 0 0 0 0 0 0 0 0 0 0 0 0 0 0 0 0 0 0 0 0 0 0 0 0 0 0 0 0 0 0 0 0 0 0 0 0 0 0 0 0 0 0 0 0 0 0 0 0 0 0 0 0 0 0 0 0 0 0 0 0 0 0 0 0 0 0 0 0 0 0 0 0 0 0 0 0 0 0 0 0 0 0 0 0 0 0 0 0 0 0 0 0 0
INFO:tensorflow:masked_lm_positions: 1 6 13 19 0 0 0 0 0 0 0 0 0 0 0 0 0 0 0 0
I1103 07:32:29.265173 47985214633024 create_pretraining_data.py:161] masked_lm_positions: 1 6 13 19 0 0 0 0 0 0 0 0 0 0 0 0 0 0 0 0
INFO:tensorflow:masked_lm_ids: 26061 3573 2631 1912 0 0 0 0 0 0 0 0 0 0 0 0 0 0 0 0
I1103 07:32:29.265290 47985214633024 create_pretraining_data.py:161] masked_lm_ids: 26061 3573 2631 1912 0 0 0 0 0 0 0 0 0 0 0 0 0 0 0 0
INFO:tensorflow:masked_lm_weights: 1.0 1.0 1.0 1.0 0.0 0.0 0.0 0.0 0.0 0.0 0.0 0.0 0.0 0.0 0.0 0.0 0.0 0.0 0.0 0.0
I1103 07:32:29.265418 47985214633024 create_pretraining_data.py:161] masked_lm_weights: 1.0 1.0 1.0 1.0 0.0 0.0 0.0 0.0 0.0 0.0 0.0 0.0 0.0 0.0 0.0 0.0 0.0 0.0 0.0 0.0
INFO:tensorflow:next_sentence_labels: 1
I1103 07:32:29.265529 47985214633024 create_pretraining_data.py:161] next_sentence_labels: 1
INFO:tensorflow:*** Example ***
I1103 07:32:29.266121 47985214633024 create_pretraining_data.py:149] *** Example ***
INFO:tensorflow:tokens: [CLS] [MASK] الله [MASK] دايم انتي كذا [SEP] راجع ##ين [SEP]
I1103 07:32:29.266261 47985214633024 create_pretraining_data.py:151] tokens: [CLS] [MASK] الله [MASK] دايم انتي كذا [SEP] راجع ##ين [SEP]
INFO:tensorflow:input_ids: 2 4 1953 4 8438 5136 5078 3 12203 1911 3 0 0 0 0 0 0 0 0 0 0 0 0 0 0 0 0 0 0 0 0 0 0 0 0 0 0 0 0 0 0 0 0 0 0 0 0 0 0 0 0 0 0 0 0 0 0 0 0 0 0 0 0 0 0 0 0 0 0 0 0 0 0 0 0 0 0 0 0 0 0 0 0 0 0 0 0 0 0 0 0 0 0 0 0 0 0 0 0 0 0 0 0 0 0 0 0 0 0 0 0 0 0 0 0 0 0 0 0 0 0 0 0 0 0 0 0 0
I1103 07:32:29.266453 47985214633024 create_pretraining_data.py:161] input_ids: 2 4 1953 4 8438 5136 5078 3 12203 1911 3 0 0 0 0 0 0 0 0 0 0 0 0 0 0 0 0 0 0 0 0 0 0 0 0 0 0 0 0 0 0 0 0 0 0 0 0 0 0 0 0 0 0 0 0 0 0 0 0 0 0 0 0 0 0 0 0 0 0 0 0 0 0 0 0 0 0 0 0 0 0 0 0 0 0 0 0 0 0 0 0 0 0 0 0 0 0 0 0 0 0 0 0 0 0 0 0 0 0 0 0 0 0 0 0 0 0 0 0 0 0 0 0 0 0 0 0 0
INFO:tensorflow:input_mask: 1 1 1 1 1 1 1 1 1 1 1 0 0 0 0 0 0 0 0 0 0 0 0 0 0 0 0 0 0 0 0 0 0 0 0 0 0 0 0 0 0 0 0 0 0 0 0 0 0 0 0 0 0 0 0 0 0 0 0 0 0 0 0 0 0 0 0 0 0 0 0 0 0 0 0 0 0 0 0 0 0 0 0 0 0 0 0 0 0 0 0 0 0 0 0 0 0 0 0 0 0 0 0 0 0 0 0 0 0 0 0 0 0 0 0 0 0 0 0 0 0 0 0 0 0 0 0 0
I1103 07:32:29.266616 47985214633024 create_pretraining_data.py:161] input_mask: 1 1 1 1 1 1 1 1 1 1 1 0 0 0 0 0 0 0 0 0 0 0 0 0 0 0 0 0 0 0 0 0 0 0 0 0 0 0 0 0 0 0 0 0 0 0 0 0 0 0 0 0 0 0 0 0 0 0 0 0 0 0 0 0 0 0 0 0 0 0 0 0 0 0 0 0 0 0 0 0 0 0 0 0 0 0 0 0 0 0 0 0 0 0 0 0 0 0 0 0 0 0 0 0 0 0 0 0 0 0 0 0 0 0 0 0 0 0 0 0 0 0 0 0 0 0 0 0
INFO:tensorflow:segment_ids: 0 0 0 0 0 0 0 0 1 1 1 0 0 0 0 0 0 0 0 0 0 0 0 0 0 0 0 0 0 0 0 0 0 0 0 0 0 0 0 0 0 0 0 0 0 0 0 0 0 0 0 0 0 0 0 0 0 0 0 0 0 0 0 0 0 0 0 0 0 0 0 0 0 0 0 0 0 0 0 0 0 0 0 0 0 0 0 0 0 0 0 0 0 0 0 0 0 0 0 0 0 0 0 0 0 0 0 0 0 0 0 0 0 0 0 0 0 0 0 0 0 0 0 0 0 0 0 0
I1103 07:32:29.266771 47985214633024 create_pretraining_data.py:161] segment_ids: 0 0 0 0 0 0 0 0 1 1 1 0 0 0 0 0 0 0 0 0 0 0 0 0 0 0 0 0 0 0 0 0 0 0 0 0 0 0 0 0 0 0 0 0 0 0 0 0 0 0 0 0 0 0 0 0 0 0 0 0 0 0 0 0 0 0 0 0 0 0 0 0 0 0 0 0 0 0 0 0 0 0 0 0 0 0 0 0 0 0 0 0 0 0 0 0 0 0 0 0 0 0 0 0 0 0 0 0 0 0 0 0 0 0 0 0 0 0 0 0 0 0 0 0 0 0 0 0
INFO:tensorflow:masked_lm_positions: 1 3 0 0 0 0 0 0 0 0 0 0 0 0 0 0 0 0 0 0
I1103 07:32:29.266892 47985214633024 create_pretraining_data.py:161] masked_lm_positions: 1 3 0 0 0 0 0 0 0 0 0 0 0 0 0 0 0 0 0 0
INFO:tensorflow:masked_lm_ids: 415 4398 0 0 0 0 0 0 0 0 0 0 0 0 0 0 0 0 0 0
I1103 07:32:29.267009 47985214633024 create_pretraining_data.py:161] masked_lm_ids: 415 4398 0 0 0 0 0 0 0 0 0 0 0 0 0 0 0 0 0 0
INFO:tensorflow:masked_lm_weights: 1.0 1.0 0.0 0.0 0.0 0.0 0.0 0.0 0.0 0.0 0.0 0.0 0.0 0.0 0.0 0.0 0.0 0.0 0.0 0.0
I1103 07:32:29.267129 47985214633024 create_pretraining_data.py:161] masked_lm_weights: 1.0 1.0 0.0 0.0 0.0 0.0 0.0 0.0 0.0 0.0 0.0 0.0 0.0 0.0 0.0 0.0 0.0 0.0 0.0 0.0
INFO:tensorflow:next_sentence_labels: 1
I1103 07:32:29.267238 47985214633024 create_pretraining_data.py:161] next_sentence_labels: 1
INFO:tensorflow:Wrote 9999580 total instances
I1103 08:36:17.391857 47985214633024 create_pretraining_data.py:166] Wrote 9999580 total instances
