Loading module 'all'
WARNING:tensorflow:From ../bert/create_pretraining_data.py:469: The name tf.app.run is deprecated. Please use tf.compat.v1.app.run instead.

WARNING:tensorflow:From ../bert/create_pretraining_data.py:437: The name tf.logging.set_verbosity is deprecated. Please use tf.compat.v1.logging.set_verbosity instead.

W1103 00:37:17.248204 47777710728256 module_wrapper.py:139] From ../bert/create_pretraining_data.py:437: The name tf.logging.set_verbosity is deprecated. Please use tf.compat.v1.logging.set_verbosity instead.

WARNING:tensorflow:From ../bert/create_pretraining_data.py:437: The name tf.logging.INFO is deprecated. Please use tf.compat.v1.logging.INFO instead.

W1103 00:37:17.248522 47777710728256 module_wrapper.py:139] From ../bert/create_pretraining_data.py:437: The name tf.logging.INFO is deprecated. Please use tf.compat.v1.logging.INFO instead.

WARNING:tensorflow:From /scratch/gi372/CAMeLBERT/bert/tokenization.py:125: The name tf.gfile.GFile is deprecated. Please use tf.io.gfile.GFile instead.

W1103 00:37:17.248855 47777710728256 module_wrapper.py:139] From /scratch/gi372/CAMeLBERT/bert/tokenization.py:125: The name tf.gfile.GFile is deprecated. Please use tf.io.gfile.GFile instead.

WARNING:tensorflow:From ../bert/create_pretraining_data.py:444: The name tf.gfile.Glob is deprecated. Please use tf.io.gfile.glob instead.

W1103 00:37:17.390787 47777710728256 module_wrapper.py:139] From ../bert/create_pretraining_data.py:444: The name tf.gfile.Glob is deprecated. Please use tf.io.gfile.glob instead.

WARNING:tensorflow:From ../bert/create_pretraining_data.py:446: The name tf.logging.info is deprecated. Please use tf.compat.v1.logging.info instead.

W1103 00:37:17.394157 47777710728256 module_wrapper.py:139] From ../bert/create_pretraining_data.py:446: The name tf.logging.info is deprecated. Please use tf.compat.v1.logging.info instead.

INFO:tensorflow:*** Reading from input files ***
I1103 00:37:17.394353 47777710728256 create_pretraining_data.py:446] *** Reading from input files ***
INFO:tensorflow:  ../corpora/shards/DA-nurpeiis-train.docs.shard.005.normalized.sents
I1103 00:37:17.394494 47777710728256 create_pretraining_data.py:448]   ../corpora/shards/DA-nurpeiis-train.docs.shard.005.normalized.sents
INFO:tensorflow:*** Writing to output files ***
I1103 00:53:08.901560 47777710728256 create_pretraining_data.py:457] *** Writing to output files ***
INFO:tensorflow:  ../corpora/tfrecord_wp-30k_msl-128/DA-nurpeiis-train.docs.shard.005.tf_record
I1103 00:53:08.912981 47777710728256 create_pretraining_data.py:459]   ../corpora/tfrecord_wp-30k_msl-128/DA-nurpeiis-train.docs.shard.005.tf_record
WARNING:tensorflow:From ../bert/create_pretraining_data.py:101: The name tf.python_io.TFRecordWriter is deprecated. Please use tf.io.TFRecordWriter instead.

W1103 00:53:08.913261 47777710728256 module_wrapper.py:139] From ../bert/create_pretraining_data.py:101: The name tf.python_io.TFRecordWriter is deprecated. Please use tf.io.TFRecordWriter instead.

INFO:tensorflow:*** Example ***
I1103 00:53:08.915322 47777710728256 create_pretraining_data.py:149] *** Example ***
INFO:tensorflow:tokens: [CLS] هيفاء طن ##شت بس خاف ##ت كث ##ثير ( اف [MASK] [MASK] الإج ذا ##ا الع ##له [MASK] [MASK] كل ذا مك ##المه ) [SEP] قام واحد من الشباب وجلس مقابل [MASK] هيفاء بدون نفس ##س : خي ##يييييييي ##يييييييي ##يييييييي ##يير ويش تبي [SEP]
I1103 00:53:08.915561 47777710728256 create_pretraining_data.py:151] tokens: [CLS] هيفاء طن ##شت بس خاف ##ت كث ##ثير ( اف [MASK] [MASK] الإج ذا ##ا الع ##له [MASK] [MASK] كل ذا مك ##المه ) [SEP] قام واحد من الشباب وجلس مقابل [MASK] هيفاء بدون نفس ##س : خي ##يييييييي ##يييييييي ##يييييييي ##يير ويش تبي [SEP]
INFO:tensorflow:input_ids: 2 28464 7841 2781 2357 10460 1005 4570 2334 12 2668 4 4 11059 4647 1007 1924 1917 4 4 2038 4647 2708 20517 13 3 3347 2563 1908 3321 29844 4357 4 28464 3279 2339 1033 30 4662 28555 28555 28555 9577 5816 6341 3 0 0 0 0 0 0 0 0 0 0 0 0 0 0 0 0 0 0 0 0 0 0 0 0 0 0 0 0 0 0 0 0 0 0 0 0 0 0 0 0 0 0 0 0 0 0 0 0 0 0 0 0 0 0 0 0 0 0 0 0 0 0 0 0 0 0 0 0 0 0 0 0 0 0 0 0 0 0 0 0 0 0
I1103 00:53:08.915825 47777710728256 create_pretraining_data.py:161] input_ids: 2 28464 7841 2781 2357 10460 1005 4570 2334 12 2668 4 4 11059 4647 1007 1924 1917 4 4 2038 4647 2708 20517 13 3 3347 2563 1908 3321 29844 4357 4 28464 3279 2339 1033 30 4662 28555 28555 28555 9577 5816 6341 3 0 0 0 0 0 0 0 0 0 0 0 0 0 0 0 0 0 0 0 0 0 0 0 0 0 0 0 0 0 0 0 0 0 0 0 0 0 0 0 0 0 0 0 0 0 0 0 0 0 0 0 0 0 0 0 0 0 0 0 0 0 0 0 0 0 0 0 0 0 0 0 0 0 0 0 0 0 0 0 0 0 0
INFO:tensorflow:input_mask: 1 1 1 1 1 1 1 1 1 1 1 1 1 1 1 1 1 1 1 1 1 1 1 1 1 1 1 1 1 1 1 1 1 1 1 1 1 1 1 1 1 1 1 1 1 1 0 0 0 0 0 0 0 0 0 0 0 0 0 0 0 0 0 0 0 0 0 0 0 0 0 0 0 0 0 0 0 0 0 0 0 0 0 0 0 0 0 0 0 0 0 0 0 0 0 0 0 0 0 0 0 0 0 0 0 0 0 0 0 0 0 0 0 0 0 0 0 0 0 0 0 0 0 0 0 0 0 0
I1103 00:53:08.916094 47777710728256 create_pretraining_data.py:161] input_mask: 1 1 1 1 1 1 1 1 1 1 1 1 1 1 1 1 1 1 1 1 1 1 1 1 1 1 1 1 1 1 1 1 1 1 1 1 1 1 1 1 1 1 1 1 1 1 0 0 0 0 0 0 0 0 0 0 0 0 0 0 0 0 0 0 0 0 0 0 0 0 0 0 0 0 0 0 0 0 0 0 0 0 0 0 0 0 0 0 0 0 0 0 0 0 0 0 0 0 0 0 0 0 0 0 0 0 0 0 0 0 0 0 0 0 0 0 0 0 0 0 0 0 0 0 0 0 0 0
INFO:tensorflow:segment_ids: 0 0 0 0 0 0 0 0 0 0 0 0 0 0 0 0 0 0 0 0 0 0 0 0 0 0 1 1 1 1 1 1 1 1 1 1 1 1 1 1 1 1 1 1 1 1 0 0 0 0 0 0 0 0 0 0 0 0 0 0 0 0 0 0 0 0 0 0 0 0 0 0 0 0 0 0 0 0 0 0 0 0 0 0 0 0 0 0 0 0 0 0 0 0 0 0 0 0 0 0 0 0 0 0 0 0 0 0 0 0 0 0 0 0 0 0 0 0 0 0 0 0 0 0 0 0 0 0
I1103 00:53:08.916321 47777710728256 create_pretraining_data.py:161] segment_ids: 0 0 0 0 0 0 0 0 0 0 0 0 0 0 0 0 0 0 0 0 0 0 0 0 0 0 1 1 1 1 1 1 1 1 1 1 1 1 1 1 1 1 1 1 1 1 0 0 0 0 0 0 0 0 0 0 0 0 0 0 0 0 0 0 0 0 0 0 0 0 0 0 0 0 0 0 0 0 0 0 0 0 0 0 0 0 0 0 0 0 0 0 0 0 0 0 0 0 0 0 0 0 0 0 0 0 0 0 0 0 0 0 0 0 0 0 0 0 0 0 0 0 0 0 0 0 0 0
INFO:tensorflow:masked_lm_positions: 9 11 12 13 18 19 32 0 0 0 0 0 0 0 0 0 0 0 0 0
I1103 00:53:08.916497 47777710728256 create_pretraining_data.py:161] masked_lm_positions: 9 11 12 13 18 19 32 0 0 0 0 0 0 0 0 0 0 0 0 0
INFO:tensorflow:masked_lm_ids: 12 5816 1034 7345 14356 1013 28464 0 0 0 0 0 0 0 0 0 0 0 0 0
I1103 00:53:08.916663 47777710728256 create_pretraining_data.py:161] masked_lm_ids: 12 5816 1034 7345 14356 1013 28464 0 0 0 0 0 0 0 0 0 0 0 0 0
INFO:tensorflow:masked_lm_weights: 1.0 1.0 1.0 1.0 1.0 1.0 1.0 0.0 0.0 0.0 0.0 0.0 0.0 0.0 0.0 0.0 0.0 0.0 0.0 0.0
I1103 00:53:08.916837 47777710728256 create_pretraining_data.py:161] masked_lm_weights: 1.0 1.0 1.0 1.0 1.0 1.0 1.0 0.0 0.0 0.0 0.0 0.0 0.0 0.0 0.0 0.0 0.0 0.0 0.0 0.0
INFO:tensorflow:next_sentence_labels: 0
I1103 00:53:08.917002 47777710728256 create_pretraining_data.py:161] next_sentence_labels: 0
INFO:tensorflow:*** Example ***
I1103 00:53:08.917978 47777710728256 create_pretraining_data.py:149] *** Example ***
INFO:tensorflow:tokens: [CLS] فمه دم بسيط : هه . . طيب , [MASK] سوى نفسه [MASK] [MASK] [MASK] راكان ظهره ورجع لف بق ##ووو ##ة [MASK] يرد البو ##كس لكن طلع فواز بوجه ##ه ومس ##ك يده وس ##دح ##وه على وجهه بالار ##ض [MASK] : لا تلعب مع الكب ##اااا ##ر يا ور ##رر ##رع , , شيله يا فواز [MASK] [MASK] [MASK] اللي بالي [SEP] , , , خلك عنده , , وانا بروح والحر البنت واج ##يك [MASK] فواز بخ ##بث : وش بتق ##وول [MASK] ? راكان ضو ##ق عيونه : يصير خي ##يي ##ير استاذ فواز اللي مخ ##قق عال ##عر ##ب ##جية هذي ##ك فواز : كل تب ##ن تدري اني اكره ##ها ضحك [MASK] [MASK] [MASK] ##ة : ههههههههههه ##ه اهم شي [SEP]
I1103 00:53:08.918243 47777710728256 create_pretraining_data.py:151] tokens: [CLS] فمه دم بسيط : هه . . طيب , [MASK] سوى نفسه [MASK] [MASK] [MASK] راكان ظهره ورجع لف بق ##ووو ##ة [MASK] يرد البو ##كس لكن طلع فواز بوجه ##ه ومس ##ك يده وس ##دح ##وه على وجهه بالار ##ض [MASK] : لا تلعب مع الكب ##اااا ##ر يا ور ##رر ##رع , , شيله يا فواز [MASK] [MASK] [MASK] اللي بالي [SEP] , , , خلك عنده , , وانا بروح والحر البنت واج ##يك [MASK] فواز بخ ##بث : وش بتق ##وول [MASK] ? راكان ضو ##ق عيونه : يصير خي ##يي ##ير استاذ فواز اللي مخ ##قق عال ##عر ##ب ##جية هذي ##ك فواز : كل تب ##ن تدري اني اكره ##ها ضحك [MASK] [MASK] [MASK] ##ة : ههههههههههه ##ه اهم شي [SEP]
INFO:tensorflow:input_ids: 2 25982 4006 9893 30 20879 18 18 4177 16 4 6414 3081 4 4 4 28559 22911 27081 4488 2498 8825 1043 4 6478 18385 2261 2425 5727 14992 11746 1028 5741 1014 9176 2138 13347 2283 1961 7962 27857 1027 4 30 1963 11954 1973 5598 5853 1017 2104 2690 4103 4178 16 16 15049 2104 14992 4 4 4 2115 7940 3 16 16 16 10583 5382 16 16 3257 14755 11864 6890 3923 2434 4 14992 3125 13143 30 2347 12185 29127 4 35 28559 23214 1011 16697 30 9624 4662 5222 1916 14001 14992 2115 2523 3295 6862 2327 1045 7116 5867 1014 14992 30 2038 2500 1006 4425 2694 12621 1913 7092 4 4 4 1043 30 22665 1028 3802 2228 3
I1103 00:53:08.918523 47777710728256 create_pretraining_data.py:161] input_ids: 2 25982 4006 9893 30 20879 18 18 4177 16 4 6414 3081 4 4 4 28559 22911 27081 4488 2498 8825 1043 4 6478 18385 2261 2425 5727 14992 11746 1028 5741 1014 9176 2138 13347 2283 1961 7962 27857 1027 4 30 1963 11954 1973 5598 5853 1017 2104 2690 4103 4178 16 16 15049 2104 14992 4 4 4 2115 7940 3 16 16 16 10583 5382 16 16 3257 14755 11864 6890 3923 2434 4 14992 3125 13143 30 2347 12185 29127 4 35 28559 23214 1011 16697 30 9624 4662 5222 1916 14001 14992 2115 2523 3295 6862 2327 1045 7116 5867 1014 14992 30 2038 2500 1006 4425 2694 12621 1913 7092 4 4 4 1043 30 22665 1028 3802 2228 3
INFO:tensorflow:input_mask: 1 1 1 1 1 1 1 1 1 1 1 1 1 1 1 1 1 1 1 1 1 1 1 1 1 1 1 1 1 1 1 1 1 1 1 1 1 1 1 1 1 1 1 1 1 1 1 1 1 1 1 1 1 1 1 1 1 1 1 1 1 1 1 1 1 1 1 1 1 1 1 1 1 1 1 1 1 1 1 1 1 1 1 1 1 1 1 1 1 1 1 1 1 1 1 1 1 1 1 1 1 1 1 1 1 1 1 1 1 1 1 1 1 1 1 1 1 1 1 1 1 1 1 1 1 1 1 1
I1103 00:53:08.918761 47777710728256 create_pretraining_data.py:161] input_mask: 1 1 1 1 1 1 1 1 1 1 1 1 1 1 1 1 1 1 1 1 1 1 1 1 1 1 1 1 1 1 1 1 1 1 1 1 1 1 1 1 1 1 1 1 1 1 1 1 1 1 1 1 1 1 1 1 1 1 1 1 1 1 1 1 1 1 1 1 1 1 1 1 1 1 1 1 1 1 1 1 1 1 1 1 1 1 1 1 1 1 1 1 1 1 1 1 1 1 1 1 1 1 1 1 1 1 1 1 1 1 1 1 1 1 1 1 1 1 1 1 1 1 1 1 1 1 1 1
INFO:tensorflow:segment_ids: 0 0 0 0 0 0 0 0 0 0 0 0 0 0 0 0 0 0 0 0 0 0 0 0 0 0 0 0 0 0 0 0 0 0 0 0 0 0 0 0 0 0 0 0 0 0 0 0 0 0 0 0 0 0 0 0 0 0 0 0 0 0 0 0 0 1 1 1 1 1 1 1 1 1 1 1 1 1 1 1 1 1 1 1 1 1 1 1 1 1 1 1 1 1 1 1 1 1 1 1 1 1 1 1 1 1 1 1 1 1 1 1 1 1 1 1 1 1 1 1 1 1 1 1 1 1 1 1
I1103 00:53:08.918994 47777710728256 create_pretraining_data.py:161] segment_ids: 0 0 0 0 0 0 0 0 0 0 0 0 0 0 0 0 0 0 0 0 0 0 0 0 0 0 0 0 0 0 0 0 0 0 0 0 0 0 0 0 0 0 0 0 0 0 0 0 0 0 0 0 0 0 0 0 0 0 0 0 0 0 0 0 0 1 1 1 1 1 1 1 1 1 1 1 1 1 1 1 1 1 1 1 1 1 1 1 1 1 1 1 1 1 1 1 1 1 1 1 1 1 1 1 1 1 1 1 1 1 1 1 1 1 1 1 1 1 1 1 1 1 1 1 1 1 1 1
INFO:tensorflow:masked_lm_positions: 10 13 14 15 23 27 42 59 60 61 74 78 86 100 101 118 119 120 121 0
I1103 00:53:08.919168 47777710728256 create_pretraining_data.py:161] masked_lm_positions: 10 13 14 15 23 27 42 59 60 61 74 78 86 100 101 118 119 120 121 0
INFO:tensorflow:masked_lm_ids: 16 15252 28788 1102 3573 2425 28559 26891 1028 5401 6026 7339 2553 2523 3295 28559 2498 3065 1043 0
I1103 00:53:08.919332 47777710728256 create_pretraining_data.py:161] masked_lm_ids: 16 15252 28788 1102 3573 2425 28559 26891 1028 5401 6026 7339 2553 2523 3295 28559 2498 3065 1043 0
INFO:tensorflow:masked_lm_weights: 1.0 1.0 1.0 1.0 1.0 1.0 1.0 1.0 1.0 1.0 1.0 1.0 1.0 1.0 1.0 1.0 1.0 1.0 1.0 0.0
I1103 00:53:08.919499 47777710728256 create_pretraining_data.py:161] masked_lm_weights: 1.0 1.0 1.0 1.0 1.0 1.0 1.0 1.0 1.0 1.0 1.0 1.0 1.0 1.0 1.0 1.0 1.0 1.0 1.0 0.0
INFO:tensorflow:next_sentence_labels: 0
I1103 00:53:08.919652 47777710728256 create_pretraining_data.py:161] next_sentence_labels: 0
INFO:tensorflow:*** Example ***
I1103 00:53:08.920608 47777710728256 create_pretraining_data.py:149] *** Example ***
INFO:tensorflow:tokens: [CLS] . . . [MASK] . [MASK] السلام عليكم فز قلب مازن الصوت بنات ##ي ومو غريب [MASK] . . . مازن [MASK] ياه ##لا ##ااا والله مين معي [MASK] [MASK] . . [MASK] [SEP] الي حاول [MASK] [MASK] على مدى شهرين بس ماقد ##ر رجعت له تاني مازن : . . . . . . منى حس ##ت انه مصد ##وم وانه زعلان [MASK] اخر مره فح ##ست بالذ ##نب منى : انا اسف ##ه على اخر مره كلم ##تني فيها بس كان عندي ظروف جدا صعبه وانت [MASK] [MASK] في وقت ابدا [MASK] مناسب . . [MASK] [MASK] افت ##كر [MASK] اخته ره ##ف قالت ##له [MASK] مرة خالد [MASK] الال ات ##وفو وحا ##لتهم جدا صعبه وما ##جا ابدا في باله ان اليوم الي [SEP]
I1103 00:53:08.920870 47777710728256 create_pretraining_data.py:151] tokens: [CLS] . . . [MASK] . [MASK] السلام عليكم فز قلب مازن الصوت بنات ##ي ومو غريب [MASK] . . . مازن [MASK] ياه ##لا ##ااا والله مين معي [MASK] [MASK] . . [MASK] [SEP] الي حاول [MASK] [MASK] على مدى شهرين بس ماقد ##ر رجعت له تاني مازن : . . . . . . منى حس ##ت انه مصد ##وم وانه زعلان [MASK] اخر مره فح ##ست بالذ ##نب منى : انا اسف ##ه على اخر مره كلم ##تني فيها بس كان عندي ظروف جدا صعبه وانت [MASK] [MASK] في وقت ابدا [MASK] مناسب . . [MASK] [MASK] افت ##كر [MASK] اخته ره ##ف قالت ##له [MASK] مرة خالد [MASK] الال ات ##وفو وحا ##لتهم جدا صعبه وما ##جا ابدا في باله ان اليوم الي [SEP]
INFO:tensorflow:input_ids: 2 18 18 18 4 18 4 2795 4229 11519 2362 18378 5584 4476 1013 25662 7443 4 18 18 18 18378 4 13217 1903 12541 2706 4842 5040 4 4 18 18 4 3 2002 6346 4 4 1961 5638 9141 2357 23565 1017 16348 2154 9118 18378 30 18 18 18 18 18 18 15421 2286 1005 2615 23447 1967 11111 16821 4 3076 3502 5632 1932 10461 3759 15421 30 2315 18285 1028 1961 3076 3502 2540 5244 2443 2357 2055 5009 7960 2882 13389 3036 4 4 1912 2758 4655 4 10349 18 18 4 4 4142 2014 4 25327 8676 1037 4508 1917 4 4016 3627 4 2747 2253 16671 29813 10892 2882 13389 2564 3327 4655 1912 7901 1939 2217 2002 3
I1103 00:53:08.921136 47777710728256 create_pretraining_data.py:161] input_ids: 2 18 18 18 4 18 4 2795 4229 11519 2362 18378 5584 4476 1013 25662 7443 4 18 18 18 18378 4 13217 1903 12541 2706 4842 5040 4 4 18 18 4 3 2002 6346 4 4 1961 5638 9141 2357 23565 1017 16348 2154 9118 18378 30 18 18 18 18 18 18 15421 2286 1005 2615 23447 1967 11111 16821 4 3076 3502 5632 1932 10461 3759 15421 30 2315 18285 1028 1961 3076 3502 2540 5244 2443 2357 2055 5009 7960 2882 13389 3036 4 4 1912 2758 4655 4 10349 18 18 4 4 4142 2014 4 25327 8676 1037 4508 1917 4 4016 3627 4 2747 2253 16671 29813 10892 2882 13389 2564 3327 4655 1912 7901 1939 2217 2002 3
INFO:tensorflow:input_mask: 1 1 1 1 1 1 1 1 1 1 1 1 1 1 1 1 1 1 1 1 1 1 1 1 1 1 1 1 1 1 1 1 1 1 1 1 1 1 1 1 1 1 1 1 1 1 1 1 1 1 1 1 1 1 1 1 1 1 1 1 1 1 1 1 1 1 1 1 1 1 1 1 1 1 1 1 1 1 1 1 1 1 1 1 1 1 1 1 1 1 1 1 1 1 1 1 1 1 1 1 1 1 1 1 1 1 1 1 1 1 1 1 1 1 1 1 1 1 1 1 1 1 1 1 1 1 1 1
I1103 00:53:08.921366 47777710728256 create_pretraining_data.py:161] input_mask: 1 1 1 1 1 1 1 1 1 1 1 1 1 1 1 1 1 1 1 1 1 1 1 1 1 1 1 1 1 1 1 1 1 1 1 1 1 1 1 1 1 1 1 1 1 1 1 1 1 1 1 1 1 1 1 1 1 1 1 1 1 1 1 1 1 1 1 1 1 1 1 1 1 1 1 1 1 1 1 1 1 1 1 1 1 1 1 1 1 1 1 1 1 1 1 1 1 1 1 1 1 1 1 1 1 1 1 1 1 1 1 1 1 1 1 1 1 1 1 1 1 1 1 1 1 1 1 1
INFO:tensorflow:segment_ids: 0 0 0 0 0 0 0 0 0 0 0 0 0 0 0 0 0 0 0 0 0 0 0 0 0 0 0 0 0 0 0 0 0 0 0 1 1 1 1 1 1 1 1 1 1 1 1 1 1 1 1 1 1 1 1 1 1 1 1 1 1 1 1 1 1 1 1 1 1 1 1 1 1 1 1 1 1 1 1 1 1 1 1 1 1 1 1 1 1 1 1 1 1 1 1 1 1 1 1 1 1 1 1 1 1 1 1 1 1 1 1 1 1 1 1 1 1 1 1 1 1 1 1 1 1 1 1 1
I1103 00:53:08.921586 47777710728256 create_pretraining_data.py:161] segment_ids: 0 0 0 0 0 0 0 0 0 0 0 0 0 0 0 0 0 0 0 0 0 0 0 0 0 0 0 0 0 0 0 0 0 0 0 1 1 1 1 1 1 1 1 1 1 1 1 1 1 1 1 1 1 1 1 1 1 1 1 1 1 1 1 1 1 1 1 1 1 1 1 1 1 1 1 1 1 1 1 1 1 1 1 1 1 1 1 1 1 1 1 1 1 1 1 1 1 1 1 1 1 1 1 1 1 1 1 1 1 1 1 1 1 1 1 1 1 1 1 1 1 1 1 1 1 1 1 1
INFO:tensorflow:masked_lm_positions: 4 6 17 22 29 30 33 37 38 64 89 90 94 98 99 102 108 111 112 0
I1103 00:53:08.921779 47777710728256 create_pretraining_data.py:161] masked_lm_positions: 4 6 17 22 29 30 33 37 38 64 89 90 94 98 99 102 108 111 112 0
INFO:tensorflow:masked_lm_ids: 18 30 2181 30 18 18 18 9406 12265 1908 7691 1005 2481 18 18378 3043 1939 25400 1007 0
I1103 00:53:08.921953 47777710728256 create_pretraining_data.py:161] masked_lm_ids: 18 30 2181 30 18 18 18 9406 12265 1908 7691 1005 2481 18 18378 3043 1939 25400 1007 0
INFO:tensorflow:masked_lm_weights: 1.0 1.0 1.0 1.0 1.0 1.0 1.0 1.0 1.0 1.0 1.0 1.0 1.0 1.0 1.0 1.0 1.0 1.0 1.0 0.0
I1103 00:53:08.922121 47777710728256 create_pretraining_data.py:161] masked_lm_weights: 1.0 1.0 1.0 1.0 1.0 1.0 1.0 1.0 1.0 1.0 1.0 1.0 1.0 1.0 1.0 1.0 1.0 1.0 1.0 0.0
INFO:tensorflow:next_sentence_labels: 0
I1103 00:53:08.922275 47777710728256 create_pretraining_data.py:161] next_sentence_labels: 0
INFO:tensorflow:*** Example ***
I1103 00:53:08.923213 47777710728256 create_pretraining_data.py:149] *** Example ***
INFO:tensorflow:tokens: [CLS] عبد الإله يضيع السا ##لفة عدل [MASK] [MASK] [MASK] الرصاص ##ية : يم ##ا [MASK] رايك فيني ? أم عبد العزيز هزت راسها بالن ##في و لفت تكمل شغل ##ها و مها ناظر ##ته بابت ##سامة : [MASK] [MASK] والله . . . [SEP] مشك [MASK] أخت ##ي والله محد عاط ##يني وجه غيرك ? مها متج ##اهل ##ه لن ##ظر ##ات تركي : [MASK] [MASK] بتر ##وح لم ##لاك ? عبد الإله كش ##ر بالبريد كنت بروح لها . . . بس دح ##مان [MASK] عاز ##م الربع و يبين ##ي أق ##عد معه [MASK] و كن ##سل ##ت . . . أم عبد [MASK] لفت له و تنه ##دت [MASK] عبد الإله فهم السا ##لفة [MASK] تكلم وهو ##روجين : آ ##سف يم ##ا [SEP]
I1103 00:53:08.923473 47777710728256 create_pretraining_data.py:151] tokens: [CLS] عبد الإله يضيع السا ##لفة عدل [MASK] [MASK] [MASK] الرصاص ##ية : يم ##ا [MASK] رايك فيني ? أم عبد العزيز هزت راسها بالن ##في و لفت تكمل شغل ##ها و مها ناظر ##ته بابت ##سامة : [MASK] [MASK] والله . . . [SEP] مشك [MASK] أخت ##ي والله محد عاط ##يني وجه غيرك ? مها متج ##اهل ##ه لن ##ظر ##ات تركي : [MASK] [MASK] بتر ##وح لم ##لاك ? عبد الإله كش ##ر بالبريد كنت بروح لها . . . بس دح ##مان [MASK] عاز ##م الربع و يبين ##ي أق ##عد معه [MASK] و كن ##سل ##ت . . . أم عبد [MASK] لفت له و تنه ##دت [MASK] عبد الإله فهم السا ##لفة [MASK] تكلم وهو ##روجين : آ ##سف يم ##ا [SEP]
INFO:tensorflow:input_ids: 2 2195 13920 14720 14233 4203 16471 4 4 4 17348 1910 30 2243 1007 4 16918 6049 35 2239 2195 5054 29086 24900 3229 2007 415 6737 21948 11302 1913 415 6163 20837 2076 20662 18004 30 4 4 2706 18 18 18 3 4190 4 16253 1013 2706 4148 15476 2262 2879 5123 35 6163 18469 3953 1028 2404 2236 1904 6981 30 4 4 15197 2517 2043 4939 35 2195 13920 11527 1017 20228 2678 14755 2553 18 18 18 2357 25115 2480 4 13242 1015 11027 415 16327 1013 3436 1969 3860 4 415 3181 3758 1005 18 18 18 2239 2195 4 6737 2154 415 14326 4300 4 2195 13920 4881 14233 4203 4 8873 2400 29546 30 382 5084 2243 1007 3
I1103 00:53:08.923729 47777710728256 create_pretraining_data.py:161] input_ids: 2 2195 13920 14720 14233 4203 16471 4 4 4 17348 1910 30 2243 1007 4 16918 6049 35 2239 2195 5054 29086 24900 3229 2007 415 6737 21948 11302 1913 415 6163 20837 2076 20662 18004 30 4 4 2706 18 18 18 3 4190 4 16253 1013 2706 4148 15476 2262 2879 5123 35 6163 18469 3953 1028 2404 2236 1904 6981 30 4 4 15197 2517 2043 4939 35 2195 13920 11527 1017 20228 2678 14755 2553 18 18 18 2357 25115 2480 4 13242 1015 11027 415 16327 1013 3436 1969 3860 4 415 3181 3758 1005 18 18 18 2239 2195 4 6737 2154 415 14326 4300 4 2195 13920 4881 14233 4203 4 8873 2400 29546 30 382 5084 2243 1007 3
INFO:tensorflow:input_mask: 1 1 1 1 1 1 1 1 1 1 1 1 1 1 1 1 1 1 1 1 1 1 1 1 1 1 1 1 1 1 1 1 1 1 1 1 1 1 1 1 1 1 1 1 1 1 1 1 1 1 1 1 1 1 1 1 1 1 1 1 1 1 1 1 1 1 1 1 1 1 1 1 1 1 1 1 1 1 1 1 1 1 1 1 1 1 1 1 1 1 1 1 1 1 1 1 1 1 1 1 1 1 1 1 1 1 1 1 1 1 1 1 1 1 1 1 1 1 1 1 1 1 1 1 1 1 1 1
I1103 00:53:08.923993 47777710728256 create_pretraining_data.py:161] input_mask: 1 1 1 1 1 1 1 1 1 1 1 1 1 1 1 1 1 1 1 1 1 1 1 1 1 1 1 1 1 1 1 1 1 1 1 1 1 1 1 1 1 1 1 1 1 1 1 1 1 1 1 1 1 1 1 1 1 1 1 1 1 1 1 1 1 1 1 1 1 1 1 1 1 1 1 1 1 1 1 1 1 1 1 1 1 1 1 1 1 1 1 1 1 1 1 1 1 1 1 1 1 1 1 1 1 1 1 1 1 1 1 1 1 1 1 1 1 1 1 1 1 1 1 1 1 1 1 1
INFO:tensorflow:segment_ids: 0 0 0 0 0 0 0 0 0 0 0 0 0 0 0 0 0 0 0 0 0 0 0 0 0 0 0 0 0 0 0 0 0 0 0 0 0 0 0 0 0 0 0 0 0 1 1 1 1 1 1 1 1 1 1 1 1 1 1 1 1 1 1 1 1 1 1 1 1 1 1 1 1 1 1 1 1 1 1 1 1 1 1 1 1 1 1 1 1 1 1 1 1 1 1 1 1 1 1 1 1 1 1 1 1 1 1 1 1 1 1 1 1 1 1 1 1 1 1 1 1 1 1 1 1 1 1 1
I1103 00:53:08.924188 47777710728256 create_pretraining_data.py:161] segment_ids: 0 0 0 0 0 0 0 0 0 0 0 0 0 0 0 0 0 0 0 0 0 0 0 0 0 0 0 0 0 0 0 0 0 0 0 0 0 0 0 0 0 0 0 0 0 1 1 1 1 1 1 1 1 1 1 1 1 1 1 1 1 1 1 1 1 1 1 1 1 1 1 1 1 1 1 1 1 1 1 1 1 1 1 1 1 1 1 1 1 1 1 1 1 1 1 1 1 1 1 1 1 1 1 1 1 1 1 1 1 1 1 1 1 1 1 1 1 1 1 1 1 1 1 1 1 1 1 1
INFO:tensorflow:masked_lm_positions: 7 8 9 15 38 39 45 46 65 66 72 76 80 86 96 106 112 118 121 0
I1103 00:53:08.924317 47777710728256 create_pretraining_data.py:161] masked_lm_positions: 7 8 9 15 38 39 45 46 65 66 72 76 80 86 96 106 112 118 121 0
INFO:tensorflow:masked_lm_ids: 7214 8631 1028 2347 29160 1006 4190 2220 2725 3266 2195 30 18 23237 2349 5054 415 415 16427 0
I1103 00:53:08.924441 47777710728256 create_pretraining_data.py:161] masked_lm_ids: 7214 8631 1028 2347 29160 1006 4190 2220 2725 3266 2195 30 18 23237 2349 5054 415 415 16427 0
INFO:tensorflow:masked_lm_weights: 1.0 1.0 1.0 1.0 1.0 1.0 1.0 1.0 1.0 1.0 1.0 1.0 1.0 1.0 1.0 1.0 1.0 1.0 1.0 0.0
I1103 00:53:08.924566 47777710728256 create_pretraining_data.py:161] masked_lm_weights: 1.0 1.0 1.0 1.0 1.0 1.0 1.0 1.0 1.0 1.0 1.0 1.0 1.0 1.0 1.0 1.0 1.0 1.0 1.0 0.0
INFO:tensorflow:next_sentence_labels: 0
I1103 00:53:08.924682 47777710728256 create_pretraining_data.py:161] next_sentence_labels: 0
INFO:tensorflow:*** Example ***
I1103 00:53:08.925373 47777710728256 create_pretraining_data.py:149] *** Example ***
INFO:tensorflow:tokens: [CLS] وانا للحين عند تهديد ##ي وانتي تعرف ##يني عدل . . [SEP] ##عا موب كل ربيع [MASK] نور ##ة دش ##ن الجامعة . . [MASK] [MASK] هذي موب ويه دراسة وحتى هي [MASK] ما تب ##ى تكمل . . وكانت مخط ##وبة لو ##لد خال ##ها . . وفي [MASK] الصيفية [MASK] [MASK] ونت ##قلت تسكن وياه في دبي [MASK] . وضح ##ى نسبته ##ا في الثانوية أقل من ##شوا أدخل ##ها الجامعة . . فد ##شت كلية التقنية . . أما إلي دش ##ن الجامعة ويا نور ##ة خ ##ولة [MASK] كانت نسبته ##ا وايد حلوه . . وحل ##م خ ##ولة [MASK] أيام المدرسة الفتره [MASK] أدب إنج ##ليزي [MASK] . غبي ##شة ياب ##ت نسبة في السبعين [MASK] . يعني تمشي الحال . [SEP]
I1103 00:53:08.925567 47777710728256 create_pretraining_data.py:151] tokens: [CLS] وانا للحين عند تهديد ##ي وانتي تعرف ##يني عدل . . [SEP] ##عا موب كل ربيع [MASK] نور ##ة دش ##ن الجامعة . . [MASK] [MASK] هذي موب ويه دراسة وحتى هي [MASK] ما تب ##ى تكمل . . وكانت مخط ##وبة لو ##لد خال ##ها . . وفي [MASK] الصيفية [MASK] [MASK] ونت ##قلت تسكن وياه في دبي [MASK] . وضح ##ى نسبته ##ا في الثانوية أقل من ##شوا أدخل ##ها الجامعة . . فد ##شت كلية التقنية . . أما إلي دش ##ن الجامعة ويا نور ##ة خ ##ولة [MASK] كانت نسبته ##ا وايد حلوه . . وحل ##م خ ##ولة [MASK] أيام المدرسة الفتره [MASK] أدب إنج ##ليزي [MASK] . غبي ##شة ياب ##ت نسبة في السبعين [MASK] . يعني تمشي الحال . [SEP]
INFO:tensorflow:input_ids: 2 3257 16680 2192 15629 1013 10686 3775 2262 16471 18 18 3 2185 26021 2038 7146 4 3772 1043 29029 1006 4874 18 18 4 4 5867 26021 10058 6604 5848 2247 4 1972 2500 1102 21948 18 18 4388 13060 3687 2244 1956 5311 1913 18 18 2427 4 20747 4 4 6246 6795 17006 27829 1912 4403 4 18 19496 1102 22181 1007 1912 6688 6794 1908 23712 17657 1913 4874 18 18 7921 2781 5012 5775 18 18 3444 3228 29029 1006 4874 5843 3772 1043 394 2264 4 2431 22181 1007 20666 6366 18 18 16495 1015 394 2264 4 4354 6680 14563 4 17025 17591 6710 4 18 23151 3463 5453 1005 5482 1912 24354 4 18 3236 15364 6142 18 3
I1103 00:53:08.925777 47777710728256 create_pretraining_data.py:161] input_ids: 2 3257 16680 2192 15629 1013 10686 3775 2262 16471 18 18 3 2185 26021 2038 7146 4 3772 1043 29029 1006 4874 18 18 4 4 5867 26021 10058 6604 5848 2247 4 1972 2500 1102 21948 18 18 4388 13060 3687 2244 1956 5311 1913 18 18 2427 4 20747 4 4 6246 6795 17006 27829 1912 4403 4 18 19496 1102 22181 1007 1912 6688 6794 1908 23712 17657 1913 4874 18 18 7921 2781 5012 5775 18 18 3444 3228 29029 1006 4874 5843 3772 1043 394 2264 4 2431 22181 1007 20666 6366 18 18 16495 1015 394 2264 4 4354 6680 14563 4 17025 17591 6710 4 18 23151 3463 5453 1005 5482 1912 24354 4 18 3236 15364 6142 18 3
INFO:tensorflow:input_mask: 1 1 1 1 1 1 1 1 1 1 1 1 1 1 1 1 1 1 1 1 1 1 1 1 1 1 1 1 1 1 1 1 1 1 1 1 1 1 1 1 1 1 1 1 1 1 1 1 1 1 1 1 1 1 1 1 1 1 1 1 1 1 1 1 1 1 1 1 1 1 1 1 1 1 1 1 1 1 1 1 1 1 1 1 1 1 1 1 1 1 1 1 1 1 1 1 1 1 1 1 1 1 1 1 1 1 1 1 1 1 1 1 1 1 1 1 1 1 1 1 1 1 1 1 1 1 1 1
I1103 00:53:08.925956 47777710728256 create_pretraining_data.py:161] input_mask: 1 1 1 1 1 1 1 1 1 1 1 1 1 1 1 1 1 1 1 1 1 1 1 1 1 1 1 1 1 1 1 1 1 1 1 1 1 1 1 1 1 1 1 1 1 1 1 1 1 1 1 1 1 1 1 1 1 1 1 1 1 1 1 1 1 1 1 1 1 1 1 1 1 1 1 1 1 1 1 1 1 1 1 1 1 1 1 1 1 1 1 1 1 1 1 1 1 1 1 1 1 1 1 1 1 1 1 1 1 1 1 1 1 1 1 1 1 1 1 1 1 1 1 1 1 1 1 1
INFO:tensorflow:segment_ids: 0 0 0 0 0 0 0 0 0 0 0 0 0 1 1 1 1 1 1 1 1 1 1 1 1 1 1 1 1 1 1 1 1 1 1 1 1 1 1 1 1 1 1 1 1 1 1 1 1 1 1 1 1 1 1 1 1 1 1 1 1 1 1 1 1 1 1 1 1 1 1 1 1 1 1 1 1 1 1 1 1 1 1 1 1 1 1 1 1 1 1 1 1 1 1 1 1 1 1 1 1 1 1 1 1 1 1 1 1 1 1 1 1 1 1 1 1 1 1 1 1 1 1 1 1 1 1 1
I1103 00:53:08.926124 47777710728256 create_pretraining_data.py:161] segment_ids: 0 0 0 0 0 0 0 0 0 0 0 0 0 1 1 1 1 1 1 1 1 1 1 1 1 1 1 1 1 1 1 1 1 1 1 1 1 1 1 1 1 1 1 1 1 1 1 1 1 1 1 1 1 1 1 1 1 1 1 1 1 1 1 1 1 1 1 1 1 1 1 1 1 1 1 1 1 1 1 1 1 1 1 1 1 1 1 1 1 1 1 1 1 1 1 1 1 1 1 1 1 1 1 1 1 1 1 1 1 1 1 1 1 1 1 1 1 1 1 1 1 1 1 1 1 1 1 1
INFO:tensorflow:masked_lm_positions: 16 17 25 26 28 33 47 48 50 52 53 60 70 92 104 107 108 112 121 0
I1103 00:53:08.926254 47777710728256 create_pretraining_data.py:161] masked_lm_positions: 16 17 25 26 28 33 47 48 50 52 53 60 70 92 104 107 108 112 121 0
INFO:tensorflow:masked_lm_ids: 7146 1904 9941 1043 26021 16124 18 18 23943 24055 1043 18 7110 3228 1908 20105 20585 18 18 0
I1103 00:53:08.926377 47777710728256 create_pretraining_data.py:161] masked_lm_ids: 7146 1904 9941 1043 26021 16124 18 18 23943 24055 1043 18 7110 3228 1908 20105 20585 18 18 0
INFO:tensorflow:masked_lm_weights: 1.0 1.0 1.0 1.0 1.0 1.0 1.0 1.0 1.0 1.0 1.0 1.0 1.0 1.0 1.0 1.0 1.0 1.0 1.0 0.0
I1103 00:53:08.926503 47777710728256 create_pretraining_data.py:161] masked_lm_weights: 1.0 1.0 1.0 1.0 1.0 1.0 1.0 1.0 1.0 1.0 1.0 1.0 1.0 1.0 1.0 1.0 1.0 1.0 1.0 0.0
INFO:tensorflow:next_sentence_labels: 1
I1103 00:53:08.926618 47777710728256 create_pretraining_data.py:161] next_sentence_labels: 1
INFO:tensorflow:*** Example ***
I1103 00:53:08.927294 47777710728256 create_pretraining_data.py:149] *** Example ***
INFO:tensorflow:tokens: [CLS] " وإذا [MASK] عرضه , [MASK] [MASK] والفر ##ص تمر مر السحاب , و " " أبو محمد " " فرصة لن تتع ##وض , ست ##خسر ##ه وربما تخسر [MASK] معه . . " [SEP] احنا بالط ##وارئ [MASK] . تعال وتعرف كل شي الفاط . هاني سكر [MASK] [MASK] بوي ##ه بدر وراح لام ##ه واب ##وه وط ##يران على المستشفى وصلوا مريم وأم ##ير بسرعة وراح ##وا يدور ##ن [MASK] [MASK] بالم ##مرات ما لق ##ووه أمير راح الرس ##ب ##شن يست ##فسر [MASK] [MASK] كانت [MASK] [MASK] ولم ##حت بدر / بدر . . اك ##ا بدر هنا ##اك . . [MASK] [MASK] له وبد ##ر [MASK] صدق على الله يشوف ##هم مريم عو ##ر قلبها شكل [MASK] عمه ##ا / بدر [SEP]
I1103 00:53:08.927499 47777710728256 create_pretraining_data.py:151] tokens: [CLS] " وإذا [MASK] عرضه , [MASK] [MASK] والفر ##ص تمر مر السحاب , و " " أبو محمد " " فرصة لن تتع ##وض , ست ##خسر ##ه وربما تخسر [MASK] معه . . " [SEP] احنا بالط ##وارئ [MASK] . تعال وتعرف كل شي الفاط . هاني سكر [MASK] [MASK] بوي ##ه بدر وراح لام ##ه واب ##وه وط ##يران على المستشفى وصلوا مريم وأم ##ير بسرعة وراح ##وا يدور ##ن [MASK] [MASK] بالم ##مرات ما لق ##ووه أمير راح الرس ##ب ##شن يست ##فسر [MASK] [MASK] كانت [MASK] [MASK] ولم ##حت بدر / بدر . . اك ##ا بدر هنا ##اك . . [MASK] [MASK] له وبد ##ر [MASK] صدق على الله يشوف ##هم مريم عو ##ر قلبها شكل [MASK] عمه ##ا / بدر [SEP]
INFO:tensorflow:input_ids: 2 6 5681 4 16066 16 4 4 11716 1031 5345 2964 17521 16 415 6 6 2902 2202 6 6 6549 2404 16019 2175 16 2333 19476 1028 8378 13544 4 3860 18 18 6 3 6441 5539 10573 4 18 7124 21770 2038 2228 21637 18 14208 8782 4 4 28700 1028 4975 14161 5954 1028 3283 2283 2806 2449 1961 9908 22711 9167 8617 1916 9085 14161 1928 11480 1006 4 4 2493 17221 1972 2794 27226 5250 3490 2833 1045 3470 2414 28816 4 4 2431 4 4 2743 2021 4975 19 4975 18 18 3678 1007 4975 2349 2544 18 18 4 4 2154 6726 1017 4 5678 1961 1953 9480 1949 9167 26982 1017 12800 4814 4 15470 1007 19 4975 3
I1103 00:53:08.927693 47777710728256 create_pretraining_data.py:161] input_ids: 2 6 5681 4 16066 16 4 4 11716 1031 5345 2964 17521 16 415 6 6 2902 2202 6 6 6549 2404 16019 2175 16 2333 19476 1028 8378 13544 4 3860 18 18 6 3 6441 5539 10573 4 18 7124 21770 2038 2228 21637 18 14208 8782 4 4 28700 1028 4975 14161 5954 1028 3283 2283 2806 2449 1961 9908 22711 9167 8617 1916 9085 14161 1928 11480 1006 4 4 2493 17221 1972 2794 27226 5250 3490 2833 1045 3470 2414 28816 4 4 2431 4 4 2743 2021 4975 19 4975 18 18 3678 1007 4975 2349 2544 18 18 4 4 2154 6726 1017 4 5678 1961 1953 9480 1949 9167 26982 1017 12800 4814 4 15470 1007 19 4975 3
INFO:tensorflow:input_mask: 1 1 1 1 1 1 1 1 1 1 1 1 1 1 1 1 1 1 1 1 1 1 1 1 1 1 1 1 1 1 1 1 1 1 1 1 1 1 1 1 1 1 1 1 1 1 1 1 1 1 1 1 1 1 1 1 1 1 1 1 1 1 1 1 1 1 1 1 1 1 1 1 1 1 1 1 1 1 1 1 1 1 1 1 1 1 1 1 1 1 1 1 1 1 1 1 1 1 1 1 1 1 1 1 1 1 1 1 1 1 1 1 1 1 1 1 1 1 1 1 1 1 1 1 1 1 1 1
I1103 00:53:08.927865 47777710728256 create_pretraining_data.py:161] input_mask: 1 1 1 1 1 1 1 1 1 1 1 1 1 1 1 1 1 1 1 1 1 1 1 1 1 1 1 1 1 1 1 1 1 1 1 1 1 1 1 1 1 1 1 1 1 1 1 1 1 1 1 1 1 1 1 1 1 1 1 1 1 1 1 1 1 1 1 1 1 1 1 1 1 1 1 1 1 1 1 1 1 1 1 1 1 1 1 1 1 1 1 1 1 1 1 1 1 1 1 1 1 1 1 1 1 1 1 1 1 1 1 1 1 1 1 1 1 1 1 1 1 1 1 1 1 1 1 1
INFO:tensorflow:segment_ids: 0 0 0 0 0 0 0 0 0 0 0 0 0 0 0 0 0 0 0 0 0 0 0 0 0 0 0 0 0 0 0 0 0 0 0 0 0 1 1 1 1 1 1 1 1 1 1 1 1 1 1 1 1 1 1 1 1 1 1 1 1 1 1 1 1 1 1 1 1 1 1 1 1 1 1 1 1 1 1 1 1 1 1 1 1 1 1 1 1 1 1 1 1 1 1 1 1 1 1 1 1 1 1 1 1 1 1 1 1 1 1 1 1 1 1 1 1 1 1 1 1 1 1 1 1 1 1 1
I1103 00:53:08.928036 47777710728256 create_pretraining_data.py:161] segment_ids: 0 0 0 0 0 0 0 0 0 0 0 0 0 0 0 0 0 0 0 0 0 0 0 0 0 0 0 0 0 0 0 0 0 0 0 0 0 1 1 1 1 1 1 1 1 1 1 1 1 1 1 1 1 1 1 1 1 1 1 1 1 1 1 1 1 1 1 1 1 1 1 1 1 1 1 1 1 1 1 1 1 1 1 1 1 1 1 1 1 1 1 1 1 1 1 1 1 1 1 1 1 1 1 1 1 1 1 1 1 1 1 1 1 1 1 1 1 1 1 1 1 1 1 1 1 1 1 1
INFO:tensorflow:masked_lm_positions: 3 6 7 31 40 46 50 51 73 74 87 88 90 91 106 107 111 113 122 0
I1103 00:53:08.928179 47777710728256 create_pretraining_data.py:161] masked_lm_positions: 3 6 7 31 40 46 50 51 73 74 87 88 90 91 106 107 111 113 122 0
INFO:tensorflow:masked_lm_ids: 14996 2333 19476 13485 18 18 13459 1922 1961 4975 5688 2019 17180 1043 3490 1928 1972 1961 4084 0
I1103 00:53:08.928307 47777710728256 create_pretraining_data.py:161] masked_lm_ids: 14996 2333 19476 13485 18 18 13459 1922 1961 4975 5688 2019 17180 1043 3490 1928 1972 1961 4084 0
INFO:tensorflow:masked_lm_weights: 1.0 1.0 1.0 1.0 1.0 1.0 1.0 1.0 1.0 1.0 1.0 1.0 1.0 1.0 1.0 1.0 1.0 1.0 1.0 0.0
I1103 00:53:08.928432 47777710728256 create_pretraining_data.py:161] masked_lm_weights: 1.0 1.0 1.0 1.0 1.0 1.0 1.0 1.0 1.0 1.0 1.0 1.0 1.0 1.0 1.0 1.0 1.0 1.0 1.0 0.0
INFO:tensorflow:next_sentence_labels: 1
I1103 00:53:08.928548 47777710728256 create_pretraining_data.py:161] next_sentence_labels: 1
INFO:tensorflow:*** Example ***
I1103 00:53:08.929229 47777710728256 create_pretraining_data.py:149] *** Example ***
INFO:tensorflow:tokens: [CLS] قمر مسح ##ت دموع ##ها وابتسم ##ت : [MASK] [MASK] المبكرة . . [MASK] ليه كذا تأخر ##ت علي كثير والله اشتقت لك . . . [SEP] خالد ابتسم لها : حتى أنا اشتقت لك [MASK] بس وش [MASK] [MASK] أس ##وي الظروف [MASK] معي . . [MASK] قمر مسك ##ته من يده و ق ##عدوا على الكن ##ب : طيب قول لي وش أخبار ##ك وش [MASK] هناك ? [SEP]
I1103 00:53:08.929401 47777710728256 create_pretraining_data.py:151] tokens: [CLS] قمر مسح ##ت دموع ##ها وابتسم ##ت : [MASK] [MASK] المبكرة . . [MASK] ليه كذا تأخر ##ت علي كثير والله اشتقت لك . . . [SEP] خالد ابتسم لها : حتى أنا اشتقت لك [MASK] بس وش [MASK] [MASK] أس ##وي الظروف [MASK] معي . . [MASK] قمر مسك ##ته من يده و ق ##عدوا على الكن ##ب : طيب قول لي وش أخبار ##ك وش [MASK] هناك ? [SEP]
INFO:tensorflow:input_ids: 2 11203 13682 1005 8522 1913 18790 1005 30 4 4 22425 18 18 4 5067 5078 14305 1005 1958 2886 2706 8451 2278 18 18 18 3 3627 7339 2553 30 2494 3897 8451 2278 4 2357 2347 4 4 2476 1971 6527 4 5040 18 18 4 11203 14959 2076 1908 9176 415 409 23248 1961 10641 1045 30 4177 4052 2134 2347 3584 1014 2347 4 2671 35 3 0 0 0 0 0 0 0 0 0 0 0 0 0 0 0 0 0 0 0 0 0 0 0 0 0 0 0 0 0 0 0 0 0 0 0 0 0 0 0 0 0 0 0 0 0 0 0 0 0 0 0 0 0 0 0 0
I1103 00:53:08.929592 47777710728256 create_pretraining_data.py:161] input_ids: 2 11203 13682 1005 8522 1913 18790 1005 30 4 4 22425 18 18 4 5067 5078 14305 1005 1958 2886 2706 8451 2278 18 18 18 3 3627 7339 2553 30 2494 3897 8451 2278 4 2357 2347 4 4 2476 1971 6527 4 5040 18 18 4 11203 14959 2076 1908 9176 415 409 23248 1961 10641 1045 30 4177 4052 2134 2347 3584 1014 2347 4 2671 35 3 0 0 0 0 0 0 0 0 0 0 0 0 0 0 0 0 0 0 0 0 0 0 0 0 0 0 0 0 0 0 0 0 0 0 0 0 0 0 0 0 0 0 0 0 0 0 0 0 0 0 0 0 0 0 0 0
INFO:tensorflow:input_mask: 1 1 1 1 1 1 1 1 1 1 1 1 1 1 1 1 1 1 1 1 1 1 1 1 1 1 1 1 1 1 1 1 1 1 1 1 1 1 1 1 1 1 1 1 1 1 1 1 1 1 1 1 1 1 1 1 1 1 1 1 1 1 1 1 1 1 1 1 1 1 1 1 0 0 0 0 0 0 0 0 0 0 0 0 0 0 0 0 0 0 0 0 0 0 0 0 0 0 0 0 0 0 0 0 0 0 0 0 0 0 0 0 0 0 0 0 0 0 0 0 0 0 0 0 0 0 0 0
I1103 00:53:08.929762 47777710728256 create_pretraining_data.py:161] input_mask: 1 1 1 1 1 1 1 1 1 1 1 1 1 1 1 1 1 1 1 1 1 1 1 1 1 1 1 1 1 1 1 1 1 1 1 1 1 1 1 1 1 1 1 1 1 1 1 1 1 1 1 1 1 1 1 1 1 1 1 1 1 1 1 1 1 1 1 1 1 1 1 1 0 0 0 0 0 0 0 0 0 0 0 0 0 0 0 0 0 0 0 0 0 0 0 0 0 0 0 0 0 0 0 0 0 0 0 0 0 0 0 0 0 0 0 0 0 0 0 0 0 0 0 0 0 0 0 0
INFO:tensorflow:segment_ids: 0 0 0 0 0 0 0 0 0 0 0 0 0 0 0 0 0 0 0 0 0 0 0 0 0 0 0 0 1 1 1 1 1 1 1 1 1 1 1 1 1 1 1 1 1 1 1 1 1 1 1 1 1 1 1 1 1 1 1 1 1 1 1 1 1 1 1 1 1 1 1 1 0 0 0 0 0 0 0 0 0 0 0 0 0 0 0 0 0 0 0 0 0 0 0 0 0 0 0 0 0 0 0 0 0 0 0 0 0 0 0 0 0 0 0 0 0 0 0 0 0 0 0 0 0 0 0 0
I1103 00:53:08.929930 47777710728256 create_pretraining_data.py:161] segment_ids: 0 0 0 0 0 0 0 0 0 0 0 0 0 0 0 0 0 0 0 0 0 0 0 0 0 0 0 0 1 1 1 1 1 1 1 1 1 1 1 1 1 1 1 1 1 1 1 1 1 1 1 1 1 1 1 1 1 1 1 1 1 1 1 1 1 1 1 1 1 1 1 1 0 0 0 0 0 0 0 0 0 0 0 0 0 0 0 0 0 0 0 0 0 0 0 0 0 0 0 0 0 0 0 0 0 0 0 0 0 0 0 0 0 0 0 0 0 0 0 0 0 0 0 0 0 0 0 0
INFO:tensorflow:masked_lm_positions: 9 10 11 14 35 36 39 40 44 48 68 0 0 0 0 0 0 0 0 0
I1103 00:53:08.930078 47777710728256 create_pretraining_data.py:161] masked_lm_positions: 9 10 11 14 35 36 39 40 44 48 68 0 0 0 0 0 0 0 0 0
INFO:tensorflow:masked_lm_ids: 2086 2228 18 2357 2278 2089 8682 1013 2481 18 24164 0 0 0 0 0 0 0 0 0
I1103 00:53:08.930204 47777710728256 create_pretraining_data.py:161] masked_lm_ids: 2086 2228 18 2357 2278 2089 8682 1013 2481 18 24164 0 0 0 0 0 0 0 0 0
INFO:tensorflow:masked_lm_weights: 1.0 1.0 1.0 1.0 1.0 1.0 1.0 1.0 1.0 1.0 1.0 0.0 0.0 0.0 0.0 0.0 0.0 0.0 0.0 0.0
I1103 00:53:08.930329 47777710728256 create_pretraining_data.py:161] masked_lm_weights: 1.0 1.0 1.0 1.0 1.0 1.0 1.0 1.0 1.0 1.0 1.0 0.0 0.0 0.0 0.0 0.0 0.0 0.0 0.0 0.0
INFO:tensorflow:next_sentence_labels: 0
I1103 00:53:08.930445 47777710728256 create_pretraining_data.py:161] next_sentence_labels: 0
INFO:tensorflow:*** Example ***
I1103 00:53:08.931128 47777710728256 create_pretraining_data.py:149] *** Example ***
INFO:tensorflow:tokens: [CLS] واحد [MASK] . متى ناز ##ل المدينة . . معاذ : الجدد [MASK] . . [SEP] لوج ##جين [MASK] آ ##قول ##كك رو ##في رفي ##ف [MASK] هل ##آ [SEP]
I1103 00:53:08.931284 47777710728256 create_pretraining_data.py:151] tokens: [CLS] واحد [MASK] . متى ناز ##ل المدينة . . معاذ : الجدد [MASK] . . [SEP] لوج ##جين [MASK] آ ##قول ##كك رو ##في رفي ##ف [MASK] هل ##آ [SEP]
INFO:tensorflow:input_ids: 2 2563 4 18 10123 14291 1010 3959 18 18 9943 30 7041 4 18 18 3 20546 6020 4 382 2730 9048 4499 2007 9658 1037 4 2827 1054 3 0 0 0 0 0 0 0 0 0 0 0 0 0 0 0 0 0 0 0 0 0 0 0 0 0 0 0 0 0 0 0 0 0 0 0 0 0 0 0 0 0 0 0 0 0 0 0 0 0 0 0 0 0 0 0 0 0 0 0 0 0 0 0 0 0 0 0 0 0 0 0 0 0 0 0 0 0 0 0 0 0 0 0 0 0 0 0 0 0 0 0 0 0 0 0 0 0
I1103 00:53:08.931461 47777710728256 create_pretraining_data.py:161] input_ids: 2 2563 4 18 10123 14291 1010 3959 18 18 9943 30 7041 4 18 18 3 20546 6020 4 382 2730 9048 4499 2007 9658 1037 4 2827 1054 3 0 0 0 0 0 0 0 0 0 0 0 0 0 0 0 0 0 0 0 0 0 0 0 0 0 0 0 0 0 0 0 0 0 0 0 0 0 0 0 0 0 0 0 0 0 0 0 0 0 0 0 0 0 0 0 0 0 0 0 0 0 0 0 0 0 0 0 0 0 0 0 0 0 0 0 0 0 0 0 0 0 0 0 0 0 0 0 0 0 0 0 0 0 0 0 0 0
INFO:tensorflow:input_mask: 1 1 1 1 1 1 1 1 1 1 1 1 1 1 1 1 1 1 1 1 1 1 1 1 1 1 1 1 1 1 1 0 0 0 0 0 0 0 0 0 0 0 0 0 0 0 0 0 0 0 0 0 0 0 0 0 0 0 0 0 0 0 0 0 0 0 0 0 0 0 0 0 0 0 0 0 0 0 0 0 0 0 0 0 0 0 0 0 0 0 0 0 0 0 0 0 0 0 0 0 0 0 0 0 0 0 0 0 0 0 0 0 0 0 0 0 0 0 0 0 0 0 0 0 0 0 0 0
I1103 00:53:08.931627 47777710728256 create_pretraining_data.py:161] input_mask: 1 1 1 1 1 1 1 1 1 1 1 1 1 1 1 1 1 1 1 1 1 1 1 1 1 1 1 1 1 1 1 0 0 0 0 0 0 0 0 0 0 0 0 0 0 0 0 0 0 0 0 0 0 0 0 0 0 0 0 0 0 0 0 0 0 0 0 0 0 0 0 0 0 0 0 0 0 0 0 0 0 0 0 0 0 0 0 0 0 0 0 0 0 0 0 0 0 0 0 0 0 0 0 0 0 0 0 0 0 0 0 0 0 0 0 0 0 0 0 0 0 0 0 0 0 0 0 0
INFO:tensorflow:segment_ids: 0 0 0 0 0 0 0 0 0 0 0 0 0 0 0 0 0 1 1 1 1 1 1 1 1 1 1 1 1 1 1 0 0 0 0 0 0 0 0 0 0 0 0 0 0 0 0 0 0 0 0 0 0 0 0 0 0 0 0 0 0 0 0 0 0 0 0 0 0 0 0 0 0 0 0 0 0 0 0 0 0 0 0 0 0 0 0 0 0 0 0 0 0 0 0 0 0 0 0 0 0 0 0 0 0 0 0 0 0 0 0 0 0 0 0 0 0 0 0 0 0 0 0 0 0 0 0 0
I1103 00:53:08.931790 47777710728256 create_pretraining_data.py:161] segment_ids: 0 0 0 0 0 0 0 0 0 0 0 0 0 0 0 0 0 1 1 1 1 1 1 1 1 1 1 1 1 1 1 0 0 0 0 0 0 0 0 0 0 0 0 0 0 0 0 0 0 0 0 0 0 0 0 0 0 0 0 0 0 0 0 0 0 0 0 0 0 0 0 0 0 0 0 0 0 0 0 0 0 0 0 0 0 0 0 0 0 0 0 0 0 0 0 0 0 0 0 0 0 0 0 0 0 0 0 0 0 0 0 0 0 0 0 0 0 0 0 0 0 0 0 0 0 0 0 0
INFO:tensorflow:masked_lm_positions: 2 12 13 19 27 0 0 0 0 0 0 0 0 0 0 0 0 0 0 0
I1103 00:53:08.931923 47777710728256 create_pretraining_data.py:161] masked_lm_positions: 2 12 13 19 27 0 0 0 0 0 0 0 0 0 0 0 0 0 0 0
INFO:tensorflow:masked_lm_ids: 18 30 2490 30 30 0 0 0 0 0 0 0 0 0 0 0 0 0 0 0
I1103 00:53:08.932062 47777710728256 create_pretraining_data.py:161] masked_lm_ids: 18 30 2490 30 30 0 0 0 0 0 0 0 0 0 0 0 0 0 0 0
INFO:tensorflow:masked_lm_weights: 1.0 1.0 1.0 1.0 1.0 0.0 0.0 0.0 0.0 0.0 0.0 0.0 0.0 0.0 0.0 0.0 0.0 0.0 0.0 0.0
I1103 00:53:08.932190 47777710728256 create_pretraining_data.py:161] masked_lm_weights: 1.0 1.0 1.0 1.0 1.0 0.0 0.0 0.0 0.0 0.0 0.0 0.0 0.0 0.0 0.0 0.0 0.0 0.0 0.0 0.0
INFO:tensorflow:next_sentence_labels: 1
I1103 00:53:08.932306 47777710728256 create_pretraining_data.py:161] next_sentence_labels: 1
INFO:tensorflow:*** Example ***
I1103 00:53:08.932997 47777710728256 create_pretraining_data.py:149] *** Example ***
INFO:tensorflow:tokens: [CLS] وعلى اليمين كانت ام فيصل تخي ##ط بما ##كين ##ة الخي ##اط ##ه المزع ##جه وتط ##الع التلفزيون اللي [MASK] [MASK] [MASK] حيل كل هذا عشان تز ##عج مها . . . ومن حسن حظ مها ان نومه ##ا كان [MASK] [MASK] [MASK] . فيصل : يمه . . . الله [MASK] [MASK] . [MASK] البنت طا ##يح ##ه هنا من الصبح [MASK] مت ##غطيه [MASK] موس ##ده . [SEP] الام : والله ياحبيبي ماني مسئول ##ه عنها . . فيصل وهو يتجه لمه ##ا : يا ##يمه مها حسب ##ت [MASK] [MASK] الام : تخ ##سي بنتي . . . والا [MASK] راضي ##لك [MASK] عملت ##ه معي الصبح ? مار ##د عليها فيصل [MASK] [MASK] ان عمره ماراح يقل ##بها بالكلام . [MASK] . [SEP]
I1103 00:53:08.933193 47777710728256 create_pretraining_data.py:151] tokens: [CLS] وعلى اليمين كانت ام فيصل تخي ##ط بما ##كين ##ة الخي ##اط ##ه المزع ##جه وتط ##الع التلفزيون اللي [MASK] [MASK] [MASK] حيل كل هذا عشان تز ##عج مها . . . ومن حسن حظ مها ان نومه ##ا كان [MASK] [MASK] [MASK] . فيصل : يمه . . . الله [MASK] [MASK] . [MASK] البنت طا ##يح ##ه هنا من الصبح [MASK] مت ##غطيه [MASK] موس ##ده . [SEP] الام : والله ياحبيبي ماني مسئول ##ه عنها . . فيصل وهو يتجه لمه ##ا : يا ##يمه مها حسب ##ت [MASK] [MASK] الام : تخ ##سي بنتي . . . والا [MASK] راضي ##لك [MASK] عملت ##ه معي الصبح ? مار ##د عليها فيصل [MASK] [MASK] ان عمره ماراح يقل ##بها بالكلام . [MASK] . [SEP]
INFO:tensorflow:input_ids: 2 3720 10780 2431 2112 5689 25564 1040 2908 4659 1043 6562 2423 1028 16086 2047 4875 7974 9114 2115 4 4 4 13285 2038 2085 3573 4147 9837 6163 18 18 18 2298 3314 5301 6163 1939 27628 1007 2055 4 4 4 18 5689 30 15997 18 18 18 1953 4 4 18 4 6890 6031 4803 1028 2349 1908 8739 4 2068 27717 4 4071 2124 18 3 2313 30 2706 28021 8798 18298 1028 3851 18 18 5689 2400 24651 16764 1007 30 2104 6010 6163 3650 1005 4 4 2313 30 2661 1999 13548 18 18 18 2693 4 13057 1934 4 11010 1028 5040 8739 35 4183 1016 2717 5689 4 4 1939 7276 15506 10205 9701 22505 18 4 18 3
I1103 00:53:08.933386 47777710728256 create_pretraining_data.py:161] input_ids: 2 3720 10780 2431 2112 5689 25564 1040 2908 4659 1043 6562 2423 1028 16086 2047 4875 7974 9114 2115 4 4 4 13285 2038 2085 3573 4147 9837 6163 18 18 18 2298 3314 5301 6163 1939 27628 1007 2055 4 4 4 18 5689 30 15997 18 18 18 1953 4 4 18 4 6890 6031 4803 1028 2349 1908 8739 4 2068 27717 4 4071 2124 18 3 2313 30 2706 28021 8798 18298 1028 3851 18 18 5689 2400 24651 16764 1007 30 2104 6010 6163 3650 1005 4 4 2313 30 2661 1999 13548 18 18 18 2693 4 13057 1934 4 11010 1028 5040 8739 35 4183 1016 2717 5689 4 4 1939 7276 15506 10205 9701 22505 18 4 18 3
INFO:tensorflow:input_mask: 1 1 1 1 1 1 1 1 1 1 1 1 1 1 1 1 1 1 1 1 1 1 1 1 1 1 1 1 1 1 1 1 1 1 1 1 1 1 1 1 1 1 1 1 1 1 1 1 1 1 1 1 1 1 1 1 1 1 1 1 1 1 1 1 1 1 1 1 1 1 1 1 1 1 1 1 1 1 1 1 1 1 1 1 1 1 1 1 1 1 1 1 1 1 1 1 1 1 1 1 1 1 1 1 1 1 1 1 1 1 1 1 1 1 1 1 1 1 1 1 1 1 1 1 1 1 1 1
I1103 00:53:08.933557 47777710728256 create_pretraining_data.py:161] input_mask: 1 1 1 1 1 1 1 1 1 1 1 1 1 1 1 1 1 1 1 1 1 1 1 1 1 1 1 1 1 1 1 1 1 1 1 1 1 1 1 1 1 1 1 1 1 1 1 1 1 1 1 1 1 1 1 1 1 1 1 1 1 1 1 1 1 1 1 1 1 1 1 1 1 1 1 1 1 1 1 1 1 1 1 1 1 1 1 1 1 1 1 1 1 1 1 1 1 1 1 1 1 1 1 1 1 1 1 1 1 1 1 1 1 1 1 1 1 1 1 1 1 1 1 1 1 1 1 1
INFO:tensorflow:segment_ids: 0 0 0 0 0 0 0 0 0 0 0 0 0 0 0 0 0 0 0 0 0 0 0 0 0 0 0 0 0 0 0 0 0 0 0 0 0 0 0 0 0 0 0 0 0 0 0 0 0 0 0 0 0 0 0 0 0 0 0 0 0 0 0 0 0 0 0 0 0 0 0 1 1 1 1 1 1 1 1 1 1 1 1 1 1 1 1 1 1 1 1 1 1 1 1 1 1 1 1 1 1 1 1 1 1 1 1 1 1 1 1 1 1 1 1 1 1 1 1 1 1 1 1 1 1 1 1 1
I1103 00:53:08.933737 47777710728256 create_pretraining_data.py:161] segment_ids: 0 0 0 0 0 0 0 0 0 0 0 0 0 0 0 0 0 0 0 0 0 0 0 0 0 0 0 0 0 0 0 0 0 0 0 0 0 0 0 0 0 0 0 0 0 0 0 0 0 0 0 0 0 0 0 0 0 0 0 0 0 0 0 0 0 0 0 0 0 0 0 1 1 1 1 1 1 1 1 1 1 1 1 1 1 1 1 1 1 1 1 1 1 1 1 1 1 1 1 1 1 1 1 1 1 1 1 1 1 1 1 1 1 1 1 1 1 1 1 1 1 1 1 1 1 1 1 1
INFO:tensorflow:masked_lm_positions: 20 21 22 41 42 43 52 53 55 63 66 92 93 103 106 116 117 123 125 0
I1103 00:53:08.933867 47777710728256 create_pretraining_data.py:161] masked_lm_positions: 20 21 22 41 42 43 52 53 55 63 66 92 93 103 106 116 117 123 125 0
INFO:tensorflow:masked_lm_ids: 12937 2055 11298 20208 18 18 14193 2199 18 25662 2086 3597 1014 2164 3451 5371 6843 22505 18 0
I1103 00:53:08.934010 47777710728256 create_pretraining_data.py:161] masked_lm_ids: 12937 2055 11298 20208 18 18 14193 2199 18 25662 2086 3597 1014 2164 3451 5371 6843 22505 18 0
INFO:tensorflow:masked_lm_weights: 1.0 1.0 1.0 1.0 1.0 1.0 1.0 1.0 1.0 1.0 1.0 1.0 1.0 1.0 1.0 1.0 1.0 1.0 1.0 0.0
I1103 00:53:08.934137 47777710728256 create_pretraining_data.py:161] masked_lm_weights: 1.0 1.0 1.0 1.0 1.0 1.0 1.0 1.0 1.0 1.0 1.0 1.0 1.0 1.0 1.0 1.0 1.0 1.0 1.0 0.0
INFO:tensorflow:next_sentence_labels: 0
I1103 00:53:08.934253 47777710728256 create_pretraining_data.py:161] next_sentence_labels: 0
INFO:tensorflow:*** Example ***
I1103 00:53:08.934952 47777710728256 create_pretraining_data.py:149] *** Example ***
INFO:tensorflow:tokens: [CLS] [MASK] الاخلاص باس ##رع ما عنده ويدخل بالغ ##دير وكل اللي [MASK] [MASK] معه مغ ##مضي ##ن < [MASK] من الخوف ويس ##معون [MASK] [MASK] ط ##شش ##شش ##شش ##شش ##شش ##شش ووقف ##ت السياره ويف ##تح ##ون عيونه ##م على باله ##م انهم قطع ##و الغد ##ير [MASK] للاسف انهم [MASK] قطع ##وه ق ##عد ##و بالن ##ص البنات صار ##خ ##ووو وقع ##دو يضحك ##ون [SEP] تعالي ابو ##ريك شي . . ميس ##ون : طيب دقيقه اجيب الش ##ب ##شب . . انا [MASK] [MASK] [MASK] مع ايد ##ها . . وسحب ##تها [MASK] [MASK] يحتاج . . وها ##ذي نع ##الي [MASK] [MASK] [MASK] عندكم [MASK] . . وف ##ص ##خت نع ##الي [MASK] . ومش ##ينا على الشا ##طي . . [SEP]
I1103 00:53:08.935150 47777710728256 create_pretraining_data.py:151] tokens: [CLS] [MASK] الاخلاص باس ##رع ما عنده ويدخل بالغ ##دير وكل اللي [MASK] [MASK] معه مغ ##مضي ##ن < [MASK] من الخوف ويس ##معون [MASK] [MASK] ط ##شش ##شش ##شش ##شش ##شش ##شش ووقف ##ت السياره ويف ##تح ##ون عيونه ##م على باله ##م انهم قطع ##و الغد ##ير [MASK] للاسف انهم [MASK] قطع ##وه ق ##عد ##و بالن ##ص البنات صار ##خ ##ووو وقع ##دو يضحك ##ون [SEP] تعالي ابو ##ريك شي . . ميس ##ون : طيب دقيقه اجيب الش ##ب ##شب . . انا [MASK] [MASK] [MASK] مع ايد ##ها . . وسحب ##تها [MASK] [MASK] يحتاج . . وها ##ذي نع ##الي [MASK] [MASK] [MASK] عندكم [MASK] . . وف ##ص ##خت نع ##الي [MASK] . ومش ##ينا على الشا ##طي . . [SEP]
INFO:tensorflow:input_ids: 2 4 15713 6736 4178 1972 5382 27166 6355 5089 3453 2115 4 4 3860 3203 29805 1006 32 4 1908 8723 4274 23756 4 4 403 16614 16614 16614 16614 16614 16614 18559 1005 16549 7002 2133 1922 16697 1015 1961 7901 1015 5507 5364 1012 9262 1916 4 10586 5507 4 5364 2283 409 1969 1012 3229 1031 7023 4109 1036 8825 5927 8412 13007 1922 3 5175 3388 2783 2228 18 18 13252 1922 30 4177 8816 22110 1966 1045 11294 18 18 2315 4 4 4 1973 10258 1913 18 18 29539 2377 4 4 5238 18 18 8154 2760 3634 2145 4 4 4 19450 4 18 18 2390 1031 2114 3634 2145 4 18 5199 2411 1961 18435 2594 18 18 3
I1103 00:53:08.935343 47777710728256 create_pretraining_data.py:161] input_ids: 2 4 15713 6736 4178 1972 5382 27166 6355 5089 3453 2115 4 4 3860 3203 29805 1006 32 4 1908 8723 4274 23756 4 4 403 16614 16614 16614 16614 16614 16614 18559 1005 16549 7002 2133 1922 16697 1015 1961 7901 1015 5507 5364 1012 9262 1916 4 10586 5507 4 5364 2283 409 1969 1012 3229 1031 7023 4109 1036 8825 5927 8412 13007 1922 3 5175 3388 2783 2228 18 18 13252 1922 30 4177 8816 22110 1966 1045 11294 18 18 2315 4 4 4 1973 10258 1913 18 18 29539 2377 4 4 5238 18 18 8154 2760 3634 2145 4 4 4 19450 4 18 18 2390 1031 2114 3634 2145 4 18 5199 2411 1961 18435 2594 18 18 3
INFO:tensorflow:input_mask: 1 1 1 1 1 1 1 1 1 1 1 1 1 1 1 1 1 1 1 1 1 1 1 1 1 1 1 1 1 1 1 1 1 1 1 1 1 1 1 1 1 1 1 1 1 1 1 1 1 1 1 1 1 1 1 1 1 1 1 1 1 1 1 1 1 1 1 1 1 1 1 1 1 1 1 1 1 1 1 1 1 1 1 1 1 1 1 1 1 1 1 1 1 1 1 1 1 1 1 1 1 1 1 1 1 1 1 1 1 1 1 1 1 1 1 1 1 1 1 1 1 1 1 1 1 1 1 1
I1103 00:53:08.935534 47777710728256 create_pretraining_data.py:161] input_mask: 1 1 1 1 1 1 1 1 1 1 1 1 1 1 1 1 1 1 1 1 1 1 1 1 1 1 1 1 1 1 1 1 1 1 1 1 1 1 1 1 1 1 1 1 1 1 1 1 1 1 1 1 1 1 1 1 1 1 1 1 1 1 1 1 1 1 1 1 1 1 1 1 1 1 1 1 1 1 1 1 1 1 1 1 1 1 1 1 1 1 1 1 1 1 1 1 1 1 1 1 1 1 1 1 1 1 1 1 1 1 1 1 1 1 1 1 1 1 1 1 1 1 1 1 1 1 1 1
INFO:tensorflow:segment_ids: 0 0 0 0 0 0 0 0 0 0 0 0 0 0 0 0 0 0 0 0 0 0 0 0 0 0 0 0 0 0 0 0 0 0 0 0 0 0 0 0 0 0 0 0 0 0 0 0 0 0 0 0 0 0 0 0 0 0 0 0 0 0 0 0 0 0 0 0 0 1 1 1 1 1 1 1 1 1 1 1 1 1 1 1 1 1 1 1 1 1 1 1 1 1 1 1 1 1 1 1 1 1 1 1 1 1 1 1 1 1 1 1 1 1 1 1 1 1 1 1 1 1 1 1 1 1 1 1
I1103 00:53:08.935700 47777710728256 create_pretraining_data.py:161] segment_ids: 0 0 0 0 0 0 0 0 0 0 0 0 0 0 0 0 0 0 0 0 0 0 0 0 0 0 0 0 0 0 0 0 0 0 0 0 0 0 0 0 0 0 0 0 0 0 0 0 0 0 0 0 0 0 0 0 0 0 0 0 0 0 0 0 0 0 0 0 0 1 1 1 1 1 1 1 1 1 1 1 1 1 1 1 1 1 1 1 1 1 1 1 1 1 1 1 1 1 1 1 1 1 1 1 1 1 1 1 1 1 1 1 1 1 1 1 1 1 1 1 1 1 1 1 1 1 1 1
INFO:tensorflow:masked_lm_positions: 1 2 12 13 19 24 25 49 52 87 88 89 97 98 106 107 108 110 118 0
I1103 00:53:08.935829 47777710728256 create_pretraining_data.py:161] masked_lm_positions: 1 2 12 13 19 24 25 49 52 87 88 89 97 98 106 107 108 110 118 0
INFO:tensorflow:masked_lm_ids: 4622 2510 15256 5569 32 3195 3063 2357 1972 3257 24957 1913 30 1972 3209 3628 1007 18 18 0
I1103 00:53:08.935961 47777710728256 create_pretraining_data.py:161] masked_lm_ids: 4622 2510 15256 5569 32 3195 3063 2357 1972 3257 24957 1913 30 1972 3209 3628 1007 18 18 0
INFO:tensorflow:masked_lm_weights: 1.0 1.0 1.0 1.0 1.0 1.0 1.0 1.0 1.0 1.0 1.0 1.0 1.0 1.0 1.0 1.0 1.0 1.0 1.0 0.0
I1103 00:53:08.936087 47777710728256 create_pretraining_data.py:161] masked_lm_weights: 1.0 1.0 1.0 1.0 1.0 1.0 1.0 1.0 1.0 1.0 1.0 1.0 1.0 1.0 1.0 1.0 1.0 1.0 1.0 0.0
INFO:tensorflow:next_sentence_labels: 1
I1103 00:53:08.936202 47777710728256 create_pretraining_data.py:161] next_sentence_labels: 1
INFO:tensorflow:*** Example ***
I1103 00:53:08.936885 47777710728256 create_pretraining_data.py:149] *** Example ***
INFO:tensorflow:tokens: [CLS] لين : يتع ##دل ##ون بعد [MASK] لم ##ى : لاتن ##كت ##ين . [MASK] المهم انتي ام زوج ##ك تبي تشوف ##ك قبل مات ##نز ##لين . [MASK] [SEP] [MASK] [MASK] [MASK] ##حم من صوت البك ##آء الذي يست ##ثير ##ه ##آ [MASK] [MASK] نوف : يم ##مم ##ه عاا ##اد والله مو حاله هذي , بس شه ##الأ ##زع ##اااا ##اج ام نوف [MASK] شت ##بين ##ي اسوي يعني ? قومي عشان تروح ##ين المدرسه نوف : اف ##فف ياربي مو حياه هذي كل [MASK] نق ##عد على [MASK] تصفية [MASK] والله تعب ##نا ام نوف : اشوف ##ج تشتكي ##ن اليوم , ! نوف : ايه بش ##تك ##ي لاني تعبت جثمان هالح ##ياه ك ##آن ذلك السين ##آر ##ي ##و وأه [MASK] [SEP]
I1103 00:53:08.937086 47777710728256 create_pretraining_data.py:151] tokens: [CLS] لين : يتع ##دل ##ون بعد [MASK] لم ##ى : لاتن ##كت ##ين . [MASK] المهم انتي ام زوج ##ك تبي تشوف ##ك قبل مات ##نز ##لين . [MASK] [SEP] [MASK] [MASK] [MASK] ##حم من صوت البك ##آء الذي يست ##ثير ##ه ##آ [MASK] [MASK] نوف : يم ##مم ##ه عاا ##اد والله مو حاله هذي , بس شه ##الأ ##زع ##اااا ##اج ام نوف [MASK] شت ##بين ##ي اسوي يعني ? قومي عشان تروح ##ين المدرسه نوف : اف ##فف ياربي مو حياه هذي كل [MASK] نق ##عد على [MASK] تصفية [MASK] والله تعب ##نا ام نوف : اشوف ##ج تشتكي ##ن اليوم , ! نوف : ايه بش ##تك ##ي لاني تعبت جثمان هالح ##ياه ك ##آن ذلك السين ##آر ##ي ##و وأه [MASK] [SEP]
INFO:tensorflow:input_ids: 2 5133 30 15377 9297 1922 2089 4 2043 1102 30 27034 2053 1911 18 4 5202 5136 2112 3950 1014 6341 6955 1014 2289 3019 8203 2633 18 4 3 4 4 4 1998 1908 3195 12298 16616 2130 2414 2334 1028 1054 4 4 3335 30 2243 4621 1028 21634 1950 2706 2481 7025 5867 16 2357 3844 10366 5327 5853 2078 2112 3335 4 6841 5569 1013 16036 3236 35 17619 3573 12908 1911 17477 3335 30 2668 8110 15787 2481 5251 5867 2038 4 3345 1969 1961 4 27569 4 2706 6947 1914 2112 3335 30 6026 1041 24799 1006 2217 16 5 3335 30 4138 2331 2348 1013 9950 12907 19222 18585 2299 410 3526 2271 15381 21797 1013 1012 24328 4 3
I1103 00:53:08.937299 47777710728256 create_pretraining_data.py:161] input_ids: 2 5133 30 15377 9297 1922 2089 4 2043 1102 30 27034 2053 1911 18 4 5202 5136 2112 3950 1014 6341 6955 1014 2289 3019 8203 2633 18 4 3 4 4 4 1998 1908 3195 12298 16616 2130 2414 2334 1028 1054 4 4 3335 30 2243 4621 1028 21634 1950 2706 2481 7025 5867 16 2357 3844 10366 5327 5853 2078 2112 3335 4 6841 5569 1013 16036 3236 35 17619 3573 12908 1911 17477 3335 30 2668 8110 15787 2481 5251 5867 2038 4 3345 1969 1961 4 27569 4 2706 6947 1914 2112 3335 30 6026 1041 24799 1006 2217 16 5 3335 30 4138 2331 2348 1013 9950 12907 19222 18585 2299 410 3526 2271 15381 21797 1013 1012 24328 4 3
INFO:tensorflow:input_mask: 1 1 1 1 1 1 1 1 1 1 1 1 1 1 1 1 1 1 1 1 1 1 1 1 1 1 1 1 1 1 1 1 1 1 1 1 1 1 1 1 1 1 1 1 1 1 1 1 1 1 1 1 1 1 1 1 1 1 1 1 1 1 1 1 1 1 1 1 1 1 1 1 1 1 1 1 1 1 1 1 1 1 1 1 1 1 1 1 1 1 1 1 1 1 1 1 1 1 1 1 1 1 1 1 1 1 1 1 1 1 1 1 1 1 1 1 1 1 1 1 1 1 1 1 1 1 1 1
I1103 00:53:08.937472 47777710728256 create_pretraining_data.py:161] input_mask: 1 1 1 1 1 1 1 1 1 1 1 1 1 1 1 1 1 1 1 1 1 1 1 1 1 1 1 1 1 1 1 1 1 1 1 1 1 1 1 1 1 1 1 1 1 1 1 1 1 1 1 1 1 1 1 1 1 1 1 1 1 1 1 1 1 1 1 1 1 1 1 1 1 1 1 1 1 1 1 1 1 1 1 1 1 1 1 1 1 1 1 1 1 1 1 1 1 1 1 1 1 1 1 1 1 1 1 1 1 1 1 1 1 1 1 1 1 1 1 1 1 1 1 1 1 1 1 1
INFO:tensorflow:segment_ids: 0 0 0 0 0 0 0 0 0 0 0 0 0 0 0 0 0 0 0 0 0 0 0 0 0 0 0 0 0 0 0 1 1 1 1 1 1 1 1 1 1 1 1 1 1 1 1 1 1 1 1 1 1 1 1 1 1 1 1 1 1 1 1 1 1 1 1 1 1 1 1 1 1 1 1 1 1 1 1 1 1 1 1 1 1 1 1 1 1 1 1 1 1 1 1 1 1 1 1 1 1 1 1 1 1 1 1 1 1 1 1 1 1 1 1 1 1 1 1 1 1 1 1 1 1 1 1 1
I1103 00:53:08.937638 47777710728256 create_pretraining_data.py:161] segment_ids: 0 0 0 0 0 0 0 0 0 0 0 0 0 0 0 0 0 0 0 0 0 0 0 0 0 0 0 0 0 0 0 1 1 1 1 1 1 1 1 1 1 1 1 1 1 1 1 1 1 1 1 1 1 1 1 1 1 1 1 1 1 1 1 1 1 1 1 1 1 1 1 1 1 1 1 1 1 1 1 1 1 1 1 1 1 1 1 1 1 1 1 1 1 1 1 1 1 1 1 1 1 1 1 1 1 1 1 1 1 1 1 1 1 1 1 1 1 1 1 1 1 1 1 1 1 1 1 1
INFO:tensorflow:masked_lm_positions: 7 15 29 31 32 33 34 44 45 47 54 66 87 91 92 93 115 125 126 0
I1103 00:53:08.937767 47777710728256 create_pretraining_data.py:161] masked_lm_positions: 7 15 29 31 32 33 34 44 45 47 54 66 87 91 92 93 115 125 126 0
INFO:tensorflow:masked_lm_ids: 24809 18 18 21797 2643 7150 1998 9932 1007 30 2481 30 2232 9440 1054 1036 1908 18465 4103 0
I1103 00:53:08.937891 47777710728256 create_pretraining_data.py:161] masked_lm_ids: 24809 18 18 21797 2643 7150 1998 9932 1007 30 2481 30 2232 9440 1054 1036 1908 18465 4103 0
INFO:tensorflow:masked_lm_weights: 1.0 1.0 1.0 1.0 1.0 1.0 1.0 1.0 1.0 1.0 1.0 1.0 1.0 1.0 1.0 1.0 1.0 1.0 1.0 0.0
I1103 00:53:08.938038 47777710728256 create_pretraining_data.py:161] masked_lm_weights: 1.0 1.0 1.0 1.0 1.0 1.0 1.0 1.0 1.0 1.0 1.0 1.0 1.0 1.0 1.0 1.0 1.0 1.0 1.0 0.0
INFO:tensorflow:next_sentence_labels: 1
I1103 00:53:08.938158 47777710728256 create_pretraining_data.py:161] next_sentence_labels: 1
INFO:tensorflow:*** Example ***
I1103 00:53:08.939112 47777710728256 create_pretraining_data.py:149] *** Example ***
INFO:tensorflow:tokens: [CLS] بعد ماخ ##لص ##وا استش ##ورو شعور ##هم وصال طلعت قص ##تها نا ##اااا ##ااا ##يس [MASK] [MASK] ##ت شعرها نح ##اااا ##سي وصارت خ ##قق بالو ##ك الجديد رجع [MASK] بيت [MASK] وليد عذ ##ا : يالله [MASK] [MASK] بش ##وووو ##وو ##ف [SEP] را ##لف وأن ##جل جوعا ##نين من اسبوع ماحد أكل ##هم [MASK] علاء مريض [MASK] . . . تقرب ##وا إلى علاء وهم يش ##موا ريح ##ة [MASK] [MASK] . . . حس ##وا بالج ##وع . . . [MASK] . ورا ##لف [MASK] [MASK] . . . . عضو أرجو ##له . . . . . [MASK] ونه ##شوا منها . . . . . [MASK] علاء قام يص ار ##خ . . . . . ويح ##س بالأ ##لم [SEP]
I1103 00:53:08.939309 47777710728256 create_pretraining_data.py:151] tokens: [CLS] بعد ماخ ##لص ##وا استش ##ورو شعور ##هم وصال طلعت قص ##تها نا ##اااا ##ااا ##يس [MASK] [MASK] ##ت شعرها نح ##اااا ##سي وصارت خ ##قق بالو ##ك الجديد رجع [MASK] بيت [MASK] وليد عذ ##ا : يالله [MASK] [MASK] بش ##وووو ##وو ##ف [SEP] را ##لف وأن ##جل جوعا ##نين من اسبوع ماحد أكل ##هم [MASK] علاء مريض [MASK] . . . تقرب ##وا إلى علاء وهم يش ##موا ريح ##ة [MASK] [MASK] . . . حس ##وا بالج ##وع . . . [MASK] . ورا ##لف [MASK] [MASK] . . . . عضو أرجو ##له . . . . . [MASK] ونه ##شوا منها . . . . . [MASK] علاء قام يص ار ##خ . . . . . ويح ##س بالأ ##لم [SEP]
INFO:tensorflow:input_ids: 2 2089 18653 1987 1928 4706 3567 5443 1949 25266 9422 2858 2377 3630 5853 12541 2036 4 4 1005 21814 3000 5853 1999 29328 394 3295 19442 1014 3421 10763 4 2967 4 7756 8102 1007 30 5783 4 4 2331 10108 3065 1037 3 3353 1946 3310 2293 10222 2731 1908 7308 28853 17780 1949 4 12877 7891 4 18 18 18 21562 1928 2045 12877 4009 2438 24349 13842 1043 4 4 18 18 18 2286 1928 4394 2095 18 18 18 4 18 5967 1946 4 4 18 18 18 18 4866 25741 1917 18 18 18 18 18 4 12390 23712 2813 18 18 18 18 18 4 12877 3347 2818 2988 1036 18 18 18 18 18 6203 1033 3876 1902 3
I1103 00:53:08.939501 47777710728256 create_pretraining_data.py:161] input_ids: 2 2089 18653 1987 1928 4706 3567 5443 1949 25266 9422 2858 2377 3630 5853 12541 2036 4 4 1005 21814 3000 5853 1999 29328 394 3295 19442 1014 3421 10763 4 2967 4 7756 8102 1007 30 5783 4 4 2331 10108 3065 1037 3 3353 1946 3310 2293 10222 2731 1908 7308 28853 17780 1949 4 12877 7891 4 18 18 18 21562 1928 2045 12877 4009 2438 24349 13842 1043 4 4 18 18 18 2286 1928 4394 2095 18 18 18 4 18 5967 1946 4 4 18 18 18 18 4866 25741 1917 18 18 18 18 18 4 12390 23712 2813 18 18 18 18 18 4 12877 3347 2818 2988 1036 18 18 18 18 18 6203 1033 3876 1902 3
INFO:tensorflow:input_mask: 1 1 1 1 1 1 1 1 1 1 1 1 1 1 1 1 1 1 1 1 1 1 1 1 1 1 1 1 1 1 1 1 1 1 1 1 1 1 1 1 1 1 1 1 1 1 1 1 1 1 1 1 1 1 1 1 1 1 1 1 1 1 1 1 1 1 1 1 1 1 1 1 1 1 1 1 1 1 1 1 1 1 1 1 1 1 1 1 1 1 1 1 1 1 1 1 1 1 1 1 1 1 1 1 1 1 1 1 1 1 1 1 1 1 1 1 1 1 1 1 1 1 1 1 1 1 1 1
I1103 00:53:08.939674 47777710728256 create_pretraining_data.py:161] input_mask: 1 1 1 1 1 1 1 1 1 1 1 1 1 1 1 1 1 1 1 1 1 1 1 1 1 1 1 1 1 1 1 1 1 1 1 1 1 1 1 1 1 1 1 1 1 1 1 1 1 1 1 1 1 1 1 1 1 1 1 1 1 1 1 1 1 1 1 1 1 1 1 1 1 1 1 1 1 1 1 1 1 1 1 1 1 1 1 1 1 1 1 1 1 1 1 1 1 1 1 1 1 1 1 1 1 1 1 1 1 1 1 1 1 1 1 1 1 1 1 1 1 1 1 1 1 1 1 1
INFO:tensorflow:segment_ids: 0 0 0 0 0 0 0 0 0 0 0 0 0 0 0 0 0 0 0 0 0 0 0 0 0 0 0 0 0 0 0 0 0 0 0 0 0 0 0 0 0 0 0 0 0 0 1 1 1 1 1 1 1 1 1 1 1 1 1 1 1 1 1 1 1 1 1 1 1 1 1 1 1 1 1 1 1 1 1 1 1 1 1 1 1 1 1 1 1 1 1 1 1 1 1 1 1 1 1 1 1 1 1 1 1 1 1 1 1 1 1 1 1 1 1 1 1 1 1 1 1 1 1 1 1 1 1 1
I1103 00:53:08.939852 47777710728256 create_pretraining_data.py:161] segment_ids: 0 0 0 0 0 0 0 0 0 0 0 0 0 0 0 0 0 0 0 0 0 0 0 0 0 0 0 0 0 0 0 0 0 0 0 0 0 0 0 0 0 0 0 0 0 0 1 1 1 1 1 1 1 1 1 1 1 1 1 1 1 1 1 1 1 1 1 1 1 1 1 1 1 1 1 1 1 1 1 1 1 1 1 1 1 1 1 1 1 1 1 1 1 1 1 1 1 1 1 1 1 1 1 1 1 1 1 1 1 1 1 1 1 1 1 1 1 1 1 1 1 1 1 1 1 1 1 1
INFO:tensorflow:masked_lm_positions: 17 18 19 30 31 33 39 40 57 60 73 74 85 89 90 95 98 103 112 0
I1103 00:53:08.939993 47777710728256 create_pretraining_data.py:161] masked_lm_positions: 17 18 19 30 31 33 39 40 57 60 73 74 85 89 90 95 98 103 112 0
INFO:tensorflow:masked_lm_ids: 2417 13081 1005 10763 1012 3388 2228 2361 2551 18 4479 18 18 3310 2293 4866 18 18 18 0
I1103 00:53:08.940118 47777710728256 create_pretraining_data.py:161] masked_lm_ids: 2417 13081 1005 10763 1012 3388 2228 2361 2551 18 4479 18 18 3310 2293 4866 18 18 18 0
INFO:tensorflow:masked_lm_weights: 1.0 1.0 1.0 1.0 1.0 1.0 1.0 1.0 1.0 1.0 1.0 1.0 1.0 1.0 1.0 1.0 1.0 1.0 1.0 0.0
I1103 00:53:08.940243 47777710728256 create_pretraining_data.py:161] masked_lm_weights: 1.0 1.0 1.0 1.0 1.0 1.0 1.0 1.0 1.0 1.0 1.0 1.0 1.0 1.0 1.0 1.0 1.0 1.0 1.0 0.0
INFO:tensorflow:next_sentence_labels: 1
I1103 00:53:08.940359 47777710728256 create_pretraining_data.py:161] next_sentence_labels: 1
INFO:tensorflow:*** Example ***
I1103 00:53:08.941034 47777710728256 create_pretraining_data.py:149] *** Example ***
INFO:tensorflow:tokens: [CLS] ريم ##ا [MASK] ماا ##اااا ##لت على وجيه ##كم ملاك تلعب بح ##واج ##بها لر ##يم ##ا : [MASK] [MASK] علينا اغ ##صان الجنه ريم ##ا : مع ##فن ##ه انتي ووجه ##ك أخ ##لص ##ي [MASK] تبين بالت ##لف ##ون ? ملاك [MASK] صح نسيت ##يني [MASK] زب [MASK] [MASK] [MASK] [MASK] [SEP] [MASK] : s ##o ##z ##i m ##ak ##e a 1 co ##ff ##ee pl ##e ##as ( سوي 1 قهوه لوس ##مح ##تي ) لم ##ى [MASK] انتي هب ##له توك صاحي ##ه ومو مت ##غ ##ديه ولا [MASK] [MASK] [MASK] قلبك نسيت ##ي ماي ##صلح لك ملاك : عاا ##اا ##دي قلبي [MASK] من ورا الباب طلال : ياع ##يال ملاك : يمه قلبي ريم ##ا : انط ##مي لا [SEP]
I1103 00:53:08.941229 47777710728256 create_pretraining_data.py:151] tokens: [CLS] ريم ##ا [MASK] ماا ##اااا ##لت على وجيه ##كم ملاك تلعب بح ##واج ##بها لر ##يم ##ا : [MASK] [MASK] علينا اغ ##صان الجنه ريم ##ا : مع ##فن ##ه انتي ووجه ##ك أخ ##لص ##ي [MASK] تبين بالت ##لف ##ون ? ملاك [MASK] صح نسيت ##يني [MASK] زب [MASK] [MASK] [MASK] [MASK] [SEP] [MASK] : s ##o ##z ##i m ##ak ##e a 1 co ##ff ##ee pl ##e ##as ( سوي 1 قهوه لوس ##مح ##تي ) لم ##ى [MASK] انتي هب ##له توك صاحي ##ه ومو مت ##غ ##ديه ولا [MASK] [MASK] [MASK] قلبك نسيت ##ي ماي ##صلح لك ملاك : عاا ##اا ##دي قلبي [MASK] من ورا الباب طلال : ياع ##يال ملاك : يمه قلبي ريم ##ا : انط ##مي لا [SEP]
INFO:tensorflow:input_ids: 2 9693 1007 4 14363 5853 1919 1961 16545 2018 15439 11954 2302 3213 9701 5165 2019 1007 30 4 4 3754 2803 19151 3515 9693 1007 30 1973 5291 1028 5136 13140 1014 2591 1987 1013 4 8682 2619 1946 1922 35 15439 4 2786 10195 2262 4 11871 4 4 4 4 3 4 30 87 1051 1118 1050 81 10569 1023 69 21 4587 15774 21532 14037 1023 2634 12 4871 21 13938 15903 10079 2005 13 2043 1102 4 5136 7928 1917 5827 26074 1028 25662 2068 1044 2316 2086 4 4 4 3966 10195 1013 3165 27495 2278 15439 30 21634 2877 1930 3018 4 1908 5967 4687 10625 30 7509 12736 15439 30 15997 3018 9693 1007 30 13066 1960 1963 3
I1103 00:53:08.941421 47777710728256 create_pretraining_data.py:161] input_ids: 2 9693 1007 4 14363 5853 1919 1961 16545 2018 15439 11954 2302 3213 9701 5165 2019 1007 30 4 4 3754 2803 19151 3515 9693 1007 30 1973 5291 1028 5136 13140 1014 2591 1987 1013 4 8682 2619 1946 1922 35 15439 4 2786 10195 2262 4 11871 4 4 4 4 3 4 30 87 1051 1118 1050 81 10569 1023 69 21 4587 15774 21532 14037 1023 2634 12 4871 21 13938 15903 10079 2005 13 2043 1102 4 5136 7928 1917 5827 26074 1028 25662 2068 1044 2316 2086 4 4 4 3966 10195 1013 3165 27495 2278 15439 30 21634 2877 1930 3018 4 1908 5967 4687 10625 30 7509 12736 15439 30 15997 3018 9693 1007 30 13066 1960 1963 3
INFO:tensorflow:input_mask: 1 1 1 1 1 1 1 1 1 1 1 1 1 1 1 1 1 1 1 1 1 1 1 1 1 1 1 1 1 1 1 1 1 1 1 1 1 1 1 1 1 1 1 1 1 1 1 1 1 1 1 1 1 1 1 1 1 1 1 1 1 1 1 1 1 1 1 1 1 1 1 1 1 1 1 1 1 1 1 1 1 1 1 1 1 1 1 1 1 1 1 1 1 1 1 1 1 1 1 1 1 1 1 1 1 1 1 1 1 1 1 1 1 1 1 1 1 1 1 1 1 1 1 1 1 1 1 1
I1103 00:53:08.941607 47777710728256 create_pretraining_data.py:161] input_mask: 1 1 1 1 1 1 1 1 1 1 1 1 1 1 1 1 1 1 1 1 1 1 1 1 1 1 1 1 1 1 1 1 1 1 1 1 1 1 1 1 1 1 1 1 1 1 1 1 1 1 1 1 1 1 1 1 1 1 1 1 1 1 1 1 1 1 1 1 1 1 1 1 1 1 1 1 1 1 1 1 1 1 1 1 1 1 1 1 1 1 1 1 1 1 1 1 1 1 1 1 1 1 1 1 1 1 1 1 1 1 1 1 1 1 1 1 1 1 1 1 1 1 1 1 1 1 1 1
INFO:tensorflow:segment_ids: 0 0 0 0 0 0 0 0 0 0 0 0 0 0 0 0 0 0 0 0 0 0 0 0 0 0 0 0 0 0 0 0 0 0 0 0 0 0 0 0 0 0 0 0 0 0 0 0 0 0 0 0 0 0 0 1 1 1 1 1 1 1 1 1 1 1 1 1 1 1 1 1 1 1 1 1 1 1 1 1 1 1 1 1 1 1 1 1 1 1 1 1 1 1 1 1 1 1 1 1 1 1 1 1 1 1 1 1 1 1 1 1 1 1 1 1 1 1 1 1 1 1 1 1 1 1 1 1
I1103 00:53:08.941775 47777710728256 create_pretraining_data.py:161] segment_ids: 0 0 0 0 0 0 0 0 0 0 0 0 0 0 0 0 0 0 0 0 0 0 0 0 0 0 0 0 0 0 0 0 0 0 0 0 0 0 0 0 0 0 0 0 0 0 0 0 0 0 0 0 0 0 0 1 1 1 1 1 1 1 1 1 1 1 1 1 1 1 1 1 1 1 1 1 1 1 1 1 1 1 1 1 1 1 1 1 1 1 1 1 1 1 1 1 1 1 1 1 1 1 1 1 1 1 1 1 1 1 1 1 1 1 1 1 1 1 1 1 1 1 1 1 1 1 1 1
INFO:tensorflow:masked_lm_positions: 3 19 20 37 44 48 49 50 51 52 53 55 82 86 94 95 96 109 117 0
I1103 00:53:08.941910 47777710728256 create_pretraining_data.py:161] masked_lm_positions: 3 19 20 37 44 48 49 50 51 52 53 55 82 86 94 95 96 109 117 0
INFO:tensorflow:masked_lm_ids: 30 4133 1005 2347 30 3125 12353 1040 1014 4384 2262 8873 30 5827 8760 11226 12258 6103 15439 0
I1103 00:53:08.942036 47777710728256 create_pretraining_data.py:161] masked_lm_ids: 30 4133 1005 2347 30 3125 12353 1040 1014 4384 2262 8873 30 5827 8760 11226 12258 6103 15439 0
INFO:tensorflow:masked_lm_weights: 1.0 1.0 1.0 1.0 1.0 1.0 1.0 1.0 1.0 1.0 1.0 1.0 1.0 1.0 1.0 1.0 1.0 1.0 1.0 0.0
I1103 00:53:08.942161 47777710728256 create_pretraining_data.py:161] masked_lm_weights: 1.0 1.0 1.0 1.0 1.0 1.0 1.0 1.0 1.0 1.0 1.0 1.0 1.0 1.0 1.0 1.0 1.0 1.0 1.0 0.0
INFO:tensorflow:next_sentence_labels: 0
I1103 00:53:08.942278 47777710728256 create_pretraining_data.py:161] next_sentence_labels: 0
INFO:tensorflow:*** Example ***
I1103 00:53:08.942959 47777710728256 create_pretraining_data.py:149] *** Example ***
INFO:tensorflow:tokens: [CLS] لا تخاف ##ين على بنت أبو ##ها . . . صدق هي صغيره بس بنت رجال [MASK] راقيه [MASK] عليها [MASK] [MASK] . سار ##ا بابت ##سامه : ههه ##ه كله منك . . . بنتي صاير ##ه ولد والسبب إنت . . [MASK] متعب باست ##غر ##اب [MASK] [MASK] : أف ##ا ليش انا ? ? . . . سار ##ا [MASK] إيه إنت [SEP] تذكرت تركي عل ##طول , وابتسم ##ت لأنه [MASK] واحد يفكر فيها ويف ##كر حتى انه [MASK] [MASK] [MASK] عندها , تذكرت كلامه لها ومحا ##ولاته دايما إنها تغير شخصيته ##ا [MASK] [MASK] [MASK] تذكرت كلماته لها ومد ##حه معركه لها , فلس أول إنسان يعجب فيها , هذا إذا كان معجب أصلا , يمكن يكون يضحك عليها ? ? [SEP]
I1103 00:53:08.943151 47777710728256 create_pretraining_data.py:151] tokens: [CLS] لا تخاف ##ين على بنت أبو ##ها . . . صدق هي صغيره بس بنت رجال [MASK] راقيه [MASK] عليها [MASK] [MASK] . سار ##ا بابت ##سامه : ههه ##ه كله منك . . . بنتي صاير ##ه ولد والسبب إنت . . [MASK] متعب باست ##غر ##اب [MASK] [MASK] : أف ##ا ليش انا ? ? . . . سار ##ا [MASK] إيه إنت [SEP] تذكرت تركي عل ##طول , وابتسم ##ت لأنه [MASK] واحد يفكر فيها ويف ##كر حتى انه [MASK] [MASK] [MASK] عندها , تذكرت كلامه لها ومحا ##ولاته دايما إنها تغير شخصيته ##ا [MASK] [MASK] [MASK] تذكرت كلماته لها ومد ##حه معركه لها , فلس أول إنسان يعجب فيها , هذا إذا كان معجب أصلا , يمكن يكون يضحك عليها ? ? [SEP]
INFO:tensorflow:input_ids: 2 1963 14014 1911 1961 3597 2902 1913 18 18 18 5678 2247 12410 2357 3597 4077 4 22416 4 2717 4 4 18 11091 1007 20662 6091 30 3495 1028 4236 3677 18 18 18 13548 27497 1028 4084 18361 5320 18 18 4 10695 3790 4830 1933 4 4 30 3080 1007 6097 2315 35 35 18 18 18 11091 1007 4 16291 5320 3 19178 6981 9008 7724 16 18790 1005 4531 4 2563 10671 2443 7002 2014 2494 2615 4 4 4 9808 16 19178 11202 2553 10781 18439 10029 7110 5205 26512 1007 4 4 4 19178 7119 2553 8302 2379 23480 2553 16 14548 3399 12792 21798 2443 16 2085 2617 2055 24200 16124 16 2490 2461 13007 2717 35 35 3
I1103 00:53:08.943357 47777710728256 create_pretraining_data.py:161] input_ids: 2 1963 14014 1911 1961 3597 2902 1913 18 18 18 5678 2247 12410 2357 3597 4077 4 22416 4 2717 4 4 18 11091 1007 20662 6091 30 3495 1028 4236 3677 18 18 18 13548 27497 1028 4084 18361 5320 18 18 4 10695 3790 4830 1933 4 4 30 3080 1007 6097 2315 35 35 18 18 18 11091 1007 4 16291 5320 3 19178 6981 9008 7724 16 18790 1005 4531 4 2563 10671 2443 7002 2014 2494 2615 4 4 4 9808 16 19178 11202 2553 10781 18439 10029 7110 5205 26512 1007 4 4 4 19178 7119 2553 8302 2379 23480 2553 16 14548 3399 12792 21798 2443 16 2085 2617 2055 24200 16124 16 2490 2461 13007 2717 35 35 3
INFO:tensorflow:input_mask: 1 1 1 1 1 1 1 1 1 1 1 1 1 1 1 1 1 1 1 1 1 1 1 1 1 1 1 1 1 1 1 1 1 1 1 1 1 1 1 1 1 1 1 1 1 1 1 1 1 1 1 1 1 1 1 1 1 1 1 1 1 1 1 1 1 1 1 1 1 1 1 1 1 1 1 1 1 1 1 1 1 1 1 1 1 1 1 1 1 1 1 1 1 1 1 1 1 1 1 1 1 1 1 1 1 1 1 1 1 1 1 1 1 1 1 1 1 1 1 1 1 1 1 1 1 1 1 1
I1103 00:53:08.943532 47777710728256 create_pretraining_data.py:161] input_mask: 1 1 1 1 1 1 1 1 1 1 1 1 1 1 1 1 1 1 1 1 1 1 1 1 1 1 1 1 1 1 1 1 1 1 1 1 1 1 1 1 1 1 1 1 1 1 1 1 1 1 1 1 1 1 1 1 1 1 1 1 1 1 1 1 1 1 1 1 1 1 1 1 1 1 1 1 1 1 1 1 1 1 1 1 1 1 1 1 1 1 1 1 1 1 1 1 1 1 1 1 1 1 1 1 1 1 1 1 1 1 1 1 1 1 1 1 1 1 1 1 1 1 1 1 1 1 1 1
INFO:tensorflow:segment_ids: 0 0 0 0 0 0 0 0 0 0 0 0 0 0 0 0 0 0 0 0 0 0 0 0 0 0 0 0 0 0 0 0 0 0 0 0 0 0 0 0 0 0 0 0 0 0 0 0 0 0 0 0 0 0 0 0 0 0 0 0 0 0 0 0 0 0 0 1 1 1 1 1 1 1 1 1 1 1 1 1 1 1 1 1 1 1 1 1 1 1 1 1 1 1 1 1 1 1 1 1 1 1 1 1 1 1 1 1 1 1 1 1 1 1 1 1 1 1 1 1 1 1 1 1 1 1 1 1
I1103 00:53:08.943698 47777710728256 create_pretraining_data.py:161] segment_ids: 0 0 0 0 0 0 0 0 0 0 0 0 0 0 0 0 0 0 0 0 0 0 0 0 0 0 0 0 0 0 0 0 0 0 0 0 0 0 0 0 0 0 0 0 0 0 0 0 0 0 0 0 0 0 0 0 0 0 0 0 0 0 0 0 0 0 0 1 1 1 1 1 1 1 1 1 1 1 1 1 1 1 1 1 1 1 1 1 1 1 1 1 1 1 1 1 1 1 1 1 1 1 1 1 1 1 1 1 1 1 1 1 1 1 1 1 1 1 1 1 1 1 1 1 1 1 1 1
INFO:tensorflow:masked_lm_positions: 17 18 19 21 22 31 44 49 50 63 75 83 84 85 98 99 100 106 109 0
I1103 00:53:08.943827 47777710728256 create_pretraining_data.py:161] masked_lm_positions: 17 18 19 21 22 31 44 49 50 63 75 83 84 85 98 99 100 106 109 0
INFO:tensorflow:masked_lm_ids: 4148 2967 17179 18 18 4236 18 8149 3102 30 3399 2952 2027 1032 10538 11231 16 10029 6981 0
I1103 00:53:08.943968 47777710728256 create_pretraining_data.py:161] masked_lm_ids: 4148 2967 17179 18 18 4236 18 8149 3102 30 3399 2952 2027 1032 10538 11231 16 10029 6981 0
INFO:tensorflow:masked_lm_weights: 1.0 1.0 1.0 1.0 1.0 1.0 1.0 1.0 1.0 1.0 1.0 1.0 1.0 1.0 1.0 1.0 1.0 1.0 1.0 0.0
I1103 00:53:08.944094 47777710728256 create_pretraining_data.py:161] masked_lm_weights: 1.0 1.0 1.0 1.0 1.0 1.0 1.0 1.0 1.0 1.0 1.0 1.0 1.0 1.0 1.0 1.0 1.0 1.0 1.0 0.0
INFO:tensorflow:next_sentence_labels: 1
I1103 00:53:08.944211 47777710728256 create_pretraining_data.py:161] next_sentence_labels: 1
INFO:tensorflow:*** Example ***
I1103 00:53:08.944902 47777710728256 create_pretraining_data.py:149] *** Example ***
INFO:tensorflow:tokens: [CLS] [MASK] دف ##ته بق ##وتها ##اا ومن قوة دف ##تها ##اا طا ##اح على الار ##رض [MASK] : صدق انك وق ##ح [SEP] لين : ط ##ز فيك وفي الي خلف ##وك لين [MASK] تم ##شش ##ي بل الممر ##ر وتب ##كي وج ##سس ##مها ##ا يرتجف سند ##ت ظهره ##ااا على الجد ##ااا ##ر [MASK] [MASK] [MASK] نفس ##سها ##اا وبص ##وت مخ ##نو ##ق من البكاء : يمه [MASK] خذ ##يني [MASK] [MASK] تترك ##يني لذي الدنيا ##اا الله يخليك يمه اه ##ى اه ##ى اه ##ى بس ##سا ##اام كان ، [MASK] جر ##رر ##ي شا ##اف لين بل الممر ##رر را ##ااح لها ##ا [MASK] [MASK] يهدي [MASK] [MASK] [MASK] قلبه ش ##شش ##وي [MASK] [MASK] فيه عصب ##يه : [MASK] ويش [SEP]
I1103 00:53:08.945096 47777710728256 create_pretraining_data.py:151] tokens: [CLS] [MASK] دف ##ته بق ##وتها ##اا ومن قوة دف ##تها ##اا طا ##اح على الار ##رض [MASK] : صدق انك وق ##ح [SEP] لين : ط ##ز فيك وفي الي خلف ##وك لين [MASK] تم ##شش ##ي بل الممر ##ر وتب ##كي وج ##سس ##مها ##ا يرتجف سند ##ت ظهره ##ااا على الجد ##ااا ##ر [MASK] [MASK] [MASK] نفس ##سها ##اا وبص ##وت مخ ##نو ##ق من البكاء : يمه [MASK] خذ ##يني [MASK] [MASK] تترك ##يني لذي الدنيا ##اا الله يخليك يمه اه ##ى اه ##ى اه ##ى بس ##سا ##اام كان ، [MASK] جر ##رر ##ي شا ##اف لين بل الممر ##رر را ##ااح لها ##ا [MASK] [MASK] يهدي [MASK] [MASK] [MASK] قلبه ش ##شش ##وي [MASK] [MASK] فيه عصب ##يه : [MASK] ويش [SEP]
INFO:tensorflow:input_ids: 2 4 6154 2076 2498 11205 2877 2298 6080 6154 2377 2877 6031 2187 1961 11340 2080 4 30 5678 2963 2135 1032 3 5133 30 403 1008 4017 2427 2002 3479 2356 5133 4 2172 16614 1013 2683 23097 1017 7257 2199 2200 5310 20088 1007 29864 10409 1005 22911 12541 1961 6399 12541 1017 4 4 4 2339 11231 2877 19773 2054 2523 11993 1011 1908 15764 30 15997 4 5390 2262 4 4 9783 2262 15808 2859 2877 1953 14238 15997 2978 1102 2978 1102 2978 1102 2357 2064 27480 2055 378 4 7582 4103 1013 4660 1982 5133 2683 23097 4103 3353 23139 2553 1007 4 4 14193 4 4 4 6394 400 16614 1971 4 4 2366 25699 1988 30 4 5816 3
I1103 00:53:08.945286 47777710728256 create_pretraining_data.py:161] input_ids: 2 4 6154 2076 2498 11205 2877 2298 6080 6154 2377 2877 6031 2187 1961 11340 2080 4 30 5678 2963 2135 1032 3 5133 30 403 1008 4017 2427 2002 3479 2356 5133 4 2172 16614 1013 2683 23097 1017 7257 2199 2200 5310 20088 1007 29864 10409 1005 22911 12541 1961 6399 12541 1017 4 4 4 2339 11231 2877 19773 2054 2523 11993 1011 1908 15764 30 15997 4 5390 2262 4 4 9783 2262 15808 2859 2877 1953 14238 15997 2978 1102 2978 1102 2978 1102 2357 2064 27480 2055 378 4 7582 4103 1013 4660 1982 5133 2683 23097 4103 3353 23139 2553 1007 4 4 14193 4 4 4 6394 400 16614 1971 4 4 2366 25699 1988 30 4 5816 3
INFO:tensorflow:input_mask: 1 1 1 1 1 1 1 1 1 1 1 1 1 1 1 1 1 1 1 1 1 1 1 1 1 1 1 1 1 1 1 1 1 1 1 1 1 1 1 1 1 1 1 1 1 1 1 1 1 1 1 1 1 1 1 1 1 1 1 1 1 1 1 1 1 1 1 1 1 1 1 1 1 1 1 1 1 1 1 1 1 1 1 1 1 1 1 1 1 1 1 1 1 1 1 1 1 1 1 1 1 1 1 1 1 1 1 1 1 1 1 1 1 1 1 1 1 1 1 1 1 1 1 1 1 1 1 1
I1103 00:53:08.945458 47777710728256 create_pretraining_data.py:161] input_mask: 1 1 1 1 1 1 1 1 1 1 1 1 1 1 1 1 1 1 1 1 1 1 1 1 1 1 1 1 1 1 1 1 1 1 1 1 1 1 1 1 1 1 1 1 1 1 1 1 1 1 1 1 1 1 1 1 1 1 1 1 1 1 1 1 1 1 1 1 1 1 1 1 1 1 1 1 1 1 1 1 1 1 1 1 1 1 1 1 1 1 1 1 1 1 1 1 1 1 1 1 1 1 1 1 1 1 1 1 1 1 1 1 1 1 1 1 1 1 1 1 1 1 1 1 1 1 1 1
INFO:tensorflow:segment_ids: 0 0 0 0 0 0 0 0 0 0 0 0 0 0 0 0 0 0 0 0 0 0 0 0 1 1 1 1 1 1 1 1 1 1 1 1 1 1 1 1 1 1 1 1 1 1 1 1 1 1 1 1 1 1 1 1 1 1 1 1 1 1 1 1 1 1 1 1 1 1 1 1 1 1 1 1 1 1 1 1 1 1 1 1 1 1 1 1 1 1 1 1 1 1 1 1 1 1 1 1 1 1 1 1 1 1 1 1 1 1 1 1 1 1 1 1 1 1 1 1 1 1 1 1 1 1 1 1
I1103 00:53:08.945623 47777710728256 create_pretraining_data.py:161] segment_ids: 0 0 0 0 0 0 0 0 0 0 0 0 0 0 0 0 0 0 0 0 0 0 0 0 1 1 1 1 1 1 1 1 1 1 1 1 1 1 1 1 1 1 1 1 1 1 1 1 1 1 1 1 1 1 1 1 1 1 1 1 1 1 1 1 1 1 1 1 1 1 1 1 1 1 1 1 1 1 1 1 1 1 1 1 1 1 1 1 1 1 1 1 1 1 1 1 1 1 1 1 1 1 1 1 1 1 1 1 1 1 1 1 1 1 1 1 1 1 1 1 1 1 1 1 1 1 1 1
INFO:tensorflow:masked_lm_positions: 1 17 34 56 57 58 71 74 75 94 95 109 110 112 113 114 119 120 125 0
I1103 00:53:08.945770 47777710728256 create_pretraining_data.py:161] masked_lm_positions: 1 17 34 56 57 58 71 74 75 94 95 109 110 112 113 114 119 120 125 0
INFO:tensorflow:masked_lm_ids: 5133 5133 2431 3632 3204 1005 15997 4549 1963 6075 2272 19603 1028 7680 2877 1005 19773 2054 5136 0
I1103 00:53:08.945900 47777710728256 create_pretraining_data.py:161] masked_lm_ids: 5133 5133 2431 3632 3204 1005 15997 4549 1963 6075 2272 19603 1028 7680 2877 1005 19773 2054 5136 0
INFO:tensorflow:masked_lm_weights: 1.0 1.0 1.0 1.0 1.0 1.0 1.0 1.0 1.0 1.0 1.0 1.0 1.0 1.0 1.0 1.0 1.0 1.0 1.0 0.0
I1103 00:53:08.946028 47777710728256 create_pretraining_data.py:161] masked_lm_weights: 1.0 1.0 1.0 1.0 1.0 1.0 1.0 1.0 1.0 1.0 1.0 1.0 1.0 1.0 1.0 1.0 1.0 1.0 1.0 0.0
INFO:tensorflow:next_sentence_labels: 0
I1103 00:53:08.946144 47777710728256 create_pretraining_data.py:161] next_sentence_labels: 0
INFO:tensorflow:*** Example ***
I1103 00:53:08.946805 47777710728256 create_pretraining_data.py:149] *** Example ***
INFO:tensorflow:tokens: [CLS] ##آآآآ ##آآآآ ##آ ##ه . . . ص ##ج ص ##ج [MASK] [MASK] . . [MASK] هي ##يييي ##يي ##يه انت [MASK] . [MASK] ترى أنا اللي عط ##يتك ويه . [MASK] . أقر [MASK] ##ني . . كل يوم اطلع ##ي من حياتي اطلع ##ي من حياتي . . [MASK] زين حياتك اللي شايف روحك فيها [MASK] . . المت ##خلف اللي يفكر يشارك ##ك بحياتك . . [MASK] [MASK] على شنو شايف روحك . . ! ! ₪ [MASK] . . . ولا حتى [MASK] . . [MASK] ولا عال ##أ ##قل درا ##هم . . . تشت ##غل بور ##شه مدري محطه [MASK] [MASK] تكسب رزقك . [SEP] أصلا هال ##عا ##ئله يال ##بى قلبها بك ##بره ##م متوا ##ضع ##ين . . [SEP]
I1103 00:53:08.947006 47777710728256 create_pretraining_data.py:151] tokens: [CLS] ##آآآآ ##آآآآ ##آ ##ه . . . ص ##ج ص ##ج [MASK] [MASK] . . [MASK] هي ##يييي ##يي ##يه انت [MASK] . [MASK] ترى أنا اللي عط ##يتك ويه . [MASK] . أقر [MASK] ##ني . . كل يوم اطلع ##ي من حياتي اطلع ##ي من حياتي . . [MASK] زين حياتك اللي شايف روحك فيها [MASK] . . المت ##خلف اللي يفكر يشارك ##ك بحياتك . . [MASK] [MASK] على شنو شايف روحك . . ! ! ₪ [MASK] . . . ولا حتى [MASK] . . [MASK] ولا عال ##أ ##قل درا ##هم . . . تشت ##غل بور ##شه مدري محطه [MASK] [MASK] تكسب رزقك . [SEP] أصلا هال ##عا ##ئله يال ##بى قلبها بك ##بره ##م متوا ##ضع ##ين . . [SEP]
INFO:tensorflow:input_ids: 2 28458 28458 1054 1028 18 18 18 401 1041 401 1041 4 4 18 18 4 2247 12895 5222 1988 2164 4 18 4 8416 3897 2115 4384 4961 10058 18 4 18 15232 4 1974 18 18 2038 2232 11014 1013 1908 5097 11014 1013 1908 5097 18 18 4 5540 4540 2115 15126 12291 2443 4 18 18 2087 14068 2115 10671 8646 1014 20711 18 18 4 4 1961 12451 15126 12291 18 18 5 5 636 4 18 18 18 2086 2494 4 18 18 4 2086 6862 1046 2246 4028 1949 18 18 18 6567 3848 4362 3990 8904 25435 4 4 19561 23758 18 3 16124 4218 2185 10953 4965 8517 12800 2395 4231 1015 12139 2473 1911 18 18 3
I1103 00:53:08.947199 47777710728256 create_pretraining_data.py:161] input_ids: 2 28458 28458 1054 1028 18 18 18 401 1041 401 1041 4 4 18 18 4 2247 12895 5222 1988 2164 4 18 4 8416 3897 2115 4384 4961 10058 18 4 18 15232 4 1974 18 18 2038 2232 11014 1013 1908 5097 11014 1013 1908 5097 18 18 4 5540 4540 2115 15126 12291 2443 4 18 18 2087 14068 2115 10671 8646 1014 20711 18 18 4 4 1961 12451 15126 12291 18 18 5 5 636 4 18 18 18 2086 2494 4 18 18 4 2086 6862 1046 2246 4028 1949 18 18 18 6567 3848 4362 3990 8904 25435 4 4 19561 23758 18 3 16124 4218 2185 10953 4965 8517 12800 2395 4231 1015 12139 2473 1911 18 18 3
INFO:tensorflow:input_mask: 1 1 1 1 1 1 1 1 1 1 1 1 1 1 1 1 1 1 1 1 1 1 1 1 1 1 1 1 1 1 1 1 1 1 1 1 1 1 1 1 1 1 1 1 1 1 1 1 1 1 1 1 1 1 1 1 1 1 1 1 1 1 1 1 1 1 1 1 1 1 1 1 1 1 1 1 1 1 1 1 1 1 1 1 1 1 1 1 1 1 1 1 1 1 1 1 1 1 1 1 1 1 1 1 1 1 1 1 1 1 1 1 1 1 1 1 1 1 1 1 1 1 1 1 1 1 1 1
I1103 00:53:08.947385 47777710728256 create_pretraining_data.py:161] input_mask: 1 1 1 1 1 1 1 1 1 1 1 1 1 1 1 1 1 1 1 1 1 1 1 1 1 1 1 1 1 1 1 1 1 1 1 1 1 1 1 1 1 1 1 1 1 1 1 1 1 1 1 1 1 1 1 1 1 1 1 1 1 1 1 1 1 1 1 1 1 1 1 1 1 1 1 1 1 1 1 1 1 1 1 1 1 1 1 1 1 1 1 1 1 1 1 1 1 1 1 1 1 1 1 1 1 1 1 1 1 1 1 1 1 1 1 1 1 1 1 1 1 1 1 1 1 1 1 1
INFO:tensorflow:segment_ids: 0 0 0 0 0 0 0 0 0 0 0 0 0 0 0 0 0 0 0 0 0 0 0 0 0 0 0 0 0 0 0 0 0 0 0 0 0 0 0 0 0 0 0 0 0 0 0 0 0 0 0 0 0 0 0 0 0 0 0 0 0 0 0 0 0 0 0 0 0 0 0 0 0 0 0 0 0 0 0 0 0 0 0 0 0 0 0 0 0 0 0 0 0 0 0 0 0 0 0 0 0 0 0 0 0 0 0 0 0 0 0 0 1 1 1 1 1 1 1 1 1 1 1 1 1 1 1 1
I1103 00:53:08.947554 47777710728256 create_pretraining_data.py:161] segment_ids: 0 0 0 0 0 0 0 0 0 0 0 0 0 0 0 0 0 0 0 0 0 0 0 0 0 0 0 0 0 0 0 0 0 0 0 0 0 0 0 0 0 0 0 0 0 0 0 0 0 0 0 0 0 0 0 0 0 0 0 0 0 0 0 0 0 0 0 0 0 0 0 0 0 0 0 0 0 0 0 0 0 0 0 0 0 0 0 0 0 0 0 0 0 0 0 0 0 0 0 0 0 0 0 0 0 0 0 0 0 0 0 0 1 1 1 1 1 1 1 1 1 1 1 1 1 1 1 1
INFO:tensorflow:masked_lm_positions: 12 13 16 22 24 32 34 35 36 51 58 70 71 80 81 87 90 106 107 0
I1103 00:53:08.947686 47777710728256 create_pretraining_data.py:161] masked_lm_positions: 12 13 16 22 24 32 34 35 36 51 58 70 71 80 81 87 90 106 107 0
INFO:tensorflow:masked_lm_ids: 9711 5244 18 18 18 18 15232 2209 1974 1908 18 18 2164 1963 20506 6610 18 4624 3061 0
I1103 00:53:08.947810 47777710728256 create_pretraining_data.py:161] masked_lm_ids: 9711 5244 18 18 18 18 15232 2209 1974 1908 18 18 2164 1963 20506 6610 18 4624 3061 0
INFO:tensorflow:masked_lm_weights: 1.0 1.0 1.0 1.0 1.0 1.0 1.0 1.0 1.0 1.0 1.0 1.0 1.0 1.0 1.0 1.0 1.0 1.0 1.0 0.0
I1103 00:53:08.947942 47777710728256 create_pretraining_data.py:161] masked_lm_weights: 1.0 1.0 1.0 1.0 1.0 1.0 1.0 1.0 1.0 1.0 1.0 1.0 1.0 1.0 1.0 1.0 1.0 1.0 1.0 0.0
INFO:tensorflow:next_sentence_labels: 1
I1103 00:53:08.948060 47777710728256 create_pretraining_data.py:161] next_sentence_labels: 1
INFO:tensorflow:*** Example ***
I1103 00:53:08.948718 47777710728256 create_pretraining_data.py:149] *** Example ***
INFO:tensorflow:tokens: [CLS] غا ##ده : ##خلنا [MASK] [MASK] [MASK] شت ##بي ? ? سلطان بهم ##س : بمش ##كل ##ه الحاجه غا ##ده : شق ##لت ? [MASK] : [MASK] سلام ##تك بس بس ##ألك ? غا ##ده : [MASK] شت ##بي اخ ##لص [MASK] [MASK] [SEP] ? سلطان : كنت ابي اس ##ألك عن [MASK] غا ##ده بخ ##بث : آ ##ه ##آآآآ ##آآآآ ##آ ك ##آن [MASK] بدون لف واليابان دورا ##ن سلطان [MASK] يو ##ووه بتج ##اوب ##ين ولا شلون غا ##ده [MASK] انت عط ##يت ##ني السؤال اصلا ? ? سلطان : يعني اخلاق ##ها ام ##مم حلوه ? [MASK] محب ##وو ##به ? ? [MASK] احد كذا غا [MASK] بم ##زح : شي ##يييييييي ##يي ##ينه تلو ##ع بينها والكل يكره ##ا مغر [SEP]
I1103 00:53:08.948916 47777710728256 create_pretraining_data.py:151] tokens: [CLS] غا ##ده : ##خلنا [MASK] [MASK] [MASK] شت ##بي ? ? سلطان بهم ##س : بمش ##كل ##ه الحاجه غا ##ده : شق ##لت ? [MASK] : [MASK] سلام ##تك بس بس ##ألك ? غا ##ده : [MASK] شت ##بي اخ ##لص [MASK] [MASK] [SEP] ? سلطان : كنت ابي اس ##ألك عن [MASK] غا ##ده بخ ##بث : آ ##ه ##آآآآ ##آآآآ ##آ ك ##آن [MASK] بدون لف واليابان دورا ##ن سلطان [MASK] يو ##ووه بتج ##اوب ##ين ولا شلون غا ##ده [MASK] انت عط ##يت ##ني السؤال اصلا ? ? سلطان : يعني اخلاق ##ها ام ##مم حلوه ? [MASK] محب ##وو ##به ? ? [MASK] احد كذا غا [MASK] بم ##زح : شي ##يييييييي ##يي ##ينه تلو ##ع بينها والكل يكره ##ا مغر [SEP]
INFO:tensorflow:input_ids: 2 7210 2124 30 28110 4 4 4 6841 1947 35 35 5618 4769 1033 30 9382 2098 1028 11749 7210 2124 30 11773 1919 35 4 30 4 4280 2348 2357 2357 20128 35 7210 2124 30 4 6841 1947 2269 1987 4 4 3 35 5618 30 2678 3855 2171 20128 1955 4 7210 2124 3125 13143 30 382 1028 28458 28458 1054 410 3526 4 3279 4488 29460 11457 1006 5618 4 2724 27226 13807 19426 1911 2086 13079 7210 2124 4 2164 4384 2034 1974 6518 8325 35 35 5618 30 3236 8343 1913 2112 4621 6366 35 4 5545 3065 2204 35 35 4 2439 5078 7210 4 2225 12966 30 2228 28555 5222 2960 13483 1009 7370 20958 11453 1007 24005 3
I1103 00:53:08.949123 47777710728256 create_pretraining_data.py:161] input_ids: 2 7210 2124 30 28110 4 4 4 6841 1947 35 35 5618 4769 1033 30 9382 2098 1028 11749 7210 2124 30 11773 1919 35 4 30 4 4280 2348 2357 2357 20128 35 7210 2124 30 4 6841 1947 2269 1987 4 4 3 35 5618 30 2678 3855 2171 20128 1955 4 7210 2124 3125 13143 30 382 1028 28458 28458 1054 410 3526 4 3279 4488 29460 11457 1006 5618 4 2724 27226 13807 19426 1911 2086 13079 7210 2124 4 2164 4384 2034 1974 6518 8325 35 35 5618 30 3236 8343 1913 2112 4621 6366 35 4 5545 3065 2204 35 35 4 2439 5078 7210 4 2225 12966 30 2228 28555 5222 2960 13483 1009 7370 20958 11453 1007 24005 3
INFO:tensorflow:input_mask: 1 1 1 1 1 1 1 1 1 1 1 1 1 1 1 1 1 1 1 1 1 1 1 1 1 1 1 1 1 1 1 1 1 1 1 1 1 1 1 1 1 1 1 1 1 1 1 1 1 1 1 1 1 1 1 1 1 1 1 1 1 1 1 1 1 1 1 1 1 1 1 1 1 1 1 1 1 1 1 1 1 1 1 1 1 1 1 1 1 1 1 1 1 1 1 1 1 1 1 1 1 1 1 1 1 1 1 1 1 1 1 1 1 1 1 1 1 1 1 1 1 1 1 1 1 1 1 1
I1103 00:53:08.949298 47777710728256 create_pretraining_data.py:161] input_mask: 1 1 1 1 1 1 1 1 1 1 1 1 1 1 1 1 1 1 1 1 1 1 1 1 1 1 1 1 1 1 1 1 1 1 1 1 1 1 1 1 1 1 1 1 1 1 1 1 1 1 1 1 1 1 1 1 1 1 1 1 1 1 1 1 1 1 1 1 1 1 1 1 1 1 1 1 1 1 1 1 1 1 1 1 1 1 1 1 1 1 1 1 1 1 1 1 1 1 1 1 1 1 1 1 1 1 1 1 1 1 1 1 1 1 1 1 1 1 1 1 1 1 1 1 1 1 1 1
INFO:tensorflow:segment_ids: 0 0 0 0 0 0 0 0 0 0 0 0 0 0 0 0 0 0 0 0 0 0 0 0 0 0 0 0 0 0 0 0 0 0 0 0 0 0 0 0 0 0 0 0 0 0 1 1 1 1 1 1 1 1 1 1 1 1 1 1 1 1 1 1 1 1 1 1 1 1 1 1 1 1 1 1 1 1 1 1 1 1 1 1 1 1 1 1 1 1 1 1 1 1 1 1 1 1 1 1 1 1 1 1 1 1 1 1 1 1 1 1 1 1 1 1 1 1 1 1 1 1 1 1 1 1 1 1
I1103 00:53:08.949464 47777710728256 create_pretraining_data.py:161] segment_ids: 0 0 0 0 0 0 0 0 0 0 0 0 0 0 0 0 0 0 0 0 0 0 0 0 0 0 0 0 0 0 0 0 0 0 0 0 0 0 0 0 0 0 0 0 0 0 1 1 1 1 1 1 1 1 1 1 1 1 1 1 1 1 1 1 1 1 1 1 1 1 1 1 1 1 1 1 1 1 1 1 1 1 1 1 1 1 1 1 1 1 1 1 1 1 1 1 1 1 1 1 1 1 1 1 1 1 1 1 1 1 1 1 1 1 1 1 1 1 1 1 1 1 1 1 1 1 1 1
INFO:tensorflow:masked_lm_positions: 4 5 6 7 26 28 38 43 44 54 67 70 74 84 102 108 111 112 122 0
I1103 00:53:08.949594 47777710728256 create_pretraining_data.py:161] masked_lm_positions: 4 5 6 7 26 28 38 43 44 54 67 70 74 84 102 108 111 112 122 0
INFO:tensorflow:masked_lm_ids: 29430 1907 28555 2027 5618 7003 2631 35 35 6713 4002 2086 30 30 35 3965 7210 2124 15983 0
I1103 00:53:08.949718 47777710728256 create_pretraining_data.py:161] masked_lm_ids: 29430 1907 28555 2027 5618 7003 2631 35 35 6713 4002 2086 30 30 35 3965 7210 2124 15983 0
INFO:tensorflow:masked_lm_weights: 1.0 1.0 1.0 1.0 1.0 1.0 1.0 1.0 1.0 1.0 1.0 1.0 1.0 1.0 1.0 1.0 1.0 1.0 1.0 0.0
I1103 00:53:08.949843 47777710728256 create_pretraining_data.py:161] masked_lm_weights: 1.0 1.0 1.0 1.0 1.0 1.0 1.0 1.0 1.0 1.0 1.0 1.0 1.0 1.0 1.0 1.0 1.0 1.0 1.0 0.0
INFO:tensorflow:next_sentence_labels: 0
I1103 00:53:08.949967 47777710728256 create_pretraining_data.py:161] next_sentence_labels: 0
INFO:tensorflow:*** Example ***
I1103 00:53:08.950631 47777710728256 create_pretraining_data.py:149] *** Example ***
INFO:tensorflow:tokens: [CLS] الباب و أنا اله ##ث [MASK] الباب ثوب ##ه حالته [MASK] و شعره مع ##فو ##س . . قرب لعن ##د الكم ##دينه فتحه احد الإد ##راج و رم ##ى البسط [MASK] فيه . . مش ##ى لعن ##د النافذة حاول يفتح ##ها لكن من شدة الاخره [MASK] أع ##صاب ##ه ما انف ##تحت إلا بعد عدة محاولات . . فتحه ##ا . . و الهوا البارد [MASK] الغرفة [MASK] الست ##ائر قمت تط [SEP] وز ##ين مافي ##بال ##دني ##ا مثيل ##ه والمع ##اني [MASK] [MASK] حد بديل ##ه نادر ##ا في طبع ##ه [MASK] [MASK] بج ##يله وتف ##ت ##خر ##بيه [MASK] من يسكن بار ##ضه ##ا [MASK] [MASK] مهنة [MASK] اغنيه اقبل ##ي ماجد المهندس : اقبل ##ي خطوة ##بخ ##طو ##ة [MASK] [SEP]
I1103 00:53:08.950822 47777710728256 create_pretraining_data.py:151] tokens: [CLS] الباب و أنا اله ##ث [MASK] الباب ثوب ##ه حالته [MASK] و شعره مع ##فو ##س . . قرب لعن ##د الكم ##دينه فتحه احد الإد ##راج و رم ##ى البسط [MASK] فيه . . مش ##ى لعن ##د النافذة حاول يفتح ##ها لكن من شدة الاخره [MASK] أع ##صاب ##ه ما انف ##تحت إلا بعد عدة محاولات . . فتحه ##ا . . و الهوا البارد [MASK] الغرفة [MASK] الست ##ائر قمت تط [SEP] وز ##ين مافي ##بال ##دني ##ا مثيل ##ه والمع ##اني [MASK] [MASK] حد بديل ##ه نادر ##ا في طبع ##ه [MASK] [MASK] بج ##يله وتف ##ت ##خر ##بيه [MASK] من يسكن بار ##ضه ##ا [MASK] [MASK] مهنة [MASK] اغنيه اقبل ##ي ماجد المهندس : اقبل ##ي خطوة ##بخ ##طو ##ة [MASK] [SEP]
INFO:tensorflow:input_ids: 2 4687 415 3897 2090 1039 4 4687 15315 1028 22154 4 415 19744 1973 3301 1033 18 18 4795 25405 1016 3724 5740 23408 2439 4654 2578 415 3139 1102 28668 4 2366 18 18 2096 1102 25405 1016 27207 6346 9413 1913 2425 1908 20451 7889 4 2699 5780 1028 1972 3494 28252 2725 2089 4412 11539 18 18 23408 1007 18 18 415 22333 17499 4 9821 4 5451 2650 10457 2432 3 2300 1911 6058 9646 24488 1007 22124 1028 4045 2022 4 4 2470 13412 1028 13928 1007 1912 10292 1028 4 4 2821 18064 6681 1005 2042 2872 4 1908 13084 3434 5003 1007 4 4 22100 4 9949 17874 1013 9266 7307 30 17874 1013 9026 4347 17166 1043 4 3
I1103 00:53:08.951037 47777710728256 create_pretraining_data.py:161] input_ids: 2 4687 415 3897 2090 1039 4 4687 15315 1028 22154 4 415 19744 1973 3301 1033 18 18 4795 25405 1016 3724 5740 23408 2439 4654 2578 415 3139 1102 28668 4 2366 18 18 2096 1102 25405 1016 27207 6346 9413 1913 2425 1908 20451 7889 4 2699 5780 1028 1972 3494 28252 2725 2089 4412 11539 18 18 23408 1007 18 18 415 22333 17499 4 9821 4 5451 2650 10457 2432 3 2300 1911 6058 9646 24488 1007 22124 1028 4045 2022 4 4 2470 13412 1028 13928 1007 1912 10292 1028 4 4 2821 18064 6681 1005 2042 2872 4 1908 13084 3434 5003 1007 4 4 22100 4 9949 17874 1013 9266 7307 30 17874 1013 9026 4347 17166 1043 4 3
INFO:tensorflow:input_mask: 1 1 1 1 1 1 1 1 1 1 1 1 1 1 1 1 1 1 1 1 1 1 1 1 1 1 1 1 1 1 1 1 1 1 1 1 1 1 1 1 1 1 1 1 1 1 1 1 1 1 1 1 1 1 1 1 1 1 1 1 1 1 1 1 1 1 1 1 1 1 1 1 1 1 1 1 1 1 1 1 1 1 1 1 1 1 1 1 1 1 1 1 1 1 1 1 1 1 1 1 1 1 1 1 1 1 1 1 1 1 1 1 1 1 1 1 1 1 1 1 1 1 1 1 1 1 1 1
I1103 00:53:08.951208 47777710728256 create_pretraining_data.py:161] input_mask: 1 1 1 1 1 1 1 1 1 1 1 1 1 1 1 1 1 1 1 1 1 1 1 1 1 1 1 1 1 1 1 1 1 1 1 1 1 1 1 1 1 1 1 1 1 1 1 1 1 1 1 1 1 1 1 1 1 1 1 1 1 1 1 1 1 1 1 1 1 1 1 1 1 1 1 1 1 1 1 1 1 1 1 1 1 1 1 1 1 1 1 1 1 1 1 1 1 1 1 1 1 1 1 1 1 1 1 1 1 1 1 1 1 1 1 1 1 1 1 1 1 1 1 1 1 1 1 1
INFO:tensorflow:segment_ids: 0 0 0 0 0 0 0 0 0 0 0 0 0 0 0 0 0 0 0 0 0 0 0 0 0 0 0 0 0 0 0 0 0 0 0 0 0 0 0 0 0 0 0 0 0 0 0 0 0 0 0 0 0 0 0 0 0 0 0 0 0 0 0 0 0 0 0 0 0 0 0 0 0 0 0 0 1 1 1 1 1 1 1 1 1 1 1 1 1 1 1 1 1 1 1 1 1 1 1 1 1 1 1 1 1 1 1 1 1 1 1 1 1 1 1 1 1 1 1 1 1 1 1 1 1 1 1 1
I1103 00:53:08.951372 47777710728256 create_pretraining_data.py:161] segment_ids: 0 0 0 0 0 0 0 0 0 0 0 0 0 0 0 0 0 0 0 0 0 0 0 0 0 0 0 0 0 0 0 0 0 0 0 0 0 0 0 0 0 0 0 0 0 0 0 0 0 0 0 0 0 0 0 0 0 0 0 0 0 0 0 0 0 0 0 0 0 0 0 0 0 0 0 0 1 1 1 1 1 1 1 1 1 1 1 1 1 1 1 1 1 1 1 1 1 1 1 1 1 1 1 1 1 1 1 1 1 1 1 1 1 1 1 1 1 1 1 1 1 1 1 1 1 1 1 1
INFO:tensorflow:masked_lm_positions: 6 11 31 32 47 48 57 68 70 86 87 96 97 104 110 111 112 113 126 0
I1103 00:53:08.951513 47777710728256 create_pretraining_data.py:161] masked_lm_positions: 6 11 31 32 47 48 57 68 70 86 87 96 97 104 110 111 112 113 126 0
INFO:tensorflow:masked_lm_ids: 4131 7025 5285 2187 12706 1017 4412 4896 415 10396 2039 4916 2614 14748 3856 18977 1102 1961 11902 0
I1103 00:53:08.951639 47777710728256 create_pretraining_data.py:161] masked_lm_ids: 4131 7025 5285 2187 12706 1017 4412 4896 415 10396 2039 4916 2614 14748 3856 18977 1102 1961 11902 0
INFO:tensorflow:masked_lm_weights: 1.0 1.0 1.0 1.0 1.0 1.0 1.0 1.0 1.0 1.0 1.0 1.0 1.0 1.0 1.0 1.0 1.0 1.0 1.0 0.0
I1103 00:53:08.951763 47777710728256 create_pretraining_data.py:161] masked_lm_weights: 1.0 1.0 1.0 1.0 1.0 1.0 1.0 1.0 1.0 1.0 1.0 1.0 1.0 1.0 1.0 1.0 1.0 1.0 1.0 0.0
INFO:tensorflow:next_sentence_labels: 1
I1103 00:53:08.951879 47777710728256 create_pretraining_data.py:161] next_sentence_labels: 1
INFO:tensorflow:*** Example ***
I1103 00:53:08.952535 47777710728256 create_pretraining_data.py:149] *** Example ***
INFO:tensorflow:tokens: [CLS] تدر ##اك ##ت الوضع فرك ##نت لله ##جوم \ من يتحمل اساسا تقلب مزاج عنا ##د . . هو كذا ماي ##حب احد ول ##آ ##ي ##واط ##ن احد بعي ##شت الله . . . [MASK] اول [MASK] [MASK] ##دوية [MASK] عنا ##د يت ##ضايق منها . . ويت ##حس ##س . كلاسيك [MASK] آن ##ت تعرف [MASK] زين . . وما ##يح ##تا ##ج احد يقولك عنه . . هو آن ##سان كل [MASK] او حركه يفسر ##ها على [MASK] [MASK] . [MASK] [MASK] [MASK] ذنبي [SEP] [MASK] ويد ##ها على قلبها . . . هي راحت للإ ##دار ##ه اما المعلم راح يدور فيصل . . . لحد ماق ##الو له انه عند باب [MASK] بر ##ى جم ##ب الدرج . . [MASK] . [SEP]
I1103 00:53:08.952725 47777710728256 create_pretraining_data.py:151] tokens: [CLS] تدر ##اك ##ت الوضع فرك ##نت لله ##جوم \ من يتحمل اساسا تقلب مزاج عنا ##د . . هو كذا ماي ##حب احد ول ##آ ##ي ##واط ##ن احد بعي ##شت الله . . . [MASK] اول [MASK] [MASK] ##دوية [MASK] عنا ##د يت ##ضايق منها . . ويت ##حس ##س . كلاسيك [MASK] آن ##ت تعرف [MASK] زين . . وما ##يح ##تا ##ج احد يقولك عنه . . هو آن ##سان كل [MASK] او حركه يفسر ##ها على [MASK] [MASK] . [MASK] [MASK] [MASK] ذنبي [SEP] [MASK] ويد ##ها على قلبها . . . هي راحت للإ ##دار ##ه اما المعلم راح يدور فيصل . . . لحد ماق ##الو له انه عند باب [MASK] بر ##ى جم ##ب الدرج . . [MASK] . [SEP]
INFO:tensorflow:input_ids: 2 16581 2544 1005 5001 26094 1992 2784 4577 64 1908 12440 23093 18241 11073 3717 1016 18 18 2139 5078 3165 2074 2439 3945 1054 1013 18781 1006 2439 12952 2781 1953 18 18 18 4 3085 4 4 23032 4 3717 1016 2097 18600 2813 18 18 3398 18759 1033 18 29215 4 9238 1005 3775 4 5540 18 18 2564 4803 4258 1041 2439 18693 2891 18 18 2139 9238 4838 2038 4 2213 14347 23099 1913 1961 4 4 18 4 4 4 21281 3 4 6340 1913 1961 12800 18 18 18 2247 12841 3822 7970 1028 3910 8648 3490 11480 5689 18 18 18 7316 22211 18058 2154 2615 2192 3153 4 2207 1102 4923 1045 7510 18 18 4 18 3
I1103 00:53:08.952926 47777710728256 create_pretraining_data.py:161] input_ids: 2 16581 2544 1005 5001 26094 1992 2784 4577 64 1908 12440 23093 18241 11073 3717 1016 18 18 2139 5078 3165 2074 2439 3945 1054 1013 18781 1006 2439 12952 2781 1953 18 18 18 4 3085 4 4 23032 4 3717 1016 2097 18600 2813 18 18 3398 18759 1033 18 29215 4 9238 1005 3775 4 5540 18 18 2564 4803 4258 1041 2439 18693 2891 18 18 2139 9238 4838 2038 4 2213 14347 23099 1913 1961 4 4 18 4 4 4 21281 3 4 6340 1913 1961 12800 18 18 18 2247 12841 3822 7970 1028 3910 8648 3490 11480 5689 18 18 18 7316 22211 18058 2154 2615 2192 3153 4 2207 1102 4923 1045 7510 18 18 4 18 3
INFO:tensorflow:input_mask: 1 1 1 1 1 1 1 1 1 1 1 1 1 1 1 1 1 1 1 1 1 1 1 1 1 1 1 1 1 1 1 1 1 1 1 1 1 1 1 1 1 1 1 1 1 1 1 1 1 1 1 1 1 1 1 1 1 1 1 1 1 1 1 1 1 1 1 1 1 1 1 1 1 1 1 1 1 1 1 1 1 1 1 1 1 1 1 1 1 1 1 1 1 1 1 1 1 1 1 1 1 1 1 1 1 1 1 1 1 1 1 1 1 1 1 1 1 1 1 1 1 1 1 1 1 1 1 1
I1103 00:53:08.953102 47777710728256 create_pretraining_data.py:161] input_mask: 1 1 1 1 1 1 1 1 1 1 1 1 1 1 1 1 1 1 1 1 1 1 1 1 1 1 1 1 1 1 1 1 1 1 1 1 1 1 1 1 1 1 1 1 1 1 1 1 1 1 1 1 1 1 1 1 1 1 1 1 1 1 1 1 1 1 1 1 1 1 1 1 1 1 1 1 1 1 1 1 1 1 1 1 1 1 1 1 1 1 1 1 1 1 1 1 1 1 1 1 1 1 1 1 1 1 1 1 1 1 1 1 1 1 1 1 1 1 1 1 1 1 1 1 1 1 1 1
INFO:tensorflow:segment_ids: 0 0 0 0 0 0 0 0 0 0 0 0 0 0 0 0 0 0 0 0 0 0 0 0 0 0 0 0 0 0 0 0 0 0 0 0 0 0 0 0 0 0 0 0 0 0 0 0 0 0 0 0 0 0 0 0 0 0 0 0 0 0 0 0 0 0 0 0 0 0 0 0 0 0 0 0 0 0 0 0 0 0 0 0 0 0 0 0 0 1 1 1 1 1 1 1 1 1 1 1 1 1 1 1 1 1 1 1 1 1 1 1 1 1 1 1 1 1 1 1 1 1 1 1 1 1 1 1
I1103 00:53:08.953285 47777710728256 create_pretraining_data.py:161] segment_ids: 0 0 0 0 0 0 0 0 0 0 0 0 0 0 0 0 0 0 0 0 0 0 0 0 0 0 0 0 0 0 0 0 0 0 0 0 0 0 0 0 0 0 0 0 0 0 0 0 0 0 0 0 0 0 0 0 0 0 0 0 0 0 0 0 0 0 0 0 0 0 0 0 0 0 0 0 0 0 0 0 0 0 0 0 0 0 0 0 0 1 1 1 1 1 1 1 1 1 1 1 1 1 1 1 1 1 1 1 1 1 1 1 1 1 1 1 1 1 1 1 1 1 1 1 1 1 1 1
INFO:tensorflow:masked_lm_positions: 14 36 38 39 40 41 53 54 58 75 81 82 84 85 86 89 116 117 125 0
I1103 00:53:08.953414 47777710728256 create_pretraining_data.py:161] masked_lm_positions: 14 36 38 39 40 41 53 54 58 75 81 82 84 85 86 89 116 117 125 0
INFO:tensorflow:masked_lm_ids: 11073 3236 3945 1054 2514 4435 18 18 26512 4478 2746 1028 18 2564 2871 9422 3153 19145 18 0
I1103 00:53:08.953537 47777710728256 create_pretraining_data.py:161] masked_lm_ids: 11073 3236 3945 1054 2514 4435 18 18 26512 4478 2746 1028 18 2564 2871 9422 3153 19145 18 0
INFO:tensorflow:masked_lm_weights: 1.0 1.0 1.0 1.0 1.0 1.0 1.0 1.0 1.0 1.0 1.0 1.0 1.0 1.0 1.0 1.0 1.0 1.0 1.0 0.0
I1103 00:53:08.953663 47777710728256 create_pretraining_data.py:161] masked_lm_weights: 1.0 1.0 1.0 1.0 1.0 1.0 1.0 1.0 1.0 1.0 1.0 1.0 1.0 1.0 1.0 1.0 1.0 1.0 1.0 0.0
INFO:tensorflow:next_sentence_labels: 1
I1103 00:53:08.953779 47777710728256 create_pretraining_data.py:161] next_sentence_labels: 1
INFO:tensorflow:*** Example ***
I1103 00:53:08.954447 47777710728256 create_pretraining_data.py:149] *** Example ***
INFO:tensorflow:tokens: [CLS] لكني شعرت بالأ ##رت ##ياح [MASK] فقام اسلام الرحلات [MASK] القاعة في اليوم المختار [MASK] . . . . وق ##مت انا بعدها بالأ ##ت ##صال [MASK] [MASK] [MASK] لأحد ##د معه [MASK] ليوم الحفل . . . . . . خرجت معي والد ##ة اسلام . [MASK] . . ووال ##دت ##ي . . [MASK] [MASK] وآ ##ية برغم انها حامل . [SEP] وحنان و خاصه لانها ما جا ##فت ابوها ##اا . . و وفاة اخوه ##ا [MASK] بح ##ادث سياره . . عليا ##ا : بس ##اعد ##ج عهود . . و في المطبخ . . [MASK] : عليا ##ا بط ##ير [MASK] الون ##اسه . . " عليا " [MASK] تبتسم " " عشان [MASK] [MASK] [MASK] . . ? ? " [SEP]
I1103 00:53:08.954642 47777710728256 create_pretraining_data.py:151] tokens: [CLS] لكني شعرت بالأ ##رت ##ياح [MASK] فقام اسلام الرحلات [MASK] القاعة في اليوم المختار [MASK] . . . . وق ##مت انا بعدها بالأ ##ت ##صال [MASK] [MASK] [MASK] لأحد ##د معه [MASK] ليوم الحفل . . . . . . خرجت معي والد ##ة اسلام . [MASK] . . ووال ##دت ##ي . . [MASK] [MASK] وآ ##ية برغم انها حامل . [SEP] وحنان و خاصه لانها ما جا ##فت ابوها ##اا . . و وفاة اخوه ##ا [MASK] بح ##ادث سياره . . عليا ##ا : بس ##اعد ##ج عهود . . و في المطبخ . . [MASK] : عليا ##ا بط ##ير [MASK] الون ##اسه . . " عليا " [MASK] تبتسم " " عشان [MASK] [MASK] [MASK] . . ? ? " [SEP]
INFO:tensorflow:input_ids: 2 15296 16489 3876 2148 10814 4 20027 14214 13507 4 24691 1912 2217 18138 4 18 18 18 18 2135 2321 2315 6331 3876 1005 2520 4 4 4 8875 1016 3860 4 10407 11693 18 18 18 18 18 18 11771 5040 2965 1043 14214 18 4 18 18 13709 4300 1013 18 18 4 4 4243 1910 20489 3550 14261 18 3 24935 415 8607 8039 1972 6075 2209 25830 2877 18 18 415 8819 17705 1007 4 2302 3722 14487 18 18 9233 1007 30 2357 3298 1041 23736 18 18 415 1912 7181 18 18 4 30 9233 1007 2522 1916 4 22298 27466 18 18 6 9233 6 4 14250 6 6 3573 4 4 4 18 18 35 35 6 3
I1103 00:53:08.954833 47777710728256 create_pretraining_data.py:161] input_ids: 2 15296 16489 3876 2148 10814 4 20027 14214 13507 4 24691 1912 2217 18138 4 18 18 18 18 2135 2321 2315 6331 3876 1005 2520 4 4 4 8875 1016 3860 4 10407 11693 18 18 18 18 18 18 11771 5040 2965 1043 14214 18 4 18 18 13709 4300 1013 18 18 4 4 4243 1910 20489 3550 14261 18 3 24935 415 8607 8039 1972 6075 2209 25830 2877 18 18 415 8819 17705 1007 4 2302 3722 14487 18 18 9233 1007 30 2357 3298 1041 23736 18 18 415 1912 7181 18 18 4 30 9233 1007 2522 1916 4 22298 27466 18 18 6 9233 6 4 14250 6 6 3573 4 4 4 18 18 35 35 6 3
INFO:tensorflow:input_mask: 1 1 1 1 1 1 1 1 1 1 1 1 1 1 1 1 1 1 1 1 1 1 1 1 1 1 1 1 1 1 1 1 1 1 1 1 1 1 1 1 1 1 1 1 1 1 1 1 1 1 1 1 1 1 1 1 1 1 1 1 1 1 1 1 1 1 1 1 1 1 1 1 1 1 1 1 1 1 1 1 1 1 1 1 1 1 1 1 1 1 1 1 1 1 1 1 1 1 1 1 1 1 1 1 1 1 1 1 1 1 1 1 1 1 1 1 1 1 1 1 1 1 1 1 1 1 1 1
I1103 00:53:08.955030 47777710728256 create_pretraining_data.py:161] input_mask: 1 1 1 1 1 1 1 1 1 1 1 1 1 1 1 1 1 1 1 1 1 1 1 1 1 1 1 1 1 1 1 1 1 1 1 1 1 1 1 1 1 1 1 1 1 1 1 1 1 1 1 1 1 1 1 1 1 1 1 1 1 1 1 1 1 1 1 1 1 1 1 1 1 1 1 1 1 1 1 1 1 1 1 1 1 1 1 1 1 1 1 1 1 1 1 1 1 1 1 1 1 1 1 1 1 1 1 1 1 1 1 1 1 1 1 1 1 1 1 1 1 1 1 1 1 1 1 1
INFO:tensorflow:segment_ids: 0 0 0 0 0 0 0 0 0 0 0 0 0 0 0 0 0 0 0 0 0 0 0 0 0 0 0 0 0 0 0 0 0 0 0 0 0 0 0 0 0 0 0 0 0 0 0 0 0 0 0 0 0 0 0 0 0 0 0 0 0 0 0 0 0 1 1 1 1 1 1 1 1 1 1 1 1 1 1 1 1 1 1 1 1 1 1 1 1 1 1 1 1 1 1 1 1 1 1 1 1 1 1 1 1 1 1 1 1 1 1 1 1 1 1 1 1 1 1 1 1 1 1 1 1 1 1 1
I1103 00:53:08.955195 47777710728256 create_pretraining_data.py:161] segment_ids: 0 0 0 0 0 0 0 0 0 0 0 0 0 0 0 0 0 0 0 0 0 0 0 0 0 0 0 0 0 0 0 0 0 0 0 0 0 0 0 0 0 0 0 0 0 0 0 0 0 0 0 0 0 0 0 0 0 0 0 0 0 0 0 0 0 1 1 1 1 1 1 1 1 1 1 1 1 1 1 1 1 1 1 1 1 1 1 1 1 1 1 1 1 1 1 1 1 1 1 1 1 1 1 1 1 1 1 1 1 1 1 1 1 1 1 1 1 1 1 1 1 1 1 1 1 1 1 1
INFO:tensorflow:masked_lm_positions: 6 9 10 15 27 28 29 33 48 56 57 80 100 106 114 119 120 121 124 0
I1103 00:53:08.955322 47777710728256 create_pretraining_data.py:161] masked_lm_positions: 6 9 10 15 27 28 29 33 48 56 57 80 100 106 114 119 120 121 124 0
INFO:tensorflow:masked_lm_ids: 2553 2302 2796 18 3906 14186 1017 10349 18 18 18 3299 23736 1908 6 5885 3065 18 35 0
I1103 00:53:08.955447 47777710728256 create_pretraining_data.py:161] masked_lm_ids: 2553 2302 2796 18 3906 14186 1017 10349 18 18 18 3299 23736 1908 6 5885 3065 18 35 0
INFO:tensorflow:masked_lm_weights: 1.0 1.0 1.0 1.0 1.0 1.0 1.0 1.0 1.0 1.0 1.0 1.0 1.0 1.0 1.0 1.0 1.0 1.0 1.0 0.0
I1103 00:53:08.955572 47777710728256 create_pretraining_data.py:161] masked_lm_weights: 1.0 1.0 1.0 1.0 1.0 1.0 1.0 1.0 1.0 1.0 1.0 1.0 1.0 1.0 1.0 1.0 1.0 1.0 1.0 0.0
INFO:tensorflow:next_sentence_labels: 1
I1103 00:53:08.955688 47777710728256 create_pretraining_data.py:161] next_sentence_labels: 1
INFO:tensorflow:Wrote 1292671 total instances
I1103 01:00:27.718794 47777710728256 create_pretraining_data.py:166] Wrote 1292671 total instances
