Loading module 'all'
WARNING:tensorflow:From ../bert/create_pretraining_data.py:469: The name tf.app.run is deprecated. Please use tf.compat.v1.app.run instead.

WARNING:tensorflow:From ../bert/create_pretraining_data.py:437: The name tf.logging.set_verbosity is deprecated. Please use tf.compat.v1.logging.set_verbosity instead.

W1103 00:38:52.760219 47585367635008 module_wrapper.py:139] From ../bert/create_pretraining_data.py:437: The name tf.logging.set_verbosity is deprecated. Please use tf.compat.v1.logging.set_verbosity instead.

WARNING:tensorflow:From ../bert/create_pretraining_data.py:437: The name tf.logging.INFO is deprecated. Please use tf.compat.v1.logging.INFO instead.

W1103 00:38:52.760473 47585367635008 module_wrapper.py:139] From ../bert/create_pretraining_data.py:437: The name tf.logging.INFO is deprecated. Please use tf.compat.v1.logging.INFO instead.

WARNING:tensorflow:From /scratch/gi372/CAMeLBERT/bert/tokenization.py:125: The name tf.gfile.GFile is deprecated. Please use tf.io.gfile.GFile instead.

W1103 00:38:52.760700 47585367635008 module_wrapper.py:139] From /scratch/gi372/CAMeLBERT/bert/tokenization.py:125: The name tf.gfile.GFile is deprecated. Please use tf.io.gfile.GFile instead.

WARNING:tensorflow:From ../bert/create_pretraining_data.py:444: The name tf.gfile.Glob is deprecated. Please use tf.io.gfile.glob instead.

W1103 00:38:52.874093 47585367635008 module_wrapper.py:139] From ../bert/create_pretraining_data.py:444: The name tf.gfile.Glob is deprecated. Please use tf.io.gfile.glob instead.

WARNING:tensorflow:From ../bert/create_pretraining_data.py:446: The name tf.logging.info is deprecated. Please use tf.compat.v1.logging.info instead.

W1103 00:38:52.877470 47585367635008 module_wrapper.py:139] From ../bert/create_pretraining_data.py:446: The name tf.logging.info is deprecated. Please use tf.compat.v1.logging.info instead.

INFO:tensorflow:*** Reading from input files ***
I1103 00:38:52.877700 47585367635008 create_pretraining_data.py:446] *** Reading from input files ***
INFO:tensorflow:  ../corpora/shards/DA-ali2019-500m-tweet.bw.ar.lines.shard.018.normalized.sents
I1103 00:38:52.877806 47585367635008 create_pretraining_data.py:448]   ../corpora/shards/DA-ali2019-500m-tweet.bw.ar.lines.shard.018.normalized.sents
INFO:tensorflow:*** Writing to output files ***
I1103 01:19:16.808694 47585367635008 create_pretraining_data.py:457] *** Writing to output files ***
INFO:tensorflow:  ../corpora/tfrecord_wp-30k_msl-128/DA-ali2019-500m-tweet.bw.ar.lines.shard.018.tf_record
I1103 01:19:16.831962 47585367635008 create_pretraining_data.py:459]   ../corpora/tfrecord_wp-30k_msl-128/DA-ali2019-500m-tweet.bw.ar.lines.shard.018.tf_record
WARNING:tensorflow:From ../bert/create_pretraining_data.py:101: The name tf.python_io.TFRecordWriter is deprecated. Please use tf.io.TFRecordWriter instead.

W1103 01:19:16.846140 47585367635008 module_wrapper.py:139] From ../bert/create_pretraining_data.py:101: The name tf.python_io.TFRecordWriter is deprecated. Please use tf.io.TFRecordWriter instead.

INFO:tensorflow:*** Example ***
I1103 01:19:16.918999 47585367635008 create_pretraining_data.py:149] *** Example ***
INFO:tensorflow:tokens: [CLS] الجيش معت ##صم ف التحرير [SEP] قريبا جدا راح [MASK] سامسون بالج ##لس ##ه اللي صور ##ت لكم كواليس ##ها [MASK] الكويت [MASK] اخوي الفنان مساعد البلو ##شي [SEP]
I1103 01:19:16.919776 47585367635008 create_pretraining_data.py:151] tokens: [CLS] الجيش معت ##صم ف التحرير [SEP] قريبا جدا راح [MASK] سامسون بالج ##لس ##ه اللي صور ##ت لكم كواليس ##ها [MASK] الكويت [MASK] اخوي الفنان مساعد البلو ##شي [SEP]
INFO:tensorflow:input_ids: 2 3375 4502 9678 408 6725 3 6159 2882 3490 4 11536 4394 1929 1028 2115 2649 1005 3406 24890 1913 4 3346 4 14048 4453 5441 13397 2510 3 0 0 0 0 0 0 0 0 0 0 0 0 0 0 0 0 0 0 0 0 0 0 0 0 0 0 0 0 0 0 0 0 0 0 0 0 0 0 0 0 0 0 0 0 0 0 0 0 0 0 0 0 0 0 0 0 0 0 0 0 0 0 0 0 0 0 0 0 0 0 0 0 0 0 0 0 0 0 0 0 0 0 0 0 0 0 0 0 0 0 0 0 0 0 0 0 0 0
I1103 01:19:16.920855 47585367635008 create_pretraining_data.py:161] input_ids: 2 3375 4502 9678 408 6725 3 6159 2882 3490 4 11536 4394 1929 1028 2115 2649 1005 3406 24890 1913 4 3346 4 14048 4453 5441 13397 2510 3 0 0 0 0 0 0 0 0 0 0 0 0 0 0 0 0 0 0 0 0 0 0 0 0 0 0 0 0 0 0 0 0 0 0 0 0 0 0 0 0 0 0 0 0 0 0 0 0 0 0 0 0 0 0 0 0 0 0 0 0 0 0 0 0 0 0 0 0 0 0 0 0 0 0 0 0 0 0 0 0 0 0 0 0 0 0 0 0 0 0 0 0 0 0 0 0 0 0
INFO:tensorflow:input_mask: 1 1 1 1 1 1 1 1 1 1 1 1 1 1 1 1 1 1 1 1 1 1 1 1 1 1 1 1 1 1 0 0 0 0 0 0 0 0 0 0 0 0 0 0 0 0 0 0 0 0 0 0 0 0 0 0 0 0 0 0 0 0 0 0 0 0 0 0 0 0 0 0 0 0 0 0 0 0 0 0 0 0 0 0 0 0 0 0 0 0 0 0 0 0 0 0 0 0 0 0 0 0 0 0 0 0 0 0 0 0 0 0 0 0 0 0 0 0 0 0 0 0 0 0 0 0 0 0
I1103 01:19:16.921109 47585367635008 create_pretraining_data.py:161] input_mask: 1 1 1 1 1 1 1 1 1 1 1 1 1 1 1 1 1 1 1 1 1 1 1 1 1 1 1 1 1 1 0 0 0 0 0 0 0 0 0 0 0 0 0 0 0 0 0 0 0 0 0 0 0 0 0 0 0 0 0 0 0 0 0 0 0 0 0 0 0 0 0 0 0 0 0 0 0 0 0 0 0 0 0 0 0 0 0 0 0 0 0 0 0 0 0 0 0 0 0 0 0 0 0 0 0 0 0 0 0 0 0 0 0 0 0 0 0 0 0 0 0 0 0 0 0 0 0 0
INFO:tensorflow:segment_ids: 0 0 0 0 0 0 0 1 1 1 1 1 1 1 1 1 1 1 1 1 1 1 1 1 1 1 1 1 1 1 0 0 0 0 0 0 0 0 0 0 0 0 0 0 0 0 0 0 0 0 0 0 0 0 0 0 0 0 0 0 0 0 0 0 0 0 0 0 0 0 0 0 0 0 0 0 0 0 0 0 0 0 0 0 0 0 0 0 0 0 0 0 0 0 0 0 0 0 0 0 0 0 0 0 0 0 0 0 0 0 0 0 0 0 0 0 0 0 0 0 0 0 0 0 0 0 0 0
I1103 01:19:16.921315 47585367635008 create_pretraining_data.py:161] segment_ids: 0 0 0 0 0 0 0 1 1 1 1 1 1 1 1 1 1 1 1 1 1 1 1 1 1 1 1 1 1 1 0 0 0 0 0 0 0 0 0 0 0 0 0 0 0 0 0 0 0 0 0 0 0 0 0 0 0 0 0 0 0 0 0 0 0 0 0 0 0 0 0 0 0 0 0 0 0 0 0 0 0 0 0 0 0 0 0 0 0 0 0 0 0 0 0 0 0 0 0 0 0 0 0 0 0 0 0 0 0 0 0 0 0 0 0 0 0 0 0 0 0 0 0 0 0 0 0 0
INFO:tensorflow:masked_lm_positions: 10 11 21 23 0 0 0 0 0 0 0 0 0 0 0 0 0 0 0 0
I1103 01:19:16.921469 47585367635008 create_pretraining_data.py:161] masked_lm_positions: 10 11 21 23 0 0 0 0 0 0 0 0 0 0 0 0 0 0 0 0
INFO:tensorflow:masked_lm_ids: 2558 28056 1912 1973 0 0 0 0 0 0 0 0 0 0 0 0 0 0 0 0
I1103 01:19:16.921625 47585367635008 create_pretraining_data.py:161] masked_lm_ids: 2558 28056 1912 1973 0 0 0 0 0 0 0 0 0 0 0 0 0 0 0 0
INFO:tensorflow:masked_lm_weights: 1.0 1.0 1.0 1.0 0.0 0.0 0.0 0.0 0.0 0.0 0.0 0.0 0.0 0.0 0.0 0.0 0.0 0.0 0.0 0.0
I1103 01:19:16.922482 47585367635008 create_pretraining_data.py:161] masked_lm_weights: 1.0 1.0 1.0 1.0 0.0 0.0 0.0 0.0 0.0 0.0 0.0 0.0 0.0 0.0 0.0 0.0 0.0 0.0 0.0 0.0
INFO:tensorflow:next_sentence_labels: 1
I1103 01:19:16.922637 47585367635008 create_pretraining_data.py:161] next_sentence_labels: 1
INFO:tensorflow:*** Example ***
I1103 01:19:16.923760 47585367635008 create_pretraining_data.py:149] *** Example ***
INFO:tensorflow:tokens: [CLS] شارك [MASK] اوسع حمله تضامن [MASK] مع الاسي ##ر الصحفي محمد القي ##ق الساعه الثامن ##ه من مساء اليوم والتغ ##ريد عبر هاشت ##اج [MASK] او [MASK] [SEP] ماعاد بتم ##ني ولا ##عاد ابي [MASK] مقد لوج الل عف ##ت امنياتي [SEP]
I1103 01:19:16.923979 47585367635008 create_pretraining_data.py:151] tokens: [CLS] شارك [MASK] اوسع حمله تضامن [MASK] مع الاسي ##ر الصحفي محمد القي ##ق الساعه الثامن ##ه من مساء اليوم والتغ ##ريد عبر هاشت ##اج [MASK] او [MASK] [SEP] ماعاد بتم ##ني ولا ##عاد ابي [MASK] مقد لوج الل عف ##ت امنياتي [SEP]
INFO:tensorflow:input_ids: 2 5458 4 20402 5626 28111 4 1973 23050 1017 6900 2202 9318 1011 6248 10085 1028 1908 3308 2217 18205 2375 2830 12482 2078 4 2213 4 3 12306 13258 1974 2086 2376 3855 4 4538 20546 5996 5465 1005 26739 3 0 0 0 0 0 0 0 0 0 0 0 0 0 0 0 0 0 0 0 0 0 0 0 0 0 0 0 0 0 0 0 0 0 0 0 0 0 0 0 0 0 0 0 0 0 0 0 0 0 0 0 0 0 0 0 0 0 0 0 0 0 0 0 0 0 0 0 0 0 0 0 0 0 0 0 0 0 0 0 0 0 0 0 0 0
I1103 01:19:16.924212 47585367635008 create_pretraining_data.py:161] input_ids: 2 5458 4 20402 5626 28111 4 1973 23050 1017 6900 2202 9318 1011 6248 10085 1028 1908 3308 2217 18205 2375 2830 12482 2078 4 2213 4 3 12306 13258 1974 2086 2376 3855 4 4538 20546 5996 5465 1005 26739 3 0 0 0 0 0 0 0 0 0 0 0 0 0 0 0 0 0 0 0 0 0 0 0 0 0 0 0 0 0 0 0 0 0 0 0 0 0 0 0 0 0 0 0 0 0 0 0 0 0 0 0 0 0 0 0 0 0 0 0 0 0 0 0 0 0 0 0 0 0 0 0 0 0 0 0 0 0 0 0 0 0 0 0 0 0
INFO:tensorflow:input_mask: 1 1 1 1 1 1 1 1 1 1 1 1 1 1 1 1 1 1 1 1 1 1 1 1 1 1 1 1 1 1 1 1 1 1 1 1 1 1 1 1 1 1 1 0 0 0 0 0 0 0 0 0 0 0 0 0 0 0 0 0 0 0 0 0 0 0 0 0 0 0 0 0 0 0 0 0 0 0 0 0 0 0 0 0 0 0 0 0 0 0 0 0 0 0 0 0 0 0 0 0 0 0 0 0 0 0 0 0 0 0 0 0 0 0 0 0 0 0 0 0 0 0 0 0 0 0 0 0
I1103 01:19:16.924445 47585367635008 create_pretraining_data.py:161] input_mask: 1 1 1 1 1 1 1 1 1 1 1 1 1 1 1 1 1 1 1 1 1 1 1 1 1 1 1 1 1 1 1 1 1 1 1 1 1 1 1 1 1 1 1 0 0 0 0 0 0 0 0 0 0 0 0 0 0 0 0 0 0 0 0 0 0 0 0 0 0 0 0 0 0 0 0 0 0 0 0 0 0 0 0 0 0 0 0 0 0 0 0 0 0 0 0 0 0 0 0 0 0 0 0 0 0 0 0 0 0 0 0 0 0 0 0 0 0 0 0 0 0 0 0 0 0 0 0 0
INFO:tensorflow:segment_ids: 0 0 0 0 0 0 0 0 0 0 0 0 0 0 0 0 0 0 0 0 0 0 0 0 0 0 0 0 0 1 1 1 1 1 1 1 1 1 1 1 1 1 1 0 0 0 0 0 0 0 0 0 0 0 0 0 0 0 0 0 0 0 0 0 0 0 0 0 0 0 0 0 0 0 0 0 0 0 0 0 0 0 0 0 0 0 0 0 0 0 0 0 0 0 0 0 0 0 0 0 0 0 0 0 0 0 0 0 0 0 0 0 0 0 0 0 0 0 0 0 0 0 0 0 0 0 0 0
I1103 01:19:16.924662 47585367635008 create_pretraining_data.py:161] segment_ids: 0 0 0 0 0 0 0 0 0 0 0 0 0 0 0 0 0 0 0 0 0 0 0 0 0 0 0 0 0 1 1 1 1 1 1 1 1 1 1 1 1 1 1 0 0 0 0 0 0 0 0 0 0 0 0 0 0 0 0 0 0 0 0 0 0 0 0 0 0 0 0 0 0 0 0 0 0 0 0 0 0 0 0 0 0 0 0 0 0 0 0 0 0 0 0 0 0 0 0 0 0 0 0 0 0 0 0 0 0 0 0 0 0 0 0 0 0 0 0 0 0 0 0 0 0 0 0 0
INFO:tensorflow:masked_lm_positions: 2 6 25 27 35 36 0 0 0 0 0 0 0 0 0 0 0 0 0 0
I1103 01:19:16.924817 47585367635008 create_pretraining_data.py:161] masked_lm_positions: 2 6 25 27 35 36 0 0 0 0 0 0 0 0 0 0 0 0 0 0
INFO:tensorflow:masked_lm_ids: 1912 14956 17035 17451 2228 2315 0 0 0 0 0 0 0 0 0 0 0 0 0 0
I1103 01:19:16.924965 47585367635008 create_pretraining_data.py:161] masked_lm_ids: 1912 14956 17035 17451 2228 2315 0 0 0 0 0 0 0 0 0 0 0 0 0 0
INFO:tensorflow:masked_lm_weights: 1.0 1.0 1.0 1.0 1.0 1.0 0.0 0.0 0.0 0.0 0.0 0.0 0.0 0.0 0.0 0.0 0.0 0.0 0.0 0.0
I1103 01:19:16.925115 47585367635008 create_pretraining_data.py:161] masked_lm_weights: 1.0 1.0 1.0 1.0 1.0 1.0 0.0 0.0 0.0 0.0 0.0 0.0 0.0 0.0 0.0 0.0 0.0 0.0 0.0 0.0
INFO:tensorflow:next_sentence_labels: 1
I1103 01:19:16.925249 47585367635008 create_pretraining_data.py:161] next_sentence_labels: 1
INFO:tensorflow:*** Example ***
I1103 01:19:16.926180 47585367635008 create_pretraining_data.py:149] *** Example ***
INFO:tensorflow:tokens: [CLS] ويا ##ريت الي في القلوب ينفع يوصل من غير كلام [SEP] صوره [MASK] احمد في مصر مسن كفي ##ف وعالم [MASK] القران بلا مقابل [MASK] [MASK] الاع ##جاب الكبير مت ##داول ##ه [SEP]
I1103 01:19:16.926339 47585367635008 create_pretraining_data.py:151] tokens: [CLS] ويا ##ريت الي في القلوب ينفع يوصل من غير كلام [SEP] صوره [MASK] احمد في مصر مسن كفي ##ف وعالم [MASK] القران بلا مقابل [MASK] [MASK] الاع ##جاب الكبير مت ##داول ##ه [SEP]
INFO:tensorflow:input_ids: 2 5843 5381 2002 1912 4408 9165 16861 1908 2224 3552 3 4187 4 3625 1912 2559 19837 11537 1037 17247 4 3963 2701 4357 4 4 3099 4232 4377 2068 5052 1028 3 0 0 0 0 0 0 0 0 0 0 0 0 0 0 0 0 0 0 0 0 0 0 0 0 0 0 0 0 0 0 0 0 0 0 0 0 0 0 0 0 0 0 0 0 0 0 0 0 0 0 0 0 0 0 0 0 0 0 0 0 0 0 0 0 0 0 0 0 0 0 0 0 0 0 0 0 0 0 0 0 0 0 0 0 0 0 0 0 0 0 0 0 0 0
I1103 01:19:16.926506 47585367635008 create_pretraining_data.py:161] input_ids: 2 5843 5381 2002 1912 4408 9165 16861 1908 2224 3552 3 4187 4 3625 1912 2559 19837 11537 1037 17247 4 3963 2701 4357 4 4 3099 4232 4377 2068 5052 1028 3 0 0 0 0 0 0 0 0 0 0 0 0 0 0 0 0 0 0 0 0 0 0 0 0 0 0 0 0 0 0 0 0 0 0 0 0 0 0 0 0 0 0 0 0 0 0 0 0 0 0 0 0 0 0 0 0 0 0 0 0 0 0 0 0 0 0 0 0 0 0 0 0 0 0 0 0 0 0 0 0 0 0 0 0 0 0 0 0 0 0 0 0 0 0
INFO:tensorflow:input_mask: 1 1 1 1 1 1 1 1 1 1 1 1 1 1 1 1 1 1 1 1 1 1 1 1 1 1 1 1 1 1 1 1 1 1 0 0 0 0 0 0 0 0 0 0 0 0 0 0 0 0 0 0 0 0 0 0 0 0 0 0 0 0 0 0 0 0 0 0 0 0 0 0 0 0 0 0 0 0 0 0 0 0 0 0 0 0 0 0 0 0 0 0 0 0 0 0 0 0 0 0 0 0 0 0 0 0 0 0 0 0 0 0 0 0 0 0 0 0 0 0 0 0 0 0 0 0 0 0
I1103 01:19:16.926665 47585367635008 create_pretraining_data.py:161] input_mask: 1 1 1 1 1 1 1 1 1 1 1 1 1 1 1 1 1 1 1 1 1 1 1 1 1 1 1 1 1 1 1 1 1 1 0 0 0 0 0 0 0 0 0 0 0 0 0 0 0 0 0 0 0 0 0 0 0 0 0 0 0 0 0 0 0 0 0 0 0 0 0 0 0 0 0 0 0 0 0 0 0 0 0 0 0 0 0 0 0 0 0 0 0 0 0 0 0 0 0 0 0 0 0 0 0 0 0 0 0 0 0 0 0 0 0 0 0 0 0 0 0 0 0 0 0 0 0 0
INFO:tensorflow:segment_ids: 0 0 0 0 0 0 0 0 0 0 0 0 1 1 1 1 1 1 1 1 1 1 1 1 1 1 1 1 1 1 1 1 1 1 0 0 0 0 0 0 0 0 0 0 0 0 0 0 0 0 0 0 0 0 0 0 0 0 0 0 0 0 0 0 0 0 0 0 0 0 0 0 0 0 0 0 0 0 0 0 0 0 0 0 0 0 0 0 0 0 0 0 0 0 0 0 0 0 0 0 0 0 0 0 0 0 0 0 0 0 0 0 0 0 0 0 0 0 0 0 0 0 0 0 0 0 0 0
I1103 01:19:16.926831 47585367635008 create_pretraining_data.py:161] segment_ids: 0 0 0 0 0 0 0 0 0 0 0 0 1 1 1 1 1 1 1 1 1 1 1 1 1 1 1 1 1 1 1 1 1 1 0 0 0 0 0 0 0 0 0 0 0 0 0 0 0 0 0 0 0 0 0 0 0 0 0 0 0 0 0 0 0 0 0 0 0 0 0 0 0 0 0 0 0 0 0 0 0 0 0 0 0 0 0 0 0 0 0 0 0 0 0 0 0 0 0 0 0 0 0 0 0 0 0 0 0 0 0 0 0 0 0 0 0 0 0 0 0 0 0 0 0 0 0 0
INFO:tensorflow:masked_lm_positions: 13 20 21 25 26 0 0 0 0 0 0 0 0 0 0 0 0 0 0 0
I1103 01:19:16.926943 47585367635008 create_pretraining_data.py:161] masked_lm_positions: 13 20 21 25 26 0 0 0 0 0 0 0 0 0 0 0 0 0 0 0
INFO:tensorflow:masked_lm_ids: 2845 4515 3197 2410 2588 0 0 0 0 0 0 0 0 0 0 0 0 0 0 0
I1103 01:19:16.927051 47585367635008 create_pretraining_data.py:161] masked_lm_ids: 2845 4515 3197 2410 2588 0 0 0 0 0 0 0 0 0 0 0 0 0 0 0
INFO:tensorflow:masked_lm_weights: 1.0 1.0 1.0 1.0 1.0 0.0 0.0 0.0 0.0 0.0 0.0 0.0 0.0 0.0 0.0 0.0 0.0 0.0 0.0 0.0
I1103 01:19:16.927160 47585367635008 create_pretraining_data.py:161] masked_lm_weights: 1.0 1.0 1.0 1.0 1.0 0.0 0.0 0.0 0.0 0.0 0.0 0.0 0.0 0.0 0.0 0.0 0.0 0.0 0.0 0.0
INFO:tensorflow:next_sentence_labels: 1
I1103 01:19:16.927259 47585367635008 create_pretraining_data.py:161] next_sentence_labels: 1
INFO:tensorflow:*** Example ***
I1103 01:19:16.928052 47585367635008 create_pretraining_data.py:149] *** Example ***
INFO:tensorflow:tokens: [CLS] كلنا مع مصر [MASK] [MASK] [MASK] مصر العرو ##به للشعب المصري لم ولن تكون للتن ##ظيما ##ت [MASK] المر ##دد ##ه للش ##عارات الاسلاميه [SEP] صوره تش ##عل تويتر [MASK] ##ندي سعودي نجل حما ##يته لسا ##حه مص ##لين لص ##لاه الجمعه في عدن الفرق الحوثي يقتل ##نا والس ##عودي يحمي ##نا [SEP]
I1103 01:19:16.928220 47585367635008 create_pretraining_data.py:151] tokens: [CLS] كلنا مع مصر [MASK] [MASK] [MASK] مصر العرو ##به للشعب المصري لم ولن تكون للتن ##ظيما ##ت [MASK] المر ##دد ##ه للش ##عارات الاسلاميه [SEP] صوره تش ##عل تويتر [MASK] ##ندي سعودي نجل حما ##يته لسا ##حه مص ##لين لص ##لاه الجمعه في عدن الفرق الحوثي يقتل ##نا والس ##عودي يحمي ##نا [SEP]
INFO:tensorflow:input_ids: 2 5905 1973 2559 4 4 4 2559 12989 2204 10984 3727 2043 4763 2652 8013 13791 1005 4 2846 2282 1028 3091 26716 6508 3 4187 2284 2329 4266 4 4739 5999 25242 3493 3710 28929 2379 2324 2633 4110 3107 4305 1912 8579 5574 7696 9117 1914 2604 21200 18551 1914 3 0 0 0 0 0 0 0 0 0 0 0 0 0 0 0 0 0 0 0 0 0 0 0 0 0 0 0 0 0 0 0 0 0 0 0 0 0 0 0 0 0 0 0 0 0 0 0 0 0 0 0 0 0 0 0 0 0 0 0 0 0 0 0 0 0 0 0 0 0 0 0 0 0 0
I1103 01:19:16.928400 47585367635008 create_pretraining_data.py:161] input_ids: 2 5905 1973 2559 4 4 4 2559 12989 2204 10984 3727 2043 4763 2652 8013 13791 1005 4 2846 2282 1028 3091 26716 6508 3 4187 2284 2329 4266 4 4739 5999 25242 3493 3710 28929 2379 2324 2633 4110 3107 4305 1912 8579 5574 7696 9117 1914 2604 21200 18551 1914 3 0 0 0 0 0 0 0 0 0 0 0 0 0 0 0 0 0 0 0 0 0 0 0 0 0 0 0 0 0 0 0 0 0 0 0 0 0 0 0 0 0 0 0 0 0 0 0 0 0 0 0 0 0 0 0 0 0 0 0 0 0 0 0 0 0 0 0 0 0 0 0 0 0 0
INFO:tensorflow:input_mask: 1 1 1 1 1 1 1 1 1 1 1 1 1 1 1 1 1 1 1 1 1 1 1 1 1 1 1 1 1 1 1 1 1 1 1 1 1 1 1 1 1 1 1 1 1 1 1 1 1 1 1 1 1 1 0 0 0 0 0 0 0 0 0 0 0 0 0 0 0 0 0 0 0 0 0 0 0 0 0 0 0 0 0 0 0 0 0 0 0 0 0 0 0 0 0 0 0 0 0 0 0 0 0 0 0 0 0 0 0 0 0 0 0 0 0 0 0 0 0 0 0 0 0 0 0 0 0 0
I1103 01:19:16.928556 47585367635008 create_pretraining_data.py:161] input_mask: 1 1 1 1 1 1 1 1 1 1 1 1 1 1 1 1 1 1 1 1 1 1 1 1 1 1 1 1 1 1 1 1 1 1 1 1 1 1 1 1 1 1 1 1 1 1 1 1 1 1 1 1 1 1 0 0 0 0 0 0 0 0 0 0 0 0 0 0 0 0 0 0 0 0 0 0 0 0 0 0 0 0 0 0 0 0 0 0 0 0 0 0 0 0 0 0 0 0 0 0 0 0 0 0 0 0 0 0 0 0 0 0 0 0 0 0 0 0 0 0 0 0 0 0 0 0 0 0
INFO:tensorflow:segment_ids: 0 0 0 0 0 0 0 0 0 0 0 0 0 0 0 0 0 0 0 0 0 0 0 0 0 0 1 1 1 1 1 1 1 1 1 1 1 1 1 1 1 1 1 1 1 1 1 1 1 1 1 1 1 1 0 0 0 0 0 0 0 0 0 0 0 0 0 0 0 0 0 0 0 0 0 0 0 0 0 0 0 0 0 0 0 0 0 0 0 0 0 0 0 0 0 0 0 0 0 0 0 0 0 0 0 0 0 0 0 0 0 0 0 0 0 0 0 0 0 0 0 0 0 0 0 0 0 0
I1103 01:19:16.928733 47585367635008 create_pretraining_data.py:161] segment_ids: 0 0 0 0 0 0 0 0 0 0 0 0 0 0 0 0 0 0 0 0 0 0 0 0 0 0 1 1 1 1 1 1 1 1 1 1 1 1 1 1 1 1 1 1 1 1 1 1 1 1 1 1 1 1 0 0 0 0 0 0 0 0 0 0 0 0 0 0 0 0 0 0 0 0 0 0 0 0 0 0 0 0 0 0 0 0 0 0 0 0 0 0 0 0 0 0 0 0 0 0 0 0 0 0 0 0 0 0 0 0 0 0 0 0 0 0 0 0 0 0 0 0 0 0 0 0 0 0
INFO:tensorflow:masked_lm_positions: 4 5 6 18 30 31 33 44 0 0 0 0 0 0 0 0 0 0 0 0
I1103 01:19:16.928848 47585367635008 create_pretraining_data.py:161] masked_lm_positions: 4 5 6 18 30 31 33 44 0 0 0 0 0 0 0 0 0 0 0 0
INFO:tensorflow:masked_lm_ids: 14732 22411 1007 19618 2672 4739 7009 8579 0 0 0 0 0 0 0 0 0 0 0 0
I1103 01:19:16.928957 47585367635008 create_pretraining_data.py:161] masked_lm_ids: 14732 22411 1007 19618 2672 4739 7009 8579 0 0 0 0 0 0 0 0 0 0 0 0
INFO:tensorflow:masked_lm_weights: 1.0 1.0 1.0 1.0 1.0 1.0 1.0 1.0 0.0 0.0 0.0 0.0 0.0 0.0 0.0 0.0 0.0 0.0 0.0 0.0
I1103 01:19:16.929070 47585367635008 create_pretraining_data.py:161] masked_lm_weights: 1.0 1.0 1.0 1.0 1.0 1.0 1.0 1.0 0.0 0.0 0.0 0.0 0.0 0.0 0.0 0.0 0.0 0.0 0.0 0.0
INFO:tensorflow:next_sentence_labels: 1
I1103 01:19:16.929169 47585367635008 create_pretraining_data.py:161] next_sentence_labels: 1
INFO:tensorflow:*** Example ***
I1103 01:19:16.929899 47585367635008 create_pretraining_data.py:149] *** Example ***
INFO:tensorflow:tokens: [CLS] [MASK] الله بقدر غف ##لتي ونسي ##اني وتك ##اسل ##ي عن ذكرك ربي اغفر لي [MASK] فما بعد [MASK] وغفر ##انك سوي [MASK] [SEP] انته الذي [MASK] و [MASK] هان ##و عرب دونك ولا هن ##ت [SEP]
I1103 01:19:16.930055 47585367635008 create_pretraining_data.py:151] tokens: [CLS] [MASK] الله بقدر غف ##لتي ونسي ##اني وتك ##اسل ##ي عن ذكرك ربي اغفر لي [MASK] فما بعد [MASK] وغفر ##انك سوي [MASK] [SEP] انته الذي [MASK] و [MASK] هان ##و عرب دونك ولا هن ##ت [SEP]
INFO:tensorflow:input_ids: 2 4 1953 8031 17813 5268 27109 2022 9916 19700 1013 1955 11665 2949 5124 2134 4 4721 2089 4 15343 5042 4871 4 3 4786 2130 4 415 4 16822 1012 5658 18817 2086 5615 1005 3 0 0 0 0 0 0 0 0 0 0 0 0 0 0 0 0 0 0 0 0 0 0 0 0 0 0 0 0 0 0 0 0 0 0 0 0 0 0 0 0 0 0 0 0 0 0 0 0 0 0 0 0 0 0 0 0 0 0 0 0 0 0 0 0 0 0 0 0 0 0 0 0 0 0 0 0 0 0 0 0 0 0 0 0 0 0 0 0 0 0
I1103 01:19:16.930220 47585367635008 create_pretraining_data.py:161] input_ids: 2 4 1953 8031 17813 5268 27109 2022 9916 19700 1013 1955 11665 2949 5124 2134 4 4721 2089 4 15343 5042 4871 4 3 4786 2130 4 415 4 16822 1012 5658 18817 2086 5615 1005 3 0 0 0 0 0 0 0 0 0 0 0 0 0 0 0 0 0 0 0 0 0 0 0 0 0 0 0 0 0 0 0 0 0 0 0 0 0 0 0 0 0 0 0 0 0 0 0 0 0 0 0 0 0 0 0 0 0 0 0 0 0 0 0 0 0 0 0 0 0 0 0 0 0 0 0 0 0 0 0 0 0 0 0 0 0 0 0 0 0 0
INFO:tensorflow:input_mask: 1 1 1 1 1 1 1 1 1 1 1 1 1 1 1 1 1 1 1 1 1 1 1 1 1 1 1 1 1 1 1 1 1 1 1 1 1 1 0 0 0 0 0 0 0 0 0 0 0 0 0 0 0 0 0 0 0 0 0 0 0 0 0 0 0 0 0 0 0 0 0 0 0 0 0 0 0 0 0 0 0 0 0 0 0 0 0 0 0 0 0 0 0 0 0 0 0 0 0 0 0 0 0 0 0 0 0 0 0 0 0 0 0 0 0 0 0 0 0 0 0 0 0 0 0 0 0 0
I1103 01:19:16.930371 47585367635008 create_pretraining_data.py:161] input_mask: 1 1 1 1 1 1 1 1 1 1 1 1 1 1 1 1 1 1 1 1 1 1 1 1 1 1 1 1 1 1 1 1 1 1 1 1 1 1 0 0 0 0 0 0 0 0 0 0 0 0 0 0 0 0 0 0 0 0 0 0 0 0 0 0 0 0 0 0 0 0 0 0 0 0 0 0 0 0 0 0 0 0 0 0 0 0 0 0 0 0 0 0 0 0 0 0 0 0 0 0 0 0 0 0 0 0 0 0 0 0 0 0 0 0 0 0 0 0 0 0 0 0 0 0 0 0 0 0
INFO:tensorflow:segment_ids: 0 0 0 0 0 0 0 0 0 0 0 0 0 0 0 0 0 0 0 0 0 0 0 0 0 1 1 1 1 1 1 1 1 1 1 1 1 1 0 0 0 0 0 0 0 0 0 0 0 0 0 0 0 0 0 0 0 0 0 0 0 0 0 0 0 0 0 0 0 0 0 0 0 0 0 0 0 0 0 0 0 0 0 0 0 0 0 0 0 0 0 0 0 0 0 0 0 0 0 0 0 0 0 0 0 0 0 0 0 0 0 0 0 0 0 0 0 0 0 0 0 0 0 0 0 0 0 0
I1103 01:19:16.930532 47585367635008 create_pretraining_data.py:161] segment_ids: 0 0 0 0 0 0 0 0 0 0 0 0 0 0 0 0 0 0 0 0 0 0 0 0 0 1 1 1 1 1 1 1 1 1 1 1 1 1 0 0 0 0 0 0 0 0 0 0 0 0 0 0 0 0 0 0 0 0 0 0 0 0 0 0 0 0 0 0 0 0 0 0 0 0 0 0 0 0 0 0 0 0 0 0 0 0 0 0 0 0 0 0 0 0 0 0 0 0 0 0 0 0 0 0 0 0 0 0 0 0 0 0 0 0 0 0 0 0 0 0 0 0 0 0 0 0 0 0
INFO:tensorflow:masked_lm_positions: 1 16 19 23 27 29 0 0 0 0 0 0 0 0 0 0 0 0 0 0
I1103 01:19:16.930652 47585367635008 create_pretraining_data.py:161] masked_lm_positions: 1 16 19 23 27 29 0 0 0 0 0 0 0 0 0 0 0 0 0 0
INFO:tensorflow:masked_lm_ids: 2870 20619 10105 3515 5421 7104 0 0 0 0 0 0 0 0 0 0 0 0 0 0
I1103 01:19:16.930761 47585367635008 create_pretraining_data.py:161] masked_lm_ids: 2870 20619 10105 3515 5421 7104 0 0 0 0 0 0 0 0 0 0 0 0 0 0
INFO:tensorflow:masked_lm_weights: 1.0 1.0 1.0 1.0 1.0 1.0 0.0 0.0 0.0 0.0 0.0 0.0 0.0 0.0 0.0 0.0 0.0 0.0 0.0 0.0
I1103 01:19:16.930872 47585367635008 create_pretraining_data.py:161] masked_lm_weights: 1.0 1.0 1.0 1.0 1.0 1.0 0.0 0.0 0.0 0.0 0.0 0.0 0.0 0.0 0.0 0.0 0.0 0.0 0.0 0.0
INFO:tensorflow:next_sentence_labels: 1
I1103 01:19:16.930972 47585367635008 create_pretraining_data.py:161] next_sentence_labels: 1
INFO:tensorflow:*** Example ***
I1103 01:19:16.931690 47585367635008 create_pretraining_data.py:149] *** Example ***
INFO:tensorflow:tokens: [CLS] القلوب الصادقه لات ##فقد ##الي مهما حدث [SEP] حقيقه هناك من ينكر الجميل [MASK] وجود الوعود وهناك من [MASK] البديل مهما كان جميل [SEP]
I1103 01:19:16.931843 47585367635008 create_pretraining_data.py:151] tokens: [CLS] القلوب الصادقه لات ##فقد ##الي مهما حدث [SEP] حقيقه هناك من ينكر الجميل [MASK] وجود الوعود وهناك من [MASK] البديل مهما كان جميل [SEP]
INFO:tensorflow:input_ids: 2 4408 27982 2955 14971 2145 3864 3356 3 6722 2671 1908 20951 5135 4 3276 27439 6254 1908 4 8418 3864 2055 3814 3 0 0 0 0 0 0 0 0 0 0 0 0 0 0 0 0 0 0 0 0 0 0 0 0 0 0 0 0 0 0 0 0 0 0 0 0 0 0 0 0 0 0 0 0 0 0 0 0 0 0 0 0 0 0 0 0 0 0 0 0 0 0 0 0 0 0 0 0 0 0 0 0 0 0 0 0 0 0 0 0 0 0 0 0 0 0 0 0 0 0 0 0 0 0 0 0 0 0 0 0 0 0 0
I1103 01:19:16.932010 47585367635008 create_pretraining_data.py:161] input_ids: 2 4408 27982 2955 14971 2145 3864 3356 3 6722 2671 1908 20951 5135 4 3276 27439 6254 1908 4 8418 3864 2055 3814 3 0 0 0 0 0 0 0 0 0 0 0 0 0 0 0 0 0 0 0 0 0 0 0 0 0 0 0 0 0 0 0 0 0 0 0 0 0 0 0 0 0 0 0 0 0 0 0 0 0 0 0 0 0 0 0 0 0 0 0 0 0 0 0 0 0 0 0 0 0 0 0 0 0 0 0 0 0 0 0 0 0 0 0 0 0 0 0 0 0 0 0 0 0 0 0 0 0 0 0 0 0 0 0
INFO:tensorflow:input_mask: 1 1 1 1 1 1 1 1 1 1 1 1 1 1 1 1 1 1 1 1 1 1 1 1 1 0 0 0 0 0 0 0 0 0 0 0 0 0 0 0 0 0 0 0 0 0 0 0 0 0 0 0 0 0 0 0 0 0 0 0 0 0 0 0 0 0 0 0 0 0 0 0 0 0 0 0 0 0 0 0 0 0 0 0 0 0 0 0 0 0 0 0 0 0 0 0 0 0 0 0 0 0 0 0 0 0 0 0 0 0 0 0 0 0 0 0 0 0 0 0 0 0 0 0 0 0 0 0
I1103 01:19:16.932163 47585367635008 create_pretraining_data.py:161] input_mask: 1 1 1 1 1 1 1 1 1 1 1 1 1 1 1 1 1 1 1 1 1 1 1 1 1 0 0 0 0 0 0 0 0 0 0 0 0 0 0 0 0 0 0 0 0 0 0 0 0 0 0 0 0 0 0 0 0 0 0 0 0 0 0 0 0 0 0 0 0 0 0 0 0 0 0 0 0 0 0 0 0 0 0 0 0 0 0 0 0 0 0 0 0 0 0 0 0 0 0 0 0 0 0 0 0 0 0 0 0 0 0 0 0 0 0 0 0 0 0 0 0 0 0 0 0 0 0 0
INFO:tensorflow:segment_ids: 0 0 0 0 0 0 0 0 0 1 1 1 1 1 1 1 1 1 1 1 1 1 1 1 1 0 0 0 0 0 0 0 0 0 0 0 0 0 0 0 0 0 0 0 0 0 0 0 0 0 0 0 0 0 0 0 0 0 0 0 0 0 0 0 0 0 0 0 0 0 0 0 0 0 0 0 0 0 0 0 0 0 0 0 0 0 0 0 0 0 0 0 0 0 0 0 0 0 0 0 0 0 0 0 0 0 0 0 0 0 0 0 0 0 0 0 0 0 0 0 0 0 0 0 0 0 0 0
I1103 01:19:16.932313 47585367635008 create_pretraining_data.py:161] segment_ids: 0 0 0 0 0 0 0 0 0 1 1 1 1 1 1 1 1 1 1 1 1 1 1 1 1 0 0 0 0 0 0 0 0 0 0 0 0 0 0 0 0 0 0 0 0 0 0 0 0 0 0 0 0 0 0 0 0 0 0 0 0 0 0 0 0 0 0 0 0 0 0 0 0 0 0 0 0 0 0 0 0 0 0 0 0 0 0 0 0 0 0 0 0 0 0 0 0 0 0 0 0 0 0 0 0 0 0 0 0 0 0 0 0 0 0 0 0 0 0 0 0 0 0 0 0 0 0 0
INFO:tensorflow:masked_lm_positions: 5 14 16 19 0 0 0 0 0 0 0 0 0 0 0 0 0 0 0 0
I1103 01:19:16.932439 47585367635008 create_pretraining_data.py:161] masked_lm_positions: 5 14 16 19 0 0 0 0 0 0 0 0 0 0 0 0 0 0 0 0
INFO:tensorflow:masked_lm_ids: 8467 2192 8418 10744 0 0 0 0 0 0 0 0 0 0 0 0 0 0 0 0
I1103 01:19:16.932550 47585367635008 create_pretraining_data.py:161] masked_lm_ids: 8467 2192 8418 10744 0 0 0 0 0 0 0 0 0 0 0 0 0 0 0 0
INFO:tensorflow:masked_lm_weights: 1.0 1.0 1.0 1.0 0.0 0.0 0.0 0.0 0.0 0.0 0.0 0.0 0.0 0.0 0.0 0.0 0.0 0.0 0.0 0.0
I1103 01:19:16.932669 47585367635008 create_pretraining_data.py:161] masked_lm_weights: 1.0 1.0 1.0 1.0 0.0 0.0 0.0 0.0 0.0 0.0 0.0 0.0 0.0 0.0 0.0 0.0 0.0 0.0 0.0 0.0
INFO:tensorflow:next_sentence_labels: 1
I1103 01:19:16.932770 47585367635008 create_pretraining_data.py:161] next_sentence_labels: 1
INFO:tensorflow:*** Example ***
I1103 01:19:16.933503 47585367635008 create_pretraining_data.py:149] *** Example ***
INFO:tensorflow:tokens: [CLS] ربي اكتب لي و لمت ##ابعين ##ي كل [MASK] [SEP] لما يحكي لك [MASK] شعور ##ه بع ##شوا ##ئيه بدون [MASK] لما ما تفهم من كلامه الا انه يحبك [MASK] اعرف ان الكلام اللي قاله كان من [MASK] قلبه بصدق [SEP]
I1103 01:19:16.933670 47585367635008 create_pretraining_data.py:151] tokens: [CLS] ربي اكتب لي و لمت ##ابعين ##ي كل [MASK] [SEP] لما يحكي لك [MASK] شعور ##ه بع ##شوا ##ئيه بدون [MASK] لما ما تفهم من كلامه الا انه يحبك [MASK] اعرف ان الكلام اللي قاله كان من [MASK] قلبه بصدق [SEP]
INFO:tensorflow:input_ids: 2 2949 6559 2134 415 8213 9024 1013 2038 4 3 2518 15481 2278 4 5443 1028 2704 23712 14878 3279 4 2518 1972 10321 1908 11202 1915 2615 7725 4 5871 1939 3859 2115 9181 2055 1908 4 6394 15133 3 0 0 0 0 0 0 0 0 0 0 0 0 0 0 0 0 0 0 0 0 0 0 0 0 0 0 0 0 0 0 0 0 0 0 0 0 0 0 0 0 0 0 0 0 0 0 0 0 0 0 0 0 0 0 0 0 0 0 0 0 0 0 0 0 0 0 0 0 0 0 0 0 0 0 0 0 0 0 0 0 0 0 0 0 0 0
I1103 01:19:16.933842 47585367635008 create_pretraining_data.py:161] input_ids: 2 2949 6559 2134 415 8213 9024 1013 2038 4 3 2518 15481 2278 4 5443 1028 2704 23712 14878 3279 4 2518 1972 10321 1908 11202 1915 2615 7725 4 5871 1939 3859 2115 9181 2055 1908 4 6394 15133 3 0 0 0 0 0 0 0 0 0 0 0 0 0 0 0 0 0 0 0 0 0 0 0 0 0 0 0 0 0 0 0 0 0 0 0 0 0 0 0 0 0 0 0 0 0 0 0 0 0 0 0 0 0 0 0 0 0 0 0 0 0 0 0 0 0 0 0 0 0 0 0 0 0 0 0 0 0 0 0 0 0 0 0 0 0 0
INFO:tensorflow:input_mask: 1 1 1 1 1 1 1 1 1 1 1 1 1 1 1 1 1 1 1 1 1 1 1 1 1 1 1 1 1 1 1 1 1 1 1 1 1 1 1 1 1 1 0 0 0 0 0 0 0 0 0 0 0 0 0 0 0 0 0 0 0 0 0 0 0 0 0 0 0 0 0 0 0 0 0 0 0 0 0 0 0 0 0 0 0 0 0 0 0 0 0 0 0 0 0 0 0 0 0 0 0 0 0 0 0 0 0 0 0 0 0 0 0 0 0 0 0 0 0 0 0 0 0 0 0 0 0 0
I1103 01:19:16.933999 47585367635008 create_pretraining_data.py:161] input_mask: 1 1 1 1 1 1 1 1 1 1 1 1 1 1 1 1 1 1 1 1 1 1 1 1 1 1 1 1 1 1 1 1 1 1 1 1 1 1 1 1 1 1 0 0 0 0 0 0 0 0 0 0 0 0 0 0 0 0 0 0 0 0 0 0 0 0 0 0 0 0 0 0 0 0 0 0 0 0 0 0 0 0 0 0 0 0 0 0 0 0 0 0 0 0 0 0 0 0 0 0 0 0 0 0 0 0 0 0 0 0 0 0 0 0 0 0 0 0 0 0 0 0 0 0 0 0 0 0
INFO:tensorflow:segment_ids: 0 0 0 0 0 0 0 0 0 0 0 1 1 1 1 1 1 1 1 1 1 1 1 1 1 1 1 1 1 1 1 1 1 1 1 1 1 1 1 1 1 1 0 0 0 0 0 0 0 0 0 0 0 0 0 0 0 0 0 0 0 0 0 0 0 0 0 0 0 0 0 0 0 0 0 0 0 0 0 0 0 0 0 0 0 0 0 0 0 0 0 0 0 0 0 0 0 0 0 0 0 0 0 0 0 0 0 0 0 0 0 0 0 0 0 0 0 0 0 0 0 0 0 0 0 0 0 0
I1103 01:19:16.934148 47585367635008 create_pretraining_data.py:161] segment_ids: 0 0 0 0 0 0 0 0 0 0 0 1 1 1 1 1 1 1 1 1 1 1 1 1 1 1 1 1 1 1 1 1 1 1 1 1 1 1 1 1 1 1 0 0 0 0 0 0 0 0 0 0 0 0 0 0 0 0 0 0 0 0 0 0 0 0 0 0 0 0 0 0 0 0 0 0 0 0 0 0 0 0 0 0 0 0 0 0 0 0 0 0 0 0 0 0 0 0 0 0 0 0 0 0 0 0 0 0 0 0 0 0 0 0 0 0 0 0 0 0 0 0 0 0 0 0 0 0
INFO:tensorflow:masked_lm_positions: 9 14 21 22 30 38 0 0 0 0 0 0 0 0 0 0 0 0 0 0
I1103 01:19:16.934259 47585367635008 create_pretraining_data.py:161] masked_lm_positions: 9 14 21 22 30 38 0 0 0 0 0 0 0 0 0 0 0 0 0 0
INFO:tensorflow:masked_lm_ids: 2631 2439 7796 2518 11315 3224 0 0 0 0 0 0 0 0 0 0 0 0 0 0
I1103 01:19:16.934369 47585367635008 create_pretraining_data.py:161] masked_lm_ids: 2631 2439 7796 2518 11315 3224 0 0 0 0 0 0 0 0 0 0 0 0 0 0
INFO:tensorflow:masked_lm_weights: 1.0 1.0 1.0 1.0 1.0 1.0 0.0 0.0 0.0 0.0 0.0 0.0 0.0 0.0 0.0 0.0 0.0 0.0 0.0 0.0
I1103 01:19:16.934496 47585367635008 create_pretraining_data.py:161] masked_lm_weights: 1.0 1.0 1.0 1.0 1.0 1.0 0.0 0.0 0.0 0.0 0.0 0.0 0.0 0.0 0.0 0.0 0.0 0.0 0.0 0.0
INFO:tensorflow:next_sentence_labels: 1
I1103 01:19:16.934596 47585367635008 create_pretraining_data.py:161] next_sentence_labels: 1
INFO:tensorflow:*** Example ***
I1103 01:19:16.935328 47585367635008 create_pretraining_data.py:149] *** Example ***
INFO:tensorflow:tokens: [CLS] فشل وزيرا ##لاع ##لام في [MASK] مع ##ركت ##نا [MASK] ضد ماتت ##عرض له المملكه هل هو لاسباب ايد ##ولوجي ##ه واج ##ندات شخصيه ام عجز ##رض [MASK] [MASK] شخصيه [SEP] يبقي الماء ماء سواء قدمته في اك ##واب [MASK] الذهب او [MASK] [MASK] من الفخ ##ار كن انت الماء الذي لا يت ##اثر بالم ##ظاهر [SEP]
I1103 01:19:16.935490 47585367635008 create_pretraining_data.py:151] tokens: [CLS] فشل وزيرا ##لاع ##لام في [MASK] مع ##ركت ##نا [MASK] ضد ماتت ##عرض له المملكه هل هو لاسباب ايد ##ولوجي ##ه واج ##ندات شخصيه ام عجز ##رض [MASK] [MASK] شخصيه [SEP] يبقي الماء ماء سواء قدمته في اك ##واب [MASK] الذهب او [MASK] [MASK] من الفخ ##ار كن انت الماء الذي لا يت ##اثر بالم ##ظاهر [SEP]
INFO:tensorflow:input_ids: 2 9015 14541 7906 2025 1912 4 1973 13782 1914 4 3051 11873 4153 2154 5195 2827 2139 28558 10258 12103 1028 3923 11911 10357 2112 7570 2080 4 4 10357 3 5849 3063 5185 4345 24248 1912 3678 2889 4 6472 2213 4 4 1908 14753 1909 3181 2164 3063 2130 1963 2097 21273 2493 7074 3 0 0 0 0 0 0 0 0 0 0 0 0 0 0 0 0 0 0 0 0 0 0 0 0 0 0 0 0 0 0 0 0 0 0 0 0 0 0 0 0 0 0 0 0 0 0 0 0 0 0 0 0 0 0 0 0 0 0 0 0 0 0 0 0 0 0 0 0 0 0
I1103 01:19:16.935676 47585367635008 create_pretraining_data.py:161] input_ids: 2 9015 14541 7906 2025 1912 4 1973 13782 1914 4 3051 11873 4153 2154 5195 2827 2139 28558 10258 12103 1028 3923 11911 10357 2112 7570 2080 4 4 10357 3 5849 3063 5185 4345 24248 1912 3678 2889 4 6472 2213 4 4 1908 14753 1909 3181 2164 3063 2130 1963 2097 21273 2493 7074 3 0 0 0 0 0 0 0 0 0 0 0 0 0 0 0 0 0 0 0 0 0 0 0 0 0 0 0 0 0 0 0 0 0 0 0 0 0 0 0 0 0 0 0 0 0 0 0 0 0 0 0 0 0 0 0 0 0 0 0 0 0 0 0 0 0 0 0 0 0 0
INFO:tensorflow:input_mask: 1 1 1 1 1 1 1 1 1 1 1 1 1 1 1 1 1 1 1 1 1 1 1 1 1 1 1 1 1 1 1 1 1 1 1 1 1 1 1 1 1 1 1 1 1 1 1 1 1 1 1 1 1 1 1 1 1 1 0 0 0 0 0 0 0 0 0 0 0 0 0 0 0 0 0 0 0 0 0 0 0 0 0 0 0 0 0 0 0 0 0 0 0 0 0 0 0 0 0 0 0 0 0 0 0 0 0 0 0 0 0 0 0 0 0 0 0 0 0 0 0 0 0 0 0 0 0 0
I1103 01:19:16.935826 47585367635008 create_pretraining_data.py:161] input_mask: 1 1 1 1 1 1 1 1 1 1 1 1 1 1 1 1 1 1 1 1 1 1 1 1 1 1 1 1 1 1 1 1 1 1 1 1 1 1 1 1 1 1 1 1 1 1 1 1 1 1 1 1 1 1 1 1 1 1 0 0 0 0 0 0 0 0 0 0 0 0 0 0 0 0 0 0 0 0 0 0 0 0 0 0 0 0 0 0 0 0 0 0 0 0 0 0 0 0 0 0 0 0 0 0 0 0 0 0 0 0 0 0 0 0 0 0 0 0 0 0 0 0 0 0 0 0 0 0
INFO:tensorflow:segment_ids: 0 0 0 0 0 0 0 0 0 0 0 0 0 0 0 0 0 0 0 0 0 0 0 0 0 0 0 0 0 0 0 0 1 1 1 1 1 1 1 1 1 1 1 1 1 1 1 1 1 1 1 1 1 1 1 1 1 1 0 0 0 0 0 0 0 0 0 0 0 0 0 0 0 0 0 0 0 0 0 0 0 0 0 0 0 0 0 0 0 0 0 0 0 0 0 0 0 0 0 0 0 0 0 0 0 0 0 0 0 0 0 0 0 0 0 0 0 0 0 0 0 0 0 0 0 0 0 0
I1103 01:19:16.935949 47585367635008 create_pretraining_data.py:161] segment_ids: 0 0 0 0 0 0 0 0 0 0 0 0 0 0 0 0 0 0 0 0 0 0 0 0 0 0 0 0 0 0 0 0 1 1 1 1 1 1 1 1 1 1 1 1 1 1 1 1 1 1 1 1 1 1 1 1 1 1 0 0 0 0 0 0 0 0 0 0 0 0 0 0 0 0 0 0 0 0 0 0 0 0 0 0 0 0 0 0 0 0 0 0 0 0 0 0 0 0 0 0 0 0 0 0 0 0 0 0 0 0 0 0 0 0 0 0 0 0 0 0 0 0 0 0 0 0 0 0
INFO:tensorflow:masked_lm_positions: 6 10 27 28 29 40 43 44 52 0 0 0 0 0 0 0 0 0 0 0
I1103 01:19:16.936042 47585367635008 create_pretraining_data.py:161] masked_lm_positions: 6 10 27 28 29 40 43 44 52 0 0 0 0 0 0 0 0 0 0 0
INFO:tensorflow:masked_lm_ids: 7428 27794 415 3149 16961 1908 3678 2889 1963 0 0 0 0 0 0 0 0 0 0 0
I1103 01:19:16.936147 47585367635008 create_pretraining_data.py:161] masked_lm_ids: 7428 27794 415 3149 16961 1908 3678 2889 1963 0 0 0 0 0 0 0 0 0 0 0
INFO:tensorflow:masked_lm_weights: 1.0 1.0 1.0 1.0 1.0 1.0 1.0 1.0 1.0 0.0 0.0 0.0 0.0 0.0 0.0 0.0 0.0 0.0 0.0 0.0
I1103 01:19:16.936244 47585367635008 create_pretraining_data.py:161] masked_lm_weights: 1.0 1.0 1.0 1.0 1.0 1.0 1.0 1.0 1.0 0.0 0.0 0.0 0.0 0.0 0.0 0.0 0.0 0.0 0.0 0.0
INFO:tensorflow:next_sentence_labels: 1
I1103 01:19:16.936329 47585367635008 create_pretraining_data.py:161] next_sentence_labels: 1
INFO:tensorflow:*** Example ***
I1103 01:19:16.936925 47585367635008 create_pretraining_data.py:149] *** Example ***
INFO:tensorflow:tokens: [CLS] عزيز ##نا الحمل جرب [MASK] نقاش [MASK] ما تفهم غلط حاول تشحن حوا ##سك [MASK] تق ##ابل المشر [SEP] تونس رئيس الوزراء سن ##حا ##فظ علي الديمقراطي ##ه في البلاد [SEP]
I1103 01:19:16.937055 47585367635008 create_pretraining_data.py:151] tokens: [CLS] عزيز ##نا الحمل جرب [MASK] نقاش [MASK] ما تفهم غلط حاول تشحن حوا ##سك [MASK] تق ##ابل المشر [SEP] تونس رئيس الوزراء سن ##حا ##فظ علي الديمقراطي ##ه في البلاد [SEP]
INFO:tensorflow:input_ids: 2 6910 1914 6883 12530 4 12684 4 1972 10321 7361 6346 11513 13453 3617 4 2161 3456 23976 3 5407 2426 4012 2579 2709 2698 1958 11692 1028 1912 3992 3 0 0 0 0 0 0 0 0 0 0 0 0 0 0 0 0 0 0 0 0 0 0 0 0 0 0 0 0 0 0 0 0 0 0 0 0 0 0 0 0 0 0 0 0 0 0 0 0 0 0 0 0 0 0 0 0 0 0 0 0 0 0 0 0 0 0 0 0 0 0 0 0 0 0 0 0 0 0 0 0 0 0 0 0 0 0 0 0 0 0 0 0 0 0 0 0
I1103 01:19:16.937195 47585367635008 create_pretraining_data.py:161] input_ids: 2 6910 1914 6883 12530 4 12684 4 1972 10321 7361 6346 11513 13453 3617 4 2161 3456 23976 3 5407 2426 4012 2579 2709 2698 1958 11692 1028 1912 3992 3 0 0 0 0 0 0 0 0 0 0 0 0 0 0 0 0 0 0 0 0 0 0 0 0 0 0 0 0 0 0 0 0 0 0 0 0 0 0 0 0 0 0 0 0 0 0 0 0 0 0 0 0 0 0 0 0 0 0 0 0 0 0 0 0 0 0 0 0 0 0 0 0 0 0 0 0 0 0 0 0 0 0 0 0 0 0 0 0 0 0 0 0 0 0 0 0
INFO:tensorflow:input_mask: 1 1 1 1 1 1 1 1 1 1 1 1 1 1 1 1 1 1 1 1 1 1 1 1 1 1 1 1 1 1 1 1 0 0 0 0 0 0 0 0 0 0 0 0 0 0 0 0 0 0 0 0 0 0 0 0 0 0 0 0 0 0 0 0 0 0 0 0 0 0 0 0 0 0 0 0 0 0 0 0 0 0 0 0 0 0 0 0 0 0 0 0 0 0 0 0 0 0 0 0 0 0 0 0 0 0 0 0 0 0 0 0 0 0 0 0 0 0 0 0 0 0 0 0 0 0 0 0
I1103 01:19:16.937320 47585367635008 create_pretraining_data.py:161] input_mask: 1 1 1 1 1 1 1 1 1 1 1 1 1 1 1 1 1 1 1 1 1 1 1 1 1 1 1 1 1 1 1 1 0 0 0 0 0 0 0 0 0 0 0 0 0 0 0 0 0 0 0 0 0 0 0 0 0 0 0 0 0 0 0 0 0 0 0 0 0 0 0 0 0 0 0 0 0 0 0 0 0 0 0 0 0 0 0 0 0 0 0 0 0 0 0 0 0 0 0 0 0 0 0 0 0 0 0 0 0 0 0 0 0 0 0 0 0 0 0 0 0 0 0 0 0 0 0 0
INFO:tensorflow:segment_ids: 0 0 0 0 0 0 0 0 0 0 0 0 0 0 0 0 0 0 0 0 1 1 1 1 1 1 1 1 1 1 1 1 0 0 0 0 0 0 0 0 0 0 0 0 0 0 0 0 0 0 0 0 0 0 0 0 0 0 0 0 0 0 0 0 0 0 0 0 0 0 0 0 0 0 0 0 0 0 0 0 0 0 0 0 0 0 0 0 0 0 0 0 0 0 0 0 0 0 0 0 0 0 0 0 0 0 0 0 0 0 0 0 0 0 0 0 0 0 0 0 0 0 0 0 0 0 0 0
I1103 01:19:16.937443 47585367635008 create_pretraining_data.py:161] segment_ids: 0 0 0 0 0 0 0 0 0 0 0 0 0 0 0 0 0 0 0 0 1 1 1 1 1 1 1 1 1 1 1 1 0 0 0 0 0 0 0 0 0 0 0 0 0 0 0 0 0 0 0 0 0 0 0 0 0 0 0 0 0 0 0 0 0 0 0 0 0 0 0 0 0 0 0 0 0 0 0 0 0 0 0 0 0 0 0 0 0 0 0 0 0 0 0 0 0 0 0 0 0 0 0 0 0 0 0 0 0 0 0 0 0 0 0 0 0 0 0 0 0 0 0 0 0 0 0 0
INFO:tensorflow:masked_lm_positions: 5 7 12 15 18 0 0 0 0 0 0 0 0 0 0 0 0 0 0 0
I1103 01:19:16.937533 47585367635008 create_pretraining_data.py:161] masked_lm_positions: 5 7 12 15 18 0 0 0 0 0 0 0 0 0 0 0 0 0 0 0
INFO:tensorflow:masked_lm_ids: 6253 3279 11513 2289 2397 0 0 0 0 0 0 0 0 0 0 0 0 0 0 0
I1103 01:19:16.937629 47585367635008 create_pretraining_data.py:161] masked_lm_ids: 6253 3279 11513 2289 2397 0 0 0 0 0 0 0 0 0 0 0 0 0 0 0
INFO:tensorflow:masked_lm_weights: 1.0 1.0 1.0 1.0 1.0 0.0 0.0 0.0 0.0 0.0 0.0 0.0 0.0 0.0 0.0 0.0 0.0 0.0 0.0 0.0
I1103 01:19:16.937723 47585367635008 create_pretraining_data.py:161] masked_lm_weights: 1.0 1.0 1.0 1.0 1.0 0.0 0.0 0.0 0.0 0.0 0.0 0.0 0.0 0.0 0.0 0.0 0.0 0.0 0.0 0.0
INFO:tensorflow:next_sentence_labels: 1
I1103 01:19:16.937819 47585367635008 create_pretraining_data.py:161] next_sentence_labels: 1
INFO:tensorflow:*** Example ***
I1103 01:19:16.938445 47585367635008 create_pretraining_data.py:149] *** Example ***
INFO:tensorflow:tokens: [CLS] الحفر السريع دري ##ل [MASK] تعرضت حفر الاب ##ار الارت ##وازي ##ه [MASK] الغ ##طا ##سات استخراج ترا ##خيص [MASK] 059 ##99 ##39 ##39 ##4 055 ##29 ##79 ##92 ##9 [SEP] اق ##ض حياتك في ##زنات بالناس وليس التقلي ##ل من الاقتراع [MASK] فال ##اس ##اءه الي الناس عاده بغي ##ضه [MASK] كان وضع ##ك [SEP]
I1103 01:19:16.938583 47585367635008 create_pretraining_data.py:151] tokens: [CLS] الحفر السريع دري ##ل [MASK] تعرضت حفر الاب ##ار الارت ##وازي ##ه [MASK] الغ ##طا ##سات استخراج ترا ##خيص [MASK] 059 ##99 ##39 ##39 ##4 055 ##29 ##79 ##92 ##9 [SEP] اق ##ض حياتك في ##زنات بالناس وليس التقلي ##ل من الاقتراع [MASK] فال ##اس ##اءه الي الناس عاده بغي ##ضه [MASK] كان وضع ##ك [SEP]
INFO:tensorflow:input_ids: 2 22482 10010 15584 1010 4 12645 9207 4120 1909 5845 18941 1028 4 2173 3350 2502 17575 4398 6475 4 16943 4066 8580 8580 1069 5513 9080 11094 26705 1077 3 2536 1027 4540 1912 27808 15904 3607 8622 1010 1908 17508 4 2989 2233 9698 2002 2397 17767 12286 5003 4 2055 3462 1014 3 0 0 0 0 0 0 0 0 0 0 0 0 0 0 0 0 0 0 0 0 0 0 0 0 0 0 0 0 0 0 0 0 0 0 0 0 0 0 0 0 0 0 0 0 0 0 0 0 0 0 0 0 0 0 0 0 0 0 0 0 0 0 0 0 0 0 0 0 0 0 0
I1103 01:19:16.938732 47585367635008 create_pretraining_data.py:161] input_ids: 2 22482 10010 15584 1010 4 12645 9207 4120 1909 5845 18941 1028 4 2173 3350 2502 17575 4398 6475 4 16943 4066 8580 8580 1069 5513 9080 11094 26705 1077 3 2536 1027 4540 1912 27808 15904 3607 8622 1010 1908 17508 4 2989 2233 9698 2002 2397 17767 12286 5003 4 2055 3462 1014 3 0 0 0 0 0 0 0 0 0 0 0 0 0 0 0 0 0 0 0 0 0 0 0 0 0 0 0 0 0 0 0 0 0 0 0 0 0 0 0 0 0 0 0 0 0 0 0 0 0 0 0 0 0 0 0 0 0 0 0 0 0 0 0 0 0 0 0 0 0 0 0
INFO:tensorflow:input_mask: 1 1 1 1 1 1 1 1 1 1 1 1 1 1 1 1 1 1 1 1 1 1 1 1 1 1 1 1 1 1 1 1 1 1 1 1 1 1 1 1 1 1 1 1 1 1 1 1 1 1 1 1 1 1 1 1 1 0 0 0 0 0 0 0 0 0 0 0 0 0 0 0 0 0 0 0 0 0 0 0 0 0 0 0 0 0 0 0 0 0 0 0 0 0 0 0 0 0 0 0 0 0 0 0 0 0 0 0 0 0 0 0 0 0 0 0 0 0 0 0 0 0 0 0 0 0 0 0
I1103 01:19:16.938862 47585367635008 create_pretraining_data.py:161] input_mask: 1 1 1 1 1 1 1 1 1 1 1 1 1 1 1 1 1 1 1 1 1 1 1 1 1 1 1 1 1 1 1 1 1 1 1 1 1 1 1 1 1 1 1 1 1 1 1 1 1 1 1 1 1 1 1 1 1 0 0 0 0 0 0 0 0 0 0 0 0 0 0 0 0 0 0 0 0 0 0 0 0 0 0 0 0 0 0 0 0 0 0 0 0 0 0 0 0 0 0 0 0 0 0 0 0 0 0 0 0 0 0 0 0 0 0 0 0 0 0 0 0 0 0 0 0 0 0 0
INFO:tensorflow:segment_ids: 0 0 0 0 0 0 0 0 0 0 0 0 0 0 0 0 0 0 0 0 0 0 0 0 0 0 0 0 0 0 0 0 1 1 1 1 1 1 1 1 1 1 1 1 1 1 1 1 1 1 1 1 1 1 1 1 1 0 0 0 0 0 0 0 0 0 0 0 0 0 0 0 0 0 0 0 0 0 0 0 0 0 0 0 0 0 0 0 0 0 0 0 0 0 0 0 0 0 0 0 0 0 0 0 0 0 0 0 0 0 0 0 0 0 0 0 0 0 0 0 0 0 0 0 0 0 0 0
I1103 01:19:16.938986 47585367635008 create_pretraining_data.py:161] segment_ids: 0 0 0 0 0 0 0 0 0 0 0 0 0 0 0 0 0 0 0 0 0 0 0 0 0 0 0 0 0 0 0 0 1 1 1 1 1 1 1 1 1 1 1 1 1 1 1 1 1 1 1 1 1 1 1 1 1 0 0 0 0 0 0 0 0 0 0 0 0 0 0 0 0 0 0 0 0 0 0 0 0 0 0 0 0 0 0 0 0 0 0 0 0 0 0 0 0 0 0 0 0 0 0 0 0 0 0 0 0 0 0 0 0 0 0 0 0 0 0 0 0 0 0 0 0 0 0 0
INFO:tensorflow:masked_lm_positions: 2 5 6 13 20 36 42 43 52 0 0 0 0 0 0 0 0 0 0 0
I1103 01:19:16.939077 47585367635008 create_pretraining_data.py:161] masked_lm_positions: 2 5 6 13 20 36 42 43 52 0 0 0 0 0 0 0 0 0 0 0
INFO:tensorflow:masked_lm_ids: 10010 9836 1914 8989 22482 28517 29310 1015 11628 0 0 0 0 0 0 0 0 0 0 0
I1103 01:19:16.939167 47585367635008 create_pretraining_data.py:161] masked_lm_ids: 10010 9836 1914 8989 22482 28517 29310 1015 11628 0 0 0 0 0 0 0 0 0 0 0
INFO:tensorflow:masked_lm_weights: 1.0 1.0 1.0 1.0 1.0 1.0 1.0 1.0 1.0 0.0 0.0 0.0 0.0 0.0 0.0 0.0 0.0 0.0 0.0 0.0
I1103 01:19:16.939258 47585367635008 create_pretraining_data.py:161] masked_lm_weights: 1.0 1.0 1.0 1.0 1.0 1.0 1.0 1.0 1.0 0.0 0.0 0.0 0.0 0.0 0.0 0.0 0.0 0.0 0.0 0.0
INFO:tensorflow:next_sentence_labels: 1
I1103 01:19:16.939356 47585367635008 create_pretraining_data.py:161] next_sentence_labels: 1
INFO:tensorflow:*** Example ***
I1103 01:19:16.939954 47585367635008 create_pretraining_data.py:149] *** Example ***
INFO:tensorflow:tokens: [CLS] شكلي لما اعطي احد علي جوه [SEP] ما نسينا ##ك [MASK] سيدي رضي [MASK] عنك يا سيدي لعن الله قاتل ##يك [MASK] اسماعيل [SEP]
I1103 01:19:16.940080 47585367635008 create_pretraining_data.py:151] tokens: [CLS] شكلي لما اعطي احد علي جوه [SEP] ما نسينا ##ك [MASK] سيدي رضي [MASK] عنك يا سيدي لعن الله قاتل ##يك [MASK] اسماعيل [SEP]
INFO:tensorflow:input_ids: 2 11898 2518 15367 2439 1958 14652 3 1972 27591 1014 4 7282 4309 4 4548 2104 7282 25405 1953 11545 2434 4 12886 3 0 0 0 0 0 0 0 0 0 0 0 0 0 0 0 0 0 0 0 0 0 0 0 0 0 0 0 0 0 0 0 0 0 0 0 0 0 0 0 0 0 0 0 0 0 0 0 0 0 0 0 0 0 0 0 0 0 0 0 0 0 0 0 0 0 0 0 0 0 0 0 0 0 0 0 0 0 0 0 0 0 0 0 0 0 0 0 0 0 0 0 0 0 0 0 0 0 0 0 0 0 0 0
I1103 01:19:16.940218 47585367635008 create_pretraining_data.py:161] input_ids: 2 11898 2518 15367 2439 1958 14652 3 1972 27591 1014 4 7282 4309 4 4548 2104 7282 25405 1953 11545 2434 4 12886 3 0 0 0 0 0 0 0 0 0 0 0 0 0 0 0 0 0 0 0 0 0 0 0 0 0 0 0 0 0 0 0 0 0 0 0 0 0 0 0 0 0 0 0 0 0 0 0 0 0 0 0 0 0 0 0 0 0 0 0 0 0 0 0 0 0 0 0 0 0 0 0 0 0 0 0 0 0 0 0 0 0 0 0 0 0 0 0 0 0 0 0 0 0 0 0 0 0 0 0 0 0 0 0
INFO:tensorflow:input_mask: 1 1 1 1 1 1 1 1 1 1 1 1 1 1 1 1 1 1 1 1 1 1 1 1 1 0 0 0 0 0 0 0 0 0 0 0 0 0 0 0 0 0 0 0 0 0 0 0 0 0 0 0 0 0 0 0 0 0 0 0 0 0 0 0 0 0 0 0 0 0 0 0 0 0 0 0 0 0 0 0 0 0 0 0 0 0 0 0 0 0 0 0 0 0 0 0 0 0 0 0 0 0 0 0 0 0 0 0 0 0 0 0 0 0 0 0 0 0 0 0 0 0 0 0 0 0 0 0
I1103 01:19:16.940344 47585367635008 create_pretraining_data.py:161] input_mask: 1 1 1 1 1 1 1 1 1 1 1 1 1 1 1 1 1 1 1 1 1 1 1 1 1 0 0 0 0 0 0 0 0 0 0 0 0 0 0 0 0 0 0 0 0 0 0 0 0 0 0 0 0 0 0 0 0 0 0 0 0 0 0 0 0 0 0 0 0 0 0 0 0 0 0 0 0 0 0 0 0 0 0 0 0 0 0 0 0 0 0 0 0 0 0 0 0 0 0 0 0 0 0 0 0 0 0 0 0 0 0 0 0 0 0 0 0 0 0 0 0 0 0 0 0 0 0 0
INFO:tensorflow:segment_ids: 0 0 0 0 0 0 0 0 1 1 1 1 1 1 1 1 1 1 1 1 1 1 1 1 1 0 0 0 0 0 0 0 0 0 0 0 0 0 0 0 0 0 0 0 0 0 0 0 0 0 0 0 0 0 0 0 0 0 0 0 0 0 0 0 0 0 0 0 0 0 0 0 0 0 0 0 0 0 0 0 0 0 0 0 0 0 0 0 0 0 0 0 0 0 0 0 0 0 0 0 0 0 0 0 0 0 0 0 0 0 0 0 0 0 0 0 0 0 0 0 0 0 0 0 0 0 0 0
I1103 01:19:16.940466 47585367635008 create_pretraining_data.py:161] segment_ids: 0 0 0 0 0 0 0 0 1 1 1 1 1 1 1 1 1 1 1 1 1 1 1 1 1 0 0 0 0 0 0 0 0 0 0 0 0 0 0 0 0 0 0 0 0 0 0 0 0 0 0 0 0 0 0 0 0 0 0 0 0 0 0 0 0 0 0 0 0 0 0 0 0 0 0 0 0 0 0 0 0 0 0 0 0 0 0 0 0 0 0 0 0 0 0 0 0 0 0 0 0 0 0 0 0 0 0 0 0 0 0 0 0 0 0 0 0 0 0 0 0 0 0 0 0 0 0 0
INFO:tensorflow:masked_lm_positions: 11 14 16 22 0 0 0 0 0 0 0 0 0 0 0 0 0 0 0 0
I1103 01:19:16.940558 47585367635008 create_pretraining_data.py:161] masked_lm_positions: 11 14 16 22 0 0 0 0 0 0 0 0 0 0 0 0 0 0 0 0
INFO:tensorflow:masked_lm_ids: 2104 1953 2104 12049 0 0 0 0 0 0 0 0 0 0 0 0 0 0 0 0
I1103 01:19:16.940654 47585367635008 create_pretraining_data.py:161] masked_lm_ids: 2104 1953 2104 12049 0 0 0 0 0 0 0 0 0 0 0 0 0 0 0 0
INFO:tensorflow:masked_lm_weights: 1.0 1.0 1.0 1.0 0.0 0.0 0.0 0.0 0.0 0.0 0.0 0.0 0.0 0.0 0.0 0.0 0.0 0.0 0.0 0.0
I1103 01:19:16.940747 47585367635008 create_pretraining_data.py:161] masked_lm_weights: 1.0 1.0 1.0 1.0 0.0 0.0 0.0 0.0 0.0 0.0 0.0 0.0 0.0 0.0 0.0 0.0 0.0 0.0 0.0 0.0
INFO:tensorflow:next_sentence_labels: 1
I1103 01:19:16.940830 47585367635008 create_pretraining_data.py:161] next_sentence_labels: 1
INFO:tensorflow:*** Example ***
I1103 01:19:16.941457 47585367635008 create_pretraining_data.py:149] *** Example ***
INFO:tensorflow:tokens: [CLS] بيض الله [MASK] دورات الايام بينت وجه الصديق امن العدو كنت اظن ب مميزه وعط ##يه ##م امان وخ ##اب ظني وطلع ##وا ماه ##م [MASK] [SEP] [MASK] صور الغش هو ترويج الشي ##ره او [MASK] [MASK] السكر علي انه عسل ويكتب علي الع ##لبه من الخارج عسل وي ##وضع صوره نح ##له [MASK] خليه [SEP]
I1103 01:19:16.941594 47585367635008 create_pretraining_data.py:151] tokens: [CLS] بيض الله [MASK] دورات الايام بينت وجه الصديق امن العدو كنت اظن ب مميزه وعط ##يه ##م امان وخ ##اب ظني وطلع ##وا ماه ##م [MASK] [SEP] [MASK] صور الغش هو ترويج الشي ##ره او [MASK] [MASK] السكر علي انه عسل ويكتب علي الع ##لبه من الخارج عسل وي ##وضع صوره نح ##له [MASK] خليه [SEP]
INFO:tensorflow:input_ids: 2 12096 1953 4 8678 4997 29088 2879 8432 4135 7668 2678 18783 388 11760 23802 1988 1015 10330 2680 1933 20247 27339 1928 12776 1015 4 3 4 2649 23308 2139 29041 2456 2197 2213 4 4 8351 1958 2615 10540 25520 1958 1924 6027 1908 3123 10540 2162 4122 4187 3000 1917 4 21626 3 0 0 0 0 0 0 0 0 0 0 0 0 0 0 0 0 0 0 0 0 0 0 0 0 0 0 0 0 0 0 0 0 0 0 0 0 0 0 0 0 0 0 0 0 0 0 0 0 0 0 0 0 0 0 0 0 0 0 0 0 0 0 0 0 0 0 0 0 0 0 0
I1103 01:19:16.941761 47585367635008 create_pretraining_data.py:161] input_ids: 2 12096 1953 4 8678 4997 29088 2879 8432 4135 7668 2678 18783 388 11760 23802 1988 1015 10330 2680 1933 20247 27339 1928 12776 1015 4 3 4 2649 23308 2139 29041 2456 2197 2213 4 4 8351 1958 2615 10540 25520 1958 1924 6027 1908 3123 10540 2162 4122 4187 3000 1917 4 21626 3 0 0 0 0 0 0 0 0 0 0 0 0 0 0 0 0 0 0 0 0 0 0 0 0 0 0 0 0 0 0 0 0 0 0 0 0 0 0 0 0 0 0 0 0 0 0 0 0 0 0 0 0 0 0 0 0 0 0 0 0 0 0 0 0 0 0 0 0 0 0 0
INFO:tensorflow:input_mask: 1 1 1 1 1 1 1 1 1 1 1 1 1 1 1 1 1 1 1 1 1 1 1 1 1 1 1 1 1 1 1 1 1 1 1 1 1 1 1 1 1 1 1 1 1 1 1 1 1 1 1 1 1 1 1 1 1 0 0 0 0 0 0 0 0 0 0 0 0 0 0 0 0 0 0 0 0 0 0 0 0 0 0 0 0 0 0 0 0 0 0 0 0 0 0 0 0 0 0 0 0 0 0 0 0 0 0 0 0 0 0 0 0 0 0 0 0 0 0 0 0 0 0 0 0 0 0 0
I1103 01:19:16.941892 47585367635008 create_pretraining_data.py:161] input_mask: 1 1 1 1 1 1 1 1 1 1 1 1 1 1 1 1 1 1 1 1 1 1 1 1 1 1 1 1 1 1 1 1 1 1 1 1 1 1 1 1 1 1 1 1 1 1 1 1 1 1 1 1 1 1 1 1 1 0 0 0 0 0 0 0 0 0 0 0 0 0 0 0 0 0 0 0 0 0 0 0 0 0 0 0 0 0 0 0 0 0 0 0 0 0 0 0 0 0 0 0 0 0 0 0 0 0 0 0 0 0 0 0 0 0 0 0 0 0 0 0 0 0 0 0 0 0 0 0
INFO:tensorflow:segment_ids: 0 0 0 0 0 0 0 0 0 0 0 0 0 0 0 0 0 0 0 0 0 0 0 0 0 0 0 0 1 1 1 1 1 1 1 1 1 1 1 1 1 1 1 1 1 1 1 1 1 1 1 1 1 1 1 1 1 0 0 0 0 0 0 0 0 0 0 0 0 0 0 0 0 0 0 0 0 0 0 0 0 0 0 0 0 0 0 0 0 0 0 0 0 0 0 0 0 0 0 0 0 0 0 0 0 0 0 0 0 0 0 0 0 0 0 0 0 0 0 0 0 0 0 0 0 0 0 0
I1103 01:19:16.942016 47585367635008 create_pretraining_data.py:161] segment_ids: 0 0 0 0 0 0 0 0 0 0 0 0 0 0 0 0 0 0 0 0 0 0 0 0 0 0 0 0 1 1 1 1 1 1 1 1 1 1 1 1 1 1 1 1 1 1 1 1 1 1 1 1 1 1 1 1 1 0 0 0 0 0 0 0 0 0 0 0 0 0 0 0 0 0 0 0 0 0 0 0 0 0 0 0 0 0 0 0 0 0 0 0 0 0 0 0 0 0 0 0 0 0 0 0 0 0 0 0 0 0 0 0 0 0 0 0 0 0 0 0 0 0 0 0 0 0 0 0
INFO:tensorflow:masked_lm_positions: 3 14 26 28 36 37 40 48 54 0 0 0 0 0 0 0 0 0 0 0
I1103 01:19:16.942109 47585367635008 create_pretraining_data.py:161] masked_lm_positions: 3 14 26 28 36 37 40 48 54 0 0 0 0 0 0 0 0 0 0 0
INFO:tensorflow:masked_lm_ids: 2879 3970 14924 1908 7040 1940 2615 10540 2213 0 0 0 0 0 0 0 0 0 0 0
I1103 01:19:16.942198 47585367635008 create_pretraining_data.py:161] masked_lm_ids: 2879 3970 14924 1908 7040 1940 2615 10540 2213 0 0 0 0 0 0 0 0 0 0 0
INFO:tensorflow:masked_lm_weights: 1.0 1.0 1.0 1.0 1.0 1.0 1.0 1.0 1.0 0.0 0.0 0.0 0.0 0.0 0.0 0.0 0.0 0.0 0.0 0.0
I1103 01:19:16.942290 47585367635008 create_pretraining_data.py:161] masked_lm_weights: 1.0 1.0 1.0 1.0 1.0 1.0 1.0 1.0 1.0 0.0 0.0 0.0 0.0 0.0 0.0 0.0 0.0 0.0 0.0 0.0
INFO:tensorflow:next_sentence_labels: 1
I1103 01:19:16.942372 47585367635008 create_pretraining_data.py:161] next_sentence_labels: 1
INFO:tensorflow:*** Example ***
I1103 01:19:16.942974 47585367635008 create_pretraining_data.py:149] *** Example ***
INFO:tensorflow:tokens: [CLS] غب ##نا عن بعضنا سنين [MASK] وين ##ي وهو وين [SEP] لا اله الا الله ولان ##عبد الا اياه ولان ##رجو سواه عظيم السلطان [MASK] ##اه اف ##لح من دعاه وسع ##د [MASK] رج ##اه وفاز من [MASK] [MASK] [SEP]
I1103 01:19:16.943104 47585367635008 create_pretraining_data.py:151] tokens: [CLS] غب ##نا عن بعضنا سنين [MASK] وين ##ي وهو وين [SEP] لا اله الا الله ولان ##عبد الا اياه ولان ##رجو سواه عظيم السلطان [MASK] ##اه اف ##لح من دعاه وسع ##د [MASK] رج ##اه وفاز من [MASK] [MASK] [SEP]
INFO:tensorflow:input_ids: 2 27285 1914 1955 16611 8189 4 3266 1013 2400 3266 3 1963 2090 1915 1953 16323 14503 1915 21498 16323 6179 17349 5182 7743 4 2030 2668 1938 1908 20072 16405 1016 4 2775 2030 22336 1908 4 4 3 0 0 0 0 0 0 0 0 0 0 0 0 0 0 0 0 0 0 0 0 0 0 0 0 0 0 0 0 0 0 0 0 0 0 0 0 0 0 0 0 0 0 0 0 0 0 0 0 0 0 0 0 0 0 0 0 0 0 0 0 0 0 0 0 0 0 0 0 0 0 0 0 0 0 0 0 0 0 0 0 0 0 0 0 0 0 0
I1103 01:19:16.943259 47585367635008 create_pretraining_data.py:161] input_ids: 2 27285 1914 1955 16611 8189 4 3266 1013 2400 3266 3 1963 2090 1915 1953 16323 14503 1915 21498 16323 6179 17349 5182 7743 4 2030 2668 1938 1908 20072 16405 1016 4 2775 2030 22336 1908 4 4 3 0 0 0 0 0 0 0 0 0 0 0 0 0 0 0 0 0 0 0 0 0 0 0 0 0 0 0 0 0 0 0 0 0 0 0 0 0 0 0 0 0 0 0 0 0 0 0 0 0 0 0 0 0 0 0 0 0 0 0 0 0 0 0 0 0 0 0 0 0 0 0 0 0 0 0 0 0 0 0 0 0 0 0 0 0 0 0
INFO:tensorflow:input_mask: 1 1 1 1 1 1 1 1 1 1 1 1 1 1 1 1 1 1 1 1 1 1 1 1 1 1 1 1 1 1 1 1 1 1 1 1 1 1 1 1 1 0 0 0 0 0 0 0 0 0 0 0 0 0 0 0 0 0 0 0 0 0 0 0 0 0 0 0 0 0 0 0 0 0 0 0 0 0 0 0 0 0 0 0 0 0 0 0 0 0 0 0 0 0 0 0 0 0 0 0 0 0 0 0 0 0 0 0 0 0 0 0 0 0 0 0 0 0 0 0 0 0 0 0 0 0 0 0
I1103 01:19:16.943386 47585367635008 create_pretraining_data.py:161] input_mask: 1 1 1 1 1 1 1 1 1 1 1 1 1 1 1 1 1 1 1 1 1 1 1 1 1 1 1 1 1 1 1 1 1 1 1 1 1 1 1 1 1 0 0 0 0 0 0 0 0 0 0 0 0 0 0 0 0 0 0 0 0 0 0 0 0 0 0 0 0 0 0 0 0 0 0 0 0 0 0 0 0 0 0 0 0 0 0 0 0 0 0 0 0 0 0 0 0 0 0 0 0 0 0 0 0 0 0 0 0 0 0 0 0 0 0 0 0 0 0 0 0 0 0 0 0 0 0 0
INFO:tensorflow:segment_ids: 0 0 0 0 0 0 0 0 0 0 0 0 1 1 1 1 1 1 1 1 1 1 1 1 1 1 1 1 1 1 1 1 1 1 1 1 1 1 1 1 1 0 0 0 0 0 0 0 0 0 0 0 0 0 0 0 0 0 0 0 0 0 0 0 0 0 0 0 0 0 0 0 0 0 0 0 0 0 0 0 0 0 0 0 0 0 0 0 0 0 0 0 0 0 0 0 0 0 0 0 0 0 0 0 0 0 0 0 0 0 0 0 0 0 0 0 0 0 0 0 0 0 0 0 0 0 0 0
I1103 01:19:16.943508 47585367635008 create_pretraining_data.py:161] segment_ids: 0 0 0 0 0 0 0 0 0 0 0 0 1 1 1 1 1 1 1 1 1 1 1 1 1 1 1 1 1 1 1 1 1 1 1 1 1 1 1 1 1 0 0 0 0 0 0 0 0 0 0 0 0 0 0 0 0 0 0 0 0 0 0 0 0 0 0 0 0 0 0 0 0 0 0 0 0 0 0 0 0 0 0 0 0 0 0 0 0 0 0 0 0 0 0 0 0 0 0 0 0 0 0 0 0 0 0 0 0 0 0 0 0 0 0 0 0 0 0 0 0 0 0 0 0 0 0 0
INFO:tensorflow:masked_lm_positions: 6 25 26 33 38 39 0 0 0 0 0 0 0 0 0 0 0 0 0 0
I1103 01:19:16.943600 47585367635008 create_pretraining_data.py:161] masked_lm_positions: 6 25 26 33 38 39 0 0 0 0 0 0 0 0 0 0 0 0 0 0
INFO:tensorflow:masked_lm_ids: 2315 3057 2030 1908 2467 3107 0 0 0 0 0 0 0 0 0 0 0 0 0 0
I1103 01:19:16.943698 47585367635008 create_pretraining_data.py:161] masked_lm_ids: 2315 3057 2030 1908 2467 3107 0 0 0 0 0 0 0 0 0 0 0 0 0 0
INFO:tensorflow:masked_lm_weights: 1.0 1.0 1.0 1.0 1.0 1.0 0.0 0.0 0.0 0.0 0.0 0.0 0.0 0.0 0.0 0.0 0.0 0.0 0.0 0.0
I1103 01:19:16.943791 47585367635008 create_pretraining_data.py:161] masked_lm_weights: 1.0 1.0 1.0 1.0 1.0 1.0 0.0 0.0 0.0 0.0 0.0 0.0 0.0 0.0 0.0 0.0 0.0 0.0 0.0 0.0
INFO:tensorflow:next_sentence_labels: 1
I1103 01:19:16.943874 47585367635008 create_pretraining_data.py:161] next_sentence_labels: 1
INFO:tensorflow:*** Example ***
I1103 01:19:16.944464 47585367635008 create_pretraining_data.py:149] *** Example ***
INFO:tensorflow:tokens: [CLS] حط رجل ##ك كذا ولف ##ها كذا واك ##سره ##ا [MASK] [MASK] اغتصاب الله ##يا ##خذ ##ك [SEP] قال ابن القيم رحمه اما النفاق فهو الدا ##ء العض ##ال الذي [MASK] الرجل ممت ##لئ ##ا منه وهو لا [MASK] [SEP]
I1103 01:19:16.944593 47585367635008 create_pretraining_data.py:151] tokens: [CLS] حط رجل ##ك كذا ولف ##ها كذا واك ##سره ##ا [MASK] [MASK] اغتصاب الله ##يا ##خذ ##ك [SEP] قال ابن القيم رحمه اما النفاق فهو الدا ##ء العض ##ال الذي [MASK] الرجل ممت ##لئ ##ا منه وهو لا [MASK] [SEP]
INFO:tensorflow:input_ids: 2 7249 3829 1014 5078 23573 1913 5078 12762 16878 1007 4 4 22081 1953 1937 3039 1014 3 2136 2549 7085 3849 3910 19624 3799 6938 1053 7525 1901 2130 4 4069 6002 15687 1007 2739 2400 1963 4 3 0 0 0 0 0 0 0 0 0 0 0 0 0 0 0 0 0 0 0 0 0 0 0 0 0 0 0 0 0 0 0 0 0 0 0 0 0 0 0 0 0 0 0 0 0 0 0 0 0 0 0 0 0 0 0 0 0 0 0 0 0 0 0 0 0 0 0 0 0 0 0 0 0 0 0 0 0 0 0 0 0 0 0 0 0 0 0
I1103 01:19:16.944753 47585367635008 create_pretraining_data.py:161] input_ids: 2 7249 3829 1014 5078 23573 1913 5078 12762 16878 1007 4 4 22081 1953 1937 3039 1014 3 2136 2549 7085 3849 3910 19624 3799 6938 1053 7525 1901 2130 4 4069 6002 15687 1007 2739 2400 1963 4 3 0 0 0 0 0 0 0 0 0 0 0 0 0 0 0 0 0 0 0 0 0 0 0 0 0 0 0 0 0 0 0 0 0 0 0 0 0 0 0 0 0 0 0 0 0 0 0 0 0 0 0 0 0 0 0 0 0 0 0 0 0 0 0 0 0 0 0 0 0 0 0 0 0 0 0 0 0 0 0 0 0 0 0 0 0 0 0
INFO:tensorflow:input_mask: 1 1 1 1 1 1 1 1 1 1 1 1 1 1 1 1 1 1 1 1 1 1 1 1 1 1 1 1 1 1 1 1 1 1 1 1 1 1 1 1 1 0 0 0 0 0 0 0 0 0 0 0 0 0 0 0 0 0 0 0 0 0 0 0 0 0 0 0 0 0 0 0 0 0 0 0 0 0 0 0 0 0 0 0 0 0 0 0 0 0 0 0 0 0 0 0 0 0 0 0 0 0 0 0 0 0 0 0 0 0 0 0 0 0 0 0 0 0 0 0 0 0 0 0 0 0 0 0
I1103 01:19:16.944883 47585367635008 create_pretraining_data.py:161] input_mask: 1 1 1 1 1 1 1 1 1 1 1 1 1 1 1 1 1 1 1 1 1 1 1 1 1 1 1 1 1 1 1 1 1 1 1 1 1 1 1 1 1 0 0 0 0 0 0 0 0 0 0 0 0 0 0 0 0 0 0 0 0 0 0 0 0 0 0 0 0 0 0 0 0 0 0 0 0 0 0 0 0 0 0 0 0 0 0 0 0 0 0 0 0 0 0 0 0 0 0 0 0 0 0 0 0 0 0 0 0 0 0 0 0 0 0 0 0 0 0 0 0 0 0 0 0 0 0 0
INFO:tensorflow:segment_ids: 0 0 0 0 0 0 0 0 0 0 0 0 0 0 0 0 0 0 0 1 1 1 1 1 1 1 1 1 1 1 1 1 1 1 1 1 1 1 1 1 1 0 0 0 0 0 0 0 0 0 0 0 0 0 0 0 0 0 0 0 0 0 0 0 0 0 0 0 0 0 0 0 0 0 0 0 0 0 0 0 0 0 0 0 0 0 0 0 0 0 0 0 0 0 0 0 0 0 0 0 0 0 0 0 0 0 0 0 0 0 0 0 0 0 0 0 0 0 0 0 0 0 0 0 0 0 0 0
I1103 01:19:16.945006 47585367635008 create_pretraining_data.py:161] segment_ids: 0 0 0 0 0 0 0 0 0 0 0 0 0 0 0 0 0 0 0 1 1 1 1 1 1 1 1 1 1 1 1 1 1 1 1 1 1 1 1 1 1 0 0 0 0 0 0 0 0 0 0 0 0 0 0 0 0 0 0 0 0 0 0 0 0 0 0 0 0 0 0 0 0 0 0 0 0 0 0 0 0 0 0 0 0 0 0 0 0 0 0 0 0 0 0 0 0 0 0 0 0 0 0 0 0 0 0 0 0 0 0 0 0 0 0 0 0 0 0 0 0 0 0 0 0 0 0 0
INFO:tensorflow:masked_lm_positions: 11 12 13 21 31 39 0 0 0 0 0 0 0 0 0 0 0 0 0 0
I1103 01:19:16.945099 47585367635008 create_pretraining_data.py:161] masked_lm_positions: 11 12 13 21 31 39 0 0 0 0 0 0 0 0 0 0 0 0 0 0
INFO:tensorflow:masked_lm_ids: 25746 1914 3677 7085 2461 7347 0 0 0 0 0 0 0 0 0 0 0 0 0 0
I1103 01:19:16.945190 47585367635008 create_pretraining_data.py:161] masked_lm_ids: 25746 1914 3677 7085 2461 7347 0 0 0 0 0 0 0 0 0 0 0 0 0 0
INFO:tensorflow:masked_lm_weights: 1.0 1.0 1.0 1.0 1.0 1.0 0.0 0.0 0.0 0.0 0.0 0.0 0.0 0.0 0.0 0.0 0.0 0.0 0.0 0.0
I1103 01:19:16.945282 47585367635008 create_pretraining_data.py:161] masked_lm_weights: 1.0 1.0 1.0 1.0 1.0 1.0 0.0 0.0 0.0 0.0 0.0 0.0 0.0 0.0 0.0 0.0 0.0 0.0 0.0 0.0
INFO:tensorflow:next_sentence_labels: 1
I1103 01:19:16.945365 47585367635008 create_pretraining_data.py:161] next_sentence_labels: 1
INFO:tensorflow:*** Example ***
I1103 01:19:16.945947 47585367635008 create_pretraining_data.py:149] *** Example ***
INFO:tensorflow:tokens: [CLS] [MASK] لنفسك فهناك قلب انت له نبض [SEP] الديو احلي [MASK] [MASK] انتي وياه ##ا [SEP]
I1103 01:19:16.946070 47585367635008 create_pretraining_data.py:151] tokens: [CLS] [MASK] لنفسك فهناك قلب انت له نبض [SEP] الديو احلي [MASK] [MASK] انتي وياه ##ا [SEP]
INFO:tensorflow:input_ids: 2 4 9991 11486 2362 2164 2154 7680 3 27688 6227 4 4 5136 27829 1007 3 0 0 0 0 0 0 0 0 0 0 0 0 0 0 0 0 0 0 0 0 0 0 0 0 0 0 0 0 0 0 0 0 0 0 0 0 0 0 0 0 0 0 0 0 0 0 0 0 0 0 0 0 0 0 0 0 0 0 0 0 0 0 0 0 0 0 0 0 0 0 0 0 0 0 0 0 0 0 0 0 0 0 0 0 0 0 0 0 0 0 0 0 0 0 0 0 0 0 0 0 0 0 0 0 0 0 0 0 0 0 0
I1103 01:19:16.946205 47585367635008 create_pretraining_data.py:161] input_ids: 2 4 9991 11486 2362 2164 2154 7680 3 27688 6227 4 4 5136 27829 1007 3 0 0 0 0 0 0 0 0 0 0 0 0 0 0 0 0 0 0 0 0 0 0 0 0 0 0 0 0 0 0 0 0 0 0 0 0 0 0 0 0 0 0 0 0 0 0 0 0 0 0 0 0 0 0 0 0 0 0 0 0 0 0 0 0 0 0 0 0 0 0 0 0 0 0 0 0 0 0 0 0 0 0 0 0 0 0 0 0 0 0 0 0 0 0 0 0 0 0 0 0 0 0 0 0 0 0 0 0 0 0 0
INFO:tensorflow:input_mask: 1 1 1 1 1 1 1 1 1 1 1 1 1 1 1 1 1 0 0 0 0 0 0 0 0 0 0 0 0 0 0 0 0 0 0 0 0 0 0 0 0 0 0 0 0 0 0 0 0 0 0 0 0 0 0 0 0 0 0 0 0 0 0 0 0 0 0 0 0 0 0 0 0 0 0 0 0 0 0 0 0 0 0 0 0 0 0 0 0 0 0 0 0 0 0 0 0 0 0 0 0 0 0 0 0 0 0 0 0 0 0 0 0 0 0 0 0 0 0 0 0 0 0 0 0 0 0 0
I1103 01:19:16.946342 47585367635008 create_pretraining_data.py:161] input_mask: 1 1 1 1 1 1 1 1 1 1 1 1 1 1 1 1 1 0 0 0 0 0 0 0 0 0 0 0 0 0 0 0 0 0 0 0 0 0 0 0 0 0 0 0 0 0 0 0 0 0 0 0 0 0 0 0 0 0 0 0 0 0 0 0 0 0 0 0 0 0 0 0 0 0 0 0 0 0 0 0 0 0 0 0 0 0 0 0 0 0 0 0 0 0 0 0 0 0 0 0 0 0 0 0 0 0 0 0 0 0 0 0 0 0 0 0 0 0 0 0 0 0 0 0 0 0 0 0
INFO:tensorflow:segment_ids: 0 0 0 0 0 0 0 0 0 1 1 1 1 1 1 1 1 0 0 0 0 0 0 0 0 0 0 0 0 0 0 0 0 0 0 0 0 0 0 0 0 0 0 0 0 0 0 0 0 0 0 0 0 0 0 0 0 0 0 0 0 0 0 0 0 0 0 0 0 0 0 0 0 0 0 0 0 0 0 0 0 0 0 0 0 0 0 0 0 0 0 0 0 0 0 0 0 0 0 0 0 0 0 0 0 0 0 0 0 0 0 0 0 0 0 0 0 0 0 0 0 0 0 0 0 0 0 0
I1103 01:19:16.946467 47585367635008 create_pretraining_data.py:161] segment_ids: 0 0 0 0 0 0 0 0 0 1 1 1 1 1 1 1 1 0 0 0 0 0 0 0 0 0 0 0 0 0 0 0 0 0 0 0 0 0 0 0 0 0 0 0 0 0 0 0 0 0 0 0 0 0 0 0 0 0 0 0 0 0 0 0 0 0 0 0 0 0 0 0 0 0 0 0 0 0 0 0 0 0 0 0 0 0 0 0 0 0 0 0 0 0 0 0 0 0 0 0 0 0 0 0 0 0 0 0 0 0 0 0 0 0 0 0 0 0 0 0 0 0 0 0 0 0 0 0
INFO:tensorflow:masked_lm_positions: 1 11 12 0 0 0 0 0 0 0 0 0 0 0 0 0 0 0 0 0
I1103 01:19:16.946558 47585367635008 create_pretraining_data.py:161] masked_lm_positions: 1 11 12 0 0 0 0 0 0 0 0 0 0 0 0 0 0 0 0 0
INFO:tensorflow:masked_lm_ids: 12056 1908 1041 0 0 0 0 0 0 0 0 0 0 0 0 0 0 0 0 0
I1103 01:19:16.946653 47585367635008 create_pretraining_data.py:161] masked_lm_ids: 12056 1908 1041 0 0 0 0 0 0 0 0 0 0 0 0 0 0 0 0 0
INFO:tensorflow:masked_lm_weights: 1.0 1.0 1.0 0.0 0.0 0.0 0.0 0.0 0.0 0.0 0.0 0.0 0.0 0.0 0.0 0.0 0.0 0.0 0.0 0.0
I1103 01:19:16.946746 47585367635008 create_pretraining_data.py:161] masked_lm_weights: 1.0 1.0 1.0 0.0 0.0 0.0 0.0 0.0 0.0 0.0 0.0 0.0 0.0 0.0 0.0 0.0 0.0 0.0 0.0 0.0
INFO:tensorflow:next_sentence_labels: 1
I1103 01:19:16.946829 47585367635008 create_pretraining_data.py:161] next_sentence_labels: 1
INFO:tensorflow:*** Example ***
I1103 01:19:16.947434 47585367635008 create_pretraining_data.py:149] *** Example ***
INFO:tensorflow:tokens: [CLS] طبيعي انك تسمي ##ها خس ##اير لانك في الغالب [MASK] معا ##رف ##ك وو ##ساي ##ط ##ك و [MASK] [MASK] وس ##لط ##تك [MASK] مصادر [MASK] بتاع ##تك والكر ##سي اللي [MASK] [MASK] بالر ##شا ##وي و التز ##وير [SEP] حكوم ##تنا العزيز ##ه موقع [MASK] للص ##ندوق السيا ##دي [MASK] [MASK] يبين الرص ##يد و ارتفاع ##ه بالث ##انيه و مباشر [MASK] قبل الحكومه النرويج ##يه شفا ##فيه [SEP]
I1103 01:19:16.947575 47585367635008 create_pretraining_data.py:151] tokens: [CLS] طبيعي انك تسمي ##ها خس ##اير لانك في الغالب [MASK] معا ##رف ##ك وو ##ساي ##ط ##ك و [MASK] [MASK] وس ##لط ##تك [MASK] مصادر [MASK] بتاع ##تك والكر ##سي اللي [MASK] [MASK] بالر ##شا ##وي و التز ##وير [SEP] حكوم ##تنا العزيز ##ه موقع [MASK] للص ##ندوق السيا ##دي [MASK] [MASK] يبين الرص ##يد و ارتفاع ##ه بالث ##انيه و مباشر [MASK] قبل الحكومه النرويج ##يه شفا ##فيه [SEP]
INFO:tensorflow:input_ids: 2 8190 2963 16769 1913 5210 11249 8571 1912 16622 4 3874 2020 1014 5594 28379 1040 1014 415 4 4 2138 2016 2348 4 5093 4 17131 2348 17859 1999 2115 4 4 5960 3786 1971 415 13537 2626 3 6828 3359 5054 1028 2867 4 3862 5397 2477 1930 4 4 16327 25925 1983 415 5022 1028 11289 3247 415 5141 4 2289 11764 14993 1988 17263 5427 3 0 0 0 0 0 0 0 0 0 0 0 0 0 0 0 0 0 0 0 0 0 0 0 0 0 0 0 0 0 0 0 0 0 0 0 0 0 0 0 0 0 0 0 0 0 0 0 0 0 0 0 0 0 0 0 0 0
I1103 01:19:16.947727 47585367635008 create_pretraining_data.py:161] input_ids: 2 8190 2963 16769 1913 5210 11249 8571 1912 16622 4 3874 2020 1014 5594 28379 1040 1014 415 4 4 2138 2016 2348 4 5093 4 17131 2348 17859 1999 2115 4 4 5960 3786 1971 415 13537 2626 3 6828 3359 5054 1028 2867 4 3862 5397 2477 1930 4 4 16327 25925 1983 415 5022 1028 11289 3247 415 5141 4 2289 11764 14993 1988 17263 5427 3 0 0 0 0 0 0 0 0 0 0 0 0 0 0 0 0 0 0 0 0 0 0 0 0 0 0 0 0 0 0 0 0 0 0 0 0 0 0 0 0 0 0 0 0 0 0 0 0 0 0 0 0 0 0 0 0 0
INFO:tensorflow:input_mask: 1 1 1 1 1 1 1 1 1 1 1 1 1 1 1 1 1 1 1 1 1 1 1 1 1 1 1 1 1 1 1 1 1 1 1 1 1 1 1 1 1 1 1 1 1 1 1 1 1 1 1 1 1 1 1 1 1 1 1 1 1 1 1 1 1 1 1 1 1 1 1 0 0 0 0 0 0 0 0 0 0 0 0 0 0 0 0 0 0 0 0 0 0 0 0 0 0 0 0 0 0 0 0 0 0 0 0 0 0 0 0 0 0 0 0 0 0 0 0 0 0 0 0 0 0 0 0 0
I1103 01:19:16.947870 47585367635008 create_pretraining_data.py:161] input_mask: 1 1 1 1 1 1 1 1 1 1 1 1 1 1 1 1 1 1 1 1 1 1 1 1 1 1 1 1 1 1 1 1 1 1 1 1 1 1 1 1 1 1 1 1 1 1 1 1 1 1 1 1 1 1 1 1 1 1 1 1 1 1 1 1 1 1 1 1 1 1 1 0 0 0 0 0 0 0 0 0 0 0 0 0 0 0 0 0 0 0 0 0 0 0 0 0 0 0 0 0 0 0 0 0 0 0 0 0 0 0 0 0 0 0 0 0 0 0 0 0 0 0 0 0 0 0 0 0
INFO:tensorflow:segment_ids: 0 0 0 0 0 0 0 0 0 0 0 0 0 0 0 0 0 0 0 0 0 0 0 0 0 0 0 0 0 0 0 0 0 0 0 0 0 0 0 0 0 1 1 1 1 1 1 1 1 1 1 1 1 1 1 1 1 1 1 1 1 1 1 1 1 1 1 1 1 1 1 0 0 0 0 0 0 0 0 0 0 0 0 0 0 0 0 0 0 0 0 0 0 0 0 0 0 0 0 0 0 0 0 0 0 0 0 0 0 0 0 0 0 0 0 0 0 0 0 0 0 0 0 0 0 0 0 0
I1103 01:19:16.947993 47585367635008 create_pretraining_data.py:161] segment_ids: 0 0 0 0 0 0 0 0 0 0 0 0 0 0 0 0 0 0 0 0 0 0 0 0 0 0 0 0 0 0 0 0 0 0 0 0 0 0 0 0 0 1 1 1 1 1 1 1 1 1 1 1 1 1 1 1 1 1 1 1 1 1 1 1 1 1 1 1 1 1 1 0 0 0 0 0 0 0 0 0 0 0 0 0 0 0 0 0 0 0 0 0 0 0 0 0 0 0 0 0 0 0 0 0 0 0 0 0 0 0 0 0 0 0 0 0 0 0 0 0 0 0 0 0 0 0 0 0
INFO:tensorflow:masked_lm_positions: 10 19 20 24 26 32 33 46 51 52 63 0 0 0 0 0 0 0 0 0
I1103 01:19:16.948085 47585367635008 create_pretraining_data.py:161] masked_lm_positions: 10 19 20 24 26 32 33 46 51 52 63 0 0 0 0 0 0 0 0 0
INFO:tensorflow:masked_lm_ids: 17440 6511 1014 415 25044 11080 2076 17558 14993 1013 1908 0 0 0 0 0 0 0 0 0
I1103 01:19:16.948174 47585367635008 create_pretraining_data.py:161] masked_lm_ids: 17440 6511 1014 415 25044 11080 2076 17558 14993 1013 1908 0 0 0 0 0 0 0 0 0
INFO:tensorflow:masked_lm_weights: 1.0 1.0 1.0 1.0 1.0 1.0 1.0 1.0 1.0 1.0 1.0 0.0 0.0 0.0 0.0 0.0 0.0 0.0 0.0 0.0
I1103 01:19:16.948266 47585367635008 create_pretraining_data.py:161] masked_lm_weights: 1.0 1.0 1.0 1.0 1.0 1.0 1.0 1.0 1.0 1.0 1.0 0.0 0.0 0.0 0.0 0.0 0.0 0.0 0.0 0.0
INFO:tensorflow:next_sentence_labels: 1
I1103 01:19:16.948350 47585367635008 create_pretraining_data.py:161] next_sentence_labels: 1
INFO:tensorflow:*** Example ***
I1103 01:19:16.948963 47585367635008 create_pretraining_data.py:149] *** Example ***
INFO:tensorflow:tokens: [CLS] اترك الجوال الان خذ كتابا تحدث مع من بجوار ##ك اعمل علي [MASK] قم بري ##اض ##ه اجلس في صمت عد بعد ساعتين او يومين [MASK] سنه اضم ##ن لك لن يفوت ##ك شيء [SEP] عاجل مجز ##ره مرو ##عه ترت ##كب ##ها [MASK] الروسيه في قريه [MASK] ##ام بريف دير [MASK] راح [MASK] [MASK] اكثر من 35 شهيدا بالاض ##افه الي [MASK] الجرح ##ي [SEP]
I1103 01:19:16.949107 47585367635008 create_pretraining_data.py:151] tokens: [CLS] اترك الجوال الان خذ كتابا تحدث مع من بجوار ##ك اعمل علي [MASK] قم بري ##اض ##ه اجلس في صمت عد بعد ساعتين او يومين [MASK] سنه اضم ##ن لك لن يفوت ##ك شيء [SEP] عاجل مجز ##ره مرو ##عه ترت ##كب ##ها [MASK] الروسيه في قريه [MASK] ##ام بريف دير [MASK] راح [MASK] [MASK] اكثر من 35 شهيدا بالاض ##افه الي [MASK] الجرح ##ي [SEP]
INFO:tensorflow:input_ids: 2 11367 4247 2311 5390 18114 5672 1973 1908 16167 1014 11352 1958 4 5105 4836 2092 1028 28032 1912 8152 3020 2089 16043 2213 7001 4 4076 25517 1006 2278 2404 21587 1014 2621 3 4059 17569 2197 6339 2226 6021 6746 1913 4 19898 1912 17788 4 1921 14249 6827 4 3490 4 4 2695 1908 5932 17451 10104 4484 2002 4 10946 1013 3 0 0 0 0 0 0 0 0 0 0 0 0 0 0 0 0 0 0 0 0 0 0 0 0 0 0 0 0 0 0 0 0 0 0 0 0 0 0 0 0 0 0 0 0 0 0 0 0 0 0 0 0 0 0 0 0 0 0 0 0 0
I1103 01:19:16.949253 47585367635008 create_pretraining_data.py:161] input_ids: 2 11367 4247 2311 5390 18114 5672 1973 1908 16167 1014 11352 1958 4 5105 4836 2092 1028 28032 1912 8152 3020 2089 16043 2213 7001 4 4076 25517 1006 2278 2404 21587 1014 2621 3 4059 17569 2197 6339 2226 6021 6746 1913 4 19898 1912 17788 4 1921 14249 6827 4 3490 4 4 2695 1908 5932 17451 10104 4484 2002 4 10946 1013 3 0 0 0 0 0 0 0 0 0 0 0 0 0 0 0 0 0 0 0 0 0 0 0 0 0 0 0 0 0 0 0 0 0 0 0 0 0 0 0 0 0 0 0 0 0 0 0 0 0 0 0 0 0 0 0 0 0 0 0 0 0
INFO:tensorflow:input_mask: 1 1 1 1 1 1 1 1 1 1 1 1 1 1 1 1 1 1 1 1 1 1 1 1 1 1 1 1 1 1 1 1 1 1 1 1 1 1 1 1 1 1 1 1 1 1 1 1 1 1 1 1 1 1 1 1 1 1 1 1 1 1 1 1 1 1 1 0 0 0 0 0 0 0 0 0 0 0 0 0 0 0 0 0 0 0 0 0 0 0 0 0 0 0 0 0 0 0 0 0 0 0 0 0 0 0 0 0 0 0 0 0 0 0 0 0 0 0 0 0 0 0 0 0 0 0 0 0
I1103 01:19:16.949395 47585367635008 create_pretraining_data.py:161] input_mask: 1 1 1 1 1 1 1 1 1 1 1 1 1 1 1 1 1 1 1 1 1 1 1 1 1 1 1 1 1 1 1 1 1 1 1 1 1 1 1 1 1 1 1 1 1 1 1 1 1 1 1 1 1 1 1 1 1 1 1 1 1 1 1 1 1 1 1 0 0 0 0 0 0 0 0 0 0 0 0 0 0 0 0 0 0 0 0 0 0 0 0 0 0 0 0 0 0 0 0 0 0 0 0 0 0 0 0 0 0 0 0 0 0 0 0 0 0 0 0 0 0 0 0 0 0 0 0 0
INFO:tensorflow:segment_ids: 0 0 0 0 0 0 0 0 0 0 0 0 0 0 0 0 0 0 0 0 0 0 0 0 0 0 0 0 0 0 0 0 0 0 0 0 1 1 1 1 1 1 1 1 1 1 1 1 1 1 1 1 1 1 1 1 1 1 1 1 1 1 1 1 1 1 1 0 0 0 0 0 0 0 0 0 0 0 0 0 0 0 0 0 0 0 0 0 0 0 0 0 0 0 0 0 0 0 0 0 0 0 0 0 0 0 0 0 0 0 0 0 0 0 0 0 0 0 0 0 0 0 0 0 0 0 0 0
I1103 01:19:16.949520 47585367635008 create_pretraining_data.py:161] segment_ids: 0 0 0 0 0 0 0 0 0 0 0 0 0 0 0 0 0 0 0 0 0 0 0 0 0 0 0 0 0 0 0 0 0 0 0 0 1 1 1 1 1 1 1 1 1 1 1 1 1 1 1 1 1 1 1 1 1 1 1 1 1 1 1 1 1 1 1 0 0 0 0 0 0 0 0 0 0 0 0 0 0 0 0 0 0 0 0 0 0 0 0 0 0 0 0 0 0 0 0 0 0 0 0 0 0 0 0 0 0 0 0 0 0 0 0 0 0 0 0 0 0 0 0 0 0 0 0 0
INFO:tensorflow:masked_lm_positions: 13 26 44 48 49 52 54 55 59 63 0 0 0 0 0 0 0 0 0 0
I1103 01:19:16.949619 47585367635008 create_pretraining_data.py:161] masked_lm_positions: 13 26 44 48 49 52 54 55 59 63 0 0 0 0 0 0 0 0 0 0
INFO:tensorflow:masked_lm_ids: 3680 2213 11532 6704 1921 13313 7422 4689 17451 8346 0 0 0 0 0 0 0 0 0 0
I1103 01:19:16.949710 47585367635008 create_pretraining_data.py:161] masked_lm_ids: 3680 2213 11532 6704 1921 13313 7422 4689 17451 8346 0 0 0 0 0 0 0 0 0 0
INFO:tensorflow:masked_lm_weights: 1.0 1.0 1.0 1.0 1.0 1.0 1.0 1.0 1.0 1.0 0.0 0.0 0.0 0.0 0.0 0.0 0.0 0.0 0.0 0.0
I1103 01:19:16.949803 47585367635008 create_pretraining_data.py:161] masked_lm_weights: 1.0 1.0 1.0 1.0 1.0 1.0 1.0 1.0 1.0 1.0 0.0 0.0 0.0 0.0 0.0 0.0 0.0 0.0 0.0 0.0
INFO:tensorflow:next_sentence_labels: 1
I1103 01:19:16.949886 47585367635008 create_pretraining_data.py:161] next_sentence_labels: 1
INFO:tensorflow:*** Example ***
I1103 01:19:16.950480 47585367635008 create_pretraining_data.py:149] *** Example ***
INFO:tensorflow:tokens: [CLS] فان خال نحن بحاجه للح ##ظ فيما يتعلق بالا ##صابات [MASK] 4 اصابات في مركز الظ ##هير والط ##ريقه التي وجدنا [MASK] [MASK] [MASK] طوال [MASK] تعتبر مده ##شه [SEP] شد ##وا حيل ##كم يا شباب الشعب يريد اسقاط [MASK] [SEP]
I1103 01:19:16.950617 47585367635008 create_pretraining_data.py:151] tokens: [CLS] فان خال نحن بحاجه للح ##ظ فيما يتعلق بالا ##صابات [MASK] 4 اصابات في مركز الظ ##هير والط ##ريقه التي وجدنا [MASK] [MASK] [MASK] طوال [MASK] تعتبر مده ##شه [SEP] شد ##وا حيل ##كم يا شباب الشعب يريد اسقاط [MASK] [SEP]
INFO:tensorflow:input_ids: 2 2712 5311 3252 9444 2773 1057 3200 5328 4581 13114 4 24 18207 1912 3231 2808 3732 4392 4115 2061 26587 4 4 4 8026 4 6276 13223 3990 3 11221 1928 13285 2018 2104 4511 3086 4026 13621 4 3 0 0 0 0 0 0 0 0 0 0 0 0 0 0 0 0 0 0 0 0 0 0 0 0 0 0 0 0 0 0 0 0 0 0 0 0 0 0 0 0 0 0 0 0 0 0 0 0 0 0 0 0 0 0 0 0 0 0 0 0 0 0 0 0 0 0 0 0 0 0 0 0 0 0 0 0 0 0 0 0 0 0 0 0 0 0
I1103 01:19:16.950758 47585367635008 create_pretraining_data.py:161] input_ids: 2 2712 5311 3252 9444 2773 1057 3200 5328 4581 13114 4 24 18207 1912 3231 2808 3732 4392 4115 2061 26587 4 4 4 8026 4 6276 13223 3990 3 11221 1928 13285 2018 2104 4511 3086 4026 13621 4 3 0 0 0 0 0 0 0 0 0 0 0 0 0 0 0 0 0 0 0 0 0 0 0 0 0 0 0 0 0 0 0 0 0 0 0 0 0 0 0 0 0 0 0 0 0 0 0 0 0 0 0 0 0 0 0 0 0 0 0 0 0 0 0 0 0 0 0 0 0 0 0 0 0 0 0 0 0 0 0 0 0 0 0 0 0 0
INFO:tensorflow:input_mask: 1 1 1 1 1 1 1 1 1 1 1 1 1 1 1 1 1 1 1 1 1 1 1 1 1 1 1 1 1 1 1 1 1 1 1 1 1 1 1 1 1 1 0 0 0 0 0 0 0 0 0 0 0 0 0 0 0 0 0 0 0 0 0 0 0 0 0 0 0 0 0 0 0 0 0 0 0 0 0 0 0 0 0 0 0 0 0 0 0 0 0 0 0 0 0 0 0 0 0 0 0 0 0 0 0 0 0 0 0 0 0 0 0 0 0 0 0 0 0 0 0 0 0 0 0 0 0 0
I1103 01:19:16.950901 47585367635008 create_pretraining_data.py:161] input_mask: 1 1 1 1 1 1 1 1 1 1 1 1 1 1 1 1 1 1 1 1 1 1 1 1 1 1 1 1 1 1 1 1 1 1 1 1 1 1 1 1 1 1 0 0 0 0 0 0 0 0 0 0 0 0 0 0 0 0 0 0 0 0 0 0 0 0 0 0 0 0 0 0 0 0 0 0 0 0 0 0 0 0 0 0 0 0 0 0 0 0 0 0 0 0 0 0 0 0 0 0 0 0 0 0 0 0 0 0 0 0 0 0 0 0 0 0 0 0 0 0 0 0 0 0 0 0 0 0
INFO:tensorflow:segment_ids: 0 0 0 0 0 0 0 0 0 0 0 0 0 0 0 0 0 0 0 0 0 0 0 0 0 0 0 0 0 0 0 1 1 1 1 1 1 1 1 1 1 1 0 0 0 0 0 0 0 0 0 0 0 0 0 0 0 0 0 0 0 0 0 0 0 0 0 0 0 0 0 0 0 0 0 0 0 0 0 0 0 0 0 0 0 0 0 0 0 0 0 0 0 0 0 0 0 0 0 0 0 0 0 0 0 0 0 0 0 0 0 0 0 0 0 0 0 0 0 0 0 0 0 0 0 0 0 0
I1103 01:19:16.951028 47585367635008 create_pretraining_data.py:161] segment_ids: 0 0 0 0 0 0 0 0 0 0 0 0 0 0 0 0 0 0 0 0 0 0 0 0 0 0 0 0 0 0 0 1 1 1 1 1 1 1 1 1 1 1 0 0 0 0 0 0 0 0 0 0 0 0 0 0 0 0 0 0 0 0 0 0 0 0 0 0 0 0 0 0 0 0 0 0 0 0 0 0 0 0 0 0 0 0 0 0 0 0 0 0 0 0 0 0 0 0 0 0 0 0 0 0 0 0 0 0 0 0 0 0 0 0 0 0 0 0 0 0 0 0 0 0 0 0 0 0
INFO:tensorflow:masked_lm_positions: 11 22 23 24 26 40 0 0 0 0 0 0 0 0 0 0 0 0 0 0
I1103 01:19:16.951122 47585367635008 create_pretraining_data.py:161] masked_lm_positions: 11 22 23 24 26 40 0 0 0 0 0 0 0 0 0 0 0 0 0 0
INFO:tensorflow:masked_lm_ids: 5344 2249 4463 4555 4249 3618 0 0 0 0 0 0 0 0 0 0 0 0 0 0
I1103 01:19:16.951212 47585367635008 create_pretraining_data.py:161] masked_lm_ids: 5344 2249 4463 4555 4249 3618 0 0 0 0 0 0 0 0 0 0 0 0 0 0
INFO:tensorflow:masked_lm_weights: 1.0 1.0 1.0 1.0 1.0 1.0 0.0 0.0 0.0 0.0 0.0 0.0 0.0 0.0 0.0 0.0 0.0 0.0 0.0 0.0
I1103 01:19:16.951305 47585367635008 create_pretraining_data.py:161] masked_lm_weights: 1.0 1.0 1.0 1.0 1.0 1.0 0.0 0.0 0.0 0.0 0.0 0.0 0.0 0.0 0.0 0.0 0.0 0.0 0.0 0.0
INFO:tensorflow:next_sentence_labels: 1
I1103 01:19:16.951388 47585367635008 create_pretraining_data.py:161] next_sentence_labels: 1
INFO:tensorflow:*** Example ***
I1103 01:19:16.951994 47585367635008 create_pretraining_data.py:149] *** Example ***
INFO:tensorflow:tokens: [CLS] قرار واحد [MASK] يفصل بينك وبين الشق ##اء واست ##نز ##اف [MASK] وض ##ياع العمر ومو ##ت [MASK] [MASK] تا ##نوا في اتخاذ قرارات ##كم [MASK] جنون جلنار [MASK] [SEP] العمر لح ##سين من اصبح وقف ##له جسم [MASK] يرت ##عش كله وقف ##له احط اسمه بوسط لبي وقف ##له وافتح ##ه هناك يم امه الز [MASK] لبيك ياحسين [SEP]
I1103 01:19:16.952136 47585367635008 create_pretraining_data.py:151] tokens: [CLS] قرار واحد [MASK] يفصل بينك وبين الشق ##اء واست ##نز ##اف [MASK] وض ##ياع العمر ومو ##ت [MASK] [MASK] تا ##نوا في اتخاذ قرارات ##كم [MASK] جنون جلنار [MASK] [SEP] العمر لح ##سين من اصبح وقف ##له جسم [MASK] يرت ##عش كله وقف ##له احط اسمه بوسط لبي وقف ##له وافتح ##ه هناك يم امه الز [MASK] لبيك ياحسين [SEP]
INFO:tensorflow:input_ids: 2 4298 2563 4 27934 11847 3944 25245 1954 2983 8203 1982 4 3632 8663 3867 25662 1005 4 4 4186 15505 1912 8281 8124 2018 4 9213 13063 4 3 3867 2503 2998 1908 4768 5127 1917 8602 4 5475 15314 4236 5127 1917 29420 6079 24912 8222 5127 1917 19972 1028 2671 2243 6798 2194 4 18276 29581 3 0 0 0 0 0 0 0 0 0 0 0 0 0 0 0 0 0 0 0 0 0 0 0 0 0 0 0 0 0 0 0 0 0 0 0 0 0 0 0 0 0 0 0 0 0 0 0 0 0 0 0 0 0 0 0 0 0 0 0 0 0 0 0 0 0 0 0
I1103 01:19:16.952282 47585367635008 create_pretraining_data.py:161] input_ids: 2 4298 2563 4 27934 11847 3944 25245 1954 2983 8203 1982 4 3632 8663 3867 25662 1005 4 4 4186 15505 1912 8281 8124 2018 4 9213 13063 4 3 3867 2503 2998 1908 4768 5127 1917 8602 4 5475 15314 4236 5127 1917 29420 6079 24912 8222 5127 1917 19972 1028 2671 2243 6798 2194 4 18276 29581 3 0 0 0 0 0 0 0 0 0 0 0 0 0 0 0 0 0 0 0 0 0 0 0 0 0 0 0 0 0 0 0 0 0 0 0 0 0 0 0 0 0 0 0 0 0 0 0 0 0 0 0 0 0 0 0 0 0 0 0 0 0 0 0 0 0 0 0
INFO:tensorflow:input_mask: 1 1 1 1 1 1 1 1 1 1 1 1 1 1 1 1 1 1 1 1 1 1 1 1 1 1 1 1 1 1 1 1 1 1 1 1 1 1 1 1 1 1 1 1 1 1 1 1 1 1 1 1 1 1 1 1 1 1 1 1 1 0 0 0 0 0 0 0 0 0 0 0 0 0 0 0 0 0 0 0 0 0 0 0 0 0 0 0 0 0 0 0 0 0 0 0 0 0 0 0 0 0 0 0 0 0 0 0 0 0 0 0 0 0 0 0 0 0 0 0 0 0 0 0 0 0 0 0
I1103 01:19:16.952425 47585367635008 create_pretraining_data.py:161] input_mask: 1 1 1 1 1 1 1 1 1 1 1 1 1 1 1 1 1 1 1 1 1 1 1 1 1 1 1 1 1 1 1 1 1 1 1 1 1 1 1 1 1 1 1 1 1 1 1 1 1 1 1 1 1 1 1 1 1 1 1 1 1 0 0 0 0 0 0 0 0 0 0 0 0 0 0 0 0 0 0 0 0 0 0 0 0 0 0 0 0 0 0 0 0 0 0 0 0 0 0 0 0 0 0 0 0 0 0 0 0 0 0 0 0 0 0 0 0 0 0 0 0 0 0 0 0 0 0 0
INFO:tensorflow:segment_ids: 0 0 0 0 0 0 0 0 0 0 0 0 0 0 0 0 0 0 0 0 0 0 0 0 0 0 0 0 0 0 0 1 1 1 1 1 1 1 1 1 1 1 1 1 1 1 1 1 1 1 1 1 1 1 1 1 1 1 1 1 1 0 0 0 0 0 0 0 0 0 0 0 0 0 0 0 0 0 0 0 0 0 0 0 0 0 0 0 0 0 0 0 0 0 0 0 0 0 0 0 0 0 0 0 0 0 0 0 0 0 0 0 0 0 0 0 0 0 0 0 0 0 0 0 0 0 0 0
I1103 01:19:16.952552 47585367635008 create_pretraining_data.py:161] segment_ids: 0 0 0 0 0 0 0 0 0 0 0 0 0 0 0 0 0 0 0 0 0 0 0 0 0 0 0 0 0 0 0 1 1 1 1 1 1 1 1 1 1 1 1 1 1 1 1 1 1 1 1 1 1 1 1 1 1 1 1 1 1 0 0 0 0 0 0 0 0 0 0 0 0 0 0 0 0 0 0 0 0 0 0 0 0 0 0 0 0 0 0 0 0 0 0 0 0 0 0 0 0 0 0 0 0 0 0 0 0 0 0 0 0 0 0 0 0 0 0 0 0 0 0 0 0 0 0 0
INFO:tensorflow:masked_lm_positions: 3 12 18 19 26 29 38 39 57 0 0 0 0 0 0 0 0 0 0 0
I1103 01:19:16.952653 47585367635008 create_pretraining_data.py:161] masked_lm_positions: 3 12 18 19 26 29 38 39 57 0 0 0 0 0 0 0 0 0 0 0
INFO:tensorflow:masked_lm_ids: 2574 16208 5892 5432 2543 2679 8602 1013 3873 0 0 0 0 0 0 0 0 0 0 0
I1103 01:19:16.952744 47585367635008 create_pretraining_data.py:161] masked_lm_ids: 2574 16208 5892 5432 2543 2679 8602 1013 3873 0 0 0 0 0 0 0 0 0 0 0
INFO:tensorflow:masked_lm_weights: 1.0 1.0 1.0 1.0 1.0 1.0 1.0 1.0 1.0 0.0 0.0 0.0 0.0 0.0 0.0 0.0 0.0 0.0 0.0 0.0
I1103 01:19:16.952836 47585367635008 create_pretraining_data.py:161] masked_lm_weights: 1.0 1.0 1.0 1.0 1.0 1.0 1.0 1.0 1.0 0.0 0.0 0.0 0.0 0.0 0.0 0.0 0.0 0.0 0.0 0.0
INFO:tensorflow:next_sentence_labels: 1
I1103 01:19:16.952920 47585367635008 create_pretraining_data.py:161] next_sentence_labels: 1
INFO:tensorflow:*** Example ***
I1103 01:19:16.953502 47585367635008 create_pretraining_data.py:149] *** Example ***
INFO:tensorflow:tokens: [CLS] المح ##ك السفارات [MASK] [MASK] ليس قدرته علي حل المشاكل قبل ان تحدث [MASK] حين تحدث فعلا اع ##بر الجس ##ور حين [MASK] نع لا [MASK] [SEP] الاستغفار قص طويله بدايتها لد ##نيا ونه ##اي ##تها لج ##ن استغفر الله واتوب اليه قروب فرح الشمري للدعم [SEP]
I1103 01:19:16.953641 47585367635008 create_pretraining_data.py:151] tokens: [CLS] المح ##ك السفارات [MASK] [MASK] ليس قدرته علي حل المشاكل قبل ان تحدث [MASK] حين تحدث فعلا اع ##بر الجس ##ور حين [MASK] نع لا [MASK] [SEP] الاستغفار قص طويله بدايتها لد ##نيا ونه ##اي ##تها لج ##ن استغفر الله واتوب اليه قروب فرح الشمري للدعم [SEP]
INFO:tensorflow:input_ids: 2 2314 1014 22101 4 4 2618 21665 1958 4463 6996 2289 1939 5672 4 2823 5672 6109 2280 1997 14887 1936 2823 4 3634 1963 4 3 6745 2858 11761 24939 3305 2545 12390 2272 2377 2672 1006 2870 1953 3915 3055 2543 4025 10017 2679 3 0 0 0 0 0 0 0 0 0 0 0 0 0 0 0 0 0 0 0 0 0 0 0 0 0 0 0 0 0 0 0 0 0 0 0 0 0 0 0 0 0 0 0 0 0 0 0 0 0 0 0 0 0 0 0 0 0 0 0 0 0 0 0 0 0 0 0 0 0 0 0 0 0 0 0 0 0 0 0 0
I1103 01:19:16.953787 47585367635008 create_pretraining_data.py:161] input_ids: 2 2314 1014 22101 4 4 2618 21665 1958 4463 6996 2289 1939 5672 4 2823 5672 6109 2280 1997 14887 1936 2823 4 3634 1963 4 3 6745 2858 11761 24939 3305 2545 12390 2272 2377 2672 1006 2870 1953 3915 3055 2543 4025 10017 2679 3 0 0 0 0 0 0 0 0 0 0 0 0 0 0 0 0 0 0 0 0 0 0 0 0 0 0 0 0 0 0 0 0 0 0 0 0 0 0 0 0 0 0 0 0 0 0 0 0 0 0 0 0 0 0 0 0 0 0 0 0 0 0 0 0 0 0 0 0 0 0 0 0 0 0 0 0 0 0 0 0
INFO:tensorflow:input_mask: 1 1 1 1 1 1 1 1 1 1 1 1 1 1 1 1 1 1 1 1 1 1 1 1 1 1 1 1 1 1 1 1 1 1 1 1 1 1 1 1 1 1 1 1 1 1 1 1 0 0 0 0 0 0 0 0 0 0 0 0 0 0 0 0 0 0 0 0 0 0 0 0 0 0 0 0 0 0 0 0 0 0 0 0 0 0 0 0 0 0 0 0 0 0 0 0 0 0 0 0 0 0 0 0 0 0 0 0 0 0 0 0 0 0 0 0 0 0 0 0 0 0 0 0 0 0 0 0
I1103 01:19:16.953933 47585367635008 create_pretraining_data.py:161] input_mask: 1 1 1 1 1 1 1 1 1 1 1 1 1 1 1 1 1 1 1 1 1 1 1 1 1 1 1 1 1 1 1 1 1 1 1 1 1 1 1 1 1 1 1 1 1 1 1 1 0 0 0 0 0 0 0 0 0 0 0 0 0 0 0 0 0 0 0 0 0 0 0 0 0 0 0 0 0 0 0 0 0 0 0 0 0 0 0 0 0 0 0 0 0 0 0 0 0 0 0 0 0 0 0 0 0 0 0 0 0 0 0 0 0 0 0 0 0 0 0 0 0 0 0 0 0 0 0 0
INFO:tensorflow:segment_ids: 0 0 0 0 0 0 0 0 0 0 0 0 0 0 0 0 0 0 0 0 0 0 0 0 0 0 0 0 1 1 1 1 1 1 1 1 1 1 1 1 1 1 1 1 1 1 1 1 0 0 0 0 0 0 0 0 0 0 0 0 0 0 0 0 0 0 0 0 0 0 0 0 0 0 0 0 0 0 0 0 0 0 0 0 0 0 0 0 0 0 0 0 0 0 0 0 0 0 0 0 0 0 0 0 0 0 0 0 0 0 0 0 0 0 0 0 0 0 0 0 0 0 0 0 0 0 0 0
I1103 01:19:16.954058 47585367635008 create_pretraining_data.py:161] segment_ids: 0 0 0 0 0 0 0 0 0 0 0 0 0 0 0 0 0 0 0 0 0 0 0 0 0 0 0 0 1 1 1 1 1 1 1 1 1 1 1 1 1 1 1 1 1 1 1 1 0 0 0 0 0 0 0 0 0 0 0 0 0 0 0 0 0 0 0 0 0 0 0 0 0 0 0 0 0 0 0 0 0 0 0 0 0 0 0 0 0 0 0 0 0 0 0 0 0 0 0 0 0 0 0 0 0 0 0 0 0 0 0 0 0 0 0 0 0 0 0 0 0 0 0 0 0 0 0 0
INFO:tensorflow:masked_lm_positions: 3 4 5 14 23 24 26 0 0 0 0 0 0 0 0 0 0 0 0 0
I1103 01:19:16.954152 47585367635008 create_pretraining_data.py:161] masked_lm_positions: 3 4 5 14 23 24 26 0 0 0 0 0 0 0 0 0 0 0 0 0
INFO:tensorflow:masked_lm_ids: 25195 14856 22811 2683 9223 1913 18121 0 0 0 0 0 0 0 0 0 0 0 0 0
I1103 01:19:16.954243 47585367635008 create_pretraining_data.py:161] masked_lm_ids: 25195 14856 22811 2683 9223 1913 18121 0 0 0 0 0 0 0 0 0 0 0 0 0
INFO:tensorflow:masked_lm_weights: 1.0 1.0 1.0 1.0 1.0 1.0 1.0 0.0 0.0 0.0 0.0 0.0 0.0 0.0 0.0 0.0 0.0 0.0 0.0 0.0
I1103 01:19:16.954336 47585367635008 create_pretraining_data.py:161] masked_lm_weights: 1.0 1.0 1.0 1.0 1.0 1.0 1.0 0.0 0.0 0.0 0.0 0.0 0.0 0.0 0.0 0.0 0.0 0.0 0.0 0.0
INFO:tensorflow:next_sentence_labels: 1
I1103 01:19:16.954421 47585367635008 create_pretraining_data.py:161] next_sentence_labels: 1
INFO:tensorflow:Wrote 9999540 total instances
I1103 02:28:26.938777 47585367635008 create_pretraining_data.py:166] Wrote 9999540 total instances
