Loading module 'all'
WARNING:tensorflow:From ../bert/create_pretraining_data.py:469: The name tf.app.run is deprecated. Please use tf.compat.v1.app.run instead.

WARNING:tensorflow:From ../bert/create_pretraining_data.py:437: The name tf.logging.set_verbosity is deprecated. Please use tf.compat.v1.logging.set_verbosity instead.

W1103 12:01:45.585312 47351669462080 module_wrapper.py:139] From ../bert/create_pretraining_data.py:437: The name tf.logging.set_verbosity is deprecated. Please use tf.compat.v1.logging.set_verbosity instead.

WARNING:tensorflow:From ../bert/create_pretraining_data.py:437: The name tf.logging.INFO is deprecated. Please use tf.compat.v1.logging.INFO instead.

W1103 12:01:45.585563 47351669462080 module_wrapper.py:139] From ../bert/create_pretraining_data.py:437: The name tf.logging.INFO is deprecated. Please use tf.compat.v1.logging.INFO instead.

WARNING:tensorflow:From /scratch/gi372/CAMeLBERT/bert/tokenization.py:125: The name tf.gfile.GFile is deprecated. Please use tf.io.gfile.GFile instead.

W1103 12:01:45.585781 47351669462080 module_wrapper.py:139] From /scratch/gi372/CAMeLBERT/bert/tokenization.py:125: The name tf.gfile.GFile is deprecated. Please use tf.io.gfile.GFile instead.

WARNING:tensorflow:From ../bert/create_pretraining_data.py:444: The name tf.gfile.Glob is deprecated. Please use tf.io.gfile.glob instead.

W1103 12:01:45.688341 47351669462080 module_wrapper.py:139] From ../bert/create_pretraining_data.py:444: The name tf.gfile.Glob is deprecated. Please use tf.io.gfile.glob instead.

WARNING:tensorflow:From ../bert/create_pretraining_data.py:446: The name tf.logging.info is deprecated. Please use tf.compat.v1.logging.info instead.

W1103 12:01:45.722662 47351669462080 module_wrapper.py:139] From ../bert/create_pretraining_data.py:446: The name tf.logging.info is deprecated. Please use tf.compat.v1.logging.info instead.

INFO:tensorflow:*** Reading from input files ***
I1103 12:01:45.722936 47351669462080 create_pretraining_data.py:446] *** Reading from input files ***
INFO:tensorflow:  ../corpora/shards/DA-ali2019-500m-tweet.bw.ar.lines.shard.308.normalized.sents
I1103 12:01:45.723037 47351669462080 create_pretraining_data.py:448]   ../corpora/shards/DA-ali2019-500m-tweet.bw.ar.lines.shard.308.normalized.sents
INFO:tensorflow:*** Writing to output files ***
I1103 12:42:11.075618 47351669462080 create_pretraining_data.py:457] *** Writing to output files ***
INFO:tensorflow:  ../corpora/tfrecord_wp-30k_msl-128/DA-ali2019-500m-tweet.bw.ar.lines.shard.308.tf_record
I1103 12:42:11.101592 47351669462080 create_pretraining_data.py:459]   ../corpora/tfrecord_wp-30k_msl-128/DA-ali2019-500m-tweet.bw.ar.lines.shard.308.tf_record
WARNING:tensorflow:From ../bert/create_pretraining_data.py:101: The name tf.python_io.TFRecordWriter is deprecated. Please use tf.io.TFRecordWriter instead.

W1103 12:42:11.110851 47351669462080 module_wrapper.py:139] From ../bert/create_pretraining_data.py:101: The name tf.python_io.TFRecordWriter is deprecated. Please use tf.io.TFRecordWriter instead.

INFO:tensorflow:*** Example ***
I1103 12:42:11.136751 47351669462080 create_pretraining_data.py:149] *** Example ***
INFO:tensorflow:tokens: [CLS] تمر مح ##ن عن المسلم فت ##ضيق عليه الارض ويعتقد ان الله اراد به شرا لنس ##تمع لق ##صه من القران [MASK] [MASK] لنا الرؤيا زد [MASK] [MASK] [SEP] تدفع صباحك [SEP]
I1103 12:42:11.137482 47351669462080 create_pretraining_data.py:151] tokens: [CLS] تمر مح ##ن عن المسلم فت ##ضيق عليه الارض ويعتقد ان الله اراد به شرا لنس ##تمع لق ##صه من القران [MASK] [MASK] لنا الرؤيا زد [MASK] [MASK] [SEP] تدفع صباحك [SEP]
INFO:tensorflow:input_ids: 2 5345 2180 1006 1955 5945 2572 6022 2181 3981 25881 1939 1953 7304 2249 8991 26915 2929 2794 4344 1908 3963 4 4 2776 28006 3477 4 4 3 11624 12499 3 0 0 0 0 0 0 0 0 0 0 0 0 0 0 0 0 0 0 0 0 0 0 0 0 0 0 0 0 0 0 0 0 0 0 0 0 0 0 0 0 0 0 0 0 0 0 0 0 0 0 0 0 0 0 0 0 0 0 0 0 0 0 0 0 0 0 0 0 0 0 0 0 0 0 0 0 0 0 0 0 0 0 0 0 0 0 0 0 0 0 0 0 0 0 0
I1103 12:42:11.138638 47351669462080 create_pretraining_data.py:161] input_ids: 2 5345 2180 1006 1955 5945 2572 6022 2181 3981 25881 1939 1953 7304 2249 8991 26915 2929 2794 4344 1908 3963 4 4 2776 28006 3477 4 4 3 11624 12499 3 0 0 0 0 0 0 0 0 0 0 0 0 0 0 0 0 0 0 0 0 0 0 0 0 0 0 0 0 0 0 0 0 0 0 0 0 0 0 0 0 0 0 0 0 0 0 0 0 0 0 0 0 0 0 0 0 0 0 0 0 0 0 0 0 0 0 0 0 0 0 0 0 0 0 0 0 0 0 0 0 0 0 0 0 0 0 0 0 0 0 0 0 0 0 0
INFO:tensorflow:input_mask: 1 1 1 1 1 1 1 1 1 1 1 1 1 1 1 1 1 1 1 1 1 1 1 1 1 1 1 1 1 1 1 1 1 0 0 0 0 0 0 0 0 0 0 0 0 0 0 0 0 0 0 0 0 0 0 0 0 0 0 0 0 0 0 0 0 0 0 0 0 0 0 0 0 0 0 0 0 0 0 0 0 0 0 0 0 0 0 0 0 0 0 0 0 0 0 0 0 0 0 0 0 0 0 0 0 0 0 0 0 0 0 0 0 0 0 0 0 0 0 0 0 0 0 0 0 0 0 0
I1103 12:42:11.138924 47351669462080 create_pretraining_data.py:161] input_mask: 1 1 1 1 1 1 1 1 1 1 1 1 1 1 1 1 1 1 1 1 1 1 1 1 1 1 1 1 1 1 1 1 1 0 0 0 0 0 0 0 0 0 0 0 0 0 0 0 0 0 0 0 0 0 0 0 0 0 0 0 0 0 0 0 0 0 0 0 0 0 0 0 0 0 0 0 0 0 0 0 0 0 0 0 0 0 0 0 0 0 0 0 0 0 0 0 0 0 0 0 0 0 0 0 0 0 0 0 0 0 0 0 0 0 0 0 0 0 0 0 0 0 0 0 0 0 0 0
INFO:tensorflow:segment_ids: 0 0 0 0 0 0 0 0 0 0 0 0 0 0 0 0 0 0 0 0 0 0 0 0 0 0 0 0 0 0 1 1 1 0 0 0 0 0 0 0 0 0 0 0 0 0 0 0 0 0 0 0 0 0 0 0 0 0 0 0 0 0 0 0 0 0 0 0 0 0 0 0 0 0 0 0 0 0 0 0 0 0 0 0 0 0 0 0 0 0 0 0 0 0 0 0 0 0 0 0 0 0 0 0 0 0 0 0 0 0 0 0 0 0 0 0 0 0 0 0 0 0 0 0 0 0 0 0
I1103 12:42:11.139157 47351669462080 create_pretraining_data.py:161] segment_ids: 0 0 0 0 0 0 0 0 0 0 0 0 0 0 0 0 0 0 0 0 0 0 0 0 0 0 0 0 0 0 1 1 1 0 0 0 0 0 0 0 0 0 0 0 0 0 0 0 0 0 0 0 0 0 0 0 0 0 0 0 0 0 0 0 0 0 0 0 0 0 0 0 0 0 0 0 0 0 0 0 0 0 0 0 0 0 0 0 0 0 0 0 0 0 0 0 0 0 0 0 0 0 0 0 0 0 0 0 0 0 0 0 0 0 0 0 0 0 0 0 0 0 0 0 0 0 0 0
INFO:tensorflow:masked_lm_positions: 22 23 27 28 30 0 0 0 0 0 0 0 0 0 0 0 0 0 0 0
I1103 12:42:11.139341 47351669462080 create_pretraining_data.py:161] masked_lm_positions: 22 23 27 28 30 0 0 0 0 0 0 0 0 0 0 0 0 0 0 0
INFO:tensorflow:masked_lm_ids: 12116 3514 3602 6749 5160 0 0 0 0 0 0 0 0 0 0 0 0 0 0 0
I1103 12:42:11.139510 47351669462080 create_pretraining_data.py:161] masked_lm_ids: 12116 3514 3602 6749 5160 0 0 0 0 0 0 0 0 0 0 0 0 0 0 0
INFO:tensorflow:masked_lm_weights: 1.0 1.0 1.0 1.0 1.0 0.0 0.0 0.0 0.0 0.0 0.0 0.0 0.0 0.0 0.0 0.0 0.0 0.0 0.0 0.0
I1103 12:42:11.140710 47351669462080 create_pretraining_data.py:161] masked_lm_weights: 1.0 1.0 1.0 1.0 1.0 0.0 0.0 0.0 0.0 0.0 0.0 0.0 0.0 0.0 0.0 0.0 0.0 0.0 0.0 0.0
INFO:tensorflow:next_sentence_labels: 1
I1103 12:42:11.140891 47351669462080 create_pretraining_data.py:161] next_sentence_labels: 1
INFO:tensorflow:*** Example ***
I1103 12:42:11.142157 47351669462080 create_pretraining_data.py:149] *** Example ***
INFO:tensorflow:tokens: [CLS] بعيدا عن الاعلام اهالي بلده [MASK] بريف دمشق والنا ##زح ##ون فيها يموتون جوعا بسبب الحصار [MASK] من المنبر [MASK] ومي ##لش ##يا حال ##ش انقذ ##وهم [SEP] من [MASK] عن [MASK] الكروي من [MASK] الاهلي فاق ##ول لهم ابني طلال عمره اربع [MASK] وحمل درع الدوري مرتين [SEP]
I1103 12:42:11.142417 47351669462080 create_pretraining_data.py:151] tokens: [CLS] بعيدا عن الاعلام اهالي بلده [MASK] بريف دمشق والنا ##زح ##ون فيها يموتون جوعا بسبب الحصار [MASK] من المنبر [MASK] ومي ##لش ##يا حال ##ش انقذ ##وهم [SEP] من [MASK] عن [MASK] الكروي من [MASK] الاهلي فاق ##ول لهم ابني طلال عمره اربع [MASK] وحمل درع الدوري مرتين [SEP]
INFO:tensorflow:input_ids: 2 6440 1955 6050 14582 13004 4 14249 5767 11377 12966 1922 2443 26666 10222 3179 10382 4 1908 14131 4 12665 1959 1937 2767 1034 13130 6874 3 1908 4 1955 4 23407 1908 4 3105 15352 1940 2899 16589 10625 7276 10291 4 21876 20731 3914 9471 3 0 0 0 0 0 0 0 0 0 0 0 0 0 0 0 0 0 0 0 0 0 0 0 0 0 0 0 0 0 0 0 0 0 0 0 0 0 0 0 0 0 0 0 0 0 0 0 0 0 0 0 0 0 0 0 0 0 0 0 0 0 0 0 0 0 0 0 0 0 0 0 0 0 0 0 0 0 0
I1103 12:42:11.142680 47351669462080 create_pretraining_data.py:161] input_ids: 2 6440 1955 6050 14582 13004 4 14249 5767 11377 12966 1922 2443 26666 10222 3179 10382 4 1908 14131 4 12665 1959 1937 2767 1034 13130 6874 3 1908 4 1955 4 23407 1908 4 3105 15352 1940 2899 16589 10625 7276 10291 4 21876 20731 3914 9471 3 0 0 0 0 0 0 0 0 0 0 0 0 0 0 0 0 0 0 0 0 0 0 0 0 0 0 0 0 0 0 0 0 0 0 0 0 0 0 0 0 0 0 0 0 0 0 0 0 0 0 0 0 0 0 0 0 0 0 0 0 0 0 0 0 0 0 0 0 0 0 0 0 0 0 0 0 0 0
INFO:tensorflow:input_mask: 1 1 1 1 1 1 1 1 1 1 1 1 1 1 1 1 1 1 1 1 1 1 1 1 1 1 1 1 1 1 1 1 1 1 1 1 1 1 1 1 1 1 1 1 1 1 1 1 1 1 0 0 0 0 0 0 0 0 0 0 0 0 0 0 0 0 0 0 0 0 0 0 0 0 0 0 0 0 0 0 0 0 0 0 0 0 0 0 0 0 0 0 0 0 0 0 0 0 0 0 0 0 0 0 0 0 0 0 0 0 0 0 0 0 0 0 0 0 0 0 0 0 0 0 0 0 0 0
I1103 12:42:11.142938 47351669462080 create_pretraining_data.py:161] input_mask: 1 1 1 1 1 1 1 1 1 1 1 1 1 1 1 1 1 1 1 1 1 1 1 1 1 1 1 1 1 1 1 1 1 1 1 1 1 1 1 1 1 1 1 1 1 1 1 1 1 1 0 0 0 0 0 0 0 0 0 0 0 0 0 0 0 0 0 0 0 0 0 0 0 0 0 0 0 0 0 0 0 0 0 0 0 0 0 0 0 0 0 0 0 0 0 0 0 0 0 0 0 0 0 0 0 0 0 0 0 0 0 0 0 0 0 0 0 0 0 0 0 0 0 0 0 0 0 0
INFO:tensorflow:segment_ids: 0 0 0 0 0 0 0 0 0 0 0 0 0 0 0 0 0 0 0 0 0 0 0 0 0 0 0 0 0 1 1 1 1 1 1 1 1 1 1 1 1 1 1 1 1 1 1 1 1 1 0 0 0 0 0 0 0 0 0 0 0 0 0 0 0 0 0 0 0 0 0 0 0 0 0 0 0 0 0 0 0 0 0 0 0 0 0 0 0 0 0 0 0 0 0 0 0 0 0 0 0 0 0 0 0 0 0 0 0 0 0 0 0 0 0 0 0 0 0 0 0 0 0 0 0 0 0 0
I1103 12:42:11.143169 47351669462080 create_pretraining_data.py:161] segment_ids: 0 0 0 0 0 0 0 0 0 0 0 0 0 0 0 0 0 0 0 0 0 0 0 0 0 0 0 0 0 1 1 1 1 1 1 1 1 1 1 1 1 1 1 1 1 1 1 1 1 1 0 0 0 0 0 0 0 0 0 0 0 0 0 0 0 0 0 0 0 0 0 0 0 0 0 0 0 0 0 0 0 0 0 0 0 0 0 0 0 0 0 0 0 0 0 0 0 0 0 0 0 0 0 0 0 0 0 0 0 0 0 0 0 0 0 0 0 0 0 0 0 0 0 0 0 0 0 0
INFO:tensorflow:masked_lm_positions: 6 17 19 20 30 32 35 44 0 0 0 0 0 0 0 0 0 0 0 0
I1103 12:42:11.143351 47351669462080 create_pretraining_data.py:161] masked_lm_positions: 6 17 19 20 30 32 35 44 0 0 0 0 0 0 0 0 0 0 0 0
INFO:tensorflow:masked_lm_ids: 6052 9272 22966 7885 8873 18713 7069 3752 0 0 0 0 0 0 0 0 0 0 0 0
I1103 12:42:11.143518 47351669462080 create_pretraining_data.py:161] masked_lm_ids: 6052 9272 22966 7885 8873 18713 7069 3752 0 0 0 0 0 0 0 0 0 0 0 0
INFO:tensorflow:masked_lm_weights: 1.0 1.0 1.0 1.0 1.0 1.0 1.0 1.0 0.0 0.0 0.0 0.0 0.0 0.0 0.0 0.0 0.0 0.0 0.0 0.0
I1103 12:42:11.143688 47351669462080 create_pretraining_data.py:161] masked_lm_weights: 1.0 1.0 1.0 1.0 1.0 1.0 1.0 1.0 0.0 0.0 0.0 0.0 0.0 0.0 0.0 0.0 0.0 0.0 0.0 0.0
INFO:tensorflow:next_sentence_labels: 1
I1103 12:42:11.143841 47351669462080 create_pretraining_data.py:161] next_sentence_labels: 1
INFO:tensorflow:*** Example ***
I1103 12:42:11.144946 47351669462080 create_pretraining_data.py:149] *** Example ***
INFO:tensorflow:tokens: [CLS] نبيل به ##وي [SEP] احسن صوت ايهاب [MASK] و عنده كاري ##زما وحضور ونج ##م [MASK] [MASK] الكل مسابقه عمرو مصطفي [SEP]
I1103 12:42:11.145171 47351669462080 create_pretraining_data.py:151] tokens: [CLS] نبيل به ##وي [SEP] احسن صوت ايهاب [MASK] و عنده كاري ##زما وحضور ونج ##م [MASK] [MASK] الكل مسابقه عمرو مصطفي [SEP]
INFO:tensorflow:input_ids: 2 10471 2249 1971 3 4994 3195 5800 4 415 5382 22539 19417 22188 19662 1015 4 4 5812 8722 5627 12576 3 0 0 0 0 0 0 0 0 0 0 0 0 0 0 0 0 0 0 0 0 0 0 0 0 0 0 0 0 0 0 0 0 0 0 0 0 0 0 0 0 0 0 0 0 0 0 0 0 0 0 0 0 0 0 0 0 0 0 0 0 0 0 0 0 0 0 0 0 0 0 0 0 0 0 0 0 0 0 0 0 0 0 0 0 0 0 0 0 0 0 0 0 0 0 0 0 0 0 0 0 0 0 0 0 0
I1103 12:42:11.145432 47351669462080 create_pretraining_data.py:161] input_ids: 2 10471 2249 1971 3 4994 3195 5800 4 415 5382 22539 19417 22188 19662 1015 4 4 5812 8722 5627 12576 3 0 0 0 0 0 0 0 0 0 0 0 0 0 0 0 0 0 0 0 0 0 0 0 0 0 0 0 0 0 0 0 0 0 0 0 0 0 0 0 0 0 0 0 0 0 0 0 0 0 0 0 0 0 0 0 0 0 0 0 0 0 0 0 0 0 0 0 0 0 0 0 0 0 0 0 0 0 0 0 0 0 0 0 0 0 0 0 0 0 0 0 0 0 0 0 0 0 0 0 0 0 0 0 0 0
INFO:tensorflow:input_mask: 1 1 1 1 1 1 1 1 1 1 1 1 1 1 1 1 1 1 1 1 1 1 1 0 0 0 0 0 0 0 0 0 0 0 0 0 0 0 0 0 0 0 0 0 0 0 0 0 0 0 0 0 0 0 0 0 0 0 0 0 0 0 0 0 0 0 0 0 0 0 0 0 0 0 0 0 0 0 0 0 0 0 0 0 0 0 0 0 0 0 0 0 0 0 0 0 0 0 0 0 0 0 0 0 0 0 0 0 0 0 0 0 0 0 0 0 0 0 0 0 0 0 0 0 0 0 0 0
I1103 12:42:11.145662 47351669462080 create_pretraining_data.py:161] input_mask: 1 1 1 1 1 1 1 1 1 1 1 1 1 1 1 1 1 1 1 1 1 1 1 0 0 0 0 0 0 0 0 0 0 0 0 0 0 0 0 0 0 0 0 0 0 0 0 0 0 0 0 0 0 0 0 0 0 0 0 0 0 0 0 0 0 0 0 0 0 0 0 0 0 0 0 0 0 0 0 0 0 0 0 0 0 0 0 0 0 0 0 0 0 0 0 0 0 0 0 0 0 0 0 0 0 0 0 0 0 0 0 0 0 0 0 0 0 0 0 0 0 0 0 0 0 0 0 0
INFO:tensorflow:segment_ids: 0 0 0 0 0 1 1 1 1 1 1 1 1 1 1 1 1 1 1 1 1 1 1 0 0 0 0 0 0 0 0 0 0 0 0 0 0 0 0 0 0 0 0 0 0 0 0 0 0 0 0 0 0 0 0 0 0 0 0 0 0 0 0 0 0 0 0 0 0 0 0 0 0 0 0 0 0 0 0 0 0 0 0 0 0 0 0 0 0 0 0 0 0 0 0 0 0 0 0 0 0 0 0 0 0 0 0 0 0 0 0 0 0 0 0 0 0 0 0 0 0 0 0 0 0 0 0 0
I1103 12:42:11.145909 47351669462080 create_pretraining_data.py:161] segment_ids: 0 0 0 0 0 1 1 1 1 1 1 1 1 1 1 1 1 1 1 1 1 1 1 0 0 0 0 0 0 0 0 0 0 0 0 0 0 0 0 0 0 0 0 0 0 0 0 0 0 0 0 0 0 0 0 0 0 0 0 0 0 0 0 0 0 0 0 0 0 0 0 0 0 0 0 0 0 0 0 0 0 0 0 0 0 0 0 0 0 0 0 0 0 0 0 0 0 0 0 0 0 0 0 0 0 0 0 0 0 0 0 0 0 0 0 0 0 0 0 0 0 0 0 0 0 0 0 0
INFO:tensorflow:masked_lm_positions: 8 16 17 0 0 0 0 0 0 0 0 0 0 0 0 0 0 0 0 0
I1103 12:42:11.146080 47351669462080 create_pretraining_data.py:161] masked_lm_positions: 8 16 17 0 0 0 0 0 0 0 0 0 0 0 0 0 0 0 0 0
INFO:tensorflow:masked_lm_ids: 5375 2331 7899 0 0 0 0 0 0 0 0 0 0 0 0 0 0 0 0 0
I1103 12:42:11.146263 47351669462080 create_pretraining_data.py:161] masked_lm_ids: 5375 2331 7899 0 0 0 0 0 0 0 0 0 0 0 0 0 0 0 0 0
INFO:tensorflow:masked_lm_weights: 1.0 1.0 1.0 0.0 0.0 0.0 0.0 0.0 0.0 0.0 0.0 0.0 0.0 0.0 0.0 0.0 0.0 0.0 0.0 0.0
I1103 12:42:11.146438 47351669462080 create_pretraining_data.py:161] masked_lm_weights: 1.0 1.0 1.0 0.0 0.0 0.0 0.0 0.0 0.0 0.0 0.0 0.0 0.0 0.0 0.0 0.0 0.0 0.0 0.0 0.0
INFO:tensorflow:next_sentence_labels: 1
I1103 12:42:11.146559 47351669462080 create_pretraining_data.py:161] next_sentence_labels: 1
INFO:tensorflow:*** Example ***
I1103 12:42:11.147320 47351669462080 create_pretraining_data.py:149] *** Example ***
INFO:tensorflow:tokens: [CLS] ان يفرج عن كل اسير [MASK] ويرجع ا ##ل منزله ان تنت ##صر الشعوب المسلم ##ه عل كل طا ##غي ##ه [MASK] [MASK] عني [MASK] جث ##م عل صدر [MASK] امنيه تتم ##نون ##ها في [MASK] 2016 [SEP] اللهم لا تجعلني ممن يرون في [MASK] فخر ##ا فيج ##اهر ##ون بها وير ##ون في الطاعه عيبا [MASK] يقومون بها [SEP]
I1103 12:42:11.147489 47351669462080 create_pretraining_data.py:151] tokens: [CLS] ان يفرج عن كل اسير [MASK] ويرجع ا ##ل منزله ان تنت ##صر الشعوب المسلم ##ه عل كل طا ##غي ##ه [MASK] [MASK] عني [MASK] جث ##م عل صدر [MASK] امنيه تتم ##نون ##ها في [MASK] 2016 [SEP] اللهم لا تجعلني ممن يرون في [MASK] فخر ##ا فيج ##اهر ##ون بها وير ##ون في الطاعه عيبا [MASK] يقومون بها [SEP]
INFO:tensorflow:input_ids: 2 1939 23729 1955 2038 29597 4 21766 387 1010 12028 1939 4013 2065 9589 5945 1028 9008 2038 6031 2662 1028 4 4 4449 4 23546 1015 9008 4628 4 11204 5346 4095 1913 1912 4 3400 3 2168 1963 17523 4663 15015 1912 4 8944 1007 21913 3797 1922 2459 4092 1922 1912 26422 22143 4 15064 2459 3 0 0 0 0 0 0 0 0 0 0 0 0 0 0 0 0 0 0 0 0 0 0 0 0 0 0 0 0 0 0 0 0 0 0 0 0 0 0 0 0 0 0 0 0 0 0 0 0 0 0 0 0 0 0 0 0 0 0 0 0 0 0 0 0 0 0 0
I1103 12:42:11.147655 47351669462080 create_pretraining_data.py:161] input_ids: 2 1939 23729 1955 2038 29597 4 21766 387 1010 12028 1939 4013 2065 9589 5945 1028 9008 2038 6031 2662 1028 4 4 4449 4 23546 1015 9008 4628 4 11204 5346 4095 1913 1912 4 3400 3 2168 1963 17523 4663 15015 1912 4 8944 1007 21913 3797 1922 2459 4092 1922 1912 26422 22143 4 15064 2459 3 0 0 0 0 0 0 0 0 0 0 0 0 0 0 0 0 0 0 0 0 0 0 0 0 0 0 0 0 0 0 0 0 0 0 0 0 0 0 0 0 0 0 0 0 0 0 0 0 0 0 0 0 0 0 0 0 0 0 0 0 0 0 0 0 0 0 0
INFO:tensorflow:input_mask: 1 1 1 1 1 1 1 1 1 1 1 1 1 1 1 1 1 1 1 1 1 1 1 1 1 1 1 1 1 1 1 1 1 1 1 1 1 1 1 1 1 1 1 1 1 1 1 1 1 1 1 1 1 1 1 1 1 1 1 1 1 0 0 0 0 0 0 0 0 0 0 0 0 0 0 0 0 0 0 0 0 0 0 0 0 0 0 0 0 0 0 0 0 0 0 0 0 0 0 0 0 0 0 0 0 0 0 0 0 0 0 0 0 0 0 0 0 0 0 0 0 0 0 0 0 0 0 0
I1103 12:42:11.147809 47351669462080 create_pretraining_data.py:161] input_mask: 1 1 1 1 1 1 1 1 1 1 1 1 1 1 1 1 1 1 1 1 1 1 1 1 1 1 1 1 1 1 1 1 1 1 1 1 1 1 1 1 1 1 1 1 1 1 1 1 1 1 1 1 1 1 1 1 1 1 1 1 1 0 0 0 0 0 0 0 0 0 0 0 0 0 0 0 0 0 0 0 0 0 0 0 0 0 0 0 0 0 0 0 0 0 0 0 0 0 0 0 0 0 0 0 0 0 0 0 0 0 0 0 0 0 0 0 0 0 0 0 0 0 0 0 0 0 0 0
INFO:tensorflow:segment_ids: 0 0 0 0 0 0 0 0 0 0 0 0 0 0 0 0 0 0 0 0 0 0 0 0 0 0 0 0 0 0 0 0 0 0 0 0 0 0 0 1 1 1 1 1 1 1 1 1 1 1 1 1 1 1 1 1 1 1 1 1 1 0 0 0 0 0 0 0 0 0 0 0 0 0 0 0 0 0 0 0 0 0 0 0 0 0 0 0 0 0 0 0 0 0 0 0 0 0 0 0 0 0 0 0 0 0 0 0 0 0 0 0 0 0 0 0 0 0 0 0 0 0 0 0 0 0 0 0
I1103 12:42:11.147971 47351669462080 create_pretraining_data.py:161] segment_ids: 0 0 0 0 0 0 0 0 0 0 0 0 0 0 0 0 0 0 0 0 0 0 0 0 0 0 0 0 0 0 0 0 0 0 0 0 0 0 0 1 1 1 1 1 1 1 1 1 1 1 1 1 1 1 1 1 1 1 1 1 1 0 0 0 0 0 0 0 0 0 0 0 0 0 0 0 0 0 0 0 0 0 0 0 0 0 0 0 0 0 0 0 0 0 0 0 0 0 0 0 0 0 0 0 0 0 0 0 0 0 0 0 0 0 0 0 0 0 0 0 0 0 0 0 0 0 0 0
INFO:tensorflow:masked_lm_positions: 6 22 23 24 25 30 36 45 57 0 0 0 0 0 0 0 0 0 0 0
I1103 12:42:11.148082 47351669462080 create_pretraining_data.py:161] masked_lm_positions: 6 22 23 24 25 30 36 45 57 0 0 0 0 0 0 0 0 0 0 0
INFO:tensorflow:masked_lm_ids: 22657 2257 2041 4449 1016 8672 4076 7957 2828 0 0 0 0 0 0 0 0 0 0 0
I1103 12:42:11.148189 47351669462080 create_pretraining_data.py:161] masked_lm_ids: 22657 2257 2041 4449 1016 8672 4076 7957 2828 0 0 0 0 0 0 0 0 0 0 0
INFO:tensorflow:masked_lm_weights: 1.0 1.0 1.0 1.0 1.0 1.0 1.0 1.0 1.0 0.0 0.0 0.0 0.0 0.0 0.0 0.0 0.0 0.0 0.0 0.0
I1103 12:42:11.148308 47351669462080 create_pretraining_data.py:161] masked_lm_weights: 1.0 1.0 1.0 1.0 1.0 1.0 1.0 1.0 1.0 0.0 0.0 0.0 0.0 0.0 0.0 0.0 0.0 0.0 0.0 0.0
INFO:tensorflow:next_sentence_labels: 1
I1103 12:42:11.148407 47351669462080 create_pretraining_data.py:161] next_sentence_labels: 1
INFO:tensorflow:*** Example ***
I1103 12:42:11.149117 47351669462080 create_pretraining_data.py:149] *** Example ***
INFO:tensorflow:tokens: [CLS] [MASK] [MASK] بريدك لها معني غريب [SEP] الاحباب كال ##اش ##جار ان تباع ##دت الاوراق تلا ##قت الجذور في الاع ##ماق اللهم قرب قلوبنا واجمعنا [MASK] هدا ##ك [MASK] [MASK] الي ان ن ##لقا ##ك [SEP]
I1103 12:42:11.149277 47351669462080 create_pretraining_data.py:151] tokens: [CLS] [MASK] [MASK] بريدك لها معني غريب [SEP] الاحباب كال ##اش ##جار ان تباع ##دت الاوراق تلا ##قت الجذور في الاع ##ماق اللهم قرب قلوبنا واجمعنا [MASK] هدا ##ك [MASK] [MASK] الي ان ن ##لقا ##ك [SEP]
INFO:tensorflow:input_ids: 2 4 4 18030 2553 7845 7443 3 17583 3881 2408 4233 1939 28593 4300 24330 6312 2039 22294 1912 3099 11456 2168 4795 5034 29022 4 8316 1014 4 4 2002 1939 413 7080 1014 3 0 0 0 0 0 0 0 0 0 0 0 0 0 0 0 0 0 0 0 0 0 0 0 0 0 0 0 0 0 0 0 0 0 0 0 0 0 0 0 0 0 0 0 0 0 0 0 0 0 0 0 0 0 0 0 0 0 0 0 0 0 0 0 0 0 0 0 0 0 0 0 0 0 0 0 0 0 0 0 0 0 0 0 0 0 0 0 0 0 0 0
I1103 12:42:11.149450 47351669462080 create_pretraining_data.py:161] input_ids: 2 4 4 18030 2553 7845 7443 3 17583 3881 2408 4233 1939 28593 4300 24330 6312 2039 22294 1912 3099 11456 2168 4795 5034 29022 4 8316 1014 4 4 2002 1939 413 7080 1014 3 0 0 0 0 0 0 0 0 0 0 0 0 0 0 0 0 0 0 0 0 0 0 0 0 0 0 0 0 0 0 0 0 0 0 0 0 0 0 0 0 0 0 0 0 0 0 0 0 0 0 0 0 0 0 0 0 0 0 0 0 0 0 0 0 0 0 0 0 0 0 0 0 0 0 0 0 0 0 0 0 0 0 0 0 0 0 0 0 0 0 0
INFO:tensorflow:input_mask: 1 1 1 1 1 1 1 1 1 1 1 1 1 1 1 1 1 1 1 1 1 1 1 1 1 1 1 1 1 1 1 1 1 1 1 1 1 0 0 0 0 0 0 0 0 0 0 0 0 0 0 0 0 0 0 0 0 0 0 0 0 0 0 0 0 0 0 0 0 0 0 0 0 0 0 0 0 0 0 0 0 0 0 0 0 0 0 0 0 0 0 0 0 0 0 0 0 0 0 0 0 0 0 0 0 0 0 0 0 0 0 0 0 0 0 0 0 0 0 0 0 0 0 0 0 0 0 0
I1103 12:42:11.149602 47351669462080 create_pretraining_data.py:161] input_mask: 1 1 1 1 1 1 1 1 1 1 1 1 1 1 1 1 1 1 1 1 1 1 1 1 1 1 1 1 1 1 1 1 1 1 1 1 1 0 0 0 0 0 0 0 0 0 0 0 0 0 0 0 0 0 0 0 0 0 0 0 0 0 0 0 0 0 0 0 0 0 0 0 0 0 0 0 0 0 0 0 0 0 0 0 0 0 0 0 0 0 0 0 0 0 0 0 0 0 0 0 0 0 0 0 0 0 0 0 0 0 0 0 0 0 0 0 0 0 0 0 0 0 0 0 0 0 0 0
INFO:tensorflow:segment_ids: 0 0 0 0 0 0 0 0 1 1 1 1 1 1 1 1 1 1 1 1 1 1 1 1 1 1 1 1 1 1 1 1 1 1 1 1 1 0 0 0 0 0 0 0 0 0 0 0 0 0 0 0 0 0 0 0 0 0 0 0 0 0 0 0 0 0 0 0 0 0 0 0 0 0 0 0 0 0 0 0 0 0 0 0 0 0 0 0 0 0 0 0 0 0 0 0 0 0 0 0 0 0 0 0 0 0 0 0 0 0 0 0 0 0 0 0 0 0 0 0 0 0 0 0 0 0 0 0
I1103 12:42:11.149763 47351669462080 create_pretraining_data.py:161] segment_ids: 0 0 0 0 0 0 0 0 1 1 1 1 1 1 1 1 1 1 1 1 1 1 1 1 1 1 1 1 1 1 1 1 1 1 1 1 1 0 0 0 0 0 0 0 0 0 0 0 0 0 0 0 0 0 0 0 0 0 0 0 0 0 0 0 0 0 0 0 0 0 0 0 0 0 0 0 0 0 0 0 0 0 0 0 0 0 0 0 0 0 0 0 0 0 0 0 0 0 0 0 0 0 0 0 0 0 0 0 0 0 0 0 0 0 0 0 0 0 0 0 0 0 0 0 0 0 0 0
INFO:tensorflow:masked_lm_positions: 1 2 3 26 29 30 0 0 0 0 0 0 0 0 0 0 0 0 0 0
I1103 12:42:11.149878 47351669462080 create_pretraining_data.py:161] masked_lm_positions: 1 2 3 26 29 30 0 0 0 0 0 0 0 0 0 0 0 0 0 0
INFO:tensorflow:masked_lm_ids: 4478 2315 5009 1958 25282 18882 0 0 0 0 0 0 0 0 0 0 0 0 0 0
I1103 12:42:11.149987 47351669462080 create_pretraining_data.py:161] masked_lm_ids: 4478 2315 5009 1958 25282 18882 0 0 0 0 0 0 0 0 0 0 0 0 0 0
INFO:tensorflow:masked_lm_weights: 1.0 1.0 1.0 1.0 1.0 1.0 0.0 0.0 0.0 0.0 0.0 0.0 0.0 0.0 0.0 0.0 0.0 0.0 0.0 0.0
I1103 12:42:11.150097 47351669462080 create_pretraining_data.py:161] masked_lm_weights: 1.0 1.0 1.0 1.0 1.0 1.0 0.0 0.0 0.0 0.0 0.0 0.0 0.0 0.0 0.0 0.0 0.0 0.0 0.0 0.0
INFO:tensorflow:next_sentence_labels: 1
I1103 12:42:11.150196 47351669462080 create_pretraining_data.py:161] next_sentence_labels: 1
INFO:tensorflow:*** Example ***
I1103 12:42:11.150877 47351669462080 create_pretraining_data.py:149] *** Example ***
INFO:tensorflow:tokens: [CLS] [MASK] استغ ##ني فنحن عنه الحكمة [SEP] كر ##لا [SEP]
I1103 12:42:11.151019 47351669462080 create_pretraining_data.py:151] tokens: [CLS] [MASK] استغ ##ني فنحن عنه الحكمة [SEP] كر ##لا [SEP]
INFO:tensorflow:input_ids: 2 4 4172 1974 9640 2891 14619 3 4323 1903 3 0 0 0 0 0 0 0 0 0 0 0 0 0 0 0 0 0 0 0 0 0 0 0 0 0 0 0 0 0 0 0 0 0 0 0 0 0 0 0 0 0 0 0 0 0 0 0 0 0 0 0 0 0 0 0 0 0 0 0 0 0 0 0 0 0 0 0 0 0 0 0 0 0 0 0 0 0 0 0 0 0 0 0 0 0 0 0 0 0 0 0 0 0 0 0 0 0 0 0 0 0 0 0 0 0 0 0 0 0 0 0 0 0 0 0 0 0
I1103 12:42:11.151181 47351669462080 create_pretraining_data.py:161] input_ids: 2 4 4172 1974 9640 2891 14619 3 4323 1903 3 0 0 0 0 0 0 0 0 0 0 0 0 0 0 0 0 0 0 0 0 0 0 0 0 0 0 0 0 0 0 0 0 0 0 0 0 0 0 0 0 0 0 0 0 0 0 0 0 0 0 0 0 0 0 0 0 0 0 0 0 0 0 0 0 0 0 0 0 0 0 0 0 0 0 0 0 0 0 0 0 0 0 0 0 0 0 0 0 0 0 0 0 0 0 0 0 0 0 0 0 0 0 0 0 0 0 0 0 0 0 0 0 0 0 0 0 0
INFO:tensorflow:input_mask: 1 1 1 1 1 1 1 1 1 1 1 0 0 0 0 0 0 0 0 0 0 0 0 0 0 0 0 0 0 0 0 0 0 0 0 0 0 0 0 0 0 0 0 0 0 0 0 0 0 0 0 0 0 0 0 0 0 0 0 0 0 0 0 0 0 0 0 0 0 0 0 0 0 0 0 0 0 0 0 0 0 0 0 0 0 0 0 0 0 0 0 0 0 0 0 0 0 0 0 0 0 0 0 0 0 0 0 0 0 0 0 0 0 0 0 0 0 0 0 0 0 0 0 0 0 0 0 0
I1103 12:42:11.151342 47351669462080 create_pretraining_data.py:161] input_mask: 1 1 1 1 1 1 1 1 1 1 1 0 0 0 0 0 0 0 0 0 0 0 0 0 0 0 0 0 0 0 0 0 0 0 0 0 0 0 0 0 0 0 0 0 0 0 0 0 0 0 0 0 0 0 0 0 0 0 0 0 0 0 0 0 0 0 0 0 0 0 0 0 0 0 0 0 0 0 0 0 0 0 0 0 0 0 0 0 0 0 0 0 0 0 0 0 0 0 0 0 0 0 0 0 0 0 0 0 0 0 0 0 0 0 0 0 0 0 0 0 0 0 0 0 0 0 0 0
INFO:tensorflow:segment_ids: 0 0 0 0 0 0 0 0 1 1 1 0 0 0 0 0 0 0 0 0 0 0 0 0 0 0 0 0 0 0 0 0 0 0 0 0 0 0 0 0 0 0 0 0 0 0 0 0 0 0 0 0 0 0 0 0 0 0 0 0 0 0 0 0 0 0 0 0 0 0 0 0 0 0 0 0 0 0 0 0 0 0 0 0 0 0 0 0 0 0 0 0 0 0 0 0 0 0 0 0 0 0 0 0 0 0 0 0 0 0 0 0 0 0 0 0 0 0 0 0 0 0 0 0 0 0 0 0
I1103 12:42:11.151491 47351669462080 create_pretraining_data.py:161] segment_ids: 0 0 0 0 0 0 0 0 1 1 1 0 0 0 0 0 0 0 0 0 0 0 0 0 0 0 0 0 0 0 0 0 0 0 0 0 0 0 0 0 0 0 0 0 0 0 0 0 0 0 0 0 0 0 0 0 0 0 0 0 0 0 0 0 0 0 0 0 0 0 0 0 0 0 0 0 0 0 0 0 0 0 0 0 0 0 0 0 0 0 0 0 0 0 0 0 0 0 0 0 0 0 0 0 0 0 0 0 0 0 0 0 0 0 0 0 0 0 0 0 0 0 0 0 0 0 0 0
INFO:tensorflow:masked_lm_positions: 1 6 0 0 0 0 0 0 0 0 0 0 0 0 0 0 0 0 0 0
I1103 12:42:11.151602 47351669462080 create_pretraining_data.py:161] masked_lm_positions: 1 6 0 0 0 0 0 0 0 0 0 0 0 0 0 0 0 0 0 0
INFO:tensorflow:masked_lm_ids: 2298 17912 0 0 0 0 0 0 0 0 0 0 0 0 0 0 0 0 0 0
I1103 12:42:11.151710 47351669462080 create_pretraining_data.py:161] masked_lm_ids: 2298 17912 0 0 0 0 0 0 0 0 0 0 0 0 0 0 0 0 0 0
INFO:tensorflow:masked_lm_weights: 1.0 1.0 0.0 0.0 0.0 0.0 0.0 0.0 0.0 0.0 0.0 0.0 0.0 0.0 0.0 0.0 0.0 0.0 0.0 0.0
I1103 12:42:11.151836 47351669462080 create_pretraining_data.py:161] masked_lm_weights: 1.0 1.0 0.0 0.0 0.0 0.0 0.0 0.0 0.0 0.0 0.0 0.0 0.0 0.0 0.0 0.0 0.0 0.0 0.0 0.0
INFO:tensorflow:next_sentence_labels: 1
I1103 12:42:11.151936 47351669462080 create_pretraining_data.py:161] next_sentence_labels: 1
INFO:tensorflow:*** Example ***
I1103 12:42:11.152635 47351669462080 create_pretraining_data.py:149] *** Example ***
INFO:tensorflow:tokens: [CLS] وبال ##اخ ##ير اللي يحبك [MASK] ما يرضي يشوف قلبك يت ##وجع [MASK] [MASK] [SEP] [MASK] عارف ان الشخص اللي بيس ##يب ##ك بعد ما بيم ##وت توماس كبير جواك ويرجع ##لك بعد فتره [MASK] راجع علشان يكمل علي الباقي اصل ##هم [MASK] حلال مبين ##سو ##ش [SEP]
I1103 12:42:11.152796 47351669462080 create_pretraining_data.py:151] tokens: [CLS] وبال ##اخ ##ير اللي يحبك [MASK] ما يرضي يشوف قلبك يت ##وجع [MASK] [MASK] [SEP] [MASK] عارف ان الشخص اللي بيس ##يب ##ك بعد ما بيم ##وت توماس كبير جواك ويرجع ##لك بعد فتره [MASK] راجع علشان يكمل علي الباقي اصل ##هم [MASK] حلال مبين ##سو ##ش [SEP]
INFO:tensorflow:input_ids: 2 4624 2524 1916 2115 7725 4 1972 14176 9480 3966 2097 8546 4 4 3 4 6843 1939 3190 2115 8056 2062 1014 2089 1972 16403 2054 25318 2934 29754 21766 1934 2089 7258 4 12203 8436 18712 1958 14288 11293 1949 4 15038 25836 5333 1034 3 0 0 0 0 0 0 0 0 0 0 0 0 0 0 0 0 0 0 0 0 0 0 0 0 0 0 0 0 0 0 0 0 0 0 0 0 0 0 0 0 0 0 0 0 0 0 0 0 0 0 0 0 0 0 0 0 0 0 0 0 0 0 0 0 0 0 0 0 0 0 0 0 0 0 0 0 0 0 0
I1103 12:42:11.152965 47351669462080 create_pretraining_data.py:161] input_ids: 2 4624 2524 1916 2115 7725 4 1972 14176 9480 3966 2097 8546 4 4 3 4 6843 1939 3190 2115 8056 2062 1014 2089 1972 16403 2054 25318 2934 29754 21766 1934 2089 7258 4 12203 8436 18712 1958 14288 11293 1949 4 15038 25836 5333 1034 3 0 0 0 0 0 0 0 0 0 0 0 0 0 0 0 0 0 0 0 0 0 0 0 0 0 0 0 0 0 0 0 0 0 0 0 0 0 0 0 0 0 0 0 0 0 0 0 0 0 0 0 0 0 0 0 0 0 0 0 0 0 0 0 0 0 0 0 0 0 0 0 0 0 0 0 0 0 0 0
INFO:tensorflow:input_mask: 1 1 1 1 1 1 1 1 1 1 1 1 1 1 1 1 1 1 1 1 1 1 1 1 1 1 1 1 1 1 1 1 1 1 1 1 1 1 1 1 1 1 1 1 1 1 1 1 1 0 0 0 0 0 0 0 0 0 0 0 0 0 0 0 0 0 0 0 0 0 0 0 0 0 0 0 0 0 0 0 0 0 0 0 0 0 0 0 0 0 0 0 0 0 0 0 0 0 0 0 0 0 0 0 0 0 0 0 0 0 0 0 0 0 0 0 0 0 0 0 0 0 0 0 0 0 0 0
I1103 12:42:11.153117 47351669462080 create_pretraining_data.py:161] input_mask: 1 1 1 1 1 1 1 1 1 1 1 1 1 1 1 1 1 1 1 1 1 1 1 1 1 1 1 1 1 1 1 1 1 1 1 1 1 1 1 1 1 1 1 1 1 1 1 1 1 0 0 0 0 0 0 0 0 0 0 0 0 0 0 0 0 0 0 0 0 0 0 0 0 0 0 0 0 0 0 0 0 0 0 0 0 0 0 0 0 0 0 0 0 0 0 0 0 0 0 0 0 0 0 0 0 0 0 0 0 0 0 0 0 0 0 0 0 0 0 0 0 0 0 0 0 0 0 0
INFO:tensorflow:segment_ids: 0 0 0 0 0 0 0 0 0 0 0 0 0 0 0 0 1 1 1 1 1 1 1 1 1 1 1 1 1 1 1 1 1 1 1 1 1 1 1 1 1 1 1 1 1 1 1 1 1 0 0 0 0 0 0 0 0 0 0 0 0 0 0 0 0 0 0 0 0 0 0 0 0 0 0 0 0 0 0 0 0 0 0 0 0 0 0 0 0 0 0 0 0 0 0 0 0 0 0 0 0 0 0 0 0 0 0 0 0 0 0 0 0 0 0 0 0 0 0 0 0 0 0 0 0 0 0 0
I1103 12:42:11.153268 47351669462080 create_pretraining_data.py:161] segment_ids: 0 0 0 0 0 0 0 0 0 0 0 0 0 0 0 0 1 1 1 1 1 1 1 1 1 1 1 1 1 1 1 1 1 1 1 1 1 1 1 1 1 1 1 1 1 1 1 1 1 0 0 0 0 0 0 0 0 0 0 0 0 0 0 0 0 0 0 0 0 0 0 0 0 0 0 0 0 0 0 0 0 0 0 0 0 0 0 0 0 0 0 0 0 0 0 0 0 0 0 0 0 0 0 0 0 0 0 0 0 0 0 0 0 0 0 0 0 0 0 0 0 0 0 0 0 0 0 0
INFO:tensorflow:masked_lm_positions: 6 13 14 16 28 35 43 0 0 0 0 0 0 0 0 0 0 0 0 0
I1103 12:42:11.153380 47351669462080 create_pretraining_data.py:161] masked_lm_positions: 6 13 14 16 28 35 43 0 0 0 0 0 0 0 0 0 0 0 0 0
INFO:tensorflow:masked_lm_ids: 2706 8816 4435 14916 4787 2720 13144 0 0 0 0 0 0 0 0 0 0 0 0 0
I1103 12:42:11.153489 47351669462080 create_pretraining_data.py:161] masked_lm_ids: 2706 8816 4435 14916 4787 2720 13144 0 0 0 0 0 0 0 0 0 0 0 0 0
INFO:tensorflow:masked_lm_weights: 1.0 1.0 1.0 1.0 1.0 1.0 1.0 0.0 0.0 0.0 0.0 0.0 0.0 0.0 0.0 0.0 0.0 0.0 0.0 0.0
I1103 12:42:11.153614 47351669462080 create_pretraining_data.py:161] masked_lm_weights: 1.0 1.0 1.0 1.0 1.0 1.0 1.0 0.0 0.0 0.0 0.0 0.0 0.0 0.0 0.0 0.0 0.0 0.0 0.0 0.0
INFO:tensorflow:next_sentence_labels: 1
I1103 12:42:11.153718 47351669462080 create_pretraining_data.py:161] next_sentence_labels: 1
INFO:tensorflow:*** Example ***
I1103 12:42:11.154430 47351669462080 create_pretraining_data.py:149] *** Example ***
INFO:tensorflow:tokens: [CLS] [MASK] [MASK] ممكن تواجه ##ه بالحياه انك تت ##غل ##ي وين ##سح ##ب عليك [SEP] تم [MASK] [MASK] النب ##ا قبل [MASK] ساعتين ونشرت ##ه وكاله الانا ##ضول التركيه الرسميه هذا وسي ##صبح المجال [MASK] خاصه بالقرب ##ائل سوريا تحت حمايه الناتو [SEP]
I1103 12:42:11.154589 47351669462080 create_pretraining_data.py:151] tokens: [CLS] [MASK] [MASK] ممكن تواجه ##ه بالحياه انك تت ##غل ##ي وين ##سح ##ب عليك [SEP] تم [MASK] [MASK] النب ##ا قبل [MASK] ساعتين ونشرت ##ه وكاله الانا ##ضول التركيه الرسميه هذا وسي ##صبح المجال [MASK] خاصه بالقرب ##ائل سوريا تحت حمايه الناتو [SEP]
INFO:tensorflow:input_ids: 2 4 4 4050 8106 1028 16699 2963 2201 3848 1013 3266 13563 1045 2898 3 2172 4 4 4311 1007 2289 4 16043 29207 1028 17614 11066 26686 19195 21670 2085 3713 6196 6337 4 8607 8786 2525 3379 2538 21072 25614 3 0 0 0 0 0 0 0 0 0 0 0 0 0 0 0 0 0 0 0 0 0 0 0 0 0 0 0 0 0 0 0 0 0 0 0 0 0 0 0 0 0 0 0 0 0 0 0 0 0 0 0 0 0 0 0 0 0 0 0 0 0 0 0 0 0 0 0 0 0 0 0 0 0 0 0 0 0 0 0 0 0 0 0 0
I1103 12:42:11.154756 47351669462080 create_pretraining_data.py:161] input_ids: 2 4 4 4050 8106 1028 16699 2963 2201 3848 1013 3266 13563 1045 2898 3 2172 4 4 4311 1007 2289 4 16043 29207 1028 17614 11066 26686 19195 21670 2085 3713 6196 6337 4 8607 8786 2525 3379 2538 21072 25614 3 0 0 0 0 0 0 0 0 0 0 0 0 0 0 0 0 0 0 0 0 0 0 0 0 0 0 0 0 0 0 0 0 0 0 0 0 0 0 0 0 0 0 0 0 0 0 0 0 0 0 0 0 0 0 0 0 0 0 0 0 0 0 0 0 0 0 0 0 0 0 0 0 0 0 0 0 0 0 0 0 0 0 0 0
INFO:tensorflow:input_mask: 1 1 1 1 1 1 1 1 1 1 1 1 1 1 1 1 1 1 1 1 1 1 1 1 1 1 1 1 1 1 1 1 1 1 1 1 1 1 1 1 1 1 1 1 0 0 0 0 0 0 0 0 0 0 0 0 0 0 0 0 0 0 0 0 0 0 0 0 0 0 0 0 0 0 0 0 0 0 0 0 0 0 0 0 0 0 0 0 0 0 0 0 0 0 0 0 0 0 0 0 0 0 0 0 0 0 0 0 0 0 0 0 0 0 0 0 0 0 0 0 0 0 0 0 0 0 0 0
I1103 12:42:11.154909 47351669462080 create_pretraining_data.py:161] input_mask: 1 1 1 1 1 1 1 1 1 1 1 1 1 1 1 1 1 1 1 1 1 1 1 1 1 1 1 1 1 1 1 1 1 1 1 1 1 1 1 1 1 1 1 1 0 0 0 0 0 0 0 0 0 0 0 0 0 0 0 0 0 0 0 0 0 0 0 0 0 0 0 0 0 0 0 0 0 0 0 0 0 0 0 0 0 0 0 0 0 0 0 0 0 0 0 0 0 0 0 0 0 0 0 0 0 0 0 0 0 0 0 0 0 0 0 0 0 0 0 0 0 0 0 0 0 0 0 0
INFO:tensorflow:segment_ids: 0 0 0 0 0 0 0 0 0 0 0 0 0 0 0 0 1 1 1 1 1 1 1 1 1 1 1 1 1 1 1 1 1 1 1 1 1 1 1 1 1 1 1 1 0 0 0 0 0 0 0 0 0 0 0 0 0 0 0 0 0 0 0 0 0 0 0 0 0 0 0 0 0 0 0 0 0 0 0 0 0 0 0 0 0 0 0 0 0 0 0 0 0 0 0 0 0 0 0 0 0 0 0 0 0 0 0 0 0 0 0 0 0 0 0 0 0 0 0 0 0 0 0 0 0 0 0 0
I1103 12:42:11.155056 47351669462080 create_pretraining_data.py:161] segment_ids: 0 0 0 0 0 0 0 0 0 0 0 0 0 0 0 0 1 1 1 1 1 1 1 1 1 1 1 1 1 1 1 1 1 1 1 1 1 1 1 1 1 1 1 1 0 0 0 0 0 0 0 0 0 0 0 0 0 0 0 0 0 0 0 0 0 0 0 0 0 0 0 0 0 0 0 0 0 0 0 0 0 0 0 0 0 0 0 0 0 0 0 0 0 0 0 0 0 0 0 0 0 0 0 0 0 0 0 0 0 0 0 0 0 0 0 0 0 0 0 0 0 0 0 0 0 0 0 0
INFO:tensorflow:masked_lm_positions: 1 2 17 18 22 35 38 0 0 0 0 0 0 0 0 0 0 0 0 0
I1103 12:42:11.155166 47351669462080 create_pretraining_data.py:161] masked_lm_positions: 1 2 17 18 22 35 38 0 0 0 0 0 0 0 0 0 0 0 0 0
INFO:tensorflow:masked_lm_ids: 10335 5443 15587 1983 6570 6638 1908 0 0 0 0 0 0 0 0 0 0 0 0 0
I1103 12:42:11.155284 47351669462080 create_pretraining_data.py:161] masked_lm_ids: 10335 5443 15587 1983 6570 6638 1908 0 0 0 0 0 0 0 0 0 0 0 0 0
INFO:tensorflow:masked_lm_weights: 1.0 1.0 1.0 1.0 1.0 1.0 1.0 0.0 0.0 0.0 0.0 0.0 0.0 0.0 0.0 0.0 0.0 0.0 0.0 0.0
I1103 12:42:11.155397 47351669462080 create_pretraining_data.py:161] masked_lm_weights: 1.0 1.0 1.0 1.0 1.0 1.0 1.0 0.0 0.0 0.0 0.0 0.0 0.0 0.0 0.0 0.0 0.0 0.0 0.0 0.0
INFO:tensorflow:next_sentence_labels: 1
I1103 12:42:11.155513 47351669462080 create_pretraining_data.py:161] next_sentence_labels: 1
INFO:tensorflow:*** Example ***
I1103 12:42:11.156208 47351669462080 create_pretraining_data.py:149] *** Example ***
INFO:tensorflow:tokens: [CLS] دمج البنفس ##جي والر ##مادي [MASK] الحمام [SEP] واحد بالمخ ##يم يقول كل مابي اشتري شي اجيب ##ه [MASK] ام ##زون حبيت قاده [MASK] [MASK] بالموضوع قلت احنا ما له بيتنا نشتري ##ها منه ليتني ماك ##ل تب ##ن مادري ##ت [MASK] موقع [SEP]
I1103 12:42:11.156386 47351669462080 create_pretraining_data.py:151] tokens: [CLS] دمج البنفس ##جي والر ##مادي [MASK] الحمام [SEP] واحد بالمخ ##يم يقول كل مابي اشتري شي اجيب ##ه [MASK] ام ##زون حبيت قاده [MASK] [MASK] بالموضوع قلت احنا ما له بيتنا نشتري ##ها منه ليتني ماك ##ل تب ##ن مادري ##ت [MASK] موقع [SEP]
INFO:tensorflow:input_ids: 2 23772 17102 2643 4105 7101 4 8960 3 2563 23962 2019 2722 2038 11069 21954 2228 22110 1028 4 2112 8097 14488 24402 4 4 25885 4002 6441 1972 2154 29346 26123 1913 2739 15678 9918 1010 2500 1006 23919 1005 4 2867 3 0 0 0 0 0 0 0 0 0 0 0 0 0 0 0 0 0 0 0 0 0 0 0 0 0 0 0 0 0 0 0 0 0 0 0 0 0 0 0 0 0 0 0 0 0 0 0 0 0 0 0 0 0 0 0 0 0 0 0 0 0 0 0 0 0 0 0 0 0 0 0 0 0 0 0 0 0 0 0 0 0 0 0
I1103 12:42:11.156538 47351669462080 create_pretraining_data.py:161] input_ids: 2 23772 17102 2643 4105 7101 4 8960 3 2563 23962 2019 2722 2038 11069 21954 2228 22110 1028 4 2112 8097 14488 24402 4 4 25885 4002 6441 1972 2154 29346 26123 1913 2739 15678 9918 1010 2500 1006 23919 1005 4 2867 3 0 0 0 0 0 0 0 0 0 0 0 0 0 0 0 0 0 0 0 0 0 0 0 0 0 0 0 0 0 0 0 0 0 0 0 0 0 0 0 0 0 0 0 0 0 0 0 0 0 0 0 0 0 0 0 0 0 0 0 0 0 0 0 0 0 0 0 0 0 0 0 0 0 0 0 0 0 0 0 0 0 0 0
INFO:tensorflow:input_mask: 1 1 1 1 1 1 1 1 1 1 1 1 1 1 1 1 1 1 1 1 1 1 1 1 1 1 1 1 1 1 1 1 1 1 1 1 1 1 1 1 1 1 1 1 1 0 0 0 0 0 0 0 0 0 0 0 0 0 0 0 0 0 0 0 0 0 0 0 0 0 0 0 0 0 0 0 0 0 0 0 0 0 0 0 0 0 0 0 0 0 0 0 0 0 0 0 0 0 0 0 0 0 0 0 0 0 0 0 0 0 0 0 0 0 0 0 0 0 0 0 0 0 0 0 0 0 0 0
I1103 12:42:11.156665 47351669462080 create_pretraining_data.py:161] input_mask: 1 1 1 1 1 1 1 1 1 1 1 1 1 1 1 1 1 1 1 1 1 1 1 1 1 1 1 1 1 1 1 1 1 1 1 1 1 1 1 1 1 1 1 1 1 0 0 0 0 0 0 0 0 0 0 0 0 0 0 0 0 0 0 0 0 0 0 0 0 0 0 0 0 0 0 0 0 0 0 0 0 0 0 0 0 0 0 0 0 0 0 0 0 0 0 0 0 0 0 0 0 0 0 0 0 0 0 0 0 0 0 0 0 0 0 0 0 0 0 0 0 0 0 0 0 0 0 0
INFO:tensorflow:segment_ids: 0 0 0 0 0 0 0 0 0 1 1 1 1 1 1 1 1 1 1 1 1 1 1 1 1 1 1 1 1 1 1 1 1 1 1 1 1 1 1 1 1 1 1 1 1 0 0 0 0 0 0 0 0 0 0 0 0 0 0 0 0 0 0 0 0 0 0 0 0 0 0 0 0 0 0 0 0 0 0 0 0 0 0 0 0 0 0 0 0 0 0 0 0 0 0 0 0 0 0 0 0 0 0 0 0 0 0 0 0 0 0 0 0 0 0 0 0 0 0 0 0 0 0 0 0 0 0 0
I1103 12:42:11.156788 47351669462080 create_pretraining_data.py:161] segment_ids: 0 0 0 0 0 0 0 0 0 1 1 1 1 1 1 1 1 1 1 1 1 1 1 1 1 1 1 1 1 1 1 1 1 1 1 1 1 1 1 1 1 1 1 1 1 0 0 0 0 0 0 0 0 0 0 0 0 0 0 0 0 0 0 0 0 0 0 0 0 0 0 0 0 0 0 0 0 0 0 0 0 0 0 0 0 0 0 0 0 0 0 0 0 0 0 0 0 0 0 0 0 0 0 0 0 0 0 0 0 0 0 0 0 0 0 0 0 0 0 0 0 0 0 0 0 0 0 0
INFO:tensorflow:masked_lm_positions: 6 19 23 24 25 35 42 0 0 0 0 0 0 0 0 0 0 0 0 0
I1103 12:42:11.156879 47351669462080 create_pretraining_data.py:161] masked_lm_positions: 6 19 23 24 25 35 42 0 0 0 0 0 0 0 0 0 0 0 0 0
INFO:tensorflow:masked_lm_ids: 1912 1908 25123 4246 1015 15678 2615 0 0 0 0 0 0 0 0 0 0 0 0 0
I1103 12:42:11.156969 47351669462080 create_pretraining_data.py:161] masked_lm_ids: 1912 1908 25123 4246 1015 15678 2615 0 0 0 0 0 0 0 0 0 0 0 0 0
INFO:tensorflow:masked_lm_weights: 1.0 1.0 1.0 1.0 1.0 1.0 1.0 0.0 0.0 0.0 0.0 0.0 0.0 0.0 0.0 0.0 0.0 0.0 0.0 0.0
I1103 12:42:11.157061 47351669462080 create_pretraining_data.py:161] masked_lm_weights: 1.0 1.0 1.0 1.0 1.0 1.0 1.0 0.0 0.0 0.0 0.0 0.0 0.0 0.0 0.0 0.0 0.0 0.0 0.0 0.0
INFO:tensorflow:next_sentence_labels: 1
I1103 12:42:11.157157 47351669462080 create_pretraining_data.py:161] next_sentence_labels: 1
INFO:tensorflow:*** Example ***
I1103 12:42:11.157742 47351669462080 create_pretraining_data.py:149] *** Example ***
INFO:tensorflow:tokens: [CLS] تطبيق الهلال الزعيم [MASK] تحضير ##اته لمواجهه النهضه الهلال [SEP] وص ##يتي لما اموت [MASK] [MASK] [MASK] ا ##ل 74 ولو حتي بخط صغير [SEP]
I1103 12:42:11.157870 47351669462080 create_pretraining_data.py:151] tokens: [CLS] تطبيق الهلال الزعيم [MASK] تحضير ##اته لمواجهه النهضه الهلال [SEP] وص ##يتي لما اموت [MASK] [MASK] [MASK] ا ##ل 74 ولو حتي بخط صغير [SEP]
INFO:tensorflow:input_ids: 2 4456 2675 7401 4 9248 2755 26870 17740 2675 3 2417 12876 2518 14101 4 4 4 387 1010 16856 3278 2627 11936 5115 3 0 0 0 0 0 0 0 0 0 0 0 0 0 0 0 0 0 0 0 0 0 0 0 0 0 0 0 0 0 0 0 0 0 0 0 0 0 0 0 0 0 0 0 0 0 0 0 0 0 0 0 0 0 0 0 0 0 0 0 0 0 0 0 0 0 0 0 0 0 0 0 0 0 0 0 0 0 0 0 0 0 0 0 0 0 0 0 0 0 0 0 0 0 0 0 0 0 0 0 0 0 0
I1103 12:42:11.158005 47351669462080 create_pretraining_data.py:161] input_ids: 2 4456 2675 7401 4 9248 2755 26870 17740 2675 3 2417 12876 2518 14101 4 4 4 387 1010 16856 3278 2627 11936 5115 3 0 0 0 0 0 0 0 0 0 0 0 0 0 0 0 0 0 0 0 0 0 0 0 0 0 0 0 0 0 0 0 0 0 0 0 0 0 0 0 0 0 0 0 0 0 0 0 0 0 0 0 0 0 0 0 0 0 0 0 0 0 0 0 0 0 0 0 0 0 0 0 0 0 0 0 0 0 0 0 0 0 0 0 0 0 0 0 0 0 0 0 0 0 0 0 0 0 0 0 0 0 0
INFO:tensorflow:input_mask: 1 1 1 1 1 1 1 1 1 1 1 1 1 1 1 1 1 1 1 1 1 1 1 1 1 1 0 0 0 0 0 0 0 0 0 0 0 0 0 0 0 0 0 0 0 0 0 0 0 0 0 0 0 0 0 0 0 0 0 0 0 0 0 0 0 0 0 0 0 0 0 0 0 0 0 0 0 0 0 0 0 0 0 0 0 0 0 0 0 0 0 0 0 0 0 0 0 0 0 0 0 0 0 0 0 0 0 0 0 0 0 0 0 0 0 0 0 0 0 0 0 0 0 0 0 0 0 0
I1103 12:42:11.158131 47351669462080 create_pretraining_data.py:161] input_mask: 1 1 1 1 1 1 1 1 1 1 1 1 1 1 1 1 1 1 1 1 1 1 1 1 1 1 0 0 0 0 0 0 0 0 0 0 0 0 0 0 0 0 0 0 0 0 0 0 0 0 0 0 0 0 0 0 0 0 0 0 0 0 0 0 0 0 0 0 0 0 0 0 0 0 0 0 0 0 0 0 0 0 0 0 0 0 0 0 0 0 0 0 0 0 0 0 0 0 0 0 0 0 0 0 0 0 0 0 0 0 0 0 0 0 0 0 0 0 0 0 0 0 0 0 0 0 0 0
INFO:tensorflow:segment_ids: 0 0 0 0 0 0 0 0 0 0 0 1 1 1 1 1 1 1 1 1 1 1 1 1 1 1 0 0 0 0 0 0 0 0 0 0 0 0 0 0 0 0 0 0 0 0 0 0 0 0 0 0 0 0 0 0 0 0 0 0 0 0 0 0 0 0 0 0 0 0 0 0 0 0 0 0 0 0 0 0 0 0 0 0 0 0 0 0 0 0 0 0 0 0 0 0 0 0 0 0 0 0 0 0 0 0 0 0 0 0 0 0 0 0 0 0 0 0 0 0 0 0 0 0 0 0 0 0
I1103 12:42:11.158258 47351669462080 create_pretraining_data.py:161] segment_ids: 0 0 0 0 0 0 0 0 0 0 0 1 1 1 1 1 1 1 1 1 1 1 1 1 1 1 0 0 0 0 0 0 0 0 0 0 0 0 0 0 0 0 0 0 0 0 0 0 0 0 0 0 0 0 0 0 0 0 0 0 0 0 0 0 0 0 0 0 0 0 0 0 0 0 0 0 0 0 0 0 0 0 0 0 0 0 0 0 0 0 0 0 0 0 0 0 0 0 0 0 0 0 0 0 0 0 0 0 0 0 0 0 0 0 0 0 0 0 0 0 0 0 0 0 0 0 0 0
INFO:tensorflow:masked_lm_positions: 4 15 16 17 0 0 0 0 0 0 0 0 0 0 0 0 0 0 0 0
I1103 12:42:11.158354 47351669462080 create_pretraining_data.py:161] masked_lm_positions: 4 15 16 17 0 0 0 0 0 0 0 0 0 0 0 0 0 0 0 0
INFO:tensorflow:masked_lm_ids: 12179 6559 2399 1973 0 0 0 0 0 0 0 0 0 0 0 0 0 0 0 0
I1103 12:42:11.158444 47351669462080 create_pretraining_data.py:161] masked_lm_ids: 12179 6559 2399 1973 0 0 0 0 0 0 0 0 0 0 0 0 0 0 0 0
INFO:tensorflow:masked_lm_weights: 1.0 1.0 1.0 1.0 0.0 0.0 0.0 0.0 0.0 0.0 0.0 0.0 0.0 0.0 0.0 0.0 0.0 0.0 0.0 0.0
I1103 12:42:11.158535 47351669462080 create_pretraining_data.py:161] masked_lm_weights: 1.0 1.0 1.0 1.0 0.0 0.0 0.0 0.0 0.0 0.0 0.0 0.0 0.0 0.0 0.0 0.0 0.0 0.0 0.0 0.0
INFO:tensorflow:next_sentence_labels: 1
I1103 12:42:11.158618 47351669462080 create_pretraining_data.py:161] next_sentence_labels: 1
INFO:tensorflow:*** Example ***
I1103 12:42:11.159207 47351669462080 create_pretraining_data.py:149] *** Example ***
INFO:tensorflow:tokens: [CLS] [MASK] لتحسين العوام ##يه [MASK] [MASK] [MASK] مواطن لكل شخص مهتم لمع ##رفه حقيقه دوا ##عش العوام ##يه [MASK] [MASK] علي اجرا ##مه ##م المشه ##ود هنا [SEP] لو كنت لي ماشفت ##ني باخر زوايا هال ##سه ##ر والحزن فيني مخت ##لي لو كنت لي ماض ##اق من حرف ##ي ورق [MASK] ##ي ارق مات ##مت ##لي [SEP]
I1103 12:42:11.159352 47351669462080 create_pretraining_data.py:151] tokens: [CLS] [MASK] لتحسين العوام ##يه [MASK] [MASK] [MASK] مواطن لكل شخص مهتم لمع ##رفه حقيقه دوا ##عش العوام ##يه [MASK] [MASK] علي اجرا ##مه ##م المشه ##ود هنا [SEP] لو كنت لي ماشفت ##ني باخر زوايا هال ##سه ##ر والحزن فيني مخت ##لي لو كنت لي ماض ##اق من حرف ##ي ورق [MASK] ##ي ارق مات ##مت ##لي [SEP]
INFO:tensorflow:input_ids: 2 4 15574 21590 1988 4 4 4 6375 3164 2489 20729 5862 4711 6722 11085 15314 21590 1988 4 4 1958 26157 2152 1015 23000 1993 2349 3 2244 2678 2134 25191 1974 26653 28952 4218 2824 1017 13979 6049 4926 1907 2244 2678 2134 20856 2396 1908 5583 1013 8054 4 1013 24244 3019 2321 1907 3 0 0 0 0 0 0 0 0 0 0 0 0 0 0 0 0 0 0 0 0 0 0 0 0 0 0 0 0 0 0 0 0 0 0 0 0 0 0 0 0 0 0 0 0 0 0 0 0 0 0 0 0 0 0 0 0 0 0 0 0 0 0 0 0 0 0 0 0 0
I1103 12:42:11.159510 47351669462080 create_pretraining_data.py:161] input_ids: 2 4 15574 21590 1988 4 4 4 6375 3164 2489 20729 5862 4711 6722 11085 15314 21590 1988 4 4 1958 26157 2152 1015 23000 1993 2349 3 2244 2678 2134 25191 1974 26653 28952 4218 2824 1017 13979 6049 4926 1907 2244 2678 2134 20856 2396 1908 5583 1013 8054 4 1013 24244 3019 2321 1907 3 0 0 0 0 0 0 0 0 0 0 0 0 0 0 0 0 0 0 0 0 0 0 0 0 0 0 0 0 0 0 0 0 0 0 0 0 0 0 0 0 0 0 0 0 0 0 0 0 0 0 0 0 0 0 0 0 0 0 0 0 0 0 0 0 0 0 0 0 0
INFO:tensorflow:input_mask: 1 1 1 1 1 1 1 1 1 1 1 1 1 1 1 1 1 1 1 1 1 1 1 1 1 1 1 1 1 1 1 1 1 1 1 1 1 1 1 1 1 1 1 1 1 1 1 1 1 1 1 1 1 1 1 1 1 1 1 0 0 0 0 0 0 0 0 0 0 0 0 0 0 0 0 0 0 0 0 0 0 0 0 0 0 0 0 0 0 0 0 0 0 0 0 0 0 0 0 0 0 0 0 0 0 0 0 0 0 0 0 0 0 0 0 0 0 0 0 0 0 0 0 0 0 0 0 0
I1103 12:42:11.159638 47351669462080 create_pretraining_data.py:161] input_mask: 1 1 1 1 1 1 1 1 1 1 1 1 1 1 1 1 1 1 1 1 1 1 1 1 1 1 1 1 1 1 1 1 1 1 1 1 1 1 1 1 1 1 1 1 1 1 1 1 1 1 1 1 1 1 1 1 1 1 1 0 0 0 0 0 0 0 0 0 0 0 0 0 0 0 0 0 0 0 0 0 0 0 0 0 0 0 0 0 0 0 0 0 0 0 0 0 0 0 0 0 0 0 0 0 0 0 0 0 0 0 0 0 0 0 0 0 0 0 0 0 0 0 0 0 0 0 0 0
INFO:tensorflow:segment_ids: 0 0 0 0 0 0 0 0 0 0 0 0 0 0 0 0 0 0 0 0 0 0 0 0 0 0 0 0 0 1 1 1 1 1 1 1 1 1 1 1 1 1 1 1 1 1 1 1 1 1 1 1 1 1 1 1 1 1 1 0 0 0 0 0 0 0 0 0 0 0 0 0 0 0 0 0 0 0 0 0 0 0 0 0 0 0 0 0 0 0 0 0 0 0 0 0 0 0 0 0 0 0 0 0 0 0 0 0 0 0 0 0 0 0 0 0 0 0 0 0 0 0 0 0 0 0 0 0
I1103 12:42:11.159761 47351669462080 create_pretraining_data.py:161] segment_ids: 0 0 0 0 0 0 0 0 0 0 0 0 0 0 0 0 0 0 0 0 0 0 0 0 0 0 0 0 0 1 1 1 1 1 1 1 1 1 1 1 1 1 1 1 1 1 1 1 1 1 1 1 1 1 1 1 1 1 1 0 0 0 0 0 0 0 0 0 0 0 0 0 0 0 0 0 0 0 0 0 0 0 0 0 0 0 0 0 0 0 0 0 0 0 0 0 0 0 0 0 0 0 0 0 0 0 0 0 0 0 0 0 0 0 0 0 0 0 0 0 0 0 0 0 0 0 0 0
INFO:tensorflow:masked_lm_positions: 1 2 5 6 7 19 20 52 53 0 0 0 0 0 0 0 0 0 0 0
I1103 12:42:11.159854 47351669462080 create_pretraining_data.py:161] masked_lm_positions: 1 2 5 6 7 19 20 52 53 0 0 0 0 0 0 0 0 0 0 0
INFO:tensorflow:masked_lm_ids: 10404 1012 2875 2297 1922 3398 4506 18927 1013 0 0 0 0 0 0 0 0 0 0 0
I1103 12:42:11.159945 47351669462080 create_pretraining_data.py:161] masked_lm_ids: 10404 1012 2875 2297 1922 3398 4506 18927 1013 0 0 0 0 0 0 0 0 0 0 0
INFO:tensorflow:masked_lm_weights: 1.0 1.0 1.0 1.0 1.0 1.0 1.0 1.0 1.0 0.0 0.0 0.0 0.0 0.0 0.0 0.0 0.0 0.0 0.0 0.0
I1103 12:42:11.160038 47351669462080 create_pretraining_data.py:161] masked_lm_weights: 1.0 1.0 1.0 1.0 1.0 1.0 1.0 1.0 1.0 0.0 0.0 0.0 0.0 0.0 0.0 0.0 0.0 0.0 0.0 0.0
INFO:tensorflow:next_sentence_labels: 1
I1103 12:42:11.160122 47351669462080 create_pretraining_data.py:161] next_sentence_labels: 1
INFO:tensorflow:*** Example ***
I1103 12:42:11.160712 47351669462080 create_pretraining_data.py:149] *** Example ***
INFO:tensorflow:tokens: [CLS] [MASK] الموسيقي تستطيع ان ومن [MASK] اناقه مزاجي [SEP] سا ##زو ##فا حدي ##قه الطبيعه الساحر ##ه في اسك ##يش ##هير التركيه [MASK] بوست [SEP]
I1103 12:42:11.160837 47351669462080 create_pretraining_data.py:151] tokens: [CLS] [MASK] الموسيقي تستطيع ان ومن [MASK] اناقه مزاجي [SEP] سا ##زو ##فا حدي ##قه الطبيعه الساحر ##ه في اسك ##يش ##هير التركيه [MASK] بوست [SEP]
INFO:tensorflow:input_ids: 2 4 18116 5637 1939 2298 4 25834 23640 3 3518 5225 2167 27393 2144 25369 29927 1028 1912 20221 2336 3732 19195 4 14200 3 0 0 0 0 0 0 0 0 0 0 0 0 0 0 0 0 0 0 0 0 0 0 0 0 0 0 0 0 0 0 0 0 0 0 0 0 0 0 0 0 0 0 0 0 0 0 0 0 0 0 0 0 0 0 0 0 0 0 0 0 0 0 0 0 0 0 0 0 0 0 0 0 0 0 0 0 0 0 0 0 0 0 0 0 0 0 0 0 0 0 0 0 0 0 0 0 0 0 0 0 0 0
I1103 12:42:11.160988 47351669462080 create_pretraining_data.py:161] input_ids: 2 4 18116 5637 1939 2298 4 25834 23640 3 3518 5225 2167 27393 2144 25369 29927 1028 1912 20221 2336 3732 19195 4 14200 3 0 0 0 0 0 0 0 0 0 0 0 0 0 0 0 0 0 0 0 0 0 0 0 0 0 0 0 0 0 0 0 0 0 0 0 0 0 0 0 0 0 0 0 0 0 0 0 0 0 0 0 0 0 0 0 0 0 0 0 0 0 0 0 0 0 0 0 0 0 0 0 0 0 0 0 0 0 0 0 0 0 0 0 0 0 0 0 0 0 0 0 0 0 0 0 0 0 0 0 0 0 0
INFO:tensorflow:input_mask: 1 1 1 1 1 1 1 1 1 1 1 1 1 1 1 1 1 1 1 1 1 1 1 1 1 1 0 0 0 0 0 0 0 0 0 0 0 0 0 0 0 0 0 0 0 0 0 0 0 0 0 0 0 0 0 0 0 0 0 0 0 0 0 0 0 0 0 0 0 0 0 0 0 0 0 0 0 0 0 0 0 0 0 0 0 0 0 0 0 0 0 0 0 0 0 0 0 0 0 0 0 0 0 0 0 0 0 0 0 0 0 0 0 0 0 0 0 0 0 0 0 0 0 0 0 0 0 0
I1103 12:42:11.161119 47351669462080 create_pretraining_data.py:161] input_mask: 1 1 1 1 1 1 1 1 1 1 1 1 1 1 1 1 1 1 1 1 1 1 1 1 1 1 0 0 0 0 0 0 0 0 0 0 0 0 0 0 0 0 0 0 0 0 0 0 0 0 0 0 0 0 0 0 0 0 0 0 0 0 0 0 0 0 0 0 0 0 0 0 0 0 0 0 0 0 0 0 0 0 0 0 0 0 0 0 0 0 0 0 0 0 0 0 0 0 0 0 0 0 0 0 0 0 0 0 0 0 0 0 0 0 0 0 0 0 0 0 0 0 0 0 0 0 0 0
INFO:tensorflow:segment_ids: 0 0 0 0 0 0 0 0 0 0 1 1 1 1 1 1 1 1 1 1 1 1 1 1 1 1 0 0 0 0 0 0 0 0 0 0 0 0 0 0 0 0 0 0 0 0 0 0 0 0 0 0 0 0 0 0 0 0 0 0 0 0 0 0 0 0 0 0 0 0 0 0 0 0 0 0 0 0 0 0 0 0 0 0 0 0 0 0 0 0 0 0 0 0 0 0 0 0 0 0 0 0 0 0 0 0 0 0 0 0 0 0 0 0 0 0 0 0 0 0 0 0 0 0 0 0 0 0
I1103 12:42:11.161249 47351669462080 create_pretraining_data.py:161] segment_ids: 0 0 0 0 0 0 0 0 0 0 1 1 1 1 1 1 1 1 1 1 1 1 1 1 1 1 0 0 0 0 0 0 0 0 0 0 0 0 0 0 0 0 0 0 0 0 0 0 0 0 0 0 0 0 0 0 0 0 0 0 0 0 0 0 0 0 0 0 0 0 0 0 0 0 0 0 0 0 0 0 0 0 0 0 0 0 0 0 0 0 0 0 0 0 0 0 0 0 0 0 0 0 0 0 0 0 0 0 0 0 0 0 0 0 0 0 0 0 0 0 0 0 0 0 0 0 0 0
INFO:tensorflow:masked_lm_positions: 1 5 6 23 0 0 0 0 0 0 0 0 0 0 0 0 0 0 0 0
I1103 12:42:11.161345 47351669462080 create_pretraining_data.py:161] masked_lm_positions: 1 5 6 23 0 0 0 0 0 0 0 0 0 0 0 0 0 0 0 0
INFO:tensorflow:masked_lm_ids: 13436 6021 1045 4081 0 0 0 0 0 0 0 0 0 0 0 0 0 0 0 0
I1103 12:42:11.161435 47351669462080 create_pretraining_data.py:161] masked_lm_ids: 13436 6021 1045 4081 0 0 0 0 0 0 0 0 0 0 0 0 0 0 0 0
INFO:tensorflow:masked_lm_weights: 1.0 1.0 1.0 1.0 0.0 0.0 0.0 0.0 0.0 0.0 0.0 0.0 0.0 0.0 0.0 0.0 0.0 0.0 0.0 0.0
I1103 12:42:11.161527 47351669462080 create_pretraining_data.py:161] masked_lm_weights: 1.0 1.0 1.0 1.0 0.0 0.0 0.0 0.0 0.0 0.0 0.0 0.0 0.0 0.0 0.0 0.0 0.0 0.0 0.0 0.0
INFO:tensorflow:next_sentence_labels: 1
I1103 12:42:11.161610 47351669462080 create_pretraining_data.py:161] next_sentence_labels: 1
INFO:tensorflow:*** Example ***
I1103 12:42:11.162206 47351669462080 create_pretraining_data.py:149] *** Example ***
INFO:tensorflow:tokens: [CLS] اك ##و ناس يح ون [MASK] الصبح للي ##ل وحر ##ام ا ##ل ان تفهم شن ##هي يح [MASK] واك ##و ساكت حل ##جه مخي ##ط خي ##اط وش ##قد حلو ح يه المرطبة [MASK] ##ات [MASK] [SEP] لا [MASK] الدنيا [MASK] منك هذه الخمس لحظه الصفا ##ء مع ربك والبر مع والديك والحب لع ##ائل ##تك والاح ##سان [MASK] حولك والاخ ##لاص في عملك [SEP]
I1103 12:42:11.162355 47351669462080 create_pretraining_data.py:151] tokens: [CLS] اك ##و ناس يح ون [MASK] الصبح للي ##ل وحر ##ام ا ##ل ان تفهم شن ##هي يح [MASK] واك ##و ساكت حل ##جه مخي ##ط خي ##اط وش ##قد حلو ح يه المرطبة [MASK] ##ات [MASK] [SEP] لا [MASK] الدنيا [MASK] منك هذه الخمس لحظه الصفا ##ء مع ربك والبر مع والديك والحب لع ##ائل ##تك والاح ##سان [MASK] حولك والاخ ##لاص في عملك [SEP]
INFO:tensorflow:input_ids: 2 3678 1012 3970 2410 2263 4 8739 4492 1010 19790 1921 387 1010 1939 10321 5806 2421 2410 4 12762 1012 17077 4463 2047 21866 1040 4662 2423 2347 2008 3740 393 3873 29896 4 1904 4 3 1963 4 2859 4 3677 2159 8899 6165 23614 1053 1973 5903 6001 1973 24429 12555 2941 2525 2348 9897 4838 4 9316 8455 7108 1912 18426 3 0 0 0 0 0 0 0 0 0 0 0 0 0 0 0 0 0 0 0 0 0 0 0 0 0 0 0 0 0 0 0 0 0 0 0 0 0 0 0 0 0 0 0 0 0 0 0 0 0 0 0 0 0 0 0 0 0 0 0 0 0
I1103 12:42:11.162515 47351669462080 create_pretraining_data.py:161] input_ids: 2 3678 1012 3970 2410 2263 4 8739 4492 1010 19790 1921 387 1010 1939 10321 5806 2421 2410 4 12762 1012 17077 4463 2047 21866 1040 4662 2423 2347 2008 3740 393 3873 29896 4 1904 4 3 1963 4 2859 4 3677 2159 8899 6165 23614 1053 1973 5903 6001 1973 24429 12555 2941 2525 2348 9897 4838 4 9316 8455 7108 1912 18426 3 0 0 0 0 0 0 0 0 0 0 0 0 0 0 0 0 0 0 0 0 0 0 0 0 0 0 0 0 0 0 0 0 0 0 0 0 0 0 0 0 0 0 0 0 0 0 0 0 0 0 0 0 0 0 0 0 0 0 0 0 0
INFO:tensorflow:input_mask: 1 1 1 1 1 1 1 1 1 1 1 1 1 1 1 1 1 1 1 1 1 1 1 1 1 1 1 1 1 1 1 1 1 1 1 1 1 1 1 1 1 1 1 1 1 1 1 1 1 1 1 1 1 1 1 1 1 1 1 1 1 1 1 1 1 1 1 0 0 0 0 0 0 0 0 0 0 0 0 0 0 0 0 0 0 0 0 0 0 0 0 0 0 0 0 0 0 0 0 0 0 0 0 0 0 0 0 0 0 0 0 0 0 0 0 0 0 0 0 0 0 0 0 0 0 0 0 0
I1103 12:42:11.162644 47351669462080 create_pretraining_data.py:161] input_mask: 1 1 1 1 1 1 1 1 1 1 1 1 1 1 1 1 1 1 1 1 1 1 1 1 1 1 1 1 1 1 1 1 1 1 1 1 1 1 1 1 1 1 1 1 1 1 1 1 1 1 1 1 1 1 1 1 1 1 1 1 1 1 1 1 1 1 1 0 0 0 0 0 0 0 0 0 0 0 0 0 0 0 0 0 0 0 0 0 0 0 0 0 0 0 0 0 0 0 0 0 0 0 0 0 0 0 0 0 0 0 0 0 0 0 0 0 0 0 0 0 0 0 0 0 0 0 0 0
INFO:tensorflow:segment_ids: 0 0 0 0 0 0 0 0 0 0 0 0 0 0 0 0 0 0 0 0 0 0 0 0 0 0 0 0 0 0 0 0 0 0 0 0 0 0 0 1 1 1 1 1 1 1 1 1 1 1 1 1 1 1 1 1 1 1 1 1 1 1 1 1 1 1 1 0 0 0 0 0 0 0 0 0 0 0 0 0 0 0 0 0 0 0 0 0 0 0 0 0 0 0 0 0 0 0 0 0 0 0 0 0 0 0 0 0 0 0 0 0 0 0 0 0 0 0 0 0 0 0 0 0 0 0 0 0
I1103 12:42:11.162766 47351669462080 create_pretraining_data.py:161] segment_ids: 0 0 0 0 0 0 0 0 0 0 0 0 0 0 0 0 0 0 0 0 0 0 0 0 0 0 0 0 0 0 0 0 0 0 0 0 0 0 0 1 1 1 1 1 1 1 1 1 1 1 1 1 1 1 1 1 1 1 1 1 1 1 1 1 1 1 1 0 0 0 0 0 0 0 0 0 0 0 0 0 0 0 0 0 0 0 0 0 0 0 0 0 0 0 0 0 0 0 0 0 0 0 0 0 0 0 0 0 0 0 0 0 0 0 0 0 0 0 0 0 0 0 0 0 0 0 0 0
INFO:tensorflow:masked_lm_positions: 6 14 19 34 35 36 37 40 42 60 0 0 0 0 0 0 0 0 0 0
I1103 12:42:11.162858 47351669462080 create_pretraining_data.py:161] masked_lm_positions: 6 14 19 34 35 36 37 40 42 60 0 0 0 0 0 0 0 0 0 0
INFO:tensorflow:masked_lm_ids: 1908 1939 2263 2040 2236 1904 3480 5854 29219 3043 0 0 0 0 0 0 0 0 0 0
I1103 12:42:11.162947 47351669462080 create_pretraining_data.py:161] masked_lm_ids: 1908 1939 2263 2040 2236 1904 3480 5854 29219 3043 0 0 0 0 0 0 0 0 0 0
INFO:tensorflow:masked_lm_weights: 1.0 1.0 1.0 1.0 1.0 1.0 1.0 1.0 1.0 1.0 0.0 0.0 0.0 0.0 0.0 0.0 0.0 0.0 0.0 0.0
I1103 12:42:11.163038 47351669462080 create_pretraining_data.py:161] masked_lm_weights: 1.0 1.0 1.0 1.0 1.0 1.0 1.0 1.0 1.0 1.0 0.0 0.0 0.0 0.0 0.0 0.0 0.0 0.0 0.0 0.0
INFO:tensorflow:next_sentence_labels: 1
I1103 12:42:11.163122 47351669462080 create_pretraining_data.py:161] next_sentence_labels: 1
INFO:tensorflow:*** Example ***
I1103 12:42:11.163705 47351669462080 create_pretraining_data.py:149] *** Example ***
INFO:tensorflow:tokens: [CLS] واحفظ لساني عن الخ [MASK] في اعراض الاخرين و [MASK] قلبي يا اله العالمين [SEP] سماعه بلوتوث طبيه امنه مريح ##ه ل ذن 0541111810 السعر 150 ريال قد بح ##ذر ولات ##عرض حياتك للخطر [SEP]
I1103 12:42:11.163834 47351669462080 create_pretraining_data.py:151] tokens: [CLS] واحفظ لساني عن الخ [MASK] في اعراض الاخرين و [MASK] قلبي يا اله العالمين [SEP] سماعه بلوتوث طبيه امنه مريح ##ه ل ذن 0541111810 السعر 150 ريال قد بح ##ذر ولات ##عرض حياتك للخطر [SEP]
INFO:tensorflow:input_ids: 2 11448 16172 1955 1995 4 1912 16717 5757 415 4 3018 2104 2090 6074 3 27576 26467 24796 21081 24566 1028 411 4552 26435 6569 9344 3108 2251 2302 3136 7571 4153 4540 22446 3 0 0 0 0 0 0 0 0 0 0 0 0 0 0 0 0 0 0 0 0 0 0 0 0 0 0 0 0 0 0 0 0 0 0 0 0 0 0 0 0 0 0 0 0 0 0 0 0 0 0 0 0 0 0 0 0 0 0 0 0 0 0 0 0 0 0 0 0 0 0 0 0 0 0 0 0 0 0 0 0 0 0 0 0 0 0 0 0 0 0 0 0
I1103 12:42:11.163987 47351669462080 create_pretraining_data.py:161] input_ids: 2 11448 16172 1955 1995 4 1912 16717 5757 415 4 3018 2104 2090 6074 3 27576 26467 24796 21081 24566 1028 411 4552 26435 6569 9344 3108 2251 2302 3136 7571 4153 4540 22446 3 0 0 0 0 0 0 0 0 0 0 0 0 0 0 0 0 0 0 0 0 0 0 0 0 0 0 0 0 0 0 0 0 0 0 0 0 0 0 0 0 0 0 0 0 0 0 0 0 0 0 0 0 0 0 0 0 0 0 0 0 0 0 0 0 0 0 0 0 0 0 0 0 0 0 0 0 0 0 0 0 0 0 0 0 0 0 0 0 0 0 0 0
INFO:tensorflow:input_mask: 1 1 1 1 1 1 1 1 1 1 1 1 1 1 1 1 1 1 1 1 1 1 1 1 1 1 1 1 1 1 1 1 1 1 1 1 0 0 0 0 0 0 0 0 0 0 0 0 0 0 0 0 0 0 0 0 0 0 0 0 0 0 0 0 0 0 0 0 0 0 0 0 0 0 0 0 0 0 0 0 0 0 0 0 0 0 0 0 0 0 0 0 0 0 0 0 0 0 0 0 0 0 0 0 0 0 0 0 0 0 0 0 0 0 0 0 0 0 0 0 0 0 0 0 0 0 0 0
I1103 12:42:11.164119 47351669462080 create_pretraining_data.py:161] input_mask: 1 1 1 1 1 1 1 1 1 1 1 1 1 1 1 1 1 1 1 1 1 1 1 1 1 1 1 1 1 1 1 1 1 1 1 1 0 0 0 0 0 0 0 0 0 0 0 0 0 0 0 0 0 0 0 0 0 0 0 0 0 0 0 0 0 0 0 0 0 0 0 0 0 0 0 0 0 0 0 0 0 0 0 0 0 0 0 0 0 0 0 0 0 0 0 0 0 0 0 0 0 0 0 0 0 0 0 0 0 0 0 0 0 0 0 0 0 0 0 0 0 0 0 0 0 0 0 0
INFO:tensorflow:segment_ids: 0 0 0 0 0 0 0 0 0 0 0 0 0 0 0 0 1 1 1 1 1 1 1 1 1 1 1 1 1 1 1 1 1 1 1 1 0 0 0 0 0 0 0 0 0 0 0 0 0 0 0 0 0 0 0 0 0 0 0 0 0 0 0 0 0 0 0 0 0 0 0 0 0 0 0 0 0 0 0 0 0 0 0 0 0 0 0 0 0 0 0 0 0 0 0 0 0 0 0 0 0 0 0 0 0 0 0 0 0 0 0 0 0 0 0 0 0 0 0 0 0 0 0 0 0 0 0 0
I1103 12:42:11.164248 47351669462080 create_pretraining_data.py:161] segment_ids: 0 0 0 0 0 0 0 0 0 0 0 0 0 0 0 0 1 1 1 1 1 1 1 1 1 1 1 1 1 1 1 1 1 1 1 1 0 0 0 0 0 0 0 0 0 0 0 0 0 0 0 0 0 0 0 0 0 0 0 0 0 0 0 0 0 0 0 0 0 0 0 0 0 0 0 0 0 0 0 0 0 0 0 0 0 0 0 0 0 0 0 0 0 0 0 0 0 0 0 0 0 0 0 0 0 0 0 0 0 0 0 0 0 0 0 0 0 0 0 0 0 0 0 0 0 0 0 0
INFO:tensorflow:masked_lm_positions: 1 4 5 10 22 0 0 0 0 0 0 0 0 0 0 0 0 0 0 0
I1103 12:42:11.164343 47351669462080 create_pretraining_data.py:161] masked_lm_positions: 1 4 5 10 22 0 0 0 0 0 0 0 0 0 0 0 0 0 0 0
INFO:tensorflow:masked_lm_ids: 11448 1995 2175 3345 411 0 0 0 0 0 0 0 0 0 0 0 0 0 0 0
I1103 12:42:11.164433 47351669462080 create_pretraining_data.py:161] masked_lm_ids: 11448 1995 2175 3345 411 0 0 0 0 0 0 0 0 0 0 0 0 0 0 0
INFO:tensorflow:masked_lm_weights: 1.0 1.0 1.0 1.0 1.0 0.0 0.0 0.0 0.0 0.0 0.0 0.0 0.0 0.0 0.0 0.0 0.0 0.0 0.0 0.0
I1103 12:42:11.164527 47351669462080 create_pretraining_data.py:161] masked_lm_weights: 1.0 1.0 1.0 1.0 1.0 0.0 0.0 0.0 0.0 0.0 0.0 0.0 0.0 0.0 0.0 0.0 0.0 0.0 0.0 0.0
INFO:tensorflow:next_sentence_labels: 1
I1103 12:42:11.164612 47351669462080 create_pretraining_data.py:161] next_sentence_labels: 1
INFO:tensorflow:*** Example ***
I1103 12:42:11.165194 47351669462080 create_pretraining_data.py:149] *** Example ***
INFO:tensorflow:tokens: [CLS] [MASK] فكره وارد انك تكون قابل ##ت الشخص اللي بتح ##لم بيه ومخ ##د ##ش بالك عشان انت [MASK] [MASK] [MASK] المو ##بيل [SEP] مؤ ##ازر ##ات ضخم ##ه [MASK] جيش الاسلام بمدينه ضمير بمحا ##وله للقضاء علي مجاهد ##ي جيش [MASK] الشام الجدير بالذكر الدخول للمد ##ينه [MASK] يمكن الا من خلال النظام [SEP]
I1103 12:42:11.165336 47351669462080 create_pretraining_data.py:151] tokens: [CLS] [MASK] فكره وارد انك تكون قابل ##ت الشخص اللي بتح ##لم بيه ومخ ##د ##ش بالك عشان انت [MASK] [MASK] [MASK] المو ##بيل [SEP] مؤ ##ازر ##ات ضخم ##ه [MASK] جيش الاسلام بمدينه ضمير بمحا ##وله للقضاء علي مجاهد ##ي جيش [MASK] الشام الجدير بالذكر الدخول للمد ##ينه [MASK] يمكن الا من خلال النظام [SEP]
INFO:tensorflow:input_ids: 2 4 7969 20667 2963 2652 15554 1005 3190 2115 5171 1902 12301 13959 1016 1034 3906 3573 2164 4 4 4 2763 3360 3 2442 19917 1904 20282 1028 4 5485 4339 24570 12694 17028 2335 15291 1958 16269 1013 5485 4 5814 23435 11492 4796 15105 2960 4 2490 1915 1908 2317 3618 3 0 0 0 0 0 0 0 0 0 0 0 0 0 0 0 0 0 0 0 0 0 0 0 0 0 0 0 0 0 0 0 0 0 0 0 0 0 0 0 0 0 0 0 0 0 0 0 0 0 0 0 0 0 0 0 0 0 0 0 0 0 0 0 0 0 0 0 0 0 0 0 0
I1103 12:42:11.165493 47351669462080 create_pretraining_data.py:161] input_ids: 2 4 7969 20667 2963 2652 15554 1005 3190 2115 5171 1902 12301 13959 1016 1034 3906 3573 2164 4 4 4 2763 3360 3 2442 19917 1904 20282 1028 4 5485 4339 24570 12694 17028 2335 15291 1958 16269 1013 5485 4 5814 23435 11492 4796 15105 2960 4 2490 1915 1908 2317 3618 3 0 0 0 0 0 0 0 0 0 0 0 0 0 0 0 0 0 0 0 0 0 0 0 0 0 0 0 0 0 0 0 0 0 0 0 0 0 0 0 0 0 0 0 0 0 0 0 0 0 0 0 0 0 0 0 0 0 0 0 0 0 0 0 0 0 0 0 0 0 0 0 0
INFO:tensorflow:input_mask: 1 1 1 1 1 1 1 1 1 1 1 1 1 1 1 1 1 1 1 1 1 1 1 1 1 1 1 1 1 1 1 1 1 1 1 1 1 1 1 1 1 1 1 1 1 1 1 1 1 1 1 1 1 1 1 1 0 0 0 0 0 0 0 0 0 0 0 0 0 0 0 0 0 0 0 0 0 0 0 0 0 0 0 0 0 0 0 0 0 0 0 0 0 0 0 0 0 0 0 0 0 0 0 0 0 0 0 0 0 0 0 0 0 0 0 0 0 0 0 0 0 0 0 0 0 0 0 0
I1103 12:42:11.165625 47351669462080 create_pretraining_data.py:161] input_mask: 1 1 1 1 1 1 1 1 1 1 1 1 1 1 1 1 1 1 1 1 1 1 1 1 1 1 1 1 1 1 1 1 1 1 1 1 1 1 1 1 1 1 1 1 1 1 1 1 1 1 1 1 1 1 1 1 0 0 0 0 0 0 0 0 0 0 0 0 0 0 0 0 0 0 0 0 0 0 0 0 0 0 0 0 0 0 0 0 0 0 0 0 0 0 0 0 0 0 0 0 0 0 0 0 0 0 0 0 0 0 0 0 0 0 0 0 0 0 0 0 0 0 0 0 0 0 0 0
INFO:tensorflow:segment_ids: 0 0 0 0 0 0 0 0 0 0 0 0 0 0 0 0 0 0 0 0 0 0 0 0 0 1 1 1 1 1 1 1 1 1 1 1 1 1 1 1 1 1 1 1 1 1 1 1 1 1 1 1 1 1 1 1 0 0 0 0 0 0 0 0 0 0 0 0 0 0 0 0 0 0 0 0 0 0 0 0 0 0 0 0 0 0 0 0 0 0 0 0 0 0 0 0 0 0 0 0 0 0 0 0 0 0 0 0 0 0 0 0 0 0 0 0 0 0 0 0 0 0 0 0 0 0 0 0
I1103 12:42:11.165749 47351669462080 create_pretraining_data.py:161] segment_ids: 0 0 0 0 0 0 0 0 0 0 0 0 0 0 0 0 0 0 0 0 0 0 0 0 0 1 1 1 1 1 1 1 1 1 1 1 1 1 1 1 1 1 1 1 1 1 1 1 1 1 1 1 1 1 1 1 0 0 0 0 0 0 0 0 0 0 0 0 0 0 0 0 0 0 0 0 0 0 0 0 0 0 0 0 0 0 0 0 0 0 0 0 0 0 0 0 0 0 0 0 0 0 0 0 0 0 0 0 0 0 0 0 0 0 0 0 0 0 0 0 0 0 0 0 0 0 0 0
INFO:tensorflow:masked_lm_positions: 1 19 20 21 30 42 49 52 0 0 0 0 0 0 0 0 0 0 0 0
I1103 12:42:11.165845 47351669462080 create_pretraining_data.py:161] masked_lm_positions: 1 19 20 21 30 42 49 52 0 0 0 0 0 0 0 0 0 0 0 0
INFO:tensorflow:masked_lm_ids: 405 12391 1031 1958 411 6338 1963 1908 0 0 0 0 0 0 0 0 0 0 0 0
I1103 12:42:11.165936 47351669462080 create_pretraining_data.py:161] masked_lm_ids: 405 12391 1031 1958 411 6338 1963 1908 0 0 0 0 0 0 0 0 0 0 0 0
INFO:tensorflow:masked_lm_weights: 1.0 1.0 1.0 1.0 1.0 1.0 1.0 1.0 0.0 0.0 0.0 0.0 0.0 0.0 0.0 0.0 0.0 0.0 0.0 0.0
I1103 12:42:11.166030 47351669462080 create_pretraining_data.py:161] masked_lm_weights: 1.0 1.0 1.0 1.0 1.0 1.0 1.0 1.0 0.0 0.0 0.0 0.0 0.0 0.0 0.0 0.0 0.0 0.0 0.0 0.0
INFO:tensorflow:next_sentence_labels: 1
I1103 12:42:11.166113 47351669462080 create_pretraining_data.py:161] next_sentence_labels: 1
INFO:tensorflow:*** Example ***
I1103 12:42:11.166692 47351669462080 create_pretraining_data.py:149] *** Example ***
INFO:tensorflow:tokens: [CLS] وابقي انا [MASK] في صوتك [MASK] [SEP] يارب اجعل مان ##مضي اليه اجمل من مام ##ضي [SEP]
I1103 12:42:11.166818 47351669462080 create_pretraining_data.py:151] tokens: [CLS] وابقي انا [MASK] في صوتك [MASK] [SEP] يارب اجعل مان ##مضي اليه اجمل من مام ##ضي [SEP]
INFO:tensorflow:input_ids: 2 23460 2315 4 1912 7343 4 3 2856 4608 4093 29805 3055 3244 1908 14556 2412 3 0 0 0 0 0 0 0 0 0 0 0 0 0 0 0 0 0 0 0 0 0 0 0 0 0 0 0 0 0 0 0 0 0 0 0 0 0 0 0 0 0 0 0 0 0 0 0 0 0 0 0 0 0 0 0 0 0 0 0 0 0 0 0 0 0 0 0 0 0 0 0 0 0 0 0 0 0 0 0 0 0 0 0 0 0 0 0 0 0 0 0 0 0 0 0 0 0 0 0 0 0 0 0 0 0 0 0 0 0 0
I1103 12:42:11.166951 47351669462080 create_pretraining_data.py:161] input_ids: 2 23460 2315 4 1912 7343 4 3 2856 4608 4093 29805 3055 3244 1908 14556 2412 3 0 0 0 0 0 0 0 0 0 0 0 0 0 0 0 0 0 0 0 0 0 0 0 0 0 0 0 0 0 0 0 0 0 0 0 0 0 0 0 0 0 0 0 0 0 0 0 0 0 0 0 0 0 0 0 0 0 0 0 0 0 0 0 0 0 0 0 0 0 0 0 0 0 0 0 0 0 0 0 0 0 0 0 0 0 0 0 0 0 0 0 0 0 0 0 0 0 0 0 0 0 0 0 0 0 0 0 0 0 0
INFO:tensorflow:input_mask: 1 1 1 1 1 1 1 1 1 1 1 1 1 1 1 1 1 1 0 0 0 0 0 0 0 0 0 0 0 0 0 0 0 0 0 0 0 0 0 0 0 0 0 0 0 0 0 0 0 0 0 0 0 0 0 0 0 0 0 0 0 0 0 0 0 0 0 0 0 0 0 0 0 0 0 0 0 0 0 0 0 0 0 0 0 0 0 0 0 0 0 0 0 0 0 0 0 0 0 0 0 0 0 0 0 0 0 0 0 0 0 0 0 0 0 0 0 0 0 0 0 0 0 0 0 0 0 0
I1103 12:42:11.167089 47351669462080 create_pretraining_data.py:161] input_mask: 1 1 1 1 1 1 1 1 1 1 1 1 1 1 1 1 1 1 0 0 0 0 0 0 0 0 0 0 0 0 0 0 0 0 0 0 0 0 0 0 0 0 0 0 0 0 0 0 0 0 0 0 0 0 0 0 0 0 0 0 0 0 0 0 0 0 0 0 0 0 0 0 0 0 0 0 0 0 0 0 0 0 0 0 0 0 0 0 0 0 0 0 0 0 0 0 0 0 0 0 0 0 0 0 0 0 0 0 0 0 0 0 0 0 0 0 0 0 0 0 0 0 0 0 0 0 0 0
INFO:tensorflow:segment_ids: 0 0 0 0 0 0 0 0 1 1 1 1 1 1 1 1 1 1 0 0 0 0 0 0 0 0 0 0 0 0 0 0 0 0 0 0 0 0 0 0 0 0 0 0 0 0 0 0 0 0 0 0 0 0 0 0 0 0 0 0 0 0 0 0 0 0 0 0 0 0 0 0 0 0 0 0 0 0 0 0 0 0 0 0 0 0 0 0 0 0 0 0 0 0 0 0 0 0 0 0 0 0 0 0 0 0 0 0 0 0 0 0 0 0 0 0 0 0 0 0 0 0 0 0 0 0 0 0
I1103 12:42:11.167213 47351669462080 create_pretraining_data.py:161] segment_ids: 0 0 0 0 0 0 0 0 1 1 1 1 1 1 1 1 1 1 0 0 0 0 0 0 0 0 0 0 0 0 0 0 0 0 0 0 0 0 0 0 0 0 0 0 0 0 0 0 0 0 0 0 0 0 0 0 0 0 0 0 0 0 0 0 0 0 0 0 0 0 0 0 0 0 0 0 0 0 0 0 0 0 0 0 0 0 0 0 0 0 0 0 0 0 0 0 0 0 0 0 0 0 0 0 0 0 0 0 0 0 0 0 0 0 0 0 0 0 0 0 0 0 0 0 0 0 0 0
INFO:tensorflow:masked_lm_positions: 3 6 9 0 0 0 0 0 0 0 0 0 0 0 0 0 0 0 0 0
I1103 12:42:11.167312 47351669462080 create_pretraining_data.py:161] masked_lm_positions: 3 6 9 0 0 0 0 0 0 0 0 0 0 0 0 0 0 0 0 0
INFO:tensorflow:masked_lm_ids: 14770 9949 4608 0 0 0 0 0 0 0 0 0 0 0 0 0 0 0 0 0
I1103 12:42:11.167402 47351669462080 create_pretraining_data.py:161] masked_lm_ids: 14770 9949 4608 0 0 0 0 0 0 0 0 0 0 0 0 0 0 0 0 0
INFO:tensorflow:masked_lm_weights: 1.0 1.0 1.0 0.0 0.0 0.0 0.0 0.0 0.0 0.0 0.0 0.0 0.0 0.0 0.0 0.0 0.0 0.0 0.0 0.0
I1103 12:42:11.167493 47351669462080 create_pretraining_data.py:161] masked_lm_weights: 1.0 1.0 1.0 0.0 0.0 0.0 0.0 0.0 0.0 0.0 0.0 0.0 0.0 0.0 0.0 0.0 0.0 0.0 0.0 0.0
INFO:tensorflow:next_sentence_labels: 1
I1103 12:42:11.167576 47351669462080 create_pretraining_data.py:161] next_sentence_labels: 1
INFO:tensorflow:*** Example ***
I1103 12:42:11.168167 47351669462080 create_pretraining_data.py:149] *** Example ***
INFO:tensorflow:tokens: [CLS] [MASK] جها ##ن بنت بلادي و زب ##ير ولد بلادي ثانيه جزا ##ئر و المغرب [MASK] ##اا [MASK] خا ##اا ##وه [SEP] بهذا البرنامج كانك مشترك جديد [MASK] نفسي عملت 12 حساب جي ميل [SEP]
I1103 12:42:11.168303 47351669462080 create_pretraining_data.py:151] tokens: [CLS] [MASK] جها ##ن بنت بلادي و زب ##ير ولد بلادي ثانيه جزا ##ئر و المغرب [MASK] ##اا [MASK] خا ##اا ##وه [SEP] بهذا البرنامج كانك مشترك جديد [MASK] نفسي عملت 12 حساب جي ميل [SEP]
INFO:tensorflow:input_ids: 2 4 12495 1006 3597 11356 415 11871 1916 4084 11356 9802 16472 7823 415 3768 4 2877 4 7562 2877 2283 3 4423 4945 16094 8888 3044 4 3733 11010 2919 3144 4885 14843 3 0 0 0 0 0 0 0 0 0 0 0 0 0 0 0 0 0 0 0 0 0 0 0 0 0 0 0 0 0 0 0 0 0 0 0 0 0 0 0 0 0 0 0 0 0 0 0 0 0 0 0 0 0 0 0 0 0 0 0 0 0 0 0 0 0 0 0 0 0 0 0 0 0 0 0 0 0 0 0 0 0 0 0 0 0 0 0 0 0 0 0 0
I1103 12:42:11.168442 47351669462080 create_pretraining_data.py:161] input_ids: 2 4 12495 1006 3597 11356 415 11871 1916 4084 11356 9802 16472 7823 415 3768 4 2877 4 7562 2877 2283 3 4423 4945 16094 8888 3044 4 3733 11010 2919 3144 4885 14843 3 0 0 0 0 0 0 0 0 0 0 0 0 0 0 0 0 0 0 0 0 0 0 0 0 0 0 0 0 0 0 0 0 0 0 0 0 0 0 0 0 0 0 0 0 0 0 0 0 0 0 0 0 0 0 0 0 0 0 0 0 0 0 0 0 0 0 0 0 0 0 0 0 0 0 0 0 0 0 0 0 0 0 0 0 0 0 0 0 0 0 0 0
INFO:tensorflow:input_mask: 1 1 1 1 1 1 1 1 1 1 1 1 1 1 1 1 1 1 1 1 1 1 1 1 1 1 1 1 1 1 1 1 1 1 1 1 0 0 0 0 0 0 0 0 0 0 0 0 0 0 0 0 0 0 0 0 0 0 0 0 0 0 0 0 0 0 0 0 0 0 0 0 0 0 0 0 0 0 0 0 0 0 0 0 0 0 0 0 0 0 0 0 0 0 0 0 0 0 0 0 0 0 0 0 0 0 0 0 0 0 0 0 0 0 0 0 0 0 0 0 0 0 0 0 0 0 0 0
I1103 12:42:11.168569 47351669462080 create_pretraining_data.py:161] input_mask: 1 1 1 1 1 1 1 1 1 1 1 1 1 1 1 1 1 1 1 1 1 1 1 1 1 1 1 1 1 1 1 1 1 1 1 1 0 0 0 0 0 0 0 0 0 0 0 0 0 0 0 0 0 0 0 0 0 0 0 0 0 0 0 0 0 0 0 0 0 0 0 0 0 0 0 0 0 0 0 0 0 0 0 0 0 0 0 0 0 0 0 0 0 0 0 0 0 0 0 0 0 0 0 0 0 0 0 0 0 0 0 0 0 0 0 0 0 0 0 0 0 0 0 0 0 0 0 0
INFO:tensorflow:segment_ids: 0 0 0 0 0 0 0 0 0 0 0 0 0 0 0 0 0 0 0 0 0 0 0 1 1 1 1 1 1 1 1 1 1 1 1 1 0 0 0 0 0 0 0 0 0 0 0 0 0 0 0 0 0 0 0 0 0 0 0 0 0 0 0 0 0 0 0 0 0 0 0 0 0 0 0 0 0 0 0 0 0 0 0 0 0 0 0 0 0 0 0 0 0 0 0 0 0 0 0 0 0 0 0 0 0 0 0 0 0 0 0 0 0 0 0 0 0 0 0 0 0 0 0 0 0 0 0 0
I1103 12:42:11.168705 47351669462080 create_pretraining_data.py:161] segment_ids: 0 0 0 0 0 0 0 0 0 0 0 0 0 0 0 0 0 0 0 0 0 0 0 1 1 1 1 1 1 1 1 1 1 1 1 1 0 0 0 0 0 0 0 0 0 0 0 0 0 0 0 0 0 0 0 0 0 0 0 0 0 0 0 0 0 0 0 0 0 0 0 0 0 0 0 0 0 0 0 0 0 0 0 0 0 0 0 0 0 0 0 0 0 0 0 0 0 0 0 0 0 0 0 0 0 0 0 0 0 0 0 0 0 0 0 0 0 0 0 0 0 0 0 0 0 0 0 0
INFO:tensorflow:masked_lm_positions: 1 16 17 18 28 0 0 0 0 0 0 0 0 0 0 0 0 0 0 0
I1103 12:42:11.168797 47351669462080 create_pretraining_data.py:161] masked_lm_positions: 1 16 17 18 28 0 0 0 0 0 0 0 0 0 0 0 0 0 0 0
INFO:tensorflow:masked_lm_ids: 10568 7562 2877 2283 1955 0 0 0 0 0 0 0 0 0 0 0 0 0 0 0
I1103 12:42:11.168887 47351669462080 create_pretraining_data.py:161] masked_lm_ids: 10568 7562 2877 2283 1955 0 0 0 0 0 0 0 0 0 0 0 0 0 0 0
INFO:tensorflow:masked_lm_weights: 1.0 1.0 1.0 1.0 1.0 0.0 0.0 0.0 0.0 0.0 0.0 0.0 0.0 0.0 0.0 0.0 0.0 0.0 0.0 0.0
I1103 12:42:11.168979 47351669462080 create_pretraining_data.py:161] masked_lm_weights: 1.0 1.0 1.0 1.0 1.0 0.0 0.0 0.0 0.0 0.0 0.0 0.0 0.0 0.0 0.0 0.0 0.0 0.0 0.0 0.0
INFO:tensorflow:next_sentence_labels: 1
I1103 12:42:11.169063 47351669462080 create_pretraining_data.py:161] next_sentence_labels: 1
INFO:tensorflow:*** Example ***
I1103 12:42:11.169650 47351669462080 create_pretraining_data.py:149] *** Example ***
INFO:tensorflow:tokens: [CLS] خاص تم الاتفاق بين رئيس النصر و وسط ##اء لعرض عقد نايف هزازي للبيع علي انديه خليجيه وذلك لانقاذ ما يمكن انقاذ ##ه في ازمه النصر [MASK] [SEP] [MASK] اليمن اذ ##هل العالم بل [MASK] بعض [MASK] ##وارض سعود منهم بن نايف قائلا خسر ##نا اليمن وكان [MASK] [MASK] خاط ##ئ في حرب ##هم وخ ##اطئ في تحالف ##نا [MASK] متابعي [SEP]
I1103 12:42:11.169793 47351669462080 create_pretraining_data.py:151] tokens: [CLS] خاص تم الاتفاق بين رئيس النصر و وسط ##اء لعرض عقد نايف هزازي للبيع علي انديه خليجيه وذلك لانقاذ ما يمكن انقاذ ##ه في ازمه النصر [MASK] [SEP] [MASK] اليمن اذ ##هل العالم بل [MASK] بعض [MASK] ##وارض سعود منهم بن نايف قائلا خسر ##نا اليمن وكان [MASK] [MASK] خاط ##ئ في حرب ##هم وخ ##اطئ في تحالف ##نا [MASK] متابعي [SEP]
INFO:tensorflow:input_ids: 2 3068 2172 5630 2117 2426 3059 415 4008 1954 11034 3931 8125 28854 4443 1958 24792 29492 3133 25904 1972 2490 20331 1028 1912 23916 3059 4 3 4 3432 4974 2458 2337 2683 4 2346 4 25298 4393 3441 2040 8125 6620 9715 1914 3432 2648 4 4 6212 1042 1912 4445 1949 2680 9567 1912 10229 1914 4 14005 3 0 0 0 0 0 0 0 0 0 0 0 0 0 0 0 0 0 0 0 0 0 0 0 0 0 0 0 0 0 0 0 0 0 0 0 0 0 0 0 0 0 0 0 0 0 0 0 0 0 0 0 0 0 0 0 0 0 0 0 0 0 0 0 0 0
I1103 12:42:11.169939 47351669462080 create_pretraining_data.py:161] input_ids: 2 3068 2172 5630 2117 2426 3059 415 4008 1954 11034 3931 8125 28854 4443 1958 24792 29492 3133 25904 1972 2490 20331 1028 1912 23916 3059 4 3 4 3432 4974 2458 2337 2683 4 2346 4 25298 4393 3441 2040 8125 6620 9715 1914 3432 2648 4 4 6212 1042 1912 4445 1949 2680 9567 1912 10229 1914 4 14005 3 0 0 0 0 0 0 0 0 0 0 0 0 0 0 0 0 0 0 0 0 0 0 0 0 0 0 0 0 0 0 0 0 0 0 0 0 0 0 0 0 0 0 0 0 0 0 0 0 0 0 0 0 0 0 0 0 0 0 0 0 0 0 0 0 0
INFO:tensorflow:input_mask: 1 1 1 1 1 1 1 1 1 1 1 1 1 1 1 1 1 1 1 1 1 1 1 1 1 1 1 1 1 1 1 1 1 1 1 1 1 1 1 1 1 1 1 1 1 1 1 1 1 1 1 1 1 1 1 1 1 1 1 1 1 1 1 0 0 0 0 0 0 0 0 0 0 0 0 0 0 0 0 0 0 0 0 0 0 0 0 0 0 0 0 0 0 0 0 0 0 0 0 0 0 0 0 0 0 0 0 0 0 0 0 0 0 0 0 0 0 0 0 0 0 0 0 0 0 0 0 0
I1103 12:42:11.170070 47351669462080 create_pretraining_data.py:161] input_mask: 1 1 1 1 1 1 1 1 1 1 1 1 1 1 1 1 1 1 1 1 1 1 1 1 1 1 1 1 1 1 1 1 1 1 1 1 1 1 1 1 1 1 1 1 1 1 1 1 1 1 1 1 1 1 1 1 1 1 1 1 1 1 1 0 0 0 0 0 0 0 0 0 0 0 0 0 0 0 0 0 0 0 0 0 0 0 0 0 0 0 0 0 0 0 0 0 0 0 0 0 0 0 0 0 0 0 0 0 0 0 0 0 0 0 0 0 0 0 0 0 0 0 0 0 0 0 0 0
INFO:tensorflow:segment_ids: 0 0 0 0 0 0 0 0 0 0 0 0 0 0 0 0 0 0 0 0 0 0 0 0 0 0 0 0 0 1 1 1 1 1 1 1 1 1 1 1 1 1 1 1 1 1 1 1 1 1 1 1 1 1 1 1 1 1 1 1 1 1 1 0 0 0 0 0 0 0 0 0 0 0 0 0 0 0 0 0 0 0 0 0 0 0 0 0 0 0 0 0 0 0 0 0 0 0 0 0 0 0 0 0 0 0 0 0 0 0 0 0 0 0 0 0 0 0 0 0 0 0 0 0 0 0 0 0
I1103 12:42:11.170209 47351669462080 create_pretraining_data.py:161] segment_ids: 0 0 0 0 0 0 0 0 0 0 0 0 0 0 0 0 0 0 0 0 0 0 0 0 0 0 0 0 0 1 1 1 1 1 1 1 1 1 1 1 1 1 1 1 1 1 1 1 1 1 1 1 1 1 1 1 1 1 1 1 1 1 1 0 0 0 0 0 0 0 0 0 0 0 0 0 0 0 0 0 0 0 0 0 0 0 0 0 0 0 0 0 0 0 0 0 0 0 0 0 0 0 0 0 0 0 0 0 0 0 0 0 0 0 0 0 0 0 0 0 0 0 0 0 0 0 0 0
INFO:tensorflow:masked_lm_positions: 27 29 35 37 38 48 49 60 61 0 0 0 0 0 0 0 0 0 0 0
I1103 12:42:11.170310 47351669462080 create_pretraining_data.py:161] masked_lm_positions: 27 29 35 37 38 48 49 60 61 0 0 0 0 0 0 0 0 0 0 0
INFO:tensorflow:masked_lm_ids: 20941 5485 11583 387 1010 5900 1914 17255 1015 0 0 0 0 0 0 0 0 0 0 0
I1103 12:42:11.170402 47351669462080 create_pretraining_data.py:161] masked_lm_ids: 20941 5485 11583 387 1010 5900 1914 17255 1015 0 0 0 0 0 0 0 0 0 0 0
INFO:tensorflow:masked_lm_weights: 1.0 1.0 1.0 1.0 1.0 1.0 1.0 1.0 1.0 0.0 0.0 0.0 0.0 0.0 0.0 0.0 0.0 0.0 0.0 0.0
I1103 12:42:11.170495 47351669462080 create_pretraining_data.py:161] masked_lm_weights: 1.0 1.0 1.0 1.0 1.0 1.0 1.0 1.0 1.0 0.0 0.0 0.0 0.0 0.0 0.0 0.0 0.0 0.0 0.0 0.0
INFO:tensorflow:next_sentence_labels: 1
I1103 12:42:11.170579 47351669462080 create_pretraining_data.py:161] next_sentence_labels: 1
INFO:tensorflow:*** Example ***
I1103 12:42:11.171158 47351669462080 create_pretraining_data.py:149] *** Example ***
INFO:tensorflow:tokens: [CLS] تعيش ##ي ربنا [MASK] [MASK] ويك ##رم ##ك يارب [SEP] فكره ان [MASK] يبقي موجود دايما جنبك ف كل ظروف ##ك دي [MASK] ##ا كفايه مهما كان العائ ##ق او بعد المسافات بينكم اكيد ف يوم هت ##ت ##لاق ##وا [SEP]
I1103 12:42:11.171293 47351669462080 create_pretraining_data.py:151] tokens: [CLS] تعيش ##ي ربنا [MASK] [MASK] ويك ##رم ##ك يارب [SEP] فكره ان [MASK] يبقي موجود دايما جنبك ف كل ظروف ##ك دي [MASK] ##ا كفايه مهما كان العائ ##ق او بعد المسافات بينكم اكيد ف يوم هت ##ت ##لاق ##وا [SEP]
INFO:tensorflow:input_ids: 2 5955 1013 4477 4 4 10891 2344 1014 2856 3 7969 1939 4 5849 7104 10029 29592 408 2038 7960 1014 2630 4 1007 12015 3864 2055 5882 1011 2213 2089 22303 20230 10364 408 2232 5107 1005 2636 1928 3 0 0 0 0 0 0 0 0 0 0 0 0 0 0 0 0 0 0 0 0 0 0 0 0 0 0 0 0 0 0 0 0 0 0 0 0 0 0 0 0 0 0 0 0 0 0 0 0 0 0 0 0 0 0 0 0 0 0 0 0 0 0 0 0 0 0 0 0 0 0 0 0 0 0 0 0 0 0 0 0 0 0 0 0 0 0
I1103 12:42:11.171430 47351669462080 create_pretraining_data.py:161] input_ids: 2 5955 1013 4477 4 4 10891 2344 1014 2856 3 7969 1939 4 5849 7104 10029 29592 408 2038 7960 1014 2630 4 1007 12015 3864 2055 5882 1011 2213 2089 22303 20230 10364 408 2232 5107 1005 2636 1928 3 0 0 0 0 0 0 0 0 0 0 0 0 0 0 0 0 0 0 0 0 0 0 0 0 0 0 0 0 0 0 0 0 0 0 0 0 0 0 0 0 0 0 0 0 0 0 0 0 0 0 0 0 0 0 0 0 0 0 0 0 0 0 0 0 0 0 0 0 0 0 0 0 0 0 0 0 0 0 0 0 0 0 0 0 0 0
INFO:tensorflow:input_mask: 1 1 1 1 1 1 1 1 1 1 1 1 1 1 1 1 1 1 1 1 1 1 1 1 1 1 1 1 1 1 1 1 1 1 1 1 1 1 1 1 1 1 0 0 0 0 0 0 0 0 0 0 0 0 0 0 0 0 0 0 0 0 0 0 0 0 0 0 0 0 0 0 0 0 0 0 0 0 0 0 0 0 0 0 0 0 0 0 0 0 0 0 0 0 0 0 0 0 0 0 0 0 0 0 0 0 0 0 0 0 0 0 0 0 0 0 0 0 0 0 0 0 0 0 0 0 0 0
I1103 12:42:11.171557 47351669462080 create_pretraining_data.py:161] input_mask: 1 1 1 1 1 1 1 1 1 1 1 1 1 1 1 1 1 1 1 1 1 1 1 1 1 1 1 1 1 1 1 1 1 1 1 1 1 1 1 1 1 1 0 0 0 0 0 0 0 0 0 0 0 0 0 0 0 0 0 0 0 0 0 0 0 0 0 0 0 0 0 0 0 0 0 0 0 0 0 0 0 0 0 0 0 0 0 0 0 0 0 0 0 0 0 0 0 0 0 0 0 0 0 0 0 0 0 0 0 0 0 0 0 0 0 0 0 0 0 0 0 0 0 0 0 0 0 0
INFO:tensorflow:segment_ids: 0 0 0 0 0 0 0 0 0 0 0 1 1 1 1 1 1 1 1 1 1 1 1 1 1 1 1 1 1 1 1 1 1 1 1 1 1 1 1 1 1 1 0 0 0 0 0 0 0 0 0 0 0 0 0 0 0 0 0 0 0 0 0 0 0 0 0 0 0 0 0 0 0 0 0 0 0 0 0 0 0 0 0 0 0 0 0 0 0 0 0 0 0 0 0 0 0 0 0 0 0 0 0 0 0 0 0 0 0 0 0 0 0 0 0 0 0 0 0 0 0 0 0 0 0 0 0 0
I1103 12:42:11.171691 47351669462080 create_pretraining_data.py:161] segment_ids: 0 0 0 0 0 0 0 0 0 0 0 1 1 1 1 1 1 1 1 1 1 1 1 1 1 1 1 1 1 1 1 1 1 1 1 1 1 1 1 1 1 1 0 0 0 0 0 0 0 0 0 0 0 0 0 0 0 0 0 0 0 0 0 0 0 0 0 0 0 0 0 0 0 0 0 0 0 0 0 0 0 0 0 0 0 0 0 0 0 0 0 0 0 0 0 0 0 0 0 0 0 0 0 0 0 0 0 0 0 0 0 0 0 0 0 0 0 0 0 0 0 0 0 0 0 0 0 0
INFO:tensorflow:masked_lm_positions: 4 5 13 23 24 31 0 0 0 0 0 0 0 0 0 0 0 0 0 0
I1103 12:42:11.171784 47351669462080 create_pretraining_data.py:161] masked_lm_positions: 4 5 13 23 24 31 0 0 0 0 0 0 0 0 0 0 0 0 0 0
INFO:tensorflow:masked_lm_ids: 26002 1014 2470 25384 1007 2089 0 0 0 0 0 0 0 0 0 0 0 0 0 0
I1103 12:42:11.171874 47351669462080 create_pretraining_data.py:161] masked_lm_ids: 26002 1014 2470 25384 1007 2089 0 0 0 0 0 0 0 0 0 0 0 0 0 0
INFO:tensorflow:masked_lm_weights: 1.0 1.0 1.0 1.0 1.0 1.0 0.0 0.0 0.0 0.0 0.0 0.0 0.0 0.0 0.0 0.0 0.0 0.0 0.0 0.0
I1103 12:42:11.171966 47351669462080 create_pretraining_data.py:161] masked_lm_weights: 1.0 1.0 1.0 1.0 1.0 1.0 0.0 0.0 0.0 0.0 0.0 0.0 0.0 0.0 0.0 0.0 0.0 0.0 0.0 0.0
INFO:tensorflow:next_sentence_labels: 1
I1103 12:42:11.172049 47351669462080 create_pretraining_data.py:161] next_sentence_labels: 1
INFO:tensorflow:*** Example ***
I1103 12:42:11.172631 47351669462080 create_pretraining_data.py:149] *** Example ***
INFO:tensorflow:tokens: [CLS] حلوه الدنيا في عيني ##ا علشان [MASK] والوف بعيني ##ك قولي انا حت ##مني تاني ايه كل اللي نفسي وبح ##لم بيه قدام عيوني [MASK] بلا ##قيه من قبل [MASK] الطيب افكر [MASK] [SEP] حيدر البصري 10 متابع الف مبروك اخي عاشق [MASK] فعلي يستحق الدعم والمت ##ابعه عقبال المليون [SEP]
I1103 12:42:11.172767 47351669462080 create_pretraining_data.py:151] tokens: [CLS] حلوه الدنيا في عيني ##ا علشان [MASK] والوف بعيني ##ك قولي انا حت ##مني تاني ايه كل اللي نفسي وبح ##لم بيه قدام عيوني [MASK] بلا ##قيه من قبل [MASK] الطيب افكر [MASK] [SEP] حيدر البصري 10 متابع الف مبروك اخي عاشق [MASK] فعلي يستحق الدعم والمت ##ابعه عقبال المليون [SEP]
INFO:tensorflow:input_ids: 2 6366 2859 1912 4606 1007 8436 4 17681 19131 1014 14621 2315 8313 3478 9118 4138 2038 2115 3733 7649 1902 12301 8850 7750 4 2701 7911 1908 2289 4 4820 17582 4 3 12415 10983 2667 3472 1980 4447 8770 12118 4 20026 4564 4534 5277 4720 18239 8357 3 0 0 0 0 0 0 0 0 0 0 0 0 0 0 0 0 0 0 0 0 0 0 0 0 0 0 0 0 0 0 0 0 0 0 0 0 0 0 0 0 0 0 0 0 0 0 0 0 0 0 0 0 0 0 0 0 0 0 0 0 0 0 0 0 0 0 0 0 0 0 0 0 0 0 0 0
I1103 12:42:11.172905 47351669462080 create_pretraining_data.py:161] input_ids: 2 6366 2859 1912 4606 1007 8436 4 17681 19131 1014 14621 2315 8313 3478 9118 4138 2038 2115 3733 7649 1902 12301 8850 7750 4 2701 7911 1908 2289 4 4820 17582 4 3 12415 10983 2667 3472 1980 4447 8770 12118 4 20026 4564 4534 5277 4720 18239 8357 3 0 0 0 0 0 0 0 0 0 0 0 0 0 0 0 0 0 0 0 0 0 0 0 0 0 0 0 0 0 0 0 0 0 0 0 0 0 0 0 0 0 0 0 0 0 0 0 0 0 0 0 0 0 0 0 0 0 0 0 0 0 0 0 0 0 0 0 0 0 0 0 0 0 0 0 0
INFO:tensorflow:input_mask: 1 1 1 1 1 1 1 1 1 1 1 1 1 1 1 1 1 1 1 1 1 1 1 1 1 1 1 1 1 1 1 1 1 1 1 1 1 1 1 1 1 1 1 1 1 1 1 1 1 1 1 1 0 0 0 0 0 0 0 0 0 0 0 0 0 0 0 0 0 0 0 0 0 0 0 0 0 0 0 0 0 0 0 0 0 0 0 0 0 0 0 0 0 0 0 0 0 0 0 0 0 0 0 0 0 0 0 0 0 0 0 0 0 0 0 0 0 0 0 0 0 0 0 0 0 0 0 0
I1103 12:42:11.173035 47351669462080 create_pretraining_data.py:161] input_mask: 1 1 1 1 1 1 1 1 1 1 1 1 1 1 1 1 1 1 1 1 1 1 1 1 1 1 1 1 1 1 1 1 1 1 1 1 1 1 1 1 1 1 1 1 1 1 1 1 1 1 1 1 0 0 0 0 0 0 0 0 0 0 0 0 0 0 0 0 0 0 0 0 0 0 0 0 0 0 0 0 0 0 0 0 0 0 0 0 0 0 0 0 0 0 0 0 0 0 0 0 0 0 0 0 0 0 0 0 0 0 0 0 0 0 0 0 0 0 0 0 0 0 0 0 0 0 0 0
INFO:tensorflow:segment_ids: 0 0 0 0 0 0 0 0 0 0 0 0 0 0 0 0 0 0 0 0 0 0 0 0 0 0 0 0 0 0 0 0 0 0 0 1 1 1 1 1 1 1 1 1 1 1 1 1 1 1 1 1 0 0 0 0 0 0 0 0 0 0 0 0 0 0 0 0 0 0 0 0 0 0 0 0 0 0 0 0 0 0 0 0 0 0 0 0 0 0 0 0 0 0 0 0 0 0 0 0 0 0 0 0 0 0 0 0 0 0 0 0 0 0 0 0 0 0 0 0 0 0 0 0 0 0 0 0
I1103 12:42:11.173169 47351669462080 create_pretraining_data.py:161] segment_ids: 0 0 0 0 0 0 0 0 0 0 0 0 0 0 0 0 0 0 0 0 0 0 0 0 0 0 0 0 0 0 0 0 0 0 0 1 1 1 1 1 1 1 1 1 1 1 1 1 1 1 1 1 0 0 0 0 0 0 0 0 0 0 0 0 0 0 0 0 0 0 0 0 0 0 0 0 0 0 0 0 0 0 0 0 0 0 0 0 0 0 0 0 0 0 0 0 0 0 0 0 0 0 0 0 0 0 0 0 0 0 0 0 0 0 0 0 0 0 0 0 0 0 0 0 0 0 0 0
INFO:tensorflow:masked_lm_positions: 7 8 25 30 31 33 43 44 0 0 0 0 0 0 0 0 0 0 0 0
I1103 12:42:11.173269 47351669462080 create_pretraining_data.py:161] masked_lm_positions: 7 8 25 30 31 33 43 44 0 0 0 0 0 0 0 0 0 0 0 0
INFO:tensorflow:masked_lm_ids: 15126 1028 7375 2627 1972 2366 5130 3144 0 0 0 0 0 0 0 0 0 0 0 0
I1103 12:42:11.173360 47351669462080 create_pretraining_data.py:161] masked_lm_ids: 15126 1028 7375 2627 1972 2366 5130 3144 0 0 0 0 0 0 0 0 0 0 0 0
INFO:tensorflow:masked_lm_weights: 1.0 1.0 1.0 1.0 1.0 1.0 1.0 1.0 0.0 0.0 0.0 0.0 0.0 0.0 0.0 0.0 0.0 0.0 0.0 0.0
I1103 12:42:11.173452 47351669462080 create_pretraining_data.py:161] masked_lm_weights: 1.0 1.0 1.0 1.0 1.0 1.0 1.0 1.0 0.0 0.0 0.0 0.0 0.0 0.0 0.0 0.0 0.0 0.0 0.0 0.0
INFO:tensorflow:next_sentence_labels: 1
I1103 12:42:11.173536 47351669462080 create_pretraining_data.py:161] next_sentence_labels: 1
INFO:tensorflow:Wrote 9999830 total instances
I1103 13:47:26.636219 47351669462080 create_pretraining_data.py:166] Wrote 9999830 total instances
