Loading module 'all'
WARNING:tensorflow:From ../bert/create_pretraining_data.py:469: The name tf.app.run is deprecated. Please use tf.compat.v1.app.run instead.

WARNING:tensorflow:From ../bert/create_pretraining_data.py:437: The name tf.logging.set_verbosity is deprecated. Please use tf.compat.v1.logging.set_verbosity instead.

W1103 00:38:53.100216 47465472775232 module_wrapper.py:139] From ../bert/create_pretraining_data.py:437: The name tf.logging.set_verbosity is deprecated. Please use tf.compat.v1.logging.set_verbosity instead.

WARNING:tensorflow:From ../bert/create_pretraining_data.py:437: The name tf.logging.INFO is deprecated. Please use tf.compat.v1.logging.INFO instead.

W1103 00:38:53.100460 47465472775232 module_wrapper.py:139] From ../bert/create_pretraining_data.py:437: The name tf.logging.INFO is deprecated. Please use tf.compat.v1.logging.INFO instead.

WARNING:tensorflow:From /scratch/gi372/CAMeLBERT/bert/tokenization.py:125: The name tf.gfile.GFile is deprecated. Please use tf.io.gfile.GFile instead.

W1103 00:38:53.100675 47465472775232 module_wrapper.py:139] From /scratch/gi372/CAMeLBERT/bert/tokenization.py:125: The name tf.gfile.GFile is deprecated. Please use tf.io.gfile.GFile instead.

WARNING:tensorflow:From ../bert/create_pretraining_data.py:444: The name tf.gfile.Glob is deprecated. Please use tf.io.gfile.glob instead.

W1103 00:38:53.205312 47465472775232 module_wrapper.py:139] From ../bert/create_pretraining_data.py:444: The name tf.gfile.Glob is deprecated. Please use tf.io.gfile.glob instead.

WARNING:tensorflow:From ../bert/create_pretraining_data.py:446: The name tf.logging.info is deprecated. Please use tf.compat.v1.logging.info instead.

W1103 00:38:53.208515 47465472775232 module_wrapper.py:139] From ../bert/create_pretraining_data.py:446: The name tf.logging.info is deprecated. Please use tf.compat.v1.logging.info instead.

INFO:tensorflow:*** Reading from input files ***
I1103 00:38:53.208725 47465472775232 create_pretraining_data.py:446] *** Reading from input files ***
INFO:tensorflow:  ../corpora/shards/DA-ali2019-500m-tweet.bw.ar.lines.shard.025.normalized.sents
I1103 00:38:53.208831 47465472775232 create_pretraining_data.py:448]   ../corpora/shards/DA-ali2019-500m-tweet.bw.ar.lines.shard.025.normalized.sents
INFO:tensorflow:*** Writing to output files ***
I1103 01:20:16.214683 47465472775232 create_pretraining_data.py:457] *** Writing to output files ***
INFO:tensorflow:  ../corpora/tfrecord_wp-30k_msl-128/DA-ali2019-500m-tweet.bw.ar.lines.shard.025.tf_record
I1103 01:20:16.230858 47465472775232 create_pretraining_data.py:459]   ../corpora/tfrecord_wp-30k_msl-128/DA-ali2019-500m-tweet.bw.ar.lines.shard.025.tf_record
WARNING:tensorflow:From ../bert/create_pretraining_data.py:101: The name tf.python_io.TFRecordWriter is deprecated. Please use tf.io.TFRecordWriter instead.

W1103 01:20:16.238709 47465472775232 module_wrapper.py:139] From ../bert/create_pretraining_data.py:101: The name tf.python_io.TFRecordWriter is deprecated. Please use tf.io.TFRecordWriter instead.

INFO:tensorflow:*** Example ***
I1103 01:20:16.288866 47465472775232 create_pretraining_data.py:149] *** Example ***
INFO:tensorflow:tokens: [CLS] ودورها [MASK] ملامح من تحبون فهم يرحل ##ون بلا موعد [SEP] قل للق ##لوب اللي تخ ##ون [MASK] [MASK] الخيانه ذنب يام ##عش ##ر الذنب في ذا الزمن ماب ##ه وفا [MASK] احبه دام الوفا ميت وقب ##ره [MASK] جنب قروب القمه للرتويت [SEP]
I1103 01:20:16.289215 47465472775232 create_pretraining_data.py:151] tokens: [CLS] ودورها [MASK] ملامح من تحبون فهم يرحل ##ون بلا موعد [SEP] قل للق ##لوب اللي تخ ##ون [MASK] [MASK] الخيانه ذنب يام ##عش ##ر الذنب في ذا الزمن ماب ##ه وفا [MASK] احبه دام الوفا ميت وقب ##ره [MASK] جنب قروب القمه للرتويت [SEP]
INFO:tensorflow:input_ids: 2 27740 4 12062 1908 17058 4881 17032 1922 2701 5711 3 4491 3178 2529 2115 2661 1922 4 4 27056 7312 5913 15314 1017 14267 1912 4647 5579 5445 1028 5959 4 10032 5414 12052 5463 20373 2197 4 8717 2543 20881 7486 3 0 0 0 0 0 0 0 0 0 0 0 0 0 0 0 0 0 0 0 0 0 0 0 0 0 0 0 0 0 0 0 0 0 0 0 0 0 0 0 0 0 0 0 0 0 0 0 0 0 0 0 0 0 0 0 0 0 0 0 0 0 0 0 0 0 0 0 0 0 0 0 0 0 0 0 0 0 0 0 0 0 0 0
I1103 01:20:16.289527 47465472775232 create_pretraining_data.py:161] input_ids: 2 27740 4 12062 1908 17058 4881 17032 1922 2701 5711 3 4491 3178 2529 2115 2661 1922 4 4 27056 7312 5913 15314 1017 14267 1912 4647 5579 5445 1028 5959 4 10032 5414 12052 5463 20373 2197 4 8717 2543 20881 7486 3 0 0 0 0 0 0 0 0 0 0 0 0 0 0 0 0 0 0 0 0 0 0 0 0 0 0 0 0 0 0 0 0 0 0 0 0 0 0 0 0 0 0 0 0 0 0 0 0 0 0 0 0 0 0 0 0 0 0 0 0 0 0 0 0 0 0 0 0 0 0 0 0 0 0 0 0 0 0 0 0 0 0 0
INFO:tensorflow:input_mask: 1 1 1 1 1 1 1 1 1 1 1 1 1 1 1 1 1 1 1 1 1 1 1 1 1 1 1 1 1 1 1 1 1 1 1 1 1 1 1 1 1 1 1 1 1 0 0 0 0 0 0 0 0 0 0 0 0 0 0 0 0 0 0 0 0 0 0 0 0 0 0 0 0 0 0 0 0 0 0 0 0 0 0 0 0 0 0 0 0 0 0 0 0 0 0 0 0 0 0 0 0 0 0 0 0 0 0 0 0 0 0 0 0 0 0 0 0 0 0 0 0 0 0 0 0 0 0 0
I1103 01:20:16.289802 47465472775232 create_pretraining_data.py:161] input_mask: 1 1 1 1 1 1 1 1 1 1 1 1 1 1 1 1 1 1 1 1 1 1 1 1 1 1 1 1 1 1 1 1 1 1 1 1 1 1 1 1 1 1 1 1 1 0 0 0 0 0 0 0 0 0 0 0 0 0 0 0 0 0 0 0 0 0 0 0 0 0 0 0 0 0 0 0 0 0 0 0 0 0 0 0 0 0 0 0 0 0 0 0 0 0 0 0 0 0 0 0 0 0 0 0 0 0 0 0 0 0 0 0 0 0 0 0 0 0 0 0 0 0 0 0 0 0 0 0
INFO:tensorflow:segment_ids: 0 0 0 0 0 0 0 0 0 0 0 0 1 1 1 1 1 1 1 1 1 1 1 1 1 1 1 1 1 1 1 1 1 1 1 1 1 1 1 1 1 1 1 1 1 0 0 0 0 0 0 0 0 0 0 0 0 0 0 0 0 0 0 0 0 0 0 0 0 0 0 0 0 0 0 0 0 0 0 0 0 0 0 0 0 0 0 0 0 0 0 0 0 0 0 0 0 0 0 0 0 0 0 0 0 0 0 0 0 0 0 0 0 0 0 0 0 0 0 0 0 0 0 0 0 0 0 0
I1103 01:20:16.290024 47465472775232 create_pretraining_data.py:161] segment_ids: 0 0 0 0 0 0 0 0 0 0 0 0 1 1 1 1 1 1 1 1 1 1 1 1 1 1 1 1 1 1 1 1 1 1 1 1 1 1 1 1 1 1 1 1 1 0 0 0 0 0 0 0 0 0 0 0 0 0 0 0 0 0 0 0 0 0 0 0 0 0 0 0 0 0 0 0 0 0 0 0 0 0 0 0 0 0 0 0 0 0 0 0 0 0 0 0 0 0 0 0 0 0 0 0 0 0 0 0 0 0 0 0 0 0 0 0 0 0 0 0 0 0 0 0 0 0 0 0
INFO:tensorflow:masked_lm_positions: 1 2 18 19 27 32 39 0 0 0 0 0 0 0 0 0 0 0 0 0
I1103 01:20:16.290186 47465472775232 create_pretraining_data.py:161] masked_lm_positions: 1 2 18 19 27 32 39 0 0 0 0 0 0 0 0 0 0 0 0 0
INFO:tensorflow:masked_lm_ids: 5776 1928 9023 1939 4647 2104 1958 0 0 0 0 0 0 0 0 0 0 0 0 0
I1103 01:20:16.290342 47465472775232 create_pretraining_data.py:161] masked_lm_ids: 5776 1928 9023 1939 4647 2104 1958 0 0 0 0 0 0 0 0 0 0 0 0 0
INFO:tensorflow:masked_lm_weights: 1.0 1.0 1.0 1.0 1.0 1.0 1.0 0.0 0.0 0.0 0.0 0.0 0.0 0.0 0.0 0.0 0.0 0.0 0.0 0.0
I1103 01:20:16.291401 47465472775232 create_pretraining_data.py:161] masked_lm_weights: 1.0 1.0 1.0 1.0 1.0 1.0 1.0 0.0 0.0 0.0 0.0 0.0 0.0 0.0 0.0 0.0 0.0 0.0 0.0 0.0
INFO:tensorflow:next_sentence_labels: 1
I1103 01:20:16.291564 47465472775232 create_pretraining_data.py:161] next_sentence_labels: 1
INFO:tensorflow:*** Example ***
I1103 01:20:16.292763 47465472775232 create_pretraining_data.py:149] *** Example ***
INFO:tensorflow:tokens: [CLS] لاص ##رت تقدر نفع ##ه الناس بادر لو [MASK] الشيطان يصرف ##ك عنها ما احلي من النف ##عه ليا صرت قادر الطيبه لاتح ##رم النفس [MASK] [SEP] [MASK] الله العظيم التوا ##ب [MASK] لذ ##نب ##ي وذ ##نب ##كم [MASK] والمؤمنات المسلمين والمسلمات الاحياء منهم والاموات نجم [MASK] للدعم والرتويت [SEP]
I1103 01:20:16.292996 47465472775232 create_pretraining_data.py:151] tokens: [CLS] لاص ##رت تقدر نفع ##ه الناس بادر لو [MASK] الشيطان يصرف ##ك عنها ما احلي من النف ##عه ليا صرت قادر الطيبه لاتح ##رم النفس [MASK] [SEP] [MASK] الله العظيم التوا ##ب [MASK] لذ ##نب ##ي وذ ##نب ##كم [MASK] والمؤمنات المسلمين والمسلمات الاحياء منهم والاموات نجم [MASK] للدعم والرتويت [SEP]
INFO:tensorflow:input_ids: 2 19482 2148 7782 19748 1028 2397 22210 2244 4 7071 22909 1014 3851 1972 6227 1908 3784 2226 7706 9157 6774 11032 13610 2344 3821 4 3 4 1953 3049 8575 1045 4 8538 3759 1013 6637 3759 2018 4 14944 3524 15240 10329 3441 15851 6651 4 2679 17445 3 0 0 0 0 0 0 0 0 0 0 0 0 0 0 0 0 0 0 0 0 0 0 0 0 0 0 0 0 0 0 0 0 0 0 0 0 0 0 0 0 0 0 0 0 0 0 0 0 0 0 0 0 0 0 0 0 0 0 0 0 0 0 0 0 0 0 0 0 0 0 0 0 0 0 0 0
I1103 01:20:16.293244 47465472775232 create_pretraining_data.py:161] input_ids: 2 19482 2148 7782 19748 1028 2397 22210 2244 4 7071 22909 1014 3851 1972 6227 1908 3784 2226 7706 9157 6774 11032 13610 2344 3821 4 3 4 1953 3049 8575 1045 4 8538 3759 1013 6637 3759 2018 4 14944 3524 15240 10329 3441 15851 6651 4 2679 17445 3 0 0 0 0 0 0 0 0 0 0 0 0 0 0 0 0 0 0 0 0 0 0 0 0 0 0 0 0 0 0 0 0 0 0 0 0 0 0 0 0 0 0 0 0 0 0 0 0 0 0 0 0 0 0 0 0 0 0 0 0 0 0 0 0 0 0 0 0 0 0 0 0 0 0 0 0
INFO:tensorflow:input_mask: 1 1 1 1 1 1 1 1 1 1 1 1 1 1 1 1 1 1 1 1 1 1 1 1 1 1 1 1 1 1 1 1 1 1 1 1 1 1 1 1 1 1 1 1 1 1 1 1 1 1 1 1 0 0 0 0 0 0 0 0 0 0 0 0 0 0 0 0 0 0 0 0 0 0 0 0 0 0 0 0 0 0 0 0 0 0 0 0 0 0 0 0 0 0 0 0 0 0 0 0 0 0 0 0 0 0 0 0 0 0 0 0 0 0 0 0 0 0 0 0 0 0 0 0 0 0 0 0
I1103 01:20:16.293498 47465472775232 create_pretraining_data.py:161] input_mask: 1 1 1 1 1 1 1 1 1 1 1 1 1 1 1 1 1 1 1 1 1 1 1 1 1 1 1 1 1 1 1 1 1 1 1 1 1 1 1 1 1 1 1 1 1 1 1 1 1 1 1 1 0 0 0 0 0 0 0 0 0 0 0 0 0 0 0 0 0 0 0 0 0 0 0 0 0 0 0 0 0 0 0 0 0 0 0 0 0 0 0 0 0 0 0 0 0 0 0 0 0 0 0 0 0 0 0 0 0 0 0 0 0 0 0 0 0 0 0 0 0 0 0 0 0 0 0 0
INFO:tensorflow:segment_ids: 0 0 0 0 0 0 0 0 0 0 0 0 0 0 0 0 0 0 0 0 0 0 0 0 0 0 0 0 1 1 1 1 1 1 1 1 1 1 1 1 1 1 1 1 1 1 1 1 1 1 1 1 0 0 0 0 0 0 0 0 0 0 0 0 0 0 0 0 0 0 0 0 0 0 0 0 0 0 0 0 0 0 0 0 0 0 0 0 0 0 0 0 0 0 0 0 0 0 0 0 0 0 0 0 0 0 0 0 0 0 0 0 0 0 0 0 0 0 0 0 0 0 0 0 0 0 0 0
I1103 01:20:16.293724 47465472775232 create_pretraining_data.py:161] segment_ids: 0 0 0 0 0 0 0 0 0 0 0 0 0 0 0 0 0 0 0 0 0 0 0 0 0 0 0 0 1 1 1 1 1 1 1 1 1 1 1 1 1 1 1 1 1 1 1 1 1 1 1 1 0 0 0 0 0 0 0 0 0 0 0 0 0 0 0 0 0 0 0 0 0 0 0 0 0 0 0 0 0 0 0 0 0 0 0 0 0 0 0 0 0 0 0 0 0 0 0 0 0 0 0 0 0 0 0 0 0 0 0 0 0 0 0 0 0 0 0 0 0 0 0 0 0 0 0 0
INFO:tensorflow:masked_lm_positions: 9 14 25 26 28 33 40 48 0 0 0 0 0 0 0 0 0 0 0 0
I1103 01:20:16.293884 47465472775232 create_pretraining_data.py:161] masked_lm_positions: 9 14 25 26 28 33 40 48 0 0 0 0 0 0 0 0 0 0 0 0
INFO:tensorflow:masked_lm_ids: 6346 1972 3821 2813 2870 7338 21769 28346 0 0 0 0 0 0 0 0 0 0 0 0
I1103 01:20:16.294039 47465472775232 create_pretraining_data.py:161] masked_lm_ids: 6346 1972 3821 2813 2870 7338 21769 28346 0 0 0 0 0 0 0 0 0 0 0 0
INFO:tensorflow:masked_lm_weights: 1.0 1.0 1.0 1.0 1.0 1.0 1.0 1.0 0.0 0.0 0.0 0.0 0.0 0.0 0.0 0.0 0.0 0.0 0.0 0.0
I1103 01:20:16.294197 47465472775232 create_pretraining_data.py:161] masked_lm_weights: 1.0 1.0 1.0 1.0 1.0 1.0 1.0 1.0 0.0 0.0 0.0 0.0 0.0 0.0 0.0 0.0 0.0 0.0 0.0 0.0
INFO:tensorflow:next_sentence_labels: 1
I1103 01:20:16.294339 47465472775232 create_pretraining_data.py:161] next_sentence_labels: 1
INFO:tensorflow:*** Example ***
I1103 01:20:16.295410 47465472775232 create_pretraining_data.py:149] *** Example ***
INFO:tensorflow:tokens: [CLS] ولله [MASK] السماوات [MASK] يغفر لمن يشاء ويع ##ذب من يشاء [MASK] [MASK] غفور ##ا رحيم ##ا الفتح 14 [SEP] يارب شعري يطول بسرعه [SEP]
I1103 01:20:16.295643 47465472775232 create_pretraining_data.py:151] tokens: [CLS] ولله [MASK] السماوات [MASK] يغفر لمن يشاء ويع ##ذب من يشاء [MASK] [MASK] غفور ##ا رحيم ##ا الفتح 14 [SEP] يارب شعري يطول بسرعه [SEP]
INFO:tensorflow:input_ids: 2 11065 4 11331 4 9175 3043 14185 4594 3322 1908 14185 4 4 26036 1007 13607 1007 10000 2951 3 2856 19381 11475 10008 3 0 0 0 0 0 0 0 0 0 0 0 0 0 0 0 0 0 0 0 0 0 0 0 0 0 0 0 0 0 0 0 0 0 0 0 0 0 0 0 0 0 0 0 0 0 0 0 0 0 0 0 0 0 0 0 0 0 0 0 0 0 0 0 0 0 0 0 0 0 0 0 0 0 0 0 0 0 0 0 0 0 0 0 0 0 0 0 0 0 0 0 0 0 0 0 0 0 0 0 0 0 0
I1103 01:20:16.295886 47465472775232 create_pretraining_data.py:161] input_ids: 2 11065 4 11331 4 9175 3043 14185 4594 3322 1908 14185 4 4 26036 1007 13607 1007 10000 2951 3 2856 19381 11475 10008 3 0 0 0 0 0 0 0 0 0 0 0 0 0 0 0 0 0 0 0 0 0 0 0 0 0 0 0 0 0 0 0 0 0 0 0 0 0 0 0 0 0 0 0 0 0 0 0 0 0 0 0 0 0 0 0 0 0 0 0 0 0 0 0 0 0 0 0 0 0 0 0 0 0 0 0 0 0 0 0 0 0 0 0 0 0 0 0 0 0 0 0 0 0 0 0 0 0 0 0 0 0 0
INFO:tensorflow:input_mask: 1 1 1 1 1 1 1 1 1 1 1 1 1 1 1 1 1 1 1 1 1 1 1 1 1 1 0 0 0 0 0 0 0 0 0 0 0 0 0 0 0 0 0 0 0 0 0 0 0 0 0 0 0 0 0 0 0 0 0 0 0 0 0 0 0 0 0 0 0 0 0 0 0 0 0 0 0 0 0 0 0 0 0 0 0 0 0 0 0 0 0 0 0 0 0 0 0 0 0 0 0 0 0 0 0 0 0 0 0 0 0 0 0 0 0 0 0 0 0 0 0 0 0 0 0 0 0 0
I1103 01:20:16.296129 47465472775232 create_pretraining_data.py:161] input_mask: 1 1 1 1 1 1 1 1 1 1 1 1 1 1 1 1 1 1 1 1 1 1 1 1 1 1 0 0 0 0 0 0 0 0 0 0 0 0 0 0 0 0 0 0 0 0 0 0 0 0 0 0 0 0 0 0 0 0 0 0 0 0 0 0 0 0 0 0 0 0 0 0 0 0 0 0 0 0 0 0 0 0 0 0 0 0 0 0 0 0 0 0 0 0 0 0 0 0 0 0 0 0 0 0 0 0 0 0 0 0 0 0 0 0 0 0 0 0 0 0 0 0 0 0 0 0 0 0
INFO:tensorflow:segment_ids: 0 0 0 0 0 0 0 0 0 0 0 0 0 0 0 0 0 0 0 0 0 1 1 1 1 1 0 0 0 0 0 0 0 0 0 0 0 0 0 0 0 0 0 0 0 0 0 0 0 0 0 0 0 0 0 0 0 0 0 0 0 0 0 0 0 0 0 0 0 0 0 0 0 0 0 0 0 0 0 0 0 0 0 0 0 0 0 0 0 0 0 0 0 0 0 0 0 0 0 0 0 0 0 0 0 0 0 0 0 0 0 0 0 0 0 0 0 0 0 0 0 0 0 0 0 0 0 0
I1103 01:20:16.296276 47465472775232 create_pretraining_data.py:161] segment_ids: 0 0 0 0 0 0 0 0 0 0 0 0 0 0 0 0 0 0 0 0 0 1 1 1 1 1 0 0 0 0 0 0 0 0 0 0 0 0 0 0 0 0 0 0 0 0 0 0 0 0 0 0 0 0 0 0 0 0 0 0 0 0 0 0 0 0 0 0 0 0 0 0 0 0 0 0 0 0 0 0 0 0 0 0 0 0 0 0 0 0 0 0 0 0 0 0 0 0 0 0 0 0 0 0 0 0 0 0 0 0 0 0 0 0 0 0 0 0 0 0 0 0 0 0 0 0 0 0
INFO:tensorflow:masked_lm_positions: 2 4 12 13 0 0 0 0 0 0 0 0 0 0 0 0 0 0 0 0
I1103 01:20:16.296383 47465472775232 create_pretraining_data.py:161] masked_lm_positions: 2 4 12 13 0 0 0 0 0 0 0 0 0 0 0 0 0 0 0 0
INFO:tensorflow:masked_lm_ids: 3776 11838 2648 1953 0 0 0 0 0 0 0 0 0 0 0 0 0 0 0 0
I1103 01:20:16.296486 47465472775232 create_pretraining_data.py:161] masked_lm_ids: 3776 11838 2648 1953 0 0 0 0 0 0 0 0 0 0 0 0 0 0 0 0
INFO:tensorflow:masked_lm_weights: 1.0 1.0 1.0 1.0 0.0 0.0 0.0 0.0 0.0 0.0 0.0 0.0 0.0 0.0 0.0 0.0 0.0 0.0 0.0 0.0
I1103 01:20:16.296591 47465472775232 create_pretraining_data.py:161] masked_lm_weights: 1.0 1.0 1.0 1.0 0.0 0.0 0.0 0.0 0.0 0.0 0.0 0.0 0.0 0.0 0.0 0.0 0.0 0.0 0.0 0.0
INFO:tensorflow:next_sentence_labels: 1
I1103 01:20:16.296693 47465472775232 create_pretraining_data.py:161] next_sentence_labels: 1
INFO:tensorflow:*** Example ***
I1103 01:20:16.297455 47465472775232 create_pretraining_data.py:149] *** Example ***
INFO:tensorflow:tokens: [CLS] بالعراق ##ي ماكو سهيله ماكو ستاراك باله ##ندي نه ##ي سهيله نه ##ي ستاراك بالف ##لسطيني الأزهر سهيله [MASK] ستاراك [MASK] [MASK] ماكان ##ش سهيله مكان ##ش ستاراك [SEP] ونت ##ظر ##وني [MASK] هو اهم ان شاء [MASK] [SEP]
I1103 01:20:16.297611 47465472775232 create_pretraining_data.py:151] tokens: [CLS] بالعراق ##ي ماكو سهيله ماكو ستاراك باله ##ندي نه ##ي سهيله نه ##ي ستاراك بالف ##لسطيني الأزهر سهيله [MASK] ستاراك [MASK] [MASK] ماكان ##ش سهيله مكان ##ش ستاراك [SEP] ونت ##ظر ##وني [MASK] هو اهم ان شاء [MASK] [SEP]
INFO:tensorflow:input_ids: 2 21133 1013 19359 3969 19359 18407 7901 4739 4799 1013 3969 4799 1013 18407 5406 3728 11755 3969 4 18407 4 4 13256 1034 3969 3192 1034 18407 3 6246 2236 2399 4 2139 3802 1939 4217 4 3 0 0 0 0 0 0 0 0 0 0 0 0 0 0 0 0 0 0 0 0 0 0 0 0 0 0 0 0 0 0 0 0 0 0 0 0 0 0 0 0 0 0 0 0 0 0 0 0 0 0 0 0 0 0 0 0 0 0 0 0 0 0 0 0 0 0 0 0 0 0 0 0 0 0 0 0 0 0 0 0 0 0 0 0 0 0 0 0
I1103 01:20:16.297776 47465472775232 create_pretraining_data.py:161] input_ids: 2 21133 1013 19359 3969 19359 18407 7901 4739 4799 1013 3969 4799 1013 18407 5406 3728 11755 3969 4 18407 4 4 13256 1034 3969 3192 1034 18407 3 6246 2236 2399 4 2139 3802 1939 4217 4 3 0 0 0 0 0 0 0 0 0 0 0 0 0 0 0 0 0 0 0 0 0 0 0 0 0 0 0 0 0 0 0 0 0 0 0 0 0 0 0 0 0 0 0 0 0 0 0 0 0 0 0 0 0 0 0 0 0 0 0 0 0 0 0 0 0 0 0 0 0 0 0 0 0 0 0 0 0 0 0 0 0 0 0 0 0 0 0 0
INFO:tensorflow:input_mask: 1 1 1 1 1 1 1 1 1 1 1 1 1 1 1 1 1 1 1 1 1 1 1 1 1 1 1 1 1 1 1 1 1 1 1 1 1 1 1 1 0 0 0 0 0 0 0 0 0 0 0 0 0 0 0 0 0 0 0 0 0 0 0 0 0 0 0 0 0 0 0 0 0 0 0 0 0 0 0 0 0 0 0 0 0 0 0 0 0 0 0 0 0 0 0 0 0 0 0 0 0 0 0 0 0 0 0 0 0 0 0 0 0 0 0 0 0 0 0 0 0 0 0 0 0 0 0 0
I1103 01:20:16.297922 47465472775232 create_pretraining_data.py:161] input_mask: 1 1 1 1 1 1 1 1 1 1 1 1 1 1 1 1 1 1 1 1 1 1 1 1 1 1 1 1 1 1 1 1 1 1 1 1 1 1 1 1 0 0 0 0 0 0 0 0 0 0 0 0 0 0 0 0 0 0 0 0 0 0 0 0 0 0 0 0 0 0 0 0 0 0 0 0 0 0 0 0 0 0 0 0 0 0 0 0 0 0 0 0 0 0 0 0 0 0 0 0 0 0 0 0 0 0 0 0 0 0 0 0 0 0 0 0 0 0 0 0 0 0 0 0 0 0 0 0
INFO:tensorflow:segment_ids: 0 0 0 0 0 0 0 0 0 0 0 0 0 0 0 0 0 0 0 0 0 0 0 0 0 0 0 0 0 0 1 1 1 1 1 1 1 1 1 1 0 0 0 0 0 0 0 0 0 0 0 0 0 0 0 0 0 0 0 0 0 0 0 0 0 0 0 0 0 0 0 0 0 0 0 0 0 0 0 0 0 0 0 0 0 0 0 0 0 0 0 0 0 0 0 0 0 0 0 0 0 0 0 0 0 0 0 0 0 0 0 0 0 0 0 0 0 0 0 0 0 0 0 0 0 0 0 0
I1103 01:20:16.298082 47465472775232 create_pretraining_data.py:161] segment_ids: 0 0 0 0 0 0 0 0 0 0 0 0 0 0 0 0 0 0 0 0 0 0 0 0 0 0 0 0 0 0 1 1 1 1 1 1 1 1 1 1 0 0 0 0 0 0 0 0 0 0 0 0 0 0 0 0 0 0 0 0 0 0 0 0 0 0 0 0 0 0 0 0 0 0 0 0 0 0 0 0 0 0 0 0 0 0 0 0 0 0 0 0 0 0 0 0 0 0 0 0 0 0 0 0 0 0 0 0 0 0 0 0 0 0 0 0 0 0 0 0 0 0 0 0 0 0 0 0
INFO:tensorflow:masked_lm_positions: 17 19 21 22 33 38 0 0 0 0 0 0 0 0 0 0 0 0 0 0
I1103 01:20:16.298190 47465472775232 create_pretraining_data.py:161] masked_lm_positions: 17 19 21 22 33 38 0 0 0 0 0 0 0 0 0 0 0 0 0 0
INFO:tensorflow:masked_lm_ids: 10378 10378 25199 1013 2908 1953 0 0 0 0 0 0 0 0 0 0 0 0 0 0
I1103 01:20:16.298293 47465472775232 create_pretraining_data.py:161] masked_lm_ids: 10378 10378 25199 1013 2908 1953 0 0 0 0 0 0 0 0 0 0 0 0 0 0
INFO:tensorflow:masked_lm_weights: 1.0 1.0 1.0 1.0 1.0 1.0 0.0 0.0 0.0 0.0 0.0 0.0 0.0 0.0 0.0 0.0 0.0 0.0 0.0 0.0
I1103 01:20:16.298399 47465472775232 create_pretraining_data.py:161] masked_lm_weights: 1.0 1.0 1.0 1.0 1.0 1.0 0.0 0.0 0.0 0.0 0.0 0.0 0.0 0.0 0.0 0.0 0.0 0.0 0.0 0.0
INFO:tensorflow:next_sentence_labels: 1
I1103 01:20:16.298495 47465472775232 create_pretraining_data.py:161] next_sentence_labels: 1
INFO:tensorflow:*** Example ***
I1103 01:20:16.299169 47465472775232 create_pretraining_data.py:149] *** Example ***
INFO:tensorflow:tokens: [CLS] [MASK] يهم ##ل النعم يج ##ازي بف ##قدان ##ها [SEP] اللهم كن للمسلمين والمست ##ضعفين في كل مكان فرج [MASK] [MASK] ونفس [MASK] [MASK] وت ##ول بنفسك امره ##م [SEP]
I1103 01:20:16.299313 47465472775232 create_pretraining_data.py:151] tokens: [CLS] [MASK] يهم ##ل النعم يج ##ازي بف ##قدان ##ها [SEP] اللهم كن للمسلمين والمست ##ضعفين في كل مكان فرج [MASK] [MASK] ونفس [MASK] [MASK] وت ##ول بنفسك امره ##م [SEP]
INFO:tensorflow:input_ids: 2 4 6104 1010 6447 2310 18766 4304 21656 1913 3 2168 3181 15646 6345 22928 1912 2038 3192 5976 4 4 14012 4 4 2001 1940 6177 12065 1015 3 0 0 0 0 0 0 0 0 0 0 0 0 0 0 0 0 0 0 0 0 0 0 0 0 0 0 0 0 0 0 0 0 0 0 0 0 0 0 0 0 0 0 0 0 0 0 0 0 0 0 0 0 0 0 0 0 0 0 0 0 0 0 0 0 0 0 0 0 0 0 0 0 0 0 0 0 0 0 0 0 0 0 0 0 0 0 0 0 0 0 0 0 0 0 0 0 0
I1103 01:20:16.299472 47465472775232 create_pretraining_data.py:161] input_ids: 2 4 6104 1010 6447 2310 18766 4304 21656 1913 3 2168 3181 15646 6345 22928 1912 2038 3192 5976 4 4 14012 4 4 2001 1940 6177 12065 1015 3 0 0 0 0 0 0 0 0 0 0 0 0 0 0 0 0 0 0 0 0 0 0 0 0 0 0 0 0 0 0 0 0 0 0 0 0 0 0 0 0 0 0 0 0 0 0 0 0 0 0 0 0 0 0 0 0 0 0 0 0 0 0 0 0 0 0 0 0 0 0 0 0 0 0 0 0 0 0 0 0 0 0 0 0 0 0 0 0 0 0 0 0 0 0 0 0 0
INFO:tensorflow:input_mask: 1 1 1 1 1 1 1 1 1 1 1 1 1 1 1 1 1 1 1 1 1 1 1 1 1 1 1 1 1 1 1 0 0 0 0 0 0 0 0 0 0 0 0 0 0 0 0 0 0 0 0 0 0 0 0 0 0 0 0 0 0 0 0 0 0 0 0 0 0 0 0 0 0 0 0 0 0 0 0 0 0 0 0 0 0 0 0 0 0 0 0 0 0 0 0 0 0 0 0 0 0 0 0 0 0 0 0 0 0 0 0 0 0 0 0 0 0 0 0 0 0 0 0 0 0 0 0 0
I1103 01:20:16.299624 47465472775232 create_pretraining_data.py:161] input_mask: 1 1 1 1 1 1 1 1 1 1 1 1 1 1 1 1 1 1 1 1 1 1 1 1 1 1 1 1 1 1 1 0 0 0 0 0 0 0 0 0 0 0 0 0 0 0 0 0 0 0 0 0 0 0 0 0 0 0 0 0 0 0 0 0 0 0 0 0 0 0 0 0 0 0 0 0 0 0 0 0 0 0 0 0 0 0 0 0 0 0 0 0 0 0 0 0 0 0 0 0 0 0 0 0 0 0 0 0 0 0 0 0 0 0 0 0 0 0 0 0 0 0 0 0 0 0 0 0
INFO:tensorflow:segment_ids: 0 0 0 0 0 0 0 0 0 0 0 1 1 1 1 1 1 1 1 1 1 1 1 1 1 1 1 1 1 1 1 0 0 0 0 0 0 0 0 0 0 0 0 0 0 0 0 0 0 0 0 0 0 0 0 0 0 0 0 0 0 0 0 0 0 0 0 0 0 0 0 0 0 0 0 0 0 0 0 0 0 0 0 0 0 0 0 0 0 0 0 0 0 0 0 0 0 0 0 0 0 0 0 0 0 0 0 0 0 0 0 0 0 0 0 0 0 0 0 0 0 0 0 0 0 0 0 0
I1103 01:20:16.299784 47465472775232 create_pretraining_data.py:161] segment_ids: 0 0 0 0 0 0 0 0 0 0 0 1 1 1 1 1 1 1 1 1 1 1 1 1 1 1 1 1 1 1 1 0 0 0 0 0 0 0 0 0 0 0 0 0 0 0 0 0 0 0 0 0 0 0 0 0 0 0 0 0 0 0 0 0 0 0 0 0 0 0 0 0 0 0 0 0 0 0 0 0 0 0 0 0 0 0 0 0 0 0 0 0 0 0 0 0 0 0 0 0 0 0 0 0 0 0 0 0 0 0 0 0 0 0 0 0 0 0 0 0 0 0 0 0 0 0 0 0
INFO:tensorflow:masked_lm_positions: 1 20 21 23 24 0 0 0 0 0 0 0 0 0 0 0 0 0 0 0
I1103 01:20:16.299891 47465472775232 create_pretraining_data.py:161] masked_lm_positions: 1 20 21 23 24 0 0 0 0 0 0 0 0 0 0 0 0 0 0 0
INFO:tensorflow:masked_lm_ids: 1908 15608 1015 27082 1015 0 0 0 0 0 0 0 0 0 0 0 0 0 0 0
I1103 01:20:16.299994 47465472775232 create_pretraining_data.py:161] masked_lm_ids: 1908 15608 1015 27082 1015 0 0 0 0 0 0 0 0 0 0 0 0 0 0 0
INFO:tensorflow:masked_lm_weights: 1.0 1.0 1.0 1.0 1.0 0.0 0.0 0.0 0.0 0.0 0.0 0.0 0.0 0.0 0.0 0.0 0.0 0.0 0.0 0.0
I1103 01:20:16.300099 47465472775232 create_pretraining_data.py:161] masked_lm_weights: 1.0 1.0 1.0 1.0 1.0 0.0 0.0 0.0 0.0 0.0 0.0 0.0 0.0 0.0 0.0 0.0 0.0 0.0 0.0 0.0
INFO:tensorflow:next_sentence_labels: 1
I1103 01:20:16.300194 47465472775232 create_pretraining_data.py:161] next_sentence_labels: 1
INFO:tensorflow:*** Example ***
I1103 01:20:16.300875 47465472775232 create_pretraining_data.py:149] *** Example ***
INFO:tensorflow:tokens: [CLS] هالت ##رم عن سنه الله يصب ##رنا [MASK] [SEP] قصيده الشاعر راضي [MASK] ذوي ##بان المطيري [MASK] مطير في ضيا ##فه قبيله البق ##له 10 [SEP]
I1103 01:20:16.301021 47465472775232 create_pretraining_data.py:151] tokens: [CLS] هالت ##رم عن سنه الله يصب ##رنا [MASK] [SEP] قصيده الشاعر راضي [MASK] ذوي ##بان المطيري [MASK] مطير في ضيا ##فه قبيله البق ##له 10 [SEP]
INFO:tensorflow:input_ids: 2 24081 2344 1955 4076 1953 24184 17389 4 3 13116 5065 13057 4 7836 8070 10385 4 16906 1912 26067 2611 9182 6692 1917 2667 3 0 0 0 0 0 0 0 0 0 0 0 0 0 0 0 0 0 0 0 0 0 0 0 0 0 0 0 0 0 0 0 0 0 0 0 0 0 0 0 0 0 0 0 0 0 0 0 0 0 0 0 0 0 0 0 0 0 0 0 0 0 0 0 0 0 0 0 0 0 0 0 0 0 0 0 0 0 0 0 0 0 0 0 0 0 0 0 0 0 0 0 0 0 0 0 0 0 0 0 0 0
I1103 01:20:16.301182 47465472775232 create_pretraining_data.py:161] input_ids: 2 24081 2344 1955 4076 1953 24184 17389 4 3 13116 5065 13057 4 7836 8070 10385 4 16906 1912 26067 2611 9182 6692 1917 2667 3 0 0 0 0 0 0 0 0 0 0 0 0 0 0 0 0 0 0 0 0 0 0 0 0 0 0 0 0 0 0 0 0 0 0 0 0 0 0 0 0 0 0 0 0 0 0 0 0 0 0 0 0 0 0 0 0 0 0 0 0 0 0 0 0 0 0 0 0 0 0 0 0 0 0 0 0 0 0 0 0 0 0 0 0 0 0 0 0 0 0 0 0 0 0 0 0 0 0 0 0 0
INFO:tensorflow:input_mask: 1 1 1 1 1 1 1 1 1 1 1 1 1 1 1 1 1 1 1 1 1 1 1 1 1 1 1 0 0 0 0 0 0 0 0 0 0 0 0 0 0 0 0 0 0 0 0 0 0 0 0 0 0 0 0 0 0 0 0 0 0 0 0 0 0 0 0 0 0 0 0 0 0 0 0 0 0 0 0 0 0 0 0 0 0 0 0 0 0 0 0 0 0 0 0 0 0 0 0 0 0 0 0 0 0 0 0 0 0 0 0 0 0 0 0 0 0 0 0 0 0 0 0 0 0 0 0 0
I1103 01:20:16.301330 47465472775232 create_pretraining_data.py:161] input_mask: 1 1 1 1 1 1 1 1 1 1 1 1 1 1 1 1 1 1 1 1 1 1 1 1 1 1 1 0 0 0 0 0 0 0 0 0 0 0 0 0 0 0 0 0 0 0 0 0 0 0 0 0 0 0 0 0 0 0 0 0 0 0 0 0 0 0 0 0 0 0 0 0 0 0 0 0 0 0 0 0 0 0 0 0 0 0 0 0 0 0 0 0 0 0 0 0 0 0 0 0 0 0 0 0 0 0 0 0 0 0 0 0 0 0 0 0 0 0 0 0 0 0 0 0 0 0 0 0
INFO:tensorflow:segment_ids: 0 0 0 0 0 0 0 0 0 0 1 1 1 1 1 1 1 1 1 1 1 1 1 1 1 1 1 0 0 0 0 0 0 0 0 0 0 0 0 0 0 0 0 0 0 0 0 0 0 0 0 0 0 0 0 0 0 0 0 0 0 0 0 0 0 0 0 0 0 0 0 0 0 0 0 0 0 0 0 0 0 0 0 0 0 0 0 0 0 0 0 0 0 0 0 0 0 0 0 0 0 0 0 0 0 0 0 0 0 0 0 0 0 0 0 0 0 0 0 0 0 0 0 0 0 0 0 0
I1103 01:20:16.301471 47465472775232 create_pretraining_data.py:161] segment_ids: 0 0 0 0 0 0 0 0 0 0 1 1 1 1 1 1 1 1 1 1 1 1 1 1 1 1 1 0 0 0 0 0 0 0 0 0 0 0 0 0 0 0 0 0 0 0 0 0 0 0 0 0 0 0 0 0 0 0 0 0 0 0 0 0 0 0 0 0 0 0 0 0 0 0 0 0 0 0 0 0 0 0 0 0 0 0 0 0 0 0 0 0 0 0 0 0 0 0 0 0 0 0 0 0 0 0 0 0 0 0 0 0 0 0 0 0 0 0 0 0 0 0 0 0 0 0 0 0
INFO:tensorflow:masked_lm_positions: 8 10 13 17 0 0 0 0 0 0 0 0 0 0 0 0 0 0 0 0
I1103 01:20:16.301592 47465472775232 create_pretraining_data.py:161] masked_lm_positions: 8 10 13 17 0 0 0 0 0 0 0 0 0 0 0 0 0 0 0 0
INFO:tensorflow:masked_lm_ids: 2357 13116 2040 9182 0 0 0 0 0 0 0 0 0 0 0 0 0 0 0 0
I1103 01:20:16.301703 47465472775232 create_pretraining_data.py:161] masked_lm_ids: 2357 13116 2040 9182 0 0 0 0 0 0 0 0 0 0 0 0 0 0 0 0
INFO:tensorflow:masked_lm_weights: 1.0 1.0 1.0 1.0 0.0 0.0 0.0 0.0 0.0 0.0 0.0 0.0 0.0 0.0 0.0 0.0 0.0 0.0 0.0 0.0
I1103 01:20:16.301809 47465472775232 create_pretraining_data.py:161] masked_lm_weights: 1.0 1.0 1.0 1.0 0.0 0.0 0.0 0.0 0.0 0.0 0.0 0.0 0.0 0.0 0.0 0.0 0.0 0.0 0.0 0.0
INFO:tensorflow:next_sentence_labels: 1
I1103 01:20:16.301903 47465472775232 create_pretraining_data.py:161] next_sentence_labels: 1
INFO:tensorflow:*** Example ***
I1103 01:20:16.302559 47465472775232 create_pretraining_data.py:149] *** Example ***
INFO:tensorflow:tokens: [CLS] ان الله لا يخفي عليه ##حو في الارض ولا في السماء [SEP] خلاص ##ه [MASK] [MASK] اقام امر [MASK] اقام الله له امور ##ه [SEP]
I1103 01:20:16.302706 47465472775232 create_pretraining_data.py:151] tokens: [CLS] ان الله لا يخفي عليه ##حو في الارض ولا في السماء [SEP] خلاص ##ه [MASK] [MASK] اقام امر [MASK] اقام الله له امور ##ه [SEP]
INFO:tensorflow:input_ids: 2 1939 1953 1963 21292 2181 5389 1912 3981 2086 1912 4469 3 7765 1028 4 4 19544 3693 4 19544 1953 2154 9029 1028 3 0 0 0 0 0 0 0 0 0 0 0 0 0 0 0 0 0 0 0 0 0 0 0 0 0 0 0 0 0 0 0 0 0 0 0 0 0 0 0 0 0 0 0 0 0 0 0 0 0 0 0 0 0 0 0 0 0 0 0 0 0 0 0 0 0 0 0 0 0 0 0 0 0 0 0 0 0 0 0 0 0 0 0 0 0 0 0 0 0 0 0 0 0 0 0 0 0 0 0 0 0 0
I1103 01:20:16.302863 47465472775232 create_pretraining_data.py:161] input_ids: 2 1939 1953 1963 21292 2181 5389 1912 3981 2086 1912 4469 3 7765 1028 4 4 19544 3693 4 19544 1953 2154 9029 1028 3 0 0 0 0 0 0 0 0 0 0 0 0 0 0 0 0 0 0 0 0 0 0 0 0 0 0 0 0 0 0 0 0 0 0 0 0 0 0 0 0 0 0 0 0 0 0 0 0 0 0 0 0 0 0 0 0 0 0 0 0 0 0 0 0 0 0 0 0 0 0 0 0 0 0 0 0 0 0 0 0 0 0 0 0 0 0 0 0 0 0 0 0 0 0 0 0 0 0 0 0 0 0
INFO:tensorflow:input_mask: 1 1 1 1 1 1 1 1 1 1 1 1 1 1 1 1 1 1 1 1 1 1 1 1 1 1 0 0 0 0 0 0 0 0 0 0 0 0 0 0 0 0 0 0 0 0 0 0 0 0 0 0 0 0 0 0 0 0 0 0 0 0 0 0 0 0 0 0 0 0 0 0 0 0 0 0 0 0 0 0 0 0 0 0 0 0 0 0 0 0 0 0 0 0 0 0 0 0 0 0 0 0 0 0 0 0 0 0 0 0 0 0 0 0 0 0 0 0 0 0 0 0 0 0 0 0 0 0
I1103 01:20:16.303010 47465472775232 create_pretraining_data.py:161] input_mask: 1 1 1 1 1 1 1 1 1 1 1 1 1 1 1 1 1 1 1 1 1 1 1 1 1 1 0 0 0 0 0 0 0 0 0 0 0 0 0 0 0 0 0 0 0 0 0 0 0 0 0 0 0 0 0 0 0 0 0 0 0 0 0 0 0 0 0 0 0 0 0 0 0 0 0 0 0 0 0 0 0 0 0 0 0 0 0 0 0 0 0 0 0 0 0 0 0 0 0 0 0 0 0 0 0 0 0 0 0 0 0 0 0 0 0 0 0 0 0 0 0 0 0 0 0 0 0 0
INFO:tensorflow:segment_ids: 0 0 0 0 0 0 0 0 0 0 0 0 0 1 1 1 1 1 1 1 1 1 1 1 1 1 0 0 0 0 0 0 0 0 0 0 0 0 0 0 0 0 0 0 0 0 0 0 0 0 0 0 0 0 0 0 0 0 0 0 0 0 0 0 0 0 0 0 0 0 0 0 0 0 0 0 0 0 0 0 0 0 0 0 0 0 0 0 0 0 0 0 0 0 0 0 0 0 0 0 0 0 0 0 0 0 0 0 0 0 0 0 0 0 0 0 0 0 0 0 0 0 0 0 0 0 0 0
I1103 01:20:16.303150 47465472775232 create_pretraining_data.py:161] segment_ids: 0 0 0 0 0 0 0 0 0 0 0 0 0 1 1 1 1 1 1 1 1 1 1 1 1 1 0 0 0 0 0 0 0 0 0 0 0 0 0 0 0 0 0 0 0 0 0 0 0 0 0 0 0 0 0 0 0 0 0 0 0 0 0 0 0 0 0 0 0 0 0 0 0 0 0 0 0 0 0 0 0 0 0 0 0 0 0 0 0 0 0 0 0 0 0 0 0 0 0 0 0 0 0 0 0 0 0 0 0 0 0 0 0 0 0 0 0 0 0 0 0 0 0 0 0 0 0 0
INFO:tensorflow:masked_lm_positions: 6 15 16 19 0 0 0 0 0 0 0 0 0 0 0 0 0 0 0 0
I1103 01:20:16.303256 47465472775232 create_pretraining_data.py:161] masked_lm_positions: 6 15 16 19 0 0 0 0 0 0 0 0 0 0 0 0 0 0 0 0
INFO:tensorflow:masked_lm_ids: 2621 3859 1908 1953 0 0 0 0 0 0 0 0 0 0 0 0 0 0 0 0
I1103 01:20:16.303358 47465472775232 create_pretraining_data.py:161] masked_lm_ids: 2621 3859 1908 1953 0 0 0 0 0 0 0 0 0 0 0 0 0 0 0 0
INFO:tensorflow:masked_lm_weights: 1.0 1.0 1.0 1.0 0.0 0.0 0.0 0.0 0.0 0.0 0.0 0.0 0.0 0.0 0.0 0.0 0.0 0.0 0.0 0.0
I1103 01:20:16.303464 47465472775232 create_pretraining_data.py:161] masked_lm_weights: 1.0 1.0 1.0 1.0 0.0 0.0 0.0 0.0 0.0 0.0 0.0 0.0 0.0 0.0 0.0 0.0 0.0 0.0 0.0 0.0
INFO:tensorflow:next_sentence_labels: 1
I1103 01:20:16.303573 47465472775232 create_pretraining_data.py:161] next_sentence_labels: 1
INFO:tensorflow:*** Example ***
I1103 01:20:16.304241 47465472775232 create_pretraining_data.py:149] *** Example ***
INFO:tensorflow:tokens: [CLS] لو لم تكوني انت في حياتي ماكان في [MASK] [MASK] او مياه [MASK] شجر ماكان في الارض بشر [SEP] اللهم اصلح لي شاني كله ولا تكلني لنفسي [MASK] ه [MASK] [SEP]
I1103 01:20:16.304380 47465472775232 create_pretraining_data.py:151] tokens: [CLS] لو لم تكوني انت في حياتي ماكان في [MASK] [MASK] او مياه [MASK] شجر ماكان في الارض بشر [SEP] اللهم اصلح لي شاني كله ولا تكلني لنفسي [MASK] ه [MASK] [SEP]
INFO:tensorflow:input_ids: 2 2244 2043 27452 2164 1912 5097 13256 1912 4 4 2213 7354 4 29036 13256 1912 3981 4785 3 2168 14022 2134 17267 4236 2086 25022 19136 4 414 4 3 0 0 0 0 0 0 0 0 0 0 0 0 0 0 0 0 0 0 0 0 0 0 0 0 0 0 0 0 0 0 0 0 0 0 0 0 0 0 0 0 0 0 0 0 0 0 0 0 0 0 0 0 0 0 0 0 0 0 0 0 0 0 0 0 0 0 0 0 0 0 0 0 0 0 0 0 0 0 0 0 0 0 0 0 0 0 0 0 0 0 0 0 0 0 0 0
I1103 01:20:16.304544 47465472775232 create_pretraining_data.py:161] input_ids: 2 2244 2043 27452 2164 1912 5097 13256 1912 4 4 2213 7354 4 29036 13256 1912 3981 4785 3 2168 14022 2134 17267 4236 2086 25022 19136 4 414 4 3 0 0 0 0 0 0 0 0 0 0 0 0 0 0 0 0 0 0 0 0 0 0 0 0 0 0 0 0 0 0 0 0 0 0 0 0 0 0 0 0 0 0 0 0 0 0 0 0 0 0 0 0 0 0 0 0 0 0 0 0 0 0 0 0 0 0 0 0 0 0 0 0 0 0 0 0 0 0 0 0 0 0 0 0 0 0 0 0 0 0 0 0 0 0 0 0
INFO:tensorflow:input_mask: 1 1 1 1 1 1 1 1 1 1 1 1 1 1 1 1 1 1 1 1 1 1 1 1 1 1 1 1 1 1 1 1 0 0 0 0 0 0 0 0 0 0 0 0 0 0 0 0 0 0 0 0 0 0 0 0 0 0 0 0 0 0 0 0 0 0 0 0 0 0 0 0 0 0 0 0 0 0 0 0 0 0 0 0 0 0 0 0 0 0 0 0 0 0 0 0 0 0 0 0 0 0 0 0 0 0 0 0 0 0 0 0 0 0 0 0 0 0 0 0 0 0 0 0 0 0 0 0
I1103 01:20:16.304700 47465472775232 create_pretraining_data.py:161] input_mask: 1 1 1 1 1 1 1 1 1 1 1 1 1 1 1 1 1 1 1 1 1 1 1 1 1 1 1 1 1 1 1 1 0 0 0 0 0 0 0 0 0 0 0 0 0 0 0 0 0 0 0 0 0 0 0 0 0 0 0 0 0 0 0 0 0 0 0 0 0 0 0 0 0 0 0 0 0 0 0 0 0 0 0 0 0 0 0 0 0 0 0 0 0 0 0 0 0 0 0 0 0 0 0 0 0 0 0 0 0 0 0 0 0 0 0 0 0 0 0 0 0 0 0 0 0 0 0 0
INFO:tensorflow:segment_ids: 0 0 0 0 0 0 0 0 0 0 0 0 0 0 0 0 0 0 0 0 1 1 1 1 1 1 1 1 1 1 1 1 0 0 0 0 0 0 0 0 0 0 0 0 0 0 0 0 0 0 0 0 0 0 0 0 0 0 0 0 0 0 0 0 0 0 0 0 0 0 0 0 0 0 0 0 0 0 0 0 0 0 0 0 0 0 0 0 0 0 0 0 0 0 0 0 0 0 0 0 0 0 0 0 0 0 0 0 0 0 0 0 0 0 0 0 0 0 0 0 0 0 0 0 0 0 0 0
I1103 01:20:16.304842 47465472775232 create_pretraining_data.py:161] segment_ids: 0 0 0 0 0 0 0 0 0 0 0 0 0 0 0 0 0 0 0 0 1 1 1 1 1 1 1 1 1 1 1 1 0 0 0 0 0 0 0 0 0 0 0 0 0 0 0 0 0 0 0 0 0 0 0 0 0 0 0 0 0 0 0 0 0 0 0 0 0 0 0 0 0 0 0 0 0 0 0 0 0 0 0 0 0 0 0 0 0 0 0 0 0 0 0 0 0 0 0 0 0 0 0 0 0 0 0 0 0 0 0 0 0 0 0 0 0 0 0 0 0 0 0 0 0 0 0 0
INFO:tensorflow:masked_lm_positions: 9 10 13 28 30 0 0 0 0 0 0 0 0 0 0 0 0 0 0 0
I1103 01:20:16.304948 47465472775232 create_pretraining_data.py:161] masked_lm_positions: 9 10 13 28 30 0 0 0 0 0 0 0 0 0 0 0 0 0 0 0
INFO:tensorflow:masked_lm_ids: 3981 23824 2213 5488 3334 0 0 0 0 0 0 0 0 0 0 0 0 0 0 0
I1103 01:20:16.305052 47465472775232 create_pretraining_data.py:161] masked_lm_ids: 3981 23824 2213 5488 3334 0 0 0 0 0 0 0 0 0 0 0 0 0 0 0
INFO:tensorflow:masked_lm_weights: 1.0 1.0 1.0 1.0 1.0 0.0 0.0 0.0 0.0 0.0 0.0 0.0 0.0 0.0 0.0 0.0 0.0 0.0 0.0 0.0
I1103 01:20:16.305157 47465472775232 create_pretraining_data.py:161] masked_lm_weights: 1.0 1.0 1.0 1.0 1.0 0.0 0.0 0.0 0.0 0.0 0.0 0.0 0.0 0.0 0.0 0.0 0.0 0.0 0.0 0.0
INFO:tensorflow:next_sentence_labels: 1
I1103 01:20:16.305251 47465472775232 create_pretraining_data.py:161] next_sentence_labels: 1
INFO:tensorflow:*** Example ***
I1103 01:20:16.305936 47465472775232 create_pretraining_data.py:149] *** Example ***
INFO:tensorflow:tokens: [CLS] شخصيات مهمه في لبنان طلبت الموافق ##ه من الاداره لز ##يار ##تها والاد ##اره [MASK] مع انها سهيله انسحب ##ت [SEP] [MASK] في سناب [MASK] لمت ##ابعه التغ ##طيات حول اهم فعاليات و [MASK] ايطاليا [MASK] بمتابع ##تكم [MASK] جات سناب ##ي سناب [SEP]
I1103 01:20:16.306071 47465472775232 create_pretraining_data.py:151] tokens: [CLS] شخصيات مهمه في لبنان طلبت الموافق ##ه من الاداره لز ##يار ##تها والاد ##اره [MASK] مع انها سهيله انسحب ##ت [SEP] [MASK] في سناب [MASK] لمت ##ابعه التغ ##طيات حول اهم فعاليات و [MASK] ايطاليا [MASK] بمتابع ##تكم [MASK] جات سناب ##ي سناب [SEP]
INFO:tensorflow:input_ids: 2 8482 12916 1912 3037 13212 9313 1028 1908 10969 3983 4003 2377 8891 2418 4 1973 3550 3969 25340 1005 3 4 1912 6672 4 8213 4720 4873 11258 2528 3802 7259 415 4 14836 4 22029 7145 4 16846 6672 1013 6672 3 0 0 0 0 0 0 0 0 0 0 0 0 0 0 0 0 0 0 0 0 0 0 0 0 0 0 0 0 0 0 0 0 0 0 0 0 0 0 0 0 0 0 0 0 0 0 0 0 0 0 0 0 0 0 0 0 0 0 0 0 0 0 0 0 0 0 0 0 0 0 0 0 0 0 0 0 0 0 0 0 0 0 0
I1103 01:20:16.306229 47465472775232 create_pretraining_data.py:161] input_ids: 2 8482 12916 1912 3037 13212 9313 1028 1908 10969 3983 4003 2377 8891 2418 4 1973 3550 3969 25340 1005 3 4 1912 6672 4 8213 4720 4873 11258 2528 3802 7259 415 4 14836 4 22029 7145 4 16846 6672 1013 6672 3 0 0 0 0 0 0 0 0 0 0 0 0 0 0 0 0 0 0 0 0 0 0 0 0 0 0 0 0 0 0 0 0 0 0 0 0 0 0 0 0 0 0 0 0 0 0 0 0 0 0 0 0 0 0 0 0 0 0 0 0 0 0 0 0 0 0 0 0 0 0 0 0 0 0 0 0 0 0 0 0 0 0 0
INFO:tensorflow:input_mask: 1 1 1 1 1 1 1 1 1 1 1 1 1 1 1 1 1 1 1 1 1 1 1 1 1 1 1 1 1 1 1 1 1 1 1 1 1 1 1 1 1 1 1 1 1 0 0 0 0 0 0 0 0 0 0 0 0 0 0 0 0 0 0 0 0 0 0 0 0 0 0 0 0 0 0 0 0 0 0 0 0 0 0 0 0 0 0 0 0 0 0 0 0 0 0 0 0 0 0 0 0 0 0 0 0 0 0 0 0 0 0 0 0 0 0 0 0 0 0 0 0 0 0 0 0 0 0 0
I1103 01:20:16.306358 47465472775232 create_pretraining_data.py:161] input_mask: 1 1 1 1 1 1 1 1 1 1 1 1 1 1 1 1 1 1 1 1 1 1 1 1 1 1 1 1 1 1 1 1 1 1 1 1 1 1 1 1 1 1 1 1 1 0 0 0 0 0 0 0 0 0 0 0 0 0 0 0 0 0 0 0 0 0 0 0 0 0 0 0 0 0 0 0 0 0 0 0 0 0 0 0 0 0 0 0 0 0 0 0 0 0 0 0 0 0 0 0 0 0 0 0 0 0 0 0 0 0 0 0 0 0 0 0 0 0 0 0 0 0 0 0 0 0 0 0
INFO:tensorflow:segment_ids: 0 0 0 0 0 0 0 0 0 0 0 0 0 0 0 0 0 0 0 0 0 0 1 1 1 1 1 1 1 1 1 1 1 1 1 1 1 1 1 1 1 1 1 1 1 0 0 0 0 0 0 0 0 0 0 0 0 0 0 0 0 0 0 0 0 0 0 0 0 0 0 0 0 0 0 0 0 0 0 0 0 0 0 0 0 0 0 0 0 0 0 0 0 0 0 0 0 0 0 0 0 0 0 0 0 0 0 0 0 0 0 0 0 0 0 0 0 0 0 0 0 0 0 0 0 0 0 0
I1103 01:20:16.306480 47465472775232 create_pretraining_data.py:161] segment_ids: 0 0 0 0 0 0 0 0 0 0 0 0 0 0 0 0 0 0 0 0 0 0 1 1 1 1 1 1 1 1 1 1 1 1 1 1 1 1 1 1 1 1 1 1 1 0 0 0 0 0 0 0 0 0 0 0 0 0 0 0 0 0 0 0 0 0 0 0 0 0 0 0 0 0 0 0 0 0 0 0 0 0 0 0 0 0 0 0 0 0 0 0 0 0 0 0 0 0 0 0 0 0 0 0 0 0 0 0 0 0 0 0 0 0 0 0 0 0 0 0 0 0 0 0 0 0 0 0
INFO:tensorflow:masked_lm_positions: 15 22 24 25 34 36 39 0 0 0 0 0 0 0 0 0 0 0 0 0
I1103 01:20:16.306572 47465472775232 create_pretraining_data.py:161] masked_lm_positions: 15 22 24 25 34 36 39 0 0 0 0 0 0 0 0 0 0 0 0 0
INFO:tensorflow:masked_lm_ids: 14996 13061 6672 6136 5415 25313 6672 0 0 0 0 0 0 0 0 0 0 0 0 0
I1103 01:20:16.306668 47465472775232 create_pretraining_data.py:161] masked_lm_ids: 14996 13061 6672 6136 5415 25313 6672 0 0 0 0 0 0 0 0 0 0 0 0 0
INFO:tensorflow:masked_lm_weights: 1.0 1.0 1.0 1.0 1.0 1.0 1.0 0.0 0.0 0.0 0.0 0.0 0.0 0.0 0.0 0.0 0.0 0.0 0.0 0.0
I1103 01:20:16.306761 47465472775232 create_pretraining_data.py:161] masked_lm_weights: 1.0 1.0 1.0 1.0 1.0 1.0 1.0 0.0 0.0 0.0 0.0 0.0 0.0 0.0 0.0 0.0 0.0 0.0 0.0 0.0
INFO:tensorflow:next_sentence_labels: 1
I1103 01:20:16.306843 47465472775232 create_pretraining_data.py:161] next_sentence_labels: 1
INFO:tensorflow:*** Example ***
I1103 01:20:16.307431 47465472775232 create_pretraining_data.py:149] *** Example ***
INFO:tensorflow:tokens: [CLS] شيله وياك الجميل [MASK] نجم الجنوب و محمد الشهراني [SEP] [MASK] اق ##فل الموبايل عشان ارك ##ز في الشغل [SEP]
I1103 01:20:16.307553 47465472775232 create_pretraining_data.py:151] tokens: [CLS] شيله وياك الجميل [MASK] نجم الجنوب و محمد الشهراني [SEP] [MASK] اق ##فل الموبايل عشان ارك ##ز في الشغل [SEP]
INFO:tensorflow:input_ids: 2 15049 19474 5135 4 6651 6126 415 2202 15384 3 4 2536 2614 9351 3573 20841 1008 1912 19598 3 0 0 0 0 0 0 0 0 0 0 0 0 0 0 0 0 0 0 0 0 0 0 0 0 0 0 0 0 0 0 0 0 0 0 0 0 0 0 0 0 0 0 0 0 0 0 0 0 0 0 0 0 0 0 0 0 0 0 0 0 0 0 0 0 0 0 0 0 0 0 0 0 0 0 0 0 0 0 0 0 0 0 0 0 0 0 0 0 0 0 0 0 0 0 0 0 0 0 0 0 0 0 0 0 0 0 0
I1103 01:20:16.307713 47465472775232 create_pretraining_data.py:161] input_ids: 2 15049 19474 5135 4 6651 6126 415 2202 15384 3 4 2536 2614 9351 3573 20841 1008 1912 19598 3 0 0 0 0 0 0 0 0 0 0 0 0 0 0 0 0 0 0 0 0 0 0 0 0 0 0 0 0 0 0 0 0 0 0 0 0 0 0 0 0 0 0 0 0 0 0 0 0 0 0 0 0 0 0 0 0 0 0 0 0 0 0 0 0 0 0 0 0 0 0 0 0 0 0 0 0 0 0 0 0 0 0 0 0 0 0 0 0 0 0 0 0 0 0 0 0 0 0 0 0 0 0 0 0 0 0 0
INFO:tensorflow:input_mask: 1 1 1 1 1 1 1 1 1 1 1 1 1 1 1 1 1 1 1 1 1 0 0 0 0 0 0 0 0 0 0 0 0 0 0 0 0 0 0 0 0 0 0 0 0 0 0 0 0 0 0 0 0 0 0 0 0 0 0 0 0 0 0 0 0 0 0 0 0 0 0 0 0 0 0 0 0 0 0 0 0 0 0 0 0 0 0 0 0 0 0 0 0 0 0 0 0 0 0 0 0 0 0 0 0 0 0 0 0 0 0 0 0 0 0 0 0 0 0 0 0 0 0 0 0 0 0 0
I1103 01:20:16.307844 47465472775232 create_pretraining_data.py:161] input_mask: 1 1 1 1 1 1 1 1 1 1 1 1 1 1 1 1 1 1 1 1 1 0 0 0 0 0 0 0 0 0 0 0 0 0 0 0 0 0 0 0 0 0 0 0 0 0 0 0 0 0 0 0 0 0 0 0 0 0 0 0 0 0 0 0 0 0 0 0 0 0 0 0 0 0 0 0 0 0 0 0 0 0 0 0 0 0 0 0 0 0 0 0 0 0 0 0 0 0 0 0 0 0 0 0 0 0 0 0 0 0 0 0 0 0 0 0 0 0 0 0 0 0 0 0 0 0 0 0
INFO:tensorflow:segment_ids: 0 0 0 0 0 0 0 0 0 0 0 1 1 1 1 1 1 1 1 1 1 0 0 0 0 0 0 0 0 0 0 0 0 0 0 0 0 0 0 0 0 0 0 0 0 0 0 0 0 0 0 0 0 0 0 0 0 0 0 0 0 0 0 0 0 0 0 0 0 0 0 0 0 0 0 0 0 0 0 0 0 0 0 0 0 0 0 0 0 0 0 0 0 0 0 0 0 0 0 0 0 0 0 0 0 0 0 0 0 0 0 0 0 0 0 0 0 0 0 0 0 0 0 0 0 0 0 0
I1103 01:20:16.307970 47465472775232 create_pretraining_data.py:161] segment_ids: 0 0 0 0 0 0 0 0 0 0 0 1 1 1 1 1 1 1 1 1 1 0 0 0 0 0 0 0 0 0 0 0 0 0 0 0 0 0 0 0 0 0 0 0 0 0 0 0 0 0 0 0 0 0 0 0 0 0 0 0 0 0 0 0 0 0 0 0 0 0 0 0 0 0 0 0 0 0 0 0 0 0 0 0 0 0 0 0 0 0 0 0 0 0 0 0 0 0 0 0 0 0 0 0 0 0 0 0 0 0 0 0 0 0 0 0 0 0 0 0 0 0 0 0 0 0 0 0
INFO:tensorflow:masked_lm_positions: 4 5 11 0 0 0 0 0 0 0 0 0 0 0 0 0 0 0 0 0
I1103 01:20:16.308063 47465472775232 create_pretraining_data.py:161] masked_lm_positions: 4 5 11 0 0 0 0 0 0 0 0 0 0 0 0 0 0 0 0 0
INFO:tensorflow:masked_lm_ids: 9294 6651 2518 0 0 0 0 0 0 0 0 0 0 0 0 0 0 0 0 0
I1103 01:20:16.308152 47465472775232 create_pretraining_data.py:161] masked_lm_ids: 9294 6651 2518 0 0 0 0 0 0 0 0 0 0 0 0 0 0 0 0 0
INFO:tensorflow:masked_lm_weights: 1.0 1.0 1.0 0.0 0.0 0.0 0.0 0.0 0.0 0.0 0.0 0.0 0.0 0.0 0.0 0.0 0.0 0.0 0.0 0.0
I1103 01:20:16.308243 47465472775232 create_pretraining_data.py:161] masked_lm_weights: 1.0 1.0 1.0 0.0 0.0 0.0 0.0 0.0 0.0 0.0 0.0 0.0 0.0 0.0 0.0 0.0 0.0 0.0 0.0 0.0
INFO:tensorflow:next_sentence_labels: 1
I1103 01:20:16.308326 47465472775232 create_pretraining_data.py:161] next_sentence_labels: 1
INFO:tensorflow:*** Example ***
I1103 01:20:16.308921 47465472775232 create_pretraining_data.py:149] *** Example ***
INFO:tensorflow:tokens: [CLS] واذا سمعنا صيا ##حكم الكوره السعوديه رجعت لوضع ##ها الطبيعي [SEP] بسم [MASK] وفنون لا يضر مع اسمه [MASK] في الارض ولا في السماء وهو السميع العليم [SEP]
I1103 01:20:16.309048 47465472775232 create_pretraining_data.py:151] tokens: [CLS] واذا سمعنا صيا ##حكم الكوره السعوديه رجعت لوضع ##ها الطبيعي [SEP] بسم [MASK] وفنون لا يضر مع اسمه [MASK] في الارض ولا في السماء وهو السميع العليم [SEP]
INFO:tensorflow:input_ids: 2 4876 22306 15198 28757 17542 2721 16348 14658 1913 7309 3 5197 4 28454 1963 12258 1973 6079 4 1912 3981 2086 1912 4469 2400 20270 16546 3 0 0 0 0 0 0 0 0 0 0 0 0 0 0 0 0 0 0 0 0 0 0 0 0 0 0 0 0 0 0 0 0 0 0 0 0 0 0 0 0 0 0 0 0 0 0 0 0 0 0 0 0 0 0 0 0 0 0 0 0 0 0 0 0 0 0 0 0 0 0 0 0 0 0 0 0 0 0 0 0 0 0 0 0 0 0 0 0 0 0 0 0 0 0 0 0 0 0 0
I1103 01:20:16.309185 47465472775232 create_pretraining_data.py:161] input_ids: 2 4876 22306 15198 28757 17542 2721 16348 14658 1913 7309 3 5197 4 28454 1963 12258 1973 6079 4 1912 3981 2086 1912 4469 2400 20270 16546 3 0 0 0 0 0 0 0 0 0 0 0 0 0 0 0 0 0 0 0 0 0 0 0 0 0 0 0 0 0 0 0 0 0 0 0 0 0 0 0 0 0 0 0 0 0 0 0 0 0 0 0 0 0 0 0 0 0 0 0 0 0 0 0 0 0 0 0 0 0 0 0 0 0 0 0 0 0 0 0 0 0 0 0 0 0 0 0 0 0 0 0 0 0 0 0 0 0 0 0
INFO:tensorflow:input_mask: 1 1 1 1 1 1 1 1 1 1 1 1 1 1 1 1 1 1 1 1 1 1 1 1 1 1 1 1 1 0 0 0 0 0 0 0 0 0 0 0 0 0 0 0 0 0 0 0 0 0 0 0 0 0 0 0 0 0 0 0 0 0 0 0 0 0 0 0 0 0 0 0 0 0 0 0 0 0 0 0 0 0 0 0 0 0 0 0 0 0 0 0 0 0 0 0 0 0 0 0 0 0 0 0 0 0 0 0 0 0 0 0 0 0 0 0 0 0 0 0 0 0 0 0 0 0 0 0
I1103 01:20:16.309330 47465472775232 create_pretraining_data.py:161] input_mask: 1 1 1 1 1 1 1 1 1 1 1 1 1 1 1 1 1 1 1 1 1 1 1 1 1 1 1 1 1 0 0 0 0 0 0 0 0 0 0 0 0 0 0 0 0 0 0 0 0 0 0 0 0 0 0 0 0 0 0 0 0 0 0 0 0 0 0 0 0 0 0 0 0 0 0 0 0 0 0 0 0 0 0 0 0 0 0 0 0 0 0 0 0 0 0 0 0 0 0 0 0 0 0 0 0 0 0 0 0 0 0 0 0 0 0 0 0 0 0 0 0 0 0 0 0 0 0 0
INFO:tensorflow:segment_ids: 0 0 0 0 0 0 0 0 0 0 0 0 1 1 1 1 1 1 1 1 1 1 1 1 1 1 1 1 1 0 0 0 0 0 0 0 0 0 0 0 0 0 0 0 0 0 0 0 0 0 0 0 0 0 0 0 0 0 0 0 0 0 0 0 0 0 0 0 0 0 0 0 0 0 0 0 0 0 0 0 0 0 0 0 0 0 0 0 0 0 0 0 0 0 0 0 0 0 0 0 0 0 0 0 0 0 0 0 0 0 0 0 0 0 0 0 0 0 0 0 0 0 0 0 0 0 0 0
I1103 01:20:16.309456 47465472775232 create_pretraining_data.py:161] segment_ids: 0 0 0 0 0 0 0 0 0 0 0 0 1 1 1 1 1 1 1 1 1 1 1 1 1 1 1 1 1 0 0 0 0 0 0 0 0 0 0 0 0 0 0 0 0 0 0 0 0 0 0 0 0 0 0 0 0 0 0 0 0 0 0 0 0 0 0 0 0 0 0 0 0 0 0 0 0 0 0 0 0 0 0 0 0 0 0 0 0 0 0 0 0 0 0 0 0 0 0 0 0 0 0 0 0 0 0 0 0 0 0 0 0 0 0 0 0 0 0 0 0 0 0 0 0 0 0 0
INFO:tensorflow:masked_lm_positions: 13 14 19 25 0 0 0 0 0 0 0 0 0 0 0 0 0 0 0 0
I1103 01:20:16.309546 47465472775232 create_pretraining_data.py:161] masked_lm_positions: 13 14 19 25 0 0 0 0 0 0 0 0 0 0 0 0 0 0 0 0
INFO:tensorflow:masked_lm_ids: 1953 2130 2228 2400 0 0 0 0 0 0 0 0 0 0 0 0 0 0 0 0
I1103 01:20:16.309640 47465472775232 create_pretraining_data.py:161] masked_lm_ids: 1953 2130 2228 2400 0 0 0 0 0 0 0 0 0 0 0 0 0 0 0 0
INFO:tensorflow:masked_lm_weights: 1.0 1.0 1.0 1.0 0.0 0.0 0.0 0.0 0.0 0.0 0.0 0.0 0.0 0.0 0.0 0.0 0.0 0.0 0.0 0.0
I1103 01:20:16.309733 47465472775232 create_pretraining_data.py:161] masked_lm_weights: 1.0 1.0 1.0 1.0 0.0 0.0 0.0 0.0 0.0 0.0 0.0 0.0 0.0 0.0 0.0 0.0 0.0 0.0 0.0 0.0
INFO:tensorflow:next_sentence_labels: 1
I1103 01:20:16.309817 47465472775232 create_pretraining_data.py:161] next_sentence_labels: 1
INFO:tensorflow:*** Example ***
I1103 01:20:16.310415 47465472775232 create_pretraining_data.py:149] *** Example ***
INFO:tensorflow:tokens: [CLS] صوره سعود اله ##لفي العوني [MASK] [MASK] [SEP] الاو ##ائل اول رئيس لنادي التضامن هو السيد ناصر [MASK] الحمد [SEP]
I1103 01:20:16.310538 47465472775232 create_pretraining_data.py:151] tokens: [CLS] صوره سعود اله ##لفي العوني [MASK] [MASK] [SEP] الاو ##ائل اول رئيس لنادي التضامن هو السيد ناصر [MASK] الحمد [SEP]
INFO:tensorflow:input_ids: 2 4187 4393 2090 10433 12069 4 4 3 8684 2525 3085 2426 16313 15173 2139 3968 5828 4 2807 3 0 0 0 0 0 0 0 0 0 0 0 0 0 0 0 0 0 0 0 0 0 0 0 0 0 0 0 0 0 0 0 0 0 0 0 0 0 0 0 0 0 0 0 0 0 0 0 0 0 0 0 0 0 0 0 0 0 0 0 0 0 0 0 0 0 0 0 0 0 0 0 0 0 0 0 0 0 0 0 0 0 0 0 0 0 0 0 0 0 0 0 0 0 0 0 0 0 0 0 0 0 0 0 0 0 0 0
I1103 01:20:16.310683 47465472775232 create_pretraining_data.py:161] input_ids: 2 4187 4393 2090 10433 12069 4 4 3 8684 2525 3085 2426 16313 15173 2139 3968 5828 4 2807 3 0 0 0 0 0 0 0 0 0 0 0 0 0 0 0 0 0 0 0 0 0 0 0 0 0 0 0 0 0 0 0 0 0 0 0 0 0 0 0 0 0 0 0 0 0 0 0 0 0 0 0 0 0 0 0 0 0 0 0 0 0 0 0 0 0 0 0 0 0 0 0 0 0 0 0 0 0 0 0 0 0 0 0 0 0 0 0 0 0 0 0 0 0 0 0 0 0 0 0 0 0 0 0 0 0 0 0
INFO:tensorflow:input_mask: 1 1 1 1 1 1 1 1 1 1 1 1 1 1 1 1 1 1 1 1 1 0 0 0 0 0 0 0 0 0 0 0 0 0 0 0 0 0 0 0 0 0 0 0 0 0 0 0 0 0 0 0 0 0 0 0 0 0 0 0 0 0 0 0 0 0 0 0 0 0 0 0 0 0 0 0 0 0 0 0 0 0 0 0 0 0 0 0 0 0 0 0 0 0 0 0 0 0 0 0 0 0 0 0 0 0 0 0 0 0 0 0 0 0 0 0 0 0 0 0 0 0 0 0 0 0 0 0
I1103 01:20:16.310813 47465472775232 create_pretraining_data.py:161] input_mask: 1 1 1 1 1 1 1 1 1 1 1 1 1 1 1 1 1 1 1 1 1 0 0 0 0 0 0 0 0 0 0 0 0 0 0 0 0 0 0 0 0 0 0 0 0 0 0 0 0 0 0 0 0 0 0 0 0 0 0 0 0 0 0 0 0 0 0 0 0 0 0 0 0 0 0 0 0 0 0 0 0 0 0 0 0 0 0 0 0 0 0 0 0 0 0 0 0 0 0 0 0 0 0 0 0 0 0 0 0 0 0 0 0 0 0 0 0 0 0 0 0 0 0 0 0 0 0 0
INFO:tensorflow:segment_ids: 0 0 0 0 0 0 0 0 0 1 1 1 1 1 1 1 1 1 1 1 1 0 0 0 0 0 0 0 0 0 0 0 0 0 0 0 0 0 0 0 0 0 0 0 0 0 0 0 0 0 0 0 0 0 0 0 0 0 0 0 0 0 0 0 0 0 0 0 0 0 0 0 0 0 0 0 0 0 0 0 0 0 0 0 0 0 0 0 0 0 0 0 0 0 0 0 0 0 0 0 0 0 0 0 0 0 0 0 0 0 0 0 0 0 0 0 0 0 0 0 0 0 0 0 0 0 0 0
I1103 01:20:16.310954 47465472775232 create_pretraining_data.py:161] segment_ids: 0 0 0 0 0 0 0 0 0 1 1 1 1 1 1 1 1 1 1 1 1 0 0 0 0 0 0 0 0 0 0 0 0 0 0 0 0 0 0 0 0 0 0 0 0 0 0 0 0 0 0 0 0 0 0 0 0 0 0 0 0 0 0 0 0 0 0 0 0 0 0 0 0 0 0 0 0 0 0 0 0 0 0 0 0 0 0 0 0 0 0 0 0 0 0 0 0 0 0 0 0 0 0 0 0 0 0 0 0 0 0 0 0 0 0 0 0 0 0 0 0 0 0 0 0 0 0 0
INFO:tensorflow:masked_lm_positions: 6 7 18 0 0 0 0 0 0 0 0 0 0 0 0 0 0 0 0 0
I1103 01:20:16.311048 47465472775232 create_pretraining_data.py:161] masked_lm_positions: 6 7 18 0 0 0 0 0 0 0 0 0 0 0 0 0 0 0 0 0
INFO:tensorflow:masked_lm_ids: 9123 7739 13312 0 0 0 0 0 0 0 0 0 0 0 0 0 0 0 0 0
I1103 01:20:16.311137 47465472775232 create_pretraining_data.py:161] masked_lm_ids: 9123 7739 13312 0 0 0 0 0 0 0 0 0 0 0 0 0 0 0 0 0
INFO:tensorflow:masked_lm_weights: 1.0 1.0 1.0 0.0 0.0 0.0 0.0 0.0 0.0 0.0 0.0 0.0 0.0 0.0 0.0 0.0 0.0 0.0 0.0 0.0
I1103 01:20:16.311229 47465472775232 create_pretraining_data.py:161] masked_lm_weights: 1.0 1.0 1.0 0.0 0.0 0.0 0.0 0.0 0.0 0.0 0.0 0.0 0.0 0.0 0.0 0.0 0.0 0.0 0.0 0.0
INFO:tensorflow:next_sentence_labels: 1
I1103 01:20:16.311312 47465472775232 create_pretraining_data.py:161] next_sentence_labels: 1
INFO:tensorflow:*** Example ***
I1103 01:20:16.311904 47465472775232 create_pretraining_data.py:149] *** Example ***
INFO:tensorflow:tokens: [CLS] [MASK] علي خير خلق الله اللهم اور ##دنا حوض ##ه واح ##شرنا معه [MASK] [MASK] [MASK] رضوان الله عليهم [SEP] لايوجد شخص [MASK] المسا ##له اول ##ويات قروب جنون جلنار للدعم [SEP]
I1103 01:20:16.312034 47465472775232 create_pretraining_data.py:151] tokens: [CLS] [MASK] علي خير خلق الله اللهم اور ##دنا حوض ##ه واح ##شرنا معه [MASK] [MASK] [MASK] رضوان الله عليهم [SEP] لايوجد شخص [MASK] المسا ##له اول ##ويات قروب جنون جلنار للدعم [SEP]
INFO:tensorflow:input_ids: 2 4 1958 2631 3222 1953 2168 10174 20112 18271 1028 4042 20216 3860 4 4 4 18706 1953 3566 3 22719 2489 4 4750 1917 3085 4318 2543 9213 13063 2679 3 0 0 0 0 0 0 0 0 0 0 0 0 0 0 0 0 0 0 0 0 0 0 0 0 0 0 0 0 0 0 0 0 0 0 0 0 0 0 0 0 0 0 0 0 0 0 0 0 0 0 0 0 0 0 0 0 0 0 0 0 0 0 0 0 0 0 0 0 0 0 0 0 0 0 0 0 0 0 0 0 0 0 0 0 0 0 0 0 0 0 0 0 0 0 0
I1103 01:20:16.312183 47465472775232 create_pretraining_data.py:161] input_ids: 2 4 1958 2631 3222 1953 2168 10174 20112 18271 1028 4042 20216 3860 4 4 4 18706 1953 3566 3 22719 2489 4 4750 1917 3085 4318 2543 9213 13063 2679 3 0 0 0 0 0 0 0 0 0 0 0 0 0 0 0 0 0 0 0 0 0 0 0 0 0 0 0 0 0 0 0 0 0 0 0 0 0 0 0 0 0 0 0 0 0 0 0 0 0 0 0 0 0 0 0 0 0 0 0 0 0 0 0 0 0 0 0 0 0 0 0 0 0 0 0 0 0 0 0 0 0 0 0 0 0 0 0 0 0 0 0 0 0 0 0
INFO:tensorflow:input_mask: 1 1 1 1 1 1 1 1 1 1 1 1 1 1 1 1 1 1 1 1 1 1 1 1 1 1 1 1 1 1 1 1 1 0 0 0 0 0 0 0 0 0 0 0 0 0 0 0 0 0 0 0 0 0 0 0 0 0 0 0 0 0 0 0 0 0 0 0 0 0 0 0 0 0 0 0 0 0 0 0 0 0 0 0 0 0 0 0 0 0 0 0 0 0 0 0 0 0 0 0 0 0 0 0 0 0 0 0 0 0 0 0 0 0 0 0 0 0 0 0 0 0 0 0 0 0 0 0
I1103 01:20:16.312311 47465472775232 create_pretraining_data.py:161] input_mask: 1 1 1 1 1 1 1 1 1 1 1 1 1 1 1 1 1 1 1 1 1 1 1 1 1 1 1 1 1 1 1 1 1 0 0 0 0 0 0 0 0 0 0 0 0 0 0 0 0 0 0 0 0 0 0 0 0 0 0 0 0 0 0 0 0 0 0 0 0 0 0 0 0 0 0 0 0 0 0 0 0 0 0 0 0 0 0 0 0 0 0 0 0 0 0 0 0 0 0 0 0 0 0 0 0 0 0 0 0 0 0 0 0 0 0 0 0 0 0 0 0 0 0 0 0 0 0 0
INFO:tensorflow:segment_ids: 0 0 0 0 0 0 0 0 0 0 0 0 0 0 0 0 0 0 0 0 0 1 1 1 1 1 1 1 1 1 1 1 1 0 0 0 0 0 0 0 0 0 0 0 0 0 0 0 0 0 0 0 0 0 0 0 0 0 0 0 0 0 0 0 0 0 0 0 0 0 0 0 0 0 0 0 0 0 0 0 0 0 0 0 0 0 0 0 0 0 0 0 0 0 0 0 0 0 0 0 0 0 0 0 0 0 0 0 0 0 0 0 0 0 0 0 0 0 0 0 0 0 0 0 0 0 0 0
I1103 01:20:16.312437 47465472775232 create_pretraining_data.py:161] segment_ids: 0 0 0 0 0 0 0 0 0 0 0 0 0 0 0 0 0 0 0 0 0 1 1 1 1 1 1 1 1 1 1 1 1 0 0 0 0 0 0 0 0 0 0 0 0 0 0 0 0 0 0 0 0 0 0 0 0 0 0 0 0 0 0 0 0 0 0 0 0 0 0 0 0 0 0 0 0 0 0 0 0 0 0 0 0 0 0 0 0 0 0 0 0 0 0 0 0 0 0 0 0 0 0 0 0 0 0 0 0 0 0 0 0 0 0 0 0 0 0 0 0 0 0 0 0 0 0 0
INFO:tensorflow:masked_lm_positions: 1 14 15 16 23 0 0 0 0 0 0 0 0 0 0 0 0 0 0 0
I1103 01:20:16.312547 47465472775232 create_pretraining_data.py:161] masked_lm_positions: 1 14 15 16 23 0 0 0 0 0 0 0 0 0 0 0 0 0 0 0
INFO:tensorflow:masked_lm_ids: 6220 3191 5883 1028 20406 0 0 0 0 0 0 0 0 0 0 0 0 0 0 0
I1103 01:20:16.312643 47465472775232 create_pretraining_data.py:161] masked_lm_ids: 6220 3191 5883 1028 20406 0 0 0 0 0 0 0 0 0 0 0 0 0 0 0
INFO:tensorflow:masked_lm_weights: 1.0 1.0 1.0 1.0 1.0 0.0 0.0 0.0 0.0 0.0 0.0 0.0 0.0 0.0 0.0 0.0 0.0 0.0 0.0 0.0
I1103 01:20:16.312735 47465472775232 create_pretraining_data.py:161] masked_lm_weights: 1.0 1.0 1.0 1.0 1.0 0.0 0.0 0.0 0.0 0.0 0.0 0.0 0.0 0.0 0.0 0.0 0.0 0.0 0.0 0.0
INFO:tensorflow:next_sentence_labels: 1
I1103 01:20:16.312818 47465472775232 create_pretraining_data.py:161] next_sentence_labels: 1
INFO:tensorflow:*** Example ***
I1103 01:20:16.313419 47465472775232 create_pretraining_data.py:149] *** Example ***
INFO:tensorflow:tokens: [CLS] كنت اتمني من لجنه المنشطات ونس تحترم السري ##ه [MASK] تب ##ليغ ##ها عن о نور حسب النظام بدلا من التس ##ريب ثم [MASK] [MASK] تجاوز ##ا في بيان ##ها [MASK] للح اليوم [SEP] اليوم سيكون تغطيه مباشره بالان ##ستقرام لم ##لتقي طلاب قبيله العوا ##زم بج ##امعه الكويت للمت ##ابعه بالان ##ستقرام 77 ##7 8 [SEP]
I1103 01:20:16.313555 47465472775232 create_pretraining_data.py:151] tokens: [CLS] كنت اتمني من لجنه المنشطات ونس تحترم السري ##ه [MASK] تب ##ليغ ##ها عن о نور حسب النظام بدلا من التس ##ريب ثم [MASK] [MASK] تجاوز ##ا في بيان ##ها [MASK] للح اليوم [SEP] اليوم سيكون تغطيه مباشره بالان ##ستقرام لم ##لتقي طلاب قبيله العوا ##زم بج ##امعه الكويت للمت ##ابعه بالان ##ستقرام 77 ##7 8 [SEP]
INFO:tensorflow:input_ids: 2 2678 6228 1908 10381 29557 8290 19959 13124 1028 4 2500 19350 1913 1955 309 3772 3650 3618 6411 1908 3025 2838 2371 4 4 6443 1007 1912 4219 1913 4 2773 2217 3 2217 4557 25823 12817 8849 9386 2043 10968 6425 9182 11223 2741 2821 19872 3346 5264 4720 8849 9386 15908 1058 28 3 0 0 0 0 0 0 0 0 0 0 0 0 0 0 0 0 0 0 0 0 0 0 0 0 0 0 0 0 0 0 0 0 0 0 0 0 0 0 0 0 0 0 0 0 0 0 0 0 0 0 0 0 0 0 0 0 0 0 0 0 0 0 0 0 0 0 0 0 0 0
I1103 01:20:16.313708 47465472775232 create_pretraining_data.py:161] input_ids: 2 2678 6228 1908 10381 29557 8290 19959 13124 1028 4 2500 19350 1913 1955 309 3772 3650 3618 6411 1908 3025 2838 2371 4 4 6443 1007 1912 4219 1913 4 2773 2217 3 2217 4557 25823 12817 8849 9386 2043 10968 6425 9182 11223 2741 2821 19872 3346 5264 4720 8849 9386 15908 1058 28 3 0 0 0 0 0 0 0 0 0 0 0 0 0 0 0 0 0 0 0 0 0 0 0 0 0 0 0 0 0 0 0 0 0 0 0 0 0 0 0 0 0 0 0 0 0 0 0 0 0 0 0 0 0 0 0 0 0 0 0 0 0 0 0 0 0 0 0 0 0 0
INFO:tensorflow:input_mask: 1 1 1 1 1 1 1 1 1 1 1 1 1 1 1 1 1 1 1 1 1 1 1 1 1 1 1 1 1 1 1 1 1 1 1 1 1 1 1 1 1 1 1 1 1 1 1 1 1 1 1 1 1 1 1 1 1 1 0 0 0 0 0 0 0 0 0 0 0 0 0 0 0 0 0 0 0 0 0 0 0 0 0 0 0 0 0 0 0 0 0 0 0 0 0 0 0 0 0 0 0 0 0 0 0 0 0 0 0 0 0 0 0 0 0 0 0 0 0 0 0 0 0 0 0 0 0 0
I1103 01:20:16.313838 47465472775232 create_pretraining_data.py:161] input_mask: 1 1 1 1 1 1 1 1 1 1 1 1 1 1 1 1 1 1 1 1 1 1 1 1 1 1 1 1 1 1 1 1 1 1 1 1 1 1 1 1 1 1 1 1 1 1 1 1 1 1 1 1 1 1 1 1 1 1 0 0 0 0 0 0 0 0 0 0 0 0 0 0 0 0 0 0 0 0 0 0 0 0 0 0 0 0 0 0 0 0 0 0 0 0 0 0 0 0 0 0 0 0 0 0 0 0 0 0 0 0 0 0 0 0 0 0 0 0 0 0 0 0 0 0 0 0 0 0
INFO:tensorflow:segment_ids: 0 0 0 0 0 0 0 0 0 0 0 0 0 0 0 0 0 0 0 0 0 0 0 0 0 0 0 0 0 0 0 0 0 0 0 1 1 1 1 1 1 1 1 1 1 1 1 1 1 1 1 1 1 1 1 1 1 1 0 0 0 0 0 0 0 0 0 0 0 0 0 0 0 0 0 0 0 0 0 0 0 0 0 0 0 0 0 0 0 0 0 0 0 0 0 0 0 0 0 0 0 0 0 0 0 0 0 0 0 0 0 0 0 0 0 0 0 0 0 0 0 0 0 0 0 0 0 0
I1103 01:20:16.313982 47465472775232 create_pretraining_data.py:161] segment_ids: 0 0 0 0 0 0 0 0 0 0 0 0 0 0 0 0 0 0 0 0 0 0 0 0 0 0 0 0 0 0 0 0 0 0 0 1 1 1 1 1 1 1 1 1 1 1 1 1 1 1 1 1 1 1 1 1 1 1 0 0 0 0 0 0 0 0 0 0 0 0 0 0 0 0 0 0 0 0 0 0 0 0 0 0 0 0 0 0 0 0 0 0 0 0 0 0 0 0 0 0 0 0 0 0 0 0 0 0 0 0 0 0 0 0 0 0 0 0 0 0 0 0 0 0 0 0 0 0
INFO:tensorflow:masked_lm_positions: 4 6 10 14 15 24 25 31 32 0 0 0 0 0 0 0 0 0 0 0
I1103 01:20:16.314076 47465472775232 create_pretraining_data.py:161] masked_lm_positions: 4 6 10 14 15 24 25 31 32 0 0 0 0 0 0 0 0 0 0 0
INFO:tensorflow:masked_lm_ids: 10381 1939 1912 1955 7025 8391 1913 3429 1039 0 0 0 0 0 0 0 0 0 0 0
I1103 01:20:16.314166 47465472775232 create_pretraining_data.py:161] masked_lm_ids: 10381 1939 1912 1955 7025 8391 1913 3429 1039 0 0 0 0 0 0 0 0 0 0 0
INFO:tensorflow:masked_lm_weights: 1.0 1.0 1.0 1.0 1.0 1.0 1.0 1.0 1.0 0.0 0.0 0.0 0.0 0.0 0.0 0.0 0.0 0.0 0.0 0.0
I1103 01:20:16.314259 47465472775232 create_pretraining_data.py:161] masked_lm_weights: 1.0 1.0 1.0 1.0 1.0 1.0 1.0 1.0 1.0 0.0 0.0 0.0 0.0 0.0 0.0 0.0 0.0 0.0 0.0 0.0
INFO:tensorflow:next_sentence_labels: 1
I1103 01:20:16.314342 47465472775232 create_pretraining_data.py:161] next_sentence_labels: 1
INFO:tensorflow:*** Example ***
I1103 01:20:16.314934 47465472775232 create_pretraining_data.py:149] *** Example ***
INFO:tensorflow:tokens: [CLS] جدول دورات مركز [MASK] [MASK] للر ##بع 38 للتسجيل [MASK] 05 ##67 ##0 ##96 ##99 ##3 05 ##67 ##0 ##96 ##99 ##0 [SEP] استقال ##ه ري ##يس التعاون مع [MASK] [SEP]
I1103 01:20:16.315062 47465472775232 create_pretraining_data.py:151] tokens: [CLS] جدول دورات مركز [MASK] [MASK] للر ##بع 38 للتسجيل [MASK] 05 ##67 ##0 ##96 ##99 ##3 05 ##67 ##0 ##96 ##99 ##0 [SEP] استقال ##ه ري ##يس التعاون مع [MASK] [SEP]
INFO:tensorflow:input_ids: 2 9390 8678 3231 4 4 3647 2581 7574 7174 4 2819 7944 1071 14517 4066 1076 2819 7944 1071 14517 4066 1071 3 18462 1028 2740 2036 4209 1973 4 3 0 0 0 0 0 0 0 0 0 0 0 0 0 0 0 0 0 0 0 0 0 0 0 0 0 0 0 0 0 0 0 0 0 0 0 0 0 0 0 0 0 0 0 0 0 0 0 0 0 0 0 0 0 0 0 0 0 0 0 0 0 0 0 0 0 0 0 0 0 0 0 0 0 0 0 0 0 0 0 0 0 0 0 0 0 0 0 0 0 0 0 0 0 0 0 0
I1103 01:20:16.315200 47465472775232 create_pretraining_data.py:161] input_ids: 2 9390 8678 3231 4 4 3647 2581 7574 7174 4 2819 7944 1071 14517 4066 1076 2819 7944 1071 14517 4066 1071 3 18462 1028 2740 2036 4209 1973 4 3 0 0 0 0 0 0 0 0 0 0 0 0 0 0 0 0 0 0 0 0 0 0 0 0 0 0 0 0 0 0 0 0 0 0 0 0 0 0 0 0 0 0 0 0 0 0 0 0 0 0 0 0 0 0 0 0 0 0 0 0 0 0 0 0 0 0 0 0 0 0 0 0 0 0 0 0 0 0 0 0 0 0 0 0 0 0 0 0 0 0 0 0 0 0 0 0
INFO:tensorflow:input_mask: 1 1 1 1 1 1 1 1 1 1 1 1 1 1 1 1 1 1 1 1 1 1 1 1 1 1 1 1 1 1 1 1 0 0 0 0 0 0 0 0 0 0 0 0 0 0 0 0 0 0 0 0 0 0 0 0 0 0 0 0 0 0 0 0 0 0 0 0 0 0 0 0 0 0 0 0 0 0 0 0 0 0 0 0 0 0 0 0 0 0 0 0 0 0 0 0 0 0 0 0 0 0 0 0 0 0 0 0 0 0 0 0 0 0 0 0 0 0 0 0 0 0 0 0 0 0 0 0
I1103 01:20:16.315326 47465472775232 create_pretraining_data.py:161] input_mask: 1 1 1 1 1 1 1 1 1 1 1 1 1 1 1 1 1 1 1 1 1 1 1 1 1 1 1 1 1 1 1 1 0 0 0 0 0 0 0 0 0 0 0 0 0 0 0 0 0 0 0 0 0 0 0 0 0 0 0 0 0 0 0 0 0 0 0 0 0 0 0 0 0 0 0 0 0 0 0 0 0 0 0 0 0 0 0 0 0 0 0 0 0 0 0 0 0 0 0 0 0 0 0 0 0 0 0 0 0 0 0 0 0 0 0 0 0 0 0 0 0 0 0 0 0 0 0 0
INFO:tensorflow:segment_ids: 0 0 0 0 0 0 0 0 0 0 0 0 0 0 0 0 0 0 0 0 0 0 0 0 1 1 1 1 1 1 1 1 0 0 0 0 0 0 0 0 0 0 0 0 0 0 0 0 0 0 0 0 0 0 0 0 0 0 0 0 0 0 0 0 0 0 0 0 0 0 0 0 0 0 0 0 0 0 0 0 0 0 0 0 0 0 0 0 0 0 0 0 0 0 0 0 0 0 0 0 0 0 0 0 0 0 0 0 0 0 0 0 0 0 0 0 0 0 0 0 0 0 0 0 0 0 0 0
I1103 01:20:16.315449 47465472775232 create_pretraining_data.py:161] segment_ids: 0 0 0 0 0 0 0 0 0 0 0 0 0 0 0 0 0 0 0 0 0 0 0 0 1 1 1 1 1 1 1 1 0 0 0 0 0 0 0 0 0 0 0 0 0 0 0 0 0 0 0 0 0 0 0 0 0 0 0 0 0 0 0 0 0 0 0 0 0 0 0 0 0 0 0 0 0 0 0 0 0 0 0 0 0 0 0 0 0 0 0 0 0 0 0 0 0 0 0 0 0 0 0 0 0 0 0 0 0 0 0 0 0 0 0 0 0 0 0 0 0 0 0 0 0 0 0 0
INFO:tensorflow:masked_lm_positions: 4 5 8 10 30 0 0 0 0 0 0 0 0 0 0 0 0 0 0 0
I1103 01:20:16.315553 47465472775232 create_pretraining_data.py:161] masked_lm_positions: 4 5 8 10 30 0 0 0 0 0 0 0 0 0 0 0 0 0 0 0
INFO:tensorflow:masked_lm_ids: 3780 16444 5677 13422 17452 0 0 0 0 0 0 0 0 0 0 0 0 0 0 0
I1103 01:20:16.315662 47465472775232 create_pretraining_data.py:161] masked_lm_ids: 3780 16444 5677 13422 17452 0 0 0 0 0 0 0 0 0 0 0 0 0 0 0
INFO:tensorflow:masked_lm_weights: 1.0 1.0 1.0 1.0 1.0 0.0 0.0 0.0 0.0 0.0 0.0 0.0 0.0 0.0 0.0 0.0 0.0 0.0 0.0 0.0
I1103 01:20:16.315756 47465472775232 create_pretraining_data.py:161] masked_lm_weights: 1.0 1.0 1.0 1.0 1.0 0.0 0.0 0.0 0.0 0.0 0.0 0.0 0.0 0.0 0.0 0.0 0.0 0.0 0.0 0.0
INFO:tensorflow:next_sentence_labels: 1
I1103 01:20:16.315839 47465472775232 create_pretraining_data.py:161] next_sentence_labels: 1
INFO:tensorflow:*** Example ***
I1103 01:20:16.316433 47465472775232 create_pretraining_data.py:149] *** Example ***
INFO:tensorflow:tokens: [CLS] انت لا [MASK] [MASK] انت تكره الصوره التي كون ##تها عني وهذه الصوره ليست انا انها انت اد ##ونيس [SEP] المسلمون لو [MASK] [MASK] اسلام ##هم [MASK] بيته ##م الكبير الذي يجمع ##هم لد ##خله مليار مسلم [MASK] كل العالم اما العقل القوم ##جي فهو يثير قومي ##ات متعدد ##ه ويم ##زق [MASK] الكل [SEP]
I1103 01:20:16.316570 47465472775232 create_pretraining_data.py:151] tokens: [CLS] انت لا [MASK] [MASK] انت تكره الصوره التي كون ##تها عني وهذه الصوره ليست انا انها انت اد ##ونيس [SEP] المسلمون لو [MASK] [MASK] اسلام ##هم [MASK] بيته ##م الكبير الذي يجمع ##هم لد ##خله مليار مسلم [MASK] كل العالم اما العقل القوم ##جي فهو يثير قومي ##ات متعدد ##ه ويم ##زق [MASK] الكل [SEP]
INFO:tensorflow:input_ids: 2 2164 1963 4 4 2164 12657 7184 2061 4207 2377 4449 5968 7184 3721 2315 3550 2164 2485 10290 3 11489 2244 4 4 14214 1949 4 11541 1015 4377 2130 7713 1949 3305 9811 4905 4123 4 2038 2337 3910 6594 9268 2643 3799 13850 17619 1904 24196 1028 4622 3155 4 5812 3 0 0 0 0 0 0 0 0 0 0 0 0 0 0 0 0 0 0 0 0 0 0 0 0 0 0 0 0 0 0 0 0 0 0 0 0 0 0 0 0 0 0 0 0 0 0 0 0 0 0 0 0 0 0 0 0 0 0 0 0 0 0 0 0 0 0 0 0 0 0 0 0
I1103 01:20:16.316720 47465472775232 create_pretraining_data.py:161] input_ids: 2 2164 1963 4 4 2164 12657 7184 2061 4207 2377 4449 5968 7184 3721 2315 3550 2164 2485 10290 3 11489 2244 4 4 14214 1949 4 11541 1015 4377 2130 7713 1949 3305 9811 4905 4123 4 2038 2337 3910 6594 9268 2643 3799 13850 17619 1904 24196 1028 4622 3155 4 5812 3 0 0 0 0 0 0 0 0 0 0 0 0 0 0 0 0 0 0 0 0 0 0 0 0 0 0 0 0 0 0 0 0 0 0 0 0 0 0 0 0 0 0 0 0 0 0 0 0 0 0 0 0 0 0 0 0 0 0 0 0 0 0 0 0 0 0 0 0 0 0 0 0
INFO:tensorflow:input_mask: 1 1 1 1 1 1 1 1 1 1 1 1 1 1 1 1 1 1 1 1 1 1 1 1 1 1 1 1 1 1 1 1 1 1 1 1 1 1 1 1 1 1 1 1 1 1 1 1 1 1 1 1 1 1 1 1 0 0 0 0 0 0 0 0 0 0 0 0 0 0 0 0 0 0 0 0 0 0 0 0 0 0 0 0 0 0 0 0 0 0 0 0 0 0 0 0 0 0 0 0 0 0 0 0 0 0 0 0 0 0 0 0 0 0 0 0 0 0 0 0 0 0 0 0 0 0 0 0
I1103 01:20:16.316849 47465472775232 create_pretraining_data.py:161] input_mask: 1 1 1 1 1 1 1 1 1 1 1 1 1 1 1 1 1 1 1 1 1 1 1 1 1 1 1 1 1 1 1 1 1 1 1 1 1 1 1 1 1 1 1 1 1 1 1 1 1 1 1 1 1 1 1 1 0 0 0 0 0 0 0 0 0 0 0 0 0 0 0 0 0 0 0 0 0 0 0 0 0 0 0 0 0 0 0 0 0 0 0 0 0 0 0 0 0 0 0 0 0 0 0 0 0 0 0 0 0 0 0 0 0 0 0 0 0 0 0 0 0 0 0 0 0 0 0 0
INFO:tensorflow:segment_ids: 0 0 0 0 0 0 0 0 0 0 0 0 0 0 0 0 0 0 0 0 0 1 1 1 1 1 1 1 1 1 1 1 1 1 1 1 1 1 1 1 1 1 1 1 1 1 1 1 1 1 1 1 1 1 1 1 0 0 0 0 0 0 0 0 0 0 0 0 0 0 0 0 0 0 0 0 0 0 0 0 0 0 0 0 0 0 0 0 0 0 0 0 0 0 0 0 0 0 0 0 0 0 0 0 0 0 0 0 0 0 0 0 0 0 0 0 0 0 0 0 0 0 0 0 0 0 0 0
I1103 01:20:16.316973 47465472775232 create_pretraining_data.py:161] segment_ids: 0 0 0 0 0 0 0 0 0 0 0 0 0 0 0 0 0 0 0 0 0 1 1 1 1 1 1 1 1 1 1 1 1 1 1 1 1 1 1 1 1 1 1 1 1 1 1 1 1 1 1 1 1 1 1 1 0 0 0 0 0 0 0 0 0 0 0 0 0 0 0 0 0 0 0 0 0 0 0 0 0 0 0 0 0 0 0 0 0 0 0 0 0 0 0 0 0 0 0 0 0 0 0 0 0 0 0 0 0 0 0 0 0 0 0 0 0 0 0 0 0 0 0 0 0 0 0 0
INFO:tensorflow:masked_lm_positions: 3 4 6 23 24 27 38 53 0 0 0 0 0 0 0 0 0 0 0 0
I1103 01:20:16.317079 47465472775232 create_pretraining_data.py:161] masked_lm_positions: 3 4 6 23 24 27 38 53 0 0 0 0 0 0 0 0 0 0 0 0
INFO:tensorflow:masked_lm_ids: 12657 1974 12657 4835 1928 2139 1908 22826 0 0 0 0 0 0 0 0 0 0 0 0
I1103 01:20:16.317171 47465472775232 create_pretraining_data.py:161] masked_lm_ids: 12657 1974 12657 4835 1928 2139 1908 22826 0 0 0 0 0 0 0 0 0 0 0 0
INFO:tensorflow:masked_lm_weights: 1.0 1.0 1.0 1.0 1.0 1.0 1.0 1.0 0.0 0.0 0.0 0.0 0.0 0.0 0.0 0.0 0.0 0.0 0.0 0.0
I1103 01:20:16.317264 47465472775232 create_pretraining_data.py:161] masked_lm_weights: 1.0 1.0 1.0 1.0 1.0 1.0 1.0 1.0 0.0 0.0 0.0 0.0 0.0 0.0 0.0 0.0 0.0 0.0 0.0 0.0
INFO:tensorflow:next_sentence_labels: 1
I1103 01:20:16.317348 47465472775232 create_pretraining_data.py:161] next_sentence_labels: 1
INFO:tensorflow:*** Example ***
I1103 01:20:16.317955 47465472775232 create_pretraining_data.py:149] *** Example ***
INFO:tensorflow:tokens: [CLS] مختارات من كتاب مسؤولي ##ه الدوله في حمايه الاو ##قاف ا د عبدالعزيز الفوزان [SEP] ولايه الانبار الرمادي اقت ##حم جنود الخلافه تله [MASK] [MASK] فتم تدمير 9 مدر ##عات [MASK] 3 هم ##رات [MASK] 15 ث ##كنه هلا ##ك عشرات [MASK] [SEP]
I1103 01:20:16.318090 47465472775232 create_pretraining_data.py:151] tokens: [CLS] مختارات من كتاب مسؤولي ##ه الدوله في حمايه الاو ##قاف ا د عبدالعزيز الفوزان [SEP] ولايه الانبار الرمادي اقت ##حم جنود الخلافه تله [MASK] [MASK] فتم تدمير 9 مدر ##عات [MASK] 3 هم ##رات [MASK] 15 ث ##كنه هلا ##ك عشرات [MASK] [SEP]
INFO:tensorflow:input_ids: 2 26408 1908 3437 8153 1028 6118 1912 21072 8684 3111 387 395 4541 21755 3 12480 21330 9692 3973 1998 6181 11333 25987 4 4 23052 12813 29 5891 3024 4 23 2839 2401 4 2986 391 9477 9106 1014 8346 4 3 0 0 0 0 0 0 0 0 0 0 0 0 0 0 0 0 0 0 0 0 0 0 0 0 0 0 0 0 0 0 0 0 0 0 0 0 0 0 0 0 0 0 0 0 0 0 0 0 0 0 0 0 0 0 0 0 0 0 0 0 0 0 0 0 0 0 0 0 0 0 0 0 0 0 0 0 0 0 0 0 0 0 0 0
I1103 01:20:16.318235 47465472775232 create_pretraining_data.py:161] input_ids: 2 26408 1908 3437 8153 1028 6118 1912 21072 8684 3111 387 395 4541 21755 3 12480 21330 9692 3973 1998 6181 11333 25987 4 4 23052 12813 29 5891 3024 4 23 2839 2401 4 2986 391 9477 9106 1014 8346 4 3 0 0 0 0 0 0 0 0 0 0 0 0 0 0 0 0 0 0 0 0 0 0 0 0 0 0 0 0 0 0 0 0 0 0 0 0 0 0 0 0 0 0 0 0 0 0 0 0 0 0 0 0 0 0 0 0 0 0 0 0 0 0 0 0 0 0 0 0 0 0 0 0 0 0 0 0 0 0 0 0 0 0 0 0
INFO:tensorflow:input_mask: 1 1 1 1 1 1 1 1 1 1 1 1 1 1 1 1 1 1 1 1 1 1 1 1 1 1 1 1 1 1 1 1 1 1 1 1 1 1 1 1 1 1 1 1 0 0 0 0 0 0 0 0 0 0 0 0 0 0 0 0 0 0 0 0 0 0 0 0 0 0 0 0 0 0 0 0 0 0 0 0 0 0 0 0 0 0 0 0 0 0 0 0 0 0 0 0 0 0 0 0 0 0 0 0 0 0 0 0 0 0 0 0 0 0 0 0 0 0 0 0 0 0 0 0 0 0 0 0
I1103 01:20:16.318363 47465472775232 create_pretraining_data.py:161] input_mask: 1 1 1 1 1 1 1 1 1 1 1 1 1 1 1 1 1 1 1 1 1 1 1 1 1 1 1 1 1 1 1 1 1 1 1 1 1 1 1 1 1 1 1 1 0 0 0 0 0 0 0 0 0 0 0 0 0 0 0 0 0 0 0 0 0 0 0 0 0 0 0 0 0 0 0 0 0 0 0 0 0 0 0 0 0 0 0 0 0 0 0 0 0 0 0 0 0 0 0 0 0 0 0 0 0 0 0 0 0 0 0 0 0 0 0 0 0 0 0 0 0 0 0 0 0 0 0 0
INFO:tensorflow:segment_ids: 0 0 0 0 0 0 0 0 0 0 0 0 0 0 0 0 1 1 1 1 1 1 1 1 1 1 1 1 1 1 1 1 1 1 1 1 1 1 1 1 1 1 1 1 0 0 0 0 0 0 0 0 0 0 0 0 0 0 0 0 0 0 0 0 0 0 0 0 0 0 0 0 0 0 0 0 0 0 0 0 0 0 0 0 0 0 0 0 0 0 0 0 0 0 0 0 0 0 0 0 0 0 0 0 0 0 0 0 0 0 0 0 0 0 0 0 0 0 0 0 0 0 0 0 0 0 0 0
I1103 01:20:16.318488 47465472775232 create_pretraining_data.py:161] segment_ids: 0 0 0 0 0 0 0 0 0 0 0 0 0 0 0 0 1 1 1 1 1 1 1 1 1 1 1 1 1 1 1 1 1 1 1 1 1 1 1 1 1 1 1 1 0 0 0 0 0 0 0 0 0 0 0 0 0 0 0 0 0 0 0 0 0 0 0 0 0 0 0 0 0 0 0 0 0 0 0 0 0 0 0 0 0 0 0 0 0 0 0 0 0 0 0 0 0 0 0 0 0 0 0 0 0 0 0 0 0 0 0 0 0 0 0 0 0 0 0 0 0 0 0 0 0 0 0 0
INFO:tensorflow:masked_lm_positions: 1 24 25 31 35 36 42 0 0 0 0 0 0 0 0 0 0 0 0 0
I1103 01:20:16.318582 47465472775232 create_pretraining_data.py:161] masked_lm_positions: 1 24 25 31 35 36 42 0 0 0 0 0 0 0 0 0 0 0 0 0
INFO:tensorflow:masked_lm_ids: 26408 20284 2146 12813 14402 2986 19992 0 0 0 0 0 0 0 0 0 0 0 0 0
I1103 01:20:16.318693 47465472775232 create_pretraining_data.py:161] masked_lm_ids: 26408 20284 2146 12813 14402 2986 19992 0 0 0 0 0 0 0 0 0 0 0 0 0
INFO:tensorflow:masked_lm_weights: 1.0 1.0 1.0 1.0 1.0 1.0 1.0 0.0 0.0 0.0 0.0 0.0 0.0 0.0 0.0 0.0 0.0 0.0 0.0 0.0
I1103 01:20:16.318787 47465472775232 create_pretraining_data.py:161] masked_lm_weights: 1.0 1.0 1.0 1.0 1.0 1.0 1.0 0.0 0.0 0.0 0.0 0.0 0.0 0.0 0.0 0.0 0.0 0.0 0.0 0.0
INFO:tensorflow:next_sentence_labels: 1
I1103 01:20:16.318870 47465472775232 create_pretraining_data.py:161] next_sentence_labels: 1
INFO:tensorflow:*** Example ***
I1103 01:20:16.319465 47465472775232 create_pretraining_data.py:149] *** Example ***
INFO:tensorflow:tokens: [CLS] الخطيب الذي يذكر المصلين بنعم ##ه الامن والحر ##ب [MASK] [MASK] في فلسطين و سوريا و العراق و اليمن نسي ان المسلمين امه واحده وارض [MASK] واحده [MASK] خريطة واحد [SEP] خله ##ا تبر ##ق وتر ##عد علي روس الجبال ولع ##ي يان ##ار في راس الخميني ولع ##ي [MASK] وطنا ##خه اسود سلمان [SEP]
I1103 01:20:16.319599 47465472775232 create_pretraining_data.py:151] tokens: [CLS] الخطيب الذي يذكر المصلين بنعم ##ه الامن والحر ##ب [MASK] [MASK] في فلسطين و سوريا و العراق و اليمن نسي ان المسلمين امه واحده وارض [MASK] واحده [MASK] خريطة واحد [SEP] خله ##ا تبر ##ق وتر ##عد علي روس الجبال ولع ##ي يان ##ار في راس الخميني ولع ##ي [MASK] وطنا ##خه اسود سلمان [SEP]
INFO:tensorflow:input_ids: 2 13093 2130 4853 21255 19563 1028 4334 11864 1045 4 4 1912 4054 415 3379 415 2906 415 3432 4596 1939 3524 6798 5861 27492 4 5861 4 17108 2563 3 21636 1007 7996 1011 7247 1969 1958 4149 12097 7139 1013 8585 1909 1912 4528 25008 7139 1013 4 24307 6530 10149 3856 3 0 0 0 0 0 0 0 0 0 0 0 0 0 0 0 0 0 0 0 0 0 0 0 0 0 0 0 0 0 0 0 0 0 0 0 0 0 0 0 0 0 0 0 0 0 0 0 0 0 0 0 0 0 0 0 0 0 0 0 0 0 0 0 0 0 0 0 0 0 0 0 0
I1103 01:20:16.319748 47465472775232 create_pretraining_data.py:161] input_ids: 2 13093 2130 4853 21255 19563 1028 4334 11864 1045 4 4 1912 4054 415 3379 415 2906 415 3432 4596 1939 3524 6798 5861 27492 4 5861 4 17108 2563 3 21636 1007 7996 1011 7247 1969 1958 4149 12097 7139 1013 8585 1909 1912 4528 25008 7139 1013 4 24307 6530 10149 3856 3 0 0 0 0 0 0 0 0 0 0 0 0 0 0 0 0 0 0 0 0 0 0 0 0 0 0 0 0 0 0 0 0 0 0 0 0 0 0 0 0 0 0 0 0 0 0 0 0 0 0 0 0 0 0 0 0 0 0 0 0 0 0 0 0 0 0 0 0 0 0 0 0
INFO:tensorflow:input_mask: 1 1 1 1 1 1 1 1 1 1 1 1 1 1 1 1 1 1 1 1 1 1 1 1 1 1 1 1 1 1 1 1 1 1 1 1 1 1 1 1 1 1 1 1 1 1 1 1 1 1 1 1 1 1 1 1 0 0 0 0 0 0 0 0 0 0 0 0 0 0 0 0 0 0 0 0 0 0 0 0 0 0 0 0 0 0 0 0 0 0 0 0 0 0 0 0 0 0 0 0 0 0 0 0 0 0 0 0 0 0 0 0 0 0 0 0 0 0 0 0 0 0 0 0 0 0 0 0
I1103 01:20:16.319879 47465472775232 create_pretraining_data.py:161] input_mask: 1 1 1 1 1 1 1 1 1 1 1 1 1 1 1 1 1 1 1 1 1 1 1 1 1 1 1 1 1 1 1 1 1 1 1 1 1 1 1 1 1 1 1 1 1 1 1 1 1 1 1 1 1 1 1 1 0 0 0 0 0 0 0 0 0 0 0 0 0 0 0 0 0 0 0 0 0 0 0 0 0 0 0 0 0 0 0 0 0 0 0 0 0 0 0 0 0 0 0 0 0 0 0 0 0 0 0 0 0 0 0 0 0 0 0 0 0 0 0 0 0 0 0 0 0 0 0 0
INFO:tensorflow:segment_ids: 0 0 0 0 0 0 0 0 0 0 0 0 0 0 0 0 0 0 0 0 0 0 0 0 0 0 0 0 0 0 0 0 1 1 1 1 1 1 1 1 1 1 1 1 1 1 1 1 1 1 1 1 1 1 1 1 0 0 0 0 0 0 0 0 0 0 0 0 0 0 0 0 0 0 0 0 0 0 0 0 0 0 0 0 0 0 0 0 0 0 0 0 0 0 0 0 0 0 0 0 0 0 0 0 0 0 0 0 0 0 0 0 0 0 0 0 0 0 0 0 0 0 0 0 0 0 0 0
I1103 01:20:16.320002 47465472775232 create_pretraining_data.py:161] segment_ids: 0 0 0 0 0 0 0 0 0 0 0 0 0 0 0 0 0 0 0 0 0 0 0 0 0 0 0 0 0 0 0 0 1 1 1 1 1 1 1 1 1 1 1 1 1 1 1 1 1 1 1 1 1 1 1 1 0 0 0 0 0 0 0 0 0 0 0 0 0 0 0 0 0 0 0 0 0 0 0 0 0 0 0 0 0 0 0 0 0 0 0 0 0 0 0 0 0 0 0 0 0 0 0 0 0 0 0 0 0 0 0 0 0 0 0 0 0 0 0 0 0 0 0 0 0 0 0 0
INFO:tensorflow:masked_lm_positions: 10 11 18 25 26 28 29 50 0 0 0 0 0 0 0 0 0 0 0 0
I1103 01:20:16.320107 47465472775232 create_pretraining_data.py:161] masked_lm_positions: 10 11 18 25 26 28 29 50 0 0 0 0 0 0 0 0 0 0 0 0
INFO:tensorflow:masked_lm_ids: 11485 1015 415 27492 1949 15811 1949 5079 0 0 0 0 0 0 0 0 0 0 0 0
I1103 01:20:16.320199 47465472775232 create_pretraining_data.py:161] masked_lm_ids: 11485 1015 415 27492 1949 15811 1949 5079 0 0 0 0 0 0 0 0 0 0 0 0
INFO:tensorflow:masked_lm_weights: 1.0 1.0 1.0 1.0 1.0 1.0 1.0 1.0 0.0 0.0 0.0 0.0 0.0 0.0 0.0 0.0 0.0 0.0 0.0 0.0
I1103 01:20:16.320290 47465472775232 create_pretraining_data.py:161] masked_lm_weights: 1.0 1.0 1.0 1.0 1.0 1.0 1.0 1.0 0.0 0.0 0.0 0.0 0.0 0.0 0.0 0.0 0.0 0.0 0.0 0.0
INFO:tensorflow:next_sentence_labels: 1
I1103 01:20:16.320373 47465472775232 create_pretraining_data.py:161] next_sentence_labels: 1
INFO:tensorflow:*** Example ***
I1103 01:20:16.320961 47465472775232 create_pretraining_data.py:149] *** Example ***
INFO:tensorflow:tokens: [CLS] روعه سلمت الاي ##ادي [SEP] واكت ##شفت ان كرام ##تي [MASK] [MASK] [MASK] ممكن احط تحتها اي حد خلقه ربنا [SEP]
I1103 01:20:16.321084 47465472775232 create_pretraining_data.py:151] tokens: [CLS] روعه سلمت الاي ##ادي [SEP] واكت ##شفت ان كرام ##تي [MASK] [MASK] [MASK] ممكن احط تحتها اي حد خلقه ربنا [SEP]
INFO:tensorflow:input_ids: 2 11573 21991 9727 2501 3 13123 6017 1939 8635 2005 4 4 4 4050 29420 26216 2218 2470 5987 4477 3 0 0 0 0 0 0 0 0 0 0 0 0 0 0 0 0 0 0 0 0 0 0 0 0 0 0 0 0 0 0 0 0 0 0 0 0 0 0 0 0 0 0 0 0 0 0 0 0 0 0 0 0 0 0 0 0 0 0 0 0 0 0 0 0 0 0 0 0 0 0 0 0 0 0 0 0 0 0 0 0 0 0 0 0 0 0 0 0 0 0 0 0 0 0 0 0 0 0 0 0 0 0 0 0 0 0
I1103 01:20:16.321225 47465472775232 create_pretraining_data.py:161] input_ids: 2 11573 21991 9727 2501 3 13123 6017 1939 8635 2005 4 4 4 4050 29420 26216 2218 2470 5987 4477 3 0 0 0 0 0 0 0 0 0 0 0 0 0 0 0 0 0 0 0 0 0 0 0 0 0 0 0 0 0 0 0 0 0 0 0 0 0 0 0 0 0 0 0 0 0 0 0 0 0 0 0 0 0 0 0 0 0 0 0 0 0 0 0 0 0 0 0 0 0 0 0 0 0 0 0 0 0 0 0 0 0 0 0 0 0 0 0 0 0 0 0 0 0 0 0 0 0 0 0 0 0 0 0 0 0 0
INFO:tensorflow:input_mask: 1 1 1 1 1 1 1 1 1 1 1 1 1 1 1 1 1 1 1 1 1 1 0 0 0 0 0 0 0 0 0 0 0 0 0 0 0 0 0 0 0 0 0 0 0 0 0 0 0 0 0 0 0 0 0 0 0 0 0 0 0 0 0 0 0 0 0 0 0 0 0 0 0 0 0 0 0 0 0 0 0 0 0 0 0 0 0 0 0 0 0 0 0 0 0 0 0 0 0 0 0 0 0 0 0 0 0 0 0 0 0 0 0 0 0 0 0 0 0 0 0 0 0 0 0 0 0 0
I1103 01:20:16.321354 47465472775232 create_pretraining_data.py:161] input_mask: 1 1 1 1 1 1 1 1 1 1 1 1 1 1 1 1 1 1 1 1 1 1 0 0 0 0 0 0 0 0 0 0 0 0 0 0 0 0 0 0 0 0 0 0 0 0 0 0 0 0 0 0 0 0 0 0 0 0 0 0 0 0 0 0 0 0 0 0 0 0 0 0 0 0 0 0 0 0 0 0 0 0 0 0 0 0 0 0 0 0 0 0 0 0 0 0 0 0 0 0 0 0 0 0 0 0 0 0 0 0 0 0 0 0 0 0 0 0 0 0 0 0 0 0 0 0 0 0
INFO:tensorflow:segment_ids: 0 0 0 0 0 0 1 1 1 1 1 1 1 1 1 1 1 1 1 1 1 1 0 0 0 0 0 0 0 0 0 0 0 0 0 0 0 0 0 0 0 0 0 0 0 0 0 0 0 0 0 0 0 0 0 0 0 0 0 0 0 0 0 0 0 0 0 0 0 0 0 0 0 0 0 0 0 0 0 0 0 0 0 0 0 0 0 0 0 0 0 0 0 0 0 0 0 0 0 0 0 0 0 0 0 0 0 0 0 0 0 0 0 0 0 0 0 0 0 0 0 0 0 0 0 0 0 0
I1103 01:20:16.321479 47465472775232 create_pretraining_data.py:161] segment_ids: 0 0 0 0 0 0 1 1 1 1 1 1 1 1 1 1 1 1 1 1 1 1 0 0 0 0 0 0 0 0 0 0 0 0 0 0 0 0 0 0 0 0 0 0 0 0 0 0 0 0 0 0 0 0 0 0 0 0 0 0 0 0 0 0 0 0 0 0 0 0 0 0 0 0 0 0 0 0 0 0 0 0 0 0 0 0 0 0 0 0 0 0 0 0 0 0 0 0 0 0 0 0 0 0 0 0 0 0 0 0 0 0 0 0 0 0 0 0 0 0 0 0 0 0 0 0 0 0
INFO:tensorflow:masked_lm_positions: 11 12 13 0 0 0 0 0 0 0 0 0 0 0 0 0 0 0 0 0
I1103 01:20:16.321570 47465472775232 create_pretraining_data.py:161] masked_lm_positions: 11 12 13 0 0 0 0 0 0 0 0 0 0 0 0 0 0 0 0 0
INFO:tensorflow:masked_lm_ids: 20129 3205 2152 0 0 0 0 0 0 0 0 0 0 0 0 0 0 0 0 0
I1103 01:20:16.321666 47465472775232 create_pretraining_data.py:161] masked_lm_ids: 20129 3205 2152 0 0 0 0 0 0 0 0 0 0 0 0 0 0 0 0 0
INFO:tensorflow:masked_lm_weights: 1.0 1.0 1.0 0.0 0.0 0.0 0.0 0.0 0.0 0.0 0.0 0.0 0.0 0.0 0.0 0.0 0.0 0.0 0.0 0.0
I1103 01:20:16.321760 47465472775232 create_pretraining_data.py:161] masked_lm_weights: 1.0 1.0 1.0 0.0 0.0 0.0 0.0 0.0 0.0 0.0 0.0 0.0 0.0 0.0 0.0 0.0 0.0 0.0 0.0 0.0
INFO:tensorflow:next_sentence_labels: 1
I1103 01:20:16.321857 47465472775232 create_pretraining_data.py:161] next_sentence_labels: 1
INFO:tensorflow:*** Example ***
I1103 01:20:16.322432 47465472775232 create_pretraining_data.py:149] *** Example ***
INFO:tensorflow:tokens: [CLS] ليت القلوب تس ##ج لا [MASK] البراد و لجنة بعض الاشياء تست ##ريح الذاكره [SEP] حساب [MASK] الملابس التركيه فاذا 055 ##68 ##0 ##78 ##94 [SEP]
I1103 01:20:16.322554 47465472775232 create_pretraining_data.py:151] tokens: [CLS] ليت القلوب تس ##ج لا [MASK] البراد و لجنة بعض الاشياء تست ##ريح الذاكره [SEP] حساب [MASK] الملابس التركيه فاذا 055 ##68 ##0 ##78 ##94 [SEP]
INFO:tensorflow:input_ids: 2 4134 4408 2304 1041 1963 4 23140 415 4529 2346 6011 2558 3791 17031 3 3144 4 10051 19195 10608 5513 7624 1071 10539 11888 3 0 0 0 0 0 0 0 0 0 0 0 0 0 0 0 0 0 0 0 0 0 0 0 0 0 0 0 0 0 0 0 0 0 0 0 0 0 0 0 0 0 0 0 0 0 0 0 0 0 0 0 0 0 0 0 0 0 0 0 0 0 0 0 0 0 0 0 0 0 0 0 0 0 0 0 0 0 0 0 0 0 0 0 0 0 0 0 0 0 0 0 0 0 0 0 0 0 0 0 0 0
I1103 01:20:16.322700 47465472775232 create_pretraining_data.py:161] input_ids: 2 4134 4408 2304 1041 1963 4 23140 415 4529 2346 6011 2558 3791 17031 3 3144 4 10051 19195 10608 5513 7624 1071 10539 11888 3 0 0 0 0 0 0 0 0 0 0 0 0 0 0 0 0 0 0 0 0 0 0 0 0 0 0 0 0 0 0 0 0 0 0 0 0 0 0 0 0 0 0 0 0 0 0 0 0 0 0 0 0 0 0 0 0 0 0 0 0 0 0 0 0 0 0 0 0 0 0 0 0 0 0 0 0 0 0 0 0 0 0 0 0 0 0 0 0 0 0 0 0 0 0 0 0 0 0 0 0 0
INFO:tensorflow:input_mask: 1 1 1 1 1 1 1 1 1 1 1 1 1 1 1 1 1 1 1 1 1 1 1 1 1 1 1 0 0 0 0 0 0 0 0 0 0 0 0 0 0 0 0 0 0 0 0 0 0 0 0 0 0 0 0 0 0 0 0 0 0 0 0 0 0 0 0 0 0 0 0 0 0 0 0 0 0 0 0 0 0 0 0 0 0 0 0 0 0 0 0 0 0 0 0 0 0 0 0 0 0 0 0 0 0 0 0 0 0 0 0 0 0 0 0 0 0 0 0 0 0 0 0 0 0 0 0 0
I1103 01:20:16.322831 47465472775232 create_pretraining_data.py:161] input_mask: 1 1 1 1 1 1 1 1 1 1 1 1 1 1 1 1 1 1 1 1 1 1 1 1 1 1 1 0 0 0 0 0 0 0 0 0 0 0 0 0 0 0 0 0 0 0 0 0 0 0 0 0 0 0 0 0 0 0 0 0 0 0 0 0 0 0 0 0 0 0 0 0 0 0 0 0 0 0 0 0 0 0 0 0 0 0 0 0 0 0 0 0 0 0 0 0 0 0 0 0 0 0 0 0 0 0 0 0 0 0 0 0 0 0 0 0 0 0 0 0 0 0 0 0 0 0 0 0
INFO:tensorflow:segment_ids: 0 0 0 0 0 0 0 0 0 0 0 0 0 0 0 0 1 1 1 1 1 1 1 1 1 1 1 0 0 0 0 0 0 0 0 0 0 0 0 0 0 0 0 0 0 0 0 0 0 0 0 0 0 0 0 0 0 0 0 0 0 0 0 0 0 0 0 0 0 0 0 0 0 0 0 0 0 0 0 0 0 0 0 0 0 0 0 0 0 0 0 0 0 0 0 0 0 0 0 0 0 0 0 0 0 0 0 0 0 0 0 0 0 0 0 0 0 0 0 0 0 0 0 0 0 0 0 0
I1103 01:20:16.322955 47465472775232 create_pretraining_data.py:161] segment_ids: 0 0 0 0 0 0 0 0 0 0 0 0 0 0 0 0 1 1 1 1 1 1 1 1 1 1 1 0 0 0 0 0 0 0 0 0 0 0 0 0 0 0 0 0 0 0 0 0 0 0 0 0 0 0 0 0 0 0 0 0 0 0 0 0 0 0 0 0 0 0 0 0 0 0 0 0 0 0 0 0 0 0 0 0 0 0 0 0 0 0 0 0 0 0 0 0 0 0 0 0 0 0 0 0 0 0 0 0 0 0 0 0 0 0 0 0 0 0 0 0 0 0 0 0 0 0 0 0
INFO:tensorflow:masked_lm_positions: 6 9 17 20 0 0 0 0 0 0 0 0 0 0 0 0 0 0 0 0
I1103 01:20:16.323048 47465472775232 create_pretraining_data.py:161] masked_lm_positions: 6 9 17 20 0 0 0 0 0 0 0 0 0 0 0 0 0 0 0 0
INFO:tensorflow:masked_lm_ids: 7928 1908 18206 6023 0 0 0 0 0 0 0 0 0 0 0 0 0 0 0 0
I1103 01:20:16.323137 47465472775232 create_pretraining_data.py:161] masked_lm_ids: 7928 1908 18206 6023 0 0 0 0 0 0 0 0 0 0 0 0 0 0 0 0
INFO:tensorflow:masked_lm_weights: 1.0 1.0 1.0 1.0 0.0 0.0 0.0 0.0 0.0 0.0 0.0 0.0 0.0 0.0 0.0 0.0 0.0 0.0 0.0 0.0
I1103 01:20:16.323229 47465472775232 create_pretraining_data.py:161] masked_lm_weights: 1.0 1.0 1.0 1.0 0.0 0.0 0.0 0.0 0.0 0.0 0.0 0.0 0.0 0.0 0.0 0.0 0.0 0.0 0.0 0.0
INFO:tensorflow:next_sentence_labels: 1
I1103 01:20:16.323311 47465472775232 create_pretraining_data.py:161] next_sentence_labels: 1
INFO:tensorflow:Wrote 9999700 total instances
I1103 02:28:40.303090 47465472775232 create_pretraining_data.py:166] Wrote 9999700 total instances
