Loading module 'all'
WARNING:tensorflow:From ../bert/create_pretraining_data.py:469: The name tf.app.run is deprecated. Please use tf.compat.v1.app.run instead.

WARNING:tensorflow:From ../bert/create_pretraining_data.py:437: The name tf.logging.set_verbosity is deprecated. Please use tf.compat.v1.logging.set_verbosity instead.

W1103 00:38:53.662090 47590167405632 module_wrapper.py:139] From ../bert/create_pretraining_data.py:437: The name tf.logging.set_verbosity is deprecated. Please use tf.compat.v1.logging.set_verbosity instead.

WARNING:tensorflow:From ../bert/create_pretraining_data.py:437: The name tf.logging.INFO is deprecated. Please use tf.compat.v1.logging.INFO instead.

W1103 00:38:53.662317 47590167405632 module_wrapper.py:139] From ../bert/create_pretraining_data.py:437: The name tf.logging.INFO is deprecated. Please use tf.compat.v1.logging.INFO instead.

WARNING:tensorflow:From /scratch/gi372/CAMeLBERT/bert/tokenization.py:125: The name tf.gfile.GFile is deprecated. Please use tf.io.gfile.GFile instead.

W1103 00:38:53.662509 47590167405632 module_wrapper.py:139] From /scratch/gi372/CAMeLBERT/bert/tokenization.py:125: The name tf.gfile.GFile is deprecated. Please use tf.io.gfile.GFile instead.

WARNING:tensorflow:From ../bert/create_pretraining_data.py:444: The name tf.gfile.Glob is deprecated. Please use tf.io.gfile.glob instead.

W1103 00:38:53.764580 47590167405632 module_wrapper.py:139] From ../bert/create_pretraining_data.py:444: The name tf.gfile.Glob is deprecated. Please use tf.io.gfile.glob instead.

WARNING:tensorflow:From ../bert/create_pretraining_data.py:446: The name tf.logging.info is deprecated. Please use tf.compat.v1.logging.info instead.

W1103 00:38:53.767697 47590167405632 module_wrapper.py:139] From ../bert/create_pretraining_data.py:446: The name tf.logging.info is deprecated. Please use tf.compat.v1.logging.info instead.

INFO:tensorflow:*** Reading from input files ***
I1103 00:38:53.767884 47590167405632 create_pretraining_data.py:446] *** Reading from input files ***
INFO:tensorflow:  ../corpora/shards/DA-ali2019-500m-tweet.bw.ar.lines.shard.011.normalized.sents
I1103 00:38:53.767983 47590167405632 create_pretraining_data.py:448]   ../corpora/shards/DA-ali2019-500m-tweet.bw.ar.lines.shard.011.normalized.sents
INFO:tensorflow:*** Writing to output files ***
I1103 01:19:48.868348 47590167405632 create_pretraining_data.py:457] *** Writing to output files ***
INFO:tensorflow:  ../corpora/tfrecord_wp-30k_msl-128/DA-ali2019-500m-tweet.bw.ar.lines.shard.011.tf_record
I1103 01:19:48.888043 47590167405632 create_pretraining_data.py:459]   ../corpora/tfrecord_wp-30k_msl-128/DA-ali2019-500m-tweet.bw.ar.lines.shard.011.tf_record
WARNING:tensorflow:From ../bert/create_pretraining_data.py:101: The name tf.python_io.TFRecordWriter is deprecated. Please use tf.io.TFRecordWriter instead.

W1103 01:19:48.900837 47590167405632 module_wrapper.py:139] From ../bert/create_pretraining_data.py:101: The name tf.python_io.TFRecordWriter is deprecated. Please use tf.io.TFRecordWriter instead.

INFO:tensorflow:*** Example ***
I1103 01:19:49.192968 47590167405632 create_pretraining_data.py:149] *** Example ***
INFO:tensorflow:tokens: [CLS] 055 ##30 ##21 ##16 شركه [MASK] بالرياض تنظيف شقق تنظيف خزانات تنظيف مجالس مكافحه [MASK] شف ##ط بيار ##ات [SEP] رسم ##ت علي شفت ##يك [MASK] [MASK] ##رع الصراع في عيني دمعه اعد ##ت اليك ثقتك [MASK] فا ##هد ##يت ##ني ازمه ثقه بمن حولي زرع ##ت فيك الحلم [MASK] فت ##ركت ##ني ات ##الم واع ##اني [SEP]
I1103 01:19:49.197935 47590167405632 create_pretraining_data.py:151] tokens: [CLS] 055 ##30 ##21 ##16 شركه [MASK] بالرياض تنظيف شقق تنظيف خزانات تنظيف مجالس مكافحه [MASK] شف ##ط بيار ##ات [SEP] رسم ##ت علي شفت ##يك [MASK] [MASK] ##رع الصراع في عيني دمعه اعد ##ت اليك ثقتك [MASK] فا ##هد ##يت ##ني ازمه ثقه بمن حولي زرع ##ت فيك الحلم [MASK] فت ##ركت ##ني ات ##الم واع ##اني [SEP]
INFO:tensorflow:input_ids: 2 5513 4931 9113 7086 6601 4 4284 4666 7066 4666 10557 4666 8557 17312 4 5660 1040 12785 1904 3 4315 1005 1958 6267 2434 4 4 4178 9495 1912 4606 15760 4583 1005 4230 28034 4 3031 2146 2034 1974 23916 12532 4201 12893 8734 1005 4017 10036 4 2572 13782 1974 2253 2100 4780 2022 3 0 0 0 0 0 0 0 0 0 0 0 0 0 0 0 0 0 0 0 0 0 0 0 0 0 0 0 0 0 0 0 0 0 0 0 0 0 0 0 0 0 0 0 0 0 0 0 0 0 0 0 0 0 0 0 0 0 0 0 0 0 0 0 0 0 0 0 0 0
I1103 01:19:49.199268 47590167405632 create_pretraining_data.py:161] input_ids: 2 5513 4931 9113 7086 6601 4 4284 4666 7066 4666 10557 4666 8557 17312 4 5660 1040 12785 1904 3 4315 1005 1958 6267 2434 4 4 4178 9495 1912 4606 15760 4583 1005 4230 28034 4 3031 2146 2034 1974 23916 12532 4201 12893 8734 1005 4017 10036 4 2572 13782 1974 2253 2100 4780 2022 3 0 0 0 0 0 0 0 0 0 0 0 0 0 0 0 0 0 0 0 0 0 0 0 0 0 0 0 0 0 0 0 0 0 0 0 0 0 0 0 0 0 0 0 0 0 0 0 0 0 0 0 0 0 0 0 0 0 0 0 0 0 0 0 0 0 0 0 0 0
INFO:tensorflow:input_mask: 1 1 1 1 1 1 1 1 1 1 1 1 1 1 1 1 1 1 1 1 1 1 1 1 1 1 1 1 1 1 1 1 1 1 1 1 1 1 1 1 1 1 1 1 1 1 1 1 1 1 1 1 1 1 1 1 1 1 1 0 0 0 0 0 0 0 0 0 0 0 0 0 0 0 0 0 0 0 0 0 0 0 0 0 0 0 0 0 0 0 0 0 0 0 0 0 0 0 0 0 0 0 0 0 0 0 0 0 0 0 0 0 0 0 0 0 0 0 0 0 0 0 0 0 0 0 0 0
I1103 01:19:49.199502 47590167405632 create_pretraining_data.py:161] input_mask: 1 1 1 1 1 1 1 1 1 1 1 1 1 1 1 1 1 1 1 1 1 1 1 1 1 1 1 1 1 1 1 1 1 1 1 1 1 1 1 1 1 1 1 1 1 1 1 1 1 1 1 1 1 1 1 1 1 1 1 0 0 0 0 0 0 0 0 0 0 0 0 0 0 0 0 0 0 0 0 0 0 0 0 0 0 0 0 0 0 0 0 0 0 0 0 0 0 0 0 0 0 0 0 0 0 0 0 0 0 0 0 0 0 0 0 0 0 0 0 0 0 0 0 0 0 0 0 0
INFO:tensorflow:segment_ids: 0 0 0 0 0 0 0 0 0 0 0 0 0 0 0 0 0 0 0 0 0 1 1 1 1 1 1 1 1 1 1 1 1 1 1 1 1 1 1 1 1 1 1 1 1 1 1 1 1 1 1 1 1 1 1 1 1 1 1 0 0 0 0 0 0 0 0 0 0 0 0 0 0 0 0 0 0 0 0 0 0 0 0 0 0 0 0 0 0 0 0 0 0 0 0 0 0 0 0 0 0 0 0 0 0 0 0 0 0 0 0 0 0 0 0 0 0 0 0 0 0 0 0 0 0 0 0 0
I1103 01:19:49.199708 47590167405632 create_pretraining_data.py:161] segment_ids: 0 0 0 0 0 0 0 0 0 0 0 0 0 0 0 0 0 0 0 0 0 1 1 1 1 1 1 1 1 1 1 1 1 1 1 1 1 1 1 1 1 1 1 1 1 1 1 1 1 1 1 1 1 1 1 1 1 1 1 0 0 0 0 0 0 0 0 0 0 0 0 0 0 0 0 0 0 0 0 0 0 0 0 0 0 0 0 0 0 0 0 0 0 0 0 0 0 0 0 0 0 0 0 0 0 0 0 0 0 0 0 0 0 0 0 0 0 0 0 0 0 0 0 0 0 0 0 0
INFO:tensorflow:masked_lm_positions: 6 15 26 27 28 29 32 37 50 0 0 0 0 0 0 0 0 0 0 0
I1103 01:19:49.199860 47590167405632 create_pretraining_data.py:161] masked_lm_positions: 6 15 26 27 28 29 32 37 50 0 0 0 0 0 0 0 0 0 0 0
INFO:tensorflow:masked_lm_ids: 4666 11529 19255 11519 4178 1005 15760 6177 27736 0 0 0 0 0 0 0 0 0 0 0
I1103 01:19:49.200008 47590167405632 create_pretraining_data.py:161] masked_lm_ids: 4666 11529 19255 11519 4178 1005 15760 6177 27736 0 0 0 0 0 0 0 0 0 0 0
INFO:tensorflow:masked_lm_weights: 1.0 1.0 1.0 1.0 1.0 1.0 1.0 1.0 1.0 0.0 0.0 0.0 0.0 0.0 0.0 0.0 0.0 0.0 0.0 0.0
I1103 01:19:49.201392 47590167405632 create_pretraining_data.py:161] masked_lm_weights: 1.0 1.0 1.0 1.0 1.0 1.0 1.0 1.0 1.0 0.0 0.0 0.0 0.0 0.0 0.0 0.0 0.0 0.0 0.0 0.0
INFO:tensorflow:next_sentence_labels: 1
I1103 01:19:49.201558 47590167405632 create_pretraining_data.py:161] next_sentence_labels: 1
INFO:tensorflow:*** Example ***
I1103 01:19:49.202694 47590167405632 create_pretraining_data.py:149] *** Example ***
INFO:tensorflow:tokens: [CLS] توا ##رث [MASK] قريش [MASK] [MASK] و مارس ##وا التقلي ##د و الغ ##صب العق ##ائد ##ي بينما اعمل السلف الصالح [MASK] [MASK] الدنيا عقول ##هم فت ##رك ##وا دين الاباء [MASK] اعت ##نق ##وا الاسلام [SEP] عبدالله [MASK] عبدالعزيز اليوم [MASK] الموافق ه رحم الله ملكا اسعد شعب ##ا وكانت وص ##يته لاتنس ##وني من دعائكم [SEP]
I1103 01:19:49.202940 47590167405632 create_pretraining_data.py:151] tokens: [CLS] توا ##رث [MASK] قريش [MASK] [MASK] و مارس ##وا التقلي ##د و الغ ##صب العق ##ائد ##ي بينما اعمل السلف الصالح [MASK] [MASK] الدنيا عقول ##هم فت ##رك ##وا دين الاباء [MASK] اعت ##نق ##وا الاسلام [SEP] عبدالله [MASK] عبدالعزيز اليوم [MASK] الموافق ه رحم الله ملكا اسعد شعب ##ا وكانت وص ##يته لاتنس ##وني من دعائكم [SEP]
INFO:tensorflow:input_ids: 2 3769 23281 4 14898 4 4 415 4887 1928 8622 1016 415 2173 3542 3056 3845 1013 4526 11352 7692 6600 4 4 2859 15031 1949 2572 1985 1928 3365 29379 4 2616 9189 1928 4339 3 3299 4 4541 2217 4 9313 414 3072 1953 19000 5926 3972 1007 4388 2417 3710 18282 2399 1908 23969 3 0 0 0 0 0 0 0 0 0 0 0 0 0 0 0 0 0 0 0 0 0 0 0 0 0 0 0 0 0 0 0 0 0 0 0 0 0 0 0 0 0 0 0 0 0 0 0 0 0 0 0 0 0 0 0 0 0 0 0 0 0 0 0 0 0 0 0 0 0
I1103 01:19:49.203213 47590167405632 create_pretraining_data.py:161] input_ids: 2 3769 23281 4 14898 4 4 415 4887 1928 8622 1016 415 2173 3542 3056 3845 1013 4526 11352 7692 6600 4 4 2859 15031 1949 2572 1985 1928 3365 29379 4 2616 9189 1928 4339 3 3299 4 4541 2217 4 9313 414 3072 1953 19000 5926 3972 1007 4388 2417 3710 18282 2399 1908 23969 3 0 0 0 0 0 0 0 0 0 0 0 0 0 0 0 0 0 0 0 0 0 0 0 0 0 0 0 0 0 0 0 0 0 0 0 0 0 0 0 0 0 0 0 0 0 0 0 0 0 0 0 0 0 0 0 0 0 0 0 0 0 0 0 0 0 0 0 0 0
INFO:tensorflow:input_mask: 1 1 1 1 1 1 1 1 1 1 1 1 1 1 1 1 1 1 1 1 1 1 1 1 1 1 1 1 1 1 1 1 1 1 1 1 1 1 1 1 1 1 1 1 1 1 1 1 1 1 1 1 1 1 1 1 1 1 1 0 0 0 0 0 0 0 0 0 0 0 0 0 0 0 0 0 0 0 0 0 0 0 0 0 0 0 0 0 0 0 0 0 0 0 0 0 0 0 0 0 0 0 0 0 0 0 0 0 0 0 0 0 0 0 0 0 0 0 0 0 0 0 0 0 0 0 0 0
I1103 01:19:49.203447 47590167405632 create_pretraining_data.py:161] input_mask: 1 1 1 1 1 1 1 1 1 1 1 1 1 1 1 1 1 1 1 1 1 1 1 1 1 1 1 1 1 1 1 1 1 1 1 1 1 1 1 1 1 1 1 1 1 1 1 1 1 1 1 1 1 1 1 1 1 1 1 0 0 0 0 0 0 0 0 0 0 0 0 0 0 0 0 0 0 0 0 0 0 0 0 0 0 0 0 0 0 0 0 0 0 0 0 0 0 0 0 0 0 0 0 0 0 0 0 0 0 0 0 0 0 0 0 0 0 0 0 0 0 0 0 0 0 0 0 0
INFO:tensorflow:segment_ids: 0 0 0 0 0 0 0 0 0 0 0 0 0 0 0 0 0 0 0 0 0 0 0 0 0 0 0 0 0 0 0 0 0 0 0 0 0 0 1 1 1 1 1 1 1 1 1 1 1 1 1 1 1 1 1 1 1 1 1 0 0 0 0 0 0 0 0 0 0 0 0 0 0 0 0 0 0 0 0 0 0 0 0 0 0 0 0 0 0 0 0 0 0 0 0 0 0 0 0 0 0 0 0 0 0 0 0 0 0 0 0 0 0 0 0 0 0 0 0 0 0 0 0 0 0 0 0 0
I1103 01:19:49.203663 47590167405632 create_pretraining_data.py:161] segment_ids: 0 0 0 0 0 0 0 0 0 0 0 0 0 0 0 0 0 0 0 0 0 0 0 0 0 0 0 0 0 0 0 0 0 0 0 0 0 0 1 1 1 1 1 1 1 1 1 1 1 1 1 1 1 1 1 1 1 1 1 0 0 0 0 0 0 0 0 0 0 0 0 0 0 0 0 0 0 0 0 0 0 0 0 0 0 0 0 0 0 0 0 0 0 0 0 0 0 0 0 0 0 0 0 0 0 0 0 0 0 0 0 0 0 0 0 0 0 0 0 0 0 0 0 0 0 0 0 0
INFO:tensorflow:masked_lm_positions: 3 5 6 22 23 32 39 42 51 0 0 0 0 0 0 0 0 0 0 0
I1103 01:19:49.203822 47590167405632 create_pretraining_data.py:161] masked_lm_positions: 3 5 6 22 23 32 39 42 51 0 0 0 0 0 0 0 0 0 0 0
INFO:tensorflow:masked_lm_ids: 8686 4610 2008 14381 1028 415 2040 6612 4388 0 0 0 0 0 0 0 0 0 0 0
I1103 01:19:49.203978 47590167405632 create_pretraining_data.py:161] masked_lm_ids: 8686 4610 2008 14381 1028 415 2040 6612 4388 0 0 0 0 0 0 0 0 0 0 0
INFO:tensorflow:masked_lm_weights: 1.0 1.0 1.0 1.0 1.0 1.0 1.0 1.0 1.0 0.0 0.0 0.0 0.0 0.0 0.0 0.0 0.0 0.0 0.0 0.0
I1103 01:19:49.204139 47590167405632 create_pretraining_data.py:161] masked_lm_weights: 1.0 1.0 1.0 1.0 1.0 1.0 1.0 1.0 1.0 0.0 0.0 0.0 0.0 0.0 0.0 0.0 0.0 0.0 0.0 0.0
INFO:tensorflow:next_sentence_labels: 1
I1103 01:19:49.204292 47590167405632 create_pretraining_data.py:161] next_sentence_labels: 1
INFO:tensorflow:*** Example ***
I1103 01:19:49.205360 47590167405632 create_pretraining_data.py:149] *** Example ***
INFO:tensorflow:tokens: [CLS] [MASK] [MASK] عايش ##لك [MASK] عايش بس لرو ##حك [SEP] تاريخ احزن امه واب ##كي شعب ##ا عام من فراق [MASK] كان لنا ملكا و معقولة وحبيب ##ا عط ##وفا واف ##يا رحمك الله وغفر لك [SEP]
I1103 01:19:49.205585 47590167405632 create_pretraining_data.py:151] tokens: [CLS] [MASK] [MASK] عايش ##لك [MASK] عايش بس لرو ##حك [SEP] تاريخ احزن امه واب ##كي شعب ##ا عام من فراق [MASK] كان لنا ملكا و معقولة وحبيب ##ا عط ##وفا واف ##يا رحمك الله وغفر لك [SEP]
INFO:tensorflow:input_ids: 2 4 4 13403 1934 4 13403 2357 25032 2733 3 3173 22212 6798 3283 2199 3972 1007 2268 1908 11752 4 2055 2776 19000 415 28762 21964 1007 4384 6994 4124 1937 19017 1953 15343 2278 3 0 0 0 0 0 0 0 0 0 0 0 0 0 0 0 0 0 0 0 0 0 0 0 0 0 0 0 0 0 0 0 0 0 0 0 0 0 0 0 0 0 0 0 0 0 0 0 0 0 0 0 0 0 0 0 0 0 0 0 0 0 0 0 0 0 0 0 0 0 0 0 0 0 0 0 0 0 0 0 0 0 0 0 0 0 0 0 0 0 0
I1103 01:19:49.205844 47590167405632 create_pretraining_data.py:161] input_ids: 2 4 4 13403 1934 4 13403 2357 25032 2733 3 3173 22212 6798 3283 2199 3972 1007 2268 1908 11752 4 2055 2776 19000 415 28762 21964 1007 4384 6994 4124 1937 19017 1953 15343 2278 3 0 0 0 0 0 0 0 0 0 0 0 0 0 0 0 0 0 0 0 0 0 0 0 0 0 0 0 0 0 0 0 0 0 0 0 0 0 0 0 0 0 0 0 0 0 0 0 0 0 0 0 0 0 0 0 0 0 0 0 0 0 0 0 0 0 0 0 0 0 0 0 0 0 0 0 0 0 0 0 0 0 0 0 0 0 0 0 0 0 0
INFO:tensorflow:input_mask: 1 1 1 1 1 1 1 1 1 1 1 1 1 1 1 1 1 1 1 1 1 1 1 1 1 1 1 1 1 1 1 1 1 1 1 1 1 1 0 0 0 0 0 0 0 0 0 0 0 0 0 0 0 0 0 0 0 0 0 0 0 0 0 0 0 0 0 0 0 0 0 0 0 0 0 0 0 0 0 0 0 0 0 0 0 0 0 0 0 0 0 0 0 0 0 0 0 0 0 0 0 0 0 0 0 0 0 0 0 0 0 0 0 0 0 0 0 0 0 0 0 0 0 0 0 0 0 0
I1103 01:19:49.206067 47590167405632 create_pretraining_data.py:161] input_mask: 1 1 1 1 1 1 1 1 1 1 1 1 1 1 1 1 1 1 1 1 1 1 1 1 1 1 1 1 1 1 1 1 1 1 1 1 1 1 0 0 0 0 0 0 0 0 0 0 0 0 0 0 0 0 0 0 0 0 0 0 0 0 0 0 0 0 0 0 0 0 0 0 0 0 0 0 0 0 0 0 0 0 0 0 0 0 0 0 0 0 0 0 0 0 0 0 0 0 0 0 0 0 0 0 0 0 0 0 0 0 0 0 0 0 0 0 0 0 0 0 0 0 0 0 0 0 0 0
INFO:tensorflow:segment_ids: 0 0 0 0 0 0 0 0 0 0 0 1 1 1 1 1 1 1 1 1 1 1 1 1 1 1 1 1 1 1 1 1 1 1 1 1 1 1 0 0 0 0 0 0 0 0 0 0 0 0 0 0 0 0 0 0 0 0 0 0 0 0 0 0 0 0 0 0 0 0 0 0 0 0 0 0 0 0 0 0 0 0 0 0 0 0 0 0 0 0 0 0 0 0 0 0 0 0 0 0 0 0 0 0 0 0 0 0 0 0 0 0 0 0 0 0 0 0 0 0 0 0 0 0 0 0 0 0
I1103 01:19:49.206298 47590167405632 create_pretraining_data.py:161] segment_ids: 0 0 0 0 0 0 0 0 0 0 0 1 1 1 1 1 1 1 1 1 1 1 1 1 1 1 1 1 1 1 1 1 1 1 1 1 1 1 0 0 0 0 0 0 0 0 0 0 0 0 0 0 0 0 0 0 0 0 0 0 0 0 0 0 0 0 0 0 0 0 0 0 0 0 0 0 0 0 0 0 0 0 0 0 0 0 0 0 0 0 0 0 0 0 0 0 0 0 0 0 0 0 0 0 0 0 0 0 0 0 0 0 0 0 0 0 0 0 0 0 0 0 0 0 0 0 0 0
INFO:tensorflow:masked_lm_positions: 1 2 5 7 21 26 0 0 0 0 0 0 0 0 0 0 0 0 0 0
I1103 01:19:49.206464 47590167405632 create_pretraining_data.py:161] masked_lm_positions: 1 2 5 7 21 26 0 0 0 0 0 0 0 0 0 0 0 0 0 0
INFO:tensorflow:masked_lm_ids: 23886 1013 3036 2357 1908 22886 0 0 0 0 0 0 0 0 0 0 0 0 0 0
I1103 01:19:49.206623 47590167405632 create_pretraining_data.py:161] masked_lm_ids: 23886 1013 3036 2357 1908 22886 0 0 0 0 0 0 0 0 0 0 0 0 0 0
INFO:tensorflow:masked_lm_weights: 1.0 1.0 1.0 1.0 1.0 1.0 0.0 0.0 0.0 0.0 0.0 0.0 0.0 0.0 0.0 0.0 0.0 0.0 0.0 0.0
I1103 01:19:49.206756 47590167405632 create_pretraining_data.py:161] masked_lm_weights: 1.0 1.0 1.0 1.0 1.0 1.0 0.0 0.0 0.0 0.0 0.0 0.0 0.0 0.0 0.0 0.0 0.0 0.0 0.0 0.0
INFO:tensorflow:next_sentence_labels: 1
I1103 01:19:49.206852 47590167405632 create_pretraining_data.py:161] next_sentence_labels: 1
INFO:tensorflow:*** Example ***
I1103 01:19:49.207602 47590167405632 create_pretraining_data.py:149] *** Example ***
INFO:tensorflow:tokens: [CLS] انا مايج ##ري في ديالي بموا ##فقه سليم الجب ##وري من قتل وته ##ديم مساجد وحر ##ق هذا التفسير المنطق ##ي [MASK] ارد ##نا ان نح ##سن ريش [MASK] [SEP] وزير البلديه بمجرد انتشار [MASK] الكب ##ائن المغ ##لقه اصدر [MASK] تعليمات بم ##كاف ##حتها وقبل يومين [MASK] [MASK] [MASK] اوك ##ار وسن ##قضي علي الظاهر ##ه [SEP]
I1103 01:19:49.207764 47590167405632 create_pretraining_data.py:151] tokens: [CLS] انا مايج ##ري في ديالي بموا ##فقه سليم الجب ##وري من قتل وته ##ديم مساجد وحر ##ق هذا التفسير المنطق ##ي [MASK] ارد ##نا ان نح ##سن ريش [MASK] [SEP] وزير البلديه بمجرد انتشار [MASK] الكب ##ائن المغ ##لقه اصدر [MASK] تعليمات بم ##كاف ##حتها وقبل يومين [MASK] [MASK] [MASK] اوك ##ار وسن ##قضي علي الظاهر ##ه [SEP]
INFO:tensorflow:input_ids: 2 2315 25819 1923 1912 10416 14709 15223 4102 6402 2158 1908 4824 11355 2566 18177 19790 1011 2085 12520 17738 1013 4 5737 1914 1939 3000 2513 18182 4 3 3075 13379 12559 9447 4 5598 6565 2716 6216 18860 4 18741 2225 17742 8550 9500 7001 4 4 4 27477 1909 10458 19660 1958 12349 1028 3 0 0 0 0 0 0 0 0 0 0 0 0 0 0 0 0 0 0 0 0 0 0 0 0 0 0 0 0 0 0 0 0 0 0 0 0 0 0 0 0 0 0 0 0 0 0 0 0 0 0 0 0 0 0 0 0 0 0 0 0 0 0 0 0 0 0 0 0 0
I1103 01:19:49.207947 47590167405632 create_pretraining_data.py:161] input_ids: 2 2315 25819 1923 1912 10416 14709 15223 4102 6402 2158 1908 4824 11355 2566 18177 19790 1011 2085 12520 17738 1013 4 5737 1914 1939 3000 2513 18182 4 3 3075 13379 12559 9447 4 5598 6565 2716 6216 18860 4 18741 2225 17742 8550 9500 7001 4 4 4 27477 1909 10458 19660 1958 12349 1028 3 0 0 0 0 0 0 0 0 0 0 0 0 0 0 0 0 0 0 0 0 0 0 0 0 0 0 0 0 0 0 0 0 0 0 0 0 0 0 0 0 0 0 0 0 0 0 0 0 0 0 0 0 0 0 0 0 0 0 0 0 0 0 0 0 0 0 0 0 0
INFO:tensorflow:input_mask: 1 1 1 1 1 1 1 1 1 1 1 1 1 1 1 1 1 1 1 1 1 1 1 1 1 1 1 1 1 1 1 1 1 1 1 1 1 1 1 1 1 1 1 1 1 1 1 1 1 1 1 1 1 1 1 1 1 1 1 0 0 0 0 0 0 0 0 0 0 0 0 0 0 0 0 0 0 0 0 0 0 0 0 0 0 0 0 0 0 0 0 0 0 0 0 0 0 0 0 0 0 0 0 0 0 0 0 0 0 0 0 0 0 0 0 0 0 0 0 0 0 0 0 0 0 0 0 0
I1103 01:19:49.208099 47590167405632 create_pretraining_data.py:161] input_mask: 1 1 1 1 1 1 1 1 1 1 1 1 1 1 1 1 1 1 1 1 1 1 1 1 1 1 1 1 1 1 1 1 1 1 1 1 1 1 1 1 1 1 1 1 1 1 1 1 1 1 1 1 1 1 1 1 1 1 1 0 0 0 0 0 0 0 0 0 0 0 0 0 0 0 0 0 0 0 0 0 0 0 0 0 0 0 0 0 0 0 0 0 0 0 0 0 0 0 0 0 0 0 0 0 0 0 0 0 0 0 0 0 0 0 0 0 0 0 0 0 0 0 0 0 0 0 0 0
INFO:tensorflow:segment_ids: 0 0 0 0 0 0 0 0 0 0 0 0 0 0 0 0 0 0 0 0 0 0 0 0 0 0 0 0 0 0 0 1 1 1 1 1 1 1 1 1 1 1 1 1 1 1 1 1 1 1 1 1 1 1 1 1 1 1 1 0 0 0 0 0 0 0 0 0 0 0 0 0 0 0 0 0 0 0 0 0 0 0 0 0 0 0 0 0 0 0 0 0 0 0 0 0 0 0 0 0 0 0 0 0 0 0 0 0 0 0 0 0 0 0 0 0 0 0 0 0 0 0 0 0 0 0 0 0
I1103 01:19:49.208245 47590167405632 create_pretraining_data.py:161] segment_ids: 0 0 0 0 0 0 0 0 0 0 0 0 0 0 0 0 0 0 0 0 0 0 0 0 0 0 0 0 0 0 0 1 1 1 1 1 1 1 1 1 1 1 1 1 1 1 1 1 1 1 1 1 1 1 1 1 1 1 1 0 0 0 0 0 0 0 0 0 0 0 0 0 0 0 0 0 0 0 0 0 0 0 0 0 0 0 0 0 0 0 0 0 0 0 0 0 0 0 0 0 0 0 0 0 0 0 0 0 0 0 0 0 0 0 0 0 0 0 0 0 0 0 0 0 0 0 0 0
INFO:tensorflow:masked_lm_positions: 22 28 29 35 40 41 48 49 50 0 0 0 0 0 0 0 0 0 0 0
I1103 01:19:49.208356 47590167405632 create_pretraining_data.py:161] masked_lm_positions: 22 28 29 35 40 41 48 49 50 0 0 0 0 0 0 0 0 0 0 0
INFO:tensorflow:masked_lm_ids: 2387 7049 2249 20774 18860 1914 4690 8330 9557 0 0 0 0 0 0 0 0 0 0 0
I1103 01:19:49.208459 47590167405632 create_pretraining_data.py:161] masked_lm_ids: 2387 7049 2249 20774 18860 1914 4690 8330 9557 0 0 0 0 0 0 0 0 0 0 0
INFO:tensorflow:masked_lm_weights: 1.0 1.0 1.0 1.0 1.0 1.0 1.0 1.0 1.0 0.0 0.0 0.0 0.0 0.0 0.0 0.0 0.0 0.0 0.0 0.0
I1103 01:19:49.208566 47590167405632 create_pretraining_data.py:161] masked_lm_weights: 1.0 1.0 1.0 1.0 1.0 1.0 1.0 1.0 1.0 0.0 0.0 0.0 0.0 0.0 0.0 0.0 0.0 0.0 0.0 0.0
INFO:tensorflow:next_sentence_labels: 1
I1103 01:19:49.208662 47590167405632 create_pretraining_data.py:161] next_sentence_labels: 1
INFO:tensorflow:*** Example ***
I1103 01:19:49.209339 47590167405632 create_pretraining_data.py:149] *** Example ***
INFO:tensorflow:tokens: [CLS] ف الفضاء [MASK] جدا نعيش لنا المراه ان اف ##نينا ثلاث ارب ##اع ##نا لهم [SEP] ل نيفيز حق مشروع للانت ##قال لاي نادي لكن اذا كان [MASK] يتد ##اول صحيح [MASK] [MASK] [MASK] [MASK] الاو ##فيا ##ء ك رادو ##ي وغيره [SEP]
I1103 01:19:49.209494 47590167405632 create_pretraining_data.py:151] tokens: [CLS] ف الفضاء [MASK] جدا نعيش لنا المراه ان اف ##نينا ثلاث ارب ##اع ##نا لهم [SEP] ل نيفيز حق مشروع للانت ##قال لاي نادي لكن اذا كان [MASK] يتد ##اول صحيح [MASK] [MASK] [MASK] [MASK] الاو ##فيا ##ء ك رادو ##ي وغيره [SEP]
INFO:tensorflow:input_ids: 2 408 9719 4 2882 10369 2776 5724 1939 2668 25201 2917 7221 2000 1914 2899 3 411 23857 2576 3680 9428 2398 4269 3557 2425 2387 2055 4 27904 4155 4053 4 4 4 4 8684 9310 1053 410 25055 1013 9469 3 0 0 0 0 0 0 0 0 0 0 0 0 0 0 0 0 0 0 0 0 0 0 0 0 0 0 0 0 0 0 0 0 0 0 0 0 0 0 0 0 0 0 0 0 0 0 0 0 0 0 0 0 0 0 0 0 0 0 0 0 0 0 0 0 0 0 0 0 0 0 0 0 0 0 0 0 0 0 0 0 0 0 0 0
I1103 01:19:49.209654 47590167405632 create_pretraining_data.py:161] input_ids: 2 408 9719 4 2882 10369 2776 5724 1939 2668 25201 2917 7221 2000 1914 2899 3 411 23857 2576 3680 9428 2398 4269 3557 2425 2387 2055 4 27904 4155 4053 4 4 4 4 8684 9310 1053 410 25055 1013 9469 3 0 0 0 0 0 0 0 0 0 0 0 0 0 0 0 0 0 0 0 0 0 0 0 0 0 0 0 0 0 0 0 0 0 0 0 0 0 0 0 0 0 0 0 0 0 0 0 0 0 0 0 0 0 0 0 0 0 0 0 0 0 0 0 0 0 0 0 0 0 0 0 0 0 0 0 0 0 0 0 0 0 0 0 0
INFO:tensorflow:input_mask: 1 1 1 1 1 1 1 1 1 1 1 1 1 1 1 1 1 1 1 1 1 1 1 1 1 1 1 1 1 1 1 1 1 1 1 1 1 1 1 1 1 1 1 1 0 0 0 0 0 0 0 0 0 0 0 0 0 0 0 0 0 0 0 0 0 0 0 0 0 0 0 0 0 0 0 0 0 0 0 0 0 0 0 0 0 0 0 0 0 0 0 0 0 0 0 0 0 0 0 0 0 0 0 0 0 0 0 0 0 0 0 0 0 0 0 0 0 0 0 0 0 0 0 0 0 0 0 0
I1103 01:19:49.209818 47590167405632 create_pretraining_data.py:161] input_mask: 1 1 1 1 1 1 1 1 1 1 1 1 1 1 1 1 1 1 1 1 1 1 1 1 1 1 1 1 1 1 1 1 1 1 1 1 1 1 1 1 1 1 1 1 0 0 0 0 0 0 0 0 0 0 0 0 0 0 0 0 0 0 0 0 0 0 0 0 0 0 0 0 0 0 0 0 0 0 0 0 0 0 0 0 0 0 0 0 0 0 0 0 0 0 0 0 0 0 0 0 0 0 0 0 0 0 0 0 0 0 0 0 0 0 0 0 0 0 0 0 0 0 0 0 0 0 0 0
INFO:tensorflow:segment_ids: 0 0 0 0 0 0 0 0 0 0 0 0 0 0 0 0 0 1 1 1 1 1 1 1 1 1 1 1 1 1 1 1 1 1 1 1 1 1 1 1 1 1 1 1 0 0 0 0 0 0 0 0 0 0 0 0 0 0 0 0 0 0 0 0 0 0 0 0 0 0 0 0 0 0 0 0 0 0 0 0 0 0 0 0 0 0 0 0 0 0 0 0 0 0 0 0 0 0 0 0 0 0 0 0 0 0 0 0 0 0 0 0 0 0 0 0 0 0 0 0 0 0 0 0 0 0 0 0
I1103 01:19:49.209961 47590167405632 create_pretraining_data.py:161] segment_ids: 0 0 0 0 0 0 0 0 0 0 0 0 0 0 0 0 0 1 1 1 1 1 1 1 1 1 1 1 1 1 1 1 1 1 1 1 1 1 1 1 1 1 1 1 0 0 0 0 0 0 0 0 0 0 0 0 0 0 0 0 0 0 0 0 0 0 0 0 0 0 0 0 0 0 0 0 0 0 0 0 0 0 0 0 0 0 0 0 0 0 0 0 0 0 0 0 0 0 0 0 0 0 0 0 0 0 0 0 0 0 0 0 0 0 0 0 0 0 0 0 0 0 0 0 0 0 0 0
INFO:tensorflow:masked_lm_positions: 3 7 28 32 33 34 35 0 0 0 0 0 0 0 0 0 0 0 0 0
I1103 01:19:49.210067 47590167405632 create_pretraining_data.py:161] masked_lm_positions: 3 7 28 32 33 34 35 0 0 0 0 0 0 0 0 0 0 0 0 0
INFO:tensorflow:masked_lm_ids: 25858 2089 1972 6715 2461 1908 19405 0 0 0 0 0 0 0 0 0 0 0 0 0
I1103 01:19:49.210170 47590167405632 create_pretraining_data.py:161] masked_lm_ids: 25858 2089 1972 6715 2461 1908 19405 0 0 0 0 0 0 0 0 0 0 0 0 0
INFO:tensorflow:masked_lm_weights: 1.0 1.0 1.0 1.0 1.0 1.0 1.0 0.0 0.0 0.0 0.0 0.0 0.0 0.0 0.0 0.0 0.0 0.0 0.0 0.0
I1103 01:19:49.210283 47590167405632 create_pretraining_data.py:161] masked_lm_weights: 1.0 1.0 1.0 1.0 1.0 1.0 1.0 0.0 0.0 0.0 0.0 0.0 0.0 0.0 0.0 0.0 0.0 0.0 0.0 0.0
INFO:tensorflow:next_sentence_labels: 1
I1103 01:19:49.210381 47590167405632 create_pretraining_data.py:161] next_sentence_labels: 1
INFO:tensorflow:*** Example ***
I1103 01:19:49.211060 47590167405632 create_pretraining_data.py:149] *** Example ***
INFO:tensorflow:tokens: [CLS] ازعل ع قد ما تزعل من حد انت بتحبه [MASK] عينك برد ##و ف [MASK] و تسا ##مح ##ه [SEP] الرجل الثاني في [MASK] تريد الهي ##منه علي الشرق الاوسط واع ##اده الام ##براطور ##يه الفارسي ##ه وهذا التوجه [MASK] الي [MASK] غاب ##ره في التاريخ [MASK] [SEP]
I1103 01:19:49.211216 47590167405632 create_pretraining_data.py:151] tokens: [CLS] ازعل ع قد ما تزعل من حد انت بتحبه [MASK] عينك برد ##و ف [MASK] و تسا ##مح ##ه [SEP] الرجل الثاني في [MASK] تريد الهي ##منه علي الشرق الاوسط واع ##اده الام ##براطور ##يه الفارسي ##ه وهذا التوجه [MASK] الي [MASK] غاب ##ره في التاريخ [MASK] [SEP]
INFO:tensorflow:input_ids: 2 26567 405 2251 1972 22956 1908 2470 2164 25616 4 10721 6060 1012 408 4 415 6580 10079 1028 3 4069 2966 1912 4 4821 4027 13900 1958 3531 9452 4780 3956 2313 28274 1988 22941 1028 3265 13852 4 2002 4 8894 2197 1912 3414 4 3 0 0 0 0 0 0 0 0 0 0 0 0 0 0 0 0 0 0 0 0 0 0 0 0 0 0 0 0 0 0 0 0 0 0 0 0 0 0 0 0 0 0 0 0 0 0 0 0 0 0 0 0 0 0 0 0 0 0 0 0 0 0 0 0 0 0 0 0 0 0 0 0 0 0 0 0 0 0 0
I1103 01:19:49.211389 47590167405632 create_pretraining_data.py:161] input_ids: 2 26567 405 2251 1972 22956 1908 2470 2164 25616 4 10721 6060 1012 408 4 415 6580 10079 1028 3 4069 2966 1912 4 4821 4027 13900 1958 3531 9452 4780 3956 2313 28274 1988 22941 1028 3265 13852 4 2002 4 8894 2197 1912 3414 4 3 0 0 0 0 0 0 0 0 0 0 0 0 0 0 0 0 0 0 0 0 0 0 0 0 0 0 0 0 0 0 0 0 0 0 0 0 0 0 0 0 0 0 0 0 0 0 0 0 0 0 0 0 0 0 0 0 0 0 0 0 0 0 0 0 0 0 0 0 0 0 0 0 0 0 0 0 0 0 0
INFO:tensorflow:input_mask: 1 1 1 1 1 1 1 1 1 1 1 1 1 1 1 1 1 1 1 1 1 1 1 1 1 1 1 1 1 1 1 1 1 1 1 1 1 1 1 1 1 1 1 1 1 1 1 1 1 0 0 0 0 0 0 0 0 0 0 0 0 0 0 0 0 0 0 0 0 0 0 0 0 0 0 0 0 0 0 0 0 0 0 0 0 0 0 0 0 0 0 0 0 0 0 0 0 0 0 0 0 0 0 0 0 0 0 0 0 0 0 0 0 0 0 0 0 0 0 0 0 0 0 0 0 0 0 0
I1103 01:19:49.211555 47590167405632 create_pretraining_data.py:161] input_mask: 1 1 1 1 1 1 1 1 1 1 1 1 1 1 1 1 1 1 1 1 1 1 1 1 1 1 1 1 1 1 1 1 1 1 1 1 1 1 1 1 1 1 1 1 1 1 1 1 1 0 0 0 0 0 0 0 0 0 0 0 0 0 0 0 0 0 0 0 0 0 0 0 0 0 0 0 0 0 0 0 0 0 0 0 0 0 0 0 0 0 0 0 0 0 0 0 0 0 0 0 0 0 0 0 0 0 0 0 0 0 0 0 0 0 0 0 0 0 0 0 0 0 0 0 0 0 0 0
INFO:tensorflow:segment_ids: 0 0 0 0 0 0 0 0 0 0 0 0 0 0 0 0 0 0 0 0 0 1 1 1 1 1 1 1 1 1 1 1 1 1 1 1 1 1 1 1 1 1 1 1 1 1 1 1 1 0 0 0 0 0 0 0 0 0 0 0 0 0 0 0 0 0 0 0 0 0 0 0 0 0 0 0 0 0 0 0 0 0 0 0 0 0 0 0 0 0 0 0 0 0 0 0 0 0 0 0 0 0 0 0 0 0 0 0 0 0 0 0 0 0 0 0 0 0 0 0 0 0 0 0 0 0 0 0
I1103 01:19:49.211698 47590167405632 create_pretraining_data.py:161] segment_ids: 0 0 0 0 0 0 0 0 0 0 0 0 0 0 0 0 0 0 0 0 0 1 1 1 1 1 1 1 1 1 1 1 1 1 1 1 1 1 1 1 1 1 1 1 1 1 1 1 1 0 0 0 0 0 0 0 0 0 0 0 0 0 0 0 0 0 0 0 0 0 0 0 0 0 0 0 0 0 0 0 0 0 0 0 0 0 0 0 0 0 0 0 0 0 0 0 0 0 0 0 0 0 0 0 0 0 0 0 0 0 0 0 0 0 0 0 0 0 0 0 0 0 0 0 0 0 0 0
INFO:tensorflow:masked_lm_positions: 10 11 15 24 40 42 47 0 0 0 0 0 0 0 0 0 0 0 0 0
I1103 01:19:49.211804 47590167405632 create_pretraining_data.py:161] masked_lm_positions: 10 11 15 24 40 42 47 0 0 0 0 0 0 0 0 0 0 0 0 0
INFO:tensorflow:masked_lm_ids: 5107 10530 3762 3115 5609 23736 5878 0 0 0 0 0 0 0 0 0 0 0 0 0
I1103 01:19:49.211908 47590167405632 create_pretraining_data.py:161] masked_lm_ids: 5107 10530 3762 3115 5609 23736 5878 0 0 0 0 0 0 0 0 0 0 0 0 0
INFO:tensorflow:masked_lm_weights: 1.0 1.0 1.0 1.0 1.0 1.0 1.0 0.0 0.0 0.0 0.0 0.0 0.0 0.0 0.0 0.0 0.0 0.0 0.0 0.0
I1103 01:19:49.212013 47590167405632 create_pretraining_data.py:161] masked_lm_weights: 1.0 1.0 1.0 1.0 1.0 1.0 1.0 0.0 0.0 0.0 0.0 0.0 0.0 0.0 0.0 0.0 0.0 0.0 0.0 0.0
INFO:tensorflow:next_sentence_labels: 1
I1103 01:19:49.212109 47590167405632 create_pretraining_data.py:161] next_sentence_labels: 1
INFO:tensorflow:*** Example ***
I1103 01:19:49.212785 47590167405632 create_pretraining_data.py:149] *** Example ***
INFO:tensorflow:tokens: [CLS] صوتوا ور ##تو ##توا [MASK] حساب جمعيه بدو ##قه [MASK] ##صل المتس ##ابق علي شرف ناظر وقف [MASK] تستاهل ريال [MASK] [MASK] مبلغ مادي من فاعل [MASK] زد رصيدك ##61 [SEP] ماذا عن اصحاب ##ك الذين هجر ##تهم كانو اذي وكان الله لطيف بي وازاله ##م [SEP]
I1103 01:19:49.212943 47590167405632 create_pretraining_data.py:151] tokens: [CLS] صوتوا ور ##تو ##توا [MASK] حساب جمعيه بدو ##قه [MASK] ##صل المتس ##ابق علي شرف ناظر وقف [MASK] تستاهل ريال [MASK] [MASK] مبلغ مادي من فاعل [MASK] زد رصيدك ##61 [SEP] ماذا عن اصحاب ##ك الذين هجر ##تهم كانو اذي وكان الله لطيف بي وازاله ##م [SEP]
INFO:tensorflow:input_ids: 2 26831 2690 6975 24709 4 3144 18931 17495 2144 4 2107 20642 10100 1958 6431 20837 5127 4 9588 3108 4 4 9020 28688 1908 21091 4 3477 3602 11606 3 4682 1955 5883 1014 2677 8586 3378 20111 24392 2648 1953 14745 2260 29728 1015 3 0 0 0 0 0 0 0 0 0 0 0 0 0 0 0 0 0 0 0 0 0 0 0 0 0 0 0 0 0 0 0 0 0 0 0 0 0 0 0 0 0 0 0 0 0 0 0 0 0 0 0 0 0 0 0 0 0 0 0 0 0 0 0 0 0 0 0 0 0 0 0 0 0 0 0 0 0 0 0 0
I1103 01:19:49.213104 47590167405632 create_pretraining_data.py:161] input_ids: 2 26831 2690 6975 24709 4 3144 18931 17495 2144 4 2107 20642 10100 1958 6431 20837 5127 4 9588 3108 4 4 9020 28688 1908 21091 4 3477 3602 11606 3 4682 1955 5883 1014 2677 8586 3378 20111 24392 2648 1953 14745 2260 29728 1015 3 0 0 0 0 0 0 0 0 0 0 0 0 0 0 0 0 0 0 0 0 0 0 0 0 0 0 0 0 0 0 0 0 0 0 0 0 0 0 0 0 0 0 0 0 0 0 0 0 0 0 0 0 0 0 0 0 0 0 0 0 0 0 0 0 0 0 0 0 0 0 0 0 0 0 0 0 0 0 0 0
INFO:tensorflow:input_mask: 1 1 1 1 1 1 1 1 1 1 1 1 1 1 1 1 1 1 1 1 1 1 1 1 1 1 1 1 1 1 1 1 1 1 1 1 1 1 1 1 1 1 1 1 1 1 1 1 0 0 0 0 0 0 0 0 0 0 0 0 0 0 0 0 0 0 0 0 0 0 0 0 0 0 0 0 0 0 0 0 0 0 0 0 0 0 0 0 0 0 0 0 0 0 0 0 0 0 0 0 0 0 0 0 0 0 0 0 0 0 0 0 0 0 0 0 0 0 0 0 0 0 0 0 0 0 0 0
I1103 01:19:49.213272 47590167405632 create_pretraining_data.py:161] input_mask: 1 1 1 1 1 1 1 1 1 1 1 1 1 1 1 1 1 1 1 1 1 1 1 1 1 1 1 1 1 1 1 1 1 1 1 1 1 1 1 1 1 1 1 1 1 1 1 1 0 0 0 0 0 0 0 0 0 0 0 0 0 0 0 0 0 0 0 0 0 0 0 0 0 0 0 0 0 0 0 0 0 0 0 0 0 0 0 0 0 0 0 0 0 0 0 0 0 0 0 0 0 0 0 0 0 0 0 0 0 0 0 0 0 0 0 0 0 0 0 0 0 0 0 0 0 0 0 0
INFO:tensorflow:segment_ids: 0 0 0 0 0 0 0 0 0 0 0 0 0 0 0 0 0 0 0 0 0 0 0 0 0 0 0 0 0 0 0 0 1 1 1 1 1 1 1 1 1 1 1 1 1 1 1 1 0 0 0 0 0 0 0 0 0 0 0 0 0 0 0 0 0 0 0 0 0 0 0 0 0 0 0 0 0 0 0 0 0 0 0 0 0 0 0 0 0 0 0 0 0 0 0 0 0 0 0 0 0 0 0 0 0 0 0 0 0 0 0 0 0 0 0 0 0 0 0 0 0 0 0 0 0 0 0 0
I1103 01:19:49.213415 47590167405632 create_pretraining_data.py:161] segment_ids: 0 0 0 0 0 0 0 0 0 0 0 0 0 0 0 0 0 0 0 0 0 0 0 0 0 0 0 0 0 0 0 0 1 1 1 1 1 1 1 1 1 1 1 1 1 1 1 1 0 0 0 0 0 0 0 0 0 0 0 0 0 0 0 0 0 0 0 0 0 0 0 0 0 0 0 0 0 0 0 0 0 0 0 0 0 0 0 0 0 0 0 0 0 0 0 0 0 0 0 0 0 0 0 0 0 0 0 0 0 0 0 0 0 0 0 0 0 0 0 0 0 0 0 0 0 0 0 0
INFO:tensorflow:masked_lm_positions: 5 10 11 18 21 22 27 0 0 0 0 0 0 0 0 0 0 0 0 0
I1103 01:19:49.213521 47590167405632 create_pretraining_data.py:161] masked_lm_positions: 5 10 11 18 21 22 27 0 0 0 0 0 0 0 0 0 0 0 0 0
INFO:tensorflow:masked_lm_ids: 2830 22285 2107 4372 15283 1013 2631 0 0 0 0 0 0 0 0 0 0 0 0 0
I1103 01:19:49.213624 47590167405632 create_pretraining_data.py:161] masked_lm_ids: 2830 22285 2107 4372 15283 1013 2631 0 0 0 0 0 0 0 0 0 0 0 0 0
INFO:tensorflow:masked_lm_weights: 1.0 1.0 1.0 1.0 1.0 1.0 1.0 0.0 0.0 0.0 0.0 0.0 0.0 0.0 0.0 0.0 0.0 0.0 0.0 0.0
I1103 01:19:49.213730 47590167405632 create_pretraining_data.py:161] masked_lm_weights: 1.0 1.0 1.0 1.0 1.0 1.0 1.0 0.0 0.0 0.0 0.0 0.0 0.0 0.0 0.0 0.0 0.0 0.0 0.0 0.0
INFO:tensorflow:next_sentence_labels: 1
I1103 01:19:49.213825 47590167405632 create_pretraining_data.py:161] next_sentence_labels: 1
INFO:tensorflow:*** Example ***
I1103 01:19:49.214494 47590167405632 create_pretraining_data.py:149] *** Example ***
INFO:tensorflow:tokens: [CLS] لا لله ##وي و خذ ##و [MASK] فان لي قلبا تعلق بالغ ##رام فا ##وجع ##ه ادرك ##ت حقا بعد ذلك [MASK] من يله ##و [MASK] [MASK] الحب [MASK] اص ##بعه [SEP] [MASK] برميل النفط الكويتي الي 22 56 دولار والب ##ور ##صه الكويتيه حمراء [SEP]
I1103 01:19:49.214647 47590167405632 create_pretraining_data.py:151] tokens: [CLS] لا لله ##وي و خذ ##و [MASK] فان لي قلبا تعلق بالغ ##رام فا ##وجع ##ه ادرك ##ت حقا بعد ذلك [MASK] من يله ##و [MASK] [MASK] الحب [MASK] اص ##بعه [SEP] [MASK] برميل النفط الكويتي الي 22 56 دولار والب ##ور ##صه الكويتيه حمراء [SEP]
INFO:tensorflow:input_ids: 2 1963 2784 1971 415 5390 1012 4 2712 2134 9912 11844 6355 2352 3031 8546 1028 17107 1005 8266 2089 2271 4 1908 22249 1012 4 4 3088 4 2402 14116 3 4 14643 5343 7860 2002 4063 10319 3372 3460 1936 4344 24657 25862 3 0 0 0 0 0 0 0 0 0 0 0 0 0 0 0 0 0 0 0 0 0 0 0 0 0 0 0 0 0 0 0 0 0 0 0 0 0 0 0 0 0 0 0 0 0 0 0 0 0 0 0 0 0 0 0 0 0 0 0 0 0 0 0 0 0 0 0 0 0 0 0 0 0 0 0 0 0 0 0 0 0
I1103 01:19:49.214810 47590167405632 create_pretraining_data.py:161] input_ids: 2 1963 2784 1971 415 5390 1012 4 2712 2134 9912 11844 6355 2352 3031 8546 1028 17107 1005 8266 2089 2271 4 1908 22249 1012 4 4 3088 4 2402 14116 3 4 14643 5343 7860 2002 4063 10319 3372 3460 1936 4344 24657 25862 3 0 0 0 0 0 0 0 0 0 0 0 0 0 0 0 0 0 0 0 0 0 0 0 0 0 0 0 0 0 0 0 0 0 0 0 0 0 0 0 0 0 0 0 0 0 0 0 0 0 0 0 0 0 0 0 0 0 0 0 0 0 0 0 0 0 0 0 0 0 0 0 0 0 0 0 0 0 0 0 0 0
INFO:tensorflow:input_mask: 1 1 1 1 1 1 1 1 1 1 1 1 1 1 1 1 1 1 1 1 1 1 1 1 1 1 1 1 1 1 1 1 1 1 1 1 1 1 1 1 1 1 1 1 1 1 1 0 0 0 0 0 0 0 0 0 0 0 0 0 0 0 0 0 0 0 0 0 0 0 0 0 0 0 0 0 0 0 0 0 0 0 0 0 0 0 0 0 0 0 0 0 0 0 0 0 0 0 0 0 0 0 0 0 0 0 0 0 0 0 0 0 0 0 0 0 0 0 0 0 0 0 0 0 0 0 0 0
I1103 01:19:49.214972 47590167405632 create_pretraining_data.py:161] input_mask: 1 1 1 1 1 1 1 1 1 1 1 1 1 1 1 1 1 1 1 1 1 1 1 1 1 1 1 1 1 1 1 1 1 1 1 1 1 1 1 1 1 1 1 1 1 1 1 0 0 0 0 0 0 0 0 0 0 0 0 0 0 0 0 0 0 0 0 0 0 0 0 0 0 0 0 0 0 0 0 0 0 0 0 0 0 0 0 0 0 0 0 0 0 0 0 0 0 0 0 0 0 0 0 0 0 0 0 0 0 0 0 0 0 0 0 0 0 0 0 0 0 0 0 0 0 0 0 0
INFO:tensorflow:segment_ids: 0 0 0 0 0 0 0 0 0 0 0 0 0 0 0 0 0 0 0 0 0 0 0 0 0 0 0 0 0 0 0 0 0 1 1 1 1 1 1 1 1 1 1 1 1 1 1 0 0 0 0 0 0 0 0 0 0 0 0 0 0 0 0 0 0 0 0 0 0 0 0 0 0 0 0 0 0 0 0 0 0 0 0 0 0 0 0 0 0 0 0 0 0 0 0 0 0 0 0 0 0 0 0 0 0 0 0 0 0 0 0 0 0 0 0 0 0 0 0 0 0 0 0 0 0 0 0 0
I1103 01:19:49.215118 47590167405632 create_pretraining_data.py:161] segment_ids: 0 0 0 0 0 0 0 0 0 0 0 0 0 0 0 0 0 0 0 0 0 0 0 0 0 0 0 0 0 0 0 0 0 1 1 1 1 1 1 1 1 1 1 1 1 1 1 0 0 0 0 0 0 0 0 0 0 0 0 0 0 0 0 0 0 0 0 0 0 0 0 0 0 0 0 0 0 0 0 0 0 0 0 0 0 0 0 0 0 0 0 0 0 0 0 0 0 0 0 0 0 0 0 0 0 0 0 0 0 0 0 0 0 0 0 0 0 0 0 0 0 0 0 0 0 0 0 0
INFO:tensorflow:masked_lm_positions: 7 11 22 26 27 29 33 0 0 0 0 0 0 0 0 0 0 0 0 0
I1103 01:19:49.215225 47590167405632 create_pretraining_data.py:161] masked_lm_positions: 7 11 22 26 27 29 33 0 0 0 0 0 0 0 0 0 0 0 0 0
INFO:tensorflow:masked_lm_ids: 3859 11844 1939 3122 1017 22756 9791 0 0 0 0 0 0 0 0 0 0 0 0 0
I1103 01:19:49.215338 47590167405632 create_pretraining_data.py:161] masked_lm_ids: 3859 11844 1939 3122 1017 22756 9791 0 0 0 0 0 0 0 0 0 0 0 0 0
INFO:tensorflow:masked_lm_weights: 1.0 1.0 1.0 1.0 1.0 1.0 1.0 0.0 0.0 0.0 0.0 0.0 0.0 0.0 0.0 0.0 0.0 0.0 0.0 0.0
I1103 01:19:49.215445 47590167405632 create_pretraining_data.py:161] masked_lm_weights: 1.0 1.0 1.0 1.0 1.0 1.0 1.0 0.0 0.0 0.0 0.0 0.0 0.0 0.0 0.0 0.0 0.0 0.0 0.0 0.0
INFO:tensorflow:next_sentence_labels: 1
I1103 01:19:49.215541 47590167405632 create_pretraining_data.py:161] next_sentence_labels: 1
INFO:tensorflow:*** Example ***
I1103 01:19:49.216176 47590167405632 create_pretraining_data.py:149] *** Example ***
INFO:tensorflow:tokens: [CLS] استغفر الله العلي العظيم واتوب [MASK] استغفر الله العلي العظيم واتوب اليه مسابقه ##2016 [SEP] [MASK] حق [MASK] الخ ##نجر [SEP]
I1103 01:19:49.216335 47590167405632 create_pretraining_data.py:151] tokens: [CLS] استغفر الله العلي العظيم واتوب [MASK] استغفر الله العلي العظيم واتوب اليه مسابقه ##2016 [SEP] [MASK] حق [MASK] الخ ##نجر [SEP]
INFO:tensorflow:input_ids: 2 2870 1953 9537 3049 3915 4 2870 1953 9537 3049 3915 3055 8722 24804 3 4 2576 4 1995 10333 3 0 0 0 0 0 0 0 0 0 0 0 0 0 0 0 0 0 0 0 0 0 0 0 0 0 0 0 0 0 0 0 0 0 0 0 0 0 0 0 0 0 0 0 0 0 0 0 0 0 0 0 0 0 0 0 0 0 0 0 0 0 0 0 0 0 0 0 0 0 0 0 0 0 0 0 0 0 0 0 0 0 0 0 0 0 0 0 0 0 0 0 0 0 0 0 0 0 0 0 0 0 0 0 0 0 0
I1103 01:19:49.216495 47590167405632 create_pretraining_data.py:161] input_ids: 2 2870 1953 9537 3049 3915 4 2870 1953 9537 3049 3915 3055 8722 24804 3 4 2576 4 1995 10333 3 0 0 0 0 0 0 0 0 0 0 0 0 0 0 0 0 0 0 0 0 0 0 0 0 0 0 0 0 0 0 0 0 0 0 0 0 0 0 0 0 0 0 0 0 0 0 0 0 0 0 0 0 0 0 0 0 0 0 0 0 0 0 0 0 0 0 0 0 0 0 0 0 0 0 0 0 0 0 0 0 0 0 0 0 0 0 0 0 0 0 0 0 0 0 0 0 0 0 0 0 0 0 0 0 0 0
INFO:tensorflow:input_mask: 1 1 1 1 1 1 1 1 1 1 1 1 1 1 1 1 1 1 1 1 1 1 0 0 0 0 0 0 0 0 0 0 0 0 0 0 0 0 0 0 0 0 0 0 0 0 0 0 0 0 0 0 0 0 0 0 0 0 0 0 0 0 0 0 0 0 0 0 0 0 0 0 0 0 0 0 0 0 0 0 0 0 0 0 0 0 0 0 0 0 0 0 0 0 0 0 0 0 0 0 0 0 0 0 0 0 0 0 0 0 0 0 0 0 0 0 0 0 0 0 0 0 0 0 0 0 0 0
I1103 01:19:49.216639 47590167405632 create_pretraining_data.py:161] input_mask: 1 1 1 1 1 1 1 1 1 1 1 1 1 1 1 1 1 1 1 1 1 1 0 0 0 0 0 0 0 0 0 0 0 0 0 0 0 0 0 0 0 0 0 0 0 0 0 0 0 0 0 0 0 0 0 0 0 0 0 0 0 0 0 0 0 0 0 0 0 0 0 0 0 0 0 0 0 0 0 0 0 0 0 0 0 0 0 0 0 0 0 0 0 0 0 0 0 0 0 0 0 0 0 0 0 0 0 0 0 0 0 0 0 0 0 0 0 0 0 0 0 0 0 0 0 0 0 0
INFO:tensorflow:segment_ids: 0 0 0 0 0 0 0 0 0 0 0 0 0 0 0 0 1 1 1 1 1 1 0 0 0 0 0 0 0 0 0 0 0 0 0 0 0 0 0 0 0 0 0 0 0 0 0 0 0 0 0 0 0 0 0 0 0 0 0 0 0 0 0 0 0 0 0 0 0 0 0 0 0 0 0 0 0 0 0 0 0 0 0 0 0 0 0 0 0 0 0 0 0 0 0 0 0 0 0 0 0 0 0 0 0 0 0 0 0 0 0 0 0 0 0 0 0 0 0 0 0 0 0 0 0 0 0 0
I1103 01:19:49.216800 47590167405632 create_pretraining_data.py:161] segment_ids: 0 0 0 0 0 0 0 0 0 0 0 0 0 0 0 0 1 1 1 1 1 1 0 0 0 0 0 0 0 0 0 0 0 0 0 0 0 0 0 0 0 0 0 0 0 0 0 0 0 0 0 0 0 0 0 0 0 0 0 0 0 0 0 0 0 0 0 0 0 0 0 0 0 0 0 0 0 0 0 0 0 0 0 0 0 0 0 0 0 0 0 0 0 0 0 0 0 0 0 0 0 0 0 0 0 0 0 0 0 0 0 0 0 0 0 0 0 0 0 0 0 0 0 0 0 0 0 0
INFO:tensorflow:masked_lm_positions: 6 16 18 0 0 0 0 0 0 0 0 0 0 0 0 0 0 0 0 0
I1103 01:19:49.216895 47590167405632 create_pretraining_data.py:161] masked_lm_positions: 6 16 18 0 0 0 0 0 0 0 0 0 0 0 0 0 0 0 0 0
INFO:tensorflow:masked_lm_ids: 3055 1912 12119 0 0 0 0 0 0 0 0 0 0 0 0 0 0 0 0 0
I1103 01:19:49.216985 47590167405632 create_pretraining_data.py:161] masked_lm_ids: 3055 1912 12119 0 0 0 0 0 0 0 0 0 0 0 0 0 0 0 0 0
INFO:tensorflow:masked_lm_weights: 1.0 1.0 1.0 0.0 0.0 0.0 0.0 0.0 0.0 0.0 0.0 0.0 0.0 0.0 0.0 0.0 0.0 0.0 0.0 0.0
I1103 01:19:49.217079 47590167405632 create_pretraining_data.py:161] masked_lm_weights: 1.0 1.0 1.0 0.0 0.0 0.0 0.0 0.0 0.0 0.0 0.0 0.0 0.0 0.0 0.0 0.0 0.0 0.0 0.0 0.0
INFO:tensorflow:next_sentence_labels: 1
I1103 01:19:49.217163 47590167405632 create_pretraining_data.py:161] next_sentence_labels: 1
INFO:tensorflow:*** Example ***
I1103 01:19:49.217756 47590167405632 create_pretraining_data.py:149] *** Example ***
INFO:tensorflow:tokens: [CLS] من زان ##ت اجاز ##ته قلت [MASK] [MASK] عشان كذا انا [MASK] اغ ##رد [MASK] [MASK] [SEP] راجع حسابك مع نفسك [MASK] تحكي مايج ##لب الضيق الا كثرت ذنوبك لو تحفظ الله من دنياك ماتش ##كي حتي ولو بان بين الناس عذر ##وبك [SEP]
I1103 01:19:49.217892 47590167405632 create_pretraining_data.py:151] tokens: [CLS] من زان ##ت اجاز ##ته قلت [MASK] [MASK] عشان كذا انا [MASK] اغ ##رد [MASK] [MASK] [SEP] راجع حسابك مع نفسك [MASK] تحكي مايج ##لب الضيق الا كثرت ذنوبك لو تحفظ الله من دنياك ماتش ##كي حتي ولو بان بين الناس عذر ##وبك [SEP]
INFO:tensorflow:input_ids: 2 1908 11121 1005 23660 2076 4002 4 4 3573 5078 2315 4 2803 2153 4 4 3 12203 9536 1973 3665 4 13817 25819 1935 12209 1915 17668 19614 2244 13678 1953 1908 22662 24465 2199 2627 3278 2768 2117 2397 13710 24588 3 0 0 0 0 0 0 0 0 0 0 0 0 0 0 0 0 0 0 0 0 0 0 0 0 0 0 0 0 0 0 0 0 0 0 0 0 0 0 0 0 0 0 0 0 0 0 0 0 0 0 0 0 0 0 0 0 0 0 0 0 0 0 0 0 0 0 0 0 0 0 0 0 0 0 0 0 0 0 0 0 0 0 0
I1103 01:19:49.218031 47590167405632 create_pretraining_data.py:161] input_ids: 2 1908 11121 1005 23660 2076 4002 4 4 3573 5078 2315 4 2803 2153 4 4 3 12203 9536 1973 3665 4 13817 25819 1935 12209 1915 17668 19614 2244 13678 1953 1908 22662 24465 2199 2627 3278 2768 2117 2397 13710 24588 3 0 0 0 0 0 0 0 0 0 0 0 0 0 0 0 0 0 0 0 0 0 0 0 0 0 0 0 0 0 0 0 0 0 0 0 0 0 0 0 0 0 0 0 0 0 0 0 0 0 0 0 0 0 0 0 0 0 0 0 0 0 0 0 0 0 0 0 0 0 0 0 0 0 0 0 0 0 0 0 0 0 0 0
INFO:tensorflow:input_mask: 1 1 1 1 1 1 1 1 1 1 1 1 1 1 1 1 1 1 1 1 1 1 1 1 1 1 1 1 1 1 1 1 1 1 1 1 1 1 1 1 1 1 1 1 1 0 0 0 0 0 0 0 0 0 0 0 0 0 0 0 0 0 0 0 0 0 0 0 0 0 0 0 0 0 0 0 0 0 0 0 0 0 0 0 0 0 0 0 0 0 0 0 0 0 0 0 0 0 0 0 0 0 0 0 0 0 0 0 0 0 0 0 0 0 0 0 0 0 0 0 0 0 0 0 0 0 0 0
I1103 01:19:49.218158 47590167405632 create_pretraining_data.py:161] input_mask: 1 1 1 1 1 1 1 1 1 1 1 1 1 1 1 1 1 1 1 1 1 1 1 1 1 1 1 1 1 1 1 1 1 1 1 1 1 1 1 1 1 1 1 1 1 0 0 0 0 0 0 0 0 0 0 0 0 0 0 0 0 0 0 0 0 0 0 0 0 0 0 0 0 0 0 0 0 0 0 0 0 0 0 0 0 0 0 0 0 0 0 0 0 0 0 0 0 0 0 0 0 0 0 0 0 0 0 0 0 0 0 0 0 0 0 0 0 0 0 0 0 0 0 0 0 0 0 0
INFO:tensorflow:segment_ids: 0 0 0 0 0 0 0 0 0 0 0 0 0 0 0 0 0 0 1 1 1 1 1 1 1 1 1 1 1 1 1 1 1 1 1 1 1 1 1 1 1 1 1 1 1 0 0 0 0 0 0 0 0 0 0 0 0 0 0 0 0 0 0 0 0 0 0 0 0 0 0 0 0 0 0 0 0 0 0 0 0 0 0 0 0 0 0 0 0 0 0 0 0 0 0 0 0 0 0 0 0 0 0 0 0 0 0 0 0 0 0 0 0 0 0 0 0 0 0 0 0 0 0 0 0 0 0 0
I1103 01:19:49.218300 47590167405632 create_pretraining_data.py:161] segment_ids: 0 0 0 0 0 0 0 0 0 0 0 0 0 0 0 0 0 0 1 1 1 1 1 1 1 1 1 1 1 1 1 1 1 1 1 1 1 1 1 1 1 1 1 1 1 0 0 0 0 0 0 0 0 0 0 0 0 0 0 0 0 0 0 0 0 0 0 0 0 0 0 0 0 0 0 0 0 0 0 0 0 0 0 0 0 0 0 0 0 0 0 0 0 0 0 0 0 0 0 0 0 0 0 0 0 0 0 0 0 0 0 0 0 0 0 0 0 0 0 0 0 0 0 0 0 0 0 0
INFO:tensorflow:masked_lm_positions: 7 8 12 15 16 22 23 0 0 0 0 0 0 0 0 0 0 0 0 0
I1103 01:19:49.218395 47590167405632 create_pretraining_data.py:161] masked_lm_positions: 7 8 12 15 16 22 23 0 0 0 0 0 0 0 0 0 0 0 0 0
INFO:tensorflow:masked_lm_ids: 16097 1028 19280 3406 6572 2289 13817 0 0 0 0 0 0 0 0 0 0 0 0 0
I1103 01:19:49.218486 47590167405632 create_pretraining_data.py:161] masked_lm_ids: 16097 1028 19280 3406 6572 2289 13817 0 0 0 0 0 0 0 0 0 0 0 0 0
INFO:tensorflow:masked_lm_weights: 1.0 1.0 1.0 1.0 1.0 1.0 1.0 0.0 0.0 0.0 0.0 0.0 0.0 0.0 0.0 0.0 0.0 0.0 0.0 0.0
I1103 01:19:49.218579 47590167405632 create_pretraining_data.py:161] masked_lm_weights: 1.0 1.0 1.0 1.0 1.0 1.0 1.0 0.0 0.0 0.0 0.0 0.0 0.0 0.0 0.0 0.0 0.0 0.0 0.0 0.0
INFO:tensorflow:next_sentence_labels: 1
I1103 01:19:49.218663 47590167405632 create_pretraining_data.py:161] next_sentence_labels: 1
INFO:tensorflow:*** Example ***
I1103 01:19:49.219267 47590167405632 create_pretraining_data.py:149] *** Example ***
INFO:tensorflow:tokens: [CLS] [MASK] التركيه تعت ##قل 3 مواطنين روس للا ##شت ##باه [MASK] صل ##تهم بدا ##عش بعد هجوم [MASK] [SEP] مع ان الان ##صار كان بعضهم يصل متابعي ##ه لاكثر من مائه الف فانت [MASK] [MASK] [MASK] [MASK] هاشتاق وتج ##يش العامه خلف ##ك ولكن بعد [MASK] متابعيك قله [SEP]
I1103 01:19:49.219410 47590167405632 create_pretraining_data.py:151] tokens: [CLS] [MASK] التركيه تعت ##قل 3 مواطنين روس للا ##شت ##باه [MASK] صل ##تهم بدا ##عش بعد هجوم [MASK] [SEP] مع ان الان ##صار كان بعضهم يصل متابعي ##ه لاكثر من مائه الف فانت [MASK] [MASK] [MASK] [MASK] هاشتاق وتج ##يش العامه خلف ##ك ولكن بعد [MASK] متابعيك قله [SEP]
INFO:tensorflow:input_ids: 2 4 19195 3941 2246 23 19579 4149 2383 2781 6204 4 3991 3378 3126 15314 2089 8284 4 3 1973 1939 2311 3109 2055 6824 4604 14005 1028 19842 1908 15523 1980 6581 4 4 4 4 14699 5868 2336 6760 3479 1014 2637 2089 4 17100 11676 3 0 0 0 0 0 0 0 0 0 0 0 0 0 0 0 0 0 0 0 0 0 0 0 0 0 0 0 0 0 0 0 0 0 0 0 0 0 0 0 0 0 0 0 0 0 0 0 0 0 0 0 0 0 0 0 0 0 0 0 0 0 0 0 0 0 0 0 0 0 0 0 0 0 0 0 0 0 0
I1103 01:19:49.219551 47590167405632 create_pretraining_data.py:161] input_ids: 2 4 19195 3941 2246 23 19579 4149 2383 2781 6204 4 3991 3378 3126 15314 2089 8284 4 3 1973 1939 2311 3109 2055 6824 4604 14005 1028 19842 1908 15523 1980 6581 4 4 4 4 14699 5868 2336 6760 3479 1014 2637 2089 4 17100 11676 3 0 0 0 0 0 0 0 0 0 0 0 0 0 0 0 0 0 0 0 0 0 0 0 0 0 0 0 0 0 0 0 0 0 0 0 0 0 0 0 0 0 0 0 0 0 0 0 0 0 0 0 0 0 0 0 0 0 0 0 0 0 0 0 0 0 0 0 0 0 0 0 0 0 0 0 0 0 0
INFO:tensorflow:input_mask: 1 1 1 1 1 1 1 1 1 1 1 1 1 1 1 1 1 1 1 1 1 1 1 1 1 1 1 1 1 1 1 1 1 1 1 1 1 1 1 1 1 1 1 1 1 1 1 1 1 1 0 0 0 0 0 0 0 0 0 0 0 0 0 0 0 0 0 0 0 0 0 0 0 0 0 0 0 0 0 0 0 0 0 0 0 0 0 0 0 0 0 0 0 0 0 0 0 0 0 0 0 0 0 0 0 0 0 0 0 0 0 0 0 0 0 0 0 0 0 0 0 0 0 0 0 0 0 0
I1103 01:19:49.219681 47590167405632 create_pretraining_data.py:161] input_mask: 1 1 1 1 1 1 1 1 1 1 1 1 1 1 1 1 1 1 1 1 1 1 1 1 1 1 1 1 1 1 1 1 1 1 1 1 1 1 1 1 1 1 1 1 1 1 1 1 1 1 0 0 0 0 0 0 0 0 0 0 0 0 0 0 0 0 0 0 0 0 0 0 0 0 0 0 0 0 0 0 0 0 0 0 0 0 0 0 0 0 0 0 0 0 0 0 0 0 0 0 0 0 0 0 0 0 0 0 0 0 0 0 0 0 0 0 0 0 0 0 0 0 0 0 0 0 0 0
INFO:tensorflow:segment_ids: 0 0 0 0 0 0 0 0 0 0 0 0 0 0 0 0 0 0 0 0 1 1 1 1 1 1 1 1 1 1 1 1 1 1 1 1 1 1 1 1 1 1 1 1 1 1 1 1 1 1 0 0 0 0 0 0 0 0 0 0 0 0 0 0 0 0 0 0 0 0 0 0 0 0 0 0 0 0 0 0 0 0 0 0 0 0 0 0 0 0 0 0 0 0 0 0 0 0 0 0 0 0 0 0 0 0 0 0 0 0 0 0 0 0 0 0 0 0 0 0 0 0 0 0 0 0 0 0
I1103 01:19:49.219805 47590167405632 create_pretraining_data.py:161] segment_ids: 0 0 0 0 0 0 0 0 0 0 0 0 0 0 0 0 0 0 0 0 1 1 1 1 1 1 1 1 1 1 1 1 1 1 1 1 1 1 1 1 1 1 1 1 1 1 1 1 1 1 0 0 0 0 0 0 0 0 0 0 0 0 0 0 0 0 0 0 0 0 0 0 0 0 0 0 0 0 0 0 0 0 0 0 0 0 0 0 0 0 0 0 0 0 0 0 0 0 0 0 0 0 0 0 0 0 0 0 0 0 0 0 0 0 0 0 0 0 0 0 0 0 0 0 0 0 0 0
INFO:tensorflow:masked_lm_positions: 1 11 18 34 35 36 37 46 0 0 0 0 0 0 0 0 0 0 0 0
I1103 01:19:49.219913 47590167405632 create_pretraining_data.py:161] masked_lm_positions: 1 11 18 34 35 36 37 46 0 0 0 0 0 0 0 0 0 0 0 0
INFO:tensorflow:masked_lm_ids: 5793 1912 10246 5637 17142 12664 1958 26682 0 0 0 0 0 0 0 0 0 0 0 0
I1103 01:19:49.220005 47590167405632 create_pretraining_data.py:161] masked_lm_ids: 5793 1912 10246 5637 17142 12664 1958 26682 0 0 0 0 0 0 0 0 0 0 0 0
INFO:tensorflow:masked_lm_weights: 1.0 1.0 1.0 1.0 1.0 1.0 1.0 1.0 0.0 0.0 0.0 0.0 0.0 0.0 0.0 0.0 0.0 0.0 0.0 0.0
I1103 01:19:49.220098 47590167405632 create_pretraining_data.py:161] masked_lm_weights: 1.0 1.0 1.0 1.0 1.0 1.0 1.0 1.0 0.0 0.0 0.0 0.0 0.0 0.0 0.0 0.0 0.0 0.0 0.0 0.0
INFO:tensorflow:next_sentence_labels: 1
I1103 01:19:49.220183 47590167405632 create_pretraining_data.py:161] next_sentence_labels: 1
INFO:tensorflow:*** Example ***
I1103 01:19:49.220764 47590167405632 create_pretraining_data.py:149] *** Example ***
INFO:tensorflow:tokens: [CLS] البيع ##ه في عهد سلمان المراه [MASK] ناخ ##به ومنت ##خب ##ه عكاظ لبن ##ي الان [MASK] في عهد الحزم لا مجال [MASK] تكون المراه [MASK] مهد ##ره [SEP] يالله [SEP]
I1103 01:19:49.220892 47590167405632 create_pretraining_data.py:151] tokens: [CLS] البيع ##ه في عهد سلمان المراه [MASK] ناخ ##به ومنت ##خب ##ه عكاظ لبن ##ي الان [MASK] في عهد الحزم لا مجال [MASK] تكون المراه [MASK] مهد ##ره [SEP] يالله [SEP]
INFO:tensorflow:input_ids: 2 7400 1028 1912 6398 3856 5724 4 27367 2204 11982 3355 1028 20051 8429 1013 2311 4 1912 6398 8386 1963 3697 4 2652 5724 4 13796 2197 3 5783 3 0 0 0 0 0 0 0 0 0 0 0 0 0 0 0 0 0 0 0 0 0 0 0 0 0 0 0 0 0 0 0 0 0 0 0 0 0 0 0 0 0 0 0 0 0 0 0 0 0 0 0 0 0 0 0 0 0 0 0 0 0 0 0 0 0 0 0 0 0 0 0 0 0 0 0 0 0 0 0 0 0 0 0 0 0 0 0 0 0 0 0 0 0 0 0 0
I1103 01:19:49.221032 47590167405632 create_pretraining_data.py:161] input_ids: 2 7400 1028 1912 6398 3856 5724 4 27367 2204 11982 3355 1028 20051 8429 1013 2311 4 1912 6398 8386 1963 3697 4 2652 5724 4 13796 2197 3 5783 3 0 0 0 0 0 0 0 0 0 0 0 0 0 0 0 0 0 0 0 0 0 0 0 0 0 0 0 0 0 0 0 0 0 0 0 0 0 0 0 0 0 0 0 0 0 0 0 0 0 0 0 0 0 0 0 0 0 0 0 0 0 0 0 0 0 0 0 0 0 0 0 0 0 0 0 0 0 0 0 0 0 0 0 0 0 0 0 0 0 0 0 0 0 0 0 0
INFO:tensorflow:input_mask: 1 1 1 1 1 1 1 1 1 1 1 1 1 1 1 1 1 1 1 1 1 1 1 1 1 1 1 1 1 1 1 1 0 0 0 0 0 0 0 0 0 0 0 0 0 0 0 0 0 0 0 0 0 0 0 0 0 0 0 0 0 0 0 0 0 0 0 0 0 0 0 0 0 0 0 0 0 0 0 0 0 0 0 0 0 0 0 0 0 0 0 0 0 0 0 0 0 0 0 0 0 0 0 0 0 0 0 0 0 0 0 0 0 0 0 0 0 0 0 0 0 0 0 0 0 0 0 0
I1103 01:19:49.221160 47590167405632 create_pretraining_data.py:161] input_mask: 1 1 1 1 1 1 1 1 1 1 1 1 1 1 1 1 1 1 1 1 1 1 1 1 1 1 1 1 1 1 1 1 0 0 0 0 0 0 0 0 0 0 0 0 0 0 0 0 0 0 0 0 0 0 0 0 0 0 0 0 0 0 0 0 0 0 0 0 0 0 0 0 0 0 0 0 0 0 0 0 0 0 0 0 0 0 0 0 0 0 0 0 0 0 0 0 0 0 0 0 0 0 0 0 0 0 0 0 0 0 0 0 0 0 0 0 0 0 0 0 0 0 0 0 0 0 0 0
INFO:tensorflow:segment_ids: 0 0 0 0 0 0 0 0 0 0 0 0 0 0 0 0 0 0 0 0 0 0 0 0 0 0 0 0 0 0 1 1 0 0 0 0 0 0 0 0 0 0 0 0 0 0 0 0 0 0 0 0 0 0 0 0 0 0 0 0 0 0 0 0 0 0 0 0 0 0 0 0 0 0 0 0 0 0 0 0 0 0 0 0 0 0 0 0 0 0 0 0 0 0 0 0 0 0 0 0 0 0 0 0 0 0 0 0 0 0 0 0 0 0 0 0 0 0 0 0 0 0 0 0 0 0 0 0
I1103 01:19:49.221289 47590167405632 create_pretraining_data.py:161] segment_ids: 0 0 0 0 0 0 0 0 0 0 0 0 0 0 0 0 0 0 0 0 0 0 0 0 0 0 0 0 0 0 1 1 0 0 0 0 0 0 0 0 0 0 0 0 0 0 0 0 0 0 0 0 0 0 0 0 0 0 0 0 0 0 0 0 0 0 0 0 0 0 0 0 0 0 0 0 0 0 0 0 0 0 0 0 0 0 0 0 0 0 0 0 0 0 0 0 0 0 0 0 0 0 0 0 0 0 0 0 0 0 0 0 0 0 0 0 0 0 0 0 0 0 0 0 0 0 0 0
INFO:tensorflow:masked_lm_positions: 7 16 17 23 26 0 0 0 0 0 0 0 0 0 0 0 0 0 0 0
I1103 01:19:49.221399 47590167405632 create_pretraining_data.py:161] masked_lm_positions: 7 16 17 23 26 0 0 0 0 0 0 0 0 0 0 0 0 0 0 0
INFO:tensorflow:masked_lm_ids: 25548 2311 12444 2551 19232 0 0 0 0 0 0 0 0 0 0 0 0 0 0 0
I1103 01:19:49.221494 47590167405632 create_pretraining_data.py:161] masked_lm_ids: 25548 2311 12444 2551 19232 0 0 0 0 0 0 0 0 0 0 0 0 0 0 0
INFO:tensorflow:masked_lm_weights: 1.0 1.0 1.0 1.0 1.0 0.0 0.0 0.0 0.0 0.0 0.0 0.0 0.0 0.0 0.0 0.0 0.0 0.0 0.0 0.0
I1103 01:19:49.221589 47590167405632 create_pretraining_data.py:161] masked_lm_weights: 1.0 1.0 1.0 1.0 1.0 0.0 0.0 0.0 0.0 0.0 0.0 0.0 0.0 0.0 0.0 0.0 0.0 0.0 0.0 0.0
INFO:tensorflow:next_sentence_labels: 1
I1103 01:19:49.221674 47590167405632 create_pretraining_data.py:161] next_sentence_labels: 1
INFO:tensorflow:*** Example ***
I1103 01:19:49.222265 47590167405632 create_pretraining_data.py:149] *** Example ***
INFO:tensorflow:tokens: [CLS] صباح البرد [MASK] الورد صباح اصوات اع ##صاف ##ير [MASK] شمس يوم جديد نعيش ##ه براحه بال صباح الخير للكل من قال يالله يامحمد ياع ##لي [SEP] ما [MASK] [MASK] قلبه [MASK] الا زكي [MASK] كان ضعيفا قوي وان كان [MASK] شفي وان [MASK] مبت ##لي عوف ##ي وان كان محت ##ارا هدي وان كان مض ##طرب ##ا [MASK] [SEP]
I1103 01:19:49.222407 47590167405632 create_pretraining_data.py:151] tokens: [CLS] صباح البرد [MASK] الورد صباح اصوات اع ##صاف ##ير [MASK] شمس يوم جديد نعيش ##ه براحه بال صباح الخير للكل من قال يالله يامحمد ياع ##لي [SEP] ما [MASK] [MASK] قلبه [MASK] الا زكي [MASK] كان ضعيفا قوي وان كان [MASK] شفي وان [MASK] مبت ##لي عوف ##ي وان كان محت ##ارا هدي وان كان مض ##طرب ##ا [MASK] [SEP]
INFO:tensorflow:input_ids: 2 2570 5826 4 5622 2570 16763 2280 12149 1916 4 7633 2232 3044 10369 1028 27604 1951 2570 2831 28151 1908 2136 5783 29970 7509 1907 3 1972 4 4 6394 4 1915 21514 4 2055 27162 7155 2178 2055 4 18793 2178 4 7320 1907 18998 1013 2178 2055 2800 3588 13240 2178 2055 3562 26681 1007 4 3 0 0 0 0 0 0 0 0 0 0 0 0 0 0 0 0 0 0 0 0 0 0 0 0 0 0 0 0 0 0 0 0 0 0 0 0 0 0 0 0 0 0 0 0 0 0 0 0 0 0 0 0 0 0 0 0 0 0 0 0 0 0 0 0 0 0 0
I1103 01:19:49.222549 47590167405632 create_pretraining_data.py:161] input_ids: 2 2570 5826 4 5622 2570 16763 2280 12149 1916 4 7633 2232 3044 10369 1028 27604 1951 2570 2831 28151 1908 2136 5783 29970 7509 1907 3 1972 4 4 6394 4 1915 21514 4 2055 27162 7155 2178 2055 4 18793 2178 4 7320 1907 18998 1013 2178 2055 2800 3588 13240 2178 2055 3562 26681 1007 4 3 0 0 0 0 0 0 0 0 0 0 0 0 0 0 0 0 0 0 0 0 0 0 0 0 0 0 0 0 0 0 0 0 0 0 0 0 0 0 0 0 0 0 0 0 0 0 0 0 0 0 0 0 0 0 0 0 0 0 0 0 0 0 0 0 0 0 0
INFO:tensorflow:input_mask: 1 1 1 1 1 1 1 1 1 1 1 1 1 1 1 1 1 1 1 1 1 1 1 1 1 1 1 1 1 1 1 1 1 1 1 1 1 1 1 1 1 1 1 1 1 1 1 1 1 1 1 1 1 1 1 1 1 1 1 1 1 0 0 0 0 0 0 0 0 0 0 0 0 0 0 0 0 0 0 0 0 0 0 0 0 0 0 0 0 0 0 0 0 0 0 0 0 0 0 0 0 0 0 0 0 0 0 0 0 0 0 0 0 0 0 0 0 0 0 0 0 0 0 0 0 0 0 0
I1103 01:19:49.222678 47590167405632 create_pretraining_data.py:161] input_mask: 1 1 1 1 1 1 1 1 1 1 1 1 1 1 1 1 1 1 1 1 1 1 1 1 1 1 1 1 1 1 1 1 1 1 1 1 1 1 1 1 1 1 1 1 1 1 1 1 1 1 1 1 1 1 1 1 1 1 1 1 1 0 0 0 0 0 0 0 0 0 0 0 0 0 0 0 0 0 0 0 0 0 0 0 0 0 0 0 0 0 0 0 0 0 0 0 0 0 0 0 0 0 0 0 0 0 0 0 0 0 0 0 0 0 0 0 0 0 0 0 0 0 0 0 0 0 0 0
INFO:tensorflow:segment_ids: 0 0 0 0 0 0 0 0 0 0 0 0 0 0 0 0 0 0 0 0 0 0 0 0 0 0 0 0 1 1 1 1 1 1 1 1 1 1 1 1 1 1 1 1 1 1 1 1 1 1 1 1 1 1 1 1 1 1 1 1 1 0 0 0 0 0 0 0 0 0 0 0 0 0 0 0 0 0 0 0 0 0 0 0 0 0 0 0 0 0 0 0 0 0 0 0 0 0 0 0 0 0 0 0 0 0 0 0 0 0 0 0 0 0 0 0 0 0 0 0 0 0 0 0 0 0 0 0
I1103 01:19:49.222801 47590167405632 create_pretraining_data.py:161] segment_ids: 0 0 0 0 0 0 0 0 0 0 0 0 0 0 0 0 0 0 0 0 0 0 0 0 0 0 0 0 1 1 1 1 1 1 1 1 1 1 1 1 1 1 1 1 1 1 1 1 1 1 1 1 1 1 1 1 1 1 1 1 1 0 0 0 0 0 0 0 0 0 0 0 0 0 0 0 0 0 0 0 0 0 0 0 0 0 0 0 0 0 0 0 0 0 0 0 0 0 0 0 0 0 0 0 0 0 0 0 0 0 0 0 0 0 0 0 0 0 0 0 0 0 0 0 0 0 0 0
INFO:tensorflow:masked_lm_positions: 3 10 29 30 32 35 41 44 59 0 0 0 0 0 0 0 0 0 0 0
I1103 01:19:49.222909 47590167405632 create_pretraining_data.py:161] masked_lm_positions: 3 10 29 30 32 35 41 44 59 0 0 0 0 0 0 0 0 0 0 0
INFO:tensorflow:masked_lm_ids: 2570 2570 12858 5809 6745 2712 22331 2055 8264 0 0 0 0 0 0 0 0 0 0 0
I1103 01:19:49.223002 47590167405632 create_pretraining_data.py:161] masked_lm_ids: 2570 2570 12858 5809 6745 2712 22331 2055 8264 0 0 0 0 0 0 0 0 0 0 0
INFO:tensorflow:masked_lm_weights: 1.0 1.0 1.0 1.0 1.0 1.0 1.0 1.0 1.0 0.0 0.0 0.0 0.0 0.0 0.0 0.0 0.0 0.0 0.0 0.0
I1103 01:19:49.223095 47590167405632 create_pretraining_data.py:161] masked_lm_weights: 1.0 1.0 1.0 1.0 1.0 1.0 1.0 1.0 1.0 0.0 0.0 0.0 0.0 0.0 0.0 0.0 0.0 0.0 0.0 0.0
INFO:tensorflow:next_sentence_labels: 1
I1103 01:19:49.223180 47590167405632 create_pretraining_data.py:161] next_sentence_labels: 1
INFO:tensorflow:*** Example ***
I1103 01:19:49.223755 47590167405632 create_pretraining_data.py:149] *** Example ***
INFO:tensorflow:tokens: [CLS] رسميا سدد ##ت اداره [MASK] الهلال [MASK] مستح ##قات [MASK] بورت ##و البرتغالي من شراء عقد كارلوس ادواردو الدفع ##ه الثانيه [SEP] ماع ##مر ##ي شفت جمهور متفا [MASK] مع الاغنيه زي جمهور [SEP]
I1103 01:19:49.223884 47590167405632 create_pretraining_data.py:151] tokens: [CLS] رسميا سدد ##ت اداره [MASK] الهلال [MASK] مستح ##قات [MASK] بورت ##و البرتغالي من شراء عقد كارلوس ادواردو الدفع ##ه الثانيه [SEP] ماع ##مر ##ي شفت جمهور متفا [MASK] مع الاغنيه زي جمهور [SEP]
INFO:tensorflow:input_ids: 2 6629 16559 1005 7428 4 2675 4 11641 2303 4 14690 1012 19784 1908 6030 3931 20459 13163 9990 1028 9576 3 8150 2026 1013 6267 4642 25030 4 1973 21211 3253 4642 3 0 0 0 0 0 0 0 0 0 0 0 0 0 0 0 0 0 0 0 0 0 0 0 0 0 0 0 0 0 0 0 0 0 0 0 0 0 0 0 0 0 0 0 0 0 0 0 0 0 0 0 0 0 0 0 0 0 0 0 0 0 0 0 0 0 0 0 0 0 0 0 0 0 0 0 0 0 0 0 0 0 0 0 0 0 0 0 0 0 0 0 0 0
I1103 01:19:49.224024 47590167405632 create_pretraining_data.py:161] input_ids: 2 6629 16559 1005 7428 4 2675 4 11641 2303 4 14690 1012 19784 1908 6030 3931 20459 13163 9990 1028 9576 3 8150 2026 1013 6267 4642 25030 4 1973 21211 3253 4642 3 0 0 0 0 0 0 0 0 0 0 0 0 0 0 0 0 0 0 0 0 0 0 0 0 0 0 0 0 0 0 0 0 0 0 0 0 0 0 0 0 0 0 0 0 0 0 0 0 0 0 0 0 0 0 0 0 0 0 0 0 0 0 0 0 0 0 0 0 0 0 0 0 0 0 0 0 0 0 0 0 0 0 0 0 0 0 0 0 0 0 0 0 0
INFO:tensorflow:input_mask: 1 1 1 1 1 1 1 1 1 1 1 1 1 1 1 1 1 1 1 1 1 1 1 1 1 1 1 1 1 1 1 1 1 1 1 0 0 0 0 0 0 0 0 0 0 0 0 0 0 0 0 0 0 0 0 0 0 0 0 0 0 0 0 0 0 0 0 0 0 0 0 0 0 0 0 0 0 0 0 0 0 0 0 0 0 0 0 0 0 0 0 0 0 0 0 0 0 0 0 0 0 0 0 0 0 0 0 0 0 0 0 0 0 0 0 0 0 0 0 0 0 0 0 0 0 0 0 0
I1103 01:19:49.224153 47590167405632 create_pretraining_data.py:161] input_mask: 1 1 1 1 1 1 1 1 1 1 1 1 1 1 1 1 1 1 1 1 1 1 1 1 1 1 1 1 1 1 1 1 1 1 1 0 0 0 0 0 0 0 0 0 0 0 0 0 0 0 0 0 0 0 0 0 0 0 0 0 0 0 0 0 0 0 0 0 0 0 0 0 0 0 0 0 0 0 0 0 0 0 0 0 0 0 0 0 0 0 0 0 0 0 0 0 0 0 0 0 0 0 0 0 0 0 0 0 0 0 0 0 0 0 0 0 0 0 0 0 0 0 0 0 0 0 0 0
INFO:tensorflow:segment_ids: 0 0 0 0 0 0 0 0 0 0 0 0 0 0 0 0 0 0 0 0 0 0 0 1 1 1 1 1 1 1 1 1 1 1 1 0 0 0 0 0 0 0 0 0 0 0 0 0 0 0 0 0 0 0 0 0 0 0 0 0 0 0 0 0 0 0 0 0 0 0 0 0 0 0 0 0 0 0 0 0 0 0 0 0 0 0 0 0 0 0 0 0 0 0 0 0 0 0 0 0 0 0 0 0 0 0 0 0 0 0 0 0 0 0 0 0 0 0 0 0 0 0 0 0 0 0 0 0
I1103 01:19:49.224283 47590167405632 create_pretraining_data.py:161] segment_ids: 0 0 0 0 0 0 0 0 0 0 0 0 0 0 0 0 0 0 0 0 0 0 0 1 1 1 1 1 1 1 1 1 1 1 1 0 0 0 0 0 0 0 0 0 0 0 0 0 0 0 0 0 0 0 0 0 0 0 0 0 0 0 0 0 0 0 0 0 0 0 0 0 0 0 0 0 0 0 0 0 0 0 0 0 0 0 0 0 0 0 0 0 0 0 0 0 0 0 0 0 0 0 0 0 0 0 0 0 0 0 0 0 0 0 0 0 0 0 0 0 0 0 0 0 0 0 0 0
INFO:tensorflow:masked_lm_positions: 5 7 10 28 29 0 0 0 0 0 0 0 0 0 0 0 0 0 0 0
I1103 01:19:49.224378 47590167405632 create_pretraining_data.py:161] masked_lm_positions: 5 7 10 28 29 0 0 0 0 0 0 0 0 0 0 0 0 0 0 0
INFO:tensorflow:masked_lm_ids: 3557 7456 3557 25030 2329 0 0 0 0 0 0 0 0 0 0 0 0 0 0 0
I1103 01:19:49.224482 47590167405632 create_pretraining_data.py:161] masked_lm_ids: 3557 7456 3557 25030 2329 0 0 0 0 0 0 0 0 0 0 0 0 0 0 0
INFO:tensorflow:masked_lm_weights: 1.0 1.0 1.0 1.0 1.0 0.0 0.0 0.0 0.0 0.0 0.0 0.0 0.0 0.0 0.0 0.0 0.0 0.0 0.0 0.0
I1103 01:19:49.224578 47590167405632 create_pretraining_data.py:161] masked_lm_weights: 1.0 1.0 1.0 1.0 1.0 0.0 0.0 0.0 0.0 0.0 0.0 0.0 0.0 0.0 0.0 0.0 0.0 0.0 0.0 0.0
INFO:tensorflow:next_sentence_labels: 1
I1103 01:19:49.224662 47590167405632 create_pretraining_data.py:161] next_sentence_labels: 1
INFO:tensorflow:*** Example ***
I1103 01:19:49.225222 47590167405632 create_pretraining_data.py:149] *** Example ***
INFO:tensorflow:tokens: [CLS] ابي فحل جاد يحرق كاس ##ي يغ ##ت ##صب ##ني جاد رتويت وتع ##ل خاص [SEP] [MASK] [MASK] [MASK] تحديث جون ##كا ##ي في [MASK] اخي لديه شعر مج ##عد [MASK] صبي [MASK] اخي [MASK] اسم واحد ولكن 3 او 4 القاب [SEP]
I1103 01:19:49.225363 47590167405632 create_pretraining_data.py:151] tokens: [CLS] ابي فحل جاد يحرق كاس ##ي يغ ##ت ##صب ##ني جاد رتويت وتع ##ل خاص [SEP] [MASK] [MASK] [MASK] تحديث جون ##كا ##ي في [MASK] اخي لديه شعر مج ##عد [MASK] صبي [MASK] اخي [MASK] اسم واحد ولكن 3 او 4 القاب [SEP]
INFO:tensorflow:input_ids: 2 3855 18638 11247 22756 5668 1013 3579 1005 3542 1974 11247 2928 3527 1010 3068 3 4 4 4 8193 7138 2308 1013 1912 4 8770 6350 4537 2079 1969 4 22730 4 8770 4 2974 2563 2637 23 2213 24 14032 3 0 0 0 0 0 0 0 0 0 0 0 0 0 0 0 0 0 0 0 0 0 0 0 0 0 0 0 0 0 0 0 0 0 0 0 0 0 0 0 0 0 0 0 0 0 0 0 0 0 0 0 0 0 0 0 0 0 0 0 0 0 0 0 0 0 0 0 0 0 0 0 0 0 0 0 0 0 0 0 0 0 0 0 0
I1103 01:19:49.225506 47590167405632 create_pretraining_data.py:161] input_ids: 2 3855 18638 11247 22756 5668 1013 3579 1005 3542 1974 11247 2928 3527 1010 3068 3 4 4 4 8193 7138 2308 1013 1912 4 8770 6350 4537 2079 1969 4 22730 4 8770 4 2974 2563 2637 23 2213 24 14032 3 0 0 0 0 0 0 0 0 0 0 0 0 0 0 0 0 0 0 0 0 0 0 0 0 0 0 0 0 0 0 0 0 0 0 0 0 0 0 0 0 0 0 0 0 0 0 0 0 0 0 0 0 0 0 0 0 0 0 0 0 0 0 0 0 0 0 0 0 0 0 0 0 0 0 0 0 0 0 0 0 0 0 0 0
INFO:tensorflow:input_mask: 1 1 1 1 1 1 1 1 1 1 1 1 1 1 1 1 1 1 1 1 1 1 1 1 1 1 1 1 1 1 1 1 1 1 1 1 1 1 1 1 1 1 1 1 0 0 0 0 0 0 0 0 0 0 0 0 0 0 0 0 0 0 0 0 0 0 0 0 0 0 0 0 0 0 0 0 0 0 0 0 0 0 0 0 0 0 0 0 0 0 0 0 0 0 0 0 0 0 0 0 0 0 0 0 0 0 0 0 0 0 0 0 0 0 0 0 0 0 0 0 0 0 0 0 0 0 0 0
I1103 01:19:49.225633 47590167405632 create_pretraining_data.py:161] input_mask: 1 1 1 1 1 1 1 1 1 1 1 1 1 1 1 1 1 1 1 1 1 1 1 1 1 1 1 1 1 1 1 1 1 1 1 1 1 1 1 1 1 1 1 1 0 0 0 0 0 0 0 0 0 0 0 0 0 0 0 0 0 0 0 0 0 0 0 0 0 0 0 0 0 0 0 0 0 0 0 0 0 0 0 0 0 0 0 0 0 0 0 0 0 0 0 0 0 0 0 0 0 0 0 0 0 0 0 0 0 0 0 0 0 0 0 0 0 0 0 0 0 0 0 0 0 0 0 0
INFO:tensorflow:segment_ids: 0 0 0 0 0 0 0 0 0 0 0 0 0 0 0 0 0 1 1 1 1 1 1 1 1 1 1 1 1 1 1 1 1 1 1 1 1 1 1 1 1 1 1 1 0 0 0 0 0 0 0 0 0 0 0 0 0 0 0 0 0 0 0 0 0 0 0 0 0 0 0 0 0 0 0 0 0 0 0 0 0 0 0 0 0 0 0 0 0 0 0 0 0 0 0 0 0 0 0 0 0 0 0 0 0 0 0 0 0 0 0 0 0 0 0 0 0 0 0 0 0 0 0 0 0 0 0 0
I1103 01:19:49.225756 47590167405632 create_pretraining_data.py:161] segment_ids: 0 0 0 0 0 0 0 0 0 0 0 0 0 0 0 0 0 1 1 1 1 1 1 1 1 1 1 1 1 1 1 1 1 1 1 1 1 1 1 1 1 1 1 1 0 0 0 0 0 0 0 0 0 0 0 0 0 0 0 0 0 0 0 0 0 0 0 0 0 0 0 0 0 0 0 0 0 0 0 0 0 0 0 0 0 0 0 0 0 0 0 0 0 0 0 0 0 0 0 0 0 0 0 0 0 0 0 0 0 0 0 0 0 0 0 0 0 0 0 0 0 0 0 0 0 0 0 0
INFO:tensorflow:masked_lm_positions: 17 18 19 25 31 33 35 0 0 0 0 0 0 0 0 0 0 0 0 0
I1103 01:19:49.225849 47590167405632 create_pretraining_data.py:161] masked_lm_positions: 17 18 19 25 31 33 35 0 0 0 0 0 0 0 0 0 0 0 0 0
INFO:tensorflow:masked_lm_ids: 13830 3686 1076 19681 2400 23342 2154 0 0 0 0 0 0 0 0 0 0 0 0 0
I1103 01:19:49.225940 47590167405632 create_pretraining_data.py:161] masked_lm_ids: 13830 3686 1076 19681 2400 23342 2154 0 0 0 0 0 0 0 0 0 0 0 0 0
INFO:tensorflow:masked_lm_weights: 1.0 1.0 1.0 1.0 1.0 1.0 1.0 0.0 0.0 0.0 0.0 0.0 0.0 0.0 0.0 0.0 0.0 0.0 0.0 0.0
I1103 01:19:49.226034 47590167405632 create_pretraining_data.py:161] masked_lm_weights: 1.0 1.0 1.0 1.0 1.0 1.0 1.0 0.0 0.0 0.0 0.0 0.0 0.0 0.0 0.0 0.0 0.0 0.0 0.0 0.0
INFO:tensorflow:next_sentence_labels: 1
I1103 01:19:49.226134 47590167405632 create_pretraining_data.py:161] next_sentence_labels: 1
INFO:tensorflow:*** Example ***
I1103 01:19:49.226714 47590167405632 create_pretraining_data.py:149] *** Example ***
INFO:tensorflow:tokens: [CLS] قل هو [MASK] احد الله الصمد لم يلد ولم يولد ولم يكن له كفوا [MASK] [SEP] المواقف حصاد العلاقات رباب الكلم حروف [MASK] [MASK] [SEP]
I1103 01:19:49.226841 47590167405632 create_pretraining_data.py:151] tokens: [CLS] قل هو [MASK] احد الله الصمد لم يلد ولم يولد ولم يكن له كفوا [MASK] [SEP] المواقف حصاد العلاقات رباب الكلم حروف [MASK] [MASK] [SEP]
INFO:tensorflow:input_ids: 2 4491 2139 4 2439 1953 11173 2043 12725 2743 9892 2743 3812 2154 14325 4 3 8861 26328 4490 28108 20946 8048 4 4 3 0 0 0 0 0 0 0 0 0 0 0 0 0 0 0 0 0 0 0 0 0 0 0 0 0 0 0 0 0 0 0 0 0 0 0 0 0 0 0 0 0 0 0 0 0 0 0 0 0 0 0 0 0 0 0 0 0 0 0 0 0 0 0 0 0 0 0 0 0 0 0 0 0 0 0 0 0 0 0 0 0 0 0 0 0 0 0 0 0 0 0 0 0 0 0 0 0 0 0 0 0 0
I1103 01:19:49.226977 47590167405632 create_pretraining_data.py:161] input_ids: 2 4491 2139 4 2439 1953 11173 2043 12725 2743 9892 2743 3812 2154 14325 4 3 8861 26328 4490 28108 20946 8048 4 4 3 0 0 0 0 0 0 0 0 0 0 0 0 0 0 0 0 0 0 0 0 0 0 0 0 0 0 0 0 0 0 0 0 0 0 0 0 0 0 0 0 0 0 0 0 0 0 0 0 0 0 0 0 0 0 0 0 0 0 0 0 0 0 0 0 0 0 0 0 0 0 0 0 0 0 0 0 0 0 0 0 0 0 0 0 0 0 0 0 0 0 0 0 0 0 0 0 0 0 0 0 0 0
INFO:tensorflow:input_mask: 1 1 1 1 1 1 1 1 1 1 1 1 1 1 1 1 1 1 1 1 1 1 1 1 1 1 0 0 0 0 0 0 0 0 0 0 0 0 0 0 0 0 0 0 0 0 0 0 0 0 0 0 0 0 0 0 0 0 0 0 0 0 0 0 0 0 0 0 0 0 0 0 0 0 0 0 0 0 0 0 0 0 0 0 0 0 0 0 0 0 0 0 0 0 0 0 0 0 0 0 0 0 0 0 0 0 0 0 0 0 0 0 0 0 0 0 0 0 0 0 0 0 0 0 0 0 0 0
I1103 01:19:49.227102 47590167405632 create_pretraining_data.py:161] input_mask: 1 1 1 1 1 1 1 1 1 1 1 1 1 1 1 1 1 1 1 1 1 1 1 1 1 1 0 0 0 0 0 0 0 0 0 0 0 0 0 0 0 0 0 0 0 0 0 0 0 0 0 0 0 0 0 0 0 0 0 0 0 0 0 0 0 0 0 0 0 0 0 0 0 0 0 0 0 0 0 0 0 0 0 0 0 0 0 0 0 0 0 0 0 0 0 0 0 0 0 0 0 0 0 0 0 0 0 0 0 0 0 0 0 0 0 0 0 0 0 0 0 0 0 0 0 0 0 0
INFO:tensorflow:segment_ids: 0 0 0 0 0 0 0 0 0 0 0 0 0 0 0 0 0 1 1 1 1 1 1 1 1 1 0 0 0 0 0 0 0 0 0 0 0 0 0 0 0 0 0 0 0 0 0 0 0 0 0 0 0 0 0 0 0 0 0 0 0 0 0 0 0 0 0 0 0 0 0 0 0 0 0 0 0 0 0 0 0 0 0 0 0 0 0 0 0 0 0 0 0 0 0 0 0 0 0 0 0 0 0 0 0 0 0 0 0 0 0 0 0 0 0 0 0 0 0 0 0 0 0 0 0 0 0 0
I1103 01:19:49.227223 47590167405632 create_pretraining_data.py:161] segment_ids: 0 0 0 0 0 0 0 0 0 0 0 0 0 0 0 0 0 1 1 1 1 1 1 1 1 1 0 0 0 0 0 0 0 0 0 0 0 0 0 0 0 0 0 0 0 0 0 0 0 0 0 0 0 0 0 0 0 0 0 0 0 0 0 0 0 0 0 0 0 0 0 0 0 0 0 0 0 0 0 0 0 0 0 0 0 0 0 0 0 0 0 0 0 0 0 0 0 0 0 0 0 0 0 0 0 0 0 0 0 0 0 0 0 0 0 0 0 0 0 0 0 0 0 0 0 0 0 0
INFO:tensorflow:masked_lm_positions: 3 15 23 24 0 0 0 0 0 0 0 0 0 0 0 0 0 0 0 0
I1103 01:19:49.227321 47590167405632 create_pretraining_data.py:161] masked_lm_positions: 3 15 23 24 0 0 0 0 0 0 0 0 0 0 0 0 0 0 0 0
INFO:tensorflow:masked_lm_ids: 1953 2439 2135 8743 0 0 0 0 0 0 0 0 0 0 0 0 0 0 0 0
I1103 01:19:49.227412 47590167405632 create_pretraining_data.py:161] masked_lm_ids: 1953 2439 2135 8743 0 0 0 0 0 0 0 0 0 0 0 0 0 0 0 0
INFO:tensorflow:masked_lm_weights: 1.0 1.0 1.0 1.0 0.0 0.0 0.0 0.0 0.0 0.0 0.0 0.0 0.0 0.0 0.0 0.0 0.0 0.0 0.0 0.0
I1103 01:19:49.227504 47590167405632 create_pretraining_data.py:161] masked_lm_weights: 1.0 1.0 1.0 1.0 0.0 0.0 0.0 0.0 0.0 0.0 0.0 0.0 0.0 0.0 0.0 0.0 0.0 0.0 0.0 0.0
INFO:tensorflow:next_sentence_labels: 1
I1103 01:19:49.227588 47590167405632 create_pretraining_data.py:161] next_sentence_labels: 1
INFO:tensorflow:*** Example ***
I1103 01:19:49.228167 47590167405632 create_pretraining_data.py:149] *** Example ***
INFO:tensorflow:tokens: [CLS] استخدام [MASK] السخ ##ريه والت ##ذ ##مر من الامور والموا ##قف اليوميه يرفع معدل الذكاء عند الانسان [SEP] ومن في حب مكه قد [MASK] [MASK] [SEP]
I1103 01:19:49.228298 47590167405632 create_pretraining_data.py:151] tokens: [CLS] استخدام [MASK] السخ ##ريه والت ##ذ ##مر من الامور والموا ##قف اليوميه يرفع معدل الذكاء عند الانسان [SEP] ومن في حب مكه قد [MASK] [MASK] [SEP]
INFO:tensorflow:input_ids: 2 3653 4 16217 3129 2211 1035 2026 1908 6537 6202 3241 28009 8844 10578 15878 2192 3858 3 2298 1912 3151 6617 2251 4 4 3 0 0 0 0 0 0 0 0 0 0 0 0 0 0 0 0 0 0 0 0 0 0 0 0 0 0 0 0 0 0 0 0 0 0 0 0 0 0 0 0 0 0 0 0 0 0 0 0 0 0 0 0 0 0 0 0 0 0 0 0 0 0 0 0 0 0 0 0 0 0 0 0 0 0 0 0 0 0 0 0 0 0 0 0 0 0 0 0 0 0 0 0 0 0 0 0 0 0 0 0 0
I1103 01:19:49.228452 47590167405632 create_pretraining_data.py:161] input_ids: 2 3653 4 16217 3129 2211 1035 2026 1908 6537 6202 3241 28009 8844 10578 15878 2192 3858 3 2298 1912 3151 6617 2251 4 4 3 0 0 0 0 0 0 0 0 0 0 0 0 0 0 0 0 0 0 0 0 0 0 0 0 0 0 0 0 0 0 0 0 0 0 0 0 0 0 0 0 0 0 0 0 0 0 0 0 0 0 0 0 0 0 0 0 0 0 0 0 0 0 0 0 0 0 0 0 0 0 0 0 0 0 0 0 0 0 0 0 0 0 0 0 0 0 0 0 0 0 0 0 0 0 0 0 0 0 0 0 0
INFO:tensorflow:input_mask: 1 1 1 1 1 1 1 1 1 1 1 1 1 1 1 1 1 1 1 1 1 1 1 1 1 1 1 0 0 0 0 0 0 0 0 0 0 0 0 0 0 0 0 0 0 0 0 0 0 0 0 0 0 0 0 0 0 0 0 0 0 0 0 0 0 0 0 0 0 0 0 0 0 0 0 0 0 0 0 0 0 0 0 0 0 0 0 0 0 0 0 0 0 0 0 0 0 0 0 0 0 0 0 0 0 0 0 0 0 0 0 0 0 0 0 0 0 0 0 0 0 0 0 0 0 0 0 0
I1103 01:19:49.228579 47590167405632 create_pretraining_data.py:161] input_mask: 1 1 1 1 1 1 1 1 1 1 1 1 1 1 1 1 1 1 1 1 1 1 1 1 1 1 1 0 0 0 0 0 0 0 0 0 0 0 0 0 0 0 0 0 0 0 0 0 0 0 0 0 0 0 0 0 0 0 0 0 0 0 0 0 0 0 0 0 0 0 0 0 0 0 0 0 0 0 0 0 0 0 0 0 0 0 0 0 0 0 0 0 0 0 0 0 0 0 0 0 0 0 0 0 0 0 0 0 0 0 0 0 0 0 0 0 0 0 0 0 0 0 0 0 0 0 0 0
INFO:tensorflow:segment_ids: 0 0 0 0 0 0 0 0 0 0 0 0 0 0 0 0 0 0 0 1 1 1 1 1 1 1 1 0 0 0 0 0 0 0 0 0 0 0 0 0 0 0 0 0 0 0 0 0 0 0 0 0 0 0 0 0 0 0 0 0 0 0 0 0 0 0 0 0 0 0 0 0 0 0 0 0 0 0 0 0 0 0 0 0 0 0 0 0 0 0 0 0 0 0 0 0 0 0 0 0 0 0 0 0 0 0 0 0 0 0 0 0 0 0 0 0 0 0 0 0 0 0 0 0 0 0 0 0
I1103 01:19:49.228701 47590167405632 create_pretraining_data.py:161] segment_ids: 0 0 0 0 0 0 0 0 0 0 0 0 0 0 0 0 0 0 0 1 1 1 1 1 1 1 1 0 0 0 0 0 0 0 0 0 0 0 0 0 0 0 0 0 0 0 0 0 0 0 0 0 0 0 0 0 0 0 0 0 0 0 0 0 0 0 0 0 0 0 0 0 0 0 0 0 0 0 0 0 0 0 0 0 0 0 0 0 0 0 0 0 0 0 0 0 0 0 0 0 0 0 0 0 0 0 0 0 0 0 0 0 0 0 0 0 0 0 0 0 0 0 0 0 0 0 0 0
INFO:tensorflow:masked_lm_positions: 2 12 24 25 0 0 0 0 0 0 0 0 0 0 0 0 0 0 0 0
I1103 01:19:49.228793 47590167405632 create_pretraining_data.py:161] masked_lm_positions: 2 12 24 25 0 0 0 0 0 0 0 0 0 0 0 0 0 0 0 0
INFO:tensorflow:masked_lm_ids: 14319 28009 6689 1015 0 0 0 0 0 0 0 0 0 0 0 0 0 0 0 0
I1103 01:19:49.228883 47590167405632 create_pretraining_data.py:161] masked_lm_ids: 14319 28009 6689 1015 0 0 0 0 0 0 0 0 0 0 0 0 0 0 0 0
INFO:tensorflow:masked_lm_weights: 1.0 1.0 1.0 1.0 0.0 0.0 0.0 0.0 0.0 0.0 0.0 0.0 0.0 0.0 0.0 0.0 0.0 0.0 0.0 0.0
I1103 01:19:49.228976 47590167405632 create_pretraining_data.py:161] masked_lm_weights: 1.0 1.0 1.0 1.0 0.0 0.0 0.0 0.0 0.0 0.0 0.0 0.0 0.0 0.0 0.0 0.0 0.0 0.0 0.0 0.0
INFO:tensorflow:next_sentence_labels: 1
I1103 01:19:49.229060 47590167405632 create_pretraining_data.py:161] next_sentence_labels: 1
INFO:tensorflow:*** Example ***
I1103 01:19:49.229644 47590167405632 create_pretraining_data.py:149] *** Example ***
INFO:tensorflow:tokens: [CLS] اسد السنه سلمان تحت امرك كلنا شيب [MASK] سيف ##ك البت ##ار في نحو ##ر العدو تحت رايه سيدي [MASK] [MASK] [MASK] [MASK] كلنا يا سيدي حضر وبد ##و [SEP] شاب يط ##عن زوجه اخيه وابن ##ائه [MASK] حجر صحيفه المجه ##ر عسير والق [MASK] عبيد ##ه السعوديه المجه ##ر [SEP]
I1103 01:19:49.229781 47590167405632 create_pretraining_data.py:151] tokens: [CLS] اسد السنه سلمان تحت امرك كلنا شيب [MASK] سيف ##ك البت ##ار في نحو ##ر العدو تحت رايه سيدي [MASK] [MASK] [MASK] [MASK] كلنا يا سيدي حضر وبد ##و [SEP] شاب يط ##عن زوجه اخيه وابن ##ائه [MASK] حجر صحيفه المجه ##ر عسير والق [MASK] عبيد ##ه السعوديه المجه ##ر [SEP]
INFO:tensorflow:input_ids: 2 20911 4917 3856 2538 18270 5905 21678 4 6378 1014 11341 1909 1912 3487 1017 7668 2538 21309 7282 4 4 4 4 5905 2104 7282 8444 6726 1012 3 6492 3012 6309 18344 26617 8160 4379 4 8216 10077 14398 1017 8619 3309 4 7733 1028 2721 14398 1017 3 0 0 0 0 0 0 0 0 0 0 0 0 0 0 0 0 0 0 0 0 0 0 0 0 0 0 0 0 0 0 0 0 0 0 0 0 0 0 0 0 0 0 0 0 0 0 0 0 0 0 0 0 0 0 0 0 0 0 0 0 0 0 0 0 0 0 0 0 0 0 0 0 0 0 0 0
I1103 01:19:49.229939 47590167405632 create_pretraining_data.py:161] input_ids: 2 20911 4917 3856 2538 18270 5905 21678 4 6378 1014 11341 1909 1912 3487 1017 7668 2538 21309 7282 4 4 4 4 5905 2104 7282 8444 6726 1012 3 6492 3012 6309 18344 26617 8160 4379 4 8216 10077 14398 1017 8619 3309 4 7733 1028 2721 14398 1017 3 0 0 0 0 0 0 0 0 0 0 0 0 0 0 0 0 0 0 0 0 0 0 0 0 0 0 0 0 0 0 0 0 0 0 0 0 0 0 0 0 0 0 0 0 0 0 0 0 0 0 0 0 0 0 0 0 0 0 0 0 0 0 0 0 0 0 0 0 0 0 0 0 0 0 0 0
INFO:tensorflow:input_mask: 1 1 1 1 1 1 1 1 1 1 1 1 1 1 1 1 1 1 1 1 1 1 1 1 1 1 1 1 1 1 1 1 1 1 1 1 1 1 1 1 1 1 1 1 1 1 1 1 1 1 1 1 0 0 0 0 0 0 0 0 0 0 0 0 0 0 0 0 0 0 0 0 0 0 0 0 0 0 0 0 0 0 0 0 0 0 0 0 0 0 0 0 0 0 0 0 0 0 0 0 0 0 0 0 0 0 0 0 0 0 0 0 0 0 0 0 0 0 0 0 0 0 0 0 0 0 0 0
I1103 01:19:49.230069 47590167405632 create_pretraining_data.py:161] input_mask: 1 1 1 1 1 1 1 1 1 1 1 1 1 1 1 1 1 1 1 1 1 1 1 1 1 1 1 1 1 1 1 1 1 1 1 1 1 1 1 1 1 1 1 1 1 1 1 1 1 1 1 1 0 0 0 0 0 0 0 0 0 0 0 0 0 0 0 0 0 0 0 0 0 0 0 0 0 0 0 0 0 0 0 0 0 0 0 0 0 0 0 0 0 0 0 0 0 0 0 0 0 0 0 0 0 0 0 0 0 0 0 0 0 0 0 0 0 0 0 0 0 0 0 0 0 0 0 0
INFO:tensorflow:segment_ids: 0 0 0 0 0 0 0 0 0 0 0 0 0 0 0 0 0 0 0 0 0 0 0 0 0 0 0 0 0 0 0 1 1 1 1 1 1 1 1 1 1 1 1 1 1 1 1 1 1 1 1 1 0 0 0 0 0 0 0 0 0 0 0 0 0 0 0 0 0 0 0 0 0 0 0 0 0 0 0 0 0 0 0 0 0 0 0 0 0 0 0 0 0 0 0 0 0 0 0 0 0 0 0 0 0 0 0 0 0 0 0 0 0 0 0 0 0 0 0 0 0 0 0 0 0 0 0 0
I1103 01:19:49.230195 47590167405632 create_pretraining_data.py:161] segment_ids: 0 0 0 0 0 0 0 0 0 0 0 0 0 0 0 0 0 0 0 0 0 0 0 0 0 0 0 0 0 0 0 1 1 1 1 1 1 1 1 1 1 1 1 1 1 1 1 1 1 1 1 1 0 0 0 0 0 0 0 0 0 0 0 0 0 0 0 0 0 0 0 0 0 0 0 0 0 0 0 0 0 0 0 0 0 0 0 0 0 0 0 0 0 0 0 0 0 0 0 0 0 0 0 0 0 0 0 0 0 0 0 0 0 0 0 0 0 0 0 0 0 0 0 0 0 0 0 0
INFO:tensorflow:masked_lm_positions: 8 20 21 22 23 38 44 45 0 0 0 0 0 0 0 0 0 0 0 0
I1103 01:19:49.230296 47590167405632 create_pretraining_data.py:161] masked_lm_positions: 8 20 21 22 23 38 44 45 0 0 0 0 0 0 0 0 0 0 0 0
INFO:tensorflow:masked_lm_ids: 24867 24122 1028 2079 1933 16243 8820 1028 0 0 0 0 0 0 0 0 0 0 0 0
I1103 01:19:49.230386 47590167405632 create_pretraining_data.py:161] masked_lm_ids: 24867 24122 1028 2079 1933 16243 8820 1028 0 0 0 0 0 0 0 0 0 0 0 0
INFO:tensorflow:masked_lm_weights: 1.0 1.0 1.0 1.0 1.0 1.0 1.0 1.0 0.0 0.0 0.0 0.0 0.0 0.0 0.0 0.0 0.0 0.0 0.0 0.0
I1103 01:19:49.230480 47590167405632 create_pretraining_data.py:161] masked_lm_weights: 1.0 1.0 1.0 1.0 1.0 1.0 1.0 1.0 0.0 0.0 0.0 0.0 0.0 0.0 0.0 0.0 0.0 0.0 0.0 0.0
INFO:tensorflow:next_sentence_labels: 1
I1103 01:19:49.230564 47590167405632 create_pretraining_data.py:161] next_sentence_labels: 1
INFO:tensorflow:*** Example ***
I1103 01:19:49.231132 47590167405632 create_pretraining_data.py:149] *** Example ***
INFO:tensorflow:tokens: [CLS] رب اغفر وارحم وانت خير الراحمين [SEP] اعترف نائب وزير العمل بان سوق الاست ##قدام شهد عده مستجدات [MASK] السنوات [MASK] ساهمت في الاخ ##لال بتو ##ازن العرض ##لامس [MASK] [SEP]
I1103 01:19:49.231262 47590167405632 create_pretraining_data.py:151] tokens: [CLS] رب اغفر وارحم وانت خير الراحمين [SEP] اعترف نائب وزير العمل بان سوق الاست ##قدام شهد عده مستجدات [MASK] السنوات [MASK] ساهمت في الاخ ##لال بتو ##ازن العرض ##لامس [MASK] [SEP]
INFO:tensorflow:input_ids: 2 2512 5124 8289 3036 2631 11564 3 11583 5219 3075 2854 2768 3689 2320 7011 5270 14201 25116 4 7437 4 21106 1912 2788 2046 10566 16216 6111 25319 4 3 0 0 0 0 0 0 0 0 0 0 0 0 0 0 0 0 0 0 0 0 0 0 0 0 0 0 0 0 0 0 0 0 0 0 0 0 0 0 0 0 0 0 0 0 0 0 0 0 0 0 0 0 0 0 0 0 0 0 0 0 0 0 0 0 0 0 0 0 0 0 0 0 0 0 0 0 0 0 0 0 0 0 0 0 0 0 0 0 0 0 0 0 0 0 0 0
I1103 01:19:49.231404 47590167405632 create_pretraining_data.py:161] input_ids: 2 2512 5124 8289 3036 2631 11564 3 11583 5219 3075 2854 2768 3689 2320 7011 5270 14201 25116 4 7437 4 21106 1912 2788 2046 10566 16216 6111 25319 4 3 0 0 0 0 0 0 0 0 0 0 0 0 0 0 0 0 0 0 0 0 0 0 0 0 0 0 0 0 0 0 0 0 0 0 0 0 0 0 0 0 0 0 0 0 0 0 0 0 0 0 0 0 0 0 0 0 0 0 0 0 0 0 0 0 0 0 0 0 0 0 0 0 0 0 0 0 0 0 0 0 0 0 0 0 0 0 0 0 0 0 0 0 0 0 0 0
INFO:tensorflow:input_mask: 1 1 1 1 1 1 1 1 1 1 1 1 1 1 1 1 1 1 1 1 1 1 1 1 1 1 1 1 1 1 1 1 0 0 0 0 0 0 0 0 0 0 0 0 0 0 0 0 0 0 0 0 0 0 0 0 0 0 0 0 0 0 0 0 0 0 0 0 0 0 0 0 0 0 0 0 0 0 0 0 0 0 0 0 0 0 0 0 0 0 0 0 0 0 0 0 0 0 0 0 0 0 0 0 0 0 0 0 0 0 0 0 0 0 0 0 0 0 0 0 0 0 0 0 0 0 0 0
I1103 01:19:49.231549 47590167405632 create_pretraining_data.py:161] input_mask: 1 1 1 1 1 1 1 1 1 1 1 1 1 1 1 1 1 1 1 1 1 1 1 1 1 1 1 1 1 1 1 1 0 0 0 0 0 0 0 0 0 0 0 0 0 0 0 0 0 0 0 0 0 0 0 0 0 0 0 0 0 0 0 0 0 0 0 0 0 0 0 0 0 0 0 0 0 0 0 0 0 0 0 0 0 0 0 0 0 0 0 0 0 0 0 0 0 0 0 0 0 0 0 0 0 0 0 0 0 0 0 0 0 0 0 0 0 0 0 0 0 0 0 0 0 0 0 0
INFO:tensorflow:segment_ids: 0 0 0 0 0 0 0 0 1 1 1 1 1 1 1 1 1 1 1 1 1 1 1 1 1 1 1 1 1 1 1 1 0 0 0 0 0 0 0 0 0 0 0 0 0 0 0 0 0 0 0 0 0 0 0 0 0 0 0 0 0 0 0 0 0 0 0 0 0 0 0 0 0 0 0 0 0 0 0 0 0 0 0 0 0 0 0 0 0 0 0 0 0 0 0 0 0 0 0 0 0 0 0 0 0 0 0 0 0 0 0 0 0 0 0 0 0 0 0 0 0 0 0 0 0 0 0 0
I1103 01:19:49.231673 47590167405632 create_pretraining_data.py:161] segment_ids: 0 0 0 0 0 0 0 0 1 1 1 1 1 1 1 1 1 1 1 1 1 1 1 1 1 1 1 1 1 1 1 1 0 0 0 0 0 0 0 0 0 0 0 0 0 0 0 0 0 0 0 0 0 0 0 0 0 0 0 0 0 0 0 0 0 0 0 0 0 0 0 0 0 0 0 0 0 0 0 0 0 0 0 0 0 0 0 0 0 0 0 0 0 0 0 0 0 0 0 0 0 0 0 0 0 0 0 0 0 0 0 0 0 0 0 0 0 0 0 0 0 0 0 0 0 0 0 0
INFO:tensorflow:masked_lm_positions: 19 20 21 29 30 0 0 0 0 0 0 0 0 0 0 0 0 0 0 0
I1103 01:19:49.231765 47590167405632 create_pretraining_data.py:161] masked_lm_positions: 19 20 21 29 30 0 0 0 0 0 0 0 0 0 0 0 0 0 0 0
INFO:tensorflow:masked_lm_ids: 2317 7437 22721 25254 2721 0 0 0 0 0 0 0 0 0 0 0 0 0 0 0
I1103 01:19:49.231856 47590167405632 create_pretraining_data.py:161] masked_lm_ids: 2317 7437 22721 25254 2721 0 0 0 0 0 0 0 0 0 0 0 0 0 0 0
INFO:tensorflow:masked_lm_weights: 1.0 1.0 1.0 1.0 1.0 0.0 0.0 0.0 0.0 0.0 0.0 0.0 0.0 0.0 0.0 0.0 0.0 0.0 0.0 0.0
I1103 01:19:49.231949 47590167405632 create_pretraining_data.py:161] masked_lm_weights: 1.0 1.0 1.0 1.0 1.0 0.0 0.0 0.0 0.0 0.0 0.0 0.0 0.0 0.0 0.0 0.0 0.0 0.0 0.0 0.0
INFO:tensorflow:next_sentence_labels: 1
I1103 01:19:49.232033 47590167405632 create_pretraining_data.py:161] next_sentence_labels: 1
INFO:tensorflow:*** Example ***
I1103 01:19:49.232605 47590167405632 create_pretraining_data.py:149] *** Example ***
INFO:tensorflow:tokens: [CLS] الذات العام اشت ##غل هذا العام [SEP] الحياه جميل بالتق ##وي رائع [MASK] الطيران بديع بالت ##واصل فكن مع الل يكن [MASK] معك [SEP]
I1103 01:19:49.232732 47590167405632 create_pretraining_data.py:151] tokens: [CLS] الذات العام اشت ##غل هذا العام [SEP] الحياه جميل بالتق ##وي رائع [MASK] الطيران بديع بالت ##واصل فكن مع الل يكن [MASK] معك [SEP]
INFO:tensorflow:input_ids: 2 5558 2169 3583 3848 2085 2169 3 3014 3814 13045 1971 7018 4 7367 28666 2619 2868 13030 1973 5996 3812 4 4549 3 0 0 0 0 0 0 0 0 0 0 0 0 0 0 0 0 0 0 0 0 0 0 0 0 0 0 0 0 0 0 0 0 0 0 0 0 0 0 0 0 0 0 0 0 0 0 0 0 0 0 0 0 0 0 0 0 0 0 0 0 0 0 0 0 0 0 0 0 0 0 0 0 0 0 0 0 0 0 0 0 0 0 0 0 0 0 0 0 0 0 0 0 0 0 0 0 0 0 0 0 0 0 0
I1103 01:19:49.232871 47590167405632 create_pretraining_data.py:161] input_ids: 2 5558 2169 3583 3848 2085 2169 3 3014 3814 13045 1971 7018 4 7367 28666 2619 2868 13030 1973 5996 3812 4 4549 3 0 0 0 0 0 0 0 0 0 0 0 0 0 0 0 0 0 0 0 0 0 0 0 0 0 0 0 0 0 0 0 0 0 0 0 0 0 0 0 0 0 0 0 0 0 0 0 0 0 0 0 0 0 0 0 0 0 0 0 0 0 0 0 0 0 0 0 0 0 0 0 0 0 0 0 0 0 0 0 0 0 0 0 0 0 0 0 0 0 0 0 0 0 0 0 0 0 0 0 0 0 0 0
INFO:tensorflow:input_mask: 1 1 1 1 1 1 1 1 1 1 1 1 1 1 1 1 1 1 1 1 1 1 1 1 1 0 0 0 0 0 0 0 0 0 0 0 0 0 0 0 0 0 0 0 0 0 0 0 0 0 0 0 0 0 0 0 0 0 0 0 0 0 0 0 0 0 0 0 0 0 0 0 0 0 0 0 0 0 0 0 0 0 0 0 0 0 0 0 0 0 0 0 0 0 0 0 0 0 0 0 0 0 0 0 0 0 0 0 0 0 0 0 0 0 0 0 0 0 0 0 0 0 0 0 0 0 0 0
I1103 01:19:49.233012 47590167405632 create_pretraining_data.py:161] input_mask: 1 1 1 1 1 1 1 1 1 1 1 1 1 1 1 1 1 1 1 1 1 1 1 1 1 0 0 0 0 0 0 0 0 0 0 0 0 0 0 0 0 0 0 0 0 0 0 0 0 0 0 0 0 0 0 0 0 0 0 0 0 0 0 0 0 0 0 0 0 0 0 0 0 0 0 0 0 0 0 0 0 0 0 0 0 0 0 0 0 0 0 0 0 0 0 0 0 0 0 0 0 0 0 0 0 0 0 0 0 0 0 0 0 0 0 0 0 0 0 0 0 0 0 0 0 0 0 0
INFO:tensorflow:segment_ids: 0 0 0 0 0 0 0 0 1 1 1 1 1 1 1 1 1 1 1 1 1 1 1 1 1 0 0 0 0 0 0 0 0 0 0 0 0 0 0 0 0 0 0 0 0 0 0 0 0 0 0 0 0 0 0 0 0 0 0 0 0 0 0 0 0 0 0 0 0 0 0 0 0 0 0 0 0 0 0 0 0 0 0 0 0 0 0 0 0 0 0 0 0 0 0 0 0 0 0 0 0 0 0 0 0 0 0 0 0 0 0 0 0 0 0 0 0 0 0 0 0 0 0 0 0 0 0 0
I1103 01:19:49.233139 47590167405632 create_pretraining_data.py:161] segment_ids: 0 0 0 0 0 0 0 0 1 1 1 1 1 1 1 1 1 1 1 1 1 1 1 1 1 0 0 0 0 0 0 0 0 0 0 0 0 0 0 0 0 0 0 0 0 0 0 0 0 0 0 0 0 0 0 0 0 0 0 0 0 0 0 0 0 0 0 0 0 0 0 0 0 0 0 0 0 0 0 0 0 0 0 0 0 0 0 0 0 0 0 0 0 0 0 0 0 0 0 0 0 0 0 0 0 0 0 0 0 0 0 0 0 0 0 0 0 0 0 0 0 0 0 0 0 0 0 0
INFO:tensorflow:masked_lm_positions: 13 14 18 22 0 0 0 0 0 0 0 0 0 0 0 0 0 0 0 0
I1103 01:19:49.233232 47590167405632 create_pretraining_data.py:161] masked_lm_positions: 13 14 18 22 0 0 0 0 0 0 0 0 0 0 0 0 0 0 0 0
INFO:tensorflow:masked_lm_ids: 13769 4838 13030 5996 0 0 0 0 0 0 0 0 0 0 0 0 0 0 0 0
I1103 01:19:49.234678 47590167405632 create_pretraining_data.py:161] masked_lm_ids: 13769 4838 13030 5996 0 0 0 0 0 0 0 0 0 0 0 0 0 0 0 0
INFO:tensorflow:masked_lm_weights: 1.0 1.0 1.0 1.0 0.0 0.0 0.0 0.0 0.0 0.0 0.0 0.0 0.0 0.0 0.0 0.0 0.0 0.0 0.0 0.0
I1103 01:19:49.234776 47590167405632 create_pretraining_data.py:161] masked_lm_weights: 1.0 1.0 1.0 1.0 0.0 0.0 0.0 0.0 0.0 0.0 0.0 0.0 0.0 0.0 0.0 0.0 0.0 0.0 0.0 0.0
INFO:tensorflow:next_sentence_labels: 1
I1103 01:19:49.234861 47590167405632 create_pretraining_data.py:161] next_sentence_labels: 1
INFO:tensorflow:Wrote 9999570 total instances
I1103 02:29:45.227052 47590167405632 create_pretraining_data.py:166] Wrote 9999570 total instances
