Loading module 'all'
WARNING:tensorflow:From ../bert/create_pretraining_data.py:469: The name tf.app.run is deprecated. Please use tf.compat.v1.app.run instead.

WARNING:tensorflow:From ../bert/create_pretraining_data.py:437: The name tf.logging.set_verbosity is deprecated. Please use tf.compat.v1.logging.set_verbosity instead.

W1103 08:15:42.065079 47763140064320 module_wrapper.py:139] From ../bert/create_pretraining_data.py:437: The name tf.logging.set_verbosity is deprecated. Please use tf.compat.v1.logging.set_verbosity instead.

WARNING:tensorflow:From ../bert/create_pretraining_data.py:437: The name tf.logging.INFO is deprecated. Please use tf.compat.v1.logging.INFO instead.

W1103 08:15:42.065327 47763140064320 module_wrapper.py:139] From ../bert/create_pretraining_data.py:437: The name tf.logging.INFO is deprecated. Please use tf.compat.v1.logging.INFO instead.

WARNING:tensorflow:From /scratch/gi372/CAMeLBERT/bert/tokenization.py:125: The name tf.gfile.GFile is deprecated. Please use tf.io.gfile.GFile instead.

W1103 08:15:42.065536 47763140064320 module_wrapper.py:139] From /scratch/gi372/CAMeLBERT/bert/tokenization.py:125: The name tf.gfile.GFile is deprecated. Please use tf.io.gfile.GFile instead.

WARNING:tensorflow:From ../bert/create_pretraining_data.py:444: The name tf.gfile.Glob is deprecated. Please use tf.io.gfile.glob instead.

W1103 08:15:42.172481 47763140064320 module_wrapper.py:139] From ../bert/create_pretraining_data.py:444: The name tf.gfile.Glob is deprecated. Please use tf.io.gfile.glob instead.

WARNING:tensorflow:From ../bert/create_pretraining_data.py:446: The name tf.logging.info is deprecated. Please use tf.compat.v1.logging.info instead.

W1103 08:15:42.207826 47763140064320 module_wrapper.py:139] From ../bert/create_pretraining_data.py:446: The name tf.logging.info is deprecated. Please use tf.compat.v1.logging.info instead.

INFO:tensorflow:*** Reading from input files ***
I1103 08:15:42.208107 47763140064320 create_pretraining_data.py:446] *** Reading from input files ***
INFO:tensorflow:  ../corpora/shards/DA-ali2019-500m-tweet.bw.ar.lines.shard.213.normalized.sents
I1103 08:15:42.208208 47763140064320 create_pretraining_data.py:448]   ../corpora/shards/DA-ali2019-500m-tweet.bw.ar.lines.shard.213.normalized.sents
INFO:tensorflow:*** Writing to output files ***
I1103 08:55:05.562954 47763140064320 create_pretraining_data.py:457] *** Writing to output files ***
INFO:tensorflow:  ../corpora/tfrecord_wp-30k_msl-128/DA-ali2019-500m-tweet.bw.ar.lines.shard.213.tf_record
I1103 08:55:05.656509 47763140064320 create_pretraining_data.py:459]   ../corpora/tfrecord_wp-30k_msl-128/DA-ali2019-500m-tweet.bw.ar.lines.shard.213.tf_record
WARNING:tensorflow:From ../bert/create_pretraining_data.py:101: The name tf.python_io.TFRecordWriter is deprecated. Please use tf.io.TFRecordWriter instead.

W1103 08:55:05.721836 47763140064320 module_wrapper.py:139] From ../bert/create_pretraining_data.py:101: The name tf.python_io.TFRecordWriter is deprecated. Please use tf.io.TFRecordWriter instead.

INFO:tensorflow:*** Example ***
I1103 08:55:06.007420 47763140064320 create_pretraining_data.py:149] *** Example ***
INFO:tensorflow:tokens: [CLS] الله ي ##يار ##ك فيك يار ##اعي القول يام ##سن ##د المضي ##وم [MASK] زاد القبلة [MASK] انتم لنا بالو ##قت نبراس وحلول بالتج ##ربه والمع ##رفه والشر ##اسه [SEP] ولان الفرح يليق بقلوب ##نا [MASK] [MASK] [MASK] ياالله [SEP]
I1103 08:55:06.008383 47763140064320 create_pretraining_data.py:151] tokens: [CLS] الله ي ##يار ##ك فيك يار ##اعي القول يام ##سن ##د المضي ##وم [MASK] زاد القبلة [MASK] انتم لنا بالو ##قت نبراس وحلول بالتج ##ربه والمع ##رفه والشر ##اسه [SEP] ولان الفرح يليق بقلوب ##نا [MASK] [MASK] [MASK] ياالله [SEP]
INFO:tensorflow:input_ids: 2 1953 417 4003 1014 4017 6502 5313 6661 5913 2513 1016 19584 1967 4 6320 28436 4 7369 2776 19442 2039 20969 9587 28190 4087 4045 4711 12367 27466 3 16323 5892 13614 20989 1914 4 4 4 19510 3 0 0 0 0 0 0 0 0 0 0 0 0 0 0 0 0 0 0 0 0 0 0 0 0 0 0 0 0 0 0 0 0 0 0 0 0 0 0 0 0 0 0 0 0 0 0 0 0 0 0 0 0 0 0 0 0 0 0 0 0 0 0 0 0 0 0 0 0 0 0 0 0 0 0 0 0 0 0 0 0 0 0 0 0 0 0 0
I1103 08:55:06.009863 47763140064320 create_pretraining_data.py:161] input_ids: 2 1953 417 4003 1014 4017 6502 5313 6661 5913 2513 1016 19584 1967 4 6320 28436 4 7369 2776 19442 2039 20969 9587 28190 4087 4045 4711 12367 27466 3 16323 5892 13614 20989 1914 4 4 4 19510 3 0 0 0 0 0 0 0 0 0 0 0 0 0 0 0 0 0 0 0 0 0 0 0 0 0 0 0 0 0 0 0 0 0 0 0 0 0 0 0 0 0 0 0 0 0 0 0 0 0 0 0 0 0 0 0 0 0 0 0 0 0 0 0 0 0 0 0 0 0 0 0 0 0 0 0 0 0 0 0 0 0 0 0 0 0 0 0
INFO:tensorflow:input_mask: 1 1 1 1 1 1 1 1 1 1 1 1 1 1 1 1 1 1 1 1 1 1 1 1 1 1 1 1 1 1 1 1 1 1 1 1 1 1 1 1 1 0 0 0 0 0 0 0 0 0 0 0 0 0 0 0 0 0 0 0 0 0 0 0 0 0 0 0 0 0 0 0 0 0 0 0 0 0 0 0 0 0 0 0 0 0 0 0 0 0 0 0 0 0 0 0 0 0 0 0 0 0 0 0 0 0 0 0 0 0 0 0 0 0 0 0 0 0 0 0 0 0 0 0 0 0 0 0
I1103 08:55:06.010137 47763140064320 create_pretraining_data.py:161] input_mask: 1 1 1 1 1 1 1 1 1 1 1 1 1 1 1 1 1 1 1 1 1 1 1 1 1 1 1 1 1 1 1 1 1 1 1 1 1 1 1 1 1 0 0 0 0 0 0 0 0 0 0 0 0 0 0 0 0 0 0 0 0 0 0 0 0 0 0 0 0 0 0 0 0 0 0 0 0 0 0 0 0 0 0 0 0 0 0 0 0 0 0 0 0 0 0 0 0 0 0 0 0 0 0 0 0 0 0 0 0 0 0 0 0 0 0 0 0 0 0 0 0 0 0 0 0 0 0 0
INFO:tensorflow:segment_ids: 0 0 0 0 0 0 0 0 0 0 0 0 0 0 0 0 0 0 0 0 0 0 0 0 0 0 0 0 0 0 0 1 1 1 1 1 1 1 1 1 1 0 0 0 0 0 0 0 0 0 0 0 0 0 0 0 0 0 0 0 0 0 0 0 0 0 0 0 0 0 0 0 0 0 0 0 0 0 0 0 0 0 0 0 0 0 0 0 0 0 0 0 0 0 0 0 0 0 0 0 0 0 0 0 0 0 0 0 0 0 0 0 0 0 0 0 0 0 0 0 0 0 0 0 0 0 0 0
I1103 08:55:06.010369 47763140064320 create_pretraining_data.py:161] segment_ids: 0 0 0 0 0 0 0 0 0 0 0 0 0 0 0 0 0 0 0 0 0 0 0 0 0 0 0 0 0 0 0 1 1 1 1 1 1 1 1 1 1 0 0 0 0 0 0 0 0 0 0 0 0 0 0 0 0 0 0 0 0 0 0 0 0 0 0 0 0 0 0 0 0 0 0 0 0 0 0 0 0 0 0 0 0 0 0 0 0 0 0 0 0 0 0 0 0 0 0 0 0 0 0 0 0 0 0 0 0 0 0 0 0 0 0 0 0 0 0 0 0 0 0 0 0 0 0 0
INFO:tensorflow:masked_lm_positions: 14 16 17 36 37 38 0 0 0 0 0 0 0 0 0 0 0 0 0 0
I1103 08:55:06.010533 47763140064320 create_pretraining_data.py:161] masked_lm_positions: 14 16 17 36 37 38 0 0 0 0 0 0 0 0 0 0 0 0 0 0
INFO:tensorflow:masked_lm_ids: 1963 6736 1028 8403 1007 2249 0 0 0 0 0 0 0 0 0 0 0 0 0 0
I1103 08:55:06.010691 47763140064320 create_pretraining_data.py:161] masked_lm_ids: 1963 6736 1028 8403 1007 2249 0 0 0 0 0 0 0 0 0 0 0 0 0 0
INFO:tensorflow:masked_lm_weights: 1.0 1.0 1.0 1.0 1.0 1.0 0.0 0.0 0.0 0.0 0.0 0.0 0.0 0.0 0.0 0.0 0.0 0.0 0.0 0.0
I1103 08:55:06.011771 47763140064320 create_pretraining_data.py:161] masked_lm_weights: 1.0 1.0 1.0 1.0 1.0 1.0 0.0 0.0 0.0 0.0 0.0 0.0 0.0 0.0 0.0 0.0 0.0 0.0 0.0 0.0
INFO:tensorflow:next_sentence_labels: 1
I1103 08:55:06.011931 47763140064320 create_pretraining_data.py:161] next_sentence_labels: 1
INFO:tensorflow:*** Example ***
I1103 08:55:06.013091 47763140064320 create_pretraining_data.py:149] *** Example ***
INFO:tensorflow:tokens: [CLS] رحت امتحان مت ##اخر ##ه و [MASK] الناس [MASK] [MASK] من اللجنه [MASK] خلص ##وا جيت ادخل صح ##ابي قالو ##لي خد ##نا ورقه [MASK] كتب ##نا اسمك و امت ##حنا ##لك [SEP] اقرا ايه الكرسي قبل نومك فانها حافظ ##ه لك باذن الله قران [SEP]
I1103 08:55:06.013339 47763140064320 create_pretraining_data.py:151] tokens: [CLS] رحت امتحان مت ##اخر ##ه و [MASK] الناس [MASK] [MASK] من اللجنه [MASK] خلص ##وا جيت ادخل صح ##ابي قالو ##لي خد ##نا ورقه [MASK] كتب ##نا اسمك و امت ##حنا ##لك [SEP] اقرا ايه الكرسي قبل نومك فانها حافظ ##ه لك باذن الله قران [SEP]
INFO:tensorflow:input_ids: 2 17957 10579 2068 10486 1028 415 4 2397 4 4 1908 22789 4 10770 1928 8174 10571 2786 3748 12435 1907 9197 1914 17772 4 3199 1914 11123 415 5033 11116 1934 3 10168 4138 13489 2289 23711 9745 6813 1028 2278 4292 1953 11259 3 0 0 0 0 0 0 0 0 0 0 0 0 0 0 0 0 0 0 0 0 0 0 0 0 0 0 0 0 0 0 0 0 0 0 0 0 0 0 0 0 0 0 0 0 0 0 0 0 0 0 0 0 0 0 0 0 0 0 0 0 0 0 0 0 0 0 0 0 0 0 0 0 0 0 0 0 0 0 0 0 0
I1103 08:55:06.013595 47763140064320 create_pretraining_data.py:161] input_ids: 2 17957 10579 2068 10486 1028 415 4 2397 4 4 1908 22789 4 10770 1928 8174 10571 2786 3748 12435 1907 9197 1914 17772 4 3199 1914 11123 415 5033 11116 1934 3 10168 4138 13489 2289 23711 9745 6813 1028 2278 4292 1953 11259 3 0 0 0 0 0 0 0 0 0 0 0 0 0 0 0 0 0 0 0 0 0 0 0 0 0 0 0 0 0 0 0 0 0 0 0 0 0 0 0 0 0 0 0 0 0 0 0 0 0 0 0 0 0 0 0 0 0 0 0 0 0 0 0 0 0 0 0 0 0 0 0 0 0 0 0 0 0 0 0 0 0
INFO:tensorflow:input_mask: 1 1 1 1 1 1 1 1 1 1 1 1 1 1 1 1 1 1 1 1 1 1 1 1 1 1 1 1 1 1 1 1 1 1 1 1 1 1 1 1 1 1 1 1 1 1 1 0 0 0 0 0 0 0 0 0 0 0 0 0 0 0 0 0 0 0 0 0 0 0 0 0 0 0 0 0 0 0 0 0 0 0 0 0 0 0 0 0 0 0 0 0 0 0 0 0 0 0 0 0 0 0 0 0 0 0 0 0 0 0 0 0 0 0 0 0 0 0 0 0 0 0 0 0 0 0 0 0
I1103 08:55:06.013846 47763140064320 create_pretraining_data.py:161] input_mask: 1 1 1 1 1 1 1 1 1 1 1 1 1 1 1 1 1 1 1 1 1 1 1 1 1 1 1 1 1 1 1 1 1 1 1 1 1 1 1 1 1 1 1 1 1 1 1 0 0 0 0 0 0 0 0 0 0 0 0 0 0 0 0 0 0 0 0 0 0 0 0 0 0 0 0 0 0 0 0 0 0 0 0 0 0 0 0 0 0 0 0 0 0 0 0 0 0 0 0 0 0 0 0 0 0 0 0 0 0 0 0 0 0 0 0 0 0 0 0 0 0 0 0 0 0 0 0 0
INFO:tensorflow:segment_ids: 0 0 0 0 0 0 0 0 0 0 0 0 0 0 0 0 0 0 0 0 0 0 0 0 0 0 0 0 0 0 0 0 0 0 1 1 1 1 1 1 1 1 1 1 1 1 1 0 0 0 0 0 0 0 0 0 0 0 0 0 0 0 0 0 0 0 0 0 0 0 0 0 0 0 0 0 0 0 0 0 0 0 0 0 0 0 0 0 0 0 0 0 0 0 0 0 0 0 0 0 0 0 0 0 0 0 0 0 0 0 0 0 0 0 0 0 0 0 0 0 0 0 0 0 0 0 0 0
I1103 08:55:06.014064 47763140064320 create_pretraining_data.py:161] segment_ids: 0 0 0 0 0 0 0 0 0 0 0 0 0 0 0 0 0 0 0 0 0 0 0 0 0 0 0 0 0 0 0 0 0 0 1 1 1 1 1 1 1 1 1 1 1 1 1 0 0 0 0 0 0 0 0 0 0 0 0 0 0 0 0 0 0 0 0 0 0 0 0 0 0 0 0 0 0 0 0 0 0 0 0 0 0 0 0 0 0 0 0 0 0 0 0 0 0 0 0 0 0 0 0 0 0 0 0 0 0 0 0 0 0 0 0 0 0 0 0 0 0 0 0 0 0 0 0 0
INFO:tensorflow:masked_lm_positions: 1 7 9 10 13 25 39 0 0 0 0 0 0 0 0 0 0 0 0 0
I1103 08:55:06.014227 47763140064320 create_pretraining_data.py:161] masked_lm_positions: 1 7 9 10 13 25 39 0 0 0 0 0 0 0 0 0 0 0 0 0
INFO:tensorflow:masked_lm_ids: 17957 13508 16427 1911 415 415 9745 0 0 0 0 0 0 0 0 0 0 0 0 0
I1103 08:55:06.014393 47763140064320 create_pretraining_data.py:161] masked_lm_ids: 17957 13508 16427 1911 415 415 9745 0 0 0 0 0 0 0 0 0 0 0 0 0
INFO:tensorflow:masked_lm_weights: 1.0 1.0 1.0 1.0 1.0 1.0 1.0 0.0 0.0 0.0 0.0 0.0 0.0 0.0 0.0 0.0 0.0 0.0 0.0 0.0
I1103 08:55:06.014554 47763140064320 create_pretraining_data.py:161] masked_lm_weights: 1.0 1.0 1.0 1.0 1.0 1.0 1.0 0.0 0.0 0.0 0.0 0.0 0.0 0.0 0.0 0.0 0.0 0.0 0.0 0.0
INFO:tensorflow:next_sentence_labels: 1
I1103 08:55:06.014697 47763140064320 create_pretraining_data.py:161] next_sentence_labels: 1
INFO:tensorflow:*** Example ***
I1103 08:55:06.015759 47763140064320 create_pretraining_data.py:149] *** Example ***
INFO:tensorflow:tokens: [CLS] 24 ليبيا 24 قناه ليبيا [MASK] الاخوه الج ##ضر ##ان معاد ##له النفط [MASK] [MASK] والار ##هاب [SEP] امن يجيب المض ##طر [MASK] دعاه ويك ##شف السوء [SEP]
I1103 08:55:06.015976 47763140064320 create_pretraining_data.py:151] tokens: [CLS] 24 ليبيا 24 قناه ليبيا [MASK] الاخوه الج ##ضر ##ان معاد ##له النفط [MASK] [MASK] والار ##هاب [SEP] امن يجيب المض ##طر [MASK] دعاه ويك ##شف السوء [SEP]
INFO:tensorflow:input_ids: 2 3789 5713 3789 5994 5713 4 18353 1970 2511 1906 17339 1917 5343 4 4 12262 3237 3 4135 8843 5745 2248 4 20072 10891 2504 13684 3 0 0 0 0 0 0 0 0 0 0 0 0 0 0 0 0 0 0 0 0 0 0 0 0 0 0 0 0 0 0 0 0 0 0 0 0 0 0 0 0 0 0 0 0 0 0 0 0 0 0 0 0 0 0 0 0 0 0 0 0 0 0 0 0 0 0 0 0 0 0 0 0 0 0 0 0 0 0 0 0 0 0 0 0 0 0 0 0 0 0 0 0 0 0 0 0 0 0 0
I1103 08:55:06.016223 47763140064320 create_pretraining_data.py:161] input_ids: 2 3789 5713 3789 5994 5713 4 18353 1970 2511 1906 17339 1917 5343 4 4 12262 3237 3 4135 8843 5745 2248 4 20072 10891 2504 13684 3 0 0 0 0 0 0 0 0 0 0 0 0 0 0 0 0 0 0 0 0 0 0 0 0 0 0 0 0 0 0 0 0 0 0 0 0 0 0 0 0 0 0 0 0 0 0 0 0 0 0 0 0 0 0 0 0 0 0 0 0 0 0 0 0 0 0 0 0 0 0 0 0 0 0 0 0 0 0 0 0 0 0 0 0 0 0 0 0 0 0 0 0 0 0 0 0 0 0 0
INFO:tensorflow:input_mask: 1 1 1 1 1 1 1 1 1 1 1 1 1 1 1 1 1 1 1 1 1 1 1 1 1 1 1 1 1 0 0 0 0 0 0 0 0 0 0 0 0 0 0 0 0 0 0 0 0 0 0 0 0 0 0 0 0 0 0 0 0 0 0 0 0 0 0 0 0 0 0 0 0 0 0 0 0 0 0 0 0 0 0 0 0 0 0 0 0 0 0 0 0 0 0 0 0 0 0 0 0 0 0 0 0 0 0 0 0 0 0 0 0 0 0 0 0 0 0 0 0 0 0 0 0 0 0 0
I1103 08:55:06.016468 47763140064320 create_pretraining_data.py:161] input_mask: 1 1 1 1 1 1 1 1 1 1 1 1 1 1 1 1 1 1 1 1 1 1 1 1 1 1 1 1 1 0 0 0 0 0 0 0 0 0 0 0 0 0 0 0 0 0 0 0 0 0 0 0 0 0 0 0 0 0 0 0 0 0 0 0 0 0 0 0 0 0 0 0 0 0 0 0 0 0 0 0 0 0 0 0 0 0 0 0 0 0 0 0 0 0 0 0 0 0 0 0 0 0 0 0 0 0 0 0 0 0 0 0 0 0 0 0 0 0 0 0 0 0 0 0 0 0 0 0
INFO:tensorflow:segment_ids: 0 0 0 0 0 0 0 0 0 0 0 0 0 0 0 0 0 0 0 1 1 1 1 1 1 1 1 1 1 0 0 0 0 0 0 0 0 0 0 0 0 0 0 0 0 0 0 0 0 0 0 0 0 0 0 0 0 0 0 0 0 0 0 0 0 0 0 0 0 0 0 0 0 0 0 0 0 0 0 0 0 0 0 0 0 0 0 0 0 0 0 0 0 0 0 0 0 0 0 0 0 0 0 0 0 0 0 0 0 0 0 0 0 0 0 0 0 0 0 0 0 0 0 0 0 0 0 0
I1103 08:55:06.016720 47763140064320 create_pretraining_data.py:161] segment_ids: 0 0 0 0 0 0 0 0 0 0 0 0 0 0 0 0 0 0 0 1 1 1 1 1 1 1 1 1 1 0 0 0 0 0 0 0 0 0 0 0 0 0 0 0 0 0 0 0 0 0 0 0 0 0 0 0 0 0 0 0 0 0 0 0 0 0 0 0 0 0 0 0 0 0 0 0 0 0 0 0 0 0 0 0 0 0 0 0 0 0 0 0 0 0 0 0 0 0 0 0 0 0 0 0 0 0 0 0 0 0 0 0 0 0 0 0 0 0 0 0 0 0 0 0 0 0 0 0
INFO:tensorflow:masked_lm_positions: 6 14 15 23 0 0 0 0 0 0 0 0 0 0 0 0 0 0 0 0
I1103 08:55:06.016839 47763140064320 create_pretraining_data.py:161] masked_lm_positions: 6 14 15 23 0 0 0 0 0 0 0 0 0 0 0 0 0 0 0 0
INFO:tensorflow:masked_lm_ids: 3789 6698 2824 2387 0 0 0 0 0 0 0 0 0 0 0 0 0 0 0 0
I1103 08:55:06.016954 47763140064320 create_pretraining_data.py:161] masked_lm_ids: 3789 6698 2824 2387 0 0 0 0 0 0 0 0 0 0 0 0 0 0 0 0
INFO:tensorflow:masked_lm_weights: 1.0 1.0 1.0 1.0 0.0 0.0 0.0 0.0 0.0 0.0 0.0 0.0 0.0 0.0 0.0 0.0 0.0 0.0 0.0 0.0
I1103 08:55:06.017070 47763140064320 create_pretraining_data.py:161] masked_lm_weights: 1.0 1.0 1.0 1.0 0.0 0.0 0.0 0.0 0.0 0.0 0.0 0.0 0.0 0.0 0.0 0.0 0.0 0.0 0.0 0.0
INFO:tensorflow:next_sentence_labels: 1
I1103 08:55:06.017176 47763140064320 create_pretraining_data.py:161] next_sentence_labels: 1
INFO:tensorflow:*** Example ***
I1103 08:55:06.017991 47763140064320 create_pretraining_data.py:149] *** Example ***
INFO:tensorflow:tokens: [CLS] سياسه سوريا اول انتشار بري للقوات شارل بسوريا حول سد تشرين [SEP] النوم مان ##خل ##ق لعيون [MASK] [MASK] [SEP]
I1103 08:55:06.018146 47763140064320 create_pretraining_data.py:151] tokens: [CLS] سياسه سوريا اول انتشار بري للقوات شارل بسوريا حول سد تشرين [SEP] النوم مان ##خل ##ق لعيون [MASK] [MASK] [SEP]
INFO:tensorflow:input_ids: 2 24711 3379 3085 9447 4836 13545 29520 28713 2528 10325 6264 3 4967 4093 2325 1011 16437 4 4 3 0 0 0 0 0 0 0 0 0 0 0 0 0 0 0 0 0 0 0 0 0 0 0 0 0 0 0 0 0 0 0 0 0 0 0 0 0 0 0 0 0 0 0 0 0 0 0 0 0 0 0 0 0 0 0 0 0 0 0 0 0 0 0 0 0 0 0 0 0 0 0 0 0 0 0 0 0 0 0 0 0 0 0 0 0 0 0 0 0 0 0 0 0 0 0 0 0 0 0 0 0 0 0 0 0 0 0
I1103 08:55:06.018327 47763140064320 create_pretraining_data.py:161] input_ids: 2 24711 3379 3085 9447 4836 13545 29520 28713 2528 10325 6264 3 4967 4093 2325 1011 16437 4 4 3 0 0 0 0 0 0 0 0 0 0 0 0 0 0 0 0 0 0 0 0 0 0 0 0 0 0 0 0 0 0 0 0 0 0 0 0 0 0 0 0 0 0 0 0 0 0 0 0 0 0 0 0 0 0 0 0 0 0 0 0 0 0 0 0 0 0 0 0 0 0 0 0 0 0 0 0 0 0 0 0 0 0 0 0 0 0 0 0 0 0 0 0 0 0 0 0 0 0 0 0 0 0 0 0 0 0 0
INFO:tensorflow:input_mask: 1 1 1 1 1 1 1 1 1 1 1 1 1 1 1 1 1 1 1 1 1 0 0 0 0 0 0 0 0 0 0 0 0 0 0 0 0 0 0 0 0 0 0 0 0 0 0 0 0 0 0 0 0 0 0 0 0 0 0 0 0 0 0 0 0 0 0 0 0 0 0 0 0 0 0 0 0 0 0 0 0 0 0 0 0 0 0 0 0 0 0 0 0 0 0 0 0 0 0 0 0 0 0 0 0 0 0 0 0 0 0 0 0 0 0 0 0 0 0 0 0 0 0 0 0 0 0 0
I1103 08:55:06.018493 47763140064320 create_pretraining_data.py:161] input_mask: 1 1 1 1 1 1 1 1 1 1 1 1 1 1 1 1 1 1 1 1 1 0 0 0 0 0 0 0 0 0 0 0 0 0 0 0 0 0 0 0 0 0 0 0 0 0 0 0 0 0 0 0 0 0 0 0 0 0 0 0 0 0 0 0 0 0 0 0 0 0 0 0 0 0 0 0 0 0 0 0 0 0 0 0 0 0 0 0 0 0 0 0 0 0 0 0 0 0 0 0 0 0 0 0 0 0 0 0 0 0 0 0 0 0 0 0 0 0 0 0 0 0 0 0 0 0 0 0
INFO:tensorflow:segment_ids: 0 0 0 0 0 0 0 0 0 0 0 0 0 1 1 1 1 1 1 1 1 0 0 0 0 0 0 0 0 0 0 0 0 0 0 0 0 0 0 0 0 0 0 0 0 0 0 0 0 0 0 0 0 0 0 0 0 0 0 0 0 0 0 0 0 0 0 0 0 0 0 0 0 0 0 0 0 0 0 0 0 0 0 0 0 0 0 0 0 0 0 0 0 0 0 0 0 0 0 0 0 0 0 0 0 0 0 0 0 0 0 0 0 0 0 0 0 0 0 0 0 0 0 0 0 0 0 0
I1103 08:55:06.018652 47763140064320 create_pretraining_data.py:161] segment_ids: 0 0 0 0 0 0 0 0 0 0 0 0 0 1 1 1 1 1 1 1 1 0 0 0 0 0 0 0 0 0 0 0 0 0 0 0 0 0 0 0 0 0 0 0 0 0 0 0 0 0 0 0 0 0 0 0 0 0 0 0 0 0 0 0 0 0 0 0 0 0 0 0 0 0 0 0 0 0 0 0 0 0 0 0 0 0 0 0 0 0 0 0 0 0 0 0 0 0 0 0 0 0 0 0 0 0 0 0 0 0 0 0 0 0 0 0 0 0 0 0 0 0 0 0 0 0 0 0
INFO:tensorflow:masked_lm_positions: 7 18 19 0 0 0 0 0 0 0 0 0 0 0 0 0 0 0 0 0
I1103 08:55:06.018789 47763140064320 create_pretraining_data.py:161] masked_lm_positions: 7 18 19 0 0 0 0 0 0 0 0 0 0 0 0 0 0 0 0 0
INFO:tensorflow:masked_lm_ids: 15318 2130 2738 0 0 0 0 0 0 0 0 0 0 0 0 0 0 0 0 0
I1103 08:55:06.018903 47763140064320 create_pretraining_data.py:161] masked_lm_ids: 15318 2130 2738 0 0 0 0 0 0 0 0 0 0 0 0 0 0 0 0 0
INFO:tensorflow:masked_lm_weights: 1.0 1.0 1.0 0.0 0.0 0.0 0.0 0.0 0.0 0.0 0.0 0.0 0.0 0.0 0.0 0.0 0.0 0.0 0.0 0.0
I1103 08:55:06.019019 47763140064320 create_pretraining_data.py:161] masked_lm_weights: 1.0 1.0 1.0 0.0 0.0 0.0 0.0 0.0 0.0 0.0 0.0 0.0 0.0 0.0 0.0 0.0 0.0 0.0 0.0 0.0
INFO:tensorflow:next_sentence_labels: 1
I1103 08:55:06.019124 47763140064320 create_pretraining_data.py:161] next_sentence_labels: 1
INFO:tensorflow:*** Example ***
I1103 08:55:06.019847 47763140064320 create_pretraining_data.py:149] *** Example ***
INFO:tensorflow:tokens: [CLS] 74 الان 15 الف ريال والله يبارك ف مال واهل بالشعر [MASK] من ساعد ##ها [SEP] ذ ##س [SEP]
I1103 08:55:06.019999 47763140064320 create_pretraining_data.py:151] tokens: [CLS] 74 الان 15 الف ريال والله يبارك ف مال واهل بالشعر [MASK] من ساعد ##ها [SEP] ذ ##س [SEP]
INFO:tensorflow:input_ids: 2 16856 2311 2986 1980 3108 2706 16315 408 4133 21139 15272 4 1908 9356 1913 3 396 1033 3 0 0 0 0 0 0 0 0 0 0 0 0 0 0 0 0 0 0 0 0 0 0 0 0 0 0 0 0 0 0 0 0 0 0 0 0 0 0 0 0 0 0 0 0 0 0 0 0 0 0 0 0 0 0 0 0 0 0 0 0 0 0 0 0 0 0 0 0 0 0 0 0 0 0 0 0 0 0 0 0 0 0 0 0 0 0 0 0 0 0 0 0 0 0 0 0 0 0 0 0 0 0 0 0 0 0 0 0
I1103 08:55:06.020173 47763140064320 create_pretraining_data.py:161] input_ids: 2 16856 2311 2986 1980 3108 2706 16315 408 4133 21139 15272 4 1908 9356 1913 3 396 1033 3 0 0 0 0 0 0 0 0 0 0 0 0 0 0 0 0 0 0 0 0 0 0 0 0 0 0 0 0 0 0 0 0 0 0 0 0 0 0 0 0 0 0 0 0 0 0 0 0 0 0 0 0 0 0 0 0 0 0 0 0 0 0 0 0 0 0 0 0 0 0 0 0 0 0 0 0 0 0 0 0 0 0 0 0 0 0 0 0 0 0 0 0 0 0 0 0 0 0 0 0 0 0 0 0 0 0 0 0
INFO:tensorflow:input_mask: 1 1 1 1 1 1 1 1 1 1 1 1 1 1 1 1 1 1 1 1 0 0 0 0 0 0 0 0 0 0 0 0 0 0 0 0 0 0 0 0 0 0 0 0 0 0 0 0 0 0 0 0 0 0 0 0 0 0 0 0 0 0 0 0 0 0 0 0 0 0 0 0 0 0 0 0 0 0 0 0 0 0 0 0 0 0 0 0 0 0 0 0 0 0 0 0 0 0 0 0 0 0 0 0 0 0 0 0 0 0 0 0 0 0 0 0 0 0 0 0 0 0 0 0 0 0 0 0
I1103 08:55:06.020344 47763140064320 create_pretraining_data.py:161] input_mask: 1 1 1 1 1 1 1 1 1 1 1 1 1 1 1 1 1 1 1 1 0 0 0 0 0 0 0 0 0 0 0 0 0 0 0 0 0 0 0 0 0 0 0 0 0 0 0 0 0 0 0 0 0 0 0 0 0 0 0 0 0 0 0 0 0 0 0 0 0 0 0 0 0 0 0 0 0 0 0 0 0 0 0 0 0 0 0 0 0 0 0 0 0 0 0 0 0 0 0 0 0 0 0 0 0 0 0 0 0 0 0 0 0 0 0 0 0 0 0 0 0 0 0 0 0 0 0 0
INFO:tensorflow:segment_ids: 0 0 0 0 0 0 0 0 0 0 0 0 0 0 0 0 0 1 1 1 0 0 0 0 0 0 0 0 0 0 0 0 0 0 0 0 0 0 0 0 0 0 0 0 0 0 0 0 0 0 0 0 0 0 0 0 0 0 0 0 0 0 0 0 0 0 0 0 0 0 0 0 0 0 0 0 0 0 0 0 0 0 0 0 0 0 0 0 0 0 0 0 0 0 0 0 0 0 0 0 0 0 0 0 0 0 0 0 0 0 0 0 0 0 0 0 0 0 0 0 0 0 0 0 0 0 0 0
I1103 08:55:06.020504 47763140064320 create_pretraining_data.py:161] segment_ids: 0 0 0 0 0 0 0 0 0 0 0 0 0 0 0 0 0 1 1 1 0 0 0 0 0 0 0 0 0 0 0 0 0 0 0 0 0 0 0 0 0 0 0 0 0 0 0 0 0 0 0 0 0 0 0 0 0 0 0 0 0 0 0 0 0 0 0 0 0 0 0 0 0 0 0 0 0 0 0 0 0 0 0 0 0 0 0 0 0 0 0 0 0 0 0 0 0 0 0 0 0 0 0 0 0 0 0 0 0 0 0 0 0 0 0 0 0 0 0 0 0 0 0 0 0 0 0 0
INFO:tensorflow:masked_lm_positions: 1 11 12 0 0 0 0 0 0 0 0 0 0 0 0 0 0 0 0 0
I1103 08:55:06.020624 47763140064320 create_pretraining_data.py:161] masked_lm_positions: 1 11 12 0 0 0 0 0 0 0 0 0 0 0 0 0 0 0 0 0
INFO:tensorflow:masked_lm_ids: 13768 6637 3129 0 0 0 0 0 0 0 0 0 0 0 0 0 0 0 0 0
I1103 08:55:06.020739 47763140064320 create_pretraining_data.py:161] masked_lm_ids: 13768 6637 3129 0 0 0 0 0 0 0 0 0 0 0 0 0 0 0 0 0
INFO:tensorflow:masked_lm_weights: 1.0 1.0 1.0 0.0 0.0 0.0 0.0 0.0 0.0 0.0 0.0 0.0 0.0 0.0 0.0 0.0 0.0 0.0 0.0 0.0
I1103 08:55:06.020874 47763140064320 create_pretraining_data.py:161] masked_lm_weights: 1.0 1.0 1.0 0.0 0.0 0.0 0.0 0.0 0.0 0.0 0.0 0.0 0.0 0.0 0.0 0.0 0.0 0.0 0.0 0.0
INFO:tensorflow:next_sentence_labels: 1
I1103 08:55:06.020981 47763140064320 create_pretraining_data.py:161] next_sentence_labels: 1
INFO:tensorflow:*** Example ***
I1103 08:55:06.021720 47763140064320 create_pretraining_data.py:149] *** Example ***
INFO:tensorflow:tokens: [CLS] من يمتلك العافيه ف و في قم السعاده [SEP] افضل بدايه ليوم ##ك هي صلاه الفجر في [MASK] [MASK] [SEP]
I1103 08:55:06.021875 47763140064320 create_pretraining_data.py:151] tokens: [CLS] من يمتلك العافيه ف و في قم السعاده [SEP] افضل بدايه ليوم ##ك هي صلاه الفجر في [MASK] [MASK] [SEP]
INFO:tensorflow:input_ids: 2 1908 11386 9269 408 415 1912 5105 4558 3 2931 6037 10407 1014 2247 5094 5817 1912 4 4 3 0 0 0 0 0 0 0 0 0 0 0 0 0 0 0 0 0 0 0 0 0 0 0 0 0 0 0 0 0 0 0 0 0 0 0 0 0 0 0 0 0 0 0 0 0 0 0 0 0 0 0 0 0 0 0 0 0 0 0 0 0 0 0 0 0 0 0 0 0 0 0 0 0 0 0 0 0 0 0 0 0 0 0 0 0 0 0 0 0 0 0 0 0 0 0 0 0 0 0 0 0 0 0 0 0 0 0
I1103 08:55:06.022051 47763140064320 create_pretraining_data.py:161] input_ids: 2 1908 11386 9269 408 415 1912 5105 4558 3 2931 6037 10407 1014 2247 5094 5817 1912 4 4 3 0 0 0 0 0 0 0 0 0 0 0 0 0 0 0 0 0 0 0 0 0 0 0 0 0 0 0 0 0 0 0 0 0 0 0 0 0 0 0 0 0 0 0 0 0 0 0 0 0 0 0 0 0 0 0 0 0 0 0 0 0 0 0 0 0 0 0 0 0 0 0 0 0 0 0 0 0 0 0 0 0 0 0 0 0 0 0 0 0 0 0 0 0 0 0 0 0 0 0 0 0 0 0 0 0 0 0
INFO:tensorflow:input_mask: 1 1 1 1 1 1 1 1 1 1 1 1 1 1 1 1 1 1 1 1 1 0 0 0 0 0 0 0 0 0 0 0 0 0 0 0 0 0 0 0 0 0 0 0 0 0 0 0 0 0 0 0 0 0 0 0 0 0 0 0 0 0 0 0 0 0 0 0 0 0 0 0 0 0 0 0 0 0 0 0 0 0 0 0 0 0 0 0 0 0 0 0 0 0 0 0 0 0 0 0 0 0 0 0 0 0 0 0 0 0 0 0 0 0 0 0 0 0 0 0 0 0 0 0 0 0 0 0
I1103 08:55:06.022214 47763140064320 create_pretraining_data.py:161] input_mask: 1 1 1 1 1 1 1 1 1 1 1 1 1 1 1 1 1 1 1 1 1 0 0 0 0 0 0 0 0 0 0 0 0 0 0 0 0 0 0 0 0 0 0 0 0 0 0 0 0 0 0 0 0 0 0 0 0 0 0 0 0 0 0 0 0 0 0 0 0 0 0 0 0 0 0 0 0 0 0 0 0 0 0 0 0 0 0 0 0 0 0 0 0 0 0 0 0 0 0 0 0 0 0 0 0 0 0 0 0 0 0 0 0 0 0 0 0 0 0 0 0 0 0 0 0 0 0 0
INFO:tensorflow:segment_ids: 0 0 0 0 0 0 0 0 0 0 1 1 1 1 1 1 1 1 1 1 1 0 0 0 0 0 0 0 0 0 0 0 0 0 0 0 0 0 0 0 0 0 0 0 0 0 0 0 0 0 0 0 0 0 0 0 0 0 0 0 0 0 0 0 0 0 0 0 0 0 0 0 0 0 0 0 0 0 0 0 0 0 0 0 0 0 0 0 0 0 0 0 0 0 0 0 0 0 0 0 0 0 0 0 0 0 0 0 0 0 0 0 0 0 0 0 0 0 0 0 0 0 0 0 0 0 0 0
I1103 08:55:06.022380 47763140064320 create_pretraining_data.py:161] segment_ids: 0 0 0 0 0 0 0 0 0 0 1 1 1 1 1 1 1 1 1 1 1 0 0 0 0 0 0 0 0 0 0 0 0 0 0 0 0 0 0 0 0 0 0 0 0 0 0 0 0 0 0 0 0 0 0 0 0 0 0 0 0 0 0 0 0 0 0 0 0 0 0 0 0 0 0 0 0 0 0 0 0 0 0 0 0 0 0 0 0 0 0 0 0 0 0 0 0 0 0 0 0 0 0 0 0 0 0 0 0 0 0 0 0 0 0 0 0 0 0 0 0 0 0 0 0 0 0 0
INFO:tensorflow:masked_lm_positions: 17 18 19 0 0 0 0 0 0 0 0 0 0 0 0 0 0 0 0 0
I1103 08:55:06.022496 47763140064320 create_pretraining_data.py:161] masked_lm_positions: 17 18 19 0 0 0 0 0 0 0 0 0 0 0 0 0 0 0 0 0
INFO:tensorflow:masked_lm_ids: 1912 10712 1007 0 0 0 0 0 0 0 0 0 0 0 0 0 0 0 0 0
I1103 08:55:06.022610 47763140064320 create_pretraining_data.py:161] masked_lm_ids: 1912 10712 1007 0 0 0 0 0 0 0 0 0 0 0 0 0 0 0 0 0
INFO:tensorflow:masked_lm_weights: 1.0 1.0 1.0 0.0 0.0 0.0 0.0 0.0 0.0 0.0 0.0 0.0 0.0 0.0 0.0 0.0 0.0 0.0 0.0 0.0
I1103 08:55:06.022725 47763140064320 create_pretraining_data.py:161] masked_lm_weights: 1.0 1.0 1.0 0.0 0.0 0.0 0.0 0.0 0.0 0.0 0.0 0.0 0.0 0.0 0.0 0.0 0.0 0.0 0.0 0.0
INFO:tensorflow:next_sentence_labels: 1
I1103 08:55:06.022829 47763140064320 create_pretraining_data.py:161] next_sentence_labels: 1
INFO:tensorflow:*** Example ***
I1103 08:55:06.023570 47763140064320 create_pretraining_data.py:149] *** Example ***
INFO:tensorflow:tokens: [CLS] [MASK] يسال ##ني علي تويت يعني ايه انا اساسا معرف ##ش انا بكت ##ب ايه [SEP] حسبنا يخت ##با خلف المدنيين لتجنب الضرب ##ات مستغ ##لا اياه ##م [MASK] والنهار غير ##مك ##تر ##ث لس ##لام ##تهم اخبار [MASK] [SEP]
I1103 08:55:06.023734 47763140064320 create_pretraining_data.py:151] tokens: [CLS] [MASK] يسال ##ني علي تويت يعني ايه انا اساسا معرف ##ش انا بكت ##ب ايه [SEP] حسبنا يخت ##با خلف المدنيين لتجنب الضرب ##ات مستغ ##لا اياه ##م [MASK] والنهار غير ##مك ##تر ##ث لس ##لام ##تهم اخبار [MASK] [SEP]
INFO:tensorflow:input_ids: 2 4 10730 1974 1958 16726 3236 4138 2315 23093 11321 1034 2315 10870 1045 4138 3 16428 6072 2013 3479 10683 24757 23499 1904 26096 1903 21498 1015 4 24230 2224 14628 2582 1039 2968 2025 3378 3300 4 3 0 0 0 0 0 0 0 0 0 0 0 0 0 0 0 0 0 0 0 0 0 0 0 0 0 0 0 0 0 0 0 0 0 0 0 0 0 0 0 0 0 0 0 0 0 0 0 0 0 0 0 0 0 0 0 0 0 0 0 0 0 0 0 0 0 0 0 0 0 0 0 0 0 0 0 0 0 0 0 0 0 0 0 0 0 0 0
I1103 08:55:06.023934 47763140064320 create_pretraining_data.py:161] input_ids: 2 4 10730 1974 1958 16726 3236 4138 2315 23093 11321 1034 2315 10870 1045 4138 3 16428 6072 2013 3479 10683 24757 23499 1904 26096 1903 21498 1015 4 24230 2224 14628 2582 1039 2968 2025 3378 3300 4 3 0 0 0 0 0 0 0 0 0 0 0 0 0 0 0 0 0 0 0 0 0 0 0 0 0 0 0 0 0 0 0 0 0 0 0 0 0 0 0 0 0 0 0 0 0 0 0 0 0 0 0 0 0 0 0 0 0 0 0 0 0 0 0 0 0 0 0 0 0 0 0 0 0 0 0 0 0 0 0 0 0 0 0 0 0 0 0
INFO:tensorflow:input_mask: 1 1 1 1 1 1 1 1 1 1 1 1 1 1 1 1 1 1 1 1 1 1 1 1 1 1 1 1 1 1 1 1 1 1 1 1 1 1 1 1 1 0 0 0 0 0 0 0 0 0 0 0 0 0 0 0 0 0 0 0 0 0 0 0 0 0 0 0 0 0 0 0 0 0 0 0 0 0 0 0 0 0 0 0 0 0 0 0 0 0 0 0 0 0 0 0 0 0 0 0 0 0 0 0 0 0 0 0 0 0 0 0 0 0 0 0 0 0 0 0 0 0 0 0 0 0 0 0
I1103 08:55:06.024101 47763140064320 create_pretraining_data.py:161] input_mask: 1 1 1 1 1 1 1 1 1 1 1 1 1 1 1 1 1 1 1 1 1 1 1 1 1 1 1 1 1 1 1 1 1 1 1 1 1 1 1 1 1 0 0 0 0 0 0 0 0 0 0 0 0 0 0 0 0 0 0 0 0 0 0 0 0 0 0 0 0 0 0 0 0 0 0 0 0 0 0 0 0 0 0 0 0 0 0 0 0 0 0 0 0 0 0 0 0 0 0 0 0 0 0 0 0 0 0 0 0 0 0 0 0 0 0 0 0 0 0 0 0 0 0 0 0 0 0 0
INFO:tensorflow:segment_ids: 0 0 0 0 0 0 0 0 0 0 0 0 0 0 0 0 0 1 1 1 1 1 1 1 1 1 1 1 1 1 1 1 1 1 1 1 1 1 1 1 1 0 0 0 0 0 0 0 0 0 0 0 0 0 0 0 0 0 0 0 0 0 0 0 0 0 0 0 0 0 0 0 0 0 0 0 0 0 0 0 0 0 0 0 0 0 0 0 0 0 0 0 0 0 0 0 0 0 0 0 0 0 0 0 0 0 0 0 0 0 0 0 0 0 0 0 0 0 0 0 0 0 0 0 0 0 0 0
I1103 08:55:06.024267 47763140064320 create_pretraining_data.py:161] segment_ids: 0 0 0 0 0 0 0 0 0 0 0 0 0 0 0 0 0 1 1 1 1 1 1 1 1 1 1 1 1 1 1 1 1 1 1 1 1 1 1 1 1 0 0 0 0 0 0 0 0 0 0 0 0 0 0 0 0 0 0 0 0 0 0 0 0 0 0 0 0 0 0 0 0 0 0 0 0 0 0 0 0 0 0 0 0 0 0 0 0 0 0 0 0 0 0 0 0 0 0 0 0 0 0 0 0 0 0 0 0 0 0 0 0 0 0 0 0 0 0 0 0 0 0 0 0 0 0 0
INFO:tensorflow:masked_lm_positions: 1 17 22 29 30 39 0 0 0 0 0 0 0 0 0 0 0 0 0 0
I1103 08:55:06.024386 47763140064320 create_pretraining_data.py:161] masked_lm_positions: 1 17 22 29 30 39 0 0 0 0 0 0 0 0 0 0 0 0 0 0
INFO:tensorflow:masked_lm_ids: 15366 4585 24757 16673 2745 11333 0 0 0 0 0 0 0 0 0 0 0 0 0 0
I1103 08:55:06.024500 47763140064320 create_pretraining_data.py:161] masked_lm_ids: 15366 4585 24757 16673 2745 11333 0 0 0 0 0 0 0 0 0 0 0 0 0 0
INFO:tensorflow:masked_lm_weights: 1.0 1.0 1.0 1.0 1.0 1.0 0.0 0.0 0.0 0.0 0.0 0.0 0.0 0.0 0.0 0.0 0.0 0.0 0.0 0.0
I1103 08:55:06.024617 47763140064320 create_pretraining_data.py:161] masked_lm_weights: 1.0 1.0 1.0 1.0 1.0 1.0 0.0 0.0 0.0 0.0 0.0 0.0 0.0 0.0 0.0 0.0 0.0 0.0 0.0 0.0
INFO:tensorflow:next_sentence_labels: 1
I1103 08:55:06.024722 47763140064320 create_pretraining_data.py:161] next_sentence_labels: 1
INFO:tensorflow:*** Example ***
I1103 08:55:06.025471 47763140064320 create_pretraining_data.py:149] *** Example ***
INFO:tensorflow:tokens: [CLS] ما صا ##خي [MASK] [MASK] و [MASK] فو ##مي ياك ##ولن ##ي ههه ايهاب [MASK] [MASK] توا ##حش ##تكم بزاف و عا رف توح ##شت ##وتن ##ي سهيله الان توح ##شت ##كم [MASK] و مم ##م الواتساب حين ##فجر [SEP] عاجل الله يرفض الاعتراف بتن ##اق ##ضات الفرحه حصار مضايا مضايا الدوله [MASK] الرمادي الفلوجه الموصل حديثه ئ ##س [SEP]
I1103 08:55:06.025643 47763140064320 create_pretraining_data.py:151] tokens: [CLS] ما صا ##خي [MASK] [MASK] و [MASK] فو ##مي ياك ##ولن ##ي ههه ايهاب [MASK] [MASK] توا ##حش ##تكم بزاف و عا رف توح ##شت ##وتن ##ي سهيله الان توح ##شت ##كم [MASK] و مم ##م الواتساب حين ##فجر [SEP] عاجل الله يرفض الاعتراف بتن ##اق ##ضات الفرحه حصار مضايا مضايا الدوله [MASK] الرمادي الفلوجه الموصل حديثه ئ ##س [SEP]
INFO:tensorflow:input_ids: 2 1972 15527 3667 4 4 415 4 23287 1960 18128 21836 1013 3495 5800 4 4 3769 24474 7145 20261 415 6703 5423 9855 2781 28897 1013 3969 2311 9855 2781 2018 4 415 2737 1015 28966 2823 15647 3 4059 1953 10744 9273 7368 2396 6477 14301 13248 6052 6052 6118 4 9692 19221 10482 9764 386 1033 3 0 0 0 0 0 0 0 0 0 0 0 0 0 0 0 0 0 0 0 0 0 0 0 0 0 0 0 0 0 0 0 0 0 0 0 0 0 0 0 0 0 0 0 0 0 0 0 0 0 0 0 0 0 0 0 0 0 0 0 0 0 0 0 0 0 0 0
I1103 08:55:06.025846 47763140064320 create_pretraining_data.py:161] input_ids: 2 1972 15527 3667 4 4 415 4 23287 1960 18128 21836 1013 3495 5800 4 4 3769 24474 7145 20261 415 6703 5423 9855 2781 28897 1013 3969 2311 9855 2781 2018 4 415 2737 1015 28966 2823 15647 3 4059 1953 10744 9273 7368 2396 6477 14301 13248 6052 6052 6118 4 9692 19221 10482 9764 386 1033 3 0 0 0 0 0 0 0 0 0 0 0 0 0 0 0 0 0 0 0 0 0 0 0 0 0 0 0 0 0 0 0 0 0 0 0 0 0 0 0 0 0 0 0 0 0 0 0 0 0 0 0 0 0 0 0 0 0 0 0 0 0 0 0 0 0 0 0
INFO:tensorflow:input_mask: 1 1 1 1 1 1 1 1 1 1 1 1 1 1 1 1 1 1 1 1 1 1 1 1 1 1 1 1 1 1 1 1 1 1 1 1 1 1 1 1 1 1 1 1 1 1 1 1 1 1 1 1 1 1 1 1 1 1 1 1 1 0 0 0 0 0 0 0 0 0 0 0 0 0 0 0 0 0 0 0 0 0 0 0 0 0 0 0 0 0 0 0 0 0 0 0 0 0 0 0 0 0 0 0 0 0 0 0 0 0 0 0 0 0 0 0 0 0 0 0 0 0 0 0 0 0 0 0
I1103 08:55:06.026012 47763140064320 create_pretraining_data.py:161] input_mask: 1 1 1 1 1 1 1 1 1 1 1 1 1 1 1 1 1 1 1 1 1 1 1 1 1 1 1 1 1 1 1 1 1 1 1 1 1 1 1 1 1 1 1 1 1 1 1 1 1 1 1 1 1 1 1 1 1 1 1 1 1 0 0 0 0 0 0 0 0 0 0 0 0 0 0 0 0 0 0 0 0 0 0 0 0 0 0 0 0 0 0 0 0 0 0 0 0 0 0 0 0 0 0 0 0 0 0 0 0 0 0 0 0 0 0 0 0 0 0 0 0 0 0 0 0 0 0 0
INFO:tensorflow:segment_ids: 0 0 0 0 0 0 0 0 0 0 0 0 0 0 0 0 0 0 0 0 0 0 0 0 0 0 0 0 0 0 0 0 0 0 0 0 0 0 0 0 0 1 1 1 1 1 1 1 1 1 1 1 1 1 1 1 1 1 1 1 1 0 0 0 0 0 0 0 0 0 0 0 0 0 0 0 0 0 0 0 0 0 0 0 0 0 0 0 0 0 0 0 0 0 0 0 0 0 0 0 0 0 0 0 0 0 0 0 0 0 0 0 0 0 0 0 0 0 0 0 0 0 0 0 0 0 0 0
I1103 08:55:06.026171 47763140064320 create_pretraining_data.py:161] segment_ids: 0 0 0 0 0 0 0 0 0 0 0 0 0 0 0 0 0 0 0 0 0 0 0 0 0 0 0 0 0 0 0 0 0 0 0 0 0 0 0 0 0 1 1 1 1 1 1 1 1 1 1 1 1 1 1 1 1 1 1 1 1 0 0 0 0 0 0 0 0 0 0 0 0 0 0 0 0 0 0 0 0 0 0 0 0 0 0 0 0 0 0 0 0 0 0 0 0 0 0 0 0 0 0 0 0 0 0 0 0 0 0 0 0 0 0 0 0 0 0 0 0 0 0 0 0 0 0 0
INFO:tensorflow:masked_lm_positions: 4 5 7 15 16 33 48 53 57 0 0 0 0 0 0 0 0 0 0 0
I1103 08:55:06.026318 47763140064320 create_pretraining_data.py:161] masked_lm_positions: 4 5 7 15 16 33 48 53 57 0 0 0 0 0 0 0 0 0 0 0
INFO:tensorflow:masked_lm_ids: 10054 1015 2425 1908 10918 20261 3963 6508 9764 0 0 0 0 0 0 0 0 0 0 0
I1103 08:55:06.026411 47763140064320 create_pretraining_data.py:161] masked_lm_ids: 10054 1015 2425 1908 10918 20261 3963 6508 9764 0 0 0 0 0 0 0 0 0 0 0
INFO:tensorflow:masked_lm_weights: 1.0 1.0 1.0 1.0 1.0 1.0 1.0 1.0 1.0 0.0 0.0 0.0 0.0 0.0 0.0 0.0 0.0 0.0 0.0 0.0
I1103 08:55:06.026505 47763140064320 create_pretraining_data.py:161] masked_lm_weights: 1.0 1.0 1.0 1.0 1.0 1.0 1.0 1.0 1.0 0.0 0.0 0.0 0.0 0.0 0.0 0.0 0.0 0.0 0.0 0.0
INFO:tensorflow:next_sentence_labels: 1
I1103 08:55:06.026588 47763140064320 create_pretraining_data.py:161] next_sentence_labels: 1
INFO:tensorflow:*** Example ***
I1103 08:55:06.027185 47763140064320 create_pretraining_data.py:149] *** Example ***
INFO:tensorflow:tokens: [CLS] اسلوب [MASK] لم اعد كما كنت اصبحت اقل روم ##نسيه لا [MASK] مال ##سبب هل انا تغيرت [MASK] تغير الزمان [SEP] عسي ربي لي يخليك [SEP]
I1103 08:55:06.027319 47763140064320 create_pretraining_data.py:151] tokens: [CLS] اسلوب [MASK] لم اعد كما كنت اصبحت اقل روم ##نسيه لا [MASK] مال ##سبب هل انا تغيرت [MASK] تغير الزمان [SEP] عسي ربي لي يخليك [SEP]
INFO:tensorflow:input_ids: 2 14319 4 2043 4583 2306 2678 7762 6797 9914 15739 1963 4 4133 2766 2827 2315 14917 4 5205 6856 3 8660 2949 2134 14238 3 0 0 0 0 0 0 0 0 0 0 0 0 0 0 0 0 0 0 0 0 0 0 0 0 0 0 0 0 0 0 0 0 0 0 0 0 0 0 0 0 0 0 0 0 0 0 0 0 0 0 0 0 0 0 0 0 0 0 0 0 0 0 0 0 0 0 0 0 0 0 0 0 0 0 0 0 0 0 0 0 0 0 0 0 0 0 0 0 0 0 0 0 0 0 0 0 0 0 0 0 0
I1103 08:55:06.027478 47763140064320 create_pretraining_data.py:161] input_ids: 2 14319 4 2043 4583 2306 2678 7762 6797 9914 15739 1963 4 4133 2766 2827 2315 14917 4 5205 6856 3 8660 2949 2134 14238 3 0 0 0 0 0 0 0 0 0 0 0 0 0 0 0 0 0 0 0 0 0 0 0 0 0 0 0 0 0 0 0 0 0 0 0 0 0 0 0 0 0 0 0 0 0 0 0 0 0 0 0 0 0 0 0 0 0 0 0 0 0 0 0 0 0 0 0 0 0 0 0 0 0 0 0 0 0 0 0 0 0 0 0 0 0 0 0 0 0 0 0 0 0 0 0 0 0 0 0 0 0
INFO:tensorflow:input_mask: 1 1 1 1 1 1 1 1 1 1 1 1 1 1 1 1 1 1 1 1 1 1 1 1 1 1 1 0 0 0 0 0 0 0 0 0 0 0 0 0 0 0 0 0 0 0 0 0 0 0 0 0 0 0 0 0 0 0 0 0 0 0 0 0 0 0 0 0 0 0 0 0 0 0 0 0 0 0 0 0 0 0 0 0 0 0 0 0 0 0 0 0 0 0 0 0 0 0 0 0 0 0 0 0 0 0 0 0 0 0 0 0 0 0 0 0 0 0 0 0 0 0 0 0 0 0 0 0
I1103 08:55:06.027608 47763140064320 create_pretraining_data.py:161] input_mask: 1 1 1 1 1 1 1 1 1 1 1 1 1 1 1 1 1 1 1 1 1 1 1 1 1 1 1 0 0 0 0 0 0 0 0 0 0 0 0 0 0 0 0 0 0 0 0 0 0 0 0 0 0 0 0 0 0 0 0 0 0 0 0 0 0 0 0 0 0 0 0 0 0 0 0 0 0 0 0 0 0 0 0 0 0 0 0 0 0 0 0 0 0 0 0 0 0 0 0 0 0 0 0 0 0 0 0 0 0 0 0 0 0 0 0 0 0 0 0 0 0 0 0 0 0 0 0 0
INFO:tensorflow:segment_ids: 0 0 0 0 0 0 0 0 0 0 0 0 0 0 0 0 0 0 0 0 0 0 1 1 1 1 1 0 0 0 0 0 0 0 0 0 0 0 0 0 0 0 0 0 0 0 0 0 0 0 0 0 0 0 0 0 0 0 0 0 0 0 0 0 0 0 0 0 0 0 0 0 0 0 0 0 0 0 0 0 0 0 0 0 0 0 0 0 0 0 0 0 0 0 0 0 0 0 0 0 0 0 0 0 0 0 0 0 0 0 0 0 0 0 0 0 0 0 0 0 0 0 0 0 0 0 0 0
I1103 08:55:06.027732 47763140064320 create_pretraining_data.py:161] segment_ids: 0 0 0 0 0 0 0 0 0 0 0 0 0 0 0 0 0 0 0 0 0 0 1 1 1 1 1 0 0 0 0 0 0 0 0 0 0 0 0 0 0 0 0 0 0 0 0 0 0 0 0 0 0 0 0 0 0 0 0 0 0 0 0 0 0 0 0 0 0 0 0 0 0 0 0 0 0 0 0 0 0 0 0 0 0 0 0 0 0 0 0 0 0 0 0 0 0 0 0 0 0 0 0 0 0 0 0 0 0 0 0 0 0 0 0 0 0 0 0 0 0 0 0 0 0 0 0 0
INFO:tensorflow:masked_lm_positions: 2 6 12 18 0 0 0 0 0 0 0 0 0 0 0 0 0 0 0 0
I1103 08:55:06.027827 47763140064320 create_pretraining_data.py:161] masked_lm_positions: 2 6 12 18 0 0 0 0 0 0 0 0 0 0 0 0 0 0 0 0
INFO:tensorflow:masked_lm_ids: 27035 2678 5554 2112 0 0 0 0 0 0 0 0 0 0 0 0 0 0 0 0
I1103 08:55:06.027918 47763140064320 create_pretraining_data.py:161] masked_lm_ids: 27035 2678 5554 2112 0 0 0 0 0 0 0 0 0 0 0 0 0 0 0 0
INFO:tensorflow:masked_lm_weights: 1.0 1.0 1.0 1.0 0.0 0.0 0.0 0.0 0.0 0.0 0.0 0.0 0.0 0.0 0.0 0.0 0.0 0.0 0.0 0.0
I1103 08:55:06.028010 47763140064320 create_pretraining_data.py:161] masked_lm_weights: 1.0 1.0 1.0 1.0 0.0 0.0 0.0 0.0 0.0 0.0 0.0 0.0 0.0 0.0 0.0 0.0 0.0 0.0 0.0 0.0
INFO:tensorflow:next_sentence_labels: 1
I1103 08:55:06.028093 47763140064320 create_pretraining_data.py:161] next_sentence_labels: 1
INFO:tensorflow:*** Example ***
I1103 08:55:06.028691 47763140064320 create_pretraining_data.py:149] *** Example ***
INFO:tensorflow:tokens: [CLS] [MASK] علي صباح [MASK] و نحن بكامل عاف ##يتنا اللهم بارك لنا في ذكرك و ادم علينا عفوك و ستر ##ك شوق [MASK] [SEP] عن ##زه [MASK] [MASK] رحمه الله تعالي صا ##يل الاف ##ن ##ش العنزي [MASK] لله وانا اليه راجعون السعوديه رتويت للاجر [SEP]
I1103 08:55:06.028824 47763140064320 create_pretraining_data.py:151] tokens: [CLS] [MASK] علي صباح [MASK] و نحن بكامل عاف ##يتنا اللهم بارك لنا في ذكرك و ادم علينا عفوك و ستر ##ك شوق [MASK] [SEP] عن ##زه [MASK] [MASK] رحمه الله تعالي صا ##يل الاف ##ن ##ش العنزي [MASK] لله وانا اليه راجعون السعوديه رتويت للاجر [SEP]
INFO:tensorflow:input_ids: 2 4 1958 2570 4 415 3252 16916 8117 11440 2168 8087 2776 1912 11665 415 6744 3754 20483 415 13595 1014 7156 4 3 1955 3040 4 4 3849 1953 5175 15527 2027 3635 1006 1034 10726 4 2784 3257 3055 13146 2721 2928 24318 3 0 0 0 0 0 0 0 0 0 0 0 0 0 0 0 0 0 0 0 0 0 0 0 0 0 0 0 0 0 0 0 0 0 0 0 0 0 0 0 0 0 0 0 0 0 0 0 0 0 0 0 0 0 0 0 0 0 0 0 0 0 0 0 0 0 0 0 0 0 0 0 0 0 0 0 0 0 0 0 0 0
I1103 08:55:06.028981 47763140064320 create_pretraining_data.py:161] input_ids: 2 4 1958 2570 4 415 3252 16916 8117 11440 2168 8087 2776 1912 11665 415 6744 3754 20483 415 13595 1014 7156 4 3 1955 3040 4 4 3849 1953 5175 15527 2027 3635 1006 1034 10726 4 2784 3257 3055 13146 2721 2928 24318 3 0 0 0 0 0 0 0 0 0 0 0 0 0 0 0 0 0 0 0 0 0 0 0 0 0 0 0 0 0 0 0 0 0 0 0 0 0 0 0 0 0 0 0 0 0 0 0 0 0 0 0 0 0 0 0 0 0 0 0 0 0 0 0 0 0 0 0 0 0 0 0 0 0 0 0 0 0 0 0 0 0
INFO:tensorflow:input_mask: 1 1 1 1 1 1 1 1 1 1 1 1 1 1 1 1 1 1 1 1 1 1 1 1 1 1 1 1 1 1 1 1 1 1 1 1 1 1 1 1 1 1 1 1 1 1 1 0 0 0 0 0 0 0 0 0 0 0 0 0 0 0 0 0 0 0 0 0 0 0 0 0 0 0 0 0 0 0 0 0 0 0 0 0 0 0 0 0 0 0 0 0 0 0 0 0 0 0 0 0 0 0 0 0 0 0 0 0 0 0 0 0 0 0 0 0 0 0 0 0 0 0 0 0 0 0 0 0
I1103 08:55:06.029114 47763140064320 create_pretraining_data.py:161] input_mask: 1 1 1 1 1 1 1 1 1 1 1 1 1 1 1 1 1 1 1 1 1 1 1 1 1 1 1 1 1 1 1 1 1 1 1 1 1 1 1 1 1 1 1 1 1 1 1 0 0 0 0 0 0 0 0 0 0 0 0 0 0 0 0 0 0 0 0 0 0 0 0 0 0 0 0 0 0 0 0 0 0 0 0 0 0 0 0 0 0 0 0 0 0 0 0 0 0 0 0 0 0 0 0 0 0 0 0 0 0 0 0 0 0 0 0 0 0 0 0 0 0 0 0 0 0 0 0 0
INFO:tensorflow:segment_ids: 0 0 0 0 0 0 0 0 0 0 0 0 0 0 0 0 0 0 0 0 0 0 0 0 0 1 1 1 1 1 1 1 1 1 1 1 1 1 1 1 1 1 1 1 1 1 1 0 0 0 0 0 0 0 0 0 0 0 0 0 0 0 0 0 0 0 0 0 0 0 0 0 0 0 0 0 0 0 0 0 0 0 0 0 0 0 0 0 0 0 0 0 0 0 0 0 0 0 0 0 0 0 0 0 0 0 0 0 0 0 0 0 0 0 0 0 0 0 0 0 0 0 0 0 0 0 0 0
I1103 08:55:06.029245 47763140064320 create_pretraining_data.py:161] segment_ids: 0 0 0 0 0 0 0 0 0 0 0 0 0 0 0 0 0 0 0 0 0 0 0 0 0 1 1 1 1 1 1 1 1 1 1 1 1 1 1 1 1 1 1 1 1 1 1 0 0 0 0 0 0 0 0 0 0 0 0 0 0 0 0 0 0 0 0 0 0 0 0 0 0 0 0 0 0 0 0 0 0 0 0 0 0 0 0 0 0 0 0 0 0 0 0 0 0 0 0 0 0 0 0 0 0 0 0 0 0 0 0 0 0 0 0 0 0 0 0 0 0 0 0 0 0 0 0 0
INFO:tensorflow:masked_lm_positions: 1 4 19 23 27 28 38 0 0 0 0 0 0 0 0 0 0 0 0 0
I1103 08:55:06.029341 47763140064320 create_pretraining_data.py:161] masked_lm_positions: 1 4 19 23 27 28 38 0 0 0 0 0 0 0 0 0 0 0 0 0
INFO:tensorflow:masked_lm_ids: 4062 7404 415 6986 4481 2002 2315 0 0 0 0 0 0 0 0 0 0 0 0 0
I1103 08:55:06.029432 47763140064320 create_pretraining_data.py:161] masked_lm_ids: 4062 7404 415 6986 4481 2002 2315 0 0 0 0 0 0 0 0 0 0 0 0 0
INFO:tensorflow:masked_lm_weights: 1.0 1.0 1.0 1.0 1.0 1.0 1.0 0.0 0.0 0.0 0.0 0.0 0.0 0.0 0.0 0.0 0.0 0.0 0.0 0.0
I1103 08:55:06.029525 47763140064320 create_pretraining_data.py:161] masked_lm_weights: 1.0 1.0 1.0 1.0 1.0 1.0 1.0 0.0 0.0 0.0 0.0 0.0 0.0 0.0 0.0 0.0 0.0 0.0 0.0 0.0
INFO:tensorflow:next_sentence_labels: 1
I1103 08:55:06.029608 47763140064320 create_pretraining_data.py:161] next_sentence_labels: 1
INFO:tensorflow:*** Example ***
I1103 08:55:06.030189 47763140064320 create_pretraining_data.py:149] *** Example ***
INFO:tensorflow:tokens: [CLS] ما للن ##جوم او ##طان دام السماء [MASK] [SEP] [MASK] [MASK] [MASK] اللي بيح ##صل ##ك لسه في حاجات حلوه في حياتك ذي وجود امك مثلا [SEP]
I1103 08:55:06.030321 47763140064320 create_pretraining_data.py:151] tokens: [CLS] ما للن ##جوم او ##طان دام السماء [MASK] [SEP] [MASK] [MASK] [MASK] اللي بيح ##صل ##ك لسه في حاجات حلوه في حياتك ذي وجود امك مثلا [SEP]
INFO:tensorflow:input_ids: 2 1972 3484 4577 2213 3779 5414 4469 4 3 4 4 4 2115 27329 2107 1014 11507 1912 12299 6366 1912 4540 6470 3276 9280 6381 3 0 0 0 0 0 0 0 0 0 0 0 0 0 0 0 0 0 0 0 0 0 0 0 0 0 0 0 0 0 0 0 0 0 0 0 0 0 0 0 0 0 0 0 0 0 0 0 0 0 0 0 0 0 0 0 0 0 0 0 0 0 0 0 0 0 0 0 0 0 0 0 0 0 0 0 0 0 0 0 0 0 0 0 0 0 0 0 0 0 0 0 0 0 0 0 0 0 0 0 0
I1103 08:55:06.030463 47763140064320 create_pretraining_data.py:161] input_ids: 2 1972 3484 4577 2213 3779 5414 4469 4 3 4 4 4 2115 27329 2107 1014 11507 1912 12299 6366 1912 4540 6470 3276 9280 6381 3 0 0 0 0 0 0 0 0 0 0 0 0 0 0 0 0 0 0 0 0 0 0 0 0 0 0 0 0 0 0 0 0 0 0 0 0 0 0 0 0 0 0 0 0 0 0 0 0 0 0 0 0 0 0 0 0 0 0 0 0 0 0 0 0 0 0 0 0 0 0 0 0 0 0 0 0 0 0 0 0 0 0 0 0 0 0 0 0 0 0 0 0 0 0 0 0 0 0 0 0
INFO:tensorflow:input_mask: 1 1 1 1 1 1 1 1 1 1 1 1 1 1 1 1 1 1 1 1 1 1 1 1 1 1 1 1 0 0 0 0 0 0 0 0 0 0 0 0 0 0 0 0 0 0 0 0 0 0 0 0 0 0 0 0 0 0 0 0 0 0 0 0 0 0 0 0 0 0 0 0 0 0 0 0 0 0 0 0 0 0 0 0 0 0 0 0 0 0 0 0 0 0 0 0 0 0 0 0 0 0 0 0 0 0 0 0 0 0 0 0 0 0 0 0 0 0 0 0 0 0 0 0 0 0 0 0
I1103 08:55:06.030606 47763140064320 create_pretraining_data.py:161] input_mask: 1 1 1 1 1 1 1 1 1 1 1 1 1 1 1 1 1 1 1 1 1 1 1 1 1 1 1 1 0 0 0 0 0 0 0 0 0 0 0 0 0 0 0 0 0 0 0 0 0 0 0 0 0 0 0 0 0 0 0 0 0 0 0 0 0 0 0 0 0 0 0 0 0 0 0 0 0 0 0 0 0 0 0 0 0 0 0 0 0 0 0 0 0 0 0 0 0 0 0 0 0 0 0 0 0 0 0 0 0 0 0 0 0 0 0 0 0 0 0 0 0 0 0 0 0 0 0 0
INFO:tensorflow:segment_ids: 0 0 0 0 0 0 0 0 0 0 1 1 1 1 1 1 1 1 1 1 1 1 1 1 1 1 1 1 0 0 0 0 0 0 0 0 0 0 0 0 0 0 0 0 0 0 0 0 0 0 0 0 0 0 0 0 0 0 0 0 0 0 0 0 0 0 0 0 0 0 0 0 0 0 0 0 0 0 0 0 0 0 0 0 0 0 0 0 0 0 0 0 0 0 0 0 0 0 0 0 0 0 0 0 0 0 0 0 0 0 0 0 0 0 0 0 0 0 0 0 0 0 0 0 0 0 0 0
I1103 08:55:06.030734 47763140064320 create_pretraining_data.py:161] segment_ids: 0 0 0 0 0 0 0 0 0 0 1 1 1 1 1 1 1 1 1 1 1 1 1 1 1 1 1 1 0 0 0 0 0 0 0 0 0 0 0 0 0 0 0 0 0 0 0 0 0 0 0 0 0 0 0 0 0 0 0 0 0 0 0 0 0 0 0 0 0 0 0 0 0 0 0 0 0 0 0 0 0 0 0 0 0 0 0 0 0 0 0 0 0 0 0 0 0 0 0 0 0 0 0 0 0 0 0 0 0 0 0 0 0 0 0 0 0 0 0 0 0 0 0 0 0 0 0 0
INFO:tensorflow:masked_lm_positions: 8 10 11 12 0 0 0 0 0 0 0 0 0 0 0 0 0 0 0 0
I1103 08:55:06.030826 47763140064320 create_pretraining_data.py:161] masked_lm_positions: 8 10 11 12 0 0 0 0 0 0 0 0 0 0 0 0 0 0 0 0
INFO:tensorflow:masked_lm_ids: 7626 5354 2863 2038 0 0 0 0 0 0 0 0 0 0 0 0 0 0 0 0
I1103 08:55:06.030916 47763140064320 create_pretraining_data.py:161] masked_lm_ids: 7626 5354 2863 2038 0 0 0 0 0 0 0 0 0 0 0 0 0 0 0 0
INFO:tensorflow:masked_lm_weights: 1.0 1.0 1.0 1.0 0.0 0.0 0.0 0.0 0.0 0.0 0.0 0.0 0.0 0.0 0.0 0.0 0.0 0.0 0.0 0.0
I1103 08:55:06.031008 47763140064320 create_pretraining_data.py:161] masked_lm_weights: 1.0 1.0 1.0 1.0 0.0 0.0 0.0 0.0 0.0 0.0 0.0 0.0 0.0 0.0 0.0 0.0 0.0 0.0 0.0 0.0
INFO:tensorflow:next_sentence_labels: 1
I1103 08:55:06.031091 47763140064320 create_pretraining_data.py:161] next_sentence_labels: 1
INFO:tensorflow:*** Example ***
I1103 08:55:06.031692 47763140064320 create_pretraining_data.py:149] *** Example ***
INFO:tensorflow:tokens: [CLS] اعترف اني ابكي من قهر البشر [MASK] من قهر [MASK] عطر الليل وتر الناي بين الزحام وجع [SEP] البث ##اره هوامير تويتر الي ما منهم فائده [MASK] الان في ناس بتف ##كر البنت بس [MASK] [MASK] [SEP]
I1103 08:55:06.031823 47763140064320 create_pretraining_data.py:151] tokens: [CLS] اعترف اني ابكي من قهر البشر [MASK] من قهر [MASK] عطر الليل وتر الناي بين الزحام وجع [SEP] البث ##اره هوامير تويتر الي ما منهم فائده [MASK] الان في ناس بتف ##كر البنت بس [MASK] [MASK] [SEP]
INFO:tensorflow:input_ids: 2 11583 2694 16875 1908 17750 3699 4 1908 17750 4 7385 3792 7247 22710 2117 29304 7134 3 12215 2418 19041 4266 2002 1972 3441 22630 4 2311 1912 3970 12133 2014 6890 2357 4 4 3 0 0 0 0 0 0 0 0 0 0 0 0 0 0 0 0 0 0 0 0 0 0 0 0 0 0 0 0 0 0 0 0 0 0 0 0 0 0 0 0 0 0 0 0 0 0 0 0 0 0 0 0 0 0 0 0 0 0 0 0 0 0 0 0 0 0 0 0 0 0 0 0 0 0 0 0 0 0 0 0 0 0 0 0 0 0 0 0 0 0
I1103 08:55:06.031966 47763140064320 create_pretraining_data.py:161] input_ids: 2 11583 2694 16875 1908 17750 3699 4 1908 17750 4 7385 3792 7247 22710 2117 29304 7134 3 12215 2418 19041 4266 2002 1972 3441 22630 4 2311 1912 3970 12133 2014 6890 2357 4 4 3 0 0 0 0 0 0 0 0 0 0 0 0 0 0 0 0 0 0 0 0 0 0 0 0 0 0 0 0 0 0 0 0 0 0 0 0 0 0 0 0 0 0 0 0 0 0 0 0 0 0 0 0 0 0 0 0 0 0 0 0 0 0 0 0 0 0 0 0 0 0 0 0 0 0 0 0 0 0 0 0 0 0 0 0 0 0 0 0 0 0
INFO:tensorflow:input_mask: 1 1 1 1 1 1 1 1 1 1 1 1 1 1 1 1 1 1 1 1 1 1 1 1 1 1 1 1 1 1 1 1 1 1 1 1 1 1 0 0 0 0 0 0 0 0 0 0 0 0 0 0 0 0 0 0 0 0 0 0 0 0 0 0 0 0 0 0 0 0 0 0 0 0 0 0 0 0 0 0 0 0 0 0 0 0 0 0 0 0 0 0 0 0 0 0 0 0 0 0 0 0 0 0 0 0 0 0 0 0 0 0 0 0 0 0 0 0 0 0 0 0 0 0 0 0 0 0
I1103 08:55:06.032097 47763140064320 create_pretraining_data.py:161] input_mask: 1 1 1 1 1 1 1 1 1 1 1 1 1 1 1 1 1 1 1 1 1 1 1 1 1 1 1 1 1 1 1 1 1 1 1 1 1 1 0 0 0 0 0 0 0 0 0 0 0 0 0 0 0 0 0 0 0 0 0 0 0 0 0 0 0 0 0 0 0 0 0 0 0 0 0 0 0 0 0 0 0 0 0 0 0 0 0 0 0 0 0 0 0 0 0 0 0 0 0 0 0 0 0 0 0 0 0 0 0 0 0 0 0 0 0 0 0 0 0 0 0 0 0 0 0 0 0 0
INFO:tensorflow:segment_ids: 0 0 0 0 0 0 0 0 0 0 0 0 0 0 0 0 0 0 0 1 1 1 1 1 1 1 1 1 1 1 1 1 1 1 1 1 1 1 0 0 0 0 0 0 0 0 0 0 0 0 0 0 0 0 0 0 0 0 0 0 0 0 0 0 0 0 0 0 0 0 0 0 0 0 0 0 0 0 0 0 0 0 0 0 0 0 0 0 0 0 0 0 0 0 0 0 0 0 0 0 0 0 0 0 0 0 0 0 0 0 0 0 0 0 0 0 0 0 0 0 0 0 0 0 0 0 0 0
I1103 08:55:06.032244 47763140064320 create_pretraining_data.py:161] segment_ids: 0 0 0 0 0 0 0 0 0 0 0 0 0 0 0 0 0 0 0 1 1 1 1 1 1 1 1 1 1 1 1 1 1 1 1 1 1 1 0 0 0 0 0 0 0 0 0 0 0 0 0 0 0 0 0 0 0 0 0 0 0 0 0 0 0 0 0 0 0 0 0 0 0 0 0 0 0 0 0 0 0 0 0 0 0 0 0 0 0 0 0 0 0 0 0 0 0 0 0 0 0 0 0 0 0 0 0 0 0 0 0 0 0 0 0 0 0 0 0 0 0 0 0 0 0 0 0 0
INFO:tensorflow:masked_lm_positions: 3 7 10 27 35 36 0 0 0 0 0 0 0 0 0 0 0 0 0 0
I1103 08:55:06.032341 47763140064320 create_pretraining_data.py:161] masked_lm_positions: 3 7 10 27 35 36 0 0 0 0 0 0 0 0 0 0 0 0 0 0
INFO:tensorflow:masked_lm_ids: 16875 3607 5579 11380 2044 3542 0 0 0 0 0 0 0 0 0 0 0 0 0 0
I1103 08:55:06.032432 47763140064320 create_pretraining_data.py:161] masked_lm_ids: 16875 3607 5579 11380 2044 3542 0 0 0 0 0 0 0 0 0 0 0 0 0 0
INFO:tensorflow:masked_lm_weights: 1.0 1.0 1.0 1.0 1.0 1.0 0.0 0.0 0.0 0.0 0.0 0.0 0.0 0.0 0.0 0.0 0.0 0.0 0.0 0.0
I1103 08:55:06.032525 47763140064320 create_pretraining_data.py:161] masked_lm_weights: 1.0 1.0 1.0 1.0 1.0 1.0 0.0 0.0 0.0 0.0 0.0 0.0 0.0 0.0 0.0 0.0 0.0 0.0 0.0 0.0
INFO:tensorflow:next_sentence_labels: 1
I1103 08:55:06.032608 47763140064320 create_pretraining_data.py:161] next_sentence_labels: 1
INFO:tensorflow:*** Example ***
I1103 08:55:06.033206 47763140064320 create_pretraining_data.py:149] *** Example ***
INFO:tensorflow:tokens: [CLS] زد رصيدك5 ##5 والمقالات يستر من الخصم ##يات ويب ##عده ##ا عن عبدالكريم الحمدلله [MASK] م ساق معهم بس كان راك ##ب [SEP] روحي معلق ##ه ب بقايا حلم الامس مق ##يده [MASK] [MASK] فهل ##ا فك ##كت القي ##د واعت ##قت يومي اجر ##قيد ##ي وار ##حل اليك مث ##قلت [MASK] [MASK] خطا ##ئ عاشق ##ه من الخيال [MASK] [MASK] الحرف [SEP]
I1103 08:55:06.033351 47763140064320 create_pretraining_data.py:151] tokens: [CLS] زد رصيدك5 ##5 والمقالات يستر من الخصم ##يات ويب ##عده ##ا عن عبدالكريم الحمدلله [MASK] م ساق معهم بس كان راك ##ب [SEP] روحي معلق ##ه ب بقايا حلم الامس مق ##يده [MASK] [MASK] فهل ##ا فك ##كت القي ##د واعت ##قت يومي اجر ##قيد ##ي وار ##حل اليك مث ##قلت [MASK] [MASK] خطا ##ئ عاشق ##ه من الخيال [MASK] [MASK] الحرف [SEP]
INFO:tensorflow:input_ids: 2 3477 11361 1030 13976 18804 1908 18025 2066 4840 8521 1007 1955 11872 4062 4 412 15279 5876 2357 2055 15256 1045 3 7245 23013 1028 388 14661 5517 15651 2599 3210 4 4 7539 1007 4399 2053 9318 1016 5072 2039 8628 6413 15532 1013 3565 4278 4230 3066 6795 4 4 7623 1042 12118 1028 1908 12871 4 4 9519 3 0 0 0 0 0 0 0 0 0 0 0 0 0 0 0 0 0 0 0 0 0 0 0 0 0 0 0 0 0 0 0 0 0 0 0 0 0 0 0 0 0 0 0 0 0 0 0 0 0 0 0 0 0 0 0 0 0 0 0 0 0 0 0 0
I1103 08:55:06.033497 47763140064320 create_pretraining_data.py:161] input_ids: 2 3477 11361 1030 13976 18804 1908 18025 2066 4840 8521 1007 1955 11872 4062 4 412 15279 5876 2357 2055 15256 1045 3 7245 23013 1028 388 14661 5517 15651 2599 3210 4 4 7539 1007 4399 2053 9318 1016 5072 2039 8628 6413 15532 1013 3565 4278 4230 3066 6795 4 4 7623 1042 12118 1028 1908 12871 4 4 9519 3 0 0 0 0 0 0 0 0 0 0 0 0 0 0 0 0 0 0 0 0 0 0 0 0 0 0 0 0 0 0 0 0 0 0 0 0 0 0 0 0 0 0 0 0 0 0 0 0 0 0 0 0 0 0 0 0 0 0 0 0 0 0 0 0
INFO:tensorflow:input_mask: 1 1 1 1 1 1 1 1 1 1 1 1 1 1 1 1 1 1 1 1 1 1 1 1 1 1 1 1 1 1 1 1 1 1 1 1 1 1 1 1 1 1 1 1 1 1 1 1 1 1 1 1 1 1 1 1 1 1 1 1 1 1 1 1 0 0 0 0 0 0 0 0 0 0 0 0 0 0 0 0 0 0 0 0 0 0 0 0 0 0 0 0 0 0 0 0 0 0 0 0 0 0 0 0 0 0 0 0 0 0 0 0 0 0 0 0 0 0 0 0 0 0 0 0 0 0 0 0
I1103 08:55:06.033644 47763140064320 create_pretraining_data.py:161] input_mask: 1 1 1 1 1 1 1 1 1 1 1 1 1 1 1 1 1 1 1 1 1 1 1 1 1 1 1 1 1 1 1 1 1 1 1 1 1 1 1 1 1 1 1 1 1 1 1 1 1 1 1 1 1 1 1 1 1 1 1 1 1 1 1 1 0 0 0 0 0 0 0 0 0 0 0 0 0 0 0 0 0 0 0 0 0 0 0 0 0 0 0 0 0 0 0 0 0 0 0 0 0 0 0 0 0 0 0 0 0 0 0 0 0 0 0 0 0 0 0 0 0 0 0 0 0 0 0 0
INFO:tensorflow:segment_ids: 0 0 0 0 0 0 0 0 0 0 0 0 0 0 0 0 0 0 0 0 0 0 0 0 1 1 1 1 1 1 1 1 1 1 1 1 1 1 1 1 1 1 1 1 1 1 1 1 1 1 1 1 1 1 1 1 1 1 1 1 1 1 1 1 0 0 0 0 0 0 0 0 0 0 0 0 0 0 0 0 0 0 0 0 0 0 0 0 0 0 0 0 0 0 0 0 0 0 0 0 0 0 0 0 0 0 0 0 0 0 0 0 0 0 0 0 0 0 0 0 0 0 0 0 0 0 0 0
I1103 08:55:06.033774 47763140064320 create_pretraining_data.py:161] segment_ids: 0 0 0 0 0 0 0 0 0 0 0 0 0 0 0 0 0 0 0 0 0 0 0 0 1 1 1 1 1 1 1 1 1 1 1 1 1 1 1 1 1 1 1 1 1 1 1 1 1 1 1 1 1 1 1 1 1 1 1 1 1 1 1 1 0 0 0 0 0 0 0 0 0 0 0 0 0 0 0 0 0 0 0 0 0 0 0 0 0 0 0 0 0 0 0 0 0 0 0 0 0 0 0 0 0 0 0 0 0 0 0 0 0 0 0 0 0 0 0 0 0 0 0 0 0 0 0 0
INFO:tensorflow:masked_lm_positions: 1 4 15 16 33 34 52 53 60 61 0 0 0 0 0 0 0 0 0 0
I1103 08:55:06.033868 47763140064320 create_pretraining_data.py:161] masked_lm_positions: 1 4 15 16 33 34 52 53 60 61 0 0 0 0 0 0 0 0 0 0
INFO:tensorflow:masked_lm_ids: 3477 1953 11872 412 2249 5058 19442 3464 7659 1011 0 0 0 0 0 0 0 0 0 0
I1103 08:55:06.033958 47763140064320 create_pretraining_data.py:161] masked_lm_ids: 3477 1953 11872 412 2249 5058 19442 3464 7659 1011 0 0 0 0 0 0 0 0 0 0
INFO:tensorflow:masked_lm_weights: 1.0 1.0 1.0 1.0 1.0 1.0 1.0 1.0 1.0 1.0 0.0 0.0 0.0 0.0 0.0 0.0 0.0 0.0 0.0 0.0
I1103 08:55:06.034050 47763140064320 create_pretraining_data.py:161] masked_lm_weights: 1.0 1.0 1.0 1.0 1.0 1.0 1.0 1.0 1.0 1.0 0.0 0.0 0.0 0.0 0.0 0.0 0.0 0.0 0.0 0.0
INFO:tensorflow:next_sentence_labels: 1
I1103 08:55:06.034133 47763140064320 create_pretraining_data.py:161] next_sentence_labels: 1
INFO:tensorflow:*** Example ***
I1103 08:55:06.034718 47763140064320 create_pretraining_data.py:149] *** Example ***
INFO:tensorflow:tokens: [CLS] السوري المحترف [MASK] الخطيب في طريقه الي نادي الكويت [MASK] الكويت العربي الزعيم [SEP] [MASK] سببا في ان يبتسم احد اليوم و كل يوم [SEP]
I1103 08:55:06.034844 47763140064320 create_pretraining_data.py:151] tokens: [CLS] السوري المحترف [MASK] الخطيب في طريقه الي نادي الكويت [MASK] الكويت العربي الزعيم [SEP] [MASK] سببا في ان يبتسم احد اليوم و كل يوم [SEP]
INFO:tensorflow:input_ids: 2 3766 23318 4 13093 1912 7220 2002 3557 3346 4 3346 2659 7401 3 4 12261 1912 1939 18938 2439 2217 415 2038 2232 3 0 0 0 0 0 0 0 0 0 0 0 0 0 0 0 0 0 0 0 0 0 0 0 0 0 0 0 0 0 0 0 0 0 0 0 0 0 0 0 0 0 0 0 0 0 0 0 0 0 0 0 0 0 0 0 0 0 0 0 0 0 0 0 0 0 0 0 0 0 0 0 0 0 0 0 0 0 0 0 0 0 0 0 0 0 0 0 0 0 0 0 0 0 0 0 0 0 0 0 0 0 0
I1103 08:55:06.034984 47763140064320 create_pretraining_data.py:161] input_ids: 2 3766 23318 4 13093 1912 7220 2002 3557 3346 4 3346 2659 7401 3 4 12261 1912 1939 18938 2439 2217 415 2038 2232 3 0 0 0 0 0 0 0 0 0 0 0 0 0 0 0 0 0 0 0 0 0 0 0 0 0 0 0 0 0 0 0 0 0 0 0 0 0 0 0 0 0 0 0 0 0 0 0 0 0 0 0 0 0 0 0 0 0 0 0 0 0 0 0 0 0 0 0 0 0 0 0 0 0 0 0 0 0 0 0 0 0 0 0 0 0 0 0 0 0 0 0 0 0 0 0 0 0 0 0 0 0 0
INFO:tensorflow:input_mask: 1 1 1 1 1 1 1 1 1 1 1 1 1 1 1 1 1 1 1 1 1 1 1 1 1 1 0 0 0 0 0 0 0 0 0 0 0 0 0 0 0 0 0 0 0 0 0 0 0 0 0 0 0 0 0 0 0 0 0 0 0 0 0 0 0 0 0 0 0 0 0 0 0 0 0 0 0 0 0 0 0 0 0 0 0 0 0 0 0 0 0 0 0 0 0 0 0 0 0 0 0 0 0 0 0 0 0 0 0 0 0 0 0 0 0 0 0 0 0 0 0 0 0 0 0 0 0 0
I1103 08:55:06.035112 47763140064320 create_pretraining_data.py:161] input_mask: 1 1 1 1 1 1 1 1 1 1 1 1 1 1 1 1 1 1 1 1 1 1 1 1 1 1 0 0 0 0 0 0 0 0 0 0 0 0 0 0 0 0 0 0 0 0 0 0 0 0 0 0 0 0 0 0 0 0 0 0 0 0 0 0 0 0 0 0 0 0 0 0 0 0 0 0 0 0 0 0 0 0 0 0 0 0 0 0 0 0 0 0 0 0 0 0 0 0 0 0 0 0 0 0 0 0 0 0 0 0 0 0 0 0 0 0 0 0 0 0 0 0 0 0 0 0 0 0
INFO:tensorflow:segment_ids: 0 0 0 0 0 0 0 0 0 0 0 0 0 0 0 1 1 1 1 1 1 1 1 1 1 1 0 0 0 0 0 0 0 0 0 0 0 0 0 0 0 0 0 0 0 0 0 0 0 0 0 0 0 0 0 0 0 0 0 0 0 0 0 0 0 0 0 0 0 0 0 0 0 0 0 0 0 0 0 0 0 0 0 0 0 0 0 0 0 0 0 0 0 0 0 0 0 0 0 0 0 0 0 0 0 0 0 0 0 0 0 0 0 0 0 0 0 0 0 0 0 0 0 0 0 0 0 0
I1103 08:55:06.035257 47763140064320 create_pretraining_data.py:161] segment_ids: 0 0 0 0 0 0 0 0 0 0 0 0 0 0 0 1 1 1 1 1 1 1 1 1 1 1 0 0 0 0 0 0 0 0 0 0 0 0 0 0 0 0 0 0 0 0 0 0 0 0 0 0 0 0 0 0 0 0 0 0 0 0 0 0 0 0 0 0 0 0 0 0 0 0 0 0 0 0 0 0 0 0 0 0 0 0 0 0 0 0 0 0 0 0 0 0 0 0 0 0 0 0 0 0 0 0 0 0 0 0 0 0 0 0 0 0 0 0 0 0 0 0 0 0 0 0 0 0
INFO:tensorflow:masked_lm_positions: 2 3 10 15 0 0 0 0 0 0 0 0 0 0 0 0 0 0 0 0
I1103 08:55:06.035356 47763140064320 create_pretraining_data.py:161] masked_lm_positions: 2 3 10 15 0 0 0 0 0 0 0 0 0 0 0 0 0 0 0 0
INFO:tensorflow:masked_lm_ids: 23318 27520 3557 3181 0 0 0 0 0 0 0 0 0 0 0 0 0 0 0 0
I1103 08:55:06.035445 47763140064320 create_pretraining_data.py:161] masked_lm_ids: 23318 27520 3557 3181 0 0 0 0 0 0 0 0 0 0 0 0 0 0 0 0
INFO:tensorflow:masked_lm_weights: 1.0 1.0 1.0 1.0 0.0 0.0 0.0 0.0 0.0 0.0 0.0 0.0 0.0 0.0 0.0 0.0 0.0 0.0 0.0 0.0
I1103 08:55:06.035538 47763140064320 create_pretraining_data.py:161] masked_lm_weights: 1.0 1.0 1.0 1.0 0.0 0.0 0.0 0.0 0.0 0.0 0.0 0.0 0.0 0.0 0.0 0.0 0.0 0.0 0.0 0.0
INFO:tensorflow:next_sentence_labels: 1
I1103 08:55:06.035621 47763140064320 create_pretraining_data.py:161] next_sentence_labels: 1
INFO:tensorflow:*** Example ***
I1103 08:55:06.036181 47763140064320 create_pretraining_data.py:149] *** Example ***
INFO:tensorflow:tokens: [CLS] صباح [MASK] [SEP] شكرا ##اا [SEP]
I1103 08:55:06.036310 47763140064320 create_pretraining_data.py:151] tokens: [CLS] صباح [MASK] [SEP] شكرا ##اا [SEP]
INFO:tensorflow:input_ids: 2 2570 4 3 3948 2877 3 0 0 0 0 0 0 0 0 0 0 0 0 0 0 0 0 0 0 0 0 0 0 0 0 0 0 0 0 0 0 0 0 0 0 0 0 0 0 0 0 0 0 0 0 0 0 0 0 0 0 0 0 0 0 0 0 0 0 0 0 0 0 0 0 0 0 0 0 0 0 0 0 0 0 0 0 0 0 0 0 0 0 0 0 0 0 0 0 0 0 0 0 0 0 0 0 0 0 0 0 0 0 0 0 0 0 0 0 0 0 0 0 0 0 0 0 0 0 0 0 0
I1103 08:55:06.036448 47763140064320 create_pretraining_data.py:161] input_ids: 2 2570 4 3 3948 2877 3 0 0 0 0 0 0 0 0 0 0 0 0 0 0 0 0 0 0 0 0 0 0 0 0 0 0 0 0 0 0 0 0 0 0 0 0 0 0 0 0 0 0 0 0 0 0 0 0 0 0 0 0 0 0 0 0 0 0 0 0 0 0 0 0 0 0 0 0 0 0 0 0 0 0 0 0 0 0 0 0 0 0 0 0 0 0 0 0 0 0 0 0 0 0 0 0 0 0 0 0 0 0 0 0 0 0 0 0 0 0 0 0 0 0 0 0 0 0 0 0 0
INFO:tensorflow:input_mask: 1 1 1 1 1 1 1 0 0 0 0 0 0 0 0 0 0 0 0 0 0 0 0 0 0 0 0 0 0 0 0 0 0 0 0 0 0 0 0 0 0 0 0 0 0 0 0 0 0 0 0 0 0 0 0 0 0 0 0 0 0 0 0 0 0 0 0 0 0 0 0 0 0 0 0 0 0 0 0 0 0 0 0 0 0 0 0 0 0 0 0 0 0 0 0 0 0 0 0 0 0 0 0 0 0 0 0 0 0 0 0 0 0 0 0 0 0 0 0 0 0 0 0 0 0 0 0 0
I1103 08:55:06.036576 47763140064320 create_pretraining_data.py:161] input_mask: 1 1 1 1 1 1 1 0 0 0 0 0 0 0 0 0 0 0 0 0 0 0 0 0 0 0 0 0 0 0 0 0 0 0 0 0 0 0 0 0 0 0 0 0 0 0 0 0 0 0 0 0 0 0 0 0 0 0 0 0 0 0 0 0 0 0 0 0 0 0 0 0 0 0 0 0 0 0 0 0 0 0 0 0 0 0 0 0 0 0 0 0 0 0 0 0 0 0 0 0 0 0 0 0 0 0 0 0 0 0 0 0 0 0 0 0 0 0 0 0 0 0 0 0 0 0 0 0
INFO:tensorflow:segment_ids: 0 0 0 0 1 1 1 0 0 0 0 0 0 0 0 0 0 0 0 0 0 0 0 0 0 0 0 0 0 0 0 0 0 0 0 0 0 0 0 0 0 0 0 0 0 0 0 0 0 0 0 0 0 0 0 0 0 0 0 0 0 0 0 0 0 0 0 0 0 0 0 0 0 0 0 0 0 0 0 0 0 0 0 0 0 0 0 0 0 0 0 0 0 0 0 0 0 0 0 0 0 0 0 0 0 0 0 0 0 0 0 0 0 0 0 0 0 0 0 0 0 0 0 0 0 0 0 0
I1103 08:55:06.036699 47763140064320 create_pretraining_data.py:161] segment_ids: 0 0 0 0 1 1 1 0 0 0 0 0 0 0 0 0 0 0 0 0 0 0 0 0 0 0 0 0 0 0 0 0 0 0 0 0 0 0 0 0 0 0 0 0 0 0 0 0 0 0 0 0 0 0 0 0 0 0 0 0 0 0 0 0 0 0 0 0 0 0 0 0 0 0 0 0 0 0 0 0 0 0 0 0 0 0 0 0 0 0 0 0 0 0 0 0 0 0 0 0 0 0 0 0 0 0 0 0 0 0 0 0 0 0 0 0 0 0 0 0 0 0 0 0 0 0 0 0
INFO:tensorflow:masked_lm_positions: 2 0 0 0 0 0 0 0 0 0 0 0 0 0 0 0 0 0 0 0
I1103 08:55:06.036792 47763140064320 create_pretraining_data.py:161] masked_lm_positions: 2 0 0 0 0 0 0 0 0 0 0 0 0 0 0 0 0 0 0 0
INFO:tensorflow:masked_lm_ids: 2831 0 0 0 0 0 0 0 0 0 0 0 0 0 0 0 0 0 0 0
I1103 08:55:06.036897 47763140064320 create_pretraining_data.py:161] masked_lm_ids: 2831 0 0 0 0 0 0 0 0 0 0 0 0 0 0 0 0 0 0 0
INFO:tensorflow:masked_lm_weights: 1.0 0.0 0.0 0.0 0.0 0.0 0.0 0.0 0.0 0.0 0.0 0.0 0.0 0.0 0.0 0.0 0.0 0.0 0.0 0.0
I1103 08:55:06.036993 47763140064320 create_pretraining_data.py:161] masked_lm_weights: 1.0 0.0 0.0 0.0 0.0 0.0 0.0 0.0 0.0 0.0 0.0 0.0 0.0 0.0 0.0 0.0 0.0 0.0 0.0 0.0
INFO:tensorflow:next_sentence_labels: 1
I1103 08:55:06.037077 47763140064320 create_pretraining_data.py:161] next_sentence_labels: 1
INFO:tensorflow:*** Example ***
I1103 08:55:06.037682 47763140064320 create_pretraining_data.py:149] *** Example ***
INFO:tensorflow:tokens: [CLS] لو دخل كل منا ##اا قلب الاخر لاش ##فق عليه [MASK] محمود يوم الجمعه الجميري روح زد ##رص ##يدك [SEP] العافيه [MASK] دامت جهل ##ت و اذا فقدت واغفر فاش ##كروا الله [MASK] يارب لك الحمد كما ينبغي لجل ##ال [MASK] وعظيم سلطان [MASK] اللهم [MASK] الحمد دائما وابدا [SEP]
I1103 08:55:06.037819 47763140064320 create_pretraining_data.py:151] tokens: [CLS] لو دخل كل منا ##اا قلب الاخر لاش ##فق عليه [MASK] محمود يوم الجمعه الجميري روح زد ##رص ##يدك [SEP] العافيه [MASK] دامت جهل ##ت و اذا فقدت واغفر فاش ##كروا الله [MASK] يارب لك الحمد كما ينبغي لجل ##ال [MASK] وعظيم سلطان [MASK] اللهم [MASK] الحمد دائما وابدا [SEP]
INFO:tensorflow:input_ids: 2 2244 4896 2038 3501 2877 2362 3762 15313 2817 2181 4 4800 2232 4305 23882 3894 3477 6486 3374 3 9269 4 18760 21238 1005 415 2387 11581 9510 9140 22082 1953 4 2856 2278 2807 2306 6935 20796 1901 4 29853 5618 4 2168 4 2807 3357 13708 3 0 0 0 0 0 0 0 0 0 0 0 0 0 0 0 0 0 0 0 0 0 0 0 0 0 0 0 0 0 0 0 0 0 0 0 0 0 0 0 0 0 0 0 0 0 0 0 0 0 0 0 0 0 0 0 0 0 0 0 0 0 0 0 0 0 0 0 0 0 0 0 0 0 0 0 0 0
I1103 08:55:06.037965 47763140064320 create_pretraining_data.py:161] input_ids: 2 2244 4896 2038 3501 2877 2362 3762 15313 2817 2181 4 4800 2232 4305 23882 3894 3477 6486 3374 3 9269 4 18760 21238 1005 415 2387 11581 9510 9140 22082 1953 4 2856 2278 2807 2306 6935 20796 1901 4 29853 5618 4 2168 4 2807 3357 13708 3 0 0 0 0 0 0 0 0 0 0 0 0 0 0 0 0 0 0 0 0 0 0 0 0 0 0 0 0 0 0 0 0 0 0 0 0 0 0 0 0 0 0 0 0 0 0 0 0 0 0 0 0 0 0 0 0 0 0 0 0 0 0 0 0 0 0 0 0 0 0 0 0 0 0 0 0 0
INFO:tensorflow:input_mask: 1 1 1 1 1 1 1 1 1 1 1 1 1 1 1 1 1 1 1 1 1 1 1 1 1 1 1 1 1 1 1 1 1 1 1 1 1 1 1 1 1 1 1 1 1 1 1 1 1 1 1 0 0 0 0 0 0 0 0 0 0 0 0 0 0 0 0 0 0 0 0 0 0 0 0 0 0 0 0 0 0 0 0 0 0 0 0 0 0 0 0 0 0 0 0 0 0 0 0 0 0 0 0 0 0 0 0 0 0 0 0 0 0 0 0 0 0 0 0 0 0 0 0 0 0 0 0 0
I1103 08:55:06.038095 47763140064320 create_pretraining_data.py:161] input_mask: 1 1 1 1 1 1 1 1 1 1 1 1 1 1 1 1 1 1 1 1 1 1 1 1 1 1 1 1 1 1 1 1 1 1 1 1 1 1 1 1 1 1 1 1 1 1 1 1 1 1 1 0 0 0 0 0 0 0 0 0 0 0 0 0 0 0 0 0 0 0 0 0 0 0 0 0 0 0 0 0 0 0 0 0 0 0 0 0 0 0 0 0 0 0 0 0 0 0 0 0 0 0 0 0 0 0 0 0 0 0 0 0 0 0 0 0 0 0 0 0 0 0 0 0 0 0 0 0
INFO:tensorflow:segment_ids: 0 0 0 0 0 0 0 0 0 0 0 0 0 0 0 0 0 0 0 0 0 1 1 1 1 1 1 1 1 1 1 1 1 1 1 1 1 1 1 1 1 1 1 1 1 1 1 1 1 1 1 0 0 0 0 0 0 0 0 0 0 0 0 0 0 0 0 0 0 0 0 0 0 0 0 0 0 0 0 0 0 0 0 0 0 0 0 0 0 0 0 0 0 0 0 0 0 0 0 0 0 0 0 0 0 0 0 0 0 0 0 0 0 0 0 0 0 0 0 0 0 0 0 0 0 0 0 0
I1103 08:55:06.038221 47763140064320 create_pretraining_data.py:161] segment_ids: 0 0 0 0 0 0 0 0 0 0 0 0 0 0 0 0 0 0 0 0 0 1 1 1 1 1 1 1 1 1 1 1 1 1 1 1 1 1 1 1 1 1 1 1 1 1 1 1 1 1 1 0 0 0 0 0 0 0 0 0 0 0 0 0 0 0 0 0 0 0 0 0 0 0 0 0 0 0 0 0 0 0 0 0 0 0 0 0 0 0 0 0 0 0 0 0 0 0 0 0 0 0 0 0 0 0 0 0 0 0 0 0 0 0 0 0 0 0 0 0 0 0 0 0 0 0 0 0
INFO:tensorflow:masked_lm_positions: 11 22 29 33 41 43 44 46 0 0 0 0 0 0 0 0 0 0 0 0
I1103 08:55:06.038321 47763140064320 create_pretraining_data.py:161] masked_lm_positions: 11 22 29 33 41 43 44 46 0 0 0 0 0 0 0 0 0 0 0 0
INFO:tensorflow:masked_lm_ids: 12576 2387 7813 3357 7950 5618 1014 2278 0 0 0 0 0 0 0 0 0 0 0 0
I1103 08:55:06.038412 47763140064320 create_pretraining_data.py:161] masked_lm_ids: 12576 2387 7813 3357 7950 5618 1014 2278 0 0 0 0 0 0 0 0 0 0 0 0
INFO:tensorflow:masked_lm_weights: 1.0 1.0 1.0 1.0 1.0 1.0 1.0 1.0 0.0 0.0 0.0 0.0 0.0 0.0 0.0 0.0 0.0 0.0 0.0 0.0
I1103 08:55:06.038520 47763140064320 create_pretraining_data.py:161] masked_lm_weights: 1.0 1.0 1.0 1.0 1.0 1.0 1.0 1.0 0.0 0.0 0.0 0.0 0.0 0.0 0.0 0.0 0.0 0.0 0.0 0.0
INFO:tensorflow:next_sentence_labels: 1
I1103 08:55:06.038604 47763140064320 create_pretraining_data.py:161] next_sentence_labels: 1
INFO:tensorflow:*** Example ***
I1103 08:55:06.039192 47763140064320 create_pretraining_data.py:149] *** Example ***
INFO:tensorflow:tokens: [CLS] ولت ##علم بانك تبلغ في قلبي اكثر الهدايا تظن [MASK] [MASK] [SEP] تخيل انها اخر تغريده لك [SEP]
I1103 08:55:06.039322 47763140064320 create_pretraining_data.py:151] tokens: [CLS] ولت ##علم بانك تبلغ في قلبي اكثر الهدايا تظن [MASK] [MASK] [SEP] تخيل انها اخر تغريده لك [SEP]
INFO:tensorflow:input_ids: 2 9784 4176 11004 9223 1912 3018 2695 16827 17609 4 4 3 11731 3550 3076 8997 2278 3 0 0 0 0 0 0 0 0 0 0 0 0 0 0 0 0 0 0 0 0 0 0 0 0 0 0 0 0 0 0 0 0 0 0 0 0 0 0 0 0 0 0 0 0 0 0 0 0 0 0 0 0 0 0 0 0 0 0 0 0 0 0 0 0 0 0 0 0 0 0 0 0 0 0 0 0 0 0 0 0 0 0 0 0 0 0 0 0 0 0 0 0 0 0 0 0 0 0 0 0 0 0 0 0 0 0 0 0 0
I1103 08:55:06.039461 47763140064320 create_pretraining_data.py:161] input_ids: 2 9784 4176 11004 9223 1912 3018 2695 16827 17609 4 4 3 11731 3550 3076 8997 2278 3 0 0 0 0 0 0 0 0 0 0 0 0 0 0 0 0 0 0 0 0 0 0 0 0 0 0 0 0 0 0 0 0 0 0 0 0 0 0 0 0 0 0 0 0 0 0 0 0 0 0 0 0 0 0 0 0 0 0 0 0 0 0 0 0 0 0 0 0 0 0 0 0 0 0 0 0 0 0 0 0 0 0 0 0 0 0 0 0 0 0 0 0 0 0 0 0 0 0 0 0 0 0 0 0 0 0 0 0 0
INFO:tensorflow:input_mask: 1 1 1 1 1 1 1 1 1 1 1 1 1 1 1 1 1 1 1 0 0 0 0 0 0 0 0 0 0 0 0 0 0 0 0 0 0 0 0 0 0 0 0 0 0 0 0 0 0 0 0 0 0 0 0 0 0 0 0 0 0 0 0 0 0 0 0 0 0 0 0 0 0 0 0 0 0 0 0 0 0 0 0 0 0 0 0 0 0 0 0 0 0 0 0 0 0 0 0 0 0 0 0 0 0 0 0 0 0 0 0 0 0 0 0 0 0 0 0 0 0 0 0 0 0 0 0 0
I1103 08:55:06.039591 47763140064320 create_pretraining_data.py:161] input_mask: 1 1 1 1 1 1 1 1 1 1 1 1 1 1 1 1 1 1 1 0 0 0 0 0 0 0 0 0 0 0 0 0 0 0 0 0 0 0 0 0 0 0 0 0 0 0 0 0 0 0 0 0 0 0 0 0 0 0 0 0 0 0 0 0 0 0 0 0 0 0 0 0 0 0 0 0 0 0 0 0 0 0 0 0 0 0 0 0 0 0 0 0 0 0 0 0 0 0 0 0 0 0 0 0 0 0 0 0 0 0 0 0 0 0 0 0 0 0 0 0 0 0 0 0 0 0 0 0
INFO:tensorflow:segment_ids: 0 0 0 0 0 0 0 0 0 0 0 0 0 1 1 1 1 1 1 0 0 0 0 0 0 0 0 0 0 0 0 0 0 0 0 0 0 0 0 0 0 0 0 0 0 0 0 0 0 0 0 0 0 0 0 0 0 0 0 0 0 0 0 0 0 0 0 0 0 0 0 0 0 0 0 0 0 0 0 0 0 0 0 0 0 0 0 0 0 0 0 0 0 0 0 0 0 0 0 0 0 0 0 0 0 0 0 0 0 0 0 0 0 0 0 0 0 0 0 0 0 0 0 0 0 0 0 0
I1103 08:55:06.039714 47763140064320 create_pretraining_data.py:161] segment_ids: 0 0 0 0 0 0 0 0 0 0 0 0 0 1 1 1 1 1 1 0 0 0 0 0 0 0 0 0 0 0 0 0 0 0 0 0 0 0 0 0 0 0 0 0 0 0 0 0 0 0 0 0 0 0 0 0 0 0 0 0 0 0 0 0 0 0 0 0 0 0 0 0 0 0 0 0 0 0 0 0 0 0 0 0 0 0 0 0 0 0 0 0 0 0 0 0 0 0 0 0 0 0 0 0 0 0 0 0 0 0 0 0 0 0 0 0 0 0 0 0 0 0 0 0 0 0 0 0
INFO:tensorflow:masked_lm_positions: 8 10 11 0 0 0 0 0 0 0 0 0 0 0 0 0 0 0 0 0
I1103 08:55:06.039807 47763140064320 create_pretraining_data.py:161] masked_lm_positions: 8 10 11 0 0 0 0 0 0 0 0 0 0 0 0 0 0 0 0 0
INFO:tensorflow:masked_lm_ids: 3077 7247 1013 0 0 0 0 0 0 0 0 0 0 0 0 0 0 0 0 0
I1103 08:55:06.039896 47763140064320 create_pretraining_data.py:161] masked_lm_ids: 3077 7247 1013 0 0 0 0 0 0 0 0 0 0 0 0 0 0 0 0 0
INFO:tensorflow:masked_lm_weights: 1.0 1.0 1.0 0.0 0.0 0.0 0.0 0.0 0.0 0.0 0.0 0.0 0.0 0.0 0.0 0.0 0.0 0.0 0.0 0.0
I1103 08:55:06.039988 47763140064320 create_pretraining_data.py:161] masked_lm_weights: 1.0 1.0 1.0 0.0 0.0 0.0 0.0 0.0 0.0 0.0 0.0 0.0 0.0 0.0 0.0 0.0 0.0 0.0 0.0 0.0
INFO:tensorflow:next_sentence_labels: 1
I1103 08:55:06.040070 47763140064320 create_pretraining_data.py:161] next_sentence_labels: 1
INFO:tensorflow:*** Example ***
I1103 08:55:06.040668 47763140064320 create_pretraining_data.py:149] *** Example ***
INFO:tensorflow:tokens: [CLS] لاتح ##سب اني من هموم الزمن خالي فيني [MASK] الهم مايك ##في ميه رجال قروب دبلوماسي للدعم قروب فلا ##اا ##ويه للدعم [SEP] سعيد [MASK] [MASK] [MASK] تختفي من دخول الشباب بسبب هذا التصريح [MASK] [SEP]
I1103 08:55:06.040799 47763140064320 create_pretraining_data.py:151] tokens: [CLS] لاتح ##سب اني من هموم الزمن خالي فيني [MASK] الهم مايك ##في ميه رجال قروب دبلوماسي للدعم قروب فلا ##اا ##ويه للدعم [SEP] سعيد [MASK] [MASK] [MASK] تختفي من دخول الشباب بسبب هذا التصريح [MASK] [SEP]
INFO:tensorflow:input_ids: 2 13610 2024 2694 1908 8776 5579 16414 6049 4 5707 12703 2007 25158 4077 2543 19008 2679 2543 2828 2877 2835 2679 3 3664 4 4 4 25668 1908 5090 3321 3179 2085 22387 4 3 0 0 0 0 0 0 0 0 0 0 0 0 0 0 0 0 0 0 0 0 0 0 0 0 0 0 0 0 0 0 0 0 0 0 0 0 0 0 0 0 0 0 0 0 0 0 0 0 0 0 0 0 0 0 0 0 0 0 0 0 0 0 0 0 0 0 0 0 0 0 0 0 0 0 0 0 0 0 0 0 0 0 0 0 0 0 0 0 0 0 0
I1103 08:55:06.040956 47763140064320 create_pretraining_data.py:161] input_ids: 2 13610 2024 2694 1908 8776 5579 16414 6049 4 5707 12703 2007 25158 4077 2543 19008 2679 2543 2828 2877 2835 2679 3 3664 4 4 4 25668 1908 5090 3321 3179 2085 22387 4 3 0 0 0 0 0 0 0 0 0 0 0 0 0 0 0 0 0 0 0 0 0 0 0 0 0 0 0 0 0 0 0 0 0 0 0 0 0 0 0 0 0 0 0 0 0 0 0 0 0 0 0 0 0 0 0 0 0 0 0 0 0 0 0 0 0 0 0 0 0 0 0 0 0 0 0 0 0 0 0 0 0 0 0 0 0 0 0 0 0 0 0
INFO:tensorflow:input_mask: 1 1 1 1 1 1 1 1 1 1 1 1 1 1 1 1 1 1 1 1 1 1 1 1 1 1 1 1 1 1 1 1 1 1 1 1 1 0 0 0 0 0 0 0 0 0 0 0 0 0 0 0 0 0 0 0 0 0 0 0 0 0 0 0 0 0 0 0 0 0 0 0 0 0 0 0 0 0 0 0 0 0 0 0 0 0 0 0 0 0 0 0 0 0 0 0 0 0 0 0 0 0 0 0 0 0 0 0 0 0 0 0 0 0 0 0 0 0 0 0 0 0 0 0 0 0 0 0
I1103 08:55:06.041088 47763140064320 create_pretraining_data.py:161] input_mask: 1 1 1 1 1 1 1 1 1 1 1 1 1 1 1 1 1 1 1 1 1 1 1 1 1 1 1 1 1 1 1 1 1 1 1 1 1 0 0 0 0 0 0 0 0 0 0 0 0 0 0 0 0 0 0 0 0 0 0 0 0 0 0 0 0 0 0 0 0 0 0 0 0 0 0 0 0 0 0 0 0 0 0 0 0 0 0 0 0 0 0 0 0 0 0 0 0 0 0 0 0 0 0 0 0 0 0 0 0 0 0 0 0 0 0 0 0 0 0 0 0 0 0 0 0 0 0 0
INFO:tensorflow:segment_ids: 0 0 0 0 0 0 0 0 0 0 0 0 0 0 0 0 0 0 0 0 0 0 0 0 1 1 1 1 1 1 1 1 1 1 1 1 1 0 0 0 0 0 0 0 0 0 0 0 0 0 0 0 0 0 0 0 0 0 0 0 0 0 0 0 0 0 0 0 0 0 0 0 0 0 0 0 0 0 0 0 0 0 0 0 0 0 0 0 0 0 0 0 0 0 0 0 0 0 0 0 0 0 0 0 0 0 0 0 0 0 0 0 0 0 0 0 0 0 0 0 0 0 0 0 0 0 0 0
I1103 08:55:06.041213 47763140064320 create_pretraining_data.py:161] segment_ids: 0 0 0 0 0 0 0 0 0 0 0 0 0 0 0 0 0 0 0 0 0 0 0 0 1 1 1 1 1 1 1 1 1 1 1 1 1 0 0 0 0 0 0 0 0 0 0 0 0 0 0 0 0 0 0 0 0 0 0 0 0 0 0 0 0 0 0 0 0 0 0 0 0 0 0 0 0 0 0 0 0 0 0 0 0 0 0 0 0 0 0 0 0 0 0 0 0 0 0 0 0 0 0 0 0 0 0 0 0 0 0 0 0 0 0 0 0 0 0 0 0 0 0 0 0 0 0 0
INFO:tensorflow:masked_lm_positions: 9 25 26 27 28 35 0 0 0 0 0 0 0 0 0 0 0 0 0 0
I1103 08:55:06.041314 47763140064320 create_pretraining_data.py:161] masked_lm_positions: 9 25 26 27 28 35 0 0 0 0 0 0 0 0 0 0 0 0 0 0
INFO:tensorflow:masked_lm_ids: 1908 15856 2449 6129 2399 3507 0 0 0 0 0 0 0 0 0 0 0 0 0 0
I1103 08:55:06.041404 47763140064320 create_pretraining_data.py:161] masked_lm_ids: 1908 15856 2449 6129 2399 3507 0 0 0 0 0 0 0 0 0 0 0 0 0 0
INFO:tensorflow:masked_lm_weights: 1.0 1.0 1.0 1.0 1.0 1.0 0.0 0.0 0.0 0.0 0.0 0.0 0.0 0.0 0.0 0.0 0.0 0.0 0.0 0.0
I1103 08:55:06.041495 47763140064320 create_pretraining_data.py:161] masked_lm_weights: 1.0 1.0 1.0 1.0 1.0 1.0 0.0 0.0 0.0 0.0 0.0 0.0 0.0 0.0 0.0 0.0 0.0 0.0 0.0 0.0
INFO:tensorflow:next_sentence_labels: 1
I1103 08:55:06.041578 47763140064320 create_pretraining_data.py:161] next_sentence_labels: 1
INFO:tensorflow:*** Example ***
I1103 08:55:06.042151 47763140064320 create_pretraining_data.py:149] *** Example ***
INFO:tensorflow:tokens: [CLS] فبر [MASK] [MASK] فط ##يار ##ه ف اي مكان نايم ومك ##بر المخ ##ده [SEP] [MASK] حصان والمجتمع ساح ##ه قتال وكل ##ن يط ##ب الميادين وح ##صان ##ه معه يا اعت ##لي به قب ##ه العز في [MASK] النز ##ال او عثر به تحت [MASK] [MASK] وسط [MASK] [MASK] [SEP]
I1103 08:55:06.042289 47763140064320 create_pretraining_data.py:151] tokens: [CLS] فبر [MASK] [MASK] فط ##يار ##ه ف اي مكان نايم ومك ##بر المخ ##ده [SEP] [MASK] حصان والمجتمع ساح ##ه قتال وكل ##ن يط ##ب الميادين وح ##صان ##ه معه يا اعت ##لي به قب ##ه العز في [MASK] النز ##ال او عثر به تحت [MASK] [MASK] وسط [MASK] [MASK] [SEP]
INFO:tensorflow:input_ids: 2 15264 4 4 12252 4003 1028 408 2218 3192 21979 12742 1997 2714 2124 3 4 27270 8731 7661 1028 22116 3453 1006 3012 1045 23179 2270 19151 1028 3860 2104 2616 1907 2249 3412 1028 6866 1912 4 6387 1901 2213 15979 2249 2538 4 4 4008 4 4 3 0 0 0 0 0 0 0 0 0 0 0 0 0 0 0 0 0 0 0 0 0 0 0 0 0 0 0 0 0 0 0 0 0 0 0 0 0 0 0 0 0 0 0 0 0 0 0 0 0 0 0 0 0 0 0 0 0 0 0 0 0 0 0 0 0 0 0 0 0 0 0 0 0 0 0 0
I1103 08:55:06.042450 47763140064320 create_pretraining_data.py:161] input_ids: 2 15264 4 4 12252 4003 1028 408 2218 3192 21979 12742 1997 2714 2124 3 4 27270 8731 7661 1028 22116 3453 1006 3012 1045 23179 2270 19151 1028 3860 2104 2616 1907 2249 3412 1028 6866 1912 4 6387 1901 2213 15979 2249 2538 4 4 4008 4 4 3 0 0 0 0 0 0 0 0 0 0 0 0 0 0 0 0 0 0 0 0 0 0 0 0 0 0 0 0 0 0 0 0 0 0 0 0 0 0 0 0 0 0 0 0 0 0 0 0 0 0 0 0 0 0 0 0 0 0 0 0 0 0 0 0 0 0 0 0 0 0 0 0 0 0 0 0
INFO:tensorflow:input_mask: 1 1 1 1 1 1 1 1 1 1 1 1 1 1 1 1 1 1 1 1 1 1 1 1 1 1 1 1 1 1 1 1 1 1 1 1 1 1 1 1 1 1 1 1 1 1 1 1 1 1 1 1 0 0 0 0 0 0 0 0 0 0 0 0 0 0 0 0 0 0 0 0 0 0 0 0 0 0 0 0 0 0 0 0 0 0 0 0 0 0 0 0 0 0 0 0 0 0 0 0 0 0 0 0 0 0 0 0 0 0 0 0 0 0 0 0 0 0 0 0 0 0 0 0 0 0 0 0
I1103 08:55:06.042583 47763140064320 create_pretraining_data.py:161] input_mask: 1 1 1 1 1 1 1 1 1 1 1 1 1 1 1 1 1 1 1 1 1 1 1 1 1 1 1 1 1 1 1 1 1 1 1 1 1 1 1 1 1 1 1 1 1 1 1 1 1 1 1 1 0 0 0 0 0 0 0 0 0 0 0 0 0 0 0 0 0 0 0 0 0 0 0 0 0 0 0 0 0 0 0 0 0 0 0 0 0 0 0 0 0 0 0 0 0 0 0 0 0 0 0 0 0 0 0 0 0 0 0 0 0 0 0 0 0 0 0 0 0 0 0 0 0 0 0 0
INFO:tensorflow:segment_ids: 0 0 0 0 0 0 0 0 0 0 0 0 0 0 0 0 1 1 1 1 1 1 1 1 1 1 1 1 1 1 1 1 1 1 1 1 1 1 1 1 1 1 1 1 1 1 1 1 1 1 1 1 0 0 0 0 0 0 0 0 0 0 0 0 0 0 0 0 0 0 0 0 0 0 0 0 0 0 0 0 0 0 0 0 0 0 0 0 0 0 0 0 0 0 0 0 0 0 0 0 0 0 0 0 0 0 0 0 0 0 0 0 0 0 0 0 0 0 0 0 0 0 0 0 0 0 0 0
I1103 08:55:06.042708 47763140064320 create_pretraining_data.py:161] segment_ids: 0 0 0 0 0 0 0 0 0 0 0 0 0 0 0 0 1 1 1 1 1 1 1 1 1 1 1 1 1 1 1 1 1 1 1 1 1 1 1 1 1 1 1 1 1 1 1 1 1 1 1 1 0 0 0 0 0 0 0 0 0 0 0 0 0 0 0 0 0 0 0 0 0 0 0 0 0 0 0 0 0 0 0 0 0 0 0 0 0 0 0 0 0 0 0 0 0 0 0 0 0 0 0 0 0 0 0 0 0 0 0 0 0 0 0 0 0 0 0 0 0 0 0 0 0 0 0 0
INFO:tensorflow:masked_lm_positions: 2 3 16 39 46 47 49 50 0 0 0 0 0 0 0 0 0 0 0 0
I1103 08:55:06.042801 47763140064320 create_pretraining_data.py:161] masked_lm_positions: 2 3 16 39 46 47 49 50 0 0 0 0 0 0 0 0 0 0 0 0
INFO:tensorflow:masked_lm_ids: 6039 2468 9360 2758 7955 2718 9198 2226 0 0 0 0 0 0 0 0 0 0 0 0
I1103 08:55:06.042891 47763140064320 create_pretraining_data.py:161] masked_lm_ids: 6039 2468 9360 2758 7955 2718 9198 2226 0 0 0 0 0 0 0 0 0 0 0 0
INFO:tensorflow:masked_lm_weights: 1.0 1.0 1.0 1.0 1.0 1.0 1.0 1.0 0.0 0.0 0.0 0.0 0.0 0.0 0.0 0.0 0.0 0.0 0.0 0.0
I1103 08:55:06.042983 47763140064320 create_pretraining_data.py:161] masked_lm_weights: 1.0 1.0 1.0 1.0 1.0 1.0 1.0 1.0 0.0 0.0 0.0 0.0 0.0 0.0 0.0 0.0 0.0 0.0 0.0 0.0
INFO:tensorflow:next_sentence_labels: 1
I1103 08:55:06.043067 47763140064320 create_pretraining_data.py:161] next_sentence_labels: 1
INFO:tensorflow:*** Example ***
I1103 08:55:06.043676 47763140064320 create_pretraining_data.py:149] *** Example ***
INFO:tensorflow:tokens: [CLS] مع اقتراب الاجازه و الزواج ##ات ولمن ##اسب ##اتكم الخاصه [MASK] [MASK] لدينا ما [MASK] [MASK] معم ##ول دوا ##سر ملكي [MASK] علي واتس فقط ##055 ##14 ##59 ##0 ##42 [SEP] قال صلي [MASK] عليه [MASK] اكثروا من الصلاه علي ليله الجمعه و يوم الجمعه فان صلاتكم معروضه علي [MASK] صحيح [SEP]
I1103 08:55:06.043815 47763140064320 create_pretraining_data.py:151] tokens: [CLS] مع اقتراب الاجازه و الزواج ##ات ولمن ##اسب ##اتكم الخاصه [MASK] [MASK] لدينا ما [MASK] [MASK] معم ##ول دوا ##سر ملكي [MASK] علي واتس فقط ##055 ##14 ##59 ##0 ##42 [SEP] قال صلي [MASK] عليه [MASK] اكثروا من الصلاه علي ليله الجمعه و يوم الجمعه فان صلاتكم معروضه علي [MASK] صحيح [SEP]
INFO:tensorflow:input_ids: 2 1973 24777 22544 415 6919 1904 14430 14453 7392 7395 4 4 5344 1972 4 4 13770 1940 11085 2734 16998 4 1958 5682 2574 14967 7281 20137 1071 15417 3 2136 4082 4 2181 4 12802 1908 4676 1958 6373 4305 415 2232 4305 2712 22585 24029 1958 4 4053 3 0 0 0 0 0 0 0 0 0 0 0 0 0 0 0 0 0 0 0 0 0 0 0 0 0 0 0 0 0 0 0 0 0 0 0 0 0 0 0 0 0 0 0 0 0 0 0 0 0 0 0 0 0 0 0 0 0 0 0 0 0 0 0 0 0 0 0 0 0 0 0 0 0 0 0
I1103 08:55:06.043972 47763140064320 create_pretraining_data.py:161] input_ids: 2 1973 24777 22544 415 6919 1904 14430 14453 7392 7395 4 4 5344 1972 4 4 13770 1940 11085 2734 16998 4 1958 5682 2574 14967 7281 20137 1071 15417 3 2136 4082 4 2181 4 12802 1908 4676 1958 6373 4305 415 2232 4305 2712 22585 24029 1958 4 4053 3 0 0 0 0 0 0 0 0 0 0 0 0 0 0 0 0 0 0 0 0 0 0 0 0 0 0 0 0 0 0 0 0 0 0 0 0 0 0 0 0 0 0 0 0 0 0 0 0 0 0 0 0 0 0 0 0 0 0 0 0 0 0 0 0 0 0 0 0 0 0 0 0 0 0 0
INFO:tensorflow:input_mask: 1 1 1 1 1 1 1 1 1 1 1 1 1 1 1 1 1 1 1 1 1 1 1 1 1 1 1 1 1 1 1 1 1 1 1 1 1 1 1 1 1 1 1 1 1 1 1 1 1 1 1 1 1 0 0 0 0 0 0 0 0 0 0 0 0 0 0 0 0 0 0 0 0 0 0 0 0 0 0 0 0 0 0 0 0 0 0 0 0 0 0 0 0 0 0 0 0 0 0 0 0 0 0 0 0 0 0 0 0 0 0 0 0 0 0 0 0 0 0 0 0 0 0 0 0 0 0 0
I1103 08:55:06.044103 47763140064320 create_pretraining_data.py:161] input_mask: 1 1 1 1 1 1 1 1 1 1 1 1 1 1 1 1 1 1 1 1 1 1 1 1 1 1 1 1 1 1 1 1 1 1 1 1 1 1 1 1 1 1 1 1 1 1 1 1 1 1 1 1 1 0 0 0 0 0 0 0 0 0 0 0 0 0 0 0 0 0 0 0 0 0 0 0 0 0 0 0 0 0 0 0 0 0 0 0 0 0 0 0 0 0 0 0 0 0 0 0 0 0 0 0 0 0 0 0 0 0 0 0 0 0 0 0 0 0 0 0 0 0 0 0 0 0 0 0
INFO:tensorflow:segment_ids: 0 0 0 0 0 0 0 0 0 0 0 0 0 0 0 0 0 0 0 0 0 0 0 0 0 0 0 0 0 0 0 0 1 1 1 1 1 1 1 1 1 1 1 1 1 1 1 1 1 1 1 1 1 0 0 0 0 0 0 0 0 0 0 0 0 0 0 0 0 0 0 0 0 0 0 0 0 0 0 0 0 0 0 0 0 0 0 0 0 0 0 0 0 0 0 0 0 0 0 0 0 0 0 0 0 0 0 0 0 0 0 0 0 0 0 0 0 0 0 0 0 0 0 0 0 0 0 0
I1103 08:55:06.044228 47763140064320 create_pretraining_data.py:161] segment_ids: 0 0 0 0 0 0 0 0 0 0 0 0 0 0 0 0 0 0 0 0 0 0 0 0 0 0 0 0 0 0 0 0 1 1 1 1 1 1 1 1 1 1 1 1 1 1 1 1 1 1 1 1 1 0 0 0 0 0 0 0 0 0 0 0 0 0 0 0 0 0 0 0 0 0 0 0 0 0 0 0 0 0 0 0 0 0 0 0 0 0 0 0 0 0 0 0 0 0 0 0 0 0 0 0 0 0 0 0 0 0 0 0 0 0 0 0 0 0 0 0 0 0 0 0 0 0 0 0
INFO:tensorflow:masked_lm_positions: 11 12 15 16 22 34 36 50 0 0 0 0 0 0 0 0 0 0 0 0
I1103 08:55:06.044328 47763140064320 create_pretraining_data.py:161] masked_lm_positions: 11 12 15 16 22 34 36 50 0 0 0 0 0 0 0 0 0 0 0 0
INFO:tensorflow:masked_lm_ids: 5091 1922 8061 2018 4524 1953 2565 3395 0 0 0 0 0 0 0 0 0 0 0 0
I1103 08:55:06.044419 47763140064320 create_pretraining_data.py:161] masked_lm_ids: 5091 1922 8061 2018 4524 1953 2565 3395 0 0 0 0 0 0 0 0 0 0 0 0
INFO:tensorflow:masked_lm_weights: 1.0 1.0 1.0 1.0 1.0 1.0 1.0 1.0 0.0 0.0 0.0 0.0 0.0 0.0 0.0 0.0 0.0 0.0 0.0 0.0
I1103 08:55:06.044511 47763140064320 create_pretraining_data.py:161] masked_lm_weights: 1.0 1.0 1.0 1.0 1.0 1.0 1.0 1.0 0.0 0.0 0.0 0.0 0.0 0.0 0.0 0.0 0.0 0.0 0.0 0.0
INFO:tensorflow:next_sentence_labels: 1
I1103 08:55:06.044594 47763140064320 create_pretraining_data.py:161] next_sentence_labels: 1
INFO:tensorflow:Wrote 9999780 total instances
I1103 10:07:07.915754 47763140064320 create_pretraining_data.py:166] Wrote 9999780 total instances
