Loading module 'all'
WARNING:tensorflow:From ../bert/create_pretraining_data.py:469: The name tf.app.run is deprecated. Please use tf.compat.v1.app.run instead.

WARNING:tensorflow:From ../bert/create_pretraining_data.py:437: The name tf.logging.set_verbosity is deprecated. Please use tf.compat.v1.logging.set_verbosity instead.

W1103 02:58:01.428370 47977143239744 module_wrapper.py:139] From ../bert/create_pretraining_data.py:437: The name tf.logging.set_verbosity is deprecated. Please use tf.compat.v1.logging.set_verbosity instead.

WARNING:tensorflow:From ../bert/create_pretraining_data.py:437: The name tf.logging.INFO is deprecated. Please use tf.compat.v1.logging.INFO instead.

W1103 02:58:01.428748 47977143239744 module_wrapper.py:139] From ../bert/create_pretraining_data.py:437: The name tf.logging.INFO is deprecated. Please use tf.compat.v1.logging.INFO instead.

WARNING:tensorflow:From /scratch/gi372/CAMeLBERT/bert/tokenization.py:125: The name tf.gfile.GFile is deprecated. Please use tf.io.gfile.GFile instead.

W1103 02:58:01.429121 47977143239744 module_wrapper.py:139] From /scratch/gi372/CAMeLBERT/bert/tokenization.py:125: The name tf.gfile.GFile is deprecated. Please use tf.io.gfile.GFile instead.

WARNING:tensorflow:From ../bert/create_pretraining_data.py:444: The name tf.gfile.Glob is deprecated. Please use tf.io.gfile.glob instead.

W1103 02:58:01.568309 47977143239744 module_wrapper.py:139] From ../bert/create_pretraining_data.py:444: The name tf.gfile.Glob is deprecated. Please use tf.io.gfile.glob instead.

WARNING:tensorflow:From ../bert/create_pretraining_data.py:446: The name tf.logging.info is deprecated. Please use tf.compat.v1.logging.info instead.

W1103 02:58:01.576570 47977143239744 module_wrapper.py:139] From ../bert/create_pretraining_data.py:446: The name tf.logging.info is deprecated. Please use tf.compat.v1.logging.info instead.

INFO:tensorflow:*** Reading from input files ***
I1103 02:58:01.576794 47977143239744 create_pretraining_data.py:446] *** Reading from input files ***
INFO:tensorflow:  ../corpora/shards/DA-ali2019-500m-tweet.bw.ar.lines.shard.085.normalized.sents
I1103 02:58:01.576955 47977143239744 create_pretraining_data.py:448]   ../corpora/shards/DA-ali2019-500m-tweet.bw.ar.lines.shard.085.normalized.sents
INFO:tensorflow:*** Writing to output files ***
I1103 03:41:37.980183 47977143239744 create_pretraining_data.py:457] *** Writing to output files ***
INFO:tensorflow:  ../corpora/tfrecord_wp-30k_msl-128/DA-ali2019-500m-tweet.bw.ar.lines.shard.085.tf_record
I1103 03:41:38.010944 47977143239744 create_pretraining_data.py:459]   ../corpora/tfrecord_wp-30k_msl-128/DA-ali2019-500m-tweet.bw.ar.lines.shard.085.tf_record
WARNING:tensorflow:From ../bert/create_pretraining_data.py:101: The name tf.python_io.TFRecordWriter is deprecated. Please use tf.io.TFRecordWriter instead.

W1103 03:41:38.058541 47977143239744 module_wrapper.py:139] From ../bert/create_pretraining_data.py:101: The name tf.python_io.TFRecordWriter is deprecated. Please use tf.io.TFRecordWriter instead.

INFO:tensorflow:*** Example ***
I1103 03:41:38.235609 47977143239744 create_pretraining_data.py:149] *** Example ***
INFO:tensorflow:tokens: [CLS] ملا ##زمه قول لاحول ولا [MASK] الا بالله يفتح المغ ##لقات وي ##ذل ##ل [MASK] فلا الأعضاء اسي لسانك من قولها ستجد ثم ##رتها في الدنيا وك ##بير [MASK] [MASK] في [MASK] [SEP] خل الكلام وش ##د حيل ##ك ب الافعال الفعل يذكر والس ##والف سوالف [SEP]
I1103 03:41:38.236598 47977143239744 create_pretraining_data.py:151] tokens: [CLS] ملا ##زمه قول لاحول ولا [MASK] الا بالله يفتح المغ ##لقات وي ##ذل ##ل [MASK] فلا الأعضاء اسي لسانك من قولها ستجد ثم ##رتها في الدنيا وك ##بير [MASK] [MASK] في [MASK] [SEP] خل الكلام وش ##د حيل ##ك ب الافعال الفعل يذكر والس ##والف سوالف [SEP]
INFO:tensorflow:input_ids: 2 4288 19727 4052 14181 2086 4 1915 3351 9413 2716 7356 2162 6911 1010 4 2828 4556 13631 11271 1908 25499 12894 2371 8886 1912 2859 2341 2406 4 4 1912 4 3 9549 3859 2347 1016 13285 1014 388 26432 9078 4853 2604 11858 20146 3 0 0 0 0 0 0 0 0 0 0 0 0 0 0 0 0 0 0 0 0 0 0 0 0 0 0 0 0 0 0 0 0 0 0 0 0 0 0 0 0 0 0 0 0 0 0 0 0 0 0 0 0 0 0 0 0 0 0 0 0 0 0 0 0 0 0 0 0 0 0 0 0 0 0 0 0 0 0 0 0
I1103 03:41:38.237990 47977143239744 create_pretraining_data.py:161] input_ids: 2 4288 19727 4052 14181 2086 4 1915 3351 9413 2716 7356 2162 6911 1010 4 2828 4556 13631 11271 1908 25499 12894 2371 8886 1912 2859 2341 2406 4 4 1912 4 3 9549 3859 2347 1016 13285 1014 388 26432 9078 4853 2604 11858 20146 3 0 0 0 0 0 0 0 0 0 0 0 0 0 0 0 0 0 0 0 0 0 0 0 0 0 0 0 0 0 0 0 0 0 0 0 0 0 0 0 0 0 0 0 0 0 0 0 0 0 0 0 0 0 0 0 0 0 0 0 0 0 0 0 0 0 0 0 0 0 0 0 0 0 0 0 0 0 0 0 0
INFO:tensorflow:input_mask: 1 1 1 1 1 1 1 1 1 1 1 1 1 1 1 1 1 1 1 1 1 1 1 1 1 1 1 1 1 1 1 1 1 1 1 1 1 1 1 1 1 1 1 1 1 1 1 1 0 0 0 0 0 0 0 0 0 0 0 0 0 0 0 0 0 0 0 0 0 0 0 0 0 0 0 0 0 0 0 0 0 0 0 0 0 0 0 0 0 0 0 0 0 0 0 0 0 0 0 0 0 0 0 0 0 0 0 0 0 0 0 0 0 0 0 0 0 0 0 0 0 0 0 0 0 0 0 0
I1103 03:41:38.238285 47977143239744 create_pretraining_data.py:161] input_mask: 1 1 1 1 1 1 1 1 1 1 1 1 1 1 1 1 1 1 1 1 1 1 1 1 1 1 1 1 1 1 1 1 1 1 1 1 1 1 1 1 1 1 1 1 1 1 1 1 0 0 0 0 0 0 0 0 0 0 0 0 0 0 0 0 0 0 0 0 0 0 0 0 0 0 0 0 0 0 0 0 0 0 0 0 0 0 0 0 0 0 0 0 0 0 0 0 0 0 0 0 0 0 0 0 0 0 0 0 0 0 0 0 0 0 0 0 0 0 0 0 0 0 0 0 0 0 0 0
INFO:tensorflow:segment_ids: 0 0 0 0 0 0 0 0 0 0 0 0 0 0 0 0 0 0 0 0 0 0 0 0 0 0 0 0 0 0 0 0 0 0 1 1 1 1 1 1 1 1 1 1 1 1 1 1 0 0 0 0 0 0 0 0 0 0 0 0 0 0 0 0 0 0 0 0 0 0 0 0 0 0 0 0 0 0 0 0 0 0 0 0 0 0 0 0 0 0 0 0 0 0 0 0 0 0 0 0 0 0 0 0 0 0 0 0 0 0 0 0 0 0 0 0 0 0 0 0 0 0 0 0 0 0 0 0
I1103 03:41:38.238523 47977143239744 create_pretraining_data.py:161] segment_ids: 0 0 0 0 0 0 0 0 0 0 0 0 0 0 0 0 0 0 0 0 0 0 0 0 0 0 0 0 0 0 0 0 0 0 1 1 1 1 1 1 1 1 1 1 1 1 1 1 0 0 0 0 0 0 0 0 0 0 0 0 0 0 0 0 0 0 0 0 0 0 0 0 0 0 0 0 0 0 0 0 0 0 0 0 0 0 0 0 0 0 0 0 0 0 0 0 0 0 0 0 0 0 0 0 0 0 0 0 0 0 0 0 0 0 0 0 0 0 0 0 0 0 0 0 0 0 0 0
INFO:tensorflow:masked_lm_positions: 6 15 17 18 29 30 32 0 0 0 0 0 0 0 0 0 0 0 0 0
I1103 03:41:38.238698 47977143239744 create_pretraining_data.py:161] masked_lm_positions: 6 15 17 18 29 30 32 0 0 0 0 0 0 0 0 0 0 0 0 0
INFO:tensorflow:masked_lm_ids: 5079 21934 6529 1017 21782 1913 7889 0 0 0 0 0 0 0 0 0 0 0 0 0
I1103 03:41:38.238869 47977143239744 create_pretraining_data.py:161] masked_lm_ids: 5079 21934 6529 1017 21782 1913 7889 0 0 0 0 0 0 0 0 0 0 0 0 0
INFO:tensorflow:masked_lm_weights: 1.0 1.0 1.0 1.0 1.0 1.0 1.0 0.0 0.0 0.0 0.0 0.0 0.0 0.0 0.0 0.0 0.0 0.0 0.0 0.0
I1103 03:41:38.240405 47977143239744 create_pretraining_data.py:161] masked_lm_weights: 1.0 1.0 1.0 1.0 1.0 1.0 1.0 0.0 0.0 0.0 0.0 0.0 0.0 0.0 0.0 0.0 0.0 0.0 0.0 0.0
INFO:tensorflow:next_sentence_labels: 1
I1103 03:41:38.240584 47977143239744 create_pretraining_data.py:161] next_sentence_labels: 1
INFO:tensorflow:*** Example ***
I1103 03:41:38.241312 47977143239744 create_pretraining_data.py:149] *** Example ***
INFO:tensorflow:tokens: [CLS] لعشاق النكت حساب جميل خذ ##لك لف [MASK] علي الحساب يعجبك الوهاب ##يه منهج الارهاب [SEP] يقول احد الحكماء ذ ##قت الطيب ##ات كلها فلم اجد اطيب من [MASK] [MASK] [MASK] المرا ##رات كلها فلم اجد امر من الحاجه [MASK] الناس [SEP]
I1103 03:41:38.241537 47977143239744 create_pretraining_data.py:151] tokens: [CLS] لعشاق النكت حساب جميل خذ ##لك لف [MASK] علي الحساب يعجبك الوهاب ##يه منهج الارهاب [SEP] يقول احد الحكماء ذ ##قت الطيب ##ات كلها فلم اجد اطيب من [MASK] [MASK] [MASK] المرا ##رات كلها فلم اجد امر من الحاجه [MASK] الناس [SEP]
INFO:tensorflow:input_ids: 2 27111 10165 3144 3814 5390 1934 4488 4 1958 6396 27035 13998 1988 10827 5506 3 2722 2439 20924 396 2039 4820 1904 4465 5586 13849 18078 1908 4 4 4 6506 2401 4465 5586 13849 3693 1908 11749 4 2397 3 0 0 0 0 0 0 0 0 0 0 0 0 0 0 0 0 0 0 0 0 0 0 0 0 0 0 0 0 0 0 0 0 0 0 0 0 0 0 0 0 0 0 0 0 0 0 0 0 0 0 0 0 0 0 0 0 0 0 0 0 0 0 0 0 0 0 0 0 0 0 0 0 0 0 0 0 0 0 0 0 0 0 0 0 0
I1103 03:41:38.241787 47977143239744 create_pretraining_data.py:161] input_ids: 2 27111 10165 3144 3814 5390 1934 4488 4 1958 6396 27035 13998 1988 10827 5506 3 2722 2439 20924 396 2039 4820 1904 4465 5586 13849 18078 1908 4 4 4 6506 2401 4465 5586 13849 3693 1908 11749 4 2397 3 0 0 0 0 0 0 0 0 0 0 0 0 0 0 0 0 0 0 0 0 0 0 0 0 0 0 0 0 0 0 0 0 0 0 0 0 0 0 0 0 0 0 0 0 0 0 0 0 0 0 0 0 0 0 0 0 0 0 0 0 0 0 0 0 0 0 0 0 0 0 0 0 0 0 0 0 0 0 0 0 0 0 0 0 0
INFO:tensorflow:input_mask: 1 1 1 1 1 1 1 1 1 1 1 1 1 1 1 1 1 1 1 1 1 1 1 1 1 1 1 1 1 1 1 1 1 1 1 1 1 1 1 1 1 1 1 0 0 0 0 0 0 0 0 0 0 0 0 0 0 0 0 0 0 0 0 0 0 0 0 0 0 0 0 0 0 0 0 0 0 0 0 0 0 0 0 0 0 0 0 0 0 0 0 0 0 0 0 0 0 0 0 0 0 0 0 0 0 0 0 0 0 0 0 0 0 0 0 0 0 0 0 0 0 0 0 0 0 0 0 0
I1103 03:41:38.242041 47977143239744 create_pretraining_data.py:161] input_mask: 1 1 1 1 1 1 1 1 1 1 1 1 1 1 1 1 1 1 1 1 1 1 1 1 1 1 1 1 1 1 1 1 1 1 1 1 1 1 1 1 1 1 1 0 0 0 0 0 0 0 0 0 0 0 0 0 0 0 0 0 0 0 0 0 0 0 0 0 0 0 0 0 0 0 0 0 0 0 0 0 0 0 0 0 0 0 0 0 0 0 0 0 0 0 0 0 0 0 0 0 0 0 0 0 0 0 0 0 0 0 0 0 0 0 0 0 0 0 0 0 0 0 0 0 0 0 0 0
INFO:tensorflow:segment_ids: 0 0 0 0 0 0 0 0 0 0 0 0 0 0 0 0 0 1 1 1 1 1 1 1 1 1 1 1 1 1 1 1 1 1 1 1 1 1 1 1 1 1 1 0 0 0 0 0 0 0 0 0 0 0 0 0 0 0 0 0 0 0 0 0 0 0 0 0 0 0 0 0 0 0 0 0 0 0 0 0 0 0 0 0 0 0 0 0 0 0 0 0 0 0 0 0 0 0 0 0 0 0 0 0 0 0 0 0 0 0 0 0 0 0 0 0 0 0 0 0 0 0 0 0 0 0 0 0
I1103 03:41:38.242303 47977143239744 create_pretraining_data.py:161] segment_ids: 0 0 0 0 0 0 0 0 0 0 0 0 0 0 0 0 0 1 1 1 1 1 1 1 1 1 1 1 1 1 1 1 1 1 1 1 1 1 1 1 1 1 1 0 0 0 0 0 0 0 0 0 0 0 0 0 0 0 0 0 0 0 0 0 0 0 0 0 0 0 0 0 0 0 0 0 0 0 0 0 0 0 0 0 0 0 0 0 0 0 0 0 0 0 0 0 0 0 0 0 0 0 0 0 0 0 0 0 0 0 0 0 0 0 0 0 0 0 0 0 0 0 0 0 0 0 0 0
INFO:tensorflow:masked_lm_positions: 7 8 29 30 31 40 0 0 0 0 0 0 0 0 0 0 0 0 0 0
I1103 03:41:38.242476 47977143239744 create_pretraining_data.py:161] masked_lm_positions: 7 8 29 30 31 40 0 0 0 0 0 0 0 0 0 0 0 0 0 0
INFO:tensorflow:masked_lm_ids: 4488 1028 9269 6637 2039 2002 0 0 0 0 0 0 0 0 0 0 0 0 0 0
I1103 03:41:38.242642 47977143239744 create_pretraining_data.py:161] masked_lm_ids: 4488 1028 9269 6637 2039 2002 0 0 0 0 0 0 0 0 0 0 0 0 0 0
INFO:tensorflow:masked_lm_weights: 1.0 1.0 1.0 1.0 1.0 1.0 0.0 0.0 0.0 0.0 0.0 0.0 0.0 0.0 0.0 0.0 0.0 0.0 0.0 0.0
I1103 03:41:38.242811 47977143239744 create_pretraining_data.py:161] masked_lm_weights: 1.0 1.0 1.0 1.0 1.0 1.0 0.0 0.0 0.0 0.0 0.0 0.0 0.0 0.0 0.0 0.0 0.0 0.0 0.0 0.0
INFO:tensorflow:next_sentence_labels: 1
I1103 03:41:38.242967 47977143239744 create_pretraining_data.py:161] next_sentence_labels: 1
INFO:tensorflow:*** Example ***
I1103 03:41:38.243683 47977143239744 create_pretraining_data.py:149] *** Example ***
INFO:tensorflow:tokens: [CLS] [MASK] [MASK] حقا هم من يشعرون دائما بقيمه ما تقدمه دل كان [MASK] [SEP] تصلي بث ##وب النوم [MASK] بن ##طلون قصير وبعد ساعه تلبس اجمل الث ##ياب وتت ##عط ##ر لاجل مقابل ##ه الناس يا [MASK] ادم خذ ##وا زين ##تكم [MASK] كل مسجد [SEP]
I1103 03:41:38.243905 47977143239744 create_pretraining_data.py:151] tokens: [CLS] [MASK] [MASK] حقا هم من يشعرون دائما بقيمه ما تقدمه دل كان [MASK] [SEP] تصلي بث ##وب النوم [MASK] بن ##طلون قصير وبعد ساعه تلبس اجمل الث ##ياب وتت ##عط ##ر لاجل مقابل ##ه الناس يا [MASK] ادم خذ ##وا زين ##تكم [MASK] كل مسجد [SEP]
INFO:tensorflow:input_ids: 2 4 4 8266 2839 1908 20928 3357 14349 1972 17059 16421 2055 4 3 22401 4329 2058 4967 4 2040 29577 12761 3807 4681 23621 3244 2084 3416 4697 24889 1017 10848 4357 1028 2397 2104 4 6744 5390 1928 5540 7145 4 2038 8830 3 0 0 0 0 0 0 0 0 0 0 0 0 0 0 0 0 0 0 0 0 0 0 0 0 0 0 0 0 0 0 0 0 0 0 0 0 0 0 0 0 0 0 0 0 0 0 0 0 0 0 0 0 0 0 0 0 0 0 0 0 0 0 0 0 0 0 0 0 0 0 0 0 0 0 0 0 0 0 0 0 0
I1103 03:41:38.244174 47977143239744 create_pretraining_data.py:161] input_ids: 2 4 4 8266 2839 1908 20928 3357 14349 1972 17059 16421 2055 4 3 22401 4329 2058 4967 4 2040 29577 12761 3807 4681 23621 3244 2084 3416 4697 24889 1017 10848 4357 1028 2397 2104 4 6744 5390 1928 5540 7145 4 2038 8830 3 0 0 0 0 0 0 0 0 0 0 0 0 0 0 0 0 0 0 0 0 0 0 0 0 0 0 0 0 0 0 0 0 0 0 0 0 0 0 0 0 0 0 0 0 0 0 0 0 0 0 0 0 0 0 0 0 0 0 0 0 0 0 0 0 0 0 0 0 0 0 0 0 0 0 0 0 0 0 0 0 0
INFO:tensorflow:input_mask: 1 1 1 1 1 1 1 1 1 1 1 1 1 1 1 1 1 1 1 1 1 1 1 1 1 1 1 1 1 1 1 1 1 1 1 1 1 1 1 1 1 1 1 1 1 1 1 0 0 0 0 0 0 0 0 0 0 0 0 0 0 0 0 0 0 0 0 0 0 0 0 0 0 0 0 0 0 0 0 0 0 0 0 0 0 0 0 0 0 0 0 0 0 0 0 0 0 0 0 0 0 0 0 0 0 0 0 0 0 0 0 0 0 0 0 0 0 0 0 0 0 0 0 0 0 0 0 0
I1103 03:41:38.244430 47977143239744 create_pretraining_data.py:161] input_mask: 1 1 1 1 1 1 1 1 1 1 1 1 1 1 1 1 1 1 1 1 1 1 1 1 1 1 1 1 1 1 1 1 1 1 1 1 1 1 1 1 1 1 1 1 1 1 1 0 0 0 0 0 0 0 0 0 0 0 0 0 0 0 0 0 0 0 0 0 0 0 0 0 0 0 0 0 0 0 0 0 0 0 0 0 0 0 0 0 0 0 0 0 0 0 0 0 0 0 0 0 0 0 0 0 0 0 0 0 0 0 0 0 0 0 0 0 0 0 0 0 0 0 0 0 0 0 0 0
INFO:tensorflow:segment_ids: 0 0 0 0 0 0 0 0 0 0 0 0 0 0 0 1 1 1 1 1 1 1 1 1 1 1 1 1 1 1 1 1 1 1 1 1 1 1 1 1 1 1 1 1 1 1 1 0 0 0 0 0 0 0 0 0 0 0 0 0 0 0 0 0 0 0 0 0 0 0 0 0 0 0 0 0 0 0 0 0 0 0 0 0 0 0 0 0 0 0 0 0 0 0 0 0 0 0 0 0 0 0 0 0 0 0 0 0 0 0 0 0 0 0 0 0 0 0 0 0 0 0 0 0 0 0 0 0
I1103 03:41:38.244665 47977143239744 create_pretraining_data.py:161] segment_ids: 0 0 0 0 0 0 0 0 0 0 0 0 0 0 0 1 1 1 1 1 1 1 1 1 1 1 1 1 1 1 1 1 1 1 1 1 1 1 1 1 1 1 1 1 1 1 1 0 0 0 0 0 0 0 0 0 0 0 0 0 0 0 0 0 0 0 0 0 0 0 0 0 0 0 0 0 0 0 0 0 0 0 0 0 0 0 0 0 0 0 0 0 0 0 0 0 0 0 0 0 0 0 0 0 0 0 0 0 0 0 0 0 0 0 0 0 0 0 0 0 0 0 0 0 0 0 0 0
INFO:tensorflow:masked_lm_positions: 1 2 11 13 19 37 43 0 0 0 0 0 0 0 0 0 0 0 0 0
I1103 03:41:38.244813 47977143239744 create_pretraining_data.py:161] masked_lm_positions: 1 2 11 13 19 37 43 0 0 0 0 0 0 0 0 0 0 0 0 0
INFO:tensorflow:masked_lm_ids: 13151 1922 3864 26121 2213 3942 2192 0 0 0 0 0 0 0 0 0 0 0 0 0
I1103 03:41:38.244956 47977143239744 create_pretraining_data.py:161] masked_lm_ids: 13151 1922 3864 26121 2213 3942 2192 0 0 0 0 0 0 0 0 0 0 0 0 0
INFO:tensorflow:masked_lm_weights: 1.0 1.0 1.0 1.0 1.0 1.0 1.0 0.0 0.0 0.0 0.0 0.0 0.0 0.0 0.0 0.0 0.0 0.0 0.0 0.0
I1103 03:41:38.245103 47977143239744 create_pretraining_data.py:161] masked_lm_weights: 1.0 1.0 1.0 1.0 1.0 1.0 1.0 0.0 0.0 0.0 0.0 0.0 0.0 0.0 0.0 0.0 0.0 0.0 0.0 0.0
INFO:tensorflow:next_sentence_labels: 1
I1103 03:41:38.245244 47977143239744 create_pretraining_data.py:161] next_sentence_labels: 1
INFO:tensorflow:*** Example ***
I1103 03:41:38.245848 47977143239744 create_pretraining_data.py:149] *** Example ***
INFO:tensorflow:tokens: [CLS] ضاع ##وا الي جو معاها مسير ##ات واق ##بل ##ت [MASK] [MASK] [MASK] معاها [SEP] اكيد مو الشعب العراقي [SEP]
I1103 03:41:38.246024 47977143239744 create_pretraining_data.py:151] tokens: [CLS] ضاع ##وا الي جو معاها مسير ##ات واق ##بل ##ت [MASK] [MASK] [MASK] معاها [SEP] اكيد مو الشعب العراقي [SEP]
INFO:tensorflow:input_ids: 2 15707 1928 2002 5514 19749 12208 1904 5888 2108 1005 4 4 4 19749 3 10364 2481 3086 4848 3 0 0 0 0 0 0 0 0 0 0 0 0 0 0 0 0 0 0 0 0 0 0 0 0 0 0 0 0 0 0 0 0 0 0 0 0 0 0 0 0 0 0 0 0 0 0 0 0 0 0 0 0 0 0 0 0 0 0 0 0 0 0 0 0 0 0 0 0 0 0 0 0 0 0 0 0 0 0 0 0 0 0 0 0 0 0 0 0 0 0 0 0 0 0 0 0 0 0 0 0 0 0 0 0 0 0 0
I1103 03:41:38.246238 47977143239744 create_pretraining_data.py:161] input_ids: 2 15707 1928 2002 5514 19749 12208 1904 5888 2108 1005 4 4 4 19749 3 10364 2481 3086 4848 3 0 0 0 0 0 0 0 0 0 0 0 0 0 0 0 0 0 0 0 0 0 0 0 0 0 0 0 0 0 0 0 0 0 0 0 0 0 0 0 0 0 0 0 0 0 0 0 0 0 0 0 0 0 0 0 0 0 0 0 0 0 0 0 0 0 0 0 0 0 0 0 0 0 0 0 0 0 0 0 0 0 0 0 0 0 0 0 0 0 0 0 0 0 0 0 0 0 0 0 0 0 0 0 0 0 0 0
INFO:tensorflow:input_mask: 1 1 1 1 1 1 1 1 1 1 1 1 1 1 1 1 1 1 1 1 1 0 0 0 0 0 0 0 0 0 0 0 0 0 0 0 0 0 0 0 0 0 0 0 0 0 0 0 0 0 0 0 0 0 0 0 0 0 0 0 0 0 0 0 0 0 0 0 0 0 0 0 0 0 0 0 0 0 0 0 0 0 0 0 0 0 0 0 0 0 0 0 0 0 0 0 0 0 0 0 0 0 0 0 0 0 0 0 0 0 0 0 0 0 0 0 0 0 0 0 0 0 0 0 0 0 0 0
I1103 03:41:38.246435 47977143239744 create_pretraining_data.py:161] input_mask: 1 1 1 1 1 1 1 1 1 1 1 1 1 1 1 1 1 1 1 1 1 0 0 0 0 0 0 0 0 0 0 0 0 0 0 0 0 0 0 0 0 0 0 0 0 0 0 0 0 0 0 0 0 0 0 0 0 0 0 0 0 0 0 0 0 0 0 0 0 0 0 0 0 0 0 0 0 0 0 0 0 0 0 0 0 0 0 0 0 0 0 0 0 0 0 0 0 0 0 0 0 0 0 0 0 0 0 0 0 0 0 0 0 0 0 0 0 0 0 0 0 0 0 0 0 0 0 0
INFO:tensorflow:segment_ids: 0 0 0 0 0 0 0 0 0 0 0 0 0 0 0 0 1 1 1 1 1 0 0 0 0 0 0 0 0 0 0 0 0 0 0 0 0 0 0 0 0 0 0 0 0 0 0 0 0 0 0 0 0 0 0 0 0 0 0 0 0 0 0 0 0 0 0 0 0 0 0 0 0 0 0 0 0 0 0 0 0 0 0 0 0 0 0 0 0 0 0 0 0 0 0 0 0 0 0 0 0 0 0 0 0 0 0 0 0 0 0 0 0 0 0 0 0 0 0 0 0 0 0 0 0 0 0 0
I1103 03:41:38.246645 47977143239744 create_pretraining_data.py:161] segment_ids: 0 0 0 0 0 0 0 0 0 0 0 0 0 0 0 0 1 1 1 1 1 0 0 0 0 0 0 0 0 0 0 0 0 0 0 0 0 0 0 0 0 0 0 0 0 0 0 0 0 0 0 0 0 0 0 0 0 0 0 0 0 0 0 0 0 0 0 0 0 0 0 0 0 0 0 0 0 0 0 0 0 0 0 0 0 0 0 0 0 0 0 0 0 0 0 0 0 0 0 0 0 0 0 0 0 0 0 0 0 0 0 0 0 0 0 0 0 0 0 0 0 0 0 0 0 0 0 0
INFO:tensorflow:masked_lm_positions: 11 12 13 0 0 0 0 0 0 0 0 0 0 0 0 0 0 0 0 0
I1103 03:41:38.246793 47977143239744 create_pretraining_data.py:161] masked_lm_positions: 11 12 13 0 0 0 0 0 0 0 0 0 0 0 0 0 0 0 0 0
INFO:tensorflow:masked_lm_ids: 15364 9158 4148 0 0 0 0 0 0 0 0 0 0 0 0 0 0 0 0 0
I1103 03:41:38.246937 47977143239744 create_pretraining_data.py:161] masked_lm_ids: 15364 9158 4148 0 0 0 0 0 0 0 0 0 0 0 0 0 0 0 0 0
INFO:tensorflow:masked_lm_weights: 1.0 1.0 1.0 0.0 0.0 0.0 0.0 0.0 0.0 0.0 0.0 0.0 0.0 0.0 0.0 0.0 0.0 0.0 0.0 0.0
I1103 03:41:38.247082 47977143239744 create_pretraining_data.py:161] masked_lm_weights: 1.0 1.0 1.0 0.0 0.0 0.0 0.0 0.0 0.0 0.0 0.0 0.0 0.0 0.0 0.0 0.0 0.0 0.0 0.0 0.0
INFO:tensorflow:next_sentence_labels: 1
I1103 03:41:38.247224 47977143239744 create_pretraining_data.py:161] next_sentence_labels: 1
INFO:tensorflow:*** Example ***
I1103 03:41:38.247835 47977143239744 create_pretraining_data.py:149] *** Example ***
INFO:tensorflow:tokens: [CLS] و [SEP] اللهم في [MASK] طرفه عين اجعل لنا ##م ##خرج ##ا واستقرار ##ا [MASK] [MASK] وفي كل [MASK] استجابه ورحمه وغفر ##انا [SEP]
I1103 03:41:38.248016 47977143239744 create_pretraining_data.py:151] tokens: [CLS] و [SEP] اللهم في [MASK] طرفه عين اجعل لنا ##م ##خرج ##ا واستقرار ##ا [MASK] [MASK] وفي كل [MASK] استجابه ورحمه وغفر ##انا [SEP]
INFO:tensorflow:input_ids: 2 415 3 2168 1912 4 19481 3334 4608 2776 1015 3161 1007 22846 1007 4 4 2427 2038 4 13804 13321 15343 2534 3 0 0 0 0 0 0 0 0 0 0 0 0 0 0 0 0 0 0 0 0 0 0 0 0 0 0 0 0 0 0 0 0 0 0 0 0 0 0 0 0 0 0 0 0 0 0 0 0 0 0 0 0 0 0 0 0 0 0 0 0 0 0 0 0 0 0 0 0 0 0 0 0 0 0 0 0 0 0 0 0 0 0 0 0 0 0 0 0 0 0 0 0 0 0 0 0 0 0 0 0 0 0 0
I1103 03:41:38.248233 47977143239744 create_pretraining_data.py:161] input_ids: 2 415 3 2168 1912 4 19481 3334 4608 2776 1015 3161 1007 22846 1007 4 4 2427 2038 4 13804 13321 15343 2534 3 0 0 0 0 0 0 0 0 0 0 0 0 0 0 0 0 0 0 0 0 0 0 0 0 0 0 0 0 0 0 0 0 0 0 0 0 0 0 0 0 0 0 0 0 0 0 0 0 0 0 0 0 0 0 0 0 0 0 0 0 0 0 0 0 0 0 0 0 0 0 0 0 0 0 0 0 0 0 0 0 0 0 0 0 0 0 0 0 0 0 0 0 0 0 0 0 0 0 0 0 0 0 0
INFO:tensorflow:input_mask: 1 1 1 1 1 1 1 1 1 1 1 1 1 1 1 1 1 1 1 1 1 1 1 1 1 0 0 0 0 0 0 0 0 0 0 0 0 0 0 0 0 0 0 0 0 0 0 0 0 0 0 0 0 0 0 0 0 0 0 0 0 0 0 0 0 0 0 0 0 0 0 0 0 0 0 0 0 0 0 0 0 0 0 0 0 0 0 0 0 0 0 0 0 0 0 0 0 0 0 0 0 0 0 0 0 0 0 0 0 0 0 0 0 0 0 0 0 0 0 0 0 0 0 0 0 0 0 0
I1103 03:41:38.248430 47977143239744 create_pretraining_data.py:161] input_mask: 1 1 1 1 1 1 1 1 1 1 1 1 1 1 1 1 1 1 1 1 1 1 1 1 1 0 0 0 0 0 0 0 0 0 0 0 0 0 0 0 0 0 0 0 0 0 0 0 0 0 0 0 0 0 0 0 0 0 0 0 0 0 0 0 0 0 0 0 0 0 0 0 0 0 0 0 0 0 0 0 0 0 0 0 0 0 0 0 0 0 0 0 0 0 0 0 0 0 0 0 0 0 0 0 0 0 0 0 0 0 0 0 0 0 0 0 0 0 0 0 0 0 0 0 0 0 0 0
INFO:tensorflow:segment_ids: 0 0 0 1 1 1 1 1 1 1 1 1 1 1 1 1 1 1 1 1 1 1 1 1 1 0 0 0 0 0 0 0 0 0 0 0 0 0 0 0 0 0 0 0 0 0 0 0 0 0 0 0 0 0 0 0 0 0 0 0 0 0 0 0 0 0 0 0 0 0 0 0 0 0 0 0 0 0 0 0 0 0 0 0 0 0 0 0 0 0 0 0 0 0 0 0 0 0 0 0 0 0 0 0 0 0 0 0 0 0 0 0 0 0 0 0 0 0 0 0 0 0 0 0 0 0 0 0
I1103 03:41:38.248618 47977143239744 create_pretraining_data.py:161] segment_ids: 0 0 0 1 1 1 1 1 1 1 1 1 1 1 1 1 1 1 1 1 1 1 1 1 1 0 0 0 0 0 0 0 0 0 0 0 0 0 0 0 0 0 0 0 0 0 0 0 0 0 0 0 0 0 0 0 0 0 0 0 0 0 0 0 0 0 0 0 0 0 0 0 0 0 0 0 0 0 0 0 0 0 0 0 0 0 0 0 0 0 0 0 0 0 0 0 0 0 0 0 0 0 0 0 0 0 0 0 0 0 0 0 0 0 0 0 0 0 0 0 0 0 0 0 0 0 0 0
INFO:tensorflow:masked_lm_positions: 5 15 16 19 0 0 0 0 0 0 0 0 0 0 0 0 0 0 0 0
I1103 03:41:38.248780 47977143239744 create_pretraining_data.py:161] masked_lm_positions: 5 15 16 19 0 0 0 0 0 0 0 0 0 0 0 0 0 0 0 0
INFO:tensorflow:masked_lm_ids: 2038 15811 1007 5394 0 0 0 0 0 0 0 0 0 0 0 0 0 0 0 0
I1103 03:41:38.248926 47977143239744 create_pretraining_data.py:161] masked_lm_ids: 2038 15811 1007 5394 0 0 0 0 0 0 0 0 0 0 0 0 0 0 0 0
INFO:tensorflow:masked_lm_weights: 1.0 1.0 1.0 1.0 0.0 0.0 0.0 0.0 0.0 0.0 0.0 0.0 0.0 0.0 0.0 0.0 0.0 0.0 0.0 0.0
I1103 03:41:38.249071 47977143239744 create_pretraining_data.py:161] masked_lm_weights: 1.0 1.0 1.0 1.0 0.0 0.0 0.0 0.0 0.0 0.0 0.0 0.0 0.0 0.0 0.0 0.0 0.0 0.0 0.0 0.0
INFO:tensorflow:next_sentence_labels: 1
I1103 03:41:38.249212 47977143239744 create_pretraining_data.py:161] next_sentence_labels: 1
INFO:tensorflow:*** Example ***
I1103 03:41:38.249814 47977143239744 create_pretraining_data.py:149] *** Example ***
INFO:tensorflow:tokens: [CLS] لا يريدون وأبي [MASK] [MASK] اصاب ##تنا حسنه تس ##ؤهم وان تصيب ##نا سيئه يفرح ##وا بها هم عدو ##نا [MASK] يرغبون ان يوصل ##ونا [MASK] الأرجنتيني والاح ##باط ولن يمر ##و [MASK] نست ##سلم [SEP] علي ولاي ##تي فيما يخص بشرى اردوغان للرئيس روحاني فعلي كل شخص ان يعرف حجمه حين يتحدث [SEP]
I1103 03:41:38.250009 47977143239744 create_pretraining_data.py:151] tokens: [CLS] لا يريدون وأبي [MASK] [MASK] اصاب ##تنا حسنه تس ##ؤهم وان تصيب ##نا سيئه يفرح ##وا بها هم عدو ##نا [MASK] يرغبون ان يوصل ##ونا [MASK] الأرجنتيني والاح ##باط ولن يمر ##و [MASK] نست ##سلم [SEP] علي ولاي ##تي فيما يخص بشرى اردوغان للرئيس روحاني فعلي كل شخص ان يعرف حجمه حين يتحدث [SEP]
INFO:tensorflow:input_ids: 2 1963 10245 18704 4 4 17153 3359 8552 2304 16927 2178 18923 1914 17890 12846 1928 2459 2839 12317 1914 4 29998 1939 16861 3778 4 27880 9897 3506 4763 6781 1012 4 4702 10634 3 1958 19819 2005 3200 8385 28355 11876 11283 15282 20026 2038 2489 1939 3825 25628 2823 7288 3 0 0 0 0 0 0 0 0 0 0 0 0 0 0 0 0 0 0 0 0 0 0 0 0 0 0 0 0 0 0 0 0 0 0 0 0 0 0 0 0 0 0 0 0 0 0 0 0 0 0 0 0 0 0 0 0 0 0 0 0 0 0 0 0 0 0 0 0 0 0 0 0 0
I1103 03:41:38.250231 47977143239744 create_pretraining_data.py:161] input_ids: 2 1963 10245 18704 4 4 17153 3359 8552 2304 16927 2178 18923 1914 17890 12846 1928 2459 2839 12317 1914 4 29998 1939 16861 3778 4 27880 9897 3506 4763 6781 1012 4 4702 10634 3 1958 19819 2005 3200 8385 28355 11876 11283 15282 20026 2038 2489 1939 3825 25628 2823 7288 3 0 0 0 0 0 0 0 0 0 0 0 0 0 0 0 0 0 0 0 0 0 0 0 0 0 0 0 0 0 0 0 0 0 0 0 0 0 0 0 0 0 0 0 0 0 0 0 0 0 0 0 0 0 0 0 0 0 0 0 0 0 0 0 0 0 0 0 0 0 0 0 0 0
INFO:tensorflow:input_mask: 1 1 1 1 1 1 1 1 1 1 1 1 1 1 1 1 1 1 1 1 1 1 1 1 1 1 1 1 1 1 1 1 1 1 1 1 1 1 1 1 1 1 1 1 1 1 1 1 1 1 1 1 1 1 1 0 0 0 0 0 0 0 0 0 0 0 0 0 0 0 0 0 0 0 0 0 0 0 0 0 0 0 0 0 0 0 0 0 0 0 0 0 0 0 0 0 0 0 0 0 0 0 0 0 0 0 0 0 0 0 0 0 0 0 0 0 0 0 0 0 0 0 0 0 0 0 0 0
I1103 03:41:38.250431 47977143239744 create_pretraining_data.py:161] input_mask: 1 1 1 1 1 1 1 1 1 1 1 1 1 1 1 1 1 1 1 1 1 1 1 1 1 1 1 1 1 1 1 1 1 1 1 1 1 1 1 1 1 1 1 1 1 1 1 1 1 1 1 1 1 1 1 0 0 0 0 0 0 0 0 0 0 0 0 0 0 0 0 0 0 0 0 0 0 0 0 0 0 0 0 0 0 0 0 0 0 0 0 0 0 0 0 0 0 0 0 0 0 0 0 0 0 0 0 0 0 0 0 0 0 0 0 0 0 0 0 0 0 0 0 0 0 0 0 0
INFO:tensorflow:segment_ids: 0 0 0 0 0 0 0 0 0 0 0 0 0 0 0 0 0 0 0 0 0 0 0 0 0 0 0 0 0 0 0 0 0 0 0 0 0 1 1 1 1 1 1 1 1 1 1 1 1 1 1 1 1 1 1 0 0 0 0 0 0 0 0 0 0 0 0 0 0 0 0 0 0 0 0 0 0 0 0 0 0 0 0 0 0 0 0 0 0 0 0 0 0 0 0 0 0 0 0 0 0 0 0 0 0 0 0 0 0 0 0 0 0 0 0 0 0 0 0 0 0 0 0 0 0 0 0 0
I1103 03:41:38.250620 47977143239744 create_pretraining_data.py:161] segment_ids: 0 0 0 0 0 0 0 0 0 0 0 0 0 0 0 0 0 0 0 0 0 0 0 0 0 0 0 0 0 0 0 0 0 0 0 0 0 1 1 1 1 1 1 1 1 1 1 1 1 1 1 1 1 1 1 0 0 0 0 0 0 0 0 0 0 0 0 0 0 0 0 0 0 0 0 0 0 0 0 0 0 0 0 0 0 0 0 0 0 0 0 0 0 0 0 0 0 0 0 0 0 0 0 0 0 0 0 0 0 0 0 0 0 0 0 0 0 0 0 0 0 0 0 0 0 0 0 0
INFO:tensorflow:masked_lm_positions: 3 4 5 21 26 27 33 42 0 0 0 0 0 0 0 0 0 0 0 0
I1103 03:41:38.250786 47977143239744 create_pretraining_data.py:161] masked_lm_positions: 3 4 5 21 26 27 33 42 0 0 0 0 0 0 0 0 0 0 0 0
INFO:tensorflow:masked_lm_ids: 2776 2831 2387 6235 4492 2233 4763 15055 0 0 0 0 0 0 0 0 0 0 0 0
I1103 03:41:38.250929 47977143239744 create_pretraining_data.py:161] masked_lm_ids: 2776 2831 2387 6235 4492 2233 4763 15055 0 0 0 0 0 0 0 0 0 0 0 0
INFO:tensorflow:masked_lm_weights: 1.0 1.0 1.0 1.0 1.0 1.0 1.0 1.0 0.0 0.0 0.0 0.0 0.0 0.0 0.0 0.0 0.0 0.0 0.0 0.0
I1103 03:41:38.251075 47977143239744 create_pretraining_data.py:161] masked_lm_weights: 1.0 1.0 1.0 1.0 1.0 1.0 1.0 1.0 0.0 0.0 0.0 0.0 0.0 0.0 0.0 0.0 0.0 0.0 0.0 0.0
INFO:tensorflow:next_sentence_labels: 1
I1103 03:41:38.251218 47977143239744 create_pretraining_data.py:161] next_sentence_labels: 1
INFO:tensorflow:*** Example ***
I1103 03:41:38.251810 47977143239744 create_pretraining_data.py:149] *** Example ***
INFO:tensorflow:tokens: [CLS] كلما سمو ##ت بنفسك [MASK] علقت عاليا صغر ##ت امامك التوا ##فه واتس ##عت امامك دائره الرؤ ##يه ارت ##ق باخلاق ##ك وبن ##فس ##ك عن [MASK] الصغ ##ائر كن سامي ##ا [MASK] سمو [SEP] دائما [MASK] نريد منهم البقاء هم [MASK] الراحل ##ين قروب [MASK] للدعم [SEP]
I1103 03:41:38.252000 47977143239744 create_pretraining_data.py:151] tokens: [CLS] كلما سمو ##ت بنفسك [MASK] علقت عاليا صغر ##ت امامك التوا ##فه واتس ##عت امامك دائره الرؤ ##يه ارت ##ق باخلاق ##ك وبن ##فس ##ك عن [MASK] الصغ ##ائر كن سامي ##ا [MASK] سمو [SEP] دائما [MASK] نريد منهم البقاء هم [MASK] الراحل ##ين قروب [MASK] للدعم [SEP]
INFO:tensorflow:input_ids: 2 5358 7833 1005 6177 4 29713 22026 26493 1005 24654 8575 2611 5682 2091 24654 28532 6384 1988 3137 1011 22916 1014 10045 2094 1014 1955 4 21543 2650 3181 9105 1007 4 7833 3 3357 4 8123 3441 9331 2839 4 9570 1911 2543 4 2679 3 0 0 0 0 0 0 0 0 0 0 0 0 0 0 0 0 0 0 0 0 0 0 0 0 0 0 0 0 0 0 0 0 0 0 0 0 0 0 0 0 0 0 0 0 0 0 0 0 0 0 0 0 0 0 0 0 0 0 0 0 0 0 0 0 0 0 0 0 0 0 0 0 0 0 0 0 0 0 0
I1103 03:41:38.252223 47977143239744 create_pretraining_data.py:161] input_ids: 2 5358 7833 1005 6177 4 29713 22026 26493 1005 24654 8575 2611 5682 2091 24654 28532 6384 1988 3137 1011 22916 1014 10045 2094 1014 1955 4 21543 2650 3181 9105 1007 4 7833 3 3357 4 8123 3441 9331 2839 4 9570 1911 2543 4 2679 3 0 0 0 0 0 0 0 0 0 0 0 0 0 0 0 0 0 0 0 0 0 0 0 0 0 0 0 0 0 0 0 0 0 0 0 0 0 0 0 0 0 0 0 0 0 0 0 0 0 0 0 0 0 0 0 0 0 0 0 0 0 0 0 0 0 0 0 0 0 0 0 0 0 0 0 0 0 0 0
INFO:tensorflow:input_mask: 1 1 1 1 1 1 1 1 1 1 1 1 1 1 1 1 1 1 1 1 1 1 1 1 1 1 1 1 1 1 1 1 1 1 1 1 1 1 1 1 1 1 1 1 1 1 1 1 1 0 0 0 0 0 0 0 0 0 0 0 0 0 0 0 0 0 0 0 0 0 0 0 0 0 0 0 0 0 0 0 0 0 0 0 0 0 0 0 0 0 0 0 0 0 0 0 0 0 0 0 0 0 0 0 0 0 0 0 0 0 0 0 0 0 0 0 0 0 0 0 0 0 0 0 0 0 0 0
I1103 03:41:38.252423 47977143239744 create_pretraining_data.py:161] input_mask: 1 1 1 1 1 1 1 1 1 1 1 1 1 1 1 1 1 1 1 1 1 1 1 1 1 1 1 1 1 1 1 1 1 1 1 1 1 1 1 1 1 1 1 1 1 1 1 1 1 0 0 0 0 0 0 0 0 0 0 0 0 0 0 0 0 0 0 0 0 0 0 0 0 0 0 0 0 0 0 0 0 0 0 0 0 0 0 0 0 0 0 0 0 0 0 0 0 0 0 0 0 0 0 0 0 0 0 0 0 0 0 0 0 0 0 0 0 0 0 0 0 0 0 0 0 0 0 0
INFO:tensorflow:segment_ids: 0 0 0 0 0 0 0 0 0 0 0 0 0 0 0 0 0 0 0 0 0 0 0 0 0 0 0 0 0 0 0 0 0 0 0 0 1 1 1 1 1 1 1 1 1 1 1 1 1 0 0 0 0 0 0 0 0 0 0 0 0 0 0 0 0 0 0 0 0 0 0 0 0 0 0 0 0 0 0 0 0 0 0 0 0 0 0 0 0 0 0 0 0 0 0 0 0 0 0 0 0 0 0 0 0 0 0 0 0 0 0 0 0 0 0 0 0 0 0 0 0 0 0 0 0 0 0 0
I1103 03:41:38.252615 47977143239744 create_pretraining_data.py:161] segment_ids: 0 0 0 0 0 0 0 0 0 0 0 0 0 0 0 0 0 0 0 0 0 0 0 0 0 0 0 0 0 0 0 0 0 0 0 0 1 1 1 1 1 1 1 1 1 1 1 1 1 0 0 0 0 0 0 0 0 0 0 0 0 0 0 0 0 0 0 0 0 0 0 0 0 0 0 0 0 0 0 0 0 0 0 0 0 0 0 0 0 0 0 0 0 0 0 0 0 0 0 0 0 0 0 0 0 0 0 0 0 0 0 0 0 0 0 0 0 0 0 0 0 0 0 0 0 0 0 0
INFO:tensorflow:masked_lm_positions: 5 6 27 33 37 42 46 0 0 0 0 0 0 0 0 0 0 0 0 0
I1103 03:41:38.252779 47977143239744 create_pretraining_data.py:161] masked_lm_positions: 5 6 27 33 37 42 46 0 0 0 0 0 0 0 0 0 0 0 0 0
INFO:tensorflow:masked_lm_ids: 27914 1014 2038 6853 1908 3085 16341 0 0 0 0 0 0 0 0 0 0 0 0 0
I1103 03:41:38.252927 47977143239744 create_pretraining_data.py:161] masked_lm_ids: 27914 1014 2038 6853 1908 3085 16341 0 0 0 0 0 0 0 0 0 0 0 0 0
INFO:tensorflow:masked_lm_weights: 1.0 1.0 1.0 1.0 1.0 1.0 1.0 0.0 0.0 0.0 0.0 0.0 0.0 0.0 0.0 0.0 0.0 0.0 0.0 0.0
I1103 03:41:38.253074 47977143239744 create_pretraining_data.py:161] masked_lm_weights: 1.0 1.0 1.0 1.0 1.0 1.0 1.0 0.0 0.0 0.0 0.0 0.0 0.0 0.0 0.0 0.0 0.0 0.0 0.0 0.0
INFO:tensorflow:next_sentence_labels: 1
I1103 03:41:38.253220 47977143239744 create_pretraining_data.py:161] next_sentence_labels: 1
INFO:tensorflow:*** Example ***
I1103 03:41:38.253806 47977143239744 create_pretraining_data.py:149] *** Example ***
INFO:tensorflow:tokens: [CLS] من هم اهل الذكر هل [MASK] الفقهاء الذي يتغ ##نون بذلك ليل نهار ليش ##تر ##وا به ثمن قليلا ام غيرهم فب ##اي حديث [MASK] [MASK] [SEP] اكثروا من قول ربي [MASK] و لوالدي فانها تجمع بين [MASK] عباد ##ات الدعاء ##الين و بر الوالدين [SEP]
I1103 03:41:38.253995 47977143239744 create_pretraining_data.py:151] tokens: [CLS] من هم اهل الذكر هل [MASK] الفقهاء الذي يتغ ##نون بذلك ليل نهار ليش ##تر ##وا به ثمن قليلا ام غيرهم فب ##اي حديث [MASK] [MASK] [SEP] اكثروا من قول ربي [MASK] و لوالدي فانها تجمع بين [MASK] عباد ##ات الدعاء ##الين و بر الوالدين [SEP]
INFO:tensorflow:input_ids: 2 1908 2839 3997 5802 2827 4 21635 2130 23967 4095 4850 8173 14385 6097 2582 1928 2249 8741 7936 2112 13357 6039 2272 3395 4 4 3 12802 1908 4052 2949 4 415 24793 9745 4098 2117 4 5687 1904 5347 12779 415 2207 13736 3 0 0 0 0 0 0 0 0 0 0 0 0 0 0 0 0 0 0 0 0 0 0 0 0 0 0 0 0 0 0 0 0 0 0 0 0 0 0 0 0 0 0 0 0 0 0 0 0 0 0 0 0 0 0 0 0 0 0 0 0 0 0 0 0 0 0 0 0 0 0 0 0 0 0 0 0 0 0 0 0 0
I1103 03:41:38.254286 47977143239744 create_pretraining_data.py:161] input_ids: 2 1908 2839 3997 5802 2827 4 21635 2130 23967 4095 4850 8173 14385 6097 2582 1928 2249 8741 7936 2112 13357 6039 2272 3395 4 4 3 12802 1908 4052 2949 4 415 24793 9745 4098 2117 4 5687 1904 5347 12779 415 2207 13736 3 0 0 0 0 0 0 0 0 0 0 0 0 0 0 0 0 0 0 0 0 0 0 0 0 0 0 0 0 0 0 0 0 0 0 0 0 0 0 0 0 0 0 0 0 0 0 0 0 0 0 0 0 0 0 0 0 0 0 0 0 0 0 0 0 0 0 0 0 0 0 0 0 0 0 0 0 0 0 0 0 0
INFO:tensorflow:input_mask: 1 1 1 1 1 1 1 1 1 1 1 1 1 1 1 1 1 1 1 1 1 1 1 1 1 1 1 1 1 1 1 1 1 1 1 1 1 1 1 1 1 1 1 1 1 1 1 0 0 0 0 0 0 0 0 0 0 0 0 0 0 0 0 0 0 0 0 0 0 0 0 0 0 0 0 0 0 0 0 0 0 0 0 0 0 0 0 0 0 0 0 0 0 0 0 0 0 0 0 0 0 0 0 0 0 0 0 0 0 0 0 0 0 0 0 0 0 0 0 0 0 0 0 0 0 0 0 0
I1103 03:41:38.254470 47977143239744 create_pretraining_data.py:161] input_mask: 1 1 1 1 1 1 1 1 1 1 1 1 1 1 1 1 1 1 1 1 1 1 1 1 1 1 1 1 1 1 1 1 1 1 1 1 1 1 1 1 1 1 1 1 1 1 1 0 0 0 0 0 0 0 0 0 0 0 0 0 0 0 0 0 0 0 0 0 0 0 0 0 0 0 0 0 0 0 0 0 0 0 0 0 0 0 0 0 0 0 0 0 0 0 0 0 0 0 0 0 0 0 0 0 0 0 0 0 0 0 0 0 0 0 0 0 0 0 0 0 0 0 0 0 0 0 0 0
INFO:tensorflow:segment_ids: 0 0 0 0 0 0 0 0 0 0 0 0 0 0 0 0 0 0 0 0 0 0 0 0 0 0 0 0 1 1 1 1 1 1 1 1 1 1 1 1 1 1 1 1 1 1 1 0 0 0 0 0 0 0 0 0 0 0 0 0 0 0 0 0 0 0 0 0 0 0 0 0 0 0 0 0 0 0 0 0 0 0 0 0 0 0 0 0 0 0 0 0 0 0 0 0 0 0 0 0 0 0 0 0 0 0 0 0 0 0 0 0 0 0 0 0 0 0 0 0 0 0 0 0 0 0 0 0
I1103 03:41:38.254627 47977143239744 create_pretraining_data.py:161] segment_ids: 0 0 0 0 0 0 0 0 0 0 0 0 0 0 0 0 0 0 0 0 0 0 0 0 0 0 0 0 1 1 1 1 1 1 1 1 1 1 1 1 1 1 1 1 1 1 1 0 0 0 0 0 0 0 0 0 0 0 0 0 0 0 0 0 0 0 0 0 0 0 0 0 0 0 0 0 0 0 0 0 0 0 0 0 0 0 0 0 0 0 0 0 0 0 0 0 0 0 0 0 0 0 0 0 0 0 0 0 0 0 0 0 0 0 0 0 0 0 0 0 0 0 0 0 0 0 0 0
INFO:tensorflow:masked_lm_positions: 6 25 26 29 32 38 42 0 0 0 0 0 0 0 0 0 0 0 0 0
I1103 03:41:38.254765 47977143239744 create_pretraining_data.py:161] masked_lm_positions: 6 25 26 29 32 38 42 0 0 0 0 0 0 0 0 0 0 0 0 0
INFO:tensorflow:masked_lm_ids: 2839 14997 1922 1908 25043 2917 29269 0 0 0 0 0 0 0 0 0 0 0 0 0
I1103 03:41:38.254888 47977143239744 create_pretraining_data.py:161] masked_lm_ids: 2839 14997 1922 1908 25043 2917 29269 0 0 0 0 0 0 0 0 0 0 0 0 0
INFO:tensorflow:masked_lm_weights: 1.0 1.0 1.0 1.0 1.0 1.0 1.0 0.0 0.0 0.0 0.0 0.0 0.0 0.0 0.0 0.0 0.0 0.0 0.0 0.0
I1103 03:41:38.255009 47977143239744 create_pretraining_data.py:161] masked_lm_weights: 1.0 1.0 1.0 1.0 1.0 1.0 1.0 0.0 0.0 0.0 0.0 0.0 0.0 0.0 0.0 0.0 0.0 0.0 0.0 0.0
INFO:tensorflow:next_sentence_labels: 1
I1103 03:41:38.255127 47977143239744 create_pretraining_data.py:161] next_sentence_labels: 1
INFO:tensorflow:*** Example ***
I1103 03:41:38.255620 47977143239744 create_pretraining_data.py:149] *** Example ***
INFO:tensorflow:tokens: [CLS] امن طرق مكه يض ##بط شاح ##نه خي ##ول بداخله ##ا 26 ##8 [MASK] علمية مسك ##ر علي [MASK] الطائف الرياض السعوديه [SEP] [MASK] [MASK] اليوم بح ##ادث شن ##يع لسي ##اره نقل معلمات عقله الص ##قور نتج [MASK] وفاه الطرف [MASK] وهو معلم وسا ##ئ ##ق النقل واصابه معلمات ##1 [SEP]
I1103 03:41:38.255778 47977143239744 create_pretraining_data.py:151] tokens: [CLS] امن طرق مكه يض ##بط شاح ##نه خي ##ول بداخله ##ا 26 ##8 [MASK] علمية مسك ##ر علي [MASK] الطائف الرياض السعوديه [SEP] [MASK] [MASK] اليوم بح ##ادث شن ##يع لسي ##اره نقل معلمات عقله الص ##قور نتج [MASK] وفاه الطرف [MASK] وهو معلم وسا ##ئ ##ق النقل واصابه معلمات ##1 [SEP]
INFO:tensorflow:input_ids: 2 4135 6650 6617 4132 2463 12016 2110 4662 1940 25953 1007 4547 1018 4 10164 14959 1017 1958 4 6783 2392 2721 3 4 4 2217 2302 3722 5806 2105 21734 2418 3890 24352 17686 1996 17354 26591 4 8383 9865 4 2400 10096 12686 1042 1011 6357 29959 24352 1029 3 0 0 0 0 0 0 0 0 0 0 0 0 0 0 0 0 0 0 0 0 0 0 0 0 0 0 0 0 0 0 0 0 0 0 0 0 0 0 0 0 0 0 0 0 0 0 0 0 0 0 0 0 0 0 0 0 0 0 0 0 0 0 0 0 0 0 0 0 0 0 0 0 0 0 0
I1103 03:41:38.255955 47977143239744 create_pretraining_data.py:161] input_ids: 2 4135 6650 6617 4132 2463 12016 2110 4662 1940 25953 1007 4547 1018 4 10164 14959 1017 1958 4 6783 2392 2721 3 4 4 2217 2302 3722 5806 2105 21734 2418 3890 24352 17686 1996 17354 26591 4 8383 9865 4 2400 10096 12686 1042 1011 6357 29959 24352 1029 3 0 0 0 0 0 0 0 0 0 0 0 0 0 0 0 0 0 0 0 0 0 0 0 0 0 0 0 0 0 0 0 0 0 0 0 0 0 0 0 0 0 0 0 0 0 0 0 0 0 0 0 0 0 0 0 0 0 0 0 0 0 0 0 0 0 0 0 0 0 0 0 0 0 0 0
INFO:tensorflow:input_mask: 1 1 1 1 1 1 1 1 1 1 1 1 1 1 1 1 1 1 1 1 1 1 1 1 1 1 1 1 1 1 1 1 1 1 1 1 1 1 1 1 1 1 1 1 1 1 1 1 1 1 1 1 1 0 0 0 0 0 0 0 0 0 0 0 0 0 0 0 0 0 0 0 0 0 0 0 0 0 0 0 0 0 0 0 0 0 0 0 0 0 0 0 0 0 0 0 0 0 0 0 0 0 0 0 0 0 0 0 0 0 0 0 0 0 0 0 0 0 0 0 0 0 0 0 0 0 0 0
I1103 03:41:38.256124 47977143239744 create_pretraining_data.py:161] input_mask: 1 1 1 1 1 1 1 1 1 1 1 1 1 1 1 1 1 1 1 1 1 1 1 1 1 1 1 1 1 1 1 1 1 1 1 1 1 1 1 1 1 1 1 1 1 1 1 1 1 1 1 1 1 0 0 0 0 0 0 0 0 0 0 0 0 0 0 0 0 0 0 0 0 0 0 0 0 0 0 0 0 0 0 0 0 0 0 0 0 0 0 0 0 0 0 0 0 0 0 0 0 0 0 0 0 0 0 0 0 0 0 0 0 0 0 0 0 0 0 0 0 0 0 0 0 0 0 0
INFO:tensorflow:segment_ids: 0 0 0 0 0 0 0 0 0 0 0 0 0 0 0 0 0 0 0 0 0 0 0 0 1 1 1 1 1 1 1 1 1 1 1 1 1 1 1 1 1 1 1 1 1 1 1 1 1 1 1 1 1 0 0 0 0 0 0 0 0 0 0 0 0 0 0 0 0 0 0 0 0 0 0 0 0 0 0 0 0 0 0 0 0 0 0 0 0 0 0 0 0 0 0 0 0 0 0 0 0 0 0 0 0 0 0 0 0 0 0 0 0 0 0 0 0 0 0 0 0 0 0 0 0 0 0 0
I1103 03:41:38.256282 47977143239744 create_pretraining_data.py:161] segment_ids: 0 0 0 0 0 0 0 0 0 0 0 0 0 0 0 0 0 0 0 0 0 0 0 0 1 1 1 1 1 1 1 1 1 1 1 1 1 1 1 1 1 1 1 1 1 1 1 1 1 1 1 1 1 0 0 0 0 0 0 0 0 0 0 0 0 0 0 0 0 0 0 0 0 0 0 0 0 0 0 0 0 0 0 0 0 0 0 0 0 0 0 0 0 0 0 0 0 0 0 0 0 0 0 0 0 0 0 0 0 0 0 0 0 0 0 0 0 0 0 0 0 0 0 0 0 0 0 0
INFO:tensorflow:masked_lm_positions: 14 15 19 24 25 26 39 42 0 0 0 0 0 0 0 0 0 0 0 0
I1103 03:41:38.256417 47977143239744 create_pretraining_data.py:161] masked_lm_positions: 14 15 19 24 25 26 39 42 0 0 0 0 0 0 0 0 0 0 0 0
INFO:tensorflow:masked_lm_ids: 13178 2440 3160 6132 25023 2217 2891 3762 0 0 0 0 0 0 0 0 0 0 0 0
I1103 03:41:38.256538 47977143239744 create_pretraining_data.py:161] masked_lm_ids: 13178 2440 3160 6132 25023 2217 2891 3762 0 0 0 0 0 0 0 0 0 0 0 0
INFO:tensorflow:masked_lm_weights: 1.0 1.0 1.0 1.0 1.0 1.0 1.0 1.0 0.0 0.0 0.0 0.0 0.0 0.0 0.0 0.0 0.0 0.0 0.0 0.0
I1103 03:41:38.256659 47977143239744 create_pretraining_data.py:161] masked_lm_weights: 1.0 1.0 1.0 1.0 1.0 1.0 1.0 1.0 0.0 0.0 0.0 0.0 0.0 0.0 0.0 0.0 0.0 0.0 0.0 0.0
INFO:tensorflow:next_sentence_labels: 1
I1103 03:41:38.256770 47977143239744 create_pretraining_data.py:161] next_sentence_labels: 1
INFO:tensorflow:*** Example ***
I1103 03:41:38.257258 47977143239744 create_pretraining_data.py:149] *** Example ***
INFO:tensorflow:tokens: [CLS] ما اجمل ان تقول [MASK] الصباح يا مال الم ##ل [MASK] لت امري واست دعت همي فب ##شر ##ني بما [MASK] مداخل السعاده في [MASK] صباح الخير [SEP] اللهم منزل الكتاب سريع [MASK] اه ##زم الاحزاب [SEP]
I1103 03:41:38.257410 47977143239744 create_pretraining_data.py:151] tokens: [CLS] ما اجمل ان تقول [MASK] الصباح يا مال الم ##ل [MASK] لت امري واست دعت همي فب ##شر ##ني بما [MASK] مداخل السعاده في [MASK] صباح الخير [SEP] اللهم منزل الكتاب سريع [MASK] اه ##زم الاحزاب [SEP]
INFO:tensorflow:input_ids: 2 1972 3244 1939 4018 4 4235 2104 4133 1905 1010 4 2219 8237 2983 15602 14099 6039 2072 1974 2908 4 22653 4558 1912 4 2570 2831 3 2168 7419 4096 10078 4 2978 2741 15118 3 0 0 0 0 0 0 0 0 0 0 0 0 0 0 0 0 0 0 0 0 0 0 0 0 0 0 0 0 0 0 0 0 0 0 0 0 0 0 0 0 0 0 0 0 0 0 0 0 0 0 0 0 0 0 0 0 0 0 0 0 0 0 0 0 0 0 0 0 0 0 0 0 0 0 0 0 0 0 0 0 0 0 0 0 0 0 0 0 0 0
I1103 03:41:38.257583 47977143239744 create_pretraining_data.py:161] input_ids: 2 1972 3244 1939 4018 4 4235 2104 4133 1905 1010 4 2219 8237 2983 15602 14099 6039 2072 1974 2908 4 22653 4558 1912 4 2570 2831 3 2168 7419 4096 10078 4 2978 2741 15118 3 0 0 0 0 0 0 0 0 0 0 0 0 0 0 0 0 0 0 0 0 0 0 0 0 0 0 0 0 0 0 0 0 0 0 0 0 0 0 0 0 0 0 0 0 0 0 0 0 0 0 0 0 0 0 0 0 0 0 0 0 0 0 0 0 0 0 0 0 0 0 0 0 0 0 0 0 0 0 0 0 0 0 0 0 0 0 0 0 0 0
INFO:tensorflow:input_mask: 1 1 1 1 1 1 1 1 1 1 1 1 1 1 1 1 1 1 1 1 1 1 1 1 1 1 1 1 1 1 1 1 1 1 1 1 1 1 0 0 0 0 0 0 0 0 0 0 0 0 0 0 0 0 0 0 0 0 0 0 0 0 0 0 0 0 0 0 0 0 0 0 0 0 0 0 0 0 0 0 0 0 0 0 0 0 0 0 0 0 0 0 0 0 0 0 0 0 0 0 0 0 0 0 0 0 0 0 0 0 0 0 0 0 0 0 0 0 0 0 0 0 0 0 0 0 0 0
I1103 03:41:38.257744 47977143239744 create_pretraining_data.py:161] input_mask: 1 1 1 1 1 1 1 1 1 1 1 1 1 1 1 1 1 1 1 1 1 1 1 1 1 1 1 1 1 1 1 1 1 1 1 1 1 1 0 0 0 0 0 0 0 0 0 0 0 0 0 0 0 0 0 0 0 0 0 0 0 0 0 0 0 0 0 0 0 0 0 0 0 0 0 0 0 0 0 0 0 0 0 0 0 0 0 0 0 0 0 0 0 0 0 0 0 0 0 0 0 0 0 0 0 0 0 0 0 0 0 0 0 0 0 0 0 0 0 0 0 0 0 0 0 0 0 0
INFO:tensorflow:segment_ids: 0 0 0 0 0 0 0 0 0 0 0 0 0 0 0 0 0 0 0 0 0 0 0 0 0 0 0 0 0 1 1 1 1 1 1 1 1 1 0 0 0 0 0 0 0 0 0 0 0 0 0 0 0 0 0 0 0 0 0 0 0 0 0 0 0 0 0 0 0 0 0 0 0 0 0 0 0 0 0 0 0 0 0 0 0 0 0 0 0 0 0 0 0 0 0 0 0 0 0 0 0 0 0 0 0 0 0 0 0 0 0 0 0 0 0 0 0 0 0 0 0 0 0 0 0 0 0 0
I1103 03:41:38.257902 47977143239744 create_pretraining_data.py:161] segment_ids: 0 0 0 0 0 0 0 0 0 0 0 0 0 0 0 0 0 0 0 0 0 0 0 0 0 0 0 0 0 1 1 1 1 1 1 1 1 1 0 0 0 0 0 0 0 0 0 0 0 0 0 0 0 0 0 0 0 0 0 0 0 0 0 0 0 0 0 0 0 0 0 0 0 0 0 0 0 0 0 0 0 0 0 0 0 0 0 0 0 0 0 0 0 0 0 0 0 0 0 0 0 0 0 0 0 0 0 0 0 0 0 0 0 0 0 0 0 0 0 0 0 0 0 0 0 0 0 0
INFO:tensorflow:masked_lm_positions: 5 11 12 21 25 33 0 0 0 0 0 0 0 0 0 0 0 0 0 0
I1103 03:41:38.258023 47977143239744 create_pretraining_data.py:161] masked_lm_positions: 5 11 12 21 25 33 0 0 0 0 0 0 0 0 0 0 0 0 0 0
INFO:tensorflow:masked_lm_ids: 1912 415 2219 9413 3018 6396 0 0 0 0 0 0 0 0 0 0 0 0 0 0
I1103 03:41:38.258161 47977143239744 create_pretraining_data.py:161] masked_lm_ids: 1912 415 2219 9413 3018 6396 0 0 0 0 0 0 0 0 0 0 0 0 0 0
INFO:tensorflow:masked_lm_weights: 1.0 1.0 1.0 1.0 1.0 1.0 0.0 0.0 0.0 0.0 0.0 0.0 0.0 0.0 0.0 0.0 0.0 0.0 0.0 0.0
I1103 03:41:38.258287 47977143239744 create_pretraining_data.py:161] masked_lm_weights: 1.0 1.0 1.0 1.0 1.0 1.0 0.0 0.0 0.0 0.0 0.0 0.0 0.0 0.0 0.0 0.0 0.0 0.0 0.0 0.0
INFO:tensorflow:next_sentence_labels: 1
I1103 03:41:38.258398 47977143239744 create_pretraining_data.py:161] next_sentence_labels: 1
INFO:tensorflow:*** Example ***
I1103 03:41:38.258884 47977143239744 create_pretraining_data.py:149] *** Example ***
INFO:tensorflow:tokens: [CLS] ويس ##الون ##ك عن الجبال فقل ينس ##فها ربي نس ##فا من يستطيع نس ##ف الجبال في [MASK] قادر ان [MASK] همك في لحظه [SEP] اع ##جز الناس [MASK] اصلاح غيره من عجز عن اصلاح نفسه ات ##امر ##ون [MASK] بالبر [MASK] [MASK] انفسكم وانتم تت ##لون الكتاب سببا ديمقراطية تعق ##لون [SEP]
I1103 03:41:38.259043 47977143239744 create_pretraining_data.py:151] tokens: [CLS] ويس ##الون ##ك عن الجبال فقل ينس ##فها ربي نس ##فا من يستطيع نس ##ف الجبال في [MASK] قادر ان [MASK] همك في لحظه [SEP] اع ##جز الناس [MASK] اصلاح غيره من عجز عن اصلاح نفسه ات ##امر ##ون [MASK] بالبر [MASK] [MASK] انفسكم وانتم تت ##لون الكتاب سببا ديمقراطية تعق ##لون [SEP]
INFO:tensorflow:input_ids: 2 4274 8797 1014 1955 12097 22773 9406 17422 2949 2946 2167 1908 5434 2946 1037 12097 1912 4 6774 1939 4 15769 1912 6165 3 2280 2796 2397 4 12859 5504 1908 7570 1955 12859 3081 2253 4726 1922 4 26951 4 4 21297 10320 2201 2840 4096 12261 26849 27504 2840 3 0 0 0 0 0 0 0 0 0 0 0 0 0 0 0 0 0 0 0 0 0 0 0 0 0 0 0 0 0 0 0 0 0 0 0 0 0 0 0 0 0 0 0 0 0 0 0 0 0 0 0 0 0 0 0 0 0 0 0 0 0 0 0 0 0 0 0 0 0 0 0 0 0 0
I1103 03:41:38.259226 47977143239744 create_pretraining_data.py:161] input_ids: 2 4274 8797 1014 1955 12097 22773 9406 17422 2949 2946 2167 1908 5434 2946 1037 12097 1912 4 6774 1939 4 15769 1912 6165 3 2280 2796 2397 4 12859 5504 1908 7570 1955 12859 3081 2253 4726 1922 4 26951 4 4 21297 10320 2201 2840 4096 12261 26849 27504 2840 3 0 0 0 0 0 0 0 0 0 0 0 0 0 0 0 0 0 0 0 0 0 0 0 0 0 0 0 0 0 0 0 0 0 0 0 0 0 0 0 0 0 0 0 0 0 0 0 0 0 0 0 0 0 0 0 0 0 0 0 0 0 0 0 0 0 0 0 0 0 0 0 0 0 0
INFO:tensorflow:input_mask: 1 1 1 1 1 1 1 1 1 1 1 1 1 1 1 1 1 1 1 1 1 1 1 1 1 1 1 1 1 1 1 1 1 1 1 1 1 1 1 1 1 1 1 1 1 1 1 1 1 1 1 1 1 1 0 0 0 0 0 0 0 0 0 0 0 0 0 0 0 0 0 0 0 0 0 0 0 0 0 0 0 0 0 0 0 0 0 0 0 0 0 0 0 0 0 0 0 0 0 0 0 0 0 0 0 0 0 0 0 0 0 0 0 0 0 0 0 0 0 0 0 0 0 0 0 0 0 0
I1103 03:41:38.259389 47977143239744 create_pretraining_data.py:161] input_mask: 1 1 1 1 1 1 1 1 1 1 1 1 1 1 1 1 1 1 1 1 1 1 1 1 1 1 1 1 1 1 1 1 1 1 1 1 1 1 1 1 1 1 1 1 1 1 1 1 1 1 1 1 1 1 0 0 0 0 0 0 0 0 0 0 0 0 0 0 0 0 0 0 0 0 0 0 0 0 0 0 0 0 0 0 0 0 0 0 0 0 0 0 0 0 0 0 0 0 0 0 0 0 0 0 0 0 0 0 0 0 0 0 0 0 0 0 0 0 0 0 0 0 0 0 0 0 0 0
INFO:tensorflow:segment_ids: 0 0 0 0 0 0 0 0 0 0 0 0 0 0 0 0 0 0 0 0 0 0 0 0 0 0 1 1 1 1 1 1 1 1 1 1 1 1 1 1 1 1 1 1 1 1 1 1 1 1 1 1 1 1 0 0 0 0 0 0 0 0 0 0 0 0 0 0 0 0 0 0 0 0 0 0 0 0 0 0 0 0 0 0 0 0 0 0 0 0 0 0 0 0 0 0 0 0 0 0 0 0 0 0 0 0 0 0 0 0 0 0 0 0 0 0 0 0 0 0 0 0 0 0 0 0 0 0
I1103 03:41:38.259545 47977143239744 create_pretraining_data.py:161] segment_ids: 0 0 0 0 0 0 0 0 0 0 0 0 0 0 0 0 0 0 0 0 0 0 0 0 0 0 1 1 1 1 1 1 1 1 1 1 1 1 1 1 1 1 1 1 1 1 1 1 1 1 1 1 1 1 0 0 0 0 0 0 0 0 0 0 0 0 0 0 0 0 0 0 0 0 0 0 0 0 0 0 0 0 0 0 0 0 0 0 0 0 0 0 0 0 0 0 0 0 0 0 0 0 0 0 0 0 0 0 0 0 0 0 0 0 0 0 0 0 0 0 0 0 0 0 0 0 0 0
INFO:tensorflow:masked_lm_positions: 18 21 29 40 42 43 49 50 0 0 0 0 0 0 0 0 0 0 0 0
I1103 03:41:38.259666 47977143239744 create_pretraining_data.py:161] masked_lm_positions: 18 21 29 40 42 43 49 50 0 0 0 0 0 0 0 0 0 0 0 0
INFO:tensorflow:masked_lm_ids: 6165 22483 1955 2397 4504 4912 2668 1903 0 0 0 0 0 0 0 0 0 0 0 0
I1103 03:41:38.259799 47977143239744 create_pretraining_data.py:161] masked_lm_ids: 6165 22483 1955 2397 4504 4912 2668 1903 0 0 0 0 0 0 0 0 0 0 0 0
INFO:tensorflow:masked_lm_weights: 1.0 1.0 1.0 1.0 1.0 1.0 1.0 1.0 0.0 0.0 0.0 0.0 0.0 0.0 0.0 0.0 0.0 0.0 0.0 0.0
I1103 03:41:38.259924 47977143239744 create_pretraining_data.py:161] masked_lm_weights: 1.0 1.0 1.0 1.0 1.0 1.0 1.0 1.0 0.0 0.0 0.0 0.0 0.0 0.0 0.0 0.0 0.0 0.0 0.0 0.0
INFO:tensorflow:next_sentence_labels: 1
I1103 03:41:38.260035 47977143239744 create_pretraining_data.py:161] next_sentence_labels: 1
INFO:tensorflow:*** Example ***
I1103 03:41:38.260527 47977143239744 create_pretraining_data.py:149] *** Example ***
INFO:tensorflow:tokens: [CLS] اعجبتني [MASK] ا ا [MASK] ان ا ا لا ا [MASK] [SEP] حديث قدس ##ي قال يقول الله عز وجل من جاء [MASK] [MASK] فله عشر امثال ##ها واز ##يد ومن جاء بالسي ##ئه فج ##زا ##ؤه سيئه مثلها او اغفر [MASK] مسلم [SEP]
I1103 03:41:38.260681 47977143239744 create_pretraining_data.py:151] tokens: [CLS] اعجبتني [MASK] ا ا [MASK] ان ا ا لا ا [MASK] [SEP] حديث قدس ##ي قال يقول الله عز وجل من جاء [MASK] [MASK] فله عشر امثال ##ها واز ##يد ومن جاء بالسي ##ئه فج ##زا ##ؤه سيئه مثلها او اغفر [MASK] مسلم [SEP]
INFO:tensorflow:input_ids: 2 24405 4 387 387 4 1939 387 387 1963 387 4 3 3395 24763 1013 2136 2722 1953 3280 6748 1908 3539 4 4 14783 3304 20707 1913 11720 1983 2298 3539 14922 3269 6132 3127 7927 17890 18723 2213 5124 4 4123 3 0 0 0 0 0 0 0 0 0 0 0 0 0 0 0 0 0 0 0 0 0 0 0 0 0 0 0 0 0 0 0 0 0 0 0 0 0 0 0 0 0 0 0 0 0 0 0 0 0 0 0 0 0 0 0 0 0 0 0 0 0 0 0 0 0 0 0 0 0 0 0 0 0 0 0 0 0 0 0 0 0 0 0
I1103 03:41:38.260855 47977143239744 create_pretraining_data.py:161] input_ids: 2 24405 4 387 387 4 1939 387 387 1963 387 4 3 3395 24763 1013 2136 2722 1953 3280 6748 1908 3539 4 4 14783 3304 20707 1913 11720 1983 2298 3539 14922 3269 6132 3127 7927 17890 18723 2213 5124 4 4123 3 0 0 0 0 0 0 0 0 0 0 0 0 0 0 0 0 0 0 0 0 0 0 0 0 0 0 0 0 0 0 0 0 0 0 0 0 0 0 0 0 0 0 0 0 0 0 0 0 0 0 0 0 0 0 0 0 0 0 0 0 0 0 0 0 0 0 0 0 0 0 0 0 0 0 0 0 0 0 0 0 0 0 0
INFO:tensorflow:input_mask: 1 1 1 1 1 1 1 1 1 1 1 1 1 1 1 1 1 1 1 1 1 1 1 1 1 1 1 1 1 1 1 1 1 1 1 1 1 1 1 1 1 1 1 1 1 0 0 0 0 0 0 0 0 0 0 0 0 0 0 0 0 0 0 0 0 0 0 0 0 0 0 0 0 0 0 0 0 0 0 0 0 0 0 0 0 0 0 0 0 0 0 0 0 0 0 0 0 0 0 0 0 0 0 0 0 0 0 0 0 0 0 0 0 0 0 0 0 0 0 0 0 0 0 0 0 0 0 0
I1103 03:41:38.261017 47977143239744 create_pretraining_data.py:161] input_mask: 1 1 1 1 1 1 1 1 1 1 1 1 1 1 1 1 1 1 1 1 1 1 1 1 1 1 1 1 1 1 1 1 1 1 1 1 1 1 1 1 1 1 1 1 1 0 0 0 0 0 0 0 0 0 0 0 0 0 0 0 0 0 0 0 0 0 0 0 0 0 0 0 0 0 0 0 0 0 0 0 0 0 0 0 0 0 0 0 0 0 0 0 0 0 0 0 0 0 0 0 0 0 0 0 0 0 0 0 0 0 0 0 0 0 0 0 0 0 0 0 0 0 0 0 0 0 0 0
INFO:tensorflow:segment_ids: 0 0 0 0 0 0 0 0 0 0 0 0 0 1 1 1 1 1 1 1 1 1 1 1 1 1 1 1 1 1 1 1 1 1 1 1 1 1 1 1 1 1 1 1 1 0 0 0 0 0 0 0 0 0 0 0 0 0 0 0 0 0 0 0 0 0 0 0 0 0 0 0 0 0 0 0 0 0 0 0 0 0 0 0 0 0 0 0 0 0 0 0 0 0 0 0 0 0 0 0 0 0 0 0 0 0 0 0 0 0 0 0 0 0 0 0 0 0 0 0 0 0 0 0 0 0 0 0
I1103 03:41:38.261181 47977143239744 create_pretraining_data.py:161] segment_ids: 0 0 0 0 0 0 0 0 0 0 0 0 0 1 1 1 1 1 1 1 1 1 1 1 1 1 1 1 1 1 1 1 1 1 1 1 1 1 1 1 1 1 1 1 1 0 0 0 0 0 0 0 0 0 0 0 0 0 0 0 0 0 0 0 0 0 0 0 0 0 0 0 0 0 0 0 0 0 0 0 0 0 0 0 0 0 0 0 0 0 0 0 0 0 0 0 0 0 0 0 0 0 0 0 0 0 0 0 0 0 0 0 0 0 0 0 0 0 0 0 0 0 0 0 0 0 0 0
INFO:tensorflow:masked_lm_positions: 2 5 11 23 24 25 42 0 0 0 0 0 0 0 0 0 0 0 0 0
I1103 03:41:38.261305 47977143239744 create_pretraining_data.py:161] masked_lm_positions: 2 5 11 23 24 25 42 0 0 0 0 0 0 0 0 0 0 0 0 0
INFO:tensorflow:masked_lm_ids: 10935 387 3351 3712 14124 14783 5362 0 0 0 0 0 0 0 0 0 0 0 0 0
I1103 03:41:38.261423 47977143239744 create_pretraining_data.py:161] masked_lm_ids: 10935 387 3351 3712 14124 14783 5362 0 0 0 0 0 0 0 0 0 0 0 0 0
INFO:tensorflow:masked_lm_weights: 1.0 1.0 1.0 1.0 1.0 1.0 1.0 0.0 0.0 0.0 0.0 0.0 0.0 0.0 0.0 0.0 0.0 0.0 0.0 0.0
I1103 03:41:38.261544 47977143239744 create_pretraining_data.py:161] masked_lm_weights: 1.0 1.0 1.0 1.0 1.0 1.0 1.0 0.0 0.0 0.0 0.0 0.0 0.0 0.0 0.0 0.0 0.0 0.0 0.0 0.0
INFO:tensorflow:next_sentence_labels: 1
I1103 03:41:38.261671 47977143239744 create_pretraining_data.py:161] next_sentence_labels: 1
INFO:tensorflow:*** Example ***
I1103 03:41:38.262159 47977143239744 create_pretraining_data.py:149] *** Example ***
INFO:tensorflow:tokens: [CLS] الذي يراك حين [MASK] اعظم باع ##ث علي العمل الصالح استش ##عار لذه [MASK] ربك الإسرائيلية وانت تقف بين يديه قروب المشتاق ##ين للر ##حمن [SEP] عن شخص [MASK] تشوفه يضيع زعل ##ك منه يضيع الخلاف [MASK] الكره تضيع كل حاجه وحشه [MASK] بينك ##و الشخص دا الوحيد اللي خساره يضيع [MASK] هو اول [MASK] بيض ##يع [SEP]
I1103 03:41:38.262320 47977143239744 create_pretraining_data.py:151] tokens: [CLS] الذي يراك حين [MASK] اعظم باع ##ث علي العمل الصالح استش ##عار لذه [MASK] ربك الإسرائيلية وانت تقف بين يديه قروب المشتاق ##ين للر ##حمن [SEP] عن شخص [MASK] تشوفه يضيع زعل ##ك منه يضيع الخلاف [MASK] الكره تضيع كل حاجه وحشه [MASK] بينك ##و الشخص دا الوحيد اللي خساره يضيع [MASK] هو اول [MASK] بيض ##يع [SEP]
INFO:tensorflow:input_ids: 2 2130 14418 2823 4 6082 6666 1039 1958 2854 6600 4706 2685 11776 4 5903 8078 3036 9827 2117 12464 2543 27372 1911 3647 27214 3 1955 2489 4 22862 14720 19571 1014 2739 14720 8415 4 9489 13278 2038 3909 21608 4 11847 1012 3190 2720 5230 2115 12277 14720 4 2139 3085 4 12096 2105 3 0 0 0 0 0 0 0 0 0 0 0 0 0 0 0 0 0 0 0 0 0 0 0 0 0 0 0 0 0 0 0 0 0 0 0 0 0 0 0 0 0 0 0 0 0 0 0 0 0 0 0 0 0 0 0 0 0 0 0 0 0 0 0 0 0 0 0 0 0
I1103 03:41:38.262498 47977143239744 create_pretraining_data.py:161] input_ids: 2 2130 14418 2823 4 6082 6666 1039 1958 2854 6600 4706 2685 11776 4 5903 8078 3036 9827 2117 12464 2543 27372 1911 3647 27214 3 1955 2489 4 22862 14720 19571 1014 2739 14720 8415 4 9489 13278 2038 3909 21608 4 11847 1012 3190 2720 5230 2115 12277 14720 4 2139 3085 4 12096 2105 3 0 0 0 0 0 0 0 0 0 0 0 0 0 0 0 0 0 0 0 0 0 0 0 0 0 0 0 0 0 0 0 0 0 0 0 0 0 0 0 0 0 0 0 0 0 0 0 0 0 0 0 0 0 0 0 0 0 0 0 0 0 0 0 0 0 0 0 0 0
INFO:tensorflow:input_mask: 1 1 1 1 1 1 1 1 1 1 1 1 1 1 1 1 1 1 1 1 1 1 1 1 1 1 1 1 1 1 1 1 1 1 1 1 1 1 1 1 1 1 1 1 1 1 1 1 1 1 1 1 1 1 1 1 1 1 1 0 0 0 0 0 0 0 0 0 0 0 0 0 0 0 0 0 0 0 0 0 0 0 0 0 0 0 0 0 0 0 0 0 0 0 0 0 0 0 0 0 0 0 0 0 0 0 0 0 0 0 0 0 0 0 0 0 0 0 0 0 0 0 0 0 0 0 0 0
I1103 03:41:38.262661 47977143239744 create_pretraining_data.py:161] input_mask: 1 1 1 1 1 1 1 1 1 1 1 1 1 1 1 1 1 1 1 1 1 1 1 1 1 1 1 1 1 1 1 1 1 1 1 1 1 1 1 1 1 1 1 1 1 1 1 1 1 1 1 1 1 1 1 1 1 1 1 0 0 0 0 0 0 0 0 0 0 0 0 0 0 0 0 0 0 0 0 0 0 0 0 0 0 0 0 0 0 0 0 0 0 0 0 0 0 0 0 0 0 0 0 0 0 0 0 0 0 0 0 0 0 0 0 0 0 0 0 0 0 0 0 0 0 0 0 0
INFO:tensorflow:segment_ids: 0 0 0 0 0 0 0 0 0 0 0 0 0 0 0 0 0 0 0 0 0 0 0 0 0 0 0 1 1 1 1 1 1 1 1 1 1 1 1 1 1 1 1 1 1 1 1 1 1 1 1 1 1 1 1 1 1 1 1 0 0 0 0 0 0 0 0 0 0 0 0 0 0 0 0 0 0 0 0 0 0 0 0 0 0 0 0 0 0 0 0 0 0 0 0 0 0 0 0 0 0 0 0 0 0 0 0 0 0 0 0 0 0 0 0 0 0 0 0 0 0 0 0 0 0 0 0 0
I1103 03:41:38.262816 47977143239744 create_pretraining_data.py:161] segment_ids: 0 0 0 0 0 0 0 0 0 0 0 0 0 0 0 0 0 0 0 0 0 0 0 0 0 0 0 1 1 1 1 1 1 1 1 1 1 1 1 1 1 1 1 1 1 1 1 1 1 1 1 1 1 1 1 1 1 1 1 0 0 0 0 0 0 0 0 0 0 0 0 0 0 0 0 0 0 0 0 0 0 0 0 0 0 0 0 0 0 0 0 0 0 0 0 0 0 0 0 0 0 0 0 0 0 0 0 0 0 0 0 0 0 0 0 0 0 0 0 0 0 0 0 0 0 0 0 0
INFO:tensorflow:masked_lm_positions: 4 14 16 21 29 37 43 52 55 0 0 0 0 0 0 0 0 0 0 0
I1103 03:41:38.262938 47977143239744 create_pretraining_data.py:161] masked_lm_positions: 4 14 16 21 29 37 43 52 55 0 0 0 0 0 0 0 0 0 0 0
INFO:tensorflow:masked_lm_ids: 3952 19283 2278 2543 2518 14720 9241 415 2489 0 0 0 0 0 0 0 0 0 0 0
I1103 03:41:38.263057 47977143239744 create_pretraining_data.py:161] masked_lm_ids: 3952 19283 2278 2543 2518 14720 9241 415 2489 0 0 0 0 0 0 0 0 0 0 0
INFO:tensorflow:masked_lm_weights: 1.0 1.0 1.0 1.0 1.0 1.0 1.0 1.0 1.0 0.0 0.0 0.0 0.0 0.0 0.0 0.0 0.0 0.0 0.0 0.0
I1103 03:41:38.263204 47977143239744 create_pretraining_data.py:161] masked_lm_weights: 1.0 1.0 1.0 1.0 1.0 1.0 1.0 1.0 1.0 0.0 0.0 0.0 0.0 0.0 0.0 0.0 0.0 0.0 0.0 0.0
INFO:tensorflow:next_sentence_labels: 1
I1103 03:41:38.263319 47977143239744 create_pretraining_data.py:161] next_sentence_labels: 1
INFO:tensorflow:*** Example ***
I1103 03:41:38.263797 47977143239744 create_pretraining_data.py:149] *** Example ***
INFO:tensorflow:tokens: [CLS] اهداء من [MASK] [MASK] خر ##سان الاخ مشهور السعيد ##ي [SEP] اشهد ان لا [MASK] الا الله واشهد ان محمد عبده ورسوله [SEP]
I1103 03:41:38.263943 47977143239744 create_pretraining_data.py:151] tokens: [CLS] اهداء من [MASK] [MASK] خر ##سان الاخ مشهور السعيد ##ي [SEP] اشهد ان لا [MASK] الا الله واشهد ان محمد عبده ورسوله [SEP]
INFO:tensorflow:input_ids: 2 12153 1908 4 4 17963 4838 2788 20883 9064 1013 3 7814 1939 1963 4 1915 1953 21677 1939 2202 10917 13320 3 0 0 0 0 0 0 0 0 0 0 0 0 0 0 0 0 0 0 0 0 0 0 0 0 0 0 0 0 0 0 0 0 0 0 0 0 0 0 0 0 0 0 0 0 0 0 0 0 0 0 0 0 0 0 0 0 0 0 0 0 0 0 0 0 0 0 0 0 0 0 0 0 0 0 0 0 0 0 0 0 0 0 0 0 0 0 0 0 0 0 0 0 0 0 0 0 0 0 0 0 0 0 0 0
I1103 03:41:38.264124 47977143239744 create_pretraining_data.py:161] input_ids: 2 12153 1908 4 4 17963 4838 2788 20883 9064 1013 3 7814 1939 1963 4 1915 1953 21677 1939 2202 10917 13320 3 0 0 0 0 0 0 0 0 0 0 0 0 0 0 0 0 0 0 0 0 0 0 0 0 0 0 0 0 0 0 0 0 0 0 0 0 0 0 0 0 0 0 0 0 0 0 0 0 0 0 0 0 0 0 0 0 0 0 0 0 0 0 0 0 0 0 0 0 0 0 0 0 0 0 0 0 0 0 0 0 0 0 0 0 0 0 0 0 0 0 0 0 0 0 0 0 0 0 0 0 0 0 0 0
INFO:tensorflow:input_mask: 1 1 1 1 1 1 1 1 1 1 1 1 1 1 1 1 1 1 1 1 1 1 1 1 0 0 0 0 0 0 0 0 0 0 0 0 0 0 0 0 0 0 0 0 0 0 0 0 0 0 0 0 0 0 0 0 0 0 0 0 0 0 0 0 0 0 0 0 0 0 0 0 0 0 0 0 0 0 0 0 0 0 0 0 0 0 0 0 0 0 0 0 0 0 0 0 0 0 0 0 0 0 0 0 0 0 0 0 0 0 0 0 0 0 0 0 0 0 0 0 0 0 0 0 0 0 0 0
I1103 03:41:38.264291 47977143239744 create_pretraining_data.py:161] input_mask: 1 1 1 1 1 1 1 1 1 1 1 1 1 1 1 1 1 1 1 1 1 1 1 1 0 0 0 0 0 0 0 0 0 0 0 0 0 0 0 0 0 0 0 0 0 0 0 0 0 0 0 0 0 0 0 0 0 0 0 0 0 0 0 0 0 0 0 0 0 0 0 0 0 0 0 0 0 0 0 0 0 0 0 0 0 0 0 0 0 0 0 0 0 0 0 0 0 0 0 0 0 0 0 0 0 0 0 0 0 0 0 0 0 0 0 0 0 0 0 0 0 0 0 0 0 0 0 0
INFO:tensorflow:segment_ids: 0 0 0 0 0 0 0 0 0 0 0 0 1 1 1 1 1 1 1 1 1 1 1 1 0 0 0 0 0 0 0 0 0 0 0 0 0 0 0 0 0 0 0 0 0 0 0 0 0 0 0 0 0 0 0 0 0 0 0 0 0 0 0 0 0 0 0 0 0 0 0 0 0 0 0 0 0 0 0 0 0 0 0 0 0 0 0 0 0 0 0 0 0 0 0 0 0 0 0 0 0 0 0 0 0 0 0 0 0 0 0 0 0 0 0 0 0 0 0 0 0 0 0 0 0 0 0 0
I1103 03:41:38.264448 47977143239744 create_pretraining_data.py:161] segment_ids: 0 0 0 0 0 0 0 0 0 0 0 0 1 1 1 1 1 1 1 1 1 1 1 1 0 0 0 0 0 0 0 0 0 0 0 0 0 0 0 0 0 0 0 0 0 0 0 0 0 0 0 0 0 0 0 0 0 0 0 0 0 0 0 0 0 0 0 0 0 0 0 0 0 0 0 0 0 0 0 0 0 0 0 0 0 0 0 0 0 0 0 0 0 0 0 0 0 0 0 0 0 0 0 0 0 0 0 0 0 0 0 0 0 0 0 0 0 0 0 0 0 0 0 0 0 0 0 0
INFO:tensorflow:masked_lm_positions: 3 4 7 15 0 0 0 0 0 0 0 0 0 0 0 0 0 0 0 0
I1103 03:41:38.264570 47977143239744 create_pretraining_data.py:161] masked_lm_positions: 3 4 7 15 0 0 0 0 0 0 0 0 0 0 0 0 0 0 0 0
INFO:tensorflow:masked_lm_ids: 5065 9266 2788 2090 0 0 0 0 0 0 0 0 0 0 0 0 0 0 0 0
I1103 03:41:38.264688 47977143239744 create_pretraining_data.py:161] masked_lm_ids: 5065 9266 2788 2090 0 0 0 0 0 0 0 0 0 0 0 0 0 0 0 0
INFO:tensorflow:masked_lm_weights: 1.0 1.0 1.0 1.0 0.0 0.0 0.0 0.0 0.0 0.0 0.0 0.0 0.0 0.0 0.0 0.0 0.0 0.0 0.0 0.0
I1103 03:41:38.264809 47977143239744 create_pretraining_data.py:161] masked_lm_weights: 1.0 1.0 1.0 1.0 0.0 0.0 0.0 0.0 0.0 0.0 0.0 0.0 0.0 0.0 0.0 0.0 0.0 0.0 0.0 0.0
INFO:tensorflow:next_sentence_labels: 1
I1103 03:41:38.264919 47977143239744 create_pretraining_data.py:161] next_sentence_labels: 1
INFO:tensorflow:*** Example ***
I1103 03:41:38.265403 47977143239744 create_pretraining_data.py:149] *** Example ***
INFO:tensorflow:tokens: [CLS] اكثر الانديه تعرض ##ا لع ##قوب ##ات لجنه الانضباط من عام هي [MASK] عقوبه الاتحاد عقوبه الاهلي [MASK] النصر عقوبه [SEP] ثلاثه اك ##واب [MASK] الحليب او الزب ##ادي يوميا يمكن ان [MASK] [MASK] متطلبات الكا ##لسي ##وم للب ##الغ ##ين لغ ##ايه 50 سنه [MASK] ثانية [SEP]
I1103 03:41:38.265573 47977143239744 create_pretraining_data.py:151] tokens: [CLS] اكثر الانديه تعرض ##ا لع ##قوب ##ات لجنه الانضباط من عام هي [MASK] عقوبه الاتحاد عقوبه الاهلي [MASK] النصر عقوبه [SEP] ثلاثه اك ##واب [MASK] الحليب او الزب ##ادي يوميا يمكن ان [MASK] [MASK] متطلبات الكا ##لسي ##وم للب ##الغ ##ين لغ ##ايه 50 سنه [MASK] ثانية [SEP]
INFO:tensorflow:input_ids: 2 2695 11064 4722 1007 2941 7606 1904 10381 13716 1908 2268 2247 4 20388 2816 20388 3105 4 3059 20388 3 10129 3678 2889 4 18523 2213 16459 2501 6252 2490 1939 4 4 16529 16072 6606 1967 2809 4390 1911 3606 11890 4616 4076 4 8098 3 0 0 0 0 0 0 0 0 0 0 0 0 0 0 0 0 0 0 0 0 0 0 0 0 0 0 0 0 0 0 0 0 0 0 0 0 0 0 0 0 0 0 0 0 0 0 0 0 0 0 0 0 0 0 0 0 0 0 0 0 0 0 0 0 0 0 0 0 0 0 0 0 0 0 0 0 0 0 0
I1103 03:41:38.265753 47977143239744 create_pretraining_data.py:161] input_ids: 2 2695 11064 4722 1007 2941 7606 1904 10381 13716 1908 2268 2247 4 20388 2816 20388 3105 4 3059 20388 3 10129 3678 2889 4 18523 2213 16459 2501 6252 2490 1939 4 4 16529 16072 6606 1967 2809 4390 1911 3606 11890 4616 4076 4 8098 3 0 0 0 0 0 0 0 0 0 0 0 0 0 0 0 0 0 0 0 0 0 0 0 0 0 0 0 0 0 0 0 0 0 0 0 0 0 0 0 0 0 0 0 0 0 0 0 0 0 0 0 0 0 0 0 0 0 0 0 0 0 0 0 0 0 0 0 0 0 0 0 0 0 0 0 0 0 0 0
INFO:tensorflow:input_mask: 1 1 1 1 1 1 1 1 1 1 1 1 1 1 1 1 1 1 1 1 1 1 1 1 1 1 1 1 1 1 1 1 1 1 1 1 1 1 1 1 1 1 1 1 1 1 1 1 1 0 0 0 0 0 0 0 0 0 0 0 0 0 0 0 0 0 0 0 0 0 0 0 0 0 0 0 0 0 0 0 0 0 0 0 0 0 0 0 0 0 0 0 0 0 0 0 0 0 0 0 0 0 0 0 0 0 0 0 0 0 0 0 0 0 0 0 0 0 0 0 0 0 0 0 0 0 0 0
I1103 03:41:38.265915 47977143239744 create_pretraining_data.py:161] input_mask: 1 1 1 1 1 1 1 1 1 1 1 1 1 1 1 1 1 1 1 1 1 1 1 1 1 1 1 1 1 1 1 1 1 1 1 1 1 1 1 1 1 1 1 1 1 1 1 1 1 0 0 0 0 0 0 0 0 0 0 0 0 0 0 0 0 0 0 0 0 0 0 0 0 0 0 0 0 0 0 0 0 0 0 0 0 0 0 0 0 0 0 0 0 0 0 0 0 0 0 0 0 0 0 0 0 0 0 0 0 0 0 0 0 0 0 0 0 0 0 0 0 0 0 0 0 0 0 0
INFO:tensorflow:segment_ids: 0 0 0 0 0 0 0 0 0 0 0 0 0 0 0 0 0 0 0 0 0 0 1 1 1 1 1 1 1 1 1 1 1 1 1 1 1 1 1 1 1 1 1 1 1 1 1 1 1 0 0 0 0 0 0 0 0 0 0 0 0 0 0 0 0 0 0 0 0 0 0 0 0 0 0 0 0 0 0 0 0 0 0 0 0 0 0 0 0 0 0 0 0 0 0 0 0 0 0 0 0 0 0 0 0 0 0 0 0 0 0 0 0 0 0 0 0 0 0 0 0 0 0 0 0 0 0 0
I1103 03:41:38.266070 47977143239744 create_pretraining_data.py:161] segment_ids: 0 0 0 0 0 0 0 0 0 0 0 0 0 0 0 0 0 0 0 0 0 0 1 1 1 1 1 1 1 1 1 1 1 1 1 1 1 1 1 1 1 1 1 1 1 1 1 1 1 0 0 0 0 0 0 0 0 0 0 0 0 0 0 0 0 0 0 0 0 0 0 0 0 0 0 0 0 0 0 0 0 0 0 0 0 0 0 0 0 0 0 0 0 0 0 0 0 0 0 0 0 0 0 0 0 0 0 0 0 0 0 0 0 0 0 0 0 0 0 0 0 0 0 0 0 0 0 0
INFO:tensorflow:masked_lm_positions: 13 18 25 33 34 46 47 0 0 0 0 0 0 0 0 0 0 0 0 0
I1103 03:41:38.266199 47977143239744 create_pretraining_data.py:161] masked_lm_positions: 13 18 25 33 34 46 47 0 0 0 0 0 0 0 0 0 0 0 0 0
INFO:tensorflow:masked_lm_ids: 2675 20388 1908 24085 1013 1908 3867 0 0 0 0 0 0 0 0 0 0 0 0 0
I1103 03:41:38.266317 47977143239744 create_pretraining_data.py:161] masked_lm_ids: 2675 20388 1908 24085 1013 1908 3867 0 0 0 0 0 0 0 0 0 0 0 0 0
INFO:tensorflow:masked_lm_weights: 1.0 1.0 1.0 1.0 1.0 1.0 1.0 0.0 0.0 0.0 0.0 0.0 0.0 0.0 0.0 0.0 0.0 0.0 0.0 0.0
I1103 03:41:38.266437 47977143239744 create_pretraining_data.py:161] masked_lm_weights: 1.0 1.0 1.0 1.0 1.0 1.0 1.0 0.0 0.0 0.0 0.0 0.0 0.0 0.0 0.0 0.0 0.0 0.0 0.0 0.0
INFO:tensorflow:next_sentence_labels: 1
I1103 03:41:38.266548 47977143239744 create_pretraining_data.py:161] next_sentence_labels: 1
INFO:tensorflow:*** Example ***
I1103 03:41:38.267021 47977143239744 create_pretraining_data.py:149] *** Example ***
INFO:tensorflow:tokens: [CLS] [MASK] احفظ مصر بحفظك الجميل واهلي الصغيره في حصن ##ك الحص ##ين وحر ##زك المكي ##ن [SEP] الاسد خطاب الغرب المتك ##رر [MASK] [MASK] حقيقه ان [MASK] يقتل ##ون الابرياء منذ اليوم الاول للا ##زمه وان عددا [MASK] ممن قتلوا هم من انصار الحكومه [SEP]
I1103 03:41:38.267182 47977143239744 create_pretraining_data.py:151] tokens: [CLS] [MASK] احفظ مصر بحفظك الجميل واهلي الصغيره في حصن ##ك الحص ##ين وحر ##زك المكي ##ن [SEP] الاسد خطاب الغرب المتك ##رر [MASK] [MASK] حقيقه ان [MASK] يقتل ##ون الابرياء منذ اليوم الاول للا ##زمه وان عددا [MASK] ممن قتلوا هم من انصار الحكومه [SEP]
INFO:tensorflow:input_ids: 2 4 5776 2559 22919 5135 26237 15308 1912 21832 1014 7903 1911 19790 2665 19208 1006 3 7885 9134 6807 18465 4103 4 4 6722 1939 4 9117 1922 26635 2837 2217 3307 2383 19727 2178 8236 4 4663 13702 2839 1908 19667 11764 3 0 0 0 0 0 0 0 0 0 0 0 0 0 0 0 0 0 0 0 0 0 0 0 0 0 0 0 0 0 0 0 0 0 0 0 0 0 0 0 0 0 0 0 0 0 0 0 0 0 0 0 0 0 0 0 0 0 0 0 0 0 0 0 0 0 0 0 0 0 0 0 0 0 0 0 0 0 0 0 0 0 0
I1103 03:41:38.267374 47977143239744 create_pretraining_data.py:161] input_ids: 2 4 5776 2559 22919 5135 26237 15308 1912 21832 1014 7903 1911 19790 2665 19208 1006 3 7885 9134 6807 18465 4103 4 4 6722 1939 4 9117 1922 26635 2837 2217 3307 2383 19727 2178 8236 4 4663 13702 2839 1908 19667 11764 3 0 0 0 0 0 0 0 0 0 0 0 0 0 0 0 0 0 0 0 0 0 0 0 0 0 0 0 0 0 0 0 0 0 0 0 0 0 0 0 0 0 0 0 0 0 0 0 0 0 0 0 0 0 0 0 0 0 0 0 0 0 0 0 0 0 0 0 0 0 0 0 0 0 0 0 0 0 0 0 0 0 0
INFO:tensorflow:input_mask: 1 1 1 1 1 1 1 1 1 1 1 1 1 1 1 1 1 1 1 1 1 1 1 1 1 1 1 1 1 1 1 1 1 1 1 1 1 1 1 1 1 1 1 1 1 1 0 0 0 0 0 0 0 0 0 0 0 0 0 0 0 0 0 0 0 0 0 0 0 0 0 0 0 0 0 0 0 0 0 0 0 0 0 0 0 0 0 0 0 0 0 0 0 0 0 0 0 0 0 0 0 0 0 0 0 0 0 0 0 0 0 0 0 0 0 0 0 0 0 0 0 0 0 0 0 0 0 0
I1103 03:41:38.267537 47977143239744 create_pretraining_data.py:161] input_mask: 1 1 1 1 1 1 1 1 1 1 1 1 1 1 1 1 1 1 1 1 1 1 1 1 1 1 1 1 1 1 1 1 1 1 1 1 1 1 1 1 1 1 1 1 1 1 0 0 0 0 0 0 0 0 0 0 0 0 0 0 0 0 0 0 0 0 0 0 0 0 0 0 0 0 0 0 0 0 0 0 0 0 0 0 0 0 0 0 0 0 0 0 0 0 0 0 0 0 0 0 0 0 0 0 0 0 0 0 0 0 0 0 0 0 0 0 0 0 0 0 0 0 0 0 0 0 0 0
INFO:tensorflow:segment_ids: 0 0 0 0 0 0 0 0 0 0 0 0 0 0 0 0 0 0 1 1 1 1 1 1 1 1 1 1 1 1 1 1 1 1 1 1 1 1 1 1 1 1 1 1 1 1 0 0 0 0 0 0 0 0 0 0 0 0 0 0 0 0 0 0 0 0 0 0 0 0 0 0 0 0 0 0 0 0 0 0 0 0 0 0 0 0 0 0 0 0 0 0 0 0 0 0 0 0 0 0 0 0 0 0 0 0 0 0 0 0 0 0 0 0 0 0 0 0 0 0 0 0 0 0 0 0 0 0
I1103 03:41:38.267695 47977143239744 create_pretraining_data.py:161] segment_ids: 0 0 0 0 0 0 0 0 0 0 0 0 0 0 0 0 0 0 1 1 1 1 1 1 1 1 1 1 1 1 1 1 1 1 1 1 1 1 1 1 1 1 1 1 1 1 0 0 0 0 0 0 0 0 0 0 0 0 0 0 0 0 0 0 0 0 0 0 0 0 0 0 0 0 0 0 0 0 0 0 0 0 0 0 0 0 0 0 0 0 0 0 0 0 0 0 0 0 0 0 0 0 0 0 0 0 0 0 0 0 0 0 0 0 0 0 0 0 0 0 0 0 0 0 0 0 0 0
INFO:tensorflow:masked_lm_positions: 1 6 7 23 24 27 38 0 0 0 0 0 0 0 0 0 0 0 0 0
I1103 03:41:38.267816 47977143239744 create_pretraining_data.py:161] masked_lm_positions: 1 6 7 23 24 27 38 0 0 0 0 0 0 0 0 0 0 0 0 0
INFO:tensorflow:masked_lm_ids: 2168 26657 1007 15705 3953 15029 6255 0 0 0 0 0 0 0 0 0 0 0 0 0
I1103 03:41:38.267934 47977143239744 create_pretraining_data.py:161] masked_lm_ids: 2168 26657 1007 15705 3953 15029 6255 0 0 0 0 0 0 0 0 0 0 0 0 0
INFO:tensorflow:masked_lm_weights: 1.0 1.0 1.0 1.0 1.0 1.0 1.0 0.0 0.0 0.0 0.0 0.0 0.0 0.0 0.0 0.0 0.0 0.0 0.0 0.0
I1103 03:41:38.268054 47977143239744 create_pretraining_data.py:161] masked_lm_weights: 1.0 1.0 1.0 1.0 1.0 1.0 1.0 0.0 0.0 0.0 0.0 0.0 0.0 0.0 0.0 0.0 0.0 0.0 0.0 0.0
INFO:tensorflow:next_sentence_labels: 1
I1103 03:41:38.268173 47977143239744 create_pretraining_data.py:161] next_sentence_labels: 1
INFO:tensorflow:*** Example ***
I1103 03:41:38.268651 47977143239744 create_pretraining_data.py:149] *** Example ***
INFO:tensorflow:tokens: [CLS] درر ##ر [SEP] [MASK] ابن حزم رحمه الله ياتي تك ##اثر ##ت الهموم [MASK] كلها [SEP]
I1103 03:41:38.268796 47977143239744 create_pretraining_data.py:151] tokens: [CLS] درر ##ر [SEP] [MASK] ابن حزم رحمه الله ياتي تك ##اثر ##ت الهموم [MASK] كلها [SEP]
INFO:tensorflow:input_ids: 2 17949 1017 3 4 2549 18910 3849 1953 7404 2654 21273 1005 13623 4 4465 3 0 0 0 0 0 0 0 0 0 0 0 0 0 0 0 0 0 0 0 0 0 0 0 0 0 0 0 0 0 0 0 0 0 0 0 0 0 0 0 0 0 0 0 0 0 0 0 0 0 0 0 0 0 0 0 0 0 0 0 0 0 0 0 0 0 0 0 0 0 0 0 0 0 0 0 0 0 0 0 0 0 0 0 0 0 0 0 0 0 0 0 0 0 0 0 0 0 0 0 0 0 0 0 0 0 0 0 0 0 0 0
I1103 03:41:38.268981 47977143239744 create_pretraining_data.py:161] input_ids: 2 17949 1017 3 4 2549 18910 3849 1953 7404 2654 21273 1005 13623 4 4465 3 0 0 0 0 0 0 0 0 0 0 0 0 0 0 0 0 0 0 0 0 0 0 0 0 0 0 0 0 0 0 0 0 0 0 0 0 0 0 0 0 0 0 0 0 0 0 0 0 0 0 0 0 0 0 0 0 0 0 0 0 0 0 0 0 0 0 0 0 0 0 0 0 0 0 0 0 0 0 0 0 0 0 0 0 0 0 0 0 0 0 0 0 0 0 0 0 0 0 0 0 0 0 0 0 0 0 0 0 0 0 0
INFO:tensorflow:input_mask: 1 1 1 1 1 1 1 1 1 1 1 1 1 1 1 1 1 0 0 0 0 0 0 0 0 0 0 0 0 0 0 0 0 0 0 0 0 0 0 0 0 0 0 0 0 0 0 0 0 0 0 0 0 0 0 0 0 0 0 0 0 0 0 0 0 0 0 0 0 0 0 0 0 0 0 0 0 0 0 0 0 0 0 0 0 0 0 0 0 0 0 0 0 0 0 0 0 0 0 0 0 0 0 0 0 0 0 0 0 0 0 0 0 0 0 0 0 0 0 0 0 0 0 0 0 0 0 0
I1103 03:41:38.269149 47977143239744 create_pretraining_data.py:161] input_mask: 1 1 1 1 1 1 1 1 1 1 1 1 1 1 1 1 1 0 0 0 0 0 0 0 0 0 0 0 0 0 0 0 0 0 0 0 0 0 0 0 0 0 0 0 0 0 0 0 0 0 0 0 0 0 0 0 0 0 0 0 0 0 0 0 0 0 0 0 0 0 0 0 0 0 0 0 0 0 0 0 0 0 0 0 0 0 0 0 0 0 0 0 0 0 0 0 0 0 0 0 0 0 0 0 0 0 0 0 0 0 0 0 0 0 0 0 0 0 0 0 0 0 0 0 0 0 0 0
INFO:tensorflow:segment_ids: 0 0 0 0 1 1 1 1 1 1 1 1 1 1 1 1 1 0 0 0 0 0 0 0 0 0 0 0 0 0 0 0 0 0 0 0 0 0 0 0 0 0 0 0 0 0 0 0 0 0 0 0 0 0 0 0 0 0 0 0 0 0 0 0 0 0 0 0 0 0 0 0 0 0 0 0 0 0 0 0 0 0 0 0 0 0 0 0 0 0 0 0 0 0 0 0 0 0 0 0 0 0 0 0 0 0 0 0 0 0 0 0 0 0 0 0 0 0 0 0 0 0 0 0 0 0 0 0
I1103 03:41:38.269308 47977143239744 create_pretraining_data.py:161] segment_ids: 0 0 0 0 1 1 1 1 1 1 1 1 1 1 1 1 1 0 0 0 0 0 0 0 0 0 0 0 0 0 0 0 0 0 0 0 0 0 0 0 0 0 0 0 0 0 0 0 0 0 0 0 0 0 0 0 0 0 0 0 0 0 0 0 0 0 0 0 0 0 0 0 0 0 0 0 0 0 0 0 0 0 0 0 0 0 0 0 0 0 0 0 0 0 0 0 0 0 0 0 0 0 0 0 0 0 0 0 0 0 0 0 0 0 0 0 0 0 0 0 0 0 0 0 0 0 0 0
INFO:tensorflow:masked_lm_positions: 4 9 14 0 0 0 0 0 0 0 0 0 0 0 0 0 0 0 0 0
I1103 03:41:38.269430 47977143239744 create_pretraining_data.py:161] masked_lm_positions: 4 9 14 0 0 0 0 0 0 0 0 0 0 0 0 0 0 0 0 0
INFO:tensorflow:masked_lm_ids: 2722 2387 15816 0 0 0 0 0 0 0 0 0 0 0 0 0 0 0 0 0
I1103 03:41:38.269549 47977143239744 create_pretraining_data.py:161] masked_lm_ids: 2722 2387 15816 0 0 0 0 0 0 0 0 0 0 0 0 0 0 0 0 0
INFO:tensorflow:masked_lm_weights: 1.0 1.0 1.0 0.0 0.0 0.0 0.0 0.0 0.0 0.0 0.0 0.0 0.0 0.0 0.0 0.0 0.0 0.0 0.0 0.0
I1103 03:41:38.269670 47977143239744 create_pretraining_data.py:161] masked_lm_weights: 1.0 1.0 1.0 0.0 0.0 0.0 0.0 0.0 0.0 0.0 0.0 0.0 0.0 0.0 0.0 0.0 0.0 0.0 0.0 0.0
INFO:tensorflow:next_sentence_labels: 1
I1103 03:41:38.269781 47977143239744 create_pretraining_data.py:161] next_sentence_labels: 1
INFO:tensorflow:*** Example ***
I1103 03:41:38.270255 47977143239744 create_pretraining_data.py:149] *** Example ***
INFO:tensorflow:tokens: [CLS] قال احدهم [MASK] تت ##ذوق الصعوبات في [MASK] سي ##صبح [MASK] [MASK] من عمرك [MASK] بنك الفوائد اليوميه [SEP] كم نحن بحاجه لوز ##اره بي ##ئيه لها كيان ##ها وق ##وتها [SEP]
I1103 03:41:38.270405 47977143239744 create_pretraining_data.py:151] tokens: [CLS] قال احدهم [MASK] تت ##ذوق الصعوبات في [MASK] سي ##صبح [MASK] [MASK] من عمرك [MASK] بنك الفوائد اليوميه [SEP] كم نحن بحاجه لوز ##اره بي ##ئيه لها كيان ##ها وق ##وتها [SEP]
INFO:tensorflow:input_ids: 2 2136 8555 4 2201 20312 21934 1912 4 2266 6196 4 4 1908 10515 4 4996 15852 28009 3 2995 3252 9444 17631 2418 2260 14878 2553 15712 1913 2135 11205 3 0 0 0 0 0 0 0 0 0 0 0 0 0 0 0 0 0 0 0 0 0 0 0 0 0 0 0 0 0 0 0 0 0 0 0 0 0 0 0 0 0 0 0 0 0 0 0 0 0 0 0 0 0 0 0 0 0 0 0 0 0 0 0 0 0 0 0 0 0 0 0 0 0 0 0 0 0 0 0 0 0 0 0 0 0 0 0 0 0 0 0 0 0 0 0
I1103 03:41:38.270576 47977143239744 create_pretraining_data.py:161] input_ids: 2 2136 8555 4 2201 20312 21934 1912 4 2266 6196 4 4 1908 10515 4 4996 15852 28009 3 2995 3252 9444 17631 2418 2260 14878 2553 15712 1913 2135 11205 3 0 0 0 0 0 0 0 0 0 0 0 0 0 0 0 0 0 0 0 0 0 0 0 0 0 0 0 0 0 0 0 0 0 0 0 0 0 0 0 0 0 0 0 0 0 0 0 0 0 0 0 0 0 0 0 0 0 0 0 0 0 0 0 0 0 0 0 0 0 0 0 0 0 0 0 0 0 0 0 0 0 0 0 0 0 0 0 0 0 0 0 0 0 0 0
INFO:tensorflow:input_mask: 1 1 1 1 1 1 1 1 1 1 1 1 1 1 1 1 1 1 1 1 1 1 1 1 1 1 1 1 1 1 1 1 1 0 0 0 0 0 0 0 0 0 0 0 0 0 0 0 0 0 0 0 0 0 0 0 0 0 0 0 0 0 0 0 0 0 0 0 0 0 0 0 0 0 0 0 0 0 0 0 0 0 0 0 0 0 0 0 0 0 0 0 0 0 0 0 0 0 0 0 0 0 0 0 0 0 0 0 0 0 0 0 0 0 0 0 0 0 0 0 0 0 0 0 0 0 0 0
I1103 03:41:38.270753 47977143239744 create_pretraining_data.py:161] input_mask: 1 1 1 1 1 1 1 1 1 1 1 1 1 1 1 1 1 1 1 1 1 1 1 1 1 1 1 1 1 1 1 1 1 0 0 0 0 0 0 0 0 0 0 0 0 0 0 0 0 0 0 0 0 0 0 0 0 0 0 0 0 0 0 0 0 0 0 0 0 0 0 0 0 0 0 0 0 0 0 0 0 0 0 0 0 0 0 0 0 0 0 0 0 0 0 0 0 0 0 0 0 0 0 0 0 0 0 0 0 0 0 0 0 0 0 0 0 0 0 0 0 0 0 0 0 0 0 0
INFO:tensorflow:segment_ids: 0 0 0 0 0 0 0 0 0 0 0 0 0 0 0 0 0 0 0 0 1 1 1 1 1 1 1 1 1 1 1 1 1 0 0 0 0 0 0 0 0 0 0 0 0 0 0 0 0 0 0 0 0 0 0 0 0 0 0 0 0 0 0 0 0 0 0 0 0 0 0 0 0 0 0 0 0 0 0 0 0 0 0 0 0 0 0 0 0 0 0 0 0 0 0 0 0 0 0 0 0 0 0 0 0 0 0 0 0 0 0 0 0 0 0 0 0 0 0 0 0 0 0 0 0 0 0 0
I1103 03:41:38.270911 47977143239744 create_pretraining_data.py:161] segment_ids: 0 0 0 0 0 0 0 0 0 0 0 0 0 0 0 0 0 0 0 0 1 1 1 1 1 1 1 1 1 1 1 1 1 0 0 0 0 0 0 0 0 0 0 0 0 0 0 0 0 0 0 0 0 0 0 0 0 0 0 0 0 0 0 0 0 0 0 0 0 0 0 0 0 0 0 0 0 0 0 0 0 0 0 0 0 0 0 0 0 0 0 0 0 0 0 0 0 0 0 0 0 0 0 0 0 0 0 0 0 0 0 0 0 0 0 0 0 0 0 0 0 0 0 0 0 0 0 0
INFO:tensorflow:masked_lm_positions: 3 8 11 12 15 0 0 0 0 0 0 0 0 0 0 0 0 0 0 0
I1103 03:41:38.271032 47977143239744 create_pretraining_data.py:161] masked_lm_positions: 3 8 11 12 15 0 0 0 0 0 0 0 0 0 0 0 0 0 0 0
INFO:tensorflow:masked_lm_ids: 2805 4540 13445 3294 9530 0 0 0 0 0 0 0 0 0 0 0 0 0 0 0
I1103 03:41:38.271158 47977143239744 create_pretraining_data.py:161] masked_lm_ids: 2805 4540 13445 3294 9530 0 0 0 0 0 0 0 0 0 0 0 0 0 0 0
INFO:tensorflow:masked_lm_weights: 1.0 1.0 1.0 1.0 1.0 0.0 0.0 0.0 0.0 0.0 0.0 0.0 0.0 0.0 0.0 0.0 0.0 0.0 0.0 0.0
I1103 03:41:38.271281 47977143239744 create_pretraining_data.py:161] masked_lm_weights: 1.0 1.0 1.0 1.0 1.0 0.0 0.0 0.0 0.0 0.0 0.0 0.0 0.0 0.0 0.0 0.0 0.0 0.0 0.0 0.0
INFO:tensorflow:next_sentence_labels: 1
I1103 03:41:38.271392 47977143239744 create_pretraining_data.py:161] next_sentence_labels: 1
INFO:tensorflow:*** Example ***
I1103 03:41:38.271860 47977143239744 create_pretraining_data.py:149] *** Example ***
INFO:tensorflow:tokens: [CLS] [MASK] بتت ##مثل في [MASK] حد يقولي فرحتي ##ني [SEP] برنامج المسلم [MASK] المسلم ##ه اليومي مغرد بذكر الله رتويت [SEP]
I1103 03:41:38.272004 47977143239744 create_pretraining_data.py:151] tokens: [CLS] [MASK] بتت ##مثل في [MASK] حد يقولي فرحتي ##ني [SEP] برنامج المسلم [MASK] المسلم ##ه اليومي مغرد بذكر الله رتويت [SEP]
INFO:tensorflow:input_ids: 2 4 13832 14766 1912 4 2470 24278 24929 1974 3 3189 5945 4 5945 1028 14663 9529 6609 1953 2928 3 0 0 0 0 0 0 0 0 0 0 0 0 0 0 0 0 0 0 0 0 0 0 0 0 0 0 0 0 0 0 0 0 0 0 0 0 0 0 0 0 0 0 0 0 0 0 0 0 0 0 0 0 0 0 0 0 0 0 0 0 0 0 0 0 0 0 0 0 0 0 0 0 0 0 0 0 0 0 0 0 0 0 0 0 0 0 0 0 0 0 0 0 0 0 0 0 0 0 0 0 0 0 0 0 0 0
I1103 03:41:38.272180 47977143239744 create_pretraining_data.py:161] input_ids: 2 4 13832 14766 1912 4 2470 24278 24929 1974 3 3189 5945 4 5945 1028 14663 9529 6609 1953 2928 3 0 0 0 0 0 0 0 0 0 0 0 0 0 0 0 0 0 0 0 0 0 0 0 0 0 0 0 0 0 0 0 0 0 0 0 0 0 0 0 0 0 0 0 0 0 0 0 0 0 0 0 0 0 0 0 0 0 0 0 0 0 0 0 0 0 0 0 0 0 0 0 0 0 0 0 0 0 0 0 0 0 0 0 0 0 0 0 0 0 0 0 0 0 0 0 0 0 0 0 0 0 0 0 0 0 0
INFO:tensorflow:input_mask: 1 1 1 1 1 1 1 1 1 1 1 1 1 1 1 1 1 1 1 1 1 1 0 0 0 0 0 0 0 0 0 0 0 0 0 0 0 0 0 0 0 0 0 0 0 0 0 0 0 0 0 0 0 0 0 0 0 0 0 0 0 0 0 0 0 0 0 0 0 0 0 0 0 0 0 0 0 0 0 0 0 0 0 0 0 0 0 0 0 0 0 0 0 0 0 0 0 0 0 0 0 0 0 0 0 0 0 0 0 0 0 0 0 0 0 0 0 0 0 0 0 0 0 0 0 0 0 0
I1103 03:41:38.272343 47977143239744 create_pretraining_data.py:161] input_mask: 1 1 1 1 1 1 1 1 1 1 1 1 1 1 1 1 1 1 1 1 1 1 0 0 0 0 0 0 0 0 0 0 0 0 0 0 0 0 0 0 0 0 0 0 0 0 0 0 0 0 0 0 0 0 0 0 0 0 0 0 0 0 0 0 0 0 0 0 0 0 0 0 0 0 0 0 0 0 0 0 0 0 0 0 0 0 0 0 0 0 0 0 0 0 0 0 0 0 0 0 0 0 0 0 0 0 0 0 0 0 0 0 0 0 0 0 0 0 0 0 0 0 0 0 0 0 0 0
INFO:tensorflow:segment_ids: 0 0 0 0 0 0 0 0 0 0 0 1 1 1 1 1 1 1 1 1 1 1 0 0 0 0 0 0 0 0 0 0 0 0 0 0 0 0 0 0 0 0 0 0 0 0 0 0 0 0 0 0 0 0 0 0 0 0 0 0 0 0 0 0 0 0 0 0 0 0 0 0 0 0 0 0 0 0 0 0 0 0 0 0 0 0 0 0 0 0 0 0 0 0 0 0 0 0 0 0 0 0 0 0 0 0 0 0 0 0 0 0 0 0 0 0 0 0 0 0 0 0 0 0 0 0 0 0
I1103 03:41:38.272517 47977143239744 create_pretraining_data.py:161] segment_ids: 0 0 0 0 0 0 0 0 0 0 0 1 1 1 1 1 1 1 1 1 1 1 0 0 0 0 0 0 0 0 0 0 0 0 0 0 0 0 0 0 0 0 0 0 0 0 0 0 0 0 0 0 0 0 0 0 0 0 0 0 0 0 0 0 0 0 0 0 0 0 0 0 0 0 0 0 0 0 0 0 0 0 0 0 0 0 0 0 0 0 0 0 0 0 0 0 0 0 0 0 0 0 0 0 0 0 0 0 0 0 0 0 0 0 0 0 0 0 0 0 0 0 0 0 0 0 0 0
INFO:tensorflow:masked_lm_positions: 1 5 13 0 0 0 0 0 0 0 0 0 0 0 0 0 0 0 0 0
I1103 03:41:38.272640 47977143239744 create_pretraining_data.py:161] masked_lm_positions: 1 5 13 0 0 0 0 0 0 0 0 0 0 0 0 0 0 0 0 0
INFO:tensorflow:masked_lm_ids: 17615 1939 415 0 0 0 0 0 0 0 0 0 0 0 0 0 0 0 0 0
I1103 03:41:38.272759 47977143239744 create_pretraining_data.py:161] masked_lm_ids: 17615 1939 415 0 0 0 0 0 0 0 0 0 0 0 0 0 0 0 0 0
INFO:tensorflow:masked_lm_weights: 1.0 1.0 1.0 0.0 0.0 0.0 0.0 0.0 0.0 0.0 0.0 0.0 0.0 0.0 0.0 0.0 0.0 0.0 0.0 0.0
I1103 03:41:38.272881 47977143239744 create_pretraining_data.py:161] masked_lm_weights: 1.0 1.0 1.0 0.0 0.0 0.0 0.0 0.0 0.0 0.0 0.0 0.0 0.0 0.0 0.0 0.0 0.0 0.0 0.0 0.0
INFO:tensorflow:next_sentence_labels: 1
I1103 03:41:38.272993 47977143239744 create_pretraining_data.py:161] next_sentence_labels: 1
INFO:tensorflow:*** Example ***
I1103 03:41:38.273470 47977143239744 create_pretraining_data.py:149] *** Example ***
INFO:tensorflow:tokens: [CLS] اللي ما عنده حبيب يكون حبيب نفسه ويد ##لع يطرح بلا عوا ##ر قلب ورا ##س [SEP] اللهم اتنا [MASK] الدنيا [MASK] و [MASK] الاخره حسنه [MASK] قنا عذاب النار [SEP]
I1103 03:41:38.273621 47977143239744 create_pretraining_data.py:151] tokens: [CLS] اللي ما عنده حبيب يكون حبيب نفسه ويد ##لع يطرح بلا عوا ##ر قلب ورا ##س [SEP] اللهم اتنا [MASK] الدنيا [MASK] و [MASK] الاخره حسنه [MASK] قنا عذاب النار [SEP]
INFO:tensorflow:input_ids: 2 2115 1972 5382 4864 2461 4864 3081 6340 1920 14002 2701 9076 1017 2362 5967 1033 3 2168 17322 4 2859 4 415 4 7889 8552 4 6700 6034 3919 3 0 0 0 0 0 0 0 0 0 0 0 0 0 0 0 0 0 0 0 0 0 0 0 0 0 0 0 0 0 0 0 0 0 0 0 0 0 0 0 0 0 0 0 0 0 0 0 0 0 0 0 0 0 0 0 0 0 0 0 0 0 0 0 0 0 0 0 0 0 0 0 0 0 0 0 0 0 0 0 0 0 0 0 0 0 0 0 0 0 0 0 0 0 0 0 0
I1103 03:41:38.273793 47977143239744 create_pretraining_data.py:161] input_ids: 2 2115 1972 5382 4864 2461 4864 3081 6340 1920 14002 2701 9076 1017 2362 5967 1033 3 2168 17322 4 2859 4 415 4 7889 8552 4 6700 6034 3919 3 0 0 0 0 0 0 0 0 0 0 0 0 0 0 0 0 0 0 0 0 0 0 0 0 0 0 0 0 0 0 0 0 0 0 0 0 0 0 0 0 0 0 0 0 0 0 0 0 0 0 0 0 0 0 0 0 0 0 0 0 0 0 0 0 0 0 0 0 0 0 0 0 0 0 0 0 0 0 0 0 0 0 0 0 0 0 0 0 0 0 0 0 0 0 0 0
INFO:tensorflow:input_mask: 1 1 1 1 1 1 1 1 1 1 1 1 1 1 1 1 1 1 1 1 1 1 1 1 1 1 1 1 1 1 1 1 0 0 0 0 0 0 0 0 0 0 0 0 0 0 0 0 0 0 0 0 0 0 0 0 0 0 0 0 0 0 0 0 0 0 0 0 0 0 0 0 0 0 0 0 0 0 0 0 0 0 0 0 0 0 0 0 0 0 0 0 0 0 0 0 0 0 0 0 0 0 0 0 0 0 0 0 0 0 0 0 0 0 0 0 0 0 0 0 0 0 0 0 0 0 0 0
I1103 03:41:38.273953 47977143239744 create_pretraining_data.py:161] input_mask: 1 1 1 1 1 1 1 1 1 1 1 1 1 1 1 1 1 1 1 1 1 1 1 1 1 1 1 1 1 1 1 1 0 0 0 0 0 0 0 0 0 0 0 0 0 0 0 0 0 0 0 0 0 0 0 0 0 0 0 0 0 0 0 0 0 0 0 0 0 0 0 0 0 0 0 0 0 0 0 0 0 0 0 0 0 0 0 0 0 0 0 0 0 0 0 0 0 0 0 0 0 0 0 0 0 0 0 0 0 0 0 0 0 0 0 0 0 0 0 0 0 0 0 0 0 0 0 0
INFO:tensorflow:segment_ids: 0 0 0 0 0 0 0 0 0 0 0 0 0 0 0 0 0 0 1 1 1 1 1 1 1 1 1 1 1 1 1 1 0 0 0 0 0 0 0 0 0 0 0 0 0 0 0 0 0 0 0 0 0 0 0 0 0 0 0 0 0 0 0 0 0 0 0 0 0 0 0 0 0 0 0 0 0 0 0 0 0 0 0 0 0 0 0 0 0 0 0 0 0 0 0 0 0 0 0 0 0 0 0 0 0 0 0 0 0 0 0 0 0 0 0 0 0 0 0 0 0 0 0 0 0 0 0 0
I1103 03:41:38.274119 47977143239744 create_pretraining_data.py:161] segment_ids: 0 0 0 0 0 0 0 0 0 0 0 0 0 0 0 0 0 0 1 1 1 1 1 1 1 1 1 1 1 1 1 1 0 0 0 0 0 0 0 0 0 0 0 0 0 0 0 0 0 0 0 0 0 0 0 0 0 0 0 0 0 0 0 0 0 0 0 0 0 0 0 0 0 0 0 0 0 0 0 0 0 0 0 0 0 0 0 0 0 0 0 0 0 0 0 0 0 0 0 0 0 0 0 0 0 0 0 0 0 0 0 0 0 0 0 0 0 0 0 0 0 0 0 0 0 0 0 0
INFO:tensorflow:masked_lm_positions: 10 20 22 24 27 0 0 0 0 0 0 0 0 0 0 0 0 0 0 0
I1103 03:41:38.274282 47977143239744 create_pretraining_data.py:161] masked_lm_positions: 10 20 22 24 27 0 0 0 0 0 0 0 0 0 0 0 0 0 0 0
INFO:tensorflow:masked_lm_ids: 3081 1912 8552 1912 415 0 0 0 0 0 0 0 0 0 0 0 0 0 0 0
I1103 03:41:38.274408 47977143239744 create_pretraining_data.py:161] masked_lm_ids: 3081 1912 8552 1912 415 0 0 0 0 0 0 0 0 0 0 0 0 0 0 0
INFO:tensorflow:masked_lm_weights: 1.0 1.0 1.0 1.0 1.0 0.0 0.0 0.0 0.0 0.0 0.0 0.0 0.0 0.0 0.0 0.0 0.0 0.0 0.0 0.0
I1103 03:41:38.274529 47977143239744 create_pretraining_data.py:161] masked_lm_weights: 1.0 1.0 1.0 1.0 1.0 0.0 0.0 0.0 0.0 0.0 0.0 0.0 0.0 0.0 0.0 0.0 0.0 0.0 0.0 0.0
INFO:tensorflow:next_sentence_labels: 1
I1103 03:41:38.274641 47977143239744 create_pretraining_data.py:161] next_sentence_labels: 1
INFO:tensorflow:Wrote 9999240 total instances
I1103 04:44:58.975864 47977143239744 create_pretraining_data.py:166] Wrote 9999240 total instances
