Loading module 'all'
WARNING:tensorflow:From ../bert/create_pretraining_data.py:469: The name tf.app.run is deprecated. Please use tf.compat.v1.app.run instead.

WARNING:tensorflow:From ../bert/create_pretraining_data.py:437: The name tf.logging.set_verbosity is deprecated. Please use tf.compat.v1.logging.set_verbosity instead.

W1103 00:38:52.635973 46959042507840 module_wrapper.py:139] From ../bert/create_pretraining_data.py:437: The name tf.logging.set_verbosity is deprecated. Please use tf.compat.v1.logging.set_verbosity instead.

WARNING:tensorflow:From ../bert/create_pretraining_data.py:437: The name tf.logging.INFO is deprecated. Please use tf.compat.v1.logging.INFO instead.

W1103 00:38:52.636206 46959042507840 module_wrapper.py:139] From ../bert/create_pretraining_data.py:437: The name tf.logging.INFO is deprecated. Please use tf.compat.v1.logging.INFO instead.

WARNING:tensorflow:From /scratch/gi372/CAMeLBERT/bert/tokenization.py:125: The name tf.gfile.GFile is deprecated. Please use tf.io.gfile.GFile instead.

W1103 00:38:52.636412 46959042507840 module_wrapper.py:139] From /scratch/gi372/CAMeLBERT/bert/tokenization.py:125: The name tf.gfile.GFile is deprecated. Please use tf.io.gfile.GFile instead.

WARNING:tensorflow:From ../bert/create_pretraining_data.py:444: The name tf.gfile.Glob is deprecated. Please use tf.io.gfile.glob instead.

W1103 00:38:52.753554 46959042507840 module_wrapper.py:139] From ../bert/create_pretraining_data.py:444: The name tf.gfile.Glob is deprecated. Please use tf.io.gfile.glob instead.

WARNING:tensorflow:From ../bert/create_pretraining_data.py:446: The name tf.logging.info is deprecated. Please use tf.compat.v1.logging.info instead.

W1103 00:38:52.756787 46959042507840 module_wrapper.py:139] From ../bert/create_pretraining_data.py:446: The name tf.logging.info is deprecated. Please use tf.compat.v1.logging.info instead.

INFO:tensorflow:*** Reading from input files ***
I1103 00:38:52.756998 46959042507840 create_pretraining_data.py:446] *** Reading from input files ***
INFO:tensorflow:  ../corpora/shards/DA-ali2019-500m-tweet.bw.ar.lines.shard.017.normalized.sents
I1103 00:38:52.757100 46959042507840 create_pretraining_data.py:448]   ../corpora/shards/DA-ali2019-500m-tweet.bw.ar.lines.shard.017.normalized.sents
INFO:tensorflow:*** Writing to output files ***
I1103 01:19:53.925565 46959042507840 create_pretraining_data.py:457] *** Writing to output files ***
INFO:tensorflow:  ../corpora/tfrecord_wp-30k_msl-128/DA-ali2019-500m-tweet.bw.ar.lines.shard.017.tf_record
I1103 01:19:53.946715 46959042507840 create_pretraining_data.py:459]   ../corpora/tfrecord_wp-30k_msl-128/DA-ali2019-500m-tweet.bw.ar.lines.shard.017.tf_record
WARNING:tensorflow:From ../bert/create_pretraining_data.py:101: The name tf.python_io.TFRecordWriter is deprecated. Please use tf.io.TFRecordWriter instead.

W1103 01:19:53.956543 46959042507840 module_wrapper.py:139] From ../bert/create_pretraining_data.py:101: The name tf.python_io.TFRecordWriter is deprecated. Please use tf.io.TFRecordWriter instead.

INFO:tensorflow:*** Example ***
I1103 01:19:54.008316 46959042507840 create_pretraining_data.py:149] *** Example ***
INFO:tensorflow:tokens: [CLS] هنيئا لمن حافظ علي صلاه الفجر في وقتها وفي مسجد ##ه لم يو ##ق ##ظه [MASK] او تجار ##ه او شركه او مدرسه او جامعه بل [MASK] الرحمن انا ##ر قلبه فح ##رك [MASK] انشر [SEP] اب ##سا ##ل يا اجمل انواع الصبر ليه انتظر [MASK] ادري ان [MASK] [MASK] [MASK] في امل لو انتظر [MASK] العمر [SEP]
I1103 01:19:54.009046 46959042507840 create_pretraining_data.py:151] tokens: [CLS] هنيئا لمن حافظ علي صلاه الفجر في وقتها وفي مسجد ##ه لم يو ##ق ##ظه [MASK] او تجار ##ه او شركه او مدرسه او جامعه بل [MASK] الرحمن انا ##ر قلبه فح ##رك [MASK] انشر [SEP] اب ##سا ##ل يا اجمل انواع الصبر ليه انتظر [MASK] ادري ان [MASK] [MASK] [MASK] في امل لو انتظر [MASK] العمر [SEP]
INFO:tensorflow:input_ids: 2 15849 3043 6813 1958 5094 5817 1912 10712 2427 8830 1028 2043 2724 1011 3620 4 2213 14569 1028 2213 6601 2213 15490 2213 9493 2683 4 4289 2315 1017 6394 5632 1985 4 14608 3 2093 2064 1010 2104 3244 5792 6297 5067 9898 4 8712 1939 4 4 4 1912 6439 2244 9898 4 3867 3 0 0 0 0 0 0 0 0 0 0 0 0 0 0 0 0 0 0 0 0 0 0 0 0 0 0 0 0 0 0 0 0 0 0 0 0 0 0 0 0 0 0 0 0 0 0 0 0 0 0 0 0 0 0 0 0 0 0 0 0 0 0 0 0 0 0 0 0 0
I1103 01:19:54.010115 46959042507840 create_pretraining_data.py:161] input_ids: 2 15849 3043 6813 1958 5094 5817 1912 10712 2427 8830 1028 2043 2724 1011 3620 4 2213 14569 1028 2213 6601 2213 15490 2213 9493 2683 4 4289 2315 1017 6394 5632 1985 4 14608 3 2093 2064 1010 2104 3244 5792 6297 5067 9898 4 8712 1939 4 4 4 1912 6439 2244 9898 4 3867 3 0 0 0 0 0 0 0 0 0 0 0 0 0 0 0 0 0 0 0 0 0 0 0 0 0 0 0 0 0 0 0 0 0 0 0 0 0 0 0 0 0 0 0 0 0 0 0 0 0 0 0 0 0 0 0 0 0 0 0 0 0 0 0 0 0 0 0 0 0
INFO:tensorflow:input_mask: 1 1 1 1 1 1 1 1 1 1 1 1 1 1 1 1 1 1 1 1 1 1 1 1 1 1 1 1 1 1 1 1 1 1 1 1 1 1 1 1 1 1 1 1 1 1 1 1 1 1 1 1 1 1 1 1 1 1 1 0 0 0 0 0 0 0 0 0 0 0 0 0 0 0 0 0 0 0 0 0 0 0 0 0 0 0 0 0 0 0 0 0 0 0 0 0 0 0 0 0 0 0 0 0 0 0 0 0 0 0 0 0 0 0 0 0 0 0 0 0 0 0 0 0 0 0 0 0
I1103 01:19:54.010361 46959042507840 create_pretraining_data.py:161] input_mask: 1 1 1 1 1 1 1 1 1 1 1 1 1 1 1 1 1 1 1 1 1 1 1 1 1 1 1 1 1 1 1 1 1 1 1 1 1 1 1 1 1 1 1 1 1 1 1 1 1 1 1 1 1 1 1 1 1 1 1 0 0 0 0 0 0 0 0 0 0 0 0 0 0 0 0 0 0 0 0 0 0 0 0 0 0 0 0 0 0 0 0 0 0 0 0 0 0 0 0 0 0 0 0 0 0 0 0 0 0 0 0 0 0 0 0 0 0 0 0 0 0 0 0 0 0 0 0 0
INFO:tensorflow:segment_ids: 0 0 0 0 0 0 0 0 0 0 0 0 0 0 0 0 0 0 0 0 0 0 0 0 0 0 0 0 0 0 0 0 0 0 0 0 0 1 1 1 1 1 1 1 1 1 1 1 1 1 1 1 1 1 1 1 1 1 1 0 0 0 0 0 0 0 0 0 0 0 0 0 0 0 0 0 0 0 0 0 0 0 0 0 0 0 0 0 0 0 0 0 0 0 0 0 0 0 0 0 0 0 0 0 0 0 0 0 0 0 0 0 0 0 0 0 0 0 0 0 0 0 0 0 0 0 0 0
I1103 01:19:54.010576 46959042507840 create_pretraining_data.py:161] segment_ids: 0 0 0 0 0 0 0 0 0 0 0 0 0 0 0 0 0 0 0 0 0 0 0 0 0 0 0 0 0 0 0 0 0 0 0 0 0 1 1 1 1 1 1 1 1 1 1 1 1 1 1 1 1 1 1 1 1 1 1 0 0 0 0 0 0 0 0 0 0 0 0 0 0 0 0 0 0 0 0 0 0 0 0 0 0 0 0 0 0 0 0 0 0 0 0 0 0 0 0 0 0 0 0 0 0 0 0 0 0 0 0 0 0 0 0 0 0 0 0 0 0 0 0 0 0 0 0 0
INFO:tensorflow:masked_lm_positions: 16 27 34 35 46 49 50 51 56 0 0 0 0 0 0 0 0 0 0 0
I1103 01:19:54.010743 46959042507840 create_pretraining_data.py:161] masked_lm_positions: 16 27 34 35 46 49 50 51 56 0 0 0 0 0 0 0 0 0 0 0
INFO:tensorflow:masked_lm_ids: 15281 3151 16211 2379 3257 1912 27279 1972 2038 0 0 0 0 0 0 0 0 0 0 0
I1103 01:19:54.010891 46959042507840 create_pretraining_data.py:161] masked_lm_ids: 15281 3151 16211 2379 3257 1912 27279 1972 2038 0 0 0 0 0 0 0 0 0 0 0
INFO:tensorflow:masked_lm_weights: 1.0 1.0 1.0 1.0 1.0 1.0 1.0 1.0 1.0 0.0 0.0 0.0 0.0 0.0 0.0 0.0 0.0 0.0 0.0 0.0
I1103 01:19:54.011980 46959042507840 create_pretraining_data.py:161] masked_lm_weights: 1.0 1.0 1.0 1.0 1.0 1.0 1.0 1.0 1.0 0.0 0.0 0.0 0.0 0.0 0.0 0.0 0.0 0.0 0.0 0.0
INFO:tensorflow:next_sentence_labels: 1
I1103 01:19:54.012151 46959042507840 create_pretraining_data.py:161] next_sentence_labels: 1
INFO:tensorflow:*** Example ***
I1103 01:19:54.013224 46959042507840 create_pretraining_data.py:149] *** Example ***
INFO:tensorflow:tokens: [CLS] لان ##ستطيع دائما حما ##ي من نحب ل [MASK] [MASK] [MASK] بان ند ##عي ل م بان يحفظ م الله من ل شر [SEP] بدايه سبب طلاق زوجه [MASK] رصيدك وينه اك ##ادم ##ي ملت ##زم وهم كلهم التلفزيوني جنب ##ها [SEP]
I1103 01:19:54.013438 46959042507840 create_pretraining_data.py:151] tokens: [CLS] لان ##ستطيع دائما حما ##ي من نحب ل [MASK] [MASK] [MASK] بان ند ##عي ل م بان يحفظ م الله من ل شر [SEP] بدايه سبب طلاق زوجه [MASK] رصيدك وينه اك ##ادم ##ي ملت ##زم وهم كلهم التلفزيوني جنب ##ها [SEP]
INFO:tensorflow:input_ids: 2 2551 15348 3357 3493 1013 1908 6825 411 4 4 4 2768 3911 2203 411 412 2768 7169 412 1953 1908 411 2980 3 6037 4364 24982 18344 4 3602 25611 3678 3645 1013 3734 2741 4009 8371 26824 8717 1913 3 0 0 0 0 0 0 0 0 0 0 0 0 0 0 0 0 0 0 0 0 0 0 0 0 0 0 0 0 0 0 0 0 0 0 0 0 0 0 0 0 0 0 0 0 0 0 0 0 0 0 0 0 0 0 0 0 0 0 0 0 0 0 0 0 0 0 0 0 0 0 0 0 0 0 0 0 0 0 0 0 0 0 0 0 0
I1103 01:19:54.013677 46959042507840 create_pretraining_data.py:161] input_ids: 2 2551 15348 3357 3493 1013 1908 6825 411 4 4 4 2768 3911 2203 411 412 2768 7169 412 1953 1908 411 2980 3 6037 4364 24982 18344 4 3602 25611 3678 3645 1013 3734 2741 4009 8371 26824 8717 1913 3 0 0 0 0 0 0 0 0 0 0 0 0 0 0 0 0 0 0 0 0 0 0 0 0 0 0 0 0 0 0 0 0 0 0 0 0 0 0 0 0 0 0 0 0 0 0 0 0 0 0 0 0 0 0 0 0 0 0 0 0 0 0 0 0 0 0 0 0 0 0 0 0 0 0 0 0 0 0 0 0 0 0 0 0 0
INFO:tensorflow:input_mask: 1 1 1 1 1 1 1 1 1 1 1 1 1 1 1 1 1 1 1 1 1 1 1 1 1 1 1 1 1 1 1 1 1 1 1 1 1 1 1 1 1 1 1 0 0 0 0 0 0 0 0 0 0 0 0 0 0 0 0 0 0 0 0 0 0 0 0 0 0 0 0 0 0 0 0 0 0 0 0 0 0 0 0 0 0 0 0 0 0 0 0 0 0 0 0 0 0 0 0 0 0 0 0 0 0 0 0 0 0 0 0 0 0 0 0 0 0 0 0 0 0 0 0 0 0 0 0 0
I1103 01:19:54.013910 46959042507840 create_pretraining_data.py:161] input_mask: 1 1 1 1 1 1 1 1 1 1 1 1 1 1 1 1 1 1 1 1 1 1 1 1 1 1 1 1 1 1 1 1 1 1 1 1 1 1 1 1 1 1 1 0 0 0 0 0 0 0 0 0 0 0 0 0 0 0 0 0 0 0 0 0 0 0 0 0 0 0 0 0 0 0 0 0 0 0 0 0 0 0 0 0 0 0 0 0 0 0 0 0 0 0 0 0 0 0 0 0 0 0 0 0 0 0 0 0 0 0 0 0 0 0 0 0 0 0 0 0 0 0 0 0 0 0 0 0
INFO:tensorflow:segment_ids: 0 0 0 0 0 0 0 0 0 0 0 0 0 0 0 0 0 0 0 0 0 0 0 0 0 1 1 1 1 1 1 1 1 1 1 1 1 1 1 1 1 1 1 0 0 0 0 0 0 0 0 0 0 0 0 0 0 0 0 0 0 0 0 0 0 0 0 0 0 0 0 0 0 0 0 0 0 0 0 0 0 0 0 0 0 0 0 0 0 0 0 0 0 0 0 0 0 0 0 0 0 0 0 0 0 0 0 0 0 0 0 0 0 0 0 0 0 0 0 0 0 0 0 0 0 0 0 0
I1103 01:19:54.014116 46959042507840 create_pretraining_data.py:161] segment_ids: 0 0 0 0 0 0 0 0 0 0 0 0 0 0 0 0 0 0 0 0 0 0 0 0 0 1 1 1 1 1 1 1 1 1 1 1 1 1 1 1 1 1 1 0 0 0 0 0 0 0 0 0 0 0 0 0 0 0 0 0 0 0 0 0 0 0 0 0 0 0 0 0 0 0 0 0 0 0 0 0 0 0 0 0 0 0 0 0 0 0 0 0 0 0 0 0 0 0 0 0 0 0 0 0 0 0 0 0 0 0 0 0 0 0 0 0 0 0 0 0 0 0 0 0 0 0 0 0
INFO:tensorflow:masked_lm_positions: 9 10 11 29 31 39 0 0 0 0 0 0 0 0 0 0 0 0 0 0
I1103 01:19:54.014267 46959042507840 create_pretraining_data.py:161] masked_lm_positions: 9 10 11 29 31 39 0 0 0 0 0 0 0 0 0 0 0 0 0 0
INFO:tensorflow:masked_lm_ids: 7105 1007 12271 3477 5017 1908 0 0 0 0 0 0 0 0 0 0 0 0 0 0
I1103 01:19:54.014413 46959042507840 create_pretraining_data.py:161] masked_lm_ids: 7105 1007 12271 3477 5017 1908 0 0 0 0 0 0 0 0 0 0 0 0 0 0
INFO:tensorflow:masked_lm_weights: 1.0 1.0 1.0 1.0 1.0 1.0 0.0 0.0 0.0 0.0 0.0 0.0 0.0 0.0 0.0 0.0 0.0 0.0 0.0 0.0
I1103 01:19:54.014562 46959042507840 create_pretraining_data.py:161] masked_lm_weights: 1.0 1.0 1.0 1.0 1.0 1.0 0.0 0.0 0.0 0.0 0.0 0.0 0.0 0.0 0.0 0.0 0.0 0.0 0.0 0.0
INFO:tensorflow:next_sentence_labels: 1
I1103 01:19:54.014708 46959042507840 create_pretraining_data.py:161] next_sentence_labels: 1
INFO:tensorflow:*** Example ***
I1103 01:19:54.015784 46959042507840 create_pretraining_data.py:149] *** Example ***
INFO:tensorflow:tokens: [CLS] تغريده اعجبتني السالفه عارفين اتم ##وت في مهد ##ها [MASK] [MASK] [MASK] [MASK] منش ##ان [MASK] مجال من شك به ##ل الثقه والله فلا ##هو قدها يلقي ##لمات علي شك ##ه بلي ##ا سؤال [SEP] فيديو 160 ##12 ##3 تي ##فان ##ي من [MASK] [MASK] في السناب شات [SEP]
I1103 01:19:54.015958 46959042507840 create_pretraining_data.py:151] tokens: [CLS] تغريده اعجبتني السالفه عارفين اتم ##وت في مهد ##ها [MASK] [MASK] [MASK] [MASK] منش ##ان [MASK] مجال من شك به ##ل الثقه والله فلا ##هو قدها يلقي ##لمات علي شك ##ه بلي ##ا سؤال [SEP] فيديو 160 ##12 ##3 تي ##فان ##ي من [MASK] [MASK] في السناب شات [SEP]
INFO:tensorflow:input_ids: 2 8997 24405 26037 19641 19549 2054 1912 13796 1913 4 4 4 4 7870 1906 4 3697 1908 3023 2249 1010 10118 2706 2828 2871 28916 16324 4144 1958 3023 1028 9365 1007 5099 3 3507 13830 4977 1076 5103 11317 1013 1908 4 4 1912 17330 6136 3 0 0 0 0 0 0 0 0 0 0 0 0 0 0 0 0 0 0 0 0 0 0 0 0 0 0 0 0 0 0 0 0 0 0 0 0 0 0 0 0 0 0 0 0 0 0 0 0 0 0 0 0 0 0 0 0 0 0 0 0 0 0 0 0 0 0 0 0 0 0 0 0 0 0 0 0 0 0
I1103 01:19:54.016135 46959042507840 create_pretraining_data.py:161] input_ids: 2 8997 24405 26037 19641 19549 2054 1912 13796 1913 4 4 4 4 7870 1906 4 3697 1908 3023 2249 1010 10118 2706 2828 2871 28916 16324 4144 1958 3023 1028 9365 1007 5099 3 3507 13830 4977 1076 5103 11317 1013 1908 4 4 1912 17330 6136 3 0 0 0 0 0 0 0 0 0 0 0 0 0 0 0 0 0 0 0 0 0 0 0 0 0 0 0 0 0 0 0 0 0 0 0 0 0 0 0 0 0 0 0 0 0 0 0 0 0 0 0 0 0 0 0 0 0 0 0 0 0 0 0 0 0 0 0 0 0 0 0 0 0 0 0 0 0 0
INFO:tensorflow:input_mask: 1 1 1 1 1 1 1 1 1 1 1 1 1 1 1 1 1 1 1 1 1 1 1 1 1 1 1 1 1 1 1 1 1 1 1 1 1 1 1 1 1 1 1 1 1 1 1 1 1 1 0 0 0 0 0 0 0 0 0 0 0 0 0 0 0 0 0 0 0 0 0 0 0 0 0 0 0 0 0 0 0 0 0 0 0 0 0 0 0 0 0 0 0 0 0 0 0 0 0 0 0 0 0 0 0 0 0 0 0 0 0 0 0 0 0 0 0 0 0 0 0 0 0 0 0 0 0 0
I1103 01:19:54.016309 46959042507840 create_pretraining_data.py:161] input_mask: 1 1 1 1 1 1 1 1 1 1 1 1 1 1 1 1 1 1 1 1 1 1 1 1 1 1 1 1 1 1 1 1 1 1 1 1 1 1 1 1 1 1 1 1 1 1 1 1 1 1 0 0 0 0 0 0 0 0 0 0 0 0 0 0 0 0 0 0 0 0 0 0 0 0 0 0 0 0 0 0 0 0 0 0 0 0 0 0 0 0 0 0 0 0 0 0 0 0 0 0 0 0 0 0 0 0 0 0 0 0 0 0 0 0 0 0 0 0 0 0 0 0 0 0 0 0 0 0
INFO:tensorflow:segment_ids: 0 0 0 0 0 0 0 0 0 0 0 0 0 0 0 0 0 0 0 0 0 0 0 0 0 0 0 0 0 0 0 0 0 0 0 0 1 1 1 1 1 1 1 1 1 1 1 1 1 1 0 0 0 0 0 0 0 0 0 0 0 0 0 0 0 0 0 0 0 0 0 0 0 0 0 0 0 0 0 0 0 0 0 0 0 0 0 0 0 0 0 0 0 0 0 0 0 0 0 0 0 0 0 0 0 0 0 0 0 0 0 0 0 0 0 0 0 0 0 0 0 0 0 0 0 0 0 0
I1103 01:19:54.016461 46959042507840 create_pretraining_data.py:161] segment_ids: 0 0 0 0 0 0 0 0 0 0 0 0 0 0 0 0 0 0 0 0 0 0 0 0 0 0 0 0 0 0 0 0 0 0 0 0 1 1 1 1 1 1 1 1 1 1 1 1 1 1 0 0 0 0 0 0 0 0 0 0 0 0 0 0 0 0 0 0 0 0 0 0 0 0 0 0 0 0 0 0 0 0 0 0 0 0 0 0 0 0 0 0 0 0 0 0 0 0 0 0 0 0 0 0 0 0 0 0 0 0 0 0 0 0 0 0 0 0 0 0 0 0 0 0 0 0 0 0
INFO:tensorflow:masked_lm_positions: 10 11 12 13 16 28 44 45 0 0 0 0 0 0 0 0 0 0 0 0
I1103 01:19:54.016574 46959042507840 create_pretraining_data.py:161] masked_lm_positions: 10 11 12 13 16 28 44 45 0 0 0 0 0 0 0 0 0 0 0 0
INFO:tensorflow:masked_lm_ids: 14694 1007 27985 9701 9257 13980 8193 3144 0 0 0 0 0 0 0 0 0 0 0 0
I1103 01:19:54.016690 46959042507840 create_pretraining_data.py:161] masked_lm_ids: 14694 1007 27985 9701 9257 13980 8193 3144 0 0 0 0 0 0 0 0 0 0 0 0
INFO:tensorflow:masked_lm_weights: 1.0 1.0 1.0 1.0 1.0 1.0 1.0 1.0 0.0 0.0 0.0 0.0 0.0 0.0 0.0 0.0 0.0 0.0 0.0 0.0
I1103 01:19:54.016803 46959042507840 create_pretraining_data.py:161] masked_lm_weights: 1.0 1.0 1.0 1.0 1.0 1.0 1.0 1.0 0.0 0.0 0.0 0.0 0.0 0.0 0.0 0.0 0.0 0.0 0.0 0.0
INFO:tensorflow:next_sentence_labels: 1
I1103 01:19:54.016903 46959042507840 create_pretraining_data.py:161] next_sentence_labels: 1
INFO:tensorflow:*** Example ***
I1103 01:19:54.017676 46959042507840 create_pretraining_data.py:149] *** Example ***
INFO:tensorflow:tokens: [CLS] الرجل حين يعشق يعود طفلا الجواز الانثي حين تعشق تصبح اما قروب الكتل ##وني [MASK] [SEP] علمتني سوره الكهف [MASK] [MASK] علاج للن ##سيان هو الاك ##ثار من ذكر [MASK] واذكر ربك اذا نسيت سوره الكهف [SEP]
I1103 01:19:54.017833 46959042507840 create_pretraining_data.py:151] tokens: [CLS] الرجل حين يعشق يعود طفلا الجواز الانثي حين تعشق تصبح اما قروب الكتل ##وني [MASK] [SEP] علمتني سوره الكهف [MASK] [MASK] علاج للن ##سيان هو الاك ##ثار من ذكر [MASK] واذكر ربك اذا نسيت سوره الكهف [SEP]
INFO:tensorflow:input_ids: 2 4069 2823 15338 5609 16815 22695 13359 2823 18805 5973 3910 2543 24558 2399 4 3 16957 6311 10478 4 4 4430 3484 8972 2139 8590 4920 1908 3097 4 16751 5903 2387 10195 6311 10478 3 0 0 0 0 0 0 0 0 0 0 0 0 0 0 0 0 0 0 0 0 0 0 0 0 0 0 0 0 0 0 0 0 0 0 0 0 0 0 0 0 0 0 0 0 0 0 0 0 0 0 0 0 0 0 0 0 0 0 0 0 0 0 0 0 0 0 0 0 0 0 0 0 0 0 0 0 0 0 0 0 0 0 0 0 0 0 0 0 0 0
I1103 01:19:54.018006 46959042507840 create_pretraining_data.py:161] input_ids: 2 4069 2823 15338 5609 16815 22695 13359 2823 18805 5973 3910 2543 24558 2399 4 3 16957 6311 10478 4 4 4430 3484 8972 2139 8590 4920 1908 3097 4 16751 5903 2387 10195 6311 10478 3 0 0 0 0 0 0 0 0 0 0 0 0 0 0 0 0 0 0 0 0 0 0 0 0 0 0 0 0 0 0 0 0 0 0 0 0 0 0 0 0 0 0 0 0 0 0 0 0 0 0 0 0 0 0 0 0 0 0 0 0 0 0 0 0 0 0 0 0 0 0 0 0 0 0 0 0 0 0 0 0 0 0 0 0 0 0 0 0 0 0
INFO:tensorflow:input_mask: 1 1 1 1 1 1 1 1 1 1 1 1 1 1 1 1 1 1 1 1 1 1 1 1 1 1 1 1 1 1 1 1 1 1 1 1 1 1 0 0 0 0 0 0 0 0 0 0 0 0 0 0 0 0 0 0 0 0 0 0 0 0 0 0 0 0 0 0 0 0 0 0 0 0 0 0 0 0 0 0 0 0 0 0 0 0 0 0 0 0 0 0 0 0 0 0 0 0 0 0 0 0 0 0 0 0 0 0 0 0 0 0 0 0 0 0 0 0 0 0 0 0 0 0 0 0 0 0
I1103 01:19:54.018177 46959042507840 create_pretraining_data.py:161] input_mask: 1 1 1 1 1 1 1 1 1 1 1 1 1 1 1 1 1 1 1 1 1 1 1 1 1 1 1 1 1 1 1 1 1 1 1 1 1 1 0 0 0 0 0 0 0 0 0 0 0 0 0 0 0 0 0 0 0 0 0 0 0 0 0 0 0 0 0 0 0 0 0 0 0 0 0 0 0 0 0 0 0 0 0 0 0 0 0 0 0 0 0 0 0 0 0 0 0 0 0 0 0 0 0 0 0 0 0 0 0 0 0 0 0 0 0 0 0 0 0 0 0 0 0 0 0 0 0 0
INFO:tensorflow:segment_ids: 0 0 0 0 0 0 0 0 0 0 0 0 0 0 0 0 0 1 1 1 1 1 1 1 1 1 1 1 1 1 1 1 1 1 1 1 1 1 0 0 0 0 0 0 0 0 0 0 0 0 0 0 0 0 0 0 0 0 0 0 0 0 0 0 0 0 0 0 0 0 0 0 0 0 0 0 0 0 0 0 0 0 0 0 0 0 0 0 0 0 0 0 0 0 0 0 0 0 0 0 0 0 0 0 0 0 0 0 0 0 0 0 0 0 0 0 0 0 0 0 0 0 0 0 0 0 0 0
I1103 01:19:54.018331 46959042507840 create_pretraining_data.py:161] segment_ids: 0 0 0 0 0 0 0 0 0 0 0 0 0 0 0 0 0 1 1 1 1 1 1 1 1 1 1 1 1 1 1 1 1 1 1 1 1 1 0 0 0 0 0 0 0 0 0 0 0 0 0 0 0 0 0 0 0 0 0 0 0 0 0 0 0 0 0 0 0 0 0 0 0 0 0 0 0 0 0 0 0 0 0 0 0 0 0 0 0 0 0 0 0 0 0 0 0 0 0 0 0 0 0 0 0 0 0 0 0 0 0 0 0 0 0 0 0 0 0 0 0 0 0 0 0 0 0 0
INFO:tensorflow:masked_lm_positions: 3 6 15 20 21 30 0 0 0 0 0 0 0 0 0 0 0 0 0 0
I1103 01:19:54.018446 46959042507840 create_pretraining_data.py:161] masked_lm_positions: 3 6 15 20 21 30 0 0 0 0 0 0 0 0 0 0 0 0 0 0
INFO:tensorflow:masked_lm_ids: 15338 415 2679 2615 6082 1953 0 0 0 0 0 0 0 0 0 0 0 0 0 0
I1103 01:19:54.018554 46959042507840 create_pretraining_data.py:161] masked_lm_ids: 15338 415 2679 2615 6082 1953 0 0 0 0 0 0 0 0 0 0 0 0 0 0
INFO:tensorflow:masked_lm_weights: 1.0 1.0 1.0 1.0 1.0 1.0 0.0 0.0 0.0 0.0 0.0 0.0 0.0 0.0 0.0 0.0 0.0 0.0 0.0 0.0
I1103 01:19:54.018673 46959042507840 create_pretraining_data.py:161] masked_lm_weights: 1.0 1.0 1.0 1.0 1.0 1.0 0.0 0.0 0.0 0.0 0.0 0.0 0.0 0.0 0.0 0.0 0.0 0.0 0.0 0.0
INFO:tensorflow:next_sentence_labels: 1
I1103 01:19:54.018774 46959042507840 create_pretraining_data.py:161] next_sentence_labels: 1
INFO:tensorflow:*** Example ***
I1103 01:19:54.019555 46959042507840 create_pretraining_data.py:149] *** Example ***
INFO:tensorflow:tokens: [CLS] طبعا مدير المخابرات [MASK] [MASK] علي قف ##اه ورجع بعد فشل مفاوضات ##ه مع السيسي للا ##فراج [MASK] [MASK] الاس ##طول [MASK] الامريكي الاسي ##ر [SEP] اصبحنا [MASK] الملك لله وحده لاش ##ريك له له Sc وله الحمد وهو علي كل شيء قدير [SEP]
I1103 01:19:54.019722 46959042507840 create_pretraining_data.py:151] tokens: [CLS] طبعا مدير المخابرات [MASK] [MASK] علي قف ##اه ورجع بعد فشل مفاوضات ##ه مع السيسي للا ##فراج [MASK] [MASK] الاس ##طول [MASK] الامريكي الاسي ##ر [SEP] اصبحنا [MASK] الملك لله وحده لاش ##ريك له له Sc وله الحمد وهو علي كل شيء قدير [SEP]
INFO:tensorflow:input_ids: 2 8191 3615 12834 4 4 1958 14292 2030 27081 2089 9015 13232 1028 1973 7847 2383 26945 4 4 2295 7724 4 10384 23050 1017 3 8161 4 2676 2784 4435 15313 2783 2154 2154 20552 4983 2807 2400 1958 2038 2621 8171 3 0 0 0 0 0 0 0 0 0 0 0 0 0 0 0 0 0 0 0 0 0 0 0 0 0 0 0 0 0 0 0 0 0 0 0 0 0 0 0 0 0 0 0 0 0 0 0 0 0 0 0 0 0 0 0 0 0 0 0 0 0 0 0 0 0 0 0 0 0 0 0 0 0 0 0 0 0 0 0 0 0 0 0
I1103 01:19:54.019895 46959042507840 create_pretraining_data.py:161] input_ids: 2 8191 3615 12834 4 4 1958 14292 2030 27081 2089 9015 13232 1028 1973 7847 2383 26945 4 4 2295 7724 4 10384 23050 1017 3 8161 4 2676 2784 4435 15313 2783 2154 2154 20552 4983 2807 2400 1958 2038 2621 8171 3 0 0 0 0 0 0 0 0 0 0 0 0 0 0 0 0 0 0 0 0 0 0 0 0 0 0 0 0 0 0 0 0 0 0 0 0 0 0 0 0 0 0 0 0 0 0 0 0 0 0 0 0 0 0 0 0 0 0 0 0 0 0 0 0 0 0 0 0 0 0 0 0 0 0 0 0 0 0 0 0 0 0 0
INFO:tensorflow:input_mask: 1 1 1 1 1 1 1 1 1 1 1 1 1 1 1 1 1 1 1 1 1 1 1 1 1 1 1 1 1 1 1 1 1 1 1 1 1 1 1 1 1 1 1 1 1 0 0 0 0 0 0 0 0 0 0 0 0 0 0 0 0 0 0 0 0 0 0 0 0 0 0 0 0 0 0 0 0 0 0 0 0 0 0 0 0 0 0 0 0 0 0 0 0 0 0 0 0 0 0 0 0 0 0 0 0 0 0 0 0 0 0 0 0 0 0 0 0 0 0 0 0 0 0 0 0 0 0 0
I1103 01:19:54.020066 46959042507840 create_pretraining_data.py:161] input_mask: 1 1 1 1 1 1 1 1 1 1 1 1 1 1 1 1 1 1 1 1 1 1 1 1 1 1 1 1 1 1 1 1 1 1 1 1 1 1 1 1 1 1 1 1 1 0 0 0 0 0 0 0 0 0 0 0 0 0 0 0 0 0 0 0 0 0 0 0 0 0 0 0 0 0 0 0 0 0 0 0 0 0 0 0 0 0 0 0 0 0 0 0 0 0 0 0 0 0 0 0 0 0 0 0 0 0 0 0 0 0 0 0 0 0 0 0 0 0 0 0 0 0 0 0 0 0 0 0
INFO:tensorflow:segment_ids: 0 0 0 0 0 0 0 0 0 0 0 0 0 0 0 0 0 0 0 0 0 0 0 0 0 0 0 1 1 1 1 1 1 1 1 1 1 1 1 1 1 1 1 1 1 0 0 0 0 0 0 0 0 0 0 0 0 0 0 0 0 0 0 0 0 0 0 0 0 0 0 0 0 0 0 0 0 0 0 0 0 0 0 0 0 0 0 0 0 0 0 0 0 0 0 0 0 0 0 0 0 0 0 0 0 0 0 0 0 0 0 0 0 0 0 0 0 0 0 0 0 0 0 0 0 0 0 0
I1103 01:19:54.020220 46959042507840 create_pretraining_data.py:161] segment_ids: 0 0 0 0 0 0 0 0 0 0 0 0 0 0 0 0 0 0 0 0 0 0 0 0 0 0 0 1 1 1 1 1 1 1 1 1 1 1 1 1 1 1 1 1 1 0 0 0 0 0 0 0 0 0 0 0 0 0 0 0 0 0 0 0 0 0 0 0 0 0 0 0 0 0 0 0 0 0 0 0 0 0 0 0 0 0 0 0 0 0 0 0 0 0 0 0 0 0 0 0 0 0 0 0 0 0 0 0 0 0 0 0 0 0 0 0 0 0 0 0 0 0 0 0 0 0 0 0
INFO:tensorflow:masked_lm_positions: 4 5 18 19 22 28 36 0 0 0 0 0 0 0 0 0 0 0 0 0
I1103 01:19:54.020331 46959042507840 create_pretraining_data.py:161] masked_lm_positions: 4 5 18 19 22 28 36 0 0 0 0 0 0 0 0 0 0 0 0 0
INFO:tensorflow:masked_lm_ids: 15318 9197 1955 6041 6400 9864 2676 0 0 0 0 0 0 0 0 0 0 0 0 0
I1103 01:19:54.020439 46959042507840 create_pretraining_data.py:161] masked_lm_ids: 15318 9197 1955 6041 6400 9864 2676 0 0 0 0 0 0 0 0 0 0 0 0 0
INFO:tensorflow:masked_lm_weights: 1.0 1.0 1.0 1.0 1.0 1.0 1.0 0.0 0.0 0.0 0.0 0.0 0.0 0.0 0.0 0.0 0.0 0.0 0.0 0.0
I1103 01:19:54.020550 46959042507840 create_pretraining_data.py:161] masked_lm_weights: 1.0 1.0 1.0 1.0 1.0 1.0 1.0 0.0 0.0 0.0 0.0 0.0 0.0 0.0 0.0 0.0 0.0 0.0 0.0 0.0
INFO:tensorflow:next_sentence_labels: 1
I1103 01:19:54.020657 46959042507840 create_pretraining_data.py:161] next_sentence_labels: 1
INFO:tensorflow:*** Example ***
I1103 01:19:54.021380 46959042507840 create_pretraining_data.py:149] *** Example ***
INFO:tensorflow:tokens: [CLS] مفاج ##ات كاس الملك حتي الان 1 الحزم يخرج ##نع 2 النجوم يخرج نجران 3 المج ##زل [MASK] [MASK] 4 [MASK] يخرج الدرع ##يه [SEP] اذا ارت ##قت [MASK] با فك ##ارها [MASK] الال ##سن بحد ##ي ##ثه ##ا [SEP]
I1103 01:19:54.021534 46959042507840 create_pretraining_data.py:151] tokens: [CLS] مفاج ##ات كاس الملك حتي الان 1 الحزم يخرج ##نع 2 النجوم يخرج نجران 3 المج ##زل [MASK] [MASK] 4 [MASK] يخرج الدرع ##يه [SEP] اذا ارت ##قت [MASK] با فك ##ارها [MASK] الال ##سن بحد ##ي ##ثه ##ا [SEP]
INFO:tensorflow:input_ids: 2 8789 1904 5668 2676 2627 2311 21 8386 7271 3102 22 8206 7271 7107 23 2265 2596 4 4 24 4 7271 16160 1988 3 2387 3137 2039 4 2156 4399 7602 4 2747 2513 12769 1013 7135 1007 3 0 0 0 0 0 0 0 0 0 0 0 0 0 0 0 0 0 0 0 0 0 0 0 0 0 0 0 0 0 0 0 0 0 0 0 0 0 0 0 0 0 0 0 0 0 0 0 0 0 0 0 0 0 0 0 0 0 0 0 0 0 0 0 0 0 0 0 0 0 0 0 0 0 0 0 0 0 0 0 0 0 0 0 0 0 0 0
I1103 01:19:54.021711 46959042507840 create_pretraining_data.py:161] input_ids: 2 8789 1904 5668 2676 2627 2311 21 8386 7271 3102 22 8206 7271 7107 23 2265 2596 4 4 24 4 7271 16160 1988 3 2387 3137 2039 4 2156 4399 7602 4 2747 2513 12769 1013 7135 1007 3 0 0 0 0 0 0 0 0 0 0 0 0 0 0 0 0 0 0 0 0 0 0 0 0 0 0 0 0 0 0 0 0 0 0 0 0 0 0 0 0 0 0 0 0 0 0 0 0 0 0 0 0 0 0 0 0 0 0 0 0 0 0 0 0 0 0 0 0 0 0 0 0 0 0 0 0 0 0 0 0 0 0 0 0 0 0 0
INFO:tensorflow:input_mask: 1 1 1 1 1 1 1 1 1 1 1 1 1 1 1 1 1 1 1 1 1 1 1 1 1 1 1 1 1 1 1 1 1 1 1 1 1 1 1 1 1 0 0 0 0 0 0 0 0 0 0 0 0 0 0 0 0 0 0 0 0 0 0 0 0 0 0 0 0 0 0 0 0 0 0 0 0 0 0 0 0 0 0 0 0 0 0 0 0 0 0 0 0 0 0 0 0 0 0 0 0 0 0 0 0 0 0 0 0 0 0 0 0 0 0 0 0 0 0 0 0 0 0 0 0 0 0 0
I1103 01:19:54.021866 46959042507840 create_pretraining_data.py:161] input_mask: 1 1 1 1 1 1 1 1 1 1 1 1 1 1 1 1 1 1 1 1 1 1 1 1 1 1 1 1 1 1 1 1 1 1 1 1 1 1 1 1 1 0 0 0 0 0 0 0 0 0 0 0 0 0 0 0 0 0 0 0 0 0 0 0 0 0 0 0 0 0 0 0 0 0 0 0 0 0 0 0 0 0 0 0 0 0 0 0 0 0 0 0 0 0 0 0 0 0 0 0 0 0 0 0 0 0 0 0 0 0 0 0 0 0 0 0 0 0 0 0 0 0 0 0 0 0 0 0
INFO:tensorflow:segment_ids: 0 0 0 0 0 0 0 0 0 0 0 0 0 0 0 0 0 0 0 0 0 0 0 0 0 0 1 1 1 1 1 1 1 1 1 1 1 1 1 1 1 0 0 0 0 0 0 0 0 0 0 0 0 0 0 0 0 0 0 0 0 0 0 0 0 0 0 0 0 0 0 0 0 0 0 0 0 0 0 0 0 0 0 0 0 0 0 0 0 0 0 0 0 0 0 0 0 0 0 0 0 0 0 0 0 0 0 0 0 0 0 0 0 0 0 0 0 0 0 0 0 0 0 0 0 0 0 0
I1103 01:19:54.022032 46959042507840 create_pretraining_data.py:161] segment_ids: 0 0 0 0 0 0 0 0 0 0 0 0 0 0 0 0 0 0 0 0 0 0 0 0 0 0 1 1 1 1 1 1 1 1 1 1 1 1 1 1 1 0 0 0 0 0 0 0 0 0 0 0 0 0 0 0 0 0 0 0 0 0 0 0 0 0 0 0 0 0 0 0 0 0 0 0 0 0 0 0 0 0 0 0 0 0 0 0 0 0 0 0 0 0 0 0 0 0 0 0 0 0 0 0 0 0 0 0 0 0 0 0 0 0 0 0 0 0 0 0 0 0 0 0 0 0 0 0
INFO:tensorflow:masked_lm_positions: 10 18 19 21 29 33 0 0 0 0 0 0 0 0 0 0 0 0 0 0
I1103 01:19:54.022142 46959042507840 create_pretraining_data.py:161] masked_lm_positions: 10 18 19 21 29 33 0 0 0 0 0 0 0 0 0 0 0 0 0 0
INFO:tensorflow:masked_lm_ids: 10000 7271 4209 3059 12070 22819 0 0 0 0 0 0 0 0 0 0 0 0 0 0
I1103 01:19:54.022248 46959042507840 create_pretraining_data.py:161] masked_lm_ids: 10000 7271 4209 3059 12070 22819 0 0 0 0 0 0 0 0 0 0 0 0 0 0
INFO:tensorflow:masked_lm_weights: 1.0 1.0 1.0 1.0 1.0 1.0 0.0 0.0 0.0 0.0 0.0 0.0 0.0 0.0 0.0 0.0 0.0 0.0 0.0 0.0
I1103 01:19:54.022358 46959042507840 create_pretraining_data.py:161] masked_lm_weights: 1.0 1.0 1.0 1.0 1.0 1.0 0.0 0.0 0.0 0.0 0.0 0.0 0.0 0.0 0.0 0.0 0.0 0.0 0.0 0.0
INFO:tensorflow:next_sentence_labels: 1
I1103 01:19:54.022458 46959042507840 create_pretraining_data.py:161] next_sentence_labels: 1
INFO:tensorflow:*** Example ***
I1103 01:19:54.023164 46959042507840 create_pretraining_data.py:149] *** Example ***
INFO:tensorflow:tokens: [CLS] [MASK] من [MASK] ما شئت لكنك ست ##خرج منها كما جئت لذا از ##رع لنفسك جميلا فم ##تي ما [MASK] [MASK] يبقي اثر ##ك [SEP] بطل ##نا نر ##ضي بج ##فاك ##م او [MASK] [MASK] عايشين لان ##فسنا مو لكم والدنيا ملي ##انه [MASK] [SEP]
I1103 01:19:54.023321 46959042507840 create_pretraining_data.py:151] tokens: [CLS] [MASK] من [MASK] ما شئت لكنك ست ##خرج منها كما جئت لذا از ##رع لنفسك جميلا فم ##تي ما [MASK] [MASK] يبقي اثر ##ك [SEP] بطل ##نا نر ##ضي بج ##فاك ##م او [MASK] [MASK] عايشين لان ##فسنا مو لكم والدنيا ملي ##انه [MASK] [SEP]
INFO:tensorflow:input_ids: 2 4 1908 4 1972 10959 20121 2333 3161 2813 2306 21987 5432 3780 4178 9991 9656 7163 2005 1972 4 4 5849 6390 1014 3 7894 1914 12147 2412 2821 13877 1015 2213 4 4 28492 2551 9458 2481 3406 19327 2612 3336 4 3 0 0 0 0 0 0 0 0 0 0 0 0 0 0 0 0 0 0 0 0 0 0 0 0 0 0 0 0 0 0 0 0 0 0 0 0 0 0 0 0 0 0 0 0 0 0 0 0 0 0 0 0 0 0 0 0 0 0 0 0 0 0 0 0 0 0 0 0 0 0 0 0 0 0 0 0 0 0 0 0 0 0
I1103 01:19:54.023489 46959042507840 create_pretraining_data.py:161] input_ids: 2 4 1908 4 1972 10959 20121 2333 3161 2813 2306 21987 5432 3780 4178 9991 9656 7163 2005 1972 4 4 5849 6390 1014 3 7894 1914 12147 2412 2821 13877 1015 2213 4 4 28492 2551 9458 2481 3406 19327 2612 3336 4 3 0 0 0 0 0 0 0 0 0 0 0 0 0 0 0 0 0 0 0 0 0 0 0 0 0 0 0 0 0 0 0 0 0 0 0 0 0 0 0 0 0 0 0 0 0 0 0 0 0 0 0 0 0 0 0 0 0 0 0 0 0 0 0 0 0 0 0 0 0 0 0 0 0 0 0 0 0 0 0 0 0 0
INFO:tensorflow:input_mask: 1 1 1 1 1 1 1 1 1 1 1 1 1 1 1 1 1 1 1 1 1 1 1 1 1 1 1 1 1 1 1 1 1 1 1 1 1 1 1 1 1 1 1 1 1 1 0 0 0 0 0 0 0 0 0 0 0 0 0 0 0 0 0 0 0 0 0 0 0 0 0 0 0 0 0 0 0 0 0 0 0 0 0 0 0 0 0 0 0 0 0 0 0 0 0 0 0 0 0 0 0 0 0 0 0 0 0 0 0 0 0 0 0 0 0 0 0 0 0 0 0 0 0 0 0 0 0 0
I1103 01:19:54.023648 46959042507840 create_pretraining_data.py:161] input_mask: 1 1 1 1 1 1 1 1 1 1 1 1 1 1 1 1 1 1 1 1 1 1 1 1 1 1 1 1 1 1 1 1 1 1 1 1 1 1 1 1 1 1 1 1 1 1 0 0 0 0 0 0 0 0 0 0 0 0 0 0 0 0 0 0 0 0 0 0 0 0 0 0 0 0 0 0 0 0 0 0 0 0 0 0 0 0 0 0 0 0 0 0 0 0 0 0 0 0 0 0 0 0 0 0 0 0 0 0 0 0 0 0 0 0 0 0 0 0 0 0 0 0 0 0 0 0 0 0
INFO:tensorflow:segment_ids: 0 0 0 0 0 0 0 0 0 0 0 0 0 0 0 0 0 0 0 0 0 0 0 0 0 0 1 1 1 1 1 1 1 1 1 1 1 1 1 1 1 1 1 1 1 1 0 0 0 0 0 0 0 0 0 0 0 0 0 0 0 0 0 0 0 0 0 0 0 0 0 0 0 0 0 0 0 0 0 0 0 0 0 0 0 0 0 0 0 0 0 0 0 0 0 0 0 0 0 0 0 0 0 0 0 0 0 0 0 0 0 0 0 0 0 0 0 0 0 0 0 0 0 0 0 0 0 0
I1103 01:19:54.023816 46959042507840 create_pretraining_data.py:161] segment_ids: 0 0 0 0 0 0 0 0 0 0 0 0 0 0 0 0 0 0 0 0 0 0 0 0 0 0 1 1 1 1 1 1 1 1 1 1 1 1 1 1 1 1 1 1 1 1 0 0 0 0 0 0 0 0 0 0 0 0 0 0 0 0 0 0 0 0 0 0 0 0 0 0 0 0 0 0 0 0 0 0 0 0 0 0 0 0 0 0 0 0 0 0 0 0 0 0 0 0 0 0 0 0 0 0 0 0 0 0 0 0 0 0 0 0 0 0 0 0 0 0 0 0 0 0 0 0 0 0
INFO:tensorflow:masked_lm_positions: 1 3 20 21 34 35 44 0 0 0 0 0 0 0 0 0 0 0 0 0
I1103 01:19:54.023931 46959042507840 create_pretraining_data.py:161] masked_lm_positions: 1 3 20 21 34 35 44 0 0 0 0 0 0 0 0 0 0 0 0 0
INFO:tensorflow:masked_lm_ids: 16370 2859 14746 1005 2894 2018 3970 0 0 0 0 0 0 0 0 0 0 0 0 0
I1103 01:19:54.024039 46959042507840 create_pretraining_data.py:161] masked_lm_ids: 16370 2859 14746 1005 2894 2018 3970 0 0 0 0 0 0 0 0 0 0 0 0 0
INFO:tensorflow:masked_lm_weights: 1.0 1.0 1.0 1.0 1.0 1.0 1.0 0.0 0.0 0.0 0.0 0.0 0.0 0.0 0.0 0.0 0.0 0.0 0.0 0.0
I1103 01:19:54.024149 46959042507840 create_pretraining_data.py:161] masked_lm_weights: 1.0 1.0 1.0 1.0 1.0 1.0 1.0 0.0 0.0 0.0 0.0 0.0 0.0 0.0 0.0 0.0 0.0 0.0 0.0 0.0
INFO:tensorflow:next_sentence_labels: 1
I1103 01:19:54.024248 46959042507840 create_pretraining_data.py:161] next_sentence_labels: 1
INFO:tensorflow:*** Example ***
I1103 01:19:54.024953 46959042507840 create_pretraining_data.py:149] *** Example ***
INFO:tensorflow:tokens: [CLS] كلهم متش ##ابه ##ون كن مختلفا [SEP] اوسع كلمه هي [MASK] ارق كلمه [MASK] الحنان اعز كلمه هي الامل اسرع كلمه هي الوقت اصدق بالذهب [MASK] الواقع افضل كلمه ##ị المسا ##واه [SEP]
I1103 01:19:54.025104 46959042507840 create_pretraining_data.py:151] tokens: [CLS] كلهم متش ##ابه ##ون كن مختلفا [SEP] اوسع كلمه هي [MASK] ارق كلمه [MASK] الحنان اعز كلمه هي الامل اسرع كلمه هي الوقت اصدق بالذهب [MASK] الواقع افضل كلمه ##ị المسا ##واه [SEP]
INFO:tensorflow:input_ids: 2 8371 17496 2738 1922 3181 27171 3 20402 4478 2247 4 24244 4478 4 29293 14287 4478 2247 6535 12124 4478 2247 3021 6845 29220 4 4915 2931 4478 1804 4750 5106 3 0 0 0 0 0 0 0 0 0 0 0 0 0 0 0 0 0 0 0 0 0 0 0 0 0 0 0 0 0 0 0 0 0 0 0 0 0 0 0 0 0 0 0 0 0 0 0 0 0 0 0 0 0 0 0 0 0 0 0 0 0 0 0 0 0 0 0 0 0 0 0 0 0 0 0 0 0 0 0 0 0 0 0 0 0 0 0 0 0 0 0 0 0 0
I1103 01:19:54.025273 46959042507840 create_pretraining_data.py:161] input_ids: 2 8371 17496 2738 1922 3181 27171 3 20402 4478 2247 4 24244 4478 4 29293 14287 4478 2247 6535 12124 4478 2247 3021 6845 29220 4 4915 2931 4478 1804 4750 5106 3 0 0 0 0 0 0 0 0 0 0 0 0 0 0 0 0 0 0 0 0 0 0 0 0 0 0 0 0 0 0 0 0 0 0 0 0 0 0 0 0 0 0 0 0 0 0 0 0 0 0 0 0 0 0 0 0 0 0 0 0 0 0 0 0 0 0 0 0 0 0 0 0 0 0 0 0 0 0 0 0 0 0 0 0 0 0 0 0 0 0 0 0 0 0
INFO:tensorflow:input_mask: 1 1 1 1 1 1 1 1 1 1 1 1 1 1 1 1 1 1 1 1 1 1 1 1 1 1 1 1 1 1 1 1 1 1 0 0 0 0 0 0 0 0 0 0 0 0 0 0 0 0 0 0 0 0 0 0 0 0 0 0 0 0 0 0 0 0 0 0 0 0 0 0 0 0 0 0 0 0 0 0 0 0 0 0 0 0 0 0 0 0 0 0 0 0 0 0 0 0 0 0 0 0 0 0 0 0 0 0 0 0 0 0 0 0 0 0 0 0 0 0 0 0 0 0 0 0 0 0
I1103 01:19:54.025427 46959042507840 create_pretraining_data.py:161] input_mask: 1 1 1 1 1 1 1 1 1 1 1 1 1 1 1 1 1 1 1 1 1 1 1 1 1 1 1 1 1 1 1 1 1 1 0 0 0 0 0 0 0 0 0 0 0 0 0 0 0 0 0 0 0 0 0 0 0 0 0 0 0 0 0 0 0 0 0 0 0 0 0 0 0 0 0 0 0 0 0 0 0 0 0 0 0 0 0 0 0 0 0 0 0 0 0 0 0 0 0 0 0 0 0 0 0 0 0 0 0 0 0 0 0 0 0 0 0 0 0 0 0 0 0 0 0 0 0 0
INFO:tensorflow:segment_ids: 0 0 0 0 0 0 0 0 1 1 1 1 1 1 1 1 1 1 1 1 1 1 1 1 1 1 1 1 1 1 1 1 1 1 0 0 0 0 0 0 0 0 0 0 0 0 0 0 0 0 0 0 0 0 0 0 0 0 0 0 0 0 0 0 0 0 0 0 0 0 0 0 0 0 0 0 0 0 0 0 0 0 0 0 0 0 0 0 0 0 0 0 0 0 0 0 0 0 0 0 0 0 0 0 0 0 0 0 0 0 0 0 0 0 0 0 0 0 0 0 0 0 0 0 0 0 0 0
I1103 01:19:54.025578 46959042507840 create_pretraining_data.py:161] segment_ids: 0 0 0 0 0 0 0 0 1 1 1 1 1 1 1 1 1 1 1 1 1 1 1 1 1 1 1 1 1 1 1 1 1 1 0 0 0 0 0 0 0 0 0 0 0 0 0 0 0 0 0 0 0 0 0 0 0 0 0 0 0 0 0 0 0 0 0 0 0 0 0 0 0 0 0 0 0 0 0 0 0 0 0 0 0 0 0 0 0 0 0 0 0 0 0 0 0 0 0 0 0 0 0 0 0 0 0 0 0 0 0 0 0 0 0 0 0 0 0 0 0 0 0 0 0 0 0 0
INFO:tensorflow:masked_lm_positions: 11 14 25 26 30 0 0 0 0 0 0 0 0 0 0 0 0 0 0 0
I1103 01:19:54.025725 46959042507840 create_pretraining_data.py:161] masked_lm_positions: 11 14 25 26 30 0 0 0 0 0 0 0 0 0 0 0 0 0 0 0
INFO:tensorflow:masked_lm_ids: 12032 2247 4478 2247 2247 0 0 0 0 0 0 0 0 0 0 0 0 0 0 0
I1103 01:19:54.025818 46959042507840 create_pretraining_data.py:161] masked_lm_ids: 12032 2247 4478 2247 2247 0 0 0 0 0 0 0 0 0 0 0 0 0 0 0
INFO:tensorflow:masked_lm_weights: 1.0 1.0 1.0 1.0 1.0 0.0 0.0 0.0 0.0 0.0 0.0 0.0 0.0 0.0 0.0 0.0 0.0 0.0 0.0 0.0
I1103 01:19:54.025913 46959042507840 create_pretraining_data.py:161] masked_lm_weights: 1.0 1.0 1.0 1.0 1.0 0.0 0.0 0.0 0.0 0.0 0.0 0.0 0.0 0.0 0.0 0.0 0.0 0.0 0.0 0.0
INFO:tensorflow:next_sentence_labels: 1
I1103 01:19:54.025997 46959042507840 create_pretraining_data.py:161] next_sentence_labels: 1
INFO:tensorflow:*** Example ***
I1103 01:19:54.026574 46959042507840 create_pretraining_data.py:149] *** Example ***
INFO:tensorflow:tokens: [CLS] مات ##قول ##ش علي نفسك كده انت جمي ##ييل [SEP] [MASK] عيني [MASK] [SEP]
I1103 01:19:54.026699 46959042507840 create_pretraining_data.py:151] tokens: [CLS] مات ##قول ##ش علي نفسك كده انت جمي ##ييل [SEP] [MASK] عيني [MASK] [SEP]
INFO:tensorflow:input_ids: 2 3019 2730 1034 1958 3665 6388 2164 3248 16161 3 4 4606 4 3 0 0 0 0 0 0 0 0 0 0 0 0 0 0 0 0 0 0 0 0 0 0 0 0 0 0 0 0 0 0 0 0 0 0 0 0 0 0 0 0 0 0 0 0 0 0 0 0 0 0 0 0 0 0 0 0 0 0 0 0 0 0 0 0 0 0 0 0 0 0 0 0 0 0 0 0 0 0 0 0 0 0 0 0 0 0 0 0 0 0 0 0 0 0 0 0 0 0 0 0 0 0 0 0 0 0 0 0 0 0 0 0 0
I1103 01:19:54.026838 46959042507840 create_pretraining_data.py:161] input_ids: 2 3019 2730 1034 1958 3665 6388 2164 3248 16161 3 4 4606 4 3 0 0 0 0 0 0 0 0 0 0 0 0 0 0 0 0 0 0 0 0 0 0 0 0 0 0 0 0 0 0 0 0 0 0 0 0 0 0 0 0 0 0 0 0 0 0 0 0 0 0 0 0 0 0 0 0 0 0 0 0 0 0 0 0 0 0 0 0 0 0 0 0 0 0 0 0 0 0 0 0 0 0 0 0 0 0 0 0 0 0 0 0 0 0 0 0 0 0 0 0 0 0 0 0 0 0 0 0 0 0 0 0 0
INFO:tensorflow:input_mask: 1 1 1 1 1 1 1 1 1 1 1 1 1 1 1 0 0 0 0 0 0 0 0 0 0 0 0 0 0 0 0 0 0 0 0 0 0 0 0 0 0 0 0 0 0 0 0 0 0 0 0 0 0 0 0 0 0 0 0 0 0 0 0 0 0 0 0 0 0 0 0 0 0 0 0 0 0 0 0 0 0 0 0 0 0 0 0 0 0 0 0 0 0 0 0 0 0 0 0 0 0 0 0 0 0 0 0 0 0 0 0 0 0 0 0 0 0 0 0 0 0 0 0 0 0 0 0 0
I1103 01:19:54.026966 46959042507840 create_pretraining_data.py:161] input_mask: 1 1 1 1 1 1 1 1 1 1 1 1 1 1 1 0 0 0 0 0 0 0 0 0 0 0 0 0 0 0 0 0 0 0 0 0 0 0 0 0 0 0 0 0 0 0 0 0 0 0 0 0 0 0 0 0 0 0 0 0 0 0 0 0 0 0 0 0 0 0 0 0 0 0 0 0 0 0 0 0 0 0 0 0 0 0 0 0 0 0 0 0 0 0 0 0 0 0 0 0 0 0 0 0 0 0 0 0 0 0 0 0 0 0 0 0 0 0 0 0 0 0 0 0 0 0 0 0
INFO:tensorflow:segment_ids: 0 0 0 0 0 0 0 0 0 0 0 1 1 1 1 0 0 0 0 0 0 0 0 0 0 0 0 0 0 0 0 0 0 0 0 0 0 0 0 0 0 0 0 0 0 0 0 0 0 0 0 0 0 0 0 0 0 0 0 0 0 0 0 0 0 0 0 0 0 0 0 0 0 0 0 0 0 0 0 0 0 0 0 0 0 0 0 0 0 0 0 0 0 0 0 0 0 0 0 0 0 0 0 0 0 0 0 0 0 0 0 0 0 0 0 0 0 0 0 0 0 0 0 0 0 0 0 0
I1103 01:19:54.027089 46959042507840 create_pretraining_data.py:161] segment_ids: 0 0 0 0 0 0 0 0 0 0 0 1 1 1 1 0 0 0 0 0 0 0 0 0 0 0 0 0 0 0 0 0 0 0 0 0 0 0 0 0 0 0 0 0 0 0 0 0 0 0 0 0 0 0 0 0 0 0 0 0 0 0 0 0 0 0 0 0 0 0 0 0 0 0 0 0 0 0 0 0 0 0 0 0 0 0 0 0 0 0 0 0 0 0 0 0 0 0 0 0 0 0 0 0 0 0 0 0 0 0 0 0 0 0 0 0 0 0 0 0 0 0 0 0 0 0 0 0
INFO:tensorflow:masked_lm_positions: 11 13 0 0 0 0 0 0 0 0 0 0 0 0 0 0 0 0 0 0
I1103 01:19:54.027183 46959042507840 create_pretraining_data.py:161] masked_lm_positions: 11 13 0 0 0 0 0 0 0 0 0 0 0 0 0 0 0 0 0 0
INFO:tensorflow:masked_lm_ids: 3772 29581 0 0 0 0 0 0 0 0 0 0 0 0 0 0 0 0 0 0
I1103 01:19:54.027272 46959042507840 create_pretraining_data.py:161] masked_lm_ids: 3772 29581 0 0 0 0 0 0 0 0 0 0 0 0 0 0 0 0 0 0
INFO:tensorflow:masked_lm_weights: 1.0 1.0 0.0 0.0 0.0 0.0 0.0 0.0 0.0 0.0 0.0 0.0 0.0 0.0 0.0 0.0 0.0 0.0 0.0 0.0
I1103 01:19:54.027364 46959042507840 create_pretraining_data.py:161] masked_lm_weights: 1.0 1.0 0.0 0.0 0.0 0.0 0.0 0.0 0.0 0.0 0.0 0.0 0.0 0.0 0.0 0.0 0.0 0.0 0.0 0.0
INFO:tensorflow:next_sentence_labels: 1
I1103 01:19:54.027462 46959042507840 create_pretraining_data.py:161] next_sentence_labels: 1
INFO:tensorflow:*** Example ***
I1103 01:19:54.028072 46959042507840 create_pretraining_data.py:149] *** Example ***
INFO:tensorflow:tokens: [CLS] هدوء الليل [MASK] بنا الي [MASK] لن تعود ويح ##رك فينا شعور الاشتياق وهو كفيل بان [MASK] زوايا بالقلب اصبحت مهم ##له [SEP] اشع ##لت يدي لك شم ##عا وانا [MASK] وذا ##ب الشم ##ع [MASK] نار الانتظار وانته [MASK] تاتي ولم ترسل خبر [SEP]
I1103 01:19:54.028203 46959042507840 create_pretraining_data.py:151] tokens: [CLS] هدوء الليل [MASK] بنا الي [MASK] لن تعود ويح ##رك فينا شعور الاشتياق وهو كفيل بان [MASK] زوايا بالقلب اصبحت مهم ##له [SEP] اشع ##لت يدي لك شم ##عا وانا [MASK] وذا ##ب الشم ##ع [MASK] نار الانتظار وانته [MASK] تاتي ولم ترسل خبر [SEP]
INFO:tensorflow:input_ids: 2 13190 3792 4 3122 2002 4 2404 6103 6203 1985 7591 5443 25430 2400 22726 2768 4 28952 20641 7762 4649 1917 3 29455 1919 7580 2278 6577 2185 3257 4 29069 1045 5399 1009 4 6361 11374 14490 4 11112 2743 19159 4781 3 0 0 0 0 0 0 0 0 0 0 0 0 0 0 0 0 0 0 0 0 0 0 0 0 0 0 0 0 0 0 0 0 0 0 0 0 0 0 0 0 0 0 0 0 0 0 0 0 0 0 0 0 0 0 0 0 0 0 0 0 0 0 0 0 0 0 0 0 0 0 0 0 0 0 0 0 0 0 0 0 0 0
I1103 01:19:54.028352 46959042507840 create_pretraining_data.py:161] input_ids: 2 13190 3792 4 3122 2002 4 2404 6103 6203 1985 7591 5443 25430 2400 22726 2768 4 28952 20641 7762 4649 1917 3 29455 1919 7580 2278 6577 2185 3257 4 29069 1045 5399 1009 4 6361 11374 14490 4 11112 2743 19159 4781 3 0 0 0 0 0 0 0 0 0 0 0 0 0 0 0 0 0 0 0 0 0 0 0 0 0 0 0 0 0 0 0 0 0 0 0 0 0 0 0 0 0 0 0 0 0 0 0 0 0 0 0 0 0 0 0 0 0 0 0 0 0 0 0 0 0 0 0 0 0 0 0 0 0 0 0 0 0 0 0 0 0 0
INFO:tensorflow:input_mask: 1 1 1 1 1 1 1 1 1 1 1 1 1 1 1 1 1 1 1 1 1 1 1 1 1 1 1 1 1 1 1 1 1 1 1 1 1 1 1 1 1 1 1 1 1 1 0 0 0 0 0 0 0 0 0 0 0 0 0 0 0 0 0 0 0 0 0 0 0 0 0 0 0 0 0 0 0 0 0 0 0 0 0 0 0 0 0 0 0 0 0 0 0 0 0 0 0 0 0 0 0 0 0 0 0 0 0 0 0 0 0 0 0 0 0 0 0 0 0 0 0 0 0 0 0 0 0 0
I1103 01:19:54.028481 46959042507840 create_pretraining_data.py:161] input_mask: 1 1 1 1 1 1 1 1 1 1 1 1 1 1 1 1 1 1 1 1 1 1 1 1 1 1 1 1 1 1 1 1 1 1 1 1 1 1 1 1 1 1 1 1 1 1 0 0 0 0 0 0 0 0 0 0 0 0 0 0 0 0 0 0 0 0 0 0 0 0 0 0 0 0 0 0 0 0 0 0 0 0 0 0 0 0 0 0 0 0 0 0 0 0 0 0 0 0 0 0 0 0 0 0 0 0 0 0 0 0 0 0 0 0 0 0 0 0 0 0 0 0 0 0 0 0 0 0
INFO:tensorflow:segment_ids: 0 0 0 0 0 0 0 0 0 0 0 0 0 0 0 0 0 0 0 0 0 0 0 0 1 1 1 1 1 1 1 1 1 1 1 1 1 1 1 1 1 1 1 1 1 1 0 0 0 0 0 0 0 0 0 0 0 0 0 0 0 0 0 0 0 0 0 0 0 0 0 0 0 0 0 0 0 0 0 0 0 0 0 0 0 0 0 0 0 0 0 0 0 0 0 0 0 0 0 0 0 0 0 0 0 0 0 0 0 0 0 0 0 0 0 0 0 0 0 0 0 0 0 0 0 0 0 0
I1103 01:19:54.028612 46959042507840 create_pretraining_data.py:161] segment_ids: 0 0 0 0 0 0 0 0 0 0 0 0 0 0 0 0 0 0 0 0 0 0 0 0 1 1 1 1 1 1 1 1 1 1 1 1 1 1 1 1 1 1 1 1 1 1 0 0 0 0 0 0 0 0 0 0 0 0 0 0 0 0 0 0 0 0 0 0 0 0 0 0 0 0 0 0 0 0 0 0 0 0 0 0 0 0 0 0 0 0 0 0 0 0 0 0 0 0 0 0 0 0 0 0 0 0 0 0 0 0 0 0 0 0 0 0 0 0 0 0 0 0 0 0 0 0 0 0
INFO:tensorflow:masked_lm_positions: 3 6 17 31 36 39 40 0 0 0 0 0 0 0 0 0 0 0 0 0
I1103 01:19:54.028707 46959042507840 create_pretraining_data.py:161] masked_lm_positions: 3 6 17 31 36 39 40 0 0 0 0 0 0 0 0 0 0 0 0 0
INFO:tensorflow:masked_lm_ids: 5609 12313 26952 9898 1908 14490 2043 0 0 0 0 0 0 0 0 0 0 0 0 0
I1103 01:19:54.028797 46959042507840 create_pretraining_data.py:161] masked_lm_ids: 5609 12313 26952 9898 1908 14490 2043 0 0 0 0 0 0 0 0 0 0 0 0 0
INFO:tensorflow:masked_lm_weights: 1.0 1.0 1.0 1.0 1.0 1.0 1.0 0.0 0.0 0.0 0.0 0.0 0.0 0.0 0.0 0.0 0.0 0.0 0.0 0.0
I1103 01:19:54.028890 46959042507840 create_pretraining_data.py:161] masked_lm_weights: 1.0 1.0 1.0 1.0 1.0 1.0 1.0 0.0 0.0 0.0 0.0 0.0 0.0 0.0 0.0 0.0 0.0 0.0 0.0 0.0
INFO:tensorflow:next_sentence_labels: 1
I1103 01:19:54.028987 46959042507840 create_pretraining_data.py:161] next_sentence_labels: 1
INFO:tensorflow:*** Example ***
I1103 01:19:54.029573 46959042507840 create_pretraining_data.py:149] *** Example ***
INFO:tensorflow:tokens: [CLS] تعال وسك ##ت ظن ##وني [SEP] ثلاثه يع نن ##ي قاع [MASK] [MASK] علي [SEP]
I1103 01:19:54.029699 46959042507840 create_pretraining_data.py:151] tokens: [CLS] تعال وسك ##ت ظن ##وني [SEP] ثلاثه يع نن ##ي قاع [MASK] [MASK] علي [SEP]
INFO:tensorflow:input_ids: 2 7124 26330 1005 8393 2399 3 10129 2170 7105 1013 20235 4 4 1958 3 0 0 0 0 0 0 0 0 0 0 0 0 0 0 0 0 0 0 0 0 0 0 0 0 0 0 0 0 0 0 0 0 0 0 0 0 0 0 0 0 0 0 0 0 0 0 0 0 0 0 0 0 0 0 0 0 0 0 0 0 0 0 0 0 0 0 0 0 0 0 0 0 0 0 0 0 0 0 0 0 0 0 0 0 0 0 0 0 0 0 0 0 0 0 0 0 0 0 0 0 0 0 0 0 0 0 0 0 0 0 0 0
I1103 01:19:54.029836 46959042507840 create_pretraining_data.py:161] input_ids: 2 7124 26330 1005 8393 2399 3 10129 2170 7105 1013 20235 4 4 1958 3 0 0 0 0 0 0 0 0 0 0 0 0 0 0 0 0 0 0 0 0 0 0 0 0 0 0 0 0 0 0 0 0 0 0 0 0 0 0 0 0 0 0 0 0 0 0 0 0 0 0 0 0 0 0 0 0 0 0 0 0 0 0 0 0 0 0 0 0 0 0 0 0 0 0 0 0 0 0 0 0 0 0 0 0 0 0 0 0 0 0 0 0 0 0 0 0 0 0 0 0 0 0 0 0 0 0 0 0 0 0 0 0
INFO:tensorflow:input_mask: 1 1 1 1 1 1 1 1 1 1 1 1 1 1 1 1 0 0 0 0 0 0 0 0 0 0 0 0 0 0 0 0 0 0 0 0 0 0 0 0 0 0 0 0 0 0 0 0 0 0 0 0 0 0 0 0 0 0 0 0 0 0 0 0 0 0 0 0 0 0 0 0 0 0 0 0 0 0 0 0 0 0 0 0 0 0 0 0 0 0 0 0 0 0 0 0 0 0 0 0 0 0 0 0 0 0 0 0 0 0 0 0 0 0 0 0 0 0 0 0 0 0 0 0 0 0 0 0
I1103 01:19:54.029966 46959042507840 create_pretraining_data.py:161] input_mask: 1 1 1 1 1 1 1 1 1 1 1 1 1 1 1 1 0 0 0 0 0 0 0 0 0 0 0 0 0 0 0 0 0 0 0 0 0 0 0 0 0 0 0 0 0 0 0 0 0 0 0 0 0 0 0 0 0 0 0 0 0 0 0 0 0 0 0 0 0 0 0 0 0 0 0 0 0 0 0 0 0 0 0 0 0 0 0 0 0 0 0 0 0 0 0 0 0 0 0 0 0 0 0 0 0 0 0 0 0 0 0 0 0 0 0 0 0 0 0 0 0 0 0 0 0 0 0 0
INFO:tensorflow:segment_ids: 0 0 0 0 0 0 0 1 1 1 1 1 1 1 1 1 0 0 0 0 0 0 0 0 0 0 0 0 0 0 0 0 0 0 0 0 0 0 0 0 0 0 0 0 0 0 0 0 0 0 0 0 0 0 0 0 0 0 0 0 0 0 0 0 0 0 0 0 0 0 0 0 0 0 0 0 0 0 0 0 0 0 0 0 0 0 0 0 0 0 0 0 0 0 0 0 0 0 0 0 0 0 0 0 0 0 0 0 0 0 0 0 0 0 0 0 0 0 0 0 0 0 0 0 0 0 0 0
I1103 01:19:54.030092 46959042507840 create_pretraining_data.py:161] segment_ids: 0 0 0 0 0 0 0 1 1 1 1 1 1 1 1 1 0 0 0 0 0 0 0 0 0 0 0 0 0 0 0 0 0 0 0 0 0 0 0 0 0 0 0 0 0 0 0 0 0 0 0 0 0 0 0 0 0 0 0 0 0 0 0 0 0 0 0 0 0 0 0 0 0 0 0 0 0 0 0 0 0 0 0 0 0 0 0 0 0 0 0 0 0 0 0 0 0 0 0 0 0 0 0 0 0 0 0 0 0 0 0 0 0 0 0 0 0 0 0 0 0 0 0 0 0 0 0 0
INFO:tensorflow:masked_lm_positions: 12 13 0 0 0 0 0 0 0 0 0 0 0 0 0 0 0 0 0 0
I1103 01:19:54.030186 46959042507840 create_pretraining_data.py:161] masked_lm_positions: 12 13 0 0 0 0 0 0 0 0 0 0 0 0 0 0 0 0 0 0
INFO:tensorflow:masked_lm_ids: 3012 8203 0 0 0 0 0 0 0 0 0 0 0 0 0 0 0 0 0 0
I1103 01:19:54.030275 46959042507840 create_pretraining_data.py:161] masked_lm_ids: 3012 8203 0 0 0 0 0 0 0 0 0 0 0 0 0 0 0 0 0 0
INFO:tensorflow:masked_lm_weights: 1.0 1.0 0.0 0.0 0.0 0.0 0.0 0.0 0.0 0.0 0.0 0.0 0.0 0.0 0.0 0.0 0.0 0.0 0.0 0.0
I1103 01:19:54.030367 46959042507840 create_pretraining_data.py:161] masked_lm_weights: 1.0 1.0 0.0 0.0 0.0 0.0 0.0 0.0 0.0 0.0 0.0 0.0 0.0 0.0 0.0 0.0 0.0 0.0 0.0 0.0
INFO:tensorflow:next_sentence_labels: 1
I1103 01:19:54.030451 46959042507840 create_pretraining_data.py:161] next_sentence_labels: 1
INFO:tensorflow:*** Example ***
I1103 01:19:54.031065 46959042507840 create_pretraining_data.py:149] *** Example ***
INFO:tensorflow:tokens: [CLS] والفر ##صه اللي تسب ##ني اسب ##ها مفض ##لش وراها اسف ##ه يا قلبي عشان سلمت ##ك لق ##لوب مش بتح ##س مله ##مش في طيبه ولا مشاعر ليه ##م الشكل وبس [SEP] [MASK] لو صلي [MASK] ##ان حتي لو ركب [MASK] [MASK] حتي [MASK] اجر [MASK] او خان حتي لو [MASK] الاو ##طان انا حي ##ران [SEP]
I1103 01:19:54.031202 46959042507840 create_pretraining_data.py:151] tokens: [CLS] والفر ##صه اللي تسب ##ني اسب ##ها مفض ##لش وراها اسف ##ه يا قلبي عشان سلمت ##ك لق ##لوب مش بتح ##س مله ##مش في طيبه ولا مشاعر ليه ##م الشكل وبس [SEP] [MASK] لو صلي [MASK] ##ان حتي لو ركب [MASK] [MASK] حتي [MASK] اجر [MASK] او خان حتي لو [MASK] الاو ##طان انا حي ##ران [SEP]
INFO:tensorflow:input_ids: 2 11716 4344 2115 13440 1974 19538 1913 12140 1959 28072 18285 1028 2104 3018 3573 21991 1014 2794 2529 2096 5171 1033 18049 14036 1912 9398 2086 7563 5067 1015 10297 11315 3 4 2244 4082 4 1906 2627 2244 22633 4 4 2627 4 6413 4 2213 10546 2627 2244 4 8684 3779 2315 2322 11918 3 0 0 0 0 0 0 0 0 0 0 0 0 0 0 0 0 0 0 0 0 0 0 0 0 0 0 0 0 0 0 0 0 0 0 0 0 0 0 0 0 0 0 0 0 0 0 0 0 0 0 0 0 0 0 0 0 0 0 0 0 0 0 0 0 0 0 0 0 0
I1103 01:19:54.031363 46959042507840 create_pretraining_data.py:161] input_ids: 2 11716 4344 2115 13440 1974 19538 1913 12140 1959 28072 18285 1028 2104 3018 3573 21991 1014 2794 2529 2096 5171 1033 18049 14036 1912 9398 2086 7563 5067 1015 10297 11315 3 4 2244 4082 4 1906 2627 2244 22633 4 4 2627 4 6413 4 2213 10546 2627 2244 4 8684 3779 2315 2322 11918 3 0 0 0 0 0 0 0 0 0 0 0 0 0 0 0 0 0 0 0 0 0 0 0 0 0 0 0 0 0 0 0 0 0 0 0 0 0 0 0 0 0 0 0 0 0 0 0 0 0 0 0 0 0 0 0 0 0 0 0 0 0 0 0 0 0 0 0 0 0
INFO:tensorflow:input_mask: 1 1 1 1 1 1 1 1 1 1 1 1 1 1 1 1 1 1 1 1 1 1 1 1 1 1 1 1 1 1 1 1 1 1 1 1 1 1 1 1 1 1 1 1 1 1 1 1 1 1 1 1 1 1 1 1 1 1 1 0 0 0 0 0 0 0 0 0 0 0 0 0 0 0 0 0 0 0 0 0 0 0 0 0 0 0 0 0 0 0 0 0 0 0 0 0 0 0 0 0 0 0 0 0 0 0 0 0 0 0 0 0 0 0 0 0 0 0 0 0 0 0 0 0 0 0 0 0
I1103 01:19:54.031497 46959042507840 create_pretraining_data.py:161] input_mask: 1 1 1 1 1 1 1 1 1 1 1 1 1 1 1 1 1 1 1 1 1 1 1 1 1 1 1 1 1 1 1 1 1 1 1 1 1 1 1 1 1 1 1 1 1 1 1 1 1 1 1 1 1 1 1 1 1 1 1 0 0 0 0 0 0 0 0 0 0 0 0 0 0 0 0 0 0 0 0 0 0 0 0 0 0 0 0 0 0 0 0 0 0 0 0 0 0 0 0 0 0 0 0 0 0 0 0 0 0 0 0 0 0 0 0 0 0 0 0 0 0 0 0 0 0 0 0 0
INFO:tensorflow:segment_ids: 0 0 0 0 0 0 0 0 0 0 0 0 0 0 0 0 0 0 0 0 0 0 0 0 0 0 0 0 0 0 0 0 0 0 1 1 1 1 1 1 1 1 1 1 1 1 1 1 1 1 1 1 1 1 1 1 1 1 1 0 0 0 0 0 0 0 0 0 0 0 0 0 0 0 0 0 0 0 0 0 0 0 0 0 0 0 0 0 0 0 0 0 0 0 0 0 0 0 0 0 0 0 0 0 0 0 0 0 0 0 0 0 0 0 0 0 0 0 0 0 0 0 0 0 0 0 0 0
I1103 01:19:54.031628 46959042507840 create_pretraining_data.py:161] segment_ids: 0 0 0 0 0 0 0 0 0 0 0 0 0 0 0 0 0 0 0 0 0 0 0 0 0 0 0 0 0 0 0 0 0 0 1 1 1 1 1 1 1 1 1 1 1 1 1 1 1 1 1 1 1 1 1 1 1 1 1 0 0 0 0 0 0 0 0 0 0 0 0 0 0 0 0 0 0 0 0 0 0 0 0 0 0 0 0 0 0 0 0 0 0 0 0 0 0 0 0 0 0 0 0 0 0 0 0 0 0 0 0 0 0 0 0 0 0 0 0 0 0 0 0 0 0 0 0 0
INFO:tensorflow:masked_lm_positions: 34 37 38 42 43 45 46 47 52 0 0 0 0 0 0 0 0 0 0 0
I1103 01:19:54.031723 46959042507840 create_pretraining_data.py:161] masked_lm_positions: 34 37 38 42 43 45 46 47 52 0 0 0 0 0 0 0 0 0 0 0
INFO:tensorflow:masked_lm_ids: 2627 8782 1906 2173 4930 2244 6413 1015 6666 0 0 0 0 0 0 0 0 0 0 0
I1103 01:19:54.031813 46959042507840 create_pretraining_data.py:161] masked_lm_ids: 2627 8782 1906 2173 4930 2244 6413 1015 6666 0 0 0 0 0 0 0 0 0 0 0
INFO:tensorflow:masked_lm_weights: 1.0 1.0 1.0 1.0 1.0 1.0 1.0 1.0 1.0 0.0 0.0 0.0 0.0 0.0 0.0 0.0 0.0 0.0 0.0 0.0
I1103 01:19:54.031905 46959042507840 create_pretraining_data.py:161] masked_lm_weights: 1.0 1.0 1.0 1.0 1.0 1.0 1.0 1.0 1.0 0.0 0.0 0.0 0.0 0.0 0.0 0.0 0.0 0.0 0.0 0.0
INFO:tensorflow:next_sentence_labels: 1
I1103 01:19:54.031989 46959042507840 create_pretraining_data.py:161] next_sentence_labels: 1
INFO:tensorflow:*** Example ***
I1103 01:19:54.032579 46959042507840 create_pretraining_data.py:149] *** Example ***
INFO:tensorflow:tokens: [CLS] الكلمات الطيبه [MASK] لا تذ ##بل اوراق ##ها ولاي ##موت عبير ##ها فان ##ثره ##ا علي الطرقات تبقي لك صدقه جاريه واث [MASK] طيبا مدي الحياه [SEP] قيل اذا رايت نفسك تعلق ##ت بشي ##ئ من امور [MASK] [MASK] همك [MASK] يدك علي قلبك [MASK] اللهم [MASK] قلبي حبا وتع ##لقا واق ##بال ##ا [MASK] [SEP]
I1103 01:19:54.032720 46959042507840 create_pretraining_data.py:151] tokens: [CLS] الكلمات الطيبه [MASK] لا تذ ##بل اوراق ##ها ولاي ##موت عبير ##ها فان ##ثره ##ا علي الطرقات تبقي لك صدقه جاريه واث [MASK] طيبا مدي الحياه [SEP] قيل اذا رايت نفسك تعلق ##ت بشي ##ئ من امور [MASK] [MASK] همك [MASK] يدك علي قلبك [MASK] اللهم [MASK] قلبي حبا وتع ##لقا واق ##بال ##ا [MASK] [SEP]
INFO:tensorflow:input_ids: 2 6976 11032 4 1963 9392 2108 14713 1913 19819 17917 18203 1913 2712 9801 1007 1958 20257 6110 2278 8337 13287 11132 4 13407 9634 3014 3 5929 2387 8762 3665 11844 1005 20232 1042 1908 9029 4 4 15769 4 14654 1958 3966 4 2168 4 3018 7218 3527 7080 5888 9646 1007 4 3 0 0 0 0 0 0 0 0 0 0 0 0 0 0 0 0 0 0 0 0 0 0 0 0 0 0 0 0 0 0 0 0 0 0 0 0 0 0 0 0 0 0 0 0 0 0 0 0 0 0 0 0 0 0 0 0 0 0 0 0 0 0 0 0 0 0 0 0 0 0 0
I1103 01:19:54.032878 46959042507840 create_pretraining_data.py:161] input_ids: 2 6976 11032 4 1963 9392 2108 14713 1913 19819 17917 18203 1913 2712 9801 1007 1958 20257 6110 2278 8337 13287 11132 4 13407 9634 3014 3 5929 2387 8762 3665 11844 1005 20232 1042 1908 9029 4 4 15769 4 14654 1958 3966 4 2168 4 3018 7218 3527 7080 5888 9646 1007 4 3 0 0 0 0 0 0 0 0 0 0 0 0 0 0 0 0 0 0 0 0 0 0 0 0 0 0 0 0 0 0 0 0 0 0 0 0 0 0 0 0 0 0 0 0 0 0 0 0 0 0 0 0 0 0 0 0 0 0 0 0 0 0 0 0 0 0 0 0 0 0 0
INFO:tensorflow:input_mask: 1 1 1 1 1 1 1 1 1 1 1 1 1 1 1 1 1 1 1 1 1 1 1 1 1 1 1 1 1 1 1 1 1 1 1 1 1 1 1 1 1 1 1 1 1 1 1 1 1 1 1 1 1 1 1 1 1 0 0 0 0 0 0 0 0 0 0 0 0 0 0 0 0 0 0 0 0 0 0 0 0 0 0 0 0 0 0 0 0 0 0 0 0 0 0 0 0 0 0 0 0 0 0 0 0 0 0 0 0 0 0 0 0 0 0 0 0 0 0 0 0 0 0 0 0 0 0 0
I1103 01:19:54.033009 46959042507840 create_pretraining_data.py:161] input_mask: 1 1 1 1 1 1 1 1 1 1 1 1 1 1 1 1 1 1 1 1 1 1 1 1 1 1 1 1 1 1 1 1 1 1 1 1 1 1 1 1 1 1 1 1 1 1 1 1 1 1 1 1 1 1 1 1 1 0 0 0 0 0 0 0 0 0 0 0 0 0 0 0 0 0 0 0 0 0 0 0 0 0 0 0 0 0 0 0 0 0 0 0 0 0 0 0 0 0 0 0 0 0 0 0 0 0 0 0 0 0 0 0 0 0 0 0 0 0 0 0 0 0 0 0 0 0 0 0
INFO:tensorflow:segment_ids: 0 0 0 0 0 0 0 0 0 0 0 0 0 0 0 0 0 0 0 0 0 0 0 0 0 0 0 0 1 1 1 1 1 1 1 1 1 1 1 1 1 1 1 1 1 1 1 1 1 1 1 1 1 1 1 1 1 0 0 0 0 0 0 0 0 0 0 0 0 0 0 0 0 0 0 0 0 0 0 0 0 0 0 0 0 0 0 0 0 0 0 0 0 0 0 0 0 0 0 0 0 0 0 0 0 0 0 0 0 0 0 0 0 0 0 0 0 0 0 0 0 0 0 0 0 0 0 0
I1103 01:19:54.033135 46959042507840 create_pretraining_data.py:161] segment_ids: 0 0 0 0 0 0 0 0 0 0 0 0 0 0 0 0 0 0 0 0 0 0 0 0 0 0 0 0 1 1 1 1 1 1 1 1 1 1 1 1 1 1 1 1 1 1 1 1 1 1 1 1 1 1 1 1 1 0 0 0 0 0 0 0 0 0 0 0 0 0 0 0 0 0 0 0 0 0 0 0 0 0 0 0 0 0 0 0 0 0 0 0 0 0 0 0 0 0 0 0 0 0 0 0 0 0 0 0 0 0 0 0 0 0 0 0 0 0 0 0 0 0 0 0 0 0 0 0
INFO:tensorflow:masked_lm_positions: 3 22 23 38 39 41 45 47 55 0 0 0 0 0 0 0 0 0 0 0
I1103 01:19:54.033226 46959042507840 create_pretraining_data.py:161] masked_lm_positions: 3 22 23 38 39 41 45 47 55 0 0 0 0 0 0 0 0 0 0 0
INFO:tensorflow:masked_lm_ids: 25958 11132 1925 2859 9864 2862 10596 3477 2898 0 0 0 0 0 0 0 0 0 0 0
I1103 01:19:54.033316 46959042507840 create_pretraining_data.py:161] masked_lm_ids: 25958 11132 1925 2859 9864 2862 10596 3477 2898 0 0 0 0 0 0 0 0 0 0 0
INFO:tensorflow:masked_lm_weights: 1.0 1.0 1.0 1.0 1.0 1.0 1.0 1.0 1.0 0.0 0.0 0.0 0.0 0.0 0.0 0.0 0.0 0.0 0.0 0.0
I1103 01:19:54.033407 46959042507840 create_pretraining_data.py:161] masked_lm_weights: 1.0 1.0 1.0 1.0 1.0 1.0 1.0 1.0 1.0 0.0 0.0 0.0 0.0 0.0 0.0 0.0 0.0 0.0 0.0 0.0
INFO:tensorflow:next_sentence_labels: 1
I1103 01:19:54.033489 46959042507840 create_pretraining_data.py:161] next_sentence_labels: 1
INFO:tensorflow:*** Example ***
I1103 01:19:54.034068 46959042507840 create_pretraining_data.py:149] *** Example ***
INFO:tensorflow:tokens: [CLS] لا [MASK] الا الله كم از ##احت الفتاح الأر وكم اسعد ##ت في [MASK] شقي ##ا [SEP] يظهر بان المذ ##ن مت ##اثر في مش ##عان [MASK] مج ##ول [SEP]
I1103 01:19:54.034194 46959042507840 create_pretraining_data.py:151] tokens: [CLS] لا [MASK] الا الله كم از ##احت الفتاح الأر وكم اسعد ##ت في [MASK] شقي ##ا [SEP] يظهر بان المذ ##ن مت ##اثر في مش ##عان [MASK] مج ##ول [SEP]
INFO:tensorflow:input_ids: 2 1963 4 1915 1953 2995 3780 24701 15854 10201 8350 5926 1005 1912 4 23342 1007 3 6507 2768 16992 1006 2068 21273 1912 2096 7058 4 2079 1940 3 0 0 0 0 0 0 0 0 0 0 0 0 0 0 0 0 0 0 0 0 0 0 0 0 0 0 0 0 0 0 0 0 0 0 0 0 0 0 0 0 0 0 0 0 0 0 0 0 0 0 0 0 0 0 0 0 0 0 0 0 0 0 0 0 0 0 0 0 0 0 0 0 0 0 0 0 0 0 0 0 0 0 0 0 0 0 0 0 0 0 0 0 0 0 0 0 0
I1103 01:19:54.034347 46959042507840 create_pretraining_data.py:161] input_ids: 2 1963 4 1915 1953 2995 3780 24701 15854 10201 8350 5926 1005 1912 4 23342 1007 3 6507 2768 16992 1006 2068 21273 1912 2096 7058 4 2079 1940 3 0 0 0 0 0 0 0 0 0 0 0 0 0 0 0 0 0 0 0 0 0 0 0 0 0 0 0 0 0 0 0 0 0 0 0 0 0 0 0 0 0 0 0 0 0 0 0 0 0 0 0 0 0 0 0 0 0 0 0 0 0 0 0 0 0 0 0 0 0 0 0 0 0 0 0 0 0 0 0 0 0 0 0 0 0 0 0 0 0 0 0 0 0 0 0 0 0
INFO:tensorflow:input_mask: 1 1 1 1 1 1 1 1 1 1 1 1 1 1 1 1 1 1 1 1 1 1 1 1 1 1 1 1 1 1 1 0 0 0 0 0 0 0 0 0 0 0 0 0 0 0 0 0 0 0 0 0 0 0 0 0 0 0 0 0 0 0 0 0 0 0 0 0 0 0 0 0 0 0 0 0 0 0 0 0 0 0 0 0 0 0 0 0 0 0 0 0 0 0 0 0 0 0 0 0 0 0 0 0 0 0 0 0 0 0 0 0 0 0 0 0 0 0 0 0 0 0 0 0 0 0 0 0
I1103 01:19:54.034479 46959042507840 create_pretraining_data.py:161] input_mask: 1 1 1 1 1 1 1 1 1 1 1 1 1 1 1 1 1 1 1 1 1 1 1 1 1 1 1 1 1 1 1 0 0 0 0 0 0 0 0 0 0 0 0 0 0 0 0 0 0 0 0 0 0 0 0 0 0 0 0 0 0 0 0 0 0 0 0 0 0 0 0 0 0 0 0 0 0 0 0 0 0 0 0 0 0 0 0 0 0 0 0 0 0 0 0 0 0 0 0 0 0 0 0 0 0 0 0 0 0 0 0 0 0 0 0 0 0 0 0 0 0 0 0 0 0 0 0 0
INFO:tensorflow:segment_ids: 0 0 0 0 0 0 0 0 0 0 0 0 0 0 0 0 0 0 1 1 1 1 1 1 1 1 1 1 1 1 1 0 0 0 0 0 0 0 0 0 0 0 0 0 0 0 0 0 0 0 0 0 0 0 0 0 0 0 0 0 0 0 0 0 0 0 0 0 0 0 0 0 0 0 0 0 0 0 0 0 0 0 0 0 0 0 0 0 0 0 0 0 0 0 0 0 0 0 0 0 0 0 0 0 0 0 0 0 0 0 0 0 0 0 0 0 0 0 0 0 0 0 0 0 0 0 0 0
I1103 01:19:54.034612 46959042507840 create_pretraining_data.py:161] segment_ids: 0 0 0 0 0 0 0 0 0 0 0 0 0 0 0 0 0 0 1 1 1 1 1 1 1 1 1 1 1 1 1 0 0 0 0 0 0 0 0 0 0 0 0 0 0 0 0 0 0 0 0 0 0 0 0 0 0 0 0 0 0 0 0 0 0 0 0 0 0 0 0 0 0 0 0 0 0 0 0 0 0 0 0 0 0 0 0 0 0 0 0 0 0 0 0 0 0 0 0 0 0 0 0 0 0 0 0 0 0 0 0 0 0 0 0 0 0 0 0 0 0 0 0 0 0 0 0 0
INFO:tensorflow:masked_lm_positions: 2 8 9 14 27 0 0 0 0 0 0 0 0 0 0 0 0 0 0 0
I1103 01:19:54.034708 46959042507840 create_pretraining_data.py:161] masked_lm_positions: 2 8 9 14 27 0 0 0 0 0 0 0 0 0 0 0 0 0 0 0
INFO:tensorflow:masked_lm_ids: 2090 2286 2197 6074 2040 0 0 0 0 0 0 0 0 0 0 0 0 0 0 0
I1103 01:19:54.034796 46959042507840 create_pretraining_data.py:161] masked_lm_ids: 2090 2286 2197 6074 2040 0 0 0 0 0 0 0 0 0 0 0 0 0 0 0
INFO:tensorflow:masked_lm_weights: 1.0 1.0 1.0 1.0 1.0 0.0 0.0 0.0 0.0 0.0 0.0 0.0 0.0 0.0 0.0 0.0 0.0 0.0 0.0 0.0
I1103 01:19:54.034887 46959042507840 create_pretraining_data.py:161] masked_lm_weights: 1.0 1.0 1.0 1.0 1.0 0.0 0.0 0.0 0.0 0.0 0.0 0.0 0.0 0.0 0.0 0.0 0.0 0.0 0.0 0.0
INFO:tensorflow:next_sentence_labels: 1
I1103 01:19:54.034970 46959042507840 create_pretraining_data.py:161] next_sentence_labels: 1
INFO:tensorflow:*** Example ***
I1103 01:19:54.035561 46959042507840 create_pretraining_data.py:149] *** Example ***
INFO:tensorflow:tokens: [CLS] جين ##يفر [MASK] ##يز عار ##يه [MASK] جده الان سوال موسيقي [SEP] علي هال ##صوت والاح ##ساس يعني من الاخر لبس ##وها التاج وسلموا اللقب ل هايدي [MASK] [SEP]
I1103 01:19:54.035701 46959042507840 create_pretraining_data.py:151] tokens: [CLS] جين ##يفر [MASK] ##يز عار ##يه [MASK] جده الان سوال موسيقي [SEP] علي هال ##صوت والاح ##ساس يعني من الاخر لبس ##وها التاج وسلموا اللقب ل هايدي [MASK] [SEP]
INFO:tensorflow:input_ids: 2 12278 24923 4 2569 8327 1988 4 4868 2311 19488 19303 3 1958 4218 29743 9897 3167 3236 1908 3762 12976 3736 27193 8332 9107 411 7157 4 3 0 0 0 0 0 0 0 0 0 0 0 0 0 0 0 0 0 0 0 0 0 0 0 0 0 0 0 0 0 0 0 0 0 0 0 0 0 0 0 0 0 0 0 0 0 0 0 0 0 0 0 0 0 0 0 0 0 0 0 0 0 0 0 0 0 0 0 0 0 0 0 0 0 0 0 0 0 0 0 0 0 0 0 0 0 0 0 0 0 0 0 0 0 0 0 0 0 0
I1103 01:19:54.035843 46959042507840 create_pretraining_data.py:161] input_ids: 2 12278 24923 4 2569 8327 1988 4 4868 2311 19488 19303 3 1958 4218 29743 9897 3167 3236 1908 3762 12976 3736 27193 8332 9107 411 7157 4 3 0 0 0 0 0 0 0 0 0 0 0 0 0 0 0 0 0 0 0 0 0 0 0 0 0 0 0 0 0 0 0 0 0 0 0 0 0 0 0 0 0 0 0 0 0 0 0 0 0 0 0 0 0 0 0 0 0 0 0 0 0 0 0 0 0 0 0 0 0 0 0 0 0 0 0 0 0 0 0 0 0 0 0 0 0 0 0 0 0 0 0 0 0 0 0 0 0 0
INFO:tensorflow:input_mask: 1 1 1 1 1 1 1 1 1 1 1 1 1 1 1 1 1 1 1 1 1 1 1 1 1 1 1 1 1 1 0 0 0 0 0 0 0 0 0 0 0 0 0 0 0 0 0 0 0 0 0 0 0 0 0 0 0 0 0 0 0 0 0 0 0 0 0 0 0 0 0 0 0 0 0 0 0 0 0 0 0 0 0 0 0 0 0 0 0 0 0 0 0 0 0 0 0 0 0 0 0 0 0 0 0 0 0 0 0 0 0 0 0 0 0 0 0 0 0 0 0 0 0 0 0 0 0 0
I1103 01:19:54.035986 46959042507840 create_pretraining_data.py:161] input_mask: 1 1 1 1 1 1 1 1 1 1 1 1 1 1 1 1 1 1 1 1 1 1 1 1 1 1 1 1 1 1 0 0 0 0 0 0 0 0 0 0 0 0 0 0 0 0 0 0 0 0 0 0 0 0 0 0 0 0 0 0 0 0 0 0 0 0 0 0 0 0 0 0 0 0 0 0 0 0 0 0 0 0 0 0 0 0 0 0 0 0 0 0 0 0 0 0 0 0 0 0 0 0 0 0 0 0 0 0 0 0 0 0 0 0 0 0 0 0 0 0 0 0 0 0 0 0 0 0
INFO:tensorflow:segment_ids: 0 0 0 0 0 0 0 0 0 0 0 0 0 1 1 1 1 1 1 1 1 1 1 1 1 1 1 1 1 1 0 0 0 0 0 0 0 0 0 0 0 0 0 0 0 0 0 0 0 0 0 0 0 0 0 0 0 0 0 0 0 0 0 0 0 0 0 0 0 0 0 0 0 0 0 0 0 0 0 0 0 0 0 0 0 0 0 0 0 0 0 0 0 0 0 0 0 0 0 0 0 0 0 0 0 0 0 0 0 0 0 0 0 0 0 0 0 0 0 0 0 0 0 0 0 0 0 0
I1103 01:19:54.036112 46959042507840 create_pretraining_data.py:161] segment_ids: 0 0 0 0 0 0 0 0 0 0 0 0 0 1 1 1 1 1 1 1 1 1 1 1 1 1 1 1 1 1 0 0 0 0 0 0 0 0 0 0 0 0 0 0 0 0 0 0 0 0 0 0 0 0 0 0 0 0 0 0 0 0 0 0 0 0 0 0 0 0 0 0 0 0 0 0 0 0 0 0 0 0 0 0 0 0 0 0 0 0 0 0 0 0 0 0 0 0 0 0 0 0 0 0 0 0 0 0 0 0 0 0 0 0 0 0 0 0 0 0 0 0 0 0 0 0 0 0
INFO:tensorflow:masked_lm_positions: 3 4 7 28 0 0 0 0 0 0 0 0 0 0 0 0 0 0 0 0
I1103 01:19:54.036205 46959042507840 create_pretraining_data.py:161] masked_lm_positions: 3 4 7 28 0 0 0 0 0 0 0 0 0 0 0 0 0 0 0 0
INFO:tensorflow:masked_lm_ids: 28038 2569 7115 7765 0 0 0 0 0 0 0 0 0 0 0 0 0 0 0 0
I1103 01:19:54.036294 46959042507840 create_pretraining_data.py:161] masked_lm_ids: 28038 2569 7115 7765 0 0 0 0 0 0 0 0 0 0 0 0 0 0 0 0
INFO:tensorflow:masked_lm_weights: 1.0 1.0 1.0 1.0 0.0 0.0 0.0 0.0 0.0 0.0 0.0 0.0 0.0 0.0 0.0 0.0 0.0 0.0 0.0 0.0
I1103 01:19:54.036385 46959042507840 create_pretraining_data.py:161] masked_lm_weights: 1.0 1.0 1.0 1.0 0.0 0.0 0.0 0.0 0.0 0.0 0.0 0.0 0.0 0.0 0.0 0.0 0.0 0.0 0.0 0.0
INFO:tensorflow:next_sentence_labels: 1
I1103 01:19:54.036467 46959042507840 create_pretraining_data.py:161] next_sentence_labels: 1
INFO:tensorflow:*** Example ***
I1103 01:19:54.037052 46959042507840 create_pretraining_data.py:149] *** Example ***
INFO:tensorflow:tokens: [CLS] اذ [MASK] الله يذ رك ##م [MASK] الله الحمدلله لا اله الا الله الله اكبر سبحان جوي و [MASK] سبحان الله العظيم [SEP] صبح علي الصبح في نب ##رتك غير نب ##ره [MASK] حتي الضي ##ا تست ##ثير ##ه يبدا [MASK] [MASK] فيك ويغ ##رد الطير ي حلم عمر ##ن م تمنيت غيره [SEP]
I1103 01:19:54.037186 46959042507840 create_pretraining_data.py:151] tokens: [CLS] اذ [MASK] الله يذ رك ##م [MASK] الله الحمدلله لا اله الا الله الله اكبر سبحان جوي و [MASK] سبحان الله العظيم [SEP] صبح علي الصبح في نب ##رتك غير نب ##ره [MASK] حتي الضي ##ا تست ##ثير ##ه يبدا [MASK] [MASK] فيك ويغ ##رد الطير ي حلم عمر ##ن م تمنيت غيره [SEP]
INFO:tensorflow:input_ids: 2 4974 4 1953 11337 4422 1015 4 1953 4062 1963 2090 1915 1953 1953 3294 2575 12014 415 4 2575 1953 3049 3 10792 1958 8739 1912 3291 8792 2224 3291 2197 4 2627 12991 1007 2558 2334 1028 12179 4 4 4017 17613 2153 18928 417 5517 2852 1006 412 15965 5504 3 0 0 0 0 0 0 0 0 0 0 0 0 0 0 0 0 0 0 0 0 0 0 0 0 0 0 0 0 0 0 0 0 0 0 0 0 0 0 0 0 0 0 0 0 0 0 0 0 0 0 0 0 0 0 0 0 0 0 0 0 0 0 0 0 0 0 0 0 0 0 0 0 0
I1103 01:19:54.037329 46959042507840 create_pretraining_data.py:161] input_ids: 2 4974 4 1953 11337 4422 1015 4 1953 4062 1963 2090 1915 1953 1953 3294 2575 12014 415 4 2575 1953 3049 3 10792 1958 8739 1912 3291 8792 2224 3291 2197 4 2627 12991 1007 2558 2334 1028 12179 4 4 4017 17613 2153 18928 417 5517 2852 1006 412 15965 5504 3 0 0 0 0 0 0 0 0 0 0 0 0 0 0 0 0 0 0 0 0 0 0 0 0 0 0 0 0 0 0 0 0 0 0 0 0 0 0 0 0 0 0 0 0 0 0 0 0 0 0 0 0 0 0 0 0 0 0 0 0 0 0 0 0 0 0 0 0 0 0 0 0 0
INFO:tensorflow:input_mask: 1 1 1 1 1 1 1 1 1 1 1 1 1 1 1 1 1 1 1 1 1 1 1 1 1 1 1 1 1 1 1 1 1 1 1 1 1 1 1 1 1 1 1 1 1 1 1 1 1 1 1 1 1 1 1 0 0 0 0 0 0 0 0 0 0 0 0 0 0 0 0 0 0 0 0 0 0 0 0 0 0 0 0 0 0 0 0 0 0 0 0 0 0 0 0 0 0 0 0 0 0 0 0 0 0 0 0 0 0 0 0 0 0 0 0 0 0 0 0 0 0 0 0 0 0 0 0 0
I1103 01:19:54.037472 46959042507840 create_pretraining_data.py:161] input_mask: 1 1 1 1 1 1 1 1 1 1 1 1 1 1 1 1 1 1 1 1 1 1 1 1 1 1 1 1 1 1 1 1 1 1 1 1 1 1 1 1 1 1 1 1 1 1 1 1 1 1 1 1 1 1 1 0 0 0 0 0 0 0 0 0 0 0 0 0 0 0 0 0 0 0 0 0 0 0 0 0 0 0 0 0 0 0 0 0 0 0 0 0 0 0 0 0 0 0 0 0 0 0 0 0 0 0 0 0 0 0 0 0 0 0 0 0 0 0 0 0 0 0 0 0 0 0 0 0
INFO:tensorflow:segment_ids: 0 0 0 0 0 0 0 0 0 0 0 0 0 0 0 0 0 0 0 0 0 0 0 0 1 1 1 1 1 1 1 1 1 1 1 1 1 1 1 1 1 1 1 1 1 1 1 1 1 1 1 1 1 1 1 0 0 0 0 0 0 0 0 0 0 0 0 0 0 0 0 0 0 0 0 0 0 0 0 0 0 0 0 0 0 0 0 0 0 0 0 0 0 0 0 0 0 0 0 0 0 0 0 0 0 0 0 0 0 0 0 0 0 0 0 0 0 0 0 0 0 0 0 0 0 0 0 0
I1103 01:19:54.037601 46959042507840 create_pretraining_data.py:161] segment_ids: 0 0 0 0 0 0 0 0 0 0 0 0 0 0 0 0 0 0 0 0 0 0 0 0 1 1 1 1 1 1 1 1 1 1 1 1 1 1 1 1 1 1 1 1 1 1 1 1 1 1 1 1 1 1 1 0 0 0 0 0 0 0 0 0 0 0 0 0 0 0 0 0 0 0 0 0 0 0 0 0 0 0 0 0 0 0 0 0 0 0 0 0 0 0 0 0 0 0 0 0 0 0 0 0 0 0 0 0 0 0 0 0 0 0 0 0 0 0 0 0 0 0 0 0 0 0 0 0
INFO:tensorflow:masked_lm_positions: 2 7 11 17 19 33 41 42 0 0 0 0 0 0 0 0 0 0 0 0
I1103 01:19:54.037702 46959042507840 create_pretraining_data.py:161] masked_lm_positions: 2 7 11 17 19 33 41 42 0 0 0 0 0 0 0 0 0 0 0 0
INFO:tensorflow:masked_lm_ids: 3275 2575 2090 1953 12947 18274 14385 1013 0 0 0 0 0 0 0 0 0 0 0 0
I1103 01:19:54.037793 46959042507840 create_pretraining_data.py:161] masked_lm_ids: 3275 2575 2090 1953 12947 18274 14385 1013 0 0 0 0 0 0 0 0 0 0 0 0
INFO:tensorflow:masked_lm_weights: 1.0 1.0 1.0 1.0 1.0 1.0 1.0 1.0 0.0 0.0 0.0 0.0 0.0 0.0 0.0 0.0 0.0 0.0 0.0 0.0
I1103 01:19:54.037886 46959042507840 create_pretraining_data.py:161] masked_lm_weights: 1.0 1.0 1.0 1.0 1.0 1.0 1.0 1.0 0.0 0.0 0.0 0.0 0.0 0.0 0.0 0.0 0.0 0.0 0.0 0.0
INFO:tensorflow:next_sentence_labels: 1
I1103 01:19:54.037970 46959042507840 create_pretraining_data.py:161] next_sentence_labels: 1
INFO:tensorflow:*** Example ***
I1103 01:19:54.038579 46959042507840 create_pretraining_data.py:149] *** Example ***
INFO:tensorflow:tokens: [CLS] نصيحه بسيطه لمر ##ضي التهاب [MASK] الرومات ##يز ##ي بم ##مار ##سه [MASK] التم ##دد صباحا للتخلص من تصل ##ب المفاصل [MASK] [MASK] اللي ##ونه اللازم ##ه [MASK] ##ركه وتخ ##ف [MASK] [MASK] [MASK] [SEP] صور فلسطين ##ه تغ ##سل ملابس عائلته ##ا بطريقه بدا ##ئيه بسبب ازمه الكهرباء [MASK] يعاني ##ها قطاع غزه عد ##سه عبد ز ##ق ##وت انقذوا غزه [SEP]
I1103 01:19:54.038726 46959042507840 create_pretraining_data.py:151] tokens: [CLS] نصيحه بسيطه لمر ##ضي التهاب [MASK] الرومات ##يز ##ي بم ##مار ##سه [MASK] التم ##دد صباحا للتخلص من تصل ##ب المفاصل [MASK] [MASK] اللي ##ونه اللازم ##ه [MASK] ##ركه وتخ ##ف [MASK] [MASK] [MASK] [SEP] صور فلسطين ##ه تغ ##سل ملابس عائلته ##ا بطريقه بدا ##ئيه بسبب ازمه الكهرباء [MASK] يعاني ##ها قطاع غزه عد ##سه عبد ز ##ق ##وت انقذوا غزه [SEP]
INFO:tensorflow:input_ids: 2 11368 13154 9121 2412 14808 4 27653 2569 1013 2225 5359 2824 4 4829 2282 6116 19013 1908 5880 1045 25959 4 4 2115 3135 13729 1028 4 3628 8105 1037 4 4 4 3 2649 4054 1028 2887 3758 7997 15183 1007 9149 3126 14878 3179 23916 7374 4 9234 1913 4767 15829 3020 2824 2195 398 1011 2054 22246 15829 3 0 0 0 0 0 0 0 0 0 0 0 0 0 0 0 0 0 0 0 0 0 0 0 0 0 0 0 0 0 0 0 0 0 0 0 0 0 0 0 0 0 0 0 0 0 0 0 0 0 0 0 0 0 0 0 0 0 0 0 0 0 0 0 0
I1103 01:19:54.038877 46959042507840 create_pretraining_data.py:161] input_ids: 2 11368 13154 9121 2412 14808 4 27653 2569 1013 2225 5359 2824 4 4829 2282 6116 19013 1908 5880 1045 25959 4 4 2115 3135 13729 1028 4 3628 8105 1037 4 4 4 3 2649 4054 1028 2887 3758 7997 15183 1007 9149 3126 14878 3179 23916 7374 4 9234 1913 4767 15829 3020 2824 2195 398 1011 2054 22246 15829 3 0 0 0 0 0 0 0 0 0 0 0 0 0 0 0 0 0 0 0 0 0 0 0 0 0 0 0 0 0 0 0 0 0 0 0 0 0 0 0 0 0 0 0 0 0 0 0 0 0 0 0 0 0 0 0 0 0 0 0 0 0 0 0 0
INFO:tensorflow:input_mask: 1 1 1 1 1 1 1 1 1 1 1 1 1 1 1 1 1 1 1 1 1 1 1 1 1 1 1 1 1 1 1 1 1 1 1 1 1 1 1 1 1 1 1 1 1 1 1 1 1 1 1 1 1 1 1 1 1 1 1 1 1 1 1 1 0 0 0 0 0 0 0 0 0 0 0 0 0 0 0 0 0 0 0 0 0 0 0 0 0 0 0 0 0 0 0 0 0 0 0 0 0 0 0 0 0 0 0 0 0 0 0 0 0 0 0 0 0 0 0 0 0 0 0 0 0 0 0 0
I1103 01:19:54.039019 46959042507840 create_pretraining_data.py:161] input_mask: 1 1 1 1 1 1 1 1 1 1 1 1 1 1 1 1 1 1 1 1 1 1 1 1 1 1 1 1 1 1 1 1 1 1 1 1 1 1 1 1 1 1 1 1 1 1 1 1 1 1 1 1 1 1 1 1 1 1 1 1 1 1 1 1 0 0 0 0 0 0 0 0 0 0 0 0 0 0 0 0 0 0 0 0 0 0 0 0 0 0 0 0 0 0 0 0 0 0 0 0 0 0 0 0 0 0 0 0 0 0 0 0 0 0 0 0 0 0 0 0 0 0 0 0 0 0 0 0
INFO:tensorflow:segment_ids: 0 0 0 0 0 0 0 0 0 0 0 0 0 0 0 0 0 0 0 0 0 0 0 0 0 0 0 0 0 0 0 0 0 0 0 0 1 1 1 1 1 1 1 1 1 1 1 1 1 1 1 1 1 1 1 1 1 1 1 1 1 1 1 1 0 0 0 0 0 0 0 0 0 0 0 0 0 0 0 0 0 0 0 0 0 0 0 0 0 0 0 0 0 0 0 0 0 0 0 0 0 0 0 0 0 0 0 0 0 0 0 0 0 0 0 0 0 0 0 0 0 0 0 0 0 0 0 0
I1103 01:19:54.039147 46959042507840 create_pretraining_data.py:161] segment_ids: 0 0 0 0 0 0 0 0 0 0 0 0 0 0 0 0 0 0 0 0 0 0 0 0 0 0 0 0 0 0 0 0 0 0 0 0 1 1 1 1 1 1 1 1 1 1 1 1 1 1 1 1 1 1 1 1 1 1 1 1 1 1 1 1 0 0 0 0 0 0 0 0 0 0 0 0 0 0 0 0 0 0 0 0 0 0 0 0 0 0 0 0 0 0 0 0 0 0 0 0 0 0 0 0 0 0 0 0 0 0 0 0 0 0 0 0 0 0 0 0 0 0 0 0 0 0 0 0
INFO:tensorflow:masked_lm_positions: 6 13 22 23 28 29 32 33 34 50 0 0 0 0 0 0 0 0 0 0
I1103 01:19:54.039242 46959042507840 create_pretraining_data.py:161] masked_lm_positions: 6 13 22 23 28 29 32 33 34 50 0 0 0 0 0 0 0 0 0 0
INFO:tensorflow:masked_lm_ids: 25959 16384 2298 9559 2773 3628 6704 5565 1913 2061 0 0 0 0 0 0 0 0 0 0
I1103 01:19:54.039332 46959042507840 create_pretraining_data.py:161] masked_lm_ids: 25959 16384 2298 9559 2773 3628 6704 5565 1913 2061 0 0 0 0 0 0 0 0 0 0
INFO:tensorflow:masked_lm_weights: 1.0 1.0 1.0 1.0 1.0 1.0 1.0 1.0 1.0 1.0 0.0 0.0 0.0 0.0 0.0 0.0 0.0 0.0 0.0 0.0
I1103 01:19:54.039426 46959042507840 create_pretraining_data.py:161] masked_lm_weights: 1.0 1.0 1.0 1.0 1.0 1.0 1.0 1.0 1.0 1.0 0.0 0.0 0.0 0.0 0.0 0.0 0.0 0.0 0.0 0.0
INFO:tensorflow:next_sentence_labels: 1
I1103 01:19:54.039509 46959042507840 create_pretraining_data.py:161] next_sentence_labels: 1
INFO:tensorflow:*** Example ***
I1103 01:19:54.040097 46959042507840 create_pretraining_data.py:149] *** Example ***
INFO:tensorflow:tokens: [CLS] اكرم ##وا [MASK] [MASK] وان ##صر ##ره ##م نا ##ولون ##ي [MASK] أقلام د ع م نشر متابعه [SEP] احترام ##ك للناس [MASK] اساسي لتك ##سب قلوبهم فربما تاتي ##ك [MASK] من قلب احدهم لا [MASK] كن جميل الخلق ته ##واك القلوب [SEP]
I1103 01:19:54.040231 46959042507840 create_pretraining_data.py:151] tokens: [CLS] اكرم ##وا [MASK] [MASK] وان ##صر ##ره ##م نا ##ولون ##ي [MASK] أقلام د ع م نشر متابعه [SEP] احترام ##ك للناس [MASK] اساسي لتك ##سب قلوبهم فربما تاتي ##ك [MASK] من قلب احدهم لا [MASK] كن جميل الخلق ته ##واك القلوب [SEP]
INFO:tensorflow:input_ids: 2 12784 1928 4 4 2178 2065 2197 1015 3630 5536 1013 4 22301 395 405 412 3449 12443 3 6610 1014 7504 4 15703 26107 2024 9352 18979 11112 1014 4 1908 2362 8555 1963 4 3181 3814 6991 3410 5058 4408 3 0 0 0 0 0 0 0 0 0 0 0 0 0 0 0 0 0 0 0 0 0 0 0 0 0 0 0 0 0 0 0 0 0 0 0 0 0 0 0 0 0 0 0 0 0 0 0 0 0 0 0 0 0 0 0 0 0 0 0 0 0 0 0 0 0 0 0 0 0 0 0 0 0 0 0 0 0 0 0 0 0 0 0 0
I1103 01:19:54.040374 46959042507840 create_pretraining_data.py:161] input_ids: 2 12784 1928 4 4 2178 2065 2197 1015 3630 5536 1013 4 22301 395 405 412 3449 12443 3 6610 1014 7504 4 15703 26107 2024 9352 18979 11112 1014 4 1908 2362 8555 1963 4 3181 3814 6991 3410 5058 4408 3 0 0 0 0 0 0 0 0 0 0 0 0 0 0 0 0 0 0 0 0 0 0 0 0 0 0 0 0 0 0 0 0 0 0 0 0 0 0 0 0 0 0 0 0 0 0 0 0 0 0 0 0 0 0 0 0 0 0 0 0 0 0 0 0 0 0 0 0 0 0 0 0 0 0 0 0 0 0 0 0 0 0 0 0
INFO:tensorflow:input_mask: 1 1 1 1 1 1 1 1 1 1 1 1 1 1 1 1 1 1 1 1 1 1 1 1 1 1 1 1 1 1 1 1 1 1 1 1 1 1 1 1 1 1 1 1 0 0 0 0 0 0 0 0 0 0 0 0 0 0 0 0 0 0 0 0 0 0 0 0 0 0 0 0 0 0 0 0 0 0 0 0 0 0 0 0 0 0 0 0 0 0 0 0 0 0 0 0 0 0 0 0 0 0 0 0 0 0 0 0 0 0 0 0 0 0 0 0 0 0 0 0 0 0 0 0 0 0 0 0
I1103 01:19:54.040517 46959042507840 create_pretraining_data.py:161] input_mask: 1 1 1 1 1 1 1 1 1 1 1 1 1 1 1 1 1 1 1 1 1 1 1 1 1 1 1 1 1 1 1 1 1 1 1 1 1 1 1 1 1 1 1 1 0 0 0 0 0 0 0 0 0 0 0 0 0 0 0 0 0 0 0 0 0 0 0 0 0 0 0 0 0 0 0 0 0 0 0 0 0 0 0 0 0 0 0 0 0 0 0 0 0 0 0 0 0 0 0 0 0 0 0 0 0 0 0 0 0 0 0 0 0 0 0 0 0 0 0 0 0 0 0 0 0 0 0 0
INFO:tensorflow:segment_ids: 0 0 0 0 0 0 0 0 0 0 0 0 0 0 0 0 0 0 0 0 1 1 1 1 1 1 1 1 1 1 1 1 1 1 1 1 1 1 1 1 1 1 1 1 0 0 0 0 0 0 0 0 0 0 0 0 0 0 0 0 0 0 0 0 0 0 0 0 0 0 0 0 0 0 0 0 0 0 0 0 0 0 0 0 0 0 0 0 0 0 0 0 0 0 0 0 0 0 0 0 0 0 0 0 0 0 0 0 0 0 0 0 0 0 0 0 0 0 0 0 0 0 0 0 0 0 0 0
I1103 01:19:54.040650 46959042507840 create_pretraining_data.py:161] segment_ids: 0 0 0 0 0 0 0 0 0 0 0 0 0 0 0 0 0 0 0 0 1 1 1 1 1 1 1 1 1 1 1 1 1 1 1 1 1 1 1 1 1 1 1 1 0 0 0 0 0 0 0 0 0 0 0 0 0 0 0 0 0 0 0 0 0 0 0 0 0 0 0 0 0 0 0 0 0 0 0 0 0 0 0 0 0 0 0 0 0 0 0 0 0 0 0 0 0 0 0 0 0 0 0 0 0 0 0 0 0 0 0 0 0 0 0 0 0 0 0 0 0 0 0 0 0 0 0 0
INFO:tensorflow:masked_lm_positions: 3 4 12 13 23 31 36 0 0 0 0 0 0 0 0 0 0 0 0 0
I1103 01:19:54.040744 46959042507840 create_pretraining_data.py:161] masked_lm_positions: 3 4 12 13 23 31 36 0 0 0 0 0 0 0 0 0 0 0 0 0
INFO:tensorflow:masked_lm_ids: 7835 2018 8920 1013 2621 7022 8006 0 0 0 0 0 0 0 0 0 0 0 0 0
I1103 01:19:54.040835 46959042507840 create_pretraining_data.py:161] masked_lm_ids: 7835 2018 8920 1013 2621 7022 8006 0 0 0 0 0 0 0 0 0 0 0 0 0
INFO:tensorflow:masked_lm_weights: 1.0 1.0 1.0 1.0 1.0 1.0 1.0 0.0 0.0 0.0 0.0 0.0 0.0 0.0 0.0 0.0 0.0 0.0 0.0 0.0
I1103 01:19:54.040927 46959042507840 create_pretraining_data.py:161] masked_lm_weights: 1.0 1.0 1.0 1.0 1.0 1.0 1.0 0.0 0.0 0.0 0.0 0.0 0.0 0.0 0.0 0.0 0.0 0.0 0.0 0.0
INFO:tensorflow:next_sentence_labels: 1
I1103 01:19:54.041010 46959042507840 create_pretraining_data.py:161] next_sentence_labels: 1
INFO:tensorflow:*** Example ***
I1103 01:19:54.041614 46959042507840 create_pretraining_data.py:149] *** Example ***
INFO:tensorflow:tokens: [CLS] الحمد لله [SEP] لنا بالله اما ##ل وس ##لوي [MASK] الله ما خاب الرجاء اذ اشت ##دت رياح الياس فينا سيع ##قب ضيق شد ##تها [MASK] [MASK] [MASK] العت ##مه الظلم ##اء نور [SEP]
I1103 01:19:54.041742 46959042507840 create_pretraining_data.py:151] tokens: [CLS] الحمد لله [SEP] لنا بالله اما ##ل وس ##لوي [MASK] الله ما خاب الرجاء اذ اشت ##دت رياح الياس فينا سيع ##قب ضيق شد ##تها [MASK] [MASK] [MASK] العت ##مه الظلم ##اء نور [SEP]
INFO:tensorflow:input_ids: 2 2807 2784 3 2776 3351 3910 1010 2138 6397 4 1953 1972 18374 7819 4974 3583 4300 24666 7604 7591 8146 2472 7913 11221 2377 4 4 4 11892 2152 9882 1954 3772 3 0 0 0 0 0 0 0 0 0 0 0 0 0 0 0 0 0 0 0 0 0 0 0 0 0 0 0 0 0 0 0 0 0 0 0 0 0 0 0 0 0 0 0 0 0 0 0 0 0 0 0 0 0 0 0 0 0 0 0 0 0 0 0 0 0 0 0 0 0 0 0 0 0 0 0 0 0 0 0 0 0 0 0 0 0 0 0 0 0 0 0 0 0
I1103 01:19:54.041882 46959042507840 create_pretraining_data.py:161] input_ids: 2 2807 2784 3 2776 3351 3910 1010 2138 6397 4 1953 1972 18374 7819 4974 3583 4300 24666 7604 7591 8146 2472 7913 11221 2377 4 4 4 11892 2152 9882 1954 3772 3 0 0 0 0 0 0 0 0 0 0 0 0 0 0 0 0 0 0 0 0 0 0 0 0 0 0 0 0 0 0 0 0 0 0 0 0 0 0 0 0 0 0 0 0 0 0 0 0 0 0 0 0 0 0 0 0 0 0 0 0 0 0 0 0 0 0 0 0 0 0 0 0 0 0 0 0 0 0 0 0 0 0 0 0 0 0 0 0 0 0 0 0 0
INFO:tensorflow:input_mask: 1 1 1 1 1 1 1 1 1 1 1 1 1 1 1 1 1 1 1 1 1 1 1 1 1 1 1 1 1 1 1 1 1 1 1 0 0 0 0 0 0 0 0 0 0 0 0 0 0 0 0 0 0 0 0 0 0 0 0 0 0 0 0 0 0 0 0 0 0 0 0 0 0 0 0 0 0 0 0 0 0 0 0 0 0 0 0 0 0 0 0 0 0 0 0 0 0 0 0 0 0 0 0 0 0 0 0 0 0 0 0 0 0 0 0 0 0 0 0 0 0 0 0 0 0 0 0 0
I1103 01:19:54.042010 46959042507840 create_pretraining_data.py:161] input_mask: 1 1 1 1 1 1 1 1 1 1 1 1 1 1 1 1 1 1 1 1 1 1 1 1 1 1 1 1 1 1 1 1 1 1 1 0 0 0 0 0 0 0 0 0 0 0 0 0 0 0 0 0 0 0 0 0 0 0 0 0 0 0 0 0 0 0 0 0 0 0 0 0 0 0 0 0 0 0 0 0 0 0 0 0 0 0 0 0 0 0 0 0 0 0 0 0 0 0 0 0 0 0 0 0 0 0 0 0 0 0 0 0 0 0 0 0 0 0 0 0 0 0 0 0 0 0 0 0
INFO:tensorflow:segment_ids: 0 0 0 0 1 1 1 1 1 1 1 1 1 1 1 1 1 1 1 1 1 1 1 1 1 1 1 1 1 1 1 1 1 1 1 0 0 0 0 0 0 0 0 0 0 0 0 0 0 0 0 0 0 0 0 0 0 0 0 0 0 0 0 0 0 0 0 0 0 0 0 0 0 0 0 0 0 0 0 0 0 0 0 0 0 0 0 0 0 0 0 0 0 0 0 0 0 0 0 0 0 0 0 0 0 0 0 0 0 0 0 0 0 0 0 0 0 0 0 0 0 0 0 0 0 0 0 0
I1103 01:19:54.042154 46959042507840 create_pretraining_data.py:161] segment_ids: 0 0 0 0 1 1 1 1 1 1 1 1 1 1 1 1 1 1 1 1 1 1 1 1 1 1 1 1 1 1 1 1 1 1 1 0 0 0 0 0 0 0 0 0 0 0 0 0 0 0 0 0 0 0 0 0 0 0 0 0 0 0 0 0 0 0 0 0 0 0 0 0 0 0 0 0 0 0 0 0 0 0 0 0 0 0 0 0 0 0 0 0 0 0 0 0 0 0 0 0 0 0 0 0 0 0 0 0 0 0 0 0 0 0 0 0 0 0 0 0 0 0 0 0 0 0 0 0
INFO:tensorflow:masked_lm_positions: 2 10 26 27 28 0 0 0 0 0 0 0 0 0 0 0 0 0 0 0
I1103 01:19:54.042248 46959042507840 create_pretraining_data.py:161] masked_lm_positions: 2 10 26 27 28 0 0 0 0 0 0 0 0 0 0 0 0 0 0 0
INFO:tensorflow:masked_lm_ids: 2784 5220 2017 10622 3807 0 0 0 0 0 0 0 0 0 0 0 0 0 0 0
I1103 01:19:54.042338 46959042507840 create_pretraining_data.py:161] masked_lm_ids: 2784 5220 2017 10622 3807 0 0 0 0 0 0 0 0 0 0 0 0 0 0 0
INFO:tensorflow:masked_lm_weights: 1.0 1.0 1.0 1.0 1.0 0.0 0.0 0.0 0.0 0.0 0.0 0.0 0.0 0.0 0.0 0.0 0.0 0.0 0.0 0.0
I1103 01:19:54.042429 46959042507840 create_pretraining_data.py:161] masked_lm_weights: 1.0 1.0 1.0 1.0 1.0 0.0 0.0 0.0 0.0 0.0 0.0 0.0 0.0 0.0 0.0 0.0 0.0 0.0 0.0 0.0
INFO:tensorflow:next_sentence_labels: 1
I1103 01:19:54.042511 46959042507840 create_pretraining_data.py:161] next_sentence_labels: 1
INFO:tensorflow:*** Example ***
I1103 01:19:54.051398 46959042507840 create_pretraining_data.py:149] *** Example ***
INFO:tensorflow:tokens: [CLS] [MASK] ##ك [MASK] عمرك لو ما جرب ##ت تاكل ##ه لحاله [SEP] ساحل ##م لا لاص ##لح اي معني ##pl بل كي ارم ##م داخلي المه ##جور من اثر الجفاف العاطف ##ي [SEP]
I1103 01:19:54.052482 46959042507840 create_pretraining_data.py:151] tokens: [CLS] [MASK] ##ك [MASK] عمرك لو ما جرب ##ت تاكل ##ه لحاله [SEP] ساحل ##م لا لاص ##لح اي معني ##pl بل كي ارم ##م داخلي المه ##جور من اثر الجفاف العاطف ##ي [SEP]
INFO:tensorflow:input_ids: 2 4 1014 4 10515 2244 1972 12530 1005 19873 1028 29335 3 18133 1015 1963 19482 1938 2218 7845 9629 2683 3364 20184 1015 9823 3100 16573 1908 6390 24283 15032 1013 3 0 0 0 0 0 0 0 0 0 0 0 0 0 0 0 0 0 0 0 0 0 0 0 0 0 0 0 0 0 0 0 0 0 0 0 0 0 0 0 0 0 0 0 0 0 0 0 0 0 0 0 0 0 0 0 0 0 0 0 0 0 0 0 0 0 0 0 0 0 0 0 0 0 0 0 0 0 0 0 0 0 0 0 0 0 0 0 0 0 0 0 0 0 0
I1103 01:19:54.052657 46959042507840 create_pretraining_data.py:161] input_ids: 2 4 1014 4 10515 2244 1972 12530 1005 19873 1028 29335 3 18133 1015 1963 19482 1938 2218 7845 9629 2683 3364 20184 1015 9823 3100 16573 1908 6390 24283 15032 1013 3 0 0 0 0 0 0 0 0 0 0 0 0 0 0 0 0 0 0 0 0 0 0 0 0 0 0 0 0 0 0 0 0 0 0 0 0 0 0 0 0 0 0 0 0 0 0 0 0 0 0 0 0 0 0 0 0 0 0 0 0 0 0 0 0 0 0 0 0 0 0 0 0 0 0 0 0 0 0 0 0 0 0 0 0 0 0 0 0 0 0 0 0 0 0
INFO:tensorflow:input_mask: 1 1 1 1 1 1 1 1 1 1 1 1 1 1 1 1 1 1 1 1 1 1 1 1 1 1 1 1 1 1 1 1 1 1 0 0 0 0 0 0 0 0 0 0 0 0 0 0 0 0 0 0 0 0 0 0 0 0 0 0 0 0 0 0 0 0 0 0 0 0 0 0 0 0 0 0 0 0 0 0 0 0 0 0 0 0 0 0 0 0 0 0 0 0 0 0 0 0 0 0 0 0 0 0 0 0 0 0 0 0 0 0 0 0 0 0 0 0 0 0 0 0 0 0 0 0 0 0
I1103 01:19:54.052796 46959042507840 create_pretraining_data.py:161] input_mask: 1 1 1 1 1 1 1 1 1 1 1 1 1 1 1 1 1 1 1 1 1 1 1 1 1 1 1 1 1 1 1 1 1 1 0 0 0 0 0 0 0 0 0 0 0 0 0 0 0 0 0 0 0 0 0 0 0 0 0 0 0 0 0 0 0 0 0 0 0 0 0 0 0 0 0 0 0 0 0 0 0 0 0 0 0 0 0 0 0 0 0 0 0 0 0 0 0 0 0 0 0 0 0 0 0 0 0 0 0 0 0 0 0 0 0 0 0 0 0 0 0 0 0 0 0 0 0 0
INFO:tensorflow:segment_ids: 0 0 0 0 0 0 0 0 0 0 0 0 0 1 1 1 1 1 1 1 1 1 1 1 1 1 1 1 1 1 1 1 1 1 0 0 0 0 0 0 0 0 0 0 0 0 0 0 0 0 0 0 0 0 0 0 0 0 0 0 0 0 0 0 0 0 0 0 0 0 0 0 0 0 0 0 0 0 0 0 0 0 0 0 0 0 0 0 0 0 0 0 0 0 0 0 0 0 0 0 0 0 0 0 0 0 0 0 0 0 0 0 0 0 0 0 0 0 0 0 0 0 0 0 0 0 0 0
I1103 01:19:54.052926 46959042507840 create_pretraining_data.py:161] segment_ids: 0 0 0 0 0 0 0 0 0 0 0 0 0 1 1 1 1 1 1 1 1 1 1 1 1 1 1 1 1 1 1 1 1 1 0 0 0 0 0 0 0 0 0 0 0 0 0 0 0 0 0 0 0 0 0 0 0 0 0 0 0 0 0 0 0 0 0 0 0 0 0 0 0 0 0 0 0 0 0 0 0 0 0 0 0 0 0 0 0 0 0 0 0 0 0 0 0 0 0 0 0 0 0 0 0 0 0 0 0 0 0 0 0 0 0 0 0 0 0 0 0 0 0 0 0 0 0 0
INFO:tensorflow:masked_lm_positions: 1 2 3 20 25 0 0 0 0 0 0 0 0 0 0 0 0 0 0 0
I1103 01:19:54.053038 46959042507840 create_pretraining_data.py:161] masked_lm_positions: 1 2 3 20 25 0 0 0 0 0 0 0 0 0 0 0 0 0 0 0
INFO:tensorflow:masked_lm_ids: 5289 1014 2909 21936 9823 0 0 0 0 0 0 0 0 0 0 0 0 0 0 0
I1103 01:19:54.053130 46959042507840 create_pretraining_data.py:161] masked_lm_ids: 5289 1014 2909 21936 9823 0 0 0 0 0 0 0 0 0 0 0 0 0 0 0
INFO:tensorflow:masked_lm_weights: 1.0 1.0 1.0 1.0 1.0 0.0 0.0 0.0 0.0 0.0 0.0 0.0 0.0 0.0 0.0 0.0 0.0 0.0 0.0 0.0
I1103 01:19:54.053225 46959042507840 create_pretraining_data.py:161] masked_lm_weights: 1.0 1.0 1.0 1.0 1.0 0.0 0.0 0.0 0.0 0.0 0.0 0.0 0.0 0.0 0.0 0.0 0.0 0.0 0.0 0.0
INFO:tensorflow:next_sentence_labels: 1
I1103 01:19:54.053309 46959042507840 create_pretraining_data.py:161] next_sentence_labels: 1
INFO:tensorflow:Wrote 9999730 total instances
I1103 02:28:22.485671 46959042507840 create_pretraining_data.py:166] Wrote 9999730 total instances
