Loading module 'all'
WARNING:tensorflow:From ../bert/create_pretraining_data.py:469: The name tf.app.run is deprecated. Please use tf.compat.v1.app.run instead.

WARNING:tensorflow:From ../bert/create_pretraining_data.py:437: The name tf.logging.set_verbosity is deprecated. Please use tf.compat.v1.logging.set_verbosity instead.

W1103 04:25:29.617689 47162026828864 module_wrapper.py:139] From ../bert/create_pretraining_data.py:437: The name tf.logging.set_verbosity is deprecated. Please use tf.compat.v1.logging.set_verbosity instead.

WARNING:tensorflow:From ../bert/create_pretraining_data.py:437: The name tf.logging.INFO is deprecated. Please use tf.compat.v1.logging.INFO instead.

W1103 04:25:29.617949 47162026828864 module_wrapper.py:139] From ../bert/create_pretraining_data.py:437: The name tf.logging.INFO is deprecated. Please use tf.compat.v1.logging.INFO instead.

WARNING:tensorflow:From /scratch/gi372/CAMeLBERT/bert/tokenization.py:125: The name tf.gfile.GFile is deprecated. Please use tf.io.gfile.GFile instead.

W1103 04:25:29.618172 47162026828864 module_wrapper.py:139] From /scratch/gi372/CAMeLBERT/bert/tokenization.py:125: The name tf.gfile.GFile is deprecated. Please use tf.io.gfile.GFile instead.

WARNING:tensorflow:From ../bert/create_pretraining_data.py:444: The name tf.gfile.Glob is deprecated. Please use tf.io.gfile.glob instead.

W1103 04:25:29.725481 47162026828864 module_wrapper.py:139] From ../bert/create_pretraining_data.py:444: The name tf.gfile.Glob is deprecated. Please use tf.io.gfile.glob instead.

WARNING:tensorflow:From ../bert/create_pretraining_data.py:446: The name tf.logging.info is deprecated. Please use tf.compat.v1.logging.info instead.

W1103 04:25:29.752339 47162026828864 module_wrapper.py:139] From ../bert/create_pretraining_data.py:446: The name tf.logging.info is deprecated. Please use tf.compat.v1.logging.info instead.

INFO:tensorflow:*** Reading from input files ***
I1103 04:25:29.752615 47162026828864 create_pretraining_data.py:446] *** Reading from input files ***
INFO:tensorflow:  ../corpora/shards/DA-ali2019-500m-tweet.bw.ar.lines.shard.108.normalized.sents
I1103 04:25:29.752717 47162026828864 create_pretraining_data.py:448]   ../corpora/shards/DA-ali2019-500m-tweet.bw.ar.lines.shard.108.normalized.sents
INFO:tensorflow:*** Writing to output files ***
I1103 05:06:12.670578 47162026828864 create_pretraining_data.py:457] *** Writing to output files ***
INFO:tensorflow:  ../corpora/tfrecord_wp-30k_msl-128/DA-ali2019-500m-tweet.bw.ar.lines.shard.108.tf_record
I1103 05:06:12.703078 47162026828864 create_pretraining_data.py:459]   ../corpora/tfrecord_wp-30k_msl-128/DA-ali2019-500m-tweet.bw.ar.lines.shard.108.tf_record
WARNING:tensorflow:From ../bert/create_pretraining_data.py:101: The name tf.python_io.TFRecordWriter is deprecated. Please use tf.io.TFRecordWriter instead.

W1103 05:06:12.774005 47162026828864 module_wrapper.py:139] From ../bert/create_pretraining_data.py:101: The name tf.python_io.TFRecordWriter is deprecated. Please use tf.io.TFRecordWriter instead.

INFO:tensorflow:*** Example ***
I1103 05:06:13.044020 47162026828864 create_pretraining_data.py:149] *** Example ***
INFO:tensorflow:tokens: [CLS] المحامي هشام الفهد التمييز تل ##زم بنك بم ##ليون [MASK] [MASK] [MASK] الف د ك لشرك ##ه في اول [MASK] نهائي بق ##ضايا المشت ##قات الماليه [SEP] الميزانيه العامه اجمالي [MASK] [MASK] المتوقع ##ه بنها ##يه معاهدة الجاري 2015 بلغ 97 ##5 مليار ريال [MASK] العامه للدول ##ه الميزانيه السعوديه [SEP]
I1103 05:06:13.045092 47162026828864 create_pretraining_data.py:151] tokens: [CLS] المحامي هشام الفهد التمييز تل ##زم بنك بم ##ليون [MASK] [MASK] [MASK] الف د ك لشرك ##ه في اول [MASK] نهائي بق ##ضايا المشت ##قات الماليه [SEP] الميزانيه العامه اجمالي [MASK] [MASK] المتوقع ##ه بنها ##يه معاهدة الجاري 2015 بلغ 97 ##5 مليار ريال [MASK] العامه للدول ##ه الميزانيه السعوديه [SEP]
INFO:tensorflow:input_ids: 2 12716 8966 21385 16218 7953 2741 4996 2225 5487 4 4 4 1980 395 410 27458 1028 1912 3085 4 8179 2498 3522 4350 2303 20941 3 14422 6760 28097 4 4 9617 1028 13113 1988 22583 6963 3488 3854 18683 1030 4905 3108 4 6760 19564 1028 14422 2721 3 0 0 0 0 0 0 0 0 0 0 0 0 0 0 0 0 0 0 0 0 0 0 0 0 0 0 0 0 0 0 0 0 0 0 0 0 0 0 0 0 0 0 0 0 0 0 0 0 0 0 0 0 0 0 0 0 0 0 0 0 0 0 0 0 0 0 0 0 0 0 0 0 0 0 0 0
I1103 05:06:13.046581 47162026828864 create_pretraining_data.py:161] input_ids: 2 12716 8966 21385 16218 7953 2741 4996 2225 5487 4 4 4 1980 395 410 27458 1028 1912 3085 4 8179 2498 3522 4350 2303 20941 3 14422 6760 28097 4 4 9617 1028 13113 1988 22583 6963 3488 3854 18683 1030 4905 3108 4 6760 19564 1028 14422 2721 3 0 0 0 0 0 0 0 0 0 0 0 0 0 0 0 0 0 0 0 0 0 0 0 0 0 0 0 0 0 0 0 0 0 0 0 0 0 0 0 0 0 0 0 0 0 0 0 0 0 0 0 0 0 0 0 0 0 0 0 0 0 0 0 0 0 0 0 0 0 0 0 0 0 0 0 0
INFO:tensorflow:input_mask: 1 1 1 1 1 1 1 1 1 1 1 1 1 1 1 1 1 1 1 1 1 1 1 1 1 1 1 1 1 1 1 1 1 1 1 1 1 1 1 1 1 1 1 1 1 1 1 1 1 1 1 1 0 0 0 0 0 0 0 0 0 0 0 0 0 0 0 0 0 0 0 0 0 0 0 0 0 0 0 0 0 0 0 0 0 0 0 0 0 0 0 0 0 0 0 0 0 0 0 0 0 0 0 0 0 0 0 0 0 0 0 0 0 0 0 0 0 0 0 0 0 0 0 0 0 0 0 0
I1103 05:06:13.046824 47162026828864 create_pretraining_data.py:161] input_mask: 1 1 1 1 1 1 1 1 1 1 1 1 1 1 1 1 1 1 1 1 1 1 1 1 1 1 1 1 1 1 1 1 1 1 1 1 1 1 1 1 1 1 1 1 1 1 1 1 1 1 1 1 0 0 0 0 0 0 0 0 0 0 0 0 0 0 0 0 0 0 0 0 0 0 0 0 0 0 0 0 0 0 0 0 0 0 0 0 0 0 0 0 0 0 0 0 0 0 0 0 0 0 0 0 0 0 0 0 0 0 0 0 0 0 0 0 0 0 0 0 0 0 0 0 0 0 0 0
INFO:tensorflow:segment_ids: 0 0 0 0 0 0 0 0 0 0 0 0 0 0 0 0 0 0 0 0 0 0 0 0 0 0 0 0 1 1 1 1 1 1 1 1 1 1 1 1 1 1 1 1 1 1 1 1 1 1 1 1 0 0 0 0 0 0 0 0 0 0 0 0 0 0 0 0 0 0 0 0 0 0 0 0 0 0 0 0 0 0 0 0 0 0 0 0 0 0 0 0 0 0 0 0 0 0 0 0 0 0 0 0 0 0 0 0 0 0 0 0 0 0 0 0 0 0 0 0 0 0 0 0 0 0 0 0
I1103 05:06:13.047031 47162026828864 create_pretraining_data.py:161] segment_ids: 0 0 0 0 0 0 0 0 0 0 0 0 0 0 0 0 0 0 0 0 0 0 0 0 0 0 0 0 1 1 1 1 1 1 1 1 1 1 1 1 1 1 1 1 1 1 1 1 1 1 1 1 0 0 0 0 0 0 0 0 0 0 0 0 0 0 0 0 0 0 0 0 0 0 0 0 0 0 0 0 0 0 0 0 0 0 0 0 0 0 0 0 0 0 0 0 0 0 0 0 0 0 0 0 0 0 0 0 0 0 0 0 0 0 0 0 0 0 0 0 0 0 0 0 0 0 0 0
INFO:tensorflow:masked_lm_positions: 10 11 12 20 31 32 37 45 0 0 0 0 0 0 0 0 0 0 0 0
I1103 05:06:13.047173 47162026828864 create_pretraining_data.py:161] masked_lm_positions: 10 11 12 20 31 32 37 45 0 0 0 0 0 0 0 0 0 0 0 0
INFO:tensorflow:masked_lm_ids: 28583 12636 4379 3904 3784 2303 2169 14422 0 0 0 0 0 0 0 0 0 0 0 0
I1103 05:06:13.047309 47162026828864 create_pretraining_data.py:161] masked_lm_ids: 28583 12636 4379 3904 3784 2303 2169 14422 0 0 0 0 0 0 0 0 0 0 0 0
INFO:tensorflow:masked_lm_weights: 1.0 1.0 1.0 1.0 1.0 1.0 1.0 1.0 0.0 0.0 0.0 0.0 0.0 0.0 0.0 0.0 0.0 0.0 0.0 0.0
I1103 05:06:13.048352 47162026828864 create_pretraining_data.py:161] masked_lm_weights: 1.0 1.0 1.0 1.0 1.0 1.0 1.0 1.0 0.0 0.0 0.0 0.0 0.0 0.0 0.0 0.0 0.0 0.0 0.0 0.0
INFO:tensorflow:next_sentence_labels: 1
I1103 05:06:13.048493 47162026828864 create_pretraining_data.py:161] next_sentence_labels: 1
INFO:tensorflow:*** Example ***
I1103 05:06:13.049546 47162026828864 create_pretraining_data.py:149] *** Example ***
INFO:tensorflow:tokens: [CLS] حقوق [MASK] عند تاخ ##ير [MASK] علي النا ##قل [MASK] [SEP] تعالي واتس علي فكره اسمه واتساب اي ##وا ##ا بقي نسي ##ب الدي ام اللي بيع ##لق عشان [MASK] اسمه [MASK] [MASK] وتس ##اب [SEP]
I1103 05:06:13.049766 47162026828864 create_pretraining_data.py:151] tokens: [CLS] حقوق [MASK] عند تاخ ##ير [MASK] علي النا ##قل [MASK] [SEP] تعالي واتس علي فكره اسمه واتساب اي ##وا ##ا بقي نسي ##ب الدي ام اللي بيع ##لق عشان [MASK] اسمه [MASK] [MASK] وتس ##اب [SEP]
INFO:tensorflow:input_ids: 2 3902 4 2192 15468 1916 4 1958 2193 2246 4 3 5175 5682 1958 7969 6079 6023 2218 1928 1007 4078 4596 1045 4944 2112 2115 4116 1941 3573 4 6079 4 4 5102 1933 3 0 0 0 0 0 0 0 0 0 0 0 0 0 0 0 0 0 0 0 0 0 0 0 0 0 0 0 0 0 0 0 0 0 0 0 0 0 0 0 0 0 0 0 0 0 0 0 0 0 0 0 0 0 0 0 0 0 0 0 0 0 0 0 0 0 0 0 0 0 0 0 0 0 0 0 0 0 0 0 0 0 0 0 0 0 0 0 0 0 0 0
I1103 05:06:13.049994 47162026828864 create_pretraining_data.py:161] input_ids: 2 3902 4 2192 15468 1916 4 1958 2193 2246 4 3 5175 5682 1958 7969 6079 6023 2218 1928 1007 4078 4596 1045 4944 2112 2115 4116 1941 3573 4 6079 4 4 5102 1933 3 0 0 0 0 0 0 0 0 0 0 0 0 0 0 0 0 0 0 0 0 0 0 0 0 0 0 0 0 0 0 0 0 0 0 0 0 0 0 0 0 0 0 0 0 0 0 0 0 0 0 0 0 0 0 0 0 0 0 0 0 0 0 0 0 0 0 0 0 0 0 0 0 0 0 0 0 0 0 0 0 0 0 0 0 0 0 0 0 0 0 0
INFO:tensorflow:input_mask: 1 1 1 1 1 1 1 1 1 1 1 1 1 1 1 1 1 1 1 1 1 1 1 1 1 1 1 1 1 1 1 1 1 1 1 1 1 0 0 0 0 0 0 0 0 0 0 0 0 0 0 0 0 0 0 0 0 0 0 0 0 0 0 0 0 0 0 0 0 0 0 0 0 0 0 0 0 0 0 0 0 0 0 0 0 0 0 0 0 0 0 0 0 0 0 0 0 0 0 0 0 0 0 0 0 0 0 0 0 0 0 0 0 0 0 0 0 0 0 0 0 0 0 0 0 0 0 0
I1103 05:06:13.050215 47162026828864 create_pretraining_data.py:161] input_mask: 1 1 1 1 1 1 1 1 1 1 1 1 1 1 1 1 1 1 1 1 1 1 1 1 1 1 1 1 1 1 1 1 1 1 1 1 1 0 0 0 0 0 0 0 0 0 0 0 0 0 0 0 0 0 0 0 0 0 0 0 0 0 0 0 0 0 0 0 0 0 0 0 0 0 0 0 0 0 0 0 0 0 0 0 0 0 0 0 0 0 0 0 0 0 0 0 0 0 0 0 0 0 0 0 0 0 0 0 0 0 0 0 0 0 0 0 0 0 0 0 0 0 0 0 0 0 0 0
INFO:tensorflow:segment_ids: 0 0 0 0 0 0 0 0 0 0 0 0 1 1 1 1 1 1 1 1 1 1 1 1 1 1 1 1 1 1 1 1 1 1 1 1 1 0 0 0 0 0 0 0 0 0 0 0 0 0 0 0 0 0 0 0 0 0 0 0 0 0 0 0 0 0 0 0 0 0 0 0 0 0 0 0 0 0 0 0 0 0 0 0 0 0 0 0 0 0 0 0 0 0 0 0 0 0 0 0 0 0 0 0 0 0 0 0 0 0 0 0 0 0 0 0 0 0 0 0 0 0 0 0 0 0 0 0
I1103 05:06:13.050404 47162026828864 create_pretraining_data.py:161] segment_ids: 0 0 0 0 0 0 0 0 0 0 0 0 1 1 1 1 1 1 1 1 1 1 1 1 1 1 1 1 1 1 1 1 1 1 1 1 1 0 0 0 0 0 0 0 0 0 0 0 0 0 0 0 0 0 0 0 0 0 0 0 0 0 0 0 0 0 0 0 0 0 0 0 0 0 0 0 0 0 0 0 0 0 0 0 0 0 0 0 0 0 0 0 0 0 0 0 0 0 0 0 0 0 0 0 0 0 0 0 0 0 0 0 0 0 0 0 0 0 0 0 0 0 0 0 0 0 0 0
INFO:tensorflow:masked_lm_positions: 2 6 10 30 32 33 0 0 0 0 0 0 0 0 0 0 0 0 0 0
I1103 05:06:13.050544 47162026828864 create_pretraining_data.py:161] masked_lm_positions: 2 6 10 30 32 33 0 0 0 0 0 0 0 0 0 0 0 0 0 0
INFO:tensorflow:masked_lm_ids: 12884 13507 11307 13902 5682 2086 0 0 0 0 0 0 0 0 0 0 0 0 0 0
I1103 05:06:13.050688 47162026828864 create_pretraining_data.py:161] masked_lm_ids: 12884 13507 11307 13902 5682 2086 0 0 0 0 0 0 0 0 0 0 0 0 0 0
INFO:tensorflow:masked_lm_weights: 1.0 1.0 1.0 1.0 1.0 1.0 0.0 0.0 0.0 0.0 0.0 0.0 0.0 0.0 0.0 0.0 0.0 0.0 0.0 0.0
I1103 05:06:13.050826 47162026828864 create_pretraining_data.py:161] masked_lm_weights: 1.0 1.0 1.0 1.0 1.0 1.0 0.0 0.0 0.0 0.0 0.0 0.0 0.0 0.0 0.0 0.0 0.0 0.0 0.0 0.0
INFO:tensorflow:next_sentence_labels: 1
I1103 05:06:13.050951 47162026828864 create_pretraining_data.py:161] next_sentence_labels: 1
INFO:tensorflow:*** Example ***
I1103 05:06:13.051940 47162026828864 create_pretraining_data.py:149] *** Example ***
INFO:tensorflow:tokens: [CLS] قف ##ي شامخ ##ه علي اط ##لال حلمك المست ##يقظ خذ ##لان قف ##ي ب حد ##ر بقوله كل الاك ##ف تقت ##طف لك الورد [MASK] [MASK] [MASK] منه الشه ##دا همس [SEP] الماجستير السريع ##ه هي [MASK] [SEP]
I1103 05:06:13.052135 47162026828864 create_pretraining_data.py:151] tokens: [CLS] قف ##ي شامخ ##ه علي اط ##لال حلمك المست ##يقظ خذ ##لان قف ##ي ب حد ##ر بقوله كل الاك ##ف تقت ##طف لك الورد [MASK] [MASK] [MASK] منه الشه ##دا همس [SEP] الماجستير السريع ##ه هي [MASK] [SEP]
INFO:tensorflow:input_ids: 2 14292 1013 22353 1028 1958 2959 2046 19823 2338 11227 5390 2429 14292 1013 388 2470 1017 10889 2038 8590 1037 8128 2297 2278 5622 4 4 4 2739 4047 2060 7070 3 17294 10010 1028 2247 4 3 0 0 0 0 0 0 0 0 0 0 0 0 0 0 0 0 0 0 0 0 0 0 0 0 0 0 0 0 0 0 0 0 0 0 0 0 0 0 0 0 0 0 0 0 0 0 0 0 0 0 0 0 0 0 0 0 0 0 0 0 0 0 0 0 0 0 0 0 0 0 0 0 0 0 0 0 0 0 0 0 0 0 0 0 0 0 0 0
I1103 05:06:13.052355 47162026828864 create_pretraining_data.py:161] input_ids: 2 14292 1013 22353 1028 1958 2959 2046 19823 2338 11227 5390 2429 14292 1013 388 2470 1017 10889 2038 8590 1037 8128 2297 2278 5622 4 4 4 2739 4047 2060 7070 3 17294 10010 1028 2247 4 3 0 0 0 0 0 0 0 0 0 0 0 0 0 0 0 0 0 0 0 0 0 0 0 0 0 0 0 0 0 0 0 0 0 0 0 0 0 0 0 0 0 0 0 0 0 0 0 0 0 0 0 0 0 0 0 0 0 0 0 0 0 0 0 0 0 0 0 0 0 0 0 0 0 0 0 0 0 0 0 0 0 0 0 0 0 0 0 0
INFO:tensorflow:input_mask: 1 1 1 1 1 1 1 1 1 1 1 1 1 1 1 1 1 1 1 1 1 1 1 1 1 1 1 1 1 1 1 1 1 1 1 1 1 1 1 1 0 0 0 0 0 0 0 0 0 0 0 0 0 0 0 0 0 0 0 0 0 0 0 0 0 0 0 0 0 0 0 0 0 0 0 0 0 0 0 0 0 0 0 0 0 0 0 0 0 0 0 0 0 0 0 0 0 0 0 0 0 0 0 0 0 0 0 0 0 0 0 0 0 0 0 0 0 0 0 0 0 0 0 0 0 0 0 0
I1103 05:06:13.052568 47162026828864 create_pretraining_data.py:161] input_mask: 1 1 1 1 1 1 1 1 1 1 1 1 1 1 1 1 1 1 1 1 1 1 1 1 1 1 1 1 1 1 1 1 1 1 1 1 1 1 1 1 0 0 0 0 0 0 0 0 0 0 0 0 0 0 0 0 0 0 0 0 0 0 0 0 0 0 0 0 0 0 0 0 0 0 0 0 0 0 0 0 0 0 0 0 0 0 0 0 0 0 0 0 0 0 0 0 0 0 0 0 0 0 0 0 0 0 0 0 0 0 0 0 0 0 0 0 0 0 0 0 0 0 0 0 0 0 0 0
INFO:tensorflow:segment_ids: 0 0 0 0 0 0 0 0 0 0 0 0 0 0 0 0 0 0 0 0 0 0 0 0 0 0 0 0 0 0 0 0 0 0 1 1 1 1 1 1 0 0 0 0 0 0 0 0 0 0 0 0 0 0 0 0 0 0 0 0 0 0 0 0 0 0 0 0 0 0 0 0 0 0 0 0 0 0 0 0 0 0 0 0 0 0 0 0 0 0 0 0 0 0 0 0 0 0 0 0 0 0 0 0 0 0 0 0 0 0 0 0 0 0 0 0 0 0 0 0 0 0 0 0 0 0 0 0
I1103 05:06:13.052767 47162026828864 create_pretraining_data.py:161] segment_ids: 0 0 0 0 0 0 0 0 0 0 0 0 0 0 0 0 0 0 0 0 0 0 0 0 0 0 0 0 0 0 0 0 0 0 1 1 1 1 1 1 0 0 0 0 0 0 0 0 0 0 0 0 0 0 0 0 0 0 0 0 0 0 0 0 0 0 0 0 0 0 0 0 0 0 0 0 0 0 0 0 0 0 0 0 0 0 0 0 0 0 0 0 0 0 0 0 0 0 0 0 0 0 0 0 0 0 0 0 0 0 0 0 0 0 0 0 0 0 0 0 0 0 0 0 0 0 0 0
INFO:tensorflow:masked_lm_positions: 18 26 27 28 34 38 0 0 0 0 0 0 0 0 0 0 0 0 0 0
I1103 05:06:13.052908 47162026828864 create_pretraining_data.py:161] masked_lm_positions: 18 26 27 28 34 38 0 0 0 0 0 0 0 0 0 0 0 0 0 0
INFO:tensorflow:masked_lm_ids: 4721 2219 1920 4657 9615 6660 0 0 0 0 0 0 0 0 0 0 0 0 0 0
I1103 05:06:13.053042 47162026828864 create_pretraining_data.py:161] masked_lm_ids: 4721 2219 1920 4657 9615 6660 0 0 0 0 0 0 0 0 0 0 0 0 0 0
INFO:tensorflow:masked_lm_weights: 1.0 1.0 1.0 1.0 1.0 1.0 0.0 0.0 0.0 0.0 0.0 0.0 0.0 0.0 0.0 0.0 0.0 0.0 0.0 0.0
I1103 05:06:13.053179 47162026828864 create_pretraining_data.py:161] masked_lm_weights: 1.0 1.0 1.0 1.0 1.0 1.0 0.0 0.0 0.0 0.0 0.0 0.0 0.0 0.0 0.0 0.0 0.0 0.0 0.0 0.0
INFO:tensorflow:next_sentence_labels: 1
I1103 05:06:13.053302 47162026828864 create_pretraining_data.py:161] next_sentence_labels: 1
INFO:tensorflow:*** Example ***
I1103 05:06:13.054196 47162026828864 create_pretraining_data.py:149] *** Example ***
INFO:tensorflow:tokens: [CLS] [MASK] حي ##ره الدنيا كلها [SEP] ساعه رو ##لك ##س است ##يل فضي الميناء اسود درجه اولي هاي كوالتي الرياض [MASK] [SEP]
I1103 05:06:13.054377 47162026828864 create_pretraining_data.py:151] tokens: [CLS] [MASK] حي ##ره الدنيا كلها [SEP] ساعه رو ##لك ##س است ##يل فضي الميناء اسود درجه اولي هاي كوالتي الرياض [MASK] [SEP]
INFO:tensorflow:input_ids: 2 4 2322 2197 2859 4465 3 4681 4499 1934 1033 2052 2027 10185 23315 10149 8090 7289 4568 18317 2392 4 3 0 0 0 0 0 0 0 0 0 0 0 0 0 0 0 0 0 0 0 0 0 0 0 0 0 0 0 0 0 0 0 0 0 0 0 0 0 0 0 0 0 0 0 0 0 0 0 0 0 0 0 0 0 0 0 0 0 0 0 0 0 0 0 0 0 0 0 0 0 0 0 0 0 0 0 0 0 0 0 0 0 0 0 0 0 0 0 0 0 0 0 0 0 0 0 0 0 0 0 0 0 0 0 0 0
I1103 05:06:13.054579 47162026828864 create_pretraining_data.py:161] input_ids: 2 4 2322 2197 2859 4465 3 4681 4499 1934 1033 2052 2027 10185 23315 10149 8090 7289 4568 18317 2392 4 3 0 0 0 0 0 0 0 0 0 0 0 0 0 0 0 0 0 0 0 0 0 0 0 0 0 0 0 0 0 0 0 0 0 0 0 0 0 0 0 0 0 0 0 0 0 0 0 0 0 0 0 0 0 0 0 0 0 0 0 0 0 0 0 0 0 0 0 0 0 0 0 0 0 0 0 0 0 0 0 0 0 0 0 0 0 0 0 0 0 0 0 0 0 0 0 0 0 0 0 0 0 0 0 0 0
INFO:tensorflow:input_mask: 1 1 1 1 1 1 1 1 1 1 1 1 1 1 1 1 1 1 1 1 1 1 1 0 0 0 0 0 0 0 0 0 0 0 0 0 0 0 0 0 0 0 0 0 0 0 0 0 0 0 0 0 0 0 0 0 0 0 0 0 0 0 0 0 0 0 0 0 0 0 0 0 0 0 0 0 0 0 0 0 0 0 0 0 0 0 0 0 0 0 0 0 0 0 0 0 0 0 0 0 0 0 0 0 0 0 0 0 0 0 0 0 0 0 0 0 0 0 0 0 0 0 0 0 0 0 0 0
I1103 05:06:13.054782 47162026828864 create_pretraining_data.py:161] input_mask: 1 1 1 1 1 1 1 1 1 1 1 1 1 1 1 1 1 1 1 1 1 1 1 0 0 0 0 0 0 0 0 0 0 0 0 0 0 0 0 0 0 0 0 0 0 0 0 0 0 0 0 0 0 0 0 0 0 0 0 0 0 0 0 0 0 0 0 0 0 0 0 0 0 0 0 0 0 0 0 0 0 0 0 0 0 0 0 0 0 0 0 0 0 0 0 0 0 0 0 0 0 0 0 0 0 0 0 0 0 0 0 0 0 0 0 0 0 0 0 0 0 0 0 0 0 0 0 0
INFO:tensorflow:segment_ids: 0 0 0 0 0 0 0 1 1 1 1 1 1 1 1 1 1 1 1 1 1 1 1 0 0 0 0 0 0 0 0 0 0 0 0 0 0 0 0 0 0 0 0 0 0 0 0 0 0 0 0 0 0 0 0 0 0 0 0 0 0 0 0 0 0 0 0 0 0 0 0 0 0 0 0 0 0 0 0 0 0 0 0 0 0 0 0 0 0 0 0 0 0 0 0 0 0 0 0 0 0 0 0 0 0 0 0 0 0 0 0 0 0 0 0 0 0 0 0 0 0 0 0 0 0 0 0 0
I1103 05:06:13.054985 47162026828864 create_pretraining_data.py:161] segment_ids: 0 0 0 0 0 0 0 1 1 1 1 1 1 1 1 1 1 1 1 1 1 1 1 0 0 0 0 0 0 0 0 0 0 0 0 0 0 0 0 0 0 0 0 0 0 0 0 0 0 0 0 0 0 0 0 0 0 0 0 0 0 0 0 0 0 0 0 0 0 0 0 0 0 0 0 0 0 0 0 0 0 0 0 0 0 0 0 0 0 0 0 0 0 0 0 0 0 0 0 0 0 0 0 0 0 0 0 0 0 0 0 0 0 0 0 0 0 0 0 0 0 0 0 0 0 0 0 0
INFO:tensorflow:masked_lm_positions: 1 17 21 0 0 0 0 0 0 0 0 0 0 0 0 0 0 0 0 0
I1103 05:06:13.055125 47162026828864 create_pretraining_data.py:161] masked_lm_positions: 1 17 21 0 0 0 0 0 0 0 0 0 0 0 0 0 0 0 0 0
INFO:tensorflow:masked_lm_ids: 6049 7289 19987 0 0 0 0 0 0 0 0 0 0 0 0 0 0 0 0 0
I1103 05:06:13.055260 47162026828864 create_pretraining_data.py:161] masked_lm_ids: 6049 7289 19987 0 0 0 0 0 0 0 0 0 0 0 0 0 0 0 0 0
INFO:tensorflow:masked_lm_weights: 1.0 1.0 1.0 0.0 0.0 0.0 0.0 0.0 0.0 0.0 0.0 0.0 0.0 0.0 0.0 0.0 0.0 0.0 0.0 0.0
I1103 05:06:13.055397 47162026828864 create_pretraining_data.py:161] masked_lm_weights: 1.0 1.0 1.0 0.0 0.0 0.0 0.0 0.0 0.0 0.0 0.0 0.0 0.0 0.0 0.0 0.0 0.0 0.0 0.0 0.0
INFO:tensorflow:next_sentence_labels: 1
I1103 05:06:13.055521 47162026828864 create_pretraining_data.py:161] next_sentence_labels: 1
INFO:tensorflow:*** Example ***
I1103 05:06:13.056257 47162026828864 create_pretraining_data.py:149] *** Example ***
INFO:tensorflow:tokens: [CLS] انسان في [MASK] المراج ##ل ناجح [MASK] كفو واللي كفو يستاهل ابشر بنا ابشر بنا يار ##اج ##ح اللي [MASK] يدخل مع فريق ##ك جاهل صالح السهل ##ي راجح الحارثي [SEP] [MASK] كانت ناجح ##ه لكن المريض مات [MASK] [MASK] [SEP]
I1103 05:06:13.056406 47162026828864 create_pretraining_data.py:151] tokens: [CLS] انسان في [MASK] المراج ##ل ناجح [MASK] كفو واللي كفو يستاهل ابشر بنا ابشر بنا يار ##اج ##ح اللي [MASK] يدخل مع فريق ##ك جاهل صالح السهل ##ي راجح الحارثي [SEP] [MASK] كانت ناجح ##ه لكن المريض مات [MASK] [MASK] [SEP]
INFO:tensorflow:input_ids: 2 5450 1912 4 24158 1010 21679 4 14924 5522 14924 10593 22428 3122 22428 3122 6502 2078 1032 2115 4 6069 1973 3559 1014 26659 3774 16286 1013 10021 13859 3 4 2431 21679 1028 2425 8647 3019 4 4 3 0 0 0 0 0 0 0 0 0 0 0 0 0 0 0 0 0 0 0 0 0 0 0 0 0 0 0 0 0 0 0 0 0 0 0 0 0 0 0 0 0 0 0 0 0 0 0 0 0 0 0 0 0 0 0 0 0 0 0 0 0 0 0 0 0 0 0 0 0 0 0 0 0 0 0 0 0 0 0 0 0 0 0 0 0 0
I1103 05:06:13.056568 47162026828864 create_pretraining_data.py:161] input_ids: 2 5450 1912 4 24158 1010 21679 4 14924 5522 14924 10593 22428 3122 22428 3122 6502 2078 1032 2115 4 6069 1973 3559 1014 26659 3774 16286 1013 10021 13859 3 4 2431 21679 1028 2425 8647 3019 4 4 3 0 0 0 0 0 0 0 0 0 0 0 0 0 0 0 0 0 0 0 0 0 0 0 0 0 0 0 0 0 0 0 0 0 0 0 0 0 0 0 0 0 0 0 0 0 0 0 0 0 0 0 0 0 0 0 0 0 0 0 0 0 0 0 0 0 0 0 0 0 0 0 0 0 0 0 0 0 0 0 0 0 0 0 0 0 0
INFO:tensorflow:input_mask: 1 1 1 1 1 1 1 1 1 1 1 1 1 1 1 1 1 1 1 1 1 1 1 1 1 1 1 1 1 1 1 1 1 1 1 1 1 1 1 1 1 1 0 0 0 0 0 0 0 0 0 0 0 0 0 0 0 0 0 0 0 0 0 0 0 0 0 0 0 0 0 0 0 0 0 0 0 0 0 0 0 0 0 0 0 0 0 0 0 0 0 0 0 0 0 0 0 0 0 0 0 0 0 0 0 0 0 0 0 0 0 0 0 0 0 0 0 0 0 0 0 0 0 0 0 0 0 0
I1103 05:06:13.056715 47162026828864 create_pretraining_data.py:161] input_mask: 1 1 1 1 1 1 1 1 1 1 1 1 1 1 1 1 1 1 1 1 1 1 1 1 1 1 1 1 1 1 1 1 1 1 1 1 1 1 1 1 1 1 0 0 0 0 0 0 0 0 0 0 0 0 0 0 0 0 0 0 0 0 0 0 0 0 0 0 0 0 0 0 0 0 0 0 0 0 0 0 0 0 0 0 0 0 0 0 0 0 0 0 0 0 0 0 0 0 0 0 0 0 0 0 0 0 0 0 0 0 0 0 0 0 0 0 0 0 0 0 0 0 0 0 0 0 0 0
INFO:tensorflow:segment_ids: 0 0 0 0 0 0 0 0 0 0 0 0 0 0 0 0 0 0 0 0 0 0 0 0 0 0 0 0 0 0 0 0 1 1 1 1 1 1 1 1 1 1 0 0 0 0 0 0 0 0 0 0 0 0 0 0 0 0 0 0 0 0 0 0 0 0 0 0 0 0 0 0 0 0 0 0 0 0 0 0 0 0 0 0 0 0 0 0 0 0 0 0 0 0 0 0 0 0 0 0 0 0 0 0 0 0 0 0 0 0 0 0 0 0 0 0 0 0 0 0 0 0 0 0 0 0 0 0
I1103 05:06:13.056852 47162026828864 create_pretraining_data.py:161] segment_ids: 0 0 0 0 0 0 0 0 0 0 0 0 0 0 0 0 0 0 0 0 0 0 0 0 0 0 0 0 0 0 0 0 1 1 1 1 1 1 1 1 1 1 0 0 0 0 0 0 0 0 0 0 0 0 0 0 0 0 0 0 0 0 0 0 0 0 0 0 0 0 0 0 0 0 0 0 0 0 0 0 0 0 0 0 0 0 0 0 0 0 0 0 0 0 0 0 0 0 0 0 0 0 0 0 0 0 0 0 0 0 0 0 0 0 0 0 0 0 0 0 0 0 0 0 0 0 0 0
INFO:tensorflow:masked_lm_positions: 3 7 20 32 39 40 0 0 0 0 0 0 0 0 0 0 0 0 0 0
I1103 05:06:13.056970 47162026828864 create_pretraining_data.py:161] masked_lm_positions: 3 7 20 32 39 40 0 0 0 0 0 0 0 0 0 0 0 0 0 0
INFO:tensorflow:masked_lm_ids: 11080 10021 1972 25988 26304 2817 0 0 0 0 0 0 0 0 0 0 0 0 0 0
I1103 05:06:13.057069 47162026828864 create_pretraining_data.py:161] masked_lm_ids: 11080 10021 1972 25988 26304 2817 0 0 0 0 0 0 0 0 0 0 0 0 0 0
INFO:tensorflow:masked_lm_weights: 1.0 1.0 1.0 1.0 1.0 1.0 0.0 0.0 0.0 0.0 0.0 0.0 0.0 0.0 0.0 0.0 0.0 0.0 0.0 0.0
I1103 05:06:13.057169 47162026828864 create_pretraining_data.py:161] masked_lm_weights: 1.0 1.0 1.0 1.0 1.0 1.0 0.0 0.0 0.0 0.0 0.0 0.0 0.0 0.0 0.0 0.0 0.0 0.0 0.0 0.0
INFO:tensorflow:next_sentence_labels: 1
I1103 05:06:13.057260 47162026828864 create_pretraining_data.py:161] next_sentence_labels: 1
INFO:tensorflow:*** Example ***
I1103 05:06:13.057975 47162026828864 create_pretraining_data.py:149] *** Example ***
INFO:tensorflow:tokens: [CLS] [MASK] المطلق يحل ##ل السعود ##ه الوهم ##يه هنا تجسد المثل الشعبي حط بينك وبين النار مط ##وع [MASK] التح ##ايل ع الان ##ظمه واك ##ل [MASK] الحرام [MASK] سبحان ##وه [SEP] رساله في حار ##تنا ديك 3 يص ##يح كل صباح انا الحاكم بامر ##ي والجن ##رال الاحد ياتي ##ني [MASK] من بين يدي ومن خلفي فهل من معت ##رض [MASK] [MASK] [MASK] النيل [SEP]
I1103 05:06:13.058131 47162026828864 create_pretraining_data.py:151] tokens: [CLS] [MASK] المطلق يحل ##ل السعود ##ه الوهم ##يه هنا تجسد المثل الشعبي حط بينك وبين النار مط ##وع [MASK] التح ##ايل ع الان ##ظمه واك ##ل [MASK] الحرام [MASK] سبحان ##وه [SEP] رساله في حار ##تنا ديك 3 يص ##يح كل صباح انا الحاكم بامر ##ي والجن ##رال الاحد ياتي ##ني [MASK] من بين يدي ومن خلفي فهل من معت ##رض [MASK] [MASK] [MASK] النيل [SEP]
INFO:tensorflow:input_ids: 2 4 18954 12438 1010 22988 1028 18085 1988 2349 28400 14747 5651 7249 11847 3944 3919 2274 2095 4 2541 6592 405 2311 10314 12762 1010 4 9620 4 2575 2283 3 5860 1912 14973 3359 5823 23 2818 4803 2038 2570 2315 8965 20354 1013 14240 8728 6187 7404 1974 4 1908 2117 7580 2298 18217 7539 1908 4502 2080 4 4 4 9465 3 0 0 0 0 0 0 0 0 0 0 0 0 0 0 0 0 0 0 0 0 0 0 0 0 0 0 0 0 0 0 0 0 0 0 0 0 0 0 0 0 0 0 0 0 0 0 0 0 0 0 0 0 0 0 0 0 0 0 0 0 0
I1103 05:06:13.058298 47162026828864 create_pretraining_data.py:161] input_ids: 2 4 18954 12438 1010 22988 1028 18085 1988 2349 28400 14747 5651 7249 11847 3944 3919 2274 2095 4 2541 6592 405 2311 10314 12762 1010 4 9620 4 2575 2283 3 5860 1912 14973 3359 5823 23 2818 4803 2038 2570 2315 8965 20354 1013 14240 8728 6187 7404 1974 4 1908 2117 7580 2298 18217 7539 1908 4502 2080 4 4 4 9465 3 0 0 0 0 0 0 0 0 0 0 0 0 0 0 0 0 0 0 0 0 0 0 0 0 0 0 0 0 0 0 0 0 0 0 0 0 0 0 0 0 0 0 0 0 0 0 0 0 0 0 0 0 0 0 0 0 0 0 0 0 0
INFO:tensorflow:input_mask: 1 1 1 1 1 1 1 1 1 1 1 1 1 1 1 1 1 1 1 1 1 1 1 1 1 1 1 1 1 1 1 1 1 1 1 1 1 1 1 1 1 1 1 1 1 1 1 1 1 1 1 1 1 1 1 1 1 1 1 1 1 1 1 1 1 1 1 0 0 0 0 0 0 0 0 0 0 0 0 0 0 0 0 0 0 0 0 0 0 0 0 0 0 0 0 0 0 0 0 0 0 0 0 0 0 0 0 0 0 0 0 0 0 0 0 0 0 0 0 0 0 0 0 0 0 0 0 0
I1103 05:06:13.058442 47162026828864 create_pretraining_data.py:161] input_mask: 1 1 1 1 1 1 1 1 1 1 1 1 1 1 1 1 1 1 1 1 1 1 1 1 1 1 1 1 1 1 1 1 1 1 1 1 1 1 1 1 1 1 1 1 1 1 1 1 1 1 1 1 1 1 1 1 1 1 1 1 1 1 1 1 1 1 1 0 0 0 0 0 0 0 0 0 0 0 0 0 0 0 0 0 0 0 0 0 0 0 0 0 0 0 0 0 0 0 0 0 0 0 0 0 0 0 0 0 0 0 0 0 0 0 0 0 0 0 0 0 0 0 0 0 0 0 0 0
INFO:tensorflow:segment_ids: 0 0 0 0 0 0 0 0 0 0 0 0 0 0 0 0 0 0 0 0 0 0 0 0 0 0 0 0 0 0 0 0 0 1 1 1 1 1 1 1 1 1 1 1 1 1 1 1 1 1 1 1 1 1 1 1 1 1 1 1 1 1 1 1 1 1 1 0 0 0 0 0 0 0 0 0 0 0 0 0 0 0 0 0 0 0 0 0 0 0 0 0 0 0 0 0 0 0 0 0 0 0 0 0 0 0 0 0 0 0 0 0 0 0 0 0 0 0 0 0 0 0 0 0 0 0 0 0
I1103 05:06:13.058597 47162026828864 create_pretraining_data.py:161] segment_ids: 0 0 0 0 0 0 0 0 0 0 0 0 0 0 0 0 0 0 0 0 0 0 0 0 0 0 0 0 0 0 0 0 0 1 1 1 1 1 1 1 1 1 1 1 1 1 1 1 1 1 1 1 1 1 1 1 1 1 1 1 1 1 1 1 1 1 1 0 0 0 0 0 0 0 0 0 0 0 0 0 0 0 0 0 0 0 0 0 0 0 0 0 0 0 0 0 0 0 0 0 0 0 0 0 0 0 0 0 0 0 0 0 0 0 0 0 0 0 0 0 0 0 0 0 0 0 0 0
INFO:tensorflow:masked_lm_positions: 1 10 19 27 29 41 52 62 63 64 0 0 0 0 0 0 0 0 0 0
I1103 05:06:13.058710 47162026828864 create_pretraining_data.py:161] masked_lm_positions: 1 10 19 27 29 41 52 62 63 64 0 0 0 0 0 0 0 0 0 0
INFO:tensorflow:masked_lm_ids: 2702 28400 4109 4133 15038 2038 17139 12904 6666 1012 0 0 0 0 0 0 0 0 0 0
I1103 05:06:13.058809 47162026828864 create_pretraining_data.py:161] masked_lm_ids: 2702 28400 4109 4133 15038 2038 17139 12904 6666 1012 0 0 0 0 0 0 0 0 0 0
INFO:tensorflow:masked_lm_weights: 1.0 1.0 1.0 1.0 1.0 1.0 1.0 1.0 1.0 1.0 0.0 0.0 0.0 0.0 0.0 0.0 0.0 0.0 0.0 0.0
I1103 05:06:13.058910 47162026828864 create_pretraining_data.py:161] masked_lm_weights: 1.0 1.0 1.0 1.0 1.0 1.0 1.0 1.0 1.0 1.0 0.0 0.0 0.0 0.0 0.0 0.0 0.0 0.0 0.0 0.0
INFO:tensorflow:next_sentence_labels: 1
I1103 05:06:13.059001 47162026828864 create_pretraining_data.py:161] next_sentence_labels: 1
INFO:tensorflow:*** Example ***
I1103 05:06:13.059661 47162026828864 create_pretraining_data.py:149] *** Example ***
INFO:tensorflow:tokens: [CLS] ياح ##بي اللي [MASK] سنين قديمه في كل عام اشوفه اكثر من العام يبقي رفيع في [MASK] وقي ##مه اعلن ##ه في وجد ##ان قلبي [MASK] هام [SEP] دعم للا ##هلاوي ##ين فقط الان ##صاري [MASK] حسابات الملوك حساب اهلاوي ذوق [MASK] مميز [MASK] المتابعه [SEP]
I1103 05:06:13.059804 47162026828864 create_pretraining_data.py:151] tokens: [CLS] ياح ##بي اللي [MASK] سنين قديمه في كل عام اشوفه اكثر من العام يبقي رفيع في [MASK] وقي ##مه اعلن ##ه في وجد ##ان قلبي [MASK] هام [SEP] دعم للا ##هلاوي ##ين فقط الان ##صاري [MASK] حسابات الملوك حساب اهلاوي ذوق [MASK] مميز [MASK] المتابعه [SEP]
INFO:tensorflow:input_ids: 2 8209 1947 2115 4 8189 18913 1912 2038 2268 26256 2695 1908 2169 5849 18616 1912 4 14732 2152 5930 1028 1912 5446 1906 3018 4 5935 3 3592 2383 8280 1911 2574 2311 12444 4 6354 13101 3144 21157 8838 4 5342 4 7550 3 0 0 0 0 0 0 0 0 0 0 0 0 0 0 0 0 0 0 0 0 0 0 0 0 0 0 0 0 0 0 0 0 0 0 0 0 0 0 0 0 0 0 0 0 0 0 0 0 0 0 0 0 0 0 0 0 0 0 0 0 0 0 0 0 0 0 0 0 0 0 0 0 0 0 0 0 0 0 0 0 0
I1103 05:06:13.059969 47162026828864 create_pretraining_data.py:161] input_ids: 2 8209 1947 2115 4 8189 18913 1912 2038 2268 26256 2695 1908 2169 5849 18616 1912 4 14732 2152 5930 1028 1912 5446 1906 3018 4 5935 3 3592 2383 8280 1911 2574 2311 12444 4 6354 13101 3144 21157 8838 4 5342 4 7550 3 0 0 0 0 0 0 0 0 0 0 0 0 0 0 0 0 0 0 0 0 0 0 0 0 0 0 0 0 0 0 0 0 0 0 0 0 0 0 0 0 0 0 0 0 0 0 0 0 0 0 0 0 0 0 0 0 0 0 0 0 0 0 0 0 0 0 0 0 0 0 0 0 0 0 0 0 0 0 0 0 0
INFO:tensorflow:input_mask: 1 1 1 1 1 1 1 1 1 1 1 1 1 1 1 1 1 1 1 1 1 1 1 1 1 1 1 1 1 1 1 1 1 1 1 1 1 1 1 1 1 1 1 1 1 1 1 0 0 0 0 0 0 0 0 0 0 0 0 0 0 0 0 0 0 0 0 0 0 0 0 0 0 0 0 0 0 0 0 0 0 0 0 0 0 0 0 0 0 0 0 0 0 0 0 0 0 0 0 0 0 0 0 0 0 0 0 0 0 0 0 0 0 0 0 0 0 0 0 0 0 0 0 0 0 0 0 0
I1103 05:06:13.060111 47162026828864 create_pretraining_data.py:161] input_mask: 1 1 1 1 1 1 1 1 1 1 1 1 1 1 1 1 1 1 1 1 1 1 1 1 1 1 1 1 1 1 1 1 1 1 1 1 1 1 1 1 1 1 1 1 1 1 1 0 0 0 0 0 0 0 0 0 0 0 0 0 0 0 0 0 0 0 0 0 0 0 0 0 0 0 0 0 0 0 0 0 0 0 0 0 0 0 0 0 0 0 0 0 0 0 0 0 0 0 0 0 0 0 0 0 0 0 0 0 0 0 0 0 0 0 0 0 0 0 0 0 0 0 0 0 0 0 0 0
INFO:tensorflow:segment_ids: 0 0 0 0 0 0 0 0 0 0 0 0 0 0 0 0 0 0 0 0 0 0 0 0 0 0 0 0 0 1 1 1 1 1 1 1 1 1 1 1 1 1 1 1 1 1 1 0 0 0 0 0 0 0 0 0 0 0 0 0 0 0 0 0 0 0 0 0 0 0 0 0 0 0 0 0 0 0 0 0 0 0 0 0 0 0 0 0 0 0 0 0 0 0 0 0 0 0 0 0 0 0 0 0 0 0 0 0 0 0 0 0 0 0 0 0 0 0 0 0 0 0 0 0 0 0 0 0
I1103 05:06:13.060261 47162026828864 create_pretraining_data.py:161] segment_ids: 0 0 0 0 0 0 0 0 0 0 0 0 0 0 0 0 0 0 0 0 0 0 0 0 0 0 0 0 0 1 1 1 1 1 1 1 1 1 1 1 1 1 1 1 1 1 1 0 0 0 0 0 0 0 0 0 0 0 0 0 0 0 0 0 0 0 0 0 0 0 0 0 0 0 0 0 0 0 0 0 0 0 0 0 0 0 0 0 0 0 0 0 0 0 0 0 0 0 0 0 0 0 0 0 0 0 0 0 0 0 0 0 0 0 0 0 0 0 0 0 0 0 0 0 0 0 0 0
INFO:tensorflow:masked_lm_positions: 4 14 17 26 36 42 44 0 0 0 0 0 0 0 0 0 0 0 0 0
I1103 05:06:13.060364 47162026828864 create_pretraining_data.py:161] masked_lm_positions: 4 14 17 26 36 42 44 0 0 0 0 0 0 0 0 0 0 0 0 0
INFO:tensorflow:masked_lm_ids: 1908 5849 11799 4781 6949 20791 4564 0 0 0 0 0 0 0 0 0 0 0 0 0
I1103 05:06:13.060462 47162026828864 create_pretraining_data.py:161] masked_lm_ids: 1908 5849 11799 4781 6949 20791 4564 0 0 0 0 0 0 0 0 0 0 0 0 0
INFO:tensorflow:masked_lm_weights: 1.0 1.0 1.0 1.0 1.0 1.0 1.0 0.0 0.0 0.0 0.0 0.0 0.0 0.0 0.0 0.0 0.0 0.0 0.0 0.0
I1103 05:06:13.060562 47162026828864 create_pretraining_data.py:161] masked_lm_weights: 1.0 1.0 1.0 1.0 1.0 1.0 1.0 0.0 0.0 0.0 0.0 0.0 0.0 0.0 0.0 0.0 0.0 0.0 0.0 0.0
INFO:tensorflow:next_sentence_labels: 1
I1103 05:06:13.060659 47162026828864 create_pretraining_data.py:161] next_sentence_labels: 1
INFO:tensorflow:*** Example ***
I1103 05:06:13.061302 47162026828864 create_pretraining_data.py:149] *** Example ***
INFO:tensorflow:tokens: [CLS] كيف تحل مشاكل تغطيه [MASK] بيت كبير [SEP] بعض الطلب ##يات التي قمت بخ ##ياط ##تها [MASK] [MASK] فلل ##ه الحمد والشكر [SEP]
I1103 05:06:13.061435 47162026828864 create_pretraining_data.py:151] tokens: [CLS] كيف تحل مشاكل تغطيه [MASK] بيت كبير [SEP] بعض الطلب ##يات التي قمت بخ ##ياط ##تها [MASK] [MASK] فلل ##ه الحمد والشكر [SEP]
INFO:tensorflow:input_ids: 2 2746 17194 4401 25823 4 2967 2934 3 2346 4524 2066 2061 10457 3125 6678 2377 4 4 12816 1028 2807 15623 3 0 0 0 0 0 0 0 0 0 0 0 0 0 0 0 0 0 0 0 0 0 0 0 0 0 0 0 0 0 0 0 0 0 0 0 0 0 0 0 0 0 0 0 0 0 0 0 0 0 0 0 0 0 0 0 0 0 0 0 0 0 0 0 0 0 0 0 0 0 0 0 0 0 0 0 0 0 0 0 0 0 0 0 0 0 0 0 0 0 0 0 0 0 0 0 0 0 0 0 0 0 0 0 0
I1103 05:06:13.061586 47162026828864 create_pretraining_data.py:161] input_ids: 2 2746 17194 4401 25823 4 2967 2934 3 2346 4524 2066 2061 10457 3125 6678 2377 4 4 12816 1028 2807 15623 3 0 0 0 0 0 0 0 0 0 0 0 0 0 0 0 0 0 0 0 0 0 0 0 0 0 0 0 0 0 0 0 0 0 0 0 0 0 0 0 0 0 0 0 0 0 0 0 0 0 0 0 0 0 0 0 0 0 0 0 0 0 0 0 0 0 0 0 0 0 0 0 0 0 0 0 0 0 0 0 0 0 0 0 0 0 0 0 0 0 0 0 0 0 0 0 0 0 0 0 0 0 0 0 0
INFO:tensorflow:input_mask: 1 1 1 1 1 1 1 1 1 1 1 1 1 1 1 1 1 1 1 1 1 1 1 1 0 0 0 0 0 0 0 0 0 0 0 0 0 0 0 0 0 0 0 0 0 0 0 0 0 0 0 0 0 0 0 0 0 0 0 0 0 0 0 0 0 0 0 0 0 0 0 0 0 0 0 0 0 0 0 0 0 0 0 0 0 0 0 0 0 0 0 0 0 0 0 0 0 0 0 0 0 0 0 0 0 0 0 0 0 0 0 0 0 0 0 0 0 0 0 0 0 0 0 0 0 0 0 0
I1103 05:06:13.061733 47162026828864 create_pretraining_data.py:161] input_mask: 1 1 1 1 1 1 1 1 1 1 1 1 1 1 1 1 1 1 1 1 1 1 1 1 0 0 0 0 0 0 0 0 0 0 0 0 0 0 0 0 0 0 0 0 0 0 0 0 0 0 0 0 0 0 0 0 0 0 0 0 0 0 0 0 0 0 0 0 0 0 0 0 0 0 0 0 0 0 0 0 0 0 0 0 0 0 0 0 0 0 0 0 0 0 0 0 0 0 0 0 0 0 0 0 0 0 0 0 0 0 0 0 0 0 0 0 0 0 0 0 0 0 0 0 0 0 0 0
INFO:tensorflow:segment_ids: 0 0 0 0 0 0 0 0 0 1 1 1 1 1 1 1 1 1 1 1 1 1 1 1 0 0 0 0 0 0 0 0 0 0 0 0 0 0 0 0 0 0 0 0 0 0 0 0 0 0 0 0 0 0 0 0 0 0 0 0 0 0 0 0 0 0 0 0 0 0 0 0 0 0 0 0 0 0 0 0 0 0 0 0 0 0 0 0 0 0 0 0 0 0 0 0 0 0 0 0 0 0 0 0 0 0 0 0 0 0 0 0 0 0 0 0 0 0 0 0 0 0 0 0 0 0 0 0
I1103 05:06:13.061867 47162026828864 create_pretraining_data.py:161] segment_ids: 0 0 0 0 0 0 0 0 0 1 1 1 1 1 1 1 1 1 1 1 1 1 1 1 0 0 0 0 0 0 0 0 0 0 0 0 0 0 0 0 0 0 0 0 0 0 0 0 0 0 0 0 0 0 0 0 0 0 0 0 0 0 0 0 0 0 0 0 0 0 0 0 0 0 0 0 0 0 0 0 0 0 0 0 0 0 0 0 0 0 0 0 0 0 0 0 0 0 0 0 0 0 0 0 0 0 0 0 0 0 0 0 0 0 0 0 0 0 0 0 0 0 0 0 0 0 0 0
INFO:tensorflow:masked_lm_positions: 4 5 17 18 0 0 0 0 0 0 0 0 0 0 0 0 0 0 0 0
I1103 05:06:13.061985 47162026828864 create_pretraining_data.py:161] masked_lm_positions: 4 5 17 18 0 0 0 0 0 0 0 0 0 0 0 0 0 0 0 0
INFO:tensorflow:masked_lm_ids: 25823 1912 2085 6100 0 0 0 0 0 0 0 0 0 0 0 0 0 0 0 0
I1103 05:06:13.062086 47162026828864 create_pretraining_data.py:161] masked_lm_ids: 25823 1912 2085 6100 0 0 0 0 0 0 0 0 0 0 0 0 0 0 0 0
INFO:tensorflow:masked_lm_weights: 1.0 1.0 1.0 1.0 0.0 0.0 0.0 0.0 0.0 0.0 0.0 0.0 0.0 0.0 0.0 0.0 0.0 0.0 0.0 0.0
I1103 05:06:13.062187 47162026828864 create_pretraining_data.py:161] masked_lm_weights: 1.0 1.0 1.0 1.0 0.0 0.0 0.0 0.0 0.0 0.0 0.0 0.0 0.0 0.0 0.0 0.0 0.0 0.0 0.0 0.0
INFO:tensorflow:next_sentence_labels: 1
I1103 05:06:13.062278 47162026828864 create_pretraining_data.py:161] next_sentence_labels: 1
INFO:tensorflow:*** Example ***
I1103 05:06:13.062927 47162026828864 create_pretraining_data.py:149] *** Example ***
INFO:tensorflow:tokens: [CLS] الدبلوماسيه [MASK] [MASK] دائما الدرع الحص ##ين للذ ##ود عن الوطن [MASK] الله وعز وجل ثم بحكم ##ه قياد [MASK] الرشيد ##ه وتم ##سك ##هم بم ##بادئ الخير والمحبه والسلام [SEP] كذبه الرح ##ييل الاولي [MASK] وك ##ذبه الرحيل الث ##اان ##يه نصيب [SEP]
I1103 05:06:13.063071 47162026828864 create_pretraining_data.py:151] tokens: [CLS] الدبلوماسيه [MASK] [MASK] دائما الدرع الحص ##ين للذ ##ود عن الوطن [MASK] الله وعز وجل ثم بحكم ##ه قياد [MASK] الرشيد ##ه وتم ##سك ##هم بم ##بادئ الخير والمحبه والسلام [SEP] كذبه الرح ##ييل الاولي [MASK] وك ##ذبه الرحيل الث ##اان ##يه نصيب [SEP]
INFO:tensorflow:input_ids: 2 17637 4 4 3357 16160 7903 1911 8170 1993 1955 2865 4 1953 12737 6748 2371 13172 1028 15653 4 15887 1028 4338 3617 1949 2225 21140 2831 28953 6735 3 21718 3239 16161 6497 4 2341 22273 11449 2084 20172 1988 8515 3 0 0 0 0 0 0 0 0 0 0 0 0 0 0 0 0 0 0 0 0 0 0 0 0 0 0 0 0 0 0 0 0 0 0 0 0 0 0 0 0 0 0 0 0 0 0 0 0 0 0 0 0 0 0 0 0 0 0 0 0 0 0 0 0 0 0 0 0 0 0 0 0 0 0 0 0 0 0 0 0 0 0 0
I1103 05:06:13.063224 47162026828864 create_pretraining_data.py:161] input_ids: 2 17637 4 4 3357 16160 7903 1911 8170 1993 1955 2865 4 1953 12737 6748 2371 13172 1028 15653 4 15887 1028 4338 3617 1949 2225 21140 2831 28953 6735 3 21718 3239 16161 6497 4 2341 22273 11449 2084 20172 1988 8515 3 0 0 0 0 0 0 0 0 0 0 0 0 0 0 0 0 0 0 0 0 0 0 0 0 0 0 0 0 0 0 0 0 0 0 0 0 0 0 0 0 0 0 0 0 0 0 0 0 0 0 0 0 0 0 0 0 0 0 0 0 0 0 0 0 0 0 0 0 0 0 0 0 0 0 0 0 0 0 0 0 0 0 0
INFO:tensorflow:input_mask: 1 1 1 1 1 1 1 1 1 1 1 1 1 1 1 1 1 1 1 1 1 1 1 1 1 1 1 1 1 1 1 1 1 1 1 1 1 1 1 1 1 1 1 1 1 0 0 0 0 0 0 0 0 0 0 0 0 0 0 0 0 0 0 0 0 0 0 0 0 0 0 0 0 0 0 0 0 0 0 0 0 0 0 0 0 0 0 0 0 0 0 0 0 0 0 0 0 0 0 0 0 0 0 0 0 0 0 0 0 0 0 0 0 0 0 0 0 0 0 0 0 0 0 0 0 0 0 0
I1103 05:06:13.063365 47162026828864 create_pretraining_data.py:161] input_mask: 1 1 1 1 1 1 1 1 1 1 1 1 1 1 1 1 1 1 1 1 1 1 1 1 1 1 1 1 1 1 1 1 1 1 1 1 1 1 1 1 1 1 1 1 1 0 0 0 0 0 0 0 0 0 0 0 0 0 0 0 0 0 0 0 0 0 0 0 0 0 0 0 0 0 0 0 0 0 0 0 0 0 0 0 0 0 0 0 0 0 0 0 0 0 0 0 0 0 0 0 0 0 0 0 0 0 0 0 0 0 0 0 0 0 0 0 0 0 0 0 0 0 0 0 0 0 0 0
INFO:tensorflow:segment_ids: 0 0 0 0 0 0 0 0 0 0 0 0 0 0 0 0 0 0 0 0 0 0 0 0 0 0 0 0 0 0 0 0 1 1 1 1 1 1 1 1 1 1 1 1 1 0 0 0 0 0 0 0 0 0 0 0 0 0 0 0 0 0 0 0 0 0 0 0 0 0 0 0 0 0 0 0 0 0 0 0 0 0 0 0 0 0 0 0 0 0 0 0 0 0 0 0 0 0 0 0 0 0 0 0 0 0 0 0 0 0 0 0 0 0 0 0 0 0 0 0 0 0 0 0 0 0 0 0
I1103 05:06:13.063499 47162026828864 create_pretraining_data.py:161] segment_ids: 0 0 0 0 0 0 0 0 0 0 0 0 0 0 0 0 0 0 0 0 0 0 0 0 0 0 0 0 0 0 0 0 1 1 1 1 1 1 1 1 1 1 1 1 1 0 0 0 0 0 0 0 0 0 0 0 0 0 0 0 0 0 0 0 0 0 0 0 0 0 0 0 0 0 0 0 0 0 0 0 0 0 0 0 0 0 0 0 0 0 0 0 0 0 0 0 0 0 0 0 0 0 0 0 0 0 0 0 0 0 0 0 0 0 0 0 0 0 0 0 0 0 0 0 0 0 0 0
INFO:tensorflow:masked_lm_positions: 2 3 4 12 19 20 36 0 0 0 0 0 0 0 0 0 0 0 0 0
I1103 05:06:13.063598 47162026828864 create_pretraining_data.py:161] masked_lm_positions: 2 3 4 12 19 20 36 0 0 0 0 0 0 0 0 0 0 0 0 0
INFO:tensorflow:masked_lm_ids: 2721 2431 3357 8132 15653 2377 7960 0 0 0 0 0 0 0 0 0 0 0 0 0
I1103 05:06:13.063718 47162026828864 create_pretraining_data.py:161] masked_lm_ids: 2721 2431 3357 8132 15653 2377 7960 0 0 0 0 0 0 0 0 0 0 0 0 0
INFO:tensorflow:masked_lm_weights: 1.0 1.0 1.0 1.0 1.0 1.0 1.0 0.0 0.0 0.0 0.0 0.0 0.0 0.0 0.0 0.0 0.0 0.0 0.0 0.0
I1103 05:06:13.063819 47162026828864 create_pretraining_data.py:161] masked_lm_weights: 1.0 1.0 1.0 1.0 1.0 1.0 1.0 0.0 0.0 0.0 0.0 0.0 0.0 0.0 0.0 0.0 0.0 0.0 0.0 0.0
INFO:tensorflow:next_sentence_labels: 1
I1103 05:06:13.063909 47162026828864 create_pretraining_data.py:161] next_sentence_labels: 1
INFO:tensorflow:*** Example ***
I1103 05:06:13.064556 47162026828864 create_pretraining_data.py:149] *** Example ***
INFO:tensorflow:tokens: [CLS] تدمير حسابات [MASK] [MASK] حمله جيش سبام الدواعش [SEP] بالصور شخصيات 2015 اب ##هرت ##نا قوته ##م وصد ##منا عجز ##هم وبعضهم [MASK] [MASK] الي الابد [SEP]
I1103 05:06:13.064700 47162026828864 create_pretraining_data.py:151] tokens: [CLS] تدمير حسابات [MASK] [MASK] حمله جيش سبام الدواعش [SEP] بالصور شخصيات 2015 اب ##هرت ##نا قوته ##م وصد ##منا عجز ##هم وبعضهم [MASK] [MASK] الي الابد [SEP]
INFO:tensorflow:input_ids: 2 12813 6354 4 4 5626 5485 20819 18141 3 6249 8482 3488 2093 27352 1914 23095 1015 22953 11650 7570 1949 23641 4 4 2002 19238 3 0 0 0 0 0 0 0 0 0 0 0 0 0 0 0 0 0 0 0 0 0 0 0 0 0 0 0 0 0 0 0 0 0 0 0 0 0 0 0 0 0 0 0 0 0 0 0 0 0 0 0 0 0 0 0 0 0 0 0 0 0 0 0 0 0 0 0 0 0 0 0 0 0 0 0 0 0 0 0 0 0 0 0 0 0 0 0 0 0 0 0 0 0 0 0 0 0 0 0 0
I1103 05:06:13.064851 47162026828864 create_pretraining_data.py:161] input_ids: 2 12813 6354 4 4 5626 5485 20819 18141 3 6249 8482 3488 2093 27352 1914 23095 1015 22953 11650 7570 1949 23641 4 4 2002 19238 3 0 0 0 0 0 0 0 0 0 0 0 0 0 0 0 0 0 0 0 0 0 0 0 0 0 0 0 0 0 0 0 0 0 0 0 0 0 0 0 0 0 0 0 0 0 0 0 0 0 0 0 0 0 0 0 0 0 0 0 0 0 0 0 0 0 0 0 0 0 0 0 0 0 0 0 0 0 0 0 0 0 0 0 0 0 0 0 0 0 0 0 0 0 0 0 0 0 0 0 0
INFO:tensorflow:input_mask: 1 1 1 1 1 1 1 1 1 1 1 1 1 1 1 1 1 1 1 1 1 1 1 1 1 1 1 1 0 0 0 0 0 0 0 0 0 0 0 0 0 0 0 0 0 0 0 0 0 0 0 0 0 0 0 0 0 0 0 0 0 0 0 0 0 0 0 0 0 0 0 0 0 0 0 0 0 0 0 0 0 0 0 0 0 0 0 0 0 0 0 0 0 0 0 0 0 0 0 0 0 0 0 0 0 0 0 0 0 0 0 0 0 0 0 0 0 0 0 0 0 0 0 0 0 0 0 0
I1103 05:06:13.064989 47162026828864 create_pretraining_data.py:161] input_mask: 1 1 1 1 1 1 1 1 1 1 1 1 1 1 1 1 1 1 1 1 1 1 1 1 1 1 1 1 0 0 0 0 0 0 0 0 0 0 0 0 0 0 0 0 0 0 0 0 0 0 0 0 0 0 0 0 0 0 0 0 0 0 0 0 0 0 0 0 0 0 0 0 0 0 0 0 0 0 0 0 0 0 0 0 0 0 0 0 0 0 0 0 0 0 0 0 0 0 0 0 0 0 0 0 0 0 0 0 0 0 0 0 0 0 0 0 0 0 0 0 0 0 0 0 0 0 0 0
INFO:tensorflow:segment_ids: 0 0 0 0 0 0 0 0 0 0 1 1 1 1 1 1 1 1 1 1 1 1 1 1 1 1 1 1 0 0 0 0 0 0 0 0 0 0 0 0 0 0 0 0 0 0 0 0 0 0 0 0 0 0 0 0 0 0 0 0 0 0 0 0 0 0 0 0 0 0 0 0 0 0 0 0 0 0 0 0 0 0 0 0 0 0 0 0 0 0 0 0 0 0 0 0 0 0 0 0 0 0 0 0 0 0 0 0 0 0 0 0 0 0 0 0 0 0 0 0 0 0 0 0 0 0 0 0
I1103 05:06:13.065125 47162026828864 create_pretraining_data.py:161] segment_ids: 0 0 0 0 0 0 0 0 0 0 1 1 1 1 1 1 1 1 1 1 1 1 1 1 1 1 1 1 0 0 0 0 0 0 0 0 0 0 0 0 0 0 0 0 0 0 0 0 0 0 0 0 0 0 0 0 0 0 0 0 0 0 0 0 0 0 0 0 0 0 0 0 0 0 0 0 0 0 0 0 0 0 0 0 0 0 0 0 0 0 0 0 0 0 0 0 0 0 0 0 0 0 0 0 0 0 0 0 0 0 0 0 0 0 0 0 0 0 0 0 0 0 0 0 0 0 0 0
INFO:tensorflow:masked_lm_positions: 3 4 23 24 0 0 0 0 0 0 0 0 0 0 0 0 0 0 0 0
I1103 05:06:13.065225 47162026828864 create_pretraining_data.py:161] masked_lm_positions: 3 4 23 24 0 0 0 0 0 0 0 0 0 0 0 0 0 0 0 0
INFO:tensorflow:masked_lm_ids: 5506 1069 14279 1914 0 0 0 0 0 0 0 0 0 0 0 0 0 0 0 0
I1103 05:06:13.065322 47162026828864 create_pretraining_data.py:161] masked_lm_ids: 5506 1069 14279 1914 0 0 0 0 0 0 0 0 0 0 0 0 0 0 0 0
INFO:tensorflow:masked_lm_weights: 1.0 1.0 1.0 1.0 0.0 0.0 0.0 0.0 0.0 0.0 0.0 0.0 0.0 0.0 0.0 0.0 0.0 0.0 0.0 0.0
I1103 05:06:13.065421 47162026828864 create_pretraining_data.py:161] masked_lm_weights: 1.0 1.0 1.0 1.0 0.0 0.0 0.0 0.0 0.0 0.0 0.0 0.0 0.0 0.0 0.0 0.0 0.0 0.0 0.0 0.0
INFO:tensorflow:next_sentence_labels: 1
I1103 05:06:13.065525 47162026828864 create_pretraining_data.py:161] next_sentence_labels: 1
INFO:tensorflow:*** Example ***
I1103 05:06:13.066176 47162026828864 create_pretraining_data.py:149] *** Example ***
INFO:tensorflow:tokens: [CLS] عسل الحم ##ضيات [MASK] زه ##ر الليمون والبر ##ت ##قال من الذ انواع العسل مهد ##ئ للا ##ع ##صاب ضيق التنفس الار ##ق الاكتئاب المفاصل [MASK] [MASK] [SEP] لات ##شك ##ول ##لنا ##س [MASK] إنهم [MASK] [MASK] لاي ##ؤل ##م الجرح الامن به الم لاتح ##سب ##وارق ##صي [MASK] طرب ##ا فال ##طير ##ير ##قص مذ ##بو ##حام ##ن [MASK] [SEP]
I1103 05:06:13.066320 47162026828864 create_pretraining_data.py:151] tokens: [CLS] عسل الحم ##ضيات [MASK] زه ##ر الليمون والبر ##ت ##قال من الذ انواع العسل مهد ##ئ للا ##ع ##صاب ضيق التنفس الار ##ق الاكتئاب المفاصل [MASK] [MASK] [SEP] لات ##شك ##ول ##لنا ##س [MASK] إنهم [MASK] [MASK] لاي ##ؤل ##م الجرح الامن به الم لاتح ##سب ##وارق ##صي [MASK] طرب ##ا فال ##طير ##ير ##قص مذ ##بو ##حام ##ن [MASK] [SEP]
INFO:tensorflow:input_ids: 2 10540 4517 26552 4 11266 1017 24687 6001 1005 2398 1908 2031 5792 10493 13796 1042 2383 1009 5780 7913 22581 11340 1011 22841 25959 4 4 3 2955 4208 1940 2127 1033 4 15250 4 4 4269 6270 1015 10946 4334 2249 1905 13610 2024 26579 3389 4 23616 1007 2989 15691 1916 2878 12067 5467 7607 1006 4 3 0 0 0 0 0 0 0 0 0 0 0 0 0 0 0 0 0 0 0 0 0 0 0 0 0 0 0 0 0 0 0 0 0 0 0 0 0 0 0 0 0 0 0 0 0 0 0 0 0 0 0 0 0 0 0 0 0 0 0 0 0 0 0 0 0 0
I1103 05:06:13.066470 47162026828864 create_pretraining_data.py:161] input_ids: 2 10540 4517 26552 4 11266 1017 24687 6001 1005 2398 1908 2031 5792 10493 13796 1042 2383 1009 5780 7913 22581 11340 1011 22841 25959 4 4 3 2955 4208 1940 2127 1033 4 15250 4 4 4269 6270 1015 10946 4334 2249 1905 13610 2024 26579 3389 4 23616 1007 2989 15691 1916 2878 12067 5467 7607 1006 4 3 0 0 0 0 0 0 0 0 0 0 0 0 0 0 0 0 0 0 0 0 0 0 0 0 0 0 0 0 0 0 0 0 0 0 0 0 0 0 0 0 0 0 0 0 0 0 0 0 0 0 0 0 0 0 0 0 0 0 0 0 0 0 0 0 0 0
INFO:tensorflow:input_mask: 1 1 1 1 1 1 1 1 1 1 1 1 1 1 1 1 1 1 1 1 1 1 1 1 1 1 1 1 1 1 1 1 1 1 1 1 1 1 1 1 1 1 1 1 1 1 1 1 1 1 1 1 1 1 1 1 1 1 1 1 1 1 0 0 0 0 0 0 0 0 0 0 0 0 0 0 0 0 0 0 0 0 0 0 0 0 0 0 0 0 0 0 0 0 0 0 0 0 0 0 0 0 0 0 0 0 0 0 0 0 0 0 0 0 0 0 0 0 0 0 0 0 0 0 0 0 0 0
I1103 05:06:13.066601 47162026828864 create_pretraining_data.py:161] input_mask: 1 1 1 1 1 1 1 1 1 1 1 1 1 1 1 1 1 1 1 1 1 1 1 1 1 1 1 1 1 1 1 1 1 1 1 1 1 1 1 1 1 1 1 1 1 1 1 1 1 1 1 1 1 1 1 1 1 1 1 1 1 1 0 0 0 0 0 0 0 0 0 0 0 0 0 0 0 0 0 0 0 0 0 0 0 0 0 0 0 0 0 0 0 0 0 0 0 0 0 0 0 0 0 0 0 0 0 0 0 0 0 0 0 0 0 0 0 0 0 0 0 0 0 0 0 0 0 0
INFO:tensorflow:segment_ids: 0 0 0 0 0 0 0 0 0 0 0 0 0 0 0 0 0 0 0 0 0 0 0 0 0 0 0 0 0 1 1 1 1 1 1 1 1 1 1 1 1 1 1 1 1 1 1 1 1 1 1 1 1 1 1 1 1 1 1 1 1 1 0 0 0 0 0 0 0 0 0 0 0 0 0 0 0 0 0 0 0 0 0 0 0 0 0 0 0 0 0 0 0 0 0 0 0 0 0 0 0 0 0 0 0 0 0 0 0 0 0 0 0 0 0 0 0 0 0 0 0 0 0 0 0 0 0 0
I1103 05:06:13.066735 47162026828864 create_pretraining_data.py:161] segment_ids: 0 0 0 0 0 0 0 0 0 0 0 0 0 0 0 0 0 0 0 0 0 0 0 0 0 0 0 0 0 1 1 1 1 1 1 1 1 1 1 1 1 1 1 1 1 1 1 1 1 1 1 1 1 1 1 1 1 1 1 1 1 1 0 0 0 0 0 0 0 0 0 0 0 0 0 0 0 0 0 0 0 0 0 0 0 0 0 0 0 0 0 0 0 0 0 0 0 0 0 0 0 0 0 0 0 0 0 0 0 0 0 0 0 0 0 0 0 0 0 0 0 0 0 0 0 0 0 0
INFO:tensorflow:masked_lm_positions: 4 26 27 34 35 36 37 49 60 0 0 0 0 0 0 0 0 0 0 0
I1103 05:06:13.066828 47162026828864 create_pretraining_data.py:161] masked_lm_positions: 4 26 27 34 35 36 37 49 60 0 0 0 0 0 0 0 0 0 0 0
INFO:tensorflow:masked_lm_ids: 1908 28596 10769 7587 20172 1005 10991 20230 6236 0 0 0 0 0 0 0 0 0 0 0
I1103 05:06:13.066918 47162026828864 create_pretraining_data.py:161] masked_lm_ids: 1908 28596 10769 7587 20172 1005 10991 20230 6236 0 0 0 0 0 0 0 0 0 0 0
INFO:tensorflow:masked_lm_weights: 1.0 1.0 1.0 1.0 1.0 1.0 1.0 1.0 1.0 0.0 0.0 0.0 0.0 0.0 0.0 0.0 0.0 0.0 0.0 0.0
I1103 05:06:13.067024 47162026828864 create_pretraining_data.py:161] masked_lm_weights: 1.0 1.0 1.0 1.0 1.0 1.0 1.0 1.0 1.0 0.0 0.0 0.0 0.0 0.0 0.0 0.0 0.0 0.0 0.0 0.0
INFO:tensorflow:next_sentence_labels: 1
I1103 05:06:13.067110 47162026828864 create_pretraining_data.py:161] next_sentence_labels: 1
INFO:tensorflow:*** Example ***
I1103 05:06:13.067693 47162026828864 create_pretraining_data.py:149] *** Example ***
INFO:tensorflow:tokens: [CLS] [MASK] [MASK] صراحه ههه [SEP] اجر ##م فيك ي بيبي [SEP]
I1103 05:06:13.067812 47162026828864 create_pretraining_data.py:151] tokens: [CLS] [MASK] [MASK] صراحه ههه [SEP] اجر ##م فيك ي بيبي [SEP]
INFO:tensorflow:input_ids: 2 4 4 18034 3495 3 6413 1015 4017 417 22063 3 0 0 0 0 0 0 0 0 0 0 0 0 0 0 0 0 0 0 0 0 0 0 0 0 0 0 0 0 0 0 0 0 0 0 0 0 0 0 0 0 0 0 0 0 0 0 0 0 0 0 0 0 0 0 0 0 0 0 0 0 0 0 0 0 0 0 0 0 0 0 0 0 0 0 0 0 0 0 0 0 0 0 0 0 0 0 0 0 0 0 0 0 0 0 0 0 0 0 0 0 0 0 0 0 0 0 0 0 0 0 0 0 0 0 0 0
I1103 05:06:13.067946 47162026828864 create_pretraining_data.py:161] input_ids: 2 4 4 18034 3495 3 6413 1015 4017 417 22063 3 0 0 0 0 0 0 0 0 0 0 0 0 0 0 0 0 0 0 0 0 0 0 0 0 0 0 0 0 0 0 0 0 0 0 0 0 0 0 0 0 0 0 0 0 0 0 0 0 0 0 0 0 0 0 0 0 0 0 0 0 0 0 0 0 0 0 0 0 0 0 0 0 0 0 0 0 0 0 0 0 0 0 0 0 0 0 0 0 0 0 0 0 0 0 0 0 0 0 0 0 0 0 0 0 0 0 0 0 0 0 0 0 0 0 0 0
INFO:tensorflow:input_mask: 1 1 1 1 1 1 1 1 1 1 1 1 0 0 0 0 0 0 0 0 0 0 0 0 0 0 0 0 0 0 0 0 0 0 0 0 0 0 0 0 0 0 0 0 0 0 0 0 0 0 0 0 0 0 0 0 0 0 0 0 0 0 0 0 0 0 0 0 0 0 0 0 0 0 0 0 0 0 0 0 0 0 0 0 0 0 0 0 0 0 0 0 0 0 0 0 0 0 0 0 0 0 0 0 0 0 0 0 0 0 0 0 0 0 0 0 0 0 0 0 0 0 0 0 0 0 0 0
I1103 05:06:13.068072 47162026828864 create_pretraining_data.py:161] input_mask: 1 1 1 1 1 1 1 1 1 1 1 1 0 0 0 0 0 0 0 0 0 0 0 0 0 0 0 0 0 0 0 0 0 0 0 0 0 0 0 0 0 0 0 0 0 0 0 0 0 0 0 0 0 0 0 0 0 0 0 0 0 0 0 0 0 0 0 0 0 0 0 0 0 0 0 0 0 0 0 0 0 0 0 0 0 0 0 0 0 0 0 0 0 0 0 0 0 0 0 0 0 0 0 0 0 0 0 0 0 0 0 0 0 0 0 0 0 0 0 0 0 0 0 0 0 0 0 0
INFO:tensorflow:segment_ids: 0 0 0 0 0 0 1 1 1 1 1 1 0 0 0 0 0 0 0 0 0 0 0 0 0 0 0 0 0 0 0 0 0 0 0 0 0 0 0 0 0 0 0 0 0 0 0 0 0 0 0 0 0 0 0 0 0 0 0 0 0 0 0 0 0 0 0 0 0 0 0 0 0 0 0 0 0 0 0 0 0 0 0 0 0 0 0 0 0 0 0 0 0 0 0 0 0 0 0 0 0 0 0 0 0 0 0 0 0 0 0 0 0 0 0 0 0 0 0 0 0 0 0 0 0 0 0 0
I1103 05:06:13.068194 47162026828864 create_pretraining_data.py:161] segment_ids: 0 0 0 0 0 0 1 1 1 1 1 1 0 0 0 0 0 0 0 0 0 0 0 0 0 0 0 0 0 0 0 0 0 0 0 0 0 0 0 0 0 0 0 0 0 0 0 0 0 0 0 0 0 0 0 0 0 0 0 0 0 0 0 0 0 0 0 0 0 0 0 0 0 0 0 0 0 0 0 0 0 0 0 0 0 0 0 0 0 0 0 0 0 0 0 0 0 0 0 0 0 0 0 0 0 0 0 0 0 0 0 0 0 0 0 0 0 0 0 0 0 0 0 0 0 0 0 0
INFO:tensorflow:masked_lm_positions: 1 2 0 0 0 0 0 0 0 0 0 0 0 0 0 0 0 0 0 0
I1103 05:06:13.068286 47162026828864 create_pretraining_data.py:161] masked_lm_positions: 1 2 0 0 0 0 0 0 0 0 0 0 0 0 0 0 0 0 0 0
INFO:tensorflow:masked_lm_ids: 26186 1974 0 0 0 0 0 0 0 0 0 0 0 0 0 0 0 0 0 0
I1103 05:06:13.068374 47162026828864 create_pretraining_data.py:161] masked_lm_ids: 26186 1974 0 0 0 0 0 0 0 0 0 0 0 0 0 0 0 0 0 0
INFO:tensorflow:masked_lm_weights: 1.0 1.0 0.0 0.0 0.0 0.0 0.0 0.0 0.0 0.0 0.0 0.0 0.0 0.0 0.0 0.0 0.0 0.0 0.0 0.0
I1103 05:06:13.068465 47162026828864 create_pretraining_data.py:161] masked_lm_weights: 1.0 1.0 0.0 0.0 0.0 0.0 0.0 0.0 0.0 0.0 0.0 0.0 0.0 0.0 0.0 0.0 0.0 0.0 0.0 0.0
INFO:tensorflow:next_sentence_labels: 1
I1103 05:06:13.068546 47162026828864 create_pretraining_data.py:161] next_sentence_labels: 1
INFO:tensorflow:*** Example ***
I1103 05:06:13.069144 47162026828864 create_pretraining_data.py:149] *** Example ***
INFO:tensorflow:tokens: [CLS] الله يوفقك يا عيني واج ##ازه سعيده [MASK] الله [SEP] يبحثون عن [MASK] و [MASK] موجوده ماشي عقل [SEP]
I1103 05:06:13.069265 47162026828864 create_pretraining_data.py:151] tokens: [CLS] الله يوفقك يا عيني واج ##ازه سعيده [MASK] الله [SEP] يبحثون عن [MASK] و [MASK] موجوده ماشي عقل [SEP]
INFO:tensorflow:input_ids: 2 1953 21043 2104 4606 3923 12108 13250 4 1953 3 22572 1955 4 415 4 17297 15252 11022 3 0 0 0 0 0 0 0 0 0 0 0 0 0 0 0 0 0 0 0 0 0 0 0 0 0 0 0 0 0 0 0 0 0 0 0 0 0 0 0 0 0 0 0 0 0 0 0 0 0 0 0 0 0 0 0 0 0 0 0 0 0 0 0 0 0 0 0 0 0 0 0 0 0 0 0 0 0 0 0 0 0 0 0 0 0 0 0 0 0 0 0 0 0 0 0 0 0 0 0 0 0 0 0 0 0 0 0 0
I1103 05:06:13.069415 47162026828864 create_pretraining_data.py:161] input_ids: 2 1953 21043 2104 4606 3923 12108 13250 4 1953 3 22572 1955 4 415 4 17297 15252 11022 3 0 0 0 0 0 0 0 0 0 0 0 0 0 0 0 0 0 0 0 0 0 0 0 0 0 0 0 0 0 0 0 0 0 0 0 0 0 0 0 0 0 0 0 0 0 0 0 0 0 0 0 0 0 0 0 0 0 0 0 0 0 0 0 0 0 0 0 0 0 0 0 0 0 0 0 0 0 0 0 0 0 0 0 0 0 0 0 0 0 0 0 0 0 0 0 0 0 0 0 0 0 0 0 0 0 0 0 0
INFO:tensorflow:input_mask: 1 1 1 1 1 1 1 1 1 1 1 1 1 1 1 1 1 1 1 1 0 0 0 0 0 0 0 0 0 0 0 0 0 0 0 0 0 0 0 0 0 0 0 0 0 0 0 0 0 0 0 0 0 0 0 0 0 0 0 0 0 0 0 0 0 0 0 0 0 0 0 0 0 0 0 0 0 0 0 0 0 0 0 0 0 0 0 0 0 0 0 0 0 0 0 0 0 0 0 0 0 0 0 0 0 0 0 0 0 0 0 0 0 0 0 0 0 0 0 0 0 0 0 0 0 0 0 0
I1103 05:06:13.069544 47162026828864 create_pretraining_data.py:161] input_mask: 1 1 1 1 1 1 1 1 1 1 1 1 1 1 1 1 1 1 1 1 0 0 0 0 0 0 0 0 0 0 0 0 0 0 0 0 0 0 0 0 0 0 0 0 0 0 0 0 0 0 0 0 0 0 0 0 0 0 0 0 0 0 0 0 0 0 0 0 0 0 0 0 0 0 0 0 0 0 0 0 0 0 0 0 0 0 0 0 0 0 0 0 0 0 0 0 0 0 0 0 0 0 0 0 0 0 0 0 0 0 0 0 0 0 0 0 0 0 0 0 0 0 0 0 0 0 0 0
INFO:tensorflow:segment_ids: 0 0 0 0 0 0 0 0 0 0 0 1 1 1 1 1 1 1 1 1 0 0 0 0 0 0 0 0 0 0 0 0 0 0 0 0 0 0 0 0 0 0 0 0 0 0 0 0 0 0 0 0 0 0 0 0 0 0 0 0 0 0 0 0 0 0 0 0 0 0 0 0 0 0 0 0 0 0 0 0 0 0 0 0 0 0 0 0 0 0 0 0 0 0 0 0 0 0 0 0 0 0 0 0 0 0 0 0 0 0 0 0 0 0 0 0 0 0 0 0 0 0 0 0 0 0 0 0
I1103 05:06:13.069673 47162026828864 create_pretraining_data.py:161] segment_ids: 0 0 0 0 0 0 0 0 0 0 0 1 1 1 1 1 1 1 1 1 0 0 0 0 0 0 0 0 0 0 0 0 0 0 0 0 0 0 0 0 0 0 0 0 0 0 0 0 0 0 0 0 0 0 0 0 0 0 0 0 0 0 0 0 0 0 0 0 0 0 0 0 0 0 0 0 0 0 0 0 0 0 0 0 0 0 0 0 0 0 0 0 0 0 0 0 0 0 0 0 0 0 0 0 0 0 0 0 0 0 0 0 0 0 0 0 0 0 0 0 0 0 0 0 0 0 0 0
INFO:tensorflow:masked_lm_positions: 8 13 15 0 0 0 0 0 0 0 0 0 0 0 0 0 0 0 0 0
I1103 05:06:13.069765 47162026828864 create_pretraining_data.py:161] masked_lm_positions: 8 13 15 0 0 0 0 0 0 0 0 0 0 0 0 0 0 0 0 0
INFO:tensorflow:masked_lm_ids: 4292 4558 2315 0 0 0 0 0 0 0 0 0 0 0 0 0 0 0 0 0
I1103 05:06:13.069853 47162026828864 create_pretraining_data.py:161] masked_lm_ids: 4292 4558 2315 0 0 0 0 0 0 0 0 0 0 0 0 0 0 0 0 0
INFO:tensorflow:masked_lm_weights: 1.0 1.0 1.0 0.0 0.0 0.0 0.0 0.0 0.0 0.0 0.0 0.0 0.0 0.0 0.0 0.0 0.0 0.0 0.0 0.0
I1103 05:06:13.069944 47162026828864 create_pretraining_data.py:161] masked_lm_weights: 1.0 1.0 1.0 0.0 0.0 0.0 0.0 0.0 0.0 0.0 0.0 0.0 0.0 0.0 0.0 0.0 0.0 0.0 0.0 0.0
INFO:tensorflow:next_sentence_labels: 1
I1103 05:06:13.070027 47162026828864 create_pretraining_data.py:161] next_sentence_labels: 1
INFO:tensorflow:*** Example ***
I1103 05:06:13.070625 47162026828864 create_pretraining_data.py:149] *** Example ***
INFO:tensorflow:tokens: [CLS] حكمه انت [MASK] عليها خذ ##وا هذه [MASK] الرب ##انيه و [MASK] [MASK] الاصوات [SEP] انا كائن المسرحيات و الافلام و النكت مبت ##ضحك ##وش [SEP]
I1103 05:06:13.070753 47162026828864 create_pretraining_data.py:151] tokens: [CLS] حكمه انت [MASK] عليها خذ ##وا هذه [MASK] الرب ##انيه و [MASK] [MASK] الاصوات [SEP] انا كائن المسرحيات و الافلام و النكت مبت ##ضحك ##وش [SEP]
INFO:tensorflow:input_ids: 2 9960 2164 4 2717 5390 1928 2159 4 4442 3247 415 4 4 17424 3 2315 24609 25824 415 6513 415 10165 7320 13458 2937 3 0 0 0 0 0 0 0 0 0 0 0 0 0 0 0 0 0 0 0 0 0 0 0 0 0 0 0 0 0 0 0 0 0 0 0 0 0 0 0 0 0 0 0 0 0 0 0 0 0 0 0 0 0 0 0 0 0 0 0 0 0 0 0 0 0 0 0 0 0 0 0 0 0 0 0 0 0 0 0 0 0 0 0 0 0 0 0 0 0 0 0 0 0 0 0 0 0 0 0 0 0
I1103 05:06:13.070894 47162026828864 create_pretraining_data.py:161] input_ids: 2 9960 2164 4 2717 5390 1928 2159 4 4442 3247 415 4 4 17424 3 2315 24609 25824 415 6513 415 10165 7320 13458 2937 3 0 0 0 0 0 0 0 0 0 0 0 0 0 0 0 0 0 0 0 0 0 0 0 0 0 0 0 0 0 0 0 0 0 0 0 0 0 0 0 0 0 0 0 0 0 0 0 0 0 0 0 0 0 0 0 0 0 0 0 0 0 0 0 0 0 0 0 0 0 0 0 0 0 0 0 0 0 0 0 0 0 0 0 0 0 0 0 0 0 0 0 0 0 0 0 0 0 0 0 0 0
INFO:tensorflow:input_mask: 1 1 1 1 1 1 1 1 1 1 1 1 1 1 1 1 1 1 1 1 1 1 1 1 1 1 1 0 0 0 0 0 0 0 0 0 0 0 0 0 0 0 0 0 0 0 0 0 0 0 0 0 0 0 0 0 0 0 0 0 0 0 0 0 0 0 0 0 0 0 0 0 0 0 0 0 0 0 0 0 0 0 0 0 0 0 0 0 0 0 0 0 0 0 0 0 0 0 0 0 0 0 0 0 0 0 0 0 0 0 0 0 0 0 0 0 0 0 0 0 0 0 0 0 0 0 0 0
I1103 05:06:13.071036 47162026828864 create_pretraining_data.py:161] input_mask: 1 1 1 1 1 1 1 1 1 1 1 1 1 1 1 1 1 1 1 1 1 1 1 1 1 1 1 0 0 0 0 0 0 0 0 0 0 0 0 0 0 0 0 0 0 0 0 0 0 0 0 0 0 0 0 0 0 0 0 0 0 0 0 0 0 0 0 0 0 0 0 0 0 0 0 0 0 0 0 0 0 0 0 0 0 0 0 0 0 0 0 0 0 0 0 0 0 0 0 0 0 0 0 0 0 0 0 0 0 0 0 0 0 0 0 0 0 0 0 0 0 0 0 0 0 0 0 0
INFO:tensorflow:segment_ids: 0 0 0 0 0 0 0 0 0 0 0 0 0 0 0 0 1 1 1 1 1 1 1 1 1 1 1 0 0 0 0 0 0 0 0 0 0 0 0 0 0 0 0 0 0 0 0 0 0 0 0 0 0 0 0 0 0 0 0 0 0 0 0 0 0 0 0 0 0 0 0 0 0 0 0 0 0 0 0 0 0 0 0 0 0 0 0 0 0 0 0 0 0 0 0 0 0 0 0 0 0 0 0 0 0 0 0 0 0 0 0 0 0 0 0 0 0 0 0 0 0 0 0 0 0 0 0 0
I1103 05:06:13.071164 47162026828864 create_pretraining_data.py:161] segment_ids: 0 0 0 0 0 0 0 0 0 0 0 0 0 0 0 0 1 1 1 1 1 1 1 1 1 1 1 0 0 0 0 0 0 0 0 0 0 0 0 0 0 0 0 0 0 0 0 0 0 0 0 0 0 0 0 0 0 0 0 0 0 0 0 0 0 0 0 0 0 0 0 0 0 0 0 0 0 0 0 0 0 0 0 0 0 0 0 0 0 0 0 0 0 0 0 0 0 0 0 0 0 0 0 0 0 0 0 0 0 0 0 0 0 0 0 0 0 0 0 0 0 0 0 0 0 0 0 0
INFO:tensorflow:masked_lm_positions: 3 8 12 13 0 0 0 0 0 0 0 0 0 0 0 0 0 0 0 0
I1103 05:06:13.071257 47162026828864 create_pretraining_data.py:161] masked_lm_positions: 3 8 12 13 0 0 0 0 0 0 0 0 0 0 0 0 0 0 0 0
INFO:tensorflow:masked_lm_ids: 15252 19343 10639 2182 0 0 0 0 0 0 0 0 0 0 0 0 0 0 0 0
I1103 05:06:13.071346 47162026828864 create_pretraining_data.py:161] masked_lm_ids: 15252 19343 10639 2182 0 0 0 0 0 0 0 0 0 0 0 0 0 0 0 0
INFO:tensorflow:masked_lm_weights: 1.0 1.0 1.0 1.0 0.0 0.0 0.0 0.0 0.0 0.0 0.0 0.0 0.0 0.0 0.0 0.0 0.0 0.0 0.0 0.0
I1103 05:06:13.071437 47162026828864 create_pretraining_data.py:161] masked_lm_weights: 1.0 1.0 1.0 1.0 0.0 0.0 0.0 0.0 0.0 0.0 0.0 0.0 0.0 0.0 0.0 0.0 0.0 0.0 0.0 0.0
INFO:tensorflow:next_sentence_labels: 1
I1103 05:06:13.071520 47162026828864 create_pretraining_data.py:161] next_sentence_labels: 1
INFO:tensorflow:*** Example ***
I1103 05:06:13.072114 47162026828864 create_pretraining_data.py:149] *** Example ***
INFO:tensorflow:tokens: [CLS] [MASK] بتغ ##ير علي الولد اللي [MASK] [MASK] حتي لو [MASK] مش بتحبه [SEP] من سنن ليله الجمعه قال [MASK] الصلاه علي يوم الجمعه ولي ##له الجمعه فمن صلي علي صلاه صلي الله [MASK] عشرا حسنه الالباني [SEP]
I1103 05:06:13.072242 47162026828864 create_pretraining_data.py:151] tokens: [CLS] [MASK] بتغ ##ير علي الولد اللي [MASK] [MASK] حتي لو [MASK] مش بتحبه [SEP] من سنن ليله الجمعه قال [MASK] الصلاه علي يوم الجمعه ولي ##له الجمعه فمن صلي علي صلاه صلي الله [MASK] عشرا حسنه الالباني [SEP]
INFO:tensorflow:input_ids: 2 4 22564 1916 1958 12604 2115 4 4 2627 2244 4 2096 25616 3 1908 15880 6373 4305 2136 4 4676 1958 2232 4305 2670 1917 4305 4507 4082 1958 5094 4082 1953 4 17984 8552 16275 3 0 0 0 0 0 0 0 0 0 0 0 0 0 0 0 0 0 0 0 0 0 0 0 0 0 0 0 0 0 0 0 0 0 0 0 0 0 0 0 0 0 0 0 0 0 0 0 0 0 0 0 0 0 0 0 0 0 0 0 0 0 0 0 0 0 0 0 0 0 0 0 0 0 0 0 0 0 0 0 0 0 0 0 0 0 0 0 0 0
I1103 05:06:13.072380 47162026828864 create_pretraining_data.py:161] input_ids: 2 4 22564 1916 1958 12604 2115 4 4 2627 2244 4 2096 25616 3 1908 15880 6373 4305 2136 4 4676 1958 2232 4305 2670 1917 4305 4507 4082 1958 5094 4082 1953 4 17984 8552 16275 3 0 0 0 0 0 0 0 0 0 0 0 0 0 0 0 0 0 0 0 0 0 0 0 0 0 0 0 0 0 0 0 0 0 0 0 0 0 0 0 0 0 0 0 0 0 0 0 0 0 0 0 0 0 0 0 0 0 0 0 0 0 0 0 0 0 0 0 0 0 0 0 0 0 0 0 0 0 0 0 0 0 0 0 0 0 0 0 0 0
INFO:tensorflow:input_mask: 1 1 1 1 1 1 1 1 1 1 1 1 1 1 1 1 1 1 1 1 1 1 1 1 1 1 1 1 1 1 1 1 1 1 1 1 1 1 1 0 0 0 0 0 0 0 0 0 0 0 0 0 0 0 0 0 0 0 0 0 0 0 0 0 0 0 0 0 0 0 0 0 0 0 0 0 0 0 0 0 0 0 0 0 0 0 0 0 0 0 0 0 0 0 0 0 0 0 0 0 0 0 0 0 0 0 0 0 0 0 0 0 0 0 0 0 0 0 0 0 0 0 0 0 0 0 0 0
I1103 05:06:13.072505 47162026828864 create_pretraining_data.py:161] input_mask: 1 1 1 1 1 1 1 1 1 1 1 1 1 1 1 1 1 1 1 1 1 1 1 1 1 1 1 1 1 1 1 1 1 1 1 1 1 1 1 0 0 0 0 0 0 0 0 0 0 0 0 0 0 0 0 0 0 0 0 0 0 0 0 0 0 0 0 0 0 0 0 0 0 0 0 0 0 0 0 0 0 0 0 0 0 0 0 0 0 0 0 0 0 0 0 0 0 0 0 0 0 0 0 0 0 0 0 0 0 0 0 0 0 0 0 0 0 0 0 0 0 0 0 0 0 0 0 0
INFO:tensorflow:segment_ids: 0 0 0 0 0 0 0 0 0 0 0 0 0 0 0 1 1 1 1 1 1 1 1 1 1 1 1 1 1 1 1 1 1 1 1 1 1 1 1 0 0 0 0 0 0 0 0 0 0 0 0 0 0 0 0 0 0 0 0 0 0 0 0 0 0 0 0 0 0 0 0 0 0 0 0 0 0 0 0 0 0 0 0 0 0 0 0 0 0 0 0 0 0 0 0 0 0 0 0 0 0 0 0 0 0 0 0 0 0 0 0 0 0 0 0 0 0 0 0 0 0 0 0 0 0 0 0 0
I1103 05:06:13.072654 47162026828864 create_pretraining_data.py:161] segment_ids: 0 0 0 0 0 0 0 0 0 0 0 0 0 0 0 1 1 1 1 1 1 1 1 1 1 1 1 1 1 1 1 1 1 1 1 1 1 1 1 0 0 0 0 0 0 0 0 0 0 0 0 0 0 0 0 0 0 0 0 0 0 0 0 0 0 0 0 0 0 0 0 0 0 0 0 0 0 0 0 0 0 0 0 0 0 0 0 0 0 0 0 0 0 0 0 0 0 0 0 0 0 0 0 0 0 0 0 0 0 0 0 0 0 0 0 0 0 0 0 0 0 0 0 0 0 0 0 0
INFO:tensorflow:masked_lm_positions: 1 7 8 11 20 34 0 0 0 0 0 0 0 0 0 0 0 0 0 0
I1103 05:06:13.072747 47162026828864 create_pretraining_data.py:161] masked_lm_positions: 1 7 8 11 20 34 0 0 0 0 0 0 0 0 0 0 0 0 0 0
INFO:tensorflow:masked_lm_ids: 6890 20818 1913 2247 12802 2181 0 0 0 0 0 0 0 0 0 0 0 0 0 0
I1103 05:06:13.072837 47162026828864 create_pretraining_data.py:161] masked_lm_ids: 6890 20818 1913 2247 12802 2181 0 0 0 0 0 0 0 0 0 0 0 0 0 0
INFO:tensorflow:masked_lm_weights: 1.0 1.0 1.0 1.0 1.0 1.0 0.0 0.0 0.0 0.0 0.0 0.0 0.0 0.0 0.0 0.0 0.0 0.0 0.0 0.0
I1103 05:06:13.072928 47162026828864 create_pretraining_data.py:161] masked_lm_weights: 1.0 1.0 1.0 1.0 1.0 1.0 0.0 0.0 0.0 0.0 0.0 0.0 0.0 0.0 0.0 0.0 0.0 0.0 0.0 0.0
INFO:tensorflow:next_sentence_labels: 1
I1103 05:06:13.073010 47162026828864 create_pretraining_data.py:161] next_sentence_labels: 1
INFO:tensorflow:*** Example ***
I1103 05:06:13.073604 47162026828864 create_pretraining_data.py:149] *** Example ***
INFO:tensorflow:tokens: [CLS] مفيش احسن من حب الناس ومف ##يش او ##حش من حبك لنفسك [SEP] سيتم [MASK] لاعبي الاتحاد [MASK] المولد [MASK] النا ##ظري رياض الابر ##اهيم [MASK] فالف الخي ##بري فيصل الخ ##راع محمد البلاد ##ي للمنتخب ا ولم ##بي ##الحة [MASK] مستقبل [SEP]
I1103 05:06:13.073741 47162026828864 create_pretraining_data.py:151] tokens: [CLS] مفيش احسن من حب الناس ومف ##يش او ##حش من حبك لنفسك [SEP] سيتم [MASK] لاعبي الاتحاد [MASK] المولد [MASK] النا ##ظري رياض الابر ##اهيم [MASK] فالف الخي ##بري فيصل الخ ##راع محمد البلاد ##ي للمنتخب ا ولم ##بي ##الحة [MASK] مستقبل [SEP]
INFO:tensorflow:input_ids: 2 10378 4994 1908 3151 2397 15981 2336 2213 24474 1908 6281 9991 3 5856 4 10934 2816 4 8396 4 2193 20673 5631 18895 12837 4 29098 6562 14135 5689 1995 4104 2202 3992 1013 19824 387 2743 1947 7545 4 8142 3 0 0 0 0 0 0 0 0 0 0 0 0 0 0 0 0 0 0 0 0 0 0 0 0 0 0 0 0 0 0 0 0 0 0 0 0 0 0 0 0 0 0 0 0 0 0 0 0 0 0 0 0 0 0 0 0 0 0 0 0 0 0 0 0 0 0 0 0 0 0 0 0 0 0 0 0 0 0 0 0 0 0 0 0
I1103 05:06:13.073884 47162026828864 create_pretraining_data.py:161] input_ids: 2 10378 4994 1908 3151 2397 15981 2336 2213 24474 1908 6281 9991 3 5856 4 10934 2816 4 8396 4 2193 20673 5631 18895 12837 4 29098 6562 14135 5689 1995 4104 2202 3992 1013 19824 387 2743 1947 7545 4 8142 3 0 0 0 0 0 0 0 0 0 0 0 0 0 0 0 0 0 0 0 0 0 0 0 0 0 0 0 0 0 0 0 0 0 0 0 0 0 0 0 0 0 0 0 0 0 0 0 0 0 0 0 0 0 0 0 0 0 0 0 0 0 0 0 0 0 0 0 0 0 0 0 0 0 0 0 0 0 0 0 0 0 0 0 0
INFO:tensorflow:input_mask: 1 1 1 1 1 1 1 1 1 1 1 1 1 1 1 1 1 1 1 1 1 1 1 1 1 1 1 1 1 1 1 1 1 1 1 1 1 1 1 1 1 1 1 1 0 0 0 0 0 0 0 0 0 0 0 0 0 0 0 0 0 0 0 0 0 0 0 0 0 0 0 0 0 0 0 0 0 0 0 0 0 0 0 0 0 0 0 0 0 0 0 0 0 0 0 0 0 0 0 0 0 0 0 0 0 0 0 0 0 0 0 0 0 0 0 0 0 0 0 0 0 0 0 0 0 0 0 0
I1103 05:06:13.074014 47162026828864 create_pretraining_data.py:161] input_mask: 1 1 1 1 1 1 1 1 1 1 1 1 1 1 1 1 1 1 1 1 1 1 1 1 1 1 1 1 1 1 1 1 1 1 1 1 1 1 1 1 1 1 1 1 0 0 0 0 0 0 0 0 0 0 0 0 0 0 0 0 0 0 0 0 0 0 0 0 0 0 0 0 0 0 0 0 0 0 0 0 0 0 0 0 0 0 0 0 0 0 0 0 0 0 0 0 0 0 0 0 0 0 0 0 0 0 0 0 0 0 0 0 0 0 0 0 0 0 0 0 0 0 0 0 0 0 0 0
INFO:tensorflow:segment_ids: 0 0 0 0 0 0 0 0 0 0 0 0 0 0 1 1 1 1 1 1 1 1 1 1 1 1 1 1 1 1 1 1 1 1 1 1 1 1 1 1 1 1 1 1 0 0 0 0 0 0 0 0 0 0 0 0 0 0 0 0 0 0 0 0 0 0 0 0 0 0 0 0 0 0 0 0 0 0 0 0 0 0 0 0 0 0 0 0 0 0 0 0 0 0 0 0 0 0 0 0 0 0 0 0 0 0 0 0 0 0 0 0 0 0 0 0 0 0 0 0 0 0 0 0 0 0 0 0
I1103 05:06:13.074151 47162026828864 create_pretraining_data.py:161] segment_ids: 0 0 0 0 0 0 0 0 0 0 0 0 0 0 1 1 1 1 1 1 1 1 1 1 1 1 1 1 1 1 1 1 1 1 1 1 1 1 1 1 1 1 1 1 0 0 0 0 0 0 0 0 0 0 0 0 0 0 0 0 0 0 0 0 0 0 0 0 0 0 0 0 0 0 0 0 0 0 0 0 0 0 0 0 0 0 0 0 0 0 0 0 0 0 0 0 0 0 0 0 0 0 0 0 0 0 0 0 0 0 0 0 0 0 0 0 0 0 0 0 0 0 0 0 0 0 0 0
INFO:tensorflow:masked_lm_positions: 15 18 20 26 27 40 41 0 0 0 0 0 0 0 0 0 0 0 0 0
I1103 05:06:13.074247 47162026828864 create_pretraining_data.py:161] masked_lm_positions: 15 18 20 26 27 40 41 0 0 0 0 0 0 0 0 0 0 0 0 0
INFO:tensorflow:masked_lm_ids: 24260 4599 3625 2858 1013 20124 2899 0 0 0 0 0 0 0 0 0 0 0 0 0
I1103 05:06:13.074337 47162026828864 create_pretraining_data.py:161] masked_lm_ids: 24260 4599 3625 2858 1013 20124 2899 0 0 0 0 0 0 0 0 0 0 0 0 0
INFO:tensorflow:masked_lm_weights: 1.0 1.0 1.0 1.0 1.0 1.0 1.0 0.0 0.0 0.0 0.0 0.0 0.0 0.0 0.0 0.0 0.0 0.0 0.0 0.0
I1103 05:06:13.074430 47162026828864 create_pretraining_data.py:161] masked_lm_weights: 1.0 1.0 1.0 1.0 1.0 1.0 1.0 0.0 0.0 0.0 0.0 0.0 0.0 0.0 0.0 0.0 0.0 0.0 0.0 0.0
INFO:tensorflow:next_sentence_labels: 1
I1103 05:06:13.074513 47162026828864 create_pretraining_data.py:161] next_sentence_labels: 1
INFO:tensorflow:*** Example ***
I1103 05:06:13.075105 47162026828864 create_pretraining_data.py:149] *** Example ***
INFO:tensorflow:tokens: [CLS] [MASK] الناس هو من لايع ##رف الناس ولاي ##عرفه الناس [SEP] لزياده متابعينك ريتويت فلو للي [MASK] رتويت [SEP]
I1103 05:06:13.075230 47162026828864 create_pretraining_data.py:151] tokens: [CLS] [MASK] الناس هو من لايع ##رف الناس ولاي ##عرفه الناس [SEP] لزياده متابعينك ريتويت فلو للي [MASK] رتويت [SEP]
INFO:tensorflow:input_ids: 2 4 2397 2139 1908 12460 2020 2397 19819 26522 2397 3 5255 6209 3425 4696 4492 4 2928 3 0 0 0 0 0 0 0 0 0 0 0 0 0 0 0 0 0 0 0 0 0 0 0 0 0 0 0 0 0 0 0 0 0 0 0 0 0 0 0 0 0 0 0 0 0 0 0 0 0 0 0 0 0 0 0 0 0 0 0 0 0 0 0 0 0 0 0 0 0 0 0 0 0 0 0 0 0 0 0 0 0 0 0 0 0 0 0 0 0 0 0 0 0 0 0 0 0 0 0 0 0 0 0 0 0 0 0 0
I1103 05:06:13.075367 47162026828864 create_pretraining_data.py:161] input_ids: 2 4 2397 2139 1908 12460 2020 2397 19819 26522 2397 3 5255 6209 3425 4696 4492 4 2928 3 0 0 0 0 0 0 0 0 0 0 0 0 0 0 0 0 0 0 0 0 0 0 0 0 0 0 0 0 0 0 0 0 0 0 0 0 0 0 0 0 0 0 0 0 0 0 0 0 0 0 0 0 0 0 0 0 0 0 0 0 0 0 0 0 0 0 0 0 0 0 0 0 0 0 0 0 0 0 0 0 0 0 0 0 0 0 0 0 0 0 0 0 0 0 0 0 0 0 0 0 0 0 0 0 0 0 0 0
INFO:tensorflow:input_mask: 1 1 1 1 1 1 1 1 1 1 1 1 1 1 1 1 1 1 1 1 0 0 0 0 0 0 0 0 0 0 0 0 0 0 0 0 0 0 0 0 0 0 0 0 0 0 0 0 0 0 0 0 0 0 0 0 0 0 0 0 0 0 0 0 0 0 0 0 0 0 0 0 0 0 0 0 0 0 0 0 0 0 0 0 0 0 0 0 0 0 0 0 0 0 0 0 0 0 0 0 0 0 0 0 0 0 0 0 0 0 0 0 0 0 0 0 0 0 0 0 0 0 0 0 0 0 0 0
I1103 05:06:13.075495 47162026828864 create_pretraining_data.py:161] input_mask: 1 1 1 1 1 1 1 1 1 1 1 1 1 1 1 1 1 1 1 1 0 0 0 0 0 0 0 0 0 0 0 0 0 0 0 0 0 0 0 0 0 0 0 0 0 0 0 0 0 0 0 0 0 0 0 0 0 0 0 0 0 0 0 0 0 0 0 0 0 0 0 0 0 0 0 0 0 0 0 0 0 0 0 0 0 0 0 0 0 0 0 0 0 0 0 0 0 0 0 0 0 0 0 0 0 0 0 0 0 0 0 0 0 0 0 0 0 0 0 0 0 0 0 0 0 0 0 0
INFO:tensorflow:segment_ids: 0 0 0 0 0 0 0 0 0 0 0 0 1 1 1 1 1 1 1 1 0 0 0 0 0 0 0 0 0 0 0 0 0 0 0 0 0 0 0 0 0 0 0 0 0 0 0 0 0 0 0 0 0 0 0 0 0 0 0 0 0 0 0 0 0 0 0 0 0 0 0 0 0 0 0 0 0 0 0 0 0 0 0 0 0 0 0 0 0 0 0 0 0 0 0 0 0 0 0 0 0 0 0 0 0 0 0 0 0 0 0 0 0 0 0 0 0 0 0 0 0 0 0 0 0 0 0 0
I1103 05:06:13.075632 47162026828864 create_pretraining_data.py:161] segment_ids: 0 0 0 0 0 0 0 0 0 0 0 0 1 1 1 1 1 1 1 1 0 0 0 0 0 0 0 0 0 0 0 0 0 0 0 0 0 0 0 0 0 0 0 0 0 0 0 0 0 0 0 0 0 0 0 0 0 0 0 0 0 0 0 0 0 0 0 0 0 0 0 0 0 0 0 0 0 0 0 0 0 0 0 0 0 0 0 0 0 0 0 0 0 0 0 0 0 0 0 0 0 0 0 0 0 0 0 0 0 0 0 0 0 0 0 0 0 0 0 0 0 0 0 0 0 0 0 0
INFO:tensorflow:masked_lm_positions: 1 3 17 0 0 0 0 0 0 0 0 0 0 0 0 0 0 0 0 0
I1103 05:06:13.075741 47162026828864 create_pretraining_data.py:161] masked_lm_positions: 1 3 17 0 0 0 0 0 0 0 0 0 0 0 0 0 0 0 0 0
INFO:tensorflow:masked_lm_ids: 5926 2139 2979 0 0 0 0 0 0 0 0 0 0 0 0 0 0 0 0 0
I1103 05:06:13.075834 47162026828864 create_pretraining_data.py:161] masked_lm_ids: 5926 2139 2979 0 0 0 0 0 0 0 0 0 0 0 0 0 0 0 0 0
INFO:tensorflow:masked_lm_weights: 1.0 1.0 1.0 0.0 0.0 0.0 0.0 0.0 0.0 0.0 0.0 0.0 0.0 0.0 0.0 0.0 0.0 0.0 0.0 0.0
I1103 05:06:13.075926 47162026828864 create_pretraining_data.py:161] masked_lm_weights: 1.0 1.0 1.0 0.0 0.0 0.0 0.0 0.0 0.0 0.0 0.0 0.0 0.0 0.0 0.0 0.0 0.0 0.0 0.0 0.0
INFO:tensorflow:next_sentence_labels: 1
I1103 05:06:13.076008 47162026828864 create_pretraining_data.py:161] next_sentence_labels: 1
INFO:tensorflow:*** Example ***
I1103 05:06:13.076590 47162026828864 create_pretraining_data.py:149] *** Example ***
INFO:tensorflow:tokens: [CLS] نفسي ##تي محتاجه شاعر يقصد فيني وانا اشر ##ب [MASK] واقول اسلم ويك ##مل لين يغ ##مي عليه [SEP] ابتسم ##واف ##ان الحياه [MASK] [MASK] لح ##زن احد [SEP]
I1103 05:06:13.076721 47162026828864 create_pretraining_data.py:151] tokens: [CLS] نفسي ##تي محتاجه شاعر يقصد فيني وانا اشر ##ب [MASK] واقول اسلم ويك ##مل لين يغ ##مي عليه [SEP] ابتسم ##واف ##ان الحياه [MASK] [MASK] لح ##زن احد [SEP]
INFO:tensorflow:input_ids: 2 3733 2005 15475 9959 14310 6049 3257 22535 1045 4 12924 27853 10891 2182 5133 3579 1960 2181 3 7339 4717 1906 3014 4 4 2503 3104 2439 3 0 0 0 0 0 0 0 0 0 0 0 0 0 0 0 0 0 0 0 0 0 0 0 0 0 0 0 0 0 0 0 0 0 0 0 0 0 0 0 0 0 0 0 0 0 0 0 0 0 0 0 0 0 0 0 0 0 0 0 0 0 0 0 0 0 0 0 0 0 0 0 0 0 0 0 0 0 0 0 0 0 0 0 0 0 0 0 0 0 0 0 0 0 0 0 0 0 0
I1103 05:06:13.076857 47162026828864 create_pretraining_data.py:161] input_ids: 2 3733 2005 15475 9959 14310 6049 3257 22535 1045 4 12924 27853 10891 2182 5133 3579 1960 2181 3 7339 4717 1906 3014 4 4 2503 3104 2439 3 0 0 0 0 0 0 0 0 0 0 0 0 0 0 0 0 0 0 0 0 0 0 0 0 0 0 0 0 0 0 0 0 0 0 0 0 0 0 0 0 0 0 0 0 0 0 0 0 0 0 0 0 0 0 0 0 0 0 0 0 0 0 0 0 0 0 0 0 0 0 0 0 0 0 0 0 0 0 0 0 0 0 0 0 0 0 0 0 0 0 0 0 0 0 0 0 0 0
INFO:tensorflow:input_mask: 1 1 1 1 1 1 1 1 1 1 1 1 1 1 1 1 1 1 1 1 1 1 1 1 1 1 1 1 1 1 0 0 0 0 0 0 0 0 0 0 0 0 0 0 0 0 0 0 0 0 0 0 0 0 0 0 0 0 0 0 0 0 0 0 0 0 0 0 0 0 0 0 0 0 0 0 0 0 0 0 0 0 0 0 0 0 0 0 0 0 0 0 0 0 0 0 0 0 0 0 0 0 0 0 0 0 0 0 0 0 0 0 0 0 0 0 0 0 0 0 0 0 0 0 0 0 0 0
I1103 05:06:13.076982 47162026828864 create_pretraining_data.py:161] input_mask: 1 1 1 1 1 1 1 1 1 1 1 1 1 1 1 1 1 1 1 1 1 1 1 1 1 1 1 1 1 1 0 0 0 0 0 0 0 0 0 0 0 0 0 0 0 0 0 0 0 0 0 0 0 0 0 0 0 0 0 0 0 0 0 0 0 0 0 0 0 0 0 0 0 0 0 0 0 0 0 0 0 0 0 0 0 0 0 0 0 0 0 0 0 0 0 0 0 0 0 0 0 0 0 0 0 0 0 0 0 0 0 0 0 0 0 0 0 0 0 0 0 0 0 0 0 0 0 0
INFO:tensorflow:segment_ids: 0 0 0 0 0 0 0 0 0 0 0 0 0 0 0 0 0 0 0 0 1 1 1 1 1 1 1 1 1 1 0 0 0 0 0 0 0 0 0 0 0 0 0 0 0 0 0 0 0 0 0 0 0 0 0 0 0 0 0 0 0 0 0 0 0 0 0 0 0 0 0 0 0 0 0 0 0 0 0 0 0 0 0 0 0 0 0 0 0 0 0 0 0 0 0 0 0 0 0 0 0 0 0 0 0 0 0 0 0 0 0 0 0 0 0 0 0 0 0 0 0 0 0 0 0 0 0 0
I1103 05:06:13.077105 47162026828864 create_pretraining_data.py:161] segment_ids: 0 0 0 0 0 0 0 0 0 0 0 0 0 0 0 0 0 0 0 0 1 1 1 1 1 1 1 1 1 1 0 0 0 0 0 0 0 0 0 0 0 0 0 0 0 0 0 0 0 0 0 0 0 0 0 0 0 0 0 0 0 0 0 0 0 0 0 0 0 0 0 0 0 0 0 0 0 0 0 0 0 0 0 0 0 0 0 0 0 0 0 0 0 0 0 0 0 0 0 0 0 0 0 0 0 0 0 0 0 0 0 0 0 0 0 0 0 0 0 0 0 0 0 0 0 0 0 0
INFO:tensorflow:masked_lm_positions: 10 23 24 25 0 0 0 0 0 0 0 0 0 0 0 0 0 0 0 0
I1103 05:06:13.077197 47162026828864 create_pretraining_data.py:161] masked_lm_positions: 10 23 24 25 0 0 0 0 0 0 0 0 0 0 0 0 0 0 0 0
INFO:tensorflow:masked_lm_ids: 13938 3014 17329 2836 0 0 0 0 0 0 0 0 0 0 0 0 0 0 0 0
I1103 05:06:13.077286 47162026828864 create_pretraining_data.py:161] masked_lm_ids: 13938 3014 17329 2836 0 0 0 0 0 0 0 0 0 0 0 0 0 0 0 0
INFO:tensorflow:masked_lm_weights: 1.0 1.0 1.0 1.0 0.0 0.0 0.0 0.0 0.0 0.0 0.0 0.0 0.0 0.0 0.0 0.0 0.0 0.0 0.0 0.0
I1103 05:06:13.077391 47162026828864 create_pretraining_data.py:161] masked_lm_weights: 1.0 1.0 1.0 1.0 0.0 0.0 0.0 0.0 0.0 0.0 0.0 0.0 0.0 0.0 0.0 0.0 0.0 0.0 0.0 0.0
INFO:tensorflow:next_sentence_labels: 1
I1103 05:06:13.077475 47162026828864 create_pretraining_data.py:161] next_sentence_labels: 1
INFO:tensorflow:*** Example ***
I1103 05:06:13.078080 47162026828864 create_pretraining_data.py:149] *** Example ***
INFO:tensorflow:tokens: [CLS] تجمع ##ت شرا ##بها ##لما ##ء علي البير [MASK] [MASK] عنه الجماع ##ه ##حد ##ونا جون ##ا شتات اص ##فر [MASK] غرق الطير بلو ##ي [MASK] بشر ##هم ماب ##لونا الميزانيه [SEP] 21 مليون [MASK] تنقل ياسر الشهراني الي السد القطري [SEP]
I1103 05:06:13.078213 47162026828864 create_pretraining_data.py:151] tokens: [CLS] تجمع ##ت شرا ##بها ##لما ##ء علي البير [MASK] [MASK] عنه الجماع ##ه ##حد ##ونا جون ##ا شتات اص ##فر [MASK] غرق الطير بلو ##ي [MASK] بشر ##هم ماب ##لونا الميزانيه [SEP] 21 مليون [MASK] تنقل ياسر الشهراني الي السد القطري [SEP]
INFO:tensorflow:input_ids: 2 4098 1005 8991 9701 3841 1053 1958 19490 4 4 2891 22312 1028 1991 3778 7138 1007 27730 2402 2051 4 19780 18928 7214 1013 4 4785 1949 5445 22424 14422 3 3960 3193 4 16079 6412 15384 2002 13565 10472 3 0 0 0 0 0 0 0 0 0 0 0 0 0 0 0 0 0 0 0 0 0 0 0 0 0 0 0 0 0 0 0 0 0 0 0 0 0 0 0 0 0 0 0 0 0 0 0 0 0 0 0 0 0 0 0 0 0 0 0 0 0 0 0 0 0 0 0 0 0 0 0 0 0 0 0 0 0 0 0 0 0 0 0 0 0
I1103 05:06:13.078354 47162026828864 create_pretraining_data.py:161] input_ids: 2 4098 1005 8991 9701 3841 1053 1958 19490 4 4 2891 22312 1028 1991 3778 7138 1007 27730 2402 2051 4 19780 18928 7214 1013 4 4785 1949 5445 22424 14422 3 3960 3193 4 16079 6412 15384 2002 13565 10472 3 0 0 0 0 0 0 0 0 0 0 0 0 0 0 0 0 0 0 0 0 0 0 0 0 0 0 0 0 0 0 0 0 0 0 0 0 0 0 0 0 0 0 0 0 0 0 0 0 0 0 0 0 0 0 0 0 0 0 0 0 0 0 0 0 0 0 0 0 0 0 0 0 0 0 0 0 0 0 0 0 0 0 0 0 0
INFO:tensorflow:input_mask: 1 1 1 1 1 1 1 1 1 1 1 1 1 1 1 1 1 1 1 1 1 1 1 1 1 1 1 1 1 1 1 1 1 1 1 1 1 1 1 1 1 1 1 0 0 0 0 0 0 0 0 0 0 0 0 0 0 0 0 0 0 0 0 0 0 0 0 0 0 0 0 0 0 0 0 0 0 0 0 0 0 0 0 0 0 0 0 0 0 0 0 0 0 0 0 0 0 0 0 0 0 0 0 0 0 0 0 0 0 0 0 0 0 0 0 0 0 0 0 0 0 0 0 0 0 0 0 0
I1103 05:06:13.078481 47162026828864 create_pretraining_data.py:161] input_mask: 1 1 1 1 1 1 1 1 1 1 1 1 1 1 1 1 1 1 1 1 1 1 1 1 1 1 1 1 1 1 1 1 1 1 1 1 1 1 1 1 1 1 1 0 0 0 0 0 0 0 0 0 0 0 0 0 0 0 0 0 0 0 0 0 0 0 0 0 0 0 0 0 0 0 0 0 0 0 0 0 0 0 0 0 0 0 0 0 0 0 0 0 0 0 0 0 0 0 0 0 0 0 0 0 0 0 0 0 0 0 0 0 0 0 0 0 0 0 0 0 0 0 0 0 0 0 0 0
INFO:tensorflow:segment_ids: 0 0 0 0 0 0 0 0 0 0 0 0 0 0 0 0 0 0 0 0 0 0 0 0 0 0 0 0 0 0 0 0 0 1 1 1 1 1 1 1 1 1 1 0 0 0 0 0 0 0 0 0 0 0 0 0 0 0 0 0 0 0 0 0 0 0 0 0 0 0 0 0 0 0 0 0 0 0 0 0 0 0 0 0 0 0 0 0 0 0 0 0 0 0 0 0 0 0 0 0 0 0 0 0 0 0 0 0 0 0 0 0 0 0 0 0 0 0 0 0 0 0 0 0 0 0 0 0
I1103 05:06:13.078611 47162026828864 create_pretraining_data.py:161] segment_ids: 0 0 0 0 0 0 0 0 0 0 0 0 0 0 0 0 0 0 0 0 0 0 0 0 0 0 0 0 0 0 0 0 0 1 1 1 1 1 1 1 1 1 1 0 0 0 0 0 0 0 0 0 0 0 0 0 0 0 0 0 0 0 0 0 0 0 0 0 0 0 0 0 0 0 0 0 0 0 0 0 0 0 0 0 0 0 0 0 0 0 0 0 0 0 0 0 0 0 0 0 0 0 0 0 0 0 0 0 0 0 0 0 0 0 0 0 0 0 0 0 0 0 0 0 0 0 0 0
INFO:tensorflow:masked_lm_positions: 9 10 21 22 26 35 0 0 0 0 0 0 0 0 0 0 0 0 0 0
I1103 05:06:13.078705 47162026828864 create_pretraining_data.py:161] masked_lm_positions: 9 10 21 22 26 35 0 0 0 0 0 0 0 0 0 0 0 0 0 0
INFO:tensorflow:masked_lm_ids: 8209 2623 4360 9003 12983 3108 0 0 0 0 0 0 0 0 0 0 0 0 0 0
I1103 05:06:13.078794 47162026828864 create_pretraining_data.py:161] masked_lm_ids: 8209 2623 4360 9003 12983 3108 0 0 0 0 0 0 0 0 0 0 0 0 0 0
INFO:tensorflow:masked_lm_weights: 1.0 1.0 1.0 1.0 1.0 1.0 0.0 0.0 0.0 0.0 0.0 0.0 0.0 0.0 0.0 0.0 0.0 0.0 0.0 0.0
I1103 05:06:13.078886 47162026828864 create_pretraining_data.py:161] masked_lm_weights: 1.0 1.0 1.0 1.0 1.0 1.0 0.0 0.0 0.0 0.0 0.0 0.0 0.0 0.0 0.0 0.0 0.0 0.0 0.0 0.0
INFO:tensorflow:next_sentence_labels: 1
I1103 05:06:13.078983 47162026828864 create_pretraining_data.py:161] next_sentence_labels: 1
INFO:tensorflow:*** Example ***
I1103 05:06:13.079588 47162026828864 create_pretraining_data.py:149] *** Example ***
INFO:tensorflow:tokens: [CLS] وقف عند حد ##ك انا افضل لاعب وانا ليا ##قت ##ي [MASK] يعني شنو ماتب ##ي [MASK] تعليمات المدرب [MASK] [MASK] لعب سك ##ه عشان تلعب وت ##اخذ راحتك بون ##ياك كمل ##رابه [MASK] [SEP] مهرجان الافلام [MASK] [MASK] [MASK] الشهير سيست ##ضيف ويقدم لاجئ ##ين كج ##ز ##ء من فعاليات ##ه بير ##لين المانيا [SEP]
I1103 05:06:13.079731 47162026828864 create_pretraining_data.py:151] tokens: [CLS] وقف عند حد ##ك انا افضل لاعب وانا ليا ##قت ##ي [MASK] يعني شنو ماتب ##ي [MASK] تعليمات المدرب [MASK] [MASK] لعب سك ##ه عشان تلعب وت ##اخذ راحتك بون ##ياك كمل ##رابه [MASK] [SEP] مهرجان الافلام [MASK] [MASK] [MASK] الشهير سيست ##ضيف ويقدم لاجئ ##ين كج ##ز ##ء من فعاليات ##ه بير ##لين المانيا [SEP]
INFO:tensorflow:input_ids: 2 5127 2192 2470 1014 2315 2931 3639 3257 7706 2039 1013 4 3236 12451 25722 1013 4 18741 7934 4 4 4046 4380 1028 3573 11954 2001 6401 23899 17181 6840 24922 17469 4 3 6503 6513 4 4 4 12603 22818 6776 19723 26929 1911 22683 1008 1053 1908 7259 1028 3782 2633 10172 3 0 0 0 0 0 0 0 0 0 0 0 0 0 0 0 0 0 0 0 0 0 0 0 0 0 0 0 0 0 0 0 0 0 0 0 0 0 0 0 0 0 0 0 0 0 0 0 0 0 0 0 0 0 0 0 0 0 0 0 0 0 0 0 0 0 0 0 0 0 0 0
I1103 05:06:13.079878 47162026828864 create_pretraining_data.py:161] input_ids: 2 5127 2192 2470 1014 2315 2931 3639 3257 7706 2039 1013 4 3236 12451 25722 1013 4 18741 7934 4 4 4046 4380 1028 3573 11954 2001 6401 23899 17181 6840 24922 17469 4 3 6503 6513 4 4 4 12603 22818 6776 19723 26929 1911 22683 1008 1053 1908 7259 1028 3782 2633 10172 3 0 0 0 0 0 0 0 0 0 0 0 0 0 0 0 0 0 0 0 0 0 0 0 0 0 0 0 0 0 0 0 0 0 0 0 0 0 0 0 0 0 0 0 0 0 0 0 0 0 0 0 0 0 0 0 0 0 0 0 0 0 0 0 0 0 0 0 0 0 0 0
INFO:tensorflow:input_mask: 1 1 1 1 1 1 1 1 1 1 1 1 1 1 1 1 1 1 1 1 1 1 1 1 1 1 1 1 1 1 1 1 1 1 1 1 1 1 1 1 1 1 1 1 1 1 1 1 1 1 1 1 1 1 1 1 1 0 0 0 0 0 0 0 0 0 0 0 0 0 0 0 0 0 0 0 0 0 0 0 0 0 0 0 0 0 0 0 0 0 0 0 0 0 0 0 0 0 0 0 0 0 0 0 0 0 0 0 0 0 0 0 0 0 0 0 0 0 0 0 0 0 0 0 0 0 0 0
I1103 05:06:13.080010 47162026828864 create_pretraining_data.py:161] input_mask: 1 1 1 1 1 1 1 1 1 1 1 1 1 1 1 1 1 1 1 1 1 1 1 1 1 1 1 1 1 1 1 1 1 1 1 1 1 1 1 1 1 1 1 1 1 1 1 1 1 1 1 1 1 1 1 1 1 0 0 0 0 0 0 0 0 0 0 0 0 0 0 0 0 0 0 0 0 0 0 0 0 0 0 0 0 0 0 0 0 0 0 0 0 0 0 0 0 0 0 0 0 0 0 0 0 0 0 0 0 0 0 0 0 0 0 0 0 0 0 0 0 0 0 0 0 0 0 0
INFO:tensorflow:segment_ids: 0 0 0 0 0 0 0 0 0 0 0 0 0 0 0 0 0 0 0 0 0 0 0 0 0 0 0 0 0 0 0 0 0 0 0 0 1 1 1 1 1 1 1 1 1 1 1 1 1 1 1 1 1 1 1 1 1 0 0 0 0 0 0 0 0 0 0 0 0 0 0 0 0 0 0 0 0 0 0 0 0 0 0 0 0 0 0 0 0 0 0 0 0 0 0 0 0 0 0 0 0 0 0 0 0 0 0 0 0 0 0 0 0 0 0 0 0 0 0 0 0 0 0 0 0 0 0 0
I1103 05:06:13.080135 47162026828864 create_pretraining_data.py:161] segment_ids: 0 0 0 0 0 0 0 0 0 0 0 0 0 0 0 0 0 0 0 0 0 0 0 0 0 0 0 0 0 0 0 0 0 0 0 0 1 1 1 1 1 1 1 1 1 1 1 1 1 1 1 1 1 1 1 1 1 0 0 0 0 0 0 0 0 0 0 0 0 0 0 0 0 0 0 0 0 0 0 0 0 0 0 0 0 0 0 0 0 0 0 0 0 0 0 0 0 0 0 0 0 0 0 0 0 0 0 0 0 0 0 0 0 0 0 0 0 0 0 0 0 0 0 0 0 0 0 0
INFO:tensorflow:masked_lm_positions: 12 17 20 21 33 34 38 39 40 0 0 0 0 0 0 0 0 0 0 0
I1103 05:06:13.080230 47162026828864 create_pretraining_data.py:161] masked_lm_positions: 12 17 20 21 33 34 38 39 40 0 0 0 0 0 0 0 0 0 0 0
INFO:tensorflow:masked_lm_ids: 11273 16625 12451 2481 11302 1014 3782 12692 1010 0 0 0 0 0 0 0 0 0 0 0
I1103 05:06:13.080319 47162026828864 create_pretraining_data.py:161] masked_lm_ids: 11273 16625 12451 2481 11302 1014 3782 12692 1010 0 0 0 0 0 0 0 0 0 0 0
INFO:tensorflow:masked_lm_weights: 1.0 1.0 1.0 1.0 1.0 1.0 1.0 1.0 1.0 0.0 0.0 0.0 0.0 0.0 0.0 0.0 0.0 0.0 0.0 0.0
I1103 05:06:13.080411 47162026828864 create_pretraining_data.py:161] masked_lm_weights: 1.0 1.0 1.0 1.0 1.0 1.0 1.0 1.0 1.0 0.0 0.0 0.0 0.0 0.0 0.0 0.0 0.0 0.0 0.0 0.0
INFO:tensorflow:next_sentence_labels: 1
I1103 05:06:13.080509 47162026828864 create_pretraining_data.py:161] next_sentence_labels: 1
INFO:tensorflow:Wrote 9999670 total instances
I1103 06:15:39.169692 47162026828864 create_pretraining_data.py:166] Wrote 9999670 total instances
