Loading module 'all'
WARNING:tensorflow:From ../bert/create_pretraining_data.py:469: The name tf.app.run is deprecated. Please use tf.compat.v1.app.run instead.

WARNING:tensorflow:From ../bert/create_pretraining_data.py:437: The name tf.logging.set_verbosity is deprecated. Please use tf.compat.v1.logging.set_verbosity instead.

W1103 14:45:46.654437 47491352101952 module_wrapper.py:139] From ../bert/create_pretraining_data.py:437: The name tf.logging.set_verbosity is deprecated. Please use tf.compat.v1.logging.set_verbosity instead.

WARNING:tensorflow:From ../bert/create_pretraining_data.py:437: The name tf.logging.INFO is deprecated. Please use tf.compat.v1.logging.INFO instead.

W1103 14:45:46.654790 47491352101952 module_wrapper.py:139] From ../bert/create_pretraining_data.py:437: The name tf.logging.INFO is deprecated. Please use tf.compat.v1.logging.INFO instead.

WARNING:tensorflow:From /scratch/gi372/CAMeLBERT/bert/tokenization.py:125: The name tf.gfile.GFile is deprecated. Please use tf.io.gfile.GFile instead.

W1103 14:45:46.655100 47491352101952 module_wrapper.py:139] From /scratch/gi372/CAMeLBERT/bert/tokenization.py:125: The name tf.gfile.GFile is deprecated. Please use tf.io.gfile.GFile instead.

WARNING:tensorflow:From ../bert/create_pretraining_data.py:444: The name tf.gfile.Glob is deprecated. Please use tf.io.gfile.glob instead.

W1103 14:45:46.790010 47491352101952 module_wrapper.py:139] From ../bert/create_pretraining_data.py:444: The name tf.gfile.Glob is deprecated. Please use tf.io.gfile.glob instead.

WARNING:tensorflow:From ../bert/create_pretraining_data.py:446: The name tf.logging.info is deprecated. Please use tf.compat.v1.logging.info instead.

W1103 14:45:46.830953 47491352101952 module_wrapper.py:139] From ../bert/create_pretraining_data.py:446: The name tf.logging.info is deprecated. Please use tf.compat.v1.logging.info instead.

INFO:tensorflow:*** Reading from input files ***
I1103 14:45:46.831165 47491352101952 create_pretraining_data.py:446] *** Reading from input files ***
INFO:tensorflow:  ../corpora/shards/DA-ali2019-500m-tweet.bw.ar.lines.shard.365.normalized.sents
I1103 14:45:46.831303 47491352101952 create_pretraining_data.py:448]   ../corpora/shards/DA-ali2019-500m-tweet.bw.ar.lines.shard.365.normalized.sents
INFO:tensorflow:*** Writing to output files ***
I1103 15:26:22.674990 47491352101952 create_pretraining_data.py:457] *** Writing to output files ***
INFO:tensorflow:  ../corpora/tfrecord_wp-30k_msl-128/DA-ali2019-500m-tweet.bw.ar.lines.shard.365.tf_record
I1103 15:26:22.675299 47491352101952 create_pretraining_data.py:459]   ../corpora/tfrecord_wp-30k_msl-128/DA-ali2019-500m-tweet.bw.ar.lines.shard.365.tf_record
WARNING:tensorflow:From ../bert/create_pretraining_data.py:101: The name tf.python_io.TFRecordWriter is deprecated. Please use tf.io.TFRecordWriter instead.

W1103 15:26:22.675567 47491352101952 module_wrapper.py:139] From ../bert/create_pretraining_data.py:101: The name tf.python_io.TFRecordWriter is deprecated. Please use tf.io.TFRecordWriter instead.

INFO:tensorflow:*** Example ***
I1103 15:26:22.680218 47491352101952 create_pretraining_data.py:149] *** Example ***
INFO:tensorflow:tokens: [CLS] خم ##اس ##يه برشلونه وخ ##ماس ##يه ميسي الجميع يحس ##د البر ##شلون ##ي حاليا [SEP] [MASK] [MASK] لن [MASK] [MASK] من غير نيه طيبه وعمل طيب هلال الك ##عبي اح ##رف [MASK] [SEP]
I1103 15:26:22.680395 47491352101952 create_pretraining_data.py:151] tokens: [CLS] خم ##اس ##يه برشلونه وخ ##ماس ##يه ميسي الجميع يحس ##د البر ##شلون ##ي حاليا [SEP] [MASK] [MASK] لن [MASK] [MASK] من غير نيه طيبه وعمل طيب هلال الك ##عبي اح ##رف [MASK] [SEP]
INFO:tensorflow:input_ids: 2 19157 2233 1988 7327 2680 6619 1988 6832 3982 14403 1016 3162 5134 1013 4371 3 4 4 2404 4 4 1908 2224 17471 9398 11821 4177 6500 1994 14701 2279 2020 4 3 0 0 0 0 0 0 0 0 0 0 0 0 0 0 0 0 0 0 0 0 0 0 0 0 0 0 0 0 0 0 0 0 0 0 0 0 0 0 0 0 0 0 0 0 0 0 0 0 0 0 0 0 0 0 0 0 0 0 0 0 0 0 0 0 0 0 0 0 0 0 0 0 0 0 0 0 0 0 0 0 0 0 0 0 0 0 0 0 0 0 0 0 0
I1103 15:26:22.680604 47491352101952 create_pretraining_data.py:161] input_ids: 2 19157 2233 1988 7327 2680 6619 1988 6832 3982 14403 1016 3162 5134 1013 4371 3 4 4 2404 4 4 1908 2224 17471 9398 11821 4177 6500 1994 14701 2279 2020 4 3 0 0 0 0 0 0 0 0 0 0 0 0 0 0 0 0 0 0 0 0 0 0 0 0 0 0 0 0 0 0 0 0 0 0 0 0 0 0 0 0 0 0 0 0 0 0 0 0 0 0 0 0 0 0 0 0 0 0 0 0 0 0 0 0 0 0 0 0 0 0 0 0 0 0 0 0 0 0 0 0 0 0 0 0 0 0 0 0 0 0 0 0 0
INFO:tensorflow:input_mask: 1 1 1 1 1 1 1 1 1 1 1 1 1 1 1 1 1 1 1 1 1 1 1 1 1 1 1 1 1 1 1 1 1 1 1 0 0 0 0 0 0 0 0 0 0 0 0 0 0 0 0 0 0 0 0 0 0 0 0 0 0 0 0 0 0 0 0 0 0 0 0 0 0 0 0 0 0 0 0 0 0 0 0 0 0 0 0 0 0 0 0 0 0 0 0 0 0 0 0 0 0 0 0 0 0 0 0 0 0 0 0 0 0 0 0 0 0 0 0 0 0 0 0 0 0 0 0 0
I1103 15:26:22.680794 47491352101952 create_pretraining_data.py:161] input_mask: 1 1 1 1 1 1 1 1 1 1 1 1 1 1 1 1 1 1 1 1 1 1 1 1 1 1 1 1 1 1 1 1 1 1 1 0 0 0 0 0 0 0 0 0 0 0 0 0 0 0 0 0 0 0 0 0 0 0 0 0 0 0 0 0 0 0 0 0 0 0 0 0 0 0 0 0 0 0 0 0 0 0 0 0 0 0 0 0 0 0 0 0 0 0 0 0 0 0 0 0 0 0 0 0 0 0 0 0 0 0 0 0 0 0 0 0 0 0 0 0 0 0 0 0 0 0 0 0
INFO:tensorflow:segment_ids: 0 0 0 0 0 0 0 0 0 0 0 0 0 0 0 0 0 1 1 1 1 1 1 1 1 1 1 1 1 1 1 1 1 1 1 0 0 0 0 0 0 0 0 0 0 0 0 0 0 0 0 0 0 0 0 0 0 0 0 0 0 0 0 0 0 0 0 0 0 0 0 0 0 0 0 0 0 0 0 0 0 0 0 0 0 0 0 0 0 0 0 0 0 0 0 0 0 0 0 0 0 0 0 0 0 0 0 0 0 0 0 0 0 0 0 0 0 0 0 0 0 0 0 0 0 0 0 0
I1103 15:26:22.680956 47491352101952 create_pretraining_data.py:161] segment_ids: 0 0 0 0 0 0 0 0 0 0 0 0 0 0 0 0 0 1 1 1 1 1 1 1 1 1 1 1 1 1 1 1 1 1 1 0 0 0 0 0 0 0 0 0 0 0 0 0 0 0 0 0 0 0 0 0 0 0 0 0 0 0 0 0 0 0 0 0 0 0 0 0 0 0 0 0 0 0 0 0 0 0 0 0 0 0 0 0 0 0 0 0 0 0 0 0 0 0 0 0 0 0 0 0 0 0 0 0 0 0 0 0 0 0 0 0 0 0 0 0 0 0 0 0 0 0 0 0
INFO:tensorflow:masked_lm_positions: 17 18 20 21 33 0 0 0 0 0 0 0 0 0 0 0 0 0 0 0
I1103 15:26:22.681078 47491352101952 create_pretraining_data.py:161] masked_lm_positions: 17 18 20 21 33 0 0 0 0 0 0 0 0 0 0 0 0 0 0 0
INFO:tensorflow:masked_lm_ids: 3014 11032 21259 1007 21897 0 0 0 0 0 0 0 0 0 0 0 0 0 0 0
I1103 15:26:22.681198 47491352101952 create_pretraining_data.py:161] masked_lm_ids: 3014 11032 21259 1007 21897 0 0 0 0 0 0 0 0 0 0 0 0 0 0 0
INFO:tensorflow:masked_lm_weights: 1.0 1.0 1.0 1.0 1.0 0.0 0.0 0.0 0.0 0.0 0.0 0.0 0.0 0.0 0.0 0.0 0.0 0.0 0.0 0.0
I1103 15:26:22.681324 47491352101952 create_pretraining_data.py:161] masked_lm_weights: 1.0 1.0 1.0 1.0 1.0 0.0 0.0 0.0 0.0 0.0 0.0 0.0 0.0 0.0 0.0 0.0 0.0 0.0 0.0 0.0
INFO:tensorflow:next_sentence_labels: 1
I1103 15:26:22.681438 47491352101952 create_pretraining_data.py:161] next_sentence_labels: 1
INFO:tensorflow:*** Example ***
I1103 15:26:22.681948 47491352101952 create_pretraining_data.py:149] *** Example ***
INFO:tensorflow:tokens: [CLS] صحيح [SEP] [MASK] مش [MASK] لكن متكامل ##ه [SEP]
I1103 15:26:22.682093 47491352101952 create_pretraining_data.py:151] tokens: [CLS] صحيح [SEP] [MASK] مش [MASK] لكن متكامل ##ه [SEP]
INFO:tensorflow:input_ids: 2 4053 3 4 2096 4 2425 22102 1028 3 0 0 0 0 0 0 0 0 0 0 0 0 0 0 0 0 0 0 0 0 0 0 0 0 0 0 0 0 0 0 0 0 0 0 0 0 0 0 0 0 0 0 0 0 0 0 0 0 0 0 0 0 0 0 0 0 0 0 0 0 0 0 0 0 0 0 0 0 0 0 0 0 0 0 0 0 0 0 0 0 0 0 0 0 0 0 0 0 0 0 0 0 0 0 0 0 0 0 0 0 0 0 0 0 0 0 0 0 0 0 0 0 0 0 0 0 0 0
I1103 15:26:22.682260 47491352101952 create_pretraining_data.py:161] input_ids: 2 4053 3 4 2096 4 2425 22102 1028 3 0 0 0 0 0 0 0 0 0 0 0 0 0 0 0 0 0 0 0 0 0 0 0 0 0 0 0 0 0 0 0 0 0 0 0 0 0 0 0 0 0 0 0 0 0 0 0 0 0 0 0 0 0 0 0 0 0 0 0 0 0 0 0 0 0 0 0 0 0 0 0 0 0 0 0 0 0 0 0 0 0 0 0 0 0 0 0 0 0 0 0 0 0 0 0 0 0 0 0 0 0 0 0 0 0 0 0 0 0 0 0 0 0 0 0 0 0 0
INFO:tensorflow:input_mask: 1 1 1 1 1 1 1 1 1 1 0 0 0 0 0 0 0 0 0 0 0 0 0 0 0 0 0 0 0 0 0 0 0 0 0 0 0 0 0 0 0 0 0 0 0 0 0 0 0 0 0 0 0 0 0 0 0 0 0 0 0 0 0 0 0 0 0 0 0 0 0 0 0 0 0 0 0 0 0 0 0 0 0 0 0 0 0 0 0 0 0 0 0 0 0 0 0 0 0 0 0 0 0 0 0 0 0 0 0 0 0 0 0 0 0 0 0 0 0 0 0 0 0 0 0 0 0 0
I1103 15:26:22.682424 47491352101952 create_pretraining_data.py:161] input_mask: 1 1 1 1 1 1 1 1 1 1 0 0 0 0 0 0 0 0 0 0 0 0 0 0 0 0 0 0 0 0 0 0 0 0 0 0 0 0 0 0 0 0 0 0 0 0 0 0 0 0 0 0 0 0 0 0 0 0 0 0 0 0 0 0 0 0 0 0 0 0 0 0 0 0 0 0 0 0 0 0 0 0 0 0 0 0 0 0 0 0 0 0 0 0 0 0 0 0 0 0 0 0 0 0 0 0 0 0 0 0 0 0 0 0 0 0 0 0 0 0 0 0 0 0 0 0 0 0
INFO:tensorflow:segment_ids: 0 0 0 1 1 1 1 1 1 1 0 0 0 0 0 0 0 0 0 0 0 0 0 0 0 0 0 0 0 0 0 0 0 0 0 0 0 0 0 0 0 0 0 0 0 0 0 0 0 0 0 0 0 0 0 0 0 0 0 0 0 0 0 0 0 0 0 0 0 0 0 0 0 0 0 0 0 0 0 0 0 0 0 0 0 0 0 0 0 0 0 0 0 0 0 0 0 0 0 0 0 0 0 0 0 0 0 0 0 0 0 0 0 0 0 0 0 0 0 0 0 0 0 0 0 0 0 0
I1103 15:26:22.682604 47491352101952 create_pretraining_data.py:161] segment_ids: 0 0 0 1 1 1 1 1 1 1 0 0 0 0 0 0 0 0 0 0 0 0 0 0 0 0 0 0 0 0 0 0 0 0 0 0 0 0 0 0 0 0 0 0 0 0 0 0 0 0 0 0 0 0 0 0 0 0 0 0 0 0 0 0 0 0 0 0 0 0 0 0 0 0 0 0 0 0 0 0 0 0 0 0 0 0 0 0 0 0 0 0 0 0 0 0 0 0 0 0 0 0 0 0 0 0 0 0 0 0 0 0 0 0 0 0 0 0 0 0 0 0 0 0 0 0 0 0
INFO:tensorflow:masked_lm_positions: 3 5 0 0 0 0 0 0 0 0 0 0 0 0 0 0 0 0 0 0
I1103 15:26:22.682729 47491352101952 create_pretraining_data.py:161] masked_lm_positions: 3 5 0 0 0 0 0 0 0 0 0 0 0 0 0 0 0 0 0 0
INFO:tensorflow:masked_lm_ids: 7160 11208 0 0 0 0 0 0 0 0 0 0 0 0 0 0 0 0 0 0
I1103 15:26:22.682849 47491352101952 create_pretraining_data.py:161] masked_lm_ids: 7160 11208 0 0 0 0 0 0 0 0 0 0 0 0 0 0 0 0 0 0
INFO:tensorflow:masked_lm_weights: 1.0 1.0 0.0 0.0 0.0 0.0 0.0 0.0 0.0 0.0 0.0 0.0 0.0 0.0 0.0 0.0 0.0 0.0 0.0 0.0
I1103 15:26:22.682970 47491352101952 create_pretraining_data.py:161] masked_lm_weights: 1.0 1.0 0.0 0.0 0.0 0.0 0.0 0.0 0.0 0.0 0.0 0.0 0.0 0.0 0.0 0.0 0.0 0.0 0.0 0.0
INFO:tensorflow:next_sentence_labels: 1
I1103 15:26:22.683081 47491352101952 create_pretraining_data.py:161] next_sentence_labels: 1
INFO:tensorflow:*** Example ***
I1103 15:26:22.683598 47491352101952 create_pretraining_data.py:149] *** Example ***
INFO:tensorflow:tokens: [CLS] ويست ##اهل عند ##ليب ##نا وفاز ب ##37 ##0 ##بال ##مس ##ابق ##ه وعسي ربي يفتح ##ها عليه ماشاء الله [MASK] وابدا ##ع وت ##الق خالد حامد [MASK] رصيدك5 ##9 [SEP] بس تف ##لس السعوديه منش ##تر ##ي الكعبه [MASK] [MASK] [MASK] ع لبنان [SEP]
I1103 15:26:22.683755 47491352101952 create_pretraining_data.py:151] tokens: [CLS] ويست ##اهل عند ##ليب ##نا وفاز ب ##37 ##0 ##بال ##مس ##ابق ##ه وعسي ربي يفتح ##ها عليه ماشاء الله [MASK] وابدا ##ع وت ##الق خالد حامد [MASK] رصيدك5 ##9 [SEP] بس تف ##لس السعوديه منش ##تر ##ي الكعبه [MASK] [MASK] [MASK] ع لبنان [SEP]
INFO:tensorflow:input_ids: 2 5978 3953 2192 4764 1914 22336 388 6553 1071 9646 2632 10100 1028 25701 2949 9413 1913 2181 10846 1953 4 13708 1009 2001 5957 3627 10631 4 11361 1077 3 2357 2562 1929 2721 7870 2582 1013 28404 4 4 4 405 3037 3 0 0 0 0 0 0 0 0 0 0 0 0 0 0 0 0 0 0 0 0 0 0 0 0 0 0 0 0 0 0 0 0 0 0 0 0 0 0 0 0 0 0 0 0 0 0 0 0 0 0 0 0 0 0 0 0 0 0 0 0 0 0 0 0 0 0 0 0 0 0 0 0 0 0 0 0 0 0 0 0 0 0
I1103 15:26:22.683959 47491352101952 create_pretraining_data.py:161] input_ids: 2 5978 3953 2192 4764 1914 22336 388 6553 1071 9646 2632 10100 1028 25701 2949 9413 1913 2181 10846 1953 4 13708 1009 2001 5957 3627 10631 4 11361 1077 3 2357 2562 1929 2721 7870 2582 1013 28404 4 4 4 405 3037 3 0 0 0 0 0 0 0 0 0 0 0 0 0 0 0 0 0 0 0 0 0 0 0 0 0 0 0 0 0 0 0 0 0 0 0 0 0 0 0 0 0 0 0 0 0 0 0 0 0 0 0 0 0 0 0 0 0 0 0 0 0 0 0 0 0 0 0 0 0 0 0 0 0 0 0 0 0 0 0 0 0 0
INFO:tensorflow:input_mask: 1 1 1 1 1 1 1 1 1 1 1 1 1 1 1 1 1 1 1 1 1 1 1 1 1 1 1 1 1 1 1 1 1 1 1 1 1 1 1 1 1 1 1 1 1 1 0 0 0 0 0 0 0 0 0 0 0 0 0 0 0 0 0 0 0 0 0 0 0 0 0 0 0 0 0 0 0 0 0 0 0 0 0 0 0 0 0 0 0 0 0 0 0 0 0 0 0 0 0 0 0 0 0 0 0 0 0 0 0 0 0 0 0 0 0 0 0 0 0 0 0 0 0 0 0 0 0 0
I1103 15:26:22.684148 47491352101952 create_pretraining_data.py:161] input_mask: 1 1 1 1 1 1 1 1 1 1 1 1 1 1 1 1 1 1 1 1 1 1 1 1 1 1 1 1 1 1 1 1 1 1 1 1 1 1 1 1 1 1 1 1 1 1 0 0 0 0 0 0 0 0 0 0 0 0 0 0 0 0 0 0 0 0 0 0 0 0 0 0 0 0 0 0 0 0 0 0 0 0 0 0 0 0 0 0 0 0 0 0 0 0 0 0 0 0 0 0 0 0 0 0 0 0 0 0 0 0 0 0 0 0 0 0 0 0 0 0 0 0 0 0 0 0 0 0
INFO:tensorflow:segment_ids: 0 0 0 0 0 0 0 0 0 0 0 0 0 0 0 0 0 0 0 0 0 0 0 0 0 0 0 0 0 0 0 0 1 1 1 1 1 1 1 1 1 1 1 1 1 1 0 0 0 0 0 0 0 0 0 0 0 0 0 0 0 0 0 0 0 0 0 0 0 0 0 0 0 0 0 0 0 0 0 0 0 0 0 0 0 0 0 0 0 0 0 0 0 0 0 0 0 0 0 0 0 0 0 0 0 0 0 0 0 0 0 0 0 0 0 0 0 0 0 0 0 0 0 0 0 0 0 0
I1103 15:26:22.684328 47491352101952 create_pretraining_data.py:161] segment_ids: 0 0 0 0 0 0 0 0 0 0 0 0 0 0 0 0 0 0 0 0 0 0 0 0 0 0 0 0 0 0 0 0 1 1 1 1 1 1 1 1 1 1 1 1 1 1 0 0 0 0 0 0 0 0 0 0 0 0 0 0 0 0 0 0 0 0 0 0 0 0 0 0 0 0 0 0 0 0 0 0 0 0 0 0 0 0 0 0 0 0 0 0 0 0 0 0 0 0 0 0 0 0 0 0 0 0 0 0 0 0 0 0 0 0 0 0 0 0 0 0 0 0 0 0 0 0 0 0
INFO:tensorflow:masked_lm_positions: 21 28 33 34 40 41 42 0 0 0 0 0 0 0 0 0 0 0 0 0
I1103 15:26:22.684495 47491352101952 create_pretraining_data.py:161] masked_lm_positions: 21 28 33 34 40 41 42 0 0 0 0 0 0 0 0 0 0 0 0 0
INFO:tensorflow:masked_lm_ids: 8475 3477 2562 1929 2298 16215 1913 0 0 0 0 0 0 0 0 0 0 0 0 0
I1103 15:26:22.684637 47491352101952 create_pretraining_data.py:161] masked_lm_ids: 8475 3477 2562 1929 2298 16215 1913 0 0 0 0 0 0 0 0 0 0 0 0 0
INFO:tensorflow:masked_lm_weights: 1.0 1.0 1.0 1.0 1.0 1.0 1.0 0.0 0.0 0.0 0.0 0.0 0.0 0.0 0.0 0.0 0.0 0.0 0.0 0.0
I1103 15:26:22.684777 47491352101952 create_pretraining_data.py:161] masked_lm_weights: 1.0 1.0 1.0 1.0 1.0 1.0 1.0 0.0 0.0 0.0 0.0 0.0 0.0 0.0 0.0 0.0 0.0 0.0 0.0 0.0
INFO:tensorflow:next_sentence_labels: 1
I1103 15:26:22.684906 47491352101952 create_pretraining_data.py:161] next_sentence_labels: 1
INFO:tensorflow:*** Example ***
I1103 15:26:22.685452 47491352101952 create_pretraining_data.py:149] *** Example ***
INFO:tensorflow:tokens: [CLS] الوطنيه [MASK] هالايام من [MASK] بمختلف اهتماما ##تهم ومي ##ولهم واع [MASK] ##هم تسعد القلب والسنه [MASK] حا ##قد وحا ##سد اننا [MASK] وحده ضد كل عدو [SEP] هي ##يي ##ح ح ##ونين ##ه اوي تي ##نا دي مجلس الدوا ##ب برلمان الدم مجلس مس ##خره برلمان البلا ##لا [SEP]
I1103 15:26:22.685640 47491352101952 create_pretraining_data.py:151] tokens: [CLS] الوطنيه [MASK] هالايام من [MASK] بمختلف اهتماما ##تهم ومي ##ولهم واع [MASK] ##هم تسعد القلب والسنه [MASK] حا ##قد وحا ##سد اننا [MASK] وحده ضد كل عدو [SEP] هي ##يي ##ح ح ##ونين ##ه اوي تي ##نا دي مجلس الدوا ##ب برلمان الدم مجلس مس ##خره برلمان البلا ##لا [SEP]
INFO:tensorflow:input_ids: 2 17148 4 28105 1908 4 14955 21555 3378 12665 8363 4780 4 1949 11236 3338 26144 4 2971 2008 29813 3949 5839 4 4435 3051 2038 12317 3 2247 5222 1032 393 27192 1028 9170 5103 1914 2630 2598 12675 1045 21955 4479 2598 2129 6198 21955 6839 1903 3 0 0 0 0 0 0 0 0 0 0 0 0 0 0 0 0 0 0 0 0 0 0 0 0 0 0 0 0 0 0 0 0 0 0 0 0 0 0 0 0 0 0 0 0 0 0 0 0 0 0 0 0 0 0 0 0 0 0 0 0 0 0 0 0 0 0 0 0 0 0 0 0 0 0 0 0 0
I1103 15:26:22.685840 47491352101952 create_pretraining_data.py:161] input_ids: 2 17148 4 28105 1908 4 14955 21555 3378 12665 8363 4780 4 1949 11236 3338 26144 4 2971 2008 29813 3949 5839 4 4435 3051 2038 12317 3 2247 5222 1032 393 27192 1028 9170 5103 1914 2630 2598 12675 1045 21955 4479 2598 2129 6198 21955 6839 1903 3 0 0 0 0 0 0 0 0 0 0 0 0 0 0 0 0 0 0 0 0 0 0 0 0 0 0 0 0 0 0 0 0 0 0 0 0 0 0 0 0 0 0 0 0 0 0 0 0 0 0 0 0 0 0 0 0 0 0 0 0 0 0 0 0 0 0 0 0 0 0 0 0 0 0 0 0 0
INFO:tensorflow:input_mask: 1 1 1 1 1 1 1 1 1 1 1 1 1 1 1 1 1 1 1 1 1 1 1 1 1 1 1 1 1 1 1 1 1 1 1 1 1 1 1 1 1 1 1 1 1 1 1 1 1 1 1 0 0 0 0 0 0 0 0 0 0 0 0 0 0 0 0 0 0 0 0 0 0 0 0 0 0 0 0 0 0 0 0 0 0 0 0 0 0 0 0 0 0 0 0 0 0 0 0 0 0 0 0 0 0 0 0 0 0 0 0 0 0 0 0 0 0 0 0 0 0 0 0 0 0 0 0 0
I1103 15:26:22.686029 47491352101952 create_pretraining_data.py:161] input_mask: 1 1 1 1 1 1 1 1 1 1 1 1 1 1 1 1 1 1 1 1 1 1 1 1 1 1 1 1 1 1 1 1 1 1 1 1 1 1 1 1 1 1 1 1 1 1 1 1 1 1 1 0 0 0 0 0 0 0 0 0 0 0 0 0 0 0 0 0 0 0 0 0 0 0 0 0 0 0 0 0 0 0 0 0 0 0 0 0 0 0 0 0 0 0 0 0 0 0 0 0 0 0 0 0 0 0 0 0 0 0 0 0 0 0 0 0 0 0 0 0 0 0 0 0 0 0 0 0
INFO:tensorflow:segment_ids: 0 0 0 0 0 0 0 0 0 0 0 0 0 0 0 0 0 0 0 0 0 0 0 0 0 0 0 0 0 1 1 1 1 1 1 1 1 1 1 1 1 1 1 1 1 1 1 1 1 1 1 0 0 0 0 0 0 0 0 0 0 0 0 0 0 0 0 0 0 0 0 0 0 0 0 0 0 0 0 0 0 0 0 0 0 0 0 0 0 0 0 0 0 0 0 0 0 0 0 0 0 0 0 0 0 0 0 0 0 0 0 0 0 0 0 0 0 0 0 0 0 0 0 0 0 0 0 0
I1103 15:26:22.686212 47491352101952 create_pretraining_data.py:161] segment_ids: 0 0 0 0 0 0 0 0 0 0 0 0 0 0 0 0 0 0 0 0 0 0 0 0 0 0 0 0 0 1 1 1 1 1 1 1 1 1 1 1 1 1 1 1 1 1 1 1 1 1 1 0 0 0 0 0 0 0 0 0 0 0 0 0 0 0 0 0 0 0 0 0 0 0 0 0 0 0 0 0 0 0 0 0 0 0 0 0 0 0 0 0 0 0 0 0 0 0 0 0 0 0 0 0 0 0 0 0 0 0 0 0 0 0 0 0 0 0 0 0 0 0 0 0 0 0 0 0
INFO:tensorflow:masked_lm_positions: 2 5 11 12 13 16 17 23 0 0 0 0 0 0 0 0 0 0 0 0
I1103 15:26:22.686372 47491352101952 create_pretraining_data.py:161] masked_lm_positions: 2 5 11 12 13 16 17 23 0 0 0 0 0 0 0 0 0 0 0 0
INFO:tensorflow:masked_lm_ids: 2115 3982 4780 5359 1949 5860 3164 2474 0 0 0 0 0 0 0 0 0 0 0 0
I1103 15:26:22.686517 47491352101952 create_pretraining_data.py:161] masked_lm_ids: 2115 3982 4780 5359 1949 5860 3164 2474 0 0 0 0 0 0 0 0 0 0 0 0
INFO:tensorflow:masked_lm_weights: 1.0 1.0 1.0 1.0 1.0 1.0 1.0 1.0 0.0 0.0 0.0 0.0 0.0 0.0 0.0 0.0 0.0 0.0 0.0 0.0
I1103 15:26:22.686659 47491352101952 create_pretraining_data.py:161] masked_lm_weights: 1.0 1.0 1.0 1.0 1.0 1.0 1.0 1.0 0.0 0.0 0.0 0.0 0.0 0.0 0.0 0.0 0.0 0.0 0.0 0.0
INFO:tensorflow:next_sentence_labels: 1
I1103 15:26:22.686786 47491352101952 create_pretraining_data.py:161] next_sentence_labels: 1
INFO:tensorflow:*** Example ***
I1103 15:26:22.687323 47491352101952 create_pretraining_data.py:149] *** Example ***
INFO:tensorflow:tokens: [CLS] درع ##مت الاسبوع برعايه [SEP] 50 ريتويت [MASK] ه ##عمل [MASK] للك ##راش [SEP]
I1103 15:26:22.687495 47491352101952 create_pretraining_data.py:151] tokens: [CLS] درع ##مت الاسبوع برعايه [SEP] 50 ريتويت [MASK] ه ##عمل [MASK] للك ##راش [SEP]
INFO:tensorflow:input_ids: 2 20731 2321 6100 29111 3 4616 3425 4 414 2516 4 3691 22479 3 0 0 0 0 0 0 0 0 0 0 0 0 0 0 0 0 0 0 0 0 0 0 0 0 0 0 0 0 0 0 0 0 0 0 0 0 0 0 0 0 0 0 0 0 0 0 0 0 0 0 0 0 0 0 0 0 0 0 0 0 0 0 0 0 0 0 0 0 0 0 0 0 0 0 0 0 0 0 0 0 0 0 0 0 0 0 0 0 0 0 0 0 0 0 0 0 0 0 0 0 0 0 0 0 0 0 0 0 0 0 0 0 0
I1103 15:26:22.687691 47491352101952 create_pretraining_data.py:161] input_ids: 2 20731 2321 6100 29111 3 4616 3425 4 414 2516 4 3691 22479 3 0 0 0 0 0 0 0 0 0 0 0 0 0 0 0 0 0 0 0 0 0 0 0 0 0 0 0 0 0 0 0 0 0 0 0 0 0 0 0 0 0 0 0 0 0 0 0 0 0 0 0 0 0 0 0 0 0 0 0 0 0 0 0 0 0 0 0 0 0 0 0 0 0 0 0 0 0 0 0 0 0 0 0 0 0 0 0 0 0 0 0 0 0 0 0 0 0 0 0 0 0 0 0 0 0 0 0 0 0 0 0 0 0
INFO:tensorflow:input_mask: 1 1 1 1 1 1 1 1 1 1 1 1 1 1 1 0 0 0 0 0 0 0 0 0 0 0 0 0 0 0 0 0 0 0 0 0 0 0 0 0 0 0 0 0 0 0 0 0 0 0 0 0 0 0 0 0 0 0 0 0 0 0 0 0 0 0 0 0 0 0 0 0 0 0 0 0 0 0 0 0 0 0 0 0 0 0 0 0 0 0 0 0 0 0 0 0 0 0 0 0 0 0 0 0 0 0 0 0 0 0 0 0 0 0 0 0 0 0 0 0 0 0 0 0 0 0 0 0
I1103 15:26:22.687878 47491352101952 create_pretraining_data.py:161] input_mask: 1 1 1 1 1 1 1 1 1 1 1 1 1 1 1 0 0 0 0 0 0 0 0 0 0 0 0 0 0 0 0 0 0 0 0 0 0 0 0 0 0 0 0 0 0 0 0 0 0 0 0 0 0 0 0 0 0 0 0 0 0 0 0 0 0 0 0 0 0 0 0 0 0 0 0 0 0 0 0 0 0 0 0 0 0 0 0 0 0 0 0 0 0 0 0 0 0 0 0 0 0 0 0 0 0 0 0 0 0 0 0 0 0 0 0 0 0 0 0 0 0 0 0 0 0 0 0 0
INFO:tensorflow:segment_ids: 0 0 0 0 0 0 1 1 1 1 1 1 1 1 1 0 0 0 0 0 0 0 0 0 0 0 0 0 0 0 0 0 0 0 0 0 0 0 0 0 0 0 0 0 0 0 0 0 0 0 0 0 0 0 0 0 0 0 0 0 0 0 0 0 0 0 0 0 0 0 0 0 0 0 0 0 0 0 0 0 0 0 0 0 0 0 0 0 0 0 0 0 0 0 0 0 0 0 0 0 0 0 0 0 0 0 0 0 0 0 0 0 0 0 0 0 0 0 0 0 0 0 0 0 0 0 0 0
I1103 15:26:22.688059 47491352101952 create_pretraining_data.py:161] segment_ids: 0 0 0 0 0 0 1 1 1 1 1 1 1 1 1 0 0 0 0 0 0 0 0 0 0 0 0 0 0 0 0 0 0 0 0 0 0 0 0 0 0 0 0 0 0 0 0 0 0 0 0 0 0 0 0 0 0 0 0 0 0 0 0 0 0 0 0 0 0 0 0 0 0 0 0 0 0 0 0 0 0 0 0 0 0 0 0 0 0 0 0 0 0 0 0 0 0 0 0 0 0 0 0 0 0 0 0 0 0 0 0 0 0 0 0 0 0 0 0 0 0 0 0 0 0 0 0 0
INFO:tensorflow:masked_lm_positions: 8 11 0 0 0 0 0 0 0 0 0 0 0 0 0 0 0 0 0 0
I1103 15:26:22.688199 47491352101952 create_pretraining_data.py:161] masked_lm_positions: 8 11 0 0 0 0 0 0 0 0 0 0 0 0 0 0 0 0 0 0
INFO:tensorflow:masked_lm_ids: 415 19108 0 0 0 0 0 0 0 0 0 0 0 0 0 0 0 0 0 0
I1103 15:26:22.688336 47491352101952 create_pretraining_data.py:161] masked_lm_ids: 415 19108 0 0 0 0 0 0 0 0 0 0 0 0 0 0 0 0 0 0
INFO:tensorflow:masked_lm_weights: 1.0 1.0 0.0 0.0 0.0 0.0 0.0 0.0 0.0 0.0 0.0 0.0 0.0 0.0 0.0 0.0 0.0 0.0 0.0 0.0
I1103 15:26:22.688497 47491352101952 create_pretraining_data.py:161] masked_lm_weights: 1.0 1.0 0.0 0.0 0.0 0.0 0.0 0.0 0.0 0.0 0.0 0.0 0.0 0.0 0.0 0.0 0.0 0.0 0.0 0.0
INFO:tensorflow:next_sentence_labels: 1
I1103 15:26:22.688630 47491352101952 create_pretraining_data.py:161] next_sentence_labels: 1
INFO:tensorflow:*** Example ***
I1103 15:26:22.689177 47491352101952 create_pretraining_data.py:149] *** Example ***
INFO:tensorflow:tokens: [CLS] الحل [MASK] السج ##ل الطبي الموحد لانه سي ##كشف غش البعض لدي البق ##يه من [MASK] ويق ##لل الزيارات للا ##طباء وهذا يحتاج مشروع وطني [SEP] المحامي الحميد ##ي [MASK] بكل [MASK] تجد فيه [MASK] واقع علي انسان [MASK] يقف مدافع ##ا [MASK] المظلوم لله درك [MASK] رجل [SEP]
I1103 15:26:22.689357 47491352101952 create_pretraining_data.py:151] tokens: [CLS] الحل [MASK] السج ##ل الطبي الموحد لانه سي ##كشف غش البعض لدي البق ##يه من [MASK] ويق ##لل الزيارات للا ##طباء وهذا يحتاج مشروع وطني [SEP] المحامي الحميد ##ي [MASK] بكل [MASK] تجد فيه [MASK] واقع علي انسان [MASK] يقف مدافع ##ا [MASK] المظلوم لله درك [MASK] رجل [SEP]
INFO:tensorflow:input_ids: 2 6660 4 5648 1010 3613 17463 5371 2266 18255 26106 4535 4118 6692 1988 1908 4 9976 3175 21445 2383 23411 3265 5238 3680 8489 3 12716 13794 1013 4 3268 4 5091 2366 4 6422 1958 5450 4 9332 17878 1007 4 17608 2784 28584 4 3829 3 0 0 0 0 0 0 0 0 0 0 0 0 0 0 0 0 0 0 0 0 0 0 0 0 0 0 0 0 0 0 0 0 0 0 0 0 0 0 0 0 0 0 0 0 0 0 0 0 0 0 0 0 0 0 0 0 0 0 0 0 0 0 0 0 0 0 0 0 0 0 0 0 0 0 0 0 0 0
I1103 15:26:22.689568 47491352101952 create_pretraining_data.py:161] input_ids: 2 6660 4 5648 1010 3613 17463 5371 2266 18255 26106 4535 4118 6692 1988 1908 4 9976 3175 21445 2383 23411 3265 5238 3680 8489 3 12716 13794 1013 4 3268 4 5091 2366 4 6422 1958 5450 4 9332 17878 1007 4 17608 2784 28584 4 3829 3 0 0 0 0 0 0 0 0 0 0 0 0 0 0 0 0 0 0 0 0 0 0 0 0 0 0 0 0 0 0 0 0 0 0 0 0 0 0 0 0 0 0 0 0 0 0 0 0 0 0 0 0 0 0 0 0 0 0 0 0 0 0 0 0 0 0 0 0 0 0 0 0 0 0 0 0 0 0
INFO:tensorflow:input_mask: 1 1 1 1 1 1 1 1 1 1 1 1 1 1 1 1 1 1 1 1 1 1 1 1 1 1 1 1 1 1 1 1 1 1 1 1 1 1 1 1 1 1 1 1 1 1 1 1 1 1 0 0 0 0 0 0 0 0 0 0 0 0 0 0 0 0 0 0 0 0 0 0 0 0 0 0 0 0 0 0 0 0 0 0 0 0 0 0 0 0 0 0 0 0 0 0 0 0 0 0 0 0 0 0 0 0 0 0 0 0 0 0 0 0 0 0 0 0 0 0 0 0 0 0 0 0 0 0
I1103 15:26:22.689755 47491352101952 create_pretraining_data.py:161] input_mask: 1 1 1 1 1 1 1 1 1 1 1 1 1 1 1 1 1 1 1 1 1 1 1 1 1 1 1 1 1 1 1 1 1 1 1 1 1 1 1 1 1 1 1 1 1 1 1 1 1 1 0 0 0 0 0 0 0 0 0 0 0 0 0 0 0 0 0 0 0 0 0 0 0 0 0 0 0 0 0 0 0 0 0 0 0 0 0 0 0 0 0 0 0 0 0 0 0 0 0 0 0 0 0 0 0 0 0 0 0 0 0 0 0 0 0 0 0 0 0 0 0 0 0 0 0 0 0 0
INFO:tensorflow:segment_ids: 0 0 0 0 0 0 0 0 0 0 0 0 0 0 0 0 0 0 0 0 0 0 0 0 0 0 0 1 1 1 1 1 1 1 1 1 1 1 1 1 1 1 1 1 1 1 1 1 1 1 0 0 0 0 0 0 0 0 0 0 0 0 0 0 0 0 0 0 0 0 0 0 0 0 0 0 0 0 0 0 0 0 0 0 0 0 0 0 0 0 0 0 0 0 0 0 0 0 0 0 0 0 0 0 0 0 0 0 0 0 0 0 0 0 0 0 0 0 0 0 0 0 0 0 0 0 0 0
I1103 15:26:22.689934 47491352101952 create_pretraining_data.py:161] segment_ids: 0 0 0 0 0 0 0 0 0 0 0 0 0 0 0 0 0 0 0 0 0 0 0 0 0 0 0 1 1 1 1 1 1 1 1 1 1 1 1 1 1 1 1 1 1 1 1 1 1 1 0 0 0 0 0 0 0 0 0 0 0 0 0 0 0 0 0 0 0 0 0 0 0 0 0 0 0 0 0 0 0 0 0 0 0 0 0 0 0 0 0 0 0 0 0 0 0 0 0 0 0 0 0 0 0 0 0 0 0 0 0 0 0 0 0 0 0 0 0 0 0 0 0 0 0 0 0 0
INFO:tensorflow:masked_lm_positions: 2 16 30 32 35 39 43 47 0 0 0 0 0 0 0 0 0 0 0 0
I1103 15:26:22.690074 47491352101952 create_pretraining_data.py:161] masked_lm_positions: 2 16 30 32 35 39 43 47 0 0 0 0 0 0 0 0 0 0 0 0
INFO:tensorflow:masked_lm_ids: 1912 17716 22910 3192 6786 21259 1955 2104 0 0 0 0 0 0 0 0 0 0 0 0
I1103 15:26:22.690209 47491352101952 create_pretraining_data.py:161] masked_lm_ids: 1912 17716 22910 3192 6786 21259 1955 2104 0 0 0 0 0 0 0 0 0 0 0 0
INFO:tensorflow:masked_lm_weights: 1.0 1.0 1.0 1.0 1.0 1.0 1.0 1.0 0.0 0.0 0.0 0.0 0.0 0.0 0.0 0.0 0.0 0.0 0.0 0.0
I1103 15:26:22.690362 47491352101952 create_pretraining_data.py:161] masked_lm_weights: 1.0 1.0 1.0 1.0 1.0 1.0 1.0 1.0 0.0 0.0 0.0 0.0 0.0 0.0 0.0 0.0 0.0 0.0 0.0 0.0
INFO:tensorflow:next_sentence_labels: 1
I1103 15:26:22.690501 47491352101952 create_pretraining_data.py:161] next_sentence_labels: 1
INFO:tensorflow:*** Example ***
I1103 15:26:22.691047 47491352101952 create_pretraining_data.py:149] *** Example ***
INFO:tensorflow:tokens: [CLS] انت [MASK] الدنيا كال ##غر ##يق [MASK] البحر علي خشب ##ه تت ##قاذ ##فها الام ##واج فاست ##غ ##ث سبا اذ تست ##غيث ##ون ربكم فاست ##جاب لكم [SEP] تي ##اغ ##و سيل ##فا راموس لوحات [MASK] ##و [MASK] [MASK] [MASK] أجمل مايس ##تا ##هل ##ون يتواجد ##ون ابدا ظلم يتواجد ##ون وين بيك ##يه كي ##ليني بوا ##تين ##غ الاب ##ا البا فيد ##ال راك ##يتي ##ش سواريز [SEP]
I1103 15:26:22.691236 47491352101952 create_pretraining_data.py:151] tokens: [CLS] انت [MASK] الدنيا كال ##غر ##يق [MASK] البحر علي خشب ##ه تت ##قاذ ##فها الام ##واج فاست ##غ ##ث سبا اذ تست ##غيث ##ون ربكم فاست ##جاب لكم [SEP] تي ##اغ ##و سيل ##فا راموس لوحات [MASK] ##و [MASK] [MASK] [MASK] أجمل مايس ##تا ##هل ##ون يتواجد ##ون ابدا ظلم يتواجد ##ون وين بيك ##يه كي ##ليني بوا ##تين ##غ الاب ##ا البا فيد ##ال راك ##يتي ##ش سواريز [SEP]
INFO:tensorflow:input_ids: 2 2164 4 2859 3881 4830 3343 4 3106 1958 29901 1028 2201 6718 17422 2313 3213 8260 1044 1039 10089 4974 2558 11689 1922 15044 8260 4232 3406 3 5103 7180 1012 24901 2167 28550 14651 4 1012 4 4 4 12490 22048 4258 2458 1922 20710 1922 4655 6786 20710 1922 3266 10054 1988 3364 9154 3935 3232 1044 4120 1007 4808 29258 1901 15256 12876 1034 17660 3 0 0 0 0 0 0 0 0 0 0 0 0 0 0 0 0 0 0 0 0 0 0 0 0 0 0 0 0 0 0 0 0 0 0 0 0 0 0 0 0 0 0 0 0 0 0 0 0 0 0 0 0 0 0 0 0 0
I1103 15:26:22.691442 47491352101952 create_pretraining_data.py:161] input_ids: 2 2164 4 2859 3881 4830 3343 4 3106 1958 29901 1028 2201 6718 17422 2313 3213 8260 1044 1039 10089 4974 2558 11689 1922 15044 8260 4232 3406 3 5103 7180 1012 24901 2167 28550 14651 4 1012 4 4 4 12490 22048 4258 2458 1922 20710 1922 4655 6786 20710 1922 3266 10054 1988 3364 9154 3935 3232 1044 4120 1007 4808 29258 1901 15256 12876 1034 17660 3 0 0 0 0 0 0 0 0 0 0 0 0 0 0 0 0 0 0 0 0 0 0 0 0 0 0 0 0 0 0 0 0 0 0 0 0 0 0 0 0 0 0 0 0 0 0 0 0 0 0 0 0 0 0 0 0 0
INFO:tensorflow:input_mask: 1 1 1 1 1 1 1 1 1 1 1 1 1 1 1 1 1 1 1 1 1 1 1 1 1 1 1 1 1 1 1 1 1 1 1 1 1 1 1 1 1 1 1 1 1 1 1 1 1 1 1 1 1 1 1 1 1 1 1 1 1 1 1 1 1 1 1 1 1 1 1 0 0 0 0 0 0 0 0 0 0 0 0 0 0 0 0 0 0 0 0 0 0 0 0 0 0 0 0 0 0 0 0 0 0 0 0 0 0 0 0 0 0 0 0 0 0 0 0 0 0 0 0 0 0 0 0 0
I1103 15:26:22.691644 47491352101952 create_pretraining_data.py:161] input_mask: 1 1 1 1 1 1 1 1 1 1 1 1 1 1 1 1 1 1 1 1 1 1 1 1 1 1 1 1 1 1 1 1 1 1 1 1 1 1 1 1 1 1 1 1 1 1 1 1 1 1 1 1 1 1 1 1 1 1 1 1 1 1 1 1 1 1 1 1 1 1 1 0 0 0 0 0 0 0 0 0 0 0 0 0 0 0 0 0 0 0 0 0 0 0 0 0 0 0 0 0 0 0 0 0 0 0 0 0 0 0 0 0 0 0 0 0 0 0 0 0 0 0 0 0 0 0 0 0
INFO:tensorflow:segment_ids: 0 0 0 0 0 0 0 0 0 0 0 0 0 0 0 0 0 0 0 0 0 0 0 0 0 0 0 0 0 0 1 1 1 1 1 1 1 1 1 1 1 1 1 1 1 1 1 1 1 1 1 1 1 1 1 1 1 1 1 1 1 1 1 1 1 1 1 1 1 1 1 0 0 0 0 0 0 0 0 0 0 0 0 0 0 0 0 0 0 0 0 0 0 0 0 0 0 0 0 0 0 0 0 0 0 0 0 0 0 0 0 0 0 0 0 0 0 0 0 0 0 0 0 0 0 0 0 0
I1103 15:26:22.691828 47491352101952 create_pretraining_data.py:161] segment_ids: 0 0 0 0 0 0 0 0 0 0 0 0 0 0 0 0 0 0 0 0 0 0 0 0 0 0 0 0 0 0 1 1 1 1 1 1 1 1 1 1 1 1 1 1 1 1 1 1 1 1 1 1 1 1 1 1 1 1 1 1 1 1 1 1 1 1 1 1 1 1 1 0 0 0 0 0 0 0 0 0 0 0 0 0 0 0 0 0 0 0 0 0 0 0 0 0 0 0 0 0 0 0 0 0 0 0 0 0 0 0 0 0 0 0 0 0 0 0 0 0 0 0 0 0 0 0 0 0
INFO:tensorflow:masked_lm_positions: 1 2 7 20 36 37 38 39 40 41 42 0 0 0 0 0 0 0 0 0
I1103 15:26:22.691971 47491352101952 create_pretraining_data.py:161] masked_lm_positions: 1 2 7 20 36 37 38 39 40 41 42 0 0 0 0 0 0 0 0 0
INFO:tensorflow:masked_lm_ids: 2164 1912 1912 25869 4887 2027 1012 415 14426 5381 1034 0 0 0 0 0 0 0 0 0
I1103 15:26:22.692129 47491352101952 create_pretraining_data.py:161] masked_lm_ids: 2164 1912 1912 25869 4887 2027 1012 415 14426 5381 1034 0 0 0 0 0 0 0 0 0
INFO:tensorflow:masked_lm_weights: 1.0 1.0 1.0 1.0 1.0 1.0 1.0 1.0 1.0 1.0 1.0 0.0 0.0 0.0 0.0 0.0 0.0 0.0 0.0 0.0
I1103 15:26:22.692272 47491352101952 create_pretraining_data.py:161] masked_lm_weights: 1.0 1.0 1.0 1.0 1.0 1.0 1.0 1.0 1.0 1.0 1.0 0.0 0.0 0.0 0.0 0.0 0.0 0.0 0.0 0.0
INFO:tensorflow:next_sentence_labels: 1
I1103 15:26:22.692401 47491352101952 create_pretraining_data.py:161] next_sentence_labels: 1
INFO:tensorflow:*** Example ***
I1103 15:26:22.692900 47491352101952 create_pretraining_data.py:149] *** Example ***
INFO:tensorflow:tokens: [CLS] سبحان الله وبحمده سبحان [MASK] العظيم [SEP] اكره [MASK] واحت ##قر الظالم هذا انا [SEP]
I1103 15:26:22.693043 47491352101952 create_pretraining_data.py:151] tokens: [CLS] سبحان الله وبحمده سبحان [MASK] العظيم [SEP] اكره [MASK] واحت ##قر الظالم هذا انا [SEP]
INFO:tensorflow:input_ids: 2 2575 1953 4276 2575 4 3049 3 12621 4 6115 2301 6545 2085 2315 3 0 0 0 0 0 0 0 0 0 0 0 0 0 0 0 0 0 0 0 0 0 0 0 0 0 0 0 0 0 0 0 0 0 0 0 0 0 0 0 0 0 0 0 0 0 0 0 0 0 0 0 0 0 0 0 0 0 0 0 0 0 0 0 0 0 0 0 0 0 0 0 0 0 0 0 0 0 0 0 0 0 0 0 0 0 0 0 0 0 0 0 0 0 0 0 0 0 0 0 0 0 0 0 0 0 0 0 0 0 0 0 0
I1103 15:26:22.693209 47491352101952 create_pretraining_data.py:161] input_ids: 2 2575 1953 4276 2575 4 3049 3 12621 4 6115 2301 6545 2085 2315 3 0 0 0 0 0 0 0 0 0 0 0 0 0 0 0 0 0 0 0 0 0 0 0 0 0 0 0 0 0 0 0 0 0 0 0 0 0 0 0 0 0 0 0 0 0 0 0 0 0 0 0 0 0 0 0 0 0 0 0 0 0 0 0 0 0 0 0 0 0 0 0 0 0 0 0 0 0 0 0 0 0 0 0 0 0 0 0 0 0 0 0 0 0 0 0 0 0 0 0 0 0 0 0 0 0 0 0 0 0 0 0 0
INFO:tensorflow:input_mask: 1 1 1 1 1 1 1 1 1 1 1 1 1 1 1 1 0 0 0 0 0 0 0 0 0 0 0 0 0 0 0 0 0 0 0 0 0 0 0 0 0 0 0 0 0 0 0 0 0 0 0 0 0 0 0 0 0 0 0 0 0 0 0 0 0 0 0 0 0 0 0 0 0 0 0 0 0 0 0 0 0 0 0 0 0 0 0 0 0 0 0 0 0 0 0 0 0 0 0 0 0 0 0 0 0 0 0 0 0 0 0 0 0 0 0 0 0 0 0 0 0 0 0 0 0 0 0 0
I1103 15:26:22.693371 47491352101952 create_pretraining_data.py:161] input_mask: 1 1 1 1 1 1 1 1 1 1 1 1 1 1 1 1 0 0 0 0 0 0 0 0 0 0 0 0 0 0 0 0 0 0 0 0 0 0 0 0 0 0 0 0 0 0 0 0 0 0 0 0 0 0 0 0 0 0 0 0 0 0 0 0 0 0 0 0 0 0 0 0 0 0 0 0 0 0 0 0 0 0 0 0 0 0 0 0 0 0 0 0 0 0 0 0 0 0 0 0 0 0 0 0 0 0 0 0 0 0 0 0 0 0 0 0 0 0 0 0 0 0 0 0 0 0 0 0
INFO:tensorflow:segment_ids: 0 0 0 0 0 0 0 0 1 1 1 1 1 1 1 1 0 0 0 0 0 0 0 0 0 0 0 0 0 0 0 0 0 0 0 0 0 0 0 0 0 0 0 0 0 0 0 0 0 0 0 0 0 0 0 0 0 0 0 0 0 0 0 0 0 0 0 0 0 0 0 0 0 0 0 0 0 0 0 0 0 0 0 0 0 0 0 0 0 0 0 0 0 0 0 0 0 0 0 0 0 0 0 0 0 0 0 0 0 0 0 0 0 0 0 0 0 0 0 0 0 0 0 0 0 0 0 0
I1103 15:26:22.693533 47491352101952 create_pretraining_data.py:161] segment_ids: 0 0 0 0 0 0 0 0 1 1 1 1 1 1 1 1 0 0 0 0 0 0 0 0 0 0 0 0 0 0 0 0 0 0 0 0 0 0 0 0 0 0 0 0 0 0 0 0 0 0 0 0 0 0 0 0 0 0 0 0 0 0 0 0 0 0 0 0 0 0 0 0 0 0 0 0 0 0 0 0 0 0 0 0 0 0 0 0 0 0 0 0 0 0 0 0 0 0 0 0 0 0 0 0 0 0 0 0 0 0 0 0 0 0 0 0 0 0 0 0 0 0 0 0 0 0 0 0
INFO:tensorflow:masked_lm_positions: 5 9 0 0 0 0 0 0 0 0 0 0 0 0 0 0 0 0 0 0
I1103 15:26:22.693657 47491352101952 create_pretraining_data.py:161] masked_lm_positions: 5 9 0 0 0 0 0 0 0 0 0 0 0 0 0 0 0 0 0 0
INFO:tensorflow:masked_lm_ids: 1953 9882 0 0 0 0 0 0 0 0 0 0 0 0 0 0 0 0 0 0
I1103 15:26:22.693775 47491352101952 create_pretraining_data.py:161] masked_lm_ids: 1953 9882 0 0 0 0 0 0 0 0 0 0 0 0 0 0 0 0 0 0
INFO:tensorflow:masked_lm_weights: 1.0 1.0 0.0 0.0 0.0 0.0 0.0 0.0 0.0 0.0 0.0 0.0 0.0 0.0 0.0 0.0 0.0 0.0 0.0 0.0
I1103 15:26:22.693895 47491352101952 create_pretraining_data.py:161] masked_lm_weights: 1.0 1.0 0.0 0.0 0.0 0.0 0.0 0.0 0.0 0.0 0.0 0.0 0.0 0.0 0.0 0.0 0.0 0.0 0.0 0.0
INFO:tensorflow:next_sentence_labels: 1
I1103 15:26:22.694005 47491352101952 create_pretraining_data.py:161] next_sentence_labels: 1
INFO:tensorflow:*** Example ***
I1103 15:26:22.694473 47491352101952 create_pretraining_data.py:149] *** Example ***
INFO:tensorflow:tokens: [CLS] وكن حرا ابي عيش ##ا بض ##يم فن [MASK] [MASK] تاب ##ي ان تها ##نا [SEP] عاجل ولايه بغداد اخبار الخلافه [MASK] [MASK] التسعين قتيلا وج ##ريحا بعمل ##يه نوع ##يه علي الرافضه [MASK] في بغداد [SEP]
I1103 15:26:22.694638 47491352101952 create_pretraining_data.py:151] tokens: [CLS] وكن حرا ابي عيش ##ا بض ##يم فن [MASK] [MASK] تاب ##ي ان تها ##نا [SEP] عاجل ولايه بغداد اخبار الخلافه [MASK] [MASK] التسعين قتيلا وج ##ريحا بعمل ##يه نوع ##يه علي الرافضه [MASK] في بغداد [SEP]
INFO:tensorflow:input_ids: 2 9381 17035 3855 7579 1007 6362 2019 3718 4 4 7472 1013 1939 17605 1914 3 4059 12480 5602 3300 11333 4 4 20830 17849 2200 14826 9982 1988 4083 1988 1958 19992 4 1912 5602 3 0 0 0 0 0 0 0 0 0 0 0 0 0 0 0 0 0 0 0 0 0 0 0 0 0 0 0 0 0 0 0 0 0 0 0 0 0 0 0 0 0 0 0 0 0 0 0 0 0 0 0 0 0 0 0 0 0 0 0 0 0 0 0 0 0 0 0 0 0 0 0 0 0 0 0 0 0 0 0 0 0 0 0 0 0 0 0 0 0 0
I1103 15:26:22.694810 47491352101952 create_pretraining_data.py:161] input_ids: 2 9381 17035 3855 7579 1007 6362 2019 3718 4 4 7472 1013 1939 17605 1914 3 4059 12480 5602 3300 11333 4 4 20830 17849 2200 14826 9982 1988 4083 1988 1958 19992 4 1912 5602 3 0 0 0 0 0 0 0 0 0 0 0 0 0 0 0 0 0 0 0 0 0 0 0 0 0 0 0 0 0 0 0 0 0 0 0 0 0 0 0 0 0 0 0 0 0 0 0 0 0 0 0 0 0 0 0 0 0 0 0 0 0 0 0 0 0 0 0 0 0 0 0 0 0 0 0 0 0 0 0 0 0 0 0 0 0 0 0 0 0 0
INFO:tensorflow:input_mask: 1 1 1 1 1 1 1 1 1 1 1 1 1 1 1 1 1 1 1 1 1 1 1 1 1 1 1 1 1 1 1 1 1 1 1 1 1 1 0 0 0 0 0 0 0 0 0 0 0 0 0 0 0 0 0 0 0 0 0 0 0 0 0 0 0 0 0 0 0 0 0 0 0 0 0 0 0 0 0 0 0 0 0 0 0 0 0 0 0 0 0 0 0 0 0 0 0 0 0 0 0 0 0 0 0 0 0 0 0 0 0 0 0 0 0 0 0 0 0 0 0 0 0 0 0 0 0 0
I1103 15:26:22.694972 47491352101952 create_pretraining_data.py:161] input_mask: 1 1 1 1 1 1 1 1 1 1 1 1 1 1 1 1 1 1 1 1 1 1 1 1 1 1 1 1 1 1 1 1 1 1 1 1 1 1 0 0 0 0 0 0 0 0 0 0 0 0 0 0 0 0 0 0 0 0 0 0 0 0 0 0 0 0 0 0 0 0 0 0 0 0 0 0 0 0 0 0 0 0 0 0 0 0 0 0 0 0 0 0 0 0 0 0 0 0 0 0 0 0 0 0 0 0 0 0 0 0 0 0 0 0 0 0 0 0 0 0 0 0 0 0 0 0 0 0
INFO:tensorflow:segment_ids: 0 0 0 0 0 0 0 0 0 0 0 0 0 0 0 0 0 1 1 1 1 1 1 1 1 1 1 1 1 1 1 1 1 1 1 1 1 1 0 0 0 0 0 0 0 0 0 0 0 0 0 0 0 0 0 0 0 0 0 0 0 0 0 0 0 0 0 0 0 0 0 0 0 0 0 0 0 0 0 0 0 0 0 0 0 0 0 0 0 0 0 0 0 0 0 0 0 0 0 0 0 0 0 0 0 0 0 0 0 0 0 0 0 0 0 0 0 0 0 0 0 0 0 0 0 0 0 0
I1103 15:26:22.695128 47491352101952 create_pretraining_data.py:161] segment_ids: 0 0 0 0 0 0 0 0 0 0 0 0 0 0 0 0 0 1 1 1 1 1 1 1 1 1 1 1 1 1 1 1 1 1 1 1 1 1 0 0 0 0 0 0 0 0 0 0 0 0 0 0 0 0 0 0 0 0 0 0 0 0 0 0 0 0 0 0 0 0 0 0 0 0 0 0 0 0 0 0 0 0 0 0 0 0 0 0 0 0 0 0 0 0 0 0 0 0 0 0 0 0 0 0 0 0 0 0 0 0 0 0 0 0 0 0 0 0 0 0 0 0 0 0 0 0 0 0
INFO:tensorflow:masked_lm_positions: 8 9 10 22 23 34 0 0 0 0 0 0 0 0 0 0 0 0 0 0
I1103 15:26:22.695250 47491352101952 create_pretraining_data.py:161] masked_lm_positions: 8 9 10 22 23 34 0 0 0 0 0 0 0 0 0 0 0 0 0 0
INFO:tensorflow:masked_lm_ids: 3718 2094 3220 8092 2204 18497 0 0 0 0 0 0 0 0 0 0 0 0 0 0
I1103 15:26:22.695366 47491352101952 create_pretraining_data.py:161] masked_lm_ids: 3718 2094 3220 8092 2204 18497 0 0 0 0 0 0 0 0 0 0 0 0 0 0
INFO:tensorflow:masked_lm_weights: 1.0 1.0 1.0 1.0 1.0 1.0 0.0 0.0 0.0 0.0 0.0 0.0 0.0 0.0 0.0 0.0 0.0 0.0 0.0 0.0
I1103 15:26:22.695491 47491352101952 create_pretraining_data.py:161] masked_lm_weights: 1.0 1.0 1.0 1.0 1.0 1.0 0.0 0.0 0.0 0.0 0.0 0.0 0.0 0.0 0.0 0.0 0.0 0.0 0.0 0.0
INFO:tensorflow:next_sentence_labels: 1
I1103 15:26:22.695603 47491352101952 create_pretraining_data.py:161] next_sentence_labels: 1
INFO:tensorflow:*** Example ***
I1103 15:26:22.696061 47491352101952 create_pretraining_data.py:149] *** Example ***
INFO:tensorflow:tokens: [CLS] [MASK] البسيط جدا [MASK] [MASK] علي الفيصل لات ##دق ##قون واجد لسا ##تني مبتد ##ئه اقوي تصميم لعلي الفيصل [SEP] يارب انصر ##الج ##يش المصري امين [MASK] [SEP]
I1103 15:26:22.696206 47491352101952 create_pretraining_data.py:151] tokens: [CLS] [MASK] البسيط جدا [MASK] [MASK] علي الفيصل لات ##دق ##قون واجد لسا ##تني مبتد ##ئه اقوي تصميم لعلي الفيصل [SEP] يارب انصر ##الج ##يش المصري امين [MASK] [SEP]
INFO:tensorflow:input_ids: 2 4 22737 2882 4 4 1958 9845 2955 3427 9421 22123 28929 5244 24875 3269 7457 4428 17602 9845 3 2856 15642 4520 2336 3727 5316 4 3 0 0 0 0 0 0 0 0 0 0 0 0 0 0 0 0 0 0 0 0 0 0 0 0 0 0 0 0 0 0 0 0 0 0 0 0 0 0 0 0 0 0 0 0 0 0 0 0 0 0 0 0 0 0 0 0 0 0 0 0 0 0 0 0 0 0 0 0 0 0 0 0 0 0 0 0 0 0 0 0 0 0 0 0 0 0 0 0 0 0 0 0 0 0 0 0 0 0 0
I1103 15:26:22.696393 47491352101952 create_pretraining_data.py:161] input_ids: 2 4 22737 2882 4 4 1958 9845 2955 3427 9421 22123 28929 5244 24875 3269 7457 4428 17602 9845 3 2856 15642 4520 2336 3727 5316 4 3 0 0 0 0 0 0 0 0 0 0 0 0 0 0 0 0 0 0 0 0 0 0 0 0 0 0 0 0 0 0 0 0 0 0 0 0 0 0 0 0 0 0 0 0 0 0 0 0 0 0 0 0 0 0 0 0 0 0 0 0 0 0 0 0 0 0 0 0 0 0 0 0 0 0 0 0 0 0 0 0 0 0 0 0 0 0 0 0 0 0 0 0 0 0 0 0 0 0 0
INFO:tensorflow:input_mask: 1 1 1 1 1 1 1 1 1 1 1 1 1 1 1 1 1 1 1 1 1 1 1 1 1 1 1 1 1 0 0 0 0 0 0 0 0 0 0 0 0 0 0 0 0 0 0 0 0 0 0 0 0 0 0 0 0 0 0 0 0 0 0 0 0 0 0 0 0 0 0 0 0 0 0 0 0 0 0 0 0 0 0 0 0 0 0 0 0 0 0 0 0 0 0 0 0 0 0 0 0 0 0 0 0 0 0 0 0 0 0 0 0 0 0 0 0 0 0 0 0 0 0 0 0 0 0 0
I1103 15:26:22.696563 47491352101952 create_pretraining_data.py:161] input_mask: 1 1 1 1 1 1 1 1 1 1 1 1 1 1 1 1 1 1 1 1 1 1 1 1 1 1 1 1 1 0 0 0 0 0 0 0 0 0 0 0 0 0 0 0 0 0 0 0 0 0 0 0 0 0 0 0 0 0 0 0 0 0 0 0 0 0 0 0 0 0 0 0 0 0 0 0 0 0 0 0 0 0 0 0 0 0 0 0 0 0 0 0 0 0 0 0 0 0 0 0 0 0 0 0 0 0 0 0 0 0 0 0 0 0 0 0 0 0 0 0 0 0 0 0 0 0 0 0
INFO:tensorflow:segment_ids: 0 0 0 0 0 0 0 0 0 0 0 0 0 0 0 0 0 0 0 0 0 1 1 1 1 1 1 1 1 0 0 0 0 0 0 0 0 0 0 0 0 0 0 0 0 0 0 0 0 0 0 0 0 0 0 0 0 0 0 0 0 0 0 0 0 0 0 0 0 0 0 0 0 0 0 0 0 0 0 0 0 0 0 0 0 0 0 0 0 0 0 0 0 0 0 0 0 0 0 0 0 0 0 0 0 0 0 0 0 0 0 0 0 0 0 0 0 0 0 0 0 0 0 0 0 0 0 0
I1103 15:26:22.696721 47491352101952 create_pretraining_data.py:161] segment_ids: 0 0 0 0 0 0 0 0 0 0 0 0 0 0 0 0 0 0 0 0 0 1 1 1 1 1 1 1 1 0 0 0 0 0 0 0 0 0 0 0 0 0 0 0 0 0 0 0 0 0 0 0 0 0 0 0 0 0 0 0 0 0 0 0 0 0 0 0 0 0 0 0 0 0 0 0 0 0 0 0 0 0 0 0 0 0 0 0 0 0 0 0 0 0 0 0 0 0 0 0 0 0 0 0 0 0 0 0 0 0 0 0 0 0 0 0 0 0 0 0 0 0 0 0 0 0 0 0
INFO:tensorflow:masked_lm_positions: 1 4 5 27 0 0 0 0 0 0 0 0 0 0 0 0 0 0 0 0
I1103 15:26:22.696843 47491352101952 create_pretraining_data.py:161] masked_lm_positions: 1 4 5 27 0 0 0 0 0 0 0 0 0 0 0 0 0 0 0 0
INFO:tensorflow:masked_lm_ids: 15807 2404 2629 2856 0 0 0 0 0 0 0 0 0 0 0 0 0 0 0 0
I1103 15:26:22.696961 47491352101952 create_pretraining_data.py:161] masked_lm_ids: 15807 2404 2629 2856 0 0 0 0 0 0 0 0 0 0 0 0 0 0 0 0
INFO:tensorflow:masked_lm_weights: 1.0 1.0 1.0 1.0 0.0 0.0 0.0 0.0 0.0 0.0 0.0 0.0 0.0 0.0 0.0 0.0 0.0 0.0 0.0 0.0
I1103 15:26:22.697081 47491352101952 create_pretraining_data.py:161] masked_lm_weights: 1.0 1.0 1.0 1.0 0.0 0.0 0.0 0.0 0.0 0.0 0.0 0.0 0.0 0.0 0.0 0.0 0.0 0.0 0.0 0.0
INFO:tensorflow:next_sentence_labels: 1
I1103 15:26:22.697190 47491352101952 create_pretraining_data.py:161] next_sentence_labels: 1
INFO:tensorflow:*** Example ***
I1103 15:26:22.697659 47491352101952 create_pretraining_data.py:149] *** Example ***
INFO:tensorflow:tokens: [CLS] [MASK] يستر علينا بالش ##مال سم ##نا ولا نشوف صاحب ابين [MASK] صاحب ياف ##ع وعاد ##ه كمل ##ها الض ##الع ##ي [MASK] [MASK] [SEP] المسافات التي [MASK] [MASK] بيننا و بين بعض البشر لا تعني الغرور ابدا بقدر ما تعني الرغبه في [MASK] الاحترام [SEP]
I1103 15:26:22.697813 47491352101952 create_pretraining_data.py:151] tokens: [CLS] [MASK] يستر علينا بالش ##مال سم ##نا ولا نشوف صاحب ابين [MASK] صاحب ياف ##ع وعاد ##ه كمل ##ها الض ##الع ##ي [MASK] [MASK] [SEP] المسافات التي [MASK] [MASK] بيننا و بين بعض البشر لا تعني الغرور ابدا بقدر ما تعني الرغبه في [MASK] الاحترام [SEP]
INFO:tensorflow:input_ids: 2 4 18804 3754 4349 2287 3817 1914 2086 13902 3320 23567 4 3320 14071 1009 16894 1028 24922 1913 2403 7974 1013 4 4 3 22303 2061 4 4 8243 415 2117 2346 3699 1963 8685 24693 4655 8031 1972 8685 28567 1912 4 11469 3 0 0 0 0 0 0 0 0 0 0 0 0 0 0 0 0 0 0 0 0 0 0 0 0 0 0 0 0 0 0 0 0 0 0 0 0 0 0 0 0 0 0 0 0 0 0 0 0 0 0 0 0 0 0 0 0 0 0 0 0 0 0 0 0 0 0 0 0 0 0 0 0 0 0 0 0 0 0 0 0 0
I1103 15:26:22.698001 47491352101952 create_pretraining_data.py:161] input_ids: 2 4 18804 3754 4349 2287 3817 1914 2086 13902 3320 23567 4 3320 14071 1009 16894 1028 24922 1913 2403 7974 1013 4 4 3 22303 2061 4 4 8243 415 2117 2346 3699 1963 8685 24693 4655 8031 1972 8685 28567 1912 4 11469 3 0 0 0 0 0 0 0 0 0 0 0 0 0 0 0 0 0 0 0 0 0 0 0 0 0 0 0 0 0 0 0 0 0 0 0 0 0 0 0 0 0 0 0 0 0 0 0 0 0 0 0 0 0 0 0 0 0 0 0 0 0 0 0 0 0 0 0 0 0 0 0 0 0 0 0 0 0 0 0 0 0
INFO:tensorflow:input_mask: 1 1 1 1 1 1 1 1 1 1 1 1 1 1 1 1 1 1 1 1 1 1 1 1 1 1 1 1 1 1 1 1 1 1 1 1 1 1 1 1 1 1 1 1 1 1 1 0 0 0 0 0 0 0 0 0 0 0 0 0 0 0 0 0 0 0 0 0 0 0 0 0 0 0 0 0 0 0 0 0 0 0 0 0 0 0 0 0 0 0 0 0 0 0 0 0 0 0 0 0 0 0 0 0 0 0 0 0 0 0 0 0 0 0 0 0 0 0 0 0 0 0 0 0 0 0 0 0
I1103 15:26:22.698167 47491352101952 create_pretraining_data.py:161] input_mask: 1 1 1 1 1 1 1 1 1 1 1 1 1 1 1 1 1 1 1 1 1 1 1 1 1 1 1 1 1 1 1 1 1 1 1 1 1 1 1 1 1 1 1 1 1 1 1 0 0 0 0 0 0 0 0 0 0 0 0 0 0 0 0 0 0 0 0 0 0 0 0 0 0 0 0 0 0 0 0 0 0 0 0 0 0 0 0 0 0 0 0 0 0 0 0 0 0 0 0 0 0 0 0 0 0 0 0 0 0 0 0 0 0 0 0 0 0 0 0 0 0 0 0 0 0 0 0 0
INFO:tensorflow:segment_ids: 0 0 0 0 0 0 0 0 0 0 0 0 0 0 0 0 0 0 0 0 0 0 0 0 0 0 1 1 1 1 1 1 1 1 1 1 1 1 1 1 1 1 1 1 1 1 1 0 0 0 0 0 0 0 0 0 0 0 0 0 0 0 0 0 0 0 0 0 0 0 0 0 0 0 0 0 0 0 0 0 0 0 0 0 0 0 0 0 0 0 0 0 0 0 0 0 0 0 0 0 0 0 0 0 0 0 0 0 0 0 0 0 0 0 0 0 0 0 0 0 0 0 0 0 0 0 0 0
I1103 15:26:22.698321 47491352101952 create_pretraining_data.py:161] segment_ids: 0 0 0 0 0 0 0 0 0 0 0 0 0 0 0 0 0 0 0 0 0 0 0 0 0 0 1 1 1 1 1 1 1 1 1 1 1 1 1 1 1 1 1 1 1 1 1 0 0 0 0 0 0 0 0 0 0 0 0 0 0 0 0 0 0 0 0 0 0 0 0 0 0 0 0 0 0 0 0 0 0 0 0 0 0 0 0 0 0 0 0 0 0 0 0 0 0 0 0 0 0 0 0 0 0 0 0 0 0 0 0 0 0 0 0 0 0 0 0 0 0 0 0 0 0 0 0 0
INFO:tensorflow:masked_lm_positions: 1 12 23 24 28 29 44 0 0 0 0 0 0 0 0 0 0 0 0 0
I1103 15:26:22.698442 47491352101952 create_pretraining_data.py:161] masked_lm_positions: 1 12 23 24 28 29 44 0 0 0 0 0 0 0 0 0 0 0 0 0
INFO:tensorflow:masked_lm_ids: 1953 8717 27429 1015 25284 1913 7021 0 0 0 0 0 0 0 0 0 0 0 0 0
I1103 15:26:22.698568 47491352101952 create_pretraining_data.py:161] masked_lm_ids: 1953 8717 27429 1015 25284 1913 7021 0 0 0 0 0 0 0 0 0 0 0 0 0
INFO:tensorflow:masked_lm_weights: 1.0 1.0 1.0 1.0 1.0 1.0 1.0 0.0 0.0 0.0 0.0 0.0 0.0 0.0 0.0 0.0 0.0 0.0 0.0 0.0
I1103 15:26:22.698688 47491352101952 create_pretraining_data.py:161] masked_lm_weights: 1.0 1.0 1.0 1.0 1.0 1.0 1.0 0.0 0.0 0.0 0.0 0.0 0.0 0.0 0.0 0.0 0.0 0.0 0.0 0.0
INFO:tensorflow:next_sentence_labels: 1
I1103 15:26:22.698797 47491352101952 create_pretraining_data.py:161] next_sentence_labels: 1
INFO:tensorflow:*** Example ***
I1103 15:26:22.699261 47491352101952 create_pretraining_data.py:149] *** Example ***
INFO:tensorflow:tokens: [CLS] احبتي مساكم الله بالخير ##ات ابنائ ##ي يسلم ##ون علي [MASK] سال عنهم ودعا [MASK] ويت ##ذكر ##ون قول الشاعر ما بين طرفه عين [MASK] [MASK] [MASK] يغير الله من حال الي حال [SEP] هو البرلمان ده [MASK] [MASK] [MASK] شئون [MASK] تاني ماي ##صح ##ش نت ##طلع علي اسرار ##ه عشان كده مانع ##ين اذاعه جلسات ##ه [SEP]
I1103 15:26:22.699418 47491352101952 create_pretraining_data.py:151] tokens: [CLS] احبتي مساكم الله بالخير ##ات ابنائ ##ي يسلم ##ون علي [MASK] سال عنهم ودعا [MASK] ويت ##ذكر ##ون قول الشاعر ما بين طرفه عين [MASK] [MASK] [MASK] يغير الله من حال الي حال [SEP] هو البرلمان ده [MASK] [MASK] [MASK] شئون [MASK] تاني ماي ##صح ##ش نت ##طلع علي اسرار ##ه عشان كده مانع ##ين اذاعه جلسات ##ه [SEP]
INFO:tensorflow:input_ids: 2 12496 22050 1953 6269 1904 16600 1013 10139 1922 1958 4 6757 5709 11435 4 3398 2441 1922 4052 5065 1972 2117 19481 3334 4 4 4 9560 1953 1908 2767 2002 2767 3 2139 6615 4382 4 4 4 23061 4 9118 3165 5215 1034 2682 6263 1958 11566 1028 3573 6388 17138 1911 28832 13734 1028 3 0 0 0 0 0 0 0 0 0 0 0 0 0 0 0 0 0 0 0 0 0 0 0 0 0 0 0 0 0 0 0 0 0 0 0 0 0 0 0 0 0 0 0 0 0 0 0 0 0 0 0 0 0 0 0 0 0 0 0 0 0 0 0 0 0 0 0 0
I1103 15:26:22.699613 47491352101952 create_pretraining_data.py:161] input_ids: 2 12496 22050 1953 6269 1904 16600 1013 10139 1922 1958 4 6757 5709 11435 4 3398 2441 1922 4052 5065 1972 2117 19481 3334 4 4 4 9560 1953 1908 2767 2002 2767 3 2139 6615 4382 4 4 4 23061 4 9118 3165 5215 1034 2682 6263 1958 11566 1028 3573 6388 17138 1911 28832 13734 1028 3 0 0 0 0 0 0 0 0 0 0 0 0 0 0 0 0 0 0 0 0 0 0 0 0 0 0 0 0 0 0 0 0 0 0 0 0 0 0 0 0 0 0 0 0 0 0 0 0 0 0 0 0 0 0 0 0 0 0 0 0 0 0 0 0 0 0 0 0
INFO:tensorflow:input_mask: 1 1 1 1 1 1 1 1 1 1 1 1 1 1 1 1 1 1 1 1 1 1 1 1 1 1 1 1 1 1 1 1 1 1 1 1 1 1 1 1 1 1 1 1 1 1 1 1 1 1 1 1 1 1 1 1 1 1 1 1 0 0 0 0 0 0 0 0 0 0 0 0 0 0 0 0 0 0 0 0 0 0 0 0 0 0 0 0 0 0 0 0 0 0 0 0 0 0 0 0 0 0 0 0 0 0 0 0 0 0 0 0 0 0 0 0 0 0 0 0 0 0 0 0 0 0 0 0
I1103 15:26:22.699779 47491352101952 create_pretraining_data.py:161] input_mask: 1 1 1 1 1 1 1 1 1 1 1 1 1 1 1 1 1 1 1 1 1 1 1 1 1 1 1 1 1 1 1 1 1 1 1 1 1 1 1 1 1 1 1 1 1 1 1 1 1 1 1 1 1 1 1 1 1 1 1 1 0 0 0 0 0 0 0 0 0 0 0 0 0 0 0 0 0 0 0 0 0 0 0 0 0 0 0 0 0 0 0 0 0 0 0 0 0 0 0 0 0 0 0 0 0 0 0 0 0 0 0 0 0 0 0 0 0 0 0 0 0 0 0 0 0 0 0 0
INFO:tensorflow:segment_ids: 0 0 0 0 0 0 0 0 0 0 0 0 0 0 0 0 0 0 0 0 0 0 0 0 0 0 0 0 0 0 0 0 0 0 0 1 1 1 1 1 1 1 1 1 1 1 1 1 1 1 1 1 1 1 1 1 1 1 1 1 0 0 0 0 0 0 0 0 0 0 0 0 0 0 0 0 0 0 0 0 0 0 0 0 0 0 0 0 0 0 0 0 0 0 0 0 0 0 0 0 0 0 0 0 0 0 0 0 0 0 0 0 0 0 0 0 0 0 0 0 0 0 0 0 0 0 0 0
I1103 15:26:22.699935 47491352101952 create_pretraining_data.py:161] segment_ids: 0 0 0 0 0 0 0 0 0 0 0 0 0 0 0 0 0 0 0 0 0 0 0 0 0 0 0 0 0 0 0 0 0 0 0 1 1 1 1 1 1 1 1 1 1 1 1 1 1 1 1 1 1 1 1 1 1 1 1 1 0 0 0 0 0 0 0 0 0 0 0 0 0 0 0 0 0 0 0 0 0 0 0 0 0 0 0 0 0 0 0 0 0 0 0 0 0 0 0 0 0 0 0 0 0 0 0 0 0 0 0 0 0 0 0 0 0 0 0 0 0 0 0 0 0 0 0 0
INFO:tensorflow:masked_lm_positions: 11 15 25 26 27 38 39 40 42 0 0 0 0 0 0 0 0 0 0 0
I1103 15:26:22.700055 47491352101952 create_pretraining_data.py:161] masked_lm_positions: 11 15 25 26 27 38 39 40 42 0 0 0 0 0 0 0 0 0 0 0
INFO:tensorflow:masked_lm_ids: 1908 2899 3036 6204 2377 21742 2396 1034 3972 0 0 0 0 0 0 0 0 0 0 0
I1103 15:26:22.700172 47491352101952 create_pretraining_data.py:161] masked_lm_ids: 1908 2899 3036 6204 2377 21742 2396 1034 3972 0 0 0 0 0 0 0 0 0 0 0
INFO:tensorflow:masked_lm_weights: 1.0 1.0 1.0 1.0 1.0 1.0 1.0 1.0 1.0 0.0 0.0 0.0 0.0 0.0 0.0 0.0 0.0 0.0 0.0 0.0
I1103 15:26:22.700291 47491352101952 create_pretraining_data.py:161] masked_lm_weights: 1.0 1.0 1.0 1.0 1.0 1.0 1.0 1.0 1.0 0.0 0.0 0.0 0.0 0.0 0.0 0.0 0.0 0.0 0.0 0.0
INFO:tensorflow:next_sentence_labels: 1
I1103 15:26:22.700400 47491352101952 create_pretraining_data.py:161] next_sentence_labels: 1
INFO:tensorflow:*** Example ***
I1103 15:26:22.700862 47491352101952 create_pretraining_data.py:149] *** Example ***
INFO:tensorflow:tokens: [CLS] الفرق بين كريستيانو و ميسي واضح جدا كريستيانو لاعب [MASK] [MASK] ميسي هو [MASK] القدم [SEP] انفض ##لك رتويت [SEP]
I1103 15:26:22.701004 47491352101952 create_pretraining_data.py:151] tokens: [CLS] الفرق بين كريستيانو و ميسي واضح جدا كريستيانو لاعب [MASK] [MASK] ميسي هو [MASK] القدم [SEP] انفض ##لك رتويت [SEP]
INFO:tensorflow:input_ids: 2 5574 2117 12038 415 6832 6852 2882 12038 3639 4 4 6832 2139 4 3961 3 14123 1934 2928 3 0 0 0 0 0 0 0 0 0 0 0 0 0 0 0 0 0 0 0 0 0 0 0 0 0 0 0 0 0 0 0 0 0 0 0 0 0 0 0 0 0 0 0 0 0 0 0 0 0 0 0 0 0 0 0 0 0 0 0 0 0 0 0 0 0 0 0 0 0 0 0 0 0 0 0 0 0 0 0 0 0 0 0 0 0 0 0 0 0 0 0 0 0 0 0 0 0 0 0 0 0 0 0 0 0 0 0
I1103 15:26:22.701173 47491352101952 create_pretraining_data.py:161] input_ids: 2 5574 2117 12038 415 6832 6852 2882 12038 3639 4 4 6832 2139 4 3961 3 14123 1934 2928 3 0 0 0 0 0 0 0 0 0 0 0 0 0 0 0 0 0 0 0 0 0 0 0 0 0 0 0 0 0 0 0 0 0 0 0 0 0 0 0 0 0 0 0 0 0 0 0 0 0 0 0 0 0 0 0 0 0 0 0 0 0 0 0 0 0 0 0 0 0 0 0 0 0 0 0 0 0 0 0 0 0 0 0 0 0 0 0 0 0 0 0 0 0 0 0 0 0 0 0 0 0 0 0 0 0 0 0
INFO:tensorflow:input_mask: 1 1 1 1 1 1 1 1 1 1 1 1 1 1 1 1 1 1 1 1 1 0 0 0 0 0 0 0 0 0 0 0 0 0 0 0 0 0 0 0 0 0 0 0 0 0 0 0 0 0 0 0 0 0 0 0 0 0 0 0 0 0 0 0 0 0 0 0 0 0 0 0 0 0 0 0 0 0 0 0 0 0 0 0 0 0 0 0 0 0 0 0 0 0 0 0 0 0 0 0 0 0 0 0 0 0 0 0 0 0 0 0 0 0 0 0 0 0 0 0 0 0 0 0 0 0 0 0
I1103 15:26:22.701352 47491352101952 create_pretraining_data.py:161] input_mask: 1 1 1 1 1 1 1 1 1 1 1 1 1 1 1 1 1 1 1 1 1 0 0 0 0 0 0 0 0 0 0 0 0 0 0 0 0 0 0 0 0 0 0 0 0 0 0 0 0 0 0 0 0 0 0 0 0 0 0 0 0 0 0 0 0 0 0 0 0 0 0 0 0 0 0 0 0 0 0 0 0 0 0 0 0 0 0 0 0 0 0 0 0 0 0 0 0 0 0 0 0 0 0 0 0 0 0 0 0 0 0 0 0 0 0 0 0 0 0 0 0 0 0 0 0 0 0 0
INFO:tensorflow:segment_ids: 0 0 0 0 0 0 0 0 0 0 0 0 0 0 0 0 0 1 1 1 1 0 0 0 0 0 0 0 0 0 0 0 0 0 0 0 0 0 0 0 0 0 0 0 0 0 0 0 0 0 0 0 0 0 0 0 0 0 0 0 0 0 0 0 0 0 0 0 0 0 0 0 0 0 0 0 0 0 0 0 0 0 0 0 0 0 0 0 0 0 0 0 0 0 0 0 0 0 0 0 0 0 0 0 0 0 0 0 0 0 0 0 0 0 0 0 0 0 0 0 0 0 0 0 0 0 0 0
I1103 15:26:22.701516 47491352101952 create_pretraining_data.py:161] segment_ids: 0 0 0 0 0 0 0 0 0 0 0 0 0 0 0 0 0 1 1 1 1 0 0 0 0 0 0 0 0 0 0 0 0 0 0 0 0 0 0 0 0 0 0 0 0 0 0 0 0 0 0 0 0 0 0 0 0 0 0 0 0 0 0 0 0 0 0 0 0 0 0 0 0 0 0 0 0 0 0 0 0 0 0 0 0 0 0 0 0 0 0 0 0 0 0 0 0 0 0 0 0 0 0 0 0 0 0 0 0 0 0 0 0 0 0 0 0 0 0 0 0 0 0 0 0 0 0 0
INFO:tensorflow:masked_lm_positions: 10 11 14 0 0 0 0 0 0 0 0 0 0 0 0 0 0 0 0 0
I1103 15:26:22.701639 47491352101952 create_pretraining_data.py:161] masked_lm_positions: 10 11 14 0 0 0 0 0 0 0 0 0 0 0 0 0 0 0 0 0
INFO:tensorflow:masked_lm_ids: 6587 3681 6587 0 0 0 0 0 0 0 0 0 0 0 0 0 0 0 0 0
I1103 15:26:22.701757 47491352101952 create_pretraining_data.py:161] masked_lm_ids: 6587 3681 6587 0 0 0 0 0 0 0 0 0 0 0 0 0 0 0 0 0
INFO:tensorflow:masked_lm_weights: 1.0 1.0 1.0 0.0 0.0 0.0 0.0 0.0 0.0 0.0 0.0 0.0 0.0 0.0 0.0 0.0 0.0 0.0 0.0 0.0
I1103 15:26:22.701875 47491352101952 create_pretraining_data.py:161] masked_lm_weights: 1.0 1.0 1.0 0.0 0.0 0.0 0.0 0.0 0.0 0.0 0.0 0.0 0.0 0.0 0.0 0.0 0.0 0.0 0.0 0.0
INFO:tensorflow:next_sentence_labels: 1
I1103 15:26:22.701985 47491352101952 create_pretraining_data.py:161] next_sentence_labels: 1
INFO:tensorflow:*** Example ***
I1103 15:26:22.702450 47491352101952 create_pretraining_data.py:149] *** Example ***
INFO:tensorflow:tokens: [CLS] في قوله تعالي فص ##بر جميل عزاء لكل مصاب [MASK] [MASK] [MASK] مج ##تهد وام ##ل لكل مكاف ##ح وتف ##ا ##ؤل لكل ناجح [SEP] صراحه [MASK] [MASK] البنت الي تكره العيال انتي بدون زب ابوك م جيت ##ي ليه الكره ليه تكره ##ين الجنس الي بسبب ##ه [MASK] جيت ##ي [SEP]
I1103 15:26:22.702617 47491352101952 create_pretraining_data.py:151] tokens: [CLS] في قوله تعالي فص ##بر جميل عزاء لكل مصاب [MASK] [MASK] [MASK] مج ##تهد وام ##ل لكل مكاف ##ح وتف ##ا ##ؤل لكل ناجح [SEP] صراحه [MASK] [MASK] البنت الي تكره العيال انتي بدون زب ابوك م جيت ##ي ليه الكره ليه تكره ##ين الجنس الي بسبب ##ه [MASK] جيت ##ي [SEP]
INFO:tensorflow:input_ids: 2 1912 3604 5175 6558 1997 3814 16415 3164 12833 4 4 4 2079 12815 4100 1010 3164 10184 1032 6681 1007 6270 3164 21679 3 18034 4 4 6890 2002 12657 27664 5136 3279 11871 19439 412 8174 1013 5067 9489 5067 12657 1911 7744 2002 3179 1028 4 8174 1013 3 0 0 0 0 0 0 0 0 0 0 0 0 0 0 0 0 0 0 0 0 0 0 0 0 0 0 0 0 0 0 0 0 0 0 0 0 0 0 0 0 0 0 0 0 0 0 0 0 0 0 0 0 0 0 0 0 0 0 0 0 0 0 0 0 0 0 0 0 0 0 0 0 0 0 0
I1103 15:26:22.702793 47491352101952 create_pretraining_data.py:161] input_ids: 2 1912 3604 5175 6558 1997 3814 16415 3164 12833 4 4 4 2079 12815 4100 1010 3164 10184 1032 6681 1007 6270 3164 21679 3 18034 4 4 6890 2002 12657 27664 5136 3279 11871 19439 412 8174 1013 5067 9489 5067 12657 1911 7744 2002 3179 1028 4 8174 1013 3 0 0 0 0 0 0 0 0 0 0 0 0 0 0 0 0 0 0 0 0 0 0 0 0 0 0 0 0 0 0 0 0 0 0 0 0 0 0 0 0 0 0 0 0 0 0 0 0 0 0 0 0 0 0 0 0 0 0 0 0 0 0 0 0 0 0 0 0 0 0 0 0 0 0 0
INFO:tensorflow:input_mask: 1 1 1 1 1 1 1 1 1 1 1 1 1 1 1 1 1 1 1 1 1 1 1 1 1 1 1 1 1 1 1 1 1 1 1 1 1 1 1 1 1 1 1 1 1 1 1 1 1 1 1 1 1 0 0 0 0 0 0 0 0 0 0 0 0 0 0 0 0 0 0 0 0 0 0 0 0 0 0 0 0 0 0 0 0 0 0 0 0 0 0 0 0 0 0 0 0 0 0 0 0 0 0 0 0 0 0 0 0 0 0 0 0 0 0 0 0 0 0 0 0 0 0 0 0 0 0 0
I1103 15:26:22.702975 47491352101952 create_pretraining_data.py:161] input_mask: 1 1 1 1 1 1 1 1 1 1 1 1 1 1 1 1 1 1 1 1 1 1 1 1 1 1 1 1 1 1 1 1 1 1 1 1 1 1 1 1 1 1 1 1 1 1 1 1 1 1 1 1 1 0 0 0 0 0 0 0 0 0 0 0 0 0 0 0 0 0 0 0 0 0 0 0 0 0 0 0 0 0 0 0 0 0 0 0 0 0 0 0 0 0 0 0 0 0 0 0 0 0 0 0 0 0 0 0 0 0 0 0 0 0 0 0 0 0 0 0 0 0 0 0 0 0 0 0
INFO:tensorflow:segment_ids: 0 0 0 0 0 0 0 0 0 0 0 0 0 0 0 0 0 0 0 0 0 0 0 0 0 0 1 1 1 1 1 1 1 1 1 1 1 1 1 1 1 1 1 1 1 1 1 1 1 1 1 1 1 0 0 0 0 0 0 0 0 0 0 0 0 0 0 0 0 0 0 0 0 0 0 0 0 0 0 0 0 0 0 0 0 0 0 0 0 0 0 0 0 0 0 0 0 0 0 0 0 0 0 0 0 0 0 0 0 0 0 0 0 0 0 0 0 0 0 0 0 0 0 0 0 0 0 0
I1103 15:26:22.703136 47491352101952 create_pretraining_data.py:161] segment_ids: 0 0 0 0 0 0 0 0 0 0 0 0 0 0 0 0 0 0 0 0 0 0 0 0 0 0 1 1 1 1 1 1 1 1 1 1 1 1 1 1 1 1 1 1 1 1 1 1 1 1 1 1 1 0 0 0 0 0 0 0 0 0 0 0 0 0 0 0 0 0 0 0 0 0 0 0 0 0 0 0 0 0 0 0 0 0 0 0 0 0 0 0 0 0 0 0 0 0 0 0 0 0 0 0 0 0 0 0 0 0 0 0 0 0 0 0 0 0 0 0 0 0 0 0 0 0 0 0
INFO:tensorflow:masked_lm_positions: 10 11 12 27 28 38 39 49 0 0 0 0 0 0 0 0 0 0 0 0
I1103 15:26:22.703259 47491352101952 create_pretraining_data.py:161] masked_lm_positions: 10 11 12 27 28 38 39 49 0 0 0 0 0 0 0 0 0 0 0 0
INFO:tensorflow:masked_lm_ids: 3191 3135 3164 27358 2321 8174 1013 5136 0 0 0 0 0 0 0 0 0 0 0 0
I1103 15:26:22.703378 47491352101952 create_pretraining_data.py:161] masked_lm_ids: 3191 3135 3164 27358 2321 8174 1013 5136 0 0 0 0 0 0 0 0 0 0 0 0
INFO:tensorflow:masked_lm_weights: 1.0 1.0 1.0 1.0 1.0 1.0 1.0 1.0 0.0 0.0 0.0 0.0 0.0 0.0 0.0 0.0 0.0 0.0 0.0 0.0
I1103 15:26:22.703504 47491352101952 create_pretraining_data.py:161] masked_lm_weights: 1.0 1.0 1.0 1.0 1.0 1.0 1.0 1.0 0.0 0.0 0.0 0.0 0.0 0.0 0.0 0.0 0.0 0.0 0.0 0.0
INFO:tensorflow:next_sentence_labels: 1
I1103 15:26:22.703617 47491352101952 create_pretraining_data.py:161] next_sentence_labels: 1
INFO:tensorflow:*** Example ***
I1103 15:26:22.704082 47491352101952 create_pretraining_data.py:149] *** Example ***
INFO:tensorflow:tokens: [CLS] اللهم ل الحمد كما ينبغي لجل ##ال وجه [MASK] سلطان [SEP] الله لا يضر ##ك يا [MASK] متحدث ممتاز درجه اولي ما شاء الله بس ما اقول الا [MASK] [MASK] [MASK] اصير مثلك وافضل يارب زد رصيدك5 ##9 [SEP]
I1103 15:26:22.704232 47491352101952 create_pretraining_data.py:151] tokens: [CLS] اللهم ل الحمد كما ينبغي لجل ##ال وجه [MASK] سلطان [SEP] الله لا يضر ##ك يا [MASK] متحدث ممتاز درجه اولي ما شاء الله بس ما اقول الا [MASK] [MASK] [MASK] اصير مثلك وافضل يارب زد رصيدك5 ##9 [SEP]
INFO:tensorflow:input_ids: 2 2168 411 2807 2306 6935 20796 1901 2879 4 5618 3 1953 1963 12258 1014 2104 4 15590 9513 8090 7289 1972 4217 1953 2357 1972 5300 1915 4 4 4 28185 14478 18069 2856 3477 11361 1077 3 0 0 0 0 0 0 0 0 0 0 0 0 0 0 0 0 0 0 0 0 0 0 0 0 0 0 0 0 0 0 0 0 0 0 0 0 0 0 0 0 0 0 0 0 0 0 0 0 0 0 0 0 0 0 0 0 0 0 0 0 0 0 0 0 0 0 0 0 0 0 0 0 0 0 0 0 0 0 0 0 0 0 0 0 0 0 0 0
I1103 15:26:22.704402 47491352101952 create_pretraining_data.py:161] input_ids: 2 2168 411 2807 2306 6935 20796 1901 2879 4 5618 3 1953 1963 12258 1014 2104 4 15590 9513 8090 7289 1972 4217 1953 2357 1972 5300 1915 4 4 4 28185 14478 18069 2856 3477 11361 1077 3 0 0 0 0 0 0 0 0 0 0 0 0 0 0 0 0 0 0 0 0 0 0 0 0 0 0 0 0 0 0 0 0 0 0 0 0 0 0 0 0 0 0 0 0 0 0 0 0 0 0 0 0 0 0 0 0 0 0 0 0 0 0 0 0 0 0 0 0 0 0 0 0 0 0 0 0 0 0 0 0 0 0 0 0 0 0 0 0
INFO:tensorflow:input_mask: 1 1 1 1 1 1 1 1 1 1 1 1 1 1 1 1 1 1 1 1 1 1 1 1 1 1 1 1 1 1 1 1 1 1 1 1 1 1 1 1 0 0 0 0 0 0 0 0 0 0 0 0 0 0 0 0 0 0 0 0 0 0 0 0 0 0 0 0 0 0 0 0 0 0 0 0 0 0 0 0 0 0 0 0 0 0 0 0 0 0 0 0 0 0 0 0 0 0 0 0 0 0 0 0 0 0 0 0 0 0 0 0 0 0 0 0 0 0 0 0 0 0 0 0 0 0 0 0
I1103 15:26:22.704571 47491352101952 create_pretraining_data.py:161] input_mask: 1 1 1 1 1 1 1 1 1 1 1 1 1 1 1 1 1 1 1 1 1 1 1 1 1 1 1 1 1 1 1 1 1 1 1 1 1 1 1 1 0 0 0 0 0 0 0 0 0 0 0 0 0 0 0 0 0 0 0 0 0 0 0 0 0 0 0 0 0 0 0 0 0 0 0 0 0 0 0 0 0 0 0 0 0 0 0 0 0 0 0 0 0 0 0 0 0 0 0 0 0 0 0 0 0 0 0 0 0 0 0 0 0 0 0 0 0 0 0 0 0 0 0 0 0 0 0 0
INFO:tensorflow:segment_ids: 0 0 0 0 0 0 0 0 0 0 0 0 1 1 1 1 1 1 1 1 1 1 1 1 1 1 1 1 1 1 1 1 1 1 1 1 1 1 1 1 0 0 0 0 0 0 0 0 0 0 0 0 0 0 0 0 0 0 0 0 0 0 0 0 0 0 0 0 0 0 0 0 0 0 0 0 0 0 0 0 0 0 0 0 0 0 0 0 0 0 0 0 0 0 0 0 0 0 0 0 0 0 0 0 0 0 0 0 0 0 0 0 0 0 0 0 0 0 0 0 0 0 0 0 0 0 0 0
I1103 15:26:22.704745 47491352101952 create_pretraining_data.py:161] segment_ids: 0 0 0 0 0 0 0 0 0 0 0 0 1 1 1 1 1 1 1 1 1 1 1 1 1 1 1 1 1 1 1 1 1 1 1 1 1 1 1 1 0 0 0 0 0 0 0 0 0 0 0 0 0 0 0 0 0 0 0 0 0 0 0 0 0 0 0 0 0 0 0 0 0 0 0 0 0 0 0 0 0 0 0 0 0 0 0 0 0 0 0 0 0 0 0 0 0 0 0 0 0 0 0 0 0 0 0 0 0 0 0 0 0 0 0 0 0 0 0 0 0 0 0 0 0 0 0 0
INFO:tensorflow:masked_lm_positions: 9 17 29 30 31 32 0 0 0 0 0 0 0 0 0 0 0 0 0 0
I1103 15:26:22.704867 47491352101952 create_pretraining_data.py:161] masked_lm_positions: 9 17 29 30 31 32 0 0 0 0 0 0 0 0 0 0 0 0 0 0
INFO:tensorflow:masked_lm_ids: 29853 8109 9712 2329 1974 28185 0 0 0 0 0 0 0 0 0 0 0 0 0 0
I1103 15:26:22.704984 47491352101952 create_pretraining_data.py:161] masked_lm_ids: 29853 8109 9712 2329 1974 28185 0 0 0 0 0 0 0 0 0 0 0 0 0 0
INFO:tensorflow:masked_lm_weights: 1.0 1.0 1.0 1.0 1.0 1.0 0.0 0.0 0.0 0.0 0.0 0.0 0.0 0.0 0.0 0.0 0.0 0.0 0.0 0.0
I1103 15:26:22.705102 47491352101952 create_pretraining_data.py:161] masked_lm_weights: 1.0 1.0 1.0 1.0 1.0 1.0 0.0 0.0 0.0 0.0 0.0 0.0 0.0 0.0 0.0 0.0 0.0 0.0 0.0 0.0
INFO:tensorflow:next_sentence_labels: 1
I1103 15:26:22.705212 47491352101952 create_pretraining_data.py:161] next_sentence_labels: 1
INFO:tensorflow:*** Example ***
I1103 15:26:22.705677 47491352101952 create_pretraining_data.py:149] *** Example ***
INFO:tensorflow:tokens: [CLS] قالوا تحب وقلت احب القري ##ات [MASK] تمكن في ضمير ##ي [MASK] [MASK] وجه الشمال المبت ##سم طول الاوقات في وجه زوار البلد واصدق ##اها بوح [MASK] مجرد حرف [SEP] وانت ##وا حبك ##م ينتهي بب ##لوك [SEP]
I1103 15:26:22.705825 47491352101952 create_pretraining_data.py:151] tokens: [CLS] قالوا تحب وقلت احب القري ##ات [MASK] تمكن في ضمير ##ي [MASK] [MASK] وجه الشمال المبت ##سم طول الاوقات في وجه زوار البلد واصدق ##اها بوح [MASK] مجرد حرف [SEP] وانت ##وا حبك ##م ينتهي بب ##لوك [SEP]
INFO:tensorflow:input_ids: 2 5774 3965 15274 2744 28574 1904 4 6836 1912 12694 1013 4 4 2879 4431 13617 1984 4968 16208 1912 2879 11598 3455 28330 12265 7487 4 5278 5583 3 3036 1928 6281 1015 10044 3827 3777 3 0 0 0 0 0 0 0 0 0 0 0 0 0 0 0 0 0 0 0 0 0 0 0 0 0 0 0 0 0 0 0 0 0 0 0 0 0 0 0 0 0 0 0 0 0 0 0 0 0 0 0 0 0 0 0 0 0 0 0 0 0 0 0 0 0 0 0 0 0 0 0 0 0 0 0 0 0 0 0 0 0 0 0 0 0 0 0 0 0
I1103 15:26:22.705996 47491352101952 create_pretraining_data.py:161] input_ids: 2 5774 3965 15274 2744 28574 1904 4 6836 1912 12694 1013 4 4 2879 4431 13617 1984 4968 16208 1912 2879 11598 3455 28330 12265 7487 4 5278 5583 3 3036 1928 6281 1015 10044 3827 3777 3 0 0 0 0 0 0 0 0 0 0 0 0 0 0 0 0 0 0 0 0 0 0 0 0 0 0 0 0 0 0 0 0 0 0 0 0 0 0 0 0 0 0 0 0 0 0 0 0 0 0 0 0 0 0 0 0 0 0 0 0 0 0 0 0 0 0 0 0 0 0 0 0 0 0 0 0 0 0 0 0 0 0 0 0 0 0 0 0 0
INFO:tensorflow:input_mask: 1 1 1 1 1 1 1 1 1 1 1 1 1 1 1 1 1 1 1 1 1 1 1 1 1 1 1 1 1 1 1 1 1 1 1 1 1 1 1 0 0 0 0 0 0 0 0 0 0 0 0 0 0 0 0 0 0 0 0 0 0 0 0 0 0 0 0 0 0 0 0 0 0 0 0 0 0 0 0 0 0 0 0 0 0 0 0 0 0 0 0 0 0 0 0 0 0 0 0 0 0 0 0 0 0 0 0 0 0 0 0 0 0 0 0 0 0 0 0 0 0 0 0 0 0 0 0 0
I1103 15:26:22.706156 47491352101952 create_pretraining_data.py:161] input_mask: 1 1 1 1 1 1 1 1 1 1 1 1 1 1 1 1 1 1 1 1 1 1 1 1 1 1 1 1 1 1 1 1 1 1 1 1 1 1 1 0 0 0 0 0 0 0 0 0 0 0 0 0 0 0 0 0 0 0 0 0 0 0 0 0 0 0 0 0 0 0 0 0 0 0 0 0 0 0 0 0 0 0 0 0 0 0 0 0 0 0 0 0 0 0 0 0 0 0 0 0 0 0 0 0 0 0 0 0 0 0 0 0 0 0 0 0 0 0 0 0 0 0 0 0 0 0 0 0
INFO:tensorflow:segment_ids: 0 0 0 0 0 0 0 0 0 0 0 0 0 0 0 0 0 0 0 0 0 0 0 0 0 0 0 0 0 0 0 1 1 1 1 1 1 1 1 0 0 0 0 0 0 0 0 0 0 0 0 0 0 0 0 0 0 0 0 0 0 0 0 0 0 0 0 0 0 0 0 0 0 0 0 0 0 0 0 0 0 0 0 0 0 0 0 0 0 0 0 0 0 0 0 0 0 0 0 0 0 0 0 0 0 0 0 0 0 0 0 0 0 0 0 0 0 0 0 0 0 0 0 0 0 0 0 0
I1103 15:26:22.706325 47491352101952 create_pretraining_data.py:161] segment_ids: 0 0 0 0 0 0 0 0 0 0 0 0 0 0 0 0 0 0 0 0 0 0 0 0 0 0 0 0 0 0 0 1 1 1 1 1 1 1 1 0 0 0 0 0 0 0 0 0 0 0 0 0 0 0 0 0 0 0 0 0 0 0 0 0 0 0 0 0 0 0 0 0 0 0 0 0 0 0 0 0 0 0 0 0 0 0 0 0 0 0 0 0 0 0 0 0 0 0 0 0 0 0 0 0 0 0 0 0 0 0 0 0 0 0 0 0 0 0 0 0 0 0 0 0 0 0 0 0
INFO:tensorflow:masked_lm_positions: 7 8 12 13 27 28 0 0 0 0 0 0 0 0 0 0 0 0 0 0
I1103 15:26:22.706449 47491352101952 create_pretraining_data.py:161] masked_lm_positions: 7 8 12 13 27 28 0 0 0 0 0 0 0 0 0 0 0 0 0 0
INFO:tensorflow:masked_lm_ids: 4417 6836 10560 1913 413 5278 0 0 0 0 0 0 0 0 0 0 0 0 0 0
I1103 15:26:22.706575 47491352101952 create_pretraining_data.py:161] masked_lm_ids: 4417 6836 10560 1913 413 5278 0 0 0 0 0 0 0 0 0 0 0 0 0 0
INFO:tensorflow:masked_lm_weights: 1.0 1.0 1.0 1.0 1.0 1.0 0.0 0.0 0.0 0.0 0.0 0.0 0.0 0.0 0.0 0.0 0.0 0.0 0.0 0.0
I1103 15:26:22.706697 47491352101952 create_pretraining_data.py:161] masked_lm_weights: 1.0 1.0 1.0 1.0 1.0 1.0 0.0 0.0 0.0 0.0 0.0 0.0 0.0 0.0 0.0 0.0 0.0 0.0 0.0 0.0
INFO:tensorflow:next_sentence_labels: 1
I1103 15:26:22.706809 47491352101952 create_pretraining_data.py:161] next_sentence_labels: 1
INFO:tensorflow:*** Example ***
I1103 15:26:22.707273 47491352101952 create_pretraining_data.py:149] *** Example ***
INFO:tensorflow:tokens: [CLS] بسم الله اصول واج ##ول اخوكم عبيد ##ه العراقي بعد الحذف [MASK] [MASK] لو تكرم ##تم بنشر الحساب [MASK] الحساب رتويت فضلا [SEP] سر ##ع [MASK] بكاء [MASK] الذين لا شعبيه شرح ما في قلوبهم [SEP]
I1103 15:26:22.707422 47491352101952 create_pretraining_data.py:151] tokens: [CLS] بسم الله اصول واج ##ول اخوكم عبيد ##ه العراقي بعد الحذف [MASK] [MASK] لو تكرم ##تم بنشر الحساب [MASK] الحساب رتويت فضلا [SEP] سر ##ع [MASK] بكاء [MASK] الذين لا شعبيه شرح ما في قلوبهم [SEP]
INFO:tensorflow:input_ids: 2 5197 1953 25035 3923 1940 27586 7733 1028 4848 2089 26682 4 4 2244 25365 2419 13165 6396 4 6396 2928 6721 3 3672 1009 4 18820 4 2677 1963 28784 5493 1972 1912 9352 3 0 0 0 0 0 0 0 0 0 0 0 0 0 0 0 0 0 0 0 0 0 0 0 0 0 0 0 0 0 0 0 0 0 0 0 0 0 0 0 0 0 0 0 0 0 0 0 0 0 0 0 0 0 0 0 0 0 0 0 0 0 0 0 0 0 0 0 0 0 0 0 0 0 0 0 0 0 0 0 0 0 0 0 0 0 0 0 0 0 0 0
I1103 15:26:22.707600 47491352101952 create_pretraining_data.py:161] input_ids: 2 5197 1953 25035 3923 1940 27586 7733 1028 4848 2089 26682 4 4 2244 25365 2419 13165 6396 4 6396 2928 6721 3 3672 1009 4 18820 4 2677 1963 28784 5493 1972 1912 9352 3 0 0 0 0 0 0 0 0 0 0 0 0 0 0 0 0 0 0 0 0 0 0 0 0 0 0 0 0 0 0 0 0 0 0 0 0 0 0 0 0 0 0 0 0 0 0 0 0 0 0 0 0 0 0 0 0 0 0 0 0 0 0 0 0 0 0 0 0 0 0 0 0 0 0 0 0 0 0 0 0 0 0 0 0 0 0 0 0 0 0 0
INFO:tensorflow:input_mask: 1 1 1 1 1 1 1 1 1 1 1 1 1 1 1 1 1 1 1 1 1 1 1 1 1 1 1 1 1 1 1 1 1 1 1 1 1 0 0 0 0 0 0 0 0 0 0 0 0 0 0 0 0 0 0 0 0 0 0 0 0 0 0 0 0 0 0 0 0 0 0 0 0 0 0 0 0 0 0 0 0 0 0 0 0 0 0 0 0 0 0 0 0 0 0 0 0 0 0 0 0 0 0 0 0 0 0 0 0 0 0 0 0 0 0 0 0 0 0 0 0 0 0 0 0 0 0 0
I1103 15:26:22.707762 47491352101952 create_pretraining_data.py:161] input_mask: 1 1 1 1 1 1 1 1 1 1 1 1 1 1 1 1 1 1 1 1 1 1 1 1 1 1 1 1 1 1 1 1 1 1 1 1 1 0 0 0 0 0 0 0 0 0 0 0 0 0 0 0 0 0 0 0 0 0 0 0 0 0 0 0 0 0 0 0 0 0 0 0 0 0 0 0 0 0 0 0 0 0 0 0 0 0 0 0 0 0 0 0 0 0 0 0 0 0 0 0 0 0 0 0 0 0 0 0 0 0 0 0 0 0 0 0 0 0 0 0 0 0 0 0 0 0 0 0
INFO:tensorflow:segment_ids: 0 0 0 0 0 0 0 0 0 0 0 0 0 0 0 0 0 0 0 0 0 0 0 0 1 1 1 1 1 1 1 1 1 1 1 1 1 0 0 0 0 0 0 0 0 0 0 0 0 0 0 0 0 0 0 0 0 0 0 0 0 0 0 0 0 0 0 0 0 0 0 0 0 0 0 0 0 0 0 0 0 0 0 0 0 0 0 0 0 0 0 0 0 0 0 0 0 0 0 0 0 0 0 0 0 0 0 0 0 0 0 0 0 0 0 0 0 0 0 0 0 0 0 0 0 0 0 0
I1103 15:26:22.707917 47491352101952 create_pretraining_data.py:161] segment_ids: 0 0 0 0 0 0 0 0 0 0 0 0 0 0 0 0 0 0 0 0 0 0 0 0 1 1 1 1 1 1 1 1 1 1 1 1 1 0 0 0 0 0 0 0 0 0 0 0 0 0 0 0 0 0 0 0 0 0 0 0 0 0 0 0 0 0 0 0 0 0 0 0 0 0 0 0 0 0 0 0 0 0 0 0 0 0 0 0 0 0 0 0 0 0 0 0 0 0 0 0 0 0 0 0 0 0 0 0 0 0 0 0 0 0 0 0 0 0 0 0 0 0 0 0 0 0 0 0
INFO:tensorflow:masked_lm_positions: 12 13 19 26 28 31 0 0 0 0 0 0 0 0 0 0 0 0 0 0
I1103 15:26:22.708054 47491352101952 create_pretraining_data.py:161] masked_lm_positions: 12 13 19 26 28 31 0 0 0 0 0 0 0 0 0 0 0 0 0 0
INFO:tensorflow:masked_lm_ids: 18465 4103 11893 2397 2839 19061 0 0 0 0 0 0 0 0 0 0 0 0 0 0
I1103 15:26:22.708172 47491352101952 create_pretraining_data.py:161] masked_lm_ids: 18465 4103 11893 2397 2839 19061 0 0 0 0 0 0 0 0 0 0 0 0 0 0
INFO:tensorflow:masked_lm_weights: 1.0 1.0 1.0 1.0 1.0 1.0 0.0 0.0 0.0 0.0 0.0 0.0 0.0 0.0 0.0 0.0 0.0 0.0 0.0 0.0
I1103 15:26:22.708292 47491352101952 create_pretraining_data.py:161] masked_lm_weights: 1.0 1.0 1.0 1.0 1.0 1.0 0.0 0.0 0.0 0.0 0.0 0.0 0.0 0.0 0.0 0.0 0.0 0.0 0.0 0.0
INFO:tensorflow:next_sentence_labels: 1
I1103 15:26:22.708401 47491352101952 create_pretraining_data.py:161] next_sentence_labels: 1
INFO:tensorflow:*** Example ***
I1103 15:26:22.708869 47491352101952 create_pretraining_data.py:149] *** Example ***
INFO:tensorflow:tokens: [CLS] [MASK] انتظار ##ي [MASK] ##له [MASK] الجوف والصبر ما يط ##في [MASK] البعد ناري اكت ##م شعور الشوق واص ##ارع الخوف وفي [MASK] نهر من الهم جاري قروب [MASK] جلنار للدعم [SEP] اعتراف صهيون ##ي خطير مترجم يكشف دور ايران الارهابيه وعملا ##ئها في مخطط صهيون ##ي لاست ##عاده خيب ##ر بزع ##مه ##م [MASK] الحرمين [SEP]
I1103 15:26:22.709024 47491352101952 create_pretraining_data.py:151] tokens: [CLS] [MASK] انتظار ##ي [MASK] ##له [MASK] الجوف والصبر ما يط ##في [MASK] البعد ناري اكت ##م شعور الشوق واص ##ارع الخوف وفي [MASK] نهر من الهم جاري قروب [MASK] جلنار للدعم [SEP] اعتراف صهيون ##ي خطير مترجم يكشف دور ايران الارهابيه وعملا ##ئها في مخطط صهيون ##ي لاست ##عاده خيب ##ر بزع ##مه ##م [MASK] الحرمين [SEP]
INFO:tensorflow:input_ids: 2 4 9431 1013 4 1917 4 9954 20512 1972 3012 2007 4 8091 25753 3555 1015 5443 5589 4485 3803 8723 2427 4 9341 1908 5707 23864 2543 4 13063 2679 3 14232 17230 1013 14771 6268 9584 3591 3115 19618 20116 10614 1912 13234 17230 1013 4631 3218 28181 1017 29432 2152 1015 4 5977 3 0 0 0 0 0 0 0 0 0 0 0 0 0 0 0 0 0 0 0 0 0 0 0 0 0 0 0 0 0 0 0 0 0 0 0 0 0 0 0 0 0 0 0 0 0 0 0 0 0 0 0 0 0 0 0 0 0 0 0 0 0 0 0 0 0 0 0 0 0 0
I1103 15:26:22.709199 47491352101952 create_pretraining_data.py:161] input_ids: 2 4 9431 1013 4 1917 4 9954 20512 1972 3012 2007 4 8091 25753 3555 1015 5443 5589 4485 3803 8723 2427 4 9341 1908 5707 23864 2543 4 13063 2679 3 14232 17230 1013 14771 6268 9584 3591 3115 19618 20116 10614 1912 13234 17230 1013 4631 3218 28181 1017 29432 2152 1015 4 5977 3 0 0 0 0 0 0 0 0 0 0 0 0 0 0 0 0 0 0 0 0 0 0 0 0 0 0 0 0 0 0 0 0 0 0 0 0 0 0 0 0 0 0 0 0 0 0 0 0 0 0 0 0 0 0 0 0 0 0 0 0 0 0 0 0 0 0 0 0 0 0
INFO:tensorflow:input_mask: 1 1 1 1 1 1 1 1 1 1 1 1 1 1 1 1 1 1 1 1 1 1 1 1 1 1 1 1 1 1 1 1 1 1 1 1 1 1 1 1 1 1 1 1 1 1 1 1 1 1 1 1 1 1 1 1 1 1 0 0 0 0 0 0 0 0 0 0 0 0 0 0 0 0 0 0 0 0 0 0 0 0 0 0 0 0 0 0 0 0 0 0 0 0 0 0 0 0 0 0 0 0 0 0 0 0 0 0 0 0 0 0 0 0 0 0 0 0 0 0 0 0 0 0 0 0 0 0
I1103 15:26:22.709362 47491352101952 create_pretraining_data.py:161] input_mask: 1 1 1 1 1 1 1 1 1 1 1 1 1 1 1 1 1 1 1 1 1 1 1 1 1 1 1 1 1 1 1 1 1 1 1 1 1 1 1 1 1 1 1 1 1 1 1 1 1 1 1 1 1 1 1 1 1 1 0 0 0 0 0 0 0 0 0 0 0 0 0 0 0 0 0 0 0 0 0 0 0 0 0 0 0 0 0 0 0 0 0 0 0 0 0 0 0 0 0 0 0 0 0 0 0 0 0 0 0 0 0 0 0 0 0 0 0 0 0 0 0 0 0 0 0 0 0 0
INFO:tensorflow:segment_ids: 0 0 0 0 0 0 0 0 0 0 0 0 0 0 0 0 0 0 0 0 0 0 0 0 0 0 0 0 0 0 0 0 0 1 1 1 1 1 1 1 1 1 1 1 1 1 1 1 1 1 1 1 1 1 1 1 1 1 0 0 0 0 0 0 0 0 0 0 0 0 0 0 0 0 0 0 0 0 0 0 0 0 0 0 0 0 0 0 0 0 0 0 0 0 0 0 0 0 0 0 0 0 0 0 0 0 0 0 0 0 0 0 0 0 0 0 0 0 0 0 0 0 0 0 0 0 0 0
I1103 15:26:22.709538 47491352101952 create_pretraining_data.py:161] segment_ids: 0 0 0 0 0 0 0 0 0 0 0 0 0 0 0 0 0 0 0 0 0 0 0 0 0 0 0 0 0 0 0 0 0 1 1 1 1 1 1 1 1 1 1 1 1 1 1 1 1 1 1 1 1 1 1 1 1 1 0 0 0 0 0 0 0 0 0 0 0 0 0 0 0 0 0 0 0 0 0 0 0 0 0 0 0 0 0 0 0 0 0 0 0 0 0 0 0 0 0 0 0 0 0 0 0 0 0 0 0 0 0 0 0 0 0 0 0 0 0 0 0 0 0 0 0 0 0 0
INFO:tensorflow:masked_lm_positions: 1 4 5 6 12 23 29 55 56 0 0 0 0 0 0 0 0 0 0 0
I1103 15:26:22.709665 47491352101952 create_pretraining_data.py:161] masked_lm_positions: 1 4 5 6 12 23 29 55 56 0 0 0 0 0 0 0 0 0 0 0
INFO:tensorflow:masked_lm_ids: 4206 11031 1917 22756 1908 9823 9213 24721 5977 0 0 0 0 0 0 0 0 0 0 0
I1103 15:26:22.709781 47491352101952 create_pretraining_data.py:161] masked_lm_ids: 4206 11031 1917 22756 1908 9823 9213 24721 5977 0 0 0 0 0 0 0 0 0 0 0
INFO:tensorflow:masked_lm_weights: 1.0 1.0 1.0 1.0 1.0 1.0 1.0 1.0 1.0 0.0 0.0 0.0 0.0 0.0 0.0 0.0 0.0 0.0 0.0 0.0
I1103 15:26:22.709900 47491352101952 create_pretraining_data.py:161] masked_lm_weights: 1.0 1.0 1.0 1.0 1.0 1.0 1.0 1.0 1.0 0.0 0.0 0.0 0.0 0.0 0.0 0.0 0.0 0.0 0.0 0.0
INFO:tensorflow:next_sentence_labels: 1
I1103 15:26:22.710009 47491352101952 create_pretraining_data.py:161] next_sentence_labels: 1
INFO:tensorflow:*** Example ***
I1103 15:26:22.710464 47491352101952 create_pretraining_data.py:149] *** Example ***
INFO:tensorflow:tokens: [CLS] [MASK] الذهبيه توج ##ت ب ليونيل ميسي [SEP] من مفار ##قات الحياه ان [MASK] الجميل هنا [MASK] يكون [MASK] غيابك القبي ##ح هناك [SEP]
I1103 15:26:22.710613 47491352101952 create_pretraining_data.py:151] tokens: [CLS] [MASK] الذهبيه توج ##ت ب ليونيل ميسي [SEP] من مفار ##قات الحياه ان [MASK] الجميل هنا [MASK] يكون [MASK] غيابك القبي ##ح هناك [SEP]
INFO:tensorflow:input_ids: 2 4 17433 16568 1005 388 24048 6832 3 1908 24431 2303 3014 1939 4 5135 2349 4 2461 4 9433 13598 1032 2671 3 0 0 0 0 0 0 0 0 0 0 0 0 0 0 0 0 0 0 0 0 0 0 0 0 0 0 0 0 0 0 0 0 0 0 0 0 0 0 0 0 0 0 0 0 0 0 0 0 0 0 0 0 0 0 0 0 0 0 0 0 0 0 0 0 0 0 0 0 0 0 0 0 0 0 0 0 0 0 0 0 0 0 0 0 0 0 0 0 0 0 0 0 0 0 0 0 0 0 0 0 0 0 0
I1103 15:26:22.710781 47491352101952 create_pretraining_data.py:161] input_ids: 2 4 17433 16568 1005 388 24048 6832 3 1908 24431 2303 3014 1939 4 5135 2349 4 2461 4 9433 13598 1032 2671 3 0 0 0 0 0 0 0 0 0 0 0 0 0 0 0 0 0 0 0 0 0 0 0 0 0 0 0 0 0 0 0 0 0 0 0 0 0 0 0 0 0 0 0 0 0 0 0 0 0 0 0 0 0 0 0 0 0 0 0 0 0 0 0 0 0 0 0 0 0 0 0 0 0 0 0 0 0 0 0 0 0 0 0 0 0 0 0 0 0 0 0 0 0 0 0 0 0 0 0 0 0 0 0
INFO:tensorflow:input_mask: 1 1 1 1 1 1 1 1 1 1 1 1 1 1 1 1 1 1 1 1 1 1 1 1 1 0 0 0 0 0 0 0 0 0 0 0 0 0 0 0 0 0 0 0 0 0 0 0 0 0 0 0 0 0 0 0 0 0 0 0 0 0 0 0 0 0 0 0 0 0 0 0 0 0 0 0 0 0 0 0 0 0 0 0 0 0 0 0 0 0 0 0 0 0 0 0 0 0 0 0 0 0 0 0 0 0 0 0 0 0 0 0 0 0 0 0 0 0 0 0 0 0 0 0 0 0 0 0
I1103 15:26:22.710942 47491352101952 create_pretraining_data.py:161] input_mask: 1 1 1 1 1 1 1 1 1 1 1 1 1 1 1 1 1 1 1 1 1 1 1 1 1 0 0 0 0 0 0 0 0 0 0 0 0 0 0 0 0 0 0 0 0 0 0 0 0 0 0 0 0 0 0 0 0 0 0 0 0 0 0 0 0 0 0 0 0 0 0 0 0 0 0 0 0 0 0 0 0 0 0 0 0 0 0 0 0 0 0 0 0 0 0 0 0 0 0 0 0 0 0 0 0 0 0 0 0 0 0 0 0 0 0 0 0 0 0 0 0 0 0 0 0 0 0 0
INFO:tensorflow:segment_ids: 0 0 0 0 0 0 0 0 0 1 1 1 1 1 1 1 1 1 1 1 1 1 1 1 1 0 0 0 0 0 0 0 0 0 0 0 0 0 0 0 0 0 0 0 0 0 0 0 0 0 0 0 0 0 0 0 0 0 0 0 0 0 0 0 0 0 0 0 0 0 0 0 0 0 0 0 0 0 0 0 0 0 0 0 0 0 0 0 0 0 0 0 0 0 0 0 0 0 0 0 0 0 0 0 0 0 0 0 0 0 0 0 0 0 0 0 0 0 0 0 0 0 0 0 0 0 0 0
I1103 15:26:22.711097 47491352101952 create_pretraining_data.py:161] segment_ids: 0 0 0 0 0 0 0 0 0 1 1 1 1 1 1 1 1 1 1 1 1 1 1 1 1 0 0 0 0 0 0 0 0 0 0 0 0 0 0 0 0 0 0 0 0 0 0 0 0 0 0 0 0 0 0 0 0 0 0 0 0 0 0 0 0 0 0 0 0 0 0 0 0 0 0 0 0 0 0 0 0 0 0 0 0 0 0 0 0 0 0 0 0 0 0 0 0 0 0 0 0 0 0 0 0 0 0 0 0 0 0 0 0 0 0 0 0 0 0 0 0 0 0 0 0 0 0 0
INFO:tensorflow:masked_lm_positions: 1 14 17 19 0 0 0 0 0 0 0 0 0 0 0 0 0 0 0 0
I1103 15:26:22.711231 47491352101952 create_pretraining_data.py:161] masked_lm_positions: 1 14 17 19 0 0 0 0 0 0 0 0 0 0 0 0 0 0 0 0
INFO:tensorflow:masked_lm_ids: 9489 20564 2251 3179 0 0 0 0 0 0 0 0 0 0 0 0 0 0 0 0
I1103 15:26:22.711352 47491352101952 create_pretraining_data.py:161] masked_lm_ids: 9489 20564 2251 3179 0 0 0 0 0 0 0 0 0 0 0 0 0 0 0 0
INFO:tensorflow:masked_lm_weights: 1.0 1.0 1.0 1.0 0.0 0.0 0.0 0.0 0.0 0.0 0.0 0.0 0.0 0.0 0.0 0.0 0.0 0.0 0.0 0.0
I1103 15:26:22.711479 47491352101952 create_pretraining_data.py:161] masked_lm_weights: 1.0 1.0 1.0 1.0 0.0 0.0 0.0 0.0 0.0 0.0 0.0 0.0 0.0 0.0 0.0 0.0 0.0 0.0 0.0 0.0
INFO:tensorflow:next_sentence_labels: 1
I1103 15:26:22.711592 47491352101952 create_pretraining_data.py:161] next_sentence_labels: 1
INFO:tensorflow:*** Example ***
I1103 15:26:22.712051 47491352101952 create_pretraining_data.py:149] *** Example ***
INFO:tensorflow:tokens: [CLS] [MASK] اجعل الجنه دار خل ##د [MASK] اللهم صل علي محمد وال محمد دعاء [SEP] قائمه التغيير عمال معكم وباذن الله نصل بس ##واعد ##كم معا نت ##خذ [MASK] [MASK] [MASK] اضغط علي الرابط [SEP]
I1103 15:26:22.712199 47491352101952 create_pretraining_data.py:151] tokens: [CLS] [MASK] اجعل الجنه دار خل ##د [MASK] اللهم صل علي محمد وال محمد دعاء [SEP] قائمه التغيير عمال معكم وباذن الله نصل بس ##واعد ##كم معا نت ##خذ [MASK] [MASK] [MASK] اضغط علي الرابط [SEP]
INFO:tensorflow:input_ids: 2 4 4608 3515 4417 9549 1016 4 2168 3991 1958 2202 1918 2202 5394 3 12043 7946 10408 11491 26276 1953 23414 2357 5178 2018 3874 2682 3039 4 4 4 9399 1958 5778 3 0 0 0 0 0 0 0 0 0 0 0 0 0 0 0 0 0 0 0 0 0 0 0 0 0 0 0 0 0 0 0 0 0 0 0 0 0 0 0 0 0 0 0 0 0 0 0 0 0 0 0 0 0 0 0 0 0 0 0 0 0 0 0 0 0 0 0 0 0 0 0 0 0 0 0 0 0 0 0 0 0 0 0 0 0 0 0 0 0 0 0 0
I1103 15:26:22.712369 47491352101952 create_pretraining_data.py:161] input_ids: 2 4 4608 3515 4417 9549 1016 4 2168 3991 1958 2202 1918 2202 5394 3 12043 7946 10408 11491 26276 1953 23414 2357 5178 2018 3874 2682 3039 4 4 4 9399 1958 5778 3 0 0 0 0 0 0 0 0 0 0 0 0 0 0 0 0 0 0 0 0 0 0 0 0 0 0 0 0 0 0 0 0 0 0 0 0 0 0 0 0 0 0 0 0 0 0 0 0 0 0 0 0 0 0 0 0 0 0 0 0 0 0 0 0 0 0 0 0 0 0 0 0 0 0 0 0 0 0 0 0 0 0 0 0 0 0 0 0 0 0 0 0
INFO:tensorflow:input_mask: 1 1 1 1 1 1 1 1 1 1 1 1 1 1 1 1 1 1 1 1 1 1 1 1 1 1 1 1 1 1 1 1 1 1 1 1 0 0 0 0 0 0 0 0 0 0 0 0 0 0 0 0 0 0 0 0 0 0 0 0 0 0 0 0 0 0 0 0 0 0 0 0 0 0 0 0 0 0 0 0 0 0 0 0 0 0 0 0 0 0 0 0 0 0 0 0 0 0 0 0 0 0 0 0 0 0 0 0 0 0 0 0 0 0 0 0 0 0 0 0 0 0 0 0 0 0 0 0
I1103 15:26:22.712540 47491352101952 create_pretraining_data.py:161] input_mask: 1 1 1 1 1 1 1 1 1 1 1 1 1 1 1 1 1 1 1 1 1 1 1 1 1 1 1 1 1 1 1 1 1 1 1 1 0 0 0 0 0 0 0 0 0 0 0 0 0 0 0 0 0 0 0 0 0 0 0 0 0 0 0 0 0 0 0 0 0 0 0 0 0 0 0 0 0 0 0 0 0 0 0 0 0 0 0 0 0 0 0 0 0 0 0 0 0 0 0 0 0 0 0 0 0 0 0 0 0 0 0 0 0 0 0 0 0 0 0 0 0 0 0 0 0 0 0 0
INFO:tensorflow:segment_ids: 0 0 0 0 0 0 0 0 0 0 0 0 0 0 0 0 1 1 1 1 1 1 1 1 1 1 1 1 1 1 1 1 1 1 1 1 0 0 0 0 0 0 0 0 0 0 0 0 0 0 0 0 0 0 0 0 0 0 0 0 0 0 0 0 0 0 0 0 0 0 0 0 0 0 0 0 0 0 0 0 0 0 0 0 0 0 0 0 0 0 0 0 0 0 0 0 0 0 0 0 0 0 0 0 0 0 0 0 0 0 0 0 0 0 0 0 0 0 0 0 0 0 0 0 0 0 0 0
I1103 15:26:22.712699 47491352101952 create_pretraining_data.py:161] segment_ids: 0 0 0 0 0 0 0 0 0 0 0 0 0 0 0 0 1 1 1 1 1 1 1 1 1 1 1 1 1 1 1 1 1 1 1 1 0 0 0 0 0 0 0 0 0 0 0 0 0 0 0 0 0 0 0 0 0 0 0 0 0 0 0 0 0 0 0 0 0 0 0 0 0 0 0 0 0 0 0 0 0 0 0 0 0 0 0 0 0 0 0 0 0 0 0 0 0 0 0 0 0 0 0 0 0 0 0 0 0 0 0 0 0 0 0 0 0 0 0 0 0 0 0 0 0 0 0 0
INFO:tensorflow:masked_lm_positions: 1 7 29 30 31 0 0 0 0 0 0 0 0 0 0 0 0 0 0 0
I1103 15:26:22.712819 47491352101952 create_pretraining_data.py:161] masked_lm_positions: 1 7 29 30 31 0 0 0 0 0 0 0 0 0 0 0 0 0 0 0
INFO:tensorflow:masked_lm_ids: 2168 24793 4993 8344 7164 0 0 0 0 0 0 0 0 0 0 0 0 0 0 0
I1103 15:26:22.712936 47491352101952 create_pretraining_data.py:161] masked_lm_ids: 2168 24793 4993 8344 7164 0 0 0 0 0 0 0 0 0 0 0 0 0 0 0
INFO:tensorflow:masked_lm_weights: 1.0 1.0 1.0 1.0 1.0 0.0 0.0 0.0 0.0 0.0 0.0 0.0 0.0 0.0 0.0 0.0 0.0 0.0 0.0 0.0
I1103 15:26:22.713072 47491352101952 create_pretraining_data.py:161] masked_lm_weights: 1.0 1.0 1.0 1.0 1.0 0.0 0.0 0.0 0.0 0.0 0.0 0.0 0.0 0.0 0.0 0.0 0.0 0.0 0.0 0.0
INFO:tensorflow:next_sentence_labels: 1
I1103 15:26:22.713183 47491352101952 create_pretraining_data.py:161] next_sentence_labels: 1
INFO:tensorflow:Wrote 9999240 total instances
I1103 16:29:25.213111 47491352101952 create_pretraining_data.py:166] Wrote 9999240 total instances
