Loading module 'all'
WARNING:tensorflow:From ../bert/create_pretraining_data.py:469: The name tf.app.run is deprecated. Please use tf.compat.v1.app.run instead.

WARNING:tensorflow:From ../bert/create_pretraining_data.py:437: The name tf.logging.set_verbosity is deprecated. Please use tf.compat.v1.logging.set_verbosity instead.

W1103 12:03:01.568215 47204016583744 module_wrapper.py:139] From ../bert/create_pretraining_data.py:437: The name tf.logging.set_verbosity is deprecated. Please use tf.compat.v1.logging.set_verbosity instead.

WARNING:tensorflow:From ../bert/create_pretraining_data.py:437: The name tf.logging.INFO is deprecated. Please use tf.compat.v1.logging.INFO instead.

W1103 12:03:01.568466 47204016583744 module_wrapper.py:139] From ../bert/create_pretraining_data.py:437: The name tf.logging.INFO is deprecated. Please use tf.compat.v1.logging.INFO instead.

WARNING:tensorflow:From /scratch/gi372/CAMeLBERT/bert/tokenization.py:125: The name tf.gfile.GFile is deprecated. Please use tf.io.gfile.GFile instead.

W1103 12:03:01.568700 47204016583744 module_wrapper.py:139] From /scratch/gi372/CAMeLBERT/bert/tokenization.py:125: The name tf.gfile.GFile is deprecated. Please use tf.io.gfile.GFile instead.

WARNING:tensorflow:From ../bert/create_pretraining_data.py:444: The name tf.gfile.Glob is deprecated. Please use tf.io.gfile.glob instead.

W1103 12:03:01.690205 47204016583744 module_wrapper.py:139] From ../bert/create_pretraining_data.py:444: The name tf.gfile.Glob is deprecated. Please use tf.io.gfile.glob instead.

WARNING:tensorflow:From ../bert/create_pretraining_data.py:446: The name tf.logging.info is deprecated. Please use tf.compat.v1.logging.info instead.

W1103 12:03:01.698230 47204016583744 module_wrapper.py:139] From ../bert/create_pretraining_data.py:446: The name tf.logging.info is deprecated. Please use tf.compat.v1.logging.info instead.

INFO:tensorflow:*** Reading from input files ***
I1103 12:03:01.698440 47204016583744 create_pretraining_data.py:446] *** Reading from input files ***
INFO:tensorflow:  ../corpora/shards/DA-ali2019-500m-tweet.bw.ar.lines.shard.310.normalized.sents
I1103 12:03:01.698566 47204016583744 create_pretraining_data.py:448]   ../corpora/shards/DA-ali2019-500m-tweet.bw.ar.lines.shard.310.normalized.sents
INFO:tensorflow:*** Writing to output files ***
I1103 12:44:22.870436 47204016583744 create_pretraining_data.py:457] *** Writing to output files ***
INFO:tensorflow:  ../corpora/tfrecord_wp-30k_msl-128/DA-ali2019-500m-tweet.bw.ar.lines.shard.310.tf_record
I1103 12:44:22.895634 47204016583744 create_pretraining_data.py:459]   ../corpora/tfrecord_wp-30k_msl-128/DA-ali2019-500m-tweet.bw.ar.lines.shard.310.tf_record
WARNING:tensorflow:From ../bert/create_pretraining_data.py:101: The name tf.python_io.TFRecordWriter is deprecated. Please use tf.io.TFRecordWriter instead.

W1103 12:44:22.895963 47204016583744 module_wrapper.py:139] From ../bert/create_pretraining_data.py:101: The name tf.python_io.TFRecordWriter is deprecated. Please use tf.io.TFRecordWriter instead.

INFO:tensorflow:*** Example ***
I1103 12:44:22.897955 47204016583744 create_pretraining_data.py:149] *** Example ***
INFO:tensorflow:tokens: [CLS] 4 للمبار ##اه وعدم التسا ##هل لابد من ان يست ##شعر المدرب واللاعب ##ين اهميه خطف النقاط الثلاث [MASK] هذه الفرق للاست ##مرار في خطف الصداره الهلال الفيصلي [SEP] يارب قدر ##ني اكثر علي الكت [MASK] والشع ##ور اللي م [MASK] [MASK] [MASK] [MASK] [MASK] علي نفسي لا تعود ##ني علي احد [SEP]
I1103 12:44:22.898141 47204016583744 create_pretraining_data.py:151] tokens: [CLS] 4 للمبار ##اه وعدم التسا ##هل لابد من ان يست ##شعر المدرب واللاعب ##ين اهميه خطف النقاط الثلاث [MASK] هذه الفرق للاست ##مرار في خطف الصداره الهلال الفيصلي [SEP] يارب قدر ##ني اكثر علي الكت [MASK] والشع ##ور اللي م [MASK] [MASK] [MASK] [MASK] [MASK] علي نفسي لا تعود ##ني علي احد [SEP]
INFO:tensorflow:input_ids: 2 24 21574 2030 5568 22186 2458 7489 1908 1939 2414 11635 7934 23084 1911 24344 16419 12311 3316 4 2159 5574 4633 4554 1912 16419 15534 2675 13984 3 2856 3640 1974 2695 1958 2881 4 10738 1936 2115 412 4 4 4 4 4 1958 3733 1963 6103 1974 1958 2439 3 0 0 0 0 0 0 0 0 0 0 0 0 0 0 0 0 0 0 0 0 0 0 0 0 0 0 0 0 0 0 0 0 0 0 0 0 0 0 0 0 0 0 0 0 0 0 0 0 0 0 0 0 0 0 0 0 0 0 0 0 0 0 0 0 0 0 0 0 0 0 0 0 0 0
I1103 12:44:22.898384 47204016583744 create_pretraining_data.py:161] input_ids: 2 24 21574 2030 5568 22186 2458 7489 1908 1939 2414 11635 7934 23084 1911 24344 16419 12311 3316 4 2159 5574 4633 4554 1912 16419 15534 2675 13984 3 2856 3640 1974 2695 1958 2881 4 10738 1936 2115 412 4 4 4 4 4 1958 3733 1963 6103 1974 1958 2439 3 0 0 0 0 0 0 0 0 0 0 0 0 0 0 0 0 0 0 0 0 0 0 0 0 0 0 0 0 0 0 0 0 0 0 0 0 0 0 0 0 0 0 0 0 0 0 0 0 0 0 0 0 0 0 0 0 0 0 0 0 0 0 0 0 0 0 0 0 0 0 0 0 0 0
INFO:tensorflow:input_mask: 1 1 1 1 1 1 1 1 1 1 1 1 1 1 1 1 1 1 1 1 1 1 1 1 1 1 1 1 1 1 1 1 1 1 1 1 1 1 1 1 1 1 1 1 1 1 1 1 1 1 1 1 1 1 0 0 0 0 0 0 0 0 0 0 0 0 0 0 0 0 0 0 0 0 0 0 0 0 0 0 0 0 0 0 0 0 0 0 0 0 0 0 0 0 0 0 0 0 0 0 0 0 0 0 0 0 0 0 0 0 0 0 0 0 0 0 0 0 0 0 0 0 0 0 0 0 0 0
I1103 12:44:22.898565 47204016583744 create_pretraining_data.py:161] input_mask: 1 1 1 1 1 1 1 1 1 1 1 1 1 1 1 1 1 1 1 1 1 1 1 1 1 1 1 1 1 1 1 1 1 1 1 1 1 1 1 1 1 1 1 1 1 1 1 1 1 1 1 1 1 1 0 0 0 0 0 0 0 0 0 0 0 0 0 0 0 0 0 0 0 0 0 0 0 0 0 0 0 0 0 0 0 0 0 0 0 0 0 0 0 0 0 0 0 0 0 0 0 0 0 0 0 0 0 0 0 0 0 0 0 0 0 0 0 0 0 0 0 0 0 0 0 0 0 0
INFO:tensorflow:segment_ids: 0 0 0 0 0 0 0 0 0 0 0 0 0 0 0 0 0 0 0 0 0 0 0 0 0 0 0 0 0 0 1 1 1 1 1 1 1 1 1 1 1 1 1 1 1 1 1 1 1 1 1 1 1 1 0 0 0 0 0 0 0 0 0 0 0 0 0 0 0 0 0 0 0 0 0 0 0 0 0 0 0 0 0 0 0 0 0 0 0 0 0 0 0 0 0 0 0 0 0 0 0 0 0 0 0 0 0 0 0 0 0 0 0 0 0 0 0 0 0 0 0 0 0 0 0 0 0 0
I1103 12:44:22.898731 47204016583744 create_pretraining_data.py:161] segment_ids: 0 0 0 0 0 0 0 0 0 0 0 0 0 0 0 0 0 0 0 0 0 0 0 0 0 0 0 0 0 0 1 1 1 1 1 1 1 1 1 1 1 1 1 1 1 1 1 1 1 1 1 1 1 1 0 0 0 0 0 0 0 0 0 0 0 0 0 0 0 0 0 0 0 0 0 0 0 0 0 0 0 0 0 0 0 0 0 0 0 0 0 0 0 0 0 0 0 0 0 0 0 0 0 0 0 0 0 0 0 0 0 0 0 0 0 0 0 0 0 0 0 0 0 0 0 0 0 0
INFO:tensorflow:masked_lm_positions: 19 35 36 41 42 43 44 45 0 0 0 0 0 0 0 0 0 0 0 0
I1103 12:44:22.898856 47204016583744 create_pretraining_data.py:161] masked_lm_positions: 19 35 36 41 42 43 44 45 0 0 0 0 0 0 0 0 0 0 0 0
INFO:tensorflow:masked_lm_ids: 1908 2881 2480 2388 2733 1013 7178 1974 0 0 0 0 0 0 0 0 0 0 0 0
I1103 12:44:22.898975 47204016583744 create_pretraining_data.py:161] masked_lm_ids: 1908 2881 2480 2388 2733 1013 7178 1974 0 0 0 0 0 0 0 0 0 0 0 0
INFO:tensorflow:masked_lm_weights: 1.0 1.0 1.0 1.0 1.0 1.0 1.0 1.0 0.0 0.0 0.0 0.0 0.0 0.0 0.0 0.0 0.0 0.0 0.0 0.0
I1103 12:44:22.899105 47204016583744 create_pretraining_data.py:161] masked_lm_weights: 1.0 1.0 1.0 1.0 1.0 1.0 1.0 1.0 0.0 0.0 0.0 0.0 0.0 0.0 0.0 0.0 0.0 0.0 0.0 0.0
INFO:tensorflow:next_sentence_labels: 1
I1103 12:44:22.899217 47204016583744 create_pretraining_data.py:161] next_sentence_labels: 1
INFO:tensorflow:*** Example ***
I1103 12:44:22.899801 47204016583744 create_pretraining_data.py:149] *** Example ***
INFO:tensorflow:tokens: [CLS] بش ##عور عميق اشتقت لش ##وفت ##ك [SEP] 1 3 لماذا يجب علينا تغيير جروس لان بعض جمهور المقا ##هي [MASK] ##يفات غير راضي [MASK] الاهلي الان وامت [MASK] التدريب [SEP]
I1103 12:44:22.899958 47204016583744 create_pretraining_data.py:151] tokens: [CLS] بش ##عور عميق اشتقت لش ##وفت ##ك [SEP] 1 3 لماذا يجب علينا تغيير جروس لان بعض جمهور المقا ##هي [MASK] ##يفات غير راضي [MASK] الاهلي الان وامت [MASK] التدريب [SEP]
INFO:tensorflow:input_ids: 2 2331 17769 15610 8451 3198 10266 1014 3 21 23 4910 3163 3754 5426 25159 2551 2346 4642 4755 2421 4 15548 2224 13057 4 3105 2311 15329 4 7631 3 0 0 0 0 0 0 0 0 0 0 0 0 0 0 0 0 0 0 0 0 0 0 0 0 0 0 0 0 0 0 0 0 0 0 0 0 0 0 0 0 0 0 0 0 0 0 0 0 0 0 0 0 0 0 0 0 0 0 0 0 0 0 0 0 0 0 0 0 0 0 0 0 0 0 0 0 0 0 0 0 0 0 0 0 0 0 0 0 0 0 0 0 0 0 0 0
I1103 12:44:22.900135 47204016583744 create_pretraining_data.py:161] input_ids: 2 2331 17769 15610 8451 3198 10266 1014 3 21 23 4910 3163 3754 5426 25159 2551 2346 4642 4755 2421 4 15548 2224 13057 4 3105 2311 15329 4 7631 3 0 0 0 0 0 0 0 0 0 0 0 0 0 0 0 0 0 0 0 0 0 0 0 0 0 0 0 0 0 0 0 0 0 0 0 0 0 0 0 0 0 0 0 0 0 0 0 0 0 0 0 0 0 0 0 0 0 0 0 0 0 0 0 0 0 0 0 0 0 0 0 0 0 0 0 0 0 0 0 0 0 0 0 0 0 0 0 0 0 0 0 0 0 0 0 0
INFO:tensorflow:input_mask: 1 1 1 1 1 1 1 1 1 1 1 1 1 1 1 1 1 1 1 1 1 1 1 1 1 1 1 1 1 1 1 1 0 0 0 0 0 0 0 0 0 0 0 0 0 0 0 0 0 0 0 0 0 0 0 0 0 0 0 0 0 0 0 0 0 0 0 0 0 0 0 0 0 0 0 0 0 0 0 0 0 0 0 0 0 0 0 0 0 0 0 0 0 0 0 0 0 0 0 0 0 0 0 0 0 0 0 0 0 0 0 0 0 0 0 0 0 0 0 0 0 0 0 0 0 0 0 0
I1103 12:44:22.900321 47204016583744 create_pretraining_data.py:161] input_mask: 1 1 1 1 1 1 1 1 1 1 1 1 1 1 1 1 1 1 1 1 1 1 1 1 1 1 1 1 1 1 1 1 0 0 0 0 0 0 0 0 0 0 0 0 0 0 0 0 0 0 0 0 0 0 0 0 0 0 0 0 0 0 0 0 0 0 0 0 0 0 0 0 0 0 0 0 0 0 0 0 0 0 0 0 0 0 0 0 0 0 0 0 0 0 0 0 0 0 0 0 0 0 0 0 0 0 0 0 0 0 0 0 0 0 0 0 0 0 0 0 0 0 0 0 0 0 0 0
INFO:tensorflow:segment_ids: 0 0 0 0 0 0 0 0 0 1 1 1 1 1 1 1 1 1 1 1 1 1 1 1 1 1 1 1 1 1 1 1 0 0 0 0 0 0 0 0 0 0 0 0 0 0 0 0 0 0 0 0 0 0 0 0 0 0 0 0 0 0 0 0 0 0 0 0 0 0 0 0 0 0 0 0 0 0 0 0 0 0 0 0 0 0 0 0 0 0 0 0 0 0 0 0 0 0 0 0 0 0 0 0 0 0 0 0 0 0 0 0 0 0 0 0 0 0 0 0 0 0 0 0 0 0 0 0
I1103 12:44:22.900484 47204016583744 create_pretraining_data.py:161] segment_ids: 0 0 0 0 0 0 0 0 0 1 1 1 1 1 1 1 1 1 1 1 1 1 1 1 1 1 1 1 1 1 1 1 0 0 0 0 0 0 0 0 0 0 0 0 0 0 0 0 0 0 0 0 0 0 0 0 0 0 0 0 0 0 0 0 0 0 0 0 0 0 0 0 0 0 0 0 0 0 0 0 0 0 0 0 0 0 0 0 0 0 0 0 0 0 0 0 0 0 0 0 0 0 0 0 0 0 0 0 0 0 0 0 0 0 0 0 0 0 0 0 0 0 0 0 0 0 0 0
INFO:tensorflow:masked_lm_positions: 21 22 25 28 29 0 0 0 0 0 0 0 0 0 0 0 0 0 0 0
I1103 12:44:22.900606 47204016583744 create_pretraining_data.py:161] masked_lm_positions: 21 22 25 28 29 0 0 0 0 0 0 0 0 0 0 0 0 0 0 0
INFO:tensorflow:masked_lm_ids: 11699 15548 24468 15329 4865 0 0 0 0 0 0 0 0 0 0 0 0 0 0 0
I1103 12:44:22.900724 47204016583744 create_pretraining_data.py:161] masked_lm_ids: 11699 15548 24468 15329 4865 0 0 0 0 0 0 0 0 0 0 0 0 0 0 0
INFO:tensorflow:masked_lm_weights: 1.0 1.0 1.0 1.0 1.0 0.0 0.0 0.0 0.0 0.0 0.0 0.0 0.0 0.0 0.0 0.0 0.0 0.0 0.0 0.0
I1103 12:44:22.900844 47204016583744 create_pretraining_data.py:161] masked_lm_weights: 1.0 1.0 1.0 1.0 1.0 0.0 0.0 0.0 0.0 0.0 0.0 0.0 0.0 0.0 0.0 0.0 0.0 0.0 0.0 0.0
INFO:tensorflow:next_sentence_labels: 1
I1103 12:44:22.900956 47204016583744 create_pretraining_data.py:161] next_sentence_labels: 1
INFO:tensorflow:*** Example ***
I1103 12:44:22.901500 47204016583744 create_pretraining_data.py:149] *** Example ***
INFO:tensorflow:tokens: [CLS] قال الله تعالي اني جزي ##تهم اليوم بما [MASK] [MASK] الصبر كلمه سهله لكنها تحتاج اراد ##ه [MASK] [MASK] [MASK] عميق ##ه بالله وصحبه مؤمن ##ه تذكر ##نا وت ##ثبت ##نا [SEP] احم ##ق من يترك ما في متنا ##ول يده سعيا وراء ما [MASK] يستطيع بلوغ ##ه بلو ##تار ##خ [SEP]
I1103 12:44:22.901661 47204016583744 create_pretraining_data.py:151] tokens: [CLS] قال الله تعالي اني جزي ##تهم اليوم بما [MASK] [MASK] الصبر كلمه سهله لكنها تحتاج اراد ##ه [MASK] [MASK] [MASK] عميق ##ه بالله وصحبه مؤمن ##ه تذكر ##نا وت ##ثبت ##نا [SEP] احم ##ق من يترك ما في متنا ##ول يده سعيا وراء ما [MASK] يستطيع بلوغ ##ه بلو ##تار ##خ [SEP]
INFO:tensorflow:input_ids: 2 2136 1953 5175 2694 24059 3378 2217 2908 4 4 6297 4478 19423 6958 5496 7304 1028 4 4 4 15610 1028 3351 11229 11107 1028 4855 1914 2001 5661 1914 3 15605 1011 1908 9290 1972 1912 22389 1940 9176 28919 5659 1972 4 5434 21404 1028 7214 20656 1036 3 0 0 0 0 0 0 0 0 0 0 0 0 0 0 0 0 0 0 0 0 0 0 0 0 0 0 0 0 0 0 0 0 0 0 0 0 0 0 0 0 0 0 0 0 0 0 0 0 0 0 0 0 0 0 0 0 0 0 0 0 0 0 0 0 0 0 0 0 0 0 0 0 0 0 0
I1103 12:44:22.901840 47204016583744 create_pretraining_data.py:161] input_ids: 2 2136 1953 5175 2694 24059 3378 2217 2908 4 4 6297 4478 19423 6958 5496 7304 1028 4 4 4 15610 1028 3351 11229 11107 1028 4855 1914 2001 5661 1914 3 15605 1011 1908 9290 1972 1912 22389 1940 9176 28919 5659 1972 4 5434 21404 1028 7214 20656 1036 3 0 0 0 0 0 0 0 0 0 0 0 0 0 0 0 0 0 0 0 0 0 0 0 0 0 0 0 0 0 0 0 0 0 0 0 0 0 0 0 0 0 0 0 0 0 0 0 0 0 0 0 0 0 0 0 0 0 0 0 0 0 0 0 0 0 0 0 0 0 0 0 0 0 0 0
INFO:tensorflow:input_mask: 1 1 1 1 1 1 1 1 1 1 1 1 1 1 1 1 1 1 1 1 1 1 1 1 1 1 1 1 1 1 1 1 1 1 1 1 1 1 1 1 1 1 1 1 1 1 1 1 1 1 1 1 1 0 0 0 0 0 0 0 0 0 0 0 0 0 0 0 0 0 0 0 0 0 0 0 0 0 0 0 0 0 0 0 0 0 0 0 0 0 0 0 0 0 0 0 0 0 0 0 0 0 0 0 0 0 0 0 0 0 0 0 0 0 0 0 0 0 0 0 0 0 0 0 0 0 0 0
I1103 12:44:22.902025 47204016583744 create_pretraining_data.py:161] input_mask: 1 1 1 1 1 1 1 1 1 1 1 1 1 1 1 1 1 1 1 1 1 1 1 1 1 1 1 1 1 1 1 1 1 1 1 1 1 1 1 1 1 1 1 1 1 1 1 1 1 1 1 1 1 0 0 0 0 0 0 0 0 0 0 0 0 0 0 0 0 0 0 0 0 0 0 0 0 0 0 0 0 0 0 0 0 0 0 0 0 0 0 0 0 0 0 0 0 0 0 0 0 0 0 0 0 0 0 0 0 0 0 0 0 0 0 0 0 0 0 0 0 0 0 0 0 0 0 0
INFO:tensorflow:segment_ids: 0 0 0 0 0 0 0 0 0 0 0 0 0 0 0 0 0 0 0 0 0 0 0 0 0 0 0 0 0 0 0 0 0 1 1 1 1 1 1 1 1 1 1 1 1 1 1 1 1 1 1 1 1 0 0 0 0 0 0 0 0 0 0 0 0 0 0 0 0 0 0 0 0 0 0 0 0 0 0 0 0 0 0 0 0 0 0 0 0 0 0 0 0 0 0 0 0 0 0 0 0 0 0 0 0 0 0 0 0 0 0 0 0 0 0 0 0 0 0 0 0 0 0 0 0 0 0 0
I1103 12:44:22.902185 47204016583744 create_pretraining_data.py:161] segment_ids: 0 0 0 0 0 0 0 0 0 0 0 0 0 0 0 0 0 0 0 0 0 0 0 0 0 0 0 0 0 0 0 0 0 1 1 1 1 1 1 1 1 1 1 1 1 1 1 1 1 1 1 1 1 0 0 0 0 0 0 0 0 0 0 0 0 0 0 0 0 0 0 0 0 0 0 0 0 0 0 0 0 0 0 0 0 0 0 0 0 0 0 0 0 0 0 0 0 0 0 0 0 0 0 0 0 0 0 0 0 0 0 0 0 0 0 0 0 0 0 0 0 0 0 0 0 0 0 0
INFO:tensorflow:masked_lm_positions: 9 10 18 19 20 41 43 45 0 0 0 0 0 0 0 0 0 0 0 0
I1103 12:44:22.902313 47204016583744 create_pretraining_data.py:161] masked_lm_positions: 9 10 18 19 20 41 43 45 0 0 0 0 0 0 0 0 0 0 0 0
INFO:tensorflow:masked_lm_ids: 9488 1928 11886 28301 1028 9176 5659 1963 0 0 0 0 0 0 0 0 0 0 0 0
I1103 12:44:22.902435 47204016583744 create_pretraining_data.py:161] masked_lm_ids: 9488 1928 11886 28301 1028 9176 5659 1963 0 0 0 0 0 0 0 0 0 0 0 0
INFO:tensorflow:masked_lm_weights: 1.0 1.0 1.0 1.0 1.0 1.0 1.0 1.0 0.0 0.0 0.0 0.0 0.0 0.0 0.0 0.0 0.0 0.0 0.0 0.0
I1103 12:44:22.902557 47204016583744 create_pretraining_data.py:161] masked_lm_weights: 1.0 1.0 1.0 1.0 1.0 1.0 1.0 1.0 0.0 0.0 0.0 0.0 0.0 0.0 0.0 0.0 0.0 0.0 0.0 0.0
INFO:tensorflow:next_sentence_labels: 1
I1103 12:44:22.902668 47204016583744 create_pretraining_data.py:161] next_sentence_labels: 1
INFO:tensorflow:*** Example ***
I1103 12:44:22.903134 47204016583744 create_pretraining_data.py:149] *** Example ***
INFO:tensorflow:tokens: [CLS] منو اكثر وحده [MASK] [MASK] صوتها مزع ##ج وتع ##ور الراس [SEP] كلم ##ني عن الغرب ##ه اللي جوه الغرب [MASK] اللي جواك [SEP]
I1103 12:44:22.903279 47204016583744 create_pretraining_data.py:151] tokens: [CLS] منو اكثر وحده [MASK] [MASK] صوتها مزع ##ج وتع ##ور الراس [SEP] كلم ##ني عن الغرب ##ه اللي جوه الغرب [MASK] اللي جواك [SEP]
INFO:tensorflow:input_ids: 2 13274 2695 4435 4 4 18970 26093 1041 3527 1936 11687 3 2540 1974 1955 6807 1028 2115 14652 6807 4 2115 29754 3 0 0 0 0 0 0 0 0 0 0 0 0 0 0 0 0 0 0 0 0 0 0 0 0 0 0 0 0 0 0 0 0 0 0 0 0 0 0 0 0 0 0 0 0 0 0 0 0 0 0 0 0 0 0 0 0 0 0 0 0 0 0 0 0 0 0 0 0 0 0 0 0 0 0 0 0 0 0 0 0 0 0 0 0 0 0 0 0 0 0 0 0 0 0 0 0 0 0 0 0 0 0 0
I1103 12:44:22.903460 47204016583744 create_pretraining_data.py:161] input_ids: 2 13274 2695 4435 4 4 18970 26093 1041 3527 1936 11687 3 2540 1974 1955 6807 1028 2115 14652 6807 4 2115 29754 3 0 0 0 0 0 0 0 0 0 0 0 0 0 0 0 0 0 0 0 0 0 0 0 0 0 0 0 0 0 0 0 0 0 0 0 0 0 0 0 0 0 0 0 0 0 0 0 0 0 0 0 0 0 0 0 0 0 0 0 0 0 0 0 0 0 0 0 0 0 0 0 0 0 0 0 0 0 0 0 0 0 0 0 0 0 0 0 0 0 0 0 0 0 0 0 0 0 0 0 0 0 0 0
INFO:tensorflow:input_mask: 1 1 1 1 1 1 1 1 1 1 1 1 1 1 1 1 1 1 1 1 1 1 1 1 1 0 0 0 0 0 0 0 0 0 0 0 0 0 0 0 0 0 0 0 0 0 0 0 0 0 0 0 0 0 0 0 0 0 0 0 0 0 0 0 0 0 0 0 0 0 0 0 0 0 0 0 0 0 0 0 0 0 0 0 0 0 0 0 0 0 0 0 0 0 0 0 0 0 0 0 0 0 0 0 0 0 0 0 0 0 0 0 0 0 0 0 0 0 0 0 0 0 0 0 0 0 0 0
I1103 12:44:22.903623 47204016583744 create_pretraining_data.py:161] input_mask: 1 1 1 1 1 1 1 1 1 1 1 1 1 1 1 1 1 1 1 1 1 1 1 1 1 0 0 0 0 0 0 0 0 0 0 0 0 0 0 0 0 0 0 0 0 0 0 0 0 0 0 0 0 0 0 0 0 0 0 0 0 0 0 0 0 0 0 0 0 0 0 0 0 0 0 0 0 0 0 0 0 0 0 0 0 0 0 0 0 0 0 0 0 0 0 0 0 0 0 0 0 0 0 0 0 0 0 0 0 0 0 0 0 0 0 0 0 0 0 0 0 0 0 0 0 0 0 0
INFO:tensorflow:segment_ids: 0 0 0 0 0 0 0 0 0 0 0 0 0 1 1 1 1 1 1 1 1 1 1 1 1 0 0 0 0 0 0 0 0 0 0 0 0 0 0 0 0 0 0 0 0 0 0 0 0 0 0 0 0 0 0 0 0 0 0 0 0 0 0 0 0 0 0 0 0 0 0 0 0 0 0 0 0 0 0 0 0 0 0 0 0 0 0 0 0 0 0 0 0 0 0 0 0 0 0 0 0 0 0 0 0 0 0 0 0 0 0 0 0 0 0 0 0 0 0 0 0 0 0 0 0 0 0 0
I1103 12:44:22.903798 47204016583744 create_pretraining_data.py:161] segment_ids: 0 0 0 0 0 0 0 0 0 0 0 0 0 1 1 1 1 1 1 1 1 1 1 1 1 0 0 0 0 0 0 0 0 0 0 0 0 0 0 0 0 0 0 0 0 0 0 0 0 0 0 0 0 0 0 0 0 0 0 0 0 0 0 0 0 0 0 0 0 0 0 0 0 0 0 0 0 0 0 0 0 0 0 0 0 0 0 0 0 0 0 0 0 0 0 0 0 0 0 0 0 0 0 0 0 0 0 0 0 0 0 0 0 0 0 0 0 0 0 0 0 0 0 0 0 0 0 0
INFO:tensorflow:masked_lm_positions: 4 5 20 21 0 0 0 0 0 0 0 0 0 0 0 0 0 0 0 0
I1103 12:44:22.903921 47204016583744 create_pretraining_data.py:161] masked_lm_positions: 4 5 20 21 0 0 0 0 0 0 0 0 0 0 0 0 0 0 0 0
INFO:tensorflow:masked_lm_ids: 7183 1922 6807 1028 0 0 0 0 0 0 0 0 0 0 0 0 0 0 0 0
I1103 12:44:22.904040 47204016583744 create_pretraining_data.py:161] masked_lm_ids: 7183 1922 6807 1028 0 0 0 0 0 0 0 0 0 0 0 0 0 0 0 0
INFO:tensorflow:masked_lm_weights: 1.0 1.0 1.0 1.0 0.0 0.0 0.0 0.0 0.0 0.0 0.0 0.0 0.0 0.0 0.0 0.0 0.0 0.0 0.0 0.0
I1103 12:44:22.904161 47204016583744 create_pretraining_data.py:161] masked_lm_weights: 1.0 1.0 1.0 1.0 0.0 0.0 0.0 0.0 0.0 0.0 0.0 0.0 0.0 0.0 0.0 0.0 0.0 0.0 0.0 0.0
INFO:tensorflow:next_sentence_labels: 1
I1103 12:44:22.904272 47204016583744 create_pretraining_data.py:161] next_sentence_labels: 1
INFO:tensorflow:*** Example ***
I1103 12:44:22.904741 47204016583744 create_pretraining_data.py:149] *** Example ***
INFO:tensorflow:tokens: [CLS] البرد والله برد هجر ##ك وفر ##قا ##ك ولا [MASK] الجو يكفي ##ه [MASK] [MASK] [SEP] فعلا بين حروف ##ها راحه [MASK] الم نشر ##ح لك صدرك [SEP]
I1103 12:44:22.904886 47204016583744 create_pretraining_data.py:151] tokens: [CLS] البرد والله برد هجر ##ك وفر ##قا ##ك ولا [MASK] الجو يكفي ##ه [MASK] [MASK] [SEP] فعلا بين حروف ##ها راحه [MASK] الم نشر ##ح لك صدرك [SEP]
INFO:tensorflow:input_ids: 2 5826 2706 6060 8586 1014 5035 2143 1014 2086 4 5697 6679 1028 4 4 3 6109 2117 8048 1913 6812 4 1905 3449 1032 2278 10737 3 0 0 0 0 0 0 0 0 0 0 0 0 0 0 0 0 0 0 0 0 0 0 0 0 0 0 0 0 0 0 0 0 0 0 0 0 0 0 0 0 0 0 0 0 0 0 0 0 0 0 0 0 0 0 0 0 0 0 0 0 0 0 0 0 0 0 0 0 0 0 0 0 0 0 0 0 0 0 0 0 0 0 0 0 0 0 0 0 0 0 0 0 0 0 0 0 0 0 0
I1103 12:44:22.905058 47204016583744 create_pretraining_data.py:161] input_ids: 2 5826 2706 6060 8586 1014 5035 2143 1014 2086 4 5697 6679 1028 4 4 3 6109 2117 8048 1913 6812 4 1905 3449 1032 2278 10737 3 0 0 0 0 0 0 0 0 0 0 0 0 0 0 0 0 0 0 0 0 0 0 0 0 0 0 0 0 0 0 0 0 0 0 0 0 0 0 0 0 0 0 0 0 0 0 0 0 0 0 0 0 0 0 0 0 0 0 0 0 0 0 0 0 0 0 0 0 0 0 0 0 0 0 0 0 0 0 0 0 0 0 0 0 0 0 0 0 0 0 0 0 0 0 0 0 0 0 0
INFO:tensorflow:input_mask: 1 1 1 1 1 1 1 1 1 1 1 1 1 1 1 1 1 1 1 1 1 1 1 1 1 1 1 1 1 0 0 0 0 0 0 0 0 0 0 0 0 0 0 0 0 0 0 0 0 0 0 0 0 0 0 0 0 0 0 0 0 0 0 0 0 0 0 0 0 0 0 0 0 0 0 0 0 0 0 0 0 0 0 0 0 0 0 0 0 0 0 0 0 0 0 0 0 0 0 0 0 0 0 0 0 0 0 0 0 0 0 0 0 0 0 0 0 0 0 0 0 0 0 0 0 0 0 0
I1103 12:44:22.905222 47204016583744 create_pretraining_data.py:161] input_mask: 1 1 1 1 1 1 1 1 1 1 1 1 1 1 1 1 1 1 1 1 1 1 1 1 1 1 1 1 1 0 0 0 0 0 0 0 0 0 0 0 0 0 0 0 0 0 0 0 0 0 0 0 0 0 0 0 0 0 0 0 0 0 0 0 0 0 0 0 0 0 0 0 0 0 0 0 0 0 0 0 0 0 0 0 0 0 0 0 0 0 0 0 0 0 0 0 0 0 0 0 0 0 0 0 0 0 0 0 0 0 0 0 0 0 0 0 0 0 0 0 0 0 0 0 0 0 0 0
INFO:tensorflow:segment_ids: 0 0 0 0 0 0 0 0 0 0 0 0 0 0 0 0 0 1 1 1 1 1 1 1 1 1 1 1 1 0 0 0 0 0 0 0 0 0 0 0 0 0 0 0 0 0 0 0 0 0 0 0 0 0 0 0 0 0 0 0 0 0 0 0 0 0 0 0 0 0 0 0 0 0 0 0 0 0 0 0 0 0 0 0 0 0 0 0 0 0 0 0 0 0 0 0 0 0 0 0 0 0 0 0 0 0 0 0 0 0 0 0 0 0 0 0 0 0 0 0 0 0 0 0 0 0 0 0
I1103 12:44:22.905390 47204016583744 create_pretraining_data.py:161] segment_ids: 0 0 0 0 0 0 0 0 0 0 0 0 0 0 0 0 0 1 1 1 1 1 1 1 1 1 1 1 1 0 0 0 0 0 0 0 0 0 0 0 0 0 0 0 0 0 0 0 0 0 0 0 0 0 0 0 0 0 0 0 0 0 0 0 0 0 0 0 0 0 0 0 0 0 0 0 0 0 0 0 0 0 0 0 0 0 0 0 0 0 0 0 0 0 0 0 0 0 0 0 0 0 0 0 0 0 0 0 0 0 0 0 0 0 0 0 0 0 0 0 0 0 0 0 0 0 0 0
INFO:tensorflow:masked_lm_positions: 10 14 15 22 0 0 0 0 0 0 0 0 0 0 0 0 0 0 0 0
I1103 12:44:22.905529 47204016583744 create_pretraining_data.py:161] masked_lm_positions: 10 14 15 22 0 0 0 0 0 0 0 0 0 0 0 0 0 0 0 0
INFO:tensorflow:masked_lm_ids: 22506 25530 1028 7670 0 0 0 0 0 0 0 0 0 0 0 0 0 0 0 0
I1103 12:44:22.905650 47204016583744 create_pretraining_data.py:161] masked_lm_ids: 22506 25530 1028 7670 0 0 0 0 0 0 0 0 0 0 0 0 0 0 0 0
INFO:tensorflow:masked_lm_weights: 1.0 1.0 1.0 1.0 0.0 0.0 0.0 0.0 0.0 0.0 0.0 0.0 0.0 0.0 0.0 0.0 0.0 0.0 0.0 0.0
I1103 12:44:22.905772 47204016583744 create_pretraining_data.py:161] masked_lm_weights: 1.0 1.0 1.0 1.0 0.0 0.0 0.0 0.0 0.0 0.0 0.0 0.0 0.0 0.0 0.0 0.0 0.0 0.0 0.0 0.0
INFO:tensorflow:next_sentence_labels: 1
I1103 12:44:22.905884 47204016583744 create_pretraining_data.py:161] next_sentence_labels: 1
INFO:tensorflow:*** Example ***
I1103 12:44:22.906370 47204016583744 create_pretraining_data.py:149] *** Example ***
INFO:tensorflow:tokens: [CLS] لا تياس ف والله ما ذب ##لت عين الا وفوق ##ها رب يخ ##بئ لها الاجمل [SEP] يا قو [MASK] عرفت [MASK] من دون [MASK] من بعد [MASK] عتاب ولي ##له مص ##ار ##ح [SEP]
I1103 12:44:22.906521 47204016583744 create_pretraining_data.py:151] tokens: [CLS] لا تياس ف والله ما ذب ##لت عين الا وفوق ##ها رب يخ ##بئ لها الاجمل [SEP] يا قو [MASK] عرفت [MASK] من دون [MASK] من بعد [MASK] عتاب ولي ##له مص ##ار ##ح [SEP]
INFO:tensorflow:input_ids: 2 1963 16657 408 2706 1972 29505 1919 3334 1915 19741 1913 2512 2875 17861 2553 13995 3 2104 25019 4 7813 4 1908 2571 4 1908 2089 4 20551 2670 1917 2324 1909 1032 3 0 0 0 0 0 0 0 0 0 0 0 0 0 0 0 0 0 0 0 0 0 0 0 0 0 0 0 0 0 0 0 0 0 0 0 0 0 0 0 0 0 0 0 0 0 0 0 0 0 0 0 0 0 0 0 0 0 0 0 0 0 0 0 0 0 0 0 0 0 0 0 0 0 0 0 0 0 0 0 0 0 0 0 0 0 0 0 0 0 0 0 0
I1103 12:44:22.906696 47204016583744 create_pretraining_data.py:161] input_ids: 2 1963 16657 408 2706 1972 29505 1919 3334 1915 19741 1913 2512 2875 17861 2553 13995 3 2104 25019 4 7813 4 1908 2571 4 1908 2089 4 20551 2670 1917 2324 1909 1032 3 0 0 0 0 0 0 0 0 0 0 0 0 0 0 0 0 0 0 0 0 0 0 0 0 0 0 0 0 0 0 0 0 0 0 0 0 0 0 0 0 0 0 0 0 0 0 0 0 0 0 0 0 0 0 0 0 0 0 0 0 0 0 0 0 0 0 0 0 0 0 0 0 0 0 0 0 0 0 0 0 0 0 0 0 0 0 0 0 0 0 0 0
INFO:tensorflow:input_mask: 1 1 1 1 1 1 1 1 1 1 1 1 1 1 1 1 1 1 1 1 1 1 1 1 1 1 1 1 1 1 1 1 1 1 1 1 0 0 0 0 0 0 0 0 0 0 0 0 0 0 0 0 0 0 0 0 0 0 0 0 0 0 0 0 0 0 0 0 0 0 0 0 0 0 0 0 0 0 0 0 0 0 0 0 0 0 0 0 0 0 0 0 0 0 0 0 0 0 0 0 0 0 0 0 0 0 0 0 0 0 0 0 0 0 0 0 0 0 0 0 0 0 0 0 0 0 0 0
I1103 12:44:22.906878 47204016583744 create_pretraining_data.py:161] input_mask: 1 1 1 1 1 1 1 1 1 1 1 1 1 1 1 1 1 1 1 1 1 1 1 1 1 1 1 1 1 1 1 1 1 1 1 1 0 0 0 0 0 0 0 0 0 0 0 0 0 0 0 0 0 0 0 0 0 0 0 0 0 0 0 0 0 0 0 0 0 0 0 0 0 0 0 0 0 0 0 0 0 0 0 0 0 0 0 0 0 0 0 0 0 0 0 0 0 0 0 0 0 0 0 0 0 0 0 0 0 0 0 0 0 0 0 0 0 0 0 0 0 0 0 0 0 0 0 0
INFO:tensorflow:segment_ids: 0 0 0 0 0 0 0 0 0 0 0 0 0 0 0 0 0 0 1 1 1 1 1 1 1 1 1 1 1 1 1 1 1 1 1 1 0 0 0 0 0 0 0 0 0 0 0 0 0 0 0 0 0 0 0 0 0 0 0 0 0 0 0 0 0 0 0 0 0 0 0 0 0 0 0 0 0 0 0 0 0 0 0 0 0 0 0 0 0 0 0 0 0 0 0 0 0 0 0 0 0 0 0 0 0 0 0 0 0 0 0 0 0 0 0 0 0 0 0 0 0 0 0 0 0 0 0 0
I1103 12:44:22.907043 47204016583744 create_pretraining_data.py:161] segment_ids: 0 0 0 0 0 0 0 0 0 0 0 0 0 0 0 0 0 0 1 1 1 1 1 1 1 1 1 1 1 1 1 1 1 1 1 1 0 0 0 0 0 0 0 0 0 0 0 0 0 0 0 0 0 0 0 0 0 0 0 0 0 0 0 0 0 0 0 0 0 0 0 0 0 0 0 0 0 0 0 0 0 0 0 0 0 0 0 0 0 0 0 0 0 0 0 0 0 0 0 0 0 0 0 0 0 0 0 0 0 0 0 0 0 0 0 0 0 0 0 0 0 0 0 0 0 0 0 0
INFO:tensorflow:masked_lm_positions: 20 22 24 25 28 0 0 0 0 0 0 0 0 0 0 0 0 0 0 0
I1103 12:44:22.907185 47204016583744 create_pretraining_data.py:161] masked_lm_positions: 20 22 24 25 28 0 0 0 0 0 0 0 0 0 0 0 0 0 0 0
INFO:tensorflow:masked_lm_ids: 3966 5955 2571 1013 6373 0 0 0 0 0 0 0 0 0 0 0 0 0 0 0
I1103 12:44:22.907316 47204016583744 create_pretraining_data.py:161] masked_lm_ids: 3966 5955 2571 1013 6373 0 0 0 0 0 0 0 0 0 0 0 0 0 0 0
INFO:tensorflow:masked_lm_weights: 1.0 1.0 1.0 1.0 1.0 0.0 0.0 0.0 0.0 0.0 0.0 0.0 0.0 0.0 0.0 0.0 0.0 0.0 0.0 0.0
I1103 12:44:22.907444 47204016583744 create_pretraining_data.py:161] masked_lm_weights: 1.0 1.0 1.0 1.0 1.0 0.0 0.0 0.0 0.0 0.0 0.0 0.0 0.0 0.0 0.0 0.0 0.0 0.0 0.0 0.0
INFO:tensorflow:next_sentence_labels: 1
I1103 12:44:22.907559 47204016583744 create_pretraining_data.py:161] next_sentence_labels: 1
INFO:tensorflow:*** Example ***
I1103 12:44:22.908038 47204016583744 create_pretraining_data.py:149] *** Example ***
INFO:tensorflow:tokens: [CLS] مهم [SEP] اصدق ما [MASK] به [MASK] اصعب ما قد نح ##كيه [SEP]
I1103 12:44:22.908183 47204016583744 create_pretraining_data.py:151] tokens: [CLS] مهم [SEP] اصدق ما [MASK] به [MASK] اصعب ما قد نح ##كيه [SEP]
INFO:tensorflow:input_ids: 2 4649 3 6845 1972 4 2249 4 10335 1972 2251 3000 19736 3 0 0 0 0 0 0 0 0 0 0 0 0 0 0 0 0 0 0 0 0 0 0 0 0 0 0 0 0 0 0 0 0 0 0 0 0 0 0 0 0 0 0 0 0 0 0 0 0 0 0 0 0 0 0 0 0 0 0 0 0 0 0 0 0 0 0 0 0 0 0 0 0 0 0 0 0 0 0 0 0 0 0 0 0 0 0 0 0 0 0 0 0 0 0 0 0 0 0 0 0 0 0 0 0 0 0 0 0 0 0 0 0 0 0
I1103 12:44:22.908361 47204016583744 create_pretraining_data.py:161] input_ids: 2 4649 3 6845 1972 4 2249 4 10335 1972 2251 3000 19736 3 0 0 0 0 0 0 0 0 0 0 0 0 0 0 0 0 0 0 0 0 0 0 0 0 0 0 0 0 0 0 0 0 0 0 0 0 0 0 0 0 0 0 0 0 0 0 0 0 0 0 0 0 0 0 0 0 0 0 0 0 0 0 0 0 0 0 0 0 0 0 0 0 0 0 0 0 0 0 0 0 0 0 0 0 0 0 0 0 0 0 0 0 0 0 0 0 0 0 0 0 0 0 0 0 0 0 0 0 0 0 0 0 0 0
INFO:tensorflow:input_mask: 1 1 1 1 1 1 1 1 1 1 1 1 1 1 0 0 0 0 0 0 0 0 0 0 0 0 0 0 0 0 0 0 0 0 0 0 0 0 0 0 0 0 0 0 0 0 0 0 0 0 0 0 0 0 0 0 0 0 0 0 0 0 0 0 0 0 0 0 0 0 0 0 0 0 0 0 0 0 0 0 0 0 0 0 0 0 0 0 0 0 0 0 0 0 0 0 0 0 0 0 0 0 0 0 0 0 0 0 0 0 0 0 0 0 0 0 0 0 0 0 0 0 0 0 0 0 0 0
I1103 12:44:22.908532 47204016583744 create_pretraining_data.py:161] input_mask: 1 1 1 1 1 1 1 1 1 1 1 1 1 1 0 0 0 0 0 0 0 0 0 0 0 0 0 0 0 0 0 0 0 0 0 0 0 0 0 0 0 0 0 0 0 0 0 0 0 0 0 0 0 0 0 0 0 0 0 0 0 0 0 0 0 0 0 0 0 0 0 0 0 0 0 0 0 0 0 0 0 0 0 0 0 0 0 0 0 0 0 0 0 0 0 0 0 0 0 0 0 0 0 0 0 0 0 0 0 0 0 0 0 0 0 0 0 0 0 0 0 0 0 0 0 0 0 0
INFO:tensorflow:segment_ids: 0 0 0 1 1 1 1 1 1 1 1 1 1 1 0 0 0 0 0 0 0 0 0 0 0 0 0 0 0 0 0 0 0 0 0 0 0 0 0 0 0 0 0 0 0 0 0 0 0 0 0 0 0 0 0 0 0 0 0 0 0 0 0 0 0 0 0 0 0 0 0 0 0 0 0 0 0 0 0 0 0 0 0 0 0 0 0 0 0 0 0 0 0 0 0 0 0 0 0 0 0 0 0 0 0 0 0 0 0 0 0 0 0 0 0 0 0 0 0 0 0 0 0 0 0 0 0 0
I1103 12:44:22.908697 47204016583744 create_pretraining_data.py:161] segment_ids: 0 0 0 1 1 1 1 1 1 1 1 1 1 1 0 0 0 0 0 0 0 0 0 0 0 0 0 0 0 0 0 0 0 0 0 0 0 0 0 0 0 0 0 0 0 0 0 0 0 0 0 0 0 0 0 0 0 0 0 0 0 0 0 0 0 0 0 0 0 0 0 0 0 0 0 0 0 0 0 0 0 0 0 0 0 0 0 0 0 0 0 0 0 0 0 0 0 0 0 0 0 0 0 0 0 0 0 0 0 0 0 0 0 0 0 0 0 0 0 0 0 0 0 0 0 0 0 0
INFO:tensorflow:masked_lm_positions: 5 7 0 0 0 0 0 0 0 0 0 0 0 0 0 0 0 0 0 0
I1103 12:44:22.908822 47204016583744 create_pretraining_data.py:161] masked_lm_positions: 5 7 0 0 0 0 0 0 0 0 0 0 0 0 0 0 0 0 0 0
INFO:tensorflow:masked_lm_ids: 19074 2139 0 0 0 0 0 0 0 0 0 0 0 0 0 0 0 0 0 0
I1103 12:44:22.908944 47204016583744 create_pretraining_data.py:161] masked_lm_ids: 19074 2139 0 0 0 0 0 0 0 0 0 0 0 0 0 0 0 0 0 0
INFO:tensorflow:masked_lm_weights: 1.0 1.0 0.0 0.0 0.0 0.0 0.0 0.0 0.0 0.0 0.0 0.0 0.0 0.0 0.0 0.0 0.0 0.0 0.0 0.0
I1103 12:44:22.909068 47204016583744 create_pretraining_data.py:161] masked_lm_weights: 1.0 1.0 0.0 0.0 0.0 0.0 0.0 0.0 0.0 0.0 0.0 0.0 0.0 0.0 0.0 0.0 0.0 0.0 0.0 0.0
INFO:tensorflow:next_sentence_labels: 1
I1103 12:44:22.909182 47204016583744 create_pretraining_data.py:161] next_sentence_labels: 1
INFO:tensorflow:*** Example ***
I1103 12:44:22.909668 47204016583744 create_pretraining_data.py:149] *** Example ***
INFO:tensorflow:tokens: [CLS] يار ##ؤ ##ساء [MASK] اشهر ##وا هذا [MASK] [MASK] الاحمر ف وجهه الاتحاد ترب ##عنا بسبب ##هم [MASK] [MASK] القائم ##ه [MASK] كفي واقع الكوره العماني ##ه [SEP] باب قصر الم ##لع ##ون يزيد لعنه [MASK] عليه دخلت قا ##فله السبا ##يا ع [SEP]
I1103 12:44:22.909837 47204016583744 create_pretraining_data.py:151] tokens: [CLS] يار ##ؤ ##ساء [MASK] اشهر ##وا هذا [MASK] [MASK] الاحمر ف وجهه الاتحاد ترب ##عنا بسبب ##هم [MASK] [MASK] القائم ##ه [MASK] كفي واقع الكوره العماني ##ه [SEP] باب قصر الم ##لع ##ون يزيد لعنه [MASK] عليه دخلت قا ##فله السبا ##يا ع [SEP]
INFO:tensorflow:input_ids: 2 6502 1038 3214 4 7100 1928 2085 4 4 11063 408 7962 2816 6697 25023 3179 1949 4 4 10308 1028 4 11537 6422 17542 17858 1028 3 3153 6449 1905 1920 1922 5053 22720 4 2181 8434 12698 10816 28241 1937 405 3 0 0 0 0 0 0 0 0 0 0 0 0 0 0 0 0 0 0 0 0 0 0 0 0 0 0 0 0 0 0 0 0 0 0 0 0 0 0 0 0 0 0 0 0 0 0 0 0 0 0 0 0 0 0 0 0 0 0 0 0 0 0 0 0 0 0 0 0 0 0 0 0 0 0 0 0 0 0 0 0 0 0 0
I1103 12:44:22.910025 47204016583744 create_pretraining_data.py:161] input_ids: 2 6502 1038 3214 4 7100 1928 2085 4 4 11063 408 7962 2816 6697 25023 3179 1949 4 4 10308 1028 4 11537 6422 17542 17858 1028 3 3153 6449 1905 1920 1922 5053 22720 4 2181 8434 12698 10816 28241 1937 405 3 0 0 0 0 0 0 0 0 0 0 0 0 0 0 0 0 0 0 0 0 0 0 0 0 0 0 0 0 0 0 0 0 0 0 0 0 0 0 0 0 0 0 0 0 0 0 0 0 0 0 0 0 0 0 0 0 0 0 0 0 0 0 0 0 0 0 0 0 0 0 0 0 0 0 0 0 0 0 0 0 0 0 0
INFO:tensorflow:input_mask: 1 1 1 1 1 1 1 1 1 1 1 1 1 1 1 1 1 1 1 1 1 1 1 1 1 1 1 1 1 1 1 1 1 1 1 1 1 1 1 1 1 1 1 1 1 0 0 0 0 0 0 0 0 0 0 0 0 0 0 0 0 0 0 0 0 0 0 0 0 0 0 0 0 0 0 0 0 0 0 0 0 0 0 0 0 0 0 0 0 0 0 0 0 0 0 0 0 0 0 0 0 0 0 0 0 0 0 0 0 0 0 0 0 0 0 0 0 0 0 0 0 0 0 0 0 0 0 0
I1103 12:44:22.910194 47204016583744 create_pretraining_data.py:161] input_mask: 1 1 1 1 1 1 1 1 1 1 1 1 1 1 1 1 1 1 1 1 1 1 1 1 1 1 1 1 1 1 1 1 1 1 1 1 1 1 1 1 1 1 1 1 1 0 0 0 0 0 0 0 0 0 0 0 0 0 0 0 0 0 0 0 0 0 0 0 0 0 0 0 0 0 0 0 0 0 0 0 0 0 0 0 0 0 0 0 0 0 0 0 0 0 0 0 0 0 0 0 0 0 0 0 0 0 0 0 0 0 0 0 0 0 0 0 0 0 0 0 0 0 0 0 0 0 0 0
INFO:tensorflow:segment_ids: 0 0 0 0 0 0 0 0 0 0 0 0 0 0 0 0 0 0 0 0 0 0 0 0 0 0 0 0 0 1 1 1 1 1 1 1 1 1 1 1 1 1 1 1 1 0 0 0 0 0 0 0 0 0 0 0 0 0 0 0 0 0 0 0 0 0 0 0 0 0 0 0 0 0 0 0 0 0 0 0 0 0 0 0 0 0 0 0 0 0 0 0 0 0 0 0 0 0 0 0 0 0 0 0 0 0 0 0 0 0 0 0 0 0 0 0 0 0 0 0 0 0 0 0 0 0 0 0
I1103 12:44:22.910365 47204016583744 create_pretraining_data.py:161] segment_ids: 0 0 0 0 0 0 0 0 0 0 0 0 0 0 0 0 0 0 0 0 0 0 0 0 0 0 0 0 0 1 1 1 1 1 1 1 1 1 1 1 1 1 1 1 1 0 0 0 0 0 0 0 0 0 0 0 0 0 0 0 0 0 0 0 0 0 0 0 0 0 0 0 0 0 0 0 0 0 0 0 0 0 0 0 0 0 0 0 0 0 0 0 0 0 0 0 0 0 0 0 0 0 0 0 0 0 0 0 0 0 0 0 0 0 0 0 0 0 0 0 0 0 0 0 0 0 0 0
INFO:tensorflow:masked_lm_positions: 4 8 9 18 19 22 36 0 0 0 0 0 0 0 0 0 0 0 0 0
I1103 12:44:22.910493 47204016583744 create_pretraining_data.py:161] masked_lm_positions: 4 8 9 18 19 22 36 0 0 0 0 0 0 0 0 0 0 0 0 0
INFO:tensorflow:masked_lm_ids: 11064 6668 1005 6470 1010 10403 1953 0 0 0 0 0 0 0 0 0 0 0 0 0
I1103 12:44:22.910616 47204016583744 create_pretraining_data.py:161] masked_lm_ids: 11064 6668 1005 6470 1010 10403 1953 0 0 0 0 0 0 0 0 0 0 0 0 0
INFO:tensorflow:masked_lm_weights: 1.0 1.0 1.0 1.0 1.0 1.0 1.0 0.0 0.0 0.0 0.0 0.0 0.0 0.0 0.0 0.0 0.0 0.0 0.0 0.0
I1103 12:44:22.910741 47204016583744 create_pretraining_data.py:161] masked_lm_weights: 1.0 1.0 1.0 1.0 1.0 1.0 1.0 0.0 0.0 0.0 0.0 0.0 0.0 0.0 0.0 0.0 0.0 0.0 0.0 0.0
INFO:tensorflow:next_sentence_labels: 1
I1103 12:44:22.910856 47204016583744 create_pretraining_data.py:161] next_sentence_labels: 1
INFO:tensorflow:*** Example ***
I1103 12:44:22.911342 47204016583744 create_pretraining_data.py:149] *** Example ***
INFO:tensorflow:tokens: [CLS] كلمات الشاعر في الشاعر [MASK] [MASK] راجح الحارثي [MASK] الجماهيري لرا ##جح الحارثي 5 [SEP] ما الأشياء خلقنا لو حظي لئ ##يم ##م وال ##لقي لو طال بنت ##ظر جيت ##هه الامل باقي دام ##م [MASK] كريم لو م التقي ##نا نلتقي في جن ##ته [SEP]
I1103 12:44:22.911501 47204016583744 create_pretraining_data.py:151] tokens: [CLS] كلمات الشاعر في الشاعر [MASK] [MASK] راجح الحارثي [MASK] الجماهيري لرا ##جح الحارثي 5 [SEP] ما الأشياء خلقنا لو حظي لئ ##يم ##م وال ##لقي لو طال بنت ##ظر جيت ##هه الامل باقي دام ##م [MASK] كريم لو م التقي ##نا نلتقي في جن ##ته [SEP]
INFO:tensorflow:input_ids: 2 5000 5065 1912 5065 4 4 10021 13859 4 24341 26234 6560 13859 25 3 1972 11370 22948 2244 14900 21771 2019 1015 1918 6192 2244 4206 3597 2236 8174 2601 6535 5421 5414 1015 4 5874 2244 412 18873 1914 21050 1912 2673 2076 3 0 0 0 0 0 0 0 0 0 0 0 0 0 0 0 0 0 0 0 0 0 0 0 0 0 0 0 0 0 0 0 0 0 0 0 0 0 0 0 0 0 0 0 0 0 0 0 0 0 0 0 0 0 0 0 0 0 0 0 0 0 0 0 0 0 0 0 0 0 0 0 0 0 0 0 0 0 0 0 0 0
I1103 12:44:22.911697 47204016583744 create_pretraining_data.py:161] input_ids: 2 5000 5065 1912 5065 4 4 10021 13859 4 24341 26234 6560 13859 25 3 1972 11370 22948 2244 14900 21771 2019 1015 1918 6192 2244 4206 3597 2236 8174 2601 6535 5421 5414 1015 4 5874 2244 412 18873 1914 21050 1912 2673 2076 3 0 0 0 0 0 0 0 0 0 0 0 0 0 0 0 0 0 0 0 0 0 0 0 0 0 0 0 0 0 0 0 0 0 0 0 0 0 0 0 0 0 0 0 0 0 0 0 0 0 0 0 0 0 0 0 0 0 0 0 0 0 0 0 0 0 0 0 0 0 0 0 0 0 0 0 0 0 0 0 0 0
INFO:tensorflow:input_mask: 1 1 1 1 1 1 1 1 1 1 1 1 1 1 1 1 1 1 1 1 1 1 1 1 1 1 1 1 1 1 1 1 1 1 1 1 1 1 1 1 1 1 1 1 1 1 1 0 0 0 0 0 0 0 0 0 0 0 0 0 0 0 0 0 0 0 0 0 0 0 0 0 0 0 0 0 0 0 0 0 0 0 0 0 0 0 0 0 0 0 0 0 0 0 0 0 0 0 0 0 0 0 0 0 0 0 0 0 0 0 0 0 0 0 0 0 0 0 0 0 0 0 0 0 0 0 0 0
I1103 12:44:22.911867 47204016583744 create_pretraining_data.py:161] input_mask: 1 1 1 1 1 1 1 1 1 1 1 1 1 1 1 1 1 1 1 1 1 1 1 1 1 1 1 1 1 1 1 1 1 1 1 1 1 1 1 1 1 1 1 1 1 1 1 0 0 0 0 0 0 0 0 0 0 0 0 0 0 0 0 0 0 0 0 0 0 0 0 0 0 0 0 0 0 0 0 0 0 0 0 0 0 0 0 0 0 0 0 0 0 0 0 0 0 0 0 0 0 0 0 0 0 0 0 0 0 0 0 0 0 0 0 0 0 0 0 0 0 0 0 0 0 0 0 0
INFO:tensorflow:segment_ids: 0 0 0 0 0 0 0 0 0 0 0 0 0 0 0 0 1 1 1 1 1 1 1 1 1 1 1 1 1 1 1 1 1 1 1 1 1 1 1 1 1 1 1 1 1 1 1 0 0 0 0 0 0 0 0 0 0 0 0 0 0 0 0 0 0 0 0 0 0 0 0 0 0 0 0 0 0 0 0 0 0 0 0 0 0 0 0 0 0 0 0 0 0 0 0 0 0 0 0 0 0 0 0 0 0 0 0 0 0 0 0 0 0 0 0 0 0 0 0 0 0 0 0 0 0 0 0 0
I1103 12:44:22.912030 47204016583744 create_pretraining_data.py:161] segment_ids: 0 0 0 0 0 0 0 0 0 0 0 0 0 0 0 0 1 1 1 1 1 1 1 1 1 1 1 1 1 1 1 1 1 1 1 1 1 1 1 1 1 1 1 1 1 1 1 0 0 0 0 0 0 0 0 0 0 0 0 0 0 0 0 0 0 0 0 0 0 0 0 0 0 0 0 0 0 0 0 0 0 0 0 0 0 0 0 0 0 0 0 0 0 0 0 0 0 0 0 0 0 0 0 0 0 0 0 0 0 0 0 0 0 0 0 0 0 0 0 0 0 0 0 0 0 0 0 0
INFO:tensorflow:masked_lm_positions: 5 6 9 16 17 18 36 0 0 0 0 0 0 0 0 0 0 0 0 0
I1103 12:44:22.912156 47204016583744 create_pretraining_data.py:161] masked_lm_positions: 5 6 9 16 17 18 36 0 0 0 0 0 0 0 0 0 0 0 0 0
INFO:tensorflow:masked_lm_ids: 3006 2629 16160 1972 7194 3088 2949 0 0 0 0 0 0 0 0 0 0 0 0 0
I1103 12:44:22.912279 47204016583744 create_pretraining_data.py:161] masked_lm_ids: 3006 2629 16160 1972 7194 3088 2949 0 0 0 0 0 0 0 0 0 0 0 0 0
INFO:tensorflow:masked_lm_weights: 1.0 1.0 1.0 1.0 1.0 1.0 1.0 0.0 0.0 0.0 0.0 0.0 0.0 0.0 0.0 0.0 0.0 0.0 0.0 0.0
I1103 12:44:22.912411 47204016583744 create_pretraining_data.py:161] masked_lm_weights: 1.0 1.0 1.0 1.0 1.0 1.0 1.0 0.0 0.0 0.0 0.0 0.0 0.0 0.0 0.0 0.0 0.0 0.0 0.0 0.0
INFO:tensorflow:next_sentence_labels: 1
I1103 12:44:22.912526 47204016583744 create_pretraining_data.py:161] next_sentence_labels: 1
INFO:tensorflow:*** Example ***
I1103 12:44:22.913006 47204016583744 create_pretraining_data.py:149] *** Example ***
INFO:tensorflow:tokens: [CLS] احص ##ائيه بين السهلاوي [MASK] [MASK] [MASK] [MASK] كل الاماني للعالم ##ي بالتوفيق [SEP] حبيبي حين انط ##ق احبك بل اعني بحبك [SEP]
I1103 12:44:22.913154 47204016583744 create_pretraining_data.py:151] tokens: [CLS] احص ##ائيه بين السهلاوي [MASK] [MASK] [MASK] [MASK] كل الاماني للعالم ##ي بالتوفيق [SEP] حبيبي حين انط ##ق احبك بل اعني بحبك [SEP]
INFO:tensorflow:input_ids: 2 17331 6474 2117 11614 4 4 4 4 2038 15301 11723 1013 6515 3 6485 2823 13066 1011 4486 2683 25176 12720 3 0 0 0 0 0 0 0 0 0 0 0 0 0 0 0 0 0 0 0 0 0 0 0 0 0 0 0 0 0 0 0 0 0 0 0 0 0 0 0 0 0 0 0 0 0 0 0 0 0 0 0 0 0 0 0 0 0 0 0 0 0 0 0 0 0 0 0 0 0 0 0 0 0 0 0 0 0 0 0 0 0 0 0 0 0 0 0 0 0 0 0 0 0 0 0 0 0 0 0 0 0 0 0 0
I1103 12:44:22.913349 47204016583744 create_pretraining_data.py:161] input_ids: 2 17331 6474 2117 11614 4 4 4 4 2038 15301 11723 1013 6515 3 6485 2823 13066 1011 4486 2683 25176 12720 3 0 0 0 0 0 0 0 0 0 0 0 0 0 0 0 0 0 0 0 0 0 0 0 0 0 0 0 0 0 0 0 0 0 0 0 0 0 0 0 0 0 0 0 0 0 0 0 0 0 0 0 0 0 0 0 0 0 0 0 0 0 0 0 0 0 0 0 0 0 0 0 0 0 0 0 0 0 0 0 0 0 0 0 0 0 0 0 0 0 0 0 0 0 0 0 0 0 0 0 0 0 0 0 0
INFO:tensorflow:input_mask: 1 1 1 1 1 1 1 1 1 1 1 1 1 1 1 1 1 1 1 1 1 1 1 1 0 0 0 0 0 0 0 0 0 0 0 0 0 0 0 0 0 0 0 0 0 0 0 0 0 0 0 0 0 0 0 0 0 0 0 0 0 0 0 0 0 0 0 0 0 0 0 0 0 0 0 0 0 0 0 0 0 0 0 0 0 0 0 0 0 0 0 0 0 0 0 0 0 0 0 0 0 0 0 0 0 0 0 0 0 0 0 0 0 0 0 0 0 0 0 0 0 0 0 0 0 0 0 0
I1103 12:44:22.913522 47204016583744 create_pretraining_data.py:161] input_mask: 1 1 1 1 1 1 1 1 1 1 1 1 1 1 1 1 1 1 1 1 1 1 1 1 0 0 0 0 0 0 0 0 0 0 0 0 0 0 0 0 0 0 0 0 0 0 0 0 0 0 0 0 0 0 0 0 0 0 0 0 0 0 0 0 0 0 0 0 0 0 0 0 0 0 0 0 0 0 0 0 0 0 0 0 0 0 0 0 0 0 0 0 0 0 0 0 0 0 0 0 0 0 0 0 0 0 0 0 0 0 0 0 0 0 0 0 0 0 0 0 0 0 0 0 0 0 0 0
INFO:tensorflow:segment_ids: 0 0 0 0 0 0 0 0 0 0 0 0 0 0 0 1 1 1 1 1 1 1 1 1 0 0 0 0 0 0 0 0 0 0 0 0 0 0 0 0 0 0 0 0 0 0 0 0 0 0 0 0 0 0 0 0 0 0 0 0 0 0 0 0 0 0 0 0 0 0 0 0 0 0 0 0 0 0 0 0 0 0 0 0 0 0 0 0 0 0 0 0 0 0 0 0 0 0 0 0 0 0 0 0 0 0 0 0 0 0 0 0 0 0 0 0 0 0 0 0 0 0 0 0 0 0 0 0
I1103 12:44:22.913685 47204016583744 create_pretraining_data.py:161] segment_ids: 0 0 0 0 0 0 0 0 0 0 0 0 0 0 0 1 1 1 1 1 1 1 1 1 0 0 0 0 0 0 0 0 0 0 0 0 0 0 0 0 0 0 0 0 0 0 0 0 0 0 0 0 0 0 0 0 0 0 0 0 0 0 0 0 0 0 0 0 0 0 0 0 0 0 0 0 0 0 0 0 0 0 0 0 0 0 0 0 0 0 0 0 0 0 0 0 0 0 0 0 0 0 0 0 0 0 0 0 0 0 0 0 0 0 0 0 0 0 0 0 0 0 0 0 0 0 0 0
INFO:tensorflow:masked_lm_positions: 5 6 7 8 0 0 0 0 0 0 0 0 0 0 0 0 0 0 0 0
I1103 12:44:22.913810 47204016583744 create_pretraining_data.py:161] masked_lm_positions: 5 6 7 8 0 0 0 0 0 0 0 0 0 0 0 0 0 0 0 0
INFO:tensorflow:masked_lm_ids: 1972 26029 1013 1012 0 0 0 0 0 0 0 0 0 0 0 0 0 0 0 0
I1103 12:44:22.913932 47204016583744 create_pretraining_data.py:161] masked_lm_ids: 1972 26029 1013 1012 0 0 0 0 0 0 0 0 0 0 0 0 0 0 0 0
INFO:tensorflow:masked_lm_weights: 1.0 1.0 1.0 1.0 0.0 0.0 0.0 0.0 0.0 0.0 0.0 0.0 0.0 0.0 0.0 0.0 0.0 0.0 0.0 0.0
I1103 12:44:22.914057 47204016583744 create_pretraining_data.py:161] masked_lm_weights: 1.0 1.0 1.0 1.0 0.0 0.0 0.0 0.0 0.0 0.0 0.0 0.0 0.0 0.0 0.0 0.0 0.0 0.0 0.0 0.0
INFO:tensorflow:next_sentence_labels: 1
I1103 12:44:22.914172 47204016583744 create_pretraining_data.py:161] next_sentence_labels: 1
INFO:tensorflow:*** Example ***
I1103 12:44:22.914654 47204016583744 create_pretraining_data.py:149] *** Example ***
INFO:tensorflow:tokens: [CLS] استغفر الله العظيم و اتوب الي [SEP] تصبحون [MASK] احلام جميله [SEP]
I1103 12:44:22.914799 47204016583744 create_pretraining_data.py:151] tokens: [CLS] استغفر الله العظيم و اتوب الي [SEP] تصبحون [MASK] احلام جميله [SEP]
INFO:tensorflow:input_ids: 2 2870 1953 3049 415 12004 2002 3 12537 4 7804 5334 3 0 0 0 0 0 0 0 0 0 0 0 0 0 0 0 0 0 0 0 0 0 0 0 0 0 0 0 0 0 0 0 0 0 0 0 0 0 0 0 0 0 0 0 0 0 0 0 0 0 0 0 0 0 0 0 0 0 0 0 0 0 0 0 0 0 0 0 0 0 0 0 0 0 0 0 0 0 0 0 0 0 0 0 0 0 0 0 0 0 0 0 0 0 0 0 0 0 0 0 0 0 0 0 0 0 0 0 0 0 0 0 0 0 0 0
I1103 12:44:22.914971 47204016583744 create_pretraining_data.py:161] input_ids: 2 2870 1953 3049 415 12004 2002 3 12537 4 7804 5334 3 0 0 0 0 0 0 0 0 0 0 0 0 0 0 0 0 0 0 0 0 0 0 0 0 0 0 0 0 0 0 0 0 0 0 0 0 0 0 0 0 0 0 0 0 0 0 0 0 0 0 0 0 0 0 0 0 0 0 0 0 0 0 0 0 0 0 0 0 0 0 0 0 0 0 0 0 0 0 0 0 0 0 0 0 0 0 0 0 0 0 0 0 0 0 0 0 0 0 0 0 0 0 0 0 0 0 0 0 0 0 0 0 0 0 0
INFO:tensorflow:input_mask: 1 1 1 1 1 1 1 1 1 1 1 1 1 0 0 0 0 0 0 0 0 0 0 0 0 0 0 0 0 0 0 0 0 0 0 0 0 0 0 0 0 0 0 0 0 0 0 0 0 0 0 0 0 0 0 0 0 0 0 0 0 0 0 0 0 0 0 0 0 0 0 0 0 0 0 0 0 0 0 0 0 0 0 0 0 0 0 0 0 0 0 0 0 0 0 0 0 0 0 0 0 0 0 0 0 0 0 0 0 0 0 0 0 0 0 0 0 0 0 0 0 0 0 0 0 0 0 0
I1103 12:44:22.915153 47204016583744 create_pretraining_data.py:161] input_mask: 1 1 1 1 1 1 1 1 1 1 1 1 1 0 0 0 0 0 0 0 0 0 0 0 0 0 0 0 0 0 0 0 0 0 0 0 0 0 0 0 0 0 0 0 0 0 0 0 0 0 0 0 0 0 0 0 0 0 0 0 0 0 0 0 0 0 0 0 0 0 0 0 0 0 0 0 0 0 0 0 0 0 0 0 0 0 0 0 0 0 0 0 0 0 0 0 0 0 0 0 0 0 0 0 0 0 0 0 0 0 0 0 0 0 0 0 0 0 0 0 0 0 0 0 0 0 0 0
INFO:tensorflow:segment_ids: 0 0 0 0 0 0 0 0 1 1 1 1 1 0 0 0 0 0 0 0 0 0 0 0 0 0 0 0 0 0 0 0 0 0 0 0 0 0 0 0 0 0 0 0 0 0 0 0 0 0 0 0 0 0 0 0 0 0 0 0 0 0 0 0 0 0 0 0 0 0 0 0 0 0 0 0 0 0 0 0 0 0 0 0 0 0 0 0 0 0 0 0 0 0 0 0 0 0 0 0 0 0 0 0 0 0 0 0 0 0 0 0 0 0 0 0 0 0 0 0 0 0 0 0 0 0 0 0
I1103 12:44:22.915329 47204016583744 create_pretraining_data.py:161] segment_ids: 0 0 0 0 0 0 0 0 1 1 1 1 1 0 0 0 0 0 0 0 0 0 0 0 0 0 0 0 0 0 0 0 0 0 0 0 0 0 0 0 0 0 0 0 0 0 0 0 0 0 0 0 0 0 0 0 0 0 0 0 0 0 0 0 0 0 0 0 0 0 0 0 0 0 0 0 0 0 0 0 0 0 0 0 0 0 0 0 0 0 0 0 0 0 0 0 0 0 0 0 0 0 0 0 0 0 0 0 0 0 0 0 0 0 0 0 0 0 0 0 0 0 0 0 0 0 0 0
INFO:tensorflow:masked_lm_positions: 2 9 0 0 0 0 0 0 0 0 0 0 0 0 0 0 0 0 0 0
I1103 12:44:22.915460 47204016583744 create_pretraining_data.py:161] masked_lm_positions: 2 9 0 0 0 0 0 0 0 0 0 0 0 0 0 0 0 0 0 0
INFO:tensorflow:masked_lm_ids: 1953 1958 0 0 0 0 0 0 0 0 0 0 0 0 0 0 0 0 0 0
I1103 12:44:22.915584 47204016583744 create_pretraining_data.py:161] masked_lm_ids: 1953 1958 0 0 0 0 0 0 0 0 0 0 0 0 0 0 0 0 0 0
INFO:tensorflow:masked_lm_weights: 1.0 1.0 0.0 0.0 0.0 0.0 0.0 0.0 0.0 0.0 0.0 0.0 0.0 0.0 0.0 0.0 0.0 0.0 0.0 0.0
I1103 12:44:22.915709 47204016583744 create_pretraining_data.py:161] masked_lm_weights: 1.0 1.0 0.0 0.0 0.0 0.0 0.0 0.0 0.0 0.0 0.0 0.0 0.0 0.0 0.0 0.0 0.0 0.0 0.0 0.0
INFO:tensorflow:next_sentence_labels: 1
I1103 12:44:22.915823 47204016583744 create_pretraining_data.py:161] next_sentence_labels: 1
INFO:tensorflow:*** Example ***
I1103 12:44:22.916320 47204016583744 create_pretraining_data.py:149] *** Example ***
INFO:tensorflow:tokens: [CLS] [MASK] يحدث من اختراق ##ات لبعض الجماهير للم ##لاعب [MASK] الاعتداء علي احد اللاعبين او شج ##ار بين اللاعبين انفسهم هل تكون مهمه ##حيي الامن ام طاقم الحكام [SEP] [MASK] [MASK] لمن وجد في صحيف ##ته استغفار ##ا كثيرا استغفر الله استغفر الله [MASK] [MASK] [SEP]
I1103 12:44:22.916482 47204016583744 create_pretraining_data.py:151] tokens: [CLS] [MASK] يحدث من اختراق ##ات لبعض الجماهير للم ##لاعب [MASK] الاعتداء علي احد اللاعبين او شج ##ار بين اللاعبين انفسهم هل تكون مهمه ##حيي الامن ام طاقم الحكام [SEP] [MASK] [MASK] لمن وجد في صحيف ##ته استغفار ##ا كثيرا استغفر الله استغفر الله [MASK] [MASK] [SEP]
INFO:tensorflow:input_ids: 2 4 5179 1908 14055 1904 7522 8328 2189 9535 4 9115 1958 2439 5982 2213 8211 1909 2117 5982 12609 2827 2652 12916 10929 4334 2112 17333 13448 3 4 4 3043 5446 1912 25397 2076 10732 1007 3810 2870 1953 2870 1953 4 4 3 0 0 0 0 0 0 0 0 0 0 0 0 0 0 0 0 0 0 0 0 0 0 0 0 0 0 0 0 0 0 0 0 0 0 0 0 0 0 0 0 0 0 0 0 0 0 0 0 0 0 0 0 0 0 0 0 0 0 0 0 0 0 0 0 0 0 0 0 0 0 0 0 0 0 0 0 0 0 0 0 0
I1103 12:44:22.916664 47204016583744 create_pretraining_data.py:161] input_ids: 2 4 5179 1908 14055 1904 7522 8328 2189 9535 4 9115 1958 2439 5982 2213 8211 1909 2117 5982 12609 2827 2652 12916 10929 4334 2112 17333 13448 3 4 4 3043 5446 1912 25397 2076 10732 1007 3810 2870 1953 2870 1953 4 4 3 0 0 0 0 0 0 0 0 0 0 0 0 0 0 0 0 0 0 0 0 0 0 0 0 0 0 0 0 0 0 0 0 0 0 0 0 0 0 0 0 0 0 0 0 0 0 0 0 0 0 0 0 0 0 0 0 0 0 0 0 0 0 0 0 0 0 0 0 0 0 0 0 0 0 0 0 0 0 0 0 0
INFO:tensorflow:input_mask: 1 1 1 1 1 1 1 1 1 1 1 1 1 1 1 1 1 1 1 1 1 1 1 1 1 1 1 1 1 1 1 1 1 1 1 1 1 1 1 1 1 1 1 1 1 1 1 0 0 0 0 0 0 0 0 0 0 0 0 0 0 0 0 0 0 0 0 0 0 0 0 0 0 0 0 0 0 0 0 0 0 0 0 0 0 0 0 0 0 0 0 0 0 0 0 0 0 0 0 0 0 0 0 0 0 0 0 0 0 0 0 0 0 0 0 0 0 0 0 0 0 0 0 0 0 0 0 0
I1103 12:44:22.916834 47204016583744 create_pretraining_data.py:161] input_mask: 1 1 1 1 1 1 1 1 1 1 1 1 1 1 1 1 1 1 1 1 1 1 1 1 1 1 1 1 1 1 1 1 1 1 1 1 1 1 1 1 1 1 1 1 1 1 1 0 0 0 0 0 0 0 0 0 0 0 0 0 0 0 0 0 0 0 0 0 0 0 0 0 0 0 0 0 0 0 0 0 0 0 0 0 0 0 0 0 0 0 0 0 0 0 0 0 0 0 0 0 0 0 0 0 0 0 0 0 0 0 0 0 0 0 0 0 0 0 0 0 0 0 0 0 0 0 0 0
INFO:tensorflow:segment_ids: 0 0 0 0 0 0 0 0 0 0 0 0 0 0 0 0 0 0 0 0 0 0 0 0 0 0 0 0 0 0 1 1 1 1 1 1 1 1 1 1 1 1 1 1 1 1 1 0 0 0 0 0 0 0 0 0 0 0 0 0 0 0 0 0 0 0 0 0 0 0 0 0 0 0 0 0 0 0 0 0 0 0 0 0 0 0 0 0 0 0 0 0 0 0 0 0 0 0 0 0 0 0 0 0 0 0 0 0 0 0 0 0 0 0 0 0 0 0 0 0 0 0 0 0 0 0 0 0
I1103 12:44:22.917023 47204016583744 create_pretraining_data.py:161] segment_ids: 0 0 0 0 0 0 0 0 0 0 0 0 0 0 0 0 0 0 0 0 0 0 0 0 0 0 0 0 0 0 1 1 1 1 1 1 1 1 1 1 1 1 1 1 1 1 1 0 0 0 0 0 0 0 0 0 0 0 0 0 0 0 0 0 0 0 0 0 0 0 0 0 0 0 0 0 0 0 0 0 0 0 0 0 0 0 0 0 0 0 0 0 0 0 0 0 0 0 0 0 0 0 0 0 0 0 0 0 0 0 0 0 0 0 0 0 0 0 0 0 0 0 0 0 0 0 0 0
INFO:tensorflow:masked_lm_positions: 1 10 24 30 31 44 45 0 0 0 0 0 0 0 0 0 0 0 0 0
I1103 12:44:22.917145 47204016583744 create_pretraining_data.py:161] masked_lm_positions: 1 10 24 30 31 44 45 0 0 0 0 0 0 0 0 0 0 0 0 0
INFO:tensorflow:masked_lm_ids: 1972 2213 4077 403 3015 2870 1953 0 0 0 0 0 0 0 0 0 0 0 0 0
I1103 12:44:22.917263 47204016583744 create_pretraining_data.py:161] masked_lm_ids: 1972 2213 4077 403 3015 2870 1953 0 0 0 0 0 0 0 0 0 0 0 0 0
INFO:tensorflow:masked_lm_weights: 1.0 1.0 1.0 1.0 1.0 1.0 1.0 0.0 0.0 0.0 0.0 0.0 0.0 0.0 0.0 0.0 0.0 0.0 0.0 0.0
I1103 12:44:22.917391 47204016583744 create_pretraining_data.py:161] masked_lm_weights: 1.0 1.0 1.0 1.0 1.0 1.0 1.0 0.0 0.0 0.0 0.0 0.0 0.0 0.0 0.0 0.0 0.0 0.0 0.0 0.0
INFO:tensorflow:next_sentence_labels: 1
I1103 12:44:22.917502 47204016583744 create_pretraining_data.py:161] next_sentence_labels: 1
INFO:tensorflow:*** Example ***
I1103 12:44:22.917975 47204016583744 create_pretraining_data.py:149] *** Example ***
INFO:tensorflow:tokens: [CLS] هيا اللغه التي انزل بيها القران الكريم وهي ##ا ##صالحة المصطفي [MASK] السلام [MASK] اليوم [MASK] للغه العربيه [SEP] اذا ضاق عليك امر فت ##صدق وات ##ق الله [MASK] ##ا من اعطي و اتق ##ي النتيجه فس ##نيس ##ره للي ##سر ##ي [SEP]
I1103 12:44:22.918126 47204016583744 create_pretraining_data.py:151] tokens: [CLS] هيا اللغه التي انزل بيها القران الكريم وهي ##ا ##صالحة المصطفي [MASK] السلام [MASK] اليوم [MASK] للغه العربيه [SEP] اذا ضاق عليك امر فت ##صدق وات ##ق الله [MASK] ##ا من اعطي و اتق ##ي النتيجه فس ##نيس ##ره للي ##سر ##ي [SEP]
INFO:tensorflow:input_ids: 2 10259 12599 2061 11392 16200 3963 3340 2843 1007 20541 28353 4 2795 4 2217 4 20661 4251 3 2387 13209 2898 3693 2572 4972 2655 1011 1953 4 1007 1908 15367 415 24991 1013 16349 5739 28538 2197 4492 2734 1013 3 0 0 0 0 0 0 0 0 0 0 0 0 0 0 0 0 0 0 0 0 0 0 0 0 0 0 0 0 0 0 0 0 0 0 0 0 0 0 0 0 0 0 0 0 0 0 0 0 0 0 0 0 0 0 0 0 0 0 0 0 0 0 0 0 0 0 0 0 0 0 0 0 0 0 0 0 0 0 0 0 0 0 0 0
I1103 12:44:22.918307 47204016583744 create_pretraining_data.py:161] input_ids: 2 10259 12599 2061 11392 16200 3963 3340 2843 1007 20541 28353 4 2795 4 2217 4 20661 4251 3 2387 13209 2898 3693 2572 4972 2655 1011 1953 4 1007 1908 15367 415 24991 1013 16349 5739 28538 2197 4492 2734 1013 3 0 0 0 0 0 0 0 0 0 0 0 0 0 0 0 0 0 0 0 0 0 0 0 0 0 0 0 0 0 0 0 0 0 0 0 0 0 0 0 0 0 0 0 0 0 0 0 0 0 0 0 0 0 0 0 0 0 0 0 0 0 0 0 0 0 0 0 0 0 0 0 0 0 0 0 0 0 0 0 0 0 0 0 0
INFO:tensorflow:input_mask: 1 1 1 1 1 1 1 1 1 1 1 1 1 1 1 1 1 1 1 1 1 1 1 1 1 1 1 1 1 1 1 1 1 1 1 1 1 1 1 1 1 1 1 1 0 0 0 0 0 0 0 0 0 0 0 0 0 0 0 0 0 0 0 0 0 0 0 0 0 0 0 0 0 0 0 0 0 0 0 0 0 0 0 0 0 0 0 0 0 0 0 0 0 0 0 0 0 0 0 0 0 0 0 0 0 0 0 0 0 0 0 0 0 0 0 0 0 0 0 0 0 0 0 0 0 0 0 0
I1103 12:44:22.918473 47204016583744 create_pretraining_data.py:161] input_mask: 1 1 1 1 1 1 1 1 1 1 1 1 1 1 1 1 1 1 1 1 1 1 1 1 1 1 1 1 1 1 1 1 1 1 1 1 1 1 1 1 1 1 1 1 0 0 0 0 0 0 0 0 0 0 0 0 0 0 0 0 0 0 0 0 0 0 0 0 0 0 0 0 0 0 0 0 0 0 0 0 0 0 0 0 0 0 0 0 0 0 0 0 0 0 0 0 0 0 0 0 0 0 0 0 0 0 0 0 0 0 0 0 0 0 0 0 0 0 0 0 0 0 0 0 0 0 0 0
INFO:tensorflow:segment_ids: 0 0 0 0 0 0 0 0 0 0 0 0 0 0 0 0 0 0 0 0 1 1 1 1 1 1 1 1 1 1 1 1 1 1 1 1 1 1 1 1 1 1 1 1 0 0 0 0 0 0 0 0 0 0 0 0 0 0 0 0 0 0 0 0 0 0 0 0 0 0 0 0 0 0 0 0 0 0 0 0 0 0 0 0 0 0 0 0 0 0 0 0 0 0 0 0 0 0 0 0 0 0 0 0 0 0 0 0 0 0 0 0 0 0 0 0 0 0 0 0 0 0 0 0 0 0 0 0
I1103 12:44:22.918648 47204016583744 create_pretraining_data.py:161] segment_ids: 0 0 0 0 0 0 0 0 0 0 0 0 0 0 0 0 0 0 0 0 1 1 1 1 1 1 1 1 1 1 1 1 1 1 1 1 1 1 1 1 1 1 1 1 0 0 0 0 0 0 0 0 0 0 0 0 0 0 0 0 0 0 0 0 0 0 0 0 0 0 0 0 0 0 0 0 0 0 0 0 0 0 0 0 0 0 0 0 0 0 0 0 0 0 0 0 0 0 0 0 0 0 0 0 0 0 0 0 0 0 0 0 0 0 0 0 0 0 0 0 0 0 0 0 0 0 0 0
INFO:tensorflow:masked_lm_positions: 10 12 14 16 20 29 30 0 0 0 0 0 0 0 0 0 0 0 0 0
I1103 12:44:22.918771 47204016583744 create_pretraining_data.py:161] masked_lm_positions: 10 12 14 16 20 29 30 0 0 0 0 0 0 0 0 0 0 0 0 0
INFO:tensorflow:masked_lm_ids: 9645 2181 20234 3611 2387 29643 1007 0 0 0 0 0 0 0 0 0 0 0 0 0
I1103 12:44:22.918890 47204016583744 create_pretraining_data.py:161] masked_lm_ids: 9645 2181 20234 3611 2387 29643 1007 0 0 0 0 0 0 0 0 0 0 0 0 0
INFO:tensorflow:masked_lm_weights: 1.0 1.0 1.0 1.0 1.0 1.0 1.0 0.0 0.0 0.0 0.0 0.0 0.0 0.0 0.0 0.0 0.0 0.0 0.0 0.0
I1103 12:44:22.919012 47204016583744 create_pretraining_data.py:161] masked_lm_weights: 1.0 1.0 1.0 1.0 1.0 1.0 1.0 0.0 0.0 0.0 0.0 0.0 0.0 0.0 0.0 0.0 0.0 0.0 0.0 0.0
INFO:tensorflow:next_sentence_labels: 1
I1103 12:44:22.919122 47204016583744 create_pretraining_data.py:161] next_sentence_labels: 1
INFO:tensorflow:*** Example ***
I1103 12:44:22.919589 47204016583744 create_pretraining_data.py:149] *** Example ***
INFO:tensorflow:tokens: [CLS] اجمل احساس [SEP] ان [MASK] وملائكته يصلون علي النبي يا ايها الذين امنوا صلوا عليه وسلموا تسليما [SEP]
I1103 12:44:22.919731 47204016583744 create_pretraining_data.py:151] tokens: [CLS] اجمل احساس [SEP] ان [MASK] وملائكته يصلون علي النبي يا ايها الذين امنوا صلوا عليه وسلموا تسليما [SEP]
INFO:tensorflow:input_ids: 2 3244 6432 3 1939 4 8791 8129 1958 3138 2104 5818 2677 7856 6220 2181 8332 8075 3 0 0 0 0 0 0 0 0 0 0 0 0 0 0 0 0 0 0 0 0 0 0 0 0 0 0 0 0 0 0 0 0 0 0 0 0 0 0 0 0 0 0 0 0 0 0 0 0 0 0 0 0 0 0 0 0 0 0 0 0 0 0 0 0 0 0 0 0 0 0 0 0 0 0 0 0 0 0 0 0 0 0 0 0 0 0 0 0 0 0 0 0 0 0 0 0 0 0 0 0 0 0 0 0 0 0 0 0 0
I1103 12:44:22.919900 47204016583744 create_pretraining_data.py:161] input_ids: 2 3244 6432 3 1939 4 8791 8129 1958 3138 2104 5818 2677 7856 6220 2181 8332 8075 3 0 0 0 0 0 0 0 0 0 0 0 0 0 0 0 0 0 0 0 0 0 0 0 0 0 0 0 0 0 0 0 0 0 0 0 0 0 0 0 0 0 0 0 0 0 0 0 0 0 0 0 0 0 0 0 0 0 0 0 0 0 0 0 0 0 0 0 0 0 0 0 0 0 0 0 0 0 0 0 0 0 0 0 0 0 0 0 0 0 0 0 0 0 0 0 0 0 0 0 0 0 0 0 0 0 0 0 0 0
INFO:tensorflow:input_mask: 1 1 1 1 1 1 1 1 1 1 1 1 1 1 1 1 1 1 1 0 0 0 0 0 0 0 0 0 0 0 0 0 0 0 0 0 0 0 0 0 0 0 0 0 0 0 0 0 0 0 0 0 0 0 0 0 0 0 0 0 0 0 0 0 0 0 0 0 0 0 0 0 0 0 0 0 0 0 0 0 0 0 0 0 0 0 0 0 0 0 0 0 0 0 0 0 0 0 0 0 0 0 0 0 0 0 0 0 0 0 0 0 0 0 0 0 0 0 0 0 0 0 0 0 0 0 0 0
I1103 12:44:22.920063 47204016583744 create_pretraining_data.py:161] input_mask: 1 1 1 1 1 1 1 1 1 1 1 1 1 1 1 1 1 1 1 0 0 0 0 0 0 0 0 0 0 0 0 0 0 0 0 0 0 0 0 0 0 0 0 0 0 0 0 0 0 0 0 0 0 0 0 0 0 0 0 0 0 0 0 0 0 0 0 0 0 0 0 0 0 0 0 0 0 0 0 0 0 0 0 0 0 0 0 0 0 0 0 0 0 0 0 0 0 0 0 0 0 0 0 0 0 0 0 0 0 0 0 0 0 0 0 0 0 0 0 0 0 0 0 0 0 0 0 0
INFO:tensorflow:segment_ids: 0 0 0 0 1 1 1 1 1 1 1 1 1 1 1 1 1 1 1 0 0 0 0 0 0 0 0 0 0 0 0 0 0 0 0 0 0 0 0 0 0 0 0 0 0 0 0 0 0 0 0 0 0 0 0 0 0 0 0 0 0 0 0 0 0 0 0 0 0 0 0 0 0 0 0 0 0 0 0 0 0 0 0 0 0 0 0 0 0 0 0 0 0 0 0 0 0 0 0 0 0 0 0 0 0 0 0 0 0 0 0 0 0 0 0 0 0 0 0 0 0 0 0 0 0 0 0 0
I1103 12:44:22.920220 47204016583744 create_pretraining_data.py:161] segment_ids: 0 0 0 0 1 1 1 1 1 1 1 1 1 1 1 1 1 1 1 0 0 0 0 0 0 0 0 0 0 0 0 0 0 0 0 0 0 0 0 0 0 0 0 0 0 0 0 0 0 0 0 0 0 0 0 0 0 0 0 0 0 0 0 0 0 0 0 0 0 0 0 0 0 0 0 0 0 0 0 0 0 0 0 0 0 0 0 0 0 0 0 0 0 0 0 0 0 0 0 0 0 0 0 0 0 0 0 0 0 0 0 0 0 0 0 0 0 0 0 0 0 0 0 0 0 0 0 0
INFO:tensorflow:masked_lm_positions: 5 12 14 0 0 0 0 0 0 0 0 0 0 0 0 0 0 0 0 0
I1103 12:44:22.920363 47204016583744 create_pretraining_data.py:161] masked_lm_positions: 5 12 14 0 0 0 0 0 0 0 0 0 0 0 0 0 0 0 0 0
INFO:tensorflow:masked_lm_ids: 1953 2677 6220 0 0 0 0 0 0 0 0 0 0 0 0 0 0 0 0 0
I1103 12:44:22.920487 47204016583744 create_pretraining_data.py:161] masked_lm_ids: 1953 2677 6220 0 0 0 0 0 0 0 0 0 0 0 0 0 0 0 0 0
INFO:tensorflow:masked_lm_weights: 1.0 1.0 1.0 0.0 0.0 0.0 0.0 0.0 0.0 0.0 0.0 0.0 0.0 0.0 0.0 0.0 0.0 0.0 0.0 0.0
I1103 12:44:22.920609 47204016583744 create_pretraining_data.py:161] masked_lm_weights: 1.0 1.0 1.0 0.0 0.0 0.0 0.0 0.0 0.0 0.0 0.0 0.0 0.0 0.0 0.0 0.0 0.0 0.0 0.0 0.0
INFO:tensorflow:next_sentence_labels: 1
I1103 12:44:22.920721 47204016583744 create_pretraining_data.py:161] next_sentence_labels: 1
INFO:tensorflow:*** Example ***
I1103 12:44:22.921191 47204016583744 create_pretraining_data.py:149] *** Example ***
INFO:tensorflow:tokens: [CLS] لما [MASK] [MASK] من تك ##ميد ابوي [MASK] غطي ##ته قال لي [MASK] [MASK] اثار ##ي الاب ##و ما يفقد امه اذا صار عنده بنت [SEP] ايها الص ##ائم ##ون احت ##ضن ##وا [MASK] بين ادعي ##تكم في [MASK] اليوم فربما اسعد بها طوال عمري اللهم سخر ##لي من يشمل ##ني بخير دعاء ##ه [SEP]
I1103 12:44:22.921351 47204016583744 create_pretraining_data.py:151] tokens: [CLS] لما [MASK] [MASK] من تك ##ميد ابوي [MASK] غطي ##ته قال لي [MASK] [MASK] اثار ##ي الاب ##و ما يفقد امه اذا صار عنده بنت [SEP] ايها الص ##ائم ##ون احت ##ضن ##وا [MASK] بين ادعي ##تكم في [MASK] اليوم فربما اسعد بها طوال عمري اللهم سخر ##لي من يشمل ##ني بخير دعاء ##ه [SEP]
INFO:tensorflow:input_ids: 2 2518 4 4 1908 2654 4033 13581 4 27438 2076 2136 2134 4 4 9988 1013 4120 1012 1972 13289 6798 2387 4109 5382 3597 3 5818 1996 4424 1922 2691 9866 1928 4 2117 20826 7145 1912 4 2217 18979 5926 2459 8026 5981 2168 12312 1907 1908 12326 1974 5471 5394 1028 3 0 0 0 0 0 0 0 0 0 0 0 0 0 0 0 0 0 0 0 0 0 0 0 0 0 0 0 0 0 0 0 0 0 0 0 0 0 0 0 0 0 0 0 0 0 0 0 0 0 0 0 0 0 0 0 0 0 0 0 0 0 0 0 0 0 0 0 0 0 0 0 0
I1103 12:44:22.921530 47204016583744 create_pretraining_data.py:161] input_ids: 2 2518 4 4 1908 2654 4033 13581 4 27438 2076 2136 2134 4 4 9988 1013 4120 1012 1972 13289 6798 2387 4109 5382 3597 3 5818 1996 4424 1922 2691 9866 1928 4 2117 20826 7145 1912 4 2217 18979 5926 2459 8026 5981 2168 12312 1907 1908 12326 1974 5471 5394 1028 3 0 0 0 0 0 0 0 0 0 0 0 0 0 0 0 0 0 0 0 0 0 0 0 0 0 0 0 0 0 0 0 0 0 0 0 0 0 0 0 0 0 0 0 0 0 0 0 0 0 0 0 0 0 0 0 0 0 0 0 0 0 0 0 0 0 0 0 0 0 0 0 0
INFO:tensorflow:input_mask: 1 1 1 1 1 1 1 1 1 1 1 1 1 1 1 1 1 1 1 1 1 1 1 1 1 1 1 1 1 1 1 1 1 1 1 1 1 1 1 1 1 1 1 1 1 1 1 1 1 1 1 1 1 1 1 1 0 0 0 0 0 0 0 0 0 0 0 0 0 0 0 0 0 0 0 0 0 0 0 0 0 0 0 0 0 0 0 0 0 0 0 0 0 0 0 0 0 0 0 0 0 0 0 0 0 0 0 0 0 0 0 0 0 0 0 0 0 0 0 0 0 0 0 0 0 0 0 0
I1103 12:44:22.921695 47204016583744 create_pretraining_data.py:161] input_mask: 1 1 1 1 1 1 1 1 1 1 1 1 1 1 1 1 1 1 1 1 1 1 1 1 1 1 1 1 1 1 1 1 1 1 1 1 1 1 1 1 1 1 1 1 1 1 1 1 1 1 1 1 1 1 1 1 0 0 0 0 0 0 0 0 0 0 0 0 0 0 0 0 0 0 0 0 0 0 0 0 0 0 0 0 0 0 0 0 0 0 0 0 0 0 0 0 0 0 0 0 0 0 0 0 0 0 0 0 0 0 0 0 0 0 0 0 0 0 0 0 0 0 0 0 0 0 0 0
INFO:tensorflow:segment_ids: 0 0 0 0 0 0 0 0 0 0 0 0 0 0 0 0 0 0 0 0 0 0 0 0 0 0 0 1 1 1 1 1 1 1 1 1 1 1 1 1 1 1 1 1 1 1 1 1 1 1 1 1 1 1 1 1 0 0 0 0 0 0 0 0 0 0 0 0 0 0 0 0 0 0 0 0 0 0 0 0 0 0 0 0 0 0 0 0 0 0 0 0 0 0 0 0 0 0 0 0 0 0 0 0 0 0 0 0 0 0 0 0 0 0 0 0 0 0 0 0 0 0 0 0 0 0 0 0
I1103 12:44:22.921854 47204016583744 create_pretraining_data.py:161] segment_ids: 0 0 0 0 0 0 0 0 0 0 0 0 0 0 0 0 0 0 0 0 0 0 0 0 0 0 0 1 1 1 1 1 1 1 1 1 1 1 1 1 1 1 1 1 1 1 1 1 1 1 1 1 1 1 1 1 0 0 0 0 0 0 0 0 0 0 0 0 0 0 0 0 0 0 0 0 0 0 0 0 0 0 0 0 0 0 0 0 0 0 0 0 0 0 0 0 0 0 0 0 0 0 0 0 0 0 0 0 0 0 0 0 0 0 0 0 0 0 0 0 0 0 0 0 0 0 0 0
INFO:tensorflow:masked_lm_positions: 2 3 8 12 13 14 34 39 0 0 0 0 0 0 0 0 0 0 0 0
I1103 12:44:22.921990 47204016583744 create_pretraining_data.py:161] masked_lm_positions: 2 3 8 12 13 14 34 39 0 0 0 0 0 0 0 0 0 0 0 0
INFO:tensorflow:masked_lm_ids: 13777 1005 415 2134 10259 1053 12602 2085 0 0 0 0 0 0 0 0 0 0 0 0
I1103 12:44:22.922114 47204016583744 create_pretraining_data.py:161] masked_lm_ids: 13777 1005 415 2134 10259 1053 12602 2085 0 0 0 0 0 0 0 0 0 0 0 0
INFO:tensorflow:masked_lm_weights: 1.0 1.0 1.0 1.0 1.0 1.0 1.0 1.0 0.0 0.0 0.0 0.0 0.0 0.0 0.0 0.0 0.0 0.0 0.0 0.0
I1103 12:44:22.922235 47204016583744 create_pretraining_data.py:161] masked_lm_weights: 1.0 1.0 1.0 1.0 1.0 1.0 1.0 1.0 0.0 0.0 0.0 0.0 0.0 0.0 0.0 0.0 0.0 0.0 0.0 0.0
INFO:tensorflow:next_sentence_labels: 1
I1103 12:44:22.922352 47204016583744 create_pretraining_data.py:161] next_sentence_labels: 1
INFO:tensorflow:*** Example ***
I1103 12:44:22.922819 47204016583744 create_pretraining_data.py:149] *** Example ***
INFO:tensorflow:tokens: [CLS] [MASK] بعد ما [MASK] [MASK] وفر ##قا ##ك ب دي اكيد وجي ##تي مستحيل ##ه شكرا علي [MASK] وطيب ##ك ولق ##ياك وشكرا علي [MASK] اليا ##لي الجميله [MASK] وقلبي توا ##مين [SEP] قام قام الخ ##خب ##ل ##ء [MASK] موز ##ه 6 حم ##و فتنه هيا [MASK] [MASK] ريتويت انحراف رتويت يا منح ##رفين ماي ##طلب ##ه المنح ##رفين [SEP]
I1103 12:44:22.922976 47204016583744 create_pretraining_data.py:151] tokens: [CLS] [MASK] بعد ما [MASK] [MASK] وفر ##قا ##ك ب دي اكيد وجي ##تي مستحيل ##ه شكرا علي [MASK] وطيب ##ك ولق ##ياك وشكرا علي [MASK] اليا ##لي الجميله [MASK] وقلبي توا ##مين [SEP] قام قام الخ ##خب ##ل ##ء [MASK] موز ##ه 6 حم ##و فتنه هيا [MASK] [MASK] ريتويت انحراف رتويت يا منح ##رفين ماي ##طلب ##ه المنح ##رفين [SEP]
INFO:tensorflow:input_ids: 2 4 2089 1972 4 4 5035 2143 1014 388 2630 10364 26718 2005 9501 1028 3948 1958 4 22400 1014 7014 6840 12679 1958 4 17089 1907 8982 4 17233 3769 3289 3 3347 3347 1995 3355 1010 1053 4 11405 1028 26 2848 1012 14733 10259 4 4 3425 4263 2928 2104 6859 4823 3165 3706 1028 17484 4823 3 0 0 0 0 0 0 0 0 0 0 0 0 0 0 0 0 0 0 0 0 0 0 0 0 0 0 0 0 0 0 0 0 0 0 0 0 0 0 0 0 0 0 0 0 0 0 0 0 0 0 0 0 0 0 0 0 0 0 0 0 0 0 0 0 0 0
I1103 12:44:22.923154 47204016583744 create_pretraining_data.py:161] input_ids: 2 4 2089 1972 4 4 5035 2143 1014 388 2630 10364 26718 2005 9501 1028 3948 1958 4 22400 1014 7014 6840 12679 1958 4 17089 1907 8982 4 17233 3769 3289 3 3347 3347 1995 3355 1010 1053 4 11405 1028 26 2848 1012 14733 10259 4 4 3425 4263 2928 2104 6859 4823 3165 3706 1028 17484 4823 3 0 0 0 0 0 0 0 0 0 0 0 0 0 0 0 0 0 0 0 0 0 0 0 0 0 0 0 0 0 0 0 0 0 0 0 0 0 0 0 0 0 0 0 0 0 0 0 0 0 0 0 0 0 0 0 0 0 0 0 0 0 0 0 0 0 0
INFO:tensorflow:input_mask: 1 1 1 1 1 1 1 1 1 1 1 1 1 1 1 1 1 1 1 1 1 1 1 1 1 1 1 1 1 1 1 1 1 1 1 1 1 1 1 1 1 1 1 1 1 1 1 1 1 1 1 1 1 1 1 1 1 1 1 1 1 1 0 0 0 0 0 0 0 0 0 0 0 0 0 0 0 0 0 0 0 0 0 0 0 0 0 0 0 0 0 0 0 0 0 0 0 0 0 0 0 0 0 0 0 0 0 0 0 0 0 0 0 0 0 0 0 0 0 0 0 0 0 0 0 0 0 0
I1103 12:44:22.923324 47204016583744 create_pretraining_data.py:161] input_mask: 1 1 1 1 1 1 1 1 1 1 1 1 1 1 1 1 1 1 1 1 1 1 1 1 1 1 1 1 1 1 1 1 1 1 1 1 1 1 1 1 1 1 1 1 1 1 1 1 1 1 1 1 1 1 1 1 1 1 1 1 1 1 0 0 0 0 0 0 0 0 0 0 0 0 0 0 0 0 0 0 0 0 0 0 0 0 0 0 0 0 0 0 0 0 0 0 0 0 0 0 0 0 0 0 0 0 0 0 0 0 0 0 0 0 0 0 0 0 0 0 0 0 0 0 0 0 0 0
INFO:tensorflow:segment_ids: 0 0 0 0 0 0 0 0 0 0 0 0 0 0 0 0 0 0 0 0 0 0 0 0 0 0 0 0 0 0 0 0 0 0 1 1 1 1 1 1 1 1 1 1 1 1 1 1 1 1 1 1 1 1 1 1 1 1 1 1 1 1 0 0 0 0 0 0 0 0 0 0 0 0 0 0 0 0 0 0 0 0 0 0 0 0 0 0 0 0 0 0 0 0 0 0 0 0 0 0 0 0 0 0 0 0 0 0 0 0 0 0 0 0 0 0 0 0 0 0 0 0 0 0 0 0 0 0
I1103 12:44:22.923485 47204016583744 create_pretraining_data.py:161] segment_ids: 0 0 0 0 0 0 0 0 0 0 0 0 0 0 0 0 0 0 0 0 0 0 0 0 0 0 0 0 0 0 0 0 0 0 1 1 1 1 1 1 1 1 1 1 1 1 1 1 1 1 1 1 1 1 1 1 1 1 1 1 1 1 0 0 0 0 0 0 0 0 0 0 0 0 0 0 0 0 0 0 0 0 0 0 0 0 0 0 0 0 0 0 0 0 0 0 0 0 0 0 0 0 0 0 0 0 0 0 0 0 0 0 0 0 0 0 0 0 0 0 0 0 0 0 0 0 0 0
INFO:tensorflow:masked_lm_positions: 1 4 5 18 25 29 40 48 49 0 0 0 0 0 0 0 0 0 0 0
I1103 12:44:22.923631 47204016583744 create_pretraining_data.py:161] masked_lm_positions: 1 4 5 18 25 29 40 48 49 0 0 0 0 0 0 0 0 0 0 0
INFO:tensorflow:masked_lm_ids: 1908 11139 10327 6281 2038 10070 2543 2339 1036 0 0 0 0 0 0 0 0 0 0 0
I1103 12:44:22.923751 47204016583744 create_pretraining_data.py:161] masked_lm_ids: 1908 11139 10327 6281 2038 10070 2543 2339 1036 0 0 0 0 0 0 0 0 0 0 0
INFO:tensorflow:masked_lm_weights: 1.0 1.0 1.0 1.0 1.0 1.0 1.0 1.0 1.0 0.0 0.0 0.0 0.0 0.0 0.0 0.0 0.0 0.0 0.0 0.0
I1103 12:44:22.923874 47204016583744 create_pretraining_data.py:161] masked_lm_weights: 1.0 1.0 1.0 1.0 1.0 1.0 1.0 1.0 1.0 0.0 0.0 0.0 0.0 0.0 0.0 0.0 0.0 0.0 0.0 0.0
INFO:tensorflow:next_sentence_labels: 1
I1103 12:44:22.923985 47204016583744 create_pretraining_data.py:161] next_sentence_labels: 1
INFO:tensorflow:*** Example ***
I1103 12:44:22.924460 47204016583744 create_pretraining_data.py:149] *** Example ***
INFO:tensorflow:tokens: [CLS] عجيب كل شي ممكن تخسر ##ه تخسر ##ان [MASK] بث ##انيه تخسر صديقك [MASK] ##وقف لكن وقت اللي تبي تخسر [MASK] [MASK] وزن ##ك تطلع روحك وانت ماخ ##سر ##ته ليه كذا ياك ##يل ##و [SEP] كاس ##ك ي سلمان غالي م يرفع ##ه غير [MASK] [SEP]
I1103 12:44:22.924614 47204016583744 create_pretraining_data.py:151] tokens: [CLS] عجيب كل شي ممكن تخسر ##ه تخسر ##ان [MASK] بث ##انيه تخسر صديقك [MASK] ##وقف لكن وقت اللي تبي تخسر [MASK] [MASK] وزن ##ك تطلع روحك وانت ماخ ##سر ##ته ليه كذا ياك ##يل ##و [SEP] كاس ##ك ي سلمان غالي م يرفع ##ه غير [MASK] [SEP]
INFO:tensorflow:input_ids: 2 18700 2038 2228 4050 13544 1028 13544 1906 4 4329 3247 13544 23688 4 2836 2425 2758 2115 6341 13544 4 4 15125 1014 9838 12291 3036 18653 2734 2076 5067 5078 18128 2027 1012 3 5668 1014 417 3856 8952 412 8844 1028 2224 4 3 0 0 0 0 0 0 0 0 0 0 0 0 0 0 0 0 0 0 0 0 0 0 0 0 0 0 0 0 0 0 0 0 0 0 0 0 0 0 0 0 0 0 0 0 0 0 0 0 0 0 0 0 0 0 0 0 0 0 0 0 0 0 0 0 0 0 0 0 0 0 0 0 0 0 0 0 0 0 0 0
I1103 12:44:22.924788 47204016583744 create_pretraining_data.py:161] input_ids: 2 18700 2038 2228 4050 13544 1028 13544 1906 4 4329 3247 13544 23688 4 2836 2425 2758 2115 6341 13544 4 4 15125 1014 9838 12291 3036 18653 2734 2076 5067 5078 18128 2027 1012 3 5668 1014 417 3856 8952 412 8844 1028 2224 4 3 0 0 0 0 0 0 0 0 0 0 0 0 0 0 0 0 0 0 0 0 0 0 0 0 0 0 0 0 0 0 0 0 0 0 0 0 0 0 0 0 0 0 0 0 0 0 0 0 0 0 0 0 0 0 0 0 0 0 0 0 0 0 0 0 0 0 0 0 0 0 0 0 0 0 0 0 0 0 0 0
INFO:tensorflow:input_mask: 1 1 1 1 1 1 1 1 1 1 1 1 1 1 1 1 1 1 1 1 1 1 1 1 1 1 1 1 1 1 1 1 1 1 1 1 1 1 1 1 1 1 1 1 1 1 1 1 0 0 0 0 0 0 0 0 0 0 0 0 0 0 0 0 0 0 0 0 0 0 0 0 0 0 0 0 0 0 0 0 0 0 0 0 0 0 0 0 0 0 0 0 0 0 0 0 0 0 0 0 0 0 0 0 0 0 0 0 0 0 0 0 0 0 0 0 0 0 0 0 0 0 0 0 0 0 0 0
I1103 12:44:22.924952 47204016583744 create_pretraining_data.py:161] input_mask: 1 1 1 1 1 1 1 1 1 1 1 1 1 1 1 1 1 1 1 1 1 1 1 1 1 1 1 1 1 1 1 1 1 1 1 1 1 1 1 1 1 1 1 1 1 1 1 1 0 0 0 0 0 0 0 0 0 0 0 0 0 0 0 0 0 0 0 0 0 0 0 0 0 0 0 0 0 0 0 0 0 0 0 0 0 0 0 0 0 0 0 0 0 0 0 0 0 0 0 0 0 0 0 0 0 0 0 0 0 0 0 0 0 0 0 0 0 0 0 0 0 0 0 0 0 0 0 0
INFO:tensorflow:segment_ids: 0 0 0 0 0 0 0 0 0 0 0 0 0 0 0 0 0 0 0 0 0 0 0 0 0 0 0 0 0 0 0 0 0 0 0 0 0 1 1 1 1 1 1 1 1 1 1 1 0 0 0 0 0 0 0 0 0 0 0 0 0 0 0 0 0 0 0 0 0 0 0 0 0 0 0 0 0 0 0 0 0 0 0 0 0 0 0 0 0 0 0 0 0 0 0 0 0 0 0 0 0 0 0 0 0 0 0 0 0 0 0 0 0 0 0 0 0 0 0 0 0 0 0 0 0 0 0 0
I1103 12:44:22.925108 47204016583744 create_pretraining_data.py:161] segment_ids: 0 0 0 0 0 0 0 0 0 0 0 0 0 0 0 0 0 0 0 0 0 0 0 0 0 0 0 0 0 0 0 0 0 0 0 0 0 1 1 1 1 1 1 1 1 1 1 1 0 0 0 0 0 0 0 0 0 0 0 0 0 0 0 0 0 0 0 0 0 0 0 0 0 0 0 0 0 0 0 0 0 0 0 0 0 0 0 0 0 0 0 0 0 0 0 0 0 0 0 0 0 0 0 0 0 0 0 0 0 0 0 0 0 0 0 0 0 0 0 0 0 0 0 0 0 0 0 0
INFO:tensorflow:masked_lm_positions: 8 9 14 15 21 22 46 0 0 0 0 0 0 0 0 0 0 0 0 0
I1103 12:44:22.925244 47204016583744 create_pretraining_data.py:161] masked_lm_positions: 8 9 14 15 21 22 46 0 0 0 0 0 0 0 0 0 0 0 0 0
INFO:tensorflow:masked_lm_ids: 15479 1014 2225 2836 6869 1908 12183 0 0 0 0 0 0 0 0 0 0 0 0 0
I1103 12:44:22.925377 47204016583744 create_pretraining_data.py:161] masked_lm_ids: 15479 1014 2225 2836 6869 1908 12183 0 0 0 0 0 0 0 0 0 0 0 0 0
INFO:tensorflow:masked_lm_weights: 1.0 1.0 1.0 1.0 1.0 1.0 1.0 0.0 0.0 0.0 0.0 0.0 0.0 0.0 0.0 0.0 0.0 0.0 0.0 0.0
I1103 12:44:22.925499 47204016583744 create_pretraining_data.py:161] masked_lm_weights: 1.0 1.0 1.0 1.0 1.0 1.0 1.0 0.0 0.0 0.0 0.0 0.0 0.0 0.0 0.0 0.0 0.0 0.0 0.0 0.0
INFO:tensorflow:next_sentence_labels: 1
I1103 12:44:22.925610 47204016583744 create_pretraining_data.py:161] next_sentence_labels: 1
INFO:tensorflow:*** Example ***
I1103 12:44:22.926076 47204016583744 create_pretraining_data.py:149] *** Example ***
INFO:tensorflow:tokens: [CLS] وزير خارجيه بريطانيا الفلبين وزير خارجيه يجب الاعتراف بف [MASK] [MASK] في حل الاز ##مه في سوريا والاس ##د المسؤول عن قتل العدد الاكبر ون ##ثني علي [MASK] [SEP] الهلال الفيصلي سيقوم مجلس الجمهور [MASK] بتوزيع علم آليات علي جمهور الهلال بانتظار ##كم يا زعماء في هذا اللقاء [MASK] [SEP]
I1103 12:44:22.926230 47204016583744 create_pretraining_data.py:151] tokens: [CLS] وزير خارجيه بريطانيا الفلبين وزير خارجيه يجب الاعتراف بف [MASK] [MASK] في حل الاز ##مه في سوريا والاس ##د المسؤول عن قتل العدد الاكبر ون ##ثني علي [MASK] [SEP] الهلال الفيصلي سيقوم مجلس الجمهور [MASK] بتوزيع علم آليات علي جمهور الهلال بانتظار ##كم يا زعماء في هذا اللقاء [MASK] [SEP]
INFO:tensorflow:input_ids: 2 3075 21053 7682 12130 3075 21053 3163 9273 4304 4 4 1912 4463 4825 2152 1912 3379 7127 1016 9042 1955 4824 6983 14884 2263 18851 1958 4 3 2675 13984 21428 2598 6635 4 28280 2689 18458 1958 4642 2675 18008 2018 2104 19288 1912 2085 4708 4 3 0 0 0 0 0 0 0 0 0 0 0 0 0 0 0 0 0 0 0 0 0 0 0 0 0 0 0 0 0 0 0 0 0 0 0 0 0 0 0 0 0 0 0 0 0 0 0 0 0 0 0 0 0 0 0 0 0 0 0 0 0 0 0 0 0 0 0 0 0 0 0 0 0 0 0 0 0
I1103 12:44:22.926422 47204016583744 create_pretraining_data.py:161] input_ids: 2 3075 21053 7682 12130 3075 21053 3163 9273 4304 4 4 1912 4463 4825 2152 1912 3379 7127 1016 9042 1955 4824 6983 14884 2263 18851 1958 4 3 2675 13984 21428 2598 6635 4 28280 2689 18458 1958 4642 2675 18008 2018 2104 19288 1912 2085 4708 4 3 0 0 0 0 0 0 0 0 0 0 0 0 0 0 0 0 0 0 0 0 0 0 0 0 0 0 0 0 0 0 0 0 0 0 0 0 0 0 0 0 0 0 0 0 0 0 0 0 0 0 0 0 0 0 0 0 0 0 0 0 0 0 0 0 0 0 0 0 0 0 0 0 0 0 0 0 0
INFO:tensorflow:input_mask: 1 1 1 1 1 1 1 1 1 1 1 1 1 1 1 1 1 1 1 1 1 1 1 1 1 1 1 1 1 1 1 1 1 1 1 1 1 1 1 1 1 1 1 1 1 1 1 1 1 1 1 0 0 0 0 0 0 0 0 0 0 0 0 0 0 0 0 0 0 0 0 0 0 0 0 0 0 0 0 0 0 0 0 0 0 0 0 0 0 0 0 0 0 0 0 0 0 0 0 0 0 0 0 0 0 0 0 0 0 0 0 0 0 0 0 0 0 0 0 0 0 0 0 0 0 0 0 0
I1103 12:44:22.926589 47204016583744 create_pretraining_data.py:161] input_mask: 1 1 1 1 1 1 1 1 1 1 1 1 1 1 1 1 1 1 1 1 1 1 1 1 1 1 1 1 1 1 1 1 1 1 1 1 1 1 1 1 1 1 1 1 1 1 1 1 1 1 1 0 0 0 0 0 0 0 0 0 0 0 0 0 0 0 0 0 0 0 0 0 0 0 0 0 0 0 0 0 0 0 0 0 0 0 0 0 0 0 0 0 0 0 0 0 0 0 0 0 0 0 0 0 0 0 0 0 0 0 0 0 0 0 0 0 0 0 0 0 0 0 0 0 0 0 0 0
INFO:tensorflow:segment_ids: 0 0 0 0 0 0 0 0 0 0 0 0 0 0 0 0 0 0 0 0 0 0 0 0 0 0 0 0 0 0 1 1 1 1 1 1 1 1 1 1 1 1 1 1 1 1 1 1 1 1 1 0 0 0 0 0 0 0 0 0 0 0 0 0 0 0 0 0 0 0 0 0 0 0 0 0 0 0 0 0 0 0 0 0 0 0 0 0 0 0 0 0 0 0 0 0 0 0 0 0 0 0 0 0 0 0 0 0 0 0 0 0 0 0 0 0 0 0 0 0 0 0 0 0 0 0 0 0
I1103 12:44:22.926747 47204016583744 create_pretraining_data.py:161] segment_ids: 0 0 0 0 0 0 0 0 0 0 0 0 0 0 0 0 0 0 0 0 0 0 0 0 0 0 0 0 0 0 1 1 1 1 1 1 1 1 1 1 1 1 1 1 1 1 1 1 1 1 1 0 0 0 0 0 0 0 0 0 0 0 0 0 0 0 0 0 0 0 0 0 0 0 0 0 0 0 0 0 0 0 0 0 0 0 0 0 0 0 0 0 0 0 0 0 0 0 0 0 0 0 0 0 0 0 0 0 0 0 0 0 0 0 0 0 0 0 0 0 0 0 0 0 0 0 0 0
INFO:tensorflow:masked_lm_positions: 4 9 10 11 28 35 38 49 0 0 0 0 0 0 0 0 0 0 0 0
I1103 12:44:22.926883 47204016583744 create_pretraining_data.py:161] masked_lm_positions: 4 9 10 11 28 35 38 49 0 0 0 0 0 0 0 0 0 0 0 0
INFO:tensorflow:masked_lm_ids: 26157 4304 4908 1914 2721 12183 11652 5202 0 0 0 0 0 0 0 0 0 0 0 0
I1103 12:44:22.927006 47204016583744 create_pretraining_data.py:161] masked_lm_ids: 26157 4304 4908 1914 2721 12183 11652 5202 0 0 0 0 0 0 0 0 0 0 0 0
INFO:tensorflow:masked_lm_weights: 1.0 1.0 1.0 1.0 1.0 1.0 1.0 1.0 0.0 0.0 0.0 0.0 0.0 0.0 0.0 0.0 0.0 0.0 0.0 0.0
I1103 12:44:22.927128 47204016583744 create_pretraining_data.py:161] masked_lm_weights: 1.0 1.0 1.0 1.0 1.0 1.0 1.0 1.0 0.0 0.0 0.0 0.0 0.0 0.0 0.0 0.0 0.0 0.0 0.0 0.0
INFO:tensorflow:next_sentence_labels: 1
I1103 12:44:22.927241 47204016583744 create_pretraining_data.py:161] next_sentence_labels: 1
INFO:tensorflow:*** Example ***
I1103 12:44:22.927712 47204016583744 create_pretraining_data.py:149] *** Example ***
INFO:tensorflow:tokens: [CLS] زيت [MASK] [MASK] الحل الام ##ثل لجميع مشاكل الشعر تساقط فراغ ##ات ق ##شره صل ##ع ضعف نمو تقصف به ##تان الشعر واتساب 055 ##89 ##45 ##82 ##2 [SEP] لتبادل 5 5 ##ال ##رتويت من المفضله حتي [MASK] لي عطني فقالت منشن وبشر [MASK] [MASK] شرف لي [SEP]
I1103 12:44:22.927866 47204016583744 create_pretraining_data.py:151] tokens: [CLS] زيت [MASK] [MASK] الحل الام ##ثل لجميع مشاكل الشعر تساقط فراغ ##ات ق ##شره صل ##ع ضعف نمو تقصف به ##تان الشعر واتساب 055 ##89 ##45 ##82 ##2 [SEP] لتبادل 5 5 ##ال ##رتويت من المفضله حتي [MASK] لي عطني فقالت منشن وبشر [MASK] [MASK] شرف لي [SEP]
INFO:tensorflow:input_ids: 2 6731 4 4 6660 2313 2323 5566 4401 3258 12953 11604 1904 409 4618 3991 1009 3149 6175 20591 2249 7383 3258 6023 5513 12608 8246 24161 1059 3 19226 25 25 1901 9623 1908 15819 2627 4 2134 13656 15107 19108 18977 4 4 6431 2134 3 0 0 0 0 0 0 0 0 0 0 0 0 0 0 0 0 0 0 0 0 0 0 0 0 0 0 0 0 0 0 0 0 0 0 0 0 0 0 0 0 0 0 0 0 0 0 0 0 0 0 0 0 0 0 0 0 0 0 0 0 0 0 0 0 0 0 0 0 0 0 0 0 0 0 0 0 0 0 0
I1103 12:44:22.928042 47204016583744 create_pretraining_data.py:161] input_ids: 2 6731 4 4 6660 2313 2323 5566 4401 3258 12953 11604 1904 409 4618 3991 1009 3149 6175 20591 2249 7383 3258 6023 5513 12608 8246 24161 1059 3 19226 25 25 1901 9623 1908 15819 2627 4 2134 13656 15107 19108 18977 4 4 6431 2134 3 0 0 0 0 0 0 0 0 0 0 0 0 0 0 0 0 0 0 0 0 0 0 0 0 0 0 0 0 0 0 0 0 0 0 0 0 0 0 0 0 0 0 0 0 0 0 0 0 0 0 0 0 0 0 0 0 0 0 0 0 0 0 0 0 0 0 0 0 0 0 0 0 0 0 0 0 0 0 0
INFO:tensorflow:input_mask: 1 1 1 1 1 1 1 1 1 1 1 1 1 1 1 1 1 1 1 1 1 1 1 1 1 1 1 1 1 1 1 1 1 1 1 1 1 1 1 1 1 1 1 1 1 1 1 1 1 0 0 0 0 0 0 0 0 0 0 0 0 0 0 0 0 0 0 0 0 0 0 0 0 0 0 0 0 0 0 0 0 0 0 0 0 0 0 0 0 0 0 0 0 0 0 0 0 0 0 0 0 0 0 0 0 0 0 0 0 0 0 0 0 0 0 0 0 0 0 0 0 0 0 0 0 0 0 0
I1103 12:44:22.928207 47204016583744 create_pretraining_data.py:161] input_mask: 1 1 1 1 1 1 1 1 1 1 1 1 1 1 1 1 1 1 1 1 1 1 1 1 1 1 1 1 1 1 1 1 1 1 1 1 1 1 1 1 1 1 1 1 1 1 1 1 1 0 0 0 0 0 0 0 0 0 0 0 0 0 0 0 0 0 0 0 0 0 0 0 0 0 0 0 0 0 0 0 0 0 0 0 0 0 0 0 0 0 0 0 0 0 0 0 0 0 0 0 0 0 0 0 0 0 0 0 0 0 0 0 0 0 0 0 0 0 0 0 0 0 0 0 0 0 0 0
INFO:tensorflow:segment_ids: 0 0 0 0 0 0 0 0 0 0 0 0 0 0 0 0 0 0 0 0 0 0 0 0 0 0 0 0 0 0 1 1 1 1 1 1 1 1 1 1 1 1 1 1 1 1 1 1 1 0 0 0 0 0 0 0 0 0 0 0 0 0 0 0 0 0 0 0 0 0 0 0 0 0 0 0 0 0 0 0 0 0 0 0 0 0 0 0 0 0 0 0 0 0 0 0 0 0 0 0 0 0 0 0 0 0 0 0 0 0 0 0 0 0 0 0 0 0 0 0 0 0 0 0 0 0 0 0
I1103 12:44:22.928371 47204016583744 create_pretraining_data.py:161] segment_ids: 0 0 0 0 0 0 0 0 0 0 0 0 0 0 0 0 0 0 0 0 0 0 0 0 0 0 0 0 0 0 1 1 1 1 1 1 1 1 1 1 1 1 1 1 1 1 1 1 1 0 0 0 0 0 0 0 0 0 0 0 0 0 0 0 0 0 0 0 0 0 0 0 0 0 0 0 0 0 0 0 0 0 0 0 0 0 0 0 0 0 0 0 0 0 0 0 0 0 0 0 0 0 0 0 0 0 0 0 0 0 0 0 0 0 0 0 0 0 0 0 0 0 0 0 0 0 0 0
INFO:tensorflow:masked_lm_positions: 2 3 22 38 41 44 45 0 0 0 0 0 0 0 0 0 0 0 0 0
I1103 12:44:22.928508 47204016583744 create_pretraining_data.py:161] masked_lm_positions: 2 3 22 38 41 44 45 0 0 0 0 0 0 0 0 0 0 0 0 0
INFO:tensorflow:masked_lm_ids: 10887 11263 3258 2481 2172 3472 7145 0 0 0 0 0 0 0 0 0 0 0 0 0
I1103 12:44:22.928631 47204016583744 create_pretraining_data.py:161] masked_lm_ids: 10887 11263 3258 2481 2172 3472 7145 0 0 0 0 0 0 0 0 0 0 0 0 0
INFO:tensorflow:masked_lm_weights: 1.0 1.0 1.0 1.0 1.0 1.0 1.0 0.0 0.0 0.0 0.0 0.0 0.0 0.0 0.0 0.0 0.0 0.0 0.0 0.0
I1103 12:44:22.928753 47204016583744 create_pretraining_data.py:161] masked_lm_weights: 1.0 1.0 1.0 1.0 1.0 1.0 1.0 0.0 0.0 0.0 0.0 0.0 0.0 0.0 0.0 0.0 0.0 0.0 0.0 0.0
INFO:tensorflow:next_sentence_labels: 1
I1103 12:44:22.928864 47204016583744 create_pretraining_data.py:161] next_sentence_labels: 1
INFO:tensorflow:*** Example ***
I1103 12:44:22.929336 47204016583744 create_pretraining_data.py:149] *** Example ***
INFO:tensorflow:tokens: [CLS] ولد الشيخ [MASK] اليمنيه تست ##ان ##ف السبت في ##جوم [MASK] عاجل [SEP] سو ##و بلوك له ##لح ##ساب يضيف [MASK] عل ##ساس انه [MASK] بس فالد ##ي ام يطلب سناب ##ج ويقول كلام وص ##خ [SEP]
I1103 12:44:22.929485 47204016583744 create_pretraining_data.py:151] tokens: [CLS] ولد الشيخ [MASK] اليمنيه تست ##ان ##ف السبت في ##جوم [MASK] عاجل [SEP] سو ##و بلوك له ##لح ##ساب يضيف [MASK] عل ##ساس انه [MASK] بس فالد ##ي ام يطلب سناب ##ج ويقول كلام وص ##خ [SEP]
INFO:tensorflow:input_ids: 2 4084 2702 4 20589 2558 1906 1037 4215 1912 4577 4 4059 3 12374 1012 18995 2154 1938 3070 17167 4 9008 3167 2615 4 2357 23710 1013 2112 8156 6672 1041 6272 3552 2417 1036 3 0 0 0 0 0 0 0 0 0 0 0 0 0 0 0 0 0 0 0 0 0 0 0 0 0 0 0 0 0 0 0 0 0 0 0 0 0 0 0 0 0 0 0 0 0 0 0 0 0 0 0 0 0 0 0 0 0 0 0 0 0 0 0 0 0 0 0 0 0 0 0 0 0 0 0 0 0 0 0 0 0 0 0 0 0 0 0 0 0 0
I1103 12:44:22.929659 47204016583744 create_pretraining_data.py:161] input_ids: 2 4084 2702 4 20589 2558 1906 1037 4215 1912 4577 4 4059 3 12374 1012 18995 2154 1938 3070 17167 4 9008 3167 2615 4 2357 23710 1013 2112 8156 6672 1041 6272 3552 2417 1036 3 0 0 0 0 0 0 0 0 0 0 0 0 0 0 0 0 0 0 0 0 0 0 0 0 0 0 0 0 0 0 0 0 0 0 0 0 0 0 0 0 0 0 0 0 0 0 0 0 0 0 0 0 0 0 0 0 0 0 0 0 0 0 0 0 0 0 0 0 0 0 0 0 0 0 0 0 0 0 0 0 0 0 0 0 0 0 0 0 0 0
INFO:tensorflow:input_mask: 1 1 1 1 1 1 1 1 1 1 1 1 1 1 1 1 1 1 1 1 1 1 1 1 1 1 1 1 1 1 1 1 1 1 1 1 1 1 0 0 0 0 0 0 0 0 0 0 0 0 0 0 0 0 0 0 0 0 0 0 0 0 0 0 0 0 0 0 0 0 0 0 0 0 0 0 0 0 0 0 0 0 0 0 0 0 0 0 0 0 0 0 0 0 0 0 0 0 0 0 0 0 0 0 0 0 0 0 0 0 0 0 0 0 0 0 0 0 0 0 0 0 0 0 0 0 0 0
I1103 12:44:22.929823 47204016583744 create_pretraining_data.py:161] input_mask: 1 1 1 1 1 1 1 1 1 1 1 1 1 1 1 1 1 1 1 1 1 1 1 1 1 1 1 1 1 1 1 1 1 1 1 1 1 1 0 0 0 0 0 0 0 0 0 0 0 0 0 0 0 0 0 0 0 0 0 0 0 0 0 0 0 0 0 0 0 0 0 0 0 0 0 0 0 0 0 0 0 0 0 0 0 0 0 0 0 0 0 0 0 0 0 0 0 0 0 0 0 0 0 0 0 0 0 0 0 0 0 0 0 0 0 0 0 0 0 0 0 0 0 0 0 0 0 0
INFO:tensorflow:segment_ids: 0 0 0 0 0 0 0 0 0 0 0 0 0 0 1 1 1 1 1 1 1 1 1 1 1 1 1 1 1 1 1 1 1 1 1 1 1 1 0 0 0 0 0 0 0 0 0 0 0 0 0 0 0 0 0 0 0 0 0 0 0 0 0 0 0 0 0 0 0 0 0 0 0 0 0 0 0 0 0 0 0 0 0 0 0 0 0 0 0 0 0 0 0 0 0 0 0 0 0 0 0 0 0 0 0 0 0 0 0 0 0 0 0 0 0 0 0 0 0 0 0 0 0 0 0 0 0 0
I1103 12:44:22.929981 47204016583744 create_pretraining_data.py:161] segment_ids: 0 0 0 0 0 0 0 0 0 0 0 0 0 0 1 1 1 1 1 1 1 1 1 1 1 1 1 1 1 1 1 1 1 1 1 1 1 1 0 0 0 0 0 0 0 0 0 0 0 0 0 0 0 0 0 0 0 0 0 0 0 0 0 0 0 0 0 0 0 0 0 0 0 0 0 0 0 0 0 0 0 0 0 0 0 0 0 0 0 0 0 0 0 0 0 0 0 0 0 0 0 0 0 0 0 0 0 0 0 0 0 0 0 0 0 0 0 0 0 0 0 0 0 0 0 0 0 0
INFO:tensorflow:masked_lm_positions: 3 10 11 21 25 29 0 0 0 0 0 0 0 0 0 0 0 0 0 0
I1103 12:44:22.930103 47204016583744 create_pretraining_data.py:161] masked_lm_positions: 3 10 11 21 25 29 0 0 0 0 0 0 0 0 0 0 0 0 0 0
INFO:tensorflow:masked_lm_ids: 15451 12232 4251 4476 3597 2112 0 0 0 0 0 0 0 0 0 0 0 0 0 0
I1103 12:44:22.930221 47204016583744 create_pretraining_data.py:161] masked_lm_ids: 15451 12232 4251 4476 3597 2112 0 0 0 0 0 0 0 0 0 0 0 0 0 0
INFO:tensorflow:masked_lm_weights: 1.0 1.0 1.0 1.0 1.0 1.0 0.0 0.0 0.0 0.0 0.0 0.0 0.0 0.0 0.0 0.0 0.0 0.0 0.0 0.0
I1103 12:44:22.930365 47204016583744 create_pretraining_data.py:161] masked_lm_weights: 1.0 1.0 1.0 1.0 1.0 1.0 0.0 0.0 0.0 0.0 0.0 0.0 0.0 0.0 0.0 0.0 0.0 0.0 0.0 0.0
INFO:tensorflow:next_sentence_labels: 1
I1103 12:44:22.930478 47204016583744 create_pretraining_data.py:161] next_sentence_labels: 1
INFO:tensorflow:Wrote 9999850 total instances
I1103 13:45:51.595129 47204016583744 create_pretraining_data.py:166] Wrote 9999850 total instances
