Loading module 'all'
WARNING:tensorflow:From ../bert/create_pretraining_data.py:469: The name tf.app.run is deprecated. Please use tf.compat.v1.app.run instead.

WARNING:tensorflow:From ../bert/create_pretraining_data.py:437: The name tf.logging.set_verbosity is deprecated. Please use tf.compat.v1.logging.set_verbosity instead.

W1103 04:23:01.209943 46990736581696 module_wrapper.py:139] From ../bert/create_pretraining_data.py:437: The name tf.logging.set_verbosity is deprecated. Please use tf.compat.v1.logging.set_verbosity instead.

WARNING:tensorflow:From ../bert/create_pretraining_data.py:437: The name tf.logging.INFO is deprecated. Please use tf.compat.v1.logging.INFO instead.

W1103 04:23:01.210197 46990736581696 module_wrapper.py:139] From ../bert/create_pretraining_data.py:437: The name tf.logging.INFO is deprecated. Please use tf.compat.v1.logging.INFO instead.

WARNING:tensorflow:From /scratch/gi372/CAMeLBERT/bert/tokenization.py:125: The name tf.gfile.GFile is deprecated. Please use tf.io.gfile.GFile instead.

W1103 04:23:01.210411 46990736581696 module_wrapper.py:139] From /scratch/gi372/CAMeLBERT/bert/tokenization.py:125: The name tf.gfile.GFile is deprecated. Please use tf.io.gfile.GFile instead.

WARNING:tensorflow:From ../bert/create_pretraining_data.py:444: The name tf.gfile.Glob is deprecated. Please use tf.io.gfile.glob instead.

W1103 04:23:01.314346 46990736581696 module_wrapper.py:139] From ../bert/create_pretraining_data.py:444: The name tf.gfile.Glob is deprecated. Please use tf.io.gfile.glob instead.

WARNING:tensorflow:From ../bert/create_pretraining_data.py:446: The name tf.logging.info is deprecated. Please use tf.compat.v1.logging.info instead.

W1103 04:23:01.342311 46990736581696 module_wrapper.py:139] From ../bert/create_pretraining_data.py:446: The name tf.logging.info is deprecated. Please use tf.compat.v1.logging.info instead.

INFO:tensorflow:*** Reading from input files ***
I1103 04:23:01.342585 46990736581696 create_pretraining_data.py:446] *** Reading from input files ***
INFO:tensorflow:  ../corpora/shards/DA-ali2019-500m-tweet.bw.ar.lines.shard.100.normalized.sents
I1103 04:23:01.342691 46990736581696 create_pretraining_data.py:448]   ../corpora/shards/DA-ali2019-500m-tweet.bw.ar.lines.shard.100.normalized.sents
INFO:tensorflow:*** Writing to output files ***
I1103 05:03:17.342897 46990736581696 create_pretraining_data.py:457] *** Writing to output files ***
INFO:tensorflow:  ../corpora/tfrecord_wp-30k_msl-128/DA-ali2019-500m-tweet.bw.ar.lines.shard.100.tf_record
I1103 05:03:17.364098 46990736581696 create_pretraining_data.py:459]   ../corpora/tfrecord_wp-30k_msl-128/DA-ali2019-500m-tweet.bw.ar.lines.shard.100.tf_record
WARNING:tensorflow:From ../bert/create_pretraining_data.py:101: The name tf.python_io.TFRecordWriter is deprecated. Please use tf.io.TFRecordWriter instead.

W1103 05:03:17.380252 46990736581696 module_wrapper.py:139] From ../bert/create_pretraining_data.py:101: The name tf.python_io.TFRecordWriter is deprecated. Please use tf.io.TFRecordWriter instead.

INFO:tensorflow:*** Example ***
I1103 05:03:17.408718 46990736581696 create_pretraining_data.py:149] *** Example ***
INFO:tensorflow:tokens: [CLS] للمع ##لوم ##يه سبق لجماهير نادي النصر تشجيع [MASK] فرق [MASK] [MASK] [SEP] قرعه دوري [MASK] اسيا ناوي ##ن يج ##لدون ##كم ثاني مره ههه [SEP]
I1103 05:03:17.409667 46990736581696 create_pretraining_data.py:151] tokens: [CLS] للمع ##لوم ##يه سبق لجماهير نادي النصر تشجيع [MASK] فرق [MASK] [MASK] [SEP] قرعه دوري [MASK] اسيا ناوي ##ن يج ##لدون ##كم ثاني مره ههه [SEP]
INFO:tensorflow:input_ids: 2 9644 2841 1988 6190 23896 3557 3059 13806 4 5956 4 4 3 20692 4299 4 9419 27550 1006 2310 19836 2018 5576 3502 3495 3 0 0 0 0 0 0 0 0 0 0 0 0 0 0 0 0 0 0 0 0 0 0 0 0 0 0 0 0 0 0 0 0 0 0 0 0 0 0 0 0 0 0 0 0 0 0 0 0 0 0 0 0 0 0 0 0 0 0 0 0 0 0 0 0 0 0 0 0 0 0 0 0 0 0 0 0 0 0 0 0 0 0 0 0 0 0 0 0 0 0 0 0 0 0 0 0 0 0 0 0 0
I1103 05:03:17.411068 46990736581696 create_pretraining_data.py:161] input_ids: 2 9644 2841 1988 6190 23896 3557 3059 13806 4 5956 4 4 3 20692 4299 4 9419 27550 1006 2310 19836 2018 5576 3502 3495 3 0 0 0 0 0 0 0 0 0 0 0 0 0 0 0 0 0 0 0 0 0 0 0 0 0 0 0 0 0 0 0 0 0 0 0 0 0 0 0 0 0 0 0 0 0 0 0 0 0 0 0 0 0 0 0 0 0 0 0 0 0 0 0 0 0 0 0 0 0 0 0 0 0 0 0 0 0 0 0 0 0 0 0 0 0 0 0 0 0 0 0 0 0 0 0 0 0 0 0 0 0
INFO:tensorflow:input_mask: 1 1 1 1 1 1 1 1 1 1 1 1 1 1 1 1 1 1 1 1 1 1 1 1 1 1 1 0 0 0 0 0 0 0 0 0 0 0 0 0 0 0 0 0 0 0 0 0 0 0 0 0 0 0 0 0 0 0 0 0 0 0 0 0 0 0 0 0 0 0 0 0 0 0 0 0 0 0 0 0 0 0 0 0 0 0 0 0 0 0 0 0 0 0 0 0 0 0 0 0 0 0 0 0 0 0 0 0 0 0 0 0 0 0 0 0 0 0 0 0 0 0 0 0 0 0 0 0
I1103 05:03:17.411376 46990736581696 create_pretraining_data.py:161] input_mask: 1 1 1 1 1 1 1 1 1 1 1 1 1 1 1 1 1 1 1 1 1 1 1 1 1 1 1 0 0 0 0 0 0 0 0 0 0 0 0 0 0 0 0 0 0 0 0 0 0 0 0 0 0 0 0 0 0 0 0 0 0 0 0 0 0 0 0 0 0 0 0 0 0 0 0 0 0 0 0 0 0 0 0 0 0 0 0 0 0 0 0 0 0 0 0 0 0 0 0 0 0 0 0 0 0 0 0 0 0 0 0 0 0 0 0 0 0 0 0 0 0 0 0 0 0 0 0 0
INFO:tensorflow:segment_ids: 0 0 0 0 0 0 0 0 0 0 0 0 0 0 1 1 1 1 1 1 1 1 1 1 1 1 1 0 0 0 0 0 0 0 0 0 0 0 0 0 0 0 0 0 0 0 0 0 0 0 0 0 0 0 0 0 0 0 0 0 0 0 0 0 0 0 0 0 0 0 0 0 0 0 0 0 0 0 0 0 0 0 0 0 0 0 0 0 0 0 0 0 0 0 0 0 0 0 0 0 0 0 0 0 0 0 0 0 0 0 0 0 0 0 0 0 0 0 0 0 0 0 0 0 0 0 0 0
I1103 05:03:17.411639 46990736581696 create_pretraining_data.py:161] segment_ids: 0 0 0 0 0 0 0 0 0 0 0 0 0 0 1 1 1 1 1 1 1 1 1 1 1 1 1 0 0 0 0 0 0 0 0 0 0 0 0 0 0 0 0 0 0 0 0 0 0 0 0 0 0 0 0 0 0 0 0 0 0 0 0 0 0 0 0 0 0 0 0 0 0 0 0 0 0 0 0 0 0 0 0 0 0 0 0 0 0 0 0 0 0 0 0 0 0 0 0 0 0 0 0 0 0 0 0 0 0 0 0 0 0 0 0 0 0 0 0 0 0 0 0 0 0 0 0 0
INFO:tensorflow:masked_lm_positions: 9 11 12 16 0 0 0 0 0 0 0 0 0 0 0 0 0 0 0 0
I1103 05:03:17.411819 46990736581696 create_pretraining_data.py:161] masked_lm_positions: 9 11 12 16 0 0 0 0 0 0 0 0 0 0 0 0 0 0 0 0
INFO:tensorflow:masked_lm_ids: 2561 5633 2076 7821 0 0 0 0 0 0 0 0 0 0 0 0 0 0 0 0
I1103 05:03:17.411988 46990736581696 create_pretraining_data.py:161] masked_lm_ids: 2561 5633 2076 7821 0 0 0 0 0 0 0 0 0 0 0 0 0 0 0 0
INFO:tensorflow:masked_lm_weights: 1.0 1.0 1.0 1.0 0.0 0.0 0.0 0.0 0.0 0.0 0.0 0.0 0.0 0.0 0.0 0.0 0.0 0.0 0.0 0.0
I1103 05:03:17.413379 46990736581696 create_pretraining_data.py:161] masked_lm_weights: 1.0 1.0 1.0 1.0 0.0 0.0 0.0 0.0 0.0 0.0 0.0 0.0 0.0 0.0 0.0 0.0 0.0 0.0 0.0 0.0
INFO:tensorflow:next_sentence_labels: 1
I1103 05:03:17.413556 46990736581696 create_pretraining_data.py:161] next_sentence_labels: 1
INFO:tensorflow:*** Example ***
I1103 05:03:17.414820 46990736581696 create_pretraining_data.py:149] *** Example ***
INFO:tensorflow:tokens: [CLS] با ل ه ##ؤ [SEP] [MASK] الله اج ##ورن ##ا واج ##ورك ##م في ذكري وفاه خاتم الانبياء والرس [MASK] ص وقالت فاطمه ع كيف طا ##وع ##تكم انفسكم علي [MASK] تهي ##لوا ##الت ##راب علي وجه [MASK] [MASK] ثم بكت [SEP]
I1103 05:03:17.415075 46990736581696 create_pretraining_data.py:151] tokens: [CLS] با ل ه ##ؤ [SEP] [MASK] الله اج ##ورن ##ا واج ##ورك ##م في ذكري وفاه خاتم الانبياء والرس [MASK] ص وقالت فاطمه ع كيف طا ##وع ##تكم انفسكم علي [MASK] تهي ##لوا ##الت ##راب علي وجه [MASK] [MASK] ثم بكت [SEP]
INFO:tensorflow:input_ids: 2 2156 411 414 1038 3 4 1953 2188 26548 1007 3923 4935 1015 1912 5721 8383 14725 13199 8548 4 401 5288 16714 405 2746 6031 2095 7145 21297 1958 4 13184 2361 3134 3211 1958 2879 4 4 2371 10870 3 0 0 0 0 0 0 0 0 0 0 0 0 0 0 0 0 0 0 0 0 0 0 0 0 0 0 0 0 0 0 0 0 0 0 0 0 0 0 0 0 0 0 0 0 0 0 0 0 0 0 0 0 0 0 0 0 0 0 0 0 0 0 0 0 0 0 0 0 0 0 0 0 0 0 0 0 0 0 0 0 0 0 0 0 0
I1103 05:03:17.415337 46990736581696 create_pretraining_data.py:161] input_ids: 2 2156 411 414 1038 3 4 1953 2188 26548 1007 3923 4935 1015 1912 5721 8383 14725 13199 8548 4 401 5288 16714 405 2746 6031 2095 7145 21297 1958 4 13184 2361 3134 3211 1958 2879 4 4 2371 10870 3 0 0 0 0 0 0 0 0 0 0 0 0 0 0 0 0 0 0 0 0 0 0 0 0 0 0 0 0 0 0 0 0 0 0 0 0 0 0 0 0 0 0 0 0 0 0 0 0 0 0 0 0 0 0 0 0 0 0 0 0 0 0 0 0 0 0 0 0 0 0 0 0 0 0 0 0 0 0 0 0 0 0 0 0 0
INFO:tensorflow:input_mask: 1 1 1 1 1 1 1 1 1 1 1 1 1 1 1 1 1 1 1 1 1 1 1 1 1 1 1 1 1 1 1 1 1 1 1 1 1 1 1 1 1 1 1 0 0 0 0 0 0 0 0 0 0 0 0 0 0 0 0 0 0 0 0 0 0 0 0 0 0 0 0 0 0 0 0 0 0 0 0 0 0 0 0 0 0 0 0 0 0 0 0 0 0 0 0 0 0 0 0 0 0 0 0 0 0 0 0 0 0 0 0 0 0 0 0 0 0 0 0 0 0 0 0 0 0 0 0 0
I1103 05:03:17.415596 46990736581696 create_pretraining_data.py:161] input_mask: 1 1 1 1 1 1 1 1 1 1 1 1 1 1 1 1 1 1 1 1 1 1 1 1 1 1 1 1 1 1 1 1 1 1 1 1 1 1 1 1 1 1 1 0 0 0 0 0 0 0 0 0 0 0 0 0 0 0 0 0 0 0 0 0 0 0 0 0 0 0 0 0 0 0 0 0 0 0 0 0 0 0 0 0 0 0 0 0 0 0 0 0 0 0 0 0 0 0 0 0 0 0 0 0 0 0 0 0 0 0 0 0 0 0 0 0 0 0 0 0 0 0 0 0 0 0 0 0
INFO:tensorflow:segment_ids: 0 0 0 0 0 0 1 1 1 1 1 1 1 1 1 1 1 1 1 1 1 1 1 1 1 1 1 1 1 1 1 1 1 1 1 1 1 1 1 1 1 1 1 0 0 0 0 0 0 0 0 0 0 0 0 0 0 0 0 0 0 0 0 0 0 0 0 0 0 0 0 0 0 0 0 0 0 0 0 0 0 0 0 0 0 0 0 0 0 0 0 0 0 0 0 0 0 0 0 0 0 0 0 0 0 0 0 0 0 0 0 0 0 0 0 0 0 0 0 0 0 0 0 0 0 0 0 0
I1103 05:03:17.415840 46990736581696 create_pretraining_data.py:161] segment_ids: 0 0 0 0 0 0 1 1 1 1 1 1 1 1 1 1 1 1 1 1 1 1 1 1 1 1 1 1 1 1 1 1 1 1 1 1 1 1 1 1 1 1 1 0 0 0 0 0 0 0 0 0 0 0 0 0 0 0 0 0 0 0 0 0 0 0 0 0 0 0 0 0 0 0 0 0 0 0 0 0 0 0 0 0 0 0 0 0 0 0 0 0 0 0 0 0 0 0 0 0 0 0 0 0 0 0 0 0 0 0 0 0 0 0 0 0 0 0 0 0 0 0 0 0 0 0 0 0
INFO:tensorflow:masked_lm_positions: 6 19 20 31 38 39 0 0 0 0 0 0 0 0 0 0 0 0 0 0
I1103 05:03:17.416012 46990736581696 create_pretraining_data.py:161] masked_lm_positions: 6 19 20 31 38 39 0 0 0 0 0 0 0 0 0 0 0 0 0 0
INFO:tensorflow:masked_lm_ids: 12448 8548 1010 1939 3016 1953 0 0 0 0 0 0 0 0 0 0 0 0 0 0
I1103 05:03:17.416178 46990736581696 create_pretraining_data.py:161] masked_lm_ids: 12448 8548 1010 1939 3016 1953 0 0 0 0 0 0 0 0 0 0 0 0 0 0
INFO:tensorflow:masked_lm_weights: 1.0 1.0 1.0 1.0 1.0 1.0 0.0 0.0 0.0 0.0 0.0 0.0 0.0 0.0 0.0 0.0 0.0 0.0 0.0 0.0
I1103 05:03:17.416350 46990736581696 create_pretraining_data.py:161] masked_lm_weights: 1.0 1.0 1.0 1.0 1.0 1.0 0.0 0.0 0.0 0.0 0.0 0.0 0.0 0.0 0.0 0.0 0.0 0.0 0.0 0.0
INFO:tensorflow:next_sentence_labels: 1
I1103 05:03:17.416506 46990736581696 create_pretraining_data.py:161] next_sentence_labels: 1
INFO:tensorflow:*** Example ***
I1103 05:03:17.417661 46990736581696 create_pretraining_data.py:149] *** Example ***
INFO:tensorflow:tokens: [CLS] اليوم [MASK] واقف بمح ##ل [MASK] اجت بنت مسك ##تني وح ##كت بكم الحلو هاد والله استح ##يت [SEP] مجموعه الاهلي في دوري ابطال اسيا العين [MASK] [MASK] الفائز من الملح ##ق نفط [MASK] [MASK] القطري [SEP]
I1103 05:03:17.417836 46990736581696 create_pretraining_data.py:151] tokens: [CLS] اليوم [MASK] واقف بمح ##ل [MASK] اجت بنت مسك ##تني وح ##كت بكم الحلو هاد والله استح ##يت [SEP] مجموعه الاهلي في دوري ابطال اسيا العين [MASK] [MASK] الفائز من الملح ##ق نفط [MASK] [MASK] القطري [SEP]
INFO:tensorflow:input_ids: 2 2217 4 17180 6693 1010 4 3631 3597 14959 5244 2270 2053 7019 5444 8089 2706 10677 2034 3 9302 3105 1912 4299 7821 9419 2273 4 4 14688 1908 8950 1011 18818 4 4 10472 3 0 0 0 0 0 0 0 0 0 0 0 0 0 0 0 0 0 0 0 0 0 0 0 0 0 0 0 0 0 0 0 0 0 0 0 0 0 0 0 0 0 0 0 0 0 0 0 0 0 0 0 0 0 0 0 0 0 0 0 0 0 0 0 0 0 0 0 0 0 0 0 0 0 0 0 0 0 0 0 0 0 0 0 0 0 0 0 0 0 0
I1103 05:03:17.418014 46990736581696 create_pretraining_data.py:161] input_ids: 2 2217 4 17180 6693 1010 4 3631 3597 14959 5244 2270 2053 7019 5444 8089 2706 10677 2034 3 9302 3105 1912 4299 7821 9419 2273 4 4 14688 1908 8950 1011 18818 4 4 10472 3 0 0 0 0 0 0 0 0 0 0 0 0 0 0 0 0 0 0 0 0 0 0 0 0 0 0 0 0 0 0 0 0 0 0 0 0 0 0 0 0 0 0 0 0 0 0 0 0 0 0 0 0 0 0 0 0 0 0 0 0 0 0 0 0 0 0 0 0 0 0 0 0 0 0 0 0 0 0 0 0 0 0 0 0 0 0 0 0 0 0
INFO:tensorflow:input_mask: 1 1 1 1 1 1 1 1 1 1 1 1 1 1 1 1 1 1 1 1 1 1 1 1 1 1 1 1 1 1 1 1 1 1 1 1 1 1 0 0 0 0 0 0 0 0 0 0 0 0 0 0 0 0 0 0 0 0 0 0 0 0 0 0 0 0 0 0 0 0 0 0 0 0 0 0 0 0 0 0 0 0 0 0 0 0 0 0 0 0 0 0 0 0 0 0 0 0 0 0 0 0 0 0 0 0 0 0 0 0 0 0 0 0 0 0 0 0 0 0 0 0 0 0 0 0 0 0
I1103 05:03:17.418176 46990736581696 create_pretraining_data.py:161] input_mask: 1 1 1 1 1 1 1 1 1 1 1 1 1 1 1 1 1 1 1 1 1 1 1 1 1 1 1 1 1 1 1 1 1 1 1 1 1 1 0 0 0 0 0 0 0 0 0 0 0 0 0 0 0 0 0 0 0 0 0 0 0 0 0 0 0 0 0 0 0 0 0 0 0 0 0 0 0 0 0 0 0 0 0 0 0 0 0 0 0 0 0 0 0 0 0 0 0 0 0 0 0 0 0 0 0 0 0 0 0 0 0 0 0 0 0 0 0 0 0 0 0 0 0 0 0 0 0 0
INFO:tensorflow:segment_ids: 0 0 0 0 0 0 0 0 0 0 0 0 0 0 0 0 0 0 0 0 1 1 1 1 1 1 1 1 1 1 1 1 1 1 1 1 1 1 0 0 0 0 0 0 0 0 0 0 0 0 0 0 0 0 0 0 0 0 0 0 0 0 0 0 0 0 0 0 0 0 0 0 0 0 0 0 0 0 0 0 0 0 0 0 0 0 0 0 0 0 0 0 0 0 0 0 0 0 0 0 0 0 0 0 0 0 0 0 0 0 0 0 0 0 0 0 0 0 0 0 0 0 0 0 0 0 0 0
I1103 05:03:17.418347 46990736581696 create_pretraining_data.py:161] segment_ids: 0 0 0 0 0 0 0 0 0 0 0 0 0 0 0 0 0 0 0 0 1 1 1 1 1 1 1 1 1 1 1 1 1 1 1 1 1 1 0 0 0 0 0 0 0 0 0 0 0 0 0 0 0 0 0 0 0 0 0 0 0 0 0 0 0 0 0 0 0 0 0 0 0 0 0 0 0 0 0 0 0 0 0 0 0 0 0 0 0 0 0 0 0 0 0 0 0 0 0 0 0 0 0 0 0 0 0 0 0 0 0 0 0 0 0 0 0 0 0 0 0 0 0 0 0 0 0 0
INFO:tensorflow:masked_lm_positions: 2 6 27 28 34 35 0 0 0 0 0 0 0 0 0 0 0 0 0 0
I1103 05:03:17.418467 46990736581696 create_pretraining_data.py:161] masked_lm_positions: 2 6 27 28 34 35 0 0 0 0 0 0 0 0 0 0 0 0 0 0
INFO:tensorflow:masked_lm_ids: 2678 13687 25028 1037 7199 3375 0 0 0 0 0 0 0 0 0 0 0 0 0 0
I1103 05:03:17.418581 46990736581696 create_pretraining_data.py:161] masked_lm_ids: 2678 13687 25028 1037 7199 3375 0 0 0 0 0 0 0 0 0 0 0 0 0 0
INFO:tensorflow:masked_lm_weights: 1.0 1.0 1.0 1.0 1.0 1.0 0.0 0.0 0.0 0.0 0.0 0.0 0.0 0.0 0.0 0.0 0.0 0.0 0.0 0.0
I1103 05:03:17.418705 46990736581696 create_pretraining_data.py:161] masked_lm_weights: 1.0 1.0 1.0 1.0 1.0 1.0 0.0 0.0 0.0 0.0 0.0 0.0 0.0 0.0 0.0 0.0 0.0 0.0 0.0 0.0
INFO:tensorflow:next_sentence_labels: 1
I1103 05:03:17.418812 46990736581696 create_pretraining_data.py:161] next_sentence_labels: 1
INFO:tensorflow:*** Example ***
I1103 05:03:17.419595 46990736581696 create_pretraining_data.py:149] *** Example ***
INFO:tensorflow:tokens: [CLS] نجوم الملكي في [MASK] دعم جماهير ##هم باستمرار اليوم الاهلي الهلال [SEP] مجلس عظيم السائدة [MASK] مع كرام افا ##ضل [MASK] الحديث وشي ##خ العقيد ##ه وشي ##خ التاريخ والعب ##د الفقير [SEP]
I1103 05:03:17.419767 46990736581696 create_pretraining_data.py:151] tokens: [CLS] نجوم الملكي في [MASK] دعم جماهير ##هم باستمرار اليوم الاهلي الهلال [SEP] مجلس عظيم السائدة [MASK] مع كرام افا ##ضل [MASK] الحديث وشي ##خ العقيد ##ه وشي ##خ التاريخ والعب ##د الفقير [SEP]
INFO:tensorflow:input_ids: 2 7166 5652 1912 4 3592 7069 1949 13893 2217 3105 2675 3 2598 5182 28324 4 1973 8635 19267 6551 4 3242 16804 1036 8446 1028 16804 1036 3414 18197 1016 17185 3 0 0 0 0 0 0 0 0 0 0 0 0 0 0 0 0 0 0 0 0 0 0 0 0 0 0 0 0 0 0 0 0 0 0 0 0 0 0 0 0 0 0 0 0 0 0 0 0 0 0 0 0 0 0 0 0 0 0 0 0 0 0 0 0 0 0 0 0 0 0 0 0 0 0 0 0 0 0 0 0 0 0 0 0 0 0 0 0 0 0 0 0 0 0
I1103 05:03:17.419945 46990736581696 create_pretraining_data.py:161] input_ids: 2 7166 5652 1912 4 3592 7069 1949 13893 2217 3105 2675 3 2598 5182 28324 4 1973 8635 19267 6551 4 3242 16804 1036 8446 1028 16804 1036 3414 18197 1016 17185 3 0 0 0 0 0 0 0 0 0 0 0 0 0 0 0 0 0 0 0 0 0 0 0 0 0 0 0 0 0 0 0 0 0 0 0 0 0 0 0 0 0 0 0 0 0 0 0 0 0 0 0 0 0 0 0 0 0 0 0 0 0 0 0 0 0 0 0 0 0 0 0 0 0 0 0 0 0 0 0 0 0 0 0 0 0 0 0 0 0 0 0 0 0 0
INFO:tensorflow:input_mask: 1 1 1 1 1 1 1 1 1 1 1 1 1 1 1 1 1 1 1 1 1 1 1 1 1 1 1 1 1 1 1 1 1 1 0 0 0 0 0 0 0 0 0 0 0 0 0 0 0 0 0 0 0 0 0 0 0 0 0 0 0 0 0 0 0 0 0 0 0 0 0 0 0 0 0 0 0 0 0 0 0 0 0 0 0 0 0 0 0 0 0 0 0 0 0 0 0 0 0 0 0 0 0 0 0 0 0 0 0 0 0 0 0 0 0 0 0 0 0 0 0 0 0 0 0 0 0 0
I1103 05:03:17.420106 46990736581696 create_pretraining_data.py:161] input_mask: 1 1 1 1 1 1 1 1 1 1 1 1 1 1 1 1 1 1 1 1 1 1 1 1 1 1 1 1 1 1 1 1 1 1 0 0 0 0 0 0 0 0 0 0 0 0 0 0 0 0 0 0 0 0 0 0 0 0 0 0 0 0 0 0 0 0 0 0 0 0 0 0 0 0 0 0 0 0 0 0 0 0 0 0 0 0 0 0 0 0 0 0 0 0 0 0 0 0 0 0 0 0 0 0 0 0 0 0 0 0 0 0 0 0 0 0 0 0 0 0 0 0 0 0 0 0 0 0
INFO:tensorflow:segment_ids: 0 0 0 0 0 0 0 0 0 0 0 0 0 1 1 1 1 1 1 1 1 1 1 1 1 1 1 1 1 1 1 1 1 1 0 0 0 0 0 0 0 0 0 0 0 0 0 0 0 0 0 0 0 0 0 0 0 0 0 0 0 0 0 0 0 0 0 0 0 0 0 0 0 0 0 0 0 0 0 0 0 0 0 0 0 0 0 0 0 0 0 0 0 0 0 0 0 0 0 0 0 0 0 0 0 0 0 0 0 0 0 0 0 0 0 0 0 0 0 0 0 0 0 0 0 0 0 0
I1103 05:03:17.420262 46990736581696 create_pretraining_data.py:161] segment_ids: 0 0 0 0 0 0 0 0 0 0 0 0 0 1 1 1 1 1 1 1 1 1 1 1 1 1 1 1 1 1 1 1 1 1 0 0 0 0 0 0 0 0 0 0 0 0 0 0 0 0 0 0 0 0 0 0 0 0 0 0 0 0 0 0 0 0 0 0 0 0 0 0 0 0 0 0 0 0 0 0 0 0 0 0 0 0 0 0 0 0 0 0 0 0 0 0 0 0 0 0 0 0 0 0 0 0 0 0 0 0 0 0 0 0 0 0 0 0 0 0 0 0 0 0 0 0 0 0
INFO:tensorflow:masked_lm_positions: 4 8 15 16 21 0 0 0 0 0 0 0 0 0 0 0 0 0 0 0
I1103 05:03:17.420394 46990736581696 create_pretraining_data.py:161] masked_lm_positions: 4 8 15 16 21 0 0 0 0 0 0 0 0 0 0 0 0 0 0 0
INFO:tensorflow:masked_lm_ids: 9431 3308 3445 1914 5516 0 0 0 0 0 0 0 0 0 0 0 0 0 0 0
I1103 05:03:17.420507 46990736581696 create_pretraining_data.py:161] masked_lm_ids: 9431 3308 3445 1914 5516 0 0 0 0 0 0 0 0 0 0 0 0 0 0 0
INFO:tensorflow:masked_lm_weights: 1.0 1.0 1.0 1.0 1.0 0.0 0.0 0.0 0.0 0.0 0.0 0.0 0.0 0.0 0.0 0.0 0.0 0.0 0.0 0.0
I1103 05:03:17.420630 46990736581696 create_pretraining_data.py:161] masked_lm_weights: 1.0 1.0 1.0 1.0 1.0 0.0 0.0 0.0 0.0 0.0 0.0 0.0 0.0 0.0 0.0 0.0 0.0 0.0 0.0 0.0
INFO:tensorflow:next_sentence_labels: 1
I1103 05:03:17.420738 46990736581696 create_pretraining_data.py:161] next_sentence_labels: 1
INFO:tensorflow:*** Example ***
I1103 05:03:17.421493 46990736581696 create_pretraining_data.py:149] *** Example ***
INFO:tensorflow:tokens: [CLS] الي احدهم [MASK] [MASK] تخلو من الاخطاء فلا تجعل ##وا من الخطا ن ايه لكل شيء [SEP] جدول مباريات الاتحاد [MASK] حال [MASK] [MASK] الوحدات الاردني دوري ابطال اسيا [SEP]
I1103 05:03:17.421661 46990736581696 create_pretraining_data.py:151] tokens: [CLS] الي احدهم [MASK] [MASK] تخلو من الاخطاء فلا تجعل ##وا من الخطا ن ايه لكل شيء [SEP] جدول مباريات الاتحاد [MASK] حال [MASK] [MASK] الوحدات الاردني دوري ابطال اسيا [SEP]
INFO:tensorflow:input_ids: 2 2002 8555 4 4 24551 1908 18331 2828 5854 1928 1908 10193 413 4138 3164 2621 3 9390 5764 2816 4 2767 4 4 13530 17104 4299 7821 9419 3 0 0 0 0 0 0 0 0 0 0 0 0 0 0 0 0 0 0 0 0 0 0 0 0 0 0 0 0 0 0 0 0 0 0 0 0 0 0 0 0 0 0 0 0 0 0 0 0 0 0 0 0 0 0 0 0 0 0 0 0 0 0 0 0 0 0 0 0 0 0 0 0 0 0 0 0 0 0 0 0 0 0 0 0 0 0 0 0 0 0 0 0 0 0 0 0 0
I1103 05:03:17.421848 46990736581696 create_pretraining_data.py:161] input_ids: 2 2002 8555 4 4 24551 1908 18331 2828 5854 1928 1908 10193 413 4138 3164 2621 3 9390 5764 2816 4 2767 4 4 13530 17104 4299 7821 9419 3 0 0 0 0 0 0 0 0 0 0 0 0 0 0 0 0 0 0 0 0 0 0 0 0 0 0 0 0 0 0 0 0 0 0 0 0 0 0 0 0 0 0 0 0 0 0 0 0 0 0 0 0 0 0 0 0 0 0 0 0 0 0 0 0 0 0 0 0 0 0 0 0 0 0 0 0 0 0 0 0 0 0 0 0 0 0 0 0 0 0 0 0 0 0 0 0 0
INFO:tensorflow:input_mask: 1 1 1 1 1 1 1 1 1 1 1 1 1 1 1 1 1 1 1 1 1 1 1 1 1 1 1 1 1 1 1 0 0 0 0 0 0 0 0 0 0 0 0 0 0 0 0 0 0 0 0 0 0 0 0 0 0 0 0 0 0 0 0 0 0 0 0 0 0 0 0 0 0 0 0 0 0 0 0 0 0 0 0 0 0 0 0 0 0 0 0 0 0 0 0 0 0 0 0 0 0 0 0 0 0 0 0 0 0 0 0 0 0 0 0 0 0 0 0 0 0 0 0 0 0 0 0 0
I1103 05:03:17.422011 46990736581696 create_pretraining_data.py:161] input_mask: 1 1 1 1 1 1 1 1 1 1 1 1 1 1 1 1 1 1 1 1 1 1 1 1 1 1 1 1 1 1 1 0 0 0 0 0 0 0 0 0 0 0 0 0 0 0 0 0 0 0 0 0 0 0 0 0 0 0 0 0 0 0 0 0 0 0 0 0 0 0 0 0 0 0 0 0 0 0 0 0 0 0 0 0 0 0 0 0 0 0 0 0 0 0 0 0 0 0 0 0 0 0 0 0 0 0 0 0 0 0 0 0 0 0 0 0 0 0 0 0 0 0 0 0 0 0 0 0
INFO:tensorflow:segment_ids: 0 0 0 0 0 0 0 0 0 0 0 0 0 0 0 0 0 0 1 1 1 1 1 1 1 1 1 1 1 1 1 0 0 0 0 0 0 0 0 0 0 0 0 0 0 0 0 0 0 0 0 0 0 0 0 0 0 0 0 0 0 0 0 0 0 0 0 0 0 0 0 0 0 0 0 0 0 0 0 0 0 0 0 0 0 0 0 0 0 0 0 0 0 0 0 0 0 0 0 0 0 0 0 0 0 0 0 0 0 0 0 0 0 0 0 0 0 0 0 0 0 0 0 0 0 0 0 0
I1103 05:03:17.422166 46990736581696 create_pretraining_data.py:161] segment_ids: 0 0 0 0 0 0 0 0 0 0 0 0 0 0 0 0 0 0 1 1 1 1 1 1 1 1 1 1 1 1 1 0 0 0 0 0 0 0 0 0 0 0 0 0 0 0 0 0 0 0 0 0 0 0 0 0 0 0 0 0 0 0 0 0 0 0 0 0 0 0 0 0 0 0 0 0 0 0 0 0 0 0 0 0 0 0 0 0 0 0 0 0 0 0 0 0 0 0 0 0 0 0 0 0 0 0 0 0 0 0 0 0 0 0 0 0 0 0 0 0 0 0 0 0 0 0 0 0
INFO:tensorflow:masked_lm_positions: 3 4 21 23 24 0 0 0 0 0 0 0 0 0 0 0 0 0 0 0
I1103 05:03:17.422295 46990736581696 create_pretraining_data.py:161] masked_lm_positions: 3 4 21 23 24 0 0 0 0 0 0 0 0 0 0 0 0 0 0 0
INFO:tensorflow:masked_lm_ids: 3014 1963 1912 6443 1028 0 0 0 0 0 0 0 0 0 0 0 0 0 0 0
I1103 05:03:17.422410 46990736581696 create_pretraining_data.py:161] masked_lm_ids: 3014 1963 1912 6443 1028 0 0 0 0 0 0 0 0 0 0 0 0 0 0 0
INFO:tensorflow:masked_lm_weights: 1.0 1.0 1.0 1.0 1.0 0.0 0.0 0.0 0.0 0.0 0.0 0.0 0.0 0.0 0.0 0.0 0.0 0.0 0.0 0.0
I1103 05:03:17.422526 46990736581696 create_pretraining_data.py:161] masked_lm_weights: 1.0 1.0 1.0 1.0 1.0 0.0 0.0 0.0 0.0 0.0 0.0 0.0 0.0 0.0 0.0 0.0 0.0 0.0 0.0 0.0
INFO:tensorflow:next_sentence_labels: 1
I1103 05:03:17.422636 46990736581696 create_pretraining_data.py:161] next_sentence_labels: 1
INFO:tensorflow:*** Example ***
I1103 05:03:17.423385 46990736581696 create_pretraining_data.py:149] *** Example ***
INFO:tensorflow:tokens: [CLS] افا ##ا ملي ##تي [MASK] [SEP] اسقاط القروض عن المرابطين جنود بوا ##سل يستحقون اكثر [MASK] ذلك تشرق [MASK] ##ه تستاهل ان يف ##دو ##ها ابناء ##ها بار ##واح ##هم [MASK] الله ان يسد ##د رميهم ويص ##وب رايه ##م [SEP]
I1103 05:03:17.423549 46990736581696 create_pretraining_data.py:151] tokens: [CLS] افا ##ا ملي ##تي [MASK] [SEP] اسقاط القروض عن المرابطين جنود بوا ##سل يستحقون اكثر [MASK] ذلك تشرق [MASK] ##ه تستاهل ان يف ##دو ##ها ابناء ##ها بار ##واح ##هم [MASK] الله ان يسد ##د رميهم ويص ##وب رايه ##م [SEP]
INFO:tensorflow:input_ids: 2 19267 1007 2612 2005 4 3 13621 11429 1955 15239 6181 3935 3758 20842 2695 4 2271 25382 4 1028 9588 1939 3078 8412 1913 7534 1913 3434 5369 1949 4 1953 1939 25865 1016 14784 14474 2058 21309 1015 3 0 0 0 0 0 0 0 0 0 0 0 0 0 0 0 0 0 0 0 0 0 0 0 0 0 0 0 0 0 0 0 0 0 0 0 0 0 0 0 0 0 0 0 0 0 0 0 0 0 0 0 0 0 0 0 0 0 0 0 0 0 0 0 0 0 0 0 0 0 0 0 0 0 0 0 0 0 0 0 0 0 0 0 0 0 0
I1103 05:03:17.423748 46990736581696 create_pretraining_data.py:161] input_ids: 2 19267 1007 2612 2005 4 3 13621 11429 1955 15239 6181 3935 3758 20842 2695 4 2271 25382 4 1028 9588 1939 3078 8412 1913 7534 1913 3434 5369 1949 4 1953 1939 25865 1016 14784 14474 2058 21309 1015 3 0 0 0 0 0 0 0 0 0 0 0 0 0 0 0 0 0 0 0 0 0 0 0 0 0 0 0 0 0 0 0 0 0 0 0 0 0 0 0 0 0 0 0 0 0 0 0 0 0 0 0 0 0 0 0 0 0 0 0 0 0 0 0 0 0 0 0 0 0 0 0 0 0 0 0 0 0 0 0 0 0 0 0 0 0 0
INFO:tensorflow:input_mask: 1 1 1 1 1 1 1 1 1 1 1 1 1 1 1 1 1 1 1 1 1 1 1 1 1 1 1 1 1 1 1 1 1 1 1 1 1 1 1 1 1 1 0 0 0 0 0 0 0 0 0 0 0 0 0 0 0 0 0 0 0 0 0 0 0 0 0 0 0 0 0 0 0 0 0 0 0 0 0 0 0 0 0 0 0 0 0 0 0 0 0 0 0 0 0 0 0 0 0 0 0 0 0 0 0 0 0 0 0 0 0 0 0 0 0 0 0 0 0 0 0 0 0 0 0 0 0 0
I1103 05:03:17.423913 46990736581696 create_pretraining_data.py:161] input_mask: 1 1 1 1 1 1 1 1 1 1 1 1 1 1 1 1 1 1 1 1 1 1 1 1 1 1 1 1 1 1 1 1 1 1 1 1 1 1 1 1 1 1 0 0 0 0 0 0 0 0 0 0 0 0 0 0 0 0 0 0 0 0 0 0 0 0 0 0 0 0 0 0 0 0 0 0 0 0 0 0 0 0 0 0 0 0 0 0 0 0 0 0 0 0 0 0 0 0 0 0 0 0 0 0 0 0 0 0 0 0 0 0 0 0 0 0 0 0 0 0 0 0 0 0 0 0 0 0
INFO:tensorflow:segment_ids: 0 0 0 0 0 0 0 1 1 1 1 1 1 1 1 1 1 1 1 1 1 1 1 1 1 1 1 1 1 1 1 1 1 1 1 1 1 1 1 1 1 1 0 0 0 0 0 0 0 0 0 0 0 0 0 0 0 0 0 0 0 0 0 0 0 0 0 0 0 0 0 0 0 0 0 0 0 0 0 0 0 0 0 0 0 0 0 0 0 0 0 0 0 0 0 0 0 0 0 0 0 0 0 0 0 0 0 0 0 0 0 0 0 0 0 0 0 0 0 0 0 0 0 0 0 0 0 0
I1103 05:03:17.424072 46990736581696 create_pretraining_data.py:161] segment_ids: 0 0 0 0 0 0 0 1 1 1 1 1 1 1 1 1 1 1 1 1 1 1 1 1 1 1 1 1 1 1 1 1 1 1 1 1 1 1 1 1 1 1 0 0 0 0 0 0 0 0 0 0 0 0 0 0 0 0 0 0 0 0 0 0 0 0 0 0 0 0 0 0 0 0 0 0 0 0 0 0 0 0 0 0 0 0 0 0 0 0 0 0 0 0 0 0 0 0 0 0 0 0 0 0 0 0 0 0 0 0 0 0 0 0 0 0 0 0 0 0 0 0 0 0 0 0 0 0
INFO:tensorflow:masked_lm_positions: 5 16 18 19 20 31 0 0 0 0 0 0 0 0 0 0 0 0 0 0
I1103 05:03:17.424189 46990736581696 create_pretraining_data.py:161] masked_lm_positions: 5 16 18 19 20 31 0 0 0 0 0 0 0 0 0 0 0 0 0 0
INFO:tensorflow:masked_lm_ids: 4397 1908 6229 26780 1028 13314 0 0 0 0 0 0 0 0 0 0 0 0 0 0
I1103 05:03:17.424316 46990736581696 create_pretraining_data.py:161] masked_lm_ids: 4397 1908 6229 26780 1028 13314 0 0 0 0 0 0 0 0 0 0 0 0 0 0
INFO:tensorflow:masked_lm_weights: 1.0 1.0 1.0 1.0 1.0 1.0 0.0 0.0 0.0 0.0 0.0 0.0 0.0 0.0 0.0 0.0 0.0 0.0 0.0 0.0
I1103 05:03:17.424434 46990736581696 create_pretraining_data.py:161] masked_lm_weights: 1.0 1.0 1.0 1.0 1.0 1.0 0.0 0.0 0.0 0.0 0.0 0.0 0.0 0.0 0.0 0.0 0.0 0.0 0.0 0.0
INFO:tensorflow:next_sentence_labels: 1
I1103 05:03:17.424539 46990736581696 create_pretraining_data.py:161] next_sentence_labels: 1
INFO:tensorflow:*** Example ***
I1103 05:03:17.425292 46990736581696 create_pretraining_data.py:149] *** Example ***
INFO:tensorflow:tokens: [CLS] اي ##كر كاس ##ياس سيس ##جل اليوم [MASK] [MASK] كال ##لاعب الاكثر ظهور ##ا في دوري ##يمات برصيد 15 ##8 مباراه متف ##وقا علي تشا ##في 15 ##7 [SEP] وينه ##ا عيون تعبت [MASK] [MASK] ي ح ايات الليالي في غلا ##ي [MASK] شي اشتاق ل و اشتقت له وين اشتقت ل عيون ي [MASK] [MASK] [SEP]
I1103 05:03:17.425463 46990736581696 create_pretraining_data.py:151] tokens: [CLS] اي ##كر كاس ##ياس سيس ##جل اليوم [MASK] [MASK] كال ##لاعب الاكثر ظهور ##ا في دوري ##يمات برصيد 15 ##8 مباراه متف ##وقا علي تشا ##في 15 ##7 [SEP] وينه ##ا عيون تعبت [MASK] [MASK] ي ح ايات الليالي في غلا ##ي [MASK] شي اشتاق ل و اشتقت له وين اشتقت ل عيون ي [MASK] [MASK] [SEP]
INFO:tensorflow:input_ids: 2 2218 2014 5668 4509 11841 2293 2217 4 4 3881 9535 9442 7694 1007 1912 4299 7033 17346 2986 1018 5176 12044 19422 1958 28501 2007 2986 1058 3 25611 1007 3005 12907 4 4 417 393 18466 12163 1912 10560 1013 4 2228 11447 411 415 8451 2154 3266 8451 411 3005 417 4 4 3 0 0 0 0 0 0 0 0 0 0 0 0 0 0 0 0 0 0 0 0 0 0 0 0 0 0 0 0 0 0 0 0 0 0 0 0 0 0 0 0 0 0 0 0 0 0 0 0 0 0 0 0 0 0 0 0 0 0 0 0 0 0 0 0 0 0 0 0 0 0
I1103 05:03:17.425660 46990736581696 create_pretraining_data.py:161] input_ids: 2 2218 2014 5668 4509 11841 2293 2217 4 4 3881 9535 9442 7694 1007 1912 4299 7033 17346 2986 1018 5176 12044 19422 1958 28501 2007 2986 1058 3 25611 1007 3005 12907 4 4 417 393 18466 12163 1912 10560 1013 4 2228 11447 411 415 8451 2154 3266 8451 411 3005 417 4 4 3 0 0 0 0 0 0 0 0 0 0 0 0 0 0 0 0 0 0 0 0 0 0 0 0 0 0 0 0 0 0 0 0 0 0 0 0 0 0 0 0 0 0 0 0 0 0 0 0 0 0 0 0 0 0 0 0 0 0 0 0 0 0 0 0 0 0 0 0 0 0
INFO:tensorflow:input_mask: 1 1 1 1 1 1 1 1 1 1 1 1 1 1 1 1 1 1 1 1 1 1 1 1 1 1 1 1 1 1 1 1 1 1 1 1 1 1 1 1 1 1 1 1 1 1 1 1 1 1 1 1 1 1 1 1 1 1 0 0 0 0 0 0 0 0 0 0 0 0 0 0 0 0 0 0 0 0 0 0 0 0 0 0 0 0 0 0 0 0 0 0 0 0 0 0 0 0 0 0 0 0 0 0 0 0 0 0 0 0 0 0 0 0 0 0 0 0 0 0 0 0 0 0 0 0 0 0
I1103 05:03:17.425828 46990736581696 create_pretraining_data.py:161] input_mask: 1 1 1 1 1 1 1 1 1 1 1 1 1 1 1 1 1 1 1 1 1 1 1 1 1 1 1 1 1 1 1 1 1 1 1 1 1 1 1 1 1 1 1 1 1 1 1 1 1 1 1 1 1 1 1 1 1 1 0 0 0 0 0 0 0 0 0 0 0 0 0 0 0 0 0 0 0 0 0 0 0 0 0 0 0 0 0 0 0 0 0 0 0 0 0 0 0 0 0 0 0 0 0 0 0 0 0 0 0 0 0 0 0 0 0 0 0 0 0 0 0 0 0 0 0 0 0 0
INFO:tensorflow:segment_ids: 0 0 0 0 0 0 0 0 0 0 0 0 0 0 0 0 0 0 0 0 0 0 0 0 0 0 0 0 0 0 1 1 1 1 1 1 1 1 1 1 1 1 1 1 1 1 1 1 1 1 1 1 1 1 1 1 1 1 0 0 0 0 0 0 0 0 0 0 0 0 0 0 0 0 0 0 0 0 0 0 0 0 0 0 0 0 0 0 0 0 0 0 0 0 0 0 0 0 0 0 0 0 0 0 0 0 0 0 0 0 0 0 0 0 0 0 0 0 0 0 0 0 0 0 0 0 0 0
I1103 05:03:17.425951 46990736581696 create_pretraining_data.py:161] segment_ids: 0 0 0 0 0 0 0 0 0 0 0 0 0 0 0 0 0 0 0 0 0 0 0 0 0 0 0 0 0 0 1 1 1 1 1 1 1 1 1 1 1 1 1 1 1 1 1 1 1 1 1 1 1 1 1 1 1 1 0 0 0 0 0 0 0 0 0 0 0 0 0 0 0 0 0 0 0 0 0 0 0 0 0 0 0 0 0 0 0 0 0 0 0 0 0 0 0 0 0 0 0 0 0 0 0 0 0 0 0 0 0 0 0 0 0 0 0 0 0 0 0 0 0 0 0 0 0 0
INFO:tensorflow:masked_lm_positions: 8 9 12 17 34 35 43 55 56 0 0 0 0 0 0 0 0 0 0 0
I1103 05:03:17.426043 46990736581696 create_pretraining_data.py:161] masked_lm_positions: 8 9 12 17 34 35 43 55 56 0 0 0 0 0 0 0 0 0 0 0
INFO:tensorflow:masked_lm_ids: 3128 22944 9442 12704 1908 23024 411 9296 1013 0 0 0 0 0 0 0 0 0 0 0
I1103 05:03:17.426145 46990736581696 create_pretraining_data.py:161] masked_lm_ids: 3128 22944 9442 12704 1908 23024 411 9296 1013 0 0 0 0 0 0 0 0 0 0 0
INFO:tensorflow:masked_lm_weights: 1.0 1.0 1.0 1.0 1.0 1.0 1.0 1.0 1.0 0.0 0.0 0.0 0.0 0.0 0.0 0.0 0.0 0.0 0.0 0.0
I1103 05:03:17.426240 46990736581696 create_pretraining_data.py:161] masked_lm_weights: 1.0 1.0 1.0 1.0 1.0 1.0 1.0 1.0 1.0 0.0 0.0 0.0 0.0 0.0 0.0 0.0 0.0 0.0 0.0 0.0
INFO:tensorflow:next_sentence_labels: 1
I1103 05:03:17.426324 46990736581696 create_pretraining_data.py:161] next_sentence_labels: 1
INFO:tensorflow:*** Example ***
I1103 05:03:17.426941 46990736581696 create_pretraining_data.py:149] *** Example ***
INFO:tensorflow:tokens: [CLS] [MASK] [MASK] بليز انا يدي ##ده بتويتر وعند ##ي شقه ومط ##لقه [MASK] يلت [MASK] وشعر ##ي اش ##قر لإنهاء حضن وري ##تويت [SEP] اغ ##يب ما دام غيري كمل الباقي انا [MASK] احب الحضور اللي بلا معني قروب سما ##ح للدعم [SEP]
I1103 05:03:17.427078 46990736581696 create_pretraining_data.py:151] tokens: [CLS] [MASK] [MASK] بليز انا يدي ##ده بتويتر وعند ##ي شقه ومط ##لقه [MASK] يلت [MASK] وشعر ##ي اش ##قر لإنهاء حضن وري ##تويت [SEP] اغ ##يب ما دام غيري كمل الباقي انا [MASK] احب الحضور اللي بلا معني قروب سما ##ح للدعم [SEP]
INFO:tensorflow:input_ids: 2 4 4 13324 2315 7580 2124 14756 5220 1013 20857 18881 6216 4 5403 4 24600 1013 2312 2301 25010 15444 10973 2723 3 2803 2062 1972 5414 10040 24922 14288 2315 4 2744 9247 2115 2701 7845 2543 4797 1032 2679 3 0 0 0 0 0 0 0 0 0 0 0 0 0 0 0 0 0 0 0 0 0 0 0 0 0 0 0 0 0 0 0 0 0 0 0 0 0 0 0 0 0 0 0 0 0 0 0 0 0 0 0 0 0 0 0 0 0 0 0 0 0 0 0 0 0 0 0 0 0 0 0 0 0 0 0 0 0 0 0 0 0 0 0 0
I1103 05:03:17.427218 46990736581696 create_pretraining_data.py:161] input_ids: 2 4 4 13324 2315 7580 2124 14756 5220 1013 20857 18881 6216 4 5403 4 24600 1013 2312 2301 25010 15444 10973 2723 3 2803 2062 1972 5414 10040 24922 14288 2315 4 2744 9247 2115 2701 7845 2543 4797 1032 2679 3 0 0 0 0 0 0 0 0 0 0 0 0 0 0 0 0 0 0 0 0 0 0 0 0 0 0 0 0 0 0 0 0 0 0 0 0 0 0 0 0 0 0 0 0 0 0 0 0 0 0 0 0 0 0 0 0 0 0 0 0 0 0 0 0 0 0 0 0 0 0 0 0 0 0 0 0 0 0 0 0 0 0 0 0
INFO:tensorflow:input_mask: 1 1 1 1 1 1 1 1 1 1 1 1 1 1 1 1 1 1 1 1 1 1 1 1 1 1 1 1 1 1 1 1 1 1 1 1 1 1 1 1 1 1 1 1 0 0 0 0 0 0 0 0 0 0 0 0 0 0 0 0 0 0 0 0 0 0 0 0 0 0 0 0 0 0 0 0 0 0 0 0 0 0 0 0 0 0 0 0 0 0 0 0 0 0 0 0 0 0 0 0 0 0 0 0 0 0 0 0 0 0 0 0 0 0 0 0 0 0 0 0 0 0 0 0 0 0 0 0
I1103 05:03:17.427346 46990736581696 create_pretraining_data.py:161] input_mask: 1 1 1 1 1 1 1 1 1 1 1 1 1 1 1 1 1 1 1 1 1 1 1 1 1 1 1 1 1 1 1 1 1 1 1 1 1 1 1 1 1 1 1 1 0 0 0 0 0 0 0 0 0 0 0 0 0 0 0 0 0 0 0 0 0 0 0 0 0 0 0 0 0 0 0 0 0 0 0 0 0 0 0 0 0 0 0 0 0 0 0 0 0 0 0 0 0 0 0 0 0 0 0 0 0 0 0 0 0 0 0 0 0 0 0 0 0 0 0 0 0 0 0 0 0 0 0 0
INFO:tensorflow:segment_ids: 0 0 0 0 0 0 0 0 0 0 0 0 0 0 0 0 0 0 0 0 0 0 0 0 0 1 1 1 1 1 1 1 1 1 1 1 1 1 1 1 1 1 1 1 0 0 0 0 0 0 0 0 0 0 0 0 0 0 0 0 0 0 0 0 0 0 0 0 0 0 0 0 0 0 0 0 0 0 0 0 0 0 0 0 0 0 0 0 0 0 0 0 0 0 0 0 0 0 0 0 0 0 0 0 0 0 0 0 0 0 0 0 0 0 0 0 0 0 0 0 0 0 0 0 0 0 0 0
I1103 05:03:17.427469 46990736581696 create_pretraining_data.py:161] segment_ids: 0 0 0 0 0 0 0 0 0 0 0 0 0 0 0 0 0 0 0 0 0 0 0 0 0 1 1 1 1 1 1 1 1 1 1 1 1 1 1 1 1 1 1 1 0 0 0 0 0 0 0 0 0 0 0 0 0 0 0 0 0 0 0 0 0 0 0 0 0 0 0 0 0 0 0 0 0 0 0 0 0 0 0 0 0 0 0 0 0 0 0 0 0 0 0 0 0 0 0 0 0 0 0 0 0 0 0 0 0 0 0 0 0 0 0 0 0 0 0 0 0 0 0 0 0 0 0 0
INFO:tensorflow:masked_lm_positions: 1 2 13 14 15 20 33 0 0 0 0 0 0 0 0 0 0 0 0 0
I1103 05:03:17.427560 46990736581696 create_pretraining_data.py:161] masked_lm_positions: 1 2 13 14 15 20 33 0 0 0 0 0 0 0 0 0 0 0 0 0
INFO:tensorflow:masked_lm_ids: 21626 24420 5688 1997 2204 22140 1972 0 0 0 0 0 0 0 0 0 0 0 0 0
I1103 05:03:17.427656 46990736581696 create_pretraining_data.py:161] masked_lm_ids: 21626 24420 5688 1997 2204 22140 1972 0 0 0 0 0 0 0 0 0 0 0 0 0
INFO:tensorflow:masked_lm_weights: 1.0 1.0 1.0 1.0 1.0 1.0 1.0 0.0 0.0 0.0 0.0 0.0 0.0 0.0 0.0 0.0 0.0 0.0 0.0 0.0
I1103 05:03:17.427762 46990736581696 create_pretraining_data.py:161] masked_lm_weights: 1.0 1.0 1.0 1.0 1.0 1.0 1.0 0.0 0.0 0.0 0.0 0.0 0.0 0.0 0.0 0.0 0.0 0.0 0.0 0.0
INFO:tensorflow:next_sentence_labels: 1
I1103 05:03:17.427848 46990736581696 create_pretraining_data.py:161] next_sentence_labels: 1
INFO:tensorflow:*** Example ***
I1103 05:03:17.428462 46990736581696 create_pretraining_data.py:149] *** Example ***
INFO:tensorflow:tokens: [CLS] شعار السعاده دائما الرضي [MASK] يقدر ##ه الله [SEP] 10 12 يشغل ##ه [MASK] او [MASK] [MASK] الذي يع ##لوه مباشره 2 [MASK] تت ##وافر الهزيمة الطبيب شروط شغل الوظيف ##ه الاشراف ##يه الرئاسي ##ه 3 اذا كانت الوظيف ##ه الطبيه [SEP]
I1103 05:03:17.428596 46990736581696 create_pretraining_data.py:151] tokens: [CLS] شعار السعاده دائما الرضي [MASK] يقدر ##ه الله [SEP] 10 12 يشغل ##ه [MASK] او [MASK] [MASK] الذي يع ##لوه مباشره 2 [MASK] تت ##وافر الهزيمة الطبيب شروط شغل الوظيف ##ه الاشراف ##يه الرئاسي ##ه 3 اذا كانت الوظيف ##ه الطبيه [SEP]
INFO:tensorflow:input_ids: 2 7553 4558 3357 23170 4 7518 1028 1953 3 2667 2919 21529 1028 4 2213 4 4 2130 2170 7677 12817 22 4 2201 23071 26536 8976 6239 11302 17718 1028 10393 1988 18694 1028 23 2387 2431 17718 1028 18582 3 0 0 0 0 0 0 0 0 0 0 0 0 0 0 0 0 0 0 0 0 0 0 0 0 0 0 0 0 0 0 0 0 0 0 0 0 0 0 0 0 0 0 0 0 0 0 0 0 0 0 0 0 0 0 0 0 0 0 0 0 0 0 0 0 0 0 0 0 0 0 0 0 0 0 0 0 0 0 0 0 0 0 0 0 0
I1103 05:03:17.428745 46990736581696 create_pretraining_data.py:161] input_ids: 2 7553 4558 3357 23170 4 7518 1028 1953 3 2667 2919 21529 1028 4 2213 4 4 2130 2170 7677 12817 22 4 2201 23071 26536 8976 6239 11302 17718 1028 10393 1988 18694 1028 23 2387 2431 17718 1028 18582 3 0 0 0 0 0 0 0 0 0 0 0 0 0 0 0 0 0 0 0 0 0 0 0 0 0 0 0 0 0 0 0 0 0 0 0 0 0 0 0 0 0 0 0 0 0 0 0 0 0 0 0 0 0 0 0 0 0 0 0 0 0 0 0 0 0 0 0 0 0 0 0 0 0 0 0 0 0 0 0 0 0 0 0 0 0
INFO:tensorflow:input_mask: 1 1 1 1 1 1 1 1 1 1 1 1 1 1 1 1 1 1 1 1 1 1 1 1 1 1 1 1 1 1 1 1 1 1 1 1 1 1 1 1 1 1 1 0 0 0 0 0 0 0 0 0 0 0 0 0 0 0 0 0 0 0 0 0 0 0 0 0 0 0 0 0 0 0 0 0 0 0 0 0 0 0 0 0 0 0 0 0 0 0 0 0 0 0 0 0 0 0 0 0 0 0 0 0 0 0 0 0 0 0 0 0 0 0 0 0 0 0 0 0 0 0 0 0 0 0 0 0
I1103 05:03:17.428871 46990736581696 create_pretraining_data.py:161] input_mask: 1 1 1 1 1 1 1 1 1 1 1 1 1 1 1 1 1 1 1 1 1 1 1 1 1 1 1 1 1 1 1 1 1 1 1 1 1 1 1 1 1 1 1 0 0 0 0 0 0 0 0 0 0 0 0 0 0 0 0 0 0 0 0 0 0 0 0 0 0 0 0 0 0 0 0 0 0 0 0 0 0 0 0 0 0 0 0 0 0 0 0 0 0 0 0 0 0 0 0 0 0 0 0 0 0 0 0 0 0 0 0 0 0 0 0 0 0 0 0 0 0 0 0 0 0 0 0 0
INFO:tensorflow:segment_ids: 0 0 0 0 0 0 0 0 0 0 1 1 1 1 1 1 1 1 1 1 1 1 1 1 1 1 1 1 1 1 1 1 1 1 1 1 1 1 1 1 1 1 1 0 0 0 0 0 0 0 0 0 0 0 0 0 0 0 0 0 0 0 0 0 0 0 0 0 0 0 0 0 0 0 0 0 0 0 0 0 0 0 0 0 0 0 0 0 0 0 0 0 0 0 0 0 0 0 0 0 0 0 0 0 0 0 0 0 0 0 0 0 0 0 0 0 0 0 0 0 0 0 0 0 0 0 0 0
I1103 05:03:17.428994 46990736581696 create_pretraining_data.py:161] segment_ids: 0 0 0 0 0 0 0 0 0 0 1 1 1 1 1 1 1 1 1 1 1 1 1 1 1 1 1 1 1 1 1 1 1 1 1 1 1 1 1 1 1 1 1 0 0 0 0 0 0 0 0 0 0 0 0 0 0 0 0 0 0 0 0 0 0 0 0 0 0 0 0 0 0 0 0 0 0 0 0 0 0 0 0 0 0 0 0 0 0 0 0 0 0 0 0 0 0 0 0 0 0 0 0 0 0 0 0 0 0 0 0 0 0 0 0 0 0 0 0 0 0 0 0 0 0 0 0 0
INFO:tensorflow:masked_lm_positions: 5 14 16 17 23 26 0 0 0 0 0 0 0 0 0 0 0 0 0 0
I1103 05:03:17.429085 46990736581696 create_pretraining_data.py:161] masked_lm_positions: 5 14 16 17 23 26 0 0 0 0 0 0 0 0 0 0 0 0 0 0
INFO:tensorflow:masked_lm_ids: 2908 8976 13945 1971 1939 1912 0 0 0 0 0 0 0 0 0 0 0 0 0 0
I1103 05:03:17.429174 46990736581696 create_pretraining_data.py:161] masked_lm_ids: 2908 8976 13945 1971 1939 1912 0 0 0 0 0 0 0 0 0 0 0 0 0 0
INFO:tensorflow:masked_lm_weights: 1.0 1.0 1.0 1.0 1.0 1.0 0.0 0.0 0.0 0.0 0.0 0.0 0.0 0.0 0.0 0.0 0.0 0.0 0.0 0.0
I1103 05:03:17.429266 46990736581696 create_pretraining_data.py:161] masked_lm_weights: 1.0 1.0 1.0 1.0 1.0 1.0 0.0 0.0 0.0 0.0 0.0 0.0 0.0 0.0 0.0 0.0 0.0 0.0 0.0 0.0
INFO:tensorflow:next_sentence_labels: 1
I1103 05:03:17.429366 46990736581696 create_pretraining_data.py:161] next_sentence_labels: 1
INFO:tensorflow:*** Example ***
I1103 05:03:17.429983 46990736581696 create_pretraining_data.py:149] *** Example ***
INFO:tensorflow:tokens: [CLS] وجهه نظر اسيا يبي ##لها لاعبين [MASK] سوبر يعط ##ون هيبه للفريق وعند ##هم كاري ##زما اتذكر في [MASK] ##aw سامسونج يتصور ##ون مع است ##يش ##كو ##ف [SEP] ركعت ##ا الضحي تقبل [MASK] منا ومن ##كم صلاه الضحي 2004 هذا [MASK] [SEP]
I1103 05:03:17.430116 46990736581696 create_pretraining_data.py:151] tokens: [CLS] وجهه نظر اسيا يبي ##لها لاعبين [MASK] سوبر يعط ##ون هيبه للفريق وعند ##هم كاري ##زما اتذكر في [MASK] ##aw سامسونج يتصور ##ون مع است ##يش ##كو ##ف [SEP] ركعت ##ا الضحي تقبل [MASK] منا ومن ##كم صلاه الضحي 2004 هذا [MASK] [SEP]
INFO:tensorflow:input_ids: 2 7962 4461 9419 7345 2728 9747 4 12366 8164 1922 17187 11751 5220 1949 22539 19417 21220 1912 4 12878 12653 29355 1922 1973 2052 2336 2826 1037 3 24705 1007 14949 8035 4 3501 2298 2018 5094 14949 9563 2085 4 3 0 0 0 0 0 0 0 0 0 0 0 0 0 0 0 0 0 0 0 0 0 0 0 0 0 0 0 0 0 0 0 0 0 0 0 0 0 0 0 0 0 0 0 0 0 0 0 0 0 0 0 0 0 0 0 0 0 0 0 0 0 0 0 0 0 0 0 0 0 0 0 0 0 0 0 0 0 0 0 0 0 0 0 0
I1103 05:03:17.430257 46990736581696 create_pretraining_data.py:161] input_ids: 2 7962 4461 9419 7345 2728 9747 4 12366 8164 1922 17187 11751 5220 1949 22539 19417 21220 1912 4 12878 12653 29355 1922 1973 2052 2336 2826 1037 3 24705 1007 14949 8035 4 3501 2298 2018 5094 14949 9563 2085 4 3 0 0 0 0 0 0 0 0 0 0 0 0 0 0 0 0 0 0 0 0 0 0 0 0 0 0 0 0 0 0 0 0 0 0 0 0 0 0 0 0 0 0 0 0 0 0 0 0 0 0 0 0 0 0 0 0 0 0 0 0 0 0 0 0 0 0 0 0 0 0 0 0 0 0 0 0 0 0 0 0 0 0 0 0
INFO:tensorflow:input_mask: 1 1 1 1 1 1 1 1 1 1 1 1 1 1 1 1 1 1 1 1 1 1 1 1 1 1 1 1 1 1 1 1 1 1 1 1 1 1 1 1 1 1 1 1 0 0 0 0 0 0 0 0 0 0 0 0 0 0 0 0 0 0 0 0 0 0 0 0 0 0 0 0 0 0 0 0 0 0 0 0 0 0 0 0 0 0 0 0 0 0 0 0 0 0 0 0 0 0 0 0 0 0 0 0 0 0 0 0 0 0 0 0 0 0 0 0 0 0 0 0 0 0 0 0 0 0 0 0
I1103 05:03:17.430384 46990736581696 create_pretraining_data.py:161] input_mask: 1 1 1 1 1 1 1 1 1 1 1 1 1 1 1 1 1 1 1 1 1 1 1 1 1 1 1 1 1 1 1 1 1 1 1 1 1 1 1 1 1 1 1 1 0 0 0 0 0 0 0 0 0 0 0 0 0 0 0 0 0 0 0 0 0 0 0 0 0 0 0 0 0 0 0 0 0 0 0 0 0 0 0 0 0 0 0 0 0 0 0 0 0 0 0 0 0 0 0 0 0 0 0 0 0 0 0 0 0 0 0 0 0 0 0 0 0 0 0 0 0 0 0 0 0 0 0 0
INFO:tensorflow:segment_ids: 0 0 0 0 0 0 0 0 0 0 0 0 0 0 0 0 0 0 0 0 0 0 0 0 0 0 0 0 0 0 1 1 1 1 1 1 1 1 1 1 1 1 1 1 0 0 0 0 0 0 0 0 0 0 0 0 0 0 0 0 0 0 0 0 0 0 0 0 0 0 0 0 0 0 0 0 0 0 0 0 0 0 0 0 0 0 0 0 0 0 0 0 0 0 0 0 0 0 0 0 0 0 0 0 0 0 0 0 0 0 0 0 0 0 0 0 0 0 0 0 0 0 0 0 0 0 0 0
I1103 05:03:17.430506 46990736581696 create_pretraining_data.py:161] segment_ids: 0 0 0 0 0 0 0 0 0 0 0 0 0 0 0 0 0 0 0 0 0 0 0 0 0 0 0 0 0 0 1 1 1 1 1 1 1 1 1 1 1 1 1 1 0 0 0 0 0 0 0 0 0 0 0 0 0 0 0 0 0 0 0 0 0 0 0 0 0 0 0 0 0 0 0 0 0 0 0 0 0 0 0 0 0 0 0 0 0 0 0 0 0 0 0 0 0 0 0 0 0 0 0 0 0 0 0 0 0 0 0 0 0 0 0 0 0 0 0 0 0 0 0 0 0 0 0 0
INFO:tensorflow:masked_lm_positions: 6 7 19 20 34 40 42 0 0 0 0 0 0 0 0 0 0 0 0 0
I1103 05:03:17.430597 46990736581696 create_pretraining_data.py:161] masked_lm_positions: 6 7 19 20 34 40 42 0 0 0 0 0 0 0 0 0 0 0 0 0
INFO:tensorflow:masked_lm_ids: 9747 22861 9419 9747 1953 4513 15379 0 0 0 0 0 0 0 0 0 0 0 0 0
I1103 05:03:17.430693 46990736581696 create_pretraining_data.py:161] masked_lm_ids: 9747 22861 9419 9747 1953 4513 15379 0 0 0 0 0 0 0 0 0 0 0 0 0
INFO:tensorflow:masked_lm_weights: 1.0 1.0 1.0 1.0 1.0 1.0 1.0 0.0 0.0 0.0 0.0 0.0 0.0 0.0 0.0 0.0 0.0 0.0 0.0 0.0
I1103 05:03:17.430785 46990736581696 create_pretraining_data.py:161] masked_lm_weights: 1.0 1.0 1.0 1.0 1.0 1.0 1.0 0.0 0.0 0.0 0.0 0.0 0.0 0.0 0.0 0.0 0.0 0.0 0.0 0.0
INFO:tensorflow:next_sentence_labels: 1
I1103 05:03:17.430868 46990736581696 create_pretraining_data.py:161] next_sentence_labels: 1
INFO:tensorflow:*** Example ***
I1103 05:03:17.431489 46990736581696 create_pretraining_data.py:149] *** Example ***
INFO:tensorflow:tokens: [CLS] ماهو لي سياتي ##ني [MASK] باذن الله لن اخط ##فه من بين العادية وتشجيع [MASK] قروب سني ##ورين ##ا للدعم له ##فه روح [SEP] هل ##صابة عزيزي المت ##ابع ان التفكير يحرق سعر ##ات حرا ##ريه [SEP]
I1103 05:03:17.431626 46990736581696 create_pretraining_data.py:151] tokens: [CLS] ماهو لي سياتي ##ني [MASK] باذن الله لن اخط ##فه من بين العادية وتشجيع [MASK] قروب سني ##ورين ##ا للدعم له ##فه روح [SEP] هل ##صابة عزيزي المت ##ابع ان التفكير يحرق سعر ##ات حرا ##ريه [SEP]
INFO:tensorflow:input_ids: 2 6029 2134 19112 1974 4 4292 1953 2404 14009 2611 1908 2117 13973 21416 4 2543 14635 5624 1007 2679 2154 2611 3894 3 2827 5799 9475 2087 2453 1939 7908 22756 4584 1904 17035 3129 3 0 0 0 0 0 0 0 0 0 0 0 0 0 0 0 0 0 0 0 0 0 0 0 0 0 0 0 0 0 0 0 0 0 0 0 0 0 0 0 0 0 0 0 0 0 0 0 0 0 0 0 0 0 0 0 0 0 0 0 0 0 0 0 0 0 0 0 0 0 0 0 0 0 0 0 0 0 0 0 0 0 0 0 0 0 0 0 0 0 0
I1103 05:03:17.431772 46990736581696 create_pretraining_data.py:161] input_ids: 2 6029 2134 19112 1974 4 4292 1953 2404 14009 2611 1908 2117 13973 21416 4 2543 14635 5624 1007 2679 2154 2611 3894 3 2827 5799 9475 2087 2453 1939 7908 22756 4584 1904 17035 3129 3 0 0 0 0 0 0 0 0 0 0 0 0 0 0 0 0 0 0 0 0 0 0 0 0 0 0 0 0 0 0 0 0 0 0 0 0 0 0 0 0 0 0 0 0 0 0 0 0 0 0 0 0 0 0 0 0 0 0 0 0 0 0 0 0 0 0 0 0 0 0 0 0 0 0 0 0 0 0 0 0 0 0 0 0 0 0 0 0 0 0
INFO:tensorflow:input_mask: 1 1 1 1 1 1 1 1 1 1 1 1 1 1 1 1 1 1 1 1 1 1 1 1 1 1 1 1 1 1 1 1 1 1 1 1 1 1 0 0 0 0 0 0 0 0 0 0 0 0 0 0 0 0 0 0 0 0 0 0 0 0 0 0 0 0 0 0 0 0 0 0 0 0 0 0 0 0 0 0 0 0 0 0 0 0 0 0 0 0 0 0 0 0 0 0 0 0 0 0 0 0 0 0 0 0 0 0 0 0 0 0 0 0 0 0 0 0 0 0 0 0 0 0 0 0 0 0
I1103 05:03:17.431902 46990736581696 create_pretraining_data.py:161] input_mask: 1 1 1 1 1 1 1 1 1 1 1 1 1 1 1 1 1 1 1 1 1 1 1 1 1 1 1 1 1 1 1 1 1 1 1 1 1 1 0 0 0 0 0 0 0 0 0 0 0 0 0 0 0 0 0 0 0 0 0 0 0 0 0 0 0 0 0 0 0 0 0 0 0 0 0 0 0 0 0 0 0 0 0 0 0 0 0 0 0 0 0 0 0 0 0 0 0 0 0 0 0 0 0 0 0 0 0 0 0 0 0 0 0 0 0 0 0 0 0 0 0 0 0 0 0 0 0 0
INFO:tensorflow:segment_ids: 0 0 0 0 0 0 0 0 0 0 0 0 0 0 0 0 0 0 0 0 0 0 0 0 0 1 1 1 1 1 1 1 1 1 1 1 1 1 0 0 0 0 0 0 0 0 0 0 0 0 0 0 0 0 0 0 0 0 0 0 0 0 0 0 0 0 0 0 0 0 0 0 0 0 0 0 0 0 0 0 0 0 0 0 0 0 0 0 0 0 0 0 0 0 0 0 0 0 0 0 0 0 0 0 0 0 0 0 0 0 0 0 0 0 0 0 0 0 0 0 0 0 0 0 0 0 0 0
I1103 05:03:17.432027 46990736581696 create_pretraining_data.py:161] segment_ids: 0 0 0 0 0 0 0 0 0 0 0 0 0 0 0 0 0 0 0 0 0 0 0 0 0 1 1 1 1 1 1 1 1 1 1 1 1 1 0 0 0 0 0 0 0 0 0 0 0 0 0 0 0 0 0 0 0 0 0 0 0 0 0 0 0 0 0 0 0 0 0 0 0 0 0 0 0 0 0 0 0 0 0 0 0 0 0 0 0 0 0 0 0 0 0 0 0 0 0 0 0 0 0 0 0 0 0 0 0 0 0 0 0 0 0 0 0 0 0 0 0 0 0 0 0 0 0 0
INFO:tensorflow:masked_lm_positions: 1 5 13 14 15 26 0 0 0 0 0 0 0 0 0 0 0 0 0 0
I1103 05:03:17.432122 46990736581696 create_pretraining_data.py:161] masked_lm_positions: 1 5 13 14 15 26 0 0 0 0 0 0 0 0 0 0 0 0 0 0
INFO:tensorflow:masked_lm_ids: 6029 28919 14924 1037 2439 3698 0 0 0 0 0 0 0 0 0 0 0 0 0 0
I1103 05:03:17.432212 46990736581696 create_pretraining_data.py:161] masked_lm_ids: 6029 28919 14924 1037 2439 3698 0 0 0 0 0 0 0 0 0 0 0 0 0 0
INFO:tensorflow:masked_lm_weights: 1.0 1.0 1.0 1.0 1.0 1.0 0.0 0.0 0.0 0.0 0.0 0.0 0.0 0.0 0.0 0.0 0.0 0.0 0.0 0.0
I1103 05:03:17.432306 46990736581696 create_pretraining_data.py:161] masked_lm_weights: 1.0 1.0 1.0 1.0 1.0 1.0 0.0 0.0 0.0 0.0 0.0 0.0 0.0 0.0 0.0 0.0 0.0 0.0 0.0 0.0
INFO:tensorflow:next_sentence_labels: 1
I1103 05:03:17.432391 46990736581696 create_pretraining_data.py:161] next_sentence_labels: 1
INFO:tensorflow:*** Example ***
I1103 05:03:17.433009 46990736581696 create_pretraining_data.py:149] *** Example ***
INFO:tensorflow:tokens: [CLS] المشا ##ئ ##خ والد ##عاه هذا اليهودي [MASK] تضامن ##ه [MASK] المسا ##مين وانتم [MASK] تم ##زق ولا ##كلم ##ه بل [MASK] القبور اتقوا الله وقول ##وا ~ [SEP] فله الخميس خليه ##ا مع [MASK] هاي ##ر انت واصحاب ##ك ثبت الميك ##روي ##ف [MASK] السحب معنا [SEP]
I1103 05:03:17.433147 46990736581696 create_pretraining_data.py:151] tokens: [CLS] المشا ##ئ ##خ والد ##عاه هذا اليهودي [MASK] تضامن ##ه [MASK] المسا ##مين وانتم [MASK] تم ##زق ولا ##كلم ##ه بل [MASK] القبور اتقوا الله وقول ##وا ~ [SEP] فله الخميس خليه ##ا مع [MASK] هاي ##ر انت واصحاب ##ك ثبت الميك ##روي ##ف [MASK] السحب معنا [SEP]
INFO:tensorflow:input_ids: 2 17323 1042 1036 2965 21395 2085 19194 4 28111 1028 4 4750 3289 10320 4 2172 3155 2086 4779 1028 2683 4 16945 25413 1953 16881 1928 98 3 14783 3891 21626 1007 1973 4 4568 1017 2164 23826 1014 7932 12567 24353 1037 4 8806 4798 3 0 0 0 0 0 0 0 0 0 0 0 0 0 0 0 0 0 0 0 0 0 0 0 0 0 0 0 0 0 0 0 0 0 0 0 0 0 0 0 0 0 0 0 0 0 0 0 0 0 0 0 0 0 0 0 0 0 0 0 0 0 0 0 0 0 0 0 0 0 0 0 0 0 0 0 0 0 0 0
I1103 05:03:17.433309 46990736581696 create_pretraining_data.py:161] input_ids: 2 17323 1042 1036 2965 21395 2085 19194 4 28111 1028 4 4750 3289 10320 4 2172 3155 2086 4779 1028 2683 4 16945 25413 1953 16881 1928 98 3 14783 3891 21626 1007 1973 4 4568 1017 2164 23826 1014 7932 12567 24353 1037 4 8806 4798 3 0 0 0 0 0 0 0 0 0 0 0 0 0 0 0 0 0 0 0 0 0 0 0 0 0 0 0 0 0 0 0 0 0 0 0 0 0 0 0 0 0 0 0 0 0 0 0 0 0 0 0 0 0 0 0 0 0 0 0 0 0 0 0 0 0 0 0 0 0 0 0 0 0 0 0 0 0 0 0
INFO:tensorflow:input_mask: 1 1 1 1 1 1 1 1 1 1 1 1 1 1 1 1 1 1 1 1 1 1 1 1 1 1 1 1 1 1 1 1 1 1 1 1 1 1 1 1 1 1 1 1 1 1 1 1 1 0 0 0 0 0 0 0 0 0 0 0 0 0 0 0 0 0 0 0 0 0 0 0 0 0 0 0 0 0 0 0 0 0 0 0 0 0 0 0 0 0 0 0 0 0 0 0 0 0 0 0 0 0 0 0 0 0 0 0 0 0 0 0 0 0 0 0 0 0 0 0 0 0 0 0 0 0 0 0
I1103 05:03:17.433440 46990736581696 create_pretraining_data.py:161] input_mask: 1 1 1 1 1 1 1 1 1 1 1 1 1 1 1 1 1 1 1 1 1 1 1 1 1 1 1 1 1 1 1 1 1 1 1 1 1 1 1 1 1 1 1 1 1 1 1 1 1 0 0 0 0 0 0 0 0 0 0 0 0 0 0 0 0 0 0 0 0 0 0 0 0 0 0 0 0 0 0 0 0 0 0 0 0 0 0 0 0 0 0 0 0 0 0 0 0 0 0 0 0 0 0 0 0 0 0 0 0 0 0 0 0 0 0 0 0 0 0 0 0 0 0 0 0 0 0 0
INFO:tensorflow:segment_ids: 0 0 0 0 0 0 0 0 0 0 0 0 0 0 0 0 0 0 0 0 0 0 0 0 0 0 0 0 0 0 1 1 1 1 1 1 1 1 1 1 1 1 1 1 1 1 1 1 1 0 0 0 0 0 0 0 0 0 0 0 0 0 0 0 0 0 0 0 0 0 0 0 0 0 0 0 0 0 0 0 0 0 0 0 0 0 0 0 0 0 0 0 0 0 0 0 0 0 0 0 0 0 0 0 0 0 0 0 0 0 0 0 0 0 0 0 0 0 0 0 0 0 0 0 0 0 0 0
I1103 05:03:17.433566 46990736581696 create_pretraining_data.py:161] segment_ids: 0 0 0 0 0 0 0 0 0 0 0 0 0 0 0 0 0 0 0 0 0 0 0 0 0 0 0 0 0 0 1 1 1 1 1 1 1 1 1 1 1 1 1 1 1 1 1 1 1 0 0 0 0 0 0 0 0 0 0 0 0 0 0 0 0 0 0 0 0 0 0 0 0 0 0 0 0 0 0 0 0 0 0 0 0 0 0 0 0 0 0 0 0 0 0 0 0 0 0 0 0 0 0 0 0 0 0 0 0 0 0 0 0 0 0 0 0 0 0 0 0 0 0 0 0 0 0 0
INFO:tensorflow:masked_lm_positions: 8 11 15 22 28 35 45 0 0 0 0 0 0 0 0 0 0 0 0 0
I1103 05:03:17.433667 46990736581696 create_pretraining_data.py:161] masked_lm_positions: 8 11 15 22 28 35 45 0 0 0 0 0 0 0 0 0 0 0 0 0
INFO:tensorflow:masked_lm_ids: 7961 1973 8672 8152 3333 15952 25278 0 0 0 0 0 0 0 0 0 0 0 0 0
I1103 05:03:17.433757 46990736581696 create_pretraining_data.py:161] masked_lm_ids: 7961 1973 8672 8152 3333 15952 25278 0 0 0 0 0 0 0 0 0 0 0 0 0
INFO:tensorflow:masked_lm_weights: 1.0 1.0 1.0 1.0 1.0 1.0 1.0 0.0 0.0 0.0 0.0 0.0 0.0 0.0 0.0 0.0 0.0 0.0 0.0 0.0
I1103 05:03:17.433851 46990736581696 create_pretraining_data.py:161] masked_lm_weights: 1.0 1.0 1.0 1.0 1.0 1.0 1.0 0.0 0.0 0.0 0.0 0.0 0.0 0.0 0.0 0.0 0.0 0.0 0.0 0.0
INFO:tensorflow:next_sentence_labels: 1
I1103 05:03:17.433935 46990736581696 create_pretraining_data.py:161] next_sentence_labels: 1
INFO:tensorflow:*** Example ***
I1103 05:03:17.434511 46990736581696 create_pretraining_data.py:149] *** Example ***
INFO:tensorflow:tokens: [CLS] الحياه حلوه بس احنا اللي في [MASK] [SEP] وكل ما انهي ##نا عتب نرجع نعي ##ده ما لحق ##نا [MASK] [MASK] ايدي ##نا [MASK] وزع ##لنا [SEP]
I1103 05:03:17.434643 46990736581696 create_pretraining_data.py:151] tokens: [CLS] الحياه حلوه بس احنا اللي في [MASK] [SEP] وكل ما انهي ##نا عتب نرجع نعي ##ده ما لحق ##نا [MASK] [MASK] ايدي ##نا [MASK] وزع ##لنا [SEP]
INFO:tensorflow:input_ids: 2 3014 6366 2357 6441 2115 1912 4 3 3453 1972 11645 1914 27912 22396 18457 2124 1972 22297 1914 4 4 8695 1914 4 28498 2127 3 0 0 0 0 0 0 0 0 0 0 0 0 0 0 0 0 0 0 0 0 0 0 0 0 0 0 0 0 0 0 0 0 0 0 0 0 0 0 0 0 0 0 0 0 0 0 0 0 0 0 0 0 0 0 0 0 0 0 0 0 0 0 0 0 0 0 0 0 0 0 0 0 0 0 0 0 0 0 0 0 0 0 0 0 0 0 0 0 0 0 0 0 0 0 0 0 0 0 0 0
I1103 05:03:17.434799 46990736581696 create_pretraining_data.py:161] input_ids: 2 3014 6366 2357 6441 2115 1912 4 3 3453 1972 11645 1914 27912 22396 18457 2124 1972 22297 1914 4 4 8695 1914 4 28498 2127 3 0 0 0 0 0 0 0 0 0 0 0 0 0 0 0 0 0 0 0 0 0 0 0 0 0 0 0 0 0 0 0 0 0 0 0 0 0 0 0 0 0 0 0 0 0 0 0 0 0 0 0 0 0 0 0 0 0 0 0 0 0 0 0 0 0 0 0 0 0 0 0 0 0 0 0 0 0 0 0 0 0 0 0 0 0 0 0 0 0 0 0 0 0 0 0 0 0 0 0 0
INFO:tensorflow:input_mask: 1 1 1 1 1 1 1 1 1 1 1 1 1 1 1 1 1 1 1 1 1 1 1 1 1 1 1 1 0 0 0 0 0 0 0 0 0 0 0 0 0 0 0 0 0 0 0 0 0 0 0 0 0 0 0 0 0 0 0 0 0 0 0 0 0 0 0 0 0 0 0 0 0 0 0 0 0 0 0 0 0 0 0 0 0 0 0 0 0 0 0 0 0 0 0 0 0 0 0 0 0 0 0 0 0 0 0 0 0 0 0 0 0 0 0 0 0 0 0 0 0 0 0 0 0 0 0 0
I1103 05:03:17.434931 46990736581696 create_pretraining_data.py:161] input_mask: 1 1 1 1 1 1 1 1 1 1 1 1 1 1 1 1 1 1 1 1 1 1 1 1 1 1 1 1 0 0 0 0 0 0 0 0 0 0 0 0 0 0 0 0 0 0 0 0 0 0 0 0 0 0 0 0 0 0 0 0 0 0 0 0 0 0 0 0 0 0 0 0 0 0 0 0 0 0 0 0 0 0 0 0 0 0 0 0 0 0 0 0 0 0 0 0 0 0 0 0 0 0 0 0 0 0 0 0 0 0 0 0 0 0 0 0 0 0 0 0 0 0 0 0 0 0 0 0
INFO:tensorflow:segment_ids: 0 0 0 0 0 0 0 0 0 1 1 1 1 1 1 1 1 1 1 1 1 1 1 1 1 1 1 1 0 0 0 0 0 0 0 0 0 0 0 0 0 0 0 0 0 0 0 0 0 0 0 0 0 0 0 0 0 0 0 0 0 0 0 0 0 0 0 0 0 0 0 0 0 0 0 0 0 0 0 0 0 0 0 0 0 0 0 0 0 0 0 0 0 0 0 0 0 0 0 0 0 0 0 0 0 0 0 0 0 0 0 0 0 0 0 0 0 0 0 0 0 0 0 0 0 0 0 0
I1103 05:03:17.435059 46990736581696 create_pretraining_data.py:161] segment_ids: 0 0 0 0 0 0 0 0 0 1 1 1 1 1 1 1 1 1 1 1 1 1 1 1 1 1 1 1 0 0 0 0 0 0 0 0 0 0 0 0 0 0 0 0 0 0 0 0 0 0 0 0 0 0 0 0 0 0 0 0 0 0 0 0 0 0 0 0 0 0 0 0 0 0 0 0 0 0 0 0 0 0 0 0 0 0 0 0 0 0 0 0 0 0 0 0 0 0 0 0 0 0 0 0 0 0 0 0 0 0 0 0 0 0 0 0 0 0 0 0 0 0 0 0 0 0 0 0
INFO:tensorflow:masked_lm_positions: 7 20 21 24 0 0 0 0 0 0 0 0 0 0 0 0 0 0 0 0
I1103 05:03:17.435153 46990736581696 create_pretraining_data.py:161] masked_lm_positions: 7 20 21 24 0 0 0 0 0 0 0 0 0 0 0 0 0 0 0 0
INFO:tensorflow:masked_lm_ids: 2559 5055 3617 1915 0 0 0 0 0 0 0 0 0 0 0 0 0 0 0 0
I1103 05:03:17.435242 46990736581696 create_pretraining_data.py:161] masked_lm_ids: 2559 5055 3617 1915 0 0 0 0 0 0 0 0 0 0 0 0 0 0 0 0
INFO:tensorflow:masked_lm_weights: 1.0 1.0 1.0 1.0 0.0 0.0 0.0 0.0 0.0 0.0 0.0 0.0 0.0 0.0 0.0 0.0 0.0 0.0 0.0 0.0
I1103 05:03:17.435335 46990736581696 create_pretraining_data.py:161] masked_lm_weights: 1.0 1.0 1.0 1.0 0.0 0.0 0.0 0.0 0.0 0.0 0.0 0.0 0.0 0.0 0.0 0.0 0.0 0.0 0.0 0.0
INFO:tensorflow:next_sentence_labels: 1
I1103 05:03:17.435419 46990736581696 create_pretraining_data.py:161] next_sentence_labels: 1
INFO:tensorflow:*** Example ***
I1103 05:03:17.436017 46990736581696 create_pretraining_data.py:149] *** Example ***
INFO:tensorflow:tokens: [CLS] افضل العلاج ##ات نزل ##ات البرد [MASK] [SEP] [MASK] [MASK] [MASK] وتغ ##ريدا ##تكم عبر هاشتاق الحمله يق ##ظه من الابت ##زاز [SEP]
I1103 05:03:17.436143 46990736581696 create_pretraining_data.py:151] tokens: [CLS] افضل العلاج ##ات نزل ##ات البرد [MASK] [SEP] [MASK] [MASK] [MASK] وتغ ##ريدا ##تكم عبر هاشتاق الحمله يق ##ظه من الابت ##زاز [SEP]
INFO:tensorflow:input_ids: 2 2931 5281 1904 9872 1904 5826 4 3 4 4 4 9308 26317 7145 2830 14699 23457 2210 3620 1908 6454 6686 3 0 0 0 0 0 0 0 0 0 0 0 0 0 0 0 0 0 0 0 0 0 0 0 0 0 0 0 0 0 0 0 0 0 0 0 0 0 0 0 0 0 0 0 0 0 0 0 0 0 0 0 0 0 0 0 0 0 0 0 0 0 0 0 0 0 0 0 0 0 0 0 0 0 0 0 0 0 0 0 0 0 0 0 0 0 0 0 0 0 0 0 0 0 0 0 0 0 0 0 0 0 0 0 0
I1103 05:03:17.436282 46990736581696 create_pretraining_data.py:161] input_ids: 2 2931 5281 1904 9872 1904 5826 4 3 4 4 4 9308 26317 7145 2830 14699 23457 2210 3620 1908 6454 6686 3 0 0 0 0 0 0 0 0 0 0 0 0 0 0 0 0 0 0 0 0 0 0 0 0 0 0 0 0 0 0 0 0 0 0 0 0 0 0 0 0 0 0 0 0 0 0 0 0 0 0 0 0 0 0 0 0 0 0 0 0 0 0 0 0 0 0 0 0 0 0 0 0 0 0 0 0 0 0 0 0 0 0 0 0 0 0 0 0 0 0 0 0 0 0 0 0 0 0 0 0 0 0 0 0
INFO:tensorflow:input_mask: 1 1 1 1 1 1 1 1 1 1 1 1 1 1 1 1 1 1 1 1 1 1 1 1 0 0 0 0 0 0 0 0 0 0 0 0 0 0 0 0 0 0 0 0 0 0 0 0 0 0 0 0 0 0 0 0 0 0 0 0 0 0 0 0 0 0 0 0 0 0 0 0 0 0 0 0 0 0 0 0 0 0 0 0 0 0 0 0 0 0 0 0 0 0 0 0 0 0 0 0 0 0 0 0 0 0 0 0 0 0 0 0 0 0 0 0 0 0 0 0 0 0 0 0 0 0 0 0
I1103 05:03:17.436426 46990736581696 create_pretraining_data.py:161] input_mask: 1 1 1 1 1 1 1 1 1 1 1 1 1 1 1 1 1 1 1 1 1 1 1 1 0 0 0 0 0 0 0 0 0 0 0 0 0 0 0 0 0 0 0 0 0 0 0 0 0 0 0 0 0 0 0 0 0 0 0 0 0 0 0 0 0 0 0 0 0 0 0 0 0 0 0 0 0 0 0 0 0 0 0 0 0 0 0 0 0 0 0 0 0 0 0 0 0 0 0 0 0 0 0 0 0 0 0 0 0 0 0 0 0 0 0 0 0 0 0 0 0 0 0 0 0 0 0 0
INFO:tensorflow:segment_ids: 0 0 0 0 0 0 0 0 0 1 1 1 1 1 1 1 1 1 1 1 1 1 1 1 0 0 0 0 0 0 0 0 0 0 0 0 0 0 0 0 0 0 0 0 0 0 0 0 0 0 0 0 0 0 0 0 0 0 0 0 0 0 0 0 0 0 0 0 0 0 0 0 0 0 0 0 0 0 0 0 0 0 0 0 0 0 0 0 0 0 0 0 0 0 0 0 0 0 0 0 0 0 0 0 0 0 0 0 0 0 0 0 0 0 0 0 0 0 0 0 0 0 0 0 0 0 0 0
I1103 05:03:17.436553 46990736581696 create_pretraining_data.py:161] segment_ids: 0 0 0 0 0 0 0 0 0 1 1 1 1 1 1 1 1 1 1 1 1 1 1 1 0 0 0 0 0 0 0 0 0 0 0 0 0 0 0 0 0 0 0 0 0 0 0 0 0 0 0 0 0 0 0 0 0 0 0 0 0 0 0 0 0 0 0 0 0 0 0 0 0 0 0 0 0 0 0 0 0 0 0 0 0 0 0 0 0 0 0 0 0 0 0 0 0 0 0 0 0 0 0 0 0 0 0 0 0 0 0 0 0 0 0 0 0 0 0 0 0 0 0 0 0 0 0 0
INFO:tensorflow:masked_lm_positions: 7 9 10 11 0 0 0 0 0 0 0 0 0 0 0 0 0 0 0 0
I1103 05:03:17.436651 46990736581696 create_pretraining_data.py:161] masked_lm_positions: 7 9 10 11 0 0 0 0 0 0 0 0 0 0 0 0 0 0 0 0
INFO:tensorflow:masked_lm_ids: 5889 26595 3434 11106 0 0 0 0 0 0 0 0 0 0 0 0 0 0 0 0
I1103 05:03:17.436742 46990736581696 create_pretraining_data.py:161] masked_lm_ids: 5889 26595 3434 11106 0 0 0 0 0 0 0 0 0 0 0 0 0 0 0 0
INFO:tensorflow:masked_lm_weights: 1.0 1.0 1.0 1.0 0.0 0.0 0.0 0.0 0.0 0.0 0.0 0.0 0.0 0.0 0.0 0.0 0.0 0.0 0.0 0.0
I1103 05:03:17.436835 46990736581696 create_pretraining_data.py:161] masked_lm_weights: 1.0 1.0 1.0 1.0 0.0 0.0 0.0 0.0 0.0 0.0 0.0 0.0 0.0 0.0 0.0 0.0 0.0 0.0 0.0 0.0
INFO:tensorflow:next_sentence_labels: 1
I1103 05:03:17.436918 46990736581696 create_pretraining_data.py:161] next_sentence_labels: 1
INFO:tensorflow:*** Example ***
I1103 05:03:17.437518 46990736581696 create_pretraining_data.py:149] *** Example ***
INFO:tensorflow:tokens: [CLS] اللهم [MASK] استغفرك من جميع الذنوب والخط ##ايا التي اعلم ##ها والتي لا اعلم ##ها سبحانك تعلم مافي [MASK] ولا اعلم مافي نفسك وانت علام صدرك [MASK] [SEP] جيت الديار [MASK] سكن ##ها ولي ##في لقيت ##ها من حس ##ه [MASK] [MASK] خ ##والي نش ##دته ##ا [MASK] [MASK] وضع ##ك مخي ##في وين الحبيب عسي سنين ##ه طوال ##ي [SEP]
I1103 05:03:17.437661 46990736581696 create_pretraining_data.py:151] tokens: [CLS] اللهم [MASK] استغفرك من جميع الذنوب والخط ##ايا التي اعلم ##ها والتي لا اعلم ##ها سبحانك تعلم مافي [MASK] ولا اعلم مافي نفسك وانت علام صدرك [MASK] [SEP] جيت الديار [MASK] سكن ##ها ولي ##في لقيت ##ها من حس ##ه [MASK] [MASK] خ ##والي نش ##دته ##ا [MASK] [MASK] وضع ##ك مخي ##في وين الحبيب عسي سنين ##ه طوال ##ي [SEP]
INFO:tensorflow:input_ids: 2 2168 4 7056 1908 2561 7957 29299 19765 2061 5554 1913 3385 1963 5554 1913 5702 3698 6058 4 2086 5554 6058 3665 3036 15066 10737 4 3 8174 25351 4 8264 1913 2670 2007 13508 1913 1908 2286 1028 4 4 394 4746 3382 22072 1007 4 4 3462 1014 21866 2007 3266 5114 8660 8189 1028 8026 1013 3 0 0 0 0 0 0 0 0 0 0 0 0 0 0 0 0 0 0 0 0 0 0 0 0 0 0 0 0 0 0 0 0 0 0 0 0 0 0 0 0 0 0 0 0 0 0 0 0 0 0 0 0 0 0 0 0 0 0 0 0 0 0 0 0 0 0
I1103 05:03:17.437815 46990736581696 create_pretraining_data.py:161] input_ids: 2 2168 4 7056 1908 2561 7957 29299 19765 2061 5554 1913 3385 1963 5554 1913 5702 3698 6058 4 2086 5554 6058 3665 3036 15066 10737 4 3 8174 25351 4 8264 1913 2670 2007 13508 1913 1908 2286 1028 4 4 394 4746 3382 22072 1007 4 4 3462 1014 21866 2007 3266 5114 8660 8189 1028 8026 1013 3 0 0 0 0 0 0 0 0 0 0 0 0 0 0 0 0 0 0 0 0 0 0 0 0 0 0 0 0 0 0 0 0 0 0 0 0 0 0 0 0 0 0 0 0 0 0 0 0 0 0 0 0 0 0 0 0 0 0 0 0 0 0 0 0 0 0
INFO:tensorflow:input_mask: 1 1 1 1 1 1 1 1 1 1 1 1 1 1 1 1 1 1 1 1 1 1 1 1 1 1 1 1 1 1 1 1 1 1 1 1 1 1 1 1 1 1 1 1 1 1 1 1 1 1 1 1 1 1 1 1 1 1 1 1 1 1 0 0 0 0 0 0 0 0 0 0 0 0 0 0 0 0 0 0 0 0 0 0 0 0 0 0 0 0 0 0 0 0 0 0 0 0 0 0 0 0 0 0 0 0 0 0 0 0 0 0 0 0 0 0 0 0 0 0 0 0 0 0 0 0 0 0
I1103 05:03:17.437963 46990736581696 create_pretraining_data.py:161] input_mask: 1 1 1 1 1 1 1 1 1 1 1 1 1 1 1 1 1 1 1 1 1 1 1 1 1 1 1 1 1 1 1 1 1 1 1 1 1 1 1 1 1 1 1 1 1 1 1 1 1 1 1 1 1 1 1 1 1 1 1 1 1 1 0 0 0 0 0 0 0 0 0 0 0 0 0 0 0 0 0 0 0 0 0 0 0 0 0 0 0 0 0 0 0 0 0 0 0 0 0 0 0 0 0 0 0 0 0 0 0 0 0 0 0 0 0 0 0 0 0 0 0 0 0 0 0 0 0 0
INFO:tensorflow:segment_ids: 0 0 0 0 0 0 0 0 0 0 0 0 0 0 0 0 0 0 0 0 0 0 0 0 0 0 0 0 0 1 1 1 1 1 1 1 1 1 1 1 1 1 1 1 1 1 1 1 1 1 1 1 1 1 1 1 1 1 1 1 1 1 0 0 0 0 0 0 0 0 0 0 0 0 0 0 0 0 0 0 0 0 0 0 0 0 0 0 0 0 0 0 0 0 0 0 0 0 0 0 0 0 0 0 0 0 0 0 0 0 0 0 0 0 0 0 0 0 0 0 0 0 0 0 0 0 0 0
I1103 05:03:17.438089 46990736581696 create_pretraining_data.py:161] segment_ids: 0 0 0 0 0 0 0 0 0 0 0 0 0 0 0 0 0 0 0 0 0 0 0 0 0 0 0 0 0 1 1 1 1 1 1 1 1 1 1 1 1 1 1 1 1 1 1 1 1 1 1 1 1 1 1 1 1 1 1 1 1 1 0 0 0 0 0 0 0 0 0 0 0 0 0 0 0 0 0 0 0 0 0 0 0 0 0 0 0 0 0 0 0 0 0 0 0 0 0 0 0 0 0 0 0 0 0 0 0 0 0 0 0 0 0 0 0 0 0 0 0 0 0 0 0 0 0 0
INFO:tensorflow:masked_lm_positions: 2 19 26 27 31 41 42 48 49 0 0 0 0 0 0 0 0 0 0 0
I1103 05:03:17.438182 46990736581696 create_pretraining_data.py:161] masked_lm_positions: 2 19 26 27 31 41 42 48 49 0 0 0 0 0 0 0 0 0 0 0
INFO:tensorflow:masked_lm_ids: 2694 3733 12433 2058 2115 4426 1005 13899 1909 0 0 0 0 0 0 0 0 0 0 0
I1103 05:03:17.438272 46990736581696 create_pretraining_data.py:161] masked_lm_ids: 2694 3733 12433 2058 2115 4426 1005 13899 1909 0 0 0 0 0 0 0 0 0 0 0
INFO:tensorflow:masked_lm_weights: 1.0 1.0 1.0 1.0 1.0 1.0 1.0 1.0 1.0 0.0 0.0 0.0 0.0 0.0 0.0 0.0 0.0 0.0 0.0 0.0
I1103 05:03:17.438365 46990736581696 create_pretraining_data.py:161] masked_lm_weights: 1.0 1.0 1.0 1.0 1.0 1.0 1.0 1.0 1.0 0.0 0.0 0.0 0.0 0.0 0.0 0.0 0.0 0.0 0.0 0.0
INFO:tensorflow:next_sentence_labels: 1
I1103 05:03:17.438448 46990736581696 create_pretraining_data.py:161] next_sentence_labels: 1
INFO:tensorflow:*** Example ***
I1103 05:03:17.439044 46990736581696 create_pretraining_data.py:149] *** Example ***
INFO:tensorflow:tokens: [CLS] [MASK] عتب السرطان [MASK] دون كلام يجي علي هيئه نظره طويله او سهل [MASK] دائم او تصرف يشبه [MASK] [SEP] تشي ##ز كيك ومي ##ني كيت ##كات مشاركه من عملائنا في الانستقرام [SEP]
I1103 05:03:17.439174 46990736581696 create_pretraining_data.py:151] tokens: [CLS] [MASK] عتب السرطان [MASK] دون كلام يجي علي هيئه نظره طويله او سهل [MASK] دائم او تصرف يشبه [MASK] [SEP] تشي ##ز كيك ومي ##ني كيت ##كات مشاركه من عملائنا في الانستقرام [SEP]
INFO:tensorflow:input_ids: 2 4 27912 9517 4 2571 3552 8186 1958 11538 10584 11761 2213 7883 4 10920 2213 8002 8609 4 3 8677 1008 15219 12665 1974 26261 4228 17958 1908 22987 1912 23590 3 0 0 0 0 0 0 0 0 0 0 0 0 0 0 0 0 0 0 0 0 0 0 0 0 0 0 0 0 0 0 0 0 0 0 0 0 0 0 0 0 0 0 0 0 0 0 0 0 0 0 0 0 0 0 0 0 0 0 0 0 0 0 0 0 0 0 0 0 0 0 0 0 0 0 0 0 0 0 0 0 0 0 0 0 0 0 0 0 0 0 0 0 0 0
I1103 05:03:17.439319 46990736581696 create_pretraining_data.py:161] input_ids: 2 4 27912 9517 4 2571 3552 8186 1958 11538 10584 11761 2213 7883 4 10920 2213 8002 8609 4 3 8677 1008 15219 12665 1974 26261 4228 17958 1908 22987 1912 23590 3 0 0 0 0 0 0 0 0 0 0 0 0 0 0 0 0 0 0 0 0 0 0 0 0 0 0 0 0 0 0 0 0 0 0 0 0 0 0 0 0 0 0 0 0 0 0 0 0 0 0 0 0 0 0 0 0 0 0 0 0 0 0 0 0 0 0 0 0 0 0 0 0 0 0 0 0 0 0 0 0 0 0 0 0 0 0 0 0 0 0 0 0 0 0
INFO:tensorflow:input_mask: 1 1 1 1 1 1 1 1 1 1 1 1 1 1 1 1 1 1 1 1 1 1 1 1 1 1 1 1 1 1 1 1 1 1 0 0 0 0 0 0 0 0 0 0 0 0 0 0 0 0 0 0 0 0 0 0 0 0 0 0 0 0 0 0 0 0 0 0 0 0 0 0 0 0 0 0 0 0 0 0 0 0 0 0 0 0 0 0 0 0 0 0 0 0 0 0 0 0 0 0 0 0 0 0 0 0 0 0 0 0 0 0 0 0 0 0 0 0 0 0 0 0 0 0 0 0 0 0
I1103 05:03:17.439464 46990736581696 create_pretraining_data.py:161] input_mask: 1 1 1 1 1 1 1 1 1 1 1 1 1 1 1 1 1 1 1 1 1 1 1 1 1 1 1 1 1 1 1 1 1 1 0 0 0 0 0 0 0 0 0 0 0 0 0 0 0 0 0 0 0 0 0 0 0 0 0 0 0 0 0 0 0 0 0 0 0 0 0 0 0 0 0 0 0 0 0 0 0 0 0 0 0 0 0 0 0 0 0 0 0 0 0 0 0 0 0 0 0 0 0 0 0 0 0 0 0 0 0 0 0 0 0 0 0 0 0 0 0 0 0 0 0 0 0 0
INFO:tensorflow:segment_ids: 0 0 0 0 0 0 0 0 0 0 0 0 0 0 0 0 0 0 0 0 0 1 1 1 1 1 1 1 1 1 1 1 1 1 0 0 0 0 0 0 0 0 0 0 0 0 0 0 0 0 0 0 0 0 0 0 0 0 0 0 0 0 0 0 0 0 0 0 0 0 0 0 0 0 0 0 0 0 0 0 0 0 0 0 0 0 0 0 0 0 0 0 0 0 0 0 0 0 0 0 0 0 0 0 0 0 0 0 0 0 0 0 0 0 0 0 0 0 0 0 0 0 0 0 0 0 0 0
I1103 05:03:17.439592 46990736581696 create_pretraining_data.py:161] segment_ids: 0 0 0 0 0 0 0 0 0 0 0 0 0 0 0 0 0 0 0 0 0 1 1 1 1 1 1 1 1 1 1 1 1 1 0 0 0 0 0 0 0 0 0 0 0 0 0 0 0 0 0 0 0 0 0 0 0 0 0 0 0 0 0 0 0 0 0 0 0 0 0 0 0 0 0 0 0 0 0 0 0 0 0 0 0 0 0 0 0 0 0 0 0 0 0 0 0 0 0 0 0 0 0 0 0 0 0 0 0 0 0 0 0 0 0 0 0 0 0 0 0 0 0 0 0 0 0 0
INFO:tensorflow:masked_lm_positions: 1 4 13 14 19 0 0 0 0 0 0 0 0 0 0 0 0 0 0 0
I1103 05:03:17.439692 46990736581696 create_pretraining_data.py:161] masked_lm_positions: 1 4 13 14 19 0 0 0 0 0 0 0 0 0 0 0 0 0 0 0
INFO:tensorflow:masked_lm_ids: 16231 8186 4051 4956 23175 0 0 0 0 0 0 0 0 0 0 0 0 0 0 0
I1103 05:03:17.439783 46990736581696 create_pretraining_data.py:161] masked_lm_ids: 16231 8186 4051 4956 23175 0 0 0 0 0 0 0 0 0 0 0 0 0 0 0
INFO:tensorflow:masked_lm_weights: 1.0 1.0 1.0 1.0 1.0 0.0 0.0 0.0 0.0 0.0 0.0 0.0 0.0 0.0 0.0 0.0 0.0 0.0 0.0 0.0
I1103 05:03:17.439875 46990736581696 create_pretraining_data.py:161] masked_lm_weights: 1.0 1.0 1.0 1.0 1.0 0.0 0.0 0.0 0.0 0.0 0.0 0.0 0.0 0.0 0.0 0.0 0.0 0.0 0.0 0.0
INFO:tensorflow:next_sentence_labels: 1
I1103 05:03:17.439958 46990736581696 create_pretraining_data.py:161] next_sentence_labels: 1
INFO:tensorflow:*** Example ***
I1103 05:03:17.440551 46990736581696 create_pretraining_data.py:149] *** Example ***
INFO:tensorflow:tokens: [CLS] تصريح سيم ##وني علي ان الليغا مجه ##زه ل [MASK] حقق ثمار ##ه بكل نجاح [MASK] [MASK] الحكام حذر ##ين مع الريال ومت ##خ ##وفين رحمته [MASK] اي رك ##له جزاء [MASK] خطا مؤثر [SEP] خلاص انتظر ##ي لين يوم الاثنين [MASK] وتش ##وفين بعينك [SEP]
I1103 05:03:17.440692 46990736581696 create_pretraining_data.py:151] tokens: [CLS] تصريح سيم ##وني علي ان الليغا مجه ##زه ل [MASK] حقق ثمار ##ه بكل نجاح [MASK] [MASK] الحكام حذر ##ين مع الريال ومت ##خ ##وفين رحمته [MASK] اي رك ##له جزاء [MASK] خطا مؤثر [SEP] خلاص انتظر ##ي لين يوم الاثنين [MASK] وتش ##وفين بعينك [SEP]
INFO:tensorflow:input_ids: 2 6932 10914 2399 1958 1939 23420 6929 3040 411 4 6724 26120 1028 3268 5700 4 4 13448 13913 1911 1973 8822 4730 1036 14772 17427 4 2218 4422 1917 9999 4 7623 22339 3 7765 9898 1013 5133 2232 4439 4 4402 14772 18630 3 0 0 0 0 0 0 0 0 0 0 0 0 0 0 0 0 0 0 0 0 0 0 0 0 0 0 0 0 0 0 0 0 0 0 0 0 0 0 0 0 0 0 0 0 0 0 0 0 0 0 0 0 0 0 0 0 0 0 0 0 0 0 0 0 0 0 0 0 0 0 0 0 0 0 0 0 0 0 0 0 0
I1103 05:03:17.440838 46990736581696 create_pretraining_data.py:161] input_ids: 2 6932 10914 2399 1958 1939 23420 6929 3040 411 4 6724 26120 1028 3268 5700 4 4 13448 13913 1911 1973 8822 4730 1036 14772 17427 4 2218 4422 1917 9999 4 7623 22339 3 7765 9898 1013 5133 2232 4439 4 4402 14772 18630 3 0 0 0 0 0 0 0 0 0 0 0 0 0 0 0 0 0 0 0 0 0 0 0 0 0 0 0 0 0 0 0 0 0 0 0 0 0 0 0 0 0 0 0 0 0 0 0 0 0 0 0 0 0 0 0 0 0 0 0 0 0 0 0 0 0 0 0 0 0 0 0 0 0 0 0 0 0 0 0 0 0
INFO:tensorflow:input_mask: 1 1 1 1 1 1 1 1 1 1 1 1 1 1 1 1 1 1 1 1 1 1 1 1 1 1 1 1 1 1 1 1 1 1 1 1 1 1 1 1 1 1 1 1 1 1 1 0 0 0 0 0 0 0 0 0 0 0 0 0 0 0 0 0 0 0 0 0 0 0 0 0 0 0 0 0 0 0 0 0 0 0 0 0 0 0 0 0 0 0 0 0 0 0 0 0 0 0 0 0 0 0 0 0 0 0 0 0 0 0 0 0 0 0 0 0 0 0 0 0 0 0 0 0 0 0 0 0
I1103 05:03:17.440968 46990736581696 create_pretraining_data.py:161] input_mask: 1 1 1 1 1 1 1 1 1 1 1 1 1 1 1 1 1 1 1 1 1 1 1 1 1 1 1 1 1 1 1 1 1 1 1 1 1 1 1 1 1 1 1 1 1 1 1 0 0 0 0 0 0 0 0 0 0 0 0 0 0 0 0 0 0 0 0 0 0 0 0 0 0 0 0 0 0 0 0 0 0 0 0 0 0 0 0 0 0 0 0 0 0 0 0 0 0 0 0 0 0 0 0 0 0 0 0 0 0 0 0 0 0 0 0 0 0 0 0 0 0 0 0 0 0 0 0 0
INFO:tensorflow:segment_ids: 0 0 0 0 0 0 0 0 0 0 0 0 0 0 0 0 0 0 0 0 0 0 0 0 0 0 0 0 0 0 0 0 0 0 0 0 1 1 1 1 1 1 1 1 1 1 1 0 0 0 0 0 0 0 0 0 0 0 0 0 0 0 0 0 0 0 0 0 0 0 0 0 0 0 0 0 0 0 0 0 0 0 0 0 0 0 0 0 0 0 0 0 0 0 0 0 0 0 0 0 0 0 0 0 0 0 0 0 0 0 0 0 0 0 0 0 0 0 0 0 0 0 0 0 0 0 0 0
I1103 05:03:17.441109 46990736581696 create_pretraining_data.py:161] segment_ids: 0 0 0 0 0 0 0 0 0 0 0 0 0 0 0 0 0 0 0 0 0 0 0 0 0 0 0 0 0 0 0 0 0 0 0 0 1 1 1 1 1 1 1 1 1 1 1 0 0 0 0 0 0 0 0 0 0 0 0 0 0 0 0 0 0 0 0 0 0 0 0 0 0 0 0 0 0 0 0 0 0 0 0 0 0 0 0 0 0 0 0 0 0 0 0 0 0 0 0 0 0 0 0 0 0 0 0 0 0 0 0 0 0 0 0 0 0 0 0 0 0 0 0 0 0 0 0 0
INFO:tensorflow:masked_lm_positions: 10 16 17 26 27 32 42 0 0 0 0 0 0 0 0 0 0 0 0 0
I1103 05:03:17.441203 46990736581696 create_pretraining_data.py:161] masked_lm_positions: 10 16 17 26 27 32 42 0 0 0 0 0 0 0 0 0 0 0 0 0
INFO:tensorflow:masked_lm_ids: 8822 2455 4768 1908 25184 2213 22036 0 0 0 0 0 0 0 0 0 0 0 0 0
I1103 05:03:17.441293 46990736581696 create_pretraining_data.py:161] masked_lm_ids: 8822 2455 4768 1908 25184 2213 22036 0 0 0 0 0 0 0 0 0 0 0 0 0
INFO:tensorflow:masked_lm_weights: 1.0 1.0 1.0 1.0 1.0 1.0 1.0 0.0 0.0 0.0 0.0 0.0 0.0 0.0 0.0 0.0 0.0 0.0 0.0 0.0
I1103 05:03:17.441385 46990736581696 create_pretraining_data.py:161] masked_lm_weights: 1.0 1.0 1.0 1.0 1.0 1.0 1.0 0.0 0.0 0.0 0.0 0.0 0.0 0.0 0.0 0.0 0.0 0.0 0.0 0.0
INFO:tensorflow:next_sentence_labels: 1
I1103 05:03:17.441467 46990736581696 create_pretraining_data.py:161] next_sentence_labels: 1
INFO:tensorflow:*** Example ***
I1103 05:03:17.442059 46990736581696 create_pretraining_data.py:149] *** Example ***
INFO:tensorflow:tokens: [CLS] [MASK] متابعينك ريتويت فلو والفت عمل رتويت [SEP] عندما اعط ##ر صباحي [MASK] اليك والت ##امل في جمالك فان هذا كاف لان يكون يومي جميلا وجميل ##ا جدا [MASK] [MASK] الله الينا سالم ##ا [SEP]
I1103 05:03:17.442189 46990736581696 create_pretraining_data.py:151] tokens: [CLS] [MASK] متابعينك ريتويت فلو والفت عمل رتويت [SEP] عندما اعط ##ر صباحي [MASK] اليك والت ##امل في جمالك فان هذا كاف لان يكون يومي جميلا وجميل ##ا جدا [MASK] [MASK] الله الينا سالم ##ا [SEP]
INFO:tensorflow:input_ids: 2 4 6209 3425 4696 21700 2979 2928 3 2805 7484 1017 13658 4 4230 2211 2482 1912 18788 2712 2085 9463 2551 2461 8628 9656 26730 1007 2882 4 4 1953 12647 5261 1007 3 0 0 0 0 0 0 0 0 0 0 0 0 0 0 0 0 0 0 0 0 0 0 0 0 0 0 0 0 0 0 0 0 0 0 0 0 0 0 0 0 0 0 0 0 0 0 0 0 0 0 0 0 0 0 0 0 0 0 0 0 0 0 0 0 0 0 0 0 0 0 0 0 0 0 0 0 0 0 0 0 0 0 0 0 0 0 0 0 0 0 0 0
I1103 05:03:17.442331 46990736581696 create_pretraining_data.py:161] input_ids: 2 4 6209 3425 4696 21700 2979 2928 3 2805 7484 1017 13658 4 4230 2211 2482 1912 18788 2712 2085 9463 2551 2461 8628 9656 26730 1007 2882 4 4 1953 12647 5261 1007 3 0 0 0 0 0 0 0 0 0 0 0 0 0 0 0 0 0 0 0 0 0 0 0 0 0 0 0 0 0 0 0 0 0 0 0 0 0 0 0 0 0 0 0 0 0 0 0 0 0 0 0 0 0 0 0 0 0 0 0 0 0 0 0 0 0 0 0 0 0 0 0 0 0 0 0 0 0 0 0 0 0 0 0 0 0 0 0 0 0 0 0 0
INFO:tensorflow:input_mask: 1 1 1 1 1 1 1 1 1 1 1 1 1 1 1 1 1 1 1 1 1 1 1 1 1 1 1 1 1 1 1 1 1 1 1 1 0 0 0 0 0 0 0 0 0 0 0 0 0 0 0 0 0 0 0 0 0 0 0 0 0 0 0 0 0 0 0 0 0 0 0 0 0 0 0 0 0 0 0 0 0 0 0 0 0 0 0 0 0 0 0 0 0 0 0 0 0 0 0 0 0 0 0 0 0 0 0 0 0 0 0 0 0 0 0 0 0 0 0 0 0 0 0 0 0 0 0 0
I1103 05:03:17.442460 46990736581696 create_pretraining_data.py:161] input_mask: 1 1 1 1 1 1 1 1 1 1 1 1 1 1 1 1 1 1 1 1 1 1 1 1 1 1 1 1 1 1 1 1 1 1 1 1 0 0 0 0 0 0 0 0 0 0 0 0 0 0 0 0 0 0 0 0 0 0 0 0 0 0 0 0 0 0 0 0 0 0 0 0 0 0 0 0 0 0 0 0 0 0 0 0 0 0 0 0 0 0 0 0 0 0 0 0 0 0 0 0 0 0 0 0 0 0 0 0 0 0 0 0 0 0 0 0 0 0 0 0 0 0 0 0 0 0 0 0
INFO:tensorflow:segment_ids: 0 0 0 0 0 0 0 0 0 1 1 1 1 1 1 1 1 1 1 1 1 1 1 1 1 1 1 1 1 1 1 1 1 1 1 1 0 0 0 0 0 0 0 0 0 0 0 0 0 0 0 0 0 0 0 0 0 0 0 0 0 0 0 0 0 0 0 0 0 0 0 0 0 0 0 0 0 0 0 0 0 0 0 0 0 0 0 0 0 0 0 0 0 0 0 0 0 0 0 0 0 0 0 0 0 0 0 0 0 0 0 0 0 0 0 0 0 0 0 0 0 0 0 0 0 0 0 0
I1103 05:03:17.442599 46990736581696 create_pretraining_data.py:161] segment_ids: 0 0 0 0 0 0 0 0 0 1 1 1 1 1 1 1 1 1 1 1 1 1 1 1 1 1 1 1 1 1 1 1 1 1 1 1 0 0 0 0 0 0 0 0 0 0 0 0 0 0 0 0 0 0 0 0 0 0 0 0 0 0 0 0 0 0 0 0 0 0 0 0 0 0 0 0 0 0 0 0 0 0 0 0 0 0 0 0 0 0 0 0 0 0 0 0 0 0 0 0 0 0 0 0 0 0 0 0 0 0 0 0 0 0 0 0 0 0 0 0 0 0 0 0 0 0 0 0
INFO:tensorflow:masked_lm_positions: 1 5 13 29 30 0 0 0 0 0 0 0 0 0 0 0 0 0 0 0
I1103 05:03:17.442700 46990736581696 create_pretraining_data.py:161] masked_lm_positions: 1 5 13 29 30 0 0 0 0 0 0 0 0 0 0 0 0 0 0 0
INFO:tensorflow:masked_lm_ids: 5255 4492 18494 3535 1014 0 0 0 0 0 0 0 0 0 0 0 0 0 0 0
I1103 05:03:17.442789 46990736581696 create_pretraining_data.py:161] masked_lm_ids: 5255 4492 18494 3535 1014 0 0 0 0 0 0 0 0 0 0 0 0 0 0 0
INFO:tensorflow:masked_lm_weights: 1.0 1.0 1.0 1.0 1.0 0.0 0.0 0.0 0.0 0.0 0.0 0.0 0.0 0.0 0.0 0.0 0.0 0.0 0.0 0.0
I1103 05:03:17.442881 46990736581696 create_pretraining_data.py:161] masked_lm_weights: 1.0 1.0 1.0 1.0 1.0 0.0 0.0 0.0 0.0 0.0 0.0 0.0 0.0 0.0 0.0 0.0 0.0 0.0 0.0 0.0
INFO:tensorflow:next_sentence_labels: 1
I1103 05:03:17.442964 46990736581696 create_pretraining_data.py:161] next_sentence_labels: 1
INFO:tensorflow:*** Example ***
I1103 05:03:17.443573 46990736581696 create_pretraining_data.py:149] *** Example ***
INFO:tensorflow:tokens: [CLS] عتق رقبه حمد تايه الشمري ارفع [MASK] [MASK] للط ##نايا واش ##يله اللي ليا قام ##و يف ##كون الار ##قاب شمر تذ ##ري بالموا ##قف دخيل ##ه [MASK] [MASK] القا ##لات قام ##و بالا ##وجا ##ب [SEP] [MASK] [MASK] شطر في اليمن يريد ان ينف ##صل فنحن الحض ##ارم [MASK] حضرموت الكبري اولي [MASK] الحق في الانفصال [MASK] الجنوب العربي الحديث [SEP]
I1103 05:03:17.443718 46990736581696 create_pretraining_data.py:151] tokens: [CLS] عتق رقبه حمد تايه الشمري ارفع [MASK] [MASK] للط ##نايا واش ##يله اللي ليا قام ##و يف ##كون الار ##قاب شمر تذ ##ري بالموا ##قف دخيل ##ه [MASK] [MASK] القا ##لات قام ##و بالا ##وجا ##ب [SEP] [MASK] [MASK] شطر في اليمن يريد ان ينف ##صل فنحن الحض ##ارم [MASK] حضرموت الكبري اولي [MASK] الحق في الانفصال [MASK] الجنوب العربي الحديث [SEP]
INFO:tensorflow:input_ids: 2 11460 11575 5419 27041 10017 12552 4 4 3655 24228 5368 18064 2115 7706 3347 1012 3078 2103 11340 8737 16223 9392 1923 18830 3241 28571 1028 4 4 22938 2160 3347 1012 4581 22879 1045 3 4 4 21227 1912 3432 4026 1939 25839 2107 9640 6882 7805 4 21990 17932 7289 4 3333 1912 27475 4 6126 2659 3242 3 0 0 0 0 0 0 0 0 0 0 0 0 0 0 0 0 0 0 0 0 0 0 0 0 0 0 0 0 0 0 0 0 0 0 0 0 0 0 0 0 0 0 0 0 0 0 0 0 0 0 0 0 0 0 0 0 0 0 0 0 0 0 0 0 0
I1103 05:03:17.443866 46990736581696 create_pretraining_data.py:161] input_ids: 2 11460 11575 5419 27041 10017 12552 4 4 3655 24228 5368 18064 2115 7706 3347 1012 3078 2103 11340 8737 16223 9392 1923 18830 3241 28571 1028 4 4 22938 2160 3347 1012 4581 22879 1045 3 4 4 21227 1912 3432 4026 1939 25839 2107 9640 6882 7805 4 21990 17932 7289 4 3333 1912 27475 4 6126 2659 3242 3 0 0 0 0 0 0 0 0 0 0 0 0 0 0 0 0 0 0 0 0 0 0 0 0 0 0 0 0 0 0 0 0 0 0 0 0 0 0 0 0 0 0 0 0 0 0 0 0 0 0 0 0 0 0 0 0 0 0 0 0 0 0 0 0 0
INFO:tensorflow:input_mask: 1 1 1 1 1 1 1 1 1 1 1 1 1 1 1 1 1 1 1 1 1 1 1 1 1 1 1 1 1 1 1 1 1 1 1 1 1 1 1 1 1 1 1 1 1 1 1 1 1 1 1 1 1 1 1 1 1 1 1 1 1 1 1 0 0 0 0 0 0 0 0 0 0 0 0 0 0 0 0 0 0 0 0 0 0 0 0 0 0 0 0 0 0 0 0 0 0 0 0 0 0 0 0 0 0 0 0 0 0 0 0 0 0 0 0 0 0 0 0 0 0 0 0 0 0 0 0 0
I1103 05:03:17.443996 46990736581696 create_pretraining_data.py:161] input_mask: 1 1 1 1 1 1 1 1 1 1 1 1 1 1 1 1 1 1 1 1 1 1 1 1 1 1 1 1 1 1 1 1 1 1 1 1 1 1 1 1 1 1 1 1 1 1 1 1 1 1 1 1 1 1 1 1 1 1 1 1 1 1 1 0 0 0 0 0 0 0 0 0 0 0 0 0 0 0 0 0 0 0 0 0 0 0 0 0 0 0 0 0 0 0 0 0 0 0 0 0 0 0 0 0 0 0 0 0 0 0 0 0 0 0 0 0 0 0 0 0 0 0 0 0 0 0 0 0
INFO:tensorflow:segment_ids: 0 0 0 0 0 0 0 0 0 0 0 0 0 0 0 0 0 0 0 0 0 0 0 0 0 0 0 0 0 0 0 0 0 0 0 0 0 0 1 1 1 1 1 1 1 1 1 1 1 1 1 1 1 1 1 1 1 1 1 1 1 1 1 0 0 0 0 0 0 0 0 0 0 0 0 0 0 0 0 0 0 0 0 0 0 0 0 0 0 0 0 0 0 0 0 0 0 0 0 0 0 0 0 0 0 0 0 0 0 0 0 0 0 0 0 0 0 0 0 0 0 0 0 0 0 0 0 0
I1103 05:03:17.444136 46990736581696 create_pretraining_data.py:161] segment_ids: 0 0 0 0 0 0 0 0 0 0 0 0 0 0 0 0 0 0 0 0 0 0 0 0 0 0 0 0 0 0 0 0 0 0 0 0 0 0 1 1 1 1 1 1 1 1 1 1 1 1 1 1 1 1 1 1 1 1 1 1 1 1 1 0 0 0 0 0 0 0 0 0 0 0 0 0 0 0 0 0 0 0 0 0 0 0 0 0 0 0 0 0 0 0 0 0 0 0 0 0 0 0 0 0 0 0 0 0 0 0 0 0 0 0 0 0 0 0 0 0 0 0 0 0 0 0 0 0
INFO:tensorflow:masked_lm_positions: 7 8 28 29 38 39 50 54 58 0 0 0 0 0 0 0 0 0 0 0
I1103 05:03:17.444229 46990736581696 create_pretraining_data.py:161] masked_lm_positions: 7 8 28 29 38 39 50 54 58 0 0 0 0 0 0 0 0 0 0 0
INFO:tensorflow:masked_lm_ids: 3054 2145 18128 6630 2387 2038 6229 19567 1908 0 0 0 0 0 0 0 0 0 0 0
I1103 05:03:17.444319 46990736581696 create_pretraining_data.py:161] masked_lm_ids: 3054 2145 18128 6630 2387 2038 6229 19567 1908 0 0 0 0 0 0 0 0 0 0 0
INFO:tensorflow:masked_lm_weights: 1.0 1.0 1.0 1.0 1.0 1.0 1.0 1.0 1.0 0.0 0.0 0.0 0.0 0.0 0.0 0.0 0.0 0.0 0.0 0.0
I1103 05:03:17.444410 46990736581696 create_pretraining_data.py:161] masked_lm_weights: 1.0 1.0 1.0 1.0 1.0 1.0 1.0 1.0 1.0 0.0 0.0 0.0 0.0 0.0 0.0 0.0 0.0 0.0 0.0 0.0
INFO:tensorflow:next_sentence_labels: 1
I1103 05:03:17.444493 46990736581696 create_pretraining_data.py:161] next_sentence_labels: 1
INFO:tensorflow:*** Example ***
I1103 05:03:17.445103 46990736581696 create_pretraining_data.py:149] *** Example ***
INFO:tensorflow:tokens: [CLS] [MASK] عندك يقين مابعد ##ك احباب [MASK] [MASK] [SEP] انا تعبت و مات اغلب حنين ##ي اشياء ابيه ##ا صرت ما عاد ابيه ##ا [MASK] اعتق كل دمعه ب [MASK] حبس ##تها [MASK] انسان ما حس فيها [SEP]
I1103 05:03:17.445234 46990736581696 create_pretraining_data.py:151] tokens: [CLS] [MASK] عندك يقين مابعد ##ك احباب [MASK] [MASK] [SEP] انا تعبت و مات اغلب حنين ##ي اشياء ابيه ##ا صرت ما عاد ابيه ##ا [MASK] اعتق كل دمعه ب [MASK] حبس ##تها [MASK] انسان ما حس فيها [SEP]
INFO:tensorflow:input_ids: 2 4 5448 15026 29340 1014 10716 4 4 3 2315 12907 415 3019 10117 9573 1013 6164 22977 1007 9157 1972 3381 22977 1007 4 28031 2038 15760 388 4 19977 2377 4 5450 1972 2286 2443 3 0 0 0 0 0 0 0 0 0 0 0 0 0 0 0 0 0 0 0 0 0 0 0 0 0 0 0 0 0 0 0 0 0 0 0 0 0 0 0 0 0 0 0 0 0 0 0 0 0 0 0 0 0 0 0 0 0 0 0 0 0 0 0 0 0 0 0 0 0 0 0 0 0 0 0 0 0 0 0 0 0 0 0 0 0 0 0 0 0
I1103 05:03:17.445377 46990736581696 create_pretraining_data.py:161] input_ids: 2 4 5448 15026 29340 1014 10716 4 4 3 2315 12907 415 3019 10117 9573 1013 6164 22977 1007 9157 1972 3381 22977 1007 4 28031 2038 15760 388 4 19977 2377 4 5450 1972 2286 2443 3 0 0 0 0 0 0 0 0 0 0 0 0 0 0 0 0 0 0 0 0 0 0 0 0 0 0 0 0 0 0 0 0 0 0 0 0 0 0 0 0 0 0 0 0 0 0 0 0 0 0 0 0 0 0 0 0 0 0 0 0 0 0 0 0 0 0 0 0 0 0 0 0 0 0 0 0 0 0 0 0 0 0 0 0 0 0 0 0 0
INFO:tensorflow:input_mask: 1 1 1 1 1 1 1 1 1 1 1 1 1 1 1 1 1 1 1 1 1 1 1 1 1 1 1 1 1 1 1 1 1 1 1 1 1 1 1 0 0 0 0 0 0 0 0 0 0 0 0 0 0 0 0 0 0 0 0 0 0 0 0 0 0 0 0 0 0 0 0 0 0 0 0 0 0 0 0 0 0 0 0 0 0 0 0 0 0 0 0 0 0 0 0 0 0 0 0 0 0 0 0 0 0 0 0 0 0 0 0 0 0 0 0 0 0 0 0 0 0 0 0 0 0 0 0 0
I1103 05:03:17.445506 46990736581696 create_pretraining_data.py:161] input_mask: 1 1 1 1 1 1 1 1 1 1 1 1 1 1 1 1 1 1 1 1 1 1 1 1 1 1 1 1 1 1 1 1 1 1 1 1 1 1 1 0 0 0 0 0 0 0 0 0 0 0 0 0 0 0 0 0 0 0 0 0 0 0 0 0 0 0 0 0 0 0 0 0 0 0 0 0 0 0 0 0 0 0 0 0 0 0 0 0 0 0 0 0 0 0 0 0 0 0 0 0 0 0 0 0 0 0 0 0 0 0 0 0 0 0 0 0 0 0 0 0 0 0 0 0 0 0 0 0
INFO:tensorflow:segment_ids: 0 0 0 0 0 0 0 0 0 0 1 1 1 1 1 1 1 1 1 1 1 1 1 1 1 1 1 1 1 1 1 1 1 1 1 1 1 1 1 0 0 0 0 0 0 0 0 0 0 0 0 0 0 0 0 0 0 0 0 0 0 0 0 0 0 0 0 0 0 0 0 0 0 0 0 0 0 0 0 0 0 0 0 0 0 0 0 0 0 0 0 0 0 0 0 0 0 0 0 0 0 0 0 0 0 0 0 0 0 0 0 0 0 0 0 0 0 0 0 0 0 0 0 0 0 0 0 0
I1103 05:03:17.445655 46990736581696 create_pretraining_data.py:161] segment_ids: 0 0 0 0 0 0 0 0 0 0 1 1 1 1 1 1 1 1 1 1 1 1 1 1 1 1 1 1 1 1 1 1 1 1 1 1 1 1 1 0 0 0 0 0 0 0 0 0 0 0 0 0 0 0 0 0 0 0 0 0 0 0 0 0 0 0 0 0 0 0 0 0 0 0 0 0 0 0 0 0 0 0 0 0 0 0 0 0 0 0 0 0 0 0 0 0 0 0 0 0 0 0 0 0 0 0 0 0 0 0 0 0 0 0 0 0 0 0 0 0 0 0 0 0 0 0 0 0
INFO:tensorflow:masked_lm_positions: 1 7 8 25 30 33 0 0 0 0 0 0 0 0 0 0 0 0 0 0
I1103 05:03:17.445752 46990736581696 create_pretraining_data.py:161] masked_lm_positions: 1 7 8 25 30 33 0 0 0 0 0 0 0 0 0 0 0 0 0 0
INFO:tensorflow:masked_lm_ids: 9549 13425 3649 8746 4606 411 0 0 0 0 0 0 0 0 0 0 0 0 0 0
I1103 05:03:17.445843 46990736581696 create_pretraining_data.py:161] masked_lm_ids: 9549 13425 3649 8746 4606 411 0 0 0 0 0 0 0 0 0 0 0 0 0 0
INFO:tensorflow:masked_lm_weights: 1.0 1.0 1.0 1.0 1.0 1.0 0.0 0.0 0.0 0.0 0.0 0.0 0.0 0.0 0.0 0.0 0.0 0.0 0.0 0.0
I1103 05:03:17.445935 46990736581696 create_pretraining_data.py:161] masked_lm_weights: 1.0 1.0 1.0 1.0 1.0 1.0 0.0 0.0 0.0 0.0 0.0 0.0 0.0 0.0 0.0 0.0 0.0 0.0 0.0 0.0
INFO:tensorflow:next_sentence_labels: 1
I1103 05:03:17.446017 46990736581696 create_pretraining_data.py:161] next_sentence_labels: 1
INFO:tensorflow:Wrote 9999770 total instances
I1103 06:12:29.091634 46990736581696 create_pretraining_data.py:166] Wrote 9999770 total instances
