Loading module 'all'
WARNING:tensorflow:From ../bert/create_pretraining_data.py:469: The name tf.app.run is deprecated. Please use tf.compat.v1.app.run instead.

WARNING:tensorflow:From ../bert/create_pretraining_data.py:437: The name tf.logging.set_verbosity is deprecated. Please use tf.compat.v1.logging.set_verbosity instead.

W1103 14:45:46.653413 47195589461056 module_wrapper.py:139] From ../bert/create_pretraining_data.py:437: The name tf.logging.set_verbosity is deprecated. Please use tf.compat.v1.logging.set_verbosity instead.

WARNING:tensorflow:From ../bert/create_pretraining_data.py:437: The name tf.logging.INFO is deprecated. Please use tf.compat.v1.logging.INFO instead.

W1103 14:45:46.653710 47195589461056 module_wrapper.py:139] From ../bert/create_pretraining_data.py:437: The name tf.logging.INFO is deprecated. Please use tf.compat.v1.logging.INFO instead.

WARNING:tensorflow:From /scratch/gi372/CAMeLBERT/bert/tokenization.py:125: The name tf.gfile.GFile is deprecated. Please use tf.io.gfile.GFile instead.

W1103 14:45:46.653995 47195589461056 module_wrapper.py:139] From /scratch/gi372/CAMeLBERT/bert/tokenization.py:125: The name tf.gfile.GFile is deprecated. Please use tf.io.gfile.GFile instead.

WARNING:tensorflow:From ../bert/create_pretraining_data.py:444: The name tf.gfile.Glob is deprecated. Please use tf.io.gfile.glob instead.

W1103 14:45:46.786799 47195589461056 module_wrapper.py:139] From ../bert/create_pretraining_data.py:444: The name tf.gfile.Glob is deprecated. Please use tf.io.gfile.glob instead.

WARNING:tensorflow:From ../bert/create_pretraining_data.py:446: The name tf.logging.info is deprecated. Please use tf.compat.v1.logging.info instead.

W1103 14:45:46.813354 47195589461056 module_wrapper.py:139] From ../bert/create_pretraining_data.py:446: The name tf.logging.info is deprecated. Please use tf.compat.v1.logging.info instead.

INFO:tensorflow:*** Reading from input files ***
I1103 14:45:46.813544 47195589461056 create_pretraining_data.py:446] *** Reading from input files ***
INFO:tensorflow:  ../corpora/shards/DA-ali2019-500m-tweet.bw.ar.lines.shard.370.normalized.sents
I1103 14:45:46.813678 47195589461056 create_pretraining_data.py:448]   ../corpora/shards/DA-ali2019-500m-tweet.bw.ar.lines.shard.370.normalized.sents
INFO:tensorflow:*** Writing to output files ***
I1103 15:28:13.763014 47195589461056 create_pretraining_data.py:457] *** Writing to output files ***
INFO:tensorflow:  ../corpora/tfrecord_wp-30k_msl-128/DA-ali2019-500m-tweet.bw.ar.lines.shard.370.tf_record
I1103 15:28:14.102628 47195589461056 create_pretraining_data.py:459]   ../corpora/tfrecord_wp-30k_msl-128/DA-ali2019-500m-tweet.bw.ar.lines.shard.370.tf_record
WARNING:tensorflow:From ../bert/create_pretraining_data.py:101: The name tf.python_io.TFRecordWriter is deprecated. Please use tf.io.TFRecordWriter instead.

W1103 15:28:14.161448 47195589461056 module_wrapper.py:139] From ../bert/create_pretraining_data.py:101: The name tf.python_io.TFRecordWriter is deprecated. Please use tf.io.TFRecordWriter instead.

INFO:tensorflow:*** Example ***
I1103 15:28:14.230879 47195589461056 create_pretraining_data.py:149] *** Example ***
INFO:tensorflow:tokens: [CLS] [MASK] هذا ##الص ##باح نسالك ياالله [MASK] لات ##جعل للح ##زن مكانا في قلوبنا [MASK] ضاقت بنا ##الا ##حوا ##ل يوما فا ##وسع ##ها برحمتك [MASK] [MASK] ##م الراحمين صباح الخير [SEP] كنت اشوفك غير عنهم الله يا مك ##بر عما ##ي [SEP]
I1103 15:28:14.231165 47195589461056 create_pretraining_data.py:151] tokens: [CLS] [MASK] هذا ##الص ##باح نسالك ياالله [MASK] لات ##جعل للح ##زن مكانا في قلوبنا [MASK] ضاقت بنا ##الا ##حوا ##ل يوما فا ##وسع ##ها برحمتك [MASK] [MASK] ##م الراحمين صباح الخير [SEP] كنت اشوفك غير عنهم الله يا مك ##بر عما ##ي [SEP]
INFO:tensorflow:input_ids: 2 4 2085 11029 2355 8613 19510 4 2955 12101 2773 3104 18352 1912 5034 4 10994 3122 3757 9804 1010 4038 3031 6389 1913 9286 4 4 1015 11564 2570 2831 3 2678 14920 2224 5709 1953 2104 2708 1997 5606 1013 3 0 0 0 0 0 0 0 0 0 0 0 0 0 0 0 0 0 0 0 0 0 0 0 0 0 0 0 0 0 0 0 0 0 0 0 0 0 0 0 0 0 0 0 0 0 0 0 0 0 0 0 0 0 0 0 0 0 0 0 0 0 0 0 0 0 0 0 0 0 0 0 0 0 0 0 0 0 0 0 0 0 0 0 0
I1103 15:28:14.231435 47195589461056 create_pretraining_data.py:161] input_ids: 2 4 2085 11029 2355 8613 19510 4 2955 12101 2773 3104 18352 1912 5034 4 10994 3122 3757 9804 1010 4038 3031 6389 1913 9286 4 4 1015 11564 2570 2831 3 2678 14920 2224 5709 1953 2104 2708 1997 5606 1013 3 0 0 0 0 0 0 0 0 0 0 0 0 0 0 0 0 0 0 0 0 0 0 0 0 0 0 0 0 0 0 0 0 0 0 0 0 0 0 0 0 0 0 0 0 0 0 0 0 0 0 0 0 0 0 0 0 0 0 0 0 0 0 0 0 0 0 0 0 0 0 0 0 0 0 0 0 0 0 0 0 0 0 0 0
INFO:tensorflow:input_mask: 1 1 1 1 1 1 1 1 1 1 1 1 1 1 1 1 1 1 1 1 1 1 1 1 1 1 1 1 1 1 1 1 1 1 1 1 1 1 1 1 1 1 1 1 0 0 0 0 0 0 0 0 0 0 0 0 0 0 0 0 0 0 0 0 0 0 0 0 0 0 0 0 0 0 0 0 0 0 0 0 0 0 0 0 0 0 0 0 0 0 0 0 0 0 0 0 0 0 0 0 0 0 0 0 0 0 0 0 0 0 0 0 0 0 0 0 0 0 0 0 0 0 0 0 0 0 0 0
I1103 15:28:14.231666 47195589461056 create_pretraining_data.py:161] input_mask: 1 1 1 1 1 1 1 1 1 1 1 1 1 1 1 1 1 1 1 1 1 1 1 1 1 1 1 1 1 1 1 1 1 1 1 1 1 1 1 1 1 1 1 1 0 0 0 0 0 0 0 0 0 0 0 0 0 0 0 0 0 0 0 0 0 0 0 0 0 0 0 0 0 0 0 0 0 0 0 0 0 0 0 0 0 0 0 0 0 0 0 0 0 0 0 0 0 0 0 0 0 0 0 0 0 0 0 0 0 0 0 0 0 0 0 0 0 0 0 0 0 0 0 0 0 0 0 0
INFO:tensorflow:segment_ids: 0 0 0 0 0 0 0 0 0 0 0 0 0 0 0 0 0 0 0 0 0 0 0 0 0 0 0 0 0 0 0 0 0 1 1 1 1 1 1 1 1 1 1 1 0 0 0 0 0 0 0 0 0 0 0 0 0 0 0 0 0 0 0 0 0 0 0 0 0 0 0 0 0 0 0 0 0 0 0 0 0 0 0 0 0 0 0 0 0 0 0 0 0 0 0 0 0 0 0 0 0 0 0 0 0 0 0 0 0 0 0 0 0 0 0 0 0 0 0 0 0 0 0 0 0 0 0 0
I1103 15:28:14.231859 47195589461056 create_pretraining_data.py:161] segment_ids: 0 0 0 0 0 0 0 0 0 0 0 0 0 0 0 0 0 0 0 0 0 0 0 0 0 0 0 0 0 0 0 0 0 1 1 1 1 1 1 1 1 1 1 1 0 0 0 0 0 0 0 0 0 0 0 0 0 0 0 0 0 0 0 0 0 0 0 0 0 0 0 0 0 0 0 0 0 0 0 0 0 0 0 0 0 0 0 0 0 0 0 0 0 0 0 0 0 0 0 0 0 0 0 0 0 0 0 0 0 0 0 0 0 0 0 0 0 0 0 0 0 0 0 0 0 0 0 0
INFO:tensorflow:masked_lm_positions: 1 7 15 26 27 28 36 0 0 0 0 0 0 0 0 0 0 0 0 0
I1103 15:28:14.232005 47195589461056 create_pretraining_data.py:161] masked_lm_positions: 1 7 15 26 27 28 36 0 0 0 0 0 0 0 0 0 0 0 0 0
INFO:tensorflow:masked_lm_ids: 1973 1939 2178 11627 2157 1015 5709 0 0 0 0 0 0 0 0 0 0 0 0 0
I1103 15:28:14.232146 47195589461056 create_pretraining_data.py:161] masked_lm_ids: 1973 1939 2178 11627 2157 1015 5709 0 0 0 0 0 0 0 0 0 0 0 0 0
INFO:tensorflow:masked_lm_weights: 1.0 1.0 1.0 1.0 1.0 1.0 1.0 0.0 0.0 0.0 0.0 0.0 0.0 0.0 0.0 0.0 0.0 0.0 0.0 0.0
I1103 15:28:14.232307 47195589461056 create_pretraining_data.py:161] masked_lm_weights: 1.0 1.0 1.0 1.0 1.0 1.0 1.0 0.0 0.0 0.0 0.0 0.0 0.0 0.0 0.0 0.0 0.0 0.0 0.0 0.0
INFO:tensorflow:next_sentence_labels: 1
I1103 15:28:14.232444 47195589461056 create_pretraining_data.py:161] next_sentence_labels: 1
INFO:tensorflow:*** Example ***
I1103 15:28:14.233366 47195589461056 create_pretraining_data.py:149] *** Example ***
INFO:tensorflow:tokens: [CLS] بيتوركا و بالف ##تر ##ه الشتويه نجيب محترف ##ين بدل تروي ##سي و مارتن و مونتاري و علي كم لاعب محلي كذا الموسم [MASK] الاتحاد [MASK] شي كبير [SEP] اسرار الت ##اثير والاق ##ناع في [MASK] الجسد عن منشورات [MASK] بسعر [MASK] 99 [SEP]
I1103 15:28:14.233559 47195589461056 create_pretraining_data.py:151] tokens: [CLS] بيتوركا و بالف ##تر ##ه الشتويه نجيب محترف ##ين بدل تروي ##سي و مارتن و مونتاري و علي كم لاعب محلي كذا الموسم [MASK] الاتحاد [MASK] شي كبير [SEP] اسرار الت ##اثير والاق ##ناع في [MASK] الجسد عن منشورات [MASK] بسعر [MASK] 99 [SEP]
INFO:tensorflow:input_ids: 2 14855 415 5406 2582 1028 19577 12340 18561 1911 8832 17688 1999 415 14510 415 29472 415 1958 2995 3639 15174 5078 4249 4 2816 4 2228 2934 3 11566 1927 25371 16312 11522 1912 4 10340 1955 21694 4 12204 4 10751 3 0 0 0 0 0 0 0 0 0 0 0 0 0 0 0 0 0 0 0 0 0 0 0 0 0 0 0 0 0 0 0 0 0 0 0 0 0 0 0 0 0 0 0 0 0 0 0 0 0 0 0 0 0 0 0 0 0 0 0 0 0 0 0 0 0 0 0 0 0 0 0 0 0 0 0 0 0 0 0 0 0 0 0
I1103 15:28:14.233771 47195589461056 create_pretraining_data.py:161] input_ids: 2 14855 415 5406 2582 1028 19577 12340 18561 1911 8832 17688 1999 415 14510 415 29472 415 1958 2995 3639 15174 5078 4249 4 2816 4 2228 2934 3 11566 1927 25371 16312 11522 1912 4 10340 1955 21694 4 12204 4 10751 3 0 0 0 0 0 0 0 0 0 0 0 0 0 0 0 0 0 0 0 0 0 0 0 0 0 0 0 0 0 0 0 0 0 0 0 0 0 0 0 0 0 0 0 0 0 0 0 0 0 0 0 0 0 0 0 0 0 0 0 0 0 0 0 0 0 0 0 0 0 0 0 0 0 0 0 0 0 0 0 0 0 0 0
INFO:tensorflow:input_mask: 1 1 1 1 1 1 1 1 1 1 1 1 1 1 1 1 1 1 1 1 1 1 1 1 1 1 1 1 1 1 1 1 1 1 1 1 1 1 1 1 1 1 1 1 1 0 0 0 0 0 0 0 0 0 0 0 0 0 0 0 0 0 0 0 0 0 0 0 0 0 0 0 0 0 0 0 0 0 0 0 0 0 0 0 0 0 0 0 0 0 0 0 0 0 0 0 0 0 0 0 0 0 0 0 0 0 0 0 0 0 0 0 0 0 0 0 0 0 0 0 0 0 0 0 0 0 0 0
I1103 15:28:14.233990 47195589461056 create_pretraining_data.py:161] input_mask: 1 1 1 1 1 1 1 1 1 1 1 1 1 1 1 1 1 1 1 1 1 1 1 1 1 1 1 1 1 1 1 1 1 1 1 1 1 1 1 1 1 1 1 1 1 0 0 0 0 0 0 0 0 0 0 0 0 0 0 0 0 0 0 0 0 0 0 0 0 0 0 0 0 0 0 0 0 0 0 0 0 0 0 0 0 0 0 0 0 0 0 0 0 0 0 0 0 0 0 0 0 0 0 0 0 0 0 0 0 0 0 0 0 0 0 0 0 0 0 0 0 0 0 0 0 0 0 0
INFO:tensorflow:segment_ids: 0 0 0 0 0 0 0 0 0 0 0 0 0 0 0 0 0 0 0 0 0 0 0 0 0 0 0 0 0 0 1 1 1 1 1 1 1 1 1 1 1 1 1 1 1 0 0 0 0 0 0 0 0 0 0 0 0 0 0 0 0 0 0 0 0 0 0 0 0 0 0 0 0 0 0 0 0 0 0 0 0 0 0 0 0 0 0 0 0 0 0 0 0 0 0 0 0 0 0 0 0 0 0 0 0 0 0 0 0 0 0 0 0 0 0 0 0 0 0 0 0 0 0 0 0 0 0 0
I1103 15:28:14.234180 47195589461056 create_pretraining_data.py:161] segment_ids: 0 0 0 0 0 0 0 0 0 0 0 0 0 0 0 0 0 0 0 0 0 0 0 0 0 0 0 0 0 0 1 1 1 1 1 1 1 1 1 1 1 1 1 1 1 0 0 0 0 0 0 0 0 0 0 0 0 0 0 0 0 0 0 0 0 0 0 0 0 0 0 0 0 0 0 0 0 0 0 0 0 0 0 0 0 0 0 0 0 0 0 0 0 0 0 0 0 0 0 0 0 0 0 0 0 0 0 0 0 0 0 0 0 0 0 0 0 0 0 0 0 0 0 0 0 0 0 0
INFO:tensorflow:masked_lm_positions: 15 24 26 36 37 40 42 0 0 0 0 0 0 0 0 0 0 0 0 0
I1103 15:28:14.234336 47195589461056 create_pretraining_data.py:161] masked_lm_positions: 15 24 26 36 37 40 42 0 0 0 0 0 0 0 0 0 0 0 0 0
INFO:tensorflow:masked_lm_ids: 415 22036 9120 14255 10340 26706 26 0 0 0 0 0 0 0 0 0 0 0 0 0
I1103 15:28:14.234477 47195589461056 create_pretraining_data.py:161] masked_lm_ids: 415 22036 9120 14255 10340 26706 26 0 0 0 0 0 0 0 0 0 0 0 0 0
INFO:tensorflow:masked_lm_weights: 1.0 1.0 1.0 1.0 1.0 1.0 1.0 0.0 0.0 0.0 0.0 0.0 0.0 0.0 0.0 0.0 0.0 0.0 0.0 0.0
I1103 15:28:14.234621 47195589461056 create_pretraining_data.py:161] masked_lm_weights: 1.0 1.0 1.0 1.0 1.0 1.0 1.0 0.0 0.0 0.0 0.0 0.0 0.0 0.0 0.0 0.0 0.0 0.0 0.0 0.0
INFO:tensorflow:next_sentence_labels: 1
I1103 15:28:14.234751 47195589461056 create_pretraining_data.py:161] next_sentence_labels: 1
INFO:tensorflow:*** Example ***
I1103 15:28:14.235659 47195589461056 create_pretraining_data.py:149] *** Example ***
INFO:tensorflow:tokens: [CLS] حافظ علي من [MASK] فالق ##لب لايف ##تح ابواب ##ه دائما [SEP] [MASK] [MASK] مع اغ ##راض ابوي الله يرحمه كاتبها بيده اقر ##وها وس ##وو [MASK] صدقه [MASK] [SEP]
I1103 15:28:14.235841 47195589461056 create_pretraining_data.py:151] tokens: [CLS] حافظ علي من [MASK] فالق ##لب لايف ##تح ابواب ##ه دائما [SEP] [MASK] [MASK] مع اغ ##راض ابوي الله يرحمه كاتبها بيده اقر ##وها وس ##وو [MASK] صدقه [MASK] [SEP]
INFO:tensorflow:input_ids: 2 6813 1958 1908 4 23847 1935 11007 2133 7989 1028 3357 3 4 4 1973 2803 2921 13581 1953 12180 10801 11295 16445 3736 2138 3065 4 8337 4 3 0 0 0 0 0 0 0 0 0 0 0 0 0 0 0 0 0 0 0 0 0 0 0 0 0 0 0 0 0 0 0 0 0 0 0 0 0 0 0 0 0 0 0 0 0 0 0 0 0 0 0 0 0 0 0 0 0 0 0 0 0 0 0 0 0 0 0 0 0 0 0 0 0 0 0 0 0 0 0 0 0 0 0 0 0 0 0 0 0 0 0 0 0 0 0 0 0
I1103 15:28:14.236051 47195589461056 create_pretraining_data.py:161] input_ids: 2 6813 1958 1908 4 23847 1935 11007 2133 7989 1028 3357 3 4 4 1973 2803 2921 13581 1953 12180 10801 11295 16445 3736 2138 3065 4 8337 4 3 0 0 0 0 0 0 0 0 0 0 0 0 0 0 0 0 0 0 0 0 0 0 0 0 0 0 0 0 0 0 0 0 0 0 0 0 0 0 0 0 0 0 0 0 0 0 0 0 0 0 0 0 0 0 0 0 0 0 0 0 0 0 0 0 0 0 0 0 0 0 0 0 0 0 0 0 0 0 0 0 0 0 0 0 0 0 0 0 0 0 0 0 0 0 0 0 0
INFO:tensorflow:input_mask: 1 1 1 1 1 1 1 1 1 1 1 1 1 1 1 1 1 1 1 1 1 1 1 1 1 1 1 1 1 1 1 0 0 0 0 0 0 0 0 0 0 0 0 0 0 0 0 0 0 0 0 0 0 0 0 0 0 0 0 0 0 0 0 0 0 0 0 0 0 0 0 0 0 0 0 0 0 0 0 0 0 0 0 0 0 0 0 0 0 0 0 0 0 0 0 0 0 0 0 0 0 0 0 0 0 0 0 0 0 0 0 0 0 0 0 0 0 0 0 0 0 0 0 0 0 0 0 0
I1103 15:28:14.236270 47195589461056 create_pretraining_data.py:161] input_mask: 1 1 1 1 1 1 1 1 1 1 1 1 1 1 1 1 1 1 1 1 1 1 1 1 1 1 1 1 1 1 1 0 0 0 0 0 0 0 0 0 0 0 0 0 0 0 0 0 0 0 0 0 0 0 0 0 0 0 0 0 0 0 0 0 0 0 0 0 0 0 0 0 0 0 0 0 0 0 0 0 0 0 0 0 0 0 0 0 0 0 0 0 0 0 0 0 0 0 0 0 0 0 0 0 0 0 0 0 0 0 0 0 0 0 0 0 0 0 0 0 0 0 0 0 0 0 0 0
INFO:tensorflow:segment_ids: 0 0 0 0 0 0 0 0 0 0 0 0 0 1 1 1 1 1 1 1 1 1 1 1 1 1 1 1 1 1 1 0 0 0 0 0 0 0 0 0 0 0 0 0 0 0 0 0 0 0 0 0 0 0 0 0 0 0 0 0 0 0 0 0 0 0 0 0 0 0 0 0 0 0 0 0 0 0 0 0 0 0 0 0 0 0 0 0 0 0 0 0 0 0 0 0 0 0 0 0 0 0 0 0 0 0 0 0 0 0 0 0 0 0 0 0 0 0 0 0 0 0 0 0 0 0 0 0
I1103 15:28:14.236466 47195589461056 create_pretraining_data.py:161] segment_ids: 0 0 0 0 0 0 0 0 0 0 0 0 0 1 1 1 1 1 1 1 1 1 1 1 1 1 1 1 1 1 1 0 0 0 0 0 0 0 0 0 0 0 0 0 0 0 0 0 0 0 0 0 0 0 0 0 0 0 0 0 0 0 0 0 0 0 0 0 0 0 0 0 0 0 0 0 0 0 0 0 0 0 0 0 0 0 0 0 0 0 0 0 0 0 0 0 0 0 0 0 0 0 0 0 0 0 0 0 0 0 0 0 0 0 0 0 0 0 0 0 0 0 0 0 0 0 0 0
INFO:tensorflow:masked_lm_positions: 4 13 14 27 29 0 0 0 0 0 0 0 0 0 0 0 0 0 0 0
I1103 15:28:14.236614 47195589461056 create_pretraining_data.py:161] masked_lm_positions: 4 13 14 27 29 0 0 0 0 0 0 0 0 0 0 0 0 0 0 0
INFO:tensorflow:masked_lm_ids: 3965 13508 1913 3425 2154 0 0 0 0 0 0 0 0 0 0 0 0 0 0 0
I1103 15:28:14.236755 47195589461056 create_pretraining_data.py:161] masked_lm_ids: 3965 13508 1913 3425 2154 0 0 0 0 0 0 0 0 0 0 0 0 0 0 0
INFO:tensorflow:masked_lm_weights: 1.0 1.0 1.0 1.0 1.0 0.0 0.0 0.0 0.0 0.0 0.0 0.0 0.0 0.0 0.0 0.0 0.0 0.0 0.0 0.0
I1103 15:28:14.236897 47195589461056 create_pretraining_data.py:161] masked_lm_weights: 1.0 1.0 1.0 1.0 1.0 0.0 0.0 0.0 0.0 0.0 0.0 0.0 0.0 0.0 0.0 0.0 0.0 0.0 0.0 0.0
INFO:tensorflow:next_sentence_labels: 1
I1103 15:28:14.237027 47195589461056 create_pretraining_data.py:161] next_sentence_labels: 1
INFO:tensorflow:*** Example ***
I1103 15:28:14.237887 47195589461056 create_pretraining_data.py:149] *** Example ***
INFO:tensorflow:tokens: [CLS] صمت الفقراء [MASK] [MASK] وسيله الي طلب الحاجه ربما ملل من ج ##شع الاغ ##نياء [SEP] 2 صور من مقر منافسات المسرح المدرسي بمحافظه المجمع ##ه حيث [MASK] [MASK] 9 طالبات من تعليم المذ ##نب [SEP]
I1103 15:28:14.238071 47195589461056 create_pretraining_data.py:151] tokens: [CLS] صمت الفقراء [MASK] [MASK] وسيله الي طلب الحاجه ربما ملل من ج ##شع الاغ ##نياء [SEP] 2 صور من مقر منافسات المسرح المدرسي بمحافظه المجمع ##ه حيث [MASK] [MASK] 9 طالبات من تعليم المذ ##نب [SEP]
INFO:tensorflow:input_ids: 2 8152 12328 4 4 25018 2002 2922 11749 5227 23832 1908 392 8474 4404 21129 3 22 2649 1908 5304 13915 7360 16265 25508 12457 1028 2455 4 4 29 19847 1908 4475 16992 3759 3 0 0 0 0 0 0 0 0 0 0 0 0 0 0 0 0 0 0 0 0 0 0 0 0 0 0 0 0 0 0 0 0 0 0 0 0 0 0 0 0 0 0 0 0 0 0 0 0 0 0 0 0 0 0 0 0 0 0 0 0 0 0 0 0 0 0 0 0 0 0 0 0 0 0 0 0 0 0 0 0 0 0 0 0 0 0 0 0 0 0 0
I1103 15:28:14.238307 47195589461056 create_pretraining_data.py:161] input_ids: 2 8152 12328 4 4 25018 2002 2922 11749 5227 23832 1908 392 8474 4404 21129 3 22 2649 1908 5304 13915 7360 16265 25508 12457 1028 2455 4 4 29 19847 1908 4475 16992 3759 3 0 0 0 0 0 0 0 0 0 0 0 0 0 0 0 0 0 0 0 0 0 0 0 0 0 0 0 0 0 0 0 0 0 0 0 0 0 0 0 0 0 0 0 0 0 0 0 0 0 0 0 0 0 0 0 0 0 0 0 0 0 0 0 0 0 0 0 0 0 0 0 0 0 0 0 0 0 0 0 0 0 0 0 0 0 0 0 0 0 0 0
INFO:tensorflow:input_mask: 1 1 1 1 1 1 1 1 1 1 1 1 1 1 1 1 1 1 1 1 1 1 1 1 1 1 1 1 1 1 1 1 1 1 1 1 1 0 0 0 0 0 0 0 0 0 0 0 0 0 0 0 0 0 0 0 0 0 0 0 0 0 0 0 0 0 0 0 0 0 0 0 0 0 0 0 0 0 0 0 0 0 0 0 0 0 0 0 0 0 0 0 0 0 0 0 0 0 0 0 0 0 0 0 0 0 0 0 0 0 0 0 0 0 0 0 0 0 0 0 0 0 0 0 0 0 0 0
I1103 15:28:14.238511 47195589461056 create_pretraining_data.py:161] input_mask: 1 1 1 1 1 1 1 1 1 1 1 1 1 1 1 1 1 1 1 1 1 1 1 1 1 1 1 1 1 1 1 1 1 1 1 1 1 0 0 0 0 0 0 0 0 0 0 0 0 0 0 0 0 0 0 0 0 0 0 0 0 0 0 0 0 0 0 0 0 0 0 0 0 0 0 0 0 0 0 0 0 0 0 0 0 0 0 0 0 0 0 0 0 0 0 0 0 0 0 0 0 0 0 0 0 0 0 0 0 0 0 0 0 0 0 0 0 0 0 0 0 0 0 0 0 0 0 0
INFO:tensorflow:segment_ids: 0 0 0 0 0 0 0 0 0 0 0 0 0 0 0 0 0 1 1 1 1 1 1 1 1 1 1 1 1 1 1 1 1 1 1 1 1 0 0 0 0 0 0 0 0 0 0 0 0 0 0 0 0 0 0 0 0 0 0 0 0 0 0 0 0 0 0 0 0 0 0 0 0 0 0 0 0 0 0 0 0 0 0 0 0 0 0 0 0 0 0 0 0 0 0 0 0 0 0 0 0 0 0 0 0 0 0 0 0 0 0 0 0 0 0 0 0 0 0 0 0 0 0 0 0 0 0 0
I1103 15:28:14.238696 47195589461056 create_pretraining_data.py:161] segment_ids: 0 0 0 0 0 0 0 0 0 0 0 0 0 0 0 0 0 1 1 1 1 1 1 1 1 1 1 1 1 1 1 1 1 1 1 1 1 0 0 0 0 0 0 0 0 0 0 0 0 0 0 0 0 0 0 0 0 0 0 0 0 0 0 0 0 0 0 0 0 0 0 0 0 0 0 0 0 0 0 0 0 0 0 0 0 0 0 0 0 0 0 0 0 0 0 0 0 0 0 0 0 0 0 0 0 0 0 0 0 0 0 0 0 0 0 0 0 0 0 0 0 0 0 0 0 0 0 0
INFO:tensorflow:masked_lm_positions: 3 4 10 18 28 29 0 0 0 0 0 0 0 0 0 0 0 0 0 0
I1103 15:28:14.238824 47195589461056 create_pretraining_data.py:161] masked_lm_positions: 3 4 10 18 28 29 0 0 0 0 0 0 0 0 0 0 0 0 0 0
INFO:tensorflow:masked_lm_ids: 1963 8685 23832 2649 11216 2366 0 0 0 0 0 0 0 0 0 0 0 0 0 0
I1103 15:28:14.238949 47195589461056 create_pretraining_data.py:161] masked_lm_ids: 1963 8685 23832 2649 11216 2366 0 0 0 0 0 0 0 0 0 0 0 0 0 0
INFO:tensorflow:masked_lm_weights: 1.0 1.0 1.0 1.0 1.0 1.0 0.0 0.0 0.0 0.0 0.0 0.0 0.0 0.0 0.0 0.0 0.0 0.0 0.0 0.0
I1103 15:28:14.239075 47195589461056 create_pretraining_data.py:161] masked_lm_weights: 1.0 1.0 1.0 1.0 1.0 1.0 0.0 0.0 0.0 0.0 0.0 0.0 0.0 0.0 0.0 0.0 0.0 0.0 0.0 0.0
INFO:tensorflow:next_sentence_labels: 1
I1103 15:28:14.239191 47195589461056 create_pretraining_data.py:161] next_sentence_labels: 1
INFO:tensorflow:*** Example ***
I1103 15:28:14.239875 47195589461056 create_pretraining_data.py:149] *** Example ***
INFO:tensorflow:tokens: [CLS] تنقص كرامه المرء بم ##جاد ##لته [MASK] [MASK] والس ##فها ##ء وم ##لاغ ##اتهم [MASK] ليس [MASK] ما يخسر ##ونه بالم ##جاد ##له فمن [MASK] [MASK] فقد [MASK] نفسه واذا مرو ##ا باللغ ##و مرو ##ا كرام ##ا [SEP] تم توزيع مط ##ويات والبر ##وش ##ور علي [MASK] المدرسه [SEP]
I1103 15:28:14.240041 47195589461056 create_pretraining_data.py:151] tokens: [CLS] تنقص كرامه المرء بم ##جاد ##لته [MASK] [MASK] والس ##فها ##ء وم ##لاغ ##اتهم [MASK] ليس [MASK] ما يخسر ##ونه بالم ##جاد ##له فمن [MASK] [MASK] فقد [MASK] نفسه واذا مرو ##ا باللغ ##و مرو ##ا كرام ##ا [SEP] تم توزيع مط ##ويات والبر ##وش ##ور علي [MASK] المدرسه [SEP]
INFO:tensorflow:input_ids: 2 26115 24842 10197 2225 10513 3753 4 4 2604 17422 1053 2081 10103 5076 4 2618 4 1972 16643 3135 2493 10513 1917 4507 4 4 2901 4 3081 4876 6339 1007 8276 1012 6339 1007 8635 1007 3 2172 7283 2274 4318 6001 2937 1936 1958 4 17477 3 0 0 0 0 0 0 0 0 0 0 0 0 0 0 0 0 0 0 0 0 0 0 0 0 0 0 0 0 0 0 0 0 0 0 0 0 0 0 0 0 0 0 0 0 0 0 0 0 0 0 0 0 0 0 0 0 0 0 0 0 0 0 0 0 0 0 0 0 0 0 0 0 0 0 0 0 0
I1103 15:28:14.240247 47195589461056 create_pretraining_data.py:161] input_ids: 2 26115 24842 10197 2225 10513 3753 4 4 2604 17422 1053 2081 10103 5076 4 2618 4 1972 16643 3135 2493 10513 1917 4507 4 4 2901 4 3081 4876 6339 1007 8276 1012 6339 1007 8635 1007 3 2172 7283 2274 4318 6001 2937 1936 1958 4 17477 3 0 0 0 0 0 0 0 0 0 0 0 0 0 0 0 0 0 0 0 0 0 0 0 0 0 0 0 0 0 0 0 0 0 0 0 0 0 0 0 0 0 0 0 0 0 0 0 0 0 0 0 0 0 0 0 0 0 0 0 0 0 0 0 0 0 0 0 0 0 0 0 0 0 0 0 0 0
INFO:tensorflow:input_mask: 1 1 1 1 1 1 1 1 1 1 1 1 1 1 1 1 1 1 1 1 1 1 1 1 1 1 1 1 1 1 1 1 1 1 1 1 1 1 1 1 1 1 1 1 1 1 1 1 1 1 1 0 0 0 0 0 0 0 0 0 0 0 0 0 0 0 0 0 0 0 0 0 0 0 0 0 0 0 0 0 0 0 0 0 0 0 0 0 0 0 0 0 0 0 0 0 0 0 0 0 0 0 0 0 0 0 0 0 0 0 0 0 0 0 0 0 0 0 0 0 0 0 0 0 0 0 0 0
I1103 15:28:14.240430 47195589461056 create_pretraining_data.py:161] input_mask: 1 1 1 1 1 1 1 1 1 1 1 1 1 1 1 1 1 1 1 1 1 1 1 1 1 1 1 1 1 1 1 1 1 1 1 1 1 1 1 1 1 1 1 1 1 1 1 1 1 1 1 0 0 0 0 0 0 0 0 0 0 0 0 0 0 0 0 0 0 0 0 0 0 0 0 0 0 0 0 0 0 0 0 0 0 0 0 0 0 0 0 0 0 0 0 0 0 0 0 0 0 0 0 0 0 0 0 0 0 0 0 0 0 0 0 0 0 0 0 0 0 0 0 0 0 0 0 0
INFO:tensorflow:segment_ids: 0 0 0 0 0 0 0 0 0 0 0 0 0 0 0 0 0 0 0 0 0 0 0 0 0 0 0 0 0 0 0 0 0 0 0 0 0 0 0 0 1 1 1 1 1 1 1 1 1 1 1 0 0 0 0 0 0 0 0 0 0 0 0 0 0 0 0 0 0 0 0 0 0 0 0 0 0 0 0 0 0 0 0 0 0 0 0 0 0 0 0 0 0 0 0 0 0 0 0 0 0 0 0 0 0 0 0 0 0 0 0 0 0 0 0 0 0 0 0 0 0 0 0 0 0 0 0 0
I1103 15:28:14.240615 47195589461056 create_pretraining_data.py:161] segment_ids: 0 0 0 0 0 0 0 0 0 0 0 0 0 0 0 0 0 0 0 0 0 0 0 0 0 0 0 0 0 0 0 0 0 0 0 0 0 0 0 0 1 1 1 1 1 1 1 1 1 1 1 0 0 0 0 0 0 0 0 0 0 0 0 0 0 0 0 0 0 0 0 0 0 0 0 0 0 0 0 0 0 0 0 0 0 0 0 0 0 0 0 0 0 0 0 0 0 0 0 0 0 0 0 0 0 0 0 0 0 0 0 0 0 0 0 0 0 0 0 0 0 0 0 0 0 0 0 0
INFO:tensorflow:masked_lm_positions: 7 8 15 17 25 26 28 48 0 0 0 0 0 0 0 0 0 0 0 0
I1103 15:28:14.240747 47195589461056 create_pretraining_data.py:161] masked_lm_positions: 7 8 15 17 25 26 28 48 0 0 0 0 0 0 0 0 0 0 0 0
INFO:tensorflow:masked_lm_ids: 18532 1028 4974 8524 24991 16979 12784 6425 0 0 0 0 0 0 0 0 0 0 0 0
I1103 15:28:14.240871 47195589461056 create_pretraining_data.py:161] masked_lm_ids: 18532 1028 4974 8524 24991 16979 12784 6425 0 0 0 0 0 0 0 0 0 0 0 0
INFO:tensorflow:masked_lm_weights: 1.0 1.0 1.0 1.0 1.0 1.0 1.0 1.0 0.0 0.0 0.0 0.0 0.0 0.0 0.0 0.0 0.0 0.0 0.0 0.0
I1103 15:28:14.240999 47195589461056 create_pretraining_data.py:161] masked_lm_weights: 1.0 1.0 1.0 1.0 1.0 1.0 1.0 1.0 0.0 0.0 0.0 0.0 0.0 0.0 0.0 0.0 0.0 0.0 0.0 0.0
INFO:tensorflow:next_sentence_labels: 1
I1103 15:28:14.241115 47195589461056 create_pretraining_data.py:161] next_sentence_labels: 1
INFO:tensorflow:*** Example ***
I1103 15:28:14.241804 47195589461056 create_pretraining_data.py:149] *** Example ***
INFO:tensorflow:tokens: [CLS] ندي [MASK] ذمه [MASK] اح ##لوها [SEP] مصور [MASK] الي مدينه البند ##قيه ليك ##تش ##ف [MASK] لديها ارضي ##ات [MASK] وفر ##يده فقام بالتف ##ر ##غ لتص ##وير ##ها [SEP]
I1103 15:28:14.241964 47195589461056 create_pretraining_data.py:151] tokens: [CLS] ندي [MASK] ذمه [MASK] اح ##لوها [SEP] مصور [MASK] الي مدينه البند ##قيه ليك ##تش ##ف [MASK] لديها ارضي ##ات [MASK] وفر ##يده فقام بالتف ##ر ##غ لتص ##وير ##ها [SEP]
INFO:tensorflow:input_ids: 2 28956 4 18233 4 2279 9815 3 19487 4 2002 6934 17041 7911 10209 5858 1037 4 8331 20163 1904 4 5035 3210 20027 15409 1017 1044 5198 2626 1913 3 0 0 0 0 0 0 0 0 0 0 0 0 0 0 0 0 0 0 0 0 0 0 0 0 0 0 0 0 0 0 0 0 0 0 0 0 0 0 0 0 0 0 0 0 0 0 0 0 0 0 0 0 0 0 0 0 0 0 0 0 0 0 0 0 0 0 0 0 0 0 0 0 0 0 0 0 0 0 0 0 0 0 0 0 0 0 0 0 0 0 0 0 0 0 0 0
I1103 15:28:14.242145 47195589461056 create_pretraining_data.py:161] input_ids: 2 28956 4 18233 4 2279 9815 3 19487 4 2002 6934 17041 7911 10209 5858 1037 4 8331 20163 1904 4 5035 3210 20027 15409 1017 1044 5198 2626 1913 3 0 0 0 0 0 0 0 0 0 0 0 0 0 0 0 0 0 0 0 0 0 0 0 0 0 0 0 0 0 0 0 0 0 0 0 0 0 0 0 0 0 0 0 0 0 0 0 0 0 0 0 0 0 0 0 0 0 0 0 0 0 0 0 0 0 0 0 0 0 0 0 0 0 0 0 0 0 0 0 0 0 0 0 0 0 0 0 0 0 0 0 0 0 0 0 0
INFO:tensorflow:input_mask: 1 1 1 1 1 1 1 1 1 1 1 1 1 1 1 1 1 1 1 1 1 1 1 1 1 1 1 1 1 1 1 1 0 0 0 0 0 0 0 0 0 0 0 0 0 0 0 0 0 0 0 0 0 0 0 0 0 0 0 0 0 0 0 0 0 0 0 0 0 0 0 0 0 0 0 0 0 0 0 0 0 0 0 0 0 0 0 0 0 0 0 0 0 0 0 0 0 0 0 0 0 0 0 0 0 0 0 0 0 0 0 0 0 0 0 0 0 0 0 0 0 0 0 0 0 0 0 0
I1103 15:28:14.242323 47195589461056 create_pretraining_data.py:161] input_mask: 1 1 1 1 1 1 1 1 1 1 1 1 1 1 1 1 1 1 1 1 1 1 1 1 1 1 1 1 1 1 1 1 0 0 0 0 0 0 0 0 0 0 0 0 0 0 0 0 0 0 0 0 0 0 0 0 0 0 0 0 0 0 0 0 0 0 0 0 0 0 0 0 0 0 0 0 0 0 0 0 0 0 0 0 0 0 0 0 0 0 0 0 0 0 0 0 0 0 0 0 0 0 0 0 0 0 0 0 0 0 0 0 0 0 0 0 0 0 0 0 0 0 0 0 0 0 0 0
INFO:tensorflow:segment_ids: 0 0 0 0 0 0 0 0 1 1 1 1 1 1 1 1 1 1 1 1 1 1 1 1 1 1 1 1 1 1 1 1 0 0 0 0 0 0 0 0 0 0 0 0 0 0 0 0 0 0 0 0 0 0 0 0 0 0 0 0 0 0 0 0 0 0 0 0 0 0 0 0 0 0 0 0 0 0 0 0 0 0 0 0 0 0 0 0 0 0 0 0 0 0 0 0 0 0 0 0 0 0 0 0 0 0 0 0 0 0 0 0 0 0 0 0 0 0 0 0 0 0 0 0 0 0 0 0
I1103 15:28:14.242492 47195589461056 create_pretraining_data.py:161] segment_ids: 0 0 0 0 0 0 0 0 1 1 1 1 1 1 1 1 1 1 1 1 1 1 1 1 1 1 1 1 1 1 1 1 0 0 0 0 0 0 0 0 0 0 0 0 0 0 0 0 0 0 0 0 0 0 0 0 0 0 0 0 0 0 0 0 0 0 0 0 0 0 0 0 0 0 0 0 0 0 0 0 0 0 0 0 0 0 0 0 0 0 0 0 0 0 0 0 0 0 0 0 0 0 0 0 0 0 0 0 0 0 0 0 0 0 0 0 0 0 0 0 0 0 0 0 0 0 0 0
INFO:tensorflow:masked_lm_positions: 2 4 9 17 21 0 0 0 0 0 0 0 0 0 0 0 0 0 0 0
I1103 15:28:14.242638 47195589461056 create_pretraining_data.py:161] masked_lm_positions: 2 4 9 17 21 0 0 0 0 0 0 0 0 0 0 0 0 0 0 0
INFO:tensorflow:masked_lm_ids: 1912 1953 6324 1939 5334 0 0 0 0 0 0 0 0 0 0 0 0 0 0 0
I1103 15:28:14.242764 47195589461056 create_pretraining_data.py:161] masked_lm_ids: 1912 1953 6324 1939 5334 0 0 0 0 0 0 0 0 0 0 0 0 0 0 0
INFO:tensorflow:masked_lm_weights: 1.0 1.0 1.0 1.0 1.0 0.0 0.0 0.0 0.0 0.0 0.0 0.0 0.0 0.0 0.0 0.0 0.0 0.0 0.0 0.0
I1103 15:28:14.242892 47195589461056 create_pretraining_data.py:161] masked_lm_weights: 1.0 1.0 1.0 1.0 1.0 0.0 0.0 0.0 0.0 0.0 0.0 0.0 0.0 0.0 0.0 0.0 0.0 0.0 0.0 0.0
INFO:tensorflow:next_sentence_labels: 1
I1103 15:28:14.243008 47195589461056 create_pretraining_data.py:161] next_sentence_labels: 1
INFO:tensorflow:*** Example ***
I1103 15:28:14.243687 47195589461056 create_pretraining_data.py:149] *** Example ***
INFO:tensorflow:tokens: [CLS] نجيب محفوظ السعيد من راض نفسه علي الواقع والتم ##س اسباب [MASK] [MASK] ##ناعه حيث [MASK] كان [SEP] قالت امهات شهداء الرك ##ب الحسيني [MASK] حفل الت ##ابي ##ن بسي ##هات امس الثلاثاء ان شهادات الوفا ##ه تفيد بان [MASK] الوفا ##ه جريمه جنا ##ئيه وليست ارهابيه [SEP]
I1103 15:28:14.243854 47195589461056 create_pretraining_data.py:151] tokens: [CLS] نجيب محفوظ السعيد من راض نفسه علي الواقع والتم ##س اسباب [MASK] [MASK] ##ناعه حيث [MASK] كان [SEP] قالت امهات شهداء الرك ##ب الحسيني [MASK] حفل الت ##ابي ##ن بسي ##هات امس الثلاثاء ان شهادات الوفا ##ه تفيد بان [MASK] الوفا ##ه جريمه جنا ##ئيه وليست ارهابيه [SEP]
INFO:tensorflow:input_ids: 2 12340 13909 9064 1908 9278 3081 1958 4915 17976 1033 7032 4 4 24046 2455 4 2055 3 4508 21933 9201 6009 1045 16558 4 5993 1927 3748 1006 5998 27067 4426 4238 1939 14405 12052 1028 14543 2768 4 12052 1028 16390 6598 14878 10038 20669 3 0 0 0 0 0 0 0 0 0 0 0 0 0 0 0 0 0 0 0 0 0 0 0 0 0 0 0 0 0 0 0 0 0 0 0 0 0 0 0 0 0 0 0 0 0 0 0 0 0 0 0 0 0 0 0 0 0 0 0 0 0 0 0 0 0 0 0 0 0 0 0 0 0 0 0 0 0 0 0
I1103 15:28:14.244038 47195589461056 create_pretraining_data.py:161] input_ids: 2 12340 13909 9064 1908 9278 3081 1958 4915 17976 1033 7032 4 4 24046 2455 4 2055 3 4508 21933 9201 6009 1045 16558 4 5993 1927 3748 1006 5998 27067 4426 4238 1939 14405 12052 1028 14543 2768 4 12052 1028 16390 6598 14878 10038 20669 3 0 0 0 0 0 0 0 0 0 0 0 0 0 0 0 0 0 0 0 0 0 0 0 0 0 0 0 0 0 0 0 0 0 0 0 0 0 0 0 0 0 0 0 0 0 0 0 0 0 0 0 0 0 0 0 0 0 0 0 0 0 0 0 0 0 0 0 0 0 0 0 0 0 0 0 0 0 0 0
INFO:tensorflow:input_mask: 1 1 1 1 1 1 1 1 1 1 1 1 1 1 1 1 1 1 1 1 1 1 1 1 1 1 1 1 1 1 1 1 1 1 1 1 1 1 1 1 1 1 1 1 1 1 1 1 1 0 0 0 0 0 0 0 0 0 0 0 0 0 0 0 0 0 0 0 0 0 0 0 0 0 0 0 0 0 0 0 0 0 0 0 0 0 0 0 0 0 0 0 0 0 0 0 0 0 0 0 0 0 0 0 0 0 0 0 0 0 0 0 0 0 0 0 0 0 0 0 0 0 0 0 0 0 0 0
I1103 15:28:14.244212 47195589461056 create_pretraining_data.py:161] input_mask: 1 1 1 1 1 1 1 1 1 1 1 1 1 1 1 1 1 1 1 1 1 1 1 1 1 1 1 1 1 1 1 1 1 1 1 1 1 1 1 1 1 1 1 1 1 1 1 1 1 0 0 0 0 0 0 0 0 0 0 0 0 0 0 0 0 0 0 0 0 0 0 0 0 0 0 0 0 0 0 0 0 0 0 0 0 0 0 0 0 0 0 0 0 0 0 0 0 0 0 0 0 0 0 0 0 0 0 0 0 0 0 0 0 0 0 0 0 0 0 0 0 0 0 0 0 0 0 0
INFO:tensorflow:segment_ids: 0 0 0 0 0 0 0 0 0 0 0 0 0 0 0 0 0 0 0 1 1 1 1 1 1 1 1 1 1 1 1 1 1 1 1 1 1 1 1 1 1 1 1 1 1 1 1 1 1 0 0 0 0 0 0 0 0 0 0 0 0 0 0 0 0 0 0 0 0 0 0 0 0 0 0 0 0 0 0 0 0 0 0 0 0 0 0 0 0 0 0 0 0 0 0 0 0 0 0 0 0 0 0 0 0 0 0 0 0 0 0 0 0 0 0 0 0 0 0 0 0 0 0 0 0 0 0 0
I1103 15:28:14.244389 47195589461056 create_pretraining_data.py:161] segment_ids: 0 0 0 0 0 0 0 0 0 0 0 0 0 0 0 0 0 0 0 1 1 1 1 1 1 1 1 1 1 1 1 1 1 1 1 1 1 1 1 1 1 1 1 1 1 1 1 1 1 0 0 0 0 0 0 0 0 0 0 0 0 0 0 0 0 0 0 0 0 0 0 0 0 0 0 0 0 0 0 0 0 0 0 0 0 0 0 0 0 0 0 0 0 0 0 0 0 0 0 0 0 0 0 0 0 0 0 0 0 0 0 0 0 0 0 0 0 0 0 0 0 0 0 0 0 0 0 0
INFO:tensorflow:masked_lm_positions: 12 13 14 15 16 25 40 0 0 0 0 0 0 0 0 0 0 0 0 0
I1103 15:28:14.244539 47195589461056 create_pretraining_data.py:161] masked_lm_positions: 12 13 14 15 16 25 40 0 0 0 0 0 0 0 0 0 0 0 0 0
INFO:tensorflow:masked_lm_ids: 7687 3309 24046 2455 1931 1912 4364 0 0 0 0 0 0 0 0 0 0 0 0 0
I1103 15:28:14.244666 47195589461056 create_pretraining_data.py:161] masked_lm_ids: 7687 3309 24046 2455 1931 1912 4364 0 0 0 0 0 0 0 0 0 0 0 0 0
INFO:tensorflow:masked_lm_weights: 1.0 1.0 1.0 1.0 1.0 1.0 1.0 0.0 0.0 0.0 0.0 0.0 0.0 0.0 0.0 0.0 0.0 0.0 0.0 0.0
I1103 15:28:14.244793 47195589461056 create_pretraining_data.py:161] masked_lm_weights: 1.0 1.0 1.0 1.0 1.0 1.0 1.0 0.0 0.0 0.0 0.0 0.0 0.0 0.0 0.0 0.0 0.0 0.0 0.0 0.0
INFO:tensorflow:next_sentence_labels: 1
I1103 15:28:14.244910 47195589461056 create_pretraining_data.py:161] next_sentence_labels: 1
INFO:tensorflow:*** Example ***
I1103 15:28:14.245581 47195589461056 create_pretraining_data.py:149] *** Example ***
INFO:tensorflow:tokens: [CLS] رقص سالم الدوسري طيب وش رايكم [MASK] [MASK] الرقص ##ه [SEP] [MASK] [MASK] السفاره العراقيه في موسكو وحركة قدمت لنا معلومات عن اماكن تجمع القوات التركيه والعراق بدء بطل ##عات مراقب ##ه جوي ##ه [SEP]
I1103 15:28:14.245742 47195589461056 create_pretraining_data.py:151] tokens: [CLS] رقص سالم الدوسري طيب وش رايكم [MASK] [MASK] الرقص ##ه [SEP] [MASK] [MASK] السفاره العراقيه في موسكو وحركة قدمت لنا معلومات عن اماكن تجمع القوات التركيه والعراق بدء بطل ##عات مراقب ##ه جوي ##ه [SEP]
INFO:tensorflow:input_ids: 2 14035 5261 11490 4177 2347 18144 4 4 21732 1028 3 4 4 13745 18094 1912 9876 23576 9082 2776 4733 1955 17944 4098 4473 19195 12371 6305 7894 3024 20625 1028 12014 1028 3 0 0 0 0 0 0 0 0 0 0 0 0 0 0 0 0 0 0 0 0 0 0 0 0 0 0 0 0 0 0 0 0 0 0 0 0 0 0 0 0 0 0 0 0 0 0 0 0 0 0 0 0 0 0 0 0 0 0 0 0 0 0 0 0 0 0 0 0 0 0 0 0 0 0 0 0 0 0 0 0 0 0 0 0 0 0 0 0 0 0 0 0
I1103 15:28:14.245944 47195589461056 create_pretraining_data.py:161] input_ids: 2 14035 5261 11490 4177 2347 18144 4 4 21732 1028 3 4 4 13745 18094 1912 9876 23576 9082 2776 4733 1955 17944 4098 4473 19195 12371 6305 7894 3024 20625 1028 12014 1028 3 0 0 0 0 0 0 0 0 0 0 0 0 0 0 0 0 0 0 0 0 0 0 0 0 0 0 0 0 0 0 0 0 0 0 0 0 0 0 0 0 0 0 0 0 0 0 0 0 0 0 0 0 0 0 0 0 0 0 0 0 0 0 0 0 0 0 0 0 0 0 0 0 0 0 0 0 0 0 0 0 0 0 0 0 0 0 0 0 0 0 0 0
INFO:tensorflow:input_mask: 1 1 1 1 1 1 1 1 1 1 1 1 1 1 1 1 1 1 1 1 1 1 1 1 1 1 1 1 1 1 1 1 1 1 1 1 0 0 0 0 0 0 0 0 0 0 0 0 0 0 0 0 0 0 0 0 0 0 0 0 0 0 0 0 0 0 0 0 0 0 0 0 0 0 0 0 0 0 0 0 0 0 0 0 0 0 0 0 0 0 0 0 0 0 0 0 0 0 0 0 0 0 0 0 0 0 0 0 0 0 0 0 0 0 0 0 0 0 0 0 0 0 0 0 0 0 0 0
I1103 15:28:14.246114 47195589461056 create_pretraining_data.py:161] input_mask: 1 1 1 1 1 1 1 1 1 1 1 1 1 1 1 1 1 1 1 1 1 1 1 1 1 1 1 1 1 1 1 1 1 1 1 1 0 0 0 0 0 0 0 0 0 0 0 0 0 0 0 0 0 0 0 0 0 0 0 0 0 0 0 0 0 0 0 0 0 0 0 0 0 0 0 0 0 0 0 0 0 0 0 0 0 0 0 0 0 0 0 0 0 0 0 0 0 0 0 0 0 0 0 0 0 0 0 0 0 0 0 0 0 0 0 0 0 0 0 0 0 0 0 0 0 0 0 0
INFO:tensorflow:segment_ids: 0 0 0 0 0 0 0 0 0 0 0 0 1 1 1 1 1 1 1 1 1 1 1 1 1 1 1 1 1 1 1 1 1 1 1 1 0 0 0 0 0 0 0 0 0 0 0 0 0 0 0 0 0 0 0 0 0 0 0 0 0 0 0 0 0 0 0 0 0 0 0 0 0 0 0 0 0 0 0 0 0 0 0 0 0 0 0 0 0 0 0 0 0 0 0 0 0 0 0 0 0 0 0 0 0 0 0 0 0 0 0 0 0 0 0 0 0 0 0 0 0 0 0 0 0 0 0 0
I1103 15:28:14.246289 47195589461056 create_pretraining_data.py:161] segment_ids: 0 0 0 0 0 0 0 0 0 0 0 0 1 1 1 1 1 1 1 1 1 1 1 1 1 1 1 1 1 1 1 1 1 1 1 1 0 0 0 0 0 0 0 0 0 0 0 0 0 0 0 0 0 0 0 0 0 0 0 0 0 0 0 0 0 0 0 0 0 0 0 0 0 0 0 0 0 0 0 0 0 0 0 0 0 0 0 0 0 0 0 0 0 0 0 0 0 0 0 0 0 0 0 0 0 0 0 0 0 0 0 0 0 0 0 0 0 0 0 0 0 0 0 0 0 0 0 0
INFO:tensorflow:masked_lm_positions: 7 8 12 13 18 0 0 0 0 0 0 0 0 0 0 0 0 0 0 0
I1103 15:28:14.246433 47195589461056 create_pretraining_data.py:161] masked_lm_positions: 7 8 12 13 18 0 0 0 0 0 0 0 0 0 0 0 0 0 0 0
INFO:tensorflow:masked_lm_ids: 5805 1007 19008 1912 4607 0 0 0 0 0 0 0 0 0 0 0 0 0 0 0
I1103 15:28:14.246561 47195589461056 create_pretraining_data.py:161] masked_lm_ids: 5805 1007 19008 1912 4607 0 0 0 0 0 0 0 0 0 0 0 0 0 0 0
INFO:tensorflow:masked_lm_weights: 1.0 1.0 1.0 1.0 1.0 0.0 0.0 0.0 0.0 0.0 0.0 0.0 0.0 0.0 0.0 0.0 0.0 0.0 0.0 0.0
I1103 15:28:14.246688 47195589461056 create_pretraining_data.py:161] masked_lm_weights: 1.0 1.0 1.0 1.0 1.0 0.0 0.0 0.0 0.0 0.0 0.0 0.0 0.0 0.0 0.0 0.0 0.0 0.0 0.0 0.0
INFO:tensorflow:next_sentence_labels: 1
I1103 15:28:14.246804 47195589461056 create_pretraining_data.py:161] next_sentence_labels: 1
INFO:tensorflow:*** Example ***
I1103 15:28:14.247488 47195589461056 create_pretraining_data.py:149] *** Example ***
INFO:tensorflow:tokens: [CLS] انف ##ق مما تحب ولو كان [MASK] يسير ##ا وما تنف ##قوا ##من شيء فان الله به عليم قروب [MASK] [MASK] خير قروب همسه محبه [MASK] اخوه في الله [SEP] لو اعطي كل شخص [MASK] نفسه ابتسامه و نفس عميق [MASK] [MASK] [MASK] علي [MASK] النعم لاص ##بحت ايامنا قطعه السعاده النفسيه طور ذاتك لذا ##تك صباحي ##ات [SEP]
I1103 15:28:14.247658 47195589461056 create_pretraining_data.py:151] tokens: [CLS] انف ##ق مما تحب ولو كان [MASK] يسير ##ا وما تنف ##قوا ##من شيء فان الله به عليم قروب [MASK] [MASK] خير قروب همسه محبه [MASK] اخوه في الله [SEP] لو اعطي كل شخص [MASK] نفسه ابتسامه و نفس عميق [MASK] [MASK] [MASK] علي [MASK] النعم لاص ##بحت ايامنا قطعه السعاده النفسيه طور ذاتك لذا ##تك صباحي ##ات [SEP]
INFO:tensorflow:input_ids: 2 3494 1011 3077 3965 3278 2055 4 12073 1007 2564 28497 7797 1986 2621 2712 1953 2249 20356 2543 4 4 2631 2543 16748 13108 4 17705 1912 1953 3 2244 15367 2038 2489 4 3081 10672 415 2339 15610 4 4 4 1958 4 6447 19482 5180 18574 18122 4558 15006 19839 19856 5432 2348 13658 1904 3 0 0 0 0 0 0 0 0 0 0 0 0 0 0 0 0 0 0 0 0 0 0 0 0 0 0 0 0 0 0 0 0 0 0 0 0 0 0 0 0 0 0 0 0 0 0 0 0 0 0 0 0 0 0 0 0 0 0 0 0 0 0 0 0 0 0 0 0
I1103 15:28:14.247843 47195589461056 create_pretraining_data.py:161] input_ids: 2 3494 1011 3077 3965 3278 2055 4 12073 1007 2564 28497 7797 1986 2621 2712 1953 2249 20356 2543 4 4 2631 2543 16748 13108 4 17705 1912 1953 3 2244 15367 2038 2489 4 3081 10672 415 2339 15610 4 4 4 1958 4 6447 19482 5180 18574 18122 4558 15006 19839 19856 5432 2348 13658 1904 3 0 0 0 0 0 0 0 0 0 0 0 0 0 0 0 0 0 0 0 0 0 0 0 0 0 0 0 0 0 0 0 0 0 0 0 0 0 0 0 0 0 0 0 0 0 0 0 0 0 0 0 0 0 0 0 0 0 0 0 0 0 0 0 0 0 0 0 0
INFO:tensorflow:input_mask: 1 1 1 1 1 1 1 1 1 1 1 1 1 1 1 1 1 1 1 1 1 1 1 1 1 1 1 1 1 1 1 1 1 1 1 1 1 1 1 1 1 1 1 1 1 1 1 1 1 1 1 1 1 1 1 1 1 1 1 1 0 0 0 0 0 0 0 0 0 0 0 0 0 0 0 0 0 0 0 0 0 0 0 0 0 0 0 0 0 0 0 0 0 0 0 0 0 0 0 0 0 0 0 0 0 0 0 0 0 0 0 0 0 0 0 0 0 0 0 0 0 0 0 0 0 0 0 0
I1103 15:28:14.248014 47195589461056 create_pretraining_data.py:161] input_mask: 1 1 1 1 1 1 1 1 1 1 1 1 1 1 1 1 1 1 1 1 1 1 1 1 1 1 1 1 1 1 1 1 1 1 1 1 1 1 1 1 1 1 1 1 1 1 1 1 1 1 1 1 1 1 1 1 1 1 1 1 0 0 0 0 0 0 0 0 0 0 0 0 0 0 0 0 0 0 0 0 0 0 0 0 0 0 0 0 0 0 0 0 0 0 0 0 0 0 0 0 0 0 0 0 0 0 0 0 0 0 0 0 0 0 0 0 0 0 0 0 0 0 0 0 0 0 0 0
INFO:tensorflow:segment_ids: 0 0 0 0 0 0 0 0 0 0 0 0 0 0 0 0 0 0 0 0 0 0 0 0 0 0 0 0 0 0 0 1 1 1 1 1 1 1 1 1 1 1 1 1 1 1 1 1 1 1 1 1 1 1 1 1 1 1 1 1 0 0 0 0 0 0 0 0 0 0 0 0 0 0 0 0 0 0 0 0 0 0 0 0 0 0 0 0 0 0 0 0 0 0 0 0 0 0 0 0 0 0 0 0 0 0 0 0 0 0 0 0 0 0 0 0 0 0 0 0 0 0 0 0 0 0 0 0
I1103 15:28:14.248180 47195589461056 create_pretraining_data.py:161] segment_ids: 0 0 0 0 0 0 0 0 0 0 0 0 0 0 0 0 0 0 0 0 0 0 0 0 0 0 0 0 0 0 0 1 1 1 1 1 1 1 1 1 1 1 1 1 1 1 1 1 1 1 1 1 1 1 1 1 1 1 1 1 0 0 0 0 0 0 0 0 0 0 0 0 0 0 0 0 0 0 0 0 0 0 0 0 0 0 0 0 0 0 0 0 0 0 0 0 0 0 0 0 0 0 0 0 0 0 0 0 0 0 0 0 0 0 0 0 0 0 0 0 0 0 0 0 0 0 0 0
INFO:tensorflow:masked_lm_positions: 7 20 21 26 35 41 42 43 45 0 0 0 0 0 0 0 0 0 0 0
I1103 15:28:14.248347 47195589461056 create_pretraining_data.py:161] masked_lm_positions: 7 20 21 26 35 41 42 43 45 0 0 0 0 0 0 0 0 0 0 0
INFO:tensorflow:masked_lm_ids: 4174 2903 2152 2543 3501 3712 2368 1952 2561 0 0 0 0 0 0 0 0 0 0 0
I1103 15:28:14.248473 47195589461056 create_pretraining_data.py:161] masked_lm_ids: 4174 2903 2152 2543 3501 3712 2368 1952 2561 0 0 0 0 0 0 0 0 0 0 0
INFO:tensorflow:masked_lm_weights: 1.0 1.0 1.0 1.0 1.0 1.0 1.0 1.0 1.0 0.0 0.0 0.0 0.0 0.0 0.0 0.0 0.0 0.0 0.0 0.0
I1103 15:28:14.248598 47195589461056 create_pretraining_data.py:161] masked_lm_weights: 1.0 1.0 1.0 1.0 1.0 1.0 1.0 1.0 1.0 0.0 0.0 0.0 0.0 0.0 0.0 0.0 0.0 0.0 0.0 0.0
INFO:tensorflow:next_sentence_labels: 1
I1103 15:28:14.248712 47195589461056 create_pretraining_data.py:161] next_sentence_labels: 1
INFO:tensorflow:*** Example ***
I1103 15:28:14.249323 47195589461056 create_pretraining_data.py:149] *** Example ***
INFO:tensorflow:tokens: [CLS] التوصيل [MASK] [MASK] العالم السعر الضمان سنه كامله التوصيل مجانا [SEP] [MASK] كان الامس ضاع فب ##ين يديك اليوم واذا كان [MASK] [MASK] يجمع اوراق ##ه وير ##حل فل ##ديك الغد [SEP]
I1103 15:28:14.249474 47195589461056 create_pretraining_data.py:151] tokens: [CLS] التوصيل [MASK] [MASK] العالم السعر الضمان سنه كامله التوصيل مجانا [SEP] [MASK] كان الامس ضاع فب ##ين يديك اليوم واذا كان [MASK] [MASK] يجمع اوراق ##ه وير ##حل فل ##ديك الغد [SEP]
INFO:tensorflow:input_ids: 2 14139 4 4 2337 6569 9972 4076 11208 14139 5515 3 4 2055 15651 15707 6039 1911 12333 2217 4876 2055 4 4 7713 14713 1028 4092 4278 18620 3390 9262 3 0 0 0 0 0 0 0 0 0 0 0 0 0 0 0 0 0 0 0 0 0 0 0 0 0 0 0 0 0 0 0 0 0 0 0 0 0 0 0 0 0 0 0 0 0 0 0 0 0 0 0 0 0 0 0 0 0 0 0 0 0 0 0 0 0 0 0 0 0 0 0 0 0 0 0 0 0 0 0 0 0 0 0 0 0 0 0 0 0 0 0 0 0 0 0
I1103 15:28:14.249650 47195589461056 create_pretraining_data.py:161] input_ids: 2 14139 4 4 2337 6569 9972 4076 11208 14139 5515 3 4 2055 15651 15707 6039 1911 12333 2217 4876 2055 4 4 7713 14713 1028 4092 4278 18620 3390 9262 3 0 0 0 0 0 0 0 0 0 0 0 0 0 0 0 0 0 0 0 0 0 0 0 0 0 0 0 0 0 0 0 0 0 0 0 0 0 0 0 0 0 0 0 0 0 0 0 0 0 0 0 0 0 0 0 0 0 0 0 0 0 0 0 0 0 0 0 0 0 0 0 0 0 0 0 0 0 0 0 0 0 0 0 0 0 0 0 0 0 0 0 0 0 0 0
INFO:tensorflow:input_mask: 1 1 1 1 1 1 1 1 1 1 1 1 1 1 1 1 1 1 1 1 1 1 1 1 1 1 1 1 1 1 1 1 1 0 0 0 0 0 0 0 0 0 0 0 0 0 0 0 0 0 0 0 0 0 0 0 0 0 0 0 0 0 0 0 0 0 0 0 0 0 0 0 0 0 0 0 0 0 0 0 0 0 0 0 0 0 0 0 0 0 0 0 0 0 0 0 0 0 0 0 0 0 0 0 0 0 0 0 0 0 0 0 0 0 0 0 0 0 0 0 0 0 0 0 0 0 0 0
I1103 15:28:14.249818 47195589461056 create_pretraining_data.py:161] input_mask: 1 1 1 1 1 1 1 1 1 1 1 1 1 1 1 1 1 1 1 1 1 1 1 1 1 1 1 1 1 1 1 1 1 0 0 0 0 0 0 0 0 0 0 0 0 0 0 0 0 0 0 0 0 0 0 0 0 0 0 0 0 0 0 0 0 0 0 0 0 0 0 0 0 0 0 0 0 0 0 0 0 0 0 0 0 0 0 0 0 0 0 0 0 0 0 0 0 0 0 0 0 0 0 0 0 0 0 0 0 0 0 0 0 0 0 0 0 0 0 0 0 0 0 0 0 0 0 0
INFO:tensorflow:segment_ids: 0 0 0 0 0 0 0 0 0 0 0 0 1 1 1 1 1 1 1 1 1 1 1 1 1 1 1 1 1 1 1 1 1 0 0 0 0 0 0 0 0 0 0 0 0 0 0 0 0 0 0 0 0 0 0 0 0 0 0 0 0 0 0 0 0 0 0 0 0 0 0 0 0 0 0 0 0 0 0 0 0 0 0 0 0 0 0 0 0 0 0 0 0 0 0 0 0 0 0 0 0 0 0 0 0 0 0 0 0 0 0 0 0 0 0 0 0 0 0 0 0 0 0 0 0 0 0 0
I1103 15:28:14.249978 47195589461056 create_pretraining_data.py:161] segment_ids: 0 0 0 0 0 0 0 0 0 0 0 0 1 1 1 1 1 1 1 1 1 1 1 1 1 1 1 1 1 1 1 1 1 0 0 0 0 0 0 0 0 0 0 0 0 0 0 0 0 0 0 0 0 0 0 0 0 0 0 0 0 0 0 0 0 0 0 0 0 0 0 0 0 0 0 0 0 0 0 0 0 0 0 0 0 0 0 0 0 0 0 0 0 0 0 0 0 0 0 0 0 0 0 0 0 0 0 0 0 0 0 0 0 0 0 0 0 0 0 0 0 0 0 0 0 0 0 0
INFO:tensorflow:masked_lm_positions: 2 3 12 22 23 0 0 0 0 0 0 0 0 0 0 0 0 0 0 0
I1103 15:28:14.250102 47195589461056 create_pretraining_data.py:161] masked_lm_positions: 2 3 12 22 23 0 0 0 0 0 0 0 0 0 0 0 0 0 0 0
INFO:tensorflow:masked_lm_ids: 2561 4022 2387 2217 3641 0 0 0 0 0 0 0 0 0 0 0 0 0 0 0
I1103 15:28:14.250221 47195589461056 create_pretraining_data.py:161] masked_lm_ids: 2561 4022 2387 2217 3641 0 0 0 0 0 0 0 0 0 0 0 0 0 0 0
INFO:tensorflow:masked_lm_weights: 1.0 1.0 1.0 1.0 1.0 0.0 0.0 0.0 0.0 0.0 0.0 0.0 0.0 0.0 0.0 0.0 0.0 0.0 0.0 0.0
I1103 15:28:14.250368 47195589461056 create_pretraining_data.py:161] masked_lm_weights: 1.0 1.0 1.0 1.0 1.0 0.0 0.0 0.0 0.0 0.0 0.0 0.0 0.0 0.0 0.0 0.0 0.0 0.0 0.0 0.0
INFO:tensorflow:next_sentence_labels: 1
I1103 15:28:14.250483 47195589461056 create_pretraining_data.py:161] next_sentence_labels: 1
INFO:tensorflow:*** Example ***
I1103 15:28:14.251097 47195589461056 create_pretraining_data.py:149] *** Example ***
INFO:tensorflow:tokens: [CLS] كانت امي دائما تغني يا بنت يا حط ##ابه بكره تكبر ##ي [MASK] [MASK] اسنان الخطاب ##ه [SEP] بتخ ##طط لح ##اجه وع ##اوز ##ها [MASK] للاخ ##ر مات ##قول ##ش عليها [MASK] [SEP]
I1103 15:28:14.251247 47195589461056 create_pretraining_data.py:151] tokens: [CLS] كانت امي دائما تغني يا بنت يا حط ##ابه بكره تكبر ##ي [MASK] [MASK] اسنان الخطاب ##ه [SEP] بتخ ##طط لح ##اجه وع ##اوز ##ها [MASK] للاخ ##ر مات ##قول ##ش عليها [MASK] [SEP]
INFO:tensorflow:input_ids: 2 2431 4372 3357 17340 2104 3597 2104 7249 2738 7904 17284 1013 4 4 24451 7560 1028 3 15747 6250 2503 5503 2141 5149 1913 4 20854 1017 3019 2730 1034 2717 4 3 0 0 0 0 0 0 0 0 0 0 0 0 0 0 0 0 0 0 0 0 0 0 0 0 0 0 0 0 0 0 0 0 0 0 0 0 0 0 0 0 0 0 0 0 0 0 0 0 0 0 0 0 0 0 0 0 0 0 0 0 0 0 0 0 0 0 0 0 0 0 0 0 0 0 0 0 0 0 0 0 0 0 0 0 0 0 0 0 0 0 0 0 0
I1103 15:28:14.251430 47195589461056 create_pretraining_data.py:161] input_ids: 2 2431 4372 3357 17340 2104 3597 2104 7249 2738 7904 17284 1013 4 4 24451 7560 1028 3 15747 6250 2503 5503 2141 5149 1913 4 20854 1017 3019 2730 1034 2717 4 3 0 0 0 0 0 0 0 0 0 0 0 0 0 0 0 0 0 0 0 0 0 0 0 0 0 0 0 0 0 0 0 0 0 0 0 0 0 0 0 0 0 0 0 0 0 0 0 0 0 0 0 0 0 0 0 0 0 0 0 0 0 0 0 0 0 0 0 0 0 0 0 0 0 0 0 0 0 0 0 0 0 0 0 0 0 0 0 0 0 0 0 0 0
INFO:tensorflow:input_mask: 1 1 1 1 1 1 1 1 1 1 1 1 1 1 1 1 1 1 1 1 1 1 1 1 1 1 1 1 1 1 1 1 1 1 1 0 0 0 0 0 0 0 0 0 0 0 0 0 0 0 0 0 0 0 0 0 0 0 0 0 0 0 0 0 0 0 0 0 0 0 0 0 0 0 0 0 0 0 0 0 0 0 0 0 0 0 0 0 0 0 0 0 0 0 0 0 0 0 0 0 0 0 0 0 0 0 0 0 0 0 0 0 0 0 0 0 0 0 0 0 0 0 0 0 0 0 0 0
I1103 15:28:14.251597 47195589461056 create_pretraining_data.py:161] input_mask: 1 1 1 1 1 1 1 1 1 1 1 1 1 1 1 1 1 1 1 1 1 1 1 1 1 1 1 1 1 1 1 1 1 1 1 0 0 0 0 0 0 0 0 0 0 0 0 0 0 0 0 0 0 0 0 0 0 0 0 0 0 0 0 0 0 0 0 0 0 0 0 0 0 0 0 0 0 0 0 0 0 0 0 0 0 0 0 0 0 0 0 0 0 0 0 0 0 0 0 0 0 0 0 0 0 0 0 0 0 0 0 0 0 0 0 0 0 0 0 0 0 0 0 0 0 0 0 0
INFO:tensorflow:segment_ids: 0 0 0 0 0 0 0 0 0 0 0 0 0 0 0 0 0 0 0 1 1 1 1 1 1 1 1 1 1 1 1 1 1 1 1 0 0 0 0 0 0 0 0 0 0 0 0 0 0 0 0 0 0 0 0 0 0 0 0 0 0 0 0 0 0 0 0 0 0 0 0 0 0 0 0 0 0 0 0 0 0 0 0 0 0 0 0 0 0 0 0 0 0 0 0 0 0 0 0 0 0 0 0 0 0 0 0 0 0 0 0 0 0 0 0 0 0 0 0 0 0 0 0 0 0 0 0 0
I1103 15:28:14.251758 47195589461056 create_pretraining_data.py:161] segment_ids: 0 0 0 0 0 0 0 0 0 0 0 0 0 0 0 0 0 0 0 1 1 1 1 1 1 1 1 1 1 1 1 1 1 1 1 0 0 0 0 0 0 0 0 0 0 0 0 0 0 0 0 0 0 0 0 0 0 0 0 0 0 0 0 0 0 0 0 0 0 0 0 0 0 0 0 0 0 0 0 0 0 0 0 0 0 0 0 0 0 0 0 0 0 0 0 0 0 0 0 0 0 0 0 0 0 0 0 0 0 0 0 0 0 0 0 0 0 0 0 0 0 0 0 0 0 0 0 0
INFO:tensorflow:masked_lm_positions: 13 14 15 26 33 0 0 0 0 0 0 0 0 0 0 0 0 0 0 0
I1103 15:28:14.251882 47195589461056 create_pretraining_data.py:161] masked_lm_positions: 13 14 15 26 33 0 0 0 0 0 0 0 0 0 0 0 0 0 0 0
INFO:tensorflow:masked_lm_ids: 10891 2132 1928 21948 7316 0 0 0 0 0 0 0 0 0 0 0 0 0 0 0
I1103 15:28:14.252002 47195589461056 create_pretraining_data.py:161] masked_lm_ids: 10891 2132 1928 21948 7316 0 0 0 0 0 0 0 0 0 0 0 0 0 0 0
INFO:tensorflow:masked_lm_weights: 1.0 1.0 1.0 1.0 1.0 0.0 0.0 0.0 0.0 0.0 0.0 0.0 0.0 0.0 0.0 0.0 0.0 0.0 0.0 0.0
I1103 15:28:14.252125 47195589461056 create_pretraining_data.py:161] masked_lm_weights: 1.0 1.0 1.0 1.0 1.0 0.0 0.0 0.0 0.0 0.0 0.0 0.0 0.0 0.0 0.0 0.0 0.0 0.0 0.0 0.0
INFO:tensorflow:next_sentence_labels: 1
I1103 15:28:14.252259 47195589461056 create_pretraining_data.py:161] next_sentence_labels: 1
INFO:tensorflow:*** Example ***
I1103 15:28:14.252892 47195589461056 create_pretraining_data.py:149] *** Example ***
INFO:tensorflow:tokens: [CLS] اطهر ارض [SEP] اللهم اني اسالك [MASK] نافعا واعوذ بك من علم [MASK] ينفع [SEP]
I1103 15:28:14.253038 47195589461056 create_pretraining_data.py:151] tokens: [CLS] اطهر ارض [SEP] اللهم اني اسالك [MASK] نافعا واعوذ بك من علم [MASK] ينفع [SEP]
INFO:tensorflow:input_ids: 2 25629 5075 3 2168 2694 5228 4 18505 9812 2395 1908 2689 4 9165 3 0 0 0 0 0 0 0 0 0 0 0 0 0 0 0 0 0 0 0 0 0 0 0 0 0 0 0 0 0 0 0 0 0 0 0 0 0 0 0 0 0 0 0 0 0 0 0 0 0 0 0 0 0 0 0 0 0 0 0 0 0 0 0 0 0 0 0 0 0 0 0 0 0 0 0 0 0 0 0 0 0 0 0 0 0 0 0 0 0 0 0 0 0 0 0 0 0 0 0 0 0 0 0 0 0 0 0 0 0 0 0 0
I1103 15:28:14.253206 47195589461056 create_pretraining_data.py:161] input_ids: 2 25629 5075 3 2168 2694 5228 4 18505 9812 2395 1908 2689 4 9165 3 0 0 0 0 0 0 0 0 0 0 0 0 0 0 0 0 0 0 0 0 0 0 0 0 0 0 0 0 0 0 0 0 0 0 0 0 0 0 0 0 0 0 0 0 0 0 0 0 0 0 0 0 0 0 0 0 0 0 0 0 0 0 0 0 0 0 0 0 0 0 0 0 0 0 0 0 0 0 0 0 0 0 0 0 0 0 0 0 0 0 0 0 0 0 0 0 0 0 0 0 0 0 0 0 0 0 0 0 0 0 0 0
INFO:tensorflow:input_mask: 1 1 1 1 1 1 1 1 1 1 1 1 1 1 1 1 0 0 0 0 0 0 0 0 0 0 0 0 0 0 0 0 0 0 0 0 0 0 0 0 0 0 0 0 0 0 0 0 0 0 0 0 0 0 0 0 0 0 0 0 0 0 0 0 0 0 0 0 0 0 0 0 0 0 0 0 0 0 0 0 0 0 0 0 0 0 0 0 0 0 0 0 0 0 0 0 0 0 0 0 0 0 0 0 0 0 0 0 0 0 0 0 0 0 0 0 0 0 0 0 0 0 0 0 0 0 0 0
I1103 15:28:14.253379 47195589461056 create_pretraining_data.py:161] input_mask: 1 1 1 1 1 1 1 1 1 1 1 1 1 1 1 1 0 0 0 0 0 0 0 0 0 0 0 0 0 0 0 0 0 0 0 0 0 0 0 0 0 0 0 0 0 0 0 0 0 0 0 0 0 0 0 0 0 0 0 0 0 0 0 0 0 0 0 0 0 0 0 0 0 0 0 0 0 0 0 0 0 0 0 0 0 0 0 0 0 0 0 0 0 0 0 0 0 0 0 0 0 0 0 0 0 0 0 0 0 0 0 0 0 0 0 0 0 0 0 0 0 0 0 0 0 0 0 0
INFO:tensorflow:segment_ids: 0 0 0 0 1 1 1 1 1 1 1 1 1 1 1 1 0 0 0 0 0 0 0 0 0 0 0 0 0 0 0 0 0 0 0 0 0 0 0 0 0 0 0 0 0 0 0 0 0 0 0 0 0 0 0 0 0 0 0 0 0 0 0 0 0 0 0 0 0 0 0 0 0 0 0 0 0 0 0 0 0 0 0 0 0 0 0 0 0 0 0 0 0 0 0 0 0 0 0 0 0 0 0 0 0 0 0 0 0 0 0 0 0 0 0 0 0 0 0 0 0 0 0 0 0 0 0 0
I1103 15:28:14.253540 47195589461056 create_pretraining_data.py:161] segment_ids: 0 0 0 0 1 1 1 1 1 1 1 1 1 1 1 1 0 0 0 0 0 0 0 0 0 0 0 0 0 0 0 0 0 0 0 0 0 0 0 0 0 0 0 0 0 0 0 0 0 0 0 0 0 0 0 0 0 0 0 0 0 0 0 0 0 0 0 0 0 0 0 0 0 0 0 0 0 0 0 0 0 0 0 0 0 0 0 0 0 0 0 0 0 0 0 0 0 0 0 0 0 0 0 0 0 0 0 0 0 0 0 0 0 0 0 0 0 0 0 0 0 0 0 0 0 0 0 0
INFO:tensorflow:masked_lm_positions: 7 13 0 0 0 0 0 0 0 0 0 0 0 0 0 0 0 0 0 0
I1103 15:28:14.253664 47195589461056 create_pretraining_data.py:161] masked_lm_positions: 7 13 0 0 0 0 0 0 0 0 0 0 0 0 0 0 0 0 0 0
INFO:tensorflow:masked_lm_ids: 6777 1963 0 0 0 0 0 0 0 0 0 0 0 0 0 0 0 0 0 0
I1103 15:28:14.253783 47195589461056 create_pretraining_data.py:161] masked_lm_ids: 6777 1963 0 0 0 0 0 0 0 0 0 0 0 0 0 0 0 0 0 0
INFO:tensorflow:masked_lm_weights: 1.0 1.0 0.0 0.0 0.0 0.0 0.0 0.0 0.0 0.0 0.0 0.0 0.0 0.0 0.0 0.0 0.0 0.0 0.0 0.0
I1103 15:28:14.253905 47195589461056 create_pretraining_data.py:161] masked_lm_weights: 1.0 1.0 0.0 0.0 0.0 0.0 0.0 0.0 0.0 0.0 0.0 0.0 0.0 0.0 0.0 0.0 0.0 0.0 0.0 0.0
INFO:tensorflow:next_sentence_labels: 1
I1103 15:28:14.254017 47195589461056 create_pretraining_data.py:161] next_sentence_labels: 1
INFO:tensorflow:*** Example ***
I1103 15:28:14.254633 47195589461056 create_pretraining_data.py:149] *** Example ***
INFO:tensorflow:tokens: [CLS] لو قربك [MASK] [MASK] راضي اض ##يع العمر كله معاك [SEP] تسديد قروض بنكيه سداد جميع البنوك وسداد المتعثرات [MASK] سمه الحصول علي [MASK] يصل الي 22 راتب للاستفسار ابو نواف 050 ##80 ##97 ##36 ##2 اتصل [SEP]
I1103 15:28:14.254786 47195589461056 create_pretraining_data.py:151] tokens: [CLS] لو قربك [MASK] [MASK] راضي اض ##يع العمر كله معاك [SEP] تسديد قروض بنكيه سداد جميع البنوك وسداد المتعثرات [MASK] سمه الحصول علي [MASK] يصل الي 22 راتب للاستفسار ابو نواف 050 ##80 ##97 ##36 ##2 اتصل [SEP]
INFO:tensorflow:input_ids: 2 2244 16740 4 4 13057 3907 2105 3867 4236 7375 3 6298 7381 10630 12843 2561 7767 12359 14076 4 12253 3985 1958 4 4604 2002 4063 8801 13422 3388 9842 7485 5326 25038 9430 1059 7691 3 0 0 0 0 0 0 0 0 0 0 0 0 0 0 0 0 0 0 0 0 0 0 0 0 0 0 0 0 0 0 0 0 0 0 0 0 0 0 0 0 0 0 0 0 0 0 0 0 0 0 0 0 0 0 0 0 0 0 0 0 0 0 0 0 0 0 0 0 0 0 0 0 0 0 0 0 0 0 0 0 0 0 0 0 0 0 0 0 0
I1103 15:28:14.254978 47195589461056 create_pretraining_data.py:161] input_ids: 2 2244 16740 4 4 13057 3907 2105 3867 4236 7375 3 6298 7381 10630 12843 2561 7767 12359 14076 4 12253 3985 1958 4 4604 2002 4063 8801 13422 3388 9842 7485 5326 25038 9430 1059 7691 3 0 0 0 0 0 0 0 0 0 0 0 0 0 0 0 0 0 0 0 0 0 0 0 0 0 0 0 0 0 0 0 0 0 0 0 0 0 0 0 0 0 0 0 0 0 0 0 0 0 0 0 0 0 0 0 0 0 0 0 0 0 0 0 0 0 0 0 0 0 0 0 0 0 0 0 0 0 0 0 0 0 0 0 0 0 0 0 0 0
INFO:tensorflow:input_mask: 1 1 1 1 1 1 1 1 1 1 1 1 1 1 1 1 1 1 1 1 1 1 1 1 1 1 1 1 1 1 1 1 1 1 1 1 1 1 1 0 0 0 0 0 0 0 0 0 0 0 0 0 0 0 0 0 0 0 0 0 0 0 0 0 0 0 0 0 0 0 0 0 0 0 0 0 0 0 0 0 0 0 0 0 0 0 0 0 0 0 0 0 0 0 0 0 0 0 0 0 0 0 0 0 0 0 0 0 0 0 0 0 0 0 0 0 0 0 0 0 0 0 0 0 0 0 0 0
I1103 15:28:14.255148 47195589461056 create_pretraining_data.py:161] input_mask: 1 1 1 1 1 1 1 1 1 1 1 1 1 1 1 1 1 1 1 1 1 1 1 1 1 1 1 1 1 1 1 1 1 1 1 1 1 1 1 0 0 0 0 0 0 0 0 0 0 0 0 0 0 0 0 0 0 0 0 0 0 0 0 0 0 0 0 0 0 0 0 0 0 0 0 0 0 0 0 0 0 0 0 0 0 0 0 0 0 0 0 0 0 0 0 0 0 0 0 0 0 0 0 0 0 0 0 0 0 0 0 0 0 0 0 0 0 0 0 0 0 0 0 0 0 0 0 0
INFO:tensorflow:segment_ids: 0 0 0 0 0 0 0 0 0 0 0 0 1 1 1 1 1 1 1 1 1 1 1 1 1 1 1 1 1 1 1 1 1 1 1 1 1 1 1 0 0 0 0 0 0 0 0 0 0 0 0 0 0 0 0 0 0 0 0 0 0 0 0 0 0 0 0 0 0 0 0 0 0 0 0 0 0 0 0 0 0 0 0 0 0 0 0 0 0 0 0 0 0 0 0 0 0 0 0 0 0 0 0 0 0 0 0 0 0 0 0 0 0 0 0 0 0 0 0 0 0 0 0 0 0 0 0 0
I1103 15:28:14.255316 47195589461056 create_pretraining_data.py:161] segment_ids: 0 0 0 0 0 0 0 0 0 0 0 0 1 1 1 1 1 1 1 1 1 1 1 1 1 1 1 1 1 1 1 1 1 1 1 1 1 1 1 0 0 0 0 0 0 0 0 0 0 0 0 0 0 0 0 0 0 0 0 0 0 0 0 0 0 0 0 0 0 0 0 0 0 0 0 0 0 0 0 0 0 0 0 0 0 0 0 0 0 0 0 0 0 0 0 0 0 0 0 0 0 0 0 0 0 0 0 0 0 0 0 0 0 0 0 0 0 0 0 0 0 0 0 0 0 0 0 0
INFO:tensorflow:masked_lm_positions: 3 4 12 20 24 27 0 0 0 0 0 0 0 0 0 0 0 0 0 0
I1103 15:28:14.255441 47195589461056 create_pretraining_data.py:161] masked_lm_positions: 3 4 12 20 24 27 0 0 0 0 0 0 0 0 0 0 0 0 0 0
INFO:tensorflow:masked_lm_ids: 13764 2315 6298 1912 9028 4063 0 0 0 0 0 0 0 0 0 0 0 0 0 0
I1103 15:28:14.255560 47195589461056 create_pretraining_data.py:161] masked_lm_ids: 13764 2315 6298 1912 9028 4063 0 0 0 0 0 0 0 0 0 0 0 0 0 0
INFO:tensorflow:masked_lm_weights: 1.0 1.0 1.0 1.0 1.0 1.0 0.0 0.0 0.0 0.0 0.0 0.0 0.0 0.0 0.0 0.0 0.0 0.0 0.0 0.0
I1103 15:28:14.255685 47195589461056 create_pretraining_data.py:161] masked_lm_weights: 1.0 1.0 1.0 1.0 1.0 1.0 0.0 0.0 0.0 0.0 0.0 0.0 0.0 0.0 0.0 0.0 0.0 0.0 0.0 0.0
INFO:tensorflow:next_sentence_labels: 1
I1103 15:28:14.255799 47195589461056 create_pretraining_data.py:161] next_sentence_labels: 1
INFO:tensorflow:*** Example ***
I1103 15:28:14.256413 47195589461056 create_pretraining_data.py:149] *** Example ***
INFO:tensorflow:tokens: [CLS] محمد بن راشد [MASK] الرياض للمشاركه في [MASK] [MASK] ا ##ل ##36 ##و الملك سلمان في [MASK] [MASK] مستقبلي ##ه الذي عان ##ق سموه عنا ##قا اخوي ##ا مرحبا به بب مصطفي الثاني [SEP] البنت تفقد انو ##ثت ##ها لاج ##ت تغ ##سل يه ##ا [MASK] ب الله تس ##دح ##ك في المج ##لي [SEP]
I1103 15:28:14.256571 47195589461056 create_pretraining_data.py:151] tokens: [CLS] محمد بن راشد [MASK] الرياض للمشاركه في [MASK] [MASK] ا ##ل ##36 ##و الملك سلمان في [MASK] [MASK] مستقبلي ##ه الذي عان ##ق سموه عنا ##قا اخوي ##ا مرحبا به بب مصطفي الثاني [SEP] البنت تفقد انو ##ثت ##ها لاج ##ت تغ ##سل يه ##ا [MASK] ب الله تس ##دح ##ك في المج ##لي [SEP]
INFO:tensorflow:input_ids: 2 2202 2040 7876 4 2392 25620 1912 4 4 387 1010 9430 1012 2676 3856 1912 4 4 25531 1028 2130 27754 1011 14125 3717 2143 14048 1007 9388 2249 3827 12576 2966 3 6890 9327 11946 27848 1913 7421 1005 2887 3758 3873 1007 4 388 1953 2304 13347 1014 1912 2265 1907 3 0 0 0 0 0 0 0 0 0 0 0 0 0 0 0 0 0 0 0 0 0 0 0 0 0 0 0 0 0 0 0 0 0 0 0 0 0 0 0 0 0 0 0 0 0 0 0 0 0 0 0 0 0 0 0 0 0 0 0 0 0 0 0 0 0 0 0 0 0 0 0 0
I1103 15:28:14.256760 47195589461056 create_pretraining_data.py:161] input_ids: 2 2202 2040 7876 4 2392 25620 1912 4 4 387 1010 9430 1012 2676 3856 1912 4 4 25531 1028 2130 27754 1011 14125 3717 2143 14048 1007 9388 2249 3827 12576 2966 3 6890 9327 11946 27848 1913 7421 1005 2887 3758 3873 1007 4 388 1953 2304 13347 1014 1912 2265 1907 3 0 0 0 0 0 0 0 0 0 0 0 0 0 0 0 0 0 0 0 0 0 0 0 0 0 0 0 0 0 0 0 0 0 0 0 0 0 0 0 0 0 0 0 0 0 0 0 0 0 0 0 0 0 0 0 0 0 0 0 0 0 0 0 0 0 0 0 0 0 0 0 0
INFO:tensorflow:input_mask: 1 1 1 1 1 1 1 1 1 1 1 1 1 1 1 1 1 1 1 1 1 1 1 1 1 1 1 1 1 1 1 1 1 1 1 1 1 1 1 1 1 1 1 1 1 1 1 1 1 1 1 1 1 1 1 1 0 0 0 0 0 0 0 0 0 0 0 0 0 0 0 0 0 0 0 0 0 0 0 0 0 0 0 0 0 0 0 0 0 0 0 0 0 0 0 0 0 0 0 0 0 0 0 0 0 0 0 0 0 0 0 0 0 0 0 0 0 0 0 0 0 0 0 0 0 0 0 0
I1103 15:28:14.256931 47195589461056 create_pretraining_data.py:161] input_mask: 1 1 1 1 1 1 1 1 1 1 1 1 1 1 1 1 1 1 1 1 1 1 1 1 1 1 1 1 1 1 1 1 1 1 1 1 1 1 1 1 1 1 1 1 1 1 1 1 1 1 1 1 1 1 1 1 0 0 0 0 0 0 0 0 0 0 0 0 0 0 0 0 0 0 0 0 0 0 0 0 0 0 0 0 0 0 0 0 0 0 0 0 0 0 0 0 0 0 0 0 0 0 0 0 0 0 0 0 0 0 0 0 0 0 0 0 0 0 0 0 0 0 0 0 0 0 0 0
INFO:tensorflow:segment_ids: 0 0 0 0 0 0 0 0 0 0 0 0 0 0 0 0 0 0 0 0 0 0 0 0 0 0 0 0 0 0 0 0 0 0 0 1 1 1 1 1 1 1 1 1 1 1 1 1 1 1 1 1 1 1 1 1 0 0 0 0 0 0 0 0 0 0 0 0 0 0 0 0 0 0 0 0 0 0 0 0 0 0 0 0 0 0 0 0 0 0 0 0 0 0 0 0 0 0 0 0 0 0 0 0 0 0 0 0 0 0 0 0 0 0 0 0 0 0 0 0 0 0 0 0 0 0 0 0
I1103 15:28:14.257089 47195589461056 create_pretraining_data.py:161] segment_ids: 0 0 0 0 0 0 0 0 0 0 0 0 0 0 0 0 0 0 0 0 0 0 0 0 0 0 0 0 0 0 0 0 0 0 0 1 1 1 1 1 1 1 1 1 1 1 1 1 1 1 1 1 1 1 1 1 0 0 0 0 0 0 0 0 0 0 0 0 0 0 0 0 0 0 0 0 0 0 0 0 0 0 0 0 0 0 0 0 0 0 0 0 0 0 0 0 0 0 0 0 0 0 0 0 0 0 0 0 0 0 0 0 0 0 0 0 0 0 0 0 0 0 0 0 0 0 0 0
INFO:tensorflow:masked_lm_positions: 4 8 9 17 18 31 32 46 0 0 0 0 0 0 0 0 0 0 0 0
I1103 15:28:14.257212 47195589461056 create_pretraining_data.py:161] masked_lm_positions: 4 8 9 17 18 31 32 46 0 0 0 0 0 0 0 0 0 0 0 0
INFO:tensorflow:masked_lm_ids: 4604 20881 24421 13131 1028 3827 21046 2122 0 0 0 0 0 0 0 0 0 0 0 0
I1103 15:28:14.257343 47195589461056 create_pretraining_data.py:161] masked_lm_ids: 4604 20881 24421 13131 1028 3827 21046 2122 0 0 0 0 0 0 0 0 0 0 0 0
INFO:tensorflow:masked_lm_weights: 1.0 1.0 1.0 1.0 1.0 1.0 1.0 1.0 0.0 0.0 0.0 0.0 0.0 0.0 0.0 0.0 0.0 0.0 0.0 0.0
I1103 15:28:14.257466 47195589461056 create_pretraining_data.py:161] masked_lm_weights: 1.0 1.0 1.0 1.0 1.0 1.0 1.0 1.0 0.0 0.0 0.0 0.0 0.0 0.0 0.0 0.0 0.0 0.0 0.0 0.0
INFO:tensorflow:next_sentence_labels: 1
I1103 15:28:14.257580 47195589461056 create_pretraining_data.py:161] next_sentence_labels: 1
INFO:tensorflow:*** Example ***
I1103 15:28:14.258195 47195589461056 create_pretraining_data.py:149] *** Example ***
INFO:tensorflow:tokens: [CLS] صوت وتم ##ثيل [MASK] شي تبون ##ه تحصل ##ونه بهال ##انس ##ان [SEP] النور نورك ##م [MASK] [MASK] [SEP]
I1103 15:28:14.258355 47195589461056 create_pretraining_data.py:151] tokens: [CLS] صوت وتم ##ثيل [MASK] شي تبون ##ه تحصل ##ونه بهال ##انس ##ان [SEP] النور نورك ##م [MASK] [MASK] [SEP]
INFO:tensorflow:input_ids: 2 3195 4338 7167 4 2228 26061 1028 9762 3135 25716 6194 1906 3 5990 27242 1015 4 4 3 0 0 0 0 0 0 0 0 0 0 0 0 0 0 0 0 0 0 0 0 0 0 0 0 0 0 0 0 0 0 0 0 0 0 0 0 0 0 0 0 0 0 0 0 0 0 0 0 0 0 0 0 0 0 0 0 0 0 0 0 0 0 0 0 0 0 0 0 0 0 0 0 0 0 0 0 0 0 0 0 0 0 0 0 0 0 0 0 0 0 0 0 0 0 0 0 0 0 0 0 0 0 0 0 0 0 0 0
I1103 15:28:14.258526 47195589461056 create_pretraining_data.py:161] input_ids: 2 3195 4338 7167 4 2228 26061 1028 9762 3135 25716 6194 1906 3 5990 27242 1015 4 4 3 0 0 0 0 0 0 0 0 0 0 0 0 0 0 0 0 0 0 0 0 0 0 0 0 0 0 0 0 0 0 0 0 0 0 0 0 0 0 0 0 0 0 0 0 0 0 0 0 0 0 0 0 0 0 0 0 0 0 0 0 0 0 0 0 0 0 0 0 0 0 0 0 0 0 0 0 0 0 0 0 0 0 0 0 0 0 0 0 0 0 0 0 0 0 0 0 0 0 0 0 0 0 0 0 0 0 0 0
INFO:tensorflow:input_mask: 1 1 1 1 1 1 1 1 1 1 1 1 1 1 1 1 1 1 1 1 0 0 0 0 0 0 0 0 0 0 0 0 0 0 0 0 0 0 0 0 0 0 0 0 0 0 0 0 0 0 0 0 0 0 0 0 0 0 0 0 0 0 0 0 0 0 0 0 0 0 0 0 0 0 0 0 0 0 0 0 0 0 0 0 0 0 0 0 0 0 0 0 0 0 0 0 0 0 0 0 0 0 0 0 0 0 0 0 0 0 0 0 0 0 0 0 0 0 0 0 0 0 0 0 0 0 0 0
I1103 15:28:14.258708 47195589461056 create_pretraining_data.py:161] input_mask: 1 1 1 1 1 1 1 1 1 1 1 1 1 1 1 1 1 1 1 1 0 0 0 0 0 0 0 0 0 0 0 0 0 0 0 0 0 0 0 0 0 0 0 0 0 0 0 0 0 0 0 0 0 0 0 0 0 0 0 0 0 0 0 0 0 0 0 0 0 0 0 0 0 0 0 0 0 0 0 0 0 0 0 0 0 0 0 0 0 0 0 0 0 0 0 0 0 0 0 0 0 0 0 0 0 0 0 0 0 0 0 0 0 0 0 0 0 0 0 0 0 0 0 0 0 0 0 0
INFO:tensorflow:segment_ids: 0 0 0 0 0 0 0 0 0 0 0 0 0 0 1 1 1 1 1 1 0 0 0 0 0 0 0 0 0 0 0 0 0 0 0 0 0 0 0 0 0 0 0 0 0 0 0 0 0 0 0 0 0 0 0 0 0 0 0 0 0 0 0 0 0 0 0 0 0 0 0 0 0 0 0 0 0 0 0 0 0 0 0 0 0 0 0 0 0 0 0 0 0 0 0 0 0 0 0 0 0 0 0 0 0 0 0 0 0 0 0 0 0 0 0 0 0 0 0 0 0 0 0 0 0 0 0 0
I1103 15:28:14.258872 47195589461056 create_pretraining_data.py:161] segment_ids: 0 0 0 0 0 0 0 0 0 0 0 0 0 0 1 1 1 1 1 1 0 0 0 0 0 0 0 0 0 0 0 0 0 0 0 0 0 0 0 0 0 0 0 0 0 0 0 0 0 0 0 0 0 0 0 0 0 0 0 0 0 0 0 0 0 0 0 0 0 0 0 0 0 0 0 0 0 0 0 0 0 0 0 0 0 0 0 0 0 0 0 0 0 0 0 0 0 0 0 0 0 0 0 0 0 0 0 0 0 0 0 0 0 0 0 0 0 0 0 0 0 0 0 0 0 0 0 0
INFO:tensorflow:masked_lm_positions: 4 17 18 0 0 0 0 0 0 0 0 0 0 0 0 0 0 0 0 0
I1103 15:28:14.258995 47195589461056 create_pretraining_data.py:161] masked_lm_positions: 4 17 18 0 0 0 0 0 0 0 0 0 0 0 0 0 0 0 0 0
INFO:tensorflow:masked_lm_ids: 3453 8770 5054 0 0 0 0 0 0 0 0 0 0 0 0 0 0 0 0 0
I1103 15:28:14.259115 47195589461056 create_pretraining_data.py:161] masked_lm_ids: 3453 8770 5054 0 0 0 0 0 0 0 0 0 0 0 0 0 0 0 0 0
INFO:tensorflow:masked_lm_weights: 1.0 1.0 1.0 0.0 0.0 0.0 0.0 0.0 0.0 0.0 0.0 0.0 0.0 0.0 0.0 0.0 0.0 0.0 0.0 0.0
I1103 15:28:14.259238 47195589461056 create_pretraining_data.py:161] masked_lm_weights: 1.0 1.0 1.0 0.0 0.0 0.0 0.0 0.0 0.0 0.0 0.0 0.0 0.0 0.0 0.0 0.0 0.0 0.0 0.0 0.0
INFO:tensorflow:next_sentence_labels: 1
I1103 15:28:14.259359 47195589461056 create_pretraining_data.py:161] next_sentence_labels: 1
INFO:tensorflow:*** Example ***
I1103 15:28:14.260001 47195589461056 create_pretraining_data.py:149] *** Example ***
INFO:tensorflow:tokens: [CLS] يظل الانسان في هذه الحياه مثل قلم الرصاص تبر ##يه الع ##ثرات [MASK] بخط اجمل ويكون هكذا حتي يف ##ني القلم و يبقي [MASK] الا جميل الاثر و ما كتب [SEP] لحظه [MASK] [MASK] [MASK] يحبك ياخذ من صفات ##ك يصير يشبه ##ك بحر ##كات ##ه بكلام ##ه [MASK] مو داري ويس ##الك ليش تبتسم طيب لاني [MASK] جزاء مني فيك [SEP]
I1103 15:28:14.260165 47195589461056 create_pretraining_data.py:151] tokens: [CLS] يظل الانسان في هذه الحياه مثل قلم الرصاص تبر ##يه الع ##ثرات [MASK] بخط اجمل ويكون هكذا حتي يف ##ني القلم و يبقي [MASK] الا جميل الاثر و ما كتب [SEP] لحظه [MASK] [MASK] [MASK] يحبك ياخذ من صفات ##ك يصير يشبه ##ك بحر ##كات ##ه بكلام ##ه [MASK] مو داري ويس ##الك ليش تبتسم طيب لاني [MASK] جزاء مني فيك [SEP]
INFO:tensorflow:input_ids: 2 15209 3858 1912 2159 3014 2546 14317 17348 7996 1988 1924 7190 4 11936 3244 9720 5708 2627 3078 1974 13511 415 5849 4 1915 3814 18934 415 1972 3199 3 6165 4 4 4 7725 8377 1908 14972 1014 9624 8609 1014 6365 4228 1028 19147 1028 4 2481 24964 4274 2597 6097 14250 4177 9950 4 9999 4397 4017 3 0 0 0 0 0 0 0 0 0 0 0 0 0 0 0 0 0 0 0 0 0 0 0 0 0 0 0 0 0 0 0 0 0 0 0 0 0 0 0 0 0 0 0 0 0 0 0 0 0 0 0 0 0 0 0 0 0 0 0 0 0 0 0 0 0
I1103 15:28:14.260355 47195589461056 create_pretraining_data.py:161] input_ids: 2 15209 3858 1912 2159 3014 2546 14317 17348 7996 1988 1924 7190 4 11936 3244 9720 5708 2627 3078 1974 13511 415 5849 4 1915 3814 18934 415 1972 3199 3 6165 4 4 4 7725 8377 1908 14972 1014 9624 8609 1014 6365 4228 1028 19147 1028 4 2481 24964 4274 2597 6097 14250 4177 9950 4 9999 4397 4017 3 0 0 0 0 0 0 0 0 0 0 0 0 0 0 0 0 0 0 0 0 0 0 0 0 0 0 0 0 0 0 0 0 0 0 0 0 0 0 0 0 0 0 0 0 0 0 0 0 0 0 0 0 0 0 0 0 0 0 0 0 0 0 0 0 0
INFO:tensorflow:input_mask: 1 1 1 1 1 1 1 1 1 1 1 1 1 1 1 1 1 1 1 1 1 1 1 1 1 1 1 1 1 1 1 1 1 1 1 1 1 1 1 1 1 1 1 1 1 1 1 1 1 1 1 1 1 1 1 1 1 1 1 1 1 1 1 0 0 0 0 0 0 0 0 0 0 0 0 0 0 0 0 0 0 0 0 0 0 0 0 0 0 0 0 0 0 0 0 0 0 0 0 0 0 0 0 0 0 0 0 0 0 0 0 0 0 0 0 0 0 0 0 0 0 0 0 0 0 0 0 0
I1103 15:28:14.260536 47195589461056 create_pretraining_data.py:161] input_mask: 1 1 1 1 1 1 1 1 1 1 1 1 1 1 1 1 1 1 1 1 1 1 1 1 1 1 1 1 1 1 1 1 1 1 1 1 1 1 1 1 1 1 1 1 1 1 1 1 1 1 1 1 1 1 1 1 1 1 1 1 1 1 1 0 0 0 0 0 0 0 0 0 0 0 0 0 0 0 0 0 0 0 0 0 0 0 0 0 0 0 0 0 0 0 0 0 0 0 0 0 0 0 0 0 0 0 0 0 0 0 0 0 0 0 0 0 0 0 0 0 0 0 0 0 0 0 0 0
INFO:tensorflow:segment_ids: 0 0 0 0 0 0 0 0 0 0 0 0 0 0 0 0 0 0 0 0 0 0 0 0 0 0 0 0 0 0 0 0 1 1 1 1 1 1 1 1 1 1 1 1 1 1 1 1 1 1 1 1 1 1 1 1 1 1 1 1 1 1 1 0 0 0 0 0 0 0 0 0 0 0 0 0 0 0 0 0 0 0 0 0 0 0 0 0 0 0 0 0 0 0 0 0 0 0 0 0 0 0 0 0 0 0 0 0 0 0 0 0 0 0 0 0 0 0 0 0 0 0 0 0 0 0 0 0
I1103 15:28:14.260700 47195589461056 create_pretraining_data.py:161] segment_ids: 0 0 0 0 0 0 0 0 0 0 0 0 0 0 0 0 0 0 0 0 0 0 0 0 0 0 0 0 0 0 0 0 1 1 1 1 1 1 1 1 1 1 1 1 1 1 1 1 1 1 1 1 1 1 1 1 1 1 1 1 1 1 1 0 0 0 0 0 0 0 0 0 0 0 0 0 0 0 0 0 0 0 0 0 0 0 0 0 0 0 0 0 0 0 0 0 0 0 0 0 0 0 0 0 0 0 0 0 0 0 0 0 0 0 0 0 0 0 0 0 0 0 0 0 0 0 0 0
INFO:tensorflow:masked_lm_positions: 8 13 24 33 34 35 41 49 58 0 0 0 0 0 0 0 0 0 0 0
I1103 15:28:14.260824 47195589461056 create_pretraining_data.py:161] masked_lm_positions: 8 13 24 33 34 35 41 49 58 0 0 0 0 0 0 0 0 0 0 0
INFO:tensorflow:masked_lm_ids: 17348 11620 2154 6366 2518 2439 9624 2400 6026 0 0 0 0 0 0 0 0 0 0 0
I1103 15:28:14.260943 47195589461056 create_pretraining_data.py:161] masked_lm_ids: 17348 11620 2154 6366 2518 2439 9624 2400 6026 0 0 0 0 0 0 0 0 0 0 0
INFO:tensorflow:masked_lm_weights: 1.0 1.0 1.0 1.0 1.0 1.0 1.0 1.0 1.0 0.0 0.0 0.0 0.0 0.0 0.0 0.0 0.0 0.0 0.0 0.0
I1103 15:28:14.261065 47195589461056 create_pretraining_data.py:161] masked_lm_weights: 1.0 1.0 1.0 1.0 1.0 1.0 1.0 1.0 1.0 0.0 0.0 0.0 0.0 0.0 0.0 0.0 0.0 0.0 0.0 0.0
INFO:tensorflow:next_sentence_labels: 1
I1103 15:28:14.261176 47195589461056 create_pretraining_data.py:161] next_sentence_labels: 1
INFO:tensorflow:*** Example ***
I1103 15:28:14.261831 47195589461056 create_pretraining_data.py:149] *** Example ***
INFO:tensorflow:tokens: [CLS] حسبي الله لا اله الا هو عليه توكلت [MASK] رب العرش العظيم [SEP] احد [MASK] دوله الشر من الحوثي ##ن يقع اسير [MASK] الرب ##وعه [MASK] الان [SEP]
I1103 15:28:14.261982 47195589461056 create_pretraining_data.py:151] tokens: [CLS] حسبي الله لا اله الا هو عليه توكلت [MASK] رب العرش العظيم [SEP] احد [MASK] دوله الشر من الحوثي ##ن يقع اسير [MASK] الرب ##وعه [MASK] الان [SEP]
INFO:tensorflow:input_ids: 2 8162 1953 1963 2090 1915 2139 2181 10699 4 2512 8273 3049 3 2439 4 6229 3033 1908 7696 1006 7772 29597 4 4442 5030 4 2311 3 0 0 0 0 0 0 0 0 0 0 0 0 0 0 0 0 0 0 0 0 0 0 0 0 0 0 0 0 0 0 0 0 0 0 0 0 0 0 0 0 0 0 0 0 0 0 0 0 0 0 0 0 0 0 0 0 0 0 0 0 0 0 0 0 0 0 0 0 0 0 0 0 0 0 0 0 0 0 0 0 0 0 0 0 0 0 0 0 0 0 0 0 0 0 0 0 0 0 0
I1103 15:28:14.262159 47195589461056 create_pretraining_data.py:161] input_ids: 2 8162 1953 1963 2090 1915 2139 2181 10699 4 2512 8273 3049 3 2439 4 6229 3033 1908 7696 1006 7772 29597 4 4442 5030 4 2311 3 0 0 0 0 0 0 0 0 0 0 0 0 0 0 0 0 0 0 0 0 0 0 0 0 0 0 0 0 0 0 0 0 0 0 0 0 0 0 0 0 0 0 0 0 0 0 0 0 0 0 0 0 0 0 0 0 0 0 0 0 0 0 0 0 0 0 0 0 0 0 0 0 0 0 0 0 0 0 0 0 0 0 0 0 0 0 0 0 0 0 0 0 0 0 0 0 0 0 0
INFO:tensorflow:input_mask: 1 1 1 1 1 1 1 1 1 1 1 1 1 1 1 1 1 1 1 1 1 1 1 1 1 1 1 1 1 0 0 0 0 0 0 0 0 0 0 0 0 0 0 0 0 0 0 0 0 0 0 0 0 0 0 0 0 0 0 0 0 0 0 0 0 0 0 0 0 0 0 0 0 0 0 0 0 0 0 0 0 0 0 0 0 0 0 0 0 0 0 0 0 0 0 0 0 0 0 0 0 0 0 0 0 0 0 0 0 0 0 0 0 0 0 0 0 0 0 0 0 0 0 0 0 0 0 0
I1103 15:28:14.262336 47195589461056 create_pretraining_data.py:161] input_mask: 1 1 1 1 1 1 1 1 1 1 1 1 1 1 1 1 1 1 1 1 1 1 1 1 1 1 1 1 1 0 0 0 0 0 0 0 0 0 0 0 0 0 0 0 0 0 0 0 0 0 0 0 0 0 0 0 0 0 0 0 0 0 0 0 0 0 0 0 0 0 0 0 0 0 0 0 0 0 0 0 0 0 0 0 0 0 0 0 0 0 0 0 0 0 0 0 0 0 0 0 0 0 0 0 0 0 0 0 0 0 0 0 0 0 0 0 0 0 0 0 0 0 0 0 0 0 0 0
INFO:tensorflow:segment_ids: 0 0 0 0 0 0 0 0 0 0 0 0 0 0 1 1 1 1 1 1 1 1 1 1 1 1 1 1 1 0 0 0 0 0 0 0 0 0 0 0 0 0 0 0 0 0 0 0 0 0 0 0 0 0 0 0 0 0 0 0 0 0 0 0 0 0 0 0 0 0 0 0 0 0 0 0 0 0 0 0 0 0 0 0 0 0 0 0 0 0 0 0 0 0 0 0 0 0 0 0 0 0 0 0 0 0 0 0 0 0 0 0 0 0 0 0 0 0 0 0 0 0 0 0 0 0 0 0
I1103 15:28:14.262516 47195589461056 create_pretraining_data.py:161] segment_ids: 0 0 0 0 0 0 0 0 0 0 0 0 0 0 1 1 1 1 1 1 1 1 1 1 1 1 1 1 1 0 0 0 0 0 0 0 0 0 0 0 0 0 0 0 0 0 0 0 0 0 0 0 0 0 0 0 0 0 0 0 0 0 0 0 0 0 0 0 0 0 0 0 0 0 0 0 0 0 0 0 0 0 0 0 0 0 0 0 0 0 0 0 0 0 0 0 0 0 0 0 0 0 0 0 0 0 0 0 0 0 0 0 0 0 0 0 0 0 0 0 0 0 0 0 0 0 0 0
INFO:tensorflow:masked_lm_positions: 9 15 23 26 0 0 0 0 0 0 0 0 0 0 0 0 0 0 0 0
I1103 15:28:14.262643 47195589461056 create_pretraining_data.py:161] masked_lm_positions: 9 15 23 26 0 0 0 0 0 0 0 0 0 0 0 0 0 0 0 0
INFO:tensorflow:masked_lm_ids: 2400 7733 1912 7107 0 0 0 0 0 0 0 0 0 0 0 0 0 0 0 0
I1103 15:28:14.262762 47195589461056 create_pretraining_data.py:161] masked_lm_ids: 2400 7733 1912 7107 0 0 0 0 0 0 0 0 0 0 0 0 0 0 0 0
INFO:tensorflow:masked_lm_weights: 1.0 1.0 1.0 1.0 0.0 0.0 0.0 0.0 0.0 0.0 0.0 0.0 0.0 0.0 0.0 0.0 0.0 0.0 0.0 0.0
I1103 15:28:14.262884 47195589461056 create_pretraining_data.py:161] masked_lm_weights: 1.0 1.0 1.0 1.0 0.0 0.0 0.0 0.0 0.0 0.0 0.0 0.0 0.0 0.0 0.0 0.0 0.0 0.0 0.0 0.0
INFO:tensorflow:next_sentence_labels: 1
I1103 15:28:14.262997 47195589461056 create_pretraining_data.py:161] next_sentence_labels: 1
INFO:tensorflow:*** Example ***
I1103 15:28:14.263598 47195589461056 create_pretraining_data.py:149] *** Example ***
INFO:tensorflow:tokens: [CLS] قل اعوذ برب [MASK] ملك الناس اله [MASK] من شر [MASK] [MASK] الخ ##ناس الذي يو ##سو ##س في صدور [MASK] من الجنه و الناس [SEP] ما يجعلني سعيده هو ان الله حي [MASK] يموت ابدا وكر ##يم لا [MASK] احدا ورح ##يم لا يقتل املا [SEP]
I1103 15:28:14.263755 47195589461056 create_pretraining_data.py:151] tokens: [CLS] قل اعوذ برب [MASK] ملك الناس اله [MASK] من شر [MASK] [MASK] الخ ##ناس الذي يو ##سو ##س في صدور [MASK] من الجنه و الناس [SEP] ما يجعلني سعيده هو ان الله حي [MASK] يموت ابدا وكر ##يم لا [MASK] احدا ورح ##يم لا يقتل املا [SEP]
INFO:tensorflow:input_ids: 2 4491 5433 9148 4 3776 2397 2090 4 1908 2980 4 4 1995 5384 2130 2724 5333 1033 1912 7027 4 1908 3515 415 2397 3 1972 25743 13250 2139 1939 1953 2322 4 7194 4655 13452 2019 1963 4 8165 24069 2019 1963 9117 17001 3 0 0 0 0 0 0 0 0 0 0 0 0 0 0 0 0 0 0 0 0 0 0 0 0 0 0 0 0 0 0 0 0 0 0 0 0 0 0 0 0 0 0 0 0 0 0 0 0 0 0 0 0 0 0 0 0 0 0 0 0 0 0 0 0 0 0 0 0 0 0 0 0 0 0 0 0 0 0 0 0
I1103 15:28:14.263930 47195589461056 create_pretraining_data.py:161] input_ids: 2 4491 5433 9148 4 3776 2397 2090 4 1908 2980 4 4 1995 5384 2130 2724 5333 1033 1912 7027 4 1908 3515 415 2397 3 1972 25743 13250 2139 1939 1953 2322 4 7194 4655 13452 2019 1963 4 8165 24069 2019 1963 9117 17001 3 0 0 0 0 0 0 0 0 0 0 0 0 0 0 0 0 0 0 0 0 0 0 0 0 0 0 0 0 0 0 0 0 0 0 0 0 0 0 0 0 0 0 0 0 0 0 0 0 0 0 0 0 0 0 0 0 0 0 0 0 0 0 0 0 0 0 0 0 0 0 0 0 0 0 0 0 0 0 0 0
INFO:tensorflow:input_mask: 1 1 1 1 1 1 1 1 1 1 1 1 1 1 1 1 1 1 1 1 1 1 1 1 1 1 1 1 1 1 1 1 1 1 1 1 1 1 1 1 1 1 1 1 1 1 1 1 0 0 0 0 0 0 0 0 0 0 0 0 0 0 0 0 0 0 0 0 0 0 0 0 0 0 0 0 0 0 0 0 0 0 0 0 0 0 0 0 0 0 0 0 0 0 0 0 0 0 0 0 0 0 0 0 0 0 0 0 0 0 0 0 0 0 0 0 0 0 0 0 0 0 0 0 0 0 0 0
I1103 15:28:14.264096 47195589461056 create_pretraining_data.py:161] input_mask: 1 1 1 1 1 1 1 1 1 1 1 1 1 1 1 1 1 1 1 1 1 1 1 1 1 1 1 1 1 1 1 1 1 1 1 1 1 1 1 1 1 1 1 1 1 1 1 1 0 0 0 0 0 0 0 0 0 0 0 0 0 0 0 0 0 0 0 0 0 0 0 0 0 0 0 0 0 0 0 0 0 0 0 0 0 0 0 0 0 0 0 0 0 0 0 0 0 0 0 0 0 0 0 0 0 0 0 0 0 0 0 0 0 0 0 0 0 0 0 0 0 0 0 0 0 0 0 0
INFO:tensorflow:segment_ids: 0 0 0 0 0 0 0 0 0 0 0 0 0 0 0 0 0 0 0 0 0 0 0 0 0 0 0 1 1 1 1 1 1 1 1 1 1 1 1 1 1 1 1 1 1 1 1 1 0 0 0 0 0 0 0 0 0 0 0 0 0 0 0 0 0 0 0 0 0 0 0 0 0 0 0 0 0 0 0 0 0 0 0 0 0 0 0 0 0 0 0 0 0 0 0 0 0 0 0 0 0 0 0 0 0 0 0 0 0 0 0 0 0 0 0 0 0 0 0 0 0 0 0 0 0 0 0 0
I1103 15:28:14.264275 47195589461056 create_pretraining_data.py:161] segment_ids: 0 0 0 0 0 0 0 0 0 0 0 0 0 0 0 0 0 0 0 0 0 0 0 0 0 0 0 1 1 1 1 1 1 1 1 1 1 1 1 1 1 1 1 1 1 1 1 1 0 0 0 0 0 0 0 0 0 0 0 0 0 0 0 0 0 0 0 0 0 0 0 0 0 0 0 0 0 0 0 0 0 0 0 0 0 0 0 0 0 0 0 0 0 0 0 0 0 0 0 0 0 0 0 0 0 0 0 0 0 0 0 0 0 0 0 0 0 0 0 0 0 0 0 0 0 0 0 0
INFO:tensorflow:masked_lm_positions: 4 8 11 12 21 34 40 0 0 0 0 0 0 0 0 0 0 0 0 0
I1103 15:28:14.264403 47195589461056 create_pretraining_data.py:161] masked_lm_positions: 4 8 11 12 21 34 40 0 0 0 0 0 0 0 0 0 0 0 0 0
INFO:tensorflow:masked_lm_ids: 2397 2397 6342 17625 2397 1963 6478 0 0 0 0 0 0 0 0 0 0 0 0 0
I1103 15:28:14.264523 47195589461056 create_pretraining_data.py:161] masked_lm_ids: 2397 2397 6342 17625 2397 1963 6478 0 0 0 0 0 0 0 0 0 0 0 0 0
INFO:tensorflow:masked_lm_weights: 1.0 1.0 1.0 1.0 1.0 1.0 1.0 0.0 0.0 0.0 0.0 0.0 0.0 0.0 0.0 0.0 0.0 0.0 0.0 0.0
I1103 15:28:14.264646 47195589461056 create_pretraining_data.py:161] masked_lm_weights: 1.0 1.0 1.0 1.0 1.0 1.0 1.0 0.0 0.0 0.0 0.0 0.0 0.0 0.0 0.0 0.0 0.0 0.0 0.0 0.0
INFO:tensorflow:next_sentence_labels: 1
I1103 15:28:14.264759 47195589461056 create_pretraining_data.py:161] next_sentence_labels: 1
INFO:tensorflow:*** Example ***
I1103 15:28:14.265391 47195589461056 create_pretraining_data.py:149] *** Example ***
INFO:tensorflow:tokens: [CLS] يمكن مع الوقت حض ##ي يضحك حجاج ##ه يجيب ##ك الله [MASK] اب ##طي ##ت [MASK] اع ##ذر ##ني قروب اسطول الكور [SEP] انا معاك بالدعاء لو ما اشوفك لو الوطني44 جنبك [SEP]
I1103 15:28:14.265544 47195589461056 create_pretraining_data.py:151] tokens: [CLS] يمكن مع الوقت حض ##ي يضحك حجاج ##ه يجيب ##ك الله [MASK] اب ##طي ##ت [MASK] اع ##ذر ##ني قروب اسطول الكور [SEP] انا معاك بالدعاء لو ما اشوفك لو الوطني44 جنبك [SEP]
INFO:tensorflow:input_ids: 2 2490 1973 3021 4572 1013 13007 21697 1028 8843 1014 1953 4 2093 2594 1005 4 2280 3136 1974 2543 16488 15718 3 2315 7375 14358 2244 1972 14920 2244 25241 29592 3 0 0 0 0 0 0 0 0 0 0 0 0 0 0 0 0 0 0 0 0 0 0 0 0 0 0 0 0 0 0 0 0 0 0 0 0 0 0 0 0 0 0 0 0 0 0 0 0 0 0 0 0 0 0 0 0 0 0 0 0 0 0 0 0 0 0 0 0 0 0 0 0 0 0 0 0 0 0 0 0 0 0 0 0 0 0 0 0 0 0 0 0 0 0
I1103 15:28:14.265722 47195589461056 create_pretraining_data.py:161] input_ids: 2 2490 1973 3021 4572 1013 13007 21697 1028 8843 1014 1953 4 2093 2594 1005 4 2280 3136 1974 2543 16488 15718 3 2315 7375 14358 2244 1972 14920 2244 25241 29592 3 0 0 0 0 0 0 0 0 0 0 0 0 0 0 0 0 0 0 0 0 0 0 0 0 0 0 0 0 0 0 0 0 0 0 0 0 0 0 0 0 0 0 0 0 0 0 0 0 0 0 0 0 0 0 0 0 0 0 0 0 0 0 0 0 0 0 0 0 0 0 0 0 0 0 0 0 0 0 0 0 0 0 0 0 0 0 0 0 0 0 0 0 0 0
INFO:tensorflow:input_mask: 1 1 1 1 1 1 1 1 1 1 1 1 1 1 1 1 1 1 1 1 1 1 1 1 1 1 1 1 1 1 1 1 1 1 0 0 0 0 0 0 0 0 0 0 0 0 0 0 0 0 0 0 0 0 0 0 0 0 0 0 0 0 0 0 0 0 0 0 0 0 0 0 0 0 0 0 0 0 0 0 0 0 0 0 0 0 0 0 0 0 0 0 0 0 0 0 0 0 0 0 0 0 0 0 0 0 0 0 0 0 0 0 0 0 0 0 0 0 0 0 0 0 0 0 0 0 0 0
I1103 15:28:14.265892 47195589461056 create_pretraining_data.py:161] input_mask: 1 1 1 1 1 1 1 1 1 1 1 1 1 1 1 1 1 1 1 1 1 1 1 1 1 1 1 1 1 1 1 1 1 1 0 0 0 0 0 0 0 0 0 0 0 0 0 0 0 0 0 0 0 0 0 0 0 0 0 0 0 0 0 0 0 0 0 0 0 0 0 0 0 0 0 0 0 0 0 0 0 0 0 0 0 0 0 0 0 0 0 0 0 0 0 0 0 0 0 0 0 0 0 0 0 0 0 0 0 0 0 0 0 0 0 0 0 0 0 0 0 0 0 0 0 0 0 0
INFO:tensorflow:segment_ids: 0 0 0 0 0 0 0 0 0 0 0 0 0 0 0 0 0 0 0 0 0 0 0 0 1 1 1 1 1 1 1 1 1 1 0 0 0 0 0 0 0 0 0 0 0 0 0 0 0 0 0 0 0 0 0 0 0 0 0 0 0 0 0 0 0 0 0 0 0 0 0 0 0 0 0 0 0 0 0 0 0 0 0 0 0 0 0 0 0 0 0 0 0 0 0 0 0 0 0 0 0 0 0 0 0 0 0 0 0 0 0 0 0 0 0 0 0 0 0 0 0 0 0 0 0 0 0 0
I1103 15:28:14.266053 47195589461056 create_pretraining_data.py:161] segment_ids: 0 0 0 0 0 0 0 0 0 0 0 0 0 0 0 0 0 0 0 0 0 0 0 0 1 1 1 1 1 1 1 1 1 1 0 0 0 0 0 0 0 0 0 0 0 0 0 0 0 0 0 0 0 0 0 0 0 0 0 0 0 0 0 0 0 0 0 0 0 0 0 0 0 0 0 0 0 0 0 0 0 0 0 0 0 0 0 0 0 0 0 0 0 0 0 0 0 0 0 0 0 0 0 0 0 0 0 0 0 0 0 0 0 0 0 0 0 0 0 0 0 0 0 0 0 0 0 0
INFO:tensorflow:masked_lm_positions: 2 12 16 22 31 0 0 0 0 0 0 0 0 0 0 0 0 0 0 0
I1103 15:28:14.266194 47195589461056 create_pretraining_data.py:161] masked_lm_positions: 2 12 16 22 31 0 0 0 0 0 0 0 0 0 0 0 0 0 0 0
INFO:tensorflow:masked_lm_ids: 1973 4018 415 4534 8798 0 0 0 0 0 0 0 0 0 0 0 0 0 0 0
I1103 15:28:14.266321 47195589461056 create_pretraining_data.py:161] masked_lm_ids: 1973 4018 415 4534 8798 0 0 0 0 0 0 0 0 0 0 0 0 0 0 0
INFO:tensorflow:masked_lm_weights: 1.0 1.0 1.0 1.0 1.0 0.0 0.0 0.0 0.0 0.0 0.0 0.0 0.0 0.0 0.0 0.0 0.0 0.0 0.0 0.0
I1103 15:28:14.266443 47195589461056 create_pretraining_data.py:161] masked_lm_weights: 1.0 1.0 1.0 1.0 1.0 0.0 0.0 0.0 0.0 0.0 0.0 0.0 0.0 0.0 0.0 0.0 0.0 0.0 0.0 0.0
INFO:tensorflow:next_sentence_labels: 1
I1103 15:28:14.266558 47195589461056 create_pretraining_data.py:161] next_sentence_labels: 1
INFO:tensorflow:*** Example ***
I1103 15:28:14.267196 47195589461056 create_pretraining_data.py:149] *** Example ***
INFO:tensorflow:tokens: [CLS] لور ##ينت ##ي شعور رائع وشر ##ف كبير ان الغ ##ب ضد فريق [MASK] [MASK] اصدق ##ائي [SEP] اخواني دعم [MASK] النصره الشامي ##ه عائد بعد الحذف المتك ##رر [MASK] [MASK] [SEP]
I1103 15:28:14.267359 47195589461056 create_pretraining_data.py:151] tokens: [CLS] لور ##ينت ##ي شعور رائع وشر ##ف كبير ان الغ ##ب ضد فريق [MASK] [MASK] اصدق ##ائي [SEP] اخواني دعم [MASK] النصره الشامي ##ه عائد بعد الحذف المتك ##رر [MASK] [MASK] [SEP]
INFO:tensorflow:input_ids: 2 14795 14086 1013 5443 7018 9853 1037 2934 1939 2173 1045 3051 3559 4 4 6845 3017 3 17948 3592 4 22551 28132 1028 26469 2089 26682 18465 4103 4 4 3 0 0 0 0 0 0 0 0 0 0 0 0 0 0 0 0 0 0 0 0 0 0 0 0 0 0 0 0 0 0 0 0 0 0 0 0 0 0 0 0 0 0 0 0 0 0 0 0 0 0 0 0 0 0 0 0 0 0 0 0 0 0 0 0 0 0 0 0 0 0 0 0 0 0 0 0 0 0 0 0 0 0 0 0 0 0 0 0 0 0 0 0 0 0 0
I1103 15:28:14.267535 47195589461056 create_pretraining_data.py:161] input_ids: 2 14795 14086 1013 5443 7018 9853 1037 2934 1939 2173 1045 3051 3559 4 4 6845 3017 3 17948 3592 4 22551 28132 1028 26469 2089 26682 18465 4103 4 4 3 0 0 0 0 0 0 0 0 0 0 0 0 0 0 0 0 0 0 0 0 0 0 0 0 0 0 0 0 0 0 0 0 0 0 0 0 0 0 0 0 0 0 0 0 0 0 0 0 0 0 0 0 0 0 0 0 0 0 0 0 0 0 0 0 0 0 0 0 0 0 0 0 0 0 0 0 0 0 0 0 0 0 0 0 0 0 0 0 0 0 0 0 0 0 0
INFO:tensorflow:input_mask: 1 1 1 1 1 1 1 1 1 1 1 1 1 1 1 1 1 1 1 1 1 1 1 1 1 1 1 1 1 1 1 1 1 0 0 0 0 0 0 0 0 0 0 0 0 0 0 0 0 0 0 0 0 0 0 0 0 0 0 0 0 0 0 0 0 0 0 0 0 0 0 0 0 0 0 0 0 0 0 0 0 0 0 0 0 0 0 0 0 0 0 0 0 0 0 0 0 0 0 0 0 0 0 0 0 0 0 0 0 0 0 0 0 0 0 0 0 0 0 0 0 0 0 0 0 0 0 0
I1103 15:28:14.267703 47195589461056 create_pretraining_data.py:161] input_mask: 1 1 1 1 1 1 1 1 1 1 1 1 1 1 1 1 1 1 1 1 1 1 1 1 1 1 1 1 1 1 1 1 1 0 0 0 0 0 0 0 0 0 0 0 0 0 0 0 0 0 0 0 0 0 0 0 0 0 0 0 0 0 0 0 0 0 0 0 0 0 0 0 0 0 0 0 0 0 0 0 0 0 0 0 0 0 0 0 0 0 0 0 0 0 0 0 0 0 0 0 0 0 0 0 0 0 0 0 0 0 0 0 0 0 0 0 0 0 0 0 0 0 0 0 0 0 0 0
INFO:tensorflow:segment_ids: 0 0 0 0 0 0 0 0 0 0 0 0 0 0 0 0 0 0 0 1 1 1 1 1 1 1 1 1 1 1 1 1 1 0 0 0 0 0 0 0 0 0 0 0 0 0 0 0 0 0 0 0 0 0 0 0 0 0 0 0 0 0 0 0 0 0 0 0 0 0 0 0 0 0 0 0 0 0 0 0 0 0 0 0 0 0 0 0 0 0 0 0 0 0 0 0 0 0 0 0 0 0 0 0 0 0 0 0 0 0 0 0 0 0 0 0 0 0 0 0 0 0 0 0 0 0 0 0
I1103 15:28:14.267866 47195589461056 create_pretraining_data.py:161] segment_ids: 0 0 0 0 0 0 0 0 0 0 0 0 0 0 0 0 0 0 0 1 1 1 1 1 1 1 1 1 1 1 1 1 1 0 0 0 0 0 0 0 0 0 0 0 0 0 0 0 0 0 0 0 0 0 0 0 0 0 0 0 0 0 0 0 0 0 0 0 0 0 0 0 0 0 0 0 0 0 0 0 0 0 0 0 0 0 0 0 0 0 0 0 0 0 0 0 0 0 0 0 0 0 0 0 0 0 0 0 0 0 0 0 0 0 0 0 0 0 0 0 0 0 0 0 0 0 0 0
INFO:tensorflow:masked_lm_positions: 14 15 21 30 31 0 0 0 0 0 0 0 0 0 0 0 0 0 0 0
I1103 15:28:14.267990 47195589461056 create_pretraining_data.py:161] masked_lm_positions: 14 15 21 30 31 0 0 0 0 0 0 0 0 0 0 0 0 0 0 0
INFO:tensorflow:masked_lm_ids: 18931 1015 18460 6118 6508 0 0 0 0 0 0 0 0 0 0 0 0 0 0 0
I1103 15:28:14.268126 47195589461056 create_pretraining_data.py:161] masked_lm_ids: 18931 1015 18460 6118 6508 0 0 0 0 0 0 0 0 0 0 0 0 0 0 0
INFO:tensorflow:masked_lm_weights: 1.0 1.0 1.0 1.0 1.0 0.0 0.0 0.0 0.0 0.0 0.0 0.0 0.0 0.0 0.0 0.0 0.0 0.0 0.0 0.0
I1103 15:28:14.268258 47195589461056 create_pretraining_data.py:161] masked_lm_weights: 1.0 1.0 1.0 1.0 1.0 0.0 0.0 0.0 0.0 0.0 0.0 0.0 0.0 0.0 0.0 0.0 0.0 0.0 0.0 0.0
INFO:tensorflow:next_sentence_labels: 1
I1103 15:28:14.268375 47195589461056 create_pretraining_data.py:161] next_sentence_labels: 1
INFO:tensorflow:Wrote 9999750 total instances
I1103 16:31:42.791300 47195589461056 create_pretraining_data.py:166] Wrote 9999750 total instances
