Loading module 'all'
WARNING:tensorflow:From ../bert/create_pretraining_data.py:469: The name tf.app.run is deprecated. Please use tf.compat.v1.app.run instead.

WARNING:tensorflow:From ../bert/create_pretraining_data.py:437: The name tf.logging.set_verbosity is deprecated. Please use tf.compat.v1.logging.set_verbosity instead.

W1103 12:03:28.358814 47767521854528 module_wrapper.py:139] From ../bert/create_pretraining_data.py:437: The name tf.logging.set_verbosity is deprecated. Please use tf.compat.v1.logging.set_verbosity instead.

WARNING:tensorflow:From ../bert/create_pretraining_data.py:437: The name tf.logging.INFO is deprecated. Please use tf.compat.v1.logging.INFO instead.

W1103 12:03:28.359063 47767521854528 module_wrapper.py:139] From ../bert/create_pretraining_data.py:437: The name tf.logging.INFO is deprecated. Please use tf.compat.v1.logging.INFO instead.

WARNING:tensorflow:From /scratch/gi372/CAMeLBERT/bert/tokenization.py:125: The name tf.gfile.GFile is deprecated. Please use tf.io.gfile.GFile instead.

W1103 12:03:28.359276 47767521854528 module_wrapper.py:139] From /scratch/gi372/CAMeLBERT/bert/tokenization.py:125: The name tf.gfile.GFile is deprecated. Please use tf.io.gfile.GFile instead.

WARNING:tensorflow:From ../bert/create_pretraining_data.py:444: The name tf.gfile.Glob is deprecated. Please use tf.io.gfile.glob instead.

W1103 12:03:28.464218 47767521854528 module_wrapper.py:139] From ../bert/create_pretraining_data.py:444: The name tf.gfile.Glob is deprecated. Please use tf.io.gfile.glob instead.

WARNING:tensorflow:From ../bert/create_pretraining_data.py:446: The name tf.logging.info is deprecated. Please use tf.compat.v1.logging.info instead.

W1103 12:03:28.491979 47767521854528 module_wrapper.py:139] From ../bert/create_pretraining_data.py:446: The name tf.logging.info is deprecated. Please use tf.compat.v1.logging.info instead.

INFO:tensorflow:*** Reading from input files ***
I1103 12:03:28.492249 47767521854528 create_pretraining_data.py:446] *** Reading from input files ***
INFO:tensorflow:  ../corpora/shards/DA-ali2019-500m-tweet.bw.ar.lines.shard.312.normalized.sents
I1103 12:03:28.492350 47767521854528 create_pretraining_data.py:448]   ../corpora/shards/DA-ali2019-500m-tweet.bw.ar.lines.shard.312.normalized.sents
INFO:tensorflow:*** Writing to output files ***
I1103 12:44:39.461322 47767521854528 create_pretraining_data.py:457] *** Writing to output files ***
INFO:tensorflow:  ../corpora/tfrecord_wp-30k_msl-128/DA-ali2019-500m-tweet.bw.ar.lines.shard.312.tf_record
I1103 12:44:39.485793 47767521854528 create_pretraining_data.py:459]   ../corpora/tfrecord_wp-30k_msl-128/DA-ali2019-500m-tweet.bw.ar.lines.shard.312.tf_record
WARNING:tensorflow:From ../bert/create_pretraining_data.py:101: The name tf.python_io.TFRecordWriter is deprecated. Please use tf.io.TFRecordWriter instead.

W1103 12:44:39.494508 47767521854528 module_wrapper.py:139] From ../bert/create_pretraining_data.py:101: The name tf.python_io.TFRecordWriter is deprecated. Please use tf.io.TFRecordWriter instead.

INFO:tensorflow:*** Example ***
I1103 12:44:39.515019 47767521854528 create_pretraining_data.py:149] *** Example ***
INFO:tensorflow:tokens: [CLS] شركه [MASK] المبيدات الحش ##ريه [MASK] [MASK] ##جز الحشرات بالرياض مكافحه [MASK] انواع الحشرات والن ##مل الابيض والص ##راصير والب ##ق 0540 ##0 ##46 ##101 [SEP] ما ات ##فيق اسوي منك ##ير [SEP]
I1103 12:44:39.515682 47767521854528 create_pretraining_data.py:151] tokens: [CLS] شركه [MASK] المبيدات الحش ##ريه [MASK] [MASK] ##جز الحشرات بالرياض مكافحه [MASK] انواع الحشرات والن ##مل الابيض والص ##راصير والب ##ق 0540 ##0 ##46 ##101 [SEP] ما ات ##فيق اسوي منك ##ير [SEP]
INFO:tensorflow:input_ids: 2 6601 4 22759 21158 3129 4 4 2796 9045 4284 17312 4 5792 9045 3006 2182 3788 3011 26273 3460 1011 16631 1071 13994 25025 3 1972 2253 4978 16036 3677 1916 3 0 0 0 0 0 0 0 0 0 0 0 0 0 0 0 0 0 0 0 0 0 0 0 0 0 0 0 0 0 0 0 0 0 0 0 0 0 0 0 0 0 0 0 0 0 0 0 0 0 0 0 0 0 0 0 0 0 0 0 0 0 0 0 0 0 0 0 0 0 0 0 0 0 0 0 0 0 0 0 0 0 0 0 0 0 0 0 0 0 0 0 0 0 0
I1103 12:44:39.526244 47767521854528 create_pretraining_data.py:161] input_ids: 2 6601 4 22759 21158 3129 4 4 2796 9045 4284 17312 4 5792 9045 3006 2182 3788 3011 26273 3460 1011 16631 1071 13994 25025 3 1972 2253 4978 16036 3677 1916 3 0 0 0 0 0 0 0 0 0 0 0 0 0 0 0 0 0 0 0 0 0 0 0 0 0 0 0 0 0 0 0 0 0 0 0 0 0 0 0 0 0 0 0 0 0 0 0 0 0 0 0 0 0 0 0 0 0 0 0 0 0 0 0 0 0 0 0 0 0 0 0 0 0 0 0 0 0 0 0 0 0 0 0 0 0 0 0 0 0 0 0 0 0 0
INFO:tensorflow:input_mask: 1 1 1 1 1 1 1 1 1 1 1 1 1 1 1 1 1 1 1 1 1 1 1 1 1 1 1 1 1 1 1 1 1 1 0 0 0 0 0 0 0 0 0 0 0 0 0 0 0 0 0 0 0 0 0 0 0 0 0 0 0 0 0 0 0 0 0 0 0 0 0 0 0 0 0 0 0 0 0 0 0 0 0 0 0 0 0 0 0 0 0 0 0 0 0 0 0 0 0 0 0 0 0 0 0 0 0 0 0 0 0 0 0 0 0 0 0 0 0 0 0 0 0 0 0 0 0 0
I1103 12:44:39.526471 47767521854528 create_pretraining_data.py:161] input_mask: 1 1 1 1 1 1 1 1 1 1 1 1 1 1 1 1 1 1 1 1 1 1 1 1 1 1 1 1 1 1 1 1 1 1 0 0 0 0 0 0 0 0 0 0 0 0 0 0 0 0 0 0 0 0 0 0 0 0 0 0 0 0 0 0 0 0 0 0 0 0 0 0 0 0 0 0 0 0 0 0 0 0 0 0 0 0 0 0 0 0 0 0 0 0 0 0 0 0 0 0 0 0 0 0 0 0 0 0 0 0 0 0 0 0 0 0 0 0 0 0 0 0 0 0 0 0 0 0
INFO:tensorflow:segment_ids: 0 0 0 0 0 0 0 0 0 0 0 0 0 0 0 0 0 0 0 0 0 0 0 0 0 0 0 1 1 1 1 1 1 1 0 0 0 0 0 0 0 0 0 0 0 0 0 0 0 0 0 0 0 0 0 0 0 0 0 0 0 0 0 0 0 0 0 0 0 0 0 0 0 0 0 0 0 0 0 0 0 0 0 0 0 0 0 0 0 0 0 0 0 0 0 0 0 0 0 0 0 0 0 0 0 0 0 0 0 0 0 0 0 0 0 0 0 0 0 0 0 0 0 0 0 0 0 0
I1103 12:44:39.528534 47767521854528 create_pretraining_data.py:161] segment_ids: 0 0 0 0 0 0 0 0 0 0 0 0 0 0 0 0 0 0 0 0 0 0 0 0 0 0 0 1 1 1 1 1 1 1 0 0 0 0 0 0 0 0 0 0 0 0 0 0 0 0 0 0 0 0 0 0 0 0 0 0 0 0 0 0 0 0 0 0 0 0 0 0 0 0 0 0 0 0 0 0 0 0 0 0 0 0 0 0 0 0 0 0 0 0 0 0 0 0 0 0 0 0 0 0 0 0 0 0 0 0 0 0 0 0 0 0 0 0 0 0 0 0 0 0 0 0 0 0
INFO:tensorflow:masked_lm_positions: 2 6 7 8 12 0 0 0 0 0 0 0 0 0 0 0 0 0 0 0
I1103 12:44:39.528750 47767521854528 create_pretraining_data.py:161] masked_lm_positions: 2 6 7 8 12 0 0 0 0 0 0 0 0 0 0 0 0 0 0 0
INFO:tensorflow:masked_lm_ids: 6300 12742 25492 1028 2561 0 0 0 0 0 0 0 0 0 0 0 0 0 0 0
I1103 12:44:39.528882 47767521854528 create_pretraining_data.py:161] masked_lm_ids: 6300 12742 25492 1028 2561 0 0 0 0 0 0 0 0 0 0 0 0 0 0 0
INFO:tensorflow:masked_lm_weights: 1.0 1.0 1.0 1.0 1.0 0.0 0.0 0.0 0.0 0.0 0.0 0.0 0.0 0.0 0.0 0.0 0.0 0.0 0.0 0.0
I1103 12:44:39.529847 47767521854528 create_pretraining_data.py:161] masked_lm_weights: 1.0 1.0 1.0 1.0 1.0 0.0 0.0 0.0 0.0 0.0 0.0 0.0 0.0 0.0 0.0 0.0 0.0 0.0 0.0 0.0
INFO:tensorflow:next_sentence_labels: 1
I1103 12:44:39.530018 47767521854528 create_pretraining_data.py:161] next_sentence_labels: 1
INFO:tensorflow:*** Example ***
I1103 12:44:39.531267 47767521854528 create_pretraining_data.py:149] *** Example ***
INFO:tensorflow:tokens: [CLS] بعض الناس تفعل لهم المستحيل ولكن [MASK] [MASK] [MASK] بهذا وقد يتنا ##سو هذا ماا ##ظن [SEP] ليس من الضروري ان تجعل [MASK] مكان في كل قلب فبعض القلوب ضيقه حاول فقط زرع احترام ذاتك في نفوس ##هم فهذا [MASK] [MASK] Ï العلاقات [SEP]
I1103 12:44:39.531518 47767521854528 create_pretraining_data.py:151] tokens: [CLS] بعض الناس تفعل لهم المستحيل ولكن [MASK] [MASK] [MASK] بهذا وقد يتنا ##سو هذا ماا ##ظن [SEP] ليس من الضروري ان تجعل [MASK] مكان في كل قلب فبعض القلوب ضيقه حاول فقط زرع احترام ذاتك في نفوس ##هم فهذا [MASK] [MASK] Ï العلاقات [SEP]
INFO:tensorflow:input_ids: 2 2346 2397 11212 2899 13266 2637 4 4 4 4423 2585 22275 5333 2085 14363 6073 3 2618 1908 16537 1939 5854 4 3192 1912 2038 2362 25468 4408 20435 6346 2574 8734 6610 19856 1912 11050 1949 7406 4 4 122 4490 3 0 0 0 0 0 0 0 0 0 0 0 0 0 0 0 0 0 0 0 0 0 0 0 0 0 0 0 0 0 0 0 0 0 0 0 0 0 0 0 0 0 0 0 0 0 0 0 0 0 0 0 0 0 0 0 0 0 0 0 0 0 0 0 0 0 0 0 0 0 0 0 0 0 0 0 0 0 0 0 0 0 0 0
I1103 12:44:39.531798 47767521854528 create_pretraining_data.py:161] input_ids: 2 2346 2397 11212 2899 13266 2637 4 4 4 4423 2585 22275 5333 2085 14363 6073 3 2618 1908 16537 1939 5854 4 3192 1912 2038 2362 25468 4408 20435 6346 2574 8734 6610 19856 1912 11050 1949 7406 4 4 122 4490 3 0 0 0 0 0 0 0 0 0 0 0 0 0 0 0 0 0 0 0 0 0 0 0 0 0 0 0 0 0 0 0 0 0 0 0 0 0 0 0 0 0 0 0 0 0 0 0 0 0 0 0 0 0 0 0 0 0 0 0 0 0 0 0 0 0 0 0 0 0 0 0 0 0 0 0 0 0 0 0 0 0 0 0
INFO:tensorflow:input_mask: 1 1 1 1 1 1 1 1 1 1 1 1 1 1 1 1 1 1 1 1 1 1 1 1 1 1 1 1 1 1 1 1 1 1 1 1 1 1 1 1 1 1 1 1 1 0 0 0 0 0 0 0 0 0 0 0 0 0 0 0 0 0 0 0 0 0 0 0 0 0 0 0 0 0 0 0 0 0 0 0 0 0 0 0 0 0 0 0 0 0 0 0 0 0 0 0 0 0 0 0 0 0 0 0 0 0 0 0 0 0 0 0 0 0 0 0 0 0 0 0 0 0 0 0 0 0 0 0
I1103 12:44:39.532060 47767521854528 create_pretraining_data.py:161] input_mask: 1 1 1 1 1 1 1 1 1 1 1 1 1 1 1 1 1 1 1 1 1 1 1 1 1 1 1 1 1 1 1 1 1 1 1 1 1 1 1 1 1 1 1 1 1 0 0 0 0 0 0 0 0 0 0 0 0 0 0 0 0 0 0 0 0 0 0 0 0 0 0 0 0 0 0 0 0 0 0 0 0 0 0 0 0 0 0 0 0 0 0 0 0 0 0 0 0 0 0 0 0 0 0 0 0 0 0 0 0 0 0 0 0 0 0 0 0 0 0 0 0 0 0 0 0 0 0 0
INFO:tensorflow:segment_ids: 0 0 0 0 0 0 0 0 0 0 0 0 0 0 0 0 0 0 1 1 1 1 1 1 1 1 1 1 1 1 1 1 1 1 1 1 1 1 1 1 1 1 1 1 1 0 0 0 0 0 0 0 0 0 0 0 0 0 0 0 0 0 0 0 0 0 0 0 0 0 0 0 0 0 0 0 0 0 0 0 0 0 0 0 0 0 0 0 0 0 0 0 0 0 0 0 0 0 0 0 0 0 0 0 0 0 0 0 0 0 0 0 0 0 0 0 0 0 0 0 0 0 0 0 0 0 0 0
I1103 12:44:39.532293 47767521854528 create_pretraining_data.py:161] segment_ids: 0 0 0 0 0 0 0 0 0 0 0 0 0 0 0 0 0 0 1 1 1 1 1 1 1 1 1 1 1 1 1 1 1 1 1 1 1 1 1 1 1 1 1 1 1 0 0 0 0 0 0 0 0 0 0 0 0 0 0 0 0 0 0 0 0 0 0 0 0 0 0 0 0 0 0 0 0 0 0 0 0 0 0 0 0 0 0 0 0 0 0 0 0 0 0 0 0 0 0 0 0 0 0 0 0 0 0 0 0 0 0 0 0 0 0 0 0 0 0 0 0 0 0 0 0 0 0 0
INFO:tensorflow:masked_lm_positions: 7 8 9 23 40 41 42 0 0 0 0 0 0 0 0 0 0 0 0 0
I1103 12:44:39.532463 47767521854528 create_pretraining_data.py:161] masked_lm_positions: 7 8 9 23 40 41 42 0 0 0 0 0 0 0 0 0 0 0 0 0
INFO:tensorflow:masked_lm_ids: 12460 2582 6784 9991 6679 4631 4554 0 0 0 0 0 0 0 0 0 0 0 0 0
I1103 12:44:39.532635 47767521854528 create_pretraining_data.py:161] masked_lm_ids: 12460 2582 6784 9991 6679 4631 4554 0 0 0 0 0 0 0 0 0 0 0 0 0
INFO:tensorflow:masked_lm_weights: 1.0 1.0 1.0 1.0 1.0 1.0 1.0 0.0 0.0 0.0 0.0 0.0 0.0 0.0 0.0 0.0 0.0 0.0 0.0 0.0
I1103 12:44:39.532806 47767521854528 create_pretraining_data.py:161] masked_lm_weights: 1.0 1.0 1.0 1.0 1.0 1.0 1.0 0.0 0.0 0.0 0.0 0.0 0.0 0.0 0.0 0.0 0.0 0.0 0.0 0.0
INFO:tensorflow:next_sentence_labels: 1
I1103 12:44:39.532960 47767521854528 create_pretraining_data.py:161] next_sentence_labels: 1
INFO:tensorflow:*** Example ***
I1103 12:44:39.534104 47767521854528 create_pretraining_data.py:149] *** Example ***
INFO:tensorflow:tokens: [CLS] دقيق لرب الل م اني استغفر عدد [MASK] انساني الشي ##طا ذكر عدد م اله ##تني الدني [MASK] الرجوع الي [SEP] بعد تقديم [MASK] لش ##كو ##ي [MASK] لحمايه المستهلك لم يتم رفع سعر السير ##فس مجددا [SEP]
I1103 12:44:39.534339 47767521854528 create_pretraining_data.py:151] tokens: [CLS] دقيق لرب الل م اني استغفر عدد [MASK] انساني الشي ##طا ذكر عدد م اله ##تني الدني [MASK] الرجوع الي [SEP] بعد تقديم [MASK] لش ##كو ##ي [MASK] لحمايه المستهلك لم يتم رفع سعر السير ##فس مجددا [SEP]
INFO:tensorflow:input_ids: 2 17270 11983 5996 412 2694 2870 2548 4 20871 2456 3350 3097 2548 412 2090 5244 27051 4 13344 2002 3 2089 4495 4 3198 2826 1013 4 28580 12344 2043 2952 4391 4584 6780 2094 9683 3 0 0 0 0 0 0 0 0 0 0 0 0 0 0 0 0 0 0 0 0 0 0 0 0 0 0 0 0 0 0 0 0 0 0 0 0 0 0 0 0 0 0 0 0 0 0 0 0 0 0 0 0 0 0 0 0 0 0 0 0 0 0 0 0 0 0 0 0 0 0 0 0 0 0 0 0 0 0 0 0 0 0 0 0 0 0 0 0 0
I1103 12:44:39.534600 47767521854528 create_pretraining_data.py:161] input_ids: 2 17270 11983 5996 412 2694 2870 2548 4 20871 2456 3350 3097 2548 412 2090 5244 27051 4 13344 2002 3 2089 4495 4 3198 2826 1013 4 28580 12344 2043 2952 4391 4584 6780 2094 9683 3 0 0 0 0 0 0 0 0 0 0 0 0 0 0 0 0 0 0 0 0 0 0 0 0 0 0 0 0 0 0 0 0 0 0 0 0 0 0 0 0 0 0 0 0 0 0 0 0 0 0 0 0 0 0 0 0 0 0 0 0 0 0 0 0 0 0 0 0 0 0 0 0 0 0 0 0 0 0 0 0 0 0 0 0 0 0 0 0 0
INFO:tensorflow:input_mask: 1 1 1 1 1 1 1 1 1 1 1 1 1 1 1 1 1 1 1 1 1 1 1 1 1 1 1 1 1 1 1 1 1 1 1 1 1 1 1 0 0 0 0 0 0 0 0 0 0 0 0 0 0 0 0 0 0 0 0 0 0 0 0 0 0 0 0 0 0 0 0 0 0 0 0 0 0 0 0 0 0 0 0 0 0 0 0 0 0 0 0 0 0 0 0 0 0 0 0 0 0 0 0 0 0 0 0 0 0 0 0 0 0 0 0 0 0 0 0 0 0 0 0 0 0 0 0 0
I1103 12:44:39.534871 47767521854528 create_pretraining_data.py:161] input_mask: 1 1 1 1 1 1 1 1 1 1 1 1 1 1 1 1 1 1 1 1 1 1 1 1 1 1 1 1 1 1 1 1 1 1 1 1 1 1 1 0 0 0 0 0 0 0 0 0 0 0 0 0 0 0 0 0 0 0 0 0 0 0 0 0 0 0 0 0 0 0 0 0 0 0 0 0 0 0 0 0 0 0 0 0 0 0 0 0 0 0 0 0 0 0 0 0 0 0 0 0 0 0 0 0 0 0 0 0 0 0 0 0 0 0 0 0 0 0 0 0 0 0 0 0 0 0 0 0
INFO:tensorflow:segment_ids: 0 0 0 0 0 0 0 0 0 0 0 0 0 0 0 0 0 0 0 0 0 0 1 1 1 1 1 1 1 1 1 1 1 1 1 1 1 1 1 0 0 0 0 0 0 0 0 0 0 0 0 0 0 0 0 0 0 0 0 0 0 0 0 0 0 0 0 0 0 0 0 0 0 0 0 0 0 0 0 0 0 0 0 0 0 0 0 0 0 0 0 0 0 0 0 0 0 0 0 0 0 0 0 0 0 0 0 0 0 0 0 0 0 0 0 0 0 0 0 0 0 0 0 0 0 0 0 0
I1103 12:44:39.535104 47767521854528 create_pretraining_data.py:161] segment_ids: 0 0 0 0 0 0 0 0 0 0 0 0 0 0 0 0 0 0 0 0 0 0 1 1 1 1 1 1 1 1 1 1 1 1 1 1 1 1 1 0 0 0 0 0 0 0 0 0 0 0 0 0 0 0 0 0 0 0 0 0 0 0 0 0 0 0 0 0 0 0 0 0 0 0 0 0 0 0 0 0 0 0 0 0 0 0 0 0 0 0 0 0 0 0 0 0 0 0 0 0 0 0 0 0 0 0 0 0 0 0 0 0 0 0 0 0 0 0 0 0 0 0 0 0 0 0 0 0
INFO:tensorflow:masked_lm_positions: 8 14 18 23 24 28 0 0 0 0 0 0 0 0 0 0 0 0 0 0
I1103 12:44:39.535274 47767521854528 create_pretraining_data.py:161] masked_lm_positions: 8 14 18 23 24 28 0 0 0 0 0 0 0 0 0 0 0 0 0 0
INFO:tensorflow:masked_lm_ids: 1972 412 1955 4495 1013 27379 0 0 0 0 0 0 0 0 0 0 0 0 0 0
I1103 12:44:39.535440 47767521854528 create_pretraining_data.py:161] masked_lm_ids: 1972 412 1955 4495 1013 27379 0 0 0 0 0 0 0 0 0 0 0 0 0 0
INFO:tensorflow:masked_lm_weights: 1.0 1.0 1.0 1.0 1.0 1.0 0.0 0.0 0.0 0.0 0.0 0.0 0.0 0.0 0.0 0.0 0.0 0.0 0.0 0.0
I1103 12:44:39.535628 47767521854528 create_pretraining_data.py:161] masked_lm_weights: 1.0 1.0 1.0 1.0 1.0 1.0 0.0 0.0 0.0 0.0 0.0 0.0 0.0 0.0 0.0 0.0 0.0 0.0 0.0 0.0
INFO:tensorflow:next_sentence_labels: 1
I1103 12:44:39.535785 47767521854528 create_pretraining_data.py:161] next_sentence_labels: 1
INFO:tensorflow:*** Example ***
I1103 12:44:39.536633 47767521854528 create_pretraining_data.py:149] *** Example ***
INFO:tensorflow:tokens: [CLS] في السنه شغل عن البدع ##ه كان هشام بن [MASK] [MASK] يقول [MASK] [MASK] [MASK] المبت ##دع ##ه كد احدث ##وا فانه ##م قد [MASK] [MASK] له جواب ##ا ولكن سلو ##هم عن السنن فانه ##م لا [MASK] [MASK] [SEP] رجال العالمي يعملون ويت ##عب ##ون لاجلك ##م وليس عليكم سوي الحضور لي ##ظهر مدرج النصر بجمال ##ه كما عهد ##ناه كونوا علي الموعد [SEP]
I1103 12:44:39.536786 47767521854528 create_pretraining_data.py:151] tokens: [CLS] في السنه شغل عن البدع ##ه كان هشام بن [MASK] [MASK] يقول [MASK] [MASK] [MASK] المبت ##دع ##ه كد احدث ##وا فانه ##م قد [MASK] [MASK] له جواب ##ا ولكن سلو ##هم عن السنن فانه ##م لا [MASK] [MASK] [SEP] رجال العالمي يعملون ويت ##عب ##ون لاجلك ##م وليس عليكم سوي الحضور لي ##ظهر مدرج النصر بجمال ##ه كما عهد ##ناه كونوا علي الموعد [SEP]
INFO:tensorflow:input_ids: 2 1912 4917 11302 1955 28135 1028 2055 8966 2040 4 4 2722 4 4 4 13617 11451 1028 16673 5276 1928 8707 1015 2251 4 4 2154 13122 1007 2637 10420 1949 1955 28119 8707 1015 1963 4 4 3 4077 3611 13371 3398 2123 1922 21737 1015 3607 4229 4871 9247 2134 3250 23493 3059 17345 1028 2306 6398 3215 15207 1958 14575 3 0 0 0 0 0 0 0 0 0 0 0 0 0 0 0 0 0 0 0 0 0 0 0 0 0 0 0 0 0 0 0 0 0 0 0 0 0 0 0 0 0 0 0 0 0 0 0 0 0 0 0 0 0 0 0 0 0 0 0 0 0 0
I1103 12:44:39.536939 47767521854528 create_pretraining_data.py:161] input_ids: 2 1912 4917 11302 1955 28135 1028 2055 8966 2040 4 4 2722 4 4 4 13617 11451 1028 16673 5276 1928 8707 1015 2251 4 4 2154 13122 1007 2637 10420 1949 1955 28119 8707 1015 1963 4 4 3 4077 3611 13371 3398 2123 1922 21737 1015 3607 4229 4871 9247 2134 3250 23493 3059 17345 1028 2306 6398 3215 15207 1958 14575 3 0 0 0 0 0 0 0 0 0 0 0 0 0 0 0 0 0 0 0 0 0 0 0 0 0 0 0 0 0 0 0 0 0 0 0 0 0 0 0 0 0 0 0 0 0 0 0 0 0 0 0 0 0 0 0 0 0 0 0 0 0 0
INFO:tensorflow:input_mask: 1 1 1 1 1 1 1 1 1 1 1 1 1 1 1 1 1 1 1 1 1 1 1 1 1 1 1 1 1 1 1 1 1 1 1 1 1 1 1 1 1 1 1 1 1 1 1 1 1 1 1 1 1 1 1 1 1 1 1 1 1 1 1 1 1 1 0 0 0 0 0 0 0 0 0 0 0 0 0 0 0 0 0 0 0 0 0 0 0 0 0 0 0 0 0 0 0 0 0 0 0 0 0 0 0 0 0 0 0 0 0 0 0 0 0 0 0 0 0 0 0 0 0 0 0 0 0 0
I1103 12:44:39.537086 47767521854528 create_pretraining_data.py:161] input_mask: 1 1 1 1 1 1 1 1 1 1 1 1 1 1 1 1 1 1 1 1 1 1 1 1 1 1 1 1 1 1 1 1 1 1 1 1 1 1 1 1 1 1 1 1 1 1 1 1 1 1 1 1 1 1 1 1 1 1 1 1 1 1 1 1 1 1 0 0 0 0 0 0 0 0 0 0 0 0 0 0 0 0 0 0 0 0 0 0 0 0 0 0 0 0 0 0 0 0 0 0 0 0 0 0 0 0 0 0 0 0 0 0 0 0 0 0 0 0 0 0 0 0 0 0 0 0 0 0
INFO:tensorflow:segment_ids: 0 0 0 0 0 0 0 0 0 0 0 0 0 0 0 0 0 0 0 0 0 0 0 0 0 0 0 0 0 0 0 0 0 0 0 0 0 0 0 0 0 1 1 1 1 1 1 1 1 1 1 1 1 1 1 1 1 1 1 1 1 1 1 1 1 1 0 0 0 0 0 0 0 0 0 0 0 0 0 0 0 0 0 0 0 0 0 0 0 0 0 0 0 0 0 0 0 0 0 0 0 0 0 0 0 0 0 0 0 0 0 0 0 0 0 0 0 0 0 0 0 0 0 0 0 0 0 0
I1103 12:44:39.537219 47767521854528 create_pretraining_data.py:161] segment_ids: 0 0 0 0 0 0 0 0 0 0 0 0 0 0 0 0 0 0 0 0 0 0 0 0 0 0 0 0 0 0 0 0 0 0 0 0 0 0 0 0 0 1 1 1 1 1 1 1 1 1 1 1 1 1 1 1 1 1 1 1 1 1 1 1 1 1 0 0 0 0 0 0 0 0 0 0 0 0 0 0 0 0 0 0 0 0 0 0 0 0 0 0 0 0 0 0 0 0 0 0 0 0 0 0 0 0 0 0 0 0 0 0 0 0 0 0 0 0 0 0 0 0 0 0 0 0 0 0
INFO:tensorflow:masked_lm_positions: 10 11 13 14 15 19 25 26 38 39 0 0 0 0 0 0 0 0 0 0
I1103 12:44:39.537318 47767521854528 create_pretraining_data.py:161] masked_lm_positions: 10 11 13 14 15 19 25 26 38 39 0 0 0 0 0 0 0 0 0 0
INFO:tensorflow:masked_lm_ids: 13317 1028 20618 18058 1949 5606 4583 1928 12752 1913 0 0 0 0 0 0 0 0 0 0
I1103 12:44:39.537411 47767521854528 create_pretraining_data.py:161] masked_lm_ids: 13317 1028 20618 18058 1949 5606 4583 1928 12752 1913 0 0 0 0 0 0 0 0 0 0
INFO:tensorflow:masked_lm_weights: 1.0 1.0 1.0 1.0 1.0 1.0 1.0 1.0 1.0 1.0 0.0 0.0 0.0 0.0 0.0 0.0 0.0 0.0 0.0 0.0
I1103 12:44:39.537509 47767521854528 create_pretraining_data.py:161] masked_lm_weights: 1.0 1.0 1.0 1.0 1.0 1.0 1.0 1.0 1.0 1.0 0.0 0.0 0.0 0.0 0.0 0.0 0.0 0.0 0.0 0.0
INFO:tensorflow:next_sentence_labels: 1
I1103 12:44:39.537597 47767521854528 create_pretraining_data.py:161] next_sentence_labels: 1
INFO:tensorflow:*** Example ***
I1103 12:44:39.538254 47767521854528 create_pretraining_data.py:149] *** Example ***
INFO:tensorflow:tokens: [CLS] [MASK] [MASK] يجمع ##ون بين الاحسان والخوف [MASK] جمع ##نا بين الاس ##اءه والرج ##اء الشيخ صالح الفوزان [SEP] [MASK] ##ip [MASK] العم مشاري بن عبدالله البر ##غش بفوزه عضو في المجلس البلدي وح ##صول ##ه علي المركز الاول في [MASK] البلديه [SEP]
I1103 12:44:39.538391 47767521854528 create_pretraining_data.py:151] tokens: [CLS] [MASK] [MASK] يجمع ##ون بين الاحسان والخوف [MASK] جمع ##نا بين الاس ##اءه والرج ##اء الشيخ صالح الفوزان [SEP] [MASK] ##ip [MASK] العم مشاري بن عبدالله البر ##غش بفوزه عضو في المجلس البلدي وح ##صول ##ه علي المركز الاول في [MASK] البلديه [SEP]
INFO:tensorflow:input_ids: 2 4 4 7713 1922 2117 25506 22784 4 3341 1914 2117 2295 9698 20706 1954 2702 3774 21755 3 4 11164 4 2845 17818 2040 3299 3162 18519 27973 4866 1912 3654 10660 2270 2658 1028 1958 3808 3307 1912 4 13379 3 0 0 0 0 0 0 0 0 0 0 0 0 0 0 0 0 0 0 0 0 0 0 0 0 0 0 0 0 0 0 0 0 0 0 0 0 0 0 0 0 0 0 0 0 0 0 0 0 0 0 0 0 0 0 0 0 0 0 0 0 0 0 0 0 0 0 0 0 0 0 0 0 0 0 0 0 0 0 0 0 0 0 0 0
I1103 12:44:39.538537 47767521854528 create_pretraining_data.py:161] input_ids: 2 4 4 7713 1922 2117 25506 22784 4 3341 1914 2117 2295 9698 20706 1954 2702 3774 21755 3 4 11164 4 2845 17818 2040 3299 3162 18519 27973 4866 1912 3654 10660 2270 2658 1028 1958 3808 3307 1912 4 13379 3 0 0 0 0 0 0 0 0 0 0 0 0 0 0 0 0 0 0 0 0 0 0 0 0 0 0 0 0 0 0 0 0 0 0 0 0 0 0 0 0 0 0 0 0 0 0 0 0 0 0 0 0 0 0 0 0 0 0 0 0 0 0 0 0 0 0 0 0 0 0 0 0 0 0 0 0 0 0 0 0 0 0 0 0
INFO:tensorflow:input_mask: 1 1 1 1 1 1 1 1 1 1 1 1 1 1 1 1 1 1 1 1 1 1 1 1 1 1 1 1 1 1 1 1 1 1 1 1 1 1 1 1 1 1 1 1 0 0 0 0 0 0 0 0 0 0 0 0 0 0 0 0 0 0 0 0 0 0 0 0 0 0 0 0 0 0 0 0 0 0 0 0 0 0 0 0 0 0 0 0 0 0 0 0 0 0 0 0 0 0 0 0 0 0 0 0 0 0 0 0 0 0 0 0 0 0 0 0 0 0 0 0 0 0 0 0 0 0 0 0
I1103 12:44:39.538691 47767521854528 create_pretraining_data.py:161] input_mask: 1 1 1 1 1 1 1 1 1 1 1 1 1 1 1 1 1 1 1 1 1 1 1 1 1 1 1 1 1 1 1 1 1 1 1 1 1 1 1 1 1 1 1 1 0 0 0 0 0 0 0 0 0 0 0 0 0 0 0 0 0 0 0 0 0 0 0 0 0 0 0 0 0 0 0 0 0 0 0 0 0 0 0 0 0 0 0 0 0 0 0 0 0 0 0 0 0 0 0 0 0 0 0 0 0 0 0 0 0 0 0 0 0 0 0 0 0 0 0 0 0 0 0 0 0 0 0 0
INFO:tensorflow:segment_ids: 0 0 0 0 0 0 0 0 0 0 0 0 0 0 0 0 0 0 0 0 1 1 1 1 1 1 1 1 1 1 1 1 1 1 1 1 1 1 1 1 1 1 1 1 0 0 0 0 0 0 0 0 0 0 0 0 0 0 0 0 0 0 0 0 0 0 0 0 0 0 0 0 0 0 0 0 0 0 0 0 0 0 0 0 0 0 0 0 0 0 0 0 0 0 0 0 0 0 0 0 0 0 0 0 0 0 0 0 0 0 0 0 0 0 0 0 0 0 0 0 0 0 0 0 0 0 0 0
I1103 12:44:39.538822 47767521854528 create_pretraining_data.py:161] segment_ids: 0 0 0 0 0 0 0 0 0 0 0 0 0 0 0 0 0 0 0 0 1 1 1 1 1 1 1 1 1 1 1 1 1 1 1 1 1 1 1 1 1 1 1 1 0 0 0 0 0 0 0 0 0 0 0 0 0 0 0 0 0 0 0 0 0 0 0 0 0 0 0 0 0 0 0 0 0 0 0 0 0 0 0 0 0 0 0 0 0 0 0 0 0 0 0 0 0 0 0 0 0 0 0 0 0 0 0 0 0 0 0 0 0 0 0 0 0 0 0 0 0 0 0 0 0 0 0 0
INFO:tensorflow:masked_lm_positions: 1 2 8 20 21 22 41 0 0 0 0 0 0 0 0 0 0 0 0 0
I1103 12:44:39.538919 47767521854528 create_pretraining_data.py:161] masked_lm_positions: 1 2 8 20 21 22 41 0 0 0 0 0 0 0 0 0 0 0 0 0
INFO:tensorflow:masked_lm_ids: 2055 7692 4882 11408 1985 12812 4668 0 0 0 0 0 0 0 0 0 0 0 0 0
I1103 12:44:39.539012 47767521854528 create_pretraining_data.py:161] masked_lm_ids: 2055 7692 4882 11408 1985 12812 4668 0 0 0 0 0 0 0 0 0 0 0 0 0
INFO:tensorflow:masked_lm_weights: 1.0 1.0 1.0 1.0 1.0 1.0 1.0 0.0 0.0 0.0 0.0 0.0 0.0 0.0 0.0 0.0 0.0 0.0 0.0 0.0
I1103 12:44:39.539108 47767521854528 create_pretraining_data.py:161] masked_lm_weights: 1.0 1.0 1.0 1.0 1.0 1.0 1.0 0.0 0.0 0.0 0.0 0.0 0.0 0.0 0.0 0.0 0.0 0.0 0.0 0.0
INFO:tensorflow:next_sentence_labels: 1
I1103 12:44:39.539196 47767521854528 create_pretraining_data.py:161] next_sentence_labels: 1
INFO:tensorflow:*** Example ***
I1103 12:44:39.539833 47767521854528 create_pretraining_data.py:149] *** Example ***
INFO:tensorflow:tokens: [CLS] هل تستطيع رؤيه النجوم الا في ظلمه الليل كذلك الصدا ##قات الحقيقيه تظهر في [MASK] المصيبه فتن ##ير [MASK] [SEP] افضل الحر ##اس بالك ##ارير مود دعمكم بالر ##تويت مفض ##له [MASK] [MASK] [MASK] [SEP]
I1103 12:44:39.539970 47767521854528 create_pretraining_data.py:151] tokens: [CLS] هل تستطيع رؤيه النجوم الا في ظلمه الليل كذلك الصدا ##قات الحقيقيه تظهر في [MASK] المصيبه فتن ##ير [MASK] [SEP] افضل الحر ##اس بالك ##ارير مود دعمكم بالر ##تويت مفض ##له [MASK] [MASK] [MASK] [SEP]
INFO:tensorflow:input_ids: 2 2827 5637 19283 8206 1915 1912 24999 3792 4533 9697 2303 16844 7010 1912 4 28843 20154 1916 4 3 2931 3220 2233 3906 5271 14426 23594 5960 2723 12140 1917 4 4 4 3 0 0 0 0 0 0 0 0 0 0 0 0 0 0 0 0 0 0 0 0 0 0 0 0 0 0 0 0 0 0 0 0 0 0 0 0 0 0 0 0 0 0 0 0 0 0 0 0 0 0 0 0 0 0 0 0 0 0 0 0 0 0 0 0 0 0 0 0 0 0 0 0 0 0 0 0 0 0 0 0 0 0 0 0 0 0 0 0 0 0 0 0
I1103 12:44:39.540114 47767521854528 create_pretraining_data.py:161] input_ids: 2 2827 5637 19283 8206 1915 1912 24999 3792 4533 9697 2303 16844 7010 1912 4 28843 20154 1916 4 3 2931 3220 2233 3906 5271 14426 23594 5960 2723 12140 1917 4 4 4 3 0 0 0 0 0 0 0 0 0 0 0 0 0 0 0 0 0 0 0 0 0 0 0 0 0 0 0 0 0 0 0 0 0 0 0 0 0 0 0 0 0 0 0 0 0 0 0 0 0 0 0 0 0 0 0 0 0 0 0 0 0 0 0 0 0 0 0 0 0 0 0 0 0 0 0 0 0 0 0 0 0 0 0 0 0 0 0 0 0 0 0 0
INFO:tensorflow:input_mask: 1 1 1 1 1 1 1 1 1 1 1 1 1 1 1 1 1 1 1 1 1 1 1 1 1 1 1 1 1 1 1 1 1 1 1 1 0 0 0 0 0 0 0 0 0 0 0 0 0 0 0 0 0 0 0 0 0 0 0 0 0 0 0 0 0 0 0 0 0 0 0 0 0 0 0 0 0 0 0 0 0 0 0 0 0 0 0 0 0 0 0 0 0 0 0 0 0 0 0 0 0 0 0 0 0 0 0 0 0 0 0 0 0 0 0 0 0 0 0 0 0 0 0 0 0 0 0 0
I1103 12:44:39.540246 47767521854528 create_pretraining_data.py:161] input_mask: 1 1 1 1 1 1 1 1 1 1 1 1 1 1 1 1 1 1 1 1 1 1 1 1 1 1 1 1 1 1 1 1 1 1 1 1 0 0 0 0 0 0 0 0 0 0 0 0 0 0 0 0 0 0 0 0 0 0 0 0 0 0 0 0 0 0 0 0 0 0 0 0 0 0 0 0 0 0 0 0 0 0 0 0 0 0 0 0 0 0 0 0 0 0 0 0 0 0 0 0 0 0 0 0 0 0 0 0 0 0 0 0 0 0 0 0 0 0 0 0 0 0 0 0 0 0 0 0
INFO:tensorflow:segment_ids: 0 0 0 0 0 0 0 0 0 0 0 0 0 0 0 0 0 0 0 0 0 1 1 1 1 1 1 1 1 1 1 1 1 1 1 1 0 0 0 0 0 0 0 0 0 0 0 0 0 0 0 0 0 0 0 0 0 0 0 0 0 0 0 0 0 0 0 0 0 0 0 0 0 0 0 0 0 0 0 0 0 0 0 0 0 0 0 0 0 0 0 0 0 0 0 0 0 0 0 0 0 0 0 0 0 0 0 0 0 0 0 0 0 0 0 0 0 0 0 0 0 0 0 0 0 0 0 0
I1103 12:44:39.540387 47767521854528 create_pretraining_data.py:161] segment_ids: 0 0 0 0 0 0 0 0 0 0 0 0 0 0 0 0 0 0 0 0 0 1 1 1 1 1 1 1 1 1 1 1 1 1 1 1 0 0 0 0 0 0 0 0 0 0 0 0 0 0 0 0 0 0 0 0 0 0 0 0 0 0 0 0 0 0 0 0 0 0 0 0 0 0 0 0 0 0 0 0 0 0 0 0 0 0 0 0 0 0 0 0 0 0 0 0 0 0 0 0 0 0 0 0 0 0 0 0 0 0 0 0 0 0 0 0 0 0 0 0 0 0 0 0 0 0 0 0
INFO:tensorflow:masked_lm_positions: 15 19 32 33 34 0 0 0 0 0 0 0 0 0 0 0 0 0 0 0
I1103 12:44:39.540484 47767521854528 create_pretraining_data.py:161] masked_lm_positions: 15 19 32 33 34 0 0 0 0 0 0 0 0 0 0 0 0 0 0 0
INFO:tensorflow:masked_lm_ids: 24073 2278 5171 4258 14754 0 0 0 0 0 0 0 0 0 0 0 0 0 0 0
I1103 12:44:39.540577 47767521854528 create_pretraining_data.py:161] masked_lm_ids: 24073 2278 5171 4258 14754 0 0 0 0 0 0 0 0 0 0 0 0 0 0 0
INFO:tensorflow:masked_lm_weights: 1.0 1.0 1.0 1.0 1.0 0.0 0.0 0.0 0.0 0.0 0.0 0.0 0.0 0.0 0.0 0.0 0.0 0.0 0.0 0.0
I1103 12:44:39.540680 47767521854528 create_pretraining_data.py:161] masked_lm_weights: 1.0 1.0 1.0 1.0 1.0 0.0 0.0 0.0 0.0 0.0 0.0 0.0 0.0 0.0 0.0 0.0 0.0 0.0 0.0 0.0
INFO:tensorflow:next_sentence_labels: 1
I1103 12:44:39.540767 47767521854528 create_pretraining_data.py:161] next_sentence_labels: 1
INFO:tensorflow:*** Example ***
I1103 12:44:39.541397 47767521854528 create_pretraining_data.py:149] *** Example ***
INFO:tensorflow:tokens: [CLS] مشكله ثابت ##ه الشعور الي ما ##ودك تحس [MASK] غالبا [MASK] [MASK] [MASK] بكل [MASK] [SEP] كما ##في الاتفاق النووي كانت واشنطن تفا ##وض وتقدم تنازل ##ات وتص ##ريح بع ##كس ذلك حتي ابر ##م الاتفاق العرب [MASK] يدرك ##وا ان واشنطن [MASK] [MASK] بشيء ول ##لع ##الم بشيء [SEP]
I1103 12:44:39.541537 47767521854528 create_pretraining_data.py:151] tokens: [CLS] مشكله ثابت ##ه الشعور الي ما ##ودك تحس [MASK] غالبا [MASK] [MASK] [MASK] بكل [MASK] [SEP] كما ##في الاتفاق النووي كانت واشنطن تفا ##وض وتقدم تنازل ##ات وتص ##ريح بع ##كس ذلك حتي ابر ##م الاتفاق العرب [MASK] يدرك ##وا ان واشنطن [MASK] [MASK] بشيء ول ##لع ##الم بشيء [SEP]
INFO:tensorflow:input_ids: 2 9215 7799 1028 7554 2002 1972 15628 7183 4 8324 4 4 4 3268 4 3 2306 2007 5630 9137 2431 6141 6980 2175 13529 24573 1904 5580 3791 2704 2261 2271 2627 17068 1015 5630 3157 4 10282 1928 1939 6141 4 4 10302 3945 1920 2100 10302 3 0 0 0 0 0 0 0 0 0 0 0 0 0 0 0 0 0 0 0 0 0 0 0 0 0 0 0 0 0 0 0 0 0 0 0 0 0 0 0 0 0 0 0 0 0 0 0 0 0 0 0 0 0 0 0 0 0 0 0 0 0 0 0 0 0 0 0 0 0 0 0 0 0 0 0 0 0
I1103 12:44:39.541691 47767521854528 create_pretraining_data.py:161] input_ids: 2 9215 7799 1028 7554 2002 1972 15628 7183 4 8324 4 4 4 3268 4 3 2306 2007 5630 9137 2431 6141 6980 2175 13529 24573 1904 5580 3791 2704 2261 2271 2627 17068 1015 5630 3157 4 10282 1928 1939 6141 4 4 10302 3945 1920 2100 10302 3 0 0 0 0 0 0 0 0 0 0 0 0 0 0 0 0 0 0 0 0 0 0 0 0 0 0 0 0 0 0 0 0 0 0 0 0 0 0 0 0 0 0 0 0 0 0 0 0 0 0 0 0 0 0 0 0 0 0 0 0 0 0 0 0 0 0 0 0 0 0 0 0 0 0 0 0 0
INFO:tensorflow:input_mask: 1 1 1 1 1 1 1 1 1 1 1 1 1 1 1 1 1 1 1 1 1 1 1 1 1 1 1 1 1 1 1 1 1 1 1 1 1 1 1 1 1 1 1 1 1 1 1 1 1 1 1 0 0 0 0 0 0 0 0 0 0 0 0 0 0 0 0 0 0 0 0 0 0 0 0 0 0 0 0 0 0 0 0 0 0 0 0 0 0 0 0 0 0 0 0 0 0 0 0 0 0 0 0 0 0 0 0 0 0 0 0 0 0 0 0 0 0 0 0 0 0 0 0 0 0 0 0 0
I1103 12:44:39.541824 47767521854528 create_pretraining_data.py:161] input_mask: 1 1 1 1 1 1 1 1 1 1 1 1 1 1 1 1 1 1 1 1 1 1 1 1 1 1 1 1 1 1 1 1 1 1 1 1 1 1 1 1 1 1 1 1 1 1 1 1 1 1 1 0 0 0 0 0 0 0 0 0 0 0 0 0 0 0 0 0 0 0 0 0 0 0 0 0 0 0 0 0 0 0 0 0 0 0 0 0 0 0 0 0 0 0 0 0 0 0 0 0 0 0 0 0 0 0 0 0 0 0 0 0 0 0 0 0 0 0 0 0 0 0 0 0 0 0 0 0
INFO:tensorflow:segment_ids: 0 0 0 0 0 0 0 0 0 0 0 0 0 0 0 0 0 1 1 1 1 1 1 1 1 1 1 1 1 1 1 1 1 1 1 1 1 1 1 1 1 1 1 1 1 1 1 1 1 1 1 0 0 0 0 0 0 0 0 0 0 0 0 0 0 0 0 0 0 0 0 0 0 0 0 0 0 0 0 0 0 0 0 0 0 0 0 0 0 0 0 0 0 0 0 0 0 0 0 0 0 0 0 0 0 0 0 0 0 0 0 0 0 0 0 0 0 0 0 0 0 0 0 0 0 0 0 0
I1103 12:44:39.541967 47767521854528 create_pretraining_data.py:161] segment_ids: 0 0 0 0 0 0 0 0 0 0 0 0 0 0 0 0 0 1 1 1 1 1 1 1 1 1 1 1 1 1 1 1 1 1 1 1 1 1 1 1 1 1 1 1 1 1 1 1 1 1 1 0 0 0 0 0 0 0 0 0 0 0 0 0 0 0 0 0 0 0 0 0 0 0 0 0 0 0 0 0 0 0 0 0 0 0 0 0 0 0 0 0 0 0 0 0 0 0 0 0 0 0 0 0 0 0 0 0 0 0 0 0 0 0 0 0 0 0 0 0 0 0 0 0 0 0 0 0
INFO:tensorflow:masked_lm_positions: 9 11 12 13 15 38 43 44 0 0 0 0 0 0 0 0 0 0 0 0
I1103 12:44:39.542063 47767521854528 create_pretraining_data.py:161] masked_lm_positions: 9 11 12 13 15 38 43 44 0 0 0 0 0 0 0 0 0 0 0 0
INFO:tensorflow:masked_lm_ids: 2366 6689 2741 1014 2758 2043 10127 2899 0 0 0 0 0 0 0 0 0 0 0 0
I1103 12:44:39.542157 47767521854528 create_pretraining_data.py:161] masked_lm_ids: 2366 6689 2741 1014 2758 2043 10127 2899 0 0 0 0 0 0 0 0 0 0 0 0
INFO:tensorflow:masked_lm_weights: 1.0 1.0 1.0 1.0 1.0 1.0 1.0 1.0 0.0 0.0 0.0 0.0 0.0 0.0 0.0 0.0 0.0 0.0 0.0 0.0
I1103 12:44:39.542253 47767521854528 create_pretraining_data.py:161] masked_lm_weights: 1.0 1.0 1.0 1.0 1.0 1.0 1.0 1.0 0.0 0.0 0.0 0.0 0.0 0.0 0.0 0.0 0.0 0.0 0.0 0.0
INFO:tensorflow:next_sentence_labels: 1
I1103 12:44:39.542339 47767521854528 create_pretraining_data.py:161] next_sentence_labels: 1
INFO:tensorflow:*** Example ***
I1103 12:44:39.542961 47767521854528 create_pretraining_data.py:149] *** Example ***
INFO:tensorflow:tokens: [CLS] ويقول الشيخ ابن عثيمين رحمه الله كم من [MASK] صدر وبس ##اط ##ه وجه ولين جانب ادخل ##ت في دين الله [MASK] [MASK] [MASK] من الناس [SEP] اد ##رت ظهر ##ي الي الريح وانا الان لا اري شيئا الا ان لس تنس ##اب من [MASK] [MASK] [SEP]
I1103 12:44:39.543103 47767521854528 create_pretraining_data.py:151] tokens: [CLS] ويقول الشيخ ابن عثيمين رحمه الله كم من [MASK] صدر وبس ##اط ##ه وجه ولين جانب ادخل ##ت في دين الله [MASK] [MASK] [MASK] من الناس [SEP] اد ##رت ظهر ##ي الي الريح وانا الان لا اري شيئا الا ان لس تنس ##اب من [MASK] [MASK] [SEP]
INFO:tensorflow:input_ids: 2 6272 2702 2549 18339 3849 1953 2995 1908 4 4628 11315 2423 1028 2879 23609 4282 10571 1005 1912 3365 1953 4 4 4 1908 2397 3 2485 2148 4512 1013 2002 14361 3257 2311 1963 7781 4174 1915 1939 2968 6548 1933 1908 4 4 3 0 0 0 0 0 0 0 0 0 0 0 0 0 0 0 0 0 0 0 0 0 0 0 0 0 0 0 0 0 0 0 0 0 0 0 0 0 0 0 0 0 0 0 0 0 0 0 0 0 0 0 0 0 0 0 0 0 0 0 0 0 0 0 0 0 0 0 0 0 0 0 0 0 0 0 0 0 0 0 0
I1103 12:44:39.543253 47767521854528 create_pretraining_data.py:161] input_ids: 2 6272 2702 2549 18339 3849 1953 2995 1908 4 4628 11315 2423 1028 2879 23609 4282 10571 1005 1912 3365 1953 4 4 4 1908 2397 3 2485 2148 4512 1013 2002 14361 3257 2311 1963 7781 4174 1915 1939 2968 6548 1933 1908 4 4 3 0 0 0 0 0 0 0 0 0 0 0 0 0 0 0 0 0 0 0 0 0 0 0 0 0 0 0 0 0 0 0 0 0 0 0 0 0 0 0 0 0 0 0 0 0 0 0 0 0 0 0 0 0 0 0 0 0 0 0 0 0 0 0 0 0 0 0 0 0 0 0 0 0 0 0 0 0 0 0 0
INFO:tensorflow:input_mask: 1 1 1 1 1 1 1 1 1 1 1 1 1 1 1 1 1 1 1 1 1 1 1 1 1 1 1 1 1 1 1 1 1 1 1 1 1 1 1 1 1 1 1 1 1 1 1 1 0 0 0 0 0 0 0 0 0 0 0 0 0 0 0 0 0 0 0 0 0 0 0 0 0 0 0 0 0 0 0 0 0 0 0 0 0 0 0 0 0 0 0 0 0 0 0 0 0 0 0 0 0 0 0 0 0 0 0 0 0 0 0 0 0 0 0 0 0 0 0 0 0 0 0 0 0 0 0 0
I1103 12:44:39.543388 47767521854528 create_pretraining_data.py:161] input_mask: 1 1 1 1 1 1 1 1 1 1 1 1 1 1 1 1 1 1 1 1 1 1 1 1 1 1 1 1 1 1 1 1 1 1 1 1 1 1 1 1 1 1 1 1 1 1 1 1 0 0 0 0 0 0 0 0 0 0 0 0 0 0 0 0 0 0 0 0 0 0 0 0 0 0 0 0 0 0 0 0 0 0 0 0 0 0 0 0 0 0 0 0 0 0 0 0 0 0 0 0 0 0 0 0 0 0 0 0 0 0 0 0 0 0 0 0 0 0 0 0 0 0 0 0 0 0 0 0
INFO:tensorflow:segment_ids: 0 0 0 0 0 0 0 0 0 0 0 0 0 0 0 0 0 0 0 0 0 0 0 0 0 0 0 0 1 1 1 1 1 1 1 1 1 1 1 1 1 1 1 1 1 1 1 1 0 0 0 0 0 0 0 0 0 0 0 0 0 0 0 0 0 0 0 0 0 0 0 0 0 0 0 0 0 0 0 0 0 0 0 0 0 0 0 0 0 0 0 0 0 0 0 0 0 0 0 0 0 0 0 0 0 0 0 0 0 0 0 0 0 0 0 0 0 0 0 0 0 0 0 0 0 0 0 0
I1103 12:44:39.543537 47767521854528 create_pretraining_data.py:161] segment_ids: 0 0 0 0 0 0 0 0 0 0 0 0 0 0 0 0 0 0 0 0 0 0 0 0 0 0 0 0 1 1 1 1 1 1 1 1 1 1 1 1 1 1 1 1 1 1 1 1 0 0 0 0 0 0 0 0 0 0 0 0 0 0 0 0 0 0 0 0 0 0 0 0 0 0 0 0 0 0 0 0 0 0 0 0 0 0 0 0 0 0 0 0 0 0 0 0 0 0 0 0 0 0 0 0 0 0 0 0 0 0 0 0 0 0 0 0 0 0 0 0 0 0 0 0 0 0 0 0
INFO:tensorflow:masked_lm_positions: 9 22 23 24 41 45 46 0 0 0 0 0 0 0 0 0 0 0 0 0
I1103 12:44:39.543645 47767521854528 create_pretraining_data.py:161] masked_lm_positions: 9 22 23 24 41 45 46 0 0 0 0 0 0 0 0 0 0 0 0 0
INFO:tensorflow:masked_lm_ids: 24539 2668 3213 1007 7245 17492 1013 0 0 0 0 0 0 0 0 0 0 0 0 0
I1103 12:44:39.543740 47767521854528 create_pretraining_data.py:161] masked_lm_ids: 24539 2668 3213 1007 7245 17492 1013 0 0 0 0 0 0 0 0 0 0 0 0 0
INFO:tensorflow:masked_lm_weights: 1.0 1.0 1.0 1.0 1.0 1.0 1.0 0.0 0.0 0.0 0.0 0.0 0.0 0.0 0.0 0.0 0.0 0.0 0.0 0.0
I1103 12:44:39.543836 47767521854528 create_pretraining_data.py:161] masked_lm_weights: 1.0 1.0 1.0 1.0 1.0 1.0 1.0 0.0 0.0 0.0 0.0 0.0 0.0 0.0 0.0 0.0 0.0 0.0 0.0 0.0
INFO:tensorflow:next_sentence_labels: 1
I1103 12:44:39.543922 47767521854528 create_pretraining_data.py:161] next_sentence_labels: 1
INFO:tensorflow:*** Example ***
I1103 12:44:39.544547 47767521854528 create_pretraining_data.py:149] *** Example ***
INFO:tensorflow:tokens: [CLS] ههه [SEP] في الفلا ##تر ##الع ##اديه ##يل ##زم مراحل تن ##قيه [MASK] نان ##وتك ##نو ##لوج ##ي [MASK] [MASK] يح ##وي انا ##بيب [MASK] [MASK] جز ##ئ فض ##هم ##رحل ##ه واحده ##تح ##قق الكفا ##ء ##هب ##دون سلبي ##ات [SEP]
I1103 12:44:39.544690 47767521854528 create_pretraining_data.py:151] tokens: [CLS] ههه [SEP] في الفلا ##تر ##الع ##اديه ##يل ##زم مراحل تن ##قيه [MASK] نان ##وتك ##نو ##لوج ##ي [MASK] [MASK] يح ##وي انا ##بيب [MASK] [MASK] جز ##ئ فض ##هم ##رحل ##ه واحده ##تح ##قق الكفا ##ء ##هب ##دون سلبي ##ات [SEP]
INFO:tensorflow:input_ids: 2 3495 3 1912 8259 2582 7974 11658 2027 2741 10221 2245 7911 4 19846 6779 11993 11651 1013 4 4 2410 1971 2315 2895 4 4 3205 1042 3361 1949 7754 1028 5861 2133 3295 27610 1053 3201 6024 25588 1904 3 0 0 0 0 0 0 0 0 0 0 0 0 0 0 0 0 0 0 0 0 0 0 0 0 0 0 0 0 0 0 0 0 0 0 0 0 0 0 0 0 0 0 0 0 0 0 0 0 0 0 0 0 0 0 0 0 0 0 0 0 0 0 0 0 0 0 0 0 0 0 0 0 0 0 0 0 0 0 0 0 0 0 0 0 0
I1103 12:44:39.544839 47767521854528 create_pretraining_data.py:161] input_ids: 2 3495 3 1912 8259 2582 7974 11658 2027 2741 10221 2245 7911 4 19846 6779 11993 11651 1013 4 4 2410 1971 2315 2895 4 4 3205 1042 3361 1949 7754 1028 5861 2133 3295 27610 1053 3201 6024 25588 1904 3 0 0 0 0 0 0 0 0 0 0 0 0 0 0 0 0 0 0 0 0 0 0 0 0 0 0 0 0 0 0 0 0 0 0 0 0 0 0 0 0 0 0 0 0 0 0 0 0 0 0 0 0 0 0 0 0 0 0 0 0 0 0 0 0 0 0 0 0 0 0 0 0 0 0 0 0 0 0 0 0 0 0 0 0 0
INFO:tensorflow:input_mask: 1 1 1 1 1 1 1 1 1 1 1 1 1 1 1 1 1 1 1 1 1 1 1 1 1 1 1 1 1 1 1 1 1 1 1 1 1 1 1 1 1 1 1 0 0 0 0 0 0 0 0 0 0 0 0 0 0 0 0 0 0 0 0 0 0 0 0 0 0 0 0 0 0 0 0 0 0 0 0 0 0 0 0 0 0 0 0 0 0 0 0 0 0 0 0 0 0 0 0 0 0 0 0 0 0 0 0 0 0 0 0 0 0 0 0 0 0 0 0 0 0 0 0 0 0 0 0 0
I1103 12:44:39.544975 47767521854528 create_pretraining_data.py:161] input_mask: 1 1 1 1 1 1 1 1 1 1 1 1 1 1 1 1 1 1 1 1 1 1 1 1 1 1 1 1 1 1 1 1 1 1 1 1 1 1 1 1 1 1 1 0 0 0 0 0 0 0 0 0 0 0 0 0 0 0 0 0 0 0 0 0 0 0 0 0 0 0 0 0 0 0 0 0 0 0 0 0 0 0 0 0 0 0 0 0 0 0 0 0 0 0 0 0 0 0 0 0 0 0 0 0 0 0 0 0 0 0 0 0 0 0 0 0 0 0 0 0 0 0 0 0 0 0 0 0
INFO:tensorflow:segment_ids: 0 0 0 1 1 1 1 1 1 1 1 1 1 1 1 1 1 1 1 1 1 1 1 1 1 1 1 1 1 1 1 1 1 1 1 1 1 1 1 1 1 1 1 0 0 0 0 0 0 0 0 0 0 0 0 0 0 0 0 0 0 0 0 0 0 0 0 0 0 0 0 0 0 0 0 0 0 0 0 0 0 0 0 0 0 0 0 0 0 0 0 0 0 0 0 0 0 0 0 0 0 0 0 0 0 0 0 0 0 0 0 0 0 0 0 0 0 0 0 0 0 0 0 0 0 0 0 0
I1103 12:44:39.545102 47767521854528 create_pretraining_data.py:161] segment_ids: 0 0 0 1 1 1 1 1 1 1 1 1 1 1 1 1 1 1 1 1 1 1 1 1 1 1 1 1 1 1 1 1 1 1 1 1 1 1 1 1 1 1 1 0 0 0 0 0 0 0 0 0 0 0 0 0 0 0 0 0 0 0 0 0 0 0 0 0 0 0 0 0 0 0 0 0 0 0 0 0 0 0 0 0 0 0 0 0 0 0 0 0 0 0 0 0 0 0 0 0 0 0 0 0 0 0 0 0 0 0 0 0 0 0 0 0 0 0 0 0 0 0 0 0 0 0 0 0
INFO:tensorflow:masked_lm_positions: 10 13 19 20 25 26 0 0 0 0 0 0 0 0 0 0 0 0 0 0
I1103 12:44:39.545214 47767521854528 create_pretraining_data.py:161] masked_lm_positions: 10 13 19 20 25 26 0 0 0 0 0 0 0 0 0 0 0 0 0 0
INFO:tensorflow:masked_lm_ids: 10221 2425 5105 2408 19846 2835 0 0 0 0 0 0 0 0 0 0 0 0 0 0
I1103 12:44:39.545309 47767521854528 create_pretraining_data.py:161] masked_lm_ids: 10221 2425 5105 2408 19846 2835 0 0 0 0 0 0 0 0 0 0 0 0 0 0
INFO:tensorflow:masked_lm_weights: 1.0 1.0 1.0 1.0 1.0 1.0 0.0 0.0 0.0 0.0 0.0 0.0 0.0 0.0 0.0 0.0 0.0 0.0 0.0 0.0
I1103 12:44:39.545406 47767521854528 create_pretraining_data.py:161] masked_lm_weights: 1.0 1.0 1.0 1.0 1.0 1.0 0.0 0.0 0.0 0.0 0.0 0.0 0.0 0.0 0.0 0.0 0.0 0.0 0.0 0.0
INFO:tensorflow:next_sentence_labels: 1
I1103 12:44:39.545493 47767521854528 create_pretraining_data.py:161] next_sentence_labels: 1
INFO:tensorflow:*** Example ***
I1103 12:44:39.546126 47767521854528 create_pretraining_data.py:149] *** Example ***
INFO:tensorflow:tokens: [CLS] قال رسول الله صل الله عليه وسلم من توض ##ا قبل ان ينام نام معه ملك [MASK] [MASK] [MASK] [MASK] الملك اللهم [MASK] له [SEP] هل تعلم انك ترف ##ل بنعم الله كل ثانيه ولا تشك ##رها لانك لم تفقد نعمه كي تعرف قدرها فح [MASK] شكر النعم قبل [MASK] [MASK] صباح الشا ##كرين الحام ##دين [SEP]
I1103 12:44:39.546276 47767521854528 create_pretraining_data.py:151] tokens: [CLS] قال رسول الله صل الله عليه وسلم من توض ##ا قبل ان ينام نام معه ملك [MASK] [MASK] [MASK] [MASK] الملك اللهم [MASK] له [SEP] هل تعلم انك ترف ##ل بنعم الله كل ثانيه ولا تشك ##رها لانك لم تفقد نعمه كي تعرف قدرها فح [MASK] شكر النعم قبل [MASK] [MASK] صباح الشا ##كرين الحام ##دين [SEP]
INFO:tensorflow:input_ids: 2 2136 3016 1953 3991 1953 2181 2565 1908 29087 1007 2289 1939 12417 11514 3860 3776 4 4 4 4 2676 2168 4 2154 3 2827 3698 2963 18583 1010 19563 1953 2038 9802 2086 14552 2686 8571 2043 9327 5830 3364 3775 18807 5632 4 6658 6447 2289 4 4 2570 18435 12074 29832 2292 3 0 0 0 0 0 0 0 0 0 0 0 0 0 0 0 0 0 0 0 0 0 0 0 0 0 0 0 0 0 0 0 0 0 0 0 0 0 0 0 0 0 0 0 0 0 0 0 0 0 0 0 0 0 0 0 0 0 0 0 0 0 0 0 0 0 0 0 0 0 0
I1103 12:44:39.546423 47767521854528 create_pretraining_data.py:161] input_ids: 2 2136 3016 1953 3991 1953 2181 2565 1908 29087 1007 2289 1939 12417 11514 3860 3776 4 4 4 4 2676 2168 4 2154 3 2827 3698 2963 18583 1010 19563 1953 2038 9802 2086 14552 2686 8571 2043 9327 5830 3364 3775 18807 5632 4 6658 6447 2289 4 4 2570 18435 12074 29832 2292 3 0 0 0 0 0 0 0 0 0 0 0 0 0 0 0 0 0 0 0 0 0 0 0 0 0 0 0 0 0 0 0 0 0 0 0 0 0 0 0 0 0 0 0 0 0 0 0 0 0 0 0 0 0 0 0 0 0 0 0 0 0 0 0 0 0 0 0 0 0 0
INFO:tensorflow:input_mask: 1 1 1 1 1 1 1 1 1 1 1 1 1 1 1 1 1 1 1 1 1 1 1 1 1 1 1 1 1 1 1 1 1 1 1 1 1 1 1 1 1 1 1 1 1 1 1 1 1 1 1 1 1 1 1 1 1 1 0 0 0 0 0 0 0 0 0 0 0 0 0 0 0 0 0 0 0 0 0 0 0 0 0 0 0 0 0 0 0 0 0 0 0 0 0 0 0 0 0 0 0 0 0 0 0 0 0 0 0 0 0 0 0 0 0 0 0 0 0 0 0 0 0 0 0 0 0 0
I1103 12:44:39.546554 47767521854528 create_pretraining_data.py:161] input_mask: 1 1 1 1 1 1 1 1 1 1 1 1 1 1 1 1 1 1 1 1 1 1 1 1 1 1 1 1 1 1 1 1 1 1 1 1 1 1 1 1 1 1 1 1 1 1 1 1 1 1 1 1 1 1 1 1 1 1 0 0 0 0 0 0 0 0 0 0 0 0 0 0 0 0 0 0 0 0 0 0 0 0 0 0 0 0 0 0 0 0 0 0 0 0 0 0 0 0 0 0 0 0 0 0 0 0 0 0 0 0 0 0 0 0 0 0 0 0 0 0 0 0 0 0 0 0 0 0
INFO:tensorflow:segment_ids: 0 0 0 0 0 0 0 0 0 0 0 0 0 0 0 0 0 0 0 0 0 0 0 0 0 0 1 1 1 1 1 1 1 1 1 1 1 1 1 1 1 1 1 1 1 1 1 1 1 1 1 1 1 1 1 1 1 1 0 0 0 0 0 0 0 0 0 0 0 0 0 0 0 0 0 0 0 0 0 0 0 0 0 0 0 0 0 0 0 0 0 0 0 0 0 0 0 0 0 0 0 0 0 0 0 0 0 0 0 0 0 0 0 0 0 0 0 0 0 0 0 0 0 0 0 0 0 0
I1103 12:44:39.546684 47767521854528 create_pretraining_data.py:161] segment_ids: 0 0 0 0 0 0 0 0 0 0 0 0 0 0 0 0 0 0 0 0 0 0 0 0 0 0 1 1 1 1 1 1 1 1 1 1 1 1 1 1 1 1 1 1 1 1 1 1 1 1 1 1 1 1 1 1 1 1 0 0 0 0 0 0 0 0 0 0 0 0 0 0 0 0 0 0 0 0 0 0 0 0 0 0 0 0 0 0 0 0 0 0 0 0 0 0 0 0 0 0 0 0 0 0 0 0 0 0 0 0 0 0 0 0 0 0 0 0 0 0 0 0 0 0 0 0 0 0
INFO:tensorflow:masked_lm_positions: 17 18 19 20 23 45 46 50 51 0 0 0 0 0 0 0 0 0 0 0
I1103 12:44:39.546793 47767521854528 create_pretraining_data.py:161] masked_lm_positions: 17 18 19 20 23 45 46 50 51 0 0 0 0 0 0 0 0 0 0 0
INFO:tensorflow:masked_lm_ids: 5000 2468 1014 2136 5124 5632 4155 2901 1913 0 0 0 0 0 0 0 0 0 0 0
I1103 12:44:39.546886 47767521854528 create_pretraining_data.py:161] masked_lm_ids: 5000 2468 1014 2136 5124 5632 4155 2901 1913 0 0 0 0 0 0 0 0 0 0 0
INFO:tensorflow:masked_lm_weights: 1.0 1.0 1.0 1.0 1.0 1.0 1.0 1.0 1.0 0.0 0.0 0.0 0.0 0.0 0.0 0.0 0.0 0.0 0.0 0.0
I1103 12:44:39.546979 47767521854528 create_pretraining_data.py:161] masked_lm_weights: 1.0 1.0 1.0 1.0 1.0 1.0 1.0 1.0 1.0 0.0 0.0 0.0 0.0 0.0 0.0 0.0 0.0 0.0 0.0 0.0
INFO:tensorflow:next_sentence_labels: 1
I1103 12:44:39.547063 47767521854528 create_pretraining_data.py:161] next_sentence_labels: 1
INFO:tensorflow:*** Example ***
I1103 12:44:39.547660 47767521854528 create_pretraining_data.py:149] *** Example ***
INFO:tensorflow:tokens: [CLS] ورج ##ت ##لك ##و تاني احبابي الوسائل ##يتو انزل [MASK] بردا ##نه [SEP] الحياه مع شخص انا ##ني صعبه جدا [SEP]
I1103 12:44:39.547785 47767521854528 create_pretraining_data.py:151] tokens: [CLS] ورج ##ت ##لك ##و تاني احبابي الوسائل ##يتو انزل [MASK] بردا ##نه [SEP] الحياه مع شخص انا ##ني صعبه جدا [SEP]
INFO:tensorflow:input_ids: 2 7515 1005 1934 1012 9118 27849 10670 18593 11392 4 23295 2110 3 3014 1973 2489 2315 1974 13389 2882 3 0 0 0 0 0 0 0 0 0 0 0 0 0 0 0 0 0 0 0 0 0 0 0 0 0 0 0 0 0 0 0 0 0 0 0 0 0 0 0 0 0 0 0 0 0 0 0 0 0 0 0 0 0 0 0 0 0 0 0 0 0 0 0 0 0 0 0 0 0 0 0 0 0 0 0 0 0 0 0 0 0 0 0 0 0 0 0 0 0 0 0 0 0 0 0 0 0 0 0 0 0 0 0 0 0 0
I1103 12:44:39.547921 47767521854528 create_pretraining_data.py:161] input_ids: 2 7515 1005 1934 1012 9118 27849 10670 18593 11392 4 23295 2110 3 3014 1973 2489 2315 1974 13389 2882 3 0 0 0 0 0 0 0 0 0 0 0 0 0 0 0 0 0 0 0 0 0 0 0 0 0 0 0 0 0 0 0 0 0 0 0 0 0 0 0 0 0 0 0 0 0 0 0 0 0 0 0 0 0 0 0 0 0 0 0 0 0 0 0 0 0 0 0 0 0 0 0 0 0 0 0 0 0 0 0 0 0 0 0 0 0 0 0 0 0 0 0 0 0 0 0 0 0 0 0 0 0 0 0 0 0 0
INFO:tensorflow:input_mask: 1 1 1 1 1 1 1 1 1 1 1 1 1 1 1 1 1 1 1 1 1 1 0 0 0 0 0 0 0 0 0 0 0 0 0 0 0 0 0 0 0 0 0 0 0 0 0 0 0 0 0 0 0 0 0 0 0 0 0 0 0 0 0 0 0 0 0 0 0 0 0 0 0 0 0 0 0 0 0 0 0 0 0 0 0 0 0 0 0 0 0 0 0 0 0 0 0 0 0 0 0 0 0 0 0 0 0 0 0 0 0 0 0 0 0 0 0 0 0 0 0 0 0 0 0 0 0 0
I1103 12:44:39.548049 47767521854528 create_pretraining_data.py:161] input_mask: 1 1 1 1 1 1 1 1 1 1 1 1 1 1 1 1 1 1 1 1 1 1 0 0 0 0 0 0 0 0 0 0 0 0 0 0 0 0 0 0 0 0 0 0 0 0 0 0 0 0 0 0 0 0 0 0 0 0 0 0 0 0 0 0 0 0 0 0 0 0 0 0 0 0 0 0 0 0 0 0 0 0 0 0 0 0 0 0 0 0 0 0 0 0 0 0 0 0 0 0 0 0 0 0 0 0 0 0 0 0 0 0 0 0 0 0 0 0 0 0 0 0 0 0 0 0 0 0
INFO:tensorflow:segment_ids: 0 0 0 0 0 0 0 0 0 0 0 0 0 0 1 1 1 1 1 1 1 1 0 0 0 0 0 0 0 0 0 0 0 0 0 0 0 0 0 0 0 0 0 0 0 0 0 0 0 0 0 0 0 0 0 0 0 0 0 0 0 0 0 0 0 0 0 0 0 0 0 0 0 0 0 0 0 0 0 0 0 0 0 0 0 0 0 0 0 0 0 0 0 0 0 0 0 0 0 0 0 0 0 0 0 0 0 0 0 0 0 0 0 0 0 0 0 0 0 0 0 0 0 0 0 0 0 0
I1103 12:44:39.548172 47767521854528 create_pretraining_data.py:161] segment_ids: 0 0 0 0 0 0 0 0 0 0 0 0 0 0 1 1 1 1 1 1 1 1 0 0 0 0 0 0 0 0 0 0 0 0 0 0 0 0 0 0 0 0 0 0 0 0 0 0 0 0 0 0 0 0 0 0 0 0 0 0 0 0 0 0 0 0 0 0 0 0 0 0 0 0 0 0 0 0 0 0 0 0 0 0 0 0 0 0 0 0 0 0 0 0 0 0 0 0 0 0 0 0 0 0 0 0 0 0 0 0 0 0 0 0 0 0 0 0 0 0 0 0 0 0 0 0 0 0
INFO:tensorflow:masked_lm_positions: 7 8 10 0 0 0 0 0 0 0 0 0 0 0 0 0 0 0 0 0
I1103 12:44:39.548266 47767521854528 create_pretraining_data.py:161] masked_lm_positions: 7 8 10 0 0 0 0 0 0 0 0 0 0 0 0 0 0 0 0 0
INFO:tensorflow:masked_lm_ids: 9553 18593 9118 0 0 0 0 0 0 0 0 0 0 0 0 0 0 0 0 0
I1103 12:44:39.548372 47767521854528 create_pretraining_data.py:161] masked_lm_ids: 9553 18593 9118 0 0 0 0 0 0 0 0 0 0 0 0 0 0 0 0 0
INFO:tensorflow:masked_lm_weights: 1.0 1.0 1.0 0.0 0.0 0.0 0.0 0.0 0.0 0.0 0.0 0.0 0.0 0.0 0.0 0.0 0.0 0.0 0.0 0.0
I1103 12:44:39.548465 47767521854528 create_pretraining_data.py:161] masked_lm_weights: 1.0 1.0 1.0 0.0 0.0 0.0 0.0 0.0 0.0 0.0 0.0 0.0 0.0 0.0 0.0 0.0 0.0 0.0 0.0 0.0
INFO:tensorflow:next_sentence_labels: 1
I1103 12:44:39.548549 47767521854528 create_pretraining_data.py:161] next_sentence_labels: 1
INFO:tensorflow:*** Example ***
I1103 12:44:39.549140 47767521854528 create_pretraining_data.py:149] *** Example ***
INFO:tensorflow:tokens: [CLS] شركه رش المبيدات الحش ##ريه ومك ##افح ##ه الحشرات بالرياض مكافحه جميع انواع الحشرات والن ##مل الابيض والص ##راصير [MASK] [MASK] 0540 ##0 ##46 ##101 [SEP] ماا ##صعب انك تعيش [MASK] ##اه شخص انت قادر [MASK] [MASK] ولا انت [MASK] تست ##غني عنه [SEP]
I1103 12:44:39.549273 47767521854528 create_pretraining_data.py:151] tokens: [CLS] شركه رش المبيدات الحش ##ريه ومك ##افح ##ه الحشرات بالرياض مكافحه جميع انواع الحشرات والن ##مل الابيض والص ##راصير [MASK] [MASK] 0540 ##0 ##46 ##101 [SEP] ماا ##صعب انك تعيش [MASK] ##اه شخص انت قادر [MASK] [MASK] ولا انت [MASK] تست ##غني عنه [SEP]
INFO:tensorflow:input_ids: 2 6601 6300 22759 21158 3129 12742 25492 1028 9045 4284 17312 2561 5792 9045 3006 2182 3788 3011 26273 4 4 16631 1071 13994 25025 3 14363 28224 2963 5955 4 2030 2489 2164 6774 4 4 2086 2164 4 2558 8729 2891 3 0 0 0 0 0 0 0 0 0 0 0 0 0 0 0 0 0 0 0 0 0 0 0 0 0 0 0 0 0 0 0 0 0 0 0 0 0 0 0 0 0 0 0 0 0 0 0 0 0 0 0 0 0 0 0 0 0 0 0 0 0 0 0 0 0 0 0 0 0 0 0 0 0 0 0 0 0 0 0 0 0 0 0
I1103 12:44:39.549418 47767521854528 create_pretraining_data.py:161] input_ids: 2 6601 6300 22759 21158 3129 12742 25492 1028 9045 4284 17312 2561 5792 9045 3006 2182 3788 3011 26273 4 4 16631 1071 13994 25025 3 14363 28224 2963 5955 4 2030 2489 2164 6774 4 4 2086 2164 4 2558 8729 2891 3 0 0 0 0 0 0 0 0 0 0 0 0 0 0 0 0 0 0 0 0 0 0 0 0 0 0 0 0 0 0 0 0 0 0 0 0 0 0 0 0 0 0 0 0 0 0 0 0 0 0 0 0 0 0 0 0 0 0 0 0 0 0 0 0 0 0 0 0 0 0 0 0 0 0 0 0 0 0 0 0 0 0 0
INFO:tensorflow:input_mask: 1 1 1 1 1 1 1 1 1 1 1 1 1 1 1 1 1 1 1 1 1 1 1 1 1 1 1 1 1 1 1 1 1 1 1 1 1 1 1 1 1 1 1 1 1 0 0 0 0 0 0 0 0 0 0 0 0 0 0 0 0 0 0 0 0 0 0 0 0 0 0 0 0 0 0 0 0 0 0 0 0 0 0 0 0 0 0 0 0 0 0 0 0 0 0 0 0 0 0 0 0 0 0 0 0 0 0 0 0 0 0 0 0 0 0 0 0 0 0 0 0 0 0 0 0 0 0 0
I1103 12:44:39.549546 47767521854528 create_pretraining_data.py:161] input_mask: 1 1 1 1 1 1 1 1 1 1 1 1 1 1 1 1 1 1 1 1 1 1 1 1 1 1 1 1 1 1 1 1 1 1 1 1 1 1 1 1 1 1 1 1 1 0 0 0 0 0 0 0 0 0 0 0 0 0 0 0 0 0 0 0 0 0 0 0 0 0 0 0 0 0 0 0 0 0 0 0 0 0 0 0 0 0 0 0 0 0 0 0 0 0 0 0 0 0 0 0 0 0 0 0 0 0 0 0 0 0 0 0 0 0 0 0 0 0 0 0 0 0 0 0 0 0 0 0
INFO:tensorflow:segment_ids: 0 0 0 0 0 0 0 0 0 0 0 0 0 0 0 0 0 0 0 0 0 0 0 0 0 0 0 1 1 1 1 1 1 1 1 1 1 1 1 1 1 1 1 1 1 0 0 0 0 0 0 0 0 0 0 0 0 0 0 0 0 0 0 0 0 0 0 0 0 0 0 0 0 0 0 0 0 0 0 0 0 0 0 0 0 0 0 0 0 0 0 0 0 0 0 0 0 0 0 0 0 0 0 0 0 0 0 0 0 0 0 0 0 0 0 0 0 0 0 0 0 0 0 0 0 0 0 0
I1103 12:44:39.549684 47767521854528 create_pretraining_data.py:161] segment_ids: 0 0 0 0 0 0 0 0 0 0 0 0 0 0 0 0 0 0 0 0 0 0 0 0 0 0 0 1 1 1 1 1 1 1 1 1 1 1 1 1 1 1 1 1 1 0 0 0 0 0 0 0 0 0 0 0 0 0 0 0 0 0 0 0 0 0 0 0 0 0 0 0 0 0 0 0 0 0 0 0 0 0 0 0 0 0 0 0 0 0 0 0 0 0 0 0 0 0 0 0 0 0 0 0 0 0 0 0 0 0 0 0 0 0 0 0 0 0 0 0 0 0 0 0 0 0 0 0
INFO:tensorflow:masked_lm_positions: 20 21 31 32 36 37 40 0 0 0 0 0 0 0 0 0 0 0 0 0
I1103 12:44:39.549779 47767521854528 create_pretraining_data.py:161] masked_lm_positions: 20 21 31 32 36 37 40 0 0 0 0 0 0 0 0 0 0 0 0 0
INFO:tensorflow:masked_lm_ids: 3460 1011 6016 2030 6416 1028 6774 0 0 0 0 0 0 0 0 0 0 0 0 0
I1103 12:44:39.549870 47767521854528 create_pretraining_data.py:161] masked_lm_ids: 3460 1011 6016 2030 6416 1028 6774 0 0 0 0 0 0 0 0 0 0 0 0 0
INFO:tensorflow:masked_lm_weights: 1.0 1.0 1.0 1.0 1.0 1.0 1.0 0.0 0.0 0.0 0.0 0.0 0.0 0.0 0.0 0.0 0.0 0.0 0.0 0.0
I1103 12:44:39.549977 47767521854528 create_pretraining_data.py:161] masked_lm_weights: 1.0 1.0 1.0 1.0 1.0 1.0 1.0 0.0 0.0 0.0 0.0 0.0 0.0 0.0 0.0 0.0 0.0 0.0 0.0 0.0
INFO:tensorflow:next_sentence_labels: 1
I1103 12:44:39.550063 47767521854528 create_pretraining_data.py:161] next_sentence_labels: 1
INFO:tensorflow:*** Example ***
I1103 12:44:39.550651 47767521854528 create_pretraining_data.py:149] *** Example ***
INFO:tensorflow:tokens: [CLS] البعض يريد منك ولا يريد ##ك انت [SEP] اللهم اخرين اسالك حسن الخاتمه [SEP]
I1103 12:44:39.550773 47767521854528 create_pretraining_data.py:151] tokens: [CLS] البعض يريد منك ولا يريد ##ك انت [SEP] اللهم اخرين اسالك حسن الخاتمه [SEP]
INFO:tensorflow:input_ids: 2 4535 4026 3677 2086 4026 1014 2164 3 2168 18813 5228 3314 14693 3 0 0 0 0 0 0 0 0 0 0 0 0 0 0 0 0 0 0 0 0 0 0 0 0 0 0 0 0 0 0 0 0 0 0 0 0 0 0 0 0 0 0 0 0 0 0 0 0 0 0 0 0 0 0 0 0 0 0 0 0 0 0 0 0 0 0 0 0 0 0 0 0 0 0 0 0 0 0 0 0 0 0 0 0 0 0 0 0 0 0 0 0 0 0 0 0 0 0 0 0 0 0 0 0 0 0 0 0 0 0 0 0 0
I1103 12:44:39.550907 47767521854528 create_pretraining_data.py:161] input_ids: 2 4535 4026 3677 2086 4026 1014 2164 3 2168 18813 5228 3314 14693 3 0 0 0 0 0 0 0 0 0 0 0 0 0 0 0 0 0 0 0 0 0 0 0 0 0 0 0 0 0 0 0 0 0 0 0 0 0 0 0 0 0 0 0 0 0 0 0 0 0 0 0 0 0 0 0 0 0 0 0 0 0 0 0 0 0 0 0 0 0 0 0 0 0 0 0 0 0 0 0 0 0 0 0 0 0 0 0 0 0 0 0 0 0 0 0 0 0 0 0 0 0 0 0 0 0 0 0 0 0 0 0 0 0
INFO:tensorflow:input_mask: 1 1 1 1 1 1 1 1 1 1 1 1 1 1 1 0 0 0 0 0 0 0 0 0 0 0 0 0 0 0 0 0 0 0 0 0 0 0 0 0 0 0 0 0 0 0 0 0 0 0 0 0 0 0 0 0 0 0 0 0 0 0 0 0 0 0 0 0 0 0 0 0 0 0 0 0 0 0 0 0 0 0 0 0 0 0 0 0 0 0 0 0 0 0 0 0 0 0 0 0 0 0 0 0 0 0 0 0 0 0 0 0 0 0 0 0 0 0 0 0 0 0 0 0 0 0 0 0
I1103 12:44:39.551036 47767521854528 create_pretraining_data.py:161] input_mask: 1 1 1 1 1 1 1 1 1 1 1 1 1 1 1 0 0 0 0 0 0 0 0 0 0 0 0 0 0 0 0 0 0 0 0 0 0 0 0 0 0 0 0 0 0 0 0 0 0 0 0 0 0 0 0 0 0 0 0 0 0 0 0 0 0 0 0 0 0 0 0 0 0 0 0 0 0 0 0 0 0 0 0 0 0 0 0 0 0 0 0 0 0 0 0 0 0 0 0 0 0 0 0 0 0 0 0 0 0 0 0 0 0 0 0 0 0 0 0 0 0 0 0 0 0 0 0 0
INFO:tensorflow:segment_ids: 0 0 0 0 0 0 0 0 0 1 1 1 1 1 1 0 0 0 0 0 0 0 0 0 0 0 0 0 0 0 0 0 0 0 0 0 0 0 0 0 0 0 0 0 0 0 0 0 0 0 0 0 0 0 0 0 0 0 0 0 0 0 0 0 0 0 0 0 0 0 0 0 0 0 0 0 0 0 0 0 0 0 0 0 0 0 0 0 0 0 0 0 0 0 0 0 0 0 0 0 0 0 0 0 0 0 0 0 0 0 0 0 0 0 0 0 0 0 0 0 0 0 0 0 0 0 0 0
I1103 12:44:39.551160 47767521854528 create_pretraining_data.py:161] segment_ids: 0 0 0 0 0 0 0 0 0 1 1 1 1 1 1 0 0 0 0 0 0 0 0 0 0 0 0 0 0 0 0 0 0 0 0 0 0 0 0 0 0 0 0 0 0 0 0 0 0 0 0 0 0 0 0 0 0 0 0 0 0 0 0 0 0 0 0 0 0 0 0 0 0 0 0 0 0 0 0 0 0 0 0 0 0 0 0 0 0 0 0 0 0 0 0 0 0 0 0 0 0 0 0 0 0 0 0 0 0 0 0 0 0 0 0 0 0 0 0 0 0 0 0 0 0 0 0 0
INFO:tensorflow:masked_lm_positions: 9 10 0 0 0 0 0 0 0 0 0 0 0 0 0 0 0 0 0 0
I1103 12:44:39.551252 47767521854528 create_pretraining_data.py:161] masked_lm_positions: 9 10 0 0 0 0 0 0 0 0 0 0 0 0 0 0 0 0 0 0
INFO:tensorflow:masked_lm_ids: 2168 2694 0 0 0 0 0 0 0 0 0 0 0 0 0 0 0 0 0 0
I1103 12:44:39.551342 47767521854528 create_pretraining_data.py:161] masked_lm_ids: 2168 2694 0 0 0 0 0 0 0 0 0 0 0 0 0 0 0 0 0 0
INFO:tensorflow:masked_lm_weights: 1.0 1.0 0.0 0.0 0.0 0.0 0.0 0.0 0.0 0.0 0.0 0.0 0.0 0.0 0.0 0.0 0.0 0.0 0.0 0.0
I1103 12:44:39.551436 47767521854528 create_pretraining_data.py:161] masked_lm_weights: 1.0 1.0 0.0 0.0 0.0 0.0 0.0 0.0 0.0 0.0 0.0 0.0 0.0 0.0 0.0 0.0 0.0 0.0 0.0 0.0
INFO:tensorflow:next_sentence_labels: 1
I1103 12:44:39.551519 47767521854528 create_pretraining_data.py:161] next_sentence_labels: 1
INFO:tensorflow:*** Example ***
I1103 12:44:39.552136 47767521854528 create_pretraining_data.py:149] *** Example ***
INFO:tensorflow:tokens: [CLS] [MASK] بالخ ##لاف وارد في الامور [MASK] لكن في مد ##لهما ##ت الامور فال ##وقا ##ئ ##ع مختلفه والد ##لائل [MASK] بخلاف ##ه خليج ##نا واحد [MASK] [MASK] عز وفخر [SEP] الحمد لله علي [MASK] اقبل ونحن [MASK] ونب ##صروا ##لح ##مد لله علي شمس اشر ##قت ونحن نؤمن ونش ##كر اسعد الله [MASK] [SEP]
I1103 12:44:39.552272 47767521854528 create_pretraining_data.py:151] tokens: [CLS] [MASK] بالخ ##لاف وارد في الامور [MASK] لكن في مد ##لهما ##ت الامور فال ##وقا ##ئ ##ع مختلفه والد ##لائل [MASK] بخلاف ##ه خليج ##نا واحد [MASK] [MASK] عز وفخر [SEP] الحمد لله علي [MASK] اقبل ونحن [MASK] ونب ##صروا ##لح ##مد لله علي شمس اشر ##قت ونحن نؤمن ونش ##كر اسعد الله [MASK] [SEP]
INFO:tensorflow:input_ids: 2 4 4048 2985 20667 1912 6537 4 2425 1912 2165 17024 1005 6537 2989 19422 1042 1009 13711 2965 20278 4 14231 1028 22845 1914 2563 4 4 3280 24768 3 2807 2784 1958 4 17874 4882 4 19142 25601 1938 2368 2784 1958 7633 22535 2039 4882 28281 16511 2014 5926 1953 4 3 0 0 0 0 0 0 0 0 0 0 0 0 0 0 0 0 0 0 0 0 0 0 0 0 0 0 0 0 0 0 0 0 0 0 0 0 0 0 0 0 0 0 0 0 0 0 0 0 0 0 0 0 0 0 0 0 0 0 0 0 0 0 0 0 0 0 0 0 0 0 0 0
I1103 12:44:39.552433 47767521854528 create_pretraining_data.py:161] input_ids: 2 4 4048 2985 20667 1912 6537 4 2425 1912 2165 17024 1005 6537 2989 19422 1042 1009 13711 2965 20278 4 14231 1028 22845 1914 2563 4 4 3280 24768 3 2807 2784 1958 4 17874 4882 4 19142 25601 1938 2368 2784 1958 7633 22535 2039 4882 28281 16511 2014 5926 1953 4 3 0 0 0 0 0 0 0 0 0 0 0 0 0 0 0 0 0 0 0 0 0 0 0 0 0 0 0 0 0 0 0 0 0 0 0 0 0 0 0 0 0 0 0 0 0 0 0 0 0 0 0 0 0 0 0 0 0 0 0 0 0 0 0 0 0 0 0 0 0 0 0 0
INFO:tensorflow:input_mask: 1 1 1 1 1 1 1 1 1 1 1 1 1 1 1 1 1 1 1 1 1 1 1 1 1 1 1 1 1 1 1 1 1 1 1 1 1 1 1 1 1 1 1 1 1 1 1 1 1 1 1 1 1 1 1 1 0 0 0 0 0 0 0 0 0 0 0 0 0 0 0 0 0 0 0 0 0 0 0 0 0 0 0 0 0 0 0 0 0 0 0 0 0 0 0 0 0 0 0 0 0 0 0 0 0 0 0 0 0 0 0 0 0 0 0 0 0 0 0 0 0 0 0 0 0 0 0 0
I1103 12:44:39.552563 47767521854528 create_pretraining_data.py:161] input_mask: 1 1 1 1 1 1 1 1 1 1 1 1 1 1 1 1 1 1 1 1 1 1 1 1 1 1 1 1 1 1 1 1 1 1 1 1 1 1 1 1 1 1 1 1 1 1 1 1 1 1 1 1 1 1 1 1 0 0 0 0 0 0 0 0 0 0 0 0 0 0 0 0 0 0 0 0 0 0 0 0 0 0 0 0 0 0 0 0 0 0 0 0 0 0 0 0 0 0 0 0 0 0 0 0 0 0 0 0 0 0 0 0 0 0 0 0 0 0 0 0 0 0 0 0 0 0 0 0
INFO:tensorflow:segment_ids: 0 0 0 0 0 0 0 0 0 0 0 0 0 0 0 0 0 0 0 0 0 0 0 0 0 0 0 0 0 0 0 0 1 1 1 1 1 1 1 1 1 1 1 1 1 1 1 1 1 1 1 1 1 1 1 1 0 0 0 0 0 0 0 0 0 0 0 0 0 0 0 0 0 0 0 0 0 0 0 0 0 0 0 0 0 0 0 0 0 0 0 0 0 0 0 0 0 0 0 0 0 0 0 0 0 0 0 0 0 0 0 0 0 0 0 0 0 0 0 0 0 0 0 0 0 0 0 0
I1103 12:44:39.552693 47767521854528 create_pretraining_data.py:161] segment_ids: 0 0 0 0 0 0 0 0 0 0 0 0 0 0 0 0 0 0 0 0 0 0 0 0 0 0 0 0 0 0 0 0 1 1 1 1 1 1 1 1 1 1 1 1 1 1 1 1 1 1 1 1 1 1 1 1 0 0 0 0 0 0 0 0 0 0 0 0 0 0 0 0 0 0 0 0 0 0 0 0 0 0 0 0 0 0 0 0 0 0 0 0 0 0 0 0 0 0 0 0 0 0 0 0 0 0 0 0 0 0 0 0 0 0 0 0 0 0 0 0 0 0 0 0 0 0 0 0
INFO:tensorflow:masked_lm_positions: 1 7 21 27 28 35 38 54 0 0 0 0 0 0 0 0 0 0 0 0
I1103 12:44:39.552787 47767521854528 create_pretraining_data.py:161] masked_lm_positions: 1 7 21 27 28 35 38 54 0 0 0 0 0 0 0 0 0 0 0 0
INFO:tensorflow:masked_lm_ids: 13766 29878 4018 5485 1914 2570 13728 6853 0 0 0 0 0 0 0 0 0 0 0 0
I1103 12:44:39.552878 47767521854528 create_pretraining_data.py:161] masked_lm_ids: 13766 29878 4018 5485 1914 2570 13728 6853 0 0 0 0 0 0 0 0 0 0 0 0
INFO:tensorflow:masked_lm_weights: 1.0 1.0 1.0 1.0 1.0 1.0 1.0 1.0 0.0 0.0 0.0 0.0 0.0 0.0 0.0 0.0 0.0 0.0 0.0 0.0
I1103 12:44:39.552969 47767521854528 create_pretraining_data.py:161] masked_lm_weights: 1.0 1.0 1.0 1.0 1.0 1.0 1.0 1.0 0.0 0.0 0.0 0.0 0.0 0.0 0.0 0.0 0.0 0.0 0.0 0.0
INFO:tensorflow:next_sentence_labels: 1
I1103 12:44:39.553052 47767521854528 create_pretraining_data.py:161] next_sentence_labels: 1
INFO:tensorflow:*** Example ***
I1103 12:44:39.553655 47767521854528 create_pretraining_data.py:149] *** Example ***
INFO:tensorflow:tokens: [CLS] والب ##عد جرح انسان في داخل انسان [MASK] وسعت وس ##ومه ب الحن ##ايا مقيم ##ه قروب قلب واحد للرتويت [SEP] اللهم اجعل هذا الصباح حامل ##ا لنا ولاح ##بتنا من الخير فوق ما نرجو واجعله [MASK] خير [MASK] [MASK] [MASK] في امورنا كلها [SEP]
I1103 12:44:39.553790 47767521854528 create_pretraining_data.py:151] tokens: [CLS] والب ##عد جرح انسان في داخل انسان [MASK] وسعت وس ##ومه ب الحن ##ايا مقيم ##ه قروب قلب واحد للرتويت [SEP] اللهم اجعل هذا الصباح حامل ##ا لنا ولاح ##بتنا من الخير فوق ما نرجو واجعله [MASK] خير [MASK] [MASK] [MASK] في امورنا كلها [SEP]
INFO:tensorflow:input_ids: 2 3460 1969 7587 5450 1912 3224 5450 4 23338 2138 4044 388 14583 19765 19438 1028 2543 2362 2563 7486 3 2168 4608 2085 4235 14261 1007 2776 20931 24710 1908 2831 3589 1972 14818 26657 4 2631 4 4 4 1912 17981 4465 3 0 0 0 0 0 0 0 0 0 0 0 0 0 0 0 0 0 0 0 0 0 0 0 0 0 0 0 0 0 0 0 0 0 0 0 0 0 0 0 0 0 0 0 0 0 0 0 0 0 0 0 0 0 0 0 0 0 0 0 0 0 0 0 0 0 0 0 0 0 0 0 0 0 0 0 0 0 0 0 0 0 0
I1103 12:44:39.553947 47767521854528 create_pretraining_data.py:161] input_ids: 2 3460 1969 7587 5450 1912 3224 5450 4 23338 2138 4044 388 14583 19765 19438 1028 2543 2362 2563 7486 3 2168 4608 2085 4235 14261 1007 2776 20931 24710 1908 2831 3589 1972 14818 26657 4 2631 4 4 4 1912 17981 4465 3 0 0 0 0 0 0 0 0 0 0 0 0 0 0 0 0 0 0 0 0 0 0 0 0 0 0 0 0 0 0 0 0 0 0 0 0 0 0 0 0 0 0 0 0 0 0 0 0 0 0 0 0 0 0 0 0 0 0 0 0 0 0 0 0 0 0 0 0 0 0 0 0 0 0 0 0 0 0 0 0 0 0
INFO:tensorflow:input_mask: 1 1 1 1 1 1 1 1 1 1 1 1 1 1 1 1 1 1 1 1 1 1 1 1 1 1 1 1 1 1 1 1 1 1 1 1 1 1 1 1 1 1 1 1 1 1 0 0 0 0 0 0 0 0 0 0 0 0 0 0 0 0 0 0 0 0 0 0 0 0 0 0 0 0 0 0 0 0 0 0 0 0 0 0 0 0 0 0 0 0 0 0 0 0 0 0 0 0 0 0 0 0 0 0 0 0 0 0 0 0 0 0 0 0 0 0 0 0 0 0 0 0 0 0 0 0 0 0
I1103 12:44:39.554077 47767521854528 create_pretraining_data.py:161] input_mask: 1 1 1 1 1 1 1 1 1 1 1 1 1 1 1 1 1 1 1 1 1 1 1 1 1 1 1 1 1 1 1 1 1 1 1 1 1 1 1 1 1 1 1 1 1 1 0 0 0 0 0 0 0 0 0 0 0 0 0 0 0 0 0 0 0 0 0 0 0 0 0 0 0 0 0 0 0 0 0 0 0 0 0 0 0 0 0 0 0 0 0 0 0 0 0 0 0 0 0 0 0 0 0 0 0 0 0 0 0 0 0 0 0 0 0 0 0 0 0 0 0 0 0 0 0 0 0 0
INFO:tensorflow:segment_ids: 0 0 0 0 0 0 0 0 0 0 0 0 0 0 0 0 0 0 0 0 0 0 1 1 1 1 1 1 1 1 1 1 1 1 1 1 1 1 1 1 1 1 1 1 1 1 0 0 0 0 0 0 0 0 0 0 0 0 0 0 0 0 0 0 0 0 0 0 0 0 0 0 0 0 0 0 0 0 0 0 0 0 0 0 0 0 0 0 0 0 0 0 0 0 0 0 0 0 0 0 0 0 0 0 0 0 0 0 0 0 0 0 0 0 0 0 0 0 0 0 0 0 0 0 0 0 0 0
I1103 12:44:39.554201 47767521854528 create_pretraining_data.py:161] segment_ids: 0 0 0 0 0 0 0 0 0 0 0 0 0 0 0 0 0 0 0 0 0 0 1 1 1 1 1 1 1 1 1 1 1 1 1 1 1 1 1 1 1 1 1 1 1 1 0 0 0 0 0 0 0 0 0 0 0 0 0 0 0 0 0 0 0 0 0 0 0 0 0 0 0 0 0 0 0 0 0 0 0 0 0 0 0 0 0 0 0 0 0 0 0 0 0 0 0 0 0 0 0 0 0 0 0 0 0 0 0 0 0 0 0 0 0 0 0 0 0 0 0 0 0 0 0 0 0 0
INFO:tensorflow:masked_lm_positions: 8 9 32 37 39 40 41 0 0 0 0 0 0 0 0 0 0 0 0 0
I1103 12:44:39.554292 47767521854528 create_pretraining_data.py:161] masked_lm_positions: 8 9 32 37 39 40 41 0 0 0 0 0 0 0 0 0 0 0 0 0
INFO:tensorflow:masked_lm_ids: 2500 2594 2831 2570 16259 1011 2776 0 0 0 0 0 0 0 0 0 0 0 0 0
I1103 12:44:39.554381 47767521854528 create_pretraining_data.py:161] masked_lm_ids: 2500 2594 2831 2570 16259 1011 2776 0 0 0 0 0 0 0 0 0 0 0 0 0
INFO:tensorflow:masked_lm_weights: 1.0 1.0 1.0 1.0 1.0 1.0 1.0 0.0 0.0 0.0 0.0 0.0 0.0 0.0 0.0 0.0 0.0 0.0 0.0 0.0
I1103 12:44:39.554472 47767521854528 create_pretraining_data.py:161] masked_lm_weights: 1.0 1.0 1.0 1.0 1.0 1.0 1.0 0.0 0.0 0.0 0.0 0.0 0.0 0.0 0.0 0.0 0.0 0.0 0.0 0.0
INFO:tensorflow:next_sentence_labels: 1
I1103 12:44:39.554556 47767521854528 create_pretraining_data.py:161] next_sentence_labels: 1
INFO:tensorflow:*** Example ***
I1103 12:44:39.555155 47767521854528 create_pretraining_data.py:149] *** Example ***
INFO:tensorflow:tokens: [CLS] [MASK] خير في ود امر ##ئ مت ##مل ##ق حلو اللسان وقلب ##ه [MASK] وكافة [MASK] يعطيك من طرف [MASK] حلاوه وير ##وغ منك كما ير ##وغ الثع ##لب [SEP] السيد نواف بن عو ##يش الزب ##ني المهندس مبارك الد ##ويله الاعلامي سلطان الزب ##ني [MASK] المجلس البلدي بج ##اد حوا ##ف [MASK] [MASK] [SEP]
I1103 12:44:39.555291 47767521854528 create_pretraining_data.py:151] tokens: [CLS] [MASK] خير في ود امر ##ئ مت ##مل ##ق حلو اللسان وقلب ##ه [MASK] وكافة [MASK] يعطيك من طرف [MASK] حلاوه وير ##وغ منك كما ير ##وغ الثع ##لب [SEP] السيد نواف بن عو ##يش الزب ##ني المهندس مبارك الد ##ويله الاعلامي سلطان الزب ##ني [MASK] المجلس البلدي بج ##اد حوا ##ف [MASK] [MASK] [SEP]
INFO:tensorflow:input_ids: 2 4 2631 1912 2557 3693 1042 2068 2182 1011 3740 9360 14998 1028 4 26699 4 14373 1908 5488 4 22982 4092 4400 3677 2306 3067 4400 26119 1935 3 3968 9842 2040 26982 2336 16459 1974 7307 5547 1978 21831 9006 5618 16459 1974 4 3654 10660 2821 1950 13453 1037 4 4 3 0 0 0 0 0 0 0 0 0 0 0 0 0 0 0 0 0 0 0 0 0 0 0 0 0 0 0 0 0 0 0 0 0 0 0 0 0 0 0 0 0 0 0 0 0 0 0 0 0 0 0 0 0 0 0 0 0 0 0 0 0 0 0 0 0 0 0 0 0 0 0 0
I1103 12:44:39.555450 47767521854528 create_pretraining_data.py:161] input_ids: 2 4 2631 1912 2557 3693 1042 2068 2182 1011 3740 9360 14998 1028 4 26699 4 14373 1908 5488 4 22982 4092 4400 3677 2306 3067 4400 26119 1935 3 3968 9842 2040 26982 2336 16459 1974 7307 5547 1978 21831 9006 5618 16459 1974 4 3654 10660 2821 1950 13453 1037 4 4 3 0 0 0 0 0 0 0 0 0 0 0 0 0 0 0 0 0 0 0 0 0 0 0 0 0 0 0 0 0 0 0 0 0 0 0 0 0 0 0 0 0 0 0 0 0 0 0 0 0 0 0 0 0 0 0 0 0 0 0 0 0 0 0 0 0 0 0 0 0 0 0 0
INFO:tensorflow:input_mask: 1 1 1 1 1 1 1 1 1 1 1 1 1 1 1 1 1 1 1 1 1 1 1 1 1 1 1 1 1 1 1 1 1 1 1 1 1 1 1 1 1 1 1 1 1 1 1 1 1 1 1 1 1 1 1 1 0 0 0 0 0 0 0 0 0 0 0 0 0 0 0 0 0 0 0 0 0 0 0 0 0 0 0 0 0 0 0 0 0 0 0 0 0 0 0 0 0 0 0 0 0 0 0 0 0 0 0 0 0 0 0 0 0 0 0 0 0 0 0 0 0 0 0 0 0 0 0 0
I1103 12:44:39.555580 47767521854528 create_pretraining_data.py:161] input_mask: 1 1 1 1 1 1 1 1 1 1 1 1 1 1 1 1 1 1 1 1 1 1 1 1 1 1 1 1 1 1 1 1 1 1 1 1 1 1 1 1 1 1 1 1 1 1 1 1 1 1 1 1 1 1 1 1 0 0 0 0 0 0 0 0 0 0 0 0 0 0 0 0 0 0 0 0 0 0 0 0 0 0 0 0 0 0 0 0 0 0 0 0 0 0 0 0 0 0 0 0 0 0 0 0 0 0 0 0 0 0 0 0 0 0 0 0 0 0 0 0 0 0 0 0 0 0 0 0
INFO:tensorflow:segment_ids: 0 0 0 0 0 0 0 0 0 0 0 0 0 0 0 0 0 0 0 0 0 0 0 0 0 0 0 0 0 0 0 1 1 1 1 1 1 1 1 1 1 1 1 1 1 1 1 1 1 1 1 1 1 1 1 1 0 0 0 0 0 0 0 0 0 0 0 0 0 0 0 0 0 0 0 0 0 0 0 0 0 0 0 0 0 0 0 0 0 0 0 0 0 0 0 0 0 0 0 0 0 0 0 0 0 0 0 0 0 0 0 0 0 0 0 0 0 0 0 0 0 0 0 0 0 0 0 0
I1103 12:44:39.555721 47767521854528 create_pretraining_data.py:161] segment_ids: 0 0 0 0 0 0 0 0 0 0 0 0 0 0 0 0 0 0 0 0 0 0 0 0 0 0 0 0 0 0 0 1 1 1 1 1 1 1 1 1 1 1 1 1 1 1 1 1 1 1 1 1 1 1 1 1 0 0 0 0 0 0 0 0 0 0 0 0 0 0 0 0 0 0 0 0 0 0 0 0 0 0 0 0 0 0 0 0 0 0 0 0 0 0 0 0 0 0 0 0 0 0 0 0 0 0 0 0 0 0 0 0 0 0 0 0 0 0 0 0 0 0 0 0 0 0 0 0
INFO:tensorflow:masked_lm_positions: 1 14 15 16 20 46 53 54 0 0 0 0 0 0 0 0 0 0 0 0
I1103 12:44:39.555814 47767521854528 create_pretraining_data.py:161] masked_lm_positions: 1 14 15 16 20 46 53 54 0 0 0 0 0 0 0 0 0 0 0 0
INFO:tensorflow:masked_lm_ids: 1963 2097 1917 1045 9360 4866 16459 1974 0 0 0 0 0 0 0 0 0 0 0 0
I1103 12:44:39.555904 47767521854528 create_pretraining_data.py:161] masked_lm_ids: 1963 2097 1917 1045 9360 4866 16459 1974 0 0 0 0 0 0 0 0 0 0 0 0
INFO:tensorflow:masked_lm_weights: 1.0 1.0 1.0 1.0 1.0 1.0 1.0 1.0 0.0 0.0 0.0 0.0 0.0 0.0 0.0 0.0 0.0 0.0 0.0 0.0
I1103 12:44:39.555997 47767521854528 create_pretraining_data.py:161] masked_lm_weights: 1.0 1.0 1.0 1.0 1.0 1.0 1.0 1.0 0.0 0.0 0.0 0.0 0.0 0.0 0.0 0.0 0.0 0.0 0.0 0.0
INFO:tensorflow:next_sentence_labels: 1
I1103 12:44:39.556079 47767521854528 create_pretraining_data.py:161] next_sentence_labels: 1
INFO:tensorflow:*** Example ***
I1103 12:44:39.556683 47767521854528 create_pretraining_data.py:149] *** Example ***
INFO:tensorflow:tokens: [CLS] اللهم [MASK] [MASK] ما لا يحتمل قلبي فراق ##ه [SEP] 3 تسديد قروض لمن يرغب بتس ##ديد قرضه وتحويل راتبه [MASK] [MASK] الهولندي والحصول [MASK] [MASK] راتب للع ##سكر المدنيين لسكان الرياض 05 ##68 ##55 ##33 ##70 [SEP]
I1103 12:44:39.556816 47767521854528 create_pretraining_data.py:151] tokens: [CLS] اللهم [MASK] [MASK] ما لا يحتمل قلبي فراق ##ه [SEP] 3 تسديد قروض لمن يرغب بتس ##ديد قرضه وتحويل راتبه [MASK] [MASK] الهولندي والحصول [MASK] [MASK] راتب للع ##سكر المدنيين لسكان الرياض 05 ##68 ##55 ##33 ##70 [SEP]
INFO:tensorflow:input_ids: 2 2168 4 4 1972 1963 19063 3018 11752 1028 3 23 6298 7381 3043 9221 8664 2212 26413 23163 26750 4 4 14665 20339 4 4 8801 2405 7175 10683 23507 2392 2819 7624 4244 5118 5639 3 0 0 0 0 0 0 0 0 0 0 0 0 0 0 0 0 0 0 0 0 0 0 0 0 0 0 0 0 0 0 0 0 0 0 0 0 0 0 0 0 0 0 0 0 0 0 0 0 0 0 0 0 0 0 0 0 0 0 0 0 0 0 0 0 0 0 0 0 0 0 0 0 0 0 0 0 0 0 0 0 0 0 0 0 0 0 0 0 0
I1103 12:44:39.556974 47767521854528 create_pretraining_data.py:161] input_ids: 2 2168 4 4 1972 1963 19063 3018 11752 1028 3 23 6298 7381 3043 9221 8664 2212 26413 23163 26750 4 4 14665 20339 4 4 8801 2405 7175 10683 23507 2392 2819 7624 4244 5118 5639 3 0 0 0 0 0 0 0 0 0 0 0 0 0 0 0 0 0 0 0 0 0 0 0 0 0 0 0 0 0 0 0 0 0 0 0 0 0 0 0 0 0 0 0 0 0 0 0 0 0 0 0 0 0 0 0 0 0 0 0 0 0 0 0 0 0 0 0 0 0 0 0 0 0 0 0 0 0 0 0 0 0 0 0 0 0 0 0 0 0
INFO:tensorflow:input_mask: 1 1 1 1 1 1 1 1 1 1 1 1 1 1 1 1 1 1 1 1 1 1 1 1 1 1 1 1 1 1 1 1 1 1 1 1 1 1 1 0 0 0 0 0 0 0 0 0 0 0 0 0 0 0 0 0 0 0 0 0 0 0 0 0 0 0 0 0 0 0 0 0 0 0 0 0 0 0 0 0 0 0 0 0 0 0 0 0 0 0 0 0 0 0 0 0 0 0 0 0 0 0 0 0 0 0 0 0 0 0 0 0 0 0 0 0 0 0 0 0 0 0 0 0 0 0 0 0
I1103 12:44:39.557106 47767521854528 create_pretraining_data.py:161] input_mask: 1 1 1 1 1 1 1 1 1 1 1 1 1 1 1 1 1 1 1 1 1 1 1 1 1 1 1 1 1 1 1 1 1 1 1 1 1 1 1 0 0 0 0 0 0 0 0 0 0 0 0 0 0 0 0 0 0 0 0 0 0 0 0 0 0 0 0 0 0 0 0 0 0 0 0 0 0 0 0 0 0 0 0 0 0 0 0 0 0 0 0 0 0 0 0 0 0 0 0 0 0 0 0 0 0 0 0 0 0 0 0 0 0 0 0 0 0 0 0 0 0 0 0 0 0 0 0 0
INFO:tensorflow:segment_ids: 0 0 0 0 0 0 0 0 0 0 0 1 1 1 1 1 1 1 1 1 1 1 1 1 1 1 1 1 1 1 1 1 1 1 1 1 1 1 1 0 0 0 0 0 0 0 0 0 0 0 0 0 0 0 0 0 0 0 0 0 0 0 0 0 0 0 0 0 0 0 0 0 0 0 0 0 0 0 0 0 0 0 0 0 0 0 0 0 0 0 0 0 0 0 0 0 0 0 0 0 0 0 0 0 0 0 0 0 0 0 0 0 0 0 0 0 0 0 0 0 0 0 0 0 0 0 0 0
I1103 12:44:39.557232 47767521854528 create_pretraining_data.py:161] segment_ids: 0 0 0 0 0 0 0 0 0 0 0 1 1 1 1 1 1 1 1 1 1 1 1 1 1 1 1 1 1 1 1 1 1 1 1 1 1 1 1 0 0 0 0 0 0 0 0 0 0 0 0 0 0 0 0 0 0 0 0 0 0 0 0 0 0 0 0 0 0 0 0 0 0 0 0 0 0 0 0 0 0 0 0 0 0 0 0 0 0 0 0 0 0 0 0 0 0 0 0 0 0 0 0 0 0 0 0 0 0 0 0 0 0 0 0 0 0 0 0 0 0 0 0 0 0 0 0 0
INFO:tensorflow:masked_lm_positions: 2 3 21 22 25 26 0 0 0 0 0 0 0 0 0 0 0 0 0 0
I1103 12:44:39.557326 47767521854528 create_pretraining_data.py:161] masked_lm_positions: 2 3 21 22 25 26 0 0 0 0 0 0 0 0 0 0 0 0 0 0
INFO:tensorflow:masked_lm_ids: 2694 24224 8429 1014 1958 6940 0 0 0 0 0 0 0 0 0 0 0 0 0 0
I1103 12:44:39.557417 47767521854528 create_pretraining_data.py:161] masked_lm_ids: 2694 24224 8429 1014 1958 6940 0 0 0 0 0 0 0 0 0 0 0 0 0 0
INFO:tensorflow:masked_lm_weights: 1.0 1.0 1.0 1.0 1.0 1.0 0.0 0.0 0.0 0.0 0.0 0.0 0.0 0.0 0.0 0.0 0.0 0.0 0.0 0.0
I1103 12:44:39.557510 47767521854528 create_pretraining_data.py:161] masked_lm_weights: 1.0 1.0 1.0 1.0 1.0 1.0 0.0 0.0 0.0 0.0 0.0 0.0 0.0 0.0 0.0 0.0 0.0 0.0 0.0 0.0
INFO:tensorflow:next_sentence_labels: 1
I1103 12:44:39.557593 47767521854528 create_pretraining_data.py:161] next_sentence_labels: 1
INFO:tensorflow:*** Example ***
I1103 12:44:39.558189 47767521854528 create_pretraining_data.py:149] *** Example ***
INFO:tensorflow:tokens: [CLS] صباااح ##كم ور ##رر ##د وف ##ل [MASK] [SEP] صديقي [MASK] هات الحكي الخسارة اح ##كه نقلا سلف عشرين عندك سلف ضحكه [SEP]
I1103 12:44:39.558313 47767521854528 create_pretraining_data.py:151] tokens: [CLS] صباااح ##كم ور ##رر ##د وف ##ل [MASK] [SEP] صديقي [MASK] هات الحكي الخسارة اح ##كه نقلا سلف عشرين عندك سلف ضحكه [SEP]
INFO:tensorflow:input_ids: 2 28899 2018 2690 4103 1016 2390 1010 4 3 13629 4 7507 15447 22951 2279 4246 19493 15586 12237 5448 15586 16134 3 0 0 0 0 0 0 0 0 0 0 0 0 0 0 0 0 0 0 0 0 0 0 0 0 0 0 0 0 0 0 0 0 0 0 0 0 0 0 0 0 0 0 0 0 0 0 0 0 0 0 0 0 0 0 0 0 0 0 0 0 0 0 0 0 0 0 0 0 0 0 0 0 0 0 0 0 0 0 0 0 0 0 0 0 0 0 0 0 0 0 0 0 0 0 0 0 0 0 0 0 0 0 0 0
I1103 12:44:39.558449 47767521854528 create_pretraining_data.py:161] input_ids: 2 28899 2018 2690 4103 1016 2390 1010 4 3 13629 4 7507 15447 22951 2279 4246 19493 15586 12237 5448 15586 16134 3 0 0 0 0 0 0 0 0 0 0 0 0 0 0 0 0 0 0 0 0 0 0 0 0 0 0 0 0 0 0 0 0 0 0 0 0 0 0 0 0 0 0 0 0 0 0 0 0 0 0 0 0 0 0 0 0 0 0 0 0 0 0 0 0 0 0 0 0 0 0 0 0 0 0 0 0 0 0 0 0 0 0 0 0 0 0 0 0 0 0 0 0 0 0 0 0 0 0 0 0 0 0 0 0
INFO:tensorflow:input_mask: 1 1 1 1 1 1 1 1 1 1 1 1 1 1 1 1 1 1 1 1 1 1 1 1 0 0 0 0 0 0 0 0 0 0 0 0 0 0 0 0 0 0 0 0 0 0 0 0 0 0 0 0 0 0 0 0 0 0 0 0 0 0 0 0 0 0 0 0 0 0 0 0 0 0 0 0 0 0 0 0 0 0 0 0 0 0 0 0 0 0 0 0 0 0 0 0 0 0 0 0 0 0 0 0 0 0 0 0 0 0 0 0 0 0 0 0 0 0 0 0 0 0 0 0 0 0 0 0
I1103 12:44:39.558588 47767521854528 create_pretraining_data.py:161] input_mask: 1 1 1 1 1 1 1 1 1 1 1 1 1 1 1 1 1 1 1 1 1 1 1 1 0 0 0 0 0 0 0 0 0 0 0 0 0 0 0 0 0 0 0 0 0 0 0 0 0 0 0 0 0 0 0 0 0 0 0 0 0 0 0 0 0 0 0 0 0 0 0 0 0 0 0 0 0 0 0 0 0 0 0 0 0 0 0 0 0 0 0 0 0 0 0 0 0 0 0 0 0 0 0 0 0 0 0 0 0 0 0 0 0 0 0 0 0 0 0 0 0 0 0 0 0 0 0 0
INFO:tensorflow:segment_ids: 0 0 0 0 0 0 0 0 0 0 1 1 1 1 1 1 1 1 1 1 1 1 1 1 0 0 0 0 0 0 0 0 0 0 0 0 0 0 0 0 0 0 0 0 0 0 0 0 0 0 0 0 0 0 0 0 0 0 0 0 0 0 0 0 0 0 0 0 0 0 0 0 0 0 0 0 0 0 0 0 0 0 0 0 0 0 0 0 0 0 0 0 0 0 0 0 0 0 0 0 0 0 0 0 0 0 0 0 0 0 0 0 0 0 0 0 0 0 0 0 0 0 0 0 0 0 0 0
I1103 12:44:39.558718 47767521854528 create_pretraining_data.py:161] segment_ids: 0 0 0 0 0 0 0 0 0 0 1 1 1 1 1 1 1 1 1 1 1 1 1 1 0 0 0 0 0 0 0 0 0 0 0 0 0 0 0 0 0 0 0 0 0 0 0 0 0 0 0 0 0 0 0 0 0 0 0 0 0 0 0 0 0 0 0 0 0 0 0 0 0 0 0 0 0 0 0 0 0 0 0 0 0 0 0 0 0 0 0 0 0 0 0 0 0 0 0 0 0 0 0 0 0 0 0 0 0 0 0 0 0 0 0 0 0 0 0 0 0 0 0 0 0 0 0 0
INFO:tensorflow:masked_lm_positions: 8 11 14 17 0 0 0 0 0 0 0 0 0 0 0 0 0 0 0 0
I1103 12:44:39.558811 47767521854528 create_pretraining_data.py:161] masked_lm_positions: 8 11 14 17 0 0 0 0 0 0 0 0 0 0 0 0 0 0 0 0
INFO:tensorflow:masked_lm_ids: 20863 29922 415 5009 0 0 0 0 0 0 0 0 0 0 0 0 0 0 0 0
I1103 12:44:39.558901 47767521854528 create_pretraining_data.py:161] masked_lm_ids: 20863 29922 415 5009 0 0 0 0 0 0 0 0 0 0 0 0 0 0 0 0
INFO:tensorflow:masked_lm_weights: 1.0 1.0 1.0 1.0 0.0 0.0 0.0 0.0 0.0 0.0 0.0 0.0 0.0 0.0 0.0 0.0 0.0 0.0 0.0 0.0
I1103 12:44:39.558994 47767521854528 create_pretraining_data.py:161] masked_lm_weights: 1.0 1.0 1.0 1.0 0.0 0.0 0.0 0.0 0.0 0.0 0.0 0.0 0.0 0.0 0.0 0.0 0.0 0.0 0.0 0.0
INFO:tensorflow:next_sentence_labels: 1
I1103 12:44:39.559077 47767521854528 create_pretraining_data.py:161] next_sentence_labels: 1
INFO:tensorflow:*** Example ***
I1103 12:44:39.559677 47767521854528 create_pretraining_data.py:149] *** Example ***
INFO:tensorflow:tokens: [CLS] [MASK] اي ##لاف مختلفه تهدي جده حروف ##ها عبر معرض جده الدولي للكتاب نوره [MASK] [MASK] معرفه قلم [SEP] علي [MASK] [MASK] لا تق ##سي علي يال ##رفي ##ق [MASK] وانا ظروف ##ي من صد ##وف الايام محت ##اسه لو اللو ##ح يدري وش ##هو الي يجي المسم ##ار مايش ##ره علي [MASK] [MASK] والد ##ق في راسه [SEP]
I1103 12:44:39.559817 47767521854528 create_pretraining_data.py:151] tokens: [CLS] [MASK] اي ##لاف مختلفه تهدي جده حروف ##ها عبر معرض جده الدولي للكتاب نوره [MASK] [MASK] معرفه قلم [SEP] علي [MASK] [MASK] لا تق ##سي علي يال ##رفي ##ق [MASK] وانا ظروف ##ي من صد ##وف الايام محت ##اسه لو اللو ##ح يدري وش ##هو الي يجي المسم ##ار مايش ##ره علي [MASK] [MASK] والد ##ق في راسه [SEP]
INFO:tensorflow:input_ids: 2 4 2218 2985 13711 26568 4868 8048 1913 2830 4992 4868 3423 15837 13616 4 4 19600 14317 3 1958 4 4 1963 2161 1999 1958 4965 13051 1011 4 3257 7960 1013 1908 2894 2088 4997 2800 27466 2244 6158 1032 14880 2347 2871 2002 8186 13496 1909 24032 2197 1958 4 4 2965 1011 1912 15860 3 0 0 0 0 0 0 0 0 0 0 0 0 0 0 0 0 0 0 0 0 0 0 0 0 0 0 0 0 0 0 0 0 0 0 0 0 0 0 0 0 0 0 0 0 0 0 0 0 0 0 0 0 0 0 0 0 0 0 0 0 0 0 0 0 0 0 0 0
I1103 12:44:39.559962 47767521854528 create_pretraining_data.py:161] input_ids: 2 4 2218 2985 13711 26568 4868 8048 1913 2830 4992 4868 3423 15837 13616 4 4 19600 14317 3 1958 4 4 1963 2161 1999 1958 4965 13051 1011 4 3257 7960 1013 1908 2894 2088 4997 2800 27466 2244 6158 1032 14880 2347 2871 2002 8186 13496 1909 24032 2197 1958 4 4 2965 1011 1912 15860 3 0 0 0 0 0 0 0 0 0 0 0 0 0 0 0 0 0 0 0 0 0 0 0 0 0 0 0 0 0 0 0 0 0 0 0 0 0 0 0 0 0 0 0 0 0 0 0 0 0 0 0 0 0 0 0 0 0 0 0 0 0 0 0 0 0 0 0 0
INFO:tensorflow:input_mask: 1 1 1 1 1 1 1 1 1 1 1 1 1 1 1 1 1 1 1 1 1 1 1 1 1 1 1 1 1 1 1 1 1 1 1 1 1 1 1 1 1 1 1 1 1 1 1 1 1 1 1 1 1 1 1 1 1 1 1 1 0 0 0 0 0 0 0 0 0 0 0 0 0 0 0 0 0 0 0 0 0 0 0 0 0 0 0 0 0 0 0 0 0 0 0 0 0 0 0 0 0 0 0 0 0 0 0 0 0 0 0 0 0 0 0 0 0 0 0 0 0 0 0 0 0 0 0 0
I1103 12:44:39.560106 47767521854528 create_pretraining_data.py:161] input_mask: 1 1 1 1 1 1 1 1 1 1 1 1 1 1 1 1 1 1 1 1 1 1 1 1 1 1 1 1 1 1 1 1 1 1 1 1 1 1 1 1 1 1 1 1 1 1 1 1 1 1 1 1 1 1 1 1 1 1 1 1 0 0 0 0 0 0 0 0 0 0 0 0 0 0 0 0 0 0 0 0 0 0 0 0 0 0 0 0 0 0 0 0 0 0 0 0 0 0 0 0 0 0 0 0 0 0 0 0 0 0 0 0 0 0 0 0 0 0 0 0 0 0 0 0 0 0 0 0
INFO:tensorflow:segment_ids: 0 0 0 0 0 0 0 0 0 0 0 0 0 0 0 0 0 0 0 0 1 1 1 1 1 1 1 1 1 1 1 1 1 1 1 1 1 1 1 1 1 1 1 1 1 1 1 1 1 1 1 1 1 1 1 1 1 1 1 1 0 0 0 0 0 0 0 0 0 0 0 0 0 0 0 0 0 0 0 0 0 0 0 0 0 0 0 0 0 0 0 0 0 0 0 0 0 0 0 0 0 0 0 0 0 0 0 0 0 0 0 0 0 0 0 0 0 0 0 0 0 0 0 0 0 0 0 0
I1103 12:44:39.560230 47767521854528 create_pretraining_data.py:161] segment_ids: 0 0 0 0 0 0 0 0 0 0 0 0 0 0 0 0 0 0 0 0 1 1 1 1 1 1 1 1 1 1 1 1 1 1 1 1 1 1 1 1 1 1 1 1 1 1 1 1 1 1 1 1 1 1 1 1 1 1 1 1 0 0 0 0 0 0 0 0 0 0 0 0 0 0 0 0 0 0 0 0 0 0 0 0 0 0 0 0 0 0 0 0 0 0 0 0 0 0 0 0 0 0 0 0 0 0 0 0 0 0 0 0 0 0 0 0 0 0 0 0 0 0 0 0 0 0 0 0
INFO:tensorflow:masked_lm_positions: 1 6 15 16 21 22 30 53 54 0 0 0 0 0 0 0 0 0 0 0
I1103 12:44:39.560324 47767521854528 create_pretraining_data.py:161] masked_lm_positions: 1 6 15 16 21 22 30 53 54 0 0 0 0 0 0 0 0 0 0 0
INFO:tensorflow:masked_lm_ids: 13632 4868 5806 1909 2090 1922 6211 13496 1909 0 0 0 0 0 0 0 0 0 0 0
I1103 12:44:39.560415 47767521854528 create_pretraining_data.py:161] masked_lm_ids: 13632 4868 5806 1909 2090 1922 6211 13496 1909 0 0 0 0 0 0 0 0 0 0 0
INFO:tensorflow:masked_lm_weights: 1.0 1.0 1.0 1.0 1.0 1.0 1.0 1.0 1.0 0.0 0.0 0.0 0.0 0.0 0.0 0.0 0.0 0.0 0.0 0.0
I1103 12:44:39.560509 47767521854528 create_pretraining_data.py:161] masked_lm_weights: 1.0 1.0 1.0 1.0 1.0 1.0 1.0 1.0 1.0 0.0 0.0 0.0 0.0 0.0 0.0 0.0 0.0 0.0 0.0 0.0
INFO:tensorflow:next_sentence_labels: 1
I1103 12:44:39.560593 47767521854528 create_pretraining_data.py:161] next_sentence_labels: 1
INFO:tensorflow:*** Example ***
I1103 12:44:39.561175 47767521854528 create_pretraining_data.py:149] *** Example ***
INFO:tensorflow:tokens: [CLS] [MASK] البق ##عه البيضاء [MASK] [MASK] في بولي ##فيا هي اكبر مس ##طح ملح بالعالم للمزيد في حساب صديقي ابراهيم من هناك [SEP] وحده كاتب ##ه الحب يتس ##رب [MASK] اجساد ##نا ثم يتك ##اثر ويت ##جمع عند الحن ##جره يمنع ##نا من التنفس والحديث [MASK] [MASK] [MASK] هذا اجع الحب اي حب يالغ ##اليه هذا بلغ ##م [SEP]
I1103 12:44:39.561311 47767521854528 create_pretraining_data.py:151] tokens: [CLS] [MASK] البق ##عه البيضاء [MASK] [MASK] في بولي ##فيا هي اكبر مس ##طح ملح بالعالم للمزيد في حساب صديقي ابراهيم من هناك [SEP] وحده كاتب ##ه الحب يتس ##رب [MASK] اجساد ##نا ثم يتك ##اثر ويت ##جمع عند الحن ##جره يمنع ##نا من التنفس والحديث [MASK] [MASK] [MASK] هذا اجع الحب اي حب يالغ ##اليه هذا بلغ ##م [SEP]
INFO:tensorflow:input_ids: 2 4 6692 2226 3513 4 4 1912 8395 9310 2247 3294 2129 5934 5769 13679 13464 1912 3144 13629 5120 1908 2671 3 4435 5655 1028 3088 17046 1975 4 22840 1914 2371 22554 21273 3398 9041 2192 14583 17852 7657 1914 1908 22581 15964 4 4 4 2085 6059 3088 2218 3151 18663 4255 2085 3854 1015 3 0 0 0 0 0 0 0 0 0 0 0 0 0 0 0 0 0 0 0 0 0 0 0 0 0 0 0 0 0 0 0 0 0 0 0 0 0 0 0 0 0 0 0 0 0 0 0 0 0 0 0 0 0 0 0 0 0 0 0 0 0 0 0 0 0 0 0 0
I1103 12:44:39.561469 47767521854528 create_pretraining_data.py:161] input_ids: 2 4 6692 2226 3513 4 4 1912 8395 9310 2247 3294 2129 5934 5769 13679 13464 1912 3144 13629 5120 1908 2671 3 4435 5655 1028 3088 17046 1975 4 22840 1914 2371 22554 21273 3398 9041 2192 14583 17852 7657 1914 1908 22581 15964 4 4 4 2085 6059 3088 2218 3151 18663 4255 2085 3854 1015 3 0 0 0 0 0 0 0 0 0 0 0 0 0 0 0 0 0 0 0 0 0 0 0 0 0 0 0 0 0 0 0 0 0 0 0 0 0 0 0 0 0 0 0 0 0 0 0 0 0 0 0 0 0 0 0 0 0 0 0 0 0 0 0 0 0 0 0 0
INFO:tensorflow:input_mask: 1 1 1 1 1 1 1 1 1 1 1 1 1 1 1 1 1 1 1 1 1 1 1 1 1 1 1 1 1 1 1 1 1 1 1 1 1 1 1 1 1 1 1 1 1 1 1 1 1 1 1 1 1 1 1 1 1 1 1 1 0 0 0 0 0 0 0 0 0 0 0 0 0 0 0 0 0 0 0 0 0 0 0 0 0 0 0 0 0 0 0 0 0 0 0 0 0 0 0 0 0 0 0 0 0 0 0 0 0 0 0 0 0 0 0 0 0 0 0 0 0 0 0 0 0 0 0 0
I1103 12:44:39.561600 47767521854528 create_pretraining_data.py:161] input_mask: 1 1 1 1 1 1 1 1 1 1 1 1 1 1 1 1 1 1 1 1 1 1 1 1 1 1 1 1 1 1 1 1 1 1 1 1 1 1 1 1 1 1 1 1 1 1 1 1 1 1 1 1 1 1 1 1 1 1 1 1 0 0 0 0 0 0 0 0 0 0 0 0 0 0 0 0 0 0 0 0 0 0 0 0 0 0 0 0 0 0 0 0 0 0 0 0 0 0 0 0 0 0 0 0 0 0 0 0 0 0 0 0 0 0 0 0 0 0 0 0 0 0 0 0 0 0 0 0
INFO:tensorflow:segment_ids: 0 0 0 0 0 0 0 0 0 0 0 0 0 0 0 0 0 0 0 0 0 0 0 0 1 1 1 1 1 1 1 1 1 1 1 1 1 1 1 1 1 1 1 1 1 1 1 1 1 1 1 1 1 1 1 1 1 1 1 1 0 0 0 0 0 0 0 0 0 0 0 0 0 0 0 0 0 0 0 0 0 0 0 0 0 0 0 0 0 0 0 0 0 0 0 0 0 0 0 0 0 0 0 0 0 0 0 0 0 0 0 0 0 0 0 0 0 0 0 0 0 0 0 0 0 0 0 0
I1103 12:44:39.561732 47767521854528 create_pretraining_data.py:161] segment_ids: 0 0 0 0 0 0 0 0 0 0 0 0 0 0 0 0 0 0 0 0 0 0 0 0 1 1 1 1 1 1 1 1 1 1 1 1 1 1 1 1 1 1 1 1 1 1 1 1 1 1 1 1 1 1 1 1 1 1 1 1 0 0 0 0 0 0 0 0 0 0 0 0 0 0 0 0 0 0 0 0 0 0 0 0 0 0 0 0 0 0 0 0 0 0 0 0 0 0 0 0 0 0 0 0 0 0 0 0 0 0 0 0 0 0 0 0 0 0 0 0 0 0 0 0 0 0 0 0
INFO:tensorflow:masked_lm_positions: 1 5 6 30 46 47 48 50 51 0 0 0 0 0 0 0 0 0 0 0
I1103 12:44:39.561824 47767521854528 create_pretraining_data.py:161] masked_lm_positions: 1 5 6 30 46 47 48 50 51 0 0 0 0 0 0 0 0 0 0 0
INFO:tensorflow:masked_lm_ids: 2159 19207 2152 2002 1912 3629 1914 2139 3088 0 0 0 0 0 0 0 0 0 0 0
I1103 12:44:39.561914 47767521854528 create_pretraining_data.py:161] masked_lm_ids: 2159 19207 2152 2002 1912 3629 1914 2139 3088 0 0 0 0 0 0 0 0 0 0 0
INFO:tensorflow:masked_lm_weights: 1.0 1.0 1.0 1.0 1.0 1.0 1.0 1.0 1.0 0.0 0.0 0.0 0.0 0.0 0.0 0.0 0.0 0.0 0.0 0.0
I1103 12:44:39.562005 47767521854528 create_pretraining_data.py:161] masked_lm_weights: 1.0 1.0 1.0 1.0 1.0 1.0 1.0 1.0 1.0 0.0 0.0 0.0 0.0 0.0 0.0 0.0 0.0 0.0 0.0 0.0
INFO:tensorflow:next_sentence_labels: 1
I1103 12:44:39.562088 47767521854528 create_pretraining_data.py:161] next_sentence_labels: 1
INFO:tensorflow:Wrote 9999610 total instances
I1103 13:52:16.608223 47767521854528 create_pretraining_data.py:166] Wrote 9999610 total instances
