Loading module 'all'
WARNING:tensorflow:From ../bert/create_pretraining_data.py:469: The name tf.app.run is deprecated. Please use tf.compat.v1.app.run instead.

WARNING:tensorflow:From ../bert/create_pretraining_data.py:437: The name tf.logging.set_verbosity is deprecated. Please use tf.compat.v1.logging.set_verbosity instead.

W1103 06:17:52.832889 47032434775104 module_wrapper.py:139] From ../bert/create_pretraining_data.py:437: The name tf.logging.set_verbosity is deprecated. Please use tf.compat.v1.logging.set_verbosity instead.

WARNING:tensorflow:From ../bert/create_pretraining_data.py:437: The name tf.logging.INFO is deprecated. Please use tf.compat.v1.logging.INFO instead.

W1103 06:17:52.833137 47032434775104 module_wrapper.py:139] From ../bert/create_pretraining_data.py:437: The name tf.logging.INFO is deprecated. Please use tf.compat.v1.logging.INFO instead.

WARNING:tensorflow:From /scratch/gi372/CAMeLBERT/bert/tokenization.py:125: The name tf.gfile.GFile is deprecated. Please use tf.io.gfile.GFile instead.

W1103 06:17:52.833358 47032434775104 module_wrapper.py:139] From /scratch/gi372/CAMeLBERT/bert/tokenization.py:125: The name tf.gfile.GFile is deprecated. Please use tf.io.gfile.GFile instead.

WARNING:tensorflow:From ../bert/create_pretraining_data.py:444: The name tf.gfile.Glob is deprecated. Please use tf.io.gfile.glob instead.

W1103 06:17:52.936543 47032434775104 module_wrapper.py:139] From ../bert/create_pretraining_data.py:444: The name tf.gfile.Glob is deprecated. Please use tf.io.gfile.glob instead.

WARNING:tensorflow:From ../bert/create_pretraining_data.py:446: The name tf.logging.info is deprecated. Please use tf.compat.v1.logging.info instead.

W1103 06:17:52.964137 47032434775104 module_wrapper.py:139] From ../bert/create_pretraining_data.py:446: The name tf.logging.info is deprecated. Please use tf.compat.v1.logging.info instead.

INFO:tensorflow:*** Reading from input files ***
I1103 06:17:52.964406 47032434775104 create_pretraining_data.py:446] *** Reading from input files ***
INFO:tensorflow:  ../corpora/shards/DA-ali2019-500m-tweet.bw.ar.lines.shard.155.normalized.sents
I1103 06:17:52.964507 47032434775104 create_pretraining_data.py:448]   ../corpora/shards/DA-ali2019-500m-tweet.bw.ar.lines.shard.155.normalized.sents
INFO:tensorflow:*** Writing to output files ***
I1103 06:57:51.270622 47032434775104 create_pretraining_data.py:457] *** Writing to output files ***
INFO:tensorflow:  ../corpora/tfrecord_wp-30k_msl-128/DA-ali2019-500m-tweet.bw.ar.lines.shard.155.tf_record
I1103 06:57:51.504473 47032434775104 create_pretraining_data.py:459]   ../corpora/tfrecord_wp-30k_msl-128/DA-ali2019-500m-tweet.bw.ar.lines.shard.155.tf_record
WARNING:tensorflow:From ../bert/create_pretraining_data.py:101: The name tf.python_io.TFRecordWriter is deprecated. Please use tf.io.TFRecordWriter instead.

W1103 06:57:51.584400 47032434775104 module_wrapper.py:139] From ../bert/create_pretraining_data.py:101: The name tf.python_io.TFRecordWriter is deprecated. Please use tf.io.TFRecordWriter instead.

INFO:tensorflow:*** Example ***
I1103 06:57:51.708148 47032434775104 create_pretraining_data.py:149] *** Example ***
INFO:tensorflow:tokens: [CLS] صباح الو ##يك اند [MASK] معي سوي رتويت ##ليش [MASK] [MASK] ممحونه سكس ##يه ريتويت [SEP] اجابه السؤال التاسع عشر ضمن مسابقه حقوق المؤمن له نشكر ##كم لمش ##ارك ##تكم مجلس الضمان [MASK] [SEP]
I1103 06:57:51.709223 47032434775104 create_pretraining_data.py:151] tokens: [CLS] صباح الو ##يك اند [MASK] معي سوي رتويت ##ليش [MASK] [MASK] ممحونه سكس ##يه ريتويت [SEP] اجابه السؤال التاسع عشر ضمن مسابقه حقوق المؤمن له نشكر ##كم لمش ##ارك ##تكم مجلس الضمان [MASK] [SEP]
INFO:tensorflow:input_ids: 2 2570 2009 2434 7621 4 5040 4871 2928 5944 4 4 16371 4031 1988 3425 3 20829 6518 10822 3304 3637 8722 3902 4625 2154 23076 2018 7480 2256 7145 2598 9972 4 3 0 0 0 0 0 0 0 0 0 0 0 0 0 0 0 0 0 0 0 0 0 0 0 0 0 0 0 0 0 0 0 0 0 0 0 0 0 0 0 0 0 0 0 0 0 0 0 0 0 0 0 0 0 0 0 0 0 0 0 0 0 0 0 0 0 0 0 0 0 0 0 0 0 0 0 0 0 0 0 0 0 0 0 0 0 0 0 0 0 0 0 0 0
I1103 06:57:51.711035 47032434775104 create_pretraining_data.py:161] input_ids: 2 2570 2009 2434 7621 4 5040 4871 2928 5944 4 4 16371 4031 1988 3425 3 20829 6518 10822 3304 3637 8722 3902 4625 2154 23076 2018 7480 2256 7145 2598 9972 4 3 0 0 0 0 0 0 0 0 0 0 0 0 0 0 0 0 0 0 0 0 0 0 0 0 0 0 0 0 0 0 0 0 0 0 0 0 0 0 0 0 0 0 0 0 0 0 0 0 0 0 0 0 0 0 0 0 0 0 0 0 0 0 0 0 0 0 0 0 0 0 0 0 0 0 0 0 0 0 0 0 0 0 0 0 0 0 0 0 0 0 0 0 0
INFO:tensorflow:input_mask: 1 1 1 1 1 1 1 1 1 1 1 1 1 1 1 1 1 1 1 1 1 1 1 1 1 1 1 1 1 1 1 1 1 1 1 0 0 0 0 0 0 0 0 0 0 0 0 0 0 0 0 0 0 0 0 0 0 0 0 0 0 0 0 0 0 0 0 0 0 0 0 0 0 0 0 0 0 0 0 0 0 0 0 0 0 0 0 0 0 0 0 0 0 0 0 0 0 0 0 0 0 0 0 0 0 0 0 0 0 0 0 0 0 0 0 0 0 0 0 0 0 0 0 0 0 0 0 0
I1103 06:57:51.711401 47032434775104 create_pretraining_data.py:161] input_mask: 1 1 1 1 1 1 1 1 1 1 1 1 1 1 1 1 1 1 1 1 1 1 1 1 1 1 1 1 1 1 1 1 1 1 1 0 0 0 0 0 0 0 0 0 0 0 0 0 0 0 0 0 0 0 0 0 0 0 0 0 0 0 0 0 0 0 0 0 0 0 0 0 0 0 0 0 0 0 0 0 0 0 0 0 0 0 0 0 0 0 0 0 0 0 0 0 0 0 0 0 0 0 0 0 0 0 0 0 0 0 0 0 0 0 0 0 0 0 0 0 0 0 0 0 0 0 0 0
INFO:tensorflow:segment_ids: 0 0 0 0 0 0 0 0 0 0 0 0 0 0 0 0 0 1 1 1 1 1 1 1 1 1 1 1 1 1 1 1 1 1 1 0 0 0 0 0 0 0 0 0 0 0 0 0 0 0 0 0 0 0 0 0 0 0 0 0 0 0 0 0 0 0 0 0 0 0 0 0 0 0 0 0 0 0 0 0 0 0 0 0 0 0 0 0 0 0 0 0 0 0 0 0 0 0 0 0 0 0 0 0 0 0 0 0 0 0 0 0 0 0 0 0 0 0 0 0 0 0 0 0 0 0 0 0
I1103 06:57:51.711722 47032434775104 create_pretraining_data.py:161] segment_ids: 0 0 0 0 0 0 0 0 0 0 0 0 0 0 0 0 0 1 1 1 1 1 1 1 1 1 1 1 1 1 1 1 1 1 1 0 0 0 0 0 0 0 0 0 0 0 0 0 0 0 0 0 0 0 0 0 0 0 0 0 0 0 0 0 0 0 0 0 0 0 0 0 0 0 0 0 0 0 0 0 0 0 0 0 0 0 0 0 0 0 0 0 0 0 0 0 0 0 0 0 0 0 0 0 0 0 0 0 0 0 0 0 0 0 0 0 0 0 0 0 0 0 0 0 0 0 0 0
INFO:tensorflow:masked_lm_positions: 5 9 10 11 33 0 0 0 0 0 0 0 0 0 0 0 0 0 0 0
I1103 06:57:51.711953 47032434775104 create_pretraining_data.py:161] masked_lm_positions: 5 9 10 11 33 0 0 0 0 0 0 0 0 0 0 0 0 0 0 0
INFO:tensorflow:masked_lm_ids: 6170 3490 5297 1014 5844 0 0 0 0 0 0 0 0 0 0 0 0 0 0 0
I1103 06:57:51.712175 47032434775104 create_pretraining_data.py:161] masked_lm_ids: 6170 3490 5297 1014 5844 0 0 0 0 0 0 0 0 0 0 0 0 0 0 0
INFO:tensorflow:masked_lm_weights: 1.0 1.0 1.0 1.0 1.0 0.0 0.0 0.0 0.0 0.0 0.0 0.0 0.0 0.0 0.0 0.0 0.0 0.0 0.0 0.0
I1103 06:57:51.713694 47032434775104 create_pretraining_data.py:161] masked_lm_weights: 1.0 1.0 1.0 1.0 1.0 0.0 0.0 0.0 0.0 0.0 0.0 0.0 0.0 0.0 0.0 0.0 0.0 0.0 0.0 0.0
INFO:tensorflow:next_sentence_labels: 1
I1103 06:57:51.713926 47032434775104 create_pretraining_data.py:161] next_sentence_labels: 1
INFO:tensorflow:*** Example ***
I1103 06:57:51.715494 47032434775104 create_pretraining_data.py:149] *** Example ***
INFO:tensorflow:tokens: [CLS] اكتب كل يوم احا ##اول ان [MASK] ما [MASK] قلبي من الاوضاع [MASK] [MASK] اكتب والدم ##وع لات ##فا ##ارق ##ني اكتب ورج ##اا ##ئي الا [MASK] [MASK] [SEP] اشك ##وا اليك امور ##ا ##ماح تعلم ##ها مالي علي حملها صبر ولا ##جل ##د وقد مد ##دت يدي بالذ ##ل مفت ##قرا اليك يا خير من مد ##ت اليه يد يارب [SEP]
I1103 06:57:51.715854 47032434775104 create_pretraining_data.py:151] tokens: [CLS] اكتب كل يوم احا ##اول ان [MASK] ما [MASK] قلبي من الاوضاع [MASK] [MASK] اكتب والدم ##وع لات ##فا ##ارق ##ني اكتب ورج ##اا ##ئي الا [MASK] [MASK] [SEP] اشك ##وا اليك امور ##ا ##ماح تعلم ##ها مالي علي حملها صبر ولا ##جل ##د وقد مد ##دت يدي بالذ ##ل مفت ##قرا اليك يا خير من مد ##ت اليه يد يارب [SEP]
INFO:tensorflow:input_ids: 2 6559 2038 2232 13528 4155 1939 4 1972 4 3018 1908 17152 4 4 6559 17701 2095 2955 2167 4343 1974 6559 7515 2877 2930 1915 4 4 3 16838 1928 4230 9029 1007 15266 3698 1913 4852 1958 29191 9488 2086 2293 1016 2585 2165 4300 7580 10461 1010 4448 4250 4230 2104 2631 1908 2165 1005 3055 2474 2856 3 0 0 0 0 0 0 0 0 0 0 0 0 0 0 0 0 0 0 0 0 0 0 0 0 0 0 0 0 0 0 0 0 0 0 0 0 0 0 0 0 0 0 0 0 0 0 0 0 0 0 0 0 0 0 0 0 0 0 0 0 0 0 0 0 0
I1103 06:57:51.716200 47032434775104 create_pretraining_data.py:161] input_ids: 2 6559 2038 2232 13528 4155 1939 4 1972 4 3018 1908 17152 4 4 6559 17701 2095 2955 2167 4343 1974 6559 7515 2877 2930 1915 4 4 3 16838 1928 4230 9029 1007 15266 3698 1913 4852 1958 29191 9488 2086 2293 1016 2585 2165 4300 7580 10461 1010 4448 4250 4230 2104 2631 1908 2165 1005 3055 2474 2856 3 0 0 0 0 0 0 0 0 0 0 0 0 0 0 0 0 0 0 0 0 0 0 0 0 0 0 0 0 0 0 0 0 0 0 0 0 0 0 0 0 0 0 0 0 0 0 0 0 0 0 0 0 0 0 0 0 0 0 0 0 0 0 0 0 0
INFO:tensorflow:input_mask: 1 1 1 1 1 1 1 1 1 1 1 1 1 1 1 1 1 1 1 1 1 1 1 1 1 1 1 1 1 1 1 1 1 1 1 1 1 1 1 1 1 1 1 1 1 1 1 1 1 1 1 1 1 1 1 1 1 1 1 1 1 1 1 0 0 0 0 0 0 0 0 0 0 0 0 0 0 0 0 0 0 0 0 0 0 0 0 0 0 0 0 0 0 0 0 0 0 0 0 0 0 0 0 0 0 0 0 0 0 0 0 0 0 0 0 0 0 0 0 0 0 0 0 0 0 0 0 0
I1103 06:57:51.716547 47032434775104 create_pretraining_data.py:161] input_mask: 1 1 1 1 1 1 1 1 1 1 1 1 1 1 1 1 1 1 1 1 1 1 1 1 1 1 1 1 1 1 1 1 1 1 1 1 1 1 1 1 1 1 1 1 1 1 1 1 1 1 1 1 1 1 1 1 1 1 1 1 1 1 1 0 0 0 0 0 0 0 0 0 0 0 0 0 0 0 0 0 0 0 0 0 0 0 0 0 0 0 0 0 0 0 0 0 0 0 0 0 0 0 0 0 0 0 0 0 0 0 0 0 0 0 0 0 0 0 0 0 0 0 0 0 0 0 0 0
INFO:tensorflow:segment_ids: 0 0 0 0 0 0 0 0 0 0 0 0 0 0 0 0 0 0 0 0 0 0 0 0 0 0 0 0 0 0 1 1 1 1 1 1 1 1 1 1 1 1 1 1 1 1 1 1 1 1 1 1 1 1 1 1 1 1 1 1 1 1 1 0 0 0 0 0 0 0 0 0 0 0 0 0 0 0 0 0 0 0 0 0 0 0 0 0 0 0 0 0 0 0 0 0 0 0 0 0 0 0 0 0 0 0 0 0 0 0 0 0 0 0 0 0 0 0 0 0 0 0 0 0 0 0 0 0
I1103 06:57:51.716876 47032434775104 create_pretraining_data.py:161] segment_ids: 0 0 0 0 0 0 0 0 0 0 0 0 0 0 0 0 0 0 0 0 0 0 0 0 0 0 0 0 0 0 1 1 1 1 1 1 1 1 1 1 1 1 1 1 1 1 1 1 1 1 1 1 1 1 1 1 1 1 1 1 1 1 1 0 0 0 0 0 0 0 0 0 0 0 0 0 0 0 0 0 0 0 0 0 0 0 0 0 0 0 0 0 0 0 0 0 0 0 0 0 0 0 0 0 0 0 0 0 0 0 0 0 0 0 0 0 0 0 0 0 0 0 0 0 0 0 0 0
INFO:tensorflow:masked_lm_positions: 7 9 12 13 14 27 28 35 40 0 0 0 0 0 0 0 0 0 0 0
I1103 06:57:51.717107 47032434775104 create_pretraining_data.py:161] masked_lm_positions: 7 9 12 13 14 27 28 35 40 0 0 0 0 0 0 0 0 0 0 0
INFO:tensorflow:masked_lm_ids: 27785 1912 2839 3065 1015 6711 1974 2164 29191 0 0 0 0 0 0 0 0 0 0 0
I1103 06:57:51.717229 47032434775104 create_pretraining_data.py:161] masked_lm_ids: 27785 1912 2839 3065 1015 6711 1974 2164 29191 0 0 0 0 0 0 0 0 0 0 0
INFO:tensorflow:masked_lm_weights: 1.0 1.0 1.0 1.0 1.0 1.0 1.0 1.0 1.0 0.0 0.0 0.0 0.0 0.0 0.0 0.0 0.0 0.0 0.0 0.0
I1103 06:57:51.717354 47032434775104 create_pretraining_data.py:161] masked_lm_weights: 1.0 1.0 1.0 1.0 1.0 1.0 1.0 1.0 1.0 0.0 0.0 0.0 0.0 0.0 0.0 0.0 0.0 0.0 0.0 0.0
INFO:tensorflow:next_sentence_labels: 1
I1103 06:57:51.717465 47032434775104 create_pretraining_data.py:161] next_sentence_labels: 1
INFO:tensorflow:*** Example ***
I1103 06:57:51.718383 47032434775104 create_pretraining_data.py:149] *** Example ***
INFO:tensorflow:tokens: [CLS] [MASK] لسانك ياع ##ااا ##ت ##قه [SEP] سامي العنزي [MASK] [MASK] عندما تقدم للاخرين معروف ##ا اجعله بارب ##عه خصائص بادر به [MASK] طلبه عجل ##ه صغر ##ه في عينك مهما كبر قدمه [MASK] [MASK] وخ ##فاء [SEP]
I1103 06:57:51.718557 47032434775104 create_pretraining_data.py:151] tokens: [CLS] [MASK] لسانك ياع ##ااا ##ت ##قه [SEP] سامي العنزي [MASK] [MASK] عندما تقدم للاخرين معروف ##ا اجعله بارب ##عه خصائص بادر به [MASK] طلبه عجل ##ه صغر ##ه في عينك مهما كبر قدمه [MASK] [MASK] وخ ##فاء [SEP]
INFO:tensorflow:input_ids: 2 4 11271 7509 12541 1005 2144 3 9105 10726 4 4 2805 3868 25580 9216 1007 20659 19569 2226 17663 22210 2249 4 18070 13884 1028 26493 1028 1912 10721 3864 11770 15928 4 4 2680 3254 3 0 0 0 0 0 0 0 0 0 0 0 0 0 0 0 0 0 0 0 0 0 0 0 0 0 0 0 0 0 0 0 0 0 0 0 0 0 0 0 0 0 0 0 0 0 0 0 0 0 0 0 0 0 0 0 0 0 0 0 0 0 0 0 0 0 0 0 0 0 0 0 0 0 0 0 0 0 0 0 0 0 0 0 0 0 0 0 0 0
I1103 06:57:51.718763 47032434775104 create_pretraining_data.py:161] input_ids: 2 4 11271 7509 12541 1005 2144 3 9105 10726 4 4 2805 3868 25580 9216 1007 20659 19569 2226 17663 22210 2249 4 18070 13884 1028 26493 1028 1912 10721 3864 11770 15928 4 4 2680 3254 3 0 0 0 0 0 0 0 0 0 0 0 0 0 0 0 0 0 0 0 0 0 0 0 0 0 0 0 0 0 0 0 0 0 0 0 0 0 0 0 0 0 0 0 0 0 0 0 0 0 0 0 0 0 0 0 0 0 0 0 0 0 0 0 0 0 0 0 0 0 0 0 0 0 0 0 0 0 0 0 0 0 0 0 0 0 0 0 0 0
INFO:tensorflow:input_mask: 1 1 1 1 1 1 1 1 1 1 1 1 1 1 1 1 1 1 1 1 1 1 1 1 1 1 1 1 1 1 1 1 1 1 1 1 1 1 1 0 0 0 0 0 0 0 0 0 0 0 0 0 0 0 0 0 0 0 0 0 0 0 0 0 0 0 0 0 0 0 0 0 0 0 0 0 0 0 0 0 0 0 0 0 0 0 0 0 0 0 0 0 0 0 0 0 0 0 0 0 0 0 0 0 0 0 0 0 0 0 0 0 0 0 0 0 0 0 0 0 0 0 0 0 0 0 0 0
I1103 06:57:51.718955 47032434775104 create_pretraining_data.py:161] input_mask: 1 1 1 1 1 1 1 1 1 1 1 1 1 1 1 1 1 1 1 1 1 1 1 1 1 1 1 1 1 1 1 1 1 1 1 1 1 1 1 0 0 0 0 0 0 0 0 0 0 0 0 0 0 0 0 0 0 0 0 0 0 0 0 0 0 0 0 0 0 0 0 0 0 0 0 0 0 0 0 0 0 0 0 0 0 0 0 0 0 0 0 0 0 0 0 0 0 0 0 0 0 0 0 0 0 0 0 0 0 0 0 0 0 0 0 0 0 0 0 0 0 0 0 0 0 0 0 0
INFO:tensorflow:segment_ids: 0 0 0 0 0 0 0 0 1 1 1 1 1 1 1 1 1 1 1 1 1 1 1 1 1 1 1 1 1 1 1 1 1 1 1 1 1 1 1 0 0 0 0 0 0 0 0 0 0 0 0 0 0 0 0 0 0 0 0 0 0 0 0 0 0 0 0 0 0 0 0 0 0 0 0 0 0 0 0 0 0 0 0 0 0 0 0 0 0 0 0 0 0 0 0 0 0 0 0 0 0 0 0 0 0 0 0 0 0 0 0 0 0 0 0 0 0 0 0 0 0 0 0 0 0 0 0 0
I1103 06:57:51.719124 47032434775104 create_pretraining_data.py:161] segment_ids: 0 0 0 0 0 0 0 0 1 1 1 1 1 1 1 1 1 1 1 1 1 1 1 1 1 1 1 1 1 1 1 1 1 1 1 1 1 1 1 0 0 0 0 0 0 0 0 0 0 0 0 0 0 0 0 0 0 0 0 0 0 0 0 0 0 0 0 0 0 0 0 0 0 0 0 0 0 0 0 0 0 0 0 0 0 0 0 0 0 0 0 0 0 0 0 0 0 0 0 0 0 0 0 0 0 0 0 0 0 0 0 0 0 0 0 0 0 0 0 0 0 0 0 0 0 0 0 0
INFO:tensorflow:masked_lm_positions: 1 10 11 23 34 35 0 0 0 0 0 0 0 0 0 0 0 0 0 0
I1103 06:57:51.719248 47032434775104 create_pretraining_data.py:161] masked_lm_positions: 1 10 11 23 34 35 0 0 0 0 0 0 0 0 0 0 0 0 0 0
INFO:tensorflow:masked_lm_ids: 2786 8352 3472 2289 16219 1017 0 0 0 0 0 0 0 0 0 0 0 0 0 0
I1103 06:57:51.719368 47032434775104 create_pretraining_data.py:161] masked_lm_ids: 2786 8352 3472 2289 16219 1017 0 0 0 0 0 0 0 0 0 0 0 0 0 0
INFO:tensorflow:masked_lm_weights: 1.0 1.0 1.0 1.0 1.0 1.0 0.0 0.0 0.0 0.0 0.0 0.0 0.0 0.0 0.0 0.0 0.0 0.0 0.0 0.0
I1103 06:57:51.719490 47032434775104 create_pretraining_data.py:161] masked_lm_weights: 1.0 1.0 1.0 1.0 1.0 1.0 0.0 0.0 0.0 0.0 0.0 0.0 0.0 0.0 0.0 0.0 0.0 0.0 0.0 0.0
INFO:tensorflow:next_sentence_labels: 1
I1103 06:57:51.719600 47032434775104 create_pretraining_data.py:161] next_sentence_labels: 1
INFO:tensorflow:*** Example ***
I1103 06:57:51.720411 47032434775104 create_pretraining_data.py:149] *** Example ***
INFO:tensorflow:tokens: [CLS] ثقافه العمال ##ه وكر ##ه [MASK] ##طان [SEP] مبدا الحياه بسيط جا ##ور السعد ##اء [MASK] [SEP]
I1103 06:57:51.720572 47032434775104 create_pretraining_data.py:151] tokens: [CLS] ثقافه العمال ##ه وكر ##ه [MASK] ##طان [SEP] مبدا الحياه بسيط جا ##ور السعد ##اء [MASK] [SEP]
INFO:tensorflow:input_ids: 2 22365 5460 1028 13452 1028 4 3779 3 19377 3014 9893 6075 1936 19044 1954 4 3 0 0 0 0 0 0 0 0 0 0 0 0 0 0 0 0 0 0 0 0 0 0 0 0 0 0 0 0 0 0 0 0 0 0 0 0 0 0 0 0 0 0 0 0 0 0 0 0 0 0 0 0 0 0 0 0 0 0 0 0 0 0 0 0 0 0 0 0 0 0 0 0 0 0 0 0 0 0 0 0 0 0 0 0 0 0 0 0 0 0 0 0 0 0 0 0 0 0 0 0 0 0 0 0 0 0 0 0 0 0
I1103 06:57:51.720757 47032434775104 create_pretraining_data.py:161] input_ids: 2 22365 5460 1028 13452 1028 4 3779 3 19377 3014 9893 6075 1936 19044 1954 4 3 0 0 0 0 0 0 0 0 0 0 0 0 0 0 0 0 0 0 0 0 0 0 0 0 0 0 0 0 0 0 0 0 0 0 0 0 0 0 0 0 0 0 0 0 0 0 0 0 0 0 0 0 0 0 0 0 0 0 0 0 0 0 0 0 0 0 0 0 0 0 0 0 0 0 0 0 0 0 0 0 0 0 0 0 0 0 0 0 0 0 0 0 0 0 0 0 0 0 0 0 0 0 0 0 0 0 0 0 0 0
INFO:tensorflow:input_mask: 1 1 1 1 1 1 1 1 1 1 1 1 1 1 1 1 1 1 0 0 0 0 0 0 0 0 0 0 0 0 0 0 0 0 0 0 0 0 0 0 0 0 0 0 0 0 0 0 0 0 0 0 0 0 0 0 0 0 0 0 0 0 0 0 0 0 0 0 0 0 0 0 0 0 0 0 0 0 0 0 0 0 0 0 0 0 0 0 0 0 0 0 0 0 0 0 0 0 0 0 0 0 0 0 0 0 0 0 0 0 0 0 0 0 0 0 0 0 0 0 0 0 0 0 0 0 0 0
I1103 06:57:51.720924 47032434775104 create_pretraining_data.py:161] input_mask: 1 1 1 1 1 1 1 1 1 1 1 1 1 1 1 1 1 1 0 0 0 0 0 0 0 0 0 0 0 0 0 0 0 0 0 0 0 0 0 0 0 0 0 0 0 0 0 0 0 0 0 0 0 0 0 0 0 0 0 0 0 0 0 0 0 0 0 0 0 0 0 0 0 0 0 0 0 0 0 0 0 0 0 0 0 0 0 0 0 0 0 0 0 0 0 0 0 0 0 0 0 0 0 0 0 0 0 0 0 0 0 0 0 0 0 0 0 0 0 0 0 0 0 0 0 0 0 0
INFO:tensorflow:segment_ids: 0 0 0 0 0 0 0 0 0 1 1 1 1 1 1 1 1 1 0 0 0 0 0 0 0 0 0 0 0 0 0 0 0 0 0 0 0 0 0 0 0 0 0 0 0 0 0 0 0 0 0 0 0 0 0 0 0 0 0 0 0 0 0 0 0 0 0 0 0 0 0 0 0 0 0 0 0 0 0 0 0 0 0 0 0 0 0 0 0 0 0 0 0 0 0 0 0 0 0 0 0 0 0 0 0 0 0 0 0 0 0 0 0 0 0 0 0 0 0 0 0 0 0 0 0 0 0 0
I1103 06:57:51.721103 47032434775104 create_pretraining_data.py:161] segment_ids: 0 0 0 0 0 0 0 0 0 1 1 1 1 1 1 1 1 1 0 0 0 0 0 0 0 0 0 0 0 0 0 0 0 0 0 0 0 0 0 0 0 0 0 0 0 0 0 0 0 0 0 0 0 0 0 0 0 0 0 0 0 0 0 0 0 0 0 0 0 0 0 0 0 0 0 0 0 0 0 0 0 0 0 0 0 0 0 0 0 0 0 0 0 0 0 0 0 0 0 0 0 0 0 0 0 0 0 0 0 0 0 0 0 0 0 0 0 0 0 0 0 0 0 0 0 0 0 0
INFO:tensorflow:masked_lm_positions: 6 7 16 0 0 0 0 0 0 0 0 0 0 0 0 0 0 0 0 0
I1103 06:57:51.721227 47032434775104 create_pretraining_data.py:161] masked_lm_positions: 6 7 16 0 0 0 0 0 0 0 0 0 0 0 0 0 0 0 0 0
INFO:tensorflow:masked_lm_ids: 8684 3779 11236 0 0 0 0 0 0 0 0 0 0 0 0 0 0 0 0 0
I1103 06:57:51.721346 47032434775104 create_pretraining_data.py:161] masked_lm_ids: 8684 3779 11236 0 0 0 0 0 0 0 0 0 0 0 0 0 0 0 0 0
INFO:tensorflow:masked_lm_weights: 1.0 1.0 1.0 0.0 0.0 0.0 0.0 0.0 0.0 0.0 0.0 0.0 0.0 0.0 0.0 0.0 0.0 0.0 0.0 0.0
I1103 06:57:51.721467 47032434775104 create_pretraining_data.py:161] masked_lm_weights: 1.0 1.0 1.0 0.0 0.0 0.0 0.0 0.0 0.0 0.0 0.0 0.0 0.0 0.0 0.0 0.0 0.0 0.0 0.0 0.0
INFO:tensorflow:next_sentence_labels: 1
I1103 06:57:51.721577 47032434775104 create_pretraining_data.py:161] next_sentence_labels: 1
INFO:tensorflow:*** Example ***
I1103 06:57:51.722353 47032434775104 create_pretraining_data.py:149] *** Example ***
INFO:tensorflow:tokens: [CLS] لا [MASK] ##وا [MASK] في قلب احد مو كل الب ##ذر [MASK] زه ##ر [SEP] سبع مرات تغفر لك كل ##ارد استغفرالله الذي لا اله الاه ##و الحي القيوم واتوب اليه [SEP]
I1103 06:57:51.722519 47032434775104 create_pretraining_data.py:151] tokens: [CLS] لا [MASK] ##وا [MASK] في قلب احد مو كل الب ##ذر [MASK] زه ##ر [SEP] سبع مرات تغفر لك كل ##ارد استغفرالله الذي لا اله الاه ##و الحي القيوم واتوب اليه [SEP]
INFO:tensorflow:input_ids: 2 1963 4 1928 4 1912 2362 2439 2481 2038 1968 3136 4 11266 1017 3 7464 4661 14740 2278 2038 4474 5045 2130 1963 2090 5374 1012 3593 7840 3915 3055 3 0 0 0 0 0 0 0 0 0 0 0 0 0 0 0 0 0 0 0 0 0 0 0 0 0 0 0 0 0 0 0 0 0 0 0 0 0 0 0 0 0 0 0 0 0 0 0 0 0 0 0 0 0 0 0 0 0 0 0 0 0 0 0 0 0 0 0 0 0 0 0 0 0 0 0 0 0 0 0 0 0 0 0 0 0 0 0 0 0 0 0 0 0 0 0
I1103 06:57:51.722711 47032434775104 create_pretraining_data.py:161] input_ids: 2 1963 4 1928 4 1912 2362 2439 2481 2038 1968 3136 4 11266 1017 3 7464 4661 14740 2278 2038 4474 5045 2130 1963 2090 5374 1012 3593 7840 3915 3055 3 0 0 0 0 0 0 0 0 0 0 0 0 0 0 0 0 0 0 0 0 0 0 0 0 0 0 0 0 0 0 0 0 0 0 0 0 0 0 0 0 0 0 0 0 0 0 0 0 0 0 0 0 0 0 0 0 0 0 0 0 0 0 0 0 0 0 0 0 0 0 0 0 0 0 0 0 0 0 0 0 0 0 0 0 0 0 0 0 0 0 0 0 0 0 0
INFO:tensorflow:input_mask: 1 1 1 1 1 1 1 1 1 1 1 1 1 1 1 1 1 1 1 1 1 1 1 1 1 1 1 1 1 1 1 1 1 0 0 0 0 0 0 0 0 0 0 0 0 0 0 0 0 0 0 0 0 0 0 0 0 0 0 0 0 0 0 0 0 0 0 0 0 0 0 0 0 0 0 0 0 0 0 0 0 0 0 0 0 0 0 0 0 0 0 0 0 0 0 0 0 0 0 0 0 0 0 0 0 0 0 0 0 0 0 0 0 0 0 0 0 0 0 0 0 0 0 0 0 0 0 0
I1103 06:57:51.722882 47032434775104 create_pretraining_data.py:161] input_mask: 1 1 1 1 1 1 1 1 1 1 1 1 1 1 1 1 1 1 1 1 1 1 1 1 1 1 1 1 1 1 1 1 1 0 0 0 0 0 0 0 0 0 0 0 0 0 0 0 0 0 0 0 0 0 0 0 0 0 0 0 0 0 0 0 0 0 0 0 0 0 0 0 0 0 0 0 0 0 0 0 0 0 0 0 0 0 0 0 0 0 0 0 0 0 0 0 0 0 0 0 0 0 0 0 0 0 0 0 0 0 0 0 0 0 0 0 0 0 0 0 0 0 0 0 0 0 0 0
INFO:tensorflow:segment_ids: 0 0 0 0 0 0 0 0 0 0 0 0 0 0 0 0 1 1 1 1 1 1 1 1 1 1 1 1 1 1 1 1 1 0 0 0 0 0 0 0 0 0 0 0 0 0 0 0 0 0 0 0 0 0 0 0 0 0 0 0 0 0 0 0 0 0 0 0 0 0 0 0 0 0 0 0 0 0 0 0 0 0 0 0 0 0 0 0 0 0 0 0 0 0 0 0 0 0 0 0 0 0 0 0 0 0 0 0 0 0 0 0 0 0 0 0 0 0 0 0 0 0 0 0 0 0 0 0
I1103 06:57:51.723045 47032434775104 create_pretraining_data.py:161] segment_ids: 0 0 0 0 0 0 0 0 0 0 0 0 0 0 0 0 1 1 1 1 1 1 1 1 1 1 1 1 1 1 1 1 1 0 0 0 0 0 0 0 0 0 0 0 0 0 0 0 0 0 0 0 0 0 0 0 0 0 0 0 0 0 0 0 0 0 0 0 0 0 0 0 0 0 0 0 0 0 0 0 0 0 0 0 0 0 0 0 0 0 0 0 0 0 0 0 0 0 0 0 0 0 0 0 0 0 0 0 0 0 0 0 0 0 0 0 0 0 0 0 0 0 0 0 0 0 0 0
INFO:tensorflow:masked_lm_positions: 2 3 4 12 21 0 0 0 0 0 0 0 0 0 0 0 0 0 0 0
I1103 06:57:51.723186 47032434775104 create_pretraining_data.py:161] masked_lm_positions: 2 3 4 12 21 0 0 0 0 0 0 0 0 0 0 0 0 0 0 0
INFO:tensorflow:masked_lm_ids: 25927 1928 19955 28356 19614 0 0 0 0 0 0 0 0 0 0 0 0 0 0 0
I1103 06:57:51.723306 47032434775104 create_pretraining_data.py:161] masked_lm_ids: 25927 1928 19955 28356 19614 0 0 0 0 0 0 0 0 0 0 0 0 0 0 0
INFO:tensorflow:masked_lm_weights: 1.0 1.0 1.0 1.0 1.0 0.0 0.0 0.0 0.0 0.0 0.0 0.0 0.0 0.0 0.0 0.0 0.0 0.0 0.0 0.0
I1103 06:57:51.723429 47032434775104 create_pretraining_data.py:161] masked_lm_weights: 1.0 1.0 1.0 1.0 1.0 0.0 0.0 0.0 0.0 0.0 0.0 0.0 0.0 0.0 0.0 0.0 0.0 0.0 0.0 0.0
INFO:tensorflow:next_sentence_labels: 1
I1103 06:57:51.723540 47032434775104 create_pretraining_data.py:161] next_sentence_labels: 1
INFO:tensorflow:*** Example ***
I1103 06:57:51.724336 47032434775104 create_pretraining_data.py:149] *** Example ***
INFO:tensorflow:tokens: [CLS] نقدر يستحقون [MASK] لعبد ##الك ##ريم الحربي يبدا التصويت يوم الجمعه 4 عصرا وسوف ننشر تفاصيل كيفيه [MASK] [SEP] انا ##دي عليه اراد [MASK] العين [MASK] ماا ##ه وانا داري اني لو تح ##ريت ماج ##اني [SEP]
I1103 06:57:51.724505 47032434775104 create_pretraining_data.py:151] tokens: [CLS] نقدر يستحقون [MASK] لعبد ##الك ##ريم الحربي يبدا التصويت يوم الجمعه 4 عصرا وسوف ننشر تفاصيل كيفيه [MASK] [SEP] انا ##دي عليه اراد [MASK] العين [MASK] ماا ##ه وانا داري اني لو تح ##ريت ماج ##اني [SEP]
INFO:tensorflow:input_ids: 2 20597 20842 4 23547 2597 2710 8629 12179 8019 2232 4305 24 22238 8990 28297 5706 24752 4 3 2315 1930 2181 7304 4 2273 4 14363 1028 3257 24964 2694 2244 2125 5381 8852 2022 3 0 0 0 0 0 0 0 0 0 0 0 0 0 0 0 0 0 0 0 0 0 0 0 0 0 0 0 0 0 0 0 0 0 0 0 0 0 0 0 0 0 0 0 0 0 0 0 0 0 0 0 0 0 0 0 0 0 0 0 0 0 0 0 0 0 0 0 0 0 0 0 0 0 0 0 0 0 0 0 0 0 0 0 0 0 0 0 0 0 0
I1103 06:57:51.724701 47032434775104 create_pretraining_data.py:161] input_ids: 2 20597 20842 4 23547 2597 2710 8629 12179 8019 2232 4305 24 22238 8990 28297 5706 24752 4 3 2315 1930 2181 7304 4 2273 4 14363 1028 3257 24964 2694 2244 2125 5381 8852 2022 3 0 0 0 0 0 0 0 0 0 0 0 0 0 0 0 0 0 0 0 0 0 0 0 0 0 0 0 0 0 0 0 0 0 0 0 0 0 0 0 0 0 0 0 0 0 0 0 0 0 0 0 0 0 0 0 0 0 0 0 0 0 0 0 0 0 0 0 0 0 0 0 0 0 0 0 0 0 0 0 0 0 0 0 0 0 0 0 0 0 0
INFO:tensorflow:input_mask: 1 1 1 1 1 1 1 1 1 1 1 1 1 1 1 1 1 1 1 1 1 1 1 1 1 1 1 1 1 1 1 1 1 1 1 1 1 1 0 0 0 0 0 0 0 0 0 0 0 0 0 0 0 0 0 0 0 0 0 0 0 0 0 0 0 0 0 0 0 0 0 0 0 0 0 0 0 0 0 0 0 0 0 0 0 0 0 0 0 0 0 0 0 0 0 0 0 0 0 0 0 0 0 0 0 0 0 0 0 0 0 0 0 0 0 0 0 0 0 0 0 0 0 0 0 0 0 0
I1103 06:57:51.724875 47032434775104 create_pretraining_data.py:161] input_mask: 1 1 1 1 1 1 1 1 1 1 1 1 1 1 1 1 1 1 1 1 1 1 1 1 1 1 1 1 1 1 1 1 1 1 1 1 1 1 0 0 0 0 0 0 0 0 0 0 0 0 0 0 0 0 0 0 0 0 0 0 0 0 0 0 0 0 0 0 0 0 0 0 0 0 0 0 0 0 0 0 0 0 0 0 0 0 0 0 0 0 0 0 0 0 0 0 0 0 0 0 0 0 0 0 0 0 0 0 0 0 0 0 0 0 0 0 0 0 0 0 0 0 0 0 0 0 0 0
INFO:tensorflow:segment_ids: 0 0 0 0 0 0 0 0 0 0 0 0 0 0 0 0 0 0 0 0 1 1 1 1 1 1 1 1 1 1 1 1 1 1 1 1 1 1 0 0 0 0 0 0 0 0 0 0 0 0 0 0 0 0 0 0 0 0 0 0 0 0 0 0 0 0 0 0 0 0 0 0 0 0 0 0 0 0 0 0 0 0 0 0 0 0 0 0 0 0 0 0 0 0 0 0 0 0 0 0 0 0 0 0 0 0 0 0 0 0 0 0 0 0 0 0 0 0 0 0 0 0 0 0 0 0 0 0
I1103 06:57:51.725041 47032434775104 create_pretraining_data.py:161] segment_ids: 0 0 0 0 0 0 0 0 0 0 0 0 0 0 0 0 0 0 0 0 1 1 1 1 1 1 1 1 1 1 1 1 1 1 1 1 1 1 0 0 0 0 0 0 0 0 0 0 0 0 0 0 0 0 0 0 0 0 0 0 0 0 0 0 0 0 0 0 0 0 0 0 0 0 0 0 0 0 0 0 0 0 0 0 0 0 0 0 0 0 0 0 0 0 0 0 0 0 0 0 0 0 0 0 0 0 0 0 0 0 0 0 0 0 0 0 0 0 0 0 0 0 0 0 0 0 0 0
INFO:tensorflow:masked_lm_positions: 2 3 18 23 24 26 0 0 0 0 0 0 0 0 0 0 0 0 0 0
I1103 06:57:51.725180 47032434775104 create_pretraining_data.py:161] masked_lm_positions: 2 3 18 23 24 26 0 0 0 0 0 0 0 0 0 0 0 0 0 0
INFO:tensorflow:masked_lm_ids: 12340 16160 8019 12686 2004 23864 0 0 0 0 0 0 0 0 0 0 0 0 0 0
I1103 06:57:51.725303 47032434775104 create_pretraining_data.py:161] masked_lm_ids: 12340 16160 8019 12686 2004 23864 0 0 0 0 0 0 0 0 0 0 0 0 0 0
INFO:tensorflow:masked_lm_weights: 1.0 1.0 1.0 1.0 1.0 1.0 0.0 0.0 0.0 0.0 0.0 0.0 0.0 0.0 0.0 0.0 0.0 0.0 0.0 0.0
I1103 06:57:51.725426 47032434775104 create_pretraining_data.py:161] masked_lm_weights: 1.0 1.0 1.0 1.0 1.0 1.0 0.0 0.0 0.0 0.0 0.0 0.0 0.0 0.0 0.0 0.0 0.0 0.0 0.0 0.0
INFO:tensorflow:next_sentence_labels: 1
I1103 06:57:51.725538 47032434775104 create_pretraining_data.py:161] next_sentence_labels: 1
INFO:tensorflow:*** Example ***
I1103 06:57:51.726193 47032434775104 create_pretraining_data.py:149] *** Example ***
INFO:tensorflow:tokens: [CLS] الن ##ني 2008 يترك ##ه الاهلي [MASK] 2010 تصعيد ##ه للفريق الاول بالمق ##اول ##ون 2013 [MASK] [MASK] 6 اشهر [MASK] [MASK] كا ##خت ##بار 2016 ينتقل لار ##سن ##ال [SEP] استغفر الله العظيم [SEP]
I1103 06:57:51.726322 47032434775104 create_pretraining_data.py:151] tokens: [CLS] الن ##ني 2008 يترك ##ه الاهلي [MASK] 2010 تصعيد ##ه للفريق الاول بالمق ##اول ##ون 2013 [MASK] [MASK] 6 اشهر [MASK] [MASK] كا ##خت ##بار 2016 ينتقل لار ##سن ##ال [SEP] استغفر الله العظيم [SEP]
INFO:tensorflow:input_ids: 2 1977 1974 6705 9290 1028 3105 4 5190 23663 1028 11751 3307 23959 4155 1922 4411 4 4 26 7100 4 4 5807 2114 2067 3400 22190 14937 2513 1901 3 2870 1953 3049 3 0 0 0 0 0 0 0 0 0 0 0 0 0 0 0 0 0 0 0 0 0 0 0 0 0 0 0 0 0 0 0 0 0 0 0 0 0 0 0 0 0 0 0 0 0 0 0 0 0 0 0 0 0 0 0 0 0 0 0 0 0 0 0 0 0 0 0 0 0 0 0 0 0 0 0 0 0 0 0 0 0 0 0 0 0 0 0 0 0 0 0 0
I1103 06:57:51.726466 47032434775104 create_pretraining_data.py:161] input_ids: 2 1977 1974 6705 9290 1028 3105 4 5190 23663 1028 11751 3307 23959 4155 1922 4411 4 4 26 7100 4 4 5807 2114 2067 3400 22190 14937 2513 1901 3 2870 1953 3049 3 0 0 0 0 0 0 0 0 0 0 0 0 0 0 0 0 0 0 0 0 0 0 0 0 0 0 0 0 0 0 0 0 0 0 0 0 0 0 0 0 0 0 0 0 0 0 0 0 0 0 0 0 0 0 0 0 0 0 0 0 0 0 0 0 0 0 0 0 0 0 0 0 0 0 0 0 0 0 0 0 0 0 0 0 0 0 0 0 0 0 0 0
INFO:tensorflow:input_mask: 1 1 1 1 1 1 1 1 1 1 1 1 1 1 1 1 1 1 1 1 1 1 1 1 1 1 1 1 1 1 1 1 1 1 1 1 0 0 0 0 0 0 0 0 0 0 0 0 0 0 0 0 0 0 0 0 0 0 0 0 0 0 0 0 0 0 0 0 0 0 0 0 0 0 0 0 0 0 0 0 0 0 0 0 0 0 0 0 0 0 0 0 0 0 0 0 0 0 0 0 0 0 0 0 0 0 0 0 0 0 0 0 0 0 0 0 0 0 0 0 0 0 0 0 0 0 0 0
I1103 06:57:51.726593 47032434775104 create_pretraining_data.py:161] input_mask: 1 1 1 1 1 1 1 1 1 1 1 1 1 1 1 1 1 1 1 1 1 1 1 1 1 1 1 1 1 1 1 1 1 1 1 1 0 0 0 0 0 0 0 0 0 0 0 0 0 0 0 0 0 0 0 0 0 0 0 0 0 0 0 0 0 0 0 0 0 0 0 0 0 0 0 0 0 0 0 0 0 0 0 0 0 0 0 0 0 0 0 0 0 0 0 0 0 0 0 0 0 0 0 0 0 0 0 0 0 0 0 0 0 0 0 0 0 0 0 0 0 0 0 0 0 0 0 0
INFO:tensorflow:segment_ids: 0 0 0 0 0 0 0 0 0 0 0 0 0 0 0 0 0 0 0 0 0 0 0 0 0 0 0 0 0 0 0 0 1 1 1 1 0 0 0 0 0 0 0 0 0 0 0 0 0 0 0 0 0 0 0 0 0 0 0 0 0 0 0 0 0 0 0 0 0 0 0 0 0 0 0 0 0 0 0 0 0 0 0 0 0 0 0 0 0 0 0 0 0 0 0 0 0 0 0 0 0 0 0 0 0 0 0 0 0 0 0 0 0 0 0 0 0 0 0 0 0 0 0 0 0 0 0 0
I1103 06:57:51.726722 47032434775104 create_pretraining_data.py:161] segment_ids: 0 0 0 0 0 0 0 0 0 0 0 0 0 0 0 0 0 0 0 0 0 0 0 0 0 0 0 0 0 0 0 0 1 1 1 1 0 0 0 0 0 0 0 0 0 0 0 0 0 0 0 0 0 0 0 0 0 0 0 0 0 0 0 0 0 0 0 0 0 0 0 0 0 0 0 0 0 0 0 0 0 0 0 0 0 0 0 0 0 0 0 0 0 0 0 0 0 0 0 0 0 0 0 0 0 0 0 0 0 0 0 0 0 0 0 0 0 0 0 0 0 0 0 0 0 0 0 0
INFO:tensorflow:masked_lm_positions: 7 17 18 21 22 0 0 0 0 0 0 0 0 0 0 0 0 0 0 0
I1103 06:57:51.726814 47032434775104 create_pretraining_data.py:161] masked_lm_positions: 7 17 18 21 22 0 0 0 0 0 0 0 0 0 0 0 0 0 0 0
INFO:tensorflow:masked_lm_ids: 5515 2280 2418 28982 2596 0 0 0 0 0 0 0 0 0 0 0 0 0 0 0
I1103 06:57:51.726903 47032434775104 create_pretraining_data.py:161] masked_lm_ids: 5515 2280 2418 28982 2596 0 0 0 0 0 0 0 0 0 0 0 0 0 0 0
INFO:tensorflow:masked_lm_weights: 1.0 1.0 1.0 1.0 1.0 0.0 0.0 0.0 0.0 0.0 0.0 0.0 0.0 0.0 0.0 0.0 0.0 0.0 0.0 0.0
I1103 06:57:51.727008 47032434775104 create_pretraining_data.py:161] masked_lm_weights: 1.0 1.0 1.0 1.0 1.0 0.0 0.0 0.0 0.0 0.0 0.0 0.0 0.0 0.0 0.0 0.0 0.0 0.0 0.0 0.0
INFO:tensorflow:next_sentence_labels: 1
I1103 06:57:51.727092 47032434775104 create_pretraining_data.py:161] next_sentence_labels: 1
INFO:tensorflow:*** Example ***
I1103 06:57:51.727704 47032434775104 create_pretraining_data.py:149] *** Example ***
INFO:tensorflow:tokens: [CLS] الخضيري و معاذ و عبدالكريم من جيل طائر [MASK] ارسال الله يسعد ##هم زد رصيدك5 ##9 [SEP] قال ابن تيميه سوره هود فيها من [MASK] والتع ##جي ##ز ما [MASK] يعلمه الا الله وفيها من الموا ##عظ والحكم والتر ##غيب [MASK] [MASK] [MASK] [MASK] لا يقدر قدره الا الله [SEP]
I1103 06:57:51.727841 47032434775104 create_pretraining_data.py:151] tokens: [CLS] الخضيري و معاذ و عبدالكريم من جيل طائر [MASK] ارسال الله يسعد ##هم زد رصيدك5 ##9 [SEP] قال ابن تيميه سوره هود فيها من [MASK] والتع ##جي ##ز ما [MASK] يعلمه الا الله وفيها من الموا ##عظ والحكم والتر ##غيب [MASK] [MASK] [MASK] [MASK] لا يقدر قدره الا الله [SEP]
INFO:tensorflow:input_ids: 2 23299 415 9943 415 11872 1908 10575 14109 4 12897 1953 5160 1949 3477 11361 1077 3 2136 2549 18409 6311 21696 2443 1908 4 8970 2643 1008 1972 4 27566 1915 1953 14338 1908 2350 24776 17945 20263 13062 4 4 4 4 1963 7518 10778 1915 1953 3 0 0 0 0 0 0 0 0 0 0 0 0 0 0 0 0 0 0 0 0 0 0 0 0 0 0 0 0 0 0 0 0 0 0 0 0 0 0 0 0 0 0 0 0 0 0 0 0 0 0 0 0 0 0 0 0 0 0 0 0 0 0 0 0 0 0 0 0 0 0 0 0 0 0 0 0 0
I1103 06:57:51.727982 47032434775104 create_pretraining_data.py:161] input_ids: 2 23299 415 9943 415 11872 1908 10575 14109 4 12897 1953 5160 1949 3477 11361 1077 3 2136 2549 18409 6311 21696 2443 1908 4 8970 2643 1008 1972 4 27566 1915 1953 14338 1908 2350 24776 17945 20263 13062 4 4 4 4 1963 7518 10778 1915 1953 3 0 0 0 0 0 0 0 0 0 0 0 0 0 0 0 0 0 0 0 0 0 0 0 0 0 0 0 0 0 0 0 0 0 0 0 0 0 0 0 0 0 0 0 0 0 0 0 0 0 0 0 0 0 0 0 0 0 0 0 0 0 0 0 0 0 0 0 0 0 0 0 0 0 0 0 0 0
INFO:tensorflow:input_mask: 1 1 1 1 1 1 1 1 1 1 1 1 1 1 1 1 1 1 1 1 1 1 1 1 1 1 1 1 1 1 1 1 1 1 1 1 1 1 1 1 1 1 1 1 1 1 1 1 1 1 1 0 0 0 0 0 0 0 0 0 0 0 0 0 0 0 0 0 0 0 0 0 0 0 0 0 0 0 0 0 0 0 0 0 0 0 0 0 0 0 0 0 0 0 0 0 0 0 0 0 0 0 0 0 0 0 0 0 0 0 0 0 0 0 0 0 0 0 0 0 0 0 0 0 0 0 0 0
I1103 06:57:51.728111 47032434775104 create_pretraining_data.py:161] input_mask: 1 1 1 1 1 1 1 1 1 1 1 1 1 1 1 1 1 1 1 1 1 1 1 1 1 1 1 1 1 1 1 1 1 1 1 1 1 1 1 1 1 1 1 1 1 1 1 1 1 1 1 0 0 0 0 0 0 0 0 0 0 0 0 0 0 0 0 0 0 0 0 0 0 0 0 0 0 0 0 0 0 0 0 0 0 0 0 0 0 0 0 0 0 0 0 0 0 0 0 0 0 0 0 0 0 0 0 0 0 0 0 0 0 0 0 0 0 0 0 0 0 0 0 0 0 0 0 0
INFO:tensorflow:segment_ids: 0 0 0 0 0 0 0 0 0 0 0 0 0 0 0 0 0 0 1 1 1 1 1 1 1 1 1 1 1 1 1 1 1 1 1 1 1 1 1 1 1 1 1 1 1 1 1 1 1 1 1 0 0 0 0 0 0 0 0 0 0 0 0 0 0 0 0 0 0 0 0 0 0 0 0 0 0 0 0 0 0 0 0 0 0 0 0 0 0 0 0 0 0 0 0 0 0 0 0 0 0 0 0 0 0 0 0 0 0 0 0 0 0 0 0 0 0 0 0 0 0 0 0 0 0 0 0 0
I1103 06:57:51.728236 47032434775104 create_pretraining_data.py:161] segment_ids: 0 0 0 0 0 0 0 0 0 0 0 0 0 0 0 0 0 0 1 1 1 1 1 1 1 1 1 1 1 1 1 1 1 1 1 1 1 1 1 1 1 1 1 1 1 1 1 1 1 1 1 0 0 0 0 0 0 0 0 0 0 0 0 0 0 0 0 0 0 0 0 0 0 0 0 0 0 0 0 0 0 0 0 0 0 0 0 0 0 0 0 0 0 0 0 0 0 0 0 0 0 0 0 0 0 0 0 0 0 0 0 0 0 0 0 0 0 0 0 0 0 0 0 0 0 0 0 0
INFO:tensorflow:masked_lm_positions: 9 10 25 30 41 42 43 44 0 0 0 0 0 0 0 0 0 0 0 0
I1103 06:57:51.728329 47032434775104 create_pretraining_data.py:161] masked_lm_positions: 9 10 25 30 41 42 43 44 0 0 0 0 0 0 0 0 0 0 0 0
INFO:tensorflow:masked_lm_ids: 5990 1033 4640 1963 20263 2421 1045 1972 0 0 0 0 0 0 0 0 0 0 0 0
I1103 06:57:51.728418 47032434775104 create_pretraining_data.py:161] masked_lm_ids: 5990 1033 4640 1963 20263 2421 1045 1972 0 0 0 0 0 0 0 0 0 0 0 0
INFO:tensorflow:masked_lm_weights: 1.0 1.0 1.0 1.0 1.0 1.0 1.0 1.0 0.0 0.0 0.0 0.0 0.0 0.0 0.0 0.0 0.0 0.0 0.0 0.0
I1103 06:57:51.728523 47032434775104 create_pretraining_data.py:161] masked_lm_weights: 1.0 1.0 1.0 1.0 1.0 1.0 1.0 1.0 0.0 0.0 0.0 0.0 0.0 0.0 0.0 0.0 0.0 0.0 0.0 0.0
INFO:tensorflow:next_sentence_labels: 1
I1103 06:57:51.728613 47032434775104 create_pretraining_data.py:161] next_sentence_labels: 1
INFO:tensorflow:*** Example ***
I1103 06:57:51.729202 47032434775104 create_pretraining_data.py:149] *** Example ***
INFO:tensorflow:tokens: [CLS] [MASK] انت و عيونك وصباح الخير للد ##نيا [SEP] سؤال ترفيه ##ي ما هو اهم غر ##ض في الرحلات البريه تحرص علي اخذ ##ه [MASK] تستطيع ذكر اكثر [MASK] غر ##ض في اكثر من منشن [MASK] 6 بالقرعه [MASK] ريتويت [SEP]
I1103 06:57:51.729330 47032434775104 create_pretraining_data.py:151] tokens: [CLS] [MASK] انت و عيونك وصباح الخير للد ##نيا [SEP] سؤال ترفيه ##ي ما هو اهم غر ##ض في الرحلات البريه تحرص علي اخذ ##ه [MASK] تستطيع ذكر اكثر [MASK] غر ##ض في اكثر من منشن [MASK] 6 بالقرعه [MASK] ريتويت [SEP]
INFO:tensorflow:input_ids: 2 4 2164 415 7626 24126 2831 2437 2545 3 5099 13747 1013 1972 2139 3802 10093 1027 1912 13507 23471 26331 1958 6467 1028 4 5637 3097 2695 4 10093 1027 1912 2695 1908 19108 4 26 8365 4 3425 3 0 0 0 0 0 0 0 0 0 0 0 0 0 0 0 0 0 0 0 0 0 0 0 0 0 0 0 0 0 0 0 0 0 0 0 0 0 0 0 0 0 0 0 0 0 0 0 0 0 0 0 0 0 0 0 0 0 0 0 0 0 0 0 0 0 0 0 0 0 0 0 0 0 0 0 0 0 0 0 0 0 0 0 0 0 0
I1103 06:57:51.729467 47032434775104 create_pretraining_data.py:161] input_ids: 2 4 2164 415 7626 24126 2831 2437 2545 3 5099 13747 1013 1972 2139 3802 10093 1027 1912 13507 23471 26331 1958 6467 1028 4 5637 3097 2695 4 10093 1027 1912 2695 1908 19108 4 26 8365 4 3425 3 0 0 0 0 0 0 0 0 0 0 0 0 0 0 0 0 0 0 0 0 0 0 0 0 0 0 0 0 0 0 0 0 0 0 0 0 0 0 0 0 0 0 0 0 0 0 0 0 0 0 0 0 0 0 0 0 0 0 0 0 0 0 0 0 0 0 0 0 0 0 0 0 0 0 0 0 0 0 0 0 0 0 0 0 0 0
INFO:tensorflow:input_mask: 1 1 1 1 1 1 1 1 1 1 1 1 1 1 1 1 1 1 1 1 1 1 1 1 1 1 1 1 1 1 1 1 1 1 1 1 1 1 1 1 1 1 0 0 0 0 0 0 0 0 0 0 0 0 0 0 0 0 0 0 0 0 0 0 0 0 0 0 0 0 0 0 0 0 0 0 0 0 0 0 0 0 0 0 0 0 0 0 0 0 0 0 0 0 0 0 0 0 0 0 0 0 0 0 0 0 0 0 0 0 0 0 0 0 0 0 0 0 0 0 0 0 0 0 0 0 0 0
I1103 06:57:51.729593 47032434775104 create_pretraining_data.py:161] input_mask: 1 1 1 1 1 1 1 1 1 1 1 1 1 1 1 1 1 1 1 1 1 1 1 1 1 1 1 1 1 1 1 1 1 1 1 1 1 1 1 1 1 1 0 0 0 0 0 0 0 0 0 0 0 0 0 0 0 0 0 0 0 0 0 0 0 0 0 0 0 0 0 0 0 0 0 0 0 0 0 0 0 0 0 0 0 0 0 0 0 0 0 0 0 0 0 0 0 0 0 0 0 0 0 0 0 0 0 0 0 0 0 0 0 0 0 0 0 0 0 0 0 0 0 0 0 0 0 0
INFO:tensorflow:segment_ids: 0 0 0 0 0 0 0 0 0 0 1 1 1 1 1 1 1 1 1 1 1 1 1 1 1 1 1 1 1 1 1 1 1 1 1 1 1 1 1 1 1 1 0 0 0 0 0 0 0 0 0 0 0 0 0 0 0 0 0 0 0 0 0 0 0 0 0 0 0 0 0 0 0 0 0 0 0 0 0 0 0 0 0 0 0 0 0 0 0 0 0 0 0 0 0 0 0 0 0 0 0 0 0 0 0 0 0 0 0 0 0 0 0 0 0 0 0 0 0 0 0 0 0 0 0 0 0 0
I1103 06:57:51.729721 47032434775104 create_pretraining_data.py:161] segment_ids: 0 0 0 0 0 0 0 0 0 0 1 1 1 1 1 1 1 1 1 1 1 1 1 1 1 1 1 1 1 1 1 1 1 1 1 1 1 1 1 1 1 1 0 0 0 0 0 0 0 0 0 0 0 0 0 0 0 0 0 0 0 0 0 0 0 0 0 0 0 0 0 0 0 0 0 0 0 0 0 0 0 0 0 0 0 0 0 0 0 0 0 0 0 0 0 0 0 0 0 0 0 0 0 0 0 0 0 0 0 0 0 0 0 0 0 0 0 0 0 0 0 0 0 0 0 0 0 0
INFO:tensorflow:masked_lm_positions: 1 20 25 29 36 39 0 0 0 0 0 0 0 0 0 0 0 0 0 0
I1103 06:57:51.729811 47032434775104 create_pretraining_data.py:161] masked_lm_positions: 1 20 25 29 36 39 0 0 0 0 0 0 0 0 0 0 0 0 0 0
INFO:tensorflow:masked_lm_ids: 13658 23471 4549 1908 6376 4696 0 0 0 0 0 0 0 0 0 0 0 0 0 0
I1103 06:57:51.729899 47032434775104 create_pretraining_data.py:161] masked_lm_ids: 13658 23471 4549 1908 6376 4696 0 0 0 0 0 0 0 0 0 0 0 0 0 0
INFO:tensorflow:masked_lm_weights: 1.0 1.0 1.0 1.0 1.0 1.0 0.0 0.0 0.0 0.0 0.0 0.0 0.0 0.0 0.0 0.0 0.0 0.0 0.0 0.0
I1103 06:57:51.729988 47032434775104 create_pretraining_data.py:161] masked_lm_weights: 1.0 1.0 1.0 1.0 1.0 1.0 0.0 0.0 0.0 0.0 0.0 0.0 0.0 0.0 0.0 0.0 0.0 0.0 0.0 0.0
INFO:tensorflow:next_sentence_labels: 1
I1103 06:57:51.730083 47032434775104 create_pretraining_data.py:161] next_sentence_labels: 1
INFO:tensorflow:*** Example ***
I1103 06:57:51.730699 47032434775104 create_pretraining_data.py:149] *** Example ***
INFO:tensorflow:tokens: [CLS] البوس ##ت [MASK] اعتقلت [MASK] النصره بسبب ##ه رائد فارس وهل [MASK] [MASK] [MASK] غير غي ##ور [MASK] مقه ##ور علي الاوراق امه اقرا الماس ##اوي [SEP] اللهم ارح قلبي وفك ##ري واشرح لي صدري ولا تجعل للض ##يق مقرا في قلبي [SEP]
I1103 06:57:51.730832 47032434775104 create_pretraining_data.py:151] tokens: [CLS] البوس ##ت [MASK] اعتقلت [MASK] النصره بسبب ##ه رائد فارس وهل [MASK] [MASK] [MASK] غير غي ##ور [MASK] مقه ##ور علي الاوراق امه اقرا الماس ##اوي [SEP] اللهم ارح قلبي وفك ##ري واشرح لي صدري ولا تجعل للض ##يق مقرا في قلبي [SEP]
INFO:tensorflow:input_ids: 2 11777 1005 4 24356 4 22551 3179 1028 16543 7042 7701 4 4 4 2224 7963 1936 4 14650 1936 1958 24330 6798 10168 10279 6899 3 2168 13836 3018 25746 1923 12740 2134 7035 2086 5854 9317 3343 28058 1912 3018 3 0 0 0 0 0 0 0 0 0 0 0 0 0 0 0 0 0 0 0 0 0 0 0 0 0 0 0 0 0 0 0 0 0 0 0 0 0 0 0 0 0 0 0 0 0 0 0 0 0 0 0 0 0 0 0 0 0 0 0 0 0 0 0 0 0 0 0 0 0 0 0 0 0 0 0 0 0 0 0 0 0 0 0 0
I1103 06:57:51.730975 47032434775104 create_pretraining_data.py:161] input_ids: 2 11777 1005 4 24356 4 22551 3179 1028 16543 7042 7701 4 4 4 2224 7963 1936 4 14650 1936 1958 24330 6798 10168 10279 6899 3 2168 13836 3018 25746 1923 12740 2134 7035 2086 5854 9317 3343 28058 1912 3018 3 0 0 0 0 0 0 0 0 0 0 0 0 0 0 0 0 0 0 0 0 0 0 0 0 0 0 0 0 0 0 0 0 0 0 0 0 0 0 0 0 0 0 0 0 0 0 0 0 0 0 0 0 0 0 0 0 0 0 0 0 0 0 0 0 0 0 0 0 0 0 0 0 0 0 0 0 0 0 0 0 0 0 0 0
INFO:tensorflow:input_mask: 1 1 1 1 1 1 1 1 1 1 1 1 1 1 1 1 1 1 1 1 1 1 1 1 1 1 1 1 1 1 1 1 1 1 1 1 1 1 1 1 1 1 1 1 0 0 0 0 0 0 0 0 0 0 0 0 0 0 0 0 0 0 0 0 0 0 0 0 0 0 0 0 0 0 0 0 0 0 0 0 0 0 0 0 0 0 0 0 0 0 0 0 0 0 0 0 0 0 0 0 0 0 0 0 0 0 0 0 0 0 0 0 0 0 0 0 0 0 0 0 0 0 0 0 0 0 0 0
I1103 06:57:51.731101 47032434775104 create_pretraining_data.py:161] input_mask: 1 1 1 1 1 1 1 1 1 1 1 1 1 1 1 1 1 1 1 1 1 1 1 1 1 1 1 1 1 1 1 1 1 1 1 1 1 1 1 1 1 1 1 1 0 0 0 0 0 0 0 0 0 0 0 0 0 0 0 0 0 0 0 0 0 0 0 0 0 0 0 0 0 0 0 0 0 0 0 0 0 0 0 0 0 0 0 0 0 0 0 0 0 0 0 0 0 0 0 0 0 0 0 0 0 0 0 0 0 0 0 0 0 0 0 0 0 0 0 0 0 0 0 0 0 0 0 0
INFO:tensorflow:segment_ids: 0 0 0 0 0 0 0 0 0 0 0 0 0 0 0 0 0 0 0 0 0 0 0 0 0 0 0 0 1 1 1 1 1 1 1 1 1 1 1 1 1 1 1 1 0 0 0 0 0 0 0 0 0 0 0 0 0 0 0 0 0 0 0 0 0 0 0 0 0 0 0 0 0 0 0 0 0 0 0 0 0 0 0 0 0 0 0 0 0 0 0 0 0 0 0 0 0 0 0 0 0 0 0 0 0 0 0 0 0 0 0 0 0 0 0 0 0 0 0 0 0 0 0 0 0 0 0 0
I1103 06:57:51.731223 47032434775104 create_pretraining_data.py:161] segment_ids: 0 0 0 0 0 0 0 0 0 0 0 0 0 0 0 0 0 0 0 0 0 0 0 0 0 0 0 0 1 1 1 1 1 1 1 1 1 1 1 1 1 1 1 1 0 0 0 0 0 0 0 0 0 0 0 0 0 0 0 0 0 0 0 0 0 0 0 0 0 0 0 0 0 0 0 0 0 0 0 0 0 0 0 0 0 0 0 0 0 0 0 0 0 0 0 0 0 0 0 0 0 0 0 0 0 0 0 0 0 0 0 0 0 0 0 0 0 0 0 0 0 0 0 0 0 0 0 0
INFO:tensorflow:masked_lm_positions: 3 5 12 13 14 18 22 0 0 0 0 0 0 0 0 0 0 0 0 0
I1103 06:57:51.731315 47032434775104 create_pretraining_data.py:161] masked_lm_positions: 3 5 12 13 14 18 22 0 0 0 0 0 0 0 0 0 0 0 0 0
INFO:tensorflow:masked_lm_ids: 2130 17911 6671 5708 14200 415 2767 0 0 0 0 0 0 0 0 0 0 0 0 0
I1103 06:57:51.731405 47032434775104 create_pretraining_data.py:161] masked_lm_ids: 2130 17911 6671 5708 14200 415 2767 0 0 0 0 0 0 0 0 0 0 0 0 0
INFO:tensorflow:masked_lm_weights: 1.0 1.0 1.0 1.0 1.0 1.0 1.0 0.0 0.0 0.0 0.0 0.0 0.0 0.0 0.0 0.0 0.0 0.0 0.0 0.0
I1103 06:57:51.731496 47032434775104 create_pretraining_data.py:161] masked_lm_weights: 1.0 1.0 1.0 1.0 1.0 1.0 1.0 0.0 0.0 0.0 0.0 0.0 0.0 0.0 0.0 0.0 0.0 0.0 0.0 0.0
INFO:tensorflow:next_sentence_labels: 1
I1103 06:57:51.731578 47032434775104 create_pretraining_data.py:161] next_sentence_labels: 1
INFO:tensorflow:*** Example ***
I1103 06:57:51.732189 47032434775104 create_pretraining_data.py:149] *** Example ***
INFO:tensorflow:tokens: [CLS] التعاون تعادل الفريق [MASK] ##يمه [MASK] مع نادي مار ##د 2 2 في اللقاء الذي جمعه ##ما مساء اليوم سجل للتعاون بدر الحربي و عبدالرحمن القر ##عي ##ط [SEP] الاح ##سن منف ##كر ##ش كتير بس نست [MASK] كتير فالله يفتح بالاستغفار ابواب ##ا لا [MASK] [MASK] [MASK] [SEP]
I1103 06:57:51.732337 47032434775104 create_pretraining_data.py:151] tokens: [CLS] التعاون تعادل الفريق [MASK] ##يمه [MASK] مع نادي مار ##د 2 2 في اللقاء الذي جمعه ##ما مساء اليوم سجل للتعاون بدر الحربي و عبدالرحمن القر ##عي ##ط [SEP] الاح ##سن منف ##كر ##ش كتير بس نست [MASK] كتير فالله يفتح بالاستغفار ابواب ##ا لا [MASK] [MASK] [MASK] [SEP]
INFO:tensorflow:input_ids: 2 4209 14137 3671 4 6010 4 1973 3557 4183 1016 22 22 1912 4708 2130 9781 1931 3308 2217 4846 17680 4975 8629 415 6391 2332 2203 1040 3 3439 2513 12973 2014 1034 7926 2357 4702 4 7926 12648 9413 19025 7989 1007 1963 4 4 4 3 0 0 0 0 0 0 0 0 0 0 0 0 0 0 0 0 0 0 0 0 0 0 0 0 0 0 0 0 0 0 0 0 0 0 0 0 0 0 0 0 0 0 0 0 0 0 0 0 0 0 0 0 0 0 0 0 0 0 0 0 0 0 0 0 0 0 0 0 0 0 0 0 0 0 0 0 0 0
I1103 06:57:51.732480 47032434775104 create_pretraining_data.py:161] input_ids: 2 4209 14137 3671 4 6010 4 1973 3557 4183 1016 22 22 1912 4708 2130 9781 1931 3308 2217 4846 17680 4975 8629 415 6391 2332 2203 1040 3 3439 2513 12973 2014 1034 7926 2357 4702 4 7926 12648 9413 19025 7989 1007 1963 4 4 4 3 0 0 0 0 0 0 0 0 0 0 0 0 0 0 0 0 0 0 0 0 0 0 0 0 0 0 0 0 0 0 0 0 0 0 0 0 0 0 0 0 0 0 0 0 0 0 0 0 0 0 0 0 0 0 0 0 0 0 0 0 0 0 0 0 0 0 0 0 0 0 0 0 0 0 0 0 0 0
INFO:tensorflow:input_mask: 1 1 1 1 1 1 1 1 1 1 1 1 1 1 1 1 1 1 1 1 1 1 1 1 1 1 1 1 1 1 1 1 1 1 1 1 1 1 1 1 1 1 1 1 1 1 1 1 1 1 0 0 0 0 0 0 0 0 0 0 0 0 0 0 0 0 0 0 0 0 0 0 0 0 0 0 0 0 0 0 0 0 0 0 0 0 0 0 0 0 0 0 0 0 0 0 0 0 0 0 0 0 0 0 0 0 0 0 0 0 0 0 0 0 0 0 0 0 0 0 0 0 0 0 0 0 0 0
I1103 06:57:51.732611 47032434775104 create_pretraining_data.py:161] input_mask: 1 1 1 1 1 1 1 1 1 1 1 1 1 1 1 1 1 1 1 1 1 1 1 1 1 1 1 1 1 1 1 1 1 1 1 1 1 1 1 1 1 1 1 1 1 1 1 1 1 1 0 0 0 0 0 0 0 0 0 0 0 0 0 0 0 0 0 0 0 0 0 0 0 0 0 0 0 0 0 0 0 0 0 0 0 0 0 0 0 0 0 0 0 0 0 0 0 0 0 0 0 0 0 0 0 0 0 0 0 0 0 0 0 0 0 0 0 0 0 0 0 0 0 0 0 0 0 0
INFO:tensorflow:segment_ids: 0 0 0 0 0 0 0 0 0 0 0 0 0 0 0 0 0 0 0 0 0 0 0 0 0 0 0 0 0 0 1 1 1 1 1 1 1 1 1 1 1 1 1 1 1 1 1 1 1 1 0 0 0 0 0 0 0 0 0 0 0 0 0 0 0 0 0 0 0 0 0 0 0 0 0 0 0 0 0 0 0 0 0 0 0 0 0 0 0 0 0 0 0 0 0 0 0 0 0 0 0 0 0 0 0 0 0 0 0 0 0 0 0 0 0 0 0 0 0 0 0 0 0 0 0 0 0 0
I1103 06:57:51.732734 47032434775104 create_pretraining_data.py:161] segment_ids: 0 0 0 0 0 0 0 0 0 0 0 0 0 0 0 0 0 0 0 0 0 0 0 0 0 0 0 0 0 0 1 1 1 1 1 1 1 1 1 1 1 1 1 1 1 1 1 1 1 1 0 0 0 0 0 0 0 0 0 0 0 0 0 0 0 0 0 0 0 0 0 0 0 0 0 0 0 0 0 0 0 0 0 0 0 0 0 0 0 0 0 0 0 0 0 0 0 0 0 0 0 0 0 0 0 0 0 0 0 0 0 0 0 0 0 0 0 0 0 0 0 0 0 0 0 0 0 0
INFO:tensorflow:masked_lm_positions: 4 5 6 37 38 46 47 48 0 0 0 0 0 0 0 0 0 0 0 0
I1103 06:57:51.732825 47032434775104 create_pretraining_data.py:161] masked_lm_positions: 4 5 6 37 38 46 47 48 0 0 0 0 0 0 0 0 0 0 0 0
INFO:tensorflow:masked_lm_ids: 23381 6083 1007 4702 2386 9257 15409 4933 0 0 0 0 0 0 0 0 0 0 0 0
I1103 06:57:51.732914 47032434775104 create_pretraining_data.py:161] masked_lm_ids: 23381 6083 1007 4702 2386 9257 15409 4933 0 0 0 0 0 0 0 0 0 0 0 0
INFO:tensorflow:masked_lm_weights: 1.0 1.0 1.0 1.0 1.0 1.0 1.0 1.0 0.0 0.0 0.0 0.0 0.0 0.0 0.0 0.0 0.0 0.0 0.0 0.0
I1103 06:57:51.733007 47032434775104 create_pretraining_data.py:161] masked_lm_weights: 1.0 1.0 1.0 1.0 1.0 1.0 1.0 1.0 0.0 0.0 0.0 0.0 0.0 0.0 0.0 0.0 0.0 0.0 0.0 0.0
INFO:tensorflow:next_sentence_labels: 1
I1103 06:57:51.733089 47032434775104 create_pretraining_data.py:161] next_sentence_labels: 1
INFO:tensorflow:*** Example ***
I1103 06:57:51.733683 47032434775104 create_pretraining_data.py:149] *** Example ***
INFO:tensorflow:tokens: [CLS] امطار وسي ##ول الح ##فير ##ه جنوب بيش ##ه [MASK] تصوير برق الص ##اير ##ه ##باني [SEP] ا [MASK] علي عليه السلام كونوا علي يقين ان هناك شئ ينتظر ##كم بعد الصبر ليب ##هر ##كم دوام [MASK] [MASK] مراره الالم [SEP]
I1103 06:57:51.733815 47032434775104 create_pretraining_data.py:151] tokens: [CLS] امطار وسي ##ول الح ##فير ##ه جنوب بيش ##ه [MASK] تصوير برق الص ##اير ##ه ##باني [SEP] ا [MASK] علي عليه السلام كونوا علي يقين ان هناك شئ ينتظر ##كم بعد الصبر ليب ##هر ##كم دوام [MASK] [MASK] مراره الالم [SEP]
INFO:tensorflow:input_ids: 2 12229 3713 1940 1944 7646 1028 4297 24905 1028 4 6280 10939 1996 11249 1028 11233 3 387 4 1958 2181 2795 15207 1958 15026 1939 2671 4513 7219 2018 2089 6297 4630 2121 2018 15281 4 4 25394 6236 3 0 0 0 0 0 0 0 0 0 0 0 0 0 0 0 0 0 0 0 0 0 0 0 0 0 0 0 0 0 0 0 0 0 0 0 0 0 0 0 0 0 0 0 0 0 0 0 0 0 0 0 0 0 0 0 0 0 0 0 0 0 0 0 0 0 0 0 0 0 0 0 0 0 0 0 0 0 0 0 0 0 0 0 0 0 0
I1103 06:57:51.733973 47032434775104 create_pretraining_data.py:161] input_ids: 2 12229 3713 1940 1944 7646 1028 4297 24905 1028 4 6280 10939 1996 11249 1028 11233 3 387 4 1958 2181 2795 15207 1958 15026 1939 2671 4513 7219 2018 2089 6297 4630 2121 2018 15281 4 4 25394 6236 3 0 0 0 0 0 0 0 0 0 0 0 0 0 0 0 0 0 0 0 0 0 0 0 0 0 0 0 0 0 0 0 0 0 0 0 0 0 0 0 0 0 0 0 0 0 0 0 0 0 0 0 0 0 0 0 0 0 0 0 0 0 0 0 0 0 0 0 0 0 0 0 0 0 0 0 0 0 0 0 0 0 0 0 0 0 0
INFO:tensorflow:input_mask: 1 1 1 1 1 1 1 1 1 1 1 1 1 1 1 1 1 1 1 1 1 1 1 1 1 1 1 1 1 1 1 1 1 1 1 1 1 1 1 1 1 1 0 0 0 0 0 0 0 0 0 0 0 0 0 0 0 0 0 0 0 0 0 0 0 0 0 0 0 0 0 0 0 0 0 0 0 0 0 0 0 0 0 0 0 0 0 0 0 0 0 0 0 0 0 0 0 0 0 0 0 0 0 0 0 0 0 0 0 0 0 0 0 0 0 0 0 0 0 0 0 0 0 0 0 0 0 0
I1103 06:57:51.734103 47032434775104 create_pretraining_data.py:161] input_mask: 1 1 1 1 1 1 1 1 1 1 1 1 1 1 1 1 1 1 1 1 1 1 1 1 1 1 1 1 1 1 1 1 1 1 1 1 1 1 1 1 1 1 0 0 0 0 0 0 0 0 0 0 0 0 0 0 0 0 0 0 0 0 0 0 0 0 0 0 0 0 0 0 0 0 0 0 0 0 0 0 0 0 0 0 0 0 0 0 0 0 0 0 0 0 0 0 0 0 0 0 0 0 0 0 0 0 0 0 0 0 0 0 0 0 0 0 0 0 0 0 0 0 0 0 0 0 0 0
INFO:tensorflow:segment_ids: 0 0 0 0 0 0 0 0 0 0 0 0 0 0 0 0 0 0 1 1 1 1 1 1 1 1 1 1 1 1 1 1 1 1 1 1 1 1 1 1 1 1 0 0 0 0 0 0 0 0 0 0 0 0 0 0 0 0 0 0 0 0 0 0 0 0 0 0 0 0 0 0 0 0 0 0 0 0 0 0 0 0 0 0 0 0 0 0 0 0 0 0 0 0 0 0 0 0 0 0 0 0 0 0 0 0 0 0 0 0 0 0 0 0 0 0 0 0 0 0 0 0 0 0 0 0 0 0
I1103 06:57:51.734227 47032434775104 create_pretraining_data.py:161] segment_ids: 0 0 0 0 0 0 0 0 0 0 0 0 0 0 0 0 0 0 1 1 1 1 1 1 1 1 1 1 1 1 1 1 1 1 1 1 1 1 1 1 1 1 0 0 0 0 0 0 0 0 0 0 0 0 0 0 0 0 0 0 0 0 0 0 0 0 0 0 0 0 0 0 0 0 0 0 0 0 0 0 0 0 0 0 0 0 0 0 0 0 0 0 0 0 0 0 0 0 0 0 0 0 0 0 0 0 0 0 0 0 0 0 0 0 0 0 0 0 0 0 0 0 0 0 0 0 0 0
INFO:tensorflow:masked_lm_positions: 10 16 19 36 37 38 0 0 0 0 0 0 0 0 0 0 0 0 0 0
I1103 06:57:51.734319 47032434775104 create_pretraining_data.py:161] masked_lm_positions: 10 16 19 36 37 38 0 0 0 0 0 0 0 0 0 0 0 0 0 0
INFO:tensorflow:masked_lm_ids: 3891 9100 14556 6469 8942 1015 0 0 0 0 0 0 0 0 0 0 0 0 0 0
I1103 06:57:51.734408 47032434775104 create_pretraining_data.py:161] masked_lm_ids: 3891 9100 14556 6469 8942 1015 0 0 0 0 0 0 0 0 0 0 0 0 0 0
INFO:tensorflow:masked_lm_weights: 1.0 1.0 1.0 1.0 1.0 1.0 0.0 0.0 0.0 0.0 0.0 0.0 0.0 0.0 0.0 0.0 0.0 0.0 0.0 0.0
I1103 06:57:51.734500 47032434775104 create_pretraining_data.py:161] masked_lm_weights: 1.0 1.0 1.0 1.0 1.0 1.0 0.0 0.0 0.0 0.0 0.0 0.0 0.0 0.0 0.0 0.0 0.0 0.0 0.0 0.0
INFO:tensorflow:next_sentence_labels: 1
I1103 06:57:51.734584 47032434775104 create_pretraining_data.py:161] next_sentence_labels: 1
INFO:tensorflow:*** Example ***
I1103 06:57:51.735177 47032434775104 create_pretraining_data.py:149] *** Example ***
INFO:tensorflow:tokens: [CLS] واجمل البوح في كفي ##ن ترفع ##ها بها تنا ##جي كريما [MASK] [MASK] [MASK] تقول ياربي ها ##قد جئت ##ك معت ##رفا بالذ ##نب والو ##زر فار ##حم كل اوجاع ##ي [SEP] تدريبية وحدك تعلم ما يتم ##ناه قلبي فح ##قق ##ه [MASK] قروب بنت الشيوخ [SEP]
I1103 06:57:51.735312 47032434775104 create_pretraining_data.py:151] tokens: [CLS] واجمل البوح في كفي ##ن ترفع ##ها بها تنا ##جي كريما [MASK] [MASK] [MASK] تقول ياربي ها ##قد جئت ##ك معت ##رفا بالذ ##نب والو ##زر فار ##حم كل اوجاع ##ي [SEP] تدريبية وحدك تعلم ما يتم ##ناه قلبي فح ##قق ##ه [MASK] قروب بنت الشيوخ [SEP]
INFO:tensorflow:input_ids: 2 15989 18401 1912 11537 1006 9520 1913 2459 3643 2643 27996 4 4 4 4018 15787 4958 2008 21987 1014 4502 24559 10461 3759 11031 2497 5646 1998 2038 16256 1013 3 16357 9096 3698 1972 2952 3215 3018 5632 3295 1028 4 2543 3597 9947 3 0 0 0 0 0 0 0 0 0 0 0 0 0 0 0 0 0 0 0 0 0 0 0 0 0 0 0 0 0 0 0 0 0 0 0 0 0 0 0 0 0 0 0 0 0 0 0 0 0 0 0 0 0 0 0 0 0 0 0 0 0 0 0 0 0 0 0 0 0 0 0 0 0 0 0 0 0 0 0 0
I1103 06:57:51.735465 47032434775104 create_pretraining_data.py:161] input_ids: 2 15989 18401 1912 11537 1006 9520 1913 2459 3643 2643 27996 4 4 4 4018 15787 4958 2008 21987 1014 4502 24559 10461 3759 11031 2497 5646 1998 2038 16256 1013 3 16357 9096 3698 1972 2952 3215 3018 5632 3295 1028 4 2543 3597 9947 3 0 0 0 0 0 0 0 0 0 0 0 0 0 0 0 0 0 0 0 0 0 0 0 0 0 0 0 0 0 0 0 0 0 0 0 0 0 0 0 0 0 0 0 0 0 0 0 0 0 0 0 0 0 0 0 0 0 0 0 0 0 0 0 0 0 0 0 0 0 0 0 0 0 0 0 0 0 0 0 0
INFO:tensorflow:input_mask: 1 1 1 1 1 1 1 1 1 1 1 1 1 1 1 1 1 1 1 1 1 1 1 1 1 1 1 1 1 1 1 1 1 1 1 1 1 1 1 1 1 1 1 1 1 1 1 1 0 0 0 0 0 0 0 0 0 0 0 0 0 0 0 0 0 0 0 0 0 0 0 0 0 0 0 0 0 0 0 0 0 0 0 0 0 0 0 0 0 0 0 0 0 0 0 0 0 0 0 0 0 0 0 0 0 0 0 0 0 0 0 0 0 0 0 0 0 0 0 0 0 0 0 0 0 0 0 0
I1103 06:57:51.735593 47032434775104 create_pretraining_data.py:161] input_mask: 1 1 1 1 1 1 1 1 1 1 1 1 1 1 1 1 1 1 1 1 1 1 1 1 1 1 1 1 1 1 1 1 1 1 1 1 1 1 1 1 1 1 1 1 1 1 1 1 0 0 0 0 0 0 0 0 0 0 0 0 0 0 0 0 0 0 0 0 0 0 0 0 0 0 0 0 0 0 0 0 0 0 0 0 0 0 0 0 0 0 0 0 0 0 0 0 0 0 0 0 0 0 0 0 0 0 0 0 0 0 0 0 0 0 0 0 0 0 0 0 0 0 0 0 0 0 0 0
INFO:tensorflow:segment_ids: 0 0 0 0 0 0 0 0 0 0 0 0 0 0 0 0 0 0 0 0 0 0 0 0 0 0 0 0 0 0 0 0 0 1 1 1 1 1 1 1 1 1 1 1 1 1 1 1 0 0 0 0 0 0 0 0 0 0 0 0 0 0 0 0 0 0 0 0 0 0 0 0 0 0 0 0 0 0 0 0 0 0 0 0 0 0 0 0 0 0 0 0 0 0 0 0 0 0 0 0 0 0 0 0 0 0 0 0 0 0 0 0 0 0 0 0 0 0 0 0 0 0 0 0 0 0 0 0
I1103 06:57:51.735729 47032434775104 create_pretraining_data.py:161] segment_ids: 0 0 0 0 0 0 0 0 0 0 0 0 0 0 0 0 0 0 0 0 0 0 0 0 0 0 0 0 0 0 0 0 0 1 1 1 1 1 1 1 1 1 1 1 1 1 1 1 0 0 0 0 0 0 0 0 0 0 0 0 0 0 0 0 0 0 0 0 0 0 0 0 0 0 0 0 0 0 0 0 0 0 0 0 0 0 0 0 0 0 0 0 0 0 0 0 0 0 0 0 0 0 0 0 0 0 0 0 0 0 0 0 0 0 0 0 0 0 0 0 0 0 0 0 0 0 0 0
INFO:tensorflow:masked_lm_positions: 12 13 14 21 22 33 43 0 0 0 0 0 0 0 0 0 0 0 0 0
I1103 06:57:51.735820 47032434775104 create_pretraining_data.py:161] masked_lm_positions: 12 13 14 21 22 33 43 0 0 0 0 0 0 0 0 0 0 0 0 0
INFO:tensorflow:masked_lm_ids: 8263 8014 1013 4502 24559 2856 2134 0 0 0 0 0 0 0 0 0 0 0 0 0
I1103 06:57:51.735910 47032434775104 create_pretraining_data.py:161] masked_lm_ids: 8263 8014 1013 4502 24559 2856 2134 0 0 0 0 0 0 0 0 0 0 0 0 0
INFO:tensorflow:masked_lm_weights: 1.0 1.0 1.0 1.0 1.0 1.0 1.0 0.0 0.0 0.0 0.0 0.0 0.0 0.0 0.0 0.0 0.0 0.0 0.0 0.0
I1103 06:57:51.736001 47032434775104 create_pretraining_data.py:161] masked_lm_weights: 1.0 1.0 1.0 1.0 1.0 1.0 1.0 0.0 0.0 0.0 0.0 0.0 0.0 0.0 0.0 0.0 0.0 0.0 0.0 0.0
INFO:tensorflow:next_sentence_labels: 1
I1103 06:57:51.736083 47032434775104 create_pretraining_data.py:161] next_sentence_labels: 1
INFO:tensorflow:*** Example ***
I1103 06:57:51.736681 47032434775104 create_pretraining_data.py:149] *** Example ***
INFO:tensorflow:tokens: [CLS] اعمل [MASK] لاص ##دق ##ائك يزيد ##وك محبه واع ##مل الخير لاع ##دا ##ئك [MASK] [MASK] اصدقاء ##ك قروب حاتم للرتويت والدعم [SEP] تسلم يدك خي ##تو ##و الريم [MASK] ##اا [MASK] رؤ ##ؤؤ ##عه ذ ##ؤؤ ##ؤ ##ق ربي يسعدك [SEP]
I1103 06:57:51.736813 47032434775104 create_pretraining_data.py:151] tokens: [CLS] اعمل [MASK] لاص ##دق ##ائك يزيد ##وك محبه واع ##مل الخير لاع ##دا ##ئك [MASK] [MASK] اصدقاء ##ك قروب حاتم للرتويت والدعم [SEP] تسلم يدك خي ##تو ##و الريم [MASK] ##اا [MASK] رؤ ##ؤؤ ##عه ذ ##ؤؤ ##ؤ ##ق ربي يسعدك [SEP]
INFO:tensorflow:input_ids: 2 11352 4 19482 3427 6719 5053 2356 13108 4780 2182 2831 6012 2060 6490 4 4 13145 1014 2543 10503 7486 10343 3 9193 14654 4662 6975 1012 23223 4 2877 4 4060 24462 2226 396 24462 1038 1011 2949 13127 3 0 0 0 0 0 0 0 0 0 0 0 0 0 0 0 0 0 0 0 0 0 0 0 0 0 0 0 0 0 0 0 0 0 0 0 0 0 0 0 0 0 0 0 0 0 0 0 0 0 0 0 0 0 0 0 0 0 0 0 0 0 0 0 0 0 0 0 0 0 0 0 0 0 0 0 0 0 0 0 0 0 0 0 0 0
I1103 06:57:51.736970 47032434775104 create_pretraining_data.py:161] input_ids: 2 11352 4 19482 3427 6719 5053 2356 13108 4780 2182 2831 6012 2060 6490 4 4 13145 1014 2543 10503 7486 10343 3 9193 14654 4662 6975 1012 23223 4 2877 4 4060 24462 2226 396 24462 1038 1011 2949 13127 3 0 0 0 0 0 0 0 0 0 0 0 0 0 0 0 0 0 0 0 0 0 0 0 0 0 0 0 0 0 0 0 0 0 0 0 0 0 0 0 0 0 0 0 0 0 0 0 0 0 0 0 0 0 0 0 0 0 0 0 0 0 0 0 0 0 0 0 0 0 0 0 0 0 0 0 0 0 0 0 0 0 0 0 0 0
INFO:tensorflow:input_mask: 1 1 1 1 1 1 1 1 1 1 1 1 1 1 1 1 1 1 1 1 1 1 1 1 1 1 1 1 1 1 1 1 1 1 1 1 1 1 1 1 1 1 1 0 0 0 0 0 0 0 0 0 0 0 0 0 0 0 0 0 0 0 0 0 0 0 0 0 0 0 0 0 0 0 0 0 0 0 0 0 0 0 0 0 0 0 0 0 0 0 0 0 0 0 0 0 0 0 0 0 0 0 0 0 0 0 0 0 0 0 0 0 0 0 0 0 0 0 0 0 0 0 0 0 0 0 0 0
I1103 06:57:51.737100 47032434775104 create_pretraining_data.py:161] input_mask: 1 1 1 1 1 1 1 1 1 1 1 1 1 1 1 1 1 1 1 1 1 1 1 1 1 1 1 1 1 1 1 1 1 1 1 1 1 1 1 1 1 1 1 0 0 0 0 0 0 0 0 0 0 0 0 0 0 0 0 0 0 0 0 0 0 0 0 0 0 0 0 0 0 0 0 0 0 0 0 0 0 0 0 0 0 0 0 0 0 0 0 0 0 0 0 0 0 0 0 0 0 0 0 0 0 0 0 0 0 0 0 0 0 0 0 0 0 0 0 0 0 0 0 0 0 0 0 0
INFO:tensorflow:segment_ids: 0 0 0 0 0 0 0 0 0 0 0 0 0 0 0 0 0 0 0 0 0 0 0 0 1 1 1 1 1 1 1 1 1 1 1 1 1 1 1 1 1 1 1 0 0 0 0 0 0 0 0 0 0 0 0 0 0 0 0 0 0 0 0 0 0 0 0 0 0 0 0 0 0 0 0 0 0 0 0 0 0 0 0 0 0 0 0 0 0 0 0 0 0 0 0 0 0 0 0 0 0 0 0 0 0 0 0 0 0 0 0 0 0 0 0 0 0 0 0 0 0 0 0 0 0 0 0 0
I1103 06:57:51.737225 47032434775104 create_pretraining_data.py:161] segment_ids: 0 0 0 0 0 0 0 0 0 0 0 0 0 0 0 0 0 0 0 0 0 0 0 0 1 1 1 1 1 1 1 1 1 1 1 1 1 1 1 1 1 1 1 0 0 0 0 0 0 0 0 0 0 0 0 0 0 0 0 0 0 0 0 0 0 0 0 0 0 0 0 0 0 0 0 0 0 0 0 0 0 0 0 0 0 0 0 0 0 0 0 0 0 0 0 0 0 0 0 0 0 0 0 0 0 0 0 0 0 0 0 0 0 0 0 0 0 0 0 0 0 0 0 0 0 0 0 0
INFO:tensorflow:masked_lm_positions: 2 15 16 30 31 32 0 0 0 0 0 0 0 0 0 0 0 0 0 0
I1103 06:57:51.737318 47032434775104 create_pretraining_data.py:161] masked_lm_positions: 2 15 16 30 31 32 0 0 0 0 0 0 0 0 0 0 0 0 0 0
INFO:tensorflow:masked_lm_ids: 2831 18060 1928 4655 2877 1009 0 0 0 0 0 0 0 0 0 0 0 0 0 0
I1103 06:57:51.737407 47032434775104 create_pretraining_data.py:161] masked_lm_ids: 2831 18060 1928 4655 2877 1009 0 0 0 0 0 0 0 0 0 0 0 0 0 0
INFO:tensorflow:masked_lm_weights: 1.0 1.0 1.0 1.0 1.0 1.0 0.0 0.0 0.0 0.0 0.0 0.0 0.0 0.0 0.0 0.0 0.0 0.0 0.0 0.0
I1103 06:57:51.737498 47032434775104 create_pretraining_data.py:161] masked_lm_weights: 1.0 1.0 1.0 1.0 1.0 1.0 0.0 0.0 0.0 0.0 0.0 0.0 0.0 0.0 0.0 0.0 0.0 0.0 0.0 0.0
INFO:tensorflow:next_sentence_labels: 1
I1103 06:57:51.737581 47032434775104 create_pretraining_data.py:161] next_sentence_labels: 1
INFO:tensorflow:*** Example ***
I1103 06:57:51.738164 47032434775104 create_pretraining_data.py:149] *** Example ***
INFO:tensorflow:tokens: [CLS] ممتاز طالما ص ##واب وص ##وابه موك ##د بع [MASK] [MASK] وع ##صم ##ته م الله لماذا لا تقت ##دون بفعل ##ه الصواب [SEP] مدي وصلك لي انا كلي ضم ##ي [SEP]
I1103 06:57:51.738290 47032434775104 create_pretraining_data.py:151] tokens: [CLS] ممتاز طالما ص ##واب وص ##وابه موك ##د بع [MASK] [MASK] وع ##صم ##ته م الله لماذا لا تقت ##دون بفعل ##ه الصواب [SEP] مدي وصلك لي انا كلي ضم ##ي [SEP]
INFO:tensorflow:input_ids: 2 9513 10864 401 2889 2417 18842 12829 1016 2704 4 4 2141 9678 2076 412 1953 4910 1963 8128 6024 13636 1028 19731 3 9634 26766 2134 2315 5916 7910 1013 3 0 0 0 0 0 0 0 0 0 0 0 0 0 0 0 0 0 0 0 0 0 0 0 0 0 0 0 0 0 0 0 0 0 0 0 0 0 0 0 0 0 0 0 0 0 0 0 0 0 0 0 0 0 0 0 0 0 0 0 0 0 0 0 0 0 0 0 0 0 0 0 0 0 0 0 0 0 0 0 0 0 0 0 0 0 0 0 0 0 0 0 0 0 0 0
I1103 06:57:51.738431 47032434775104 create_pretraining_data.py:161] input_ids: 2 9513 10864 401 2889 2417 18842 12829 1016 2704 4 4 2141 9678 2076 412 1953 4910 1963 8128 6024 13636 1028 19731 3 9634 26766 2134 2315 5916 7910 1013 3 0 0 0 0 0 0 0 0 0 0 0 0 0 0 0 0 0 0 0 0 0 0 0 0 0 0 0 0 0 0 0 0 0 0 0 0 0 0 0 0 0 0 0 0 0 0 0 0 0 0 0 0 0 0 0 0 0 0 0 0 0 0 0 0 0 0 0 0 0 0 0 0 0 0 0 0 0 0 0 0 0 0 0 0 0 0 0 0 0 0 0 0 0 0 0
INFO:tensorflow:input_mask: 1 1 1 1 1 1 1 1 1 1 1 1 1 1 1 1 1 1 1 1 1 1 1 1 1 1 1 1 1 1 1 1 1 0 0 0 0 0 0 0 0 0 0 0 0 0 0 0 0 0 0 0 0 0 0 0 0 0 0 0 0 0 0 0 0 0 0 0 0 0 0 0 0 0 0 0 0 0 0 0 0 0 0 0 0 0 0 0 0 0 0 0 0 0 0 0 0 0 0 0 0 0 0 0 0 0 0 0 0 0 0 0 0 0 0 0 0 0 0 0 0 0 0 0 0 0 0 0
I1103 06:57:51.738575 47032434775104 create_pretraining_data.py:161] input_mask: 1 1 1 1 1 1 1 1 1 1 1 1 1 1 1 1 1 1 1 1 1 1 1 1 1 1 1 1 1 1 1 1 1 0 0 0 0 0 0 0 0 0 0 0 0 0 0 0 0 0 0 0 0 0 0 0 0 0 0 0 0 0 0 0 0 0 0 0 0 0 0 0 0 0 0 0 0 0 0 0 0 0 0 0 0 0 0 0 0 0 0 0 0 0 0 0 0 0 0 0 0 0 0 0 0 0 0 0 0 0 0 0 0 0 0 0 0 0 0 0 0 0 0 0 0 0 0 0
INFO:tensorflow:segment_ids: 0 0 0 0 0 0 0 0 0 0 0 0 0 0 0 0 0 0 0 0 0 0 0 0 0 1 1 1 1 1 1 1 1 0 0 0 0 0 0 0 0 0 0 0 0 0 0 0 0 0 0 0 0 0 0 0 0 0 0 0 0 0 0 0 0 0 0 0 0 0 0 0 0 0 0 0 0 0 0 0 0 0 0 0 0 0 0 0 0 0 0 0 0 0 0 0 0 0 0 0 0 0 0 0 0 0 0 0 0 0 0 0 0 0 0 0 0 0 0 0 0 0 0 0 0 0 0 0
I1103 06:57:51.738705 47032434775104 create_pretraining_data.py:161] segment_ids: 0 0 0 0 0 0 0 0 0 0 0 0 0 0 0 0 0 0 0 0 0 0 0 0 0 1 1 1 1 1 1 1 1 0 0 0 0 0 0 0 0 0 0 0 0 0 0 0 0 0 0 0 0 0 0 0 0 0 0 0 0 0 0 0 0 0 0 0 0 0 0 0 0 0 0 0 0 0 0 0 0 0 0 0 0 0 0 0 0 0 0 0 0 0 0 0 0 0 0 0 0 0 0 0 0 0 0 0 0 0 0 0 0 0 0 0 0 0 0 0 0 0 0 0 0 0 0 0
INFO:tensorflow:masked_lm_positions: 2 9 10 11 28 0 0 0 0 0 0 0 0 0 0 0 0 0 0 0
I1103 06:57:51.738795 47032434775104 create_pretraining_data.py:161] masked_lm_positions: 2 9 10 11 28 0 0 0 0 0 0 0 0 0 0 0 0 0 0 0
INFO:tensorflow:masked_lm_ids: 10864 2704 9678 2076 2315 0 0 0 0 0 0 0 0 0 0 0 0 0 0 0
I1103 06:57:51.738884 47032434775104 create_pretraining_data.py:161] masked_lm_ids: 10864 2704 9678 2076 2315 0 0 0 0 0 0 0 0 0 0 0 0 0 0 0
INFO:tensorflow:masked_lm_weights: 1.0 1.0 1.0 1.0 1.0 0.0 0.0 0.0 0.0 0.0 0.0 0.0 0.0 0.0 0.0 0.0 0.0 0.0 0.0 0.0
I1103 06:57:51.738976 47032434775104 create_pretraining_data.py:161] masked_lm_weights: 1.0 1.0 1.0 1.0 1.0 0.0 0.0 0.0 0.0 0.0 0.0 0.0 0.0 0.0 0.0 0.0 0.0 0.0 0.0 0.0
INFO:tensorflow:next_sentence_labels: 1
I1103 06:57:51.739058 47032434775104 create_pretraining_data.py:161] next_sentence_labels: 1
INFO:tensorflow:*** Example ***
I1103 06:57:51.739653 47032434775104 create_pretraining_data.py:149] *** Example ***
INFO:tensorflow:tokens: [CLS] كتاب كيف ترضي الناس [SEP] الشيخ عبدالحميد الدوسري داعي ##ه بمدينه عباد [MASK] اعتقل وص ##ود ##رت [MASK] [MASK] بته ##مه الدعوه للاسلام ايران الفا ##جره ايران الاس ##وا [SEP]
I1103 06:57:51.739780 47032434775104 create_pretraining_data.py:151] tokens: [CLS] كتاب كيف ترضي الناس [SEP] الشيخ عبدالحميد الدوسري داعي ##ه بمدينه عباد [MASK] اعتقل وص ##ود ##رت [MASK] [MASK] بته ##مه الدعوه للاسلام ايران الفا ##جره ايران الاس ##وا [SEP]
INFO:tensorflow:input_ids: 2 3437 2746 11487 2397 3 2702 29053 11490 14532 1028 24570 5687 4 24760 2417 1993 2148 4 4 24339 2152 15433 21895 3115 7999 17852 3115 2295 1928 3 0 0 0 0 0 0 0 0 0 0 0 0 0 0 0 0 0 0 0 0 0 0 0 0 0 0 0 0 0 0 0 0 0 0 0 0 0 0 0 0 0 0 0 0 0 0 0 0 0 0 0 0 0 0 0 0 0 0 0 0 0 0 0 0 0 0 0 0 0 0 0 0 0 0 0 0 0 0 0 0 0 0 0 0 0 0 0 0 0 0 0 0 0 0 0 0 0
I1103 06:57:51.739919 47032434775104 create_pretraining_data.py:161] input_ids: 2 3437 2746 11487 2397 3 2702 29053 11490 14532 1028 24570 5687 4 24760 2417 1993 2148 4 4 24339 2152 15433 21895 3115 7999 17852 3115 2295 1928 3 0 0 0 0 0 0 0 0 0 0 0 0 0 0 0 0 0 0 0 0 0 0 0 0 0 0 0 0 0 0 0 0 0 0 0 0 0 0 0 0 0 0 0 0 0 0 0 0 0 0 0 0 0 0 0 0 0 0 0 0 0 0 0 0 0 0 0 0 0 0 0 0 0 0 0 0 0 0 0 0 0 0 0 0 0 0 0 0 0 0 0 0 0 0 0 0 0
INFO:tensorflow:input_mask: 1 1 1 1 1 1 1 1 1 1 1 1 1 1 1 1 1 1 1 1 1 1 1 1 1 1 1 1 1 1 1 0 0 0 0 0 0 0 0 0 0 0 0 0 0 0 0 0 0 0 0 0 0 0 0 0 0 0 0 0 0 0 0 0 0 0 0 0 0 0 0 0 0 0 0 0 0 0 0 0 0 0 0 0 0 0 0 0 0 0 0 0 0 0 0 0 0 0 0 0 0 0 0 0 0 0 0 0 0 0 0 0 0 0 0 0 0 0 0 0 0 0 0 0 0 0 0 0
I1103 06:57:51.740059 47032434775104 create_pretraining_data.py:161] input_mask: 1 1 1 1 1 1 1 1 1 1 1 1 1 1 1 1 1 1 1 1 1 1 1 1 1 1 1 1 1 1 1 0 0 0 0 0 0 0 0 0 0 0 0 0 0 0 0 0 0 0 0 0 0 0 0 0 0 0 0 0 0 0 0 0 0 0 0 0 0 0 0 0 0 0 0 0 0 0 0 0 0 0 0 0 0 0 0 0 0 0 0 0 0 0 0 0 0 0 0 0 0 0 0 0 0 0 0 0 0 0 0 0 0 0 0 0 0 0 0 0 0 0 0 0 0 0 0 0
INFO:tensorflow:segment_ids: 0 0 0 0 0 0 1 1 1 1 1 1 1 1 1 1 1 1 1 1 1 1 1 1 1 1 1 1 1 1 1 0 0 0 0 0 0 0 0 0 0 0 0 0 0 0 0 0 0 0 0 0 0 0 0 0 0 0 0 0 0 0 0 0 0 0 0 0 0 0 0 0 0 0 0 0 0 0 0 0 0 0 0 0 0 0 0 0 0 0 0 0 0 0 0 0 0 0 0 0 0 0 0 0 0 0 0 0 0 0 0 0 0 0 0 0 0 0 0 0 0 0 0 0 0 0 0 0
I1103 06:57:51.740184 47032434775104 create_pretraining_data.py:161] segment_ids: 0 0 0 0 0 0 1 1 1 1 1 1 1 1 1 1 1 1 1 1 1 1 1 1 1 1 1 1 1 1 1 0 0 0 0 0 0 0 0 0 0 0 0 0 0 0 0 0 0 0 0 0 0 0 0 0 0 0 0 0 0 0 0 0 0 0 0 0 0 0 0 0 0 0 0 0 0 0 0 0 0 0 0 0 0 0 0 0 0 0 0 0 0 0 0 0 0 0 0 0 0 0 0 0 0 0 0 0 0 0 0 0 0 0 0 0 0 0 0 0 0 0 0 0 0 0 0 0
INFO:tensorflow:masked_lm_positions: 2 12 13 18 19 0 0 0 0 0 0 0 0 0 0 0 0 0 0 0
I1103 06:57:51.740278 47032434775104 create_pretraining_data.py:161] masked_lm_positions: 2 12 13 18 19 0 0 0 0 0 0 0 0 0 0 0 0 0 0 0
INFO:tensorflow:masked_lm_ids: 2746 5687 1906 17001 4246 0 0 0 0 0 0 0 0 0 0 0 0 0 0 0
I1103 06:57:51.740368 47032434775104 create_pretraining_data.py:161] masked_lm_ids: 2746 5687 1906 17001 4246 0 0 0 0 0 0 0 0 0 0 0 0 0 0 0
INFO:tensorflow:masked_lm_weights: 1.0 1.0 1.0 1.0 1.0 0.0 0.0 0.0 0.0 0.0 0.0 0.0 0.0 0.0 0.0 0.0 0.0 0.0 0.0 0.0
I1103 06:57:51.740459 47032434775104 create_pretraining_data.py:161] masked_lm_weights: 1.0 1.0 1.0 1.0 1.0 0.0 0.0 0.0 0.0 0.0 0.0 0.0 0.0 0.0 0.0 0.0 0.0 0.0 0.0 0.0
INFO:tensorflow:next_sentence_labels: 1
I1103 06:57:51.740543 47032434775104 create_pretraining_data.py:161] next_sentence_labels: 1
INFO:tensorflow:*** Example ***
I1103 06:57:51.741136 47032434775104 create_pretraining_data.py:149] *** Example ***
INFO:tensorflow:tokens: [CLS] امس ##ح الدمع ##ه تري ضعف ##ك قوي انه ##زم قدام [MASK] [MASK] ياغ ##لاي [SEP] [MASK] من يعارض بارتفاع البنزين الحكومه هي من اكتشفت النفط وطلع ##ته وبا ##عته حفر ##ت معاهم [MASK] وصفت لهم المكان لا [MASK] [MASK] برميل فاضي من عندك لا [SEP]
I1103 06:57:51.741268 47032434775104 create_pretraining_data.py:151] tokens: [CLS] امس ##ح الدمع ##ه تري ضعف ##ك قوي انه ##زم قدام [MASK] [MASK] ياغ ##لاي [SEP] [MASK] من يعارض بارتفاع البنزين الحكومه هي من اكتشفت النفط وطلع ##ته وبا ##عته حفر ##ت معاهم [MASK] وصفت لهم المكان لا [MASK] [MASK] برميل فاضي من عندك لا [SEP]
INFO:tensorflow:input_ids: 2 4426 1032 15039 1028 4542 3149 1014 7155 2615 2741 8850 4 4 26183 26104 3 4 1908 28327 26117 10833 11764 2247 1908 19110 5343 27339 2076 6667 26415 9207 1005 16225 4 25689 2899 5401 1963 4 4 14643 19296 1908 5448 1963 3 0 0 0 0 0 0 0 0 0 0 0 0 0 0 0 0 0 0 0 0 0 0 0 0 0 0 0 0 0 0 0 0 0 0 0 0 0 0 0 0 0 0 0 0 0 0 0 0 0 0 0 0 0 0 0 0 0 0 0 0 0 0 0 0 0 0 0 0 0 0 0 0 0 0 0 0 0 0 0 0 0
I1103 06:57:51.741407 47032434775104 create_pretraining_data.py:161] input_ids: 2 4426 1032 15039 1028 4542 3149 1014 7155 2615 2741 8850 4 4 26183 26104 3 4 1908 28327 26117 10833 11764 2247 1908 19110 5343 27339 2076 6667 26415 9207 1005 16225 4 25689 2899 5401 1963 4 4 14643 19296 1908 5448 1963 3 0 0 0 0 0 0 0 0 0 0 0 0 0 0 0 0 0 0 0 0 0 0 0 0 0 0 0 0 0 0 0 0 0 0 0 0 0 0 0 0 0 0 0 0 0 0 0 0 0 0 0 0 0 0 0 0 0 0 0 0 0 0 0 0 0 0 0 0 0 0 0 0 0 0 0 0 0 0 0 0 0
INFO:tensorflow:input_mask: 1 1 1 1 1 1 1 1 1 1 1 1 1 1 1 1 1 1 1 1 1 1 1 1 1 1 1 1 1 1 1 1 1 1 1 1 1 1 1 1 1 1 1 1 1 1 1 0 0 0 0 0 0 0 0 0 0 0 0 0 0 0 0 0 0 0 0 0 0 0 0 0 0 0 0 0 0 0 0 0 0 0 0 0 0 0 0 0 0 0 0 0 0 0 0 0 0 0 0 0 0 0 0 0 0 0 0 0 0 0 0 0 0 0 0 0 0 0 0 0 0 0 0 0 0 0 0 0
I1103 06:57:51.741546 47032434775104 create_pretraining_data.py:161] input_mask: 1 1 1 1 1 1 1 1 1 1 1 1 1 1 1 1 1 1 1 1 1 1 1 1 1 1 1 1 1 1 1 1 1 1 1 1 1 1 1 1 1 1 1 1 1 1 1 0 0 0 0 0 0 0 0 0 0 0 0 0 0 0 0 0 0 0 0 0 0 0 0 0 0 0 0 0 0 0 0 0 0 0 0 0 0 0 0 0 0 0 0 0 0 0 0 0 0 0 0 0 0 0 0 0 0 0 0 0 0 0 0 0 0 0 0 0 0 0 0 0 0 0 0 0 0 0 0 0
INFO:tensorflow:segment_ids: 0 0 0 0 0 0 0 0 0 0 0 0 0 0 0 0 0 1 1 1 1 1 1 1 1 1 1 1 1 1 1 1 1 1 1 1 1 1 1 1 1 1 1 1 1 1 1 0 0 0 0 0 0 0 0 0 0 0 0 0 0 0 0 0 0 0 0 0 0 0 0 0 0 0 0 0 0 0 0 0 0 0 0 0 0 0 0 0 0 0 0 0 0 0 0 0 0 0 0 0 0 0 0 0 0 0 0 0 0 0 0 0 0 0 0 0 0 0 0 0 0 0 0 0 0 0 0 0
I1103 06:57:51.741677 47032434775104 create_pretraining_data.py:161] segment_ids: 0 0 0 0 0 0 0 0 0 0 0 0 0 0 0 0 0 1 1 1 1 1 1 1 1 1 1 1 1 1 1 1 1 1 1 1 1 1 1 1 1 1 1 1 1 1 1 0 0 0 0 0 0 0 0 0 0 0 0 0 0 0 0 0 0 0 0 0 0 0 0 0 0 0 0 0 0 0 0 0 0 0 0 0 0 0 0 0 0 0 0 0 0 0 0 0 0 0 0 0 0 0 0 0 0 0 0 0 0 0 0 0 0 0 0 0 0 0 0 0 0 0 0 0 0 0 0 0
INFO:tensorflow:masked_lm_positions: 12 13 17 34 36 39 40 0 0 0 0 0 0 0 0 0 0 0 0 0
I1103 06:57:51.741769 47032434775104 create_pretraining_data.py:161] masked_lm_positions: 12 13 17 34 36 39 40 0 0 0 0 0 0 0 0 0 0 0 0 0
INFO:tensorflow:masked_lm_ids: 3149 1014 3164 1963 2899 28846 1949 0 0 0 0 0 0 0 0 0 0 0 0 0
I1103 06:57:51.741858 47032434775104 create_pretraining_data.py:161] masked_lm_ids: 3149 1014 3164 1963 2899 28846 1949 0 0 0 0 0 0 0 0 0 0 0 0 0
INFO:tensorflow:masked_lm_weights: 1.0 1.0 1.0 1.0 1.0 1.0 1.0 0.0 0.0 0.0 0.0 0.0 0.0 0.0 0.0 0.0 0.0 0.0 0.0 0.0
I1103 06:57:51.741951 47032434775104 create_pretraining_data.py:161] masked_lm_weights: 1.0 1.0 1.0 1.0 1.0 1.0 1.0 0.0 0.0 0.0 0.0 0.0 0.0 0.0 0.0 0.0 0.0 0.0 0.0 0.0
INFO:tensorflow:next_sentence_labels: 1
I1103 06:57:51.742033 47032434775104 create_pretraining_data.py:161] next_sentence_labels: 1
INFO:tensorflow:*** Example ***
I1103 06:57:51.742625 47032434775104 create_pretraining_data.py:149] *** Example ***
INFO:tensorflow:tokens: [CLS] عاجل سرت [MASK] جوي ##ه تستهدف مقر جهاز ادب ##يبه في منطقه السبع ##ه حيث توجد مخ ##ازن [MASK] [MASK] [MASK] تابعه [SEP] للمتواجدين لزياده متابعينك قم بالاتي فولو مي [MASK] رتويت فولو [MASK] عمل رتويت فولو باك اللي ما [MASK] ما بيستفيد 09 ##30 [SEP]
I1103 06:57:51.742758 47032434775104 create_pretraining_data.py:151] tokens: [CLS] عاجل سرت [MASK] جوي ##ه تستهدف مقر جهاز ادب ##يبه في منطقه السبع ##ه حيث توجد مخ ##ازن [MASK] [MASK] [MASK] تابعه [SEP] للمتواجدين لزياده متابعينك قم بالاتي فولو مي [MASK] رتويت فولو [MASK] عمل رتويت فولو باك اللي ما [MASK] ما بيستفيد 09 ##30 [SEP]
INFO:tensorflow:input_ids: 2 4059 26721 4 12014 1028 13046 5304 5480 16032 3553 1912 9820 9710 1028 2455 7652 2523 16216 4 4 4 27390 3 9404 5255 6209 5105 11696 3741 2914 4 2928 3741 4 2979 2928 3741 4904 2115 1972 4 1972 11698 5791 4931 3 0 0 0 0 0 0 0 0 0 0 0 0 0 0 0 0 0 0 0 0 0 0 0 0 0 0 0 0 0 0 0 0 0 0 0 0 0 0 0 0 0 0 0 0 0 0 0 0 0 0 0 0 0 0 0 0 0 0 0 0 0 0 0 0 0 0 0 0 0 0 0 0 0 0 0 0 0 0 0 0 0
I1103 06:57:51.742902 47032434775104 create_pretraining_data.py:161] input_ids: 2 4059 26721 4 12014 1028 13046 5304 5480 16032 3553 1912 9820 9710 1028 2455 7652 2523 16216 4 4 4 27390 3 9404 5255 6209 5105 11696 3741 2914 4 2928 3741 4 2979 2928 3741 4904 2115 1972 4 1972 11698 5791 4931 3 0 0 0 0 0 0 0 0 0 0 0 0 0 0 0 0 0 0 0 0 0 0 0 0 0 0 0 0 0 0 0 0 0 0 0 0 0 0 0 0 0 0 0 0 0 0 0 0 0 0 0 0 0 0 0 0 0 0 0 0 0 0 0 0 0 0 0 0 0 0 0 0 0 0 0 0 0 0 0 0 0
INFO:tensorflow:input_mask: 1 1 1 1 1 1 1 1 1 1 1 1 1 1 1 1 1 1 1 1 1 1 1 1 1 1 1 1 1 1 1 1 1 1 1 1 1 1 1 1 1 1 1 1 1 1 1 0 0 0 0 0 0 0 0 0 0 0 0 0 0 0 0 0 0 0 0 0 0 0 0 0 0 0 0 0 0 0 0 0 0 0 0 0 0 0 0 0 0 0 0 0 0 0 0 0 0 0 0 0 0 0 0 0 0 0 0 0 0 0 0 0 0 0 0 0 0 0 0 0 0 0 0 0 0 0 0 0
I1103 06:57:51.743044 47032434775104 create_pretraining_data.py:161] input_mask: 1 1 1 1 1 1 1 1 1 1 1 1 1 1 1 1 1 1 1 1 1 1 1 1 1 1 1 1 1 1 1 1 1 1 1 1 1 1 1 1 1 1 1 1 1 1 1 0 0 0 0 0 0 0 0 0 0 0 0 0 0 0 0 0 0 0 0 0 0 0 0 0 0 0 0 0 0 0 0 0 0 0 0 0 0 0 0 0 0 0 0 0 0 0 0 0 0 0 0 0 0 0 0 0 0 0 0 0 0 0 0 0 0 0 0 0 0 0 0 0 0 0 0 0 0 0 0 0
INFO:tensorflow:segment_ids: 0 0 0 0 0 0 0 0 0 0 0 0 0 0 0 0 0 0 0 0 0 0 0 0 1 1 1 1 1 1 1 1 1 1 1 1 1 1 1 1 1 1 1 1 1 1 1 0 0 0 0 0 0 0 0 0 0 0 0 0 0 0 0 0 0 0 0 0 0 0 0 0 0 0 0 0 0 0 0 0 0 0 0 0 0 0 0 0 0 0 0 0 0 0 0 0 0 0 0 0 0 0 0 0 0 0 0 0 0 0 0 0 0 0 0 0 0 0 0 0 0 0 0 0 0 0 0 0
I1103 06:57:51.743169 47032434775104 create_pretraining_data.py:161] segment_ids: 0 0 0 0 0 0 0 0 0 0 0 0 0 0 0 0 0 0 0 0 0 0 0 0 1 1 1 1 1 1 1 1 1 1 1 1 1 1 1 1 1 1 1 1 1 1 1 0 0 0 0 0 0 0 0 0 0 0 0 0 0 0 0 0 0 0 0 0 0 0 0 0 0 0 0 0 0 0 0 0 0 0 0 0 0 0 0 0 0 0 0 0 0 0 0 0 0 0 0 0 0 0 0 0 0 0 0 0 0 0 0 0 0 0 0 0 0 0 0 0 0 0 0 0 0 0 0 0
INFO:tensorflow:masked_lm_positions: 3 19 20 21 31 34 41 0 0 0 0 0 0 0 0 0 0 0 0 0
I1103 06:57:51.743261 47032434775104 create_pretraining_data.py:161] masked_lm_positions: 3 19 20 21 31 34 41 0 0 0 0 0 0 0 0 0 0 0 0 0
INFO:tensorflow:masked_lm_ids: 17505 8170 7446 1028 27 4492 9690 0 0 0 0 0 0 0 0 0 0 0 0 0
I1103 06:57:51.743350 47032434775104 create_pretraining_data.py:161] masked_lm_ids: 17505 8170 7446 1028 27 4492 9690 0 0 0 0 0 0 0 0 0 0 0 0 0
INFO:tensorflow:masked_lm_weights: 1.0 1.0 1.0 1.0 1.0 1.0 1.0 0.0 0.0 0.0 0.0 0.0 0.0 0.0 0.0 0.0 0.0 0.0 0.0 0.0
I1103 06:57:51.743441 47032434775104 create_pretraining_data.py:161] masked_lm_weights: 1.0 1.0 1.0 1.0 1.0 1.0 1.0 0.0 0.0 0.0 0.0 0.0 0.0 0.0 0.0 0.0 0.0 0.0 0.0 0.0
INFO:tensorflow:next_sentence_labels: 1
I1103 06:57:51.743525 47032434775104 create_pretraining_data.py:161] next_sentence_labels: 1
INFO:tensorflow:*** Example ***
I1103 06:57:51.744123 47032434775104 create_pretraining_data.py:149] *** Example ***
INFO:tensorflow:tokens: [CLS] مساء العسل وحشت ##وني [MASK] و [MASK] شاءالله اللى برايم [MASK] الدنيا في ديو مع و يال ##ا نو ##لعه ##ا تاني الملكه البر ##نس [MASK] ادعو ##لي [SEP] الكوره فست [SEP]
I1103 06:57:51.744251 47032434775104 create_pretraining_data.py:151] tokens: [CLS] مساء العسل وحشت ##وني [MASK] و [MASK] شاءالله اللى برايم [MASK] الدنيا في ديو مع و يال ##ا نو ##لعه ##ا تاني الملكه البر ##نس [MASK] ادعو ##لي [SEP] الكوره فست [SEP]
INFO:tensorflow:input_ids: 2 3308 10493 15755 2399 4 415 4 14726 24713 24660 4 2859 1912 23147 1973 415 4965 1007 9848 13943 1007 9118 24809 3162 2227 4 13218 1907 3 17542 15884 3 0 0 0 0 0 0 0 0 0 0 0 0 0 0 0 0 0 0 0 0 0 0 0 0 0 0 0 0 0 0 0 0 0 0 0 0 0 0 0 0 0 0 0 0 0 0 0 0 0 0 0 0 0 0 0 0 0 0 0 0 0 0 0 0 0 0 0 0 0 0 0 0 0 0 0 0 0 0 0 0 0 0 0 0 0 0 0 0 0 0 0 0 0 0 0
I1103 06:57:51.744391 47032434775104 create_pretraining_data.py:161] input_ids: 2 3308 10493 15755 2399 4 415 4 14726 24713 24660 4 2859 1912 23147 1973 415 4965 1007 9848 13943 1007 9118 24809 3162 2227 4 13218 1907 3 17542 15884 3 0 0 0 0 0 0 0 0 0 0 0 0 0 0 0 0 0 0 0 0 0 0 0 0 0 0 0 0 0 0 0 0 0 0 0 0 0 0 0 0 0 0 0 0 0 0 0 0 0 0 0 0 0 0 0 0 0 0 0 0 0 0 0 0 0 0 0 0 0 0 0 0 0 0 0 0 0 0 0 0 0 0 0 0 0 0 0 0 0 0 0 0 0 0 0
INFO:tensorflow:input_mask: 1 1 1 1 1 1 1 1 1 1 1 1 1 1 1 1 1 1 1 1 1 1 1 1 1 1 1 1 1 1 1 1 1 0 0 0 0 0 0 0 0 0 0 0 0 0 0 0 0 0 0 0 0 0 0 0 0 0 0 0 0 0 0 0 0 0 0 0 0 0 0 0 0 0 0 0 0 0 0 0 0 0 0 0 0 0 0 0 0 0 0 0 0 0 0 0 0 0 0 0 0 0 0 0 0 0 0 0 0 0 0 0 0 0 0 0 0 0 0 0 0 0 0 0 0 0 0 0
I1103 06:57:51.744520 47032434775104 create_pretraining_data.py:161] input_mask: 1 1 1 1 1 1 1 1 1 1 1 1 1 1 1 1 1 1 1 1 1 1 1 1 1 1 1 1 1 1 1 1 1 0 0 0 0 0 0 0 0 0 0 0 0 0 0 0 0 0 0 0 0 0 0 0 0 0 0 0 0 0 0 0 0 0 0 0 0 0 0 0 0 0 0 0 0 0 0 0 0 0 0 0 0 0 0 0 0 0 0 0 0 0 0 0 0 0 0 0 0 0 0 0 0 0 0 0 0 0 0 0 0 0 0 0 0 0 0 0 0 0 0 0 0 0 0 0
INFO:tensorflow:segment_ids: 0 0 0 0 0 0 0 0 0 0 0 0 0 0 0 0 0 0 0 0 0 0 0 0 0 0 0 0 0 0 1 1 1 0 0 0 0 0 0 0 0 0 0 0 0 0 0 0 0 0 0 0 0 0 0 0 0 0 0 0 0 0 0 0 0 0 0 0 0 0 0 0 0 0 0 0 0 0 0 0 0 0 0 0 0 0 0 0 0 0 0 0 0 0 0 0 0 0 0 0 0 0 0 0 0 0 0 0 0 0 0 0 0 0 0 0 0 0 0 0 0 0 0 0 0 0 0 0
I1103 06:57:51.744663 47032434775104 create_pretraining_data.py:161] segment_ids: 0 0 0 0 0 0 0 0 0 0 0 0 0 0 0 0 0 0 0 0 0 0 0 0 0 0 0 0 0 0 1 1 1 0 0 0 0 0 0 0 0 0 0 0 0 0 0 0 0 0 0 0 0 0 0 0 0 0 0 0 0 0 0 0 0 0 0 0 0 0 0 0 0 0 0 0 0 0 0 0 0 0 0 0 0 0 0 0 0 0 0 0 0 0 0 0 0 0 0 0 0 0 0 0 0 0 0 0 0 0 0 0 0 0 0 0 0 0 0 0 0 0 0 0 0 0 0 0
INFO:tensorflow:masked_lm_positions: 5 7 9 11 26 0 0 0 0 0 0 0 0 0 0 0 0 0 0 0
I1103 06:57:51.744758 47032434775104 create_pretraining_data.py:161] masked_lm_positions: 5 7 9 11 26 0 0 0 0 0 0 0 0 0 0 0 0 0 0 0
INFO:tensorflow:masked_lm_ids: 9170 1939 7904 18105 24899 0 0 0 0 0 0 0 0 0 0 0 0 0 0 0
I1103 06:57:51.744847 47032434775104 create_pretraining_data.py:161] masked_lm_ids: 9170 1939 7904 18105 24899 0 0 0 0 0 0 0 0 0 0 0 0 0 0 0
INFO:tensorflow:masked_lm_weights: 1.0 1.0 1.0 1.0 1.0 0.0 0.0 0.0 0.0 0.0 0.0 0.0 0.0 0.0 0.0 0.0 0.0 0.0 0.0 0.0
I1103 06:57:51.744939 47032434775104 create_pretraining_data.py:161] masked_lm_weights: 1.0 1.0 1.0 1.0 1.0 0.0 0.0 0.0 0.0 0.0 0.0 0.0 0.0 0.0 0.0 0.0 0.0 0.0 0.0 0.0
INFO:tensorflow:next_sentence_labels: 1
I1103 06:57:51.745021 47032434775104 create_pretraining_data.py:161] next_sentence_labels: 1
INFO:tensorflow:*** Example ***
I1103 06:57:51.745591 47032434775104 create_pretraining_data.py:149] *** Example ***
INFO:tensorflow:tokens: [CLS] [MASK] رصيدك ##62 هنا بدايه هنا اه ##هل الخير هنا الكرم والوف ##اء كله [SEP] اترك ##وا لي ما [MASK] مني [SEP]
I1103 06:57:51.745730 47032434775104 create_pretraining_data.py:151] tokens: [CLS] [MASK] رصيدك ##62 هنا بدايه هنا اه ##هل الخير هنا الكرم والوف ##اء كله [SEP] اترك ##وا لي ما [MASK] مني [SEP]
INFO:tensorflow:input_ids: 2 4 3602 6332 2349 6037 2349 2978 2458 2831 2349 13975 17681 1954 4236 3 11367 1928 2134 1972 4 4397 3 0 0 0 0 0 0 0 0 0 0 0 0 0 0 0 0 0 0 0 0 0 0 0 0 0 0 0 0 0 0 0 0 0 0 0 0 0 0 0 0 0 0 0 0 0 0 0 0 0 0 0 0 0 0 0 0 0 0 0 0 0 0 0 0 0 0 0 0 0 0 0 0 0 0 0 0 0 0 0 0 0 0 0 0 0 0 0 0 0 0 0 0 0 0 0 0 0 0 0 0 0 0 0 0 0
I1103 06:57:51.745866 47032434775104 create_pretraining_data.py:161] input_ids: 2 4 3602 6332 2349 6037 2349 2978 2458 2831 2349 13975 17681 1954 4236 3 11367 1928 2134 1972 4 4397 3 0 0 0 0 0 0 0 0 0 0 0 0 0 0 0 0 0 0 0 0 0 0 0 0 0 0 0 0 0 0 0 0 0 0 0 0 0 0 0 0 0 0 0 0 0 0 0 0 0 0 0 0 0 0 0 0 0 0 0 0 0 0 0 0 0 0 0 0 0 0 0 0 0 0 0 0 0 0 0 0 0 0 0 0 0 0 0 0 0 0 0 0 0 0 0 0 0 0 0 0 0 0 0 0 0
INFO:tensorflow:input_mask: 1 1 1 1 1 1 1 1 1 1 1 1 1 1 1 1 1 1 1 1 1 1 1 0 0 0 0 0 0 0 0 0 0 0 0 0 0 0 0 0 0 0 0 0 0 0 0 0 0 0 0 0 0 0 0 0 0 0 0 0 0 0 0 0 0 0 0 0 0 0 0 0 0 0 0 0 0 0 0 0 0 0 0 0 0 0 0 0 0 0 0 0 0 0 0 0 0 0 0 0 0 0 0 0 0 0 0 0 0 0 0 0 0 0 0 0 0 0 0 0 0 0 0 0 0 0 0 0
I1103 06:57:51.745992 47032434775104 create_pretraining_data.py:161] input_mask: 1 1 1 1 1 1 1 1 1 1 1 1 1 1 1 1 1 1 1 1 1 1 1 0 0 0 0 0 0 0 0 0 0 0 0 0 0 0 0 0 0 0 0 0 0 0 0 0 0 0 0 0 0 0 0 0 0 0 0 0 0 0 0 0 0 0 0 0 0 0 0 0 0 0 0 0 0 0 0 0 0 0 0 0 0 0 0 0 0 0 0 0 0 0 0 0 0 0 0 0 0 0 0 0 0 0 0 0 0 0 0 0 0 0 0 0 0 0 0 0 0 0 0 0 0 0 0 0
INFO:tensorflow:segment_ids: 0 0 0 0 0 0 0 0 0 0 0 0 0 0 0 0 1 1 1 1 1 1 1 0 0 0 0 0 0 0 0 0 0 0 0 0 0 0 0 0 0 0 0 0 0 0 0 0 0 0 0 0 0 0 0 0 0 0 0 0 0 0 0 0 0 0 0 0 0 0 0 0 0 0 0 0 0 0 0 0 0 0 0 0 0 0 0 0 0 0 0 0 0 0 0 0 0 0 0 0 0 0 0 0 0 0 0 0 0 0 0 0 0 0 0 0 0 0 0 0 0 0 0 0 0 0 0 0
I1103 06:57:51.746114 47032434775104 create_pretraining_data.py:161] segment_ids: 0 0 0 0 0 0 0 0 0 0 0 0 0 0 0 0 1 1 1 1 1 1 1 0 0 0 0 0 0 0 0 0 0 0 0 0 0 0 0 0 0 0 0 0 0 0 0 0 0 0 0 0 0 0 0 0 0 0 0 0 0 0 0 0 0 0 0 0 0 0 0 0 0 0 0 0 0 0 0 0 0 0 0 0 0 0 0 0 0 0 0 0 0 0 0 0 0 0 0 0 0 0 0 0 0 0 0 0 0 0 0 0 0 0 0 0 0 0 0 0 0 0 0 0 0 0 0 0
INFO:tensorflow:masked_lm_positions: 1 4 20 0 0 0 0 0 0 0 0 0 0 0 0 0 0 0 0 0
I1103 06:57:51.746217 47032434775104 create_pretraining_data.py:161] masked_lm_positions: 1 4 20 0 0 0 0 0 0 0 0 0 0 0 0 0 0 0 0 0
INFO:tensorflow:masked_lm_ids: 3477 2349 6110 0 0 0 0 0 0 0 0 0 0 0 0 0 0 0 0 0
I1103 06:57:51.746308 47032434775104 create_pretraining_data.py:161] masked_lm_ids: 3477 2349 6110 0 0 0 0 0 0 0 0 0 0 0 0 0 0 0 0 0
INFO:tensorflow:masked_lm_weights: 1.0 1.0 1.0 0.0 0.0 0.0 0.0 0.0 0.0 0.0 0.0 0.0 0.0 0.0 0.0 0.0 0.0 0.0 0.0 0.0
I1103 06:57:51.746400 47032434775104 create_pretraining_data.py:161] masked_lm_weights: 1.0 1.0 1.0 0.0 0.0 0.0 0.0 0.0 0.0 0.0 0.0 0.0 0.0 0.0 0.0 0.0 0.0 0.0 0.0 0.0
INFO:tensorflow:next_sentence_labels: 1
I1103 06:57:51.746482 47032434775104 create_pretraining_data.py:161] next_sentence_labels: 1
INFO:tensorflow:Wrote 9999610 total instances
I1103 08:12:10.341418 47032434775104 create_pretraining_data.py:166] Wrote 9999610 total instances
