Loading module 'all'
WARNING:tensorflow:From ../bert/create_pretraining_data.py:469: The name tf.app.run is deprecated. Please use tf.compat.v1.app.run instead.

WARNING:tensorflow:From ../bert/create_pretraining_data.py:437: The name tf.logging.set_verbosity is deprecated. Please use tf.compat.v1.logging.set_verbosity instead.

W1103 12:09:47.674757 47876731937856 module_wrapper.py:139] From ../bert/create_pretraining_data.py:437: The name tf.logging.set_verbosity is deprecated. Please use tf.compat.v1.logging.set_verbosity instead.

WARNING:tensorflow:From ../bert/create_pretraining_data.py:437: The name tf.logging.INFO is deprecated. Please use tf.compat.v1.logging.INFO instead.

W1103 12:09:47.675018 47876731937856 module_wrapper.py:139] From ../bert/create_pretraining_data.py:437: The name tf.logging.INFO is deprecated. Please use tf.compat.v1.logging.INFO instead.

WARNING:tensorflow:From /scratch/gi372/CAMeLBERT/bert/tokenization.py:125: The name tf.gfile.GFile is deprecated. Please use tf.io.gfile.GFile instead.

W1103 12:09:47.675245 47876731937856 module_wrapper.py:139] From /scratch/gi372/CAMeLBERT/bert/tokenization.py:125: The name tf.gfile.GFile is deprecated. Please use tf.io.gfile.GFile instead.

WARNING:tensorflow:From ../bert/create_pretraining_data.py:444: The name tf.gfile.Glob is deprecated. Please use tf.io.gfile.glob instead.

W1103 12:09:47.780225 47876731937856 module_wrapper.py:139] From ../bert/create_pretraining_data.py:444: The name tf.gfile.Glob is deprecated. Please use tf.io.gfile.glob instead.

WARNING:tensorflow:From ../bert/create_pretraining_data.py:446: The name tf.logging.info is deprecated. Please use tf.compat.v1.logging.info instead.

W1103 12:09:47.806959 47876731937856 module_wrapper.py:139] From ../bert/create_pretraining_data.py:446: The name tf.logging.info is deprecated. Please use tf.compat.v1.logging.info instead.

INFO:tensorflow:*** Reading from input files ***
I1103 12:09:47.807227 47876731937856 create_pretraining_data.py:446] *** Reading from input files ***
INFO:tensorflow:  ../corpora/shards/DA-ali2019-500m-tweet.bw.ar.lines.shard.327.normalized.sents
I1103 12:09:47.807328 47876731937856 create_pretraining_data.py:448]   ../corpora/shards/DA-ali2019-500m-tweet.bw.ar.lines.shard.327.normalized.sents
INFO:tensorflow:*** Writing to output files ***
I1103 12:51:39.945092 47876731937856 create_pretraining_data.py:457] *** Writing to output files ***
INFO:tensorflow:  ../corpora/tfrecord_wp-30k_msl-128/DA-ali2019-500m-tweet.bw.ar.lines.shard.327.tf_record
I1103 12:51:40.000977 47876731937856 create_pretraining_data.py:459]   ../corpora/tfrecord_wp-30k_msl-128/DA-ali2019-500m-tweet.bw.ar.lines.shard.327.tf_record
WARNING:tensorflow:From ../bert/create_pretraining_data.py:101: The name tf.python_io.TFRecordWriter is deprecated. Please use tf.io.TFRecordWriter instead.

W1103 12:51:40.248897 47876731937856 module_wrapper.py:139] From ../bert/create_pretraining_data.py:101: The name tf.python_io.TFRecordWriter is deprecated. Please use tf.io.TFRecordWriter instead.

INFO:tensorflow:*** Example ***
I1103 12:51:40.607383 47876731937856 create_pretraining_data.py:149] *** Example ***
INFO:tensorflow:tokens: [CLS] هنا تفهم ان الريال ##مارات نادي وض ##يع لاعب مونت ##هي يتحكم [MASK] [MASK] [MASK] ويط ##رد المدربين الراي ##و [MASK] [MASK] اكثر منه [SEP] من اهد ##اني اهتمام ##ه لن ات ##خلي عنه ماد ##مت [MASK] [MASK] ادا ##مك الله لي بود واحترام ي ملاك ##ي ارواح ملائ ##كيه [SEP]
I1103 12:51:40.608175 47876731937856 create_pretraining_data.py:151] tokens: [CLS] هنا تفهم ان الريال ##مارات نادي وض ##يع لاعب مونت ##هي يتحكم [MASK] [MASK] [MASK] ويط ##رد المدربين الراي ##و [MASK] [MASK] اكثر منه [SEP] من اهد ##اني اهتمام ##ه لن ات ##خلي عنه ماد ##مت [MASK] [MASK] ادا ##مك الله لي بود واحترام ي ملاك ##ي ارواح ملائ ##كيه [SEP]
INFO:tensorflow:input_ids: 2 2349 10321 1939 8822 14918 3557 3632 2105 3639 8659 2421 26798 4 4 4 22077 2153 21067 14168 1012 4 4 2695 2739 3 1908 12270 2022 7047 1028 2404 2253 5726 2891 6849 2321 4 4 26185 14628 1953 2134 15731 14407 417 15439 1013 10026 12967 19736 3 0 0 0 0 0 0 0 0 0 0 0 0 0 0 0 0 0 0 0 0 0 0 0 0 0 0 0 0 0 0 0 0 0 0 0 0 0 0 0 0 0 0 0 0 0 0 0 0 0 0 0 0 0 0 0 0 0 0 0 0 0 0 0 0 0 0 0 0 0 0 0 0 0 0 0 0
I1103 12:51:40.610128 47876731937856 create_pretraining_data.py:161] input_ids: 2 2349 10321 1939 8822 14918 3557 3632 2105 3639 8659 2421 26798 4 4 4 22077 2153 21067 14168 1012 4 4 2695 2739 3 1908 12270 2022 7047 1028 2404 2253 5726 2891 6849 2321 4 4 26185 14628 1953 2134 15731 14407 417 15439 1013 10026 12967 19736 3 0 0 0 0 0 0 0 0 0 0 0 0 0 0 0 0 0 0 0 0 0 0 0 0 0 0 0 0 0 0 0 0 0 0 0 0 0 0 0 0 0 0 0 0 0 0 0 0 0 0 0 0 0 0 0 0 0 0 0 0 0 0 0 0 0 0 0 0 0 0 0 0 0 0 0 0
INFO:tensorflow:input_mask: 1 1 1 1 1 1 1 1 1 1 1 1 1 1 1 1 1 1 1 1 1 1 1 1 1 1 1 1 1 1 1 1 1 1 1 1 1 1 1 1 1 1 1 1 1 1 1 1 1 1 1 1 0 0 0 0 0 0 0 0 0 0 0 0 0 0 0 0 0 0 0 0 0 0 0 0 0 0 0 0 0 0 0 0 0 0 0 0 0 0 0 0 0 0 0 0 0 0 0 0 0 0 0 0 0 0 0 0 0 0 0 0 0 0 0 0 0 0 0 0 0 0 0 0 0 0 0 0
I1103 12:51:40.610434 47876731937856 create_pretraining_data.py:161] input_mask: 1 1 1 1 1 1 1 1 1 1 1 1 1 1 1 1 1 1 1 1 1 1 1 1 1 1 1 1 1 1 1 1 1 1 1 1 1 1 1 1 1 1 1 1 1 1 1 1 1 1 1 1 0 0 0 0 0 0 0 0 0 0 0 0 0 0 0 0 0 0 0 0 0 0 0 0 0 0 0 0 0 0 0 0 0 0 0 0 0 0 0 0 0 0 0 0 0 0 0 0 0 0 0 0 0 0 0 0 0 0 0 0 0 0 0 0 0 0 0 0 0 0 0 0 0 0 0 0
INFO:tensorflow:segment_ids: 0 0 0 0 0 0 0 0 0 0 0 0 0 0 0 0 0 0 0 0 0 0 0 0 0 0 1 1 1 1 1 1 1 1 1 1 1 1 1 1 1 1 1 1 1 1 1 1 1 1 1 1 0 0 0 0 0 0 0 0 0 0 0 0 0 0 0 0 0 0 0 0 0 0 0 0 0 0 0 0 0 0 0 0 0 0 0 0 0 0 0 0 0 0 0 0 0 0 0 0 0 0 0 0 0 0 0 0 0 0 0 0 0 0 0 0 0 0 0 0 0 0 0 0 0 0 0 0
I1103 12:51:40.610707 47876731937856 create_pretraining_data.py:161] segment_ids: 0 0 0 0 0 0 0 0 0 0 0 0 0 0 0 0 0 0 0 0 0 0 0 0 0 0 1 1 1 1 1 1 1 1 1 1 1 1 1 1 1 1 1 1 1 1 1 1 1 1 1 1 0 0 0 0 0 0 0 0 0 0 0 0 0 0 0 0 0 0 0 0 0 0 0 0 0 0 0 0 0 0 0 0 0 0 0 0 0 0 0 0 0 0 0 0 0 0 0 0 0 0 0 0 0 0 0 0 0 0 0 0 0 0 0 0 0 0 0 0 0 0 0 0 0 0 0 0
INFO:tensorflow:masked_lm_positions: 5 13 14 15 21 22 37 38 0 0 0 0 0 0 0 0 0 0 0 0
I1103 12:51:40.610906 47876731937856 create_pretraining_data.py:161] masked_lm_positions: 5 13 14 15 21 22 37 38 0 0 0 0 0 0 0 0 0 0 0 0
INFO:tensorflow:masked_lm_ids: 5278 2366 4594 1911 6350 17187 2253 12536 0 0 0 0 0 0 0 0 0 0 0 0
I1103 12:51:40.611093 47876731937856 create_pretraining_data.py:161] masked_lm_ids: 5278 2366 4594 1911 6350 17187 2253 12536 0 0 0 0 0 0 0 0 0 0 0 0
INFO:tensorflow:masked_lm_weights: 1.0 1.0 1.0 1.0 1.0 1.0 1.0 1.0 0.0 0.0 0.0 0.0 0.0 0.0 0.0 0.0 0.0 0.0 0.0 0.0
I1103 12:51:40.612694 47876731937856 create_pretraining_data.py:161] masked_lm_weights: 1.0 1.0 1.0 1.0 1.0 1.0 1.0 1.0 0.0 0.0 0.0 0.0 0.0 0.0 0.0 0.0 0.0 0.0 0.0 0.0
INFO:tensorflow:next_sentence_labels: 1
I1103 12:51:40.612883 47876731937856 create_pretraining_data.py:161] next_sentence_labels: 1
INFO:tensorflow:*** Example ***
I1103 12:51:40.614226 47876731937856 create_pretraining_data.py:149] *** Example ***
INFO:tensorflow:tokens: [CLS] السعوديه [MASK] [MASK] ##ها الاصطنا ##عي سعودي سات 5 يعمل للاست ##شع ##ار عن طريق صاروخ صيني السعوديه [SEP] حيدر العبادي يكذب ويت ##هم البعث وداع ##ش بارت ##كا ##ب المذا ##بح بدي ##الي [MASK] ياغ ##بي انت امس تج ##ولت في ديالي يعني [MASK] [MASK] [MASK] [SEP]
I1103 12:51:40.614503 47876731937856 create_pretraining_data.py:151] tokens: [CLS] السعوديه [MASK] [MASK] ##ها الاصطنا ##عي سعودي سات 5 يعمل للاست ##شع ##ار عن طريق صاروخ صيني السعوديه [SEP] حيدر العبادي يكذب ويت ##هم البعث وداع ##ش بارت ##كا ##ب المذا ##بح بدي ##الي [MASK] ياغ ##بي انت امس تج ##ولت في ديالي يعني [MASK] [MASK] [MASK] [SEP]
INFO:tensorflow:input_ids: 2 2721 4 4 1913 23721 2203 5999 6653 25 4471 4633 8474 1909 1955 3160 10519 17786 2721 3 12415 15234 17689 3398 1949 12500 9075 1034 13949 2308 1045 12605 2163 6962 2145 4 26183 1947 2164 4426 2214 4089 1912 10416 3236 4 4 4 3 0 0 0 0 0 0 0 0 0 0 0 0 0 0 0 0 0 0 0 0 0 0 0 0 0 0 0 0 0 0 0 0 0 0 0 0 0 0 0 0 0 0 0 0 0 0 0 0 0 0 0 0 0 0 0 0 0 0 0 0 0 0 0 0 0 0 0 0 0 0 0 0 0 0 0 0 0 0 0
I1103 12:51:40.614810 47876731937856 create_pretraining_data.py:161] input_ids: 2 2721 4 4 1913 23721 2203 5999 6653 25 4471 4633 8474 1909 1955 3160 10519 17786 2721 3 12415 15234 17689 3398 1949 12500 9075 1034 13949 2308 1045 12605 2163 6962 2145 4 26183 1947 2164 4426 2214 4089 1912 10416 3236 4 4 4 3 0 0 0 0 0 0 0 0 0 0 0 0 0 0 0 0 0 0 0 0 0 0 0 0 0 0 0 0 0 0 0 0 0 0 0 0 0 0 0 0 0 0 0 0 0 0 0 0 0 0 0 0 0 0 0 0 0 0 0 0 0 0 0 0 0 0 0 0 0 0 0 0 0 0 0 0 0 0 0
INFO:tensorflow:input_mask: 1 1 1 1 1 1 1 1 1 1 1 1 1 1 1 1 1 1 1 1 1 1 1 1 1 1 1 1 1 1 1 1 1 1 1 1 1 1 1 1 1 1 1 1 1 1 1 1 1 0 0 0 0 0 0 0 0 0 0 0 0 0 0 0 0 0 0 0 0 0 0 0 0 0 0 0 0 0 0 0 0 0 0 0 0 0 0 0 0 0 0 0 0 0 0 0 0 0 0 0 0 0 0 0 0 0 0 0 0 0 0 0 0 0 0 0 0 0 0 0 0 0 0 0 0 0 0 0
I1103 12:51:40.615099 47876731937856 create_pretraining_data.py:161] input_mask: 1 1 1 1 1 1 1 1 1 1 1 1 1 1 1 1 1 1 1 1 1 1 1 1 1 1 1 1 1 1 1 1 1 1 1 1 1 1 1 1 1 1 1 1 1 1 1 1 1 0 0 0 0 0 0 0 0 0 0 0 0 0 0 0 0 0 0 0 0 0 0 0 0 0 0 0 0 0 0 0 0 0 0 0 0 0 0 0 0 0 0 0 0 0 0 0 0 0 0 0 0 0 0 0 0 0 0 0 0 0 0 0 0 0 0 0 0 0 0 0 0 0 0 0 0 0 0 0
INFO:tensorflow:segment_ids: 0 0 0 0 0 0 0 0 0 0 0 0 0 0 0 0 0 0 0 0 1 1 1 1 1 1 1 1 1 1 1 1 1 1 1 1 1 1 1 1 1 1 1 1 1 1 1 1 1 0 0 0 0 0 0 0 0 0 0 0 0 0 0 0 0 0 0 0 0 0 0 0 0 0 0 0 0 0 0 0 0 0 0 0 0 0 0 0 0 0 0 0 0 0 0 0 0 0 0 0 0 0 0 0 0 0 0 0 0 0 0 0 0 0 0 0 0 0 0 0 0 0 0 0 0 0 0 0
I1103 12:51:40.615354 47876731937856 create_pretraining_data.py:161] segment_ids: 0 0 0 0 0 0 0 0 0 0 0 0 0 0 0 0 0 0 0 0 1 1 1 1 1 1 1 1 1 1 1 1 1 1 1 1 1 1 1 1 1 1 1 1 1 1 1 1 1 0 0 0 0 0 0 0 0 0 0 0 0 0 0 0 0 0 0 0 0 0 0 0 0 0 0 0 0 0 0 0 0 0 0 0 0 0 0 0 0 0 0 0 0 0 0 0 0 0 0 0 0 0 0 0 0 0 0 0 0 0 0 0 0 0 0 0 0 0 0 0 0 0 0 0 0 0 0 0
INFO:tensorflow:masked_lm_positions: 2 3 4 35 45 46 47 0 0 0 0 0 0 0 0 0 0 0 0 0
I1103 12:51:40.615542 47876731937856 create_pretraining_data.py:161] masked_lm_positions: 2 3 4 35 45 46 47 0 0 0 0 0 0 0 0 0 0 0 0 0
INFO:tensorflow:masked_lm_ids: 11921 11203 1913 4177 28718 11085 15314 0 0 0 0 0 0 0 0 0 0 0 0 0
I1103 12:51:40.615732 47876731937856 create_pretraining_data.py:161] masked_lm_ids: 11921 11203 1913 4177 28718 11085 15314 0 0 0 0 0 0 0 0 0 0 0 0 0
INFO:tensorflow:masked_lm_weights: 1.0 1.0 1.0 1.0 1.0 1.0 1.0 0.0 0.0 0.0 0.0 0.0 0.0 0.0 0.0 0.0 0.0 0.0 0.0 0.0
I1103 12:51:40.615853 47876731937856 create_pretraining_data.py:161] masked_lm_weights: 1.0 1.0 1.0 1.0 1.0 1.0 1.0 0.0 0.0 0.0 0.0 0.0 0.0 0.0 0.0 0.0 0.0 0.0 0.0 0.0
INFO:tensorflow:next_sentence_labels: 1
I1103 12:51:40.615961 47876731937856 create_pretraining_data.py:161] next_sentence_labels: 1
INFO:tensorflow:*** Example ***
I1103 12:51:40.616813 47876731937856 create_pretraining_data.py:149] *** Example ***
INFO:tensorflow:tokens: [CLS] الدموع ثق ##ال هد ##ت حيل [MASK] [MASK] كان شاي ##لها علي [MASK] وط ##احت اكثر انسانه اعرفه ##ا وتعرف ##ني اح ##لفت لي ما [MASK] شلون راحت [SEP] ترك ##نا الكلام الي مايو ##دي [MASK] [MASK] وتك ##لمت فع ##ايل ##نا وحنا [MASK] بيت شعر [SEP]
I1103 12:51:40.616989 47876731937856 create_pretraining_data.py:151] tokens: [CLS] الدموع ثق ##ال هد ##ت حيل [MASK] [MASK] كان شاي ##لها علي [MASK] وط ##احت اكثر انسانه اعرفه ##ا وتعرف ##ني اح ##لفت لي ما [MASK] شلون راحت [SEP] ترك ##نا الكلام الي مايو ##دي [MASK] [MASK] وتك ##لمت فع ##ايل ##نا وحنا [MASK] بيت شعر [SEP]
INFO:tensorflow:input_ids: 2 12933 10774 1901 4758 1005 13285 4 4 2055 17337 2728 1958 4 2806 24701 2695 25283 28171 1007 21770 1974 2279 6122 2134 1972 4 13079 12841 3 2742 1914 3859 2002 5542 1930 4 4 9916 17720 2933 6592 1914 18605 4 2967 4537 3 0 0 0 0 0 0 0 0 0 0 0 0 0 0 0 0 0 0 0 0 0 0 0 0 0 0 0 0 0 0 0 0 0 0 0 0 0 0 0 0 0 0 0 0 0 0 0 0 0 0 0 0 0 0 0 0 0 0 0 0 0 0 0 0 0 0 0 0 0 0 0 0 0 0 0 0 0 0 0 0
I1103 12:51:40.617182 47876731937856 create_pretraining_data.py:161] input_ids: 2 12933 10774 1901 4758 1005 13285 4 4 2055 17337 2728 1958 4 2806 24701 2695 25283 28171 1007 21770 1974 2279 6122 2134 1972 4 13079 12841 3 2742 1914 3859 2002 5542 1930 4 4 9916 17720 2933 6592 1914 18605 4 2967 4537 3 0 0 0 0 0 0 0 0 0 0 0 0 0 0 0 0 0 0 0 0 0 0 0 0 0 0 0 0 0 0 0 0 0 0 0 0 0 0 0 0 0 0 0 0 0 0 0 0 0 0 0 0 0 0 0 0 0 0 0 0 0 0 0 0 0 0 0 0 0 0 0 0 0 0 0 0 0 0 0 0
INFO:tensorflow:input_mask: 1 1 1 1 1 1 1 1 1 1 1 1 1 1 1 1 1 1 1 1 1 1 1 1 1 1 1 1 1 1 1 1 1 1 1 1 1 1 1 1 1 1 1 1 1 1 1 1 0 0 0 0 0 0 0 0 0 0 0 0 0 0 0 0 0 0 0 0 0 0 0 0 0 0 0 0 0 0 0 0 0 0 0 0 0 0 0 0 0 0 0 0 0 0 0 0 0 0 0 0 0 0 0 0 0 0 0 0 0 0 0 0 0 0 0 0 0 0 0 0 0 0 0 0 0 0 0 0
I1103 12:51:40.617372 47876731937856 create_pretraining_data.py:161] input_mask: 1 1 1 1 1 1 1 1 1 1 1 1 1 1 1 1 1 1 1 1 1 1 1 1 1 1 1 1 1 1 1 1 1 1 1 1 1 1 1 1 1 1 1 1 1 1 1 1 0 0 0 0 0 0 0 0 0 0 0 0 0 0 0 0 0 0 0 0 0 0 0 0 0 0 0 0 0 0 0 0 0 0 0 0 0 0 0 0 0 0 0 0 0 0 0 0 0 0 0 0 0 0 0 0 0 0 0 0 0 0 0 0 0 0 0 0 0 0 0 0 0 0 0 0 0 0 0 0
INFO:tensorflow:segment_ids: 0 0 0 0 0 0 0 0 0 0 0 0 0 0 0 0 0 0 0 0 0 0 0 0 0 0 0 0 0 0 1 1 1 1 1 1 1 1 1 1 1 1 1 1 1 1 1 1 0 0 0 0 0 0 0 0 0 0 0 0 0 0 0 0 0 0 0 0 0 0 0 0 0 0 0 0 0 0 0 0 0 0 0 0 0 0 0 0 0 0 0 0 0 0 0 0 0 0 0 0 0 0 0 0 0 0 0 0 0 0 0 0 0 0 0 0 0 0 0 0 0 0 0 0 0 0 0 0
I1103 12:51:40.617535 47876731937856 create_pretraining_data.py:161] segment_ids: 0 0 0 0 0 0 0 0 0 0 0 0 0 0 0 0 0 0 0 0 0 0 0 0 0 0 0 0 0 0 1 1 1 1 1 1 1 1 1 1 1 1 1 1 1 1 1 1 0 0 0 0 0 0 0 0 0 0 0 0 0 0 0 0 0 0 0 0 0 0 0 0 0 0 0 0 0 0 0 0 0 0 0 0 0 0 0 0 0 0 0 0 0 0 0 0 0 0 0 0 0 0 0 0 0 0 0 0 0 0 0 0 0 0 0 0 0 0 0 0 0 0 0 0 0 0 0 0
INFO:tensorflow:masked_lm_positions: 7 8 13 26 36 37 44 0 0 0 0 0 0 0 0 0 0 0 0 0
I1103 12:51:40.617664 47876731937856 create_pretraining_data.py:161] masked_lm_positions: 7 8 13 26 36 37 44 0 0 0 0 0 0 0 0 0 0 0 0 0
INFO:tensorflow:masked_lm_ids: 19089 1974 22911 12908 23745 8562 28856 0 0 0 0 0 0 0 0 0 0 0 0 0
I1103 12:51:40.617782 47876731937856 create_pretraining_data.py:161] masked_lm_ids: 19089 1974 22911 12908 23745 8562 28856 0 0 0 0 0 0 0 0 0 0 0 0 0
INFO:tensorflow:masked_lm_weights: 1.0 1.0 1.0 1.0 1.0 1.0 1.0 0.0 0.0 0.0 0.0 0.0 0.0 0.0 0.0 0.0 0.0 0.0 0.0 0.0
I1103 12:51:40.617901 47876731937856 create_pretraining_data.py:161] masked_lm_weights: 1.0 1.0 1.0 1.0 1.0 1.0 1.0 0.0 0.0 0.0 0.0 0.0 0.0 0.0 0.0 0.0 0.0 0.0 0.0 0.0
INFO:tensorflow:next_sentence_labels: 1
I1103 12:51:40.618008 47876731937856 create_pretraining_data.py:161] next_sentence_labels: 1
INFO:tensorflow:*** Example ***
I1103 12:51:40.618813 47876731937856 create_pretraining_data.py:149] *** Example ***
INFO:tensorflow:tokens: [CLS] برب ##س [MASK] الطريقه الملكيه [SEP] رئيس ##هم الجزائري ارسل جنود ##ا لي ##ذب ##حوا السوريين مع بشار وايران وروسيا بكين ##ا علي شهداء الجزائر فاب ##كت ##نا [MASK] [MASK] شهد ##ائنا [SEP]
I1103 12:51:40.618978 47876731937856 create_pretraining_data.py:151] tokens: [CLS] برب ##س [MASK] الطريقه الملكيه [SEP] رئيس ##هم الجزائري ارسل جنود ##ا لي ##ذب ##حوا السوريين مع بشار وايران وروسيا بكين ##ا علي شهداء الجزائر فاب ##كت ##نا [MASK] [MASK] شهد ##ائنا [SEP]
INFO:tensorflow:input_ids: 2 9148 1033 4 18520 17183 3 2426 1949 6767 11756 6181 1007 2134 3322 9804 8336 1973 8047 17806 16465 17275 1007 1958 9201 3954 19664 2053 1914 4 4 5270 6066 3 0 0 0 0 0 0 0 0 0 0 0 0 0 0 0 0 0 0 0 0 0 0 0 0 0 0 0 0 0 0 0 0 0 0 0 0 0 0 0 0 0 0 0 0 0 0 0 0 0 0 0 0 0 0 0 0 0 0 0 0 0 0 0 0 0 0 0 0 0 0 0 0 0 0 0 0 0 0 0 0 0 0 0 0 0 0 0 0 0 0 0 0 0 0
I1103 12:51:40.619162 47876731937856 create_pretraining_data.py:161] input_ids: 2 9148 1033 4 18520 17183 3 2426 1949 6767 11756 6181 1007 2134 3322 9804 8336 1973 8047 17806 16465 17275 1007 1958 9201 3954 19664 2053 1914 4 4 5270 6066 3 0 0 0 0 0 0 0 0 0 0 0 0 0 0 0 0 0 0 0 0 0 0 0 0 0 0 0 0 0 0 0 0 0 0 0 0 0 0 0 0 0 0 0 0 0 0 0 0 0 0 0 0 0 0 0 0 0 0 0 0 0 0 0 0 0 0 0 0 0 0 0 0 0 0 0 0 0 0 0 0 0 0 0 0 0 0 0 0 0 0 0 0 0 0
INFO:tensorflow:input_mask: 1 1 1 1 1 1 1 1 1 1 1 1 1 1 1 1 1 1 1 1 1 1 1 1 1 1 1 1 1 1 1 1 1 1 0 0 0 0 0 0 0 0 0 0 0 0 0 0 0 0 0 0 0 0 0 0 0 0 0 0 0 0 0 0 0 0 0 0 0 0 0 0 0 0 0 0 0 0 0 0 0 0 0 0 0 0 0 0 0 0 0 0 0 0 0 0 0 0 0 0 0 0 0 0 0 0 0 0 0 0 0 0 0 0 0 0 0 0 0 0 0 0 0 0 0 0 0 0
I1103 12:51:40.619344 47876731937856 create_pretraining_data.py:161] input_mask: 1 1 1 1 1 1 1 1 1 1 1 1 1 1 1 1 1 1 1 1 1 1 1 1 1 1 1 1 1 1 1 1 1 1 0 0 0 0 0 0 0 0 0 0 0 0 0 0 0 0 0 0 0 0 0 0 0 0 0 0 0 0 0 0 0 0 0 0 0 0 0 0 0 0 0 0 0 0 0 0 0 0 0 0 0 0 0 0 0 0 0 0 0 0 0 0 0 0 0 0 0 0 0 0 0 0 0 0 0 0 0 0 0 0 0 0 0 0 0 0 0 0 0 0 0 0 0 0
INFO:tensorflow:segment_ids: 0 0 0 0 0 0 0 1 1 1 1 1 1 1 1 1 1 1 1 1 1 1 1 1 1 1 1 1 1 1 1 1 1 1 0 0 0 0 0 0 0 0 0 0 0 0 0 0 0 0 0 0 0 0 0 0 0 0 0 0 0 0 0 0 0 0 0 0 0 0 0 0 0 0 0 0 0 0 0 0 0 0 0 0 0 0 0 0 0 0 0 0 0 0 0 0 0 0 0 0 0 0 0 0 0 0 0 0 0 0 0 0 0 0 0 0 0 0 0 0 0 0 0 0 0 0 0 0
I1103 12:51:40.619505 47876731937856 create_pretraining_data.py:161] segment_ids: 0 0 0 0 0 0 0 1 1 1 1 1 1 1 1 1 1 1 1 1 1 1 1 1 1 1 1 1 1 1 1 1 1 1 0 0 0 0 0 0 0 0 0 0 0 0 0 0 0 0 0 0 0 0 0 0 0 0 0 0 0 0 0 0 0 0 0 0 0 0 0 0 0 0 0 0 0 0 0 0 0 0 0 0 0 0 0 0 0 0 0 0 0 0 0 0 0 0 0 0 0 0 0 0 0 0 0 0 0 0 0 0 0 0 0 0 0 0 0 0 0 0 0 0 0 0 0 0
INFO:tensorflow:masked_lm_positions: 3 16 19 29 30 0 0 0 0 0 0 0 0 0 0 0 0 0 0 0
I1103 12:51:40.619632 47876731937856 create_pretraining_data.py:161] masked_lm_positions: 3 16 19 29 30 0 0 0 0 0 0 0 0 0 0 0 0 0 0 0
INFO:tensorflow:masked_lm_ids: 1958 8336 17806 3954 1958 0 0 0 0 0 0 0 0 0 0 0 0 0 0 0
I1103 12:51:40.619748 47876731937856 create_pretraining_data.py:161] masked_lm_ids: 1958 8336 17806 3954 1958 0 0 0 0 0 0 0 0 0 0 0 0 0 0 0
INFO:tensorflow:masked_lm_weights: 1.0 1.0 1.0 1.0 1.0 0.0 0.0 0.0 0.0 0.0 0.0 0.0 0.0 0.0 0.0 0.0 0.0 0.0 0.0 0.0
I1103 12:51:40.619865 47876731937856 create_pretraining_data.py:161] masked_lm_weights: 1.0 1.0 1.0 1.0 1.0 0.0 0.0 0.0 0.0 0.0 0.0 0.0 0.0 0.0 0.0 0.0 0.0 0.0 0.0 0.0
INFO:tensorflow:next_sentence_labels: 1
I1103 12:51:40.619972 47876731937856 create_pretraining_data.py:161] next_sentence_labels: 1
INFO:tensorflow:*** Example ***
I1103 12:51:40.620760 47876731937856 create_pretraining_data.py:149] *** Example ***
INFO:tensorflow:tokens: [CLS] والله [MASK] حتي التس ##ليك صار يتعب ##ني [SEP] قصه رائعه حصل هذا المشهد علي متن احدي طائرات ##نسان [MASK] البريطاني ##ه [SEP]
I1103 12:51:40.620918 47876731937856 create_pretraining_data.py:151] tokens: [CLS] والله [MASK] حتي التس ##ليك صار يتعب ##ني [SEP] قصه رائعه حصل هذا المشهد علي متن احدي طائرات ##نسان [MASK] البريطاني ##ه [SEP]
INFO:tensorflow:input_ids: 2 2706 4 2627 3025 4420 4109 22563 1974 3 7887 10232 5521 2085 11509 1958 5006 11733 11548 2851 4 8645 1028 3 0 0 0 0 0 0 0 0 0 0 0 0 0 0 0 0 0 0 0 0 0 0 0 0 0 0 0 0 0 0 0 0 0 0 0 0 0 0 0 0 0 0 0 0 0 0 0 0 0 0 0 0 0 0 0 0 0 0 0 0 0 0 0 0 0 0 0 0 0 0 0 0 0 0 0 0 0 0 0 0 0 0 0 0 0 0 0 0 0 0 0 0 0 0 0 0 0 0 0 0 0 0 0 0
I1103 12:51:40.621098 47876731937856 create_pretraining_data.py:161] input_ids: 2 2706 4 2627 3025 4420 4109 22563 1974 3 7887 10232 5521 2085 11509 1958 5006 11733 11548 2851 4 8645 1028 3 0 0 0 0 0 0 0 0 0 0 0 0 0 0 0 0 0 0 0 0 0 0 0 0 0 0 0 0 0 0 0 0 0 0 0 0 0 0 0 0 0 0 0 0 0 0 0 0 0 0 0 0 0 0 0 0 0 0 0 0 0 0 0 0 0 0 0 0 0 0 0 0 0 0 0 0 0 0 0 0 0 0 0 0 0 0 0 0 0 0 0 0 0 0 0 0 0 0 0 0 0 0 0 0
INFO:tensorflow:input_mask: 1 1 1 1 1 1 1 1 1 1 1 1 1 1 1 1 1 1 1 1 1 1 1 1 0 0 0 0 0 0 0 0 0 0 0 0 0 0 0 0 0 0 0 0 0 0 0 0 0 0 0 0 0 0 0 0 0 0 0 0 0 0 0 0 0 0 0 0 0 0 0 0 0 0 0 0 0 0 0 0 0 0 0 0 0 0 0 0 0 0 0 0 0 0 0 0 0 0 0 0 0 0 0 0 0 0 0 0 0 0 0 0 0 0 0 0 0 0 0 0 0 0 0 0 0 0 0 0
I1103 12:51:40.621265 47876731937856 create_pretraining_data.py:161] input_mask: 1 1 1 1 1 1 1 1 1 1 1 1 1 1 1 1 1 1 1 1 1 1 1 1 0 0 0 0 0 0 0 0 0 0 0 0 0 0 0 0 0 0 0 0 0 0 0 0 0 0 0 0 0 0 0 0 0 0 0 0 0 0 0 0 0 0 0 0 0 0 0 0 0 0 0 0 0 0 0 0 0 0 0 0 0 0 0 0 0 0 0 0 0 0 0 0 0 0 0 0 0 0 0 0 0 0 0 0 0 0 0 0 0 0 0 0 0 0 0 0 0 0 0 0 0 0 0 0
INFO:tensorflow:segment_ids: 0 0 0 0 0 0 0 0 0 0 1 1 1 1 1 1 1 1 1 1 1 1 1 1 0 0 0 0 0 0 0 0 0 0 0 0 0 0 0 0 0 0 0 0 0 0 0 0 0 0 0 0 0 0 0 0 0 0 0 0 0 0 0 0 0 0 0 0 0 0 0 0 0 0 0 0 0 0 0 0 0 0 0 0 0 0 0 0 0 0 0 0 0 0 0 0 0 0 0 0 0 0 0 0 0 0 0 0 0 0 0 0 0 0 0 0 0 0 0 0 0 0 0 0 0 0 0 0
I1103 12:51:40.621441 47876731937856 create_pretraining_data.py:161] segment_ids: 0 0 0 0 0 0 0 0 0 0 1 1 1 1 1 1 1 1 1 1 1 1 1 1 0 0 0 0 0 0 0 0 0 0 0 0 0 0 0 0 0 0 0 0 0 0 0 0 0 0 0 0 0 0 0 0 0 0 0 0 0 0 0 0 0 0 0 0 0 0 0 0 0 0 0 0 0 0 0 0 0 0 0 0 0 0 0 0 0 0 0 0 0 0 0 0 0 0 0 0 0 0 0 0 0 0 0 0 0 0 0 0 0 0 0 0 0 0 0 0 0 0 0 0 0 0 0 0
INFO:tensorflow:masked_lm_positions: 2 16 19 20 0 0 0 0 0 0 0 0 0 0 0 0 0 0 0 0
I1103 12:51:40.621564 47876731937856 create_pretraining_data.py:161] masked_lm_positions: 2 16 19 20 0 0 0 0 0 0 0 0 0 0 0 0 0 0 0 0
INFO:tensorflow:masked_lm_ids: 28105 5006 10110 18528 0 0 0 0 0 0 0 0 0 0 0 0 0 0 0 0
I1103 12:51:40.621687 47876731937856 create_pretraining_data.py:161] masked_lm_ids: 28105 5006 10110 18528 0 0 0 0 0 0 0 0 0 0 0 0 0 0 0 0
INFO:tensorflow:masked_lm_weights: 1.0 1.0 1.0 1.0 0.0 0.0 0.0 0.0 0.0 0.0 0.0 0.0 0.0 0.0 0.0 0.0 0.0 0.0 0.0 0.0
I1103 12:51:40.621806 47876731937856 create_pretraining_data.py:161] masked_lm_weights: 1.0 1.0 1.0 1.0 0.0 0.0 0.0 0.0 0.0 0.0 0.0 0.0 0.0 0.0 0.0 0.0 0.0 0.0 0.0 0.0
INFO:tensorflow:next_sentence_labels: 1
I1103 12:51:40.621915 47876731937856 create_pretraining_data.py:161] next_sentence_labels: 1
INFO:tensorflow:*** Example ***
I1103 12:51:40.622689 47876731937856 create_pretraining_data.py:149] *** Example ***
INFO:tensorflow:tokens: [CLS] الفرق بيني وبين [MASK] اليوم انو انا ات ##فرج ##ت المباراه في التلفزيون وهو في الملعب والكتاب [SEP] بن حميد يؤكد ان مظاهر الب ##ذ ##خ كفر بالن ##عمه وليس كرم حمله [MASK] [MASK] ظاهره [MASK] [MASK] [SEP]
I1103 12:51:40.622858 47876731937856 create_pretraining_data.py:151] tokens: [CLS] الفرق بيني وبين [MASK] اليوم انو انا ات ##فرج ##ت المباراه في التلفزيون وهو في الملعب والكتاب [SEP] بن حميد يؤكد ان مظاهر الب ##ذ ##خ كفر بالن ##عمه وليس كرم حمله [MASK] [MASK] ظاهره [MASK] [MASK] [SEP]
INFO:tensorflow:input_ids: 2 5574 8799 3944 4 2217 11946 2315 2253 6702 1005 7867 1912 9114 2400 1912 8301 27250 3 2040 10295 7004 1939 18924 1968 1035 1036 5489 3229 8304 3607 8715 5626 4 4 20774 4 4 3 0 0 0 0 0 0 0 0 0 0 0 0 0 0 0 0 0 0 0 0 0 0 0 0 0 0 0 0 0 0 0 0 0 0 0 0 0 0 0 0 0 0 0 0 0 0 0 0 0 0 0 0 0 0 0 0 0 0 0 0 0 0 0 0 0 0 0 0 0 0 0 0 0 0 0 0 0 0 0 0 0 0 0 0 0 0 0 0 0
I1103 12:51:40.623040 47876731937856 create_pretraining_data.py:161] input_ids: 2 5574 8799 3944 4 2217 11946 2315 2253 6702 1005 7867 1912 9114 2400 1912 8301 27250 3 2040 10295 7004 1939 18924 1968 1035 1036 5489 3229 8304 3607 8715 5626 4 4 20774 4 4 3 0 0 0 0 0 0 0 0 0 0 0 0 0 0 0 0 0 0 0 0 0 0 0 0 0 0 0 0 0 0 0 0 0 0 0 0 0 0 0 0 0 0 0 0 0 0 0 0 0 0 0 0 0 0 0 0 0 0 0 0 0 0 0 0 0 0 0 0 0 0 0 0 0 0 0 0 0 0 0 0 0 0 0 0 0 0 0 0 0
INFO:tensorflow:input_mask: 1 1 1 1 1 1 1 1 1 1 1 1 1 1 1 1 1 1 1 1 1 1 1 1 1 1 1 1 1 1 1 1 1 1 1 1 1 1 1 0 0 0 0 0 0 0 0 0 0 0 0 0 0 0 0 0 0 0 0 0 0 0 0 0 0 0 0 0 0 0 0 0 0 0 0 0 0 0 0 0 0 0 0 0 0 0 0 0 0 0 0 0 0 0 0 0 0 0 0 0 0 0 0 0 0 0 0 0 0 0 0 0 0 0 0 0 0 0 0 0 0 0 0 0 0 0 0 0
I1103 12:51:40.623206 47876731937856 create_pretraining_data.py:161] input_mask: 1 1 1 1 1 1 1 1 1 1 1 1 1 1 1 1 1 1 1 1 1 1 1 1 1 1 1 1 1 1 1 1 1 1 1 1 1 1 1 0 0 0 0 0 0 0 0 0 0 0 0 0 0 0 0 0 0 0 0 0 0 0 0 0 0 0 0 0 0 0 0 0 0 0 0 0 0 0 0 0 0 0 0 0 0 0 0 0 0 0 0 0 0 0 0 0 0 0 0 0 0 0 0 0 0 0 0 0 0 0 0 0 0 0 0 0 0 0 0 0 0 0 0 0 0 0 0 0
INFO:tensorflow:segment_ids: 0 0 0 0 0 0 0 0 0 0 0 0 0 0 0 0 0 0 0 1 1 1 1 1 1 1 1 1 1 1 1 1 1 1 1 1 1 1 1 0 0 0 0 0 0 0 0 0 0 0 0 0 0 0 0 0 0 0 0 0 0 0 0 0 0 0 0 0 0 0 0 0 0 0 0 0 0 0 0 0 0 0 0 0 0 0 0 0 0 0 0 0 0 0 0 0 0 0 0 0 0 0 0 0 0 0 0 0 0 0 0 0 0 0 0 0 0 0 0 0 0 0 0 0 0 0 0 0
I1103 12:51:40.623382 47876731937856 create_pretraining_data.py:161] segment_ids: 0 0 0 0 0 0 0 0 0 0 0 0 0 0 0 0 0 0 0 1 1 1 1 1 1 1 1 1 1 1 1 1 1 1 1 1 1 1 1 0 0 0 0 0 0 0 0 0 0 0 0 0 0 0 0 0 0 0 0 0 0 0 0 0 0 0 0 0 0 0 0 0 0 0 0 0 0 0 0 0 0 0 0 0 0 0 0 0 0 0 0 0 0 0 0 0 0 0 0 0 0 0 0 0 0 0 0 0 0 0 0 0 0 0 0 0 0 0 0 0 0 0 0 0 0 0 0 0
INFO:tensorflow:masked_lm_positions: 4 17 33 34 36 37 0 0 0 0 0 0 0 0 0 0 0 0 0 0
I1103 12:51:40.623503 47876731937856 create_pretraining_data.py:161] masked_lm_positions: 4 17 33 34 36 37 0 0 0 0 0 0 0 0 0 0 0 0 0 0
INFO:tensorflow:masked_lm_ids: 6832 3495 4269 3111 5489 16159 0 0 0 0 0 0 0 0 0 0 0 0 0 0
I1103 12:51:40.623625 47876731937856 create_pretraining_data.py:161] masked_lm_ids: 6832 3495 4269 3111 5489 16159 0 0 0 0 0 0 0 0 0 0 0 0 0 0
INFO:tensorflow:masked_lm_weights: 1.0 1.0 1.0 1.0 1.0 1.0 0.0 0.0 0.0 0.0 0.0 0.0 0.0 0.0 0.0 0.0 0.0 0.0 0.0 0.0
I1103 12:51:40.623746 47876731937856 create_pretraining_data.py:161] masked_lm_weights: 1.0 1.0 1.0 1.0 1.0 1.0 0.0 0.0 0.0 0.0 0.0 0.0 0.0 0.0 0.0 0.0 0.0 0.0 0.0 0.0
INFO:tensorflow:next_sentence_labels: 1
I1103 12:51:40.623853 47876731937856 create_pretraining_data.py:161] next_sentence_labels: 1
INFO:tensorflow:*** Example ***
I1103 12:51:40.624576 47876731937856 create_pretraining_data.py:149] *** Example ***
INFO:tensorflow:tokens: [CLS] مصادر امنيه تركي [MASK] [MASK] الاسد مت ##ورط ##ه في تفجير اسطنبول سوريا تركيا [SEP] استغفر الله العظيم واتوب اليه [SEP]
I1103 12:51:40.624741 47876731937856 create_pretraining_data.py:151] tokens: [CLS] مصادر امنيه تركي [MASK] [MASK] الاسد مت ##ورط ##ه في تفجير اسطنبول سوريا تركيا [SEP] استغفر الله العظيم واتوب اليه [SEP]
INFO:tensorflow:input_ids: 2 5093 11204 6981 4 4 7885 2068 21199 1028 1912 13916 10246 3379 4081 3 2870 1953 3049 3915 3055 3 0 0 0 0 0 0 0 0 0 0 0 0 0 0 0 0 0 0 0 0 0 0 0 0 0 0 0 0 0 0 0 0 0 0 0 0 0 0 0 0 0 0 0 0 0 0 0 0 0 0 0 0 0 0 0 0 0 0 0 0 0 0 0 0 0 0 0 0 0 0 0 0 0 0 0 0 0 0 0 0 0 0 0 0 0 0 0 0 0 0 0 0 0 0 0 0 0 0 0 0 0 0 0 0 0 0
I1103 12:51:40.624917 47876731937856 create_pretraining_data.py:161] input_ids: 2 5093 11204 6981 4 4 7885 2068 21199 1028 1912 13916 10246 3379 4081 3 2870 1953 3049 3915 3055 3 0 0 0 0 0 0 0 0 0 0 0 0 0 0 0 0 0 0 0 0 0 0 0 0 0 0 0 0 0 0 0 0 0 0 0 0 0 0 0 0 0 0 0 0 0 0 0 0 0 0 0 0 0 0 0 0 0 0 0 0 0 0 0 0 0 0 0 0 0 0 0 0 0 0 0 0 0 0 0 0 0 0 0 0 0 0 0 0 0 0 0 0 0 0 0 0 0 0 0 0 0 0 0 0 0 0
INFO:tensorflow:input_mask: 1 1 1 1 1 1 1 1 1 1 1 1 1 1 1 1 1 1 1 1 1 1 0 0 0 0 0 0 0 0 0 0 0 0 0 0 0 0 0 0 0 0 0 0 0 0 0 0 0 0 0 0 0 0 0 0 0 0 0 0 0 0 0 0 0 0 0 0 0 0 0 0 0 0 0 0 0 0 0 0 0 0 0 0 0 0 0 0 0 0 0 0 0 0 0 0 0 0 0 0 0 0 0 0 0 0 0 0 0 0 0 0 0 0 0 0 0 0 0 0 0 0 0 0 0 0 0 0
I1103 12:51:40.625081 47876731937856 create_pretraining_data.py:161] input_mask: 1 1 1 1 1 1 1 1 1 1 1 1 1 1 1 1 1 1 1 1 1 1 0 0 0 0 0 0 0 0 0 0 0 0 0 0 0 0 0 0 0 0 0 0 0 0 0 0 0 0 0 0 0 0 0 0 0 0 0 0 0 0 0 0 0 0 0 0 0 0 0 0 0 0 0 0 0 0 0 0 0 0 0 0 0 0 0 0 0 0 0 0 0 0 0 0 0 0 0 0 0 0 0 0 0 0 0 0 0 0 0 0 0 0 0 0 0 0 0 0 0 0 0 0 0 0 0 0
INFO:tensorflow:segment_ids: 0 0 0 0 0 0 0 0 0 0 0 0 0 0 0 0 1 1 1 1 1 1 0 0 0 0 0 0 0 0 0 0 0 0 0 0 0 0 0 0 0 0 0 0 0 0 0 0 0 0 0 0 0 0 0 0 0 0 0 0 0 0 0 0 0 0 0 0 0 0 0 0 0 0 0 0 0 0 0 0 0 0 0 0 0 0 0 0 0 0 0 0 0 0 0 0 0 0 0 0 0 0 0 0 0 0 0 0 0 0 0 0 0 0 0 0 0 0 0 0 0 0 0 0 0 0 0 0
I1103 12:51:40.625242 47876731937856 create_pretraining_data.py:161] segment_ids: 0 0 0 0 0 0 0 0 0 0 0 0 0 0 0 0 1 1 1 1 1 1 0 0 0 0 0 0 0 0 0 0 0 0 0 0 0 0 0 0 0 0 0 0 0 0 0 0 0 0 0 0 0 0 0 0 0 0 0 0 0 0 0 0 0 0 0 0 0 0 0 0 0 0 0 0 0 0 0 0 0 0 0 0 0 0 0 0 0 0 0 0 0 0 0 0 0 0 0 0 0 0 0 0 0 0 0 0 0 0 0 0 0 0 0 0 0 0 0 0 0 0 0 0 0 0 0 0
INFO:tensorflow:masked_lm_positions: 3 4 5 0 0 0 0 0 0 0 0 0 0 0 0 0 0 0 0 0
I1103 12:51:40.625361 47876731937856 create_pretraining_data.py:161] masked_lm_positions: 3 4 5 0 0 0 0 0 0 0 0 0 0 0 0 0 0 0 0 0
INFO:tensorflow:masked_lm_ids: 6981 1028 28115 0 0 0 0 0 0 0 0 0 0 0 0 0 0 0 0 0
I1103 12:51:40.625496 47876731937856 create_pretraining_data.py:161] masked_lm_ids: 6981 1028 28115 0 0 0 0 0 0 0 0 0 0 0 0 0 0 0 0 0
INFO:tensorflow:masked_lm_weights: 1.0 1.0 1.0 0.0 0.0 0.0 0.0 0.0 0.0 0.0 0.0 0.0 0.0 0.0 0.0 0.0 0.0 0.0 0.0 0.0
I1103 12:51:40.625633 47876731937856 create_pretraining_data.py:161] masked_lm_weights: 1.0 1.0 1.0 0.0 0.0 0.0 0.0 0.0 0.0 0.0 0.0 0.0 0.0 0.0 0.0 0.0 0.0 0.0 0.0 0.0
INFO:tensorflow:next_sentence_labels: 1
I1103 12:51:40.625742 47876731937856 create_pretraining_data.py:161] next_sentence_labels: 1
INFO:tensorflow:*** Example ***
I1103 12:51:40.626342 47876731937856 create_pretraining_data.py:149] *** Example ***
INFO:tensorflow:tokens: [CLS] ماجد فرج مسؤول المخابرات [MASK] السلط ##ه احب [MASK] 200 عمليه [MASK] ستن ##فذ ضد [MASK] الاحتلال خلال انت ##فاض ##ه القدس الجماع ##ه انج ##زو ##ا [SEP] ملت ##هب [SEP]
I1103 12:51:40.626471 47876731937856 create_pretraining_data.py:151] tokens: [CLS] ماجد فرج مسؤول المخابرات [MASK] السلط ##ه احب [MASK] 200 عمليه [MASK] ستن ##فذ ضد [MASK] الاحتلال خلال انت ##فاض ##ه القدس الجماع ##ه انج ##زو ##ا [SEP] ملت ##هب [SEP]
INFO:tensorflow:input_ids: 2 9266 5976 6803 12834 4 3366 1028 2744 4 2785 9707 4 17500 6303 3051 4 5416 2317 2164 5509 1028 5132 22312 1028 6960 5225 1007 3 3734 3201 3 0 0 0 0 0 0 0 0 0 0 0 0 0 0 0 0 0 0 0 0 0 0 0 0 0 0 0 0 0 0 0 0 0 0 0 0 0 0 0 0 0 0 0 0 0 0 0 0 0 0 0 0 0 0 0 0 0 0 0 0 0 0 0 0 0 0 0 0 0 0 0 0 0 0 0 0 0 0 0 0 0 0 0 0 0 0 0 0 0 0 0 0 0 0 0 0
I1103 12:51:40.626618 47876731937856 create_pretraining_data.py:161] input_ids: 2 9266 5976 6803 12834 4 3366 1028 2744 4 2785 9707 4 17500 6303 3051 4 5416 2317 2164 5509 1028 5132 22312 1028 6960 5225 1007 3 3734 3201 3 0 0 0 0 0 0 0 0 0 0 0 0 0 0 0 0 0 0 0 0 0 0 0 0 0 0 0 0 0 0 0 0 0 0 0 0 0 0 0 0 0 0 0 0 0 0 0 0 0 0 0 0 0 0 0 0 0 0 0 0 0 0 0 0 0 0 0 0 0 0 0 0 0 0 0 0 0 0 0 0 0 0 0 0 0 0 0 0 0 0 0 0 0 0 0 0
INFO:tensorflow:input_mask: 1 1 1 1 1 1 1 1 1 1 1 1 1 1 1 1 1 1 1 1 1 1 1 1 1 1 1 1 1 1 1 1 0 0 0 0 0 0 0 0 0 0 0 0 0 0 0 0 0 0 0 0 0 0 0 0 0 0 0 0 0 0 0 0 0 0 0 0 0 0 0 0 0 0 0 0 0 0 0 0 0 0 0 0 0 0 0 0 0 0 0 0 0 0 0 0 0 0 0 0 0 0 0 0 0 0 0 0 0 0 0 0 0 0 0 0 0 0 0 0 0 0 0 0 0 0 0 0
I1103 12:51:40.626750 47876731937856 create_pretraining_data.py:161] input_mask: 1 1 1 1 1 1 1 1 1 1 1 1 1 1 1 1 1 1 1 1 1 1 1 1 1 1 1 1 1 1 1 1 0 0 0 0 0 0 0 0 0 0 0 0 0 0 0 0 0 0 0 0 0 0 0 0 0 0 0 0 0 0 0 0 0 0 0 0 0 0 0 0 0 0 0 0 0 0 0 0 0 0 0 0 0 0 0 0 0 0 0 0 0 0 0 0 0 0 0 0 0 0 0 0 0 0 0 0 0 0 0 0 0 0 0 0 0 0 0 0 0 0 0 0 0 0 0 0
INFO:tensorflow:segment_ids: 0 0 0 0 0 0 0 0 0 0 0 0 0 0 0 0 0 0 0 0 0 0 0 0 0 0 0 0 0 1 1 1 0 0 0 0 0 0 0 0 0 0 0 0 0 0 0 0 0 0 0 0 0 0 0 0 0 0 0 0 0 0 0 0 0 0 0 0 0 0 0 0 0 0 0 0 0 0 0 0 0 0 0 0 0 0 0 0 0 0 0 0 0 0 0 0 0 0 0 0 0 0 0 0 0 0 0 0 0 0 0 0 0 0 0 0 0 0 0 0 0 0 0 0 0 0 0 0
I1103 12:51:40.626876 47876731937856 create_pretraining_data.py:161] segment_ids: 0 0 0 0 0 0 0 0 0 0 0 0 0 0 0 0 0 0 0 0 0 0 0 0 0 0 0 0 0 1 1 1 0 0 0 0 0 0 0 0 0 0 0 0 0 0 0 0 0 0 0 0 0 0 0 0 0 0 0 0 0 0 0 0 0 0 0 0 0 0 0 0 0 0 0 0 0 0 0 0 0 0 0 0 0 0 0 0 0 0 0 0 0 0 0 0 0 0 0 0 0 0 0 0 0 0 0 0 0 0 0 0 0 0 0 0 0 0 0 0 0 0 0 0 0 0 0 0
INFO:tensorflow:masked_lm_positions: 5 8 9 12 16 0 0 0 0 0 0 0 0 0 0 0 0 0 0 0
I1103 12:51:40.626970 47876731937856 create_pretraining_data.py:161] masked_lm_positions: 5 8 9 12 16 0 0 0 0 0 0 0 0 0 0 0 0 0 0 0
INFO:tensorflow:masked_lm_ids: 1912 2744 10491 2431 6229 0 0 0 0 0 0 0 0 0 0 0 0 0 0 0
I1103 12:51:40.627062 47876731937856 create_pretraining_data.py:161] masked_lm_ids: 1912 2744 10491 2431 6229 0 0 0 0 0 0 0 0 0 0 0 0 0 0 0
INFO:tensorflow:masked_lm_weights: 1.0 1.0 1.0 1.0 1.0 0.0 0.0 0.0 0.0 0.0 0.0 0.0 0.0 0.0 0.0 0.0 0.0 0.0 0.0 0.0
I1103 12:51:40.627154 47876731937856 create_pretraining_data.py:161] masked_lm_weights: 1.0 1.0 1.0 1.0 1.0 0.0 0.0 0.0 0.0 0.0 0.0 0.0 0.0 0.0 0.0 0.0 0.0 0.0 0.0 0.0
INFO:tensorflow:next_sentence_labels: 1
I1103 12:51:40.627256 47876731937856 create_pretraining_data.py:161] next_sentence_labels: 1
INFO:tensorflow:*** Example ***
I1103 12:51:40.627859 47876731937856 create_pretraining_data.py:149] *** Example ***
INFO:tensorflow:tokens: [CLS] اول عمل برا لي شيله جذ ##ع الغرام كلمات فهد الحارثي المنشد حسن الحارثي [SEP] [MASK] ##ون ابوها دي ذكري مش راضيه [MASK] [SEP]
I1103 12:51:40.627988 47876731937856 create_pretraining_data.py:151] tokens: [CLS] اول عمل برا لي شيله جذ ##ع الغرام كلمات فهد الحارثي المنشد حسن الحارثي [SEP] [MASK] ##ون ابوها دي ذكري مش راضيه [MASK] [SEP]
INFO:tensorflow:input_ids: 2 3085 2979 4751 2134 15049 9237 1009 15547 5000 4599 13859 29073 3314 13859 3 4 1922 25830 2630 5721 2096 23798 4 3 0 0 0 0 0 0 0 0 0 0 0 0 0 0 0 0 0 0 0 0 0 0 0 0 0 0 0 0 0 0 0 0 0 0 0 0 0 0 0 0 0 0 0 0 0 0 0 0 0 0 0 0 0 0 0 0 0 0 0 0 0 0 0 0 0 0 0 0 0 0 0 0 0 0 0 0 0 0 0 0 0 0 0 0 0 0 0 0 0 0 0 0 0 0 0 0 0 0 0 0 0 0 0
I1103 12:51:40.628129 47876731937856 create_pretraining_data.py:161] input_ids: 2 3085 2979 4751 2134 15049 9237 1009 15547 5000 4599 13859 29073 3314 13859 3 4 1922 25830 2630 5721 2096 23798 4 3 0 0 0 0 0 0 0 0 0 0 0 0 0 0 0 0 0 0 0 0 0 0 0 0 0 0 0 0 0 0 0 0 0 0 0 0 0 0 0 0 0 0 0 0 0 0 0 0 0 0 0 0 0 0 0 0 0 0 0 0 0 0 0 0 0 0 0 0 0 0 0 0 0 0 0 0 0 0 0 0 0 0 0 0 0 0 0 0 0 0 0 0 0 0 0 0 0 0 0 0 0 0 0
INFO:tensorflow:input_mask: 1 1 1 1 1 1 1 1 1 1 1 1 1 1 1 1 1 1 1 1 1 1 1 1 1 0 0 0 0 0 0 0 0 0 0 0 0 0 0 0 0 0 0 0 0 0 0 0 0 0 0 0 0 0 0 0 0 0 0 0 0 0 0 0 0 0 0 0 0 0 0 0 0 0 0 0 0 0 0 0 0 0 0 0 0 0 0 0 0 0 0 0 0 0 0 0 0 0 0 0 0 0 0 0 0 0 0 0 0 0 0 0 0 0 0 0 0 0 0 0 0 0 0 0 0 0 0 0
I1103 12:51:40.628262 47876731937856 create_pretraining_data.py:161] input_mask: 1 1 1 1 1 1 1 1 1 1 1 1 1 1 1 1 1 1 1 1 1 1 1 1 1 0 0 0 0 0 0 0 0 0 0 0 0 0 0 0 0 0 0 0 0 0 0 0 0 0 0 0 0 0 0 0 0 0 0 0 0 0 0 0 0 0 0 0 0 0 0 0 0 0 0 0 0 0 0 0 0 0 0 0 0 0 0 0 0 0 0 0 0 0 0 0 0 0 0 0 0 0 0 0 0 0 0 0 0 0 0 0 0 0 0 0 0 0 0 0 0 0 0 0 0 0 0 0
INFO:tensorflow:segment_ids: 0 0 0 0 0 0 0 0 0 0 0 0 0 0 0 0 1 1 1 1 1 1 1 1 1 0 0 0 0 0 0 0 0 0 0 0 0 0 0 0 0 0 0 0 0 0 0 0 0 0 0 0 0 0 0 0 0 0 0 0 0 0 0 0 0 0 0 0 0 0 0 0 0 0 0 0 0 0 0 0 0 0 0 0 0 0 0 0 0 0 0 0 0 0 0 0 0 0 0 0 0 0 0 0 0 0 0 0 0 0 0 0 0 0 0 0 0 0 0 0 0 0 0 0 0 0 0 0
I1103 12:51:40.628388 47876731937856 create_pretraining_data.py:161] segment_ids: 0 0 0 0 0 0 0 0 0 0 0 0 0 0 0 0 1 1 1 1 1 1 1 1 1 0 0 0 0 0 0 0 0 0 0 0 0 0 0 0 0 0 0 0 0 0 0 0 0 0 0 0 0 0 0 0 0 0 0 0 0 0 0 0 0 0 0 0 0 0 0 0 0 0 0 0 0 0 0 0 0 0 0 0 0 0 0 0 0 0 0 0 0 0 0 0 0 0 0 0 0 0 0 0 0 0 0 0 0 0 0 0 0 0 0 0 0 0 0 0 0 0 0 0 0 0 0 0
INFO:tensorflow:masked_lm_positions: 3 16 17 23 0 0 0 0 0 0 0 0 0 0 0 0 0 0 0 0
I1103 12:51:40.628483 47876731937856 create_pretraining_data.py:161] masked_lm_positions: 3 16 17 23 0 0 0 0 0 0 0 0 0 0 0 0 0 0 0 0
INFO:tensorflow:masked_lm_ids: 3068 11594 1922 7873 0 0 0 0 0 0 0 0 0 0 0 0 0 0 0 0
I1103 12:51:40.628575 47876731937856 create_pretraining_data.py:161] masked_lm_ids: 3068 11594 1922 7873 0 0 0 0 0 0 0 0 0 0 0 0 0 0 0 0
INFO:tensorflow:masked_lm_weights: 1.0 1.0 1.0 1.0 0.0 0.0 0.0 0.0 0.0 0.0 0.0 0.0 0.0 0.0 0.0 0.0 0.0 0.0 0.0 0.0
I1103 12:51:40.628675 47876731937856 create_pretraining_data.py:161] masked_lm_weights: 1.0 1.0 1.0 1.0 0.0 0.0 0.0 0.0 0.0 0.0 0.0 0.0 0.0 0.0 0.0 0.0 0.0 0.0 0.0 0.0
INFO:tensorflow:next_sentence_labels: 1
I1103 12:51:40.628761 47876731937856 create_pretraining_data.py:161] next_sentence_labels: 1
INFO:tensorflow:*** Example ***
I1103 12:51:40.629366 47876731937856 create_pretraining_data.py:149] *** Example ***
INFO:tensorflow:tokens: [CLS] نو ##ه ##ت [MASK] النقل بغ ##رفه [MASK] بتوجيه ##ات وزاره [MASK] والاد ##اره العامه للمر ##ور بتطبيق نظام التامين اتجاه [MASK] [MASK] جده [SEP] الله عليكي يا بنت بلدي [SEP]
I1103 12:51:40.629494 47876731937856 create_pretraining_data.py:151] tokens: [CLS] نو ##ه ##ت [MASK] النقل بغ ##رفه [MASK] بتوجيه ##ات وزاره [MASK] والاد ##اره العامه للمر ##ور بتطبيق نظام التامين اتجاه [MASK] [MASK] جده [SEP] الله عليكي يا بنت بلدي [SEP]
INFO:tensorflow:input_ids: 2 9848 1028 1005 4 6357 3499 4711 4 21698 1904 7729 4 8891 2418 6760 12632 1936 23569 3701 28609 8670 4 4 4868 3 1953 25511 2104 3597 12950 3 0 0 0 0 0 0 0 0 0 0 0 0 0 0 0 0 0 0 0 0 0 0 0 0 0 0 0 0 0 0 0 0 0 0 0 0 0 0 0 0 0 0 0 0 0 0 0 0 0 0 0 0 0 0 0 0 0 0 0 0 0 0 0 0 0 0 0 0 0 0 0 0 0 0 0 0 0 0 0 0 0 0 0 0 0 0 0 0 0 0 0 0 0 0 0 0
I1103 12:51:40.629660 47876731937856 create_pretraining_data.py:161] input_ids: 2 9848 1028 1005 4 6357 3499 4711 4 21698 1904 7729 4 8891 2418 6760 12632 1936 23569 3701 28609 8670 4 4 4868 3 1953 25511 2104 3597 12950 3 0 0 0 0 0 0 0 0 0 0 0 0 0 0 0 0 0 0 0 0 0 0 0 0 0 0 0 0 0 0 0 0 0 0 0 0 0 0 0 0 0 0 0 0 0 0 0 0 0 0 0 0 0 0 0 0 0 0 0 0 0 0 0 0 0 0 0 0 0 0 0 0 0 0 0 0 0 0 0 0 0 0 0 0 0 0 0 0 0 0 0 0 0 0 0 0
INFO:tensorflow:input_mask: 1 1 1 1 1 1 1 1 1 1 1 1 1 1 1 1 1 1 1 1 1 1 1 1 1 1 1 1 1 1 1 1 0 0 0 0 0 0 0 0 0 0 0 0 0 0 0 0 0 0 0 0 0 0 0 0 0 0 0 0 0 0 0 0 0 0 0 0 0 0 0 0 0 0 0 0 0 0 0 0 0 0 0 0 0 0 0 0 0 0 0 0 0 0 0 0 0 0 0 0 0 0 0 0 0 0 0 0 0 0 0 0 0 0 0 0 0 0 0 0 0 0 0 0 0 0 0 0
I1103 12:51:40.629794 47876731937856 create_pretraining_data.py:161] input_mask: 1 1 1 1 1 1 1 1 1 1 1 1 1 1 1 1 1 1 1 1 1 1 1 1 1 1 1 1 1 1 1 1 0 0 0 0 0 0 0 0 0 0 0 0 0 0 0 0 0 0 0 0 0 0 0 0 0 0 0 0 0 0 0 0 0 0 0 0 0 0 0 0 0 0 0 0 0 0 0 0 0 0 0 0 0 0 0 0 0 0 0 0 0 0 0 0 0 0 0 0 0 0 0 0 0 0 0 0 0 0 0 0 0 0 0 0 0 0 0 0 0 0 0 0 0 0 0 0
INFO:tensorflow:segment_ids: 0 0 0 0 0 0 0 0 0 0 0 0 0 0 0 0 0 0 0 0 0 0 0 0 0 0 1 1 1 1 1 1 0 0 0 0 0 0 0 0 0 0 0 0 0 0 0 0 0 0 0 0 0 0 0 0 0 0 0 0 0 0 0 0 0 0 0 0 0 0 0 0 0 0 0 0 0 0 0 0 0 0 0 0 0 0 0 0 0 0 0 0 0 0 0 0 0 0 0 0 0 0 0 0 0 0 0 0 0 0 0 0 0 0 0 0 0 0 0 0 0 0 0 0 0 0 0 0
I1103 12:51:40.629920 47876731937856 create_pretraining_data.py:161] segment_ids: 0 0 0 0 0 0 0 0 0 0 0 0 0 0 0 0 0 0 0 0 0 0 0 0 0 0 1 1 1 1 1 1 0 0 0 0 0 0 0 0 0 0 0 0 0 0 0 0 0 0 0 0 0 0 0 0 0 0 0 0 0 0 0 0 0 0 0 0 0 0 0 0 0 0 0 0 0 0 0 0 0 0 0 0 0 0 0 0 0 0 0 0 0 0 0 0 0 0 0 0 0 0 0 0 0 0 0 0 0 0 0 0 0 0 0 0 0 0 0 0 0 0 0 0 0 0 0 0
INFO:tensorflow:masked_lm_positions: 4 8 12 22 23 0 0 0 0 0 0 0 0 0 0 0 0 0 0 0
I1103 12:51:40.630014 47876731937856 create_pretraining_data.py:161] masked_lm_positions: 4 8 12 22 23 0 0 0 0 0 0 0 0 0 0 0 0 0 0 0
INFO:tensorflow:masked_lm_ids: 10381 2392 6357 7770 2721 0 0 0 0 0 0 0 0 0 0 0 0 0 0 0
I1103 12:51:40.630106 47876731937856 create_pretraining_data.py:161] masked_lm_ids: 10381 2392 6357 7770 2721 0 0 0 0 0 0 0 0 0 0 0 0 0 0 0
INFO:tensorflow:masked_lm_weights: 1.0 1.0 1.0 1.0 1.0 0.0 0.0 0.0 0.0 0.0 0.0 0.0 0.0 0.0 0.0 0.0 0.0 0.0 0.0 0.0
I1103 12:51:40.630198 47876731937856 create_pretraining_data.py:161] masked_lm_weights: 1.0 1.0 1.0 1.0 1.0 0.0 0.0 0.0 0.0 0.0 0.0 0.0 0.0 0.0 0.0 0.0 0.0 0.0 0.0 0.0
INFO:tensorflow:next_sentence_labels: 1
I1103 12:51:40.630283 47876731937856 create_pretraining_data.py:161] next_sentence_labels: 1
INFO:tensorflow:*** Example ***
I1103 12:51:40.630892 47876731937856 create_pretraining_data.py:149] *** Example ***
INFO:tensorflow:tokens: [CLS] تكتمل حياتنا باش ##ياء و تختفي باخر ##ي ليست مساله [MASK] انما [MASK] يعطي الله لكل ذي [MASK] موق ف الحمد [MASK] دائما و ابدا [SEP] اسر ##ي البحرين القريه الافراج عن الاسي ##ر الشاب علي طاهر البحرين [SEP]
I1103 12:51:40.631026 47876731937856 create_pretraining_data.py:151] tokens: [CLS] تكتمل حياتنا باش ##ياء و تختفي باخر ##ي ليست مساله [MASK] انما [MASK] يعطي الله لكل ذي [MASK] موق ف الحمد [MASK] دائما و ابدا [SEP] اسر ##ي البحرين القريه الافراج عن الاسي ##ر الشاب علي طاهر البحرين [SEP]
INFO:tensorflow:input_ids: 2 24359 7855 9395 2465 415 25668 26653 1013 3721 22427 4 7324 4 8074 1953 3164 6470 4 6628 408 2807 4 3357 415 4655 3 14020 1013 4290 22291 26324 1955 23050 1017 7915 1958 14888 4290 3 0 0 0 0 0 0 0 0 0 0 0 0 0 0 0 0 0 0 0 0 0 0 0 0 0 0 0 0 0 0 0 0 0 0 0 0 0 0 0 0 0 0 0 0 0 0 0 0 0 0 0 0 0 0 0 0 0 0 0 0 0 0 0 0 0 0 0 0 0 0 0 0 0 0 0 0 0 0 0 0 0 0 0 0 0 0 0 0
I1103 12:51:40.631184 47876731937856 create_pretraining_data.py:161] input_ids: 2 24359 7855 9395 2465 415 25668 26653 1013 3721 22427 4 7324 4 8074 1953 3164 6470 4 6628 408 2807 4 3357 415 4655 3 14020 1013 4290 22291 26324 1955 23050 1017 7915 1958 14888 4290 3 0 0 0 0 0 0 0 0 0 0 0 0 0 0 0 0 0 0 0 0 0 0 0 0 0 0 0 0 0 0 0 0 0 0 0 0 0 0 0 0 0 0 0 0 0 0 0 0 0 0 0 0 0 0 0 0 0 0 0 0 0 0 0 0 0 0 0 0 0 0 0 0 0 0 0 0 0 0 0 0 0 0 0 0 0 0 0 0
INFO:tensorflow:input_mask: 1 1 1 1 1 1 1 1 1 1 1 1 1 1 1 1 1 1 1 1 1 1 1 1 1 1 1 1 1 1 1 1 1 1 1 1 1 1 1 1 0 0 0 0 0 0 0 0 0 0 0 0 0 0 0 0 0 0 0 0 0 0 0 0 0 0 0 0 0 0 0 0 0 0 0 0 0 0 0 0 0 0 0 0 0 0 0 0 0 0 0 0 0 0 0 0 0 0 0 0 0 0 0 0 0 0 0 0 0 0 0 0 0 0 0 0 0 0 0 0 0 0 0 0 0 0 0 0
I1103 12:51:40.631317 47876731937856 create_pretraining_data.py:161] input_mask: 1 1 1 1 1 1 1 1 1 1 1 1 1 1 1 1 1 1 1 1 1 1 1 1 1 1 1 1 1 1 1 1 1 1 1 1 1 1 1 1 0 0 0 0 0 0 0 0 0 0 0 0 0 0 0 0 0 0 0 0 0 0 0 0 0 0 0 0 0 0 0 0 0 0 0 0 0 0 0 0 0 0 0 0 0 0 0 0 0 0 0 0 0 0 0 0 0 0 0 0 0 0 0 0 0 0 0 0 0 0 0 0 0 0 0 0 0 0 0 0 0 0 0 0 0 0 0 0
INFO:tensorflow:segment_ids: 0 0 0 0 0 0 0 0 0 0 0 0 0 0 0 0 0 0 0 0 0 0 0 0 0 0 0 1 1 1 1 1 1 1 1 1 1 1 1 1 0 0 0 0 0 0 0 0 0 0 0 0 0 0 0 0 0 0 0 0 0 0 0 0 0 0 0 0 0 0 0 0 0 0 0 0 0 0 0 0 0 0 0 0 0 0 0 0 0 0 0 0 0 0 0 0 0 0 0 0 0 0 0 0 0 0 0 0 0 0 0 0 0 0 0 0 0 0 0 0 0 0 0 0 0 0 0 0
I1103 12:51:40.631441 47876731937856 create_pretraining_data.py:161] segment_ids: 0 0 0 0 0 0 0 0 0 0 0 0 0 0 0 0 0 0 0 0 0 0 0 0 0 0 0 1 1 1 1 1 1 1 1 1 1 1 1 1 0 0 0 0 0 0 0 0 0 0 0 0 0 0 0 0 0 0 0 0 0 0 0 0 0 0 0 0 0 0 0 0 0 0 0 0 0 0 0 0 0 0 0 0 0 0 0 0 0 0 0 0 0 0 0 0 0 0 0 0 0 0 0 0 0 0 0 0 0 0 0 0 0 0 0 0 0 0 0 0 0 0 0 0 0 0 0 0
INFO:tensorflow:masked_lm_positions: 11 13 18 19 22 30 0 0 0 0 0 0 0 0 0 0 0 0 0 0
I1103 12:51:40.631534 47876731937856 create_pretraining_data.py:161] masked_lm_positions: 11 13 18 19 22 30 0 0 0 0 0 0 0 0 0 0 0 0 0 0
INFO:tensorflow:masked_lm_ids: 5301 21775 2576 10858 2784 22291 0 0 0 0 0 0 0 0 0 0 0 0 0 0
I1103 12:51:40.631630 47876731937856 create_pretraining_data.py:161] masked_lm_ids: 5301 21775 2576 10858 2784 22291 0 0 0 0 0 0 0 0 0 0 0 0 0 0
INFO:tensorflow:masked_lm_weights: 1.0 1.0 1.0 1.0 1.0 1.0 0.0 0.0 0.0 0.0 0.0 0.0 0.0 0.0 0.0 0.0 0.0 0.0 0.0 0.0
I1103 12:51:40.631725 47876731937856 create_pretraining_data.py:161] masked_lm_weights: 1.0 1.0 1.0 1.0 1.0 1.0 0.0 0.0 0.0 0.0 0.0 0.0 0.0 0.0 0.0 0.0 0.0 0.0 0.0 0.0
INFO:tensorflow:next_sentence_labels: 1
I1103 12:51:40.631809 47876731937856 create_pretraining_data.py:161] next_sentence_labels: 1
INFO:tensorflow:*** Example ***
I1103 12:51:40.632409 47876731937856 create_pretraining_data.py:149] *** Example ***
INFO:tensorflow:tokens: [CLS] بابت ##سامه هادئ ##ه [MASK] ورائ ##ها كل المحبه [MASK] تمضي في الحياه [SEP] بعيده عنك كن ##جمه [MASK] لك كوري ##د قروب نجد [MASK] [SEP]
I1103 12:51:40.632539 47876731937856 create_pretraining_data.py:151] tokens: [CLS] بابت ##سامه هادئ ##ه [MASK] ورائ ##ها كل المحبه [MASK] تمضي في الحياه [SEP] بعيده عنك كن ##جمه [MASK] لك كوري ##د قروب نجد [MASK] [SEP]
INFO:tensorflow:input_ids: 2 20662 6091 27724 1028 4 15675 1913 2038 9023 4 21595 1912 3014 3 22151 4548 3181 18019 4 2278 29317 1016 2543 6986 4 3 0 0 0 0 0 0 0 0 0 0 0 0 0 0 0 0 0 0 0 0 0 0 0 0 0 0 0 0 0 0 0 0 0 0 0 0 0 0 0 0 0 0 0 0 0 0 0 0 0 0 0 0 0 0 0 0 0 0 0 0 0 0 0 0 0 0 0 0 0 0 0 0 0 0 0 0 0 0 0 0 0 0 0 0 0 0 0 0 0 0 0 0 0 0 0 0 0 0 0 0 0
I1103 12:51:40.632684 47876731937856 create_pretraining_data.py:161] input_ids: 2 20662 6091 27724 1028 4 15675 1913 2038 9023 4 21595 1912 3014 3 22151 4548 3181 18019 4 2278 29317 1016 2543 6986 4 3 0 0 0 0 0 0 0 0 0 0 0 0 0 0 0 0 0 0 0 0 0 0 0 0 0 0 0 0 0 0 0 0 0 0 0 0 0 0 0 0 0 0 0 0 0 0 0 0 0 0 0 0 0 0 0 0 0 0 0 0 0 0 0 0 0 0 0 0 0 0 0 0 0 0 0 0 0 0 0 0 0 0 0 0 0 0 0 0 0 0 0 0 0 0 0 0 0 0 0 0 0
INFO:tensorflow:input_mask: 1 1 1 1 1 1 1 1 1 1 1 1 1 1 1 1 1 1 1 1 1 1 1 1 1 1 1 0 0 0 0 0 0 0 0 0 0 0 0 0 0 0 0 0 0 0 0 0 0 0 0 0 0 0 0 0 0 0 0 0 0 0 0 0 0 0 0 0 0 0 0 0 0 0 0 0 0 0 0 0 0 0 0 0 0 0 0 0 0 0 0 0 0 0 0 0 0 0 0 0 0 0 0 0 0 0 0 0 0 0 0 0 0 0 0 0 0 0 0 0 0 0 0 0 0 0 0 0
I1103 12:51:40.632827 47876731937856 create_pretraining_data.py:161] input_mask: 1 1 1 1 1 1 1 1 1 1 1 1 1 1 1 1 1 1 1 1 1 1 1 1 1 1 1 0 0 0 0 0 0 0 0 0 0 0 0 0 0 0 0 0 0 0 0 0 0 0 0 0 0 0 0 0 0 0 0 0 0 0 0 0 0 0 0 0 0 0 0 0 0 0 0 0 0 0 0 0 0 0 0 0 0 0 0 0 0 0 0 0 0 0 0 0 0 0 0 0 0 0 0 0 0 0 0 0 0 0 0 0 0 0 0 0 0 0 0 0 0 0 0 0 0 0 0 0
INFO:tensorflow:segment_ids: 0 0 0 0 0 0 0 0 0 0 0 0 0 0 0 1 1 1 1 1 1 1 1 1 1 1 1 0 0 0 0 0 0 0 0 0 0 0 0 0 0 0 0 0 0 0 0 0 0 0 0 0 0 0 0 0 0 0 0 0 0 0 0 0 0 0 0 0 0 0 0 0 0 0 0 0 0 0 0 0 0 0 0 0 0 0 0 0 0 0 0 0 0 0 0 0 0 0 0 0 0 0 0 0 0 0 0 0 0 0 0 0 0 0 0 0 0 0 0 0 0 0 0 0 0 0 0 0
I1103 12:51:40.632953 47876731937856 create_pretraining_data.py:161] segment_ids: 0 0 0 0 0 0 0 0 0 0 0 0 0 0 0 1 1 1 1 1 1 1 1 1 1 1 1 0 0 0 0 0 0 0 0 0 0 0 0 0 0 0 0 0 0 0 0 0 0 0 0 0 0 0 0 0 0 0 0 0 0 0 0 0 0 0 0 0 0 0 0 0 0 0 0 0 0 0 0 0 0 0 0 0 0 0 0 0 0 0 0 0 0 0 0 0 0 0 0 0 0 0 0 0 0 0 0 0 0 0 0 0 0 0 0 0 0 0 0 0 0 0 0 0 0 0 0 0
INFO:tensorflow:masked_lm_positions: 5 10 19 25 0 0 0 0 0 0 0 0 0 0 0 0 0 0 0 0
I1103 12:51:40.633047 47876731937856 create_pretraining_data.py:161] masked_lm_positions: 5 10 19 25 0 0 0 0 0 0 0 0 0 0 0 0 0 0 0 0
INFO:tensorflow:masked_lm_ids: 7919 5708 22129 14807 0 0 0 0 0 0 0 0 0 0 0 0 0 0 0 0
I1103 12:51:40.633138 47876731937856 create_pretraining_data.py:161] masked_lm_ids: 7919 5708 22129 14807 0 0 0 0 0 0 0 0 0 0 0 0 0 0 0 0
INFO:tensorflow:masked_lm_weights: 1.0 1.0 1.0 1.0 0.0 0.0 0.0 0.0 0.0 0.0 0.0 0.0 0.0 0.0 0.0 0.0 0.0 0.0 0.0 0.0
I1103 12:51:40.633231 47876731937856 create_pretraining_data.py:161] masked_lm_weights: 1.0 1.0 1.0 1.0 0.0 0.0 0.0 0.0 0.0 0.0 0.0 0.0 0.0 0.0 0.0 0.0 0.0 0.0 0.0 0.0
INFO:tensorflow:next_sentence_labels: 1
I1103 12:51:40.633316 47876731937856 create_pretraining_data.py:161] next_sentence_labels: 1
INFO:tensorflow:*** Example ***
I1103 12:51:40.633924 47876731937856 create_pretraining_data.py:149] *** Example ***
INFO:tensorflow:tokens: [CLS] كل وعي سياسي لا يمتد الي الاسلام فهو [MASK] [MASK] [MASK] الشهيد محمد باق ##ر الصدر قدس سره [MASK] [SEP] ربنا يجعل دخول ##نا هند ##سه للسلام تكفير لذ ##نوب ##نا يااارب [SEP]
I1103 12:51:40.634056 47876731937856 create_pretraining_data.py:151] tokens: [CLS] كل وعي سياسي لا يمتد الي الاسلام فهو [MASK] [MASK] [MASK] الشهيد محمد باق ##ر الصدر قدس سره [MASK] [SEP] ربنا يجعل دخول ##نا هند ##سه للسلام تكفير لذ ##نوب ##نا يااارب [SEP]
INFO:tensorflow:input_ids: 2 2038 13869 7755 1963 23080 2002 4339 3799 4 4 4 6070 2202 16060 1017 7115 24763 24076 4 3 4477 5754 5090 1914 6487 2824 19097 26781 8538 6536 1914 20178 3 0 0 0 0 0 0 0 0 0 0 0 0 0 0 0 0 0 0 0 0 0 0 0 0 0 0 0 0 0 0 0 0 0 0 0 0 0 0 0 0 0 0 0 0 0 0 0 0 0 0 0 0 0 0 0 0 0 0 0 0 0 0 0 0 0 0 0 0 0 0 0 0 0 0 0 0 0 0 0 0 0 0 0 0 0 0 0 0 0 0 0 0 0 0
I1103 12:51:40.634200 47876731937856 create_pretraining_data.py:161] input_ids: 2 2038 13869 7755 1963 23080 2002 4339 3799 4 4 4 6070 2202 16060 1017 7115 24763 24076 4 3 4477 5754 5090 1914 6487 2824 19097 26781 8538 6536 1914 20178 3 0 0 0 0 0 0 0 0 0 0 0 0 0 0 0 0 0 0 0 0 0 0 0 0 0 0 0 0 0 0 0 0 0 0 0 0 0 0 0 0 0 0 0 0 0 0 0 0 0 0 0 0 0 0 0 0 0 0 0 0 0 0 0 0 0 0 0 0 0 0 0 0 0 0 0 0 0 0 0 0 0 0 0 0 0 0 0 0 0 0 0 0 0 0
INFO:tensorflow:input_mask: 1 1 1 1 1 1 1 1 1 1 1 1 1 1 1 1 1 1 1 1 1 1 1 1 1 1 1 1 1 1 1 1 1 1 0 0 0 0 0 0 0 0 0 0 0 0 0 0 0 0 0 0 0 0 0 0 0 0 0 0 0 0 0 0 0 0 0 0 0 0 0 0 0 0 0 0 0 0 0 0 0 0 0 0 0 0 0 0 0 0 0 0 0 0 0 0 0 0 0 0 0 0 0 0 0 0 0 0 0 0 0 0 0 0 0 0 0 0 0 0 0 0 0 0 0 0 0 0
I1103 12:51:40.634333 47876731937856 create_pretraining_data.py:161] input_mask: 1 1 1 1 1 1 1 1 1 1 1 1 1 1 1 1 1 1 1 1 1 1 1 1 1 1 1 1 1 1 1 1 1 1 0 0 0 0 0 0 0 0 0 0 0 0 0 0 0 0 0 0 0 0 0 0 0 0 0 0 0 0 0 0 0 0 0 0 0 0 0 0 0 0 0 0 0 0 0 0 0 0 0 0 0 0 0 0 0 0 0 0 0 0 0 0 0 0 0 0 0 0 0 0 0 0 0 0 0 0 0 0 0 0 0 0 0 0 0 0 0 0 0 0 0 0 0 0
INFO:tensorflow:segment_ids: 0 0 0 0 0 0 0 0 0 0 0 0 0 0 0 0 0 0 0 0 0 1 1 1 1 1 1 1 1 1 1 1 1 1 0 0 0 0 0 0 0 0 0 0 0 0 0 0 0 0 0 0 0 0 0 0 0 0 0 0 0 0 0 0 0 0 0 0 0 0 0 0 0 0 0 0 0 0 0 0 0 0 0 0 0 0 0 0 0 0 0 0 0 0 0 0 0 0 0 0 0 0 0 0 0 0 0 0 0 0 0 0 0 0 0 0 0 0 0 0 0 0 0 0 0 0 0 0
I1103 12:51:40.634479 47876731937856 create_pretraining_data.py:161] segment_ids: 0 0 0 0 0 0 0 0 0 0 0 0 0 0 0 0 0 0 0 0 0 1 1 1 1 1 1 1 1 1 1 1 1 1 0 0 0 0 0 0 0 0 0 0 0 0 0 0 0 0 0 0 0 0 0 0 0 0 0 0 0 0 0 0 0 0 0 0 0 0 0 0 0 0 0 0 0 0 0 0 0 0 0 0 0 0 0 0 0 0 0 0 0 0 0 0 0 0 0 0 0 0 0 0 0 0 0 0 0 0 0 0 0 0 0 0 0 0 0 0 0 0 0 0 0 0 0 0
INFO:tensorflow:masked_lm_positions: 9 10 11 19 27 0 0 0 0 0 0 0 0 0 0 0 0 0 0 0
I1103 12:51:40.634575 47876731937856 create_pretraining_data.py:161] masked_lm_positions: 9 10 11 19 27 0 0 0 0 0 0 0 0 0 0 0 0 0 0 0
INFO:tensorflow:masked_lm_ids: 9963 1013 3968 4080 11465 0 0 0 0 0 0 0 0 0 0 0 0 0 0 0
I1103 12:51:40.634676 47876731937856 create_pretraining_data.py:161] masked_lm_ids: 9963 1013 3968 4080 11465 0 0 0 0 0 0 0 0 0 0 0 0 0 0 0
INFO:tensorflow:masked_lm_weights: 1.0 1.0 1.0 1.0 1.0 0.0 0.0 0.0 0.0 0.0 0.0 0.0 0.0 0.0 0.0 0.0 0.0 0.0 0.0 0.0
I1103 12:51:40.634770 47876731937856 create_pretraining_data.py:161] masked_lm_weights: 1.0 1.0 1.0 1.0 1.0 0.0 0.0 0.0 0.0 0.0 0.0 0.0 0.0 0.0 0.0 0.0 0.0 0.0 0.0 0.0
INFO:tensorflow:next_sentence_labels: 1
I1103 12:51:40.634856 47876731937856 create_pretraining_data.py:161] next_sentence_labels: 1
INFO:tensorflow:*** Example ***
I1103 12:51:40.635443 47876731937856 create_pretraining_data.py:149] *** Example ***
INFO:tensorflow:tokens: [CLS] الله لا يعيش ##ني عمر من دون حس امي واب ##وي الله لا يجيب ايام بدونه ##م [SEP] اجمل البنات من [MASK] [MASK] نفسها لرب ##ها [MASK] [MASK] [MASK] ليس للناس [SEP]
I1103 12:51:40.635570 47876731937856 create_pretraining_data.py:151] tokens: [CLS] الله لا يعيش ##ني عمر من دون حس امي واب ##وي الله لا يجيب ايام بدونه ##م [SEP] اجمل البنات من [MASK] [MASK] نفسها لرب ##ها [MASK] [MASK] [MASK] ليس للناس [SEP]
INFO:tensorflow:input_ids: 2 1953 1963 5841 1974 2852 1908 2571 2286 4372 3283 1971 1953 1963 8843 4264 28626 1015 3 3244 7023 1908 4 4 5338 11983 1913 4 4 4 2618 7504 3 0 0 0 0 0 0 0 0 0 0 0 0 0 0 0 0 0 0 0 0 0 0 0 0 0 0 0 0 0 0 0 0 0 0 0 0 0 0 0 0 0 0 0 0 0 0 0 0 0 0 0 0 0 0 0 0 0 0 0 0 0 0 0 0 0 0 0 0 0 0 0 0 0 0 0 0 0 0 0 0 0 0 0 0 0 0 0 0 0 0 0 0 0 0 0
I1103 12:51:40.635727 47876731937856 create_pretraining_data.py:161] input_ids: 2 1953 1963 5841 1974 2852 1908 2571 2286 4372 3283 1971 1953 1963 8843 4264 28626 1015 3 3244 7023 1908 4 4 5338 11983 1913 4 4 4 2618 7504 3 0 0 0 0 0 0 0 0 0 0 0 0 0 0 0 0 0 0 0 0 0 0 0 0 0 0 0 0 0 0 0 0 0 0 0 0 0 0 0 0 0 0 0 0 0 0 0 0 0 0 0 0 0 0 0 0 0 0 0 0 0 0 0 0 0 0 0 0 0 0 0 0 0 0 0 0 0 0 0 0 0 0 0 0 0 0 0 0 0 0 0 0 0 0 0
INFO:tensorflow:input_mask: 1 1 1 1 1 1 1 1 1 1 1 1 1 1 1 1 1 1 1 1 1 1 1 1 1 1 1 1 1 1 1 1 1 0 0 0 0 0 0 0 0 0 0 0 0 0 0 0 0 0 0 0 0 0 0 0 0 0 0 0 0 0 0 0 0 0 0 0 0 0 0 0 0 0 0 0 0 0 0 0 0 0 0 0 0 0 0 0 0 0 0 0 0 0 0 0 0 0 0 0 0 0 0 0 0 0 0 0 0 0 0 0 0 0 0 0 0 0 0 0 0 0 0 0 0 0 0 0
I1103 12:51:40.635859 47876731937856 create_pretraining_data.py:161] input_mask: 1 1 1 1 1 1 1 1 1 1 1 1 1 1 1 1 1 1 1 1 1 1 1 1 1 1 1 1 1 1 1 1 1 0 0 0 0 0 0 0 0 0 0 0 0 0 0 0 0 0 0 0 0 0 0 0 0 0 0 0 0 0 0 0 0 0 0 0 0 0 0 0 0 0 0 0 0 0 0 0 0 0 0 0 0 0 0 0 0 0 0 0 0 0 0 0 0 0 0 0 0 0 0 0 0 0 0 0 0 0 0 0 0 0 0 0 0 0 0 0 0 0 0 0 0 0 0 0
INFO:tensorflow:segment_ids: 0 0 0 0 0 0 0 0 0 0 0 0 0 0 0 0 0 0 0 1 1 1 1 1 1 1 1 1 1 1 1 1 1 0 0 0 0 0 0 0 0 0 0 0 0 0 0 0 0 0 0 0 0 0 0 0 0 0 0 0 0 0 0 0 0 0 0 0 0 0 0 0 0 0 0 0 0 0 0 0 0 0 0 0 0 0 0 0 0 0 0 0 0 0 0 0 0 0 0 0 0 0 0 0 0 0 0 0 0 0 0 0 0 0 0 0 0 0 0 0 0 0 0 0 0 0 0 0
I1103 12:51:40.636000 47876731937856 create_pretraining_data.py:161] segment_ids: 0 0 0 0 0 0 0 0 0 0 0 0 0 0 0 0 0 0 0 1 1 1 1 1 1 1 1 1 1 1 1 1 1 0 0 0 0 0 0 0 0 0 0 0 0 0 0 0 0 0 0 0 0 0 0 0 0 0 0 0 0 0 0 0 0 0 0 0 0 0 0 0 0 0 0 0 0 0 0 0 0 0 0 0 0 0 0 0 0 0 0 0 0 0 0 0 0 0 0 0 0 0 0 0 0 0 0 0 0 0 0 0 0 0 0 0 0 0 0 0 0 0 0 0 0 0 0 0
INFO:tensorflow:masked_lm_positions: 22 23 27 28 29 0 0 0 0 0 0 0 0 0 0 0 0 0 0 0
I1103 12:51:40.636096 47876731937856 create_pretraining_data.py:161] masked_lm_positions: 22 23 27 28 29 0 0 0 0 0 0 0 0 0 0 0 0 0 0 0
INFO:tensorflow:masked_lm_ids: 13595 1005 4763 2094 1913 0 0 0 0 0 0 0 0 0 0 0 0 0 0 0
I1103 12:51:40.636188 47876731937856 create_pretraining_data.py:161] masked_lm_ids: 13595 1005 4763 2094 1913 0 0 0 0 0 0 0 0 0 0 0 0 0 0 0
INFO:tensorflow:masked_lm_weights: 1.0 1.0 1.0 1.0 1.0 0.0 0.0 0.0 0.0 0.0 0.0 0.0 0.0 0.0 0.0 0.0 0.0 0.0 0.0 0.0
I1103 12:51:40.636283 47876731937856 create_pretraining_data.py:161] masked_lm_weights: 1.0 1.0 1.0 1.0 1.0 0.0 0.0 0.0 0.0 0.0 0.0 0.0 0.0 0.0 0.0 0.0 0.0 0.0 0.0 0.0
INFO:tensorflow:next_sentence_labels: 1
I1103 12:51:40.636368 47876731937856 create_pretraining_data.py:161] next_sentence_labels: 1
INFO:tensorflow:*** Example ***
I1103 12:51:40.636966 47876731937856 create_pretraining_data.py:149] *** Example ***
INFO:tensorflow:tokens: [CLS] الدي ##حان ##ي من وتركيب ماي ##حبك ماعاد لبا ##قي خلق الله احساس [SEP] التامين يرجع [MASK] بالح ##كوم ##ه سن المعا ##ش لن يرفع ل ##65 عاما [SEP]
I1103 12:51:40.637096 47876731937856 create_pretraining_data.py:151] tokens: [CLS] الدي ##حان ##ي من وتركيب ماي ##حبك ماعاد لبا ##قي خلق الله احساس [SEP] التامين يرجع [MASK] بالح ##كوم ##ه سن المعا ##ش لن يرفع ل ##65 عاما [SEP]
INFO:tensorflow:input_ids: 2 4944 9979 1013 1908 25312 3165 12224 12306 28982 2004 3222 1953 6432 3 28609 7859 4 3712 2466 1028 2579 7112 1034 2404 8844 411 6409 4024 3 0 0 0 0 0 0 0 0 0 0 0 0 0 0 0 0 0 0 0 0 0 0 0 0 0 0 0 0 0 0 0 0 0 0 0 0 0 0 0 0 0 0 0 0 0 0 0 0 0 0 0 0 0 0 0 0 0 0 0 0 0 0 0 0 0 0 0 0 0 0 0 0 0 0 0 0 0 0 0 0 0 0 0 0 0 0 0 0 0 0 0 0 0 0 0 0 0 0
I1103 12:51:40.637238 47876731937856 create_pretraining_data.py:161] input_ids: 2 4944 9979 1013 1908 25312 3165 12224 12306 28982 2004 3222 1953 6432 3 28609 7859 4 3712 2466 1028 2579 7112 1034 2404 8844 411 6409 4024 3 0 0 0 0 0 0 0 0 0 0 0 0 0 0 0 0 0 0 0 0 0 0 0 0 0 0 0 0 0 0 0 0 0 0 0 0 0 0 0 0 0 0 0 0 0 0 0 0 0 0 0 0 0 0 0 0 0 0 0 0 0 0 0 0 0 0 0 0 0 0 0 0 0 0 0 0 0 0 0 0 0 0 0 0 0 0 0 0 0 0 0 0 0 0 0 0 0 0
INFO:tensorflow:input_mask: 1 1 1 1 1 1 1 1 1 1 1 1 1 1 1 1 1 1 1 1 1 1 1 1 1 1 1 1 1 1 0 0 0 0 0 0 0 0 0 0 0 0 0 0 0 0 0 0 0 0 0 0 0 0 0 0 0 0 0 0 0 0 0 0 0 0 0 0 0 0 0 0 0 0 0 0 0 0 0 0 0 0 0 0 0 0 0 0 0 0 0 0 0 0 0 0 0 0 0 0 0 0 0 0 0 0 0 0 0 0 0 0 0 0 0 0 0 0 0 0 0 0 0 0 0 0 0 0
I1103 12:51:40.637370 47876731937856 create_pretraining_data.py:161] input_mask: 1 1 1 1 1 1 1 1 1 1 1 1 1 1 1 1 1 1 1 1 1 1 1 1 1 1 1 1 1 1 0 0 0 0 0 0 0 0 0 0 0 0 0 0 0 0 0 0 0 0 0 0 0 0 0 0 0 0 0 0 0 0 0 0 0 0 0 0 0 0 0 0 0 0 0 0 0 0 0 0 0 0 0 0 0 0 0 0 0 0 0 0 0 0 0 0 0 0 0 0 0 0 0 0 0 0 0 0 0 0 0 0 0 0 0 0 0 0 0 0 0 0 0 0 0 0 0 0
INFO:tensorflow:segment_ids: 0 0 0 0 0 0 0 0 0 0 0 0 0 0 0 1 1 1 1 1 1 1 1 1 1 1 1 1 1 1 0 0 0 0 0 0 0 0 0 0 0 0 0 0 0 0 0 0 0 0 0 0 0 0 0 0 0 0 0 0 0 0 0 0 0 0 0 0 0 0 0 0 0 0 0 0 0 0 0 0 0 0 0 0 0 0 0 0 0 0 0 0 0 0 0 0 0 0 0 0 0 0 0 0 0 0 0 0 0 0 0 0 0 0 0 0 0 0 0 0 0 0 0 0 0 0 0 0
I1103 12:51:40.637495 47876731937856 create_pretraining_data.py:161] segment_ids: 0 0 0 0 0 0 0 0 0 0 0 0 0 0 0 1 1 1 1 1 1 1 1 1 1 1 1 1 1 1 0 0 0 0 0 0 0 0 0 0 0 0 0 0 0 0 0 0 0 0 0 0 0 0 0 0 0 0 0 0 0 0 0 0 0 0 0 0 0 0 0 0 0 0 0 0 0 0 0 0 0 0 0 0 0 0 0 0 0 0 0 0 0 0 0 0 0 0 0 0 0 0 0 0 0 0 0 0 0 0 0 0 0 0 0 0 0 0 0 0 0 0 0 0 0 0 0 0
INFO:tensorflow:masked_lm_positions: 5 13 16 17 0 0 0 0 0 0 0 0 0 0 0 0 0 0 0 0
I1103 12:51:40.637604 47876731937856 create_pretraining_data.py:161] masked_lm_positions: 5 13 16 17 0 0 0 0 0 0 0 0 0 0 0 0 0 0 0 0
INFO:tensorflow:masked_lm_ids: 4438 6432 4888 28148 0 0 0 0 0 0 0 0 0 0 0 0 0 0 0 0
I1103 12:51:40.637703 47876731937856 create_pretraining_data.py:161] masked_lm_ids: 4438 6432 4888 28148 0 0 0 0 0 0 0 0 0 0 0 0 0 0 0 0
INFO:tensorflow:masked_lm_weights: 1.0 1.0 1.0 1.0 0.0 0.0 0.0 0.0 0.0 0.0 0.0 0.0 0.0 0.0 0.0 0.0 0.0 0.0 0.0 0.0
I1103 12:51:40.637798 47876731937856 create_pretraining_data.py:161] masked_lm_weights: 1.0 1.0 1.0 1.0 0.0 0.0 0.0 0.0 0.0 0.0 0.0 0.0 0.0 0.0 0.0 0.0 0.0 0.0 0.0 0.0
INFO:tensorflow:next_sentence_labels: 1
I1103 12:51:40.637883 47876731937856 create_pretraining_data.py:161] next_sentence_labels: 1
INFO:tensorflow:*** Example ***
I1103 12:51:40.638476 47876731937856 create_pretraining_data.py:149] *** Example ***
INFO:tensorflow:tokens: [CLS] خش ##وعه جود لج ##ام الجواد ورو ##ضه برك ##وع وا ##ظن [MASK] لو بيس ##جد معه خر الجبل ساج ##د [SEP] زد رصيدك [MASK] سلمان زد رصيدك68 وش هال ##جما ##ل وش [MASK] [MASK] [MASK] اتعب [MASK] ام ##دح والله [SEP]
I1103 12:51:40.638615 47876731937856 create_pretraining_data.py:151] tokens: [CLS] خش ##وعه جود لج ##ام الجواد ورو ##ضه برك ##وع وا ##ظن [MASK] لو بيس ##جد معه خر الجبل ساج ##د [SEP] زد رصيدك [MASK] سلمان زد رصيدك68 وش هال ##جما ##ل وش [MASK] [MASK] [MASK] اتعب [MASK] ام ##دح والله [SEP]
INFO:tensorflow:input_ids: 2 6704 5030 17561 2672 1921 28191 7097 5003 14136 2095 1989 6073 4 2244 8056 2448 3860 17963 11877 17677 1016 3 3477 3602 4 3856 3477 27152 2347 4218 21856 1010 2347 4 4 4 17654 4 2112 13347 2706 3 0 0 0 0 0 0 0 0 0 0 0 0 0 0 0 0 0 0 0 0 0 0 0 0 0 0 0 0 0 0 0 0 0 0 0 0 0 0 0 0 0 0 0 0 0 0 0 0 0 0 0 0 0 0 0 0 0 0 0 0 0 0 0 0 0 0 0 0 0 0 0 0 0 0 0 0 0 0 0 0 0 0 0 0 0
I1103 12:51:40.638761 47876731937856 create_pretraining_data.py:161] input_ids: 2 6704 5030 17561 2672 1921 28191 7097 5003 14136 2095 1989 6073 4 2244 8056 2448 3860 17963 11877 17677 1016 3 3477 3602 4 3856 3477 27152 2347 4218 21856 1010 2347 4 4 4 17654 4 2112 13347 2706 3 0 0 0 0 0 0 0 0 0 0 0 0 0 0 0 0 0 0 0 0 0 0 0 0 0 0 0 0 0 0 0 0 0 0 0 0 0 0 0 0 0 0 0 0 0 0 0 0 0 0 0 0 0 0 0 0 0 0 0 0 0 0 0 0 0 0 0 0 0 0 0 0 0 0 0 0 0 0 0 0 0 0 0 0 0
INFO:tensorflow:input_mask: 1 1 1 1 1 1 1 1 1 1 1 1 1 1 1 1 1 1 1 1 1 1 1 1 1 1 1 1 1 1 1 1 1 1 1 1 1 1 1 1 1 1 1 0 0 0 0 0 0 0 0 0 0 0 0 0 0 0 0 0 0 0 0 0 0 0 0 0 0 0 0 0 0 0 0 0 0 0 0 0 0 0 0 0 0 0 0 0 0 0 0 0 0 0 0 0 0 0 0 0 0 0 0 0 0 0 0 0 0 0 0 0 0 0 0 0 0 0 0 0 0 0 0 0 0 0 0 0
I1103 12:51:40.638890 47876731937856 create_pretraining_data.py:161] input_mask: 1 1 1 1 1 1 1 1 1 1 1 1 1 1 1 1 1 1 1 1 1 1 1 1 1 1 1 1 1 1 1 1 1 1 1 1 1 1 1 1 1 1 1 0 0 0 0 0 0 0 0 0 0 0 0 0 0 0 0 0 0 0 0 0 0 0 0 0 0 0 0 0 0 0 0 0 0 0 0 0 0 0 0 0 0 0 0 0 0 0 0 0 0 0 0 0 0 0 0 0 0 0 0 0 0 0 0 0 0 0 0 0 0 0 0 0 0 0 0 0 0 0 0 0 0 0 0 0
INFO:tensorflow:segment_ids: 0 0 0 0 0 0 0 0 0 0 0 0 0 0 0 0 0 0 0 0 0 0 0 1 1 1 1 1 1 1 1 1 1 1 1 1 1 1 1 1 1 1 1 0 0 0 0 0 0 0 0 0 0 0 0 0 0 0 0 0 0 0 0 0 0 0 0 0 0 0 0 0 0 0 0 0 0 0 0 0 0 0 0 0 0 0 0 0 0 0 0 0 0 0 0 0 0 0 0 0 0 0 0 0 0 0 0 0 0 0 0 0 0 0 0 0 0 0 0 0 0 0 0 0 0 0 0 0
I1103 12:51:40.639016 47876731937856 create_pretraining_data.py:161] segment_ids: 0 0 0 0 0 0 0 0 0 0 0 0 0 0 0 0 0 0 0 0 0 0 0 1 1 1 1 1 1 1 1 1 1 1 1 1 1 1 1 1 1 1 1 0 0 0 0 0 0 0 0 0 0 0 0 0 0 0 0 0 0 0 0 0 0 0 0 0 0 0 0 0 0 0 0 0 0 0 0 0 0 0 0 0 0 0 0 0 0 0 0 0 0 0 0 0 0 0 0 0 0 0 0 0 0 0 0 0 0 0 0 0 0 0 0 0 0 0 0 0 0 0 0 0 0 0 0 0
INFO:tensorflow:masked_lm_positions: 13 25 34 35 36 38 0 0 0 0 0 0 0 0 0 0 0 0 0 0
I1103 12:51:40.639109 47876731937856 create_pretraining_data.py:161] masked_lm_positions: 13 25 34 35 36 38 0 0 0 0 0 0 0 0 0 0 0 0 0 0
INFO:tensorflow:masked_lm_ids: 2615 3331 4218 1037 28128 3257 0 0 0 0 0 0 0 0 0 0 0 0 0 0
I1103 12:51:40.639215 47876731937856 create_pretraining_data.py:161] masked_lm_ids: 2615 3331 4218 1037 28128 3257 0 0 0 0 0 0 0 0 0 0 0 0 0 0
INFO:tensorflow:masked_lm_weights: 1.0 1.0 1.0 1.0 1.0 1.0 0.0 0.0 0.0 0.0 0.0 0.0 0.0 0.0 0.0 0.0 0.0 0.0 0.0 0.0
I1103 12:51:40.639312 47876731937856 create_pretraining_data.py:161] masked_lm_weights: 1.0 1.0 1.0 1.0 1.0 1.0 0.0 0.0 0.0 0.0 0.0 0.0 0.0 0.0 0.0 0.0 0.0 0.0 0.0 0.0
INFO:tensorflow:next_sentence_labels: 1
I1103 12:51:40.639398 47876731937856 create_pretraining_data.py:161] next_sentence_labels: 1
INFO:tensorflow:*** Example ***
I1103 12:51:40.639995 47876731937856 create_pretraining_data.py:149] *** Example ***
INFO:tensorflow:tokens: [CLS] خلفيات لرو ##بين 1 [MASK] بيس [SEP] ما ##ذ ##خر ##تك للف ##راق [MASK] [MASK] [MASK] للغ ##ياب اذكر اني لال ##مح ##تك ماعرف ##ت اتجاه ##لك [SEP]
I1103 12:51:40.640125 47876731937856 create_pretraining_data.py:151] tokens: [CLS] خلفيات لرو ##بين 1 [MASK] بيس [SEP] ما ##ذ ##خر ##تك للف ##راق [MASK] [MASK] [MASK] للغ ##ياب اذكر اني لال ##مح ##تك ماعرف ##ت اتجاه ##لك [SEP]
INFO:tensorflow:input_ids: 2 8018 25032 5569 21 4 8056 3 1972 1035 2042 2348 3554 2359 4 4 4 4740 3416 9056 2694 14694 10079 2348 18109 1005 8670 1934 3 0 0 0 0 0 0 0 0 0 0 0 0 0 0 0 0 0 0 0 0 0 0 0 0 0 0 0 0 0 0 0 0 0 0 0 0 0 0 0 0 0 0 0 0 0 0 0 0 0 0 0 0 0 0 0 0 0 0 0 0 0 0 0 0 0 0 0 0 0 0 0 0 0 0 0 0 0 0 0 0 0 0 0 0 0 0 0 0 0 0 0 0 0 0 0 0 0 0 0
I1103 12:51:40.640266 47876731937856 create_pretraining_data.py:161] input_ids: 2 8018 25032 5569 21 4 8056 3 1972 1035 2042 2348 3554 2359 4 4 4 4740 3416 9056 2694 14694 10079 2348 18109 1005 8670 1934 3 0 0 0 0 0 0 0 0 0 0 0 0 0 0 0 0 0 0 0 0 0 0 0 0 0 0 0 0 0 0 0 0 0 0 0 0 0 0 0 0 0 0 0 0 0 0 0 0 0 0 0 0 0 0 0 0 0 0 0 0 0 0 0 0 0 0 0 0 0 0 0 0 0 0 0 0 0 0 0 0 0 0 0 0 0 0 0 0 0 0 0 0 0 0 0 0 0 0 0
INFO:tensorflow:input_mask: 1 1 1 1 1 1 1 1 1 1 1 1 1 1 1 1 1 1 1 1 1 1 1 1 1 1 1 1 1 0 0 0 0 0 0 0 0 0 0 0 0 0 0 0 0 0 0 0 0 0 0 0 0 0 0 0 0 0 0 0 0 0 0 0 0 0 0 0 0 0 0 0 0 0 0 0 0 0 0 0 0 0 0 0 0 0 0 0 0 0 0 0 0 0 0 0 0 0 0 0 0 0 0 0 0 0 0 0 0 0 0 0 0 0 0 0 0 0 0 0 0 0 0 0 0 0 0 0
I1103 12:51:40.640398 47876731937856 create_pretraining_data.py:161] input_mask: 1 1 1 1 1 1 1 1 1 1 1 1 1 1 1 1 1 1 1 1 1 1 1 1 1 1 1 1 1 0 0 0 0 0 0 0 0 0 0 0 0 0 0 0 0 0 0 0 0 0 0 0 0 0 0 0 0 0 0 0 0 0 0 0 0 0 0 0 0 0 0 0 0 0 0 0 0 0 0 0 0 0 0 0 0 0 0 0 0 0 0 0 0 0 0 0 0 0 0 0 0 0 0 0 0 0 0 0 0 0 0 0 0 0 0 0 0 0 0 0 0 0 0 0 0 0 0 0
INFO:tensorflow:segment_ids: 0 0 0 0 0 0 0 0 1 1 1 1 1 1 1 1 1 1 1 1 1 1 1 1 1 1 1 1 1 0 0 0 0 0 0 0 0 0 0 0 0 0 0 0 0 0 0 0 0 0 0 0 0 0 0 0 0 0 0 0 0 0 0 0 0 0 0 0 0 0 0 0 0 0 0 0 0 0 0 0 0 0 0 0 0 0 0 0 0 0 0 0 0 0 0 0 0 0 0 0 0 0 0 0 0 0 0 0 0 0 0 0 0 0 0 0 0 0 0 0 0 0 0 0 0 0 0 0
I1103 12:51:40.640525 47876731937856 create_pretraining_data.py:161] segment_ids: 0 0 0 0 0 0 0 0 1 1 1 1 1 1 1 1 1 1 1 1 1 1 1 1 1 1 1 1 1 0 0 0 0 0 0 0 0 0 0 0 0 0 0 0 0 0 0 0 0 0 0 0 0 0 0 0 0 0 0 0 0 0 0 0 0 0 0 0 0 0 0 0 0 0 0 0 0 0 0 0 0 0 0 0 0 0 0 0 0 0 0 0 0 0 0 0 0 0 0 0 0 0 0 0 0 0 0 0 0 0 0 0 0 0 0 0 0 0 0 0 0 0 0 0 0 0 0 0
INFO:tensorflow:masked_lm_positions: 5 14 15 16 0 0 0 0 0 0 0 0 0 0 0 0 0 0 0 0
I1103 12:51:40.640625 47876731937856 create_pretraining_data.py:161] masked_lm_positions: 5 14 15 16 0 0 0 0 0 0 0 0 0 0 0 0 0 0 0 0
INFO:tensorflow:masked_lm_ids: 2263 2564 14318 2348 0 0 0 0 0 0 0 0 0 0 0 0 0 0 0 0
I1103 12:51:40.640720 47876731937856 create_pretraining_data.py:161] masked_lm_ids: 2263 2564 14318 2348 0 0 0 0 0 0 0 0 0 0 0 0 0 0 0 0
INFO:tensorflow:masked_lm_weights: 1.0 1.0 1.0 1.0 0.0 0.0 0.0 0.0 0.0 0.0 0.0 0.0 0.0 0.0 0.0 0.0 0.0 0.0 0.0 0.0
I1103 12:51:40.640814 47876731937856 create_pretraining_data.py:161] masked_lm_weights: 1.0 1.0 1.0 1.0 0.0 0.0 0.0 0.0 0.0 0.0 0.0 0.0 0.0 0.0 0.0 0.0 0.0 0.0 0.0 0.0
INFO:tensorflow:next_sentence_labels: 1
I1103 12:51:40.640900 47876731937856 create_pretraining_data.py:161] next_sentence_labels: 1
INFO:tensorflow:*** Example ***
I1103 12:51:40.641513 47876731937856 create_pretraining_data.py:149] *** Example ***
INFO:tensorflow:tokens: [CLS] الكلام كال ##دوا ##ء اذا قل ##لت منه نفع واذا اكثر ##ت منه قتل [SEP] شيخ روحاني متخصص [MASK] الحبيب الزواج ستر ##جا ##ع المطلق ##ات علاج [MASK] [MASK] [MASK] خوات ##م [MASK] [MASK] الكويت سلط ##نه [MASK] الامارات 00962780 ##0 ##74 ##05 ##9 [SEP]
I1103 12:51:40.641655 47876731937856 create_pretraining_data.py:151] tokens: [CLS] الكلام كال ##دوا ##ء اذا قل ##لت منه نفع واذا اكثر ##ت منه قتل [SEP] شيخ روحاني متخصص [MASK] الحبيب الزواج ستر ##جا ##ع المطلق ##ات علاج [MASK] [MASK] [MASK] خوات ##م [MASK] [MASK] الكويت سلط ##نه [MASK] الامارات 00962780 ##0 ##74 ##05 ##9 [SEP]
INFO:tensorflow:input_ids: 2 3859 3881 14492 1053 2387 4491 1919 2739 19748 4876 2695 1005 2739 4824 3 5516 15282 9609 4 5114 6919 13595 3327 1009 18954 1904 4430 4 4 4 21023 1015 4 4 3346 3901 2110 4 4285 21135 1071 22968 10555 1077 3 0 0 0 0 0 0 0 0 0 0 0 0 0 0 0 0 0 0 0 0 0 0 0 0 0 0 0 0 0 0 0 0 0 0 0 0 0 0 0 0 0 0 0 0 0 0 0 0 0 0 0 0 0 0 0 0 0 0 0 0 0 0 0 0 0 0 0 0 0 0 0 0 0 0 0 0 0 0 0 0 0 0
I1103 12:51:40.641801 47876731937856 create_pretraining_data.py:161] input_ids: 2 3859 3881 14492 1053 2387 4491 1919 2739 19748 4876 2695 1005 2739 4824 3 5516 15282 9609 4 5114 6919 13595 3327 1009 18954 1904 4430 4 4 4 21023 1015 4 4 3346 3901 2110 4 4285 21135 1071 22968 10555 1077 3 0 0 0 0 0 0 0 0 0 0 0 0 0 0 0 0 0 0 0 0 0 0 0 0 0 0 0 0 0 0 0 0 0 0 0 0 0 0 0 0 0 0 0 0 0 0 0 0 0 0 0 0 0 0 0 0 0 0 0 0 0 0 0 0 0 0 0 0 0 0 0 0 0 0 0 0 0 0 0 0 0 0
INFO:tensorflow:input_mask: 1 1 1 1 1 1 1 1 1 1 1 1 1 1 1 1 1 1 1 1 1 1 1 1 1 1 1 1 1 1 1 1 1 1 1 1 1 1 1 1 1 1 1 1 1 1 0 0 0 0 0 0 0 0 0 0 0 0 0 0 0 0 0 0 0 0 0 0 0 0 0 0 0 0 0 0 0 0 0 0 0 0 0 0 0 0 0 0 0 0 0 0 0 0 0 0 0 0 0 0 0 0 0 0 0 0 0 0 0 0 0 0 0 0 0 0 0 0 0 0 0 0 0 0 0 0 0 0
I1103 12:51:40.641931 47876731937856 create_pretraining_data.py:161] input_mask: 1 1 1 1 1 1 1 1 1 1 1 1 1 1 1 1 1 1 1 1 1 1 1 1 1 1 1 1 1 1 1 1 1 1 1 1 1 1 1 1 1 1 1 1 1 1 0 0 0 0 0 0 0 0 0 0 0 0 0 0 0 0 0 0 0 0 0 0 0 0 0 0 0 0 0 0 0 0 0 0 0 0 0 0 0 0 0 0 0 0 0 0 0 0 0 0 0 0 0 0 0 0 0 0 0 0 0 0 0 0 0 0 0 0 0 0 0 0 0 0 0 0 0 0 0 0 0 0
INFO:tensorflow:segment_ids: 0 0 0 0 0 0 0 0 0 0 0 0 0 0 0 0 1 1 1 1 1 1 1 1 1 1 1 1 1 1 1 1 1 1 1 1 1 1 1 1 1 1 1 1 1 1 0 0 0 0 0 0 0 0 0 0 0 0 0 0 0 0 0 0 0 0 0 0 0 0 0 0 0 0 0 0 0 0 0 0 0 0 0 0 0 0 0 0 0 0 0 0 0 0 0 0 0 0 0 0 0 0 0 0 0 0 0 0 0 0 0 0 0 0 0 0 0 0 0 0 0 0 0 0 0 0 0 0
I1103 12:51:40.642056 47876731937856 create_pretraining_data.py:161] segment_ids: 0 0 0 0 0 0 0 0 0 0 0 0 0 0 0 0 1 1 1 1 1 1 1 1 1 1 1 1 1 1 1 1 1 1 1 1 1 1 1 1 1 1 1 1 1 1 0 0 0 0 0 0 0 0 0 0 0 0 0 0 0 0 0 0 0 0 0 0 0 0 0 0 0 0 0 0 0 0 0 0 0 0 0 0 0 0 0 0 0 0 0 0 0 0 0 0 0 0 0 0 0 0 0 0 0 0 0 0 0 0 0 0 0 0 0 0 0 0 0 0 0 0 0 0 0 0 0 0
INFO:tensorflow:masked_lm_positions: 19 28 29 30 33 34 38 0 0 0 0 0 0 0 0 0 0 0 0 0
I1103 12:51:40.642149 47876731937856 create_pretraining_data.py:161] masked_lm_positions: 19 28 29 30 33 34 38 0 0 0 0 0 0 0 0 0 0 0 0 0
INFO:tensorflow:masked_lm_ids: 20712 8634 2769 3949 15282 2721 5224 0 0 0 0 0 0 0 0 0 0 0 0 0
I1103 12:51:40.642241 47876731937856 create_pretraining_data.py:161] masked_lm_ids: 20712 8634 2769 3949 15282 2721 5224 0 0 0 0 0 0 0 0 0 0 0 0 0
INFO:tensorflow:masked_lm_weights: 1.0 1.0 1.0 1.0 1.0 1.0 1.0 0.0 0.0 0.0 0.0 0.0 0.0 0.0 0.0 0.0 0.0 0.0 0.0 0.0
I1103 12:51:40.642336 47876731937856 create_pretraining_data.py:161] masked_lm_weights: 1.0 1.0 1.0 1.0 1.0 1.0 1.0 0.0 0.0 0.0 0.0 0.0 0.0 0.0 0.0 0.0 0.0 0.0 0.0 0.0
INFO:tensorflow:next_sentence_labels: 1
I1103 12:51:40.642421 47876731937856 create_pretraining_data.py:161] next_sentence_labels: 1
INFO:tensorflow:*** Example ***
I1103 12:51:40.643036 47876731937856 create_pretraining_data.py:149] *** Example ***
INFO:tensorflow:tokens: [CLS] ناص ##ب نفسه حقوق ##ي للمر ##اه واب ##ثر ##نا [MASK] المجتمع [MASK] للمر ##اه و [MASK] [MASK] وانه ينظر الملائ [MASK] بانها [MASK] شك [MASK] جالس يق ##ذف بالم ##لتزم ##ات بسبب مراه ##قات بدايه [SEP] مابين مغ ##باش ##ن وما ##بين مرو ##اح ماغ ##ير حياتك [MASK] القاع وبحث عن الفي نفسي تبا الجو الخلا ##وي وين ##زا ##ح هموم ##ي الي فوق المت ##ان تج ##لي [SEP]
I1103 12:51:40.643196 47876731937856 create_pretraining_data.py:151] tokens: [CLS] ناص ##ب نفسه حقوق ##ي للمر ##اه واب ##ثر ##نا [MASK] المجتمع [MASK] للمر ##اه و [MASK] [MASK] وانه ينظر الملائ [MASK] بانها [MASK] شك [MASK] جالس يق ##ذف بالم ##لتزم ##ات بسبب مراه ##قات بدايه [SEP] مابين مغ ##باش ##ن وما ##بين مرو ##اح ماغ ##ير حياتك [MASK] القاع وبحث عن الفي نفسي تبا الجو الخلا ##وي وين ##زا ##ح هموم ##ي الي فوق المت ##ان تج ##لي [SEP]
INFO:tensorflow:input_ids: 2 14634 1045 3081 3902 1013 12632 2030 3283 2132 1914 4 3409 4 12632 2030 415 4 4 11111 9429 9607 4 13921 4 3023 4 19280 2210 5158 2493 18304 1904 3179 15553 2303 6037 3 12476 3203 27626 1006 2564 5569 6339 2187 23319 1916 4540 4 28302 21224 1955 3158 3733 11758 5697 5483 1971 3266 3127 1032 8776 1013 2002 3589 2087 1906 2214 1907 3 0 0 0 0 0 0 0 0 0 0 0 0 0 0 0 0 0 0 0 0 0 0 0 0 0 0 0 0 0 0 0 0 0 0 0 0 0 0 0 0 0 0 0 0 0 0 0 0 0 0 0 0 0 0 0 0 0
I1103 12:51:40.643348 47876731937856 create_pretraining_data.py:161] input_ids: 2 14634 1045 3081 3902 1013 12632 2030 3283 2132 1914 4 3409 4 12632 2030 415 4 4 11111 9429 9607 4 13921 4 3023 4 19280 2210 5158 2493 18304 1904 3179 15553 2303 6037 3 12476 3203 27626 1006 2564 5569 6339 2187 23319 1916 4540 4 28302 21224 1955 3158 3733 11758 5697 5483 1971 3266 3127 1032 8776 1013 2002 3589 2087 1906 2214 1907 3 0 0 0 0 0 0 0 0 0 0 0 0 0 0 0 0 0 0 0 0 0 0 0 0 0 0 0 0 0 0 0 0 0 0 0 0 0 0 0 0 0 0 0 0 0 0 0 0 0 0 0 0 0 0 0 0 0
INFO:tensorflow:input_mask: 1 1 1 1 1 1 1 1 1 1 1 1 1 1 1 1 1 1 1 1 1 1 1 1 1 1 1 1 1 1 1 1 1 1 1 1 1 1 1 1 1 1 1 1 1 1 1 1 1 1 1 1 1 1 1 1 1 1 1 1 1 1 1 1 1 1 1 1 1 1 1 0 0 0 0 0 0 0 0 0 0 0 0 0 0 0 0 0 0 0 0 0 0 0 0 0 0 0 0 0 0 0 0 0 0 0 0 0 0 0 0 0 0 0 0 0 0 0 0 0 0 0 0 0 0 0 0 0
I1103 12:51:40.643480 47876731937856 create_pretraining_data.py:161] input_mask: 1 1 1 1 1 1 1 1 1 1 1 1 1 1 1 1 1 1 1 1 1 1 1 1 1 1 1 1 1 1 1 1 1 1 1 1 1 1 1 1 1 1 1 1 1 1 1 1 1 1 1 1 1 1 1 1 1 1 1 1 1 1 1 1 1 1 1 1 1 1 1 0 0 0 0 0 0 0 0 0 0 0 0 0 0 0 0 0 0 0 0 0 0 0 0 0 0 0 0 0 0 0 0 0 0 0 0 0 0 0 0 0 0 0 0 0 0 0 0 0 0 0 0 0 0 0 0 0
INFO:tensorflow:segment_ids: 0 0 0 0 0 0 0 0 0 0 0 0 0 0 0 0 0 0 0 0 0 0 0 0 0 0 0 0 0 0 0 0 0 0 0 0 0 0 1 1 1 1 1 1 1 1 1 1 1 1 1 1 1 1 1 1 1 1 1 1 1 1 1 1 1 1 1 1 1 1 1 0 0 0 0 0 0 0 0 0 0 0 0 0 0 0 0 0 0 0 0 0 0 0 0 0 0 0 0 0 0 0 0 0 0 0 0 0 0 0 0 0 0 0 0 0 0 0 0 0 0 0 0 0 0 0 0 0
I1103 12:51:40.643614 47876731937856 create_pretraining_data.py:161] segment_ids: 0 0 0 0 0 0 0 0 0 0 0 0 0 0 0 0 0 0 0 0 0 0 0 0 0 0 0 0 0 0 0 0 0 0 0 0 0 0 1 1 1 1 1 1 1 1 1 1 1 1 1 1 1 1 1 1 1 1 1 1 1 1 1 1 1 1 1 1 1 1 1 0 0 0 0 0 0 0 0 0 0 0 0 0 0 0 0 0 0 0 0 0 0 0 0 0 0 0 0 0 0 0 0 0 0 0 0 0 0 0 0 0 0 0 0 0 0 0 0 0 0 0 0 0 0 0 0 0
INFO:tensorflow:masked_lm_positions: 11 13 17 18 21 22 24 26 48 49 54 0 0 0 0 0 0 0 0 0
I1103 12:51:40.643712 47876731937856 create_pretraining_data.py:161] masked_lm_positions: 11 13 17 18 21 22 24 26 48 49 54 0 0 0 0 0 0 0 0 0
INFO:tensorflow:masked_lm_ids: 2768 18399 26571 1013 12632 2030 7040 2400 2280 1033 3733 0 0 0 0 0 0 0 0 0
I1103 12:51:40.643805 47876731937856 create_pretraining_data.py:161] masked_lm_ids: 2768 18399 26571 1013 12632 2030 7040 2400 2280 1033 3733 0 0 0 0 0 0 0 0 0
INFO:tensorflow:masked_lm_weights: 1.0 1.0 1.0 1.0 1.0 1.0 1.0 1.0 1.0 1.0 1.0 0.0 0.0 0.0 0.0 0.0 0.0 0.0 0.0 0.0
I1103 12:51:40.643900 47876731937856 create_pretraining_data.py:161] masked_lm_weights: 1.0 1.0 1.0 1.0 1.0 1.0 1.0 1.0 1.0 1.0 1.0 0.0 0.0 0.0 0.0 0.0 0.0 0.0 0.0 0.0
INFO:tensorflow:next_sentence_labels: 1
I1103 12:51:40.644000 47876731937856 create_pretraining_data.py:161] next_sentence_labels: 1
INFO:tensorflow:*** Example ***
I1103 12:51:40.644595 47876731937856 create_pretraining_data.py:149] *** Example ***
INFO:tensorflow:tokens: [CLS] لسنا الدوله التي [MASK] لع ##قوب ##ات [MASK] [MASK] لدعم ##ها للارهاب وانما هي ايران ولس ##نا الدوله التي ين ##درج مسؤول ##وها ضمن قوائم الارهاب بل هي ايران عادل الجبير [SEP] تبي شيء مني [MASK] بدون شلون ##ك [MASK] ##قتل [MASK] اوكي [SEP]
I1103 12:51:40.644739 47876731937856 create_pretraining_data.py:151] tokens: [CLS] لسنا الدوله التي [MASK] لع ##قوب ##ات [MASK] [MASK] لدعم ##ها للارهاب وانما هي ايران ولس ##نا الدوله التي ين ##درج مسؤول ##وها ضمن قوائم الارهاب بل هي ايران عادل الجبير [SEP] تبي شيء مني [MASK] بدون شلون ##ك [MASK] ##قتل [MASK] اوكي [SEP]
INFO:tensorflow:input_ids: 2 16530 6118 2061 4 2941 7606 1904 4 4 6949 1913 26539 9636 2247 3115 10200 1914 6118 2061 2388 9474 6803 3736 3637 19224 5506 2683 2247 3115 6019 14276 3 6341 2621 4397 4 3279 13079 1014 4 3629 4 29454 3 0 0 0 0 0 0 0 0 0 0 0 0 0 0 0 0 0 0 0 0 0 0 0 0 0 0 0 0 0 0 0 0 0 0 0 0 0 0 0 0 0 0 0 0 0 0 0 0 0 0 0 0 0 0 0 0 0 0 0 0 0 0 0 0 0 0 0 0 0 0 0 0 0 0 0 0 0 0 0 0 0 0 0
I1103 12:51:40.644885 47876731937856 create_pretraining_data.py:161] input_ids: 2 16530 6118 2061 4 2941 7606 1904 4 4 6949 1913 26539 9636 2247 3115 10200 1914 6118 2061 2388 9474 6803 3736 3637 19224 5506 2683 2247 3115 6019 14276 3 6341 2621 4397 4 3279 13079 1014 4 3629 4 29454 3 0 0 0 0 0 0 0 0 0 0 0 0 0 0 0 0 0 0 0 0 0 0 0 0 0 0 0 0 0 0 0 0 0 0 0 0 0 0 0 0 0 0 0 0 0 0 0 0 0 0 0 0 0 0 0 0 0 0 0 0 0 0 0 0 0 0 0 0 0 0 0 0 0 0 0 0 0 0 0 0 0 0 0
INFO:tensorflow:input_mask: 1 1 1 1 1 1 1 1 1 1 1 1 1 1 1 1 1 1 1 1 1 1 1 1 1 1 1 1 1 1 1 1 1 1 1 1 1 1 1 1 1 1 1 1 1 0 0 0 0 0 0 0 0 0 0 0 0 0 0 0 0 0 0 0 0 0 0 0 0 0 0 0 0 0 0 0 0 0 0 0 0 0 0 0 0 0 0 0 0 0 0 0 0 0 0 0 0 0 0 0 0 0 0 0 0 0 0 0 0 0 0 0 0 0 0 0 0 0 0 0 0 0 0 0 0 0 0 0
I1103 12:51:40.645015 47876731937856 create_pretraining_data.py:161] input_mask: 1 1 1 1 1 1 1 1 1 1 1 1 1 1 1 1 1 1 1 1 1 1 1 1 1 1 1 1 1 1 1 1 1 1 1 1 1 1 1 1 1 1 1 1 1 0 0 0 0 0 0 0 0 0 0 0 0 0 0 0 0 0 0 0 0 0 0 0 0 0 0 0 0 0 0 0 0 0 0 0 0 0 0 0 0 0 0 0 0 0 0 0 0 0 0 0 0 0 0 0 0 0 0 0 0 0 0 0 0 0 0 0 0 0 0 0 0 0 0 0 0 0 0 0 0 0 0 0
INFO:tensorflow:segment_ids: 0 0 0 0 0 0 0 0 0 0 0 0 0 0 0 0 0 0 0 0 0 0 0 0 0 0 0 0 0 0 0 0 0 1 1 1 1 1 1 1 1 1 1 1 1 0 0 0 0 0 0 0 0 0 0 0 0 0 0 0 0 0 0 0 0 0 0 0 0 0 0 0 0 0 0 0 0 0 0 0 0 0 0 0 0 0 0 0 0 0 0 0 0 0 0 0 0 0 0 0 0 0 0 0 0 0 0 0 0 0 0 0 0 0 0 0 0 0 0 0 0 0 0 0 0 0 0 0
I1103 12:51:40.645142 47876731937856 create_pretraining_data.py:161] segment_ids: 0 0 0 0 0 0 0 0 0 0 0 0 0 0 0 0 0 0 0 0 0 0 0 0 0 0 0 0 0 0 0 0 0 1 1 1 1 1 1 1 1 1 1 1 1 0 0 0 0 0 0 0 0 0 0 0 0 0 0 0 0 0 0 0 0 0 0 0 0 0 0 0 0 0 0 0 0 0 0 0 0 0 0 0 0 0 0 0 0 0 0 0 0 0 0 0 0 0 0 0 0 0 0 0 0 0 0 0 0 0 0 0 0 0 0 0 0 0 0 0 0 0 0 0 0 0 0 0
INFO:tensorflow:masked_lm_positions: 4 8 9 36 40 41 42 0 0 0 0 0 0 0 0 0 0 0 0 0
I1103 12:51:40.645236 47876731937856 create_pretraining_data.py:161] masked_lm_positions: 4 8 9 36 40 41 42 0 0 0 0 0 0 0 0 0 0 0 0 0
INFO:tensorflow:masked_lm_ids: 18308 7895 1028 11396 14211 3629 1014 0 0 0 0 0 0 0 0 0 0 0 0 0
I1103 12:51:40.645328 47876731937856 create_pretraining_data.py:161] masked_lm_ids: 18308 7895 1028 11396 14211 3629 1014 0 0 0 0 0 0 0 0 0 0 0 0 0
INFO:tensorflow:masked_lm_weights: 1.0 1.0 1.0 1.0 1.0 1.0 1.0 0.0 0.0 0.0 0.0 0.0 0.0 0.0 0.0 0.0 0.0 0.0 0.0 0.0
I1103 12:51:40.645423 47876731937856 create_pretraining_data.py:161] masked_lm_weights: 1.0 1.0 1.0 1.0 1.0 1.0 1.0 0.0 0.0 0.0 0.0 0.0 0.0 0.0 0.0 0.0 0.0 0.0 0.0 0.0
INFO:tensorflow:next_sentence_labels: 1
I1103 12:51:40.645522 47876731937856 create_pretraining_data.py:161] next_sentence_labels: 1
INFO:tensorflow:Wrote 9999580 total instances
I1103 13:59:02.884738 47876731937856 create_pretraining_data.py:166] Wrote 9999580 total instances
