Loading module 'all'
WARNING:tensorflow:From ../bert/create_pretraining_data.py:469: The name tf.app.run is deprecated. Please use tf.compat.v1.app.run instead.

WARNING:tensorflow:From ../bert/create_pretraining_data.py:437: The name tf.logging.set_verbosity is deprecated. Please use tf.compat.v1.logging.set_verbosity instead.

W1103 07:11:41.971915 47037889819712 module_wrapper.py:139] From ../bert/create_pretraining_data.py:437: The name tf.logging.set_verbosity is deprecated. Please use tf.compat.v1.logging.set_verbosity instead.

WARNING:tensorflow:From ../bert/create_pretraining_data.py:437: The name tf.logging.INFO is deprecated. Please use tf.compat.v1.logging.INFO instead.

W1103 07:11:41.972239 47037889819712 module_wrapper.py:139] From ../bert/create_pretraining_data.py:437: The name tf.logging.INFO is deprecated. Please use tf.compat.v1.logging.INFO instead.

WARNING:tensorflow:From /scratch/gi372/CAMeLBERT/bert/tokenization.py:125: The name tf.gfile.GFile is deprecated. Please use tf.io.gfile.GFile instead.

W1103 07:11:41.972574 47037889819712 module_wrapper.py:139] From /scratch/gi372/CAMeLBERT/bert/tokenization.py:125: The name tf.gfile.GFile is deprecated. Please use tf.io.gfile.GFile instead.

WARNING:tensorflow:From ../bert/create_pretraining_data.py:444: The name tf.gfile.Glob is deprecated. Please use tf.io.gfile.glob instead.

W1103 07:11:42.257508 47037889819712 module_wrapper.py:139] From ../bert/create_pretraining_data.py:444: The name tf.gfile.Glob is deprecated. Please use tf.io.gfile.glob instead.

WARNING:tensorflow:From ../bert/create_pretraining_data.py:446: The name tf.logging.info is deprecated. Please use tf.compat.v1.logging.info instead.

W1103 07:11:42.271257 47037889819712 module_wrapper.py:139] From ../bert/create_pretraining_data.py:446: The name tf.logging.info is deprecated. Please use tf.compat.v1.logging.info instead.

INFO:tensorflow:*** Reading from input files ***
I1103 07:11:42.271482 47037889819712 create_pretraining_data.py:446] *** Reading from input files ***
INFO:tensorflow:  ../corpora/shards/DA-ali2019-500m-tweet.bw.ar.lines.shard.191.normalized.sents
I1103 07:11:42.271625 47037889819712 create_pretraining_data.py:448]   ../corpora/shards/DA-ali2019-500m-tweet.bw.ar.lines.shard.191.normalized.sents
INFO:tensorflow:*** Writing to output files ***
I1103 07:57:12.752864 47037889819712 create_pretraining_data.py:457] *** Writing to output files ***
INFO:tensorflow:  ../corpora/tfrecord_wp-30k_msl-128/DA-ali2019-500m-tweet.bw.ar.lines.shard.191.tf_record
I1103 07:57:12.780520 47037889819712 create_pretraining_data.py:459]   ../corpora/tfrecord_wp-30k_msl-128/DA-ali2019-500m-tweet.bw.ar.lines.shard.191.tf_record
WARNING:tensorflow:From ../bert/create_pretraining_data.py:101: The name tf.python_io.TFRecordWriter is deprecated. Please use tf.io.TFRecordWriter instead.

W1103 07:57:12.829994 47037889819712 module_wrapper.py:139] From ../bert/create_pretraining_data.py:101: The name tf.python_io.TFRecordWriter is deprecated. Please use tf.io.TFRecordWriter instead.

INFO:tensorflow:*** Example ***
I1103 07:57:12.968794 47037889819712 create_pretraining_data.py:149] *** Example ***
INFO:tensorflow:tokens: [CLS] امنيه هالم ##ساء يارب قرب [MASK] [MASK] [MASK] والاي ##ام الجميله لي ولم ##تاب ##عين ##ي قروب عاز ##ف للدعم [SEP] من [MASK] رقبه مسلم ##ه اعتق [MASK] بكل عضو منه [MASK] من النار حتي فرج ##ه بفر ##جه [MASK] رقبه سليمان الحوي ##طي [SEP]
I1103 07:57:12.969148 47037889819712 create_pretraining_data.py:151] tokens: [CLS] امنيه هالم ##ساء يارب قرب [MASK] [MASK] [MASK] والاي ##ام الجميله لي ولم ##تاب ##عين ##ي قروب عاز ##ف للدعم [SEP] من [MASK] رقبه مسلم ##ه اعتق [MASK] بكل عضو منه [MASK] من النار حتي فرج ##ه بفر ##جه [MASK] رقبه سليمان الحوي ##طي [SEP]
INFO:tensorflow:input_ids: 2 11204 13298 3214 2856 4795 4 4 4 23745 1921 8982 2134 2743 7638 2987 1013 2543 13242 1037 2679 3 1908 4 11575 4123 1028 28031 4 3268 4866 2739 4 1908 3919 2627 5976 1028 14867 2047 4 11575 4889 17880 2594 3 0 0 0 0 0 0 0 0 0 0 0 0 0 0 0 0 0 0 0 0 0 0 0 0 0 0 0 0 0 0 0 0 0 0 0 0 0 0 0 0 0 0 0 0 0 0 0 0 0 0 0 0 0 0 0 0 0 0 0 0 0 0 0 0 0 0 0 0 0 0 0 0 0 0 0 0 0 0 0 0 0 0
I1103 07:57:12.969982 47037889819712 create_pretraining_data.py:161] input_ids: 2 11204 13298 3214 2856 4795 4 4 4 23745 1921 8982 2134 2743 7638 2987 1013 2543 13242 1037 2679 3 1908 4 11575 4123 1028 28031 4 3268 4866 2739 4 1908 3919 2627 5976 1028 14867 2047 4 11575 4889 17880 2594 3 0 0 0 0 0 0 0 0 0 0 0 0 0 0 0 0 0 0 0 0 0 0 0 0 0 0 0 0 0 0 0 0 0 0 0 0 0 0 0 0 0 0 0 0 0 0 0 0 0 0 0 0 0 0 0 0 0 0 0 0 0 0 0 0 0 0 0 0 0 0 0 0 0 0 0 0 0 0 0 0 0 0
INFO:tensorflow:input_mask: 1 1 1 1 1 1 1 1 1 1 1 1 1 1 1 1 1 1 1 1 1 1 1 1 1 1 1 1 1 1 1 1 1 1 1 1 1 1 1 1 1 1 1 1 1 1 0 0 0 0 0 0 0 0 0 0 0 0 0 0 0 0 0 0 0 0 0 0 0 0 0 0 0 0 0 0 0 0 0 0 0 0 0 0 0 0 0 0 0 0 0 0 0 0 0 0 0 0 0 0 0 0 0 0 0 0 0 0 0 0 0 0 0 0 0 0 0 0 0 0 0 0 0 0 0 0 0 0
I1103 07:57:12.970265 47037889819712 create_pretraining_data.py:161] input_mask: 1 1 1 1 1 1 1 1 1 1 1 1 1 1 1 1 1 1 1 1 1 1 1 1 1 1 1 1 1 1 1 1 1 1 1 1 1 1 1 1 1 1 1 1 1 1 0 0 0 0 0 0 0 0 0 0 0 0 0 0 0 0 0 0 0 0 0 0 0 0 0 0 0 0 0 0 0 0 0 0 0 0 0 0 0 0 0 0 0 0 0 0 0 0 0 0 0 0 0 0 0 0 0 0 0 0 0 0 0 0 0 0 0 0 0 0 0 0 0 0 0 0 0 0 0 0 0 0
INFO:tensorflow:segment_ids: 0 0 0 0 0 0 0 0 0 0 0 0 0 0 0 0 0 0 0 0 0 0 1 1 1 1 1 1 1 1 1 1 1 1 1 1 1 1 1 1 1 1 1 1 1 1 0 0 0 0 0 0 0 0 0 0 0 0 0 0 0 0 0 0 0 0 0 0 0 0 0 0 0 0 0 0 0 0 0 0 0 0 0 0 0 0 0 0 0 0 0 0 0 0 0 0 0 0 0 0 0 0 0 0 0 0 0 0 0 0 0 0 0 0 0 0 0 0 0 0 0 0 0 0 0 0 0 0
I1103 07:57:12.970510 47037889819712 create_pretraining_data.py:161] segment_ids: 0 0 0 0 0 0 0 0 0 0 0 0 0 0 0 0 0 0 0 0 0 0 1 1 1 1 1 1 1 1 1 1 1 1 1 1 1 1 1 1 1 1 1 1 1 1 0 0 0 0 0 0 0 0 0 0 0 0 0 0 0 0 0 0 0 0 0 0 0 0 0 0 0 0 0 0 0 0 0 0 0 0 0 0 0 0 0 0 0 0 0 0 0 0 0 0 0 0 0 0 0 0 0 0 0 0 0 0 0 0 0 0 0 0 0 0 0 0 0 0 0 0 0 0 0 0 0 0
INFO:tensorflow:masked_lm_positions: 6 7 8 23 28 32 40 0 0 0 0 0 0 0 0 0 0 0 0 0
I1103 07:57:12.970683 47037889819712 create_pretraining_data.py:161] masked_lm_positions: 6 7 8 23 28 32 40 0 0 0 0 0 0 0 0 0 0 0 0 0
INFO:tensorflow:masked_lm_ids: 18359 9064 1028 28031 1953 12794 11460 0 0 0 0 0 0 0 0 0 0 0 0 0
I1103 07:57:12.970849 47037889819712 create_pretraining_data.py:161] masked_lm_ids: 18359 9064 1028 28031 1953 12794 11460 0 0 0 0 0 0 0 0 0 0 0 0 0
INFO:tensorflow:masked_lm_weights: 1.0 1.0 1.0 1.0 1.0 1.0 1.0 0.0 0.0 0.0 0.0 0.0 0.0 0.0 0.0 0.0 0.0 0.0 0.0 0.0
I1103 07:57:12.971562 47037889819712 create_pretraining_data.py:161] masked_lm_weights: 1.0 1.0 1.0 1.0 1.0 1.0 1.0 0.0 0.0 0.0 0.0 0.0 0.0 0.0 0.0 0.0 0.0 0.0 0.0 0.0
INFO:tensorflow:next_sentence_labels: 1
I1103 07:57:12.971732 47037889819712 create_pretraining_data.py:161] next_sentence_labels: 1
INFO:tensorflow:*** Example ***
I1103 07:57:12.972447 47037889819712 create_pretraining_data.py:149] *** Example ***
INFO:tensorflow:tokens: [CLS] اللهم اب ##كن ##ي فرحا [MASK] اتم ##ناه [SEP] استغفر الله العظيم واتوب اليه [SEP]
I1103 07:57:12.972651 47037889819712 create_pretraining_data.py:151] tokens: [CLS] اللهم اب ##كن ##ي فرحا [MASK] اتم ##ناه [SEP] استغفر الله العظيم واتوب اليه [SEP]
INFO:tensorflow:input_ids: 2 2168 2093 2033 1013 11786 4 19549 3215 3 2870 1953 3049 3915 3055 3 0 0 0 0 0 0 0 0 0 0 0 0 0 0 0 0 0 0 0 0 0 0 0 0 0 0 0 0 0 0 0 0 0 0 0 0 0 0 0 0 0 0 0 0 0 0 0 0 0 0 0 0 0 0 0 0 0 0 0 0 0 0 0 0 0 0 0 0 0 0 0 0 0 0 0 0 0 0 0 0 0 0 0 0 0 0 0 0 0 0 0 0 0 0 0 0 0 0 0 0 0 0 0 0 0 0 0 0 0 0 0 0
I1103 07:57:12.972895 47037889819712 create_pretraining_data.py:161] input_ids: 2 2168 2093 2033 1013 11786 4 19549 3215 3 2870 1953 3049 3915 3055 3 0 0 0 0 0 0 0 0 0 0 0 0 0 0 0 0 0 0 0 0 0 0 0 0 0 0 0 0 0 0 0 0 0 0 0 0 0 0 0 0 0 0 0 0 0 0 0 0 0 0 0 0 0 0 0 0 0 0 0 0 0 0 0 0 0 0 0 0 0 0 0 0 0 0 0 0 0 0 0 0 0 0 0 0 0 0 0 0 0 0 0 0 0 0 0 0 0 0 0 0 0 0 0 0 0 0 0 0 0 0 0 0
INFO:tensorflow:input_mask: 1 1 1 1 1 1 1 1 1 1 1 1 1 1 1 1 0 0 0 0 0 0 0 0 0 0 0 0 0 0 0 0 0 0 0 0 0 0 0 0 0 0 0 0 0 0 0 0 0 0 0 0 0 0 0 0 0 0 0 0 0 0 0 0 0 0 0 0 0 0 0 0 0 0 0 0 0 0 0 0 0 0 0 0 0 0 0 0 0 0 0 0 0 0 0 0 0 0 0 0 0 0 0 0 0 0 0 0 0 0 0 0 0 0 0 0 0 0 0 0 0 0 0 0 0 0 0 0
I1103 07:57:12.973126 47037889819712 create_pretraining_data.py:161] input_mask: 1 1 1 1 1 1 1 1 1 1 1 1 1 1 1 1 0 0 0 0 0 0 0 0 0 0 0 0 0 0 0 0 0 0 0 0 0 0 0 0 0 0 0 0 0 0 0 0 0 0 0 0 0 0 0 0 0 0 0 0 0 0 0 0 0 0 0 0 0 0 0 0 0 0 0 0 0 0 0 0 0 0 0 0 0 0 0 0 0 0 0 0 0 0 0 0 0 0 0 0 0 0 0 0 0 0 0 0 0 0 0 0 0 0 0 0 0 0 0 0 0 0 0 0 0 0 0 0
INFO:tensorflow:segment_ids: 0 0 0 0 0 0 0 0 0 0 1 1 1 1 1 1 0 0 0 0 0 0 0 0 0 0 0 0 0 0 0 0 0 0 0 0 0 0 0 0 0 0 0 0 0 0 0 0 0 0 0 0 0 0 0 0 0 0 0 0 0 0 0 0 0 0 0 0 0 0 0 0 0 0 0 0 0 0 0 0 0 0 0 0 0 0 0 0 0 0 0 0 0 0 0 0 0 0 0 0 0 0 0 0 0 0 0 0 0 0 0 0 0 0 0 0 0 0 0 0 0 0 0 0 0 0 0 0
I1103 07:57:12.973382 47037889819712 create_pretraining_data.py:161] segment_ids: 0 0 0 0 0 0 0 0 0 0 1 1 1 1 1 1 0 0 0 0 0 0 0 0 0 0 0 0 0 0 0 0 0 0 0 0 0 0 0 0 0 0 0 0 0 0 0 0 0 0 0 0 0 0 0 0 0 0 0 0 0 0 0 0 0 0 0 0 0 0 0 0 0 0 0 0 0 0 0 0 0 0 0 0 0 0 0 0 0 0 0 0 0 0 0 0 0 0 0 0 0 0 0 0 0 0 0 0 0 0 0 0 0 0 0 0 0 0 0 0 0 0 0 0 0 0 0 0
INFO:tensorflow:masked_lm_positions: 5 6 0 0 0 0 0 0 0 0 0 0 0 0 0 0 0 0 0 0
I1103 07:57:12.973557 47037889819712 create_pretraining_data.py:161] masked_lm_positions: 5 6 0 0 0 0 0 0 0 0 0 0 0 0 0 0 0 0 0 0
INFO:tensorflow:masked_lm_ids: 11786 3200 0 0 0 0 0 0 0 0 0 0 0 0 0 0 0 0 0 0
I1103 07:57:12.973724 47037889819712 create_pretraining_data.py:161] masked_lm_ids: 11786 3200 0 0 0 0 0 0 0 0 0 0 0 0 0 0 0 0 0 0
INFO:tensorflow:masked_lm_weights: 1.0 1.0 0.0 0.0 0.0 0.0 0.0 0.0 0.0 0.0 0.0 0.0 0.0 0.0 0.0 0.0 0.0 0.0 0.0 0.0
I1103 07:57:12.973892 47037889819712 create_pretraining_data.py:161] masked_lm_weights: 1.0 1.0 0.0 0.0 0.0 0.0 0.0 0.0 0.0 0.0 0.0 0.0 0.0 0.0 0.0 0.0 0.0 0.0 0.0 0.0
INFO:tensorflow:next_sentence_labels: 1
I1103 07:57:12.974047 47037889819712 create_pretraining_data.py:161] next_sentence_labels: 1
INFO:tensorflow:*** Example ***
I1103 07:57:12.974772 47037889819712 create_pretraining_data.py:149] *** Example ***
INFO:tensorflow:tokens: [CLS] طفل [MASK] لا ط ##ل من عينك ملام [MASK] [MASK] لط ##رف فم ##ك و انف ##ثي ##ه [MASK] [MASK] [MASK] المواد ##ع و الخص ##ام بعد فتره نرجع و [MASK] عليه [SEP] كل ما حسيت ب الضيقه تب ##سم لا تبين [MASK] ملامحك التسا ##ؤل دام هذا الرزق من ربك مق ##سم ابتسم ف الصبح موعد ل التفاؤل [SEP]
I1103 07:57:12.974998 47037889819712 create_pretraining_data.py:151] tokens: [CLS] طفل [MASK] لا ط ##ل من عينك ملام [MASK] [MASK] لط ##رف فم ##ك و انف ##ثي ##ه [MASK] [MASK] [MASK] المواد ##ع و الخص ##ام بعد فتره نرجع و [MASK] عليه [SEP] كل ما حسيت ب الضيقه تب ##سم لا تبين [MASK] ملامحك التسا ##ؤل دام هذا الرزق من ربك مق ##سم ابتسم ف الصبح موعد ل التفاؤل [SEP]
INFO:tensorflow:input_ids: 2 6732 4 1963 403 1010 1908 10721 7920 4 4 4651 2020 7163 1014 415 3494 4029 1028 4 4 4 4989 1009 415 5332 1921 2089 7258 22396 415 4 2181 3 2038 1972 21471 388 28948 2500 1984 1963 8682 4 28932 22186 6270 5414 2085 10161 1908 5903 2599 1984 7339 408 8739 5711 411 12745 3 0 0 0 0 0 0 0 0 0 0 0 0 0 0 0 0 0 0 0 0 0 0 0 0 0 0 0 0 0 0 0 0 0 0 0 0 0 0 0 0 0 0 0 0 0 0 0 0 0 0 0 0 0 0 0 0 0 0 0 0 0 0 0 0 0 0 0
I1103 07:57:12.975252 47037889819712 create_pretraining_data.py:161] input_ids: 2 6732 4 1963 403 1010 1908 10721 7920 4 4 4651 2020 7163 1014 415 3494 4029 1028 4 4 4 4989 1009 415 5332 1921 2089 7258 22396 415 4 2181 3 2038 1972 21471 388 28948 2500 1984 1963 8682 4 28932 22186 6270 5414 2085 10161 1908 5903 2599 1984 7339 408 8739 5711 411 12745 3 0 0 0 0 0 0 0 0 0 0 0 0 0 0 0 0 0 0 0 0 0 0 0 0 0 0 0 0 0 0 0 0 0 0 0 0 0 0 0 0 0 0 0 0 0 0 0 0 0 0 0 0 0 0 0 0 0 0 0 0 0 0 0 0 0 0 0
INFO:tensorflow:input_mask: 1 1 1 1 1 1 1 1 1 1 1 1 1 1 1 1 1 1 1 1 1 1 1 1 1 1 1 1 1 1 1 1 1 1 1 1 1 1 1 1 1 1 1 1 1 1 1 1 1 1 1 1 1 1 1 1 1 1 1 1 1 0 0 0 0 0 0 0 0 0 0 0 0 0 0 0 0 0 0 0 0 0 0 0 0 0 0 0 0 0 0 0 0 0 0 0 0 0 0 0 0 0 0 0 0 0 0 0 0 0 0 0 0 0 0 0 0 0 0 0 0 0 0 0 0 0 0 0
I1103 07:57:12.975503 47037889819712 create_pretraining_data.py:161] input_mask: 1 1 1 1 1 1 1 1 1 1 1 1 1 1 1 1 1 1 1 1 1 1 1 1 1 1 1 1 1 1 1 1 1 1 1 1 1 1 1 1 1 1 1 1 1 1 1 1 1 1 1 1 1 1 1 1 1 1 1 1 1 0 0 0 0 0 0 0 0 0 0 0 0 0 0 0 0 0 0 0 0 0 0 0 0 0 0 0 0 0 0 0 0 0 0 0 0 0 0 0 0 0 0 0 0 0 0 0 0 0 0 0 0 0 0 0 0 0 0 0 0 0 0 0 0 0 0 0
INFO:tensorflow:segment_ids: 0 0 0 0 0 0 0 0 0 0 0 0 0 0 0 0 0 0 0 0 0 0 0 0 0 0 0 0 0 0 0 0 0 0 1 1 1 1 1 1 1 1 1 1 1 1 1 1 1 1 1 1 1 1 1 1 1 1 1 1 1 0 0 0 0 0 0 0 0 0 0 0 0 0 0 0 0 0 0 0 0 0 0 0 0 0 0 0 0 0 0 0 0 0 0 0 0 0 0 0 0 0 0 0 0 0 0 0 0 0 0 0 0 0 0 0 0 0 0 0 0 0 0 0 0 0 0 0
I1103 07:57:12.975751 47037889819712 create_pretraining_data.py:161] segment_ids: 0 0 0 0 0 0 0 0 0 0 0 0 0 0 0 0 0 0 0 0 0 0 0 0 0 0 0 0 0 0 0 0 0 0 1 1 1 1 1 1 1 1 1 1 1 1 1 1 1 1 1 1 1 1 1 1 1 1 1 1 1 0 0 0 0 0 0 0 0 0 0 0 0 0 0 0 0 0 0 0 0 0 0 0 0 0 0 0 0 0 0 0 0 0 0 0 0 0 0 0 0 0 0 0 0 0 0 0 0 0 0 0 0 0 0 0 0 0 0 0 0 0 0 0 0 0 0 0
INFO:tensorflow:masked_lm_positions: 1 2 9 10 19 20 21 31 43 0 0 0 0 0 0 0 0 0 0 0
I1103 07:57:12.975922 47037889819712 create_pretraining_data.py:161] masked_lm_positions: 1 2 9 10 19 20 21 31 43 0 0 0 0 0 0 0 0 0 0 0
INFO:tensorflow:masked_lm_ids: 6732 2005 25961 1028 1963 14014 1911 29143 1912 0 0 0 0 0 0 0 0 0 0 0
I1103 07:57:12.976087 47037889819712 create_pretraining_data.py:161] masked_lm_ids: 6732 2005 25961 1028 1963 14014 1911 29143 1912 0 0 0 0 0 0 0 0 0 0 0
INFO:tensorflow:masked_lm_weights: 1.0 1.0 1.0 1.0 1.0 1.0 1.0 1.0 1.0 0.0 0.0 0.0 0.0 0.0 0.0 0.0 0.0 0.0 0.0 0.0
I1103 07:57:12.976255 47037889819712 create_pretraining_data.py:161] masked_lm_weights: 1.0 1.0 1.0 1.0 1.0 1.0 1.0 1.0 1.0 0.0 0.0 0.0 0.0 0.0 0.0 0.0 0.0 0.0 0.0 0.0
INFO:tensorflow:next_sentence_labels: 1
I1103 07:57:12.976435 47037889819712 create_pretraining_data.py:161] next_sentence_labels: 1
INFO:tensorflow:*** Example ***
I1103 07:57:12.977033 47037889819712 create_pretraining_data.py:149] *** Example ***
INFO:tensorflow:tokens: [CLS] كيف [MASK] تصوير لقطه سريعه بالح ##ركه [MASK] [MASK] تكنولوجيا تصوير [SEP] الفرق [MASK] المتف ##ائل والمت ##شا ##ئم للرا ##حل الدكتور ابراهيم الفق ##ي يرحمه الله [SEP]
I1103 07:57:12.977197 47037889819712 create_pretraining_data.py:151] tokens: [CLS] كيف [MASK] تصوير لقطه سريعه بالح ##ركه [MASK] [MASK] تكنولوجيا تصوير [SEP] الفرق [MASK] المتف ##ائل والمت ##شا ##ئم للرا ##حل الدكتور ابراهيم الفق ##ي يرحمه الله [SEP]
INFO:tensorflow:input_ids: 2 2746 4 6280 18071 26494 3712 3628 4 4 11192 6280 3 5574 4 25771 2525 5277 3786 16451 14339 4278 3380 5120 4942 1013 12180 1953 3 0 0 0 0 0 0 0 0 0 0 0 0 0 0 0 0 0 0 0 0 0 0 0 0 0 0 0 0 0 0 0 0 0 0 0 0 0 0 0 0 0 0 0 0 0 0 0 0 0 0 0 0 0 0 0 0 0 0 0 0 0 0 0 0 0 0 0 0 0 0 0 0 0 0 0 0 0 0 0 0 0 0 0 0 0 0 0 0 0 0 0 0 0 0 0 0 0 0 0
I1103 07:57:12.977395 47037889819712 create_pretraining_data.py:161] input_ids: 2 2746 4 6280 18071 26494 3712 3628 4 4 11192 6280 3 5574 4 25771 2525 5277 3786 16451 14339 4278 3380 5120 4942 1013 12180 1953 3 0 0 0 0 0 0 0 0 0 0 0 0 0 0 0 0 0 0 0 0 0 0 0 0 0 0 0 0 0 0 0 0 0 0 0 0 0 0 0 0 0 0 0 0 0 0 0 0 0 0 0 0 0 0 0 0 0 0 0 0 0 0 0 0 0 0 0 0 0 0 0 0 0 0 0 0 0 0 0 0 0 0 0 0 0 0 0 0 0 0 0 0 0 0 0 0 0 0 0
INFO:tensorflow:input_mask: 1 1 1 1 1 1 1 1 1 1 1 1 1 1 1 1 1 1 1 1 1 1 1 1 1 1 1 1 1 0 0 0 0 0 0 0 0 0 0 0 0 0 0 0 0 0 0 0 0 0 0 0 0 0 0 0 0 0 0 0 0 0 0 0 0 0 0 0 0 0 0 0 0 0 0 0 0 0 0 0 0 0 0 0 0 0 0 0 0 0 0 0 0 0 0 0 0 0 0 0 0 0 0 0 0 0 0 0 0 0 0 0 0 0 0 0 0 0 0 0 0 0 0 0 0 0 0 0
I1103 07:57:12.977577 47037889819712 create_pretraining_data.py:161] input_mask: 1 1 1 1 1 1 1 1 1 1 1 1 1 1 1 1 1 1 1 1 1 1 1 1 1 1 1 1 1 0 0 0 0 0 0 0 0 0 0 0 0 0 0 0 0 0 0 0 0 0 0 0 0 0 0 0 0 0 0 0 0 0 0 0 0 0 0 0 0 0 0 0 0 0 0 0 0 0 0 0 0 0 0 0 0 0 0 0 0 0 0 0 0 0 0 0 0 0 0 0 0 0 0 0 0 0 0 0 0 0 0 0 0 0 0 0 0 0 0 0 0 0 0 0 0 0 0 0
INFO:tensorflow:segment_ids: 0 0 0 0 0 0 0 0 0 0 0 0 0 1 1 1 1 1 1 1 1 1 1 1 1 1 1 1 1 0 0 0 0 0 0 0 0 0 0 0 0 0 0 0 0 0 0 0 0 0 0 0 0 0 0 0 0 0 0 0 0 0 0 0 0 0 0 0 0 0 0 0 0 0 0 0 0 0 0 0 0 0 0 0 0 0 0 0 0 0 0 0 0 0 0 0 0 0 0 0 0 0 0 0 0 0 0 0 0 0 0 0 0 0 0 0 0 0 0 0 0 0 0 0 0 0 0 0
I1103 07:57:12.977766 47037889819712 create_pretraining_data.py:161] segment_ids: 0 0 0 0 0 0 0 0 0 0 0 0 0 1 1 1 1 1 1 1 1 1 1 1 1 1 1 1 1 0 0 0 0 0 0 0 0 0 0 0 0 0 0 0 0 0 0 0 0 0 0 0 0 0 0 0 0 0 0 0 0 0 0 0 0 0 0 0 0 0 0 0 0 0 0 0 0 0 0 0 0 0 0 0 0 0 0 0 0 0 0 0 0 0 0 0 0 0 0 0 0 0 0 0 0 0 0 0 0 0 0 0 0 0 0 0 0 0 0 0 0 0 0 0 0 0 0 0
INFO:tensorflow:masked_lm_positions: 2 8 9 14 0 0 0 0 0 0 0 0 0 0 0 0 0 0 0 0
I1103 07:57:12.977903 47037889819712 create_pretraining_data.py:161] masked_lm_positions: 2 8 9 14 0 0 0 0 0 0 0 0 0 0 0 0 0 0 0 0
INFO:tensorflow:masked_lm_ids: 4521 25655 3269 2117 0 0 0 0 0 0 0 0 0 0 0 0 0 0 0 0
I1103 07:57:12.978034 47037889819712 create_pretraining_data.py:161] masked_lm_ids: 4521 25655 3269 2117 0 0 0 0 0 0 0 0 0 0 0 0 0 0 0 0
INFO:tensorflow:masked_lm_weights: 1.0 1.0 1.0 1.0 0.0 0.0 0.0 0.0 0.0 0.0 0.0 0.0 0.0 0.0 0.0 0.0 0.0 0.0 0.0 0.0
I1103 07:57:12.978166 47037889819712 create_pretraining_data.py:161] masked_lm_weights: 1.0 1.0 1.0 1.0 0.0 0.0 0.0 0.0 0.0 0.0 0.0 0.0 0.0 0.0 0.0 0.0 0.0 0.0 0.0 0.0
INFO:tensorflow:next_sentence_labels: 1
I1103 07:57:12.978288 47037889819712 create_pretraining_data.py:161] next_sentence_labels: 1
INFO:tensorflow:*** Example ***
I1103 07:57:12.978865 47037889819712 create_pretraining_data.py:149] *** Example ***
INFO:tensorflow:tokens: [CLS] ربنا يشفي ##ك [MASK] [MASK] [MASK] من الخ ##بل ##ان اللي انت فيه [SEP] معلومه يعتبر شهر [MASK] ابر ##د شهور العام ومت ##وسط ##ه درجات الحراره كرامة د [MASK] اقل درجه حرا ##ره تم رصد ##ها فيه هي عام في 00966 [SEP]
I1103 07:57:12.979034 47037889819712 create_pretraining_data.py:151] tokens: [CLS] ربنا يشفي ##ك [MASK] [MASK] [MASK] من الخ ##بل ##ان اللي انت فيه [SEP] معلومه يعتبر شهر [MASK] ابر ##د شهور العام ومت ##وسط ##ه درجات الحراره كرامة د [MASK] اقل درجه حرا ##ره تم رصد ##ها فيه هي عام في 00966 [SEP]
INFO:tensorflow:input_ids: 2 4477 27298 1014 4 4 4 1908 1995 2108 1906 2115 2164 2366 3 13008 5305 3282 4 17068 1016 10065 2169 4730 3030 1028 8535 22648 28540 395 4 6797 8090 17035 2197 2172 10323 1913 2366 2247 2268 1912 21226 3 0 0 0 0 0 0 0 0 0 0 0 0 0 0 0 0 0 0 0 0 0 0 0 0 0 0 0 0 0 0 0 0 0 0 0 0 0 0 0 0 0 0 0 0 0 0 0 0 0 0 0 0 0 0 0 0 0 0 0 0 0 0 0 0 0 0 0 0 0 0 0 0 0 0 0 0 0 0 0 0 0 0 0 0
I1103 07:57:12.979230 47037889819712 create_pretraining_data.py:161] input_ids: 2 4477 27298 1014 4 4 4 1908 1995 2108 1906 2115 2164 2366 3 13008 5305 3282 4 17068 1016 10065 2169 4730 3030 1028 8535 22648 28540 395 4 6797 8090 17035 2197 2172 10323 1913 2366 2247 2268 1912 21226 3 0 0 0 0 0 0 0 0 0 0 0 0 0 0 0 0 0 0 0 0 0 0 0 0 0 0 0 0 0 0 0 0 0 0 0 0 0 0 0 0 0 0 0 0 0 0 0 0 0 0 0 0 0 0 0 0 0 0 0 0 0 0 0 0 0 0 0 0 0 0 0 0 0 0 0 0 0 0 0 0 0 0 0 0
INFO:tensorflow:input_mask: 1 1 1 1 1 1 1 1 1 1 1 1 1 1 1 1 1 1 1 1 1 1 1 1 1 1 1 1 1 1 1 1 1 1 1 1 1 1 1 1 1 1 1 1 0 0 0 0 0 0 0 0 0 0 0 0 0 0 0 0 0 0 0 0 0 0 0 0 0 0 0 0 0 0 0 0 0 0 0 0 0 0 0 0 0 0 0 0 0 0 0 0 0 0 0 0 0 0 0 0 0 0 0 0 0 0 0 0 0 0 0 0 0 0 0 0 0 0 0 0 0 0 0 0 0 0 0 0
I1103 07:57:12.979421 47037889819712 create_pretraining_data.py:161] input_mask: 1 1 1 1 1 1 1 1 1 1 1 1 1 1 1 1 1 1 1 1 1 1 1 1 1 1 1 1 1 1 1 1 1 1 1 1 1 1 1 1 1 1 1 1 0 0 0 0 0 0 0 0 0 0 0 0 0 0 0 0 0 0 0 0 0 0 0 0 0 0 0 0 0 0 0 0 0 0 0 0 0 0 0 0 0 0 0 0 0 0 0 0 0 0 0 0 0 0 0 0 0 0 0 0 0 0 0 0 0 0 0 0 0 0 0 0 0 0 0 0 0 0 0 0 0 0 0 0
INFO:tensorflow:segment_ids: 0 0 0 0 0 0 0 0 0 0 0 0 0 0 0 1 1 1 1 1 1 1 1 1 1 1 1 1 1 1 1 1 1 1 1 1 1 1 1 1 1 1 1 1 0 0 0 0 0 0 0 0 0 0 0 0 0 0 0 0 0 0 0 0 0 0 0 0 0 0 0 0 0 0 0 0 0 0 0 0 0 0 0 0 0 0 0 0 0 0 0 0 0 0 0 0 0 0 0 0 0 0 0 0 0 0 0 0 0 0 0 0 0 0 0 0 0 0 0 0 0 0 0 0 0 0 0 0
I1103 07:57:12.979599 47037889819712 create_pretraining_data.py:161] segment_ids: 0 0 0 0 0 0 0 0 0 0 0 0 0 0 0 1 1 1 1 1 1 1 1 1 1 1 1 1 1 1 1 1 1 1 1 1 1 1 1 1 1 1 1 1 0 0 0 0 0 0 0 0 0 0 0 0 0 0 0 0 0 0 0 0 0 0 0 0 0 0 0 0 0 0 0 0 0 0 0 0 0 0 0 0 0 0 0 0 0 0 0 0 0 0 0 0 0 0 0 0 0 0 0 0 0 0 0 0 0 0 0 0 0 0 0 0 0 0 0 0 0 0 0 0 0 0 0 0
INFO:tensorflow:masked_lm_positions: 4 5 6 18 28 30 42 0 0 0 0 0 0 0 0 0 0 0 0 0
I1103 07:57:12.979751 47037889819712 create_pretraining_data.py:161] masked_lm_positions: 4 5 6 18 28 30 42 0 0 0 0 0 0 0 0 0 0 0 0 0
INFO:tensorflow:masked_lm_ids: 4594 3561 1014 4437 2366 412 28575 0 0 0 0 0 0 0 0 0 0 0 0 0
I1103 07:57:12.979882 47037889819712 create_pretraining_data.py:161] masked_lm_ids: 4594 3561 1014 4437 2366 412 28575 0 0 0 0 0 0 0 0 0 0 0 0 0
INFO:tensorflow:masked_lm_weights: 1.0 1.0 1.0 1.0 1.0 1.0 1.0 0.0 0.0 0.0 0.0 0.0 0.0 0.0 0.0 0.0 0.0 0.0 0.0 0.0
I1103 07:57:12.980015 47037889819712 create_pretraining_data.py:161] masked_lm_weights: 1.0 1.0 1.0 1.0 1.0 1.0 1.0 0.0 0.0 0.0 0.0 0.0 0.0 0.0 0.0 0.0 0.0 0.0 0.0 0.0
INFO:tensorflow:next_sentence_labels: 1
I1103 07:57:12.980137 47037889819712 create_pretraining_data.py:161] next_sentence_labels: 1
INFO:tensorflow:*** Example ***
I1103 07:57:12.980688 47037889819712 create_pretraining_data.py:149] *** Example ***
INFO:tensorflow:tokens: [CLS] [MASK] [MASK] [MASK] بيني [MASK] الياس والق ##نو ##ط كما باع ##دت بين [MASK] والمغرب وافتح علي فت ##وح العارف ##ين بحكم ##تك انت خير الوا ##هب ##ين [SEP] لا احد [MASK] ترشي ##د الانفاق الحكومي ولكن يجب الا يدفع ثمن ##ه المواطن الكا ##دح كما ##حدث سابقا هذه المره يجب ان يدفع ##ه مواطن [MASK] كاد ##ح [SEP]
I1103 07:57:12.980865 47037889819712 create_pretraining_data.py:151] tokens: [CLS] [MASK] [MASK] [MASK] بيني [MASK] الياس والق ##نو ##ط كما باع ##دت بين [MASK] والمغرب وافتح علي فت ##وح العارف ##ين بحكم ##تك انت خير الوا ##هب ##ين [SEP] لا احد [MASK] ترشي ##د الانفاق الحكومي ولكن يجب الا يدفع ثمن ##ه المواطن الكا ##دح كما ##حدث سابقا هذه المره يجب ان يدفع ##ه مواطن [MASK] كاد ##ح [SEP]
INFO:tensorflow:input_ids: 2 4 4 4 8799 4 7604 3309 11993 1040 2306 6666 4300 2117 4 16672 19972 1958 2572 2517 28914 1911 13172 2348 2164 2631 2684 3201 1911 3 1963 2439 4 28671 1016 26878 10619 2637 3163 1915 8981 8741 1028 3999 16072 13347 2306 2577 7825 2159 15573 3163 1939 8981 1028 6375 4 18679 1032 3 0 0 0 0 0 0 0 0 0 0 0 0 0 0 0 0 0 0 0 0 0 0 0 0 0 0 0 0 0 0 0 0 0 0 0 0 0 0 0 0 0 0 0 0 0 0 0 0 0 0 0 0 0 0 0 0 0 0 0 0 0 0 0 0 0 0 0 0
I1103 07:57:12.981064 47037889819712 create_pretraining_data.py:161] input_ids: 2 4 4 4 8799 4 7604 3309 11993 1040 2306 6666 4300 2117 4 16672 19972 1958 2572 2517 28914 1911 13172 2348 2164 2631 2684 3201 1911 3 1963 2439 4 28671 1016 26878 10619 2637 3163 1915 8981 8741 1028 3999 16072 13347 2306 2577 7825 2159 15573 3163 1939 8981 1028 6375 4 18679 1032 3 0 0 0 0 0 0 0 0 0 0 0 0 0 0 0 0 0 0 0 0 0 0 0 0 0 0 0 0 0 0 0 0 0 0 0 0 0 0 0 0 0 0 0 0 0 0 0 0 0 0 0 0 0 0 0 0 0 0 0 0 0 0 0 0 0 0 0 0
INFO:tensorflow:input_mask: 1 1 1 1 1 1 1 1 1 1 1 1 1 1 1 1 1 1 1 1 1 1 1 1 1 1 1 1 1 1 1 1 1 1 1 1 1 1 1 1 1 1 1 1 1 1 1 1 1 1 1 1 1 1 1 1 1 1 1 1 0 0 0 0 0 0 0 0 0 0 0 0 0 0 0 0 0 0 0 0 0 0 0 0 0 0 0 0 0 0 0 0 0 0 0 0 0 0 0 0 0 0 0 0 0 0 0 0 0 0 0 0 0 0 0 0 0 0 0 0 0 0 0 0 0 0 0 0
I1103 07:57:12.981249 47037889819712 create_pretraining_data.py:161] input_mask: 1 1 1 1 1 1 1 1 1 1 1 1 1 1 1 1 1 1 1 1 1 1 1 1 1 1 1 1 1 1 1 1 1 1 1 1 1 1 1 1 1 1 1 1 1 1 1 1 1 1 1 1 1 1 1 1 1 1 1 1 0 0 0 0 0 0 0 0 0 0 0 0 0 0 0 0 0 0 0 0 0 0 0 0 0 0 0 0 0 0 0 0 0 0 0 0 0 0 0 0 0 0 0 0 0 0 0 0 0 0 0 0 0 0 0 0 0 0 0 0 0 0 0 0 0 0 0 0
INFO:tensorflow:segment_ids: 0 0 0 0 0 0 0 0 0 0 0 0 0 0 0 0 0 0 0 0 0 0 0 0 0 0 0 0 0 0 1 1 1 1 1 1 1 1 1 1 1 1 1 1 1 1 1 1 1 1 1 1 1 1 1 1 1 1 1 1 0 0 0 0 0 0 0 0 0 0 0 0 0 0 0 0 0 0 0 0 0 0 0 0 0 0 0 0 0 0 0 0 0 0 0 0 0 0 0 0 0 0 0 0 0 0 0 0 0 0 0 0 0 0 0 0 0 0 0 0 0 0 0 0 0 0 0 0
I1103 07:57:12.981433 47037889819712 create_pretraining_data.py:161] segment_ids: 0 0 0 0 0 0 0 0 0 0 0 0 0 0 0 0 0 0 0 0 0 0 0 0 0 0 0 0 0 0 1 1 1 1 1 1 1 1 1 1 1 1 1 1 1 1 1 1 1 1 1 1 1 1 1 1 1 1 1 1 0 0 0 0 0 0 0 0 0 0 0 0 0 0 0 0 0 0 0 0 0 0 0 0 0 0 0 0 0 0 0 0 0 0 0 0 0 0 0 0 0 0 0 0 0 0 0 0 0 0 0 0 0 0 0 0 0 0 0 0 0 0 0 0 0 0 0 0
INFO:tensorflow:masked_lm_positions: 1 2 3 5 14 15 16 32 56 0 0 0 0 0 0 0 0 0 0 0
I1103 07:57:12.981586 47037889819712 create_pretraining_data.py:161] masked_lm_positions: 1 2 3 5 14 15 16 32 56 0 0 0 0 0 0 0 0 0 0 0
INFO:tensorflow:masked_lm_ids: 2168 6666 1016 3944 16365 16672 19972 3051 2224 0 0 0 0 0 0 0 0 0 0 0
I1103 07:57:12.981718 47037889819712 create_pretraining_data.py:161] masked_lm_ids: 2168 6666 1016 3944 16365 16672 19972 3051 2224 0 0 0 0 0 0 0 0 0 0 0
INFO:tensorflow:masked_lm_weights: 1.0 1.0 1.0 1.0 1.0 1.0 1.0 1.0 1.0 0.0 0.0 0.0 0.0 0.0 0.0 0.0 0.0 0.0 0.0 0.0
I1103 07:57:12.981849 47037889819712 create_pretraining_data.py:161] masked_lm_weights: 1.0 1.0 1.0 1.0 1.0 1.0 1.0 1.0 1.0 0.0 0.0 0.0 0.0 0.0 0.0 0.0 0.0 0.0 0.0 0.0
INFO:tensorflow:next_sentence_labels: 1
I1103 07:57:12.981971 47037889819712 create_pretraining_data.py:161] next_sentence_labels: 1
INFO:tensorflow:*** Example ***
I1103 07:57:12.982506 47037889819712 create_pretraining_data.py:149] *** Example ***
INFO:tensorflow:tokens: [CLS] [MASK] حزنك هناك صلاه عن ضيق ##تك الفج ##ائيه هناك قران عن [MASK] [MASK] المستقبل ##يه هناك دعاء عن النعيم الابد ##ي [MASK] جنه [SEP] لحظه رفع العلم الذاكره في الرمادي الضابط يب ##جي سر عجيب يحمل ##ه هذا العلم المقدس [SEP]
I1103 07:57:12.982676 47037889819712 create_pretraining_data.py:151] tokens: [CLS] [MASK] حزنك هناك صلاه عن ضيق ##تك الفج ##ائيه هناك قران عن [MASK] [MASK] المستقبل ##يه هناك دعاء عن النعيم الابد ##ي [MASK] جنه [SEP] لحظه رفع العلم الذاكره في الرمادي الضابط يب ##جي سر عجيب يحمل ##ه هذا العلم المقدس [SEP]
INFO:tensorflow:input_ids: 2 4 16356 2671 5094 1955 7913 2348 13488 6474 2671 11259 1955 4 4 5644 1988 2671 5394 1955 12426 19238 1013 4 8032 3 6165 4391 2789 17031 1912 9692 25926 2888 2643 3672 18700 6372 1028 2085 2789 10380 3 0 0 0 0 0 0 0 0 0 0 0 0 0 0 0 0 0 0 0 0 0 0 0 0 0 0 0 0 0 0 0 0 0 0 0 0 0 0 0 0 0 0 0 0 0 0 0 0 0 0 0 0 0 0 0 0 0 0 0 0 0 0 0 0 0 0 0 0 0 0 0 0 0 0 0 0 0 0 0 0 0 0 0 0 0
I1103 07:57:12.982871 47037889819712 create_pretraining_data.py:161] input_ids: 2 4 16356 2671 5094 1955 7913 2348 13488 6474 2671 11259 1955 4 4 5644 1988 2671 5394 1955 12426 19238 1013 4 8032 3 6165 4391 2789 17031 1912 9692 25926 2888 2643 3672 18700 6372 1028 2085 2789 10380 3 0 0 0 0 0 0 0 0 0 0 0 0 0 0 0 0 0 0 0 0 0 0 0 0 0 0 0 0 0 0 0 0 0 0 0 0 0 0 0 0 0 0 0 0 0 0 0 0 0 0 0 0 0 0 0 0 0 0 0 0 0 0 0 0 0 0 0 0 0 0 0 0 0 0 0 0 0 0 0 0 0 0 0 0 0
INFO:tensorflow:input_mask: 1 1 1 1 1 1 1 1 1 1 1 1 1 1 1 1 1 1 1 1 1 1 1 1 1 1 1 1 1 1 1 1 1 1 1 1 1 1 1 1 1 1 1 0 0 0 0 0 0 0 0 0 0 0 0 0 0 0 0 0 0 0 0 0 0 0 0 0 0 0 0 0 0 0 0 0 0 0 0 0 0 0 0 0 0 0 0 0 0 0 0 0 0 0 0 0 0 0 0 0 0 0 0 0 0 0 0 0 0 0 0 0 0 0 0 0 0 0 0 0 0 0 0 0 0 0 0 0
I1103 07:57:12.983052 47037889819712 create_pretraining_data.py:161] input_mask: 1 1 1 1 1 1 1 1 1 1 1 1 1 1 1 1 1 1 1 1 1 1 1 1 1 1 1 1 1 1 1 1 1 1 1 1 1 1 1 1 1 1 1 0 0 0 0 0 0 0 0 0 0 0 0 0 0 0 0 0 0 0 0 0 0 0 0 0 0 0 0 0 0 0 0 0 0 0 0 0 0 0 0 0 0 0 0 0 0 0 0 0 0 0 0 0 0 0 0 0 0 0 0 0 0 0 0 0 0 0 0 0 0 0 0 0 0 0 0 0 0 0 0 0 0 0 0 0
INFO:tensorflow:segment_ids: 0 0 0 0 0 0 0 0 0 0 0 0 0 0 0 0 0 0 0 0 0 0 0 0 0 0 1 1 1 1 1 1 1 1 1 1 1 1 1 1 1 1 1 0 0 0 0 0 0 0 0 0 0 0 0 0 0 0 0 0 0 0 0 0 0 0 0 0 0 0 0 0 0 0 0 0 0 0 0 0 0 0 0 0 0 0 0 0 0 0 0 0 0 0 0 0 0 0 0 0 0 0 0 0 0 0 0 0 0 0 0 0 0 0 0 0 0 0 0 0 0 0 0 0 0 0 0 0
I1103 07:57:12.983228 47037889819712 create_pretraining_data.py:161] segment_ids: 0 0 0 0 0 0 0 0 0 0 0 0 0 0 0 0 0 0 0 0 0 0 0 0 0 0 1 1 1 1 1 1 1 1 1 1 1 1 1 1 1 1 1 0 0 0 0 0 0 0 0 0 0 0 0 0 0 0 0 0 0 0 0 0 0 0 0 0 0 0 0 0 0 0 0 0 0 0 0 0 0 0 0 0 0 0 0 0 0 0 0 0 0 0 0 0 0 0 0 0 0 0 0 0 0 0 0 0 0 0 0 0 0 0 0 0 0 0 0 0 0 0 0 0 0 0 0 0
INFO:tensorflow:masked_lm_positions: 1 13 14 23 24 29 0 0 0 0 0 0 0 0 0 0 0 0 0 0
I1103 07:57:12.983386 47037889819712 create_pretraining_data.py:161] masked_lm_positions: 1 13 14 23 24 29 0 0 0 0 0 0 0 0 0 0 0 0 0 0
INFO:tensorflow:masked_lm_ids: 1955 21525 1014 2671 8032 4848 0 0 0 0 0 0 0 0 0 0 0 0 0 0
I1103 07:57:12.983517 47037889819712 create_pretraining_data.py:161] masked_lm_ids: 1955 21525 1014 2671 8032 4848 0 0 0 0 0 0 0 0 0 0 0 0 0 0
INFO:tensorflow:masked_lm_weights: 1.0 1.0 1.0 1.0 1.0 1.0 0.0 0.0 0.0 0.0 0.0 0.0 0.0 0.0 0.0 0.0 0.0 0.0 0.0 0.0
I1103 07:57:12.983649 47037889819712 create_pretraining_data.py:161] masked_lm_weights: 1.0 1.0 1.0 1.0 1.0 1.0 0.0 0.0 0.0 0.0 0.0 0.0 0.0 0.0 0.0 0.0 0.0 0.0 0.0 0.0
INFO:tensorflow:next_sentence_labels: 1
I1103 07:57:12.983772 47037889819712 create_pretraining_data.py:161] next_sentence_labels: 1
INFO:tensorflow:*** Example ***
I1103 07:57:12.984285 47037889819712 create_pretraining_data.py:149] *** Example ***
INFO:tensorflow:tokens: [CLS] الحمدلله علي كل Hotels [SEP] مين مبادل [SEP]
I1103 07:57:12.984444 47037889819712 create_pretraining_data.py:151] tokens: [CLS] الحمدلله علي كل Hotels [SEP] مين مبادل [SEP]
INFO:tensorflow:input_ids: 2 4062 1958 2038 19849 3 4842 24077 3 0 0 0 0 0 0 0 0 0 0 0 0 0 0 0 0 0 0 0 0 0 0 0 0 0 0 0 0 0 0 0 0 0 0 0 0 0 0 0 0 0 0 0 0 0 0 0 0 0 0 0 0 0 0 0 0 0 0 0 0 0 0 0 0 0 0 0 0 0 0 0 0 0 0 0 0 0 0 0 0 0 0 0 0 0 0 0 0 0 0 0 0 0 0 0 0 0 0 0 0 0 0 0 0 0 0 0 0 0 0 0 0 0 0 0 0 0 0 0
I1103 07:57:12.984629 47037889819712 create_pretraining_data.py:161] input_ids: 2 4062 1958 2038 19849 3 4842 24077 3 0 0 0 0 0 0 0 0 0 0 0 0 0 0 0 0 0 0 0 0 0 0 0 0 0 0 0 0 0 0 0 0 0 0 0 0 0 0 0 0 0 0 0 0 0 0 0 0 0 0 0 0 0 0 0 0 0 0 0 0 0 0 0 0 0 0 0 0 0 0 0 0 0 0 0 0 0 0 0 0 0 0 0 0 0 0 0 0 0 0 0 0 0 0 0 0 0 0 0 0 0 0 0 0 0 0 0 0 0 0 0 0 0 0 0 0 0 0 0
INFO:tensorflow:input_mask: 1 1 1 1 1 1 1 1 1 0 0 0 0 0 0 0 0 0 0 0 0 0 0 0 0 0 0 0 0 0 0 0 0 0 0 0 0 0 0 0 0 0 0 0 0 0 0 0 0 0 0 0 0 0 0 0 0 0 0 0 0 0 0 0 0 0 0 0 0 0 0 0 0 0 0 0 0 0 0 0 0 0 0 0 0 0 0 0 0 0 0 0 0 0 0 0 0 0 0 0 0 0 0 0 0 0 0 0 0 0 0 0 0 0 0 0 0 0 0 0 0 0 0 0 0 0 0 0
I1103 07:57:12.984811 47037889819712 create_pretraining_data.py:161] input_mask: 1 1 1 1 1 1 1 1 1 0 0 0 0 0 0 0 0 0 0 0 0 0 0 0 0 0 0 0 0 0 0 0 0 0 0 0 0 0 0 0 0 0 0 0 0 0 0 0 0 0 0 0 0 0 0 0 0 0 0 0 0 0 0 0 0 0 0 0 0 0 0 0 0 0 0 0 0 0 0 0 0 0 0 0 0 0 0 0 0 0 0 0 0 0 0 0 0 0 0 0 0 0 0 0 0 0 0 0 0 0 0 0 0 0 0 0 0 0 0 0 0 0 0 0 0 0 0 0
INFO:tensorflow:segment_ids: 0 0 0 0 0 0 1 1 1 0 0 0 0 0 0 0 0 0 0 0 0 0 0 0 0 0 0 0 0 0 0 0 0 0 0 0 0 0 0 0 0 0 0 0 0 0 0 0 0 0 0 0 0 0 0 0 0 0 0 0 0 0 0 0 0 0 0 0 0 0 0 0 0 0 0 0 0 0 0 0 0 0 0 0 0 0 0 0 0 0 0 0 0 0 0 0 0 0 0 0 0 0 0 0 0 0 0 0 0 0 0 0 0 0 0 0 0 0 0 0 0 0 0 0 0 0 0 0
I1103 07:57:12.984986 47037889819712 create_pretraining_data.py:161] segment_ids: 0 0 0 0 0 0 1 1 1 0 0 0 0 0 0 0 0 0 0 0 0 0 0 0 0 0 0 0 0 0 0 0 0 0 0 0 0 0 0 0 0 0 0 0 0 0 0 0 0 0 0 0 0 0 0 0 0 0 0 0 0 0 0 0 0 0 0 0 0 0 0 0 0 0 0 0 0 0 0 0 0 0 0 0 0 0 0 0 0 0 0 0 0 0 0 0 0 0 0 0 0 0 0 0 0 0 0 0 0 0 0 0 0 0 0 0 0 0 0 0 0 0 0 0 0 0 0 0
INFO:tensorflow:masked_lm_positions: 4 0 0 0 0 0 0 0 0 0 0 0 0 0 0 0 0 0 0 0
I1103 07:57:12.985120 47037889819712 create_pretraining_data.py:161] masked_lm_positions: 4 0 0 0 0 0 0 0 0 0 0 0 0 0 0 0 0 0 0 0
INFO:tensorflow:masked_lm_ids: 2767 0 0 0 0 0 0 0 0 0 0 0 0 0 0 0 0 0 0 0
I1103 07:57:12.985249 47037889819712 create_pretraining_data.py:161] masked_lm_ids: 2767 0 0 0 0 0 0 0 0 0 0 0 0 0 0 0 0 0 0 0
INFO:tensorflow:masked_lm_weights: 1.0 0.0 0.0 0.0 0.0 0.0 0.0 0.0 0.0 0.0 0.0 0.0 0.0 0.0 0.0 0.0 0.0 0.0 0.0 0.0
I1103 07:57:12.985393 47037889819712 create_pretraining_data.py:161] masked_lm_weights: 1.0 0.0 0.0 0.0 0.0 0.0 0.0 0.0 0.0 0.0 0.0 0.0 0.0 0.0 0.0 0.0 0.0 0.0 0.0 0.0
INFO:tensorflow:next_sentence_labels: 1
I1103 07:57:12.985531 47037889819712 create_pretraining_data.py:161] next_sentence_labels: 1
INFO:tensorflow:*** Example ***
I1103 07:57:12.986057 47037889819712 create_pretraining_data.py:149] *** Example ***
INFO:tensorflow:tokens: [CLS] لا ا ##ل ه [MASK] [MASK] ه محمد رسول [MASK] ه [SEP] قال رسول الله من قال سبحان الله وبحمده في يوم مائه مره حطت خطاياه وان كانت [MASK] زبد البحر متفق [MASK] [SEP]
I1103 07:57:12.986221 47037889819712 create_pretraining_data.py:151] tokens: [CLS] لا ا ##ل ه [MASK] [MASK] ه محمد رسول [MASK] ه [SEP] قال رسول الله من قال سبحان الله وبحمده في يوم مائه مره حطت خطاياه وان كانت [MASK] زبد البحر متفق [MASK] [SEP]
INFO:tensorflow:input_ids: 2 1963 387 1010 414 4 4 414 2202 3016 4 414 3 2136 3016 1953 1908 2136 2575 1953 4276 1912 2232 15523 3502 18948 21069 2178 2431 4 14529 3106 10490 4 3 0 0 0 0 0 0 0 0 0 0 0 0 0 0 0 0 0 0 0 0 0 0 0 0 0 0 0 0 0 0 0 0 0 0 0 0 0 0 0 0 0 0 0 0 0 0 0 0 0 0 0 0 0 0 0 0 0 0 0 0 0 0 0 0 0 0 0 0 0 0 0 0 0 0 0 0 0 0 0 0 0 0 0 0 0 0 0 0 0 0 0 0 0
I1103 07:57:12.986432 47037889819712 create_pretraining_data.py:161] input_ids: 2 1963 387 1010 414 4 4 414 2202 3016 4 414 3 2136 3016 1953 1908 2136 2575 1953 4276 1912 2232 15523 3502 18948 21069 2178 2431 4 14529 3106 10490 4 3 0 0 0 0 0 0 0 0 0 0 0 0 0 0 0 0 0 0 0 0 0 0 0 0 0 0 0 0 0 0 0 0 0 0 0 0 0 0 0 0 0 0 0 0 0 0 0 0 0 0 0 0 0 0 0 0 0 0 0 0 0 0 0 0 0 0 0 0 0 0 0 0 0 0 0 0 0 0 0 0 0 0 0 0 0 0 0 0 0 0 0 0 0
INFO:tensorflow:input_mask: 1 1 1 1 1 1 1 1 1 1 1 1 1 1 1 1 1 1 1 1 1 1 1 1 1 1 1 1 1 1 1 1 1 1 1 0 0 0 0 0 0 0 0 0 0 0 0 0 0 0 0 0 0 0 0 0 0 0 0 0 0 0 0 0 0 0 0 0 0 0 0 0 0 0 0 0 0 0 0 0 0 0 0 0 0 0 0 0 0 0 0 0 0 0 0 0 0 0 0 0 0 0 0 0 0 0 0 0 0 0 0 0 0 0 0 0 0 0 0 0 0 0 0 0 0 0 0 0
I1103 07:57:12.986613 47037889819712 create_pretraining_data.py:161] input_mask: 1 1 1 1 1 1 1 1 1 1 1 1 1 1 1 1 1 1 1 1 1 1 1 1 1 1 1 1 1 1 1 1 1 1 1 0 0 0 0 0 0 0 0 0 0 0 0 0 0 0 0 0 0 0 0 0 0 0 0 0 0 0 0 0 0 0 0 0 0 0 0 0 0 0 0 0 0 0 0 0 0 0 0 0 0 0 0 0 0 0 0 0 0 0 0 0 0 0 0 0 0 0 0 0 0 0 0 0 0 0 0 0 0 0 0 0 0 0 0 0 0 0 0 0 0 0 0 0
INFO:tensorflow:segment_ids: 0 0 0 0 0 0 0 0 0 0 0 0 0 1 1 1 1 1 1 1 1 1 1 1 1 1 1 1 1 1 1 1 1 1 1 0 0 0 0 0 0 0 0 0 0 0 0 0 0 0 0 0 0 0 0 0 0 0 0 0 0 0 0 0 0 0 0 0 0 0 0 0 0 0 0 0 0 0 0 0 0 0 0 0 0 0 0 0 0 0 0 0 0 0 0 0 0 0 0 0 0 0 0 0 0 0 0 0 0 0 0 0 0 0 0 0 0 0 0 0 0 0 0 0 0 0 0 0
I1103 07:57:12.986770 47037889819712 create_pretraining_data.py:161] segment_ids: 0 0 0 0 0 0 0 0 0 0 0 0 0 1 1 1 1 1 1 1 1 1 1 1 1 1 1 1 1 1 1 1 1 1 1 0 0 0 0 0 0 0 0 0 0 0 0 0 0 0 0 0 0 0 0 0 0 0 0 0 0 0 0 0 0 0 0 0 0 0 0 0 0 0 0 0 0 0 0 0 0 0 0 0 0 0 0 0 0 0 0 0 0 0 0 0 0 0 0 0 0 0 0 0 0 0 0 0 0 0 0 0 0 0 0 0 0 0 0 0 0 0 0 0 0 0 0 0
INFO:tensorflow:masked_lm_positions: 5 6 10 29 33 0 0 0 0 0 0 0 0 0 0 0 0 0 0 0
I1103 07:57:12.986891 47037889819712 create_pretraining_data.py:161] masked_lm_positions: 5 6 10 29 33 0 0 0 0 0 0 0 0 0 0 0 0 0 0 0
INFO:tensorflow:masked_lm_ids: 1915 5996 5996 2546 2181 0 0 0 0 0 0 0 0 0 0 0 0 0 0 0
I1103 07:57:12.987006 47037889819712 create_pretraining_data.py:161] masked_lm_ids: 1915 5996 5996 2546 2181 0 0 0 0 0 0 0 0 0 0 0 0 0 0 0
INFO:tensorflow:masked_lm_weights: 1.0 1.0 1.0 1.0 1.0 0.0 0.0 0.0 0.0 0.0 0.0 0.0 0.0 0.0 0.0 0.0 0.0 0.0 0.0 0.0
I1103 07:57:12.987123 47037889819712 create_pretraining_data.py:161] masked_lm_weights: 1.0 1.0 1.0 1.0 1.0 0.0 0.0 0.0 0.0 0.0 0.0 0.0 0.0 0.0 0.0 0.0 0.0 0.0 0.0 0.0
INFO:tensorflow:next_sentence_labels: 1
I1103 07:57:12.987231 47037889819712 create_pretraining_data.py:161] next_sentence_labels: 1
INFO:tensorflow:*** Example ***
I1103 07:57:12.987695 47037889819712 create_pretraining_data.py:149] *** Example ***
INFO:tensorflow:tokens: [CLS] هو راضي يوجع لي قلبي اع ##اتب ##ه يمه [SEP] شمر [SEP]
I1103 07:57:12.987834 47037889819712 create_pretraining_data.py:151] tokens: [CLS] هو راضي يوجع لي قلبي اع ##اتب ##ه يمه [SEP] شمر [SEP]
INFO:tensorflow:input_ids: 2 2139 13057 21391 2134 3018 2280 2905 1028 15997 3 16223 3 0 0 0 0 0 0 0 0 0 0 0 0 0 0 0 0 0 0 0 0 0 0 0 0 0 0 0 0 0 0 0 0 0 0 0 0 0 0 0 0 0 0 0 0 0 0 0 0 0 0 0 0 0 0 0 0 0 0 0 0 0 0 0 0 0 0 0 0 0 0 0 0 0 0 0 0 0 0 0 0 0 0 0 0 0 0 0 0 0 0 0 0 0 0 0 0 0 0 0 0 0 0 0 0 0 0 0 0 0 0 0 0 0 0 0
I1103 07:57:12.988016 47037889819712 create_pretraining_data.py:161] input_ids: 2 2139 13057 21391 2134 3018 2280 2905 1028 15997 3 16223 3 0 0 0 0 0 0 0 0 0 0 0 0 0 0 0 0 0 0 0 0 0 0 0 0 0 0 0 0 0 0 0 0 0 0 0 0 0 0 0 0 0 0 0 0 0 0 0 0 0 0 0 0 0 0 0 0 0 0 0 0 0 0 0 0 0 0 0 0 0 0 0 0 0 0 0 0 0 0 0 0 0 0 0 0 0 0 0 0 0 0 0 0 0 0 0 0 0 0 0 0 0 0 0 0 0 0 0 0 0 0 0 0 0 0 0
INFO:tensorflow:input_mask: 1 1 1 1 1 1 1 1 1 1 1 1 1 0 0 0 0 0 0 0 0 0 0 0 0 0 0 0 0 0 0 0 0 0 0 0 0 0 0 0 0 0 0 0 0 0 0 0 0 0 0 0 0 0 0 0 0 0 0 0 0 0 0 0 0 0 0 0 0 0 0 0 0 0 0 0 0 0 0 0 0 0 0 0 0 0 0 0 0 0 0 0 0 0 0 0 0 0 0 0 0 0 0 0 0 0 0 0 0 0 0 0 0 0 0 0 0 0 0 0 0 0 0 0 0 0 0 0
I1103 07:57:12.988178 47037889819712 create_pretraining_data.py:161] input_mask: 1 1 1 1 1 1 1 1 1 1 1 1 1 0 0 0 0 0 0 0 0 0 0 0 0 0 0 0 0 0 0 0 0 0 0 0 0 0 0 0 0 0 0 0 0 0 0 0 0 0 0 0 0 0 0 0 0 0 0 0 0 0 0 0 0 0 0 0 0 0 0 0 0 0 0 0 0 0 0 0 0 0 0 0 0 0 0 0 0 0 0 0 0 0 0 0 0 0 0 0 0 0 0 0 0 0 0 0 0 0 0 0 0 0 0 0 0 0 0 0 0 0 0 0 0 0 0 0
INFO:tensorflow:segment_ids: 0 0 0 0 0 0 0 0 0 0 0 1 1 0 0 0 0 0 0 0 0 0 0 0 0 0 0 0 0 0 0 0 0 0 0 0 0 0 0 0 0 0 0 0 0 0 0 0 0 0 0 0 0 0 0 0 0 0 0 0 0 0 0 0 0 0 0 0 0 0 0 0 0 0 0 0 0 0 0 0 0 0 0 0 0 0 0 0 0 0 0 0 0 0 0 0 0 0 0 0 0 0 0 0 0 0 0 0 0 0 0 0 0 0 0 0 0 0 0 0 0 0 0 0 0 0 0 0
I1103 07:57:12.988339 47037889819712 create_pretraining_data.py:161] segment_ids: 0 0 0 0 0 0 0 0 0 0 0 1 1 0 0 0 0 0 0 0 0 0 0 0 0 0 0 0 0 0 0 0 0 0 0 0 0 0 0 0 0 0 0 0 0 0 0 0 0 0 0 0 0 0 0 0 0 0 0 0 0 0 0 0 0 0 0 0 0 0 0 0 0 0 0 0 0 0 0 0 0 0 0 0 0 0 0 0 0 0 0 0 0 0 0 0 0 0 0 0 0 0 0 0 0 0 0 0 0 0 0 0 0 0 0 0 0 0 0 0 0 0 0 0 0 0 0 0
INFO:tensorflow:masked_lm_positions: 2 9 0 0 0 0 0 0 0 0 0 0 0 0 0 0 0 0 0 0
I1103 07:57:12.988460 47037889819712 create_pretraining_data.py:161] masked_lm_positions: 2 9 0 0 0 0 0 0 0 0 0 0 0 0 0 0 0 0 0 0
INFO:tensorflow:masked_lm_ids: 13057 5067 0 0 0 0 0 0 0 0 0 0 0 0 0 0 0 0 0 0
I1103 07:57:12.988576 47037889819712 create_pretraining_data.py:161] masked_lm_ids: 13057 5067 0 0 0 0 0 0 0 0 0 0 0 0 0 0 0 0 0 0
INFO:tensorflow:masked_lm_weights: 1.0 1.0 0.0 0.0 0.0 0.0 0.0 0.0 0.0 0.0 0.0 0.0 0.0 0.0 0.0 0.0 0.0 0.0 0.0 0.0
I1103 07:57:12.988695 47037889819712 create_pretraining_data.py:161] masked_lm_weights: 1.0 1.0 0.0 0.0 0.0 0.0 0.0 0.0 0.0 0.0 0.0 0.0 0.0 0.0 0.0 0.0 0.0 0.0 0.0 0.0
INFO:tensorflow:next_sentence_labels: 1
I1103 07:57:12.988804 47037889819712 create_pretraining_data.py:161] next_sentence_labels: 1
INFO:tensorflow:*** Example ***
I1103 07:57:12.989268 47037889819712 create_pretraining_data.py:149] *** Example ***
INFO:tensorflow:tokens: [CLS] صباح [MASK] ق لب طفله هادي ##ء نقي بري ##ء ورد ##ي [SEP] انفاس الصباح استن ##شق ##ها منك وارت ##شف ظل [MASK] شفاه ##ك [SEP]
I1103 07:57:12.989416 47037889819712 create_pretraining_data.py:151] tokens: [CLS] صباح [MASK] ق لب طفله هادي ##ء نقي بري ##ء ورد ##ي [SEP] انفاس الصباح استن ##شق ##ها منك وارت ##شف ظل [MASK] شفاه ##ك [SEP]
INFO:tensorflow:input_ids: 2 2570 4 409 2519 14314 9087 1053 17907 4836 1053 4788 1013 3 14812 4235 14512 3397 1913 3677 8329 2504 4812 4 25863 1014 3 0 0 0 0 0 0 0 0 0 0 0 0 0 0 0 0 0 0 0 0 0 0 0 0 0 0 0 0 0 0 0 0 0 0 0 0 0 0 0 0 0 0 0 0 0 0 0 0 0 0 0 0 0 0 0 0 0 0 0 0 0 0 0 0 0 0 0 0 0 0 0 0 0 0 0 0 0 0 0 0 0 0 0 0 0 0 0 0 0 0 0 0 0 0 0 0 0 0 0 0 0
I1103 07:57:12.989587 47037889819712 create_pretraining_data.py:161] input_ids: 2 2570 4 409 2519 14314 9087 1053 17907 4836 1053 4788 1013 3 14812 4235 14512 3397 1913 3677 8329 2504 4812 4 25863 1014 3 0 0 0 0 0 0 0 0 0 0 0 0 0 0 0 0 0 0 0 0 0 0 0 0 0 0 0 0 0 0 0 0 0 0 0 0 0 0 0 0 0 0 0 0 0 0 0 0 0 0 0 0 0 0 0 0 0 0 0 0 0 0 0 0 0 0 0 0 0 0 0 0 0 0 0 0 0 0 0 0 0 0 0 0 0 0 0 0 0 0 0 0 0 0 0 0 0 0 0 0 0
INFO:tensorflow:input_mask: 1 1 1 1 1 1 1 1 1 1 1 1 1 1 1 1 1 1 1 1 1 1 1 1 1 1 1 0 0 0 0 0 0 0 0 0 0 0 0 0 0 0 0 0 0 0 0 0 0 0 0 0 0 0 0 0 0 0 0 0 0 0 0 0 0 0 0 0 0 0 0 0 0 0 0 0 0 0 0 0 0 0 0 0 0 0 0 0 0 0 0 0 0 0 0 0 0 0 0 0 0 0 0 0 0 0 0 0 0 0 0 0 0 0 0 0 0 0 0 0 0 0 0 0 0 0 0 0
I1103 07:57:12.989763 47037889819712 create_pretraining_data.py:161] input_mask: 1 1 1 1 1 1 1 1 1 1 1 1 1 1 1 1 1 1 1 1 1 1 1 1 1 1 1 0 0 0 0 0 0 0 0 0 0 0 0 0 0 0 0 0 0 0 0 0 0 0 0 0 0 0 0 0 0 0 0 0 0 0 0 0 0 0 0 0 0 0 0 0 0 0 0 0 0 0 0 0 0 0 0 0 0 0 0 0 0 0 0 0 0 0 0 0 0 0 0 0 0 0 0 0 0 0 0 0 0 0 0 0 0 0 0 0 0 0 0 0 0 0 0 0 0 0 0 0
INFO:tensorflow:segment_ids: 0 0 0 0 0 0 0 0 0 0 0 0 0 0 1 1 1 1 1 1 1 1 1 1 1 1 1 0 0 0 0 0 0 0 0 0 0 0 0 0 0 0 0 0 0 0 0 0 0 0 0 0 0 0 0 0 0 0 0 0 0 0 0 0 0 0 0 0 0 0 0 0 0 0 0 0 0 0 0 0 0 0 0 0 0 0 0 0 0 0 0 0 0 0 0 0 0 0 0 0 0 0 0 0 0 0 0 0 0 0 0 0 0 0 0 0 0 0 0 0 0 0 0 0 0 0 0 0
I1103 07:57:12.989923 47037889819712 create_pretraining_data.py:161] segment_ids: 0 0 0 0 0 0 0 0 0 0 0 0 0 0 1 1 1 1 1 1 1 1 1 1 1 1 1 0 0 0 0 0 0 0 0 0 0 0 0 0 0 0 0 0 0 0 0 0 0 0 0 0 0 0 0 0 0 0 0 0 0 0 0 0 0 0 0 0 0 0 0 0 0 0 0 0 0 0 0 0 0 0 0 0 0 0 0 0 0 0 0 0 0 0 0 0 0 0 0 0 0 0 0 0 0 0 0 0 0 0 0 0 0 0 0 0 0 0 0 0 0 0 0 0 0 0 0 0
INFO:tensorflow:masked_lm_positions: 2 19 22 23 0 0 0 0 0 0 0 0 0 0 0 0 0 0 0 0
I1103 07:57:12.990044 47037889819712 create_pretraining_data.py:161] masked_lm_positions: 2 19 22 23 0 0 0 0 0 0 0 0 0 0 0 0 0 0 0 0
INFO:tensorflow:masked_lm_ids: 410 3677 16560 1908 0 0 0 0 0 0 0 0 0 0 0 0 0 0 0 0
I1103 07:57:12.990160 47037889819712 create_pretraining_data.py:161] masked_lm_ids: 410 3677 16560 1908 0 0 0 0 0 0 0 0 0 0 0 0 0 0 0 0
INFO:tensorflow:masked_lm_weights: 1.0 1.0 1.0 1.0 0.0 0.0 0.0 0.0 0.0 0.0 0.0 0.0 0.0 0.0 0.0 0.0 0.0 0.0 0.0 0.0
I1103 07:57:12.990278 47037889819712 create_pretraining_data.py:161] masked_lm_weights: 1.0 1.0 1.0 1.0 0.0 0.0 0.0 0.0 0.0 0.0 0.0 0.0 0.0 0.0 0.0 0.0 0.0 0.0 0.0 0.0
INFO:tensorflow:next_sentence_labels: 1
I1103 07:57:12.990394 47037889819712 create_pretraining_data.py:161] next_sentence_labels: 1
INFO:tensorflow:*** Example ***
I1103 07:57:12.990863 47037889819712 create_pretraining_data.py:149] *** Example ***
INFO:tensorflow:tokens: [CLS] هل تعلم ان مفيش صاحب بيت ##صاح ##ب [SEP] [MASK] طبيعي حر مضمون [MASK] [MASK] [MASK] [MASK] مسؤول عنه امام الله لمع ##لومات اكثر 055 ##3 27 ##3 57 ##5 [SEP]
I1103 07:57:12.991008 47037889819712 create_pretraining_data.py:151] tokens: [CLS] هل تعلم ان مفيش صاحب بيت ##صاح ##ب [SEP] [MASK] طبيعي حر مضمون [MASK] [MASK] [MASK] [MASK] مسؤول عنه امام الله لمع ##لومات اكثر 055 ##3 27 ##3 57 ##5 [SEP]
INFO:tensorflow:input_ids: 2 2827 3698 1939 10378 3320 2967 26228 1045 3 4 8190 3938 13325 4 4 4 4 6803 2891 3558 1953 5862 3026 2695 5513 1076 4672 1076 9728 1030 3 0 0 0 0 0 0 0 0 0 0 0 0 0 0 0 0 0 0 0 0 0 0 0 0 0 0 0 0 0 0 0 0 0 0 0 0 0 0 0 0 0 0 0 0 0 0 0 0 0 0 0 0 0 0 0 0 0 0 0 0 0 0 0 0 0 0 0 0 0 0 0 0 0 0 0 0 0 0 0 0 0 0 0 0 0 0 0 0 0 0 0 0 0 0 0 0
I1103 07:57:12.991179 47037889819712 create_pretraining_data.py:161] input_ids: 2 2827 3698 1939 10378 3320 2967 26228 1045 3 4 8190 3938 13325 4 4 4 4 6803 2891 3558 1953 5862 3026 2695 5513 1076 4672 1076 9728 1030 3 0 0 0 0 0 0 0 0 0 0 0 0 0 0 0 0 0 0 0 0 0 0 0 0 0 0 0 0 0 0 0 0 0 0 0 0 0 0 0 0 0 0 0 0 0 0 0 0 0 0 0 0 0 0 0 0 0 0 0 0 0 0 0 0 0 0 0 0 0 0 0 0 0 0 0 0 0 0 0 0 0 0 0 0 0 0 0 0 0 0 0 0 0 0 0 0
INFO:tensorflow:input_mask: 1 1 1 1 1 1 1 1 1 1 1 1 1 1 1 1 1 1 1 1 1 1 1 1 1 1 1 1 1 1 1 1 0 0 0 0 0 0 0 0 0 0 0 0 0 0 0 0 0 0 0 0 0 0 0 0 0 0 0 0 0 0 0 0 0 0 0 0 0 0 0 0 0 0 0 0 0 0 0 0 0 0 0 0 0 0 0 0 0 0 0 0 0 0 0 0 0 0 0 0 0 0 0 0 0 0 0 0 0 0 0 0 0 0 0 0 0 0 0 0 0 0 0 0 0 0 0 0
I1103 07:57:12.991345 47037889819712 create_pretraining_data.py:161] input_mask: 1 1 1 1 1 1 1 1 1 1 1 1 1 1 1 1 1 1 1 1 1 1 1 1 1 1 1 1 1 1 1 1 0 0 0 0 0 0 0 0 0 0 0 0 0 0 0 0 0 0 0 0 0 0 0 0 0 0 0 0 0 0 0 0 0 0 0 0 0 0 0 0 0 0 0 0 0 0 0 0 0 0 0 0 0 0 0 0 0 0 0 0 0 0 0 0 0 0 0 0 0 0 0 0 0 0 0 0 0 0 0 0 0 0 0 0 0 0 0 0 0 0 0 0 0 0 0 0
INFO:tensorflow:segment_ids: 0 0 0 0 0 0 0 0 0 0 1 1 1 1 1 1 1 1 1 1 1 1 1 1 1 1 1 1 1 1 1 1 0 0 0 0 0 0 0 0 0 0 0 0 0 0 0 0 0 0 0 0 0 0 0 0 0 0 0 0 0 0 0 0 0 0 0 0 0 0 0 0 0 0 0 0 0 0 0 0 0 0 0 0 0 0 0 0 0 0 0 0 0 0 0 0 0 0 0 0 0 0 0 0 0 0 0 0 0 0 0 0 0 0 0 0 0 0 0 0 0 0 0 0 0 0 0 0
I1103 07:57:12.991515 47037889819712 create_pretraining_data.py:161] segment_ids: 0 0 0 0 0 0 0 0 0 0 1 1 1 1 1 1 1 1 1 1 1 1 1 1 1 1 1 1 1 1 1 1 0 0 0 0 0 0 0 0 0 0 0 0 0 0 0 0 0 0 0 0 0 0 0 0 0 0 0 0 0 0 0 0 0 0 0 0 0 0 0 0 0 0 0 0 0 0 0 0 0 0 0 0 0 0 0 0 0 0 0 0 0 0 0 0 0 0 0 0 0 0 0 0 0 0 0 0 0 0 0 0 0 0 0 0 0 0 0 0 0 0 0 0 0 0 0 0
INFO:tensorflow:masked_lm_positions: 10 14 15 16 17 0 0 0 0 0 0 0 0 0 0 0 0 0 0 0
I1103 07:57:12.991639 47037889819712 create_pretraining_data.py:161] masked_lm_positions: 10 14 15 16 17 0 0 0 0 0 0 0 0 0 0 0 0 0 0 0
INFO:tensorflow:masked_lm_ids: 10540 18233 1967 2114 1997 0 0 0 0 0 0 0 0 0 0 0 0 0 0 0
I1103 07:57:12.991757 47037889819712 create_pretraining_data.py:161] masked_lm_ids: 10540 18233 1967 2114 1997 0 0 0 0 0 0 0 0 0 0 0 0 0 0 0
INFO:tensorflow:masked_lm_weights: 1.0 1.0 1.0 1.0 1.0 0.0 0.0 0.0 0.0 0.0 0.0 0.0 0.0 0.0 0.0 0.0 0.0 0.0 0.0 0.0
I1103 07:57:12.991877 47037889819712 create_pretraining_data.py:161] masked_lm_weights: 1.0 1.0 1.0 1.0 1.0 0.0 0.0 0.0 0.0 0.0 0.0 0.0 0.0 0.0 0.0 0.0 0.0 0.0 0.0 0.0
INFO:tensorflow:next_sentence_labels: 1
I1103 07:57:12.991986 47037889819712 create_pretraining_data.py:161] next_sentence_labels: 1
INFO:tensorflow:*** Example ***
I1103 07:57:12.992468 47037889819712 create_pretraining_data.py:149] *** Example ***
INFO:tensorflow:tokens: [CLS] مراه ##قه في [MASK] مع صحبه ##ا [MASK] خفي نيك ساخن رابط الفلم سكس [SEP] راح [MASK] شركات ترفع اسعار ##ها بنس ##ب فوق لت ##وهم الناس ان [MASK] زياده تكلف ##ه [MASK] عليها في الوطنيه للت ##وزيع حسبنا التك ##لفه [MASK] [MASK] فقط [SEP]
I1103 07:57:12.992619 47037889819712 create_pretraining_data.py:151] tokens: [CLS] مراه ##قه في [MASK] مع صحبه ##ا [MASK] خفي نيك ساخن رابط الفلم سكس [SEP] راح [MASK] شركات ترفع اسعار ##ها بنس ##ب فوق لت ##وهم الناس ان [MASK] زياده تكلف ##ه [MASK] عليها في الوطنيه للت ##وزيع حسبنا التك ##لفه [MASK] [MASK] فقط [SEP]
INFO:tensorflow:input_ids: 2 15553 2144 1912 4 1973 26313 1007 4 8493 5246 25697 6643 16724 4031 3 3490 4 4737 9520 5339 1913 15656 1045 3589 2219 6874 2397 1939 4 8364 13919 1028 4 2717 1912 17148 2360 5140 16428 6573 10122 4 4 2574 3 0 0 0 0 0 0 0 0 0 0 0 0 0 0 0 0 0 0 0 0 0 0 0 0 0 0 0 0 0 0 0 0 0 0 0 0 0 0 0 0 0 0 0 0 0 0 0 0 0 0 0 0 0 0 0 0 0 0 0 0 0 0 0 0 0 0 0 0 0 0 0 0 0 0 0 0 0 0 0 0 0 0
I1103 07:57:12.992793 47037889819712 create_pretraining_data.py:161] input_ids: 2 15553 2144 1912 4 1973 26313 1007 4 8493 5246 25697 6643 16724 4031 3 3490 4 4737 9520 5339 1913 15656 1045 3589 2219 6874 2397 1939 4 8364 13919 1028 4 2717 1912 17148 2360 5140 16428 6573 10122 4 4 2574 3 0 0 0 0 0 0 0 0 0 0 0 0 0 0 0 0 0 0 0 0 0 0 0 0 0 0 0 0 0 0 0 0 0 0 0 0 0 0 0 0 0 0 0 0 0 0 0 0 0 0 0 0 0 0 0 0 0 0 0 0 0 0 0 0 0 0 0 0 0 0 0 0 0 0 0 0 0 0 0 0 0 0
INFO:tensorflow:input_mask: 1 1 1 1 1 1 1 1 1 1 1 1 1 1 1 1 1 1 1 1 1 1 1 1 1 1 1 1 1 1 1 1 1 1 1 1 1 1 1 1 1 1 1 1 1 1 0 0 0 0 0 0 0 0 0 0 0 0 0 0 0 0 0 0 0 0 0 0 0 0 0 0 0 0 0 0 0 0 0 0 0 0 0 0 0 0 0 0 0 0 0 0 0 0 0 0 0 0 0 0 0 0 0 0 0 0 0 0 0 0 0 0 0 0 0 0 0 0 0 0 0 0 0 0 0 0 0 0
I1103 07:57:12.992957 47037889819712 create_pretraining_data.py:161] input_mask: 1 1 1 1 1 1 1 1 1 1 1 1 1 1 1 1 1 1 1 1 1 1 1 1 1 1 1 1 1 1 1 1 1 1 1 1 1 1 1 1 1 1 1 1 1 1 0 0 0 0 0 0 0 0 0 0 0 0 0 0 0 0 0 0 0 0 0 0 0 0 0 0 0 0 0 0 0 0 0 0 0 0 0 0 0 0 0 0 0 0 0 0 0 0 0 0 0 0 0 0 0 0 0 0 0 0 0 0 0 0 0 0 0 0 0 0 0 0 0 0 0 0 0 0 0 0 0 0
INFO:tensorflow:segment_ids: 0 0 0 0 0 0 0 0 0 0 0 0 0 0 0 0 1 1 1 1 1 1 1 1 1 1 1 1 1 1 1 1 1 1 1 1 1 1 1 1 1 1 1 1 1 1 0 0 0 0 0 0 0 0 0 0 0 0 0 0 0 0 0 0 0 0 0 0 0 0 0 0 0 0 0 0 0 0 0 0 0 0 0 0 0 0 0 0 0 0 0 0 0 0 0 0 0 0 0 0 0 0 0 0 0 0 0 0 0 0 0 0 0 0 0 0 0 0 0 0 0 0 0 0 0 0 0 0
I1103 07:57:12.993129 47037889819712 create_pretraining_data.py:161] segment_ids: 0 0 0 0 0 0 0 0 0 0 0 0 0 0 0 0 1 1 1 1 1 1 1 1 1 1 1 1 1 1 1 1 1 1 1 1 1 1 1 1 1 1 1 1 1 1 0 0 0 0 0 0 0 0 0 0 0 0 0 0 0 0 0 0 0 0 0 0 0 0 0 0 0 0 0 0 0 0 0 0 0 0 0 0 0 0 0 0 0 0 0 0 0 0 0 0 0 0 0 0 0 0 0 0 0 0 0 0 0 0 0 0 0 0 0 0 0 0 0 0 0 0 0 0 0 0 0 0
INFO:tensorflow:masked_lm_positions: 4 8 17 29 33 42 43 0 0 0 0 0 0 0 0 0 0 0 0 0
I1103 07:57:12.993255 47037889819712 create_pretraining_data.py:161] masked_lm_positions: 4 8 17 29 33 42 43 0 0 0 0 0 0 0 0 0 0 0 0 0
INFO:tensorflow:masked_lm_ids: 5243 6280 13902 2085 13536 16267 7806 0 0 0 0 0 0 0 0 0 0 0 0 0
I1103 07:57:12.993379 47037889819712 create_pretraining_data.py:161] masked_lm_ids: 5243 6280 13902 2085 13536 16267 7806 0 0 0 0 0 0 0 0 0 0 0 0 0
INFO:tensorflow:masked_lm_weights: 1.0 1.0 1.0 1.0 1.0 1.0 1.0 0.0 0.0 0.0 0.0 0.0 0.0 0.0 0.0 0.0 0.0 0.0 0.0 0.0
I1103 07:57:12.993499 47037889819712 create_pretraining_data.py:161] masked_lm_weights: 1.0 1.0 1.0 1.0 1.0 1.0 1.0 0.0 0.0 0.0 0.0 0.0 0.0 0.0 0.0 0.0 0.0 0.0 0.0 0.0
INFO:tensorflow:next_sentence_labels: 1
I1103 07:57:12.993608 47037889819712 create_pretraining_data.py:161] next_sentence_labels: 1
INFO:tensorflow:*** Example ***
I1103 07:57:12.994079 47037889819712 create_pretraining_data.py:149] *** Example ***
INFO:tensorflow:tokens: [CLS] [MASK] ارحم من كانوا معنا ب الامس واليوم في قبورهم وانزل عليهم رحمتك وتجاوز عنهم [SEP] اللهم احفظ [MASK] وادم امننا [MASK] [MASK] اعد ##ائنا وت ##ولان ##ا بحسن [MASK] [MASK] اللهم اصلح لنا حالنا واح ##وال ##نا ونع ##وذ بك من جها ##لنا [SEP]
I1103 07:57:12.994230 47037889819712 create_pretraining_data.py:151] tokens: [CLS] [MASK] ارحم من كانوا معنا ب الامس واليوم في قبورهم وانزل عليهم رحمتك وتجاوز عنهم [SEP] اللهم احفظ [MASK] وادم امننا [MASK] [MASK] اعد ##ائنا وت ##ولان ##ا بحسن [MASK] [MASK] اللهم اصلح لنا حالنا واح ##وال ##نا ونع ##وذ بك من جها ##لنا [SEP]
INFO:tensorflow:input_ids: 2 4 4373 1908 4281 4798 388 15651 8413 1912 15319 24938 3566 10105 20106 5709 3 2168 5776 4 25282 28460 4 4 4583 6066 2001 10159 1007 18037 4 4 2168 14022 2776 25980 4042 2318 1914 22093 7875 2395 1908 12495 2127 3 0 0 0 0 0 0 0 0 0 0 0 0 0 0 0 0 0 0 0 0 0 0 0 0 0 0 0 0 0 0 0 0 0 0 0 0 0 0 0 0 0 0 0 0 0 0 0 0 0 0 0 0 0 0 0 0 0 0 0 0 0 0 0 0 0 0 0 0 0 0 0 0 0 0 0 0 0 0 0 0 0 0
I1103 07:57:12.994411 47037889819712 create_pretraining_data.py:161] input_ids: 2 4 4373 1908 4281 4798 388 15651 8413 1912 15319 24938 3566 10105 20106 5709 3 2168 5776 4 25282 28460 4 4 4583 6066 2001 10159 1007 18037 4 4 2168 14022 2776 25980 4042 2318 1914 22093 7875 2395 1908 12495 2127 3 0 0 0 0 0 0 0 0 0 0 0 0 0 0 0 0 0 0 0 0 0 0 0 0 0 0 0 0 0 0 0 0 0 0 0 0 0 0 0 0 0 0 0 0 0 0 0 0 0 0 0 0 0 0 0 0 0 0 0 0 0 0 0 0 0 0 0 0 0 0 0 0 0 0 0 0 0 0 0 0 0 0
INFO:tensorflow:input_mask: 1 1 1 1 1 1 1 1 1 1 1 1 1 1 1 1 1 1 1 1 1 1 1 1 1 1 1 1 1 1 1 1 1 1 1 1 1 1 1 1 1 1 1 1 1 1 0 0 0 0 0 0 0 0 0 0 0 0 0 0 0 0 0 0 0 0 0 0 0 0 0 0 0 0 0 0 0 0 0 0 0 0 0 0 0 0 0 0 0 0 0 0 0 0 0 0 0 0 0 0 0 0 0 0 0 0 0 0 0 0 0 0 0 0 0 0 0 0 0 0 0 0 0 0 0 0 0 0
I1103 07:57:12.994575 47037889819712 create_pretraining_data.py:161] input_mask: 1 1 1 1 1 1 1 1 1 1 1 1 1 1 1 1 1 1 1 1 1 1 1 1 1 1 1 1 1 1 1 1 1 1 1 1 1 1 1 1 1 1 1 1 1 1 0 0 0 0 0 0 0 0 0 0 0 0 0 0 0 0 0 0 0 0 0 0 0 0 0 0 0 0 0 0 0 0 0 0 0 0 0 0 0 0 0 0 0 0 0 0 0 0 0 0 0 0 0 0 0 0 0 0 0 0 0 0 0 0 0 0 0 0 0 0 0 0 0 0 0 0 0 0 0 0 0 0
INFO:tensorflow:segment_ids: 0 0 0 0 0 0 0 0 0 0 0 0 0 0 0 0 0 1 1 1 1 1 1 1 1 1 1 1 1 1 1 1 1 1 1 1 1 1 1 1 1 1 1 1 1 1 0 0 0 0 0 0 0 0 0 0 0 0 0 0 0 0 0 0 0 0 0 0 0 0 0 0 0 0 0 0 0 0 0 0 0 0 0 0 0 0 0 0 0 0 0 0 0 0 0 0 0 0 0 0 0 0 0 0 0 0 0 0 0 0 0 0 0 0 0 0 0 0 0 0 0 0 0 0 0 0 0 0
I1103 07:57:12.994733 47037889819712 create_pretraining_data.py:161] segment_ids: 0 0 0 0 0 0 0 0 0 0 0 0 0 0 0 0 0 1 1 1 1 1 1 1 1 1 1 1 1 1 1 1 1 1 1 1 1 1 1 1 1 1 1 1 1 1 0 0 0 0 0 0 0 0 0 0 0 0 0 0 0 0 0 0 0 0 0 0 0 0 0 0 0 0 0 0 0 0 0 0 0 0 0 0 0 0 0 0 0 0 0 0 0 0 0 0 0 0 0 0 0 0 0 0 0 0 0 0 0 0 0 0 0 0 0 0 0 0 0 0 0 0 0 0 0 0 0 0
INFO:tensorflow:masked_lm_positions: 1 19 22 23 30 31 33 0 0 0 0 0 0 0 0 0 0 0 0 0
I1103 07:57:12.994871 47037889819712 create_pretraining_data.py:161] masked_lm_positions: 1 19 22 23 30 31 33 0 0 0 0 0 0 0 0 0 0 0 0 0
INFO:tensorflow:masked_lm_ids: 2168 10133 12762 15549 17595 1014 14022 0 0 0 0 0 0 0 0 0 0 0 0 0
I1103 07:57:12.994990 47037889819712 create_pretraining_data.py:161] masked_lm_ids: 2168 10133 12762 15549 17595 1014 14022 0 0 0 0 0 0 0 0 0 0 0 0 0
INFO:tensorflow:masked_lm_weights: 1.0 1.0 1.0 1.0 1.0 1.0 1.0 0.0 0.0 0.0 0.0 0.0 0.0 0.0 0.0 0.0 0.0 0.0 0.0 0.0
I1103 07:57:12.995110 47037889819712 create_pretraining_data.py:161] masked_lm_weights: 1.0 1.0 1.0 1.0 1.0 1.0 1.0 0.0 0.0 0.0 0.0 0.0 0.0 0.0 0.0 0.0 0.0 0.0 0.0 0.0
INFO:tensorflow:next_sentence_labels: 1
I1103 07:57:12.995220 47037889819712 create_pretraining_data.py:161] next_sentence_labels: 1
INFO:tensorflow:*** Example ***
I1103 07:57:12.995694 47037889819712 create_pretraining_data.py:149] *** Example ***
INFO:tensorflow:tokens: [CLS] مابعد متعه الاهلي متعه بلا كلاسيك ##و بلا هم [SEP] رساله [MASK] فاعف عنهم واص ##ف ##ح ان [MASK] يحب [MASK] [SEP]
I1103 07:57:12.995835 47037889819712 create_pretraining_data.py:151] tokens: [CLS] مابعد متعه الاهلي متعه بلا كلاسيك ##و بلا هم [SEP] رساله [MASK] فاعف عنهم واص ##ف ##ح ان [MASK] يحب [MASK] [SEP]
INFO:tensorflow:input_ids: 2 29340 17157 3105 17157 2701 29215 1012 2701 2839 3 5860 4 29334 5709 4485 1037 1032 1939 4 3866 4 3 0 0 0 0 0 0 0 0 0 0 0 0 0 0 0 0 0 0 0 0 0 0 0 0 0 0 0 0 0 0 0 0 0 0 0 0 0 0 0 0 0 0 0 0 0 0 0 0 0 0 0 0 0 0 0 0 0 0 0 0 0 0 0 0 0 0 0 0 0 0 0 0 0 0 0 0 0 0 0 0 0 0 0 0 0 0 0 0 0 0 0 0 0 0 0 0 0 0 0 0 0 0 0 0 0
I1103 07:57:12.996001 47037889819712 create_pretraining_data.py:161] input_ids: 2 29340 17157 3105 17157 2701 29215 1012 2701 2839 3 5860 4 29334 5709 4485 1037 1032 1939 4 3866 4 3 0 0 0 0 0 0 0 0 0 0 0 0 0 0 0 0 0 0 0 0 0 0 0 0 0 0 0 0 0 0 0 0 0 0 0 0 0 0 0 0 0 0 0 0 0 0 0 0 0 0 0 0 0 0 0 0 0 0 0 0 0 0 0 0 0 0 0 0 0 0 0 0 0 0 0 0 0 0 0 0 0 0 0 0 0 0 0 0 0 0 0 0 0 0 0 0 0 0 0 0 0 0 0 0 0
INFO:tensorflow:input_mask: 1 1 1 1 1 1 1 1 1 1 1 1 1 1 1 1 1 1 1 1 1 1 1 0 0 0 0 0 0 0 0 0 0 0 0 0 0 0 0 0 0 0 0 0 0 0 0 0 0 0 0 0 0 0 0 0 0 0 0 0 0 0 0 0 0 0 0 0 0 0 0 0 0 0 0 0 0 0 0 0 0 0 0 0 0 0 0 0 0 0 0 0 0 0 0 0 0 0 0 0 0 0 0 0 0 0 0 0 0 0 0 0 0 0 0 0 0 0 0 0 0 0 0 0 0 0 0 0
I1103 07:57:12.996162 47037889819712 create_pretraining_data.py:161] input_mask: 1 1 1 1 1 1 1 1 1 1 1 1 1 1 1 1 1 1 1 1 1 1 1 0 0 0 0 0 0 0 0 0 0 0 0 0 0 0 0 0 0 0 0 0 0 0 0 0 0 0 0 0 0 0 0 0 0 0 0 0 0 0 0 0 0 0 0 0 0 0 0 0 0 0 0 0 0 0 0 0 0 0 0 0 0 0 0 0 0 0 0 0 0 0 0 0 0 0 0 0 0 0 0 0 0 0 0 0 0 0 0 0 0 0 0 0 0 0 0 0 0 0 0 0 0 0 0 0
INFO:tensorflow:segment_ids: 0 0 0 0 0 0 0 0 0 0 0 1 1 1 1 1 1 1 1 1 1 1 1 0 0 0 0 0 0 0 0 0 0 0 0 0 0 0 0 0 0 0 0 0 0 0 0 0 0 0 0 0 0 0 0 0 0 0 0 0 0 0 0 0 0 0 0 0 0 0 0 0 0 0 0 0 0 0 0 0 0 0 0 0 0 0 0 0 0 0 0 0 0 0 0 0 0 0 0 0 0 0 0 0 0 0 0 0 0 0 0 0 0 0 0 0 0 0 0 0 0 0 0 0 0 0 0 0
I1103 07:57:12.996329 47037889819712 create_pretraining_data.py:161] segment_ids: 0 0 0 0 0 0 0 0 0 0 0 1 1 1 1 1 1 1 1 1 1 1 1 0 0 0 0 0 0 0 0 0 0 0 0 0 0 0 0 0 0 0 0 0 0 0 0 0 0 0 0 0 0 0 0 0 0 0 0 0 0 0 0 0 0 0 0 0 0 0 0 0 0 0 0 0 0 0 0 0 0 0 0 0 0 0 0 0 0 0 0 0 0 0 0 0 0 0 0 0 0 0 0 0 0 0 0 0 0 0 0 0 0 0 0 0 0 0 0 0 0 0 0 0 0 0 0 0
INFO:tensorflow:masked_lm_positions: 12 19 21 0 0 0 0 0 0 0 0 0 0 0 0 0 0 0 0 0
I1103 07:57:12.996453 47037889819712 create_pretraining_data.py:161] masked_lm_positions: 12 19 21 0 0 0 0 0 0 0 0 0 0 0 0 0 0 0 0 0
INFO:tensorflow:masked_lm_ids: 26466 1953 26959 0 0 0 0 0 0 0 0 0 0 0 0 0 0 0 0 0
I1103 07:57:12.996585 47037889819712 create_pretraining_data.py:161] masked_lm_ids: 26466 1953 26959 0 0 0 0 0 0 0 0 0 0 0 0 0 0 0 0 0
INFO:tensorflow:masked_lm_weights: 1.0 1.0 1.0 0.0 0.0 0.0 0.0 0.0 0.0 0.0 0.0 0.0 0.0 0.0 0.0 0.0 0.0 0.0 0.0 0.0
I1103 07:57:12.996709 47037889819712 create_pretraining_data.py:161] masked_lm_weights: 1.0 1.0 1.0 0.0 0.0 0.0 0.0 0.0 0.0 0.0 0.0 0.0 0.0 0.0 0.0 0.0 0.0 0.0 0.0 0.0
INFO:tensorflow:next_sentence_labels: 1
I1103 07:57:12.996818 47037889819712 create_pretraining_data.py:161] next_sentence_labels: 1
INFO:tensorflow:*** Example ***
I1103 07:57:12.997287 47037889819712 create_pretraining_data.py:149] *** Example ***
INFO:tensorflow:tokens: [CLS] اجمل ختام للعام الحالي كرو ##يا الاتحاد والاهلي الخميس التقي ##كم ان شاء الله وللم ##ت ##عه [MASK] كثيره باذن الله كيف لا والمد ##رج ##ات مكت [MASK] [SEP] سبحان الله وبحمده عدد خلقه [MASK] نفسه [MASK] عرشه [MASK] كلماته ثلاث مرات انشرها و اعد تغريدها ليكتب [MASK] باذن الله اجر كل من يقولها [SEP]
I1103 07:57:12.997446 47037889819712 create_pretraining_data.py:151] tokens: [CLS] اجمل ختام للعام الحالي كرو ##يا الاتحاد والاهلي الخميس التقي ##كم ان شاء الله وللم ##ت ##عه [MASK] كثيره باذن الله كيف لا والمد ##رج ##ات مكت [MASK] [SEP] سبحان الله وبحمده عدد خلقه [MASK] نفسه [MASK] عرشه [MASK] كلماته ثلاث مرات انشرها و اعد تغريدها ليكتب [MASK] باذن الله اجر كل من يقولها [SEP]
INFO:tensorflow:input_ids: 2 3244 10985 8204 5350 14703 1937 2816 18432 3891 18873 2018 1939 4217 1953 9888 1005 2226 4 10869 4292 1953 2746 1963 9163 2155 1904 3182 4 3 2575 1953 4276 2548 5987 4 3081 4 7198 4 7119 2917 4661 10126 415 4583 12051 11620 4 4292 1953 6413 2038 1908 10845 3 0 0 0 0 0 0 0 0 0 0 0 0 0 0 0 0 0 0 0 0 0 0 0 0 0 0 0 0 0 0 0 0 0 0 0 0 0 0 0 0 0 0 0 0 0 0 0 0 0 0 0 0 0 0 0 0 0 0 0 0 0 0 0 0 0 0 0 0 0 0 0 0
I1103 07:57:12.997623 47037889819712 create_pretraining_data.py:161] input_ids: 2 3244 10985 8204 5350 14703 1937 2816 18432 3891 18873 2018 1939 4217 1953 9888 1005 2226 4 10869 4292 1953 2746 1963 9163 2155 1904 3182 4 3 2575 1953 4276 2548 5987 4 3081 4 7198 4 7119 2917 4661 10126 415 4583 12051 11620 4 4292 1953 6413 2038 1908 10845 3 0 0 0 0 0 0 0 0 0 0 0 0 0 0 0 0 0 0 0 0 0 0 0 0 0 0 0 0 0 0 0 0 0 0 0 0 0 0 0 0 0 0 0 0 0 0 0 0 0 0 0 0 0 0 0 0 0 0 0 0 0 0 0 0 0 0 0 0 0 0 0 0
INFO:tensorflow:input_mask: 1 1 1 1 1 1 1 1 1 1 1 1 1 1 1 1 1 1 1 1 1 1 1 1 1 1 1 1 1 1 1 1 1 1 1 1 1 1 1 1 1 1 1 1 1 1 1 1 1 1 1 1 1 1 1 1 0 0 0 0 0 0 0 0 0 0 0 0 0 0 0 0 0 0 0 0 0 0 0 0 0 0 0 0 0 0 0 0 0 0 0 0 0 0 0 0 0 0 0 0 0 0 0 0 0 0 0 0 0 0 0 0 0 0 0 0 0 0 0 0 0 0 0 0 0 0 0 0
I1103 07:57:12.997786 47037889819712 create_pretraining_data.py:161] input_mask: 1 1 1 1 1 1 1 1 1 1 1 1 1 1 1 1 1 1 1 1 1 1 1 1 1 1 1 1 1 1 1 1 1 1 1 1 1 1 1 1 1 1 1 1 1 1 1 1 1 1 1 1 1 1 1 1 0 0 0 0 0 0 0 0 0 0 0 0 0 0 0 0 0 0 0 0 0 0 0 0 0 0 0 0 0 0 0 0 0 0 0 0 0 0 0 0 0 0 0 0 0 0 0 0 0 0 0 0 0 0 0 0 0 0 0 0 0 0 0 0 0 0 0 0 0 0 0 0
INFO:tensorflow:segment_ids: 0 0 0 0 0 0 0 0 0 0 0 0 0 0 0 0 0 0 0 0 0 0 0 0 0 0 0 0 0 0 1 1 1 1 1 1 1 1 1 1 1 1 1 1 1 1 1 1 1 1 1 1 1 1 1 1 0 0 0 0 0 0 0 0 0 0 0 0 0 0 0 0 0 0 0 0 0 0 0 0 0 0 0 0 0 0 0 0 0 0 0 0 0 0 0 0 0 0 0 0 0 0 0 0 0 0 0 0 0 0 0 0 0 0 0 0 0 0 0 0 0 0 0 0 0 0 0 0
I1103 07:57:12.997943 47037889819712 create_pretraining_data.py:161] segment_ids: 0 0 0 0 0 0 0 0 0 0 0 0 0 0 0 0 0 0 0 0 0 0 0 0 0 0 0 0 0 0 1 1 1 1 1 1 1 1 1 1 1 1 1 1 1 1 1 1 1 1 1 1 1 1 1 1 0 0 0 0 0 0 0 0 0 0 0 0 0 0 0 0 0 0 0 0 0 0 0 0 0 0 0 0 0 0 0 0 0 0 0 0 0 0 0 0 0 0 0 0 0 0 0 0 0 0 0 0 0 0 0 0 0 0 0 0 0 0 0 0 0 0 0 0 0 0 0 0
INFO:tensorflow:masked_lm_positions: 9 18 27 28 35 37 39 48 0 0 0 0 0 0 0 0 0 0 0 0
I1103 07:57:12.998076 47037889819712 create_pretraining_data.py:161] masked_lm_positions: 9 18 27 28 35 37 39 48 0 0 0 0 0 0 0 0 0 0 0 0
INFO:tensorflow:masked_lm_ids: 3891 19545 3182 5003 10041 7154 7517 2278 0 0 0 0 0 0 0 0 0 0 0 0
I1103 07:57:12.998196 47037889819712 create_pretraining_data.py:161] masked_lm_ids: 3891 19545 3182 5003 10041 7154 7517 2278 0 0 0 0 0 0 0 0 0 0 0 0
INFO:tensorflow:masked_lm_weights: 1.0 1.0 1.0 1.0 1.0 1.0 1.0 1.0 0.0 0.0 0.0 0.0 0.0 0.0 0.0 0.0 0.0 0.0 0.0 0.0
I1103 07:57:12.998322 47037889819712 create_pretraining_data.py:161] masked_lm_weights: 1.0 1.0 1.0 1.0 1.0 1.0 1.0 1.0 0.0 0.0 0.0 0.0 0.0 0.0 0.0 0.0 0.0 0.0 0.0 0.0
INFO:tensorflow:next_sentence_labels: 1
I1103 07:57:12.998434 47037889819712 create_pretraining_data.py:161] next_sentence_labels: 1
INFO:tensorflow:*** Example ***
I1103 07:57:12.998907 47037889819712 create_pretraining_data.py:149] *** Example ***
INFO:tensorflow:tokens: [CLS] جعل تصير عندنا قص ##ق ##وص ##ه كان [MASK] اول [MASK] اني 100 [SEP] اللهم اجعله [MASK] عيناك التي لا تنام استودعتك يا الله اغلي ما [MASK] فانك خير المست ##ودع ##ين [SEP]
I1103 07:57:12.999055 47037889819712 create_pretraining_data.py:151] tokens: [CLS] جعل تصير عندنا قص ##ق ##وص ##ه كان [MASK] اول [MASK] اني 100 [SEP] اللهم اجعله [MASK] عيناك التي لا تنام استودعتك يا الله اغلي ما [MASK] فانك خير المست ##ودع ##ين [SEP]
INFO:tensorflow:input_ids: 2 4835 13231 7663 2858 1011 2624 1028 2055 4 3085 4 2694 3869 3 2168 20659 4 19933 2061 1963 9627 14610 2104 1953 11745 1972 4 16257 2631 2338 8618 1911 3 0 0 0 0 0 0 0 0 0 0 0 0 0 0 0 0 0 0 0 0 0 0 0 0 0 0 0 0 0 0 0 0 0 0 0 0 0 0 0 0 0 0 0 0 0 0 0 0 0 0 0 0 0 0 0 0 0 0 0 0 0 0 0 0 0 0 0 0 0 0 0 0 0 0 0 0 0 0 0 0 0 0 0 0 0 0 0 0 0 0 0 0 0 0
I1103 07:57:12.999227 47037889819712 create_pretraining_data.py:161] input_ids: 2 4835 13231 7663 2858 1011 2624 1028 2055 4 3085 4 2694 3869 3 2168 20659 4 19933 2061 1963 9627 14610 2104 1953 11745 1972 4 16257 2631 2338 8618 1911 3 0 0 0 0 0 0 0 0 0 0 0 0 0 0 0 0 0 0 0 0 0 0 0 0 0 0 0 0 0 0 0 0 0 0 0 0 0 0 0 0 0 0 0 0 0 0 0 0 0 0 0 0 0 0 0 0 0 0 0 0 0 0 0 0 0 0 0 0 0 0 0 0 0 0 0 0 0 0 0 0 0 0 0 0 0 0 0 0 0 0 0 0 0 0
INFO:tensorflow:input_mask: 1 1 1 1 1 1 1 1 1 1 1 1 1 1 1 1 1 1 1 1 1 1 1 1 1 1 1 1 1 1 1 1 1 1 0 0 0 0 0 0 0 0 0 0 0 0 0 0 0 0 0 0 0 0 0 0 0 0 0 0 0 0 0 0 0 0 0 0 0 0 0 0 0 0 0 0 0 0 0 0 0 0 0 0 0 0 0 0 0 0 0 0 0 0 0 0 0 0 0 0 0 0 0 0 0 0 0 0 0 0 0 0 0 0 0 0 0 0 0 0 0 0 0 0 0 0 0 0
I1103 07:57:12.999396 47037889819712 create_pretraining_data.py:161] input_mask: 1 1 1 1 1 1 1 1 1 1 1 1 1 1 1 1 1 1 1 1 1 1 1 1 1 1 1 1 1 1 1 1 1 1 0 0 0 0 0 0 0 0 0 0 0 0 0 0 0 0 0 0 0 0 0 0 0 0 0 0 0 0 0 0 0 0 0 0 0 0 0 0 0 0 0 0 0 0 0 0 0 0 0 0 0 0 0 0 0 0 0 0 0 0 0 0 0 0 0 0 0 0 0 0 0 0 0 0 0 0 0 0 0 0 0 0 0 0 0 0 0 0 0 0 0 0 0 0
INFO:tensorflow:segment_ids: 0 0 0 0 0 0 0 0 0 0 0 0 0 0 0 1 1 1 1 1 1 1 1 1 1 1 1 1 1 1 1 1 1 1 0 0 0 0 0 0 0 0 0 0 0 0 0 0 0 0 0 0 0 0 0 0 0 0 0 0 0 0 0 0 0 0 0 0 0 0 0 0 0 0 0 0 0 0 0 0 0 0 0 0 0 0 0 0 0 0 0 0 0 0 0 0 0 0 0 0 0 0 0 0 0 0 0 0 0 0 0 0 0 0 0 0 0 0 0 0 0 0 0 0 0 0 0 0
I1103 07:57:12.999553 47037889819712 create_pretraining_data.py:161] segment_ids: 0 0 0 0 0 0 0 0 0 0 0 0 0 0 0 1 1 1 1 1 1 1 1 1 1 1 1 1 1 1 1 1 1 1 0 0 0 0 0 0 0 0 0 0 0 0 0 0 0 0 0 0 0 0 0 0 0 0 0 0 0 0 0 0 0 0 0 0 0 0 0 0 0 0 0 0 0 0 0 0 0 0 0 0 0 0 0 0 0 0 0 0 0 0 0 0 0 0 0 0 0 0 0 0 0 0 0 0 0 0 0 0 0 0 0 0 0 0 0 0 0 0 0 0 0 0 0 0
INFO:tensorflow:masked_lm_positions: 9 11 17 21 27 0 0 0 0 0 0 0 0 0 0 0 0 0 0 0
I1103 07:57:12.999674 47037889819712 create_pretraining_data.py:161] masked_lm_positions: 9 11 17 21 27 0 0 0 0 0 0 0 0 0 0 0 0 0 0 0
INFO:tensorflow:masked_lm_ids: 1908 415 2538 9627 16370 0 0 0 0 0 0 0 0 0 0 0 0 0 0 0
I1103 07:57:12.999791 47037889819712 create_pretraining_data.py:161] masked_lm_ids: 1908 415 2538 9627 16370 0 0 0 0 0 0 0 0 0 0 0 0 0 0 0
INFO:tensorflow:masked_lm_weights: 1.0 1.0 1.0 1.0 1.0 0.0 0.0 0.0 0.0 0.0 0.0 0.0 0.0 0.0 0.0 0.0 0.0 0.0 0.0 0.0
I1103 07:57:12.999924 47037889819712 create_pretraining_data.py:161] masked_lm_weights: 1.0 1.0 1.0 1.0 1.0 0.0 0.0 0.0 0.0 0.0 0.0 0.0 0.0 0.0 0.0 0.0 0.0 0.0 0.0 0.0
INFO:tensorflow:next_sentence_labels: 1
I1103 07:57:13.000037 47037889819712 create_pretraining_data.py:161] next_sentence_labels: 1
INFO:tensorflow:*** Example ***
I1103 07:57:13.000515 47037889819712 create_pretraining_data.py:149] *** Example ***
INFO:tensorflow:tokens: [CLS] لا [MASK] الشخص الذي تريد ان تعيش مع تزوج [MASK] الذي لا تستطيع العيش من [MASK] ولكن [MASK] تفعله سوف تندم عليه لاحقا [MASK] [SEP] تج ##مل ##وا بار ##واح ##كم [MASK] اشكال ##كم فلا يكتمل [MASK] الورد دون عطر ##ه كار ##زما صباح الخير [SEP]
I1103 07:57:13.000666 47037889819712 create_pretraining_data.py:151] tokens: [CLS] لا [MASK] الشخص الذي تريد ان تعيش مع تزوج [MASK] الذي لا تستطيع العيش من [MASK] ولكن [MASK] تفعله سوف تندم عليه لاحقا [MASK] [SEP] تج ##مل ##وا بار ##واح ##كم [MASK] اشكال ##كم فلا يكتمل [MASK] الورد دون عطر ##ه كار ##زما صباح الخير [SEP]
INFO:tensorflow:input_ids: 2 1963 4 3190 2130 4821 1939 5955 1973 12610 4 2130 1963 5637 9407 1908 4 2637 4 25027 3641 15825 2181 11814 4 3 2214 2182 1928 3434 5369 2018 4 13085 2018 2828 26236 4 5622 2571 7385 1028 5325 19417 2570 2831 3 0 0 0 0 0 0 0 0 0 0 0 0 0 0 0 0 0 0 0 0 0 0 0 0 0 0 0 0 0 0 0 0 0 0 0 0 0 0 0 0 0 0 0 0 0 0 0 0 0 0 0 0 0 0 0 0 0 0 0 0 0 0 0 0 0 0 0 0 0 0 0 0 0 0 0 0 0 0 0 0 0
I1103 07:57:13.000840 47037889819712 create_pretraining_data.py:161] input_ids: 2 1963 4 3190 2130 4821 1939 5955 1973 12610 4 2130 1963 5637 9407 1908 4 2637 4 25027 3641 15825 2181 11814 4 3 2214 2182 1928 3434 5369 2018 4 13085 2018 2828 26236 4 5622 2571 7385 1028 5325 19417 2570 2831 3 0 0 0 0 0 0 0 0 0 0 0 0 0 0 0 0 0 0 0 0 0 0 0 0 0 0 0 0 0 0 0 0 0 0 0 0 0 0 0 0 0 0 0 0 0 0 0 0 0 0 0 0 0 0 0 0 0 0 0 0 0 0 0 0 0 0 0 0 0 0 0 0 0 0 0 0 0 0 0 0 0
INFO:tensorflow:input_mask: 1 1 1 1 1 1 1 1 1 1 1 1 1 1 1 1 1 1 1 1 1 1 1 1 1 1 1 1 1 1 1 1 1 1 1 1 1 1 1 1 1 1 1 1 1 1 1 0 0 0 0 0 0 0 0 0 0 0 0 0 0 0 0 0 0 0 0 0 0 0 0 0 0 0 0 0 0 0 0 0 0 0 0 0 0 0 0 0 0 0 0 0 0 0 0 0 0 0 0 0 0 0 0 0 0 0 0 0 0 0 0 0 0 0 0 0 0 0 0 0 0 0 0 0 0 0 0 0
I1103 07:57:13.001002 47037889819712 create_pretraining_data.py:161] input_mask: 1 1 1 1 1 1 1 1 1 1 1 1 1 1 1 1 1 1 1 1 1 1 1 1 1 1 1 1 1 1 1 1 1 1 1 1 1 1 1 1 1 1 1 1 1 1 1 0 0 0 0 0 0 0 0 0 0 0 0 0 0 0 0 0 0 0 0 0 0 0 0 0 0 0 0 0 0 0 0 0 0 0 0 0 0 0 0 0 0 0 0 0 0 0 0 0 0 0 0 0 0 0 0 0 0 0 0 0 0 0 0 0 0 0 0 0 0 0 0 0 0 0 0 0 0 0 0 0
INFO:tensorflow:segment_ids: 0 0 0 0 0 0 0 0 0 0 0 0 0 0 0 0 0 0 0 0 0 0 0 0 0 0 1 1 1 1 1 1 1 1 1 1 1 1 1 1 1 1 1 1 1 1 1 0 0 0 0 0 0 0 0 0 0 0 0 0 0 0 0 0 0 0 0 0 0 0 0 0 0 0 0 0 0 0 0 0 0 0 0 0 0 0 0 0 0 0 0 0 0 0 0 0 0 0 0 0 0 0 0 0 0 0 0 0 0 0 0 0 0 0 0 0 0 0 0 0 0 0 0 0 0 0 0 0
I1103 07:57:13.001160 47037889819712 create_pretraining_data.py:161] segment_ids: 0 0 0 0 0 0 0 0 0 0 0 0 0 0 0 0 0 0 0 0 0 0 0 0 0 0 1 1 1 1 1 1 1 1 1 1 1 1 1 1 1 1 1 1 1 1 1 0 0 0 0 0 0 0 0 0 0 0 0 0 0 0 0 0 0 0 0 0 0 0 0 0 0 0 0 0 0 0 0 0 0 0 0 0 0 0 0 0 0 0 0 0 0 0 0 0 0 0 0 0 0 0 0 0 0 0 0 0 0 0 0 0 0 0 0 0 0 0 0 0 0 0 0 0 0 0 0 0
INFO:tensorflow:masked_lm_positions: 2 10 16 18 24 32 37 0 0 0 0 0 0 0 0 0 0 0 0 0
I1103 07:57:13.001281 47037889819712 create_pretraining_data.py:161] masked_lm_positions: 2 10 16 18 24 32 37 0 0 0 0 0 0 0 0 0 0 0 0 0
INFO:tensorflow:masked_lm_ids: 24976 3190 20488 11628 3495 2289 3682 0 0 0 0 0 0 0 0 0 0 0 0 0
I1103 07:57:13.001405 47037889819712 create_pretraining_data.py:161] masked_lm_ids: 24976 3190 20488 11628 3495 2289 3682 0 0 0 0 0 0 0 0 0 0 0 0 0
INFO:tensorflow:masked_lm_weights: 1.0 1.0 1.0 1.0 1.0 1.0 1.0 0.0 0.0 0.0 0.0 0.0 0.0 0.0 0.0 0.0 0.0 0.0 0.0 0.0
I1103 07:57:13.001525 47037889819712 create_pretraining_data.py:161] masked_lm_weights: 1.0 1.0 1.0 1.0 1.0 1.0 1.0 0.0 0.0 0.0 0.0 0.0 0.0 0.0 0.0 0.0 0.0 0.0 0.0 0.0
INFO:tensorflow:next_sentence_labels: 1
I1103 07:57:13.001650 47037889819712 create_pretraining_data.py:161] next_sentence_labels: 1
INFO:tensorflow:*** Example ***
I1103 07:57:13.002131 47037889819712 create_pretraining_data.py:149] *** Example ***
INFO:tensorflow:tokens: [CLS] الميزانيه الحقيقيه هي الامن والامان ورغ ##د العيش الذي يفتقد ##ه غيرنا ميزان ##يتنا [MASK] هم ##م [MASK] للوقوف خلف [MASK] ##تنا وخلف الابطال في الحد الجنوبي [SEP] [MASK] والمال يبني الناس ملكه ##م لم يب ##ن ملك علي [MASK] واق ##لال كفا ##ني [MASK] مهاجمة انني غير جاهل واكثر ارب ##اب الغني [MASK] جها ##ل [SEP]
I1103 07:57:13.002286 47037889819712 create_pretraining_data.py:151] tokens: [CLS] الميزانيه الحقيقيه هي الامن والامان ورغ ##د العيش الذي يفتقد ##ه غيرنا ميزان ##يتنا [MASK] هم ##م [MASK] للوقوف خلف [MASK] ##تنا وخلف الابطال في الحد الجنوبي [SEP] [MASK] والمال يبني الناس ملكه ##م لم يب ##ن ملك علي [MASK] واق ##لال كفا ##ني [MASK] مهاجمة انني غير جاهل واكثر ارب ##اب الغني [MASK] جها ##ل [SEP]
INFO:tensorflow:input_ids: 2 14422 16844 2247 4334 14511 25661 1016 9407 2130 22347 1028 22092 18015 11440 4 2839 1015 4 22574 3479 4 3359 18194 12704 1912 3259 5922 3 4 21658 25461 2397 10250 1015 2043 2888 1006 3776 1958 4 5888 2046 7227 1974 4 20002 9196 2224 26659 10756 7221 1933 11220 4 12495 1010 3 0 0 0 0 0 0 0 0 0 0 0 0 0 0 0 0 0 0 0 0 0 0 0 0 0 0 0 0 0 0 0 0 0 0 0 0 0 0 0 0 0 0 0 0 0 0 0 0 0 0 0 0 0 0 0 0 0 0 0 0 0 0 0 0 0 0 0 0 0 0
I1103 07:57:13.002469 47037889819712 create_pretraining_data.py:161] input_ids: 2 14422 16844 2247 4334 14511 25661 1016 9407 2130 22347 1028 22092 18015 11440 4 2839 1015 4 22574 3479 4 3359 18194 12704 1912 3259 5922 3 4 21658 25461 2397 10250 1015 2043 2888 1006 3776 1958 4 5888 2046 7227 1974 4 20002 9196 2224 26659 10756 7221 1933 11220 4 12495 1010 3 0 0 0 0 0 0 0 0 0 0 0 0 0 0 0 0 0 0 0 0 0 0 0 0 0 0 0 0 0 0 0 0 0 0 0 0 0 0 0 0 0 0 0 0 0 0 0 0 0 0 0 0 0 0 0 0 0 0 0 0 0 0 0 0 0 0 0 0 0 0
INFO:tensorflow:input_mask: 1 1 1 1 1 1 1 1 1 1 1 1 1 1 1 1 1 1 1 1 1 1 1 1 1 1 1 1 1 1 1 1 1 1 1 1 1 1 1 1 1 1 1 1 1 1 1 1 1 1 1 1 1 1 1 1 1 1 0 0 0 0 0 0 0 0 0 0 0 0 0 0 0 0 0 0 0 0 0 0 0 0 0 0 0 0 0 0 0 0 0 0 0 0 0 0 0 0 0 0 0 0 0 0 0 0 0 0 0 0 0 0 0 0 0 0 0 0 0 0 0 0 0 0 0 0 0 0
I1103 07:57:13.002632 47037889819712 create_pretraining_data.py:161] input_mask: 1 1 1 1 1 1 1 1 1 1 1 1 1 1 1 1 1 1 1 1 1 1 1 1 1 1 1 1 1 1 1 1 1 1 1 1 1 1 1 1 1 1 1 1 1 1 1 1 1 1 1 1 1 1 1 1 1 1 0 0 0 0 0 0 0 0 0 0 0 0 0 0 0 0 0 0 0 0 0 0 0 0 0 0 0 0 0 0 0 0 0 0 0 0 0 0 0 0 0 0 0 0 0 0 0 0 0 0 0 0 0 0 0 0 0 0 0 0 0 0 0 0 0 0 0 0 0 0
INFO:tensorflow:segment_ids: 0 0 0 0 0 0 0 0 0 0 0 0 0 0 0 0 0 0 0 0 0 0 0 0 0 0 0 0 0 1 1 1 1 1 1 1 1 1 1 1 1 1 1 1 1 1 1 1 1 1 1 1 1 1 1 1 1 1 0 0 0 0 0 0 0 0 0 0 0 0 0 0 0 0 0 0 0 0 0 0 0 0 0 0 0 0 0 0 0 0 0 0 0 0 0 0 0 0 0 0 0 0 0 0 0 0 0 0 0 0 0 0 0 0 0 0 0 0 0 0 0 0 0 0 0 0 0 0
I1103 07:57:13.002789 47037889819712 create_pretraining_data.py:161] segment_ids: 0 0 0 0 0 0 0 0 0 0 0 0 0 0 0 0 0 0 0 0 0 0 0 0 0 0 0 0 0 1 1 1 1 1 1 1 1 1 1 1 1 1 1 1 1 1 1 1 1 1 1 1 1 1 1 1 1 1 0 0 0 0 0 0 0 0 0 0 0 0 0 0 0 0 0 0 0 0 0 0 0 0 0 0 0 0 0 0 0 0 0 0 0 0 0 0 0 0 0 0 0 0 0 0 0 0 0 0 0 0 0 0 0 0 0 0 0 0 0 0 0 0 0 0 0 0 0 0
INFO:tensorflow:masked_lm_positions: 15 18 21 22 29 40 45 46 54 0 0 0 0 0 0 0 0 0 0 0
I1103 07:57:13.002909 47037889819712 create_pretraining_data.py:161] masked_lm_positions: 15 18 21 22 29 40 45 46 54 0 0 0 0 0 0 0 0 0 0 0
INFO:tensorflow:masked_lm_ids: 2247 4892 15653 3359 24677 21238 19885 1954 2217 0 0 0 0 0 0 0 0 0 0 0
I1103 07:57:13.003026 47037889819712 create_pretraining_data.py:161] masked_lm_ids: 2247 4892 15653 3359 24677 21238 19885 1954 2217 0 0 0 0 0 0 0 0 0 0 0
INFO:tensorflow:masked_lm_weights: 1.0 1.0 1.0 1.0 1.0 1.0 1.0 1.0 1.0 0.0 0.0 0.0 0.0 0.0 0.0 0.0 0.0 0.0 0.0 0.0
I1103 07:57:13.003159 47037889819712 create_pretraining_data.py:161] masked_lm_weights: 1.0 1.0 1.0 1.0 1.0 1.0 1.0 1.0 1.0 0.0 0.0 0.0 0.0 0.0 0.0 0.0 0.0 0.0 0.0 0.0
INFO:tensorflow:next_sentence_labels: 1
I1103 07:57:13.003273 47037889819712 create_pretraining_data.py:161] next_sentence_labels: 1
INFO:tensorflow:*** Example ***
I1103 07:57:13.003752 47037889819712 create_pretraining_data.py:149] *** Example ***
INFO:tensorflow:tokens: [CLS] لبيه علي الاقل مو هم ##ج زي الي عندنا [SEP] ربي [MASK] [MASK] بمن احب [MASK] وعافيه [SEP]
I1103 07:57:13.003892 47037889819712 create_pretraining_data.py:151] tokens: [CLS] لبيه علي الاقل مو هم ##ج زي الي عندنا [SEP] ربي [MASK] [MASK] بمن احب [MASK] وعافيه [SEP]
INFO:tensorflow:input_ids: 2 29010 1958 10655 2481 2839 1041 3253 2002 7663 3 2949 4 4 4201 2744 4 23153 3 0 0 0 0 0 0 0 0 0 0 0 0 0 0 0 0 0 0 0 0 0 0 0 0 0 0 0 0 0 0 0 0 0 0 0 0 0 0 0 0 0 0 0 0 0 0 0 0 0 0 0 0 0 0 0 0 0 0 0 0 0 0 0 0 0 0 0 0 0 0 0 0 0 0 0 0 0 0 0 0 0 0 0 0 0 0 0 0 0 0 0 0 0 0 0 0 0 0 0 0 0 0 0 0 0 0 0 0 0
I1103 07:57:13.004060 47037889819712 create_pretraining_data.py:161] input_ids: 2 29010 1958 10655 2481 2839 1041 3253 2002 7663 3 2949 4 4 4201 2744 4 23153 3 0 0 0 0 0 0 0 0 0 0 0 0 0 0 0 0 0 0 0 0 0 0 0 0 0 0 0 0 0 0 0 0 0 0 0 0 0 0 0 0 0 0 0 0 0 0 0 0 0 0 0 0 0 0 0 0 0 0 0 0 0 0 0 0 0 0 0 0 0 0 0 0 0 0 0 0 0 0 0 0 0 0 0 0 0 0 0 0 0 0 0 0 0 0 0 0 0 0 0 0 0 0 0 0 0 0 0 0 0
INFO:tensorflow:input_mask: 1 1 1 1 1 1 1 1 1 1 1 1 1 1 1 1 1 1 1 0 0 0 0 0 0 0 0 0 0 0 0 0 0 0 0 0 0 0 0 0 0 0 0 0 0 0 0 0 0 0 0 0 0 0 0 0 0 0 0 0 0 0 0 0 0 0 0 0 0 0 0 0 0 0 0 0 0 0 0 0 0 0 0 0 0 0 0 0 0 0 0 0 0 0 0 0 0 0 0 0 0 0 0 0 0 0 0 0 0 0 0 0 0 0 0 0 0 0 0 0 0 0 0 0 0 0 0 0
I1103 07:57:13.004223 47037889819712 create_pretraining_data.py:161] input_mask: 1 1 1 1 1 1 1 1 1 1 1 1 1 1 1 1 1 1 1 0 0 0 0 0 0 0 0 0 0 0 0 0 0 0 0 0 0 0 0 0 0 0 0 0 0 0 0 0 0 0 0 0 0 0 0 0 0 0 0 0 0 0 0 0 0 0 0 0 0 0 0 0 0 0 0 0 0 0 0 0 0 0 0 0 0 0 0 0 0 0 0 0 0 0 0 0 0 0 0 0 0 0 0 0 0 0 0 0 0 0 0 0 0 0 0 0 0 0 0 0 0 0 0 0 0 0 0 0
INFO:tensorflow:segment_ids: 0 0 0 0 0 0 0 0 0 0 0 1 1 1 1 1 1 1 1 0 0 0 0 0 0 0 0 0 0 0 0 0 0 0 0 0 0 0 0 0 0 0 0 0 0 0 0 0 0 0 0 0 0 0 0 0 0 0 0 0 0 0 0 0 0 0 0 0 0 0 0 0 0 0 0 0 0 0 0 0 0 0 0 0 0 0 0 0 0 0 0 0 0 0 0 0 0 0 0 0 0 0 0 0 0 0 0 0 0 0 0 0 0 0 0 0 0 0 0 0 0 0 0 0 0 0 0 0
I1103 07:57:13.004387 47037889819712 create_pretraining_data.py:161] segment_ids: 0 0 0 0 0 0 0 0 0 0 0 1 1 1 1 1 1 1 1 0 0 0 0 0 0 0 0 0 0 0 0 0 0 0 0 0 0 0 0 0 0 0 0 0 0 0 0 0 0 0 0 0 0 0 0 0 0 0 0 0 0 0 0 0 0 0 0 0 0 0 0 0 0 0 0 0 0 0 0 0 0 0 0 0 0 0 0 0 0 0 0 0 0 0 0 0 0 0 0 0 0 0 0 0 0 0 0 0 0 0 0 0 0 0 0 0 0 0 0 0 0 0 0 0 0 0 0 0
INFO:tensorflow:masked_lm_positions: 12 13 16 0 0 0 0 0 0 0 0 0 0 0 0 0 0 0 0 0
I1103 07:57:13.004507 47037889819712 create_pretraining_data.py:161] masked_lm_positions: 12 13 16 0 0 0 0 0 0 0 0 0 0 0 0 0 0 0 0 0
INFO:tensorflow:masked_lm_ids: 20893 2434 5360 0 0 0 0 0 0 0 0 0 0 0 0 0 0 0 0 0
I1103 07:57:13.004624 47037889819712 create_pretraining_data.py:161] masked_lm_ids: 20893 2434 5360 0 0 0 0 0 0 0 0 0 0 0 0 0 0 0 0 0
INFO:tensorflow:masked_lm_weights: 1.0 1.0 1.0 0.0 0.0 0.0 0.0 0.0 0.0 0.0 0.0 0.0 0.0 0.0 0.0 0.0 0.0 0.0 0.0 0.0
I1103 07:57:13.004742 47037889819712 create_pretraining_data.py:161] masked_lm_weights: 1.0 1.0 1.0 0.0 0.0 0.0 0.0 0.0 0.0 0.0 0.0 0.0 0.0 0.0 0.0 0.0 0.0 0.0 0.0 0.0
INFO:tensorflow:next_sentence_labels: 1
I1103 07:57:13.004851 47037889819712 create_pretraining_data.py:161] next_sentence_labels: 1
INFO:tensorflow:Wrote 9999710 total instances
I1103 09:00:48.375164 47037889819712 create_pretraining_data.py:166] Wrote 9999710 total instances
