Loading module 'all'
WARNING:tensorflow:From ../bert/create_pretraining_data.py:469: The name tf.app.run is deprecated. Please use tf.compat.v1.app.run instead.

WARNING:tensorflow:From ../bert/create_pretraining_data.py:437: The name tf.logging.set_verbosity is deprecated. Please use tf.compat.v1.logging.set_verbosity instead.

W1103 08:19:22.962372 47117492397120 module_wrapper.py:139] From ../bert/create_pretraining_data.py:437: The name tf.logging.set_verbosity is deprecated. Please use tf.compat.v1.logging.set_verbosity instead.

WARNING:tensorflow:From ../bert/create_pretraining_data.py:437: The name tf.logging.INFO is deprecated. Please use tf.compat.v1.logging.INFO instead.

W1103 08:19:22.962631 47117492397120 module_wrapper.py:139] From ../bert/create_pretraining_data.py:437: The name tf.logging.INFO is deprecated. Please use tf.compat.v1.logging.INFO instead.

WARNING:tensorflow:From /scratch/gi372/CAMeLBERT/bert/tokenization.py:125: The name tf.gfile.GFile is deprecated. Please use tf.io.gfile.GFile instead.

W1103 08:19:22.962851 47117492397120 module_wrapper.py:139] From /scratch/gi372/CAMeLBERT/bert/tokenization.py:125: The name tf.gfile.GFile is deprecated. Please use tf.io.gfile.GFile instead.

WARNING:tensorflow:From ../bert/create_pretraining_data.py:444: The name tf.gfile.Glob is deprecated. Please use tf.io.gfile.glob instead.

W1103 08:19:23.066310 47117492397120 module_wrapper.py:139] From ../bert/create_pretraining_data.py:444: The name tf.gfile.Glob is deprecated. Please use tf.io.gfile.glob instead.

WARNING:tensorflow:From ../bert/create_pretraining_data.py:446: The name tf.logging.info is deprecated. Please use tf.compat.v1.logging.info instead.

W1103 08:19:23.093075 47117492397120 module_wrapper.py:139] From ../bert/create_pretraining_data.py:446: The name tf.logging.info is deprecated. Please use tf.compat.v1.logging.info instead.

INFO:tensorflow:*** Reading from input files ***
I1103 08:19:23.093341 47117492397120 create_pretraining_data.py:446] *** Reading from input files ***
INFO:tensorflow:  ../corpora/shards/DA-ali2019-500m-tweet.bw.ar.lines.shard.224.normalized.sents
I1103 08:19:23.093443 47117492397120 create_pretraining_data.py:448]   ../corpora/shards/DA-ali2019-500m-tweet.bw.ar.lines.shard.224.normalized.sents
INFO:tensorflow:*** Writing to output files ***
I1103 09:02:49.809713 47117492397120 create_pretraining_data.py:457] *** Writing to output files ***
INFO:tensorflow:  ../corpora/tfrecord_wp-30k_msl-128/DA-ali2019-500m-tweet.bw.ar.lines.shard.224.tf_record
I1103 09:02:49.875657 47117492397120 create_pretraining_data.py:459]   ../corpora/tfrecord_wp-30k_msl-128/DA-ali2019-500m-tweet.bw.ar.lines.shard.224.tf_record
WARNING:tensorflow:From ../bert/create_pretraining_data.py:101: The name tf.python_io.TFRecordWriter is deprecated. Please use tf.io.TFRecordWriter instead.

W1103 09:02:49.894642 47117492397120 module_wrapper.py:139] From ../bert/create_pretraining_data.py:101: The name tf.python_io.TFRecordWriter is deprecated. Please use tf.io.TFRecordWriter instead.

INFO:tensorflow:*** Example ***
I1103 09:02:49.941365 47117492397120 create_pretraining_data.py:149] *** Example ***
INFO:tensorflow:tokens: [CLS] ان الله يعلم الاحزاب لا تعلمون [SEP] ماذا تعرف ##هرج تاريخ عمان عمان وطن دح ##ر جيوش الفرس وه ##زم البرتغالي ##ن وطرد ##هم [MASK] الخليج واف ##ريقيا والهند نز ##وي عام [MASK] [MASK] [MASK] [SEP]
I1103 09:02:49.941948 47117492397120 create_pretraining_data.py:151] tokens: [CLS] ان الله يعلم الاحزاب لا تعلمون [SEP] ماذا تعرف ##هرج تاريخ عمان عمان وطن دح ##ر جيوش الفرس وه ##زم البرتغالي ##ن وطرد ##هم [MASK] الخليج واف ##ريقيا والهند نز ##وي عام [MASK] [MASK] [MASK] [SEP]
INFO:tensorflow:input_ids: 2 1939 1953 4515 15118 1963 16968 3 4682 3775 12319 3173 5224 5224 4482 25115 1017 29147 12958 2101 2741 19784 1006 28600 1949 4 4037 4124 4536 20325 4011 1971 2268 4 4 4 3 0 0 0 0 0 0 0 0 0 0 0 0 0 0 0 0 0 0 0 0 0 0 0 0 0 0 0 0 0 0 0 0 0 0 0 0 0 0 0 0 0 0 0 0 0 0 0 0 0 0 0 0 0 0 0 0 0 0 0 0 0 0 0 0 0 0 0 0 0 0 0 0 0 0 0 0 0 0 0 0 0 0 0 0 0 0 0 0 0 0 0
I1103 09:02:49.943385 47117492397120 create_pretraining_data.py:161] input_ids: 2 1939 1953 4515 15118 1963 16968 3 4682 3775 12319 3173 5224 5224 4482 25115 1017 29147 12958 2101 2741 19784 1006 28600 1949 4 4037 4124 4536 20325 4011 1971 2268 4 4 4 3 0 0 0 0 0 0 0 0 0 0 0 0 0 0 0 0 0 0 0 0 0 0 0 0 0 0 0 0 0 0 0 0 0 0 0 0 0 0 0 0 0 0 0 0 0 0 0 0 0 0 0 0 0 0 0 0 0 0 0 0 0 0 0 0 0 0 0 0 0 0 0 0 0 0 0 0 0 0 0 0 0 0 0 0 0 0 0 0 0 0 0
INFO:tensorflow:input_mask: 1 1 1 1 1 1 1 1 1 1 1 1 1 1 1 1 1 1 1 1 1 1 1 1 1 1 1 1 1 1 1 1 1 1 1 1 1 0 0 0 0 0 0 0 0 0 0 0 0 0 0 0 0 0 0 0 0 0 0 0 0 0 0 0 0 0 0 0 0 0 0 0 0 0 0 0 0 0 0 0 0 0 0 0 0 0 0 0 0 0 0 0 0 0 0 0 0 0 0 0 0 0 0 0 0 0 0 0 0 0 0 0 0 0 0 0 0 0 0 0 0 0 0 0 0 0 0 0
I1103 09:02:49.943547 47117492397120 create_pretraining_data.py:161] input_mask: 1 1 1 1 1 1 1 1 1 1 1 1 1 1 1 1 1 1 1 1 1 1 1 1 1 1 1 1 1 1 1 1 1 1 1 1 1 0 0 0 0 0 0 0 0 0 0 0 0 0 0 0 0 0 0 0 0 0 0 0 0 0 0 0 0 0 0 0 0 0 0 0 0 0 0 0 0 0 0 0 0 0 0 0 0 0 0 0 0 0 0 0 0 0 0 0 0 0 0 0 0 0 0 0 0 0 0 0 0 0 0 0 0 0 0 0 0 0 0 0 0 0 0 0 0 0 0 0
INFO:tensorflow:segment_ids: 0 0 0 0 0 0 0 0 1 1 1 1 1 1 1 1 1 1 1 1 1 1 1 1 1 1 1 1 1 1 1 1 1 1 1 1 1 0 0 0 0 0 0 0 0 0 0 0 0 0 0 0 0 0 0 0 0 0 0 0 0 0 0 0 0 0 0 0 0 0 0 0 0 0 0 0 0 0 0 0 0 0 0 0 0 0 0 0 0 0 0 0 0 0 0 0 0 0 0 0 0 0 0 0 0 0 0 0 0 0 0 0 0 0 0 0 0 0 0 0 0 0 0 0 0 0 0 0
I1103 09:02:49.943686 47117492397120 create_pretraining_data.py:161] segment_ids: 0 0 0 0 0 0 0 0 1 1 1 1 1 1 1 1 1 1 1 1 1 1 1 1 1 1 1 1 1 1 1 1 1 1 1 1 1 0 0 0 0 0 0 0 0 0 0 0 0 0 0 0 0 0 0 0 0 0 0 0 0 0 0 0 0 0 0 0 0 0 0 0 0 0 0 0 0 0 0 0 0 0 0 0 0 0 0 0 0 0 0 0 0 0 0 0 0 0 0 0 0 0 0 0 0 0 0 0 0 0 0 0 0 0 0 0 0 0 0 0 0 0 0 0 0 0 0 0
INFO:tensorflow:masked_lm_positions: 4 10 25 33 34 35 0 0 0 0 0 0 0 0 0 0 0 0 0 0
I1103 09:02:49.943783 47117492397120 create_pretraining_data.py:161] masked_lm_positions: 4 10 25 33 34 35 0 0 0 0 0 0 0 0 0 0 0 0 0 0
INFO:tensorflow:masked_lm_ids: 10320 1955 1908 2464 5092 1015 0 0 0 0 0 0 0 0 0 0 0 0 0 0
I1103 09:02:49.943876 47117492397120 create_pretraining_data.py:161] masked_lm_ids: 10320 1955 1908 2464 5092 1015 0 0 0 0 0 0 0 0 0 0 0 0 0 0
INFO:tensorflow:masked_lm_weights: 1.0 1.0 1.0 1.0 1.0 1.0 0.0 0.0 0.0 0.0 0.0 0.0 0.0 0.0 0.0 0.0 0.0 0.0 0.0 0.0
I1103 09:02:49.945523 47117492397120 create_pretraining_data.py:161] masked_lm_weights: 1.0 1.0 1.0 1.0 1.0 1.0 0.0 0.0 0.0 0.0 0.0 0.0 0.0 0.0 0.0 0.0 0.0 0.0 0.0 0.0
INFO:tensorflow:next_sentence_labels: 1
I1103 09:02:49.945632 47117492397120 create_pretraining_data.py:161] next_sentence_labels: 1
INFO:tensorflow:*** Example ***
I1103 09:02:49.946480 47117492397120 create_pretraining_data.py:149] *** Example ***
INFO:tensorflow:tokens: [CLS] مساء الخير علي احلي ناس فالد ##نيا كلها انا كن ##حم ##اق عليكم خليك ##م حدا ##يا كن ##موت عليكم فين ما [MASK] [MASK] احسن [MASK] وقع ##ات فح ##ياتي [MASK] وافتخر [SEP] قروب [MASK] [MASK] الحرف يف ##داك قلبي والغ ##لا [MASK] ##اي [MASK] وتف ##داك روحي والمحبه تل ##يها ضم ##يتك بقلبي و سكن ##تك العين ومن دون شوف ##ك دني ##تي ما ابيه ##ا [SEP]
I1103 09:02:49.946668 47117492397120 create_pretraining_data.py:151] tokens: [CLS] مساء الخير علي احلي ناس فالد ##نيا كلها انا كن ##حم ##اق عليكم خليك ##م حدا ##يا كن ##موت عليكم فين ما [MASK] [MASK] احسن [MASK] وقع ##ات فح ##ياتي [MASK] وافتخر [SEP] قروب [MASK] [MASK] الحرف يف ##داك قلبي والغ ##لا [MASK] ##اي [MASK] وتف ##داك روحي والمحبه تل ##يها ضم ##يتك بقلبي و سكن ##تك العين ومن دون شوف ##ك دني ##تي ما ابيه ##ا [SEP]
INFO:tensorflow:input_ids: 2 3308 2831 1958 6227 3970 23710 2545 4465 2315 3181 1998 2396 4229 14916 1015 11977 1937 3181 17917 4229 6469 1972 4 4 4994 4 5927 1904 5632 6878 4 28229 3 2543 4 4 9519 3078 11306 3018 4500 1903 4 2272 4 6681 11306 7245 28953 7953 18151 7910 4961 11414 415 8264 2348 2273 2298 2571 5729 1014 15937 2005 1972 22977 1007 3 0 0 0 0 0 0 0 0 0 0 0 0 0 0 0 0 0 0 0 0 0 0 0 0 0 0 0 0 0 0 0 0 0 0 0 0 0 0 0 0 0 0 0 0 0 0 0 0 0 0 0 0 0 0 0 0 0 0 0
I1103 09:02:49.946835 47117492397120 create_pretraining_data.py:161] input_ids: 2 3308 2831 1958 6227 3970 23710 2545 4465 2315 3181 1998 2396 4229 14916 1015 11977 1937 3181 17917 4229 6469 1972 4 4 4994 4 5927 1904 5632 6878 4 28229 3 2543 4 4 9519 3078 11306 3018 4500 1903 4 2272 4 6681 11306 7245 28953 7953 18151 7910 4961 11414 415 8264 2348 2273 2298 2571 5729 1014 15937 2005 1972 22977 1007 3 0 0 0 0 0 0 0 0 0 0 0 0 0 0 0 0 0 0 0 0 0 0 0 0 0 0 0 0 0 0 0 0 0 0 0 0 0 0 0 0 0 0 0 0 0 0 0 0 0 0 0 0 0 0 0 0 0 0 0
INFO:tensorflow:input_mask: 1 1 1 1 1 1 1 1 1 1 1 1 1 1 1 1 1 1 1 1 1 1 1 1 1 1 1 1 1 1 1 1 1 1 1 1 1 1 1 1 1 1 1 1 1 1 1 1 1 1 1 1 1 1 1 1 1 1 1 1 1 1 1 1 1 1 1 1 1 0 0 0 0 0 0 0 0 0 0 0 0 0 0 0 0 0 0 0 0 0 0 0 0 0 0 0 0 0 0 0 0 0 0 0 0 0 0 0 0 0 0 0 0 0 0 0 0 0 0 0 0 0 0 0 0 0 0 0
I1103 09:02:49.946983 47117492397120 create_pretraining_data.py:161] input_mask: 1 1 1 1 1 1 1 1 1 1 1 1 1 1 1 1 1 1 1 1 1 1 1 1 1 1 1 1 1 1 1 1 1 1 1 1 1 1 1 1 1 1 1 1 1 1 1 1 1 1 1 1 1 1 1 1 1 1 1 1 1 1 1 1 1 1 1 1 1 0 0 0 0 0 0 0 0 0 0 0 0 0 0 0 0 0 0 0 0 0 0 0 0 0 0 0 0 0 0 0 0 0 0 0 0 0 0 0 0 0 0 0 0 0 0 0 0 0 0 0 0 0 0 0 0 0 0 0
INFO:tensorflow:segment_ids: 0 0 0 0 0 0 0 0 0 0 0 0 0 0 0 0 0 0 0 0 0 0 0 0 0 0 0 0 0 0 0 0 0 0 1 1 1 1 1 1 1 1 1 1 1 1 1 1 1 1 1 1 1 1 1 1 1 1 1 1 1 1 1 1 1 1 1 1 1 0 0 0 0 0 0 0 0 0 0 0 0 0 0 0 0 0 0 0 0 0 0 0 0 0 0 0 0 0 0 0 0 0 0 0 0 0 0 0 0 0 0 0 0 0 0 0 0 0 0 0 0 0 0 0 0 0 0 0
I1103 09:02:49.947113 47117492397120 create_pretraining_data.py:161] segment_ids: 0 0 0 0 0 0 0 0 0 0 0 0 0 0 0 0 0 0 0 0 0 0 0 0 0 0 0 0 0 0 0 0 0 0 1 1 1 1 1 1 1 1 1 1 1 1 1 1 1 1 1 1 1 1 1 1 1 1 1 1 1 1 1 1 1 1 1 1 1 0 0 0 0 0 0 0 0 0 0 0 0 0 0 0 0 0 0 0 0 0 0 0 0 0 0 0 0 0 0 0 0 0 0 0 0 0 0 0 0 0 0 0 0 0 0 0 0 0 0 0 0 0 0 0 0 0 0 0
INFO:tensorflow:masked_lm_positions: 13 23 24 26 31 35 36 43 44 45 0 0 0 0 0 0 0 0 0 0
I1103 09:02:49.947208 47117492397120 create_pretraining_data.py:161] masked_lm_positions: 13 23 24 26 31 35 36 43 44 45 0 0 0 0 0 0 0 0 0 0
INFO:tensorflow:masked_lm_ids: 4229 2678 1012 3909 27544 6051 1045 12367 2272 1911 0 0 0 0 0 0 0 0 0 0
I1103 09:02:49.947300 47117492397120 create_pretraining_data.py:161] masked_lm_ids: 4229 2678 1012 3909 27544 6051 1045 12367 2272 1911 0 0 0 0 0 0 0 0 0 0
INFO:tensorflow:masked_lm_weights: 1.0 1.0 1.0 1.0 1.0 1.0 1.0 1.0 1.0 1.0 0.0 0.0 0.0 0.0 0.0 0.0 0.0 0.0 0.0 0.0
I1103 09:02:49.947393 47117492397120 create_pretraining_data.py:161] masked_lm_weights: 1.0 1.0 1.0 1.0 1.0 1.0 1.0 1.0 1.0 1.0 0.0 0.0 0.0 0.0 0.0 0.0 0.0 0.0 0.0 0.0
INFO:tensorflow:next_sentence_labels: 1
I1103 09:02:49.947477 47117492397120 create_pretraining_data.py:161] next_sentence_labels: 1
INFO:tensorflow:*** Example ***
I1103 09:02:49.948259 47117492397120 create_pretraining_data.py:149] *** Example ***
INFO:tensorflow:tokens: [CLS] [MASK] باسم اللجنه الدوليه ل الصليب الاحمر المواد الغذائي ##ه دخلت مضايا قبل شهرين [MASK] عن حدوث مج ##اعه غير [MASK] [MASK] من طرف ##نا [SEP] [MASK] السهر ##ات عراقي سعودي مغربي مصري [SEP]
I1103 09:02:49.948398 47117492397120 create_pretraining_data.py:151] tokens: [CLS] [MASK] باسم اللجنه الدوليه ل الصليب الاحمر المواد الغذائي ##ه دخلت مضايا قبل شهرين [MASK] عن حدوث مج ##اعه غير [MASK] [MASK] من طرف ##نا [SEP] [MASK] السهر ##ات عراقي سعودي مغربي مصري [SEP]
INFO:tensorflow:input_ids: 2 4 3936 22789 17965 411 21352 11063 4989 18722 1028 8434 6052 2289 9141 4 1955 8955 2079 3113 2224 4 4 1908 5488 1914 3 4 13778 1904 10175 5999 12314 8021 3 0 0 0 0 0 0 0 0 0 0 0 0 0 0 0 0 0 0 0 0 0 0 0 0 0 0 0 0 0 0 0 0 0 0 0 0 0 0 0 0 0 0 0 0 0 0 0 0 0 0 0 0 0 0 0 0 0 0 0 0 0 0 0 0 0 0 0 0 0 0 0 0 0 0 0 0 0 0 0 0 0 0 0 0 0 0 0 0 0 0 0 0 0
I1103 09:02:49.948551 47117492397120 create_pretraining_data.py:161] input_ids: 2 4 3936 22789 17965 411 21352 11063 4989 18722 1028 8434 6052 2289 9141 4 1955 8955 2079 3113 2224 4 4 1908 5488 1914 3 4 13778 1904 10175 5999 12314 8021 3 0 0 0 0 0 0 0 0 0 0 0 0 0 0 0 0 0 0 0 0 0 0 0 0 0 0 0 0 0 0 0 0 0 0 0 0 0 0 0 0 0 0 0 0 0 0 0 0 0 0 0 0 0 0 0 0 0 0 0 0 0 0 0 0 0 0 0 0 0 0 0 0 0 0 0 0 0 0 0 0 0 0 0 0 0 0 0 0 0 0 0 0 0
INFO:tensorflow:input_mask: 1 1 1 1 1 1 1 1 1 1 1 1 1 1 1 1 1 1 1 1 1 1 1 1 1 1 1 1 1 1 1 1 1 1 1 0 0 0 0 0 0 0 0 0 0 0 0 0 0 0 0 0 0 0 0 0 0 0 0 0 0 0 0 0 0 0 0 0 0 0 0 0 0 0 0 0 0 0 0 0 0 0 0 0 0 0 0 0 0 0 0 0 0 0 0 0 0 0 0 0 0 0 0 0 0 0 0 0 0 0 0 0 0 0 0 0 0 0 0 0 0 0 0 0 0 0 0 0
I1103 09:02:49.948718 47117492397120 create_pretraining_data.py:161] input_mask: 1 1 1 1 1 1 1 1 1 1 1 1 1 1 1 1 1 1 1 1 1 1 1 1 1 1 1 1 1 1 1 1 1 1 1 0 0 0 0 0 0 0 0 0 0 0 0 0 0 0 0 0 0 0 0 0 0 0 0 0 0 0 0 0 0 0 0 0 0 0 0 0 0 0 0 0 0 0 0 0 0 0 0 0 0 0 0 0 0 0 0 0 0 0 0 0 0 0 0 0 0 0 0 0 0 0 0 0 0 0 0 0 0 0 0 0 0 0 0 0 0 0 0 0 0 0 0 0
INFO:tensorflow:segment_ids: 0 0 0 0 0 0 0 0 0 0 0 0 0 0 0 0 0 0 0 0 0 0 0 0 0 0 0 1 1 1 1 1 1 1 1 0 0 0 0 0 0 0 0 0 0 0 0 0 0 0 0 0 0 0 0 0 0 0 0 0 0 0 0 0 0 0 0 0 0 0 0 0 0 0 0 0 0 0 0 0 0 0 0 0 0 0 0 0 0 0 0 0 0 0 0 0 0 0 0 0 0 0 0 0 0 0 0 0 0 0 0 0 0 0 0 0 0 0 0 0 0 0 0 0 0 0 0 0
I1103 09:02:49.948847 47117492397120 create_pretraining_data.py:161] segment_ids: 0 0 0 0 0 0 0 0 0 0 0 0 0 0 0 0 0 0 0 0 0 0 0 0 0 0 0 1 1 1 1 1 1 1 1 0 0 0 0 0 0 0 0 0 0 0 0 0 0 0 0 0 0 0 0 0 0 0 0 0 0 0 0 0 0 0 0 0 0 0 0 0 0 0 0 0 0 0 0 0 0 0 0 0 0 0 0 0 0 0 0 0 0 0 0 0 0 0 0 0 0 0 0 0 0 0 0 0 0 0 0 0 0 0 0 0 0 0 0 0 0 0 0 0 0 0 0 0
INFO:tensorflow:masked_lm_positions: 1 15 21 22 27 0 0 0 0 0 0 0 0 0 0 0 0 0 0 0
I1103 09:02:49.948943 47117492397120 create_pretraining_data.py:161] masked_lm_positions: 1 15 21 22 27 0 0 0 0 0 0 0 0 0 0 0 0 0 0 0
INFO:tensorflow:masked_lm_ids: 12521 11834 5815 2124 24834 0 0 0 0 0 0 0 0 0 0 0 0 0 0 0
I1103 09:02:49.949052 47117492397120 create_pretraining_data.py:161] masked_lm_ids: 12521 11834 5815 2124 24834 0 0 0 0 0 0 0 0 0 0 0 0 0 0 0
INFO:tensorflow:masked_lm_weights: 1.0 1.0 1.0 1.0 1.0 0.0 0.0 0.0 0.0 0.0 0.0 0.0 0.0 0.0 0.0 0.0 0.0 0.0 0.0 0.0
I1103 09:02:49.949165 47117492397120 create_pretraining_data.py:161] masked_lm_weights: 1.0 1.0 1.0 1.0 1.0 0.0 0.0 0.0 0.0 0.0 0.0 0.0 0.0 0.0 0.0 0.0 0.0 0.0 0.0 0.0
INFO:tensorflow:next_sentence_labels: 1
I1103 09:02:49.949265 47117492397120 create_pretraining_data.py:161] next_sentence_labels: 1
INFO:tensorflow:*** Example ***
I1103 09:02:49.950201 47117492397120 create_pretraining_data.py:149] *** Example ***
INFO:tensorflow:tokens: [CLS] اللي يب ##غي ##نا ي ##يجي معانا و [MASK] ما يب ##غي ينس ##انا [SEP] المتواجدين رتويت عشان انزل لتسجيل ##ي ام ##وو ##ح [SEP]
I1103 09:02:49.950361 47117492397120 create_pretraining_data.py:151] tokens: [CLS] اللي يب ##غي ##نا ي ##يجي معانا و [MASK] ما يب ##غي ينس ##انا [SEP] المتواجدين رتويت عشان انزل لتسجيل ##ي ام ##وو ##ح [SEP]
INFO:tensorflow:input_ids: 2 2115 2888 2662 1914 417 10530 11413 415 4 1972 2888 2662 9406 2534 3 15164 2928 3573 11392 28608 1013 2112 3065 1032 3 0 0 0 0 0 0 0 0 0 0 0 0 0 0 0 0 0 0 0 0 0 0 0 0 0 0 0 0 0 0 0 0 0 0 0 0 0 0 0 0 0 0 0 0 0 0 0 0 0 0 0 0 0 0 0 0 0 0 0 0 0 0 0 0 0 0 0 0 0 0 0 0 0 0 0 0 0 0 0 0 0 0 0 0 0 0 0 0 0 0 0 0 0 0 0 0 0 0 0 0 0 0
I1103 09:02:49.950530 47117492397120 create_pretraining_data.py:161] input_ids: 2 2115 2888 2662 1914 417 10530 11413 415 4 1972 2888 2662 9406 2534 3 15164 2928 3573 11392 28608 1013 2112 3065 1032 3 0 0 0 0 0 0 0 0 0 0 0 0 0 0 0 0 0 0 0 0 0 0 0 0 0 0 0 0 0 0 0 0 0 0 0 0 0 0 0 0 0 0 0 0 0 0 0 0 0 0 0 0 0 0 0 0 0 0 0 0 0 0 0 0 0 0 0 0 0 0 0 0 0 0 0 0 0 0 0 0 0 0 0 0 0 0 0 0 0 0 0 0 0 0 0 0 0 0 0 0 0 0
INFO:tensorflow:input_mask: 1 1 1 1 1 1 1 1 1 1 1 1 1 1 1 1 1 1 1 1 1 1 1 1 1 1 0 0 0 0 0 0 0 0 0 0 0 0 0 0 0 0 0 0 0 0 0 0 0 0 0 0 0 0 0 0 0 0 0 0 0 0 0 0 0 0 0 0 0 0 0 0 0 0 0 0 0 0 0 0 0 0 0 0 0 0 0 0 0 0 0 0 0 0 0 0 0 0 0 0 0 0 0 0 0 0 0 0 0 0 0 0 0 0 0 0 0 0 0 0 0 0 0 0 0 0 0 0
I1103 09:02:49.950697 47117492397120 create_pretraining_data.py:161] input_mask: 1 1 1 1 1 1 1 1 1 1 1 1 1 1 1 1 1 1 1 1 1 1 1 1 1 1 0 0 0 0 0 0 0 0 0 0 0 0 0 0 0 0 0 0 0 0 0 0 0 0 0 0 0 0 0 0 0 0 0 0 0 0 0 0 0 0 0 0 0 0 0 0 0 0 0 0 0 0 0 0 0 0 0 0 0 0 0 0 0 0 0 0 0 0 0 0 0 0 0 0 0 0 0 0 0 0 0 0 0 0 0 0 0 0 0 0 0 0 0 0 0 0 0 0 0 0 0 0
INFO:tensorflow:segment_ids: 0 0 0 0 0 0 0 0 0 0 0 0 0 0 0 0 1 1 1 1 1 1 1 1 1 1 0 0 0 0 0 0 0 0 0 0 0 0 0 0 0 0 0 0 0 0 0 0 0 0 0 0 0 0 0 0 0 0 0 0 0 0 0 0 0 0 0 0 0 0 0 0 0 0 0 0 0 0 0 0 0 0 0 0 0 0 0 0 0 0 0 0 0 0 0 0 0 0 0 0 0 0 0 0 0 0 0 0 0 0 0 0 0 0 0 0 0 0 0 0 0 0 0 0 0 0 0 0
I1103 09:02:49.950865 47117492397120 create_pretraining_data.py:161] segment_ids: 0 0 0 0 0 0 0 0 0 0 0 0 0 0 0 0 1 1 1 1 1 1 1 1 1 1 0 0 0 0 0 0 0 0 0 0 0 0 0 0 0 0 0 0 0 0 0 0 0 0 0 0 0 0 0 0 0 0 0 0 0 0 0 0 0 0 0 0 0 0 0 0 0 0 0 0 0 0 0 0 0 0 0 0 0 0 0 0 0 0 0 0 0 0 0 0 0 0 0 0 0 0 0 0 0 0 0 0 0 0 0 0 0 0 0 0 0 0 0 0 0 0 0 0 0 0 0 0
INFO:tensorflow:masked_lm_positions: 8 9 20 21 0 0 0 0 0 0 0 0 0 0 0 0 0 0 0 0
I1103 09:02:49.950979 47117492397120 create_pretraining_data.py:161] masked_lm_positions: 8 9 20 21 0 0 0 0 0 0 0 0 0 0 0 0 0 0 0 0
INFO:tensorflow:masked_lm_ids: 415 2115 2649 1013 0 0 0 0 0 0 0 0 0 0 0 0 0 0 0 0
I1103 09:02:49.951087 47117492397120 create_pretraining_data.py:161] masked_lm_ids: 415 2115 2649 1013 0 0 0 0 0 0 0 0 0 0 0 0 0 0 0 0
INFO:tensorflow:masked_lm_weights: 1.0 1.0 1.0 1.0 0.0 0.0 0.0 0.0 0.0 0.0 0.0 0.0 0.0 0.0 0.0 0.0 0.0 0.0 0.0 0.0
I1103 09:02:49.951199 47117492397120 create_pretraining_data.py:161] masked_lm_weights: 1.0 1.0 1.0 1.0 0.0 0.0 0.0 0.0 0.0 0.0 0.0 0.0 0.0 0.0 0.0 0.0 0.0 0.0 0.0 0.0
INFO:tensorflow:next_sentence_labels: 1
I1103 09:02:49.951299 47117492397120 create_pretraining_data.py:161] next_sentence_labels: 1
INFO:tensorflow:*** Example ***
I1103 09:02:49.952057 47117492397120 create_pretraining_data.py:149] *** Example ***
INFO:tensorflow:tokens: [CLS] منو افضل دكتور حق [SEP] لا [MASK] في عمري حظوظ وتوا ##فيق انت اجمل حظ عشت ##ه [MASK] [MASK] [SEP]
I1103 09:02:49.952209 47117492397120 create_pretraining_data.py:151] tokens: [CLS] منو افضل دكتور حق [SEP] لا [MASK] في عمري حظوظ وتوا ##فيق انت اجمل حظ عشت ##ه [MASK] [MASK] [SEP]
INFO:tensorflow:input_ids: 2 13274 2931 5351 2576 3 1963 4 1912 5981 24460 21240 4978 2164 3244 5301 18234 1028 4 4 3 0 0 0 0 0 0 0 0 0 0 0 0 0 0 0 0 0 0 0 0 0 0 0 0 0 0 0 0 0 0 0 0 0 0 0 0 0 0 0 0 0 0 0 0 0 0 0 0 0 0 0 0 0 0 0 0 0 0 0 0 0 0 0 0 0 0 0 0 0 0 0 0 0 0 0 0 0 0 0 0 0 0 0 0 0 0 0 0 0 0 0 0 0 0 0 0 0 0 0 0 0 0 0 0 0 0 0
I1103 09:02:49.952376 47117492397120 create_pretraining_data.py:161] input_ids: 2 13274 2931 5351 2576 3 1963 4 1912 5981 24460 21240 4978 2164 3244 5301 18234 1028 4 4 3 0 0 0 0 0 0 0 0 0 0 0 0 0 0 0 0 0 0 0 0 0 0 0 0 0 0 0 0 0 0 0 0 0 0 0 0 0 0 0 0 0 0 0 0 0 0 0 0 0 0 0 0 0 0 0 0 0 0 0 0 0 0 0 0 0 0 0 0 0 0 0 0 0 0 0 0 0 0 0 0 0 0 0 0 0 0 0 0 0 0 0 0 0 0 0 0 0 0 0 0 0 0 0 0 0 0 0
INFO:tensorflow:input_mask: 1 1 1 1 1 1 1 1 1 1 1 1 1 1 1 1 1 1 1 1 1 0 0 0 0 0 0 0 0 0 0 0 0 0 0 0 0 0 0 0 0 0 0 0 0 0 0 0 0 0 0 0 0 0 0 0 0 0 0 0 0 0 0 0 0 0 0 0 0 0 0 0 0 0 0 0 0 0 0 0 0 0 0 0 0 0 0 0 0 0 0 0 0 0 0 0 0 0 0 0 0 0 0 0 0 0 0 0 0 0 0 0 0 0 0 0 0 0 0 0 0 0 0 0 0 0 0 0
I1103 09:02:49.952534 47117492397120 create_pretraining_data.py:161] input_mask: 1 1 1 1 1 1 1 1 1 1 1 1 1 1 1 1 1 1 1 1 1 0 0 0 0 0 0 0 0 0 0 0 0 0 0 0 0 0 0 0 0 0 0 0 0 0 0 0 0 0 0 0 0 0 0 0 0 0 0 0 0 0 0 0 0 0 0 0 0 0 0 0 0 0 0 0 0 0 0 0 0 0 0 0 0 0 0 0 0 0 0 0 0 0 0 0 0 0 0 0 0 0 0 0 0 0 0 0 0 0 0 0 0 0 0 0 0 0 0 0 0 0 0 0 0 0 0 0
INFO:tensorflow:segment_ids: 0 0 0 0 0 0 1 1 1 1 1 1 1 1 1 1 1 1 1 1 1 0 0 0 0 0 0 0 0 0 0 0 0 0 0 0 0 0 0 0 0 0 0 0 0 0 0 0 0 0 0 0 0 0 0 0 0 0 0 0 0 0 0 0 0 0 0 0 0 0 0 0 0 0 0 0 0 0 0 0 0 0 0 0 0 0 0 0 0 0 0 0 0 0 0 0 0 0 0 0 0 0 0 0 0 0 0 0 0 0 0 0 0 0 0 0 0 0 0 0 0 0 0 0 0 0 0 0
I1103 09:02:49.952693 47117492397120 create_pretraining_data.py:161] segment_ids: 0 0 0 0 0 0 1 1 1 1 1 1 1 1 1 1 1 1 1 1 1 0 0 0 0 0 0 0 0 0 0 0 0 0 0 0 0 0 0 0 0 0 0 0 0 0 0 0 0 0 0 0 0 0 0 0 0 0 0 0 0 0 0 0 0 0 0 0 0 0 0 0 0 0 0 0 0 0 0 0 0 0 0 0 0 0 0 0 0 0 0 0 0 0 0 0 0 0 0 0 0 0 0 0 0 0 0 0 0 0 0 0 0 0 0 0 0 0 0 0 0 0 0 0 0 0 0 0
INFO:tensorflow:masked_lm_positions: 7 18 19 0 0 0 0 0 0 0 0 0 0 0 0 0 0 0 0 0
I1103 09:02:49.952825 47117492397120 create_pretraining_data.py:161] masked_lm_positions: 7 18 19 0 0 0 0 0 0 0 0 0 0 0 0 0 0 0 0 0
INFO:tensorflow:masked_lm_ids: 4109 2200 2022 0 0 0 0 0 0 0 0 0 0 0 0 0 0 0 0 0
I1103 09:02:49.952935 47117492397120 create_pretraining_data.py:161] masked_lm_ids: 4109 2200 2022 0 0 0 0 0 0 0 0 0 0 0 0 0 0 0 0 0
INFO:tensorflow:masked_lm_weights: 1.0 1.0 1.0 0.0 0.0 0.0 0.0 0.0 0.0 0.0 0.0 0.0 0.0 0.0 0.0 0.0 0.0 0.0 0.0 0.0
I1103 09:02:49.953048 47117492397120 create_pretraining_data.py:161] masked_lm_weights: 1.0 1.0 1.0 0.0 0.0 0.0 0.0 0.0 0.0 0.0 0.0 0.0 0.0 0.0 0.0 0.0 0.0 0.0 0.0 0.0
INFO:tensorflow:next_sentence_labels: 1
I1103 09:02:49.953149 47117492397120 create_pretraining_data.py:161] next_sentence_labels: 1
INFO:tensorflow:*** Example ***
I1103 09:02:49.953882 47117492397120 create_pretraining_data.py:149] *** Example ***
INFO:tensorflow:tokens: [CLS] عكاظ مث ##قف ##ون الاصدار ##ات الحديث ##ه [MASK] جذاب ومنت ##ج ردي ##ء [SEP] السلام عليكم ورحمه الله وبركاته مساكم [MASK] بالخير والفت ##ح والتم ##كين لدوله الاسلام نسيت كم كان [MASK] وان ##ح ##ذف ##ت صوره [MASK] القديم [MASK] [MASK] [MASK] الدعم [SEP]
I1103 09:02:49.954041 47117492397120 create_pretraining_data.py:151] tokens: [CLS] عكاظ مث ##قف ##ون الاصدار ##ات الحديث ##ه [MASK] جذاب ومنت ##ج ردي ##ء [SEP] السلام عليكم ورحمه الله وبركاته مساكم [MASK] بالخير والفت ##ح والتم ##كين لدوله الاسلام نسيت كم كان [MASK] وان ##ح ##ذف ##ت صوره [MASK] القديم [MASK] [MASK] [MASK] الدعم [SEP]
INFO:tensorflow:input_ids: 2 20051 3066 3241 1922 27871 1904 3242 1028 4 29162 11982 1041 19437 1053 3 2795 4229 13321 1953 12223 22050 4 6269 21700 1032 17976 4659 26894 4339 10195 2995 2055 4 2178 1032 5158 1005 4187 4 7334 4 4 4 4534 3 0 0 0 0 0 0 0 0 0 0 0 0 0 0 0 0 0 0 0 0 0 0 0 0 0 0 0 0 0 0 0 0 0 0 0 0 0 0 0 0 0 0 0 0 0 0 0 0 0 0 0 0 0 0 0 0 0 0 0 0 0 0 0 0 0 0 0 0 0 0 0 0 0 0 0 0 0 0 0 0 0 0
I1103 09:02:49.954215 47117492397120 create_pretraining_data.py:161] input_ids: 2 20051 3066 3241 1922 27871 1904 3242 1028 4 29162 11982 1041 19437 1053 3 2795 4229 13321 1953 12223 22050 4 6269 21700 1032 17976 4659 26894 4339 10195 2995 2055 4 2178 1032 5158 1005 4187 4 7334 4 4 4 4534 3 0 0 0 0 0 0 0 0 0 0 0 0 0 0 0 0 0 0 0 0 0 0 0 0 0 0 0 0 0 0 0 0 0 0 0 0 0 0 0 0 0 0 0 0 0 0 0 0 0 0 0 0 0 0 0 0 0 0 0 0 0 0 0 0 0 0 0 0 0 0 0 0 0 0 0 0 0 0 0 0 0 0
INFO:tensorflow:input_mask: 1 1 1 1 1 1 1 1 1 1 1 1 1 1 1 1 1 1 1 1 1 1 1 1 1 1 1 1 1 1 1 1 1 1 1 1 1 1 1 1 1 1 1 1 1 1 0 0 0 0 0 0 0 0 0 0 0 0 0 0 0 0 0 0 0 0 0 0 0 0 0 0 0 0 0 0 0 0 0 0 0 0 0 0 0 0 0 0 0 0 0 0 0 0 0 0 0 0 0 0 0 0 0 0 0 0 0 0 0 0 0 0 0 0 0 0 0 0 0 0 0 0 0 0 0 0 0 0
I1103 09:02:49.954374 47117492397120 create_pretraining_data.py:161] input_mask: 1 1 1 1 1 1 1 1 1 1 1 1 1 1 1 1 1 1 1 1 1 1 1 1 1 1 1 1 1 1 1 1 1 1 1 1 1 1 1 1 1 1 1 1 1 1 0 0 0 0 0 0 0 0 0 0 0 0 0 0 0 0 0 0 0 0 0 0 0 0 0 0 0 0 0 0 0 0 0 0 0 0 0 0 0 0 0 0 0 0 0 0 0 0 0 0 0 0 0 0 0 0 0 0 0 0 0 0 0 0 0 0 0 0 0 0 0 0 0 0 0 0 0 0 0 0 0 0
INFO:tensorflow:segment_ids: 0 0 0 0 0 0 0 0 0 0 0 0 0 0 0 0 1 1 1 1 1 1 1 1 1 1 1 1 1 1 1 1 1 1 1 1 1 1 1 1 1 1 1 1 1 1 0 0 0 0 0 0 0 0 0 0 0 0 0 0 0 0 0 0 0 0 0 0 0 0 0 0 0 0 0 0 0 0 0 0 0 0 0 0 0 0 0 0 0 0 0 0 0 0 0 0 0 0 0 0 0 0 0 0 0 0 0 0 0 0 0 0 0 0 0 0 0 0 0 0 0 0 0 0 0 0 0 0
I1103 09:02:49.954527 47117492397120 create_pretraining_data.py:161] segment_ids: 0 0 0 0 0 0 0 0 0 0 0 0 0 0 0 0 1 1 1 1 1 1 1 1 1 1 1 1 1 1 1 1 1 1 1 1 1 1 1 1 1 1 1 1 1 1 0 0 0 0 0 0 0 0 0 0 0 0 0 0 0 0 0 0 0 0 0 0 0 0 0 0 0 0 0 0 0 0 0 0 0 0 0 0 0 0 0 0 0 0 0 0 0 0 0 0 0 0 0 0 0 0 0 0 0 0 0 0 0 0 0 0 0 0 0 0 0 0 0 0 0 0 0 0 0 0 0 0
INFO:tensorflow:masked_lm_positions: 9 22 33 39 41 42 43 0 0 0 0 0 0 0 0 0 0 0 0 0
I1103 09:02:49.954662 47117492397120 create_pretraining_data.py:161] masked_lm_positions: 9 22 33 39 41 42 43 0 0 0 0 0 0 0 0 0 0 0 0 0
INFO:tensorflow:masked_lm_ids: 17596 1953 6396 6396 2263 6179 1007 0 0 0 0 0 0 0 0 0 0 0 0 0
I1103 09:02:49.954775 47117492397120 create_pretraining_data.py:161] masked_lm_ids: 17596 1953 6396 6396 2263 6179 1007 0 0 0 0 0 0 0 0 0 0 0 0 0
INFO:tensorflow:masked_lm_weights: 1.0 1.0 1.0 1.0 1.0 1.0 1.0 0.0 0.0 0.0 0.0 0.0 0.0 0.0 0.0 0.0 0.0 0.0 0.0 0.0
I1103 09:02:49.954887 47117492397120 create_pretraining_data.py:161] masked_lm_weights: 1.0 1.0 1.0 1.0 1.0 1.0 1.0 0.0 0.0 0.0 0.0 0.0 0.0 0.0 0.0 0.0 0.0 0.0 0.0 0.0
INFO:tensorflow:next_sentence_labels: 1
I1103 09:02:49.954988 47117492397120 create_pretraining_data.py:161] next_sentence_labels: 1
INFO:tensorflow:*** Example ***
I1103 09:02:49.955750 47117492397120 create_pretraining_data.py:149] *** Example ***
INFO:tensorflow:tokens: [CLS] [MASK] [MASK] كنا ##ني كنا ##ني كنا ##ني كنا ##ني [SEP] الاشكال هذي ماتدري وش تقول عنها يحق [MASK] تحب ##ين متس ##ابق ##ك [MASK] [MASK] [MASK] بس ماي ##حق لك اها ##نه غيره علي حسابه زد رصيدك5 ##5 [SEP]
I1103 09:02:49.955913 47117492397120 create_pretraining_data.py:151] tokens: [CLS] [MASK] [MASK] كنا ##ني كنا ##ني كنا ##ني كنا ##ني [SEP] الاشكال هذي ماتدري وش تقول عنها يحق [MASK] تحب ##ين متس ##ابق ##ك [MASK] [MASK] [MASK] بس ماي ##حق لك اها ##نه غيره علي حسابه زد رصيدك5 ##5 [SEP]
INFO:tensorflow:input_ids: 2 4 4 5500 1974 5500 1974 5500 1974 5500 1974 3 28258 5867 27326 2347 4018 3851 11299 4 3965 1911 12134 10100 1014 4 4 4 2357 3165 2927 2278 26961 2110 5504 1958 12397 3477 11361 1030 3 0 0 0 0 0 0 0 0 0 0 0 0 0 0 0 0 0 0 0 0 0 0 0 0 0 0 0 0 0 0 0 0 0 0 0 0 0 0 0 0 0 0 0 0 0 0 0 0 0 0 0 0 0 0 0 0 0 0 0 0 0 0 0 0 0 0 0 0 0 0 0 0 0 0 0 0 0 0 0 0 0 0 0 0 0 0 0
I1103 09:02:49.956099 47117492397120 create_pretraining_data.py:161] input_ids: 2 4 4 5500 1974 5500 1974 5500 1974 5500 1974 3 28258 5867 27326 2347 4018 3851 11299 4 3965 1911 12134 10100 1014 4 4 4 2357 3165 2927 2278 26961 2110 5504 1958 12397 3477 11361 1030 3 0 0 0 0 0 0 0 0 0 0 0 0 0 0 0 0 0 0 0 0 0 0 0 0 0 0 0 0 0 0 0 0 0 0 0 0 0 0 0 0 0 0 0 0 0 0 0 0 0 0 0 0 0 0 0 0 0 0 0 0 0 0 0 0 0 0 0 0 0 0 0 0 0 0 0 0 0 0 0 0 0 0 0 0 0 0 0
INFO:tensorflow:input_mask: 1 1 1 1 1 1 1 1 1 1 1 1 1 1 1 1 1 1 1 1 1 1 1 1 1 1 1 1 1 1 1 1 1 1 1 1 1 1 1 1 1 0 0 0 0 0 0 0 0 0 0 0 0 0 0 0 0 0 0 0 0 0 0 0 0 0 0 0 0 0 0 0 0 0 0 0 0 0 0 0 0 0 0 0 0 0 0 0 0 0 0 0 0 0 0 0 0 0 0 0 0 0 0 0 0 0 0 0 0 0 0 0 0 0 0 0 0 0 0 0 0 0 0 0 0 0 0 0
I1103 09:02:49.956232 47117492397120 create_pretraining_data.py:161] input_mask: 1 1 1 1 1 1 1 1 1 1 1 1 1 1 1 1 1 1 1 1 1 1 1 1 1 1 1 1 1 1 1 1 1 1 1 1 1 1 1 1 1 0 0 0 0 0 0 0 0 0 0 0 0 0 0 0 0 0 0 0 0 0 0 0 0 0 0 0 0 0 0 0 0 0 0 0 0 0 0 0 0 0 0 0 0 0 0 0 0 0 0 0 0 0 0 0 0 0 0 0 0 0 0 0 0 0 0 0 0 0 0 0 0 0 0 0 0 0 0 0 0 0 0 0 0 0 0 0
INFO:tensorflow:segment_ids: 0 0 0 0 0 0 0 0 0 0 0 0 1 1 1 1 1 1 1 1 1 1 1 1 1 1 1 1 1 1 1 1 1 1 1 1 1 1 1 1 1 0 0 0 0 0 0 0 0 0 0 0 0 0 0 0 0 0 0 0 0 0 0 0 0 0 0 0 0 0 0 0 0 0 0 0 0 0 0 0 0 0 0 0 0 0 0 0 0 0 0 0 0 0 0 0 0 0 0 0 0 0 0 0 0 0 0 0 0 0 0 0 0 0 0 0 0 0 0 0 0 0 0 0 0 0 0 0
I1103 09:02:49.956359 47117492397120 create_pretraining_data.py:161] segment_ids: 0 0 0 0 0 0 0 0 0 0 0 0 1 1 1 1 1 1 1 1 1 1 1 1 1 1 1 1 1 1 1 1 1 1 1 1 1 1 1 1 1 0 0 0 0 0 0 0 0 0 0 0 0 0 0 0 0 0 0 0 0 0 0 0 0 0 0 0 0 0 0 0 0 0 0 0 0 0 0 0 0 0 0 0 0 0 0 0 0 0 0 0 0 0 0 0 0 0 0 0 0 0 0 0 0 0 0 0 0 0 0 0 0 0 0 0 0 0 0 0 0 0 0 0 0 0 0 0
INFO:tensorflow:masked_lm_positions: 1 2 19 25 26 27 0 0 0 0 0 0 0 0 0 0 0 0 0 0
I1103 09:02:49.956455 47117492397120 create_pretraining_data.py:161] masked_lm_positions: 1 2 19 25 26 27 0 0 0 0 0 0 0 0 0 0 0 0 0 0
INFO:tensorflow:masked_lm_ids: 3592 4621 2278 4402 3464 2960 0 0 0 0 0 0 0 0 0 0 0 0 0 0
I1103 09:02:49.956559 47117492397120 create_pretraining_data.py:161] masked_lm_ids: 3592 4621 2278 4402 3464 2960 0 0 0 0 0 0 0 0 0 0 0 0 0 0
INFO:tensorflow:masked_lm_weights: 1.0 1.0 1.0 1.0 1.0 1.0 0.0 0.0 0.0 0.0 0.0 0.0 0.0 0.0 0.0 0.0 0.0 0.0 0.0 0.0
I1103 09:02:49.956660 47117492397120 create_pretraining_data.py:161] masked_lm_weights: 1.0 1.0 1.0 1.0 1.0 1.0 0.0 0.0 0.0 0.0 0.0 0.0 0.0 0.0 0.0 0.0 0.0 0.0 0.0 0.0
INFO:tensorflow:next_sentence_labels: 1
I1103 09:02:49.956744 47117492397120 create_pretraining_data.py:161] next_sentence_labels: 1
INFO:tensorflow:*** Example ***
I1103 09:02:49.957373 47117492397120 create_pretraining_data.py:149] *** Example ***
INFO:tensorflow:tokens: [CLS] [MASK] المتحده النظام يمنع وصول المساعدات اموات [MASK] [MASK] تموت جوعا [SEP] عيب تتكلم بشيء والشخص اللي قدامك فاقد ##ه ايا كان تعلم تن ##طم شوي [SEP]
I1103 09:02:49.957504 47117492397120 create_pretraining_data.py:151] tokens: [CLS] [MASK] المتحده النظام يمنع وصول المساعدات اموات [MASK] [MASK] تموت جوعا [SEP] عيب تتكلم بشيء والشخص اللي قدامك فاقد ##ه ايا كان تعلم تن ##طم شوي [SEP]
INFO:tensorflow:input_ids: 2 4 13384 3618 7657 7034 11554 17204 4 4 7873 10222 3 9610 12234 10302 18386 2115 26575 14902 1028 11628 2055 3698 2245 9033 8096 3 0 0 0 0 0 0 0 0 0 0 0 0 0 0 0 0 0 0 0 0 0 0 0 0 0 0 0 0 0 0 0 0 0 0 0 0 0 0 0 0 0 0 0 0 0 0 0 0 0 0 0 0 0 0 0 0 0 0 0 0 0 0 0 0 0 0 0 0 0 0 0 0 0 0 0 0 0 0 0 0 0 0 0 0 0 0 0 0 0 0 0 0 0 0 0 0 0 0 0 0
I1103 09:02:49.957654 47117492397120 create_pretraining_data.py:161] input_ids: 2 4 13384 3618 7657 7034 11554 17204 4 4 7873 10222 3 9610 12234 10302 18386 2115 26575 14902 1028 11628 2055 3698 2245 9033 8096 3 0 0 0 0 0 0 0 0 0 0 0 0 0 0 0 0 0 0 0 0 0 0 0 0 0 0 0 0 0 0 0 0 0 0 0 0 0 0 0 0 0 0 0 0 0 0 0 0 0 0 0 0 0 0 0 0 0 0 0 0 0 0 0 0 0 0 0 0 0 0 0 0 0 0 0 0 0 0 0 0 0 0 0 0 0 0 0 0 0 0 0 0 0 0 0 0 0 0 0 0
INFO:tensorflow:input_mask: 1 1 1 1 1 1 1 1 1 1 1 1 1 1 1 1 1 1 1 1 1 1 1 1 1 1 1 1 0 0 0 0 0 0 0 0 0 0 0 0 0 0 0 0 0 0 0 0 0 0 0 0 0 0 0 0 0 0 0 0 0 0 0 0 0 0 0 0 0 0 0 0 0 0 0 0 0 0 0 0 0 0 0 0 0 0 0 0 0 0 0 0 0 0 0 0 0 0 0 0 0 0 0 0 0 0 0 0 0 0 0 0 0 0 0 0 0 0 0 0 0 0 0 0 0 0 0 0
I1103 09:02:49.957788 47117492397120 create_pretraining_data.py:161] input_mask: 1 1 1 1 1 1 1 1 1 1 1 1 1 1 1 1 1 1 1 1 1 1 1 1 1 1 1 1 0 0 0 0 0 0 0 0 0 0 0 0 0 0 0 0 0 0 0 0 0 0 0 0 0 0 0 0 0 0 0 0 0 0 0 0 0 0 0 0 0 0 0 0 0 0 0 0 0 0 0 0 0 0 0 0 0 0 0 0 0 0 0 0 0 0 0 0 0 0 0 0 0 0 0 0 0 0 0 0 0 0 0 0 0 0 0 0 0 0 0 0 0 0 0 0 0 0 0 0
INFO:tensorflow:segment_ids: 0 0 0 0 0 0 0 0 0 0 0 0 0 1 1 1 1 1 1 1 1 1 1 1 1 1 1 1 0 0 0 0 0 0 0 0 0 0 0 0 0 0 0 0 0 0 0 0 0 0 0 0 0 0 0 0 0 0 0 0 0 0 0 0 0 0 0 0 0 0 0 0 0 0 0 0 0 0 0 0 0 0 0 0 0 0 0 0 0 0 0 0 0 0 0 0 0 0 0 0 0 0 0 0 0 0 0 0 0 0 0 0 0 0 0 0 0 0 0 0 0 0 0 0 0 0 0 0
I1103 09:02:49.957914 47117492397120 create_pretraining_data.py:161] segment_ids: 0 0 0 0 0 0 0 0 0 0 0 0 0 1 1 1 1 1 1 1 1 1 1 1 1 1 1 1 0 0 0 0 0 0 0 0 0 0 0 0 0 0 0 0 0 0 0 0 0 0 0 0 0 0 0 0 0 0 0 0 0 0 0 0 0 0 0 0 0 0 0 0 0 0 0 0 0 0 0 0 0 0 0 0 0 0 0 0 0 0 0 0 0 0 0 0 0 0 0 0 0 0 0 0 0 0 0 0 0 0 0 0 0 0 0 0 0 0 0 0 0 0 0 0 0 0 0 0
INFO:tensorflow:masked_lm_positions: 1 7 8 9 0 0 0 0 0 0 0 0 0 0 0 0 0 0 0 0
I1103 09:02:49.958007 47117492397120 create_pretraining_data.py:161] masked_lm_positions: 1 7 8 9 0 0 0 0 0 0 0 0 0 0 0 0 0 0 0 0
INFO:tensorflow:masked_lm_ids: 7965 2043 3522 6052 0 0 0 0 0 0 0 0 0 0 0 0 0 0 0 0
I1103 09:02:49.958097 47117492397120 create_pretraining_data.py:161] masked_lm_ids: 7965 2043 3522 6052 0 0 0 0 0 0 0 0 0 0 0 0 0 0 0 0
INFO:tensorflow:masked_lm_weights: 1.0 1.0 1.0 1.0 0.0 0.0 0.0 0.0 0.0 0.0 0.0 0.0 0.0 0.0 0.0 0.0 0.0 0.0 0.0 0.0
I1103 09:02:49.958190 47117492397120 create_pretraining_data.py:161] masked_lm_weights: 1.0 1.0 1.0 1.0 0.0 0.0 0.0 0.0 0.0 0.0 0.0 0.0 0.0 0.0 0.0 0.0 0.0 0.0 0.0 0.0
INFO:tensorflow:next_sentence_labels: 1
I1103 09:02:49.958285 47117492397120 create_pretraining_data.py:161] next_sentence_labels: 1
INFO:tensorflow:*** Example ***
I1103 09:02:49.958912 47117492397120 create_pretraining_data.py:149] *** Example ***
INFO:tensorflow:tokens: [CLS] مو ##و قلت لكم ياسر الفيصل مو زي مان ##تو مف ##كرين [SEP] واعط ##ي نصف عمري للذ ##ي [MASK] واضحة [MASK] [MASK] يضحك [MASK] [MASK] نصف ##ه الثاني لاح ##مي زهره خضراء ان ته ##لك توفيق زياد [SEP]
I1103 09:02:49.959046 47117492397120 create_pretraining_data.py:151] tokens: [CLS] مو ##و قلت لكم ياسر الفيصل مو زي مان ##تو مف ##كرين [SEP] واعط ##ي نصف عمري للذ ##ي [MASK] واضحة [MASK] [MASK] يضحك [MASK] [MASK] نصف ##ه الثاني لاح ##مي زهره خضراء ان ته ##لك توفيق زياد [SEP]
INFO:tensorflow:input_ids: 2 2481 1012 4002 3406 6412 9845 2481 3253 4093 6975 3430 12074 3 28788 1013 4771 5981 8170 1013 4 9774 4 4 13007 4 4 4771 1028 2966 4678 1960 25683 28493 1939 3410 1934 9776 8109 3 0 0 0 0 0 0 0 0 0 0 0 0 0 0 0 0 0 0 0 0 0 0 0 0 0 0 0 0 0 0 0 0 0 0 0 0 0 0 0 0 0 0 0 0 0 0 0 0 0 0 0 0 0 0 0 0 0 0 0 0 0 0 0 0 0 0 0 0 0 0 0 0 0 0 0 0 0 0 0 0 0 0 0 0 0 0 0 0
I1103 09:02:49.959192 47117492397120 create_pretraining_data.py:161] input_ids: 2 2481 1012 4002 3406 6412 9845 2481 3253 4093 6975 3430 12074 3 28788 1013 4771 5981 8170 1013 4 9774 4 4 13007 4 4 4771 1028 2966 4678 1960 25683 28493 1939 3410 1934 9776 8109 3 0 0 0 0 0 0 0 0 0 0 0 0 0 0 0 0 0 0 0 0 0 0 0 0 0 0 0 0 0 0 0 0 0 0 0 0 0 0 0 0 0 0 0 0 0 0 0 0 0 0 0 0 0 0 0 0 0 0 0 0 0 0 0 0 0 0 0 0 0 0 0 0 0 0 0 0 0 0 0 0 0 0 0 0 0 0 0 0
INFO:tensorflow:input_mask: 1 1 1 1 1 1 1 1 1 1 1 1 1 1 1 1 1 1 1 1 1 1 1 1 1 1 1 1 1 1 1 1 1 1 1 1 1 1 1 1 0 0 0 0 0 0 0 0 0 0 0 0 0 0 0 0 0 0 0 0 0 0 0 0 0 0 0 0 0 0 0 0 0 0 0 0 0 0 0 0 0 0 0 0 0 0 0 0 0 0 0 0 0 0 0 0 0 0 0 0 0 0 0 0 0 0 0 0 0 0 0 0 0 0 0 0 0 0 0 0 0 0 0 0 0 0 0 0
I1103 09:02:49.959326 47117492397120 create_pretraining_data.py:161] input_mask: 1 1 1 1 1 1 1 1 1 1 1 1 1 1 1 1 1 1 1 1 1 1 1 1 1 1 1 1 1 1 1 1 1 1 1 1 1 1 1 1 0 0 0 0 0 0 0 0 0 0 0 0 0 0 0 0 0 0 0 0 0 0 0 0 0 0 0 0 0 0 0 0 0 0 0 0 0 0 0 0 0 0 0 0 0 0 0 0 0 0 0 0 0 0 0 0 0 0 0 0 0 0 0 0 0 0 0 0 0 0 0 0 0 0 0 0 0 0 0 0 0 0 0 0 0 0 0 0
INFO:tensorflow:segment_ids: 0 0 0 0 0 0 0 0 0 0 0 0 0 0 1 1 1 1 1 1 1 1 1 1 1 1 1 1 1 1 1 1 1 1 1 1 1 1 1 1 0 0 0 0 0 0 0 0 0 0 0 0 0 0 0 0 0 0 0 0 0 0 0 0 0 0 0 0 0 0 0 0 0 0 0 0 0 0 0 0 0 0 0 0 0 0 0 0 0 0 0 0 0 0 0 0 0 0 0 0 0 0 0 0 0 0 0 0 0 0 0 0 0 0 0 0 0 0 0 0 0 0 0 0 0 0 0 0
I1103 09:02:49.959451 47117492397120 create_pretraining_data.py:161] segment_ids: 0 0 0 0 0 0 0 0 0 0 0 0 0 0 1 1 1 1 1 1 1 1 1 1 1 1 1 1 1 1 1 1 1 1 1 1 1 1 1 1 0 0 0 0 0 0 0 0 0 0 0 0 0 0 0 0 0 0 0 0 0 0 0 0 0 0 0 0 0 0 0 0 0 0 0 0 0 0 0 0 0 0 0 0 0 0 0 0 0 0 0 0 0 0 0 0 0 0 0 0 0 0 0 0 0 0 0 0 0 0 0 0 0 0 0 0 0 0 0 0 0 0 0 0 0 0 0 0
INFO:tensorflow:masked_lm_positions: 20 21 22 23 25 26 0 0 0 0 0 0 0 0 0 0 0 0 0 0
I1103 09:02:49.959546 47117492397120 create_pretraining_data.py:161] masked_lm_positions: 20 21 22 23 25 26 0 0 0 0 0 0 0 0 0 0 0 0 0 0
INFO:tensorflow:masked_lm_ids: 5754 16815 4904 1937 28788 1013 0 0 0 0 0 0 0 0 0 0 0 0 0 0
I1103 09:02:49.959645 47117492397120 create_pretraining_data.py:161] masked_lm_ids: 5754 16815 4904 1937 28788 1013 0 0 0 0 0 0 0 0 0 0 0 0 0 0
INFO:tensorflow:masked_lm_weights: 1.0 1.0 1.0 1.0 1.0 1.0 0.0 0.0 0.0 0.0 0.0 0.0 0.0 0.0 0.0 0.0 0.0 0.0 0.0 0.0
I1103 09:02:49.959740 47117492397120 create_pretraining_data.py:161] masked_lm_weights: 1.0 1.0 1.0 1.0 1.0 1.0 0.0 0.0 0.0 0.0 0.0 0.0 0.0 0.0 0.0 0.0 0.0 0.0 0.0 0.0
INFO:tensorflow:next_sentence_labels: 1
I1103 09:02:49.959824 47117492397120 create_pretraining_data.py:161] next_sentence_labels: 1
INFO:tensorflow:*** Example ***
I1103 09:02:49.960457 47117492397120 create_pretraining_data.py:149] *** Example ***
INFO:tensorflow:tokens: [CLS] حمله كشف ينفي النسب الشريف المزور والمر ##تش ##ي صاحب المصائب [MASK] [MASK] الشيطان [MASK] [MASK] المملكه راجح العبدلي [SEP] هيئه كبار ##الع ##لما ##ء تدعو المسلمين الي المسار ##عه لاغ ##اثه [MASK] بلده مضايا سوريا [SEP]
I1103 09:02:49.960601 47117492397120 create_pretraining_data.py:151] tokens: [CLS] حمله كشف ينفي النسب الشريف المزور والمر ##تش ##ي صاحب المصائب [MASK] [MASK] الشيطان [MASK] [MASK] المملكه راجح العبدلي [SEP] هيئه كبار ##الع ##لما ##ء تدعو المسلمين الي المسار ##عه لاغ ##اثه [MASK] بلده مضايا سوريا [SEP]
INFO:tensorflow:input_ids: 2 5626 4361 24282 7524 4080 15991 4716 5858 1013 3320 25103 4 4 7071 4 4 5195 10021 24420 3 11538 6952 7974 3841 1053 10443 3524 2002 12508 2226 16321 28804 4 13004 6052 3379 3 0 0 0 0 0 0 0 0 0 0 0 0 0 0 0 0 0 0 0 0 0 0 0 0 0 0 0 0 0 0 0 0 0 0 0 0 0 0 0 0 0 0 0 0 0 0 0 0 0 0 0 0 0 0 0 0 0 0 0 0 0 0 0 0 0 0 0 0 0 0 0 0 0 0 0 0 0 0 0 0 0 0 0 0 0 0 0 0 0 0
I1103 09:02:49.960757 47117492397120 create_pretraining_data.py:161] input_ids: 2 5626 4361 24282 7524 4080 15991 4716 5858 1013 3320 25103 4 4 7071 4 4 5195 10021 24420 3 11538 6952 7974 3841 1053 10443 3524 2002 12508 2226 16321 28804 4 13004 6052 3379 3 0 0 0 0 0 0 0 0 0 0 0 0 0 0 0 0 0 0 0 0 0 0 0 0 0 0 0 0 0 0 0 0 0 0 0 0 0 0 0 0 0 0 0 0 0 0 0 0 0 0 0 0 0 0 0 0 0 0 0 0 0 0 0 0 0 0 0 0 0 0 0 0 0 0 0 0 0 0 0 0 0 0 0 0 0 0 0 0 0 0
INFO:tensorflow:input_mask: 1 1 1 1 1 1 1 1 1 1 1 1 1 1 1 1 1 1 1 1 1 1 1 1 1 1 1 1 1 1 1 1 1 1 1 1 1 1 0 0 0 0 0 0 0 0 0 0 0 0 0 0 0 0 0 0 0 0 0 0 0 0 0 0 0 0 0 0 0 0 0 0 0 0 0 0 0 0 0 0 0 0 0 0 0 0 0 0 0 0 0 0 0 0 0 0 0 0 0 0 0 0 0 0 0 0 0 0 0 0 0 0 0 0 0 0 0 0 0 0 0 0 0 0 0 0 0 0
I1103 09:02:49.960889 47117492397120 create_pretraining_data.py:161] input_mask: 1 1 1 1 1 1 1 1 1 1 1 1 1 1 1 1 1 1 1 1 1 1 1 1 1 1 1 1 1 1 1 1 1 1 1 1 1 1 0 0 0 0 0 0 0 0 0 0 0 0 0 0 0 0 0 0 0 0 0 0 0 0 0 0 0 0 0 0 0 0 0 0 0 0 0 0 0 0 0 0 0 0 0 0 0 0 0 0 0 0 0 0 0 0 0 0 0 0 0 0 0 0 0 0 0 0 0 0 0 0 0 0 0 0 0 0 0 0 0 0 0 0 0 0 0 0 0 0
INFO:tensorflow:segment_ids: 0 0 0 0 0 0 0 0 0 0 0 0 0 0 0 0 0 0 0 0 0 1 1 1 1 1 1 1 1 1 1 1 1 1 1 1 1 1 0 0 0 0 0 0 0 0 0 0 0 0 0 0 0 0 0 0 0 0 0 0 0 0 0 0 0 0 0 0 0 0 0 0 0 0 0 0 0 0 0 0 0 0 0 0 0 0 0 0 0 0 0 0 0 0 0 0 0 0 0 0 0 0 0 0 0 0 0 0 0 0 0 0 0 0 0 0 0 0 0 0 0 0 0 0 0 0 0 0
I1103 09:02:49.961016 47117492397120 create_pretraining_data.py:161] segment_ids: 0 0 0 0 0 0 0 0 0 0 0 0 0 0 0 0 0 0 0 0 0 1 1 1 1 1 1 1 1 1 1 1 1 1 1 1 1 1 0 0 0 0 0 0 0 0 0 0 0 0 0 0 0 0 0 0 0 0 0 0 0 0 0 0 0 0 0 0 0 0 0 0 0 0 0 0 0 0 0 0 0 0 0 0 0 0 0 0 0 0 0 0 0 0 0 0 0 0 0 0 0 0 0 0 0 0 0 0 0 0 0 0 0 0 0 0 0 0 0 0 0 0 0 0 0 0 0 0
INFO:tensorflow:masked_lm_positions: 3 12 13 15 16 33 0 0 0 0 0 0 0 0 0 0 0 0 0 0
I1103 09:02:49.961110 47117492397120 create_pretraining_data.py:161] masked_lm_positions: 3 12 13 15 16 33 0 0 0 0 0 0 0 0 0 0 0 0 0 0
INFO:tensorflow:masked_lm_ids: 11721 2211 29311 4377 24783 14582 0 0 0 0 0 0 0 0 0 0 0 0 0 0
I1103 09:02:49.961202 47117492397120 create_pretraining_data.py:161] masked_lm_ids: 11721 2211 29311 4377 24783 14582 0 0 0 0 0 0 0 0 0 0 0 0 0 0
INFO:tensorflow:masked_lm_weights: 1.0 1.0 1.0 1.0 1.0 1.0 0.0 0.0 0.0 0.0 0.0 0.0 0.0 0.0 0.0 0.0 0.0 0.0 0.0 0.0
I1103 09:02:49.961295 47117492397120 create_pretraining_data.py:161] masked_lm_weights: 1.0 1.0 1.0 1.0 1.0 1.0 0.0 0.0 0.0 0.0 0.0 0.0 0.0 0.0 0.0 0.0 0.0 0.0 0.0 0.0
INFO:tensorflow:next_sentence_labels: 1
I1103 09:02:49.961379 47117492397120 create_pretraining_data.py:161] next_sentence_labels: 1
INFO:tensorflow:*** Example ***
I1103 09:02:49.962000 47117492397120 create_pretraining_data.py:149] *** Example ***
INFO:tensorflow:tokens: [CLS] الحب ليس [MASK] [MASK] للع ##اب ##ثين او كلمات تكتب لت ##زيد المع ##جب ##ين واش ##عار تن ##ثر لتف ##خر بكثره [MASK] الحب [MASK] يعز ##ف بين [MASK] [MASK] مكت ##فين بع ##شق ##هما عن العالمين [SEP] مج له [MASK] شاهد سهيله بن لشهب [MASK] سين ##جل جديد [SEP]
I1103 09:02:49.962145 47117492397120 create_pretraining_data.py:151] tokens: [CLS] الحب ليس [MASK] [MASK] للع ##اب ##ثين او كلمات تكتب لت ##زيد المع ##جب ##ين واش ##عار تن ##ثر لتف ##خر بكثره [MASK] الحب [MASK] يعز ##ف بين [MASK] [MASK] مكت ##فين بع ##شق ##هما عن العالمين [SEP] مج له [MASK] شاهد سهيله بن لشهب [MASK] سين ##جل جديد [SEP]
INFO:tensorflow:input_ids: 2 3088 2618 4 4 2405 1933 18611 2213 5000 9551 2219 2799 2240 3116 1911 5368 2685 2245 2132 16143 2042 25358 4 3088 4 26002 1037 2117 4 4 3182 9487 2704 3397 2567 1955 6074 3 2079 2154 4 4459 3969 2040 11196 4 4991 2293 3044 3 0 0 0 0 0 0 0 0 0 0 0 0 0 0 0 0 0 0 0 0 0 0 0 0 0 0 0 0 0 0 0 0 0 0 0 0 0 0 0 0 0 0 0 0 0 0 0 0 0 0 0 0 0 0 0 0 0 0 0 0 0 0 0 0 0 0 0 0 0 0 0 0 0 0 0 0 0
I1103 09:02:49.962306 47117492397120 create_pretraining_data.py:161] input_ids: 2 3088 2618 4 4 2405 1933 18611 2213 5000 9551 2219 2799 2240 3116 1911 5368 2685 2245 2132 16143 2042 25358 4 3088 4 26002 1037 2117 4 4 3182 9487 2704 3397 2567 1955 6074 3 2079 2154 4 4459 3969 2040 11196 4 4991 2293 3044 3 0 0 0 0 0 0 0 0 0 0 0 0 0 0 0 0 0 0 0 0 0 0 0 0 0 0 0 0 0 0 0 0 0 0 0 0 0 0 0 0 0 0 0 0 0 0 0 0 0 0 0 0 0 0 0 0 0 0 0 0 0 0 0 0 0 0 0 0 0 0 0 0 0 0 0 0 0
INFO:tensorflow:input_mask: 1 1 1 1 1 1 1 1 1 1 1 1 1 1 1 1 1 1 1 1 1 1 1 1 1 1 1 1 1 1 1 1 1 1 1 1 1 1 1 1 1 1 1 1 1 1 1 1 1 1 1 0 0 0 0 0 0 0 0 0 0 0 0 0 0 0 0 0 0 0 0 0 0 0 0 0 0 0 0 0 0 0 0 0 0 0 0 0 0 0 0 0 0 0 0 0 0 0 0 0 0 0 0 0 0 0 0 0 0 0 0 0 0 0 0 0 0 0 0 0 0 0 0 0 0 0 0 0
I1103 09:02:49.962440 47117492397120 create_pretraining_data.py:161] input_mask: 1 1 1 1 1 1 1 1 1 1 1 1 1 1 1 1 1 1 1 1 1 1 1 1 1 1 1 1 1 1 1 1 1 1 1 1 1 1 1 1 1 1 1 1 1 1 1 1 1 1 1 0 0 0 0 0 0 0 0 0 0 0 0 0 0 0 0 0 0 0 0 0 0 0 0 0 0 0 0 0 0 0 0 0 0 0 0 0 0 0 0 0 0 0 0 0 0 0 0 0 0 0 0 0 0 0 0 0 0 0 0 0 0 0 0 0 0 0 0 0 0 0 0 0 0 0 0 0
INFO:tensorflow:segment_ids: 0 0 0 0 0 0 0 0 0 0 0 0 0 0 0 0 0 0 0 0 0 0 0 0 0 0 0 0 0 0 0 0 0 0 0 0 0 0 0 1 1 1 1 1 1 1 1 1 1 1 1 0 0 0 0 0 0 0 0 0 0 0 0 0 0 0 0 0 0 0 0 0 0 0 0 0 0 0 0 0 0 0 0 0 0 0 0 0 0 0 0 0 0 0 0 0 0 0 0 0 0 0 0 0 0 0 0 0 0 0 0 0 0 0 0 0 0 0 0 0 0 0 0 0 0 0 0 0
I1103 09:02:49.962565 47117492397120 create_pretraining_data.py:161] segment_ids: 0 0 0 0 0 0 0 0 0 0 0 0 0 0 0 0 0 0 0 0 0 0 0 0 0 0 0 0 0 0 0 0 0 0 0 0 0 0 0 1 1 1 1 1 1 1 1 1 1 1 1 0 0 0 0 0 0 0 0 0 0 0 0 0 0 0 0 0 0 0 0 0 0 0 0 0 0 0 0 0 0 0 0 0 0 0 0 0 0 0 0 0 0 0 0 0 0 0 0 0 0 0 0 0 0 0 0 0 0 0 0 0 0 0 0 0 0 0 0 0 0 0 0 0 0 0 0 0
INFO:tensorflow:masked_lm_positions: 3 4 23 25 29 30 41 46 0 0 0 0 0 0 0 0 0 0 0 0
I1103 09:02:49.962665 47117492397120 create_pretraining_data.py:161] masked_lm_positions: 3 4 23 25 29 30 41 46 0 0 0 0 0 0 0 0 0 0 0 0
INFO:tensorflow:masked_lm_ids: 8048 1007 13961 15428 3018 1006 3243 25548 0 0 0 0 0 0 0 0 0 0 0 0
I1103 09:02:49.962756 47117492397120 create_pretraining_data.py:161] masked_lm_ids: 8048 1007 13961 15428 3018 1006 3243 25548 0 0 0 0 0 0 0 0 0 0 0 0
INFO:tensorflow:masked_lm_weights: 1.0 1.0 1.0 1.0 1.0 1.0 1.0 1.0 0.0 0.0 0.0 0.0 0.0 0.0 0.0 0.0 0.0 0.0 0.0 0.0
I1103 09:02:49.962848 47117492397120 create_pretraining_data.py:161] masked_lm_weights: 1.0 1.0 1.0 1.0 1.0 1.0 1.0 1.0 0.0 0.0 0.0 0.0 0.0 0.0 0.0 0.0 0.0 0.0 0.0 0.0
INFO:tensorflow:next_sentence_labels: 1
I1103 09:02:49.962931 47117492397120 create_pretraining_data.py:161] next_sentence_labels: 1
INFO:tensorflow:*** Example ***
I1103 09:02:49.963547 47117492397120 create_pretraining_data.py:149] *** Example ***
INFO:tensorflow:tokens: [CLS] اللهم احفظ ولي امرنا الشيخ خليفه [MASK] زايد ا ##ل نهيان اللهم احفظ ##ه بعينك التي لاتن ##ام [SEP] المعلمات الكويتي ##ات [MASK] بالمس ##اوا ##ه بالوا ##فد ##ات بدل الايج ##ار وطن النحاس تخيل [MASK] [MASK] [MASK] ك ##زوجه الكويتي او المعلم ##ه [SEP]
I1103 09:02:49.963687 47117492397120 create_pretraining_data.py:151] tokens: [CLS] اللهم احفظ ولي امرنا الشيخ خليفه [MASK] زايد ا ##ل نهيان اللهم احفظ ##ه بعينك التي لاتن ##ام [SEP] المعلمات الكويتي ##ات [MASK] بالمس ##اوا ##ه بالوا ##فد ##ات بدل الايج ##ار وطن النحاس تخيل [MASK] [MASK] [MASK] ك ##زوجه الكويتي او المعلم ##ه [SEP]
INFO:tensorflow:input_ids: 2 2168 5776 2670 18555 2702 15593 4 6226 387 1010 16623 2168 5776 1028 18630 2061 27034 1921 3 26230 7860 1904 4 12613 29532 1028 28790 6936 1904 8832 13802 1909 4482 24414 11731 4 4 4 410 24061 7860 2213 8648 1028 3 0 0 0 0 0 0 0 0 0 0 0 0 0 0 0 0 0 0 0 0 0 0 0 0 0 0 0 0 0 0 0 0 0 0 0 0 0 0 0 0 0 0 0 0 0 0 0 0 0 0 0 0 0 0 0 0 0 0 0 0 0 0 0 0 0 0 0 0 0 0 0 0 0 0 0 0 0 0 0 0 0 0
I1103 09:02:49.963853 47117492397120 create_pretraining_data.py:161] input_ids: 2 2168 5776 2670 18555 2702 15593 4 6226 387 1010 16623 2168 5776 1028 18630 2061 27034 1921 3 26230 7860 1904 4 12613 29532 1028 28790 6936 1904 8832 13802 1909 4482 24414 11731 4 4 4 410 24061 7860 2213 8648 1028 3 0 0 0 0 0 0 0 0 0 0 0 0 0 0 0 0 0 0 0 0 0 0 0 0 0 0 0 0 0 0 0 0 0 0 0 0 0 0 0 0 0 0 0 0 0 0 0 0 0 0 0 0 0 0 0 0 0 0 0 0 0 0 0 0 0 0 0 0 0 0 0 0 0 0 0 0 0 0 0 0 0 0
INFO:tensorflow:input_mask: 1 1 1 1 1 1 1 1 1 1 1 1 1 1 1 1 1 1 1 1 1 1 1 1 1 1 1 1 1 1 1 1 1 1 1 1 1 1 1 1 1 1 1 1 1 1 0 0 0 0 0 0 0 0 0 0 0 0 0 0 0 0 0 0 0 0 0 0 0 0 0 0 0 0 0 0 0 0 0 0 0 0 0 0 0 0 0 0 0 0 0 0 0 0 0 0 0 0 0 0 0 0 0 0 0 0 0 0 0 0 0 0 0 0 0 0 0 0 0 0 0 0 0 0 0 0 0 0
I1103 09:02:49.963983 47117492397120 create_pretraining_data.py:161] input_mask: 1 1 1 1 1 1 1 1 1 1 1 1 1 1 1 1 1 1 1 1 1 1 1 1 1 1 1 1 1 1 1 1 1 1 1 1 1 1 1 1 1 1 1 1 1 1 0 0 0 0 0 0 0 0 0 0 0 0 0 0 0 0 0 0 0 0 0 0 0 0 0 0 0 0 0 0 0 0 0 0 0 0 0 0 0 0 0 0 0 0 0 0 0 0 0 0 0 0 0 0 0 0 0 0 0 0 0 0 0 0 0 0 0 0 0 0 0 0 0 0 0 0 0 0 0 0 0 0
INFO:tensorflow:segment_ids: 0 0 0 0 0 0 0 0 0 0 0 0 0 0 0 0 0 0 0 0 1 1 1 1 1 1 1 1 1 1 1 1 1 1 1 1 1 1 1 1 1 1 1 1 1 1 0 0 0 0 0 0 0 0 0 0 0 0 0 0 0 0 0 0 0 0 0 0 0 0 0 0 0 0 0 0 0 0 0 0 0 0 0 0 0 0 0 0 0 0 0 0 0 0 0 0 0 0 0 0 0 0 0 0 0 0 0 0 0 0 0 0 0 0 0 0 0 0 0 0 0 0 0 0 0 0 0 0
I1103 09:02:49.964108 47117492397120 create_pretraining_data.py:161] segment_ids: 0 0 0 0 0 0 0 0 0 0 0 0 0 0 0 0 0 0 0 0 1 1 1 1 1 1 1 1 1 1 1 1 1 1 1 1 1 1 1 1 1 1 1 1 1 1 0 0 0 0 0 0 0 0 0 0 0 0 0 0 0 0 0 0 0 0 0 0 0 0 0 0 0 0 0 0 0 0 0 0 0 0 0 0 0 0 0 0 0 0 0 0 0 0 0 0 0 0 0 0 0 0 0 0 0 0 0 0 0 0 0 0 0 0 0 0 0 0 0 0 0 0 0 0 0 0 0 0
INFO:tensorflow:masked_lm_positions: 2 7 23 34 36 37 38 0 0 0 0 0 0 0 0 0 0 0 0 0
I1103 09:02:49.964204 47117492397120 create_pretraining_data.py:161] masked_lm_positions: 2 7 23 34 36 37 38 0 0 0 0 0 0 0 0 0 0 0 0 0
INFO:tensorflow:masked_lm_ids: 5776 2040 13988 6321 9196 4124 2124 0 0 0 0 0 0 0 0 0 0 0 0 0
I1103 09:02:49.964295 47117492397120 create_pretraining_data.py:161] masked_lm_ids: 5776 2040 13988 6321 9196 4124 2124 0 0 0 0 0 0 0 0 0 0 0 0 0
INFO:tensorflow:masked_lm_weights: 1.0 1.0 1.0 1.0 1.0 1.0 1.0 0.0 0.0 0.0 0.0 0.0 0.0 0.0 0.0 0.0 0.0 0.0 0.0 0.0
I1103 09:02:49.964388 47117492397120 create_pretraining_data.py:161] masked_lm_weights: 1.0 1.0 1.0 1.0 1.0 1.0 1.0 0.0 0.0 0.0 0.0 0.0 0.0 0.0 0.0 0.0 0.0 0.0 0.0 0.0
INFO:tensorflow:next_sentence_labels: 1
I1103 09:02:49.964471 47117492397120 create_pretraining_data.py:161] next_sentence_labels: 1
INFO:tensorflow:*** Example ***
I1103 09:02:49.965073 47117492397120 create_pretraining_data.py:149] *** Example ***
INFO:tensorflow:tokens: [CLS] نص الراحه تعيشها لما [MASK] [MASK] بداخل نفسك ان كل شيء راح يمر سواء حزن او مشكله او حاله نفسيه حتي [SEP] رزق القائد محمد [MASK] بم ##ولو ##ده عبدالله جعله الله من [MASK] السعاده ورزق ##هم بره التكت كتابه [SEP]
I1103 09:02:49.965206 47117492397120 create_pretraining_data.py:151] tokens: [CLS] نص الراحه تعيشها لما [MASK] [MASK] بداخل نفسك ان كل شيء راح يمر سواء حزن او مشكله او حاله نفسيه حتي [SEP] رزق القائد محمد [MASK] بم ##ولو ##ده عبدالله جعله الله من [MASK] السعاده ورزق ##هم بره التكت كتابه [SEP]
INFO:tensorflow:input_ids: 2 2909 11301 26509 2518 4 4 18267 3665 1939 2038 2621 3490 6781 4345 7378 2213 9215 2213 7025 17190 2627 3 8226 9418 2202 4 2225 3296 2124 3299 14674 1953 1908 4 4558 29972 1949 11824 26772 8029 3 0 0 0 0 0 0 0 0 0 0 0 0 0 0 0 0 0 0 0 0 0 0 0 0 0 0 0 0 0 0 0 0 0 0 0 0 0 0 0 0 0 0 0 0 0 0 0 0 0 0 0 0 0 0 0 0 0 0 0 0 0 0 0 0 0 0 0 0 0 0 0 0 0 0 0 0 0 0 0 0 0 0 0 0 0 0
I1103 09:02:49.965363 47117492397120 create_pretraining_data.py:161] input_ids: 2 2909 11301 26509 2518 4 4 18267 3665 1939 2038 2621 3490 6781 4345 7378 2213 9215 2213 7025 17190 2627 3 8226 9418 2202 4 2225 3296 2124 3299 14674 1953 1908 4 4558 29972 1949 11824 26772 8029 3 0 0 0 0 0 0 0 0 0 0 0 0 0 0 0 0 0 0 0 0 0 0 0 0 0 0 0 0 0 0 0 0 0 0 0 0 0 0 0 0 0 0 0 0 0 0 0 0 0 0 0 0 0 0 0 0 0 0 0 0 0 0 0 0 0 0 0 0 0 0 0 0 0 0 0 0 0 0 0 0 0 0 0 0 0 0
INFO:tensorflow:input_mask: 1 1 1 1 1 1 1 1 1 1 1 1 1 1 1 1 1 1 1 1 1 1 1 1 1 1 1 1 1 1 1 1 1 1 1 1 1 1 1 1 1 1 0 0 0 0 0 0 0 0 0 0 0 0 0 0 0 0 0 0 0 0 0 0 0 0 0 0 0 0 0 0 0 0 0 0 0 0 0 0 0 0 0 0 0 0 0 0 0 0 0 0 0 0 0 0 0 0 0 0 0 0 0 0 0 0 0 0 0 0 0 0 0 0 0 0 0 0 0 0 0 0 0 0 0 0 0 0
I1103 09:02:49.965497 47117492397120 create_pretraining_data.py:161] input_mask: 1 1 1 1 1 1 1 1 1 1 1 1 1 1 1 1 1 1 1 1 1 1 1 1 1 1 1 1 1 1 1 1 1 1 1 1 1 1 1 1 1 1 0 0 0 0 0 0 0 0 0 0 0 0 0 0 0 0 0 0 0 0 0 0 0 0 0 0 0 0 0 0 0 0 0 0 0 0 0 0 0 0 0 0 0 0 0 0 0 0 0 0 0 0 0 0 0 0 0 0 0 0 0 0 0 0 0 0 0 0 0 0 0 0 0 0 0 0 0 0 0 0 0 0 0 0 0 0
INFO:tensorflow:segment_ids: 0 0 0 0 0 0 0 0 0 0 0 0 0 0 0 0 0 0 0 0 0 0 0 1 1 1 1 1 1 1 1 1 1 1 1 1 1 1 1 1 1 1 0 0 0 0 0 0 0 0 0 0 0 0 0 0 0 0 0 0 0 0 0 0 0 0 0 0 0 0 0 0 0 0 0 0 0 0 0 0 0 0 0 0 0 0 0 0 0 0 0 0 0 0 0 0 0 0 0 0 0 0 0 0 0 0 0 0 0 0 0 0 0 0 0 0 0 0 0 0 0 0 0 0 0 0 0 0
I1103 09:02:49.965639 47117492397120 create_pretraining_data.py:161] segment_ids: 0 0 0 0 0 0 0 0 0 0 0 0 0 0 0 0 0 0 0 0 0 0 0 1 1 1 1 1 1 1 1 1 1 1 1 1 1 1 1 1 1 1 0 0 0 0 0 0 0 0 0 0 0 0 0 0 0 0 0 0 0 0 0 0 0 0 0 0 0 0 0 0 0 0 0 0 0 0 0 0 0 0 0 0 0 0 0 0 0 0 0 0 0 0 0 0 0 0 0 0 0 0 0 0 0 0 0 0 0 0 0 0 0 0 0 0 0 0 0 0 0 0 0 0 0 0 0 0
INFO:tensorflow:masked_lm_positions: 5 6 12 26 34 39 0 0 0 0 0 0 0 0 0 0 0 0 0 0
I1103 09:02:49.965738 47117492397120 create_pretraining_data.py:161] masked_lm_positions: 5 6 12 26 34 39 0 0 0 0 0 0 0 0 0 0 0 0 0 0
INFO:tensorflow:masked_lm_ids: 5103 8840 3490 3772 11612 14254 0 0 0 0 0 0 0 0 0 0 0 0 0 0
I1103 09:02:49.965855 47117492397120 create_pretraining_data.py:161] masked_lm_ids: 5103 8840 3490 3772 11612 14254 0 0 0 0 0 0 0 0 0 0 0 0 0 0
INFO:tensorflow:masked_lm_weights: 1.0 1.0 1.0 1.0 1.0 1.0 0.0 0.0 0.0 0.0 0.0 0.0 0.0 0.0 0.0 0.0 0.0 0.0 0.0 0.0
I1103 09:02:49.965953 47117492397120 create_pretraining_data.py:161] masked_lm_weights: 1.0 1.0 1.0 1.0 1.0 1.0 0.0 0.0 0.0 0.0 0.0 0.0 0.0 0.0 0.0 0.0 0.0 0.0 0.0 0.0
INFO:tensorflow:next_sentence_labels: 1
I1103 09:02:49.966037 47117492397120 create_pretraining_data.py:161] next_sentence_labels: 1
INFO:tensorflow:*** Example ***
I1103 09:02:49.966666 47117492397120 create_pretraining_data.py:149] *** Example ***
INFO:tensorflow:tokens: [CLS] اللهم [MASK] جبر ##ائيل ومي ##كا ##ئيل ورب اسر ##افي ##ل [MASK] بك [MASK] حر النار ومن عذاب [MASK] [SEP] احب الايام [SEP]
I1103 09:02:49.966795 47117492397120 create_pretraining_data.py:151] tokens: [CLS] اللهم [MASK] جبر ##ائيل ومي ##كا ##ئيل ورب اسر ##افي ##ل [MASK] بك [MASK] حر النار ومن عذاب [MASK] [SEP] احب الايام [SEP]
INFO:tensorflow:input_ids: 2 2168 4 8814 18660 12665 2308 12441 5418 14020 3561 1010 4 2395 4 3938 3919 2298 6034 4 3 2744 4997 3 0 0 0 0 0 0 0 0 0 0 0 0 0 0 0 0 0 0 0 0 0 0 0 0 0 0 0 0 0 0 0 0 0 0 0 0 0 0 0 0 0 0 0 0 0 0 0 0 0 0 0 0 0 0 0 0 0 0 0 0 0 0 0 0 0 0 0 0 0 0 0 0 0 0 0 0 0 0 0 0 0 0 0 0 0 0 0 0 0 0 0 0 0 0 0 0 0 0 0 0 0 0 0 0
I1103 09:02:49.966935 47117492397120 create_pretraining_data.py:161] input_ids: 2 2168 4 8814 18660 12665 2308 12441 5418 14020 3561 1010 4 2395 4 3938 3919 2298 6034 4 3 2744 4997 3 0 0 0 0 0 0 0 0 0 0 0 0 0 0 0 0 0 0 0 0 0 0 0 0 0 0 0 0 0 0 0 0 0 0 0 0 0 0 0 0 0 0 0 0 0 0 0 0 0 0 0 0 0 0 0 0 0 0 0 0 0 0 0 0 0 0 0 0 0 0 0 0 0 0 0 0 0 0 0 0 0 0 0 0 0 0 0 0 0 0 0 0 0 0 0 0 0 0 0 0 0 0 0 0
INFO:tensorflow:input_mask: 1 1 1 1 1 1 1 1 1 1 1 1 1 1 1 1 1 1 1 1 1 1 1 1 0 0 0 0 0 0 0 0 0 0 0 0 0 0 0 0 0 0 0 0 0 0 0 0 0 0 0 0 0 0 0 0 0 0 0 0 0 0 0 0 0 0 0 0 0 0 0 0 0 0 0 0 0 0 0 0 0 0 0 0 0 0 0 0 0 0 0 0 0 0 0 0 0 0 0 0 0 0 0 0 0 0 0 0 0 0 0 0 0 0 0 0 0 0 0 0 0 0 0 0 0 0 0 0
I1103 09:02:49.967079 47117492397120 create_pretraining_data.py:161] input_mask: 1 1 1 1 1 1 1 1 1 1 1 1 1 1 1 1 1 1 1 1 1 1 1 1 0 0 0 0 0 0 0 0 0 0 0 0 0 0 0 0 0 0 0 0 0 0 0 0 0 0 0 0 0 0 0 0 0 0 0 0 0 0 0 0 0 0 0 0 0 0 0 0 0 0 0 0 0 0 0 0 0 0 0 0 0 0 0 0 0 0 0 0 0 0 0 0 0 0 0 0 0 0 0 0 0 0 0 0 0 0 0 0 0 0 0 0 0 0 0 0 0 0 0 0 0 0 0 0
INFO:tensorflow:segment_ids: 0 0 0 0 0 0 0 0 0 0 0 0 0 0 0 0 0 0 0 0 0 1 1 1 0 0 0 0 0 0 0 0 0 0 0 0 0 0 0 0 0 0 0 0 0 0 0 0 0 0 0 0 0 0 0 0 0 0 0 0 0 0 0 0 0 0 0 0 0 0 0 0 0 0 0 0 0 0 0 0 0 0 0 0 0 0 0 0 0 0 0 0 0 0 0 0 0 0 0 0 0 0 0 0 0 0 0 0 0 0 0 0 0 0 0 0 0 0 0 0 0 0 0 0 0 0 0 0
I1103 09:02:49.967206 47117492397120 create_pretraining_data.py:161] segment_ids: 0 0 0 0 0 0 0 0 0 0 0 0 0 0 0 0 0 0 0 0 0 1 1 1 0 0 0 0 0 0 0 0 0 0 0 0 0 0 0 0 0 0 0 0 0 0 0 0 0 0 0 0 0 0 0 0 0 0 0 0 0 0 0 0 0 0 0 0 0 0 0 0 0 0 0 0 0 0 0 0 0 0 0 0 0 0 0 0 0 0 0 0 0 0 0 0 0 0 0 0 0 0 0 0 0 0 0 0 0 0 0 0 0 0 0 0 0 0 0 0 0 0 0 0 0 0 0 0
INFO:tensorflow:masked_lm_positions: 2 12 14 19 0 0 0 0 0 0 0 0 0 0 0 0 0 0 0 0
I1103 09:02:49.967300 47117492397120 create_pretraining_data.py:161] masked_lm_positions: 2 12 14 19 0 0 0 0 0 0 0 0 0 0 0 0 0 0 0 0
INFO:tensorflow:masked_lm_ids: 2512 5433 1908 8168 0 0 0 0 0 0 0 0 0 0 0 0 0 0 0 0
I1103 09:02:49.967391 47117492397120 create_pretraining_data.py:161] masked_lm_ids: 2512 5433 1908 8168 0 0 0 0 0 0 0 0 0 0 0 0 0 0 0 0
INFO:tensorflow:masked_lm_weights: 1.0 1.0 1.0 1.0 0.0 0.0 0.0 0.0 0.0 0.0 0.0 0.0 0.0 0.0 0.0 0.0 0.0 0.0 0.0 0.0
I1103 09:02:49.967484 47117492397120 create_pretraining_data.py:161] masked_lm_weights: 1.0 1.0 1.0 1.0 0.0 0.0 0.0 0.0 0.0 0.0 0.0 0.0 0.0 0.0 0.0 0.0 0.0 0.0 0.0 0.0
INFO:tensorflow:next_sentence_labels: 1
I1103 09:02:49.967567 47117492397120 create_pretraining_data.py:161] next_sentence_labels: 1
INFO:tensorflow:*** Example ***
I1103 09:02:49.968177 47117492397120 create_pretraining_data.py:149] *** Example ***
INFO:tensorflow:tokens: [CLS] قروب خالد للرتويت هناك قلوب لا تعرف [MASK] تكره مهما ظلمت ##ها وقلوب لا تعرف [MASK] تحب [MASK] اكرم ##تها [SEP] عمليات ارهابيه ايرانيه تستهدف [MASK] [MASK] السعوديه تقطع علاقتها بايران ايران دوله ارهابيه [SEP]
I1103 09:02:49.968306 47117492397120 create_pretraining_data.py:151] tokens: [CLS] قروب خالد للرتويت هناك قلوب لا تعرف [MASK] تكره مهما ظلمت ##ها وقلوب لا تعرف [MASK] تحب [MASK] اكرم ##تها [SEP] عمليات ارهابيه ايرانيه تستهدف [MASK] [MASK] السعوديه تقطع علاقتها بايران ايران دوله ارهابيه [SEP]
INFO:tensorflow:input_ids: 2 2543 3627 7486 2671 3471 1963 3775 4 12657 3864 22003 1913 17459 1963 3775 4 3965 4 12784 2377 3 3998 20669 19643 13046 4 4 2721 8584 10986 11126 3115 6229 20669 3 0 0 0 0 0 0 0 0 0 0 0 0 0 0 0 0 0 0 0 0 0 0 0 0 0 0 0 0 0 0 0 0 0 0 0 0 0 0 0 0 0 0 0 0 0 0 0 0 0 0 0 0 0 0 0 0 0 0 0 0 0 0 0 0 0 0 0 0 0 0 0 0 0 0 0 0 0 0 0 0 0 0 0 0 0 0 0 0 0 0 0 0
I1103 09:02:49.968448 47117492397120 create_pretraining_data.py:161] input_ids: 2 2543 3627 7486 2671 3471 1963 3775 4 12657 3864 22003 1913 17459 1963 3775 4 3965 4 12784 2377 3 3998 20669 19643 13046 4 4 2721 8584 10986 11126 3115 6229 20669 3 0 0 0 0 0 0 0 0 0 0 0 0 0 0 0 0 0 0 0 0 0 0 0 0 0 0 0 0 0 0 0 0 0 0 0 0 0 0 0 0 0 0 0 0 0 0 0 0 0 0 0 0 0 0 0 0 0 0 0 0 0 0 0 0 0 0 0 0 0 0 0 0 0 0 0 0 0 0 0 0 0 0 0 0 0 0 0 0 0 0 0 0
INFO:tensorflow:input_mask: 1 1 1 1 1 1 1 1 1 1 1 1 1 1 1 1 1 1 1 1 1 1 1 1 1 1 1 1 1 1 1 1 1 1 1 1 0 0 0 0 0 0 0 0 0 0 0 0 0 0 0 0 0 0 0 0 0 0 0 0 0 0 0 0 0 0 0 0 0 0 0 0 0 0 0 0 0 0 0 0 0 0 0 0 0 0 0 0 0 0 0 0 0 0 0 0 0 0 0 0 0 0 0 0 0 0 0 0 0 0 0 0 0 0 0 0 0 0 0 0 0 0 0 0 0 0 0 0
I1103 09:02:49.968593 47117492397120 create_pretraining_data.py:161] input_mask: 1 1 1 1 1 1 1 1 1 1 1 1 1 1 1 1 1 1 1 1 1 1 1 1 1 1 1 1 1 1 1 1 1 1 1 1 0 0 0 0 0 0 0 0 0 0 0 0 0 0 0 0 0 0 0 0 0 0 0 0 0 0 0 0 0 0 0 0 0 0 0 0 0 0 0 0 0 0 0 0 0 0 0 0 0 0 0 0 0 0 0 0 0 0 0 0 0 0 0 0 0 0 0 0 0 0 0 0 0 0 0 0 0 0 0 0 0 0 0 0 0 0 0 0 0 0 0 0
INFO:tensorflow:segment_ids: 0 0 0 0 0 0 0 0 0 0 0 0 0 0 0 0 0 0 0 0 0 0 1 1 1 1 1 1 1 1 1 1 1 1 1 1 0 0 0 0 0 0 0 0 0 0 0 0 0 0 0 0 0 0 0 0 0 0 0 0 0 0 0 0 0 0 0 0 0 0 0 0 0 0 0 0 0 0 0 0 0 0 0 0 0 0 0 0 0 0 0 0 0 0 0 0 0 0 0 0 0 0 0 0 0 0 0 0 0 0 0 0 0 0 0 0 0 0 0 0 0 0 0 0 0 0 0 0
I1103 09:02:49.968729 47117492397120 create_pretraining_data.py:161] segment_ids: 0 0 0 0 0 0 0 0 0 0 0 0 0 0 0 0 0 0 0 0 0 0 1 1 1 1 1 1 1 1 1 1 1 1 1 1 0 0 0 0 0 0 0 0 0 0 0 0 0 0 0 0 0 0 0 0 0 0 0 0 0 0 0 0 0 0 0 0 0 0 0 0 0 0 0 0 0 0 0 0 0 0 0 0 0 0 0 0 0 0 0 0 0 0 0 0 0 0 0 0 0 0 0 0 0 0 0 0 0 0 0 0 0 0 0 0 0 0 0 0 0 0 0 0 0 0 0 0
INFO:tensorflow:masked_lm_positions: 8 16 18 26 27 0 0 0 0 0 0 0 0 0 0 0 0 0 0 0
I1103 09:02:49.968824 47117492397120 create_pretraining_data.py:161] masked_lm_positions: 8 16 18 26 27 0 0 0 0 0 0 0 0 0 0 0 0 0 0 0
INFO:tensorflow:masked_lm_ids: 1939 1939 3864 25188 1911 0 0 0 0 0 0 0 0 0 0 0 0 0 0 0
I1103 09:02:49.968913 47117492397120 create_pretraining_data.py:161] masked_lm_ids: 1939 1939 3864 25188 1911 0 0 0 0 0 0 0 0 0 0 0 0 0 0 0
INFO:tensorflow:masked_lm_weights: 1.0 1.0 1.0 1.0 1.0 0.0 0.0 0.0 0.0 0.0 0.0 0.0 0.0 0.0 0.0 0.0 0.0 0.0 0.0 0.0
I1103 09:02:49.969005 47117492397120 create_pretraining_data.py:161] masked_lm_weights: 1.0 1.0 1.0 1.0 1.0 0.0 0.0 0.0 0.0 0.0 0.0 0.0 0.0 0.0 0.0 0.0 0.0 0.0 0.0 0.0
INFO:tensorflow:next_sentence_labels: 1
I1103 09:02:49.969089 47117492397120 create_pretraining_data.py:161] next_sentence_labels: 1
INFO:tensorflow:*** Example ***
I1103 09:02:49.969689 47117492397120 create_pretraining_data.py:149] *** Example ***
INFO:tensorflow:tokens: [CLS] [MASK] صدور اي حكم ضد ##اخ ##ونا البطل وليد الحربي سن ##عل ##ن مقاطعه بند ##ه لن ##منع [MASK] [MASK] بحق المواطن الغي ##ور الذي همه مصلحه [MASK] لك ##شف ##ه عف ##ن بند ##ه للمجتمع [SEP] عنصر ##يه [MASK] [MASK] سعيد [MASK] [SEP]
I1103 09:02:49.969822 47117492397120 create_pretraining_data.py:151] tokens: [CLS] [MASK] صدور اي حكم ضد ##اخ ##ونا البطل وليد الحربي سن ##عل ##ن مقاطعه بند ##ه لن ##منع [MASK] [MASK] بحق المواطن الغي ##ور الذي همه مصلحه [MASK] لك ##شف ##ه عف ##ن بند ##ه للمجتمع [SEP] عنصر ##يه [MASK] [MASK] سعيد [MASK] [SEP]
INFO:tensorflow:input_ids: 2 4 7027 2218 3904 3051 2524 3778 11605 7756 8629 2579 2329 1006 18478 16896 1028 2404 15835 4 4 5975 3999 12433 1936 2130 15608 21107 4 2278 2504 1028 5465 1006 16896 1028 19631 3 15342 1988 4 4 3664 4 3 0 0 0 0 0 0 0 0 0 0 0 0 0 0 0 0 0 0 0 0 0 0 0 0 0 0 0 0 0 0 0 0 0 0 0 0 0 0 0 0 0 0 0 0 0 0 0 0 0 0 0 0 0 0 0 0 0 0 0 0 0 0 0 0 0 0 0 0 0 0 0 0 0 0 0 0 0 0 0 0 0 0 0
I1103 09:02:49.969968 47117492397120 create_pretraining_data.py:161] input_ids: 2 4 7027 2218 3904 3051 2524 3778 11605 7756 8629 2579 2329 1006 18478 16896 1028 2404 15835 4 4 5975 3999 12433 1936 2130 15608 21107 4 2278 2504 1028 5465 1006 16896 1028 19631 3 15342 1988 4 4 3664 4 3 0 0 0 0 0 0 0 0 0 0 0 0 0 0 0 0 0 0 0 0 0 0 0 0 0 0 0 0 0 0 0 0 0 0 0 0 0 0 0 0 0 0 0 0 0 0 0 0 0 0 0 0 0 0 0 0 0 0 0 0 0 0 0 0 0 0 0 0 0 0 0 0 0 0 0 0 0 0 0 0 0 0 0
INFO:tensorflow:input_mask: 1 1 1 1 1 1 1 1 1 1 1 1 1 1 1 1 1 1 1 1 1 1 1 1 1 1 1 1 1 1 1 1 1 1 1 1 1 1 1 1 1 1 1 1 1 0 0 0 0 0 0 0 0 0 0 0 0 0 0 0 0 0 0 0 0 0 0 0 0 0 0 0 0 0 0 0 0 0 0 0 0 0 0 0 0 0 0 0 0 0 0 0 0 0 0 0 0 0 0 0 0 0 0 0 0 0 0 0 0 0 0 0 0 0 0 0 0 0 0 0 0 0 0 0 0 0 0 0
I1103 09:02:49.970112 47117492397120 create_pretraining_data.py:161] input_mask: 1 1 1 1 1 1 1 1 1 1 1 1 1 1 1 1 1 1 1 1 1 1 1 1 1 1 1 1 1 1 1 1 1 1 1 1 1 1 1 1 1 1 1 1 1 0 0 0 0 0 0 0 0 0 0 0 0 0 0 0 0 0 0 0 0 0 0 0 0 0 0 0 0 0 0 0 0 0 0 0 0 0 0 0 0 0 0 0 0 0 0 0 0 0 0 0 0 0 0 0 0 0 0 0 0 0 0 0 0 0 0 0 0 0 0 0 0 0 0 0 0 0 0 0 0 0 0 0
INFO:tensorflow:segment_ids: 0 0 0 0 0 0 0 0 0 0 0 0 0 0 0 0 0 0 0 0 0 0 0 0 0 0 0 0 0 0 0 0 0 0 0 0 0 0 1 1 1 1 1 1 1 0 0 0 0 0 0 0 0 0 0 0 0 0 0 0 0 0 0 0 0 0 0 0 0 0 0 0 0 0 0 0 0 0 0 0 0 0 0 0 0 0 0 0 0 0 0 0 0 0 0 0 0 0 0 0 0 0 0 0 0 0 0 0 0 0 0 0 0 0 0 0 0 0 0 0 0 0 0 0 0 0 0 0
I1103 09:02:49.970242 47117492397120 create_pretraining_data.py:161] segment_ids: 0 0 0 0 0 0 0 0 0 0 0 0 0 0 0 0 0 0 0 0 0 0 0 0 0 0 0 0 0 0 0 0 0 0 0 0 0 0 1 1 1 1 1 1 1 0 0 0 0 0 0 0 0 0 0 0 0 0 0 0 0 0 0 0 0 0 0 0 0 0 0 0 0 0 0 0 0 0 0 0 0 0 0 0 0 0 0 0 0 0 0 0 0 0 0 0 0 0 0 0 0 0 0 0 0 0 0 0 0 0 0 0 0 0 0 0 0 0 0 0 0 0 0 0 0 0 0 0
INFO:tensorflow:masked_lm_positions: 1 19 20 28 40 41 43 0 0 0 0 0 0 0 0 0 0 0 0 0
I1103 09:02:49.970338 47117492397120 create_pretraining_data.py:161] masked_lm_positions: 1 19 20 28 40 41 43 0 0 0 0 0 0 0 0 0 0 0 0 0
INFO:tensorflow:masked_lm_ids: 1973 2085 9882 2865 9167 9167 19680 0 0 0 0 0 0 0 0 0 0 0 0 0
I1103 09:02:49.970428 47117492397120 create_pretraining_data.py:161] masked_lm_ids: 1973 2085 9882 2865 9167 9167 19680 0 0 0 0 0 0 0 0 0 0 0 0 0
INFO:tensorflow:masked_lm_weights: 1.0 1.0 1.0 1.0 1.0 1.0 1.0 0.0 0.0 0.0 0.0 0.0 0.0 0.0 0.0 0.0 0.0 0.0 0.0 0.0
I1103 09:02:49.970520 47117492397120 create_pretraining_data.py:161] masked_lm_weights: 1.0 1.0 1.0 1.0 1.0 1.0 1.0 0.0 0.0 0.0 0.0 0.0 0.0 0.0 0.0 0.0 0.0 0.0 0.0 0.0
INFO:tensorflow:next_sentence_labels: 1
I1103 09:02:49.970604 47117492397120 create_pretraining_data.py:161] next_sentence_labels: 1
INFO:tensorflow:*** Example ***
I1103 09:02:49.971230 47117492397120 create_pretraining_data.py:149] *** Example ***
INFO:tensorflow:tokens: [CLS] نطلب من الساد ##ه مكافحه الفساد زياره [MASK] العامه للطيران [MASK] [SEP] [MASK] دكتور ##ه ممحونه رتويت 69 [MASK] سكس كب ##لز قحبه سكس ##يه سحاق ديوث [SEP]
I1103 09:02:49.971360 47117492397120 create_pretraining_data.py:151] tokens: [CLS] نطلب من الساد ##ه مكافحه الفساد زياره [MASK] العامه للطيران [MASK] [SEP] [MASK] دكتور ##ه ممحونه رتويت 69 [MASK] سكس كب ##لز قحبه سكس ##يه سحاق ديوث [SEP]
INFO:tensorflow:input_ids: 2 20844 1908 4562 1028 17312 6221 14482 4 6760 17324 4 3 4 5351 1028 16371 2928 15212 4 4031 3413 2149 20218 4031 1988 25316 14885 3 0 0 0 0 0 0 0 0 0 0 0 0 0 0 0 0 0 0 0 0 0 0 0 0 0 0 0 0 0 0 0 0 0 0 0 0 0 0 0 0 0 0 0 0 0 0 0 0 0 0 0 0 0 0 0 0 0 0 0 0 0 0 0 0 0 0 0 0 0 0 0 0 0 0 0 0 0 0 0 0 0 0 0 0 0 0 0 0 0 0 0 0 0 0 0 0 0 0 0
I1103 09:02:49.971503 47117492397120 create_pretraining_data.py:161] input_ids: 2 20844 1908 4562 1028 17312 6221 14482 4 6760 17324 4 3 4 5351 1028 16371 2928 15212 4 4031 3413 2149 20218 4031 1988 25316 14885 3 0 0 0 0 0 0 0 0 0 0 0 0 0 0 0 0 0 0 0 0 0 0 0 0 0 0 0 0 0 0 0 0 0 0 0 0 0 0 0 0 0 0 0 0 0 0 0 0 0 0 0 0 0 0 0 0 0 0 0 0 0 0 0 0 0 0 0 0 0 0 0 0 0 0 0 0 0 0 0 0 0 0 0 0 0 0 0 0 0 0 0 0 0 0 0 0 0 0 0
INFO:tensorflow:input_mask: 1 1 1 1 1 1 1 1 1 1 1 1 1 1 1 1 1 1 1 1 1 1 1 1 1 1 1 1 1 0 0 0 0 0 0 0 0 0 0 0 0 0 0 0 0 0 0 0 0 0 0 0 0 0 0 0 0 0 0 0 0 0 0 0 0 0 0 0 0 0 0 0 0 0 0 0 0 0 0 0 0 0 0 0 0 0 0 0 0 0 0 0 0 0 0 0 0 0 0 0 0 0 0 0 0 0 0 0 0 0 0 0 0 0 0 0 0 0 0 0 0 0 0 0 0 0 0 0
I1103 09:02:49.971642 47117492397120 create_pretraining_data.py:161] input_mask: 1 1 1 1 1 1 1 1 1 1 1 1 1 1 1 1 1 1 1 1 1 1 1 1 1 1 1 1 1 0 0 0 0 0 0 0 0 0 0 0 0 0 0 0 0 0 0 0 0 0 0 0 0 0 0 0 0 0 0 0 0 0 0 0 0 0 0 0 0 0 0 0 0 0 0 0 0 0 0 0 0 0 0 0 0 0 0 0 0 0 0 0 0 0 0 0 0 0 0 0 0 0 0 0 0 0 0 0 0 0 0 0 0 0 0 0 0 0 0 0 0 0 0 0 0 0 0 0
INFO:tensorflow:segment_ids: 0 0 0 0 0 0 0 0 0 0 0 0 0 1 1 1 1 1 1 1 1 1 1 1 1 1 1 1 1 0 0 0 0 0 0 0 0 0 0 0 0 0 0 0 0 0 0 0 0 0 0 0 0 0 0 0 0 0 0 0 0 0 0 0 0 0 0 0 0 0 0 0 0 0 0 0 0 0 0 0 0 0 0 0 0 0 0 0 0 0 0 0 0 0 0 0 0 0 0 0 0 0 0 0 0 0 0 0 0 0 0 0 0 0 0 0 0 0 0 0 0 0 0 0 0 0 0 0
I1103 09:02:49.971782 47117492397120 create_pretraining_data.py:161] segment_ids: 0 0 0 0 0 0 0 0 0 0 0 0 0 1 1 1 1 1 1 1 1 1 1 1 1 1 1 1 1 0 0 0 0 0 0 0 0 0 0 0 0 0 0 0 0 0 0 0 0 0 0 0 0 0 0 0 0 0 0 0 0 0 0 0 0 0 0 0 0 0 0 0 0 0 0 0 0 0 0 0 0 0 0 0 0 0 0 0 0 0 0 0 0 0 0 0 0 0 0 0 0 0 0 0 0 0 0 0 0 0 0 0 0 0 0 0 0 0 0 0 0 0 0 0 0 0 0 0
INFO:tensorflow:masked_lm_positions: 8 11 13 19 0 0 0 0 0 0 0 0 0 0 0 0 0 0 0 0
I1103 09:02:49.971879 47117492397120 create_pretraining_data.py:161] masked_lm_positions: 8 11 13 19 0 0 0 0 0 0 0 0 0 0 0 0 0 0 0 0
INFO:tensorflow:masked_lm_ids: 20318 4990 5246 3612 0 0 0 0 0 0 0 0 0 0 0 0 0 0 0 0
I1103 09:02:49.971971 47117492397120 create_pretraining_data.py:161] masked_lm_ids: 20318 4990 5246 3612 0 0 0 0 0 0 0 0 0 0 0 0 0 0 0 0
INFO:tensorflow:masked_lm_weights: 1.0 1.0 1.0 1.0 0.0 0.0 0.0 0.0 0.0 0.0 0.0 0.0 0.0 0.0 0.0 0.0 0.0 0.0 0.0 0.0
I1103 09:02:49.972066 47117492397120 create_pretraining_data.py:161] masked_lm_weights: 1.0 1.0 1.0 1.0 0.0 0.0 0.0 0.0 0.0 0.0 0.0 0.0 0.0 0.0 0.0 0.0 0.0 0.0 0.0 0.0
INFO:tensorflow:next_sentence_labels: 1
I1103 09:02:49.972150 47117492397120 create_pretraining_data.py:161] next_sentence_labels: 1
INFO:tensorflow:*** Example ***
I1103 09:02:49.972785 47117492397120 create_pretraining_data.py:149] *** Example ***
INFO:tensorflow:tokens: [CLS] ما علاقه اسرائيل [MASK] [MASK] [MASK] مع ايران الدول ##تان تحتل ارا ##ض عربيه وتق ##ت ##ل المسلمين صباح مساء كلاهما عدو ظاهر [MASK] [MASK] خطر [MASK] منهما تطبي ##ع مع العدو [SEP] فرح ##ونا بقي وليد ات ##صاب [SEP]
I1103 09:02:49.972920 47117492397120 create_pretraining_data.py:151] tokens: [CLS] ما علاقه اسرائيل [MASK] [MASK] [MASK] مع ايران الدول ##تان تحتل ارا ##ض عربيه وتق ##ت ##ل المسلمين صباح مساء كلاهما عدو ظاهر [MASK] [MASK] خطر [MASK] منهما تطبي ##ع مع العدو [SEP] فرح ##ونا بقي وليد ات ##صاب [SEP]
INFO:tensorflow:input_ids: 2 1972 10022 5188 4 4 4 1973 3115 3537 7383 24275 26201 1027 12246 4646 1005 1010 3524 2570 3308 21052 12317 14375 4 4 7441 4 9427 22693 1009 1973 7668 3 4025 3778 4078 7756 2253 5780 3 0 0 0 0 0 0 0 0 0 0 0 0 0 0 0 0 0 0 0 0 0 0 0 0 0 0 0 0 0 0 0 0 0 0 0 0 0 0 0 0 0 0 0 0 0 0 0 0 0 0 0 0 0 0 0 0 0 0 0 0 0 0 0 0 0 0 0 0 0 0 0 0 0 0 0 0 0 0 0 0 0 0 0 0 0 0 0
I1103 09:02:49.973065 47117492397120 create_pretraining_data.py:161] input_ids: 2 1972 10022 5188 4 4 4 1973 3115 3537 7383 24275 26201 1027 12246 4646 1005 1010 3524 2570 3308 21052 12317 14375 4 4 7441 4 9427 22693 1009 1973 7668 3 4025 3778 4078 7756 2253 5780 3 0 0 0 0 0 0 0 0 0 0 0 0 0 0 0 0 0 0 0 0 0 0 0 0 0 0 0 0 0 0 0 0 0 0 0 0 0 0 0 0 0 0 0 0 0 0 0 0 0 0 0 0 0 0 0 0 0 0 0 0 0 0 0 0 0 0 0 0 0 0 0 0 0 0 0 0 0 0 0 0 0 0 0 0 0 0 0
INFO:tensorflow:input_mask: 1 1 1 1 1 1 1 1 1 1 1 1 1 1 1 1 1 1 1 1 1 1 1 1 1 1 1 1 1 1 1 1 1 1 1 1 1 1 1 1 1 0 0 0 0 0 0 0 0 0 0 0 0 0 0 0 0 0 0 0 0 0 0 0 0 0 0 0 0 0 0 0 0 0 0 0 0 0 0 0 0 0 0 0 0 0 0 0 0 0 0 0 0 0 0 0 0 0 0 0 0 0 0 0 0 0 0 0 0 0 0 0 0 0 0 0 0 0 0 0 0 0 0 0 0 0 0 0
I1103 09:02:49.973196 47117492397120 create_pretraining_data.py:161] input_mask: 1 1 1 1 1 1 1 1 1 1 1 1 1 1 1 1 1 1 1 1 1 1 1 1 1 1 1 1 1 1 1 1 1 1 1 1 1 1 1 1 1 0 0 0 0 0 0 0 0 0 0 0 0 0 0 0 0 0 0 0 0 0 0 0 0 0 0 0 0 0 0 0 0 0 0 0 0 0 0 0 0 0 0 0 0 0 0 0 0 0 0 0 0 0 0 0 0 0 0 0 0 0 0 0 0 0 0 0 0 0 0 0 0 0 0 0 0 0 0 0 0 0 0 0 0 0 0 0
INFO:tensorflow:segment_ids: 0 0 0 0 0 0 0 0 0 0 0 0 0 0 0 0 0 0 0 0 0 0 0 0 0 0 0 0 0 0 0 0 0 0 1 1 1 1 1 1 1 0 0 0 0 0 0 0 0 0 0 0 0 0 0 0 0 0 0 0 0 0 0 0 0 0 0 0 0 0 0 0 0 0 0 0 0 0 0 0 0 0 0 0 0 0 0 0 0 0 0 0 0 0 0 0 0 0 0 0 0 0 0 0 0 0 0 0 0 0 0 0 0 0 0 0 0 0 0 0 0 0 0 0 0 0 0 0
I1103 09:02:49.973321 47117492397120 create_pretraining_data.py:161] segment_ids: 0 0 0 0 0 0 0 0 0 0 0 0 0 0 0 0 0 0 0 0 0 0 0 0 0 0 0 0 0 0 0 0 0 0 1 1 1 1 1 1 1 0 0 0 0 0 0 0 0 0 0 0 0 0 0 0 0 0 0 0 0 0 0 0 0 0 0 0 0 0 0 0 0 0 0 0 0 0 0 0 0 0 0 0 0 0 0 0 0 0 0 0 0 0 0 0 0 0 0 0 0 0 0 0 0 0 0 0 0 0 0 0 0 0 0 0 0 0 0 0 0 0 0 0 0 0 0 0
INFO:tensorflow:masked_lm_positions: 4 5 6 24 25 27 0 0 0 0 0 0 0 0 0 0 0 0 0 0
I1103 09:02:49.973430 47117492397120 create_pretraining_data.py:161] masked_lm_positions: 4 5 6 24 25 27 0 0 0 0 0 0 0 0 0 0 0 0 0 0
INFO:tensorflow:masked_lm_ids: 2089 1954 1914 11355 3934 2218 0 0 0 0 0 0 0 0 0 0 0 0 0 0
I1103 09:02:49.973522 47117492397120 create_pretraining_data.py:161] masked_lm_ids: 2089 1954 1914 11355 3934 2218 0 0 0 0 0 0 0 0 0 0 0 0 0 0
INFO:tensorflow:masked_lm_weights: 1.0 1.0 1.0 1.0 1.0 1.0 0.0 0.0 0.0 0.0 0.0 0.0 0.0 0.0 0.0 0.0 0.0 0.0 0.0 0.0
I1103 09:02:49.973622 47117492397120 create_pretraining_data.py:161] masked_lm_weights: 1.0 1.0 1.0 1.0 1.0 1.0 0.0 0.0 0.0 0.0 0.0 0.0 0.0 0.0 0.0 0.0 0.0 0.0 0.0 0.0
INFO:tensorflow:next_sentence_labels: 1
I1103 09:02:49.973707 47117492397120 create_pretraining_data.py:161] next_sentence_labels: 1
INFO:tensorflow:*** Example ***
I1103 09:02:49.974324 47117492397120 create_pretraining_data.py:149] *** Example ***
INFO:tensorflow:tokens: [CLS] مؤلم ان [MASK] [MASK] لص ##لاه الفجر ويترك [MASK] اعوام نائ ##مين ثم بعدها بس ##اعه يو ##ق ##ظه ##م للمد ##رسه اي نجاح تريد لابن ##ائك حافظ ##و علي الصلاه في وقتها [SEP] اتحاد ##نا شت ##ت العدوان اليوم اكبر فرحه ترند هاشتاق سهيله ##است شكرا [MASK] [MASK] سوها ##بيين ابطال [SEP]
I1103 09:02:49.974460 47117492397120 create_pretraining_data.py:151] tokens: [CLS] مؤلم ان [MASK] [MASK] لص ##لاه الفجر ويترك [MASK] اعوام نائ ##مين ثم بعدها بس ##اعه يو ##ق ##ظه ##م للمد ##رسه اي نجاح تريد لابن ##ائك حافظ ##و علي الصلاه في وقتها [SEP] اتحاد ##نا شت ##ت العدوان اليوم اكبر فرحه ترند هاشتاق سهيله ##است شكرا [MASK] [MASK] سوها ##بيين ابطال [SEP]
INFO:tensorflow:input_ids: 2 13301 1939 4 4 4110 3107 5817 26429 4 20034 11856 3289 2371 6331 2357 3113 2724 1011 3620 1015 15105 27164 2218 5700 4821 12812 6719 6813 1012 1958 4676 1912 10712 3 5984 1914 6841 1005 8693 2217 3294 8588 24187 14699 3969 23562 3948 4 4 11260 9410 7821 3 0 0 0 0 0 0 0 0 0 0 0 0 0 0 0 0 0 0 0 0 0 0 0 0 0 0 0 0 0 0 0 0 0 0 0 0 0 0 0 0 0 0 0 0 0 0 0 0 0 0 0 0 0 0 0 0 0 0 0 0 0 0 0 0 0 0 0 0 0 0 0 0 0 0
I1103 09:02:49.974617 47117492397120 create_pretraining_data.py:161] input_ids: 2 13301 1939 4 4 4110 3107 5817 26429 4 20034 11856 3289 2371 6331 2357 3113 2724 1011 3620 1015 15105 27164 2218 5700 4821 12812 6719 6813 1012 1958 4676 1912 10712 3 5984 1914 6841 1005 8693 2217 3294 8588 24187 14699 3969 23562 3948 4 4 11260 9410 7821 3 0 0 0 0 0 0 0 0 0 0 0 0 0 0 0 0 0 0 0 0 0 0 0 0 0 0 0 0 0 0 0 0 0 0 0 0 0 0 0 0 0 0 0 0 0 0 0 0 0 0 0 0 0 0 0 0 0 0 0 0 0 0 0 0 0 0 0 0 0 0 0 0 0 0
INFO:tensorflow:input_mask: 1 1 1 1 1 1 1 1 1 1 1 1 1 1 1 1 1 1 1 1 1 1 1 1 1 1 1 1 1 1 1 1 1 1 1 1 1 1 1 1 1 1 1 1 1 1 1 1 1 1 1 1 1 1 0 0 0 0 0 0 0 0 0 0 0 0 0 0 0 0 0 0 0 0 0 0 0 0 0 0 0 0 0 0 0 0 0 0 0 0 0 0 0 0 0 0 0 0 0 0 0 0 0 0 0 0 0 0 0 0 0 0 0 0 0 0 0 0 0 0 0 0 0 0 0 0 0 0
I1103 09:02:49.974752 47117492397120 create_pretraining_data.py:161] input_mask: 1 1 1 1 1 1 1 1 1 1 1 1 1 1 1 1 1 1 1 1 1 1 1 1 1 1 1 1 1 1 1 1 1 1 1 1 1 1 1 1 1 1 1 1 1 1 1 1 1 1 1 1 1 1 0 0 0 0 0 0 0 0 0 0 0 0 0 0 0 0 0 0 0 0 0 0 0 0 0 0 0 0 0 0 0 0 0 0 0 0 0 0 0 0 0 0 0 0 0 0 0 0 0 0 0 0 0 0 0 0 0 0 0 0 0 0 0 0 0 0 0 0 0 0 0 0 0 0
INFO:tensorflow:segment_ids: 0 0 0 0 0 0 0 0 0 0 0 0 0 0 0 0 0 0 0 0 0 0 0 0 0 0 0 0 0 0 0 0 0 0 0 1 1 1 1 1 1 1 1 1 1 1 1 1 1 1 1 1 1 1 0 0 0 0 0 0 0 0 0 0 0 0 0 0 0 0 0 0 0 0 0 0 0 0 0 0 0 0 0 0 0 0 0 0 0 0 0 0 0 0 0 0 0 0 0 0 0 0 0 0 0 0 0 0 0 0 0 0 0 0 0 0 0 0 0 0 0 0 0 0 0 0 0 0
I1103 09:02:49.974882 47117492397120 create_pretraining_data.py:161] segment_ids: 0 0 0 0 0 0 0 0 0 0 0 0 0 0 0 0 0 0 0 0 0 0 0 0 0 0 0 0 0 0 0 0 0 0 0 1 1 1 1 1 1 1 1 1 1 1 1 1 1 1 1 1 1 1 0 0 0 0 0 0 0 0 0 0 0 0 0 0 0 0 0 0 0 0 0 0 0 0 0 0 0 0 0 0 0 0 0 0 0 0 0 0 0 0 0 0 0 0 0 0 0 0 0 0 0 0 0 0 0 0 0 0 0 0 0 0 0 0 0 0 0 0 0 0 0 0 0 0
INFO:tensorflow:masked_lm_positions: 3 4 9 10 25 46 48 49 0 0 0 0 0 0 0 0 0 0 0 0
I1103 09:02:49.974990 47117492397120 create_pretraining_data.py:161] masked_lm_positions: 3 4 9 10 25 46 48 49 0 0 0 0 0 0 0 0 0 0 0 0
INFO:tensorflow:masked_lm_ids: 2414 11227 7534 1028 4821 8286 13795 10791 0 0 0 0 0 0 0 0 0 0 0 0
I1103 09:02:49.975082 47117492397120 create_pretraining_data.py:161] masked_lm_ids: 2414 11227 7534 1028 4821 8286 13795 10791 0 0 0 0 0 0 0 0 0 0 0 0
INFO:tensorflow:masked_lm_weights: 1.0 1.0 1.0 1.0 1.0 1.0 1.0 1.0 0.0 0.0 0.0 0.0 0.0 0.0 0.0 0.0 0.0 0.0 0.0 0.0
I1103 09:02:49.975176 47117492397120 create_pretraining_data.py:161] masked_lm_weights: 1.0 1.0 1.0 1.0 1.0 1.0 1.0 1.0 0.0 0.0 0.0 0.0 0.0 0.0 0.0 0.0 0.0 0.0 0.0 0.0
INFO:tensorflow:next_sentence_labels: 1
I1103 09:02:49.975260 47117492397120 create_pretraining_data.py:161] next_sentence_labels: 1
INFO:tensorflow:*** Example ***
I1103 09:02:49.975876 47117492397120 create_pretraining_data.py:149] *** Example ***
INFO:tensorflow:tokens: [CLS] لنا حياه داخل ##نا تختلف [MASK] الحياه التي [MASK] الاخرون [MASK] البطي للدعم [SEP] لا تنس ##ون لاعب النصر السابق سعود حمود من دعا ##كم [MASK] البس ##ه لباس الصحه [MASK] اللهم اجمع له بين ##براطور والعافيه [SEP]
I1103 09:02:49.976010 47117492397120 create_pretraining_data.py:151] tokens: [CLS] لنا حياه داخل ##نا تختلف [MASK] الحياه التي [MASK] الاخرون [MASK] البطي للدعم [SEP] لا تنس ##ون لاعب النصر السابق سعود حمود من دعا ##كم [MASK] البس ##ه لباس الصحه [MASK] اللهم اجمع له بين ##براطور والعافيه [SEP]
INFO:tensorflow:input_ids: 2 2776 5251 3224 1914 11143 4 3014 2061 4 23258 4 25655 2679 3 1963 6548 1922 3639 3059 3905 4393 12010 1908 6430 2018 4 19946 1028 20433 8808 4 2168 8199 2154 2117 28274 13125 3 0 0 0 0 0 0 0 0 0 0 0 0 0 0 0 0 0 0 0 0 0 0 0 0 0 0 0 0 0 0 0 0 0 0 0 0 0 0 0 0 0 0 0 0 0 0 0 0 0 0 0 0 0 0 0 0 0 0 0 0 0 0 0 0 0 0 0 0 0 0 0 0 0 0 0 0 0 0 0 0 0 0 0 0 0 0 0 0 0
I1103 09:02:49.976156 47117492397120 create_pretraining_data.py:161] input_ids: 2 2776 5251 3224 1914 11143 4 3014 2061 4 23258 4 25655 2679 3 1963 6548 1922 3639 3059 3905 4393 12010 1908 6430 2018 4 19946 1028 20433 8808 4 2168 8199 2154 2117 28274 13125 3 0 0 0 0 0 0 0 0 0 0 0 0 0 0 0 0 0 0 0 0 0 0 0 0 0 0 0 0 0 0 0 0 0 0 0 0 0 0 0 0 0 0 0 0 0 0 0 0 0 0 0 0 0 0 0 0 0 0 0 0 0 0 0 0 0 0 0 0 0 0 0 0 0 0 0 0 0 0 0 0 0 0 0 0 0 0 0 0 0
INFO:tensorflow:input_mask: 1 1 1 1 1 1 1 1 1 1 1 1 1 1 1 1 1 1 1 1 1 1 1 1 1 1 1 1 1 1 1 1 1 1 1 1 1 1 1 0 0 0 0 0 0 0 0 0 0 0 0 0 0 0 0 0 0 0 0 0 0 0 0 0 0 0 0 0 0 0 0 0 0 0 0 0 0 0 0 0 0 0 0 0 0 0 0 0 0 0 0 0 0 0 0 0 0 0 0 0 0 0 0 0 0 0 0 0 0 0 0 0 0 0 0 0 0 0 0 0 0 0 0 0 0 0 0 0
I1103 09:02:49.976290 47117492397120 create_pretraining_data.py:161] input_mask: 1 1 1 1 1 1 1 1 1 1 1 1 1 1 1 1 1 1 1 1 1 1 1 1 1 1 1 1 1 1 1 1 1 1 1 1 1 1 1 0 0 0 0 0 0 0 0 0 0 0 0 0 0 0 0 0 0 0 0 0 0 0 0 0 0 0 0 0 0 0 0 0 0 0 0 0 0 0 0 0 0 0 0 0 0 0 0 0 0 0 0 0 0 0 0 0 0 0 0 0 0 0 0 0 0 0 0 0 0 0 0 0 0 0 0 0 0 0 0 0 0 0 0 0 0 0 0 0
INFO:tensorflow:segment_ids: 0 0 0 0 0 0 0 0 0 0 0 0 0 0 0 1 1 1 1 1 1 1 1 1 1 1 1 1 1 1 1 1 1 1 1 1 1 1 1 0 0 0 0 0 0 0 0 0 0 0 0 0 0 0 0 0 0 0 0 0 0 0 0 0 0 0 0 0 0 0 0 0 0 0 0 0 0 0 0 0 0 0 0 0 0 0 0 0 0 0 0 0 0 0 0 0 0 0 0 0 0 0 0 0 0 0 0 0 0 0 0 0 0 0 0 0 0 0 0 0 0 0 0 0 0 0 0 0
I1103 09:02:49.976416 47117492397120 create_pretraining_data.py:161] segment_ids: 0 0 0 0 0 0 0 0 0 0 0 0 0 0 0 1 1 1 1 1 1 1 1 1 1 1 1 1 1 1 1 1 1 1 1 1 1 1 1 0 0 0 0 0 0 0 0 0 0 0 0 0 0 0 0 0 0 0 0 0 0 0 0 0 0 0 0 0 0 0 0 0 0 0 0 0 0 0 0 0 0 0 0 0 0 0 0 0 0 0 0 0 0 0 0 0 0 0 0 0 0 0 0 0 0 0 0 0 0 0 0 0 0 0 0 0 0 0 0 0 0 0 0 0 0 0 0 0
INFO:tensorflow:masked_lm_positions: 6 9 11 26 31 36 0 0 0 0 0 0 0 0 0 0 0 0 0 0
I1103 09:02:49.976522 47117492397120 create_pretraining_data.py:161] masked_lm_positions: 6 9 11 26 31 36 0 0 0 0 0 0 0 0 0 0 0 0 0 0
INFO:tensorflow:masked_lm_ids: 1955 25704 2543 2168 13125 11240 0 0 0 0 0 0 0 0 0 0 0 0 0 0
I1103 09:02:49.976623 47117492397120 create_pretraining_data.py:161] masked_lm_ids: 1955 25704 2543 2168 13125 11240 0 0 0 0 0 0 0 0 0 0 0 0 0 0
INFO:tensorflow:masked_lm_weights: 1.0 1.0 1.0 1.0 1.0 1.0 0.0 0.0 0.0 0.0 0.0 0.0 0.0 0.0 0.0 0.0 0.0 0.0 0.0 0.0
I1103 09:02:49.976719 47117492397120 create_pretraining_data.py:161] masked_lm_weights: 1.0 1.0 1.0 1.0 1.0 1.0 0.0 0.0 0.0 0.0 0.0 0.0 0.0 0.0 0.0 0.0 0.0 0.0 0.0 0.0
INFO:tensorflow:next_sentence_labels: 1
I1103 09:02:49.976803 47117492397120 create_pretraining_data.py:161] next_sentence_labels: 1
INFO:tensorflow:Wrote 9999520 total instances
I1103 10:10:50.949686 47117492397120 create_pretraining_data.py:166] Wrote 9999520 total instances
