Loading module 'all'
WARNING:tensorflow:From ../bert/create_pretraining_data.py:469: The name tf.app.run is deprecated. Please use tf.compat.v1.app.run instead.

WARNING:tensorflow:From ../bert/create_pretraining_data.py:437: The name tf.logging.set_verbosity is deprecated. Please use tf.compat.v1.logging.set_verbosity instead.

W1103 01:14:19.930683 47881629111360 module_wrapper.py:139] From ../bert/create_pretraining_data.py:437: The name tf.logging.set_verbosity is deprecated. Please use tf.compat.v1.logging.set_verbosity instead.

WARNING:tensorflow:From ../bert/create_pretraining_data.py:437: The name tf.logging.INFO is deprecated. Please use tf.compat.v1.logging.INFO instead.

W1103 01:14:19.930930 47881629111360 module_wrapper.py:139] From ../bert/create_pretraining_data.py:437: The name tf.logging.INFO is deprecated. Please use tf.compat.v1.logging.INFO instead.

WARNING:tensorflow:From /scratch/gi372/CAMeLBERT/bert/tokenization.py:125: The name tf.gfile.GFile is deprecated. Please use tf.io.gfile.GFile instead.

W1103 01:14:19.931174 47881629111360 module_wrapper.py:139] From /scratch/gi372/CAMeLBERT/bert/tokenization.py:125: The name tf.gfile.GFile is deprecated. Please use tf.io.gfile.GFile instead.

WARNING:tensorflow:From ../bert/create_pretraining_data.py:444: The name tf.gfile.Glob is deprecated. Please use tf.io.gfile.glob instead.

W1103 01:14:20.038794 47881629111360 module_wrapper.py:139] From ../bert/create_pretraining_data.py:444: The name tf.gfile.Glob is deprecated. Please use tf.io.gfile.glob instead.

WARNING:tensorflow:From ../bert/create_pretraining_data.py:446: The name tf.logging.info is deprecated. Please use tf.compat.v1.logging.info instead.

W1103 01:14:20.042003 47881629111360 module_wrapper.py:139] From ../bert/create_pretraining_data.py:446: The name tf.logging.info is deprecated. Please use tf.compat.v1.logging.info instead.

INFO:tensorflow:*** Reading from input files ***
I1103 01:14:20.042179 47881629111360 create_pretraining_data.py:446] *** Reading from input files ***
INFO:tensorflow:  ../corpora/shards/DA-ali2019-500m-tweet.bw.ar.lines.shard.041.normalized.sents
I1103 01:14:20.042305 47881629111360 create_pretraining_data.py:448]   ../corpora/shards/DA-ali2019-500m-tweet.bw.ar.lines.shard.041.normalized.sents
INFO:tensorflow:*** Writing to output files ***
I1103 01:57:30.613948 47881629111360 create_pretraining_data.py:457] *** Writing to output files ***
INFO:tensorflow:  ../corpora/tfrecord_wp-30k_msl-128/DA-ali2019-500m-tweet.bw.ar.lines.shard.041.tf_record
I1103 01:57:30.632929 47881629111360 create_pretraining_data.py:459]   ../corpora/tfrecord_wp-30k_msl-128/DA-ali2019-500m-tweet.bw.ar.lines.shard.041.tf_record
WARNING:tensorflow:From ../bert/create_pretraining_data.py:101: The name tf.python_io.TFRecordWriter is deprecated. Please use tf.io.TFRecordWriter instead.

W1103 01:57:30.676816 47881629111360 module_wrapper.py:139] From ../bert/create_pretraining_data.py:101: The name tf.python_io.TFRecordWriter is deprecated. Please use tf.io.TFRecordWriter instead.

INFO:tensorflow:*** Example ***
I1103 01:57:30.882313 47881629111360 create_pretraining_data.py:149] *** Example ***
INFO:tensorflow:tokens: [CLS] [MASK] خروج ##ك [MASK] البرنامج لا [MASK] نهايه ##طري ##ق النجاح [MASK] تملك قاعده جماهيري ##ه كبيره اتمني [MASK] اري اول سن ##قل لك قريبا [SEP] [MASK] مقتل 13 من [MASK] الحكومي ##ه في كم ##ين لم ##قاتل ##ي الدوله الاسلاميه جنوب الفلوجه [SEP]
I1103 01:57:30.883366 47881629111360 create_pretraining_data.py:151] tokens: [CLS] [MASK] خروج ##ك [MASK] البرنامج لا [MASK] نهايه ##طري ##ق النجاح [MASK] تملك قاعده جماهيري ##ه كبيره اتمني [MASK] اري اول سن ##قل لك قريبا [SEP] [MASK] مقتل 13 من [MASK] الحكومي ##ه في كم ##ين لم ##قاتل ##ي الدوله الاسلاميه جنوب الفلوجه [SEP]
INFO:tensorflow:input_ids: 2 4 8053 1014 4 4945 1963 4 6284 17313 1011 6232 4 6416 13213 25827 1028 7670 6228 4 7781 3085 2579 2246 2278 6159 3 4 5685 3243 1908 4 10619 1028 1912 2995 1911 2043 22015 1013 6118 6508 4297 19221 3 0 0 0 0 0 0 0 0 0 0 0 0 0 0 0 0 0 0 0 0 0 0 0 0 0 0 0 0 0 0 0 0 0 0 0 0 0 0 0 0 0 0 0 0 0 0 0 0 0 0 0 0 0 0 0 0 0 0 0 0 0 0 0 0 0 0 0 0 0 0 0 0 0 0 0 0 0 0 0 0 0 0 0
I1103 01:57:30.885024 47881629111360 create_pretraining_data.py:161] input_ids: 2 4 8053 1014 4 4945 1963 4 6284 17313 1011 6232 4 6416 13213 25827 1028 7670 6228 4 7781 3085 2579 2246 2278 6159 3 4 5685 3243 1908 4 10619 1028 1912 2995 1911 2043 22015 1013 6118 6508 4297 19221 3 0 0 0 0 0 0 0 0 0 0 0 0 0 0 0 0 0 0 0 0 0 0 0 0 0 0 0 0 0 0 0 0 0 0 0 0 0 0 0 0 0 0 0 0 0 0 0 0 0 0 0 0 0 0 0 0 0 0 0 0 0 0 0 0 0 0 0 0 0 0 0 0 0 0 0 0 0 0 0 0 0 0 0
INFO:tensorflow:input_mask: 1 1 1 1 1 1 1 1 1 1 1 1 1 1 1 1 1 1 1 1 1 1 1 1 1 1 1 1 1 1 1 1 1 1 1 1 1 1 1 1 1 1 1 1 1 0 0 0 0 0 0 0 0 0 0 0 0 0 0 0 0 0 0 0 0 0 0 0 0 0 0 0 0 0 0 0 0 0 0 0 0 0 0 0 0 0 0 0 0 0 0 0 0 0 0 0 0 0 0 0 0 0 0 0 0 0 0 0 0 0 0 0 0 0 0 0 0 0 0 0 0 0 0 0 0 0 0 0
I1103 01:57:30.885422 47881629111360 create_pretraining_data.py:161] input_mask: 1 1 1 1 1 1 1 1 1 1 1 1 1 1 1 1 1 1 1 1 1 1 1 1 1 1 1 1 1 1 1 1 1 1 1 1 1 1 1 1 1 1 1 1 1 0 0 0 0 0 0 0 0 0 0 0 0 0 0 0 0 0 0 0 0 0 0 0 0 0 0 0 0 0 0 0 0 0 0 0 0 0 0 0 0 0 0 0 0 0 0 0 0 0 0 0 0 0 0 0 0 0 0 0 0 0 0 0 0 0 0 0 0 0 0 0 0 0 0 0 0 0 0 0 0 0 0 0
INFO:tensorflow:segment_ids: 0 0 0 0 0 0 0 0 0 0 0 0 0 0 0 0 0 0 0 0 0 0 0 0 0 0 0 1 1 1 1 1 1 1 1 1 1 1 1 1 1 1 1 1 1 0 0 0 0 0 0 0 0 0 0 0 0 0 0 0 0 0 0 0 0 0 0 0 0 0 0 0 0 0 0 0 0 0 0 0 0 0 0 0 0 0 0 0 0 0 0 0 0 0 0 0 0 0 0 0 0 0 0 0 0 0 0 0 0 0 0 0 0 0 0 0 0 0 0 0 0 0 0 0 0 0 0 0
I1103 01:57:30.885735 47881629111360 create_pretraining_data.py:161] segment_ids: 0 0 0 0 0 0 0 0 0 0 0 0 0 0 0 0 0 0 0 0 0 0 0 0 0 0 0 1 1 1 1 1 1 1 1 1 1 1 1 1 1 1 1 1 1 0 0 0 0 0 0 0 0 0 0 0 0 0 0 0 0 0 0 0 0 0 0 0 0 0 0 0 0 0 0 0 0 0 0 0 0 0 0 0 0 0 0 0 0 0 0 0 0 0 0 0 0 0 0 0 0 0 0 0 0 0 0 0 0 0 0 0 0 0 0 0 0 0 0 0 0 0 0 0 0 0 0 0
INFO:tensorflow:masked_lm_positions: 1 4 7 12 19 27 31 0 0 0 0 0 0 0 0 0 0 0 0 0
I1103 01:57:30.885964 47881629111360 create_pretraining_data.py:161] masked_lm_positions: 1 4 7 12 19 27 31 0 0 0 0 0 0 0 0 0 0 0 0 0
INFO:tensorflow:masked_lm_ids: 5135 1908 3236 6581 1939 4059 4473 0 0 0 0 0 0 0 0 0 0 0 0 0
I1103 01:57:30.886198 47881629111360 create_pretraining_data.py:161] masked_lm_ids: 5135 1908 3236 6581 1939 4059 4473 0 0 0 0 0 0 0 0 0 0 0 0 0
INFO:tensorflow:masked_lm_weights: 1.0 1.0 1.0 1.0 1.0 1.0 1.0 0.0 0.0 0.0 0.0 0.0 0.0 0.0 0.0 0.0 0.0 0.0 0.0 0.0
I1103 01:57:30.887717 47881629111360 create_pretraining_data.py:161] masked_lm_weights: 1.0 1.0 1.0 1.0 1.0 1.0 1.0 0.0 0.0 0.0 0.0 0.0 0.0 0.0 0.0 0.0 0.0 0.0 0.0 0.0
INFO:tensorflow:next_sentence_labels: 1
I1103 01:57:30.887937 47881629111360 create_pretraining_data.py:161] next_sentence_labels: 1
INFO:tensorflow:*** Example ***
I1103 01:57:30.888872 47881629111360 create_pretraining_data.py:149] *** Example ***
INFO:tensorflow:tokens: [CLS] 51 ##48 موق ##وفا من 47 بلدا بته ##م تتعلق ##ايا [MASK] [SEP] لم يرزق ##ه الله نعمه [MASK] ولا يدعو في صلاته ان يرد الله بص [MASK] و السبب يوجد لقاء كامل في النت الف ##هيد دعم [SEP]
I1103 01:57:30.889079 47881629111360 create_pretraining_data.py:151] tokens: [CLS] 51 ##48 موق ##وفا من 47 بلدا بته ##م تتعلق ##ايا [MASK] [SEP] لم يرزق ##ه الله نعمه [MASK] ولا يدعو في صلاته ان يرد الله بص [MASK] و السبب يوجد لقاء كامل في النت الف ##هيد دعم [SEP]
INFO:tensorflow:input_ids: 2 10693 8877 6628 6994 1908 6768 24676 24339 1015 8041 19765 4 3 2043 12458 1028 1953 5830 4 2086 6833 1912 18427 1939 6478 1953 2903 4 415 6310 4170 4223 4523 1912 6014 1980 24241 3592 3 0 0 0 0 0 0 0 0 0 0 0 0 0 0 0 0 0 0 0 0 0 0 0 0 0 0 0 0 0 0 0 0 0 0 0 0 0 0 0 0 0 0 0 0 0 0 0 0 0 0 0 0 0 0 0 0 0 0 0 0 0 0 0 0 0 0 0 0 0 0 0 0 0 0 0 0 0 0 0 0 0 0 0 0 0 0 0 0
I1103 01:57:30.889323 47881629111360 create_pretraining_data.py:161] input_ids: 2 10693 8877 6628 6994 1908 6768 24676 24339 1015 8041 19765 4 3 2043 12458 1028 1953 5830 4 2086 6833 1912 18427 1939 6478 1953 2903 4 415 6310 4170 4223 4523 1912 6014 1980 24241 3592 3 0 0 0 0 0 0 0 0 0 0 0 0 0 0 0 0 0 0 0 0 0 0 0 0 0 0 0 0 0 0 0 0 0 0 0 0 0 0 0 0 0 0 0 0 0 0 0 0 0 0 0 0 0 0 0 0 0 0 0 0 0 0 0 0 0 0 0 0 0 0 0 0 0 0 0 0 0 0 0 0 0 0 0 0 0 0 0 0
INFO:tensorflow:input_mask: 1 1 1 1 1 1 1 1 1 1 1 1 1 1 1 1 1 1 1 1 1 1 1 1 1 1 1 1 1 1 1 1 1 1 1 1 1 1 1 1 0 0 0 0 0 0 0 0 0 0 0 0 0 0 0 0 0 0 0 0 0 0 0 0 0 0 0 0 0 0 0 0 0 0 0 0 0 0 0 0 0 0 0 0 0 0 0 0 0 0 0 0 0 0 0 0 0 0 0 0 0 0 0 0 0 0 0 0 0 0 0 0 0 0 0 0 0 0 0 0 0 0 0 0 0 0 0 0
I1103 01:57:30.889560 47881629111360 create_pretraining_data.py:161] input_mask: 1 1 1 1 1 1 1 1 1 1 1 1 1 1 1 1 1 1 1 1 1 1 1 1 1 1 1 1 1 1 1 1 1 1 1 1 1 1 1 1 0 0 0 0 0 0 0 0 0 0 0 0 0 0 0 0 0 0 0 0 0 0 0 0 0 0 0 0 0 0 0 0 0 0 0 0 0 0 0 0 0 0 0 0 0 0 0 0 0 0 0 0 0 0 0 0 0 0 0 0 0 0 0 0 0 0 0 0 0 0 0 0 0 0 0 0 0 0 0 0 0 0 0 0 0 0 0 0
INFO:tensorflow:segment_ids: 0 0 0 0 0 0 0 0 0 0 0 0 0 0 1 1 1 1 1 1 1 1 1 1 1 1 1 1 1 1 1 1 1 1 1 1 1 1 1 1 0 0 0 0 0 0 0 0 0 0 0 0 0 0 0 0 0 0 0 0 0 0 0 0 0 0 0 0 0 0 0 0 0 0 0 0 0 0 0 0 0 0 0 0 0 0 0 0 0 0 0 0 0 0 0 0 0 0 0 0 0 0 0 0 0 0 0 0 0 0 0 0 0 0 0 0 0 0 0 0 0 0 0 0 0 0 0 0
I1103 01:57:30.889773 47881629111360 create_pretraining_data.py:161] segment_ids: 0 0 0 0 0 0 0 0 0 0 0 0 0 0 1 1 1 1 1 1 1 1 1 1 1 1 1 1 1 1 1 1 1 1 1 1 1 1 1 1 0 0 0 0 0 0 0 0 0 0 0 0 0 0 0 0 0 0 0 0 0 0 0 0 0 0 0 0 0 0 0 0 0 0 0 0 0 0 0 0 0 0 0 0 0 0 0 0 0 0 0 0 0 0 0 0 0 0 0 0 0 0 0 0 0 0 0 0 0 0 0 0 0 0 0 0 0 0 0 0 0 0 0 0 0 0 0 0
INFO:tensorflow:masked_lm_positions: 11 12 19 24 27 28 0 0 0 0 0 0 0 0 0 0 0 0 0 0
I1103 01:57:30.889932 47881629111360 create_pretraining_data.py:161] masked_lm_positions: 11 12 19 24 27 28 0 0 0 0 0 0 0 0 0 0 0 0 0 0
INFO:tensorflow:masked_lm_ids: 27857 3237 4753 1939 2903 2197 0 0 0 0 0 0 0 0 0 0 0 0 0 0
I1103 01:57:30.890087 47881629111360 create_pretraining_data.py:161] masked_lm_ids: 27857 3237 4753 1939 2903 2197 0 0 0 0 0 0 0 0 0 0 0 0 0 0
INFO:tensorflow:masked_lm_weights: 1.0 1.0 1.0 1.0 1.0 1.0 0.0 0.0 0.0 0.0 0.0 0.0 0.0 0.0 0.0 0.0 0.0 0.0 0.0 0.0
I1103 01:57:30.890256 47881629111360 create_pretraining_data.py:161] masked_lm_weights: 1.0 1.0 1.0 1.0 1.0 1.0 0.0 0.0 0.0 0.0 0.0 0.0 0.0 0.0 0.0 0.0 0.0 0.0 0.0 0.0
INFO:tensorflow:next_sentence_labels: 1
I1103 01:57:30.890401 47881629111360 create_pretraining_data.py:161] next_sentence_labels: 1
INFO:tensorflow:*** Example ***
I1103 01:57:30.891321 47881629111360 create_pretraining_data.py:149] *** Example ***
INFO:tensorflow:tokens: [CLS] [MASK] الجميل الفري ##د النادر الفا ##خر سيد الحسن ليش از ##يد وات [MASK] انت حبك دوائر مالها اخر كل ما تنتهي تبدا من [MASK] [SEP] عن وهي ##ب بن الورد قال نظر ##نا في هذا الحديث [MASK] نجد شيئا ارق لهذه القلوب ولا [MASK] [MASK] [MASK] [MASK] للحق من قراءه القران لمن تدبر ##ه [SEP]
I1103 01:57:30.891531 47881629111360 create_pretraining_data.py:151] tokens: [CLS] [MASK] الجميل الفري ##د النادر الفا ##خر سيد الحسن ليش از ##يد وات [MASK] انت حبك دوائر مالها اخر كل ما تنتهي تبدا من [MASK] [SEP] عن وهي ##ب بن الورد قال نظر ##نا في هذا الحديث [MASK] نجد شيئا ارق لهذه القلوب ولا [MASK] [MASK] [MASK] [MASK] للحق من قراءه القران لمن تدبر ##ه [SEP]
INFO:tensorflow:input_ids: 2 4 5135 15030 1016 28724 7999 2042 3708 4590 6097 3780 1983 2655 4 2164 6281 21145 14981 3076 2038 1972 8911 10710 1908 4 3 1955 2843 1045 2040 5622 2136 4461 1914 1912 2085 3242 4 6986 4174 24244 5087 4408 2086 4 4 4 4 27832 1908 12343 3963 3043 21899 1028 3 0 0 0 0 0 0 0 0 0 0 0 0 0 0 0 0 0 0 0 0 0 0 0 0 0 0 0 0 0 0 0 0 0 0 0 0 0 0 0 0 0 0 0 0 0 0 0 0 0 0 0 0 0 0 0 0 0 0 0 0 0 0 0 0 0 0 0 0 0 0 0
I1103 01:57:30.891771 47881629111360 create_pretraining_data.py:161] input_ids: 2 4 5135 15030 1016 28724 7999 2042 3708 4590 6097 3780 1983 2655 4 2164 6281 21145 14981 3076 2038 1972 8911 10710 1908 4 3 1955 2843 1045 2040 5622 2136 4461 1914 1912 2085 3242 4 6986 4174 24244 5087 4408 2086 4 4 4 4 27832 1908 12343 3963 3043 21899 1028 3 0 0 0 0 0 0 0 0 0 0 0 0 0 0 0 0 0 0 0 0 0 0 0 0 0 0 0 0 0 0 0 0 0 0 0 0 0 0 0 0 0 0 0 0 0 0 0 0 0 0 0 0 0 0 0 0 0 0 0 0 0 0 0 0 0 0 0 0 0 0 0
INFO:tensorflow:input_mask: 1 1 1 1 1 1 1 1 1 1 1 1 1 1 1 1 1 1 1 1 1 1 1 1 1 1 1 1 1 1 1 1 1 1 1 1 1 1 1 1 1 1 1 1 1 1 1 1 1 1 1 1 1 1 1 1 1 0 0 0 0 0 0 0 0 0 0 0 0 0 0 0 0 0 0 0 0 0 0 0 0 0 0 0 0 0 0 0 0 0 0 0 0 0 0 0 0 0 0 0 0 0 0 0 0 0 0 0 0 0 0 0 0 0 0 0 0 0 0 0 0 0 0 0 0 0 0 0
I1103 01:57:30.892009 47881629111360 create_pretraining_data.py:161] input_mask: 1 1 1 1 1 1 1 1 1 1 1 1 1 1 1 1 1 1 1 1 1 1 1 1 1 1 1 1 1 1 1 1 1 1 1 1 1 1 1 1 1 1 1 1 1 1 1 1 1 1 1 1 1 1 1 1 1 0 0 0 0 0 0 0 0 0 0 0 0 0 0 0 0 0 0 0 0 0 0 0 0 0 0 0 0 0 0 0 0 0 0 0 0 0 0 0 0 0 0 0 0 0 0 0 0 0 0 0 0 0 0 0 0 0 0 0 0 0 0 0 0 0 0 0 0 0 0 0
INFO:tensorflow:segment_ids: 0 0 0 0 0 0 0 0 0 0 0 0 0 0 0 0 0 0 0 0 0 0 0 0 0 0 0 1 1 1 1 1 1 1 1 1 1 1 1 1 1 1 1 1 1 1 1 1 1 1 1 1 1 1 1 1 1 0 0 0 0 0 0 0 0 0 0 0 0 0 0 0 0 0 0 0 0 0 0 0 0 0 0 0 0 0 0 0 0 0 0 0 0 0 0 0 0 0 0 0 0 0 0 0 0 0 0 0 0 0 0 0 0 0 0 0 0 0 0 0 0 0 0 0 0 0 0 0
I1103 01:57:30.892232 47881629111360 create_pretraining_data.py:161] segment_ids: 0 0 0 0 0 0 0 0 0 0 0 0 0 0 0 0 0 0 0 0 0 0 0 0 0 0 0 1 1 1 1 1 1 1 1 1 1 1 1 1 1 1 1 1 1 1 1 1 1 1 1 1 1 1 1 1 1 0 0 0 0 0 0 0 0 0 0 0 0 0 0 0 0 0 0 0 0 0 0 0 0 0 0 0 0 0 0 0 0 0 0 0 0 0 0 0 0 0 0 0 0 0 0 0 0 0 0 0 0 0 0 0 0 0 0 0 0 0 0 0 0 0 0 0 0 0 0 0
INFO:tensorflow:masked_lm_positions: 1 13 14 25 38 45 46 47 48 0 0 0 0 0 0 0 0 0 0 0
I1103 01:57:30.892394 47881629111360 create_pretraining_data.py:161] masked_lm_positions: 1 13 14 25 38 45 46 47 48 0 0 0 0 0 0 0 0 0 0 0
INFO:tensorflow:masked_lm_ids: 2104 2655 4155 3307 5586 10091 21453 2804 1007 0 0 0 0 0 0 0 0 0 0 0
I1103 01:57:30.892548 47881629111360 create_pretraining_data.py:161] masked_lm_ids: 2104 2655 4155 3307 5586 10091 21453 2804 1007 0 0 0 0 0 0 0 0 0 0 0
INFO:tensorflow:masked_lm_weights: 1.0 1.0 1.0 1.0 1.0 1.0 1.0 1.0 1.0 0.0 0.0 0.0 0.0 0.0 0.0 0.0 0.0 0.0 0.0 0.0
I1103 01:57:30.892705 47881629111360 create_pretraining_data.py:161] masked_lm_weights: 1.0 1.0 1.0 1.0 1.0 1.0 1.0 1.0 1.0 0.0 0.0 0.0 0.0 0.0 0.0 0.0 0.0 0.0 0.0 0.0
INFO:tensorflow:next_sentence_labels: 1
I1103 01:57:30.892847 47881629111360 create_pretraining_data.py:161] next_sentence_labels: 1
INFO:tensorflow:*** Example ***
I1103 01:57:30.893702 47881629111360 create_pretraining_data.py:149] *** Example ***
INFO:tensorflow:tokens: [CLS] شكر عادل عبدالرحمن جماهير الاتحاد علي ترد ##يد اسمه بعد نهايه المباراه مشيرا [MASK] ان جماهير الاتحاد تعتبر هي الابر ##ز في التش ##جيع [MASK] [SEP] [MASK] في هذه الحياه ان تجد [MASK] [MASK] حتي [MASK] الشمالي تتكلم قروب بحه للتبادل والدعم [SEP]
I1103 01:57:30.893906 47881629111360 create_pretraining_data.py:151] tokens: [CLS] شكر عادل عبدالرحمن جماهير الاتحاد علي ترد ##يد اسمه بعد نهايه المباراه مشيرا [MASK] ان جماهير الاتحاد تعتبر هي الابر ##ز في التش ##جيع [MASK] [SEP] [MASK] في هذه الحياه ان تجد [MASK] [MASK] حتي [MASK] الشمالي تتكلم قروب بحه للتبادل والدعم [SEP]
INFO:tensorflow:input_ids: 2 6658 6019 6391 7069 2816 1958 8006 1983 6079 2089 6284 7867 5756 4 1939 7069 2816 6276 2247 18895 1008 1912 3363 7758 4 3 4 1912 2159 3014 1939 5091 4 4 2627 4 10844 12234 2543 24893 14807 10343 3 0 0 0 0 0 0 0 0 0 0 0 0 0 0 0 0 0 0 0 0 0 0 0 0 0 0 0 0 0 0 0 0 0 0 0 0 0 0 0 0 0 0 0 0 0 0 0 0 0 0 0 0 0 0 0 0 0 0 0 0 0 0 0 0 0 0 0 0 0 0 0 0 0 0 0 0 0 0 0 0 0 0 0 0
I1103 01:57:30.894155 47881629111360 create_pretraining_data.py:161] input_ids: 2 6658 6019 6391 7069 2816 1958 8006 1983 6079 2089 6284 7867 5756 4 1939 7069 2816 6276 2247 18895 1008 1912 3363 7758 4 3 4 1912 2159 3014 1939 5091 4 4 2627 4 10844 12234 2543 24893 14807 10343 3 0 0 0 0 0 0 0 0 0 0 0 0 0 0 0 0 0 0 0 0 0 0 0 0 0 0 0 0 0 0 0 0 0 0 0 0 0 0 0 0 0 0 0 0 0 0 0 0 0 0 0 0 0 0 0 0 0 0 0 0 0 0 0 0 0 0 0 0 0 0 0 0 0 0 0 0 0 0 0 0 0 0 0 0
INFO:tensorflow:input_mask: 1 1 1 1 1 1 1 1 1 1 1 1 1 1 1 1 1 1 1 1 1 1 1 1 1 1 1 1 1 1 1 1 1 1 1 1 1 1 1 1 1 1 1 1 0 0 0 0 0 0 0 0 0 0 0 0 0 0 0 0 0 0 0 0 0 0 0 0 0 0 0 0 0 0 0 0 0 0 0 0 0 0 0 0 0 0 0 0 0 0 0 0 0 0 0 0 0 0 0 0 0 0 0 0 0 0 0 0 0 0 0 0 0 0 0 0 0 0 0 0 0 0 0 0 0 0 0 0
I1103 01:57:30.894397 47881629111360 create_pretraining_data.py:161] input_mask: 1 1 1 1 1 1 1 1 1 1 1 1 1 1 1 1 1 1 1 1 1 1 1 1 1 1 1 1 1 1 1 1 1 1 1 1 1 1 1 1 1 1 1 1 0 0 0 0 0 0 0 0 0 0 0 0 0 0 0 0 0 0 0 0 0 0 0 0 0 0 0 0 0 0 0 0 0 0 0 0 0 0 0 0 0 0 0 0 0 0 0 0 0 0 0 0 0 0 0 0 0 0 0 0 0 0 0 0 0 0 0 0 0 0 0 0 0 0 0 0 0 0 0 0 0 0 0 0
INFO:tensorflow:segment_ids: 0 0 0 0 0 0 0 0 0 0 0 0 0 0 0 0 0 0 0 0 0 0 0 0 0 0 0 1 1 1 1 1 1 1 1 1 1 1 1 1 1 1 1 1 0 0 0 0 0 0 0 0 0 0 0 0 0 0 0 0 0 0 0 0 0 0 0 0 0 0 0 0 0 0 0 0 0 0 0 0 0 0 0 0 0 0 0 0 0 0 0 0 0 0 0 0 0 0 0 0 0 0 0 0 0 0 0 0 0 0 0 0 0 0 0 0 0 0 0 0 0 0 0 0 0 0 0 0
I1103 01:57:30.894602 47881629111360 create_pretraining_data.py:161] segment_ids: 0 0 0 0 0 0 0 0 0 0 0 0 0 0 0 0 0 0 0 0 0 0 0 0 0 0 0 1 1 1 1 1 1 1 1 1 1 1 1 1 1 1 1 1 0 0 0 0 0 0 0 0 0 0 0 0 0 0 0 0 0 0 0 0 0 0 0 0 0 0 0 0 0 0 0 0 0 0 0 0 0 0 0 0 0 0 0 0 0 0 0 0 0 0 0 0 0 0 0 0 0 0 0 0 0 0 0 0 0 0 0 0 0 0 0 0 0 0 0 0 0 0 0 0 0 0 0 0
INFO:tensorflow:masked_lm_positions: 14 25 27 33 34 36 37 0 0 0 0 0 0 0 0 0 0 0 0 0
I1103 01:57:30.894740 47881629111360 create_pretraining_data.py:161] masked_lm_positions: 14 25 27 33 34 36 37 0 0 0 0 0 0 0 0 0 0 0 0 0
INFO:tensorflow:masked_lm_ids: 2002 25181 9131 1908 28908 2289 1939 0 0 0 0 0 0 0 0 0 0 0 0 0
I1103 01:57:30.894870 47881629111360 create_pretraining_data.py:161] masked_lm_ids: 2002 25181 9131 1908 28908 2289 1939 0 0 0 0 0 0 0 0 0 0 0 0 0
INFO:tensorflow:masked_lm_weights: 1.0 1.0 1.0 1.0 1.0 1.0 1.0 0.0 0.0 0.0 0.0 0.0 0.0 0.0 0.0 0.0 0.0 0.0 0.0 0.0
I1103 01:57:30.895002 47881629111360 create_pretraining_data.py:161] masked_lm_weights: 1.0 1.0 1.0 1.0 1.0 1.0 1.0 0.0 0.0 0.0 0.0 0.0 0.0 0.0 0.0 0.0 0.0 0.0 0.0 0.0
INFO:tensorflow:next_sentence_labels: 1
I1103 01:57:30.895129 47881629111360 create_pretraining_data.py:161] next_sentence_labels: 1
INFO:tensorflow:*** Example ***
I1103 01:57:30.895793 47881629111360 create_pretraining_data.py:149] *** Example ***
INFO:tensorflow:tokens: [CLS] يا [MASK] اغفر لي مغفره انا ##ل [MASK] [MASK] عني و اجعل خير ايامي يوم [MASK] [MASK] [SEP] دع [MASK] جمال ربك يتج ##لي فيك ايها الانسان ولا تح ##جب هذا الاثر العظيم بع ##صي ##ان منك او اهم ##ال [SEP]
I1103 01:57:30.895961 47881629111360 create_pretraining_data.py:151] tokens: [CLS] يا [MASK] اغفر لي مغفره انا ##ل [MASK] [MASK] عني و اجعل خير ايامي يوم [MASK] [MASK] [SEP] دع [MASK] جمال ربك يتج ##لي فيك ايها الانسان ولا تح ##جب هذا الاثر العظيم بع ##صي ##ان منك او اهم ##ال [SEP]
INFO:tensorflow:input_ids: 2 2104 4 5124 2134 20343 2315 1010 4 4 4449 415 4608 2631 20007 2232 4 4 3 4222 4 3682 5903 15705 1907 4017 5818 3858 2086 2125 3116 2085 18934 3049 2704 3389 1906 3677 2213 3802 1901 3 0 0 0 0 0 0 0 0 0 0 0 0 0 0 0 0 0 0 0 0 0 0 0 0 0 0 0 0 0 0 0 0 0 0 0 0 0 0 0 0 0 0 0 0 0 0 0 0 0 0 0 0 0 0 0 0 0 0 0 0 0 0 0 0 0 0 0 0 0 0 0 0 0 0 0 0 0 0 0 0 0 0 0 0 0 0
I1103 01:57:30.896160 47881629111360 create_pretraining_data.py:161] input_ids: 2 2104 4 5124 2134 20343 2315 1010 4 4 4449 415 4608 2631 20007 2232 4 4 3 4222 4 3682 5903 15705 1907 4017 5818 3858 2086 2125 3116 2085 18934 3049 2704 3389 1906 3677 2213 3802 1901 3 0 0 0 0 0 0 0 0 0 0 0 0 0 0 0 0 0 0 0 0 0 0 0 0 0 0 0 0 0 0 0 0 0 0 0 0 0 0 0 0 0 0 0 0 0 0 0 0 0 0 0 0 0 0 0 0 0 0 0 0 0 0 0 0 0 0 0 0 0 0 0 0 0 0 0 0 0 0 0 0 0 0 0 0 0 0
INFO:tensorflow:input_mask: 1 1 1 1 1 1 1 1 1 1 1 1 1 1 1 1 1 1 1 1 1 1 1 1 1 1 1 1 1 1 1 1 1 1 1 1 1 1 1 1 1 1 0 0 0 0 0 0 0 0 0 0 0 0 0 0 0 0 0 0 0 0 0 0 0 0 0 0 0 0 0 0 0 0 0 0 0 0 0 0 0 0 0 0 0 0 0 0 0 0 0 0 0 0 0 0 0 0 0 0 0 0 0 0 0 0 0 0 0 0 0 0 0 0 0 0 0 0 0 0 0 0 0 0 0 0 0 0
I1103 01:57:30.896360 47881629111360 create_pretraining_data.py:161] input_mask: 1 1 1 1 1 1 1 1 1 1 1 1 1 1 1 1 1 1 1 1 1 1 1 1 1 1 1 1 1 1 1 1 1 1 1 1 1 1 1 1 1 1 0 0 0 0 0 0 0 0 0 0 0 0 0 0 0 0 0 0 0 0 0 0 0 0 0 0 0 0 0 0 0 0 0 0 0 0 0 0 0 0 0 0 0 0 0 0 0 0 0 0 0 0 0 0 0 0 0 0 0 0 0 0 0 0 0 0 0 0 0 0 0 0 0 0 0 0 0 0 0 0 0 0 0 0 0 0
INFO:tensorflow:segment_ids: 0 0 0 0 0 0 0 0 0 0 0 0 0 0 0 0 0 0 0 1 1 1 1 1 1 1 1 1 1 1 1 1 1 1 1 1 1 1 1 1 1 1 0 0 0 0 0 0 0 0 0 0 0 0 0 0 0 0 0 0 0 0 0 0 0 0 0 0 0 0 0 0 0 0 0 0 0 0 0 0 0 0 0 0 0 0 0 0 0 0 0 0 0 0 0 0 0 0 0 0 0 0 0 0 0 0 0 0 0 0 0 0 0 0 0 0 0 0 0 0 0 0 0 0 0 0 0 0
I1103 01:57:30.896538 47881629111360 create_pretraining_data.py:161] segment_ids: 0 0 0 0 0 0 0 0 0 0 0 0 0 0 0 0 0 0 0 1 1 1 1 1 1 1 1 1 1 1 1 1 1 1 1 1 1 1 1 1 1 1 0 0 0 0 0 0 0 0 0 0 0 0 0 0 0 0 0 0 0 0 0 0 0 0 0 0 0 0 0 0 0 0 0 0 0 0 0 0 0 0 0 0 0 0 0 0 0 0 0 0 0 0 0 0 0 0 0 0 0 0 0 0 0 0 0 0 0 0 0 0 0 0 0 0 0 0 0 0 0 0 0 0 0 0 0 0
INFO:tensorflow:masked_lm_positions: 2 8 9 16 17 20 0 0 0 0 0 0 0 0 0 0 0 0 0 0
I1103 01:57:30.896675 47881629111360 create_pretraining_data.py:161] masked_lm_positions: 2 8 9 16 17 20 0 0 0 0 0 0 0 0 0 0 0 0 0 0
INFO:tensorflow:masked_lm_ids: 2512 2459 14749 7917 2544 6390 0 0 0 0 0 0 0 0 0 0 0 0 0 0
I1103 01:57:30.896806 47881629111360 create_pretraining_data.py:161] masked_lm_ids: 2512 2459 14749 7917 2544 6390 0 0 0 0 0 0 0 0 0 0 0 0 0 0
INFO:tensorflow:masked_lm_weights: 1.0 1.0 1.0 1.0 1.0 1.0 0.0 0.0 0.0 0.0 0.0 0.0 0.0 0.0 0.0 0.0 0.0 0.0 0.0 0.0
I1103 01:57:30.896938 47881629111360 create_pretraining_data.py:161] masked_lm_weights: 1.0 1.0 1.0 1.0 1.0 1.0 0.0 0.0 0.0 0.0 0.0 0.0 0.0 0.0 0.0 0.0 0.0 0.0 0.0 0.0
INFO:tensorflow:next_sentence_labels: 1
I1103 01:57:30.897061 47881629111360 create_pretraining_data.py:161] next_sentence_labels: 1
INFO:tensorflow:*** Example ***
I1103 01:57:30.897742 47881629111360 create_pretraining_data.py:149] *** Example ***
INFO:tensorflow:tokens: [CLS] دونالد ترامب ل الوليد بن طلال لن تشتري سياسات امريكا بام ##وال والد ##ك [SEP] لم يعد هناك ما [MASK] [MASK] [MASK] للحب سيدتي [MASK] [MASK] اصبح مستحيل ##ا في العشق بعد رحيل ##ك قروب شغب ۂ [SEP]
I1103 01:57:30.897911 47881629111360 create_pretraining_data.py:151] tokens: [CLS] دونالد ترامب ل الوليد بن طلال لن تشتري سياسات امريكا بام ##وال والد ##ك [SEP] لم يعد هناك ما [MASK] [MASK] [MASK] للحب سيدتي [MASK] [MASK] اصبح مستحيل ##ا في العشق بعد رحيل ##ك قروب شغب ۂ [SEP]
INFO:tensorflow:input_ids: 2 11741 6166 411 12155 2040 10625 2404 19754 13939 7776 7371 2318 2965 1014 3 2043 4544 2671 1972 4 4 4 21136 16366 4 4 4768 9501 1007 1912 10782 2089 12161 1014 2543 29627 477 3 0 0 0 0 0 0 0 0 0 0 0 0 0 0 0 0 0 0 0 0 0 0 0 0 0 0 0 0 0 0 0 0 0 0 0 0 0 0 0 0 0 0 0 0 0 0 0 0 0 0 0 0 0 0 0 0 0 0 0 0 0 0 0 0 0 0 0 0 0 0 0 0 0 0 0 0 0 0 0 0 0 0 0 0 0 0 0 0 0
I1103 01:57:30.898101 47881629111360 create_pretraining_data.py:161] input_ids: 2 11741 6166 411 12155 2040 10625 2404 19754 13939 7776 7371 2318 2965 1014 3 2043 4544 2671 1972 4 4 4 21136 16366 4 4 4768 9501 1007 1912 10782 2089 12161 1014 2543 29627 477 3 0 0 0 0 0 0 0 0 0 0 0 0 0 0 0 0 0 0 0 0 0 0 0 0 0 0 0 0 0 0 0 0 0 0 0 0 0 0 0 0 0 0 0 0 0 0 0 0 0 0 0 0 0 0 0 0 0 0 0 0 0 0 0 0 0 0 0 0 0 0 0 0 0 0 0 0 0 0 0 0 0 0 0 0 0 0 0 0 0
INFO:tensorflow:input_mask: 1 1 1 1 1 1 1 1 1 1 1 1 1 1 1 1 1 1 1 1 1 1 1 1 1 1 1 1 1 1 1 1 1 1 1 1 1 1 1 0 0 0 0 0 0 0 0 0 0 0 0 0 0 0 0 0 0 0 0 0 0 0 0 0 0 0 0 0 0 0 0 0 0 0 0 0 0 0 0 0 0 0 0 0 0 0 0 0 0 0 0 0 0 0 0 0 0 0 0 0 0 0 0 0 0 0 0 0 0 0 0 0 0 0 0 0 0 0 0 0 0 0 0 0 0 0 0 0
I1103 01:57:30.898289 47881629111360 create_pretraining_data.py:161] input_mask: 1 1 1 1 1 1 1 1 1 1 1 1 1 1 1 1 1 1 1 1 1 1 1 1 1 1 1 1 1 1 1 1 1 1 1 1 1 1 1 0 0 0 0 0 0 0 0 0 0 0 0 0 0 0 0 0 0 0 0 0 0 0 0 0 0 0 0 0 0 0 0 0 0 0 0 0 0 0 0 0 0 0 0 0 0 0 0 0 0 0 0 0 0 0 0 0 0 0 0 0 0 0 0 0 0 0 0 0 0 0 0 0 0 0 0 0 0 0 0 0 0 0 0 0 0 0 0 0
INFO:tensorflow:segment_ids: 0 0 0 0 0 0 0 0 0 0 0 0 0 0 0 0 1 1 1 1 1 1 1 1 1 1 1 1 1 1 1 1 1 1 1 1 1 1 1 0 0 0 0 0 0 0 0 0 0 0 0 0 0 0 0 0 0 0 0 0 0 0 0 0 0 0 0 0 0 0 0 0 0 0 0 0 0 0 0 0 0 0 0 0 0 0 0 0 0 0 0 0 0 0 0 0 0 0 0 0 0 0 0 0 0 0 0 0 0 0 0 0 0 0 0 0 0 0 0 0 0 0 0 0 0 0 0 0
I1103 01:57:30.898478 47881629111360 create_pretraining_data.py:161] segment_ids: 0 0 0 0 0 0 0 0 0 0 0 0 0 0 0 0 1 1 1 1 1 1 1 1 1 1 1 1 1 1 1 1 1 1 1 1 1 1 1 0 0 0 0 0 0 0 0 0 0 0 0 0 0 0 0 0 0 0 0 0 0 0 0 0 0 0 0 0 0 0 0 0 0 0 0 0 0 0 0 0 0 0 0 0 0 0 0 0 0 0 0 0 0 0 0 0 0 0 0 0 0 0 0 0 0 0 0 0 0 0 0 0 0 0 0 0 0 0 0 0 0 0 0 0 0 0 0 0
INFO:tensorflow:masked_lm_positions: 20 21 22 25 26 37 0 0 0 0 0 0 0 0 0 0 0 0 0 0
I1103 01:57:30.898615 47881629111360 create_pretraining_data.py:161] masked_lm_positions: 20 21 22 25 26 37 0 0 0 0 0 0 0 0 0 0 0 0 0 0
INFO:tensorflow:masked_lm_ids: 3579 3529 1013 22773 1947 2679 0 0 0 0 0 0 0 0 0 0 0 0 0 0
I1103 01:57:30.898745 47881629111360 create_pretraining_data.py:161] masked_lm_ids: 3579 3529 1013 22773 1947 2679 0 0 0 0 0 0 0 0 0 0 0 0 0 0
INFO:tensorflow:masked_lm_weights: 1.0 1.0 1.0 1.0 1.0 1.0 0.0 0.0 0.0 0.0 0.0 0.0 0.0 0.0 0.0 0.0 0.0 0.0 0.0 0.0
I1103 01:57:30.898878 47881629111360 create_pretraining_data.py:161] masked_lm_weights: 1.0 1.0 1.0 1.0 1.0 1.0 0.0 0.0 0.0 0.0 0.0 0.0 0.0 0.0 0.0 0.0 0.0 0.0 0.0 0.0
INFO:tensorflow:next_sentence_labels: 1
I1103 01:57:30.898999 47881629111360 create_pretraining_data.py:161] next_sentence_labels: 1
INFO:tensorflow:*** Example ***
I1103 01:57:30.899676 47881629111360 create_pretraining_data.py:149] *** Example ***
INFO:tensorflow:tokens: [CLS] من لاي ##سان ##د الشباب في [MASK] الوقت تحديدا [MASK] [MASK] لاي ##حتاج ##ه في [MASK] عاف ##يته عشق ##نا للشباب [MASK] لشخص او [MASK] وسلام ##تكم [SEP] هدي ##ك السنه متل هيك كنت عم بدر ##س بسي ##خ ##وم ##تر ##ي [MASK] [MASK] بدر ##س [MASK] ور ##طني فيه البسي ##خ ##وم ##تر ##ي [SEP]
I1103 01:57:30.899852 47881629111360 create_pretraining_data.py:151] tokens: [CLS] من لاي ##سان ##د الشباب في [MASK] الوقت تحديدا [MASK] [MASK] لاي ##حتاج ##ه في [MASK] عاف ##يته عشق ##نا للشباب [MASK] لشخص او [MASK] وسلام ##تكم [SEP] هدي ##ك السنه متل هيك كنت عم بدر ##س بسي ##خ ##وم ##تر ##ي [MASK] [MASK] بدر ##س [MASK] ور ##طني فيه البسي ##خ ##وم ##تر ##ي [SEP]
INFO:tensorflow:input_ids: 2 1908 4269 4838 1016 3321 1912 4 3021 17534 4 4 4269 5937 1028 1912 4 8117 3710 8918 1914 11360 4 9068 2213 4 18812 7145 3 13240 1014 4917 26562 12628 2678 2102 4975 1033 5998 1036 1967 2582 1013 4 4 4975 1033 4 2690 3060 2366 14991 1036 1967 2582 1013 3 0 0 0 0 0 0 0 0 0 0 0 0 0 0 0 0 0 0 0 0 0 0 0 0 0 0 0 0 0 0 0 0 0 0 0 0 0 0 0 0 0 0 0 0 0 0 0 0 0 0 0 0 0 0 0 0 0 0 0 0 0 0 0 0 0 0 0 0 0 0 0
I1103 01:57:30.900046 47881629111360 create_pretraining_data.py:161] input_ids: 2 1908 4269 4838 1016 3321 1912 4 3021 17534 4 4 4269 5937 1028 1912 4 8117 3710 8918 1914 11360 4 9068 2213 4 18812 7145 3 13240 1014 4917 26562 12628 2678 2102 4975 1033 5998 1036 1967 2582 1013 4 4 4975 1033 4 2690 3060 2366 14991 1036 1967 2582 1013 3 0 0 0 0 0 0 0 0 0 0 0 0 0 0 0 0 0 0 0 0 0 0 0 0 0 0 0 0 0 0 0 0 0 0 0 0 0 0 0 0 0 0 0 0 0 0 0 0 0 0 0 0 0 0 0 0 0 0 0 0 0 0 0 0 0 0 0 0 0 0 0
INFO:tensorflow:input_mask: 1 1 1 1 1 1 1 1 1 1 1 1 1 1 1 1 1 1 1 1 1 1 1 1 1 1 1 1 1 1 1 1 1 1 1 1 1 1 1 1 1 1 1 1 1 1 1 1 1 1 1 1 1 1 1 1 1 0 0 0 0 0 0 0 0 0 0 0 0 0 0 0 0 0 0 0 0 0 0 0 0 0 0 0 0 0 0 0 0 0 0 0 0 0 0 0 0 0 0 0 0 0 0 0 0 0 0 0 0 0 0 0 0 0 0 0 0 0 0 0 0 0 0 0 0 0 0 0
I1103 01:57:30.900240 47881629111360 create_pretraining_data.py:161] input_mask: 1 1 1 1 1 1 1 1 1 1 1 1 1 1 1 1 1 1 1 1 1 1 1 1 1 1 1 1 1 1 1 1 1 1 1 1 1 1 1 1 1 1 1 1 1 1 1 1 1 1 1 1 1 1 1 1 1 0 0 0 0 0 0 0 0 0 0 0 0 0 0 0 0 0 0 0 0 0 0 0 0 0 0 0 0 0 0 0 0 0 0 0 0 0 0 0 0 0 0 0 0 0 0 0 0 0 0 0 0 0 0 0 0 0 0 0 0 0 0 0 0 0 0 0 0 0 0 0
INFO:tensorflow:segment_ids: 0 0 0 0 0 0 0 0 0 0 0 0 0 0 0 0 0 0 0 0 0 0 0 0 0 0 0 0 0 1 1 1 1 1 1 1 1 1 1 1 1 1 1 1 1 1 1 1 1 1 1 1 1 1 1 1 1 0 0 0 0 0 0 0 0 0 0 0 0 0 0 0 0 0 0 0 0 0 0 0 0 0 0 0 0 0 0 0 0 0 0 0 0 0 0 0 0 0 0 0 0 0 0 0 0 0 0 0 0 0 0 0 0 0 0 0 0 0 0 0 0 0 0 0 0 0 0 0
I1103 01:57:30.900432 47881629111360 create_pretraining_data.py:161] segment_ids: 0 0 0 0 0 0 0 0 0 0 0 0 0 0 0 0 0 0 0 0 0 0 0 0 0 0 0 0 0 1 1 1 1 1 1 1 1 1 1 1 1 1 1 1 1 1 1 1 1 1 1 1 1 1 1 1 1 0 0 0 0 0 0 0 0 0 0 0 0 0 0 0 0 0 0 0 0 0 0 0 0 0 0 0 0 0 0 0 0 0 0 0 0 0 0 0 0 0 0 0 0 0 0 0 0 0 0 0 0 0 0 0 0 0 0 0 0 0 0 0 0 0 0 0 0 0 0 0
INFO:tensorflow:masked_lm_positions: 7 10 11 16 22 25 43 44 47 0 0 0 0 0 0 0 0 0 0 0
I1103 01:57:30.900571 47881629111360 create_pretraining_data.py:161] masked_lm_positions: 7 10 11 16 22 25 43 44 47 0 0 0 0 0 0 0 0 0 0 0
INFO:tensorflow:masked_lm_ids: 2085 29571 2568 9734 2618 11458 4917 2102 3451 0 0 0 0 0 0 0 0 0 0 0
I1103 01:57:30.900701 47881629111360 create_pretraining_data.py:161] masked_lm_ids: 2085 29571 2568 9734 2618 11458 4917 2102 3451 0 0 0 0 0 0 0 0 0 0 0
INFO:tensorflow:masked_lm_weights: 1.0 1.0 1.0 1.0 1.0 1.0 1.0 1.0 1.0 0.0 0.0 0.0 0.0 0.0 0.0 0.0 0.0 0.0 0.0 0.0
I1103 01:57:30.900834 47881629111360 create_pretraining_data.py:161] masked_lm_weights: 1.0 1.0 1.0 1.0 1.0 1.0 1.0 1.0 1.0 0.0 0.0 0.0 0.0 0.0 0.0 0.0 0.0 0.0 0.0 0.0
INFO:tensorflow:next_sentence_labels: 1
I1103 01:57:30.900956 47881629111360 create_pretraining_data.py:161] next_sentence_labels: 1
INFO:tensorflow:*** Example ***
I1103 01:57:30.901625 47881629111360 create_pretraining_data.py:149] *** Example ***
INFO:tensorflow:tokens: [CLS] [MASK] شيعه والي ##ض ##دن ##ه يبت ##لي [MASK] [MASK] [MASK] [MASK] هموم ##ه تن ##جلي [SEP] يا انس ##ه [MASK] في بي ##ئه خب [MASK] هالم ##جتمع مم ##لوك حسب الاس ##امي ايه اكتب ##ي هذا زمان الثلاث ##ه الواس ##طه و العا ##هره و الحرام ##ي ل بين الوس ##مي [SEP]
I1103 01:57:30.901799 47881629111360 create_pretraining_data.py:151] tokens: [CLS] [MASK] شيعه والي ##ض ##دن ##ه يبت ##لي [MASK] [MASK] [MASK] [MASK] هموم ##ه تن ##جلي [SEP] يا انس ##ه [MASK] في بي ##ئه خب [MASK] هالم ##جتمع مم ##لوك حسب الاس ##امي ايه اكتب ##ي هذا زمان الثلاث ##ه الواس ##طه و العا ##هره و الحرام ##ي ل بين الوس ##مي [SEP]
INFO:tensorflow:input_ids: 2 4 19771 7231 1027 12487 1028 9476 1907 4 4 4 4 8776 1028 2245 27501 3 2104 3445 1028 4 1912 2260 3269 9759 4 13298 5553 2737 3777 3650 2295 3287 4138 6559 1013 2085 6285 3316 1028 10591 3450 415 6433 7102 415 9620 1013 411 2117 6342 1960 3 0 0 0 0 0 0 0 0 0 0 0 0 0 0 0 0 0 0 0 0 0 0 0 0 0 0 0 0 0 0 0 0 0 0 0 0 0 0 0 0 0 0 0 0 0 0 0 0 0 0 0 0 0 0 0 0 0 0 0 0 0 0 0 0 0 0 0 0 0 0 0 0 0 0
I1103 01:57:30.901992 47881629111360 create_pretraining_data.py:161] input_ids: 2 4 19771 7231 1027 12487 1028 9476 1907 4 4 4 4 8776 1028 2245 27501 3 2104 3445 1028 4 1912 2260 3269 9759 4 13298 5553 2737 3777 3650 2295 3287 4138 6559 1013 2085 6285 3316 1028 10591 3450 415 6433 7102 415 9620 1013 411 2117 6342 1960 3 0 0 0 0 0 0 0 0 0 0 0 0 0 0 0 0 0 0 0 0 0 0 0 0 0 0 0 0 0 0 0 0 0 0 0 0 0 0 0 0 0 0 0 0 0 0 0 0 0 0 0 0 0 0 0 0 0 0 0 0 0 0 0 0 0 0 0 0 0 0 0 0 0 0
INFO:tensorflow:input_mask: 1 1 1 1 1 1 1 1 1 1 1 1 1 1 1 1 1 1 1 1 1 1 1 1 1 1 1 1 1 1 1 1 1 1 1 1 1 1 1 1 1 1 1 1 1 1 1 1 1 1 1 1 1 1 0 0 0 0 0 0 0 0 0 0 0 0 0 0 0 0 0 0 0 0 0 0 0 0 0 0 0 0 0 0 0 0 0 0 0 0 0 0 0 0 0 0 0 0 0 0 0 0 0 0 0 0 0 0 0 0 0 0 0 0 0 0 0 0 0 0 0 0 0 0 0 0 0 0
I1103 01:57:30.902179 47881629111360 create_pretraining_data.py:161] input_mask: 1 1 1 1 1 1 1 1 1 1 1 1 1 1 1 1 1 1 1 1 1 1 1 1 1 1 1 1 1 1 1 1 1 1 1 1 1 1 1 1 1 1 1 1 1 1 1 1 1 1 1 1 1 1 0 0 0 0 0 0 0 0 0 0 0 0 0 0 0 0 0 0 0 0 0 0 0 0 0 0 0 0 0 0 0 0 0 0 0 0 0 0 0 0 0 0 0 0 0 0 0 0 0 0 0 0 0 0 0 0 0 0 0 0 0 0 0 0 0 0 0 0 0 0 0 0 0 0
INFO:tensorflow:segment_ids: 0 0 0 0 0 0 0 0 0 0 0 0 0 0 0 0 0 0 1 1 1 1 1 1 1 1 1 1 1 1 1 1 1 1 1 1 1 1 1 1 1 1 1 1 1 1 1 1 1 1 1 1 1 1 0 0 0 0 0 0 0 0 0 0 0 0 0 0 0 0 0 0 0 0 0 0 0 0 0 0 0 0 0 0 0 0 0 0 0 0 0 0 0 0 0 0 0 0 0 0 0 0 0 0 0 0 0 0 0 0 0 0 0 0 0 0 0 0 0 0 0 0 0 0 0 0 0 0
I1103 01:57:30.902374 47881629111360 create_pretraining_data.py:161] segment_ids: 0 0 0 0 0 0 0 0 0 0 0 0 0 0 0 0 0 0 1 1 1 1 1 1 1 1 1 1 1 1 1 1 1 1 1 1 1 1 1 1 1 1 1 1 1 1 1 1 1 1 1 1 1 1 0 0 0 0 0 0 0 0 0 0 0 0 0 0 0 0 0 0 0 0 0 0 0 0 0 0 0 0 0 0 0 0 0 0 0 0 0 0 0 0 0 0 0 0 0 0 0 0 0 0 0 0 0 0 0 0 0 0 0 0 0 0 0 0 0 0 0 0 0 0 0 0 0 0
INFO:tensorflow:masked_lm_positions: 1 9 10 11 12 21 25 26 0 0 0 0 0 0 0 0 0 0 0 0
I1103 01:57:30.902515 47881629111360 create_pretraining_data.py:161] masked_lm_positions: 1 9 10 11 12 21 25 26 0 0 0 0 0 0 0 0 0 0 0 0
INFO:tensorflow:masked_lm_ids: 6441 1918 2410 10779 2110 6923 9759 28804 0 0 0 0 0 0 0 0 0 0 0 0
I1103 01:57:30.902646 47881629111360 create_pretraining_data.py:161] masked_lm_ids: 6441 1918 2410 10779 2110 6923 9759 28804 0 0 0 0 0 0 0 0 0 0 0 0
INFO:tensorflow:masked_lm_weights: 1.0 1.0 1.0 1.0 1.0 1.0 1.0 1.0 0.0 0.0 0.0 0.0 0.0 0.0 0.0 0.0 0.0 0.0 0.0 0.0
I1103 01:57:30.902779 47881629111360 create_pretraining_data.py:161] masked_lm_weights: 1.0 1.0 1.0 1.0 1.0 1.0 1.0 1.0 0.0 0.0 0.0 0.0 0.0 0.0 0.0 0.0 0.0 0.0 0.0 0.0
INFO:tensorflow:next_sentence_labels: 1
I1103 01:57:30.902900 47881629111360 create_pretraining_data.py:161] next_sentence_labels: 1
INFO:tensorflow:*** Example ***
I1103 01:57:30.903573 47881629111360 create_pretraining_data.py:149] *** Example ***
INFO:tensorflow:tokens: [CLS] صوره من فنون التخ ##اطب مع الجمهور [SEP] قال [MASK] تيميه الاستغفار [MASK] الحسنات و بابه واسع فمن احس بتق ##صير في قوله [MASK] عمله او رزقه او تقلب قلبه فعليه بالاستغفار [MASK] [SEP]
I1103 01:57:30.903739 47881629111360 create_pretraining_data.py:151] tokens: [CLS] صوره من فنون التخ ##اطب مع الجمهور [SEP] قال [MASK] تيميه الاستغفار [MASK] الحسنات و بابه واسع فمن احس بتق ##صير في قوله [MASK] عمله او رزقه او تقلب قلبه فعليه بالاستغفار [MASK] [SEP]
INFO:tensorflow:input_ids: 2 4187 1908 14166 4665 14451 1973 6635 3 2136 4 18409 6745 4 24132 415 26041 10367 4507 6356 12185 6516 1912 3604 4 8294 2213 23632 2213 18241 6394 23540 19025 4 3 0 0 0 0 0 0 0 0 0 0 0 0 0 0 0 0 0 0 0 0 0 0 0 0 0 0 0 0 0 0 0 0 0 0 0 0 0 0 0 0 0 0 0 0 0 0 0 0 0 0 0 0 0 0 0 0 0 0 0 0 0 0 0 0 0 0 0 0 0 0 0 0 0 0 0 0 0 0 0 0 0 0 0 0 0 0 0 0 0 0 0 0 0
I1103 01:57:30.903926 47881629111360 create_pretraining_data.py:161] input_ids: 2 4187 1908 14166 4665 14451 1973 6635 3 2136 4 18409 6745 4 24132 415 26041 10367 4507 6356 12185 6516 1912 3604 4 8294 2213 23632 2213 18241 6394 23540 19025 4 3 0 0 0 0 0 0 0 0 0 0 0 0 0 0 0 0 0 0 0 0 0 0 0 0 0 0 0 0 0 0 0 0 0 0 0 0 0 0 0 0 0 0 0 0 0 0 0 0 0 0 0 0 0 0 0 0 0 0 0 0 0 0 0 0 0 0 0 0 0 0 0 0 0 0 0 0 0 0 0 0 0 0 0 0 0 0 0 0 0 0 0 0 0
INFO:tensorflow:input_mask: 1 1 1 1 1 1 1 1 1 1 1 1 1 1 1 1 1 1 1 1 1 1 1 1 1 1 1 1 1 1 1 1 1 1 1 0 0 0 0 0 0 0 0 0 0 0 0 0 0 0 0 0 0 0 0 0 0 0 0 0 0 0 0 0 0 0 0 0 0 0 0 0 0 0 0 0 0 0 0 0 0 0 0 0 0 0 0 0 0 0 0 0 0 0 0 0 0 0 0 0 0 0 0 0 0 0 0 0 0 0 0 0 0 0 0 0 0 0 0 0 0 0 0 0 0 0 0 0
I1103 01:57:30.904118 47881629111360 create_pretraining_data.py:161] input_mask: 1 1 1 1 1 1 1 1 1 1 1 1 1 1 1 1 1 1 1 1 1 1 1 1 1 1 1 1 1 1 1 1 1 1 1 0 0 0 0 0 0 0 0 0 0 0 0 0 0 0 0 0 0 0 0 0 0 0 0 0 0 0 0 0 0 0 0 0 0 0 0 0 0 0 0 0 0 0 0 0 0 0 0 0 0 0 0 0 0 0 0 0 0 0 0 0 0 0 0 0 0 0 0 0 0 0 0 0 0 0 0 0 0 0 0 0 0 0 0 0 0 0 0 0 0 0 0 0
INFO:tensorflow:segment_ids: 0 0 0 0 0 0 0 0 0 1 1 1 1 1 1 1 1 1 1 1 1 1 1 1 1 1 1 1 1 1 1 1 1 1 1 0 0 0 0 0 0 0 0 0 0 0 0 0 0 0 0 0 0 0 0 0 0 0 0 0 0 0 0 0 0 0 0 0 0 0 0 0 0 0 0 0 0 0 0 0 0 0 0 0 0 0 0 0 0 0 0 0 0 0 0 0 0 0 0 0 0 0 0 0 0 0 0 0 0 0 0 0 0 0 0 0 0 0 0 0 0 0 0 0 0 0 0 0
I1103 01:57:30.904298 47881629111360 create_pretraining_data.py:161] segment_ids: 0 0 0 0 0 0 0 0 0 1 1 1 1 1 1 1 1 1 1 1 1 1 1 1 1 1 1 1 1 1 1 1 1 1 1 0 0 0 0 0 0 0 0 0 0 0 0 0 0 0 0 0 0 0 0 0 0 0 0 0 0 0 0 0 0 0 0 0 0 0 0 0 0 0 0 0 0 0 0 0 0 0 0 0 0 0 0 0 0 0 0 0 0 0 0 0 0 0 0 0 0 0 0 0 0 0 0 0 0 0 0 0 0 0 0 0 0 0 0 0 0 0 0 0 0 0 0 0
INFO:tensorflow:masked_lm_positions: 10 13 17 24 33 0 0 0 0 0 0 0 0 0 0 0 0 0 0 0
I1103 01:57:30.904450 47881629111360 create_pretraining_data.py:161] masked_lm_positions: 10 13 17 24 33 0 0 0 0 0 0 0 0 0 0 0 0 0 0 0
INFO:tensorflow:masked_lm_ids: 2549 3294 10367 2213 10732 0 0 0 0 0 0 0 0 0 0 0 0 0 0 0
I1103 01:57:30.904581 47881629111360 create_pretraining_data.py:161] masked_lm_ids: 2549 3294 10367 2213 10732 0 0 0 0 0 0 0 0 0 0 0 0 0 0 0
INFO:tensorflow:masked_lm_weights: 1.0 1.0 1.0 1.0 1.0 0.0 0.0 0.0 0.0 0.0 0.0 0.0 0.0 0.0 0.0 0.0 0.0 0.0 0.0 0.0
I1103 01:57:30.904712 47881629111360 create_pretraining_data.py:161] masked_lm_weights: 1.0 1.0 1.0 1.0 1.0 0.0 0.0 0.0 0.0 0.0 0.0 0.0 0.0 0.0 0.0 0.0 0.0 0.0 0.0 0.0
INFO:tensorflow:next_sentence_labels: 1
I1103 01:57:30.904841 47881629111360 create_pretraining_data.py:161] next_sentence_labels: 1
INFO:tensorflow:*** Example ***
I1103 01:57:30.905461 47881629111360 create_pretraining_data.py:149] *** Example ***
INFO:tensorflow:tokens: [CLS] اخبار الخلافه ولايه الجنوب تفجير عب ##وه ناس ##فه علي اليه هم ##ر للجيش الصفوي [MASK] جب ##ور [SEP] للاعلان [MASK] [MASK] ##غر [MASK] [MASK] الشخصيه والتج ##اريه وتس ##ويق سلع ##كم تواصل واتساب 050 ##71 ##48 ##25 ##6 دوري ابطال اوروبا [SEP]
I1103 01:57:30.905619 47881629111360 create_pretraining_data.py:151] tokens: [CLS] اخبار الخلافه ولايه الجنوب تفجير عب ##وه ناس ##فه علي اليه هم ##ر للجيش الصفوي [MASK] جب ##ور [SEP] للاعلان [MASK] [MASK] ##غر [MASK] [MASK] الشخصيه والتج ##اريه وتس ##ويق سلع ##كم تواصل واتساب 050 ##71 ##48 ##25 ##6 دوري ابطال اوروبا [SEP]
INFO:tensorflow:input_ids: 2 3300 11333 12480 6126 13916 4340 2283 3970 2611 1958 3055 2839 1017 12176 20745 4 5295 1936 3 27919 4 4 4830 4 4 13798 7752 5167 5102 5247 17490 2018 7346 6023 7485 11525 8877 6940 1079 4299 7821 9721 3 0 0 0 0 0 0 0 0 0 0 0 0 0 0 0 0 0 0 0 0 0 0 0 0 0 0 0 0 0 0 0 0 0 0 0 0 0 0 0 0 0 0 0 0 0 0 0 0 0 0 0 0 0 0 0 0 0 0 0 0 0 0 0 0 0 0 0 0 0 0 0 0 0 0 0 0 0 0 0 0 0 0 0 0
I1103 01:57:30.905800 47881629111360 create_pretraining_data.py:161] input_ids: 2 3300 11333 12480 6126 13916 4340 2283 3970 2611 1958 3055 2839 1017 12176 20745 4 5295 1936 3 27919 4 4 4830 4 4 13798 7752 5167 5102 5247 17490 2018 7346 6023 7485 11525 8877 6940 1079 4299 7821 9721 3 0 0 0 0 0 0 0 0 0 0 0 0 0 0 0 0 0 0 0 0 0 0 0 0 0 0 0 0 0 0 0 0 0 0 0 0 0 0 0 0 0 0 0 0 0 0 0 0 0 0 0 0 0 0 0 0 0 0 0 0 0 0 0 0 0 0 0 0 0 0 0 0 0 0 0 0 0 0 0 0 0 0 0 0
INFO:tensorflow:input_mask: 1 1 1 1 1 1 1 1 1 1 1 1 1 1 1 1 1 1 1 1 1 1 1 1 1 1 1 1 1 1 1 1 1 1 1 1 1 1 1 1 1 1 1 1 0 0 0 0 0 0 0 0 0 0 0 0 0 0 0 0 0 0 0 0 0 0 0 0 0 0 0 0 0 0 0 0 0 0 0 0 0 0 0 0 0 0 0 0 0 0 0 0 0 0 0 0 0 0 0 0 0 0 0 0 0 0 0 0 0 0 0 0 0 0 0 0 0 0 0 0 0 0 0 0 0 0 0 0
I1103 01:57:30.905968 47881629111360 create_pretraining_data.py:161] input_mask: 1 1 1 1 1 1 1 1 1 1 1 1 1 1 1 1 1 1 1 1 1 1 1 1 1 1 1 1 1 1 1 1 1 1 1 1 1 1 1 1 1 1 1 1 0 0 0 0 0 0 0 0 0 0 0 0 0 0 0 0 0 0 0 0 0 0 0 0 0 0 0 0 0 0 0 0 0 0 0 0 0 0 0 0 0 0 0 0 0 0 0 0 0 0 0 0 0 0 0 0 0 0 0 0 0 0 0 0 0 0 0 0 0 0 0 0 0 0 0 0 0 0 0 0 0 0 0 0
INFO:tensorflow:segment_ids: 0 0 0 0 0 0 0 0 0 0 0 0 0 0 0 0 0 0 0 0 1 1 1 1 1 1 1 1 1 1 1 1 1 1 1 1 1 1 1 1 1 1 1 1 0 0 0 0 0 0 0 0 0 0 0 0 0 0 0 0 0 0 0 0 0 0 0 0 0 0 0 0 0 0 0 0 0 0 0 0 0 0 0 0 0 0 0 0 0 0 0 0 0 0 0 0 0 0 0 0 0 0 0 0 0 0 0 0 0 0 0 0 0 0 0 0 0 0 0 0 0 0 0 0 0 0 0 0
I1103 01:57:30.906138 47881629111360 create_pretraining_data.py:161] segment_ids: 0 0 0 0 0 0 0 0 0 0 0 0 0 0 0 0 0 0 0 0 1 1 1 1 1 1 1 1 1 1 1 1 1 1 1 1 1 1 1 1 1 1 1 1 0 0 0 0 0 0 0 0 0 0 0 0 0 0 0 0 0 0 0 0 0 0 0 0 0 0 0 0 0 0 0 0 0 0 0 0 0 0 0 0 0 0 0 0 0 0 0 0 0 0 0 0 0 0 0 0 0 0 0 0 0 0 0 0 0 0 0 0 0 0 0 0 0 0 0 0 0 0 0 0 0 0 0 0
INFO:tensorflow:masked_lm_positions: 16 21 22 23 24 25 40 0 0 0 0 0 0 0 0 0 0 0 0 0
I1103 01:57:30.906282 47881629111360 create_pretraining_data.py:161] masked_lm_positions: 16 21 22 23 24 25 40 0 0 0 0 0 0 0 0 0 0 0 0 0
INFO:tensorflow:masked_lm_ids: 5658 15692 1005 4830 10862 2018 4299 0 0 0 0 0 0 0 0 0 0 0 0 0
I1103 01:57:30.906407 47881629111360 create_pretraining_data.py:161] masked_lm_ids: 5658 15692 1005 4830 10862 2018 4299 0 0 0 0 0 0 0 0 0 0 0 0 0
INFO:tensorflow:masked_lm_weights: 1.0 1.0 1.0 1.0 1.0 1.0 1.0 0.0 0.0 0.0 0.0 0.0 0.0 0.0 0.0 0.0 0.0 0.0 0.0 0.0
I1103 01:57:30.906531 47881629111360 create_pretraining_data.py:161] masked_lm_weights: 1.0 1.0 1.0 1.0 1.0 1.0 1.0 0.0 0.0 0.0 0.0 0.0 0.0 0.0 0.0 0.0 0.0 0.0 0.0 0.0
INFO:tensorflow:next_sentence_labels: 1
I1103 01:57:30.906644 47881629111360 create_pretraining_data.py:161] next_sentence_labels: 1
INFO:tensorflow:*** Example ***
I1103 01:57:30.907261 47881629111360 create_pretraining_data.py:149] *** Example ***
INFO:tensorflow:tokens: [CLS] الحمدالله ع كل [MASK] قروب بحه [MASK] والدعم [SEP] وسوف نع ##رض لكم ##اشد تغطي ##تنا ل فعاليات قادر وهي [MASK] شكل اجزاء وان شاء الله تح ##وز علي رضاك ##م [SEP]
I1103 01:57:30.907414 47881629111360 create_pretraining_data.py:151] tokens: [CLS] الحمدالله ع كل [MASK] قروب بحه [MASK] والدعم [SEP] وسوف نع ##رض لكم ##اشد تغطي ##تنا ل فعاليات قادر وهي [MASK] شكل اجزاء وان شاء الله تح ##وز علي رضاك ##م [SEP]
INFO:tensorflow:input_ids: 2 17848 405 2038 4 2543 24893 4 10343 3 8990 3634 2080 3406 7095 19930 3359 411 7259 6774 2843 4 4814 24116 2178 4217 1953 2125 2183 1958 14749 1015 3 0 0 0 0 0 0 0 0 0 0 0 0 0 0 0 0 0 0 0 0 0 0 0 0 0 0 0 0 0 0 0 0 0 0 0 0 0 0 0 0 0 0 0 0 0 0 0 0 0 0 0 0 0 0 0 0 0 0 0 0 0 0 0 0 0 0 0 0 0 0 0 0 0 0 0 0 0 0 0 0 0 0 0 0 0 0 0 0 0 0 0 0 0 0 0
I1103 01:57:30.907591 47881629111360 create_pretraining_data.py:161] input_ids: 2 17848 405 2038 4 2543 24893 4 10343 3 8990 3634 2080 3406 7095 19930 3359 411 7259 6774 2843 4 4814 24116 2178 4217 1953 2125 2183 1958 14749 1015 3 0 0 0 0 0 0 0 0 0 0 0 0 0 0 0 0 0 0 0 0 0 0 0 0 0 0 0 0 0 0 0 0 0 0 0 0 0 0 0 0 0 0 0 0 0 0 0 0 0 0 0 0 0 0 0 0 0 0 0 0 0 0 0 0 0 0 0 0 0 0 0 0 0 0 0 0 0 0 0 0 0 0 0 0 0 0 0 0 0 0 0 0 0 0 0
INFO:tensorflow:input_mask: 1 1 1 1 1 1 1 1 1 1 1 1 1 1 1 1 1 1 1 1 1 1 1 1 1 1 1 1 1 1 1 1 1 0 0 0 0 0 0 0 0 0 0 0 0 0 0 0 0 0 0 0 0 0 0 0 0 0 0 0 0 0 0 0 0 0 0 0 0 0 0 0 0 0 0 0 0 0 0 0 0 0 0 0 0 0 0 0 0 0 0 0 0 0 0 0 0 0 0 0 0 0 0 0 0 0 0 0 0 0 0 0 0 0 0 0 0 0 0 0 0 0 0 0 0 0 0 0
I1103 01:57:30.907760 47881629111360 create_pretraining_data.py:161] input_mask: 1 1 1 1 1 1 1 1 1 1 1 1 1 1 1 1 1 1 1 1 1 1 1 1 1 1 1 1 1 1 1 1 1 0 0 0 0 0 0 0 0 0 0 0 0 0 0 0 0 0 0 0 0 0 0 0 0 0 0 0 0 0 0 0 0 0 0 0 0 0 0 0 0 0 0 0 0 0 0 0 0 0 0 0 0 0 0 0 0 0 0 0 0 0 0 0 0 0 0 0 0 0 0 0 0 0 0 0 0 0 0 0 0 0 0 0 0 0 0 0 0 0 0 0 0 0 0 0
INFO:tensorflow:segment_ids: 0 0 0 0 0 0 0 0 0 0 1 1 1 1 1 1 1 1 1 1 1 1 1 1 1 1 1 1 1 1 1 1 1 0 0 0 0 0 0 0 0 0 0 0 0 0 0 0 0 0 0 0 0 0 0 0 0 0 0 0 0 0 0 0 0 0 0 0 0 0 0 0 0 0 0 0 0 0 0 0 0 0 0 0 0 0 0 0 0 0 0 0 0 0 0 0 0 0 0 0 0 0 0 0 0 0 0 0 0 0 0 0 0 0 0 0 0 0 0 0 0 0 0 0 0 0 0 0
I1103 01:57:30.907924 47881629111360 create_pretraining_data.py:161] segment_ids: 0 0 0 0 0 0 0 0 0 0 1 1 1 1 1 1 1 1 1 1 1 1 1 1 1 1 1 1 1 1 1 1 1 0 0 0 0 0 0 0 0 0 0 0 0 0 0 0 0 0 0 0 0 0 0 0 0 0 0 0 0 0 0 0 0 0 0 0 0 0 0 0 0 0 0 0 0 0 0 0 0 0 0 0 0 0 0 0 0 0 0 0 0 0 0 0 0 0 0 0 0 0 0 0 0 0 0 0 0 0 0 0 0 0 0 0 0 0 0 0 0 0 0 0 0 0 0 0
INFO:tensorflow:masked_lm_positions: 4 7 14 21 29 0 0 0 0 0 0 0 0 0 0 0 0 0 0 0
I1103 01:57:30.908048 47881629111360 create_pretraining_data.py:161] masked_lm_positions: 4 7 14 21 29 0 0 0 0 0 0 0 0 0 0 0 0 0 0 0
INFO:tensorflow:masked_lm_ids: 2767 14807 2311 1958 1958 0 0 0 0 0 0 0 0 0 0 0 0 0 0 0
I1103 01:57:30.908189 47881629111360 create_pretraining_data.py:161] masked_lm_ids: 2767 14807 2311 1958 1958 0 0 0 0 0 0 0 0 0 0 0 0 0 0 0
INFO:tensorflow:masked_lm_weights: 1.0 1.0 1.0 1.0 1.0 0.0 0.0 0.0 0.0 0.0 0.0 0.0 0.0 0.0 0.0 0.0 0.0 0.0 0.0 0.0
I1103 01:57:30.908316 47881629111360 create_pretraining_data.py:161] masked_lm_weights: 1.0 1.0 1.0 1.0 1.0 0.0 0.0 0.0 0.0 0.0 0.0 0.0 0.0 0.0 0.0 0.0 0.0 0.0 0.0 0.0
INFO:tensorflow:next_sentence_labels: 1
I1103 01:57:30.908430 47881629111360 create_pretraining_data.py:161] next_sentence_labels: 1
INFO:tensorflow:*** Example ***
I1103 01:57:30.909042 47881629111360 create_pretraining_data.py:149] *** Example ***
INFO:tensorflow:tokens: [CLS] مسلسل يكفي قريبا [SEP] الجيش السعودي اللهم هون برد الشتاء علي جنودنا علي الحدود مع اليمن [MASK] تحفظ ##هم وتن ##صرهم [MASK] [MASK] رميهم يارب حبايبي [SEP]
I1103 01:57:30.909198 47881629111360 create_pretraining_data.py:151] tokens: [CLS] مسلسل يكفي قريبا [SEP] الجيش السعودي اللهم هون برد الشتاء علي جنودنا علي الحدود مع اليمن [MASK] تحفظ ##هم وتن ##صرهم [MASK] [MASK] رميهم يارب حبايبي [SEP]
INFO:tensorflow:input_ids: 2 4383 6679 6159 3 3375 3428 2168 6505 6060 5875 1958 9977 1958 4906 1973 3432 4 13678 1949 4504 10027 4 4 14784 2856 18396 3 0 0 0 0 0 0 0 0 0 0 0 0 0 0 0 0 0 0 0 0 0 0 0 0 0 0 0 0 0 0 0 0 0 0 0 0 0 0 0 0 0 0 0 0 0 0 0 0 0 0 0 0 0 0 0 0 0 0 0 0 0 0 0 0 0 0 0 0 0 0 0 0 0 0 0 0 0 0 0 0 0 0 0 0 0 0 0 0 0 0 0 0 0 0 0 0 0 0 0 0
I1103 01:57:30.909375 47881629111360 create_pretraining_data.py:161] input_ids: 2 4383 6679 6159 3 3375 3428 2168 6505 6060 5875 1958 9977 1958 4906 1973 3432 4 13678 1949 4504 10027 4 4 14784 2856 18396 3 0 0 0 0 0 0 0 0 0 0 0 0 0 0 0 0 0 0 0 0 0 0 0 0 0 0 0 0 0 0 0 0 0 0 0 0 0 0 0 0 0 0 0 0 0 0 0 0 0 0 0 0 0 0 0 0 0 0 0 0 0 0 0 0 0 0 0 0 0 0 0 0 0 0 0 0 0 0 0 0 0 0 0 0 0 0 0 0 0 0 0 0 0 0 0 0 0 0 0 0
INFO:tensorflow:input_mask: 1 1 1 1 1 1 1 1 1 1 1 1 1 1 1 1 1 1 1 1 1 1 1 1 1 1 1 1 0 0 0 0 0 0 0 0 0 0 0 0 0 0 0 0 0 0 0 0 0 0 0 0 0 0 0 0 0 0 0 0 0 0 0 0 0 0 0 0 0 0 0 0 0 0 0 0 0 0 0 0 0 0 0 0 0 0 0 0 0 0 0 0 0 0 0 0 0 0 0 0 0 0 0 0 0 0 0 0 0 0 0 0 0 0 0 0 0 0 0 0 0 0 0 0 0 0 0 0
I1103 01:57:30.909543 47881629111360 create_pretraining_data.py:161] input_mask: 1 1 1 1 1 1 1 1 1 1 1 1 1 1 1 1 1 1 1 1 1 1 1 1 1 1 1 1 0 0 0 0 0 0 0 0 0 0 0 0 0 0 0 0 0 0 0 0 0 0 0 0 0 0 0 0 0 0 0 0 0 0 0 0 0 0 0 0 0 0 0 0 0 0 0 0 0 0 0 0 0 0 0 0 0 0 0 0 0 0 0 0 0 0 0 0 0 0 0 0 0 0 0 0 0 0 0 0 0 0 0 0 0 0 0 0 0 0 0 0 0 0 0 0 0 0 0 0
INFO:tensorflow:segment_ids: 0 0 0 0 0 1 1 1 1 1 1 1 1 1 1 1 1 1 1 1 1 1 1 1 1 1 1 1 0 0 0 0 0 0 0 0 0 0 0 0 0 0 0 0 0 0 0 0 0 0 0 0 0 0 0 0 0 0 0 0 0 0 0 0 0 0 0 0 0 0 0 0 0 0 0 0 0 0 0 0 0 0 0 0 0 0 0 0 0 0 0 0 0 0 0 0 0 0 0 0 0 0 0 0 0 0 0 0 0 0 0 0 0 0 0 0 0 0 0 0 0 0 0 0 0 0 0 0
I1103 01:57:30.909706 47881629111360 create_pretraining_data.py:161] segment_ids: 0 0 0 0 0 1 1 1 1 1 1 1 1 1 1 1 1 1 1 1 1 1 1 1 1 1 1 1 0 0 0 0 0 0 0 0 0 0 0 0 0 0 0 0 0 0 0 0 0 0 0 0 0 0 0 0 0 0 0 0 0 0 0 0 0 0 0 0 0 0 0 0 0 0 0 0 0 0 0 0 0 0 0 0 0 0 0 0 0 0 0 0 0 0 0 0 0 0 0 0 0 0 0 0 0 0 0 0 0 0 0 0 0 0 0 0 0 0 0 0 0 0 0 0 0 0 0 0
INFO:tensorflow:masked_lm_positions: 17 22 23 26 0 0 0 0 0 0 0 0 0 0 0 0 0 0 0 0
I1103 01:57:30.909832 47881629111360 create_pretraining_data.py:161] masked_lm_positions: 17 22 23 26 0 0 0 0 0 0 0 0 0 0 0 0 0 0 0 0
INFO:tensorflow:masked_lm_ids: 2949 5102 2282 6074 0 0 0 0 0 0 0 0 0 0 0 0 0 0 0 0
I1103 01:57:30.909952 47881629111360 create_pretraining_data.py:161] masked_lm_ids: 2949 5102 2282 6074 0 0 0 0 0 0 0 0 0 0 0 0 0 0 0 0
INFO:tensorflow:masked_lm_weights: 1.0 1.0 1.0 1.0 0.0 0.0 0.0 0.0 0.0 0.0 0.0 0.0 0.0 0.0 0.0 0.0 0.0 0.0 0.0 0.0
I1103 01:57:30.910075 47881629111360 create_pretraining_data.py:161] masked_lm_weights: 1.0 1.0 1.0 1.0 0.0 0.0 0.0 0.0 0.0 0.0 0.0 0.0 0.0 0.0 0.0 0.0 0.0 0.0 0.0 0.0
INFO:tensorflow:next_sentence_labels: 1
I1103 01:57:30.910212 47881629111360 create_pretraining_data.py:161] next_sentence_labels: 1
INFO:tensorflow:*** Example ***
I1103 01:57:30.910826 47881629111360 create_pretraining_data.py:149] *** Example ***
INFO:tensorflow:tokens: [CLS] طبعا [MASK] البدايه الز ##قار ##ه [MASK] مو الطريقه رقم للا ##قلاع عن التدخين معلومات خاط ##ئه في [MASK] [MASK] ##جرام [SEP] ياليت اني ه ##كر علا كلامهم الحمدلله انهم قالو ه ##كر ولا قالو عني يس ##سب الدين [MASK] يسبب دوله قذ شاه ##ر [SEP]
I1103 01:57:30.910983 47881629111360 create_pretraining_data.py:151] tokens: [CLS] طبعا [MASK] البدايه الز ##قار ##ه [MASK] مو الطريقه رقم للا ##قلاع عن التدخين معلومات خاط ##ئه في [MASK] [MASK] ##جرام [SEP] ياليت اني ه ##كر علا كلامهم الحمدلله انهم قالو ه ##كر ولا قالو عني يس ##سب الدين [MASK] يسبب دوله قذ شاه ##ر [SEP]
INFO:tensorflow:input_ids: 2 8191 4 14904 2194 8690 1028 4 2481 18520 3128 2383 25248 1955 13042 4733 6212 3269 1912 4 4 23349 3 12983 2694 414 2014 3317 27924 4062 5507 12435 414 2014 2086 12435 4449 2416 2024 2825 4 12158 6229 15265 5621 1017 3 0 0 0 0 0 0 0 0 0 0 0 0 0 0 0 0 0 0 0 0 0 0 0 0 0 0 0 0 0 0 0 0 0 0 0 0 0 0 0 0 0 0 0 0 0 0 0 0 0 0 0 0 0 0 0 0 0 0 0 0 0 0 0 0 0 0 0 0 0 0 0 0 0 0 0 0 0 0 0 0 0
I1103 01:57:30.911170 47881629111360 create_pretraining_data.py:161] input_ids: 2 8191 4 14904 2194 8690 1028 4 2481 18520 3128 2383 25248 1955 13042 4733 6212 3269 1912 4 4 23349 3 12983 2694 414 2014 3317 27924 4062 5507 12435 414 2014 2086 12435 4449 2416 2024 2825 4 12158 6229 15265 5621 1017 3 0 0 0 0 0 0 0 0 0 0 0 0 0 0 0 0 0 0 0 0 0 0 0 0 0 0 0 0 0 0 0 0 0 0 0 0 0 0 0 0 0 0 0 0 0 0 0 0 0 0 0 0 0 0 0 0 0 0 0 0 0 0 0 0 0 0 0 0 0 0 0 0 0 0 0 0 0 0 0 0 0
INFO:tensorflow:input_mask: 1 1 1 1 1 1 1 1 1 1 1 1 1 1 1 1 1 1 1 1 1 1 1 1 1 1 1 1 1 1 1 1 1 1 1 1 1 1 1 1 1 1 1 1 1 1 1 0 0 0 0 0 0 0 0 0 0 0 0 0 0 0 0 0 0 0 0 0 0 0 0 0 0 0 0 0 0 0 0 0 0 0 0 0 0 0 0 0 0 0 0 0 0 0 0 0 0 0 0 0 0 0 0 0 0 0 0 0 0 0 0 0 0 0 0 0 0 0 0 0 0 0 0 0 0 0 0 0
I1103 01:57:30.911341 47881629111360 create_pretraining_data.py:161] input_mask: 1 1 1 1 1 1 1 1 1 1 1 1 1 1 1 1 1 1 1 1 1 1 1 1 1 1 1 1 1 1 1 1 1 1 1 1 1 1 1 1 1 1 1 1 1 1 1 0 0 0 0 0 0 0 0 0 0 0 0 0 0 0 0 0 0 0 0 0 0 0 0 0 0 0 0 0 0 0 0 0 0 0 0 0 0 0 0 0 0 0 0 0 0 0 0 0 0 0 0 0 0 0 0 0 0 0 0 0 0 0 0 0 0 0 0 0 0 0 0 0 0 0 0 0 0 0 0 0
INFO:tensorflow:segment_ids: 0 0 0 0 0 0 0 0 0 0 0 0 0 0 0 0 0 0 0 0 0 0 0 1 1 1 1 1 1 1 1 1 1 1 1 1 1 1 1 1 1 1 1 1 1 1 1 0 0 0 0 0 0 0 0 0 0 0 0 0 0 0 0 0 0 0 0 0 0 0 0 0 0 0 0 0 0 0 0 0 0 0 0 0 0 0 0 0 0 0 0 0 0 0 0 0 0 0 0 0 0 0 0 0 0 0 0 0 0 0 0 0 0 0 0 0 0 0 0 0 0 0 0 0 0 0 0 0
I1103 01:57:30.911503 47881629111360 create_pretraining_data.py:161] segment_ids: 0 0 0 0 0 0 0 0 0 0 0 0 0 0 0 0 0 0 0 0 0 0 0 1 1 1 1 1 1 1 1 1 1 1 1 1 1 1 1 1 1 1 1 1 1 1 1 0 0 0 0 0 0 0 0 0 0 0 0 0 0 0 0 0 0 0 0 0 0 0 0 0 0 0 0 0 0 0 0 0 0 0 0 0 0 0 0 0 0 0 0 0 0 0 0 0 0 0 0 0 0 0 0 0 0 0 0 0 0 0 0 0 0 0 0 0 0 0 0 0 0 0 0 0 0 0 0 0
INFO:tensorflow:masked_lm_positions: 2 7 19 20 21 40 43 0 0 0 0 0 0 0 0 0 0 0 0 0
I1103 01:57:30.911631 47881629111360 create_pretraining_data.py:161] masked_lm_positions: 2 7 19 20 21 40 43 0 0 0 0 0 0 0 0 0 0 0 0 0
INFO:tensorflow:masked_lm_ids: 1912 19286 8404 4258 23349 2213 19374 0 0 0 0 0 0 0 0 0 0 0 0 0
I1103 01:57:30.911753 47881629111360 create_pretraining_data.py:161] masked_lm_ids: 1912 19286 8404 4258 23349 2213 19374 0 0 0 0 0 0 0 0 0 0 0 0 0
INFO:tensorflow:masked_lm_weights: 1.0 1.0 1.0 1.0 1.0 1.0 1.0 0.0 0.0 0.0 0.0 0.0 0.0 0.0 0.0 0.0 0.0 0.0 0.0 0.0
I1103 01:57:30.911878 47881629111360 create_pretraining_data.py:161] masked_lm_weights: 1.0 1.0 1.0 1.0 1.0 1.0 1.0 0.0 0.0 0.0 0.0 0.0 0.0 0.0 0.0 0.0 0.0 0.0 0.0 0.0
INFO:tensorflow:next_sentence_labels: 1
I1103 01:57:30.911992 47881629111360 create_pretraining_data.py:161] next_sentence_labels: 1
INFO:tensorflow:*** Example ***
I1103 01:57:30.912615 47881629111360 create_pretraining_data.py:149] *** Example ***
INFO:tensorflow:tokens: [CLS] سماعه [MASK] طبيه امنه مريح ##ه ل ذن 0541111810 السعر 150 ريال قد بح ##ذر [MASK] [MASK] حياتك للخطر [SEP] الشي الوحيد اللي فهمت ##ه من المدرسه اننا اسوء دفعه مرت عليهم [SEP]
I1103 01:57:30.912769 47881629111360 create_pretraining_data.py:151] tokens: [CLS] سماعه [MASK] طبيه امنه مريح ##ه ل ذن 0541111810 السعر 150 ريال قد بح ##ذر [MASK] [MASK] حياتك للخطر [SEP] الشي الوحيد اللي فهمت ##ه من المدرسه اننا اسوء دفعه مرت عليهم [SEP]
INFO:tensorflow:input_ids: 2 27576 4 24796 21081 24566 1028 411 4552 26435 6569 9344 3108 2251 2302 3136 4 4 4540 22446 3 2456 5230 2115 22098 1028 1908 17477 5839 21457 19133 3508 3566 3 0 0 0 0 0 0 0 0 0 0 0 0 0 0 0 0 0 0 0 0 0 0 0 0 0 0 0 0 0 0 0 0 0 0 0 0 0 0 0 0 0 0 0 0 0 0 0 0 0 0 0 0 0 0 0 0 0 0 0 0 0 0 0 0 0 0 0 0 0 0 0 0 0 0 0 0 0 0 0 0 0 0 0 0 0 0 0 0 0 0 0 0 0 0
I1103 01:57:30.912946 47881629111360 create_pretraining_data.py:161] input_ids: 2 27576 4 24796 21081 24566 1028 411 4552 26435 6569 9344 3108 2251 2302 3136 4 4 4540 22446 3 2456 5230 2115 22098 1028 1908 17477 5839 21457 19133 3508 3566 3 0 0 0 0 0 0 0 0 0 0 0 0 0 0 0 0 0 0 0 0 0 0 0 0 0 0 0 0 0 0 0 0 0 0 0 0 0 0 0 0 0 0 0 0 0 0 0 0 0 0 0 0 0 0 0 0 0 0 0 0 0 0 0 0 0 0 0 0 0 0 0 0 0 0 0 0 0 0 0 0 0 0 0 0 0 0 0 0 0 0 0 0 0 0
INFO:tensorflow:input_mask: 1 1 1 1 1 1 1 1 1 1 1 1 1 1 1 1 1 1 1 1 1 1 1 1 1 1 1 1 1 1 1 1 1 1 0 0 0 0 0 0 0 0 0 0 0 0 0 0 0 0 0 0 0 0 0 0 0 0 0 0 0 0 0 0 0 0 0 0 0 0 0 0 0 0 0 0 0 0 0 0 0 0 0 0 0 0 0 0 0 0 0 0 0 0 0 0 0 0 0 0 0 0 0 0 0 0 0 0 0 0 0 0 0 0 0 0 0 0 0 0 0 0 0 0 0 0 0 0
I1103 01:57:30.913123 47881629111360 create_pretraining_data.py:161] input_mask: 1 1 1 1 1 1 1 1 1 1 1 1 1 1 1 1 1 1 1 1 1 1 1 1 1 1 1 1 1 1 1 1 1 1 0 0 0 0 0 0 0 0 0 0 0 0 0 0 0 0 0 0 0 0 0 0 0 0 0 0 0 0 0 0 0 0 0 0 0 0 0 0 0 0 0 0 0 0 0 0 0 0 0 0 0 0 0 0 0 0 0 0 0 0 0 0 0 0 0 0 0 0 0 0 0 0 0 0 0 0 0 0 0 0 0 0 0 0 0 0 0 0 0 0 0 0 0 0
INFO:tensorflow:segment_ids: 0 0 0 0 0 0 0 0 0 0 0 0 0 0 0 0 0 0 0 0 0 1 1 1 1 1 1 1 1 1 1 1 1 1 0 0 0 0 0 0 0 0 0 0 0 0 0 0 0 0 0 0 0 0 0 0 0 0 0 0 0 0 0 0 0 0 0 0 0 0 0 0 0 0 0 0 0 0 0 0 0 0 0 0 0 0 0 0 0 0 0 0 0 0 0 0 0 0 0 0 0 0 0 0 0 0 0 0 0 0 0 0 0 0 0 0 0 0 0 0 0 0 0 0 0 0 0 0
I1103 01:57:30.913288 47881629111360 create_pretraining_data.py:161] segment_ids: 0 0 0 0 0 0 0 0 0 0 0 0 0 0 0 0 0 0 0 0 0 1 1 1 1 1 1 1 1 1 1 1 1 1 0 0 0 0 0 0 0 0 0 0 0 0 0 0 0 0 0 0 0 0 0 0 0 0 0 0 0 0 0 0 0 0 0 0 0 0 0 0 0 0 0 0 0 0 0 0 0 0 0 0 0 0 0 0 0 0 0 0 0 0 0 0 0 0 0 0 0 0 0 0 0 0 0 0 0 0 0 0 0 0 0 0 0 0 0 0 0 0 0 0 0 0 0 0
INFO:tensorflow:masked_lm_positions: 1 2 16 17 21 0 0 0 0 0 0 0 0 0 0 0 0 0 0 0
I1103 01:57:30.913413 47881629111360 create_pretraining_data.py:161] masked_lm_positions: 1 2 16 17 21 0 0 0 0 0 0 0 0 0 0 0 0 0 0 0
INFO:tensorflow:masked_lm_ids: 27576 26467 7571 4153 2456 0 0 0 0 0 0 0 0 0 0 0 0 0 0 0
I1103 01:57:30.913534 47881629111360 create_pretraining_data.py:161] masked_lm_ids: 27576 26467 7571 4153 2456 0 0 0 0 0 0 0 0 0 0 0 0 0 0 0
INFO:tensorflow:masked_lm_weights: 1.0 1.0 1.0 1.0 1.0 0.0 0.0 0.0 0.0 0.0 0.0 0.0 0.0 0.0 0.0 0.0 0.0 0.0 0.0 0.0
I1103 01:57:30.913657 47881629111360 create_pretraining_data.py:161] masked_lm_weights: 1.0 1.0 1.0 1.0 1.0 0.0 0.0 0.0 0.0 0.0 0.0 0.0 0.0 0.0 0.0 0.0 0.0 0.0 0.0 0.0
INFO:tensorflow:next_sentence_labels: 1
I1103 01:57:30.913769 47881629111360 create_pretraining_data.py:161] next_sentence_labels: 1
INFO:tensorflow:*** Example ***
I1103 01:57:30.914395 47881629111360 create_pretraining_data.py:149] *** Example ***
INFO:tensorflow:tokens: [CLS] سعود القحطاني [MASK] بالد ##ي ##وان الملكي برت ##به وزير كفا ##ء ##ه وطني ##ه متميز ##ه وجي ##ل جديد مغرد ##ون [MASK] [SEP] قرب ##لي شأن اعطي ##ك انا much [MASK] [SEP]
I1103 01:57:30.914548 47881629111360 create_pretraining_data.py:151] tokens: [CLS] سعود القحطاني [MASK] بالد ##ي ##وان الملكي برت ##به وزير كفا ##ء ##ه وطني ##ه متميز ##ه وجي ##ل جديد مغرد ##ون [MASK] [SEP] قرب ##لي شأن اعطي ##ك انا much [MASK] [SEP]
INFO:tensorflow:input_ids: 2 4393 10339 4 3947 1013 2255 5652 17206 2204 3075 7227 1053 1028 8489 1028 8687 1028 26718 1010 3044 9529 1922 4 3 4795 1907 6717 15367 1014 2315 23172 4 3 0 0 0 0 0 0 0 0 0 0 0 0 0 0 0 0 0 0 0 0 0 0 0 0 0 0 0 0 0 0 0 0 0 0 0 0 0 0 0 0 0 0 0 0 0 0 0 0 0 0 0 0 0 0 0 0 0 0 0 0 0 0 0 0 0 0 0 0 0 0 0 0 0 0 0 0 0 0 0 0 0 0 0 0 0 0 0 0 0 0 0 0 0 0
I1103 01:57:30.914742 47881629111360 create_pretraining_data.py:161] input_ids: 2 4393 10339 4 3947 1013 2255 5652 17206 2204 3075 7227 1053 1028 8489 1028 8687 1028 26718 1010 3044 9529 1922 4 3 4795 1907 6717 15367 1014 2315 23172 4 3 0 0 0 0 0 0 0 0 0 0 0 0 0 0 0 0 0 0 0 0 0 0 0 0 0 0 0 0 0 0 0 0 0 0 0 0 0 0 0 0 0 0 0 0 0 0 0 0 0 0 0 0 0 0 0 0 0 0 0 0 0 0 0 0 0 0 0 0 0 0 0 0 0 0 0 0 0 0 0 0 0 0 0 0 0 0 0 0 0 0 0 0 0 0
INFO:tensorflow:input_mask: 1 1 1 1 1 1 1 1 1 1 1 1 1 1 1 1 1 1 1 1 1 1 1 1 1 1 1 1 1 1 1 1 1 1 0 0 0 0 0 0 0 0 0 0 0 0 0 0 0 0 0 0 0 0 0 0 0 0 0 0 0 0 0 0 0 0 0 0 0 0 0 0 0 0 0 0 0 0 0 0 0 0 0 0 0 0 0 0 0 0 0 0 0 0 0 0 0 0 0 0 0 0 0 0 0 0 0 0 0 0 0 0 0 0 0 0 0 0 0 0 0 0 0 0 0 0 0 0
I1103 01:57:30.914914 47881629111360 create_pretraining_data.py:161] input_mask: 1 1 1 1 1 1 1 1 1 1 1 1 1 1 1 1 1 1 1 1 1 1 1 1 1 1 1 1 1 1 1 1 1 1 0 0 0 0 0 0 0 0 0 0 0 0 0 0 0 0 0 0 0 0 0 0 0 0 0 0 0 0 0 0 0 0 0 0 0 0 0 0 0 0 0 0 0 0 0 0 0 0 0 0 0 0 0 0 0 0 0 0 0 0 0 0 0 0 0 0 0 0 0 0 0 0 0 0 0 0 0 0 0 0 0 0 0 0 0 0 0 0 0 0 0 0 0 0
INFO:tensorflow:segment_ids: 0 0 0 0 0 0 0 0 0 0 0 0 0 0 0 0 0 0 0 0 0 0 0 0 0 1 1 1 1 1 1 1 1 1 0 0 0 0 0 0 0 0 0 0 0 0 0 0 0 0 0 0 0 0 0 0 0 0 0 0 0 0 0 0 0 0 0 0 0 0 0 0 0 0 0 0 0 0 0 0 0 0 0 0 0 0 0 0 0 0 0 0 0 0 0 0 0 0 0 0 0 0 0 0 0 0 0 0 0 0 0 0 0 0 0 0 0 0 0 0 0 0 0 0 0 0 0 0
I1103 01:57:30.915078 47881629111360 create_pretraining_data.py:161] segment_ids: 0 0 0 0 0 0 0 0 0 0 0 0 0 0 0 0 0 0 0 0 0 0 0 0 0 1 1 1 1 1 1 1 1 1 0 0 0 0 0 0 0 0 0 0 0 0 0 0 0 0 0 0 0 0 0 0 0 0 0 0 0 0 0 0 0 0 0 0 0 0 0 0 0 0 0 0 0 0 0 0 0 0 0 0 0 0 0 0 0 0 0 0 0 0 0 0 0 0 0 0 0 0 0 0 0 0 0 0 0 0 0 0 0 0 0 0 0 0 0 0 0 0 0 0 0 0 0 0
INFO:tensorflow:masked_lm_positions: 3 23 27 31 32 0 0 0 0 0 0 0 0 0 0 0 0 0 0 0
I1103 01:57:30.915212 47881629111360 create_pretraining_data.py:161] masked_lm_positions: 3 23 27 31 32 0 0 0 0 0 0 0 0 0 0 0 0 0 0 0
INFO:tensorflow:masked_lm_ids: 10750 14979 11408 7160 1013 0 0 0 0 0 0 0 0 0 0 0 0 0 0 0
I1103 01:57:30.915333 47881629111360 create_pretraining_data.py:161] masked_lm_ids: 10750 14979 11408 7160 1013 0 0 0 0 0 0 0 0 0 0 0 0 0 0 0
INFO:tensorflow:masked_lm_weights: 1.0 1.0 1.0 1.0 1.0 0.0 0.0 0.0 0.0 0.0 0.0 0.0 0.0 0.0 0.0 0.0 0.0 0.0 0.0 0.0
I1103 01:57:30.915457 47881629111360 create_pretraining_data.py:161] masked_lm_weights: 1.0 1.0 1.0 1.0 1.0 0.0 0.0 0.0 0.0 0.0 0.0 0.0 0.0 0.0 0.0 0.0 0.0 0.0 0.0 0.0
INFO:tensorflow:next_sentence_labels: 1
I1103 01:57:30.915570 47881629111360 create_pretraining_data.py:161] next_sentence_labels: 1
INFO:tensorflow:*** Example ***
I1103 01:57:30.916180 47881629111360 create_pretraining_data.py:149] *** Example ***
INFO:tensorflow:tokens: [CLS] احنا الحكومه وقف ##نا السومه الهلال الاهلي ههه قبل وبعد [SEP] كلكم عنده [MASK] يتهم [MASK] يوميات [MASK] 101 ##94 من ملتقي المعلمين لع ##زام [SEP]
I1103 01:57:30.916332 47881629111360 create_pretraining_data.py:151] tokens: [CLS] احنا الحكومه وقف ##نا السومه الهلال الاهلي ههه قبل وبعد [SEP] كلكم عنده [MASK] يتهم [MASK] يوميات [MASK] 101 ##94 من ملتقي المعلمين لع ##زام [SEP]
INFO:tensorflow:input_ids: 2 6441 11764 5127 1914 10071 2675 3105 3495 2289 3807 3 18558 5382 4 16575 4 22022 4 24774 11888 1908 16571 10835 2941 4703 3 0 0 0 0 0 0 0 0 0 0 0 0 0 0 0 0 0 0 0 0 0 0 0 0 0 0 0 0 0 0 0 0 0 0 0 0 0 0 0 0 0 0 0 0 0 0 0 0 0 0 0 0 0 0 0 0 0 0 0 0 0 0 0 0 0 0 0 0 0 0 0 0 0 0 0 0 0 0 0 0 0 0 0 0 0 0 0 0 0 0 0 0 0 0 0 0 0 0 0 0 0
I1103 01:57:30.916512 47881629111360 create_pretraining_data.py:161] input_ids: 2 6441 11764 5127 1914 10071 2675 3105 3495 2289 3807 3 18558 5382 4 16575 4 22022 4 24774 11888 1908 16571 10835 2941 4703 3 0 0 0 0 0 0 0 0 0 0 0 0 0 0 0 0 0 0 0 0 0 0 0 0 0 0 0 0 0 0 0 0 0 0 0 0 0 0 0 0 0 0 0 0 0 0 0 0 0 0 0 0 0 0 0 0 0 0 0 0 0 0 0 0 0 0 0 0 0 0 0 0 0 0 0 0 0 0 0 0 0 0 0 0 0 0 0 0 0 0 0 0 0 0 0 0 0 0 0 0 0
INFO:tensorflow:input_mask: 1 1 1 1 1 1 1 1 1 1 1 1 1 1 1 1 1 1 1 1 1 1 1 1 1 1 1 0 0 0 0 0 0 0 0 0 0 0 0 0 0 0 0 0 0 0 0 0 0 0 0 0 0 0 0 0 0 0 0 0 0 0 0 0 0 0 0 0 0 0 0 0 0 0 0 0 0 0 0 0 0 0 0 0 0 0 0 0 0 0 0 0 0 0 0 0 0 0 0 0 0 0 0 0 0 0 0 0 0 0 0 0 0 0 0 0 0 0 0 0 0 0 0 0 0 0 0 0
I1103 01:57:30.916698 47881629111360 create_pretraining_data.py:161] input_mask: 1 1 1 1 1 1 1 1 1 1 1 1 1 1 1 1 1 1 1 1 1 1 1 1 1 1 1 0 0 0 0 0 0 0 0 0 0 0 0 0 0 0 0 0 0 0 0 0 0 0 0 0 0 0 0 0 0 0 0 0 0 0 0 0 0 0 0 0 0 0 0 0 0 0 0 0 0 0 0 0 0 0 0 0 0 0 0 0 0 0 0 0 0 0 0 0 0 0 0 0 0 0 0 0 0 0 0 0 0 0 0 0 0 0 0 0 0 0 0 0 0 0 0 0 0 0 0 0
INFO:tensorflow:segment_ids: 0 0 0 0 0 0 0 0 0 0 0 0 1 1 1 1 1 1 1 1 1 1 1 1 1 1 1 0 0 0 0 0 0 0 0 0 0 0 0 0 0 0 0 0 0 0 0 0 0 0 0 0 0 0 0 0 0 0 0 0 0 0 0 0 0 0 0 0 0 0 0 0 0 0 0 0 0 0 0 0 0 0 0 0 0 0 0 0 0 0 0 0 0 0 0 0 0 0 0 0 0 0 0 0 0 0 0 0 0 0 0 0 0 0 0 0 0 0 0 0 0 0 0 0 0 0 0 0
I1103 01:57:30.916862 47881629111360 create_pretraining_data.py:161] segment_ids: 0 0 0 0 0 0 0 0 0 0 0 0 1 1 1 1 1 1 1 1 1 1 1 1 1 1 1 0 0 0 0 0 0 0 0 0 0 0 0 0 0 0 0 0 0 0 0 0 0 0 0 0 0 0 0 0 0 0 0 0 0 0 0 0 0 0 0 0 0 0 0 0 0 0 0 0 0 0 0 0 0 0 0 0 0 0 0 0 0 0 0 0 0 0 0 0 0 0 0 0 0 0 0 0 0 0 0 0 0 0 0 0 0 0 0 0 0 0 0 0 0 0 0 0 0 0 0 0
INFO:tensorflow:masked_lm_positions: 14 15 16 18 0 0 0 0 0 0 0 0 0 0 0 0 0 0 0 0
I1103 01:57:30.916989 47881629111360 create_pretraining_data.py:161] masked_lm_positions: 14 15 16 18 0 0 0 0 0 0 0 0 0 0 0 0 0 0 0 0
INFO:tensorflow:masked_lm_ids: 12881 3266 2596 27 0 0 0 0 0 0 0 0 0 0 0 0 0 0 0 0
I1103 01:57:30.917114 47881629111360 create_pretraining_data.py:161] masked_lm_ids: 12881 3266 2596 27 0 0 0 0 0 0 0 0 0 0 0 0 0 0 0 0
INFO:tensorflow:masked_lm_weights: 1.0 1.0 1.0 1.0 0.0 0.0 0.0 0.0 0.0 0.0 0.0 0.0 0.0 0.0 0.0 0.0 0.0 0.0 0.0 0.0
I1103 01:57:30.917240 47881629111360 create_pretraining_data.py:161] masked_lm_weights: 1.0 1.0 1.0 1.0 0.0 0.0 0.0 0.0 0.0 0.0 0.0 0.0 0.0 0.0 0.0 0.0 0.0 0.0 0.0 0.0
INFO:tensorflow:next_sentence_labels: 1
I1103 01:57:30.917354 47881629111360 create_pretraining_data.py:161] next_sentence_labels: 1
INFO:tensorflow:*** Example ***
I1103 01:57:30.917968 47881629111360 create_pretraining_data.py:149] *** Example ***
INFO:tensorflow:tokens: [CLS] يارب رساله لطيفه طويله من شخص يهم ##ك وش ##اغ ##ل بالك [MASK] بعد منص [MASK] [MASK] [SEP] نموذج [MASK] [MASK] قاتل ##وا مثل مشجع ##ينك ##م لع ##شق الصغير قبل الكبير للاهلي ليت [MASK] ين ##عرض للاعبين حتي يعلم ##وا انهم يفرح ##ون امه [SEP]
I1103 01:57:30.918132 47881629111360 create_pretraining_data.py:151] tokens: [CLS] يارب رساله لطيفه طويله من شخص يهم ##ك وش ##اغ ##ل بالك [MASK] بعد منص [MASK] [MASK] [SEP] نموذج [MASK] [MASK] قاتل ##وا مثل مشجع ##ينك ##م لع ##شق الصغير قبل الكبير للاهلي ليت [MASK] ين ##عرض للاعبين حتي يعلم ##وا انهم يفرح ##ون امه [SEP]
INFO:tensorflow:input_ids: 2 2856 5860 27440 11761 1908 2489 6104 1014 2347 7180 1010 3906 4 2089 10156 4 4 3 10446 4 4 11545 1928 2546 19485 4328 1015 2941 3397 7039 2289 4377 18115 4134 4 2388 4153 20497 2627 4515 1928 5507 12846 1922 6798 3 0 0 0 0 0 0 0 0 0 0 0 0 0 0 0 0 0 0 0 0 0 0 0 0 0 0 0 0 0 0 0 0 0 0 0 0 0 0 0 0 0 0 0 0 0 0 0 0 0 0 0 0 0 0 0 0 0 0 0 0 0 0 0 0 0 0 0 0 0 0 0 0 0 0 0 0 0 0 0 0 0
I1103 01:57:30.918310 47881629111360 create_pretraining_data.py:161] input_ids: 2 2856 5860 27440 11761 1908 2489 6104 1014 2347 7180 1010 3906 4 2089 10156 4 4 3 10446 4 4 11545 1928 2546 19485 4328 1015 2941 3397 7039 2289 4377 18115 4134 4 2388 4153 20497 2627 4515 1928 5507 12846 1922 6798 3 0 0 0 0 0 0 0 0 0 0 0 0 0 0 0 0 0 0 0 0 0 0 0 0 0 0 0 0 0 0 0 0 0 0 0 0 0 0 0 0 0 0 0 0 0 0 0 0 0 0 0 0 0 0 0 0 0 0 0 0 0 0 0 0 0 0 0 0 0 0 0 0 0 0 0 0 0 0 0 0 0
INFO:tensorflow:input_mask: 1 1 1 1 1 1 1 1 1 1 1 1 1 1 1 1 1 1 1 1 1 1 1 1 1 1 1 1 1 1 1 1 1 1 1 1 1 1 1 1 1 1 1 1 1 1 1 0 0 0 0 0 0 0 0 0 0 0 0 0 0 0 0 0 0 0 0 0 0 0 0 0 0 0 0 0 0 0 0 0 0 0 0 0 0 0 0 0 0 0 0 0 0 0 0 0 0 0 0 0 0 0 0 0 0 0 0 0 0 0 0 0 0 0 0 0 0 0 0 0 0 0 0 0 0 0 0 0
I1103 01:57:30.918506 47881629111360 create_pretraining_data.py:161] input_mask: 1 1 1 1 1 1 1 1 1 1 1 1 1 1 1 1 1 1 1 1 1 1 1 1 1 1 1 1 1 1 1 1 1 1 1 1 1 1 1 1 1 1 1 1 1 1 1 0 0 0 0 0 0 0 0 0 0 0 0 0 0 0 0 0 0 0 0 0 0 0 0 0 0 0 0 0 0 0 0 0 0 0 0 0 0 0 0 0 0 0 0 0 0 0 0 0 0 0 0 0 0 0 0 0 0 0 0 0 0 0 0 0 0 0 0 0 0 0 0 0 0 0 0 0 0 0 0 0
INFO:tensorflow:segment_ids: 0 0 0 0 0 0 0 0 0 0 0 0 0 0 0 0 0 0 0 1 1 1 1 1 1 1 1 1 1 1 1 1 1 1 1 1 1 1 1 1 1 1 1 1 1 1 1 0 0 0 0 0 0 0 0 0 0 0 0 0 0 0 0 0 0 0 0 0 0 0 0 0 0 0 0 0 0 0 0 0 0 0 0 0 0 0 0 0 0 0 0 0 0 0 0 0 0 0 0 0 0 0 0 0 0 0 0 0 0 0 0 0 0 0 0 0 0 0 0 0 0 0 0 0 0 0 0 0
I1103 01:57:30.918670 47881629111360 create_pretraining_data.py:161] segment_ids: 0 0 0 0 0 0 0 0 0 0 0 0 0 0 0 0 0 0 0 1 1 1 1 1 1 1 1 1 1 1 1 1 1 1 1 1 1 1 1 1 1 1 1 1 1 1 1 0 0 0 0 0 0 0 0 0 0 0 0 0 0 0 0 0 0 0 0 0 0 0 0 0 0 0 0 0 0 0 0 0 0 0 0 0 0 0 0 0 0 0 0 0 0 0 0 0 0 0 0 0 0 0 0 0 0 0 0 0 0 0 0 0 0 0 0 0 0 0 0 0 0 0 0 0 0 0 0 0
INFO:tensorflow:masked_lm_positions: 13 15 16 17 20 21 35 0 0 0 0 0 0 0 0 0 0 0 0 0
I1103 01:57:30.918795 47881629111360 create_pretraining_data.py:161] masked_lm_positions: 13 15 16 17 20 21 35 0 0 0 0 0 0 0 0 0 0 0 0 0
INFO:tensorflow:masked_lm_ids: 11204 10156 1037 3792 4046 2418 11195 0 0 0 0 0 0 0 0 0 0 0 0 0
I1103 01:57:30.918917 47881629111360 create_pretraining_data.py:161] masked_lm_ids: 11204 10156 1037 3792 4046 2418 11195 0 0 0 0 0 0 0 0 0 0 0 0 0
INFO:tensorflow:masked_lm_weights: 1.0 1.0 1.0 1.0 1.0 1.0 1.0 0.0 0.0 0.0 0.0 0.0 0.0 0.0 0.0 0.0 0.0 0.0 0.0 0.0
I1103 01:57:30.919039 47881629111360 create_pretraining_data.py:161] masked_lm_weights: 1.0 1.0 1.0 1.0 1.0 1.0 1.0 0.0 0.0 0.0 0.0 0.0 0.0 0.0 0.0 0.0 0.0 0.0 0.0 0.0
INFO:tensorflow:next_sentence_labels: 1
I1103 01:57:30.919161 47881629111360 create_pretraining_data.py:161] next_sentence_labels: 1
INFO:tensorflow:*** Example ***
I1103 01:57:30.919782 47881629111360 create_pretraining_data.py:149] *** Example ***
INFO:tensorflow:tokens: [CLS] مازال اتباع النظام الايراني [MASK] [MASK] في العراق يسر ##بون صورا لض ##باط عراقي ##ين في حاله اذ ##لال ومه ##انه وتد ##ليك للا ##يراني ##ين [SEP] [MASK] ارض الكن ##انه عظيمه الخيرات ولان ##هم درس ##وات ##اريخ الفراع ##نه وكيف بالش ##ام [MASK] مصر نه [MASK] صلاح الدين يحارب ##ون تسع ##ون مليون منا ##ضل في لق ##مه [MASK] [MASK] [MASK] [MASK] [SEP]
I1103 01:57:30.919946 47881629111360 create_pretraining_data.py:151] tokens: [CLS] مازال اتباع النظام الايراني [MASK] [MASK] في العراق يسر ##بون صورا لض ##باط عراقي ##ين في حاله اذ ##لال ومه ##انه وتد ##ليك للا ##يراني ##ين [SEP] [MASK] ارض الكن ##انه عظيمه الخيرات ولان ##هم درس ##وات ##اريخ الفراع ##نه وكيف بالش ##ام [MASK] مصر نه [MASK] صلاح الدين يحارب ##ون تسع ##ون مليون منا ##ضل في لق ##مه [MASK] [MASK] [MASK] [MASK] [SEP]
INFO:tensorflow:input_ids: 2 11942 11961 3618 5878 4 4 1912 2906 8061 10749 19897 7153 3506 10175 1911 1912 7025 4974 2046 13786 3336 5495 4420 2383 4198 1911 3 4 5075 10641 3336 13523 19874 16323 1949 9411 2174 2436 27539 2110 6316 4349 1921 4 2559 4799 4 4454 2825 18732 1922 13179 1922 3193 3501 6551 1912 2794 2152 4 4 4 4 3 0 0 0 0 0 0 0 0 0 0 0 0 0 0 0 0 0 0 0 0 0 0 0 0 0 0 0 0 0 0 0 0 0 0 0 0 0 0 0 0 0 0 0 0 0 0 0 0 0 0 0 0 0 0 0 0 0 0 0 0 0 0 0
I1103 01:57:30.920132 47881629111360 create_pretraining_data.py:161] input_ids: 2 11942 11961 3618 5878 4 4 1912 2906 8061 10749 19897 7153 3506 10175 1911 1912 7025 4974 2046 13786 3336 5495 4420 2383 4198 1911 3 4 5075 10641 3336 13523 19874 16323 1949 9411 2174 2436 27539 2110 6316 4349 1921 4 2559 4799 4 4454 2825 18732 1922 13179 1922 3193 3501 6551 1912 2794 2152 4 4 4 4 3 0 0 0 0 0 0 0 0 0 0 0 0 0 0 0 0 0 0 0 0 0 0 0 0 0 0 0 0 0 0 0 0 0 0 0 0 0 0 0 0 0 0 0 0 0 0 0 0 0 0 0 0 0 0 0 0 0 0 0 0 0 0 0
INFO:tensorflow:input_mask: 1 1 1 1 1 1 1 1 1 1 1 1 1 1 1 1 1 1 1 1 1 1 1 1 1 1 1 1 1 1 1 1 1 1 1 1 1 1 1 1 1 1 1 1 1 1 1 1 1 1 1 1 1 1 1 1 1 1 1 1 1 1 1 1 1 0 0 0 0 0 0 0 0 0 0 0 0 0 0 0 0 0 0 0 0 0 0 0 0 0 0 0 0 0 0 0 0 0 0 0 0 0 0 0 0 0 0 0 0 0 0 0 0 0 0 0 0 0 0 0 0 0 0 0 0 0 0 0
I1103 01:57:30.920317 47881629111360 create_pretraining_data.py:161] input_mask: 1 1 1 1 1 1 1 1 1 1 1 1 1 1 1 1 1 1 1 1 1 1 1 1 1 1 1 1 1 1 1 1 1 1 1 1 1 1 1 1 1 1 1 1 1 1 1 1 1 1 1 1 1 1 1 1 1 1 1 1 1 1 1 1 1 0 0 0 0 0 0 0 0 0 0 0 0 0 0 0 0 0 0 0 0 0 0 0 0 0 0 0 0 0 0 0 0 0 0 0 0 0 0 0 0 0 0 0 0 0 0 0 0 0 0 0 0 0 0 0 0 0 0 0 0 0 0 0
INFO:tensorflow:segment_ids: 0 0 0 0 0 0 0 0 0 0 0 0 0 0 0 0 0 0 0 0 0 0 0 0 0 0 0 0 1 1 1 1 1 1 1 1 1 1 1 1 1 1 1 1 1 1 1 1 1 1 1 1 1 1 1 1 1 1 1 1 1 1 1 1 1 0 0 0 0 0 0 0 0 0 0 0 0 0 0 0 0 0 0 0 0 0 0 0 0 0 0 0 0 0 0 0 0 0 0 0 0 0 0 0 0 0 0 0 0 0 0 0 0 0 0 0 0 0 0 0 0 0 0 0 0 0 0 0
I1103 01:57:30.920477 47881629111360 create_pretraining_data.py:161] segment_ids: 0 0 0 0 0 0 0 0 0 0 0 0 0 0 0 0 0 0 0 0 0 0 0 0 0 0 0 0 1 1 1 1 1 1 1 1 1 1 1 1 1 1 1 1 1 1 1 1 1 1 1 1 1 1 1 1 1 1 1 1 1 1 1 1 1 0 0 0 0 0 0 0 0 0 0 0 0 0 0 0 0 0 0 0 0 0 0 0 0 0 0 0 0 0 0 0 0 0 0 0 0 0 0 0 0 0 0 0 0 0 0 0 0 0 0 0 0 0 0 0 0 0 0 0 0 0 0 0
INFO:tensorflow:masked_lm_positions: 5 6 28 44 46 47 60 61 62 63 0 0 0 0 0 0 0 0 0 0
I1103 01:57:30.920600 47881629111360 create_pretraining_data.py:161] masked_lm_positions: 5 6 28 44 46 47 60 61 62 63 0 0 0 0 0 0 0 0 0 0
INFO:tensorflow:masked_lm_ids: 1908 10516 2551 21139 4799 1027 7579 1028 29151 1028 0 0 0 0 0 0 0 0 0 0
I1103 01:57:30.920721 47881629111360 create_pretraining_data.py:161] masked_lm_ids: 1908 10516 2551 21139 4799 1027 7579 1028 29151 1028 0 0 0 0 0 0 0 0 0 0
INFO:tensorflow:masked_lm_weights: 1.0 1.0 1.0 1.0 1.0 1.0 1.0 1.0 1.0 1.0 0.0 0.0 0.0 0.0 0.0 0.0 0.0 0.0 0.0 0.0
I1103 01:57:30.920844 47881629111360 create_pretraining_data.py:161] masked_lm_weights: 1.0 1.0 1.0 1.0 1.0 1.0 1.0 1.0 1.0 1.0 0.0 0.0 0.0 0.0 0.0 0.0 0.0 0.0 0.0 0.0
INFO:tensorflow:next_sentence_labels: 1
I1103 01:57:30.920958 47881629111360 create_pretraining_data.py:161] next_sentence_labels: 1
INFO:tensorflow:*** Example ***
I1103 01:57:30.921572 47881629111360 create_pretraining_data.py:149] *** Example ***
INFO:tensorflow:tokens: [CLS] هذا هو هدفه ##م مسح اي تسا ##مح بين الاد ##يان والم ##ذاهب [SEP] 1948 حق طيز ##ي [MASK] ديوث ##ين [SEP]
I1103 01:57:30.921723 47881629111360 create_pretraining_data.py:151] tokens: [CLS] هذا هو هدفه ##م مسح اي تسا ##مح بين الاد ##يان والم ##ذاهب [SEP] 1948 حق طيز ##ي [MASK] ديوث ##ين [SEP]
INFO:tensorflow:input_ids: 2 2085 2139 21541 1015 13682 2218 6580 10079 2117 3344 2542 2119 26006 3 24413 2576 14816 1013 4 14885 1911 3 0 0 0 0 0 0 0 0 0 0 0 0 0 0 0 0 0 0 0 0 0 0 0 0 0 0 0 0 0 0 0 0 0 0 0 0 0 0 0 0 0 0 0 0 0 0 0 0 0 0 0 0 0 0 0 0 0 0 0 0 0 0 0 0 0 0 0 0 0 0 0 0 0 0 0 0 0 0 0 0 0 0 0 0 0 0 0 0 0 0 0 0 0 0 0 0 0 0 0 0 0 0 0 0 0
I1103 01:57:30.921896 47881629111360 create_pretraining_data.py:161] input_ids: 2 2085 2139 21541 1015 13682 2218 6580 10079 2117 3344 2542 2119 26006 3 24413 2576 14816 1013 4 14885 1911 3 0 0 0 0 0 0 0 0 0 0 0 0 0 0 0 0 0 0 0 0 0 0 0 0 0 0 0 0 0 0 0 0 0 0 0 0 0 0 0 0 0 0 0 0 0 0 0 0 0 0 0 0 0 0 0 0 0 0 0 0 0 0 0 0 0 0 0 0 0 0 0 0 0 0 0 0 0 0 0 0 0 0 0 0 0 0 0 0 0 0 0 0 0 0 0 0 0 0 0 0 0 0 0 0 0
INFO:tensorflow:input_mask: 1 1 1 1 1 1 1 1 1 1 1 1 1 1 1 1 1 1 1 1 1 1 1 0 0 0 0 0 0 0 0 0 0 0 0 0 0 0 0 0 0 0 0 0 0 0 0 0 0 0 0 0 0 0 0 0 0 0 0 0 0 0 0 0 0 0 0 0 0 0 0 0 0 0 0 0 0 0 0 0 0 0 0 0 0 0 0 0 0 0 0 0 0 0 0 0 0 0 0 0 0 0 0 0 0 0 0 0 0 0 0 0 0 0 0 0 0 0 0 0 0 0 0 0 0 0 0 0
I1103 01:57:30.922074 47881629111360 create_pretraining_data.py:161] input_mask: 1 1 1 1 1 1 1 1 1 1 1 1 1 1 1 1 1 1 1 1 1 1 1 0 0 0 0 0 0 0 0 0 0 0 0 0 0 0 0 0 0 0 0 0 0 0 0 0 0 0 0 0 0 0 0 0 0 0 0 0 0 0 0 0 0 0 0 0 0 0 0 0 0 0 0 0 0 0 0 0 0 0 0 0 0 0 0 0 0 0 0 0 0 0 0 0 0 0 0 0 0 0 0 0 0 0 0 0 0 0 0 0 0 0 0 0 0 0 0 0 0 0 0 0 0 0 0 0
INFO:tensorflow:segment_ids: 0 0 0 0 0 0 0 0 0 0 0 0 0 0 0 1 1 1 1 1 1 1 1 0 0 0 0 0 0 0 0 0 0 0 0 0 0 0 0 0 0 0 0 0 0 0 0 0 0 0 0 0 0 0 0 0 0 0 0 0 0 0 0 0 0 0 0 0 0 0 0 0 0 0 0 0 0 0 0 0 0 0 0 0 0 0 0 0 0 0 0 0 0 0 0 0 0 0 0 0 0 0 0 0 0 0 0 0 0 0 0 0 0 0 0 0 0 0 0 0 0 0 0 0 0 0 0 0
I1103 01:57:30.922244 47881629111360 create_pretraining_data.py:161] segment_ids: 0 0 0 0 0 0 0 0 0 0 0 0 0 0 0 1 1 1 1 1 1 1 1 0 0 0 0 0 0 0 0 0 0 0 0 0 0 0 0 0 0 0 0 0 0 0 0 0 0 0 0 0 0 0 0 0 0 0 0 0 0 0 0 0 0 0 0 0 0 0 0 0 0 0 0 0 0 0 0 0 0 0 0 0 0 0 0 0 0 0 0 0 0 0 0 0 0 0 0 0 0 0 0 0 0 0 0 0 0 0 0 0 0 0 0 0 0 0 0 0 0 0 0 0 0 0 0 0
INFO:tensorflow:masked_lm_positions: 5 15 19 0 0 0 0 0 0 0 0 0 0 0 0 0 0 0 0 0
I1103 01:57:30.922368 47881629111360 create_pretraining_data.py:161] masked_lm_positions: 5 15 19 0 0 0 0 0 0 0 0 0 0 0 0 0 0 0 0 0
INFO:tensorflow:masked_lm_ids: 13682 3425 2104 0 0 0 0 0 0 0 0 0 0 0 0 0 0 0 0 0
I1103 01:57:30.922489 47881629111360 create_pretraining_data.py:161] masked_lm_ids: 13682 3425 2104 0 0 0 0 0 0 0 0 0 0 0 0 0 0 0 0 0
INFO:tensorflow:masked_lm_weights: 1.0 1.0 1.0 0.0 0.0 0.0 0.0 0.0 0.0 0.0 0.0 0.0 0.0 0.0 0.0 0.0 0.0 0.0 0.0 0.0
I1103 01:57:30.922612 47881629111360 create_pretraining_data.py:161] masked_lm_weights: 1.0 1.0 1.0 0.0 0.0 0.0 0.0 0.0 0.0 0.0 0.0 0.0 0.0 0.0 0.0 0.0 0.0 0.0 0.0 0.0
INFO:tensorflow:next_sentence_labels: 1
I1103 01:57:30.922727 47881629111360 create_pretraining_data.py:161] next_sentence_labels: 1
INFO:tensorflow:*** Example ***
I1103 01:57:30.923354 47881629111360 create_pretraining_data.py:149] *** Example ***
INFO:tensorflow:tokens: [CLS] الله خلق لي قلب واحد [MASK] [MASK] [SEP] جمهور [MASK] المخلص سيكون يدا واحده خلف الفريق ضد الوطني باذن الله للمش ##جع المخلص [MASK] [MASK] مميزه وهي الحضور والمؤ ##ازر ##ه مهما كانت رؤيته وقنا ##عته [SEP]
I1103 01:57:30.923508 47881629111360 create_pretraining_data.py:151] tokens: [CLS] الله خلق لي قلب واحد [MASK] [MASK] [SEP] جمهور [MASK] المخلص سيكون يدا واحده خلف الفريق ضد الوطني باذن الله للمش ##جع المخلص [MASK] [MASK] مميزه وهي الحضور والمؤ ##ازر ##ه مهما كانت رؤيته وقنا ##عته [SEP]
INFO:tensorflow:input_ids: 2 1953 3222 2134 2362 2563 4 4 3 4642 4 18201 4557 17492 5861 3479 3671 3051 3270 4292 1953 8344 3464 18201 4 4 11760 2843 9247 7305 19917 1028 3864 2431 25262 14530 26415 3 0 0 0 0 0 0 0 0 0 0 0 0 0 0 0 0 0 0 0 0 0 0 0 0 0 0 0 0 0 0 0 0 0 0 0 0 0 0 0 0 0 0 0 0 0 0 0 0 0 0 0 0 0 0 0 0 0 0 0 0 0 0 0 0 0 0 0 0 0 0 0 0 0 0 0 0 0 0 0 0 0 0 0 0 0 0 0 0 0 0
I1103 01:57:30.923685 47881629111360 create_pretraining_data.py:161] input_ids: 2 1953 3222 2134 2362 2563 4 4 3 4642 4 18201 4557 17492 5861 3479 3671 3051 3270 4292 1953 8344 3464 18201 4 4 11760 2843 9247 7305 19917 1028 3864 2431 25262 14530 26415 3 0 0 0 0 0 0 0 0 0 0 0 0 0 0 0 0 0 0 0 0 0 0 0 0 0 0 0 0 0 0 0 0 0 0 0 0 0 0 0 0 0 0 0 0 0 0 0 0 0 0 0 0 0 0 0 0 0 0 0 0 0 0 0 0 0 0 0 0 0 0 0 0 0 0 0 0 0 0 0 0 0 0 0 0 0 0 0 0 0 0
INFO:tensorflow:input_mask: 1 1 1 1 1 1 1 1 1 1 1 1 1 1 1 1 1 1 1 1 1 1 1 1 1 1 1 1 1 1 1 1 1 1 1 1 1 1 0 0 0 0 0 0 0 0 0 0 0 0 0 0 0 0 0 0 0 0 0 0 0 0 0 0 0 0 0 0 0 0 0 0 0 0 0 0 0 0 0 0 0 0 0 0 0 0 0 0 0 0 0 0 0 0 0 0 0 0 0 0 0 0 0 0 0 0 0 0 0 0 0 0 0 0 0 0 0 0 0 0 0 0 0 0 0 0 0 0
I1103 01:57:30.923855 47881629111360 create_pretraining_data.py:161] input_mask: 1 1 1 1 1 1 1 1 1 1 1 1 1 1 1 1 1 1 1 1 1 1 1 1 1 1 1 1 1 1 1 1 1 1 1 1 1 1 0 0 0 0 0 0 0 0 0 0 0 0 0 0 0 0 0 0 0 0 0 0 0 0 0 0 0 0 0 0 0 0 0 0 0 0 0 0 0 0 0 0 0 0 0 0 0 0 0 0 0 0 0 0 0 0 0 0 0 0 0 0 0 0 0 0 0 0 0 0 0 0 0 0 0 0 0 0 0 0 0 0 0 0 0 0 0 0 0 0
INFO:tensorflow:segment_ids: 0 0 0 0 0 0 0 0 0 1 1 1 1 1 1 1 1 1 1 1 1 1 1 1 1 1 1 1 1 1 1 1 1 1 1 1 1 1 0 0 0 0 0 0 0 0 0 0 0 0 0 0 0 0 0 0 0 0 0 0 0 0 0 0 0 0 0 0 0 0 0 0 0 0 0 0 0 0 0 0 0 0 0 0 0 0 0 0 0 0 0 0 0 0 0 0 0 0 0 0 0 0 0 0 0 0 0 0 0 0 0 0 0 0 0 0 0 0 0 0 0 0 0 0 0 0 0 0
I1103 01:57:30.924037 47881629111360 create_pretraining_data.py:161] segment_ids: 0 0 0 0 0 0 0 0 0 1 1 1 1 1 1 1 1 1 1 1 1 1 1 1 1 1 1 1 1 1 1 1 1 1 1 1 1 1 0 0 0 0 0 0 0 0 0 0 0 0 0 0 0 0 0 0 0 0 0 0 0 0 0 0 0 0 0 0 0 0 0 0 0 0 0 0 0 0 0 0 0 0 0 0 0 0 0 0 0 0 0 0 0 0 0 0 0 0 0 0 0 0 0 0 0 0 0 0 0 0 0 0 0 0 0 0 0 0 0 0 0 0 0 0 0 0 0 0
INFO:tensorflow:masked_lm_positions: 6 7 10 24 25 32 0 0 0 0 0 0 0 0 0 0 0 0 0 0
I1103 01:57:30.924181 47881629111360 create_pretraining_data.py:161] masked_lm_positions: 6 7 10 24 25 32 0 0 0 0 0 0 0 0 0 0 0 0 0 0
INFO:tensorflow:masked_lm_ids: 16462 2076 5630 3624 1917 3864 0 0 0 0 0 0 0 0 0 0 0 0 0 0
I1103 01:57:30.924304 47881629111360 create_pretraining_data.py:161] masked_lm_ids: 16462 2076 5630 3624 1917 3864 0 0 0 0 0 0 0 0 0 0 0 0 0 0
INFO:tensorflow:masked_lm_weights: 1.0 1.0 1.0 1.0 1.0 1.0 0.0 0.0 0.0 0.0 0.0 0.0 0.0 0.0 0.0 0.0 0.0 0.0 0.0 0.0
I1103 01:57:30.924427 47881629111360 create_pretraining_data.py:161] masked_lm_weights: 1.0 1.0 1.0 1.0 1.0 1.0 0.0 0.0 0.0 0.0 0.0 0.0 0.0 0.0 0.0 0.0 0.0 0.0 0.0 0.0
INFO:tensorflow:next_sentence_labels: 1
I1103 01:57:30.924541 47881629111360 create_pretraining_data.py:161] next_sentence_labels: 1
INFO:tensorflow:Wrote 9999430 total instances
I1103 03:02:45.871824 47881629111360 create_pretraining_data.py:166] Wrote 9999430 total instances
