Loading module 'all'
WARNING:tensorflow:From ../bert/create_pretraining_data.py:469: The name tf.app.run is deprecated. Please use tf.compat.v1.app.run instead.

WARNING:tensorflow:From ../bert/create_pretraining_data.py:437: The name tf.logging.set_verbosity is deprecated. Please use tf.compat.v1.logging.set_verbosity instead.

W1103 11:35:58.436737 47562419557440 module_wrapper.py:139] From ../bert/create_pretraining_data.py:437: The name tf.logging.set_verbosity is deprecated. Please use tf.compat.v1.logging.set_verbosity instead.

WARNING:tensorflow:From ../bert/create_pretraining_data.py:437: The name tf.logging.INFO is deprecated. Please use tf.compat.v1.logging.INFO instead.

W1103 11:35:58.437015 47562419557440 module_wrapper.py:139] From ../bert/create_pretraining_data.py:437: The name tf.logging.INFO is deprecated. Please use tf.compat.v1.logging.INFO instead.

WARNING:tensorflow:From /scratch/gi372/CAMeLBERT/bert/tokenization.py:125: The name tf.gfile.GFile is deprecated. Please use tf.io.gfile.GFile instead.

W1103 11:35:58.437269 47562419557440 module_wrapper.py:139] From /scratch/gi372/CAMeLBERT/bert/tokenization.py:125: The name tf.gfile.GFile is deprecated. Please use tf.io.gfile.GFile instead.

WARNING:tensorflow:From ../bert/create_pretraining_data.py:444: The name tf.gfile.Glob is deprecated. Please use tf.io.gfile.glob instead.

W1103 11:35:58.562008 47562419557440 module_wrapper.py:139] From ../bert/create_pretraining_data.py:444: The name tf.gfile.Glob is deprecated. Please use tf.io.gfile.glob instead.

WARNING:tensorflow:From ../bert/create_pretraining_data.py:446: The name tf.logging.info is deprecated. Please use tf.compat.v1.logging.info instead.

W1103 11:35:58.581741 47562419557440 module_wrapper.py:139] From ../bert/create_pretraining_data.py:446: The name tf.logging.info is deprecated. Please use tf.compat.v1.logging.info instead.

INFO:tensorflow:*** Reading from input files ***
I1103 11:35:58.582081 47562419557440 create_pretraining_data.py:446] *** Reading from input files ***
INFO:tensorflow:  ../corpora/shards/DA-ali2019-500m-tweet.bw.ar.lines.shard.288.normalized.sents
I1103 11:35:58.582310 47562419557440 create_pretraining_data.py:448]   ../corpora/shards/DA-ali2019-500m-tweet.bw.ar.lines.shard.288.normalized.sents
INFO:tensorflow:*** Writing to output files ***
I1103 12:17:07.485199 47562419557440 create_pretraining_data.py:457] *** Writing to output files ***
INFO:tensorflow:  ../corpora/tfrecord_wp-30k_msl-128/DA-ali2019-500m-tweet.bw.ar.lines.shard.288.tf_record
I1103 12:17:07.495133 47562419557440 create_pretraining_data.py:459]   ../corpora/tfrecord_wp-30k_msl-128/DA-ali2019-500m-tweet.bw.ar.lines.shard.288.tf_record
WARNING:tensorflow:From ../bert/create_pretraining_data.py:101: The name tf.python_io.TFRecordWriter is deprecated. Please use tf.io.TFRecordWriter instead.

W1103 12:17:07.495460 47562419557440 module_wrapper.py:139] From ../bert/create_pretraining_data.py:101: The name tf.python_io.TFRecordWriter is deprecated. Please use tf.io.TFRecordWriter instead.

INFO:tensorflow:*** Example ***
I1103 12:17:07.497774 47562419557440 create_pretraining_data.py:149] *** Example ***
INFO:tensorflow:tokens: [CLS] يقولون طف ##ش ملل والله يقول [MASK] بذكر [MASK] تطمئن القلوب [SEP] يقول ابن [MASK] رحمه الله [MASK] [MASK] رجلا وقف امام جبل وعز ##م علي از ##الته لازال ##ه [SEP]
I1103 12:17:07.498053 47562419557440 create_pretraining_data.py:151] tokens: [CLS] يقولون طف ##ش ملل والله يقول [MASK] بذكر [MASK] تطمئن القلوب [SEP] يقول ابن [MASK] رحمه الله [MASK] [MASK] رجلا وقف امام جبل وعز ##م علي از ##الته لازال ##ه [SEP]
INFO:tensorflow:input_ids: 2 6546 5578 1034 23832 2706 2722 4 6609 4 20605 4408 3 2722 2549 4 3849 1953 4 4 8787 5127 3558 7141 12737 1015 1958 3780 13072 24234 1028 3 0 0 0 0 0 0 0 0 0 0 0 0 0 0 0 0 0 0 0 0 0 0 0 0 0 0 0 0 0 0 0 0 0 0 0 0 0 0 0 0 0 0 0 0 0 0 0 0 0 0 0 0 0 0 0 0 0 0 0 0 0 0 0 0 0 0 0 0 0 0 0 0 0 0 0 0 0 0 0 0 0 0 0 0 0 0 0 0 0 0 0 0 0 0 0 0
I1103 12:17:07.498361 47562419557440 create_pretraining_data.py:161] input_ids: 2 6546 5578 1034 23832 2706 2722 4 6609 4 20605 4408 3 2722 2549 4 3849 1953 4 4 8787 5127 3558 7141 12737 1015 1958 3780 13072 24234 1028 3 0 0 0 0 0 0 0 0 0 0 0 0 0 0 0 0 0 0 0 0 0 0 0 0 0 0 0 0 0 0 0 0 0 0 0 0 0 0 0 0 0 0 0 0 0 0 0 0 0 0 0 0 0 0 0 0 0 0 0 0 0 0 0 0 0 0 0 0 0 0 0 0 0 0 0 0 0 0 0 0 0 0 0 0 0 0 0 0 0 0 0 0 0 0 0 0
INFO:tensorflow:input_mask: 1 1 1 1 1 1 1 1 1 1 1 1 1 1 1 1 1 1 1 1 1 1 1 1 1 1 1 1 1 1 1 1 0 0 0 0 0 0 0 0 0 0 0 0 0 0 0 0 0 0 0 0 0 0 0 0 0 0 0 0 0 0 0 0 0 0 0 0 0 0 0 0 0 0 0 0 0 0 0 0 0 0 0 0 0 0 0 0 0 0 0 0 0 0 0 0 0 0 0 0 0 0 0 0 0 0 0 0 0 0 0 0 0 0 0 0 0 0 0 0 0 0 0 0 0 0 0 0
I1103 12:17:07.498643 47562419557440 create_pretraining_data.py:161] input_mask: 1 1 1 1 1 1 1 1 1 1 1 1 1 1 1 1 1 1 1 1 1 1 1 1 1 1 1 1 1 1 1 1 0 0 0 0 0 0 0 0 0 0 0 0 0 0 0 0 0 0 0 0 0 0 0 0 0 0 0 0 0 0 0 0 0 0 0 0 0 0 0 0 0 0 0 0 0 0 0 0 0 0 0 0 0 0 0 0 0 0 0 0 0 0 0 0 0 0 0 0 0 0 0 0 0 0 0 0 0 0 0 0 0 0 0 0 0 0 0 0 0 0 0 0 0 0 0 0
INFO:tensorflow:segment_ids: 0 0 0 0 0 0 0 0 0 0 0 0 0 1 1 1 1 1 1 1 1 1 1 1 1 1 1 1 1 1 1 1 0 0 0 0 0 0 0 0 0 0 0 0 0 0 0 0 0 0 0 0 0 0 0 0 0 0 0 0 0 0 0 0 0 0 0 0 0 0 0 0 0 0 0 0 0 0 0 0 0 0 0 0 0 0 0 0 0 0 0 0 0 0 0 0 0 0 0 0 0 0 0 0 0 0 0 0 0 0 0 0 0 0 0 0 0 0 0 0 0 0 0 0 0 0 0 0
I1103 12:17:07.498889 47562419557440 create_pretraining_data.py:161] segment_ids: 0 0 0 0 0 0 0 0 0 0 0 0 0 1 1 1 1 1 1 1 1 1 1 1 1 1 1 1 1 1 1 1 0 0 0 0 0 0 0 0 0 0 0 0 0 0 0 0 0 0 0 0 0 0 0 0 0 0 0 0 0 0 0 0 0 0 0 0 0 0 0 0 0 0 0 0 0 0 0 0 0 0 0 0 0 0 0 0 0 0 0 0 0 0 0 0 0 0 0 0 0 0 0 0 0 0 0 0 0 0 0 0 0 0 0 0 0 0 0 0 0 0 0 0 0 0 0 0
INFO:tensorflow:masked_lm_positions: 7 9 15 18 19 0 0 0 0 0 0 0 0 0 0 0 0 0 0 0
I1103 12:17:07.499085 47562419557440 create_pretraining_data.py:161] masked_lm_positions: 7 9 15 18 19 0 0 0 0 0 0 0 0 0 0 0 0 0 0 0
INFO:tensorflow:masked_lm_ids: 1915 1953 7085 2244 1939 0 0 0 0 0 0 0 0 0 0 0 0 0 0 0
I1103 12:17:07.499263 47562419557440 create_pretraining_data.py:161] masked_lm_ids: 1915 1953 7085 2244 1939 0 0 0 0 0 0 0 0 0 0 0 0 0 0 0
INFO:tensorflow:masked_lm_weights: 1.0 1.0 1.0 1.0 1.0 0.0 0.0 0.0 0.0 0.0 0.0 0.0 0.0 0.0 0.0 0.0 0.0 0.0 0.0 0.0
I1103 12:17:07.499454 47562419557440 create_pretraining_data.py:161] masked_lm_weights: 1.0 1.0 1.0 1.0 1.0 0.0 0.0 0.0 0.0 0.0 0.0 0.0 0.0 0.0 0.0 0.0 0.0 0.0 0.0 0.0
INFO:tensorflow:next_sentence_labels: 1
I1103 12:17:07.499621 47562419557440 create_pretraining_data.py:161] next_sentence_labels: 1
INFO:tensorflow:*** Example ***
I1103 12:17:07.500374 47562419557440 create_pretraining_data.py:149] *** Example ***
INFO:tensorflow:tokens: [CLS] هدا ##ه خد ##اه [SEP] [MASK] والاح ##لام والغ ##الين اشياء [MASK] ترجع [MASK] راحت [SEP]
I1103 12:17:07.500589 47562419557440 create_pretraining_data.py:151] tokens: [CLS] هدا ##ه خد ##اه [SEP] [MASK] والاح ##لام والغ ##الين اشياء [MASK] ترجع [MASK] راحت [SEP]
INFO:tensorflow:input_ids: 2 8316 1028 9197 2030 3 4 9897 2025 4500 12779 6164 4 9415 4 12841 3 0 0 0 0 0 0 0 0 0 0 0 0 0 0 0 0 0 0 0 0 0 0 0 0 0 0 0 0 0 0 0 0 0 0 0 0 0 0 0 0 0 0 0 0 0 0 0 0 0 0 0 0 0 0 0 0 0 0 0 0 0 0 0 0 0 0 0 0 0 0 0 0 0 0 0 0 0 0 0 0 0 0 0 0 0 0 0 0 0 0 0 0 0 0 0 0 0 0 0 0 0 0 0 0 0 0 0 0 0 0 0
I1103 12:17:07.500845 47562419557440 create_pretraining_data.py:161] input_ids: 2 8316 1028 9197 2030 3 4 9897 2025 4500 12779 6164 4 9415 4 12841 3 0 0 0 0 0 0 0 0 0 0 0 0 0 0 0 0 0 0 0 0 0 0 0 0 0 0 0 0 0 0 0 0 0 0 0 0 0 0 0 0 0 0 0 0 0 0 0 0 0 0 0 0 0 0 0 0 0 0 0 0 0 0 0 0 0 0 0 0 0 0 0 0 0 0 0 0 0 0 0 0 0 0 0 0 0 0 0 0 0 0 0 0 0 0 0 0 0 0 0 0 0 0 0 0 0 0 0 0 0 0 0
INFO:tensorflow:input_mask: 1 1 1 1 1 1 1 1 1 1 1 1 1 1 1 1 1 0 0 0 0 0 0 0 0 0 0 0 0 0 0 0 0 0 0 0 0 0 0 0 0 0 0 0 0 0 0 0 0 0 0 0 0 0 0 0 0 0 0 0 0 0 0 0 0 0 0 0 0 0 0 0 0 0 0 0 0 0 0 0 0 0 0 0 0 0 0 0 0 0 0 0 0 0 0 0 0 0 0 0 0 0 0 0 0 0 0 0 0 0 0 0 0 0 0 0 0 0 0 0 0 0 0 0 0 0 0 0
I1103 12:17:07.501101 47562419557440 create_pretraining_data.py:161] input_mask: 1 1 1 1 1 1 1 1 1 1 1 1 1 1 1 1 1 0 0 0 0 0 0 0 0 0 0 0 0 0 0 0 0 0 0 0 0 0 0 0 0 0 0 0 0 0 0 0 0 0 0 0 0 0 0 0 0 0 0 0 0 0 0 0 0 0 0 0 0 0 0 0 0 0 0 0 0 0 0 0 0 0 0 0 0 0 0 0 0 0 0 0 0 0 0 0 0 0 0 0 0 0 0 0 0 0 0 0 0 0 0 0 0 0 0 0 0 0 0 0 0 0 0 0 0 0 0 0
INFO:tensorflow:segment_ids: 0 0 0 0 0 0 1 1 1 1 1 1 1 1 1 1 1 0 0 0 0 0 0 0 0 0 0 0 0 0 0 0 0 0 0 0 0 0 0 0 0 0 0 0 0 0 0 0 0 0 0 0 0 0 0 0 0 0 0 0 0 0 0 0 0 0 0 0 0 0 0 0 0 0 0 0 0 0 0 0 0 0 0 0 0 0 0 0 0 0 0 0 0 0 0 0 0 0 0 0 0 0 0 0 0 0 0 0 0 0 0 0 0 0 0 0 0 0 0 0 0 0 0 0 0 0 0 0
I1103 12:17:07.501361 47562419557440 create_pretraining_data.py:161] segment_ids: 0 0 0 0 0 0 1 1 1 1 1 1 1 1 1 1 1 0 0 0 0 0 0 0 0 0 0 0 0 0 0 0 0 0 0 0 0 0 0 0 0 0 0 0 0 0 0 0 0 0 0 0 0 0 0 0 0 0 0 0 0 0 0 0 0 0 0 0 0 0 0 0 0 0 0 0 0 0 0 0 0 0 0 0 0 0 0 0 0 0 0 0 0 0 0 0 0 0 0 0 0 0 0 0 0 0 0 0 0 0 0 0 0 0 0 0 0 0 0 0 0 0 0 0 0 0 0 0
INFO:tensorflow:masked_lm_positions: 6 12 14 0 0 0 0 0 0 0 0 0 0 0 0 0 0 0 0 0
I1103 12:17:07.501549 47562419557440 create_pretraining_data.py:161] masked_lm_positions: 6 12 14 0 0 0 0 0 0 0 0 0 0 0 0 0 0 0 0 0
INFO:tensorflow:masked_lm_ids: 3867 1972 2387 0 0 0 0 0 0 0 0 0 0 0 0 0 0 0 0 0
I1103 12:17:07.501726 47562419557440 create_pretraining_data.py:161] masked_lm_ids: 3867 1972 2387 0 0 0 0 0 0 0 0 0 0 0 0 0 0 0 0 0
INFO:tensorflow:masked_lm_weights: 1.0 1.0 1.0 0.0 0.0 0.0 0.0 0.0 0.0 0.0 0.0 0.0 0.0 0.0 0.0 0.0 0.0 0.0 0.0 0.0
I1103 12:17:07.501905 47562419557440 create_pretraining_data.py:161] masked_lm_weights: 1.0 1.0 1.0 0.0 0.0 0.0 0.0 0.0 0.0 0.0 0.0 0.0 0.0 0.0 0.0 0.0 0.0 0.0 0.0 0.0
INFO:tensorflow:next_sentence_labels: 1
I1103 12:17:07.502079 47562419557440 create_pretraining_data.py:161] next_sentence_labels: 1
INFO:tensorflow:*** Example ***
I1103 12:17:07.502808 47562419557440 create_pretraining_data.py:149] *** Example ***
INFO:tensorflow:tokens: [CLS] شبكه [MASK] الملكي سلاما ##ت للاعلام ##ي القدير عبدالغني الشريف فالك [MASK] والسلام ##ه [MASK] [SEP] ياش ##باب نبي قص ##ايد ههه [SEP]
I1103 12:17:07.503040 47562419557440 create_pretraining_data.py:151] tokens: [CLS] شبكه [MASK] الملكي سلاما ##ت للاعلام ##ي القدير عبدالغني الشريف فالك [MASK] والسلام ##ه [MASK] [SEP] ياش ##باب نبي قص ##ايد ههه [SEP]
INFO:tensorflow:input_ids: 2 19868 4 5652 24538 1005 21148 1013 22590 29333 4080 16059 4 6735 1028 4 3 18155 2568 6368 2858 4719 3495 3 0 0 0 0 0 0 0 0 0 0 0 0 0 0 0 0 0 0 0 0 0 0 0 0 0 0 0 0 0 0 0 0 0 0 0 0 0 0 0 0 0 0 0 0 0 0 0 0 0 0 0 0 0 0 0 0 0 0 0 0 0 0 0 0 0 0 0 0 0 0 0 0 0 0 0 0 0 0 0 0 0 0 0 0 0 0 0 0 0 0 0 0 0 0 0 0 0 0 0 0 0 0 0 0
I1103 12:17:07.503300 47562419557440 create_pretraining_data.py:161] input_ids: 2 19868 4 5652 24538 1005 21148 1013 22590 29333 4080 16059 4 6735 1028 4 3 18155 2568 6368 2858 4719 3495 3 0 0 0 0 0 0 0 0 0 0 0 0 0 0 0 0 0 0 0 0 0 0 0 0 0 0 0 0 0 0 0 0 0 0 0 0 0 0 0 0 0 0 0 0 0 0 0 0 0 0 0 0 0 0 0 0 0 0 0 0 0 0 0 0 0 0 0 0 0 0 0 0 0 0 0 0 0 0 0 0 0 0 0 0 0 0 0 0 0 0 0 0 0 0 0 0 0 0 0 0 0 0 0 0
INFO:tensorflow:input_mask: 1 1 1 1 1 1 1 1 1 1 1 1 1 1 1 1 1 1 1 1 1 1 1 1 0 0 0 0 0 0 0 0 0 0 0 0 0 0 0 0 0 0 0 0 0 0 0 0 0 0 0 0 0 0 0 0 0 0 0 0 0 0 0 0 0 0 0 0 0 0 0 0 0 0 0 0 0 0 0 0 0 0 0 0 0 0 0 0 0 0 0 0 0 0 0 0 0 0 0 0 0 0 0 0 0 0 0 0 0 0 0 0 0 0 0 0 0 0 0 0 0 0 0 0 0 0 0 0
I1103 12:17:07.503545 47562419557440 create_pretraining_data.py:161] input_mask: 1 1 1 1 1 1 1 1 1 1 1 1 1 1 1 1 1 1 1 1 1 1 1 1 0 0 0 0 0 0 0 0 0 0 0 0 0 0 0 0 0 0 0 0 0 0 0 0 0 0 0 0 0 0 0 0 0 0 0 0 0 0 0 0 0 0 0 0 0 0 0 0 0 0 0 0 0 0 0 0 0 0 0 0 0 0 0 0 0 0 0 0 0 0 0 0 0 0 0 0 0 0 0 0 0 0 0 0 0 0 0 0 0 0 0 0 0 0 0 0 0 0 0 0 0 0 0 0
INFO:tensorflow:segment_ids: 0 0 0 0 0 0 0 0 0 0 0 0 0 0 0 0 0 1 1 1 1 1 1 1 0 0 0 0 0 0 0 0 0 0 0 0 0 0 0 0 0 0 0 0 0 0 0 0 0 0 0 0 0 0 0 0 0 0 0 0 0 0 0 0 0 0 0 0 0 0 0 0 0 0 0 0 0 0 0 0 0 0 0 0 0 0 0 0 0 0 0 0 0 0 0 0 0 0 0 0 0 0 0 0 0 0 0 0 0 0 0 0 0 0 0 0 0 0 0 0 0 0 0 0 0 0 0 0
I1103 12:17:07.503782 47562419557440 create_pretraining_data.py:161] segment_ids: 0 0 0 0 0 0 0 0 0 0 0 0 0 0 0 0 0 1 1 1 1 1 1 1 0 0 0 0 0 0 0 0 0 0 0 0 0 0 0 0 0 0 0 0 0 0 0 0 0 0 0 0 0 0 0 0 0 0 0 0 0 0 0 0 0 0 0 0 0 0 0 0 0 0 0 0 0 0 0 0 0 0 0 0 0 0 0 0 0 0 0 0 0 0 0 0 0 0 0 0 0 0 0 0 0 0 0 0 0 0 0 0 0 0 0 0 0 0 0 0 0 0 0 0 0 0 0 0
INFO:tensorflow:masked_lm_positions: 2 8 12 15 0 0 0 0 0 0 0 0 0 0 0 0 0 0 0 0
I1103 12:17:07.504006 47562419557440 create_pretraining_data.py:161] masked_lm_positions: 2 8 12 15 0 0 0 0 0 0 0 0 0 0 0 0 0 0 0 0
INFO:tensorflow:masked_lm_ids: 4642 22590 8808 3105 0 0 0 0 0 0 0 0 0 0 0 0 0 0 0 0
I1103 12:17:07.504137 47562419557440 create_pretraining_data.py:161] masked_lm_ids: 4642 22590 8808 3105 0 0 0 0 0 0 0 0 0 0 0 0 0 0 0 0
INFO:tensorflow:masked_lm_weights: 1.0 1.0 1.0 1.0 0.0 0.0 0.0 0.0 0.0 0.0 0.0 0.0 0.0 0.0 0.0 0.0 0.0 0.0 0.0 0.0
I1103 12:17:07.504265 47562419557440 create_pretraining_data.py:161] masked_lm_weights: 1.0 1.0 1.0 1.0 0.0 0.0 0.0 0.0 0.0 0.0 0.0 0.0 0.0 0.0 0.0 0.0 0.0 0.0 0.0 0.0
INFO:tensorflow:next_sentence_labels: 1
I1103 12:17:07.504383 47562419557440 create_pretraining_data.py:161] next_sentence_labels: 1
INFO:tensorflow:*** Example ***
I1103 12:17:07.504872 47562419557440 create_pretraining_data.py:149] *** Example ***
INFO:tensorflow:tokens: [CLS] استغفر الله العظيم الذي لا اله الا [MASK] الحي [MASK] [MASK] اليه [SEP] والن ##عم بالله [SEP]
I1103 12:17:07.505026 47562419557440 create_pretraining_data.py:151] tokens: [CLS] استغفر الله العظيم الذي لا اله الا [MASK] الحي [MASK] [MASK] اليه [SEP] والن ##عم بالله [SEP]
INFO:tensorflow:input_ids: 2 2870 1953 3049 2130 1963 2090 1915 4 3593 4 4 3055 3 3006 2011 3351 3 0 0 0 0 0 0 0 0 0 0 0 0 0 0 0 0 0 0 0 0 0 0 0 0 0 0 0 0 0 0 0 0 0 0 0 0 0 0 0 0 0 0 0 0 0 0 0 0 0 0 0 0 0 0 0 0 0 0 0 0 0 0 0 0 0 0 0 0 0 0 0 0 0 0 0 0 0 0 0 0 0 0 0 0 0 0 0 0 0 0 0 0 0 0 0 0 0 0 0 0 0 0 0 0 0 0 0 0 0 0
I1103 12:17:07.505203 47562419557440 create_pretraining_data.py:161] input_ids: 2 2870 1953 3049 2130 1963 2090 1915 4 3593 4 4 3055 3 3006 2011 3351 3 0 0 0 0 0 0 0 0 0 0 0 0 0 0 0 0 0 0 0 0 0 0 0 0 0 0 0 0 0 0 0 0 0 0 0 0 0 0 0 0 0 0 0 0 0 0 0 0 0 0 0 0 0 0 0 0 0 0 0 0 0 0 0 0 0 0 0 0 0 0 0 0 0 0 0 0 0 0 0 0 0 0 0 0 0 0 0 0 0 0 0 0 0 0 0 0 0 0 0 0 0 0 0 0 0 0 0 0 0 0
INFO:tensorflow:input_mask: 1 1 1 1 1 1 1 1 1 1 1 1 1 1 1 1 1 1 0 0 0 0 0 0 0 0 0 0 0 0 0 0 0 0 0 0 0 0 0 0 0 0 0 0 0 0 0 0 0 0 0 0 0 0 0 0 0 0 0 0 0 0 0 0 0 0 0 0 0 0 0 0 0 0 0 0 0 0 0 0 0 0 0 0 0 0 0 0 0 0 0 0 0 0 0 0 0 0 0 0 0 0 0 0 0 0 0 0 0 0 0 0 0 0 0 0 0 0 0 0 0 0 0 0 0 0 0 0
I1103 12:17:07.505374 47562419557440 create_pretraining_data.py:161] input_mask: 1 1 1 1 1 1 1 1 1 1 1 1 1 1 1 1 1 1 0 0 0 0 0 0 0 0 0 0 0 0 0 0 0 0 0 0 0 0 0 0 0 0 0 0 0 0 0 0 0 0 0 0 0 0 0 0 0 0 0 0 0 0 0 0 0 0 0 0 0 0 0 0 0 0 0 0 0 0 0 0 0 0 0 0 0 0 0 0 0 0 0 0 0 0 0 0 0 0 0 0 0 0 0 0 0 0 0 0 0 0 0 0 0 0 0 0 0 0 0 0 0 0 0 0 0 0 0 0
INFO:tensorflow:segment_ids: 0 0 0 0 0 0 0 0 0 0 0 0 0 0 1 1 1 1 0 0 0 0 0 0 0 0 0 0 0 0 0 0 0 0 0 0 0 0 0 0 0 0 0 0 0 0 0 0 0 0 0 0 0 0 0 0 0 0 0 0 0 0 0 0 0 0 0 0 0 0 0 0 0 0 0 0 0 0 0 0 0 0 0 0 0 0 0 0 0 0 0 0 0 0 0 0 0 0 0 0 0 0 0 0 0 0 0 0 0 0 0 0 0 0 0 0 0 0 0 0 0 0 0 0 0 0 0 0
I1103 12:17:07.505537 47562419557440 create_pretraining_data.py:161] segment_ids: 0 0 0 0 0 0 0 0 0 0 0 0 0 0 1 1 1 1 0 0 0 0 0 0 0 0 0 0 0 0 0 0 0 0 0 0 0 0 0 0 0 0 0 0 0 0 0 0 0 0 0 0 0 0 0 0 0 0 0 0 0 0 0 0 0 0 0 0 0 0 0 0 0 0 0 0 0 0 0 0 0 0 0 0 0 0 0 0 0 0 0 0 0 0 0 0 0 0 0 0 0 0 0 0 0 0 0 0 0 0 0 0 0 0 0 0 0 0 0 0 0 0 0 0 0 0 0 0
INFO:tensorflow:masked_lm_positions: 8 10 11 0 0 0 0 0 0 0 0 0 0 0 0 0 0 0 0 0
I1103 12:17:07.505665 47562419557440 create_pretraining_data.py:161] masked_lm_positions: 8 10 11 0 0 0 0 0 0 0 0 0 0 0 0 0 0 0 0 0
INFO:tensorflow:masked_lm_ids: 2139 7840 3915 0 0 0 0 0 0 0 0 0 0 0 0 0 0 0 0 0
I1103 12:17:07.505787 47562419557440 create_pretraining_data.py:161] masked_lm_ids: 2139 7840 3915 0 0 0 0 0 0 0 0 0 0 0 0 0 0 0 0 0
INFO:tensorflow:masked_lm_weights: 1.0 1.0 1.0 0.0 0.0 0.0 0.0 0.0 0.0 0.0 0.0 0.0 0.0 0.0 0.0 0.0 0.0 0.0 0.0 0.0
I1103 12:17:07.505916 47562419557440 create_pretraining_data.py:161] masked_lm_weights: 1.0 1.0 1.0 0.0 0.0 0.0 0.0 0.0 0.0 0.0 0.0 0.0 0.0 0.0 0.0 0.0 0.0 0.0 0.0 0.0
INFO:tensorflow:next_sentence_labels: 1
I1103 12:17:07.506046 47562419557440 create_pretraining_data.py:161] next_sentence_labels: 1
INFO:tensorflow:*** Example ***
I1103 12:17:07.506546 47562419557440 create_pretraining_data.py:149] *** Example ***
INFO:tensorflow:tokens: [CLS] قال تو ##شك القري ان تخر ##ب وهي عامر ##ه قيل وكيف تخر ##ب وهي عامر ##ه قال اذا علا ##مة ##وري ابر ##ارها وسا ##د القبيله مناف ##قوه ##ا عمر [MASK] [MASK] [SEP] سوره التحر ##يم بصوت ماهر [MASK] [MASK] [SEP]
I1103 12:17:07.506705 47562419557440 create_pretraining_data.py:151] tokens: [CLS] قال تو ##شك القري ان تخر ##ب وهي عامر ##ه قيل وكيف تخر ##ب وهي عامر ##ه قال اذا علا ##مة ##وري ابر ##ارها وسا ##د القبيله مناف ##قوه ##ا عمر [MASK] [MASK] [SEP] سوره التحر ##يم بصوت ماهر [MASK] [MASK] [SEP]
INFO:tensorflow:input_ids: 2 2136 2467 4208 28574 1939 28050 1045 2843 9343 1028 5929 6316 28050 1045 2843 9343 1028 2136 2387 3317 2113 2158 17068 7602 12686 1016 28628 5898 13137 1007 2852 4 4 3 6311 6140 2019 9532 11818 4 4 3 0 0 0 0 0 0 0 0 0 0 0 0 0 0 0 0 0 0 0 0 0 0 0 0 0 0 0 0 0 0 0 0 0 0 0 0 0 0 0 0 0 0 0 0 0 0 0 0 0 0 0 0 0 0 0 0 0 0 0 0 0 0 0 0 0 0 0 0 0 0 0 0 0 0 0 0 0 0 0 0 0 0 0 0 0
I1103 12:17:07.506884 47562419557440 create_pretraining_data.py:161] input_ids: 2 2136 2467 4208 28574 1939 28050 1045 2843 9343 1028 5929 6316 28050 1045 2843 9343 1028 2136 2387 3317 2113 2158 17068 7602 12686 1016 28628 5898 13137 1007 2852 4 4 3 6311 6140 2019 9532 11818 4 4 3 0 0 0 0 0 0 0 0 0 0 0 0 0 0 0 0 0 0 0 0 0 0 0 0 0 0 0 0 0 0 0 0 0 0 0 0 0 0 0 0 0 0 0 0 0 0 0 0 0 0 0 0 0 0 0 0 0 0 0 0 0 0 0 0 0 0 0 0 0 0 0 0 0 0 0 0 0 0 0 0 0 0 0 0 0
INFO:tensorflow:input_mask: 1 1 1 1 1 1 1 1 1 1 1 1 1 1 1 1 1 1 1 1 1 1 1 1 1 1 1 1 1 1 1 1 1 1 1 1 1 1 1 1 1 1 1 0 0 0 0 0 0 0 0 0 0 0 0 0 0 0 0 0 0 0 0 0 0 0 0 0 0 0 0 0 0 0 0 0 0 0 0 0 0 0 0 0 0 0 0 0 0 0 0 0 0 0 0 0 0 0 0 0 0 0 0 0 0 0 0 0 0 0 0 0 0 0 0 0 0 0 0 0 0 0 0 0 0 0 0 0
I1103 12:17:07.507064 47562419557440 create_pretraining_data.py:161] input_mask: 1 1 1 1 1 1 1 1 1 1 1 1 1 1 1 1 1 1 1 1 1 1 1 1 1 1 1 1 1 1 1 1 1 1 1 1 1 1 1 1 1 1 1 0 0 0 0 0 0 0 0 0 0 0 0 0 0 0 0 0 0 0 0 0 0 0 0 0 0 0 0 0 0 0 0 0 0 0 0 0 0 0 0 0 0 0 0 0 0 0 0 0 0 0 0 0 0 0 0 0 0 0 0 0 0 0 0 0 0 0 0 0 0 0 0 0 0 0 0 0 0 0 0 0 0 0 0 0
INFO:tensorflow:segment_ids: 0 0 0 0 0 0 0 0 0 0 0 0 0 0 0 0 0 0 0 0 0 0 0 0 0 0 0 0 0 0 0 0 0 0 0 1 1 1 1 1 1 1 1 0 0 0 0 0 0 0 0 0 0 0 0 0 0 0 0 0 0 0 0 0 0 0 0 0 0 0 0 0 0 0 0 0 0 0 0 0 0 0 0 0 0 0 0 0 0 0 0 0 0 0 0 0 0 0 0 0 0 0 0 0 0 0 0 0 0 0 0 0 0 0 0 0 0 0 0 0 0 0 0 0 0 0 0 0
I1103 12:17:07.507230 47562419557440 create_pretraining_data.py:161] segment_ids: 0 0 0 0 0 0 0 0 0 0 0 0 0 0 0 0 0 0 0 0 0 0 0 0 0 0 0 0 0 0 0 0 0 0 0 1 1 1 1 1 1 1 1 0 0 0 0 0 0 0 0 0 0 0 0 0 0 0 0 0 0 0 0 0 0 0 0 0 0 0 0 0 0 0 0 0 0 0 0 0 0 0 0 0 0 0 0 0 0 0 0 0 0 0 0 0 0 0 0 0 0 0 0 0 0 0 0 0 0 0 0 0 0 0 0 0 0 0 0 0 0 0 0 0 0 0 0 0
INFO:tensorflow:masked_lm_positions: 21 22 32 33 40 41 0 0 0 0 0 0 0 0 0 0 0 0 0 0
I1103 12:17:07.507359 47562419557440 create_pretraining_data.py:161] masked_lm_positions: 21 22 32 33 40 41 0 0 0 0 0 0 0 0 0 0 0 0 0 0
INFO:tensorflow:masked_lm_ids: 6132 7602 2040 7560 12293 6765 0 0 0 0 0 0 0 0 0 0 0 0 0 0
I1103 12:17:07.507484 47562419557440 create_pretraining_data.py:161] masked_lm_ids: 6132 7602 2040 7560 12293 6765 0 0 0 0 0 0 0 0 0 0 0 0 0 0
INFO:tensorflow:masked_lm_weights: 1.0 1.0 1.0 1.0 1.0 1.0 0.0 0.0 0.0 0.0 0.0 0.0 0.0 0.0 0.0 0.0 0.0 0.0 0.0 0.0
I1103 12:17:07.507612 47562419557440 create_pretraining_data.py:161] masked_lm_weights: 1.0 1.0 1.0 1.0 1.0 1.0 0.0 0.0 0.0 0.0 0.0 0.0 0.0 0.0 0.0 0.0 0.0 0.0 0.0 0.0
INFO:tensorflow:next_sentence_labels: 1
I1103 12:17:07.507728 47562419557440 create_pretraining_data.py:161] next_sentence_labels: 1
INFO:tensorflow:*** Example ***
I1103 12:17:07.508230 47562419557440 create_pretraining_data.py:149] *** Example ***
INFO:tensorflow:tokens: [CLS] قال رسول الله [MASK] حفظ عشر ايات من [MASK] [MASK] الكهف عص ##م من الدجال صحيح مسلم غرد بالخير سوره الكهف است ##ماع [SEP] محمد بن نايف مصدر الامن [MASK] للس ##عودي ##ين [MASK] [SEP]
I1103 12:17:07.508388 47562419557440 create_pretraining_data.py:151] tokens: [CLS] قال رسول الله [MASK] حفظ عشر ايات من [MASK] [MASK] الكهف عص ##م من الدجال صحيح مسلم غرد بالخير سوره الكهف است ##ماع [SEP] محمد بن نايف مصدر الامن [MASK] للس ##عودي ##ين [MASK] [SEP]
INFO:tensorflow:input_ids: 2 2136 3016 1953 4 4713 3304 18466 1908 4 4 10478 4427 1015 1908 23797 4053 4123 7592 6269 6311 10478 2052 2420 3 2202 2040 8125 5019 4334 4 2916 21200 1911 4 3 0 0 0 0 0 0 0 0 0 0 0 0 0 0 0 0 0 0 0 0 0 0 0 0 0 0 0 0 0 0 0 0 0 0 0 0 0 0 0 0 0 0 0 0 0 0 0 0 0 0 0 0 0 0 0 0 0 0 0 0 0 0 0 0 0 0 0 0 0 0 0 0 0 0 0 0 0 0 0 0 0 0 0 0 0 0 0 0 0 0 0 0
I1103 12:17:07.508568 47562419557440 create_pretraining_data.py:161] input_ids: 2 2136 3016 1953 4 4713 3304 18466 1908 4 4 10478 4427 1015 1908 23797 4053 4123 7592 6269 6311 10478 2052 2420 3 2202 2040 8125 5019 4334 4 2916 21200 1911 4 3 0 0 0 0 0 0 0 0 0 0 0 0 0 0 0 0 0 0 0 0 0 0 0 0 0 0 0 0 0 0 0 0 0 0 0 0 0 0 0 0 0 0 0 0 0 0 0 0 0 0 0 0 0 0 0 0 0 0 0 0 0 0 0 0 0 0 0 0 0 0 0 0 0 0 0 0 0 0 0 0 0 0 0 0 0 0 0 0 0 0 0 0
INFO:tensorflow:input_mask: 1 1 1 1 1 1 1 1 1 1 1 1 1 1 1 1 1 1 1 1 1 1 1 1 1 1 1 1 1 1 1 1 1 1 1 1 0 0 0 0 0 0 0 0 0 0 0 0 0 0 0 0 0 0 0 0 0 0 0 0 0 0 0 0 0 0 0 0 0 0 0 0 0 0 0 0 0 0 0 0 0 0 0 0 0 0 0 0 0 0 0 0 0 0 0 0 0 0 0 0 0 0 0 0 0 0 0 0 0 0 0 0 0 0 0 0 0 0 0 0 0 0 0 0 0 0 0 0
I1103 12:17:07.508738 47562419557440 create_pretraining_data.py:161] input_mask: 1 1 1 1 1 1 1 1 1 1 1 1 1 1 1 1 1 1 1 1 1 1 1 1 1 1 1 1 1 1 1 1 1 1 1 1 0 0 0 0 0 0 0 0 0 0 0 0 0 0 0 0 0 0 0 0 0 0 0 0 0 0 0 0 0 0 0 0 0 0 0 0 0 0 0 0 0 0 0 0 0 0 0 0 0 0 0 0 0 0 0 0 0 0 0 0 0 0 0 0 0 0 0 0 0 0 0 0 0 0 0 0 0 0 0 0 0 0 0 0 0 0 0 0 0 0 0 0
INFO:tensorflow:segment_ids: 0 0 0 0 0 0 0 0 0 0 0 0 0 0 0 0 0 0 0 0 0 0 0 0 0 1 1 1 1 1 1 1 1 1 1 1 0 0 0 0 0 0 0 0 0 0 0 0 0 0 0 0 0 0 0 0 0 0 0 0 0 0 0 0 0 0 0 0 0 0 0 0 0 0 0 0 0 0 0 0 0 0 0 0 0 0 0 0 0 0 0 0 0 0 0 0 0 0 0 0 0 0 0 0 0 0 0 0 0 0 0 0 0 0 0 0 0 0 0 0 0 0 0 0 0 0 0 0
I1103 12:17:07.508901 47562419557440 create_pretraining_data.py:161] segment_ids: 0 0 0 0 0 0 0 0 0 0 0 0 0 0 0 0 0 0 0 0 0 0 0 0 0 1 1 1 1 1 1 1 1 1 1 1 0 0 0 0 0 0 0 0 0 0 0 0 0 0 0 0 0 0 0 0 0 0 0 0 0 0 0 0 0 0 0 0 0 0 0 0 0 0 0 0 0 0 0 0 0 0 0 0 0 0 0 0 0 0 0 0 0 0 0 0 0 0 0 0 0 0 0 0 0 0 0 0 0 0 0 0 0 0 0 0 0 0 0 0 0 0 0 0 0 0 0 0
INFO:tensorflow:masked_lm_positions: 4 9 10 30 34 0 0 0 0 0 0 0 0 0 0 0 0 0 0 0
I1103 12:17:07.509036 47562419557440 create_pretraining_data.py:161] masked_lm_positions: 4 9 10 30 34 0 0 0 0 0 0 0 0 0 0 0 0 0 0 0
INFO:tensorflow:masked_lm_ids: 1908 3085 6311 14511 2721 0 0 0 0 0 0 0 0 0 0 0 0 0 0 0
I1103 12:17:07.509159 47562419557440 create_pretraining_data.py:161] masked_lm_ids: 1908 3085 6311 14511 2721 0 0 0 0 0 0 0 0 0 0 0 0 0 0 0
INFO:tensorflow:masked_lm_weights: 1.0 1.0 1.0 1.0 1.0 0.0 0.0 0.0 0.0 0.0 0.0 0.0 0.0 0.0 0.0 0.0 0.0 0.0 0.0 0.0
I1103 12:17:07.509283 47562419557440 create_pretraining_data.py:161] masked_lm_weights: 1.0 1.0 1.0 1.0 1.0 0.0 0.0 0.0 0.0 0.0 0.0 0.0 0.0 0.0 0.0 0.0 0.0 0.0 0.0 0.0
INFO:tensorflow:next_sentence_labels: 1
I1103 12:17:07.509400 47562419557440 create_pretraining_data.py:161] next_sentence_labels: 1
INFO:tensorflow:*** Example ***
I1103 12:17:07.509877 47562419557440 create_pretraining_data.py:149] *** Example ***
INFO:tensorflow:tokens: [CLS] [MASK] [MASK] زمي ##لي عامل ايه وام ##ك عامله اكل ايه انهار ##ده [SEP] عطني حنان ##ك ولذ ##ه الحب ب [MASK] ##ات واعط ##ي قلب م حلم في مخلوق يخ ##رف ##ني اللي [SEP]
I1103 12:17:07.510037 47562419557440 create_pretraining_data.py:151] tokens: [CLS] [MASK] [MASK] زمي ##لي عامل ايه وام ##ك عامله اكل ايه انهار ##ده [SEP] عطني حنان ##ك ولذ ##ه الحب ب [MASK] ##ات واعط ##ي قلب م حلم في مخلوق يخ ##رف ##ني اللي [SEP]
INFO:tensorflow:input_ids: 2 4 4 19779 1907 7780 4138 4100 1014 29008 12398 4138 26369 2124 3 13656 5159 1014 7741 1028 3088 388 4 1904 28788 1013 2362 412 5517 1912 15280 2875 2020 1974 2115 3 0 0 0 0 0 0 0 0 0 0 0 0 0 0 0 0 0 0 0 0 0 0 0 0 0 0 0 0 0 0 0 0 0 0 0 0 0 0 0 0 0 0 0 0 0 0 0 0 0 0 0 0 0 0 0 0 0 0 0 0 0 0 0 0 0 0 0 0 0 0 0 0 0 0 0 0 0 0 0 0 0 0 0 0 0 0 0 0 0 0 0 0
I1103 12:17:07.510234 47562419557440 create_pretraining_data.py:161] input_ids: 2 4 4 19779 1907 7780 4138 4100 1014 29008 12398 4138 26369 2124 3 13656 5159 1014 7741 1028 3088 388 4 1904 28788 1013 2362 412 5517 1912 15280 2875 2020 1974 2115 3 0 0 0 0 0 0 0 0 0 0 0 0 0 0 0 0 0 0 0 0 0 0 0 0 0 0 0 0 0 0 0 0 0 0 0 0 0 0 0 0 0 0 0 0 0 0 0 0 0 0 0 0 0 0 0 0 0 0 0 0 0 0 0 0 0 0 0 0 0 0 0 0 0 0 0 0 0 0 0 0 0 0 0 0 0 0 0 0 0 0 0 0
INFO:tensorflow:input_mask: 1 1 1 1 1 1 1 1 1 1 1 1 1 1 1 1 1 1 1 1 1 1 1 1 1 1 1 1 1 1 1 1 1 1 1 1 0 0 0 0 0 0 0 0 0 0 0 0 0 0 0 0 0 0 0 0 0 0 0 0 0 0 0 0 0 0 0 0 0 0 0 0 0 0 0 0 0 0 0 0 0 0 0 0 0 0 0 0 0 0 0 0 0 0 0 0 0 0 0 0 0 0 0 0 0 0 0 0 0 0 0 0 0 0 0 0 0 0 0 0 0 0 0 0 0 0 0 0
I1103 12:17:07.510404 47562419557440 create_pretraining_data.py:161] input_mask: 1 1 1 1 1 1 1 1 1 1 1 1 1 1 1 1 1 1 1 1 1 1 1 1 1 1 1 1 1 1 1 1 1 1 1 1 0 0 0 0 0 0 0 0 0 0 0 0 0 0 0 0 0 0 0 0 0 0 0 0 0 0 0 0 0 0 0 0 0 0 0 0 0 0 0 0 0 0 0 0 0 0 0 0 0 0 0 0 0 0 0 0 0 0 0 0 0 0 0 0 0 0 0 0 0 0 0 0 0 0 0 0 0 0 0 0 0 0 0 0 0 0 0 0 0 0 0 0
INFO:tensorflow:segment_ids: 0 0 0 0 0 0 0 0 0 0 0 0 0 0 0 1 1 1 1 1 1 1 1 1 1 1 1 1 1 1 1 1 1 1 1 1 0 0 0 0 0 0 0 0 0 0 0 0 0 0 0 0 0 0 0 0 0 0 0 0 0 0 0 0 0 0 0 0 0 0 0 0 0 0 0 0 0 0 0 0 0 0 0 0 0 0 0 0 0 0 0 0 0 0 0 0 0 0 0 0 0 0 0 0 0 0 0 0 0 0 0 0 0 0 0 0 0 0 0 0 0 0 0 0 0 0 0 0
I1103 12:17:07.510569 47562419557440 create_pretraining_data.py:161] segment_ids: 0 0 0 0 0 0 0 0 0 0 0 0 0 0 0 1 1 1 1 1 1 1 1 1 1 1 1 1 1 1 1 1 1 1 1 1 0 0 0 0 0 0 0 0 0 0 0 0 0 0 0 0 0 0 0 0 0 0 0 0 0 0 0 0 0 0 0 0 0 0 0 0 0 0 0 0 0 0 0 0 0 0 0 0 0 0 0 0 0 0 0 0 0 0 0 0 0 0 0 0 0 0 0 0 0 0 0 0 0 0 0 0 0 0 0 0 0 0 0 0 0 0 0 0 0 0 0 0
INFO:tensorflow:masked_lm_positions: 1 2 6 22 23 0 0 0 0 0 0 0 0 0 0 0 0 0 0 0
I1103 12:17:07.510697 47562419557440 create_pretraining_data.py:161] masked_lm_positions: 1 2 6 22 23 0 0 0 0 0 0 0 0 0 0 0 0 0 0 0
INFO:tensorflow:masked_lm_ids: 4138 2104 4138 12564 1904 0 0 0 0 0 0 0 0 0 0 0 0 0 0 0
I1103 12:17:07.510822 47562419557440 create_pretraining_data.py:161] masked_lm_ids: 4138 2104 4138 12564 1904 0 0 0 0 0 0 0 0 0 0 0 0 0 0 0
INFO:tensorflow:masked_lm_weights: 1.0 1.0 1.0 1.0 1.0 0.0 0.0 0.0 0.0 0.0 0.0 0.0 0.0 0.0 0.0 0.0 0.0 0.0 0.0 0.0
I1103 12:17:07.510955 47562419557440 create_pretraining_data.py:161] masked_lm_weights: 1.0 1.0 1.0 1.0 1.0 0.0 0.0 0.0 0.0 0.0 0.0 0.0 0.0 0.0 0.0 0.0 0.0 0.0 0.0 0.0
INFO:tensorflow:next_sentence_labels: 1
I1103 12:17:07.511073 47562419557440 create_pretraining_data.py:161] next_sentence_labels: 1
INFO:tensorflow:*** Example ***
I1103 12:17:07.511554 47562419557440 create_pretraining_data.py:149] *** Example ***
INFO:tensorflow:tokens: [CLS] [MASK] 6 اعلن رئيس لجنه الاحتراف [MASK] [MASK] اللاعبين [MASK] الاتحاد السعودي لكره القدم عبدالله البرق ##ان [MASK] وصول شهاده لاعب النصر البرازيلي جابر ##ييل [SEP] بيل ##د الالماني ##ه بايرن ميونيخ الالماني مهتم بالتع ##اق ##د [MASK] الارج ##نتيني هي ##جوا ##ين [SEP]
I1103 12:17:07.511713 47562419557440 create_pretraining_data.py:151] tokens: [CLS] [MASK] 6 اعلن رئيس لجنه الاحتراف [MASK] [MASK] اللاعبين [MASK] الاتحاد السعودي لكره القدم عبدالله البرق ##ان [MASK] وصول شهاده لاعب النصر البرازيلي جابر ##ييل [SEP] بيل ##د الالماني ##ه بايرن ميونيخ الالماني مهتم بالتع ##اق ##د [MASK] الارج ##نتيني هي ##جوا ##ين [SEP]
INFO:tensorflow:input_ids: 2 4 26 5930 2426 10381 22678 4 4 5982 4 2816 3428 16285 3961 3299 22561 1906 4 7034 15181 3639 3059 12031 7348 16161 3 14576 1016 12944 1028 15303 21494 12944 20729 20514 2396 1016 4 17113 16907 2247 25832 1911 3 0 0 0 0 0 0 0 0 0 0 0 0 0 0 0 0 0 0 0 0 0 0 0 0 0 0 0 0 0 0 0 0 0 0 0 0 0 0 0 0 0 0 0 0 0 0 0 0 0 0 0 0 0 0 0 0 0 0 0 0 0 0 0 0 0 0 0 0 0 0 0 0 0 0 0 0 0 0 0 0 0 0 0
I1103 12:17:07.511913 47562419557440 create_pretraining_data.py:161] input_ids: 2 4 26 5930 2426 10381 22678 4 4 5982 4 2816 3428 16285 3961 3299 22561 1906 4 7034 15181 3639 3059 12031 7348 16161 3 14576 1016 12944 1028 15303 21494 12944 20729 20514 2396 1016 4 17113 16907 2247 25832 1911 3 0 0 0 0 0 0 0 0 0 0 0 0 0 0 0 0 0 0 0 0 0 0 0 0 0 0 0 0 0 0 0 0 0 0 0 0 0 0 0 0 0 0 0 0 0 0 0 0 0 0 0 0 0 0 0 0 0 0 0 0 0 0 0 0 0 0 0 0 0 0 0 0 0 0 0 0 0 0 0 0 0 0 0
INFO:tensorflow:input_mask: 1 1 1 1 1 1 1 1 1 1 1 1 1 1 1 1 1 1 1 1 1 1 1 1 1 1 1 1 1 1 1 1 1 1 1 1 1 1 1 1 1 1 1 1 1 0 0 0 0 0 0 0 0 0 0 0 0 0 0 0 0 0 0 0 0 0 0 0 0 0 0 0 0 0 0 0 0 0 0 0 0 0 0 0 0 0 0 0 0 0 0 0 0 0 0 0 0 0 0 0 0 0 0 0 0 0 0 0 0 0 0 0 0 0 0 0 0 0 0 0 0 0 0 0 0 0 0 0
I1103 12:17:07.512088 47562419557440 create_pretraining_data.py:161] input_mask: 1 1 1 1 1 1 1 1 1 1 1 1 1 1 1 1 1 1 1 1 1 1 1 1 1 1 1 1 1 1 1 1 1 1 1 1 1 1 1 1 1 1 1 1 1 0 0 0 0 0 0 0 0 0 0 0 0 0 0 0 0 0 0 0 0 0 0 0 0 0 0 0 0 0 0 0 0 0 0 0 0 0 0 0 0 0 0 0 0 0 0 0 0 0 0 0 0 0 0 0 0 0 0 0 0 0 0 0 0 0 0 0 0 0 0 0 0 0 0 0 0 0 0 0 0 0 0 0
INFO:tensorflow:segment_ids: 0 0 0 0 0 0 0 0 0 0 0 0 0 0 0 0 0 0 0 0 0 0 0 0 0 0 0 1 1 1 1 1 1 1 1 1 1 1 1 1 1 1 1 1 1 0 0 0 0 0 0 0 0 0 0 0 0 0 0 0 0 0 0 0 0 0 0 0 0 0 0 0 0 0 0 0 0 0 0 0 0 0 0 0 0 0 0 0 0 0 0 0 0 0 0 0 0 0 0 0 0 0 0 0 0 0 0 0 0 0 0 0 0 0 0 0 0 0 0 0 0 0 0 0 0 0 0 0
I1103 12:17:07.512254 47562419557440 create_pretraining_data.py:161] segment_ids: 0 0 0 0 0 0 0 0 0 0 0 0 0 0 0 0 0 0 0 0 0 0 0 0 0 0 0 1 1 1 1 1 1 1 1 1 1 1 1 1 1 1 1 1 1 0 0 0 0 0 0 0 0 0 0 0 0 0 0 0 0 0 0 0 0 0 0 0 0 0 0 0 0 0 0 0 0 0 0 0 0 0 0 0 0 0 0 0 0 0 0 0 0 0 0 0 0 0 0 0 0 0 0 0 0 0 0 0 0 0 0 0 0 0 0 0 0 0 0 0 0 0 0 0 0 0 0 0
INFO:tensorflow:masked_lm_positions: 1 7 8 10 13 18 38 0 0 0 0 0 0 0 0 0 0 0 0 0
I1103 12:17:07.512382 47562419557440 create_pretraining_data.py:161] masked_lm_positions: 1 7 8 10 13 18 38 0 0 0 0 0 0 0 0 0 0 0 0 0
INFO:tensorflow:masked_lm_ids: 21 22815 8636 1912 16285 1955 1973 0 0 0 0 0 0 0 0 0 0 0 0 0
I1103 12:17:07.512505 47562419557440 create_pretraining_data.py:161] masked_lm_ids: 21 22815 8636 1912 16285 1955 1973 0 0 0 0 0 0 0 0 0 0 0 0 0
INFO:tensorflow:masked_lm_weights: 1.0 1.0 1.0 1.0 1.0 1.0 1.0 0.0 0.0 0.0 0.0 0.0 0.0 0.0 0.0 0.0 0.0 0.0 0.0 0.0
I1103 12:17:07.512632 47562419557440 create_pretraining_data.py:161] masked_lm_weights: 1.0 1.0 1.0 1.0 1.0 1.0 1.0 0.0 0.0 0.0 0.0 0.0 0.0 0.0 0.0 0.0 0.0 0.0 0.0 0.0
INFO:tensorflow:next_sentence_labels: 1
I1103 12:17:07.512748 47562419557440 create_pretraining_data.py:161] next_sentence_labels: 1
INFO:tensorflow:*** Example ***
I1103 12:17:07.513239 47562419557440 create_pretraining_data.py:149] *** Example ***
INFO:tensorflow:tokens: [CLS] احس اخر حلقه يطلع [MASK] برشلون [MASK] مو معقول ##ه كل هال ##ضرر [MASK] لر ##يال مدريد [SEP] [MASK] [MASK] الذي يرزق ##كم ان امسك رزقه بل لج ##وا في عت ##و ونف ##ور الملك 21 [SEP]
I1103 12:17:07.513394 47562419557440 create_pretraining_data.py:151] tokens: [CLS] احس اخر حلقه يطلع [MASK] برشلون [MASK] مو معقول ##ه كل هال ##ضرر [MASK] لر ##يال مدريد [SEP] [MASK] [MASK] الذي يرزق ##كم ان امسك رزقه بل لج ##وا في عت ##و ونف ##ور الملك 21 [SEP]
INFO:tensorflow:input_ids: 2 6356 3076 17936 9363 4 5420 4 2481 22552 1028 2038 4218 26843 4 5165 12736 4879 3 4 4 2130 12458 2018 1939 24957 23632 2683 2672 1928 1912 5367 1012 22270 1936 2676 3960 3 0 0 0 0 0 0 0 0 0 0 0 0 0 0 0 0 0 0 0 0 0 0 0 0 0 0 0 0 0 0 0 0 0 0 0 0 0 0 0 0 0 0 0 0 0 0 0 0 0 0 0 0 0 0 0 0 0 0 0 0 0 0 0 0 0 0 0 0 0 0 0 0 0 0 0 0 0 0 0 0 0 0 0 0 0 0 0 0 0 0
I1103 12:17:07.513572 47562419557440 create_pretraining_data.py:161] input_ids: 2 6356 3076 17936 9363 4 5420 4 2481 22552 1028 2038 4218 26843 4 5165 12736 4879 3 4 4 2130 12458 2018 1939 24957 23632 2683 2672 1928 1912 5367 1012 22270 1936 2676 3960 3 0 0 0 0 0 0 0 0 0 0 0 0 0 0 0 0 0 0 0 0 0 0 0 0 0 0 0 0 0 0 0 0 0 0 0 0 0 0 0 0 0 0 0 0 0 0 0 0 0 0 0 0 0 0 0 0 0 0 0 0 0 0 0 0 0 0 0 0 0 0 0 0 0 0 0 0 0 0 0 0 0 0 0 0 0 0 0 0 0 0
INFO:tensorflow:input_mask: 1 1 1 1 1 1 1 1 1 1 1 1 1 1 1 1 1 1 1 1 1 1 1 1 1 1 1 1 1 1 1 1 1 1 1 1 1 1 0 0 0 0 0 0 0 0 0 0 0 0 0 0 0 0 0 0 0 0 0 0 0 0 0 0 0 0 0 0 0 0 0 0 0 0 0 0 0 0 0 0 0 0 0 0 0 0 0 0 0 0 0 0 0 0 0 0 0 0 0 0 0 0 0 0 0 0 0 0 0 0 0 0 0 0 0 0 0 0 0 0 0 0 0 0 0 0 0 0
I1103 12:17:07.513757 47562419557440 create_pretraining_data.py:161] input_mask: 1 1 1 1 1 1 1 1 1 1 1 1 1 1 1 1 1 1 1 1 1 1 1 1 1 1 1 1 1 1 1 1 1 1 1 1 1 1 0 0 0 0 0 0 0 0 0 0 0 0 0 0 0 0 0 0 0 0 0 0 0 0 0 0 0 0 0 0 0 0 0 0 0 0 0 0 0 0 0 0 0 0 0 0 0 0 0 0 0 0 0 0 0 0 0 0 0 0 0 0 0 0 0 0 0 0 0 0 0 0 0 0 0 0 0 0 0 0 0 0 0 0 0 0 0 0 0 0
INFO:tensorflow:segment_ids: 0 0 0 0 0 0 0 0 0 0 0 0 0 0 0 0 0 0 0 1 1 1 1 1 1 1 1 1 1 1 1 1 1 1 1 1 1 1 0 0 0 0 0 0 0 0 0 0 0 0 0 0 0 0 0 0 0 0 0 0 0 0 0 0 0 0 0 0 0 0 0 0 0 0 0 0 0 0 0 0 0 0 0 0 0 0 0 0 0 0 0 0 0 0 0 0 0 0 0 0 0 0 0 0 0 0 0 0 0 0 0 0 0 0 0 0 0 0 0 0 0 0 0 0 0 0 0 0
I1103 12:17:07.513937 47562419557440 create_pretraining_data.py:161] segment_ids: 0 0 0 0 0 0 0 0 0 0 0 0 0 0 0 0 0 0 0 1 1 1 1 1 1 1 1 1 1 1 1 1 1 1 1 1 1 1 0 0 0 0 0 0 0 0 0 0 0 0 0 0 0 0 0 0 0 0 0 0 0 0 0 0 0 0 0 0 0 0 0 0 0 0 0 0 0 0 0 0 0 0 0 0 0 0 0 0 0 0 0 0 0 0 0 0 0 0 0 0 0 0 0 0 0 0 0 0 0 0 0 0 0 0 0 0 0 0 0 0 0 0 0 0 0 0 0 0
INFO:tensorflow:masked_lm_positions: 5 6 7 14 19 20 0 0 0 0 0 0 0 0 0 0 0 0 0 0
I1103 12:17:07.514070 47562419557440 create_pretraining_data.py:161] masked_lm_positions: 5 6 7 14 19 20 0 0 0 0 0 0 0 0 0 0 0 0 0 0
INFO:tensorflow:masked_lm_ids: 19016 5420 1013 23915 4135 2085 0 0 0 0 0 0 0 0 0 0 0 0 0 0
I1103 12:17:07.514193 47562419557440 create_pretraining_data.py:161] masked_lm_ids: 19016 5420 1013 23915 4135 2085 0 0 0 0 0 0 0 0 0 0 0 0 0 0
INFO:tensorflow:masked_lm_weights: 1.0 1.0 1.0 1.0 1.0 1.0 0.0 0.0 0.0 0.0 0.0 0.0 0.0 0.0 0.0 0.0 0.0 0.0 0.0 0.0
I1103 12:17:07.514319 47562419557440 create_pretraining_data.py:161] masked_lm_weights: 1.0 1.0 1.0 1.0 1.0 1.0 0.0 0.0 0.0 0.0 0.0 0.0 0.0 0.0 0.0 0.0 0.0 0.0 0.0 0.0
INFO:tensorflow:next_sentence_labels: 1
I1103 12:17:07.514445 47562419557440 create_pretraining_data.py:161] next_sentence_labels: 1
INFO:tensorflow:*** Example ***
I1103 12:17:07.514903 47562419557440 create_pretraining_data.py:149] *** Example ***
INFO:tensorflow:tokens: [CLS] مادري ليش اضعف [MASK] مادري ليش لما اشوف [MASK] يضيع [MASK] الكلام [MASK] ليش اغار عليك من اصحاب ##ك مادري ليش اف ##ز [MASK] تكلم ##وا [MASK] [SEP] اذا شفت ناس تؤمن بالا ##برا ##ج [SEP]
I1103 12:17:07.515057 47562419557440 create_pretraining_data.py:151] tokens: [CLS] مادري ليش اضعف [MASK] مادري ليش لما اشوف [MASK] يضيع [MASK] الكلام [MASK] ليش اغار عليك من اصحاب ##ك مادري ليش اف ##ز [MASK] تكلم ##وا [MASK] [SEP] اذا شفت ناس تؤمن بالا ##برا ##ج [SEP]
INFO:tensorflow:input_ids: 2 23919 6097 29319 4 23919 6097 2518 6026 4 14720 4 3859 4 6097 20628 2898 1908 5883 1014 23919 6097 2668 1008 4 8873 1928 4 3 2387 6267 3970 14997 4581 3585 1041 3 0 0 0 0 0 0 0 0 0 0 0 0 0 0 0 0 0 0 0 0 0 0 0 0 0 0 0 0 0 0 0 0 0 0 0 0 0 0 0 0 0 0 0 0 0 0 0 0 0 0 0 0 0 0 0 0 0 0 0 0 0 0 0 0 0 0 0 0 0 0 0 0 0 0 0 0 0 0 0 0 0 0 0 0 0 0 0 0 0 0 0
I1103 12:17:07.515229 47562419557440 create_pretraining_data.py:161] input_ids: 2 23919 6097 29319 4 23919 6097 2518 6026 4 14720 4 3859 4 6097 20628 2898 1908 5883 1014 23919 6097 2668 1008 4 8873 1928 4 3 2387 6267 3970 14997 4581 3585 1041 3 0 0 0 0 0 0 0 0 0 0 0 0 0 0 0 0 0 0 0 0 0 0 0 0 0 0 0 0 0 0 0 0 0 0 0 0 0 0 0 0 0 0 0 0 0 0 0 0 0 0 0 0 0 0 0 0 0 0 0 0 0 0 0 0 0 0 0 0 0 0 0 0 0 0 0 0 0 0 0 0 0 0 0 0 0 0 0 0 0 0 0
INFO:tensorflow:input_mask: 1 1 1 1 1 1 1 1 1 1 1 1 1 1 1 1 1 1 1 1 1 1 1 1 1 1 1 1 1 1 1 1 1 1 1 1 1 0 0 0 0 0 0 0 0 0 0 0 0 0 0 0 0 0 0 0 0 0 0 0 0 0 0 0 0 0 0 0 0 0 0 0 0 0 0 0 0 0 0 0 0 0 0 0 0 0 0 0 0 0 0 0 0 0 0 0 0 0 0 0 0 0 0 0 0 0 0 0 0 0 0 0 0 0 0 0 0 0 0 0 0 0 0 0 0 0 0 0
I1103 12:17:07.515405 47562419557440 create_pretraining_data.py:161] input_mask: 1 1 1 1 1 1 1 1 1 1 1 1 1 1 1 1 1 1 1 1 1 1 1 1 1 1 1 1 1 1 1 1 1 1 1 1 1 0 0 0 0 0 0 0 0 0 0 0 0 0 0 0 0 0 0 0 0 0 0 0 0 0 0 0 0 0 0 0 0 0 0 0 0 0 0 0 0 0 0 0 0 0 0 0 0 0 0 0 0 0 0 0 0 0 0 0 0 0 0 0 0 0 0 0 0 0 0 0 0 0 0 0 0 0 0 0 0 0 0 0 0 0 0 0 0 0 0 0
INFO:tensorflow:segment_ids: 0 0 0 0 0 0 0 0 0 0 0 0 0 0 0 0 0 0 0 0 0 0 0 0 0 0 0 0 0 1 1 1 1 1 1 1 1 0 0 0 0 0 0 0 0 0 0 0 0 0 0 0 0 0 0 0 0 0 0 0 0 0 0 0 0 0 0 0 0 0 0 0 0 0 0 0 0 0 0 0 0 0 0 0 0 0 0 0 0 0 0 0 0 0 0 0 0 0 0 0 0 0 0 0 0 0 0 0 0 0 0 0 0 0 0 0 0 0 0 0 0 0 0 0 0 0 0 0
I1103 12:17:07.515567 47562419557440 create_pretraining_data.py:161] segment_ids: 0 0 0 0 0 0 0 0 0 0 0 0 0 0 0 0 0 0 0 0 0 0 0 0 0 0 0 0 0 1 1 1 1 1 1 1 1 0 0 0 0 0 0 0 0 0 0 0 0 0 0 0 0 0 0 0 0 0 0 0 0 0 0 0 0 0 0 0 0 0 0 0 0 0 0 0 0 0 0 0 0 0 0 0 0 0 0 0 0 0 0 0 0 0 0 0 0 0 0 0 0 0 0 0 0 0 0 0 0 0 0 0 0 0 0 0 0 0 0 0 0 0 0 0 0 0 0 0
INFO:tensorflow:masked_lm_positions: 4 9 11 13 24 27 0 0 0 0 0 0 0 0 0 0 0 0 0 0
I1103 12:17:07.515690 47562419557440 create_pretraining_data.py:161] masked_lm_positions: 4 9 11 13 24 27 0 0 0 0 0 0 0 0 0 0 0 0 0 0
INFO:tensorflow:masked_lm_ids: 5448 7626 2038 23919 2244 4548 0 0 0 0 0 0 0 0 0 0 0 0 0 0
I1103 12:17:07.515809 47562419557440 create_pretraining_data.py:161] masked_lm_ids: 5448 7626 2038 23919 2244 4548 0 0 0 0 0 0 0 0 0 0 0 0 0 0
INFO:tensorflow:masked_lm_weights: 1.0 1.0 1.0 1.0 1.0 1.0 0.0 0.0 0.0 0.0 0.0 0.0 0.0 0.0 0.0 0.0 0.0 0.0 0.0 0.0
I1103 12:17:07.515935 47562419557440 create_pretraining_data.py:161] masked_lm_weights: 1.0 1.0 1.0 1.0 1.0 1.0 0.0 0.0 0.0 0.0 0.0 0.0 0.0 0.0 0.0 0.0 0.0 0.0 0.0 0.0
INFO:tensorflow:next_sentence_labels: 1
I1103 12:17:07.516048 47562419557440 create_pretraining_data.py:161] next_sentence_labels: 1
INFO:tensorflow:*** Example ***
I1103 12:17:07.516510 47562419557440 create_pretraining_data.py:149] *** Example ***
INFO:tensorflow:tokens: [CLS] سبحان الله الحمد لله لا ##يض الا الله الله اكبر اللهم صل وسلم وبارك علي سيدنا محمد [SEP] اهم المواقع العربيه تكتب عن تكريم النجم زكي شريف للرا ##حل رفيق [MASK] [MASK] [MASK] موقع [SEP]
I1103 12:17:07.516658 47562419557440 create_pretraining_data.py:151] tokens: [CLS] سبحان الله الحمد لله لا ##يض الا الله الله اكبر اللهم صل وسلم وبارك علي سيدنا محمد [SEP] اهم المواقع العربيه تكتب عن تكريم النجم زكي شريف للرا ##حل رفيق [MASK] [MASK] [MASK] موقع [SEP]
INFO:tensorflow:input_ids: 2 2575 1953 2807 2784 1963 12264 1915 1953 1953 3294 2168 3991 2565 10377 1958 7087 2202 3 3802 4268 4251 9551 1955 11557 9022 21514 11437 14339 4278 10640 4 4 4 2867 3 0 0 0 0 0 0 0 0 0 0 0 0 0 0 0 0 0 0 0 0 0 0 0 0 0 0 0 0 0 0 0 0 0 0 0 0 0 0 0 0 0 0 0 0 0 0 0 0 0 0 0 0 0 0 0 0 0 0 0 0 0 0 0 0 0 0 0 0 0 0 0 0 0 0 0 0 0 0 0 0 0 0 0 0 0 0 0 0 0 0 0 0
I1103 12:17:07.516829 47562419557440 create_pretraining_data.py:161] input_ids: 2 2575 1953 2807 2784 1963 12264 1915 1953 1953 3294 2168 3991 2565 10377 1958 7087 2202 3 3802 4268 4251 9551 1955 11557 9022 21514 11437 14339 4278 10640 4 4 4 2867 3 0 0 0 0 0 0 0 0 0 0 0 0 0 0 0 0 0 0 0 0 0 0 0 0 0 0 0 0 0 0 0 0 0 0 0 0 0 0 0 0 0 0 0 0 0 0 0 0 0 0 0 0 0 0 0 0 0 0 0 0 0 0 0 0 0 0 0 0 0 0 0 0 0 0 0 0 0 0 0 0 0 0 0 0 0 0 0 0 0 0 0 0
INFO:tensorflow:input_mask: 1 1 1 1 1 1 1 1 1 1 1 1 1 1 1 1 1 1 1 1 1 1 1 1 1 1 1 1 1 1 1 1 1 1 1 1 0 0 0 0 0 0 0 0 0 0 0 0 0 0 0 0 0 0 0 0 0 0 0 0 0 0 0 0 0 0 0 0 0 0 0 0 0 0 0 0 0 0 0 0 0 0 0 0 0 0 0 0 0 0 0 0 0 0 0 0 0 0 0 0 0 0 0 0 0 0 0 0 0 0 0 0 0 0 0 0 0 0 0 0 0 0 0 0 0 0 0 0
I1103 12:17:07.516999 47562419557440 create_pretraining_data.py:161] input_mask: 1 1 1 1 1 1 1 1 1 1 1 1 1 1 1 1 1 1 1 1 1 1 1 1 1 1 1 1 1 1 1 1 1 1 1 1 0 0 0 0 0 0 0 0 0 0 0 0 0 0 0 0 0 0 0 0 0 0 0 0 0 0 0 0 0 0 0 0 0 0 0 0 0 0 0 0 0 0 0 0 0 0 0 0 0 0 0 0 0 0 0 0 0 0 0 0 0 0 0 0 0 0 0 0 0 0 0 0 0 0 0 0 0 0 0 0 0 0 0 0 0 0 0 0 0 0 0 0
INFO:tensorflow:segment_ids: 0 0 0 0 0 0 0 0 0 0 0 0 0 0 0 0 0 0 0 1 1 1 1 1 1 1 1 1 1 1 1 1 1 1 1 1 0 0 0 0 0 0 0 0 0 0 0 0 0 0 0 0 0 0 0 0 0 0 0 0 0 0 0 0 0 0 0 0 0 0 0 0 0 0 0 0 0 0 0 0 0 0 0 0 0 0 0 0 0 0 0 0 0 0 0 0 0 0 0 0 0 0 0 0 0 0 0 0 0 0 0 0 0 0 0 0 0 0 0 0 0 0 0 0 0 0 0 0
I1103 12:17:07.517175 47562419557440 create_pretraining_data.py:161] segment_ids: 0 0 0 0 0 0 0 0 0 0 0 0 0 0 0 0 0 0 0 1 1 1 1 1 1 1 1 1 1 1 1 1 1 1 1 1 0 0 0 0 0 0 0 0 0 0 0 0 0 0 0 0 0 0 0 0 0 0 0 0 0 0 0 0 0 0 0 0 0 0 0 0 0 0 0 0 0 0 0 0 0 0 0 0 0 0 0 0 0 0 0 0 0 0 0 0 0 0 0 0 0 0 0 0 0 0 0 0 0 0 0 0 0 0 0 0 0 0 0 0 0 0 0 0 0 0 0 0
INFO:tensorflow:masked_lm_positions: 6 20 31 32 33 0 0 0 0 0 0 0 0 0 0 0 0 0 0 0
I1103 12:17:07.517298 47562419557440 create_pretraining_data.py:161] masked_lm_positions: 6 20 31 32 33 0 0 0 0 0 0 0 0 0 0 0 0 0 0 0
INFO:tensorflow:masked_lm_ids: 2090 4268 26982 12828 1006 0 0 0 0 0 0 0 0 0 0 0 0 0 0 0
I1103 12:17:07.517418 47562419557440 create_pretraining_data.py:161] masked_lm_ids: 2090 4268 26982 12828 1006 0 0 0 0 0 0 0 0 0 0 0 0 0 0 0
INFO:tensorflow:masked_lm_weights: 1.0 1.0 1.0 1.0 1.0 0.0 0.0 0.0 0.0 0.0 0.0 0.0 0.0 0.0 0.0 0.0 0.0 0.0 0.0 0.0
I1103 12:17:07.517539 47562419557440 create_pretraining_data.py:161] masked_lm_weights: 1.0 1.0 1.0 1.0 1.0 0.0 0.0 0.0 0.0 0.0 0.0 0.0 0.0 0.0 0.0 0.0 0.0 0.0 0.0 0.0
INFO:tensorflow:next_sentence_labels: 1
I1103 12:17:07.517651 47562419557440 create_pretraining_data.py:161] next_sentence_labels: 1
INFO:tensorflow:*** Example ***
I1103 12:17:07.518123 47562419557440 create_pretraining_data.py:149] *** Example ***
INFO:tensorflow:tokens: [CLS] نسمع في بعض الاحيان الفكرية مصطلح التضخم [MASK] [MASK] [MASK] هو ##شهر [MASK] وما هي احكام ##ه الفقه ##يه يجيب ##ك الشيخ د محمد الف ##زي ##ع [SEP] الحمد لله علي جميل اظهر ##ه منا لمن نحبهم فاح ##بون ##ا [MASK] نحبهم [SEP]
I1103 12:17:07.518276 47562419557440 create_pretraining_data.py:151] tokens: [CLS] نسمع في بعض الاحيان الفكرية مصطلح التضخم [MASK] [MASK] [MASK] هو ##شهر [MASK] وما هي احكام ##ه الفقه ##يه يجيب ##ك الشيخ د محمد الف ##زي ##ع [SEP] الحمد لله علي جميل اظهر ##ه منا لمن نحبهم فاح ##بون ##ا [MASK] نحبهم [SEP]
INFO:tensorflow:input_ids: 2 13728 1912 2346 16723 11724 13364 21376 4 4 4 2139 21316 4 2564 2247 16412 1028 7651 1988 8843 1014 2702 395 2202 1980 2205 1009 3 2807 2784 1958 3814 25842 1028 3501 3043 24268 9206 10749 1007 4 24268 3 0 0 0 0 0 0 0 0 0 0 0 0 0 0 0 0 0 0 0 0 0 0 0 0 0 0 0 0 0 0 0 0 0 0 0 0 0 0 0 0 0 0 0 0 0 0 0 0 0 0 0 0 0 0 0 0 0 0 0 0 0 0 0 0 0 0 0 0 0 0 0 0 0 0 0 0 0 0 0 0 0 0 0 0
I1103 12:17:07.518452 47562419557440 create_pretraining_data.py:161] input_ids: 2 13728 1912 2346 16723 11724 13364 21376 4 4 4 2139 21316 4 2564 2247 16412 1028 7651 1988 8843 1014 2702 395 2202 1980 2205 1009 3 2807 2784 1958 3814 25842 1028 3501 3043 24268 9206 10749 1007 4 24268 3 0 0 0 0 0 0 0 0 0 0 0 0 0 0 0 0 0 0 0 0 0 0 0 0 0 0 0 0 0 0 0 0 0 0 0 0 0 0 0 0 0 0 0 0 0 0 0 0 0 0 0 0 0 0 0 0 0 0 0 0 0 0 0 0 0 0 0 0 0 0 0 0 0 0 0 0 0 0 0 0 0 0 0 0
INFO:tensorflow:input_mask: 1 1 1 1 1 1 1 1 1 1 1 1 1 1 1 1 1 1 1 1 1 1 1 1 1 1 1 1 1 1 1 1 1 1 1 1 1 1 1 1 1 1 1 1 0 0 0 0 0 0 0 0 0 0 0 0 0 0 0 0 0 0 0 0 0 0 0 0 0 0 0 0 0 0 0 0 0 0 0 0 0 0 0 0 0 0 0 0 0 0 0 0 0 0 0 0 0 0 0 0 0 0 0 0 0 0 0 0 0 0 0 0 0 0 0 0 0 0 0 0 0 0 0 0 0 0 0 0
I1103 12:17:07.518616 47562419557440 create_pretraining_data.py:161] input_mask: 1 1 1 1 1 1 1 1 1 1 1 1 1 1 1 1 1 1 1 1 1 1 1 1 1 1 1 1 1 1 1 1 1 1 1 1 1 1 1 1 1 1 1 1 0 0 0 0 0 0 0 0 0 0 0 0 0 0 0 0 0 0 0 0 0 0 0 0 0 0 0 0 0 0 0 0 0 0 0 0 0 0 0 0 0 0 0 0 0 0 0 0 0 0 0 0 0 0 0 0 0 0 0 0 0 0 0 0 0 0 0 0 0 0 0 0 0 0 0 0 0 0 0 0 0 0 0 0
INFO:tensorflow:segment_ids: 0 0 0 0 0 0 0 0 0 0 0 0 0 0 0 0 0 0 0 0 0 0 0 0 0 0 0 0 0 1 1 1 1 1 1 1 1 1 1 1 1 1 1 1 0 0 0 0 0 0 0 0 0 0 0 0 0 0 0 0 0 0 0 0 0 0 0 0 0 0 0 0 0 0 0 0 0 0 0 0 0 0 0 0 0 0 0 0 0 0 0 0 0 0 0 0 0 0 0 0 0 0 0 0 0 0 0 0 0 0 0 0 0 0 0 0 0 0 0 0 0 0 0 0 0 0 0 0
I1103 12:17:07.518793 47562419557440 create_pretraining_data.py:161] segment_ids: 0 0 0 0 0 0 0 0 0 0 0 0 0 0 0 0 0 0 0 0 0 0 0 0 0 0 0 0 0 1 1 1 1 1 1 1 1 1 1 1 1 1 1 1 0 0 0 0 0 0 0 0 0 0 0 0 0 0 0 0 0 0 0 0 0 0 0 0 0 0 0 0 0 0 0 0 0 0 0 0 0 0 0 0 0 0 0 0 0 0 0 0 0 0 0 0 0 0 0 0 0 0 0 0 0 0 0 0 0 0 0 0 0 0 0 0 0 0 0 0 0 0 0 0 0 0 0 0
INFO:tensorflow:masked_lm_positions: 5 8 9 10 12 13 41 0 0 0 0 0 0 0 0 0 0 0 0 0
I1103 12:17:07.518922 47562419557440 create_pretraining_data.py:161] masked_lm_positions: 5 8 9 10 12 13 41 0 0 0 0 0 0 0 0 0 0 0 0 0
INFO:tensorflow:masked_lm_ids: 1955 7572 1013 4721 10294 1028 2306 0 0 0 0 0 0 0 0 0 0 0 0 0
I1103 12:17:07.519043 47562419557440 create_pretraining_data.py:161] masked_lm_ids: 1955 7572 1013 4721 10294 1028 2306 0 0 0 0 0 0 0 0 0 0 0 0 0
INFO:tensorflow:masked_lm_weights: 1.0 1.0 1.0 1.0 1.0 1.0 1.0 0.0 0.0 0.0 0.0 0.0 0.0 0.0 0.0 0.0 0.0 0.0 0.0 0.0
I1103 12:17:07.519165 47562419557440 create_pretraining_data.py:161] masked_lm_weights: 1.0 1.0 1.0 1.0 1.0 1.0 1.0 0.0 0.0 0.0 0.0 0.0 0.0 0.0 0.0 0.0 0.0 0.0 0.0 0.0
INFO:tensorflow:next_sentence_labels: 1
I1103 12:17:07.519276 47562419557440 create_pretraining_data.py:161] next_sentence_labels: 1
INFO:tensorflow:*** Example ***
I1103 12:17:07.519743 47562419557440 create_pretraining_data.py:149] *** Example ***
INFO:tensorflow:tokens: [CLS] نست ##غفرك ربي [MASK] اهم ##النا ونست ##غفرك ربي عن جهل ##نا ونست ##غفرك ربي عن تقصير ##نا ونست ##غفرك ربي ونت ##وب اليك عن [MASK] [MASK] عملنا ##ه لا يرضيك [SEP] ابو ##اه والع [MASK] [MASK] [MASK] [MASK] ##يانه يكسر ##ناه يور ##ثان ##ه [MASK] يصنع ##ان في نفسه الشر ##وخ رب اعوذ بك ان ا ##ؤ ##ذي اطفال ##ي واع ##ي ##ذه ##م بك من [MASK] يضر ##هم مني يارب [SEP]
I1103 12:17:07.519904 47562419557440 create_pretraining_data.py:151] tokens: [CLS] نست ##غفرك ربي [MASK] اهم ##النا ونست ##غفرك ربي عن جهل ##نا ونست ##غفرك ربي عن تقصير ##نا ونست ##غفرك ربي ونت ##وب اليك عن [MASK] [MASK] عملنا ##ه لا يرضيك [SEP] ابو ##اه والع [MASK] [MASK] [MASK] [MASK] ##يانه يكسر ##ناه يور ##ثان ##ه [MASK] يصنع ##ان في نفسه الشر ##وخ رب اعوذ بك ان ا ##ؤ ##ذي اطفال ##ي واع ##ي ##ذه ##م بك من [MASK] يضر ##هم مني يارب [SEP]
INFO:tensorflow:input_ids: 2 4702 20581 2949 4 3802 15460 19122 20581 2949 1955 21238 1914 19122 20581 2949 1955 22750 1914 19122 20581 2949 6246 2058 4230 1955 4 4 23438 1028 1963 19768 3 3388 2030 2506 4 4 4 4 8449 18105 3215 16737 22362 1028 4 10979 1906 1912 3081 3033 3887 2512 5433 2395 1939 387 1038 2760 5603 1013 4780 1013 2083 1015 2395 1908 4 12258 1949 4397 2856 3 0 0 0 0 0 0 0 0 0 0 0 0 0 0 0 0 0 0 0 0 0 0 0 0 0 0 0 0 0 0 0 0 0 0 0 0 0 0 0 0 0 0 0 0 0 0 0 0 0 0 0 0 0 0
I1103 12:17:07.520091 47562419557440 create_pretraining_data.py:161] input_ids: 2 4702 20581 2949 4 3802 15460 19122 20581 2949 1955 21238 1914 19122 20581 2949 1955 22750 1914 19122 20581 2949 6246 2058 4230 1955 4 4 23438 1028 1963 19768 3 3388 2030 2506 4 4 4 4 8449 18105 3215 16737 22362 1028 4 10979 1906 1912 3081 3033 3887 2512 5433 2395 1939 387 1038 2760 5603 1013 4780 1013 2083 1015 2395 1908 4 12258 1949 4397 2856 3 0 0 0 0 0 0 0 0 0 0 0 0 0 0 0 0 0 0 0 0 0 0 0 0 0 0 0 0 0 0 0 0 0 0 0 0 0 0 0 0 0 0 0 0 0 0 0 0 0 0 0 0 0 0
INFO:tensorflow:input_mask: 1 1 1 1 1 1 1 1 1 1 1 1 1 1 1 1 1 1 1 1 1 1 1 1 1 1 1 1 1 1 1 1 1 1 1 1 1 1 1 1 1 1 1 1 1 1 1 1 1 1 1 1 1 1 1 1 1 1 1 1 1 1 1 1 1 1 1 1 1 1 1 1 1 1 0 0 0 0 0 0 0 0 0 0 0 0 0 0 0 0 0 0 0 0 0 0 0 0 0 0 0 0 0 0 0 0 0 0 0 0 0 0 0 0 0 0 0 0 0 0 0 0 0 0 0 0 0 0
I1103 12:17:07.520271 47562419557440 create_pretraining_data.py:161] input_mask: 1 1 1 1 1 1 1 1 1 1 1 1 1 1 1 1 1 1 1 1 1 1 1 1 1 1 1 1 1 1 1 1 1 1 1 1 1 1 1 1 1 1 1 1 1 1 1 1 1 1 1 1 1 1 1 1 1 1 1 1 1 1 1 1 1 1 1 1 1 1 1 1 1 1 0 0 0 0 0 0 0 0 0 0 0 0 0 0 0 0 0 0 0 0 0 0 0 0 0 0 0 0 0 0 0 0 0 0 0 0 0 0 0 0 0 0 0 0 0 0 0 0 0 0 0 0 0 0
INFO:tensorflow:segment_ids: 0 0 0 0 0 0 0 0 0 0 0 0 0 0 0 0 0 0 0 0 0 0 0 0 0 0 0 0 0 0 0 0 0 1 1 1 1 1 1 1 1 1 1 1 1 1 1 1 1 1 1 1 1 1 1 1 1 1 1 1 1 1 1 1 1 1 1 1 1 1 1 1 1 1 0 0 0 0 0 0 0 0 0 0 0 0 0 0 0 0 0 0 0 0 0 0 0 0 0 0 0 0 0 0 0 0 0 0 0 0 0 0 0 0 0 0 0 0 0 0 0 0 0 0 0 0 0 0
I1103 12:17:07.520434 47562419557440 create_pretraining_data.py:161] segment_ids: 0 0 0 0 0 0 0 0 0 0 0 0 0 0 0 0 0 0 0 0 0 0 0 0 0 0 0 0 0 0 0 0 0 1 1 1 1 1 1 1 1 1 1 1 1 1 1 1 1 1 1 1 1 1 1 1 1 1 1 1 1 1 1 1 1 1 1 1 1 1 1 1 1 1 0 0 0 0 0 0 0 0 0 0 0 0 0 0 0 0 0 0 0 0 0 0 0 0 0 0 0 0 0 0 0 0 0 0 0 0 0 0 0 0 0 0 0 0 0 0 0 0 0 0 0 0 0 0
INFO:tensorflow:masked_lm_positions: 4 26 27 35 36 37 38 39 40 46 68 0 0 0 0 0 0 0 0 0
I1103 12:17:07.520560 47562419557440 create_pretraining_data.py:161] masked_lm_positions: 4 26 27 35 36 37 38 39 40 46 68 0 0 0 0 0 0 0 0 0
INFO:tensorflow:masked_lm_ids: 1955 2038 2979 27434 2110 3283 5106 22370 8449 7424 24392 0 0 0 0 0 0 0 0 0
I1103 12:17:07.520679 47562419557440 create_pretraining_data.py:161] masked_lm_ids: 1955 2038 2979 27434 2110 3283 5106 22370 8449 7424 24392 0 0 0 0 0 0 0 0 0
INFO:tensorflow:masked_lm_weights: 1.0 1.0 1.0 1.0 1.0 1.0 1.0 1.0 1.0 1.0 1.0 0.0 0.0 0.0 0.0 0.0 0.0 0.0 0.0 0.0
I1103 12:17:07.520801 47562419557440 create_pretraining_data.py:161] masked_lm_weights: 1.0 1.0 1.0 1.0 1.0 1.0 1.0 1.0 1.0 1.0 1.0 0.0 0.0 0.0 0.0 0.0 0.0 0.0 0.0 0.0
INFO:tensorflow:next_sentence_labels: 1
I1103 12:17:07.520917 47562419557440 create_pretraining_data.py:161] next_sentence_labels: 1
INFO:tensorflow:*** Example ***
I1103 12:17:07.521387 47562419557440 create_pretraining_data.py:149] *** Example ***
INFO:tensorflow:tokens: [CLS] لم تسقط في بورسعيد [MASK] سقطت معك وارت ##طم جسدي بالار ##ض مثلك تماما روحك [MASK] [MASK] للسماء وروح ##ي عادت لج ##سد ##ي لكن [MASK] اكثر نقاء من ذي قبل [SEP] [MASK] امت قلبي بالقران [MASK] بالذكر وبال ##صلا ##ه و ابعد ##ني عن [MASK] الخي ##بات وارزقني الثبات حتي القاك ياا رب [SEP]
I1103 12:17:07.521544 47562419557440 create_pretraining_data.py:151] tokens: [CLS] لم تسقط في بورسعيد [MASK] سقطت معك وارت ##طم جسدي بالار ##ض مثلك تماما روحك [MASK] [MASK] للسماء وروح ##ي عادت لج ##سد ##ي لكن [MASK] اكثر نقاء من ذي قبل [SEP] [MASK] امت قلبي بالقران [MASK] بالذكر وبال ##صلا ##ه و ابعد ##ني عن [MASK] الخي ##بات وارزقني الثبات حتي القاك ياا رب [SEP]
INFO:tensorflow:input_ids: 2 2043 14006 1912 19812 4 15816 4549 8329 9033 21726 27857 1027 14478 5410 12291 4 4 27156 21517 1013 15019 2672 3949 1013 2425 4 2695 26356 1908 6470 2289 3 4 5033 3018 17978 4 11492 4624 10874 1028 415 9083 1974 1955 4 6562 2428 16809 18578 2627 27570 11627 2512 3 0 0 0 0 0 0 0 0 0 0 0 0 0 0 0 0 0 0 0 0 0 0 0 0 0 0 0 0 0 0 0 0 0 0 0 0 0 0 0 0 0 0 0 0 0 0 0 0 0 0 0 0 0 0 0 0 0 0 0 0 0 0 0 0 0 0 0 0 0 0 0 0
I1103 12:17:07.521722 47562419557440 create_pretraining_data.py:161] input_ids: 2 2043 14006 1912 19812 4 15816 4549 8329 9033 21726 27857 1027 14478 5410 12291 4 4 27156 21517 1013 15019 2672 3949 1013 2425 4 2695 26356 1908 6470 2289 3 4 5033 3018 17978 4 11492 4624 10874 1028 415 9083 1974 1955 4 6562 2428 16809 18578 2627 27570 11627 2512 3 0 0 0 0 0 0 0 0 0 0 0 0 0 0 0 0 0 0 0 0 0 0 0 0 0 0 0 0 0 0 0 0 0 0 0 0 0 0 0 0 0 0 0 0 0 0 0 0 0 0 0 0 0 0 0 0 0 0 0 0 0 0 0 0 0 0 0 0 0 0 0 0
INFO:tensorflow:input_mask: 1 1 1 1 1 1 1 1 1 1 1 1 1 1 1 1 1 1 1 1 1 1 1 1 1 1 1 1 1 1 1 1 1 1 1 1 1 1 1 1 1 1 1 1 1 1 1 1 1 1 1 1 1 1 1 1 0 0 0 0 0 0 0 0 0 0 0 0 0 0 0 0 0 0 0 0 0 0 0 0 0 0 0 0 0 0 0 0 0 0 0 0 0 0 0 0 0 0 0 0 0 0 0 0 0 0 0 0 0 0 0 0 0 0 0 0 0 0 0 0 0 0 0 0 0 0 0 0
I1103 12:17:07.521901 47562419557440 create_pretraining_data.py:161] input_mask: 1 1 1 1 1 1 1 1 1 1 1 1 1 1 1 1 1 1 1 1 1 1 1 1 1 1 1 1 1 1 1 1 1 1 1 1 1 1 1 1 1 1 1 1 1 1 1 1 1 1 1 1 1 1 1 1 0 0 0 0 0 0 0 0 0 0 0 0 0 0 0 0 0 0 0 0 0 0 0 0 0 0 0 0 0 0 0 0 0 0 0 0 0 0 0 0 0 0 0 0 0 0 0 0 0 0 0 0 0 0 0 0 0 0 0 0 0 0 0 0 0 0 0 0 0 0 0 0
INFO:tensorflow:segment_ids: 0 0 0 0 0 0 0 0 0 0 0 0 0 0 0 0 0 0 0 0 0 0 0 0 0 0 0 0 0 0 0 0 0 1 1 1 1 1 1 1 1 1 1 1 1 1 1 1 1 1 1 1 1 1 1 1 0 0 0 0 0 0 0 0 0 0 0 0 0 0 0 0 0 0 0 0 0 0 0 0 0 0 0 0 0 0 0 0 0 0 0 0 0 0 0 0 0 0 0 0 0 0 0 0 0 0 0 0 0 0 0 0 0 0 0 0 0 0 0 0 0 0 0 0 0 0 0 0
I1103 12:17:07.522071 47562419557440 create_pretraining_data.py:161] segment_ids: 0 0 0 0 0 0 0 0 0 0 0 0 0 0 0 0 0 0 0 0 0 0 0 0 0 0 0 0 0 0 0 0 0 1 1 1 1 1 1 1 1 1 1 1 1 1 1 1 1 1 1 1 1 1 1 1 0 0 0 0 0 0 0 0 0 0 0 0 0 0 0 0 0 0 0 0 0 0 0 0 0 0 0 0 0 0 0 0 0 0 0 0 0 0 0 0 0 0 0 0 0 0 0 0 0 0 0 0 0 0 0 0 0 0 0 0 0 0 0 0 0 0 0 0 0 0 0 0
INFO:tensorflow:masked_lm_positions: 5 16 17 26 33 34 37 46 0 0 0 0 0 0 0 0 0 0 0 0
I1103 12:17:07.522195 47562419557440 create_pretraining_data.py:161] masked_lm_positions: 5 16 17 26 33 34 37 46 0 0 0 0 0 0 0 0 0 0 0 0
INFO:tensorflow:masked_lm_ids: 9096 398 2209 15019 2168 11051 415 16117 0 0 0 0 0 0 0 0 0 0 0 0
I1103 12:17:07.522315 47562419557440 create_pretraining_data.py:161] masked_lm_ids: 9096 398 2209 15019 2168 11051 415 16117 0 0 0 0 0 0 0 0 0 0 0 0
INFO:tensorflow:masked_lm_weights: 1.0 1.0 1.0 1.0 1.0 1.0 1.0 1.0 0.0 0.0 0.0 0.0 0.0 0.0 0.0 0.0 0.0 0.0 0.0 0.0
I1103 12:17:07.522438 47562419557440 create_pretraining_data.py:161] masked_lm_weights: 1.0 1.0 1.0 1.0 1.0 1.0 1.0 1.0 0.0 0.0 0.0 0.0 0.0 0.0 0.0 0.0 0.0 0.0 0.0 0.0
INFO:tensorflow:next_sentence_labels: 1
I1103 12:17:07.522550 47562419557440 create_pretraining_data.py:161] next_sentence_labels: 1
INFO:tensorflow:*** Example ***
I1103 12:17:07.523024 47562419557440 create_pretraining_data.py:149] *** Example ***
INFO:tensorflow:tokens: [CLS] اللي يبيع من المخاليق [MASK] الاحساس [MASK] الكس ##ير اللي يهم ##ل عص ##اته واللي [MASK] [MASK] واحد مايد ##اريه مثل الذي بالبر ##د ين ##زع عبا ##ته [SEP] لمن كلب ##تي مات ##سمع كلامي رتويت خل افهم كلب ##ات تويتر [SEP]
I1103 12:17:07.523178 47562419557440 create_pretraining_data.py:151] tokens: [CLS] اللي يبيع من المخاليق [MASK] الاحساس [MASK] الكس ##ير اللي يهم ##ل عص ##اته واللي [MASK] [MASK] واحد مايد ##اريه مثل الذي بالبر ##د ين ##زع عبا ##ته [SEP] لمن كلب ##تي مات ##سمع كلامي رتويت خل افهم كلب ##ات تويتر [SEP]
INFO:tensorflow:input_ids: 2 2115 16474 1908 25584 4 13766 4 11088 1916 2115 6104 1010 4427 2755 5522 4 4 2563 21522 5167 2546 2130 26951 1016 2388 5327 15773 2076 3 3043 11421 2005 3019 4064 15909 2928 9549 15339 11421 1904 4266 3 0 0 0 0 0 0 0 0 0 0 0 0 0 0 0 0 0 0 0 0 0 0 0 0 0 0 0 0 0 0 0 0 0 0 0 0 0 0 0 0 0 0 0 0 0 0 0 0 0 0 0 0 0 0 0 0 0 0 0 0 0 0 0 0 0 0 0 0 0 0 0 0 0 0 0 0 0 0 0 0 0 0 0 0 0
I1103 12:17:07.523353 47562419557440 create_pretraining_data.py:161] input_ids: 2 2115 16474 1908 25584 4 13766 4 11088 1916 2115 6104 1010 4427 2755 5522 4 4 2563 21522 5167 2546 2130 26951 1016 2388 5327 15773 2076 3 3043 11421 2005 3019 4064 15909 2928 9549 15339 11421 1904 4266 3 0 0 0 0 0 0 0 0 0 0 0 0 0 0 0 0 0 0 0 0 0 0 0 0 0 0 0 0 0 0 0 0 0 0 0 0 0 0 0 0 0 0 0 0 0 0 0 0 0 0 0 0 0 0 0 0 0 0 0 0 0 0 0 0 0 0 0 0 0 0 0 0 0 0 0 0 0 0 0 0 0 0 0 0 0
INFO:tensorflow:input_mask: 1 1 1 1 1 1 1 1 1 1 1 1 1 1 1 1 1 1 1 1 1 1 1 1 1 1 1 1 1 1 1 1 1 1 1 1 1 1 1 1 1 1 1 0 0 0 0 0 0 0 0 0 0 0 0 0 0 0 0 0 0 0 0 0 0 0 0 0 0 0 0 0 0 0 0 0 0 0 0 0 0 0 0 0 0 0 0 0 0 0 0 0 0 0 0 0 0 0 0 0 0 0 0 0 0 0 0 0 0 0 0 0 0 0 0 0 0 0 0 0 0 0 0 0 0 0 0 0
I1103 12:17:07.523515 47562419557440 create_pretraining_data.py:161] input_mask: 1 1 1 1 1 1 1 1 1 1 1 1 1 1 1 1 1 1 1 1 1 1 1 1 1 1 1 1 1 1 1 1 1 1 1 1 1 1 1 1 1 1 1 0 0 0 0 0 0 0 0 0 0 0 0 0 0 0 0 0 0 0 0 0 0 0 0 0 0 0 0 0 0 0 0 0 0 0 0 0 0 0 0 0 0 0 0 0 0 0 0 0 0 0 0 0 0 0 0 0 0 0 0 0 0 0 0 0 0 0 0 0 0 0 0 0 0 0 0 0 0 0 0 0 0 0 0 0
INFO:tensorflow:segment_ids: 0 0 0 0 0 0 0 0 0 0 0 0 0 0 0 0 0 0 0 0 0 0 0 0 0 0 0 0 0 0 1 1 1 1 1 1 1 1 1 1 1 1 1 0 0 0 0 0 0 0 0 0 0 0 0 0 0 0 0 0 0 0 0 0 0 0 0 0 0 0 0 0 0 0 0 0 0 0 0 0 0 0 0 0 0 0 0 0 0 0 0 0 0 0 0 0 0 0 0 0 0 0 0 0 0 0 0 0 0 0 0 0 0 0 0 0 0 0 0 0 0 0 0 0 0 0 0 0
I1103 12:17:07.523688 47562419557440 create_pretraining_data.py:161] segment_ids: 0 0 0 0 0 0 0 0 0 0 0 0 0 0 0 0 0 0 0 0 0 0 0 0 0 0 0 0 0 0 1 1 1 1 1 1 1 1 1 1 1 1 1 0 0 0 0 0 0 0 0 0 0 0 0 0 0 0 0 0 0 0 0 0 0 0 0 0 0 0 0 0 0 0 0 0 0 0 0 0 0 0 0 0 0 0 0 0 0 0 0 0 0 0 0 0 0 0 0 0 0 0 0 0 0 0 0 0 0 0 0 0 0 0 0 0 0 0 0 0 0 0 0 0 0 0 0 0
INFO:tensorflow:masked_lm_positions: 4 5 6 7 16 17 0 0 0 0 0 0 0 0 0 0 0 0 0 0
I1103 12:17:07.523811 47562419557440 create_pretraining_data.py:161] masked_lm_positions: 4 5 6 7 16 17 0 0 0 0 0 0 0 0 0 0 0 0 0 0
INFO:tensorflow:masked_lm_ids: 25584 6905 1988 2546 17492 1923 0 0 0 0 0 0 0 0 0 0 0 0 0 0
I1103 12:17:07.523942 47562419557440 create_pretraining_data.py:161] masked_lm_ids: 25584 6905 1988 2546 17492 1923 0 0 0 0 0 0 0 0 0 0 0 0 0 0
INFO:tensorflow:masked_lm_weights: 1.0 1.0 1.0 1.0 1.0 1.0 0.0 0.0 0.0 0.0 0.0 0.0 0.0 0.0 0.0 0.0 0.0 0.0 0.0 0.0
I1103 12:17:07.524068 47562419557440 create_pretraining_data.py:161] masked_lm_weights: 1.0 1.0 1.0 1.0 1.0 1.0 0.0 0.0 0.0 0.0 0.0 0.0 0.0 0.0 0.0 0.0 0.0 0.0 0.0 0.0
INFO:tensorflow:next_sentence_labels: 1
I1103 12:17:07.524180 47562419557440 create_pretraining_data.py:161] next_sentence_labels: 1
INFO:tensorflow:*** Example ***
I1103 12:17:07.524643 47562419557440 create_pretraining_data.py:149] *** Example ***
INFO:tensorflow:tokens: [CLS] عمري المختص ##ر [MASK] معك [MASK] ابتعد الناس قبلك ولا ##بعد وطول عمري اقول لبيه واسمع ##ك ياحي ##اه القلب يا ##وجه السعد [MASK] [SEP] [MASK] غز ##يره مصح ##وبه بالبر ##د ته ##طل علي ترب ##ه الان اللهم صي ##با نافعا طقس ترب ##ه صحيفه [MASK] [SEP]
I1103 12:17:07.524795 47562419557440 create_pretraining_data.py:151] tokens: [CLS] عمري المختص ##ر [MASK] معك [MASK] ابتعد الناس قبلك ولا ##بعد وطول عمري اقول لبيه واسمع ##ك ياحي ##اه القلب يا ##وجه السعد [MASK] [SEP] [MASK] غز ##يره مصح ##وبه بالبر ##د ته ##طل علي ترب ##ه الان اللهم صي ##با نافعا طقس ترب ##ه صحيفه [MASK] [SEP]
INFO:tensorflow:input_ids: 2 5981 22915 1017 4 4549 4 17480 2397 22619 2086 9822 28625 5981 5300 29010 27453 1014 23018 2030 3338 2104 4358 19044 4 3 4 9816 2873 27208 4199 26951 1016 3410 6496 1958 6697 1028 2311 2168 8980 2013 18505 16369 6697 1028 10077 4 3 0 0 0 0 0 0 0 0 0 0 0 0 0 0 0 0 0 0 0 0 0 0 0 0 0 0 0 0 0 0 0 0 0 0 0 0 0 0 0 0 0 0 0 0 0 0 0 0 0 0 0 0 0 0 0 0 0 0 0 0 0 0 0 0 0 0 0 0 0 0 0 0 0 0 0 0 0 0 0
I1103 12:17:07.524974 47562419557440 create_pretraining_data.py:161] input_ids: 2 5981 22915 1017 4 4549 4 17480 2397 22619 2086 9822 28625 5981 5300 29010 27453 1014 23018 2030 3338 2104 4358 19044 4 3 4 9816 2873 27208 4199 26951 1016 3410 6496 1958 6697 1028 2311 2168 8980 2013 18505 16369 6697 1028 10077 4 3 0 0 0 0 0 0 0 0 0 0 0 0 0 0 0 0 0 0 0 0 0 0 0 0 0 0 0 0 0 0 0 0 0 0 0 0 0 0 0 0 0 0 0 0 0 0 0 0 0 0 0 0 0 0 0 0 0 0 0 0 0 0 0 0 0 0 0 0 0 0 0 0 0 0 0 0 0 0 0
INFO:tensorflow:input_mask: 1 1 1 1 1 1 1 1 1 1 1 1 1 1 1 1 1 1 1 1 1 1 1 1 1 1 1 1 1 1 1 1 1 1 1 1 1 1 1 1 1 1 1 1 1 1 1 1 1 0 0 0 0 0 0 0 0 0 0 0 0 0 0 0 0 0 0 0 0 0 0 0 0 0 0 0 0 0 0 0 0 0 0 0 0 0 0 0 0 0 0 0 0 0 0 0 0 0 0 0 0 0 0 0 0 0 0 0 0 0 0 0 0 0 0 0 0 0 0 0 0 0 0 0 0 0 0 0
I1103 12:17:07.525138 47562419557440 create_pretraining_data.py:161] input_mask: 1 1 1 1 1 1 1 1 1 1 1 1 1 1 1 1 1 1 1 1 1 1 1 1 1 1 1 1 1 1 1 1 1 1 1 1 1 1 1 1 1 1 1 1 1 1 1 1 1 0 0 0 0 0 0 0 0 0 0 0 0 0 0 0 0 0 0 0 0 0 0 0 0 0 0 0 0 0 0 0 0 0 0 0 0 0 0 0 0 0 0 0 0 0 0 0 0 0 0 0 0 0 0 0 0 0 0 0 0 0 0 0 0 0 0 0 0 0 0 0 0 0 0 0 0 0 0 0
INFO:tensorflow:segment_ids: 0 0 0 0 0 0 0 0 0 0 0 0 0 0 0 0 0 0 0 0 0 0 0 0 0 0 1 1 1 1 1 1 1 1 1 1 1 1 1 1 1 1 1 1 1 1 1 1 1 0 0 0 0 0 0 0 0 0 0 0 0 0 0 0 0 0 0 0 0 0 0 0 0 0 0 0 0 0 0 0 0 0 0 0 0 0 0 0 0 0 0 0 0 0 0 0 0 0 0 0 0 0 0 0 0 0 0 0 0 0 0 0 0 0 0 0 0 0 0 0 0 0 0 0 0 0 0 0
I1103 12:17:07.525314 47562419557440 create_pretraining_data.py:161] segment_ids: 0 0 0 0 0 0 0 0 0 0 0 0 0 0 0 0 0 0 0 0 0 0 0 0 0 0 1 1 1 1 1 1 1 1 1 1 1 1 1 1 1 1 1 1 1 1 1 1 1 0 0 0 0 0 0 0 0 0 0 0 0 0 0 0 0 0 0 0 0 0 0 0 0 0 0 0 0 0 0 0 0 0 0 0 0 0 0 0 0 0 0 0 0 0 0 0 0 0 0 0 0 0 0 0 0 0 0 0 0 0 0 0 0 0 0 0 0 0 0 0 0 0 0 0 0 0 0 0
INFO:tensorflow:masked_lm_positions: 4 6 7 13 24 26 47 0 0 0 0 0 0 0 0 0 0 0 0 0
I1103 12:17:07.525438 47562419557440 create_pretraining_data.py:161] masked_lm_positions: 4 6 7 13 24 26 47 0 0 0 0 0 0 0 0 0 0 0 0 0
INFO:tensorflow:masked_lm_ids: 4236 18109 1005 5981 405 12229 15444 0 0 0 0 0 0 0 0 0 0 0 0 0
I1103 12:17:07.525557 47562419557440 create_pretraining_data.py:161] masked_lm_ids: 4236 18109 1005 5981 405 12229 15444 0 0 0 0 0 0 0 0 0 0 0 0 0
INFO:tensorflow:masked_lm_weights: 1.0 1.0 1.0 1.0 1.0 1.0 1.0 0.0 0.0 0.0 0.0 0.0 0.0 0.0 0.0 0.0 0.0 0.0 0.0 0.0
I1103 12:17:07.525679 47562419557440 create_pretraining_data.py:161] masked_lm_weights: 1.0 1.0 1.0 1.0 1.0 1.0 1.0 0.0 0.0 0.0 0.0 0.0 0.0 0.0 0.0 0.0 0.0 0.0 0.0 0.0
INFO:tensorflow:next_sentence_labels: 1
I1103 12:17:07.525791 47562419557440 create_pretraining_data.py:161] next_sentence_labels: 1
INFO:tensorflow:*** Example ***
I1103 12:17:07.526262 47562419557440 create_pretraining_data.py:149] *** Example ***
INFO:tensorflow:tokens: [CLS] حساب جميل يستحق المتابعه [SEP] حقيقه الانسان ليس بما يظهر ##ه لك [MASK] بما يفعله لاجلك لذلك اذا اردت ان تعرفه [MASK] [MASK] [MASK] الي ما يقوله بل انظر الي ما يفعله [SEP]
I1103 12:17:07.526411 47562419557440 create_pretraining_data.py:151] tokens: [CLS] حساب جميل يستحق المتابعه [SEP] حقيقه الانسان ليس بما يظهر ##ه لك [MASK] بما يفعله لاجلك لذلك اذا اردت ان تعرفه [MASK] [MASK] [MASK] الي ما يقوله بل انظر الي ما يفعله [SEP]
INFO:tensorflow:input_ids: 2 3144 3814 4564 7550 3 6722 3858 2618 2908 6507 1028 2278 4 2908 19400 21737 4216 2387 10834 1939 19903 4 4 4 2002 1972 19429 2683 9177 2002 1972 19400 3 0 0 0 0 0 0 0 0 0 0 0 0 0 0 0 0 0 0 0 0 0 0 0 0 0 0 0 0 0 0 0 0 0 0 0 0 0 0 0 0 0 0 0 0 0 0 0 0 0 0 0 0 0 0 0 0 0 0 0 0 0 0 0 0 0 0 0 0 0 0 0 0 0 0 0 0 0 0 0 0 0 0 0 0 0 0 0 0 0 0 0 0 0 0
I1103 12:17:07.526585 47562419557440 create_pretraining_data.py:161] input_ids: 2 3144 3814 4564 7550 3 6722 3858 2618 2908 6507 1028 2278 4 2908 19400 21737 4216 2387 10834 1939 19903 4 4 4 2002 1972 19429 2683 9177 2002 1972 19400 3 0 0 0 0 0 0 0 0 0 0 0 0 0 0 0 0 0 0 0 0 0 0 0 0 0 0 0 0 0 0 0 0 0 0 0 0 0 0 0 0 0 0 0 0 0 0 0 0 0 0 0 0 0 0 0 0 0 0 0 0 0 0 0 0 0 0 0 0 0 0 0 0 0 0 0 0 0 0 0 0 0 0 0 0 0 0 0 0 0 0 0 0 0 0
INFO:tensorflow:input_mask: 1 1 1 1 1 1 1 1 1 1 1 1 1 1 1 1 1 1 1 1 1 1 1 1 1 1 1 1 1 1 1 1 1 1 0 0 0 0 0 0 0 0 0 0 0 0 0 0 0 0 0 0 0 0 0 0 0 0 0 0 0 0 0 0 0 0 0 0 0 0 0 0 0 0 0 0 0 0 0 0 0 0 0 0 0 0 0 0 0 0 0 0 0 0 0 0 0 0 0 0 0 0 0 0 0 0 0 0 0 0 0 0 0 0 0 0 0 0 0 0 0 0 0 0 0 0 0 0
I1103 12:17:07.526748 47562419557440 create_pretraining_data.py:161] input_mask: 1 1 1 1 1 1 1 1 1 1 1 1 1 1 1 1 1 1 1 1 1 1 1 1 1 1 1 1 1 1 1 1 1 1 0 0 0 0 0 0 0 0 0 0 0 0 0 0 0 0 0 0 0 0 0 0 0 0 0 0 0 0 0 0 0 0 0 0 0 0 0 0 0 0 0 0 0 0 0 0 0 0 0 0 0 0 0 0 0 0 0 0 0 0 0 0 0 0 0 0 0 0 0 0 0 0 0 0 0 0 0 0 0 0 0 0 0 0 0 0 0 0 0 0 0 0 0 0
INFO:tensorflow:segment_ids: 0 0 0 0 0 0 1 1 1 1 1 1 1 1 1 1 1 1 1 1 1 1 1 1 1 1 1 1 1 1 1 1 1 1 0 0 0 0 0 0 0 0 0 0 0 0 0 0 0 0 0 0 0 0 0 0 0 0 0 0 0 0 0 0 0 0 0 0 0 0 0 0 0 0 0 0 0 0 0 0 0 0 0 0 0 0 0 0 0 0 0 0 0 0 0 0 0 0 0 0 0 0 0 0 0 0 0 0 0 0 0 0 0 0 0 0 0 0 0 0 0 0 0 0 0 0 0 0
I1103 12:17:07.526926 47562419557440 create_pretraining_data.py:161] segment_ids: 0 0 0 0 0 0 1 1 1 1 1 1 1 1 1 1 1 1 1 1 1 1 1 1 1 1 1 1 1 1 1 1 1 1 0 0 0 0 0 0 0 0 0 0 0 0 0 0 0 0 0 0 0 0 0 0 0 0 0 0 0 0 0 0 0 0 0 0 0 0 0 0 0 0 0 0 0 0 0 0 0 0 0 0 0 0 0 0 0 0 0 0 0 0 0 0 0 0 0 0 0 0 0 0 0 0 0 0 0 0 0 0 0 0 0 0 0 0 0 0 0 0 0 0 0 0 0 0
INFO:tensorflow:masked_lm_positions: 13 22 23 24 27 0 0 0 0 0 0 0 0 0 0 0 0 0 0 0
I1103 12:17:07.527054 47562419557440 create_pretraining_data.py:161] masked_lm_positions: 13 22 23 24 27 0 0 0 0 0 0 0 0 0 0 0 0 0 0 0
INFO:tensorflow:masked_lm_ids: 2683 2828 2223 1044 19429 0 0 0 0 0 0 0 0 0 0 0 0 0 0 0
I1103 12:17:07.527174 47562419557440 create_pretraining_data.py:161] masked_lm_ids: 2683 2828 2223 1044 19429 0 0 0 0 0 0 0 0 0 0 0 0 0 0 0
INFO:tensorflow:masked_lm_weights: 1.0 1.0 1.0 1.0 1.0 0.0 0.0 0.0 0.0 0.0 0.0 0.0 0.0 0.0 0.0 0.0 0.0 0.0 0.0 0.0
I1103 12:17:07.527297 47562419557440 create_pretraining_data.py:161] masked_lm_weights: 1.0 1.0 1.0 1.0 1.0 0.0 0.0 0.0 0.0 0.0 0.0 0.0 0.0 0.0 0.0 0.0 0.0 0.0 0.0 0.0
INFO:tensorflow:next_sentence_labels: 1
I1103 12:17:07.527410 47562419557440 create_pretraining_data.py:161] next_sentence_labels: 1
INFO:tensorflow:*** Example ***
I1103 12:17:07.527872 47562419557440 create_pretraining_data.py:149] *** Example ***
INFO:tensorflow:tokens: [CLS] اللهم ارحم ##رفي حبيبي علي [MASK] لو يرجع دقيقه اقوله وشك ##ثر احبه و [MASK] الكلي مشتاق ##له [SEP] اكيد ماعند ##نا سالفه اخر الليل و نق ##زر ##ها علا بعض [SEP]
I1103 12:17:07.528026 47562419557440 create_pretraining_data.py:151] tokens: [CLS] اللهم ارحم ##رفي حبيبي علي [MASK] لو يرجع دقيقه اقوله وشك ##ثر احبه و [MASK] الكلي مشتاق ##له [SEP] اكيد ماعند ##نا سالفه اخر الليل و نق ##زر ##ها علا بعض [SEP]
INFO:tensorflow:input_ids: 2 2168 4373 13051 6485 1958 4 2244 7859 8816 25571 7599 2132 10032 415 4 11607 11468 1917 3 10364 19259 1914 21077 3076 3792 415 3345 2497 1913 3317 2346 3 0 0 0 0 0 0 0 0 0 0 0 0 0 0 0 0 0 0 0 0 0 0 0 0 0 0 0 0 0 0 0 0 0 0 0 0 0 0 0 0 0 0 0 0 0 0 0 0 0 0 0 0 0 0 0 0 0 0 0 0 0 0 0 0 0 0 0 0 0 0 0 0 0 0 0 0 0 0 0 0 0 0 0 0 0 0 0 0 0 0 0 0 0 0 0
I1103 12:17:07.528200 47562419557440 create_pretraining_data.py:161] input_ids: 2 2168 4373 13051 6485 1958 4 2244 7859 8816 25571 7599 2132 10032 415 4 11607 11468 1917 3 10364 19259 1914 21077 3076 3792 415 3345 2497 1913 3317 2346 3 0 0 0 0 0 0 0 0 0 0 0 0 0 0 0 0 0 0 0 0 0 0 0 0 0 0 0 0 0 0 0 0 0 0 0 0 0 0 0 0 0 0 0 0 0 0 0 0 0 0 0 0 0 0 0 0 0 0 0 0 0 0 0 0 0 0 0 0 0 0 0 0 0 0 0 0 0 0 0 0 0 0 0 0 0 0 0 0 0 0 0 0 0 0 0
INFO:tensorflow:input_mask: 1 1 1 1 1 1 1 1 1 1 1 1 1 1 1 1 1 1 1 1 1 1 1 1 1 1 1 1 1 1 1 1 1 0 0 0 0 0 0 0 0 0 0 0 0 0 0 0 0 0 0 0 0 0 0 0 0 0 0 0 0 0 0 0 0 0 0 0 0 0 0 0 0 0 0 0 0 0 0 0 0 0 0 0 0 0 0 0 0 0 0 0 0 0 0 0 0 0 0 0 0 0 0 0 0 0 0 0 0 0 0 0 0 0 0 0 0 0 0 0 0 0 0 0 0 0 0 0
I1103 12:17:07.528366 47562419557440 create_pretraining_data.py:161] input_mask: 1 1 1 1 1 1 1 1 1 1 1 1 1 1 1 1 1 1 1 1 1 1 1 1 1 1 1 1 1 1 1 1 1 0 0 0 0 0 0 0 0 0 0 0 0 0 0 0 0 0 0 0 0 0 0 0 0 0 0 0 0 0 0 0 0 0 0 0 0 0 0 0 0 0 0 0 0 0 0 0 0 0 0 0 0 0 0 0 0 0 0 0 0 0 0 0 0 0 0 0 0 0 0 0 0 0 0 0 0 0 0 0 0 0 0 0 0 0 0 0 0 0 0 0 0 0 0 0
INFO:tensorflow:segment_ids: 0 0 0 0 0 0 0 0 0 0 0 0 0 0 0 0 0 0 0 0 1 1 1 1 1 1 1 1 1 1 1 1 1 0 0 0 0 0 0 0 0 0 0 0 0 0 0 0 0 0 0 0 0 0 0 0 0 0 0 0 0 0 0 0 0 0 0 0 0 0 0 0 0 0 0 0 0 0 0 0 0 0 0 0 0 0 0 0 0 0 0 0 0 0 0 0 0 0 0 0 0 0 0 0 0 0 0 0 0 0 0 0 0 0 0 0 0 0 0 0 0 0 0 0 0 0 0 0
I1103 12:17:07.528525 47562419557440 create_pretraining_data.py:161] segment_ids: 0 0 0 0 0 0 0 0 0 0 0 0 0 0 0 0 0 0 0 0 1 1 1 1 1 1 1 1 1 1 1 1 1 0 0 0 0 0 0 0 0 0 0 0 0 0 0 0 0 0 0 0 0 0 0 0 0 0 0 0 0 0 0 0 0 0 0 0 0 0 0 0 0 0 0 0 0 0 0 0 0 0 0 0 0 0 0 0 0 0 0 0 0 0 0 0 0 0 0 0 0 0 0 0 0 0 0 0 0 0 0 0 0 0 0 0 0 0 0 0 0 0 0 0 0 0 0 0
INFO:tensorflow:masked_lm_positions: 3 6 10 15 16 0 0 0 0 0 0 0 0 0 0 0 0 0 0 0
I1103 12:17:07.528661 47562419557440 create_pretraining_data.py:161] masked_lm_positions: 3 6 10 15 16 0 0 0 0 0 0 0 0 0 0 0 0 0 0 0
INFO:tensorflow:masked_lm_ids: 8770 9537 25571 3023 2132 0 0 0 0 0 0 0 0 0 0 0 0 0 0 0
I1103 12:17:07.528784 47562419557440 create_pretraining_data.py:161] masked_lm_ids: 8770 9537 25571 3023 2132 0 0 0 0 0 0 0 0 0 0 0 0 0 0 0
INFO:tensorflow:masked_lm_weights: 1.0 1.0 1.0 1.0 1.0 0.0 0.0 0.0 0.0 0.0 0.0 0.0 0.0 0.0 0.0 0.0 0.0 0.0 0.0 0.0
I1103 12:17:07.528906 47562419557440 create_pretraining_data.py:161] masked_lm_weights: 1.0 1.0 1.0 1.0 1.0 0.0 0.0 0.0 0.0 0.0 0.0 0.0 0.0 0.0 0.0 0.0 0.0 0.0 0.0 0.0
INFO:tensorflow:next_sentence_labels: 1
I1103 12:17:07.529026 47562419557440 create_pretraining_data.py:161] next_sentence_labels: 1
INFO:tensorflow:*** Example ***
I1103 12:17:07.529495 47562419557440 create_pretraining_data.py:149] *** Example ***
INFO:tensorflow:tokens: [CLS] ثلث القران قل هو الله احد الله [MASK] [MASK] يلد ولم يولد ولم يكن له كفوا احد [SEP] قال الشيخ ابن باز وقد علم كل [MASK] بصير ##ه وعلم باح ##وال الناس ان فش [MASK] الغناء والم ##لاه ##ي في المجتمع من [MASK] الاسباب [SEP]
I1103 12:17:07.529648 47562419557440 create_pretraining_data.py:151] tokens: [CLS] ثلث القران قل هو الله احد الله [MASK] [MASK] يلد ولم يولد ولم يكن له كفوا احد [SEP] قال الشيخ ابن باز وقد علم كل [MASK] بصير ##ه وعلم باح ##وال الناس ان فش [MASK] الغناء والم ##لاه ##ي في المجتمع من [MASK] الاسباب [SEP]
INFO:tensorflow:input_ids: 2 10119 3963 4491 2139 1953 2439 1953 4 4 12725 2743 9892 2743 3812 2154 14325 2439 3 2136 2702 2549 12974 2585 2689 2038 4 21194 1028 9060 13044 2318 2397 1939 7235 4 17210 2119 3107 1013 1912 3409 1908 4 15995 3 0 0 0 0 0 0 0 0 0 0 0 0 0 0 0 0 0 0 0 0 0 0 0 0 0 0 0 0 0 0 0 0 0 0 0 0 0 0 0 0 0 0 0 0 0 0 0 0 0 0 0 0 0 0 0 0 0 0 0 0 0 0 0 0 0 0 0 0 0 0 0 0 0 0 0 0 0 0 0 0 0 0
I1103 12:17:07.529823 47562419557440 create_pretraining_data.py:161] input_ids: 2 10119 3963 4491 2139 1953 2439 1953 4 4 12725 2743 9892 2743 3812 2154 14325 2439 3 2136 2702 2549 12974 2585 2689 2038 4 21194 1028 9060 13044 2318 2397 1939 7235 4 17210 2119 3107 1013 1912 3409 1908 4 15995 3 0 0 0 0 0 0 0 0 0 0 0 0 0 0 0 0 0 0 0 0 0 0 0 0 0 0 0 0 0 0 0 0 0 0 0 0 0 0 0 0 0 0 0 0 0 0 0 0 0 0 0 0 0 0 0 0 0 0 0 0 0 0 0 0 0 0 0 0 0 0 0 0 0 0 0 0 0 0 0 0 0 0
INFO:tensorflow:input_mask: 1 1 1 1 1 1 1 1 1 1 1 1 1 1 1 1 1 1 1 1 1 1 1 1 1 1 1 1 1 1 1 1 1 1 1 1 1 1 1 1 1 1 1 1 1 1 0 0 0 0 0 0 0 0 0 0 0 0 0 0 0 0 0 0 0 0 0 0 0 0 0 0 0 0 0 0 0 0 0 0 0 0 0 0 0 0 0 0 0 0 0 0 0 0 0 0 0 0 0 0 0 0 0 0 0 0 0 0 0 0 0 0 0 0 0 0 0 0 0 0 0 0 0 0 0 0 0 0
I1103 12:17:07.529994 47562419557440 create_pretraining_data.py:161] input_mask: 1 1 1 1 1 1 1 1 1 1 1 1 1 1 1 1 1 1 1 1 1 1 1 1 1 1 1 1 1 1 1 1 1 1 1 1 1 1 1 1 1 1 1 1 1 1 0 0 0 0 0 0 0 0 0 0 0 0 0 0 0 0 0 0 0 0 0 0 0 0 0 0 0 0 0 0 0 0 0 0 0 0 0 0 0 0 0 0 0 0 0 0 0 0 0 0 0 0 0 0 0 0 0 0 0 0 0 0 0 0 0 0 0 0 0 0 0 0 0 0 0 0 0 0 0 0 0 0
INFO:tensorflow:segment_ids: 0 0 0 0 0 0 0 0 0 0 0 0 0 0 0 0 0 0 0 1 1 1 1 1 1 1 1 1 1 1 1 1 1 1 1 1 1 1 1 1 1 1 1 1 1 1 0 0 0 0 0 0 0 0 0 0 0 0 0 0 0 0 0 0 0 0 0 0 0 0 0 0 0 0 0 0 0 0 0 0 0 0 0 0 0 0 0 0 0 0 0 0 0 0 0 0 0 0 0 0 0 0 0 0 0 0 0 0 0 0 0 0 0 0 0 0 0 0 0 0 0 0 0 0 0 0 0 0
I1103 12:17:07.530153 47562419557440 create_pretraining_data.py:161] segment_ids: 0 0 0 0 0 0 0 0 0 0 0 0 0 0 0 0 0 0 0 1 1 1 1 1 1 1 1 1 1 1 1 1 1 1 1 1 1 1 1 1 1 1 1 1 1 1 0 0 0 0 0 0 0 0 0 0 0 0 0 0 0 0 0 0 0 0 0 0 0 0 0 0 0 0 0 0 0 0 0 0 0 0 0 0 0 0 0 0 0 0 0 0 0 0 0 0 0 0 0 0 0 0 0 0 0 0 0 0 0 0 0 0 0 0 0 0 0 0 0 0 0 0 0 0 0 0 0 0
INFO:tensorflow:masked_lm_positions: 8 9 10 26 34 35 43 0 0 0 0 0 0 0 0 0 0 0 0 0
I1103 12:17:07.530290 47562419557440 create_pretraining_data.py:161] masked_lm_positions: 8 9 10 26 34 35 43 0 0 0 0 0 0 0 0 0 0 0 0 0
INFO:tensorflow:masked_lm_ids: 11173 2043 12725 6470 7235 1012 6082 0 0 0 0 0 0 0 0 0 0 0 0 0
I1103 12:17:07.530415 47562419557440 create_pretraining_data.py:161] masked_lm_ids: 11173 2043 12725 6470 7235 1012 6082 0 0 0 0 0 0 0 0 0 0 0 0 0
INFO:tensorflow:masked_lm_weights: 1.0 1.0 1.0 1.0 1.0 1.0 1.0 0.0 0.0 0.0 0.0 0.0 0.0 0.0 0.0 0.0 0.0 0.0 0.0 0.0
I1103 12:17:07.530537 47562419557440 create_pretraining_data.py:161] masked_lm_weights: 1.0 1.0 1.0 1.0 1.0 1.0 1.0 0.0 0.0 0.0 0.0 0.0 0.0 0.0 0.0 0.0 0.0 0.0 0.0 0.0
INFO:tensorflow:next_sentence_labels: 1
I1103 12:17:07.530648 47562419557440 create_pretraining_data.py:161] next_sentence_labels: 1
INFO:tensorflow:*** Example ***
I1103 12:17:07.531120 47562419557440 create_pretraining_data.py:149] *** Example ***
INFO:tensorflow:tokens: [CLS] [MASK] الخرج فيا ##ض بقي كتير الحمد لله شارك ##نا و الموضوع [MASK] الناس ما تح ##كه ##ا لكن برض ##و الله لا وهي [MASK] في [MASK] [MASK] زي دي [SEP] قال صلي الله عليه وسلم اكثروا من الصلاه علي ليله الجمعه و يوم الجمعه لعلها صلاتكم معروضه علي حديث صحيح [SEP]
I1103 12:17:07.531276 47562419557440 create_pretraining_data.py:151] tokens: [CLS] [MASK] الخرج فيا ##ض بقي كتير الحمد لله شارك ##نا و الموضوع [MASK] الناس ما تح ##كه ##ا لكن برض ##و الله لا وهي [MASK] في [MASK] [MASK] زي دي [SEP] قال صلي الله عليه وسلم اكثروا من الصلاه علي ليله الجمعه و يوم الجمعه لعلها صلاتكم معروضه علي حديث صحيح [SEP]
INFO:tensorflow:input_ids: 2 4 17783 16090 1027 4078 7926 2807 2784 5458 1914 415 3394 4 2397 1972 2125 4246 1007 2425 14234 1012 1953 1963 2843 4 1912 4 4 3253 2630 3 2136 4082 1953 2181 2565 12802 1908 4676 1958 6373 4305 415 2232 4305 19806 22585 24029 1958 3395 4053 3 0 0 0 0 0 0 0 0 0 0 0 0 0 0 0 0 0 0 0 0 0 0 0 0 0 0 0 0 0 0 0 0 0 0 0 0 0 0 0 0 0 0 0 0 0 0 0 0 0 0 0 0 0 0 0 0 0 0 0 0 0 0 0 0 0 0 0 0 0 0 0 0 0 0 0
I1103 12:17:07.531452 47562419557440 create_pretraining_data.py:161] input_ids: 2 4 17783 16090 1027 4078 7926 2807 2784 5458 1914 415 3394 4 2397 1972 2125 4246 1007 2425 14234 1012 1953 1963 2843 4 1912 4 4 3253 2630 3 2136 4082 1953 2181 2565 12802 1908 4676 1958 6373 4305 415 2232 4305 19806 22585 24029 1958 3395 4053 3 0 0 0 0 0 0 0 0 0 0 0 0 0 0 0 0 0 0 0 0 0 0 0 0 0 0 0 0 0 0 0 0 0 0 0 0 0 0 0 0 0 0 0 0 0 0 0 0 0 0 0 0 0 0 0 0 0 0 0 0 0 0 0 0 0 0 0 0 0 0 0 0 0 0 0
INFO:tensorflow:input_mask: 1 1 1 1 1 1 1 1 1 1 1 1 1 1 1 1 1 1 1 1 1 1 1 1 1 1 1 1 1 1 1 1 1 1 1 1 1 1 1 1 1 1 1 1 1 1 1 1 1 1 1 1 1 0 0 0 0 0 0 0 0 0 0 0 0 0 0 0 0 0 0 0 0 0 0 0 0 0 0 0 0 0 0 0 0 0 0 0 0 0 0 0 0 0 0 0 0 0 0 0 0 0 0 0 0 0 0 0 0 0 0 0 0 0 0 0 0 0 0 0 0 0 0 0 0 0 0 0
I1103 12:17:07.531617 47562419557440 create_pretraining_data.py:161] input_mask: 1 1 1 1 1 1 1 1 1 1 1 1 1 1 1 1 1 1 1 1 1 1 1 1 1 1 1 1 1 1 1 1 1 1 1 1 1 1 1 1 1 1 1 1 1 1 1 1 1 1 1 1 1 0 0 0 0 0 0 0 0 0 0 0 0 0 0 0 0 0 0 0 0 0 0 0 0 0 0 0 0 0 0 0 0 0 0 0 0 0 0 0 0 0 0 0 0 0 0 0 0 0 0 0 0 0 0 0 0 0 0 0 0 0 0 0 0 0 0 0 0 0 0 0 0 0 0 0
INFO:tensorflow:segment_ids: 0 0 0 0 0 0 0 0 0 0 0 0 0 0 0 0 0 0 0 0 0 0 0 0 0 0 0 0 0 0 0 0 1 1 1 1 1 1 1 1 1 1 1 1 1 1 1 1 1 1 1 1 1 0 0 0 0 0 0 0 0 0 0 0 0 0 0 0 0 0 0 0 0 0 0 0 0 0 0 0 0 0 0 0 0 0 0 0 0 0 0 0 0 0 0 0 0 0 0 0 0 0 0 0 0 0 0 0 0 0 0 0 0 0 0 0 0 0 0 0 0 0 0 0 0 0 0 0
I1103 12:17:07.531775 47562419557440 create_pretraining_data.py:161] segment_ids: 0 0 0 0 0 0 0 0 0 0 0 0 0 0 0 0 0 0 0 0 0 0 0 0 0 0 0 0 0 0 0 0 1 1 1 1 1 1 1 1 1 1 1 1 1 1 1 1 1 1 1 1 1 0 0 0 0 0 0 0 0 0 0 0 0 0 0 0 0 0 0 0 0 0 0 0 0 0 0 0 0 0 0 0 0 0 0 0 0 0 0 0 0 0 0 0 0 0 0 0 0 0 0 0 0 0 0 0 0 0 0 0 0 0 0 0 0 0 0 0 0 0 0 0 0 0 0 0
INFO:tensorflow:masked_lm_positions: 1 2 13 24 25 27 28 46 0 0 0 0 0 0 0 0 0 0 0 0
I1103 12:17:07.531916 47562419557440 create_pretraining_data.py:161] masked_lm_positions: 1 2 13 24 25 27 28 46 0 0 0 0 0 0 0 0 0 0 0 0
INFO:tensorflow:masked_lm_ids: 7765 4030 13777 6069 1914 8313 1028 2712 0 0 0 0 0 0 0 0 0 0 0 0
I1103 12:17:07.532041 47562419557440 create_pretraining_data.py:161] masked_lm_ids: 7765 4030 13777 6069 1914 8313 1028 2712 0 0 0 0 0 0 0 0 0 0 0 0
INFO:tensorflow:masked_lm_weights: 1.0 1.0 1.0 1.0 1.0 1.0 1.0 1.0 0.0 0.0 0.0 0.0 0.0 0.0 0.0 0.0 0.0 0.0 0.0 0.0
I1103 12:17:07.532163 47562419557440 create_pretraining_data.py:161] masked_lm_weights: 1.0 1.0 1.0 1.0 1.0 1.0 1.0 1.0 0.0 0.0 0.0 0.0 0.0 0.0 0.0 0.0 0.0 0.0 0.0 0.0
INFO:tensorflow:next_sentence_labels: 1
I1103 12:17:07.532274 47562419557440 create_pretraining_data.py:161] next_sentence_labels: 1
INFO:tensorflow:Wrote 9999620 total instances
I1103 13:17:33.949536 47562419557440 create_pretraining_data.py:166] Wrote 9999620 total instances
