Loading module 'all'
WARNING:tensorflow:From ../bert/create_pretraining_data.py:469: The name tf.app.run is deprecated. Please use tf.compat.v1.app.run instead.

WARNING:tensorflow:From ../bert/create_pretraining_data.py:437: The name tf.logging.set_verbosity is deprecated. Please use tf.compat.v1.logging.set_verbosity instead.

W1023 20:27:55.950858 47070890198080 module_wrapper.py:139] From ../bert/create_pretraining_data.py:437: The name tf.logging.set_verbosity is deprecated. Please use tf.compat.v1.logging.set_verbosity instead.

WARNING:tensorflow:From ../bert/create_pretraining_data.py:437: The name tf.logging.INFO is deprecated. Please use tf.compat.v1.logging.INFO instead.

W1023 20:27:55.951113 47070890198080 module_wrapper.py:139] From ../bert/create_pretraining_data.py:437: The name tf.logging.INFO is deprecated. Please use tf.compat.v1.logging.INFO instead.

WARNING:tensorflow:From /scratch/gi372/camel-mlm/bert/tokenization.py:125: The name tf.gfile.GFile is deprecated. Please use tf.io.gfile.GFile instead.

W1023 20:27:55.951334 47070890198080 module_wrapper.py:139] From /scratch/gi372/camel-mlm/bert/tokenization.py:125: The name tf.gfile.GFile is deprecated. Please use tf.io.gfile.GFile instead.

WARNING:tensorflow:From ../bert/create_pretraining_data.py:444: The name tf.gfile.Glob is deprecated. Please use tf.io.gfile.glob instead.

W1023 20:27:56.055061 47070890198080 module_wrapper.py:139] From ../bert/create_pretraining_data.py:444: The name tf.gfile.Glob is deprecated. Please use tf.io.gfile.glob instead.

WARNING:tensorflow:From ../bert/create_pretraining_data.py:446: The name tf.logging.info is deprecated. Please use tf.compat.v1.logging.info instead.

W1023 20:27:56.080899 47070890198080 module_wrapper.py:139] From ../bert/create_pretraining_data.py:446: The name tf.logging.info is deprecated. Please use tf.compat.v1.logging.info instead.

INFO:tensorflow:*** Reading from input files ***
I1023 20:27:56.081160 47070890198080 create_pretraining_data.py:446] *** Reading from input files ***
INFO:tensorflow:  ../corpora/shards/MSA-arabic-gigaword-fifth.docs.shard.026.normalized.sents
I1023 20:27:56.081261 47070890198080 create_pretraining_data.py:448]   ../corpora/shards/MSA-arabic-gigaword-fifth.docs.shard.026.normalized.sents
INFO:tensorflow:*** Writing to output files ***
I1023 20:43:57.727350 47070890198080 create_pretraining_data.py:457] *** Writing to output files ***
INFO:tensorflow:  ../corpora/tf_records/MSA-arabic-gigaword-fifth.docs.shard.026.tf_record
I1023 20:43:57.787829 47070890198080 create_pretraining_data.py:459]   ../corpora/tf_records/MSA-arabic-gigaword-fifth.docs.shard.026.tf_record
WARNING:tensorflow:From ../bert/create_pretraining_data.py:101: The name tf.python_io.TFRecordWriter is deprecated. Please use tf.io.TFRecordWriter instead.

W1023 20:43:57.851098 47070890198080 module_wrapper.py:139] From ../bert/create_pretraining_data.py:101: The name tf.python_io.TFRecordWriter is deprecated. Please use tf.io.TFRecordWriter instead.

INFO:tensorflow:*** Example ***
I1023 20:43:57.861674 47070890198080 create_pretraining_data.py:149] *** Example ***
INFO:tensorflow:tokens: [CLS] [MASK] الالاف [MASK] السكان خطر [MASK] [MASK] الذى قد يؤدى الى تخر ##يب ممت ##لكات الشعب [MASK] الاقليم ##ى . [SEP] ويضم [MASK] [MASK] [MASK] ، الذين المقدس انهم لا يحترم ##ون الاسلام او الدستور ، حوالى 80 مشر ##عا حاليا وشخصيات بارز ##ة من [MASK] الاصلاح ##ية . واشت ##كى الاصلاح ##يون الايراني ##ون اليوم من ان العدد فى قائمة المرشحين الممن ##وعين من [MASK] فى الانتخابات [MASK] التى ست ##جرى الشهر القادم مازال مرتفع ##ا للغاية وحذر ##وا من [MASK] [MASK] جماعية سيقوم بها النواب المؤ ##يدون للا ##صلاح اصبحت وشي ##كة . [SEP]
I1023 20:43:57.862549 47070890198080 create_pretraining_data.py:151] tokens: [CLS] [MASK] الالاف [MASK] السكان خطر [MASK] [MASK] الذى قد يؤدى الى تخر ##يب ممت ##لكات الشعب [MASK] الاقليم ##ى . [SEP] ويضم [MASK] [MASK] [MASK] ، الذين المقدس انهم لا يحترم ##ون الاسلام او الدستور ، حوالى 80 مشر ##عا حاليا وشخصيات بارز ##ة من [MASK] الاصلاح ##ية . واشت ##كى الاصلاح ##يون الايراني ##ون اليوم من ان العدد فى قائمة المرشحين الممن ##وعين من [MASK] فى الانتخابات [MASK] التى ست ##جرى الشهر القادم مازال مرتفع ##ا للغاية وحذر ##وا من [MASK] [MASK] جماعية سيقوم بها النواب المؤ ##يدون للا ##صلاح اصبحت وشي ##كة . [SEP]
INFO:tensorflow:input_ids: 2 4 28618 4 9621 7441 4 4 4370 2251 29602 2186 28050 2062 6002 17135 3086 4 29410 1102 18 3 23306 4 4 4 378 2677 10380 5507 1963 19608 1922 4339 2213 7593 378 12795 7209 16081 2185 4371 27448 28434 1043 1908 4 15078 1910 18 14211 14675 15078 2281 5878 1922 2217 1908 1939 6983 2230 5946 13457 20028 21105 1908 4 2230 4668 4 3411 2333 20869 4614 5744 11942 25344 1007 8851 25128 1928 1908 4 4 23474 21428 2459 5690 2550 18997 2383 6185 7762 16804 4561 18 3 0 0 0 0 0 0 0 0 0 0 0 0 0 0 0 0 0 0 0 0 0 0 0 0 0 0 0 0 0 0 0
I1023 20:43:57.863244 47070890198080 create_pretraining_data.py:161] input_ids: 2 4 28618 4 9621 7441 4 4 4370 2251 29602 2186 28050 2062 6002 17135 3086 4 29410 1102 18 3 23306 4 4 4 378 2677 10380 5507 1963 19608 1922 4339 2213 7593 378 12795 7209 16081 2185 4371 27448 28434 1043 1908 4 15078 1910 18 14211 14675 15078 2281 5878 1922 2217 1908 1939 6983 2230 5946 13457 20028 21105 1908 4 2230 4668 4 3411 2333 20869 4614 5744 11942 25344 1007 8851 25128 1928 1908 4 4 23474 21428 2459 5690 2550 18997 2383 6185 7762 16804 4561 18 3 0 0 0 0 0 0 0 0 0 0 0 0 0 0 0 0 0 0 0 0 0 0 0 0 0 0 0 0 0 0 0
INFO:tensorflow:input_mask: 1 1 1 1 1 1 1 1 1 1 1 1 1 1 1 1 1 1 1 1 1 1 1 1 1 1 1 1 1 1 1 1 1 1 1 1 1 1 1 1 1 1 1 1 1 1 1 1 1 1 1 1 1 1 1 1 1 1 1 1 1 1 1 1 1 1 1 1 1 1 1 1 1 1 1 1 1 1 1 1 1 1 1 1 1 1 1 1 1 1 1 1 1 1 1 1 1 0 0 0 0 0 0 0 0 0 0 0 0 0 0 0 0 0 0 0 0 0 0 0 0 0 0 0 0 0 0 0
I1023 20:43:57.863409 47070890198080 create_pretraining_data.py:161] input_mask: 1 1 1 1 1 1 1 1 1 1 1 1 1 1 1 1 1 1 1 1 1 1 1 1 1 1 1 1 1 1 1 1 1 1 1 1 1 1 1 1 1 1 1 1 1 1 1 1 1 1 1 1 1 1 1 1 1 1 1 1 1 1 1 1 1 1 1 1 1 1 1 1 1 1 1 1 1 1 1 1 1 1 1 1 1 1 1 1 1 1 1 1 1 1 1 1 1 0 0 0 0 0 0 0 0 0 0 0 0 0 0 0 0 0 0 0 0 0 0 0 0 0 0 0 0 0 0 0
INFO:tensorflow:segment_ids: 0 0 0 0 0 0 0 0 0 0 0 0 0 0 0 0 0 0 0 0 0 0 1 1 1 1 1 1 1 1 1 1 1 1 1 1 1 1 1 1 1 1 1 1 1 1 1 1 1 1 1 1 1 1 1 1 1 1 1 1 1 1 1 1 1 1 1 1 1 1 1 1 1 1 1 1 1 1 1 1 1 1 1 1 1 1 1 1 1 1 1 1 1 1 1 1 1 0 0 0 0 0 0 0 0 0 0 0 0 0 0 0 0 0 0 0 0 0 0 0 0 0 0 0 0 0 0 0
I1023 20:43:57.863556 47070890198080 create_pretraining_data.py:161] segment_ids: 0 0 0 0 0 0 0 0 0 0 0 0 0 0 0 0 0 0 0 0 0 0 1 1 1 1 1 1 1 1 1 1 1 1 1 1 1 1 1 1 1 1 1 1 1 1 1 1 1 1 1 1 1 1 1 1 1 1 1 1 1 1 1 1 1 1 1 1 1 1 1 1 1 1 1 1 1 1 1 1 1 1 1 1 1 1 1 1 1 1 1 1 1 1 1 1 1 0 0 0 0 0 0 0 0 0 0 0 0 0 0 0 0 0 0 0 0 0 0 0 0 0 0 0 0 0 0 0
INFO:tensorflow:masked_lm_positions: 1 3 6 7 17 23 24 25 28 46 60 66 69 82 83 0 0 0 0 0
I1023 20:43:57.863673 47070890198080 create_pretraining_data.py:161] masked_lm_positions: 1 3 6 7 17 23 24 25 28 46 60 66 69 82 83 0 0 0 0 0
INFO:tensorflow:masked_lm_ids: 10101 1908 3158 3670 18341 20028 2095 1922 5895 6045 2230 4878 15056 1939 13762 0 0 0 0 0
I1023 20:43:57.863775 47070890198080 create_pretraining_data.py:161] masked_lm_ids: 10101 1908 3158 3670 18341 20028 2095 1922 5895 6045 2230 4878 15056 1939 13762 0 0 0 0 0
INFO:tensorflow:masked_lm_weights: 1.0 1.0 1.0 1.0 1.0 1.0 1.0 1.0 1.0 1.0 1.0 1.0 1.0 1.0 1.0 0.0 0.0 0.0 0.0 0.0
I1023 20:43:57.864759 47070890198080 create_pretraining_data.py:161] masked_lm_weights: 1.0 1.0 1.0 1.0 1.0 1.0 1.0 1.0 1.0 1.0 1.0 1.0 1.0 1.0 1.0 0.0 0.0 0.0 0.0 0.0
INFO:tensorflow:next_sentence_labels: 1
I1023 20:43:57.864870 47070890198080 create_pretraining_data.py:161] next_sentence_labels: 1
INFO:tensorflow:*** Example ***
I1023 20:43:57.865774 47070890198080 create_pretraining_data.py:149] *** Example ***
INFO:tensorflow:tokens: [CLS] وقوع المزيد من الاشتباكات [MASK] اعلنت الحكومة [MASK] وقف اطلاق النار الذى تم التوصل [MASK] بوس ##اط ##ة النرويج فى 2002 . ذكرت الحكومة انها مستعدة لان تخلص المقاطعة الشمالية تماما من المتمردين بعد ان قضت بالفعل على سيطرة الجبهة على المقاطعة [MASK] . يذكر ان [MASK] [MASK] 70 الف شخص لق ##وا مصرع ##هم فى هذا الصراع منذ منتصف [MASK] [MASK] [MASK] . وتح ##ارب الجبهة من اجل اقامة وطن مستقل لاق ##لية [MASK] [MASK] فى المقاطع ##ات الشمالية والشرق ##ية بزع [MASK] تعرضه ##ا للتم ##يي ##ز ضده ##ا على يد [MASK] [MASK] السنه [SEP] [MASK] واع ##رب زعماء [MASK] الاخرى المكون ##ة للج ##بهة الوطنية الحاكمة عن تأييد ##هم لخ ##طة انتقال السلطة التى يعتقد انها سوف تعود بالن ##فع على البلاد . [SEP]
I1023 20:43:57.865977 47070890198080 create_pretraining_data.py:151] tokens: [CLS] وقوع المزيد من الاشتباكات [MASK] اعلنت الحكومة [MASK] وقف اطلاق النار الذى تم التوصل [MASK] بوس ##اط ##ة النرويج فى 2002 . ذكرت الحكومة انها مستعدة لان تخلص المقاطعة الشمالية تماما من المتمردين بعد ان قضت بالفعل على سيطرة الجبهة على المقاطعة [MASK] . يذكر ان [MASK] [MASK] 70 الف شخص لق ##وا مصرع ##هم فى هذا الصراع منذ منتصف [MASK] [MASK] [MASK] . وتح ##ارب الجبهة من اجل اقامة وطن مستقل لاق ##لية [MASK] [MASK] فى المقاطع ##ات الشمالية والشرق ##ية بزع [MASK] تعرضه ##ا للتم ##يي ##ز ضده ##ا على يد [MASK] [MASK] السنه [SEP] [MASK] واع ##رب زعماء [MASK] الاخرى المكون ##ة للج ##بهة الوطنية الحاكمة عن تأييد ##هم لخ ##طة انتقال السلطة التى يعتقد انها سوف تعود بالن ##فع على البلاد . [SEP]
INFO:tensorflow:input_ids: 2 10745 4714 1908 25438 4 11139 3130 4 5127 8784 3919 4370 2172 11592 4 7291 2423 1043 14993 2230 12869 18 8082 3130 3550 27632 2551 17385 23224 6403 5410 1908 25766 2089 1939 23527 8633 1961 16506 12405 1961 23224 4 18 4853 1939 4 4 7201 1980 2489 2794 1928 15365 1949 2230 2085 9495 2837 8151 4 4 4 18 3408 2433 12405 1908 4434 16929 4482 17306 25180 2082 4 4 2230 29116 1904 6403 23903 1910 29432 4 24510 1007 28708 5222 1008 17255 1007 1961 2474 4 4 4917 3 4 4780 1975 19288 4 8545 12516 1043 2970 6706 3857 24296 1955 20531 1949 4872 2345 13446 5422 3411 8349 3550 3641 6103 3229 2241 1961 3992 18 3
I1023 20:43:57.866155 47070890198080 create_pretraining_data.py:161] input_ids: 2 10745 4714 1908 25438 4 11139 3130 4 5127 8784 3919 4370 2172 11592 4 7291 2423 1043 14993 2230 12869 18 8082 3130 3550 27632 2551 17385 23224 6403 5410 1908 25766 2089 1939 23527 8633 1961 16506 12405 1961 23224 4 18 4853 1939 4 4 7201 1980 2489 2794 1928 15365 1949 2230 2085 9495 2837 8151 4 4 4 18 3408 2433 12405 1908 4434 16929 4482 17306 25180 2082 4 4 2230 29116 1904 6403 23903 1910 29432 4 24510 1007 28708 5222 1008 17255 1007 1961 2474 4 4 4917 3 4 4780 1975 19288 4 8545 12516 1043 2970 6706 3857 24296 1955 20531 1949 4872 2345 13446 5422 3411 8349 3550 3641 6103 3229 2241 1961 3992 18 3
INFO:tensorflow:input_mask: 1 1 1 1 1 1 1 1 1 1 1 1 1 1 1 1 1 1 1 1 1 1 1 1 1 1 1 1 1 1 1 1 1 1 1 1 1 1 1 1 1 1 1 1 1 1 1 1 1 1 1 1 1 1 1 1 1 1 1 1 1 1 1 1 1 1 1 1 1 1 1 1 1 1 1 1 1 1 1 1 1 1 1 1 1 1 1 1 1 1 1 1 1 1 1 1 1 1 1 1 1 1 1 1 1 1 1 1 1 1 1 1 1 1 1 1 1 1 1 1 1 1 1 1 1 1 1 1
I1023 20:43:57.866300 47070890198080 create_pretraining_data.py:161] input_mask: 1 1 1 1 1 1 1 1 1 1 1 1 1 1 1 1 1 1 1 1 1 1 1 1 1 1 1 1 1 1 1 1 1 1 1 1 1 1 1 1 1 1 1 1 1 1 1 1 1 1 1 1 1 1 1 1 1 1 1 1 1 1 1 1 1 1 1 1 1 1 1 1 1 1 1 1 1 1 1 1 1 1 1 1 1 1 1 1 1 1 1 1 1 1 1 1 1 1 1 1 1 1 1 1 1 1 1 1 1 1 1 1 1 1 1 1 1 1 1 1 1 1 1 1 1 1 1 1
INFO:tensorflow:segment_ids: 0 0 0 0 0 0 0 0 0 0 0 0 0 0 0 0 0 0 0 0 0 0 0 0 0 0 0 0 0 0 0 0 0 0 0 0 0 0 0 0 0 0 0 0 0 0 0 0 0 0 0 0 0 0 0 0 0 0 0 0 0 0 0 0 0 0 0 0 0 0 0 0 0 0 0 0 0 0 0 0 0 0 0 0 0 0 0 0 0 0 0 0 0 0 0 0 0 0 1 1 1 1 1 1 1 1 1 1 1 1 1 1 1 1 1 1 1 1 1 1 1 1 1 1 1 1 1 1
I1023 20:43:57.866455 47070890198080 create_pretraining_data.py:161] segment_ids: 0 0 0 0 0 0 0 0 0 0 0 0 0 0 0 0 0 0 0 0 0 0 0 0 0 0 0 0 0 0 0 0 0 0 0 0 0 0 0 0 0 0 0 0 0 0 0 0 0 0 0 0 0 0 0 0 0 0 0 0 0 0 0 0 0 0 0 0 0 0 0 0 0 0 0 0 0 0 0 0 0 0 0 0 0 0 0 0 0 0 0 0 0 0 0 0 0 0 1 1 1 1 1 1 1 1 1 1 1 1 1 1 1 1 1 1 1 1 1 1 1 1 1 1 1 1 1 1
INFO:tensorflow:masked_lm_positions: 5 8 15 27 43 47 48 61 62 63 75 76 83 84 94 95 98 102 110 0
I1023 20:43:57.866561 47070890198080 create_pretraining_data.py:161] masked_lm_positions: 5 8 15 27 43 47 48 61 62 63 75 76 83 84 94 95 98 102 110 0
INFO:tensorflow:masked_lm_ids: 2455 15075 3055 2551 6237 2695 1908 17866 7412 1005 14640 2027 29432 1015 4404 5988 6 15118 1955 0
I1023 20:43:57.866669 47070890198080 create_pretraining_data.py:161] masked_lm_ids: 2455 15075 3055 2551 6237 2695 1908 17866 7412 1005 14640 2027 29432 1015 4404 5988 6 15118 1955 0
INFO:tensorflow:masked_lm_weights: 1.0 1.0 1.0 1.0 1.0 1.0 1.0 1.0 1.0 1.0 1.0 1.0 1.0 1.0 1.0 1.0 1.0 1.0 1.0 0.0
I1023 20:43:57.866772 47070890198080 create_pretraining_data.py:161] masked_lm_weights: 1.0 1.0 1.0 1.0 1.0 1.0 1.0 1.0 1.0 1.0 1.0 1.0 1.0 1.0 1.0 1.0 1.0 1.0 1.0 0.0
INFO:tensorflow:next_sentence_labels: 1
I1023 20:43:57.866863 47070890198080 create_pretraining_data.py:161] next_sentence_labels: 1
INFO:tensorflow:*** Example ***
I1023 20:43:57.867699 47070890198080 create_pretraining_data.py:149] *** Example ***
INFO:tensorflow:tokens: [CLS] جاء [MASK] [MASK] رسم ##ى نشرته فى وقت سابق الحكومة اليابانية بغير اليابان تعتزم تعزيز علاقاتها مع دول ومنا ##طق الباس ##فيك خلال القمة التى تعقد كل ثلاثة [MASK] منذ 1997 لضمان الاستقرار وتعزيز الر ##خاء فى المنطقة . [SEP] واكد " يجب تقديم الدعم الرومانسية [MASK] من اجل ان تتواصل [MASK] بدون اى انقطاع او [MASK] محدد لها , ولت ##ستمر الى الفترة التى تحقق فيها النتائج المطلوبة . " وايد وجهة نظر مصر العديد من دول العالم مثل سويسرا ومالي ##زيا وكن ##دا ودول اخرى . اما السفير ¤ô [MASK] هيل ##ج [MASK] سويسرا وعب فى المنظمة [MASK] فقال انه لا [MASK] ان الوقت [MASK] حان لاستخدام القوة , وان حكومة بلاده ##قدار [MASK] جدا ازاء عواقب [MASK] عمل عسكر ##ى [MASK] المدنيين . [SEP]
I1023 20:43:57.867907 47070890198080 create_pretraining_data.py:151] tokens: [CLS] جاء [MASK] [MASK] رسم ##ى نشرته فى وقت سابق الحكومة اليابانية بغير اليابان تعتزم تعزيز علاقاتها مع دول ومنا ##طق الباس ##فيك خلال القمة التى تعقد كل ثلاثة [MASK] منذ 1997 لضمان الاستقرار وتعزيز الر ##خاء فى المنطقة . [SEP] واكد " يجب تقديم الدعم الرومانسية [MASK] من اجل ان تتواصل [MASK] بدون اى انقطاع او [MASK] محدد لها , ولت ##ستمر الى الفترة التى تحقق فيها النتائج المطلوبة . " وايد وجهة نظر مصر العديد من دول العالم مثل سويسرا ومالي ##زيا وكن ##دا ودول اخرى . اما السفير ¤ô [MASK] هيل ##ج [MASK] سويسرا وعب فى المنظمة [MASK] فقال انه لا [MASK] ان الوقت [MASK] حان لاستخدام القوة , وان حكومة بلاده ##قدار [MASK] جدا ازاء عواقب [MASK] عمل عسكر ##ى [MASK] المدنيين . [SEP]
INFO:tensorflow:input_ids: 2 3539 4 4 4315 1102 22542 2230 2758 7442 3130 12570 6903 7848 24162 7293 19470 1973 4022 9497 3249 15175 12305 2317 10178 3411 16779 2038 4576 4 2837 18780 11851 10828 13744 2017 10622 2230 3549 18 3 10059 6 3163 4495 4534 26436 4 1908 4434 1939 26161 4 3279 10300 17398 2213 4 17253 2553 16 9784 13365 2186 5059 3411 7827 2443 7665 10849 18 6 20666 7286 4461 2559 4145 1908 4022 2337 2546 12232 21440 7313 9381 2060 16523 5625 18 3910 6865 10653 4 27404 1041 4 12232 16635 2230 7784 4 3312 2615 1963 4 1939 3021 4 13269 17232 8112 16 2178 5083 8181 8103 4 2882 27800 29938 4 2979 24697 1102 4 10683 18 3
I1023 20:43:57.868111 47070890198080 create_pretraining_data.py:161] input_ids: 2 3539 4 4 4315 1102 22542 2230 2758 7442 3130 12570 6903 7848 24162 7293 19470 1973 4022 9497 3249 15175 12305 2317 10178 3411 16779 2038 4576 4 2837 18780 11851 10828 13744 2017 10622 2230 3549 18 3 10059 6 3163 4495 4534 26436 4 1908 4434 1939 26161 4 3279 10300 17398 2213 4 17253 2553 16 9784 13365 2186 5059 3411 7827 2443 7665 10849 18 6 20666 7286 4461 2559 4145 1908 4022 2337 2546 12232 21440 7313 9381 2060 16523 5625 18 3910 6865 10653 4 27404 1041 4 12232 16635 2230 7784 4 3312 2615 1963 4 1939 3021 4 13269 17232 8112 16 2178 5083 8181 8103 4 2882 27800 29938 4 2979 24697 1102 4 10683 18 3
INFO:tensorflow:input_mask: 1 1 1 1 1 1 1 1 1 1 1 1 1 1 1 1 1 1 1 1 1 1 1 1 1 1 1 1 1 1 1 1 1 1 1 1 1 1 1 1 1 1 1 1 1 1 1 1 1 1 1 1 1 1 1 1 1 1 1 1 1 1 1 1 1 1 1 1 1 1 1 1 1 1 1 1 1 1 1 1 1 1 1 1 1 1 1 1 1 1 1 1 1 1 1 1 1 1 1 1 1 1 1 1 1 1 1 1 1 1 1 1 1 1 1 1 1 1 1 1 1 1 1 1 1 1 1 1
I1023 20:43:57.868276 47070890198080 create_pretraining_data.py:161] input_mask: 1 1 1 1 1 1 1 1 1 1 1 1 1 1 1 1 1 1 1 1 1 1 1 1 1 1 1 1 1 1 1 1 1 1 1 1 1 1 1 1 1 1 1 1 1 1 1 1 1 1 1 1 1 1 1 1 1 1 1 1 1 1 1 1 1 1 1 1 1 1 1 1 1 1 1 1 1 1 1 1 1 1 1 1 1 1 1 1 1 1 1 1 1 1 1 1 1 1 1 1 1 1 1 1 1 1 1 1 1 1 1 1 1 1 1 1 1 1 1 1 1 1 1 1 1 1 1 1
INFO:tensorflow:segment_ids: 0 0 0 0 0 0 0 0 0 0 0 0 0 0 0 0 0 0 0 0 0 0 0 0 0 0 0 0 0 0 0 0 0 0 0 0 0 0 0 0 0 1 1 1 1 1 1 1 1 1 1 1 1 1 1 1 1 1 1 1 1 1 1 1 1 1 1 1 1 1 1 1 1 1 1 1 1 1 1 1 1 1 1 1 1 1 1 1 1 1 1 1 1 1 1 1 1 1 1 1 1 1 1 1 1 1 1 1 1 1 1 1 1 1 1 1 1 1 1 1 1 1 1 1 1 1 1 1
I1023 20:43:57.868431 47070890198080 create_pretraining_data.py:161] segment_ids: 0 0 0 0 0 0 0 0 0 0 0 0 0 0 0 0 0 0 0 0 0 0 0 0 0 0 0 0 0 0 0 0 0 0 0 0 0 0 0 0 0 1 1 1 1 1 1 1 1 1 1 1 1 1 1 1 1 1 1 1 1 1 1 1 1 1 1 1 1 1 1 1 1 1 1 1 1 1 1 1 1 1 1 1 1 1 1 1 1 1 1 1 1 1 1 1 1 1 1 1 1 1 1 1 1 1 1 1 1 1 1 1 1 1 1 1 1 1 1 1 1 1 1 1 1 1 1 1
INFO:tensorflow:masked_lm_positions: 2 3 12 29 46 47 52 57 91 92 95 97 100 104 107 115 116 120 124 0
I1023 20:43:57.868545 47070890198080 create_pretraining_data.py:161] masked_lm_positions: 2 3 12 29 46 47 52 57 91 92 95 97 100 104 107 115 116 120 124 0
INFO:tensorflow:masked_lm_ids: 2230 4219 1939 20034 10997 18915 16 5711 2260 1916 15277 11134 3917 8349 2251 12122 1043 10300 1961 0
I1023 20:43:57.868661 47070890198080 create_pretraining_data.py:161] masked_lm_ids: 2230 4219 1939 20034 10997 18915 16 5711 2260 1916 15277 11134 3917 8349 2251 12122 1043 10300 1961 0
INFO:tensorflow:masked_lm_weights: 1.0 1.0 1.0 1.0 1.0 1.0 1.0 1.0 1.0 1.0 1.0 1.0 1.0 1.0 1.0 1.0 1.0 1.0 1.0 0.0
I1023 20:43:57.868774 47070890198080 create_pretraining_data.py:161] masked_lm_weights: 1.0 1.0 1.0 1.0 1.0 1.0 1.0 1.0 1.0 1.0 1.0 1.0 1.0 1.0 1.0 1.0 1.0 1.0 1.0 0.0
INFO:tensorflow:next_sentence_labels: 1
I1023 20:43:57.868873 47070890198080 create_pretraining_data.py:161] next_sentence_labels: 1
INFO:tensorflow:*** Example ***
I1023 20:43:57.869738 47070890198080 create_pretraining_data.py:149] *** Example ***
INFO:tensorflow:tokens: [CLS] يدل ##ى الناخب ##ون فى الجبل الاسود باص ##واتهم فى استفتاء اليوم / الاحد / بدءا من الساعة الثامنة صباحا [MASK] [MASK] المحل ##ى ##بيوتر 06 : 00 بتوقيت جرينتش ) لتق ##رير ماذا ##رحيم البلاد [MASK] فى اتحاد [MASK] صربيا والج ##بل الاسود أم تحصل على الاستقلال . [SEP] ##صلة بين إسرائيل وقطاع غزة ، بمناسبة الذكرى الثالثة لأس ##ر جل ##عاد شال ##يط [MASK] حاولت بالمائة منع دخول آليات تابعة للامم المتحدة [MASK] إم ##دادات غذائية [MASK] قطاع غزة ، مطالبة بت ##لقي معلومات حول مصير شال ##يط . وكان الجندي شال ##يط ( 22 عاما ) الذي يحمل الجنسي ##تين الإسرائيلية والفر ##نسية قد تم الحاج ##ه في [MASK] [MASK] [MASK] في عملية نفذت ##ها ثلاث مجموعات مسلحة فلسطينية ، أبرزها كتائب [MASK] [SEP]
I1023 20:43:57.869933 47070890198080 create_pretraining_data.py:151] tokens: [CLS] يدل ##ى الناخب ##ون فى الجبل الاسود باص ##واتهم فى استفتاء اليوم / الاحد / بدءا من الساعة الثامنة صباحا [MASK] [MASK] المحل ##ى ##بيوتر 06 : 00 بتوقيت جرينتش ) لتق ##رير ماذا ##رحيم البلاد [MASK] فى اتحاد [MASK] صربيا والج ##بل الاسود أم تحصل على الاستقلال . [SEP] ##صلة بين إسرائيل وقطاع غزة ، بمناسبة الذكرى الثالثة لأس ##ر جل ##عاد شال ##يط [MASK] حاولت بالمائة منع دخول آليات تابعة للامم المتحدة [MASK] إم ##دادات غذائية [MASK] قطاع غزة ، مطالبة بت ##لقي معلومات حول مصير شال ##يط . وكان الجندي شال ##يط ( 22 عاما ) الذي يحمل الجنسي ##تين الإسرائيلية والفر ##نسية قد تم الحاج ##ه في [MASK] [MASK] [MASK] في عملية نفذت ##ها ثلاث مجموعات مسلحة فلسطينية ، أبرزها كتائب [MASK] [SEP]
INFO:tensorflow:input_ids: 2 8858 1102 14440 1922 2230 11877 12240 12391 25426 2230 16986 2217 19 6187 19 14691 1908 4578 11043 6116 4 4 22175 1102 3311 6084 30 4200 13964 28003 13 12866 3401 4682 28726 3992 4 2230 5984 4 29134 3057 2108 12240 2239 9762 1961 8338 18 3 6330 2117 4741 28292 4735 378 6957 10825 4455 17527 1017 10144 2376 21496 4161 4 11083 14785 6129 5090 18458 12713 20845 2687 4 5306 28949 17193 4 4767 4735 378 21378 2206 6192 4733 2528 10155 21496 4161 18 2648 20592 21496 4161 12 4063 4024 13 2130 6372 15141 3232 8078 11716 3831 2251 2172 5341 1028 1912 4 4 4 1912 2532 20732 1913 2917 12746 22952 14085 378 22640 20536 4 3
I1023 20:43:57.870137 47070890198080 create_pretraining_data.py:161] input_ids: 2 8858 1102 14440 1922 2230 11877 12240 12391 25426 2230 16986 2217 19 6187 19 14691 1908 4578 11043 6116 4 4 22175 1102 3311 6084 30 4200 13964 28003 13 12866 3401 4682 28726 3992 4 2230 5984 4 29134 3057 2108 12240 2239 9762 1961 8338 18 3 6330 2117 4741 28292 4735 378 6957 10825 4455 17527 1017 10144 2376 21496 4161 4 11083 14785 6129 5090 18458 12713 20845 2687 4 5306 28949 17193 4 4767 4735 378 21378 2206 6192 4733 2528 10155 21496 4161 18 2648 20592 21496 4161 12 4063 4024 13 2130 6372 15141 3232 8078 11716 3831 2251 2172 5341 1028 1912 4 4 4 1912 2532 20732 1913 2917 12746 22952 14085 378 22640 20536 4 3
INFO:tensorflow:input_mask: 1 1 1 1 1 1 1 1 1 1 1 1 1 1 1 1 1 1 1 1 1 1 1 1 1 1 1 1 1 1 1 1 1 1 1 1 1 1 1 1 1 1 1 1 1 1 1 1 1 1 1 1 1 1 1 1 1 1 1 1 1 1 1 1 1 1 1 1 1 1 1 1 1 1 1 1 1 1 1 1 1 1 1 1 1 1 1 1 1 1 1 1 1 1 1 1 1 1 1 1 1 1 1 1 1 1 1 1 1 1 1 1 1 1 1 1 1 1 1 1 1 1 1 1 1 1 1 1
I1023 20:43:57.870297 47070890198080 create_pretraining_data.py:161] input_mask: 1 1 1 1 1 1 1 1 1 1 1 1 1 1 1 1 1 1 1 1 1 1 1 1 1 1 1 1 1 1 1 1 1 1 1 1 1 1 1 1 1 1 1 1 1 1 1 1 1 1 1 1 1 1 1 1 1 1 1 1 1 1 1 1 1 1 1 1 1 1 1 1 1 1 1 1 1 1 1 1 1 1 1 1 1 1 1 1 1 1 1 1 1 1 1 1 1 1 1 1 1 1 1 1 1 1 1 1 1 1 1 1 1 1 1 1 1 1 1 1 1 1 1 1 1 1 1 1
INFO:tensorflow:segment_ids: 0 0 0 0 0 0 0 0 0 0 0 0 0 0 0 0 0 0 0 0 0 0 0 0 0 0 0 0 0 0 0 0 0 0 0 0 0 0 0 0 0 0 0 0 0 0 0 0 0 0 0 1 1 1 1 1 1 1 1 1 1 1 1 1 1 1 1 1 1 1 1 1 1 1 1 1 1 1 1 1 1 1 1 1 1 1 1 1 1 1 1 1 1 1 1 1 1 1 1 1 1 1 1 1 1 1 1 1 1 1 1 1 1 1 1 1 1 1 1 1 1 1 1 1 1 1 1 1
I1023 20:43:57.870462 47070890198080 create_pretraining_data.py:161] segment_ids: 0 0 0 0 0 0 0 0 0 0 0 0 0 0 0 0 0 0 0 0 0 0 0 0 0 0 0 0 0 0 0 0 0 0 0 0 0 0 0 0 0 0 0 0 0 0 0 0 0 0 0 1 1 1 1 1 1 1 1 1 1 1 1 1 1 1 1 1 1 1 1 1 1 1 1 1 1 1 1 1 1 1 1 1 1 1 1 1 1 1 1 1 1 1 1 1 1 1 1 1 1 1 1 1 1 1 1 1 1 1 1 1 1 1 1 1 1 1 1 1 1 1 1 1 1 1 1 1
INFO:tensorflow:masked_lm_positions: 21 22 25 35 37 40 66 68 75 79 107 109 110 112 113 114 115 124 126 0
I1023 20:43:57.870579 47070890198080 create_pretraining_data.py:161] masked_lm_positions: 21 22 25 35 37 40 66 68 75 79 107 109 110 112 113 114 115 124 126 0
INFO:tensorflow:masked_lm_ids: 2619 22045 12 2431 17246 3913 378 9092 16079 2186 2251 16419 1028 3525 5331 8215 1912 22640 3280 0
I1023 20:43:57.870699 47070890198080 create_pretraining_data.py:161] masked_lm_ids: 2619 22045 12 2431 17246 3913 378 9092 16079 2186 2251 16419 1028 3525 5331 8215 1912 22640 3280 0
INFO:tensorflow:masked_lm_weights: 1.0 1.0 1.0 1.0 1.0 1.0 1.0 1.0 1.0 1.0 1.0 1.0 1.0 1.0 1.0 1.0 1.0 1.0 1.0 0.0
I1023 20:43:57.870811 47070890198080 create_pretraining_data.py:161] masked_lm_weights: 1.0 1.0 1.0 1.0 1.0 1.0 1.0 1.0 1.0 1.0 1.0 1.0 1.0 1.0 1.0 1.0 1.0 1.0 1.0 0.0
INFO:tensorflow:next_sentence_labels: 1
I1023 20:43:57.870912 47070890198080 create_pretraining_data.py:161] next_sentence_labels: 1
INFO:tensorflow:*** Example ***
I1023 20:43:57.871743 47070890198080 create_pretraining_data.py:149] *** Example ***
INFO:tensorflow:tokens: [CLS] كما اعترف ##ت وزارة الدفاع البريطانية فى وثيقة نشرت فى [MASK] بان من الدروس التى تم تعلم ##ها من عملية العراق " حدوث بعض النقص فى [MASK] " . [SEP] الأمريكي جورج بوش التوجه إلى [MASK] [MASK] [MASK] [MASK] الشهر الحالي ، دون وضع [MASK] [MASK] [MASK] الزهور على ضر ##يح الرئيس الفلسطيني الراحل [MASK] عرفات . [MASK] موقع راديو " سوا [MASK] الأمريكي إن مسئولي ##ن فلسطينيين أعرب ##وا أمس الاثنين [MASK] خيب ##ة أمل ##هم [MASK] بعد أن [MASK] ##وا أن يضيع بوش لا ينوي زيارة ضر ##يح عرفات . وفي السياق نفسه ذكرت صحيفة " جرو ##زال ##يم بوست " في عددها الصادر اليوم الثلاثاء إن الرئيس [MASK] الذي سي ##زور أيضا أريحا وبيت لحم لا ينوي حتى المرور بالقرب [MASK] ضر ##يح [SEP]
I1023 20:43:57.871941 47070890198080 create_pretraining_data.py:151] tokens: [CLS] كما اعترف ##ت وزارة الدفاع البريطانية فى وثيقة نشرت فى [MASK] بان من الدروس التى تم تعلم ##ها من عملية العراق " حدوث بعض النقص فى [MASK] " . [SEP] الأمريكي جورج بوش التوجه إلى [MASK] [MASK] [MASK] [MASK] الشهر الحالي ، دون وضع [MASK] [MASK] [MASK] الزهور على ضر ##يح الرئيس الفلسطيني الراحل [MASK] عرفات . [MASK] موقع راديو " سوا [MASK] الأمريكي إن مسئولي ##ن فلسطينيين أعرب ##وا أمس الاثنين [MASK] خيب ##ة أمل ##هم [MASK] بعد أن [MASK] ##وا أن يضيع بوش لا ينوي زيارة ضر ##يح عرفات . وفي السياق نفسه ذكرت صحيفة " جرو ##زال ##يم بوست " في عددها الصادر اليوم الثلاثاء إن الرئيس [MASK] الذي سي ##زور أيضا أريحا وبيت لحم لا ينوي حتى المرور بالقرب [MASK] ضر ##يح [SEP]
INFO:tensorflow:input_ids: 2 2306 11583 1005 3433 4197 7429 2230 14473 10936 2230 4 2768 1908 9681 3411 2172 3698 1913 1908 2532 2906 6 8955 2346 19202 2230 4 6 18 3 5939 7089 8614 13852 2045 4 4 4 4 4614 5350 378 2571 3462 4 4 4 16318 1961 4948 4803 2554 4191 9570 4 13755 18 4 2867 18012 6 7357 4 5939 2259 28635 1006 22821 20660 1928 3924 4439 4 28181 1043 10904 1949 4 2089 1979 4 1928 1979 14720 8614 1963 29253 5693 4948 4803 13755 18 2427 12007 3081 8082 5183 6 19444 3622 2019 14200 6 1912 17604 12132 2217 4238 2259 2554 4 2130 2266 23751 3112 22747 27045 9564 1963 29253 2494 9152 8786 4 4948 4803 3
I1023 20:43:57.872127 47070890198080 create_pretraining_data.py:161] input_ids: 2 2306 11583 1005 3433 4197 7429 2230 14473 10936 2230 4 2768 1908 9681 3411 2172 3698 1913 1908 2532 2906 6 8955 2346 19202 2230 4 6 18 3 5939 7089 8614 13852 2045 4 4 4 4 4614 5350 378 2571 3462 4 4 4 16318 1961 4948 4803 2554 4191 9570 4 13755 18 4 2867 18012 6 7357 4 5939 2259 28635 1006 22821 20660 1928 3924 4439 4 28181 1043 10904 1949 4 2089 1979 4 1928 1979 14720 8614 1963 29253 5693 4948 4803 13755 18 2427 12007 3081 8082 5183 6 19444 3622 2019 14200 6 1912 17604 12132 2217 4238 2259 2554 4 2130 2266 23751 3112 22747 27045 9564 1963 29253 2494 9152 8786 4 4948 4803 3
INFO:tensorflow:input_mask: 1 1 1 1 1 1 1 1 1 1 1 1 1 1 1 1 1 1 1 1 1 1 1 1 1 1 1 1 1 1 1 1 1 1 1 1 1 1 1 1 1 1 1 1 1 1 1 1 1 1 1 1 1 1 1 1 1 1 1 1 1 1 1 1 1 1 1 1 1 1 1 1 1 1 1 1 1 1 1 1 1 1 1 1 1 1 1 1 1 1 1 1 1 1 1 1 1 1 1 1 1 1 1 1 1 1 1 1 1 1 1 1 1 1 1 1 1 1 1 1 1 1 1 1 1 1 1 1
I1023 20:43:57.872303 47070890198080 create_pretraining_data.py:161] input_mask: 1 1 1 1 1 1 1 1 1 1 1 1 1 1 1 1 1 1 1 1 1 1 1 1 1 1 1 1 1 1 1 1 1 1 1 1 1 1 1 1 1 1 1 1 1 1 1 1 1 1 1 1 1 1 1 1 1 1 1 1 1 1 1 1 1 1 1 1 1 1 1 1 1 1 1 1 1 1 1 1 1 1 1 1 1 1 1 1 1 1 1 1 1 1 1 1 1 1 1 1 1 1 1 1 1 1 1 1 1 1 1 1 1 1 1 1 1 1 1 1 1 1 1 1 1 1 1 1
INFO:tensorflow:segment_ids: 0 0 0 0 0 0 0 0 0 0 0 0 0 0 0 0 0 0 0 0 0 0 0 0 0 0 0 0 0 0 0 1 1 1 1 1 1 1 1 1 1 1 1 1 1 1 1 1 1 1 1 1 1 1 1 1 1 1 1 1 1 1 1 1 1 1 1 1 1 1 1 1 1 1 1 1 1 1 1 1 1 1 1 1 1 1 1 1 1 1 1 1 1 1 1 1 1 1 1 1 1 1 1 1 1 1 1 1 1 1 1 1 1 1 1 1 1 1 1 1 1 1 1 1 1 1 1 1
I1023 20:43:57.872459 47070890198080 create_pretraining_data.py:161] segment_ids: 0 0 0 0 0 0 0 0 0 0 0 0 0 0 0 0 0 0 0 0 0 0 0 0 0 0 0 0 0 0 0 1 1 1 1 1 1 1 1 1 1 1 1 1 1 1 1 1 1 1 1 1 1 1 1 1 1 1 1 1 1 1 1 1 1 1 1 1 1 1 1 1 1 1 1 1 1 1 1 1 1 1 1 1 1 1 1 1 1 1 1 1 1 1 1 1 1 1 1 1 1 1 1 1 1 1 1 1 1 1 1 1 1 1 1 1 1 1 1 1 1 1 1 1 1 1 1 1
INFO:tensorflow:masked_lm_positions: 11 27 36 37 38 39 45 46 47 55 58 63 73 78 81 82 84 111 124 0
I1023 20:43:57.872573 47070890198080 create_pretraining_data.py:161] masked_lm_positions: 11 27 36 37 38 39 45 46 47 55 58 63 73 78 81 82 84 111 124 0
INFO:tensorflow:masked_lm_ids: 4843 15330 5188 12262 2849 4588 19271 2623 1908 6412 2484 6 1955 7501 2689 1928 2554 8614 1908 0
I1023 20:43:57.872690 47070890198080 create_pretraining_data.py:161] masked_lm_ids: 4843 15330 5188 12262 2849 4588 19271 2623 1908 6412 2484 6 1955 7501 2689 1928 2554 8614 1908 0
INFO:tensorflow:masked_lm_weights: 1.0 1.0 1.0 1.0 1.0 1.0 1.0 1.0 1.0 1.0 1.0 1.0 1.0 1.0 1.0 1.0 1.0 1.0 1.0 0.0
I1023 20:43:57.872802 47070890198080 create_pretraining_data.py:161] masked_lm_weights: 1.0 1.0 1.0 1.0 1.0 1.0 1.0 1.0 1.0 1.0 1.0 1.0 1.0 1.0 1.0 1.0 1.0 1.0 1.0 0.0
INFO:tensorflow:next_sentence_labels: 1
I1023 20:43:57.872903 47070890198080 create_pretraining_data.py:161] next_sentence_labels: 1
INFO:tensorflow:*** Example ***
I1023 20:43:57.873692 47070890198080 create_pretraining_data.py:149] *** Example ***
INFO:tensorflow:tokens: [CLS] وقال لى يو ##يين مسئول حكوم ##ى اخر [MASK] بقاء [MASK] التنسيق يعتمد على [MASK] [MASK] . [SEP] واضاف انه يتعين على المكتب [MASK] مع نظرا ##ئه فى المقاطع ##ات الصينية الاخرى [MASK] مع وزارة التجارة الخارجية و التعاون الاقتصادى . [SEP]
I1023 20:43:57.873847 47070890198080 create_pretraining_data.py:151] tokens: [CLS] وقال لى يو ##يين مسئول حكوم ##ى اخر [MASK] بقاء [MASK] التنسيق يعتمد على [MASK] [MASK] . [SEP] واضاف انه يتعين على المكتب [MASK] مع نظرا ##ئه فى المقاطع ##ات الصينية الاخرى [MASK] مع وزارة التجارة الخارجية و التعاون الاقتصادى . [SEP]
INFO:tensorflow:input_ids: 2 2484 17568 2724 3176 18298 6828 1102 3076 4 13827 4 12535 9980 1961 4 4 18 3 6540 2615 18864 1961 7608 4 1973 7710 3269 2230 29116 1904 8230 8545 4 1973 3433 6543 3796 415 4209 29587 18 3 0 0 0 0 0 0 0 0 0 0 0 0 0 0 0 0 0 0 0 0 0 0 0 0 0 0 0 0 0 0 0 0 0 0 0 0 0 0 0 0 0 0 0 0 0 0 0 0 0 0 0 0 0 0 0 0 0 0 0 0 0 0 0 0 0 0 0 0 0 0 0 0 0 0 0 0 0 0 0 0 0 0 0 0 0
I1023 20:43:57.874039 47070890198080 create_pretraining_data.py:161] input_ids: 2 2484 17568 2724 3176 18298 6828 1102 3076 4 13827 4 12535 9980 1961 4 4 18 3 6540 2615 18864 1961 7608 4 1973 7710 3269 2230 29116 1904 8230 8545 4 1973 3433 6543 3796 415 4209 29587 18 3 0 0 0 0 0 0 0 0 0 0 0 0 0 0 0 0 0 0 0 0 0 0 0 0 0 0 0 0 0 0 0 0 0 0 0 0 0 0 0 0 0 0 0 0 0 0 0 0 0 0 0 0 0 0 0 0 0 0 0 0 0 0 0 0 0 0 0 0 0 0 0 0 0 0 0 0 0 0 0 0 0 0 0 0 0
INFO:tensorflow:input_mask: 1 1 1 1 1 1 1 1 1 1 1 1 1 1 1 1 1 1 1 1 1 1 1 1 1 1 1 1 1 1 1 1 1 1 1 1 1 1 1 1 1 1 1 0 0 0 0 0 0 0 0 0 0 0 0 0 0 0 0 0 0 0 0 0 0 0 0 0 0 0 0 0 0 0 0 0 0 0 0 0 0 0 0 0 0 0 0 0 0 0 0 0 0 0 0 0 0 0 0 0 0 0 0 0 0 0 0 0 0 0 0 0 0 0 0 0 0 0 0 0 0 0 0 0 0 0 0 0
I1023 20:43:57.874201 47070890198080 create_pretraining_data.py:161] input_mask: 1 1 1 1 1 1 1 1 1 1 1 1 1 1 1 1 1 1 1 1 1 1 1 1 1 1 1 1 1 1 1 1 1 1 1 1 1 1 1 1 1 1 1 0 0 0 0 0 0 0 0 0 0 0 0 0 0 0 0 0 0 0 0 0 0 0 0 0 0 0 0 0 0 0 0 0 0 0 0 0 0 0 0 0 0 0 0 0 0 0 0 0 0 0 0 0 0 0 0 0 0 0 0 0 0 0 0 0 0 0 0 0 0 0 0 0 0 0 0 0 0 0 0 0 0 0 0 0
INFO:tensorflow:segment_ids: 0 0 0 0 0 0 0 0 0 0 0 0 0 0 0 0 0 0 0 1 1 1 1 1 1 1 1 1 1 1 1 1 1 1 1 1 1 1 1 1 1 1 1 0 0 0 0 0 0 0 0 0 0 0 0 0 0 0 0 0 0 0 0 0 0 0 0 0 0 0 0 0 0 0 0 0 0 0 0 0 0 0 0 0 0 0 0 0 0 0 0 0 0 0 0 0 0 0 0 0 0 0 0 0 0 0 0 0 0 0 0 0 0 0 0 0 0 0 0 0 0 0 0 0 0 0 0 0
I1023 20:43:57.874352 47070890198080 create_pretraining_data.py:161] segment_ids: 0 0 0 0 0 0 0 0 0 0 0 0 0 0 0 0 0 0 0 1 1 1 1 1 1 1 1 1 1 1 1 1 1 1 1 1 1 1 1 1 1 1 1 0 0 0 0 0 0 0 0 0 0 0 0 0 0 0 0 0 0 0 0 0 0 0 0 0 0 0 0 0 0 0 0 0 0 0 0 0 0 0 0 0 0 0 0 0 0 0 0 0 0 0 0 0 0 0 0 0 0 0 0 0 0 0 0 0 0 0 0 0 0 0 0 0 0 0 0 0 0 0 0 0 0 0 0 0
INFO:tensorflow:masked_lm_positions: 9 11 15 16 24 33 0 0 0 0 0 0 0 0 0 0 0 0 0 0
I1023 20:43:57.874466 47070890198080 create_pretraining_data.py:161] masked_lm_positions: 9 11 15 16 24 33 0 0 0 0 0 0 0 0 0 0 0 0 0 0
INFO:tensorflow:masked_lm_ids: 1939 5413 4725 1028 2854 415 0 0 0 0 0 0 0 0 0 0 0 0 0 0
I1023 20:43:57.874574 47070890198080 create_pretraining_data.py:161] masked_lm_ids: 1939 5413 4725 1028 2854 415 0 0 0 0 0 0 0 0 0 0 0 0 0 0
INFO:tensorflow:masked_lm_weights: 1.0 1.0 1.0 1.0 1.0 1.0 0.0 0.0 0.0 0.0 0.0 0.0 0.0 0.0 0.0 0.0 0.0 0.0 0.0 0.0
I1023 20:43:57.874694 47070890198080 create_pretraining_data.py:161] masked_lm_weights: 1.0 1.0 1.0 1.0 1.0 1.0 0.0 0.0 0.0 0.0 0.0 0.0 0.0 0.0 0.0 0.0 0.0 0.0 0.0 0.0
INFO:tensorflow:next_sentence_labels: 0
I1023 20:43:57.874794 47070890198080 create_pretraining_data.py:161] next_sentence_labels: 0
INFO:tensorflow:*** Example ***
I1023 20:43:57.875593 47070890198080 create_pretraining_data.py:149] *** Example ***
INFO:tensorflow:tokens: [CLS] وزير الخارجية البريط ##انى جاك استر ##و اليوم [MASK] بريطانيا توصلت الى [MASK] مع اسبانيا بشأن السيادة على جبل طارق [MASK] وقال استر ##و فى البرلمان [MASK] على تقارير تفيد بان الدولتين [MASK] وشك الاتفاق على ممارسة سيادة [MASK] على المستع ##مرة البريطانية " انه لم يتم التوصل الى اى اتفاق مع الحكومة الاسبانية [MASK] الحكومة الاسبانية لم تدل بب ##يان [MASK] ##ذا [SEP] بين [MASK] وكر ##ر تعهد الحكومة [MASK] بان اى [MASK] يتم [MASK] اليه مع مدريد سي ##أت ##ى نتيجة استفتاء سي ##جري ##ه [MASK] [MASK] جبل طارق البالغ عددهم 30 الف نسمة . وذكر وزير الخارجية انه مازال يأمل فى التوصل الى اتفاق بحلول منتصف هذا العام لحل النزاع الذى اف ##سد العلاقات بين الدولتين العضو ##ين فى الاتحاد [MASK] [MASK] [MASK] [SEP]
I1023 20:43:57.875811 47070890198080 create_pretraining_data.py:151] tokens: [CLS] وزير الخارجية البريط ##انى جاك استر ##و اليوم [MASK] بريطانيا توصلت الى [MASK] مع اسبانيا بشأن السيادة على جبل طارق [MASK] وقال استر ##و فى البرلمان [MASK] على تقارير تفيد بان الدولتين [MASK] وشك الاتفاق على ممارسة سيادة [MASK] على المستع ##مرة البريطانية " انه لم يتم التوصل الى اى اتفاق مع الحكومة الاسبانية [MASK] الحكومة الاسبانية لم تدل بب ##يان [MASK] ##ذا [SEP] بين [MASK] وكر ##ر تعهد الحكومة [MASK] بان اى [MASK] يتم [MASK] اليه مع مدريد سي ##أت ##ى نتيجة استفتاء سي ##جري ##ه [MASK] [MASK] جبل طارق البالغ عددهم 30 الف نسمة . وذكر وزير الخارجية انه مازال يأمل فى التوصل الى اتفاق بحلول منتصف هذا العام لحل النزاع الذى اف ##سد العلاقات بين الدولتين العضو ##ين فى الاتحاد [MASK] [MASK] [MASK] [SEP]
INFO:tensorflow:input_ids: 2 3075 3796 4970 3877 8773 9939 1012 2217 4 7682 22923 2186 4 1973 14379 5380 20534 1961 7141 8088 4 2484 9939 1012 2230 6615 4 1961 7148 14543 2768 24019 4 7599 5630 1961 10632 17234 4 1961 26580 5263 7429 6 2615 2043 2952 11592 2186 10300 5319 1973 3130 21735 4 3130 21735 2043 14119 3827 2542 4 1976 3 2117 4 13452 1017 18146 3130 4 2768 10300 4 2952 4 3055 1973 4879 2266 6207 1102 4909 16986 2266 8518 1028 4 4 7141 8088 9389 17338 3612 1980 12638 18 5085 3075 3796 2615 11942 29585 2230 11592 2186 5319 15562 8151 2085 2169 11544 15246 4370 2668 3949 4490 2117 24019 5257 1911 2230 2816 4 4 4 3
I1023 20:43:57.876012 47070890198080 create_pretraining_data.py:161] input_ids: 2 3075 3796 4970 3877 8773 9939 1012 2217 4 7682 22923 2186 4 1973 14379 5380 20534 1961 7141 8088 4 2484 9939 1012 2230 6615 4 1961 7148 14543 2768 24019 4 7599 5630 1961 10632 17234 4 1961 26580 5263 7429 6 2615 2043 2952 11592 2186 10300 5319 1973 3130 21735 4 3130 21735 2043 14119 3827 2542 4 1976 3 2117 4 13452 1017 18146 3130 4 2768 10300 4 2952 4 3055 1973 4879 2266 6207 1102 4909 16986 2266 8518 1028 4 4 7141 8088 9389 17338 3612 1980 12638 18 5085 3075 3796 2615 11942 29585 2230 11592 2186 5319 15562 8151 2085 2169 11544 15246 4370 2668 3949 4490 2117 24019 5257 1911 2230 2816 4 4 4 3
INFO:tensorflow:input_mask: 1 1 1 1 1 1 1 1 1 1 1 1 1 1 1 1 1 1 1 1 1 1 1 1 1 1 1 1 1 1 1 1 1 1 1 1 1 1 1 1 1 1 1 1 1 1 1 1 1 1 1 1 1 1 1 1 1 1 1 1 1 1 1 1 1 1 1 1 1 1 1 1 1 1 1 1 1 1 1 1 1 1 1 1 1 1 1 1 1 1 1 1 1 1 1 1 1 1 1 1 1 1 1 1 1 1 1 1 1 1 1 1 1 1 1 1 1 1 1 1 1 1 1 1 1 1 1 1
I1023 20:43:57.876143 47070890198080 create_pretraining_data.py:161] input_mask: 1 1 1 1 1 1 1 1 1 1 1 1 1 1 1 1 1 1 1 1 1 1 1 1 1 1 1 1 1 1 1 1 1 1 1 1 1 1 1 1 1 1 1 1 1 1 1 1 1 1 1 1 1 1 1 1 1 1 1 1 1 1 1 1 1 1 1 1 1 1 1 1 1 1 1 1 1 1 1 1 1 1 1 1 1 1 1 1 1 1 1 1 1 1 1 1 1 1 1 1 1 1 1 1 1 1 1 1 1 1 1 1 1 1 1 1 1 1 1 1 1 1 1 1 1 1 1 1
INFO:tensorflow:segment_ids: 0 0 0 0 0 0 0 0 0 0 0 0 0 0 0 0 0 0 0 0 0 0 0 0 0 0 0 0 0 0 0 0 0 0 0 0 0 0 0 0 0 0 0 0 0 0 0 0 0 0 0 0 0 0 0 0 0 0 0 0 0 0 0 0 0 1 1 1 1 1 1 1 1 1 1 1 1 1 1 1 1 1 1 1 1 1 1 1 1 1 1 1 1 1 1 1 1 1 1 1 1 1 1 1 1 1 1 1 1 1 1 1 1 1 1 1 1 1 1 1 1 1 1 1 1 1 1 1
I1023 20:43:57.876268 47070890198080 create_pretraining_data.py:161] segment_ids: 0 0 0 0 0 0 0 0 0 0 0 0 0 0 0 0 0 0 0 0 0 0 0 0 0 0 0 0 0 0 0 0 0 0 0 0 0 0 0 0 0 0 0 0 0 0 0 0 0 0 0 0 0 0 0 0 0 0 0 0 0 0 0 0 0 1 1 1 1 1 1 1 1 1 1 1 1 1 1 1 1 1 1 1 1 1 1 1 1 1 1 1 1 1 1 1 1 1 1 1 1 1 1 1 1 1 1 1 1 1 1 1 1 1 1 1 1 1 1 1 1 1 1 1 1 1 1 1
INFO:tensorflow:masked_lm_positions: 9 13 21 27 33 39 55 62 63 66 71 74 76 88 89 105 124 125 126 0
I1023 20:43:57.876372 47070890198080 create_pretraining_data.py:161] masked_lm_positions: 9 13 21 27 33 39 55 62 63 66 71 74 76 88 89 105 124 125 126 0
INFO:tensorflow:masked_lm_ids: 1939 5319 18 9739 1961 12384 2178 11462 1976 8093 7429 5319 11592 26961 1926 11592 6222 19330 25216 0
I1023 20:43:57.876466 47070890198080 create_pretraining_data.py:161] masked_lm_ids: 1939 5319 18 9739 1961 12384 2178 11462 1976 8093 7429 5319 11592 26961 1926 11592 6222 19330 25216 0
INFO:tensorflow:masked_lm_weights: 1.0 1.0 1.0 1.0 1.0 1.0 1.0 1.0 1.0 1.0 1.0 1.0 1.0 1.0 1.0 1.0 1.0 1.0 1.0 0.0
I1023 20:43:57.876559 47070890198080 create_pretraining_data.py:161] masked_lm_weights: 1.0 1.0 1.0 1.0 1.0 1.0 1.0 1.0 1.0 1.0 1.0 1.0 1.0 1.0 1.0 1.0 1.0 1.0 1.0 0.0
INFO:tensorflow:next_sentence_labels: 0
I1023 20:43:57.876649 47070890198080 create_pretraining_data.py:161] next_sentence_labels: 0
INFO:tensorflow:*** Example ***
I1023 20:43:57.877362 47070890198080 create_pretraining_data.py:149] *** Example ***
INFO:tensorflow:tokens: [CLS] وصل صم ##ويل تامر ##ات المستشار الخاص لنا ##ئب برابط عام الامم [MASK] [MASK] وتحويل مشاك الى كات ##من ##دو اليوم [MASK] السبت / [MASK] زيارة تستغرق اسبوع ##ا . من [MASK] ان يلت ##قى تامر ##ات مع الزعماء السياسيين ومس ##ئ ##ولى الحكومة وممث ##لى [MASK] المدنى خلال زيارته . [SEP] الزيارة تعتبر استمرار ##ا للمش ##اور ##ات [MASK] تواصل ##ها الامم [MASK] من اجل تشجيع التوصل لحل سلمى للص ##راع المسلح وان ##عدام الاستقرار السياسى فى البلاد " . [MASK] البيان ايضا ان زيارة تامر ##ات ستكون هى " الفرصة [MASK] [MASK] ##عراض الوضع على الثدي الواقع المعلن التطورات الهامة التى حدثت خلال الاس ##ابيع الماضية " [MASK] اخبر موظف المعلومات الوطنية بمركز الامم موسيقي للمع ##لومات رام باب ##و شاه مراسل ##ى الانباء [SEP]
I1023 20:43:57.877529 47070890198080 create_pretraining_data.py:151] tokens: [CLS] وصل صم ##ويل تامر ##ات المستشار الخاص لنا ##ئب برابط عام الامم [MASK] [MASK] وتحويل مشاك الى كات ##من ##دو اليوم [MASK] السبت / [MASK] زيارة تستغرق اسبوع ##ا . من [MASK] ان يلت ##قى تامر ##ات مع الزعماء السياسيين ومس ##ئ ##ولى الحكومة وممث ##لى [MASK] المدنى خلال زيارته . [SEP] الزيارة تعتبر استمرار ##ا للمش ##اور ##ات [MASK] تواصل ##ها الامم [MASK] من اجل تشجيع التوصل لحل سلمى للص ##راع المسلح وان ##عدام الاستقرار السياسى فى البلاد " . [MASK] البيان ايضا ان زيارة تامر ##ات ستكون هى " الفرصة [MASK] [MASK] ##عراض الوضع على الثدي الواقع المعلن التطورات الهامة التى حدثت خلال الاس ##ابيع الماضية " [MASK] اخبر موظف المعلومات الوطنية بمركز الامم موسيقي للمع ##لومات رام باب ##و شاه مراسل ##ى الانباء [SEP]
INFO:tensorflow:input_ids: 2 4810 10957 3061 14645 1904 9043 3342 2776 4332 20708 2268 7965 4 4 23163 17515 2186 10265 1986 8412 2217 4 4215 19 4 5693 27615 7308 1007 18 1908 4 1939 5403 2777 14645 1904 1973 20496 16085 5741 1042 2810 3130 21540 1926 4 29504 2317 12462 18 3 10785 6276 7021 1007 8344 14299 1904 4 7346 1913 7965 4 1908 4434 13806 11592 11544 28452 3862 4104 22870 2178 7298 10828 19298 2230 3992 6 18 4 4640 4530 1939 5693 14645 1904 6557 8208 6 10406 4 4 10975 5001 1961 15945 4915 18372 13071 15592 3411 15740 2317 2295 8938 5385 6 4 17840 12268 3939 3857 16243 7965 19303 9644 3026 7709 3153 1012 5621 14751 1102 16761 3
I1023 20:43:57.877692 47070890198080 create_pretraining_data.py:161] input_ids: 2 4810 10957 3061 14645 1904 9043 3342 2776 4332 20708 2268 7965 4 4 23163 17515 2186 10265 1986 8412 2217 4 4215 19 4 5693 27615 7308 1007 18 1908 4 1939 5403 2777 14645 1904 1973 20496 16085 5741 1042 2810 3130 21540 1926 4 29504 2317 12462 18 3 10785 6276 7021 1007 8344 14299 1904 4 7346 1913 7965 4 1908 4434 13806 11592 11544 28452 3862 4104 22870 2178 7298 10828 19298 2230 3992 6 18 4 4640 4530 1939 5693 14645 1904 6557 8208 6 10406 4 4 10975 5001 1961 15945 4915 18372 13071 15592 3411 15740 2317 2295 8938 5385 6 4 17840 12268 3939 3857 16243 7965 19303 9644 3026 7709 3153 1012 5621 14751 1102 16761 3
INFO:tensorflow:input_mask: 1 1 1 1 1 1 1 1 1 1 1 1 1 1 1 1 1 1 1 1 1 1 1 1 1 1 1 1 1 1 1 1 1 1 1 1 1 1 1 1 1 1 1 1 1 1 1 1 1 1 1 1 1 1 1 1 1 1 1 1 1 1 1 1 1 1 1 1 1 1 1 1 1 1 1 1 1 1 1 1 1 1 1 1 1 1 1 1 1 1 1 1 1 1 1 1 1 1 1 1 1 1 1 1 1 1 1 1 1 1 1 1 1 1 1 1 1 1 1 1 1 1 1 1 1 1 1 1
I1023 20:43:57.877839 47070890198080 create_pretraining_data.py:161] input_mask: 1 1 1 1 1 1 1 1 1 1 1 1 1 1 1 1 1 1 1 1 1 1 1 1 1 1 1 1 1 1 1 1 1 1 1 1 1 1 1 1 1 1 1 1 1 1 1 1 1 1 1 1 1 1 1 1 1 1 1 1 1 1 1 1 1 1 1 1 1 1 1 1 1 1 1 1 1 1 1 1 1 1 1 1 1 1 1 1 1 1 1 1 1 1 1 1 1 1 1 1 1 1 1 1 1 1 1 1 1 1 1 1 1 1 1 1 1 1 1 1 1 1 1 1 1 1 1 1
INFO:tensorflow:segment_ids: 0 0 0 0 0 0 0 0 0 0 0 0 0 0 0 0 0 0 0 0 0 0 0 0 0 0 0 0 0 0 0 0 0 0 0 0 0 0 0 0 0 0 0 0 0 0 0 0 0 0 0 0 0 1 1 1 1 1 1 1 1 1 1 1 1 1 1 1 1 1 1 1 1 1 1 1 1 1 1 1 1 1 1 1 1 1 1 1 1 1 1 1 1 1 1 1 1 1 1 1 1 1 1 1 1 1 1 1 1 1 1 1 1 1 1 1 1 1 1 1 1 1 1 1 1 1 1 1
I1023 20:43:57.877967 47070890198080 create_pretraining_data.py:161] segment_ids: 0 0 0 0 0 0 0 0 0 0 0 0 0 0 0 0 0 0 0 0 0 0 0 0 0 0 0 0 0 0 0 0 0 0 0 0 0 0 0 0 0 0 0 0 0 0 0 0 0 0 0 0 0 1 1 1 1 1 1 1 1 1 1 1 1 1 1 1 1 1 1 1 1 1 1 1 1 1 1 1 1 1 1 1 1 1 1 1 1 1 1 1 1 1 1 1 1 1 1 1 1 1 1 1 1 1 1 1 1 1 1 1 1 1 1 1 1 1 1 1 1 1 1 1 1 1 1 1
INFO:tensorflow:masked_lm_positions: 10 13 14 15 16 22 25 32 47 60 64 82 93 94 95 98 100 110 117 0
I1023 20:43:57.878060 47070890198080 create_pretraining_data.py:161] masked_lm_positions: 10 13 14 15 16 22 25 32 47 60 64 82 93 94 95 98 100 110 117 0
INFO:tensorflow:masked_lm_ids: 5316 2687 3091 8818 4004 19 2230 9617 3409 3411 2687 3097 5531 4631 10975 5075 6056 18 2687 0
I1023 20:43:57.878152 47070890198080 create_pretraining_data.py:161] masked_lm_ids: 5316 2687 3091 8818 4004 19 2230 9617 3409 3411 2687 3097 5531 4631 10975 5075 6056 18 2687 0
INFO:tensorflow:masked_lm_weights: 1.0 1.0 1.0 1.0 1.0 1.0 1.0 1.0 1.0 1.0 1.0 1.0 1.0 1.0 1.0 1.0 1.0 1.0 1.0 0.0
I1023 20:43:57.878244 47070890198080 create_pretraining_data.py:161] masked_lm_weights: 1.0 1.0 1.0 1.0 1.0 1.0 1.0 1.0 1.0 1.0 1.0 1.0 1.0 1.0 1.0 1.0 1.0 1.0 1.0 0.0
INFO:tensorflow:next_sentence_labels: 0
I1023 20:43:57.878327 47070890198080 create_pretraining_data.py:161] next_sentence_labels: 0
INFO:tensorflow:*** Example ***
I1023 20:43:57.879022 47070890198080 create_pretraining_data.py:149] *** Example ***
INFO:tensorflow:tokens: [CLS] ويرى خبراء الاثار ان هذه [MASK] [MASK] [MASK] القديمة هى بمثابة كنوز لدراسة فنون المعم ##ار والن ##حت القديمة فى الصين , وت ##وفر معلومات كثيرة لدراسة التاريخ المحل ##ى [MASK] [SEP] غاب ##ة البا ##غو ##دات هذه فى حالة حماية جيدة , وهى [MASK] المزار ##ات الرئيسية لدى [MASK] معبد شا ##ولين . هذا وقد بدأت [MASK] دن ##غف ##نغ فى مايو 2000 [MASK] لطلب تسجيل مجموعة البا ##غو ##دات القديمة [MASK] [MASK] سو ##نغ ##شان ضمن قائمة التراث الثقاف ##ى العالمى , علما بان هذا [MASK] يحت ##ضن 13 موقعا [MASK] [MASK] تحمي ##ها الدولة . ومن المتوقع ان تتم [MASK] الطلب هذه [MASK] يونيو 2004 . [SEP]
I1023 20:43:57.879184 47070890198080 create_pretraining_data.py:151] tokens: [CLS] ويرى خبراء الاثار ان هذه [MASK] [MASK] [MASK] القديمة هى بمثابة كنوز لدراسة فنون المعم ##ار والن ##حت القديمة فى الصين , وت ##وفر معلومات كثيرة لدراسة التاريخ المحل ##ى [MASK] [SEP] غاب ##ة البا ##غو ##دات هذه فى حالة حماية جيدة , وهى [MASK] المزار ##ات الرئيسية لدى [MASK] معبد شا ##ولين . هذا وقد بدأت [MASK] دن ##غف ##نغ فى مايو 2000 [MASK] لطلب تسجيل مجموعة البا ##غو ##دات القديمة [MASK] [MASK] سو ##نغ ##شان ضمن قائمة التراث الثقاف ##ى العالمى , علما بان هذا [MASK] يحت ##ضن 13 موقعا [MASK] [MASK] تحمي ##ها الدولة . ومن المتوقع ان تتم [MASK] الطلب هذه [MASK] يونيو 2004 . [SEP]
INFO:tensorflow:input_ids: 2 19161 10095 24092 1939 2159 4 4 4 7373 8208 12728 12771 23063 14166 9198 1909 3006 2021 7373 2230 3976 16 2001 5095 4733 6183 23063 3414 22175 1102 4 3 8894 1043 4808 6809 11009 2159 2230 3979 6455 8638 16 10269 4 26035 1904 4099 3912 4 28484 4660 4106 18 2085 2585 6201 4 16780 14775 17281 2230 5542 8352 4 9761 6131 3737 4808 6809 11009 7373 4 4 12374 17281 20762 3637 5946 7831 4569 1102 26800 16 6777 2768 2085 4 3315 9866 3243 29920 4 4 21246 1913 3306 18 2298 9617 1939 5346 4 4524 2159 4 5331 9563 18 3 0 0 0 0 0 0 0 0 0 0 0 0 0 0 0 0 0
I1023 20:43:57.879353 47070890198080 create_pretraining_data.py:161] input_ids: 2 19161 10095 24092 1939 2159 4 4 4 7373 8208 12728 12771 23063 14166 9198 1909 3006 2021 7373 2230 3976 16 2001 5095 4733 6183 23063 3414 22175 1102 4 3 8894 1043 4808 6809 11009 2159 2230 3979 6455 8638 16 10269 4 26035 1904 4099 3912 4 28484 4660 4106 18 2085 2585 6201 4 16780 14775 17281 2230 5542 8352 4 9761 6131 3737 4808 6809 11009 7373 4 4 12374 17281 20762 3637 5946 7831 4569 1102 26800 16 6777 2768 2085 4 3315 9866 3243 29920 4 4 21246 1913 3306 18 2298 9617 1939 5346 4 4524 2159 4 5331 9563 18 3 0 0 0 0 0 0 0 0 0 0 0 0 0 0 0 0 0
INFO:tensorflow:input_mask: 1 1 1 1 1 1 1 1 1 1 1 1 1 1 1 1 1 1 1 1 1 1 1 1 1 1 1 1 1 1 1 1 1 1 1 1 1 1 1 1 1 1 1 1 1 1 1 1 1 1 1 1 1 1 1 1 1 1 1 1 1 1 1 1 1 1 1 1 1 1 1 1 1 1 1 1 1 1 1 1 1 1 1 1 1 1 1 1 1 1 1 1 1 1 1 1 1 1 1 1 1 1 1 1 1 1 1 1 1 1 1 0 0 0 0 0 0 0 0 0 0 0 0 0 0 0 0 0
I1023 20:43:57.879485 47070890198080 create_pretraining_data.py:161] input_mask: 1 1 1 1 1 1 1 1 1 1 1 1 1 1 1 1 1 1 1 1 1 1 1 1 1 1 1 1 1 1 1 1 1 1 1 1 1 1 1 1 1 1 1 1 1 1 1 1 1 1 1 1 1 1 1 1 1 1 1 1 1 1 1 1 1 1 1 1 1 1 1 1 1 1 1 1 1 1 1 1 1 1 1 1 1 1 1 1 1 1 1 1 1 1 1 1 1 1 1 1 1 1 1 1 1 1 1 1 1 1 1 0 0 0 0 0 0 0 0 0 0 0 0 0 0 0 0 0
INFO:tensorflow:segment_ids: 0 0 0 0 0 0 0 0 0 0 0 0 0 0 0 0 0 0 0 0 0 0 0 0 0 0 0 0 0 0 0 0 0 1 1 1 1 1 1 1 1 1 1 1 1 1 1 1 1 1 1 1 1 1 1 1 1 1 1 1 1 1 1 1 1 1 1 1 1 1 1 1 1 1 1 1 1 1 1 1 1 1 1 1 1 1 1 1 1 1 1 1 1 1 1 1 1 1 1 1 1 1 1 1 1 1 1 1 1 1 1 0 0 0 0 0 0 0 0 0 0 0 0 0 0 0 0 0
I1023 20:43:57.879617 47070890198080 create_pretraining_data.py:161] segment_ids: 0 0 0 0 0 0 0 0 0 0 0 0 0 0 0 0 0 0 0 0 0 0 0 0 0 0 0 0 0 0 0 0 0 1 1 1 1 1 1 1 1 1 1 1 1 1 1 1 1 1 1 1 1 1 1 1 1 1 1 1 1 1 1 1 1 1 1 1 1 1 1 1 1 1 1 1 1 1 1 1 1 1 1 1 1 1 1 1 1 1 1 1 1 1 1 1 1 1 1 1 1 1 1 1 1 1 1 1 1 1 1 0 0 0 0 0 0 0 0 0 0 0 0 0 0 0 0 0
INFO:tensorflow:masked_lm_positions: 6 7 8 25 31 45 50 58 65 73 74 88 93 94 103 105 106 0 0 0
I1023 20:43:57.879714 47070890198080 create_pretraining_data.py:161] masked_lm_positions: 6 7 8 25 31 45 50 58 65 73 74 88 93 94 103 105 106 0 0 0
INFO:tensorflow:masked_lm_ids: 4808 6809 11009 4733 18 1908 5693 3255 12857 2821 2108 11877 6390 1937 4828 2159 2230 0 0 0
I1023 20:43:57.879804 47070890198080 create_pretraining_data.py:161] masked_lm_ids: 4808 6809 11009 4733 18 1908 5693 3255 12857 2821 2108 11877 6390 1937 4828 2159 2230 0 0 0
INFO:tensorflow:masked_lm_weights: 1.0 1.0 1.0 1.0 1.0 1.0 1.0 1.0 1.0 1.0 1.0 1.0 1.0 1.0 1.0 1.0 1.0 0.0 0.0 0.0
I1023 20:43:57.879896 47070890198080 create_pretraining_data.py:161] masked_lm_weights: 1.0 1.0 1.0 1.0 1.0 1.0 1.0 1.0 1.0 1.0 1.0 1.0 1.0 1.0 1.0 1.0 1.0 0.0 0.0 0.0
INFO:tensorflow:next_sentence_labels: 0
I1023 20:43:57.879988 47070890198080 create_pretraining_data.py:161] next_sentence_labels: 0
INFO:tensorflow:*** Example ***
I1023 20:43:57.880681 47070890198080 create_pretraining_data.py:149] *** Example ***
INFO:tensorflow:tokens: [CLS] وكان ها ##سيك قد سع ##ى [MASK] الاتحاد التشيك ##ى لكرة القدم قبل اربعة [MASK] ، الا انه لم [MASK] على الدعم الكاف ##ى حينئذ ، حيث انتخ ##ب المند ##وب ##ون باف ##يل [MASK] [MASK] الذى لم [MASK] [MASK] لاع ##ادة انتخاب ##ه هذه المرة . [SEP] يذكر ان نادي GYD لكرة القدم سيل ##اق ##ي اليوم نادي الهلال السعودي في [MASK] دوري الاند ##ية [MASK] ابطال الدوري . [SEP]
I1023 20:43:57.880826 47070890198080 create_pretraining_data.py:151] tokens: [CLS] وكان ها ##سيك قد سع ##ى [MASK] الاتحاد التشيك ##ى لكرة القدم قبل اربعة [MASK] ، الا انه لم [MASK] على الدعم الكاف ##ى حينئذ ، حيث انتخ ##ب المند ##وب ##ون باف ##يل [MASK] [MASK] الذى لم [MASK] [MASK] لاع ##ادة انتخاب ##ه هذه المرة . [SEP] يذكر ان نادي GYD لكرة القدم سيل ##اق ##ي اليوم نادي الهلال السعودي في [MASK] دوري الاند ##ية [MASK] ابطال الدوري . [SEP]
INFO:tensorflow:input_ids: 2 2648 4958 8942 2251 10497 1102 4 2816 23980 1102 6176 3961 2289 15454 4 378 1915 2615 2043 4 1961 4534 22714 1102 21434 378 2455 16630 1045 17048 2058 1922 10541 2027 4 4 4370 2043 4 4 6012 2600 14010 1028 2159 9423 18 3 4853 1939 3557 29771 6176 3961 24901 2396 1013 2217 3557 2675 3428 1912 4 4299 10237 1910 4 7821 3914 18 3 0 0 0 0 0 0 0 0 0 0 0 0 0 0 0 0 0 0 0 0 0 0 0 0 0 0 0 0 0 0 0 0 0 0 0 0 0 0 0 0 0 0 0 0 0 0 0 0 0 0 0 0 0 0 0 0
I1023 20:43:57.880980 47070890198080 create_pretraining_data.py:161] input_ids: 2 2648 4958 8942 2251 10497 1102 4 2816 23980 1102 6176 3961 2289 15454 4 378 1915 2615 2043 4 1961 4534 22714 1102 21434 378 2455 16630 1045 17048 2058 1922 10541 2027 4 4 4370 2043 4 4 6012 2600 14010 1028 2159 9423 18 3 4853 1939 3557 29771 6176 3961 24901 2396 1013 2217 3557 2675 3428 1912 4 4299 10237 1910 4 7821 3914 18 3 0 0 0 0 0 0 0 0 0 0 0 0 0 0 0 0 0 0 0 0 0 0 0 0 0 0 0 0 0 0 0 0 0 0 0 0 0 0 0 0 0 0 0 0 0 0 0 0 0 0 0 0 0 0 0 0
INFO:tensorflow:input_mask: 1 1 1 1 1 1 1 1 1 1 1 1 1 1 1 1 1 1 1 1 1 1 1 1 1 1 1 1 1 1 1 1 1 1 1 1 1 1 1 1 1 1 1 1 1 1 1 1 1 1 1 1 1 1 1 1 1 1 1 1 1 1 1 1 1 1 1 1 1 1 1 1 0 0 0 0 0 0 0 0 0 0 0 0 0 0 0 0 0 0 0 0 0 0 0 0 0 0 0 0 0 0 0 0 0 0 0 0 0 0 0 0 0 0 0 0 0 0 0 0 0 0 0 0 0 0 0 0
I1023 20:43:57.881111 47070890198080 create_pretraining_data.py:161] input_mask: 1 1 1 1 1 1 1 1 1 1 1 1 1 1 1 1 1 1 1 1 1 1 1 1 1 1 1 1 1 1 1 1 1 1 1 1 1 1 1 1 1 1 1 1 1 1 1 1 1 1 1 1 1 1 1 1 1 1 1 1 1 1 1 1 1 1 1 1 1 1 1 1 0 0 0 0 0 0 0 0 0 0 0 0 0 0 0 0 0 0 0 0 0 0 0 0 0 0 0 0 0 0 0 0 0 0 0 0 0 0 0 0 0 0 0 0 0 0 0 0 0 0 0 0 0 0 0 0
INFO:tensorflow:segment_ids: 0 0 0 0 0 0 0 0 0 0 0 0 0 0 0 0 0 0 0 0 0 0 0 0 0 0 0 0 0 0 0 0 0 0 0 0 0 0 0 0 0 0 0 0 0 0 0 0 0 1 1 1 1 1 1 1 1 1 1 1 1 1 1 1 1 1 1 1 1 1 1 1 0 0 0 0 0 0 0 0 0 0 0 0 0 0 0 0 0 0 0 0 0 0 0 0 0 0 0 0 0 0 0 0 0 0 0 0 0 0 0 0 0 0 0 0 0 0 0 0 0 0 0 0 0 0 0 0
I1023 20:43:57.881236 47070890198080 create_pretraining_data.py:161] segment_ids: 0 0 0 0 0 0 0 0 0 0 0 0 0 0 0 0 0 0 0 0 0 0 0 0 0 0 0 0 0 0 0 0 0 0 0 0 0 0 0 0 0 0 0 0 0 0 0 0 0 1 1 1 1 1 1 1 1 1 1 1 1 1 1 1 1 1 1 1 1 1 1 1 0 0 0 0 0 0 0 0 0 0 0 0 0 0 0 0 0 0 0 0 0 0 0 0 0 0 0 0 0 0 0 0 0 0 0 0 0 0 0 0 0 0 0 0 0 0 0 0 0 0 0 0 0 0 0 0
INFO:tensorflow:masked_lm_positions: 7 15 20 35 36 39 40 47 52 63 67 0 0 0 0 0 0 0 0 0
I1023 20:43:57.881330 47070890198080 create_pretraining_data.py:161] masked_lm_positions: 7 15 20 35 36 39 40 47 52 63 67 0 0 0 0 0 0 0 0 0
INFO:tensorflow:masked_lm_ids: 25073 20034 6740 12829 3719 2416 1009 18 23315 9498 16592 0 0 0 0 0 0 0 0 0
I1023 20:43:57.881432 47070890198080 create_pretraining_data.py:161] masked_lm_ids: 25073 20034 6740 12829 3719 2416 1009 18 23315 9498 16592 0 0 0 0 0 0 0 0 0
INFO:tensorflow:masked_lm_weights: 1.0 1.0 1.0 1.0 1.0 1.0 1.0 1.0 1.0 1.0 1.0 0.0 0.0 0.0 0.0 0.0 0.0 0.0 0.0 0.0
I1023 20:43:57.881526 47070890198080 create_pretraining_data.py:161] masked_lm_weights: 1.0 1.0 1.0 1.0 1.0 1.0 1.0 1.0 1.0 1.0 1.0 0.0 0.0 0.0 0.0 0.0 0.0 0.0 0.0 0.0
INFO:tensorflow:next_sentence_labels: 1
I1023 20:43:57.881616 47070890198080 create_pretraining_data.py:161] next_sentence_labels: 1
INFO:tensorflow:*** Example ***
I1023 20:43:57.882307 47070890198080 create_pretraining_data.py:149] *** Example ***
INFO:tensorflow:tokens: [CLS] خلال [MASK] تقريبا [MASK] عام 2001 بعد ان تلقت الحكومة ارباح خطه الاخيرة للقر ##وض ##ⴳ . واو ##رد ##ت صحيفة / بي ##زني ##س وور ##لد / اليوم الثلاثاء انه بنهاية عام 2001 , اعلن البنك المركزى [MASK] [MASK] ان اجم ##الى احتياط ##ياته الدولية بلغت 15 . ##obe [MASK] [MASK] دولار امري ##كى متج ##اوز ##ة بذلك المستوى الذى سجل فى [SEP] الدولية [MASK] منذ ان سجل اعلى مستوى له فى مارس 2000 عندما سراح 16 . 01 ##4 مليار دولار . واعلن محافظ البنك المركزى [MASK] رافا ##ئيل بى [MASK] [MASK] [MASK] [MASK] , ان الفائدة الفوري ##ة للز ##يادة الكبيرة فى احتياط ##يات الدولار ستن ##عكس على سعر صرف البي ##زو مقابل الدولار , واضاف قائلا " نتوقع ان يكون له تأثير [SEP]
I1023 20:43:57.882471 47070890198080 create_pretraining_data.py:151] tokens: [CLS] خلال [MASK] تقريبا [MASK] عام 2001 بعد ان تلقت الحكومة ارباح خطه الاخيرة للقر ##وض ##ⴳ . واو ##رد ##ت صحيفة / بي ##زني ##س وور ##لد / اليوم الثلاثاء انه بنهاية عام 2001 , اعلن البنك المركزى [MASK] [MASK] ان اجم ##الى احتياط ##ياته الدولية بلغت 15 . ##obe [MASK] [MASK] دولار امري ##كى متج ##اوز ##ة بذلك المستوى الذى سجل فى [SEP] الدولية [MASK] منذ ان سجل اعلى مستوى له فى مارس 2000 عندما سراح 16 . 01 ##4 مليار دولار . واعلن محافظ البنك المركزى [MASK] رافا ##ئيل بى [MASK] [MASK] [MASK] [MASK] , ان الفائدة الفوري ##ة للز ##يادة الكبيرة فى احتياط ##يات الدولار ستن ##عكس على سعر صرف البي ##زو مقابل الدولار , واضاف قائلا " نتوقع ان يكون له تأثير [SEP]
INFO:tensorflow:input_ids: 2 2317 4 7106 4 2268 12478 2089 1939 21485 3130 29753 21397 9092 15323 2175 1513 18 22815 2153 1005 5183 19 2260 22276 1033 15901 1956 19 2217 4238 2615 25711 2268 12478 16 5930 5949 26348 4 4 1939 20547 3095 24663 8983 3917 6922 2986 18 24942 4 4 3372 8237 14675 18469 5149 1043 4850 5298 4370 4846 2230 3 3917 4 2837 1939 4846 18570 4043 2154 2230 4887 8352 2805 15818 3367 18 5479 1069 4905 3372 18 17081 5314 5949 26348 4 24172 12441 21744 4 4 4 4 16 1939 14114 20084 1043 6675 2912 7501 2230 24663 2066 4854 17500 16587 1961 4584 7648 2801 5225 4357 4854 16 6540 6620 6 24990 1939 2461 2154 6998 3
I1023 20:43:57.882632 47070890198080 create_pretraining_data.py:161] input_ids: 2 2317 4 7106 4 2268 12478 2089 1939 21485 3130 29753 21397 9092 15323 2175 1513 18 22815 2153 1005 5183 19 2260 22276 1033 15901 1956 19 2217 4238 2615 25711 2268 12478 16 5930 5949 26348 4 4 1939 20547 3095 24663 8983 3917 6922 2986 18 24942 4 4 3372 8237 14675 18469 5149 1043 4850 5298 4370 4846 2230 3 3917 4 2837 1939 4846 18570 4043 2154 2230 4887 8352 2805 15818 3367 18 5479 1069 4905 3372 18 17081 5314 5949 26348 4 24172 12441 21744 4 4 4 4 16 1939 14114 20084 1043 6675 2912 7501 2230 24663 2066 4854 17500 16587 1961 4584 7648 2801 5225 4357 4854 16 6540 6620 6 24990 1939 2461 2154 6998 3
INFO:tensorflow:input_mask: 1 1 1 1 1 1 1 1 1 1 1 1 1 1 1 1 1 1 1 1 1 1 1 1 1 1 1 1 1 1 1 1 1 1 1 1 1 1 1 1 1 1 1 1 1 1 1 1 1 1 1 1 1 1 1 1 1 1 1 1 1 1 1 1 1 1 1 1 1 1 1 1 1 1 1 1 1 1 1 1 1 1 1 1 1 1 1 1 1 1 1 1 1 1 1 1 1 1 1 1 1 1 1 1 1 1 1 1 1 1 1 1 1 1 1 1 1 1 1 1 1 1 1 1 1 1 1 1
I1023 20:43:57.882779 47070890198080 create_pretraining_data.py:161] input_mask: 1 1 1 1 1 1 1 1 1 1 1 1 1 1 1 1 1 1 1 1 1 1 1 1 1 1 1 1 1 1 1 1 1 1 1 1 1 1 1 1 1 1 1 1 1 1 1 1 1 1 1 1 1 1 1 1 1 1 1 1 1 1 1 1 1 1 1 1 1 1 1 1 1 1 1 1 1 1 1 1 1 1 1 1 1 1 1 1 1 1 1 1 1 1 1 1 1 1 1 1 1 1 1 1 1 1 1 1 1 1 1 1 1 1 1 1 1 1 1 1 1 1 1 1 1 1 1 1
INFO:tensorflow:segment_ids: 0 0 0 0 0 0 0 0 0 0 0 0 0 0 0 0 0 0 0 0 0 0 0 0 0 0 0 0 0 0 0 0 0 0 0 0 0 0 0 0 0 0 0 0 0 0 0 0 0 0 0 0 0 0 0 0 0 0 0 0 0 0 0 0 0 1 1 1 1 1 1 1 1 1 1 1 1 1 1 1 1 1 1 1 1 1 1 1 1 1 1 1 1 1 1 1 1 1 1 1 1 1 1 1 1 1 1 1 1 1 1 1 1 1 1 1 1 1 1 1 1 1 1 1 1 1 1 1
I1023 20:43:57.882907 47070890198080 create_pretraining_data.py:161] segment_ids: 0 0 0 0 0 0 0 0 0 0 0 0 0 0 0 0 0 0 0 0 0 0 0 0 0 0 0 0 0 0 0 0 0 0 0 0 0 0 0 0 0 0 0 0 0 0 0 0 0 0 0 0 0 0 0 0 0 0 0 0 0 0 0 0 0 1 1 1 1 1 1 1 1 1 1 1 1 1 1 1 1 1 1 1 1 1 1 1 1 1 1 1 1 1 1 1 1 1 1 1 1 1 1 1 1 1 1 1 1 1 1 1 1 1 1 1 1 1 1 1 1 1 1 1 1 1 1 1
INFO:tensorflow:masked_lm_positions: 2 4 12 16 36 39 40 50 51 52 53 66 70 77 89 93 94 95 96 0
I1023 20:43:57.883002 47070890198080 create_pretraining_data.py:161] masked_lm_positions: 2 4 12 16 36 39 40 50 51 52 53 66 70 77 89 93 94 95 96 0
INFO:tensorflow:masked_lm_ids: 11905 25711 14156 8864 5930 12130 1102 15962 1018 4905 3372 21807 18570 3854 16 28700 7330 1992 3415 0
I1023 20:43:57.883094 47070890198080 create_pretraining_data.py:161] masked_lm_ids: 11905 25711 14156 8864 5930 12130 1102 15962 1018 4905 3372 21807 18570 3854 16 28700 7330 1992 3415 0
INFO:tensorflow:masked_lm_weights: 1.0 1.0 1.0 1.0 1.0 1.0 1.0 1.0 1.0 1.0 1.0 1.0 1.0 1.0 1.0 1.0 1.0 1.0 1.0 0.0
I1023 20:43:57.883188 47070890198080 create_pretraining_data.py:161] masked_lm_weights: 1.0 1.0 1.0 1.0 1.0 1.0 1.0 1.0 1.0 1.0 1.0 1.0 1.0 1.0 1.0 1.0 1.0 1.0 1.0 0.0
INFO:tensorflow:next_sentence_labels: 0
I1023 20:43:57.883271 47070890198080 create_pretraining_data.py:161] next_sentence_labels: 0
INFO:tensorflow:*** Example ***
I1023 20:43:57.883949 47070890198080 create_pretraining_data.py:149] *** Example ***
INFO:tensorflow:tokens: [CLS] كان اربعة [MASK] عراقي ##ون قد اجر ##وا مقابلات على انف ##راد مع [MASK] نزع الاسلحة التابعين للامم المتحدة خلال [MASK] الماضيين بعد ان رفض ##وا ذلك [MASK] بحضور المسؤولين العراقيين وذلك بعد از ##دياد الضغط الدولى على العراق للام ##ت ##ثال للقر ##ارات الدولية . [SEP] وذكر مسؤول كبير بوزارة الدفاع الروسية [MASK] هنا " ان رجال [MASK] [MASK] لرو ##سيا الاتحادية [MASK] يشت ##رك ##وا ولا يشت ##ركون فى الاعمال [MASK] [MASK] التى تجرى [MASK] الار ##اضى الافغاني ##ة كما لات ##وجد اية خطط [MASK] [MASK] [MASK] فيها " . [SEP]
I1023 20:43:57.884104 47070890198080 create_pretraining_data.py:151] tokens: [CLS] كان اربعة [MASK] عراقي ##ون قد اجر ##وا مقابلات على انف ##راد مع [MASK] نزع الاسلحة التابعين للامم المتحدة خلال [MASK] الماضيين بعد ان رفض ##وا ذلك [MASK] بحضور المسؤولين العراقيين وذلك بعد از ##دياد الضغط الدولى على العراق للام ##ت ##ثال للقر ##ارات الدولية . [SEP] وذكر مسؤول كبير بوزارة الدفاع الروسية [MASK] هنا " ان رجال [MASK] [MASK] لرو ##سيا الاتحادية [MASK] يشت ##رك ##وا ولا يشت ##ركون فى الاعمال [MASK] [MASK] التى تجرى [MASK] الار ##اضى الافغاني ##ة كما لات ##وجد اية خطط [MASK] [MASK] [MASK] فيها " . [SEP]
INFO:tensorflow:input_ids: 2 2055 15454 4 10175 1922 2251 6413 1928 26680 1961 3494 2924 1973 4 20461 22549 27588 20845 2687 2317 4 23423 2089 1939 4898 1928 2271 4 7567 7898 13780 3133 2089 3780 23162 6712 13867 1961 2906 7792 1005 6436 15323 2150 3917 18 3 5085 6803 2934 14933 4197 7890 4 2349 6 1939 4077 4 4 25032 5832 17530 4 6954 1985 1928 2086 6954 15426 2230 7147 4 4 3411 25516 4 11340 18676 26897 1043 2306 2955 3206 14604 10346 4 4 4 2443 6 18 3 0 0 0 0 0 0 0 0 0 0 0 0 0 0 0 0 0 0 0 0 0 0 0 0 0 0 0 0 0 0 0 0 0 0
I1023 20:43:57.884268 47070890198080 create_pretraining_data.py:161] input_ids: 2 2055 15454 4 10175 1922 2251 6413 1928 26680 1961 3494 2924 1973 4 20461 22549 27588 20845 2687 2317 4 23423 2089 1939 4898 1928 2271 4 7567 7898 13780 3133 2089 3780 23162 6712 13867 1961 2906 7792 1005 6436 15323 2150 3917 18 3 5085 6803 2934 14933 4197 7890 4 2349 6 1939 4077 4 4 25032 5832 17530 4 6954 1985 1928 2086 6954 15426 2230 7147 4 4 3411 25516 4 11340 18676 26897 1043 2306 2955 3206 14604 10346 4 4 4 2443 6 18 3 0 0 0 0 0 0 0 0 0 0 0 0 0 0 0 0 0 0 0 0 0 0 0 0 0 0 0 0 0 0 0 0 0 0
INFO:tensorflow:input_mask: 1 1 1 1 1 1 1 1 1 1 1 1 1 1 1 1 1 1 1 1 1 1 1 1 1 1 1 1 1 1 1 1 1 1 1 1 1 1 1 1 1 1 1 1 1 1 1 1 1 1 1 1 1 1 1 1 1 1 1 1 1 1 1 1 1 1 1 1 1 1 1 1 1 1 1 1 1 1 1 1 1 1 1 1 1 1 1 1 1 1 1 1 1 1 0 0 0 0 0 0 0 0 0 0 0 0 0 0 0 0 0 0 0 0 0 0 0 0 0 0 0 0 0 0 0 0 0 0
I1023 20:43:57.884400 47070890198080 create_pretraining_data.py:161] input_mask: 1 1 1 1 1 1 1 1 1 1 1 1 1 1 1 1 1 1 1 1 1 1 1 1 1 1 1 1 1 1 1 1 1 1 1 1 1 1 1 1 1 1 1 1 1 1 1 1 1 1 1 1 1 1 1 1 1 1 1 1 1 1 1 1 1 1 1 1 1 1 1 1 1 1 1 1 1 1 1 1 1 1 1 1 1 1 1 1 1 1 1 1 1 1 0 0 0 0 0 0 0 0 0 0 0 0 0 0 0 0 0 0 0 0 0 0 0 0 0 0 0 0 0 0 0 0 0 0
INFO:tensorflow:segment_ids: 0 0 0 0 0 0 0 0 0 0 0 0 0 0 0 0 0 0 0 0 0 0 0 0 0 0 0 0 0 0 0 0 0 0 0 0 0 0 0 0 0 0 0 0 0 0 0 0 1 1 1 1 1 1 1 1 1 1 1 1 1 1 1 1 1 1 1 1 1 1 1 1 1 1 1 1 1 1 1 1 1 1 1 1 1 1 1 1 1 1 1 1 1 1 0 0 0 0 0 0 0 0 0 0 0 0 0 0 0 0 0 0 0 0 0 0 0 0 0 0 0 0 0 0 0 0 0 0
I1023 20:43:57.884527 47070890198080 create_pretraining_data.py:161] segment_ids: 0 0 0 0 0 0 0 0 0 0 0 0 0 0 0 0 0 0 0 0 0 0 0 0 0 0 0 0 0 0 0 0 0 0 0 0 0 0 0 0 0 0 0 0 0 0 0 0 1 1 1 1 1 1 1 1 1 1 1 1 1 1 1 1 1 1 1 1 1 1 1 1 1 1 1 1 1 1 1 1 1 1 1 1 1 1 1 1 1 1 1 1 1 1 0 0 0 0 0 0 0 0 0 0 0 0 0 0 0 0 0 0 0 0 0 0 0 0 0 0 0 0 0 0 0 0 0 0
INFO:tensorflow:masked_lm_positions: 3 14 21 28 54 59 60 64 73 74 77 87 88 89 0 0 0 0 0 0
I1023 20:43:57.884629 47070890198080 create_pretraining_data.py:161] masked_lm_positions: 3 14 21 28 54 59 60 64 73 74 77 87 88 89 0 0 0 0 0 0
INFO:tensorflow:masked_lm_ids: 8192 10095 23852 1915 28300 4473 7405 2043 3348 2975 1961 15313 12912 1949 0 0 0 0 0 0
I1023 20:43:57.884722 47070890198080 create_pretraining_data.py:161] masked_lm_ids: 8192 10095 23852 1915 28300 4473 7405 2043 3348 2975 1961 15313 12912 1949 0 0 0 0 0 0
INFO:tensorflow:masked_lm_weights: 1.0 1.0 1.0 1.0 1.0 1.0 1.0 1.0 1.0 1.0 1.0 1.0 1.0 1.0 0.0 0.0 0.0 0.0 0.0 0.0
I1023 20:43:57.884815 47070890198080 create_pretraining_data.py:161] masked_lm_weights: 1.0 1.0 1.0 1.0 1.0 1.0 1.0 1.0 1.0 1.0 1.0 1.0 1.0 1.0 0.0 0.0 0.0 0.0 0.0 0.0
INFO:tensorflow:next_sentence_labels: 1
I1023 20:43:57.884899 47070890198080 create_pretraining_data.py:161] next_sentence_labels: 1
INFO:tensorflow:*** Example ***
I1023 20:43:57.885581 47070890198080 create_pretraining_data.py:149] *** Example ***
INFO:tensorflow:tokens: [CLS] توف ##ى برت ##غال ##ى متأ ##ثرا باص ##ابته [MASK] / الاحد / خلال عدو للث ##يران فى وسط البرتغال [MASK] وفقا لما ذكرته صحيفة / / جور ##نال دو نو ##تي ##سيا ##س / / اليوم / الاثنين وايهاب [MASK] [SEP] واضاف انه لقد [MASK] عليهم انهم يريدون التوصل الي وسيلة فاعل ##ة ونا ##جح ##ة لمعالجة القضايا العال ##قة وليس لاستخدام [MASK] [MASK] من اجل [MASK] [MASK] الموقف الحكومي او اضعاف [MASK] القومي السوداني مؤكدا ان ذلك سي ##ظل الحاكم للعلاقات بين البلدين والاقتصادي [SEP]
I1023 20:43:57.885749 47070890198080 create_pretraining_data.py:151] tokens: [CLS] توف ##ى برت ##غال ##ى متأ ##ثرا باص ##ابته [MASK] / الاحد / خلال عدو للث ##يران فى وسط البرتغال [MASK] وفقا لما ذكرته صحيفة / / جور ##نال دو نو ##تي ##سيا ##س / / اليوم / الاثنين وايهاب [MASK] [SEP] واضاف انه لقد [MASK] عليهم انهم يريدون التوصل الي وسيلة فاعل ##ة ونا ##جح ##ة لمعالجة القضايا العال ##قة وليس لاستخدام [MASK] [MASK] من اجل [MASK] [MASK] الموقف الحكومي او اضعاف [MASK] القومي السوداني مؤكدا ان ذلك سي ##ظل الحاكم للعلاقات بين البلدين والاقتصادي [SEP]
INFO:tensorflow:input_ids: 2 15422 1102 17206 4956 1102 10607 21303 12391 11611 4 19 6187 19 2317 12317 9214 2449 2230 4008 17421 4 6054 2518 17807 5183 19 19 15162 9751 11500 9848 2005 5832 1033 19 19 2217 19 4439 28153 4 3 6540 2615 3863 4 3566 5507 10245 11592 2002 12735 21091 1043 4916 6560 1043 20303 7811 18101 2059 3607 17232 4 4 1908 4434 4 4 7937 10619 2213 21729 4 9099 9825 6993 1939 2271 2266 5671 8965 27359 2117 8093 27712 3 0 0 0 0 0 0 0 0 0 0 0 0 0 0 0 0 0 0 0 0 0 0 0 0 0 0 0 0 0 0 0 0 0 0 0 0 0 0 0 0
I1023 20:43:57.885913 47070890198080 create_pretraining_data.py:161] input_ids: 2 15422 1102 17206 4956 1102 10607 21303 12391 11611 4 19 6187 19 2317 12317 9214 2449 2230 4008 17421 4 6054 2518 17807 5183 19 19 15162 9751 11500 9848 2005 5832 1033 19 19 2217 19 4439 28153 4 3 6540 2615 3863 4 3566 5507 10245 11592 2002 12735 21091 1043 4916 6560 1043 20303 7811 18101 2059 3607 17232 4 4 1908 4434 4 4 7937 10619 2213 21729 4 9099 9825 6993 1939 2271 2266 5671 8965 27359 2117 8093 27712 3 0 0 0 0 0 0 0 0 0 0 0 0 0 0 0 0 0 0 0 0 0 0 0 0 0 0 0 0 0 0 0 0 0 0 0 0 0 0 0 0
INFO:tensorflow:input_mask: 1 1 1 1 1 1 1 1 1 1 1 1 1 1 1 1 1 1 1 1 1 1 1 1 1 1 1 1 1 1 1 1 1 1 1 1 1 1 1 1 1 1 1 1 1 1 1 1 1 1 1 1 1 1 1 1 1 1 1 1 1 1 1 1 1 1 1 1 1 1 1 1 1 1 1 1 1 1 1 1 1 1 1 1 1 1 1 1 0 0 0 0 0 0 0 0 0 0 0 0 0 0 0 0 0 0 0 0 0 0 0 0 0 0 0 0 0 0 0 0 0 0 0 0 0 0 0 0
I1023 20:43:57.886047 47070890198080 create_pretraining_data.py:161] input_mask: 1 1 1 1 1 1 1 1 1 1 1 1 1 1 1 1 1 1 1 1 1 1 1 1 1 1 1 1 1 1 1 1 1 1 1 1 1 1 1 1 1 1 1 1 1 1 1 1 1 1 1 1 1 1 1 1 1 1 1 1 1 1 1 1 1 1 1 1 1 1 1 1 1 1 1 1 1 1 1 1 1 1 1 1 1 1 1 1 0 0 0 0 0 0 0 0 0 0 0 0 0 0 0 0 0 0 0 0 0 0 0 0 0 0 0 0 0 0 0 0 0 0 0 0 0 0 0 0
INFO:tensorflow:segment_ids: 0 0 0 0 0 0 0 0 0 0 0 0 0 0 0 0 0 0 0 0 0 0 0 0 0 0 0 0 0 0 0 0 0 0 0 0 0 0 0 0 0 0 0 1 1 1 1 1 1 1 1 1 1 1 1 1 1 1 1 1 1 1 1 1 1 1 1 1 1 1 1 1 1 1 1 1 1 1 1 1 1 1 1 1 1 1 1 1 0 0 0 0 0 0 0 0 0 0 0 0 0 0 0 0 0 0 0 0 0 0 0 0 0 0 0 0 0 0 0 0 0 0 0 0 0 0 0 0
I1023 20:43:57.886174 47070890198080 create_pretraining_data.py:161] segment_ids: 0 0 0 0 0 0 0 0 0 0 0 0 0 0 0 0 0 0 0 0 0 0 0 0 0 0 0 0 0 0 0 0 0 0 0 0 0 0 0 0 0 0 0 1 1 1 1 1 1 1 1 1 1 1 1 1 1 1 1 1 1 1 1 1 1 1 1 1 1 1 1 1 1 1 1 1 1 1 1 1 1 1 1 1 1 1 1 1 0 0 0 0 0 0 0 0 0 0 0 0 0 0 0 0 0 0 0 0 0 0 0 0 0 0 0 0 0 0 0 0 0 0 0 0 0 0 0 0
INFO:tensorflow:masked_lm_positions: 10 21 30 40 41 46 47 64 65 68 69 74 86 0 0 0 0 0 0 0
I1023 20:43:57.886268 47070890198080 create_pretraining_data.py:161] masked_lm_positions: 10 21 30 40 41 46 47 64 65 68 69 74 86 0 0 0 0 0 0 0
INFO:tensorflow:masked_lm_ids: 4426 378 11500 19 18 3126 3566 2159 3642 22191 1911 4334 18 0 0 0 0 0 0 0
I1023 20:43:57.886360 47070890198080 create_pretraining_data.py:161] masked_lm_ids: 4426 378 11500 19 18 3126 3566 2159 3642 22191 1911 4334 18 0 0 0 0 0 0 0
INFO:tensorflow:masked_lm_weights: 1.0 1.0 1.0 1.0 1.0 1.0 1.0 1.0 1.0 1.0 1.0 1.0 1.0 0.0 0.0 0.0 0.0 0.0 0.0 0.0
I1023 20:43:57.886453 47070890198080 create_pretraining_data.py:161] masked_lm_weights: 1.0 1.0 1.0 1.0 1.0 1.0 1.0 1.0 1.0 1.0 1.0 1.0 1.0 0.0 0.0 0.0 0.0 0.0 0.0 0.0
INFO:tensorflow:next_sentence_labels: 1
I1023 20:43:57.886547 47070890198080 create_pretraining_data.py:161] next_sentence_labels: 1
INFO:tensorflow:*** Example ***
I1023 20:43:57.887216 47070890198080 create_pretraining_data.py:149] *** Example ***
INFO:tensorflow:tokens: [CLS] ( بيت [MASK] ) [SEP] اجتمع و ##ى جي ##ان شين ##غ عضو اللجنة [MASK] للم ##كتب السياسى [MASK] المركزية للحزب الشي ##وع ##ى الصينى هنا اليوم مع وفد من الحزب الفلبين ##ى الحاكم بر ##ئاس ##ى خ ##وسيه ما ا . رو ##فين ##و المدير [MASK] [MASK] [MASK] للحزب . [SEP]
I1023 20:43:57.887351 47070890198080 create_pretraining_data.py:151] tokens: [CLS] ( بيت [MASK] ) [SEP] اجتمع و ##ى جي ##ان شين ##غ عضو اللجنة [MASK] للم ##كتب السياسى [MASK] المركزية للحزب الشي ##وع ##ى الصينى هنا اليوم مع وفد من الحزب الفلبين ##ى الحاكم بر ##ئاس ##ى خ ##وسيه ما ا . رو ##فين ##و المدير [MASK] [MASK] [MASK] للحزب . [SEP]
INFO:tensorflow:input_ids: 2 12 2967 4 13 3 10803 415 1102 4885 1906 12196 1044 4866 4450 4 2189 2707 19298 4 9354 15293 2456 2095 1102 15949 2349 2217 1973 8379 1908 5245 12130 1102 8965 2207 8353 1102 394 27667 1972 387 18 4499 9487 1012 5294 4 4 4 15293 18 3 0 0 0 0 0 0 0 0 0 0 0 0 0 0 0 0 0 0 0 0 0 0 0 0 0 0 0 0 0 0 0 0 0 0 0 0 0 0 0 0 0 0 0 0 0 0 0 0 0 0 0 0 0 0 0 0 0 0 0 0 0 0 0 0 0 0 0 0 0 0 0 0 0 0 0
I1023 20:43:57.887499 47070890198080 create_pretraining_data.py:161] input_ids: 2 12 2967 4 13 3 10803 415 1102 4885 1906 12196 1044 4866 4450 4 2189 2707 19298 4 9354 15293 2456 2095 1102 15949 2349 2217 1973 8379 1908 5245 12130 1102 8965 2207 8353 1102 394 27667 1972 387 18 4499 9487 1012 5294 4 4 4 15293 18 3 0 0 0 0 0 0 0 0 0 0 0 0 0 0 0 0 0 0 0 0 0 0 0 0 0 0 0 0 0 0 0 0 0 0 0 0 0 0 0 0 0 0 0 0 0 0 0 0 0 0 0 0 0 0 0 0 0 0 0 0 0 0 0 0 0 0 0 0 0 0 0 0 0 0 0
INFO:tensorflow:input_mask: 1 1 1 1 1 1 1 1 1 1 1 1 1 1 1 1 1 1 1 1 1 1 1 1 1 1 1 1 1 1 1 1 1 1 1 1 1 1 1 1 1 1 1 1 1 1 1 1 1 1 1 1 1 0 0 0 0 0 0 0 0 0 0 0 0 0 0 0 0 0 0 0 0 0 0 0 0 0 0 0 0 0 0 0 0 0 0 0 0 0 0 0 0 0 0 0 0 0 0 0 0 0 0 0 0 0 0 0 0 0 0 0 0 0 0 0 0 0 0 0 0 0 0 0 0 0 0 0
I1023 20:43:57.887637 47070890198080 create_pretraining_data.py:161] input_mask: 1 1 1 1 1 1 1 1 1 1 1 1 1 1 1 1 1 1 1 1 1 1 1 1 1 1 1 1 1 1 1 1 1 1 1 1 1 1 1 1 1 1 1 1 1 1 1 1 1 1 1 1 1 0 0 0 0 0 0 0 0 0 0 0 0 0 0 0 0 0 0 0 0 0 0 0 0 0 0 0 0 0 0 0 0 0 0 0 0 0 0 0 0 0 0 0 0 0 0 0 0 0 0 0 0 0 0 0 0 0 0 0 0 0 0 0 0 0 0 0 0 0 0 0 0 0 0 0
INFO:tensorflow:segment_ids: 0 0 0 0 0 0 1 1 1 1 1 1 1 1 1 1 1 1 1 1 1 1 1 1 1 1 1 1 1 1 1 1 1 1 1 1 1 1 1 1 1 1 1 1 1 1 1 1 1 1 1 1 1 0 0 0 0 0 0 0 0 0 0 0 0 0 0 0 0 0 0 0 0 0 0 0 0 0 0 0 0 0 0 0 0 0 0 0 0 0 0 0 0 0 0 0 0 0 0 0 0 0 0 0 0 0 0 0 0 0 0 0 0 0 0 0 0 0 0 0 0 0 0 0 0 0 0 0
I1023 20:43:57.887763 47070890198080 create_pretraining_data.py:161] segment_ids: 0 0 0 0 0 0 1 1 1 1 1 1 1 1 1 1 1 1 1 1 1 1 1 1 1 1 1 1 1 1 1 1 1 1 1 1 1 1 1 1 1 1 1 1 1 1 1 1 1 1 1 1 1 0 0 0 0 0 0 0 0 0 0 0 0 0 0 0 0 0 0 0 0 0 0 0 0 0 0 0 0 0 0 0 0 0 0 0 0 0 0 0 0 0 0 0 0 0 0 0 0 0 0 0 0 0 0 0 0 0 0 0 0 0 0 0 0 0 0 0 0 0 0 0 0 0 0 0
INFO:tensorflow:masked_lm_positions: 2 3 4 15 19 47 48 49 0 0 0 0 0 0 0 0 0 0 0 0
I1023 20:43:57.887858 47070890198080 create_pretraining_data.py:161] masked_lm_positions: 2 3 4 15 19 47 48 49 0 0 0 0 0 0 0 0 0 0 0 0
INFO:tensorflow:masked_lm_ids: 4653 4480 13 19300 14738 7513 1102 14554 0 0 0 0 0 0 0 0 0 0 0 0
I1023 20:43:57.887948 47070890198080 create_pretraining_data.py:161] masked_lm_ids: 4653 4480 13 19300 14738 7513 1102 14554 0 0 0 0 0 0 0 0 0 0 0 0
INFO:tensorflow:masked_lm_weights: 1.0 1.0 1.0 1.0 1.0 1.0 1.0 1.0 0.0 0.0 0.0 0.0 0.0 0.0 0.0 0.0 0.0 0.0 0.0 0.0
I1023 20:43:57.888041 47070890198080 create_pretraining_data.py:161] masked_lm_weights: 1.0 1.0 1.0 1.0 1.0 1.0 1.0 1.0 0.0 0.0 0.0 0.0 0.0 0.0 0.0 0.0 0.0 0.0 0.0 0.0
INFO:tensorflow:next_sentence_labels: 1
I1023 20:43:57.888135 47070890198080 create_pretraining_data.py:161] next_sentence_labels: 1
INFO:tensorflow:*** Example ***
I1023 20:43:57.888828 47070890198080 create_pretraining_data.py:149] *** Example ***
INFO:tensorflow:tokens: [CLS] وقرر اثنان منهم [MASK] [MASK] شجرة بينما ظل اس ##حاق على الارض . وذكر ان " الطفل ##ين اللذين [MASK] فوق الشجرة سمع ##ا للتس [MASK] نارية وص ##اح ##ا بأنهم اند ##ونيسي ##ون لوقف [MASK] النار " . تجد ##ر الاشارة إلى ان كير ##وم منطقة [MASK] ##ية [MASK] اندونيسيا وبا ##بوا نيو [MASK] . [MASK] سير ##فو [MASK] المواطنين المحليين عادة ما يعبر ##ون [MASK] لزيارة اق ##اربه ##م . [SEP] وكانت سلطات بابوا نيو غينيا قد اعتقلت ضابط بشرط ##ة جاي ##اب ##ورا الاسبوع الماضى لما تردد عن قيام ##ه [MASK] [MASK] الحدود بطريقة غير [MASK] عند شاطئ وت ##ونج فى كير ##وم . ( نهاية الخبر ) [SEP]
I1023 20:43:57.888988 47070890198080 create_pretraining_data.py:151] tokens: [CLS] وقرر اثنان منهم [MASK] [MASK] شجرة بينما ظل اس ##حاق على الارض . وذكر ان " الطفل ##ين اللذين [MASK] فوق الشجرة سمع ##ا للتس [MASK] نارية وص ##اح ##ا بأنهم اند ##ونيسي ##ون لوقف [MASK] النار " . تجد ##ر الاشارة إلى ان كير ##وم منطقة [MASK] ##ية [MASK] اندونيسيا وبا ##بوا نيو [MASK] . [MASK] سير ##فو [MASK] المواطنين المحليين عادة ما يعبر ##ون [MASK] لزيارة اق ##اربه ##م . [SEP] وكانت سلطات بابوا نيو غينيا قد اعتقلت ضابط بشرط ##ة جاي ##اب ##ورا الاسبوع الماضى لما تردد عن قيام ##ه [MASK] [MASK] الحدود بطريقة غير [MASK] عند شاطئ وت ##ونج فى كير ##وم . ( نهاية الخبر ) [SEP]
INFO:tensorflow:input_ids: 2 25134 18202 3441 4 4 17310 4526 4812 2171 7625 1961 3981 18 5085 1939 6 4685 1911 13664 4 3589 26508 3993 1007 13504 4 15683 2417 2187 1007 18321 7621 17269 1922 14171 4 3919 6 18 5091 1017 26045 2045 1939 12345 1967 3532 4 1910 4 23257 6667 16684 21739 4 18 4 3892 3301 4 5335 24500 9323 1972 10657 1922 4 20010 2536 10316 1015 18 3 4388 16033 25660 21739 12401 2251 24356 14942 16647 1043 10873 1933 3415 6100 11884 2518 8126 1955 5604 1028 4 4 4906 7642 2224 4 2192 15304 2001 12921 2230 12345 1967 18 12 4653 4480 13 3 0 0 0 0 0 0 0 0 0 0 0 0 0 0 0
I1023 20:43:57.889142 47070890198080 create_pretraining_data.py:161] input_ids: 2 25134 18202 3441 4 4 17310 4526 4812 2171 7625 1961 3981 18 5085 1939 6 4685 1911 13664 4 3589 26508 3993 1007 13504 4 15683 2417 2187 1007 18321 7621 17269 1922 14171 4 3919 6 18 5091 1017 26045 2045 1939 12345 1967 3532 4 1910 4 23257 6667 16684 21739 4 18 4 3892 3301 4 5335 24500 9323 1972 10657 1922 4 20010 2536 10316 1015 18 3 4388 16033 25660 21739 12401 2251 24356 14942 16647 1043 10873 1933 3415 6100 11884 2518 8126 1955 5604 1028 4 4 4906 7642 2224 4 2192 15304 2001 12921 2230 12345 1967 18 12 4653 4480 13 3 0 0 0 0 0 0 0 0 0 0 0 0 0 0 0
INFO:tensorflow:input_mask: 1 1 1 1 1 1 1 1 1 1 1 1 1 1 1 1 1 1 1 1 1 1 1 1 1 1 1 1 1 1 1 1 1 1 1 1 1 1 1 1 1 1 1 1 1 1 1 1 1 1 1 1 1 1 1 1 1 1 1 1 1 1 1 1 1 1 1 1 1 1 1 1 1 1 1 1 1 1 1 1 1 1 1 1 1 1 1 1 1 1 1 1 1 1 1 1 1 1 1 1 1 1 1 1 1 1 1 1 1 1 1 1 1 0 0 0 0 0 0 0 0 0 0 0 0 0 0 0
I1023 20:43:57.889273 47070890198080 create_pretraining_data.py:161] input_mask: 1 1 1 1 1 1 1 1 1 1 1 1 1 1 1 1 1 1 1 1 1 1 1 1 1 1 1 1 1 1 1 1 1 1 1 1 1 1 1 1 1 1 1 1 1 1 1 1 1 1 1 1 1 1 1 1 1 1 1 1 1 1 1 1 1 1 1 1 1 1 1 1 1 1 1 1 1 1 1 1 1 1 1 1 1 1 1 1 1 1 1 1 1 1 1 1 1 1 1 1 1 1 1 1 1 1 1 1 1 1 1 1 1 0 0 0 0 0 0 0 0 0 0 0 0 0 0 0
INFO:tensorflow:segment_ids: 0 0 0 0 0 0 0 0 0 0 0 0 0 0 0 0 0 0 0 0 0 0 0 0 0 0 0 0 0 0 0 0 0 0 0 0 0 0 0 0 0 0 0 0 0 0 0 0 0 0 0 0 0 0 0 0 0 0 0 0 0 0 0 0 0 0 0 0 0 0 0 0 0 0 1 1 1 1 1 1 1 1 1 1 1 1 1 1 1 1 1 1 1 1 1 1 1 1 1 1 1 1 1 1 1 1 1 1 1 1 1 1 1 0 0 0 0 0 0 0 0 0 0 0 0 0 0 0
I1023 20:43:57.889398 47070890198080 create_pretraining_data.py:161] segment_ids: 0 0 0 0 0 0 0 0 0 0 0 0 0 0 0 0 0 0 0 0 0 0 0 0 0 0 0 0 0 0 0 0 0 0 0 0 0 0 0 0 0 0 0 0 0 0 0 0 0 0 0 0 0 0 0 0 0 0 0 0 0 0 0 0 0 0 0 0 0 0 0 0 0 0 1 1 1 1 1 1 1 1 1 1 1 1 1 1 1 1 1 1 1 1 1 1 1 1 1 1 1 1 1 1 1 1 1 1 1 1 1 1 1 0 0 0 0 0 0 0 0 0 0 0 0 0 0 0
INFO:tensorflow:masked_lm_positions: 4 5 14 20 25 26 36 48 49 50 55 57 60 67 94 95 99 0 0 0
I1023 20:43:57.889506 47070890198080 create_pretraining_data.py:161] masked_lm_positions: 4 5 14 20 25 26 36 48 49 50 55 57 60 67 94 95 99 0 0 0
INFO:tensorflow:masked_lm_ids: 2304 1941 5085 18794 22052 1904 8784 5402 1910 2117 12401 6945 1939 4906 20120 1936 15638 0 0 0
I1023 20:43:57.889597 47070890198080 create_pretraining_data.py:161] masked_lm_ids: 2304 1941 5085 18794 22052 1904 8784 5402 1910 2117 12401 6945 1939 4906 20120 1936 15638 0 0 0
INFO:tensorflow:masked_lm_weights: 1.0 1.0 1.0 1.0 1.0 1.0 1.0 1.0 1.0 1.0 1.0 1.0 1.0 1.0 1.0 1.0 1.0 0.0 0.0 0.0
I1023 20:43:57.889695 47070890198080 create_pretraining_data.py:161] masked_lm_weights: 1.0 1.0 1.0 1.0 1.0 1.0 1.0 1.0 1.0 1.0 1.0 1.0 1.0 1.0 1.0 1.0 1.0 0.0 0.0 0.0
INFO:tensorflow:next_sentence_labels: 0
I1023 20:43:57.889778 47070890198080 create_pretraining_data.py:161] next_sentence_labels: 0
INFO:tensorflow:*** Example ***
I1023 20:43:57.890455 47070890198080 create_pretraining_data.py:149] *** Example ***
INFO:tensorflow:tokens: [CLS] ونقل عن خاتم ##ى قوله ان ##ger أمن تركيا [MASK] لإ ##يران " . [SEP] ومن الصادرات احت ##لت المنتجات الميكانيكية والال ##كتر ##ونية والمنتجات فائقة التكنولوجيا 73 و4 [MASK] بالمئة على التوا ##لى من اجم ##الى الصادرات . [SEP]
I1023 20:43:57.890586 47070890198080 create_pretraining_data.py:151] tokens: [CLS] ونقل عن خاتم ##ى قوله ان ##ger أمن تركيا [MASK] لإ ##يران " . [SEP] ومن الصادرات احت ##لت المنتجات الميكانيكية والال ##كتر ##ونية والمنتجات فائقة التكنولوجيا 73 و4 [MASK] بالمئة على التوا ##لى من اجم ##الى الصادرات . [SEP]
INFO:tensorflow:input_ids: 2 10976 1955 14725 1102 3604 1939 2750 5484 4081 4 3028 2449 6 18 3 2298 20375 2691 1919 6754 24554 15042 4369 3419 14874 25363 8185 16967 22234 4 9594 1961 8575 1926 1908 20547 3095 20375 18 3 0 0 0 0 0 0 0 0 0 0 0 0 0 0 0 0 0 0 0 0 0 0 0 0 0 0 0 0 0 0 0 0 0 0 0 0 0 0 0 0 0 0 0 0 0 0 0 0 0 0 0 0 0 0 0 0 0 0 0 0 0 0 0 0 0 0 0 0 0 0 0 0 0 0 0 0 0 0 0 0 0 0 0 0 0 0 0
I1023 20:43:57.890736 47070890198080 create_pretraining_data.py:161] input_ids: 2 10976 1955 14725 1102 3604 1939 2750 5484 4081 4 3028 2449 6 18 3 2298 20375 2691 1919 6754 24554 15042 4369 3419 14874 25363 8185 16967 22234 4 9594 1961 8575 1926 1908 20547 3095 20375 18 3 0 0 0 0 0 0 0 0 0 0 0 0 0 0 0 0 0 0 0 0 0 0 0 0 0 0 0 0 0 0 0 0 0 0 0 0 0 0 0 0 0 0 0 0 0 0 0 0 0 0 0 0 0 0 0 0 0 0 0 0 0 0 0 0 0 0 0 0 0 0 0 0 0 0 0 0 0 0 0 0 0 0 0 0 0 0 0
INFO:tensorflow:input_mask: 1 1 1 1 1 1 1 1 1 1 1 1 1 1 1 1 1 1 1 1 1 1 1 1 1 1 1 1 1 1 1 1 1 1 1 1 1 1 1 1 1 0 0 0 0 0 0 0 0 0 0 0 0 0 0 0 0 0 0 0 0 0 0 0 0 0 0 0 0 0 0 0 0 0 0 0 0 0 0 0 0 0 0 0 0 0 0 0 0 0 0 0 0 0 0 0 0 0 0 0 0 0 0 0 0 0 0 0 0 0 0 0 0 0 0 0 0 0 0 0 0 0 0 0 0 0 0 0
I1023 20:43:57.890866 47070890198080 create_pretraining_data.py:161] input_mask: 1 1 1 1 1 1 1 1 1 1 1 1 1 1 1 1 1 1 1 1 1 1 1 1 1 1 1 1 1 1 1 1 1 1 1 1 1 1 1 1 1 0 0 0 0 0 0 0 0 0 0 0 0 0 0 0 0 0 0 0 0 0 0 0 0 0 0 0 0 0 0 0 0 0 0 0 0 0 0 0 0 0 0 0 0 0 0 0 0 0 0 0 0 0 0 0 0 0 0 0 0 0 0 0 0 0 0 0 0 0 0 0 0 0 0 0 0 0 0 0 0 0 0 0 0 0 0 0
INFO:tensorflow:segment_ids: 0 0 0 0 0 0 0 0 0 0 0 0 0 0 0 0 1 1 1 1 1 1 1 1 1 1 1 1 1 1 1 1 1 1 1 1 1 1 1 1 1 0 0 0 0 0 0 0 0 0 0 0 0 0 0 0 0 0 0 0 0 0 0 0 0 0 0 0 0 0 0 0 0 0 0 0 0 0 0 0 0 0 0 0 0 0 0 0 0 0 0 0 0 0 0 0 0 0 0 0 0 0 0 0 0 0 0 0 0 0 0 0 0 0 0 0 0 0 0 0 0 0 0 0 0 0 0 0
I1023 20:43:57.890993 47070890198080 create_pretraining_data.py:161] segment_ids: 0 0 0 0 0 0 0 0 0 0 0 0 0 0 0 0 1 1 1 1 1 1 1 1 1 1 1 1 1 1 1 1 1 1 1 1 1 1 1 1 1 0 0 0 0 0 0 0 0 0 0 0 0 0 0 0 0 0 0 0 0 0 0 0 0 0 0 0 0 0 0 0 0 0 0 0 0 0 0 0 0 0 0 0 0 0 0 0 0 0 0 0 0 0 0 0 0 0 0 0 0 0 0 0 0 0 0 0 0 0 0 0 0 0 0 0 0 0 0 0 0 0 0 0 0 0 0 0
INFO:tensorflow:masked_lm_positions: 2 7 10 17 29 30 0 0 0 0 0 0 0 0 0 0 0 0 0 0
I1023 20:43:57.891101 47070890198080 create_pretraining_data.py:161] masked_lm_positions: 2 7 10 17 29 30 0 0 0 0 0 0 0 0 0 0 0 0 0 0
INFO:tensorflow:masked_lm_ids: 1955 6 5484 20375 22234 1071 0 0 0 0 0 0 0 0 0 0 0 0 0 0
I1023 20:43:57.891192 47070890198080 create_pretraining_data.py:161] masked_lm_ids: 1955 6 5484 20375 22234 1071 0 0 0 0 0 0 0 0 0 0 0 0 0 0
INFO:tensorflow:masked_lm_weights: 1.0 1.0 1.0 1.0 1.0 1.0 0.0 0.0 0.0 0.0 0.0 0.0 0.0 0.0 0.0 0.0 0.0 0.0 0.0 0.0
I1023 20:43:57.891283 47070890198080 create_pretraining_data.py:161] masked_lm_weights: 1.0 1.0 1.0 1.0 1.0 1.0 0.0 0.0 0.0 0.0 0.0 0.0 0.0 0.0 0.0 0.0 0.0 0.0 0.0 0.0
INFO:tensorflow:next_sentence_labels: 1
I1023 20:43:57.891365 47070890198080 create_pretraining_data.py:161] next_sentence_labels: 1
INFO:tensorflow:*** Example ***
I1023 20:43:57.892055 47070890198080 create_pretraining_data.py:149] *** Example ***
INFO:tensorflow:tokens: [CLS] مسؤول كبير [MASK] اعمال الاغ ##اث ##ة فى زلزال شين ##جيا ##نغ اور ##وم ##تش ##ى 25 فبراير / شينخوا / يقوم وان ##غ له تش ##وان المسؤول الاول بمنطقة شم [MASK] [MASK] الذاتية وبت 05 [MASK] الو ##ي ##غور بقيادة اعمال الاغ ##اث ##ة فى المنطقة التى دمر ##هما الزلزال صباح يوم الاثنين [MASK] [SEP] [MASK] [MASK] [MASK] المكتب السياسى للجنة المركزية للحزب الشي ##وع ##ى الصينى وسك ##رت ##ير لجنة الحزب الشي ##وع ##ى الصينى لمنطقة شين ##جيا ##نغ زار محافظ ##تى بات ##شو وجي ##اش ##ى الاش ##د تضر ##را من الزلزال بعد ان طار من بكين الى مدينة [MASK] [MASK] المجاورة . قال مسؤولون محلي ##ون ان مواد [MASK] [MASK] [MASK] قد وصلت الى المنطقة ووز ##عت على المواطنين قبل [MASK] اليوم [SEP]
I1023 20:43:57.892222 47070890198080 create_pretraining_data.py:151] tokens: [CLS] مسؤول كبير [MASK] اعمال الاغ ##اث ##ة فى زلزال شين ##جيا ##نغ اور ##وم ##تش ##ى 25 فبراير / شينخوا / يقوم وان ##غ له تش ##وان المسؤول الاول بمنطقة شم [MASK] [MASK] الذاتية وبت 05 [MASK] الو ##ي ##غور بقيادة اعمال الاغ ##اث ##ة فى المنطقة التى دمر ##هما الزلزال صباح يوم الاثنين [MASK] [SEP] [MASK] [MASK] [MASK] المكتب السياسى للجنة المركزية للحزب الشي ##وع ##ى الصينى وسك ##رت ##ير لجنة الحزب الشي ##وع ##ى الصينى لمنطقة شين ##جيا ##نغ زار محافظ ##تى بات ##شو وجي ##اش ##ى الاش ##د تضر ##را من الزلزال بعد ان طار من بكين الى مدينة [MASK] [MASK] المجاورة . قال مسؤولون محلي ##ون ان مواد [MASK] [MASK] [MASK] قد وصلت الى المنطقة ووز ##عت على المواطنين قبل [MASK] اليوم [SEP]
INFO:tensorflow:input_ids: 2 6803 2934 4 5649 4404 2651 1043 2230 27454 12196 16767 17281 10174 1967 5858 1102 3525 5456 19 20756 19 4070 2178 1044 2154 2284 2255 9042 3307 10256 6577 4 4 11854 10072 2819 4 2009 1013 20962 10852 5649 4404 2651 1043 2230 3549 3411 21026 2567 23184 2570 2232 4439 4 3 4 4 4 7608 19298 14738 9354 15293 2456 2095 1102 15949 26330 2148 1916 4529 5245 2456 2095 1102 15949 23107 12196 16767 17281 12404 5314 2415 3994 13158 26718 2408 1102 3358 1016 14821 1925 1908 23184 2089 1939 17883 1908 17275 2186 3255 4 4 14544 18 2136 19181 15174 1922 1939 6114 4 4 4 2251 6242 2186 3549 19533 2091 1961 5335 2289 4 2217 3
I1023 20:43:57.892377 47070890198080 create_pretraining_data.py:161] input_ids: 2 6803 2934 4 5649 4404 2651 1043 2230 27454 12196 16767 17281 10174 1967 5858 1102 3525 5456 19 20756 19 4070 2178 1044 2154 2284 2255 9042 3307 10256 6577 4 4 11854 10072 2819 4 2009 1013 20962 10852 5649 4404 2651 1043 2230 3549 3411 21026 2567 23184 2570 2232 4439 4 3 4 4 4 7608 19298 14738 9354 15293 2456 2095 1102 15949 26330 2148 1916 4529 5245 2456 2095 1102 15949 23107 12196 16767 17281 12404 5314 2415 3994 13158 26718 2408 1102 3358 1016 14821 1925 1908 23184 2089 1939 17883 1908 17275 2186 3255 4 4 14544 18 2136 19181 15174 1922 1939 6114 4 4 4 2251 6242 2186 3549 19533 2091 1961 5335 2289 4 2217 3
INFO:tensorflow:input_mask: 1 1 1 1 1 1 1 1 1 1 1 1 1 1 1 1 1 1 1 1 1 1 1 1 1 1 1 1 1 1 1 1 1 1 1 1 1 1 1 1 1 1 1 1 1 1 1 1 1 1 1 1 1 1 1 1 1 1 1 1 1 1 1 1 1 1 1 1 1 1 1 1 1 1 1 1 1 1 1 1 1 1 1 1 1 1 1 1 1 1 1 1 1 1 1 1 1 1 1 1 1 1 1 1 1 1 1 1 1 1 1 1 1 1 1 1 1 1 1 1 1 1 1 1 1 1 1 1
I1023 20:43:57.892524 47070890198080 create_pretraining_data.py:161] input_mask: 1 1 1 1 1 1 1 1 1 1 1 1 1 1 1 1 1 1 1 1 1 1 1 1 1 1 1 1 1 1 1 1 1 1 1 1 1 1 1 1 1 1 1 1 1 1 1 1 1 1 1 1 1 1 1 1 1 1 1 1 1 1 1 1 1 1 1 1 1 1 1 1 1 1 1 1 1 1 1 1 1 1 1 1 1 1 1 1 1 1 1 1 1 1 1 1 1 1 1 1 1 1 1 1 1 1 1 1 1 1 1 1 1 1 1 1 1 1 1 1 1 1 1 1 1 1 1 1
INFO:tensorflow:segment_ids: 0 0 0 0 0 0 0 0 0 0 0 0 0 0 0 0 0 0 0 0 0 0 0 0 0 0 0 0 0 0 0 0 0 0 0 0 0 0 0 0 0 0 0 0 0 0 0 0 0 0 0 0 0 0 0 0 0 1 1 1 1 1 1 1 1 1 1 1 1 1 1 1 1 1 1 1 1 1 1 1 1 1 1 1 1 1 1 1 1 1 1 1 1 1 1 1 1 1 1 1 1 1 1 1 1 1 1 1 1 1 1 1 1 1 1 1 1 1 1 1 1 1 1 1 1 1 1 1
I1023 20:43:57.892657 47070890198080 create_pretraining_data.py:161] segment_ids: 0 0 0 0 0 0 0 0 0 0 0 0 0 0 0 0 0 0 0 0 0 0 0 0 0 0 0 0 0 0 0 0 0 0 0 0 0 0 0 0 0 0 0 0 0 0 0 0 0 0 0 0 0 0 0 0 0 1 1 1 1 1 1 1 1 1 1 1 1 1 1 1 1 1 1 1 1 1 1 1 1 1 1 1 1 1 1 1 1 1 1 1 1 1 1 1 1 1 1 1 1 1 1 1 1 1 1 1 1 1 1 1 1 1 1 1 1 1 1 1 1 1 1 1 1 1 1 1
INFO:tensorflow:masked_lm_positions: 3 31 32 33 35 36 37 48 55 57 58 59 64 103 104 113 114 115 125 0
I1023 20:43:57.892754 47070890198080 create_pretraining_data.py:161] masked_lm_positions: 3 31 32 33 35 36 37 48 55 57 58 59 64 103 104 113 114 115 125 0
INFO:tensorflow:masked_lm_ids: 10747 12196 16767 17281 4034 2794 5759 3411 18 2400 2142 1012 15293 14472 4830 4404 2651 1043 9259 0
I1023 20:43:57.892843 47070890198080 create_pretraining_data.py:161] masked_lm_ids: 10747 12196 16767 17281 4034 2794 5759 3411 18 2400 2142 1012 15293 14472 4830 4404 2651 1043 9259 0
INFO:tensorflow:masked_lm_weights: 1.0 1.0 1.0 1.0 1.0 1.0 1.0 1.0 1.0 1.0 1.0 1.0 1.0 1.0 1.0 1.0 1.0 1.0 1.0 0.0
I1023 20:43:57.892935 47070890198080 create_pretraining_data.py:161] masked_lm_weights: 1.0 1.0 1.0 1.0 1.0 1.0 1.0 1.0 1.0 1.0 1.0 1.0 1.0 1.0 1.0 1.0 1.0 1.0 1.0 0.0
INFO:tensorflow:next_sentence_labels: 0
I1023 20:43:57.893017 47070890198080 create_pretraining_data.py:161] next_sentence_labels: 0
INFO:tensorflow:*** Example ***
I1023 20:43:57.893693 47070890198080 create_pretraining_data.py:149] *** Example ***
INFO:tensorflow:tokens: [CLS] قال [MASK] محل ##ى ان المنتجات [MASK] ##ية والمر ##ئية الحقيقية لها حاليا 80 بالمئة من نصيب السوق بشان ##غه ##ا ##ى مما يدل على انه من الممكن حقا القضاء على القر ##صنة . [SEP] واكد ان بيلا ##روس سوف تتم ##سك بسي ##اس ##ة [MASK] [MASK] واحدة ، [MASK] [MASK] [MASK] التعاون مع الصين من اجل تدعي ##م العلاقات الثنائية ، مقار المتبادل فى كافة المجالات . [SEP]
I1023 20:43:57.893835 47070890198080 create_pretraining_data.py:151] tokens: [CLS] قال [MASK] محل ##ى ان المنتجات [MASK] ##ية والمر ##ئية الحقيقية لها حاليا 80 بالمئة من نصيب السوق بشان ##غه ##ا ##ى مما يدل على انه من الممكن حقا القضاء على القر ##صنة . [SEP] واكد ان بيلا ##روس سوف تتم ##سك بسي ##اس ##ة [MASK] [MASK] واحدة ، [MASK] [MASK] [MASK] التعاون مع الصين من اجل تدعي ##م العلاقات الثنائية ، مقار المتبادل فى كافة المجالات . [SEP]
INFO:tensorflow:input_ids: 2 2136 4 7040 1102 1939 6754 4 1910 4716 3371 11493 2553 4371 7209 9594 1908 8515 4693 20444 10838 1007 1102 3077 8858 1961 2615 1908 8706 8266 5591 1961 2332 16144 18 3 10059 1939 24835 3183 3641 5346 3617 5998 2233 1043 4 4 4234 378 4 4 4 4209 1973 3976 1908 4434 18163 1015 4490 11617 378 16908 29799 2230 4294 8829 18 3 0 0 0 0 0 0 0 0 0 0 0 0 0 0 0 0 0 0 0 0 0 0 0 0 0 0 0 0 0 0 0 0 0 0 0 0 0 0 0 0 0 0 0 0 0 0 0 0 0 0 0 0 0 0 0 0 0 0
I1023 20:43:57.893998 47070890198080 create_pretraining_data.py:161] input_ids: 2 2136 4 7040 1102 1939 6754 4 1910 4716 3371 11493 2553 4371 7209 9594 1908 8515 4693 20444 10838 1007 1102 3077 8858 1961 2615 1908 8706 8266 5591 1961 2332 16144 18 3 10059 1939 24835 3183 3641 5346 3617 5998 2233 1043 4 4 4234 378 4 4 4 4209 1973 3976 1908 4434 18163 1015 4490 11617 378 16908 29799 2230 4294 8829 18 3 0 0 0 0 0 0 0 0 0 0 0 0 0 0 0 0 0 0 0 0 0 0 0 0 0 0 0 0 0 0 0 0 0 0 0 0 0 0 0 0 0 0 0 0 0 0 0 0 0 0 0 0 0 0 0 0 0 0
INFO:tensorflow:input_mask: 1 1 1 1 1 1 1 1 1 1 1 1 1 1 1 1 1 1 1 1 1 1 1 1 1 1 1 1 1 1 1 1 1 1 1 1 1 1 1 1 1 1 1 1 1 1 1 1 1 1 1 1 1 1 1 1 1 1 1 1 1 1 1 1 1 1 1 1 1 1 0 0 0 0 0 0 0 0 0 0 0 0 0 0 0 0 0 0 0 0 0 0 0 0 0 0 0 0 0 0 0 0 0 0 0 0 0 0 0 0 0 0 0 0 0 0 0 0 0 0 0 0 0 0 0 0 0 0
I1023 20:43:57.894133 47070890198080 create_pretraining_data.py:161] input_mask: 1 1 1 1 1 1 1 1 1 1 1 1 1 1 1 1 1 1 1 1 1 1 1 1 1 1 1 1 1 1 1 1 1 1 1 1 1 1 1 1 1 1 1 1 1 1 1 1 1 1 1 1 1 1 1 1 1 1 1 1 1 1 1 1 1 1 1 1 1 1 0 0 0 0 0 0 0 0 0 0 0 0 0 0 0 0 0 0 0 0 0 0 0 0 0 0 0 0 0 0 0 0 0 0 0 0 0 0 0 0 0 0 0 0 0 0 0 0 0 0 0 0 0 0 0 0 0 0
INFO:tensorflow:segment_ids: 0 0 0 0 0 0 0 0 0 0 0 0 0 0 0 0 0 0 0 0 0 0 0 0 0 0 0 0 0 0 0 0 0 0 0 0 1 1 1 1 1 1 1 1 1 1 1 1 1 1 1 1 1 1 1 1 1 1 1 1 1 1 1 1 1 1 1 1 1 1 0 0 0 0 0 0 0 0 0 0 0 0 0 0 0 0 0 0 0 0 0 0 0 0 0 0 0 0 0 0 0 0 0 0 0 0 0 0 0 0 0 0 0 0 0 0 0 0 0 0 0 0 0 0 0 0 0 0
I1023 20:43:57.894259 47070890198080 create_pretraining_data.py:161] segment_ids: 0 0 0 0 0 0 0 0 0 0 0 0 0 0 0 0 0 0 0 0 0 0 0 0 0 0 0 0 0 0 0 0 0 0 0 0 1 1 1 1 1 1 1 1 1 1 1 1 1 1 1 1 1 1 1 1 1 1 1 1 1 1 1 1 1 1 1 1 1 1 0 0 0 0 0 0 0 0 0 0 0 0 0 0 0 0 0 0 0 0 0 0 0 0 0 0 0 0 0 0 0 0 0 0 0 0 0 0 0 0 0 0 0 0 0 0 0 0 0 0 0 0 0 0 0 0 0 0
INFO:tensorflow:masked_lm_positions: 2 7 8 14 46 47 50 51 52 63 0 0 0 0 0 0 0 0 0 0
I1023 20:43:57.894354 47070890198080 create_pretraining_data.py:161] masked_lm_positions: 2 7 8 14 46 47 50 51 52 63 0 0 0 0 0 0 0 0 0 0
INFO:tensorflow:masked_lm_ids: 6803 14222 1910 7209 8980 1006 7247 3801 2230 13516 0 0 0 0 0 0 0 0 0 0
I1023 20:43:57.894444 47070890198080 create_pretraining_data.py:161] masked_lm_ids: 6803 14222 1910 7209 8980 1006 7247 3801 2230 13516 0 0 0 0 0 0 0 0 0 0
INFO:tensorflow:masked_lm_weights: 1.0 1.0 1.0 1.0 1.0 1.0 1.0 1.0 1.0 1.0 0.0 0.0 0.0 0.0 0.0 0.0 0.0 0.0 0.0 0.0
I1023 20:43:57.894537 47070890198080 create_pretraining_data.py:161] masked_lm_weights: 1.0 1.0 1.0 1.0 1.0 1.0 1.0 1.0 1.0 1.0 0.0 0.0 0.0 0.0 0.0 0.0 0.0 0.0 0.0 0.0
INFO:tensorflow:next_sentence_labels: 1
I1023 20:43:57.894628 47070890198080 create_pretraining_data.py:161] next_sentence_labels: 1
INFO:tensorflow:*** Example ***
I1023 20:43:57.895301 47070890198080 create_pretraining_data.py:149] *** Example ***
INFO:tensorflow:tokens: [CLS] الغابات انتخ ولاية نيو ساوث [MASK] اربعة باست ##رال ##يا . وقالت صحيفة / / ذ ##ى سد ##نى مور ##نين ##غ هير ##الد [MASK] / يوم الأربعاء ان جبهة [MASK] قد توسع ##ت فى طوله ##ا من 600 كم فى يوم الثلاثاء الى 130 ##0 كم . وأفادت هذه الصحيفة اليومية انه بعد ظهر الثلاثاء , اقترب ##ت احدى الحر ##ائق من سيد ##نى ووصل ##ت [MASK] ضاح ##ية تبعد 16 كم عن وسط المدينة [SEP] قال كام ##يرين ##ى بعد ان مواجه ##ته بإ ##عت ##راف من [MASK] السواحل فى الاسبوع الماضى انه فى [MASK] يمسك انه ليس فى صالح بعثة حفظ السلام قتال [MASK] الرب للمقا [MASK] حيث اننا لسنا مؤسسة تجارية ونحن [MASK] [MASK] فى الكونغو وهى [MASK] [MASK] لنا " [MASK] [SEP]
I1023 20:43:57.895464 47070890198080 create_pretraining_data.py:151] tokens: [CLS] الغابات انتخ ولاية نيو ساوث [MASK] اربعة باست ##رال ##يا . وقالت صحيفة / / ذ ##ى سد ##نى مور ##نين ##غ هير ##الد [MASK] / يوم الأربعاء ان جبهة [MASK] قد توسع ##ت فى طوله ##ا من 600 كم فى يوم الثلاثاء الى 130 ##0 كم . وأفادت هذه الصحيفة اليومية انه بعد ظهر الثلاثاء , اقترب ##ت احدى الحر ##ائق من سيد ##نى ووصل ##ت [MASK] ضاح ##ية تبعد 16 كم عن وسط المدينة [SEP] قال كام ##يرين ##ى بعد ان مواجه ##ته بإ ##عت ##راف من [MASK] السواحل فى الاسبوع الماضى انه فى [MASK] يمسك انه ليس فى صالح بعثة حفظ السلام قتال [MASK] الرب للمقا [MASK] حيث اننا لسنا مؤسسة تجارية ونحن [MASK] [MASK] فى الكونغو وهى [MASK] [MASK] لنا " [MASK] [SEP]
INFO:tensorflow:input_ids: 2 26570 16630 6773 21739 28781 4 15454 3790 8728 1937 18 5288 5183 19 19 396 1102 10325 2770 8732 2731 1044 13519 2880 4 19 2232 5318 1939 12187 4 2251 27231 1005 2230 25330 1007 1908 12335 2995 2230 2232 4238 2186 17745 1071 2995 18 26934 2159 9545 8846 2615 2089 4512 4238 16 17448 1005 13378 3220 2950 1908 3708 2770 21778 1005 4 27356 1910 13541 3367 2995 1955 4008 3959 3 2136 3648 17086 1102 2089 1939 24225 2076 2935 2091 2382 1908 4 25922 2230 6100 11884 2615 2230 4 20653 2615 2618 2230 3774 18629 4713 2795 22116 4 4442 26786 4 2455 5839 16530 5417 10771 4882 4 4 2230 20292 10269 4 4 2776 6 4 3
I1023 20:43:57.895651 47070890198080 create_pretraining_data.py:161] input_ids: 2 26570 16630 6773 21739 28781 4 15454 3790 8728 1937 18 5288 5183 19 19 396 1102 10325 2770 8732 2731 1044 13519 2880 4 19 2232 5318 1939 12187 4 2251 27231 1005 2230 25330 1007 1908 12335 2995 2230 2232 4238 2186 17745 1071 2995 18 26934 2159 9545 8846 2615 2089 4512 4238 16 17448 1005 13378 3220 2950 1908 3708 2770 21778 1005 4 27356 1910 13541 3367 2995 1955 4008 3959 3 2136 3648 17086 1102 2089 1939 24225 2076 2935 2091 2382 1908 4 25922 2230 6100 11884 2615 2230 4 20653 2615 2618 2230 3774 18629 4713 2795 22116 4 4442 26786 4 2455 5839 16530 5417 10771 4882 4 4 2230 20292 10269 4 4 2776 6 4 3
INFO:tensorflow:input_mask: 1 1 1 1 1 1 1 1 1 1 1 1 1 1 1 1 1 1 1 1 1 1 1 1 1 1 1 1 1 1 1 1 1 1 1 1 1 1 1 1 1 1 1 1 1 1 1 1 1 1 1 1 1 1 1 1 1 1 1 1 1 1 1 1 1 1 1 1 1 1 1 1 1 1 1 1 1 1 1 1 1 1 1 1 1 1 1 1 1 1 1 1 1 1 1 1 1 1 1 1 1 1 1 1 1 1 1 1 1 1 1 1 1 1 1 1 1 1 1 1 1 1 1 1 1 1 1 1
I1023 20:43:57.895787 47070890198080 create_pretraining_data.py:161] input_mask: 1 1 1 1 1 1 1 1 1 1 1 1 1 1 1 1 1 1 1 1 1 1 1 1 1 1 1 1 1 1 1 1 1 1 1 1 1 1 1 1 1 1 1 1 1 1 1 1 1 1 1 1 1 1 1 1 1 1 1 1 1 1 1 1 1 1 1 1 1 1 1 1 1 1 1 1 1 1 1 1 1 1 1 1 1 1 1 1 1 1 1 1 1 1 1 1 1 1 1 1 1 1 1 1 1 1 1 1 1 1 1 1 1 1 1 1 1 1 1 1 1 1 1 1 1 1 1 1
INFO:tensorflow:segment_ids: 0 0 0 0 0 0 0 0 0 0 0 0 0 0 0 0 0 0 0 0 0 0 0 0 0 0 0 0 0 0 0 0 0 0 0 0 0 0 0 0 0 0 0 0 0 0 0 0 0 0 0 0 0 0 0 0 0 0 0 0 0 0 0 0 0 0 0 0 0 0 0 0 0 0 0 0 0 0 1 1 1 1 1 1 1 1 1 1 1 1 1 1 1 1 1 1 1 1 1 1 1 1 1 1 1 1 1 1 1 1 1 1 1 1 1 1 1 1 1 1 1 1 1 1 1 1 1 1
I1023 20:43:57.895915 47070890198080 create_pretraining_data.py:161] segment_ids: 0 0 0 0 0 0 0 0 0 0 0 0 0 0 0 0 0 0 0 0 0 0 0 0 0 0 0 0 0 0 0 0 0 0 0 0 0 0 0 0 0 0 0 0 0 0 0 0 0 0 0 0 0 0 0 0 0 0 0 0 0 0 0 0 0 0 0 0 0 0 0 0 0 0 0 0 0 0 1 1 1 1 1 1 1 1 1 1 1 1 1 1 1 1 1 1 1 1 1 1 1 1 1 1 1 1 1 1 1 1 1 1 1 1 1 1 1 1 1 1 1 1 1 1 1 1 1 1
INFO:tensorflow:masked_lm_positions: 2 6 7 25 31 68 90 91 97 98 102 107 109 110 117 118 122 123 126 0
I1023 20:43:57.896019 47070890198080 create_pretraining_data.py:161] masked_lm_positions: 2 6 7 25 31 68 90 91 97 98 102 107 109 110 117 118 122 123 126 0
INFO:tensorflow:masked_lm_ids: 2230 11819 1008 19 3919 2186 4207 1102 20292 6 3774 5485 26786 3714 5344 7252 13416 4952 18 0
I1023 20:43:57.896112 47070890198080 create_pretraining_data.py:161] masked_lm_ids: 2230 11819 1008 19 3919 2186 4207 1102 20292 6 3774 5485 26786 3714 5344 7252 13416 4952 18 0
INFO:tensorflow:masked_lm_weights: 1.0 1.0 1.0 1.0 1.0 1.0 1.0 1.0 1.0 1.0 1.0 1.0 1.0 1.0 1.0 1.0 1.0 1.0 1.0 0.0
I1023 20:43:57.896205 47070890198080 create_pretraining_data.py:161] masked_lm_weights: 1.0 1.0 1.0 1.0 1.0 1.0 1.0 1.0 1.0 1.0 1.0 1.0 1.0 1.0 1.0 1.0 1.0 1.0 1.0 0.0
INFO:tensorflow:next_sentence_labels: 1
I1023 20:43:57.896289 47070890198080 create_pretraining_data.py:161] next_sentence_labels: 1
INFO:tensorflow:*** Example ***
I1023 20:43:57.896984 47070890198080 create_pretraining_data.py:149] *** Example ***
INFO:tensorflow:tokens: [CLS] وبينما رحب انا ##ن بالر ##سا ##لة [MASK] يقنع بانها " احدى اولي ##ات الرسائل التى تلقي ##ناها من العراق تدعو فيها المفت ##شين الى دخوله ##ا " واشار الى " ان من الواضح انها تشمل [MASK] [MASK] خاط ##ىء " اوجع واوضح المجلس [MASK] [MASK] رقم 128 ##4 لعام 1999 ان يوافق العراق اولا على اعادة دخول مفت ##شى الاسلحة الذين سيقوم ##ون بتف ##تيش المواقع [MASK] وير ##سل ##ون فى غضون 60 يوما تقريرا الى المجلس [MASK] [MASK] على [MASK] مقترح [MASK] للحصول على موافقة [MASK] [SEP] واز ##داد النقاش حول دعوة العراق تعق ##يدا [MASK] [MASK] التى اد ##لى بها بيل ##كس ونشرت امس وتف ##يد [MASK] لن يتوجه الى العراق حديثه توافق بغداد على عودة مفت ##شى الاسلحة [MASK] للامم المتحدة . [SEP]
I1023 20:43:57.897148 47070890198080 create_pretraining_data.py:151] tokens: [CLS] وبينما رحب انا ##ن بالر ##سا ##لة [MASK] يقنع بانها " احدى اولي ##ات الرسائل التى تلقي ##ناها من العراق تدعو فيها المفت ##شين الى دخوله ##ا " واشار الى " ان من الواضح انها تشمل [MASK] [MASK] خاط ##ىء " اوجع واوضح المجلس [MASK] [MASK] رقم 128 ##4 لعام 1999 ان يوافق العراق اولا على اعادة دخول مفت ##شى الاسلحة الذين سيقوم ##ون بتف ##تيش المواقع [MASK] وير ##سل ##ون فى غضون 60 يوما تقريرا الى المجلس [MASK] [MASK] على [MASK] مقترح [MASK] للحصول على موافقة [MASK] [SEP] واز ##داد النقاش حول دعوة العراق تعق ##يدا [MASK] [MASK] التى اد ##لى بها بيل ##كس ونشرت امس وتف ##يد [MASK] لن يتوجه الى العراق حديثه توافق بغداد على عودة مفت ##شى الاسلحة [MASK] للامم المتحدة . [SEP]
INFO:tensorflow:input_ids: 2 29072 13951 2315 1006 5960 2064 2035 4 29632 13921 6 13378 7289 1904 4636 3411 9142 7806 1908 2906 10443 2443 5285 7232 2186 22172 1007 6 14149 2186 6 1939 1908 15086 3550 9725 4 4 6212 9705 6 29588 13722 3654 4 4 3128 28653 1069 6886 15850 1939 15362 2906 8108 1961 10213 5090 4448 7321 22549 2677 21428 1922 12133 9760 4268 4 4092 3758 1922 2230 16521 5992 4038 22357 2186 3654 4 4 1961 4 23062 4 6608 1961 12547 4 3 11720 2892 8120 2528 8470 2906 27504 3504 4 4 3411 2485 1926 2459 14576 2261 29207 4426 6681 1983 4 2404 20778 2186 2906 9764 10520 5602 1961 8256 4448 7321 22549 4 20845 2687 18 3
I1023 20:43:57.897305 47070890198080 create_pretraining_data.py:161] input_ids: 2 29072 13951 2315 1006 5960 2064 2035 4 29632 13921 6 13378 7289 1904 4636 3411 9142 7806 1908 2906 10443 2443 5285 7232 2186 22172 1007 6 14149 2186 6 1939 1908 15086 3550 9725 4 4 6212 9705 6 29588 13722 3654 4 4 3128 28653 1069 6886 15850 1939 15362 2906 8108 1961 10213 5090 4448 7321 22549 2677 21428 1922 12133 9760 4268 4 4092 3758 1922 2230 16521 5992 4038 22357 2186 3654 4 4 1961 4 23062 4 6608 1961 12547 4 3 11720 2892 8120 2528 8470 2906 27504 3504 4 4 3411 2485 1926 2459 14576 2261 29207 4426 6681 1983 4 2404 20778 2186 2906 9764 10520 5602 1961 8256 4448 7321 22549 4 20845 2687 18 3
INFO:tensorflow:input_mask: 1 1 1 1 1 1 1 1 1 1 1 1 1 1 1 1 1 1 1 1 1 1 1 1 1 1 1 1 1 1 1 1 1 1 1 1 1 1 1 1 1 1 1 1 1 1 1 1 1 1 1 1 1 1 1 1 1 1 1 1 1 1 1 1 1 1 1 1 1 1 1 1 1 1 1 1 1 1 1 1 1 1 1 1 1 1 1 1 1 1 1 1 1 1 1 1 1 1 1 1 1 1 1 1 1 1 1 1 1 1 1 1 1 1 1 1 1 1 1 1 1 1 1 1 1 1 1 1
I1023 20:43:57.897449 47070890198080 create_pretraining_data.py:161] input_mask: 1 1 1 1 1 1 1 1 1 1 1 1 1 1 1 1 1 1 1 1 1 1 1 1 1 1 1 1 1 1 1 1 1 1 1 1 1 1 1 1 1 1 1 1 1 1 1 1 1 1 1 1 1 1 1 1 1 1 1 1 1 1 1 1 1 1 1 1 1 1 1 1 1 1 1 1 1 1 1 1 1 1 1 1 1 1 1 1 1 1 1 1 1 1 1 1 1 1 1 1 1 1 1 1 1 1 1 1 1 1 1 1 1 1 1 1 1 1 1 1 1 1 1 1 1 1 1 1
INFO:tensorflow:segment_ids: 0 0 0 0 0 0 0 0 0 0 0 0 0 0 0 0 0 0 0 0 0 0 0 0 0 0 0 0 0 0 0 0 0 0 0 0 0 0 0 0 0 0 0 0 0 0 0 0 0 0 0 0 0 0 0 0 0 0 0 0 0 0 0 0 0 0 0 0 0 0 0 0 0 0 0 0 0 0 0 0 0 0 0 0 0 0 0 0 0 0 1 1 1 1 1 1 1 1 1 1 1 1 1 1 1 1 1 1 1 1 1 1 1 1 1 1 1 1 1 1 1 1 1 1 1 1 1 1
I1023 20:43:57.897581 47070890198080 create_pretraining_data.py:161] segment_ids: 0 0 0 0 0 0 0 0 0 0 0 0 0 0 0 0 0 0 0 0 0 0 0 0 0 0 0 0 0 0 0 0 0 0 0 0 0 0 0 0 0 0 0 0 0 0 0 0 0 0 0 0 0 0 0 0 0 0 0 0 0 0 0 0 0 0 0 0 0 0 0 0 0 0 0 0 0 0 0 0 0 0 0 0 0 0 0 0 0 0 1 1 1 1 1 1 1 1 1 1 1 1 1 1 1 1 1 1 1 1 1 1 1 1 1 1 1 1 1 1 1 1 1 1 1 1 1 1
INFO:tensorflow:masked_lm_positions: 8 9 37 38 42 45 46 68 79 80 82 84 85 88 98 99 110 115 123 0
I1023 20:43:57.897684 47070890198080 create_pretraining_data.py:161] masked_lm_positions: 8 9 37 38 42 45 46 68 79 80 82 84 85 88 98 99 110 115 123 0
INFO:tensorflow:masked_lm_ids: 17122 1913 3189 2979 18 2230 25482 378 3315 2254 3189 8272 6608 3654 3179 7838 9191 2494 27588 0
I1023 20:43:57.897776 47070890198080 create_pretraining_data.py:161] masked_lm_ids: 17122 1913 3189 2979 18 2230 25482 378 3315 2254 3189 8272 6608 3654 3179 7838 9191 2494 27588 0
INFO:tensorflow:masked_lm_weights: 1.0 1.0 1.0 1.0 1.0 1.0 1.0 1.0 1.0 1.0 1.0 1.0 1.0 1.0 1.0 1.0 1.0 1.0 1.0 0.0
I1023 20:43:57.897869 47070890198080 create_pretraining_data.py:161] masked_lm_weights: 1.0 1.0 1.0 1.0 1.0 1.0 1.0 1.0 1.0 1.0 1.0 1.0 1.0 1.0 1.0 1.0 1.0 1.0 1.0 0.0
INFO:tensorflow:next_sentence_labels: 0
I1023 20:43:57.897952 47070890198080 create_pretraining_data.py:161] next_sentence_labels: 0
INFO:tensorflow:Wrote 1424767 total instances
I1023 20:52:08.644270 47070890198080 create_pretraining_data.py:166] Wrote 1424767 total instances
