Loading module 'all'
WARNING:tensorflow:From ../bert/create_pretraining_data.py:469: The name tf.app.run is deprecated. Please use tf.compat.v1.app.run instead.

WARNING:tensorflow:From ../bert/create_pretraining_data.py:437: The name tf.logging.set_verbosity is deprecated. Please use tf.compat.v1.logging.set_verbosity instead.

W1024 00:45:33.543551 47824281732160 module_wrapper.py:139] From ../bert/create_pretraining_data.py:437: The name tf.logging.set_verbosity is deprecated. Please use tf.compat.v1.logging.set_verbosity instead.

WARNING:tensorflow:From ../bert/create_pretraining_data.py:437: The name tf.logging.INFO is deprecated. Please use tf.compat.v1.logging.INFO instead.

W1024 00:45:33.543818 47824281732160 module_wrapper.py:139] From ../bert/create_pretraining_data.py:437: The name tf.logging.INFO is deprecated. Please use tf.compat.v1.logging.INFO instead.

WARNING:tensorflow:From /scratch/gi372/camel-mlm/bert/tokenization.py:125: The name tf.gfile.GFile is deprecated. Please use tf.io.gfile.GFile instead.

W1024 00:45:33.544059 47824281732160 module_wrapper.py:139] From /scratch/gi372/camel-mlm/bert/tokenization.py:125: The name tf.gfile.GFile is deprecated. Please use tf.io.gfile.GFile instead.

WARNING:tensorflow:From ../bert/create_pretraining_data.py:444: The name tf.gfile.Glob is deprecated. Please use tf.io.gfile.glob instead.

W1024 00:45:33.656521 47824281732160 module_wrapper.py:139] From ../bert/create_pretraining_data.py:444: The name tf.gfile.Glob is deprecated. Please use tf.io.gfile.glob instead.

WARNING:tensorflow:From ../bert/create_pretraining_data.py:446: The name tf.logging.info is deprecated. Please use tf.compat.v1.logging.info instead.

W1024 00:45:33.669536 47824281732160 module_wrapper.py:139] From ../bert/create_pretraining_data.py:446: The name tf.logging.info is deprecated. Please use tf.compat.v1.logging.info instead.

INFO:tensorflow:*** Reading from input files ***
I1024 00:45:33.669805 47824281732160 create_pretraining_data.py:446] *** Reading from input files ***
INFO:tensorflow:  ../corpora/shards/MSA-arwiki-20190201-pages-articles.docs.shard.006.normalized.sents
I1024 00:45:33.669932 47824281732160 create_pretraining_data.py:448]   ../corpora/shards/MSA-arwiki-20190201-pages-articles.docs.shard.006.normalized.sents
INFO:tensorflow:*** Writing to output files ***
I1024 00:57:24.636507 47824281732160 create_pretraining_data.py:457] *** Writing to output files ***
INFO:tensorflow:  ../corpora/tf_records/MSA-arwiki-20190201-pages-articles.docs.shard.006.tf_record
I1024 00:57:24.650581 47824281732160 create_pretraining_data.py:459]   ../corpora/tf_records/MSA-arwiki-20190201-pages-articles.docs.shard.006.tf_record
WARNING:tensorflow:From ../bert/create_pretraining_data.py:101: The name tf.python_io.TFRecordWriter is deprecated. Please use tf.io.TFRecordWriter instead.

W1024 00:57:24.651046 47824281732160 module_wrapper.py:139] From ../bert/create_pretraining_data.py:101: The name tf.python_io.TFRecordWriter is deprecated. Please use tf.io.TFRecordWriter instead.

INFO:tensorflow:*** Example ***
I1024 00:57:24.671867 47824281732160 create_pretraining_data.py:149] *** Example ***
INFO:tensorflow:tokens: [CLS] إير ##است ##و نيو ##ني إير ##است ##و نيو ##ني ( [MASK] مايو 1988 بدار [MASK] في تنزانيا [MASK] ) هو لاعب كرة قدم تنز ##اني في مركز الدفاع [MASK] [SEP] شارك مع منتخب [MASK] لكرة القدم . [MASK] مع النوا ##دي ، فقد لعب مع عزام يونايتد وفي الهندي أو . [SEP]
I1024 00:57:24.672287 47824281732160 create_pretraining_data.py:151] tokens: [CLS] إير ##است ##و نيو ##ني إير ##است ##و نيو ##ني ( [MASK] مايو 1988 بدار [MASK] في تنزانيا [MASK] ) هو لاعب كرة قدم تنز ##اني في مركز الدفاع [MASK] [SEP] شارك مع منتخب [MASK] لكرة القدم . [MASK] مع النوا ##دي ، فقد لعب مع عزام يونايتد وفي الهندي أو . [SEP]
INFO:tensorflow:input_ids: 2 15798 23562 1012 21739 1974 15798 23562 1012 21739 1974 12 4 5542 21426 27132 4 1912 23209 4 13 2139 3639 5226 3681 8566 2022 1912 3231 4197 4 3 5458 1973 6766 4 6176 3961 18 4 1973 14199 1930 378 2901 4046 1973 12107 10995 2427 14174 2075 18 3 0 0 0 0 0 0 0 0 0 0 0 0 0 0 0 0 0 0 0 0 0 0 0 0 0 0 0 0 0 0 0 0 0 0 0 0 0 0 0 0 0 0 0 0 0 0 0 0 0 0 0 0 0 0 0 0 0 0 0 0 0 0 0 0 0 0 0 0 0 0 0 0 0 0
I1024 00:57:24.672644 47824281732160 create_pretraining_data.py:161] input_ids: 2 15798 23562 1012 21739 1974 15798 23562 1012 21739 1974 12 4 5542 21426 27132 4 1912 23209 4 13 2139 3639 5226 3681 8566 2022 1912 3231 4197 4 3 5458 1973 6766 4 6176 3961 18 4 1973 14199 1930 378 2901 4046 1973 12107 10995 2427 14174 2075 18 3 0 0 0 0 0 0 0 0 0 0 0 0 0 0 0 0 0 0 0 0 0 0 0 0 0 0 0 0 0 0 0 0 0 0 0 0 0 0 0 0 0 0 0 0 0 0 0 0 0 0 0 0 0 0 0 0 0 0 0 0 0 0 0 0 0 0 0 0 0 0 0 0 0 0
INFO:tensorflow:input_mask: 1 1 1 1 1 1 1 1 1 1 1 1 1 1 1 1 1 1 1 1 1 1 1 1 1 1 1 1 1 1 1 1 1 1 1 1 1 1 1 1 1 1 1 1 1 1 1 1 1 1 1 1 1 1 0 0 0 0 0 0 0 0 0 0 0 0 0 0 0 0 0 0 0 0 0 0 0 0 0 0 0 0 0 0 0 0 0 0 0 0 0 0 0 0 0 0 0 0 0 0 0 0 0 0 0 0 0 0 0 0 0 0 0 0 0 0 0 0 0 0 0 0 0 0 0 0 0 0
I1024 00:57:24.673004 47824281732160 create_pretraining_data.py:161] input_mask: 1 1 1 1 1 1 1 1 1 1 1 1 1 1 1 1 1 1 1 1 1 1 1 1 1 1 1 1 1 1 1 1 1 1 1 1 1 1 1 1 1 1 1 1 1 1 1 1 1 1 1 1 1 1 0 0 0 0 0 0 0 0 0 0 0 0 0 0 0 0 0 0 0 0 0 0 0 0 0 0 0 0 0 0 0 0 0 0 0 0 0 0 0 0 0 0 0 0 0 0 0 0 0 0 0 0 0 0 0 0 0 0 0 0 0 0 0 0 0 0 0 0 0 0 0 0 0 0
INFO:tensorflow:segment_ids: 0 0 0 0 0 0 0 0 0 0 0 0 0 0 0 0 0 0 0 0 0 0 0 0 0 0 0 0 0 0 0 0 1 1 1 1 1 1 1 1 1 1 1 1 1 1 1 1 1 1 1 1 1 1 0 0 0 0 0 0 0 0 0 0 0 0 0 0 0 0 0 0 0 0 0 0 0 0 0 0 0 0 0 0 0 0 0 0 0 0 0 0 0 0 0 0 0 0 0 0 0 0 0 0 0 0 0 0 0 0 0 0 0 0 0 0 0 0 0 0 0 0 0 0 0 0 0 0
I1024 00:57:24.673295 47824281732160 create_pretraining_data.py:161] segment_ids: 0 0 0 0 0 0 0 0 0 0 0 0 0 0 0 0 0 0 0 0 0 0 0 0 0 0 0 0 0 0 0 0 1 1 1 1 1 1 1 1 1 1 1 1 1 1 1 1 1 1 1 1 1 1 0 0 0 0 0 0 0 0 0 0 0 0 0 0 0 0 0 0 0 0 0 0 0 0 0 0 0 0 0 0 0 0 0 0 0 0 0 0 0 0 0 0 0 0 0 0 0 0 0 0 0 0 0 0 0 0 0 0 0 0 0 0 0 0 0 0 0 0 0 0 0 0 0 0
INFO:tensorflow:masked_lm_positions: 12 16 19 30 35 39 49 50 0 0 0 0 0 0 0 0 0 0 0 0
I1024 00:57:24.673511 47824281732160 create_pretraining_data.py:161] masked_lm_positions: 12 16 19 30 35 39 49 50 0 0 0 0 0 0 0 0 0 0 0 0
INFO:tensorflow:masked_lm_ids: 27 2795 17 18 23209 3444 2427 17653 0 0 0 0 0 0 0 0 0 0 0 0
I1024 00:57:24.673728 47824281732160 create_pretraining_data.py:161] masked_lm_ids: 27 2795 17 18 23209 3444 2427 17653 0 0 0 0 0 0 0 0 0 0 0 0
INFO:tensorflow:masked_lm_weights: 1.0 1.0 1.0 1.0 1.0 1.0 1.0 1.0 0.0 0.0 0.0 0.0 0.0 0.0 0.0 0.0 0.0 0.0 0.0 0.0
I1024 00:57:24.673945 47824281732160 create_pretraining_data.py:161] masked_lm_weights: 1.0 1.0 1.0 1.0 1.0 1.0 1.0 1.0 0.0 0.0 0.0 0.0 0.0 0.0 0.0 0.0 0.0 0.0 0.0 0.0
INFO:tensorflow:next_sentence_labels: 0
I1024 00:57:24.674135 47824281732160 create_pretraining_data.py:161] next_sentence_labels: 0
INFO:tensorflow:*** Example ***
I1024 00:57:24.675434 47824281732160 create_pretraining_data.py:149] *** Example ***
INFO:tensorflow:tokens: [CLS] باستخدام هذه ##زرع كق ##اعد ##ة 125 عن الثورة الفرنسية ضد [MASK] إد ##مون ##د بير ##ك في " [MASK] [MASK] [MASK] الثورة [MASK] فرنسا " ( 17 ##90 ) . [SEP] لعب مع سوي ##ند ##ون [MASK] وما ##ن ##شستر سيتي ونادي بور ##ي ونادي روت ##شد ##ی ##ل ونادي ميل ##وول ونادي والس ##ول ونادي بار ##و ولين ##كو ##لن [MASK] أف عندهم . [SEP]
I1024 00:57:24.675753 47824281732160 create_pretraining_data.py:151] tokens: [CLS] باستخدام هذه ##زرع كق ##اعد ##ة 125 عن الثورة الفرنسية ضد [MASK] إد ##مون ##د بير ##ك في " [MASK] [MASK] [MASK] الثورة [MASK] فرنسا " ( 17 ##90 ) . [SEP] لعب مع سوي ##ند ##ون [MASK] وما ##ن ##شستر سيتي ونادي بور ##ي ونادي روت ##شد ##ی ##ل ونادي ميل ##وول ونادي والس ##ول ونادي بار ##و ولين ##كو ##لن [MASK] أف عندهم . [SEP]
INFO:tensorflow:input_ids: 2 6459 2159 9803 20701 3298 1043 22803 1955 6526 5043 3051 4 4241 7980 1016 3782 1014 1912 6 4 4 4 6526 4 5336 6 12 3519 7396 13 18 3 4046 1973 4871 2196 1922 4 2564 1006 8612 7952 27200 4362 1013 27200 10861 3251 1120 1010 27200 14843 29127 27200 2604 1940 27200 3434 1012 23609 2826 1962 4 3080 9647 18 3 0 0 0 0 0 0 0 0 0 0 0 0 0 0 0 0 0 0 0 0 0 0 0 0 0 0 0 0 0 0 0 0 0 0 0 0 0 0 0 0 0 0 0 0 0 0 0 0 0 0 0 0 0 0 0 0 0 0 0 0
I1024 00:57:24.676091 47824281732160 create_pretraining_data.py:161] input_ids: 2 6459 2159 9803 20701 3298 1043 22803 1955 6526 5043 3051 4 4241 7980 1016 3782 1014 1912 6 4 4 4 6526 4 5336 6 12 3519 7396 13 18 3 4046 1973 4871 2196 1922 4 2564 1006 8612 7952 27200 4362 1013 27200 10861 3251 1120 1010 27200 14843 29127 27200 2604 1940 27200 3434 1012 23609 2826 1962 4 3080 9647 18 3 0 0 0 0 0 0 0 0 0 0 0 0 0 0 0 0 0 0 0 0 0 0 0 0 0 0 0 0 0 0 0 0 0 0 0 0 0 0 0 0 0 0 0 0 0 0 0 0 0 0 0 0 0 0 0 0 0 0 0 0
INFO:tensorflow:input_mask: 1 1 1 1 1 1 1 1 1 1 1 1 1 1 1 1 1 1 1 1 1 1 1 1 1 1 1 1 1 1 1 1 1 1 1 1 1 1 1 1 1 1 1 1 1 1 1 1 1 1 1 1 1 1 1 1 1 1 1 1 1 1 1 1 1 1 1 1 0 0 0 0 0 0 0 0 0 0 0 0 0 0 0 0 0 0 0 0 0 0 0 0 0 0 0 0 0 0 0 0 0 0 0 0 0 0 0 0 0 0 0 0 0 0 0 0 0 0 0 0 0 0 0 0 0 0 0 0
I1024 00:57:24.676272 47824281732160 create_pretraining_data.py:161] input_mask: 1 1 1 1 1 1 1 1 1 1 1 1 1 1 1 1 1 1 1 1 1 1 1 1 1 1 1 1 1 1 1 1 1 1 1 1 1 1 1 1 1 1 1 1 1 1 1 1 1 1 1 1 1 1 1 1 1 1 1 1 1 1 1 1 1 1 1 1 0 0 0 0 0 0 0 0 0 0 0 0 0 0 0 0 0 0 0 0 0 0 0 0 0 0 0 0 0 0 0 0 0 0 0 0 0 0 0 0 0 0 0 0 0 0 0 0 0 0 0 0 0 0 0 0 0 0 0 0
INFO:tensorflow:segment_ids: 0 0 0 0 0 0 0 0 0 0 0 0 0 0 0 0 0 0 0 0 0 0 0 0 0 0 0 0 0 0 0 0 0 1 1 1 1 1 1 1 1 1 1 1 1 1 1 1 1 1 1 1 1 1 1 1 1 1 1 1 1 1 1 1 1 1 1 1 0 0 0 0 0 0 0 0 0 0 0 0 0 0 0 0 0 0 0 0 0 0 0 0 0 0 0 0 0 0 0 0 0 0 0 0 0 0 0 0 0 0 0 0 0 0 0 0 0 0 0 0 0 0 0 0 0 0 0 0
I1024 00:57:24.676441 47824281732160 create_pretraining_data.py:161] segment_ids: 0 0 0 0 0 0 0 0 0 0 0 0 0 0 0 0 0 0 0 0 0 0 0 0 0 0 0 0 0 0 0 0 0 1 1 1 1 1 1 1 1 1 1 1 1 1 1 1 1 1 1 1 1 1 1 1 1 1 1 1 1 1 1 1 1 1 1 1 0 0 0 0 0 0 0 0 0 0 0 0 0 0 0 0 0 0 0 0 0 0 0 0 0 0 0 0 0 0 0 0 0 0 0 0 0 0 0 0 0 0 0 0 0 0 0 0 0 0 0 0 0 0 0 0 0 0 0 0
INFO:tensorflow:masked_lm_positions: 3 7 12 20 21 22 24 38 63 65 0 0 0 0 0 0 0 0 0 0
I1024 00:57:24.676573 47824281732160 create_pretraining_data.py:161] masked_lm_positions: 3 7 12 20 21 22 24 38 63 65 0 0 0 0 0 0 0 0 0 0
INFO:tensorflow:masked_lm_ids: 12311 26221 8284 25455 1904 2528 1912 23927 7952 2266 0 0 0 0 0 0 0 0 0 0
I1024 00:57:24.676703 47824281732160 create_pretraining_data.py:161] masked_lm_ids: 12311 26221 8284 25455 1904 2528 1912 23927 7952 2266 0 0 0 0 0 0 0 0 0 0
INFO:tensorflow:masked_lm_weights: 1.0 1.0 1.0 1.0 1.0 1.0 1.0 1.0 1.0 1.0 0.0 0.0 0.0 0.0 0.0 0.0 0.0 0.0 0.0 0.0
I1024 00:57:24.676833 47824281732160 create_pretraining_data.py:161] masked_lm_weights: 1.0 1.0 1.0 1.0 1.0 1.0 1.0 1.0 1.0 1.0 0.0 0.0 0.0 0.0 0.0 0.0 0.0 0.0 0.0 0.0
INFO:tensorflow:next_sentence_labels: 1
I1024 00:57:24.676949 47824281732160 create_pretraining_data.py:161] next_sentence_labels: 1
INFO:tensorflow:*** Example ***
I1024 00:57:24.677728 47824281732160 create_pretraining_data.py:149] *** Example ***
INFO:tensorflow:tokens: [CLS] هي حركة رصد تظهر أن الشعب المكسيك ##ي منخفض بشكل مده ##ش فى الوزن [MASK] الولادة ( L ##B ##W ) ، على عكس ما هو متوقع من وضعها الاجتماعي والاقتصادي ( SE [MASK] ) [MASK] يظهر [MASK] كم ##فارقة [MASK] الرسوم البيان ##ية التي تربط بين الوضع الاجتماعى الاقتصادى ومع ##دل ##ات وزن [MASK] المنخفض ##ة [MASK] يعتقد ##كوت مقاومة [MASK] في [SEP] [MASK] معدلات انخفاض أوز ##ان الموال ##يد [MASK] الأمهات المكسيك ##يات الولادة قد تم التشكي ##ك فيها . أوضح ##ت نتائج الدراسة أن متوسط وزن الموال ##يد للأم ##يرك ##يين المكسيك ##يين كان ##ж . 34 كيلو ##جرام ( 7 . 37 [MASK] [MASK] ) ، بينما كان وزن الأطفال [MASK] غير اللات ##يني ##ين 3 . 39 كيلو ##جرام ( [MASK] [SEP]
I1024 00:57:24.677925 47824281732160 create_pretraining_data.py:151] tokens: [CLS] هي حركة رصد تظهر أن الشعب المكسيك ##ي منخفض بشكل مده ##ش فى الوزن [MASK] الولادة ( L ##B ##W ) ، على عكس ما هو متوقع من وضعها الاجتماعي والاقتصادي ( SE [MASK] ) [MASK] يظهر [MASK] كم ##فارقة [MASK] الرسوم البيان ##ية التي تربط بين الوضع الاجتماعى الاقتصادى ومع ##دل ##ات وزن [MASK] المنخفض ##ة [MASK] يعتقد ##كوت مقاومة [MASK] في [SEP] [MASK] معدلات انخفاض أوز ##ان الموال ##يد [MASK] الأمهات المكسيك ##يات الولادة قد تم التشكي ##ك فيها . أوضح ##ت نتائج الدراسة أن متوسط وزن الموال ##يد للأم ##يرك ##يين المكسيك ##يين كان ##ж . 34 كيلو ##جرام ( 7 . 37 [MASK] [MASK] ) ، بينما كان وزن الأطفال [MASK] غير اللات ##يني ##ين 3 . 39 كيلو ##جرام ( [MASK] [SEP]
INFO:tensorflow:input_ids: 2 2247 4826 10323 7010 1979 3086 17864 1013 13829 2969 13223 1034 2230 9035 4 12793 12 48 1117 1129 13 378 1961 9616 1972 2139 21474 1908 16084 4888 27712 12 19351 4 13 4 6507 4 2995 20475 4 12960 4640 1910 2061 20244 2117 5001 18022 29587 3191 9297 1904 15125 4 23924 1043 4 8349 29569 15484 4 1912 3 4 14926 9791 22328 1906 13451 1983 4 29011 17864 2066 12793 2251 2172 11426 1014 2443 18 12641 1005 4650 6861 1979 4869 15125 13451 1983 23748 8463 3176 17864 3176 2055 1268 18 7028 6869 23349 12 27 18 7414 4 4 13 378 4526 2055 15125 5063 4 2224 14397 2262 1911 23 18 8308 6869 23349 12 4 3
I1024 00:57:24.678147 47824281732160 create_pretraining_data.py:161] input_ids: 2 2247 4826 10323 7010 1979 3086 17864 1013 13829 2969 13223 1034 2230 9035 4 12793 12 48 1117 1129 13 378 1961 9616 1972 2139 21474 1908 16084 4888 27712 12 19351 4 13 4 6507 4 2995 20475 4 12960 4640 1910 2061 20244 2117 5001 18022 29587 3191 9297 1904 15125 4 23924 1043 4 8349 29569 15484 4 1912 3 4 14926 9791 22328 1906 13451 1983 4 29011 17864 2066 12793 2251 2172 11426 1014 2443 18 12641 1005 4650 6861 1979 4869 15125 13451 1983 23748 8463 3176 17864 3176 2055 1268 18 7028 6869 23349 12 27 18 7414 4 4 13 378 4526 2055 15125 5063 4 2224 14397 2262 1911 23 18 8308 6869 23349 12 4 3
INFO:tensorflow:input_mask: 1 1 1 1 1 1 1 1 1 1 1 1 1 1 1 1 1 1 1 1 1 1 1 1 1 1 1 1 1 1 1 1 1 1 1 1 1 1 1 1 1 1 1 1 1 1 1 1 1 1 1 1 1 1 1 1 1 1 1 1 1 1 1 1 1 1 1 1 1 1 1 1 1 1 1 1 1 1 1 1 1 1 1 1 1 1 1 1 1 1 1 1 1 1 1 1 1 1 1 1 1 1 1 1 1 1 1 1 1 1 1 1 1 1 1 1 1 1 1 1 1 1 1 1 1 1 1 1
I1024 00:57:24.678328 47824281732160 create_pretraining_data.py:161] input_mask: 1 1 1 1 1 1 1 1 1 1 1 1 1 1 1 1 1 1 1 1 1 1 1 1 1 1 1 1 1 1 1 1 1 1 1 1 1 1 1 1 1 1 1 1 1 1 1 1 1 1 1 1 1 1 1 1 1 1 1 1 1 1 1 1 1 1 1 1 1 1 1 1 1 1 1 1 1 1 1 1 1 1 1 1 1 1 1 1 1 1 1 1 1 1 1 1 1 1 1 1 1 1 1 1 1 1 1 1 1 1 1 1 1 1 1 1 1 1 1 1 1 1 1 1 1 1 1 1
INFO:tensorflow:segment_ids: 0 0 0 0 0 0 0 0 0 0 0 0 0 0 0 0 0 0 0 0 0 0 0 0 0 0 0 0 0 0 0 0 0 0 0 0 0 0 0 0 0 0 0 0 0 0 0 0 0 0 0 0 0 0 0 0 0 0 0 0 0 0 0 0 0 1 1 1 1 1 1 1 1 1 1 1 1 1 1 1 1 1 1 1 1 1 1 1 1 1 1 1 1 1 1 1 1 1 1 1 1 1 1 1 1 1 1 1 1 1 1 1 1 1 1 1 1 1 1 1 1 1 1 1 1 1 1 1
I1024 00:57:24.678500 47824281732160 create_pretraining_data.py:161] segment_ids: 0 0 0 0 0 0 0 0 0 0 0 0 0 0 0 0 0 0 0 0 0 0 0 0 0 0 0 0 0 0 0 0 0 0 0 0 0 0 0 0 0 0 0 0 0 0 0 0 0 0 0 0 0 0 0 0 0 0 0 0 0 0 0 0 0 1 1 1 1 1 1 1 1 1 1 1 1 1 1 1 1 1 1 1 1 1 1 1 1 1 1 1 1 1 1 1 1 1 1 1 1 1 1 1 1 1 1 1 1 1 1 1 1 1 1 1 1 1 1 1 1 1 1 1 1 1 1 1
INFO:tensorflow:masked_lm_positions: 15 33 34 36 38 41 55 58 60 62 63 65 72 98 107 108 115 116 126 0
I1024 00:57:24.678631 47824281732160 create_pretraining_data.py:161] masked_lm_positions: 15 33 34 36 38 41 55 58 60 62 63 65 72 98 107 108 115 116 126 0
INFO:tensorflow:masked_lm_ids: 2758 19351 1019 18 2085 1912 12793 18 1979 27709 1912 2191 2117 23 397 6496 12383 2224 27 0
I1024 00:57:24.679022 47824281732160 create_pretraining_data.py:161] masked_lm_ids: 2758 19351 1019 18 2085 1912 12793 18 1979 27709 1912 2191 2117 23 397 6496 12383 2224 27 0
INFO:tensorflow:masked_lm_weights: 1.0 1.0 1.0 1.0 1.0 1.0 1.0 1.0 1.0 1.0 1.0 1.0 1.0 1.0 1.0 1.0 1.0 1.0 1.0 0.0
I1024 00:57:24.679157 47824281732160 create_pretraining_data.py:161] masked_lm_weights: 1.0 1.0 1.0 1.0 1.0 1.0 1.0 1.0 1.0 1.0 1.0 1.0 1.0 1.0 1.0 1.0 1.0 1.0 1.0 0.0
INFO:tensorflow:next_sentence_labels: 0
I1024 00:57:24.679275 47824281732160 create_pretraining_data.py:161] next_sentence_labels: 0
INFO:tensorflow:*** Example ***
I1024 00:57:24.681323 47824281732160 create_pretraining_data.py:149] *** Example ***
INFO:tensorflow:tokens: [CLS] يو نان [SEP] يو [MASK] هي ممثلة صيني ##ة ، [MASK] في 5 سبتمبر 1978 في الصين . [SEP]
I1024 00:57:24.681483 47824281732160 create_pretraining_data.py:151] tokens: [CLS] يو نان [SEP] يو [MASK] هي ممثلة صيني ##ة ، [MASK] في 5 سبتمبر 1978 في الصين . [SEP]
INFO:tensorflow:input_ids: 2 2724 19846 3 2724 4 2247 15827 17786 1043 378 4 1912 25 5100 29034 1912 3976 18 3 0 0 0 0 0 0 0 0 0 0 0 0 0 0 0 0 0 0 0 0 0 0 0 0 0 0 0 0 0 0 0 0 0 0 0 0 0 0 0 0 0 0 0 0 0 0 0 0 0 0 0 0 0 0 0 0 0 0 0 0 0 0 0 0 0 0 0 0 0 0 0 0 0 0 0 0 0 0 0 0 0 0 0 0 0 0 0 0 0 0 0 0 0 0 0 0 0 0 0 0 0 0 0 0 0 0 0 0
I1024 00:57:24.681668 47824281732160 create_pretraining_data.py:161] input_ids: 2 2724 19846 3 2724 4 2247 15827 17786 1043 378 4 1912 25 5100 29034 1912 3976 18 3 0 0 0 0 0 0 0 0 0 0 0 0 0 0 0 0 0 0 0 0 0 0 0 0 0 0 0 0 0 0 0 0 0 0 0 0 0 0 0 0 0 0 0 0 0 0 0 0 0 0 0 0 0 0 0 0 0 0 0 0 0 0 0 0 0 0 0 0 0 0 0 0 0 0 0 0 0 0 0 0 0 0 0 0 0 0 0 0 0 0 0 0 0 0 0 0 0 0 0 0 0 0 0 0 0 0 0 0
INFO:tensorflow:input_mask: 1 1 1 1 1 1 1 1 1 1 1 1 1 1 1 1 1 1 1 1 0 0 0 0 0 0 0 0 0 0 0 0 0 0 0 0 0 0 0 0 0 0 0 0 0 0 0 0 0 0 0 0 0 0 0 0 0 0 0 0 0 0 0 0 0 0 0 0 0 0 0 0 0 0 0 0 0 0 0 0 0 0 0 0 0 0 0 0 0 0 0 0 0 0 0 0 0 0 0 0 0 0 0 0 0 0 0 0 0 0 0 0 0 0 0 0 0 0 0 0 0 0 0 0 0 0 0 0
I1024 00:57:24.681852 47824281732160 create_pretraining_data.py:161] input_mask: 1 1 1 1 1 1 1 1 1 1 1 1 1 1 1 1 1 1 1 1 0 0 0 0 0 0 0 0 0 0 0 0 0 0 0 0 0 0 0 0 0 0 0 0 0 0 0 0 0 0 0 0 0 0 0 0 0 0 0 0 0 0 0 0 0 0 0 0 0 0 0 0 0 0 0 0 0 0 0 0 0 0 0 0 0 0 0 0 0 0 0 0 0 0 0 0 0 0 0 0 0 0 0 0 0 0 0 0 0 0 0 0 0 0 0 0 0 0 0 0 0 0 0 0 0 0 0 0
INFO:tensorflow:segment_ids: 0 0 0 0 1 1 1 1 1 1 1 1 1 1 1 1 1 1 1 1 0 0 0 0 0 0 0 0 0 0 0 0 0 0 0 0 0 0 0 0 0 0 0 0 0 0 0 0 0 0 0 0 0 0 0 0 0 0 0 0 0 0 0 0 0 0 0 0 0 0 0 0 0 0 0 0 0 0 0 0 0 0 0 0 0 0 0 0 0 0 0 0 0 0 0 0 0 0 0 0 0 0 0 0 0 0 0 0 0 0 0 0 0 0 0 0 0 0 0 0 0 0 0 0 0 0 0 0
I1024 00:57:24.682022 47824281732160 create_pretraining_data.py:161] segment_ids: 0 0 0 0 1 1 1 1 1 1 1 1 1 1 1 1 1 1 1 1 0 0 0 0 0 0 0 0 0 0 0 0 0 0 0 0 0 0 0 0 0 0 0 0 0 0 0 0 0 0 0 0 0 0 0 0 0 0 0 0 0 0 0 0 0 0 0 0 0 0 0 0 0 0 0 0 0 0 0 0 0 0 0 0 0 0 0 0 0 0 0 0 0 0 0 0 0 0 0 0 0 0 0 0 0 0 0 0 0 0 0 0 0 0 0 0 0 0 0 0 0 0 0 0 0 0 0 0
INFO:tensorflow:masked_lm_positions: 5 6 11 0 0 0 0 0 0 0 0 0 0 0 0 0 0 0 0 0
I1024 00:57:24.682153 47824281732160 create_pretraining_data.py:161] masked_lm_positions: 5 6 11 0 0 0 0 0 0 0 0 0 0 0 0 0 0 0 0 0
INFO:tensorflow:masked_lm_ids: 19846 2247 17665 0 0 0 0 0 0 0 0 0 0 0 0 0 0 0 0 0
I1024 00:57:24.682279 47824281732160 create_pretraining_data.py:161] masked_lm_ids: 19846 2247 17665 0 0 0 0 0 0 0 0 0 0 0 0 0 0 0 0 0
INFO:tensorflow:masked_lm_weights: 1.0 1.0 1.0 0.0 0.0 0.0 0.0 0.0 0.0 0.0 0.0 0.0 0.0 0.0 0.0 0.0 0.0 0.0 0.0 0.0
I1024 00:57:24.682405 47824281732160 create_pretraining_data.py:161] masked_lm_weights: 1.0 1.0 1.0 0.0 0.0 0.0 0.0 0.0 0.0 0.0 0.0 0.0 0.0 0.0 0.0 0.0 0.0 0.0 0.0 0.0
INFO:tensorflow:next_sentence_labels: 0
I1024 00:57:24.682523 47824281732160 create_pretraining_data.py:161] next_sentence_labels: 0
INFO:tensorflow:*** Example ***
I1024 00:57:24.683239 47824281732160 create_pretraining_data.py:149] *** Example ***
INFO:tensorflow:tokens: [CLS] [MASK] [MASK] هاي ##دري ##تش ( 19 يوليو [MASK] في ألمانيا - ) هو لاعب [MASK] قدم ألماني ( وحمل سابقا جنسية ألمانيا [MASK] [MASK] في مركز الوسط . شارك مع منتخب ألمانيا الشرقية لكرة القدم . [SEP] ستي ##فن كاري هو ممثل [MASK] ، ولد في 1976 في أستراليا . [SEP]
I1024 00:57:24.683423 47824281732160 create_pretraining_data.py:151] tokens: [CLS] [MASK] [MASK] هاي ##دري ##تش ( 19 يوليو [MASK] في ألمانيا - ) هو لاعب [MASK] قدم ألماني ( وحمل سابقا جنسية ألمانيا [MASK] [MASK] في مركز الوسط . شارك مع منتخب ألمانيا الشرقية لكرة القدم . [SEP] ستي ##فن كاري هو ممثل [MASK] ، ولد في 1976 في أستراليا . [SEP]
INFO:tensorflow:input_ids: 2 4 4 4568 9649 5858 12 2464 5457 4 1912 7630 17 13 2139 3639 4 3681 25302 12 21876 7825 19699 7630 4 4 1912 3231 5889 18 5458 1973 6766 7630 6237 6176 3961 18 3 6426 5291 22539 2139 10109 4 378 4084 1912 24927 1912 12085 18 3 0 0 0 0 0 0 0 0 0 0 0 0 0 0 0 0 0 0 0 0 0 0 0 0 0 0 0 0 0 0 0 0 0 0 0 0 0 0 0 0 0 0 0 0 0 0 0 0 0 0 0 0 0 0 0 0 0 0 0 0 0 0 0 0 0 0 0 0 0 0 0 0 0 0 0
I1024 00:57:24.683621 47824281732160 create_pretraining_data.py:161] input_ids: 2 4 4 4568 9649 5858 12 2464 5457 4 1912 7630 17 13 2139 3639 4 3681 25302 12 21876 7825 19699 7630 4 4 1912 3231 5889 18 5458 1973 6766 7630 6237 6176 3961 18 3 6426 5291 22539 2139 10109 4 378 4084 1912 24927 1912 12085 18 3 0 0 0 0 0 0 0 0 0 0 0 0 0 0 0 0 0 0 0 0 0 0 0 0 0 0 0 0 0 0 0 0 0 0 0 0 0 0 0 0 0 0 0 0 0 0 0 0 0 0 0 0 0 0 0 0 0 0 0 0 0 0 0 0 0 0 0 0 0 0 0 0 0 0 0
INFO:tensorflow:input_mask: 1 1 1 1 1 1 1 1 1 1 1 1 1 1 1 1 1 1 1 1 1 1 1 1 1 1 1 1 1 1 1 1 1 1 1 1 1 1 1 1 1 1 1 1 1 1 1 1 1 1 1 1 1 0 0 0 0 0 0 0 0 0 0 0 0 0 0 0 0 0 0 0 0 0 0 0 0 0 0 0 0 0 0 0 0 0 0 0 0 0 0 0 0 0 0 0 0 0 0 0 0 0 0 0 0 0 0 0 0 0 0 0 0 0 0 0 0 0 0 0 0 0 0 0 0 0 0 0
I1024 00:57:24.683804 47824281732160 create_pretraining_data.py:161] input_mask: 1 1 1 1 1 1 1 1 1 1 1 1 1 1 1 1 1 1 1 1 1 1 1 1 1 1 1 1 1 1 1 1 1 1 1 1 1 1 1 1 1 1 1 1 1 1 1 1 1 1 1 1 1 0 0 0 0 0 0 0 0 0 0 0 0 0 0 0 0 0 0 0 0 0 0 0 0 0 0 0 0 0 0 0 0 0 0 0 0 0 0 0 0 0 0 0 0 0 0 0 0 0 0 0 0 0 0 0 0 0 0 0 0 0 0 0 0 0 0 0 0 0 0 0 0 0 0 0
INFO:tensorflow:segment_ids: 0 0 0 0 0 0 0 0 0 0 0 0 0 0 0 0 0 0 0 0 0 0 0 0 0 0 0 0 0 0 0 0 0 0 0 0 0 0 0 1 1 1 1 1 1 1 1 1 1 1 1 1 1 0 0 0 0 0 0 0 0 0 0 0 0 0 0 0 0 0 0 0 0 0 0 0 0 0 0 0 0 0 0 0 0 0 0 0 0 0 0 0 0 0 0 0 0 0 0 0 0 0 0 0 0 0 0 0 0 0 0 0 0 0 0 0 0 0 0 0 0 0 0 0 0 0 0 0
I1024 00:57:24.683974 47824281732160 create_pretraining_data.py:161] segment_ids: 0 0 0 0 0 0 0 0 0 0 0 0 0 0 0 0 0 0 0 0 0 0 0 0 0 0 0 0 0 0 0 0 0 0 0 0 0 0 0 1 1 1 1 1 1 1 1 1 1 1 1 1 1 0 0 0 0 0 0 0 0 0 0 0 0 0 0 0 0 0 0 0 0 0 0 0 0 0 0 0 0 0 0 0 0 0 0 0 0 0 0 0 0 0 0 0 0 0 0 0 0 0 0 0 0 0 0 0 0 0 0 0 0 0 0 0 0 0 0 0 0 0 0 0 0 0 0 0
INFO:tensorflow:masked_lm_positions: 1 2 9 15 16 24 25 44 0 0 0 0 0 0 0 0 0 0 0 0
I1024 00:57:24.684107 47824281732160 create_pretraining_data.py:161] masked_lm_positions: 1 2 9 15 16 24 25 44 0 0 0 0 0 0 0 0 0 0 0 0
INFO:tensorflow:masked_lm_ids: 6426 5291 18577 3639 5226 6237 13 19595 0 0 0 0 0 0 0 0 0 0 0 0
I1024 00:57:24.684232 47824281732160 create_pretraining_data.py:161] masked_lm_ids: 6426 5291 18577 3639 5226 6237 13 19595 0 0 0 0 0 0 0 0 0 0 0 0
INFO:tensorflow:masked_lm_weights: 1.0 1.0 1.0 1.0 1.0 1.0 1.0 1.0 0.0 0.0 0.0 0.0 0.0 0.0 0.0 0.0 0.0 0.0 0.0 0.0
I1024 00:57:24.684361 47824281732160 create_pretraining_data.py:161] masked_lm_weights: 1.0 1.0 1.0 1.0 1.0 1.0 1.0 1.0 0.0 0.0 0.0 0.0 0.0 0.0 0.0 0.0 0.0 0.0 0.0 0.0
INFO:tensorflow:next_sentence_labels: 1
I1024 00:57:24.684476 47824281732160 create_pretraining_data.py:161] next_sentence_labels: 1
INFO:tensorflow:*** Example ***
I1024 00:57:24.685199 47824281732160 create_pretraining_data.py:149] *** Example ***
INFO:tensorflow:tokens: [CLS] تاريخ اليهود في المملكة [MASK] السعودية [SEP] بعض الألي ##اف التي [MASK] [MASK] الألي ##اف المق ##وسة الأمام ##ية الخارجية تن ##بث ##ق من الشق إلى [MASK] من هذا التص ##الب [MASK] تنح ##ني نحو الوح ##شي وإلى أعلى على [MASK] النخ ##اع المست ##طيل لتن ##ضم [MASK] السوي ##قة السف ##لية [MASK] [SEP]
I1024 00:57:24.685365 47824281732160 create_pretraining_data.py:151] tokens: [CLS] تاريخ اليهود في المملكة [MASK] السعودية [SEP] بعض الألي ##اف التي [MASK] [MASK] الألي ##اف المق ##وسة الأمام ##ية الخارجية تن ##بث ##ق من الشق إلى [MASK] من هذا التص ##الب [MASK] تنح ##ني نحو الوح ##شي وإلى أعلى على [MASK] النخ ##اع المست ##طيل لتن ##ضم [MASK] السوي ##قة السف ##لية [MASK] [SEP]
INFO:tensorflow:input_ids: 2 3173 6914 1912 3835 4 3032 3 2346 14943 1982 2061 4 4 14943 1982 3586 13680 24041 1910 3796 2245 13143 1011 1908 25245 2045 4 1908 2085 2910 2653 4 27923 1974 3487 4086 2510 10533 7450 1961 4 12041 2000 2338 8556 5952 3204 4 9473 2059 3840 2082 4 3 0 0 0 0 0 0 0 0 0 0 0 0 0 0 0 0 0 0 0 0 0 0 0 0 0 0 0 0 0 0 0 0 0 0 0 0 0 0 0 0 0 0 0 0 0 0 0 0 0 0 0 0 0 0 0 0 0 0 0 0 0 0 0 0 0 0 0 0 0 0 0 0 0
I1024 00:57:24.685575 47824281732160 create_pretraining_data.py:161] input_ids: 2 3173 6914 1912 3835 4 3032 3 2346 14943 1982 2061 4 4 14943 1982 3586 13680 24041 1910 3796 2245 13143 1011 1908 25245 2045 4 1908 2085 2910 2653 4 27923 1974 3487 4086 2510 10533 7450 1961 4 12041 2000 2338 8556 5952 3204 4 9473 2059 3840 2082 4 3 0 0 0 0 0 0 0 0 0 0 0 0 0 0 0 0 0 0 0 0 0 0 0 0 0 0 0 0 0 0 0 0 0 0 0 0 0 0 0 0 0 0 0 0 0 0 0 0 0 0 0 0 0 0 0 0 0 0 0 0 0 0 0 0 0 0 0 0 0 0 0 0 0
INFO:tensorflow:input_mask: 1 1 1 1 1 1 1 1 1 1 1 1 1 1 1 1 1 1 1 1 1 1 1 1 1 1 1 1 1 1 1 1 1 1 1 1 1 1 1 1 1 1 1 1 1 1 1 1 1 1 1 1 1 1 1 0 0 0 0 0 0 0 0 0 0 0 0 0 0 0 0 0 0 0 0 0 0 0 0 0 0 0 0 0 0 0 0 0 0 0 0 0 0 0 0 0 0 0 0 0 0 0 0 0 0 0 0 0 0 0 0 0 0 0 0 0 0 0 0 0 0 0 0 0 0 0 0 0
I1024 00:57:24.685772 47824281732160 create_pretraining_data.py:161] input_mask: 1 1 1 1 1 1 1 1 1 1 1 1 1 1 1 1 1 1 1 1 1 1 1 1 1 1 1 1 1 1 1 1 1 1 1 1 1 1 1 1 1 1 1 1 1 1 1 1 1 1 1 1 1 1 1 0 0 0 0 0 0 0 0 0 0 0 0 0 0 0 0 0 0 0 0 0 0 0 0 0 0 0 0 0 0 0 0 0 0 0 0 0 0 0 0 0 0 0 0 0 0 0 0 0 0 0 0 0 0 0 0 0 0 0 0 0 0 0 0 0 0 0 0 0 0 0 0 0
INFO:tensorflow:segment_ids: 0 0 0 0 0 0 0 0 1 1 1 1 1 1 1 1 1 1 1 1 1 1 1 1 1 1 1 1 1 1 1 1 1 1 1 1 1 1 1 1 1 1 1 1 1 1 1 1 1 1 1 1 1 1 1 0 0 0 0 0 0 0 0 0 0 0 0 0 0 0 0 0 0 0 0 0 0 0 0 0 0 0 0 0 0 0 0 0 0 0 0 0 0 0 0 0 0 0 0 0 0 0 0 0 0 0 0 0 0 0 0 0 0 0 0 0 0 0 0 0 0 0 0 0 0 0 0 0
I1024 00:57:24.685945 47824281732160 create_pretraining_data.py:161] segment_ids: 0 0 0 0 0 0 0 0 1 1 1 1 1 1 1 1 1 1 1 1 1 1 1 1 1 1 1 1 1 1 1 1 1 1 1 1 1 1 1 1 1 1 1 1 1 1 1 1 1 1 1 1 1 1 1 0 0 0 0 0 0 0 0 0 0 0 0 0 0 0 0 0 0 0 0 0 0 0 0 0 0 0 0 0 0 0 0 0 0 0 0 0 0 0 0 0 0 0 0 0 0 0 0 0 0 0 0 0 0 0 0 0 0 0 0 0 0 0 0 0 0 0 0 0 0 0 0 0
INFO:tensorflow:masked_lm_positions: 5 12 13 27 32 41 48 53 0 0 0 0 0 0 0 0 0 0 0 0
I1024 00:57:24.686082 47824281732160 create_pretraining_data.py:161] masked_lm_positions: 5 12 13 27 32 41 48 53 0 0 0 0 0 0 0 0 0 0 0 0
INFO:tensorflow:masked_lm_ids: 2488 15867 388 7708 415 9963 2045 18 0 0 0 0 0 0 0 0 0 0 0 0
I1024 00:57:24.686203 47824281732160 create_pretraining_data.py:161] masked_lm_ids: 2488 15867 388 7708 415 9963 2045 18 0 0 0 0 0 0 0 0 0 0 0 0
INFO:tensorflow:masked_lm_weights: 1.0 1.0 1.0 1.0 1.0 1.0 1.0 1.0 0.0 0.0 0.0 0.0 0.0 0.0 0.0 0.0 0.0 0.0 0.0 0.0
I1024 00:57:24.686326 47824281732160 create_pretraining_data.py:161] masked_lm_weights: 1.0 1.0 1.0 1.0 1.0 1.0 1.0 1.0 0.0 0.0 0.0 0.0 0.0 0.0 0.0 0.0 0.0 0.0 0.0 0.0
INFO:tensorflow:next_sentence_labels: 1
I1024 00:57:24.686438 47824281732160 create_pretraining_data.py:161] next_sentence_labels: 1
INFO:tensorflow:*** Example ***
I1024 00:57:24.687142 47824281732160 create_pretraining_data.py:149] *** Example ***
INFO:tensorflow:tokens: [CLS] يا ##يي ##با يا [MASK] ##با والتي تعني الاع ##وجا ##ج [MASK] أو الأسنان البار ##زة [MASK] مثل مص ##اصي ##ن الدماء ، وهذا عن طريق إجراء عملية جراحية بغرض تغيير شكل الأسنان [MASK] [MASK] [MASK] وإ ##براز الأني ##اب . في اليابان ينظر إليها على أنها علامة على داري . [SEP] شارك مع منتخب فرنسا تحت [MASK] سنة لكرة القدم ومنت ##خب فرنسا تحت ونتيجة سنة لكرة القدم ومنت ##خب فرنسا [MASK] 19 سنة لكرة القدم . أما مع النوا ##دي ، فقد [MASK] مع أول ##م ##بيك ليون ونادي [MASK] ونادي دي ##جون . [SEP]
I1024 00:57:24.687321 47824281732160 create_pretraining_data.py:151] tokens: [CLS] يا ##يي ##با يا [MASK] ##با والتي تعني الاع ##وجا ##ج [MASK] أو الأسنان البار ##زة [MASK] مثل مص ##اصي ##ن الدماء ، وهذا عن طريق إجراء عملية جراحية بغرض تغيير شكل الأسنان [MASK] [MASK] [MASK] وإ ##براز الأني ##اب . في اليابان ينظر إليها على أنها علامة على داري . [SEP] شارك مع منتخب فرنسا تحت [MASK] سنة لكرة القدم ومنت ##خب فرنسا تحت ونتيجة سنة لكرة القدم ومنت ##خب فرنسا [MASK] 19 سنة لكرة القدم . أما مع النوا ##دي ، فقد [MASK] مع أول ##م ##بيك ليون ونادي [MASK] ونادي دي ##جون . [SEP]
INFO:tensorflow:input_ids: 2 2104 5222 2013 2104 4 2013 3385 8685 3099 22879 1041 4 2075 12573 6211 2307 4 2546 2324 8514 1006 17327 378 3265 1955 3160 8107 2532 28774 24104 5426 4814 12573 4 4 4 2358 24095 24182 1933 18 1912 7848 9429 5751 1961 3811 10659 1961 24964 18 3 5458 1973 6766 5336 2538 4 3234 6176 3961 11982 3355 5336 2538 29989 3234 6176 3961 11982 3355 5336 4 2464 3234 6176 3961 18 3444 1973 14199 1930 378 2901 4 1973 3399 1015 14958 11591 27200 4 27200 2630 11048 18 3 0 0 0 0 0 0 0 0 0 0 0 0 0 0 0 0 0 0 0 0 0 0 0 0 0 0 0 0 0 0
I1024 00:57:24.687525 47824281732160 create_pretraining_data.py:161] input_ids: 2 2104 5222 2013 2104 4 2013 3385 8685 3099 22879 1041 4 2075 12573 6211 2307 4 2546 2324 8514 1006 17327 378 3265 1955 3160 8107 2532 28774 24104 5426 4814 12573 4 4 4 2358 24095 24182 1933 18 1912 7848 9429 5751 1961 3811 10659 1961 24964 18 3 5458 1973 6766 5336 2538 4 3234 6176 3961 11982 3355 5336 2538 29989 3234 6176 3961 11982 3355 5336 4 2464 3234 6176 3961 18 3444 1973 14199 1930 378 2901 4 1973 3399 1015 14958 11591 27200 4 27200 2630 11048 18 3 0 0 0 0 0 0 0 0 0 0 0 0 0 0 0 0 0 0 0 0 0 0 0 0 0 0 0 0 0 0
INFO:tensorflow:input_mask: 1 1 1 1 1 1 1 1 1 1 1 1 1 1 1 1 1 1 1 1 1 1 1 1 1 1 1 1 1 1 1 1 1 1 1 1 1 1 1 1 1 1 1 1 1 1 1 1 1 1 1 1 1 1 1 1 1 1 1 1 1 1 1 1 1 1 1 1 1 1 1 1 1 1 1 1 1 1 1 1 1 1 1 1 1 1 1 1 1 1 1 1 1 1 1 1 1 1 0 0 0 0 0 0 0 0 0 0 0 0 0 0 0 0 0 0 0 0 0 0 0 0 0 0 0 0 0 0
I1024 00:57:24.687704 47824281732160 create_pretraining_data.py:161] input_mask: 1 1 1 1 1 1 1 1 1 1 1 1 1 1 1 1 1 1 1 1 1 1 1 1 1 1 1 1 1 1 1 1 1 1 1 1 1 1 1 1 1 1 1 1 1 1 1 1 1 1 1 1 1 1 1 1 1 1 1 1 1 1 1 1 1 1 1 1 1 1 1 1 1 1 1 1 1 1 1 1 1 1 1 1 1 1 1 1 1 1 1 1 1 1 1 1 1 1 0 0 0 0 0 0 0 0 0 0 0 0 0 0 0 0 0 0 0 0 0 0 0 0 0 0 0 0 0 0
INFO:tensorflow:segment_ids: 0 0 0 0 0 0 0 0 0 0 0 0 0 0 0 0 0 0 0 0 0 0 0 0 0 0 0 0 0 0 0 0 0 0 0 0 0 0 0 0 0 0 0 0 0 0 0 0 0 0 0 0 0 1 1 1 1 1 1 1 1 1 1 1 1 1 1 1 1 1 1 1 1 1 1 1 1 1 1 1 1 1 1 1 1 1 1 1 1 1 1 1 1 1 1 1 1 1 0 0 0 0 0 0 0 0 0 0 0 0 0 0 0 0 0 0 0 0 0 0 0 0 0 0 0 0 0 0
I1024 00:57:24.687871 47824281732160 create_pretraining_data.py:161] segment_ids: 0 0 0 0 0 0 0 0 0 0 0 0 0 0 0 0 0 0 0 0 0 0 0 0 0 0 0 0 0 0 0 0 0 0 0 0 0 0 0 0 0 0 0 0 0 0 0 0 0 0 0 0 0 1 1 1 1 1 1 1 1 1 1 1 1 1 1 1 1 1 1 1 1 1 1 1 1 1 1 1 1 1 1 1 1 1 1 1 1 1 1 1 1 1 1 1 1 1 0 0 0 0 0 0 0 0 0 0 0 0 0 0 0 0 0 0 0 0 0 0 0 0 0 0 0 0 0 0
INFO:tensorflow:masked_lm_positions: 4 5 6 12 17 34 35 36 50 56 58 66 73 85 92 0 0 0 0 0
I1024 00:57:24.687997 47824281732160 create_pretraining_data.py:161] masked_lm_positions: 4 5 6 12 17 34 35 36 50 56 58 66 73 85 92 0 0 0 0 0
INFO:tensorflow:masked_lm_ids: 2104 5222 2013 378 378 25907 1033 1011 3321 5336 3519 3328 2538 4046 7255 0 0 0 0 0
I1024 00:57:24.688133 47824281732160 create_pretraining_data.py:161] masked_lm_ids: 2104 5222 2013 378 378 25907 1033 1011 3321 5336 3519 3328 2538 4046 7255 0 0 0 0 0
INFO:tensorflow:masked_lm_weights: 1.0 1.0 1.0 1.0 1.0 1.0 1.0 1.0 1.0 1.0 1.0 1.0 1.0 1.0 1.0 0.0 0.0 0.0 0.0 0.0
I1024 00:57:24.688257 47824281732160 create_pretraining_data.py:161] masked_lm_weights: 1.0 1.0 1.0 1.0 1.0 1.0 1.0 1.0 1.0 1.0 1.0 1.0 1.0 1.0 1.0 0.0 0.0 0.0 0.0 0.0
INFO:tensorflow:next_sentence_labels: 1
I1024 00:57:24.688369 47824281732160 create_pretraining_data.py:161] next_sentence_labels: 1
INFO:tensorflow:*** Example ***
I1024 00:57:24.689057 47824281732160 create_pretraining_data.py:149] *** Example ***
INFO:tensorflow:tokens: [CLS] بيت ##ى جاري ##ت بيت ##ى جاري ##ت ( و . ) هي [MASK] [MASK] ، ورا ##قص ##ة ، وممث [MASK] مسرحية ، وممث ##لة أفلام ، وممث ##لة تلفزيونية أمريكية ، ولدت في سانت جوزيف ، توفيت في لوس أنج ##لوس ، عن عمر ينا ##ه ##ز [MASK] الحنفي ، بسبب أم الدم الأب ##هري ##ة [MASK] [SEP] تعلمت في [MASK] [SEP]
I1024 00:57:24.689219 47824281732160 create_pretraining_data.py:151] tokens: [CLS] بيت ##ى جاري ##ت بيت ##ى جاري ##ت ( و . ) هي [MASK] [MASK] ، ورا ##قص ##ة ، وممث [MASK] مسرحية ، وممث ##لة أفلام ، وممث ##لة تلفزيونية أمريكية ، ولدت في سانت جوزيف ، توفيت في لوس أنج ##لوس ، عن عمر ينا ##ه ##ز [MASK] الحنفي ، بسبب أم الدم الأب ##هري ##ة [MASK] [SEP] تعلمت في [MASK] [SEP]
INFO:tensorflow:input_ids: 2 2967 1102 23864 1005 2967 1102 23864 1005 12 415 18 13 2247 4 4 378 5967 2878 1043 378 21540 4 18868 378 21540 2035 7577 378 21540 2035 27893 17969 378 17665 1912 8698 26280 378 28884 1912 15903 16876 6370 378 1955 2852 3377 1028 1008 4 27805 378 3179 2239 4479 5430 27160 1043 4 3 15452 1912 4 3 0 0 0 0 0 0 0 0 0 0 0 0 0 0 0 0 0 0 0 0 0 0 0 0 0 0 0 0 0 0 0 0 0 0 0 0 0 0 0 0 0 0 0 0 0 0 0 0 0 0 0 0 0 0 0 0 0 0 0 0 0 0 0
I1024 00:57:24.689404 47824281732160 create_pretraining_data.py:161] input_ids: 2 2967 1102 23864 1005 2967 1102 23864 1005 12 415 18 13 2247 4 4 378 5967 2878 1043 378 21540 4 18868 378 21540 2035 7577 378 21540 2035 27893 17969 378 17665 1912 8698 26280 378 28884 1912 15903 16876 6370 378 1955 2852 3377 1028 1008 4 27805 378 3179 2239 4479 5430 27160 1043 4 3 15452 1912 4 3 0 0 0 0 0 0 0 0 0 0 0 0 0 0 0 0 0 0 0 0 0 0 0 0 0 0 0 0 0 0 0 0 0 0 0 0 0 0 0 0 0 0 0 0 0 0 0 0 0 0 0 0 0 0 0 0 0 0 0 0 0 0 0
INFO:tensorflow:input_mask: 1 1 1 1 1 1 1 1 1 1 1 1 1 1 1 1 1 1 1 1 1 1 1 1 1 1 1 1 1 1 1 1 1 1 1 1 1 1 1 1 1 1 1 1 1 1 1 1 1 1 1 1 1 1 1 1 1 1 1 1 1 1 1 1 1 0 0 0 0 0 0 0 0 0 0 0 0 0 0 0 0 0 0 0 0 0 0 0 0 0 0 0 0 0 0 0 0 0 0 0 0 0 0 0 0 0 0 0 0 0 0 0 0 0 0 0 0 0 0 0 0 0 0 0 0 0 0 0
I1024 00:57:24.689575 47824281732160 create_pretraining_data.py:161] input_mask: 1 1 1 1 1 1 1 1 1 1 1 1 1 1 1 1 1 1 1 1 1 1 1 1 1 1 1 1 1 1 1 1 1 1 1 1 1 1 1 1 1 1 1 1 1 1 1 1 1 1 1 1 1 1 1 1 1 1 1 1 1 1 1 1 1 0 0 0 0 0 0 0 0 0 0 0 0 0 0 0 0 0 0 0 0 0 0 0 0 0 0 0 0 0 0 0 0 0 0 0 0 0 0 0 0 0 0 0 0 0 0 0 0 0 0 0 0 0 0 0 0 0 0 0 0 0 0 0
INFO:tensorflow:segment_ids: 0 0 0 0 0 0 0 0 0 0 0 0 0 0 0 0 0 0 0 0 0 0 0 0 0 0 0 0 0 0 0 0 0 0 0 0 0 0 0 0 0 0 0 0 0 0 0 0 0 0 0 0 0 0 0 0 0 0 0 0 0 1 1 1 1 0 0 0 0 0 0 0 0 0 0 0 0 0 0 0 0 0 0 0 0 0 0 0 0 0 0 0 0 0 0 0 0 0 0 0 0 0 0 0 0 0 0 0 0 0 0 0 0 0 0 0 0 0 0 0 0 0 0 0 0 0 0 0
I1024 00:57:24.689743 47824281732160 create_pretraining_data.py:161] segment_ids: 0 0 0 0 0 0 0 0 0 0 0 0 0 0 0 0 0 0 0 0 0 0 0 0 0 0 0 0 0 0 0 0 0 0 0 0 0 0 0 0 0 0 0 0 0 0 0 0 0 0 0 0 0 0 0 0 0 0 0 0 0 1 1 1 1 0 0 0 0 0 0 0 0 0 0 0 0 0 0 0 0 0 0 0 0 0 0 0 0 0 0 0 0 0 0 0 0 0 0 0 0 0 0 0 0 0 0 0 0 0 0 0 0 0 0 0 0 0 0 0 0 0 0 0 0 0 0 0
INFO:tensorflow:masked_lm_positions: 12 14 15 21 22 24 50 51 59 63 0 0 0 0 0 0 0 0 0 0
I1024 00:57:24.689885 47824281732160 create_pretraining_data.py:161] masked_lm_positions: 12 14 15 21 22 24 50 51 59 63 0 0 0 0 0 0 0 0 0 0
INFO:tensorflow:masked_lm_ids: 13 3203 2330 21540 2035 378 17376 4024 18 18 0 0 0 0 0 0 0 0 0 0
I1024 00:57:24.690010 47824281732160 create_pretraining_data.py:161] masked_lm_ids: 13 3203 2330 21540 2035 378 17376 4024 18 18 0 0 0 0 0 0 0 0 0 0
INFO:tensorflow:masked_lm_weights: 1.0 1.0 1.0 1.0 1.0 1.0 1.0 1.0 1.0 1.0 0.0 0.0 0.0 0.0 0.0 0.0 0.0 0.0 0.0 0.0
I1024 00:57:24.690132 47824281732160 create_pretraining_data.py:161] masked_lm_weights: 1.0 1.0 1.0 1.0 1.0 1.0 1.0 1.0 1.0 1.0 0.0 0.0 0.0 0.0 0.0 0.0 0.0 0.0 0.0 0.0
INFO:tensorflow:next_sentence_labels: 0
I1024 00:57:24.690244 47824281732160 create_pretraining_data.py:161] next_sentence_labels: 0
INFO:tensorflow:*** Example ***
I1024 00:57:24.690946 47824281732160 create_pretraining_data.py:149] *** Example ***
INFO:tensorflow:tokens: [CLS] وهو عبارة عن قرض للحكومة المغربية قيمته [MASK] مليون دولار . [SEP] يهدف المشروع إلى دعم [MASK] [MASK] [MASK] والمتوسطة في المغرب [MASK] الاقتصاد المغربي ، [MASK] الإصلاح المؤسس ##ي والتد ##قيق في القطاع المصرفي [MASK] في 2014 ، [MASK] إطار [MASK] القطرية يهدف إلى تعزيز القطاع ##ين العام والخاص في المغرب . من أجل تعزيز [MASK] أعمال أفضل ، [MASK] مستقبل مر ##ن ، تم زيادة قروض البنك الدولي للإ ##ن ##شاء [MASK] [MASK] من 600 مليون ##صارات سنويا إلى 1 بليون دولار على مدار السنوات الأربع الماضية . [SEP]
I1024 00:57:24.691123 47824281732160 create_pretraining_data.py:151] tokens: [CLS] وهو عبارة عن قرض للحكومة المغربية قيمته [MASK] مليون دولار . [SEP] يهدف المشروع إلى دعم [MASK] [MASK] [MASK] والمتوسطة في المغرب [MASK] الاقتصاد المغربي ، [MASK] الإصلاح المؤسس ##ي والتد ##قيق في القطاع المصرفي [MASK] في 2014 ، [MASK] إطار [MASK] القطرية يهدف إلى تعزيز القطاع ##ين العام والخاص في المغرب . من أجل تعزيز [MASK] أعمال أفضل ، [MASK] مستقبل مر ##ن ، تم زيادة قروض البنك الدولي للإ ##ن ##شاء [MASK] [MASK] من 600 مليون ##صارات سنويا إلى 1 بليون دولار على مدار السنوات الأربع الماضية . [SEP]
INFO:tensorflow:input_ids: 2 2400 7627 1955 9016 13776 8553 16584 4 3193 3372 18 3 12840 4957 2045 3592 4 4 4 23704 1912 3768 4 3804 7007 378 4 13173 26921 1013 18687 2705 1912 5252 25569 4 1912 4296 378 4 6205 4 15171 12840 2045 7293 5252 1911 2169 25647 1912 3768 18 1908 3883 7293 4 4828 3815 378 4 8142 2964 1006 378 2172 5348 7381 5949 3423 3822 1006 3324 4 4 1908 12335 3193 12321 6336 2045 21 25380 3372 1961 8299 7437 19589 5385 18 3 0 0 0 0 0 0 0 0 0 0 0 0 0 0 0 0 0 0 0 0 0 0 0 0 0 0 0 0 0 0 0 0 0 0 0 0
I1024 00:57:24.691308 47824281732160 create_pretraining_data.py:161] input_ids: 2 2400 7627 1955 9016 13776 8553 16584 4 3193 3372 18 3 12840 4957 2045 3592 4 4 4 23704 1912 3768 4 3804 7007 378 4 13173 26921 1013 18687 2705 1912 5252 25569 4 1912 4296 378 4 6205 4 15171 12840 2045 7293 5252 1911 2169 25647 1912 3768 18 1908 3883 7293 4 4828 3815 378 4 8142 2964 1006 378 2172 5348 7381 5949 3423 3822 1006 3324 4 4 1908 12335 3193 12321 6336 2045 21 25380 3372 1961 8299 7437 19589 5385 18 3 0 0 0 0 0 0 0 0 0 0 0 0 0 0 0 0 0 0 0 0 0 0 0 0 0 0 0 0 0 0 0 0 0 0 0 0
INFO:tensorflow:input_mask: 1 1 1 1 1 1 1 1 1 1 1 1 1 1 1 1 1 1 1 1 1 1 1 1 1 1 1 1 1 1 1 1 1 1 1 1 1 1 1 1 1 1 1 1 1 1 1 1 1 1 1 1 1 1 1 1 1 1 1 1 1 1 1 1 1 1 1 1 1 1 1 1 1 1 1 1 1 1 1 1 1 1 1 1 1 1 1 1 1 1 1 1 0 0 0 0 0 0 0 0 0 0 0 0 0 0 0 0 0 0 0 0 0 0 0 0 0 0 0 0 0 0 0 0 0 0 0 0
I1024 00:57:24.691475 47824281732160 create_pretraining_data.py:161] input_mask: 1 1 1 1 1 1 1 1 1 1 1 1 1 1 1 1 1 1 1 1 1 1 1 1 1 1 1 1 1 1 1 1 1 1 1 1 1 1 1 1 1 1 1 1 1 1 1 1 1 1 1 1 1 1 1 1 1 1 1 1 1 1 1 1 1 1 1 1 1 1 1 1 1 1 1 1 1 1 1 1 1 1 1 1 1 1 1 1 1 1 1 1 0 0 0 0 0 0 0 0 0 0 0 0 0 0 0 0 0 0 0 0 0 0 0 0 0 0 0 0 0 0 0 0 0 0 0 0
INFO:tensorflow:segment_ids: 0 0 0 0 0 0 0 0 0 0 0 0 0 1 1 1 1 1 1 1 1 1 1 1 1 1 1 1 1 1 1 1 1 1 1 1 1 1 1 1 1 1 1 1 1 1 1 1 1 1 1 1 1 1 1 1 1 1 1 1 1 1 1 1 1 1 1 1 1 1 1 1 1 1 1 1 1 1 1 1 1 1 1 1 1 1 1 1 1 1 1 1 0 0 0 0 0 0 0 0 0 0 0 0 0 0 0 0 0 0 0 0 0 0 0 0 0 0 0 0 0 0 0 0 0 0 0 0
I1024 00:57:24.691658 47824281732160 create_pretraining_data.py:161] segment_ids: 0 0 0 0 0 0 0 0 0 0 0 0 0 1 1 1 1 1 1 1 1 1 1 1 1 1 1 1 1 1 1 1 1 1 1 1 1 1 1 1 1 1 1 1 1 1 1 1 1 1 1 1 1 1 1 1 1 1 1 1 1 1 1 1 1 1 1 1 1 1 1 1 1 1 1 1 1 1 1 1 1 1 1 1 1 1 1 1 1 1 1 1 0 0 0 0 0 0 0 0 0 0 0 0 0 0 0 0 0 0 0 0 0 0 0 0 0 0 0 0 0 0 0 0 0 0 0 0
INFO:tensorflow:masked_lm_positions: 8 17 18 19 23 27 36 40 42 57 61 74 75 79 0 0 0 0 0 0
I1024 00:57:24.691794 47824281732160 create_pretraining_data.py:161] masked_lm_positions: 8 17 18 19 23 27 36 40 42 57 61 74 75 79 0 0 0 0 0 0
INFO:tensorflow:masked_lm_ids: 20491 4767 13273 7727 13744 4409 18 2055 16960 13360 11805 8970 6099 3372 0 0 0 0 0 0
I1024 00:57:24.691916 47824281732160 create_pretraining_data.py:161] masked_lm_ids: 20491 4767 13273 7727 13744 4409 18 2055 16960 13360 11805 8970 6099 3372 0 0 0 0 0 0
INFO:tensorflow:masked_lm_weights: 1.0 1.0 1.0 1.0 1.0 1.0 1.0 1.0 1.0 1.0 1.0 1.0 1.0 1.0 0.0 0.0 0.0 0.0 0.0 0.0
I1024 00:57:24.692037 47824281732160 create_pretraining_data.py:161] masked_lm_weights: 1.0 1.0 1.0 1.0 1.0 1.0 1.0 1.0 1.0 1.0 1.0 1.0 1.0 1.0 0.0 0.0 0.0 0.0 0.0 0.0
INFO:tensorflow:next_sentence_labels: 0
I1024 00:57:24.692148 47824281732160 create_pretraining_data.py:161] next_sentence_labels: 0
INFO:tensorflow:*** Example ***
I1024 00:57:24.692824 47824281732160 create_pretraining_data.py:149] *** Example ***
INFO:tensorflow:tokens: [CLS] إلا أن الدولة العثمانية [MASK] تحتل أجزاء [MASK] كرواتيا من القرن السادس عشر حتى أواخر القرن السابع [MASK] [MASK] [SEP] لعب مع مانشستر يونايتد ونادي بور ##ي . [SEP]
I1024 00:57:24.692973 47824281732160 create_pretraining_data.py:151] tokens: [CLS] إلا أن الدولة العثمانية [MASK] تحتل أجزاء [MASK] كرواتيا من القرن السادس عشر حتى أواخر القرن السابع [MASK] [MASK] [SEP] لعب مع مانشستر يونايتد ونادي بور ##ي . [SEP]
INFO:tensorflow:input_ids: 2 2725 1979 3306 23462 4 24275 14272 4 17585 1908 6259 6400 3304 2494 16772 6259 6244 4 4 3 4046 1973 9799 10995 27200 4362 1013 18 3 0 0 0 0 0 0 0 0 0 0 0 0 0 0 0 0 0 0 0 0 0 0 0 0 0 0 0 0 0 0 0 0 0 0 0 0 0 0 0 0 0 0 0 0 0 0 0 0 0 0 0 0 0 0 0 0 0 0 0 0 0 0 0 0 0 0 0 0 0 0 0 0 0 0 0 0 0 0 0 0 0 0 0 0 0 0 0 0 0 0 0 0 0 0 0 0 0 0
I1024 00:57:24.693151 47824281732160 create_pretraining_data.py:161] input_ids: 2 2725 1979 3306 23462 4 24275 14272 4 17585 1908 6259 6400 3304 2494 16772 6259 6244 4 4 3 4046 1973 9799 10995 27200 4362 1013 18 3 0 0 0 0 0 0 0 0 0 0 0 0 0 0 0 0 0 0 0 0 0 0 0 0 0 0 0 0 0 0 0 0 0 0 0 0 0 0 0 0 0 0 0 0 0 0 0 0 0 0 0 0 0 0 0 0 0 0 0 0 0 0 0 0 0 0 0 0 0 0 0 0 0 0 0 0 0 0 0 0 0 0 0 0 0 0 0 0 0 0 0 0 0 0 0 0 0 0
INFO:tensorflow:input_mask: 1 1 1 1 1 1 1 1 1 1 1 1 1 1 1 1 1 1 1 1 1 1 1 1 1 1 1 1 1 1 0 0 0 0 0 0 0 0 0 0 0 0 0 0 0 0 0 0 0 0 0 0 0 0 0 0 0 0 0 0 0 0 0 0 0 0 0 0 0 0 0 0 0 0 0 0 0 0 0 0 0 0 0 0 0 0 0 0 0 0 0 0 0 0 0 0 0 0 0 0 0 0 0 0 0 0 0 0 0 0 0 0 0 0 0 0 0 0 0 0 0 0 0 0 0 0 0 0
I1024 00:57:24.693318 47824281732160 create_pretraining_data.py:161] input_mask: 1 1 1 1 1 1 1 1 1 1 1 1 1 1 1 1 1 1 1 1 1 1 1 1 1 1 1 1 1 1 0 0 0 0 0 0 0 0 0 0 0 0 0 0 0 0 0 0 0 0 0 0 0 0 0 0 0 0 0 0 0 0 0 0 0 0 0 0 0 0 0 0 0 0 0 0 0 0 0 0 0 0 0 0 0 0 0 0 0 0 0 0 0 0 0 0 0 0 0 0 0 0 0 0 0 0 0 0 0 0 0 0 0 0 0 0 0 0 0 0 0 0 0 0 0 0 0 0
INFO:tensorflow:segment_ids: 0 0 0 0 0 0 0 0 0 0 0 0 0 0 0 0 0 0 0 0 0 1 1 1 1 1 1 1 1 1 0 0 0 0 0 0 0 0 0 0 0 0 0 0 0 0 0 0 0 0 0 0 0 0 0 0 0 0 0 0 0 0 0 0 0 0 0 0 0 0 0 0 0 0 0 0 0 0 0 0 0 0 0 0 0 0 0 0 0 0 0 0 0 0 0 0 0 0 0 0 0 0 0 0 0 0 0 0 0 0 0 0 0 0 0 0 0 0 0 0 0 0 0 0 0 0 0 0
I1024 00:57:24.693498 47824281732160 create_pretraining_data.py:161] segment_ids: 0 0 0 0 0 0 0 0 0 0 0 0 0 0 0 0 0 0 0 0 0 1 1 1 1 1 1 1 1 1 0 0 0 0 0 0 0 0 0 0 0 0 0 0 0 0 0 0 0 0 0 0 0 0 0 0 0 0 0 0 0 0 0 0 0 0 0 0 0 0 0 0 0 0 0 0 0 0 0 0 0 0 0 0 0 0 0 0 0 0 0 0 0 0 0 0 0 0 0 0 0 0 0 0 0 0 0 0 0 0 0 0 0 0 0 0 0 0 0 0 0 0 0 0 0 0 0 0
INFO:tensorflow:masked_lm_positions: 5 8 18 19 0 0 0 0 0 0 0 0 0 0 0 0 0 0 0 0
I1024 00:57:24.693628 47824281732160 create_pretraining_data.py:161] masked_lm_positions: 5 8 18 19 0 0 0 0 0 0 0 0 0 0 0 0 0 0 0 0
INFO:tensorflow:masked_lm_ids: 20047 1908 3304 18 0 0 0 0 0 0 0 0 0 0 0 0 0 0 0 0
I1024 00:57:24.693755 47824281732160 create_pretraining_data.py:161] masked_lm_ids: 20047 1908 3304 18 0 0 0 0 0 0 0 0 0 0 0 0 0 0 0 0
INFO:tensorflow:masked_lm_weights: 1.0 1.0 1.0 1.0 0.0 0.0 0.0 0.0 0.0 0.0 0.0 0.0 0.0 0.0 0.0 0.0 0.0 0.0 0.0 0.0
I1024 00:57:24.693876 47824281732160 create_pretraining_data.py:161] masked_lm_weights: 1.0 1.0 1.0 1.0 0.0 0.0 0.0 0.0 0.0 0.0 0.0 0.0 0.0 0.0 0.0 0.0 0.0 0.0 0.0 0.0
INFO:tensorflow:next_sentence_labels: 1
I1024 00:57:24.693988 47824281732160 create_pretraining_data.py:161] next_sentence_labels: 1
INFO:tensorflow:*** Example ***
I1024 00:57:24.694669 47824281732160 create_pretraining_data.py:149] *** Example ***
INFO:tensorflow:tokens: [CLS] اليك ##سان ##در كيت ##زب ##يرا ( 19 أكتوبر 1977 بم ##يون ##خ في ألمانيا - [MASK] هو [MASK] [MASK] قدم ألماني في مركز الدفاع . [SEP] [MASK] بولا كوريا ( [MASK] مايو [MASK] بك ##اي ##سر ##سل ##او ##تر ##ن في ألمانيا [MASK] ) هو لاعب كرة قدم ألماني في [MASK] قلب الدفاع . [SEP]
I1024 00:57:24.694838 47824281732160 create_pretraining_data.py:151] tokens: [CLS] اليك ##سان ##در كيت ##زب ##يرا ( 19 أكتوبر 1977 بم ##يون ##خ في ألمانيا - [MASK] هو [MASK] [MASK] قدم ألماني في مركز الدفاع . [SEP] [MASK] بولا كوريا ( [MASK] مايو [MASK] بك ##اي ##سر ##سل ##او ##تر ##ن في ألمانيا [MASK] ) هو لاعب كرة قدم ألماني في [MASK] قلب الدفاع . [SEP]
INFO:tensorflow:input_ids: 2 4230 4838 2099 26261 3818 2940 12 2464 4962 27512 2225 2281 1036 1912 7630 17 4 2139 4 4 3681 25302 1912 3231 4197 18 3 4 9464 7142 12 4 5542 4 2395 2272 2734 3758 22704 2582 1006 1912 7630 4 13 2139 3639 5226 3681 25302 1912 4 2362 4197 18 3 0 0 0 0 0 0 0 0 0 0 0 0 0 0 0 0 0 0 0 0 0 0 0 0 0 0 0 0 0 0 0 0 0 0 0 0 0 0 0 0 0 0 0 0 0 0 0 0 0 0 0 0 0 0 0 0 0 0 0 0 0 0 0 0 0 0 0 0 0 0 0
I1024 00:57:24.695018 47824281732160 create_pretraining_data.py:161] input_ids: 2 4230 4838 2099 26261 3818 2940 12 2464 4962 27512 2225 2281 1036 1912 7630 17 4 2139 4 4 3681 25302 1912 3231 4197 18 3 4 9464 7142 12 4 5542 4 2395 2272 2734 3758 22704 2582 1006 1912 7630 4 13 2139 3639 5226 3681 25302 1912 4 2362 4197 18 3 0 0 0 0 0 0 0 0 0 0 0 0 0 0 0 0 0 0 0 0 0 0 0 0 0 0 0 0 0 0 0 0 0 0 0 0 0 0 0 0 0 0 0 0 0 0 0 0 0 0 0 0 0 0 0 0 0 0 0 0 0 0 0 0 0 0 0 0 0 0 0
INFO:tensorflow:input_mask: 1 1 1 1 1 1 1 1 1 1 1 1 1 1 1 1 1 1 1 1 1 1 1 1 1 1 1 1 1 1 1 1 1 1 1 1 1 1 1 1 1 1 1 1 1 1 1 1 1 1 1 1 1 1 1 1 1 0 0 0 0 0 0 0 0 0 0 0 0 0 0 0 0 0 0 0 0 0 0 0 0 0 0 0 0 0 0 0 0 0 0 0 0 0 0 0 0 0 0 0 0 0 0 0 0 0 0 0 0 0 0 0 0 0 0 0 0 0 0 0 0 0 0 0 0 0 0 0
I1024 00:57:24.695187 47824281732160 create_pretraining_data.py:161] input_mask: 1 1 1 1 1 1 1 1 1 1 1 1 1 1 1 1 1 1 1 1 1 1 1 1 1 1 1 1 1 1 1 1 1 1 1 1 1 1 1 1 1 1 1 1 1 1 1 1 1 1 1 1 1 1 1 1 1 0 0 0 0 0 0 0 0 0 0 0 0 0 0 0 0 0 0 0 0 0 0 0 0 0 0 0 0 0 0 0 0 0 0 0 0 0 0 0 0 0 0 0 0 0 0 0 0 0 0 0 0 0 0 0 0 0 0 0 0 0 0 0 0 0 0 0 0 0 0 0
INFO:tensorflow:segment_ids: 0 0 0 0 0 0 0 0 0 0 0 0 0 0 0 0 0 0 0 0 0 0 0 0 0 0 0 0 1 1 1 1 1 1 1 1 1 1 1 1 1 1 1 1 1 1 1 1 1 1 1 1 1 1 1 1 1 0 0 0 0 0 0 0 0 0 0 0 0 0 0 0 0 0 0 0 0 0 0 0 0 0 0 0 0 0 0 0 0 0 0 0 0 0 0 0 0 0 0 0 0 0 0 0 0 0 0 0 0 0 0 0 0 0 0 0 0 0 0 0 0 0 0 0 0 0 0 0
I1024 00:57:24.695348 47824281732160 create_pretraining_data.py:161] segment_ids: 0 0 0 0 0 0 0 0 0 0 0 0 0 0 0 0 0 0 0 0 0 0 0 0 0 0 0 0 1 1 1 1 1 1 1 1 1 1 1 1 1 1 1 1 1 1 1 1 1 1 1 1 1 1 1 1 1 0 0 0 0 0 0 0 0 0 0 0 0 0 0 0 0 0 0 0 0 0 0 0 0 0 0 0 0 0 0 0 0 0 0 0 0 0 0 0 0 0 0 0 0 0 0 0 0 0 0 0 0 0 0 0 0 0 0 0 0 0 0 0 0 0 0 0 0 0 0 0
INFO:tensorflow:masked_lm_positions: 17 19 20 28 29 32 34 44 52 0 0 0 0 0 0 0 0 0 0 0
I1024 00:57:24.695491 47824281732160 create_pretraining_data.py:161] masked_lm_positions: 17 19 20 28 29 32 34 44 52 0 0 0 0 0 0 0 0 0 0 0
INFO:tensorflow:masked_lm_ids: 13 3639 5226 4887 2027 3367 20611 17 3231 0 0 0 0 0 0 0 0 0 0 0
I1024 00:57:24.695613 47824281732160 create_pretraining_data.py:161] masked_lm_ids: 13 3639 5226 4887 2027 3367 20611 17 3231 0 0 0 0 0 0 0 0 0 0 0
INFO:tensorflow:masked_lm_weights: 1.0 1.0 1.0 1.0 1.0 1.0 1.0 1.0 1.0 0.0 0.0 0.0 0.0 0.0 0.0 0.0 0.0 0.0 0.0 0.0
I1024 00:57:24.695754 47824281732160 create_pretraining_data.py:161] masked_lm_weights: 1.0 1.0 1.0 1.0 1.0 1.0 1.0 1.0 1.0 0.0 0.0 0.0 0.0 0.0 0.0 0.0 0.0 0.0 0.0 0.0
INFO:tensorflow:next_sentence_labels: 1
I1024 00:57:24.695867 47824281732160 create_pretraining_data.py:161] next_sentence_labels: 1
INFO:tensorflow:*** Example ***
I1024 00:57:24.696547 47824281732160 create_pretraining_data.py:149] *** Example ***
INFO:tensorflow:tokens: [CLS] لعب [MASK] PC [MASK] فيلا ولين ##كو ##لن سيتي أف سي و . [SEP] نت ##روح ##لز ##ونا ##وات نت ##روح ##لز ##ونا ##وات هي شعبة من فشل cont وتضم طائفة [MASK] هي نت ##روح ##لز ##ون ##ويات [MASK] تحتوي بدورها على رتب ##ة واحدة هي نت ##روح ##لز ##ونا ##يات وعائ ##لة واحدة [MASK] نت ##روح ##لز ##ونيات والتي تشمل أجن ##اس متعددة [MASK] نت ##روح ##لز ##ونية ، العضو [MASK] في هذه الشعب ##ة تم اكتشاف ##ه في [MASK] 1985 [MASK] النت ##روح ##لز ##ونية البحرية . العضو الثاني [MASK] نت ##روح ##لز ##ونية موسكو ##ية تم اكتشاف ##ها [MASK] عام [MASK] . [SEP]
I1024 00:57:24.696732 47824281732160 create_pretraining_data.py:151] tokens: [CLS] لعب [MASK] PC [MASK] فيلا ولين ##كو ##لن سيتي أف سي و . [SEP] نت ##روح ##لز ##ونا ##وات نت ##روح ##لز ##ونا ##وات هي شعبة من فشل cont وتضم طائفة [MASK] هي نت ##روح ##لز ##ون ##ويات [MASK] تحتوي بدورها على رتب ##ة واحدة هي نت ##روح ##لز ##ونا ##يات وعائ ##لة واحدة [MASK] نت ##روح ##لز ##ونيات والتي تشمل أجن ##اس متعددة [MASK] نت ##روح ##لز ##ونية ، العضو [MASK] في هذه الشعب ##ة تم اكتشاف ##ه في [MASK] 1985 [MASK] النت ##روح ##لز ##ونية البحرية . العضو الثاني [MASK] نت ##روح ##لز ##ونية موسكو ##ية تم اكتشاف ##ها [MASK] عام [MASK] . [SEP]
INFO:tensorflow:input_ids: 2 4046 4 19250 4 14209 23609 2826 1962 7952 3080 2266 415 18 3 2682 3516 2149 3778 2174 2682 3516 2149 3778 2174 2247 10776 1908 9015 16895 21171 19625 4 2247 2682 3516 2149 1922 4318 4 7564 18325 1961 27443 1043 4234 2247 2682 3516 2149 3778 2066 14934 2035 4234 4 2682 3516 2149 10468 3385 9725 19574 2233 9030 4 2682 3516 2149 3419 378 5257 4 1912 2159 3086 1043 2172 10810 1028 1912 4 28787 4 6014 3516 2149 3419 9328 18 5257 2966 4 2682 3516 2149 3419 9876 1910 2172 10810 1913 4 2268 4 18 3 0 0 0 0 0 0 0 0 0 0 0 0 0 0 0 0 0 0 0 0 0
I1024 00:57:24.696923 47824281732160 create_pretraining_data.py:161] input_ids: 2 4046 4 19250 4 14209 23609 2826 1962 7952 3080 2266 415 18 3 2682 3516 2149 3778 2174 2682 3516 2149 3778 2174 2247 10776 1908 9015 16895 21171 19625 4 2247 2682 3516 2149 1922 4318 4 7564 18325 1961 27443 1043 4234 2247 2682 3516 2149 3778 2066 14934 2035 4234 4 2682 3516 2149 10468 3385 9725 19574 2233 9030 4 2682 3516 2149 3419 378 5257 4 1912 2159 3086 1043 2172 10810 1028 1912 4 28787 4 6014 3516 2149 3419 9328 18 5257 2966 4 2682 3516 2149 3419 9876 1910 2172 10810 1913 4 2268 4 18 3 0 0 0 0 0 0 0 0 0 0 0 0 0 0 0 0 0 0 0 0 0
INFO:tensorflow:input_mask: 1 1 1 1 1 1 1 1 1 1 1 1 1 1 1 1 1 1 1 1 1 1 1 1 1 1 1 1 1 1 1 1 1 1 1 1 1 1 1 1 1 1 1 1 1 1 1 1 1 1 1 1 1 1 1 1 1 1 1 1 1 1 1 1 1 1 1 1 1 1 1 1 1 1 1 1 1 1 1 1 1 1 1 1 1 1 1 1 1 1 1 1 1 1 1 1 1 1 1 1 1 1 1 1 1 1 1 0 0 0 0 0 0 0 0 0 0 0 0 0 0 0 0 0 0 0 0 0
I1024 00:57:24.697109 47824281732160 create_pretraining_data.py:161] input_mask: 1 1 1 1 1 1 1 1 1 1 1 1 1 1 1 1 1 1 1 1 1 1 1 1 1 1 1 1 1 1 1 1 1 1 1 1 1 1 1 1 1 1 1 1 1 1 1 1 1 1 1 1 1 1 1 1 1 1 1 1 1 1 1 1 1 1 1 1 1 1 1 1 1 1 1 1 1 1 1 1 1 1 1 1 1 1 1 1 1 1 1 1 1 1 1 1 1 1 1 1 1 1 1 1 1 1 1 0 0 0 0 0 0 0 0 0 0 0 0 0 0 0 0 0 0 0 0 0
INFO:tensorflow:segment_ids: 0 0 0 0 0 0 0 0 0 0 0 0 0 0 0 1 1 1 1 1 1 1 1 1 1 1 1 1 1 1 1 1 1 1 1 1 1 1 1 1 1 1 1 1 1 1 1 1 1 1 1 1 1 1 1 1 1 1 1 1 1 1 1 1 1 1 1 1 1 1 1 1 1 1 1 1 1 1 1 1 1 1 1 1 1 1 1 1 1 1 1 1 1 1 1 1 1 1 1 1 1 1 1 1 1 1 1 0 0 0 0 0 0 0 0 0 0 0 0 0 0 0 0 0 0 0 0 0
I1024 00:57:24.697279 47824281732160 create_pretraining_data.py:161] segment_ids: 0 0 0 0 0 0 0 0 0 0 0 0 0 0 0 1 1 1 1 1 1 1 1 1 1 1 1 1 1 1 1 1 1 1 1 1 1 1 1 1 1 1 1 1 1 1 1 1 1 1 1 1 1 1 1 1 1 1 1 1 1 1 1 1 1 1 1 1 1 1 1 1 1 1 1 1 1 1 1 1 1 1 1 1 1 1 1 1 1 1 1 1 1 1 1 1 1 1 1 1 1 1 1 1 1 1 1 0 0 0 0 0 0 0 0 0 0 0 0 0 0 0 0 0 0 0 0 0
INFO:tensorflow:masked_lm_positions: 2 3 4 26 28 29 32 39 55 65 72 81 83 92 102 104 0 0 0 0
I1024 00:57:24.697404 47824281732160 create_pretraining_data.py:161] masked_lm_positions: 2 3 4 26 28 29 32 39 55 65 72 81 83 92 102 104 0 0 0 0
INFO:tensorflow:masked_lm_ids: 1973 7192 1922 10776 23339 8340 4234 3385 2247 2546 2990 2268 2139 2055 1912 16148 0 0 0 0
I1024 00:57:24.697525 47824281732160 create_pretraining_data.py:161] masked_lm_ids: 1973 7192 1922 10776 23339 8340 4234 3385 2247 2546 2990 2268 2139 2055 1912 16148 0 0 0 0
INFO:tensorflow:masked_lm_weights: 1.0 1.0 1.0 1.0 1.0 1.0 1.0 1.0 1.0 1.0 1.0 1.0 1.0 1.0 1.0 1.0 0.0 0.0 0.0 0.0
I1024 00:57:24.697648 47824281732160 create_pretraining_data.py:161] masked_lm_weights: 1.0 1.0 1.0 1.0 1.0 1.0 1.0 1.0 1.0 1.0 1.0 1.0 1.0 1.0 1.0 1.0 0.0 0.0 0.0 0.0
INFO:tensorflow:next_sentence_labels: 1
I1024 00:57:24.697766 47824281732160 create_pretraining_data.py:161] next_sentence_labels: 1
INFO:tensorflow:*** Example ***
I1024 00:57:24.698463 47824281732160 create_pretraining_data.py:149] *** Example ***
INFO:tensorflow:tokens: [CLS] [MASK] [MASK] حداد رس ##لان حداد ( 10 يونيو 1989 - ) إعلامي وممث ##ل عراقي خري ##ج معهد الفنون الجميلة بغداد إضافة لدر ##است ##ه للإعلام [SEP] قناة [MASK] المح مي ##وزي ##ك [MASK] بعدها في عدة [MASK] كق ##ناة العراقية ، هنا [MASK] ، عر ##اب الرم ##اس [MASK] الفرات ، انطلاق ##ته في التمثيل من خلال [MASK] كانت عام 2012 [MASK] شارك في بطولة الفيلم [MASK] القصير [MASK] [MASK] " مع الممثل ##ين غانم حميد وهنا ##ء محمد ويت ##حدث عن قصة عشق بين مدينة الصدر والأع ##ظم ##ية [MASK] [MASK] الطائفية و عام 2014 في مسلسل " سام ##كو " وكان ضمن أبطال العمل [MASK] [MASK] إليه [MASK] عشرة حلقة رغم إطلا ##لته الأولى إضافة لعمل ##ه كم ##حرر في مجلة مشاهير [SEP]
I1024 00:57:24.698650 47824281732160 create_pretraining_data.py:151] tokens: [CLS] [MASK] [MASK] حداد رس ##لان حداد ( 10 يونيو 1989 - ) إعلامي وممث ##ل عراقي خري ##ج معهد الفنون الجميلة بغداد إضافة لدر ##است ##ه للإعلام [SEP] قناة [MASK] المح مي ##وزي ##ك [MASK] بعدها في عدة [MASK] كق ##ناة العراقية ، هنا [MASK] ، عر ##اب الرم ##اس [MASK] الفرات ، انطلاق ##ته في التمثيل من خلال [MASK] كانت عام 2012 [MASK] شارك في بطولة الفيلم [MASK] القصير [MASK] [MASK] " مع الممثل ##ين غانم حميد وهنا ##ء محمد ويت ##حدث عن قصة عشق بين مدينة الصدر والأع ##ظم ##ية [MASK] [MASK] الطائفية و عام 2014 في مسلسل " سام ##كو " وكان ضمن أبطال العمل [MASK] [MASK] إليه [MASK] عشرة حلقة رغم إطلا ##لته الأولى إضافة لعمل ##ه كم ##حرر في مجلة مشاهير [SEP]
INFO:tensorflow:input_ids: 2 4 4 20085 2452 2429 20085 12 2667 5331 20611 17 13 28263 21540 1010 10175 8188 1041 9586 10370 11434 5602 5532 9112 23562 1028 25680 3 5438 4 2314 2914 7176 1014 4 6331 1912 4412 4 20701 4015 6174 378 2349 4 378 14268 1933 5242 2233 4 20730 378 10831 2076 1912 14890 1908 2317 4 2431 2268 4670 4 5458 1912 5872 7555 4 20463 4 4 6 1973 15771 1911 18087 10295 9377 1053 2202 3398 2577 1955 6967 8918 2117 3255 7115 24679 2771 1910 4 4 16744 415 2268 4296 1912 4383 6 4387 2826 6 2648 3637 10499 2854 4 4 4101 4 5940 3626 3685 24726 3753 3362 5532 15205 1028 2995 23089 1912 7130 17336 3
I1024 00:57:24.698873 47824281732160 create_pretraining_data.py:161] input_ids: 2 4 4 20085 2452 2429 20085 12 2667 5331 20611 17 13 28263 21540 1010 10175 8188 1041 9586 10370 11434 5602 5532 9112 23562 1028 25680 3 5438 4 2314 2914 7176 1014 4 6331 1912 4412 4 20701 4015 6174 378 2349 4 378 14268 1933 5242 2233 4 20730 378 10831 2076 1912 14890 1908 2317 4 2431 2268 4670 4 5458 1912 5872 7555 4 20463 4 4 6 1973 15771 1911 18087 10295 9377 1053 2202 3398 2577 1955 6967 8918 2117 3255 7115 24679 2771 1910 4 4 16744 415 2268 4296 1912 4383 6 4387 2826 6 2648 3637 10499 2854 4 4 4101 4 5940 3626 3685 24726 3753 3362 5532 15205 1028 2995 23089 1912 7130 17336 3
INFO:tensorflow:input_mask: 1 1 1 1 1 1 1 1 1 1 1 1 1 1 1 1 1 1 1 1 1 1 1 1 1 1 1 1 1 1 1 1 1 1 1 1 1 1 1 1 1 1 1 1 1 1 1 1 1 1 1 1 1 1 1 1 1 1 1 1 1 1 1 1 1 1 1 1 1 1 1 1 1 1 1 1 1 1 1 1 1 1 1 1 1 1 1 1 1 1 1 1 1 1 1 1 1 1 1 1 1 1 1 1 1 1 1 1 1 1 1 1 1 1 1 1 1 1 1 1 1 1 1 1 1 1 1 1
I1024 00:57:24.699049 47824281732160 create_pretraining_data.py:161] input_mask: 1 1 1 1 1 1 1 1 1 1 1 1 1 1 1 1 1 1 1 1 1 1 1 1 1 1 1 1 1 1 1 1 1 1 1 1 1 1 1 1 1 1 1 1 1 1 1 1 1 1 1 1 1 1 1 1 1 1 1 1 1 1 1 1 1 1 1 1 1 1 1 1 1 1 1 1 1 1 1 1 1 1 1 1 1 1 1 1 1 1 1 1 1 1 1 1 1 1 1 1 1 1 1 1 1 1 1 1 1 1 1 1 1 1 1 1 1 1 1 1 1 1 1 1 1 1 1 1
INFO:tensorflow:segment_ids: 0 0 0 0 0 0 0 0 0 0 0 0 0 0 0 0 0 0 0 0 0 0 0 0 0 0 0 0 0 1 1 1 1 1 1 1 1 1 1 1 1 1 1 1 1 1 1 1 1 1 1 1 1 1 1 1 1 1 1 1 1 1 1 1 1 1 1 1 1 1 1 1 1 1 1 1 1 1 1 1 1 1 1 1 1 1 1 1 1 1 1 1 1 1 1 1 1 1 1 1 1 1 1 1 1 1 1 1 1 1 1 1 1 1 1 1 1 1 1 1 1 1 1 1 1 1 1 1
I1024 00:57:24.699211 47824281732160 create_pretraining_data.py:161] segment_ids: 0 0 0 0 0 0 0 0 0 0 0 0 0 0 0 0 0 0 0 0 0 0 0 0 0 0 0 0 0 1 1 1 1 1 1 1 1 1 1 1 1 1 1 1 1 1 1 1 1 1 1 1 1 1 1 1 1 1 1 1 1 1 1 1 1 1 1 1 1 1 1 1 1 1 1 1 1 1 1 1 1 1 1 1 1 1 1 1 1 1 1 1 1 1 1 1 1 1 1 1 1 1 1 1 1 1 1 1 1 1 1 1 1 1 1 1 1 1 1 1 1 1 1 1 1 1 1 1
INFO:tensorflow:masked_lm_positions: 1 2 16 30 31 35 39 45 51 60 64 69 71 72 93 94 109 110 112 0
I1024 00:57:24.699337 47824281732160 create_pretraining_data.py:161] masked_lm_positions: 1 2 16 30 31 35 39 45 51 60 64 69 71 72 93 94 109 110 112 0
INFO:tensorflow:masked_lm_ids: 2452 2429 10175 5242 2233 2979 9357 5602 378 6820 2805 4848 6 16111 19142 1035 7842 2196 6854 0
I1024 00:57:24.699456 47824281732160 create_pretraining_data.py:161] masked_lm_ids: 2452 2429 10175 5242 2233 2979 9357 5602 378 6820 2805 4848 6 16111 19142 1035 7842 2196 6854 0
INFO:tensorflow:masked_lm_weights: 1.0 1.0 1.0 1.0 1.0 1.0 1.0 1.0 1.0 1.0 1.0 1.0 1.0 1.0 1.0 1.0 1.0 1.0 1.0 0.0
I1024 00:57:24.699578 47824281732160 create_pretraining_data.py:161] masked_lm_weights: 1.0 1.0 1.0 1.0 1.0 1.0 1.0 1.0 1.0 1.0 1.0 1.0 1.0 1.0 1.0 1.0 1.0 1.0 1.0 0.0
INFO:tensorflow:next_sentence_labels: 0
I1024 00:57:24.699695 47824281732160 create_pretraining_data.py:161] next_sentence_labels: 0
INFO:tensorflow:*** Example ***
I1024 00:57:24.700370 47824281732160 create_pretraining_data.py:149] *** Example ***
INFO:tensorflow:tokens: [CLS] وهي التي [MASK] بالتعاون [MASK] برامج أخرى وتشمل : [SEP] [MASK] [MASK] سو ##تو ##ن ##10 [MASK] سو ##تو ##ن ( 19 يناير 1990 بب ##ريز ##بان في أستراليا [MASK] ) هي لاعب ##ة كرة قدم أسترالي ##ة في مركز الهجوم . لعبت مع آي [MASK] في و و . [SEP]
I1024 00:57:24.700529 47824281732160 create_pretraining_data.py:151] tokens: [CLS] وهي التي [MASK] بالتعاون [MASK] برامج أخرى وتشمل : [SEP] [MASK] [MASK] سو ##تو ##ن ##10 [MASK] سو ##تو ##ن ( 19 يناير 1990 بب ##ريز ##بان في أستراليا [MASK] ) هي لاعب ##ة كرة قدم أسترالي ##ة في مركز الهجوم . لعبت مع آي [MASK] في و و . [SEP]
INFO:tensorflow:input_ids: 2 2843 2061 4 8657 4 2997 3286 12058 30 3 4 4 12374 6975 1006 4571 4 12374 6975 1006 12 2464 4437 17510 3827 17565 8070 1912 12085 4 13 2247 3639 1043 5226 3681 19595 1043 1912 3231 8176 18 25556 1973 14667 4 1912 415 415 18 3 0 0 0 0 0 0 0 0 0 0 0 0 0 0 0 0 0 0 0 0 0 0 0 0 0 0 0 0 0 0 0 0 0 0 0 0 0 0 0 0 0 0 0 0 0 0 0 0 0 0 0 0 0 0 0 0 0 0 0 0 0 0 0 0 0 0 0 0 0 0 0 0 0 0 0 0
I1024 00:57:24.700714 47824281732160 create_pretraining_data.py:161] input_ids: 2 2843 2061 4 8657 4 2997 3286 12058 30 3 4 4 12374 6975 1006 4571 4 12374 6975 1006 12 2464 4437 17510 3827 17565 8070 1912 12085 4 13 2247 3639 1043 5226 3681 19595 1043 1912 3231 8176 18 25556 1973 14667 4 1912 415 415 18 3 0 0 0 0 0 0 0 0 0 0 0 0 0 0 0 0 0 0 0 0 0 0 0 0 0 0 0 0 0 0 0 0 0 0 0 0 0 0 0 0 0 0 0 0 0 0 0 0 0 0 0 0 0 0 0 0 0 0 0 0 0 0 0 0 0 0 0 0 0 0 0 0 0 0 0 0
INFO:tensorflow:input_mask: 1 1 1 1 1 1 1 1 1 1 1 1 1 1 1 1 1 1 1 1 1 1 1 1 1 1 1 1 1 1 1 1 1 1 1 1 1 1 1 1 1 1 1 1 1 1 1 1 1 1 1 1 0 0 0 0 0 0 0 0 0 0 0 0 0 0 0 0 0 0 0 0 0 0 0 0 0 0 0 0 0 0 0 0 0 0 0 0 0 0 0 0 0 0 0 0 0 0 0 0 0 0 0 0 0 0 0 0 0 0 0 0 0 0 0 0 0 0 0 0 0 0 0 0 0 0 0 0
I1024 00:57:24.700883 47824281732160 create_pretraining_data.py:161] input_mask: 1 1 1 1 1 1 1 1 1 1 1 1 1 1 1 1 1 1 1 1 1 1 1 1 1 1 1 1 1 1 1 1 1 1 1 1 1 1 1 1 1 1 1 1 1 1 1 1 1 1 1 1 0 0 0 0 0 0 0 0 0 0 0 0 0 0 0 0 0 0 0 0 0 0 0 0 0 0 0 0 0 0 0 0 0 0 0 0 0 0 0 0 0 0 0 0 0 0 0 0 0 0 0 0 0 0 0 0 0 0 0 0 0 0 0 0 0 0 0 0 0 0 0 0 0 0 0 0
INFO:tensorflow:segment_ids: 0 0 0 0 0 0 0 0 0 0 0 1 1 1 1 1 1 1 1 1 1 1 1 1 1 1 1 1 1 1 1 1 1 1 1 1 1 1 1 1 1 1 1 1 1 1 1 1 1 1 1 1 0 0 0 0 0 0 0 0 0 0 0 0 0 0 0 0 0 0 0 0 0 0 0 0 0 0 0 0 0 0 0 0 0 0 0 0 0 0 0 0 0 0 0 0 0 0 0 0 0 0 0 0 0 0 0 0 0 0 0 0 0 0 0 0 0 0 0 0 0 0 0 0 0 0 0 0
I1024 00:57:24.701045 47824281732160 create_pretraining_data.py:161] segment_ids: 0 0 0 0 0 0 0 0 0 0 0 1 1 1 1 1 1 1 1 1 1 1 1 1 1 1 1 1 1 1 1 1 1 1 1 1 1 1 1 1 1 1 1 1 1 1 1 1 1 1 1 1 0 0 0 0 0 0 0 0 0 0 0 0 0 0 0 0 0 0 0 0 0 0 0 0 0 0 0 0 0 0 0 0 0 0 0 0 0 0 0 0 0 0 0 0 0 0 0 0 0 0 0 0 0 0 0 0 0 0 0 0 0 0 0 0 0 0 0 0 0 0 0 0 0 0 0 0
INFO:tensorflow:masked_lm_positions: 3 5 11 12 16 17 30 46 0 0 0 0 0 0 0 0 0 0 0 0
I1024 00:57:24.701170 47824281732160 create_pretraining_data.py:161] masked_lm_positions: 3 5 11 12 16 17 30 46 0 0 0 0 0 0 0 0 0 0 0 0
INFO:tensorflow:masked_lm_ids: 5346 1973 9555 1013 9555 1013 17 2260 0 0 0 0 0 0 0 0 0 0 0 0
I1024 00:57:24.701289 47824281732160 create_pretraining_data.py:161] masked_lm_ids: 5346 1973 9555 1013 9555 1013 17 2260 0 0 0 0 0 0 0 0 0 0 0 0
INFO:tensorflow:masked_lm_weights: 1.0 1.0 1.0 1.0 1.0 1.0 1.0 1.0 0.0 0.0 0.0 0.0 0.0 0.0 0.0 0.0 0.0 0.0 0.0 0.0
I1024 00:57:24.701411 47824281732160 create_pretraining_data.py:161] masked_lm_weights: 1.0 1.0 1.0 1.0 1.0 1.0 1.0 1.0 0.0 0.0 0.0 0.0 0.0 0.0 0.0 0.0 0.0 0.0 0.0 0.0
INFO:tensorflow:next_sentence_labels: 1
I1024 00:57:24.701522 47824281732160 create_pretraining_data.py:161] next_sentence_labels: 1
INFO:tensorflow:*** Example ***
I1024 00:57:24.702196 47824281732160 create_pretraining_data.py:149] *** Example ***
INFO:tensorflow:tokens: [CLS] سوز ##ان باي [SEP] سوز ##ان [MASK] هي [MASK] أه وممث ##لة أمريكية ، ولدت في 16 مارس 19 ##43 بلو ##س أنج ##لوس في الولايات [MASK] . [SEP]
I1024 00:57:24.702358 47824281732160 create_pretraining_data.py:151] tokens: [CLS] سوز ##ان باي [SEP] سوز ##ان [MASK] هي [MASK] أه وممث ##لة أمريكية ، ولدت في 16 مارس 19 ##43 بلو ##س أنج ##لوس في الولايات [MASK] . [SEP]
INFO:tensorflow:input_ids: 2 18742 1906 6729 3 18742 1906 4 2247 4 5786 21540 2035 17969 378 17665 1912 3367 4887 2464 15912 7214 1033 16876 6370 1912 3233 4 18 3 0 0 0 0 0 0 0 0 0 0 0 0 0 0 0 0 0 0 0 0 0 0 0 0 0 0 0 0 0 0 0 0 0 0 0 0 0 0 0 0 0 0 0 0 0 0 0 0 0 0 0 0 0 0 0 0 0 0 0 0 0 0 0 0 0 0 0 0 0 0 0 0 0 0 0 0 0 0 0 0 0 0 0 0 0 0 0 0 0 0 0 0 0 0 0 0 0 0
I1024 00:57:24.702538 47824281732160 create_pretraining_data.py:161] input_ids: 2 18742 1906 6729 3 18742 1906 4 2247 4 5786 21540 2035 17969 378 17665 1912 3367 4887 2464 15912 7214 1033 16876 6370 1912 3233 4 18 3 0 0 0 0 0 0 0 0 0 0 0 0 0 0 0 0 0 0 0 0 0 0 0 0 0 0 0 0 0 0 0 0 0 0 0 0 0 0 0 0 0 0 0 0 0 0 0 0 0 0 0 0 0 0 0 0 0 0 0 0 0 0 0 0 0 0 0 0 0 0 0 0 0 0 0 0 0 0 0 0 0 0 0 0 0 0 0 0 0 0 0 0 0 0 0 0 0 0
INFO:tensorflow:input_mask: 1 1 1 1 1 1 1 1 1 1 1 1 1 1 1 1 1 1 1 1 1 1 1 1 1 1 1 1 1 1 0 0 0 0 0 0 0 0 0 0 0 0 0 0 0 0 0 0 0 0 0 0 0 0 0 0 0 0 0 0 0 0 0 0 0 0 0 0 0 0 0 0 0 0 0 0 0 0 0 0 0 0 0 0 0 0 0 0 0 0 0 0 0 0 0 0 0 0 0 0 0 0 0 0 0 0 0 0 0 0 0 0 0 0 0 0 0 0 0 0 0 0 0 0 0 0 0 0
I1024 00:57:24.702712 47824281732160 create_pretraining_data.py:161] input_mask: 1 1 1 1 1 1 1 1 1 1 1 1 1 1 1 1 1 1 1 1 1 1 1 1 1 1 1 1 1 1 0 0 0 0 0 0 0 0 0 0 0 0 0 0 0 0 0 0 0 0 0 0 0 0 0 0 0 0 0 0 0 0 0 0 0 0 0 0 0 0 0 0 0 0 0 0 0 0 0 0 0 0 0 0 0 0 0 0 0 0 0 0 0 0 0 0 0 0 0 0 0 0 0 0 0 0 0 0 0 0 0 0 0 0 0 0 0 0 0 0 0 0 0 0 0 0 0 0
INFO:tensorflow:segment_ids: 0 0 0 0 0 1 1 1 1 1 1 1 1 1 1 1 1 1 1 1 1 1 1 1 1 1 1 1 1 1 0 0 0 0 0 0 0 0 0 0 0 0 0 0 0 0 0 0 0 0 0 0 0 0 0 0 0 0 0 0 0 0 0 0 0 0 0 0 0 0 0 0 0 0 0 0 0 0 0 0 0 0 0 0 0 0 0 0 0 0 0 0 0 0 0 0 0 0 0 0 0 0 0 0 0 0 0 0 0 0 0 0 0 0 0 0 0 0 0 0 0 0 0 0 0 0 0 0
I1024 00:57:24.702877 47824281732160 create_pretraining_data.py:161] segment_ids: 0 0 0 0 0 1 1 1 1 1 1 1 1 1 1 1 1 1 1 1 1 1 1 1 1 1 1 1 1 1 0 0 0 0 0 0 0 0 0 0 0 0 0 0 0 0 0 0 0 0 0 0 0 0 0 0 0 0 0 0 0 0 0 0 0 0 0 0 0 0 0 0 0 0 0 0 0 0 0 0 0 0 0 0 0 0 0 0 0 0 0 0 0 0 0 0 0 0 0 0 0 0 0 0 0 0 0 0 0 0 0 0 0 0 0 0 0 0 0 0 0 0 0 0 0 0 0 0
INFO:tensorflow:masked_lm_positions: 7 9 10 27 0 0 0 0 0 0 0 0 0 0 0 0 0 0 0 0
I1024 00:57:24.703004 47824281732160 create_pretraining_data.py:161] masked_lm_positions: 7 9 10 27 0 0 0 0 0 0 0 0 0 0 0 0 0 0 0 0
INFO:tensorflow:masked_lm_ids: 6729 23261 1043 2687 0 0 0 0 0 0 0 0 0 0 0 0 0 0 0 0
I1024 00:57:24.703125 47824281732160 create_pretraining_data.py:161] masked_lm_ids: 6729 23261 1043 2687 0 0 0 0 0 0 0 0 0 0 0 0 0 0 0 0
INFO:tensorflow:masked_lm_weights: 1.0 1.0 1.0 1.0 0.0 0.0 0.0 0.0 0.0 0.0 0.0 0.0 0.0 0.0 0.0 0.0 0.0 0.0 0.0 0.0
I1024 00:57:24.703247 47824281732160 create_pretraining_data.py:161] masked_lm_weights: 1.0 1.0 1.0 1.0 0.0 0.0 0.0 0.0 0.0 0.0 0.0 0.0 0.0 0.0 0.0 0.0 0.0 0.0 0.0 0.0
INFO:tensorflow:next_sentence_labels: 0
I1024 00:57:24.703360 47824281732160 create_pretraining_data.py:161] next_sentence_labels: 0
INFO:tensorflow:*** Example ***
I1024 00:57:24.704045 47824281732160 create_pretraining_data.py:149] *** Example ***
INFO:tensorflow:tokens: [CLS] يو ##افير ##ات [SEP] يو ##افير ##ات قرية تقع إد ##اريا [MASK] في [MASK] [MASK] ويبلغ عدد سكانها 65 ##8 [MASK] حسب تعداد [MASK] مارس 2015 [MASK] تعتمد يو ##افير ##ات للبر ##يد على الرمز البريد ##ي 53 ##34 . [SEP]
I1024 00:57:24.704200 47824281732160 create_pretraining_data.py:151] tokens: [CLS] يو ##افير ##ات [SEP] يو ##افير ##ات قرية تقع إد ##اريا [MASK] في [MASK] [MASK] ويبلغ عدد سكانها 65 ##8 [MASK] حسب تعداد [MASK] مارس 2015 [MASK] تعتمد يو ##افير ##ات للبر ##يد على الرمز البريد ##ي 53 ##34 . [SEP]
INFO:tensorflow:input_ids: 2 2724 21108 1904 3 2724 21108 1904 5803 7595 4241 9748 4 1912 4 4 22206 2548 15813 9716 1018 4 3650 19924 4 4887 3488 4 10620 2724 21108 1904 13479 1983 1961 22491 7111 1013 10871 7461 18 3 0 0 0 0 0 0 0 0 0 0 0 0 0 0 0 0 0 0 0 0 0 0 0 0 0 0 0 0 0 0 0 0 0 0 0 0 0 0 0 0 0 0 0 0 0 0 0 0 0 0 0 0 0 0 0 0 0 0 0 0 0 0 0 0 0 0 0 0 0 0 0 0 0 0 0 0 0 0 0 0 0 0 0 0 0 0
I1024 00:57:24.704393 47824281732160 create_pretraining_data.py:161] input_ids: 2 2724 21108 1904 3 2724 21108 1904 5803 7595 4241 9748 4 1912 4 4 22206 2548 15813 9716 1018 4 3650 19924 4 4887 3488 4 10620 2724 21108 1904 13479 1983 1961 22491 7111 1013 10871 7461 18 3 0 0 0 0 0 0 0 0 0 0 0 0 0 0 0 0 0 0 0 0 0 0 0 0 0 0 0 0 0 0 0 0 0 0 0 0 0 0 0 0 0 0 0 0 0 0 0 0 0 0 0 0 0 0 0 0 0 0 0 0 0 0 0 0 0 0 0 0 0 0 0 0 0 0 0 0 0 0 0 0 0 0 0 0 0 0
INFO:tensorflow:input_mask: 1 1 1 1 1 1 1 1 1 1 1 1 1 1 1 1 1 1 1 1 1 1 1 1 1 1 1 1 1 1 1 1 1 1 1 1 1 1 1 1 1 1 0 0 0 0 0 0 0 0 0 0 0 0 0 0 0 0 0 0 0 0 0 0 0 0 0 0 0 0 0 0 0 0 0 0 0 0 0 0 0 0 0 0 0 0 0 0 0 0 0 0 0 0 0 0 0 0 0 0 0 0 0 0 0 0 0 0 0 0 0 0 0 0 0 0 0 0 0 0 0 0 0 0 0 0 0 0
I1024 00:57:24.704561 47824281732160 create_pretraining_data.py:161] input_mask: 1 1 1 1 1 1 1 1 1 1 1 1 1 1 1 1 1 1 1 1 1 1 1 1 1 1 1 1 1 1 1 1 1 1 1 1 1 1 1 1 1 1 0 0 0 0 0 0 0 0 0 0 0 0 0 0 0 0 0 0 0 0 0 0 0 0 0 0 0 0 0 0 0 0 0 0 0 0 0 0 0 0 0 0 0 0 0 0 0 0 0 0 0 0 0 0 0 0 0 0 0 0 0 0 0 0 0 0 0 0 0 0 0 0 0 0 0 0 0 0 0 0 0 0 0 0 0 0
INFO:tensorflow:segment_ids: 0 0 0 0 0 1 1 1 1 1 1 1 1 1 1 1 1 1 1 1 1 1 1 1 1 1 1 1 1 1 1 1 1 1 1 1 1 1 1 1 1 1 0 0 0 0 0 0 0 0 0 0 0 0 0 0 0 0 0 0 0 0 0 0 0 0 0 0 0 0 0 0 0 0 0 0 0 0 0 0 0 0 0 0 0 0 0 0 0 0 0 0 0 0 0 0 0 0 0 0 0 0 0 0 0 0 0 0 0 0 0 0 0 0 0 0 0 0 0 0 0 0 0 0 0 0 0 0
I1024 00:57:24.704732 47824281732160 create_pretraining_data.py:161] segment_ids: 0 0 0 0 0 1 1 1 1 1 1 1 1 1 1 1 1 1 1 1 1 1 1 1 1 1 1 1 1 1 1 1 1 1 1 1 1 1 1 1 1 1 0 0 0 0 0 0 0 0 0 0 0 0 0 0 0 0 0 0 0 0 0 0 0 0 0 0 0 0 0 0 0 0 0 0 0 0 0 0 0 0 0 0 0 0 0 0 0 0 0 0 0 0 0 0 0 0 0 0 0 0 0 0 0 0 0 0 0 0 0 0 0 0 0 0 0 0 0 0 0 0 0 0 0 0 0 0
INFO:tensorflow:masked_lm_positions: 12 14 15 21 24 27 0 0 0 0 0 0 0 0 0 0 0 0 0 0
I1024 00:57:24.704862 47824281732160 create_pretraining_data.py:161] masked_lm_positions: 12 14 15 21 24 27 0 0 0 0 0 0 0 0 0 0 0 0 0 0
INFO:tensorflow:masked_lm_ids: 3637 24520 18 12638 2986 18 0 0 0 0 0 0 0 0 0 0 0 0 0 0
I1024 00:57:24.704982 47824281732160 create_pretraining_data.py:161] masked_lm_ids: 3637 24520 18 12638 2986 18 0 0 0 0 0 0 0 0 0 0 0 0 0 0
INFO:tensorflow:masked_lm_weights: 1.0 1.0 1.0 1.0 1.0 1.0 0.0 0.0 0.0 0.0 0.0 0.0 0.0 0.0 0.0 0.0 0.0 0.0 0.0 0.0
I1024 00:57:24.705104 47824281732160 create_pretraining_data.py:161] masked_lm_weights: 1.0 1.0 1.0 1.0 1.0 1.0 0.0 0.0 0.0 0.0 0.0 0.0 0.0 0.0 0.0 0.0 0.0 0.0 0.0 0.0
INFO:tensorflow:next_sentence_labels: 0
I1024 00:57:24.705216 47824281732160 create_pretraining_data.py:161] next_sentence_labels: 0
INFO:tensorflow:*** Example ***
I1024 00:57:24.705917 47824281732160 create_pretraining_data.py:149] *** Example ***
INFO:tensorflow:tokens: [CLS] وعندما تأتي الطيور الأخرى لسر ##قة الأع ##شا ##ش ، فإن زعماء [MASK] [MASK] سيد ##افع ##ون بشكل تعاون ##ي عن المستع ##مرة من خلال مهاجمة الغز [MASK] . [SEP] لويس ميل ##ن لويس ميل ##ن ( [MASK] أبريل 1994 بإد ##نب ##رة في المملكة المتحدة - ) هو لاعب كرة بانور بريطاني في مركز [MASK] . لعب [MASK] . [SEP]
I1024 00:57:24.706083 47824281732160 create_pretraining_data.py:151] tokens: [CLS] وعندما تأتي الطيور الأخرى لسر ##قة الأع ##شا ##ش ، فإن زعماء [MASK] [MASK] سيد ##افع ##ون بشكل تعاون ##ي عن المستع ##مرة من خلال مهاجمة الغز [MASK] . [SEP] لويس ميل ##ن لويس ميل ##ن ( [MASK] أبريل 1994 بإد ##نب ##رة في المملكة المتحدة - ) هو لاعب كرة بانور بريطاني في مركز [MASK] . لعب [MASK] . [SEP]
INFO:tensorflow:input_ids: 2 7549 9453 8897 4700 23278 2059 4429 3786 1034 378 3027 19288 4 4 3708 4277 1922 2969 10767 1013 1955 26580 5263 1908 2317 20002 11830 4 18 3 13612 14843 1006 13612 14843 1006 12 4 6476 15677 22097 3759 2037 1912 3835 2687 17 13 2139 3639 5226 16082 21683 1912 3231 4 18 4046 4 18 3 0 0 0 0 0 0 0 0 0 0 0 0 0 0 0 0 0 0 0 0 0 0 0 0 0 0 0 0 0 0 0 0 0 0 0 0 0 0 0 0 0 0 0 0 0 0 0 0 0 0 0 0 0 0 0 0 0 0 0 0 0 0 0 0 0 0
I1024 00:57:24.706284 47824281732160 create_pretraining_data.py:161] input_ids: 2 7549 9453 8897 4700 23278 2059 4429 3786 1034 378 3027 19288 4 4 3708 4277 1922 2969 10767 1013 1955 26580 5263 1908 2317 20002 11830 4 18 3 13612 14843 1006 13612 14843 1006 12 4 6476 15677 22097 3759 2037 1912 3835 2687 17 13 2139 3639 5226 16082 21683 1912 3231 4 18 4046 4 18 3 0 0 0 0 0 0 0 0 0 0 0 0 0 0 0 0 0 0 0 0 0 0 0 0 0 0 0 0 0 0 0 0 0 0 0 0 0 0 0 0 0 0 0 0 0 0 0 0 0 0 0 0 0 0 0 0 0 0 0 0 0 0 0 0 0 0
INFO:tensorflow:input_mask: 1 1 1 1 1 1 1 1 1 1 1 1 1 1 1 1 1 1 1 1 1 1 1 1 1 1 1 1 1 1 1 1 1 1 1 1 1 1 1 1 1 1 1 1 1 1 1 1 1 1 1 1 1 1 1 1 1 1 1 1 1 1 0 0 0 0 0 0 0 0 0 0 0 0 0 0 0 0 0 0 0 0 0 0 0 0 0 0 0 0 0 0 0 0 0 0 0 0 0 0 0 0 0 0 0 0 0 0 0 0 0 0 0 0 0 0 0 0 0 0 0 0 0 0 0 0 0 0
I1024 00:57:24.706460 47824281732160 create_pretraining_data.py:161] input_mask: 1 1 1 1 1 1 1 1 1 1 1 1 1 1 1 1 1 1 1 1 1 1 1 1 1 1 1 1 1 1 1 1 1 1 1 1 1 1 1 1 1 1 1 1 1 1 1 1 1 1 1 1 1 1 1 1 1 1 1 1 1 1 0 0 0 0 0 0 0 0 0 0 0 0 0 0 0 0 0 0 0 0 0 0 0 0 0 0 0 0 0 0 0 0 0 0 0 0 0 0 0 0 0 0 0 0 0 0 0 0 0 0 0 0 0 0 0 0 0 0 0 0 0 0 0 0 0 0
INFO:tensorflow:segment_ids: 0 0 0 0 0 0 0 0 0 0 0 0 0 0 0 0 0 0 0 0 0 0 0 0 0 0 0 0 0 0 0 1 1 1 1 1 1 1 1 1 1 1 1 1 1 1 1 1 1 1 1 1 1 1 1 1 1 1 1 1 1 1 0 0 0 0 0 0 0 0 0 0 0 0 0 0 0 0 0 0 0 0 0 0 0 0 0 0 0 0 0 0 0 0 0 0 0 0 0 0 0 0 0 0 0 0 0 0 0 0 0 0 0 0 0 0 0 0 0 0 0 0 0 0 0 0 0 0
I1024 00:57:24.706624 47824281732160 create_pretraining_data.py:161] segment_ids: 0 0 0 0 0 0 0 0 0 0 0 0 0 0 0 0 0 0 0 0 0 0 0 0 0 0 0 0 0 0 0 1 1 1 1 1 1 1 1 1 1 1 1 1 1 1 1 1 1 1 1 1 1 1 1 1 1 1 1 1 1 1 0 0 0 0 0 0 0 0 0 0 0 0 0 0 0 0 0 0 0 0 0 0 0 0 0 0 0 0 0 0 0 0 0 0 0 0 0 0 0 0 0 0 0 0 0 0 0 0 0 0 0 0 0 0 0 0 0 0 0 0 0 0 0 0 0 0
INFO:tensorflow:masked_lm_positions: 13 14 27 28 38 44 52 56 59 0 0 0 0 0 0 0 0 0 0 0
I1024 00:57:24.706759 47824281732160 create_pretraining_data.py:161] masked_lm_positions: 13 14 27 28 38 44 52 56 59 0 0 0 0 0 0 0 0 0 0 0
INFO:tensorflow:masked_lm_ids: 26580 5263 11830 3007 4547 1912 3681 5889 1973 0 0 0 0 0 0 0 0 0 0 0
I1024 00:57:24.706879 47824281732160 create_pretraining_data.py:161] masked_lm_ids: 26580 5263 11830 3007 4547 1912 3681 5889 1973 0 0 0 0 0 0 0 0 0 0 0
INFO:tensorflow:masked_lm_weights: 1.0 1.0 1.0 1.0 1.0 1.0 1.0 1.0 1.0 0.0 0.0 0.0 0.0 0.0 0.0 0.0 0.0 0.0 0.0 0.0
I1024 00:57:24.707002 47824281732160 create_pretraining_data.py:161] masked_lm_weights: 1.0 1.0 1.0 1.0 1.0 1.0 1.0 1.0 1.0 0.0 0.0 0.0 0.0 0.0 0.0 0.0 0.0 0.0 0.0 0.0
INFO:tensorflow:next_sentence_labels: 1
I1024 00:57:24.707114 47824281732160 create_pretraining_data.py:161] next_sentence_labels: 1
INFO:tensorflow:*** Example ***
I1024 00:57:24.707812 47824281732160 create_pretraining_data.py:149] *** Example ***
INFO:tensorflow:tokens: [CLS] كان قصر تيم ##ونيو ##م الأصلي عبارة عن قصر بنا ##ه مارك ##وس أنط ##ونيو ##س على جزيرة أنت ##يرو ##دو ##س [MASK] [MASK] [MASK] بمصر القديمة [MASK] [MASK] انتح ##ر أنط ##ونيو ##س في قصر ##ه بعدما وصلت ##ه أخبار زا ##ئ ##فة عن انتح ##ار كلي ##وبات ##را [MASK] [SEP] [MASK] مدينة طوكيو هي جامعة ، ومعه ##د [MASK] ، تأسست في 19 ##29 ، [MASK] [MASK] . [SEP]
I1024 00:57:24.707978 47824281732160 create_pretraining_data.py:151] tokens: [CLS] كان قصر تيم ##ونيو ##م الأصلي عبارة عن قصر بنا ##ه مارك ##وس أنط ##ونيو ##س على جزيرة أنت ##يرو ##دو ##س [MASK] [MASK] [MASK] بمصر القديمة [MASK] [MASK] انتح ##ر أنط ##ونيو ##س في قصر ##ه بعدما وصلت ##ه أخبار زا ##ئ ##فة عن انتح ##ار كلي ##وبات ##را [MASK] [SEP] [MASK] مدينة طوكيو هي جامعة ، ومعه ##د [MASK] ، تأسست في 19 ##29 ، [MASK] [MASK] . [SEP]
INFO:tensorflow:input_ids: 2 2055 6449 10023 5031 1015 12824 7627 1955 6449 3122 1028 6108 2109 18597 5031 1033 1961 9571 4374 7929 8412 1033 4 4 4 12948 7373 4 4 13401 1017 18597 5031 1033 1912 6449 1028 6127 6242 1028 3584 19448 1042 2539 1955 13401 1909 5916 4731 1925 4 3 4 3255 23347 2247 4175 378 19484 1016 4 378 16436 1912 2464 9080 378 4 4 18 3 0 0 0 0 0 0 0 0 0 0 0 0 0 0 0 0 0 0 0 0 0 0 0 0 0 0 0 0 0 0 0 0 0 0 0 0 0 0 0 0 0 0 0 0 0 0 0 0 0 0 0 0 0 0 0 0
I1024 00:57:24.708181 47824281732160 create_pretraining_data.py:161] input_ids: 2 2055 6449 10023 5031 1015 12824 7627 1955 6449 3122 1028 6108 2109 18597 5031 1033 1961 9571 4374 7929 8412 1033 4 4 4 12948 7373 4 4 13401 1017 18597 5031 1033 1912 6449 1028 6127 6242 1028 3584 19448 1042 2539 1955 13401 1909 5916 4731 1925 4 3 4 3255 23347 2247 4175 378 19484 1016 4 378 16436 1912 2464 9080 378 4 4 18 3 0 0 0 0 0 0 0 0 0 0 0 0 0 0 0 0 0 0 0 0 0 0 0 0 0 0 0 0 0 0 0 0 0 0 0 0 0 0 0 0 0 0 0 0 0 0 0 0 0 0 0 0 0 0 0 0
INFO:tensorflow:input_mask: 1 1 1 1 1 1 1 1 1 1 1 1 1 1 1 1 1 1 1 1 1 1 1 1 1 1 1 1 1 1 1 1 1 1 1 1 1 1 1 1 1 1 1 1 1 1 1 1 1 1 1 1 1 1 1 1 1 1 1 1 1 1 1 1 1 1 1 1 1 1 1 1 0 0 0 0 0 0 0 0 0 0 0 0 0 0 0 0 0 0 0 0 0 0 0 0 0 0 0 0 0 0 0 0 0 0 0 0 0 0 0 0 0 0 0 0 0 0 0 0 0 0 0 0 0 0 0 0
I1024 00:57:24.708355 47824281732160 create_pretraining_data.py:161] input_mask: 1 1 1 1 1 1 1 1 1 1 1 1 1 1 1 1 1 1 1 1 1 1 1 1 1 1 1 1 1 1 1 1 1 1 1 1 1 1 1 1 1 1 1 1 1 1 1 1 1 1 1 1 1 1 1 1 1 1 1 1 1 1 1 1 1 1 1 1 1 1 1 1 0 0 0 0 0 0 0 0 0 0 0 0 0 0 0 0 0 0 0 0 0 0 0 0 0 0 0 0 0 0 0 0 0 0 0 0 0 0 0 0 0 0 0 0 0 0 0 0 0 0 0 0 0 0 0 0
INFO:tensorflow:segment_ids: 0 0 0 0 0 0 0 0 0 0 0 0 0 0 0 0 0 0 0 0 0 0 0 0 0 0 0 0 0 0 0 0 0 0 0 0 0 0 0 0 0 0 0 0 0 0 0 0 0 0 0 0 0 1 1 1 1 1 1 1 1 1 1 1 1 1 1 1 1 1 1 1 0 0 0 0 0 0 0 0 0 0 0 0 0 0 0 0 0 0 0 0 0 0 0 0 0 0 0 0 0 0 0 0 0 0 0 0 0 0 0 0 0 0 0 0 0 0 0 0 0 0 0 0 0 0 0 0
I1024 00:57:24.708519 47824281732160 create_pretraining_data.py:161] segment_ids: 0 0 0 0 0 0 0 0 0 0 0 0 0 0 0 0 0 0 0 0 0 0 0 0 0 0 0 0 0 0 0 0 0 0 0 0 0 0 0 0 0 0 0 0 0 0 0 0 0 0 0 0 0 1 1 1 1 1 1 1 1 1 1 1 1 1 1 1 1 1 1 1 0 0 0 0 0 0 0 0 0 0 0 0 0 0 0 0 0 0 0 0 0 0 0 0 0 0 0 0 0 0 0 0 0 0 0 0 0 0 0 0 0 0 0 0 0 0 0 0 0 0 0 0 0 0 0 0
INFO:tensorflow:masked_lm_positions: 23 24 25 28 29 51 53 61 63 68 69 0 0 0 0 0 0 0 0 0
I1024 00:57:24.708644 47824281732160 create_pretraining_data.py:161] masked_lm_positions: 23 24 25 28 29 51 53 61 63 68 69 0 0 0 0 0 0 0 0 0
INFO:tensorflow:masked_lm_ids: 1912 12879 12588 18 2585 18 4175 16149 16436 1912 7848 0 0 0 0 0 0 0 0 0
I1024 00:57:24.708772 47824281732160 create_pretraining_data.py:161] masked_lm_ids: 1912 12879 12588 18 2585 18 4175 16149 16436 1912 7848 0 0 0 0 0 0 0 0 0
INFO:tensorflow:masked_lm_weights: 1.0 1.0 1.0 1.0 1.0 1.0 1.0 1.0 1.0 1.0 1.0 0.0 0.0 0.0 0.0 0.0 0.0 0.0 0.0 0.0
I1024 00:57:24.708895 47824281732160 create_pretraining_data.py:161] masked_lm_weights: 1.0 1.0 1.0 1.0 1.0 1.0 1.0 1.0 1.0 1.0 1.0 0.0 0.0 0.0 0.0 0.0 0.0 0.0 0.0 0.0
INFO:tensorflow:next_sentence_labels: 1
I1024 00:57:24.709006 47824281732160 create_pretraining_data.py:161] next_sentence_labels: 1
INFO:tensorflow:*** Example ***
I1024 00:57:24.709678 47824281732160 create_pretraining_data.py:149] *** Example ***
INFO:tensorflow:tokens: [CLS] فيكتور منس ##اه [SEP] فيكتور [MASK] ##اه ( 25 ديسمبر 1985 في غانا - موال هو تميم [MASK] قدم غان ##ي في مركز [MASK] . لعب مع نادي بور ##يرا ##م يونايتد و و . [SEP]
I1024 00:57:24.709831 47824281732160 create_pretraining_data.py:151] tokens: [CLS] فيكتور منس ##اه [SEP] فيكتور [MASK] ##اه ( 25 ديسمبر 1985 في غانا - موال هو تميم [MASK] قدم غان ##ي في مركز [MASK] . لعب مع نادي بور ##يرا ##م يونايتد و و . [SEP]
INFO:tensorflow:input_ids: 2 22872 9049 2030 3 22872 4 2030 12 3525 4843 28787 1912 22881 17 9047 2139 14781 4 3681 9034 1013 1912 3231 4 18 4046 1973 3557 4362 2940 1015 10995 415 415 18 3 0 0 0 0 0 0 0 0 0 0 0 0 0 0 0 0 0 0 0 0 0 0 0 0 0 0 0 0 0 0 0 0 0 0 0 0 0 0 0 0 0 0 0 0 0 0 0 0 0 0 0 0 0 0 0 0 0 0 0 0 0 0 0 0 0 0 0 0 0 0 0 0 0 0 0 0 0 0 0 0 0 0 0 0 0 0 0 0 0 0 0
I1024 00:57:24.710024 47824281732160 create_pretraining_data.py:161] input_ids: 2 22872 9049 2030 3 22872 4 2030 12 3525 4843 28787 1912 22881 17 9047 2139 14781 4 3681 9034 1013 1912 3231 4 18 4046 1973 3557 4362 2940 1015 10995 415 415 18 3 0 0 0 0 0 0 0 0 0 0 0 0 0 0 0 0 0 0 0 0 0 0 0 0 0 0 0 0 0 0 0 0 0 0 0 0 0 0 0 0 0 0 0 0 0 0 0 0 0 0 0 0 0 0 0 0 0 0 0 0 0 0 0 0 0 0 0 0 0 0 0 0 0 0 0 0 0 0 0 0 0 0 0 0 0 0 0 0 0 0 0
INFO:tensorflow:input_mask: 1 1 1 1 1 1 1 1 1 1 1 1 1 1 1 1 1 1 1 1 1 1 1 1 1 1 1 1 1 1 1 1 1 1 1 1 1 0 0 0 0 0 0 0 0 0 0 0 0 0 0 0 0 0 0 0 0 0 0 0 0 0 0 0 0 0 0 0 0 0 0 0 0 0 0 0 0 0 0 0 0 0 0 0 0 0 0 0 0 0 0 0 0 0 0 0 0 0 0 0 0 0 0 0 0 0 0 0 0 0 0 0 0 0 0 0 0 0 0 0 0 0 0 0 0 0 0 0
I1024 00:57:24.710192 47824281732160 create_pretraining_data.py:161] input_mask: 1 1 1 1 1 1 1 1 1 1 1 1 1 1 1 1 1 1 1 1 1 1 1 1 1 1 1 1 1 1 1 1 1 1 1 1 1 0 0 0 0 0 0 0 0 0 0 0 0 0 0 0 0 0 0 0 0 0 0 0 0 0 0 0 0 0 0 0 0 0 0 0 0 0 0 0 0 0 0 0 0 0 0 0 0 0 0 0 0 0 0 0 0 0 0 0 0 0 0 0 0 0 0 0 0 0 0 0 0 0 0 0 0 0 0 0 0 0 0 0 0 0 0 0 0 0 0 0
INFO:tensorflow:segment_ids: 0 0 0 0 0 1 1 1 1 1 1 1 1 1 1 1 1 1 1 1 1 1 1 1 1 1 1 1 1 1 1 1 1 1 1 1 1 0 0 0 0 0 0 0 0 0 0 0 0 0 0 0 0 0 0 0 0 0 0 0 0 0 0 0 0 0 0 0 0 0 0 0 0 0 0 0 0 0 0 0 0 0 0 0 0 0 0 0 0 0 0 0 0 0 0 0 0 0 0 0 0 0 0 0 0 0 0 0 0 0 0 0 0 0 0 0 0 0 0 0 0 0 0 0 0 0 0 0
I1024 00:57:24.710357 47824281732160 create_pretraining_data.py:161] segment_ids: 0 0 0 0 0 1 1 1 1 1 1 1 1 1 1 1 1 1 1 1 1 1 1 1 1 1 1 1 1 1 1 1 1 1 1 1 1 0 0 0 0 0 0 0 0 0 0 0 0 0 0 0 0 0 0 0 0 0 0 0 0 0 0 0 0 0 0 0 0 0 0 0 0 0 0 0 0 0 0 0 0 0 0 0 0 0 0 0 0 0 0 0 0 0 0 0 0 0 0 0 0 0 0 0 0 0 0 0 0 0 0 0 0 0 0 0 0 0 0 0 0 0 0 0 0 0 0 0
INFO:tensorflow:masked_lm_positions: 6 7 15 17 18 24 0 0 0 0 0 0 0 0 0 0 0 0 0 0
I1024 00:57:24.710483 47824281732160 create_pretraining_data.py:161] masked_lm_positions: 6 7 15 17 18 24 0 0 0 0 0 0 0 0 0 0 0 0 0 0
INFO:tensorflow:masked_lm_ids: 9049 2030 13 3639 5226 5889 0 0 0 0 0 0 0 0 0 0 0 0 0 0
I1024 00:57:24.710603 47824281732160 create_pretraining_data.py:161] masked_lm_ids: 9049 2030 13 3639 5226 5889 0 0 0 0 0 0 0 0 0 0 0 0 0 0
INFO:tensorflow:masked_lm_weights: 1.0 1.0 1.0 1.0 1.0 1.0 0.0 0.0 0.0 0.0 0.0 0.0 0.0 0.0 0.0 0.0 0.0 0.0 0.0 0.0
I1024 00:57:24.710731 47824281732160 create_pretraining_data.py:161] masked_lm_weights: 1.0 1.0 1.0 1.0 1.0 1.0 0.0 0.0 0.0 0.0 0.0 0.0 0.0 0.0 0.0 0.0 0.0 0.0 0.0 0.0
INFO:tensorflow:next_sentence_labels: 0
I1024 00:57:24.710844 47824281732160 create_pretraining_data.py:161] next_sentence_labels: 0
INFO:tensorflow:*** Example ***
I1024 00:57:24.711567 47824281732160 create_pretraining_data.py:149] *** Example ***
INFO:tensorflow:tokens: [CLS] مقارنة التسويق والاست ##راتيجيات الأخرى لصناعة [MASK] الغذائية باست ##راتيجيات [MASK] التب ##غ في ذر ##وة تأثير ##ها في السوق الاستهلاك ##ية . وردا على ذلك ، شاركت [MASK] الغذائية في بعض الجهود الط ##وعية [MASK] المحتوى الغذائي لأ ##طع ##متها . شهريا عام [MASK] ، أعلنت جنرال ميل ##ز عن خطة لضمان احتواء جميع حبوب [MASK] فيها على ما لا يقل عن ثمانية غرام ##ات [MASK] الحبوب الكاملة يرفع حصة . [SEP] في عام 2006 ، أعلنت شركة C ##amp ##b ##ell S ##ou ##p عن مبادرة لخ ##فض الص ##وديو ##م في منتجات ##ها ##روفا 25 % على الأقل [MASK] بسبب انخفاض المبيعات ، اعترف [MASK] [MASK] بأنه كان يضيف المزيد من الص ##وديو ##م إلى بعض [MASK] عقوبات [MASK] في عام 2011 [MASK] [SEP]
I1024 00:57:24.711762 47824281732160 create_pretraining_data.py:151] tokens: [CLS] مقارنة التسويق والاست ##راتيجيات الأخرى لصناعة [MASK] الغذائية باست ##راتيجيات [MASK] التب ##غ في ذر ##وة تأثير ##ها في السوق الاستهلاك ##ية . وردا على ذلك ، شاركت [MASK] الغذائية في بعض الجهود الط ##وعية [MASK] المحتوى الغذائي لأ ##طع ##متها . شهريا عام [MASK] ، أعلنت جنرال ميل ##ز عن خطة لضمان احتواء جميع حبوب [MASK] فيها على ما لا يقل عن ثمانية غرام ##ات [MASK] الحبوب الكاملة يرفع حصة . [SEP] في عام 2006 ، أعلنت شركة C ##amp ##b ##ell S ##ou ##p عن مبادرة لخ ##فض الص ##وديو ##م في منتجات ##ها ##روفا 25 % على الأقل [MASK] بسبب انخفاض المبيعات ، اعترف [MASK] [MASK] بأنه كان يضيف المزيد من الص ##وديو ##م إلى بعض [MASK] عقوبات [MASK] في عام 2011 [MASK] [SEP]
INFO:tensorflow:input_ids: 2 8574 10757 4167 28366 4700 25522 4 8869 3790 28366 4 9618 1044 1912 19775 2587 6998 1913 1912 4693 24173 1910 18 20744 1961 2271 378 15336 4 8869 1912 2346 9171 2057 6137 4 11998 18722 2471 4936 8481 18 15572 2268 4 378 6789 19452 14843 1008 1955 7274 11851 29809 2561 16602 4 2443 1961 1972 1963 10205 1955 13584 9111 1904 4 19367 8565 8844 14677 18 3 1912 2268 8215 378 6789 2753 39 28220 1060 17121 55 4543 1087 1955 11376 4872 2191 1996 17971 1015 1912 6931 1913 20892 3525 9 1961 9004 4 3179 9791 18841 378 11583 4 4 5635 2055 17167 4714 1908 1996 17971 1015 2045 2346 4 14053 4 1912 2268 4817 4 3
I1024 00:57:24.711971 47824281732160 create_pretraining_data.py:161] input_ids: 2 8574 10757 4167 28366 4700 25522 4 8869 3790 28366 4 9618 1044 1912 19775 2587 6998 1913 1912 4693 24173 1910 18 20744 1961 2271 378 15336 4 8869 1912 2346 9171 2057 6137 4 11998 18722 2471 4936 8481 18 15572 2268 4 378 6789 19452 14843 1008 1955 7274 11851 29809 2561 16602 4 2443 1961 1972 1963 10205 1955 13584 9111 1904 4 19367 8565 8844 14677 18 3 1912 2268 8215 378 6789 2753 39 28220 1060 17121 55 4543 1087 1955 11376 4872 2191 1996 17971 1015 1912 6931 1913 20892 3525 9 1961 9004 4 3179 9791 18841 378 11583 4 4 5635 2055 17167 4714 1908 1996 17971 1015 2045 2346 4 14053 4 1912 2268 4817 4 3
INFO:tensorflow:input_mask: 1 1 1 1 1 1 1 1 1 1 1 1 1 1 1 1 1 1 1 1 1 1 1 1 1 1 1 1 1 1 1 1 1 1 1 1 1 1 1 1 1 1 1 1 1 1 1 1 1 1 1 1 1 1 1 1 1 1 1 1 1 1 1 1 1 1 1 1 1 1 1 1 1 1 1 1 1 1 1 1 1 1 1 1 1 1 1 1 1 1 1 1 1 1 1 1 1 1 1 1 1 1 1 1 1 1 1 1 1 1 1 1 1 1 1 1 1 1 1 1 1 1 1 1 1 1 1 1
I1024 00:57:24.712144 47824281732160 create_pretraining_data.py:161] input_mask: 1 1 1 1 1 1 1 1 1 1 1 1 1 1 1 1 1 1 1 1 1 1 1 1 1 1 1 1 1 1 1 1 1 1 1 1 1 1 1 1 1 1 1 1 1 1 1 1 1 1 1 1 1 1 1 1 1 1 1 1 1 1 1 1 1 1 1 1 1 1 1 1 1 1 1 1 1 1 1 1 1 1 1 1 1 1 1 1 1 1 1 1 1 1 1 1 1 1 1 1 1 1 1 1 1 1 1 1 1 1 1 1 1 1 1 1 1 1 1 1 1 1 1 1 1 1 1 1
INFO:tensorflow:segment_ids: 0 0 0 0 0 0 0 0 0 0 0 0 0 0 0 0 0 0 0 0 0 0 0 0 0 0 0 0 0 0 0 0 0 0 0 0 0 0 0 0 0 0 0 0 0 0 0 0 0 0 0 0 0 0 0 0 0 0 0 0 0 0 0 0 0 0 0 0 0 0 0 0 0 0 1 1 1 1 1 1 1 1 1 1 1 1 1 1 1 1 1 1 1 1 1 1 1 1 1 1 1 1 1 1 1 1 1 1 1 1 1 1 1 1 1 1 1 1 1 1 1 1 1 1 1 1 1 1
I1024 00:57:24.712308 47824281732160 create_pretraining_data.py:161] segment_ids: 0 0 0 0 0 0 0 0 0 0 0 0 0 0 0 0 0 0 0 0 0 0 0 0 0 0 0 0 0 0 0 0 0 0 0 0 0 0 0 0 0 0 0 0 0 0 0 0 0 0 0 0 0 0 0 0 0 0 0 0 0 0 0 0 0 0 0 0 0 0 0 0 0 0 1 1 1 1 1 1 1 1 1 1 1 1 1 1 1 1 1 1 1 1 1 1 1 1 1 1 1 1 1 1 1 1 1 1 1 1 1 1 1 1 1 1 1 1 1 1 1 1 1 1 1 1 1 1
INFO:tensorflow:masked_lm_positions: 7 11 29 36 43 45 57 67 70 88 97 98 102 108 109 120 121 122 126 0
I1024 00:57:24.712435 47824281732160 create_pretraining_data.py:161] masked_lm_positions: 7 11 29 36 43 45 57 67 70 88 97 98 102 108 109 120 121 122 126 0
INFO:tensorflow:masked_lm_ids: 4989 7362 16270 15574 1912 8854 21557 1908 3164 11376 6102 3525 18 26275 1010 1908 5564 1954 18 0
I1024 00:57:24.712557 47824281732160 create_pretraining_data.py:161] masked_lm_ids: 4989 7362 16270 15574 1912 8854 21557 1908 3164 11376 6102 3525 18 26275 1010 1908 5564 1954 18 0
INFO:tensorflow:masked_lm_weights: 1.0 1.0 1.0 1.0 1.0 1.0 1.0 1.0 1.0 1.0 1.0 1.0 1.0 1.0 1.0 1.0 1.0 1.0 1.0 0.0
I1024 00:57:24.712702 47824281732160 create_pretraining_data.py:161] masked_lm_weights: 1.0 1.0 1.0 1.0 1.0 1.0 1.0 1.0 1.0 1.0 1.0 1.0 1.0 1.0 1.0 1.0 1.0 1.0 1.0 0.0
INFO:tensorflow:next_sentence_labels: 0
I1024 00:57:24.712818 47824281732160 create_pretraining_data.py:161] next_sentence_labels: 0
INFO:tensorflow:Wrote 1465434 total instances
I1024 01:06:10.797097 47824281732160 create_pretraining_data.py:166] Wrote 1465434 total instances
