Loading module 'all'
WARNING:tensorflow:From ../bert/create_pretraining_data.py:469: The name tf.app.run is deprecated. Please use tf.compat.v1.app.run instead.

WARNING:tensorflow:From ../bert/create_pretraining_data.py:437: The name tf.logging.set_verbosity is deprecated. Please use tf.compat.v1.logging.set_verbosity instead.

W1024 02:54:44.763852 47208816264256 module_wrapper.py:139] From ../bert/create_pretraining_data.py:437: The name tf.logging.set_verbosity is deprecated. Please use tf.compat.v1.logging.set_verbosity instead.

WARNING:tensorflow:From ../bert/create_pretraining_data.py:437: The name tf.logging.INFO is deprecated. Please use tf.compat.v1.logging.INFO instead.

W1024 02:54:44.764092 47208816264256 module_wrapper.py:139] From ../bert/create_pretraining_data.py:437: The name tf.logging.INFO is deprecated. Please use tf.compat.v1.logging.INFO instead.

WARNING:tensorflow:From /scratch/gi372/camel-mlm/bert/tokenization.py:125: The name tf.gfile.GFile is deprecated. Please use tf.io.gfile.GFile instead.

W1024 02:54:44.764310 47208816264256 module_wrapper.py:139] From /scratch/gi372/camel-mlm/bert/tokenization.py:125: The name tf.gfile.GFile is deprecated. Please use tf.io.gfile.GFile instead.

WARNING:tensorflow:From ../bert/create_pretraining_data.py:444: The name tf.gfile.Glob is deprecated. Please use tf.io.gfile.glob instead.

W1024 02:54:44.870760 47208816264256 module_wrapper.py:139] From ../bert/create_pretraining_data.py:444: The name tf.gfile.Glob is deprecated. Please use tf.io.gfile.glob instead.

WARNING:tensorflow:From ../bert/create_pretraining_data.py:446: The name tf.logging.info is deprecated. Please use tf.compat.v1.logging.info instead.

W1024 02:54:44.904012 47208816264256 module_wrapper.py:139] From ../bert/create_pretraining_data.py:446: The name tf.logging.info is deprecated. Please use tf.compat.v1.logging.info instead.

INFO:tensorflow:*** Reading from input files ***
I1024 02:54:44.904284 47208816264256 create_pretraining_data.py:446] *** Reading from input files ***
INFO:tensorflow:  ../corpora/shards/MSA-oscar-unshuffled.docs.shard.059.normalized.sents
I1024 02:54:44.904389 47208816264256 create_pretraining_data.py:448]   ../corpora/shards/MSA-oscar-unshuffled.docs.shard.059.normalized.sents
INFO:tensorflow:*** Writing to output files ***
I1024 04:20:54.539598 47208816264256 create_pretraining_data.py:457] *** Writing to output files ***
INFO:tensorflow:  ../corpora/tf_records/MSA-oscar-unshuffled.docs.shard.059.tf_record
I1024 04:20:54.569088 47208816264256 create_pretraining_data.py:459]   ../corpora/tf_records/MSA-oscar-unshuffled.docs.shard.059.tf_record
WARNING:tensorflow:From ../bert/create_pretraining_data.py:101: The name tf.python_io.TFRecordWriter is deprecated. Please use tf.io.TFRecordWriter instead.

W1024 04:20:54.588122 47208816264256 module_wrapper.py:139] From ../bert/create_pretraining_data.py:101: The name tf.python_io.TFRecordWriter is deprecated. Please use tf.io.TFRecordWriter instead.

INFO:tensorflow:*** Example ***
I1024 04:20:54.622849 47208816264256 create_pretraining_data.py:149] *** Example ***
INFO:tensorflow:tokens: [CLS] 40 ##74 ##77 ##6 ، 40 ##74 ##78 ##2 : إيقاف صفحة فار ##غة مع الخطأ [MASK] The ##re [MASK] ##بع pro ##bl ##em re ##ad ##ing th ##is doc ##um ##ent ( 14 ) " عند فتح ملف P ##DF . [SEP] نفت ##خر بكون ##نا من [MASK] المواقع التي خدم ##ت المجتمع العربي [MASK] [MASK] ، منذ [MASK] [MASK] عام 2001 إلى وقت ##نا [MASK] ، وبعد مضي عشر سنوات [MASK] نفت ##خر بان ##نا لازال عطا ##ؤنا متوا ##صلا ومست ##مرا ، إذا اردت الانضمام لنا تفضل [MASK] معنا وبإ ##مكان ##ك تصفح [MASK] ##اي [MASK] بدون تسجيل [SEP]
I1024 04:20:54.623389 47208816264256 create_pretraining_data.py:151] tokens: [CLS] 40 ##74 ##77 ##6 ، 40 ##74 ##78 ##2 : إيقاف صفحة فار ##غة مع الخطأ [MASK] The ##re [MASK] ##بع pro ##bl ##em re ##ad ##ing th ##is doc ##um ##ent ( 14 ) " عند فتح ملف P ##DF . [SEP] نفت ##خر بكون ##نا من [MASK] المواقع التي خدم ##ت المجتمع العربي [MASK] [MASK] ، منذ [MASK] [MASK] عام 2001 إلى وقت ##نا [MASK] ، وبعد مضي عشر سنوات [MASK] نفت ##خر بان ##نا لازال عطا ##ؤنا متوا ##صلا ومست ##مرا ، إذا اردت الانضمام لنا تفضل [MASK] معنا وبإ ##مكان ##ك تصفح [MASK] ##اي [MASK] بدون تسجيل [SEP]
INFO:tensorflow:input_ids: 2 4986 22968 4894 1079 378 4986 22968 10539 1059 30 17382 6287 5646 5161 1973 13667 4 8167 4195 4 2581 6915 28343 3739 16727 3899 4487 18232 3140 13927 4770 4157 12 2951 13 6 2192 4131 5556 52 17826 18 3 12505 2042 17047 1914 1908 4 4268 2061 3079 1005 3409 2659 4 4 378 2837 4 4 2268 12478 2045 2758 1914 4 378 3807 10666 3304 3752 4 12505 2042 2768 1914 24234 11783 15438 12139 10874 6197 25112 378 2617 10834 16333 2776 14206 4 4798 20754 9754 1014 15093 4 2272 4 3279 6131 3 0 0 0 0 0 0 0 0 0 0 0 0 0 0 0 0 0 0 0 0 0 0 0 0 0
I1024 04:20:54.624848 47208816264256 create_pretraining_data.py:161] input_ids: 2 4986 22968 4894 1079 378 4986 22968 10539 1059 30 17382 6287 5646 5161 1973 13667 4 8167 4195 4 2581 6915 28343 3739 16727 3899 4487 18232 3140 13927 4770 4157 12 2951 13 6 2192 4131 5556 52 17826 18 3 12505 2042 17047 1914 1908 4 4268 2061 3079 1005 3409 2659 4 4 378 2837 4 4 2268 12478 2045 2758 1914 4 378 3807 10666 3304 3752 4 12505 2042 2768 1914 24234 11783 15438 12139 10874 6197 25112 378 2617 10834 16333 2776 14206 4 4798 20754 9754 1014 15093 4 2272 4 3279 6131 3 0 0 0 0 0 0 0 0 0 0 0 0 0 0 0 0 0 0 0 0 0 0 0 0 0
INFO:tensorflow:input_mask: 1 1 1 1 1 1 1 1 1 1 1 1 1 1 1 1 1 1 1 1 1 1 1 1 1 1 1 1 1 1 1 1 1 1 1 1 1 1 1 1 1 1 1 1 1 1 1 1 1 1 1 1 1 1 1 1 1 1 1 1 1 1 1 1 1 1 1 1 1 1 1 1 1 1 1 1 1 1 1 1 1 1 1 1 1 1 1 1 1 1 1 1 1 1 1 1 1 1 1 1 1 1 1 0 0 0 0 0 0 0 0 0 0 0 0 0 0 0 0 0 0 0 0 0 0 0 0 0
I1024 04:20:54.625000 47208816264256 create_pretraining_data.py:161] input_mask: 1 1 1 1 1 1 1 1 1 1 1 1 1 1 1 1 1 1 1 1 1 1 1 1 1 1 1 1 1 1 1 1 1 1 1 1 1 1 1 1 1 1 1 1 1 1 1 1 1 1 1 1 1 1 1 1 1 1 1 1 1 1 1 1 1 1 1 1 1 1 1 1 1 1 1 1 1 1 1 1 1 1 1 1 1 1 1 1 1 1 1 1 1 1 1 1 1 1 1 1 1 1 1 0 0 0 0 0 0 0 0 0 0 0 0 0 0 0 0 0 0 0 0 0 0 0 0 0
INFO:tensorflow:segment_ids: 0 0 0 0 0 0 0 0 0 0 0 0 0 0 0 0 0 0 0 0 0 0 0 0 0 0 0 0 0 0 0 0 0 0 0 0 0 0 0 0 0 0 0 0 1 1 1 1 1 1 1 1 1 1 1 1 1 1 1 1 1 1 1 1 1 1 1 1 1 1 1 1 1 1 1 1 1 1 1 1 1 1 1 1 1 1 1 1 1 1 1 1 1 1 1 1 1 1 1 1 1 1 1 0 0 0 0 0 0 0 0 0 0 0 0 0 0 0 0 0 0 0 0 0 0 0 0 0
I1024 04:20:54.625134 47208816264256 create_pretraining_data.py:161] segment_ids: 0 0 0 0 0 0 0 0 0 0 0 0 0 0 0 0 0 0 0 0 0 0 0 0 0 0 0 0 0 0 0 0 0 0 0 0 0 0 0 0 0 0 0 0 1 1 1 1 1 1 1 1 1 1 1 1 1 1 1 1 1 1 1 1 1 1 1 1 1 1 1 1 1 1 1 1 1 1 1 1 1 1 1 1 1 1 1 1 1 1 1 1 1 1 1 1 1 1 1 1 1 1 1 0 0 0 0 0 0 0 0 0 0 0 0 0 0 0 0 0 0 0 0 0 0 0 0 0
INFO:tensorflow:masked_lm_positions: 11 17 20 21 49 56 57 60 61 67 73 91 97 98 99 0 0 0 0 0
I1024 04:20:54.625231 47208816264256 create_pretraining_data.py:161] masked_lm_positions: 11 17 20 21 49 56 57 60 61 67 73 91 97 98 99 0 0 0 0 0
INFO:tensorflow:masked_lm_ids: 7010 6 91 2634 20289 11436 2515 2213 2525 12571 4530 4846 5745 2272 1037 0 0 0 0 0
I1024 04:20:54.625332 47208816264256 create_pretraining_data.py:161] masked_lm_ids: 7010 6 91 2634 20289 11436 2515 2213 2525 12571 4530 4846 5745 2272 1037 0 0 0 0 0
INFO:tensorflow:masked_lm_weights: 1.0 1.0 1.0 1.0 1.0 1.0 1.0 1.0 1.0 1.0 1.0 1.0 1.0 1.0 1.0 0.0 0.0 0.0 0.0 0.0
I1024 04:20:54.626277 47208816264256 create_pretraining_data.py:161] masked_lm_weights: 1.0 1.0 1.0 1.0 1.0 1.0 1.0 1.0 1.0 1.0 1.0 1.0 1.0 1.0 1.0 0.0 0.0 0.0 0.0 0.0
INFO:tensorflow:next_sentence_labels: 1
I1024 04:20:54.626378 47208816264256 create_pretraining_data.py:161] next_sentence_labels: 1
INFO:tensorflow:*** Example ***
I1024 04:20:54.627153 47208816264256 create_pretraining_data.py:149] *** Example ***
INFO:tensorflow:tokens: [CLS] - - هل صح عن [MASK] الإسلام ابن تيمية قول بج ##واز القيمة [MASK] زكاة الفطر للح ( http : / [MASK] al ##f ##et ##n . com / vb ##3 / sh ##ow ##th ##re ##ad . php ? t = 92 ##70 ##4 ) [SEP] ##ني الأمل التفا ##ف عدد من [MASK] المصريين المخ ##ضر ##مين في موقعنا [MASK] وتشجيع ##هم لي [MASK] ومؤ ##خرا سعد ##ت بان ##ضمام [MASK] ##حاح والك ##اتب ##ة الرائعة كو ##ثر مصطفى التي كتبت كلمات أنج ##ح أغاني الفنان الكبير محمد ##يبة [MASK] [MASK] يحمل مصطفى رزق مشروعا [MASK] [MASK] وفن ##يا آ ##خذ ##ا [MASK] [MASK] ، محا ##ولا تلا ##في الوقوع في فخ تقليد « البلو ##ز [MASK] » [MASK] [MASK] جاه ##دا إض ##فاء مذا [SEP]
I1024 04:20:54.627336 47208816264256 create_pretraining_data.py:151] tokens: [CLS] - - هل صح عن [MASK] الإسلام ابن تيمية قول بج ##واز القيمة [MASK] زكاة الفطر للح ( http : / [MASK] al ##f ##et ##n . com / vb ##3 / sh ##ow ##th ##re ##ad . php ? t = 92 ##70 ##4 ) [SEP] ##ني الأمل التفا ##ف عدد من [MASK] المصريين المخ ##ضر ##مين في موقعنا [MASK] وتشجيع ##هم لي [MASK] ومؤ ##خرا سعد ##ت بان ##ضمام [MASK] ##حاح والك ##اتب ##ة الرائعة كو ##ثر مصطفى التي كتبت كلمات أنج ##ح أغاني الفنان الكبير محمد ##يبة [MASK] [MASK] يحمل مصطفى رزق مشروعا [MASK] [MASK] وفن ##يا آ ##خذ ##ا [MASK] [MASK] ، محا ##ولا تلا ##في الوقوع في فخ تقليد « البلو ##ز [MASK] » [MASK] [MASK] جاه ##دا إض ##فاء مذا [SEP]
INFO:tensorflow:input_ids: 2 17 17 2827 2786 1955 4 4677 2549 27011 4052 2821 4638 11257 4 29097 14148 2773 12 6065 30 19 4 8421 1086 4444 1052 18 4154 19 21152 1076 19 15594 5546 9101 4195 3899 18 4171 35 88 33 17376 5639 1069 13 3 1974 14269 7773 1037 2548 1908 4 8640 2714 2511 3289 1912 10603 4 21416 1949 2134 4 8303 6007 4014 1005 2768 7403 4 19679 3764 2905 1043 15529 14611 2132 6805 2061 8968 5000 16876 1032 15792 4453 4377 2202 6130 4 4 6372 6805 8226 21302 4 4 28941 1937 382 3039 1007 4 4 378 3666 2367 6312 2007 25249 1912 5431 23126 107 13397 1008 4 114 4 4 5694 2060 13168 3254 17828 3
I1024 04:20:54.627513 47208816264256 create_pretraining_data.py:161] input_ids: 2 17 17 2827 2786 1955 4 4677 2549 27011 4052 2821 4638 11257 4 29097 14148 2773 12 6065 30 19 4 8421 1086 4444 1052 18 4154 19 21152 1076 19 15594 5546 9101 4195 3899 18 4171 35 88 33 17376 5639 1069 13 3 1974 14269 7773 1037 2548 1908 4 8640 2714 2511 3289 1912 10603 4 21416 1949 2134 4 8303 6007 4014 1005 2768 7403 4 19679 3764 2905 1043 15529 14611 2132 6805 2061 8968 5000 16876 1032 15792 4453 4377 2202 6130 4 4 6372 6805 8226 21302 4 4 28941 1937 382 3039 1007 4 4 378 3666 2367 6312 2007 25249 1912 5431 23126 107 13397 1008 4 114 4 4 5694 2060 13168 3254 17828 3
INFO:tensorflow:input_mask: 1 1 1 1 1 1 1 1 1 1 1 1 1 1 1 1 1 1 1 1 1 1 1 1 1 1 1 1 1 1 1 1 1 1 1 1 1 1 1 1 1 1 1 1 1 1 1 1 1 1 1 1 1 1 1 1 1 1 1 1 1 1 1 1 1 1 1 1 1 1 1 1 1 1 1 1 1 1 1 1 1 1 1 1 1 1 1 1 1 1 1 1 1 1 1 1 1 1 1 1 1 1 1 1 1 1 1 1 1 1 1 1 1 1 1 1 1 1 1 1 1 1 1 1 1 1 1 1
I1024 04:20:54.627646 47208816264256 create_pretraining_data.py:161] input_mask: 1 1 1 1 1 1 1 1 1 1 1 1 1 1 1 1 1 1 1 1 1 1 1 1 1 1 1 1 1 1 1 1 1 1 1 1 1 1 1 1 1 1 1 1 1 1 1 1 1 1 1 1 1 1 1 1 1 1 1 1 1 1 1 1 1 1 1 1 1 1 1 1 1 1 1 1 1 1 1 1 1 1 1 1 1 1 1 1 1 1 1 1 1 1 1 1 1 1 1 1 1 1 1 1 1 1 1 1 1 1 1 1 1 1 1 1 1 1 1 1 1 1 1 1 1 1 1 1
INFO:tensorflow:segment_ids: 0 0 0 0 0 0 0 0 0 0 0 0 0 0 0 0 0 0 0 0 0 0 0 0 0 0 0 0 0 0 0 0 0 0 0 0 0 0 0 0 0 0 0 0 0 0 0 0 1 1 1 1 1 1 1 1 1 1 1 1 1 1 1 1 1 1 1 1 1 1 1 1 1 1 1 1 1 1 1 1 1 1 1 1 1 1 1 1 1 1 1 1 1 1 1 1 1 1 1 1 1 1 1 1 1 1 1 1 1 1 1 1 1 1 1 1 1 1 1 1 1 1 1 1 1 1 1 1
I1024 04:20:54.627771 47208816264256 create_pretraining_data.py:161] segment_ids: 0 0 0 0 0 0 0 0 0 0 0 0 0 0 0 0 0 0 0 0 0 0 0 0 0 0 0 0 0 0 0 0 0 0 0 0 0 0 0 0 0 0 0 0 0 0 0 0 1 1 1 1 1 1 1 1 1 1 1 1 1 1 1 1 1 1 1 1 1 1 1 1 1 1 1 1 1 1 1 1 1 1 1 1 1 1 1 1 1 1 1 1 1 1 1 1 1 1 1 1 1 1 1 1 1 1 1 1 1 1 1 1 1 1 1 1 1 1 1 1 1 1 1 1 1 1 1 1
INFO:tensorflow:masked_lm_positions: 6 14 22 54 60 61 65 72 73 90 91 92 97 98 104 105 118 120 121 0
I1024 04:20:54.627876 47208816264256 create_pretraining_data.py:161] masked_lm_positions: 6 14 22 54 60 61 65 72 73 90 91 92 97 98 104 105 118 120 121 0
INFO:tensorflow:masked_lm_ids: 5516 1912 19 28942 2896 11852 378 5065 1043 16775 114 18 22577 12266 1912 7658 8804 6203 4155 0
I1024 04:20:54.627969 47208816264256 create_pretraining_data.py:161] masked_lm_ids: 5516 1912 19 28942 2896 11852 378 5065 1043 16775 114 18 22577 12266 1912 7658 8804 6203 4155 0
INFO:tensorflow:masked_lm_weights: 1.0 1.0 1.0 1.0 1.0 1.0 1.0 1.0 1.0 1.0 1.0 1.0 1.0 1.0 1.0 1.0 1.0 1.0 1.0 0.0
I1024 04:20:54.628062 47208816264256 create_pretraining_data.py:161] masked_lm_weights: 1.0 1.0 1.0 1.0 1.0 1.0 1.0 1.0 1.0 1.0 1.0 1.0 1.0 1.0 1.0 1.0 1.0 1.0 1.0 0.0
INFO:tensorflow:next_sentence_labels: 1
I1024 04:20:54.628145 47208816264256 create_pretraining_data.py:161] next_sentence_labels: 1
INFO:tensorflow:*** Example ***
I1024 04:20:54.628826 47208816264256 create_pretraining_data.py:149] *** Example ***
INFO:tensorflow:tokens: [CLS] وأعلن الرئيس الأمريكي تلبيس ترامب [MASK] الأربعاء ، [MASK] الولايات المتحدة [MASK] بالق ##دس عاصمة لإسرائيل وست ##نقل سف ##ارتها إلى هناك ، في مخالفة لما [MASK] عليه السياسة الأمريكية منذ فترة طويلة . [SEP] الملكة را ##نيا [MASK] زيارة إلى مركز الملكة را ##نيا للأسرة والطفل في التحر النصر لحضور اجتماع مجلس أمن ##اء مؤسسة نهر الأردن [MASK] [MASK] [MASK] مطبخ الكرم ##ة [SEP]
I1024 04:20:54.628973 47208816264256 create_pretraining_data.py:151] tokens: [CLS] وأعلن الرئيس الأمريكي تلبيس ترامب [MASK] الأربعاء ، [MASK] الولايات المتحدة [MASK] بالق ##دس عاصمة لإسرائيل وست ##نقل سف ##ارتها إلى هناك ، في مخالفة لما [MASK] عليه السياسة الأمريكية منذ فترة طويلة . [SEP] الملكة را ##نيا [MASK] زيارة إلى مركز الملكة را ##نيا للأسرة والطفل في التحر النصر لحضور اجتماع مجلس أمن ##اء مؤسسة نهر الأردن [MASK] [MASK] [MASK] مطبخ الكرم ##ة [SEP]
INFO:tensorflow:input_ids: 2 12494 2554 5939 23027 6166 4 5318 378 4 3233 2687 4 3738 24784 11659 22755 4709 16215 4226 11363 2045 2671 378 1912 13107 2518 4 2181 6607 4732 2837 5269 6877 18 3 21902 3353 2545 4 5693 2045 3231 21902 3353 2545 26616 11254 1912 6140 3059 14040 4877 2598 5484 1954 5417 9341 7453 4 4 4 6514 13975 1043 3 0 0 0 0 0 0 0 0 0 0 0 0 0 0 0 0 0 0 0 0 0 0 0 0 0 0 0 0 0 0 0 0 0 0 0 0 0 0 0 0 0 0 0 0 0 0 0 0 0 0 0 0 0 0 0 0 0 0 0 0 0 0
I1024 04:20:54.629122 47208816264256 create_pretraining_data.py:161] input_ids: 2 12494 2554 5939 23027 6166 4 5318 378 4 3233 2687 4 3738 24784 11659 22755 4709 16215 4226 11363 2045 2671 378 1912 13107 2518 4 2181 6607 4732 2837 5269 6877 18 3 21902 3353 2545 4 5693 2045 3231 21902 3353 2545 26616 11254 1912 6140 3059 14040 4877 2598 5484 1954 5417 9341 7453 4 4 4 6514 13975 1043 3 0 0 0 0 0 0 0 0 0 0 0 0 0 0 0 0 0 0 0 0 0 0 0 0 0 0 0 0 0 0 0 0 0 0 0 0 0 0 0 0 0 0 0 0 0 0 0 0 0 0 0 0 0 0 0 0 0 0 0 0 0 0
INFO:tensorflow:input_mask: 1 1 1 1 1 1 1 1 1 1 1 1 1 1 1 1 1 1 1 1 1 1 1 1 1 1 1 1 1 1 1 1 1 1 1 1 1 1 1 1 1 1 1 1 1 1 1 1 1 1 1 1 1 1 1 1 1 1 1 1 1 1 1 1 1 1 0 0 0 0 0 0 0 0 0 0 0 0 0 0 0 0 0 0 0 0 0 0 0 0 0 0 0 0 0 0 0 0 0 0 0 0 0 0 0 0 0 0 0 0 0 0 0 0 0 0 0 0 0 0 0 0 0 0 0 0 0 0
I1024 04:20:54.629257 47208816264256 create_pretraining_data.py:161] input_mask: 1 1 1 1 1 1 1 1 1 1 1 1 1 1 1 1 1 1 1 1 1 1 1 1 1 1 1 1 1 1 1 1 1 1 1 1 1 1 1 1 1 1 1 1 1 1 1 1 1 1 1 1 1 1 1 1 1 1 1 1 1 1 1 1 1 1 0 0 0 0 0 0 0 0 0 0 0 0 0 0 0 0 0 0 0 0 0 0 0 0 0 0 0 0 0 0 0 0 0 0 0 0 0 0 0 0 0 0 0 0 0 0 0 0 0 0 0 0 0 0 0 0 0 0 0 0 0 0
INFO:tensorflow:segment_ids: 0 0 0 0 0 0 0 0 0 0 0 0 0 0 0 0 0 0 0 0 0 0 0 0 0 0 0 0 0 0 0 0 0 0 0 0 1 1 1 1 1 1 1 1 1 1 1 1 1 1 1 1 1 1 1 1 1 1 1 1 1 1 1 1 1 1 0 0 0 0 0 0 0 0 0 0 0 0 0 0 0 0 0 0 0 0 0 0 0 0 0 0 0 0 0 0 0 0 0 0 0 0 0 0 0 0 0 0 0 0 0 0 0 0 0 0 0 0 0 0 0 0 0 0 0 0 0 0
I1024 04:20:54.629398 47208816264256 create_pretraining_data.py:161] segment_ids: 0 0 0 0 0 0 0 0 0 0 0 0 0 0 0 0 0 0 0 0 0 0 0 0 0 0 0 0 0 0 0 0 0 0 0 0 1 1 1 1 1 1 1 1 1 1 1 1 1 1 1 1 1 1 1 1 1 1 1 1 1 1 1 1 1 1 0 0 0 0 0 0 0 0 0 0 0 0 0 0 0 0 0 0 0 0 0 0 0 0 0 0 0 0 0 0 0 0 0 0 0 0 0 0 0 0 0 0 0 0 0 0 0 0 0 0 0 0 0 0 0 0 0 0 0 0 0 0
INFO:tensorflow:masked_lm_positions: 4 6 9 12 27 39 49 59 60 61 0 0 0 0 0 0 0 0 0 0
I1024 04:20:54.629494 47208816264256 create_pretraining_data.py:161] masked_lm_positions: 4 6 9 12 27 39 49 59 60 61 0 0 0 0 0 0 0 0 0 0
INFO:tensorflow:masked_lm_ids: 11741 378 1979 23639 11845 2317 7141 2300 4003 1043 0 0 0 0 0 0 0 0 0 0
I1024 04:20:54.629585 47208816264256 create_pretraining_data.py:161] masked_lm_ids: 11741 378 1979 23639 11845 2317 7141 2300 4003 1043 0 0 0 0 0 0 0 0 0 0
INFO:tensorflow:masked_lm_weights: 1.0 1.0 1.0 1.0 1.0 1.0 1.0 1.0 1.0 1.0 0.0 0.0 0.0 0.0 0.0 0.0 0.0 0.0 0.0 0.0
I1024 04:20:54.629678 47208816264256 create_pretraining_data.py:161] masked_lm_weights: 1.0 1.0 1.0 1.0 1.0 1.0 1.0 1.0 1.0 1.0 0.0 0.0 0.0 0.0 0.0 0.0 0.0 0.0 0.0 0.0
INFO:tensorflow:next_sentence_labels: 1
I1024 04:20:54.629761 47208816264256 create_pretraining_data.py:161] next_sentence_labels: 1
INFO:tensorflow:*** Example ***
I1024 04:20:54.630477 47208816264256 create_pretraining_data.py:149] *** Example ***
INFO:tensorflow:tokens: [CLS] الأ ##لوم ##نيوم المرك ##ب الهيد ##رول ##يكية آلة تشكيل الأ ##لوا ##ح [MASK] لوحة الأ ##لوم ##نيوم [MASK] [MASK] ، [MASK] لوحة [MASK] المركبة لوحة ساند ##ويتش المركبة الجهاز المعدات [MASK] . . . [MASK] [MASK] نوع الص ##وف ورقة لف ##ة تشكيل آلة آلة تشكيل لوحة ساند ##ويتش [MASK] [MASK] ، [MASK] تشكيل لوحة ساند ##ويتش الص ##وف [MASK] [MASK] ، E ##PS ساند ##ويتش الص ##وف [MASK] البكت تشكيل آلة 1 [SEP] خطوات عملية لن ##صرة غزة [MASK] * أكثر من 34 ##5 شهيدا و1 ##65 ##0 جريح ##اوا ##لع ##دد يت ##صاعد * [MASK] استشهاد أم وأ ##طفال ##ها الخمسة [MASK] اليوم ##قص ##ف [MASK] والجامعات ##است ##شهاد 5 شقيق ##ات من عائلة واحدة * * استشهد ##ت ج . . . [SEP]
I1024 04:20:54.630651 47208816264256 create_pretraining_data.py:151] tokens: [CLS] الأ ##لوم ##نيوم المرك ##ب الهيد ##رول ##يكية آلة تشكيل الأ ##لوا ##ح [MASK] لوحة الأ ##لوم ##نيوم [MASK] [MASK] ، [MASK] لوحة [MASK] المركبة لوحة ساند ##ويتش المركبة الجهاز المعدات [MASK] . . . [MASK] [MASK] نوع الص ##وف ورقة لف ##ة تشكيل آلة آلة تشكيل لوحة ساند ##ويتش [MASK] [MASK] ، [MASK] تشكيل لوحة ساند ##ويتش الص ##وف [MASK] [MASK] ، E ##PS ساند ##ويتش الص ##وف [MASK] البكت تشكيل آلة 1 [SEP] خطوات عملية لن ##صرة غزة [MASK] * أكثر من 34 ##5 شهيدا و1 ##65 ##0 جريح ##اوا ##لع ##دد يت ##صاعد * [MASK] استشهاد أم وأ ##طفال ##ها الخمسة [MASK] اليوم ##قص ##ف [MASK] والجامعات ##است ##شهاد 5 شقيق ##ات من عائلة واحدة * * استشهد ##ت ج . . . [SEP]
INFO:tensorflow:input_ids: 2 1945 2841 27468 5398 1045 26241 17632 10879 14542 6214 1945 2361 1032 4 5201 1945 2841 27468 4 4 378 4 5201 4 29347 5201 19246 16515 29347 6053 15330 4 18 18 18 4 4 4083 1996 2088 13638 4488 1043 6214 14542 14542 6214 5201 19246 16515 4 4 378 4 6214 5201 19246 16515 1996 2088 4 4 378 41 27224 19246 16515 1996 2088 4 23339 6214 14542 21 3 8473 2532 2404 7975 4735 4 14 2976 1908 7028 1030 17451 27910 6409 1071 22902 29532 1920 2282 2097 25582 14 4 7532 2239 2073 2531 1913 17400 4 2217 2878 1037 4 24863 23562 23633 25 17902 1904 1908 8184 4234 14 14 16052 1005 392 18 18 18 3
I1024 04:20:54.630808 47208816264256 create_pretraining_data.py:161] input_ids: 2 1945 2841 27468 5398 1045 26241 17632 10879 14542 6214 1945 2361 1032 4 5201 1945 2841 27468 4 4 378 4 5201 4 29347 5201 19246 16515 29347 6053 15330 4 18 18 18 4 4 4083 1996 2088 13638 4488 1043 6214 14542 14542 6214 5201 19246 16515 4 4 378 4 6214 5201 19246 16515 1996 2088 4 4 378 41 27224 19246 16515 1996 2088 4 23339 6214 14542 21 3 8473 2532 2404 7975 4735 4 14 2976 1908 7028 1030 17451 27910 6409 1071 22902 29532 1920 2282 2097 25582 14 4 7532 2239 2073 2531 1913 17400 4 2217 2878 1037 4 24863 23562 23633 25 17902 1904 1908 8184 4234 14 14 16052 1005 392 18 18 18 3
INFO:tensorflow:input_mask: 1 1 1 1 1 1 1 1 1 1 1 1 1 1 1 1 1 1 1 1 1 1 1 1 1 1 1 1 1 1 1 1 1 1 1 1 1 1 1 1 1 1 1 1 1 1 1 1 1 1 1 1 1 1 1 1 1 1 1 1 1 1 1 1 1 1 1 1 1 1 1 1 1 1 1 1 1 1 1 1 1 1 1 1 1 1 1 1 1 1 1 1 1 1 1 1 1 1 1 1 1 1 1 1 1 1 1 1 1 1 1 1 1 1 1 1 1 1 1 1 1 1 1 1 1 1 1 1
I1024 04:20:54.630954 47208816264256 create_pretraining_data.py:161] input_mask: 1 1 1 1 1 1 1 1 1 1 1 1 1 1 1 1 1 1 1 1 1 1 1 1 1 1 1 1 1 1 1 1 1 1 1 1 1 1 1 1 1 1 1 1 1 1 1 1 1 1 1 1 1 1 1 1 1 1 1 1 1 1 1 1 1 1 1 1 1 1 1 1 1 1 1 1 1 1 1 1 1 1 1 1 1 1 1 1 1 1 1 1 1 1 1 1 1 1 1 1 1 1 1 1 1 1 1 1 1 1 1 1 1 1 1 1 1 1 1 1 1 1 1 1 1 1 1 1
INFO:tensorflow:segment_ids: 0 0 0 0 0 0 0 0 0 0 0 0 0 0 0 0 0 0 0 0 0 0 0 0 0 0 0 0 0 0 0 0 0 0 0 0 0 0 0 0 0 0 0 0 0 0 0 0 0 0 0 0 0 0 0 0 0 0 0 0 0 0 0 0 0 0 0 0 0 0 0 0 0 0 0 0 1 1 1 1 1 1 1 1 1 1 1 1 1 1 1 1 1 1 1 1 1 1 1 1 1 1 1 1 1 1 1 1 1 1 1 1 1 1 1 1 1 1 1 1 1 1 1 1 1 1 1 1
I1024 04:20:54.631080 47208816264256 create_pretraining_data.py:161] segment_ids: 0 0 0 0 0 0 0 0 0 0 0 0 0 0 0 0 0 0 0 0 0 0 0 0 0 0 0 0 0 0 0 0 0 0 0 0 0 0 0 0 0 0 0 0 0 0 0 0 0 0 0 0 0 0 0 0 0 0 0 0 0 0 0 0 0 0 0 0 0 0 0 0 0 0 0 0 1 1 1 1 1 1 1 1 1 1 1 1 1 1 1 1 1 1 1 1 1 1 1 1 1 1 1 1 1 1 1 1 1 1 1 1 1 1 1 1 1 1 1 1 1 1 1 1 1 1 1 1
INFO:tensorflow:masked_lm_positions: 14 19 20 22 24 32 36 37 51 52 54 61 62 70 71 81 98 105 109 0
I1024 04:20:54.631176 47208816264256 create_pretraining_data.py:161] masked_lm_positions: 14 19 20 22 24 32 36 37 51 52 54 61 62 70 71 81 98 105 109 0
INFO:tensorflow:masked_lm_ids: 14542 19246 16515 14542 18823 24352 2714 5673 60 1022 14542 1996 23409 1996 23409 17 14 9259 11681 0
I1024 04:20:54.631274 47208816264256 create_pretraining_data.py:161] masked_lm_ids: 14542 19246 16515 14542 18823 24352 2714 5673 60 1022 14542 1996 23409 1996 23409 17 14 9259 11681 0
INFO:tensorflow:masked_lm_weights: 1.0 1.0 1.0 1.0 1.0 1.0 1.0 1.0 1.0 1.0 1.0 1.0 1.0 1.0 1.0 1.0 1.0 1.0 1.0 0.0
I1024 04:20:54.631369 47208816264256 create_pretraining_data.py:161] masked_lm_weights: 1.0 1.0 1.0 1.0 1.0 1.0 1.0 1.0 1.0 1.0 1.0 1.0 1.0 1.0 1.0 1.0 1.0 1.0 1.0 0.0
INFO:tensorflow:next_sentence_labels: 1
I1024 04:20:54.631453 47208816264256 create_pretraining_data.py:161] next_sentence_labels: 1
INFO:tensorflow:*** Example ***
I1024 04:20:54.632156 47208816264256 create_pretraining_data.py:149] *** Example ***
INFO:tensorflow:tokens: [CLS] والقلق : 24 ##الحريري في مؤتمر اراد ##ة الحل الحكومي : صحيح أننا حكومة تصريف أعمال ورئيس مك ##لف [MASK] هدفنا [MASK] أن نط ##ور البلد [MASK] [MASK] ذهبية لتطوير ##ه [MASK] بعد [MASK] سيد ##ر [SEP] ##مت ##حدث ##ة [MASK] وزارة الخارجية الأميركية : استئناف صادرات خام كركوك من [MASK] خطوة مهمة في مس ##عى لك ##بح صادرات إيران النفطية 22 [MASK] 14 ##الم ##بع ##وث الدولي [MASK] اليمن مارتن غر ##يف ##ي ##ث : لا شيء يجب أن يمنع ##نا من استئناف [MASK] والمش ##اور ##ات [MASK] تراك الأزمة الإنسانية استقبل المدير العام لقوى الأمن الداخلي اللواء عماد [MASK] في [MASK] بث ##كنة المقر [MASK] [MASK] [MASK] ظهر اليوم ، النائب اسعد در ##غام والسيد جوز ##ف صلي ##با ، في زيارة تم خلالها [SEP]
I1024 04:20:54.632330 47208816264256 create_pretraining_data.py:151] tokens: [CLS] والقلق : 24 ##الحريري في مؤتمر اراد ##ة الحل الحكومي : صحيح أننا حكومة تصريف أعمال ورئيس مك ##لف [MASK] هدفنا [MASK] أن نط ##ور البلد [MASK] [MASK] ذهبية لتطوير ##ه [MASK] بعد [MASK] سيد ##ر [SEP] ##مت ##حدث ##ة [MASK] وزارة الخارجية الأميركية : استئناف صادرات خام كركوك من [MASK] خطوة مهمة في مس ##عى لك ##بح صادرات إيران النفطية 22 [MASK] 14 ##الم ##بع ##وث الدولي [MASK] اليمن مارتن غر ##يف ##ي ##ث : لا شيء يجب أن يمنع ##نا من استئناف [MASK] والمش ##اور ##ات [MASK] تراك الأزمة الإنسانية استقبل المدير العام لقوى الأمن الداخلي اللواء عماد [MASK] في [MASK] بث ##كنة المقر [MASK] [MASK] [MASK] ظهر اليوم ، النائب اسعد در ##غام والسيد جوز ##ف صلي ##با ، في زيارة تم خلالها [SEP]
INFO:tensorflow:input_ids: 2 27806 30 3789 23714 1912 5109 7304 1043 6660 10619 30 4053 8554 5083 19059 4828 7123 2708 1946 4 22655 4 1979 5833 1936 3455 4 4 24166 10310 1028 4 2089 4 3708 1017 3 2321 2577 1043 4 3433 3796 6552 30 17298 23116 10048 19397 1908 4 9026 6599 1912 2129 3675 2278 2163 23116 5796 17672 4063 4 2951 2100 2581 2911 3423 4 3432 14510 10093 2032 1013 1039 30 1963 2621 3163 1979 7657 1914 1908 17298 4 6003 14299 1904 4 19130 7684 8214 10080 5294 2169 27491 3679 7971 6927 11559 4 1912 4 4329 12753 6043 4 4 4 4512 2217 378 5240 5926 3705 16065 27543 10011 1037 4082 2013 378 1912 5693 2172 7196 3
I1024 04:20:54.632503 47208816264256 create_pretraining_data.py:161] input_ids: 2 27806 30 3789 23714 1912 5109 7304 1043 6660 10619 30 4053 8554 5083 19059 4828 7123 2708 1946 4 22655 4 1979 5833 1936 3455 4 4 24166 10310 1028 4 2089 4 3708 1017 3 2321 2577 1043 4 3433 3796 6552 30 17298 23116 10048 19397 1908 4 9026 6599 1912 2129 3675 2278 2163 23116 5796 17672 4063 4 2951 2100 2581 2911 3423 4 3432 14510 10093 2032 1013 1039 30 1963 2621 3163 1979 7657 1914 1908 17298 4 6003 14299 1904 4 19130 7684 8214 10080 5294 2169 27491 3679 7971 6927 11559 4 1912 4 4329 12753 6043 4 4 4 4512 2217 378 5240 5926 3705 16065 27543 10011 1037 4082 2013 378 1912 5693 2172 7196 3
INFO:tensorflow:input_mask: 1 1 1 1 1 1 1 1 1 1 1 1 1 1 1 1 1 1 1 1 1 1 1 1 1 1 1 1 1 1 1 1 1 1 1 1 1 1 1 1 1 1 1 1 1 1 1 1 1 1 1 1 1 1 1 1 1 1 1 1 1 1 1 1 1 1 1 1 1 1 1 1 1 1 1 1 1 1 1 1 1 1 1 1 1 1 1 1 1 1 1 1 1 1 1 1 1 1 1 1 1 1 1 1 1 1 1 1 1 1 1 1 1 1 1 1 1 1 1 1 1 1 1 1 1 1 1 1
I1024 04:20:54.632636 47208816264256 create_pretraining_data.py:161] input_mask: 1 1 1 1 1 1 1 1 1 1 1 1 1 1 1 1 1 1 1 1 1 1 1 1 1 1 1 1 1 1 1 1 1 1 1 1 1 1 1 1 1 1 1 1 1 1 1 1 1 1 1 1 1 1 1 1 1 1 1 1 1 1 1 1 1 1 1 1 1 1 1 1 1 1 1 1 1 1 1 1 1 1 1 1 1 1 1 1 1 1 1 1 1 1 1 1 1 1 1 1 1 1 1 1 1 1 1 1 1 1 1 1 1 1 1 1 1 1 1 1 1 1 1 1 1 1 1 1
INFO:tensorflow:segment_ids: 0 0 0 0 0 0 0 0 0 0 0 0 0 0 0 0 0 0 0 0 0 0 0 0 0 0 0 0 0 0 0 0 0 0 0 0 0 0 1 1 1 1 1 1 1 1 1 1 1 1 1 1 1 1 1 1 1 1 1 1 1 1 1 1 1 1 1 1 1 1 1 1 1 1 1 1 1 1 1 1 1 1 1 1 1 1 1 1 1 1 1 1 1 1 1 1 1 1 1 1 1 1 1 1 1 1 1 1 1 1 1 1 1 1 1 1 1 1 1 1 1 1 1 1 1 1 1 1
I1024 04:20:54.632761 47208816264256 create_pretraining_data.py:161] segment_ids: 0 0 0 0 0 0 0 0 0 0 0 0 0 0 0 0 0 0 0 0 0 0 0 0 0 0 0 0 0 0 0 0 0 0 0 0 0 0 1 1 1 1 1 1 1 1 1 1 1 1 1 1 1 1 1 1 1 1 1 1 1 1 1 1 1 1 1 1 1 1 1 1 1 1 1 1 1 1 1 1 1 1 1 1 1 1 1 1 1 1 1 1 1 1 1 1 1 1 1 1 1 1 1 1 1 1 1 1 1 1 1 1 1 1 1 1 1 1 1 1 1 1 1 1 1 1 1 1
INFO:tensorflow:masked_lm_positions: 1 20 22 27 28 32 34 41 51 63 69 85 89 90 101 103 107 108 109 0
I1024 04:20:54.632855 47208816264256 create_pretraining_data.py:161] masked_lm_positions: 1 20 22 27 28 32 34 41 51 63 69 85 89 90 101 103 107 108 109 0
INFO:tensorflow:masked_lm_ids: 4063 2425 17370 29673 6549 3481 5109 3936 2906 30 2045 4519 16143 2501 6291 13996 2169 378 2289 0
I1024 04:20:54.632957 47208816264256 create_pretraining_data.py:161] masked_lm_ids: 4063 2425 17370 29673 6549 3481 5109 3936 2906 30 2045 4519 16143 2501 6291 13996 2169 378 2289 0
INFO:tensorflow:masked_lm_weights: 1.0 1.0 1.0 1.0 1.0 1.0 1.0 1.0 1.0 1.0 1.0 1.0 1.0 1.0 1.0 1.0 1.0 1.0 1.0 0.0
I1024 04:20:54.633051 47208816264256 create_pretraining_data.py:161] masked_lm_weights: 1.0 1.0 1.0 1.0 1.0 1.0 1.0 1.0 1.0 1.0 1.0 1.0 1.0 1.0 1.0 1.0 1.0 1.0 1.0 0.0
INFO:tensorflow:next_sentence_labels: 0
I1024 04:20:54.633135 47208816264256 create_pretraining_data.py:161] next_sentence_labels: 0
INFO:tensorflow:*** Example ***
I1024 04:20:54.633810 47208816264256 create_pretraining_data.py:149] *** Example ***
INFO:tensorflow:tokens: [CLS] [MASK] ~ • [MASK] • @ • ₪ • آ ##خبار عالم بو ##ولي ##ود ~ • [MASK] • @ • ₪ • [MASK] [MASK] عربية واج ##نب ##ية ~ • ₪ • @ ~ • ₪ • اغ ##اان ##ي [MASK] الجميل ~ • ₪ • @ ~ • ₪ • يوتيوب [MASK] المسلسلات والبرامج الفنية ~ • ₪ • @ ~ [SEP] الزمن الجميل | | - - اغاني شعبية | | - - [MASK] موسيقية وري [MASK] [MASK] | | - - اغاني اجنبية | | - [MASK] منتدي كلمات الأغاني | Intern - - المنتدي [MASK] | [MASK] - - [MASK] اال ##ن ##ثر والشعر والخواطر | [MASK] - - القصص والحكايات | | - [MASK] تحميل الكتب | | - - [SEP]
I1024 04:20:54.633975 47208816264256 create_pretraining_data.py:151] tokens: [CLS] [MASK] ~ • [MASK] • @ • ₪ • آ ##خبار عالم بو ##ولي ##ود ~ • [MASK] • @ • ₪ • [MASK] [MASK] عربية واج ##نب ##ية ~ • ₪ • @ ~ • ₪ • اغ ##اان ##ي [MASK] الجميل ~ • ₪ • @ ~ • ₪ • يوتيوب [MASK] المسلسلات والبرامج الفنية ~ • ₪ • @ ~ [SEP] الزمن الجميل | | - - اغاني شعبية | | - - [MASK] موسيقية وري [MASK] [MASK] | | - - اغاني اجنبية | | - [MASK] منتدي كلمات الأغاني | Intern - - المنتدي [MASK] | [MASK] - - [MASK] اال ##ن ##ثر والشعر والخواطر | [MASK] - - القصص والحكايات | | - [MASK] تحميل الكتب | | - - [SEP]
INFO:tensorflow:input_ids: 2 4 98 626 4 626 36 626 636 626 382 9380 2896 3517 2231 1993 98 626 4 626 36 626 636 626 4 4 5361 3923 3759 1910 98 626 636 626 36 98 626 636 626 2803 20172 1013 4 5135 98 626 636 626 36 98 626 636 626 6690 4 8917 8713 5821 98 626 636 626 36 98 3 5579 5135 96 96 17 17 7409 12617 96 96 17 17 4 23792 10973 4 4 96 96 17 17 7409 14187 96 96 17 4 4376 5000 11385 96 24179 17 17 8597 4 96 4 17 17 4 24015 1006 2132 11149 11969 96 4 17 17 5469 28624 96 96 17 4 3824 5018 96 96 17 17 3
I1024 04:20:54.634130 47208816264256 create_pretraining_data.py:161] input_ids: 2 4 98 626 4 626 36 626 636 626 382 9380 2896 3517 2231 1993 98 626 4 626 36 626 636 626 4 4 5361 3923 3759 1910 98 626 636 626 36 98 626 636 626 2803 20172 1013 4 5135 98 626 636 626 36 98 626 636 626 6690 4 8917 8713 5821 98 626 636 626 36 98 3 5579 5135 96 96 17 17 7409 12617 96 96 17 17 4 23792 10973 4 4 96 96 17 17 7409 14187 96 96 17 4 4376 5000 11385 96 24179 17 17 8597 4 96 4 17 17 4 24015 1006 2132 11149 11969 96 4 17 17 5469 28624 96 96 17 4 3824 5018 96 96 17 17 3
INFO:tensorflow:input_mask: 1 1 1 1 1 1 1 1 1 1 1 1 1 1 1 1 1 1 1 1 1 1 1 1 1 1 1 1 1 1 1 1 1 1 1 1 1 1 1 1 1 1 1 1 1 1 1 1 1 1 1 1 1 1 1 1 1 1 1 1 1 1 1 1 1 1 1 1 1 1 1 1 1 1 1 1 1 1 1 1 1 1 1 1 1 1 1 1 1 1 1 1 1 1 1 1 1 1 1 1 1 1 1 1 1 1 1 1 1 1 1 1 1 1 1 1 1 1 1 1 1 1 1 1 1 1 1 1
I1024 04:20:54.634266 47208816264256 create_pretraining_data.py:161] input_mask: 1 1 1 1 1 1 1 1 1 1 1 1 1 1 1 1 1 1 1 1 1 1 1 1 1 1 1 1 1 1 1 1 1 1 1 1 1 1 1 1 1 1 1 1 1 1 1 1 1 1 1 1 1 1 1 1 1 1 1 1 1 1 1 1 1 1 1 1 1 1 1 1 1 1 1 1 1 1 1 1 1 1 1 1 1 1 1 1 1 1 1 1 1 1 1 1 1 1 1 1 1 1 1 1 1 1 1 1 1 1 1 1 1 1 1 1 1 1 1 1 1 1 1 1 1 1 1 1
INFO:tensorflow:segment_ids: 0 0 0 0 0 0 0 0 0 0 0 0 0 0 0 0 0 0 0 0 0 0 0 0 0 0 0 0 0 0 0 0 0 0 0 0 0 0 0 0 0 0 0 0 0 0 0 0 0 0 0 0 0 0 0 0 0 0 0 0 0 0 0 0 0 1 1 1 1 1 1 1 1 1 1 1 1 1 1 1 1 1 1 1 1 1 1 1 1 1 1 1 1 1 1 1 1 1 1 1 1 1 1 1 1 1 1 1 1 1 1 1 1 1 1 1 1 1 1 1 1 1 1 1 1 1 1 1
I1024 04:20:54.634407 47208816264256 create_pretraining_data.py:161] segment_ids: 0 0 0 0 0 0 0 0 0 0 0 0 0 0 0 0 0 0 0 0 0 0 0 0 0 0 0 0 0 0 0 0 0 0 0 0 0 0 0 0 0 0 0 0 0 0 0 0 0 0 0 0 0 0 0 0 0 0 0 0 0 0 0 0 0 1 1 1 1 1 1 1 1 1 1 1 1 1 1 1 1 1 1 1 1 1 1 1 1 1 1 1 1 1 1 1 1 1 1 1 1 1 1 1 1 1 1 1 1 1 1 1 1 1 1 1 1 1 1 1 1 1 1 1 1 1 1 1
INFO:tensorflow:masked_lm_positions: 1 4 18 24 25 42 46 54 77 79 80 81 91 96 100 102 105 112 120 0
I1024 04:20:54.634504 47208816264256 create_pretraining_data.py:161] masked_lm_positions: 1 4 18 24 25 42 46 54 77 79 80 81 91 96 100 102 105 112 120 0
INFO:tensorflow:masked_lm_ids: 4081 636 636 6690 7409 5579 636 6513 11550 10973 11074 2502 17 96 11178 96 2122 96 17 0
I1024 04:20:54.634596 47208816264256 create_pretraining_data.py:161] masked_lm_ids: 4081 636 636 6690 7409 5579 636 6513 11550 10973 11074 2502 17 96 11178 96 2122 96 17 0
INFO:tensorflow:masked_lm_weights: 1.0 1.0 1.0 1.0 1.0 1.0 1.0 1.0 1.0 1.0 1.0 1.0 1.0 1.0 1.0 1.0 1.0 1.0 1.0 0.0
I1024 04:20:54.634690 47208816264256 create_pretraining_data.py:161] masked_lm_weights: 1.0 1.0 1.0 1.0 1.0 1.0 1.0 1.0 1.0 1.0 1.0 1.0 1.0 1.0 1.0 1.0 1.0 1.0 1.0 0.0
INFO:tensorflow:next_sentence_labels: 1
I1024 04:20:54.634774 47208816264256 create_pretraining_data.py:161] next_sentence_labels: 1
INFO:tensorflow:*** Example ***
I1024 04:20:54.635439 47208816264256 create_pretraining_data.py:149] *** Example ***
INFO:tensorflow:tokens: [CLS] وفي التحقيق معه [MASK] اعترف بأنه ضا ##لع في [MASK] المجال ، وبناء لإ ##شارة القضاء سلم الى المديرية العامة [MASK] جما - دائرة التحقيق والأج ##راء . [SEP] سوبر داون ##لود [MASK] تحميل برامج - تحميل [MASK] - وتطبيقات [MASK] - تحميل العاب وبرامج - العاب كمبيوتر - برامج [MASK] - العاب الاندرويد - تطبيقات الاندرويد - تطبيقات [MASK] اندرويد [SEP]
I1024 04:20:54.635581 47208816264256 create_pretraining_data.py:151] tokens: [CLS] وفي التحقيق معه [MASK] اعترف بأنه ضا ##لع في [MASK] المجال ، وبناء لإ ##شارة القضاء سلم الى المديرية العامة [MASK] جما - دائرة التحقيق والأج ##راء . [SEP] سوبر داون ##لود [MASK] تحميل برامج - تحميل [MASK] - وتطبيقات [MASK] - تحميل العاب وبرامج - العاب كمبيوتر - برامج [MASK] - العاب الاندرويد - تطبيقات الاندرويد - تطبيقات [MASK] اندرويد [SEP]
INFO:tensorflow:input_ids: 2 2427 7222 3860 4 11583 5635 8805 1920 1912 4 6337 378 11805 3028 13442 5591 3118 2186 14915 2754 4 3995 17 8323 7222 29975 2147 18 3 12366 25993 14093 4 3824 2997 17 3824 4 17 27089 4 17 3824 3429 10895 17 3429 10060 17 2997 4 17 3429 16484 17 8380 16484 17 8380 4 14695 3 0 0 0 0 0 0 0 0 0 0 0 0 0 0 0 0 0 0 0 0 0 0 0 0 0 0 0 0 0 0 0 0 0 0 0 0 0 0 0 0 0 0 0 0 0 0 0 0 0 0 0 0 0 0 0 0 0 0 0 0 0 0 0 0 0
I1024 04:20:54.635727 47208816264256 create_pretraining_data.py:161] input_ids: 2 2427 7222 3860 4 11583 5635 8805 1920 1912 4 6337 378 11805 3028 13442 5591 3118 2186 14915 2754 4 3995 17 8323 7222 29975 2147 18 3 12366 25993 14093 4 3824 2997 17 3824 4 17 27089 4 17 3824 3429 10895 17 3429 10060 17 2997 4 17 3429 16484 17 8380 16484 17 8380 4 14695 3 0 0 0 0 0 0 0 0 0 0 0 0 0 0 0 0 0 0 0 0 0 0 0 0 0 0 0 0 0 0 0 0 0 0 0 0 0 0 0 0 0 0 0 0 0 0 0 0 0 0 0 0 0 0 0 0 0 0 0 0 0 0 0 0 0
INFO:tensorflow:input_mask: 1 1 1 1 1 1 1 1 1 1 1 1 1 1 1 1 1 1 1 1 1 1 1 1 1 1 1 1 1 1 1 1 1 1 1 1 1 1 1 1 1 1 1 1 1 1 1 1 1 1 1 1 1 1 1 1 1 1 1 1 1 1 1 0 0 0 0 0 0 0 0 0 0 0 0 0 0 0 0 0 0 0 0 0 0 0 0 0 0 0 0 0 0 0 0 0 0 0 0 0 0 0 0 0 0 0 0 0 0 0 0 0 0 0 0 0 0 0 0 0 0 0 0 0 0 0 0 0
I1024 04:20:54.635857 47208816264256 create_pretraining_data.py:161] input_mask: 1 1 1 1 1 1 1 1 1 1 1 1 1 1 1 1 1 1 1 1 1 1 1 1 1 1 1 1 1 1 1 1 1 1 1 1 1 1 1 1 1 1 1 1 1 1 1 1 1 1 1 1 1 1 1 1 1 1 1 1 1 1 1 0 0 0 0 0 0 0 0 0 0 0 0 0 0 0 0 0 0 0 0 0 0 0 0 0 0 0 0 0 0 0 0 0 0 0 0 0 0 0 0 0 0 0 0 0 0 0 0 0 0 0 0 0 0 0 0 0 0 0 0 0 0 0 0 0
INFO:tensorflow:segment_ids: 0 0 0 0 0 0 0 0 0 0 0 0 0 0 0 0 0 0 0 0 0 0 0 0 0 0 0 0 0 0 1 1 1 1 1 1 1 1 1 1 1 1 1 1 1 1 1 1 1 1 1 1 1 1 1 1 1 1 1 1 1 1 1 0 0 0 0 0 0 0 0 0 0 0 0 0 0 0 0 0 0 0 0 0 0 0 0 0 0 0 0 0 0 0 0 0 0 0 0 0 0 0 0 0 0 0 0 0 0 0 0 0 0 0 0 0 0 0 0 0 0 0 0 0 0 0 0 0
I1024 04:20:54.635996 47208816264256 create_pretraining_data.py:161] segment_ids: 0 0 0 0 0 0 0 0 0 0 0 0 0 0 0 0 0 0 0 0 0 0 0 0 0 0 0 0 0 0 1 1 1 1 1 1 1 1 1 1 1 1 1 1 1 1 1 1 1 1 1 1 1 1 1 1 1 1 1 1 1 1 1 0 0 0 0 0 0 0 0 0 0 0 0 0 0 0 0 0 0 0 0 0 0 0 0 0 0 0 0 0 0 0 0 0 0 0 0 0 0 0 0 0 0 0 0 0 0 0 0 0 0 0 0 0 0 0 0 0 0 0 0 0 0 0 0 0
INFO:tensorflow:masked_lm_positions: 4 10 21 22 33 38 41 51 60 0 0 0 0 0 0 0 0 0 0 0
I1024 04:20:54.636091 47208816264256 create_pretraining_data.py:161] masked_lm_positions: 4 10 21 22 33 38 41 51 60 0 0 0 0 0 0 0 0 0 0 0
INFO:tensorflow:masked_lm_ids: 378 2085 20115 2169 96 3429 14695 3896 17219 0 0 0 0 0 0 0 0 0 0 0
I1024 04:20:54.636181 47208816264256 create_pretraining_data.py:161] masked_lm_ids: 378 2085 20115 2169 96 3429 14695 3896 17219 0 0 0 0 0 0 0 0 0 0 0
INFO:tensorflow:masked_lm_weights: 1.0 1.0 1.0 1.0 1.0 1.0 1.0 1.0 1.0 0.0 0.0 0.0 0.0 0.0 0.0 0.0 0.0 0.0 0.0 0.0
I1024 04:20:54.636286 47208816264256 create_pretraining_data.py:161] masked_lm_weights: 1.0 1.0 1.0 1.0 1.0 1.0 1.0 1.0 1.0 0.0 0.0 0.0 0.0 0.0 0.0 0.0 0.0 0.0 0.0 0.0
INFO:tensorflow:next_sentence_labels: 1
I1024 04:20:54.636371 47208816264256 create_pretraining_data.py:161] next_sentence_labels: 1
INFO:tensorflow:*** Example ***
I1024 04:20:54.637053 47208816264256 create_pretraining_data.py:149] *** Example ***
INFO:tensorflow:tokens: [CLS] وقالت [MASK] " إن بوج ##با كان يحدث ميسي عن أغنية نج ##ولو [MASK] [MASK] بعد [MASK] المنتخب ##ين في كأس العالم [MASK] على الجانب الآخر كان ميسي يضحك كثيرا ويقول له إن هذه كذب ##ة " . [MASK] [SEP] [MASK] الاخبار في المقال التالي : « العين » يدعم « [MASK] [MASK] » قبل مواجهة [MASK] بتص ##فيات أمم [MASK] . من موقع الوطن سبورت ، بتاريخ اليوم الجمعة 16 نوفمبر 2018 [MASK] « العين » يدعم « الش ##حات » قبل يشك تونس بتص ##فيات أمم أفريقيا . [MASK] [MASK] . حرص نادي العين الإماراتي على دعم لاعب ##ه حسين الش ##حات صانع ألعاب المنتخب الوطني ، قبل ساعات من انطلاق المواجهة [MASK] [MASK] التي ست ##جمع الفراع ##نة بتو ##نس ، في إطار [SEP]
I1024 04:20:54.637220 47208816264256 create_pretraining_data.py:151] tokens: [CLS] وقالت [MASK] " إن بوج ##با كان يحدث ميسي عن أغنية نج ##ولو [MASK] [MASK] بعد [MASK] المنتخب ##ين في كأس العالم [MASK] على الجانب الآخر كان ميسي يضحك كثيرا ويقول له إن هذه كذب ##ة " . [MASK] [SEP] [MASK] الاخبار في المقال التالي : « العين » يدعم « [MASK] [MASK] » قبل مواجهة [MASK] بتص ##فيات أمم [MASK] . من موقع الوطن سبورت ، بتاريخ اليوم الجمعة 16 نوفمبر 2018 [MASK] « العين » يدعم « الش ##حات » قبل يشك تونس بتص ##فيات أمم أفريقيا . [MASK] [MASK] . حرص نادي العين الإماراتي على دعم لاعب ##ه حسين الش ##حات صانع ألعاب المنتخب الوطني ، قبل ساعات من انطلاق المواجهة [MASK] [MASK] التي ست ##جمع الفراع ##نة بتو ##نس ، في إطار [SEP]
INFO:tensorflow:input_ids: 2 5288 4 6 2259 14507 2013 2055 5179 6832 1955 16283 3001 3296 4 4 2089 4 5235 1911 1912 5173 2337 4 1961 6067 4419 2055 6832 13007 3810 6272 2154 2259 2159 11869 1043 6 18 4 3 4 4927 1912 10260 7794 30 107 2273 114 11174 107 4 4 114 2289 7050 4 10196 8802 21061 4 18 1908 2867 2865 12023 378 6720 2217 4212 3367 3600 2635 4 107 2273 114 11174 107 1966 2505 114 2289 24252 5407 10196 8802 21061 7596 18 4 4 18 12256 3557 2273 18960 1961 3592 3639 1028 4273 1966 2505 17620 6468 5235 3270 378 2289 5478 1908 10831 15753 4 4 2061 2333 9041 27539 2151 10566 2227 378 1912 6205 3
I1024 04:20:54.637394 47208816264256 create_pretraining_data.py:161] input_ids: 2 5288 4 6 2259 14507 2013 2055 5179 6832 1955 16283 3001 3296 4 4 2089 4 5235 1911 1912 5173 2337 4 1961 6067 4419 2055 6832 13007 3810 6272 2154 2259 2159 11869 1043 6 18 4 3 4 4927 1912 10260 7794 30 107 2273 114 11174 107 4 4 114 2289 7050 4 10196 8802 21061 4 18 1908 2867 2865 12023 378 6720 2217 4212 3367 3600 2635 4 107 2273 114 11174 107 1966 2505 114 2289 24252 5407 10196 8802 21061 7596 18 4 4 18 12256 3557 2273 18960 1961 3592 3639 1028 4273 1966 2505 17620 6468 5235 3270 378 2289 5478 1908 10831 15753 4 4 2061 2333 9041 27539 2151 10566 2227 378 1912 6205 3
INFO:tensorflow:input_mask: 1 1 1 1 1 1 1 1 1 1 1 1 1 1 1 1 1 1 1 1 1 1 1 1 1 1 1 1 1 1 1 1 1 1 1 1 1 1 1 1 1 1 1 1 1 1 1 1 1 1 1 1 1 1 1 1 1 1 1 1 1 1 1 1 1 1 1 1 1 1 1 1 1 1 1 1 1 1 1 1 1 1 1 1 1 1 1 1 1 1 1 1 1 1 1 1 1 1 1 1 1 1 1 1 1 1 1 1 1 1 1 1 1 1 1 1 1 1 1 1 1 1 1 1 1 1 1 1
I1024 04:20:54.637527 47208816264256 create_pretraining_data.py:161] input_mask: 1 1 1 1 1 1 1 1 1 1 1 1 1 1 1 1 1 1 1 1 1 1 1 1 1 1 1 1 1 1 1 1 1 1 1 1 1 1 1 1 1 1 1 1 1 1 1 1 1 1 1 1 1 1 1 1 1 1 1 1 1 1 1 1 1 1 1 1 1 1 1 1 1 1 1 1 1 1 1 1 1 1 1 1 1 1 1 1 1 1 1 1 1 1 1 1 1 1 1 1 1 1 1 1 1 1 1 1 1 1 1 1 1 1 1 1 1 1 1 1 1 1 1 1 1 1 1 1
INFO:tensorflow:segment_ids: 0 0 0 0 0 0 0 0 0 0 0 0 0 0 0 0 0 0 0 0 0 0 0 0 0 0 0 0 0 0 0 0 0 0 0 0 0 0 0 0 0 1 1 1 1 1 1 1 1 1 1 1 1 1 1 1 1 1 1 1 1 1 1 1 1 1 1 1 1 1 1 1 1 1 1 1 1 1 1 1 1 1 1 1 1 1 1 1 1 1 1 1 1 1 1 1 1 1 1 1 1 1 1 1 1 1 1 1 1 1 1 1 1 1 1 1 1 1 1 1 1 1 1 1 1 1 1 1
I1024 04:20:54.637650 47208816264256 create_pretraining_data.py:161] segment_ids: 0 0 0 0 0 0 0 0 0 0 0 0 0 0 0 0 0 0 0 0 0 0 0 0 0 0 0 0 0 0 0 0 0 0 0 0 0 0 0 0 0 1 1 1 1 1 1 1 1 1 1 1 1 1 1 1 1 1 1 1 1 1 1 1 1 1 1 1 1 1 1 1 1 1 1 1 1 1 1 1 1 1 1 1 1 1 1 1 1 1 1 1 1 1 1 1 1 1 1 1 1 1 1 1 1 1 1 1 1 1 1 1 1 1 1 1 1 1 1 1 1 1 1 1 1 1 1 1
INFO:tensorflow:masked_lm_positions: 2 14 15 17 23 39 41 48 52 53 57 61 74 82 84 91 92 115 116 0
I1024 04:20:54.637744 47208816264256 create_pretraining_data.py:161] masked_lm_positions: 2 14 15 17 23 39 41 48 52 53 57 61 74 82 84 91 92 115 116 0
INFO:tensorflow:masked_lm_ids: 9545 2431 1013 7050 378 3584 1017 2273 1966 2505 5407 7596 18 114 7050 1966 2505 5293 16735 0
I1024 04:20:54.637835 47208816264256 create_pretraining_data.py:161] masked_lm_ids: 9545 2431 1013 7050 378 3584 1017 2273 1966 2505 5407 7596 18 114 7050 1966 2505 5293 16735 0
INFO:tensorflow:masked_lm_weights: 1.0 1.0 1.0 1.0 1.0 1.0 1.0 1.0 1.0 1.0 1.0 1.0 1.0 1.0 1.0 1.0 1.0 1.0 1.0 0.0
I1024 04:20:54.637929 47208816264256 create_pretraining_data.py:161] masked_lm_weights: 1.0 1.0 1.0 1.0 1.0 1.0 1.0 1.0 1.0 1.0 1.0 1.0 1.0 1.0 1.0 1.0 1.0 1.0 1.0 0.0
INFO:tensorflow:next_sentence_labels: 0
I1024 04:20:54.638012 47208816264256 create_pretraining_data.py:161] next_sentence_labels: 0
INFO:tensorflow:*** Example ***
I1024 04:20:54.638699 47208816264256 create_pretraining_data.py:149] *** Example ***
INFO:tensorflow:tokens: [CLS] الأس ##اور إف [MASK] [MASK] [MASK] من الفض ##ة الاستر ##ليني ##ة تلت ##ف بجمال حول المع ##صم ، ويمكن ##ها أن تض ##في القليل من الزينة أو زخ ##رفة جري ##ئة على أي إطلا ##لة تختار ##ينها . أس ##اور جميلة مصن ##وعة من [MASK] [MASK] الاستر ##ليني ##ة تض ##يء كل للأسرة [MASK] كأ ##فضل ما يكون . [SEP] أي الفض ##ة بالحق ##ليني [MASK] ، تقدم لك مجموعة واسعة من الأس ##اليب التي [MASK] لك ابتكار إطلا ##لاتك [MASK] التي تليق بكل مناسبة . [MASK] [MASK] بق ##فل عملي جميل متوفر بتص ##اميم متعددة تشمل الأق ##فال الكروي ##ة المر ##ص ##عة بالأح ##جار والق ##فل الاس ##طوا ##ني الشهير بالش ##عار [MASK] [MASK] ، يتج ##ز ##أ تصميم [MASK] [MASK] الكلا ##سيكي [SEP]
I1024 04:20:54.638865 47208816264256 create_pretraining_data.py:151] tokens: [CLS] الأس ##اور إف [MASK] [MASK] [MASK] من الفض ##ة الاستر ##ليني ##ة تلت ##ف بجمال حول المع ##صم ، ويمكن ##ها أن تض ##في القليل من الزينة أو زخ ##رفة جري ##ئة على أي إطلا ##لة تختار ##ينها . أس ##اور جميلة مصن ##وعة من [MASK] [MASK] الاستر ##ليني ##ة تض ##يء كل للأسرة [MASK] كأ ##فضل ما يكون . [SEP] أي الفض ##ة بالحق ##ليني [MASK] ، تقدم لك مجموعة واسعة من الأس ##اليب التي [MASK] لك ابتكار إطلا ##لاتك [MASK] التي تليق بكل مناسبة . [MASK] [MASK] بق ##فل عملي جميل متوفر بتص ##اميم متعددة تشمل الأق ##فال الكروي ##ة المر ##ص ##عة بالأح ##جار والق ##فل الاس ##طوا ##ني الشهير بالش ##عار [MASK] [MASK] ، يتج ##ز ##أ تصميم [MASK] [MASK] الكلا ##سيكي [SEP]
INFO:tensorflow:input_ids: 2 2603 14299 6645 4 4 4 1908 4119 1043 16872 9154 1043 9044 1037 17345 2528 2240 9678 378 6261 1913 1979 3932 2007 12914 1908 16186 2075 25392 3087 4597 2385 1961 2235 24726 2035 16038 14103 18 2476 14299 10652 13328 3571 1908 4 4 16872 9154 1043 3932 6902 2038 26616 4 9333 2370 1972 2461 18 3 2235 4119 1043 13265 9154 4 378 3868 2278 3737 8694 1908 2603 10190 2061 4 2278 29390 24726 28052 4 2061 26676 3268 9847 18 4 4 2498 2614 13828 3814 13171 10196 4684 9030 9725 6670 5617 23407 1043 2846 1031 2029 29234 4233 3309 2614 2295 19456 1974 12603 4349 2685 4 4 378 15705 1008 1046 4428 4 4 13195 15756 3
I1024 04:20:54.639035 47208816264256 create_pretraining_data.py:161] input_ids: 2 2603 14299 6645 4 4 4 1908 4119 1043 16872 9154 1043 9044 1037 17345 2528 2240 9678 378 6261 1913 1979 3932 2007 12914 1908 16186 2075 25392 3087 4597 2385 1961 2235 24726 2035 16038 14103 18 2476 14299 10652 13328 3571 1908 4 4 16872 9154 1043 3932 6902 2038 26616 4 9333 2370 1972 2461 18 3 2235 4119 1043 13265 9154 4 378 3868 2278 3737 8694 1908 2603 10190 2061 4 2278 29390 24726 28052 4 2061 26676 3268 9847 18 4 4 2498 2614 13828 3814 13171 10196 4684 9030 9725 6670 5617 23407 1043 2846 1031 2029 29234 4233 3309 2614 2295 19456 1974 12603 4349 2685 4 4 378 15705 1008 1046 4428 4 4 13195 15756 3
INFO:tensorflow:input_mask: 1 1 1 1 1 1 1 1 1 1 1 1 1 1 1 1 1 1 1 1 1 1 1 1 1 1 1 1 1 1 1 1 1 1 1 1 1 1 1 1 1 1 1 1 1 1 1 1 1 1 1 1 1 1 1 1 1 1 1 1 1 1 1 1 1 1 1 1 1 1 1 1 1 1 1 1 1 1 1 1 1 1 1 1 1 1 1 1 1 1 1 1 1 1 1 1 1 1 1 1 1 1 1 1 1 1 1 1 1 1 1 1 1 1 1 1 1 1 1 1 1 1 1 1 1 1 1 1
I1024 04:20:54.639168 47208816264256 create_pretraining_data.py:161] input_mask: 1 1 1 1 1 1 1 1 1 1 1 1 1 1 1 1 1 1 1 1 1 1 1 1 1 1 1 1 1 1 1 1 1 1 1 1 1 1 1 1 1 1 1 1 1 1 1 1 1 1 1 1 1 1 1 1 1 1 1 1 1 1 1 1 1 1 1 1 1 1 1 1 1 1 1 1 1 1 1 1 1 1 1 1 1 1 1 1 1 1 1 1 1 1 1 1 1 1 1 1 1 1 1 1 1 1 1 1 1 1 1 1 1 1 1 1 1 1 1 1 1 1 1 1 1 1 1 1
INFO:tensorflow:segment_ids: 0 0 0 0 0 0 0 0 0 0 0 0 0 0 0 0 0 0 0 0 0 0 0 0 0 0 0 0 0 0 0 0 0 0 0 0 0 0 0 0 0 0 0 0 0 0 0 0 0 0 0 0 0 0 0 0 0 0 0 0 0 0 1 1 1 1 1 1 1 1 1 1 1 1 1 1 1 1 1 1 1 1 1 1 1 1 1 1 1 1 1 1 1 1 1 1 1 1 1 1 1 1 1 1 1 1 1 1 1 1 1 1 1 1 1 1 1 1 1 1 1 1 1 1 1 1 1 1
I1024 04:20:54.639302 47208816264256 create_pretraining_data.py:161] segment_ids: 0 0 0 0 0 0 0 0 0 0 0 0 0 0 0 0 0 0 0 0 0 0 0 0 0 0 0 0 0 0 0 0 0 0 0 0 0 0 0 0 0 0 0 0 0 0 0 0 0 0 0 0 0 0 0 0 0 0 0 0 0 0 1 1 1 1 1 1 1 1 1 1 1 1 1 1 1 1 1 1 1 1 1 1 1 1 1 1 1 1 1 1 1 1 1 1 1 1 1 1 1 1 1 1 1 1 1 1 1 1 1 1 1 1 1 1 1 1 1 1 1 1 1 1 1 1 1 1
INFO:tensorflow:masked_lm_positions: 3 4 5 6 46 47 54 55 65 66 67 77 82 88 89 116 117 123 124 0
I1024 04:20:54.639409 47208816264256 create_pretraining_data.py:161] masked_lm_positions: 3 4 5 6 46 47 54 55 65 66 67 77 82 88 89 116 117 123 124 0
INFO:tensorflow:masked_lm_ids: 19584 2385 12777 3571 4119 1043 24726 2035 16872 9154 1043 18377 5675 13714 1006 2314 9585 21160 1017 0
I1024 04:20:54.639503 47208816264256 create_pretraining_data.py:161] masked_lm_ids: 19584 2385 12777 3571 4119 1043 24726 2035 16872 9154 1043 18377 5675 13714 1006 2314 9585 21160 1017 0
INFO:tensorflow:masked_lm_weights: 1.0 1.0 1.0 1.0 1.0 1.0 1.0 1.0 1.0 1.0 1.0 1.0 1.0 1.0 1.0 1.0 1.0 1.0 1.0 0.0
I1024 04:20:54.639597 47208816264256 create_pretraining_data.py:161] masked_lm_weights: 1.0 1.0 1.0 1.0 1.0 1.0 1.0 1.0 1.0 1.0 1.0 1.0 1.0 1.0 1.0 1.0 1.0 1.0 1.0 0.0
INFO:tensorflow:next_sentence_labels: 0
I1024 04:20:54.639681 47208816264256 create_pretraining_data.py:161] next_sentence_labels: 0
INFO:tensorflow:*** Example ***
I1024 04:20:54.640346 47208816264256 create_pretraining_data.py:149] *** Example ***
INFO:tensorflow:tokens: [CLS] © phpBB | [MASK] . ##بين | منتدى مجاني للدعم و المساعدة [MASK] إتصل بنا | التبليغ عن محتوى مخالف | مدونة مجانية [SEP] اهلا بك زائرنا الكريم للتسجيل اضغط هنا قوانين منتدى المسي [MASK] الجزائري - [MASK] مع [MASK] المسي ##لة الجزائري © phpBB | Ahlamontada . com | منتدى مجاني للدعم و [MASK] | إتصل [MASK] | التبليغ عن محتوى مخالف | انشئ مدونة مجانيا [SEP]
I1024 04:20:54.640491 47208816264256 create_pretraining_data.py:151] tokens: [CLS] © phpBB | [MASK] . ##بين | منتدى مجاني للدعم و المساعدة [MASK] إتصل بنا | التبليغ عن محتوى مخالف | مدونة مجانية [SEP] اهلا بك زائرنا الكريم للتسجيل اضغط هنا قوانين منتدى المسي [MASK] الجزائري - [MASK] مع [MASK] المسي ##لة الجزائري © phpBB | Ahlamontada . com | منتدى مجاني للدعم و [MASK] | إتصل [MASK] | التبليغ عن محتوى مخالف | انشئ مدونة مجانيا [SEP]
INFO:tensorflow:input_ids: 2 106 4237 96 4 18 5569 96 2069 3143 2679 415 3661 4 4111 3122 96 3888 1955 3491 3743 96 4688 6206 3 9292 2395 9448 3340 7174 9399 2349 8943 2069 4460 4 6767 17 4 1973 4 4460 2035 6767 106 4237 96 7801 18 4154 96 2069 3143 2679 415 4 96 4111 4 96 3888 1955 3491 3743 96 5292 4688 7350 3 0 0 0 0 0 0 0 0 0 0 0 0 0 0 0 0 0 0 0 0 0 0 0 0 0 0 0 0 0 0 0 0 0 0 0 0 0 0 0 0 0 0 0 0 0 0 0 0 0 0 0 0 0 0 0 0 0 0 0
I1024 04:20:54.640640 47208816264256 create_pretraining_data.py:161] input_ids: 2 106 4237 96 4 18 5569 96 2069 3143 2679 415 3661 4 4111 3122 96 3888 1955 3491 3743 96 4688 6206 3 9292 2395 9448 3340 7174 9399 2349 8943 2069 4460 4 6767 17 4 1973 4 4460 2035 6767 106 4237 96 7801 18 4154 96 2069 3143 2679 415 4 96 4111 4 96 3888 1955 3491 3743 96 5292 4688 7350 3 0 0 0 0 0 0 0 0 0 0 0 0 0 0 0 0 0 0 0 0 0 0 0 0 0 0 0 0 0 0 0 0 0 0 0 0 0 0 0 0 0 0 0 0 0 0 0 0 0 0 0 0 0 0 0 0 0 0 0
INFO:tensorflow:input_mask: 1 1 1 1 1 1 1 1 1 1 1 1 1 1 1 1 1 1 1 1 1 1 1 1 1 1 1 1 1 1 1 1 1 1 1 1 1 1 1 1 1 1 1 1 1 1 1 1 1 1 1 1 1 1 1 1 1 1 1 1 1 1 1 1 1 1 1 1 1 0 0 0 0 0 0 0 0 0 0 0 0 0 0 0 0 0 0 0 0 0 0 0 0 0 0 0 0 0 0 0 0 0 0 0 0 0 0 0 0 0 0 0 0 0 0 0 0 0 0 0 0 0 0 0 0 0 0 0
I1024 04:20:54.640770 47208816264256 create_pretraining_data.py:161] input_mask: 1 1 1 1 1 1 1 1 1 1 1 1 1 1 1 1 1 1 1 1 1 1 1 1 1 1 1 1 1 1 1 1 1 1 1 1 1 1 1 1 1 1 1 1 1 1 1 1 1 1 1 1 1 1 1 1 1 1 1 1 1 1 1 1 1 1 1 1 1 0 0 0 0 0 0 0 0 0 0 0 0 0 0 0 0 0 0 0 0 0 0 0 0 0 0 0 0 0 0 0 0 0 0 0 0 0 0 0 0 0 0 0 0 0 0 0 0 0 0 0 0 0 0 0 0 0 0 0
INFO:tensorflow:segment_ids: 0 0 0 0 0 0 0 0 0 0 0 0 0 0 0 0 0 0 0 0 0 0 0 0 0 1 1 1 1 1 1 1 1 1 1 1 1 1 1 1 1 1 1 1 1 1 1 1 1 1 1 1 1 1 1 1 1 1 1 1 1 1 1 1 1 1 1 1 1 0 0 0 0 0 0 0 0 0 0 0 0 0 0 0 0 0 0 0 0 0 0 0 0 0 0 0 0 0 0 0 0 0 0 0 0 0 0 0 0 0 0 0 0 0 0 0 0 0 0 0 0 0 0 0 0 0 0 0
I1024 04:20:54.640893 47208816264256 create_pretraining_data.py:161] segment_ids: 0 0 0 0 0 0 0 0 0 0 0 0 0 0 0 0 0 0 0 0 0 0 0 0 0 1 1 1 1 1 1 1 1 1 1 1 1 1 1 1 1 1 1 1 1 1 1 1 1 1 1 1 1 1 1 1 1 1 1 1 1 1 1 1 1 1 1 1 1 0 0 0 0 0 0 0 0 0 0 0 0 0 0 0 0 0 0 0 0 0 0 0 0 0 0 0 0 0 0 0 0 0 0 0 0 0 0 0 0 0 0 0 0 0 0 0 0 0 0 0 0 0 0 0 0 0 0 0
INFO:tensorflow:masked_lm_positions: 4 6 13 34 35 38 40 48 55 58 0 0 0 0 0 0 0 0 0 0
I1024 04:20:54.641004 47208816264256 create_pretraining_data.py:161] masked_lm_positions: 4 6 13 34 35 38 40 48 55 58 0 0 0 0 0 0 0 0 0 0
INFO:tensorflow:masked_lm_ids: 7801 4154 96 4460 2035 7346 3957 18 3661 3122 0 0 0 0 0 0 0 0 0 0
I1024 04:20:54.641095 47208816264256 create_pretraining_data.py:161] masked_lm_ids: 7801 4154 96 4460 2035 7346 3957 18 3661 3122 0 0 0 0 0 0 0 0 0 0
INFO:tensorflow:masked_lm_weights: 1.0 1.0 1.0 1.0 1.0 1.0 1.0 1.0 1.0 1.0 0.0 0.0 0.0 0.0 0.0 0.0 0.0 0.0 0.0 0.0
I1024 04:20:54.641188 47208816264256 create_pretraining_data.py:161] masked_lm_weights: 1.0 1.0 1.0 1.0 1.0 1.0 1.0 1.0 1.0 1.0 0.0 0.0 0.0 0.0 0.0 0.0 0.0 0.0 0.0 0.0
INFO:tensorflow:next_sentence_labels: 1
I1024 04:20:54.641278 47208816264256 create_pretraining_data.py:161] next_sentence_labels: 1
INFO:tensorflow:*** Example ***
I1024 04:20:54.641963 47208816264256 create_pretraining_data.py:149] *** Example ***
INFO:tensorflow:tokens: [CLS] ##x نبض الحدث : الولايات المتحدة ترحب بإ ##فراج [MASK] الفلاش عن مواطن أمريكي نبض الحدث : رحبت الولايات المتحدة الأمريكي [MASK] . . t [MASK] co [MASK] j ##U ##d ##J ##r ##r ##m ##c ##Y ##p التقنية بلا حدود [MASK] الفيس بوك تؤكد حذف أكثر من 1 [MASK] 5 مليار حساب في 2018 التقنية بلا حدود : هذا الموضوع الفيس بوك [SEP] [MASK] المنافسة تعبئة طلب [MASK] وإ ##رفا ##ق كافة الوثائق المطلوبة مصدق ##ة وإ ##رسال ##ها إلى الامان ##ة العامة لمنظمة التعاون الإسلامي [MASK] العنوان التالي : المملكة [MASK] [MASK] وتضمن جدة ( ص [MASK] [MASK] 17 ##8 ، جدة 21 ##41 ##1 ) ، بريد الكتروني : Z ##g ##h ##ou ##l @ o ##ic - o ##c ##i . [MASK] [SEP]
I1024 04:20:54.642133 47208816264256 create_pretraining_data.py:151] tokens: [CLS] ##x نبض الحدث : الولايات المتحدة ترحب بإ ##فراج [MASK] الفلاش عن مواطن أمريكي نبض الحدث : رحبت الولايات المتحدة الأمريكي [MASK] . . t [MASK] co [MASK] j ##U ##d ##J ##r ##r ##m ##c ##Y ##p التقنية بلا حدود [MASK] الفيس بوك تؤكد حذف أكثر من 1 [MASK] 5 مليار حساب في 2018 التقنية بلا حدود : هذا الموضوع الفيس بوك [SEP] [MASK] المنافسة تعبئة طلب [MASK] وإ ##رفا ##ق كافة الوثائق المطلوبة مصدق ##ة وإ ##رسال ##ها إلى الامان ##ة العامة لمنظمة التعاون الإسلامي [MASK] العنوان التالي : المملكة [MASK] [MASK] وتضمن جدة ( ص [MASK] [MASK] 17 ##8 ، جدة 21 ##41 ##1 ) ، بريد الكتروني : Z ##g ##h ##ou ##l @ o ##ic - o ##c ##i . [MASK] [SEP]
INFO:tensorflow:input_ids: 2 1068 7680 9846 30 3233 2687 24682 2935 26945 4 17092 1955 6375 14298 7680 9846 30 28934 3233 2687 5939 4 18 18 88 4 4587 4 78 1088 1047 1089 1091 1091 1103 1024 1070 1087 5775 2701 5402 4 12361 7216 8758 9144 2976 1908 21 4 25 4905 3144 1912 2635 5775 2701 5402 30 2085 3394 12361 7216 3 4 12469 21791 2922 4 2358 24559 1011 4294 11108 10849 25555 1043 2358 5036 1913 2045 14018 1043 2754 20030 4209 4551 4 11005 7794 30 3835 4 4 26607 8269 12 401 4 4 3519 1018 378 8269 3960 15467 1029 13 378 9540 17558 30 62 1025 1094 4543 1096 36 83 3443 17 83 1024 1050 18 4 3
I1024 04:20:54.642292 47208816264256 create_pretraining_data.py:161] input_ids: 2 1068 7680 9846 30 3233 2687 24682 2935 26945 4 17092 1955 6375 14298 7680 9846 30 28934 3233 2687 5939 4 18 18 88 4 4587 4 78 1088 1047 1089 1091 1091 1103 1024 1070 1087 5775 2701 5402 4 12361 7216 8758 9144 2976 1908 21 4 25 4905 3144 1912 2635 5775 2701 5402 30 2085 3394 12361 7216 3 4 12469 21791 2922 4 2358 24559 1011 4294 11108 10849 25555 1043 2358 5036 1913 2045 14018 1043 2754 20030 4209 4551 4 11005 7794 30 3835 4 4 26607 8269 12 401 4 4 3519 1018 378 8269 3960 15467 1029 13 378 9540 17558 30 62 1025 1094 4543 1096 36 83 3443 17 83 1024 1050 18 4 3
INFO:tensorflow:input_mask: 1 1 1 1 1 1 1 1 1 1 1 1 1 1 1 1 1 1 1 1 1 1 1 1 1 1 1 1 1 1 1 1 1 1 1 1 1 1 1 1 1 1 1 1 1 1 1 1 1 1 1 1 1 1 1 1 1 1 1 1 1 1 1 1 1 1 1 1 1 1 1 1 1 1 1 1 1 1 1 1 1 1 1 1 1 1 1 1 1 1 1 1 1 1 1 1 1 1 1 1 1 1 1 1 1 1 1 1 1 1 1 1 1 1 1 1 1 1 1 1 1 1 1 1 1 1 1 1
I1024 04:20:54.642439 47208816264256 create_pretraining_data.py:161] input_mask: 1 1 1 1 1 1 1 1 1 1 1 1 1 1 1 1 1 1 1 1 1 1 1 1 1 1 1 1 1 1 1 1 1 1 1 1 1 1 1 1 1 1 1 1 1 1 1 1 1 1 1 1 1 1 1 1 1 1 1 1 1 1 1 1 1 1 1 1 1 1 1 1 1 1 1 1 1 1 1 1 1 1 1 1 1 1 1 1 1 1 1 1 1 1 1 1 1 1 1 1 1 1 1 1 1 1 1 1 1 1 1 1 1 1 1 1 1 1 1 1 1 1 1 1 1 1 1 1
INFO:tensorflow:segment_ids: 0 0 0 0 0 0 0 0 0 0 0 0 0 0 0 0 0 0 0 0 0 0 0 0 0 0 0 0 0 0 0 0 0 0 0 0 0 0 0 0 0 0 0 0 0 0 0 0 0 0 0 0 0 0 0 0 0 0 0 0 0 0 0 0 0 1 1 1 1 1 1 1 1 1 1 1 1 1 1 1 1 1 1 1 1 1 1 1 1 1 1 1 1 1 1 1 1 1 1 1 1 1 1 1 1 1 1 1 1 1 1 1 1 1 1 1 1 1 1 1 1 1 1 1 1 1 1 1
I1024 04:20:54.642566 47208816264256 create_pretraining_data.py:161] segment_ids: 0 0 0 0 0 0 0 0 0 0 0 0 0 0 0 0 0 0 0 0 0 0 0 0 0 0 0 0 0 0 0 0 0 0 0 0 0 0 0 0 0 0 0 0 0 0 0 0 0 0 0 0 0 0 0 0 0 0 0 0 0 0 0 0 0 1 1 1 1 1 1 1 1 1 1 1 1 1 1 1 1 1 1 1 1 1 1 1 1 1 1 1 1 1 1 1 1 1 1 1 1 1 1 1 1 1 1 1 1 1 1 1 1 1 1 1 1 1 1 1 1 1 1 1 1 1 1 1
INFO:tensorflow:masked_lm_positions: 1 6 10 11 16 22 26 28 42 50 65 69 88 93 94 95 99 100 126 0
I1024 04:20:54.642661 47208816264256 create_pretraining_data.py:161] masked_lm_positions: 1 6 10 11 16 22 26 28 42 50 65 69 88 93 94 95 99 100 126 0
INFO:tensorflow:masked_lm_ids: 1068 2687 7142 6403 9846 18 18 19 30 18 1912 4874 1961 2488 3032 378 18 388 18965 0
I1024 04:20:54.642752 47208816264256 create_pretraining_data.py:161] masked_lm_ids: 1068 2687 7142 6403 9846 18 18 19 30 18 1912 4874 1961 2488 3032 378 18 388 18965 0
INFO:tensorflow:masked_lm_weights: 1.0 1.0 1.0 1.0 1.0 1.0 1.0 1.0 1.0 1.0 1.0 1.0 1.0 1.0 1.0 1.0 1.0 1.0 1.0 0.0
I1024 04:20:54.642844 47208816264256 create_pretraining_data.py:161] masked_lm_weights: 1.0 1.0 1.0 1.0 1.0 1.0 1.0 1.0 1.0 1.0 1.0 1.0 1.0 1.0 1.0 1.0 1.0 1.0 1.0 0.0
INFO:tensorflow:next_sentence_labels: 1
I1024 04:20:54.642927 47208816264256 create_pretraining_data.py:161] next_sentence_labels: 1
INFO:tensorflow:*** Example ***
I1024 04:20:54.643606 47208816264256 create_pretraining_data.py:149] *** Example ***
INFO:tensorflow:tokens: [CLS] . محمد بن عبدالوهاب الفري ##دان ، الطلاب والطالبات [MASK] خريجي الثانوية العامة على ما حقق ##وه من نتائج ، سائلا الله لهم التوفيق في تحقيق آمال ##هم في حياتهم [MASK] المقبلة . وأضاف أن [MASK] الملك فيصل اعتمد ##ت [MASK] ##ا للتق ##ويم الزمني لأ ##عمال القبول للعام الجامعي 1439 / 1440 ##ه وهو على النحو التالي : 1 . الخميس 7 تبدو 10 / 1439 ##ه 21 / 6 / 2018 بداية [MASK] تقديم طلبات الالت ##حاق بالجامعة عن طريق الليبية الالكترونية عبر موقع الجامعة ( هنا [SEP] الاثنين [MASK] [MASK] 10 / 1439 ##ه [MASK] / 6 [MASK] 2018 نهاية فترة [MASK] [MASK] الالت ##حاق [MASK] وست ##غلق البوابة الالكترونية للق ##بول في تمام الساعة الثانية ظهرا ( طلاب / [MASK] ) . [SEP]
I1024 04:20:54.643771 47208816264256 create_pretraining_data.py:151] tokens: [CLS] . محمد بن عبدالوهاب الفري ##دان ، الطلاب والطالبات [MASK] خريجي الثانوية العامة على ما حقق ##وه من نتائج ، سائلا الله لهم التوفيق في تحقيق آمال ##هم في حياتهم [MASK] المقبلة . وأضاف أن [MASK] الملك فيصل اعتمد ##ت [MASK] ##ا للتق ##ويم الزمني لأ ##عمال القبول للعام الجامعي 1439 / 1440 ##ه وهو على النحو التالي : 1 . الخميس 7 تبدو 10 / 1439 ##ه 21 / 6 / 2018 بداية [MASK] تقديم طلبات الالت ##حاق بالجامعة عن طريق الليبية الالكترونية عبر موقع الجامعة ( هنا [SEP] الاثنين [MASK] [MASK] 10 / 1439 ##ه [MASK] / 6 [MASK] 2018 نهاية فترة [MASK] [MASK] الالت ##حاق [MASK] وست ##غلق البوابة الالكترونية للق ##بول في تمام الساعة الثانية ظهرا ( طلاب / [MASK] ) . [SEP]
INFO:tensorflow:input_ids: 2 18 2202 2040 23437 15030 21567 378 5357 19492 4 25210 6688 2754 1961 1972 6724 2283 1908 4650 378 29820 1953 2899 8057 1912 4352 22629 1949 1912 12851 4 6775 18 4214 1979 4 2676 5689 12875 1005 4 1007 21305 7543 27022 2471 2657 11189 8204 11580 25109 19 13875 1028 2400 1961 12993 7794 30 21 18 3891 27 11417 2667 19 25109 1028 3960 19 26 19 2635 4834 4 4495 4286 8022 7625 20156 1955 3160 13501 8285 2830 2867 4874 12 2349 3 4439 4 4 2667 19 25109 1028 4 19 26 4 2635 4653 5269 4 4 8022 7625 4 4709 21805 18604 8285 3178 6139 1912 9925 4578 3577 21425 12 6425 19 4 13 18 3
I1024 04:20:54.643939 47208816264256 create_pretraining_data.py:161] input_ids: 2 18 2202 2040 23437 15030 21567 378 5357 19492 4 25210 6688 2754 1961 1972 6724 2283 1908 4650 378 29820 1953 2899 8057 1912 4352 22629 1949 1912 12851 4 6775 18 4214 1979 4 2676 5689 12875 1005 4 1007 21305 7543 27022 2471 2657 11189 8204 11580 25109 19 13875 1028 2400 1961 12993 7794 30 21 18 3891 27 11417 2667 19 25109 1028 3960 19 26 19 2635 4834 4 4495 4286 8022 7625 20156 1955 3160 13501 8285 2830 2867 4874 12 2349 3 4439 4 4 2667 19 25109 1028 4 19 26 4 2635 4653 5269 4 4 8022 7625 4 4709 21805 18604 8285 3178 6139 1912 9925 4578 3577 21425 12 6425 19 4 13 18 3
INFO:tensorflow:input_mask: 1 1 1 1 1 1 1 1 1 1 1 1 1 1 1 1 1 1 1 1 1 1 1 1 1 1 1 1 1 1 1 1 1 1 1 1 1 1 1 1 1 1 1 1 1 1 1 1 1 1 1 1 1 1 1 1 1 1 1 1 1 1 1 1 1 1 1 1 1 1 1 1 1 1 1 1 1 1 1 1 1 1 1 1 1 1 1 1 1 1 1 1 1 1 1 1 1 1 1 1 1 1 1 1 1 1 1 1 1 1 1 1 1 1 1 1 1 1 1 1 1 1 1 1 1 1 1 1
I1024 04:20:54.644073 47208816264256 create_pretraining_data.py:161] input_mask: 1 1 1 1 1 1 1 1 1 1 1 1 1 1 1 1 1 1 1 1 1 1 1 1 1 1 1 1 1 1 1 1 1 1 1 1 1 1 1 1 1 1 1 1 1 1 1 1 1 1 1 1 1 1 1 1 1 1 1 1 1 1 1 1 1 1 1 1 1 1 1 1 1 1 1 1 1 1 1 1 1 1 1 1 1 1 1 1 1 1 1 1 1 1 1 1 1 1 1 1 1 1 1 1 1 1 1 1 1 1 1 1 1 1 1 1 1 1 1 1 1 1 1 1 1 1 1 1
INFO:tensorflow:segment_ids: 0 0 0 0 0 0 0 0 0 0 0 0 0 0 0 0 0 0 0 0 0 0 0 0 0 0 0 0 0 0 0 0 0 0 0 0 0 0 0 0 0 0 0 0 0 0 0 0 0 0 0 0 0 0 0 0 0 0 0 0 0 0 0 0 0 0 0 0 0 0 0 0 0 0 0 0 0 0 0 0 0 0 0 0 0 0 0 0 0 0 0 1 1 1 1 1 1 1 1 1 1 1 1 1 1 1 1 1 1 1 1 1 1 1 1 1 1 1 1 1 1 1 1 1 1 1 1 1
I1024 04:20:54.644200 47208816264256 create_pretraining_data.py:161] segment_ids: 0 0 0 0 0 0 0 0 0 0 0 0 0 0 0 0 0 0 0 0 0 0 0 0 0 0 0 0 0 0 0 0 0 0 0 0 0 0 0 0 0 0 0 0 0 0 0 0 0 0 0 0 0 0 0 0 0 0 0 0 0 0 0 0 0 0 0 0 0 0 0 0 0 0 0 0 0 0 0 0 0 0 0 0 0 0 0 0 0 0 0 1 1 1 1 1 1 1 1 1 1 1 1 1 1 1 1 1 1 1 1 1 1 1 1 1 1 1 1 1 1 1 1 1 1 1 1 1
INFO:tensorflow:masked_lm_positions: 10 18 31 36 41 42 64 71 75 83 92 93 95 98 101 105 106 109 124 0
I1024 04:20:54.644300 47208816264256 create_pretraining_data.py:161] masked_lm_positions: 10 18 31 36 41 42 64 71 75 83 92 93 95 98 101 105 106 109 124 0
INFO:tensorflow:masked_lm_ids: 1908 1908 5287 4175 9390 1007 19 26 5269 18604 2780 19 19 3525 19 4495 4286 20156 19847 0
I1024 04:20:54.644392 47208816264256 create_pretraining_data.py:161] masked_lm_ids: 1908 1908 5287 4175 9390 1007 19 26 5269 18604 2780 19 19 3525 19 4495 4286 20156 19847 0
INFO:tensorflow:masked_lm_weights: 1.0 1.0 1.0 1.0 1.0 1.0 1.0 1.0 1.0 1.0 1.0 1.0 1.0 1.0 1.0 1.0 1.0 1.0 1.0 0.0
I1024 04:20:54.644484 47208816264256 create_pretraining_data.py:161] masked_lm_weights: 1.0 1.0 1.0 1.0 1.0 1.0 1.0 1.0 1.0 1.0 1.0 1.0 1.0 1.0 1.0 1.0 1.0 1.0 1.0 0.0
INFO:tensorflow:next_sentence_labels: 0
I1024 04:20:54.644580 47208816264256 create_pretraining_data.py:161] next_sentence_labels: 0
INFO:tensorflow:*** Example ***
I1024 04:20:54.645285 47208816264256 create_pretraining_data.py:149] *** Example ***
INFO:tensorflow:tokens: [CLS] ون ##غا ##شة ##حف ##لات تخر ##يجا ##قتصاد ##قل ##وب [MASK] [MASK] php فن ##رس ##وم متحركة ##افل ##ام [MASK] فول بنزين ##صور [MASK] سيخ استشارة ##الب ##وم صورا ##طفال قامت النجمة الع ##كاوي ##ة لينا مخ ##ول والح ##ائزة على لقب the v ##o ##ice باعت اشهدك مسرح مقهى " H ##AR ##D R ##OC ##K CA ##F ##E " في مدينة [SEP] ##ها ##ڬ ##ين [MASK] [MASK] [MASK] كان ##ق ##٢ دان اي ##بو با ##ڤ برس ##ام توا ##نك ##و سيد فائ ##زال ##دين ڤ ##وتر ##ا جمال الي ##ل دان [MASK] Sh [MASK] حاجه ليلة الشهري ##ن عكا ##شه خليل سبل ##وم ڤ ##پ ##رت ##ا [UNK] ي ڤ ##رو ##ڬ ##رم ايوه كاي ##وه [MASK] كوال ##ا [MASK] [MASK] [MASK] ، [SEP]
I1024 04:20:54.645458 47208816264256 create_pretraining_data.py:151] tokens: [CLS] ون ##غا ##شة ##حف ##لات تخر ##يجا ##قتصاد ##قل ##وب [MASK] [MASK] php فن ##رس ##وم متحركة ##افل ##ام [MASK] فول بنزين ##صور [MASK] سيخ استشارة ##الب ##وم صورا ##طفال قامت النجمة الع ##كاوي ##ة لينا مخ ##ول والح ##ائزة على لقب the v ##o ##ice باعت اشهدك مسرح مقهى " H ##AR ##D R ##OC ##K CA ##F ##E " في مدينة [SEP] ##ها ##ڬ ##ين [MASK] [MASK] [MASK] كان ##ق ##٢ دان اي ##بو با ##ڤ برس ##ام توا ##نك ##و سيد فائ ##زال ##دين ڤ ##وتر ##ا جمال الي ##ل دان [MASK] Sh [MASK] حاجه ليلة الشهري ##ن عكا ##شه خليل سبل ##وم ڤ ##پ ##رت ##ا [UNK] ي ڤ ##رو ##ڬ ##رم ايوه كاي ##وه [MASK] كوال ##ا [MASK] [MASK] [MASK] ، [SEP]
INFO:tensorflow:input_ids: 2 2263 5459 3463 4565 2160 28050 12828 3038 2246 2058 4 4 4171 3718 2373 1967 22426 8915 1921 4 13813 24820 3496 4 25785 21952 2653 1967 19897 2531 5859 18117 1924 5801 1043 16949 2523 1940 2674 5720 1961 8140 8643 90 1051 9523 6674 29863 7639 20978 6 44 7006 1100 54 24836 1065 23478 1022 1072 6 1912 3255 3 1913 1371 1911 4 4 4 2055 1011 1182 17539 2218 5467 2156 1225 7217 1921 3769 2923 1012 3708 9001 3622 2292 456 3083 1007 3682 2002 1010 17539 4 11012 4 3909 7393 11093 1006 12233 3990 8859 13562 1967 456 1078 2148 1007 1 417 456 1981 1371 2344 25041 25686 2283 4 10648 1007 4 4 4 378 3
I1024 04:20:54.645612 47208816264256 create_pretraining_data.py:161] input_ids: 2 2263 5459 3463 4565 2160 28050 12828 3038 2246 2058 4 4 4171 3718 2373 1967 22426 8915 1921 4 13813 24820 3496 4 25785 21952 2653 1967 19897 2531 5859 18117 1924 5801 1043 16949 2523 1940 2674 5720 1961 8140 8643 90 1051 9523 6674 29863 7639 20978 6 44 7006 1100 54 24836 1065 23478 1022 1072 6 1912 3255 3 1913 1371 1911 4 4 4 2055 1011 1182 17539 2218 5467 2156 1225 7217 1921 3769 2923 1012 3708 9001 3622 2292 456 3083 1007 3682 2002 1010 17539 4 11012 4 3909 7393 11093 1006 12233 3990 8859 13562 1967 456 1078 2148 1007 1 417 456 1981 1371 2344 25041 25686 2283 4 10648 1007 4 4 4 378 3
INFO:tensorflow:input_mask: 1 1 1 1 1 1 1 1 1 1 1 1 1 1 1 1 1 1 1 1 1 1 1 1 1 1 1 1 1 1 1 1 1 1 1 1 1 1 1 1 1 1 1 1 1 1 1 1 1 1 1 1 1 1 1 1 1 1 1 1 1 1 1 1 1 1 1 1 1 1 1 1 1 1 1 1 1 1 1 1 1 1 1 1 1 1 1 1 1 1 1 1 1 1 1 1 1 1 1 1 1 1 1 1 1 1 1 1 1 1 1 1 1 1 1 1 1 1 1 1 1 1 1 1 1 1 1 1
I1024 04:20:54.645743 47208816264256 create_pretraining_data.py:161] input_mask: 1 1 1 1 1 1 1 1 1 1 1 1 1 1 1 1 1 1 1 1 1 1 1 1 1 1 1 1 1 1 1 1 1 1 1 1 1 1 1 1 1 1 1 1 1 1 1 1 1 1 1 1 1 1 1 1 1 1 1 1 1 1 1 1 1 1 1 1 1 1 1 1 1 1 1 1 1 1 1 1 1 1 1 1 1 1 1 1 1 1 1 1 1 1 1 1 1 1 1 1 1 1 1 1 1 1 1 1 1 1 1 1 1 1 1 1 1 1 1 1 1 1 1 1 1 1 1 1
INFO:tensorflow:segment_ids: 0 0 0 0 0 0 0 0 0 0 0 0 0 0 0 0 0 0 0 0 0 0 0 0 0 0 0 0 0 0 0 0 0 0 0 0 0 0 0 0 0 0 0 0 0 0 0 0 0 0 0 0 0 0 0 0 0 0 0 0 0 0 0 0 0 1 1 1 1 1 1 1 1 1 1 1 1 1 1 1 1 1 1 1 1 1 1 1 1 1 1 1 1 1 1 1 1 1 1 1 1 1 1 1 1 1 1 1 1 1 1 1 1 1 1 1 1 1 1 1 1 1 1 1 1 1 1 1
I1024 04:20:54.645880 47208816264256 create_pretraining_data.py:161] segment_ids: 0 0 0 0 0 0 0 0 0 0 0 0 0 0 0 0 0 0 0 0 0 0 0 0 0 0 0 0 0 0 0 0 0 0 0 0 0 0 0 0 0 0 0 0 0 0 0 0 0 0 0 0 0 0 0 0 0 0 0 0 0 0 0 0 0 1 1 1 1 1 1 1 1 1 1 1 1 1 1 1 1 1 1 1 1 1 1 1 1 1 1 1 1 1 1 1 1 1 1 1 1 1 1 1 1 1 1 1 1 1 1 1 1 1 1 1 1 1 1 1 1 1 1 1 1 1 1 1
INFO:tensorflow:masked_lm_positions: 11 12 13 20 24 25 47 48 68 69 70 84 95 96 97 120 123 124 125 0
I1024 04:20:54.645976 47208816264256 create_pretraining_data.py:161] masked_lm_positions: 11 12 13 20 24 25 47 48 68 69 70 84 95 96 97 120 123 124 125 0
INFO:tensorflow:masked_lm_ids: 2971 7823 1043 14790 9497 2236 6674 2602 3705 1225 1016 3708 3769 2923 1012 378 2043 1225 1936 0
I1024 04:20:54.646067 47208816264256 create_pretraining_data.py:161] masked_lm_ids: 2971 7823 1043 14790 9497 2236 6674 2602 3705 1225 1016 3708 3769 2923 1012 378 2043 1225 1936 0
INFO:tensorflow:masked_lm_weights: 1.0 1.0 1.0 1.0 1.0 1.0 1.0 1.0 1.0 1.0 1.0 1.0 1.0 1.0 1.0 1.0 1.0 1.0 1.0 0.0
I1024 04:20:54.646160 47208816264256 create_pretraining_data.py:161] masked_lm_weights: 1.0 1.0 1.0 1.0 1.0 1.0 1.0 1.0 1.0 1.0 1.0 1.0 1.0 1.0 1.0 1.0 1.0 1.0 1.0 0.0
INFO:tensorflow:next_sentence_labels: 1
I1024 04:20:54.646257 47208816264256 create_pretraining_data.py:161] next_sentence_labels: 1
INFO:tensorflow:*** Example ***
I1024 04:20:54.646929 47208816264256 create_pretraining_data.py:149] *** Example ***
INFO:tensorflow:tokens: [CLS] يمكنك الإ ##قت ##باس من جملة أو مشاركة سابقة وذلك بواسطة نسخ [MASK] الجملة ثم إل ##ص ##قها بين [MASK] الكود ##ين كما في [MASK] التالي . [SEP] مراجعة في قواعد اللغة العربية للسنة [MASK] متوسط الاستاذ اللغة [MASK] للسنة الاولى [MASK] 1 05 - 14 [MASK] [MASK] 03 : 59 PM مط ##ويات [MASK] [MASK] [MASK] اللغة العربية سنة رابعة متوسط الاستاذ منتدى السنة الرابعة متوسط be ##m 0 01 - 18 - 2014 12 : 16 AM [SEP]
I1024 04:20:54.647077 47208816264256 create_pretraining_data.py:151] tokens: [CLS] يمكنك الإ ##قت ##باس من جملة أو مشاركة سابقة وذلك بواسطة نسخ [MASK] الجملة ثم إل ##ص ##قها بين [MASK] الكود ##ين كما في [MASK] التالي . [SEP] مراجعة في قواعد اللغة العربية للسنة [MASK] متوسط الاستاذ اللغة [MASK] للسنة الاولى [MASK] 1 05 - 14 [MASK] [MASK] 03 : 59 PM مط ##ويات [MASK] [MASK] [MASK] اللغة العربية سنة رابعة متوسط الاستاذ منتدى السنة الرابعة متوسط be ##m 0 01 - 18 - 2014 12 : 16 AM [SEP]
INFO:tensorflow:input_ids: 2 4521 2010 2039 3482 1908 11686 2075 5021 11404 3133 6888 10662 4 17782 2371 20509 1031 7637 2117 4 22159 1911 2306 1912 4 7794 18 3 9661 1912 8101 3273 2488 6155 4 4869 8465 3273 4 6155 5531 4 21 2819 17 2951 4 4 6257 30 9877 6033 2274 4318 4 4 4 3273 2488 3234 23625 4869 8465 2069 3271 5771 4869 13954 1103 20 5479 17 3328 17 4296 2919 30 3367 6801 3 0 0 0 0 0 0 0 0 0 0 0 0 0 0 0 0 0 0 0 0 0 0 0 0 0 0 0 0 0 0 0 0 0 0 0 0 0 0 0 0 0 0 0 0 0 0 0
I1024 04:20:54.647225 47208816264256 create_pretraining_data.py:161] input_ids: 2 4521 2010 2039 3482 1908 11686 2075 5021 11404 3133 6888 10662 4 17782 2371 20509 1031 7637 2117 4 22159 1911 2306 1912 4 7794 18 3 9661 1912 8101 3273 2488 6155 4 4869 8465 3273 4 6155 5531 4 21 2819 17 2951 4 4 6257 30 9877 6033 2274 4318 4 4 4 3273 2488 3234 23625 4869 8465 2069 3271 5771 4869 13954 1103 20 5479 17 3328 17 4296 2919 30 3367 6801 3 0 0 0 0 0 0 0 0 0 0 0 0 0 0 0 0 0 0 0 0 0 0 0 0 0 0 0 0 0 0 0 0 0 0 0 0 0 0 0 0 0 0 0 0 0 0 0
INFO:tensorflow:input_mask: 1 1 1 1 1 1 1 1 1 1 1 1 1 1 1 1 1 1 1 1 1 1 1 1 1 1 1 1 1 1 1 1 1 1 1 1 1 1 1 1 1 1 1 1 1 1 1 1 1 1 1 1 1 1 1 1 1 1 1 1 1 1 1 1 1 1 1 1 1 1 1 1 1 1 1 1 1 1 1 1 1 0 0 0 0 0 0 0 0 0 0 0 0 0 0 0 0 0 0 0 0 0 0 0 0 0 0 0 0 0 0 0 0 0 0 0 0 0 0 0 0 0 0 0 0 0 0 0
I1024 04:20:54.647375 47208816264256 create_pretraining_data.py:161] input_mask: 1 1 1 1 1 1 1 1 1 1 1 1 1 1 1 1 1 1 1 1 1 1 1 1 1 1 1 1 1 1 1 1 1 1 1 1 1 1 1 1 1 1 1 1 1 1 1 1 1 1 1 1 1 1 1 1 1 1 1 1 1 1 1 1 1 1 1 1 1 1 1 1 1 1 1 1 1 1 1 1 1 0 0 0 0 0 0 0 0 0 0 0 0 0 0 0 0 0 0 0 0 0 0 0 0 0 0 0 0 0 0 0 0 0 0 0 0 0 0 0 0 0 0 0 0 0 0 0
INFO:tensorflow:segment_ids: 0 0 0 0 0 0 0 0 0 0 0 0 0 0 0 0 0 0 0 0 0 0 0 0 0 0 0 0 0 1 1 1 1 1 1 1 1 1 1 1 1 1 1 1 1 1 1 1 1 1 1 1 1 1 1 1 1 1 1 1 1 1 1 1 1 1 1 1 1 1 1 1 1 1 1 1 1 1 1 1 1 0 0 0 0 0 0 0 0 0 0 0 0 0 0 0 0 0 0 0 0 0 0 0 0 0 0 0 0 0 0 0 0 0 0 0 0 0 0 0 0 0 0 0 0 0 0 0
I1024 04:20:54.647502 47208816264256 create_pretraining_data.py:161] segment_ids: 0 0 0 0 0 0 0 0 0 0 0 0 0 0 0 0 0 0 0 0 0 0 0 0 0 0 0 0 0 1 1 1 1 1 1 1 1 1 1 1 1 1 1 1 1 1 1 1 1 1 1 1 1 1 1 1 1 1 1 1 1 1 1 1 1 1 1 1 1 1 1 1 1 1 1 1 1 1 1 1 1 0 0 0 0 0 0 0 0 0 0 0 0 0 0 0 0 0 0 0 0 0 0 0 0 0 0 0 0 0 0 0 0 0 0 0 0 0 0 0 0 0 0 0 0 0 0 0
INFO:tensorflow:masked_lm_positions: 13 20 25 35 37 39 42 47 48 55 56 57 0 0 0 0 0 0 0 0
I1024 04:20:54.647597 47208816264256 create_pretraining_data.py:161] masked_lm_positions: 13 20 25 35 37 39 42 47 48 55 56 57 0 0 0 0 0 0 0 0
INFO:tensorflow:masked_lm_ids: 3041 18690 10297 3362 8465 2488 4869 17 3400 5916 1014 8101 0 0 0 0 0 0 0 0
I1024 04:20:54.647686 47208816264256 create_pretraining_data.py:161] masked_lm_ids: 3041 18690 10297 3362 8465 2488 4869 17 3400 5916 1014 8101 0 0 0 0 0 0 0 0
INFO:tensorflow:masked_lm_weights: 1.0 1.0 1.0 1.0 1.0 1.0 1.0 1.0 1.0 1.0 1.0 1.0 0.0 0.0 0.0 0.0 0.0 0.0 0.0 0.0
I1024 04:20:54.647778 47208816264256 create_pretraining_data.py:161] masked_lm_weights: 1.0 1.0 1.0 1.0 1.0 1.0 1.0 1.0 1.0 1.0 1.0 1.0 0.0 0.0 0.0 0.0 0.0 0.0 0.0 0.0
INFO:tensorflow:next_sentence_labels: 1
I1024 04:20:54.647861 47208816264256 create_pretraining_data.py:161] next_sentence_labels: 1
INFO:tensorflow:*** Example ***
I1024 04:20:54.648541 47208816264256 create_pretraining_data.py:149] *** Example ***
INFO:tensorflow:tokens: [CLS] [MASK] [MASK] الرعب في [MASK] يمكنك القيام بأي شيء ترغب فيه ، لذلك فإنك في حاجة لأ ##عداء لإ ##شع ##ار الآخرين بالخ ##وف ولفت ##رة طويلة ، كان بالو ##سع الت ##ظاهر بأن الروس قادم ##ون أو الصيني ##ين قادم ##ون أو ما شابه ذلك ولم يعد بوسعك القيام بذلك [MASK] لذلك [MASK] الإرهابي ##ون الدولي ##ون والعرب المتش ##دد ##ون ومر ##وج ##و المخدرات وع ##صابات الإج ##رام أي ينبغي وجود شيء من هذا [MASK] [MASK] . انها [MASK] [MASK] ، أع ##ني أنه يمكن أن يكون هناك التلفزيون من صدام فلا توجد أي فكرة دعا ##ئية إلا [MASK] [SEP] أهلا وسهلا بك زائرنا الكريم , [MASK] لم تقم بتسجيل [MASK] بعد ! [MASK] أن تقوم بالدخول أو التسجيل [MASK] رغبت بالمشاركة [MASK] المنتدى [SEP]
I1024 04:20:54.648709 47208816264256 create_pretraining_data.py:151] tokens: [CLS] [MASK] [MASK] الرعب في [MASK] يمكنك القيام بأي شيء ترغب فيه ، لذلك فإنك في حاجة لأ ##عداء لإ ##شع ##ار الآخرين بالخ ##وف ولفت ##رة طويلة ، كان بالو ##سع الت ##ظاهر بأن الروس قادم ##ون أو الصيني ##ين قادم ##ون أو ما شابه ذلك ولم يعد بوسعك القيام بذلك [MASK] لذلك [MASK] الإرهابي ##ون الدولي ##ون والعرب المتش ##دد ##ون ومر ##وج ##و المخدرات وع ##صابات الإج ##رام أي ينبغي وجود شيء من هذا [MASK] [MASK] . انها [MASK] [MASK] ، أع ##ني أنه يمكن أن يكون هناك التلفزيون من صدام فلا توجد أي فكرة دعا ##ئية إلا [MASK] [SEP] أهلا وسهلا بك زائرنا الكريم , [MASK] لم تقم بتسجيل [MASK] بعد ! [MASK] أن تقوم بالدخول أو التسجيل [MASK] رغبت بالمشاركة [MASK] المنتدى [SEP]
INFO:tensorflow:input_ids: 2 4 4 15907 1912 4 4521 4414 7931 2621 7697 2366 378 4216 18225 1912 8200 2471 8368 3028 8474 1909 8015 4048 2088 10962 2037 6877 378 2055 19442 7165 1927 7074 3010 15619 15684 1922 2075 10006 1911 15684 1922 2075 1972 29768 2271 2743 4544 12152 4414 4850 4 4216 4 17598 1922 3423 1922 17168 15057 2282 1922 5688 2128 1012 9741 2141 13114 11059 2352 2235 6935 3276 2621 1908 2085 4 4 18 3550 4 4 378 2699 1974 2590 2490 1979 2461 2671 9114 1908 10301 2828 7652 2235 7788 6430 3371 2725 4 3 7609 7912 2395 9448 3340 16 4 2043 9309 9116 4 2089 5 4 1979 3952 9704 2075 4441 4 7203 8671 4 2537 3
I1024 04:20:54.648876 47208816264256 create_pretraining_data.py:161] input_ids: 2 4 4 15907 1912 4 4521 4414 7931 2621 7697 2366 378 4216 18225 1912 8200 2471 8368 3028 8474 1909 8015 4048 2088 10962 2037 6877 378 2055 19442 7165 1927 7074 3010 15619 15684 1922 2075 10006 1911 15684 1922 2075 1972 29768 2271 2743 4544 12152 4414 4850 4 4216 4 17598 1922 3423 1922 17168 15057 2282 1922 5688 2128 1012 9741 2141 13114 11059 2352 2235 6935 3276 2621 1908 2085 4 4 18 3550 4 4 378 2699 1974 2590 2490 1979 2461 2671 9114 1908 10301 2828 7652 2235 7788 6430 3371 2725 4 3 7609 7912 2395 9448 3340 16 4 2043 9309 9116 4 2089 5 4 1979 3952 9704 2075 4441 4 7203 8671 4 2537 3
INFO:tensorflow:input_mask: 1 1 1 1 1 1 1 1 1 1 1 1 1 1 1 1 1 1 1 1 1 1 1 1 1 1 1 1 1 1 1 1 1 1 1 1 1 1 1 1 1 1 1 1 1 1 1 1 1 1 1 1 1 1 1 1 1 1 1 1 1 1 1 1 1 1 1 1 1 1 1 1 1 1 1 1 1 1 1 1 1 1 1 1 1 1 1 1 1 1 1 1 1 1 1 1 1 1 1 1 1 1 1 1 1 1 1 1 1 1 1 1 1 1 1 1 1 1 1 1 1 1 1 1 1 1 1 1
I1024 04:20:54.649010 47208816264256 create_pretraining_data.py:161] input_mask: 1 1 1 1 1 1 1 1 1 1 1 1 1 1 1 1 1 1 1 1 1 1 1 1 1 1 1 1 1 1 1 1 1 1 1 1 1 1 1 1 1 1 1 1 1 1 1 1 1 1 1 1 1 1 1 1 1 1 1 1 1 1 1 1 1 1 1 1 1 1 1 1 1 1 1 1 1 1 1 1 1 1 1 1 1 1 1 1 1 1 1 1 1 1 1 1 1 1 1 1 1 1 1 1 1 1 1 1 1 1 1 1 1 1 1 1 1 1 1 1 1 1 1 1 1 1 1 1
INFO:tensorflow:segment_ids: 0 0 0 0 0 0 0 0 0 0 0 0 0 0 0 0 0 0 0 0 0 0 0 0 0 0 0 0 0 0 0 0 0 0 0 0 0 0 0 0 0 0 0 0 0 0 0 0 0 0 0 0 0 0 0 0 0 0 0 0 0 0 0 0 0 0 0 0 0 0 0 0 0 0 0 0 0 0 0 0 0 0 0 0 0 0 0 0 0 0 0 0 0 0 0 0 0 0 0 0 0 0 0 1 1 1 1 1 1 1 1 1 1 1 1 1 1 1 1 1 1 1 1 1 1 1 1 1
I1024 04:20:54.649136 47208816264256 create_pretraining_data.py:161] segment_ids: 0 0 0 0 0 0 0 0 0 0 0 0 0 0 0 0 0 0 0 0 0 0 0 0 0 0 0 0 0 0 0 0 0 0 0 0 0 0 0 0 0 0 0 0 0 0 0 0 0 0 0 0 0 0 0 0 0 0 0 0 0 0 0 0 0 0 0 0 0 0 0 0 0 0 0 0 0 0 0 0 0 0 0 0 0 0 0 0 0 0 0 0 0 0 0 0 0 0 0 0 0 0 0 1 1 1 1 1 1 1 1 1 1 1 1 1 1 1 1 1 1 1 1 1 1 1 1 1
INFO:tensorflow:masked_lm_positions: 1 2 5 14 52 54 77 78 81 82 91 101 106 109 113 116 119 122 125 0
I1024 04:20:54.649231 47208816264256 create_pretraining_data.py:161] masked_lm_positions: 1 2 5 14 52 54 77 78 81 82 91 101 106 109 113 116 119 122 125 0
INFO:tensorflow:masked_lm_ids: 15994 6802 9352 18225 378 11486 13598 1010 3556 2106 2621 16360 9448 4374 4796 9235 9704 2617 1912 0
I1024 04:20:54.649330 47208816264256 create_pretraining_data.py:161] masked_lm_ids: 15994 6802 9352 18225 378 11486 13598 1010 3556 2106 2621 16360 9448 4374 4796 9235 9704 2617 1912 0
INFO:tensorflow:masked_lm_weights: 1.0 1.0 1.0 1.0 1.0 1.0 1.0 1.0 1.0 1.0 1.0 1.0 1.0 1.0 1.0 1.0 1.0 1.0 1.0 0.0
I1024 04:20:54.649424 47208816264256 create_pretraining_data.py:161] masked_lm_weights: 1.0 1.0 1.0 1.0 1.0 1.0 1.0 1.0 1.0 1.0 1.0 1.0 1.0 1.0 1.0 1.0 1.0 1.0 1.0 0.0
INFO:tensorflow:next_sentence_labels: 1
I1024 04:20:54.649507 47208816264256 create_pretraining_data.py:161] next_sentence_labels: 1
INFO:tensorflow:*** Example ***
I1024 04:20:54.650178 47208816264256 create_pretraining_data.py:149] *** Example ***
INFO:tensorflow:tokens: [CLS] تعدد ##ت الموضوعات التي [MASK] [MASK] صحف [MASK] الصادرة الأحد ، حيث عكس ##ت الحي ##رة التي وقع معسكر الانقلاب بعد الإعلان عن فشل مفاوضات سد [MASK] [MASK] [MASK] ، وسط إشارات [MASK] صحف [MASK] . . . [SEP] استن ##كرت جماعة الإخوان المسلمين المج ##زر ##ة الشن ##يع ##ة التي شنت الكبرى الطائرات الأمريكية على احتفال للأطفال الحافظ ##ين للقر ##آن الكريم في مدينة “ قن ##د ##ز ” بأ ##ف ##غانستان ، ما أسفر ذلك عن مقتل [MASK] [MASK] مدني على . . . [SEP]
I1024 04:20:54.650351 47208816264256 create_pretraining_data.py:151] tokens: [CLS] تعدد ##ت الموضوعات التي [MASK] [MASK] صحف [MASK] الصادرة الأحد ، حيث عكس ##ت الحي ##رة التي وقع معسكر الانقلاب بعد الإعلان عن فشل مفاوضات سد [MASK] [MASK] [MASK] ، وسط إشارات [MASK] صحف [MASK] . . . [SEP] استن ##كرت جماعة الإخوان المسلمين المج ##زر ##ة الشن ##يع ##ة التي شنت الكبرى الطائرات الأمريكية على احتفال للأطفال الحافظ ##ين للقر ##آن الكريم في مدينة “ قن ##د ##ز ” بأ ##ف ##غانستان ، ما أسفر ذلك عن مقتل [MASK] [MASK] مدني على . . . [SEP]
INFO:tensorflow:input_ids: 2 22675 1005 9674 2061 4 4 20309 4 13439 5557 378 2455 9616 1005 3593 2037 2061 5927 11387 14824 2089 7897 1955 9015 13232 10325 4 4 4 378 4008 28336 4 20309 4 18 18 18 3 14512 12525 7435 8778 3524 2265 2497 1043 24060 2105 1043 2061 24606 6677 11532 4732 1961 13715 11878 11477 1911 15323 3526 3340 1912 3255 621 10208 1016 1008 622 2499 1037 8457 378 1972 23739 2271 1955 5685 4 4 13346 1961 18 18 18 3 0 0 0 0 0 0 0 0 0 0 0 0 0 0 0 0 0 0 0 0 0 0 0 0 0 0 0 0 0 0 0 0 0 0 0 0 0 0 0 0
I1024 04:20:54.650506 47208816264256 create_pretraining_data.py:161] input_ids: 2 22675 1005 9674 2061 4 4 20309 4 13439 5557 378 2455 9616 1005 3593 2037 2061 5927 11387 14824 2089 7897 1955 9015 13232 10325 4 4 4 378 4008 28336 4 20309 4 18 18 18 3 14512 12525 7435 8778 3524 2265 2497 1043 24060 2105 1043 2061 24606 6677 11532 4732 1961 13715 11878 11477 1911 15323 3526 3340 1912 3255 621 10208 1016 1008 622 2499 1037 8457 378 1972 23739 2271 1955 5685 4 4 13346 1961 18 18 18 3 0 0 0 0 0 0 0 0 0 0 0 0 0 0 0 0 0 0 0 0 0 0 0 0 0 0 0 0 0 0 0 0 0 0 0 0 0 0 0 0
INFO:tensorflow:input_mask: 1 1 1 1 1 1 1 1 1 1 1 1 1 1 1 1 1 1 1 1 1 1 1 1 1 1 1 1 1 1 1 1 1 1 1 1 1 1 1 1 1 1 1 1 1 1 1 1 1 1 1 1 1 1 1 1 1 1 1 1 1 1 1 1 1 1 1 1 1 1 1 1 1 1 1 1 1 1 1 1 1 1 1 1 1 1 1 1 0 0 0 0 0 0 0 0 0 0 0 0 0 0 0 0 0 0 0 0 0 0 0 0 0 0 0 0 0 0 0 0 0 0 0 0 0 0 0 0
I1024 04:20:54.650634 47208816264256 create_pretraining_data.py:161] input_mask: 1 1 1 1 1 1 1 1 1 1 1 1 1 1 1 1 1 1 1 1 1 1 1 1 1 1 1 1 1 1 1 1 1 1 1 1 1 1 1 1 1 1 1 1 1 1 1 1 1 1 1 1 1 1 1 1 1 1 1 1 1 1 1 1 1 1 1 1 1 1 1 1 1 1 1 1 1 1 1 1 1 1 1 1 1 1 1 1 0 0 0 0 0 0 0 0 0 0 0 0 0 0 0 0 0 0 0 0 0 0 0 0 0 0 0 0 0 0 0 0 0 0 0 0 0 0 0 0
INFO:tensorflow:segment_ids: 0 0 0 0 0 0 0 0 0 0 0 0 0 0 0 0 0 0 0 0 0 0 0 0 0 0 0 0 0 0 0 0 0 0 0 0 0 0 0 0 1 1 1 1 1 1 1 1 1 1 1 1 1 1 1 1 1 1 1 1 1 1 1 1 1 1 1 1 1 1 1 1 1 1 1 1 1 1 1 1 1 1 1 1 1 1 1 1 0 0 0 0 0 0 0 0 0 0 0 0 0 0 0 0 0 0 0 0 0 0 0 0 0 0 0 0 0 0 0 0 0 0 0 0 0 0 0 0
I1024 04:20:54.650758 47208816264256 create_pretraining_data.py:161] segment_ids: 0 0 0 0 0 0 0 0 0 0 0 0 0 0 0 0 0 0 0 0 0 0 0 0 0 0 0 0 0 0 0 0 0 0 0 0 0 0 0 0 1 1 1 1 1 1 1 1 1 1 1 1 1 1 1 1 1 1 1 1 1 1 1 1 1 1 1 1 1 1 1 1 1 1 1 1 1 1 1 1 1 1 1 1 1 1 1 1 0 0 0 0 0 0 0 0 0 0 0 0 0 0 0 0 0 0 0 0 0 0 0 0 0 0 0 0 0 0 0 0 0 0 0 0 0 0 0 0
INFO:tensorflow:masked_lm_positions: 5 6 8 27 28 29 33 35 52 53 55 80 81 0 0 0 0 0 0 0
I1024 04:20:54.650850 47208816264256 create_pretraining_data.py:161] masked_lm_positions: 5 6 8 27 28 29 33 35 52 53 55 80 81 0 0 0 0 0 0 0
INFO:tensorflow:masked_lm_ids: 27289 1913 12904 13688 4048 11857 1908 14466 24606 1913 4732 24828 1067 0 0 0 0 0 0 0
I1024 04:20:54.650950 47208816264256 create_pretraining_data.py:161] masked_lm_ids: 27289 1913 12904 13688 4048 11857 1908 14466 24606 1913 4732 24828 1067 0 0 0 0 0 0 0
INFO:tensorflow:masked_lm_weights: 1.0 1.0 1.0 1.0 1.0 1.0 1.0 1.0 1.0 1.0 1.0 1.0 1.0 0.0 0.0 0.0 0.0 0.0 0.0 0.0
I1024 04:20:54.651045 47208816264256 create_pretraining_data.py:161] masked_lm_weights: 1.0 1.0 1.0 1.0 1.0 1.0 1.0 1.0 1.0 1.0 1.0 1.0 1.0 0.0 0.0 0.0 0.0 0.0 0.0 0.0
INFO:tensorflow:next_sentence_labels: 0
I1024 04:20:54.651127 47208816264256 create_pretraining_data.py:161] next_sentence_labels: 0
INFO:tensorflow:*** Example ***
I1024 04:20:54.651794 47208816264256 create_pretraining_data.py:149] *** Example ***
INFO:tensorflow:tokens: [CLS] وإنما نحن [MASK] بالحق ##يقة ، باقت ##ناع قلوبنا [MASK] بكل حق وبكل صدق . [SEP] كتب الوزارة [MASK] [MASK] الصف الاول الثانوى [MASK] [MASK] للتحميل [MASK] تحميل الكتاب المدر ##سى للصف الاول الثانوى دبلوم صنا ##يع جميع الاقسام © phpBB | منتدى مجاني | العلم و المعرفة | الأديان أكثر [MASK] مجاني للدعم و المساعدة | إتصل بنا | التبليغ عن محتوى مخالف | انشئ [MASK] [SEP]
I1024 04:20:54.651938 47208816264256 create_pretraining_data.py:151] tokens: [CLS] وإنما نحن [MASK] بالحق ##يقة ، باقت ##ناع قلوبنا [MASK] بكل حق وبكل صدق . [SEP] كتب الوزارة [MASK] [MASK] الصف الاول الثانوى [MASK] [MASK] للتحميل [MASK] تحميل الكتاب المدر ##سى للصف الاول الثانوى دبلوم صنا ##يع جميع الاقسام © phpBB | منتدى مجاني | العلم و المعرفة | الأديان أكثر [MASK] مجاني للدعم و المساعدة | إتصل بنا | التبليغ عن محتوى مخالف | انشئ [MASK] [SEP]
INFO:tensorflow:input_ids: 2 6589 3252 4 13265 11309 378 25767 11522 5034 4 3268 2576 15450 5678 18 3 3199 6564 4 4 2945 3307 17622 4 4 22993 4 3824 4096 5028 7331 10527 3307 17622 24495 4743 2105 2561 7983 106 4237 96 2069 3143 96 2789 415 7344 96 14217 2976 4 3143 2679 415 3661 96 4111 3122 96 3888 1955 3491 3743 96 5292 4 3 0 0 0 0 0 0 0 0 0 0 0 0 0 0 0 0 0 0 0 0 0 0 0 0 0 0 0 0 0 0 0 0 0 0 0 0 0 0 0 0 0 0 0 0 0 0 0 0 0 0 0 0 0 0 0 0 0 0 0
I1024 04:20:54.652085 47208816264256 create_pretraining_data.py:161] input_ids: 2 6589 3252 4 13265 11309 378 25767 11522 5034 4 3268 2576 15450 5678 18 3 3199 6564 4 4 2945 3307 17622 4 4 22993 4 3824 4096 5028 7331 10527 3307 17622 24495 4743 2105 2561 7983 106 4237 96 2069 3143 96 2789 415 7344 96 14217 2976 4 3143 2679 415 3661 96 4111 3122 96 3888 1955 3491 3743 96 5292 4 3 0 0 0 0 0 0 0 0 0 0 0 0 0 0 0 0 0 0 0 0 0 0 0 0 0 0 0 0 0 0 0 0 0 0 0 0 0 0 0 0 0 0 0 0 0 0 0 0 0 0 0 0 0 0 0 0 0 0 0
INFO:tensorflow:input_mask: 1 1 1 1 1 1 1 1 1 1 1 1 1 1 1 1 1 1 1 1 1 1 1 1 1 1 1 1 1 1 1 1 1 1 1 1 1 1 1 1 1 1 1 1 1 1 1 1 1 1 1 1 1 1 1 1 1 1 1 1 1 1 1 1 1 1 1 1 1 0 0 0 0 0 0 0 0 0 0 0 0 0 0 0 0 0 0 0 0 0 0 0 0 0 0 0 0 0 0 0 0 0 0 0 0 0 0 0 0 0 0 0 0 0 0 0 0 0 0 0 0 0 0 0 0 0 0 0
I1024 04:20:54.652215 47208816264256 create_pretraining_data.py:161] input_mask: 1 1 1 1 1 1 1 1 1 1 1 1 1 1 1 1 1 1 1 1 1 1 1 1 1 1 1 1 1 1 1 1 1 1 1 1 1 1 1 1 1 1 1 1 1 1 1 1 1 1 1 1 1 1 1 1 1 1 1 1 1 1 1 1 1 1 1 1 1 0 0 0 0 0 0 0 0 0 0 0 0 0 0 0 0 0 0 0 0 0 0 0 0 0 0 0 0 0 0 0 0 0 0 0 0 0 0 0 0 0 0 0 0 0 0 0 0 0 0 0 0 0 0 0 0 0 0 0
INFO:tensorflow:segment_ids: 0 0 0 0 0 0 0 0 0 0 0 0 0 0 0 0 0 1 1 1 1 1 1 1 1 1 1 1 1 1 1 1 1 1 1 1 1 1 1 1 1 1 1 1 1 1 1 1 1 1 1 1 1 1 1 1 1 1 1 1 1 1 1 1 1 1 1 1 1 0 0 0 0 0 0 0 0 0 0 0 0 0 0 0 0 0 0 0 0 0 0 0 0 0 0 0 0 0 0 0 0 0 0 0 0 0 0 0 0 0 0 0 0 0 0 0 0 0 0 0 0 0 0 0 0 0 0 0
I1024 04:20:54.652346 47208816264256 create_pretraining_data.py:161] segment_ids: 0 0 0 0 0 0 0 0 0 0 0 0 0 0 0 0 0 1 1 1 1 1 1 1 1 1 1 1 1 1 1 1 1 1 1 1 1 1 1 1 1 1 1 1 1 1 1 1 1 1 1 1 1 1 1 1 1 1 1 1 1 1 1 1 1 1 1 1 1 0 0 0 0 0 0 0 0 0 0 0 0 0 0 0 0 0 0 0 0 0 0 0 0 0 0 0 0 0 0 0 0 0 0 0 0 0 0 0 0 0 0 0 0 0 0 0 0 0 0 0 0 0 0 0 0 0 0 0
INFO:tensorflow:masked_lm_positions: 3 10 19 20 24 25 27 51 52 67 0 0 0 0 0 0 0 0 0 0
I1024 04:20:54.652452 47208816264256 create_pretraining_data.py:161] masked_lm_positions: 3 10 19 20 24 25 27 51 52 67 0 0 0 0 0 0 0 0 0 0
INFO:tensorflow:masked_lm_ids: 28281 18 14718 1041 4440 3675 16 96 2069 4688 0 0 0 0 0 0 0 0 0 0
I1024 04:20:54.652545 47208816264256 create_pretraining_data.py:161] masked_lm_ids: 28281 18 14718 1041 4440 3675 16 96 2069 4688 0 0 0 0 0 0 0 0 0 0
INFO:tensorflow:masked_lm_weights: 1.0 1.0 1.0 1.0 1.0 1.0 1.0 1.0 1.0 1.0 0.0 0.0 0.0 0.0 0.0 0.0 0.0 0.0 0.0 0.0
I1024 04:20:54.652637 47208816264256 create_pretraining_data.py:161] masked_lm_weights: 1.0 1.0 1.0 1.0 1.0 1.0 1.0 1.0 1.0 1.0 0.0 0.0 0.0 0.0 0.0 0.0 0.0 0.0 0.0 0.0
INFO:tensorflow:next_sentence_labels: 1
I1024 04:20:54.652720 47208816264256 create_pretraining_data.py:161] next_sentence_labels: 1
INFO:tensorflow:*** Example ***
I1024 04:20:54.653361 47208816264256 create_pretraining_data.py:149] *** Example ***
INFO:tensorflow:tokens: [CLS] يوم الاحد 18 - 2 - 2018 - [MASK] اليوم – ابراج 2018 . حظك اليوم الاحد ، حظك اليوم الاحد [MASK] [MASK] اليوم الاحد 18 فبراير ، حظك اليوم الاحد 18 - 2 - [MASK] [MASK] حظك اليوم [MASK] [MASK] / 2 / 2018 ، حظك اليوم الاحد 18 / 2 / 2018 ماغ ##ى فرح ، حظك اليوم الاحد [MASK] / 2 / 2018 [MASK] ماغ ##ى فرح ، حظك اليوم توقعات [MASK] [MASK] واب ##راج [MASK] الاحد 18 18 [MASK] 18 [MASK] [MASK] ، حظك وبر ##ج ##ك اليوم 18 فبراير 2018 ، حقيقة الابراج ، عالم [SEP] برج ##ك اليوم الاحد 18 [MASK] 2018 | | ابراج 18 - 2 - 2018 | | حظك [MASK] الاحد 18 / 2 / [MASK] [SEP]
I1024 04:20:54.653532 47208816264256 create_pretraining_data.py:151] tokens: [CLS] يوم الاحد 18 - 2 - 2018 - [MASK] اليوم – ابراج 2018 . حظك اليوم الاحد ، حظك اليوم الاحد [MASK] [MASK] اليوم الاحد 18 فبراير ، حظك اليوم الاحد 18 - 2 - [MASK] [MASK] حظك اليوم [MASK] [MASK] / 2 / 2018 ، حظك اليوم الاحد 18 / 2 / 2018 ماغ ##ى فرح ، حظك اليوم الاحد [MASK] / 2 / 2018 [MASK] ماغ ##ى فرح ، حظك اليوم توقعات [MASK] [MASK] واب ##راج [MASK] الاحد 18 18 [MASK] 18 [MASK] [MASK] ، حظك وبر ##ج ##ك اليوم 18 فبراير 2018 ، حقيقة الابراج ، عالم [SEP] برج ##ك اليوم الاحد 18 [MASK] 2018 | | ابراج 18 - 2 - 2018 | | حظك [MASK] الاحد 18 / 2 / [MASK] [SEP]
INFO:tensorflow:input_ids: 2 2232 6187 3328 17 22 17 2635 17 4 2217 616 23870 2635 18 17240 2217 6187 378 17240 2217 6187 4 4 2217 6187 3328 5456 378 17240 2217 6187 3328 17 22 17 4 4 17240 2217 4 4 19 22 19 2635 378 17240 2217 6187 3328 19 22 19 2635 23319 1102 4025 378 17240 2217 6187 4 19 22 19 2635 4 23319 1102 4025 378 17240 2217 11855 4 4 3283 2578 4 6187 3328 3328 4 3328 4 4 378 17240 5354 1041 1014 2217 3328 5456 2635 378 7789 16485 378 2896 3 5657 1014 2217 6187 3328 4 2635 96 96 23870 3328 17 22 17 2635 96 96 17240 4 6187 3328 19 22 19 4 3
I1024 04:20:54.653685 47208816264256 create_pretraining_data.py:161] input_ids: 2 2232 6187 3328 17 22 17 2635 17 4 2217 616 23870 2635 18 17240 2217 6187 378 17240 2217 6187 4 4 2217 6187 3328 5456 378 17240 2217 6187 3328 17 22 17 4 4 17240 2217 4 4 19 22 19 2635 378 17240 2217 6187 3328 19 22 19 2635 23319 1102 4025 378 17240 2217 6187 4 19 22 19 2635 4 23319 1102 4025 378 17240 2217 11855 4 4 3283 2578 4 6187 3328 3328 4 3328 4 4 378 17240 5354 1041 1014 2217 3328 5456 2635 378 7789 16485 378 2896 3 5657 1014 2217 6187 3328 4 2635 96 96 23870 3328 17 22 17 2635 96 96 17240 4 6187 3328 19 22 19 4 3
INFO:tensorflow:input_mask: 1 1 1 1 1 1 1 1 1 1 1 1 1 1 1 1 1 1 1 1 1 1 1 1 1 1 1 1 1 1 1 1 1 1 1 1 1 1 1 1 1 1 1 1 1 1 1 1 1 1 1 1 1 1 1 1 1 1 1 1 1 1 1 1 1 1 1 1 1 1 1 1 1 1 1 1 1 1 1 1 1 1 1 1 1 1 1 1 1 1 1 1 1 1 1 1 1 1 1 1 1 1 1 1 1 1 1 1 1 1 1 1 1 1 1 1 1 1 1 1 1 1 1 1 1 1 1 1
I1024 04:20:54.653816 47208816264256 create_pretraining_data.py:161] input_mask: 1 1 1 1 1 1 1 1 1 1 1 1 1 1 1 1 1 1 1 1 1 1 1 1 1 1 1 1 1 1 1 1 1 1 1 1 1 1 1 1 1 1 1 1 1 1 1 1 1 1 1 1 1 1 1 1 1 1 1 1 1 1 1 1 1 1 1 1 1 1 1 1 1 1 1 1 1 1 1 1 1 1 1 1 1 1 1 1 1 1 1 1 1 1 1 1 1 1 1 1 1 1 1 1 1 1 1 1 1 1 1 1 1 1 1 1 1 1 1 1 1 1 1 1 1 1 1 1
INFO:tensorflow:segment_ids: 0 0 0 0 0 0 0 0 0 0 0 0 0 0 0 0 0 0 0 0 0 0 0 0 0 0 0 0 0 0 0 0 0 0 0 0 0 0 0 0 0 0 0 0 0 0 0 0 0 0 0 0 0 0 0 0 0 0 0 0 0 0 0 0 0 0 0 0 0 0 0 0 0 0 0 0 0 0 0 0 0 0 0 0 0 0 0 0 0 0 0 0 0 0 0 0 0 0 0 0 0 0 1 1 1 1 1 1 1 1 1 1 1 1 1 1 1 1 1 1 1 1 1 1 1 1 1 1
I1024 04:20:54.653959 47208816264256 create_pretraining_data.py:161] segment_ids: 0 0 0 0 0 0 0 0 0 0 0 0 0 0 0 0 0 0 0 0 0 0 0 0 0 0 0 0 0 0 0 0 0 0 0 0 0 0 0 0 0 0 0 0 0 0 0 0 0 0 0 0 0 0 0 0 0 0 0 0 0 0 0 0 0 0 0 0 0 0 0 0 0 0 0 0 0 0 0 0 0 0 0 0 0 0 0 0 0 0 0 0 0 0 0 0 0 0 0 0 0 0 1 1 1 1 1 1 1 1 1 1 1 1 1 1 1 1 1 1 1 1 1 1 1 1 1 1
INFO:tensorflow:masked_lm_positions: 9 22 23 36 37 40 41 62 67 75 76 79 83 85 86 92 107 120 126 0
I1024 04:20:54.654055 47208816264256 create_pretraining_data.py:161] masked_lm_positions: 9 22 23 36 37 40 41 62 67 75 76 79 83 85 86 92 107 120 126 0
INFO:tensorflow:masked_lm_ids: 17240 378 17240 2635 378 6187 3328 3328 1973 5657 1014 2217 19 19 2635 2217 5456 2217 2635 0
I1024 04:20:54.654146 47208816264256 create_pretraining_data.py:161] masked_lm_ids: 17240 378 17240 2635 378 6187 3328 3328 1973 5657 1014 2217 19 19 2635 2217 5456 2217 2635 0
INFO:tensorflow:masked_lm_weights: 1.0 1.0 1.0 1.0 1.0 1.0 1.0 1.0 1.0 1.0 1.0 1.0 1.0 1.0 1.0 1.0 1.0 1.0 1.0 0.0
I1024 04:20:54.654242 47208816264256 create_pretraining_data.py:161] masked_lm_weights: 1.0 1.0 1.0 1.0 1.0 1.0 1.0 1.0 1.0 1.0 1.0 1.0 1.0 1.0 1.0 1.0 1.0 1.0 1.0 0.0
INFO:tensorflow:next_sentence_labels: 0
I1024 04:20:54.654328 47208816264256 create_pretraining_data.py:161] next_sentence_labels: 0
INFO:tensorflow:*** Example ***
I1024 04:20:54.654978 47208816264256 create_pretraining_data.py:149] *** Example ***
INFO:tensorflow:tokens: [CLS] في حالة شرائ ##ك باستخدام بط ##اق ##تك الإ ##ئتم ##انية من [MASK] سامبا يمكنك تحويل [MASK] شرائ ##ك الي أق ##ساط بها ##مش ربح صفر % [MASK] [SEP] » نتائج صبحي [MASK] [MASK] ومع ##دل ##ات القبول بكل ##يات ومع ##اهد الجامعات في سوريا 2014 - 2015 نتائج القسم العلمي [MASK] [MASK] [SEP]
I1024 04:20:54.655114 47208816264256 create_pretraining_data.py:151] tokens: [CLS] في حالة شرائ ##ك باستخدام بط ##اق ##تك الإ ##ئتم ##انية من [MASK] سامبا يمكنك تحويل [MASK] شرائ ##ك الي أق ##ساط بها ##مش ربح صفر % [MASK] [SEP] » نتائج صبحي [MASK] [MASK] ومع ##دل ##ات القبول بكل ##يات ومع ##اهد الجامعات في سوريا 2014 - 2015 نتائج القسم العلمي [MASK] [MASK] [SEP]
INFO:tensorflow:input_ids: 2 1912 3979 13580 1014 6459 2522 2396 2348 2010 15504 2222 1908 4 14742 4521 8234 4 13580 1014 2002 3436 7272 2459 14036 13986 8630 9 4 3 114 4650 17289 4 4 3191 9297 1904 11189 3268 2066 3191 2866 7909 1912 3379 4296 17 3488 4650 3438 5758 4 4 3 0 0 0 0 0 0 0 0 0 0 0 0 0 0 0 0 0 0 0 0 0 0 0 0 0 0 0 0 0 0 0 0 0 0 0 0 0 0 0 0 0 0 0 0 0 0 0 0 0 0 0 0 0 0 0 0 0 0 0 0 0 0 0 0 0 0 0 0 0 0 0 0 0
I1024 04:20:54.655265 47208816264256 create_pretraining_data.py:161] input_ids: 2 1912 3979 13580 1014 6459 2522 2396 2348 2010 15504 2222 1908 4 14742 4521 8234 4 13580 1014 2002 3436 7272 2459 14036 13986 8630 9 4 3 114 4650 17289 4 4 3191 9297 1904 11189 3268 2066 3191 2866 7909 1912 3379 4296 17 3488 4650 3438 5758 4 4 3 0 0 0 0 0 0 0 0 0 0 0 0 0 0 0 0 0 0 0 0 0 0 0 0 0 0 0 0 0 0 0 0 0 0 0 0 0 0 0 0 0 0 0 0 0 0 0 0 0 0 0 0 0 0 0 0 0 0 0 0 0 0 0 0 0 0 0 0 0 0 0 0 0
INFO:tensorflow:input_mask: 1 1 1 1 1 1 1 1 1 1 1 1 1 1 1 1 1 1 1 1 1 1 1 1 1 1 1 1 1 1 1 1 1 1 1 1 1 1 1 1 1 1 1 1 1 1 1 1 1 1 1 1 1 1 1 0 0 0 0 0 0 0 0 0 0 0 0 0 0 0 0 0 0 0 0 0 0 0 0 0 0 0 0 0 0 0 0 0 0 0 0 0 0 0 0 0 0 0 0 0 0 0 0 0 0 0 0 0 0 0 0 0 0 0 0 0 0 0 0 0 0 0 0 0 0 0 0 0
I1024 04:20:54.655409 47208816264256 create_pretraining_data.py:161] input_mask: 1 1 1 1 1 1 1 1 1 1 1 1 1 1 1 1 1 1 1 1 1 1 1 1 1 1 1 1 1 1 1 1 1 1 1 1 1 1 1 1 1 1 1 1 1 1 1 1 1 1 1 1 1 1 1 0 0 0 0 0 0 0 0 0 0 0 0 0 0 0 0 0 0 0 0 0 0 0 0 0 0 0 0 0 0 0 0 0 0 0 0 0 0 0 0 0 0 0 0 0 0 0 0 0 0 0 0 0 0 0 0 0 0 0 0 0 0 0 0 0 0 0 0 0 0 0 0 0
INFO:tensorflow:segment_ids: 0 0 0 0 0 0 0 0 0 0 0 0 0 0 0 0 0 0 0 0 0 0 0 0 0 0 0 0 0 0 1 1 1 1 1 1 1 1 1 1 1 1 1 1 1 1 1 1 1 1 1 1 1 1 1 0 0 0 0 0 0 0 0 0 0 0 0 0 0 0 0 0 0 0 0 0 0 0 0 0 0 0 0 0 0 0 0 0 0 0 0 0 0 0 0 0 0 0 0 0 0 0 0 0 0 0 0 0 0 0 0 0 0 0 0 0 0 0 0 0 0 0 0 0 0 0 0 0
I1024 04:20:54.655536 47208816264256 create_pretraining_data.py:161] segment_ids: 0 0 0 0 0 0 0 0 0 0 0 0 0 0 0 0 0 0 0 0 0 0 0 0 0 0 0 0 0 0 1 1 1 1 1 1 1 1 1 1 1 1 1 1 1 1 1 1 1 1 1 1 1 1 1 0 0 0 0 0 0 0 0 0 0 0 0 0 0 0 0 0 0 0 0 0 0 0 0 0 0 0 0 0 0 0 0 0 0 0 0 0 0 0 0 0 0 0 0 0 0 0 0 0 0 0 0 0 0 0 0 0 0 0 0 0 0 0 0 0 0 0 0 0 0 0 0 0
INFO:tensorflow:masked_lm_positions: 13 17 28 32 33 34 52 53 0 0 0 0 0 0 0 0 0 0 0 0
I1024 04:20:54.655627 47208816264256 create_pretraining_data.py:161] masked_lm_positions: 13 17 28 32 33 34 52 53 0 0 0 0 0 0 0 0 0 0 0 0
INFO:tensorflow:masked_lm_ids: 4996 2532 18 3921 13419 1028 27518 1102 0 0 0 0 0 0 0 0 0 0 0 0
I1024 04:20:54.655717 47208816264256 create_pretraining_data.py:161] masked_lm_ids: 4996 2532 18 3921 13419 1028 27518 1102 0 0 0 0 0 0 0 0 0 0 0 0
INFO:tensorflow:masked_lm_weights: 1.0 1.0 1.0 1.0 1.0 1.0 1.0 1.0 0.0 0.0 0.0 0.0 0.0 0.0 0.0 0.0 0.0 0.0 0.0 0.0
I1024 04:20:54.655809 47208816264256 create_pretraining_data.py:161] masked_lm_weights: 1.0 1.0 1.0 1.0 1.0 1.0 1.0 1.0 0.0 0.0 0.0 0.0 0.0 0.0 0.0 0.0 0.0 0.0 0.0 0.0
INFO:tensorflow:next_sentence_labels: 1
I1024 04:20:54.655892 47208816264256 create_pretraining_data.py:161] next_sentence_labels: 1
INFO:tensorflow:*** Example ***
I1024 04:20:54.656583 47208816264256 create_pretraining_data.py:149] *** Example ***
INFO:tensorflow:tokens: [CLS] • مبادرة قاضي التحقيق : اذا ترا ##ء ##ى لقا ##ضي التح [MASK] [MASK] ان اجراء من اجراءات التحقيق مش ##وب بالب ##طلا ##ن فعليه ان يرفع الأمر [MASK] [MASK] [MASK] [MASK] ##زهة القضائي بطلب [MASK] [MASK] الإجراء بعد استطلاع رأي وكيل الجمهورية واخ ##طار المتهم والمد ##عى المدني ( المادة 15 [MASK] فقر ##ة 1 من قانون الإجراءات الجز ##ائية ) . [SEP] اما اللوم [MASK] [MASK] : فهو اسم تجاري اطلق ##ته شركة رائدة و اختر ##عت هذا التع ##ويض المقصود به عدسات للاس ##نان تغطي سطح الاسنان الامام ##ي بحيث تعطي نتيجة تجميل ##ية [MASK] ابتسام ##ة جميلة و لكنني دون الحاجة الى قص [MASK] نهائيا ( لا يتم لمس الاسنان قبل الإ ##لص ##اق ولا حتى تدوير للز ##وايا ) [SEP]
I1024 04:20:54.656759 47208816264256 create_pretraining_data.py:151] tokens: [CLS] • مبادرة قاضي التحقيق : اذا ترا ##ء ##ى لقا ##ضي التح [MASK] [MASK] ان اجراء من اجراءات التحقيق مش ##وب بالب ##طلا ##ن فعليه ان يرفع الأمر [MASK] [MASK] [MASK] [MASK] ##زهة القضائي بطلب [MASK] [MASK] الإجراء بعد استطلاع رأي وكيل الجمهورية واخ ##طار المتهم والمد ##عى المدني ( المادة 15 [MASK] فقر ##ة 1 من قانون الإجراءات الجز ##ائية ) . [SEP] اما اللوم [MASK] [MASK] : فهو اسم تجاري اطلق ##ته شركة رائدة و اختر ##عت هذا التع ##ويض المقصود به عدسات للاس ##نان تغطي سطح الاسنان الامام ##ي بحيث تعطي نتيجة تجميل ##ية [MASK] ابتسام ##ة جميلة و لكنني دون الحاجة الى قص [MASK] نهائيا ( لا يتم لمس الاسنان قبل الإ ##لص ##اق ولا حتى تدوير للز ##وايا ) [SEP]
INFO:tensorflow:input_ids: 2 626 11376 16716 7222 30 2387 4398 1053 1102 18999 2412 2541 4 4 1939 7605 1908 14698 7222 2096 2058 4963 4615 1006 23540 1939 8844 3800 4 4 4 4 26535 22934 10927 4 4 29880 2089 19183 6907 7301 4844 4734 3148 7839 9163 3675 4990 12 6524 2986 4 11794 1043 21 1908 3623 9773 2756 2975 13 18 3 3910 29025 4 4 30 3799 2974 14328 12156 2076 2753 25796 415 3872 2091 2085 2363 8241 14471 2249 11278 20954 2326 19930 9963 11280 5705 1013 6769 9509 4909 13509 1910 4 8733 1043 10652 415 18513 2571 9173 2186 2858 4 11497 12 1963 2952 8992 11280 2289 2010 1987 2396 2086 2494 25170 6675 8043 13 3 0 0
I1024 04:20:54.656930 47208816264256 create_pretraining_data.py:161] input_ids: 2 626 11376 16716 7222 30 2387 4398 1053 1102 18999 2412 2541 4 4 1939 7605 1908 14698 7222 2096 2058 4963 4615 1006 23540 1939 8844 3800 4 4 4 4 26535 22934 10927 4 4 29880 2089 19183 6907 7301 4844 4734 3148 7839 9163 3675 4990 12 6524 2986 4 11794 1043 21 1908 3623 9773 2756 2975 13 18 3 3910 29025 4 4 30 3799 2974 14328 12156 2076 2753 25796 415 3872 2091 2085 2363 8241 14471 2249 11278 20954 2326 19930 9963 11280 5705 1013 6769 9509 4909 13509 1910 4 8733 1043 10652 415 18513 2571 9173 2186 2858 4 11497 12 1963 2952 8992 11280 2289 2010 1987 2396 2086 2494 25170 6675 8043 13 3 0 0
INFO:tensorflow:input_mask: 1 1 1 1 1 1 1 1 1 1 1 1 1 1 1 1 1 1 1 1 1 1 1 1 1 1 1 1 1 1 1 1 1 1 1 1 1 1 1 1 1 1 1 1 1 1 1 1 1 1 1 1 1 1 1 1 1 1 1 1 1 1 1 1 1 1 1 1 1 1 1 1 1 1 1 1 1 1 1 1 1 1 1 1 1 1 1 1 1 1 1 1 1 1 1 1 1 1 1 1 1 1 1 1 1 1 1 1 1 1 1 1 1 1 1 1 1 1 1 1 1 1 1 1 1 1 0 0
I1024 04:20:54.657063 47208816264256 create_pretraining_data.py:161] input_mask: 1 1 1 1 1 1 1 1 1 1 1 1 1 1 1 1 1 1 1 1 1 1 1 1 1 1 1 1 1 1 1 1 1 1 1 1 1 1 1 1 1 1 1 1 1 1 1 1 1 1 1 1 1 1 1 1 1 1 1 1 1 1 1 1 1 1 1 1 1 1 1 1 1 1 1 1 1 1 1 1 1 1 1 1 1 1 1 1 1 1 1 1 1 1 1 1 1 1 1 1 1 1 1 1 1 1 1 1 1 1 1 1 1 1 1 1 1 1 1 1 1 1 1 1 1 1 0 0
INFO:tensorflow:segment_ids: 0 0 0 0 0 0 0 0 0 0 0 0 0 0 0 0 0 0 0 0 0 0 0 0 0 0 0 0 0 0 0 0 0 0 0 0 0 0 0 0 0 0 0 0 0 0 0 0 0 0 0 0 0 0 0 0 0 0 0 0 0 0 0 0 0 1 1 1 1 1 1 1 1 1 1 1 1 1 1 1 1 1 1 1 1 1 1 1 1 1 1 1 1 1 1 1 1 1 1 1 1 1 1 1 1 1 1 1 1 1 1 1 1 1 1 1 1 1 1 1 1 1 1 1 1 1 0 0
I1024 04:20:54.657188 47208816264256 create_pretraining_data.py:161] segment_ids: 0 0 0 0 0 0 0 0 0 0 0 0 0 0 0 0 0 0 0 0 0 0 0 0 0 0 0 0 0 0 0 0 0 0 0 0 0 0 0 0 0 0 0 0 0 0 0 0 0 0 0 0 0 0 0 0 0 0 0 0 0 0 0 0 0 1 1 1 1 1 1 1 1 1 1 1 1 1 1 1 1 1 1 1 1 1 1 1 1 1 1 1 1 1 1 1 1 1 1 1 1 1 1 1 1 1 1 1 1 1 1 1 1 1 1 1 1 1 1 1 1 1 1 1 1 1 0 0
INFO:tensorflow:masked_lm_positions: 12 13 14 29 30 31 32 33 36 37 52 53 57 66 67 68 98 107 108 0
I1024 04:20:54.657289 47208816264256 create_pretraining_data.py:161] masked_lm_positions: 12 13 14 29 30 31 32 33 36 37 52 53 57 66 67 68 98 107 108 0
INFO:tensorflow:masked_lm_ids: 2541 1041 2705 3606 3087 10789 4327 27513 7821 2085 2986 1018 1908 29025 2262 1017 415 2858 11280 0
I1024 04:20:54.657380 47208816264256 create_pretraining_data.py:161] masked_lm_ids: 2541 1041 2705 3606 3087 10789 4327 27513 7821 2085 2986 1018 1908 29025 2262 1017 415 2858 11280 0
INFO:tensorflow:masked_lm_weights: 1.0 1.0 1.0 1.0 1.0 1.0 1.0 1.0 1.0 1.0 1.0 1.0 1.0 1.0 1.0 1.0 1.0 1.0 1.0 0.0
I1024 04:20:54.657473 47208816264256 create_pretraining_data.py:161] masked_lm_weights: 1.0 1.0 1.0 1.0 1.0 1.0 1.0 1.0 1.0 1.0 1.0 1.0 1.0 1.0 1.0 1.0 1.0 1.0 1.0 0.0
INFO:tensorflow:next_sentence_labels: 1
I1024 04:20:54.657556 47208816264256 create_pretraining_data.py:161] next_sentence_labels: 1
INFO:tensorflow:Wrote 6609817 total instances
I1024 05:02:42.090166 47208816264256 create_pretraining_data.py:166] Wrote 6609817 total instances
