Loading module 'all'
WARNING:tensorflow:From ../bert/create_pretraining_data.py:469: The name tf.app.run is deprecated. Please use tf.compat.v1.app.run instead.

WARNING:tensorflow:From ../bert/create_pretraining_data.py:437: The name tf.logging.set_verbosity is deprecated. Please use tf.compat.v1.logging.set_verbosity instead.

W1024 07:39:25.404505 47053870625856 module_wrapper.py:139] From ../bert/create_pretraining_data.py:437: The name tf.logging.set_verbosity is deprecated. Please use tf.compat.v1.logging.set_verbosity instead.

WARNING:tensorflow:From ../bert/create_pretraining_data.py:437: The name tf.logging.INFO is deprecated. Please use tf.compat.v1.logging.INFO instead.

W1024 07:39:25.404859 47053870625856 module_wrapper.py:139] From ../bert/create_pretraining_data.py:437: The name tf.logging.INFO is deprecated. Please use tf.compat.v1.logging.INFO instead.

WARNING:tensorflow:From /scratch/gi372/camel-mlm/bert/tokenization.py:125: The name tf.gfile.GFile is deprecated. Please use tf.io.gfile.GFile instead.

W1024 07:39:25.405216 47053870625856 module_wrapper.py:139] From /scratch/gi372/camel-mlm/bert/tokenization.py:125: The name tf.gfile.GFile is deprecated. Please use tf.io.gfile.GFile instead.

WARNING:tensorflow:From ../bert/create_pretraining_data.py:444: The name tf.gfile.Glob is deprecated. Please use tf.io.gfile.glob instead.

W1024 07:39:25.549502 47053870625856 module_wrapper.py:139] From ../bert/create_pretraining_data.py:444: The name tf.gfile.Glob is deprecated. Please use tf.io.gfile.glob instead.

WARNING:tensorflow:From ../bert/create_pretraining_data.py:446: The name tf.logging.info is deprecated. Please use tf.compat.v1.logging.info instead.

W1024 07:39:25.578902 47053870625856 module_wrapper.py:139] From ../bert/create_pretraining_data.py:446: The name tf.logging.info is deprecated. Please use tf.compat.v1.logging.info instead.

INFO:tensorflow:*** Reading from input files ***
I1024 07:39:25.579098 47053870625856 create_pretraining_data.py:446] *** Reading from input files ***
INFO:tensorflow:  ../corpora/shards/MSA-oscar-unshuffled.docs.shard.107.normalized.sents
I1024 07:39:25.579228 47053870625856 create_pretraining_data.py:448]   ../corpora/shards/MSA-oscar-unshuffled.docs.shard.107.normalized.sents
INFO:tensorflow:*** Writing to output files ***
I1024 09:17:40.581609 47053870625856 create_pretraining_data.py:457] *** Writing to output files ***
INFO:tensorflow:  ../corpora/tf_records/MSA-oscar-unshuffled.docs.shard.107.tf_record
I1024 09:17:40.598619 47053870625856 create_pretraining_data.py:459]   ../corpora/tf_records/MSA-oscar-unshuffled.docs.shard.107.tf_record
WARNING:tensorflow:From ../bert/create_pretraining_data.py:101: The name tf.python_io.TFRecordWriter is deprecated. Please use tf.io.TFRecordWriter instead.

W1024 09:17:40.617663 47053870625856 module_wrapper.py:139] From ../bert/create_pretraining_data.py:101: The name tf.python_io.TFRecordWriter is deprecated. Please use tf.io.TFRecordWriter instead.

INFO:tensorflow:*** Example ***
I1024 09:17:40.648732 47053870625856 create_pretraining_data.py:149] *** Example ***
INFO:tensorflow:tokens: [CLS] [MASK] شراء . . . محمود سلامة الها ##يش ##ة [MASK] مهندس زرا ##عي [MASK] كاتب [MASK] باحث ، قاص ، مصور ، منتج ومخ ##رج [MASK] تسجيل ##ية وو ##ثا ##ئ ##قية . [SEP] سوف تكون جميع السلع التي تشتمل على علامة " تشحن من قبل سوق [MASK] في [MASK] تفاصيل المنتج ، الاستئناف لبرنامج الشحن المجاني . [SEP]
I1024 09:17:40.649430 47053870625856 create_pretraining_data.py:151] tokens: [CLS] [MASK] شراء . . . محمود سلامة الها ##يش ##ة [MASK] مهندس زرا ##عي [MASK] كاتب [MASK] باحث ، قاص ، مصور ، منتج ومخ ##رج [MASK] تسجيل ##ية وو ##ثا ##ئ ##قية . [SEP] سوف تكون جميع السلع التي تشتمل على علامة " تشحن من قبل سوق [MASK] في [MASK] تفاصيل المنتج ، الاستئناف لبرنامج الشحن المجاني . [SEP]
INFO:tensorflow:input_ids: 2 4 6030 18 18 18 4800 10035 3832 2336 1043 4 13261 11800 2203 4 5655 4 13546 378 27537 378 19487 378 12756 13959 2155 4 6131 1910 5594 9778 1042 4192 18 3 3641 2652 2561 6510 2061 18900 1961 10659 6 11513 1908 2289 3689 4 1912 4 5706 9665 378 23150 12902 7244 7850 18 3 0 0 0 0 0 0 0 0 0 0 0 0 0 0 0 0 0 0 0 0 0 0 0 0 0 0 0 0 0 0 0 0 0 0 0 0 0 0 0 0 0 0 0 0 0 0 0 0 0 0 0 0 0 0 0 0 0 0 0 0 0 0 0 0 0 0 0
I1024 09:17:40.650652 47053870625856 create_pretraining_data.py:161] input_ids: 2 4 6030 18 18 18 4800 10035 3832 2336 1043 4 13261 11800 2203 4 5655 4 13546 378 27537 378 19487 378 12756 13959 2155 4 6131 1910 5594 9778 1042 4192 18 3 3641 2652 2561 6510 2061 18900 1961 10659 6 11513 1908 2289 3689 4 1912 4 5706 9665 378 23150 12902 7244 7850 18 3 0 0 0 0 0 0 0 0 0 0 0 0 0 0 0 0 0 0 0 0 0 0 0 0 0 0 0 0 0 0 0 0 0 0 0 0 0 0 0 0 0 0 0 0 0 0 0 0 0 0 0 0 0 0 0 0 0 0 0 0 0 0 0 0 0 0 0
INFO:tensorflow:input_mask: 1 1 1 1 1 1 1 1 1 1 1 1 1 1 1 1 1 1 1 1 1 1 1 1 1 1 1 1 1 1 1 1 1 1 1 1 1 1 1 1 1 1 1 1 1 1 1 1 1 1 1 1 1 1 1 1 1 1 1 1 1 0 0 0 0 0 0 0 0 0 0 0 0 0 0 0 0 0 0 0 0 0 0 0 0 0 0 0 0 0 0 0 0 0 0 0 0 0 0 0 0 0 0 0 0 0 0 0 0 0 0 0 0 0 0 0 0 0 0 0 0 0 0 0 0 0 0 0
I1024 09:17:40.650860 47053870625856 create_pretraining_data.py:161] input_mask: 1 1 1 1 1 1 1 1 1 1 1 1 1 1 1 1 1 1 1 1 1 1 1 1 1 1 1 1 1 1 1 1 1 1 1 1 1 1 1 1 1 1 1 1 1 1 1 1 1 1 1 1 1 1 1 1 1 1 1 1 1 0 0 0 0 0 0 0 0 0 0 0 0 0 0 0 0 0 0 0 0 0 0 0 0 0 0 0 0 0 0 0 0 0 0 0 0 0 0 0 0 0 0 0 0 0 0 0 0 0 0 0 0 0 0 0 0 0 0 0 0 0 0 0 0 0 0 0
INFO:tensorflow:segment_ids: 0 0 0 0 0 0 0 0 0 0 0 0 0 0 0 0 0 0 0 0 0 0 0 0 0 0 0 0 0 0 0 0 0 0 0 0 1 1 1 1 1 1 1 1 1 1 1 1 1 1 1 1 1 1 1 1 1 1 1 1 1 0 0 0 0 0 0 0 0 0 0 0 0 0 0 0 0 0 0 0 0 0 0 0 0 0 0 0 0 0 0 0 0 0 0 0 0 0 0 0 0 0 0 0 0 0 0 0 0 0 0 0 0 0 0 0 0 0 0 0 0 0 0 0 0 0 0 0
I1024 09:17:40.651045 47053870625856 create_pretraining_data.py:161] segment_ids: 0 0 0 0 0 0 0 0 0 0 0 0 0 0 0 0 0 0 0 0 0 0 0 0 0 0 0 0 0 0 0 0 0 0 0 0 1 1 1 1 1 1 1 1 1 1 1 1 1 1 1 1 1 1 1 1 1 1 1 1 1 0 0 0 0 0 0 0 0 0 0 0 0 0 0 0 0 0 0 0 0 0 0 0 0 0 0 0 0 0 0 0 0 0 0 0 0 0 0 0 0 0 0 0 0 0 0 0 0 0 0 0 0 0 0 0 0 0 0 0 0 0 0 0 0 0 0 0
INFO:tensorflow:masked_lm_positions: 1 11 15 17 27 44 49 51 55 0 0 0 0 0 0 0 0 0 0 0
I1024 09:17:40.651180 47053870625856 create_pretraining_data.py:161] masked_lm_positions: 1 11 15 17 27 44 49 51 55 0 0 0 0 0 0 0 0 0 0 0
INFO:tensorflow:masked_lm_ids: 4050 17 378 378 7577 6 6 6287 20693 0 0 0 0 0 0 0 0 0 0 0
I1024 09:17:40.651305 47053870625856 create_pretraining_data.py:161] masked_lm_ids: 4050 17 378 378 7577 6 6 6287 20693 0 0 0 0 0 0 0 0 0 0 0
INFO:tensorflow:masked_lm_weights: 1.0 1.0 1.0 1.0 1.0 1.0 1.0 1.0 1.0 0.0 0.0 0.0 0.0 0.0 0.0 0.0 0.0 0.0 0.0 0.0
I1024 09:17:40.652344 47053870625856 create_pretraining_data.py:161] masked_lm_weights: 1.0 1.0 1.0 1.0 1.0 1.0 1.0 1.0 1.0 0.0 0.0 0.0 0.0 0.0 0.0 0.0 0.0 0.0 0.0 0.0
INFO:tensorflow:next_sentence_labels: 1
I1024 09:17:40.652482 47053870625856 create_pretraining_data.py:161] next_sentence_labels: 1
INFO:tensorflow:*** Example ***
I1024 09:17:40.653261 47053870625856 create_pretraining_data.py:149] *** Example ***
INFO:tensorflow:tokens: [CLS] عام / مستشار أمير منطقة مكة المكرمة يشرف اللقاء [MASK] [MASK] لج ##ائزة جدة للإ ##بداع الذي نظمت ##ه وزارة الحج والعمرة [MASK] صاحب [MASK] الملكي الأمير محمد بن نايف بن عبدالعزيز ولي العهد نائب رئيس مجلس [MASK] [MASK] الداخلية المشرف على هيئة التحقيق والاد ##عاء العام - حفظه [MASK] - في مكتبه بدي ##وان وزارة الداخلية اليوم ، معالي المدعي العام بج ##مهورية باكستان الإسلامية المستشار أش ##تر [MASK] [MASK] [MASK] [SEP] © phpBB | [MASK] مجاني | منتدى مجاني للدعم و المساعدة [MASK] [MASK] بنا | [MASK] عن محتوى مخالف | الحصول على مدونة [SEP]
I1024 09:17:40.653447 47053870625856 create_pretraining_data.py:151] tokens: [CLS] عام / مستشار أمير منطقة مكة المكرمة يشرف اللقاء [MASK] [MASK] لج ##ائزة جدة للإ ##بداع الذي نظمت ##ه وزارة الحج والعمرة [MASK] صاحب [MASK] الملكي الأمير محمد بن نايف بن عبدالعزيز ولي العهد نائب رئيس مجلس [MASK] [MASK] الداخلية المشرف على هيئة التحقيق والاد ##عاء العام - حفظه [MASK] - في مكتبه بدي ##وان وزارة الداخلية اليوم ، معالي المدعي العام بج ##مهورية باكستان الإسلامية المستشار أش ##تر [MASK] [MASK] [MASK] [SEP] © phpBB | [MASK] مجاني | منتدى مجاني للدعم و المساعدة [MASK] [MASK] بنا | [MASK] عن محتوى مخالف | الحصول على مدونة [SEP]
INFO:tensorflow:input_ids: 2 2268 19 10750 5250 3532 7083 11916 7698 4708 4 4 2672 5720 8269 3822 4355 2130 18939 1028 3433 5616 18425 4 3320 4 5652 3707 2202 2040 8125 2040 4541 2670 5286 5219 2426 2598 4 4 4748 13703 1961 5267 7222 8891 2696 2169 17 9679 4 17 1912 13996 6962 2255 3433 4748 2217 378 11285 21943 2169 2821 3747 9974 3871 9043 2992 2582 4 4 4 3 106 4237 96 4 3143 96 2069 3143 2679 415 3661 4 4 3122 96 4 1955 3491 3743 96 3985 1961 4688 3 0 0 0 0 0 0 0 0 0 0 0 0 0 0 0 0 0 0 0 0 0 0 0 0 0 0 0 0 0 0
I1024 09:17:40.653659 47053870625856 create_pretraining_data.py:161] input_ids: 2 2268 19 10750 5250 3532 7083 11916 7698 4708 4 4 2672 5720 8269 3822 4355 2130 18939 1028 3433 5616 18425 4 3320 4 5652 3707 2202 2040 8125 2040 4541 2670 5286 5219 2426 2598 4 4 4748 13703 1961 5267 7222 8891 2696 2169 17 9679 4 17 1912 13996 6962 2255 3433 4748 2217 378 11285 21943 2169 2821 3747 9974 3871 9043 2992 2582 4 4 4 3 106 4237 96 4 3143 96 2069 3143 2679 415 3661 4 4 3122 96 4 1955 3491 3743 96 3985 1961 4688 3 0 0 0 0 0 0 0 0 0 0 0 0 0 0 0 0 0 0 0 0 0 0 0 0 0 0 0 0 0 0
INFO:tensorflow:input_mask: 1 1 1 1 1 1 1 1 1 1 1 1 1 1 1 1 1 1 1 1 1 1 1 1 1 1 1 1 1 1 1 1 1 1 1 1 1 1 1 1 1 1 1 1 1 1 1 1 1 1 1 1 1 1 1 1 1 1 1 1 1 1 1 1 1 1 1 1 1 1 1 1 1 1 1 1 1 1 1 1 1 1 1 1 1 1 1 1 1 1 1 1 1 1 1 1 1 1 0 0 0 0 0 0 0 0 0 0 0 0 0 0 0 0 0 0 0 0 0 0 0 0 0 0 0 0 0 0
I1024 09:17:40.653834 47053870625856 create_pretraining_data.py:161] input_mask: 1 1 1 1 1 1 1 1 1 1 1 1 1 1 1 1 1 1 1 1 1 1 1 1 1 1 1 1 1 1 1 1 1 1 1 1 1 1 1 1 1 1 1 1 1 1 1 1 1 1 1 1 1 1 1 1 1 1 1 1 1 1 1 1 1 1 1 1 1 1 1 1 1 1 1 1 1 1 1 1 1 1 1 1 1 1 1 1 1 1 1 1 1 1 1 1 1 1 0 0 0 0 0 0 0 0 0 0 0 0 0 0 0 0 0 0 0 0 0 0 0 0 0 0 0 0 0 0
INFO:tensorflow:segment_ids: 0 0 0 0 0 0 0 0 0 0 0 0 0 0 0 0 0 0 0 0 0 0 0 0 0 0 0 0 0 0 0 0 0 0 0 0 0 0 0 0 0 0 0 0 0 0 0 0 0 0 0 0 0 0 0 0 0 0 0 0 0 0 0 0 0 0 0 0 0 0 0 0 0 0 1 1 1 1 1 1 1 1 1 1 1 1 1 1 1 1 1 1 1 1 1 1 1 1 0 0 0 0 0 0 0 0 0 0 0 0 0 0 0 0 0 0 0 0 0 0 0 0 0 0 0 0 0 0
I1024 09:17:40.653996 47053870625856 create_pretraining_data.py:161] segment_ids: 0 0 0 0 0 0 0 0 0 0 0 0 0 0 0 0 0 0 0 0 0 0 0 0 0 0 0 0 0 0 0 0 0 0 0 0 0 0 0 0 0 0 0 0 0 0 0 0 0 0 0 0 0 0 0 0 0 0 0 0 0 0 0 0 0 0 0 0 0 0 0 0 0 0 1 1 1 1 1 1 1 1 1 1 1 1 1 1 1 1 1 1 1 1 1 1 1 1 0 0 0 0 0 0 0 0 0 0 0 0 0 0 0 0 0 0 0 0 0 0 0 0 0 0 0 0 0 0
INFO:tensorflow:masked_lm_positions: 10 11 23 25 38 39 50 58 70 71 72 77 85 86 89 0 0 0 0 0
I1024 09:17:40.654134 47053870625856 create_pretraining_data.py:161] masked_lm_positions: 10 11 23 25 38 39 50 58 70 71 72 77 85 86 89 0 0 0 0 0
INFO:tensorflow:masked_lm_ids: 6590 1013 10080 8466 4012 3075 1953 2217 2075 12149 18 2069 96 4111 3888 0 0 0 0 0
I1024 09:17:40.654257 47053870625856 create_pretraining_data.py:161] masked_lm_ids: 6590 1013 10080 8466 4012 3075 1953 2217 2075 12149 18 2069 96 4111 3888 0 0 0 0 0
INFO:tensorflow:masked_lm_weights: 1.0 1.0 1.0 1.0 1.0 1.0 1.0 1.0 1.0 1.0 1.0 1.0 1.0 1.0 1.0 0.0 0.0 0.0 0.0 0.0
I1024 09:17:40.654381 47053870625856 create_pretraining_data.py:161] masked_lm_weights: 1.0 1.0 1.0 1.0 1.0 1.0 1.0 1.0 1.0 1.0 1.0 1.0 1.0 1.0 1.0 0.0 0.0 0.0 0.0 0.0
INFO:tensorflow:next_sentence_labels: 1
I1024 09:17:40.654495 47053870625856 create_pretraining_data.py:161] next_sentence_labels: 1
INFO:tensorflow:*** Example ***
I1024 09:17:40.655366 47053870625856 create_pretraining_data.py:149] *** Example ***
INFO:tensorflow:tokens: [CLS] أخبار صحافي ##ة إسباني [MASK] ، أن ليونيل ميسي قائد [MASK] بدأ اجتماعات ##ه مع بيب سي ##غي ##ورا المدير الرياضي بالنادي الكت ##الون ##ي والسكر ##تي ##ر التقني ##موت [MASK] أبي ##دال لرس ##م مستقبل [MASK] ، طالبا التعاقد مع مجموعة من اللاعبين خلال الصيف المقبل يتقدم ##هم النجم [MASK] محمد صلاح راه ليفربول الإنجليزي . توصل علماء [MASK] الطب بجامعة هار ##فرد وخ ##براء مستشفى الأطفال في بوسط ##ن [MASK] إلى استن ##تا ##ج يفيد بأنه للحفاظ على وزن صحي يجب تناول مواد [MASK] [SEP] وضعية القوات الكورية الشمالية قبيل القمة . [MASK] Le ##b ##an ##on , new ##s , [MASK] [MASK] [MASK] , أخبار كوريا [MASK] , الور ##يات المتحدة [MASK] مات ##يس , وضعية القوات [MASK] الشمالية قبيل القمة . . [SEP]
I1024 09:17:40.655604 47053870625856 create_pretraining_data.py:151] tokens: [CLS] أخبار صحافي ##ة إسباني [MASK] ، أن ليونيل ميسي قائد [MASK] بدأ اجتماعات ##ه مع بيب سي ##غي ##ورا المدير الرياضي بالنادي الكت ##الون ##ي والسكر ##تي ##ر التقني ##موت [MASK] أبي ##دال لرس ##م مستقبل [MASK] ، طالبا التعاقد مع مجموعة من اللاعبين خلال الصيف المقبل يتقدم ##هم النجم [MASK] محمد صلاح راه ليفربول الإنجليزي . توصل علماء [MASK] الطب بجامعة هار ##فرد وخ ##براء مستشفى الأطفال في بوسط ##ن [MASK] إلى استن ##تا ##ج يفيد بأنه للحفاظ على وزن صحي يجب تناول مواد [MASK] [SEP] وضعية القوات الكورية الشمالية قبيل القمة . [MASK] Le ##b ##an ##on , new ##s , [MASK] [MASK] [MASK] , أخبار كوريا [MASK] , الور ##يات المتحدة [MASK] مات ##يس , وضعية القوات [MASK] الشمالية قبيل القمة . . [SEP]
INFO:tensorflow:input_ids: 2 3584 15754 1043 26557 4 378 1979 24048 6832 6041 4 4272 15028 1028 1973 10746 2266 2662 3415 5294 5747 24579 2881 8797 1013 27791 2005 1017 14360 17917 4 3223 13164 21269 1015 8142 4 378 18680 12434 1973 3737 1908 5982 2317 7723 4656 14509 1949 9022 4 2202 4454 15996 11935 16064 18 11797 8192 4 3418 11042 8774 6435 2680 6392 5612 5063 1912 24912 1006 4 2045 14512 4258 1041 13070 5635 15322 1961 15125 7820 3163 6778 6114 4 3 28570 4473 16185 6403 14303 10178 18 4 13214 1060 2915 2487 16 27792 1092 16 4 4 4 16 3584 7142 4 16 5518 2066 2687 4 3019 2036 16 28570 4473 4 6403 14303 10178 18 18 3
I1024 09:17:40.655841 47053870625856 create_pretraining_data.py:161] input_ids: 2 3584 15754 1043 26557 4 378 1979 24048 6832 6041 4 4272 15028 1028 1973 10746 2266 2662 3415 5294 5747 24579 2881 8797 1013 27791 2005 1017 14360 17917 4 3223 13164 21269 1015 8142 4 378 18680 12434 1973 3737 1908 5982 2317 7723 4656 14509 1949 9022 4 2202 4454 15996 11935 16064 18 11797 8192 4 3418 11042 8774 6435 2680 6392 5612 5063 1912 24912 1006 4 2045 14512 4258 1041 13070 5635 15322 1961 15125 7820 3163 6778 6114 4 3 28570 4473 16185 6403 14303 10178 18 4 13214 1060 2915 2487 16 27792 1092 16 4 4 4 16 3584 7142 4 16 5518 2066 2687 4 3019 2036 16 28570 4473 4 6403 14303 10178 18 18 3
INFO:tensorflow:input_mask: 1 1 1 1 1 1 1 1 1 1 1 1 1 1 1 1 1 1 1 1 1 1 1 1 1 1 1 1 1 1 1 1 1 1 1 1 1 1 1 1 1 1 1 1 1 1 1 1 1 1 1 1 1 1 1 1 1 1 1 1 1 1 1 1 1 1 1 1 1 1 1 1 1 1 1 1 1 1 1 1 1 1 1 1 1 1 1 1 1 1 1 1 1 1 1 1 1 1 1 1 1 1 1 1 1 1 1 1 1 1 1 1 1 1 1 1 1 1 1 1 1 1 1 1 1 1 1 1
I1024 09:17:40.656056 47053870625856 create_pretraining_data.py:161] input_mask: 1 1 1 1 1 1 1 1 1 1 1 1 1 1 1 1 1 1 1 1 1 1 1 1 1 1 1 1 1 1 1 1 1 1 1 1 1 1 1 1 1 1 1 1 1 1 1 1 1 1 1 1 1 1 1 1 1 1 1 1 1 1 1 1 1 1 1 1 1 1 1 1 1 1 1 1 1 1 1 1 1 1 1 1 1 1 1 1 1 1 1 1 1 1 1 1 1 1 1 1 1 1 1 1 1 1 1 1 1 1 1 1 1 1 1 1 1 1 1 1 1 1 1 1 1 1 1 1
INFO:tensorflow:segment_ids: 0 0 0 0 0 0 0 0 0 0 0 0 0 0 0 0 0 0 0 0 0 0 0 0 0 0 0 0 0 0 0 0 0 0 0 0 0 0 0 0 0 0 0 0 0 0 0 0 0 0 0 0 0 0 0 0 0 0 0 0 0 0 0 0 0 0 0 0 0 0 0 0 0 0 0 0 0 0 0 0 0 0 0 0 0 0 0 0 1 1 1 1 1 1 1 1 1 1 1 1 1 1 1 1 1 1 1 1 1 1 1 1 1 1 1 1 1 1 1 1 1 1 1 1 1 1 1 1
I1024 09:17:40.656276 47053870625856 create_pretraining_data.py:161] segment_ids: 0 0 0 0 0 0 0 0 0 0 0 0 0 0 0 0 0 0 0 0 0 0 0 0 0 0 0 0 0 0 0 0 0 0 0 0 0 0 0 0 0 0 0 0 0 0 0 0 0 0 0 0 0 0 0 0 0 0 0 0 0 0 0 0 0 0 0 0 0 0 0 0 0 0 0 0 0 0 0 0 0 0 0 0 0 0 0 0 1 1 1 1 1 1 1 1 1 1 1 1 1 1 1 1 1 1 1 1 1 1 1 1 1 1 1 1 1 1 1 1 1 1 1 1 1 1 1 1
INFO:tensorflow:masked_lm_positions: 1 4 5 11 30 31 37 51 54 60 72 86 95 104 105 106 110 115 121 0
I1024 09:17:40.656432 47053870625856 create_pretraining_data.py:161] masked_lm_positions: 1 4 5 11 30 31 37 51 54 60 72 86 95 104 105 106 110 115 121 0
INFO:tensorflow:masked_lm_ids: 7148 26557 1043 9307 15798 2434 4675 3727 3639 5012 378 17193 18 80 24876 1050 6403 16 16185 0
I1024 09:17:40.656580 47053870625856 create_pretraining_data.py:161] masked_lm_ids: 7148 26557 1043 9307 15798 2434 4675 3727 3639 5012 378 17193 18 80 24876 1050 6403 16 16185 0
INFO:tensorflow:masked_lm_weights: 1.0 1.0 1.0 1.0 1.0 1.0 1.0 1.0 1.0 1.0 1.0 1.0 1.0 1.0 1.0 1.0 1.0 1.0 1.0 0.0
I1024 09:17:40.656729 47053870625856 create_pretraining_data.py:161] masked_lm_weights: 1.0 1.0 1.0 1.0 1.0 1.0 1.0 1.0 1.0 1.0 1.0 1.0 1.0 1.0 1.0 1.0 1.0 1.0 1.0 0.0
INFO:tensorflow:next_sentence_labels: 1
I1024 09:17:40.656864 47053870625856 create_pretraining_data.py:161] next_sentence_labels: 1
INFO:tensorflow:*** Example ***
I1024 09:17:40.657696 47053870625856 create_pretraining_data.py:149] *** Example ***
INFO:tensorflow:tokens: [CLS] انتقل الى : [SEP] [MASK] | | - - التربية والتعليم | [MASK] - - التحضير ##ي | | [MASK] - الإبتدائي [MASK] ##راوح - - الثانوي | | - - التعليم العالي | | - - البرمجيات والشر ##وح | [MASK] - - الكمبيوتر والأن ##تر ##نات | | [MASK] - - [MASK] | | | - - الصيانة | [MASK] | - - الملت ##يم ##يدي ##ا | | | | - - الفضائي | | - - [MASK] حين [MASK] [MASK] [MASK] [MASK] ' ex ##pl ##o ##it ##ation | | - [MASK] الجوال | | - - شرح البرامج ودروس | | - - الحص ##ريات ex ##c ##l ##us ##ive ##يال [MASK] - - [MASK] والم ##ونتاج | | - - [SEP]
I1024 09:17:40.657930 47053870625856 create_pretraining_data.py:151] tokens: [CLS] انتقل الى : [SEP] [MASK] | | - - التربية والتعليم | [MASK] - - التحضير ##ي | | [MASK] - الإبتدائي [MASK] ##راوح - - الثانوي | | - - التعليم العالي | | - - البرمجيات والشر ##وح | [MASK] - - الكمبيوتر والأن ##تر ##نات | | [MASK] - - [MASK] | | | - - الصيانة | [MASK] | - - الملت ##يم ##يدي ##ا | | | | - - الفضائي | | - - [MASK] حين [MASK] [MASK] [MASK] [MASK] ' ex ##pl ##o ##it ##ation | | - [MASK] الجوال | | - - شرح البرامج ودروس | | - - الحص ##ريات ex ##c ##l ##us ##ive ##يال [MASK] - - [MASK] والم ##ونتاج | | - - [SEP]
INFO:tensorflow:input_ids: 2 4481 2186 30 3 4 96 96 17 17 4032 6121 96 4 17 17 12857 1013 96 96 4 17 20675 4 11938 17 17 8587 96 96 17 17 3009 7556 96 96 17 17 23684 12367 2517 96 4 17 17 3896 11342 2582 4637 96 96 4 17 17 4 96 96 96 17 17 11596 96 4 96 17 17 6489 2019 7459 1007 96 96 96 96 17 17 15084 96 96 17 17 4 2823 4 4 4 4 11 11281 9629 1051 3695 4801 96 96 17 4 4247 96 96 17 17 5493 3839 27756 96 96 17 17 7903 4342 11281 1024 1096 6048 12324 12736 4 17 17 4 2119 23775 96 96 17 17 3
I1024 09:17:40.658171 47053870625856 create_pretraining_data.py:161] input_ids: 2 4481 2186 30 3 4 96 96 17 17 4032 6121 96 4 17 17 12857 1013 96 96 4 17 20675 4 11938 17 17 8587 96 96 17 17 3009 7556 96 96 17 17 23684 12367 2517 96 4 17 17 3896 11342 2582 4637 96 96 4 17 17 4 96 96 96 17 17 11596 96 4 96 17 17 6489 2019 7459 1007 96 96 96 96 17 17 15084 96 96 17 17 4 2823 4 4 4 4 11 11281 9629 1051 3695 4801 96 96 17 4 4247 96 96 17 17 5493 3839 27756 96 96 17 17 7903 4342 11281 1024 1096 6048 12324 12736 4 17 17 4 2119 23775 96 96 17 17 3
INFO:tensorflow:input_mask: 1 1 1 1 1 1 1 1 1 1 1 1 1 1 1 1 1 1 1 1 1 1 1 1 1 1 1 1 1 1 1 1 1 1 1 1 1 1 1 1 1 1 1 1 1 1 1 1 1 1 1 1 1 1 1 1 1 1 1 1 1 1 1 1 1 1 1 1 1 1 1 1 1 1 1 1 1 1 1 1 1 1 1 1 1 1 1 1 1 1 1 1 1 1 1 1 1 1 1 1 1 1 1 1 1 1 1 1 1 1 1 1 1 1 1 1 1 1 1 1 1 1 1 1 1 1 1 1
I1024 09:17:40.658398 47053870625856 create_pretraining_data.py:161] input_mask: 1 1 1 1 1 1 1 1 1 1 1 1 1 1 1 1 1 1 1 1 1 1 1 1 1 1 1 1 1 1 1 1 1 1 1 1 1 1 1 1 1 1 1 1 1 1 1 1 1 1 1 1 1 1 1 1 1 1 1 1 1 1 1 1 1 1 1 1 1 1 1 1 1 1 1 1 1 1 1 1 1 1 1 1 1 1 1 1 1 1 1 1 1 1 1 1 1 1 1 1 1 1 1 1 1 1 1 1 1 1 1 1 1 1 1 1 1 1 1 1 1 1 1 1 1 1 1 1
INFO:tensorflow:segment_ids: 0 0 0 0 0 1 1 1 1 1 1 1 1 1 1 1 1 1 1 1 1 1 1 1 1 1 1 1 1 1 1 1 1 1 1 1 1 1 1 1 1 1 1 1 1 1 1 1 1 1 1 1 1 1 1 1 1 1 1 1 1 1 1 1 1 1 1 1 1 1 1 1 1 1 1 1 1 1 1 1 1 1 1 1 1 1 1 1 1 1 1 1 1 1 1 1 1 1 1 1 1 1 1 1 1 1 1 1 1 1 1 1 1 1 1 1 1 1 1 1 1 1 1 1 1 1 1 1
I1024 09:17:40.658599 47053870625856 create_pretraining_data.py:161] segment_ids: 0 0 0 0 0 1 1 1 1 1 1 1 1 1 1 1 1 1 1 1 1 1 1 1 1 1 1 1 1 1 1 1 1 1 1 1 1 1 1 1 1 1 1 1 1 1 1 1 1 1 1 1 1 1 1 1 1 1 1 1 1 1 1 1 1 1 1 1 1 1 1 1 1 1 1 1 1 1 1 1 1 1 1 1 1 1 1 1 1 1 1 1 1 1 1 1 1 1 1 1 1 1 1 1 1 1 1 1 1 1 1 1 1 1 1 1 1 1 1 1 1 1 1 1 1 1 1 1
INFO:tensorflow:masked_lm_positions: 5 13 20 23 24 42 51 54 62 81 82 83 84 85 86 96 116 117 120 0
I1024 09:17:40.658753 47053870625856 create_pretraining_data.py:161] masked_lm_positions: 5 13 20 23 24 42 51 54 62 81 82 83 84 85 86 96 116 117 120 0
INFO:tensorflow:masked_lm_ids: 4685 96 17 96 96 96 96 8641 96 87 21009 1048 3739 2913 72 17 96 96 4762 0
I1024 09:17:40.658900 47053870625856 create_pretraining_data.py:161] masked_lm_ids: 4685 96 17 96 96 96 96 8641 96 87 21009 1048 3739 2913 72 17 96 96 4762 0
INFO:tensorflow:masked_lm_weights: 1.0 1.0 1.0 1.0 1.0 1.0 1.0 1.0 1.0 1.0 1.0 1.0 1.0 1.0 1.0 1.0 1.0 1.0 1.0 0.0
I1024 09:17:40.659054 47053870625856 create_pretraining_data.py:161] masked_lm_weights: 1.0 1.0 1.0 1.0 1.0 1.0 1.0 1.0 1.0 1.0 1.0 1.0 1.0 1.0 1.0 1.0 1.0 1.0 1.0 0.0
INFO:tensorflow:next_sentence_labels: 0
I1024 09:17:40.659192 47053870625856 create_pretraining_data.py:161] next_sentence_labels: 0
INFO:tensorflow:*** Example ***
I1024 09:17:40.660083 47053870625856 create_pretraining_data.py:149] *** Example ***
INFO:tensorflow:tokens: [CLS] سنوات 18 ##41 - ##قوق [MASK] في كتابه الإدارة العامة و الصناعية [MASK] [MASK] بخلاف تاي ##لور الذي اهتم [MASK] [MASK] الصناعية في مستويات ##ها التقنية اهتم فاي ##لول بالإ ##دارة في مستويات ##ها العليا و قد صنف [MASK] [MASK] الأنشطة التي [MASK] بها المنظمة إلى ستة أقسام هي [MASK] فنية الاعدادي أنشطة تجارية - أنشطة مالية - أنشطة أمنية - أنشطة محاسبة [MASK] أنشطة [SEP] 3 - النظرية البير ##وقراطية : نشأت هذه النظرية في ألمانيا على يد العالم الألماني ماكس في ##بر 18 ##64 - [MASK] в و سميت بهذا الاسم لسي ##طرة حكم أو سلطة المكتب و قد وصفها غار ##ستون بأنها بناء تنظيم ##ي هرم ##ي يت ##صف بالتح ##ديد الدقيق [MASK] [MASK] السلطة [MASK] القواعد و الإجراءات التي [MASK] العمل . [SEP]
I1024 09:17:40.660317 47053870625856 create_pretraining_data.py:151] tokens: [CLS] سنوات 18 ##41 - ##قوق [MASK] في كتابه الإدارة العامة و الصناعية [MASK] [MASK] بخلاف تاي ##لور الذي اهتم [MASK] [MASK] الصناعية في مستويات ##ها التقنية اهتم فاي ##لول بالإ ##دارة في مستويات ##ها العليا و قد صنف [MASK] [MASK] الأنشطة التي [MASK] بها المنظمة إلى ستة أقسام هي [MASK] فنية الاعدادي أنشطة تجارية - أنشطة مالية - أنشطة أمنية - أنشطة محاسبة [MASK] أنشطة [SEP] 3 - النظرية البير ##وقراطية : نشأت هذه النظرية في ألمانيا على يد العالم الألماني ماكس في ##بر 18 ##64 - [MASK] в و سميت بهذا الاسم لسي ##طرة حكم أو سلطة المكتب و قد وصفها غار ##ستون بأنها بناء تنظيم ##ي هرم ##ي يت ##صف بالتح ##ديد الدقيق [MASK] [MASK] السلطة [MASK] القواعد و الإجراءات التي [MASK] العمل . [SEP]
INFO:tensorflow:input_ids: 2 3752 3328 15467 17 5303 4 1912 8029 5070 2754 415 7988 4 4 14231 6144 4789 2130 9511 4 4 7988 1912 10759 1913 5775 9511 9132 3576 3560 2842 1912 10759 1913 5393 415 2251 21535 4 4 13027 2061 4 2459 7784 2045 8589 7690 2247 4 11287 29301 15581 10771 17 15581 8516 17 15581 12201 17 15581 20195 4 15581 3 23 17 20012 19490 20107 30 29021 2159 20012 1912 7630 1961 2474 2337 12260 9796 1912 1997 3328 8642 17 4 297 415 22893 4423 7612 21734 5831 3904 2075 11346 7608 415 2251 24273 20677 11601 8949 4225 4791 1013 21161 1013 2097 2342 9387 2212 20503 4 4 5422 4 13701 415 9773 2061 4 2854 18 3
I1024 09:17:40.660571 47053870625856 create_pretraining_data.py:161] input_ids: 2 3752 3328 15467 17 5303 4 1912 8029 5070 2754 415 7988 4 4 14231 6144 4789 2130 9511 4 4 7988 1912 10759 1913 5775 9511 9132 3576 3560 2842 1912 10759 1913 5393 415 2251 21535 4 4 13027 2061 4 2459 7784 2045 8589 7690 2247 4 11287 29301 15581 10771 17 15581 8516 17 15581 12201 17 15581 20195 4 15581 3 23 17 20012 19490 20107 30 29021 2159 20012 1912 7630 1961 2474 2337 12260 9796 1912 1997 3328 8642 17 4 297 415 22893 4423 7612 21734 5831 3904 2075 11346 7608 415 2251 24273 20677 11601 8949 4225 4791 1013 21161 1013 2097 2342 9387 2212 20503 4 4 5422 4 13701 415 9773 2061 4 2854 18 3
INFO:tensorflow:input_mask: 1 1 1 1 1 1 1 1 1 1 1 1 1 1 1 1 1 1 1 1 1 1 1 1 1 1 1 1 1 1 1 1 1 1 1 1 1 1 1 1 1 1 1 1 1 1 1 1 1 1 1 1 1 1 1 1 1 1 1 1 1 1 1 1 1 1 1 1 1 1 1 1 1 1 1 1 1 1 1 1 1 1 1 1 1 1 1 1 1 1 1 1 1 1 1 1 1 1 1 1 1 1 1 1 1 1 1 1 1 1 1 1 1 1 1 1 1 1 1 1 1 1 1 1 1 1 1 1
I1024 09:17:40.660785 47053870625856 create_pretraining_data.py:161] input_mask: 1 1 1 1 1 1 1 1 1 1 1 1 1 1 1 1 1 1 1 1 1 1 1 1 1 1 1 1 1 1 1 1 1 1 1 1 1 1 1 1 1 1 1 1 1 1 1 1 1 1 1 1 1 1 1 1 1 1 1 1 1 1 1 1 1 1 1 1 1 1 1 1 1 1 1 1 1 1 1 1 1 1 1 1 1 1 1 1 1 1 1 1 1 1 1 1 1 1 1 1 1 1 1 1 1 1 1 1 1 1 1 1 1 1 1 1 1 1 1 1 1 1 1 1 1 1 1 1
INFO:tensorflow:segment_ids: 0 0 0 0 0 0 0 0 0 0 0 0 0 0 0 0 0 0 0 0 0 0 0 0 0 0 0 0 0 0 0 0 0 0 0 0 0 0 0 0 0 0 0 0 0 0 0 0 0 0 0 0 0 0 0 0 0 0 0 0 0 0 0 0 0 0 0 1 1 1 1 1 1 1 1 1 1 1 1 1 1 1 1 1 1 1 1 1 1 1 1 1 1 1 1 1 1 1 1 1 1 1 1 1 1 1 1 1 1 1 1 1 1 1 1 1 1 1 1 1 1 1 1 1 1 1 1 1
I1024 09:17:40.660981 47053870625856 create_pretraining_data.py:161] segment_ids: 0 0 0 0 0 0 0 0 0 0 0 0 0 0 0 0 0 0 0 0 0 0 0 0 0 0 0 0 0 0 0 0 0 0 0 0 0 0 0 0 0 0 0 0 0 0 0 0 0 0 0 0 0 0 0 0 0 0 0 0 0 0 0 0 0 0 0 1 1 1 1 1 1 1 1 1 1 1 1 1 1 1 1 1 1 1 1 1 1 1 1 1 1 1 1 1 1 1 1 1 1 1 1 1 1 1 1 1 1 1 1 1 1 1 1 1 1 1 1 1 1 1 1 1 1 1 1 1
INFO:tensorflow:masked_lm_positions: 5 6 13 14 20 21 39 40 43 50 52 64 88 89 116 117 119 121 124 0
I1024 09:17:40.661144 47053870625856 create_pretraining_data.py:161] masked_lm_positions: 5 6 13 14 20 21 39 40 43 50 52 64 88 89 116 117 119 121 124 0
INFO:tensorflow:masked_lm_ids: 2464 6940 2455 415 3560 2842 9132 3576 3952 15581 616 17 2464 3755 4872 10679 415 415 5266 0
I1024 09:17:40.661292 47053870625856 create_pretraining_data.py:161] masked_lm_ids: 2464 6940 2455 415 3560 2842 9132 3576 3952 15581 616 17 2464 3755 4872 10679 415 415 5266 0
INFO:tensorflow:masked_lm_weights: 1.0 1.0 1.0 1.0 1.0 1.0 1.0 1.0 1.0 1.0 1.0 1.0 1.0 1.0 1.0 1.0 1.0 1.0 1.0 0.0
I1024 09:17:40.661442 47053870625856 create_pretraining_data.py:161] masked_lm_weights: 1.0 1.0 1.0 1.0 1.0 1.0 1.0 1.0 1.0 1.0 1.0 1.0 1.0 1.0 1.0 1.0 1.0 1.0 1.0 0.0
INFO:tensorflow:next_sentence_labels: 0
I1024 09:17:40.661597 47053870625856 create_pretraining_data.py:161] next_sentence_labels: 0
INFO:tensorflow:*** Example ***
I1024 09:17:40.662468 47053870625856 create_pretraining_data.py:149] *** Example ***
INFO:tensorflow:tokens: [CLS] راب ##يف ##ن كب ##سول ##ات جيل ##اتين ##ية مسكن سريع للأ ##لام ، خاف ##ض للح ##رار ##ة التركيب [MASK] كل كب ##سول ##ة جيل ##اتين ##ية ئ ##حت ##وى على : 200 مج ##م آي ##بوب ##روفي ##ن [MASK] [MASK] [SEP] سبي ##راز ##ول فور ##ت [MASK] [MASK] ##ايد [MASK] أقر أص لعلاج عدو ##ى الفم و [MASK] [MASK] و الممر ##ات التنفس ##ية [MASK] [MASK] أ ##لتر [MASK] [MASK] يحتوي كل قرص سبي ##راز ##ول فور ##ث على : سبي ##رامي ##سين [ . . . ظهر [SEP]
I1024 09:17:40.662683 47053870625856 create_pretraining_data.py:151] tokens: [CLS] راب ##يف ##ن كب ##سول ##ات جيل ##اتين ##ية مسكن سريع للأ ##لام ، خاف ##ض للح ##رار ##ة التركيب [MASK] كل كب ##سول ##ة جيل ##اتين ##ية ئ ##حت ##وى على : 200 مج ##م آي ##بوب ##روفي ##ن [MASK] [MASK] [SEP] سبي ##راز ##ول فور ##ت [MASK] [MASK] ##ايد [MASK] أقر أص لعلاج عدو ##ى الفم و [MASK] [MASK] و الممر ##ات التنفس ##ية [MASK] [MASK] أ ##لتر [MASK] [MASK] يحتوي كل قرص سبي ##راز ##ول فور ##ث على : سبي ##رامي ##سين [ . . . ظهر [SEP]
INFO:tensorflow:input_ids: 2 4346 2032 1006 3413 23779 1904 10575 12522 1910 21370 10078 2939 2025 378 10460 1027 2773 5233 1043 26529 4 2038 3413 23779 1043 10575 12522 1910 386 2021 2254 1961 30 2785 2079 1015 14667 24604 18945 1006 4 4 3 10998 5408 1940 6566 1005 4 4 4719 4 15232 2815 9981 12317 1102 14486 415 4 4 415 23097 1904 22581 1910 4 4 383 28511 4 4 8939 2038 28904 10998 5408 1940 6566 1039 1961 30 10998 17359 2998 63 18 18 18 4512 3 0 0 0 0 0 0 0 0 0 0 0 0 0 0 0 0 0 0 0 0 0 0 0 0 0 0 0 0 0 0 0 0 0 0 0 0
I1024 09:17:40.662914 47053870625856 create_pretraining_data.py:161] input_ids: 2 4346 2032 1006 3413 23779 1904 10575 12522 1910 21370 10078 2939 2025 378 10460 1027 2773 5233 1043 26529 4 2038 3413 23779 1043 10575 12522 1910 386 2021 2254 1961 30 2785 2079 1015 14667 24604 18945 1006 4 4 3 10998 5408 1940 6566 1005 4 4 4719 4 15232 2815 9981 12317 1102 14486 415 4 4 415 23097 1904 22581 1910 4 4 383 28511 4 4 8939 2038 28904 10998 5408 1940 6566 1039 1961 30 10998 17359 2998 63 18 18 18 4512 3 0 0 0 0 0 0 0 0 0 0 0 0 0 0 0 0 0 0 0 0 0 0 0 0 0 0 0 0 0 0 0 0 0 0 0 0
INFO:tensorflow:input_mask: 1 1 1 1 1 1 1 1 1 1 1 1 1 1 1 1 1 1 1 1 1 1 1 1 1 1 1 1 1 1 1 1 1 1 1 1 1 1 1 1 1 1 1 1 1 1 1 1 1 1 1 1 1 1 1 1 1 1 1 1 1 1 1 1 1 1 1 1 1 1 1 1 1 1 1 1 1 1 1 1 1 1 1 1 1 1 1 1 1 1 1 1 0 0 0 0 0 0 0 0 0 0 0 0 0 0 0 0 0 0 0 0 0 0 0 0 0 0 0 0 0 0 0 0 0 0 0 0
I1024 09:17:40.663132 47053870625856 create_pretraining_data.py:161] input_mask: 1 1 1 1 1 1 1 1 1 1 1 1 1 1 1 1 1 1 1 1 1 1 1 1 1 1 1 1 1 1 1 1 1 1 1 1 1 1 1 1 1 1 1 1 1 1 1 1 1 1 1 1 1 1 1 1 1 1 1 1 1 1 1 1 1 1 1 1 1 1 1 1 1 1 1 1 1 1 1 1 1 1 1 1 1 1 1 1 1 1 1 1 0 0 0 0 0 0 0 0 0 0 0 0 0 0 0 0 0 0 0 0 0 0 0 0 0 0 0 0 0 0 0 0 0 0 0 0
INFO:tensorflow:segment_ids: 0 0 0 0 0 0 0 0 0 0 0 0 0 0 0 0 0 0 0 0 0 0 0 0 0 0 0 0 0 0 0 0 0 0 0 0 0 0 0 0 0 0 0 0 1 1 1 1 1 1 1 1 1 1 1 1 1 1 1 1 1 1 1 1 1 1 1 1 1 1 1 1 1 1 1 1 1 1 1 1 1 1 1 1 1 1 1 1 1 1 1 1 0 0 0 0 0 0 0 0 0 0 0 0 0 0 0 0 0 0 0 0 0 0 0 0 0 0 0 0 0 0 0 0 0 0 0 0
I1024 09:17:40.663330 47053870625856 create_pretraining_data.py:161] segment_ids: 0 0 0 0 0 0 0 0 0 0 0 0 0 0 0 0 0 0 0 0 0 0 0 0 0 0 0 0 0 0 0 0 0 0 0 0 0 0 0 0 0 0 0 0 1 1 1 1 1 1 1 1 1 1 1 1 1 1 1 1 1 1 1 1 1 1 1 1 1 1 1 1 1 1 1 1 1 1 1 1 1 1 1 1 1 1 1 1 1 1 1 1 0 0 0 0 0 0 0 0 0 0 0 0 0 0 0 0 0 0 0 0 0 0 0 0 0 0 0 0 0 0 0 0 0 0 0 0
INFO:tensorflow:masked_lm_positions: 21 41 42 49 50 51 52 60 61 67 68 71 72 90 0 0 0 0 0 0
I1024 09:17:40.663500 47053870625856 create_pretraining_data.py:161] masked_lm_positions: 21 41 42 49 50 51 52 60 61 67 68 71 72 90 0 0 0 0 0 0
INFO:tensorflow:masked_lm_ids: 30 17828 1045 22316 2809 2053 8340 5996 4759 17034 1043 3199 30 65 0 0 0 0 0 0
I1024 09:17:40.663651 47053870625856 create_pretraining_data.py:161] masked_lm_ids: 30 17828 1045 22316 2809 2053 8340 5996 4759 17034 1043 3199 30 65 0 0 0 0 0 0
INFO:tensorflow:masked_lm_weights: 1.0 1.0 1.0 1.0 1.0 1.0 1.0 1.0 1.0 1.0 1.0 1.0 1.0 1.0 0.0 0.0 0.0 0.0 0.0 0.0
I1024 09:17:40.663802 47053870625856 create_pretraining_data.py:161] masked_lm_weights: 1.0 1.0 1.0 1.0 1.0 1.0 1.0 1.0 1.0 1.0 1.0 1.0 1.0 1.0 0.0 0.0 0.0 0.0 0.0 0.0
INFO:tensorflow:next_sentence_labels: 0
I1024 09:17:40.663938 47053870625856 create_pretraining_data.py:161] next_sentence_labels: 0
INFO:tensorflow:*** Example ***
I1024 09:17:40.664796 47053870625856 create_pretraining_data.py:149] *** Example ***
INFO:tensorflow:tokens: [CLS] إن الاستثمارات ، أو الإي ##راد ##ات الناتجة عنها ، يمكن أن تن ##خفض [MASK] ترتفع . [SEP] بث ##ت قناة [MASK] ، فيديو [MASK] مشاركة وزير الاستخبارات الاسرائيلي ، يسرا ##ئيل كات ##س ، وهو يرق ##ص بالسي ##ف [MASK] العاصمة [MASK] مسقط . [SEP]
I1024 09:17:40.664988 47053870625856 create_pretraining_data.py:151] tokens: [CLS] إن الاستثمارات ، أو الإي ##راد ##ات الناتجة عنها ، يمكن أن تن ##خفض [MASK] ترتفع . [SEP] بث ##ت قناة [MASK] ، فيديو [MASK] مشاركة وزير الاستخبارات الاسرائيلي ، يسرا ##ئيل كات ##س ، وهو يرق ##ص بالسي ##ف [MASK] العاصمة [MASK] مسقط . [SEP]
INFO:tensorflow:input_ids: 2 2259 14205 378 2075 22083 2924 1904 24737 3851 378 2490 1979 2245 6701 4 18892 18 3 4329 1005 5438 4 378 3507 4 5021 3075 14337 6636 378 19316 12441 10265 1033 378 2400 28157 1031 14922 1037 4 5525 4 15163 18 3 0 0 0 0 0 0 0 0 0 0 0 0 0 0 0 0 0 0 0 0 0 0 0 0 0 0 0 0 0 0 0 0 0 0 0 0 0 0 0 0 0 0 0 0 0 0 0 0 0 0 0 0 0 0 0 0 0 0 0 0 0 0 0 0 0 0 0 0 0 0 0 0 0 0 0 0 0 0 0 0 0
I1024 09:17:40.665229 47053870625856 create_pretraining_data.py:161] input_ids: 2 2259 14205 378 2075 22083 2924 1904 24737 3851 378 2490 1979 2245 6701 4 18892 18 3 4329 1005 5438 4 378 3507 4 5021 3075 14337 6636 378 19316 12441 10265 1033 378 2400 28157 1031 14922 1037 4 5525 4 15163 18 3 0 0 0 0 0 0 0 0 0 0 0 0 0 0 0 0 0 0 0 0 0 0 0 0 0 0 0 0 0 0 0 0 0 0 0 0 0 0 0 0 0 0 0 0 0 0 0 0 0 0 0 0 0 0 0 0 0 0 0 0 0 0 0 0 0 0 0 0 0 0 0 0 0 0 0 0 0 0 0 0 0
INFO:tensorflow:input_mask: 1 1 1 1 1 1 1 1 1 1 1 1 1 1 1 1 1 1 1 1 1 1 1 1 1 1 1 1 1 1 1 1 1 1 1 1 1 1 1 1 1 1 1 1 1 1 1 0 0 0 0 0 0 0 0 0 0 0 0 0 0 0 0 0 0 0 0 0 0 0 0 0 0 0 0 0 0 0 0 0 0 0 0 0 0 0 0 0 0 0 0 0 0 0 0 0 0 0 0 0 0 0 0 0 0 0 0 0 0 0 0 0 0 0 0 0 0 0 0 0 0 0 0 0 0 0 0 0
I1024 09:17:40.665431 47053870625856 create_pretraining_data.py:161] input_mask: 1 1 1 1 1 1 1 1 1 1 1 1 1 1 1 1 1 1 1 1 1 1 1 1 1 1 1 1 1 1 1 1 1 1 1 1 1 1 1 1 1 1 1 1 1 1 1 0 0 0 0 0 0 0 0 0 0 0 0 0 0 0 0 0 0 0 0 0 0 0 0 0 0 0 0 0 0 0 0 0 0 0 0 0 0 0 0 0 0 0 0 0 0 0 0 0 0 0 0 0 0 0 0 0 0 0 0 0 0 0 0 0 0 0 0 0 0 0 0 0 0 0 0 0 0 0 0 0
INFO:tensorflow:segment_ids: 0 0 0 0 0 0 0 0 0 0 0 0 0 0 0 0 0 0 0 1 1 1 1 1 1 1 1 1 1 1 1 1 1 1 1 1 1 1 1 1 1 1 1 1 1 1 1 0 0 0 0 0 0 0 0 0 0 0 0 0 0 0 0 0 0 0 0 0 0 0 0 0 0 0 0 0 0 0 0 0 0 0 0 0 0 0 0 0 0 0 0 0 0 0 0 0 0 0 0 0 0 0 0 0 0 0 0 0 0 0 0 0 0 0 0 0 0 0 0 0 0 0 0 0 0 0 0 0
I1024 09:17:40.665589 47053870625856 create_pretraining_data.py:161] segment_ids: 0 0 0 0 0 0 0 0 0 0 0 0 0 0 0 0 0 0 0 1 1 1 1 1 1 1 1 1 1 1 1 1 1 1 1 1 1 1 1 1 1 1 1 1 1 1 1 0 0 0 0 0 0 0 0 0 0 0 0 0 0 0 0 0 0 0 0 0 0 0 0 0 0 0 0 0 0 0 0 0 0 0 0 0 0 0 0 0 0 0 0 0 0 0 0 0 0 0 0 0 0 0 0 0 0 0 0 0 0 0 0 0 0 0 0 0 0 0 0 0 0 0 0 0 0 0 0 0
INFO:tensorflow:masked_lm_positions: 15 22 25 26 41 43 45 0 0 0 0 0 0 0 0 0 0 0 0 0
I1024 09:17:40.665714 47053870625856 create_pretraining_data.py:161] masked_lm_positions: 15 22 25 26 41 43 45 0 0 0 0 0 0 0 0 0 0 0 0 0
INFO:tensorflow:masked_lm_ids: 2075 27413 6507 5021 1912 26550 18 0 0 0 0 0 0 0 0 0 0 0 0 0
I1024 09:17:40.665854 47053870625856 create_pretraining_data.py:161] masked_lm_ids: 2075 27413 6507 5021 1912 26550 18 0 0 0 0 0 0 0 0 0 0 0 0 0
INFO:tensorflow:masked_lm_weights: 1.0 1.0 1.0 1.0 1.0 1.0 1.0 0.0 0.0 0.0 0.0 0.0 0.0 0.0 0.0 0.0 0.0 0.0 0.0 0.0
I1024 09:17:40.665980 47053870625856 create_pretraining_data.py:161] masked_lm_weights: 1.0 1.0 1.0 1.0 1.0 1.0 1.0 0.0 0.0 0.0 0.0 0.0 0.0 0.0 0.0 0.0 0.0 0.0 0.0 0.0
INFO:tensorflow:next_sentence_labels: 1
I1024 09:17:40.666103 47053870625856 create_pretraining_data.py:161] next_sentence_labels: 1
INFO:tensorflow:*** Example ***
I1024 09:17:40.666818 47053870625856 create_pretraining_data.py:149] *** Example ***
INFO:tensorflow:tokens: [CLS] وختم [MASK] : " [MASK] للإ ##تحاد الأوروبي ، وشكرا لس ##عادة السفير ##ة وفريق عملها ، [MASK] للق ##ائمين [MASK] الصندوق الإ ##ئتم ##اني الأوروبي [MASK] وإلى المزيد من ##els الدولي للبنان الواجبات شاء الله [MASK] لكي نتم ##كن من سد الفج ##وات المالية ، وتحسين جودة التعليم وتطوير ##ه " . [SEP] ##ن : " هذه [MASK] حزمة يخص ##صه ##ا الاتحاد [MASK] للقطاع التربوي في لبنان حتى اليوم . وسي ##ستمر الاتحاد [MASK] ووزارة [MASK] والتعليم العالي في العمل على تعزيز قدرات منظومة التعليم العام من أجل توفير تعليم شامل وذ ##ي جودة لجميع الأطفال في [MASK] " . وأضافت في مناسبة إحياء [MASK] العالمي للطفل : " إن تعليم الأطفال والشباب [MASK] أساسي من حقوق الإنسان . والتعليم أساسي [MASK] وبناء مجتمع [SEP]
I1024 09:17:40.667008 47053870625856 create_pretraining_data.py:151] tokens: [CLS] وختم [MASK] : " [MASK] للإ ##تحاد الأوروبي ، وشكرا لس ##عادة السفير ##ة وفريق عملها ، [MASK] للق ##ائمين [MASK] الصندوق الإ ##ئتم ##اني الأوروبي [MASK] وإلى المزيد من ##els الدولي للبنان الواجبات شاء الله [MASK] لكي نتم ##كن من سد الفج ##وات المالية ، وتحسين جودة التعليم وتطوير ##ه " . [SEP] ##ن : " هذه [MASK] حزمة يخص ##صه ##ا الاتحاد [MASK] للقطاع التربوي في لبنان حتى اليوم . وسي ##ستمر الاتحاد [MASK] ووزارة [MASK] والتعليم العالي في العمل على تعزيز قدرات منظومة التعليم العام من أجل توفير تعليم شامل وذ ##ي جودة لجميع الأطفال في [MASK] " . وأضافت في مناسبة إحياء [MASK] العالمي للطفل : " إن تعليم الأطفال والشباب [MASK] أساسي من حقوق الإنسان . والتعليم أساسي [MASK] وبناء مجتمع [SEP]
INFO:tensorflow:input_ids: 2 19469 4 30 6 4 3822 2593 6520 378 12679 2968 3417 6865 1043 27844 13485 378 4 3178 13718 4 10629 2010 15504 2022 6520 4 10533 4714 1908 15588 3423 19449 11631 4217 1953 4 5146 9660 2033 1908 10325 13488 2174 4331 378 16840 9228 3009 8298 1028 6 18 3 1006 30 6 2159 4 26347 8385 4344 1007 2816 4 22584 12545 1912 3037 2494 2217 18 3713 13365 2816 4 21553 4 6121 7556 1912 2854 1961 7293 16961 15047 3009 2169 1908 3883 7065 4475 12214 6637 1013 9228 5566 5063 1912 4 6 18 11452 1912 9847 19685 4 3611 23536 30 6 2259 4475 5063 14079 4 13645 1908 3902 4005 18 6121 13645 4 11805 5921 3
I1024 09:17:40.667206 47053870625856 create_pretraining_data.py:161] input_ids: 2 19469 4 30 6 4 3822 2593 6520 378 12679 2968 3417 6865 1043 27844 13485 378 4 3178 13718 4 10629 2010 15504 2022 6520 4 10533 4714 1908 15588 3423 19449 11631 4217 1953 4 5146 9660 2033 1908 10325 13488 2174 4331 378 16840 9228 3009 8298 1028 6 18 3 1006 30 6 2159 4 26347 8385 4344 1007 2816 4 22584 12545 1912 3037 2494 2217 18 3713 13365 2816 4 21553 4 6121 7556 1912 2854 1961 7293 16961 15047 3009 2169 1908 3883 7065 4475 12214 6637 1013 9228 5566 5063 1912 4 6 18 11452 1912 9847 19685 4 3611 23536 30 6 2259 4475 5063 14079 4 13645 1908 3902 4005 18 6121 13645 4 11805 5921 3
INFO:tensorflow:input_mask: 1 1 1 1 1 1 1 1 1 1 1 1 1 1 1 1 1 1 1 1 1 1 1 1 1 1 1 1 1 1 1 1 1 1 1 1 1 1 1 1 1 1 1 1 1 1 1 1 1 1 1 1 1 1 1 1 1 1 1 1 1 1 1 1 1 1 1 1 1 1 1 1 1 1 1 1 1 1 1 1 1 1 1 1 1 1 1 1 1 1 1 1 1 1 1 1 1 1 1 1 1 1 1 1 1 1 1 1 1 1 1 1 1 1 1 1 1 1 1 1 1 1 1 1 1 1 1 1
I1024 09:17:40.667392 47053870625856 create_pretraining_data.py:161] input_mask: 1 1 1 1 1 1 1 1 1 1 1 1 1 1 1 1 1 1 1 1 1 1 1 1 1 1 1 1 1 1 1 1 1 1 1 1 1 1 1 1 1 1 1 1 1 1 1 1 1 1 1 1 1 1 1 1 1 1 1 1 1 1 1 1 1 1 1 1 1 1 1 1 1 1 1 1 1 1 1 1 1 1 1 1 1 1 1 1 1 1 1 1 1 1 1 1 1 1 1 1 1 1 1 1 1 1 1 1 1 1 1 1 1 1 1 1 1 1 1 1 1 1 1 1 1 1 1 1
INFO:tensorflow:segment_ids: 0 0 0 0 0 0 0 0 0 0 0 0 0 0 0 0 0 0 0 0 0 0 0 0 0 0 0 0 0 0 0 0 0 0 0 0 0 0 0 0 0 0 0 0 0 0 0 0 0 0 0 0 0 0 0 1 1 1 1 1 1 1 1 1 1 1 1 1 1 1 1 1 1 1 1 1 1 1 1 1 1 1 1 1 1 1 1 1 1 1 1 1 1 1 1 1 1 1 1 1 1 1 1 1 1 1 1 1 1 1 1 1 1 1 1 1 1 1 1 1 1 1 1 1 1 1 1 1
I1024 09:17:40.667558 47053870625856 create_pretraining_data.py:161] segment_ids: 0 0 0 0 0 0 0 0 0 0 0 0 0 0 0 0 0 0 0 0 0 0 0 0 0 0 0 0 0 0 0 0 0 0 0 0 0 0 0 0 0 0 0 0 0 0 0 0 0 0 0 0 0 0 0 1 1 1 1 1 1 1 1 1 1 1 1 1 1 1 1 1 1 1 1 1 1 1 1 1 1 1 1 1 1 1 1 1 1 1 1 1 1 1 1 1 1 1 1 1 1 1 1 1 1 1 1 1 1 1 1 1 1 1 1 1 1 1 1 1 1 1 1 1 1 1 1 1
INFO:tensorflow:masked_lm_positions: 2 5 18 21 27 31 34 37 59 65 66 76 78 86 100 107 111 116 124 0
I1024 09:17:40.667686 47053870625856 create_pretraining_data.py:161] masked_lm_positions: 2 5 18 21 27 31 34 37 59 65 66 76 78 86 100 107 111 116 124 0
INFO:tensorflow:masked_lm_ids: 27681 3948 12679 1961 378 4534 2259 378 4462 6520 22584 6520 4032 15047 3037 2217 6 2576 13147 0
I1024 09:17:40.667807 47053870625856 create_pretraining_data.py:161] masked_lm_ids: 27681 3948 12679 1961 378 4534 2259 378 4462 6520 22584 6520 4032 15047 3037 2217 6 2576 13147 0
INFO:tensorflow:masked_lm_weights: 1.0 1.0 1.0 1.0 1.0 1.0 1.0 1.0 1.0 1.0 1.0 1.0 1.0 1.0 1.0 1.0 1.0 1.0 1.0 0.0
I1024 09:17:40.667929 47053870625856 create_pretraining_data.py:161] masked_lm_weights: 1.0 1.0 1.0 1.0 1.0 1.0 1.0 1.0 1.0 1.0 1.0 1.0 1.0 1.0 1.0 1.0 1.0 1.0 1.0 0.0
INFO:tensorflow:next_sentence_labels: 0
I1024 09:17:40.668045 47053870625856 create_pretraining_data.py:161] next_sentence_labels: 0
INFO:tensorflow:*** Example ***
I1024 09:17:40.668744 47053870625856 create_pretraining_data.py:149] *** Example ***
INFO:tensorflow:tokens: [CLS] ##يا البيضاء بلح ##م [MASK] [MASK] على الطريقة الليبية من [MASK] اللذي ##ذة والمف ##يدة خاصة في برد الشتاء ، [MASK] كنت بلي ##بيا تذ ##وقت ##ها بإح ##دى المطاعم وأع ##جبت ##ني جدا وقرر ##ت أن [MASK] [MASK] [MASK] ونجح ##ت [MASK] ##ديد وها هي بين أيدي ##كم لكي تحضر ##وها ، ما يميز ##ها هو لحم الض ##أن لما يضيف [MASK] طعم طيب للطب ##خة ، أتمنى [SEP] موضوع : رد : أد ##عية قبل [MASK] تف ##ديك ##م ( ( وتس ##هل عليكم ) ) بأ ##ذن الله ~ | [MASK] أبريل 18 , 2010 5 : [MASK] am © [MASK] | منتدى [MASK] | منتدى [MASK] للدعم و المحادثات | إتصل بنا | التبليغ عن محتوى مخالف | انشئ [MASK] الخاصة مجانيا [SEP]
I1024 09:17:40.668936 47053870625856 create_pretraining_data.py:151] tokens: [CLS] ##يا البيضاء بلح ##م [MASK] [MASK] على الطريقة الليبية من [MASK] اللذي ##ذة والمف ##يدة خاصة في برد الشتاء ، [MASK] كنت بلي ##بيا تذ ##وقت ##ها بإح ##دى المطاعم وأع ##جبت ##ني جدا وقرر ##ت أن [MASK] [MASK] [MASK] ونجح ##ت [MASK] ##ديد وها هي بين أيدي ##كم لكي تحضر ##وها ، ما يميز ##ها هو لحم الض ##أن لما يضيف [MASK] طعم طيب للطب ##خة ، أتمنى [SEP] موضوع : رد : أد ##عية قبل [MASK] تف ##ديك ##م ( ( وتس ##هل عليكم ) ) بأ ##ذن الله ~ | [MASK] أبريل 18 , 2010 5 : [MASK] am © [MASK] | منتدى [MASK] | منتدى [MASK] للدعم و المحادثات | إتصل بنا | التبليغ عن محتوى مخالف | انشئ [MASK] الخاصة مجانيا [SEP]
INFO:tensorflow:input_ids: 2 1937 3513 13958 1015 4 4 1961 8661 13501 1908 4 21589 5005 12275 3168 3481 1912 6060 5875 378 4 2678 9365 7038 9392 7436 1913 23776 2012 15781 6453 14390 1974 2882 25134 1005 1979 4 4 4 27796 1005 4 2212 8154 2247 2117 13955 2018 5146 25548 3736 378 1972 16793 1913 2139 9564 2403 2291 2518 17167 4 11235 4177 20407 4573 378 21834 3 4030 30 3535 30 3293 2761 2289 4 2562 3390 1015 12 12 5102 2458 4229 13 13 2499 3022 1953 98 96 4 6476 3328 16 5190 25 30 4 10474 106 4 96 2069 4 96 2069 4 2679 415 15451 96 4111 3122 96 3888 1955 3491 3743 96 5292 4 2847 7350 3
I1024 09:17:40.669149 47053870625856 create_pretraining_data.py:161] input_ids: 2 1937 3513 13958 1015 4 4 1961 8661 13501 1908 4 21589 5005 12275 3168 3481 1912 6060 5875 378 4 2678 9365 7038 9392 7436 1913 23776 2012 15781 6453 14390 1974 2882 25134 1005 1979 4 4 4 27796 1005 4 2212 8154 2247 2117 13955 2018 5146 25548 3736 378 1972 16793 1913 2139 9564 2403 2291 2518 17167 4 11235 4177 20407 4573 378 21834 3 4030 30 3535 30 3293 2761 2289 4 2562 3390 1015 12 12 5102 2458 4229 13 13 2499 3022 1953 98 96 4 6476 3328 16 5190 25 30 4 10474 106 4 96 2069 4 96 2069 4 2679 415 15451 96 4111 3122 96 3888 1955 3491 3743 96 5292 4 2847 7350 3
INFO:tensorflow:input_mask: 1 1 1 1 1 1 1 1 1 1 1 1 1 1 1 1 1 1 1 1 1 1 1 1 1 1 1 1 1 1 1 1 1 1 1 1 1 1 1 1 1 1 1 1 1 1 1 1 1 1 1 1 1 1 1 1 1 1 1 1 1 1 1 1 1 1 1 1 1 1 1 1 1 1 1 1 1 1 1 1 1 1 1 1 1 1 1 1 1 1 1 1 1 1 1 1 1 1 1 1 1 1 1 1 1 1 1 1 1 1 1 1 1 1 1 1 1 1 1 1 1 1 1 1 1 1 1 1
I1024 09:17:40.669323 47053870625856 create_pretraining_data.py:161] input_mask: 1 1 1 1 1 1 1 1 1 1 1 1 1 1 1 1 1 1 1 1 1 1 1 1 1 1 1 1 1 1 1 1 1 1 1 1 1 1 1 1 1 1 1 1 1 1 1 1 1 1 1 1 1 1 1 1 1 1 1 1 1 1 1 1 1 1 1 1 1 1 1 1 1 1 1 1 1 1 1 1 1 1 1 1 1 1 1 1 1 1 1 1 1 1 1 1 1 1 1 1 1 1 1 1 1 1 1 1 1 1 1 1 1 1 1 1 1 1 1 1 1 1 1 1 1 1 1 1
INFO:tensorflow:segment_ids: 0 0 0 0 0 0 0 0 0 0 0 0 0 0 0 0 0 0 0 0 0 0 0 0 0 0 0 0 0 0 0 0 0 0 0 0 0 0 0 0 0 0 0 0 0 0 0 0 0 0 0 0 0 0 0 0 0 0 0 0 0 0 0 0 0 0 0 0 0 0 0 1 1 1 1 1 1 1 1 1 1 1 1 1 1 1 1 1 1 1 1 1 1 1 1 1 1 1 1 1 1 1 1 1 1 1 1 1 1 1 1 1 1 1 1 1 1 1 1 1 1 1 1 1 1 1 1 1
I1024 09:17:40.669484 47053870625856 create_pretraining_data.py:161] segment_ids: 0 0 0 0 0 0 0 0 0 0 0 0 0 0 0 0 0 0 0 0 0 0 0 0 0 0 0 0 0 0 0 0 0 0 0 0 0 0 0 0 0 0 0 0 0 0 0 0 0 0 0 0 0 0 0 0 0 0 0 0 0 0 0 0 0 0 0 0 0 0 0 1 1 1 1 1 1 1 1 1 1 1 1 1 1 1 1 1 1 1 1 1 1 1 1 1 1 1 1 1 1 1 1 1 1 1 1 1 1 1 1 1 1 1 1 1 1 1 1 1 1 1 1 1 1 1 1 1
INFO:tensorflow:masked_lm_positions: 5 6 11 21 30 38 39 40 43 44 63 78 94 101 104 107 110 113 124 0
I1024 09:17:40.669609 47053870625856 create_pretraining_data.py:161] masked_lm_positions: 5 6 11 21 30 38 39 40 43 44 63 78 94 101 104 107 110 113 124 0
INFO:tensorflow:masked_lm_ids: 2403 2291 17792 2805 15781 14105 1913 24422 15320 1043 1908 11410 5557 7695 4237 3143 3143 3661 5534 0
I1024 09:17:40.669729 47053870625856 create_pretraining_data.py:161] masked_lm_ids: 2403 2291 17792 2805 15781 14105 1913 24422 15320 1043 1908 11410 5557 7695 4237 3143 3143 3661 5534 0
INFO:tensorflow:masked_lm_weights: 1.0 1.0 1.0 1.0 1.0 1.0 1.0 1.0 1.0 1.0 1.0 1.0 1.0 1.0 1.0 1.0 1.0 1.0 1.0 0.0
I1024 09:17:40.669852 47053870625856 create_pretraining_data.py:161] masked_lm_weights: 1.0 1.0 1.0 1.0 1.0 1.0 1.0 1.0 1.0 1.0 1.0 1.0 1.0 1.0 1.0 1.0 1.0 1.0 1.0 0.0
INFO:tensorflow:next_sentence_labels: 1
I1024 09:17:40.669964 47053870625856 create_pretraining_data.py:161] next_sentence_labels: 1
INFO:tensorflow:*** Example ***
I1024 09:17:40.670708 47053870625856 create_pretraining_data.py:149] *** Example ***
INFO:tensorflow:tokens: [CLS] t = 13 ##95 ##18 & re ##f ##er ##re ##ri ##d = [MASK] المرس ##ل . [MASK] . [SEP] وأضافت الوزارة أنه [MASK] على الجبيل الأيام الماضية [MASK] المصادر المتعا ##ونة ودفع ##هم لر ##صد [MASK] معلومات حول أماكن تردد وتمر ##كز العناصر المشتبه فيها ولس خاصة الواقعة بم ##زار ##ع الاست ##صلاح الكائن ##ة بالمنا ##طق النائ ##ية بمحا ##فظ ##ات الجيزة والو ##جه القب ##لي باعتبارها [MASK] آمن التام [MASK] للإ ##خت ##فاء والتدريب والان ##طلاق [MASK] مخططات ##هم العد ##ائية [MASK] [SEP]
I1024 09:17:40.670886 47053870625856 create_pretraining_data.py:151] tokens: [CLS] t = 13 ##95 ##18 & re ##f ##er ##re ##ri ##d = [MASK] المرس ##ل . [MASK] . [SEP] وأضافت الوزارة أنه [MASK] على الجبيل الأيام الماضية [MASK] المصادر المتعا ##ونة ودفع ##هم لر ##صد [MASK] معلومات حول أماكن تردد وتمر ##كز العناصر المشتبه فيها ولس خاصة الواقعة بم ##زار ##ع الاست ##صلاح الكائن ##ة بالمنا ##طق النائ ##ية بمحا ##فظ ##ات الجيزة والو ##جه القب ##لي باعتبارها [MASK] آمن التام [MASK] للإ ##خت ##فاء والتدريب والان ##طلاق [MASK] مخططات ##هم العد ##ائية [MASK] [SEP]
INFO:tensorflow:input_ids: 2 88 33 3243 16015 6124 10 16727 1086 2221 4195 4220 1047 33 4 12284 1010 18 4 18 3 11452 6564 2590 4 1961 20894 6995 5385 4 8862 29674 3226 18867 1949 5165 2588 4 4733 2528 9643 8126 29364 18035 11646 24440 2443 10200 3481 10656 2225 14930 1009 2320 6185 27335 1043 21012 3249 23056 1910 17028 2698 1904 16925 11031 2047 4240 1907 18750 4 10388 14640 4 3822 2114 3254 19479 4308 3878 4 22855 1949 3348 2975 4 3 0 0 0 0 0 0 0 0 0 0 0 0 0 0 0 0 0 0 0 0 0 0 0 0 0 0 0 0 0 0 0 0 0 0 0 0 0 0 0 0 0
I1024 09:17:40.671081 47053870625856 create_pretraining_data.py:161] input_ids: 2 88 33 3243 16015 6124 10 16727 1086 2221 4195 4220 1047 33 4 12284 1010 18 4 18 3 11452 6564 2590 4 1961 20894 6995 5385 4 8862 29674 3226 18867 1949 5165 2588 4 4733 2528 9643 8126 29364 18035 11646 24440 2443 10200 3481 10656 2225 14930 1009 2320 6185 27335 1043 21012 3249 23056 1910 17028 2698 1904 16925 11031 2047 4240 1907 18750 4 10388 14640 4 3822 2114 3254 19479 4308 3878 4 22855 1949 3348 2975 4 3 0 0 0 0 0 0 0 0 0 0 0 0 0 0 0 0 0 0 0 0 0 0 0 0 0 0 0 0 0 0 0 0 0 0 0 0 0 0 0 0 0
INFO:tensorflow:input_mask: 1 1 1 1 1 1 1 1 1 1 1 1 1 1 1 1 1 1 1 1 1 1 1 1 1 1 1 1 1 1 1 1 1 1 1 1 1 1 1 1 1 1 1 1 1 1 1 1 1 1 1 1 1 1 1 1 1 1 1 1 1 1 1 1 1 1 1 1 1 1 1 1 1 1 1 1 1 1 1 1 1 1 1 1 1 1 1 0 0 0 0 0 0 0 0 0 0 0 0 0 0 0 0 0 0 0 0 0 0 0 0 0 0 0 0 0 0 0 0 0 0 0 0 0 0 0 0 0
I1024 09:17:40.671252 47053870625856 create_pretraining_data.py:161] input_mask: 1 1 1 1 1 1 1 1 1 1 1 1 1 1 1 1 1 1 1 1 1 1 1 1 1 1 1 1 1 1 1 1 1 1 1 1 1 1 1 1 1 1 1 1 1 1 1 1 1 1 1 1 1 1 1 1 1 1 1 1 1 1 1 1 1 1 1 1 1 1 1 1 1 1 1 1 1 1 1 1 1 1 1 1 1 1 1 0 0 0 0 0 0 0 0 0 0 0 0 0 0 0 0 0 0 0 0 0 0 0 0 0 0 0 0 0 0 0 0 0 0 0 0 0 0 0 0 0
INFO:tensorflow:segment_ids: 0 0 0 0 0 0 0 0 0 0 0 0 0 0 0 0 0 0 0 0 0 1 1 1 1 1 1 1 1 1 1 1 1 1 1 1 1 1 1 1 1 1 1 1 1 1 1 1 1 1 1 1 1 1 1 1 1 1 1 1 1 1 1 1 1 1 1 1 1 1 1 1 1 1 1 1 1 1 1 1 1 1 1 1 1 1 1 0 0 0 0 0 0 0 0 0 0 0 0 0 0 0 0 0 0 0 0 0 0 0 0 0 0 0 0 0 0 0 0 0 0 0 0 0 0 0 0 0
I1024 09:17:40.671414 47053870625856 create_pretraining_data.py:161] segment_ids: 0 0 0 0 0 0 0 0 0 0 0 0 0 0 0 0 0 0 0 0 0 1 1 1 1 1 1 1 1 1 1 1 1 1 1 1 1 1 1 1 1 1 1 1 1 1 1 1 1 1 1 1 1 1 1 1 1 1 1 1 1 1 1 1 1 1 1 1 1 1 1 1 1 1 1 1 1 1 1 1 1 1 1 1 1 1 1 0 0 0 0 0 0 0 0 0 0 0 0 0 0 0 0 0 0 0 0 0 0 0 0 0 0 0 0 0 0 0 0 0 0 0 0 0 0 0 0 0
INFO:tensorflow:masked_lm_positions: 14 18 23 24 26 29 37 47 70 72 73 80 85 0 0 0 0 0 0 0
I1024 09:17:40.671539 47053870625856 create_pretraining_data.py:161] masked_lm_positions: 14 18 23 24 26 29 37 47 70 72 73 80 85 0 0 0 0 0 0 0
INFO:tensorflow:masked_lm_ids: 20 18 2590 2172 8299 21400 9818 378 24717 26196 11646 12808 18 0 0 0 0 0 0 0
I1024 09:17:40.671677 47053870625856 create_pretraining_data.py:161] masked_lm_ids: 20 18 2590 2172 8299 21400 9818 378 24717 26196 11646 12808 18 0 0 0 0 0 0 0
INFO:tensorflow:masked_lm_weights: 1.0 1.0 1.0 1.0 1.0 1.0 1.0 1.0 1.0 1.0 1.0 1.0 1.0 0.0 0.0 0.0 0.0 0.0 0.0 0.0
I1024 09:17:40.671802 47053870625856 create_pretraining_data.py:161] masked_lm_weights: 1.0 1.0 1.0 1.0 1.0 1.0 1.0 1.0 1.0 1.0 1.0 1.0 1.0 0.0 0.0 0.0 0.0 0.0 0.0 0.0
INFO:tensorflow:next_sentence_labels: 1
I1024 09:17:40.671915 47053870625856 create_pretraining_data.py:161] next_sentence_labels: 1
INFO:tensorflow:*** Example ***
I1024 09:17:40.672631 47053870625856 create_pretraining_data.py:149] *** Example ***
INFO:tensorflow:tokens: [CLS] © phpBB | انشاء منتدى مجاني [MASK] منتدى مجاني [MASK] و المساعدة [MASK] إتصل بنا | التبليغ عن محتوى مخالف [MASK] الحصول على مدونة مجانية [SEP] متق ##اعد ##ون مهد ##دون [MASK] استلام معا ##شات ##هم وبط ##الون دون آفاق لإيجاد مناصب شغل حرمان أصحاب القطع الأرضية الموروث ##ة من الحصول على السكن طلبة [MASK] [MASK] بب ##اب [MASK] ينت ##فض ##ون ضد نتائج " الماس ##تر " يستدعي [MASK] محاولات لإ ##غر ##اق السوق بأ ##طنا ##ن من ##وكم [MASK] الشيف ##ون " [MASK] [MASK] [MASK] تشي ##د بدور الجزائر في مكافحة الإرهاب والج ##ريمة المنظمة أو ##يح ##ي ##ى يرد على محمد السادس ويؤكد على حق [MASK] الصحراوي في تقرير [MASK] الحكومة تتهم [MASK] خاصة ب " التلا ##عب " بتص ##ريحات أو ##يح [SEP]
I1024 09:17:40.672826 47053870625856 create_pretraining_data.py:151] tokens: [CLS] © phpBB | انشاء منتدى مجاني [MASK] منتدى مجاني [MASK] و المساعدة [MASK] إتصل بنا | التبليغ عن محتوى مخالف [MASK] الحصول على مدونة مجانية [SEP] متق ##اعد ##ون مهد ##دون [MASK] استلام معا ##شات ##هم وبط ##الون دون آفاق لإيجاد مناصب شغل حرمان أصحاب القطع الأرضية الموروث ##ة من الحصول على السكن طلبة [MASK] [MASK] بب ##اب [MASK] ينت ##فض ##ون ضد نتائج " الماس ##تر " يستدعي [MASK] محاولات لإ ##غر ##اق السوق بأ ##طنا ##ن من ##وكم [MASK] الشيف ##ون " [MASK] [MASK] [MASK] تشي ##د بدور الجزائر في مكافحة الإرهاب والج ##ريمة المنظمة أو ##يح ##ي ##ى يرد على محمد السادس ويؤكد على حق [MASK] الصحراوي في تقرير [MASK] الحكومة تتهم [MASK] خاصة ب " التلا ##عب " بتص ##ريحات أو ##يح [SEP]
INFO:tensorflow:input_ids: 2 106 4237 96 6117 2069 3143 4 2069 3143 4 415 3661 4 4111 3122 96 3888 1955 3491 3743 4 3985 1961 4688 6206 3 20859 3298 1922 13796 6024 4 18958 3874 3951 1949 14413 8797 2571 19104 29978 24160 11302 28848 5032 15921 21317 25385 1043 1908 3985 1961 8626 13890 4 4 3827 1933 4 3564 2191 1922 3051 4650 6 10279 2582 6 29646 4 11539 3028 4830 2396 4693 2499 10491 1006 1908 16067 4 16778 1922 6 4 4 4 8677 1016 12578 3954 1912 6057 7482 3057 20364 7784 2075 4803 1013 1102 6478 1961 2202 6400 16817 1961 2576 4 26949 1912 5388 4 3130 27976 4 3481 388 6 20598 2123 6 10196 5619 2075 4803 3
I1024 09:17:40.673016 47053870625856 create_pretraining_data.py:161] input_ids: 2 106 4237 96 6117 2069 3143 4 2069 3143 4 415 3661 4 4111 3122 96 3888 1955 3491 3743 4 3985 1961 4688 6206 3 20859 3298 1922 13796 6024 4 18958 3874 3951 1949 14413 8797 2571 19104 29978 24160 11302 28848 5032 15921 21317 25385 1043 1908 3985 1961 8626 13890 4 4 3827 1933 4 3564 2191 1922 3051 4650 6 10279 2582 6 29646 4 11539 3028 4830 2396 4693 2499 10491 1006 1908 16067 4 16778 1922 6 4 4 4 8677 1016 12578 3954 1912 6057 7482 3057 20364 7784 2075 4803 1013 1102 6478 1961 2202 6400 16817 1961 2576 4 26949 1912 5388 4 3130 27976 4 3481 388 6 20598 2123 6 10196 5619 2075 4803 3
INFO:tensorflow:input_mask: 1 1 1 1 1 1 1 1 1 1 1 1 1 1 1 1 1 1 1 1 1 1 1 1 1 1 1 1 1 1 1 1 1 1 1 1 1 1 1 1 1 1 1 1 1 1 1 1 1 1 1 1 1 1 1 1 1 1 1 1 1 1 1 1 1 1 1 1 1 1 1 1 1 1 1 1 1 1 1 1 1 1 1 1 1 1 1 1 1 1 1 1 1 1 1 1 1 1 1 1 1 1 1 1 1 1 1 1 1 1 1 1 1 1 1 1 1 1 1 1 1 1 1 1 1 1 1 1
I1024 09:17:40.673208 47053870625856 create_pretraining_data.py:161] input_mask: 1 1 1 1 1 1 1 1 1 1 1 1 1 1 1 1 1 1 1 1 1 1 1 1 1 1 1 1 1 1 1 1 1 1 1 1 1 1 1 1 1 1 1 1 1 1 1 1 1 1 1 1 1 1 1 1 1 1 1 1 1 1 1 1 1 1 1 1 1 1 1 1 1 1 1 1 1 1 1 1 1 1 1 1 1 1 1 1 1 1 1 1 1 1 1 1 1 1 1 1 1 1 1 1 1 1 1 1 1 1 1 1 1 1 1 1 1 1 1 1 1 1 1 1 1 1 1 1
INFO:tensorflow:segment_ids: 0 0 0 0 0 0 0 0 0 0 0 0 0 0 0 0 0 0 0 0 0 0 0 0 0 0 0 1 1 1 1 1 1 1 1 1 1 1 1 1 1 1 1 1 1 1 1 1 1 1 1 1 1 1 1 1 1 1 1 1 1 1 1 1 1 1 1 1 1 1 1 1 1 1 1 1 1 1 1 1 1 1 1 1 1 1 1 1 1 1 1 1 1 1 1 1 1 1 1 1 1 1 1 1 1 1 1 1 1 1 1 1 1 1 1 1 1 1 1 1 1 1 1 1 1 1 1 1
I1024 09:17:40.673373 47053870625856 create_pretraining_data.py:161] segment_ids: 0 0 0 0 0 0 0 0 0 0 0 0 0 0 0 0 0 0 0 0 0 0 0 0 0 0 0 1 1 1 1 1 1 1 1 1 1 1 1 1 1 1 1 1 1 1 1 1 1 1 1 1 1 1 1 1 1 1 1 1 1 1 1 1 1 1 1 1 1 1 1 1 1 1 1 1 1 1 1 1 1 1 1 1 1 1 1 1 1 1 1 1 1 1 1 1 1 1 1 1 1 1 1 1 1 1 1 1 1 1 1 1 1 1 1 1 1 1 1 1 1 1 1 1 1 1 1 1
INFO:tensorflow:masked_lm_positions: 7 10 13 21 32 55 56 59 69 70 80 81 85 86 87 102 109 113 116 0
I1024 09:17:40.673500 47053870625856 create_pretraining_data.py:161] masked_lm_positions: 7 10 13 21 32 55 56 59 69 70 80 81 85 86 87 102 109 113 116 0
INFO:tensorflow:masked_lm_ids: 96 2679 96 96 8242 2801 4457 10516 6997 3506 7997 6 2481 2351 2262 6478 3086 15934 5438 0
I1024 09:17:40.673621 47053870625856 create_pretraining_data.py:161] masked_lm_ids: 96 2679 96 96 8242 2801 4457 10516 6997 3506 7997 6 2481 2351 2262 6478 3086 15934 5438 0
INFO:tensorflow:masked_lm_weights: 1.0 1.0 1.0 1.0 1.0 1.0 1.0 1.0 1.0 1.0 1.0 1.0 1.0 1.0 1.0 1.0 1.0 1.0 1.0 0.0
I1024 09:17:40.673744 47053870625856 create_pretraining_data.py:161] masked_lm_weights: 1.0 1.0 1.0 1.0 1.0 1.0 1.0 1.0 1.0 1.0 1.0 1.0 1.0 1.0 1.0 1.0 1.0 1.0 1.0 0.0
INFO:tensorflow:next_sentence_labels: 1
I1024 09:17:40.673856 47053870625856 create_pretraining_data.py:161] next_sentence_labels: 1
INFO:tensorflow:*** Example ***
I1024 09:17:40.674579 47053870625856 create_pretraining_data.py:149] *** Example ***
INFO:tensorflow:tokens: [CLS] تعرف على استعدادا ##ت الفاتيكان للم ##يلا ##د المحبة والم ##وه ##بة . . [SEP] تشارك [MASK] الأسبوع العربي للتنمية المستدامة 6 مليارات دولار عائدا ##ت متوقع ##ة لتص ##دير العقارات المصرية اجل ##ت المحكمة [MASK] ، محاكمة 30 ##4 متهمين بمحا ##ولة اغتيال المستشار زكريا بعد العزيز [MASK] العام المساعد ، القضية رقم [MASK] لسنة [MASK] جنا ##يات شمال القاهرة العسكرية [MASK] مرحله إلى حركة " حسم [MASK] الجناح المسلح لجماعة الإخوان الإرهابية لجل ##سة 15 [MASK] المقبل . ونس ##بت [MASK] نيابة أمن الدولة العليا لحركة " حسم " ارتكاب 17 واقعة إرهابية استهدفت قتل ضباط جيش وشر ##طة ورجال [MASK] [MASK] قضاء وني ##ابة عامة ، وتشير إلى [MASK] مسئول غرفة العمليات المركزية [MASK] ويد ##عى أحمد محمد [MASK] الح ##فيظ جمعيات هار [SEP]
I1024 09:17:40.674769 47053870625856 create_pretraining_data.py:151] tokens: [CLS] تعرف على استعدادا ##ت الفاتيكان للم ##يلا ##د المحبة والم ##وه ##بة . . [SEP] تشارك [MASK] الأسبوع العربي للتنمية المستدامة 6 مليارات دولار عائدا ##ت متوقع ##ة لتص ##دير العقارات المصرية اجل ##ت المحكمة [MASK] ، محاكمة 30 ##4 متهمين بمحا ##ولة اغتيال المستشار زكريا بعد العزيز [MASK] العام المساعد ، القضية رقم [MASK] لسنة [MASK] جنا ##يات شمال القاهرة العسكرية [MASK] مرحله إلى حركة " حسم [MASK] الجناح المسلح لجماعة الإخوان الإرهابية لجل ##سة 15 [MASK] المقبل . ونس ##بت [MASK] نيابة أمن الدولة العليا لحركة " حسم " ارتكاب 17 واقعة إرهابية استهدفت قتل ضباط جيش وشر ##طة ورجال [MASK] [MASK] قضاء وني ##ابة عامة ، وتشير إلى [MASK] مسئول غرفة العمليات المركزية [MASK] ويد ##عى أحمد محمد [MASK] الح ##فيظ جمعيات هار [SEP]
INFO:tensorflow:input_ids: 2 3775 1961 14710 1005 24619 2189 27861 1016 15679 2119 2283 2215 18 18 3 11216 4 5728 2659 13147 21207 26 12563 3372 13822 1005 21474 1043 5198 5089 14353 4335 4434 1005 6161 4 378 15795 3612 1069 28357 17028 2264 10853 9043 15749 2089 5054 4 2169 7748 378 6623 3128 4 6101 4 6598 2066 4470 4611 5477 4 14334 2045 4826 6 16397 4 20499 22870 26815 8778 11802 20796 2190 2986 4 4656 18 8290 2177 4 17685 5484 3306 5393 17271 6 16397 6 22259 3519 22334 18885 17438 4824 16125 5485 9853 2345 15702 4 4 9606 14167 2595 5253 378 23833 2045 4 18298 7136 8086 9354 4 6340 3675 3219 2202 4 1944 12099 21928 8774 3
I1024 09:17:40.674976 47053870625856 create_pretraining_data.py:161] input_ids: 2 3775 1961 14710 1005 24619 2189 27861 1016 15679 2119 2283 2215 18 18 3 11216 4 5728 2659 13147 21207 26 12563 3372 13822 1005 21474 1043 5198 5089 14353 4335 4434 1005 6161 4 378 15795 3612 1069 28357 17028 2264 10853 9043 15749 2089 5054 4 2169 7748 378 6623 3128 4 6101 4 6598 2066 4470 4611 5477 4 14334 2045 4826 6 16397 4 20499 22870 26815 8778 11802 20796 2190 2986 4 4656 18 8290 2177 4 17685 5484 3306 5393 17271 6 16397 6 22259 3519 22334 18885 17438 4824 16125 5485 9853 2345 15702 4 4 9606 14167 2595 5253 378 23833 2045 4 18298 7136 8086 9354 4 6340 3675 3219 2202 4 1944 12099 21928 8774 3
INFO:tensorflow:input_mask: 1 1 1 1 1 1 1 1 1 1 1 1 1 1 1 1 1 1 1 1 1 1 1 1 1 1 1 1 1 1 1 1 1 1 1 1 1 1 1 1 1 1 1 1 1 1 1 1 1 1 1 1 1 1 1 1 1 1 1 1 1 1 1 1 1 1 1 1 1 1 1 1 1 1 1 1 1 1 1 1 1 1 1 1 1 1 1 1 1 1 1 1 1 1 1 1 1 1 1 1 1 1 1 1 1 1 1 1 1 1 1 1 1 1 1 1 1 1 1 1 1 1 1 1 1 1 1 1
I1024 09:17:40.675168 47053870625856 create_pretraining_data.py:161] input_mask: 1 1 1 1 1 1 1 1 1 1 1 1 1 1 1 1 1 1 1 1 1 1 1 1 1 1 1 1 1 1 1 1 1 1 1 1 1 1 1 1 1 1 1 1 1 1 1 1 1 1 1 1 1 1 1 1 1 1 1 1 1 1 1 1 1 1 1 1 1 1 1 1 1 1 1 1 1 1 1 1 1 1 1 1 1 1 1 1 1 1 1 1 1 1 1 1 1 1 1 1 1 1 1 1 1 1 1 1 1 1 1 1 1 1 1 1 1 1 1 1 1 1 1 1 1 1 1 1
INFO:tensorflow:segment_ids: 0 0 0 0 0 0 0 0 0 0 0 0 0 0 0 0 1 1 1 1 1 1 1 1 1 1 1 1 1 1 1 1 1 1 1 1 1 1 1 1 1 1 1 1 1 1 1 1 1 1 1 1 1 1 1 1 1 1 1 1 1 1 1 1 1 1 1 1 1 1 1 1 1 1 1 1 1 1 1 1 1 1 1 1 1 1 1 1 1 1 1 1 1 1 1 1 1 1 1 1 1 1 1 1 1 1 1 1 1 1 1 1 1 1 1 1 1 1 1 1 1 1 1 1 1 1 1 1
I1024 09:17:40.675331 47053870625856 create_pretraining_data.py:161] segment_ids: 0 0 0 0 0 0 0 0 0 0 0 0 0 0 0 0 1 1 1 1 1 1 1 1 1 1 1 1 1 1 1 1 1 1 1 1 1 1 1 1 1 1 1 1 1 1 1 1 1 1 1 1 1 1 1 1 1 1 1 1 1 1 1 1 1 1 1 1 1 1 1 1 1 1 1 1 1 1 1 1 1 1 1 1 1 1 1 1 1 1 1 1 1 1 1 1 1 1 1 1 1 1 1 1 1 1 1 1 1 1 1 1 1 1 1 1 1 1 1 1 1 1 1 1 1 1 1 1
INFO:tensorflow:masked_lm_positions: 17 31 36 49 55 57 63 64 67 69 78 83 91 103 104 112 117 122 125 0
I1024 09:17:40.675457 47053870625856 create_pretraining_data.py:161] masked_lm_positions: 17 31 36 49 55 57 63 64 67 69 78 83 91 103 104 112 117 122 125 0
INFO:tensorflow:masked_lm_ids: 1912 14353 5477 5240 13031 3700 7380 3289 6 6 4437 22067 6 3365 15702 1979 28237 2195 378 0
I1024 09:17:40.675577 47053870625856 create_pretraining_data.py:161] masked_lm_ids: 1912 14353 5477 5240 13031 3700 7380 3289 6 6 4437 22067 6 3365 15702 1979 28237 2195 378 0
INFO:tensorflow:masked_lm_weights: 1.0 1.0 1.0 1.0 1.0 1.0 1.0 1.0 1.0 1.0 1.0 1.0 1.0 1.0 1.0 1.0 1.0 1.0 1.0 0.0
I1024 09:17:40.675713 47053870625856 create_pretraining_data.py:161] masked_lm_weights: 1.0 1.0 1.0 1.0 1.0 1.0 1.0 1.0 1.0 1.0 1.0 1.0 1.0 1.0 1.0 1.0 1.0 1.0 1.0 0.0
INFO:tensorflow:next_sentence_labels: 0
I1024 09:17:40.675827 47053870625856 create_pretraining_data.py:161] next_sentence_labels: 0
INFO:tensorflow:*** Example ***
I1024 09:17:40.676543 47053870625856 create_pretraining_data.py:149] *** Example ***
INFO:tensorflow:tokens: [CLS] الحا ##خام الأمريكي مارك شن ##اير : هناك دول خليجية ته ##رول نحو [MASK] إسرائيل " ترامب يبحث التفاصيل النهائية لصف ##قة القرن الرئيس الأسد يشارك في الاحتفال [MASK] بذكرى المولد النبوي الشريف [MASK] رحاب جامع سعد بن معاذ بدمشق القيادة [MASK] للجيش تعلن المنطقة الجنوبية خالية من إرهابي ##ي ازاء داعش [MASK] " فاير ##فوك ##س " يحمي [MASK] من التجسس بوتين [SEP] مدريد نحو 45 تري ##ليون [MASK] أضرار الممت ##لكات العامة [MASK] في سورية حتى نهاية العام 2017 وزير خارجية تركيا الى [MASK] لمناقشة قضية خاشقجي [MASK] يطالب بإن ##هاء الوجود العسكري الأمريكي على أراضي ##ه غر ##يف ##ي ##ث يرحب بإ ##علان " أنصار الله " إيقاف إطلاق الصواريخ والط ##ائرات [MASK] [MASK] الأسد لوف ##د برلمان ##ي [MASK] : المشاهير بين [SEP]
I1024 09:17:40.676736 47053870625856 create_pretraining_data.py:151] tokens: [CLS] الحا ##خام الأمريكي مارك شن ##اير : هناك دول خليجية ته ##رول نحو [MASK] إسرائيل " ترامب يبحث التفاصيل النهائية لصف ##قة القرن الرئيس الأسد يشارك في الاحتفال [MASK] بذكرى المولد النبوي الشريف [MASK] رحاب جامع سعد بن معاذ بدمشق القيادة [MASK] للجيش تعلن المنطقة الجنوبية خالية من إرهابي ##ي ازاء داعش [MASK] " فاير ##فوك ##س " يحمي [MASK] من التجسس بوتين [SEP] مدريد نحو 45 تري ##ليون [MASK] أضرار الممت ##لكات العامة [MASK] في سورية حتى نهاية العام 2017 وزير خارجية تركيا الى [MASK] لمناقشة قضية خاشقجي [MASK] يطالب بإن ##هاء الوجود العسكري الأمريكي على أراضي ##ه غر ##يف ##ي ##ث يرحب بإ ##علان " أنصار الله " إيقاف إطلاق الصواريخ والط ##ائرات [MASK] [MASK] الأسد لوف ##د برلمان ##ي [MASK] : المشاهير بين [SEP]
INFO:tensorflow:input_ids: 2 4325 15445 5939 6108 5806 11249 30 2671 4022 24795 3410 17632 3487 4 4741 6 6166 6753 5550 10535 24315 2059 6259 2554 7717 8646 1912 10860 4 29119 8396 8016 4080 4 19187 10626 4014 2040 9943 23939 7822 4 12176 6434 3549 6314 14906 1908 23160 1013 27800 4585 4 6 22262 21016 1033 6 18551 4 1908 28152 9871 3 4879 3487 5755 4542 5487 4 13297 8127 17135 2754 4 1912 5206 2494 4653 2169 3700 3075 10868 4081 2186 4 16129 5692 8790 4 8811 13153 4150 10675 4849 5939 1961 13666 1028 10093 2032 1013 1039 22901 2935 8824 6 16656 1953 6 17382 7317 14605 4392 16661 4 4 7717 21126 1016 21955 1013 4 30 15263 2117 3
I1024 09:17:40.676927 47053870625856 create_pretraining_data.py:161] input_ids: 2 4325 15445 5939 6108 5806 11249 30 2671 4022 24795 3410 17632 3487 4 4741 6 6166 6753 5550 10535 24315 2059 6259 2554 7717 8646 1912 10860 4 29119 8396 8016 4080 4 19187 10626 4014 2040 9943 23939 7822 4 12176 6434 3549 6314 14906 1908 23160 1013 27800 4585 4 6 22262 21016 1033 6 18551 4 1908 28152 9871 3 4879 3487 5755 4542 5487 4 13297 8127 17135 2754 4 1912 5206 2494 4653 2169 3700 3075 10868 4081 2186 4 16129 5692 8790 4 8811 13153 4150 10675 4849 5939 1961 13666 1028 10093 2032 1013 1039 22901 2935 8824 6 16656 1953 6 17382 7317 14605 4392 16661 4 4 7717 21126 1016 21955 1013 4 30 15263 2117 3
INFO:tensorflow:input_mask: 1 1 1 1 1 1 1 1 1 1 1 1 1 1 1 1 1 1 1 1 1 1 1 1 1 1 1 1 1 1 1 1 1 1 1 1 1 1 1 1 1 1 1 1 1 1 1 1 1 1 1 1 1 1 1 1 1 1 1 1 1 1 1 1 1 1 1 1 1 1 1 1 1 1 1 1 1 1 1 1 1 1 1 1 1 1 1 1 1 1 1 1 1 1 1 1 1 1 1 1 1 1 1 1 1 1 1 1 1 1 1 1 1 1 1 1 1 1 1 1 1 1 1 1 1 1 1 1
I1024 09:17:40.677118 47053870625856 create_pretraining_data.py:161] input_mask: 1 1 1 1 1 1 1 1 1 1 1 1 1 1 1 1 1 1 1 1 1 1 1 1 1 1 1 1 1 1 1 1 1 1 1 1 1 1 1 1 1 1 1 1 1 1 1 1 1 1 1 1 1 1 1 1 1 1 1 1 1 1 1 1 1 1 1 1 1 1 1 1 1 1 1 1 1 1 1 1 1 1 1 1 1 1 1 1 1 1 1 1 1 1 1 1 1 1 1 1 1 1 1 1 1 1 1 1 1 1 1 1 1 1 1 1 1 1 1 1 1 1 1 1 1 1 1 1
INFO:tensorflow:segment_ids: 0 0 0 0 0 0 0 0 0 0 0 0 0 0 0 0 0 0 0 0 0 0 0 0 0 0 0 0 0 0 0 0 0 0 0 0 0 0 0 0 0 0 0 0 0 0 0 0 0 0 0 0 0 0 0 0 0 0 0 0 0 0 0 0 0 1 1 1 1 1 1 1 1 1 1 1 1 1 1 1 1 1 1 1 1 1 1 1 1 1 1 1 1 1 1 1 1 1 1 1 1 1 1 1 1 1 1 1 1 1 1 1 1 1 1 1 1 1 1 1 1 1 1 1 1 1 1 1
I1024 09:17:40.677284 47053870625856 create_pretraining_data.py:161] segment_ids: 0 0 0 0 0 0 0 0 0 0 0 0 0 0 0 0 0 0 0 0 0 0 0 0 0 0 0 0 0 0 0 0 0 0 0 0 0 0 0 0 0 0 0 0 0 0 0 0 0 0 0 0 0 0 0 0 0 0 0 0 0 0 0 0 0 1 1 1 1 1 1 1 1 1 1 1 1 1 1 1 1 1 1 1 1 1 1 1 1 1 1 1 1 1 1 1 1 1 1 1 1 1 1 1 1 1 1 1 1 1 1 1 1 1 1 1 1 1 1 1 1 1 1 1 1 1 1 1
INFO:tensorflow:masked_lm_positions: 14 29 32 34 42 51 53 60 70 75 79 86 90 97 113 116 117 123 125 0
I1024 09:17:40.677411 47053870625856 create_pretraining_data.py:161] masked_lm_positions: 14 29 32 34 42 51 53 60 70 75 79 86 90 97 113 116 117 123 125 0
INFO:tensorflow:masked_lm_ids: 6 9242 8016 1912 2754 621 622 9985 9718 22089 4653 6141 2906 1961 14605 16843 2554 23129 4490 0
I1024 09:17:40.677532 47053870625856 create_pretraining_data.py:161] masked_lm_ids: 6 9242 8016 1912 2754 621 622 9985 9718 22089 4653 6141 2906 1961 14605 16843 2554 23129 4490 0
INFO:tensorflow:masked_lm_weights: 1.0 1.0 1.0 1.0 1.0 1.0 1.0 1.0 1.0 1.0 1.0 1.0 1.0 1.0 1.0 1.0 1.0 1.0 1.0 0.0
I1024 09:17:40.677654 47053870625856 create_pretraining_data.py:161] masked_lm_weights: 1.0 1.0 1.0 1.0 1.0 1.0 1.0 1.0 1.0 1.0 1.0 1.0 1.0 1.0 1.0 1.0 1.0 1.0 1.0 0.0
INFO:tensorflow:next_sentence_labels: 0
I1024 09:17:40.677765 47053870625856 create_pretraining_data.py:161] next_sentence_labels: 0
INFO:tensorflow:*** Example ***
I1024 09:17:40.678459 47053870625856 create_pretraining_data.py:149] *** Example ***
INFO:tensorflow:tokens: [CLS] انها فعلا سلا ##لة تستحق الاقت ##ناء وسوف تحدث طف ##ره ##في مجال تربية الار ##انب وتس ##اعد [MASK] [MASK] [MASK] علي [MASK] . = = = = = [MASK] = = = = [MASK] تعرف [MASK] [MASK] [MASK] الإسباني V l ##ine ؟ ! · V l ##ine هو بالحق ##يقة مازال خطا وليس سلا ##لة - ما الفارق ؟ [SEP] قوى جدا للف ##ئران محم ##ل [MASK] حبوب القمح ، حيث تعد حبا ##ت القمح أفضل الأطعمة للف ##ئران ، المهم فتح [MASK] [MASK] بح ##ذر ، وعدم لم اليد بتلك الحب ##ات [MASK] والإت ##باع عن أي طعام للإنسان أو عل ##ف [MASK] [MASK] الخطوات والطيور ، يوضع في وع ##اء ثقيل [MASK] أح ##جام الف ##ئران كبيرة فلا تقلب الو ##عاء الذي [SEP]
I1024 09:17:40.678651 47053870625856 create_pretraining_data.py:151] tokens: [CLS] انها فعلا سلا ##لة تستحق الاقت ##ناء وسوف تحدث طف ##ره ##في مجال تربية الار ##انب وتس ##اعد [MASK] [MASK] [MASK] علي [MASK] . = = = = = [MASK] = = = = [MASK] تعرف [MASK] [MASK] [MASK] الإسباني V l ##ine ؟ ! · V l ##ine هو بالحق ##يقة مازال خطا وليس سلا ##لة - ما الفارق ؟ [SEP] قوى جدا للف ##ئران محم ##ل [MASK] حبوب القمح ، حيث تعد حبا ##ت القمح أفضل الأطعمة للف ##ئران ، المهم فتح [MASK] [MASK] بح ##ذر ، وعدم لم اليد بتلك الحب ##ات [MASK] والإت ##باع عن أي طعام للإنسان أو عل ##ف [MASK] [MASK] الخطوات والطيور ، يوضع في وع ##اء ثقيل [MASK] أح ##جام الف ##ئران كبيرة فلا تقلب الو ##عاء الذي [SEP]
INFO:tensorflow:input_ids: 2 3550 6109 10947 2035 8045 8419 2389 8990 5672 5578 2197 2007 3697 9901 11340 3082 5102 3298 4 4 4 1958 4 18 33 33 33 33 33 4 33 33 33 33 4 3775 4 4 4 14705 58 80 8257 380 5 113 58 80 8257 2139 13265 11309 11942 7623 3607 10947 2035 17 1972 18218 380 3 9962 2882 3554 22135 4000 1010 4 16602 17881 378 2455 4613 7218 1005 17881 3815 13905 3554 22135 378 5202 4131 4 4 2302 3136 378 5568 2043 6457 16606 3088 1904 4 29552 6989 1955 2235 12352 24049 2075 9008 1037 4 4 13641 28143 378 27247 1912 2141 1954 20208 4 3603 13336 1980 22135 3930 2828 18241 2009 2696 2130 3
I1024 09:17:40.678852 47053870625856 create_pretraining_data.py:161] input_ids: 2 3550 6109 10947 2035 8045 8419 2389 8990 5672 5578 2197 2007 3697 9901 11340 3082 5102 3298 4 4 4 1958 4 18 33 33 33 33 33 4 33 33 33 33 4 3775 4 4 4 14705 58 80 8257 380 5 113 58 80 8257 2139 13265 11309 11942 7623 3607 10947 2035 17 1972 18218 380 3 9962 2882 3554 22135 4000 1010 4 16602 17881 378 2455 4613 7218 1005 17881 3815 13905 3554 22135 378 5202 4131 4 4 2302 3136 378 5568 2043 6457 16606 3088 1904 4 29552 6989 1955 2235 12352 24049 2075 9008 1037 4 4 13641 28143 378 27247 1912 2141 1954 20208 4 3603 13336 1980 22135 3930 2828 18241 2009 2696 2130 3
INFO:tensorflow:input_mask: 1 1 1 1 1 1 1 1 1 1 1 1 1 1 1 1 1 1 1 1 1 1 1 1 1 1 1 1 1 1 1 1 1 1 1 1 1 1 1 1 1 1 1 1 1 1 1 1 1 1 1 1 1 1 1 1 1 1 1 1 1 1 1 1 1 1 1 1 1 1 1 1 1 1 1 1 1 1 1 1 1 1 1 1 1 1 1 1 1 1 1 1 1 1 1 1 1 1 1 1 1 1 1 1 1 1 1 1 1 1 1 1 1 1 1 1 1 1 1 1 1 1 1 1 1 1 1 1
I1024 09:17:40.679029 47053870625856 create_pretraining_data.py:161] input_mask: 1 1 1 1 1 1 1 1 1 1 1 1 1 1 1 1 1 1 1 1 1 1 1 1 1 1 1 1 1 1 1 1 1 1 1 1 1 1 1 1 1 1 1 1 1 1 1 1 1 1 1 1 1 1 1 1 1 1 1 1 1 1 1 1 1 1 1 1 1 1 1 1 1 1 1 1 1 1 1 1 1 1 1 1 1 1 1 1 1 1 1 1 1 1 1 1 1 1 1 1 1 1 1 1 1 1 1 1 1 1 1 1 1 1 1 1 1 1 1 1 1 1 1 1 1 1 1 1
INFO:tensorflow:segment_ids: 0 0 0 0 0 0 0 0 0 0 0 0 0 0 0 0 0 0 0 0 0 0 0 0 0 0 0 0 0 0 0 0 0 0 0 0 0 0 0 0 0 0 0 0 0 0 0 0 0 0 0 0 0 0 0 0 0 0 0 0 0 0 0 1 1 1 1 1 1 1 1 1 1 1 1 1 1 1 1 1 1 1 1 1 1 1 1 1 1 1 1 1 1 1 1 1 1 1 1 1 1 1 1 1 1 1 1 1 1 1 1 1 1 1 1 1 1 1 1 1 1 1 1 1 1 1 1 1
I1024 09:17:40.679194 47053870625856 create_pretraining_data.py:161] segment_ids: 0 0 0 0 0 0 0 0 0 0 0 0 0 0 0 0 0 0 0 0 0 0 0 0 0 0 0 0 0 0 0 0 0 0 0 0 0 0 0 0 0 0 0 0 0 0 0 0 0 0 0 0 0 0 0 0 0 0 0 0 0 0 0 1 1 1 1 1 1 1 1 1 1 1 1 1 1 1 1 1 1 1 1 1 1 1 1 1 1 1 1 1 1 1 1 1 1 1 1 1 1 1 1 1 1 1 1 1 1 1 1 1 1 1 1 1 1 1 1 1 1 1 1 1 1 1 1 1
INFO:tensorflow:masked_lm_positions: 19 20 21 23 30 35 37 38 39 59 61 69 85 86 96 106 107 108 116 0
I1024 09:17:40.679321 47053870625856 create_pretraining_data.py:161] masked_lm_positions: 19 20 21 23 30 35 37 38 39 59 61 69 85 86 96 106 107 108 116 0
INFO:tensorflow:masked_lm_ids: 6146 1974 18151 6232 33 4682 1955 10201 3759 1972 380 1961 9504 1033 378 2773 1013 2255 3034 0
I1024 09:17:40.679442 47053870625856 create_pretraining_data.py:161] masked_lm_ids: 6146 1974 18151 6232 33 4682 1955 10201 3759 1972 380 1961 9504 1033 378 2773 1013 2255 3034 0
INFO:tensorflow:masked_lm_weights: 1.0 1.0 1.0 1.0 1.0 1.0 1.0 1.0 1.0 1.0 1.0 1.0 1.0 1.0 1.0 1.0 1.0 1.0 1.0 0.0
I1024 09:17:40.679565 47053870625856 create_pretraining_data.py:161] masked_lm_weights: 1.0 1.0 1.0 1.0 1.0 1.0 1.0 1.0 1.0 1.0 1.0 1.0 1.0 1.0 1.0 1.0 1.0 1.0 1.0 0.0
INFO:tensorflow:next_sentence_labels: 0
I1024 09:17:40.679677 47053870625856 create_pretraining_data.py:161] next_sentence_labels: 0
INFO:tensorflow:*** Example ***
I1024 09:17:40.680368 47053870625856 create_pretraining_data.py:149] *** Example ***
INFO:tensorflow:tokens: [CLS] اقوي ماتش [MASK] تشكيله افضل نجوم التاريخ [MASK] تشكيله من [MASK] العالم . خم ##ن وحاول التعرف على أرقام قم ##صان أشهر اللاعبين مع منتخبات [MASK] الجزء 1 [MASK] [SEP] اجمل [MASK] الصاروخ ##ية التى لا تصد ولا ترد موسم 2018 hd . [SEP]
I1024 09:17:40.680527 47053870625856 create_pretraining_data.py:151] tokens: [CLS] اقوي ماتش [MASK] تشكيله افضل نجوم التاريخ [MASK] تشكيله من [MASK] العالم . خم ##ن وحاول التعرف على أرقام قم ##صان أشهر اللاعبين مع منتخبات [MASK] الجزء 1 [MASK] [SEP] اجمل [MASK] الصاروخ ##ية التى لا تصد ولا ترد موسم 2018 hd . [SEP]
INFO:tensorflow:input_ids: 2 7457 24465 4 17497 2931 7166 3414 4 17497 1908 4 2337 18 19157 1006 21116 14446 1961 16889 5105 19151 5912 5982 1973 29495 4 6406 21 4 3 3244 4 18150 1910 3411 1963 28216 2086 8006 8348 2635 17369 18 3 0 0 0 0 0 0 0 0 0 0 0 0 0 0 0 0 0 0 0 0 0 0 0 0 0 0 0 0 0 0 0 0 0 0 0 0 0 0 0 0 0 0 0 0 0 0 0 0 0 0 0 0 0 0 0 0 0 0 0 0 0 0 0 0 0 0 0 0 0 0 0 0 0 0 0 0 0 0 0 0 0 0 0
I1024 09:17:40.680722 47053870625856 create_pretraining_data.py:161] input_ids: 2 7457 24465 4 17497 2931 7166 3414 4 17497 1908 4 2337 18 19157 1006 21116 14446 1961 16889 5105 19151 5912 5982 1973 29495 4 6406 21 4 3 3244 4 18150 1910 3411 1963 28216 2086 8006 8348 2635 17369 18 3 0 0 0 0 0 0 0 0 0 0 0 0 0 0 0 0 0 0 0 0 0 0 0 0 0 0 0 0 0 0 0 0 0 0 0 0 0 0 0 0 0 0 0 0 0 0 0 0 0 0 0 0 0 0 0 0 0 0 0 0 0 0 0 0 0 0 0 0 0 0 0 0 0 0 0 0 0 0 0 0 0 0 0
INFO:tensorflow:input_mask: 1 1 1 1 1 1 1 1 1 1 1 1 1 1 1 1 1 1 1 1 1 1 1 1 1 1 1 1 1 1 1 1 1 1 1 1 1 1 1 1 1 1 1 1 1 0 0 0 0 0 0 0 0 0 0 0 0 0 0 0 0 0 0 0 0 0 0 0 0 0 0 0 0 0 0 0 0 0 0 0 0 0 0 0 0 0 0 0 0 0 0 0 0 0 0 0 0 0 0 0 0 0 0 0 0 0 0 0 0 0 0 0 0 0 0 0 0 0 0 0 0 0 0 0 0 0 0 0
I1024 09:17:40.680892 47053870625856 create_pretraining_data.py:161] input_mask: 1 1 1 1 1 1 1 1 1 1 1 1 1 1 1 1 1 1 1 1 1 1 1 1 1 1 1 1 1 1 1 1 1 1 1 1 1 1 1 1 1 1 1 1 1 0 0 0 0 0 0 0 0 0 0 0 0 0 0 0 0 0 0 0 0 0 0 0 0 0 0 0 0 0 0 0 0 0 0 0 0 0 0 0 0 0 0 0 0 0 0 0 0 0 0 0 0 0 0 0 0 0 0 0 0 0 0 0 0 0 0 0 0 0 0 0 0 0 0 0 0 0 0 0 0 0 0 0
INFO:tensorflow:segment_ids: 0 0 0 0 0 0 0 0 0 0 0 0 0 0 0 0 0 0 0 0 0 0 0 0 0 0 0 0 0 0 0 1 1 1 1 1 1 1 1 1 1 1 1 1 1 0 0 0 0 0 0 0 0 0 0 0 0 0 0 0 0 0 0 0 0 0 0 0 0 0 0 0 0 0 0 0 0 0 0 0 0 0 0 0 0 0 0 0 0 0 0 0 0 0 0 0 0 0 0 0 0 0 0 0 0 0 0 0 0 0 0 0 0 0 0 0 0 0 0 0 0 0 0 0 0 0 0 0
I1024 09:17:40.681058 47053870625856 create_pretraining_data.py:161] segment_ids: 0 0 0 0 0 0 0 0 0 0 0 0 0 0 0 0 0 0 0 0 0 0 0 0 0 0 0 0 0 0 0 1 1 1 1 1 1 1 1 1 1 1 1 1 1 0 0 0 0 0 0 0 0 0 0 0 0 0 0 0 0 0 0 0 0 0 0 0 0 0 0 0 0 0 0 0 0 0 0 0 0 0 0 0 0 0 0 0 0 0 0 0 0 0 0 0 0 0 0 0 0 0 0 0 0 0 0 0 0 0 0 0 0 0 0 0 0 0 0 0 0 0 0 0 0 0 0 0
INFO:tensorflow:masked_lm_positions: 3 8 11 26 29 32 42 0 0 0 0 0 0 0 0 0 0 0 0 0
I1024 09:17:40.681186 47053870625856 create_pretraining_data.py:161] masked_lm_positions: 3 8 11 26 29 32 42 0 0 0 0 0 0 0 0 0 0 0 0 0
INFO:tensorflow:masked_lm_ids: 2117 19646 7166 20434 18 14758 17369 0 0 0 0 0 0 0 0 0 0 0 0 0
I1024 09:17:40.681306 47053870625856 create_pretraining_data.py:161] masked_lm_ids: 2117 19646 7166 20434 18 14758 17369 0 0 0 0 0 0 0 0 0 0 0 0 0
INFO:tensorflow:masked_lm_weights: 1.0 1.0 1.0 1.0 1.0 1.0 1.0 0.0 0.0 0.0 0.0 0.0 0.0 0.0 0.0 0.0 0.0 0.0 0.0 0.0
I1024 09:17:40.681430 47053870625856 create_pretraining_data.py:161] masked_lm_weights: 1.0 1.0 1.0 1.0 1.0 1.0 1.0 0.0 0.0 0.0 0.0 0.0 0.0 0.0 0.0 0.0 0.0 0.0 0.0 0.0
INFO:tensorflow:next_sentence_labels: 0
I1024 09:17:40.681542 47053870625856 create_pretraining_data.py:161] next_sentence_labels: 0
INFO:tensorflow:*** Example ***
I1024 09:17:40.682256 47053870625856 create_pretraining_data.py:149] *** Example ***
INFO:tensorflow:tokens: [CLS] ~ [SEP] ا ##ل سكر ##اب ##ز [MASK] الصور المقص ##وص ##ة فيكتور v ##ect ##or ##s [MASK] [MASK] لاست ##وديوهات التصوير fr ##ames ملحقات برامج التصميم ملحقات تصاميم شهر رمضان و الاع ##ياد الدعاية و الإعلان تعليم الدعايه و الاعلان و الطباعة فصيله [MASK] M ##ock ##U ##p استفسارات وحلول مشاكل الطباعة الأخرى مصمم ##ين الدعايه [MASK] اعلانات مجانية للاست ##وديوهات والمط ##ابع فهر ##س ملحقات التصميم تعليم مونتاج الفيديو تعليم مونتاج [MASK] الفلسطيني برامج [MASK] خلفيات مونتاج الفيديو والصوتيات برامج مونتاج الفيديو [MASK] فقط اسئلة واستفسارات برامج مونتاج الفيديو دروس أد ##وب [MASK] [MASK] ##ير Adobe Prem ##ie ##re دروس مونتاج [MASK] و الصوتيات العامه قوالب و مشاريع افت ##ر افك ##ت [MASK] تعليم سوني فيج ##اس [MASK] [MASK] v ##eg ##as تعليم التصميم [SEP]
I1024 09:17:40.682447 47053870625856 create_pretraining_data.py:151] tokens: [CLS] ~ [SEP] ا ##ل سكر ##اب ##ز [MASK] الصور المقص ##وص ##ة فيكتور v ##ect ##or ##s [MASK] [MASK] لاست ##وديوهات التصوير fr ##ames ملحقات برامج التصميم ملحقات تصاميم شهر رمضان و الاع ##ياد الدعاية و الإعلان تعليم الدعايه و الاعلان و الطباعة فصيله [MASK] M ##ock ##U ##p استفسارات وحلول مشاكل الطباعة الأخرى مصمم ##ين الدعايه [MASK] اعلانات مجانية للاست ##وديوهات والمط ##ابع فهر ##س ملحقات التصميم تعليم مونتاج الفيديو تعليم مونتاج [MASK] الفلسطيني برامج [MASK] خلفيات مونتاج الفيديو والصوتيات برامج مونتاج الفيديو [MASK] فقط اسئلة واستفسارات برامج مونتاج الفيديو دروس أد ##وب [MASK] [MASK] ##ير Adobe Prem ##ie ##re دروس مونتاج [MASK] و الصوتيات العامه قوالب و مشاريع افت ##ر افك ##ت [MASK] تعليم سوني فيج ##اس [MASK] [MASK] v ##eg ##as تعليم التصميم [SEP]
INFO:tensorflow:input_ids: 2 98 3 387 1010 8782 1933 1008 4 3386 11090 2624 1043 22872 90 17847 2793 1092 4 4 4631 15932 8414 23394 14052 12809 2997 5280 12809 7803 3282 4091 415 3099 3277 19745 415 7897 4475 27915 415 10907 415 19281 28130 4 49 21481 1088 1087 13676 9587 4401 19281 4700 17764 1911 27915 4 6709 6206 4633 15932 11728 2453 24517 1033 12809 5280 4475 13603 4762 4475 13603 4 4191 2997 4 8018 13603 4762 20970 2997 13603 4762 4 2574 16826 20276 2997 13603 4762 5116 3293 2058 4 4 1916 27337 19087 11859 4195 5116 13603 4 415 6290 6760 22402 415 6648 4142 1017 16782 1005 4 4475 17952 21913 2233 4 4 90 20123 2634 4475 5280 3
I1024 09:17:40.682657 47053870625856 create_pretraining_data.py:161] input_ids: 2 98 3 387 1010 8782 1933 1008 4 3386 11090 2624 1043 22872 90 17847 2793 1092 4 4 4631 15932 8414 23394 14052 12809 2997 5280 12809 7803 3282 4091 415 3099 3277 19745 415 7897 4475 27915 415 10907 415 19281 28130 4 49 21481 1088 1087 13676 9587 4401 19281 4700 17764 1911 27915 4 6709 6206 4633 15932 11728 2453 24517 1033 12809 5280 4475 13603 4762 4475 13603 4 4191 2997 4 8018 13603 4762 20970 2997 13603 4762 4 2574 16826 20276 2997 13603 4762 5116 3293 2058 4 4 1916 27337 19087 11859 4195 5116 13603 4 415 6290 6760 22402 415 6648 4142 1017 16782 1005 4 4475 17952 21913 2233 4 4 90 20123 2634 4475 5280 3
INFO:tensorflow:input_mask: 1 1 1 1 1 1 1 1 1 1 1 1 1 1 1 1 1 1 1 1 1 1 1 1 1 1 1 1 1 1 1 1 1 1 1 1 1 1 1 1 1 1 1 1 1 1 1 1 1 1 1 1 1 1 1 1 1 1 1 1 1 1 1 1 1 1 1 1 1 1 1 1 1 1 1 1 1 1 1 1 1 1 1 1 1 1 1 1 1 1 1 1 1 1 1 1 1 1 1 1 1 1 1 1 1 1 1 1 1 1 1 1 1 1 1 1 1 1 1 1 1 1 1 1 1 1 1 1
I1024 09:17:40.682828 47053870625856 create_pretraining_data.py:161] input_mask: 1 1 1 1 1 1 1 1 1 1 1 1 1 1 1 1 1 1 1 1 1 1 1 1 1 1 1 1 1 1 1 1 1 1 1 1 1 1 1 1 1 1 1 1 1 1 1 1 1 1 1 1 1 1 1 1 1 1 1 1 1 1 1 1 1 1 1 1 1 1 1 1 1 1 1 1 1 1 1 1 1 1 1 1 1 1 1 1 1 1 1 1 1 1 1 1 1 1 1 1 1 1 1 1 1 1 1 1 1 1 1 1 1 1 1 1 1 1 1 1 1 1 1 1 1 1 1 1
INFO:tensorflow:segment_ids: 0 0 0 1 1 1 1 1 1 1 1 1 1 1 1 1 1 1 1 1 1 1 1 1 1 1 1 1 1 1 1 1 1 1 1 1 1 1 1 1 1 1 1 1 1 1 1 1 1 1 1 1 1 1 1 1 1 1 1 1 1 1 1 1 1 1 1 1 1 1 1 1 1 1 1 1 1 1 1 1 1 1 1 1 1 1 1 1 1 1 1 1 1 1 1 1 1 1 1 1 1 1 1 1 1 1 1 1 1 1 1 1 1 1 1 1 1 1 1 1 1 1 1 1 1 1 1 1
I1024 09:17:40.683011 47053870625856 create_pretraining_data.py:161] segment_ids: 0 0 0 1 1 1 1 1 1 1 1 1 1 1 1 1 1 1 1 1 1 1 1 1 1 1 1 1 1 1 1 1 1 1 1 1 1 1 1 1 1 1 1 1 1 1 1 1 1 1 1 1 1 1 1 1 1 1 1 1 1 1 1 1 1 1 1 1 1 1 1 1 1 1 1 1 1 1 1 1 1 1 1 1 1 1 1 1 1 1 1 1 1 1 1 1 1 1 1 1 1 1 1 1 1 1 1 1 1 1 1 1 1 1 1 1 1 1 1 1 1 1 1 1 1 1 1 1
INFO:tensorflow:masked_lm_positions: 8 18 19 37 44 45 54 58 74 75 77 85 95 96 97 104 115 120 121 0
I1024 09:17:40.683148 47053870625856 create_pretraining_data.py:161] masked_lm_positions: 8 18 19 37 44 45 54 58 74 75 77 85 95 96 97 104 115 120 121 0
INFO:tensorflow:masked_lm_ids: 415 9498 1904 7897 12829 2093 4992 17 415 6338 4762 11402 4836 1960 1916 4762 4980 87 22555 0
I1024 09:17:40.683272 47053870625856 create_pretraining_data.py:161] masked_lm_ids: 415 9498 1904 7897 12829 2093 4992 17 415 6338 4762 11402 4836 1960 1916 4762 4980 87 22555 0
INFO:tensorflow:masked_lm_weights: 1.0 1.0 1.0 1.0 1.0 1.0 1.0 1.0 1.0 1.0 1.0 1.0 1.0 1.0 1.0 1.0 1.0 1.0 1.0 0.0
I1024 09:17:40.683395 47053870625856 create_pretraining_data.py:161] masked_lm_weights: 1.0 1.0 1.0 1.0 1.0 1.0 1.0 1.0 1.0 1.0 1.0 1.0 1.0 1.0 1.0 1.0 1.0 1.0 1.0 0.0
INFO:tensorflow:next_sentence_labels: 1
I1024 09:17:40.683508 47053870625856 create_pretraining_data.py:161] next_sentence_labels: 1
INFO:tensorflow:*** Example ***
I1024 09:17:40.684193 47053870625856 create_pretraining_data.py:149] *** Example ***
INFO:tensorflow:tokens: [CLS] تتوفر لك إمكانية [MASK] على الإنترنت سلك ##يا ولا ##سل ##كي ##ا مجانا لت ##بقى على اتصال دائما ، [MASK] تت ##اح [MASK] قنوات باش ##تراك [MASK] [MASK] لمزيد من المتعة والترفيه . [SEP] اقرأ المزيد [SEP]
I1024 09:17:40.684348 47053870625856 create_pretraining_data.py:151] tokens: [CLS] تتوفر لك إمكانية [MASK] على الإنترنت سلك ##يا ولا ##سل ##كي ##ا مجانا لت ##بقى على اتصال دائما ، [MASK] تت ##اح [MASK] قنوات باش ##تراك [MASK] [MASK] لمزيد من المتعة والترفيه . [SEP] اقرأ المزيد [SEP]
INFO:tensorflow:input_ids: 2 18798 2278 10888 4 1961 5865 19945 1937 2086 3758 2199 1007 5515 2219 13582 1961 8462 3357 378 4 2201 2187 4 6128 9395 12912 4 4 12346 1908 26077 14043 18 3 11186 4714 3 0 0 0 0 0 0 0 0 0 0 0 0 0 0 0 0 0 0 0 0 0 0 0 0 0 0 0 0 0 0 0 0 0 0 0 0 0 0 0 0 0 0 0 0 0 0 0 0 0 0 0 0 0 0 0 0 0 0 0 0 0 0 0 0 0 0 0 0 0 0 0 0 0 0 0 0 0 0 0 0 0 0 0 0 0 0 0 0 0 0
I1024 09:17:40.684526 47053870625856 create_pretraining_data.py:161] input_ids: 2 18798 2278 10888 4 1961 5865 19945 1937 2086 3758 2199 1007 5515 2219 13582 1961 8462 3357 378 4 2201 2187 4 6128 9395 12912 4 4 12346 1908 26077 14043 18 3 11186 4714 3 0 0 0 0 0 0 0 0 0 0 0 0 0 0 0 0 0 0 0 0 0 0 0 0 0 0 0 0 0 0 0 0 0 0 0 0 0 0 0 0 0 0 0 0 0 0 0 0 0 0 0 0 0 0 0 0 0 0 0 0 0 0 0 0 0 0 0 0 0 0 0 0 0 0 0 0 0 0 0 0 0 0 0 0 0 0 0 0 0 0
INFO:tensorflow:input_mask: 1 1 1 1 1 1 1 1 1 1 1 1 1 1 1 1 1 1 1 1 1 1 1 1 1 1 1 1 1 1 1 1 1 1 1 1 1 1 0 0 0 0 0 0 0 0 0 0 0 0 0 0 0 0 0 0 0 0 0 0 0 0 0 0 0 0 0 0 0 0 0 0 0 0 0 0 0 0 0 0 0 0 0 0 0 0 0 0 0 0 0 0 0 0 0 0 0 0 0 0 0 0 0 0 0 0 0 0 0 0 0 0 0 0 0 0 0 0 0 0 0 0 0 0 0 0 0 0
I1024 09:17:40.684695 47053870625856 create_pretraining_data.py:161] input_mask: 1 1 1 1 1 1 1 1 1 1 1 1 1 1 1 1 1 1 1 1 1 1 1 1 1 1 1 1 1 1 1 1 1 1 1 1 1 1 0 0 0 0 0 0 0 0 0 0 0 0 0 0 0 0 0 0 0 0 0 0 0 0 0 0 0 0 0 0 0 0 0 0 0 0 0 0 0 0 0 0 0 0 0 0 0 0 0 0 0 0 0 0 0 0 0 0 0 0 0 0 0 0 0 0 0 0 0 0 0 0 0 0 0 0 0 0 0 0 0 0 0 0 0 0 0 0 0 0
INFO:tensorflow:segment_ids: 0 0 0 0 0 0 0 0 0 0 0 0 0 0 0 0 0 0 0 0 0 0 0 0 0 0 0 0 0 0 0 0 0 0 0 1 1 1 0 0 0 0 0 0 0 0 0 0 0 0 0 0 0 0 0 0 0 0 0 0 0 0 0 0 0 0 0 0 0 0 0 0 0 0 0 0 0 0 0 0 0 0 0 0 0 0 0 0 0 0 0 0 0 0 0 0 0 0 0 0 0 0 0 0 0 0 0 0 0 0 0 0 0 0 0 0 0 0 0 0 0 0 0 0 0 0 0 0
I1024 09:17:40.684858 47053870625856 create_pretraining_data.py:161] segment_ids: 0 0 0 0 0 0 0 0 0 0 0 0 0 0 0 0 0 0 0 0 0 0 0 0 0 0 0 0 0 0 0 0 0 0 0 1 1 1 0 0 0 0 0 0 0 0 0 0 0 0 0 0 0 0 0 0 0 0 0 0 0 0 0 0 0 0 0 0 0 0 0 0 0 0 0 0 0 0 0 0 0 0 0 0 0 0 0 0 0 0 0 0 0 0 0 0 0 0 0 0 0 0 0 0 0 0 0 0 0 0 0 0 0 0 0 0 0 0 0 0 0 0 0 0 0 0 0 0
INFO:tensorflow:masked_lm_positions: 3 4 20 23 27 28 0 0 0 0 0 0 0 0 0 0 0 0 0 0
I1024 09:17:40.685000 47053870625856 create_pretraining_data.py:161] masked_lm_positions: 3 4 20 23 27 28 0 0 0 0 0 0 0 0 0 0 0 0 0 0
INFO:tensorflow:masked_lm_ids: 10888 4796 2306 2278 17509 2095 0 0 0 0 0 0 0 0 0 0 0 0 0 0
I1024 09:17:40.685137 47053870625856 create_pretraining_data.py:161] masked_lm_ids: 10888 4796 2306 2278 17509 2095 0 0 0 0 0 0 0 0 0 0 0 0 0 0
INFO:tensorflow:masked_lm_weights: 1.0 1.0 1.0 1.0 1.0 1.0 0.0 0.0 0.0 0.0 0.0 0.0 0.0 0.0 0.0 0.0 0.0 0.0 0.0 0.0
I1024 09:17:40.685260 47053870625856 create_pretraining_data.py:161] masked_lm_weights: 1.0 1.0 1.0 1.0 1.0 1.0 0.0 0.0 0.0 0.0 0.0 0.0 0.0 0.0 0.0 0.0 0.0 0.0 0.0 0.0
INFO:tensorflow:next_sentence_labels: 1
I1024 09:17:40.685373 47053870625856 create_pretraining_data.py:161] next_sentence_labels: 1
INFO:tensorflow:*** Example ***
I1024 09:17:40.686075 47053870625856 create_pretraining_data.py:149] *** Example ***
INFO:tensorflow:tokens: [CLS] وهكذا ابتد ##عي [MASK] [MASK] [MASK] [MASK] امن ##عي الاط ##عمة الجاهزة والض ##ارة من البيت ار ##وي لهم قصص الابطال وخلال القصة اذكر ##ي نوع فوا ##كه [MASK] وانها سبب [MASK] قوته وش ##جع ##يه على اكل ##ها انا كذا ##اس ##وي وتن ##جح [MASK] او [MASK] اشياء بسيطه بالف ##واكه مثل [MASK] واك ##ل قدام ##هم [SEP] قناة “ الجزيرة ” [MASK] المصدر التركي قوله إن الفريق السعودي الذي قام بتص ##فية خاشقجي [MASK] قن ##صلي ##ة السعودية [MASK] إسطنبول في الثاني من [MASK] الماضي [MASK] تعامل مع جثة الضحية ، حيث تمت [MASK] [MASK] بالأح ##ما ##ض داخل إحدى غرف منزل القنص ##ل السعودي محمد العتيبي [MASK] وأشار المصدر إلى أنه تم العثور على بقايا [MASK] [MASK] الهيد ##روف ##لور ##يك ومواد كيم [SEP]
I1024 09:17:40.686266 47053870625856 create_pretraining_data.py:151] tokens: [CLS] وهكذا ابتد ##عي [MASK] [MASK] [MASK] [MASK] امن ##عي الاط ##عمة الجاهزة والض ##ارة من البيت ار ##وي لهم قصص الابطال وخلال القصة اذكر ##ي نوع فوا ##كه [MASK] وانها سبب [MASK] قوته وش ##جع ##يه على اكل ##ها انا كذا ##اس ##وي وتن ##جح [MASK] او [MASK] اشياء بسيطه بالف ##واكه مثل [MASK] واك ##ل قدام ##هم [SEP] قناة “ الجزيرة ” [MASK] المصدر التركي قوله إن الفريق السعودي الذي قام بتص ##فية خاشقجي [MASK] قن ##صلي ##ة السعودية [MASK] إسطنبول في الثاني من [MASK] الماضي [MASK] تعامل مع جثة الضحية ، حيث تمت [MASK] [MASK] بالأح ##ما ##ض داخل إحدى غرف منزل القنص ##ل السعودي محمد العتيبي [MASK] وأشار المصدر إلى أنه تم العثور على بقايا [MASK] [MASK] الهيد ##روف ##لور ##يك ومواد كيم [SEP]
INFO:tensorflow:input_ids: 2 9605 7734 2203 4 4 4 4 4135 2203 6850 8347 23535 7353 2116 1908 4210 2988 1971 2899 5143 12704 13481 9446 9056 1013 4083 26425 4246 4 22454 4364 4 23095 2347 3464 1988 1961 12398 1913 2315 5078 2233 1971 4504 6560 4 2213 4 6164 13154 5406 15793 2546 4 12762 1010 8850 1949 3 5438 621 7745 622 4 5911 6638 3604 2259 3671 3428 2130 3347 10196 5673 8790 4 10208 7558 1043 3032 4 25464 1912 2966 1908 4 3274 4 13186 1973 17418 23722 378 2455 4690 4 4 29234 1931 1027 3224 6448 6471 7419 18301 1010 3428 2202 12558 4 6659 5911 2045 2590 2172 9533 1961 14661 4 4 26241 2942 4789 2434 26622 9478 3
I1024 09:17:40.686454 47053870625856 create_pretraining_data.py:161] input_ids: 2 9605 7734 2203 4 4 4 4 4135 2203 6850 8347 23535 7353 2116 1908 4210 2988 1971 2899 5143 12704 13481 9446 9056 1013 4083 26425 4246 4 22454 4364 4 23095 2347 3464 1988 1961 12398 1913 2315 5078 2233 1971 4504 6560 4 2213 4 6164 13154 5406 15793 2546 4 12762 1010 8850 1949 3 5438 621 7745 622 4 5911 6638 3604 2259 3671 3428 2130 3347 10196 5673 8790 4 10208 7558 1043 3032 4 25464 1912 2966 1908 4 3274 4 13186 1973 17418 23722 378 2455 4690 4 4 29234 1931 1027 3224 6448 6471 7419 18301 1010 3428 2202 12558 4 6659 5911 2045 2590 2172 9533 1961 14661 4 4 26241 2942 4789 2434 26622 9478 3
INFO:tensorflow:input_mask: 1 1 1 1 1 1 1 1 1 1 1 1 1 1 1 1 1 1 1 1 1 1 1 1 1 1 1 1 1 1 1 1 1 1 1 1 1 1 1 1 1 1 1 1 1 1 1 1 1 1 1 1 1 1 1 1 1 1 1 1 1 1 1 1 1 1 1 1 1 1 1 1 1 1 1 1 1 1 1 1 1 1 1 1 1 1 1 1 1 1 1 1 1 1 1 1 1 1 1 1 1 1 1 1 1 1 1 1 1 1 1 1 1 1 1 1 1 1 1 1 1 1 1 1 1 1 1 1
I1024 09:17:40.686641 47053870625856 create_pretraining_data.py:161] input_mask: 1 1 1 1 1 1 1 1 1 1 1 1 1 1 1 1 1 1 1 1 1 1 1 1 1 1 1 1 1 1 1 1 1 1 1 1 1 1 1 1 1 1 1 1 1 1 1 1 1 1 1 1 1 1 1 1 1 1 1 1 1 1 1 1 1 1 1 1 1 1 1 1 1 1 1 1 1 1 1 1 1 1 1 1 1 1 1 1 1 1 1 1 1 1 1 1 1 1 1 1 1 1 1 1 1 1 1 1 1 1 1 1 1 1 1 1 1 1 1 1 1 1 1 1 1 1 1 1
INFO:tensorflow:segment_ids: 0 0 0 0 0 0 0 0 0 0 0 0 0 0 0 0 0 0 0 0 0 0 0 0 0 0 0 0 0 0 0 0 0 0 0 0 0 0 0 0 0 0 0 0 0 0 0 0 0 0 0 0 0 0 0 0 0 0 0 0 1 1 1 1 1 1 1 1 1 1 1 1 1 1 1 1 1 1 1 1 1 1 1 1 1 1 1 1 1 1 1 1 1 1 1 1 1 1 1 1 1 1 1 1 1 1 1 1 1 1 1 1 1 1 1 1 1 1 1 1 1 1 1 1 1 1 1 1
I1024 09:17:40.686804 47053870625856 create_pretraining_data.py:161] segment_ids: 0 0 0 0 0 0 0 0 0 0 0 0 0 0 0 0 0 0 0 0 0 0 0 0 0 0 0 0 0 0 0 0 0 0 0 0 0 0 0 0 0 0 0 0 0 0 0 0 0 0 0 0 0 0 0 0 0 0 0 0 1 1 1 1 1 1 1 1 1 1 1 1 1 1 1 1 1 1 1 1 1 1 1 1 1 1 1 1 1 1 1 1 1 1 1 1 1 1 1 1 1 1 1 1 1 1 1 1 1 1 1 1 1 1 1 1 1 1 1 1 1 1 1 1 1 1 1 1
INFO:tensorflow:masked_lm_positions: 4 5 6 7 29 32 46 48 54 64 76 81 86 88 96 97 110 119 120 0
I1024 09:17:40.686930 47053870625856 create_pretraining_data.py:161] masked_lm_positions: 4 5 6 7 29 32 46 48 54 64 76 81 86 88 96 97 110 119 120 0
INFO:tensorflow:masked_lm_ids: 6650 1007 10807 1015 21783 1912 8661 16036 13085 1955 3224 1912 4962 378 2617 10528 18 2848 1027 0
I1024 09:17:40.687057 47053870625856 create_pretraining_data.py:161] masked_lm_ids: 6650 1007 10807 1015 21783 1912 8661 16036 13085 1955 3224 1912 4962 378 2617 10528 18 2848 1027 0
INFO:tensorflow:masked_lm_weights: 1.0 1.0 1.0 1.0 1.0 1.0 1.0 1.0 1.0 1.0 1.0 1.0 1.0 1.0 1.0 1.0 1.0 1.0 1.0 0.0
I1024 09:17:40.687181 47053870625856 create_pretraining_data.py:161] masked_lm_weights: 1.0 1.0 1.0 1.0 1.0 1.0 1.0 1.0 1.0 1.0 1.0 1.0 1.0 1.0 1.0 1.0 1.0 1.0 1.0 0.0
INFO:tensorflow:next_sentence_labels: 1
I1024 09:17:40.687293 47053870625856 create_pretraining_data.py:161] next_sentence_labels: 1
INFO:tensorflow:*** Example ***
I1024 09:17:40.687977 47053870625856 create_pretraining_data.py:149] *** Example ***
INFO:tensorflow:tokens: [CLS] كما يمكن ده ##ن بعض الكريم ##ات من أجل تل ##يين جلد البطن وتس ##كين ##ه ، وسوف تختفي [MASK] شد [MASK] [MASK] بعد الولادة . من [MASK] الغذائية ننصح ##ك [MASK] [MASK] ##دة عنصر الزن ##ك وفي ##تام ##ين سي في غذ ##ائك ليس ##اعد ##ان على حماية الجلد . [SEP] [MASK] المشاركات المكتوب ##ه في المنتدى [MASK] عن وجهة نظر صاحبها فقط , ولا تعبر بأي شكل من الأشكال عن وجهة [MASK] إدارة المنتدى [SEP]
I1024 09:17:40.688152 47053870625856 create_pretraining_data.py:151] tokens: [CLS] كما يمكن ده ##ن بعض الكريم ##ات من أجل تل ##يين جلد البطن وتس ##كين ##ه ، وسوف تختفي [MASK] شد [MASK] [MASK] بعد الولادة . من [MASK] الغذائية ننصح ##ك [MASK] [MASK] ##دة عنصر الزن ##ك وفي ##تام ##ين سي في غذ ##ائك ليس ##اعد ##ان على حماية الجلد . [SEP] [MASK] المشاركات المكتوب ##ه في المنتدى [MASK] عن وجهة نظر صاحبها فقط , ولا تعبر بأي شكل من الأشكال عن وجهة [MASK] إدارة المنتدى [SEP]
INFO:tensorflow:input_ids: 2 2306 2490 4382 1006 2346 3340 1904 1908 3883 7953 3176 8496 16492 5102 4659 1028 378 8990 25668 4 11221 4 4 2089 12793 18 1908 4 8869 29887 1014 4 4 2063 15342 29438 1014 2427 7500 1911 2266 1912 9807 6719 2618 3298 1906 1961 6455 9723 18 3 4 11251 27516 1028 1912 2537 4 1955 7286 4461 13982 2574 16 2086 7075 7931 4814 1908 15673 1955 7286 4 3957 2537 3 0 0 0 0 0 0 0 0 0 0 0 0 0 0 0 0 0 0 0 0 0 0 0 0 0 0 0 0 0 0 0 0 0 0 0 0 0 0 0 0 0 0 0 0 0 0 0 0 0 0
I1024 09:17:40.688352 47053870625856 create_pretraining_data.py:161] input_ids: 2 2306 2490 4382 1006 2346 3340 1904 1908 3883 7953 3176 8496 16492 5102 4659 1028 378 8990 25668 4 11221 4 4 2089 12793 18 1908 4 8869 29887 1014 4 4 2063 15342 29438 1014 2427 7500 1911 2266 1912 9807 6719 2618 3298 1906 1961 6455 9723 18 3 4 11251 27516 1028 1912 2537 4 1955 7286 4461 13982 2574 16 2086 7075 7931 4814 1908 15673 1955 7286 4 3957 2537 3 0 0 0 0 0 0 0 0 0 0 0 0 0 0 0 0 0 0 0 0 0 0 0 0 0 0 0 0 0 0 0 0 0 0 0 0 0 0 0 0 0 0 0 0 0 0 0 0 0 0
INFO:tensorflow:input_mask: 1 1 1 1 1 1 1 1 1 1 1 1 1 1 1 1 1 1 1 1 1 1 1 1 1 1 1 1 1 1 1 1 1 1 1 1 1 1 1 1 1 1 1 1 1 1 1 1 1 1 1 1 1 1 1 1 1 1 1 1 1 1 1 1 1 1 1 1 1 1 1 1 1 1 1 1 1 1 0 0 0 0 0 0 0 0 0 0 0 0 0 0 0 0 0 0 0 0 0 0 0 0 0 0 0 0 0 0 0 0 0 0 0 0 0 0 0 0 0 0 0 0 0 0 0 0 0 0
I1024 09:17:40.688524 47053870625856 create_pretraining_data.py:161] input_mask: 1 1 1 1 1 1 1 1 1 1 1 1 1 1 1 1 1 1 1 1 1 1 1 1 1 1 1 1 1 1 1 1 1 1 1 1 1 1 1 1 1 1 1 1 1 1 1 1 1 1 1 1 1 1 1 1 1 1 1 1 1 1 1 1 1 1 1 1 1 1 1 1 1 1 1 1 1 1 0 0 0 0 0 0 0 0 0 0 0 0 0 0 0 0 0 0 0 0 0 0 0 0 0 0 0 0 0 0 0 0 0 0 0 0 0 0 0 0 0 0 0 0 0 0 0 0 0 0
INFO:tensorflow:segment_ids: 0 0 0 0 0 0 0 0 0 0 0 0 0 0 0 0 0 0 0 0 0 0 0 0 0 0 0 0 0 0 0 0 0 0 0 0 0 0 0 0 0 0 0 0 0 0 0 0 0 0 0 0 0 1 1 1 1 1 1 1 1 1 1 1 1 1 1 1 1 1 1 1 1 1 1 1 1 1 0 0 0 0 0 0 0 0 0 0 0 0 0 0 0 0 0 0 0 0 0 0 0 0 0 0 0 0 0 0 0 0 0 0 0 0 0 0 0 0 0 0 0 0 0 0 0 0 0 0
I1024 09:17:40.688687 47053870625856 create_pretraining_data.py:161] segment_ids: 0 0 0 0 0 0 0 0 0 0 0 0 0 0 0 0 0 0 0 0 0 0 0 0 0 0 0 0 0 0 0 0 0 0 0 0 0 0 0 0 0 0 0 0 0 0 0 0 0 0 0 0 0 1 1 1 1 1 1 1 1 1 1 1 1 1 1 1 1 1 1 1 1 1 1 1 1 1 0 0 0 0 0 0 0 0 0 0 0 0 0 0 0 0 0 0 0 0 0 0 0 0 0 0 0 0 0 0 0 0 0 0 0 0 0 0 0 0 0 0 0 0 0 0 0 0 0 0
INFO:tensorflow:masked_lm_positions: 12 20 22 23 28 32 33 34 53 59 64 74 0 0 0 0 0 0 0 0
I1024 09:17:40.688813 47053870625856 create_pretraining_data.py:161] masked_lm_positions: 12 20 22 23 28 32 33 34 53 59 64 74 0 0 0 0 0 0 0 0
INFO:tensorflow:masked_lm_ids: 8496 10267 16492 20135 15518 74 7313 2063 2561 7075 2574 4461 0 0 0 0 0 0 0 0
I1024 09:17:40.688933 47053870625856 create_pretraining_data.py:161] masked_lm_ids: 8496 10267 16492 20135 15518 74 7313 2063 2561 7075 2574 4461 0 0 0 0 0 0 0 0
INFO:tensorflow:masked_lm_weights: 1.0 1.0 1.0 1.0 1.0 1.0 1.0 1.0 1.0 1.0 1.0 1.0 0.0 0.0 0.0 0.0 0.0 0.0 0.0 0.0
I1024 09:17:40.689060 47053870625856 create_pretraining_data.py:161] masked_lm_weights: 1.0 1.0 1.0 1.0 1.0 1.0 1.0 1.0 1.0 1.0 1.0 1.0 0.0 0.0 0.0 0.0 0.0 0.0 0.0 0.0
INFO:tensorflow:next_sentence_labels: 1
I1024 09:17:40.689173 47053870625856 create_pretraining_data.py:161] next_sentence_labels: 1
INFO:tensorflow:*** Example ***
I1024 09:17:40.689863 47053870625856 create_pretraining_data.py:149] *** Example ***
INFO:tensorflow:tokens: [CLS] في جميع الاقسام [MASK] الموقع ##مك ##تبة الكتب ##مك ##تبة المرئيات ##مك ##تبة الصوتيات ##الب ##ث الحي ##موا ##قع شقيق ##ة [SEP] وتض ##رع الملك إلى الله [MASK] أن يتغ ##مد الفقيد بوا ##سع رحمته ومغ ##فرت ##ه ، ويس ##كنه فسيح [MASK] [MASK] ، ويج ##زيه خير الجزاء عما أسد ##ى التفسير [MASK] ولو ##طنه ولم ##لكه من [MASK] [MASK] الأعمال ، وما [MASK] بين يدي ربه من مبر ##ات ، [MASK] [MASK] [MASK] أق ##اربه وذوي ##ه جميل الصبر وحسن العزاء . [SEP]
I1024 09:17:40.690041 47053870625856 create_pretraining_data.py:151] tokens: [CLS] في جميع الاقسام [MASK] الموقع ##مك ##تبة الكتب ##مك ##تبة المرئيات ##مك ##تبة الصوتيات ##الب ##ث الحي ##موا ##قع شقيق ##ة [SEP] وتض ##رع الملك إلى الله [MASK] أن يتغ ##مد الفقيد بوا ##سع رحمته ومغ ##فرت ##ه ، ويس ##كنه فسيح [MASK] [MASK] ، ويج ##زيه خير الجزاء عما أسد ##ى التفسير [MASK] ولو ##طنه ولم ##لكه من [MASK] [MASK] الأعمال ، وما [MASK] بين يدي ربه من مبر ##ات ، [MASK] [MASK] [MASK] أق ##اربه وذوي ##ه جميل الصبر وحسن العزاء . [SEP]
INFO:tensorflow:input_ids: 2 1912 2561 7983 4 3221 14628 29688 5018 14628 29688 15577 14628 29688 6290 2653 1039 3593 24349 2509 17902 1043 3 23630 4178 2676 2045 1953 4 1979 23967 2368 27950 3935 7165 17427 20476 13090 1028 378 4274 9477 15950 4 4 378 7238 20860 2631 13450 5606 26327 1102 12520 4 3278 16669 2743 4194 1908 4 4 4752 378 2564 4 2117 7580 7864 1908 9403 1904 378 4 4 4 3436 10316 29136 1028 3814 6297 8721 18089 18 3 0 0 0 0 0 0 0 0 0 0 0 0 0 0 0 0 0 0 0 0 0 0 0 0 0 0 0 0 0 0 0 0 0 0 0 0 0 0 0 0 0 0
I1024 09:17:40.690252 47053870625856 create_pretraining_data.py:161] input_ids: 2 1912 2561 7983 4 3221 14628 29688 5018 14628 29688 15577 14628 29688 6290 2653 1039 3593 24349 2509 17902 1043 3 23630 4178 2676 2045 1953 4 1979 23967 2368 27950 3935 7165 17427 20476 13090 1028 378 4274 9477 15950 4 4 378 7238 20860 2631 13450 5606 26327 1102 12520 4 3278 16669 2743 4194 1908 4 4 4752 378 2564 4 2117 7580 7864 1908 9403 1904 378 4 4 4 3436 10316 29136 1028 3814 6297 8721 18089 18 3 0 0 0 0 0 0 0 0 0 0 0 0 0 0 0 0 0 0 0 0 0 0 0 0 0 0 0 0 0 0 0 0 0 0 0 0 0 0 0 0 0 0
INFO:tensorflow:input_mask: 1 1 1 1 1 1 1 1 1 1 1 1 1 1 1 1 1 1 1 1 1 1 1 1 1 1 1 1 1 1 1 1 1 1 1 1 1 1 1 1 1 1 1 1 1 1 1 1 1 1 1 1 1 1 1 1 1 1 1 1 1 1 1 1 1 1 1 1 1 1 1 1 1 1 1 1 1 1 1 1 1 1 1 1 1 1 0 0 0 0 0 0 0 0 0 0 0 0 0 0 0 0 0 0 0 0 0 0 0 0 0 0 0 0 0 0 0 0 0 0 0 0 0 0 0 0 0 0
I1024 09:17:40.690425 47053870625856 create_pretraining_data.py:161] input_mask: 1 1 1 1 1 1 1 1 1 1 1 1 1 1 1 1 1 1 1 1 1 1 1 1 1 1 1 1 1 1 1 1 1 1 1 1 1 1 1 1 1 1 1 1 1 1 1 1 1 1 1 1 1 1 1 1 1 1 1 1 1 1 1 1 1 1 1 1 1 1 1 1 1 1 1 1 1 1 1 1 1 1 1 1 1 1 0 0 0 0 0 0 0 0 0 0 0 0 0 0 0 0 0 0 0 0 0 0 0 0 0 0 0 0 0 0 0 0 0 0 0 0 0 0 0 0 0 0
INFO:tensorflow:segment_ids: 0 0 0 0 0 0 0 0 0 0 0 0 0 0 0 0 0 0 0 0 0 0 0 1 1 1 1 1 1 1 1 1 1 1 1 1 1 1 1 1 1 1 1 1 1 1 1 1 1 1 1 1 1 1 1 1 1 1 1 1 1 1 1 1 1 1 1 1 1 1 1 1 1 1 1 1 1 1 1 1 1 1 1 1 1 1 0 0 0 0 0 0 0 0 0 0 0 0 0 0 0 0 0 0 0 0 0 0 0 0 0 0 0 0 0 0 0 0 0 0 0 0 0 0 0 0 0 0
I1024 09:17:40.690585 47053870625856 create_pretraining_data.py:161] segment_ids: 0 0 0 0 0 0 0 0 0 0 0 0 0 0 0 0 0 0 0 0 0 0 0 1 1 1 1 1 1 1 1 1 1 1 1 1 1 1 1 1 1 1 1 1 1 1 1 1 1 1 1 1 1 1 1 1 1 1 1 1 1 1 1 1 1 1 1 1 1 1 1 1 1 1 1 1 1 1 1 1 1 1 1 1 1 1 0 0 0 0 0 0 0 0 0 0 0 0 0 0 0 0 0 0 0 0 0 0 0 0 0 0 0 0 0 0 0 0 0 0 0 0 0 0 0 0 0 0
INFO:tensorflow:masked_lm_positions: 1 4 28 43 44 53 54 60 61 65 73 74 75 0 0 0 0 0 0 0
I1024 09:17:40.690710 47053870625856 create_pretraining_data.py:161] masked_lm_positions: 1 4 28 43 44 53 54 60 61 65 73 74 75 0 0 0 0 0 0 0
INFO:tensorflow:masked_lm_ids: 1912 6618 3658 25459 1028 28920 1028 20203 1010 3681 3310 22249 1015 0 0 0 0 0 0 0
I1024 09:17:40.690830 47053870625856 create_pretraining_data.py:161] masked_lm_ids: 1912 6618 3658 25459 1028 28920 1028 20203 1010 3681 3310 22249 1015 0 0 0 0 0 0 0
INFO:tensorflow:masked_lm_weights: 1.0 1.0 1.0 1.0 1.0 1.0 1.0 1.0 1.0 1.0 1.0 1.0 1.0 0.0 0.0 0.0 0.0 0.0 0.0 0.0
I1024 09:17:40.690953 47053870625856 create_pretraining_data.py:161] masked_lm_weights: 1.0 1.0 1.0 1.0 1.0 1.0 1.0 1.0 1.0 1.0 1.0 1.0 1.0 0.0 0.0 0.0 0.0 0.0 0.0 0.0
INFO:tensorflow:next_sentence_labels: 1
I1024 09:17:40.691088 47053870625856 create_pretraining_data.py:161] next_sentence_labels: 1
INFO:tensorflow:Wrote 6908103 total instances
I1024 10:06:46.470773 47053870625856 create_pretraining_data.py:166] Wrote 6908103 total instances
