Loading module 'all'
WARNING:tensorflow:From ../bert/create_pretraining_data.py:469: The name tf.app.run is deprecated. Please use tf.compat.v1.app.run instead.

WARNING:tensorflow:From ../bert/create_pretraining_data.py:437: The name tf.logging.set_verbosity is deprecated. Please use tf.compat.v1.logging.set_verbosity instead.

W1024 02:48:21.799305 47939261908032 module_wrapper.py:139] From ../bert/create_pretraining_data.py:437: The name tf.logging.set_verbosity is deprecated. Please use tf.compat.v1.logging.set_verbosity instead.

WARNING:tensorflow:From ../bert/create_pretraining_data.py:437: The name tf.logging.INFO is deprecated. Please use tf.compat.v1.logging.INFO instead.

W1024 02:48:21.799560 47939261908032 module_wrapper.py:139] From ../bert/create_pretraining_data.py:437: The name tf.logging.INFO is deprecated. Please use tf.compat.v1.logging.INFO instead.

WARNING:tensorflow:From /scratch/gi372/camel-mlm/bert/tokenization.py:125: The name tf.gfile.GFile is deprecated. Please use tf.io.gfile.GFile instead.

W1024 02:48:21.799796 47939261908032 module_wrapper.py:139] From /scratch/gi372/camel-mlm/bert/tokenization.py:125: The name tf.gfile.GFile is deprecated. Please use tf.io.gfile.GFile instead.

WARNING:tensorflow:From ../bert/create_pretraining_data.py:444: The name tf.gfile.Glob is deprecated. Please use tf.io.gfile.glob instead.

W1024 02:48:21.910371 47939261908032 module_wrapper.py:139] From ../bert/create_pretraining_data.py:444: The name tf.gfile.Glob is deprecated. Please use tf.io.gfile.glob instead.

WARNING:tensorflow:From ../bert/create_pretraining_data.py:446: The name tf.logging.info is deprecated. Please use tf.compat.v1.logging.info instead.

W1024 02:48:21.963744 47939261908032 module_wrapper.py:139] From ../bert/create_pretraining_data.py:446: The name tf.logging.info is deprecated. Please use tf.compat.v1.logging.info instead.

INFO:tensorflow:*** Reading from input files ***
I1024 02:48:21.964004 47939261908032 create_pretraining_data.py:446] *** Reading from input files ***
INFO:tensorflow:  ../corpora/shards/MSA-oscar-unshuffled.docs.shard.042.normalized.sents
I1024 02:48:21.964106 47939261908032 create_pretraining_data.py:448]   ../corpora/shards/MSA-oscar-unshuffled.docs.shard.042.normalized.sents
INFO:tensorflow:*** Writing to output files ***
I1024 04:15:54.771870 47939261908032 create_pretraining_data.py:457] *** Writing to output files ***
INFO:tensorflow:  ../corpora/tf_records/MSA-oscar-unshuffled.docs.shard.042.tf_record
I1024 04:15:54.816149 47939261908032 create_pretraining_data.py:459]   ../corpora/tf_records/MSA-oscar-unshuffled.docs.shard.042.tf_record
WARNING:tensorflow:From ../bert/create_pretraining_data.py:101: The name tf.python_io.TFRecordWriter is deprecated. Please use tf.io.TFRecordWriter instead.

W1024 04:15:54.834455 47939261908032 module_wrapper.py:139] From ../bert/create_pretraining_data.py:101: The name tf.python_io.TFRecordWriter is deprecated. Please use tf.io.TFRecordWriter instead.

INFO:tensorflow:*** Example ***
I1024 04:15:54.859117 47939261908032 create_pretraining_data.py:149] *** Example ***
INFO:tensorflow:tokens: [CLS] M ” وصلت إلى الأراضي [MASK] ، للمشاركة في [MASK] مواقع تنظيم “ الدولة الإسلامية ” في سوريا . [MASK] [MASK] القا ##ذف ##ات بعيدة المدى في إيران ، [MASK] [MASK] زمن تحلي ##قها [MASK] 60 [MASK] بعد أن كانت [MASK] من جنوب [MASK] لتنفيذ [MASK] قبل أن تعود إلى قواعد ##ها ، حسبما نقلت قناة “ روسيا 24 ′ ′ ، أما [SEP] ##جر ##وح والحر ##وق والك ##دمات وسبب [MASK] فض [MASK] [MASK] الذى يح ##ثه على اكتشاف [MASK] وهو يبك ##ر في المشي والن ##طق وفي ا ##ظهار استقلال ##ه وفر ##دينه ولكنه يمت ##از أيضا بد ##ف ##ء العاطف ##ة وبص ##راحة التعبير عنها فك ##ثير ##ا [MASK] ين ##دف ##ع نحو من بحب [MASK] [MASK] في ضمه وتق ##بيله بع ##نف [SEP]
I1024 04:15:54.859869 47939261908032 create_pretraining_data.py:151] tokens: [CLS] M ” وصلت إلى الأراضي [MASK] ، للمشاركة في [MASK] مواقع تنظيم “ الدولة الإسلامية ” في سوريا . [MASK] [MASK] القا ##ذف ##ات بعيدة المدى في إيران ، [MASK] [MASK] زمن تحلي ##قها [MASK] 60 [MASK] بعد أن كانت [MASK] من جنوب [MASK] لتنفيذ [MASK] قبل أن تعود إلى قواعد ##ها ، حسبما نقلت قناة “ روسيا 24 ′ ′ ، أما [SEP] ##جر ##وح والحر ##وق والك ##دمات وسبب [MASK] فض [MASK] [MASK] الذى يح ##ثه على اكتشاف [MASK] وهو يبك ##ر في المشي والن ##طق وفي ا ##ظهار استقلال ##ه وفر ##دينه ولكنه يمت ##از أيضا بد ##ف ##ء العاطف ##ة وبص ##راحة التعبير عنها فك ##ثير ##ا [MASK] ين ##دف ##ع نحو من بحب [MASK] [MASK] في ضمه وتق ##بيله بع ##نف [SEP]
INFO:tensorflow:input_ids: 2 49 622 6242 2045 9459 4 378 10437 1912 4 3989 4791 621 3306 3871 622 1912 3379 18 4 4 22938 5158 1904 16554 13885 1912 5796 378 4 4 5836 18042 7637 4 5992 4 2089 1979 2431 4 1908 4297 4 12808 4 2289 1979 6103 2045 8101 1913 378 16449 16236 5438 621 4607 3789 628 628 378 3444 3 2391 2517 11864 2015 3764 12235 28660 4 3361 4 4 4370 2410 7135 1961 10810 4 2400 29001 1017 1912 17511 3006 3249 2427 387 11375 13388 1028 5035 5740 7476 6491 2275 3112 2250 1037 1053 15032 1043 19773 4694 8880 3851 4399 2334 1007 4 2388 3150 1009 3487 1908 6218 4 4 1912 26066 4646 28184 2704 3785 3
I1024 04:15:54.861068 47939261908032 create_pretraining_data.py:161] input_ids: 2 49 622 6242 2045 9459 4 378 10437 1912 4 3989 4791 621 3306 3871 622 1912 3379 18 4 4 22938 5158 1904 16554 13885 1912 5796 378 4 4 5836 18042 7637 4 5992 4 2089 1979 2431 4 1908 4297 4 12808 4 2289 1979 6103 2045 8101 1913 378 16449 16236 5438 621 4607 3789 628 628 378 3444 3 2391 2517 11864 2015 3764 12235 28660 4 3361 4 4 4370 2410 7135 1961 10810 4 2400 29001 1017 1912 17511 3006 3249 2427 387 11375 13388 1028 5035 5740 7476 6491 2275 3112 2250 1037 1053 15032 1043 19773 4694 8880 3851 4399 2334 1007 4 2388 3150 1009 3487 1908 6218 4 4 1912 26066 4646 28184 2704 3785 3
INFO:tensorflow:input_mask: 1 1 1 1 1 1 1 1 1 1 1 1 1 1 1 1 1 1 1 1 1 1 1 1 1 1 1 1 1 1 1 1 1 1 1 1 1 1 1 1 1 1 1 1 1 1 1 1 1 1 1 1 1 1 1 1 1 1 1 1 1 1 1 1 1 1 1 1 1 1 1 1 1 1 1 1 1 1 1 1 1 1 1 1 1 1 1 1 1 1 1 1 1 1 1 1 1 1 1 1 1 1 1 1 1 1 1 1 1 1 1 1 1 1 1 1 1 1 1 1 1 1 1 1 1 1 1 1
I1024 04:15:54.861289 47939261908032 create_pretraining_data.py:161] input_mask: 1 1 1 1 1 1 1 1 1 1 1 1 1 1 1 1 1 1 1 1 1 1 1 1 1 1 1 1 1 1 1 1 1 1 1 1 1 1 1 1 1 1 1 1 1 1 1 1 1 1 1 1 1 1 1 1 1 1 1 1 1 1 1 1 1 1 1 1 1 1 1 1 1 1 1 1 1 1 1 1 1 1 1 1 1 1 1 1 1 1 1 1 1 1 1 1 1 1 1 1 1 1 1 1 1 1 1 1 1 1 1 1 1 1 1 1 1 1 1 1 1 1 1 1 1 1 1 1
INFO:tensorflow:segment_ids: 0 0 0 0 0 0 0 0 0 0 0 0 0 0 0 0 0 0 0 0 0 0 0 0 0 0 0 0 0 0 0 0 0 0 0 0 0 0 0 0 0 0 0 0 0 0 0 0 0 0 0 0 0 0 0 0 0 0 0 0 0 0 0 0 0 1 1 1 1 1 1 1 1 1 1 1 1 1 1 1 1 1 1 1 1 1 1 1 1 1 1 1 1 1 1 1 1 1 1 1 1 1 1 1 1 1 1 1 1 1 1 1 1 1 1 1 1 1 1 1 1 1 1 1 1 1 1 1
I1024 04:15:54.861487 47939261908032 create_pretraining_data.py:161] segment_ids: 0 0 0 0 0 0 0 0 0 0 0 0 0 0 0 0 0 0 0 0 0 0 0 0 0 0 0 0 0 0 0 0 0 0 0 0 0 0 0 0 0 0 0 0 0 0 0 0 0 0 0 0 0 0 0 0 0 0 0 0 0 0 0 0 0 1 1 1 1 1 1 1 1 1 1 1 1 1 1 1 1 1 1 1 1 1 1 1 1 1 1 1 1 1 1 1 1 1 1 1 1 1 1 1 1 1 1 1 1 1 1 1 1 1 1 1 1 1 1 1 1 1 1 1 1 1 1 1
INFO:tensorflow:masked_lm_positions: 6 10 20 21 30 31 35 37 41 44 46 72 73 74 75 81 112 119 120 0
I1024 04:15:54.861640 47939261908032 create_pretraining_data.py:161] masked_lm_positions: 6 10 20 21 30 31 35 37 41 44 46 72 73 74 75 81 112 119 120 0
INFO:tensorflow:masked_lm_ids: 11584 7984 10045 2072 2661 2191 6102 9 17682 4607 18075 2271 3361 2335 10332 25574 1972 2162 15443 0
I1024 04:15:54.861780 47939261908032 create_pretraining_data.py:161] masked_lm_ids: 11584 7984 10045 2072 2661 2191 6102 9 17682 4607 18075 2271 3361 2335 10332 25574 1972 2162 15443 0
INFO:tensorflow:masked_lm_weights: 1.0 1.0 1.0 1.0 1.0 1.0 1.0 1.0 1.0 1.0 1.0 1.0 1.0 1.0 1.0 1.0 1.0 1.0 1.0 0.0
I1024 04:15:54.863052 47939261908032 create_pretraining_data.py:161] masked_lm_weights: 1.0 1.0 1.0 1.0 1.0 1.0 1.0 1.0 1.0 1.0 1.0 1.0 1.0 1.0 1.0 1.0 1.0 1.0 1.0 0.0
INFO:tensorflow:next_sentence_labels: 1
I1024 04:15:54.863194 47939261908032 create_pretraining_data.py:161] next_sentence_labels: 1
INFO:tensorflow:*** Example ***
I1024 04:15:54.864217 47939261908032 create_pretraining_data.py:149] *** Example ***
INFO:tensorflow:tokens: [CLS] أمطار رعد ##ية تسبق بري ##اح سطح ##ية مثيرة للأ ##تر ##بة والغ ##بار على منطقة جازان تشمل السواحل منها ، كذلك على مرتفع ##ات [MASK] . . توقعت الهيئة العامة للأ ##رصاد وحماية البيئة في [MASK] [MASK] عن حالة الطقس لهذا اليوم – بمشي ##ئة الله [MASK] – [MASK] هطول أمطار من متوسطة إلى غز ##يرة تص ##حب بن ##شاط في . . . [MASK] [MASK] العامة للأ ##رصاد وحماية البيئة تخطي [MASK] [MASK] عن حالة الطقس لهذا اليوم – بمشي ##ئة الله تعالى – [MASK] هطول [SEP] توقعت الرئاسة العامة [MASK] [MASK] [MASK] البيئة في [MASK] ##ها عن حالة [MASK] لهذا اليوم بمشي ##ئة الله تعالى تكون ##ا للس ##حب الرك ##امية الرعد ##ية المم ##طرة على مناطق ( نجران ، . . . [SEP]
I1024 04:15:54.864469 47939261908032 create_pretraining_data.py:151] tokens: [CLS] أمطار رعد ##ية تسبق بري ##اح سطح ##ية مثيرة للأ ##تر ##بة والغ ##بار على منطقة جازان تشمل السواحل منها ، كذلك على مرتفع ##ات [MASK] . . توقعت الهيئة العامة للأ ##رصاد وحماية البيئة في [MASK] [MASK] عن حالة الطقس لهذا اليوم – بمشي ##ئة الله [MASK] – [MASK] هطول أمطار من متوسطة إلى غز ##يرة تص ##حب بن ##شاط في . . . [MASK] [MASK] العامة للأ ##رصاد وحماية البيئة تخطي [MASK] [MASK] عن حالة الطقس لهذا اليوم – بمشي ##ئة الله تعالى – [MASK] هطول [SEP] توقعت الرئاسة العامة [MASK] [MASK] [MASK] البيئة في [MASK] ##ها عن حالة [MASK] لهذا اليوم بمشي ##ئة الله تعالى تكون ##ا للس ##حب الرك ##امية الرعد ##ية المم ##طرة على مناطق ( نجران ، . . . [SEP]
INFO:tensorflow:input_ids: 2 24403 20654 1910 28544 4836 2187 9963 1910 21339 2939 2582 2215 4500 2067 1961 3532 7979 9725 25922 2813 378 4533 1961 25344 1904 4 18 18 27926 5440 2754 2939 14506 16359 7269 1912 4 4 1955 3979 8605 4555 2217 616 19855 2385 1953 4 616 4 24099 24403 1908 16098 2045 9816 2208 2223 2074 2040 11117 1912 18 18 18 4 4 2754 2939 14506 16359 7269 20300 4 4 1955 3979 8605 4555 2217 616 19855 2385 1953 3658 616 4 24099 3 27926 10428 2754 4 4 4 7269 1912 4 1913 1955 3979 4 4555 2217 19855 2385 1953 3658 2652 1007 2916 2074 6009 8278 28218 1910 2812 5831 1961 5415 12 7107 378 18 18 18 3
I1024 04:15:54.864714 47939261908032 create_pretraining_data.py:161] input_ids: 2 24403 20654 1910 28544 4836 2187 9963 1910 21339 2939 2582 2215 4500 2067 1961 3532 7979 9725 25922 2813 378 4533 1961 25344 1904 4 18 18 27926 5440 2754 2939 14506 16359 7269 1912 4 4 1955 3979 8605 4555 2217 616 19855 2385 1953 4 616 4 24099 24403 1908 16098 2045 9816 2208 2223 2074 2040 11117 1912 18 18 18 4 4 2754 2939 14506 16359 7269 20300 4 4 1955 3979 8605 4555 2217 616 19855 2385 1953 3658 616 4 24099 3 27926 10428 2754 4 4 4 7269 1912 4 1913 1955 3979 4 4555 2217 19855 2385 1953 3658 2652 1007 2916 2074 6009 8278 28218 1910 2812 5831 1961 5415 12 7107 378 18 18 18 3
INFO:tensorflow:input_mask: 1 1 1 1 1 1 1 1 1 1 1 1 1 1 1 1 1 1 1 1 1 1 1 1 1 1 1 1 1 1 1 1 1 1 1 1 1 1 1 1 1 1 1 1 1 1 1 1 1 1 1 1 1 1 1 1 1 1 1 1 1 1 1 1 1 1 1 1 1 1 1 1 1 1 1 1 1 1 1 1 1 1 1 1 1 1 1 1 1 1 1 1 1 1 1 1 1 1 1 1 1 1 1 1 1 1 1 1 1 1 1 1 1 1 1 1 1 1 1 1 1 1 1 1 1 1 1 1
I1024 04:15:54.864916 47939261908032 create_pretraining_data.py:161] input_mask: 1 1 1 1 1 1 1 1 1 1 1 1 1 1 1 1 1 1 1 1 1 1 1 1 1 1 1 1 1 1 1 1 1 1 1 1 1 1 1 1 1 1 1 1 1 1 1 1 1 1 1 1 1 1 1 1 1 1 1 1 1 1 1 1 1 1 1 1 1 1 1 1 1 1 1 1 1 1 1 1 1 1 1 1 1 1 1 1 1 1 1 1 1 1 1 1 1 1 1 1 1 1 1 1 1 1 1 1 1 1 1 1 1 1 1 1 1 1 1 1 1 1 1 1 1 1 1 1
INFO:tensorflow:segment_ids: 0 0 0 0 0 0 0 0 0 0 0 0 0 0 0 0 0 0 0 0 0 0 0 0 0 0 0 0 0 0 0 0 0 0 0 0 0 0 0 0 0 0 0 0 0 0 0 0 0 0 0 0 0 0 0 0 0 0 0 0 0 0 0 0 0 0 0 0 0 0 0 0 0 0 0 0 0 0 0 0 0 0 0 0 0 0 0 0 0 0 1 1 1 1 1 1 1 1 1 1 1 1 1 1 1 1 1 1 1 1 1 1 1 1 1 1 1 1 1 1 1 1 1 1 1 1 1 1
I1024 04:15:54.865130 47939261908032 create_pretraining_data.py:161] segment_ids: 0 0 0 0 0 0 0 0 0 0 0 0 0 0 0 0 0 0 0 0 0 0 0 0 0 0 0 0 0 0 0 0 0 0 0 0 0 0 0 0 0 0 0 0 0 0 0 0 0 0 0 0 0 0 0 0 0 0 0 0 0 0 0 0 0 0 0 0 0 0 0 0 0 0 0 0 0 0 0 0 0 0 0 0 0 0 0 0 0 0 1 1 1 1 1 1 1 1 1 1 1 1 1 1 1 1 1 1 1 1 1 1 1 1 1 1 1 1 1 1 1 1 1 1 1 1 1 1
INFO:tensorflow:masked_lm_positions: 26 35 37 38 48 50 66 67 73 74 75 87 93 94 95 98 99 102 120 0
I1024 04:15:54.865274 47939261908032 create_pretraining_data.py:161] masked_lm_positions: 26 35 37 38 48 50 66 67 73 74 75 87 93 94 95 98 99 102 120 0
INFO:tensorflow:masked_lm_ids: 18 7269 5388 1913 3658 7021 27926 5440 1912 5388 1913 7021 2939 14506 16359 5388 1913 8605 5415 0
I1024 04:15:54.865413 47939261908032 create_pretraining_data.py:161] masked_lm_ids: 18 7269 5388 1913 3658 7021 27926 5440 1912 5388 1913 7021 2939 14506 16359 5388 1913 8605 5415 0
INFO:tensorflow:masked_lm_weights: 1.0 1.0 1.0 1.0 1.0 1.0 1.0 1.0 1.0 1.0 1.0 1.0 1.0 1.0 1.0 1.0 1.0 1.0 1.0 0.0
I1024 04:15:54.865551 47939261908032 create_pretraining_data.py:161] masked_lm_weights: 1.0 1.0 1.0 1.0 1.0 1.0 1.0 1.0 1.0 1.0 1.0 1.0 1.0 1.0 1.0 1.0 1.0 1.0 1.0 0.0
INFO:tensorflow:next_sentence_labels: 0
I1024 04:15:54.865704 47939261908032 create_pretraining_data.py:161] next_sentence_labels: 0
INFO:tensorflow:*** Example ***
I1024 04:15:54.866650 47939261908032 create_pretraining_data.py:149] *** Example ***
INFO:tensorflow:tokens: [CLS] [MASK] [MASK] [MASK] تركيب أسنان يوفر [MASK] الآ ##تى : [MASK] إنت ##قالات . الاق ##امة . سكن . تام ##ين طب ##ى . ترسل السيرة الذا [MASK] . . للاس ##ر [MASK] لنفسه [MASK] المرب ##يات والر ##عايه [MASK] [MASK] للمر ##ضي وكبار ##الس ##ضائع بتوفير الج ##ليس ##ه والمر ##افق ##ين والتم ##ريض والطب ##اخ ##ه وعم ##اله ##iz وكل السائق والح ##ارث والس ##اعي والسكر ##تار ##يه وعم ##اله الشركات كل المهن [MASK] [MASK] 011 [SEP] متوفر ##للع ##مل الفوري كافة عمال ##ه المنزل المتخصصة مرب ##يات راعي ##ه المس ##ن التمريض والج ##ليس ##ة والش ##غال ##ه والطب ##اخ ##ه المو ##قته والاق ##امه جميع المدن ومت ##وفر ##عمال ##ه وكل المتخصصين للسفر ##لل ##خار ##ج ##0 ##10 ##22 ##15 ##74 ##75 [SEP]
I1024 04:15:54.866871 47939261908032 create_pretraining_data.py:151] tokens: [CLS] [MASK] [MASK] [MASK] تركيب أسنان يوفر [MASK] الآ ##تى : [MASK] إنت ##قالات . الاق ##امة . سكن . تام ##ين طب ##ى . ترسل السيرة الذا [MASK] . . للاس ##ر [MASK] لنفسه [MASK] المرب ##يات والر ##عايه [MASK] [MASK] للمر ##ضي وكبار ##الس ##ضائع بتوفير الج ##ليس ##ه والمر ##افق ##ين والتم ##ريض والطب ##اخ ##ه وعم ##اله ##iz وكل السائق والح ##ارث والس ##اعي والسكر ##تار ##يه وعم ##اله الشركات كل المهن [MASK] [MASK] 011 [SEP] متوفر ##للع ##مل الفوري كافة عمال ##ه المنزل المتخصصة مرب ##يات راعي ##ه المس ##ن التمريض والج ##ليس ##ة والش ##غال ##ه والطب ##اخ ##ه المو ##قته والاق ##امه جميع المدن ومت ##وفر ##عمال ##ه وكل المتخصصين للسفر ##لل ##خار ##ج ##0 ##10 ##22 ##15 ##74 ##75 [SEP]
INFO:tensorflow:input_ids: 2 4 4 4 8989 24212 11044 4 2409 2415 30 4 5320 4333 18 7955 3124 18 8264 18 9449 1911 3217 1102 18 19159 8620 9944 4 18 18 20954 1017 4 11772 4 29944 2066 4105 11045 4 4 12632 2412 25898 5290 15195 21433 1970 7467 1028 4716 27403 1911 17976 4079 12598 2524 1028 5046 2556 12938 3453 15531 2674 23925 2604 5313 27791 20656 1988 5046 2556 4860 2038 23895 4 4 9768 3 13171 6889 2182 20084 4294 10408 1028 6125 9362 12356 2066 13053 1028 2216 1006 26242 3057 7467 1043 2861 4956 1028 12598 2524 1028 2763 5155 16312 3669 2561 7088 4730 5095 2657 1028 3453 24847 26323 3175 21653 1041 1071 4571 5476 6032 22968 10857 3
I1024 04:15:54.867094 47939261908032 create_pretraining_data.py:161] input_ids: 2 4 4 4 8989 24212 11044 4 2409 2415 30 4 5320 4333 18 7955 3124 18 8264 18 9449 1911 3217 1102 18 19159 8620 9944 4 18 18 20954 1017 4 11772 4 29944 2066 4105 11045 4 4 12632 2412 25898 5290 15195 21433 1970 7467 1028 4716 27403 1911 17976 4079 12598 2524 1028 5046 2556 12938 3453 15531 2674 23925 2604 5313 27791 20656 1988 5046 2556 4860 2038 23895 4 4 9768 3 13171 6889 2182 20084 4294 10408 1028 6125 9362 12356 2066 13053 1028 2216 1006 26242 3057 7467 1043 2861 4956 1028 12598 2524 1028 2763 5155 16312 3669 2561 7088 4730 5095 2657 1028 3453 24847 26323 3175 21653 1041 1071 4571 5476 6032 22968 10857 3
INFO:tensorflow:input_mask: 1 1 1 1 1 1 1 1 1 1 1 1 1 1 1 1 1 1 1 1 1 1 1 1 1 1 1 1 1 1 1 1 1 1 1 1 1 1 1 1 1 1 1 1 1 1 1 1 1 1 1 1 1 1 1 1 1 1 1 1 1 1 1 1 1 1 1 1 1 1 1 1 1 1 1 1 1 1 1 1 1 1 1 1 1 1 1 1 1 1 1 1 1 1 1 1 1 1 1 1 1 1 1 1 1 1 1 1 1 1 1 1 1 1 1 1 1 1 1 1 1 1 1 1 1 1 1 1
I1024 04:15:54.867275 47939261908032 create_pretraining_data.py:161] input_mask: 1 1 1 1 1 1 1 1 1 1 1 1 1 1 1 1 1 1 1 1 1 1 1 1 1 1 1 1 1 1 1 1 1 1 1 1 1 1 1 1 1 1 1 1 1 1 1 1 1 1 1 1 1 1 1 1 1 1 1 1 1 1 1 1 1 1 1 1 1 1 1 1 1 1 1 1 1 1 1 1 1 1 1 1 1 1 1 1 1 1 1 1 1 1 1 1 1 1 1 1 1 1 1 1 1 1 1 1 1 1 1 1 1 1 1 1 1 1 1 1 1 1 1 1 1 1 1 1
INFO:tensorflow:segment_ids: 0 0 0 0 0 0 0 0 0 0 0 0 0 0 0 0 0 0 0 0 0 0 0 0 0 0 0 0 0 0 0 0 0 0 0 0 0 0 0 0 0 0 0 0 0 0 0 0 0 0 0 0 0 0 0 0 0 0 0 0 0 0 0 0 0 0 0 0 0 0 0 0 0 0 0 0 0 0 0 0 1 1 1 1 1 1 1 1 1 1 1 1 1 1 1 1 1 1 1 1 1 1 1 1 1 1 1 1 1 1 1 1 1 1 1 1 1 1 1 1 1 1 1 1 1 1 1 1
I1024 04:15:54.867446 47939261908032 create_pretraining_data.py:161] segment_ids: 0 0 0 0 0 0 0 0 0 0 0 0 0 0 0 0 0 0 0 0 0 0 0 0 0 0 0 0 0 0 0 0 0 0 0 0 0 0 0 0 0 0 0 0 0 0 0 0 0 0 0 0 0 0 0 0 0 0 0 0 0 0 0 0 0 0 0 0 0 0 0 0 0 0 0 0 0 0 0 0 1 1 1 1 1 1 1 1 1 1 1 1 1 1 1 1 1 1 1 1 1 1 1 1 1 1 1 1 1 1 1 1 1 1 1 1 1 1 1 1 1 1 1 1 1 1 1 1
INFO:tensorflow:masked_lm_positions: 1 2 3 7 11 28 33 34 35 38 39 40 41 44 45 46 61 76 77 0
I1024 04:15:54.867573 47939261908032 create_pretraining_data.py:161] masked_lm_positions: 1 2 3 7 11 28 33 34 35 38 39 40 41 44 45 46 61 76 77 0
INFO:tensorflow:masked_lm_ids: 24212 3718 1102 12457 17 18 21177 17742 1028 4105 11045 18465 11779 25898 5290 1006 11883 9519 1988 0
I1024 04:15:54.867703 47939261908032 create_pretraining_data.py:161] masked_lm_ids: 24212 3718 1102 12457 17 18 21177 17742 1028 4105 11045 18465 11779 25898 5290 1006 11883 9519 1988 0
INFO:tensorflow:masked_lm_weights: 1.0 1.0 1.0 1.0 1.0 1.0 1.0 1.0 1.0 1.0 1.0 1.0 1.0 1.0 1.0 1.0 1.0 1.0 1.0 0.0
I1024 04:15:54.867827 47939261908032 create_pretraining_data.py:161] masked_lm_weights: 1.0 1.0 1.0 1.0 1.0 1.0 1.0 1.0 1.0 1.0 1.0 1.0 1.0 1.0 1.0 1.0 1.0 1.0 1.0 0.0
INFO:tensorflow:next_sentence_labels: 0
I1024 04:15:54.867939 47939261908032 create_pretraining_data.py:161] next_sentence_labels: 0
INFO:tensorflow:*** Example ***
I1024 04:15:54.868818 47939261908032 create_pretraining_data.py:149] *** Example ***
INFO:tensorflow:tokens: [CLS] ##ومان ##س اهم برامج وشروحات [MASK] ملفات قنوات القسم بي ##وسات - هي ##ومان ##س اوري ##ون - بور ##سك ##ا ##ى - سيت ##زن الار ##يون والاج ##ه ##زة الش ##بيه ##ة سيت ##زن - ستار ##في ##جن والاج ##ه ##زة [MASK] [MASK] [MASK] ملفات القنوات اهم مواضيع للق ##سم توب فيلد - جولد ماستر - كام ##رى اهم برامج وشروحات توب [SEP] سفر عام ##وس 36 - سفر عو ##بد ##يا 37 - سفر يونا ##ن 38 سيدات سفر [MASK] [MASK] [MASK] - سفر ناح ##وم 40 [MASK] سفر حب ##قوق 41 - سفر صف ##نيا 42 [MASK] سفر حج [MASK] 43 - سفر زكريا [MASK] - سفر ملا ##خ ##ى 45 - سفر المك ##ابي ##ين [MASK] 46 - سفر ##منح [MASK] [MASK] [SEP]
I1024 04:15:54.869040 47939261908032 create_pretraining_data.py:151] tokens: [CLS] ##ومان ##س اهم برامج وشروحات [MASK] ملفات قنوات القسم بي ##وسات - هي ##ومان ##س اوري ##ون - بور ##سك ##ا ##ى - سيت ##زن الار ##يون والاج ##ه ##زة الش ##بيه ##ة سيت ##زن - ستار ##في ##جن والاج ##ه ##زة [MASK] [MASK] [MASK] ملفات القنوات اهم مواضيع للق ##سم توب فيلد - جولد ماستر - كام ##رى اهم برامج وشروحات توب [SEP] سفر عام ##وس 36 - سفر عو ##بد ##يا 37 - سفر يونا ##ن 38 سيدات سفر [MASK] [MASK] [MASK] - سفر ناح ##وم 40 [MASK] سفر حب ##قوق 41 - سفر صف ##نيا 42 [MASK] سفر حج [MASK] 43 - سفر زكريا [MASK] - سفر ملا ##خ ##ى 45 - سفر المك ##ابي ##ين [MASK] 46 - سفر ##منح [MASK] [MASK] [SEP]
INFO:tensorflow:input_ids: 2 5642 1033 3802 2997 7052 4 4094 6128 3438 2260 15488 17 2247 5642 1033 23589 1922 17 4362 3617 1007 1102 17 4326 3104 11340 2281 5989 1028 2307 1966 2872 1043 4326 3104 17 5017 2007 2736 5989 1028 2307 4 4 4 4094 4601 3802 4483 3178 1984 9321 23221 17 16832 21089 17 3648 3719 3802 2997 7052 9321 3 7474 2268 2109 6676 17 7474 26982 2041 1937 7414 17 7474 10231 1006 7574 12205 7474 4 4 4 17 7474 7774 1967 4986 4 7474 3151 5303 10212 17 7474 3042 2545 8483 4 7474 7617 4 9086 17 7474 15749 4 17 7474 4288 1036 1102 5755 17 7474 4036 3748 1911 4 9483 17 7474 23416 4 4 3
I1024 04:15:54.869265 47939261908032 create_pretraining_data.py:161] input_ids: 2 5642 1033 3802 2997 7052 4 4094 6128 3438 2260 15488 17 2247 5642 1033 23589 1922 17 4362 3617 1007 1102 17 4326 3104 11340 2281 5989 1028 2307 1966 2872 1043 4326 3104 17 5017 2007 2736 5989 1028 2307 4 4 4 4094 4601 3802 4483 3178 1984 9321 23221 17 16832 21089 17 3648 3719 3802 2997 7052 9321 3 7474 2268 2109 6676 17 7474 26982 2041 1937 7414 17 7474 10231 1006 7574 12205 7474 4 4 4 17 7474 7774 1967 4986 4 7474 3151 5303 10212 17 7474 3042 2545 8483 4 7474 7617 4 9086 17 7474 15749 4 17 7474 4288 1036 1102 5755 17 7474 4036 3748 1911 4 9483 17 7474 23416 4 4 3
INFO:tensorflow:input_mask: 1 1 1 1 1 1 1 1 1 1 1 1 1 1 1 1 1 1 1 1 1 1 1 1 1 1 1 1 1 1 1 1 1 1 1 1 1 1 1 1 1 1 1 1 1 1 1 1 1 1 1 1 1 1 1 1 1 1 1 1 1 1 1 1 1 1 1 1 1 1 1 1 1 1 1 1 1 1 1 1 1 1 1 1 1 1 1 1 1 1 1 1 1 1 1 1 1 1 1 1 1 1 1 1 1 1 1 1 1 1 1 1 1 1 1 1 1 1 1 1 1 1 1 1 1 1 1 1
I1024 04:15:54.869443 47939261908032 create_pretraining_data.py:161] input_mask: 1 1 1 1 1 1 1 1 1 1 1 1 1 1 1 1 1 1 1 1 1 1 1 1 1 1 1 1 1 1 1 1 1 1 1 1 1 1 1 1 1 1 1 1 1 1 1 1 1 1 1 1 1 1 1 1 1 1 1 1 1 1 1 1 1 1 1 1 1 1 1 1 1 1 1 1 1 1 1 1 1 1 1 1 1 1 1 1 1 1 1 1 1 1 1 1 1 1 1 1 1 1 1 1 1 1 1 1 1 1 1 1 1 1 1 1 1 1 1 1 1 1 1 1 1 1 1 1
INFO:tensorflow:segment_ids: 0 0 0 0 0 0 0 0 0 0 0 0 0 0 0 0 0 0 0 0 0 0 0 0 0 0 0 0 0 0 0 0 0 0 0 0 0 0 0 0 0 0 0 0 0 0 0 0 0 0 0 0 0 0 0 0 0 0 0 0 0 0 0 0 0 1 1 1 1 1 1 1 1 1 1 1 1 1 1 1 1 1 1 1 1 1 1 1 1 1 1 1 1 1 1 1 1 1 1 1 1 1 1 1 1 1 1 1 1 1 1 1 1 1 1 1 1 1 1 1 1 1 1 1 1 1 1 1
I1024 04:15:54.869619 47939261908032 create_pretraining_data.py:161] segment_ids: 0 0 0 0 0 0 0 0 0 0 0 0 0 0 0 0 0 0 0 0 0 0 0 0 0 0 0 0 0 0 0 0 0 0 0 0 0 0 0 0 0 0 0 0 0 0 0 0 0 0 0 0 0 0 0 0 0 0 0 0 0 0 0 0 0 1 1 1 1 1 1 1 1 1 1 1 1 1 1 1 1 1 1 1 1 1 1 1 1 1 1 1 1 1 1 1 1 1 1 1 1 1 1 1 1 1 1 1 1 1 1 1 1 1 1 1 1 1 1 1 1 1 1 1 1 1 1 1
INFO:tensorflow:masked_lm_positions: 6 43 44 45 80 82 83 84 90 99 100 102 103 108 110 120 124 125 126 0
I1024 04:15:54.869768 47939261908032 create_pretraining_data.py:161] masked_lm_positions: 6 43 44 45 80 82 83 84 90 99 100 102 103 108 110 120 124 125 126 0
INFO:tensorflow:masked_lm_ids: 3438 1966 2872 1043 17 28589 1007 8308 17 8483 17 7617 1102 7695 7474 3307 4036 3748 1911 0
I1024 04:15:54.869892 47939261908032 create_pretraining_data.py:161] masked_lm_ids: 3438 1966 2872 1043 17 28589 1007 8308 17 8483 17 7617 1102 7695 7474 3307 4036 3748 1911 0
INFO:tensorflow:masked_lm_weights: 1.0 1.0 1.0 1.0 1.0 1.0 1.0 1.0 1.0 1.0 1.0 1.0 1.0 1.0 1.0 1.0 1.0 1.0 1.0 0.0
I1024 04:15:54.870015 47939261908032 create_pretraining_data.py:161] masked_lm_weights: 1.0 1.0 1.0 1.0 1.0 1.0 1.0 1.0 1.0 1.0 1.0 1.0 1.0 1.0 1.0 1.0 1.0 1.0 1.0 0.0
INFO:tensorflow:next_sentence_labels: 1
I1024 04:15:54.870127 47939261908032 create_pretraining_data.py:161] next_sentence_labels: 1
INFO:tensorflow:*** Example ***
I1024 04:15:54.871016 47939261908032 create_pretraining_data.py:149] *** Example ***
INFO:tensorflow:tokens: [CLS] [MASK] : رد : موقع لعمل البن ##رات - الاز ##ار - [MASK] وكل ##ها فلاش ##يه [MASK] - / معنا فقط الأربعاء سبتمبر 02 , 2009 [MASK] : 05 am [SEP] لت ##وقيت الصيفي ( D ##ST ) هو تقديم الساعة لسا ##عة واحدة عن الوقت الأصلي أثناء شهور الصيف ، وإع ##ادته ##ا مجددا إلى التوقيت الأصلي في الخريف ، وذلك [MASK] [MASK] ضوء النهار الطبيعي بأفضل طريقة [MASK] [SEP]
I1024 04:15:54.871207 47939261908032 create_pretraining_data.py:151] tokens: [CLS] [MASK] : رد : موقع لعمل البن ##رات - الاز ##ار - [MASK] وكل ##ها فلاش ##يه [MASK] - / معنا فقط الأربعاء سبتمبر 02 , 2009 [MASK] : 05 am [SEP] لت ##وقيت الصيفي ( D ##ST ) هو تقديم الساعة لسا ##عة واحدة عن الوقت الأصلي أثناء شهور الصيف ، وإع ##ادته ##ا مجددا إلى التوقيت الأصلي في الخريف ، وذلك [MASK] [MASK] ضوء النهار الطبيعي بأفضل طريقة [MASK] [SEP]
INFO:tensorflow:input_ids: 2 4 30 3535 30 2867 15205 3852 2401 17 4825 1909 17 4 3453 1913 13789 1988 4 17 19 4798 2574 5318 5100 5943 16 5743 4 30 2819 10474 3 2219 22045 23495 12 40 10467 13 2139 4495 4578 28929 2029 4234 1955 3021 12824 5273 10065 7723 378 19394 22411 1007 9683 2045 13803 12824 1912 21846 378 3133 4 4 9032 6321 7309 23241 5330 4 3 0 0 0 0 0 0 0 0 0 0 0 0 0 0 0 0 0 0 0 0 0 0 0 0 0 0 0 0 0 0 0 0 0 0 0 0 0 0 0 0 0 0 0 0 0 0 0 0 0 0 0 0 0 0 0
I1024 04:15:54.871413 47939261908032 create_pretraining_data.py:161] input_ids: 2 4 30 3535 30 2867 15205 3852 2401 17 4825 1909 17 4 3453 1913 13789 1988 4 17 19 4798 2574 5318 5100 5943 16 5743 4 30 2819 10474 3 2219 22045 23495 12 40 10467 13 2139 4495 4578 28929 2029 4234 1955 3021 12824 5273 10065 7723 378 19394 22411 1007 9683 2045 13803 12824 1912 21846 378 3133 4 4 9032 6321 7309 23241 5330 4 3 0 0 0 0 0 0 0 0 0 0 0 0 0 0 0 0 0 0 0 0 0 0 0 0 0 0 0 0 0 0 0 0 0 0 0 0 0 0 0 0 0 0 0 0 0 0 0 0 0 0 0 0 0 0 0
INFO:tensorflow:input_mask: 1 1 1 1 1 1 1 1 1 1 1 1 1 1 1 1 1 1 1 1 1 1 1 1 1 1 1 1 1 1 1 1 1 1 1 1 1 1 1 1 1 1 1 1 1 1 1 1 1 1 1 1 1 1 1 1 1 1 1 1 1 1 1 1 1 1 1 1 1 1 1 1 1 0 0 0 0 0 0 0 0 0 0 0 0 0 0 0 0 0 0 0 0 0 0 0 0 0 0 0 0 0 0 0 0 0 0 0 0 0 0 0 0 0 0 0 0 0 0 0 0 0 0 0 0 0 0 0
I1024 04:15:54.871590 47939261908032 create_pretraining_data.py:161] input_mask: 1 1 1 1 1 1 1 1 1 1 1 1 1 1 1 1 1 1 1 1 1 1 1 1 1 1 1 1 1 1 1 1 1 1 1 1 1 1 1 1 1 1 1 1 1 1 1 1 1 1 1 1 1 1 1 1 1 1 1 1 1 1 1 1 1 1 1 1 1 1 1 1 1 0 0 0 0 0 0 0 0 0 0 0 0 0 0 0 0 0 0 0 0 0 0 0 0 0 0 0 0 0 0 0 0 0 0 0 0 0 0 0 0 0 0 0 0 0 0 0 0 0 0 0 0 0 0 0
INFO:tensorflow:segment_ids: 0 0 0 0 0 0 0 0 0 0 0 0 0 0 0 0 0 0 0 0 0 0 0 0 0 0 0 0 0 0 0 0 0 1 1 1 1 1 1 1 1 1 1 1 1 1 1 1 1 1 1 1 1 1 1 1 1 1 1 1 1 1 1 1 1 1 1 1 1 1 1 1 1 0 0 0 0 0 0 0 0 0 0 0 0 0 0 0 0 0 0 0 0 0 0 0 0 0 0 0 0 0 0 0 0 0 0 0 0 0 0 0 0 0 0 0 0 0 0 0 0 0 0 0 0 0 0 0
I1024 04:15:54.873478 47939261908032 create_pretraining_data.py:161] segment_ids: 0 0 0 0 0 0 0 0 0 0 0 0 0 0 0 0 0 0 0 0 0 0 0 0 0 0 0 0 0 0 0 0 0 1 1 1 1 1 1 1 1 1 1 1 1 1 1 1 1 1 1 1 1 1 1 1 1 1 1 1 1 1 1 1 1 1 1 1 1 1 1 1 1 0 0 0 0 0 0 0 0 0 0 0 0 0 0 0 0 0 0 0 0 0 0 0 0 0 0 0 0 0 0 0 0 0 0 0 0 0 0 0 0 0 0 0 0 0 0 0 0 0 0 0 0 0 0 0
INFO:tensorflow:masked_lm_positions: 1 3 13 18 22 28 47 59 64 65 71 0 0 0 0 0 0 0 0 0
I1024 04:15:54.873638 47939261908032 create_pretraining_data.py:161] masked_lm_positions: 1 3 13 18 22 28 47 59 64 65 71 0 0 0 0 0 0 0 0 0
INFO:tensorflow:masked_lm_ids: 4030 3535 5478 19 2574 2780 3021 12824 23334 1908 18 0 0 0 0 0 0 0 0 0
I1024 04:15:54.873762 47939261908032 create_pretraining_data.py:161] masked_lm_ids: 4030 3535 5478 19 2574 2780 3021 12824 23334 1908 18 0 0 0 0 0 0 0 0 0
INFO:tensorflow:masked_lm_weights: 1.0 1.0 1.0 1.0 1.0 1.0 1.0 1.0 1.0 1.0 1.0 0.0 0.0 0.0 0.0 0.0 0.0 0.0 0.0 0.0
I1024 04:15:54.873885 47939261908032 create_pretraining_data.py:161] masked_lm_weights: 1.0 1.0 1.0 1.0 1.0 1.0 1.0 1.0 1.0 1.0 1.0 0.0 0.0 0.0 0.0 0.0 0.0 0.0 0.0 0.0
INFO:tensorflow:next_sentence_labels: 1
I1024 04:15:54.873997 47939261908032 create_pretraining_data.py:161] next_sentence_labels: 1
INFO:tensorflow:*** Example ***
I1024 04:15:54.874895 47939261908032 create_pretraining_data.py:149] *** Example ***
INFO:tensorflow:tokens: [CLS] سفيان بن فرحا ##ت : النهضة [MASK] [MASK] الشاهد والذ ##ئاب ترت ##ع بين القص ##بة وقر ##طا ##ج والاتحاد عاز ##م على المواجهة ( فيديو ) [SEP] → او المعاملات او الضمان ولا يقدم خدمات الضمان ، أو تقديم " [MASK] للمش ##تر ##ي " أو [MASK] توثيق [MASK] [MASK] [MASK] اشر ##ها ك . . . اشر ##ها كبري ##د [MASK] ##ج اشر ##ها [MASK] [MASK] مبوبة اشر ##ها كم ##كررة اشر ##ها كمن ##تهي ##ة الصلاح ##ية اشر ##ها كع ##دا ##ئي افضل واحد ##ث جهاز كاش ##ف [MASK] g ##p ##x 5000 احصل على افضل [MASK] للا ##ق ##وى كاش ##ف الذهب الخام القديم والك ##نو ##ز الدف ##ينة والمع ##ادن الاثر ##ية تحت الارض [MASK] [MASK] [MASK] [MASK] تكنولوجيا متطورة [MASK] [SEP]
I1024 04:15:54.875117 47939261908032 create_pretraining_data.py:151] tokens: [CLS] سفيان بن فرحا ##ت : النهضة [MASK] [MASK] الشاهد والذ ##ئاب ترت ##ع بين القص ##بة وقر ##طا ##ج والاتحاد عاز ##م على المواجهة ( فيديو ) [SEP] → او المعاملات او الضمان ولا يقدم خدمات الضمان ، أو تقديم " [MASK] للمش ##تر ##ي " أو [MASK] توثيق [MASK] [MASK] [MASK] اشر ##ها ك . . . اشر ##ها كبري ##د [MASK] ##ج اشر ##ها [MASK] [MASK] مبوبة اشر ##ها كم ##كررة اشر ##ها كمن ##تهي ##ة الصلاح ##ية اشر ##ها كع ##دا ##ئي افضل واحد ##ث جهاز كاش ##ف [MASK] g ##p ##x 5000 احصل على افضل [MASK] للا ##ق ##وى كاش ##ف الذهب الخام القديم والك ##نو ##ز الدف ##ينة والمع ##ادن الاثر ##ية تحت الارض [MASK] [MASK] [MASK] [MASK] تكنولوجيا متطورة [MASK] [SEP]
INFO:tensorflow:input_ids: 2 11300 2040 11786 1005 30 13688 4 4 20934 5887 10647 6021 1009 2117 3132 2215 12964 3350 1041 13515 13242 1015 1961 15753 12 3507 13 3 643 2213 18810 2213 9972 2086 5234 4725 9972 378 2075 4495 6 4 8344 2582 1013 6 2075 4 11893 4 4 4 22535 1913 410 18 18 18 22535 1913 18302 1016 4 1041 22535 1913 4 4 29485 22535 1913 2995 16500 22535 1913 16262 7783 1043 14489 1910 22535 1913 16102 2060 2930 2931 2563 1039 5480 14472 1037 4 75 1087 1068 25315 23741 1961 2931 4 2383 1011 2254 14472 1037 6472 4143 7334 3764 11993 1008 20566 2583 4045 9009 18934 1910 2538 3981 4 4 4 4 11192 22502 4 3
I1024 04:15:54.875326 47939261908032 create_pretraining_data.py:161] input_ids: 2 11300 2040 11786 1005 30 13688 4 4 20934 5887 10647 6021 1009 2117 3132 2215 12964 3350 1041 13515 13242 1015 1961 15753 12 3507 13 3 643 2213 18810 2213 9972 2086 5234 4725 9972 378 2075 4495 6 4 8344 2582 1013 6 2075 4 11893 4 4 4 22535 1913 410 18 18 18 22535 1913 18302 1016 4 1041 22535 1913 4 4 29485 22535 1913 2995 16500 22535 1913 16262 7783 1043 14489 1910 22535 1913 16102 2060 2930 2931 2563 1039 5480 14472 1037 4 75 1087 1068 25315 23741 1961 2931 4 2383 1011 2254 14472 1037 6472 4143 7334 3764 11993 1008 20566 2583 4045 9009 18934 1910 2538 3981 4 4 4 4 11192 22502 4 3
INFO:tensorflow:input_mask: 1 1 1 1 1 1 1 1 1 1 1 1 1 1 1 1 1 1 1 1 1 1 1 1 1 1 1 1 1 1 1 1 1 1 1 1 1 1 1 1 1 1 1 1 1 1 1 1 1 1 1 1 1 1 1 1 1 1 1 1 1 1 1 1 1 1 1 1 1 1 1 1 1 1 1 1 1 1 1 1 1 1 1 1 1 1 1 1 1 1 1 1 1 1 1 1 1 1 1 1 1 1 1 1 1 1 1 1 1 1 1 1 1 1 1 1 1 1 1 1 1 1 1 1 1 1 1 1
I1024 04:15:54.875524 47939261908032 create_pretraining_data.py:161] input_mask: 1 1 1 1 1 1 1 1 1 1 1 1 1 1 1 1 1 1 1 1 1 1 1 1 1 1 1 1 1 1 1 1 1 1 1 1 1 1 1 1 1 1 1 1 1 1 1 1 1 1 1 1 1 1 1 1 1 1 1 1 1 1 1 1 1 1 1 1 1 1 1 1 1 1 1 1 1 1 1 1 1 1 1 1 1 1 1 1 1 1 1 1 1 1 1 1 1 1 1 1 1 1 1 1 1 1 1 1 1 1 1 1 1 1 1 1 1 1 1 1 1 1 1 1 1 1 1 1
INFO:tensorflow:segment_ids: 0 0 0 0 0 0 0 0 0 0 0 0 0 0 0 0 0 0 0 0 0 0 0 0 0 0 0 0 0 1 1 1 1 1 1 1 1 1 1 1 1 1 1 1 1 1 1 1 1 1 1 1 1 1 1 1 1 1 1 1 1 1 1 1 1 1 1 1 1 1 1 1 1 1 1 1 1 1 1 1 1 1 1 1 1 1 1 1 1 1 1 1 1 1 1 1 1 1 1 1 1 1 1 1 1 1 1 1 1 1 1 1 1 1 1 1 1 1 1 1 1 1 1 1 1 1 1 1
I1024 04:15:54.875712 47939261908032 create_pretraining_data.py:161] segment_ids: 0 0 0 0 0 0 0 0 0 0 0 0 0 0 0 0 0 0 0 0 0 0 0 0 0 0 0 0 0 1 1 1 1 1 1 1 1 1 1 1 1 1 1 1 1 1 1 1 1 1 1 1 1 1 1 1 1 1 1 1 1 1 1 1 1 1 1 1 1 1 1 1 1 1 1 1 1 1 1 1 1 1 1 1 1 1 1 1 1 1 1 1 1 1 1 1 1 1 1 1 1 1 1 1 1 1 1 1 1 1 1 1 1 1 1 1 1 1 1 1 1 1 1 1 1 1 1 1
INFO:tensorflow:masked_lm_positions: 7 8 29 42 48 50 51 52 63 64 67 68 92 100 120 121 122 123 126 0
I1024 04:15:54.875829 47939261908032 create_pretraining_data.py:161] masked_lm_positions: 7 8 29 42 48 50 51 52 63 64 67 68 92 100 120 121 122 123 126 0
INFO:tensorflow:masked_lm_ids: 3209 14463 378 6455 6 2809 5088 6 26093 1041 410 2351 19871 5339 2156 2187 1016 1039 1912 0
I1024 04:15:54.875922 47939261908032 create_pretraining_data.py:161] masked_lm_ids: 3209 14463 378 6455 6 2809 5088 6 26093 1041 410 2351 19871 5339 2156 2187 1016 1039 1912 0
INFO:tensorflow:masked_lm_weights: 1.0 1.0 1.0 1.0 1.0 1.0 1.0 1.0 1.0 1.0 1.0 1.0 1.0 1.0 1.0 1.0 1.0 1.0 1.0 0.0
I1024 04:15:54.876016 47939261908032 create_pretraining_data.py:161] masked_lm_weights: 1.0 1.0 1.0 1.0 1.0 1.0 1.0 1.0 1.0 1.0 1.0 1.0 1.0 1.0 1.0 1.0 1.0 1.0 1.0 0.0
INFO:tensorflow:next_sentence_labels: 1
I1024 04:15:54.876101 47939261908032 create_pretraining_data.py:161] next_sentence_labels: 1
INFO:tensorflow:*** Example ***
I1024 04:15:54.876807 47939261908032 create_pretraining_data.py:149] *** Example ***
INFO:tensorflow:tokens: [CLS] [MASK] حالنا الزائر ##ين تت ##واف ##د إلى مزا ##ر إبراهيم بن مالك الأش ##تر ( رضي الله عنه [MASK] [MASK] شهادة الإمام [MASK] العسكري ( عليه السلام ) [SEP] هذه المشكلة عبر الإدارة المحسن ##ة للح ##الة . يتم تقديم المعلومات حول [MASK] [MASK] لم تصنع ##ها [MASK] Apple [MASK] مواقع [MASK] المستقلة التي لا تخضع للمر ##اقبة أو [MASK] [MASK] جانب Apple بدون توصيات أو [MASK] . بطرق تتحمل Apple أية مسؤولية فيما يتعلق [MASK] مواقع الويب والمنتجات التابعة لج ##هات خارجية أو أد ##ائها أو استخدامها . ولا تقدم شركة Apple أية ضمانات فيما يتعلق بدقة أو موث ##وقية مواقع الويب التابعة لج ##هات خارجية . المخاطر ملا ##زمة لاستخدام الإنترنت إد للحصول على مزيد من المعلومات [MASK] يمكنك الاتصال بالب ##ائع . [SEP]
I1024 04:15:54.876978 47939261908032 create_pretraining_data.py:151] tokens: [CLS] [MASK] حالنا الزائر ##ين تت ##واف ##د إلى مزا ##ر إبراهيم بن مالك الأش ##تر ( رضي الله عنه [MASK] [MASK] شهادة الإمام [MASK] العسكري ( عليه السلام ) [SEP] هذه المشكلة عبر الإدارة المحسن ##ة للح ##الة . يتم تقديم المعلومات حول [MASK] [MASK] لم تصنع ##ها [MASK] Apple [MASK] مواقع [MASK] المستقلة التي لا تخضع للمر ##اقبة أو [MASK] [MASK] جانب Apple بدون توصيات أو [MASK] . بطرق تتحمل Apple أية مسؤولية فيما يتعلق [MASK] مواقع الويب والمنتجات التابعة لج ##هات خارجية أو أد ##ائها أو استخدامها . ولا تقدم شركة Apple أية ضمانات فيما يتعلق بدقة أو موث ##وقية مواقع الويب التابعة لج ##هات خارجية . المخاطر ملا ##زمة لاستخدام الإنترنت إد للحصول على مزيد من المعلومات [MASK] يمكنك الاتصال بالب ##ائع . [SEP]
INFO:tensorflow:input_ids: 2 4 25980 12392 1911 2201 4717 1016 2045 16399 1017 4880 2040 4979 3988 2582 12 4309 1953 2891 4 4 7090 5218 4 4849 12 2181 2795 13 3 2159 8247 2830 5070 29322 1043 2773 2343 18 2952 4495 3939 2528 4 4 2043 13363 1913 4 25542 4 3989 4 15355 2061 1963 18308 12632 28909 2075 4 4 4282 25542 3279 16408 2075 4 18 22165 10277 25542 9818 7795 3200 5328 4 3989 14860 14874 6953 2672 27067 10868 2075 3293 6532 2075 12358 18 2086 3868 2753 25542 9818 15243 3200 5328 18162 2075 16874 14330 3989 14860 6953 2672 27067 10868 18 12773 4288 3651 17232 5865 4241 6608 1961 8309 1908 3939 4 4521 5958 4963 5088 18 3
I1024 04:15:54.877153 47939261908032 create_pretraining_data.py:161] input_ids: 2 4 25980 12392 1911 2201 4717 1016 2045 16399 1017 4880 2040 4979 3988 2582 12 4309 1953 2891 4 4 7090 5218 4 4849 12 2181 2795 13 3 2159 8247 2830 5070 29322 1043 2773 2343 18 2952 4495 3939 2528 4 4 2043 13363 1913 4 25542 4 3989 4 15355 2061 1963 18308 12632 28909 2075 4 4 4282 25542 3279 16408 2075 4 18 22165 10277 25542 9818 7795 3200 5328 4 3989 14860 14874 6953 2672 27067 10868 2075 3293 6532 2075 12358 18 2086 3868 2753 25542 9818 15243 3200 5328 18162 2075 16874 14330 3989 14860 6953 2672 27067 10868 18 12773 4288 3651 17232 5865 4241 6608 1961 8309 1908 3939 4 4521 5958 4963 5088 18 3
INFO:tensorflow:input_mask: 1 1 1 1 1 1 1 1 1 1 1 1 1 1 1 1 1 1 1 1 1 1 1 1 1 1 1 1 1 1 1 1 1 1 1 1 1 1 1 1 1 1 1 1 1 1 1 1 1 1 1 1 1 1 1 1 1 1 1 1 1 1 1 1 1 1 1 1 1 1 1 1 1 1 1 1 1 1 1 1 1 1 1 1 1 1 1 1 1 1 1 1 1 1 1 1 1 1 1 1 1 1 1 1 1 1 1 1 1 1 1 1 1 1 1 1 1 1 1 1 1 1 1 1 1 1 1 1
I1024 04:15:54.877288 47939261908032 create_pretraining_data.py:161] input_mask: 1 1 1 1 1 1 1 1 1 1 1 1 1 1 1 1 1 1 1 1 1 1 1 1 1 1 1 1 1 1 1 1 1 1 1 1 1 1 1 1 1 1 1 1 1 1 1 1 1 1 1 1 1 1 1 1 1 1 1 1 1 1 1 1 1 1 1 1 1 1 1 1 1 1 1 1 1 1 1 1 1 1 1 1 1 1 1 1 1 1 1 1 1 1 1 1 1 1 1 1 1 1 1 1 1 1 1 1 1 1 1 1 1 1 1 1 1 1 1 1 1 1 1 1 1 1 1 1
INFO:tensorflow:segment_ids: 0 0 0 0 0 0 0 0 0 0 0 0 0 0 0 0 0 0 0 0 0 0 0 0 0 0 0 0 0 0 0 1 1 1 1 1 1 1 1 1 1 1 1 1 1 1 1 1 1 1 1 1 1 1 1 1 1 1 1 1 1 1 1 1 1 1 1 1 1 1 1 1 1 1 1 1 1 1 1 1 1 1 1 1 1 1 1 1 1 1 1 1 1 1 1 1 1 1 1 1 1 1 1 1 1 1 1 1 1 1 1 1 1 1 1 1 1 1 1 1 1 1 1 1 1 1 1 1
I1024 04:15:54.877414 47939261908032 create_pretraining_data.py:161] segment_ids: 0 0 0 0 0 0 0 0 0 0 0 0 0 0 0 0 0 0 0 0 0 0 0 0 0 0 0 0 0 0 0 1 1 1 1 1 1 1 1 1 1 1 1 1 1 1 1 1 1 1 1 1 1 1 1 1 1 1 1 1 1 1 1 1 1 1 1 1 1 1 1 1 1 1 1 1 1 1 1 1 1 1 1 1 1 1 1 1 1 1 1 1 1 1 1 1 1 1 1 1 1 1 1 1 1 1 1 1 1 1 1 1 1 1 1 1 1 1 1 1 1 1 1 1 1 1 1 1
INFO:tensorflow:masked_lm_positions: 1 2 16 19 20 21 24 44 45 49 51 53 61 62 68 70 77 115 121 0
I1024 04:15:54.877508 47939261908032 create_pretraining_data.py:161] masked_lm_positions: 1 2 16 19 20 21 24 44 45 49 51 53 61 62 68 70 77 115 121 0
INFO:tensorflow:masked_lm_ids: 4923 2095 12 2891 13 29119 4590 6754 2061 2753 2075 14860 14157 1908 12547 2086 22863 18 378 0
I1024 04:15:54.877616 47939261908032 create_pretraining_data.py:161] masked_lm_ids: 4923 2095 12 2891 13 29119 4590 6754 2061 2753 2075 14860 14157 1908 12547 2086 22863 18 378 0
INFO:tensorflow:masked_lm_weights: 1.0 1.0 1.0 1.0 1.0 1.0 1.0 1.0 1.0 1.0 1.0 1.0 1.0 1.0 1.0 1.0 1.0 1.0 1.0 0.0
I1024 04:15:54.877712 47939261908032 create_pretraining_data.py:161] masked_lm_weights: 1.0 1.0 1.0 1.0 1.0 1.0 1.0 1.0 1.0 1.0 1.0 1.0 1.0 1.0 1.0 1.0 1.0 1.0 1.0 0.0
INFO:tensorflow:next_sentence_labels: 1
I1024 04:15:54.877795 47939261908032 create_pretraining_data.py:161] next_sentence_labels: 1
INFO:tensorflow:*** Example ***
I1024 04:15:54.878497 47939261908032 create_pretraining_data.py:149] *** Example ***
INFO:tensorflow:tokens: [CLS] مشروع قانون المالية 2019 [MASK] لجنة المالية تدر ##ج مادة لقا ##بلي ##ة [MASK] عن السكن ##ات العمومية بعد مرور [MASK] [SEP] نحن يمكن أن تأخذ الرعاية من [MASK] دقيقة زهرة أوامر أو يمكنك حجز باقة جميلة من الزهور ، أشهر [MASK] [MASK] الزهور الإنترنت شبكة [MASK] دولية المرتبطة بالعديد [MASK] بائع ##ي الرائدة العالم . ونحن واحدة من ترف [MASK] الزهور الدولية الرائدة التي تتيح توصيل [MASK] [MASK] أكثر من 30 بلدا . فريق ##نا بائع ##ي المهنية المتخصصة في نوعية [MASK] والن ##باتات وس ##لال الهدايا ونحن الشهيرة لخدمة [MASK] كبيرة . [SEP]
I1024 04:15:54.878662 47939261908032 create_pretraining_data.py:151] tokens: [CLS] مشروع قانون المالية 2019 [MASK] لجنة المالية تدر ##ج مادة لقا ##بلي ##ة [MASK] عن السكن ##ات العمومية بعد مرور [MASK] [SEP] نحن يمكن أن تأخذ الرعاية من [MASK] دقيقة زهرة أوامر أو يمكنك حجز باقة جميلة من الزهور ، أشهر [MASK] [MASK] الزهور الإنترنت شبكة [MASK] دولية المرتبطة بالعديد [MASK] بائع ##ي الرائدة العالم . ونحن واحدة من ترف [MASK] الزهور الدولية الرائدة التي تتيح توصيل [MASK] [MASK] أكثر من 30 بلدا . فريق ##نا بائع ##ي المهنية المتخصصة في نوعية [MASK] والن ##باتات وس ##لال الهدايا ونحن الشهيرة لخدمة [MASK] كبيرة . [SEP]
INFO:tensorflow:input_ids: 2 3680 3623 4331 6574 4 4529 4331 16581 1041 5050 18999 3476 1043 4 1955 8626 1904 9305 2089 7494 4 3 3252 2490 1979 13903 10905 1908 4 7536 21298 27309 2075 4521 11439 20908 10652 1908 16318 378 5912 4 4 16318 5865 5595 4 10012 17827 25480 4 27445 1013 16919 2337 18 4882 4234 1908 18583 4 16318 3917 16919 2061 18377 11279 4 4 2976 1908 3612 24676 18 3559 1914 27445 1013 10536 9362 1912 14067 4 3006 23578 2138 2046 16827 4882 14759 12668 4 3930 18 3 0 0 0 0 0 0 0 0 0 0 0 0 0 0 0 0 0 0 0 0 0 0 0 0 0 0 0 0 0 0 0 0
I1024 04:15:54.878817 47939261908032 create_pretraining_data.py:161] input_ids: 2 3680 3623 4331 6574 4 4529 4331 16581 1041 5050 18999 3476 1043 4 1955 8626 1904 9305 2089 7494 4 3 3252 2490 1979 13903 10905 1908 4 7536 21298 27309 2075 4521 11439 20908 10652 1908 16318 378 5912 4 4 16318 5865 5595 4 10012 17827 25480 4 27445 1013 16919 2337 18 4882 4234 1908 18583 4 16318 3917 16919 2061 18377 11279 4 4 2976 1908 3612 24676 18 3559 1914 27445 1013 10536 9362 1912 14067 4 3006 23578 2138 2046 16827 4882 14759 12668 4 3930 18 3 0 0 0 0 0 0 0 0 0 0 0 0 0 0 0 0 0 0 0 0 0 0 0 0 0 0 0 0 0 0 0 0
INFO:tensorflow:input_mask: 1 1 1 1 1 1 1 1 1 1 1 1 1 1 1 1 1 1 1 1 1 1 1 1 1 1 1 1 1 1 1 1 1 1 1 1 1 1 1 1 1 1 1 1 1 1 1 1 1 1 1 1 1 1 1 1 1 1 1 1 1 1 1 1 1 1 1 1 1 1 1 1 1 1 1 1 1 1 1 1 1 1 1 1 1 1 1 1 1 1 1 1 1 1 1 1 0 0 0 0 0 0 0 0 0 0 0 0 0 0 0 0 0 0 0 0 0 0 0 0 0 0 0 0 0 0 0 0
I1024 04:15:54.878949 47939261908032 create_pretraining_data.py:161] input_mask: 1 1 1 1 1 1 1 1 1 1 1 1 1 1 1 1 1 1 1 1 1 1 1 1 1 1 1 1 1 1 1 1 1 1 1 1 1 1 1 1 1 1 1 1 1 1 1 1 1 1 1 1 1 1 1 1 1 1 1 1 1 1 1 1 1 1 1 1 1 1 1 1 1 1 1 1 1 1 1 1 1 1 1 1 1 1 1 1 1 1 1 1 1 1 1 1 0 0 0 0 0 0 0 0 0 0 0 0 0 0 0 0 0 0 0 0 0 0 0 0 0 0 0 0 0 0 0 0
INFO:tensorflow:segment_ids: 0 0 0 0 0 0 0 0 0 0 0 0 0 0 0 0 0 0 0 0 0 0 0 1 1 1 1 1 1 1 1 1 1 1 1 1 1 1 1 1 1 1 1 1 1 1 1 1 1 1 1 1 1 1 1 1 1 1 1 1 1 1 1 1 1 1 1 1 1 1 1 1 1 1 1 1 1 1 1 1 1 1 1 1 1 1 1 1 1 1 1 1 1 1 1 1 0 0 0 0 0 0 0 0 0 0 0 0 0 0 0 0 0 0 0 0 0 0 0 0 0 0 0 0 0 0 0 0
I1024 04:15:54.879091 47939261908032 create_pretraining_data.py:161] segment_ids: 0 0 0 0 0 0 0 0 0 0 0 0 0 0 0 0 0 0 0 0 0 0 0 1 1 1 1 1 1 1 1 1 1 1 1 1 1 1 1 1 1 1 1 1 1 1 1 1 1 1 1 1 1 1 1 1 1 1 1 1 1 1 1 1 1 1 1 1 1 1 1 1 1 1 1 1 1 1 1 1 1 1 1 1 1 1 1 1 1 1 1 1 1 1 1 1 0 0 0 0 0 0 0 0 0 0 0 0 0 0 0 0 0 0 0 0 0 0 0 0 0 0 0 0 0 0 0 0
INFO:tensorflow:masked_lm_positions: 5 14 21 29 42 43 47 51 60 61 68 69 83 92 0 0 0 0 0 0
I1024 04:15:54.879186 47939261908032 create_pretraining_data.py:161] masked_lm_positions: 5 14 21 29 42 43 47 51 60 61 68 69 83 92 0 0 0 0 0 0
INFO:tensorflow:masked_lm_ids: 30 28374 11905 2514 29384 18 10268 1908 27445 1013 16318 1912 16318 9873 0 0 0 0 0 0
I1024 04:15:54.879276 47939261908032 create_pretraining_data.py:161] masked_lm_ids: 30 28374 11905 2514 29384 18 10268 1908 27445 1013 16318 1912 16318 9873 0 0 0 0 0 0
INFO:tensorflow:masked_lm_weights: 1.0 1.0 1.0 1.0 1.0 1.0 1.0 1.0 1.0 1.0 1.0 1.0 1.0 1.0 0.0 0.0 0.0 0.0 0.0 0.0
I1024 04:15:54.879369 47939261908032 create_pretraining_data.py:161] masked_lm_weights: 1.0 1.0 1.0 1.0 1.0 1.0 1.0 1.0 1.0 1.0 1.0 1.0 1.0 1.0 0.0 0.0 0.0 0.0 0.0 0.0
INFO:tensorflow:next_sentence_labels: 1
I1024 04:15:54.879451 47939261908032 create_pretraining_data.py:161] next_sentence_labels: 1
INFO:tensorflow:*** Example ***
I1024 04:15:54.880153 47939261908032 create_pretraining_data.py:149] *** Example ***
INFO:tensorflow:tokens: [CLS] الأيام الثقافية الصيفية بمدينة راد ##س ، تظ ##اهرة ثقافية متنوعة تجمع عددا من العروض الموسيقية المتنوعة والم ##وجه ##ة لمخ ##ت ##لف الفئات والشر ##ائح [MASK] [MASK] في سياق [MASK] المتواصل ##ة لت ##ظاهرة " [MASK] مدن الفنون " التي تهدف إلى جعل الثقافة [MASK] قلب المدينة ، تش ##ع عليها بف ##نون ##ها وتحر ##ك في الذ ##وات [MASK] ##قة للتعبير [SEP] العروض الفنية التي [MASK] [MASK] [MASK] [MASK] الهواء الطلق بئر [MASK] [MASK] [MASK] ##س ، يوم الأحد 12 أوت ، بداية من [MASK] يتنا ليلا بعرض فرج ##وي للم ##وسيقى الروحية الصوفية ، بعنوان " حضر ##ة الأس ##ياد " ، يت ##لوه حفل استعراض ##ي طرب ##ي يوم 13 أوت يؤمن ##ه الفنان حسان الدوس ليكون [MASK] يوم 14 أوت مع [SEP]
I1024 04:15:54.880321 47939261908032 create_pretraining_data.py:151] tokens: [CLS] الأيام الثقافية الصيفية بمدينة راد ##س ، تظ ##اهرة ثقافية متنوعة تجمع عددا من العروض الموسيقية المتنوعة والم ##وجه ##ة لمخ ##ت ##لف الفئات والشر ##ائح [MASK] [MASK] في سياق [MASK] المتواصل ##ة لت ##ظاهرة " [MASK] مدن الفنون " التي تهدف إلى جعل الثقافة [MASK] قلب المدينة ، تش ##ع عليها بف ##نون ##ها وتحر ##ك في الذ ##وات [MASK] ##قة للتعبير [SEP] العروض الفنية التي [MASK] [MASK] [MASK] [MASK] الهواء الطلق بئر [MASK] [MASK] [MASK] ##س ، يوم الأحد 12 أوت ، بداية من [MASK] يتنا ليلا بعرض فرج ##وي للم ##وسيقى الروحية الصوفية ، بعنوان " حضر ##ة الأس ##ياد " ، يت ##لوه حفل استعراض ##ي طرب ##ي يوم 13 أوت يؤمن ##ه الفنان حسان الدوس ليكون [MASK] يوم 14 أوت مع [SEP]
INFO:tensorflow:input_ids: 2 6995 7475 20747 8020 12503 1033 378 23100 3440 14467 8390 4098 8236 1908 7538 19127 11369 2119 4358 1043 27107 1005 1946 15025 12367 5779 4 4 1912 13200 4 26248 1043 2219 15734 6 4 8403 10370 6 2061 10702 2045 4835 5788 4 2362 3959 378 2284 1009 2717 4304 4095 1913 19409 1014 1912 2031 2174 4 2059 25754 3 7538 5821 2061 4 4 4 4 8238 29394 14769 4 4 4 1033 378 2232 5557 2919 15832 378 4834 1908 4 22275 11423 16184 5976 1971 2189 17717 24028 25067 378 7478 6 8444 1043 2603 3277 6 378 2097 7677 5993 17763 1013 23616 1013 2232 3243 15832 10255 1028 4453 18149 11049 9580 4 2232 2951 15832 1973 3
I1024 04:15:54.880489 47939261908032 create_pretraining_data.py:161] input_ids: 2 6995 7475 20747 8020 12503 1033 378 23100 3440 14467 8390 4098 8236 1908 7538 19127 11369 2119 4358 1043 27107 1005 1946 15025 12367 5779 4 4 1912 13200 4 26248 1043 2219 15734 6 4 8403 10370 6 2061 10702 2045 4835 5788 4 2362 3959 378 2284 1009 2717 4304 4095 1913 19409 1014 1912 2031 2174 4 2059 25754 3 7538 5821 2061 4 4 4 4 8238 29394 14769 4 4 4 1033 378 2232 5557 2919 15832 378 4834 1908 4 22275 11423 16184 5976 1971 2189 17717 24028 25067 378 7478 6 8444 1043 2603 3277 6 378 2097 7677 5993 17763 1013 23616 1013 2232 3243 15832 10255 1028 4453 18149 11049 9580 4 2232 2951 15832 1973 3
INFO:tensorflow:input_mask: 1 1 1 1 1 1 1 1 1 1 1 1 1 1 1 1 1 1 1 1 1 1 1 1 1 1 1 1 1 1 1 1 1 1 1 1 1 1 1 1 1 1 1 1 1 1 1 1 1 1 1 1 1 1 1 1 1 1 1 1 1 1 1 1 1 1 1 1 1 1 1 1 1 1 1 1 1 1 1 1 1 1 1 1 1 1 1 1 1 1 1 1 1 1 1 1 1 1 1 1 1 1 1 1 1 1 1 1 1 1 1 1 1 1 1 1 1 1 1 1 1 1 1 1 1 1 1 1
I1024 04:15:54.880630 47939261908032 create_pretraining_data.py:161] input_mask: 1 1 1 1 1 1 1 1 1 1 1 1 1 1 1 1 1 1 1 1 1 1 1 1 1 1 1 1 1 1 1 1 1 1 1 1 1 1 1 1 1 1 1 1 1 1 1 1 1 1 1 1 1 1 1 1 1 1 1 1 1 1 1 1 1 1 1 1 1 1 1 1 1 1 1 1 1 1 1 1 1 1 1 1 1 1 1 1 1 1 1 1 1 1 1 1 1 1 1 1 1 1 1 1 1 1 1 1 1 1 1 1 1 1 1 1 1 1 1 1 1 1 1 1 1 1 1 1
INFO:tensorflow:segment_ids: 0 0 0 0 0 0 0 0 0 0 0 0 0 0 0 0 0 0 0 0 0 0 0 0 0 0 0 0 0 0 0 0 0 0 0 0 0 0 0 0 0 0 0 0 0 0 0 0 0 0 0 0 0 0 0 0 0 0 0 0 0 0 0 0 0 1 1 1 1 1 1 1 1 1 1 1 1 1 1 1 1 1 1 1 1 1 1 1 1 1 1 1 1 1 1 1 1 1 1 1 1 1 1 1 1 1 1 1 1 1 1 1 1 1 1 1 1 1 1 1 1 1 1 1 1 1 1 1
I1024 04:15:54.880758 47939261908032 create_pretraining_data.py:161] segment_ids: 0 0 0 0 0 0 0 0 0 0 0 0 0 0 0 0 0 0 0 0 0 0 0 0 0 0 0 0 0 0 0 0 0 0 0 0 0 0 0 0 0 0 0 0 0 0 0 0 0 0 0 0 0 0 0 0 0 0 0 0 0 0 0 0 0 1 1 1 1 1 1 1 1 1 1 1 1 1 1 1 1 1 1 1 1 1 1 1 1 1 1 1 1 1 1 1 1 1 1 1 1 1 1 1 1 1 1 1 1 1 1 1 1 1 1 1 1 1 1 1 1 1 1 1 1 1 1 1
INFO:tensorflow:masked_lm_positions: 27 28 31 37 46 61 62 68 69 70 71 75 76 77 78 87 88 113 122 0
I1024 04:15:54.880853 47939261908032 create_pretraining_data.py:161] masked_lm_positions: 27 28 31 37 46 61 62 68 69 70 71 75 76 77 78 87 88 113 122 0
INFO:tensorflow:masked_lm_ids: 29038 20447 12572 5407 1912 8575 2059 3315 9866 1913 7639 28747 8020 12503 1033 4578 13233 2232 14575 0
I1024 04:15:54.880944 47939261908032 create_pretraining_data.py:161] masked_lm_ids: 29038 20447 12572 5407 1912 8575 2059 3315 9866 1913 7639 28747 8020 12503 1033 4578 13233 2232 14575 0
INFO:tensorflow:masked_lm_weights: 1.0 1.0 1.0 1.0 1.0 1.0 1.0 1.0 1.0 1.0 1.0 1.0 1.0 1.0 1.0 1.0 1.0 1.0 1.0 0.0
I1024 04:15:54.881038 47939261908032 create_pretraining_data.py:161] masked_lm_weights: 1.0 1.0 1.0 1.0 1.0 1.0 1.0 1.0 1.0 1.0 1.0 1.0 1.0 1.0 1.0 1.0 1.0 1.0 1.0 0.0
INFO:tensorflow:next_sentence_labels: 0
I1024 04:15:54.881121 47939261908032 create_pretraining_data.py:161] next_sentence_labels: 0
INFO:tensorflow:*** Example ***
I1024 04:15:54.881810 47939261908032 create_pretraining_data.py:149] *** Example ***
INFO:tensorflow:tokens: [CLS] فهو [MASK] مركب ومن ##دمج [MASK] كونك وتجارب وص ##بوا ##ت ص ##هره ##ا كي [MASK] فن الكر ##افي ##ك يؤكد انه [MASK] [MASK] ، ولا يتم ##اث ##ل ، بل يختلف داخل مسار الأسر ##ار [MASK] بدأ مقاطعه : الخط المتع ##رج فوق جدار الكهف [MASK] الأو ##اني الفخ ##ارية . . [SEP] مراكز ##ه داخل مركز [MASK] : أشكال وعلا ##مات وش ##فرات وحر ##وف ورم ##وز صور ##ية [MASK] لا تحكي [MASK] الذي يحرك [MASK] : [MASK] [MASK] لا تغادر محركات ##ها ، عبر أز ##منت ##ها ، لكنها ، في الزمن المعا ##ش ، [MASK] شر ##خا شق ##ا في الذاكرة : [MASK] كفت اللغات [MASK] تقول إلا بذ ##هاب ##ها نحو لغات مج ##اور ##ة ، أخرى ، كي تكمل مسار [SEP]
I1024 04:15:54.881982 47939261908032 create_pretraining_data.py:151] tokens: [CLS] فهو [MASK] مركب ومن ##دمج [MASK] كونك وتجارب وص ##بوا ##ت ص ##هره ##ا كي [MASK] فن الكر ##افي ##ك يؤكد انه [MASK] [MASK] ، ولا يتم ##اث ##ل ، بل يختلف داخل مسار الأسر ##ار [MASK] بدأ مقاطعه : الخط المتع ##رج فوق جدار الكهف [MASK] الأو ##اني الفخ ##ارية . . [SEP] مراكز ##ه داخل مركز [MASK] : أشكال وعلا ##مات وش ##فرات وحر ##وف ورم ##وز صور ##ية [MASK] لا تحكي [MASK] الذي يحرك [MASK] : [MASK] [MASK] لا تغادر محركات ##ها ، عبر أز ##منت ##ها ، لكنها ، في الزمن المعا ##ش ، [MASK] شر ##خا شق ##ا في الذاكرة : [MASK] كفت اللغات [MASK] تقول إلا بذ ##هاب ##ها نحو لغات مج ##اور ##ة ، أخرى ، كي تكمل مسار [SEP]
INFO:tensorflow:input_ids: 2 3799 4 20241 2298 26495 4 28232 28528 2417 16684 1005 401 7102 1007 3364 4 3718 6668 3561 1014 7004 2615 4 4 378 2086 2952 2651 1010 378 2683 11412 3224 10598 14655 1909 4 4272 18478 30 3071 5377 2155 3589 18387 10478 4 6941 2022 14753 2640 18 18 3 8424 1028 3224 3231 4 30 14081 5073 2394 2347 5356 19790 2088 14246 2183 2649 1910 4 1963 13817 4 2130 26952 4 30 4 4 1963 26503 18506 1913 378 2830 6274 9072 1913 378 6958 378 1912 5579 7112 1034 378 4 2980 9868 11773 1007 1912 16057 30 4 25562 6863 4 4018 2725 5805 3237 1913 3487 9601 2079 14299 1043 378 3286 378 3364 21948 10598 3
I1024 04:15:54.882155 47939261908032 create_pretraining_data.py:161] input_ids: 2 3799 4 20241 2298 26495 4 28232 28528 2417 16684 1005 401 7102 1007 3364 4 3718 6668 3561 1014 7004 2615 4 4 378 2086 2952 2651 1010 378 2683 11412 3224 10598 14655 1909 4 4272 18478 30 3071 5377 2155 3589 18387 10478 4 6941 2022 14753 2640 18 18 3 8424 1028 3224 3231 4 30 14081 5073 2394 2347 5356 19790 2088 14246 2183 2649 1910 4 1963 13817 4 2130 26952 4 30 4 4 1963 26503 18506 1913 378 2830 6274 9072 1913 378 6958 378 1912 5579 7112 1034 378 4 2980 9868 11773 1007 1912 16057 30 4 25562 6863 4 4018 2725 5805 3237 1913 3487 9601 2079 14299 1043 378 3286 378 3364 21948 10598 3
INFO:tensorflow:input_mask: 1 1 1 1 1 1 1 1 1 1 1 1 1 1 1 1 1 1 1 1 1 1 1 1 1 1 1 1 1 1 1 1 1 1 1 1 1 1 1 1 1 1 1 1 1 1 1 1 1 1 1 1 1 1 1 1 1 1 1 1 1 1 1 1 1 1 1 1 1 1 1 1 1 1 1 1 1 1 1 1 1 1 1 1 1 1 1 1 1 1 1 1 1 1 1 1 1 1 1 1 1 1 1 1 1 1 1 1 1 1 1 1 1 1 1 1 1 1 1 1 1 1 1 1 1 1 1 1
I1024 04:15:54.882288 47939261908032 create_pretraining_data.py:161] input_mask: 1 1 1 1 1 1 1 1 1 1 1 1 1 1 1 1 1 1 1 1 1 1 1 1 1 1 1 1 1 1 1 1 1 1 1 1 1 1 1 1 1 1 1 1 1 1 1 1 1 1 1 1 1 1 1 1 1 1 1 1 1 1 1 1 1 1 1 1 1 1 1 1 1 1 1 1 1 1 1 1 1 1 1 1 1 1 1 1 1 1 1 1 1 1 1 1 1 1 1 1 1 1 1 1 1 1 1 1 1 1 1 1 1 1 1 1 1 1 1 1 1 1 1 1 1 1 1 1
INFO:tensorflow:segment_ids: 0 0 0 0 0 0 0 0 0 0 0 0 0 0 0 0 0 0 0 0 0 0 0 0 0 0 0 0 0 0 0 0 0 0 0 0 0 0 0 0 0 0 0 0 0 0 0 0 0 0 0 0 0 0 0 1 1 1 1 1 1 1 1 1 1 1 1 1 1 1 1 1 1 1 1 1 1 1 1 1 1 1 1 1 1 1 1 1 1 1 1 1 1 1 1 1 1 1 1 1 1 1 1 1 1 1 1 1 1 1 1 1 1 1 1 1 1 1 1 1 1 1 1 1 1 1 1 1
I1024 04:15:54.882416 47939261908032 create_pretraining_data.py:161] segment_ids: 0 0 0 0 0 0 0 0 0 0 0 0 0 0 0 0 0 0 0 0 0 0 0 0 0 0 0 0 0 0 0 0 0 0 0 0 0 0 0 0 0 0 0 0 0 0 0 0 0 0 0 0 0 0 0 1 1 1 1 1 1 1 1 1 1 1 1 1 1 1 1 1 1 1 1 1 1 1 1 1 1 1 1 1 1 1 1 1 1 1 1 1 1 1 1 1 1 1 1 1 1 1 1 1 1 1 1 1 1 1 1 1 1 1 1 1 1 1 1 1 1 1 1 1 1 1 1 1
INFO:tensorflow:masked_lm_positions: 2 6 7 16 23 24 37 39 47 59 72 75 77 78 80 81 99 107 110 0
I1024 04:15:54.882521 47939261908032 create_pretraining_data.py:161] masked_lm_positions: 2 6 7 16 23 24 37 39 47 59 72 75 77 78 80 81 99 107 110 0
INFO:tensorflow:masked_lm_ids: 3341 10419 2650 9638 1963 21306 2061 2813 19741 4303 4465 2725 26952 1913 7110 14081 9257 7872 1979 0
I1024 04:15:54.882619 47939261908032 create_pretraining_data.py:161] masked_lm_ids: 3341 10419 2650 9638 1963 21306 2061 2813 19741 4303 4465 2725 26952 1913 7110 14081 9257 7872 1979 0
INFO:tensorflow:masked_lm_weights: 1.0 1.0 1.0 1.0 1.0 1.0 1.0 1.0 1.0 1.0 1.0 1.0 1.0 1.0 1.0 1.0 1.0 1.0 1.0 0.0
I1024 04:15:54.882713 47939261908032 create_pretraining_data.py:161] masked_lm_weights: 1.0 1.0 1.0 1.0 1.0 1.0 1.0 1.0 1.0 1.0 1.0 1.0 1.0 1.0 1.0 1.0 1.0 1.0 1.0 0.0
INFO:tensorflow:next_sentence_labels: 0
I1024 04:15:54.882797 47939261908032 create_pretraining_data.py:161] next_sentence_labels: 0
INFO:tensorflow:*** Example ***
I1024 04:15:54.883461 47939261908032 create_pretraining_data.py:149] *** Example ***
INFO:tensorflow:tokens: [CLS] Invision | [MASK] مجاني | منتدى مجاني للدعم [MASK] المساعدة | إتصل بنا | التبليغ عن [MASK] [MASK] | انشئ [MASK] مجانيا [SEP] سياسة الخصوصية من [MASK] إع ##طا ##ئنا عنوان بريدك الإلكتروني ، فإنك توافق ##ين على [MASK] الأخبار والعروض الترويج ##ية من سيف ##ورا [SEP]
I1024 04:15:54.883596 47939261908032 create_pretraining_data.py:151] tokens: [CLS] Invision | [MASK] مجاني | منتدى مجاني للدعم [MASK] المساعدة | إتصل بنا | التبليغ عن [MASK] [MASK] | انشئ [MASK] مجانيا [SEP] سياسة الخصوصية من [MASK] إع ##طا ##ئنا عنوان بريدك الإلكتروني ، فإنك توافق ##ين على [MASK] الأخبار والعروض الترويج ##ية من سيف ##ورا [SEP]
INFO:tensorflow:input_ids: 2 12498 96 4 3143 96 2069 3143 2679 4 3661 96 4111 3122 96 3888 1955 4 4 96 5292 4 7350 3 6419 10550 1908 4 3820 3350 17531 5101 18030 5353 378 18225 10520 1911 1961 4 4919 27500 19828 1910 1908 6378 3415 3 0 0 0 0 0 0 0 0 0 0 0 0 0 0 0 0 0 0 0 0 0 0 0 0 0 0 0 0 0 0 0 0 0 0 0 0 0 0 0 0 0 0 0 0 0 0 0 0 0 0 0 0 0 0 0 0 0 0 0 0 0 0 0 0 0 0 0 0 0 0 0 0 0 0 0 0 0 0 0 0
I1024 04:15:54.883748 47939261908032 create_pretraining_data.py:161] input_ids: 2 12498 96 4 3143 96 2069 3143 2679 4 3661 96 4111 3122 96 3888 1955 4 4 96 5292 4 7350 3 6419 10550 1908 4 3820 3350 17531 5101 18030 5353 378 18225 10520 1911 1961 4 4919 27500 19828 1910 1908 6378 3415 3 0 0 0 0 0 0 0 0 0 0 0 0 0 0 0 0 0 0 0 0 0 0 0 0 0 0 0 0 0 0 0 0 0 0 0 0 0 0 0 0 0 0 0 0 0 0 0 0 0 0 0 0 0 0 0 0 0 0 0 0 0 0 0 0 0 0 0 0 0 0 0 0 0 0 0 0 0 0 0 0
INFO:tensorflow:input_mask: 1 1 1 1 1 1 1 1 1 1 1 1 1 1 1 1 1 1 1 1 1 1 1 1 1 1 1 1 1 1 1 1 1 1 1 1 1 1 1 1 1 1 1 1 1 1 1 1 0 0 0 0 0 0 0 0 0 0 0 0 0 0 0 0 0 0 0 0 0 0 0 0 0 0 0 0 0 0 0 0 0 0 0 0 0 0 0 0 0 0 0 0 0 0 0 0 0 0 0 0 0 0 0 0 0 0 0 0 0 0 0 0 0 0 0 0 0 0 0 0 0 0 0 0 0 0 0 0
I1024 04:15:54.883880 47939261908032 create_pretraining_data.py:161] input_mask: 1 1 1 1 1 1 1 1 1 1 1 1 1 1 1 1 1 1 1 1 1 1 1 1 1 1 1 1 1 1 1 1 1 1 1 1 1 1 1 1 1 1 1 1 1 1 1 1 0 0 0 0 0 0 0 0 0 0 0 0 0 0 0 0 0 0 0 0 0 0 0 0 0 0 0 0 0 0 0 0 0 0 0 0 0 0 0 0 0 0 0 0 0 0 0 0 0 0 0 0 0 0 0 0 0 0 0 0 0 0 0 0 0 0 0 0 0 0 0 0 0 0 0 0 0 0 0 0
INFO:tensorflow:segment_ids: 0 0 0 0 0 0 0 0 0 0 0 0 0 0 0 0 0 0 0 0 0 0 0 0 1 1 1 1 1 1 1 1 1 1 1 1 1 1 1 1 1 1 1 1 1 1 1 1 0 0 0 0 0 0 0 0 0 0 0 0 0 0 0 0 0 0 0 0 0 0 0 0 0 0 0 0 0 0 0 0 0 0 0 0 0 0 0 0 0 0 0 0 0 0 0 0 0 0 0 0 0 0 0 0 0 0 0 0 0 0 0 0 0 0 0 0 0 0 0 0 0 0 0 0 0 0 0 0
I1024 04:15:54.884007 47939261908032 create_pretraining_data.py:161] segment_ids: 0 0 0 0 0 0 0 0 0 0 0 0 0 0 0 0 0 0 0 0 0 0 0 0 1 1 1 1 1 1 1 1 1 1 1 1 1 1 1 1 1 1 1 1 1 1 1 1 0 0 0 0 0 0 0 0 0 0 0 0 0 0 0 0 0 0 0 0 0 0 0 0 0 0 0 0 0 0 0 0 0 0 0 0 0 0 0 0 0 0 0 0 0 0 0 0 0 0 0 0 0 0 0 0 0 0 0 0 0 0 0 0 0 0 0 0 0 0 0 0 0 0 0 0 0 0 0 0
INFO:tensorflow:masked_lm_positions: 3 9 17 18 21 27 39 0 0 0 0 0 0 0 0 0 0 0 0 0
I1024 04:15:54.884117 47939261908032 create_pretraining_data.py:161] masked_lm_positions: 3 9 17 18 21 27 39 0 0 0 0 0 0 0 0 0 0 0 0 0
INFO:tensorflow:masked_lm_ids: 2069 415 3491 3743 4688 2317 9142 0 0 0 0 0 0 0 0 0 0 0 0 0
I1024 04:15:54.884210 47939261908032 create_pretraining_data.py:161] masked_lm_ids: 2069 415 3491 3743 4688 2317 9142 0 0 0 0 0 0 0 0 0 0 0 0 0
INFO:tensorflow:masked_lm_weights: 1.0 1.0 1.0 1.0 1.0 1.0 1.0 0.0 0.0 0.0 0.0 0.0 0.0 0.0 0.0 0.0 0.0 0.0 0.0 0.0
I1024 04:15:54.884302 47939261908032 create_pretraining_data.py:161] masked_lm_weights: 1.0 1.0 1.0 1.0 1.0 1.0 1.0 0.0 0.0 0.0 0.0 0.0 0.0 0.0 0.0 0.0 0.0 0.0 0.0 0.0
INFO:tensorflow:next_sentence_labels: 1
I1024 04:15:54.884385 47939261908032 create_pretraining_data.py:161] next_sentence_labels: 1
INFO:tensorflow:*** Example ***
I1024 04:15:54.918296 47939261908032 create_pretraining_data.py:149] *** Example ***
INFO:tensorflow:tokens: [CLS] سياسي يؤكد ##يفا أو [MASK] أنه كان ينا ##فق في الماضي القريب ##اراتها [MASK] و منهم بالخ ##صوص البرو ##ليت ##اريا [MASK] الفلاح ##ين الفقراء [MASK] [MASK] يستعمل [MASK] البيان الشيوعي ” بالمر ##حا ##ض و حول “ [MASK] [MASK] [MASK] لصاحب ##ه كار ##ل مارك ##س إلى حساب بنك ##ي بالد ##ولار و حصان ##ة تسمح لف ##لذ ##ة كبد ##ه المص [SEP] وعند استخدام وضعية [MASK] كورس ##ا ) يجب [MASK] السائق أن يقوم بنقل التر ##وس بنفسه عن طريق البدا ##لات الموجودة خلف [MASK] مدر ، [MASK] تنتقل التر ##وس أوت ##وماتيك ##يا إذا لم يق ##م بالت ##غير يد ##ويا ، فير ##تف ##ع مؤشر دورة المحرك للع ##لامة الحمراء ، مشيرا [MASK] أن المحرك لا يدور ##بس ##رع ##ة أكبر . [SEP]
I1024 04:15:54.932913 47939261908032 create_pretraining_data.py:151] tokens: [CLS] سياسي يؤكد ##يفا أو [MASK] أنه كان ينا ##فق في الماضي القريب ##اراتها [MASK] و منهم بالخ ##صوص البرو ##ليت ##اريا [MASK] الفلاح ##ين الفقراء [MASK] [MASK] يستعمل [MASK] البيان الشيوعي ” بالمر ##حا ##ض و حول “ [MASK] [MASK] [MASK] لصاحب ##ه كار ##ل مارك ##س إلى حساب بنك ##ي بالد ##ولار و حصان ##ة تسمح لف ##لذ ##ة كبد ##ه المص [SEP] وعند استخدام وضعية [MASK] كورس ##ا ) يجب [MASK] السائق أن يقوم بنقل التر ##وس بنفسه عن طريق البدا ##لات الموجودة خلف [MASK] مدر ، [MASK] تنتقل التر ##وس أوت ##وماتيك ##يا إذا لم يق ##م بالت ##غير يد ##ويا ، فير ##تف ##ع مؤشر دورة المحرك للع ##لامة الحمراء ، مشيرا [MASK] أن المحرك لا يدور ##بس ##رع ##ة أكبر . [SEP]
INFO:tensorflow:input_ids: 2 7755 7004 5057 2075 4 2590 2055 3377 2817 1912 3274 12526 24761 4 415 3441 4048 23450 9562 7499 9748 4 14765 1911 12328 4 4 19665 4 4640 21663 622 11098 2709 1027 415 2528 621 4 4 4 10114 1028 5325 1010 6108 1033 2045 3144 4996 1013 3947 2957 415 27270 1043 9166 4488 2023 1043 27348 1028 2378 3 5220 3653 28570 4 26178 1007 13 3163 4 15531 1979 4070 17383 4911 2109 9084 1955 3160 5686 2160 8598 3479 4 5891 378 4 28706 4911 2109 15832 26166 1937 2617 2043 2210 1015 2619 2351 2474 4293 378 11188 22204 1009 10303 4980 24202 2405 5213 12568 378 5756 4 1979 24202 1963 11480 11925 4178 1043 4462 18 3
I1024 04:15:54.935736 47939261908032 create_pretraining_data.py:161] input_ids: 2 7755 7004 5057 2075 4 2590 2055 3377 2817 1912 3274 12526 24761 4 415 3441 4048 23450 9562 7499 9748 4 14765 1911 12328 4 4 19665 4 4640 21663 622 11098 2709 1027 415 2528 621 4 4 4 10114 1028 5325 1010 6108 1033 2045 3144 4996 1013 3947 2957 415 27270 1043 9166 4488 2023 1043 27348 1028 2378 3 5220 3653 28570 4 26178 1007 13 3163 4 15531 1979 4070 17383 4911 2109 9084 1955 3160 5686 2160 8598 3479 4 5891 378 4 28706 4911 2109 15832 26166 1937 2617 2043 2210 1015 2619 2351 2474 4293 378 11188 22204 1009 10303 4980 24202 2405 5213 12568 378 5756 4 1979 24202 1963 11480 11925 4178 1043 4462 18 3
INFO:tensorflow:input_mask: 1 1 1 1 1 1 1 1 1 1 1 1 1 1 1 1 1 1 1 1 1 1 1 1 1 1 1 1 1 1 1 1 1 1 1 1 1 1 1 1 1 1 1 1 1 1 1 1 1 1 1 1 1 1 1 1 1 1 1 1 1 1 1 1 1 1 1 1 1 1 1 1 1 1 1 1 1 1 1 1 1 1 1 1 1 1 1 1 1 1 1 1 1 1 1 1 1 1 1 1 1 1 1 1 1 1 1 1 1 1 1 1 1 1 1 1 1 1 1 1 1 1 1 1 1 1 1 1
I1024 04:15:54.936080 47939261908032 create_pretraining_data.py:161] input_mask: 1 1 1 1 1 1 1 1 1 1 1 1 1 1 1 1 1 1 1 1 1 1 1 1 1 1 1 1 1 1 1 1 1 1 1 1 1 1 1 1 1 1 1 1 1 1 1 1 1 1 1 1 1 1 1 1 1 1 1 1 1 1 1 1 1 1 1 1 1 1 1 1 1 1 1 1 1 1 1 1 1 1 1 1 1 1 1 1 1 1 1 1 1 1 1 1 1 1 1 1 1 1 1 1 1 1 1 1 1 1 1 1 1 1 1 1 1 1 1 1 1 1 1 1 1 1 1 1
INFO:tensorflow:segment_ids: 0 0 0 0 0 0 0 0 0 0 0 0 0 0 0 0 0 0 0 0 0 0 0 0 0 0 0 0 0 0 0 0 0 0 0 0 0 0 0 0 0 0 0 0 0 0 0 0 0 0 0 0 0 0 0 0 0 0 0 0 0 0 0 0 0 1 1 1 1 1 1 1 1 1 1 1 1 1 1 1 1 1 1 1 1 1 1 1 1 1 1 1 1 1 1 1 1 1 1 1 1 1 1 1 1 1 1 1 1 1 1 1 1 1 1 1 1 1 1 1 1 1 1 1 1 1 1 1
I1024 04:15:54.936369 47939261908032 create_pretraining_data.py:161] segment_ids: 0 0 0 0 0 0 0 0 0 0 0 0 0 0 0 0 0 0 0 0 0 0 0 0 0 0 0 0 0 0 0 0 0 0 0 0 0 0 0 0 0 0 0 0 0 0 0 0 0 0 0 0 0 0 0 0 0 0 0 0 0 0 0 0 0 1 1 1 1 1 1 1 1 1 1 1 1 1 1 1 1 1 1 1 1 1 1 1 1 1 1 1 1 1 1 1 1 1 1 1 1 1 1 1 1 1 1 1 1 1 1 1 1 1 1 1 1 1 1 1 1 1 1 1 1 1 1 1
INFO:tensorflow:masked_lm_positions: 3 4 5 13 14 22 26 27 29 31 39 40 41 68 73 87 88 90 117 0
I1024 04:15:54.936582 47939261908032 create_pretraining_data.py:161] masked_lm_positions: 3 4 5 13 14 22 26 27 29 31 39 40 41 68 73 87 88 90 117 0
INFO:tensorflow:masked_lm_ids: 2493 1902 2109 7069 12328 415 2455 6597 621 21663 24293 1901 622 12 1961 3586 1993 2086 2045 0
I1024 04:15:54.936798 47939261908032 create_pretraining_data.py:161] masked_lm_ids: 2493 1902 2109 7069 12328 415 2455 6597 621 21663 24293 1901 622 12 1961 3586 1993 2086 2045 0
INFO:tensorflow:masked_lm_weights: 1.0 1.0 1.0 1.0 1.0 1.0 1.0 1.0 1.0 1.0 1.0 1.0 1.0 1.0 1.0 1.0 1.0 1.0 1.0 0.0
I1024 04:15:54.938357 47939261908032 create_pretraining_data.py:161] masked_lm_weights: 1.0 1.0 1.0 1.0 1.0 1.0 1.0 1.0 1.0 1.0 1.0 1.0 1.0 1.0 1.0 1.0 1.0 1.0 1.0 0.0
INFO:tensorflow:next_sentence_labels: 1
I1024 04:15:54.938529 47939261908032 create_pretraining_data.py:161] next_sentence_labels: 1
INFO:tensorflow:*** Example ***
I1024 04:15:55.083951 47939261908032 create_pretraining_data.py:149] *** Example ***
INFO:tensorflow:tokens: [CLS] ##دية [MASK] [MASK] ايمان محمد والط ##الب وليد عوض . واخت ##تم بتسليم درع تكريم ##ية لقا ##ئ ##د منطقة [MASK] العسكرية العميد ذب ##يان ورفع [MASK] اللبناني وعرض رمزي للجيش . " إلى تحرك عمال شركة لاف ##اجي ##ت وطالب تداعيات في ضوء مراجعة المعنيين وزارة ##الما ##ل بدفع مستح ##قاتها لشركة لاف ##اجي ##ت لتتمكن بالتالي من دفع رواتب موظفي ##ها [SEP] [MASK] [MASK] | | - [MASK] قسم للمت ##زوج ##ين | | - - قسم المطبخ [MASK] | - - [MASK] عالم الرياضة | - - منتدى [MASK] | - - منتدى الادب [MASK] | - [MASK] منتدى الفن [MASK] [MASK] | - [MASK] منتدى الفوتوشوب والج ##رافيك | | - - قسم برامج الكمبيوتر | | - - منتدى النكت [MASK] [SEP]
I1024 04:15:55.096578 47939261908032 create_pretraining_data.py:151] tokens: [CLS] ##دية [MASK] [MASK] ايمان محمد والط ##الب وليد عوض . واخت ##تم بتسليم درع تكريم ##ية لقا ##ئ ##د منطقة [MASK] العسكرية العميد ذب ##يان ورفع [MASK] اللبناني وعرض رمزي للجيش . " إلى تحرك عمال شركة لاف ##اجي ##ت وطالب تداعيات في ضوء مراجعة المعنيين وزارة ##الما ##ل بدفع مستح ##قاتها لشركة لاف ##اجي ##ت لتتمكن بالتالي من دفع رواتب موظفي ##ها [SEP] [MASK] [MASK] | | - [MASK] قسم للمت ##زوج ##ين | | - - قسم المطبخ [MASK] | - - [MASK] عالم الرياضة | - - منتدى [MASK] | - - منتدى الادب [MASK] | - [MASK] منتدى الفن [MASK] [MASK] | - [MASK] منتدى الفوتوشوب والج ##رافيك | | - - قسم برامج الكمبيوتر | | - - منتدى النكت [MASK] [SEP]
INFO:tensorflow:input_ids: 2 4259 4 4 13626 2202 4392 2653 7756 7610 18 5838 2419 26697 20731 11557 1910 18999 1042 1016 3532 4 5477 9724 29505 2542 10253 4 4467 11344 26112 12176 18 6 2045 11372 10408 2753 13936 7578 1005 12470 23469 1912 9032 9661 21041 3433 18380 1010 23253 11641 16394 10417 13936 7578 1005 26964 18000 1908 5781 16154 13420 1913 3 4 4 96 96 17 4 2122 5264 6484 1911 96 96 17 17 2122 7181 4 96 17 17 4 2896 4612 96 17 17 2069 4 96 17 17 2069 10063 4 96 17 4 2069 5200 4 4 96 17 4 2069 6891 3057 10034 96 96 17 17 2122 2997 3896 96 96 17 17 2069 10165 4 3
I1024 04:15:55.097713 47939261908032 create_pretraining_data.py:161] input_ids: 2 4259 4 4 13626 2202 4392 2653 7756 7610 18 5838 2419 26697 20731 11557 1910 18999 1042 1016 3532 4 5477 9724 29505 2542 10253 4 4467 11344 26112 12176 18 6 2045 11372 10408 2753 13936 7578 1005 12470 23469 1912 9032 9661 21041 3433 18380 1010 23253 11641 16394 10417 13936 7578 1005 26964 18000 1908 5781 16154 13420 1913 3 4 4 96 96 17 4 2122 5264 6484 1911 96 96 17 17 2122 7181 4 96 17 17 4 2896 4612 96 17 17 2069 4 96 17 17 2069 10063 4 96 17 4 2069 5200 4 4 96 17 4 2069 6891 3057 10034 96 96 17 17 2122 2997 3896 96 96 17 17 2069 10165 4 3
INFO:tensorflow:input_mask: 1 1 1 1 1 1 1 1 1 1 1 1 1 1 1 1 1 1 1 1 1 1 1 1 1 1 1 1 1 1 1 1 1 1 1 1 1 1 1 1 1 1 1 1 1 1 1 1 1 1 1 1 1 1 1 1 1 1 1 1 1 1 1 1 1 1 1 1 1 1 1 1 1 1 1 1 1 1 1 1 1 1 1 1 1 1 1 1 1 1 1 1 1 1 1 1 1 1 1 1 1 1 1 1 1 1 1 1 1 1 1 1 1 1 1 1 1 1 1 1 1 1 1 1 1 1 1 1
I1024 04:15:55.097876 47939261908032 create_pretraining_data.py:161] input_mask: 1 1 1 1 1 1 1 1 1 1 1 1 1 1 1 1 1 1 1 1 1 1 1 1 1 1 1 1 1 1 1 1 1 1 1 1 1 1 1 1 1 1 1 1 1 1 1 1 1 1 1 1 1 1 1 1 1 1 1 1 1 1 1 1 1 1 1 1 1 1 1 1 1 1 1 1 1 1 1 1 1 1 1 1 1 1 1 1 1 1 1 1 1 1 1 1 1 1 1 1 1 1 1 1 1 1 1 1 1 1 1 1 1 1 1 1 1 1 1 1 1 1 1 1 1 1 1 1
INFO:tensorflow:segment_ids: 0 0 0 0 0 0 0 0 0 0 0 0 0 0 0 0 0 0 0 0 0 0 0 0 0 0 0 0 0 0 0 0 0 0 0 0 0 0 0 0 0 0 0 0 0 0 0 0 0 0 0 0 0 0 0 0 0 0 0 0 0 0 0 0 0 1 1 1 1 1 1 1 1 1 1 1 1 1 1 1 1 1 1 1 1 1 1 1 1 1 1 1 1 1 1 1 1 1 1 1 1 1 1 1 1 1 1 1 1 1 1 1 1 1 1 1 1 1 1 1 1 1 1 1 1 1 1 1
I1024 04:15:55.098019 47939261908032 create_pretraining_data.py:161] segment_ids: 0 0 0 0 0 0 0 0 0 0 0 0 0 0 0 0 0 0 0 0 0 0 0 0 0 0 0 0 0 0 0 0 0 0 0 0 0 0 0 0 0 0 0 0 0 0 0 0 0 0 0 0 0 0 0 0 0 0 0 0 0 0 0 0 0 1 1 1 1 1 1 1 1 1 1 1 1 1 1 1 1 1 1 1 1 1 1 1 1 1 1 1 1 1 1 1 1 1 1 1 1 1 1 1 1 1 1 1 1 1 1 1 1 1 1 1 1 1 1 1 1 1 1 1 1 1 1 1
INFO:tensorflow:masked_lm_positions: 2 3 21 27 29 42 65 66 67 70 81 85 92 98 101 104 105 108 126 0
I1024 04:15:55.098125 47939261908032 create_pretraining_data.py:161] masked_lm_positions: 2 3 21 27 29 42 65 66 67 70 81 85 92 98 101 104 105 108 126 0
INFO:tensorflow:masked_lm_ids: 7826 1043 4431 2789 11344 2816 2295 5221 96 17 96 2069 5469 11149 17 9826 1013 17 96 0
I1024 04:15:55.098227 47939261908032 create_pretraining_data.py:161] masked_lm_ids: 7826 1043 4431 2789 11344 2816 2295 5221 96 17 96 2069 5469 11149 17 9826 1013 17 96 0
INFO:tensorflow:masked_lm_weights: 1.0 1.0 1.0 1.0 1.0 1.0 1.0 1.0 1.0 1.0 1.0 1.0 1.0 1.0 1.0 1.0 1.0 1.0 1.0 0.0
I1024 04:15:55.099586 47939261908032 create_pretraining_data.py:161] masked_lm_weights: 1.0 1.0 1.0 1.0 1.0 1.0 1.0 1.0 1.0 1.0 1.0 1.0 1.0 1.0 1.0 1.0 1.0 1.0 1.0 0.0
INFO:tensorflow:next_sentence_labels: 1
I1024 04:15:55.099695 47939261908032 create_pretraining_data.py:161] next_sentence_labels: 1
INFO:tensorflow:*** Example ***
I1024 04:15:55.100493 47939261908032 create_pretraining_data.py:149] *** Example ***
INFO:tensorflow:tokens: [CLS] احدهم يرى فتاة من ا ##ل المقطع بني هل ##با " , فت ##قع من [MASK] موقع الس ##هام [MASK] [MASK] [MASK] [MASK] , وير ##ت ##عش ويت ##صب ##ب عرق ##ا . [MASK] [SEP] قال : أنش ##د بعضهم هذه الأب ##يات سفراء مف ##كر ##ا ، [MASK] [MASK] عليا كرم الله وجهه في المنام فقال له : أعد علي أبي ##ات الكم ##يت ، فأن ##شد ##ه إياها حتي بلغ إلي قوله ( [MASK] مبي ##عا ) فأن ##شد علي بيتا آخر من قوله زيادة فيها [MASK] [SEP]
I1024 04:15:55.100687 47939261908032 create_pretraining_data.py:151] tokens: [CLS] احدهم يرى فتاة من ا ##ل المقطع بني هل ##با " , فت ##قع من [MASK] موقع الس ##هام [MASK] [MASK] [MASK] [MASK] , وير ##ت ##عش ويت ##صب ##ب عرق ##ا . [MASK] [SEP] قال : أنش ##د بعضهم هذه الأب ##يات سفراء مف ##كر ##ا ، [MASK] [MASK] عليا كرم الله وجهه في المنام فقال له : أعد علي أبي ##ات الكم ##يت ، فأن ##شد ##ه إياها حتي بلغ إلي قوله ( [MASK] مبي ##عا ) فأن ##شد علي بيتا آخر من قوله زيادة فيها [MASK] [SEP]
INFO:tensorflow:input_ids: 2 8555 7958 13550 1908 387 1010 11195 3942 2827 2013 6 16 2572 2509 1908 4 2867 1943 4327 4 4 4 4 16 4092 1005 15314 3398 3542 1045 14258 1007 18 4 3 2136 30 21547 1016 6824 2159 5430 2066 25706 3430 2014 1007 378 4 4 9233 8715 1953 7962 1912 15967 3312 2154 30 14105 1958 3223 1904 3724 2034 378 13078 3251 1028 29387 2627 3854 3228 3604 12 4 20610 2185 13 13078 3251 1958 20256 2514 1908 3604 5348 2443 4 3 0 0 0 0 0 0 0 0 0 0 0 0 0 0 0 0 0 0 0 0 0 0 0 0 0 0 0 0 0 0 0 0 0 0 0 0 0
I1024 04:15:55.100859 47939261908032 create_pretraining_data.py:161] input_ids: 2 8555 7958 13550 1908 387 1010 11195 3942 2827 2013 6 16 2572 2509 1908 4 2867 1943 4327 4 4 4 4 16 4092 1005 15314 3398 3542 1045 14258 1007 18 4 3 2136 30 21547 1016 6824 2159 5430 2066 25706 3430 2014 1007 378 4 4 9233 8715 1953 7962 1912 15967 3312 2154 30 14105 1958 3223 1904 3724 2034 378 13078 3251 1028 29387 2627 3854 3228 3604 12 4 20610 2185 13 13078 3251 1958 20256 2514 1908 3604 5348 2443 4 3 0 0 0 0 0 0 0 0 0 0 0 0 0 0 0 0 0 0 0 0 0 0 0 0 0 0 0 0 0 0 0 0 0 0 0 0 0
INFO:tensorflow:input_mask: 1 1 1 1 1 1 1 1 1 1 1 1 1 1 1 1 1 1 1 1 1 1 1 1 1 1 1 1 1 1 1 1 1 1 1 1 1 1 1 1 1 1 1 1 1 1 1 1 1 1 1 1 1 1 1 1 1 1 1 1 1 1 1 1 1 1 1 1 1 1 1 1 1 1 1 1 1 1 1 1 1 1 1 1 1 1 1 1 1 1 1 0 0 0 0 0 0 0 0 0 0 0 0 0 0 0 0 0 0 0 0 0 0 0 0 0 0 0 0 0 0 0 0 0 0 0 0 0
I1024 04:15:55.101007 47939261908032 create_pretraining_data.py:161] input_mask: 1 1 1 1 1 1 1 1 1 1 1 1 1 1 1 1 1 1 1 1 1 1 1 1 1 1 1 1 1 1 1 1 1 1 1 1 1 1 1 1 1 1 1 1 1 1 1 1 1 1 1 1 1 1 1 1 1 1 1 1 1 1 1 1 1 1 1 1 1 1 1 1 1 1 1 1 1 1 1 1 1 1 1 1 1 1 1 1 1 1 1 0 0 0 0 0 0 0 0 0 0 0 0 0 0 0 0 0 0 0 0 0 0 0 0 0 0 0 0 0 0 0 0 0 0 0 0 0
INFO:tensorflow:segment_ids: 0 0 0 0 0 0 0 0 0 0 0 0 0 0 0 0 0 0 0 0 0 0 0 0 0 0 0 0 0 0 0 0 0 0 0 0 1 1 1 1 1 1 1 1 1 1 1 1 1 1 1 1 1 1 1 1 1 1 1 1 1 1 1 1 1 1 1 1 1 1 1 1 1 1 1 1 1 1 1 1 1 1 1 1 1 1 1 1 1 1 1 0 0 0 0 0 0 0 0 0 0 0 0 0 0 0 0 0 0 0 0 0 0 0 0 0 0 0 0 0 0 0 0 0 0 0 0 0
I1024 04:15:55.101147 47939261908032 create_pretraining_data.py:161] segment_ids: 0 0 0 0 0 0 0 0 0 0 0 0 0 0 0 0 0 0 0 0 0 0 0 0 0 0 0 0 0 0 0 0 0 0 0 0 1 1 1 1 1 1 1 1 1 1 1 1 1 1 1 1 1 1 1 1 1 1 1 1 1 1 1 1 1 1 1 1 1 1 1 1 1 1 1 1 1 1 1 1 1 1 1 1 1 1 1 1 1 1 1 0 0 0 0 0 0 0 0 0 0 0 0 0 0 0 0 0 0 0 0 0 0 0 0 0 0 0 0 0 0 0 0 0 0 0 0 0
INFO:tensorflow:masked_lm_positions: 1 7 16 20 21 22 23 34 44 49 50 76 79 89 0 0 0 0 0 0
I1024 04:15:55.101249 47939261908032 create_pretraining_data.py:161] masked_lm_positions: 1 7 16 20 21 22 23 34 44 49 50 76 79 89 0 0 0 0 0 0
INFO:tensorflow:masked_lm_ids: 8555 6 6394 16 6469 22204 1027 18 18596 2462 5113 19936 13 30 0 0 0 0 0 0
I1024 04:15:55.101349 47939261908032 create_pretraining_data.py:161] masked_lm_ids: 8555 6 6394 16 6469 22204 1027 18 18596 2462 5113 19936 13 30 0 0 0 0 0 0
INFO:tensorflow:masked_lm_weights: 1.0 1.0 1.0 1.0 1.0 1.0 1.0 1.0 1.0 1.0 1.0 1.0 1.0 1.0 0.0 0.0 0.0 0.0 0.0 0.0
I1024 04:15:55.101463 47939261908032 create_pretraining_data.py:161] masked_lm_weights: 1.0 1.0 1.0 1.0 1.0 1.0 1.0 1.0 1.0 1.0 1.0 1.0 1.0 1.0 0.0 0.0 0.0 0.0 0.0 0.0
INFO:tensorflow:next_sentence_labels: 1
I1024 04:15:55.101556 47939261908032 create_pretraining_data.py:161] next_sentence_labels: 1
INFO:tensorflow:*** Example ***
I1024 04:15:55.102288 47939261908032 create_pretraining_data.py:149] *** Example ***
INFO:tensorflow:tokens: [CLS] [MASK] [MASK] الأعلى للصح ##ة " : مبادرة اليوم الرياضي الوطني تنس ##جم مع الاستراتيجية الوطنية للحد من الأمراض [MASK] [SEP] جميع الحقوق محفوظة [MASK] دار الوسط للنشر ##ميق © تصميم قسم تقنية المعلومات . رقم التسجيل : خ - 22 / 2009 [SEP]
I1024 04:15:55.102432 47939261908032 create_pretraining_data.py:151] tokens: [CLS] [MASK] [MASK] الأعلى للصح ##ة " : مبادرة اليوم الرياضي الوطني تنس ##جم مع الاستراتيجية الوطنية للحد من الأمراض [MASK] [SEP] جميع الحقوق محفوظة [MASK] دار الوسط للنشر ##ميق © تصميم قسم تقنية المعلومات . رقم التسجيل : خ - 22 / 2009 [SEP]
INFO:tensorflow:input_ids: 2 4 4 7708 11193 1043 6 30 11376 2217 5747 3270 6548 2629 1973 12184 3857 13192 1908 9613 4 3 2561 6271 10465 4 4417 5889 17869 25581 106 4428 2122 8072 3939 18 3128 4441 30 394 17 4063 19 5743 3 0 0 0 0 0 0 0 0 0 0 0 0 0 0 0 0 0 0 0 0 0 0 0 0 0 0 0 0 0 0 0 0 0 0 0 0 0 0 0 0 0 0 0 0 0 0 0 0 0 0 0 0 0 0 0 0 0 0 0 0 0 0 0 0 0 0 0 0 0 0 0 0 0 0 0 0 0 0 0 0 0 0 0
I1024 04:15:55.102590 47939261908032 create_pretraining_data.py:161] input_ids: 2 4 4 7708 11193 1043 6 30 11376 2217 5747 3270 6548 2629 1973 12184 3857 13192 1908 9613 4 3 2561 6271 10465 4 4417 5889 17869 25581 106 4428 2122 8072 3939 18 3128 4441 30 394 17 4063 19 5743 3 0 0 0 0 0 0 0 0 0 0 0 0 0 0 0 0 0 0 0 0 0 0 0 0 0 0 0 0 0 0 0 0 0 0 0 0 0 0 0 0 0 0 0 0 0 0 0 0 0 0 0 0 0 0 0 0 0 0 0 0 0 0 0 0 0 0 0 0 0 0 0 0 0 0 0 0 0 0 0 0 0 0 0
INFO:tensorflow:input_mask: 1 1 1 1 1 1 1 1 1 1 1 1 1 1 1 1 1 1 1 1 1 1 1 1 1 1 1 1 1 1 1 1 1 1 1 1 1 1 1 1 1 1 1 1 1 0 0 0 0 0 0 0 0 0 0 0 0 0 0 0 0 0 0 0 0 0 0 0 0 0 0 0 0 0 0 0 0 0 0 0 0 0 0 0 0 0 0 0 0 0 0 0 0 0 0 0 0 0 0 0 0 0 0 0 0 0 0 0 0 0 0 0 0 0 0 0 0 0 0 0 0 0 0 0 0 0 0 0
I1024 04:15:55.102739 47939261908032 create_pretraining_data.py:161] input_mask: 1 1 1 1 1 1 1 1 1 1 1 1 1 1 1 1 1 1 1 1 1 1 1 1 1 1 1 1 1 1 1 1 1 1 1 1 1 1 1 1 1 1 1 1 1 0 0 0 0 0 0 0 0 0 0 0 0 0 0 0 0 0 0 0 0 0 0 0 0 0 0 0 0 0 0 0 0 0 0 0 0 0 0 0 0 0 0 0 0 0 0 0 0 0 0 0 0 0 0 0 0 0 0 0 0 0 0 0 0 0 0 0 0 0 0 0 0 0 0 0 0 0 0 0 0 0 0 0
INFO:tensorflow:segment_ids: 0 0 0 0 0 0 0 0 0 0 0 0 0 0 0 0 0 0 0 0 0 0 1 1 1 1 1 1 1 1 1 1 1 1 1 1 1 1 1 1 1 1 1 1 1 0 0 0 0 0 0 0 0 0 0 0 0 0 0 0 0 0 0 0 0 0 0 0 0 0 0 0 0 0 0 0 0 0 0 0 0 0 0 0 0 0 0 0 0 0 0 0 0 0 0 0 0 0 0 0 0 0 0 0 0 0 0 0 0 0 0 0 0 0 0 0 0 0 0 0 0 0 0 0 0 0 0 0
I1024 04:15:55.102876 47939261908032 create_pretraining_data.py:161] segment_ids: 0 0 0 0 0 0 0 0 0 0 0 0 0 0 0 0 0 0 0 0 0 0 1 1 1 1 1 1 1 1 1 1 1 1 1 1 1 1 1 1 1 1 1 1 1 0 0 0 0 0 0 0 0 0 0 0 0 0 0 0 0 0 0 0 0 0 0 0 0 0 0 0 0 0 0 0 0 0 0 0 0 0 0 0 0 0 0 0 0 0 0 0 0 0 0 0 0 0 0 0 0 0 0 0 0 0 0 0 0 0 0 0 0 0 0 0 0 0 0 0 0 0 0 0 0 0 0 0
INFO:tensorflow:masked_lm_positions: 1 2 20 22 25 29 32 0 0 0 0 0 0 0 0 0 0 0 0 0
I1024 04:15:55.102977 47939261908032 create_pretraining_data.py:161] masked_lm_positions: 1 2 20 22 25 29 32 0 0 0 0 0 0 0 0 0 0 0 0 0
INFO:tensorflow:masked_lm_ids: 2426 6 28000 2561 10417 25821 2122 0 0 0 0 0 0 0 0 0 0 0 0 0
I1024 04:15:55.103076 47939261908032 create_pretraining_data.py:161] masked_lm_ids: 2426 6 28000 2561 10417 25821 2122 0 0 0 0 0 0 0 0 0 0 0 0 0
INFO:tensorflow:masked_lm_weights: 1.0 1.0 1.0 1.0 1.0 1.0 1.0 0.0 0.0 0.0 0.0 0.0 0.0 0.0 0.0 0.0 0.0 0.0 0.0 0.0
I1024 04:15:55.103176 47939261908032 create_pretraining_data.py:161] masked_lm_weights: 1.0 1.0 1.0 1.0 1.0 1.0 1.0 0.0 0.0 0.0 0.0 0.0 0.0 0.0 0.0 0.0 0.0 0.0 0.0 0.0
INFO:tensorflow:next_sentence_labels: 0
I1024 04:15:55.103288 47939261908032 create_pretraining_data.py:161] next_sentence_labels: 0
INFO:tensorflow:*** Example ***
I1024 04:15:55.104046 47939261908032 create_pretraining_data.py:149] *** Example ***
INFO:tensorflow:tokens: [CLS] ” التي تحل ##ى بها المتنا ##فس ##ون ووسائل [MASK] خلال الحملة الانتخابية سلا ##ل : “ بين عيد العمال وذكر ##ى مجاز ##ر [MASK] [MASK] وقال ##مة وخر ##اط ##ة نت ##واعد ونت ##عاه ##د للمشاركة [MASK] في الانتخابات التشريعية “ في ختام الحملة [MASK] : زعماء الأحزاب يدعو ##ون إلى التوجه بقوة لص ##ناد ##يق الاقتراع وعدم [MASK] ##💖 إلى دعا ##ة ولذا بو ##خ ##زنة : التشريعي ##ات المقبلة “ تشكل فرصة [MASK] رجال ونساء قادرين على إيصال و تج ##سيد [SEP] « وتوفير [MASK] [MASK] اليا ##نص ##يب الفوري امس ##ح [MASK] اربح و بج ##وائز قيمة ##ؤم « كل ثلاثا ##ء ملايين اللي ##رات السورية [MASK] « خدمة [MASK] سحب يان ##صيب [MASK] دمشق الدولي عبر [MASK] [MASK] . . . [SEP]
I1024 04:15:55.104233 47939261908032 create_pretraining_data.py:151] tokens: [CLS] ” التي تحل ##ى بها المتنا ##فس ##ون ووسائل [MASK] خلال الحملة الانتخابية سلا ##ل : “ بين عيد العمال وذكر ##ى مجاز ##ر [MASK] [MASK] وقال ##مة وخر ##اط ##ة نت ##واعد ونت ##عاه ##د للمشاركة [MASK] في الانتخابات التشريعية “ في ختام الحملة [MASK] : زعماء الأحزاب يدعو ##ون إلى التوجه بقوة لص ##ناد ##يق الاقتراع وعدم [MASK] ##💖 إلى دعا ##ة ولذا بو ##خ ##زنة : التشريعي ##ات المقبلة “ تشكل فرصة [MASK] رجال ونساء قادرين على إيصال و تج ##سيد [SEP] « وتوفير [MASK] [MASK] اليا ##نص ##يب الفوري امس ##ح [MASK] اربح و بج ##وائز قيمة ##ؤم « كل ثلاثا ##ء ملايين اللي ##رات السورية [MASK] « خدمة [MASK] سحب يان ##صيب [MASK] دمشق الدولي عبر [MASK] [MASK] . . . [SEP]
INFO:tensorflow:input_ids: 2 622 2061 17194 1102 2459 25907 2094 1922 20740 4 2317 10275 10518 10947 1010 30 621 2117 4776 5460 5085 1102 28810 1017 4 4 2484 2113 23048 2423 1043 2682 5178 6246 21395 1016 10437 4 1912 4668 15169 621 1912 10985 10275 4 30 19288 10820 6833 1922 2045 13852 10202 4110 8000 3343 17508 5568 4 1248 2045 6430 1043 19349 3517 1036 11003 30 25877 1904 6775 621 9010 6549 4 4077 25467 22709 1961 29868 415 2214 19638 3 107 14521 4 4 17089 8979 2062 20084 4426 1032 4 29315 415 2821 7843 6256 21448 107 2038 15487 1053 6787 2115 2401 5307 4 107 4221 4 7995 8585 9937 4 5767 3423 2830 4 4 18 18 18 3
I1024 04:15:55.104876 47939261908032 create_pretraining_data.py:161] input_ids: 2 622 2061 17194 1102 2459 25907 2094 1922 20740 4 2317 10275 10518 10947 1010 30 621 2117 4776 5460 5085 1102 28810 1017 4 4 2484 2113 23048 2423 1043 2682 5178 6246 21395 1016 10437 4 1912 4668 15169 621 1912 10985 10275 4 30 19288 10820 6833 1922 2045 13852 10202 4110 8000 3343 17508 5568 4 1248 2045 6430 1043 19349 3517 1036 11003 30 25877 1904 6775 621 9010 6549 4 4077 25467 22709 1961 29868 415 2214 19638 3 107 14521 4 4 17089 8979 2062 20084 4426 1032 4 29315 415 2821 7843 6256 21448 107 2038 15487 1053 6787 2115 2401 5307 4 107 4221 4 7995 8585 9937 4 5767 3423 2830 4 4 18 18 18 3
INFO:tensorflow:input_mask: 1 1 1 1 1 1 1 1 1 1 1 1 1 1 1 1 1 1 1 1 1 1 1 1 1 1 1 1 1 1 1 1 1 1 1 1 1 1 1 1 1 1 1 1 1 1 1 1 1 1 1 1 1 1 1 1 1 1 1 1 1 1 1 1 1 1 1 1 1 1 1 1 1 1 1 1 1 1 1 1 1 1 1 1 1 1 1 1 1 1 1 1 1 1 1 1 1 1 1 1 1 1 1 1 1 1 1 1 1 1 1 1 1 1 1 1 1 1 1 1 1 1 1 1 1 1 1 1
I1024 04:15:55.105024 47939261908032 create_pretraining_data.py:161] input_mask: 1 1 1 1 1 1 1 1 1 1 1 1 1 1 1 1 1 1 1 1 1 1 1 1 1 1 1 1 1 1 1 1 1 1 1 1 1 1 1 1 1 1 1 1 1 1 1 1 1 1 1 1 1 1 1 1 1 1 1 1 1 1 1 1 1 1 1 1 1 1 1 1 1 1 1 1 1 1 1 1 1 1 1 1 1 1 1 1 1 1 1 1 1 1 1 1 1 1 1 1 1 1 1 1 1 1 1 1 1 1 1 1 1 1 1 1 1 1 1 1 1 1 1 1 1 1 1 1
INFO:tensorflow:segment_ids: 0 0 0 0 0 0 0 0 0 0 0 0 0 0 0 0 0 0 0 0 0 0 0 0 0 0 0 0 0 0 0 0 0 0 0 0 0 0 0 0 0 0 0 0 0 0 0 0 0 0 0 0 0 0 0 0 0 0 0 0 0 0 0 0 0 0 0 0 0 0 0 0 0 0 0 0 0 0 0 0 0 0 0 0 0 0 1 1 1 1 1 1 1 1 1 1 1 1 1 1 1 1 1 1 1 1 1 1 1 1 1 1 1 1 1 1 1 1 1 1 1 1 1 1 1 1 1 1
I1024 04:15:55.105178 47939261908032 create_pretraining_data.py:161] segment_ids: 0 0 0 0 0 0 0 0 0 0 0 0 0 0 0 0 0 0 0 0 0 0 0 0 0 0 0 0 0 0 0 0 0 0 0 0 0 0 0 0 0 0 0 0 0 0 0 0 0 0 0 0 0 0 0 0 0 0 0 0 0 0 0 0 0 0 0 0 0 0 0 0 0 0 0 0 0 0 0 0 0 0 0 0 0 0 1 1 1 1 1 1 1 1 1 1 1 1 1 1 1 1 1 1 1 1 1 1 1 1 1 1 1 1 1 1 1 1 1 1 1 1 1 1 1 1 1 1
INFO:tensorflow:masked_lm_positions: 10 25 26 38 46 60 61 65 76 87 88 89 96 102 111 114 118 122 123 0
I1024 04:15:55.105283 47939261908032 create_pretraining_data.py:161] masked_lm_positions: 10 25 26 38 46 60 61 65 76 87 88 89 96 102 111 114 118 122 123 0
INFO:tensorflow:masked_lm_ids: 6050 13095 2032 10202 10518 8022 4074 23224 22769 3303 1912 9863 415 114 114 4650 4992 55 17651 0
I1024 04:15:55.105384 47939261908032 create_pretraining_data.py:161] masked_lm_ids: 6050 13095 2032 10202 10518 8022 4074 23224 22769 3303 1912 9863 415 114 114 4650 4992 55 17651 0
INFO:tensorflow:masked_lm_weights: 1.0 1.0 1.0 1.0 1.0 1.0 1.0 1.0 1.0 1.0 1.0 1.0 1.0 1.0 1.0 1.0 1.0 1.0 1.0 0.0
I1024 04:15:55.105486 47939261908032 create_pretraining_data.py:161] masked_lm_weights: 1.0 1.0 1.0 1.0 1.0 1.0 1.0 1.0 1.0 1.0 1.0 1.0 1.0 1.0 1.0 1.0 1.0 1.0 1.0 0.0
INFO:tensorflow:next_sentence_labels: 1
I1024 04:15:55.105577 47939261908032 create_pretraining_data.py:161] next_sentence_labels: 1
INFO:tensorflow:*** Example ***
I1024 04:15:55.106330 47939261908032 create_pretraining_data.py:149] *** Example ***
INFO:tensorflow:tokens: [CLS] المري من روما : نطالب الجمعية العامة الراجحي المتحدة باست ##صدار اعلان عالمي لمنا ##ه ##ضة [MASK] [MASK] » د . المري يبحث آثار الحصار [MASK] قطر مع الأمين العام [MASK] الخارجية الإيطالية » اللجنة الوطنية لحقوق الإنسان تدعو لان ##عق ##اد اجتماع طار ##ئ لمجلس [MASK] [MASK] بشأن القدس » تحت عنوان “ 6 أشهر من الحصار . . ماذا بعد ؟ [SEP] الثانية المشكلة التصفيات [MASK] لأم ##م إفريقيا 2019 [MASK] قبل أن تبدأ الجبل ##اية في تنفيذ طلبات اللاعب . نائب المنظمة المصرية للقطاع الطبي : مافي ##ا عمليات المستشفيات الخاصة [MASK] شائعة [MASK] اجهزة [MASK] [MASK] بالمع ##هد القومي الرئيسية أخبار مصر صحة وحي ##اة محافظات سياسة [MASK] [MASK] اخبار العرب والعالم المرأة والمجتمع رياضة حوارات تقارير [MASK] [MASK] اقتصاد فن وظائف [SEP]
I1024 04:15:55.106513 47939261908032 create_pretraining_data.py:151] tokens: [CLS] المري من روما : نطالب الجمعية العامة الراجحي المتحدة باست ##صدار اعلان عالمي لمنا ##ه ##ضة [MASK] [MASK] » د . المري يبحث آثار الحصار [MASK] قطر مع الأمين العام [MASK] الخارجية الإيطالية » اللجنة الوطنية لحقوق الإنسان تدعو لان ##عق ##اد اجتماع طار ##ئ لمجلس [MASK] [MASK] بشأن القدس » تحت عنوان “ 6 أشهر من الحصار . . ماذا بعد ؟ [SEP] الثانية المشكلة التصفيات [MASK] لأم ##م إفريقيا 2019 [MASK] قبل أن تبدأ الجبل ##اية في تنفيذ طلبات اللاعب . نائب المنظمة المصرية للقطاع الطبي : مافي ##ا عمليات المستشفيات الخاصة [MASK] شائعة [MASK] اجهزة [MASK] [MASK] بالمع ##هد القومي الرئيسية أخبار مصر صحة وحي ##اة محافظات سياسة [MASK] [MASK] اخبار العرب والعالم المرأة والمجتمع رياضة حوارات تقارير [MASK] [MASK] اقتصاد فن وظائف [SEP]
INFO:tensorflow:input_ids: 2 9850 1908 11148 30 13988 5647 2754 8319 2687 3790 6625 6755 8286 26219 1028 3246 4 4 114 395 18 9850 6753 9788 10382 4 3984 1973 8060 2169 4 3796 12528 114 4450 3857 8009 4005 10443 2551 16808 1950 4877 17883 1042 10735 4 4 5380 5132 114 2538 5101 621 26 5912 1908 10382 18 18 4682 2089 380 3 3577 8247 23881 4 16008 1015 11155 6574 4 2289 1979 8754 11877 4744 1912 4609 4286 4136 18 5219 7784 4335 22584 3613 30 6058 1007 3998 12744 2847 4 27993 4 5820 4 4 7402 2146 9099 4099 3584 2559 5794 11145 3007 12783 6419 4 4 3300 3157 6912 3922 8731 9526 17136 7148 4 4 9267 3718 5695 3
I1024 04:15:55.106709 47939261908032 create_pretraining_data.py:161] input_ids: 2 9850 1908 11148 30 13988 5647 2754 8319 2687 3790 6625 6755 8286 26219 1028 3246 4 4 114 395 18 9850 6753 9788 10382 4 3984 1973 8060 2169 4 3796 12528 114 4450 3857 8009 4005 10443 2551 16808 1950 4877 17883 1042 10735 4 4 5380 5132 114 2538 5101 621 26 5912 1908 10382 18 18 4682 2089 380 3 3577 8247 23881 4 16008 1015 11155 6574 4 2289 1979 8754 11877 4744 1912 4609 4286 4136 18 5219 7784 4335 22584 3613 30 6058 1007 3998 12744 2847 4 27993 4 5820 4 4 7402 2146 9099 4099 3584 2559 5794 11145 3007 12783 6419 4 4 3300 3157 6912 3922 8731 9526 17136 7148 4 4 9267 3718 5695 3
INFO:tensorflow:input_mask: 1 1 1 1 1 1 1 1 1 1 1 1 1 1 1 1 1 1 1 1 1 1 1 1 1 1 1 1 1 1 1 1 1 1 1 1 1 1 1 1 1 1 1 1 1 1 1 1 1 1 1 1 1 1 1 1 1 1 1 1 1 1 1 1 1 1 1 1 1 1 1 1 1 1 1 1 1 1 1 1 1 1 1 1 1 1 1 1 1 1 1 1 1 1 1 1 1 1 1 1 1 1 1 1 1 1 1 1 1 1 1 1 1 1 1 1 1 1 1 1 1 1 1 1 1 1 1 1
I1024 04:15:55.106857 47939261908032 create_pretraining_data.py:161] input_mask: 1 1 1 1 1 1 1 1 1 1 1 1 1 1 1 1 1 1 1 1 1 1 1 1 1 1 1 1 1 1 1 1 1 1 1 1 1 1 1 1 1 1 1 1 1 1 1 1 1 1 1 1 1 1 1 1 1 1 1 1 1 1 1 1 1 1 1 1 1 1 1 1 1 1 1 1 1 1 1 1 1 1 1 1 1 1 1 1 1 1 1 1 1 1 1 1 1 1 1 1 1 1 1 1 1 1 1 1 1 1 1 1 1 1 1 1 1 1 1 1 1 1 1 1 1 1 1 1
INFO:tensorflow:segment_ids: 0 0 0 0 0 0 0 0 0 0 0 0 0 0 0 0 0 0 0 0 0 0 0 0 0 0 0 0 0 0 0 0 0 0 0 0 0 0 0 0 0 0 0 0 0 0 0 0 0 0 0 0 0 0 0 0 0 0 0 0 0 0 0 0 0 1 1 1 1 1 1 1 1 1 1 1 1 1 1 1 1 1 1 1 1 1 1 1 1 1 1 1 1 1 1 1 1 1 1 1 1 1 1 1 1 1 1 1 1 1 1 1 1 1 1 1 1 1 1 1 1 1 1 1 1 1 1 1
I1024 04:15:55.106994 47939261908032 create_pretraining_data.py:161] segment_ids: 0 0 0 0 0 0 0 0 0 0 0 0 0 0 0 0 0 0 0 0 0 0 0 0 0 0 0 0 0 0 0 0 0 0 0 0 0 0 0 0 0 0 0 0 0 0 0 0 0 0 0 0 0 0 0 0 0 0 0 0 0 0 0 0 0 1 1 1 1 1 1 1 1 1 1 1 1 1 1 1 1 1 1 1 1 1 1 1 1 1 1 1 1 1 1 1 1 1 1 1 1 1 1 1 1 1 1 1 1 1 1 1 1 1 1 1 1 1 1 1 1 1 1 1 1 1 1 1
INFO:tensorflow:masked_lm_positions: 8 17 18 26 31 43 47 48 66 68 73 95 97 99 100 112 113 122 123 0
I1024 04:15:55.107097 47939261908032 create_pretraining_data.py:161] masked_lm_positions: 8 17 18 26 31 43 47 48 66 68 73 95 97 99 100 112 113 122 123 0
INFO:tensorflow:masked_lm_ids: 12518 13248 9589 1961 14170 4877 3902 4005 1908 22458 378 5659 22321 13854 5831 5354 4930 13210 1904 0
I1024 04:15:55.107199 47939261908032 create_pretraining_data.py:161] masked_lm_ids: 12518 13248 9589 1961 14170 4877 3902 4005 1908 22458 378 5659 22321 13854 5831 5354 4930 13210 1904 0
INFO:tensorflow:masked_lm_weights: 1.0 1.0 1.0 1.0 1.0 1.0 1.0 1.0 1.0 1.0 1.0 1.0 1.0 1.0 1.0 1.0 1.0 1.0 1.0 0.0
I1024 04:15:55.107302 47939261908032 create_pretraining_data.py:161] masked_lm_weights: 1.0 1.0 1.0 1.0 1.0 1.0 1.0 1.0 1.0 1.0 1.0 1.0 1.0 1.0 1.0 1.0 1.0 1.0 1.0 0.0
INFO:tensorflow:next_sentence_labels: 1
I1024 04:15:55.107393 47939261908032 create_pretraining_data.py:161] next_sentence_labels: 1
INFO:tensorflow:*** Example ***
I1024 04:15:55.108159 47939261908032 create_pretraining_data.py:149] *** Example ***
INFO:tensorflow:tokens: [CLS] : | : . تحميل برنامج s ##na ##pt ##ube لمشاهدة وتح ##م . . . المشاركة [MASK] بواسطة وتحر [MASK] [MASK] [MASK] ##3 الحالات . [SEP] ##وهرات ربح ##ي [MASK] ##ن ، بلغ سعر بيع الغرام من المعد ##ن الاص ##فر عيار ##ي 24 و1 ##8 نحو 70 ##ر ##30 و 70 ##ر ##22 دينار على التوالي . وبين علا ##ن في تصريح له ان سعر الليرة الرشا ##دي وزن 7 غرام ##ات بلغ 195 دينار ##ا ، فيما بلغ سعر الليرة الانجليزي وزن 8 غرام [MASK] [MASK] ##5 دن ##اني ##ر . واوضح ان الاسعار غير شاملة [MASK] [MASK] الدم ##غة [MASK] من مؤسسة المواصفات والمقا ##يس والبا ##لغ ##ة 75 قر ##شا على [MASK] [MASK] بقياده الذهبية المصنعة محليا ودين ##ار و7 ##5 [SEP]
I1024 04:15:55.108378 47939261908032 create_pretraining_data.py:151] tokens: [CLS] : | : . تحميل برنامج s ##na ##pt ##ube لمشاهدة وتح ##م . . . المشاركة [MASK] بواسطة وتحر [MASK] [MASK] [MASK] ##3 الحالات . [SEP] ##وهرات ربح ##ي [MASK] ##ن ، بلغ سعر بيع الغرام من المعد ##ن الاص ##فر عيار ##ي 24 و1 ##8 نحو 70 ##ر ##30 و 70 ##ر ##22 دينار على التوالي . وبين علا ##ن في تصريح له ان سعر الليرة الرشا ##دي وزن 7 غرام ##ات بلغ 195 دينار ##ا ، فيما بلغ سعر الليرة الانجليزي وزن 8 غرام [MASK] [MASK] ##5 دن ##اني ##ر . واوضح ان الاسعار غير شاملة [MASK] [MASK] الدم ##غة [MASK] من مؤسسة المواصفات والمقا ##يس والبا ##لغ ##ة 75 قر ##شا على [MASK] [MASK] بقياده الذهبية المصنعة محليا ودين ##ار و7 ##5 [SEP]
INFO:tensorflow:input_ids: 2 30 96 30 18 3824 3189 87 29703 11574 10248 20220 3408 1015 18 18 18 4878 4 6888 19409 4 4 4 1076 9254 18 3 17793 13986 1013 4 1006 378 3854 4584 4116 15547 1908 5837 1006 4140 2051 27202 1013 3789 27910 1018 3487 7201 1017 4931 415 7201 1017 5476 5610 1961 11727 18 3944 3317 1006 1912 6932 2154 1939 4584 16637 6982 1930 15125 27 9111 1904 3854 9258 5610 1007 378 3200 3854 4584 16637 15081 15125 28 9111 4 4 1030 16780 2022 1017 18 13722 1939 9384 2224 13039 4 4 4479 5161 4 1908 5417 22329 20652 2036 24720 2048 1043 7094 2496 3786 1961 4 4 22635 14862 28080 20903 19575 1909 25007 1030 3
I1024 04:15:55.108569 47939261908032 create_pretraining_data.py:161] input_ids: 2 30 96 30 18 3824 3189 87 29703 11574 10248 20220 3408 1015 18 18 18 4878 4 6888 19409 4 4 4 1076 9254 18 3 17793 13986 1013 4 1006 378 3854 4584 4116 15547 1908 5837 1006 4140 2051 27202 1013 3789 27910 1018 3487 7201 1017 4931 415 7201 1017 5476 5610 1961 11727 18 3944 3317 1006 1912 6932 2154 1939 4584 16637 6982 1930 15125 27 9111 1904 3854 9258 5610 1007 378 3200 3854 4584 16637 15081 15125 28 9111 4 4 1030 16780 2022 1017 18 13722 1939 9384 2224 13039 4 4 4479 5161 4 1908 5417 22329 20652 2036 24720 2048 1043 7094 2496 3786 1961 4 4 22635 14862 28080 20903 19575 1909 25007 1030 3
INFO:tensorflow:input_mask: 1 1 1 1 1 1 1 1 1 1 1 1 1 1 1 1 1 1 1 1 1 1 1 1 1 1 1 1 1 1 1 1 1 1 1 1 1 1 1 1 1 1 1 1 1 1 1 1 1 1 1 1 1 1 1 1 1 1 1 1 1 1 1 1 1 1 1 1 1 1 1 1 1 1 1 1 1 1 1 1 1 1 1 1 1 1 1 1 1 1 1 1 1 1 1 1 1 1 1 1 1 1 1 1 1 1 1 1 1 1 1 1 1 1 1 1 1 1 1 1 1 1 1 1 1 1 1 1
I1024 04:15:55.108736 47939261908032 create_pretraining_data.py:161] input_mask: 1 1 1 1 1 1 1 1 1 1 1 1 1 1 1 1 1 1 1 1 1 1 1 1 1 1 1 1 1 1 1 1 1 1 1 1 1 1 1 1 1 1 1 1 1 1 1 1 1 1 1 1 1 1 1 1 1 1 1 1 1 1 1 1 1 1 1 1 1 1 1 1 1 1 1 1 1 1 1 1 1 1 1 1 1 1 1 1 1 1 1 1 1 1 1 1 1 1 1 1 1 1 1 1 1 1 1 1 1 1 1 1 1 1 1 1 1 1 1 1 1 1 1 1 1 1 1 1
INFO:tensorflow:segment_ids: 0 0 0 0 0 0 0 0 0 0 0 0 0 0 0 0 0 0 0 0 0 0 0 0 0 0 0 0 1 1 1 1 1 1 1 1 1 1 1 1 1 1 1 1 1 1 1 1 1 1 1 1 1 1 1 1 1 1 1 1 1 1 1 1 1 1 1 1 1 1 1 1 1 1 1 1 1 1 1 1 1 1 1 1 1 1 1 1 1 1 1 1 1 1 1 1 1 1 1 1 1 1 1 1 1 1 1 1 1 1 1 1 1 1 1 1 1 1 1 1 1 1 1 1 1 1 1 1
I1024 04:15:55.108889 47939261908032 create_pretraining_data.py:161] segment_ids: 0 0 0 0 0 0 0 0 0 0 0 0 0 0 0 0 0 0 0 0 0 0 0 0 0 0 0 0 1 1 1 1 1 1 1 1 1 1 1 1 1 1 1 1 1 1 1 1 1 1 1 1 1 1 1 1 1 1 1 1 1 1 1 1 1 1 1 1 1 1 1 1 1 1 1 1 1 1 1 1 1 1 1 1 1 1 1 1 1 1 1 1 1 1 1 1 1 1 1 1 1 1 1 1 1 1 1 1 1 1 1 1 1 1 1 1 1 1 1 1 1 1 1 1 1 1 1 1
INFO:tensorflow:masked_lm_positions: 18 20 21 22 23 24 25 31 32 87 88 89 90 100 101 104 117 118 119 0
I1024 04:15:55.109017 47939261908032 create_pretraining_data.py:161] masked_lm_positions: 18 20 21 22 23 24 25 31 32 87 88 89 90 100 101 104 117 118 119 0
INFO:tensorflow:masked_lm_ids: 4514 69 1092 1047 4977 1076 1025 3317 1006 9111 1904 2056 1030 21269 1967 28082 2242 6809 2160 0
I1024 04:15:55.109129 47939261908032 create_pretraining_data.py:161] masked_lm_ids: 4514 69 1092 1047 4977 1076 1025 3317 1006 9111 1904 2056 1030 21269 1967 28082 2242 6809 2160 0
INFO:tensorflow:masked_lm_weights: 1.0 1.0 1.0 1.0 1.0 1.0 1.0 1.0 1.0 1.0 1.0 1.0 1.0 1.0 1.0 1.0 1.0 1.0 1.0 0.0
I1024 04:15:55.109242 47939261908032 create_pretraining_data.py:161] masked_lm_weights: 1.0 1.0 1.0 1.0 1.0 1.0 1.0 1.0 1.0 1.0 1.0 1.0 1.0 1.0 1.0 1.0 1.0 1.0 1.0 0.0
INFO:tensorflow:next_sentence_labels: 1
I1024 04:15:55.109342 47939261908032 create_pretraining_data.py:161] next_sentence_labels: 1
INFO:tensorflow:*** Example ***
I1024 04:15:55.110133 47939261908032 create_pretraining_data.py:149] *** Example ***
INFO:tensorflow:tokens: [CLS] من المقال كشفت [MASK] [MASK] نظام التشغيل » . [MASK] يقول وقي ##ع الله « فقد انتقلت الحركة الإسلامية [MASK] - بحمد الله [MASK] من طور ##ها القديم لتصبح دولة حديثة ، وجي ##شا مهي ##با لوقت وجها ##زا أمني ##ا متي ##نا مكي ##نا رك ##ينا يحمي ##ها . [MASK] » . [MASK] رأي وقي ##ع [MASK] أن مبلغ نجاح الحركة ، أنها تحولت الى ٹ [SEP] وجها ##ز [MASK] متي ##ن مكي ##ن رك ##ين . . وهي بالضبط ذات الصفات التي انتقل بها حزب البعث في العراق من مجرد [MASK] الى « الخلافه حديثة بج ##يش مهي ##ب وجها [MASK] امن متي ##ن ومك ##ين رك ##ين » بلغت المفضلة القوة أنها كانت على مرمى حجر من [MASK] القن ##بل ##ة النووية . [SEP]
I1024 04:15:55.110330 47939261908032 create_pretraining_data.py:151] tokens: [CLS] من المقال كشفت [MASK] [MASK] نظام التشغيل » . [MASK] يقول وقي ##ع الله « فقد انتقلت الحركة الإسلامية [MASK] - بحمد الله [MASK] من طور ##ها القديم لتصبح دولة حديثة ، وجي ##شا مهي ##با لوقت وجها ##زا أمني ##ا متي ##نا مكي ##نا رك ##ينا يحمي ##ها . [MASK] » . [MASK] رأي وقي ##ع [MASK] أن مبلغ نجاح الحركة ، أنها تحولت الى ٹ [SEP] وجها ##ز [MASK] متي ##ن مكي ##ن رك ##ين . . وهي بالضبط ذات الصفات التي انتقل بها حزب البعث في العراق من مجرد [MASK] الى « الخلافه حديثة بج ##يش مهي ##ب وجها [MASK] امن متي ##ن ومك ##ين رك ##ين » بلغت المفضلة القوة أنها كانت على مرمى حجر من [MASK] القن ##بل ##ة النووية . [SEP]
INFO:tensorflow:input_ids: 2 1908 10260 9414 4 4 3701 8847 114 18 4 2722 14732 1009 1953 107 2901 20526 6045 3871 4 17 8823 1953 4 1908 19839 1913 7334 17238 3913 12054 378 26718 3786 26484 2013 29616 21824 3127 19188 1007 5917 1914 22931 1914 4422 2411 18551 1913 18 4 114 18 4 6907 14732 1009 4 1979 9020 5700 6045 378 3811 17746 2186 438 3 21824 1008 4 5917 1006 22931 1006 4422 1911 18 18 2843 13957 3492 18366 2061 4481 2459 3614 12500 1912 2906 1908 5278 4 2186 107 11333 12054 2821 2336 26484 1045 21824 4 4135 5917 1006 12742 1911 4422 1911 114 6922 19539 8112 3811 2431 1961 19065 8216 1908 4 12289 2108 1043 11790 18 3
I1024 04:15:55.110515 47939261908032 create_pretraining_data.py:161] input_ids: 2 1908 10260 9414 4 4 3701 8847 114 18 4 2722 14732 1009 1953 107 2901 20526 6045 3871 4 17 8823 1953 4 1908 19839 1913 7334 17238 3913 12054 378 26718 3786 26484 2013 29616 21824 3127 19188 1007 5917 1914 22931 1914 4422 2411 18551 1913 18 4 114 18 4 6907 14732 1009 4 1979 9020 5700 6045 378 3811 17746 2186 438 3 21824 1008 4 5917 1006 22931 1006 4422 1911 18 18 2843 13957 3492 18366 2061 4481 2459 3614 12500 1912 2906 1908 5278 4 2186 107 11333 12054 2821 2336 26484 1045 21824 4 4135 5917 1006 12742 1911 4422 1911 114 6922 19539 8112 3811 2431 1961 19065 8216 1908 4 12289 2108 1043 11790 18 3
INFO:tensorflow:input_mask: 1 1 1 1 1 1 1 1 1 1 1 1 1 1 1 1 1 1 1 1 1 1 1 1 1 1 1 1 1 1 1 1 1 1 1 1 1 1 1 1 1 1 1 1 1 1 1 1 1 1 1 1 1 1 1 1 1 1 1 1 1 1 1 1 1 1 1 1 1 1 1 1 1 1 1 1 1 1 1 1 1 1 1 1 1 1 1 1 1 1 1 1 1 1 1 1 1 1 1 1 1 1 1 1 1 1 1 1 1 1 1 1 1 1 1 1 1 1 1 1 1 1 1 1 1 1 1 1
I1024 04:15:55.110697 47939261908032 create_pretraining_data.py:161] input_mask: 1 1 1 1 1 1 1 1 1 1 1 1 1 1 1 1 1 1 1 1 1 1 1 1 1 1 1 1 1 1 1 1 1 1 1 1 1 1 1 1 1 1 1 1 1 1 1 1 1 1 1 1 1 1 1 1 1 1 1 1 1 1 1 1 1 1 1 1 1 1 1 1 1 1 1 1 1 1 1 1 1 1 1 1 1 1 1 1 1 1 1 1 1 1 1 1 1 1 1 1 1 1 1 1 1 1 1 1 1 1 1 1 1 1 1 1 1 1 1 1 1 1 1 1 1 1 1 1
INFO:tensorflow:segment_ids: 0 0 0 0 0 0 0 0 0 0 0 0 0 0 0 0 0 0 0 0 0 0 0 0 0 0 0 0 0 0 0 0 0 0 0 0 0 0 0 0 0 0 0 0 0 0 0 0 0 0 0 0 0 0 0 0 0 0 0 0 0 0 0 0 0 0 0 0 0 1 1 1 1 1 1 1 1 1 1 1 1 1 1 1 1 1 1 1 1 1 1 1 1 1 1 1 1 1 1 1 1 1 1 1 1 1 1 1 1 1 1 1 1 1 1 1 1 1 1 1 1 1 1 1 1 1 1 1
I1024 04:15:55.110850 47939261908032 create_pretraining_data.py:161] segment_ids: 0 0 0 0 0 0 0 0 0 0 0 0 0 0 0 0 0 0 0 0 0 0 0 0 0 0 0 0 0 0 0 0 0 0 0 0 0 0 0 0 0 0 0 0 0 0 0 0 0 0 0 0 0 0 0 0 0 0 0 0 0 0 0 0 0 0 0 0 0 1 1 1 1 1 1 1 1 1 1 1 1 1 1 1 1 1 1 1 1 1 1 1 1 1 1 1 1 1 1 1 1 1 1 1 1 1 1 1 1 1 1 1 1 1 1 1 1 1 1 1 1 1 1 1 1 1 1 1
INFO:tensorflow:masked_lm_positions: 4 5 7 10 20 24 37 51 54 58 67 71 93 96 102 103 113 115 121 0
I1024 04:15:55.110964 47939261908032 create_pretraining_data.py:161] masked_lm_positions: 4 5 7 10 20 24 37 51 54 58 67 71 93 96 102 103 113 115 121 0
INFO:tensorflow:masked_lm_ids: 20967 107 8847 18 11322 17 378 18 1912 1953 3913 4135 3614 3913 21824 1008 1908 3811 17486 0
I1024 04:15:55.111072 47939261908032 create_pretraining_data.py:161] masked_lm_ids: 20967 107 8847 18 11322 17 378 18 1912 1953 3913 4135 3614 3913 21824 1008 1908 3811 17486 0
INFO:tensorflow:masked_lm_weights: 1.0 1.0 1.0 1.0 1.0 1.0 1.0 1.0 1.0 1.0 1.0 1.0 1.0 1.0 1.0 1.0 1.0 1.0 1.0 0.0
I1024 04:15:55.111183 47939261908032 create_pretraining_data.py:161] masked_lm_weights: 1.0 1.0 1.0 1.0 1.0 1.0 1.0 1.0 1.0 1.0 1.0 1.0 1.0 1.0 1.0 1.0 1.0 1.0 1.0 0.0
INFO:tensorflow:next_sentence_labels: 0
I1024 04:15:55.111283 47939261908032 create_pretraining_data.py:161] next_sentence_labels: 0
INFO:tensorflow:*** Example ***
I1024 04:15:55.112084 47939261908032 create_pretraining_data.py:149] *** Example ***
INFO:tensorflow:tokens: [CLS] إذ أعلن صندوق النقد العربي ، أمس الاثنين ، موافق ##ته على منح المغرب ##راح [MASK] جديدا بقيمة 27 ##6 ##سع دولار سيخ ##صص ل " [MASK] الإصلاح ##ات الهيكل ##ية التي يعت [MASK] [MASK] أجر ##أته ##ا في قطاع [MASK] العمومية " وهذا [MASK] يعتبر الرابع من نوعه الذي يحصل عليه المغرب [MASK] بداية شهر دجن ##بر الجاري . [SEP] مرمى لن ##يران فرق المعارضة بمجلس المستشار ##ين [MASK] ##هم حزب الاستقلال ومحمد مبد ##يع الوزير المنت ##دب المكلف بالو ##ظيفة العمومية كشف ، أمس الاثنين أمام [MASK] الثانية ، أنه " رغم المجه ##ودا ##ت المبذ ##ولة لمحا ##صرة [MASK] [MASK] ك ##ظاهرة مشي ##وليه ، فإن الحكومة واع ##ية بمح ##دود ##ية النتائج المح ##صلة [MASK] ، مؤكدا أن [MASK] تعمل حاليا على [SEP]
I1024 04:15:55.112285 47939261908032 create_pretraining_data.py:151] tokens: [CLS] إذ أعلن صندوق النقد العربي ، أمس الاثنين ، موافق ##ته على منح المغرب ##راح [MASK] جديدا بقيمة 27 ##6 ##سع دولار سيخ ##صص ل " [MASK] الإصلاح ##ات الهيكل ##ية التي يعت [MASK] [MASK] أجر ##أته ##ا في قطاع [MASK] العمومية " وهذا [MASK] يعتبر الرابع من نوعه الذي يحصل عليه المغرب [MASK] بداية شهر دجن ##بر الجاري . [SEP] مرمى لن ##يران فرق المعارضة بمجلس المستشار ##ين [MASK] ##هم حزب الاستقلال ومحمد مبد ##يع الوزير المنت ##دب المكلف بالو ##ظيفة العمومية كشف ، أمس الاثنين أمام [MASK] الثانية ، أنه " رغم المجه ##ودا ##ت المبذ ##ولة لمحا ##صرة [MASK] [MASK] ك ##ظاهرة مشي ##وليه ، فإن الحكومة واع ##ية بمح ##دود ##ية النتائج المح ##صلة [MASK] ، مؤكدا أن [MASK] تعمل حاليا على [SEP]
INFO:tensorflow:input_ids: 2 4348 4359 7967 7572 2659 378 3924 4439 378 19229 2076 1961 6859 3768 3326 4 9641 10456 4672 1079 7165 3372 25785 20585 411 6 4 13173 1904 26853 1910 2061 3404 4 4 12428 20872 1007 1912 4767 4 9305 6 3265 4 5305 5677 1908 21631 2130 6740 2181 3768 4 4834 3282 29341 1997 6963 18 3 19065 2404 2449 5956 7063 15888 9043 1911 4 1949 3614 8338 8307 8196 2105 5581 2237 9055 10390 19442 6586 9305 4361 378 3924 4439 3500 4 3577 378 2590 6 3685 14398 5847 1005 26426 2264 17787 7975 4 4 410 15734 20284 14072 378 3027 3130 4780 1910 6693 11762 1910 7665 2314 6330 4 378 6993 1979 4 4811 4371 1961 3
I1024 04:15:55.112491 47939261908032 create_pretraining_data.py:161] input_ids: 2 4348 4359 7967 7572 2659 378 3924 4439 378 19229 2076 1961 6859 3768 3326 4 9641 10456 4672 1079 7165 3372 25785 20585 411 6 4 13173 1904 26853 1910 2061 3404 4 4 12428 20872 1007 1912 4767 4 9305 6 3265 4 5305 5677 1908 21631 2130 6740 2181 3768 4 4834 3282 29341 1997 6963 18 3 19065 2404 2449 5956 7063 15888 9043 1911 4 1949 3614 8338 8307 8196 2105 5581 2237 9055 10390 19442 6586 9305 4361 378 3924 4439 3500 4 3577 378 2590 6 3685 14398 5847 1005 26426 2264 17787 7975 4 4 410 15734 20284 14072 378 3027 3130 4780 1910 6693 11762 1910 7665 2314 6330 4 378 6993 1979 4 4811 4371 1961 3
INFO:tensorflow:input_mask: 1 1 1 1 1 1 1 1 1 1 1 1 1 1 1 1 1 1 1 1 1 1 1 1 1 1 1 1 1 1 1 1 1 1 1 1 1 1 1 1 1 1 1 1 1 1 1 1 1 1 1 1 1 1 1 1 1 1 1 1 1 1 1 1 1 1 1 1 1 1 1 1 1 1 1 1 1 1 1 1 1 1 1 1 1 1 1 1 1 1 1 1 1 1 1 1 1 1 1 1 1 1 1 1 1 1 1 1 1 1 1 1 1 1 1 1 1 1 1 1 1 1 1 1 1 1 1 1
I1024 04:15:55.112660 47939261908032 create_pretraining_data.py:161] input_mask: 1 1 1 1 1 1 1 1 1 1 1 1 1 1 1 1 1 1 1 1 1 1 1 1 1 1 1 1 1 1 1 1 1 1 1 1 1 1 1 1 1 1 1 1 1 1 1 1 1 1 1 1 1 1 1 1 1 1 1 1 1 1 1 1 1 1 1 1 1 1 1 1 1 1 1 1 1 1 1 1 1 1 1 1 1 1 1 1 1 1 1 1 1 1 1 1 1 1 1 1 1 1 1 1 1 1 1 1 1 1 1 1 1 1 1 1 1 1 1 1 1 1 1 1 1 1 1 1
INFO:tensorflow:segment_ids: 0 0 0 0 0 0 0 0 0 0 0 0 0 0 0 0 0 0 0 0 0 0 0 0 0 0 0 0 0 0 0 0 0 0 0 0 0 0 0 0 0 0 0 0 0 0 0 0 0 0 0 0 0 0 0 0 0 0 0 0 0 0 1 1 1 1 1 1 1 1 1 1 1 1 1 1 1 1 1 1 1 1 1 1 1 1 1 1 1 1 1 1 1 1 1 1 1 1 1 1 1 1 1 1 1 1 1 1 1 1 1 1 1 1 1 1 1 1 1 1 1 1 1 1 1 1 1 1
I1024 04:15:55.112813 47939261908032 create_pretraining_data.py:161] segment_ids: 0 0 0 0 0 0 0 0 0 0 0 0 0 0 0 0 0 0 0 0 0 0 0 0 0 0 0 0 0 0 0 0 0 0 0 0 0 0 0 0 0 0 0 0 0 0 0 0 0 0 0 0 0 0 0 0 0 0 0 0 0 0 1 1 1 1 1 1 1 1 1 1 1 1 1 1 1 1 1 1 1 1 1 1 1 1 1 1 1 1 1 1 1 1 1 1 1 1 1 1 1 1 1 1 1 1 1 1 1 1 1 1 1 1 1 1 1 1 1 1 1 1 1 1 1 1 1 1
INFO:tensorflow:masked_lm_positions: 15 16 21 27 33 34 35 41 45 54 70 71 89 102 103 106 107 119 123 0
I1024 04:15:55.112927 47939261908032 create_pretraining_data.py:161] masked_lm_positions: 15 16 21 27 33 34 35 41 45 54 70 71 89 102 103 106 107 119 123 0
INFO:tensorflow:masked_lm_ids: 9016 1007 3193 3592 3404 2741 3768 4331 17626 2837 14509 1949 9821 14160 2587 20284 2151 6 3130 0
I1024 04:15:55.113048 47939261908032 create_pretraining_data.py:161] masked_lm_ids: 9016 1007 3193 3592 3404 2741 3768 4331 17626 2837 14509 1949 9821 14160 2587 20284 2151 6 3130 0
INFO:tensorflow:masked_lm_weights: 1.0 1.0 1.0 1.0 1.0 1.0 1.0 1.0 1.0 1.0 1.0 1.0 1.0 1.0 1.0 1.0 1.0 1.0 1.0 0.0
I1024 04:15:55.113160 47939261908032 create_pretraining_data.py:161] masked_lm_weights: 1.0 1.0 1.0 1.0 1.0 1.0 1.0 1.0 1.0 1.0 1.0 1.0 1.0 1.0 1.0 1.0 1.0 1.0 1.0 0.0
INFO:tensorflow:next_sentence_labels: 0
I1024 04:15:55.113260 47939261908032 create_pretraining_data.py:161] next_sentence_labels: 0
INFO:tensorflow:Wrote 6670212 total instances
I1024 05:00:01.839054 47939261908032 create_pretraining_data.py:166] Wrote 6670212 total instances
