Loading module 'all'
WARNING:tensorflow:From ../bert/create_pretraining_data.py:469: The name tf.app.run is deprecated. Please use tf.compat.v1.app.run instead.

WARNING:tensorflow:From ../bert/create_pretraining_data.py:437: The name tf.logging.set_verbosity is deprecated. Please use tf.compat.v1.logging.set_verbosity instead.

W1024 05:02:26.189351 47331883926592 module_wrapper.py:139] From ../bert/create_pretraining_data.py:437: The name tf.logging.set_verbosity is deprecated. Please use tf.compat.v1.logging.set_verbosity instead.

WARNING:tensorflow:From ../bert/create_pretraining_data.py:437: The name tf.logging.INFO is deprecated. Please use tf.compat.v1.logging.INFO instead.

W1024 05:02:26.189599 47331883926592 module_wrapper.py:139] From ../bert/create_pretraining_data.py:437: The name tf.logging.INFO is deprecated. Please use tf.compat.v1.logging.INFO instead.

WARNING:tensorflow:From /scratch/gi372/camel-mlm/bert/tokenization.py:125: The name tf.gfile.GFile is deprecated. Please use tf.io.gfile.GFile instead.

W1024 05:02:26.189826 47331883926592 module_wrapper.py:139] From /scratch/gi372/camel-mlm/bert/tokenization.py:125: The name tf.gfile.GFile is deprecated. Please use tf.io.gfile.GFile instead.

WARNING:tensorflow:From ../bert/create_pretraining_data.py:444: The name tf.gfile.Glob is deprecated. Please use tf.io.gfile.glob instead.

W1024 05:02:26.293081 47331883926592 module_wrapper.py:139] From ../bert/create_pretraining_data.py:444: The name tf.gfile.Glob is deprecated. Please use tf.io.gfile.glob instead.

WARNING:tensorflow:From ../bert/create_pretraining_data.py:446: The name tf.logging.info is deprecated. Please use tf.compat.v1.logging.info instead.

W1024 05:02:26.319197 47331883926592 module_wrapper.py:139] From ../bert/create_pretraining_data.py:446: The name tf.logging.info is deprecated. Please use tf.compat.v1.logging.info instead.

INFO:tensorflow:*** Reading from input files ***
I1024 05:02:26.319462 47331883926592 create_pretraining_data.py:446] *** Reading from input files ***
INFO:tensorflow:  ../corpora/shards/MSA-oscar-unshuffled.docs.shard.084.normalized.sents
I1024 05:02:26.319563 47331883926592 create_pretraining_data.py:448]   ../corpora/shards/MSA-oscar-unshuffled.docs.shard.084.normalized.sents
INFO:tensorflow:*** Writing to output files ***
I1024 06:28:07.642999 47331883926592 create_pretraining_data.py:457] *** Writing to output files ***
INFO:tensorflow:  ../corpora/tf_records/MSA-oscar-unshuffled.docs.shard.084.tf_record
I1024 06:28:07.673580 47331883926592 create_pretraining_data.py:459]   ../corpora/tf_records/MSA-oscar-unshuffled.docs.shard.084.tf_record
WARNING:tensorflow:From ../bert/create_pretraining_data.py:101: The name tf.python_io.TFRecordWriter is deprecated. Please use tf.io.TFRecordWriter instead.

W1024 06:28:07.691189 47331883926592 module_wrapper.py:139] From ../bert/create_pretraining_data.py:101: The name tf.python_io.TFRecordWriter is deprecated. Please use tf.io.TFRecordWriter instead.

INFO:tensorflow:*** Example ***
I1024 06:28:07.729492 47331883926592 create_pretraining_data.py:149] *** Example ***
INFO:tensorflow:tokens: [CLS] نا ##ين fem ##i ##9 بدأت التن ##زيل ##ات والعروض المميزة بجميع الفروع بالسعودية تخفيضات السعودية [MASK] [MASK] تخفيضات وتن ##زيل ##ات [MASK] 2014 - No ##v - Sun 08 : 36 PM مازالت مارك ##ة في ##مي نا ##ين [MASK] بالت ##خف ##يض ##ات [MASK] [MASK] [MASK] في جميع فروع ##هم بالسعودية تخفيضات السعودية [MASK] ستي تخفيضات وتن ##زيل ##ات 0 2013 - De ##c - Sun [SEP] بار LED لطيفة بالفعل [MASK] موقع ممتاز مع العديد [MASK] الشمس [MASK] ##ظلات على الشاطئ ! الوجبات الخفيفة كانت لطيفة بالفعل وارس غير مك ##لف في جميع [MASK] حجز ##نا تناول وجبة الغداء في 15 يورو 2 أسابيع السبت الساعة 16 : 00 في الجزء الخلف ##ي من المطعم . أثناء الانتظار [MASK] ##يد 20 [MASK] . [SEP]
I1024 06:28:07.732153 47331883926592 create_pretraining_data.py:151] tokens: [CLS] نا ##ين fem ##i ##9 بدأت التن ##زيل ##ات والعروض المميزة بجميع الفروع بالسعودية تخفيضات السعودية [MASK] [MASK] تخفيضات وتن ##زيل ##ات [MASK] 2014 - No ##v - Sun 08 : 36 PM مازالت مارك ##ة في ##مي نا ##ين [MASK] بالت ##خف ##يض ##ات [MASK] [MASK] [MASK] في جميع فروع ##هم بالسعودية تخفيضات السعودية [MASK] ستي تخفيضات وتن ##زيل ##ات 0 2013 - De ##c - Sun [SEP] بار LED لطيفة بالفعل [MASK] موقع ممتاز مع العديد [MASK] الشمس [MASK] ##ظلات على الشاطئ ! الوجبات الخفيفة كانت لطيفة بالفعل وارس غير مك ##لف في جميع [MASK] حجز ##نا تناول وجبة الغداء في 15 يورو 2 أسابيع السبت الساعة 16 : 00 في الجزء الخلف ##ي من المطعم . أثناء الانتظار [MASK] ##يد 20 [MASK] . [SEP]
INFO:tensorflow:input_ids: 2 3630 1911 13119 1050 1077 6201 2918 13368 1904 27500 8969 8921 25710 28749 14290 3032 4 4 14290 4504 13368 1904 4 4296 17 29548 1073 17 25356 6006 30 6676 6033 17056 6108 1043 1912 1960 3630 1911 4 2619 25013 12264 1904 4 4 4 1912 2561 12738 1949 28749 14290 3032 4 6426 14290 4504 13368 1904 20 4411 17 13553 1024 17 25356 3 3434 24191 26632 8633 4 2867 9513 1973 4145 4 5020 4 29168 1961 20821 5 20321 25544 2431 26632 8633 22914 2224 2708 1946 1912 2561 4 11439 1914 6778 19676 29474 1912 2986 9518 22 15188 4215 4578 3367 30 4200 1912 6406 7992 1013 1908 20852 18 5273 11374 4 1983 2056 4 18 3
I1024 06:28:07.733424 47331883926592 create_pretraining_data.py:161] input_ids: 2 3630 1911 13119 1050 1077 6201 2918 13368 1904 27500 8969 8921 25710 28749 14290 3032 4 4 14290 4504 13368 1904 4 4296 17 29548 1073 17 25356 6006 30 6676 6033 17056 6108 1043 1912 1960 3630 1911 4 2619 25013 12264 1904 4 4 4 1912 2561 12738 1949 28749 14290 3032 4 6426 14290 4504 13368 1904 20 4411 17 13553 1024 17 25356 3 3434 24191 26632 8633 4 2867 9513 1973 4145 4 5020 4 29168 1961 20821 5 20321 25544 2431 26632 8633 22914 2224 2708 1946 1912 2561 4 11439 1914 6778 19676 29474 1912 2986 9518 22 15188 4215 4578 3367 30 4200 1912 6406 7992 1013 1908 20852 18 5273 11374 4 1983 2056 4 18 3
INFO:tensorflow:input_mask: 1 1 1 1 1 1 1 1 1 1 1 1 1 1 1 1 1 1 1 1 1 1 1 1 1 1 1 1 1 1 1 1 1 1 1 1 1 1 1 1 1 1 1 1 1 1 1 1 1 1 1 1 1 1 1 1 1 1 1 1 1 1 1 1 1 1 1 1 1 1 1 1 1 1 1 1 1 1 1 1 1 1 1 1 1 1 1 1 1 1 1 1 1 1 1 1 1 1 1 1 1 1 1 1 1 1 1 1 1 1 1 1 1 1 1 1 1 1 1 1 1 1 1 1 1 1 1 1
I1024 06:28:07.733588 47331883926592 create_pretraining_data.py:161] input_mask: 1 1 1 1 1 1 1 1 1 1 1 1 1 1 1 1 1 1 1 1 1 1 1 1 1 1 1 1 1 1 1 1 1 1 1 1 1 1 1 1 1 1 1 1 1 1 1 1 1 1 1 1 1 1 1 1 1 1 1 1 1 1 1 1 1 1 1 1 1 1 1 1 1 1 1 1 1 1 1 1 1 1 1 1 1 1 1 1 1 1 1 1 1 1 1 1 1 1 1 1 1 1 1 1 1 1 1 1 1 1 1 1 1 1 1 1 1 1 1 1 1 1 1 1 1 1 1 1
INFO:tensorflow:segment_ids: 0 0 0 0 0 0 0 0 0 0 0 0 0 0 0 0 0 0 0 0 0 0 0 0 0 0 0 0 0 0 0 0 0 0 0 0 0 0 0 0 0 0 0 0 0 0 0 0 0 0 0 0 0 0 0 0 0 0 0 0 0 0 0 0 0 0 0 0 0 0 1 1 1 1 1 1 1 1 1 1 1 1 1 1 1 1 1 1 1 1 1 1 1 1 1 1 1 1 1 1 1 1 1 1 1 1 1 1 1 1 1 1 1 1 1 1 1 1 1 1 1 1 1 1 1 1 1 1
I1024 06:28:07.733741 47331883926592 create_pretraining_data.py:161] segment_ids: 0 0 0 0 0 0 0 0 0 0 0 0 0 0 0 0 0 0 0 0 0 0 0 0 0 0 0 0 0 0 0 0 0 0 0 0 0 0 0 0 0 0 0 0 0 0 0 0 0 0 0 0 0 0 0 0 0 0 0 0 0 0 0 0 0 0 0 0 0 0 1 1 1 1 1 1 1 1 1 1 1 1 1 1 1 1 1 1 1 1 1 1 1 1 1 1 1 1 1 1 1 1 1 1 1 1 1 1 1 1 1 1 1 1 1 1 1 1 1 1 1 1 1 1 1 1 1 1
INFO:tensorflow:masked_lm_positions: 17 18 23 41 46 47 48 56 71 74 79 81 82 91 97 117 122 123 125 0
I1024 06:28:07.733848 47331883926592 create_pretraining_data.py:161] masked_lm_positions: 17 18 23 41 46 47 48 56 71 74 79 81 82 91 97 117 122 123 125 0
INFO:tensorflow:masked_lm_ids: 4559 6426 20 13276 6987 13368 1904 4559 20821 18 1908 2081 29168 3720 3863 1908 5372 17914 9518 0
I1024 06:28:07.733949 47331883926592 create_pretraining_data.py:161] masked_lm_ids: 4559 6426 20 13276 6987 13368 1904 4559 20821 18 1908 2081 29168 3720 3863 1908 5372 17914 9518 0
INFO:tensorflow:masked_lm_weights: 1.0 1.0 1.0 1.0 1.0 1.0 1.0 1.0 1.0 1.0 1.0 1.0 1.0 1.0 1.0 1.0 1.0 1.0 1.0 0.0
I1024 06:28:07.735066 47331883926592 create_pretraining_data.py:161] masked_lm_weights: 1.0 1.0 1.0 1.0 1.0 1.0 1.0 1.0 1.0 1.0 1.0 1.0 1.0 1.0 1.0 1.0 1.0 1.0 1.0 0.0
INFO:tensorflow:next_sentence_labels: 1
I1024 06:28:07.735171 47331883926592 create_pretraining_data.py:161] next_sentence_labels: 1
INFO:tensorflow:*** Example ***
I1024 06:28:07.736011 47331883926592 create_pretraining_data.py:149] *** Example ***
INFO:tensorflow:tokens: [CLS] رئيس جامعة الزقازيق يؤكد أن مهنة التمريض من أسم ##ي المهن في الوجود و كليات [MASK] أصبحت من كليات القمة [MASK] جامعة الزقازيق مخاط ##با [MASK] خلال المؤتمر [MASK] [MASK] : اجعل ##وا [MASK] جامع ##تكم منا ##رة علم في [MASK] المجالات [SEP] الكامل تكلم ##نا في البحث السابق عن الأعراف الأدلة الجديدة التي تظهر بعد التحقيق وأ ##ثره ##ا على الدعوى . . . ونقول بأن لهذه الأدلة الجديدة . . مفهوم ##ا ##0 واسعا ومد ##لول ##ا شامل ##ا [MASK] [MASK] [MASK] دائ ##رتها إلى الحد الذي يمكن من خلاله الوصول إلى حقيقة الواقعة من [MASK] أسباب ##ها , . . . النص الكامل [MASK] الثورة | | الموقف الرياضي | | الجماهير | | الوحدة | | العرو ##بة [MASK] | [MASK] [MASK] [SEP]
I1024 06:28:07.736212 47331883926592 create_pretraining_data.py:151] tokens: [CLS] رئيس جامعة الزقازيق يؤكد أن مهنة التمريض من أسم ##ي المهن في الوجود و كليات [MASK] أصبحت من كليات القمة [MASK] جامعة الزقازيق مخاط ##با [MASK] خلال المؤتمر [MASK] [MASK] : اجعل ##وا [MASK] جامع ##تكم منا ##رة علم في [MASK] المجالات [SEP] الكامل تكلم ##نا في البحث السابق عن الأعراف الأدلة الجديدة التي تظهر بعد التحقيق وأ ##ثره ##ا على الدعوى . . . ونقول بأن لهذه الأدلة الجديدة . . مفهوم ##ا ##0 واسعا ومد ##لول ##ا شامل ##ا [MASK] [MASK] [MASK] دائ ##رتها إلى الحد الذي يمكن من خلاله الوصول إلى حقيقة الواقعة من [MASK] أسباب ##ها , . . . النص الكامل [MASK] الثورة | | الموقف الرياضي | | الجماهير | | الوحدة | | العرو ##بة [MASK] | [MASK] [MASK] [SEP]
INFO:tensorflow:input_ids: 2 2426 4175 23874 7004 1979 22100 26242 1908 23183 1013 23895 1912 10675 415 17662 4 8342 1908 17662 10178 4 4175 23874 22155 2013 4 2317 4998 4 4 30 4608 1928 4 10626 7145 3501 2037 2689 1912 4 8829 3 9409 8873 1914 1912 3574 3905 1955 28094 21914 3895 2061 7010 2089 7222 2073 9801 1007 1961 18010 18 18 18 24195 3010 5087 21914 3895 18 18 10294 1007 1071 23264 8302 3576 1007 12214 1007 4 4 4 2991 8886 2045 3259 2130 2490 1908 10899 5710 2045 7789 10656 1908 4 7852 1913 16 18 18 18 4303 9409 4 6526 96 96 7937 5747 96 96 8328 96 96 7877 96 96 12989 2215 4 96 4 4 3
I1024 06:28:07.736389 47331883926592 create_pretraining_data.py:161] input_ids: 2 2426 4175 23874 7004 1979 22100 26242 1908 23183 1013 23895 1912 10675 415 17662 4 8342 1908 17662 10178 4 4175 23874 22155 2013 4 2317 4998 4 4 30 4608 1928 4 10626 7145 3501 2037 2689 1912 4 8829 3 9409 8873 1914 1912 3574 3905 1955 28094 21914 3895 2061 7010 2089 7222 2073 9801 1007 1961 18010 18 18 18 24195 3010 5087 21914 3895 18 18 10294 1007 1071 23264 8302 3576 1007 12214 1007 4 4 4 2991 8886 2045 3259 2130 2490 1908 10899 5710 2045 7789 10656 1908 4 7852 1913 16 18 18 18 4303 9409 4 6526 96 96 7937 5747 96 96 8328 96 96 7877 96 96 12989 2215 4 96 4 4 3
INFO:tensorflow:input_mask: 1 1 1 1 1 1 1 1 1 1 1 1 1 1 1 1 1 1 1 1 1 1 1 1 1 1 1 1 1 1 1 1 1 1 1 1 1 1 1 1 1 1 1 1 1 1 1 1 1 1 1 1 1 1 1 1 1 1 1 1 1 1 1 1 1 1 1 1 1 1 1 1 1 1 1 1 1 1 1 1 1 1 1 1 1 1 1 1 1 1 1 1 1 1 1 1 1 1 1 1 1 1 1 1 1 1 1 1 1 1 1 1 1 1 1 1 1 1 1 1 1 1 1 1 1 1 1 1
I1024 06:28:07.736551 47331883926592 create_pretraining_data.py:161] input_mask: 1 1 1 1 1 1 1 1 1 1 1 1 1 1 1 1 1 1 1 1 1 1 1 1 1 1 1 1 1 1 1 1 1 1 1 1 1 1 1 1 1 1 1 1 1 1 1 1 1 1 1 1 1 1 1 1 1 1 1 1 1 1 1 1 1 1 1 1 1 1 1 1 1 1 1 1 1 1 1 1 1 1 1 1 1 1 1 1 1 1 1 1 1 1 1 1 1 1 1 1 1 1 1 1 1 1 1 1 1 1 1 1 1 1 1 1 1 1 1 1 1 1 1 1 1 1 1 1
INFO:tensorflow:segment_ids: 0 0 0 0 0 0 0 0 0 0 0 0 0 0 0 0 0 0 0 0 0 0 0 0 0 0 0 0 0 0 0 0 0 0 0 0 0 0 0 0 0 0 0 0 1 1 1 1 1 1 1 1 1 1 1 1 1 1 1 1 1 1 1 1 1 1 1 1 1 1 1 1 1 1 1 1 1 1 1 1 1 1 1 1 1 1 1 1 1 1 1 1 1 1 1 1 1 1 1 1 1 1 1 1 1 1 1 1 1 1 1 1 1 1 1 1 1 1 1 1 1 1 1 1 1 1 1 1
I1024 06:28:07.736702 47331883926592 create_pretraining_data.py:161] segment_ids: 0 0 0 0 0 0 0 0 0 0 0 0 0 0 0 0 0 0 0 0 0 0 0 0 0 0 0 0 0 0 0 0 0 0 0 0 0 0 0 0 0 0 0 0 1 1 1 1 1 1 1 1 1 1 1 1 1 1 1 1 1 1 1 1 1 1 1 1 1 1 1 1 1 1 1 1 1 1 1 1 1 1 1 1 1 1 1 1 1 1 1 1 1 1 1 1 1 1 1 1 1 1 1 1 1 1 1 1 1 1 1 1 1 1 1 1 1 1 1 1 1 1 1 1 1 1 1 1
INFO:tensorflow:masked_lm_positions: 1 16 21 22 26 29 30 34 41 51 76 82 83 84 98 107 123 125 126 0
I1024 06:28:07.736807 47331883926592 create_pretraining_data.py:161] masked_lm_positions: 1 16 21 22 26 29 30 34 41 51 76 82 83 84 98 107 123 125 126 0
INFO:tensorflow:masked_lm_ids: 2426 26242 2426 4175 5357 24934 2217 1908 2561 10294 23264 16 2585 23338 2455 96 96 1980 3047 0
I1024 06:28:07.736907 47331883926592 create_pretraining_data.py:161] masked_lm_ids: 2426 26242 2426 4175 5357 24934 2217 1908 2561 10294 23264 16 2585 23338 2455 96 96 1980 3047 0
INFO:tensorflow:masked_lm_weights: 1.0 1.0 1.0 1.0 1.0 1.0 1.0 1.0 1.0 1.0 1.0 1.0 1.0 1.0 1.0 1.0 1.0 1.0 1.0 0.0
I1024 06:28:07.737010 47331883926592 create_pretraining_data.py:161] masked_lm_weights: 1.0 1.0 1.0 1.0 1.0 1.0 1.0 1.0 1.0 1.0 1.0 1.0 1.0 1.0 1.0 1.0 1.0 1.0 1.0 0.0
INFO:tensorflow:next_sentence_labels: 1
I1024 06:28:07.737102 47331883926592 create_pretraining_data.py:161] next_sentence_labels: 1
INFO:tensorflow:*** Example ***
I1024 06:28:07.737918 47331883926592 create_pretraining_data.py:149] *** Example ***
INFO:tensorflow:tokens: [CLS] 17 : 29 ##ق ##وى الأمن : في أقل بقيادة 24 ساعة ، مفر ##زة استق ##صا ##ء الشمال توقف شخصين سلبا [MASK] [MASK] مبلغ مليون ليرة لبنانية [MASK] صيدلية في [MASK] ##ة . [SEP] لينك دا ##دن [MASK] موسيقي ##ها [MASK] فيلم ##هاي غير ##م ##جاز و [MASK] [MASK] برا ##ي رو ##شه ##اي ناسا ##لم كسب در ##آم ##د از طريق اين ##ترنت ( [MASK] [MASK] هاي هرم ##ي ) و في ##لتر شك ##ن ها [MASK] محس ##وب مي ##گ ##ردد . [SEP]
I1024 06:28:07.738110 47331883926592 create_pretraining_data.py:151] tokens: [CLS] 17 : 29 ##ق ##وى الأمن : في أقل بقيادة 24 ساعة ، مفر ##زة استق ##صا ##ء الشمال توقف شخصين سلبا [MASK] [MASK] مبلغ مليون ليرة لبنانية [MASK] صيدلية في [MASK] ##ة . [SEP] لينك دا ##دن [MASK] موسيقي ##ها [MASK] فيلم ##هاي غير ##م ##جاز و [MASK] [MASK] برا ##ي رو ##شه ##اي ناسا ##لم كسب در ##آم ##د از طريق اين ##ترنت ( [MASK] [MASK] هاي هرم ##ي ) و في ##لتر شك ##ن ها [MASK] محس ##وب مي ##گ ##ردد . [SEP]
INFO:tensorflow:input_ids: 2 3519 30 5064 1011 2254 3679 30 1912 6794 10852 3789 5481 378 12506 2307 23644 6224 1053 4431 7328 19590 20294 4 4 9020 3193 9718 17201 4 29965 1912 4 1043 18 3 23891 2720 12487 4 19303 1913 4 4705 17169 2224 1015 3551 415 4 4 4751 1013 4499 3990 2272 25028 1902 11080 3705 17537 1016 3780 3160 5963 8821 12 4 4 4568 21161 1013 13 415 1912 28511 3023 1006 4958 4 14687 2058 2914 1143 4574 18 3 0 0 0 0 0 0 0 0 0 0 0 0 0 0 0 0 0 0 0 0 0 0 0 0 0 0 0 0 0 0 0 0 0 0 0 0 0 0 0 0 0
I1024 06:28:07.738305 47331883926592 create_pretraining_data.py:161] input_ids: 2 3519 30 5064 1011 2254 3679 30 1912 6794 10852 3789 5481 378 12506 2307 23644 6224 1053 4431 7328 19590 20294 4 4 9020 3193 9718 17201 4 29965 1912 4 1043 18 3 23891 2720 12487 4 19303 1913 4 4705 17169 2224 1015 3551 415 4 4 4751 1013 4499 3990 2272 25028 1902 11080 3705 17537 1016 3780 3160 5963 8821 12 4 4 4568 21161 1013 13 415 1912 28511 3023 1006 4958 4 14687 2058 2914 1143 4574 18 3 0 0 0 0 0 0 0 0 0 0 0 0 0 0 0 0 0 0 0 0 0 0 0 0 0 0 0 0 0 0 0 0 0 0 0 0 0 0 0 0 0
INFO:tensorflow:input_mask: 1 1 1 1 1 1 1 1 1 1 1 1 1 1 1 1 1 1 1 1 1 1 1 1 1 1 1 1 1 1 1 1 1 1 1 1 1 1 1 1 1 1 1 1 1 1 1 1 1 1 1 1 1 1 1 1 1 1 1 1 1 1 1 1 1 1 1 1 1 1 1 1 1 1 1 1 1 1 1 1 1 1 1 1 1 1 1 0 0 0 0 0 0 0 0 0 0 0 0 0 0 0 0 0 0 0 0 0 0 0 0 0 0 0 0 0 0 0 0 0 0 0 0 0 0 0 0 0
I1024 06:28:07.738489 47331883926592 create_pretraining_data.py:161] input_mask: 1 1 1 1 1 1 1 1 1 1 1 1 1 1 1 1 1 1 1 1 1 1 1 1 1 1 1 1 1 1 1 1 1 1 1 1 1 1 1 1 1 1 1 1 1 1 1 1 1 1 1 1 1 1 1 1 1 1 1 1 1 1 1 1 1 1 1 1 1 1 1 1 1 1 1 1 1 1 1 1 1 1 1 1 1 1 1 0 0 0 0 0 0 0 0 0 0 0 0 0 0 0 0 0 0 0 0 0 0 0 0 0 0 0 0 0 0 0 0 0 0 0 0 0 0 0 0 0
INFO:tensorflow:segment_ids: 0 0 0 0 0 0 0 0 0 0 0 0 0 0 0 0 0 0 0 0 0 0 0 0 0 0 0 0 0 0 0 0 0 0 0 0 1 1 1 1 1 1 1 1 1 1 1 1 1 1 1 1 1 1 1 1 1 1 1 1 1 1 1 1 1 1 1 1 1 1 1 1 1 1 1 1 1 1 1 1 1 1 1 1 1 1 1 0 0 0 0 0 0 0 0 0 0 0 0 0 0 0 0 0 0 0 0 0 0 0 0 0 0 0 0 0 0 0 0 0 0 0 0 0 0 0 0 0
I1024 06:28:07.738655 47331883926592 create_pretraining_data.py:161] segment_ids: 0 0 0 0 0 0 0 0 0 0 0 0 0 0 0 0 0 0 0 0 0 0 0 0 0 0 0 0 0 0 0 0 0 0 0 0 1 1 1 1 1 1 1 1 1 1 1 1 1 1 1 1 1 1 1 1 1 1 1 1 1 1 1 1 1 1 1 1 1 1 1 1 1 1 1 1 1 1 1 1 1 1 1 1 1 1 1 0 0 0 0 0 0 0 0 0 0 0 0 0 0 0 0 0 0 0 0 0 0 0 0 0 0 0 0 0 0 0 0 0 0 0 0 0 0 0 0 0
INFO:tensorflow:masked_lm_positions: 10 23 24 29 32 33 39 42 49 50 67 68 79 0 0 0 0 0 0 0
I1024 06:28:07.738775 47331883926592 create_pretraining_data.py:161] masked_lm_positions: 10 23 24 29 32 33 39 42 49 50 67 68 79 0 0 0 0 0 0 0
INFO:tensorflow:masked_lm_ids: 1908 6888 29555 1908 4240 1043 2249 415 2500 19350 22818 1015 22661 0 0 0 0 0 0 0
I1024 06:28:07.738892 47331883926592 create_pretraining_data.py:161] masked_lm_ids: 1908 6888 29555 1908 4240 1043 2249 415 2500 19350 22818 1015 22661 0 0 0 0 0 0 0
INFO:tensorflow:masked_lm_weights: 1.0 1.0 1.0 1.0 1.0 1.0 1.0 1.0 1.0 1.0 1.0 1.0 1.0 0.0 0.0 0.0 0.0 0.0 0.0 0.0
I1024 06:28:07.739009 47331883926592 create_pretraining_data.py:161] masked_lm_weights: 1.0 1.0 1.0 1.0 1.0 1.0 1.0 1.0 1.0 1.0 1.0 1.0 1.0 0.0 0.0 0.0 0.0 0.0 0.0 0.0
INFO:tensorflow:next_sentence_labels: 1
I1024 06:28:07.739115 47331883926592 create_pretraining_data.py:161] next_sentence_labels: 1
INFO:tensorflow:*** Example ***
I1024 06:28:07.739951 47331883926592 create_pretraining_data.py:149] *** Example ***
INFO:tensorflow:tokens: [CLS] | | - - سوق عقارات الإ ##قص ##ر وأس ##وان [MASK] . . | | - - سوق عقارات الدول العربية | | - - سوق عقارات السعودية . . . [SEP] أسباب ذلك البعد عن العلماء ، معه الثقة الزائد ##ة بالنفس المجتمع ##ة إلى [MASK] من سوء [MASK] [MASK] هم أهل لض ##ده ، فن ##تج عن ذلك أن [MASK] [MASK] [MASK] بما لم يحي ##طوا بعلم ##ه ، وما أسرع الناس لأن يع ##يب ##وا ما لا علم لهم به ! كما قالت [MASK] رضي [MASK] [MASK] [ الدخان ] [MASK] أما لسان حال من ث ##اف ##ن العلماء ، فس ##مع منهم [MASK] [MASK] [MASK] [MASK] [MASK] [MASK] مكن ##ون ما لديهم ، وعرض بحث ##ه عليهم ، فه ##اتف بقول [SEP]
I1024 06:28:07.740157 47331883926592 create_pretraining_data.py:151] tokens: [CLS] | | - - سوق عقارات الإ ##قص ##ر وأس ##وان [MASK] . . | | - - سوق عقارات الدول العربية | | - - سوق عقارات السعودية . . . [SEP] أسباب ذلك البعد عن العلماء ، معه الثقة الزائد ##ة بالنفس المجتمع ##ة إلى [MASK] من سوء [MASK] [MASK] هم أهل لض ##ده ، فن ##تج عن ذلك أن [MASK] [MASK] [MASK] بما لم يحي ##طوا بعلم ##ه ، وما أسرع الناس لأن يع ##يب ##وا ما لا علم لهم به ! كما قالت [MASK] رضي [MASK] [MASK] [ الدخان ] [MASK] أما لسان حال من ث ##اف ##ن العلماء ، فس ##مع منهم [MASK] [MASK] [MASK] [MASK] [MASK] [MASK] مكن ##ون ما لديهم ، وعرض بحث ##ه عليهم ، فه ##اتف بقول [SEP]
INFO:tensorflow:input_ids: 2 96 96 17 17 3689 7299 2010 2878 1017 7842 2255 4 18 18 96 96 17 17 3689 7299 3537 2488 96 96 17 17 3689 7299 3032 18 18 18 3 7852 2271 8091 1955 6112 378 3860 9700 19209 1043 19419 3409 1043 2045 4 1908 6295 4 4 2839 4151 7153 2124 378 3718 22832 1955 2271 1979 4 4 4 2908 2043 5315 19456 25364 1028 378 2564 16755 2397 3034 2170 2062 1928 1972 1963 2689 2899 2249 5 2306 4508 4 4309 4 4 63 24612 65 4 3444 9645 2767 1908 391 1982 1006 6112 378 5739 2049 3441 4 4 4 4 4 4 18406 1922 1972 8524 378 11344 5533 1028 3566 378 4301 3536 15294 3
I1024 06:28:07.740366 47331883926592 create_pretraining_data.py:161] input_ids: 2 96 96 17 17 3689 7299 2010 2878 1017 7842 2255 4 18 18 96 96 17 17 3689 7299 3537 2488 96 96 17 17 3689 7299 3032 18 18 18 3 7852 2271 8091 1955 6112 378 3860 9700 19209 1043 19419 3409 1043 2045 4 1908 6295 4 4 2839 4151 7153 2124 378 3718 22832 1955 2271 1979 4 4 4 2908 2043 5315 19456 25364 1028 378 2564 16755 2397 3034 2170 2062 1928 1972 1963 2689 2899 2249 5 2306 4508 4 4309 4 4 63 24612 65 4 3444 9645 2767 1908 391 1982 1006 6112 378 5739 2049 3441 4 4 4 4 4 4 18406 1922 1972 8524 378 11344 5533 1028 3566 378 4301 3536 15294 3
INFO:tensorflow:input_mask: 1 1 1 1 1 1 1 1 1 1 1 1 1 1 1 1 1 1 1 1 1 1 1 1 1 1 1 1 1 1 1 1 1 1 1 1 1 1 1 1 1 1 1 1 1 1 1 1 1 1 1 1 1 1 1 1 1 1 1 1 1 1 1 1 1 1 1 1 1 1 1 1 1 1 1 1 1 1 1 1 1 1 1 1 1 1 1 1 1 1 1 1 1 1 1 1 1 1 1 1 1 1 1 1 1 1 1 1 1 1 1 1 1 1 1 1 1 1 1 1 1 1 1 1 1 1 1 1
I1024 06:28:07.740535 47331883926592 create_pretraining_data.py:161] input_mask: 1 1 1 1 1 1 1 1 1 1 1 1 1 1 1 1 1 1 1 1 1 1 1 1 1 1 1 1 1 1 1 1 1 1 1 1 1 1 1 1 1 1 1 1 1 1 1 1 1 1 1 1 1 1 1 1 1 1 1 1 1 1 1 1 1 1 1 1 1 1 1 1 1 1 1 1 1 1 1 1 1 1 1 1 1 1 1 1 1 1 1 1 1 1 1 1 1 1 1 1 1 1 1 1 1 1 1 1 1 1 1 1 1 1 1 1 1 1 1 1 1 1 1 1 1 1 1 1
INFO:tensorflow:segment_ids: 0 0 0 0 0 0 0 0 0 0 0 0 0 0 0 0 0 0 0 0 0 0 0 0 0 0 0 0 0 0 0 0 0 0 1 1 1 1 1 1 1 1 1 1 1 1 1 1 1 1 1 1 1 1 1 1 1 1 1 1 1 1 1 1 1 1 1 1 1 1 1 1 1 1 1 1 1 1 1 1 1 1 1 1 1 1 1 1 1 1 1 1 1 1 1 1 1 1 1 1 1 1 1 1 1 1 1 1 1 1 1 1 1 1 1 1 1 1 1 1 1 1 1 1 1 1 1 1
I1024 06:28:07.740703 47331883926592 create_pretraining_data.py:161] segment_ids: 0 0 0 0 0 0 0 0 0 0 0 0 0 0 0 0 0 0 0 0 0 0 0 0 0 0 0 0 0 0 0 0 0 0 1 1 1 1 1 1 1 1 1 1 1 1 1 1 1 1 1 1 1 1 1 1 1 1 1 1 1 1 1 1 1 1 1 1 1 1 1 1 1 1 1 1 1 1 1 1 1 1 1 1 1 1 1 1 1 1 1 1 1 1 1 1 1 1 1 1 1 1 1 1 1 1 1 1 1 1 1 1 1 1 1 1 1 1 1 1 1 1 1 1 1 1 1 1
INFO:tensorflow:masked_lm_positions: 12 48 51 52 63 64 65 88 90 91 93 95 108 109 110 111 112 113 116 0
I1024 06:28:07.740822 47331883926592 create_pretraining_data.py:161] masked_lm_positions: 12 48 51 52 63 64 65 88 90 91 93 95 108 109 110 111 112 113 116 0
INFO:tensorflow:masked_lm_ids: 18 2621 7049 4201 11869 3436 5296 10775 1953 3851 3960 378 378 2983 3161 3828 3795 1904 1972 0
I1024 06:28:07.740937 47331883926592 create_pretraining_data.py:161] masked_lm_ids: 18 2621 7049 4201 11869 3436 5296 10775 1953 3851 3960 378 378 2983 3161 3828 3795 1904 1972 0
INFO:tensorflow:masked_lm_weights: 1.0 1.0 1.0 1.0 1.0 1.0 1.0 1.0 1.0 1.0 1.0 1.0 1.0 1.0 1.0 1.0 1.0 1.0 1.0 0.0
I1024 06:28:07.741054 47331883926592 create_pretraining_data.py:161] masked_lm_weights: 1.0 1.0 1.0 1.0 1.0 1.0 1.0 1.0 1.0 1.0 1.0 1.0 1.0 1.0 1.0 1.0 1.0 1.0 1.0 0.0
INFO:tensorflow:next_sentence_labels: 1
I1024 06:28:07.741159 47331883926592 create_pretraining_data.py:161] next_sentence_labels: 1
INFO:tensorflow:*** Example ***
I1024 06:28:07.742013 47331883926592 create_pretraining_data.py:149] *** Example ***
INFO:tensorflow:tokens: [CLS] الراوي : عبدالله بن مسعود - خلاصة الدرجة : إس ##ناده صحيح - المحدث : الألب ##اني [MASK] [MASK] : معص الصحيحة - الصفحة أو الرقم : 4 / 57 [SEP] ##ويس ##ة اتخذت ##ها [MASK] [MASK] الطرب قال فجاء ##ت بها في ق ##عبة [MASK] فتن ##اول رسول [MASK] صلى الله عليه وسلم منها [MASK] فأ ##كل ##ه ثم قال كلو دف بسم [MASK] فأ ##كل ##نا منها حتى ما نن ##ظر إليها ثم قال [MASK] عندك [MASK] شرا ##ب قالت نعم لبي ##نة كنت اتخذت ##ها لك قال هل ##ميها [MASK] فجاء ##ت بها فتن ##اول ##ها رسول الله صلى الله عليه وسلم فر ##فعه ##ا إلى فيه فش ##رب [MASK] ثم قال [MASK] ##بوا [MASK] الله فش ##رب ##نا حتى والله ما نن [SEP]
I1024 06:28:07.742235 47331883926592 create_pretraining_data.py:151] tokens: [CLS] الراوي : عبدالله بن مسعود - خلاصة الدرجة : إس ##ناده صحيح - المحدث : الألب ##اني [MASK] [MASK] : معص الصحيحة - الصفحة أو الرقم : 4 / 57 [SEP] ##ويس ##ة اتخذت ##ها [MASK] [MASK] الطرب قال فجاء ##ت بها في ق ##عبة [MASK] فتن ##اول رسول [MASK] صلى الله عليه وسلم منها [MASK] فأ ##كل ##ه ثم قال كلو دف بسم [MASK] فأ ##كل ##نا منها حتى ما نن ##ظر إليها ثم قال [MASK] عندك [MASK] شرا ##ب قالت نعم لبي ##نة كنت اتخذت ##ها لك قال هل ##ميها [MASK] فجاء ##ت بها فتن ##اول ##ها رسول الله صلى الله عليه وسلم فر ##فعه ##ا إلى فيه فش ##رب [MASK] ثم قال [MASK] ##بوا [MASK] الله فش ##رب ##نا حتى والله ما نن [SEP]
INFO:tensorflow:input_ids: 2 29092 30 3299 2040 10090 17 29015 9714 30 2994 20542 4053 17 21859 30 12990 2022 4 4 30 13542 14814 17 4181 2075 5953 30 24 19 9728 3 4316 1043 21062 1913 4 4 28087 2136 20091 1005 2459 1912 409 12171 4 20154 4155 3016 4 2977 1953 2181 2565 2813 4 3332 2098 1028 2371 2136 15834 6154 5197 4 3332 2098 1914 2813 2494 1972 7105 2236 5751 2371 2136 4 5448 4 8991 1045 4508 3331 8222 2151 2678 21062 1913 2278 2136 2827 13633 4 20091 1005 2459 20154 4155 1913 3016 1953 2977 1953 2181 2565 2462 12207 1007 2045 2366 7235 1975 4 2371 2136 4 16684 4 1953 7235 1975 1914 2494 2706 1972 7105 3
I1024 06:28:07.742433 47331883926592 create_pretraining_data.py:161] input_ids: 2 29092 30 3299 2040 10090 17 29015 9714 30 2994 20542 4053 17 21859 30 12990 2022 4 4 30 13542 14814 17 4181 2075 5953 30 24 19 9728 3 4316 1043 21062 1913 4 4 28087 2136 20091 1005 2459 1912 409 12171 4 20154 4155 3016 4 2977 1953 2181 2565 2813 4 3332 2098 1028 2371 2136 15834 6154 5197 4 3332 2098 1914 2813 2494 1972 7105 2236 5751 2371 2136 4 5448 4 8991 1045 4508 3331 8222 2151 2678 21062 1913 2278 2136 2827 13633 4 20091 1005 2459 20154 4155 1913 3016 1953 2977 1953 2181 2565 2462 12207 1007 2045 2366 7235 1975 4 2371 2136 4 16684 4 1953 7235 1975 1914 2494 2706 1972 7105 3
INFO:tensorflow:input_mask: 1 1 1 1 1 1 1 1 1 1 1 1 1 1 1 1 1 1 1 1 1 1 1 1 1 1 1 1 1 1 1 1 1 1 1 1 1 1 1 1 1 1 1 1 1 1 1 1 1 1 1 1 1 1 1 1 1 1 1 1 1 1 1 1 1 1 1 1 1 1 1 1 1 1 1 1 1 1 1 1 1 1 1 1 1 1 1 1 1 1 1 1 1 1 1 1 1 1 1 1 1 1 1 1 1 1 1 1 1 1 1 1 1 1 1 1 1 1 1 1 1 1 1 1 1 1 1 1
I1024 06:28:07.742598 47331883926592 create_pretraining_data.py:161] input_mask: 1 1 1 1 1 1 1 1 1 1 1 1 1 1 1 1 1 1 1 1 1 1 1 1 1 1 1 1 1 1 1 1 1 1 1 1 1 1 1 1 1 1 1 1 1 1 1 1 1 1 1 1 1 1 1 1 1 1 1 1 1 1 1 1 1 1 1 1 1 1 1 1 1 1 1 1 1 1 1 1 1 1 1 1 1 1 1 1 1 1 1 1 1 1 1 1 1 1 1 1 1 1 1 1 1 1 1 1 1 1 1 1 1 1 1 1 1 1 1 1 1 1 1 1 1 1 1 1
INFO:tensorflow:segment_ids: 0 0 0 0 0 0 0 0 0 0 0 0 0 0 0 0 0 0 0 0 0 0 0 0 0 0 0 0 0 0 0 0 1 1 1 1 1 1 1 1 1 1 1 1 1 1 1 1 1 1 1 1 1 1 1 1 1 1 1 1 1 1 1 1 1 1 1 1 1 1 1 1 1 1 1 1 1 1 1 1 1 1 1 1 1 1 1 1 1 1 1 1 1 1 1 1 1 1 1 1 1 1 1 1 1 1 1 1 1 1 1 1 1 1 1 1 1 1 1 1 1 1 1 1 1 1 1 1
I1024 06:28:07.742765 47331883926592 create_pretraining_data.py:161] segment_ids: 0 0 0 0 0 0 0 0 0 0 0 0 0 0 0 0 0 0 0 0 0 0 0 0 0 0 0 0 0 0 0 0 1 1 1 1 1 1 1 1 1 1 1 1 1 1 1 1 1 1 1 1 1 1 1 1 1 1 1 1 1 1 1 1 1 1 1 1 1 1 1 1 1 1 1 1 1 1 1 1 1 1 1 1 1 1 1 1 1 1 1 1 1 1 1 1 1 1 1 1 1 1 1 1 1 1 1 1 1 1 1 1 1 1 1 1 1 1 1 1 1 1 1 1 1 1 1 1
INFO:tensorflow:masked_lm_positions: 18 19 21 36 37 38 46 50 56 62 63 65 77 79 93 113 116 117 118 0
I1024 06:28:07.742903 47331883926592 create_pretraining_data.py:161] masked_lm_positions: 18 19 21 36 37 38 46 50 56 62 63 65 77 79 93 113 116 117 118 0
INFO:tensorflow:masked_lm_ids: 17 5911 21153 3028 13028 2256 2553 1953 7936 15834 1007 1953 2827 1908 2136 7936 22535 16684 3936 0
I1024 06:28:07.743018 47331883926592 create_pretraining_data.py:161] masked_lm_ids: 17 5911 21153 3028 13028 2256 2553 1953 7936 15834 1007 1953 2827 1908 2136 7936 22535 16684 3936 0
INFO:tensorflow:masked_lm_weights: 1.0 1.0 1.0 1.0 1.0 1.0 1.0 1.0 1.0 1.0 1.0 1.0 1.0 1.0 1.0 1.0 1.0 1.0 1.0 0.0
I1024 06:28:07.743135 47331883926592 create_pretraining_data.py:161] masked_lm_weights: 1.0 1.0 1.0 1.0 1.0 1.0 1.0 1.0 1.0 1.0 1.0 1.0 1.0 1.0 1.0 1.0 1.0 1.0 1.0 0.0
INFO:tensorflow:next_sentence_labels: 0
I1024 06:28:07.743241 47331883926592 create_pretraining_data.py:161] next_sentence_labels: 0
INFO:tensorflow:*** Example ***
I1024 06:28:07.744068 47331883926592 create_pretraining_data.py:149] *** Example ***
INFO:tensorflow:tokens: [CLS] وأج ##مع أهل العلم أنها لا تقضي [MASK] التي فات ##تها أثناء مدة الحي ##ض ، أما إذا طهر ##ت وكان باقي ##ا من الوقت مقدار رك ##عة [MASK] [MASK] [MASK] تصلي ذلك الوقت الذي طهر ##ت [MASK] لقوله صلى الله عليه وسلم : « من أدرك رك ##عة من العصر [MASK] أن وإنما [MASK] الشمس فقد أدرك العصر » . [SEP] على غروب الشمس ، أو طلوع ##ها مقدار رك ##عة [MASK] فإنها تصلي العصر في المسألة الأولى والف ##جر في المسألة الثانية . س 33 : شخص يقول [MASK] أف ##يدك ##م أن [MASK] والد ##ة [MASK] من العمر خمسة وست ##ين عاما ولها مدة [MASK] عشرة سنة وهي لم تأ [MASK] بأ ##طفال ، والان معها نزيف دم [MASK] [MASK] ثلاث سنوات وهو [SEP]
I1024 06:28:07.744272 47331883926592 create_pretraining_data.py:151] tokens: [CLS] وأج ##مع أهل العلم أنها لا تقضي [MASK] التي فات ##تها أثناء مدة الحي ##ض ، أما إذا طهر ##ت وكان باقي ##ا من الوقت مقدار رك ##عة [MASK] [MASK] [MASK] تصلي ذلك الوقت الذي طهر ##ت [MASK] لقوله صلى الله عليه وسلم : « من أدرك رك ##عة من العصر [MASK] أن وإنما [MASK] الشمس فقد أدرك العصر » . [SEP] على غروب الشمس ، أو طلوع ##ها مقدار رك ##عة [MASK] فإنها تصلي العصر في المسألة الأولى والف ##جر في المسألة الثانية . س 33 : شخص يقول [MASK] أف ##يدك ##م أن [MASK] والد ##ة [MASK] من العمر خمسة وست ##ين عاما ولها مدة [MASK] عشرة سنة وهي لم تأ [MASK] بأ ##طفال ، والان معها نزيف دم [MASK] [MASK] ثلاث سنوات وهو [SEP]
INFO:tensorflow:input_ids: 2 16233 2049 4151 2789 3811 1963 15791 4 2061 5289 2377 5273 7757 3593 1027 378 3444 2617 15492 1005 2648 5421 1007 1908 3021 18288 4422 2029 4 4 4 22401 2271 3021 2130 15492 1005 4 19378 2977 1953 2181 2565 30 107 1908 20441 4422 2029 1908 6664 4 1979 6589 4 5020 2901 20441 6664 114 18 3 1961 22369 5020 378 2075 21336 1913 18288 4422 2029 4 12826 22401 6664 1912 11113 3362 3227 2391 1912 11113 3577 18 399 6897 30 2489 2722 4 3080 3374 1015 1979 4 2965 1043 4 1908 3867 6854 4709 1911 4024 16360 7757 4 5940 3234 2843 2043 2715 4 2499 2531 378 4308 5577 25577 4006 4 4 2917 3752 2400 3
I1024 06:28:07.744463 47331883926592 create_pretraining_data.py:161] input_ids: 2 16233 2049 4151 2789 3811 1963 15791 4 2061 5289 2377 5273 7757 3593 1027 378 3444 2617 15492 1005 2648 5421 1007 1908 3021 18288 4422 2029 4 4 4 22401 2271 3021 2130 15492 1005 4 19378 2977 1953 2181 2565 30 107 1908 20441 4422 2029 1908 6664 4 1979 6589 4 5020 2901 20441 6664 114 18 3 1961 22369 5020 378 2075 21336 1913 18288 4422 2029 4 12826 22401 6664 1912 11113 3362 3227 2391 1912 11113 3577 18 399 6897 30 2489 2722 4 3080 3374 1015 1979 4 2965 1043 4 1908 3867 6854 4709 1911 4024 16360 7757 4 5940 3234 2843 2043 2715 4 2499 2531 378 4308 5577 25577 4006 4 4 2917 3752 2400 3
INFO:tensorflow:input_mask: 1 1 1 1 1 1 1 1 1 1 1 1 1 1 1 1 1 1 1 1 1 1 1 1 1 1 1 1 1 1 1 1 1 1 1 1 1 1 1 1 1 1 1 1 1 1 1 1 1 1 1 1 1 1 1 1 1 1 1 1 1 1 1 1 1 1 1 1 1 1 1 1 1 1 1 1 1 1 1 1 1 1 1 1 1 1 1 1 1 1 1 1 1 1 1 1 1 1 1 1 1 1 1 1 1 1 1 1 1 1 1 1 1 1 1 1 1 1 1 1 1 1 1 1 1 1 1 1
I1024 06:28:07.744654 47331883926592 create_pretraining_data.py:161] input_mask: 1 1 1 1 1 1 1 1 1 1 1 1 1 1 1 1 1 1 1 1 1 1 1 1 1 1 1 1 1 1 1 1 1 1 1 1 1 1 1 1 1 1 1 1 1 1 1 1 1 1 1 1 1 1 1 1 1 1 1 1 1 1 1 1 1 1 1 1 1 1 1 1 1 1 1 1 1 1 1 1 1 1 1 1 1 1 1 1 1 1 1 1 1 1 1 1 1 1 1 1 1 1 1 1 1 1 1 1 1 1 1 1 1 1 1 1 1 1 1 1 1 1 1 1 1 1 1 1
INFO:tensorflow:segment_ids: 0 0 0 0 0 0 0 0 0 0 0 0 0 0 0 0 0 0 0 0 0 0 0 0 0 0 0 0 0 0 0 0 0 0 0 0 0 0 0 0 0 0 0 0 0 0 0 0 0 0 0 0 0 0 0 0 0 0 0 0 0 0 0 1 1 1 1 1 1 1 1 1 1 1 1 1 1 1 1 1 1 1 1 1 1 1 1 1 1 1 1 1 1 1 1 1 1 1 1 1 1 1 1 1 1 1 1 1 1 1 1 1 1 1 1 1 1 1 1 1 1 1 1 1 1 1 1 1
I1024 06:28:07.744814 47331883926592 create_pretraining_data.py:161] segment_ids: 0 0 0 0 0 0 0 0 0 0 0 0 0 0 0 0 0 0 0 0 0 0 0 0 0 0 0 0 0 0 0 0 0 0 0 0 0 0 0 0 0 0 0 0 0 0 0 0 0 0 0 0 0 0 0 0 0 0 0 0 0 0 0 1 1 1 1 1 1 1 1 1 1 1 1 1 1 1 1 1 1 1 1 1 1 1 1 1 1 1 1 1 1 1 1 1 1 1 1 1 1 1 1 1 1 1 1 1 1 1 1 1 1 1 1 1 1 1 1 1 1 1 1 1 1 1 1 1
INFO:tensorflow:masked_lm_positions: 8 16 29 30 31 38 52 54 55 70 73 91 96 99 108 113 114 122 123 0
I1024 06:28:07.744934 47331883926592 create_pretraining_data.py:161] masked_lm_positions: 8 16 29 30 31 38 52 54 55 70 73 91 96 99 108 113 114 122 123 0
INFO:tensorflow:masked_lm_ids: 4907 378 3332 2258 12826 2366 2289 2887 1975 18288 378 30 2134 9223 13179 2715 1005 2553 7757 0
I1024 06:28:07.745050 47331883926592 create_pretraining_data.py:161] masked_lm_ids: 4907 378 3332 2258 12826 2366 2289 2887 1975 18288 378 30 2134 9223 13179 2715 1005 2553 7757 0
INFO:tensorflow:masked_lm_weights: 1.0 1.0 1.0 1.0 1.0 1.0 1.0 1.0 1.0 1.0 1.0 1.0 1.0 1.0 1.0 1.0 1.0 1.0 1.0 0.0
I1024 06:28:07.745167 47331883926592 create_pretraining_data.py:161] masked_lm_weights: 1.0 1.0 1.0 1.0 1.0 1.0 1.0 1.0 1.0 1.0 1.0 1.0 1.0 1.0 1.0 1.0 1.0 1.0 1.0 0.0
INFO:tensorflow:next_sentence_labels: 0
I1024 06:28:07.745274 47331883926592 create_pretraining_data.py:161] next_sentence_labels: 0
INFO:tensorflow:*** Example ***
I1024 06:28:07.746063 47331883926592 create_pretraining_data.py:149] *** Example ***
INFO:tensorflow:tokens: [CLS] تبحث عن الحياة ##مدينة [MASK] ونب ##ذ الإع ##وجا ##ج والتح ##لق في سماء النق ##اء . . بداخله [MASK] الذات إنما هي أي ##قون ##ة [MASK] في [MASK] لت ##وصل ##ها [MASK] الكمال وتط ##هير ##ها لب ##ؤ ##رة اللجوء إلى الله ونب ##ذ ما [MASK] [MASK] انطلاق ##تها نحو [MASK] الثوري . . . ولها دلال ##ات عظيمة مع محاسبة النفس وجل ##دها نحو تخلي ##صه ##ا من شوا ##ئب وتق ##لبا ##ت العوامل الخارجية . . الله الله ما [MASK] هذا العنوان إذ كان ملت ##ص ##قا لف ##حو ##ى الرسالة . . وبن ##ا ##ؤه جاء متنا ##غم ##ا مع الحدث [MASK] [MASK] التي تق [SEP] [MASK] قراء ##تها يد ##مع [MASK] [MASK] وين ##بض وجعا [MASK] حلب وأخ ##واتها . . [SEP]
I1024 06:28:07.746232 47331883926592 create_pretraining_data.py:151] tokens: [CLS] تبحث عن الحياة ##مدينة [MASK] ونب ##ذ الإع ##وجا ##ج والتح ##لق في سماء النق ##اء . . بداخله [MASK] الذات إنما هي أي ##قون ##ة [MASK] في [MASK] لت ##وصل ##ها [MASK] الكمال وتط ##هير ##ها لب ##ؤ ##رة اللجوء إلى الله ونب ##ذ ما [MASK] [MASK] انطلاق ##تها نحو [MASK] الثوري . . . ولها دلال ##ات عظيمة مع محاسبة النفس وجل ##دها نحو تخلي ##صه ##ا من شوا ##ئب وتق ##لبا ##ت العوامل الخارجية . . الله الله ما [MASK] هذا العنوان إذ كان ملت ##ص ##قا لف ##حو ##ى الرسالة . . وبن ##ا ##ؤه جاء متنا ##غم ##ا مع الحدث [MASK] [MASK] التي تق [SEP] [MASK] قراء ##تها يد ##مع [MASK] [MASK] وين ##بض وجعا [MASK] حلب وأخ ##واتها . . [SEP]
INFO:tensorflow:input_ids: 2 8283 1955 3696 16497 4 19142 1035 3260 22879 1041 5813 1941 1912 12681 4966 1954 18 18 25953 4 5558 6522 2247 2235 9421 1043 4 1912 4 2219 8772 1913 4 17188 4875 3732 1913 2519 1038 2037 12651 2045 1953 19142 1035 1972 4 4 10831 2377 3487 4 11829 18 18 18 16360 21010 1904 20352 1973 20195 3821 6748 14702 3487 11999 4344 1007 1908 15538 4332 4646 9306 1005 16452 3796 18 18 1953 1953 1972 4 2085 11005 4348 2055 3734 1031 2143 4488 5389 1102 9005 18 18 10045 1007 7927 3539 22389 2863 1007 1973 9846 4 4 2061 2161 3 4 12419 2377 2474 2049 4 4 3266 10066 16475 4 7318 6687 25332 18 18 3
I1024 06:28:07.746399 47331883926592 create_pretraining_data.py:161] input_ids: 2 8283 1955 3696 16497 4 19142 1035 3260 22879 1041 5813 1941 1912 12681 4966 1954 18 18 25953 4 5558 6522 2247 2235 9421 1043 4 1912 4 2219 8772 1913 4 17188 4875 3732 1913 2519 1038 2037 12651 2045 1953 19142 1035 1972 4 4 10831 2377 3487 4 11829 18 18 18 16360 21010 1904 20352 1973 20195 3821 6748 14702 3487 11999 4344 1007 1908 15538 4332 4646 9306 1005 16452 3796 18 18 1953 1953 1972 4 2085 11005 4348 2055 3734 1031 2143 4488 5389 1102 9005 18 18 10045 1007 7927 3539 22389 2863 1007 1973 9846 4 4 2061 2161 3 4 12419 2377 2474 2049 4 4 3266 10066 16475 4 7318 6687 25332 18 18 3
INFO:tensorflow:input_mask: 1 1 1 1 1 1 1 1 1 1 1 1 1 1 1 1 1 1 1 1 1 1 1 1 1 1 1 1 1 1 1 1 1 1 1 1 1 1 1 1 1 1 1 1 1 1 1 1 1 1 1 1 1 1 1 1 1 1 1 1 1 1 1 1 1 1 1 1 1 1 1 1 1 1 1 1 1 1 1 1 1 1 1 1 1 1 1 1 1 1 1 1 1 1 1 1 1 1 1 1 1 1 1 1 1 1 1 1 1 1 1 1 1 1 1 1 1 1 1 1 1 1 1 1 1 1 1 1
I1024 06:28:07.746533 47331883926592 create_pretraining_data.py:161] input_mask: 1 1 1 1 1 1 1 1 1 1 1 1 1 1 1 1 1 1 1 1 1 1 1 1 1 1 1 1 1 1 1 1 1 1 1 1 1 1 1 1 1 1 1 1 1 1 1 1 1 1 1 1 1 1 1 1 1 1 1 1 1 1 1 1 1 1 1 1 1 1 1 1 1 1 1 1 1 1 1 1 1 1 1 1 1 1 1 1 1 1 1 1 1 1 1 1 1 1 1 1 1 1 1 1 1 1 1 1 1 1 1 1 1 1 1 1 1 1 1 1 1 1 1 1 1 1 1 1
INFO:tensorflow:segment_ids: 0 0 0 0 0 0 0 0 0 0 0 0 0 0 0 0 0 0 0 0 0 0 0 0 0 0 0 0 0 0 0 0 0 0 0 0 0 0 0 0 0 0 0 0 0 0 0 0 0 0 0 0 0 0 0 0 0 0 0 0 0 0 0 0 0 0 0 0 0 0 0 0 0 0 0 0 0 0 0 0 0 0 0 0 0 0 0 0 0 0 0 0 0 0 0 0 0 0 0 0 0 0 0 0 0 0 0 0 0 0 0 1 1 1 1 1 1 1 1 1 1 1 1 1 1 1 1 1
I1024 06:28:07.746664 47331883926592 create_pretraining_data.py:161] segment_ids: 0 0 0 0 0 0 0 0 0 0 0 0 0 0 0 0 0 0 0 0 0 0 0 0 0 0 0 0 0 0 0 0 0 0 0 0 0 0 0 0 0 0 0 0 0 0 0 0 0 0 0 0 0 0 0 0 0 0 0 0 0 0 0 0 0 0 0 0 0 0 0 0 0 0 0 0 0 0 0 0 0 0 0 0 0 0 0 0 0 0 0 0 0 0 0 0 0 0 0 0 0 0 0 0 0 0 0 0 0 0 0 1 1 1 1 1 1 1 1 1 1 1 1 1 1 1 1 1
INFO:tensorflow:masked_lm_positions: 4 5 19 20 27 29 33 47 48 51 52 53 83 106 107 111 116 117 121 0
I1024 06:28:07.746759 47331883926592 create_pretraining_data.py:161] masked_lm_positions: 4 5 19 20 27 29 33 47 48 51 52 53 83 106 107 111 116 117 121 0
INFO:tensorflow:masked_lm_ids: 21939 1043 2390 8940 3481 4525 2045 2170 3343 3487 16013 1017 12490 25293 14306 1912 3338 20540 1961 0
I1024 06:28:07.746849 47331883926592 create_pretraining_data.py:161] masked_lm_ids: 21939 1043 2390 8940 3481 4525 2045 2170 3343 3487 16013 1017 12490 25293 14306 1912 3338 20540 1961 0
INFO:tensorflow:masked_lm_weights: 1.0 1.0 1.0 1.0 1.0 1.0 1.0 1.0 1.0 1.0 1.0 1.0 1.0 1.0 1.0 1.0 1.0 1.0 1.0 0.0
I1024 06:28:07.746941 47331883926592 create_pretraining_data.py:161] masked_lm_weights: 1.0 1.0 1.0 1.0 1.0 1.0 1.0 1.0 1.0 1.0 1.0 1.0 1.0 1.0 1.0 1.0 1.0 1.0 1.0 0.0
INFO:tensorflow:next_sentence_labels: 0
I1024 06:28:07.747037 47331883926592 create_pretraining_data.py:161] next_sentence_labels: 0
INFO:tensorflow:*** Example ***
I1024 06:28:07.747731 47331883926592 create_pretraining_data.py:149] *** Example ***
INFO:tensorflow:tokens: [CLS] يقع العرض [MASK] الأخرى في منت ##زه Ad ##am S ##qu ##are [MASK] . [MASK] ندري [MASK] [MASK] التشغيل ، P ##ant ##he ##r . اسم ##حوا روز ##مار ##ي أعرف ما إذا كنت بحاجة إلى واحد . وهو موث ##وق وأن ##يق للغاية . [SEP] يعرف تاريخ [MASK] وكذلك أماكن التسوق والمناطق التي يمكن [MASK] ##ا . إذا كنت لتبادل العملة [MASK] لأم ##وال T ##T ، يقع [MASK] على مسافة قريبة والم ##وظفين [MASK] ودية كسي [MASK] [MASK] لتن ##اول الإفطار ، يجب [MASK] تجرب متجر Le P ##et ##it Fl ##e ##ur Te ##a Sh ##op الواقع بالقرب من شارع مور ##اي - تحقق من الصور والتع ##ليقات . المزيد نحن لا نش ##جع الفنادق [MASK] غير [MASK] ونح ##اول العثور على [MASK] [SEP]
I1024 06:28:07.747897 47331883926592 create_pretraining_data.py:151] tokens: [CLS] يقع العرض [MASK] الأخرى في منت ##زه Ad ##am S ##qu ##are [MASK] . [MASK] ندري [MASK] [MASK] التشغيل ، P ##ant ##he ##r . اسم ##حوا روز ##مار ##ي أعرف ما إذا كنت بحاجة إلى واحد . وهو موث ##وق وأن ##يق للغاية . [SEP] يعرف تاريخ [MASK] وكذلك أماكن التسوق والمناطق التي يمكن [MASK] ##ا . إذا كنت لتبادل العملة [MASK] لأم ##وال T ##T ، يقع [MASK] على مسافة قريبة والم ##وظفين [MASK] ودية كسي [MASK] [MASK] لتن ##اول الإفطار ، يجب [MASK] تجرب متجر Le P ##et ##it Fl ##e ##ur Te ##a Sh ##op الواقع بالقرب من شارع مور ##اي - تحقق من الصور والتع ##ليقات . المزيد نحن لا نش ##جع الفنادق [MASK] غير [MASK] ونح ##اول العثور على [MASK] [SEP]
INFO:tensorflow:input_ids: 2 7772 6111 4 4700 1912 2028 3040 12718 3263 55 17057 10179 4 18 4 26353 4 4 8847 378 52 17628 4707 1091 18 2974 9804 9555 5359 1013 14271 1972 2617 2678 10455 2045 2563 18 2400 16874 2015 3310 3343 8851 18 3 3825 3173 4 4409 9643 9355 24501 2061 2490 4 1007 18 2617 2678 19226 16901 4 16008 2318 56 1115 378 7772 4 1961 16364 17485 2119 19289 4 21398 23326 4 4 5952 4155 21557 378 3163 4 12649 10152 13214 52 4444 3695 22361 1023 2535 23205 1049 11012 7228 4915 8786 1908 6937 8732 2272 17 7827 1908 3386 8970 23367 18 4714 3252 1963 3382 3464 10938 4 2224 4 13574 4155 9533 1961 4 3
I1024 06:28:07.748053 47331883926592 create_pretraining_data.py:161] input_ids: 2 7772 6111 4 4700 1912 2028 3040 12718 3263 55 17057 10179 4 18 4 26353 4 4 8847 378 52 17628 4707 1091 18 2974 9804 9555 5359 1013 14271 1972 2617 2678 10455 2045 2563 18 2400 16874 2015 3310 3343 8851 18 3 3825 3173 4 4409 9643 9355 24501 2061 2490 4 1007 18 2617 2678 19226 16901 4 16008 2318 56 1115 378 7772 4 1961 16364 17485 2119 19289 4 21398 23326 4 4 5952 4155 21557 378 3163 4 12649 10152 13214 52 4444 3695 22361 1023 2535 23205 1049 11012 7228 4915 8786 1908 6937 8732 2272 17 7827 1908 3386 8970 23367 18 4714 3252 1963 3382 3464 10938 4 2224 4 13574 4155 9533 1961 4 3
INFO:tensorflow:input_mask: 1 1 1 1 1 1 1 1 1 1 1 1 1 1 1 1 1 1 1 1 1 1 1 1 1 1 1 1 1 1 1 1 1 1 1 1 1 1 1 1 1 1 1 1 1 1 1 1 1 1 1 1 1 1 1 1 1 1 1 1 1 1 1 1 1 1 1 1 1 1 1 1 1 1 1 1 1 1 1 1 1 1 1 1 1 1 1 1 1 1 1 1 1 1 1 1 1 1 1 1 1 1 1 1 1 1 1 1 1 1 1 1 1 1 1 1 1 1 1 1 1 1 1 1 1 1 1 1
I1024 06:28:07.748184 47331883926592 create_pretraining_data.py:161] input_mask: 1 1 1 1 1 1 1 1 1 1 1 1 1 1 1 1 1 1 1 1 1 1 1 1 1 1 1 1 1 1 1 1 1 1 1 1 1 1 1 1 1 1 1 1 1 1 1 1 1 1 1 1 1 1 1 1 1 1 1 1 1 1 1 1 1 1 1 1 1 1 1 1 1 1 1 1 1 1 1 1 1 1 1 1 1 1 1 1 1 1 1 1 1 1 1 1 1 1 1 1 1 1 1 1 1 1 1 1 1 1 1 1 1 1 1 1 1 1 1 1 1 1 1 1 1 1 1 1
INFO:tensorflow:segment_ids: 0 0 0 0 0 0 0 0 0 0 0 0 0 0 0 0 0 0 0 0 0 0 0 0 0 0 0 0 0 0 0 0 0 0 0 0 0 0 0 0 0 0 0 0 0 0 0 1 1 1 1 1 1 1 1 1 1 1 1 1 1 1 1 1 1 1 1 1 1 1 1 1 1 1 1 1 1 1 1 1 1 1 1 1 1 1 1 1 1 1 1 1 1 1 1 1 1 1 1 1 1 1 1 1 1 1 1 1 1 1 1 1 1 1 1 1 1 1 1 1 1 1 1 1 1 1 1 1
I1024 06:28:07.748324 47331883926592 create_pretraining_data.py:161] segment_ids: 0 0 0 0 0 0 0 0 0 0 0 0 0 0 0 0 0 0 0 0 0 0 0 0 0 0 0 0 0 0 0 0 0 0 0 0 0 0 0 0 0 0 0 0 0 0 0 1 1 1 1 1 1 1 1 1 1 1 1 1 1 1 1 1 1 1 1 1 1 1 1 1 1 1 1 1 1 1 1 1 1 1 1 1 1 1 1 1 1 1 1 1 1 1 1 1 1 1 1 1 1 1 1 1 1 1 1 1 1 1 1 1 1 1 1 1 1 1 1 1 1 1 1 1 1 1 1 1
INFO:tensorflow:masked_lm_positions: 3 13 15 16 17 18 49 56 57 63 70 76 78 79 80 86 119 121 126 0
I1024 06:28:07.748423 47331883926592 create_pretraining_data.py:161] masked_lm_positions: 3 13 15 16 17 18 49 56 57 63 70 76 78 79 80 86 119 121 126 0
INFO:tensorflow:masked_lm_ids: 28900 12526 15661 1908 3653 3189 7745 12462 1007 8224 5949 2671 15981 3168 18 1979 7501 5675 9643 0
I1024 06:28:07.748515 47331883926592 create_pretraining_data.py:161] masked_lm_ids: 28900 12526 15661 1908 3653 3189 7745 12462 1007 8224 5949 2671 15981 3168 18 1979 7501 5675 9643 0
INFO:tensorflow:masked_lm_weights: 1.0 1.0 1.0 1.0 1.0 1.0 1.0 1.0 1.0 1.0 1.0 1.0 1.0 1.0 1.0 1.0 1.0 1.0 1.0 0.0
I1024 06:28:07.748612 47331883926592 create_pretraining_data.py:161] masked_lm_weights: 1.0 1.0 1.0 1.0 1.0 1.0 1.0 1.0 1.0 1.0 1.0 1.0 1.0 1.0 1.0 1.0 1.0 1.0 1.0 0.0
INFO:tensorflow:next_sentence_labels: 0
I1024 06:28:07.748697 47331883926592 create_pretraining_data.py:161] next_sentence_labels: 0
INFO:tensorflow:*** Example ***
I1024 06:28:07.749390 47331883926592 create_pretraining_data.py:149] *** Example ***
INFO:tensorflow:tokens: [CLS] سن ##وب - بيروت ضمن [MASK] [MASK] السنوية ، [MASK] [MASK] لجنة مهرجان ##ات [MASK] [MASK] الدولية معرض سوق الأز ##هار والمنتجات المحلية والتق ##ليد ##ية بحضور رئيس بلدية جبيل [MASK] حوا ##ط [MASK] البلدية ورئيس ##ة لجنة المهرجانات لطيفة اللق ##يس وأعضاء اللجنة ومخ ##اتي ##ر وفعاليات [MASK] . تميز المعرض بمشاركة مميزة من أصحاب مشا [MASK] ##ل وحر ##فيين ورس ##امين وفن ##انين . [SEP] مقطع لا يتع ##دى ا ##ل ##20 ثانية ، قلب مواقع [MASK] الإجتماعي الليلة ، وبد ##ت الأغنية من النوع الحزين ، يتخذ ##İ نوال بإح ##ساس عال ، في إنت ##ظار أن تطرح ##ها كاملة في الساعات القادمة [MASK] [SEP]
I1024 06:28:07.749549 47331883926592 create_pretraining_data.py:151] tokens: [CLS] سن ##وب - بيروت ضمن [MASK] [MASK] السنوية ، [MASK] [MASK] لجنة مهرجان ##ات [MASK] [MASK] الدولية معرض سوق الأز ##هار والمنتجات المحلية والتق ##ليد ##ية بحضور رئيس بلدية جبيل [MASK] حوا ##ط [MASK] البلدية ورئيس ##ة لجنة المهرجانات لطيفة اللق ##يس وأعضاء اللجنة ومخ ##اتي ##ر وفعاليات [MASK] . تميز المعرض بمشاركة مميزة من أصحاب مشا [MASK] ##ل وحر ##فيين ورس ##امين وفن ##انين . [SEP] مقطع لا يتع ##دى ا ##ل ##20 ثانية ، قلب مواقع [MASK] الإجتماعي الليلة ، وبد ##ت الأغنية من النوع الحزين ، يتخذ ##İ نوال بإح ##ساس عال ، في إنت ##ظار أن تطرح ##ها كاملة في الساعات القادمة [MASK] [SEP]
INFO:tensorflow:input_ids: 2 2579 2058 17 5216 3637 4 4 15636 378 4 4 4529 6503 1904 4 4 3917 4992 3689 5060 10160 14874 5223 8100 7188 1910 7567 2426 7310 26111 4 13453 1040 4 9742 7123 1043 4529 27577 26632 3836 2036 16205 4450 13959 2920 1017 23634 4 18 8475 10466 11673 10521 1908 5032 15442 4 1010 19790 14822 7557 4745 28941 9809 18 3 8978 1963 15377 2012 387 1010 3755 8098 378 2362 3989 4 16709 11028 378 6726 1005 24154 1908 7016 23293 378 16042 1300 23945 23776 3167 6862 378 1912 5320 4822 1979 18808 1913 6771 1912 13091 8194 4 3 0 0 0 0 0 0 0 0 0 0 0 0 0 0 0 0 0 0 0
I1024 06:28:07.749706 47331883926592 create_pretraining_data.py:161] input_ids: 2 2579 2058 17 5216 3637 4 4 15636 378 4 4 4529 6503 1904 4 4 3917 4992 3689 5060 10160 14874 5223 8100 7188 1910 7567 2426 7310 26111 4 13453 1040 4 9742 7123 1043 4529 27577 26632 3836 2036 16205 4450 13959 2920 1017 23634 4 18 8475 10466 11673 10521 1908 5032 15442 4 1010 19790 14822 7557 4745 28941 9809 18 3 8978 1963 15377 2012 387 1010 3755 8098 378 2362 3989 4 16709 11028 378 6726 1005 24154 1908 7016 23293 378 16042 1300 23945 23776 3167 6862 378 1912 5320 4822 1979 18808 1913 6771 1912 13091 8194 4 3 0 0 0 0 0 0 0 0 0 0 0 0 0 0 0 0 0 0 0
INFO:tensorflow:input_mask: 1 1 1 1 1 1 1 1 1 1 1 1 1 1 1 1 1 1 1 1 1 1 1 1 1 1 1 1 1 1 1 1 1 1 1 1 1 1 1 1 1 1 1 1 1 1 1 1 1 1 1 1 1 1 1 1 1 1 1 1 1 1 1 1 1 1 1 1 1 1 1 1 1 1 1 1 1 1 1 1 1 1 1 1 1 1 1 1 1 1 1 1 1 1 1 1 1 1 1 1 1 1 1 1 1 1 1 1 1 0 0 0 0 0 0 0 0 0 0 0 0 0 0 0 0 0 0 0
I1024 06:28:07.749852 47331883926592 create_pretraining_data.py:161] input_mask: 1 1 1 1 1 1 1 1 1 1 1 1 1 1 1 1 1 1 1 1 1 1 1 1 1 1 1 1 1 1 1 1 1 1 1 1 1 1 1 1 1 1 1 1 1 1 1 1 1 1 1 1 1 1 1 1 1 1 1 1 1 1 1 1 1 1 1 1 1 1 1 1 1 1 1 1 1 1 1 1 1 1 1 1 1 1 1 1 1 1 1 1 1 1 1 1 1 1 1 1 1 1 1 1 1 1 1 1 1 0 0 0 0 0 0 0 0 0 0 0 0 0 0 0 0 0 0 0
INFO:tensorflow:segment_ids: 0 0 0 0 0 0 0 0 0 0 0 0 0 0 0 0 0 0 0 0 0 0 0 0 0 0 0 0 0 0 0 0 0 0 0 0 0 0 0 0 0 0 0 0 0 0 0 0 0 0 0 0 0 0 0 0 0 0 0 0 0 0 0 0 0 0 0 0 1 1 1 1 1 1 1 1 1 1 1 1 1 1 1 1 1 1 1 1 1 1 1 1 1 1 1 1 1 1 1 1 1 1 1 1 1 1 1 1 1 0 0 0 0 0 0 0 0 0 0 0 0 0 0 0 0 0 0 0
I1024 06:28:07.749977 47331883926592 create_pretraining_data.py:161] segment_ids: 0 0 0 0 0 0 0 0 0 0 0 0 0 0 0 0 0 0 0 0 0 0 0 0 0 0 0 0 0 0 0 0 0 0 0 0 0 0 0 0 0 0 0 0 0 0 0 0 0 0 0 0 0 0 0 0 0 0 0 0 0 0 0 0 0 0 0 0 1 1 1 1 1 1 1 1 1 1 1 1 1 1 1 1 1 1 1 1 1 1 1 1 1 1 1 1 1 1 1 1 1 1 1 1 1 1 1 1 1 0 0 0 0 0 0 0 0 0 0 0 0 0 0 0 0 0 0 0
INFO:tensorflow:masked_lm_positions: 6 7 10 11 15 16 31 34 49 57 58 59 79 90 91 107 0 0 0 0
I1024 06:28:07.750072 47331883926592 create_pretraining_data.py:161] masked_lm_positions: 6 7 10 11 15 16 31 34 49 57 58 59 79 90 91 107 0 0 0 0
INFO:tensorflow:masked_lm_ids: 18534 1913 17768 1005 10746 6370 8109 16205 3549 15442 1005 1010 4180 14684 1913 18 0 0 0 0
I1024 06:28:07.750164 47331883926592 create_pretraining_data.py:161] masked_lm_ids: 18534 1913 17768 1005 10746 6370 8109 16205 3549 15442 1005 1010 4180 14684 1913 18 0 0 0 0
INFO:tensorflow:masked_lm_weights: 1.0 1.0 1.0 1.0 1.0 1.0 1.0 1.0 1.0 1.0 1.0 1.0 1.0 1.0 1.0 1.0 0.0 0.0 0.0 0.0
I1024 06:28:07.750257 47331883926592 create_pretraining_data.py:161] masked_lm_weights: 1.0 1.0 1.0 1.0 1.0 1.0 1.0 1.0 1.0 1.0 1.0 1.0 1.0 1.0 1.0 1.0 0.0 0.0 0.0 0.0
INFO:tensorflow:next_sentence_labels: 1
I1024 06:28:07.750343 47331883926592 create_pretraining_data.py:161] next_sentence_labels: 1
INFO:tensorflow:*** Example ***
I1024 06:28:07.751032 47331883926592 create_pretraining_data.py:149] *** Example ***
INFO:tensorflow:tokens: [CLS] [MASK] هي مفيدة لصح ##ة العظام و المفاصل . الف ##واك ##ة والخ ##ضر ##وات الحمراء تحتوي على هي ##سب ##يري ##دين و كي ##ور ##سيت ##ين [MASK] [MASK] ##ووك الالي ##جي . [SEP] والكل ##سترو ##ل , وهي أيضا [MASK] لمن يعاني من التهاب ##ات المفاصل . الفواكه والخ ##ضر ##وات الخضراء [MASK] على كلو ##روفي ##ل [MASK] [MASK] غذائية وعلى كال ##سيوم وحم ##ض الف ##ولي ##ك [MASK] فيتامين سي [MASK] هذه [MASK] مهمة لمنا ##عة الانسان وللت ##قلي ##ل [MASK] خطر سرطان القولون ومشاكل [MASK] [MASK] . أيضا تقلل من ضغط الدم والكل ##سترو ##ل و من [MASK] تس ##رط ##ن الخلايا . هذه المواد تحتوي [MASK] مادة مهمة [MASK] ري ##زي ##رفات ##ول , بالاضافة على احت ##وائ ##ها على فيتامين سي [SEP]
I1024 06:28:07.751202 47331883926592 create_pretraining_data.py:151] tokens: [CLS] [MASK] هي مفيدة لصح ##ة العظام و المفاصل . الف ##واك ##ة والخ ##ضر ##وات الحمراء تحتوي على هي ##سب ##يري ##دين و كي ##ور ##سيت ##ين [MASK] [MASK] ##ووك الالي ##جي . [SEP] والكل ##سترو ##ل , وهي أيضا [MASK] لمن يعاني من التهاب ##ات المفاصل . الفواكه والخ ##ضر ##وات الخضراء [MASK] على كلو ##روفي ##ل [MASK] [MASK] غذائية وعلى كال ##سيوم وحم ##ض الف ##ولي ##ك [MASK] فيتامين سي [MASK] هذه [MASK] مهمة لمنا ##عة الانسان وللت ##قلي ##ل [MASK] خطر سرطان القولون ومشاكل [MASK] [MASK] . أيضا تقلل من ضغط الدم والكل ##سترو ##ل و من [MASK] تس ##رط ##ن الخلايا . هذه المواد تحتوي [MASK] مادة مهمة [MASK] ري ##زي ##رفات ##ول , بالاضافة على احت ##وائ ##ها على فيتامين سي [SEP]
INFO:tensorflow:input_ids: 2 4 2247 16251 18379 1043 15916 415 25959 18 1980 5058 1043 3184 2511 2174 12568 7564 1961 2247 2024 2727 2292 415 3364 1936 9669 1911 4 4 9496 23631 2643 18 3 20958 27437 1010 16 2843 3112 4 3043 9234 1908 14808 1904 25959 18 24030 3184 2511 2174 12801 4 1961 15834 18945 1010 4 4 17193 3720 3881 18499 11206 1027 1980 2231 1014 4 18824 2266 4 2159 4 6599 26219 2029 3858 26271 6765 1010 4 7441 17045 25707 15273 4 4 18 3112 24408 1908 7431 4479 20958 27437 1010 415 1908 4 2304 9926 1006 12629 18 2159 4989 7564 4 5050 6599 4 2740 2205 25476 1940 16 11875 1961 2691 2844 1913 1961 18824 2266 3
I1024 06:28:07.751372 47331883926592 create_pretraining_data.py:161] input_ids: 2 4 2247 16251 18379 1043 15916 415 25959 18 1980 5058 1043 3184 2511 2174 12568 7564 1961 2247 2024 2727 2292 415 3364 1936 9669 1911 4 4 9496 23631 2643 18 3 20958 27437 1010 16 2843 3112 4 3043 9234 1908 14808 1904 25959 18 24030 3184 2511 2174 12801 4 1961 15834 18945 1010 4 4 17193 3720 3881 18499 11206 1027 1980 2231 1014 4 18824 2266 4 2159 4 6599 26219 2029 3858 26271 6765 1010 4 7441 17045 25707 15273 4 4 18 3112 24408 1908 7431 4479 20958 27437 1010 415 1908 4 2304 9926 1006 12629 18 2159 4989 7564 4 5050 6599 4 2740 2205 25476 1940 16 11875 1961 2691 2844 1913 1961 18824 2266 3
INFO:tensorflow:input_mask: 1 1 1 1 1 1 1 1 1 1 1 1 1 1 1 1 1 1 1 1 1 1 1 1 1 1 1 1 1 1 1 1 1 1 1 1 1 1 1 1 1 1 1 1 1 1 1 1 1 1 1 1 1 1 1 1 1 1 1 1 1 1 1 1 1 1 1 1 1 1 1 1 1 1 1 1 1 1 1 1 1 1 1 1 1 1 1 1 1 1 1 1 1 1 1 1 1 1 1 1 1 1 1 1 1 1 1 1 1 1 1 1 1 1 1 1 1 1 1 1 1 1 1 1 1 1 1 1
I1024 06:28:07.751505 47331883926592 create_pretraining_data.py:161] input_mask: 1 1 1 1 1 1 1 1 1 1 1 1 1 1 1 1 1 1 1 1 1 1 1 1 1 1 1 1 1 1 1 1 1 1 1 1 1 1 1 1 1 1 1 1 1 1 1 1 1 1 1 1 1 1 1 1 1 1 1 1 1 1 1 1 1 1 1 1 1 1 1 1 1 1 1 1 1 1 1 1 1 1 1 1 1 1 1 1 1 1 1 1 1 1 1 1 1 1 1 1 1 1 1 1 1 1 1 1 1 1 1 1 1 1 1 1 1 1 1 1 1 1 1 1 1 1 1 1
INFO:tensorflow:segment_ids: 0 0 0 0 0 0 0 0 0 0 0 0 0 0 0 0 0 0 0 0 0 0 0 0 0 0 0 0 0 0 0 0 0 0 0 1 1 1 1 1 1 1 1 1 1 1 1 1 1 1 1 1 1 1 1 1 1 1 1 1 1 1 1 1 1 1 1 1 1 1 1 1 1 1 1 1 1 1 1 1 1 1 1 1 1 1 1 1 1 1 1 1 1 1 1 1 1 1 1 1 1 1 1 1 1 1 1 1 1 1 1 1 1 1 1 1 1 1 1 1 1 1 1 1 1 1 1 1
I1024 06:28:07.751638 47331883926592 create_pretraining_data.py:161] segment_ids: 0 0 0 0 0 0 0 0 0 0 0 0 0 0 0 0 0 0 0 0 0 0 0 0 0 0 0 0 0 0 0 0 0 0 0 1 1 1 1 1 1 1 1 1 1 1 1 1 1 1 1 1 1 1 1 1 1 1 1 1 1 1 1 1 1 1 1 1 1 1 1 1 1 1 1 1 1 1 1 1 1 1 1 1 1 1 1 1 1 1 1 1 1 1 1 1 1 1 1 1 1 1 1 1 1 1 1 1 1 1 1 1 1 1 1 1 1 1 1 1 1 1 1 1 1 1 1 1
INFO:tensorflow:masked_lm_positions: 1 28 29 30 41 54 59 60 70 73 75 79 83 88 89 101 105 110 113 0
I1024 06:28:07.751733 47331883926592 create_pretraining_data.py:161] masked_lm_positions: 1 28 29 30 41 54 59 60 70 73 75 79 83 88 89 101 105 110 113 0
INFO:tensorflow:masked_lm_ids: 3112 415 2848 1027 16251 7564 15042 16570 415 18 4989 3858 1908 25707 11100 7441 12629 1961 10923 0
I1024 06:28:07.751835 47331883926592 create_pretraining_data.py:161] masked_lm_ids: 3112 415 2848 1027 16251 7564 15042 16570 415 18 4989 3858 1908 25707 11100 7441 12629 1961 10923 0
INFO:tensorflow:masked_lm_weights: 1.0 1.0 1.0 1.0 1.0 1.0 1.0 1.0 1.0 1.0 1.0 1.0 1.0 1.0 1.0 1.0 1.0 1.0 1.0 0.0
I1024 06:28:07.751929 47331883926592 create_pretraining_data.py:161] masked_lm_weights: 1.0 1.0 1.0 1.0 1.0 1.0 1.0 1.0 1.0 1.0 1.0 1.0 1.0 1.0 1.0 1.0 1.0 1.0 1.0 0.0
INFO:tensorflow:next_sentence_labels: 0
I1024 06:28:07.752012 47331883926592 create_pretraining_data.py:161] next_sentence_labels: 0
INFO:tensorflow:*** Example ***
I1024 06:28:07.752716 47331883926592 create_pretraining_data.py:149] *** Example ***
INFO:tensorflow:tokens: [CLS] [MASK] الأض ##حية سنة ولا دليل على وجوب ##ها ويجوز لغير القادر تركها ملاك [MASK] اخبار و قضايا سعوديه 0 ##🇲 - 05 - 2011 07 : 45 PM افاد ##ة للحصول على ارخص الاسعار لح ##جوز ##ات الفنادق وما اريد غير [MASK] m ##aw ##ada ##h السياحه - مناطق سياحي ##ه - [MASK] العرب يزين 03 - 19 - 2011 01 : [SEP] حديثة أجر ##اها باحث ##ون هول ##ندي ##ون بجامعة ماستر ##يخ ##ت ان ممارسة تمارين الاستر [MASK] والاست ##ماع الى صوت أم ##واج البحر كلها عوامل تساعد [MASK] [MASK] يعانون من [MASK] [MASK] [MASK] [MASK] على تجاهله [MASK] [MASK] [MASK] [MASK] وأشار ##وا الى أن الطرق العلاجية المتب ##عة حاليا والتى تت ##لخص فى [MASK] للس ##مع وف ##حو ##صات للأ ##ذن [SEP]
I1024 06:28:07.752883 47331883926592 create_pretraining_data.py:151] tokens: [CLS] [MASK] الأض ##حية سنة ولا دليل على وجوب ##ها ويجوز لغير القادر تركها ملاك [MASK] اخبار و قضايا سعوديه 0 ##🇲 - 05 - 2011 07 : 45 PM افاد ##ة للحصول على ارخص الاسعار لح ##جوز ##ات الفنادق وما اريد غير [MASK] m ##aw ##ada ##h السياحه - مناطق سياحي ##ه - [MASK] العرب يزين 03 - 19 - 2011 01 : [SEP] حديثة أجر ##اها باحث ##ون هول ##ندي ##ون بجامعة ماستر ##يخ ##ت ان ممارسة تمارين الاستر [MASK] والاست ##ماع الى صوت أم ##واج البحر كلها عوامل تساعد [MASK] [MASK] يعانون من [MASK] [MASK] [MASK] [MASK] على تجاهله [MASK] [MASK] [MASK] [MASK] وأشار ##وا الى أن الطرق العلاجية المتب ##عة حاليا والتى تت ##لخص فى [MASK] للس ##مع وف ##حو ##صات للأ ##ذن [SEP]
INFO:tensorflow:input_ids: 2 4 23707 3723 3234 2086 5038 1961 15652 1913 24857 6944 11144 27877 15439 4 3300 415 6327 13330 20 1334 17 2819 17 4817 5941 30 5755 6033 21606 1043 6608 1961 21172 9384 2503 16904 1904 10938 2564 7352 2224 4 81 12878 7186 1094 15436 17 5415 23022 1028 17 4 3157 28236 6257 17 2464 17 4817 5479 30 3 12054 12428 12265 13546 1922 10705 4739 1922 11042 21089 6819 1005 1939 10632 16384 16872 4 4167 2420 2186 3195 2239 3213 3106 4465 15700 7828 4 4 14435 1908 4 4 4 4 1961 9119 4 4 4 4 6659 1928 2186 1979 5910 22027 16693 2029 4371 9966 2201 17226 2230 4 2916 2049 2390 5389 6579 2939 3022 3
I1024 06:28:07.753435 47331883926592 create_pretraining_data.py:161] input_ids: 2 4 23707 3723 3234 2086 5038 1961 15652 1913 24857 6944 11144 27877 15439 4 3300 415 6327 13330 20 1334 17 2819 17 4817 5941 30 5755 6033 21606 1043 6608 1961 21172 9384 2503 16904 1904 10938 2564 7352 2224 4 81 12878 7186 1094 15436 17 5415 23022 1028 17 4 3157 28236 6257 17 2464 17 4817 5479 30 3 12054 12428 12265 13546 1922 10705 4739 1922 11042 21089 6819 1005 1939 10632 16384 16872 4 4167 2420 2186 3195 2239 3213 3106 4465 15700 7828 4 4 14435 1908 4 4 4 4 1961 9119 4 4 4 4 6659 1928 2186 1979 5910 22027 16693 2029 4371 9966 2201 17226 2230 4 2916 2049 2390 5389 6579 2939 3022 3
INFO:tensorflow:input_mask: 1 1 1 1 1 1 1 1 1 1 1 1 1 1 1 1 1 1 1 1 1 1 1 1 1 1 1 1 1 1 1 1 1 1 1 1 1 1 1 1 1 1 1 1 1 1 1 1 1 1 1 1 1 1 1 1 1 1 1 1 1 1 1 1 1 1 1 1 1 1 1 1 1 1 1 1 1 1 1 1 1 1 1 1 1 1 1 1 1 1 1 1 1 1 1 1 1 1 1 1 1 1 1 1 1 1 1 1 1 1 1 1 1 1 1 1 1 1 1 1 1 1 1 1 1 1 1 1
I1024 06:28:07.753584 47331883926592 create_pretraining_data.py:161] input_mask: 1 1 1 1 1 1 1 1 1 1 1 1 1 1 1 1 1 1 1 1 1 1 1 1 1 1 1 1 1 1 1 1 1 1 1 1 1 1 1 1 1 1 1 1 1 1 1 1 1 1 1 1 1 1 1 1 1 1 1 1 1 1 1 1 1 1 1 1 1 1 1 1 1 1 1 1 1 1 1 1 1 1 1 1 1 1 1 1 1 1 1 1 1 1 1 1 1 1 1 1 1 1 1 1 1 1 1 1 1 1 1 1 1 1 1 1 1 1 1 1 1 1 1 1 1 1 1 1
INFO:tensorflow:segment_ids: 0 0 0 0 0 0 0 0 0 0 0 0 0 0 0 0 0 0 0 0 0 0 0 0 0 0 0 0 0 0 0 0 0 0 0 0 0 0 0 0 0 0 0 0 0 0 0 0 0 0 0 0 0 0 0 0 0 0 0 0 0 0 0 0 0 1 1 1 1 1 1 1 1 1 1 1 1 1 1 1 1 1 1 1 1 1 1 1 1 1 1 1 1 1 1 1 1 1 1 1 1 1 1 1 1 1 1 1 1 1 1 1 1 1 1 1 1 1 1 1 1 1 1 1 1 1 1 1
I1024 06:28:07.753720 47331883926592 create_pretraining_data.py:161] segment_ids: 0 0 0 0 0 0 0 0 0 0 0 0 0 0 0 0 0 0 0 0 0 0 0 0 0 0 0 0 0 0 0 0 0 0 0 0 0 0 0 0 0 0 0 0 0 0 0 0 0 0 0 0 0 0 0 0 0 0 0 0 0 0 0 0 0 1 1 1 1 1 1 1 1 1 1 1 1 1 1 1 1 1 1 1 1 1 1 1 1 1 1 1 1 1 1 1 1 1 1 1 1 1 1 1 1 1 1 1 1 1 1 1 1 1 1 1 1 1 1 1 1 1 1 1 1 1 1 1
INFO:tensorflow:masked_lm_positions: 1 15 21 43 54 56 80 81 92 93 96 97 98 99 102 103 104 105 119 0
I1024 06:28:07.753816 47331883926592 create_pretraining_data.py:161] masked_lm_positions: 1 15 21 43 54 56 80 81 92 93 96 97 98 99 102 103 104 105 119 0
INFO:tensorflow:masked_lm_ids: 30 4525 2780 5347 28001 22 16872 10622 7497 2677 7841 1911 1915 3022 29237 1954 2739 18 8885 0
I1024 06:28:07.753907 47331883926592 create_pretraining_data.py:161] masked_lm_ids: 30 4525 2780 5347 28001 22 16872 10622 7497 2677 7841 1911 1915 3022 29237 1954 2739 18 8885 0
INFO:tensorflow:masked_lm_weights: 1.0 1.0 1.0 1.0 1.0 1.0 1.0 1.0 1.0 1.0 1.0 1.0 1.0 1.0 1.0 1.0 1.0 1.0 1.0 0.0
I1024 06:28:07.753999 47331883926592 create_pretraining_data.py:161] masked_lm_weights: 1.0 1.0 1.0 1.0 1.0 1.0 1.0 1.0 1.0 1.0 1.0 1.0 1.0 1.0 1.0 1.0 1.0 1.0 1.0 0.0
INFO:tensorflow:next_sentence_labels: 1
I1024 06:28:07.754082 47331883926592 create_pretraining_data.py:161] next_sentence_labels: 1
INFO:tensorflow:*** Example ***
I1024 06:28:07.754753 47331883926592 create_pretraining_data.py:149] *** Example ***
INFO:tensorflow:tokens: [CLS] أولا ، يزعم ##ون أنهم قد تم تنظيم ##ها [MASK] S ##I ##BA لكنه يف ##شل [MASK] تقديم مع أي عدد الترخيص . [SEP] لك ##بري ##ائي [MASK] قسم [MASK] [SEP]
I1024 06:28:07.754881 47331883926592 create_pretraining_data.py:151] tokens: [CLS] أولا ، يزعم ##ون أنهم قد تم تنظيم ##ها [MASK] S ##I ##BA لكنه يف ##شل [MASK] تقديم مع أي عدد الترخيص . [SEP] لك ##بري ##ائي [MASK] قسم [MASK] [SEP]
INFO:tensorflow:input_ids: 2 5918 378 23926 1922 6644 2251 2172 4791 1913 4 55 1062 28206 5760 3078 4908 4 4495 1973 2235 2548 28676 18 3 2278 14135 3017 4 2122 4 3 0 0 0 0 0 0 0 0 0 0 0 0 0 0 0 0 0 0 0 0 0 0 0 0 0 0 0 0 0 0 0 0 0 0 0 0 0 0 0 0 0 0 0 0 0 0 0 0 0 0 0 0 0 0 0 0 0 0 0 0 0 0 0 0 0 0 0 0 0 0 0 0 0 0 0 0 0 0 0 0 0 0 0 0 0 0 0 0 0 0 0 0 0 0 0 0
I1024 06:28:07.755023 47331883926592 create_pretraining_data.py:161] input_ids: 2 5918 378 23926 1922 6644 2251 2172 4791 1913 4 55 1062 28206 5760 3078 4908 4 4495 1973 2235 2548 28676 18 3 2278 14135 3017 4 2122 4 3 0 0 0 0 0 0 0 0 0 0 0 0 0 0 0 0 0 0 0 0 0 0 0 0 0 0 0 0 0 0 0 0 0 0 0 0 0 0 0 0 0 0 0 0 0 0 0 0 0 0 0 0 0 0 0 0 0 0 0 0 0 0 0 0 0 0 0 0 0 0 0 0 0 0 0 0 0 0 0 0 0 0 0 0 0 0 0 0 0 0 0 0 0 0 0 0
INFO:tensorflow:input_mask: 1 1 1 1 1 1 1 1 1 1 1 1 1 1 1 1 1 1 1 1 1 1 1 1 1 1 1 1 1 1 1 1 0 0 0 0 0 0 0 0 0 0 0 0 0 0 0 0 0 0 0 0 0 0 0 0 0 0 0 0 0 0 0 0 0 0 0 0 0 0 0 0 0 0 0 0 0 0 0 0 0 0 0 0 0 0 0 0 0 0 0 0 0 0 0 0 0 0 0 0 0 0 0 0 0 0 0 0 0 0 0 0 0 0 0 0 0 0 0 0 0 0 0 0 0 0 0 0
I1024 06:28:07.755153 47331883926592 create_pretraining_data.py:161] input_mask: 1 1 1 1 1 1 1 1 1 1 1 1 1 1 1 1 1 1 1 1 1 1 1 1 1 1 1 1 1 1 1 1 0 0 0 0 0 0 0 0 0 0 0 0 0 0 0 0 0 0 0 0 0 0 0 0 0 0 0 0 0 0 0 0 0 0 0 0 0 0 0 0 0 0 0 0 0 0 0 0 0 0 0 0 0 0 0 0 0 0 0 0 0 0 0 0 0 0 0 0 0 0 0 0 0 0 0 0 0 0 0 0 0 0 0 0 0 0 0 0 0 0 0 0 0 0 0 0
INFO:tensorflow:segment_ids: 0 0 0 0 0 0 0 0 0 0 0 0 0 0 0 0 0 0 0 0 0 0 0 0 0 1 1 1 1 1 1 1 0 0 0 0 0 0 0 0 0 0 0 0 0 0 0 0 0 0 0 0 0 0 0 0 0 0 0 0 0 0 0 0 0 0 0 0 0 0 0 0 0 0 0 0 0 0 0 0 0 0 0 0 0 0 0 0 0 0 0 0 0 0 0 0 0 0 0 0 0 0 0 0 0 0 0 0 0 0 0 0 0 0 0 0 0 0 0 0 0 0 0 0 0 0 0 0
I1024 06:28:07.755289 47331883926592 create_pretraining_data.py:161] segment_ids: 0 0 0 0 0 0 0 0 0 0 0 0 0 0 0 0 0 0 0 0 0 0 0 0 0 1 1 1 1 1 1 1 0 0 0 0 0 0 0 0 0 0 0 0 0 0 0 0 0 0 0 0 0 0 0 0 0 0 0 0 0 0 0 0 0 0 0 0 0 0 0 0 0 0 0 0 0 0 0 0 0 0 0 0 0 0 0 0 0 0 0 0 0 0 0 0 0 0 0 0 0 0 0 0 0 0 0 0 0 0 0 0 0 0 0 0 0 0 0 0 0 0 0 0 0 0 0 0
INFO:tensorflow:masked_lm_positions: 10 14 17 28 30 0 0 0 0 0 0 0 0 0 0 0 0 0 0 0
I1024 06:28:07.755386 47331883926592 create_pretraining_data.py:161] masked_lm_positions: 10 14 17 28 30 0 0 0 0 0 0 0 0 0 0 0 0 0 0 0
INFO:tensorflow:masked_lm_ids: 2538 5760 1912 7892 18 0 0 0 0 0 0 0 0 0 0 0 0 0 0 0
I1024 06:28:07.755477 47331883926592 create_pretraining_data.py:161] masked_lm_ids: 2538 5760 1912 7892 18 0 0 0 0 0 0 0 0 0 0 0 0 0 0 0
INFO:tensorflow:masked_lm_weights: 1.0 1.0 1.0 1.0 1.0 0.0 0.0 0.0 0.0 0.0 0.0 0.0 0.0 0.0 0.0 0.0 0.0 0.0 0.0 0.0
I1024 06:28:07.755570 47331883926592 create_pretraining_data.py:161] masked_lm_weights: 1.0 1.0 1.0 1.0 1.0 0.0 0.0 0.0 0.0 0.0 0.0 0.0 0.0 0.0 0.0 0.0 0.0 0.0 0.0 0.0
INFO:tensorflow:next_sentence_labels: 1
I1024 06:28:07.755670 47331883926592 create_pretraining_data.py:161] next_sentence_labels: 1
INFO:tensorflow:*** Example ***
I1024 06:28:07.756356 47331883926592 create_pretraining_data.py:149] *** Example ***
INFO:tensorflow:tokens: [CLS] بري على صح ##اح الجوهري 5 . النهاية في غريب الحديث والأ ##ثر لع ##ز الدين ابن الأ ##ثير . يح ##وي هذا المعجم 80 ألف مادة [MASK] [MASK] بزيادة 20 ألف مادة [MASK] القاموس المحيط . وهو من أغ ##نى المعاجم بالش ##واه ##د [MASK] وهو جيد الض ##بط ويع ##رض الروايات المتعا ##رض ##ة خطه بوب الأق ##وال فيها . ويذكر المعجم [MASK] اشت ##ق من اللفظ من أسماء باتا والأش ##خاص والأم ##اك ##ن [MASK] [MASK] ويعد هذا المعجم [MASK] لغ ##وية وأد ##بية قلوبهم [MASK] ماد ##ته [MASK] واست ##قص ##ائه واست ##يعاب ##ه لجل [SEP] وقد رتب ##ه ابن [MASK] على الأبواب والف ##صول [MASK] حروف الهج ##اء أبواب ##ا أولها باب [MASK] [MASK] وآخر ##ها باب الألف اللي ##نة [MASK] [SEP]
I1024 06:28:07.756521 47331883926592 create_pretraining_data.py:151] tokens: [CLS] بري على صح ##اح الجوهري 5 . النهاية في غريب الحديث والأ ##ثر لع ##ز الدين ابن الأ ##ثير . يح ##وي هذا المعجم 80 ألف مادة [MASK] [MASK] بزيادة 20 ألف مادة [MASK] القاموس المحيط . وهو من أغ ##نى المعاجم بالش ##واه ##د [MASK] وهو جيد الض ##بط ويع ##رض الروايات المتعا ##رض ##ة خطه بوب الأق ##وال فيها . ويذكر المعجم [MASK] اشت ##ق من اللفظ من أسماء باتا والأش ##خاص والأم ##اك ##ن [MASK] [MASK] ويعد هذا المعجم [MASK] لغ ##وية وأد ##بية قلوبهم [MASK] ماد ##ته [MASK] واست ##قص ##ائه واست ##يعاب ##ه لجل [SEP] وقد رتب ##ه ابن [MASK] على الأبواب والف ##صول [MASK] حروف الهج ##اء أبواب ##ا أولها باب [MASK] [MASK] وآخر ##ها باب الألف اللي ##نة [MASK] [SEP]
INFO:tensorflow:input_ids: 2 4836 1961 2786 2187 25338 25 18 9547 1912 7443 3242 2491 2132 2941 1008 2825 2549 1945 2334 18 2410 1971 2085 12569 7209 3853 5050 4 4 14889 2056 3853 5050 4 23481 10910 18 2400 1908 3545 2770 21483 4349 5106 1016 4 2400 6842 2403 2463 4594 2080 11744 29674 2080 1043 21397 17567 6670 2318 2443 18 18226 12569 4 3583 1011 1908 18495 1908 8763 21810 26838 3448 13024 2544 1006 4 4 16446 2085 12569 4 3606 2328 11156 2444 9352 4 6849 2076 4 2983 2878 4379 2983 17334 1028 20796 3 2585 27443 1028 2549 4 1961 17524 3227 2658 4 8048 23735 1954 10207 1007 29050 3153 4 4 11775 1913 3153 17487 2115 2151 4 3
I1024 06:28:07.756680 47331883926592 create_pretraining_data.py:161] input_ids: 2 4836 1961 2786 2187 25338 25 18 9547 1912 7443 3242 2491 2132 2941 1008 2825 2549 1945 2334 18 2410 1971 2085 12569 7209 3853 5050 4 4 14889 2056 3853 5050 4 23481 10910 18 2400 1908 3545 2770 21483 4349 5106 1016 4 2400 6842 2403 2463 4594 2080 11744 29674 2080 1043 21397 17567 6670 2318 2443 18 18226 12569 4 3583 1011 1908 18495 1908 8763 21810 26838 3448 13024 2544 1006 4 4 16446 2085 12569 4 3606 2328 11156 2444 9352 4 6849 2076 4 2983 2878 4379 2983 17334 1028 20796 3 2585 27443 1028 2549 4 1961 17524 3227 2658 4 8048 23735 1954 10207 1007 29050 3153 4 4 11775 1913 3153 17487 2115 2151 4 3
INFO:tensorflow:input_mask: 1 1 1 1 1 1 1 1 1 1 1 1 1 1 1 1 1 1 1 1 1 1 1 1 1 1 1 1 1 1 1 1 1 1 1 1 1 1 1 1 1 1 1 1 1 1 1 1 1 1 1 1 1 1 1 1 1 1 1 1 1 1 1 1 1 1 1 1 1 1 1 1 1 1 1 1 1 1 1 1 1 1 1 1 1 1 1 1 1 1 1 1 1 1 1 1 1 1 1 1 1 1 1 1 1 1 1 1 1 1 1 1 1 1 1 1 1 1 1 1 1 1 1 1 1 1 1 1
I1024 06:28:07.756830 47331883926592 create_pretraining_data.py:161] input_mask: 1 1 1 1 1 1 1 1 1 1 1 1 1 1 1 1 1 1 1 1 1 1 1 1 1 1 1 1 1 1 1 1 1 1 1 1 1 1 1 1 1 1 1 1 1 1 1 1 1 1 1 1 1 1 1 1 1 1 1 1 1 1 1 1 1 1 1 1 1 1 1 1 1 1 1 1 1 1 1 1 1 1 1 1 1 1 1 1 1 1 1 1 1 1 1 1 1 1 1 1 1 1 1 1 1 1 1 1 1 1 1 1 1 1 1 1 1 1 1 1 1 1 1 1 1 1 1 1
INFO:tensorflow:segment_ids: 0 0 0 0 0 0 0 0 0 0 0 0 0 0 0 0 0 0 0 0 0 0 0 0 0 0 0 0 0 0 0 0 0 0 0 0 0 0 0 0 0 0 0 0 0 0 0 0 0 0 0 0 0 0 0 0 0 0 0 0 0 0 0 0 0 0 0 0 0 0 0 0 0 0 0 0 0 0 0 0 0 0 0 0 0 0 0 0 0 0 0 0 0 0 0 0 0 0 0 0 0 1 1 1 1 1 1 1 1 1 1 1 1 1 1 1 1 1 1 1 1 1 1 1 1 1 1 1
I1024 06:28:07.756958 47331883926592 create_pretraining_data.py:161] segment_ids: 0 0 0 0 0 0 0 0 0 0 0 0 0 0 0 0 0 0 0 0 0 0 0 0 0 0 0 0 0 0 0 0 0 0 0 0 0 0 0 0 0 0 0 0 0 0 0 0 0 0 0 0 0 0 0 0 0 0 0 0 0 0 0 0 0 0 0 0 0 0 0 0 0 0 0 0 0 0 0 0 0 0 0 0 0 0 0 0 0 0 0 0 0 0 0 0 0 0 0 0 0 1 1 1 1 1 1 1 1 1 1 1 1 1 1 1 1 1 1 1 1 1 1 1 1 1 1 1
INFO:tensorflow:masked_lm_positions: 28 29 34 46 57 58 65 72 78 79 83 88 89 92 105 110 118 119 126 0
I1024 06:28:07.757053 47331883926592 create_pretraining_data.py:161] masked_lm_positions: 28 29 34 46 57 58 65 72 78 79 83 88 89 92 105 110 118 119 126 0
INFO:tensorflow:masked_lm_ids: 378 2235 1961 378 4092 6560 1972 11268 5370 18 12583 28681 2116 5287 27387 24941 5707 2307 18 0
I1024 06:28:07.757144 47331883926592 create_pretraining_data.py:161] masked_lm_ids: 378 2235 1961 378 4092 6560 1972 11268 5370 18 12583 28681 2116 5287 27387 24941 5707 2307 18 0
INFO:tensorflow:masked_lm_weights: 1.0 1.0 1.0 1.0 1.0 1.0 1.0 1.0 1.0 1.0 1.0 1.0 1.0 1.0 1.0 1.0 1.0 1.0 1.0 0.0
I1024 06:28:07.757236 47331883926592 create_pretraining_data.py:161] masked_lm_weights: 1.0 1.0 1.0 1.0 1.0 1.0 1.0 1.0 1.0 1.0 1.0 1.0 1.0 1.0 1.0 1.0 1.0 1.0 1.0 0.0
INFO:tensorflow:next_sentence_labels: 0
I1024 06:28:07.757318 47331883926592 create_pretraining_data.py:161] next_sentence_labels: 0
INFO:tensorflow:*** Example ***
I1024 06:28:07.757996 47331883926592 create_pretraining_data.py:149] *** Example ***
INFO:tensorflow:tokens: [CLS] نظرا للض ##غط الشديد علية موقع الازهر التعليم ##ى من هنا ##اااااااا ##اااااااا ##اا [MASK] الاز . . . [SEP] 8 يناير الشوط [MASK] الفنادق التعليقات [MASK] بالصور . . [SEP]
I1024 06:28:07.758124 47331883926592 create_pretraining_data.py:151] tokens: [CLS] نظرا للض ##غط الشديد علية موقع الازهر التعليم ##ى من هنا ##اااااااا ##اااااااا ##اا [MASK] الاز . . . [SEP] 8 يناير الشوط [MASK] الفنادق التعليقات [MASK] بالصور . . [SEP]
INFO:tensorflow:input_ids: 2 7710 9317 3297 10332 24542 2867 23240 3009 1102 1908 2349 11949 11949 2877 4 4825 18 18 18 3 28 4437 8893 4 10938 7838 4 6249 18 18 3 0 0 0 0 0 0 0 0 0 0 0 0 0 0 0 0 0 0 0 0 0 0 0 0 0 0 0 0 0 0 0 0 0 0 0 0 0 0 0 0 0 0 0 0 0 0 0 0 0 0 0 0 0 0 0 0 0 0 0 0 0 0 0 0 0 0 0 0 0 0 0 0 0 0 0 0 0 0 0 0 0 0 0 0 0 0 0 0 0 0 0 0 0 0 0 0
I1024 06:28:07.758276 47331883926592 create_pretraining_data.py:161] input_ids: 2 7710 9317 3297 10332 24542 2867 23240 3009 1102 1908 2349 11949 11949 2877 4 4825 18 18 18 3 28 4437 8893 4 10938 7838 4 6249 18 18 3 0 0 0 0 0 0 0 0 0 0 0 0 0 0 0 0 0 0 0 0 0 0 0 0 0 0 0 0 0 0 0 0 0 0 0 0 0 0 0 0 0 0 0 0 0 0 0 0 0 0 0 0 0 0 0 0 0 0 0 0 0 0 0 0 0 0 0 0 0 0 0 0 0 0 0 0 0 0 0 0 0 0 0 0 0 0 0 0 0 0 0 0 0 0 0 0
INFO:tensorflow:input_mask: 1 1 1 1 1 1 1 1 1 1 1 1 1 1 1 1 1 1 1 1 1 1 1 1 1 1 1 1 1 1 1 1 0 0 0 0 0 0 0 0 0 0 0 0 0 0 0 0 0 0 0 0 0 0 0 0 0 0 0 0 0 0 0 0 0 0 0 0 0 0 0 0 0 0 0 0 0 0 0 0 0 0 0 0 0 0 0 0 0 0 0 0 0 0 0 0 0 0 0 0 0 0 0 0 0 0 0 0 0 0 0 0 0 0 0 0 0 0 0 0 0 0 0 0 0 0 0 0
I1024 06:28:07.758407 47331883926592 create_pretraining_data.py:161] input_mask: 1 1 1 1 1 1 1 1 1 1 1 1 1 1 1 1 1 1 1 1 1 1 1 1 1 1 1 1 1 1 1 1 0 0 0 0 0 0 0 0 0 0 0 0 0 0 0 0 0 0 0 0 0 0 0 0 0 0 0 0 0 0 0 0 0 0 0 0 0 0 0 0 0 0 0 0 0 0 0 0 0 0 0 0 0 0 0 0 0 0 0 0 0 0 0 0 0 0 0 0 0 0 0 0 0 0 0 0 0 0 0 0 0 0 0 0 0 0 0 0 0 0 0 0 0 0 0 0
INFO:tensorflow:segment_ids: 0 0 0 0 0 0 0 0 0 0 0 0 0 0 0 0 0 0 0 0 0 1 1 1 1 1 1 1 1 1 1 1 0 0 0 0 0 0 0 0 0 0 0 0 0 0 0 0 0 0 0 0 0 0 0 0 0 0 0 0 0 0 0 0 0 0 0 0 0 0 0 0 0 0 0 0 0 0 0 0 0 0 0 0 0 0 0 0 0 0 0 0 0 0 0 0 0 0 0 0 0 0 0 0 0 0 0 0 0 0 0 0 0 0 0 0 0 0 0 0 0 0 0 0 0 0 0 0
I1024 06:28:07.758531 47331883926592 create_pretraining_data.py:161] segment_ids: 0 0 0 0 0 0 0 0 0 0 0 0 0 0 0 0 0 0 0 0 0 1 1 1 1 1 1 1 1 1 1 1 0 0 0 0 0 0 0 0 0 0 0 0 0 0 0 0 0 0 0 0 0 0 0 0 0 0 0 0 0 0 0 0 0 0 0 0 0 0 0 0 0 0 0 0 0 0 0 0 0 0 0 0 0 0 0 0 0 0 0 0 0 0 0 0 0 0 0 0 0 0 0 0 0 0 0 0 0 0 0 0 0 0 0 0 0 0 0 0 0 0 0 0 0 0 0 0
INFO:tensorflow:masked_lm_positions: 15 19 23 24 27 0 0 0 0 0 0 0 0 0 0 0 0 0 0 0
I1024 06:28:07.758630 47331883926592 create_pretraining_data.py:161] masked_lm_positions: 15 19 23 24 27 0 0 0 0 0 0 0 0 0 0 0 0 0 0 0
INFO:tensorflow:masked_lm_ids: 2867 18 378 3700 1961 0 0 0 0 0 0 0 0 0 0 0 0 0 0 0
I1024 06:28:07.758721 47331883926592 create_pretraining_data.py:161] masked_lm_ids: 2867 18 378 3700 1961 0 0 0 0 0 0 0 0 0 0 0 0 0 0 0
INFO:tensorflow:masked_lm_weights: 1.0 1.0 1.0 1.0 1.0 0.0 0.0 0.0 0.0 0.0 0.0 0.0 0.0 0.0 0.0 0.0 0.0 0.0 0.0 0.0
I1024 06:28:07.758813 47331883926592 create_pretraining_data.py:161] masked_lm_weights: 1.0 1.0 1.0 1.0 1.0 0.0 0.0 0.0 0.0 0.0 0.0 0.0 0.0 0.0 0.0 0.0 0.0 0.0 0.0 0.0
INFO:tensorflow:next_sentence_labels: 1
I1024 06:28:07.758897 47331883926592 create_pretraining_data.py:161] next_sentence_labels: 1
INFO:tensorflow:*** Example ***
I1024 06:28:07.759586 47331883926592 create_pretraining_data.py:149] *** Example ***
INFO:tensorflow:tokens: [CLS] فإنه لا يمكن الآن تصور إنجاز معجم ما - بالك ##فاءة المطلوبة [MASK] [MASK] [MASK] فردي ، ولا يمكن لبا ##حث واحد أو مجموعة من الباحثين متح ##دي الثقافة الاض ##طلاع بهذا [MASK] [MASK] [SEP] لمس ##اير ##ة التقدم العلمي والتكن ##ولوجي الهائل - يجد أن معظمها لم [MASK] في المعاجم بعد ، رغم [MASK] [MASK] عدد من المعاجم المعاصرة ، التي يتس ##م معظمها بالاعت ##ماد الكلي على أعمال السابقين واجت ##رار ##ها عاما بعد عام ؛ حيث تكت ##في هذه [MASK] بالن ##قل أو الاخت ##صار أو [MASK] الترتيب أحيانا ، وهكذا [MASK] التفكير في جمع ثان لم ##فردات اللغة العربية المعاصرة ، وكيفية [MASK] [MASK] في سياق ##اتها المتعددة ، [MASK] بالتص ##احب ##ات [MASK] [MASK] [MASK] والتص ##احب ##ات المنت ##ظمة أو [SEP]
I1024 06:28:07.759759 47331883926592 create_pretraining_data.py:151] tokens: [CLS] فإنه لا يمكن الآن تصور إنجاز معجم ما - بالك ##فاءة المطلوبة [MASK] [MASK] [MASK] فردي ، ولا يمكن لبا ##حث واحد أو مجموعة من الباحثين متح ##دي الثقافة الاض ##طلاع بهذا [MASK] [MASK] [SEP] لمس ##اير ##ة التقدم العلمي والتكن ##ولوجي الهائل - يجد أن معظمها لم [MASK] في المعاجم بعد ، رغم [MASK] [MASK] عدد من المعاجم المعاصرة ، التي يتس ##م معظمها بالاعت ##ماد الكلي على أعمال السابقين واجت ##رار ##ها عاما بعد عام ؛ حيث تكت ##في هذه [MASK] بالن ##قل أو الاخت ##صار أو [MASK] الترتيب أحيانا ، وهكذا [MASK] التفكير في جمع ثان لم ##فردات اللغة العربية المعاصرة ، وكيفية [MASK] [MASK] في سياق ##اتها المتعددة ، [MASK] بالتص ##احب ##ات [MASK] [MASK] [MASK] والتص ##احب ##ات المنت ##ظمة أو [SEP]
INFO:tensorflow:input_ids: 2 5738 1963 2490 3303 14714 10435 19396 1972 17 3906 10215 10849 4 4 4 27147 378 2086 2490 28982 3110 2563 2075 3737 1908 15660 8870 1930 5788 11274 6751 4423 4 4 3 8992 11249 1043 9304 5758 25228 12103 26850 17 7270 1979 24832 2043 4 1912 21483 2089 378 3685 4 4 2548 1908 21483 16994 378 2061 17046 1015 24832 15845 4073 11607 1961 4828 19060 16731 5233 1913 4024 2089 2268 379 2455 7777 2007 2159 4 3229 2246 2075 4389 3109 2075 4 11608 11172 378 9605 4 7908 1912 3341 12336 2043 19514 3273 2488 16994 378 14468 4 4 1912 13200 3793 14496 378 4 15614 2953 1904 4 4 4 7636 2953 1904 2237 3369 2075 3
I1024 06:28:07.759930 47331883926592 create_pretraining_data.py:161] input_ids: 2 5738 1963 2490 3303 14714 10435 19396 1972 17 3906 10215 10849 4 4 4 27147 378 2086 2490 28982 3110 2563 2075 3737 1908 15660 8870 1930 5788 11274 6751 4423 4 4 3 8992 11249 1043 9304 5758 25228 12103 26850 17 7270 1979 24832 2043 4 1912 21483 2089 378 3685 4 4 2548 1908 21483 16994 378 2061 17046 1015 24832 15845 4073 11607 1961 4828 19060 16731 5233 1913 4024 2089 2268 379 2455 7777 2007 2159 4 3229 2246 2075 4389 3109 2075 4 11608 11172 378 9605 4 7908 1912 3341 12336 2043 19514 3273 2488 16994 378 14468 4 4 1912 13200 3793 14496 378 4 15614 2953 1904 4 4 4 7636 2953 1904 2237 3369 2075 3
INFO:tensorflow:input_mask: 1 1 1 1 1 1 1 1 1 1 1 1 1 1 1 1 1 1 1 1 1 1 1 1 1 1 1 1 1 1 1 1 1 1 1 1 1 1 1 1 1 1 1 1 1 1 1 1 1 1 1 1 1 1 1 1 1 1 1 1 1 1 1 1 1 1 1 1 1 1 1 1 1 1 1 1 1 1 1 1 1 1 1 1 1 1 1 1 1 1 1 1 1 1 1 1 1 1 1 1 1 1 1 1 1 1 1 1 1 1 1 1 1 1 1 1 1 1 1 1 1 1 1 1 1 1 1 1
I1024 06:28:07.760063 47331883926592 create_pretraining_data.py:161] input_mask: 1 1 1 1 1 1 1 1 1 1 1 1 1 1 1 1 1 1 1 1 1 1 1 1 1 1 1 1 1 1 1 1 1 1 1 1 1 1 1 1 1 1 1 1 1 1 1 1 1 1 1 1 1 1 1 1 1 1 1 1 1 1 1 1 1 1 1 1 1 1 1 1 1 1 1 1 1 1 1 1 1 1 1 1 1 1 1 1 1 1 1 1 1 1 1 1 1 1 1 1 1 1 1 1 1 1 1 1 1 1 1 1 1 1 1 1 1 1 1 1 1 1 1 1 1 1 1 1
INFO:tensorflow:segment_ids: 0 0 0 0 0 0 0 0 0 0 0 0 0 0 0 0 0 0 0 0 0 0 0 0 0 0 0 0 0 0 0 0 0 0 0 0 1 1 1 1 1 1 1 1 1 1 1 1 1 1 1 1 1 1 1 1 1 1 1 1 1 1 1 1 1 1 1 1 1 1 1 1 1 1 1 1 1 1 1 1 1 1 1 1 1 1 1 1 1 1 1 1 1 1 1 1 1 1 1 1 1 1 1 1 1 1 1 1 1 1 1 1 1 1 1 1 1 1 1 1 1 1 1 1 1 1 1 1
I1024 06:28:07.760189 47331883926592 create_pretraining_data.py:161] segment_ids: 0 0 0 0 0 0 0 0 0 0 0 0 0 0 0 0 0 0 0 0 0 0 0 0 0 0 0 0 0 0 0 0 0 0 0 0 1 1 1 1 1 1 1 1 1 1 1 1 1 1 1 1 1 1 1 1 1 1 1 1 1 1 1 1 1 1 1 1 1 1 1 1 1 1 1 1 1 1 1 1 1 1 1 1 1 1 1 1 1 1 1 1 1 1 1 1 1 1 1 1 1 1 1 1 1 1 1 1 1 1 1 1 1 1 1 1 1 1 1 1 1 1 1 1 1 1 1 1
INFO:tensorflow:masked_lm_positions: 7 13 14 15 33 34 49 55 56 68 83 90 95 107 108 114 118 119 120 0
I1024 06:28:07.760284 47331883926592 create_pretraining_data.py:161] masked_lm_positions: 7 13 14 15 33 34 49 55 56 68 83 90 95 107 108 114 118 119 120 0
INFO:tensorflow:masked_lm_ids: 19396 17 2821 2146 3800 18 10056 5035 1043 11607 21483 5765 4812 9347 1913 21550 9227 28151 2394 0
I1024 06:28:07.760387 47331883926592 create_pretraining_data.py:161] masked_lm_ids: 19396 17 2821 2146 3800 18 10056 5035 1043 11607 21483 5765 4812 9347 1913 21550 9227 28151 2394 0
INFO:tensorflow:masked_lm_weights: 1.0 1.0 1.0 1.0 1.0 1.0 1.0 1.0 1.0 1.0 1.0 1.0 1.0 1.0 1.0 1.0 1.0 1.0 1.0 0.0
I1024 06:28:07.760483 47331883926592 create_pretraining_data.py:161] masked_lm_weights: 1.0 1.0 1.0 1.0 1.0 1.0 1.0 1.0 1.0 1.0 1.0 1.0 1.0 1.0 1.0 1.0 1.0 1.0 1.0 0.0
INFO:tensorflow:next_sentence_labels: 0
I1024 06:28:07.760567 47331883926592 create_pretraining_data.py:161] next_sentence_labels: 0
INFO:tensorflow:*** Example ***
I1024 06:28:07.761250 47331883926592 create_pretraining_data.py:149] *** Example ***
INFO:tensorflow:tokens: [CLS] [MASK] الباحث احمد الصف ##دي دراسة حول محدد ##ات [MASK] القدرة التنافس ##ية لمدينة القدس باتجاه تثبيت الوجود الفلسطيني بإشراف البرو ##فس ##ور محمود الجعفري [SEP] ودعم الهلال صفوف ##ه بأ ##ربع صفقات أجنبية ، أبرزها التعاقد مع الإماراتي عمر عبدالرحمن عمليه والفر ##نسي غو ##ميس ، والبي ##روفي أند ##ريه كاري ##لو المحتمل غيابه عن [MASK] بدا ##عي الإصابة ؛ إذ لم [MASK] في التدريبات [MASK] عودته [MASK] المشاركة مع منتخب [MASK] [MASK] [SEP]
I1024 06:28:07.761396 47331883926592 create_pretraining_data.py:151] tokens: [CLS] [MASK] الباحث احمد الصف ##دي دراسة حول محدد ##ات [MASK] القدرة التنافس ##ية لمدينة القدس باتجاه تثبيت الوجود الفلسطيني بإشراف البرو ##فس ##ور محمود الجعفري [SEP] ودعم الهلال صفوف ##ه بأ ##ربع صفقات أجنبية ، أبرزها التعاقد مع الإماراتي عمر عبدالرحمن عمليه والفر ##نسي غو ##ميس ، والبي ##روفي أند ##ريه كاري ##لو المحتمل غيابه عن [MASK] بدا ##عي الإصابة ؛ إذ لم [MASK] في التدريبات [MASK] عودته [MASK] المشاركة مع منتخب [MASK] [MASK] [SEP]
INFO:tensorflow:input_ids: 2 4 7576 3625 2945 1930 6604 2528 17253 1904 4 9330 19099 1910 19464 5132 10082 16074 10675 4191 28955 9562 2094 1936 4800 27323 3 9282 2675 9293 1028 2499 3813 23827 15644 378 22640 12434 1973 18960 2852 6391 9707 11716 3638 21919 3467 378 11626 18945 19164 3129 22539 1948 21889 17145 1955 4 3126 2203 11926 379 4348 2043 4 1912 17758 4 18220 4 4878 1973 6766 4 4 3 0 0 0 0 0 0 0 0 0 0 0 0 0 0 0 0 0 0 0 0 0 0 0 0 0 0 0 0 0 0 0 0 0 0 0 0 0 0 0 0 0 0 0 0 0 0 0 0 0 0 0 0
I1024 06:28:07.761548 47331883926592 create_pretraining_data.py:161] input_ids: 2 4 7576 3625 2945 1930 6604 2528 17253 1904 4 9330 19099 1910 19464 5132 10082 16074 10675 4191 28955 9562 2094 1936 4800 27323 3 9282 2675 9293 1028 2499 3813 23827 15644 378 22640 12434 1973 18960 2852 6391 9707 11716 3638 21919 3467 378 11626 18945 19164 3129 22539 1948 21889 17145 1955 4 3126 2203 11926 379 4348 2043 4 1912 17758 4 18220 4 4878 1973 6766 4 4 3 0 0 0 0 0 0 0 0 0 0 0 0 0 0 0 0 0 0 0 0 0 0 0 0 0 0 0 0 0 0 0 0 0 0 0 0 0 0 0 0 0 0 0 0 0 0 0 0 0 0 0 0
INFO:tensorflow:input_mask: 1 1 1 1 1 1 1 1 1 1 1 1 1 1 1 1 1 1 1 1 1 1 1 1 1 1 1 1 1 1 1 1 1 1 1 1 1 1 1 1 1 1 1 1 1 1 1 1 1 1 1 1 1 1 1 1 1 1 1 1 1 1 1 1 1 1 1 1 1 1 1 1 1 1 1 1 0 0 0 0 0 0 0 0 0 0 0 0 0 0 0 0 0 0 0 0 0 0 0 0 0 0 0 0 0 0 0 0 0 0 0 0 0 0 0 0 0 0 0 0 0 0 0 0 0 0 0 0
I1024 06:28:07.761684 47331883926592 create_pretraining_data.py:161] input_mask: 1 1 1 1 1 1 1 1 1 1 1 1 1 1 1 1 1 1 1 1 1 1 1 1 1 1 1 1 1 1 1 1 1 1 1 1 1 1 1 1 1 1 1 1 1 1 1 1 1 1 1 1 1 1 1 1 1 1 1 1 1 1 1 1 1 1 1 1 1 1 1 1 1 1 1 1 0 0 0 0 0 0 0 0 0 0 0 0 0 0 0 0 0 0 0 0 0 0 0 0 0 0 0 0 0 0 0 0 0 0 0 0 0 0 0 0 0 0 0 0 0 0 0 0 0 0 0 0
INFO:tensorflow:segment_ids: 0 0 0 0 0 0 0 0 0 0 0 0 0 0 0 0 0 0 0 0 0 0 0 0 0 0 0 1 1 1 1 1 1 1 1 1 1 1 1 1 1 1 1 1 1 1 1 1 1 1 1 1 1 1 1 1 1 1 1 1 1 1 1 1 1 1 1 1 1 1 1 1 1 1 1 1 0 0 0 0 0 0 0 0 0 0 0 0 0 0 0 0 0 0 0 0 0 0 0 0 0 0 0 0 0 0 0 0 0 0 0 0 0 0 0 0 0 0 0 0 0 0 0 0 0 0 0 0
I1024 06:28:07.761823 47331883926592 create_pretraining_data.py:161] segment_ids: 0 0 0 0 0 0 0 0 0 0 0 0 0 0 0 0 0 0 0 0 0 0 0 0 0 0 0 1 1 1 1 1 1 1 1 1 1 1 1 1 1 1 1 1 1 1 1 1 1 1 1 1 1 1 1 1 1 1 1 1 1 1 1 1 1 1 1 1 1 1 1 1 1 1 1 1 0 0 0 0 0 0 0 0 0 0 0 0 0 0 0 0 0 0 0 0 0 0 0 0 0 0 0 0 0 0 0 0 0 0 0 0 0 0 0 0 0 0 0 0 0 0 0 0 0 0 0 0
INFO:tensorflow:masked_lm_positions: 1 10 17 42 57 64 67 69 71 73 74 0 0 0 0 0 0 0 0 0
I1024 06:28:07.761919 47331883926592 create_pretraining_data.py:161] masked_lm_positions: 1 10 17 42 57 64 67 69 71 73 74 0 0 0 0 0 0 0 0 0
INFO:tensorflow:masked_lm_ids: 3261 4225 16074 378 5870 6069 6056 1908 1973 8181 18 0 0 0 0 0 0 0 0 0
I1024 06:28:07.762011 47331883926592 create_pretraining_data.py:161] masked_lm_ids: 3261 4225 16074 378 5870 6069 6056 1908 1973 8181 18 0 0 0 0 0 0 0 0 0
INFO:tensorflow:masked_lm_weights: 1.0 1.0 1.0 1.0 1.0 1.0 1.0 1.0 1.0 1.0 1.0 0.0 0.0 0.0 0.0 0.0 0.0 0.0 0.0 0.0
I1024 06:28:07.762103 47331883926592 create_pretraining_data.py:161] masked_lm_weights: 1.0 1.0 1.0 1.0 1.0 1.0 1.0 1.0 1.0 1.0 1.0 0.0 0.0 0.0 0.0 0.0 0.0 0.0 0.0 0.0
INFO:tensorflow:next_sentence_labels: 1
I1024 06:28:07.762186 47331883926592 create_pretraining_data.py:161] next_sentence_labels: 1
INFO:tensorflow:*** Example ***
I1024 06:28:07.762851 47331883926592 create_pretraining_data.py:149] *** Example ***
INFO:tensorflow:tokens: [CLS] هناك المئات من هذه الحالات [MASK] المحكمة الأوروبية لحقوق الإنسان [MASK] [SEP] علا غير ##مان ، شقيق ##ة المعتقل ، تقول : [MASK] تعرض للت ##هد ##يد بالمو ##ت : أخرج ##وه من [MASK] الشرطة ، إلى جانب نهر دان ##ستر [MASK] أعط ##وه مج ##رفة لح ##فر قبره [MASK] ، أطلق ##وا الر [MASK] [MASK] بالقرب [MASK] [MASK] [MASK] و فوق رأسه لتخ ##ويف ##ه بينما كان يح ##فر “ . [SEP]
I1024 06:28:07.762997 47331883926592 create_pretraining_data.py:151] tokens: [CLS] هناك المئات من هذه الحالات [MASK] المحكمة الأوروبية لحقوق الإنسان [MASK] [SEP] علا غير ##مان ، شقيق ##ة المعتقل ، تقول : [MASK] تعرض للت ##هد ##يد بالمو ##ت : أخرج ##وه من [MASK] الشرطة ، إلى جانب نهر دان ##ستر [MASK] أعط ##وه مج ##رفة لح ##فر قبره [MASK] ، أطلق ##وا الر [MASK] [MASK] بالقرب [MASK] [MASK] [MASK] و فوق رأسه لتخ ##ويف ##ه بينما كان يح ##فر “ . [SEP]
INFO:tensorflow:input_ids: 2 2671 21166 1908 2159 9254 4 6161 8274 8009 4005 4 3 3317 2224 2480 378 17902 1043 28534 378 4018 30 4 4722 2360 2146 1983 24151 1005 30 16229 2283 1908 4 5044 378 2045 4282 9341 17539 3806 4 14980 2283 2079 3087 2503 2051 12852 4 378 7753 1928 2017 4 4 8786 4 4 4 415 3589 13188 13549 18059 1028 4526 2055 2410 2051 621 18 3 0 0 0 0 0 0 0 0 0 0 0 0 0 0 0 0 0 0 0 0 0 0 0 0 0 0 0 0 0 0 0 0 0 0 0 0 0 0 0 0 0 0 0 0 0 0 0 0 0 0 0 0 0 0
I1024 06:28:07.763148 47331883926592 create_pretraining_data.py:161] input_ids: 2 2671 21166 1908 2159 9254 4 6161 8274 8009 4005 4 3 3317 2224 2480 378 17902 1043 28534 378 4018 30 4 4722 2360 2146 1983 24151 1005 30 16229 2283 1908 4 5044 378 2045 4282 9341 17539 3806 4 14980 2283 2079 3087 2503 2051 12852 4 378 7753 1928 2017 4 4 8786 4 4 4 415 3589 13188 13549 18059 1028 4526 2055 2410 2051 621 18 3 0 0 0 0 0 0 0 0 0 0 0 0 0 0 0 0 0 0 0 0 0 0 0 0 0 0 0 0 0 0 0 0 0 0 0 0 0 0 0 0 0 0 0 0 0 0 0 0 0 0 0 0 0 0
INFO:tensorflow:input_mask: 1 1 1 1 1 1 1 1 1 1 1 1 1 1 1 1 1 1 1 1 1 1 1 1 1 1 1 1 1 1 1 1 1 1 1 1 1 1 1 1 1 1 1 1 1 1 1 1 1 1 1 1 1 1 1 1 1 1 1 1 1 1 1 1 1 1 1 1 1 1 1 1 1 1 0 0 0 0 0 0 0 0 0 0 0 0 0 0 0 0 0 0 0 0 0 0 0 0 0 0 0 0 0 0 0 0 0 0 0 0 0 0 0 0 0 0 0 0 0 0 0 0 0 0 0 0 0 0
I1024 06:28:07.763279 47331883926592 create_pretraining_data.py:161] input_mask: 1 1 1 1 1 1 1 1 1 1 1 1 1 1 1 1 1 1 1 1 1 1 1 1 1 1 1 1 1 1 1 1 1 1 1 1 1 1 1 1 1 1 1 1 1 1 1 1 1 1 1 1 1 1 1 1 1 1 1 1 1 1 1 1 1 1 1 1 1 1 1 1 1 1 0 0 0 0 0 0 0 0 0 0 0 0 0 0 0 0 0 0 0 0 0 0 0 0 0 0 0 0 0 0 0 0 0 0 0 0 0 0 0 0 0 0 0 0 0 0 0 0 0 0 0 0 0 0
INFO:tensorflow:segment_ids: 0 0 0 0 0 0 0 0 0 0 0 0 0 1 1 1 1 1 1 1 1 1 1 1 1 1 1 1 1 1 1 1 1 1 1 1 1 1 1 1 1 1 1 1 1 1 1 1 1 1 1 1 1 1 1 1 1 1 1 1 1 1 1 1 1 1 1 1 1 1 1 1 1 1 0 0 0 0 0 0 0 0 0 0 0 0 0 0 0 0 0 0 0 0 0 0 0 0 0 0 0 0 0 0 0 0 0 0 0 0 0 0 0 0 0 0 0 0 0 0 0 0 0 0 0 0 0 0
I1024 06:28:07.763421 47331883926592 create_pretraining_data.py:161] segment_ids: 0 0 0 0 0 0 0 0 0 0 0 0 0 1 1 1 1 1 1 1 1 1 1 1 1 1 1 1 1 1 1 1 1 1 1 1 1 1 1 1 1 1 1 1 1 1 1 1 1 1 1 1 1 1 1 1 1 1 1 1 1 1 1 1 1 1 1 1 1 1 1 1 1 1 0 0 0 0 0 0 0 0 0 0 0 0 0 0 0 0 0 0 0 0 0 0 0 0 0 0 0 0 0 0 0 0 0 0 0 0 0 0 0 0 0 0 0 0 0 0 0 0 0 0 0 0 0 0
INFO:tensorflow:masked_lm_positions: 6 11 23 34 42 50 55 56 58 59 60 0 0 0 0 0 0 0 0 0
I1024 06:28:07.763516 47331883926592 create_pretraining_data.py:161] masked_lm_positions: 6 11 23 34 42 50 55 56 58 59 60 0 0 0 0 0 0 0 0 0
INFO:tensorflow:masked_lm_ids: 1912 18 621 5413 378 9084 15527 1031 1908 3681 1988 0 0 0 0 0 0 0 0 0
I1024 06:28:07.763612 47331883926592 create_pretraining_data.py:161] masked_lm_ids: 1912 18 621 5413 378 9084 15527 1031 1908 3681 1988 0 0 0 0 0 0 0 0 0
INFO:tensorflow:masked_lm_weights: 1.0 1.0 1.0 1.0 1.0 1.0 1.0 1.0 1.0 1.0 1.0 0.0 0.0 0.0 0.0 0.0 0.0 0.0 0.0 0.0
I1024 06:28:07.763707 47331883926592 create_pretraining_data.py:161] masked_lm_weights: 1.0 1.0 1.0 1.0 1.0 1.0 1.0 1.0 1.0 1.0 1.0 0.0 0.0 0.0 0.0 0.0 0.0 0.0 0.0 0.0
INFO:tensorflow:next_sentence_labels: 0
I1024 06:28:07.763791 47331883926592 create_pretraining_data.py:161] next_sentence_labels: 0
INFO:tensorflow:*** Example ***
I1024 06:28:07.764469 47331883926592 create_pretraining_data.py:149] *** Example ***
INFO:tensorflow:tokens: [CLS] كيف يمكنك أن تعرف إذا كان جسمك يحتوي على التر ##طيب الكاف ؟ [SEP] يكون لون البول أشبه بع ##صير [MASK] أو أخ ##ف . السائل المن [MASK] عادة لون أبيض الشمس ضباب ##ي ، لذلك [MASK] اللون الأص ##فر يمكن أن يشكل صدم ##ة . يقول الدكتور ستي ##كس ##نر [MASK] ” يعتبر اللون الأص ##فر الشاح ##ب [MASK] ، ولكن إذا كان قات ##ما بالاضافة الى رائحة كري ##ه ##ة ، يمكن [MASK] يكون السبب التهاب البرو ##ستا ##ت [MASK] الحوي ##صلة المن ##وية ، ويجب أن تست ##شير الطبيب فورا . [MASK] إضاف ##ي : [MASK] كان اللون الأص ##فر أكثر قت ##امة ، ولكن من دون رائحة ، يقول الدكتور ميل ##ز انها [MASK] تكون [MASK] [MASK] ##ens قديمة ومخ ##زنة بسبب [SEP]
I1024 06:28:07.764643 47331883926592 create_pretraining_data.py:151] tokens: [CLS] كيف يمكنك أن تعرف إذا كان جسمك يحتوي على التر ##طيب الكاف ؟ [SEP] يكون لون البول أشبه بع ##صير [MASK] أو أخ ##ف . السائل المن [MASK] عادة لون أبيض الشمس ضباب ##ي ، لذلك [MASK] اللون الأص ##فر يمكن أن يشكل صدم ##ة . يقول الدكتور ستي ##كس ##نر [MASK] ” يعتبر اللون الأص ##فر الشاح ##ب [MASK] ، ولكن إذا كان قات ##ما بالاضافة الى رائحة كري ##ه ##ة ، يمكن [MASK] يكون السبب التهاب البرو ##ستا ##ت [MASK] الحوي ##صلة المن ##وية ، ويجب أن تست ##شير الطبيب فورا . [MASK] إضاف ##ي : [MASK] كان اللون الأص ##فر أكثر قت ##امة ، ولكن من دون رائحة ، يقول الدكتور ميل ##ز انها [MASK] تكون [MASK] [MASK] ##ens قديمة ومخ ##زنة بسبب [SEP]
INFO:tensorflow:input_ids: 2 2746 4521 1979 3775 2617 2055 24884 8939 1961 4911 6289 22714 380 3 2461 8745 13797 21450 2704 6516 4 2075 2591 1037 18 23246 2252 4 9323 8745 21070 5020 25393 1013 378 4216 4 8405 4847 2051 2490 1979 8691 13753 1043 18 2722 3380 6426 2261 29568 4 622 5305 8405 4847 2051 19051 1045 4 378 2637 2617 2055 14307 1931 11875 2186 20133 5608 1028 1043 378 2490 4 2461 6310 14808 9562 12697 1005 4 17880 6330 2252 2328 378 10033 1979 2558 11282 8976 10636 18 4 10084 1013 30 4 2055 8405 4847 2051 2976 3393 3124 378 2637 1908 2571 20133 378 2722 3380 14843 1008 3550 4 2652 4 4 26995 15785 13959 11003 3179 3
I1024 06:28:07.764815 47331883926592 create_pretraining_data.py:161] input_ids: 2 2746 4521 1979 3775 2617 2055 24884 8939 1961 4911 6289 22714 380 3 2461 8745 13797 21450 2704 6516 4 2075 2591 1037 18 23246 2252 4 9323 8745 21070 5020 25393 1013 378 4216 4 8405 4847 2051 2490 1979 8691 13753 1043 18 2722 3380 6426 2261 29568 4 622 5305 8405 4847 2051 19051 1045 4 378 2637 2617 2055 14307 1931 11875 2186 20133 5608 1028 1043 378 2490 4 2461 6310 14808 9562 12697 1005 4 17880 6330 2252 2328 378 10033 1979 2558 11282 8976 10636 18 4 10084 1013 30 4 2055 8405 4847 2051 2976 3393 3124 378 2637 1908 2571 20133 378 2722 3380 14843 1008 3550 4 2652 4 4 26995 15785 13959 11003 3179 3
INFO:tensorflow:input_mask: 1 1 1 1 1 1 1 1 1 1 1 1 1 1 1 1 1 1 1 1 1 1 1 1 1 1 1 1 1 1 1 1 1 1 1 1 1 1 1 1 1 1 1 1 1 1 1 1 1 1 1 1 1 1 1 1 1 1 1 1 1 1 1 1 1 1 1 1 1 1 1 1 1 1 1 1 1 1 1 1 1 1 1 1 1 1 1 1 1 1 1 1 1 1 1 1 1 1 1 1 1 1 1 1 1 1 1 1 1 1 1 1 1 1 1 1 1 1 1 1 1 1 1 1 1 1 1 1
I1024 06:28:07.764950 47331883926592 create_pretraining_data.py:161] input_mask: 1 1 1 1 1 1 1 1 1 1 1 1 1 1 1 1 1 1 1 1 1 1 1 1 1 1 1 1 1 1 1 1 1 1 1 1 1 1 1 1 1 1 1 1 1 1 1 1 1 1 1 1 1 1 1 1 1 1 1 1 1 1 1 1 1 1 1 1 1 1 1 1 1 1 1 1 1 1 1 1 1 1 1 1 1 1 1 1 1 1 1 1 1 1 1 1 1 1 1 1 1 1 1 1 1 1 1 1 1 1 1 1 1 1 1 1 1 1 1 1 1 1 1 1 1 1 1 1
INFO:tensorflow:segment_ids: 0 0 0 0 0 0 0 0 0 0 0 0 0 0 0 1 1 1 1 1 1 1 1 1 1 1 1 1 1 1 1 1 1 1 1 1 1 1 1 1 1 1 1 1 1 1 1 1 1 1 1 1 1 1 1 1 1 1 1 1 1 1 1 1 1 1 1 1 1 1 1 1 1 1 1 1 1 1 1 1 1 1 1 1 1 1 1 1 1 1 1 1 1 1 1 1 1 1 1 1 1 1 1 1 1 1 1 1 1 1 1 1 1 1 1 1 1 1 1 1 1 1 1 1 1 1 1 1
I1024 06:28:07.765077 47331883926592 create_pretraining_data.py:161] segment_ids: 0 0 0 0 0 0 0 0 0 0 0 0 0 0 0 1 1 1 1 1 1 1 1 1 1 1 1 1 1 1 1 1 1 1 1 1 1 1 1 1 1 1 1 1 1 1 1 1 1 1 1 1 1 1 1 1 1 1 1 1 1 1 1 1 1 1 1 1 1 1 1 1 1 1 1 1 1 1 1 1 1 1 1 1 1 1 1 1 1 1 1 1 1 1 1 1 1 1 1 1 1 1 1 1 1 1 1 1 1 1 1 1 1 1 1 1 1 1 1 1 1 1 1 1 1 1 1 1
INFO:tensorflow:masked_lm_positions: 18 21 27 28 32 37 42 52 60 75 82 95 99 104 107 118 120 121 122 0
I1024 06:28:07.765171 47331883926592 create_pretraining_data.py:161] masked_lm_positions: 18 21 27 28 32 37 42 52 60 75 82 95 99 104 107 118 120 121 122 0
INFO:tensorflow:masked_lm_ids: 21450 24687 2252 1971 2075 13078 1979 378 8190 1979 2075 15055 2387 2976 378 2251 15073 13274 1910 0
I1024 06:28:07.765264 47331883926592 create_pretraining_data.py:161] masked_lm_ids: 21450 24687 2252 1971 2075 13078 1979 378 8190 1979 2075 15055 2387 2976 378 2251 15073 13274 1910 0
INFO:tensorflow:masked_lm_weights: 1.0 1.0 1.0 1.0 1.0 1.0 1.0 1.0 1.0 1.0 1.0 1.0 1.0 1.0 1.0 1.0 1.0 1.0 1.0 0.0
I1024 06:28:07.765357 47331883926592 create_pretraining_data.py:161] masked_lm_weights: 1.0 1.0 1.0 1.0 1.0 1.0 1.0 1.0 1.0 1.0 1.0 1.0 1.0 1.0 1.0 1.0 1.0 1.0 1.0 0.0
INFO:tensorflow:next_sentence_labels: 0
I1024 06:28:07.765442 47331883926592 create_pretraining_data.py:161] next_sentence_labels: 0
INFO:tensorflow:*** Example ***
I1024 06:28:07.766113 47331883926592 create_pretraining_data.py:149] *** Example ***
INFO:tensorflow:tokens: [CLS] بالمق ##ابل [MASK] [MASK] زالت إسرائيل الدولة المتطورة الوحيدة التي لم تشهد فيها نسب الولادة تراجع ##ا ، وما زالت هذه النسب Star مقارنة بمعدل الولادة في دول الغرب . [SEP] [MASK] الان ##خفاض الذي طر ##أ على نسب [MASK] في كولون مصدر قلق لدى معظم الدول المتطورة ، والدول [MASK] . [SEP]
I1024 06:28:07.766252 47331883926592 create_pretraining_data.py:151] tokens: [CLS] بالمق ##ابل [MASK] [MASK] زالت إسرائيل الدولة المتطورة الوحيدة التي لم تشهد فيها نسب الولادة تراجع ##ا ، وما زالت هذه النسب Star مقارنة بمعدل الولادة في دول الغرب . [SEP] [MASK] الان ##خفاض الذي طر ##أ على نسب [MASK] في كولون مصدر قلق لدى معظم الدول المتطورة ، والدول [MASK] . [SEP]
INFO:tensorflow:input_ids: 2 23959 3456 4 4 10623 4741 3306 26103 13834 2061 2043 9130 2443 6583 12793 8703 1007 378 2564 10623 2159 7524 13493 8574 17200 12793 1912 4022 6807 18 3 4 2311 7372 2130 9073 1046 1961 6583 4 1912 16577 5019 12122 3912 5372 3537 26103 378 20098 4 18 3 0 0 0 0 0 0 0 0 0 0 0 0 0 0 0 0 0 0 0 0 0 0 0 0 0 0 0 0 0 0 0 0 0 0 0 0 0 0 0 0 0 0 0 0 0 0 0 0 0 0 0 0 0 0 0 0 0 0 0 0 0 0 0 0 0 0 0 0 0 0 0 0 0 0
I1024 06:28:07.766415 47331883926592 create_pretraining_data.py:161] input_ids: 2 23959 3456 4 4 10623 4741 3306 26103 13834 2061 2043 9130 2443 6583 12793 8703 1007 378 2564 10623 2159 7524 13493 8574 17200 12793 1912 4022 6807 18 3 4 2311 7372 2130 9073 1046 1961 6583 4 1912 16577 5019 12122 3912 5372 3537 26103 378 20098 4 18 3 0 0 0 0 0 0 0 0 0 0 0 0 0 0 0 0 0 0 0 0 0 0 0 0 0 0 0 0 0 0 0 0 0 0 0 0 0 0 0 0 0 0 0 0 0 0 0 0 0 0 0 0 0 0 0 0 0 0 0 0 0 0 0 0 0 0 0 0 0 0 0 0 0 0
INFO:tensorflow:input_mask: 1 1 1 1 1 1 1 1 1 1 1 1 1 1 1 1 1 1 1 1 1 1 1 1 1 1 1 1 1 1 1 1 1 1 1 1 1 1 1 1 1 1 1 1 1 1 1 1 1 1 1 1 1 1 0 0 0 0 0 0 0 0 0 0 0 0 0 0 0 0 0 0 0 0 0 0 0 0 0 0 0 0 0 0 0 0 0 0 0 0 0 0 0 0 0 0 0 0 0 0 0 0 0 0 0 0 0 0 0 0 0 0 0 0 0 0 0 0 0 0 0 0 0 0 0 0 0 0
I1024 06:28:07.766548 47331883926592 create_pretraining_data.py:161] input_mask: 1 1 1 1 1 1 1 1 1 1 1 1 1 1 1 1 1 1 1 1 1 1 1 1 1 1 1 1 1 1 1 1 1 1 1 1 1 1 1 1 1 1 1 1 1 1 1 1 1 1 1 1 1 1 0 0 0 0 0 0 0 0 0 0 0 0 0 0 0 0 0 0 0 0 0 0 0 0 0 0 0 0 0 0 0 0 0 0 0 0 0 0 0 0 0 0 0 0 0 0 0 0 0 0 0 0 0 0 0 0 0 0 0 0 0 0 0 0 0 0 0 0 0 0 0 0 0 0
INFO:tensorflow:segment_ids: 0 0 0 0 0 0 0 0 0 0 0 0 0 0 0 0 0 0 0 0 0 0 0 0 0 0 0 0 0 0 0 0 1 1 1 1 1 1 1 1 1 1 1 1 1 1 1 1 1 1 1 1 1 1 0 0 0 0 0 0 0 0 0 0 0 0 0 0 0 0 0 0 0 0 0 0 0 0 0 0 0 0 0 0 0 0 0 0 0 0 0 0 0 0 0 0 0 0 0 0 0 0 0 0 0 0 0 0 0 0 0 0 0 0 0 0 0 0 0 0 0 0 0 0 0 0 0 0
I1024 06:28:07.766681 47331883926592 create_pretraining_data.py:161] segment_ids: 0 0 0 0 0 0 0 0 0 0 0 0 0 0 0 0 0 0 0 0 0 0 0 0 0 0 0 0 0 0 0 0 1 1 1 1 1 1 1 1 1 1 1 1 1 1 1 1 1 1 1 1 1 1 0 0 0 0 0 0 0 0 0 0 0 0 0 0 0 0 0 0 0 0 0 0 0 0 0 0 0 0 0 0 0 0 0 0 0 0 0 0 0 0 0 0 0 0 0 0 0 0 0 0 0 0 0 0 0 0 0 0 0 0 0 0 0 0 0 0 0 0 0 0 0 0 0 0
INFO:tensorflow:masked_lm_positions: 3 4 23 32 40 42 46 51 0 0 0 0 0 0 0 0 0 0 0 0
I1024 06:28:07.766775 47331883926592 create_pretraining_data.py:161] masked_lm_positions: 3 4 23 32 40 42 46 51 0 0 0 0 0 0 0 0 0 0 0 0
INFO:tensorflow:masked_lm_ids: 378 1972 7708 8691 12793 2337 5372 4700 0 0 0 0 0 0 0 0 0 0 0 0
I1024 06:28:07.766865 47331883926592 create_pretraining_data.py:161] masked_lm_ids: 378 1972 7708 8691 12793 2337 5372 4700 0 0 0 0 0 0 0 0 0 0 0 0
INFO:tensorflow:masked_lm_weights: 1.0 1.0 1.0 1.0 1.0 1.0 1.0 1.0 0.0 0.0 0.0 0.0 0.0 0.0 0.0 0.0 0.0 0.0 0.0 0.0
I1024 06:28:07.766957 47331883926592 create_pretraining_data.py:161] masked_lm_weights: 1.0 1.0 1.0 1.0 1.0 1.0 1.0 1.0 0.0 0.0 0.0 0.0 0.0 0.0 0.0 0.0 0.0 0.0 0.0 0.0
INFO:tensorflow:next_sentence_labels: 0
I1024 06:28:07.767040 47331883926592 create_pretraining_data.py:161] next_sentence_labels: 0
INFO:tensorflow:*** Example ***
I1024 06:28:07.767719 47331883926592 create_pretraining_data.py:149] *** Example ***
INFO:tensorflow:tokens: [CLS] عرض رمضان 2016 رمضان كريم [MASK] سنة وانتم [MASK] [MASK] . . [SEP] بمناسبة الشهر الكريم [MASK] أكاديمية _ الهندسة [MASK] [MASK] [MASK] خصم 30 % علي أي دورة تدريبية يتم حجز ##ها من انهار ##ده وحتي أول رمضان . . ألح ##ق [MASK] ##جز واست ##فيد بالخ ##صم للأس ##ت ##علام والح ##جز : 010 ##97 ##47 ##86 ##86 [SEP]
I1024 06:28:07.767858 47331883926592 create_pretraining_data.py:151] tokens: [CLS] عرض رمضان 2016 رمضان كريم [MASK] سنة وانتم [MASK] [MASK] . . [SEP] بمناسبة الشهر الكريم [MASK] أكاديمية _ الهندسة [MASK] [MASK] [MASK] خصم 30 % علي أي دورة تدريبية يتم حجز ##ها من انهار ##ده وحتي أول رمضان . . ألح ##ق [MASK] ##جز واست ##فيد بالخ ##صم للأس ##ت ##علام والح ##جز : 010 ##97 ##47 ##86 ##86 [SEP]
INFO:tensorflow:input_ids: 2 3261 4091 3400 4091 5874 4 3234 10320 4 4 18 18 3 6957 4614 3340 4 19714 67 7718 4 4 4 11176 3612 9 1958 2235 4980 16357 2952 11439 1913 1908 26369 2124 14484 3399 4091 18 18 23401 1011 4 2796 2983 4756 4048 9678 13693 1005 7005 2674 2796 30 22943 25038 9349 22871 22871 3 0 0 0 0 0 0 0 0 0 0 0 0 0 0 0 0 0 0 0 0 0 0 0 0 0 0 0 0 0 0 0 0 0 0 0 0 0 0 0 0 0 0 0 0 0 0 0 0 0 0 0 0 0 0 0 0 0 0 0 0 0 0 0 0 0 0
I1024 06:28:07.768019 47331883926592 create_pretraining_data.py:161] input_ids: 2 3261 4091 3400 4091 5874 4 3234 10320 4 4 18 18 3 6957 4614 3340 4 19714 67 7718 4 4 4 11176 3612 9 1958 2235 4980 16357 2952 11439 1913 1908 26369 2124 14484 3399 4091 18 18 23401 1011 4 2796 2983 4756 4048 9678 13693 1005 7005 2674 2796 30 22943 25038 9349 22871 22871 3 0 0 0 0 0 0 0 0 0 0 0 0 0 0 0 0 0 0 0 0 0 0 0 0 0 0 0 0 0 0 0 0 0 0 0 0 0 0 0 0 0 0 0 0 0 0 0 0 0 0 0 0 0 0 0 0 0 0 0 0 0 0 0 0 0 0
INFO:tensorflow:input_mask: 1 1 1 1 1 1 1 1 1 1 1 1 1 1 1 1 1 1 1 1 1 1 1 1 1 1 1 1 1 1 1 1 1 1 1 1 1 1 1 1 1 1 1 1 1 1 1 1 1 1 1 1 1 1 1 1 1 1 1 1 1 1 0 0 0 0 0 0 0 0 0 0 0 0 0 0 0 0 0 0 0 0 0 0 0 0 0 0 0 0 0 0 0 0 0 0 0 0 0 0 0 0 0 0 0 0 0 0 0 0 0 0 0 0 0 0 0 0 0 0 0 0 0 0 0 0 0 0
I1024 06:28:07.768153 47331883926592 create_pretraining_data.py:161] input_mask: 1 1 1 1 1 1 1 1 1 1 1 1 1 1 1 1 1 1 1 1 1 1 1 1 1 1 1 1 1 1 1 1 1 1 1 1 1 1 1 1 1 1 1 1 1 1 1 1 1 1 1 1 1 1 1 1 1 1 1 1 1 1 0 0 0 0 0 0 0 0 0 0 0 0 0 0 0 0 0 0 0 0 0 0 0 0 0 0 0 0 0 0 0 0 0 0 0 0 0 0 0 0 0 0 0 0 0 0 0 0 0 0 0 0 0 0 0 0 0 0 0 0 0 0 0 0 0 0
INFO:tensorflow:segment_ids: 0 0 0 0 0 0 0 0 0 0 0 0 0 0 1 1 1 1 1 1 1 1 1 1 1 1 1 1 1 1 1 1 1 1 1 1 1 1 1 1 1 1 1 1 1 1 1 1 1 1 1 1 1 1 1 1 1 1 1 1 1 1 0 0 0 0 0 0 0 0 0 0 0 0 0 0 0 0 0 0 0 0 0 0 0 0 0 0 0 0 0 0 0 0 0 0 0 0 0 0 0 0 0 0 0 0 0 0 0 0 0 0 0 0 0 0 0 0 0 0 0 0 0 0 0 0 0 0
I1024 06:28:07.768279 47331883926592 create_pretraining_data.py:161] segment_ids: 0 0 0 0 0 0 0 0 0 0 0 0 0 0 1 1 1 1 1 1 1 1 1 1 1 1 1 1 1 1 1 1 1 1 1 1 1 1 1 1 1 1 1 1 1 1 1 1 1 1 1 1 1 1 1 1 1 1 1 1 1 1 0 0 0 0 0 0 0 0 0 0 0 0 0 0 0 0 0 0 0 0 0 0 0 0 0 0 0 0 0 0 0 0 0 0 0 0 0 0 0 0 0 0 0 0 0 0 0 0 0 0 0 0 0 0 0 0 0 0 0 0 0 0 0 0 0 0
INFO:tensorflow:masked_lm_positions: 6 9 10 17 21 22 23 44 45 0 0 0 0 0 0 0 0 0 0 0
I1024 06:28:07.768375 47331883926592 create_pretraining_data.py:161] masked_lm_positions: 6 9 10 17 21 22 23 44 45 0 0 0 0 0 0 0 0 0 0 0
INFO:tensorflow:masked_lm_ids: 3453 4177 1911 7 12185 2077 5214 3603 2796 0 0 0 0 0 0 0 0 0 0 0
I1024 06:28:07.768465 47331883926592 create_pretraining_data.py:161] masked_lm_ids: 3453 4177 1911 7 12185 2077 5214 3603 2796 0 0 0 0 0 0 0 0 0 0 0
INFO:tensorflow:masked_lm_weights: 1.0 1.0 1.0 1.0 1.0 1.0 1.0 1.0 1.0 0.0 0.0 0.0 0.0 0.0 0.0 0.0 0.0 0.0 0.0 0.0
I1024 06:28:07.768557 47331883926592 create_pretraining_data.py:161] masked_lm_weights: 1.0 1.0 1.0 1.0 1.0 1.0 1.0 1.0 1.0 0.0 0.0 0.0 0.0 0.0 0.0 0.0 0.0 0.0 0.0 0.0
INFO:tensorflow:next_sentence_labels: 0
I1024 06:28:07.768645 47331883926592 create_pretraining_data.py:161] next_sentence_labels: 0
INFO:tensorflow:Wrote 6520854 total instances
I1024 07:12:21.828201 47331883926592 create_pretraining_data.py:166] Wrote 6520854 total instances
