Loading module 'all'
WARNING:tensorflow:From ../bert/create_pretraining_data.py:469: The name tf.app.run is deprecated. Please use tf.compat.v1.app.run instead.

WARNING:tensorflow:From ../bert/create_pretraining_data.py:437: The name tf.logging.set_verbosity is deprecated. Please use tf.compat.v1.logging.set_verbosity instead.

W1024 00:41:59.696870 46946292425792 module_wrapper.py:139] From ../bert/create_pretraining_data.py:437: The name tf.logging.set_verbosity is deprecated. Please use tf.compat.v1.logging.set_verbosity instead.

WARNING:tensorflow:From ../bert/create_pretraining_data.py:437: The name tf.logging.INFO is deprecated. Please use tf.compat.v1.logging.INFO instead.

W1024 00:41:59.697151 46946292425792 module_wrapper.py:139] From ../bert/create_pretraining_data.py:437: The name tf.logging.INFO is deprecated. Please use tf.compat.v1.logging.INFO instead.

WARNING:tensorflow:From /scratch/gi372/camel-mlm/bert/tokenization.py:125: The name tf.gfile.GFile is deprecated. Please use tf.io.gfile.GFile instead.

W1024 00:41:59.697414 46946292425792 module_wrapper.py:139] From /scratch/gi372/camel-mlm/bert/tokenization.py:125: The name tf.gfile.GFile is deprecated. Please use tf.io.gfile.GFile instead.

WARNING:tensorflow:From ../bert/create_pretraining_data.py:444: The name tf.gfile.Glob is deprecated. Please use tf.io.gfile.glob instead.

W1024 00:41:59.808824 46946292425792 module_wrapper.py:139] From ../bert/create_pretraining_data.py:444: The name tf.gfile.Glob is deprecated. Please use tf.io.gfile.glob instead.

WARNING:tensorflow:From ../bert/create_pretraining_data.py:446: The name tf.logging.info is deprecated. Please use tf.compat.v1.logging.info instead.

W1024 00:41:59.827189 46946292425792 module_wrapper.py:139] From ../bert/create_pretraining_data.py:446: The name tf.logging.info is deprecated. Please use tf.compat.v1.logging.info instead.

INFO:tensorflow:*** Reading from input files ***
I1024 00:41:59.827369 46946292425792 create_pretraining_data.py:446] *** Reading from input files ***
INFO:tensorflow:  ../corpora/shards/MSA-osian.lines.shard.020.normalized.sents
I1024 00:41:59.827494 46946292425792 create_pretraining_data.py:448]   ../corpora/shards/MSA-osian.lines.shard.020.normalized.sents
INFO:tensorflow:*** Writing to output files ***
I1024 01:11:16.685434 46946292425792 create_pretraining_data.py:457] *** Writing to output files ***
INFO:tensorflow:  ../corpora/tf_records/MSA-osian.lines.shard.020.tf_record
I1024 01:11:16.718252 46946292425792 create_pretraining_data.py:459]   ../corpora/tf_records/MSA-osian.lines.shard.020.tf_record
WARNING:tensorflow:From ../bert/create_pretraining_data.py:101: The name tf.python_io.TFRecordWriter is deprecated. Please use tf.io.TFRecordWriter instead.

W1024 01:11:16.718600 46946292425792 module_wrapper.py:139] From ../bert/create_pretraining_data.py:101: The name tf.python_io.TFRecordWriter is deprecated. Please use tf.io.TFRecordWriter instead.

INFO:tensorflow:*** Example ***
I1024 01:11:16.721248 46946292425792 create_pretraining_data.py:149] *** Example ***
INFO:tensorflow:tokens: [CLS] هو [MASK] لطالما روج ##ت ابتد بعض المنظمات وهو يحب ##س الفكر والن ##شاط السياسي في [MASK] [MASK] [MASK] . [SEP] وأضاف أن ما زاد الوضع حدة [MASK] السلط ##عون الازرق نوع [MASK] [MASK] لم يدخل الى التق ##الي ##د الغذائية لذلك لا سبيل الى ترويج ##ه أو إيجاد سوق محلية لتر ##ويج ##ه ##ثين يخفف العب ##ء والخ ##سائر على البحار ، بحسب تقدير ##ه [MASK] [SEP]
I1024 01:11:16.721418 46946292425792 create_pretraining_data.py:151] tokens: [CLS] هو [MASK] لطالما روج ##ت ابتد بعض المنظمات وهو يحب ##س الفكر والن ##شاط السياسي في [MASK] [MASK] [MASK] . [SEP] وأضاف أن ما زاد الوضع حدة [MASK] السلط ##عون الازرق نوع [MASK] [MASK] لم يدخل الى التق ##الي ##د الغذائية لذلك لا سبيل الى ترويج ##ه أو إيجاد سوق محلية لتر ##ويج ##ه ##ثين يخفف العب ##ء والخ ##سائر على البحار ، بحسب تقدير ##ه [MASK] [SEP]
INFO:tensorflow:input_ids: 2 2139 4 23860 23079 1005 7734 2346 11518 2400 3866 1033 7818 3006 11117 4254 1912 4 4 4 18 3 4214 1979 1972 6320 5001 16496 4 3366 4406 7279 4083 4 4 2043 6069 2186 3152 2145 1016 8869 4216 1963 5029 2186 29041 1028 2075 9915 3689 10740 11956 5798 1028 18611 28994 6277 1053 3184 29339 1961 15200 378 6369 10099 1028 4 3 0 0 0 0 0 0 0 0 0 0 0 0 0 0 0 0 0 0 0 0 0 0 0 0 0 0 0 0 0 0 0 0 0 0 0 0 0 0 0 0 0 0 0 0 0 0 0 0 0 0 0 0 0 0 0 0 0 0 0
I1024 01:11:16.721632 46946292425792 create_pretraining_data.py:161] input_ids: 2 2139 4 23860 23079 1005 7734 2346 11518 2400 3866 1033 7818 3006 11117 4254 1912 4 4 4 18 3 4214 1979 1972 6320 5001 16496 4 3366 4406 7279 4083 4 4 2043 6069 2186 3152 2145 1016 8869 4216 1963 5029 2186 29041 1028 2075 9915 3689 10740 11956 5798 1028 18611 28994 6277 1053 3184 29339 1961 15200 378 6369 10099 1028 4 3 0 0 0 0 0 0 0 0 0 0 0 0 0 0 0 0 0 0 0 0 0 0 0 0 0 0 0 0 0 0 0 0 0 0 0 0 0 0 0 0 0 0 0 0 0 0 0 0 0 0 0 0 0 0 0 0 0 0 0
INFO:tensorflow:input_mask: 1 1 1 1 1 1 1 1 1 1 1 1 1 1 1 1 1 1 1 1 1 1 1 1 1 1 1 1 1 1 1 1 1 1 1 1 1 1 1 1 1 1 1 1 1 1 1 1 1 1 1 1 1 1 1 1 1 1 1 1 1 1 1 1 1 1 1 1 1 0 0 0 0 0 0 0 0 0 0 0 0 0 0 0 0 0 0 0 0 0 0 0 0 0 0 0 0 0 0 0 0 0 0 0 0 0 0 0 0 0 0 0 0 0 0 0 0 0 0 0 0 0 0 0 0 0 0 0
I1024 01:11:16.721791 46946292425792 create_pretraining_data.py:161] input_mask: 1 1 1 1 1 1 1 1 1 1 1 1 1 1 1 1 1 1 1 1 1 1 1 1 1 1 1 1 1 1 1 1 1 1 1 1 1 1 1 1 1 1 1 1 1 1 1 1 1 1 1 1 1 1 1 1 1 1 1 1 1 1 1 1 1 1 1 1 1 0 0 0 0 0 0 0 0 0 0 0 0 0 0 0 0 0 0 0 0 0 0 0 0 0 0 0 0 0 0 0 0 0 0 0 0 0 0 0 0 0 0 0 0 0 0 0 0 0 0 0 0 0 0 0 0 0 0 0
INFO:tensorflow:segment_ids: 0 0 0 0 0 0 0 0 0 0 0 0 0 0 0 0 0 0 0 0 0 0 1 1 1 1 1 1 1 1 1 1 1 1 1 1 1 1 1 1 1 1 1 1 1 1 1 1 1 1 1 1 1 1 1 1 1 1 1 1 1 1 1 1 1 1 1 1 1 0 0 0 0 0 0 0 0 0 0 0 0 0 0 0 0 0 0 0 0 0 0 0 0 0 0 0 0 0 0 0 0 0 0 0 0 0 0 0 0 0 0 0 0 0 0 0 0 0 0 0 0 0 0 0 0 0 0 0
I1024 01:11:16.721947 46946292425792 create_pretraining_data.py:161] segment_ids: 0 0 0 0 0 0 0 0 0 0 0 0 0 0 0 0 0 0 0 0 0 0 1 1 1 1 1 1 1 1 1 1 1 1 1 1 1 1 1 1 1 1 1 1 1 1 1 1 1 1 1 1 1 1 1 1 1 1 1 1 1 1 1 1 1 1 1 1 1 0 0 0 0 0 0 0 0 0 0 0 0 0 0 0 0 0 0 0 0 0 0 0 0 0 0 0 0 0 0 0 0 0 0 0 0 0 0 0 0 0 0 0 0 0 0 0 0 0 0 0 0 0 0 0 0 0 0 0
INFO:tensorflow:masked_lm_positions: 2 6 17 18 19 28 33 34 55 67 0 0 0 0 0 0 0 0 0 0
I1024 01:11:16.722058 46946292425792 create_pretraining_data.py:161] masked_lm_positions: 2 6 17 18 19 28 33 34 55 67 0 0 0 0 0 0 0 0 0 0
INFO:tensorflow:masked_lm_ids: 4009 2154 3603 3748 1917 1979 9860 1911 3077 18 0 0 0 0 0 0 0 0 0 0
I1024 01:11:16.722164 46946292425792 create_pretraining_data.py:161] masked_lm_ids: 4009 2154 3603 3748 1917 1979 9860 1911 3077 18 0 0 0 0 0 0 0 0 0 0
INFO:tensorflow:masked_lm_weights: 1.0 1.0 1.0 1.0 1.0 1.0 1.0 1.0 1.0 1.0 0.0 0.0 0.0 0.0 0.0 0.0 0.0 0.0 0.0 0.0
I1024 01:11:16.722274 46946292425792 create_pretraining_data.py:161] masked_lm_weights: 1.0 1.0 1.0 1.0 1.0 1.0 1.0 1.0 1.0 1.0 0.0 0.0 0.0 0.0 0.0 0.0 0.0 0.0 0.0 0.0
INFO:tensorflow:next_sentence_labels: 1
I1024 01:11:16.722374 46946292425792 create_pretraining_data.py:161] next_sentence_labels: 1
INFO:tensorflow:*** Example ***
I1024 01:11:16.722990 46946292425792 create_pretraining_data.py:149] *** Example ***
INFO:tensorflow:tokens: [CLS] هدفا ثانيا بعدما مر ##ر الدرا ##جي كرة متق ##نة الى الشر ##مي ##طي الذى احب ##ط خطة التس ##لل وت ##وغ ##ل داخل [MASK] قبل ان يمه ##د لسا ##مي العلا ##قي [MASK] لم يجد [MASK] [MASK] في ايد ##اع [MASK] داخل الشباك / 16 / . [SEP] وأع ##ت ##قد أن [MASK] لم يعد [MASK] في الوقت [MASK] إلا الى مهاجم [MASK] العلم أن الزي ##ادي بإمكان ##ه أيضا إف ##ادة الفريق » [MASK] [SEP]
I1024 01:11:16.723139 46946292425792 create_pretraining_data.py:151] tokens: [CLS] هدفا ثانيا بعدما مر ##ر الدرا ##جي كرة متق ##نة الى الشر ##مي ##طي الذى احب ##ط خطة التس ##لل وت ##وغ ##ل داخل [MASK] قبل ان يمه ##د لسا ##مي العلا ##قي [MASK] لم يجد [MASK] [MASK] في ايد ##اع [MASK] داخل الشباك / 16 / . [SEP] وأع ##ت ##قد أن [MASK] لم يعد [MASK] في الوقت [MASK] إلا الى مهاجم [MASK] العلم أن الزي ##ادي بإمكان ##ه أيضا إف ##ادة الفريق » [MASK] [SEP]
INFO:tensorflow:input_ids: 2 14670 11707 6127 2964 1017 3384 2643 5226 20859 2151 2186 3033 1960 2594 4370 2744 1040 7274 3025 3175 2001 4400 1010 3224 4 2289 1939 15997 1016 28929 1960 3580 2004 4 2043 7270 4 4 1912 10258 2000 4 3224 22761 19 3367 19 18 3 6453 1005 2008 1979 4 2043 4544 4 1912 3021 4 2725 2186 12542 4 2789 1979 6605 2501 12934 1028 3112 6645 2600 3671 114 4 3 0 0 0 0 0 0 0 0 0 0 0 0 0 0 0 0 0 0 0 0 0 0 0 0 0 0 0 0 0 0 0 0 0 0 0 0 0 0 0 0 0 0 0 0 0 0 0 0 0 0
I1024 01:11:16.723316 46946292425792 create_pretraining_data.py:161] input_ids: 2 14670 11707 6127 2964 1017 3384 2643 5226 20859 2151 2186 3033 1960 2594 4370 2744 1040 7274 3025 3175 2001 4400 1010 3224 4 2289 1939 15997 1016 28929 1960 3580 2004 4 2043 7270 4 4 1912 10258 2000 4 3224 22761 19 3367 19 18 3 6453 1005 2008 1979 4 2043 4544 4 1912 3021 4 2725 2186 12542 4 2789 1979 6605 2501 12934 1028 3112 6645 2600 3671 114 4 3 0 0 0 0 0 0 0 0 0 0 0 0 0 0 0 0 0 0 0 0 0 0 0 0 0 0 0 0 0 0 0 0 0 0 0 0 0 0 0 0 0 0 0 0 0 0 0 0 0 0
INFO:tensorflow:input_mask: 1 1 1 1 1 1 1 1 1 1 1 1 1 1 1 1 1 1 1 1 1 1 1 1 1 1 1 1 1 1 1 1 1 1 1 1 1 1 1 1 1 1 1 1 1 1 1 1 1 1 1 1 1 1 1 1 1 1 1 1 1 1 1 1 1 1 1 1 1 1 1 1 1 1 1 1 1 1 0 0 0 0 0 0 0 0 0 0 0 0 0 0 0 0 0 0 0 0 0 0 0 0 0 0 0 0 0 0 0 0 0 0 0 0 0 0 0 0 0 0 0 0 0 0 0 0 0 0
I1024 01:11:16.723468 46946292425792 create_pretraining_data.py:161] input_mask: 1 1 1 1 1 1 1 1 1 1 1 1 1 1 1 1 1 1 1 1 1 1 1 1 1 1 1 1 1 1 1 1 1 1 1 1 1 1 1 1 1 1 1 1 1 1 1 1 1 1 1 1 1 1 1 1 1 1 1 1 1 1 1 1 1 1 1 1 1 1 1 1 1 1 1 1 1 1 0 0 0 0 0 0 0 0 0 0 0 0 0 0 0 0 0 0 0 0 0 0 0 0 0 0 0 0 0 0 0 0 0 0 0 0 0 0 0 0 0 0 0 0 0 0 0 0 0 0
INFO:tensorflow:segment_ids: 0 0 0 0 0 0 0 0 0 0 0 0 0 0 0 0 0 0 0 0 0 0 0 0 0 0 0 0 0 0 0 0 0 0 0 0 0 0 0 0 0 0 0 0 0 0 0 0 0 0 1 1 1 1 1 1 1 1 1 1 1 1 1 1 1 1 1 1 1 1 1 1 1 1 1 1 1 1 0 0 0 0 0 0 0 0 0 0 0 0 0 0 0 0 0 0 0 0 0 0 0 0 0 0 0 0 0 0 0 0 0 0 0 0 0 0 0 0 0 0 0 0 0 0 0 0 0 0
I1024 01:11:16.723609 46946292425792 create_pretraining_data.py:161] segment_ids: 0 0 0 0 0 0 0 0 0 0 0 0 0 0 0 0 0 0 0 0 0 0 0 0 0 0 0 0 0 0 0 0 0 0 0 0 0 0 0 0 0 0 0 0 0 0 0 0 0 0 1 1 1 1 1 1 1 1 1 1 1 1 1 1 1 1 1 1 1 1 1 1 1 1 1 1 1 1 0 0 0 0 0 0 0 0 0 0 0 0 0 0 0 0 0 0 0 0 0 0 0 0 0 0 0 0 0 0 0 0 0 0 0 0 0 0 0 0 0 0 0 0 0 0 0 0 0 0
INFO:tensorflow:masked_lm_positions: 25 34 37 38 42 47 54 57 60 64 71 76 0 0 0 0 0 0 0 0
I1024 01:11:16.723719 46946292425792 create_pretraining_data.py:161] masked_lm_positions: 25 34 37 38 42 47 54 57 60 64 71 76 0 0 0 0 0 0 0 0
INFO:tensorflow:masked_lm_ids: 3549 4370 14341 4855 6519 19 3671 22347 16776 1973 3112 18 0 0 0 0 0 0 0 0
I1024 01:11:16.723824 46946292425792 create_pretraining_data.py:161] masked_lm_ids: 3549 4370 14341 4855 6519 19 3671 22347 16776 1973 3112 18 0 0 0 0 0 0 0 0
INFO:tensorflow:masked_lm_weights: 1.0 1.0 1.0 1.0 1.0 1.0 1.0 1.0 1.0 1.0 1.0 1.0 0.0 0.0 0.0 0.0 0.0 0.0 0.0 0.0
I1024 01:11:16.723949 46946292425792 create_pretraining_data.py:161] masked_lm_weights: 1.0 1.0 1.0 1.0 1.0 1.0 1.0 1.0 1.0 1.0 1.0 1.0 0.0 0.0 0.0 0.0 0.0 0.0 0.0 0.0
INFO:tensorflow:next_sentence_labels: 1
I1024 01:11:16.724049 46946292425792 create_pretraining_data.py:161] next_sentence_labels: 1
INFO:tensorflow:*** Example ***
I1024 01:11:16.724761 46946292425792 create_pretraining_data.py:149] *** Example ***
INFO:tensorflow:tokens: [CLS] وأكدت وزارة الخارجية بأن [MASK] [MASK] [MASK] سياق رفض مصر التدخل في إرادة شعبها وشدد ##ت على " حرص ##ها على الحفاظ على [MASK] [MASK] ##أكيد مختلف الدول الصديق ##ة . " [SEP] هي الكل ، [MASK] الشعر وكل الشاعر . . [SEP]
I1024 01:11:16.724946 46946292425792 create_pretraining_data.py:151] tokens: [CLS] وأكدت وزارة الخارجية بأن [MASK] [MASK] [MASK] سياق رفض مصر التدخل في إرادة شعبها وشدد ##ت على " حرص ##ها على الحفاظ على [MASK] [MASK] ##أكيد مختلف الدول الصديق ##ة . " [SEP] هي الكل ، [MASK] الشعر وكل الشاعر . . [SEP]
INFO:tensorflow:input_ids: 2 14153 3433 3796 3010 4 4 4 13200 4898 2559 10154 1912 19399 26661 12709 1005 1961 6 12256 1913 1961 8667 1961 4 4 11017 3264 3537 8432 1043 18 6 3 2247 5812 378 4 3258 3453 5065 18 18 3 0 0 0 0 0 0 0 0 0 0 0 0 0 0 0 0 0 0 0 0 0 0 0 0 0 0 0 0 0 0 0 0 0 0 0 0 0 0 0 0 0 0 0 0 0 0 0 0 0 0 0 0 0 0 0 0 0 0 0 0 0 0 0 0 0 0 0 0 0 0 0 0 0 0 0 0 0 0 0 0 0 0 0 0
I1024 01:11:16.725173 46946292425792 create_pretraining_data.py:161] input_ids: 2 14153 3433 3796 3010 4 4 4 13200 4898 2559 10154 1912 19399 26661 12709 1005 1961 6 12256 1913 1961 8667 1961 4 4 11017 3264 3537 8432 1043 18 6 3 2247 5812 378 4 3258 3453 5065 18 18 3 0 0 0 0 0 0 0 0 0 0 0 0 0 0 0 0 0 0 0 0 0 0 0 0 0 0 0 0 0 0 0 0 0 0 0 0 0 0 0 0 0 0 0 0 0 0 0 0 0 0 0 0 0 0 0 0 0 0 0 0 0 0 0 0 0 0 0 0 0 0 0 0 0 0 0 0 0 0 0 0 0 0 0 0
INFO:tensorflow:input_mask: 1 1 1 1 1 1 1 1 1 1 1 1 1 1 1 1 1 1 1 1 1 1 1 1 1 1 1 1 1 1 1 1 1 1 1 1 1 1 1 1 1 1 1 1 0 0 0 0 0 0 0 0 0 0 0 0 0 0 0 0 0 0 0 0 0 0 0 0 0 0 0 0 0 0 0 0 0 0 0 0 0 0 0 0 0 0 0 0 0 0 0 0 0 0 0 0 0 0 0 0 0 0 0 0 0 0 0 0 0 0 0 0 0 0 0 0 0 0 0 0 0 0 0 0 0 0 0 0
I1024 01:11:16.725375 46946292425792 create_pretraining_data.py:161] input_mask: 1 1 1 1 1 1 1 1 1 1 1 1 1 1 1 1 1 1 1 1 1 1 1 1 1 1 1 1 1 1 1 1 1 1 1 1 1 1 1 1 1 1 1 1 0 0 0 0 0 0 0 0 0 0 0 0 0 0 0 0 0 0 0 0 0 0 0 0 0 0 0 0 0 0 0 0 0 0 0 0 0 0 0 0 0 0 0 0 0 0 0 0 0 0 0 0 0 0 0 0 0 0 0 0 0 0 0 0 0 0 0 0 0 0 0 0 0 0 0 0 0 0 0 0 0 0 0 0
INFO:tensorflow:segment_ids: 0 0 0 0 0 0 0 0 0 0 0 0 0 0 0 0 0 0 0 0 0 0 0 0 0 0 0 0 0 0 0 0 0 0 1 1 1 1 1 1 1 1 1 1 0 0 0 0 0 0 0 0 0 0 0 0 0 0 0 0 0 0 0 0 0 0 0 0 0 0 0 0 0 0 0 0 0 0 0 0 0 0 0 0 0 0 0 0 0 0 0 0 0 0 0 0 0 0 0 0 0 0 0 0 0 0 0 0 0 0 0 0 0 0 0 0 0 0 0 0 0 0 0 0 0 0 0 0
I1024 01:11:16.725558 46946292425792 create_pretraining_data.py:161] segment_ids: 0 0 0 0 0 0 0 0 0 0 0 0 0 0 0 0 0 0 0 0 0 0 0 0 0 0 0 0 0 0 0 0 0 0 1 1 1 1 1 1 1 1 1 1 0 0 0 0 0 0 0 0 0 0 0 0 0 0 0 0 0 0 0 0 0 0 0 0 0 0 0 0 0 0 0 0 0 0 0 0 0 0 0 0 0 0 0 0 0 0 0 0 0 0 0 0 0 0 0 0 0 0 0 0 0 0 0 0 0 0 0 0 0 0 0 0 0 0 0 0 0 0 0 0 0 0 0 0
INFO:tensorflow:masked_lm_positions: 5 6 7 24 25 26 37 0 0 0 0 0 0 0 0 0 0 0 0 0
I1024 01:11:16.725697 46946292425792 create_pretraining_data.py:161] masked_lm_positions: 5 6 7 24 25 26 37 0 0 0 0 0 0 0 0 0 0 0 0 0
INFO:tensorflow:masked_lm_ids: 4708 6792 1912 19470 13558 1973 2038 0 0 0 0 0 0 0 0 0 0 0 0 0
I1024 01:11:16.725829 46946292425792 create_pretraining_data.py:161] masked_lm_ids: 4708 6792 1912 19470 13558 1973 2038 0 0 0 0 0 0 0 0 0 0 0 0 0
INFO:tensorflow:masked_lm_weights: 1.0 1.0 1.0 1.0 1.0 1.0 1.0 0.0 0.0 0.0 0.0 0.0 0.0 0.0 0.0 0.0 0.0 0.0 0.0 0.0
I1024 01:11:16.725974 46946292425792 create_pretraining_data.py:161] masked_lm_weights: 1.0 1.0 1.0 1.0 1.0 1.0 1.0 0.0 0.0 0.0 0.0 0.0 0.0 0.0 0.0 0.0 0.0 0.0 0.0 0.0
INFO:tensorflow:next_sentence_labels: 1
I1024 01:11:16.726099 46946292425792 create_pretraining_data.py:161] next_sentence_labels: 1
INFO:tensorflow:*** Example ***
I1024 01:11:16.726877 46946292425792 create_pretraining_data.py:149] *** Example ***
INFO:tensorflow:tokens: [CLS] نفس [MASK] ينطبق تقريبا على كتاب [MASK] الحا ##شية على شرح الدوا ##ني للعق ##ائد [MASK] [MASK] " [MASK] السيد رشيد رضا ، والدكتور [MASK] . [SEP] ولا [MASK] من الاخطاء الشائعة بأن لحم العلو ##ش نع ##ني به [MASK] [MASK] اله ##برة » بل على العكس فهو كذلك القلب والك ##بدة والعص ##بان بحيث تنس ##حب الكمية المشار اليها سابقا على كل هذه الان ##واع . [SEP]
I1024 01:11:16.727064 46946292425792 create_pretraining_data.py:151] tokens: [CLS] نفس [MASK] ينطبق تقريبا على كتاب [MASK] الحا ##شية على شرح الدوا ##ني للعق ##ائد [MASK] [MASK] " [MASK] السيد رشيد رضا ، والدكتور [MASK] . [SEP] ولا [MASK] من الاخطاء الشائعة بأن لحم العلو ##ش نع ##ني به [MASK] [MASK] اله ##برة » بل على العكس فهو كذلك القلب والك ##بدة والعص ##بان بحيث تنس ##حب الكمية المشار اليها سابقا على كل هذه الان ##واع . [SEP]
INFO:tensorflow:input_ids: 2 2339 4 22802 7106 1961 3437 4 4325 10239 1961 5493 12675 1974 26314 3845 4 4 6 4 3968 10847 6051 378 16852 4 18 3 2086 4 1908 18331 19655 3010 9564 19506 1034 3634 1974 2249 4 4 2090 6199 114 2683 1961 13376 3799 4533 3338 3764 25845 27006 8070 6769 6548 2074 28459 14697 7660 7825 1961 2038 2159 2311 3474 18 3 0 0 0 0 0 0 0 0 0 0 0 0 0 0 0 0 0 0 0 0 0 0 0 0 0 0 0 0 0 0 0 0 0 0 0 0 0 0 0 0 0 0 0 0 0 0 0 0 0 0 0 0 0 0 0 0 0 0 0
I1024 01:11:16.727288 46946292425792 create_pretraining_data.py:161] input_ids: 2 2339 4 22802 7106 1961 3437 4 4325 10239 1961 5493 12675 1974 26314 3845 4 4 6 4 3968 10847 6051 378 16852 4 18 3 2086 4 1908 18331 19655 3010 9564 19506 1034 3634 1974 2249 4 4 2090 6199 114 2683 1961 13376 3799 4533 3338 3764 25845 27006 8070 6769 6548 2074 28459 14697 7660 7825 1961 2038 2159 2311 3474 18 3 0 0 0 0 0 0 0 0 0 0 0 0 0 0 0 0 0 0 0 0 0 0 0 0 0 0 0 0 0 0 0 0 0 0 0 0 0 0 0 0 0 0 0 0 0 0 0 0 0 0 0 0 0 0 0 0 0 0 0
INFO:tensorflow:input_mask: 1 1 1 1 1 1 1 1 1 1 1 1 1 1 1 1 1 1 1 1 1 1 1 1 1 1 1 1 1 1 1 1 1 1 1 1 1 1 1 1 1 1 1 1 1 1 1 1 1 1 1 1 1 1 1 1 1 1 1 1 1 1 1 1 1 1 1 1 1 0 0 0 0 0 0 0 0 0 0 0 0 0 0 0 0 0 0 0 0 0 0 0 0 0 0 0 0 0 0 0 0 0 0 0 0 0 0 0 0 0 0 0 0 0 0 0 0 0 0 0 0 0 0 0 0 0 0 0
I1024 01:11:16.727478 46946292425792 create_pretraining_data.py:161] input_mask: 1 1 1 1 1 1 1 1 1 1 1 1 1 1 1 1 1 1 1 1 1 1 1 1 1 1 1 1 1 1 1 1 1 1 1 1 1 1 1 1 1 1 1 1 1 1 1 1 1 1 1 1 1 1 1 1 1 1 1 1 1 1 1 1 1 1 1 1 1 0 0 0 0 0 0 0 0 0 0 0 0 0 0 0 0 0 0 0 0 0 0 0 0 0 0 0 0 0 0 0 0 0 0 0 0 0 0 0 0 0 0 0 0 0 0 0 0 0 0 0 0 0 0 0 0 0 0 0
INFO:tensorflow:segment_ids: 0 0 0 0 0 0 0 0 0 0 0 0 0 0 0 0 0 0 0 0 0 0 0 0 0 0 0 0 1 1 1 1 1 1 1 1 1 1 1 1 1 1 1 1 1 1 1 1 1 1 1 1 1 1 1 1 1 1 1 1 1 1 1 1 1 1 1 1 1 0 0 0 0 0 0 0 0 0 0 0 0 0 0 0 0 0 0 0 0 0 0 0 0 0 0 0 0 0 0 0 0 0 0 0 0 0 0 0 0 0 0 0 0 0 0 0 0 0 0 0 0 0 0 0 0 0 0 0
I1024 01:11:16.727659 46946292425792 create_pretraining_data.py:161] segment_ids: 0 0 0 0 0 0 0 0 0 0 0 0 0 0 0 0 0 0 0 0 0 0 0 0 0 0 0 0 1 1 1 1 1 1 1 1 1 1 1 1 1 1 1 1 1 1 1 1 1 1 1 1 1 1 1 1 1 1 1 1 1 1 1 1 1 1 1 1 1 0 0 0 0 0 0 0 0 0 0 0 0 0 0 0 0 0 0 0 0 0 0 0 0 0 0 0 0 0 0 0 0 0 0 0 0 0 0 0 0 0 0 0 0 0 0 0 0 0 0 0 0 0 0 0 0 0 0 0
INFO:tensorflow:masked_lm_positions: 2 7 16 17 19 25 28 29 40 41 0 0 0 0 0 0 0 0 0 0
I1024 01:11:16.727801 46946292425792 create_pretraining_data.py:161] masked_lm_positions: 2 7 16 17 19 25 28 29 40 41 0 0 0 0 0 0 0 0 0 0
INFO:tensorflow:masked_lm_ids: 3859 6 7525 4259 1908 17633 12309 3136 2574 107 0 0 0 0 0 0 0 0 0 0
I1024 01:11:16.727943 46946292425792 create_pretraining_data.py:161] masked_lm_ids: 3859 6 7525 4259 1908 17633 12309 3136 2574 107 0 0 0 0 0 0 0 0 0 0
INFO:tensorflow:masked_lm_weights: 1.0 1.0 1.0 1.0 1.0 1.0 1.0 1.0 1.0 1.0 0.0 0.0 0.0 0.0 0.0 0.0 0.0 0.0 0.0 0.0
I1024 01:11:16.728081 46946292425792 create_pretraining_data.py:161] masked_lm_weights: 1.0 1.0 1.0 1.0 1.0 1.0 1.0 1.0 1.0 1.0 0.0 0.0 0.0 0.0 0.0 0.0 0.0 0.0 0.0 0.0
INFO:tensorflow:next_sentence_labels: 1
I1024 01:11:16.728207 46946292425792 create_pretraining_data.py:161] next_sentence_labels: 1
INFO:tensorflow:*** Example ***
I1024 01:11:16.728969 46946292425792 create_pretraining_data.py:149] *** Example ***
INFO:tensorflow:tokens: [CLS] واشار الى تقدم في درجة الوعي [MASK] هذه المشكلة في لبنان ، قائلا " ن ##لمس بعض الخطوات الخ ##جو ##لة [MASK] لكن ذلك ليس كافي ##ا " . [SEP] وأكد المدرب المساعد محمد المك ##شر [MASK] " بناء نيوز " أن الأفريقي فرط [MASK] اللاعب بسبب عدم تك ##يفه مع أجواء الفريق وحا ##جة [MASK] لانت ##داب مهاجم [MASK] قادر على [MASK] الإضاف ##ة له ##جوم المادي في [MASK] المقبلة من منافسات بطولة الرابطة ##IO [MASK] الأولى لكرة [MASK] . [SEP]
I1024 01:11:16.729161 46946292425792 create_pretraining_data.py:151] tokens: [CLS] واشار الى تقدم في درجة الوعي [MASK] هذه المشكلة في لبنان ، قائلا " ن ##لمس بعض الخطوات الخ ##جو ##لة [MASK] لكن ذلك ليس كافي ##ا " . [SEP] وأكد المدرب المساعد محمد المك ##شر [MASK] " بناء نيوز " أن الأفريقي فرط [MASK] اللاعب بسبب عدم تك ##يفه مع أجواء الفريق وحا ##جة [MASK] لانت ##داب مهاجم [MASK] قادر على [MASK] الإضاف ##ة له ##جوم المادي في [MASK] المقبلة من منافسات بطولة الرابطة ##IO [MASK] الأولى لكرة [MASK] . [SEP]
INFO:tensorflow:input_ids: 2 14149 2186 3868 1912 6150 11694 4 2159 8247 1912 3037 378 6620 6 413 22255 2346 13641 1995 8233 2035 4 2425 2271 2618 19764 1007 6 18 3 5275 7934 7748 2202 4036 2072 4 6 4225 9136 6 1979 26333 27638 4 4136 3179 3216 2654 4532 1973 16279 3671 29813 2608 4 11124 7264 12542 4 6774 1961 4 27330 1043 2154 4577 20153 1912 4 6775 1908 13915 5872 13468 25011 4 3362 6176 4 18 3 0 0 0 0 0 0 0 0 0 0 0 0 0 0 0 0 0 0 0 0 0 0 0 0 0 0 0 0 0 0 0 0 0 0 0 0 0 0 0 0 0 0 0 0 0
I1024 01:11:16.729393 46946292425792 create_pretraining_data.py:161] input_ids: 2 14149 2186 3868 1912 6150 11694 4 2159 8247 1912 3037 378 6620 6 413 22255 2346 13641 1995 8233 2035 4 2425 2271 2618 19764 1007 6 18 3 5275 7934 7748 2202 4036 2072 4 6 4225 9136 6 1979 26333 27638 4 4136 3179 3216 2654 4532 1973 16279 3671 29813 2608 4 11124 7264 12542 4 6774 1961 4 27330 1043 2154 4577 20153 1912 4 6775 1908 13915 5872 13468 25011 4 3362 6176 4 18 3 0 0 0 0 0 0 0 0 0 0 0 0 0 0 0 0 0 0 0 0 0 0 0 0 0 0 0 0 0 0 0 0 0 0 0 0 0 0 0 0 0 0 0 0 0
INFO:tensorflow:input_mask: 1 1 1 1 1 1 1 1 1 1 1 1 1 1 1 1 1 1 1 1 1 1 1 1 1 1 1 1 1 1 1 1 1 1 1 1 1 1 1 1 1 1 1 1 1 1 1 1 1 1 1 1 1 1 1 1 1 1 1 1 1 1 1 1 1 1 1 1 1 1 1 1 1 1 1 1 1 1 1 1 1 1 1 0 0 0 0 0 0 0 0 0 0 0 0 0 0 0 0 0 0 0 0 0 0 0 0 0 0 0 0 0 0 0 0 0 0 0 0 0 0 0 0 0 0 0 0 0
I1024 01:11:16.729585 46946292425792 create_pretraining_data.py:161] input_mask: 1 1 1 1 1 1 1 1 1 1 1 1 1 1 1 1 1 1 1 1 1 1 1 1 1 1 1 1 1 1 1 1 1 1 1 1 1 1 1 1 1 1 1 1 1 1 1 1 1 1 1 1 1 1 1 1 1 1 1 1 1 1 1 1 1 1 1 1 1 1 1 1 1 1 1 1 1 1 1 1 1 1 1 0 0 0 0 0 0 0 0 0 0 0 0 0 0 0 0 0 0 0 0 0 0 0 0 0 0 0 0 0 0 0 0 0 0 0 0 0 0 0 0 0 0 0 0 0
INFO:tensorflow:segment_ids: 0 0 0 0 0 0 0 0 0 0 0 0 0 0 0 0 0 0 0 0 0 0 0 0 0 0 0 0 0 0 0 1 1 1 1 1 1 1 1 1 1 1 1 1 1 1 1 1 1 1 1 1 1 1 1 1 1 1 1 1 1 1 1 1 1 1 1 1 1 1 1 1 1 1 1 1 1 1 1 1 1 1 1 0 0 0 0 0 0 0 0 0 0 0 0 0 0 0 0 0 0 0 0 0 0 0 0 0 0 0 0 0 0 0 0 0 0 0 0 0 0 0 0 0 0 0 0 0
I1024 01:11:16.729767 46946292425792 create_pretraining_data.py:161] segment_ids: 0 0 0 0 0 0 0 0 0 0 0 0 0 0 0 0 0 0 0 0 0 0 0 0 0 0 0 0 0 0 0 1 1 1 1 1 1 1 1 1 1 1 1 1 1 1 1 1 1 1 1 1 1 1 1 1 1 1 1 1 1 1 1 1 1 1 1 1 1 1 1 1 1 1 1 1 1 1 1 1 1 1 1 0 0 0 0 0 0 0 0 0 0 0 0 0 0 0 0 0 0 0 0 0 0 0 0 0 0 0 0 0 0 0 0 0 0 0 0 0 0 0 0 0 0 0 0 0
INFO:tensorflow:masked_lm_positions: 7 12 22 37 45 56 60 63 70 76 77 80 0 0 0 0 0 0 0 0
I1024 01:11:16.729912 46946292425792 create_pretraining_data.py:161] masked_lm_positions: 7 12 22 37 45 56 60 63 70 76 77 80 0 0 0 0 0 0 0 0
INFO:tensorflow:masked_lm_ids: 27800 378 378 411 1912 3671 29806 4495 5059 23318 1043 3961 0 0 0 0 0 0 0 0
I1024 01:11:16.730048 46946292425792 create_pretraining_data.py:161] masked_lm_ids: 27800 378 378 411 1912 3671 29806 4495 5059 23318 1043 3961 0 0 0 0 0 0 0 0
INFO:tensorflow:masked_lm_weights: 1.0 1.0 1.0 1.0 1.0 1.0 1.0 1.0 1.0 1.0 1.0 1.0 0.0 0.0 0.0 0.0 0.0 0.0 0.0 0.0
I1024 01:11:16.730184 46946292425792 create_pretraining_data.py:161] masked_lm_weights: 1.0 1.0 1.0 1.0 1.0 1.0 1.0 1.0 1.0 1.0 1.0 1.0 0.0 0.0 0.0 0.0 0.0 0.0 0.0 0.0
INFO:tensorflow:next_sentence_labels: 1
I1024 01:11:16.730325 46946292425792 create_pretraining_data.py:161] next_sentence_labels: 1
INFO:tensorflow:*** Example ***
I1024 01:11:16.731073 46946292425792 create_pretraining_data.py:149] *** Example ***
INFO:tensorflow:tokens: [CLS] نب ##قى [MASK] محور الدفاع لن ##شير إلى عودة الظ ##هير الأيمن محمد صالح المه ##ذب ##ي الذي [MASK] مخلفات [MASK] اللع ##ينة التي تعرض لها الموسم الماضي . [SEP] هذه الأيام تاريخ ##ا بحر ##وف من ذهب ، تمكن فيها الشعب من كسر أكبر حلقة في سلسلة الاست ##بداد التي تلف المنطقة العربية من شمال ##ها إلى [MASK] [MASK] ، [MASK] [MASK] [MASK] إلى [MASK] وجهت . [SEP]
I1024 01:11:16.731259 46946292425792 create_pretraining_data.py:151] tokens: [CLS] نب ##قى [MASK] محور الدفاع لن ##شير إلى عودة الظ ##هير الأيمن محمد صالح المه ##ذب ##ي الذي [MASK] مخلفات [MASK] اللع ##ينة التي تعرض لها الموسم الماضي . [SEP] هذه الأيام تاريخ ##ا بحر ##وف من ذهب ، تمكن فيها الشعب من كسر أكبر حلقة في سلسلة الاست ##بداد التي تلف المنطقة العربية من شمال ##ها إلى [MASK] [MASK] ، [MASK] [MASK] [MASK] إلى [MASK] وجهت . [SEP]
INFO:tensorflow:input_ids: 2 3291 2777 4 12288 4197 2404 11282 2045 8256 2808 3732 28723 2202 3774 3100 3322 1013 2130 4 26700 4 6978 2583 2061 4722 2553 4249 3274 18 3 2159 6995 3173 1007 6365 2088 1908 6324 378 6836 2443 3086 1908 9128 4462 3626 1912 7430 2320 21660 2061 12282 3549 2488 1908 4470 1913 2045 4 4 378 4 4 4 2045 4 18738 18 3 0 0 0 0 0 0 0 0 0 0 0 0 0 0 0 0 0 0 0 0 0 0 0 0 0 0 0 0 0 0 0 0 0 0 0 0 0 0 0 0 0 0 0 0 0 0 0 0 0 0 0 0 0 0 0 0 0 0
I1024 01:11:16.731468 46946292425792 create_pretraining_data.py:161] input_ids: 2 3291 2777 4 12288 4197 2404 11282 2045 8256 2808 3732 28723 2202 3774 3100 3322 1013 2130 4 26700 4 6978 2583 2061 4722 2553 4249 3274 18 3 2159 6995 3173 1007 6365 2088 1908 6324 378 6836 2443 3086 1908 9128 4462 3626 1912 7430 2320 21660 2061 12282 3549 2488 1908 4470 1913 2045 4 4 378 4 4 4 2045 4 18738 18 3 0 0 0 0 0 0 0 0 0 0 0 0 0 0 0 0 0 0 0 0 0 0 0 0 0 0 0 0 0 0 0 0 0 0 0 0 0 0 0 0 0 0 0 0 0 0 0 0 0 0 0 0 0 0 0 0 0 0
INFO:tensorflow:input_mask: 1 1 1 1 1 1 1 1 1 1 1 1 1 1 1 1 1 1 1 1 1 1 1 1 1 1 1 1 1 1 1 1 1 1 1 1 1 1 1 1 1 1 1 1 1 1 1 1 1 1 1 1 1 1 1 1 1 1 1 1 1 1 1 1 1 1 1 1 1 1 0 0 0 0 0 0 0 0 0 0 0 0 0 0 0 0 0 0 0 0 0 0 0 0 0 0 0 0 0 0 0 0 0 0 0 0 0 0 0 0 0 0 0 0 0 0 0 0 0 0 0 0 0 0 0 0 0 0
I1024 01:11:16.731659 46946292425792 create_pretraining_data.py:161] input_mask: 1 1 1 1 1 1 1 1 1 1 1 1 1 1 1 1 1 1 1 1 1 1 1 1 1 1 1 1 1 1 1 1 1 1 1 1 1 1 1 1 1 1 1 1 1 1 1 1 1 1 1 1 1 1 1 1 1 1 1 1 1 1 1 1 1 1 1 1 1 1 0 0 0 0 0 0 0 0 0 0 0 0 0 0 0 0 0 0 0 0 0 0 0 0 0 0 0 0 0 0 0 0 0 0 0 0 0 0 0 0 0 0 0 0 0 0 0 0 0 0 0 0 0 0 0 0 0 0
INFO:tensorflow:segment_ids: 0 0 0 0 0 0 0 0 0 0 0 0 0 0 0 0 0 0 0 0 0 0 0 0 0 0 0 0 0 0 0 1 1 1 1 1 1 1 1 1 1 1 1 1 1 1 1 1 1 1 1 1 1 1 1 1 1 1 1 1 1 1 1 1 1 1 1 1 1 1 0 0 0 0 0 0 0 0 0 0 0 0 0 0 0 0 0 0 0 0 0 0 0 0 0 0 0 0 0 0 0 0 0 0 0 0 0 0 0 0 0 0 0 0 0 0 0 0 0 0 0 0 0 0 0 0 0 0
I1024 01:11:16.731843 46946292425792 create_pretraining_data.py:161] segment_ids: 0 0 0 0 0 0 0 0 0 0 0 0 0 0 0 0 0 0 0 0 0 0 0 0 0 0 0 0 0 0 0 1 1 1 1 1 1 1 1 1 1 1 1 1 1 1 1 1 1 1 1 1 1 1 1 1 1 1 1 1 1 1 1 1 1 1 1 1 1 1 0 0 0 0 0 0 0 0 0 0 0 0 0 0 0 0 0 0 0 0 0 0 0 0 0 0 0 0 0 0 0 0 0 0 0 0 0 0 0 0 0 0 0 0 0 0 0 0 0 0 0 0 0 0 0 0 0 0
INFO:tensorflow:masked_lm_positions: 3 19 21 59 60 62 63 64 66 67 0 0 0 0 0 0 0 0 0 0
I1024 01:11:16.731991 46946292425792 create_pretraining_data.py:161] masked_lm_positions: 3 19 21 59 60 62 63 64 66 67 0 0 0 0 0 0 0 0 0 0
INFO:tensorflow:masked_lm_ids: 1973 6443 11926 4297 1913 2298 5447 1913 28694 1007 0 0 0 0 0 0 0 0 0 0
I1024 01:11:16.732139 46946292425792 create_pretraining_data.py:161] masked_lm_ids: 1973 6443 11926 4297 1913 2298 5447 1913 28694 1007 0 0 0 0 0 0 0 0 0 0
INFO:tensorflow:masked_lm_weights: 1.0 1.0 1.0 1.0 1.0 1.0 1.0 1.0 1.0 1.0 0.0 0.0 0.0 0.0 0.0 0.0 0.0 0.0 0.0 0.0
I1024 01:11:16.732279 46946292425792 create_pretraining_data.py:161] masked_lm_weights: 1.0 1.0 1.0 1.0 1.0 1.0 1.0 1.0 1.0 1.0 0.0 0.0 0.0 0.0 0.0 0.0 0.0 0.0 0.0 0.0
INFO:tensorflow:next_sentence_labels: 1
I1024 01:11:16.732402 46946292425792 create_pretraining_data.py:161] next_sentence_labels: 1
INFO:tensorflow:*** Example ***
I1024 01:11:16.733155 46946292425792 create_pretraining_data.py:149] *** Example ***
INFO:tensorflow:tokens: [CLS] وأمام تلك الاجواء المشحونة وسع ##يا من عدة اطراف لته ##د ##ئة الاجواء وإعادة [MASK] [MASK] [MASK] تلك العناصر [MASK] [MASK] انتظ ##مت [MASK] من الاجتماعات بمشاركة خطف الجهة وعن ##اصر من النيابة الخصوصية وبعض الاح ##باء الغي ##ورين قصد إعادة ترتيب البيت . [SEP] نتائج هذه الانتخابات منحت فرصة [MASK] [MASK] كي يكون دورها اكثر تأثير ##ا . [SEP]
I1024 01:11:16.733338 46946292425792 create_pretraining_data.py:151] tokens: [CLS] وأمام تلك الاجواء المشحونة وسع ##يا من عدة اطراف لته ##د ##ئة الاجواء وإعادة [MASK] [MASK] [MASK] تلك العناصر [MASK] [MASK] انتظ ##مت [MASK] من الاجتماعات بمشاركة خطف الجهة وعن ##اصر من النيابة الخصوصية وبعض الاح ##باء الغي ##ورين قصد إعادة ترتيب البيت . [SEP] نتائج هذه الانتخابات منحت فرصة [MASK] [MASK] كي يكون دورها اكثر تأثير ##ا . [SEP]
INFO:tensorflow:input_ids: 2 29016 3041 15477 16830 16405 1937 1908 4412 16177 26027 1016 2385 15477 15199 4 4 4 3041 11646 4 4 10637 2321 4 1908 22390 11673 16419 11820 4321 4550 1908 9229 10550 6504 3439 3284 12433 5624 11038 5765 7796 4210 18 3 4650 2159 4668 28250 6549 4 4 3364 2461 16978 2695 6998 1007 18 3 0 0 0 0 0 0 0 0 0 0 0 0 0 0 0 0 0 0 0 0 0 0 0 0 0 0 0 0 0 0 0 0 0 0 0 0 0 0 0 0 0 0 0 0 0 0 0 0 0 0 0 0 0 0 0 0 0 0 0 0 0 0 0 0 0 0 0
I1024 01:11:16.733542 46946292425792 create_pretraining_data.py:161] input_ids: 2 29016 3041 15477 16830 16405 1937 1908 4412 16177 26027 1016 2385 15477 15199 4 4 4 3041 11646 4 4 10637 2321 4 1908 22390 11673 16419 11820 4321 4550 1908 9229 10550 6504 3439 3284 12433 5624 11038 5765 7796 4210 18 3 4650 2159 4668 28250 6549 4 4 3364 2461 16978 2695 6998 1007 18 3 0 0 0 0 0 0 0 0 0 0 0 0 0 0 0 0 0 0 0 0 0 0 0 0 0 0 0 0 0 0 0 0 0 0 0 0 0 0 0 0 0 0 0 0 0 0 0 0 0 0 0 0 0 0 0 0 0 0 0 0 0 0 0 0 0 0 0
INFO:tensorflow:input_mask: 1 1 1 1 1 1 1 1 1 1 1 1 1 1 1 1 1 1 1 1 1 1 1 1 1 1 1 1 1 1 1 1 1 1 1 1 1 1 1 1 1 1 1 1 1 1 1 1 1 1 1 1 1 1 1 1 1 1 1 1 1 0 0 0 0 0 0 0 0 0 0 0 0 0 0 0 0 0 0 0 0 0 0 0 0 0 0 0 0 0 0 0 0 0 0 0 0 0 0 0 0 0 0 0 0 0 0 0 0 0 0 0 0 0 0 0 0 0 0 0 0 0 0 0 0 0 0 0
I1024 01:11:16.733730 46946292425792 create_pretraining_data.py:161] input_mask: 1 1 1 1 1 1 1 1 1 1 1 1 1 1 1 1 1 1 1 1 1 1 1 1 1 1 1 1 1 1 1 1 1 1 1 1 1 1 1 1 1 1 1 1 1 1 1 1 1 1 1 1 1 1 1 1 1 1 1 1 1 0 0 0 0 0 0 0 0 0 0 0 0 0 0 0 0 0 0 0 0 0 0 0 0 0 0 0 0 0 0 0 0 0 0 0 0 0 0 0 0 0 0 0 0 0 0 0 0 0 0 0 0 0 0 0 0 0 0 0 0 0 0 0 0 0 0 0
INFO:tensorflow:segment_ids: 0 0 0 0 0 0 0 0 0 0 0 0 0 0 0 0 0 0 0 0 0 0 0 0 0 0 0 0 0 0 0 0 0 0 0 0 0 0 0 0 0 0 0 0 0 0 1 1 1 1 1 1 1 1 1 1 1 1 1 1 1 0 0 0 0 0 0 0 0 0 0 0 0 0 0 0 0 0 0 0 0 0 0 0 0 0 0 0 0 0 0 0 0 0 0 0 0 0 0 0 0 0 0 0 0 0 0 0 0 0 0 0 0 0 0 0 0 0 0 0 0 0 0 0 0 0 0 0
I1024 01:11:16.733943 46946292425792 create_pretraining_data.py:161] segment_ids: 0 0 0 0 0 0 0 0 0 0 0 0 0 0 0 0 0 0 0 0 0 0 0 0 0 0 0 0 0 0 0 0 0 0 0 0 0 0 0 0 0 0 0 0 0 0 1 1 1 1 1 1 1 1 1 1 1 1 1 1 1 0 0 0 0 0 0 0 0 0 0 0 0 0 0 0 0 0 0 0 0 0 0 0 0 0 0 0 0 0 0 0 0 0 0 0 0 0 0 0 0 0 0 0 0 0 0 0 0 0 0 0 0 0 0 0 0 0 0 0 0 0 0 0 0 0 0 0
INFO:tensorflow:masked_lm_positions: 15 16 17 20 21 24 28 51 52 0 0 0 0 0 0 0 0 0 0 0
I1024 01:11:16.734114 46946292425792 create_pretraining_data.py:161] masked_lm_positions: 15 16 17 20 21 24 28 51 52 0 0 0 0 0 0 0 0 0 0 0
INFO:tensorflow:masked_lm_ids: 2009 21008 2117 25907 11555 4145 11071 9644 5551 0 0 0 0 0 0 0 0 0 0 0
I1024 01:11:16.734222 46946292425792 create_pretraining_data.py:161] masked_lm_ids: 2009 21008 2117 25907 11555 4145 11071 9644 5551 0 0 0 0 0 0 0 0 0 0 0
INFO:tensorflow:masked_lm_weights: 1.0 1.0 1.0 1.0 1.0 1.0 1.0 1.0 1.0 0.0 0.0 0.0 0.0 0.0 0.0 0.0 0.0 0.0 0.0 0.0
I1024 01:11:16.734328 46946292425792 create_pretraining_data.py:161] masked_lm_weights: 1.0 1.0 1.0 1.0 1.0 1.0 1.0 1.0 1.0 0.0 0.0 0.0 0.0 0.0 0.0 0.0 0.0 0.0 0.0 0.0
INFO:tensorflow:next_sentence_labels: 1
I1024 01:11:16.734425 46946292425792 create_pretraining_data.py:161] next_sentence_labels: 1
INFO:tensorflow:*** Example ***
I1024 01:11:16.734996 46946292425792 create_pretraining_data.py:149] *** Example ***
INFO:tensorflow:tokens: [CLS] هذه المحلات [MASK] المهن التجارية تضر ##رت [MASK] الثورة حسب [MASK] صرح به أصحابها [MASK] [SEP] وأضاف : " لم نت ##وصل الى توافق على الشخصية التي ستر ##أس [MASK] ، حاول ##نا تذ ##ليل الصعوبات لكن لم يحصل توافق " [MASK] [SEP]
I1024 01:11:16.735131 46946292425792 create_pretraining_data.py:151] tokens: [CLS] هذه المحلات [MASK] المهن التجارية تضر ##رت [MASK] الثورة حسب [MASK] صرح به أصحابها [MASK] [SEP] وأضاف : " لم نت ##وصل الى توافق على الشخصية التي ستر ##أس [MASK] ، حاول ##نا تذ ##ليل الصعوبات لكن لم يحصل توافق " [MASK] [SEP]
INFO:tensorflow:input_ids: 2 2159 17699 4 23895 5571 14821 2148 4 6526 3650 4 9883 2249 10350 4 3 4214 30 6 2043 2682 8772 2186 10520 1961 5675 2061 13595 2996 4 378 6346 1914 9392 2623 21934 2425 2043 6740 10520 6 4 3 0 0 0 0 0 0 0 0 0 0 0 0 0 0 0 0 0 0 0 0 0 0 0 0 0 0 0 0 0 0 0 0 0 0 0 0 0 0 0 0 0 0 0 0 0 0 0 0 0 0 0 0 0 0 0 0 0 0 0 0 0 0 0 0 0 0 0 0 0 0 0 0 0 0 0 0 0 0 0 0 0 0 0 0
I1024 01:11:16.735288 46946292425792 create_pretraining_data.py:161] input_ids: 2 2159 17699 4 23895 5571 14821 2148 4 6526 3650 4 9883 2249 10350 4 3 4214 30 6 2043 2682 8772 2186 10520 1961 5675 2061 13595 2996 4 378 6346 1914 9392 2623 21934 2425 2043 6740 10520 6 4 3 0 0 0 0 0 0 0 0 0 0 0 0 0 0 0 0 0 0 0 0 0 0 0 0 0 0 0 0 0 0 0 0 0 0 0 0 0 0 0 0 0 0 0 0 0 0 0 0 0 0 0 0 0 0 0 0 0 0 0 0 0 0 0 0 0 0 0 0 0 0 0 0 0 0 0 0 0 0 0 0 0 0 0 0
INFO:tensorflow:input_mask: 1 1 1 1 1 1 1 1 1 1 1 1 1 1 1 1 1 1 1 1 1 1 1 1 1 1 1 1 1 1 1 1 1 1 1 1 1 1 1 1 1 1 1 1 0 0 0 0 0 0 0 0 0 0 0 0 0 0 0 0 0 0 0 0 0 0 0 0 0 0 0 0 0 0 0 0 0 0 0 0 0 0 0 0 0 0 0 0 0 0 0 0 0 0 0 0 0 0 0 0 0 0 0 0 0 0 0 0 0 0 0 0 0 0 0 0 0 0 0 0 0 0 0 0 0 0 0 0
I1024 01:11:16.735434 46946292425792 create_pretraining_data.py:161] input_mask: 1 1 1 1 1 1 1 1 1 1 1 1 1 1 1 1 1 1 1 1 1 1 1 1 1 1 1 1 1 1 1 1 1 1 1 1 1 1 1 1 1 1 1 1 0 0 0 0 0 0 0 0 0 0 0 0 0 0 0 0 0 0 0 0 0 0 0 0 0 0 0 0 0 0 0 0 0 0 0 0 0 0 0 0 0 0 0 0 0 0 0 0 0 0 0 0 0 0 0 0 0 0 0 0 0 0 0 0 0 0 0 0 0 0 0 0 0 0 0 0 0 0 0 0 0 0 0 0
INFO:tensorflow:segment_ids: 0 0 0 0 0 0 0 0 0 0 0 0 0 0 0 0 0 1 1 1 1 1 1 1 1 1 1 1 1 1 1 1 1 1 1 1 1 1 1 1 1 1 1 1 0 0 0 0 0 0 0 0 0 0 0 0 0 0 0 0 0 0 0 0 0 0 0 0 0 0 0 0 0 0 0 0 0 0 0 0 0 0 0 0 0 0 0 0 0 0 0 0 0 0 0 0 0 0 0 0 0 0 0 0 0 0 0 0 0 0 0 0 0 0 0 0 0 0 0 0 0 0 0 0 0 0 0 0
I1024 01:11:16.735575 46946292425792 create_pretraining_data.py:161] segment_ids: 0 0 0 0 0 0 0 0 0 0 0 0 0 0 0 0 0 1 1 1 1 1 1 1 1 1 1 1 1 1 1 1 1 1 1 1 1 1 1 1 1 1 1 1 0 0 0 0 0 0 0 0 0 0 0 0 0 0 0 0 0 0 0 0 0 0 0 0 0 0 0 0 0 0 0 0 0 0 0 0 0 0 0 0 0 0 0 0 0 0 0 0 0 0 0 0 0 0 0 0 0 0 0 0 0 0 0 0 0 0 0 0 0 0 0 0 0 0 0 0 0 0 0 0 0 0 0 0
INFO:tensorflow:masked_lm_positions: 3 8 11 15 30 31 42 0 0 0 0 0 0 0 0 0 0 0 0 0
I1024 01:11:16.735682 46946292425792 create_pretraining_data.py:161] masked_lm_positions: 3 8 11 15 30 31 42 0 0 0 0 0 0 0 0 0 0 0 0 0
INFO:tensorflow:masked_lm_ids: 5968 1908 1972 18 3130 378 18 0 0 0 0 0 0 0 0 0 0 0 0 0
I1024 01:11:16.735802 46946292425792 create_pretraining_data.py:161] masked_lm_ids: 5968 1908 1972 18 3130 378 18 0 0 0 0 0 0 0 0 0 0 0 0 0
INFO:tensorflow:masked_lm_weights: 1.0 1.0 1.0 1.0 1.0 1.0 1.0 0.0 0.0 0.0 0.0 0.0 0.0 0.0 0.0 0.0 0.0 0.0 0.0 0.0
I1024 01:11:16.735916 46946292425792 create_pretraining_data.py:161] masked_lm_weights: 1.0 1.0 1.0 1.0 1.0 1.0 1.0 0.0 0.0 0.0 0.0 0.0 0.0 0.0 0.0 0.0 0.0 0.0 0.0 0.0
INFO:tensorflow:next_sentence_labels: 1
I1024 01:11:16.736015 46946292425792 create_pretraining_data.py:161] next_sentence_labels: 1
INFO:tensorflow:*** Example ***
I1024 01:11:16.736594 46946292425792 create_pretraining_data.py:149] *** Example ***
INFO:tensorflow:tokens: [CLS] ##أسبوع [MASK] بالبحث عن أسباب غياب ردود الفعل المنظمة إثر « نك ##بة » 18 ##81 . [SEP] وأوضح [MASK] [MASK] [MASK] من عبد الوهاب [MASK] لا ترغب بتو ##ثيق الخلافات على الشاشة ، ف ##فضل ##ت غياب أن ##غام عن البرنامج [MASK] [SEP]
I1024 01:11:16.736729 46946292425792 create_pretraining_data.py:151] tokens: [CLS] ##أسبوع [MASK] بالبحث عن أسباب غياب ردود الفعل المنظمة إثر « نك ##بة » 18 ##81 . [SEP] وأوضح [MASK] [MASK] [MASK] من عبد الوهاب [MASK] لا ترغب بتو ##ثيق الخلافات على الشاشة ، ف ##فضل ##ت غياب أن ##غام عن البرنامج [MASK] [SEP]
INFO:tensorflow:input_ids: 2 27564 4 22649 1955 7852 4832 14059 9078 7784 10863 107 9675 2215 114 3328 24537 18 3 6945 4 4 4 1908 2195 13998 4 1963 7697 10566 10217 16035 1961 15578 378 408 2370 1005 4832 1979 16065 1955 4945 4 3 0 0 0 0 0 0 0 0 0 0 0 0 0 0 0 0 0 0 0 0 0 0 0 0 0 0 0 0 0 0 0 0 0 0 0 0 0 0 0 0 0 0 0 0 0 0 0 0 0 0 0 0 0 0 0 0 0 0 0 0 0 0 0 0 0 0 0 0 0 0 0 0 0 0 0 0 0 0 0 0 0 0 0
I1024 01:11:16.736888 46946292425792 create_pretraining_data.py:161] input_ids: 2 27564 4 22649 1955 7852 4832 14059 9078 7784 10863 107 9675 2215 114 3328 24537 18 3 6945 4 4 4 1908 2195 13998 4 1963 7697 10566 10217 16035 1961 15578 378 408 2370 1005 4832 1979 16065 1955 4945 4 3 0 0 0 0 0 0 0 0 0 0 0 0 0 0 0 0 0 0 0 0 0 0 0 0 0 0 0 0 0 0 0 0 0 0 0 0 0 0 0 0 0 0 0 0 0 0 0 0 0 0 0 0 0 0 0 0 0 0 0 0 0 0 0 0 0 0 0 0 0 0 0 0 0 0 0 0 0 0 0 0 0 0 0
INFO:tensorflow:input_mask: 1 1 1 1 1 1 1 1 1 1 1 1 1 1 1 1 1 1 1 1 1 1 1 1 1 1 1 1 1 1 1 1 1 1 1 1 1 1 1 1 1 1 1 1 1 0 0 0 0 0 0 0 0 0 0 0 0 0 0 0 0 0 0 0 0 0 0 0 0 0 0 0 0 0 0 0 0 0 0 0 0 0 0 0 0 0 0 0 0 0 0 0 0 0 0 0 0 0 0 0 0 0 0 0 0 0 0 0 0 0 0 0 0 0 0 0 0 0 0 0 0 0 0 0 0 0 0 0
I1024 01:11:16.737034 46946292425792 create_pretraining_data.py:161] input_mask: 1 1 1 1 1 1 1 1 1 1 1 1 1 1 1 1 1 1 1 1 1 1 1 1 1 1 1 1 1 1 1 1 1 1 1 1 1 1 1 1 1 1 1 1 1 0 0 0 0 0 0 0 0 0 0 0 0 0 0 0 0 0 0 0 0 0 0 0 0 0 0 0 0 0 0 0 0 0 0 0 0 0 0 0 0 0 0 0 0 0 0 0 0 0 0 0 0 0 0 0 0 0 0 0 0 0 0 0 0 0 0 0 0 0 0 0 0 0 0 0 0 0 0 0 0 0 0 0
INFO:tensorflow:segment_ids: 0 0 0 0 0 0 0 0 0 0 0 0 0 0 0 0 0 0 0 1 1 1 1 1 1 1 1 1 1 1 1 1 1 1 1 1 1 1 1 1 1 1 1 1 1 0 0 0 0 0 0 0 0 0 0 0 0 0 0 0 0 0 0 0 0 0 0 0 0 0 0 0 0 0 0 0 0 0 0 0 0 0 0 0 0 0 0 0 0 0 0 0 0 0 0 0 0 0 0 0 0 0 0 0 0 0 0 0 0 0 0 0 0 0 0 0 0 0 0 0 0 0 0 0 0 0 0 0
I1024 01:11:16.737173 46946292425792 create_pretraining_data.py:161] segment_ids: 0 0 0 0 0 0 0 0 0 0 0 0 0 0 0 0 0 0 0 1 1 1 1 1 1 1 1 1 1 1 1 1 1 1 1 1 1 1 1 1 1 1 1 1 1 0 0 0 0 0 0 0 0 0 0 0 0 0 0 0 0 0 0 0 0 0 0 0 0 0 0 0 0 0 0 0 0 0 0 0 0 0 0 0 0 0 0 0 0 0 0 0 0 0 0 0 0 0 0 0 0 0 0 0 0 0 0 0 0 0 0 0 0 0 0 0 0 0 0 0 0 0 0 0 0 0 0 0
INFO:tensorflow:masked_lm_positions: 1 2 20 21 22 26 43 0 0 0 0 0 0 0 0 0 0 0 0 0
I1024 01:11:16.737280 46946292425792 create_pretraining_data.py:161] masked_lm_positions: 1 2 20 21 22 26 43 0 0 0 0 0 0 0 0 0 0 0 0 0
INFO:tensorflow:masked_lm_ids: 14490 1102 5019 5304 1045 3811 18 0 0 0 0 0 0 0 0 0 0 0 0 0
I1024 01:11:16.737384 46946292425792 create_pretraining_data.py:161] masked_lm_ids: 14490 1102 5019 5304 1045 3811 18 0 0 0 0 0 0 0 0 0 0 0 0 0
INFO:tensorflow:masked_lm_weights: 1.0 1.0 1.0 1.0 1.0 1.0 1.0 0.0 0.0 0.0 0.0 0.0 0.0 0.0 0.0 0.0 0.0 0.0 0.0 0.0
I1024 01:11:16.737506 46946292425792 create_pretraining_data.py:161] masked_lm_weights: 1.0 1.0 1.0 1.0 1.0 1.0 1.0 0.0 0.0 0.0 0.0 0.0 0.0 0.0 0.0 0.0 0.0 0.0 0.0 0.0
INFO:tensorflow:next_sentence_labels: 1
I1024 01:11:16.737605 46946292425792 create_pretraining_data.py:161] next_sentence_labels: 1
INFO:tensorflow:*** Example ***
I1024 01:11:16.738201 46946292425792 create_pretraining_data.py:149] *** Example ***
INFO:tensorflow:tokens: [CLS] واق ##ال أردوغان مئات [MASK] رجال الشرطة أو نقله ##م إلى مواقع أخرى اليون جهاز الأمن [MASK] قيود ##ا على [MASK] ردا على تحقيق في قضايا فساد رج [MASK] العدالة والتنمية ذو [MASK] الإسلامية والذي يت ##ولي السلطة منذ أكثر من عشر [MASK] . [SEP] وأوضح الخبراء أن « الأقليات الأخرى مثل الأر ##من والمسي ##حيين والدر ##وز والف ##لسطينيين والأ ##كر ##اد والترك ##مان ، أق ##حم ##وا في سيرفر » ، مشد [MASK] على أن « للمواضيع الانقسام ##ات [MASK] وضوح ##ا هي بين [MASK] [MASK] العلوي ##ة والس ##نية » . [SEP]
I1024 01:11:16.738354 46946292425792 create_pretraining_data.py:151] tokens: [CLS] واق ##ال أردوغان مئات [MASK] رجال الشرطة أو نقله ##م إلى مواقع أخرى اليون جهاز الأمن [MASK] قيود ##ا على [MASK] ردا على تحقيق في قضايا فساد رج [MASK] العدالة والتنمية ذو [MASK] الإسلامية والذي يت ##ولي السلطة منذ أكثر من عشر [MASK] . [SEP] وأوضح الخبراء أن « الأقليات الأخرى مثل الأر ##من والمسي ##حيين والدر ##وز والف ##لسطينيين والأ ##كر ##اد والترك ##مان ، أق ##حم ##وا في سيرفر » ، مشد [MASK] على أن « للمواضيع الانقسام ##ات [MASK] وضوح ##ا هي بين [MASK] [MASK] العلوي ##ة والس ##نية » . [SEP]
INFO:tensorflow:input_ids: 2 5888 1901 15176 10244 4 4077 5044 2075 15058 1015 2045 3989 3286 6971 5480 3679 4 23005 1007 1961 4 9739 1961 4352 1912 6327 12039 2775 4 10214 11319 7731 4 3871 4262 2097 2231 5422 2837 2976 1908 3304 4 18 3 6945 12472 1979 107 28868 4700 2546 10201 1986 26240 17013 20214 2183 3227 21315 2491 2014 1950 21495 2480 378 3436 1998 1928 1912 12861 114 378 12814 4 1961 1979 107 25692 23651 1904 4 17014 1007 2247 2117 4 4 17034 1043 2604 2330 114 18 3 0 0 0 0 0 0 0 0 0 0 0 0 0 0 0 0 0 0 0 0 0 0 0 0 0 0 0 0 0 0 0 0
I1024 01:11:16.738518 46946292425792 create_pretraining_data.py:161] input_ids: 2 5888 1901 15176 10244 4 4077 5044 2075 15058 1015 2045 3989 3286 6971 5480 3679 4 23005 1007 1961 4 9739 1961 4352 1912 6327 12039 2775 4 10214 11319 7731 4 3871 4262 2097 2231 5422 2837 2976 1908 3304 4 18 3 6945 12472 1979 107 28868 4700 2546 10201 1986 26240 17013 20214 2183 3227 21315 2491 2014 1950 21495 2480 378 3436 1998 1928 1912 12861 114 378 12814 4 1961 1979 107 25692 23651 1904 4 17014 1007 2247 2117 4 4 17034 1043 2604 2330 114 18 3 0 0 0 0 0 0 0 0 0 0 0 0 0 0 0 0 0 0 0 0 0 0 0 0 0 0 0 0 0 0 0 0
INFO:tensorflow:input_mask: 1 1 1 1 1 1 1 1 1 1 1 1 1 1 1 1 1 1 1 1 1 1 1 1 1 1 1 1 1 1 1 1 1 1 1 1 1 1 1 1 1 1 1 1 1 1 1 1 1 1 1 1 1 1 1 1 1 1 1 1 1 1 1 1 1 1 1 1 1 1 1 1 1 1 1 1 1 1 1 1 1 1 1 1 1 1 1 1 1 1 1 1 1 1 1 1 0 0 0 0 0 0 0 0 0 0 0 0 0 0 0 0 0 0 0 0 0 0 0 0 0 0 0 0 0 0 0 0
I1024 01:11:16.738664 46946292425792 create_pretraining_data.py:161] input_mask: 1 1 1 1 1 1 1 1 1 1 1 1 1 1 1 1 1 1 1 1 1 1 1 1 1 1 1 1 1 1 1 1 1 1 1 1 1 1 1 1 1 1 1 1 1 1 1 1 1 1 1 1 1 1 1 1 1 1 1 1 1 1 1 1 1 1 1 1 1 1 1 1 1 1 1 1 1 1 1 1 1 1 1 1 1 1 1 1 1 1 1 1 1 1 1 1 0 0 0 0 0 0 0 0 0 0 0 0 0 0 0 0 0 0 0 0 0 0 0 0 0 0 0 0 0 0 0 0
INFO:tensorflow:segment_ids: 0 0 0 0 0 0 0 0 0 0 0 0 0 0 0 0 0 0 0 0 0 0 0 0 0 0 0 0 0 0 0 0 0 0 0 0 0 0 0 0 0 0 0 0 0 0 1 1 1 1 1 1 1 1 1 1 1 1 1 1 1 1 1 1 1 1 1 1 1 1 1 1 1 1 1 1 1 1 1 1 1 1 1 1 1 1 1 1 1 1 1 1 1 1 1 1 0 0 0 0 0 0 0 0 0 0 0 0 0 0 0 0 0 0 0 0 0 0 0 0 0 0 0 0 0 0 0 0
I1024 01:11:16.738818 46946292425792 create_pretraining_data.py:161] segment_ids: 0 0 0 0 0 0 0 0 0 0 0 0 0 0 0 0 0 0 0 0 0 0 0 0 0 0 0 0 0 0 0 0 0 0 0 0 0 0 0 0 0 0 0 0 0 0 1 1 1 1 1 1 1 1 1 1 1 1 1 1 1 1 1 1 1 1 1 1 1 1 1 1 1 1 1 1 1 1 1 1 1 1 1 1 1 1 1 1 1 1 1 1 1 1 1 1 0 0 0 0 0 0 0 0 0 0 0 0 0 0 0 0 0 0 0 0 0 0 0 0 0 0 0 0 0 0 0 0
INFO:tensorflow:masked_lm_positions: 5 14 17 21 29 33 43 71 74 75 79 82 87 88 0 0 0 0 0 0
I1024 01:11:16.738938 46946292425792 create_pretraining_data.py:161] masked_lm_positions: 5 14 17 21 29 33 43 71 74 75 79 82 87 88 0 0 0 0 0 0
INFO:tensorflow:masked_lm_ids: 1908 1912 24378 13226 27767 22294 3752 15246 12814 2292 2976 16744 6783 3232 0 0 0 0 0 0
I1024 01:11:16.739043 46946292425792 create_pretraining_data.py:161] masked_lm_ids: 1908 1912 24378 13226 27767 22294 3752 15246 12814 2292 2976 16744 6783 3232 0 0 0 0 0 0
INFO:tensorflow:masked_lm_weights: 1.0 1.0 1.0 1.0 1.0 1.0 1.0 1.0 1.0 1.0 1.0 1.0 1.0 1.0 0.0 0.0 0.0 0.0 0.0 0.0
I1024 01:11:16.739150 46946292425792 create_pretraining_data.py:161] masked_lm_weights: 1.0 1.0 1.0 1.0 1.0 1.0 1.0 1.0 1.0 1.0 1.0 1.0 1.0 1.0 0.0 0.0 0.0 0.0 0.0 0.0
INFO:tensorflow:next_sentence_labels: 1
I1024 01:11:16.739254 46946292425792 create_pretraining_data.py:161] next_sentence_labels: 1
INFO:tensorflow:*** Example ***
I1024 01:11:16.739838 46946292425792 create_pretraining_data.py:149] *** Example ***
INFO:tensorflow:tokens: [CLS] واكد حرص الوزارة على دعوة [MASK] الشبان [MASK] العمل بالمنا ##طق الداخلية في نطاق أداة سيدنا الخدمة الوطنية [MASK] [SEP] هناك عناوين عديدة يت ##طار ##حها السوري ##ون يوميا في لقاءات ##هم كات في مظاهرات ##هم ، [MASK] صر ##خات ##هم . [SEP]
I1024 01:11:16.739979 46946292425792 create_pretraining_data.py:151] tokens: [CLS] واكد حرص الوزارة على دعوة [MASK] الشبان [MASK] العمل بالمنا ##طق الداخلية في نطاق أداة سيدنا الخدمة الوطنية [MASK] [SEP] هناك عناوين عديدة يت ##طار ##حها السوري ##ون يوميا في لقاءات ##هم كات في مظاهرات ##هم ، [MASK] صر ##خات ##هم . [SEP]
INFO:tensorflow:input_ids: 2 10059 12256 6564 1961 8470 4 24656 4 2854 21012 3249 4748 1912 10410 18482 7087 5933 3857 4 3 2671 18893 9353 2097 3148 9559 3766 1922 6252 1912 16164 1949 10265 1912 26079 1949 378 4 9440 16046 1949 18 3 0 0 0 0 0 0 0 0 0 0 0 0 0 0 0 0 0 0 0 0 0 0 0 0 0 0 0 0 0 0 0 0 0 0 0 0 0 0 0 0 0 0 0 0 0 0 0 0 0 0 0 0 0 0 0 0 0 0 0 0 0 0 0 0 0 0 0 0 0 0 0 0 0 0 0 0 0 0 0 0 0 0 0 0
I1024 01:11:16.740136 46946292425792 create_pretraining_data.py:161] input_ids: 2 10059 12256 6564 1961 8470 4 24656 4 2854 21012 3249 4748 1912 10410 18482 7087 5933 3857 4 3 2671 18893 9353 2097 3148 9559 3766 1922 6252 1912 16164 1949 10265 1912 26079 1949 378 4 9440 16046 1949 18 3 0 0 0 0 0 0 0 0 0 0 0 0 0 0 0 0 0 0 0 0 0 0 0 0 0 0 0 0 0 0 0 0 0 0 0 0 0 0 0 0 0 0 0 0 0 0 0 0 0 0 0 0 0 0 0 0 0 0 0 0 0 0 0 0 0 0 0 0 0 0 0 0 0 0 0 0 0 0 0 0 0 0 0 0
INFO:tensorflow:input_mask: 1 1 1 1 1 1 1 1 1 1 1 1 1 1 1 1 1 1 1 1 1 1 1 1 1 1 1 1 1 1 1 1 1 1 1 1 1 1 1 1 1 1 1 1 0 0 0 0 0 0 0 0 0 0 0 0 0 0 0 0 0 0 0 0 0 0 0 0 0 0 0 0 0 0 0 0 0 0 0 0 0 0 0 0 0 0 0 0 0 0 0 0 0 0 0 0 0 0 0 0 0 0 0 0 0 0 0 0 0 0 0 0 0 0 0 0 0 0 0 0 0 0 0 0 0 0 0 0
I1024 01:11:16.740282 46946292425792 create_pretraining_data.py:161] input_mask: 1 1 1 1 1 1 1 1 1 1 1 1 1 1 1 1 1 1 1 1 1 1 1 1 1 1 1 1 1 1 1 1 1 1 1 1 1 1 1 1 1 1 1 1 0 0 0 0 0 0 0 0 0 0 0 0 0 0 0 0 0 0 0 0 0 0 0 0 0 0 0 0 0 0 0 0 0 0 0 0 0 0 0 0 0 0 0 0 0 0 0 0 0 0 0 0 0 0 0 0 0 0 0 0 0 0 0 0 0 0 0 0 0 0 0 0 0 0 0 0 0 0 0 0 0 0 0 0
INFO:tensorflow:segment_ids: 0 0 0 0 0 0 0 0 0 0 0 0 0 0 0 0 0 0 0 0 0 1 1 1 1 1 1 1 1 1 1 1 1 1 1 1 1 1 1 1 1 1 1 1 0 0 0 0 0 0 0 0 0 0 0 0 0 0 0 0 0 0 0 0 0 0 0 0 0 0 0 0 0 0 0 0 0 0 0 0 0 0 0 0 0 0 0 0 0 0 0 0 0 0 0 0 0 0 0 0 0 0 0 0 0 0 0 0 0 0 0 0 0 0 0 0 0 0 0 0 0 0 0 0 0 0 0 0
I1024 01:11:16.740424 46946292425792 create_pretraining_data.py:161] segment_ids: 0 0 0 0 0 0 0 0 0 0 0 0 0 0 0 0 0 0 0 0 0 1 1 1 1 1 1 1 1 1 1 1 1 1 1 1 1 1 1 1 1 1 1 1 0 0 0 0 0 0 0 0 0 0 0 0 0 0 0 0 0 0 0 0 0 0 0 0 0 0 0 0 0 0 0 0 0 0 0 0 0 0 0 0 0 0 0 0 0 0 0 0 0 0 0 0 0 0 0 0 0 0 0 0 0 0 0 0 0 0 0 0 0 0 0 0 0 0 0 0 0 0 0 0 0 0 0 0
INFO:tensorflow:masked_lm_positions: 3 6 8 16 19 33 38 0 0 0 0 0 0 0 0 0 0 0 0 0
I1024 01:11:16.740549 46946292425792 create_pretraining_data.py:161] masked_lm_positions: 3 6 8 16 19 33 38 0 0 0 0 0 0 0 0 0 0 0 0 0
INFO:tensorflow:masked_lm_ids: 6564 17716 2186 9187 18 378 1912 0 0 0 0 0 0 0 0 0 0 0 0 0
I1024 01:11:16.740655 46946292425792 create_pretraining_data.py:161] masked_lm_ids: 6564 17716 2186 9187 18 378 1912 0 0 0 0 0 0 0 0 0 0 0 0 0
INFO:tensorflow:masked_lm_weights: 1.0 1.0 1.0 1.0 1.0 1.0 1.0 0.0 0.0 0.0 0.0 0.0 0.0 0.0 0.0 0.0 0.0 0.0 0.0 0.0
I1024 01:11:16.740761 46946292425792 create_pretraining_data.py:161] masked_lm_weights: 1.0 1.0 1.0 1.0 1.0 1.0 1.0 0.0 0.0 0.0 0.0 0.0 0.0 0.0 0.0 0.0 0.0 0.0 0.0 0.0
INFO:tensorflow:next_sentence_labels: 1
I1024 01:11:16.740863 46946292425792 create_pretraining_data.py:161] next_sentence_labels: 1
INFO:tensorflow:*** Example ***
I1024 01:11:16.741446 46946292425792 create_pretraining_data.py:149] *** Example ***
INFO:tensorflow:tokens: [CLS] هذه المرة المكتب الجامعي [MASK] الذي اختار هذه [MASK] جلب طاقم تحكيم [MASK] لمباراة الجولة السادسة بين [MASK] الساحل ##ي [MASK] [MASK] هذا الأحد . [SEP] نش ##هد حاليا عملية تجي ##يش مذهب ##ي من قبل بعض الان ##ظمة العربية ضد [MASK] نرى اره ##اص ##اتها في لبنان [MASK] ، لان امريكا تعاد ##يها ، [MASK] تست ##شعر الخطر منها ، ولكن ماذا لو عقدت امريكا واسرائيل ' [MASK] ما ' مع كيف سيكون حال هؤلاء ؟ [SEP]
I1024 01:11:16.741590 46946292425792 create_pretraining_data.py:151] tokens: [CLS] هذه المرة المكتب الجامعي [MASK] الذي اختار هذه [MASK] جلب طاقم تحكيم [MASK] لمباراة الجولة السادسة بين [MASK] الساحل ##ي [MASK] [MASK] هذا الأحد . [SEP] نش ##هد حاليا عملية تجي ##يش مذهب ##ي من قبل بعض الان ##ظمة العربية ضد [MASK] نرى اره ##اص ##اتها في لبنان [MASK] ، لان امريكا تعاد ##يها ، [MASK] تست ##شعر الخطر منها ، ولكن ماذا لو عقدت امريكا واسرائيل ' [MASK] ما ' مع كيف سيكون حال هؤلاء ؟ [SEP]
INFO:tensorflow:input_ids: 2 2159 9423 7608 11580 4 2130 10613 2159 4 7229 17333 22443 4 29013 8947 10765 2117 4 12898 1013 4 4 2085 5557 18 3 3382 2146 4371 2532 10186 2336 14015 1013 1908 2289 2346 2311 3369 2488 3051 4 12956 29852 2050 3793 1912 3037 4 378 2551 7776 24950 18151 378 4 2558 11635 12920 2813 378 2637 4682 2244 14921 7776 26984 11 4 1972 11 1973 2746 4557 2767 4669 380 3 0 0 0 0 0 0 0 0 0 0 0 0 0 0 0 0 0 0 0 0 0 0 0 0 0 0 0 0 0 0 0 0 0 0 0 0 0 0 0 0 0 0 0 0 0 0 0 0 0
I1024 01:11:16.741751 46946292425792 create_pretraining_data.py:161] input_ids: 2 2159 9423 7608 11580 4 2130 10613 2159 4 7229 17333 22443 4 29013 8947 10765 2117 4 12898 1013 4 4 2085 5557 18 3 3382 2146 4371 2532 10186 2336 14015 1013 1908 2289 2346 2311 3369 2488 3051 4 12956 29852 2050 3793 1912 3037 4 378 2551 7776 24950 18151 378 4 2558 11635 12920 2813 378 2637 4682 2244 14921 7776 26984 11 4 1972 11 1973 2746 4557 2767 4669 380 3 0 0 0 0 0 0 0 0 0 0 0 0 0 0 0 0 0 0 0 0 0 0 0 0 0 0 0 0 0 0 0 0 0 0 0 0 0 0 0 0 0 0 0 0 0 0 0 0 0
INFO:tensorflow:input_mask: 1 1 1 1 1 1 1 1 1 1 1 1 1 1 1 1 1 1 1 1 1 1 1 1 1 1 1 1 1 1 1 1 1 1 1 1 1 1 1 1 1 1 1 1 1 1 1 1 1 1 1 1 1 1 1 1 1 1 1 1 1 1 1 1 1 1 1 1 1 1 1 1 1 1 1 1 1 1 1 0 0 0 0 0 0 0 0 0 0 0 0 0 0 0 0 0 0 0 0 0 0 0 0 0 0 0 0 0 0 0 0 0 0 0 0 0 0 0 0 0 0 0 0 0 0 0 0 0
I1024 01:11:16.741901 46946292425792 create_pretraining_data.py:161] input_mask: 1 1 1 1 1 1 1 1 1 1 1 1 1 1 1 1 1 1 1 1 1 1 1 1 1 1 1 1 1 1 1 1 1 1 1 1 1 1 1 1 1 1 1 1 1 1 1 1 1 1 1 1 1 1 1 1 1 1 1 1 1 1 1 1 1 1 1 1 1 1 1 1 1 1 1 1 1 1 1 0 0 0 0 0 0 0 0 0 0 0 0 0 0 0 0 0 0 0 0 0 0 0 0 0 0 0 0 0 0 0 0 0 0 0 0 0 0 0 0 0 0 0 0 0 0 0 0 0
INFO:tensorflow:segment_ids: 0 0 0 0 0 0 0 0 0 0 0 0 0 0 0 0 0 0 0 0 0 0 0 0 0 0 0 1 1 1 1 1 1 1 1 1 1 1 1 1 1 1 1 1 1 1 1 1 1 1 1 1 1 1 1 1 1 1 1 1 1 1 1 1 1 1 1 1 1 1 1 1 1 1 1 1 1 1 1 0 0 0 0 0 0 0 0 0 0 0 0 0 0 0 0 0 0 0 0 0 0 0 0 0 0 0 0 0 0 0 0 0 0 0 0 0 0 0 0 0 0 0 0 0 0 0 0 0
I1024 01:11:16.742057 46946292425792 create_pretraining_data.py:161] segment_ids: 0 0 0 0 0 0 0 0 0 0 0 0 0 0 0 0 0 0 0 0 0 0 0 0 0 0 0 1 1 1 1 1 1 1 1 1 1 1 1 1 1 1 1 1 1 1 1 1 1 1 1 1 1 1 1 1 1 1 1 1 1 1 1 1 1 1 1 1 1 1 1 1 1 1 1 1 1 1 1 0 0 0 0 0 0 0 0 0 0 0 0 0 0 0 0 0 0 0 0 0 0 0 0 0 0 0 0 0 0 0 0 0 0 0 0 0 0 0 0 0 0 0 0 0 0 0 0 0
INFO:tensorflow:masked_lm_positions: 5 9 13 18 21 22 42 49 56 69 71 75 0 0 0 0 0 0 0 0
I1024 01:11:16.742166 46946292425792 create_pretraining_data.py:161] masked_lm_positions: 5 9 13 18 21 22 42 49 56 69 71 75 0 0 0 0 0 0 0 0
INFO:tensorflow:masked_lm_ids: 2139 9423 29806 9022 20263 2643 378 18588 26984 12926 11 2767 0 0 0 0 0 0 0 0
I1024 01:11:16.742271 46946292425792 create_pretraining_data.py:161] masked_lm_ids: 2139 9423 29806 9022 20263 2643 378 18588 26984 12926 11 2767 0 0 0 0 0 0 0 0
INFO:tensorflow:masked_lm_weights: 1.0 1.0 1.0 1.0 1.0 1.0 1.0 1.0 1.0 1.0 1.0 1.0 0.0 0.0 0.0 0.0 0.0 0.0 0.0 0.0
I1024 01:11:16.742378 46946292425792 create_pretraining_data.py:161] masked_lm_weights: 1.0 1.0 1.0 1.0 1.0 1.0 1.0 1.0 1.0 1.0 1.0 1.0 0.0 0.0 0.0 0.0 0.0 0.0 0.0 0.0
INFO:tensorflow:next_sentence_labels: 1
I1024 01:11:16.742476 46946292425792 create_pretraining_data.py:161] next_sentence_labels: 1
INFO:tensorflow:*** Example ***
I1024 01:11:16.743061 46946292425792 create_pretraining_data.py:149] *** Example ***
INFO:tensorflow:tokens: [CLS] رايس [MASK] الرئيسي في تخص ##يب اليور ##انيوم هو الوصول إلى مستوى 3 . 5 في المائة وهو ما قامت به بالفعل وبعد ذلك يكون الارتقاء إلى مستوى نقاء 20 في المائة أو 80 ##يييي المائة سهلا [MASK] . [SEP] [MASK] ##لدية غائب ##ة وزارة الرياضة تصرف منحة استثنائية لمست ##قبل الرج [MASK] والن ##جم العلوي ##انت ##خاب [MASK] الور ##سي ##غني عضو ##ة [MASK] المحكمة الدستورية . [SEP]
I1024 01:11:16.743205 46946292425792 create_pretraining_data.py:151] tokens: [CLS] رايس [MASK] الرئيسي في تخص ##يب اليور ##انيوم هو الوصول إلى مستوى 3 . 5 في المائة وهو ما قامت به بالفعل وبعد ذلك يكون الارتقاء إلى مستوى نقاء 20 في المائة أو 80 ##يييي المائة سهلا [MASK] . [SEP] [MASK] ##لدية غائب ##ة وزارة الرياضة تصرف منحة استثنائية لمست ##قبل الرج [MASK] والن ##جم العلوي ##انت ##خاب [MASK] الور ##سي ##غني عضو ##ة [MASK] المحكمة الدستورية . [SEP]
INFO:tensorflow:input_ids: 2 28124 4 8058 1912 8572 2062 29012 25129 2139 5710 2045 4043 23 18 25 1912 9074 2400 1972 5859 2249 8633 3807 2271 2461 28517 2045 4043 26356 2056 1912 9074 2075 7209 12895 9074 13795 4 18 3 4 15848 24932 1043 3433 4612 8002 29351 24134 9544 2774 3498 4 3006 2629 17034 3937 8750 4 5518 1999 8729 4866 1043 4 6161 12064 18 3 0 0 0 0 0 0 0 0 0 0 0 0 0 0 0 0 0 0 0 0 0 0 0 0 0 0 0 0 0 0 0 0 0 0 0 0 0 0 0 0 0 0 0 0 0 0 0 0 0 0 0 0 0 0 0 0 0 0
I1024 01:11:16.743369 46946292425792 create_pretraining_data.py:161] input_ids: 2 28124 4 8058 1912 8572 2062 29012 25129 2139 5710 2045 4043 23 18 25 1912 9074 2400 1972 5859 2249 8633 3807 2271 2461 28517 2045 4043 26356 2056 1912 9074 2075 7209 12895 9074 13795 4 18 3 4 15848 24932 1043 3433 4612 8002 29351 24134 9544 2774 3498 4 3006 2629 17034 3937 8750 4 5518 1999 8729 4866 1043 4 6161 12064 18 3 0 0 0 0 0 0 0 0 0 0 0 0 0 0 0 0 0 0 0 0 0 0 0 0 0 0 0 0 0 0 0 0 0 0 0 0 0 0 0 0 0 0 0 0 0 0 0 0 0 0 0 0 0 0 0 0 0 0
INFO:tensorflow:input_mask: 1 1 1 1 1 1 1 1 1 1 1 1 1 1 1 1 1 1 1 1 1 1 1 1 1 1 1 1 1 1 1 1 1 1 1 1 1 1 1 1 1 1 1 1 1 1 1 1 1 1 1 1 1 1 1 1 1 1 1 1 1 1 1 1 1 1 1 1 1 1 0 0 0 0 0 0 0 0 0 0 0 0 0 0 0 0 0 0 0 0 0 0 0 0 0 0 0 0 0 0 0 0 0 0 0 0 0 0 0 0 0 0 0 0 0 0 0 0 0 0 0 0 0 0 0 0 0 0
I1024 01:11:16.743530 46946292425792 create_pretraining_data.py:161] input_mask: 1 1 1 1 1 1 1 1 1 1 1 1 1 1 1 1 1 1 1 1 1 1 1 1 1 1 1 1 1 1 1 1 1 1 1 1 1 1 1 1 1 1 1 1 1 1 1 1 1 1 1 1 1 1 1 1 1 1 1 1 1 1 1 1 1 1 1 1 1 1 0 0 0 0 0 0 0 0 0 0 0 0 0 0 0 0 0 0 0 0 0 0 0 0 0 0 0 0 0 0 0 0 0 0 0 0 0 0 0 0 0 0 0 0 0 0 0 0 0 0 0 0 0 0 0 0 0 0
INFO:tensorflow:segment_ids: 0 0 0 0 0 0 0 0 0 0 0 0 0 0 0 0 0 0 0 0 0 0 0 0 0 0 0 0 0 0 0 0 0 0 0 0 0 0 0 0 0 1 1 1 1 1 1 1 1 1 1 1 1 1 1 1 1 1 1 1 1 1 1 1 1 1 1 1 1 1 0 0 0 0 0 0 0 0 0 0 0 0 0 0 0 0 0 0 0 0 0 0 0 0 0 0 0 0 0 0 0 0 0 0 0 0 0 0 0 0 0 0 0 0 0 0 0 0 0 0 0 0 0 0 0 0 0 0
I1024 01:11:16.743673 46946292425792 create_pretraining_data.py:161] segment_ids: 0 0 0 0 0 0 0 0 0 0 0 0 0 0 0 0 0 0 0 0 0 0 0 0 0 0 0 0 0 0 0 0 0 0 0 0 0 0 0 0 0 1 1 1 1 1 1 1 1 1 1 1 1 1 1 1 1 1 1 1 1 1 1 1 1 1 1 1 1 1 0 0 0 0 0 0 0 0 0 0 0 0 0 0 0 0 0 0 0 0 0 0 0 0 0 0 0 0 0 0 0 0 0 0 0 0 0 0 0 0 0 0 0 0 0 0 0 0 0 0 0 0 0 0 0 0 0 0
INFO:tensorflow:masked_lm_positions: 1 2 35 38 41 42 52 53 59 65 0 0 0 0 0 0 0 0 0 0
I1024 01:11:16.743783 46946292425792 create_pretraining_data.py:161] masked_lm_positions: 1 2 35 38 41 42 52 53 59 65 0 0 0 0 0 0 0 0 0 0
INFO:tensorflow:masked_lm_ids: 5813 1930 1912 19783 3460 15848 3498 2336 16947 1912 0 0 0 0 0 0 0 0 0 0
I1024 01:11:16.743898 46946292425792 create_pretraining_data.py:161] masked_lm_ids: 5813 1930 1912 19783 3460 15848 3498 2336 16947 1912 0 0 0 0 0 0 0 0 0 0
INFO:tensorflow:masked_lm_weights: 1.0 1.0 1.0 1.0 1.0 1.0 1.0 1.0 1.0 1.0 0.0 0.0 0.0 0.0 0.0 0.0 0.0 0.0 0.0 0.0
I1024 01:11:16.744007 46946292425792 create_pretraining_data.py:161] masked_lm_weights: 1.0 1.0 1.0 1.0 1.0 1.0 1.0 1.0 1.0 1.0 0.0 0.0 0.0 0.0 0.0 0.0 0.0 0.0 0.0 0.0
INFO:tensorflow:next_sentence_labels: 1
I1024 01:11:16.744106 46946292425792 create_pretraining_data.py:161] next_sentence_labels: 1
INFO:tensorflow:*** Example ***
I1024 01:11:16.744685 46946292425792 create_pretraining_data.py:149] *** Example ***
INFO:tensorflow:tokens: [CLS] وأع ##طى [MASK] [MASK] [MASK] [MASK] اشارة الان ##طلاق لخ ##مس سيارات مو ##شح ##ة بش ##عار الحملة لتج ##وب شوارع وت ##وزع البرنامج [MASK] الرئاسي [MASK] [MASK] المقبلة 2009 - 2014 . [SEP] ، نشرت صحيفة ذي اند ##بن ##دن ##ت معلومات مشابهة تتحدث [MASK] العلاقات بين اقترب الاستخبارات الليبية والبر ##يط ##انية في الفترة نفسها . [SEP]
I1024 01:11:16.744825 46946292425792 create_pretraining_data.py:151] tokens: [CLS] وأع ##طى [MASK] [MASK] [MASK] [MASK] اشارة الان ##طلاق لخ ##مس سيارات مو ##شح ##ة بش ##عار الحملة لتج ##وب شوارع وت ##وزع البرنامج [MASK] الرئاسي [MASK] [MASK] المقبلة 2009 - 2014 . [SEP] ، نشرت صحيفة ذي اند ##بن ##دن ##ت معلومات مشابهة تتحدث [MASK] العلاقات بين اقترب الاستخبارات الليبية والبر ##يط ##انية في الفترة نفسها . [SEP]
INFO:tensorflow:input_ids: 2 6453 6950 4 4 4 4 25360 2311 3878 4872 2632 5170 2481 23917 1043 2331 2685 10275 13615 2058 11454 2001 10102 4945 4 18694 4 4 6775 5743 17 4296 18 3 378 10936 5183 6470 7621 9285 12487 1005 4733 28951 10127 4 4490 2117 17448 14337 13501 6001 4161 2222 1912 5059 5338 18 3 0 0 0 0 0 0 0 0 0 0 0 0 0 0 0 0 0 0 0 0 0 0 0 0 0 0 0 0 0 0 0 0 0 0 0 0 0 0 0 0 0 0 0 0 0 0 0 0 0 0 0 0 0 0 0 0 0 0 0 0 0 0 0 0 0 0 0 0
I1024 01:11:16.744989 46946292425792 create_pretraining_data.py:161] input_ids: 2 6453 6950 4 4 4 4 25360 2311 3878 4872 2632 5170 2481 23917 1043 2331 2685 10275 13615 2058 11454 2001 10102 4945 4 18694 4 4 6775 5743 17 4296 18 3 378 10936 5183 6470 7621 9285 12487 1005 4733 28951 10127 4 4490 2117 17448 14337 13501 6001 4161 2222 1912 5059 5338 18 3 0 0 0 0 0 0 0 0 0 0 0 0 0 0 0 0 0 0 0 0 0 0 0 0 0 0 0 0 0 0 0 0 0 0 0 0 0 0 0 0 0 0 0 0 0 0 0 0 0 0 0 0 0 0 0 0 0 0 0 0 0 0 0 0 0 0 0 0
INFO:tensorflow:input_mask: 1 1 1 1 1 1 1 1 1 1 1 1 1 1 1 1 1 1 1 1 1 1 1 1 1 1 1 1 1 1 1 1 1 1 1 1 1 1 1 1 1 1 1 1 1 1 1 1 1 1 1 1 1 1 1 1 1 1 1 1 0 0 0 0 0 0 0 0 0 0 0 0 0 0 0 0 0 0 0 0 0 0 0 0 0 0 0 0 0 0 0 0 0 0 0 0 0 0 0 0 0 0 0 0 0 0 0 0 0 0 0 0 0 0 0 0 0 0 0 0 0 0 0 0 0 0 0 0
I1024 01:11:16.745149 46946292425792 create_pretraining_data.py:161] input_mask: 1 1 1 1 1 1 1 1 1 1 1 1 1 1 1 1 1 1 1 1 1 1 1 1 1 1 1 1 1 1 1 1 1 1 1 1 1 1 1 1 1 1 1 1 1 1 1 1 1 1 1 1 1 1 1 1 1 1 1 1 0 0 0 0 0 0 0 0 0 0 0 0 0 0 0 0 0 0 0 0 0 0 0 0 0 0 0 0 0 0 0 0 0 0 0 0 0 0 0 0 0 0 0 0 0 0 0 0 0 0 0 0 0 0 0 0 0 0 0 0 0 0 0 0 0 0 0 0
INFO:tensorflow:segment_ids: 0 0 0 0 0 0 0 0 0 0 0 0 0 0 0 0 0 0 0 0 0 0 0 0 0 0 0 0 0 0 0 0 0 0 0 1 1 1 1 1 1 1 1 1 1 1 1 1 1 1 1 1 1 1 1 1 1 1 1 1 0 0 0 0 0 0 0 0 0 0 0 0 0 0 0 0 0 0 0 0 0 0 0 0 0 0 0 0 0 0 0 0 0 0 0 0 0 0 0 0 0 0 0 0 0 0 0 0 0 0 0 0 0 0 0 0 0 0 0 0 0 0 0 0 0 0 0 0
I1024 01:11:16.745289 46946292425792 create_pretraining_data.py:161] segment_ids: 0 0 0 0 0 0 0 0 0 0 0 0 0 0 0 0 0 0 0 0 0 0 0 0 0 0 0 0 0 0 0 0 0 0 0 1 1 1 1 1 1 1 1 1 1 1 1 1 1 1 1 1 1 1 1 1 1 1 1 1 0 0 0 0 0 0 0 0 0 0 0 0 0 0 0 0 0 0 0 0 0 0 0 0 0 0 0 0 0 0 0 0 0 0 0 0 0 0 0 0 0 0 0 0 0 0 0 0 0 0 0 0 0 0 0 0 0 0 0 0 0 0 0 0 0 0 0 0
INFO:tensorflow:masked_lm_positions: 3 4 5 6 25 27 28 46 49 0 0 0 0 0 0 0 0 0 0 0
I1024 01:11:16.745397 46946292425792 create_pretraining_data.py:161] masked_lm_positions: 3 4 5 6 25 27 28 46 49 0 0 0 0 0 0 0 0 0 0 0
INFO:tensorflow:masked_lm_ids: 5581 21012 2660 5338 20772 19657 2037 1955 4410 0 0 0 0 0 0 0 0 0 0 0
I1024 01:11:16.745501 46946292425792 create_pretraining_data.py:161] masked_lm_ids: 5581 21012 2660 5338 20772 19657 2037 1955 4410 0 0 0 0 0 0 0 0 0 0 0
INFO:tensorflow:masked_lm_weights: 1.0 1.0 1.0 1.0 1.0 1.0 1.0 1.0 1.0 0.0 0.0 0.0 0.0 0.0 0.0 0.0 0.0 0.0 0.0 0.0
I1024 01:11:16.745606 46946292425792 create_pretraining_data.py:161] masked_lm_weights: 1.0 1.0 1.0 1.0 1.0 1.0 1.0 1.0 1.0 0.0 0.0 0.0 0.0 0.0 0.0 0.0 0.0 0.0 0.0 0.0
INFO:tensorflow:next_sentence_labels: 1
I1024 01:11:16.745703 46946292425792 create_pretraining_data.py:161] next_sentence_labels: 1
INFO:tensorflow:*** Example ***
I1024 01:11:16.746285 46946292425792 create_pretraining_data.py:149] *** Example ***
INFO:tensorflow:tokens: [CLS] واست ##بعد [MASK] العثور على ناجي ##ن من [MASK] الكار ##ثة بعد أن [MASK] ##ؤوا عملية انت ##شال جثث الضحايا . [SEP] والذ ##واد ##ي للبيع [MASK] قرار قاضي [MASK] برفع قرار حجب الأع ##داد . [SEP]
I1024 01:11:16.746418 46946292425792 create_pretraining_data.py:151] tokens: [CLS] واست ##بعد [MASK] العثور على ناجي ##ن من [MASK] الكار ##ثة بعد أن [MASK] ##ؤوا عملية انت ##شال جثث الضحايا . [SEP] والذ ##واد ##ي للبيع [MASK] قرار قاضي [MASK] برفع قرار حجب الأع ##داد . [SEP]
INFO:tensorflow:input_ids: 2 2983 9822 4 9533 1961 22637 1006 1908 4 13878 4759 2089 1979 4 22499 2532 2164 14074 23124 15789 18 3 5887 3442 1013 4443 4 4298 16716 4 16027 4298 24492 4429 2892 18 3 0 0 0 0 0 0 0 0 0 0 0 0 0 0 0 0 0 0 0 0 0 0 0 0 0 0 0 0 0 0 0 0 0 0 0 0 0 0 0 0 0 0 0 0 0 0 0 0 0 0 0 0 0 0 0 0 0 0 0 0 0 0 0 0 0 0 0 0 0 0 0 0 0 0 0 0 0 0 0 0 0 0 0 0 0 0 0 0 0 0
I1024 01:11:16.746572 46946292425792 create_pretraining_data.py:161] input_ids: 2 2983 9822 4 9533 1961 22637 1006 1908 4 13878 4759 2089 1979 4 22499 2532 2164 14074 23124 15789 18 3 5887 3442 1013 4443 4 4298 16716 4 16027 4298 24492 4429 2892 18 3 0 0 0 0 0 0 0 0 0 0 0 0 0 0 0 0 0 0 0 0 0 0 0 0 0 0 0 0 0 0 0 0 0 0 0 0 0 0 0 0 0 0 0 0 0 0 0 0 0 0 0 0 0 0 0 0 0 0 0 0 0 0 0 0 0 0 0 0 0 0 0 0 0 0 0 0 0 0 0 0 0 0 0 0 0 0 0 0 0 0
INFO:tensorflow:input_mask: 1 1 1 1 1 1 1 1 1 1 1 1 1 1 1 1 1 1 1 1 1 1 1 1 1 1 1 1 1 1 1 1 1 1 1 1 1 1 0 0 0 0 0 0 0 0 0 0 0 0 0 0 0 0 0 0 0 0 0 0 0 0 0 0 0 0 0 0 0 0 0 0 0 0 0 0 0 0 0 0 0 0 0 0 0 0 0 0 0 0 0 0 0 0 0 0 0 0 0 0 0 0 0 0 0 0 0 0 0 0 0 0 0 0 0 0 0 0 0 0 0 0 0 0 0 0 0 0
I1024 01:11:16.746732 46946292425792 create_pretraining_data.py:161] input_mask: 1 1 1 1 1 1 1 1 1 1 1 1 1 1 1 1 1 1 1 1 1 1 1 1 1 1 1 1 1 1 1 1 1 1 1 1 1 1 0 0 0 0 0 0 0 0 0 0 0 0 0 0 0 0 0 0 0 0 0 0 0 0 0 0 0 0 0 0 0 0 0 0 0 0 0 0 0 0 0 0 0 0 0 0 0 0 0 0 0 0 0 0 0 0 0 0 0 0 0 0 0 0 0 0 0 0 0 0 0 0 0 0 0 0 0 0 0 0 0 0 0 0 0 0 0 0 0 0
INFO:tensorflow:segment_ids: 0 0 0 0 0 0 0 0 0 0 0 0 0 0 0 0 0 0 0 0 0 0 0 1 1 1 1 1 1 1 1 1 1 1 1 1 1 1 0 0 0 0 0 0 0 0 0 0 0 0 0 0 0 0 0 0 0 0 0 0 0 0 0 0 0 0 0 0 0 0 0 0 0 0 0 0 0 0 0 0 0 0 0 0 0 0 0 0 0 0 0 0 0 0 0 0 0 0 0 0 0 0 0 0 0 0 0 0 0 0 0 0 0 0 0 0 0 0 0 0 0 0 0 0 0 0 0 0
I1024 01:11:16.746884 46946292425792 create_pretraining_data.py:161] segment_ids: 0 0 0 0 0 0 0 0 0 0 0 0 0 0 0 0 0 0 0 0 0 0 0 1 1 1 1 1 1 1 1 1 1 1 1 1 1 1 0 0 0 0 0 0 0 0 0 0 0 0 0 0 0 0 0 0 0 0 0 0 0 0 0 0 0 0 0 0 0 0 0 0 0 0 0 0 0 0 0 0 0 0 0 0 0 0 0 0 0 0 0 0 0 0 0 0 0 0 0 0 0 0 0 0 0 0 0 0 0 0 0 0 0 0 0 0 0 0 0 0 0 0 0 0 0 0 0 0
INFO:tensorflow:masked_lm_positions: 3 9 14 15 27 30 0 0 0 0 0 0 0 0 0 0 0 0 0 0
I1024 01:11:16.746997 46946292425792 create_pretraining_data.py:161] masked_lm_positions: 3 9 14 15 27 30 0 0 0 0 0 0 0 0 0 0 0 0 0 0
INFO:tensorflow:masked_lm_ids: 12472 8569 2250 22499 2089 5772 0 0 0 0 0 0 0 0 0 0 0 0 0 0
I1024 01:11:16.747102 46946292425792 create_pretraining_data.py:161] masked_lm_ids: 12472 8569 2250 22499 2089 5772 0 0 0 0 0 0 0 0 0 0 0 0 0 0
INFO:tensorflow:masked_lm_weights: 1.0 1.0 1.0 1.0 1.0 1.0 0.0 0.0 0.0 0.0 0.0 0.0 0.0 0.0 0.0 0.0 0.0 0.0 0.0 0.0
I1024 01:11:16.747210 46946292425792 create_pretraining_data.py:161] masked_lm_weights: 1.0 1.0 1.0 1.0 1.0 1.0 0.0 0.0 0.0 0.0 0.0 0.0 0.0 0.0 0.0 0.0 0.0 0.0 0.0 0.0
INFO:tensorflow:next_sentence_labels: 1
I1024 01:11:16.747308 46946292425792 create_pretraining_data.py:161] next_sentence_labels: 1
INFO:tensorflow:*** Example ***
I1024 01:11:16.747886 46946292425792 create_pretraining_data.py:149] *** Example ***
INFO:tensorflow:tokens: [CLS] وأوضح مصدر ##نا ان « الزيادة هي في المشروبات الك ##حول ##ية [MASK] ( . [SEP] وأشار ، [MASK] سياق متصل [MASK] الى أن « نسبة [MASK] فاص ##ل 88 [MASK] من [MASK] [MASK] التي تم رفضه ##ا تعد نسبة عادية ومق ##بول ##ة [MASK] وأن شروط الترشح كانت صعبة [MASK] خلال مدة قصيرة » مبينا أن [MASK] أكثر من 700 قائمة قدمت في الساعات الاخيرة قبل غ ##لق باب الترشح » . [SEP]
I1024 01:11:16.748032 46946292425792 create_pretraining_data.py:151] tokens: [CLS] وأوضح مصدر ##نا ان « الزيادة هي في المشروبات الك ##حول ##ية [MASK] ( . [SEP] وأشار ، [MASK] سياق متصل [MASK] الى أن « نسبة [MASK] فاص ##ل 88 [MASK] من [MASK] [MASK] التي تم رفضه ##ا تعد نسبة عادية ومق ##بول ##ة [MASK] وأن شروط الترشح كانت صعبة [MASK] خلال مدة قصيرة » مبينا أن [MASK] أكثر من 700 قائمة قدمت في الساعات الاخيرة قبل غ ##لق باب الترشح » . [SEP]
INFO:tensorflow:input_ids: 2 6945 5019 1914 1939 107 15495 2247 1912 17914 1994 11512 1910 4 12 18 3 6659 378 4 13200 18572 4 2186 1979 107 5482 4 13068 1010 13033 4 1908 4 4 2061 2172 24810 1007 4613 5482 22192 16698 6139 1043 4 3310 6239 23935 2431 14527 4 2317 7757 11623 114 19113 1979 4 2976 1908 17236 5946 9082 1912 13091 9092 2289 406 1941 3153 23935 114 18 3 0 0 0 0 0 0 0 0 0 0 0 0 0 0 0 0 0 0 0 0 0 0 0 0 0 0 0 0 0 0 0 0 0 0 0 0 0 0 0 0 0 0 0 0 0 0 0 0 0 0 0 0 0
I1024 01:11:16.748195 46946292425792 create_pretraining_data.py:161] input_ids: 2 6945 5019 1914 1939 107 15495 2247 1912 17914 1994 11512 1910 4 12 18 3 6659 378 4 13200 18572 4 2186 1979 107 5482 4 13068 1010 13033 4 1908 4 4 2061 2172 24810 1007 4613 5482 22192 16698 6139 1043 4 3310 6239 23935 2431 14527 4 2317 7757 11623 114 19113 1979 4 2976 1908 17236 5946 9082 1912 13091 9092 2289 406 1941 3153 23935 114 18 3 0 0 0 0 0 0 0 0 0 0 0 0 0 0 0 0 0 0 0 0 0 0 0 0 0 0 0 0 0 0 0 0 0 0 0 0 0 0 0 0 0 0 0 0 0 0 0 0 0 0 0 0 0
INFO:tensorflow:input_mask: 1 1 1 1 1 1 1 1 1 1 1 1 1 1 1 1 1 1 1 1 1 1 1 1 1 1 1 1 1 1 1 1 1 1 1 1 1 1 1 1 1 1 1 1 1 1 1 1 1 1 1 1 1 1 1 1 1 1 1 1 1 1 1 1 1 1 1 1 1 1 1 1 1 1 1 0 0 0 0 0 0 0 0 0 0 0 0 0 0 0 0 0 0 0 0 0 0 0 0 0 0 0 0 0 0 0 0 0 0 0 0 0 0 0 0 0 0 0 0 0 0 0 0 0 0 0 0 0
I1024 01:11:16.748359 46946292425792 create_pretraining_data.py:161] input_mask: 1 1 1 1 1 1 1 1 1 1 1 1 1 1 1 1 1 1 1 1 1 1 1 1 1 1 1 1 1 1 1 1 1 1 1 1 1 1 1 1 1 1 1 1 1 1 1 1 1 1 1 1 1 1 1 1 1 1 1 1 1 1 1 1 1 1 1 1 1 1 1 1 1 1 1 0 0 0 0 0 0 0 0 0 0 0 0 0 0 0 0 0 0 0 0 0 0 0 0 0 0 0 0 0 0 0 0 0 0 0 0 0 0 0 0 0 0 0 0 0 0 0 0 0 0 0 0 0
INFO:tensorflow:segment_ids: 0 0 0 0 0 0 0 0 0 0 0 0 0 0 0 0 0 1 1 1 1 1 1 1 1 1 1 1 1 1 1 1 1 1 1 1 1 1 1 1 1 1 1 1 1 1 1 1 1 1 1 1 1 1 1 1 1 1 1 1 1 1 1 1 1 1 1 1 1 1 1 1 1 1 1 0 0 0 0 0 0 0 0 0 0 0 0 0 0 0 0 0 0 0 0 0 0 0 0 0 0 0 0 0 0 0 0 0 0 0 0 0 0 0 0 0 0 0 0 0 0 0 0 0 0 0 0 0
I1024 01:11:16.748504 46946292425792 create_pretraining_data.py:161] segment_ids: 0 0 0 0 0 0 0 0 0 0 0 0 0 0 0 0 0 1 1 1 1 1 1 1 1 1 1 1 1 1 1 1 1 1 1 1 1 1 1 1 1 1 1 1 1 1 1 1 1 1 1 1 1 1 1 1 1 1 1 1 1 1 1 1 1 1 1 1 1 1 1 1 1 1 1 0 0 0 0 0 0 0 0 0 0 0 0 0 0 0 0 0 0 0 0 0 0 0 0 0 0 0 0 0 0 0 0 0 0 0 0 0 0 0 0 0 0 0 0 0 0 0 0 0 0 0 0 0
INFO:tensorflow:masked_lm_positions: 13 19 22 24 27 31 33 34 45 51 58 0 0 0 0 0 0 0 0 0
I1024 01:11:16.748614 46946292425792 create_pretraining_data.py:161] masked_lm_positions: 13 19 22 24 27 31 33 34 45 51 58 0 0 0 0 0 0 0 0 0
INFO:tensorflow:masked_lm_ids: 2061 1912 378 1979 24 14785 10308 1904 8287 15633 107 0 0 0 0 0 0 0 0 0
I1024 01:11:16.748719 46946292425792 create_pretraining_data.py:161] masked_lm_ids: 2061 1912 378 1979 24 14785 10308 1904 8287 15633 107 0 0 0 0 0 0 0 0 0
INFO:tensorflow:masked_lm_weights: 1.0 1.0 1.0 1.0 1.0 1.0 1.0 1.0 1.0 1.0 1.0 0.0 0.0 0.0 0.0 0.0 0.0 0.0 0.0 0.0
I1024 01:11:16.748825 46946292425792 create_pretraining_data.py:161] masked_lm_weights: 1.0 1.0 1.0 1.0 1.0 1.0 1.0 1.0 1.0 1.0 1.0 0.0 0.0 0.0 0.0 0.0 0.0 0.0 0.0 0.0
INFO:tensorflow:next_sentence_labels: 1
I1024 01:11:16.748929 46946292425792 create_pretraining_data.py:161] next_sentence_labels: 1
INFO:tensorflow:*** Example ***
I1024 01:11:16.749501 46946292425792 create_pretraining_data.py:149] *** Example ***
INFO:tensorflow:tokens: [CLS] وبكل صراحة [MASK] كريست ##يان رائع [MASK] [MASK] ، وبالنسبة لي هو خسارة كبيرة . [SEP] والتي يبدو [MASK] قد انطلقت وعلى وض ##وك يا سي خليفة في مزيد تسمي ##م الأجواء [MASK] [SEP]
I1024 01:11:16.749636 46946292425792 create_pretraining_data.py:151] tokens: [CLS] وبكل صراحة [MASK] كريست ##يان رائع [MASK] [MASK] ، وبالنسبة لي هو خسارة كبيرة . [SEP] والتي يبدو [MASK] قد انطلقت وعلى وض ##وك يا سي خليفة في مزيد تسمي ##م الأجواء [MASK] [SEP]
INFO:tensorflow:input_ids: 2 15450 23212 4 8361 2542 7018 4 4 378 22473 2134 2139 16439 3930 18 3 3385 6428 4 2251 15685 3720 3632 2356 2104 2266 9568 1912 8309 16769 1015 16585 4 3 0 0 0 0 0 0 0 0 0 0 0 0 0 0 0 0 0 0 0 0 0 0 0 0 0 0 0 0 0 0 0 0 0 0 0 0 0 0 0 0 0 0 0 0 0 0 0 0 0 0 0 0 0 0 0 0 0 0 0 0 0 0 0 0 0 0 0 0 0 0 0 0 0 0 0 0 0 0 0 0 0 0 0 0 0 0 0 0 0 0 0 0 0
I1024 01:11:16.749794 46946292425792 create_pretraining_data.py:161] input_ids: 2 15450 23212 4 8361 2542 7018 4 4 378 22473 2134 2139 16439 3930 18 3 3385 6428 4 2251 15685 3720 3632 2356 2104 2266 9568 1912 8309 16769 1015 16585 4 3 0 0 0 0 0 0 0 0 0 0 0 0 0 0 0 0 0 0 0 0 0 0 0 0 0 0 0 0 0 0 0 0 0 0 0 0 0 0 0 0 0 0 0 0 0 0 0 0 0 0 0 0 0 0 0 0 0 0 0 0 0 0 0 0 0 0 0 0 0 0 0 0 0 0 0 0 0 0 0 0 0 0 0 0 0 0 0 0 0 0 0 0 0
INFO:tensorflow:input_mask: 1 1 1 1 1 1 1 1 1 1 1 1 1 1 1 1 1 1 1 1 1 1 1 1 1 1 1 1 1 1 1 1 1 1 1 0 0 0 0 0 0 0 0 0 0 0 0 0 0 0 0 0 0 0 0 0 0 0 0 0 0 0 0 0 0 0 0 0 0 0 0 0 0 0 0 0 0 0 0 0 0 0 0 0 0 0 0 0 0 0 0 0 0 0 0 0 0 0 0 0 0 0 0 0 0 0 0 0 0 0 0 0 0 0 0 0 0 0 0 0 0 0 0 0 0 0 0 0
I1024 01:11:16.749957 46946292425792 create_pretraining_data.py:161] input_mask: 1 1 1 1 1 1 1 1 1 1 1 1 1 1 1 1 1 1 1 1 1 1 1 1 1 1 1 1 1 1 1 1 1 1 1 0 0 0 0 0 0 0 0 0 0 0 0 0 0 0 0 0 0 0 0 0 0 0 0 0 0 0 0 0 0 0 0 0 0 0 0 0 0 0 0 0 0 0 0 0 0 0 0 0 0 0 0 0 0 0 0 0 0 0 0 0 0 0 0 0 0 0 0 0 0 0 0 0 0 0 0 0 0 0 0 0 0 0 0 0 0 0 0 0 0 0 0 0
INFO:tensorflow:segment_ids: 0 0 0 0 0 0 0 0 0 0 0 0 0 0 0 0 0 1 1 1 1 1 1 1 1 1 1 1 1 1 1 1 1 1 1 0 0 0 0 0 0 0 0 0 0 0 0 0 0 0 0 0 0 0 0 0 0 0 0 0 0 0 0 0 0 0 0 0 0 0 0 0 0 0 0 0 0 0 0 0 0 0 0 0 0 0 0 0 0 0 0 0 0 0 0 0 0 0 0 0 0 0 0 0 0 0 0 0 0 0 0 0 0 0 0 0 0 0 0 0 0 0 0 0 0 0 0 0
I1024 01:11:16.750100 46946292425792 create_pretraining_data.py:161] segment_ids: 0 0 0 0 0 0 0 0 0 0 0 0 0 0 0 0 0 1 1 1 1 1 1 1 1 1 1 1 1 1 1 1 1 1 1 0 0 0 0 0 0 0 0 0 0 0 0 0 0 0 0 0 0 0 0 0 0 0 0 0 0 0 0 0 0 0 0 0 0 0 0 0 0 0 0 0 0 0 0 0 0 0 0 0 0 0 0 0 0 0 0 0 0 0 0 0 0 0 0 0 0 0 0 0 0 0 0 0 0 0 0 0 0 0 0 0 0 0 0 0 0 0 0 0 0 0 0 0
INFO:tensorflow:masked_lm_positions: 3 7 8 19 33 0 0 0 0 0 0 0 0 0 0 0 0 0 0 0
I1024 01:11:16.750210 46946292425792 create_pretraining_data.py:161] masked_lm_positions: 3 7 8 19 33 0 0 0 0 0 0 0 0 0 0 0 0 0 0 0
INFO:tensorflow:masked_lm_ids: 378 28382 2275 3811 18 0 0 0 0 0 0 0 0 0 0 0 0 0 0 0
I1024 01:11:16.750313 46946292425792 create_pretraining_data.py:161] masked_lm_ids: 378 28382 2275 3811 18 0 0 0 0 0 0 0 0 0 0 0 0 0 0 0
INFO:tensorflow:masked_lm_weights: 1.0 1.0 1.0 1.0 1.0 0.0 0.0 0.0 0.0 0.0 0.0 0.0 0.0 0.0 0.0 0.0 0.0 0.0 0.0 0.0
I1024 01:11:16.750419 46946292425792 create_pretraining_data.py:161] masked_lm_weights: 1.0 1.0 1.0 1.0 1.0 0.0 0.0 0.0 0.0 0.0 0.0 0.0 0.0 0.0 0.0 0.0 0.0 0.0 0.0 0.0
INFO:tensorflow:next_sentence_labels: 1
I1024 01:11:16.750518 46946292425792 create_pretraining_data.py:161] next_sentence_labels: 1
INFO:tensorflow:*** Example ***
I1024 01:11:16.751099 46946292425792 create_pretraining_data.py:149] *** Example ***
INFO:tensorflow:tokens: [CLS] وأضاف رئيس الجمهورية " ليس حلا اخر سوى الحوار [MASK] الاختلاف ##ات العق ##ائد ##ية μ كرتون [MASK] وعلينا أن نت ##فق أننا في حرب ضد الارهاب وأن نن ##خرط سوي ##ة لمحا ##ربت ##ها . [SEP] وبخ ##صوص انسحاب ##ات النواب من أشغال المجلس الوطني التأ ##سيسي [MASK] نجل ##اء بور ##يال بقرار [MASK] الديمقراطي استئناف العمل [MASK] المجلس وعود ##ة أعض ##ائه الاقمار [MASK] [MASK] اللجان [MASK] [SEP]
I1024 01:11:16.751243 46946292425792 create_pretraining_data.py:151] tokens: [CLS] وأضاف رئيس الجمهورية " ليس حلا اخر سوى الحوار [MASK] الاختلاف ##ات العق ##ائد ##ية μ كرتون [MASK] وعلينا أن نت ##فق أننا في حرب ضد الارهاب وأن نن ##خرط سوي ##ة لمحا ##ربت ##ها . [SEP] وبخ ##صوص انسحاب ##ات النواب من أشغال المجلس الوطني التأ ##سيسي [MASK] نجل ##اء بور ##يال بقرار [MASK] الديمقراطي استئناف العمل [MASK] المجلس وعود ##ة أعض ##ائه الاقمار [MASK] [MASK] اللجان [MASK] [SEP]
INFO:tensorflow:input_ids: 2 4214 2426 4844 6 2618 8131 3076 6414 4519 4 13934 1904 3056 3845 1910 261 14790 4 28011 1979 2682 2817 8554 1912 4445 3051 5506 3310 7105 23390 4871 1043 17787 6427 1913 18 3 17195 23450 15853 1904 5690 1908 28651 3654 3270 3925 22044 4 25242 1954 4362 12736 16902 4 11692 17298 2854 4 3654 21014 1043 21712 4379 26689 4 4 13568 4 3 0 0 0 0 0 0 0 0 0 0 0 0 0 0 0 0 0 0 0 0 0 0 0 0 0 0 0 0 0 0 0 0 0 0 0 0 0 0 0 0 0 0 0 0 0 0 0 0 0 0 0 0 0 0 0 0 0
I1024 01:11:16.751407 46946292425792 create_pretraining_data.py:161] input_ids: 2 4214 2426 4844 6 2618 8131 3076 6414 4519 4 13934 1904 3056 3845 1910 261 14790 4 28011 1979 2682 2817 8554 1912 4445 3051 5506 3310 7105 23390 4871 1043 17787 6427 1913 18 3 17195 23450 15853 1904 5690 1908 28651 3654 3270 3925 22044 4 25242 1954 4362 12736 16902 4 11692 17298 2854 4 3654 21014 1043 21712 4379 26689 4 4 13568 4 3 0 0 0 0 0 0 0 0 0 0 0 0 0 0 0 0 0 0 0 0 0 0 0 0 0 0 0 0 0 0 0 0 0 0 0 0 0 0 0 0 0 0 0 0 0 0 0 0 0 0 0 0 0 0 0 0 0
INFO:tensorflow:input_mask: 1 1 1 1 1 1 1 1 1 1 1 1 1 1 1 1 1 1 1 1 1 1 1 1 1 1 1 1 1 1 1 1 1 1 1 1 1 1 1 1 1 1 1 1 1 1 1 1 1 1 1 1 1 1 1 1 1 1 1 1 1 1 1 1 1 1 1 1 1 1 1 0 0 0 0 0 0 0 0 0 0 0 0 0 0 0 0 0 0 0 0 0 0 0 0 0 0 0 0 0 0 0 0 0 0 0 0 0 0 0 0 0 0 0 0 0 0 0 0 0 0 0 0 0 0 0 0 0
I1024 01:11:16.751567 46946292425792 create_pretraining_data.py:161] input_mask: 1 1 1 1 1 1 1 1 1 1 1 1 1 1 1 1 1 1 1 1 1 1 1 1 1 1 1 1 1 1 1 1 1 1 1 1 1 1 1 1 1 1 1 1 1 1 1 1 1 1 1 1 1 1 1 1 1 1 1 1 1 1 1 1 1 1 1 1 1 1 1 0 0 0 0 0 0 0 0 0 0 0 0 0 0 0 0 0 0 0 0 0 0 0 0 0 0 0 0 0 0 0 0 0 0 0 0 0 0 0 0 0 0 0 0 0 0 0 0 0 0 0 0 0 0 0 0 0
INFO:tensorflow:segment_ids: 0 0 0 0 0 0 0 0 0 0 0 0 0 0 0 0 0 0 0 0 0 0 0 0 0 0 0 0 0 0 0 0 0 0 0 0 0 0 1 1 1 1 1 1 1 1 1 1 1 1 1 1 1 1 1 1 1 1 1 1 1 1 1 1 1 1 1 1 1 1 1 0 0 0 0 0 0 0 0 0 0 0 0 0 0 0 0 0 0 0 0 0 0 0 0 0 0 0 0 0 0 0 0 0 0 0 0 0 0 0 0 0 0 0 0 0 0 0 0 0 0 0 0 0 0 0 0 0
I1024 01:11:16.751710 46946292425792 create_pretraining_data.py:161] segment_ids: 0 0 0 0 0 0 0 0 0 0 0 0 0 0 0 0 0 0 0 0 0 0 0 0 0 0 0 0 0 0 0 0 0 0 0 0 0 0 1 1 1 1 1 1 1 1 1 1 1 1 1 1 1 1 1 1 1 1 1 1 1 1 1 1 1 1 1 1 1 1 1 0 0 0 0 0 0 0 0 0 0 0 0 0 0 0 0 0 0 0 0 0 0 0 0 0 0 0 0 0 0 0 0 0 0 0 0 0 0 0 0 0 0 0 0 0 0 0 0 0 0 0 0 0 0 0 0 0
INFO:tensorflow:masked_lm_positions: 10 16 17 18 49 55 59 65 66 67 69 0 0 0 0 0 0 0 0 0
I1024 01:11:16.751832 46946292425792 create_pretraining_data.py:161] masked_lm_positions: 10 16 17 18 49 55 59 65 66 67 69 0 0 0 0 0 0 0 0 0
INFO:tensorflow:masked_lm_ids: 3685 2119 3955 1910 8082 4899 21049 7421 2419 3323 18 0 0 0 0 0 0 0 0 0
I1024 01:11:16.751950 46946292425792 create_pretraining_data.py:161] masked_lm_ids: 3685 2119 3955 1910 8082 4899 21049 7421 2419 3323 18 0 0 0 0 0 0 0 0 0
INFO:tensorflow:masked_lm_weights: 1.0 1.0 1.0 1.0 1.0 1.0 1.0 1.0 1.0 1.0 1.0 0.0 0.0 0.0 0.0 0.0 0.0 0.0 0.0 0.0
I1024 01:11:16.752057 46946292425792 create_pretraining_data.py:161] masked_lm_weights: 1.0 1.0 1.0 1.0 1.0 1.0 1.0 1.0 1.0 1.0 1.0 0.0 0.0 0.0 0.0 0.0 0.0 0.0 0.0 0.0
INFO:tensorflow:next_sentence_labels: 1
I1024 01:11:16.752154 46946292425792 create_pretraining_data.py:161] next_sentence_labels: 1
INFO:tensorflow:*** Example ***
I1024 01:11:16.752740 46946292425792 create_pretraining_data.py:149] *** Example ***
INFO:tensorflow:tokens: [CLS] وبالن ##تي ##جة فالع ##رب تروي تما ##دوا في سبا ##ت الرضي ، ناف ##ضين أيديهم عن [MASK] طبع كتبه ##م ، بجميع أص ##ناف ##ها ، لح ##والي قرن ##ين من [MASK] . [SEP] « [MASK] لا نعرف شيئا [MASK] مساحة « غرام » ولذلك عليك قبل مهاجم ##تها أن تدور حول الجزيرة لتق ##يس اتس ##اعه ##ا ، [MASK] [MASK] استمرار [MASK] القوات التي يمكن أن يكون الأس ##بان ترك ##وها هناك لحم ##اي ##تها بعد أن تسلم ##وها من [MASK] مستقب ماج ##لان » الذي [MASK] [MASK] » . [SEP]
I1024 01:11:16.752896 46946292425792 create_pretraining_data.py:151] tokens: [CLS] وبالن ##تي ##جة فالع ##رب تروي تما ##دوا في سبا ##ت الرضي ، ناف ##ضين أيديهم عن [MASK] طبع كتبه ##م ، بجميع أص ##ناف ##ها ، لح ##والي قرن ##ين من [MASK] . [SEP] « [MASK] لا نعرف شيئا [MASK] مساحة « غرام » ولذلك عليك قبل مهاجم ##تها أن تدور حول الجزيرة لتق ##يس اتس ##اعه ##ا ، [MASK] [MASK] استمرار [MASK] القوات التي يمكن أن يكون الأس ##بان ترك ##وها هناك لحم ##اي ##تها بعد أن تسلم ##وها من [MASK] مستقب ماج ##لان » الذي [MASK] [MASK] » . [SEP]
INFO:tensorflow:input_ids: 2 18335 2005 2608 20082 1975 17688 16213 14492 1912 10089 1005 23170 378 6708 28605 29156 1955 4 10292 14065 1015 378 8921 2815 7330 1913 378 2503 4746 17528 1911 1908 4 18 3 107 4 1963 8887 4174 4 9462 107 9111 114 8826 2898 2289 12542 2377 1979 9886 2528 7745 12866 2036 16640 3113 1007 378 4 4 7021 4 4473 2061 2490 1979 2461 2603 8070 2742 3736 2671 9564 2272 2377 2089 1979 9193 3736 1908 4 9013 8852 2429 114 2130 4 4 114 18 3 0 0 0 0 0 0 0 0 0 0 0 0 0 0 0 0 0 0 0 0 0 0 0 0 0 0 0 0 0 0 0 0 0 0
I1024 01:11:16.753072 46946292425792 create_pretraining_data.py:161] input_ids: 2 18335 2005 2608 20082 1975 17688 16213 14492 1912 10089 1005 23170 378 6708 28605 29156 1955 4 10292 14065 1015 378 8921 2815 7330 1913 378 2503 4746 17528 1911 1908 4 18 3 107 4 1963 8887 4174 4 9462 107 9111 114 8826 2898 2289 12542 2377 1979 9886 2528 7745 12866 2036 16640 3113 1007 378 4 4 7021 4 4473 2061 2490 1979 2461 2603 8070 2742 3736 2671 9564 2272 2377 2089 1979 9193 3736 1908 4 9013 8852 2429 114 2130 4 4 114 18 3 0 0 0 0 0 0 0 0 0 0 0 0 0 0 0 0 0 0 0 0 0 0 0 0 0 0 0 0 0 0 0 0 0 0
INFO:tensorflow:input_mask: 1 1 1 1 1 1 1 1 1 1 1 1 1 1 1 1 1 1 1 1 1 1 1 1 1 1 1 1 1 1 1 1 1 1 1 1 1 1 1 1 1 1 1 1 1 1 1 1 1 1 1 1 1 1 1 1 1 1 1 1 1 1 1 1 1 1 1 1 1 1 1 1 1 1 1 1 1 1 1 1 1 1 1 1 1 1 1 1 1 1 1 1 1 1 0 0 0 0 0 0 0 0 0 0 0 0 0 0 0 0 0 0 0 0 0 0 0 0 0 0 0 0 0 0 0 0 0 0
I1024 01:11:16.753219 46946292425792 create_pretraining_data.py:161] input_mask: 1 1 1 1 1 1 1 1 1 1 1 1 1 1 1 1 1 1 1 1 1 1 1 1 1 1 1 1 1 1 1 1 1 1 1 1 1 1 1 1 1 1 1 1 1 1 1 1 1 1 1 1 1 1 1 1 1 1 1 1 1 1 1 1 1 1 1 1 1 1 1 1 1 1 1 1 1 1 1 1 1 1 1 1 1 1 1 1 1 1 1 1 1 1 0 0 0 0 0 0 0 0 0 0 0 0 0 0 0 0 0 0 0 0 0 0 0 0 0 0 0 0 0 0 0 0 0 0
INFO:tensorflow:segment_ids: 0 0 0 0 0 0 0 0 0 0 0 0 0 0 0 0 0 0 0 0 0 0 0 0 0 0 0 0 0 0 0 0 0 0 0 0 1 1 1 1 1 1 1 1 1 1 1 1 1 1 1 1 1 1 1 1 1 1 1 1 1 1 1 1 1 1 1 1 1 1 1 1 1 1 1 1 1 1 1 1 1 1 1 1 1 1 1 1 1 1 1 1 1 1 0 0 0 0 0 0 0 0 0 0 0 0 0 0 0 0 0 0 0 0 0 0 0 0 0 0 0 0 0 0 0 0 0 0
I1024 01:11:16.753361 46946292425792 create_pretraining_data.py:161] segment_ids: 0 0 0 0 0 0 0 0 0 0 0 0 0 0 0 0 0 0 0 0 0 0 0 0 0 0 0 0 0 0 0 0 0 0 0 0 1 1 1 1 1 1 1 1 1 1 1 1 1 1 1 1 1 1 1 1 1 1 1 1 1 1 1 1 1 1 1 1 1 1 1 1 1 1 1 1 1 1 1 1 1 1 1 1 1 1 1 1 1 1 1 1 1 1 0 0 0 0 0 0 0 0 0 0 0 0 0 0 0 0 0 0 0 0 0 0 0 0 0 0 0 0 0 0 0 0 0 0
INFO:tensorflow:masked_lm_positions: 6 12 18 33 37 41 61 62 63 64 83 84 89 90 0 0 0 0 0 0
I1024 01:11:16.753469 46946292425792 create_pretraining_data.py:161] masked_lm_positions: 6 12 18 33 37 41 61 62 63 64 83 84 89 90 0 0 0 0 0 0
INFO:tensorflow:masked_lm_ids: 2251 15610 6599 5579 3252 1955 7294 1992 1041 5893 17794 107 12327 1913 0 0 0 0 0 0
I1024 01:11:16.753573 46946292425792 create_pretraining_data.py:161] masked_lm_ids: 2251 15610 6599 5579 3252 1955 7294 1992 1041 5893 17794 107 12327 1913 0 0 0 0 0 0
INFO:tensorflow:masked_lm_weights: 1.0 1.0 1.0 1.0 1.0 1.0 1.0 1.0 1.0 1.0 1.0 1.0 1.0 1.0 0.0 0.0 0.0 0.0 0.0 0.0
I1024 01:11:16.753679 46946292425792 create_pretraining_data.py:161] masked_lm_weights: 1.0 1.0 1.0 1.0 1.0 1.0 1.0 1.0 1.0 1.0 1.0 1.0 1.0 1.0 0.0 0.0 0.0 0.0 0.0 0.0
INFO:tensorflow:next_sentence_labels: 1
I1024 01:11:16.753777 46946292425792 create_pretraining_data.py:161] next_sentence_labels: 1
INFO:tensorflow:*** Example ***
I1024 01:11:16.754367 46946292425792 create_pretraining_data.py:149] *** Example ***
INFO:tensorflow:tokens: [CLS] وأضاف أن الوفد ##ين المتف ##او ##ضين عاد ##ا لي ##طلع ##ا [MASK] في [MASK] [MASK] الإسرائيلية والترك ##ية على نتائج محادثات ##هما ، مشيرا [MASK] [MASK] هناك [MASK] [MASK] مهند يزال قيد النقاش وأن [MASK] المقبل ينتظر قرارات المسؤولين في الجانبين . [SEP] هذا و قد دخل المنا ##ضل الطلابي محمود ذوي ##ب في إض ##راب [MASK] الطعام [MASK] يوم الثلاثاء 14 / 04 / 2009 بالسجن المدني بصف ##اق ##س للمطالبة بإطلاق سراح ##ه [MASK] [SEP]
I1024 01:11:16.754515 46946292425792 create_pretraining_data.py:151] tokens: [CLS] وأضاف أن الوفد ##ين المتف ##او ##ضين عاد ##ا لي ##طلع ##ا [MASK] في [MASK] [MASK] الإسرائيلية والترك ##ية على نتائج محادثات ##هما ، مشيرا [MASK] [MASK] هناك [MASK] [MASK] مهند يزال قيد النقاش وأن [MASK] المقبل ينتظر قرارات المسؤولين في الجانبين . [SEP] هذا و قد دخل المنا ##ضل الطلابي محمود ذوي ##ب في إض ##راب [MASK] الطعام [MASK] يوم الثلاثاء 14 / 04 / 2009 بالسجن المدني بصف ##اق ##س للمطالبة بإطلاق سراح ##ه [MASK] [SEP]
INFO:tensorflow:input_ids: 2 4214 1979 9824 1911 25771 22704 28605 3381 1007 2134 6263 1007 4 1912 4 4 8078 21495 1910 1961 4650 13112 2567 378 5756 4 4 2671 4 4 7531 7388 8883 8120 3310 4 4656 7219 8124 7898 1912 15736 18 3 2085 415 2251 4896 2664 6551 24934 4800 7836 1045 1912 13168 3211 4 6437 4 2232 4238 2951 19 6173 19 5743 15536 4990 8627 2396 1033 25133 20959 15818 1028 4 3 0 0 0 0 0 0 0 0 0 0 0 0 0 0 0 0 0 0 0 0 0 0 0 0 0 0 0 0 0 0 0 0 0 0 0 0 0 0 0 0 0 0 0 0 0 0 0 0 0
I1024 01:11:16.754692 46946292425792 create_pretraining_data.py:161] input_ids: 2 4214 1979 9824 1911 25771 22704 28605 3381 1007 2134 6263 1007 4 1912 4 4 8078 21495 1910 1961 4650 13112 2567 378 5756 4 4 2671 4 4 7531 7388 8883 8120 3310 4 4656 7219 8124 7898 1912 15736 18 3 2085 415 2251 4896 2664 6551 24934 4800 7836 1045 1912 13168 3211 4 6437 4 2232 4238 2951 19 6173 19 5743 15536 4990 8627 2396 1033 25133 20959 15818 1028 4 3 0 0 0 0 0 0 0 0 0 0 0 0 0 0 0 0 0 0 0 0 0 0 0 0 0 0 0 0 0 0 0 0 0 0 0 0 0 0 0 0 0 0 0 0 0 0 0 0 0
INFO:tensorflow:input_mask: 1 1 1 1 1 1 1 1 1 1 1 1 1 1 1 1 1 1 1 1 1 1 1 1 1 1 1 1 1 1 1 1 1 1 1 1 1 1 1 1 1 1 1 1 1 1 1 1 1 1 1 1 1 1 1 1 1 1 1 1 1 1 1 1 1 1 1 1 1 1 1 1 1 1 1 1 1 1 1 0 0 0 0 0 0 0 0 0 0 0 0 0 0 0 0 0 0 0 0 0 0 0 0 0 0 0 0 0 0 0 0 0 0 0 0 0 0 0 0 0 0 0 0 0 0 0 0 0
I1024 01:11:16.754843 46946292425792 create_pretraining_data.py:161] input_mask: 1 1 1 1 1 1 1 1 1 1 1 1 1 1 1 1 1 1 1 1 1 1 1 1 1 1 1 1 1 1 1 1 1 1 1 1 1 1 1 1 1 1 1 1 1 1 1 1 1 1 1 1 1 1 1 1 1 1 1 1 1 1 1 1 1 1 1 1 1 1 1 1 1 1 1 1 1 1 1 0 0 0 0 0 0 0 0 0 0 0 0 0 0 0 0 0 0 0 0 0 0 0 0 0 0 0 0 0 0 0 0 0 0 0 0 0 0 0 0 0 0 0 0 0 0 0 0 0
INFO:tensorflow:segment_ids: 0 0 0 0 0 0 0 0 0 0 0 0 0 0 0 0 0 0 0 0 0 0 0 0 0 0 0 0 0 0 0 0 0 0 0 0 0 0 0 0 0 0 0 0 0 1 1 1 1 1 1 1 1 1 1 1 1 1 1 1 1 1 1 1 1 1 1 1 1 1 1 1 1 1 1 1 1 1 1 0 0 0 0 0 0 0 0 0 0 0 0 0 0 0 0 0 0 0 0 0 0 0 0 0 0 0 0 0 0 0 0 0 0 0 0 0 0 0 0 0 0 0 0 0 0 0 0 0
I1024 01:11:16.754993 46946292425792 create_pretraining_data.py:161] segment_ids: 0 0 0 0 0 0 0 0 0 0 0 0 0 0 0 0 0 0 0 0 0 0 0 0 0 0 0 0 0 0 0 0 0 0 0 0 0 0 0 0 0 0 0 0 0 1 1 1 1 1 1 1 1 1 1 1 1 1 1 1 1 1 1 1 1 1 1 1 1 1 1 1 1 1 1 1 1 1 1 0 0 0 0 0 0 0 0 0 0 0 0 0 0 0 0 0 0 0 0 0 0 0 0 0 0 0 0 0 0 0 0 0 0 0 0 0 0 0 0 0 0 0 0 0 0 0 0 0
INFO:tensorflow:masked_lm_positions: 13 15 16 26 27 29 30 31 36 58 60 77 0 0 0 0 0 0 0 0
I1024 01:11:16.755104 46946292425792 create_pretraining_data.py:161] masked_lm_positions: 13 15 16 26 27 29 30 31 36 58 60 77 0 0 0 0 0 0 0 0
INFO:tensorflow:masked_lm_ids: 7898 4934 3232 2045 1979 23062 5319 1963 4708 1955 2837 18 0 0 0 0 0 0 0 0
I1024 01:11:16.755208 46946292425792 create_pretraining_data.py:161] masked_lm_ids: 7898 4934 3232 2045 1979 23062 5319 1963 4708 1955 2837 18 0 0 0 0 0 0 0 0
INFO:tensorflow:masked_lm_weights: 1.0 1.0 1.0 1.0 1.0 1.0 1.0 1.0 1.0 1.0 1.0 1.0 0.0 0.0 0.0 0.0 0.0 0.0 0.0 0.0
I1024 01:11:16.755314 46946292425792 create_pretraining_data.py:161] masked_lm_weights: 1.0 1.0 1.0 1.0 1.0 1.0 1.0 1.0 1.0 1.0 1.0 1.0 0.0 0.0 0.0 0.0 0.0 0.0 0.0 0.0
INFO:tensorflow:next_sentence_labels: 1
I1024 01:11:16.755422 46946292425792 create_pretraining_data.py:161] next_sentence_labels: 1
INFO:tensorflow:Wrote 5002907 total instances
I1024 01:37:03.339636 46946292425792 create_pretraining_data.py:166] Wrote 5002907 total instances
