Loading module 'all'
WARNING:tensorflow:From ../bert/create_pretraining_data.py:469: The name tf.app.run is deprecated. Please use tf.compat.v1.app.run instead.

WARNING:tensorflow:From ../bert/create_pretraining_data.py:437: The name tf.logging.set_verbosity is deprecated. Please use tf.compat.v1.logging.set_verbosity instead.

W1024 00:38:36.856006 47621180392512 module_wrapper.py:139] From ../bert/create_pretraining_data.py:437: The name tf.logging.set_verbosity is deprecated. Please use tf.compat.v1.logging.set_verbosity instead.

WARNING:tensorflow:From ../bert/create_pretraining_data.py:437: The name tf.logging.INFO is deprecated. Please use tf.compat.v1.logging.INFO instead.

W1024 00:38:36.856314 47621180392512 module_wrapper.py:139] From ../bert/create_pretraining_data.py:437: The name tf.logging.INFO is deprecated. Please use tf.compat.v1.logging.INFO instead.

WARNING:tensorflow:From /scratch/gi372/camel-mlm/bert/tokenization.py:125: The name tf.gfile.GFile is deprecated. Please use tf.io.gfile.GFile instead.

W1024 00:38:36.856616 47621180392512 module_wrapper.py:139] From /scratch/gi372/camel-mlm/bert/tokenization.py:125: The name tf.gfile.GFile is deprecated. Please use tf.io.gfile.GFile instead.

WARNING:tensorflow:From ../bert/create_pretraining_data.py:444: The name tf.gfile.Glob is deprecated. Please use tf.io.gfile.glob instead.

W1024 00:38:37.016505 47621180392512 module_wrapper.py:139] From ../bert/create_pretraining_data.py:444: The name tf.gfile.Glob is deprecated. Please use tf.io.gfile.glob instead.

WARNING:tensorflow:From ../bert/create_pretraining_data.py:446: The name tf.logging.info is deprecated. Please use tf.compat.v1.logging.info instead.

W1024 00:38:37.046898 47621180392512 module_wrapper.py:139] From ../bert/create_pretraining_data.py:446: The name tf.logging.info is deprecated. Please use tf.compat.v1.logging.info instead.

INFO:tensorflow:*** Reading from input files ***
I1024 00:38:37.047104 47621180392512 create_pretraining_data.py:446] *** Reading from input files ***
INFO:tensorflow:  ../corpora/shards/MSA-oscar-unshuffled.docs.shard.023.normalized.sents
I1024 00:38:37.047234 47621180392512 create_pretraining_data.py:448]   ../corpora/shards/MSA-oscar-unshuffled.docs.shard.023.normalized.sents
INFO:tensorflow:*** Writing to output files ***
I1024 02:12:54.366009 47621180392512 create_pretraining_data.py:457] *** Writing to output files ***
INFO:tensorflow:  ../corpora/tf_records/MSA-oscar-unshuffled.docs.shard.023.tf_record
I1024 02:12:54.400852 47621180392512 create_pretraining_data.py:459]   ../corpora/tf_records/MSA-oscar-unshuffled.docs.shard.023.tf_record
WARNING:tensorflow:From ../bert/create_pretraining_data.py:101: The name tf.python_io.TFRecordWriter is deprecated. Please use tf.io.TFRecordWriter instead.

W1024 02:12:54.424092 47621180392512 module_wrapper.py:139] From ../bert/create_pretraining_data.py:101: The name tf.python_io.TFRecordWriter is deprecated. Please use tf.io.TFRecordWriter instead.

INFO:tensorflow:*** Example ***
I1024 02:12:54.458178 47621180392512 create_pretraining_data.py:149] *** Example ***
INFO:tensorflow:tokens: [CLS] المثالي ##ه [MASK] [MASK] شه ##يه لار ##وع الماك ##ولات [MASK] [MASK] مقبل ##ات وع ##صا ##ئر ومخ ##بو ##زات يد ##ويه مطبخ ترات ##يل عاشق المنزلي [MASK] معت ##كف ادم عالم العقارات عالم مبروووك دينا ##ميك ##ية النقل طرفه [MASK] [MASK] كرواتيا [MASK] والالعاب وف ##سح ##ة الروح الصور وعد ##سة السا ##ئح ركن الج ##الي ##ري وجن ##ان الصور معرض الفن [MASK] قسم عدسة [MASK] ترات ##يل عاشق غرائب الصور واع ##جبه ##ا صور أنمي An ##ime I ##ma [SEP] • تركيب ##ات التد ##ف ##ئة والتب ##ريد [MASK] والب ##خار ، [MASK] الموا ##ئ ##ع [MASK] الحام ##ضية ولا [MASK] [MASK] ، والغاز المسا ##ل ، والموا ##ئ ##ع الكيم ##اوية [MASK] واله ##واء المض ##غوط والز ##يت المغ ##لي . . [MASK] [SEP]
I1024 02:12:54.459324 47621180392512 create_pretraining_data.py:151] tokens: [CLS] المثالي ##ه [MASK] [MASK] شه ##يه لار ##وع الماك ##ولات [MASK] [MASK] مقبل ##ات وع ##صا ##ئر ومخ ##بو ##زات يد ##ويه مطبخ ترات ##يل عاشق المنزلي [MASK] معت ##كف ادم عالم العقارات عالم مبروووك دينا ##ميك ##ية النقل طرفه [MASK] [MASK] كرواتيا [MASK] والالعاب وف ##سح ##ة الروح الصور وعد ##سة السا ##ئح ركن الج ##الي ##ري وجن ##ان الصور معرض الفن [MASK] قسم عدسة [MASK] ترات ##يل عاشق غرائب الصور واع ##جبه ##ا صور أنمي An ##ime I ##ma [SEP] • تركيب ##ات التد ##ف ##ئة والتب ##ريد [MASK] والب ##خار ، [MASK] الموا ##ئ ##ع [MASK] الحام ##ضية ولا [MASK] [MASK] ، والغاز المسا ##ل ، والموا ##ئ ##ع الكيم ##اوية [MASK] واله ##واء المض ##غوط والز ##يت المغ ##لي . . [MASK] [SEP]
INFO:tensorflow:input_ids: 2 25849 1028 4 4 3844 1988 14937 2095 19826 3690 4 4 26586 1904 2141 6224 7823 13959 5467 14061 2474 2835 6514 28196 2027 12118 13533 4 4502 24849 6744 2896 14353 2896 10568 8807 11074 1910 6357 19481 4 4 17585 4 23816 2390 13563 1043 4525 3386 3431 2190 14233 21788 4322 1970 2145 1923 22907 1906 3386 4992 5200 4 2122 11895 4 28196 2027 12118 12724 3386 4780 16288 1007 2649 26090 12899 13421 45 8448 3 626 8989 1904 3454 1037 2385 17036 2375 4 3460 21653 378 4 2350 1042 1009 4 29832 3575 2086 4 4 378 18046 4750 1010 378 6202 1042 1009 8738 9923 4 5119 2646 5745 8362 5846 2034 2716 1907 18 18 4 3
I1024 02:12:54.460185 47621180392512 create_pretraining_data.py:161] input_ids: 2 25849 1028 4 4 3844 1988 14937 2095 19826 3690 4 4 26586 1904 2141 6224 7823 13959 5467 14061 2474 2835 6514 28196 2027 12118 13533 4 4502 24849 6744 2896 14353 2896 10568 8807 11074 1910 6357 19481 4 4 17585 4 23816 2390 13563 1043 4525 3386 3431 2190 14233 21788 4322 1970 2145 1923 22907 1906 3386 4992 5200 4 2122 11895 4 28196 2027 12118 12724 3386 4780 16288 1007 2649 26090 12899 13421 45 8448 3 626 8989 1904 3454 1037 2385 17036 2375 4 3460 21653 378 4 2350 1042 1009 4 29832 3575 2086 4 4 378 18046 4750 1010 378 6202 1042 1009 8738 9923 4 5119 2646 5745 8362 5846 2034 2716 1907 18 18 4 3
INFO:tensorflow:input_mask: 1 1 1 1 1 1 1 1 1 1 1 1 1 1 1 1 1 1 1 1 1 1 1 1 1 1 1 1 1 1 1 1 1 1 1 1 1 1 1 1 1 1 1 1 1 1 1 1 1 1 1 1 1 1 1 1 1 1 1 1 1 1 1 1 1 1 1 1 1 1 1 1 1 1 1 1 1 1 1 1 1 1 1 1 1 1 1 1 1 1 1 1 1 1 1 1 1 1 1 1 1 1 1 1 1 1 1 1 1 1 1 1 1 1 1 1 1 1 1 1 1 1 1 1 1 1 1 1
I1024 02:12:54.460452 47621180392512 create_pretraining_data.py:161] input_mask: 1 1 1 1 1 1 1 1 1 1 1 1 1 1 1 1 1 1 1 1 1 1 1 1 1 1 1 1 1 1 1 1 1 1 1 1 1 1 1 1 1 1 1 1 1 1 1 1 1 1 1 1 1 1 1 1 1 1 1 1 1 1 1 1 1 1 1 1 1 1 1 1 1 1 1 1 1 1 1 1 1 1 1 1 1 1 1 1 1 1 1 1 1 1 1 1 1 1 1 1 1 1 1 1 1 1 1 1 1 1 1 1 1 1 1 1 1 1 1 1 1 1 1 1 1 1 1 1
INFO:tensorflow:segment_ids: 0 0 0 0 0 0 0 0 0 0 0 0 0 0 0 0 0 0 0 0 0 0 0 0 0 0 0 0 0 0 0 0 0 0 0 0 0 0 0 0 0 0 0 0 0 0 0 0 0 0 0 0 0 0 0 0 0 0 0 0 0 0 0 0 0 0 0 0 0 0 0 0 0 0 0 0 0 0 0 0 0 0 0 1 1 1 1 1 1 1 1 1 1 1 1 1 1 1 1 1 1 1 1 1 1 1 1 1 1 1 1 1 1 1 1 1 1 1 1 1 1 1 1 1 1 1 1 1
I1024 02:12:54.460698 47621180392512 create_pretraining_data.py:161] segment_ids: 0 0 0 0 0 0 0 0 0 0 0 0 0 0 0 0 0 0 0 0 0 0 0 0 0 0 0 0 0 0 0 0 0 0 0 0 0 0 0 0 0 0 0 0 0 0 0 0 0 0 0 0 0 0 0 0 0 0 0 0 0 0 0 0 0 0 0 0 0 0 0 0 0 0 0 0 0 0 0 0 0 0 0 1 1 1 1 1 1 1 1 1 1 1 1 1 1 1 1 1 1 1 1 1 1 1 1 1 1 1 1 1 1 1 1 1 1 1 1 1 1 1 1 1 1 1 1 1
INFO:tensorflow:masked_lm_positions: 3 4 11 12 28 35 41 42 43 44 64 67 91 95 99 103 104 115 126 0
I1024 02:12:54.460883 47621180392512 create_pretraining_data.py:161] masked_lm_positions: 3 4 11 12 28 35 41 42 43 44 64 67 91 95 99 103 104 115 126 0
INFO:tensorflow:masked_lm_ids: 3717 15532 12598 16046 4511 11128 11222 21932 21086 5427 23529 7426 378 26699 2224 6716 1910 378 18 0
I1024 02:12:54.461070 47621180392512 create_pretraining_data.py:161] masked_lm_ids: 3717 15532 12598 16046 4511 11128 11222 21932 21086 5427 23529 7426 378 26699 2224 6716 1910 378 18 0
INFO:tensorflow:masked_lm_weights: 1.0 1.0 1.0 1.0 1.0 1.0 1.0 1.0 1.0 1.0 1.0 1.0 1.0 1.0 1.0 1.0 1.0 1.0 1.0 0.0
I1024 02:12:54.462591 47621180392512 create_pretraining_data.py:161] masked_lm_weights: 1.0 1.0 1.0 1.0 1.0 1.0 1.0 1.0 1.0 1.0 1.0 1.0 1.0 1.0 1.0 1.0 1.0 1.0 1.0 0.0
INFO:tensorflow:next_sentence_labels: 1
I1024 02:12:54.462782 47621180392512 create_pretraining_data.py:161] next_sentence_labels: 1
INFO:tensorflow:*** Example ***
I1024 02:12:54.463903 47621180392512 create_pretraining_data.py:149] *** Example ***
INFO:tensorflow:tokens: [CLS] لحظة زيارة وزير التجارة « سعيد جل ##اب [MASK] إلى سوق فتاة ##زئة للخ ##ضر والف ##واكه بولاية البو ##يرة أول أمس انخفضت الأسعار . . . [SEP] ##يرة [MASK] [MASK] انخفضت الأسعار والعربي [MASK] بنسبة وصلت إلى 40 ##بال ##مائة في [MASK] المنتجات [MASK] [MASK] و بعد مغ ##ادرت ##ه بس ##اعة [MASK] فقط الأعشاب . [MASK] . [MASK] موقع " اي ##ل غو ##ل دي ##جيتال " الاسباني بأن نادي أت ##لتيكو مدريد يهدف لض ##م الظ ##هير الأي ##سر الجزائري فوزي غلام ، خلا . [MASK] . كشف موقع " اي ##ل غو ##ل دي ##جيتال " الاسباني بأن نادي أت ##لتيكو مدريد يهدف لض ##م الظ ##هير الأي ##سر الجزائري فوزي غلام ، خلال [MASK] [MASK] [MASK] [MASK] الصيفي ، وهذا من [SEP]
I1024 02:12:54.464200 47621180392512 create_pretraining_data.py:151] tokens: [CLS] لحظة زيارة وزير التجارة « سعيد جل ##اب [MASK] إلى سوق فتاة ##زئة للخ ##ضر والف ##واكه بولاية البو ##يرة أول أمس انخفضت الأسعار . . . [SEP] ##يرة [MASK] [MASK] انخفضت الأسعار والعربي [MASK] بنسبة وصلت إلى 40 ##بال ##مائة في [MASK] المنتجات [MASK] [MASK] و بعد مغ ##ادرت ##ه بس ##اعة [MASK] فقط الأعشاب . [MASK] . [MASK] موقع " اي ##ل غو ##ل دي ##جيتال " الاسباني بأن نادي أت ##لتيكو مدريد يهدف لض ##م الظ ##هير الأي ##سر الجزائري فوزي غلام ، خلا . [MASK] . كشف موقع " اي ##ل غو ##ل دي ##جيتال " الاسباني بأن نادي أت ##لتيكو مدريد يهدف لض ##م الظ ##هير الأي ##سر الجزائري فوزي غلام ، خلال [MASK] [MASK] [MASK] [MASK] الصيفي ، وهذا من [SEP]
INFO:tensorflow:input_ids: 2 10037 5693 3075 6543 107 3664 10144 1933 4 2045 3689 13550 26652 4446 2511 3227 15793 15788 18385 2208 3399 3924 27865 8063 18 18 18 3 2208 4 4 27865 8063 23794 4 6102 6242 2045 4986 9646 8130 1912 4 6754 4 4 415 2089 3203 23755 1028 2357 2893 4 2574 26378 18 4 18 4 2867 6 2218 1010 21919 1010 2630 29631 6 11479 3010 3557 4602 23785 4879 12840 7153 1015 2808 3732 19453 2734 6767 23359 29705 378 4627 18 4 18 4361 2867 6 2218 1010 21919 1010 2630 29631 6 11479 3010 3557 4602 23785 4879 12840 7153 1015 2808 3732 19453 2734 6767 23359 29705 378 2317 4 4 4 4 23495 378 3265 1908 3
I1024 02:12:54.464485 47621180392512 create_pretraining_data.py:161] input_ids: 2 10037 5693 3075 6543 107 3664 10144 1933 4 2045 3689 13550 26652 4446 2511 3227 15793 15788 18385 2208 3399 3924 27865 8063 18 18 18 3 2208 4 4 27865 8063 23794 4 6102 6242 2045 4986 9646 8130 1912 4 6754 4 4 415 2089 3203 23755 1028 2357 2893 4 2574 26378 18 4 18 4 2867 6 2218 1010 21919 1010 2630 29631 6 11479 3010 3557 4602 23785 4879 12840 7153 1015 2808 3732 19453 2734 6767 23359 29705 378 4627 18 4 18 4361 2867 6 2218 1010 21919 1010 2630 29631 6 11479 3010 3557 4602 23785 4879 12840 7153 1015 2808 3732 19453 2734 6767 23359 29705 378 2317 4 4 4 4 23495 378 3265 1908 3
INFO:tensorflow:input_mask: 1 1 1 1 1 1 1 1 1 1 1 1 1 1 1 1 1 1 1 1 1 1 1 1 1 1 1 1 1 1 1 1 1 1 1 1 1 1 1 1 1 1 1 1 1 1 1 1 1 1 1 1 1 1 1 1 1 1 1 1 1 1 1 1 1 1 1 1 1 1 1 1 1 1 1 1 1 1 1 1 1 1 1 1 1 1 1 1 1 1 1 1 1 1 1 1 1 1 1 1 1 1 1 1 1 1 1 1 1 1 1 1 1 1 1 1 1 1 1 1 1 1 1 1 1 1 1 1
I1024 02:12:54.464737 47621180392512 create_pretraining_data.py:161] input_mask: 1 1 1 1 1 1 1 1 1 1 1 1 1 1 1 1 1 1 1 1 1 1 1 1 1 1 1 1 1 1 1 1 1 1 1 1 1 1 1 1 1 1 1 1 1 1 1 1 1 1 1 1 1 1 1 1 1 1 1 1 1 1 1 1 1 1 1 1 1 1 1 1 1 1 1 1 1 1 1 1 1 1 1 1 1 1 1 1 1 1 1 1 1 1 1 1 1 1 1 1 1 1 1 1 1 1 1 1 1 1 1 1 1 1 1 1 1 1 1 1 1 1 1 1 1 1 1 1
INFO:tensorflow:segment_ids: 0 0 0 0 0 0 0 0 0 0 0 0 0 0 0 0 0 0 0 0 0 0 0 0 0 0 0 0 0 1 1 1 1 1 1 1 1 1 1 1 1 1 1 1 1 1 1 1 1 1 1 1 1 1 1 1 1 1 1 1 1 1 1 1 1 1 1 1 1 1 1 1 1 1 1 1 1 1 1 1 1 1 1 1 1 1 1 1 1 1 1 1 1 1 1 1 1 1 1 1 1 1 1 1 1 1 1 1 1 1 1 1 1 1 1 1 1 1 1 1 1 1 1 1 1 1 1 1
I1024 02:12:54.465023 47621180392512 create_pretraining_data.py:161] segment_ids: 0 0 0 0 0 0 0 0 0 0 0 0 0 0 0 0 0 0 0 0 0 0 0 0 0 0 0 0 0 1 1 1 1 1 1 1 1 1 1 1 1 1 1 1 1 1 1 1 1 1 1 1 1 1 1 1 1 1 1 1 1 1 1 1 1 1 1 1 1 1 1 1 1 1 1 1 1 1 1 1 1 1 1 1 1 1 1 1 1 1 1 1 1 1 1 1 1 1 1 1 1 1 1 1 1 1 1 1 1 1 1 1 1 1 1 1 1 1 1 1 1 1 1 1 1 1 1 1
INFO:tensorflow:masked_lm_positions: 9 12 13 30 31 34 35 43 45 46 54 56 58 60 89 119 120 121 122 0
I1024 02:12:54.465217 47621180392512 create_pretraining_data.py:161] masked_lm_positions: 9 12 13 30 31 34 35 43 45 46 54 56 58 60 89 119 120 121 122 0
INFO:tensorflow:masked_lm_ids: 114 2711 26652 3399 3924 2969 29789 3264 14765 1910 4234 387 18 4361 18 2085 20391 4228 1012 0
I1024 02:12:54.465395 47621180392512 create_pretraining_data.py:161] masked_lm_ids: 114 2711 26652 3399 3924 2969 29789 3264 14765 1910 4234 387 18 4361 18 2085 20391 4228 1012 0
INFO:tensorflow:masked_lm_weights: 1.0 1.0 1.0 1.0 1.0 1.0 1.0 1.0 1.0 1.0 1.0 1.0 1.0 1.0 1.0 1.0 1.0 1.0 1.0 0.0
I1024 02:12:54.465563 47621180392512 create_pretraining_data.py:161] masked_lm_weights: 1.0 1.0 1.0 1.0 1.0 1.0 1.0 1.0 1.0 1.0 1.0 1.0 1.0 1.0 1.0 1.0 1.0 1.0 1.0 0.0
INFO:tensorflow:next_sentence_labels: 0
I1024 02:12:54.465697 47621180392512 create_pretraining_data.py:161] next_sentence_labels: 0
INFO:tensorflow:*** Example ***
I1024 02:12:54.466583 47621180392512 create_pretraining_data.py:149] *** Example ***
INFO:tensorflow:tokens: [CLS] ##ا بتوقيت الجزائر . 8 : 00 مساء ##ا بتوقيت المغرب . 11 : 00 مساء ##ا بتوقيت الإمارات . [MASK] : 00 [MASK] [MASK] بتوقيت [MASK] [MASK] 11 : [MASK] مساء ##ا بتوقيت [MASK] عمان . 10 : [MASK] مساء ##ا بتوقيت الكويت . [MASK] : 00 مساء ##ا بتوقيت [MASK] . تردد قناة [MASK] ام [MASK] dm ##c sp ##ort 2018 الناقلة لبطولة [MASK] المصري الممتاز ، حيث يمكن متابعة القناة من خلال القمر الصناعي [MASK] [MASK] سات ، بالإضافة اي باق ##ى القنوات التى تضم ##هاش ##بكة دى ام سى الجديدة من خلال التردد [SEP] حسين محمد [MASK] عمري 24 سنة ، خري ##ج صحافة وأع ##لام ، اهتم بنقل الاخبار السياسية [MASK] وبن ##قل جميع الاحداث في الوطن بينه وفي العالم . [SEP]
I1024 02:12:54.466818 47621180392512 create_pretraining_data.py:151] tokens: [CLS] ##ا بتوقيت الجزائر . 8 : 00 مساء ##ا بتوقيت المغرب . 11 : 00 مساء ##ا بتوقيت الإمارات . [MASK] : 00 [MASK] [MASK] بتوقيت [MASK] [MASK] 11 : [MASK] مساء ##ا بتوقيت [MASK] عمان . 10 : [MASK] مساء ##ا بتوقيت الكويت . [MASK] : 00 مساء ##ا بتوقيت [MASK] . تردد قناة [MASK] ام [MASK] dm ##c sp ##ort 2018 الناقلة لبطولة [MASK] المصري الممتاز ، حيث يمكن متابعة القناة من خلال القمر الصناعي [MASK] [MASK] سات ، بالإضافة اي باق ##ى القنوات التى تضم ##هاش ##بكة دى ام سى الجديدة من خلال التردد [SEP] حسين محمد [MASK] عمري 24 سنة ، خري ##ج صحافة وأع ##لام ، اهتم بنقل الاخبار السياسية [MASK] وبن ##قل جميع الاحداث في الوطن بينه وفي العالم . [SEP]
INFO:tensorflow:input_ids: 2 1007 13964 3954 18 28 30 4200 3308 1007 13964 3768 18 2780 30 4200 3308 1007 13964 4644 18 4 30 4200 4 4 13964 4 4 2780 30 4 3308 1007 13964 4 5224 18 2667 30 4 3308 1007 13964 3346 18 4 30 4200 3308 1007 13964 4 18 8126 5438 4 2112 4 24580 1024 9831 9662 2635 27436 27028 4 3727 13104 378 2455 2490 7458 7226 1908 2317 6105 13139 4 4 6653 378 5256 2218 16060 1102 4601 3411 8232 21966 4395 15930 2112 27007 3895 1908 2317 21076 3 4273 2202 4 5981 3789 3234 378 8188 1041 15672 6453 2025 378 9511 17383 4927 4004 4 10045 2246 2561 9098 1912 2865 11567 2427 2337 18 3
I1024 02:12:54.467076 47621180392512 create_pretraining_data.py:161] input_ids: 2 1007 13964 3954 18 28 30 4200 3308 1007 13964 3768 18 2780 30 4200 3308 1007 13964 4644 18 4 30 4200 4 4 13964 4 4 2780 30 4 3308 1007 13964 4 5224 18 2667 30 4 3308 1007 13964 3346 18 4 30 4200 3308 1007 13964 4 18 8126 5438 4 2112 4 24580 1024 9831 9662 2635 27436 27028 4 3727 13104 378 2455 2490 7458 7226 1908 2317 6105 13139 4 4 6653 378 5256 2218 16060 1102 4601 3411 8232 21966 4395 15930 2112 27007 3895 1908 2317 21076 3 4273 2202 4 5981 3789 3234 378 8188 1041 15672 6453 2025 378 9511 17383 4927 4004 4 10045 2246 2561 9098 1912 2865 11567 2427 2337 18 3
INFO:tensorflow:input_mask: 1 1 1 1 1 1 1 1 1 1 1 1 1 1 1 1 1 1 1 1 1 1 1 1 1 1 1 1 1 1 1 1 1 1 1 1 1 1 1 1 1 1 1 1 1 1 1 1 1 1 1 1 1 1 1 1 1 1 1 1 1 1 1 1 1 1 1 1 1 1 1 1 1 1 1 1 1 1 1 1 1 1 1 1 1 1 1 1 1 1 1 1 1 1 1 1 1 1 1 1 1 1 1 1 1 1 1 1 1 1 1 1 1 1 1 1 1 1 1 1 1 1 1 1 1 1 1 1
I1024 02:12:54.467285 47621180392512 create_pretraining_data.py:161] input_mask: 1 1 1 1 1 1 1 1 1 1 1 1 1 1 1 1 1 1 1 1 1 1 1 1 1 1 1 1 1 1 1 1 1 1 1 1 1 1 1 1 1 1 1 1 1 1 1 1 1 1 1 1 1 1 1 1 1 1 1 1 1 1 1 1 1 1 1 1 1 1 1 1 1 1 1 1 1 1 1 1 1 1 1 1 1 1 1 1 1 1 1 1 1 1 1 1 1 1 1 1 1 1 1 1 1 1 1 1 1 1 1 1 1 1 1 1 1 1 1 1 1 1 1 1 1 1 1 1
INFO:tensorflow:segment_ids: 0 0 0 0 0 0 0 0 0 0 0 0 0 0 0 0 0 0 0 0 0 0 0 0 0 0 0 0 0 0 0 0 0 0 0 0 0 0 0 0 0 0 0 0 0 0 0 0 0 0 0 0 0 0 0 0 0 0 0 0 0 0 0 0 0 0 0 0 0 0 0 0 0 0 0 0 0 0 0 0 0 0 0 0 0 0 0 0 0 0 0 0 0 0 0 0 0 0 0 1 1 1 1 1 1 1 1 1 1 1 1 1 1 1 1 1 1 1 1 1 1 1 1 1 1 1 1 1
I1024 02:12:54.467480 47621180392512 create_pretraining_data.py:161] segment_ids: 0 0 0 0 0 0 0 0 0 0 0 0 0 0 0 0 0 0 0 0 0 0 0 0 0 0 0 0 0 0 0 0 0 0 0 0 0 0 0 0 0 0 0 0 0 0 0 0 0 0 0 0 0 0 0 0 0 0 0 0 0 0 0 0 0 0 0 0 0 0 0 0 0 0 0 0 0 0 0 0 0 0 0 0 0 0 0 0 0 0 0 0 0 0 0 0 0 0 0 1 1 1 1 1 1 1 1 1 1 1 1 1 1 1 1 1 1 1 1 1 1 1 1 1 1 1 1 1
INFO:tensorflow:masked_lm_positions: 21 24 25 27 28 31 35 40 46 52 56 58 66 78 79 83 101 116 123 0
I1024 02:12:54.467631 47621180392512 create_pretraining_data.py:161] masked_lm_positions: 21 24 25 27 28 31 35 40 46 52 56 58 66 78 79 83 101 116 123 0
INFO:tensorflow:masked_lm_ids: 2667 3308 1007 4290 18 4200 16816 4200 2667 3984 15930 27007 3914 22710 1010 2218 378 15278 2659 0
I1024 02:12:54.467776 47621180392512 create_pretraining_data.py:161] masked_lm_ids: 2667 3308 1007 4290 18 4200 16816 4200 2667 3984 15930 27007 3914 22710 1010 2218 378 15278 2659 0
INFO:tensorflow:masked_lm_weights: 1.0 1.0 1.0 1.0 1.0 1.0 1.0 1.0 1.0 1.0 1.0 1.0 1.0 1.0 1.0 1.0 1.0 1.0 1.0 0.0
I1024 02:12:54.467930 47621180392512 create_pretraining_data.py:161] masked_lm_weights: 1.0 1.0 1.0 1.0 1.0 1.0 1.0 1.0 1.0 1.0 1.0 1.0 1.0 1.0 1.0 1.0 1.0 1.0 1.0 0.0
INFO:tensorflow:next_sentence_labels: 0
I1024 02:12:54.468066 47621180392512 create_pretraining_data.py:161] next_sentence_labels: 0
INFO:tensorflow:*** Example ***
I1024 02:12:54.468858 47621180392512 create_pretraining_data.py:149] *** Example ***
INFO:tensorflow:tokens: [CLS] . ̧ منتدى الاسرة والمجتمع [MASK] [MASK] _ . . [MASK] - * l | [MASK] | l | | - - ركن الاسرة | | - - ركن المجتمع | | - - l | ¦ [MASK] l * - . [MASK] . _ . ̧ منتدى الرياضة ̧ . _ . . . - [MASK] l | ¦ | l | | [MASK] - [MASK] [MASK] | | - - الرياضة العربية [MASK] | - - الرياضة [MASK] [MASK] | - - l | ¦ | l * [MASK] . . . _ [SEP] ̧ منتدى العلوم [MASK] ̧ . _ . [MASK] . - [MASK] l | ¦ | l | - [MASK] l | ¦ | l * - . [MASK] . [SEP]
I1024 02:12:54.469095 47621180392512 create_pretraining_data.py:151] tokens: [CLS] . ̧ منتدى الاسرة والمجتمع [MASK] [MASK] _ . . [MASK] - * l | [MASK] | l | | - - ركن الاسرة | | - - ركن المجتمع | | - - l | ¦ [MASK] l * - . [MASK] . _ . ̧ منتدى الرياضة ̧ . _ . . . - [MASK] l | ¦ | l | | [MASK] - [MASK] [MASK] | | - - الرياضة العربية [MASK] | - - الرياضة [MASK] [MASK] | - - l | ¦ | l * [MASK] . . . _ [SEP] ̧ منتدى العلوم [MASK] ̧ . _ . [MASK] . - [MASK] l | ¦ | l | - [MASK] l | ¦ | l * - . [MASK] . [SEP]
INFO:tensorflow:input_ids: 2 18 230 2069 9682 8731 4 4 67 18 18 4 17 14 80 96 4 96 80 96 96 17 17 4322 9682 96 96 17 17 4322 3409 96 96 17 17 80 96 104 4 80 14 17 18 4 18 67 18 230 2069 4612 230 18 67 18 18 18 17 4 80 96 104 96 80 96 96 4 17 4 4 96 96 17 17 4612 2488 4 96 17 17 4612 4 4 96 17 17 80 96 104 96 80 14 4 18 18 18 67 3 230 2069 4196 4 230 18 67 18 4 18 17 4 80 96 104 96 80 96 17 4 80 96 104 96 80 14 17 18 4 18 3
I1024 02:12:54.469337 47621180392512 create_pretraining_data.py:161] input_ids: 2 18 230 2069 9682 8731 4 4 67 18 18 4 17 14 80 96 4 96 80 96 96 17 17 4322 9682 96 96 17 17 4322 3409 96 96 17 17 80 96 104 4 80 14 17 18 4 18 67 18 230 2069 4612 230 18 67 18 18 18 17 4 80 96 104 96 80 96 96 4 17 4 4 96 96 17 17 4612 2488 4 96 17 17 4612 4 4 96 17 17 80 96 104 96 80 14 4 18 18 18 67 3 230 2069 4196 4 230 18 67 18 4 18 17 4 80 96 104 96 80 96 17 4 80 96 104 96 80 14 17 18 4 18 3
INFO:tensorflow:input_mask: 1 1 1 1 1 1 1 1 1 1 1 1 1 1 1 1 1 1 1 1 1 1 1 1 1 1 1 1 1 1 1 1 1 1 1 1 1 1 1 1 1 1 1 1 1 1 1 1 1 1 1 1 1 1 1 1 1 1 1 1 1 1 1 1 1 1 1 1 1 1 1 1 1 1 1 1 1 1 1 1 1 1 1 1 1 1 1 1 1 1 1 1 1 1 1 1 1 1 1 1 1 1 1 1 1 1 1 1 1 1 1 1 1 1 1 1 1 1 1 1 1 1 1 1 1 1 1 1
I1024 02:12:54.469540 47621180392512 create_pretraining_data.py:161] input_mask: 1 1 1 1 1 1 1 1 1 1 1 1 1 1 1 1 1 1 1 1 1 1 1 1 1 1 1 1 1 1 1 1 1 1 1 1 1 1 1 1 1 1 1 1 1 1 1 1 1 1 1 1 1 1 1 1 1 1 1 1 1 1 1 1 1 1 1 1 1 1 1 1 1 1 1 1 1 1 1 1 1 1 1 1 1 1 1 1 1 1 1 1 1 1 1 1 1 1 1 1 1 1 1 1 1 1 1 1 1 1 1 1 1 1 1 1 1 1 1 1 1 1 1 1 1 1 1 1
INFO:tensorflow:segment_ids: 0 0 0 0 0 0 0 0 0 0 0 0 0 0 0 0 0 0 0 0 0 0 0 0 0 0 0 0 0 0 0 0 0 0 0 0 0 0 0 0 0 0 0 0 0 0 0 0 0 0 0 0 0 0 0 0 0 0 0 0 0 0 0 0 0 0 0 0 0 0 0 0 0 0 0 0 0 0 0 0 0 0 0 0 0 0 0 0 0 0 0 0 0 0 0 0 0 1 1 1 1 1 1 1 1 1 1 1 1 1 1 1 1 1 1 1 1 1 1 1 1 1 1 1 1 1 1 1
I1024 02:12:54.469732 47621180392512 create_pretraining_data.py:161] segment_ids: 0 0 0 0 0 0 0 0 0 0 0 0 0 0 0 0 0 0 0 0 0 0 0 0 0 0 0 0 0 0 0 0 0 0 0 0 0 0 0 0 0 0 0 0 0 0 0 0 0 0 0 0 0 0 0 0 0 0 0 0 0 0 0 0 0 0 0 0 0 0 0 0 0 0 0 0 0 0 0 0 0 0 0 0 0 0 0 0 0 0 0 0 0 0 0 0 0 1 1 1 1 1 1 1 1 1 1 1 1 1 1 1 1 1 1 1 1 1 1 1 1 1 1 1 1 1 1 1
INFO:tensorflow:masked_lm_positions: 6 7 11 16 38 43 57 65 67 68 75 80 81 91 100 105 108 116 125 0
I1024 02:12:54.469879 47621180392512 create_pretraining_data.py:161] masked_lm_positions: 6 7 11 16 38 43 57 65 67 68 75 80 81 91 100 105 108 116 125 0
INFO:tensorflow:masked_lm_ids: 230 18 18 104 96 18 14 17 4612 9077 96 3842 96 17 15616 18 14 17 18 0
I1024 02:12:54.470029 47621180392512 create_pretraining_data.py:161] masked_lm_ids: 230 18 18 104 96 18 14 17 4612 9077 96 3842 96 17 15616 18 14 17 18 0
INFO:tensorflow:masked_lm_weights: 1.0 1.0 1.0 1.0 1.0 1.0 1.0 1.0 1.0 1.0 1.0 1.0 1.0 1.0 1.0 1.0 1.0 1.0 1.0 0.0
I1024 02:12:54.470173 47621180392512 create_pretraining_data.py:161] masked_lm_weights: 1.0 1.0 1.0 1.0 1.0 1.0 1.0 1.0 1.0 1.0 1.0 1.0 1.0 1.0 1.0 1.0 1.0 1.0 1.0 0.0
INFO:tensorflow:next_sentence_labels: 0
I1024 02:12:54.470306 47621180392512 create_pretraining_data.py:161] next_sentence_labels: 0
INFO:tensorflow:*** Example ***
I1024 02:12:54.471167 47621180392512 create_pretraining_data.py:149] *** Example ***
INFO:tensorflow:tokens: [CLS] فح ##ال [MASK] وحده [MASK] [MASK] [MASK] بالش ##كو ##ى : لا قيمة ولا وزن لح ##ياة ولا لأم ##وال أي إنسان يض ##طر إلى أن يسافر عبر هذا الطريق . من بين المشاريع [MASK] ، التي أد ##رج ##ت على رأس [MASK] [MASK] الرئيس السيسي [MASK] هي شبكة الطرق التي استه ##ل بها الرئيس فترة [MASK] الأولى [MASK] ولا يحل [MASK] [MASK] حتى ولو كان معارض ##ا [MASK] [MASK] المعمارية ، [MASK] يتج ##اهل هذا الإنجاز . . [SEP] فيديو . . دو ##زيم تح ##رج مسؤول سن ##طرا ##ل ” هل تبيع ##ون بخ ##سارة بتخ ##فيض درهم [MASK] الل ##تر وقلت ##م أنك ##م ترب ##حون 20 سنت ##يم فقط [MASK] ” [SEP]
I1024 02:12:54.471393 47621180392512 create_pretraining_data.py:151] tokens: [CLS] فح ##ال [MASK] وحده [MASK] [MASK] [MASK] بالش ##كو ##ى : لا قيمة ولا وزن لح ##ياة ولا لأم ##وال أي إنسان يض ##طر إلى أن يسافر عبر هذا الطريق . من بين المشاريع [MASK] ، التي أد ##رج ##ت على رأس [MASK] [MASK] الرئيس السيسي [MASK] هي شبكة الطرق التي استه ##ل بها الرئيس فترة [MASK] الأولى [MASK] ولا يحل [MASK] [MASK] حتى ولو كان معارض ##ا [MASK] [MASK] المعمارية ، [MASK] يتج ##اهل هذا الإنجاز . . [SEP] فيديو . . دو ##زيم تح ##رج مسؤول سن ##طرا ##ل ” هل تبيع ##ون بخ ##سارة بتخ ##فيض درهم [MASK] الل ##تر وقلت ##م أنك ##م ترب ##حون 20 سنت ##يم فقط [MASK] ” [SEP]
INFO:tensorflow:input_ids: 2 5632 1901 4 4435 4 4 4 4349 2826 1102 30 1963 6256 2086 15125 2503 3003 2086 16008 2318 2235 12792 4132 2248 2045 1979 29468 2830 2085 4386 18 1908 2117 7586 4 378 2061 3293 2155 1005 1961 5365 4 4 2554 7847 4 2247 5595 5910 2061 21809 1010 2459 2554 5269 4 3362 4 2086 12438 4 4 2494 3278 2055 11081 1007 4 4 26282 378 4 15705 3953 2085 19524 18 18 3 3507 18 18 11500 23769 2125 2155 6803 2579 11446 1010 622 2827 22546 1922 3125 25852 15747 13183 7213 4 5996 2582 15274 1015 5942 1015 6697 10949 2056 8220 2019 2574 4 622 3 0 0 0 0 0 0 0 0 0 0 0
I1024 02:12:54.471644 47621180392512 create_pretraining_data.py:161] input_ids: 2 5632 1901 4 4435 4 4 4 4349 2826 1102 30 1963 6256 2086 15125 2503 3003 2086 16008 2318 2235 12792 4132 2248 2045 1979 29468 2830 2085 4386 18 1908 2117 7586 4 378 2061 3293 2155 1005 1961 5365 4 4 2554 7847 4 2247 5595 5910 2061 21809 1010 2459 2554 5269 4 3362 4 2086 12438 4 4 2494 3278 2055 11081 1007 4 4 26282 378 4 15705 3953 2085 19524 18 18 3 3507 18 18 11500 23769 2125 2155 6803 2579 11446 1010 622 2827 22546 1922 3125 25852 15747 13183 7213 4 5996 2582 15274 1015 5942 1015 6697 10949 2056 8220 2019 2574 4 622 3 0 0 0 0 0 0 0 0 0 0 0
INFO:tensorflow:input_mask: 1 1 1 1 1 1 1 1 1 1 1 1 1 1 1 1 1 1 1 1 1 1 1 1 1 1 1 1 1 1 1 1 1 1 1 1 1 1 1 1 1 1 1 1 1 1 1 1 1 1 1 1 1 1 1 1 1 1 1 1 1 1 1 1 1 1 1 1 1 1 1 1 1 1 1 1 1 1 1 1 1 1 1 1 1 1 1 1 1 1 1 1 1 1 1 1 1 1 1 1 1 1 1 1 1 1 1 1 1 1 1 1 1 1 1 1 1 0 0 0 0 0 0 0 0 0 0 0
I1024 02:12:54.471848 47621180392512 create_pretraining_data.py:161] input_mask: 1 1 1 1 1 1 1 1 1 1 1 1 1 1 1 1 1 1 1 1 1 1 1 1 1 1 1 1 1 1 1 1 1 1 1 1 1 1 1 1 1 1 1 1 1 1 1 1 1 1 1 1 1 1 1 1 1 1 1 1 1 1 1 1 1 1 1 1 1 1 1 1 1 1 1 1 1 1 1 1 1 1 1 1 1 1 1 1 1 1 1 1 1 1 1 1 1 1 1 1 1 1 1 1 1 1 1 1 1 1 1 1 1 1 1 1 1 0 0 0 0 0 0 0 0 0 0 0
INFO:tensorflow:segment_ids: 0 0 0 0 0 0 0 0 0 0 0 0 0 0 0 0 0 0 0 0 0 0 0 0 0 0 0 0 0 0 0 0 0 0 0 0 0 0 0 0 0 0 0 0 0 0 0 0 0 0 0 0 0 0 0 0 0 0 0 0 0 0 0 0 0 0 0 0 0 0 0 0 0 0 0 0 0 0 0 0 0 1 1 1 1 1 1 1 1 1 1 1 1 1 1 1 1 1 1 1 1 1 1 1 1 1 1 1 1 1 1 1 1 1 1 1 1 0 0 0 0 0 0 0 0 0 0 0
I1024 02:12:54.472052 47621180392512 create_pretraining_data.py:161] segment_ids: 0 0 0 0 0 0 0 0 0 0 0 0 0 0 0 0 0 0 0 0 0 0 0 0 0 0 0 0 0 0 0 0 0 0 0 0 0 0 0 0 0 0 0 0 0 0 0 0 0 0 0 0 0 0 0 0 0 0 0 0 0 0 0 0 0 0 0 0 0 0 0 0 0 0 0 0 0 0 0 0 0 1 1 1 1 1 1 1 1 1 1 1 1 1 1 1 1 1 1 1 1 1 1 1 1 1 1 1 1 1 1 1 1 1 1 1 1 0 0 0 0 0 0 0 0 0 0 0
INFO:tensorflow:masked_lm_positions: 3 5 6 7 35 43 44 47 57 59 62 63 69 70 71 73 101 114 0 0
I1024 02:12:54.472220 47621180392512 create_pretraining_data.py:161] masked_lm_positions: 3 5 6 7 35 43 44 47 57 59 62 63 69 70 71 73 101 114 0 0
INFO:tensorflow:masked_lm_ids: 4386 378 24866 1017 12775 3399 4318 378 29607 378 8875 378 21734 24326 1028 1979 1912 380 0 0
I1024 02:12:54.472368 47621180392512 create_pretraining_data.py:161] masked_lm_ids: 4386 378 24866 1017 12775 3399 4318 378 29607 378 8875 378 21734 24326 1028 1979 1912 380 0 0
INFO:tensorflow:masked_lm_weights: 1.0 1.0 1.0 1.0 1.0 1.0 1.0 1.0 1.0 1.0 1.0 1.0 1.0 1.0 1.0 1.0 1.0 1.0 0.0 0.0
I1024 02:12:54.472514 47621180392512 create_pretraining_data.py:161] masked_lm_weights: 1.0 1.0 1.0 1.0 1.0 1.0 1.0 1.0 1.0 1.0 1.0 1.0 1.0 1.0 1.0 1.0 1.0 1.0 0.0 0.0
INFO:tensorflow:next_sentence_labels: 1
I1024 02:12:54.472647 47621180392512 create_pretraining_data.py:161] next_sentence_labels: 1
INFO:tensorflow:*** Example ***
I1024 02:12:54.473535 47621180392512 create_pretraining_data.py:149] *** Example ***
INFO:tensorflow:tokens: [CLS] أما تطبيقات الاستش ##عار عن بعد وتص ##وير الأرض من [MASK] فقد أصبح لتق ##نية النا ##نو باع طويل فيها وذلك أن الموج ##ات النا ##نو ##ية المستخدمة في تلك التطبيقات [MASK] بجان تخت ##رق أصغر الأشياء وأن تصل إلى أبعد الأعمال . [SEP] دكتور ##ة من جامعة الفجيرة : اعشق الأجيال السابقة كانت أكثر أوباما [MASK] بمه ##نية العمل في مجالات [MASK] المختلفة ” [SEP]
I1024 02:12:54.473737 47621180392512 create_pretraining_data.py:151] tokens: [CLS] أما تطبيقات الاستش ##عار عن بعد وتص ##وير الأرض من [MASK] فقد أصبح لتق ##نية النا ##نو باع طويل فيها وذلك أن الموج ##ات النا ##نو ##ية المستخدمة في تلك التطبيقات [MASK] بجان تخت ##رق أصغر الأشياء وأن تصل إلى أبعد الأعمال . [SEP] دكتور ##ة من جامعة الفجيرة : اعشق الأجيال السابقة كانت أكثر أوباما [MASK] بمه ##نية العمل في مجالات [MASK] المختلفة ” [SEP]
INFO:tensorflow:input_ids: 2 3444 8380 11419 2685 1955 2089 5580 2626 4158 1908 4 2901 6597 12866 2330 2193 11993 6666 7516 2443 3133 1979 4940 1904 2193 11993 1910 17005 1912 3041 14088 4 19366 6627 2166 24476 11370 3310 5880 2045 20505 4752 18 3 5351 1043 1908 4175 28974 30 13491 22570 6438 2431 2976 12287 4 27464 2330 2854 1912 8067 4 5524 622 3 0 0 0 0 0 0 0 0 0 0 0 0 0 0 0 0 0 0 0 0 0 0 0 0 0 0 0 0 0 0 0 0 0 0 0 0 0 0 0 0 0 0 0 0 0 0 0 0 0 0 0 0 0 0 0 0 0 0 0 0 0
I1024 02:12:54.473981 47621180392512 create_pretraining_data.py:161] input_ids: 2 3444 8380 11419 2685 1955 2089 5580 2626 4158 1908 4 2901 6597 12866 2330 2193 11993 6666 7516 2443 3133 1979 4940 1904 2193 11993 1910 17005 1912 3041 14088 4 19366 6627 2166 24476 11370 3310 5880 2045 20505 4752 18 3 5351 1043 1908 4175 28974 30 13491 22570 6438 2431 2976 12287 4 27464 2330 2854 1912 8067 4 5524 622 3 0 0 0 0 0 0 0 0 0 0 0 0 0 0 0 0 0 0 0 0 0 0 0 0 0 0 0 0 0 0 0 0 0 0 0 0 0 0 0 0 0 0 0 0 0 0 0 0 0 0 0 0 0 0 0 0 0 0 0 0 0
INFO:tensorflow:input_mask: 1 1 1 1 1 1 1 1 1 1 1 1 1 1 1 1 1 1 1 1 1 1 1 1 1 1 1 1 1 1 1 1 1 1 1 1 1 1 1 1 1 1 1 1 1 1 1 1 1 1 1 1 1 1 1 1 1 1 1 1 1 1 1 1 1 1 1 0 0 0 0 0 0 0 0 0 0 0 0 0 0 0 0 0 0 0 0 0 0 0 0 0 0 0 0 0 0 0 0 0 0 0 0 0 0 0 0 0 0 0 0 0 0 0 0 0 0 0 0 0 0 0 0 0 0 0 0 0
I1024 02:12:54.474150 47621180392512 create_pretraining_data.py:161] input_mask: 1 1 1 1 1 1 1 1 1 1 1 1 1 1 1 1 1 1 1 1 1 1 1 1 1 1 1 1 1 1 1 1 1 1 1 1 1 1 1 1 1 1 1 1 1 1 1 1 1 1 1 1 1 1 1 1 1 1 1 1 1 1 1 1 1 1 1 0 0 0 0 0 0 0 0 0 0 0 0 0 0 0 0 0 0 0 0 0 0 0 0 0 0 0 0 0 0 0 0 0 0 0 0 0 0 0 0 0 0 0 0 0 0 0 0 0 0 0 0 0 0 0 0 0 0 0 0 0
INFO:tensorflow:segment_ids: 0 0 0 0 0 0 0 0 0 0 0 0 0 0 0 0 0 0 0 0 0 0 0 0 0 0 0 0 0 0 0 0 0 0 0 0 0 0 0 0 0 0 0 0 0 1 1 1 1 1 1 1 1 1 1 1 1 1 1 1 1 1 1 1 1 1 1 0 0 0 0 0 0 0 0 0 0 0 0 0 0 0 0 0 0 0 0 0 0 0 0 0 0 0 0 0 0 0 0 0 0 0 0 0 0 0 0 0 0 0 0 0 0 0 0 0 0 0 0 0 0 0 0 0 0 0 0 0
I1024 02:12:54.474325 47621180392512 create_pretraining_data.py:161] segment_ids: 0 0 0 0 0 0 0 0 0 0 0 0 0 0 0 0 0 0 0 0 0 0 0 0 0 0 0 0 0 0 0 0 0 0 0 0 0 0 0 0 0 0 0 0 0 1 1 1 1 1 1 1 1 1 1 1 1 1 1 1 1 1 1 1 1 1 1 0 0 0 0 0 0 0 0 0 0 0 0 0 0 0 0 0 0 0 0 0 0 0 0 0 0 0 0 0 0 0 0 0 0 0 0 0 0 0 0 0 0 0 0 0 0 0 0 0 0 0 0 0 0 0 0 0 0 0 0 0
INFO:tensorflow:masked_lm_positions: 2 5 11 32 33 37 51 56 57 63 0 0 0 0 0 0 0 0 0 0
I1024 02:12:54.474453 47621180392512 create_pretraining_data.py:161] masked_lm_positions: 2 5 11 32 33 37 51 56 57 63 0 0 0 0 0 0 0 0 0 0
INFO:tensorflow:masked_lm_ids: 8380 1955 9719 5637 1979 11370 621 19319 1007 5474 0 0 0 0 0 0 0 0 0 0
I1024 02:12:54.474571 47621180392512 create_pretraining_data.py:161] masked_lm_ids: 8380 1955 9719 5637 1979 11370 621 19319 1007 5474 0 0 0 0 0 0 0 0 0 0
INFO:tensorflow:masked_lm_weights: 1.0 1.0 1.0 1.0 1.0 1.0 1.0 1.0 1.0 1.0 0.0 0.0 0.0 0.0 0.0 0.0 0.0 0.0 0.0 0.0
I1024 02:12:54.474692 47621180392512 create_pretraining_data.py:161] masked_lm_weights: 1.0 1.0 1.0 1.0 1.0 1.0 1.0 1.0 1.0 1.0 0.0 0.0 0.0 0.0 0.0 0.0 0.0 0.0 0.0 0.0
INFO:tensorflow:next_sentence_labels: 1
I1024 02:12:54.474803 47621180392512 create_pretraining_data.py:161] next_sentence_labels: 1
INFO:tensorflow:*** Example ***
I1024 02:12:54.475517 47621180392512 create_pretraining_data.py:149] *** Example ***
INFO:tensorflow:tokens: [CLS] ترى كل ماهو جميل [MASK] أنك في أح ##ضان [MASK] ثانوية الشهيد دع ##لو ##ز الحاج [MASK] [MASK] ##a : منتد ##انا الغالي [MASK] [MASK] [MASK] لطيف ظله ##ا . عظيم نفع ##ها مبارك قطره ##ا . اينما حلت عم نفع ##ها تنشر ##ح الصدور ##عاطي تست ##ب ##شر الانف ##س برؤ ##يتها . فهو كنز ثم ##ين ويت امن رائ متي ##ن . [MASK] من [MASK] [MASK] او كان عضوا مشارك ##ا و اخ ##ا حمي [MASK] [SEP] القلب المجر ##وح [MASK] [MASK] © ؛ ° ̈° ؛ © ] [ المنتديات الأدبية ] [ © ؛ ° ̈° ؛ © : : © المنعم ° [MASK] ؛ © ] [ قسم التراث والاص ##اله ] [ © ؛ ° ̈° ؛ © شاطر | [SEP]
I1024 02:12:54.475705 47621180392512 create_pretraining_data.py:151] tokens: [CLS] ترى كل ماهو جميل [MASK] أنك في أح ##ضان [MASK] ثانوية الشهيد دع ##لو ##ز الحاج [MASK] [MASK] ##a : منتد ##انا الغالي [MASK] [MASK] [MASK] لطيف ظله ##ا . عظيم نفع ##ها مبارك قطره ##ا . اينما حلت عم نفع ##ها تنشر ##ح الصدور ##عاطي تست ##ب ##شر الانف ##س برؤ ##يتها . فهو كنز ثم ##ين ويت امن رائ متي ##ن . [MASK] من [MASK] [MASK] او كان عضوا مشارك ##ا و اخ ##ا حمي [MASK] [SEP] القلب المجر ##وح [MASK] [MASK] © ؛ ° ̈° ؛ © ] [ المنتديات الأدبية ] [ © ؛ ° ̈° ؛ © : : © المنعم ° [MASK] ؛ © ] [ قسم التراث والاص ##اله ] [ © ؛ ° ̈° ؛ © شاطر | [SEP]
INFO:tensorflow:input_ids: 2 8416 2038 6029 3814 4 5942 1912 3603 3670 4 16298 6070 4222 1948 1008 5341 4 4 1049 30 23085 2534 10589 4 4 4 14745 27587 1007 18 5182 19748 1913 5547 27715 1007 18 14437 24781 2102 19748 1913 14970 1032 18537 26430 2558 1045 2072 8229 1033 23285 4689 18 3799 12873 2371 1911 3398 4135 3694 5917 1006 18 4 1908 4 4 2213 2055 12794 16425 1007 415 2269 1007 16034 4 3 3338 21147 2517 4 4 106 379 110 14104 379 106 65 63 3469 8205 65 63 106 379 110 14104 379 106 30 30 106 17751 110 4 379 106 65 63 2122 7831 16633 2556 65 63 106 379 110 14104 379 106 15939 96 3
I1024 02:12:54.475892 47621180392512 create_pretraining_data.py:161] input_ids: 2 8416 2038 6029 3814 4 5942 1912 3603 3670 4 16298 6070 4222 1948 1008 5341 4 4 1049 30 23085 2534 10589 4 4 4 14745 27587 1007 18 5182 19748 1913 5547 27715 1007 18 14437 24781 2102 19748 1913 14970 1032 18537 26430 2558 1045 2072 8229 1033 23285 4689 18 3799 12873 2371 1911 3398 4135 3694 5917 1006 18 4 1908 4 4 2213 2055 12794 16425 1007 415 2269 1007 16034 4 3 3338 21147 2517 4 4 106 379 110 14104 379 106 65 63 3469 8205 65 63 106 379 110 14104 379 106 30 30 106 17751 110 4 379 106 65 63 2122 7831 16633 2556 65 63 106 379 110 14104 379 106 15939 96 3
INFO:tensorflow:input_mask: 1 1 1 1 1 1 1 1 1 1 1 1 1 1 1 1 1 1 1 1 1 1 1 1 1 1 1 1 1 1 1 1 1 1 1 1 1 1 1 1 1 1 1 1 1 1 1 1 1 1 1 1 1 1 1 1 1 1 1 1 1 1 1 1 1 1 1 1 1 1 1 1 1 1 1 1 1 1 1 1 1 1 1 1 1 1 1 1 1 1 1 1 1 1 1 1 1 1 1 1 1 1 1 1 1 1 1 1 1 1 1 1 1 1 1 1 1 1 1 1 1 1 1 1 1 1 1 1
I1024 02:12:54.476078 47621180392512 create_pretraining_data.py:161] input_mask: 1 1 1 1 1 1 1 1 1 1 1 1 1 1 1 1 1 1 1 1 1 1 1 1 1 1 1 1 1 1 1 1 1 1 1 1 1 1 1 1 1 1 1 1 1 1 1 1 1 1 1 1 1 1 1 1 1 1 1 1 1 1 1 1 1 1 1 1 1 1 1 1 1 1 1 1 1 1 1 1 1 1 1 1 1 1 1 1 1 1 1 1 1 1 1 1 1 1 1 1 1 1 1 1 1 1 1 1 1 1 1 1 1 1 1 1 1 1 1 1 1 1 1 1 1 1 1 1
INFO:tensorflow:segment_ids: 0 0 0 0 0 0 0 0 0 0 0 0 0 0 0 0 0 0 0 0 0 0 0 0 0 0 0 0 0 0 0 0 0 0 0 0 0 0 0 0 0 0 0 0 0 0 0 0 0 0 0 0 0 0 0 0 0 0 0 0 0 0 0 0 0 0 0 0 0 0 0 0 0 0 0 0 0 0 0 0 1 1 1 1 1 1 1 1 1 1 1 1 1 1 1 1 1 1 1 1 1 1 1 1 1 1 1 1 1 1 1 1 1 1 1 1 1 1 1 1 1 1 1 1 1 1 1 1
I1024 02:12:54.476241 47621180392512 create_pretraining_data.py:161] segment_ids: 0 0 0 0 0 0 0 0 0 0 0 0 0 0 0 0 0 0 0 0 0 0 0 0 0 0 0 0 0 0 0 0 0 0 0 0 0 0 0 0 0 0 0 0 0 0 0 0 0 0 0 0 0 0 0 0 0 0 0 0 0 0 0 0 0 0 0 0 0 0 0 0 0 0 0 0 0 0 0 0 1 1 1 1 1 1 1 1 1 1 1 1 1 1 1 1 1 1 1 1 1 1 1 1 1 1 1 1 1 1 1 1 1 1 1 1 1 1 1 1 1 1 1 1 1 1 1 1
INFO:tensorflow:masked_lm_positions: 5 10 17 18 19 24 25 26 46 61 65 67 68 77 78 83 84 106 108 0
I1024 02:12:54.476366 47621180392512 create_pretraining_data.py:161] masked_lm_positions: 5 10 17 18 19 24 25 26 46 61 65 67 68 77 78 83 84 106 108 0
INFO:tensorflow:masked_lm_ids: 15661 3074 81 18193 1049 3881 13563 2595 415 415 3164 12404 1028 16034 1015 30 30 379 14104 0
I1024 02:12:54.476485 47621180392512 create_pretraining_data.py:161] masked_lm_ids: 15661 3074 81 18193 1049 3881 13563 2595 415 415 3164 12404 1028 16034 1015 30 30 379 14104 0
INFO:tensorflow:masked_lm_weights: 1.0 1.0 1.0 1.0 1.0 1.0 1.0 1.0 1.0 1.0 1.0 1.0 1.0 1.0 1.0 1.0 1.0 1.0 1.0 0.0
I1024 02:12:54.476606 47621180392512 create_pretraining_data.py:161] masked_lm_weights: 1.0 1.0 1.0 1.0 1.0 1.0 1.0 1.0 1.0 1.0 1.0 1.0 1.0 1.0 1.0 1.0 1.0 1.0 1.0 0.0
INFO:tensorflow:next_sentence_labels: 1
I1024 02:12:54.476716 47621180392512 create_pretraining_data.py:161] next_sentence_labels: 1
INFO:tensorflow:*** Example ***
I1024 02:12:54.477430 47621180392512 create_pretraining_data.py:149] *** Example ***
INFO:tensorflow:tokens: [CLS] [MASK] عمر ##ة ##درا ##جات هوا ##ئية ##مل ##اب ##س و زينة ##دل ##يل مواقع ##مت ##فرق ##ات تص ##اني ##ف ثانوية عقارات القاهرة عقارات القاهرة ##عق ##ارات الإسكندرية ##عق ##ارات الجيزة ##عق ##ارات شبرا الخيمة ##عق ##ارات بور [MASK] [MASK] [MASK] السويس ##عق ##ارات المحلة الكبرى ##عق ##ارات الأقصر ##عق ##ارات أسيوط ##عق ##ارات المنصورة ##عق ##ارات طنطا ##عق ##ارات الفيوم ##عق ##ارات الزقازيق ##عق ##ارات الإسماعيلية ##عق ##ارات [MASK] الدوار ##عق ##ارات أسوان ##عق ##ارات قناع ##قار ##ات دم ##نه ##ور ##عق ##ارات [MASK] [MASK] الهض سوهاج ##بني سويف ##شب ##ين الكوم ##عق ##ارات [MASK] [MASK] [MASK] إد ##فو ##عق ##ارات [MASK] ##لخ [MASK] الحبوب ##ات عداد الشيخ ##عق ##ارات ملو ##يع ##قار [SEP] كس ##ته [MASK] [MASK] وان ##طف ##أت ملامح ##ه . [SEP]
I1024 02:12:54.477619 47621180392512 create_pretraining_data.py:151] tokens: [CLS] [MASK] عمر ##ة ##درا ##جات هوا ##ئية ##مل ##اب ##س و زينة ##دل ##يل مواقع ##مت ##فرق ##ات تص ##اني ##ف ثانوية عقارات القاهرة عقارات القاهرة ##عق ##ارات الإسكندرية ##عق ##ارات الجيزة ##عق ##ارات شبرا الخيمة ##عق ##ارات بور [MASK] [MASK] [MASK] السويس ##عق ##ارات المحلة الكبرى ##عق ##ارات الأقصر ##عق ##ارات أسيوط ##عق ##ارات المنصورة ##عق ##ارات طنطا ##عق ##ارات الفيوم ##عق ##ارات الزقازيق ##عق ##ارات الإسماعيلية ##عق ##ارات [MASK] الدوار ##عق ##ارات أسوان ##عق ##ارات قناع ##قار ##ات دم ##نه ##ور ##عق ##ارات [MASK] [MASK] الهض سوهاج ##بني سويف ##شب ##ين الكوم ##عق ##ارات [MASK] [MASK] [MASK] إد ##فو ##عق ##ارات [MASK] ##لخ [MASK] الحبوب ##ات عداد الشيخ ##عق ##ارات ملو ##يع ##قار [SEP] كس ##ته [MASK] [MASK] وان ##طف ##أت ملامح ##ه . [SEP]
INFO:tensorflow:input_ids: 2 4 2852 1043 12127 3094 9296 3371 2182 1933 1033 415 26148 9297 2027 3989 2321 6325 1904 2223 2022 1037 16298 7299 4611 7299 4611 16808 2150 12588 16808 2150 16925 16808 2150 27585 8311 16808 2150 4362 4 4 4 8813 16808 2150 24210 6677 16808 2150 27076 16808 2150 23081 16808 2150 19742 16808 2150 19677 16808 2150 23679 16808 2150 23874 16808 2150 26167 16808 2150 4 29735 16808 2150 14264 16808 2150 21507 8690 1904 4006 2110 1936 16808 2150 4 4 21764 25784 12157 23352 11294 1911 11662 16808 2150 4 4 4 4241 3301 16808 2150 4 1990 4 19367 1904 23671 2702 16808 2150 27054 2105 8690 3 5373 2076 4 4 2178 2297 6207 12062 1028 18 3
I1024 02:12:54.477824 47621180392512 create_pretraining_data.py:161] input_ids: 2 4 2852 1043 12127 3094 9296 3371 2182 1933 1033 415 26148 9297 2027 3989 2321 6325 1904 2223 2022 1037 16298 7299 4611 7299 4611 16808 2150 12588 16808 2150 16925 16808 2150 27585 8311 16808 2150 4362 4 4 4 8813 16808 2150 24210 6677 16808 2150 27076 16808 2150 23081 16808 2150 19742 16808 2150 19677 16808 2150 23679 16808 2150 23874 16808 2150 26167 16808 2150 4 29735 16808 2150 14264 16808 2150 21507 8690 1904 4006 2110 1936 16808 2150 4 4 21764 25784 12157 23352 11294 1911 11662 16808 2150 4 4 4 4241 3301 16808 2150 4 1990 4 19367 1904 23671 2702 16808 2150 27054 2105 8690 3 5373 2076 4 4 2178 2297 6207 12062 1028 18 3
INFO:tensorflow:input_mask: 1 1 1 1 1 1 1 1 1 1 1 1 1 1 1 1 1 1 1 1 1 1 1 1 1 1 1 1 1 1 1 1 1 1 1 1 1 1 1 1 1 1 1 1 1 1 1 1 1 1 1 1 1 1 1 1 1 1 1 1 1 1 1 1 1 1 1 1 1 1 1 1 1 1 1 1 1 1 1 1 1 1 1 1 1 1 1 1 1 1 1 1 1 1 1 1 1 1 1 1 1 1 1 1 1 1 1 1 1 1 1 1 1 1 1 1 1 1 1 1 1 1 1 1 1 1 1 1
I1024 02:12:54.478000 47621180392512 create_pretraining_data.py:161] input_mask: 1 1 1 1 1 1 1 1 1 1 1 1 1 1 1 1 1 1 1 1 1 1 1 1 1 1 1 1 1 1 1 1 1 1 1 1 1 1 1 1 1 1 1 1 1 1 1 1 1 1 1 1 1 1 1 1 1 1 1 1 1 1 1 1 1 1 1 1 1 1 1 1 1 1 1 1 1 1 1 1 1 1 1 1 1 1 1 1 1 1 1 1 1 1 1 1 1 1 1 1 1 1 1 1 1 1 1 1 1 1 1 1 1 1 1 1 1 1 1 1 1 1 1 1 1 1 1 1
INFO:tensorflow:segment_ids: 0 0 0 0 0 0 0 0 0 0 0 0 0 0 0 0 0 0 0 0 0 0 0 0 0 0 0 0 0 0 0 0 0 0 0 0 0 0 0 0 0 0 0 0 0 0 0 0 0 0 0 0 0 0 0 0 0 0 0 0 0 0 0 0 0 0 0 0 0 0 0 0 0 0 0 0 0 0 0 0 0 0 0 0 0 0 0 0 0 0 0 0 0 0 0 0 0 0 0 0 0 0 0 0 0 0 0 0 0 0 0 0 0 0 0 0 0 1 1 1 1 1 1 1 1 1 1 1
I1024 02:12:54.478160 47621180392512 create_pretraining_data.py:161] segment_ids: 0 0 0 0 0 0 0 0 0 0 0 0 0 0 0 0 0 0 0 0 0 0 0 0 0 0 0 0 0 0 0 0 0 0 0 0 0 0 0 0 0 0 0 0 0 0 0 0 0 0 0 0 0 0 0 0 0 0 0 0 0 0 0 0 0 0 0 0 0 0 0 0 0 0 0 0 0 0 0 0 0 0 0 0 0 0 0 0 0 0 0 0 0 0 0 0 0 0 0 0 0 0 0 0 0 0 0 0 0 0 0 0 0 0 0 0 0 1 1 1 1 1 1 1 1 1 1 1
INFO:tensorflow:masked_lm_positions: 1 40 41 42 71 86 87 88 97 98 99 104 105 106 107 108 109 119 120 0
I1024 02:12:54.478284 47621180392512 create_pretraining_data.py:161] masked_lm_positions: 1 40 41 42 71 86 87 88 97 98 99 104 105 106 107 108 109 119 120 0
INFO:tensorflow:masked_lm_ids: 7617 3664 16808 2150 5489 21037 16808 2150 13113 16808 2150 403 1990 2000 8690 1904 5489 21878 3569 0
I1024 02:12:54.478403 47621180392512 create_pretraining_data.py:161] masked_lm_ids: 7617 3664 16808 2150 5489 21037 16808 2150 13113 16808 2150 403 1990 2000 8690 1904 5489 21878 3569 0
INFO:tensorflow:masked_lm_weights: 1.0 1.0 1.0 1.0 1.0 1.0 1.0 1.0 1.0 1.0 1.0 1.0 1.0 1.0 1.0 1.0 1.0 1.0 1.0 0.0
I1024 02:12:54.478542 47621180392512 create_pretraining_data.py:161] masked_lm_weights: 1.0 1.0 1.0 1.0 1.0 1.0 1.0 1.0 1.0 1.0 1.0 1.0 1.0 1.0 1.0 1.0 1.0 1.0 1.0 0.0
INFO:tensorflow:next_sentence_labels: 1
I1024 02:12:54.478654 47621180392512 create_pretraining_data.py:161] next_sentence_labels: 1
INFO:tensorflow:*** Example ***
I1024 02:12:54.479377 47621180392512 create_pretraining_data.py:149] *** Example ***
INFO:tensorflow:tokens: [CLS] [MASK] بيت ##س [MASK] [MASK] التشغيل الذكية و إمكانية المشاركة [MASK] الشبكات [MASK] ، دمج ##ها مع تطبيق الموسيقى الموجود أصلا لدى المستخدمين . [MASK] [MASK] رسوم الاشتراك [MASK] الخدمة فلا ##تز ##ال محط الدراسة مابين حد أدنى عند 7 . 99 $ شهريا لتصل إلى حد [MASK] 9 [MASK] 99 [MASK] شهريا . [MASK] [MASK] [MASK] عملية تطوير الخدمة الجديدة واجهت بعض [SEP] في نفسك شوف يا ##ي ##وسف أنا ه ##قول لك حاجة , الحفظ ده زي الصغرى الحديد بالظ ##بط , [MASK] لما [MASK] تلعب حديد بتش ##يل أوز ##ان صغيرة وش ##وية شوي ##ة بت ##لاقي ##ك دخلت في التقي ##ل لان ليا ##قتك بتع ##لا كل شوي ##ة الحفظ زي [MASK] [MASK] بالظ ##بط , حاجة تاني ##ة أن مخ الإنسان [SEP]
I1024 02:12:54.479564 47621180392512 create_pretraining_data.py:151] tokens: [CLS] [MASK] بيت ##س [MASK] [MASK] التشغيل الذكية و إمكانية المشاركة [MASK] الشبكات [MASK] ، دمج ##ها مع تطبيق الموسيقى الموجود أصلا لدى المستخدمين . [MASK] [MASK] رسوم الاشتراك [MASK] الخدمة فلا ##تز ##ال محط الدراسة مابين حد أدنى عند 7 . 99 $ شهريا لتصل إلى حد [MASK] 9 [MASK] 99 [MASK] شهريا . [MASK] [MASK] [MASK] عملية تطوير الخدمة الجديدة واجهت بعض [SEP] في نفسك شوف يا ##ي ##وسف أنا ه ##قول لك حاجة , الحفظ ده زي الصغرى الحديد بالظ ##بط , [MASK] لما [MASK] تلعب حديد بتش ##يل أوز ##ان صغيرة وش ##وية شوي ##ة بت ##لاقي ##ك دخلت في التقي ##ل لان ليا ##قتك بتع ##لا كل شوي ##ة الحفظ زي [MASK] [MASK] بالظ ##بط , حاجة تاني ##ة أن مخ الإنسان [SEP]
INFO:tensorflow:input_ids: 2 4 2967 1033 4 4 8847 9973 415 10888 4878 4 11364 4 378 23772 1913 1973 4456 11852 9840 16124 3912 9985 18 4 4 12421 5147 4 5933 2828 14224 1901 24620 6861 12476 2470 15464 2192 27 18 10751 8 15572 17396 2045 2470 4 29 4 10751 4 15572 18 4 4 4 2532 4168 5933 3895 18554 2346 3 1912 3665 5729 2104 1013 4007 3897 414 2730 2278 8200 16 24746 4382 3253 27755 8540 28416 2463 16 4 2518 4 11954 10731 13969 2027 22328 1906 6959 2347 2328 8096 1043 2206 9279 1014 8434 1912 18873 1010 2551 7706 6352 6554 1903 2038 8096 1043 24746 3253 4 4 28416 2463 16 8200 9118 1043 1979 2523 4005 3
I1024 02:12:54.479753 47621180392512 create_pretraining_data.py:161] input_ids: 2 4 2967 1033 4 4 8847 9973 415 10888 4878 4 11364 4 378 23772 1913 1973 4456 11852 9840 16124 3912 9985 18 4 4 12421 5147 4 5933 2828 14224 1901 24620 6861 12476 2470 15464 2192 27 18 10751 8 15572 17396 2045 2470 4 29 4 10751 4 15572 18 4 4 4 2532 4168 5933 3895 18554 2346 3 1912 3665 5729 2104 1013 4007 3897 414 2730 2278 8200 16 24746 4382 3253 27755 8540 28416 2463 16 4 2518 4 11954 10731 13969 2027 22328 1906 6959 2347 2328 8096 1043 2206 9279 1014 8434 1912 18873 1010 2551 7706 6352 6554 1903 2038 8096 1043 24746 3253 4 4 28416 2463 16 8200 9118 1043 1979 2523 4005 3
INFO:tensorflow:input_mask: 1 1 1 1 1 1 1 1 1 1 1 1 1 1 1 1 1 1 1 1 1 1 1 1 1 1 1 1 1 1 1 1 1 1 1 1 1 1 1 1 1 1 1 1 1 1 1 1 1 1 1 1 1 1 1 1 1 1 1 1 1 1 1 1 1 1 1 1 1 1 1 1 1 1 1 1 1 1 1 1 1 1 1 1 1 1 1 1 1 1 1 1 1 1 1 1 1 1 1 1 1 1 1 1 1 1 1 1 1 1 1 1 1 1 1 1 1 1 1 1 1 1 1 1 1 1 1 1
I1024 02:12:54.479944 47621180392512 create_pretraining_data.py:161] input_mask: 1 1 1 1 1 1 1 1 1 1 1 1 1 1 1 1 1 1 1 1 1 1 1 1 1 1 1 1 1 1 1 1 1 1 1 1 1 1 1 1 1 1 1 1 1 1 1 1 1 1 1 1 1 1 1 1 1 1 1 1 1 1 1 1 1 1 1 1 1 1 1 1 1 1 1 1 1 1 1 1 1 1 1 1 1 1 1 1 1 1 1 1 1 1 1 1 1 1 1 1 1 1 1 1 1 1 1 1 1 1 1 1 1 1 1 1 1 1 1 1 1 1 1 1 1 1 1 1
INFO:tensorflow:segment_ids: 0 0 0 0 0 0 0 0 0 0 0 0 0 0 0 0 0 0 0 0 0 0 0 0 0 0 0 0 0 0 0 0 0 0 0 0 0 0 0 0 0 0 0 0 0 0 0 0 0 0 0 0 0 0 0 0 0 0 0 0 0 0 0 0 0 1 1 1 1 1 1 1 1 1 1 1 1 1 1 1 1 1 1 1 1 1 1 1 1 1 1 1 1 1 1 1 1 1 1 1 1 1 1 1 1 1 1 1 1 1 1 1 1 1 1 1 1 1 1 1 1 1 1 1 1 1 1 1
I1024 02:12:54.480109 47621180392512 create_pretraining_data.py:161] segment_ids: 0 0 0 0 0 0 0 0 0 0 0 0 0 0 0 0 0 0 0 0 0 0 0 0 0 0 0 0 0 0 0 0 0 0 0 0 0 0 0 0 0 0 0 0 0 0 0 0 0 0 0 0 0 0 0 0 0 0 0 0 0 0 0 0 0 1 1 1 1 1 1 1 1 1 1 1 1 1 1 1 1 1 1 1 1 1 1 1 1 1 1 1 1 1 1 1 1 1 1 1 1 1 1 1 1 1 1 1 1 1 1 1 1 1 1 1 1 1 1 1 1 1 1 1 1 1 1 1
INFO:tensorflow:masked_lm_positions: 1 4 5 11 13 25 26 29 48 50 52 55 56 57 80 85 87 116 117 0
I1024 02:12:54.480233 47621180392512 create_pretraining_data.py:161] masked_lm_positions: 1 4 5 11 13 25 26 29 48 50 52 55 56 57 80 85 87 116 117 0
INFO:tensorflow:masked_lm_ids: 4221 2546 19224 1961 5024 17195 23450 1912 7450 18 8 2425 6428 1979 4046 3399 24992 16673 1043 0
I1024 02:12:54.480353 47621180392512 create_pretraining_data.py:161] masked_lm_ids: 4221 2546 19224 1961 5024 17195 23450 1912 7450 18 8 2425 6428 1979 4046 3399 24992 16673 1043 0
INFO:tensorflow:masked_lm_weights: 1.0 1.0 1.0 1.0 1.0 1.0 1.0 1.0 1.0 1.0 1.0 1.0 1.0 1.0 1.0 1.0 1.0 1.0 1.0 0.0
I1024 02:12:54.480473 47621180392512 create_pretraining_data.py:161] masked_lm_weights: 1.0 1.0 1.0 1.0 1.0 1.0 1.0 1.0 1.0 1.0 1.0 1.0 1.0 1.0 1.0 1.0 1.0 1.0 1.0 0.0
INFO:tensorflow:next_sentence_labels: 1
I1024 02:12:54.480583 47621180392512 create_pretraining_data.py:161] next_sentence_labels: 1
INFO:tensorflow:*** Example ***
I1024 02:12:54.481315 47621180392512 create_pretraining_data.py:149] *** Example ***
INFO:tensorflow:tokens: [CLS] [MASK] الحرب الأهلية اللبنانية وشارك ##وا فيها ، لكن حبه ##م للد ##راجات النارية كان أقوى من [MASK] . . [MASK] " تخطي الحدود " ليس عن مشاكل الهجرة والمه ##اجر ##ين أو اللاجئين وعلا ##قتهم بم ##مارسة الرياضة ، فالح ##دود هنا لها معنى آخر [MASK] . [MASK] . يقدم [MASK] الإنجليزي [MASK] كوكو ##تا ##جل ##و في [MASK] ##ه الأخير " ارت [SEP] [MASK] الوثائق ##ي " مك ##وين " ينق ##سم إلى [MASK] معن ##ونة ##حاسيس فكل [MASK] وضع له تصميم [MASK] يعبر عن أحد عروض ألك ##سندر الفا ##صلة [MASK] مسيرته . لاز ##ارو [MASK] الصغير الذي يست ##غله أفراد قري ##ته كما يست ##غله ##م [MASK] يست ##عبد ##هم [MASK] [MASK] سلسلة لا تن ##كسر فالج ##ميع يست ##عبد الجميع . [SEP]
I1024 02:12:54.481504 47621180392512 create_pretraining_data.py:151] tokens: [CLS] [MASK] الحرب الأهلية اللبنانية وشارك ##وا فيها ، لكن حبه ##م للد ##راجات النارية كان أقوى من [MASK] . . [MASK] " تخطي الحدود " ليس عن مشاكل الهجرة والمه ##اجر ##ين أو اللاجئين وعلا ##قتهم بم ##مارسة الرياضة ، فالح ##دود هنا لها معنى آخر [MASK] . [MASK] . يقدم [MASK] الإنجليزي [MASK] كوكو ##تا ##جل ##و في [MASK] ##ه الأخير " ارت [SEP] [MASK] الوثائق ##ي " مك ##وين " ينق ##سم إلى [MASK] معن ##ونة ##حاسيس فكل [MASK] وضع له تصميم [MASK] يعبر عن أحد عروض ألك ##سندر الفا ##صلة [MASK] مسيرته . لاز ##ارو [MASK] الصغير الذي يست ##غله أفراد قري ##ته كما يست ##غله ##م [MASK] يست ##عبد ##هم [MASK] [MASK] سلسلة لا تن ##كسر فالج ##ميع يست ##عبد الجميع . [SEP]
INFO:tensorflow:input_ids: 2 4 4125 14194 4761 15253 1928 2443 378 2425 9729 1015 2437 9470 15388 2055 13590 1908 4 18 18 4 6 20300 4906 6 2618 1955 4401 10734 10628 6319 1911 2075 8668 5073 11910 2225 15004 4612 378 10548 11762 2349 2553 7948 2514 4 18 4 18 5234 4 16064 4 17612 4258 2293 1012 1912 4 1028 6747 6 3137 3 4 11108 1013 6 2708 3934 6 29431 1984 2045 4 12723 3226 23934 9611 4 3462 2154 4428 4 10657 1955 2907 4559 29554 26986 7999 6330 4 19965 18 13624 11158 4 7039 2130 2414 20099 8932 7635 2076 2306 2414 20099 1015 4 2414 14503 1949 4 4 7430 1963 2245 5323 21607 2267 2414 14503 3982 18 3
I1024 02:12:54.481706 47621180392512 create_pretraining_data.py:161] input_ids: 2 4 4125 14194 4761 15253 1928 2443 378 2425 9729 1015 2437 9470 15388 2055 13590 1908 4 18 18 4 6 20300 4906 6 2618 1955 4401 10734 10628 6319 1911 2075 8668 5073 11910 2225 15004 4612 378 10548 11762 2349 2553 7948 2514 4 18 4 18 5234 4 16064 4 17612 4258 2293 1012 1912 4 1028 6747 6 3137 3 4 11108 1013 6 2708 3934 6 29431 1984 2045 4 12723 3226 23934 9611 4 3462 2154 4428 4 10657 1955 2907 4559 29554 26986 7999 6330 4 19965 18 13624 11158 4 7039 2130 2414 20099 8932 7635 2076 2306 2414 20099 1015 4 2414 14503 1949 4 4 7430 1963 2245 5323 21607 2267 2414 14503 3982 18 3
INFO:tensorflow:input_mask: 1 1 1 1 1 1 1 1 1 1 1 1 1 1 1 1 1 1 1 1 1 1 1 1 1 1 1 1 1 1 1 1 1 1 1 1 1 1 1 1 1 1 1 1 1 1 1 1 1 1 1 1 1 1 1 1 1 1 1 1 1 1 1 1 1 1 1 1 1 1 1 1 1 1 1 1 1 1 1 1 1 1 1 1 1 1 1 1 1 1 1 1 1 1 1 1 1 1 1 1 1 1 1 1 1 1 1 1 1 1 1 1 1 1 1 1 1 1 1 1 1 1 1 1 1 1 1 1
I1024 02:12:54.481874 47621180392512 create_pretraining_data.py:161] input_mask: 1 1 1 1 1 1 1 1 1 1 1 1 1 1 1 1 1 1 1 1 1 1 1 1 1 1 1 1 1 1 1 1 1 1 1 1 1 1 1 1 1 1 1 1 1 1 1 1 1 1 1 1 1 1 1 1 1 1 1 1 1 1 1 1 1 1 1 1 1 1 1 1 1 1 1 1 1 1 1 1 1 1 1 1 1 1 1 1 1 1 1 1 1 1 1 1 1 1 1 1 1 1 1 1 1 1 1 1 1 1 1 1 1 1 1 1 1 1 1 1 1 1 1 1 1 1 1 1
INFO:tensorflow:segment_ids: 0 0 0 0 0 0 0 0 0 0 0 0 0 0 0 0 0 0 0 0 0 0 0 0 0 0 0 0 0 0 0 0 0 0 0 0 0 0 0 0 0 0 0 0 0 0 0 0 0 0 0 0 0 0 0 0 0 0 0 0 0 0 0 0 0 0 1 1 1 1 1 1 1 1 1 1 1 1 1 1 1 1 1 1 1 1 1 1 1 1 1 1 1 1 1 1 1 1 1 1 1 1 1 1 1 1 1 1 1 1 1 1 1 1 1 1 1 1 1 1 1 1 1 1 1 1 1 1
I1024 02:12:54.482040 47621180392512 create_pretraining_data.py:161] segment_ids: 0 0 0 0 0 0 0 0 0 0 0 0 0 0 0 0 0 0 0 0 0 0 0 0 0 0 0 0 0 0 0 0 0 0 0 0 0 0 0 0 0 0 0 0 0 0 0 0 0 0 0 0 0 0 0 0 0 0 0 0 0 0 0 0 0 0 1 1 1 1 1 1 1 1 1 1 1 1 1 1 1 1 1 1 1 1 1 1 1 1 1 1 1 1 1 1 1 1 1 1 1 1 1 1 1 1 1 1 1 1 1 1 1 1 1 1 1 1 1 1 1 1 1 1 1 1 1 1
INFO:tensorflow:masked_lm_positions: 1 18 21 47 49 52 54 60 61 66 76 79 81 85 94 99 111 115 116 0
I1024 02:12:54.482164 47621180392512 create_pretraining_data.py:161] masked_lm_positions: 1 18 21 47 49 52 54 60 61 66 76 79 81 85 94 99 111 115 116 0
INFO:tensorflow:masked_lm_ids: 15914 18 4705 21980 18 12797 17539 4705 1028 7555 14272 378 5101 20688 1912 7915 1908 378 24695 0
I1024 02:12:54.482283 47621180392512 create_pretraining_data.py:161] masked_lm_ids: 15914 18 4705 21980 18 12797 17539 4705 1028 7555 14272 378 5101 20688 1912 7915 1908 378 24695 0
INFO:tensorflow:masked_lm_weights: 1.0 1.0 1.0 1.0 1.0 1.0 1.0 1.0 1.0 1.0 1.0 1.0 1.0 1.0 1.0 1.0 1.0 1.0 1.0 0.0
I1024 02:12:54.482403 47621180392512 create_pretraining_data.py:161] masked_lm_weights: 1.0 1.0 1.0 1.0 1.0 1.0 1.0 1.0 1.0 1.0 1.0 1.0 1.0 1.0 1.0 1.0 1.0 1.0 1.0 0.0
INFO:tensorflow:next_sentence_labels: 0
I1024 02:12:54.482512 47621180392512 create_pretraining_data.py:161] next_sentence_labels: 0
INFO:tensorflow:*** Example ***
I1024 02:12:54.483225 47621180392512 create_pretraining_data.py:149] *** Example ***
INFO:tensorflow:tokens: [CLS] ##ون على منطقة قن ##دهار ويف ##رض ##ون [MASK] تكفون [MASK] وسط غياب [MASK] الوالي الناج ##م اب ##هي يحدد غدا الاثنين كم ##وعد لعقد جلسة استثنائية لجماعة افر ##ك ##ط اتهامات [MASK] بعض [MASK] جماعة تك ##ليت لعض ##و بالمجلس [MASK] بكل ##يم ##يم بسبب لحظة اقتحام [MASK] الشرطة لث ##انوية ابن بط ##وطة بالع ##يون بسبب احتجاجات التوقيت المدرسي تلاميذ غاض ##بون بث ##انوية بالع ##يون يطرد ##ون مدير الاكاديمية مبارك الحن ##صال ##ي فوضى بح [MASK] أبا ##ينو بكل ##يم ##يم تهدد بكار ##ثة [MASK] صمت المسؤولين هذا ما [MASK] وزير الصحة الد ##كال ##ي من كلي ##ميم عن المستشفى الجهوي الجديد وعن المستشفيات بط ##ان ##طان واس ##ا واف [SEP] لقد [MASK] [MASK] ##ديث الشروط [MASK] [MASK] العامة لتقديم الوظائف الجديدة . [SEP]
I1024 02:12:54.483413 47621180392512 create_pretraining_data.py:151] tokens: [CLS] ##ون على منطقة قن ##دهار ويف ##رض ##ون [MASK] تكفون [MASK] وسط غياب [MASK] الوالي الناج ##م اب ##هي يحدد غدا الاثنين كم ##وعد لعقد جلسة استثنائية لجماعة افر ##ك ##ط اتهامات [MASK] بعض [MASK] جماعة تك ##ليت لعض ##و بالمجلس [MASK] بكل ##يم ##يم بسبب لحظة اقتحام [MASK] الشرطة لث ##انوية ابن بط ##وطة بالع ##يون بسبب احتجاجات التوقيت المدرسي تلاميذ غاض ##بون بث ##انوية بالع ##يون يطرد ##ون مدير الاكاديمية مبارك الحن ##صال ##ي فوضى بح [MASK] أبا ##ينو بكل ##يم ##يم تهدد بكار ##ثة [MASK] صمت المسؤولين هذا ما [MASK] وزير الصحة الد ##كال ##ي من كلي ##ميم عن المستشفى الجهوي الجديد وعن المستشفيات بط ##ان ##طان واس ##ا واف [SEP] لقد [MASK] [MASK] ##ديث الشروط [MASK] [MASK] العامة لتقديم الوظائف الجديدة . [SEP]
INFO:tensorflow:input_ids: 2 1922 1961 3532 10208 16444 7002 2080 1922 4 15822 4 4008 4832 4 29808 16514 1015 2093 2421 12867 4496 4439 2995 14041 22222 8803 24134 26815 22023 1014 1040 22200 4 2346 4 7435 2654 7499 25094 1012 27513 4 3268 2019 2019 3179 10037 16463 4 5044 10046 5442 2549 2522 11971 3598 2281 3179 26110 13803 16265 23549 18675 10749 4329 5442 3598 2281 26086 1922 3615 23840 5547 14583 2520 1013 29943 2302 4 7945 9929 3268 2019 2019 15382 29534 4759 4 8152 7898 2085 1972 4 3075 4270 1978 4804 1013 1908 5916 2954 1955 9908 25076 3421 4321 12744 2522 1906 3779 3402 1007 4124 3 3863 4 4 2430 8401 4 4 2754 10673 8594 3895 18 3
I1024 02:12:54.483619 47621180392512 create_pretraining_data.py:161] input_ids: 2 1922 1961 3532 10208 16444 7002 2080 1922 4 15822 4 4008 4832 4 29808 16514 1015 2093 2421 12867 4496 4439 2995 14041 22222 8803 24134 26815 22023 1014 1040 22200 4 2346 4 7435 2654 7499 25094 1012 27513 4 3268 2019 2019 3179 10037 16463 4 5044 10046 5442 2549 2522 11971 3598 2281 3179 26110 13803 16265 23549 18675 10749 4329 5442 3598 2281 26086 1922 3615 23840 5547 14583 2520 1013 29943 2302 4 7945 9929 3268 2019 2019 15382 29534 4759 4 8152 7898 2085 1972 4 3075 4270 1978 4804 1013 1908 5916 2954 1955 9908 25076 3421 4321 12744 2522 1906 3779 3402 1007 4124 3 3863 4 4 2430 8401 4 4 2754 10673 8594 3895 18 3
INFO:tensorflow:input_mask: 1 1 1 1 1 1 1 1 1 1 1 1 1 1 1 1 1 1 1 1 1 1 1 1 1 1 1 1 1 1 1 1 1 1 1 1 1 1 1 1 1 1 1 1 1 1 1 1 1 1 1 1 1 1 1 1 1 1 1 1 1 1 1 1 1 1 1 1 1 1 1 1 1 1 1 1 1 1 1 1 1 1 1 1 1 1 1 1 1 1 1 1 1 1 1 1 1 1 1 1 1 1 1 1 1 1 1 1 1 1 1 1 1 1 1 1 1 1 1 1 1 1 1 1 1 1 1 1
I1024 02:12:54.483787 47621180392512 create_pretraining_data.py:161] input_mask: 1 1 1 1 1 1 1 1 1 1 1 1 1 1 1 1 1 1 1 1 1 1 1 1 1 1 1 1 1 1 1 1 1 1 1 1 1 1 1 1 1 1 1 1 1 1 1 1 1 1 1 1 1 1 1 1 1 1 1 1 1 1 1 1 1 1 1 1 1 1 1 1 1 1 1 1 1 1 1 1 1 1 1 1 1 1 1 1 1 1 1 1 1 1 1 1 1 1 1 1 1 1 1 1 1 1 1 1 1 1 1 1 1 1 1 1 1 1 1 1 1 1 1 1 1 1 1 1
INFO:tensorflow:segment_ids: 0 0 0 0 0 0 0 0 0 0 0 0 0 0 0 0 0 0 0 0 0 0 0 0 0 0 0 0 0 0 0 0 0 0 0 0 0 0 0 0 0 0 0 0 0 0 0 0 0 0 0 0 0 0 0 0 0 0 0 0 0 0 0 0 0 0 0 0 0 0 0 0 0 0 0 0 0 0 0 0 0 0 0 0 0 0 0 0 0 0 0 0 0 0 0 0 0 0 0 0 0 0 0 0 0 0 0 0 0 0 0 0 0 0 0 1 1 1 1 1 1 1 1 1 1 1 1 1
I1024 02:12:54.483969 47621180392512 create_pretraining_data.py:161] segment_ids: 0 0 0 0 0 0 0 0 0 0 0 0 0 0 0 0 0 0 0 0 0 0 0 0 0 0 0 0 0 0 0 0 0 0 0 0 0 0 0 0 0 0 0 0 0 0 0 0 0 0 0 0 0 0 0 0 0 0 0 0 0 0 0 0 0 0 0 0 0 0 0 0 0 0 0 0 0 0 0 0 0 0 0 0 0 0 0 0 0 0 0 0 0 0 0 0 0 0 0 0 0 0 0 0 0 0 0 0 0 0 0 0 0 0 0 1 1 1 1 1 1 1 1 1 1 1 1 1
INFO:tensorflow:masked_lm_positions: 9 10 11 14 28 33 35 42 49 61 78 79 88 93 116 117 118 120 121 0
I1024 02:12:54.484101 47621180392512 create_pretraining_data.py:161] masked_lm_positions: 9 10 11 14 28 33 35 42 49 61 78 79 88 93 116 117 118 120 121 0
INFO:tensorflow:masked_lm_ids: 3751 29532 1005 15082 26815 1908 6215 14247 4077 16265 2302 3124 4008 9181 18568 5171 2430 14598 5552 0
I1024 02:12:54.484221 47621180392512 create_pretraining_data.py:161] masked_lm_ids: 3751 29532 1005 15082 26815 1908 6215 14247 4077 16265 2302 3124 4008 9181 18568 5171 2430 14598 5552 0
INFO:tensorflow:masked_lm_weights: 1.0 1.0 1.0 1.0 1.0 1.0 1.0 1.0 1.0 1.0 1.0 1.0 1.0 1.0 1.0 1.0 1.0 1.0 1.0 0.0
I1024 02:12:54.484342 47621180392512 create_pretraining_data.py:161] masked_lm_weights: 1.0 1.0 1.0 1.0 1.0 1.0 1.0 1.0 1.0 1.0 1.0 1.0 1.0 1.0 1.0 1.0 1.0 1.0 1.0 0.0
INFO:tensorflow:next_sentence_labels: 1
I1024 02:12:54.484452 47621180392512 create_pretraining_data.py:161] next_sentence_labels: 1
INFO:tensorflow:*** Example ***
I1024 02:12:54.485152 47621180392512 create_pretraining_data.py:149] *** Example ***
INFO:tensorflow:tokens: [CLS] المثال قوله هذا لا يعني إنك ##اره للخ ##الق ، وإنما يدل على شعور ##ه بأن الكون سائر وفق نظام مرسوم خاض ##ع لس ##لاس ##ل العموم ##ية متت ##ابعة ، يمكن [MASK] [MASK] بال ##لاحق منها لدى معرفة السابق . [SEP] وعلى هذا الأساس [MASK] الموقع إلى إعادة [MASK] كل ما ينس ##جم مع رسالته الثقافية [SEP]
I1024 02:12:54.485314 47621180392512 create_pretraining_data.py:151] tokens: [CLS] المثال قوله هذا لا يعني إنك ##اره للخ ##الق ، وإنما يدل على شعور ##ه بأن الكون سائر وفق نظام مرسوم خاض ##ع لس ##لاس ##ل العموم ##ية متت ##ابعة ، يمكن [MASK] [MASK] بال ##لاحق منها لدى معرفة السابق . [SEP] وعلى هذا الأساس [MASK] الموقع إلى إعادة [MASK] كل ما ينس ##جم مع رسالته الثقافية [SEP]
INFO:tensorflow:input_ids: 2 10257 3604 2085 1963 3236 15023 2418 4446 5957 378 6589 8858 1961 5443 1028 3010 5047 12538 4863 3701 11395 11068 1009 2968 9953 1010 21854 1910 12662 3609 378 2490 4 4 1951 23479 2813 3912 7645 3905 18 3 3720 2085 12626 4 3221 2045 5765 4 2038 1972 9406 2629 1973 26496 7475 3 0 0 0 0 0 0 0 0 0 0 0 0 0 0 0 0 0 0 0 0 0 0 0 0 0 0 0 0 0 0 0 0 0 0 0 0 0 0 0 0 0 0 0 0 0 0 0 0 0 0 0 0 0 0 0 0 0 0 0 0 0 0 0 0 0 0 0 0 0
I1024 02:12:54.485490 47621180392512 create_pretraining_data.py:161] input_ids: 2 10257 3604 2085 1963 3236 15023 2418 4446 5957 378 6589 8858 1961 5443 1028 3010 5047 12538 4863 3701 11395 11068 1009 2968 9953 1010 21854 1910 12662 3609 378 2490 4 4 1951 23479 2813 3912 7645 3905 18 3 3720 2085 12626 4 3221 2045 5765 4 2038 1972 9406 2629 1973 26496 7475 3 0 0 0 0 0 0 0 0 0 0 0 0 0 0 0 0 0 0 0 0 0 0 0 0 0 0 0 0 0 0 0 0 0 0 0 0 0 0 0 0 0 0 0 0 0 0 0 0 0 0 0 0 0 0 0 0 0 0 0 0 0 0 0 0 0 0 0 0 0
INFO:tensorflow:input_mask: 1 1 1 1 1 1 1 1 1 1 1 1 1 1 1 1 1 1 1 1 1 1 1 1 1 1 1 1 1 1 1 1 1 1 1 1 1 1 1 1 1 1 1 1 1 1 1 1 1 1 1 1 1 1 1 1 1 1 1 0 0 0 0 0 0 0 0 0 0 0 0 0 0 0 0 0 0 0 0 0 0 0 0 0 0 0 0 0 0 0 0 0 0 0 0 0 0 0 0 0 0 0 0 0 0 0 0 0 0 0 0 0 0 0 0 0 0 0 0 0 0 0 0 0 0 0 0 0
I1024 02:12:54.485656 47621180392512 create_pretraining_data.py:161] input_mask: 1 1 1 1 1 1 1 1 1 1 1 1 1 1 1 1 1 1 1 1 1 1 1 1 1 1 1 1 1 1 1 1 1 1 1 1 1 1 1 1 1 1 1 1 1 1 1 1 1 1 1 1 1 1 1 1 1 1 1 0 0 0 0 0 0 0 0 0 0 0 0 0 0 0 0 0 0 0 0 0 0 0 0 0 0 0 0 0 0 0 0 0 0 0 0 0 0 0 0 0 0 0 0 0 0 0 0 0 0 0 0 0 0 0 0 0 0 0 0 0 0 0 0 0 0 0 0 0
INFO:tensorflow:segment_ids: 0 0 0 0 0 0 0 0 0 0 0 0 0 0 0 0 0 0 0 0 0 0 0 0 0 0 0 0 0 0 0 0 0 0 0 0 0 0 0 0 0 0 0 1 1 1 1 1 1 1 1 1 1 1 1 1 1 1 1 0 0 0 0 0 0 0 0 0 0 0 0 0 0 0 0 0 0 0 0 0 0 0 0 0 0 0 0 0 0 0 0 0 0 0 0 0 0 0 0 0 0 0 0 0 0 0 0 0 0 0 0 0 0 0 0 0 0 0 0 0 0 0 0 0 0 0 0 0
I1024 02:12:54.485835 47621180392512 create_pretraining_data.py:161] segment_ids: 0 0 0 0 0 0 0 0 0 0 0 0 0 0 0 0 0 0 0 0 0 0 0 0 0 0 0 0 0 0 0 0 0 0 0 0 0 0 0 0 0 0 0 1 1 1 1 1 1 1 1 1 1 1 1 1 1 1 1 0 0 0 0 0 0 0 0 0 0 0 0 0 0 0 0 0 0 0 0 0 0 0 0 0 0 0 0 0 0 0 0 0 0 0 0 0 0 0 0 0 0 0 0 0 0 0 0 0 0 0 0 0 0 0 0 0 0 0 0 0 0 0 0 0 0 0 0 0
INFO:tensorflow:masked_lm_positions: 1 10 27 28 33 34 46 50 52 0 0 0 0 0 0 0 0 0 0 0
I1024 02:12:54.485967 47621180392512 create_pretraining_data.py:161] masked_lm_positions: 1 10 27 28 33 34 46 50 52 0 0 0 0 0 0 0 0 0 0 0
INFO:tensorflow:masked_lm_ids: 2637 378 4364 1910 2918 28479 11839 3449 1972 0 0 0 0 0 0 0 0 0 0 0
I1024 02:12:54.486087 47621180392512 create_pretraining_data.py:161] masked_lm_ids: 2637 378 4364 1910 2918 28479 11839 3449 1972 0 0 0 0 0 0 0 0 0 0 0
INFO:tensorflow:masked_lm_weights: 1.0 1.0 1.0 1.0 1.0 1.0 1.0 1.0 1.0 0.0 0.0 0.0 0.0 0.0 0.0 0.0 0.0 0.0 0.0 0.0
I1024 02:12:54.486207 47621180392512 create_pretraining_data.py:161] masked_lm_weights: 1.0 1.0 1.0 1.0 1.0 1.0 1.0 1.0 1.0 0.0 0.0 0.0 0.0 0.0 0.0 0.0 0.0 0.0 0.0 0.0
INFO:tensorflow:next_sentence_labels: 1
I1024 02:12:54.486318 47621180392512 create_pretraining_data.py:161] next_sentence_labels: 1
INFO:tensorflow:*** Example ***
I1024 02:12:54.487016 47621180392512 create_pretraining_data.py:149] *** Example ***
INFO:tensorflow:tokens: [CLS] [MASK] [MASK] [MASK] انشاء منتدى مجاني | منتدى مجاني للدعم و المساعدة | إتصل بنا | [MASK] عن محتوى مخالف | انشئ مدونتك [SEP] • ° : اذا كنت ##ى عضو ##ة فتفضل ##ي بالدخول وسا ##هم ##ى معنا في بناء المنتدي واذا [MASK] [MASK] زائر ##ة فيس ##عد ##نا تسجيل ##ك والان ##ضمام لأس ##رتنا [MASK] ونتمنى لكم جولة سعيدة [MASK] [MASK] [MASK] المنتدي مع تحيات ادارة منتدي احلام البنات [MASK] * خاص للز ##ائرات الكريم ##ات : هناك قسم خاص بطلب ##ات التبادل الاعلان ##ى ويس ##مح للز ##وار بوضع مواضيع [MASK] [MASK] * * هام جدا : لا [MASK] بالت ##بادل الاعلان ##ى الا مع منتديات البنات ذاكرة [SEP]
I1024 02:12:54.487200 47621180392512 create_pretraining_data.py:151] tokens: [CLS] [MASK] [MASK] [MASK] انشاء منتدى مجاني | منتدى مجاني للدعم و المساعدة | إتصل بنا | [MASK] عن محتوى مخالف | انشئ مدونتك [SEP] • ° : اذا كنت ##ى عضو ##ة فتفضل ##ي بالدخول وسا ##هم ##ى معنا في بناء المنتدي واذا [MASK] [MASK] زائر ##ة فيس ##عد ##نا تسجيل ##ك والان ##ضمام لأس ##رتنا [MASK] ونتمنى لكم جولة سعيدة [MASK] [MASK] [MASK] المنتدي مع تحيات ادارة منتدي احلام البنات [MASK] * خاص للز ##ائرات الكريم ##ات : هناك قسم خاص بطلب ##ات التبادل الاعلان ##ى ويس ##مح للز ##وار بوضع مواضيع [MASK] [MASK] * * هام جدا : لا [MASK] بالت ##بادل الاعلان ##ى الا مع منتديات البنات ذاكرة [SEP]
INFO:tensorflow:input_ids: 2 4 4 4 6117 2069 3143 96 2069 3143 2679 415 3661 96 4111 3122 96 4 1955 3491 3743 96 5292 5534 3 626 110 30 2387 2678 1102 4866 1043 24928 1013 9704 12686 1949 1102 4798 1912 4225 8597 4876 4 4 7126 1043 11256 1969 1914 6131 1014 4308 7403 17527 28311 4 26809 3406 12296 22829 4 4 4 8597 1973 26564 7091 4376 7804 7023 4 14 3068 6675 16661 3340 1904 30 2671 2122 3068 10927 1904 13099 10907 1102 4274 10079 6675 2364 11560 4483 4 4 14 14 5935 2882 30 1963 4 2619 5530 10907 1102 1915 1973 3074 7023 18710 3 0 0 0 0 0 0 0 0 0 0 0 0 0 0 0
I1024 02:12:54.487387 47621180392512 create_pretraining_data.py:161] input_ids: 2 4 4 4 6117 2069 3143 96 2069 3143 2679 415 3661 96 4111 3122 96 4 1955 3491 3743 96 5292 5534 3 626 110 30 2387 2678 1102 4866 1043 24928 1013 9704 12686 1949 1102 4798 1912 4225 8597 4876 4 4 7126 1043 11256 1969 1914 6131 1014 4308 7403 17527 28311 4 26809 3406 12296 22829 4 4 4 8597 1973 26564 7091 4376 7804 7023 4 14 3068 6675 16661 3340 1904 30 2671 2122 3068 10927 1904 13099 10907 1102 4274 10079 6675 2364 11560 4483 4 4 14 14 5935 2882 30 1963 4 2619 5530 10907 1102 1915 1973 3074 7023 18710 3 0 0 0 0 0 0 0 0 0 0 0 0 0 0 0
INFO:tensorflow:input_mask: 1 1 1 1 1 1 1 1 1 1 1 1 1 1 1 1 1 1 1 1 1 1 1 1 1 1 1 1 1 1 1 1 1 1 1 1 1 1 1 1 1 1 1 1 1 1 1 1 1 1 1 1 1 1 1 1 1 1 1 1 1 1 1 1 1 1 1 1 1 1 1 1 1 1 1 1 1 1 1 1 1 1 1 1 1 1 1 1 1 1 1 1 1 1 1 1 1 1 1 1 1 1 1 1 1 1 1 1 1 1 1 1 1 0 0 0 0 0 0 0 0 0 0 0 0 0 0 0
I1024 02:12:54.487575 47621180392512 create_pretraining_data.py:161] input_mask: 1 1 1 1 1 1 1 1 1 1 1 1 1 1 1 1 1 1 1 1 1 1 1 1 1 1 1 1 1 1 1 1 1 1 1 1 1 1 1 1 1 1 1 1 1 1 1 1 1 1 1 1 1 1 1 1 1 1 1 1 1 1 1 1 1 1 1 1 1 1 1 1 1 1 1 1 1 1 1 1 1 1 1 1 1 1 1 1 1 1 1 1 1 1 1 1 1 1 1 1 1 1 1 1 1 1 1 1 1 1 1 1 1 0 0 0 0 0 0 0 0 0 0 0 0 0 0 0
INFO:tensorflow:segment_ids: 0 0 0 0 0 0 0 0 0 0 0 0 0 0 0 0 0 0 0 0 0 0 0 0 0 1 1 1 1 1 1 1 1 1 1 1 1 1 1 1 1 1 1 1 1 1 1 1 1 1 1 1 1 1 1 1 1 1 1 1 1 1 1 1 1 1 1 1 1 1 1 1 1 1 1 1 1 1 1 1 1 1 1 1 1 1 1 1 1 1 1 1 1 1 1 1 1 1 1 1 1 1 1 1 1 1 1 1 1 1 1 1 1 0 0 0 0 0 0 0 0 0 0 0 0 0 0 0
I1024 02:12:54.487735 47621180392512 create_pretraining_data.py:161] segment_ids: 0 0 0 0 0 0 0 0 0 0 0 0 0 0 0 0 0 0 0 0 0 0 0 0 0 1 1 1 1 1 1 1 1 1 1 1 1 1 1 1 1 1 1 1 1 1 1 1 1 1 1 1 1 1 1 1 1 1 1 1 1 1 1 1 1 1 1 1 1 1 1 1 1 1 1 1 1 1 1 1 1 1 1 1 1 1 1 1 1 1 1 1 1 1 1 1 1 1 1 1 1 1 1 1 1 1 1 1 1 1 1 1 1 0 0 0 0 0 0 0 0 0 0 0 0 0 0 0
INFO:tensorflow:masked_lm_positions: 1 2 3 17 41 44 45 57 61 62 63 64 72 94 95 102 111 0 0 0
I1024 02:12:54.487857 47621180392512 create_pretraining_data.py:161] masked_lm_positions: 1 2 3 17 41 44 45 57 61 62 63 64 72 94 95 102 111 0 0 0
INFO:tensorflow:masked_lm_ids: 106 4237 96 3888 4225 2678 1102 11434 22829 1912 11015 1954 14 3279 6131 9322 2574 0 0 0
I1024 02:12:54.487984 47621180392512 create_pretraining_data.py:161] masked_lm_ids: 106 4237 96 3888 4225 2678 1102 11434 22829 1912 11015 1954 14 3279 6131 9322 2574 0 0 0
INFO:tensorflow:masked_lm_weights: 1.0 1.0 1.0 1.0 1.0 1.0 1.0 1.0 1.0 1.0 1.0 1.0 1.0 1.0 1.0 1.0 1.0 0.0 0.0 0.0
I1024 02:12:54.488106 47621180392512 create_pretraining_data.py:161] masked_lm_weights: 1.0 1.0 1.0 1.0 1.0 1.0 1.0 1.0 1.0 1.0 1.0 1.0 1.0 1.0 1.0 1.0 1.0 0.0 0.0 0.0
INFO:tensorflow:next_sentence_labels: 1
I1024 02:12:54.488217 47621180392512 create_pretraining_data.py:161] next_sentence_labels: 1
INFO:tensorflow:*** Example ***
I1024 02:12:54.488905 47621180392512 create_pretraining_data.py:149] *** Example ***
INFO:tensorflow:tokens: [CLS] [MASK] المواضيع اخر عشرة مواضيع : [MASK] [MASK] عضو في غرفة ملي ##انة ف ##ئران عند الرقم 5 ( اخر مشاركة [MASK] [MASK] الرد ##اء الاحمر [MASK] عددالردود : 40 ##8 - عددالزوار : 49 ##0 ##7 ) » من 1 إلى 7 واك ##سر [MASK] [MASK] إلي تب ##غى بم [MASK] [MASK] ( [MASK] مشاركة : وجد ##ان - عددالردود : 30 ##4 - الجواز : 14 ##70 [MASK] » 1 . [MASK] [SEP] المج ##لد 03 العدد ##ان 7 / 8 يوليو / أغسطس 41 ##0 ##2 41 ##0 ##2 t ##s ##ug ##u ##A / y ##l ##u ##J تصدر في دولة الكويت منذ عام [MASK] [MASK] عن التكلفة . . . [MASK] [SEP]
I1024 02:12:54.489096 47621180392512 create_pretraining_data.py:151] tokens: [CLS] [MASK] المواضيع اخر عشرة مواضيع : [MASK] [MASK] عضو في غرفة ملي ##انة ف ##ئران عند الرقم 5 ( اخر مشاركة [MASK] [MASK] الرد ##اء الاحمر [MASK] عددالردود : 40 ##8 - عددالزوار : 49 ##0 ##7 ) » من 1 إلى 7 واك ##سر [MASK] [MASK] إلي تب ##غى بم [MASK] [MASK] ( [MASK] مشاركة : وجد ##ان - عددالردود : 30 ##4 - الجواز : 14 ##70 [MASK] » 1 . [MASK] [SEP] المج ##لد 03 العدد ##ان 7 / 8 يوليو / أغسطس 41 ##0 ##2 41 ##0 ##2 t ##s ##ug ##u ##A / y ##l ##u ##J تصدر في دولة الكويت منذ عام [MASK] [MASK] عن التكلفة . . . [MASK] [SEP]
INFO:tensorflow:input_ids: 2 4 3642 3076 5940 4483 30 4 4 4866 1912 7136 2612 3987 408 22135 2192 5953 25 12 3076 5021 4 4 5056 1954 11063 4 21885 30 4986 1018 17 21591 30 9335 1071 1058 13 114 1908 21 2045 27 12762 2734 4 4 3228 2500 17117 2225 4 4 12 4 5021 30 5446 1906 17 21885 30 3612 1069 17 22695 30 2951 5639 4 114 21 18 4 3 2265 1956 6257 6983 1906 27 19 28 5457 19 6283 10212 1071 1059 10212 1071 1059 88 1092 17589 1083 1063 19 93 1096 1083 1089 8815 1912 3913 3346 2837 2268 4 4 1955 26431 18 18 18 4 3 0 0 0 0 0 0 0 0 0 0
I1024 02:12:54.489299 47621180392512 create_pretraining_data.py:161] input_ids: 2 4 3642 3076 5940 4483 30 4 4 4866 1912 7136 2612 3987 408 22135 2192 5953 25 12 3076 5021 4 4 5056 1954 11063 4 21885 30 4986 1018 17 21591 30 9335 1071 1058 13 114 1908 21 2045 27 12762 2734 4 4 3228 2500 17117 2225 4 4 12 4 5021 30 5446 1906 17 21885 30 3612 1069 17 22695 30 2951 5639 4 114 21 18 4 3 2265 1956 6257 6983 1906 27 19 28 5457 19 6283 10212 1071 1059 10212 1071 1059 88 1092 17589 1083 1063 19 93 1096 1083 1089 8815 1912 3913 3346 2837 2268 4 4 1955 26431 18 18 18 4 3 0 0 0 0 0 0 0 0 0 0
INFO:tensorflow:input_mask: 1 1 1 1 1 1 1 1 1 1 1 1 1 1 1 1 1 1 1 1 1 1 1 1 1 1 1 1 1 1 1 1 1 1 1 1 1 1 1 1 1 1 1 1 1 1 1 1 1 1 1 1 1 1 1 1 1 1 1 1 1 1 1 1 1 1 1 1 1 1 1 1 1 1 1 1 1 1 1 1 1 1 1 1 1 1 1 1 1 1 1 1 1 1 1 1 1 1 1 1 1 1 1 1 1 1 1 1 1 1 1 1 1 1 1 1 1 1 0 0 0 0 0 0 0 0 0 0
I1024 02:12:54.489467 47621180392512 create_pretraining_data.py:161] input_mask: 1 1 1 1 1 1 1 1 1 1 1 1 1 1 1 1 1 1 1 1 1 1 1 1 1 1 1 1 1 1 1 1 1 1 1 1 1 1 1 1 1 1 1 1 1 1 1 1 1 1 1 1 1 1 1 1 1 1 1 1 1 1 1 1 1 1 1 1 1 1 1 1 1 1 1 1 1 1 1 1 1 1 1 1 1 1 1 1 1 1 1 1 1 1 1 1 1 1 1 1 1 1 1 1 1 1 1 1 1 1 1 1 1 1 1 1 1 1 0 0 0 0 0 0 0 0 0 0
INFO:tensorflow:segment_ids: 0 0 0 0 0 0 0 0 0 0 0 0 0 0 0 0 0 0 0 0 0 0 0 0 0 0 0 0 0 0 0 0 0 0 0 0 0 0 0 0 0 0 0 0 0 0 0 0 0 0 0 0 0 0 0 0 0 0 0 0 0 0 0 0 0 0 0 0 0 0 0 0 0 0 0 0 1 1 1 1 1 1 1 1 1 1 1 1 1 1 1 1 1 1 1 1 1 1 1 1 1 1 1 1 1 1 1 1 1 1 1 1 1 1 1 1 1 1 0 0 0 0 0 0 0 0 0 0
I1024 02:12:54.489626 47621180392512 create_pretraining_data.py:161] segment_ids: 0 0 0 0 0 0 0 0 0 0 0 0 0 0 0 0 0 0 0 0 0 0 0 0 0 0 0 0 0 0 0 0 0 0 0 0 0 0 0 0 0 0 0 0 0 0 0 0 0 0 0 0 0 0 0 0 0 0 0 0 0 0 0 0 0 0 0 0 0 0 0 0 0 0 0 0 1 1 1 1 1 1 1 1 1 1 1 1 1 1 1 1 1 1 1 1 1 1 1 1 1 1 1 1 1 1 1 1 1 1 1 1 1 1 1 1 1 1 0 0 0 0 0 0 0 0 0 0
INFO:tensorflow:masked_lm_positions: 1 7 8 22 23 27 46 47 51 52 53 55 66 70 74 109 110 116 0 0
I1024 02:12:54.489749 47621180392512 create_pretraining_data.py:161] masked_lm_positions: 1 7 8 22 23 27 46 47 51 52 53 55 66 70 74 109 110 116 0 0
INFO:tensorflow:masked_lm_ids: 3044 2744 1033 30 3492 17 19069 1009 2225 19950 1043 3076 21591 13 18 14175 28444 18 0 0
I1024 02:12:54.489868 47621180392512 create_pretraining_data.py:161] masked_lm_ids: 3044 2744 1033 30 3492 17 19069 1009 2225 19950 1043 3076 21591 13 18 14175 28444 18 0 0
INFO:tensorflow:masked_lm_weights: 1.0 1.0 1.0 1.0 1.0 1.0 1.0 1.0 1.0 1.0 1.0 1.0 1.0 1.0 1.0 1.0 1.0 1.0 0.0 0.0
I1024 02:12:54.489996 47621180392512 create_pretraining_data.py:161] masked_lm_weights: 1.0 1.0 1.0 1.0 1.0 1.0 1.0 1.0 1.0 1.0 1.0 1.0 1.0 1.0 1.0 1.0 1.0 1.0 0.0 0.0
INFO:tensorflow:next_sentence_labels: 1
I1024 02:12:54.490108 47621180392512 create_pretraining_data.py:161] next_sentence_labels: 1
INFO:tensorflow:*** Example ***
I1024 02:12:54.490793 47621180392512 create_pretraining_data.py:149] *** Example ***
INFO:tensorflow:tokens: [CLS] [MASK] [MASK] [MASK] لدينا عمال [MASK] يقومون بتن ##ظيف المنزل من اثار البق لمنع انتشار البي ##كت ##يريا و الميك ##روبات و الجر ##اث ##يم التي تتسبب ##ها [MASK] [MASK] البق ، ثم رش المع ##قم ##ات اللازم ##ه لتط ##هير المكان و المع ##طرا ##ت الخاصه من [MASK] سي ##وكل ##ر فقط لتع ##طير المكان واعادة انت ##عاش ##ه . [SEP] تدور الأحداث [MASK] أن قام ( [MASK] عامر [MASK] بض ##رب زوجته ( فوزي ##ة ) ، في ##عتقد الجميع أنها فارق ##ت الحياة ، وإذا بالأح ##دا ##ث [MASK] نقل ##ة جديدة حيث [MASK] [MASK] المسلسل الأي ##دي الخفي ##ة التي تدعم الإرهاب [MASK] وخاصة ##دامة . [SEP]
I1024 02:12:54.490999 47621180392512 create_pretraining_data.py:151] tokens: [CLS] [MASK] [MASK] [MASK] لدينا عمال [MASK] يقومون بتن ##ظيف المنزل من اثار البق لمنع انتشار البي ##كت ##يريا و الميك ##روبات و الجر ##اث ##يم التي تتسبب ##ها [MASK] [MASK] البق ، ثم رش المع ##قم ##ات اللازم ##ه لتط ##هير المكان و المع ##طرا ##ت الخاصه من [MASK] سي ##وكل ##ر فقط لتع ##طير المكان واعادة انت ##عاش ##ه . [SEP] تدور الأحداث [MASK] أن قام ( [MASK] عامر [MASK] بض ##رب زوجته ( فوزي ##ة ) ، في ##عتقد الجميع أنها فارق ##ت الحياة ، وإذا بالأح ##دا ##ث [MASK] نقل ##ة جديدة حيث [MASK] [MASK] المسلسل الأي ##دي الخفي ##ة التي تدعم الإرهاب [MASK] وخاصة ##دامة . [SEP]
INFO:tensorflow:input_ids: 2 4 4 4 5344 10408 4 15064 7368 2864 6125 1908 9988 6692 12437 9447 2801 2053 8340 415 12567 8654 415 11813 2651 2019 2061 25062 1913 4 4 6692 378 2371 6300 2240 2644 1904 13729 1028 28938 3732 5401 415 2240 11446 1005 7395 1908 4 2266 11791 1017 2574 10030 15691 5401 26775 2164 14587 1028 18 3 9886 8935 4 1979 3347 12 4 9343 4 6362 1975 8542 12 23359 1043 13 378 1912 8255 3982 3811 14279 1005 3696 378 5681 29234 2060 1039 4 3890 1043 3403 2455 4 4 11552 19453 1930 15543 1043 2061 11201 7482 4 8478 13437 18 3 0 0 0 0 0 0 0 0 0 0 0 0 0 0 0 0
I1024 02:12:54.491188 47621180392512 create_pretraining_data.py:161] input_ids: 2 4 4 4 5344 10408 4 15064 7368 2864 6125 1908 9988 6692 12437 9447 2801 2053 8340 415 12567 8654 415 11813 2651 2019 2061 25062 1913 4 4 6692 378 2371 6300 2240 2644 1904 13729 1028 28938 3732 5401 415 2240 11446 1005 7395 1908 4 2266 11791 1017 2574 10030 15691 5401 26775 2164 14587 1028 18 3 9886 8935 4 1979 3347 12 4 9343 4 6362 1975 8542 12 23359 1043 13 378 1912 8255 3982 3811 14279 1005 3696 378 5681 29234 2060 1039 4 3890 1043 3403 2455 4 4 11552 19453 1930 15543 1043 2061 11201 7482 4 8478 13437 18 3 0 0 0 0 0 0 0 0 0 0 0 0 0 0 0 0
INFO:tensorflow:input_mask: 1 1 1 1 1 1 1 1 1 1 1 1 1 1 1 1 1 1 1 1 1 1 1 1 1 1 1 1 1 1 1 1 1 1 1 1 1 1 1 1 1 1 1 1 1 1 1 1 1 1 1 1 1 1 1 1 1 1 1 1 1 1 1 1 1 1 1 1 1 1 1 1 1 1 1 1 1 1 1 1 1 1 1 1 1 1 1 1 1 1 1 1 1 1 1 1 1 1 1 1 1 1 1 1 1 1 1 1 1 1 1 1 0 0 0 0 0 0 0 0 0 0 0 0 0 0 0 0
I1024 02:12:54.491354 47621180392512 create_pretraining_data.py:161] input_mask: 1 1 1 1 1 1 1 1 1 1 1 1 1 1 1 1 1 1 1 1 1 1 1 1 1 1 1 1 1 1 1 1 1 1 1 1 1 1 1 1 1 1 1 1 1 1 1 1 1 1 1 1 1 1 1 1 1 1 1 1 1 1 1 1 1 1 1 1 1 1 1 1 1 1 1 1 1 1 1 1 1 1 1 1 1 1 1 1 1 1 1 1 1 1 1 1 1 1 1 1 1 1 1 1 1 1 1 1 1 1 1 1 0 0 0 0 0 0 0 0 0 0 0 0 0 0 0 0
INFO:tensorflow:segment_ids: 0 0 0 0 0 0 0 0 0 0 0 0 0 0 0 0 0 0 0 0 0 0 0 0 0 0 0 0 0 0 0 0 0 0 0 0 0 0 0 0 0 0 0 0 0 0 0 0 0 0 0 0 0 0 0 0 0 0 0 0 0 0 0 1 1 1 1 1 1 1 1 1 1 1 1 1 1 1 1 1 1 1 1 1 1 1 1 1 1 1 1 1 1 1 1 1 1 1 1 1 1 1 1 1 1 1 1 1 1 1 1 1 0 0 0 0 0 0 0 0 0 0 0 0 0 0 0 0
I1024 02:12:54.491514 47621180392512 create_pretraining_data.py:161] segment_ids: 0 0 0 0 0 0 0 0 0 0 0 0 0 0 0 0 0 0 0 0 0 0 0 0 0 0 0 0 0 0 0 0 0 0 0 0 0 0 0 0 0 0 0 0 0 0 0 0 0 0 0 0 0 0 0 0 0 0 0 0 0 0 0 1 1 1 1 1 1 1 1 1 1 1 1 1 1 1 1 1 1 1 1 1 1 1 1 1 1 1 1 1 1 1 1 1 1 1 1 1 1 1 1 1 1 1 1 1 1 1 1 1 0 0 0 0 0 0 0 0 0 0 0 0 0 0 0 0
INFO:tensorflow:masked_lm_positions: 1 2 3 6 29 30 49 61 65 69 71 86 92 97 98 107 109 0 0 0
I1024 02:12:54.491653 47621180392512 create_pretraining_data.py:161] masked_lm_positions: 1 2 3 6 29 30 49 61 65 69 71 86 92 97 98 107 109 0 0 0
INFO:tensorflow:masked_lm_ids: 26745 1007 30 24143 14706 2197 2753 18 2089 2902 13 3696 5570 2414 4153 378 4585 0 0 0
I1024 02:12:54.491775 47621180392512 create_pretraining_data.py:161] masked_lm_ids: 26745 1007 30 24143 14706 2197 2753 18 2089 2902 13 3696 5570 2414 4153 378 4585 0 0 0
INFO:tensorflow:masked_lm_weights: 1.0 1.0 1.0 1.0 1.0 1.0 1.0 1.0 1.0 1.0 1.0 1.0 1.0 1.0 1.0 1.0 1.0 0.0 0.0 0.0
I1024 02:12:54.491897 47621180392512 create_pretraining_data.py:161] masked_lm_weights: 1.0 1.0 1.0 1.0 1.0 1.0 1.0 1.0 1.0 1.0 1.0 1.0 1.0 1.0 1.0 1.0 1.0 0.0 0.0 0.0
INFO:tensorflow:next_sentence_labels: 1
I1024 02:12:54.492016 47621180392512 create_pretraining_data.py:161] next_sentence_labels: 1
INFO:tensorflow:*** Example ***
I1024 02:12:54.492699 47621180392512 create_pretraining_data.py:149] *** Example ***
INFO:tensorflow:tokens: [CLS] . t [MASK] co / u ##C ##9 ##n ##D ##8 ##g ##D ##b ##0 راي [MASK] : [MASK] تعتزم فتح جامعة في سوريا راي اليوم : [MASK] بوش أحمد دور ##سون / الأنا ##ضول – أعلن وزير العلوم والأب ##حاث و . . يطبق t . co / f ##1 ##R ##MW ##L ##4 ##s ##W ##g مصر ##اوي : في مثل [SEP] النك ##ات | | - - اقوى موقف مضحك صاد ##فك | | [MASK] - قسم التعارف | | - - استراحة المغتربين | | [MASK] - [MASK] وحل | | - - صيد [MASK] [MASK] [MASK] | - - كرسي الاعتراف | [MASK] - - اخبار الفن والفنانين العرب | | - [MASK] اخبار الفن والفنانين في العالم | | [MASK] [SEP]
I1024 02:12:54.492887 47621180392512 create_pretraining_data.py:151] tokens: [CLS] . t [MASK] co / u ##C ##9 ##n ##D ##8 ##g ##D ##b ##0 راي [MASK] : [MASK] تعتزم فتح جامعة في سوريا راي اليوم : [MASK] بوش أحمد دور ##سون / الأنا ##ضول – أعلن وزير العلوم والأب ##حاث و . . يطبق t . co / f ##1 ##R ##MW ##L ##4 ##s ##W ##g مصر ##اوي : في مثل [SEP] النك ##ات | | - - اقوى موقف مضحك صاد ##فك | | [MASK] - قسم التعارف | | - - استراحة المغتربين | | [MASK] - [MASK] وحل | | - - صيد [MASK] [MASK] [MASK] | - - كرسي الاعتراف | [MASK] - - اخبار الفن والفنانين العرب | | - [MASK] اخبار الفن والفنانين في العالم | | [MASK] [SEP]
INFO:tensorflow:input_ids: 2 18 88 4 4587 19 89 1084 1077 1052 1100 1018 1025 1100 1060 1071 5148 4 30 4 24162 4131 4175 1912 3379 5148 2217 30 4 8614 3219 3591 4912 19 9800 26686 616 4359 3075 4196 24177 17610 415 18 18 27228 88 18 4587 19 74 1029 1099 25909 1061 1069 1092 1129 1025 2559 6899 30 1912 2546 3 14016 1904 96 96 17 17 21055 5321 14805 5490 11001 96 96 4 17 2122 12042 96 96 17 17 13322 19138 96 96 4 17 4 16495 96 96 17 17 10476 4 4 4 96 17 17 10352 9273 96 4 17 17 3300 5200 23623 3157 96 96 17 4 3300 5200 23623 1912 2337 96 96 4 3
I1024 02:12:54.493082 47621180392512 create_pretraining_data.py:161] input_ids: 2 18 88 4 4587 19 89 1084 1077 1052 1100 1018 1025 1100 1060 1071 5148 4 30 4 24162 4131 4175 1912 3379 5148 2217 30 4 8614 3219 3591 4912 19 9800 26686 616 4359 3075 4196 24177 17610 415 18 18 27228 88 18 4587 19 74 1029 1099 25909 1061 1069 1092 1129 1025 2559 6899 30 1912 2546 3 14016 1904 96 96 17 17 21055 5321 14805 5490 11001 96 96 4 17 2122 12042 96 96 17 17 13322 19138 96 96 4 17 4 16495 96 96 17 17 10476 4 4 4 96 17 17 10352 9273 96 4 17 17 3300 5200 23623 3157 96 96 17 4 3300 5200 23623 1912 2337 96 96 4 3
INFO:tensorflow:input_mask: 1 1 1 1 1 1 1 1 1 1 1 1 1 1 1 1 1 1 1 1 1 1 1 1 1 1 1 1 1 1 1 1 1 1 1 1 1 1 1 1 1 1 1 1 1 1 1 1 1 1 1 1 1 1 1 1 1 1 1 1 1 1 1 1 1 1 1 1 1 1 1 1 1 1 1 1 1 1 1 1 1 1 1 1 1 1 1 1 1 1 1 1 1 1 1 1 1 1 1 1 1 1 1 1 1 1 1 1 1 1 1 1 1 1 1 1 1 1 1 1 1 1 1 1 1 1 1 1
I1024 02:12:54.493266 47621180392512 create_pretraining_data.py:161] input_mask: 1 1 1 1 1 1 1 1 1 1 1 1 1 1 1 1 1 1 1 1 1 1 1 1 1 1 1 1 1 1 1 1 1 1 1 1 1 1 1 1 1 1 1 1 1 1 1 1 1 1 1 1 1 1 1 1 1 1 1 1 1 1 1 1 1 1 1 1 1 1 1 1 1 1 1 1 1 1 1 1 1 1 1 1 1 1 1 1 1 1 1 1 1 1 1 1 1 1 1 1 1 1 1 1 1 1 1 1 1 1 1 1 1 1 1 1 1 1 1 1 1 1 1 1 1 1 1 1
INFO:tensorflow:segment_ids: 0 0 0 0 0 0 0 0 0 0 0 0 0 0 0 0 0 0 0 0 0 0 0 0 0 0 0 0 0 0 0 0 0 0 0 0 0 0 0 0 0 0 0 0 0 0 0 0 0 0 0 0 0 0 0 0 0 0 0 0 0 0 0 0 0 1 1 1 1 1 1 1 1 1 1 1 1 1 1 1 1 1 1 1 1 1 1 1 1 1 1 1 1 1 1 1 1 1 1 1 1 1 1 1 1 1 1 1 1 1 1 1 1 1 1 1 1 1 1 1 1 1 1 1 1 1 1 1
I1024 02:12:54.493428 47621180392512 create_pretraining_data.py:161] segment_ids: 0 0 0 0 0 0 0 0 0 0 0 0 0 0 0 0 0 0 0 0 0 0 0 0 0 0 0 0 0 0 0 0 0 0 0 0 0 0 0 0 0 0 0 0 0 0 0 0 0 0 0 0 0 0 0 0 0 0 0 0 0 0 0 0 0 1 1 1 1 1 1 1 1 1 1 1 1 1 1 1 1 1 1 1 1 1 1 1 1 1 1 1 1 1 1 1 1 1 1 1 1 1 1 1 1 1 1 1 1 1 1 1 1 1 1 1 1 1 1 1 1 1 1 1 1 1 1 1
INFO:tensorflow:masked_lm_positions: 3 17 19 28 29 45 62 78 90 92 99 100 101 104 107 108 118 124 126 0
I1024 02:12:54.493551 47621180392512 create_pretraining_data.py:161] masked_lm_positions: 3 17 19 28 29 45 62 78 90 92 99 100 101 104 107 108 118 124 126 0
INFO:tensorflow:masked_lm_ids: 18 2217 5796 22744 19 18 1912 17 17 9215 7394 2873 96 17 96 96 17 96 17 0
I1024 02:12:54.493670 47621180392512 create_pretraining_data.py:161] masked_lm_ids: 18 2217 5796 22744 19 18 1912 17 17 9215 7394 2873 96 17 96 96 17 96 17 0
INFO:tensorflow:masked_lm_weights: 1.0 1.0 1.0 1.0 1.0 1.0 1.0 1.0 1.0 1.0 1.0 1.0 1.0 1.0 1.0 1.0 1.0 1.0 1.0 0.0
I1024 02:12:54.493790 47621180392512 create_pretraining_data.py:161] masked_lm_weights: 1.0 1.0 1.0 1.0 1.0 1.0 1.0 1.0 1.0 1.0 1.0 1.0 1.0 1.0 1.0 1.0 1.0 1.0 1.0 0.0
INFO:tensorflow:next_sentence_labels: 1
I1024 02:12:54.493901 47621180392512 create_pretraining_data.py:161] next_sentence_labels: 1
INFO:tensorflow:*** Example ***
I1024 02:12:54.494624 47621180392512 create_pretraining_data.py:149] *** Example ***
INFO:tensorflow:tokens: [CLS] [MASK] [MASK] يحذر من إيقاف معركة الحديدة وي ##وب ##خ الشرعية أول [MASK] [MASK] ##جل جمال خاشقجي بعد بيان [MASK] السعودية [MASK] والسعودية توقع ##ان اتفاقية جديدة لان ##عاش اقتصاد اليمني إعلان سعودي جديد بعد [MASK] معركة الحديدة اليمن يعلن موقفا قويا من التصعيد الاسرائيلي الخطي ##ر [MASK] [MASK] [MASK] على غزة عاجل - 4 دول كبرى تعلن عن قرارات مهمة تخص اليمن إحد ##اها دفع مرت ##بات جميع [MASK] هجوم اصلاح ##ي جديد على قطر وتط ##ور لافت [MASK] علاقة [SEP] العاب بنات اون لاين 2017 , اليوم الفتيات اال ##جم ##يلا [MASK] يذهب ##ن للتس ##وق وشراء يع ##ض الاشياء والا ##غراض والم ##لابس التي سوف يحتاجون لها , هيا اصدق ##ائي الرائع ##ين [MASK] اللعب والاست ##متاع في قضاء [MASK] في [MASK] . [SEP]
I1024 02:12:54.494812 47621180392512 create_pretraining_data.py:151] tokens: [CLS] [MASK] [MASK] يحذر من إيقاف معركة الحديدة وي ##وب ##خ الشرعية أول [MASK] [MASK] ##جل جمال خاشقجي بعد بيان [MASK] السعودية [MASK] والسعودية توقع ##ان اتفاقية جديدة لان ##عاش اقتصاد اليمني إعلان سعودي جديد بعد [MASK] معركة الحديدة اليمن يعلن موقفا قويا من التصعيد الاسرائيلي الخطي ##ر [MASK] [MASK] [MASK] على غزة عاجل - 4 دول كبرى تعلن عن قرارات مهمة تخص اليمن إحد ##اها دفع مرت ##بات جميع [MASK] هجوم اصلاح ##ي جديد على قطر وتط ##ور لافت [MASK] علاقة [SEP] العاب بنات اون لاين 2017 , اليوم الفتيات اال ##جم ##يلا [MASK] يذهب ##ن للتس ##وق وشراء يع ##ض الاشياء والا ##غراض والم ##لابس التي سوف يحتاجون لها , هيا اصدق ##ائي الرائع ##ين [MASK] اللعب والاست ##متاع في قضاء [MASK] في [MASK] . [SEP]
INFO:tensorflow:input_ids: 2 4 4 19553 1908 17382 11561 14910 2162 2058 1036 6538 3399 4 4 2293 3682 8790 2089 4219 4 3032 4 22376 6040 1906 10661 3403 2551 14587 9267 6460 7973 5999 3044 2089 4 11561 14910 3432 7961 26603 16024 1908 20588 6636 25541 1017 4 4 4 1961 4735 4059 17 24 4022 12507 6434 1955 8124 6599 8572 3432 23964 12265 5781 3508 2428 2561 4 8284 12859 1013 3044 1961 3984 4875 1936 7916 4 6939 3 3429 4476 5137 4932 3700 16 2217 14743 24015 2629 27861 4 10426 1006 13504 2015 11011 2170 1027 6011 2693 14883 2119 5110 2061 3641 26105 2553 16 10259 6845 3017 13151 1911 4 9300 4167 13725 1912 9606 4 1912 4 18 3
I1024 02:12:54.495023 47621180392512 create_pretraining_data.py:161] input_ids: 2 4 4 19553 1908 17382 11561 14910 2162 2058 1036 6538 3399 4 4 2293 3682 8790 2089 4219 4 3032 4 22376 6040 1906 10661 3403 2551 14587 9267 6460 7973 5999 3044 2089 4 11561 14910 3432 7961 26603 16024 1908 20588 6636 25541 1017 4 4 4 1961 4735 4059 17 24 4022 12507 6434 1955 8124 6599 8572 3432 23964 12265 5781 3508 2428 2561 4 8284 12859 1013 3044 1961 3984 4875 1936 7916 4 6939 3 3429 4476 5137 4932 3700 16 2217 14743 24015 2629 27861 4 10426 1006 13504 2015 11011 2170 1027 6011 2693 14883 2119 5110 2061 3641 26105 2553 16 10259 6845 3017 13151 1911 4 9300 4167 13725 1912 9606 4 1912 4 18 3
INFO:tensorflow:input_mask: 1 1 1 1 1 1 1 1 1 1 1 1 1 1 1 1 1 1 1 1 1 1 1 1 1 1 1 1 1 1 1 1 1 1 1 1 1 1 1 1 1 1 1 1 1 1 1 1 1 1 1 1 1 1 1 1 1 1 1 1 1 1 1 1 1 1 1 1 1 1 1 1 1 1 1 1 1 1 1 1 1 1 1 1 1 1 1 1 1 1 1 1 1 1 1 1 1 1 1 1 1 1 1 1 1 1 1 1 1 1 1 1 1 1 1 1 1 1 1 1 1 1 1 1 1 1 1 1
I1024 02:12:54.495193 47621180392512 create_pretraining_data.py:161] input_mask: 1 1 1 1 1 1 1 1 1 1 1 1 1 1 1 1 1 1 1 1 1 1 1 1 1 1 1 1 1 1 1 1 1 1 1 1 1 1 1 1 1 1 1 1 1 1 1 1 1 1 1 1 1 1 1 1 1 1 1 1 1 1 1 1 1 1 1 1 1 1 1 1 1 1 1 1 1 1 1 1 1 1 1 1 1 1 1 1 1 1 1 1 1 1 1 1 1 1 1 1 1 1 1 1 1 1 1 1 1 1 1 1 1 1 1 1 1 1 1 1 1 1 1 1 1 1 1 1
INFO:tensorflow:segment_ids: 0 0 0 0 0 0 0 0 0 0 0 0 0 0 0 0 0 0 0 0 0 0 0 0 0 0 0 0 0 0 0 0 0 0 0 0 0 0 0 0 0 0 0 0 0 0 0 0 0 0 0 0 0 0 0 0 0 0 0 0 0 0 0 0 0 0 0 0 0 0 0 0 0 0 0 0 0 0 0 0 0 0 0 1 1 1 1 1 1 1 1 1 1 1 1 1 1 1 1 1 1 1 1 1 1 1 1 1 1 1 1 1 1 1 1 1 1 1 1 1 1 1 1 1 1 1 1 1
I1024 02:12:54.495353 47621180392512 create_pretraining_data.py:161] segment_ids: 0 0 0 0 0 0 0 0 0 0 0 0 0 0 0 0 0 0 0 0 0 0 0 0 0 0 0 0 0 0 0 0 0 0 0 0 0 0 0 0 0 0 0 0 0 0 0 0 0 0 0 0 0 0 0 0 0 0 0 0 0 0 0 0 0 0 0 0 0 0 0 0 0 0 0 0 0 0 0 0 0 0 0 1 1 1 1 1 1 1 1 1 1 1 1 1 1 1 1 1 1 1 1 1 1 1 1 1 1 1 1 1 1 1 1 1 1 1 1 1 1 1 1 1 1 1 1 1
INFO:tensorflow:masked_lm_positions: 1 2 13 14 15 17 20 22 36 48 49 50 70 80 89 94 117 123 125 0
I1024 02:12:54.495479 47621180392512 create_pretraining_data.py:161] masked_lm_positions: 1 2 13 14 15 17 20 22 36 48 49 50 70 80 89 94 117 123 125 0
INFO:tensorflow:masked_lm_ids: 1912 7682 6932 2404 2293 8790 9229 3432 17382 12310 3047 1904 10481 1912 2217 3641 26595 3021 9355 0
I1024 02:12:54.495599 47621180392512 create_pretraining_data.py:161] masked_lm_ids: 1912 7682 6932 2404 2293 8790 9229 3432 17382 12310 3047 1904 10481 1912 2217 3641 26595 3021 9355 0
INFO:tensorflow:masked_lm_weights: 1.0 1.0 1.0 1.0 1.0 1.0 1.0 1.0 1.0 1.0 1.0 1.0 1.0 1.0 1.0 1.0 1.0 1.0 1.0 0.0
I1024 02:12:54.495721 47621180392512 create_pretraining_data.py:161] masked_lm_weights: 1.0 1.0 1.0 1.0 1.0 1.0 1.0 1.0 1.0 1.0 1.0 1.0 1.0 1.0 1.0 1.0 1.0 1.0 1.0 0.0
INFO:tensorflow:next_sentence_labels: 1
I1024 02:12:54.495832 47621180392512 create_pretraining_data.py:161] next_sentence_labels: 1
INFO:tensorflow:*** Example ***
I1024 02:12:54.496747 47621180392512 create_pretraining_data.py:149] *** Example ***
INFO:tensorflow:tokens: [CLS] لا سيما ان رئيس الحكومة يتمتع [MASK] [MASK] [MASK] ديب ##لوما ##سية وفقا لما تنص عليه اتفاقية فيينا " . - 18 ت ##2 2017 : الرئيس الحريري وصل [MASK] باريس ، بعد مغ ##ادرت ##ه السعودية [MASK] [MASK] ##ى الرئيس الفرنسي ايمان ##ويل محطات . [MASK] [MASK] " سأ ##تو ##جه إلى بيروت [MASK] الأيام القليلة المقبلة . وسأ ##شارك في احتفالات ##▽ لبنان . وهناك سأ ##وضح موقف ##ي [MASK] هذه القضايا بعد لقاء الرئيس عون " . ي ##لفت موقع النهار الإلكتروني إلى أنه [MASK] [MASK] عن [MASK] التي ترد ##ه وي ##أمل من [SEP] دعت دول # مجلس _ التعاون _ الخليجي اليوم ، [MASK] مؤتمر دولي لاع ##مار اليمن بعد التوصل لات ##فاق سلام لانها ##ء الحرب الأهلية الدائرة [MASK] . [SEP]
I1024 02:12:54.496955 47621180392512 create_pretraining_data.py:151] tokens: [CLS] لا سيما ان رئيس الحكومة يتمتع [MASK] [MASK] [MASK] ديب ##لوما ##سية وفقا لما تنص عليه اتفاقية فيينا " . - 18 ت ##2 2017 : الرئيس الحريري وصل [MASK] باريس ، بعد مغ ##ادرت ##ه السعودية [MASK] [MASK] ##ى الرئيس الفرنسي ايمان ##ويل محطات . [MASK] [MASK] " سأ ##تو ##جه إلى بيروت [MASK] الأيام القليلة المقبلة . وسأ ##شارك في احتفالات ##▽ لبنان . وهناك سأ ##وضح موقف ##ي [MASK] هذه القضايا بعد لقاء الرئيس عون " . ي ##لفت موقع النهار الإلكتروني إلى أنه [MASK] [MASK] عن [MASK] التي ترد ##ه وي ##أمل من [SEP] دعت دول # مجلس _ التعاون _ الخليجي اليوم ، [MASK] مؤتمر دولي لاع ##مار اليمن بعد التوصل لات ##فاق سلام لانها ##ء الحرب الأهلية الدائرة [MASK] . [SEP]
INFO:tensorflow:input_ids: 2 1963 8287 1939 2426 3130 14094 4 4 4 11866 5439 2450 6054 2518 17711 2181 10661 26720 6 18 17 3328 390 1059 3700 30 2554 5723 4810 4 6857 378 2089 3203 23755 1028 3032 4 4 1102 2554 5508 13626 3061 11324 18 4 4 6 6556 6975 2047 2045 5216 4 6995 15502 6775 18 18589 15575 1912 16376 1828 3037 18 6254 6556 4317 5321 1013 4 2159 7811 2089 4223 2554 7044 6 18 417 6122 2867 6321 5353 2045 2590 4 4 1955 4 2061 8006 1028 2162 10700 1908 3 15602 4022 7 2598 67 4209 67 10842 2217 378 4 5109 7895 6012 5359 3432 2089 11592 2955 2999 4280 8039 1053 4125 14194 14237 4 18 3
I1024 02:12:54.497149 47621180392512 create_pretraining_data.py:161] input_ids: 2 1963 8287 1939 2426 3130 14094 4 4 4 11866 5439 2450 6054 2518 17711 2181 10661 26720 6 18 17 3328 390 1059 3700 30 2554 5723 4810 4 6857 378 2089 3203 23755 1028 3032 4 4 1102 2554 5508 13626 3061 11324 18 4 4 6 6556 6975 2047 2045 5216 4 6995 15502 6775 18 18589 15575 1912 16376 1828 3037 18 6254 6556 4317 5321 1013 4 2159 7811 2089 4223 2554 7044 6 18 417 6122 2867 6321 5353 2045 2590 4 4 1955 4 2061 8006 1028 2162 10700 1908 3 15602 4022 7 2598 67 4209 67 10842 2217 378 4 5109 7895 6012 5359 3432 2089 11592 2955 2999 4280 8039 1053 4125 14194 14237 4 18 3
INFO:tensorflow:input_mask: 1 1 1 1 1 1 1 1 1 1 1 1 1 1 1 1 1 1 1 1 1 1 1 1 1 1 1 1 1 1 1 1 1 1 1 1 1 1 1 1 1 1 1 1 1 1 1 1 1 1 1 1 1 1 1 1 1 1 1 1 1 1 1 1 1 1 1 1 1 1 1 1 1 1 1 1 1 1 1 1 1 1 1 1 1 1 1 1 1 1 1 1 1 1 1 1 1 1 1 1 1 1 1 1 1 1 1 1 1 1 1 1 1 1 1 1 1 1 1 1 1 1 1 1 1 1 1 1
I1024 02:12:54.497316 47621180392512 create_pretraining_data.py:161] input_mask: 1 1 1 1 1 1 1 1 1 1 1 1 1 1 1 1 1 1 1 1 1 1 1 1 1 1 1 1 1 1 1 1 1 1 1 1 1 1 1 1 1 1 1 1 1 1 1 1 1 1 1 1 1 1 1 1 1 1 1 1 1 1 1 1 1 1 1 1 1 1 1 1 1 1 1 1 1 1 1 1 1 1 1 1 1 1 1 1 1 1 1 1 1 1 1 1 1 1 1 1 1 1 1 1 1 1 1 1 1 1 1 1 1 1 1 1 1 1 1 1 1 1 1 1 1 1 1 1
INFO:tensorflow:segment_ids: 0 0 0 0 0 0 0 0 0 0 0 0 0 0 0 0 0 0 0 0 0 0 0 0 0 0 0 0 0 0 0 0 0 0 0 0 0 0 0 0 0 0 0 0 0 0 0 0 0 0 0 0 0 0 0 0 0 0 0 0 0 0 0 0 0 0 0 0 0 0 0 0 0 0 0 0 0 0 0 0 0 0 0 0 0 0 0 0 0 0 0 0 0 0 0 0 0 0 0 1 1 1 1 1 1 1 1 1 1 1 1 1 1 1 1 1 1 1 1 1 1 1 1 1 1 1 1 1
I1024 02:12:54.497490 47621180392512 create_pretraining_data.py:161] segment_ids: 0 0 0 0 0 0 0 0 0 0 0 0 0 0 0 0 0 0 0 0 0 0 0 0 0 0 0 0 0 0 0 0 0 0 0 0 0 0 0 0 0 0 0 0 0 0 0 0 0 0 0 0 0 0 0 0 0 0 0 0 0 0 0 0 0 0 0 0 0 0 0 0 0 0 0 0 0 0 0 0 0 0 0 0 0 0 0 0 0 0 0 0 0 0 0 0 0 0 0 1 1 1 1 1 1 1 1 1 1 1 1 1 1 1 1 1 1 1 1 1 1 1 1 1 1 1 1 1
INFO:tensorflow:masked_lm_positions: 7 8 9 30 31 38 39 40 45 47 48 55 64 72 88 89 91 109 125 0
I1024 02:12:54.497618 47621180392512 create_pretraining_data.py:161] masked_lm_positions: 7 8 9 30 31 38 39 40 45 47 48 55 64 72 88 89 91 109 125 0
INFO:tensorflow:masked_lm_ids: 2302 19151 1043 2186 6857 18 8100 1102 21265 2484 30 2317 13388 1908 2618 21417 7838 22222 2671 0
I1024 02:12:54.497737 47621180392512 create_pretraining_data.py:161] masked_lm_ids: 2302 19151 1043 2186 6857 18 8100 1102 21265 2484 30 2317 13388 1908 2618 21417 7838 22222 2671 0
INFO:tensorflow:masked_lm_weights: 1.0 1.0 1.0 1.0 1.0 1.0 1.0 1.0 1.0 1.0 1.0 1.0 1.0 1.0 1.0 1.0 1.0 1.0 1.0 0.0
I1024 02:12:54.497858 47621180392512 create_pretraining_data.py:161] masked_lm_weights: 1.0 1.0 1.0 1.0 1.0 1.0 1.0 1.0 1.0 1.0 1.0 1.0 1.0 1.0 1.0 1.0 1.0 1.0 1.0 0.0
INFO:tensorflow:next_sentence_labels: 0
I1024 02:12:54.497975 47621180392512 create_pretraining_data.py:161] next_sentence_labels: 0
INFO:tensorflow:*** Example ***
I1024 02:12:54.498666 47621180392512 create_pretraining_data.py:149] *** Example ***
INFO:tensorflow:tokens: [CLS] © phpBB [MASK] الحصول على منتدى مجاني | منتدى [MASK] للدعم و المساعدة | إتصل بنا | [MASK] عن محتوى مخالف | احدث مدونتك مجانيا [SEP] كال ##نو ##م [MASK] طه ##ارة وأد ##اء ركعت ##ي الوضوء [MASK] [MASK] على [MASK] [MASK] النوم والاض ##ط ##جا ##ع على الشق الأيمن [MASK] الكف الأيمن تحت الوجه وقر ##اءة المع ##وذ ##تين [MASK] الكف ##ين ومس ##ح ما أست ##طاع من الجسد بهما وغير ذلك من ##خرين ##اب واد ##ع الله أن الائتلاف للقيام [SEP]
I1024 02:12:54.498834 47621180392512 create_pretraining_data.py:151] tokens: [CLS] © phpBB [MASK] الحصول على منتدى مجاني | منتدى [MASK] للدعم و المساعدة | إتصل بنا | [MASK] عن محتوى مخالف | احدث مدونتك مجانيا [SEP] كال ##نو ##م [MASK] طه ##ارة وأد ##اء ركعت ##ي الوضوء [MASK] [MASK] على [MASK] [MASK] النوم والاض ##ط ##جا ##ع على الشق الأيمن [MASK] الكف الأيمن تحت الوجه وقر ##اءة المع ##وذ ##تين [MASK] الكف ##ين ومس ##ح ما أست ##طاع من الجسد بهما وغير ذلك من ##خرين ##اب واد ##ع الله أن الائتلاف للقيام [SEP]
INFO:tensorflow:input_ids: 2 106 4237 4 3985 1961 2069 3143 96 2069 4 2679 415 3661 96 4111 3122 96 4 1955 3491 3743 96 5276 5534 7350 3 3881 11993 1015 4 8780 2116 11156 1954 24705 1013 18062 4 4 1961 4 4 4967 25598 1040 3327 1009 1961 25245 28723 4 16150 28723 2538 6429 12964 11780 2240 7875 3232 4 16150 1911 5741 1032 1972 7192 6521 1908 10340 15699 3387 2271 1908 8719 1933 4982 1009 1953 1979 20152 15803 3 0 0 0 0 0 0 0 0 0 0 0 0 0 0 0 0 0 0 0 0 0 0 0 0 0 0 0 0 0 0 0 0 0 0 0 0 0 0 0 0 0 0 0 0
I1024 02:12:54.499028 47621180392512 create_pretraining_data.py:161] input_ids: 2 106 4237 4 3985 1961 2069 3143 96 2069 4 2679 415 3661 96 4111 3122 96 4 1955 3491 3743 96 5276 5534 7350 3 3881 11993 1015 4 8780 2116 11156 1954 24705 1013 18062 4 4 1961 4 4 4967 25598 1040 3327 1009 1961 25245 28723 4 16150 28723 2538 6429 12964 11780 2240 7875 3232 4 16150 1911 5741 1032 1972 7192 6521 1908 10340 15699 3387 2271 1908 8719 1933 4982 1009 1953 1979 20152 15803 3 0 0 0 0 0 0 0 0 0 0 0 0 0 0 0 0 0 0 0 0 0 0 0 0 0 0 0 0 0 0 0 0 0 0 0 0 0 0 0 0 0 0 0 0
INFO:tensorflow:input_mask: 1 1 1 1 1 1 1 1 1 1 1 1 1 1 1 1 1 1 1 1 1 1 1 1 1 1 1 1 1 1 1 1 1 1 1 1 1 1 1 1 1 1 1 1 1 1 1 1 1 1 1 1 1 1 1 1 1 1 1 1 1 1 1 1 1 1 1 1 1 1 1 1 1 1 1 1 1 1 1 1 1 1 1 1 0 0 0 0 0 0 0 0 0 0 0 0 0 0 0 0 0 0 0 0 0 0 0 0 0 0 0 0 0 0 0 0 0 0 0 0 0 0 0 0 0 0 0 0
I1024 02:12:54.499209 47621180392512 create_pretraining_data.py:161] input_mask: 1 1 1 1 1 1 1 1 1 1 1 1 1 1 1 1 1 1 1 1 1 1 1 1 1 1 1 1 1 1 1 1 1 1 1 1 1 1 1 1 1 1 1 1 1 1 1 1 1 1 1 1 1 1 1 1 1 1 1 1 1 1 1 1 1 1 1 1 1 1 1 1 1 1 1 1 1 1 1 1 1 1 1 1 0 0 0 0 0 0 0 0 0 0 0 0 0 0 0 0 0 0 0 0 0 0 0 0 0 0 0 0 0 0 0 0 0 0 0 0 0 0 0 0 0 0 0 0
INFO:tensorflow:segment_ids: 0 0 0 0 0 0 0 0 0 0 0 0 0 0 0 0 0 0 0 0 0 0 0 0 0 0 0 1 1 1 1 1 1 1 1 1 1 1 1 1 1 1 1 1 1 1 1 1 1 1 1 1 1 1 1 1 1 1 1 1 1 1 1 1 1 1 1 1 1 1 1 1 1 1 1 1 1 1 1 1 1 1 1 1 0 0 0 0 0 0 0 0 0 0 0 0 0 0 0 0 0 0 0 0 0 0 0 0 0 0 0 0 0 0 0 0 0 0 0 0 0 0 0 0 0 0 0 0
I1024 02:12:54.499372 47621180392512 create_pretraining_data.py:161] segment_ids: 0 0 0 0 0 0 0 0 0 0 0 0 0 0 0 0 0 0 0 0 0 0 0 0 0 0 0 1 1 1 1 1 1 1 1 1 1 1 1 1 1 1 1 1 1 1 1 1 1 1 1 1 1 1 1 1 1 1 1 1 1 1 1 1 1 1 1 1 1 1 1 1 1 1 1 1 1 1 1 1 1 1 1 1 0 0 0 0 0 0 0 0 0 0 0 0 0 0 0 0 0 0 0 0 0 0 0 0 0 0 0 0 0 0 0 0 0 0 0 0 0 0 0 0 0 0 0 0
INFO:tensorflow:masked_lm_positions: 3 10 18 30 38 39 41 42 51 61 75 76 81 0 0 0 0 0 0 0
I1024 02:12:54.499497 47621180392512 create_pretraining_data.py:161] masked_lm_positions: 3 10 18 30 38 39 41 42 51 61 75 76 81 0 0 0 0 0 0 0
INFO:tensorflow:masked_lm_ids: 96 3143 3888 1961 21851 22340 10563 4075 9891 1912 3344 1933 21043 0 0 0 0 0 0 0
I1024 02:12:54.499615 47621180392512 create_pretraining_data.py:161] masked_lm_ids: 96 3143 3888 1961 21851 22340 10563 4075 9891 1912 3344 1933 21043 0 0 0 0 0 0 0
INFO:tensorflow:masked_lm_weights: 1.0 1.0 1.0 1.0 1.0 1.0 1.0 1.0 1.0 1.0 1.0 1.0 1.0 0.0 0.0 0.0 0.0 0.0 0.0 0.0
I1024 02:12:54.499737 47621180392512 create_pretraining_data.py:161] masked_lm_weights: 1.0 1.0 1.0 1.0 1.0 1.0 1.0 1.0 1.0 1.0 1.0 1.0 1.0 0.0 0.0 0.0 0.0 0.0 0.0 0.0
INFO:tensorflow:next_sentence_labels: 1
I1024 02:12:54.499848 47621180392512 create_pretraining_data.py:161] next_sentence_labels: 1
INFO:tensorflow:*** Example ***
I1024 02:12:54.500546 47621180392512 create_pretraining_data.py:149] *** Example ***
INFO:tensorflow:tokens: [CLS] 1 ##● ##اعر ##ف قدر أهل العلم [MASK] والقمر [MASK] معهم ، فقد أمر الله - تعالى - الملائكة السجود لآ ##دم بسبب علمه ، ( وإذ قلنا ] معدلات [MASK] ჻ [MASK] [MASK] لآ ##دم ) . [SEP] 2 ##● تواضع لله تعالى مهما بلغت من درجات في العلم ، واط ##لب منه سبحانه الزيادة ، ( قالوا سبحانك لا علم [MASK] إلا ما علمت ##نا ۖ إنك أنت العليم الحكيم ) . [SEP]
I1024 02:12:54.500711 47621180392512 create_pretraining_data.py:151] tokens: [CLS] 1 ##● ##اعر ##ف قدر أهل العلم [MASK] والقمر [MASK] معهم ، فقد أمر الله - تعالى - الملائكة السجود لآ ##دم بسبب علمه ، ( وإذ قلنا ] معدلات [MASK] ჻ [MASK] [MASK] لآ ##دم ) . [SEP] 2 ##● تواضع لله تعالى مهما بلغت من درجات في العلم ، واط ##لب منه سبحانه الزيادة ، ( قالوا سبحانك لا علم [MASK] إلا ما علمت ##نا ۖ إنك أنت العليم الحكيم ) . [SEP]
INFO:tensorflow:input_ids: 2 21 1252 3170 1037 3640 4151 2789 4 25779 4 5876 378 2901 4319 1953 17 3658 17 15065 17570 10073 2077 3179 16892 378 12 22203 11153 65 14926 4 604 4 4 10073 2077 13 18 3 22 1252 20313 2784 3658 3864 6922 1908 8535 1912 2789 378 12254 1935 2739 6243 15495 378 12 5774 5702 1963 2689 4 2725 1972 12173 1914 493 15023 4374 16546 11510 13 18 3 0 0 0 0 0 0 0 0 0 0 0 0 0 0 0 0 0 0 0 0 0 0 0 0 0 0 0 0 0 0 0 0 0 0 0 0 0 0 0 0 0 0 0 0 0 0 0 0 0 0 0 0
I1024 02:12:54.500895 47621180392512 create_pretraining_data.py:161] input_ids: 2 21 1252 3170 1037 3640 4151 2789 4 25779 4 5876 378 2901 4319 1953 17 3658 17 15065 17570 10073 2077 3179 16892 378 12 22203 11153 65 14926 4 604 4 4 10073 2077 13 18 3 22 1252 20313 2784 3658 3864 6922 1908 8535 1912 2789 378 12254 1935 2739 6243 15495 378 12 5774 5702 1963 2689 4 2725 1972 12173 1914 493 15023 4374 16546 11510 13 18 3 0 0 0 0 0 0 0 0 0 0 0 0 0 0 0 0 0 0 0 0 0 0 0 0 0 0 0 0 0 0 0 0 0 0 0 0 0 0 0 0 0 0 0 0 0 0 0 0 0 0 0 0
INFO:tensorflow:input_mask: 1 1 1 1 1 1 1 1 1 1 1 1 1 1 1 1 1 1 1 1 1 1 1 1 1 1 1 1 1 1 1 1 1 1 1 1 1 1 1 1 1 1 1 1 1 1 1 1 1 1 1 1 1 1 1 1 1 1 1 1 1 1 1 1 1 1 1 1 1 1 1 1 1 1 1 1 0 0 0 0 0 0 0 0 0 0 0 0 0 0 0 0 0 0 0 0 0 0 0 0 0 0 0 0 0 0 0 0 0 0 0 0 0 0 0 0 0 0 0 0 0 0 0 0 0 0 0 0
I1024 02:12:54.501082 47621180392512 create_pretraining_data.py:161] input_mask: 1 1 1 1 1 1 1 1 1 1 1 1 1 1 1 1 1 1 1 1 1 1 1 1 1 1 1 1 1 1 1 1 1 1 1 1 1 1 1 1 1 1 1 1 1 1 1 1 1 1 1 1 1 1 1 1 1 1 1 1 1 1 1 1 1 1 1 1 1 1 1 1 1 1 1 1 0 0 0 0 0 0 0 0 0 0 0 0 0 0 0 0 0 0 0 0 0 0 0 0 0 0 0 0 0 0 0 0 0 0 0 0 0 0 0 0 0 0 0 0 0 0 0 0 0 0 0 0
INFO:tensorflow:segment_ids: 0 0 0 0 0 0 0 0 0 0 0 0 0 0 0 0 0 0 0 0 0 0 0 0 0 0 0 0 0 0 0 0 0 0 0 0 0 0 0 0 1 1 1 1 1 1 1 1 1 1 1 1 1 1 1 1 1 1 1 1 1 1 1 1 1 1 1 1 1 1 1 1 1 1 1 1 0 0 0 0 0 0 0 0 0 0 0 0 0 0 0 0 0 0 0 0 0 0 0 0 0 0 0 0 0 0 0 0 0 0 0 0 0 0 0 0 0 0 0 0 0 0 0 0 0 0 0 0
I1024 02:12:54.501245 47621180392512 create_pretraining_data.py:161] segment_ids: 0 0 0 0 0 0 0 0 0 0 0 0 0 0 0 0 0 0 0 0 0 0 0 0 0 0 0 0 0 0 0 0 0 0 0 0 0 0 0 0 1 1 1 1 1 1 1 1 1 1 1 1 1 1 1 1 1 1 1 1 1 1 1 1 1 1 1 1 1 1 1 1 1 1 1 1 0 0 0 0 0 0 0 0 0 0 0 0 0 0 0 0 0 0 0 0 0 0 0 0 0 0 0 0 0 0 0 0 0 0 0 0 0 0 0 0 0 0 0 0 0 0 0 0 0 0 0 0
INFO:tensorflow:masked_lm_positions: 8 9 10 11 29 30 31 32 33 34 63 0 0 0 0 0 0 0 0 0
I1024 02:12:54.501368 47621180392512 create_pretraining_data.py:161] masked_lm_positions: 8 9 10 11 29 30 31 32 33 34 63 0 0 0 0 0 0 0 0 0
INFO:tensorflow:masked_lm_ids: 378 5985 9055 5876 2189 3884 4561 2171 2448 1928 2776 0 0 0 0 0 0 0 0 0
I1024 02:12:54.501486 47621180392512 create_pretraining_data.py:161] masked_lm_ids: 378 5985 9055 5876 2189 3884 4561 2171 2448 1928 2776 0 0 0 0 0 0 0 0 0
INFO:tensorflow:masked_lm_weights: 1.0 1.0 1.0 1.0 1.0 1.0 1.0 1.0 1.0 1.0 1.0 0.0 0.0 0.0 0.0 0.0 0.0 0.0 0.0 0.0
I1024 02:12:54.501606 47621180392512 create_pretraining_data.py:161] masked_lm_weights: 1.0 1.0 1.0 1.0 1.0 1.0 1.0 1.0 1.0 1.0 1.0 0.0 0.0 0.0 0.0 0.0 0.0 0.0 0.0 0.0
INFO:tensorflow:next_sentence_labels: 0
I1024 02:12:54.501718 47621180392512 create_pretraining_data.py:161] next_sentence_labels: 0
INFO:tensorflow:Wrote 6612049 total instances
I1024 02:57:39.958039 47621180392512 create_pretraining_data.py:166] Wrote 6612049 total instances
