Loading module 'all'
WARNING:tensorflow:From ../bert/create_pretraining_data.py:469: The name tf.app.run is deprecated. Please use tf.compat.v1.app.run instead.

WARNING:tensorflow:From ../bert/create_pretraining_data.py:437: The name tf.logging.set_verbosity is deprecated. Please use tf.compat.v1.logging.set_verbosity instead.

W1024 07:40:32.368055 47298752701504 module_wrapper.py:139] From ../bert/create_pretraining_data.py:437: The name tf.logging.set_verbosity is deprecated. Please use tf.compat.v1.logging.set_verbosity instead.

WARNING:tensorflow:From ../bert/create_pretraining_data.py:437: The name tf.logging.INFO is deprecated. Please use tf.compat.v1.logging.INFO instead.

W1024 07:40:32.368273 47298752701504 module_wrapper.py:139] From ../bert/create_pretraining_data.py:437: The name tf.logging.INFO is deprecated. Please use tf.compat.v1.logging.INFO instead.

WARNING:tensorflow:From /scratch/gi372/camel-mlm/bert/tokenization.py:125: The name tf.gfile.GFile is deprecated. Please use tf.io.gfile.GFile instead.

W1024 07:40:32.368468 47298752701504 module_wrapper.py:139] From /scratch/gi372/camel-mlm/bert/tokenization.py:125: The name tf.gfile.GFile is deprecated. Please use tf.io.gfile.GFile instead.

WARNING:tensorflow:From ../bert/create_pretraining_data.py:444: The name tf.gfile.Glob is deprecated. Please use tf.io.gfile.glob instead.

W1024 07:40:32.473598 47298752701504 module_wrapper.py:139] From ../bert/create_pretraining_data.py:444: The name tf.gfile.Glob is deprecated. Please use tf.io.gfile.glob instead.

WARNING:tensorflow:From ../bert/create_pretraining_data.py:446: The name tf.logging.info is deprecated. Please use tf.compat.v1.logging.info instead.

W1024 07:40:32.476993 47298752701504 module_wrapper.py:139] From ../bert/create_pretraining_data.py:446: The name tf.logging.info is deprecated. Please use tf.compat.v1.logging.info instead.

INFO:tensorflow:*** Reading from input files ***
I1024 07:40:32.477213 47298752701504 create_pretraining_data.py:446] *** Reading from input files ***
INFO:tensorflow:  ../corpora/shards/MSA-oscar-unshuffled.docs.shard.131.normalized.sents
I1024 07:40:32.477321 47298752701504 create_pretraining_data.py:448]   ../corpora/shards/MSA-oscar-unshuffled.docs.shard.131.normalized.sents
INFO:tensorflow:*** Writing to output files ***
I1024 09:10:04.402037 47298752701504 create_pretraining_data.py:457] *** Writing to output files ***
INFO:tensorflow:  ../corpora/tf_records/MSA-oscar-unshuffled.docs.shard.131.tf_record
I1024 09:10:04.461491 47298752701504 create_pretraining_data.py:459]   ../corpora/tf_records/MSA-oscar-unshuffled.docs.shard.131.tf_record
WARNING:tensorflow:From ../bert/create_pretraining_data.py:101: The name tf.python_io.TFRecordWriter is deprecated. Please use tf.io.TFRecordWriter instead.

W1024 09:10:04.487179 47298752701504 module_wrapper.py:139] From ../bert/create_pretraining_data.py:101: The name tf.python_io.TFRecordWriter is deprecated. Please use tf.io.TFRecordWriter instead.

INFO:tensorflow:*** Example ***
I1024 09:10:04.515770 47298752701504 create_pretraining_data.py:149] *** Example ***
INFO:tensorflow:tokens: [CLS] و [MASK] [MASK] الاجتماعية قد تعتقد [MASK] لا تغ ##رم أبدا . . . [SEP] [MASK] [MASK] بنت ##لي [MASK] ام دبليو بري ##ليا ##نس بوغ ##اتي بي واي دي كادي ##لاك شير ##ي شيف ##روليه كرا ##يس ##لر ستي ##روي ##ن داي ##هات ##سو دو ##د ##ج فيراري فيات فورد [MASK] [MASK] جي إم سي [MASK] ##ت وول هوندا هام ##ر هيونداي [MASK] [MASK] [MASK] ايس ##وزو جا ##غوا ##ر جيب كيا لام ##بورغ ##يني لكزس لينك ##ولن لوت ##س [MASK] [MASK] ##ي مازدا مك ##لا ##رين مرسيدس بنز مير ##كور ##ي ميني ميت ##سوبيشي مور ##غان نيسان أوب ##ل بيجو بور ##ش بروت ##ون رينو رو [MASK] رو ##ی ##س [MASK] سيات سك ##ودا سان ##غ يونغ سوب ##ارو سوز ##وكي تات ##ا تويوتا [SEP]
I1024 09:10:04.516690 47298752701504 create_pretraining_data.py:151] tokens: [CLS] و [MASK] [MASK] الاجتماعية قد تعتقد [MASK] لا تغ ##رم أبدا . . . [SEP] [MASK] [MASK] بنت ##لي [MASK] ام دبليو بري ##ليا ##نس بوغ ##اتي بي واي دي كادي ##لاك شير ##ي شيف ##روليه كرا ##يس ##لر ستي ##روي ##ن داي ##هات ##سو دو ##د ##ج فيراري فيات فورد [MASK] [MASK] جي إم سي [MASK] ##ت وول هوندا هام ##ر هيونداي [MASK] [MASK] [MASK] ايس ##وزو جا ##غوا ##ر جيب كيا لام ##بورغ ##يني لكزس لينك ##ولن لوت ##س [MASK] [MASK] ##ي مازدا مك ##لا ##رين مرسيدس بنز مير ##كور ##ي ميني ميت ##سوبيشي مور ##غان نيسان أوب ##ل بيجو بور ##ش بروت ##ون رينو رو [MASK] رو ##ی ##س [MASK] سيات سك ##ودا سان ##غ يونغ سوب ##ارو سوز ##وكي تات ##ا تويوتا [SEP]
INFO:tensorflow:input_ids: 2 415 4 4 5024 2251 14424 4 1963 2887 2344 9694 18 18 18 3 4 4 3597 1907 4 2112 20439 4836 3538 2227 23750 2920 2260 6363 2630 26534 4939 11095 1013 15836 27150 11988 2036 2006 6426 24353 1006 7377 27067 5333 11500 1016 1041 25658 27347 17832 4 4 4885 5306 2266 4 1005 17887 24522 5935 1017 24039 4 4 4 12368 24007 6075 15072 1017 8355 22594 5954 12071 2262 28228 23891 21836 15557 1033 4 4 1013 29719 2708 1903 3529 17415 17634 6790 23952 1013 21455 5463 29281 8732 5787 9828 8141 1010 28783 4362 1034 14671 1922 22926 4499 4 4499 1120 1033 4 21013 4380 5847 7076 1044 24911 24688 11158 18742 7647 17379 1007 18422 3
I1024 09:10:04.518307 47298752701504 create_pretraining_data.py:161] input_ids: 2 415 4 4 5024 2251 14424 4 1963 2887 2344 9694 18 18 18 3 4 4 3597 1907 4 2112 20439 4836 3538 2227 23750 2920 2260 6363 2630 26534 4939 11095 1013 15836 27150 11988 2036 2006 6426 24353 1006 7377 27067 5333 11500 1016 1041 25658 27347 17832 4 4 4885 5306 2266 4 1005 17887 24522 5935 1017 24039 4 4 4 12368 24007 6075 15072 1017 8355 22594 5954 12071 2262 28228 23891 21836 15557 1033 4 4 1013 29719 2708 1903 3529 17415 17634 6790 23952 1013 21455 5463 29281 8732 5787 9828 8141 1010 28783 4362 1034 14671 1922 22926 4499 4 4499 1120 1033 4 21013 4380 5847 7076 1044 24911 24688 11158 18742 7647 17379 1007 18422 3
INFO:tensorflow:input_mask: 1 1 1 1 1 1 1 1 1 1 1 1 1 1 1 1 1 1 1 1 1 1 1 1 1 1 1 1 1 1 1 1 1 1 1 1 1 1 1 1 1 1 1 1 1 1 1 1 1 1 1 1 1 1 1 1 1 1 1 1 1 1 1 1 1 1 1 1 1 1 1 1 1 1 1 1 1 1 1 1 1 1 1 1 1 1 1 1 1 1 1 1 1 1 1 1 1 1 1 1 1 1 1 1 1 1 1 1 1 1 1 1 1 1 1 1 1 1 1 1 1 1 1 1 1 1 1 1
I1024 09:10:04.518542 47298752701504 create_pretraining_data.py:161] input_mask: 1 1 1 1 1 1 1 1 1 1 1 1 1 1 1 1 1 1 1 1 1 1 1 1 1 1 1 1 1 1 1 1 1 1 1 1 1 1 1 1 1 1 1 1 1 1 1 1 1 1 1 1 1 1 1 1 1 1 1 1 1 1 1 1 1 1 1 1 1 1 1 1 1 1 1 1 1 1 1 1 1 1 1 1 1 1 1 1 1 1 1 1 1 1 1 1 1 1 1 1 1 1 1 1 1 1 1 1 1 1 1 1 1 1 1 1 1 1 1 1 1 1 1 1 1 1 1 1
INFO:tensorflow:segment_ids: 0 0 0 0 0 0 0 0 0 0 0 0 0 0 0 0 1 1 1 1 1 1 1 1 1 1 1 1 1 1 1 1 1 1 1 1 1 1 1 1 1 1 1 1 1 1 1 1 1 1 1 1 1 1 1 1 1 1 1 1 1 1 1 1 1 1 1 1 1 1 1 1 1 1 1 1 1 1 1 1 1 1 1 1 1 1 1 1 1 1 1 1 1 1 1 1 1 1 1 1 1 1 1 1 1 1 1 1 1 1 1 1 1 1 1 1 1 1 1 1 1 1 1 1 1 1 1 1
I1024 09:10:04.518747 47298752701504 create_pretraining_data.py:161] segment_ids: 0 0 0 0 0 0 0 0 0 0 0 0 0 0 0 0 1 1 1 1 1 1 1 1 1 1 1 1 1 1 1 1 1 1 1 1 1 1 1 1 1 1 1 1 1 1 1 1 1 1 1 1 1 1 1 1 1 1 1 1 1 1 1 1 1 1 1 1 1 1 1 1 1 1 1 1 1 1 1 1 1 1 1 1 1 1 1 1 1 1 1 1 1 1 1 1 1 1 1 1 1 1 1 1 1 1 1 1 1 1 1 1 1 1 1 1 1 1 1 1 1 1 1 1 1 1 1 1
INFO:tensorflow:masked_lm_positions: 2 3 7 16 17 20 52 53 57 58 64 65 66 82 83 84 108 109 113 0
I1024 09:10:04.518898 47298752701504 create_pretraining_data.py:161] masked_lm_positions: 2 3 7 16 17 20 52 53 57 58 64 65 66 82 83 84 108 109 113 0
INFO:tensorflow:masked_lm_ids: 18192 2975 3811 14510 24969 2260 10575 1013 4597 1005 2259 9672 2005 7763 4306 1013 4499 2149 3974 0
I1024 09:10:04.519043 47298752701504 create_pretraining_data.py:161] masked_lm_ids: 18192 2975 3811 14510 24969 2260 10575 1013 4597 1005 2259 9672 2005 7763 4306 1013 4499 2149 3974 0
INFO:tensorflow:masked_lm_weights: 1.0 1.0 1.0 1.0 1.0 1.0 1.0 1.0 1.0 1.0 1.0 1.0 1.0 1.0 1.0 1.0 1.0 1.0 1.0 0.0
I1024 09:10:04.520415 47298752701504 create_pretraining_data.py:161] masked_lm_weights: 1.0 1.0 1.0 1.0 1.0 1.0 1.0 1.0 1.0 1.0 1.0 1.0 1.0 1.0 1.0 1.0 1.0 1.0 1.0 0.0
INFO:tensorflow:next_sentence_labels: 1
I1024 09:10:04.520562 47298752701504 create_pretraining_data.py:161] next_sentence_labels: 1
INFO:tensorflow:*** Example ***
I1024 09:10:04.521656 47298752701504 create_pretraining_data.py:149] *** Example ***
INFO:tensorflow:tokens: [CLS] كشفت النائب ##ة عن محافظة الانبار لقاء ورد ##ي [MASK] السبت [MASK] عن عدد القواعد [MASK] [MASK] المحافظة ##ZN [MASK] تدخل ##ها في شؤون [MASK] . وقالت ورد ##ي ان ” عدد القواعد الاميركية المتواجد ##ة في الانبار قاعد ##تين فقط في داخلها عدد كبير من المستشار ##ين “ معاد [SEP] [MASK] [MASK] ” القوات الامريكية لايت ##واجد ##ون في المناطق المحلية [MASK] [MASK] قواعد ##هم فقط “ . واضافت ، انه ” في [MASK] [MASK] [MASK] طلبت منهم الاس ##ناد او المشر ##وة فأن ##هم سيت ##دخل ##ون ، لكن لايف ##رض ##ون نفسهم على المحافظة وانما تدخل ##هم يكون في [MASK] المحر ##جة [MASK] ##حا [MASK] القوات الامنية في مكان ما ويحتاج ##ون الى تدخل جوي فانه ##م سيت ##دخل ##ون بهذه الخاص ##ية [SEP]
I1024 09:10:04.521925 47298752701504 create_pretraining_data.py:151] tokens: [CLS] كشفت النائب ##ة عن محافظة الانبار لقاء ورد ##ي [MASK] السبت [MASK] عن عدد القواعد [MASK] [MASK] المحافظة ##ZN [MASK] تدخل ##ها في شؤون [MASK] . وقالت ورد ##ي ان ” عدد القواعد الاميركية المتواجد ##ة في الانبار قاعد ##تين فقط في داخلها عدد كبير من المستشار ##ين “ معاد [SEP] [MASK] [MASK] ” القوات الامريكية لايت ##واجد ##ون في المناطق المحلية [MASK] [MASK] قواعد ##هم فقط “ . واضافت ، انه ” في [MASK] [MASK] [MASK] طلبت منهم الاس ##ناد او المشر ##وة فأن ##هم سيت ##دخل ##ون ، لكن لايف ##رض ##ون نفسهم على المحافظة وانما تدخل ##هم يكون في [MASK] المحر ##جة [MASK] ##حا [MASK] القوات الامنية في مكان ما ويحتاج ##ون الى تدخل جوي فانه ##م سيت ##دخل ##ون بهذه الخاص ##ية [SEP]
INFO:tensorflow:input_ids: 2 9414 5240 1043 1955 4870 21330 4223 4788 1013 4 4215 4 1955 2548 13701 4 4 7128 19522 4 6253 1913 1912 6633 4 18 5288 4788 1013 1939 622 2548 13701 7977 6188 1043 1912 21330 5309 3232 2574 1912 25708 2548 2934 1908 9043 1911 621 17339 3 4 4 622 4473 11261 16974 4783 1922 1912 4902 5223 4 4 8101 1949 2574 621 18 22459 378 2615 622 1912 4 4 4 13212 3441 2295 8000 2213 23976 2587 13078 1949 4326 6855 1922 378 2425 11007 2080 1922 29804 1961 7128 9636 6253 1949 2461 1912 4 13947 2608 4 2709 4 4473 12939 1912 3192 1972 28361 1922 2186 6253 12014 8707 1015 4326 6855 1922 5538 3342 1910 3
I1024 09:10:04.522169 47298752701504 create_pretraining_data.py:161] input_ids: 2 9414 5240 1043 1955 4870 21330 4223 4788 1013 4 4215 4 1955 2548 13701 4 4 7128 19522 4 6253 1913 1912 6633 4 18 5288 4788 1013 1939 622 2548 13701 7977 6188 1043 1912 21330 5309 3232 2574 1912 25708 2548 2934 1908 9043 1911 621 17339 3 4 4 622 4473 11261 16974 4783 1922 1912 4902 5223 4 4 8101 1949 2574 621 18 22459 378 2615 622 1912 4 4 4 13212 3441 2295 8000 2213 23976 2587 13078 1949 4326 6855 1922 378 2425 11007 2080 1922 29804 1961 7128 9636 6253 1949 2461 1912 4 13947 2608 4 2709 4 4473 12939 1912 3192 1972 28361 1922 2186 6253 12014 8707 1015 4326 6855 1922 5538 3342 1910 3
INFO:tensorflow:input_mask: 1 1 1 1 1 1 1 1 1 1 1 1 1 1 1 1 1 1 1 1 1 1 1 1 1 1 1 1 1 1 1 1 1 1 1 1 1 1 1 1 1 1 1 1 1 1 1 1 1 1 1 1 1 1 1 1 1 1 1 1 1 1 1 1 1 1 1 1 1 1 1 1 1 1 1 1 1 1 1 1 1 1 1 1 1 1 1 1 1 1 1 1 1 1 1 1 1 1 1 1 1 1 1 1 1 1 1 1 1 1 1 1 1 1 1 1 1 1 1 1 1 1 1 1 1 1 1 1
I1024 09:10:04.522405 47298752701504 create_pretraining_data.py:161] input_mask: 1 1 1 1 1 1 1 1 1 1 1 1 1 1 1 1 1 1 1 1 1 1 1 1 1 1 1 1 1 1 1 1 1 1 1 1 1 1 1 1 1 1 1 1 1 1 1 1 1 1 1 1 1 1 1 1 1 1 1 1 1 1 1 1 1 1 1 1 1 1 1 1 1 1 1 1 1 1 1 1 1 1 1 1 1 1 1 1 1 1 1 1 1 1 1 1 1 1 1 1 1 1 1 1 1 1 1 1 1 1 1 1 1 1 1 1 1 1 1 1 1 1 1 1 1 1 1 1
INFO:tensorflow:segment_ids: 0 0 0 0 0 0 0 0 0 0 0 0 0 0 0 0 0 0 0 0 0 0 0 0 0 0 0 0 0 0 0 0 0 0 0 0 0 0 0 0 0 0 0 0 0 0 0 0 0 0 0 0 1 1 1 1 1 1 1 1 1 1 1 1 1 1 1 1 1 1 1 1 1 1 1 1 1 1 1 1 1 1 1 1 1 1 1 1 1 1 1 1 1 1 1 1 1 1 1 1 1 1 1 1 1 1 1 1 1 1 1 1 1 1 1 1 1 1 1 1 1 1 1 1 1 1 1 1
I1024 09:10:04.522605 47298752701504 create_pretraining_data.py:161] segment_ids: 0 0 0 0 0 0 0 0 0 0 0 0 0 0 0 0 0 0 0 0 0 0 0 0 0 0 0 0 0 0 0 0 0 0 0 0 0 0 0 0 0 0 0 0 0 0 0 0 0 0 0 0 1 1 1 1 1 1 1 1 1 1 1 1 1 1 1 1 1 1 1 1 1 1 1 1 1 1 1 1 1 1 1 1 1 1 1 1 1 1 1 1 1 1 1 1 1 1 1 1 1 1 1 1 1 1 1 1 1 1 1 1 1 1 1 1 1 1 1 1 1 1 1 1 1 1 1 1
INFO:tensorflow:masked_lm_positions: 10 12 16 17 19 20 25 50 52 53 63 64 75 76 77 103 106 107 108 0
I1024 09:10:04.522752 47298752701504 create_pretraining_data.py:161] masked_lm_positions: 10 12 16 17 19 20 25 50 52 53 63 64 75 76 77 103 106 107 108 0
INFO:tensorflow:masked_lm_ids: 378 378 7977 1912 2263 6137 7128 18 2186 1939 9636 1912 2767 3130 6174 16208 2995 2709 7975 0
I1024 09:10:04.522894 47298752701504 create_pretraining_data.py:161] masked_lm_ids: 378 378 7977 1912 2263 6137 7128 18 2186 1939 9636 1912 2767 3130 6174 16208 2995 2709 7975 0
INFO:tensorflow:masked_lm_weights: 1.0 1.0 1.0 1.0 1.0 1.0 1.0 1.0 1.0 1.0 1.0 1.0 1.0 1.0 1.0 1.0 1.0 1.0 1.0 0.0
I1024 09:10:04.523038 47298752701504 create_pretraining_data.py:161] masked_lm_weights: 1.0 1.0 1.0 1.0 1.0 1.0 1.0 1.0 1.0 1.0 1.0 1.0 1.0 1.0 1.0 1.0 1.0 1.0 1.0 0.0
INFO:tensorflow:next_sentence_labels: 0
I1024 09:10:04.523168 47298752701504 create_pretraining_data.py:161] next_sentence_labels: 0
INFO:tensorflow:*** Example ***
I1024 09:10:04.525249 47298752701504 create_pretraining_data.py:149] *** Example ***
INFO:tensorflow:tokens: [CLS] ##عجل إليه ، ويح ##سن التوكل عليه ، وير ##جو رحمته ، [MASK] [MASK] عذاب ##ه ، وير ##ضى بق ##ضا ##ئه [MASK] ويص ##بر على بلا ##ئه ##قطار ولا يدعو سواه ، ولا يقف لسانه عن [MASK] الله ، ولا يحل ##ف إلا بالله ، ولا يست ##عين إلا بالله ، ودا ##ئم ##ا [MASK] [MASK] ، [MASK] [MASK] له في السر [SEP] الذي يشرف عليه فريق مستقل [MASK] ناق ##د ولكن بشكل بناء ، له مواقف ##ه من [MASK] المنطقة ، ولكن بعيد عن [MASK] [MASK] [MASK] السياسية القائمة . مواضيع ##ه تط ##ال أسلوب الحياة ، السفر ، التربية [MASK] الفنون ، الثقافة ، الاستثمار ، الصناعة ، الاقتصاد ، السياسة [MASK] العدالة ، المساواة [MASK] وتقبل الآخر ، بخ ##لفي ##ة تتم [SEP]
I1024 09:10:04.525530 47298752701504 create_pretraining_data.py:151] tokens: [CLS] ##عجل إليه ، ويح ##سن التوكل عليه ، وير ##جو رحمته ، [MASK] [MASK] عذاب ##ه ، وير ##ضى بق ##ضا ##ئه [MASK] ويص ##بر على بلا ##ئه ##قطار ولا يدعو سواه ، ولا يقف لسانه عن [MASK] الله ، ولا يحل ##ف إلا بالله ، ولا يست ##عين إلا بالله ، ودا ##ئم ##ا [MASK] [MASK] ، [MASK] [MASK] له في السر [SEP] الذي يشرف عليه فريق مستقل [MASK] ناق ##د ولكن بشكل بناء ، له مواقف ##ه من [MASK] المنطقة ، ولكن بعيد عن [MASK] [MASK] [MASK] السياسية القائمة . مواضيع ##ه تط ##ال أسلوب الحياة ، السفر ، التربية [MASK] الفنون ، الثقافة ، الاستثمار ، الصناعة ، الاقتصاد ، السياسة [MASK] العدالة ، المساواة [MASK] وتقبل الآخر ، بخ ##لفي ##ة تتم [SEP]
INFO:tensorflow:input_ids: 2 29563 4101 378 6203 2513 25009 2181 378 4092 8233 17427 378 4 4 6034 1028 378 4092 7030 2498 2319 3269 4 14474 1997 1961 2701 3269 28857 2086 6833 17349 378 2086 9332 15843 1955 4 1953 378 2086 12438 1037 2725 3351 378 2086 2414 2987 2725 3351 378 16527 16451 1007 4 4 378 4 4 2154 1912 4407 3 2130 7698 2181 3559 17306 4 7786 1016 2637 2969 4225 378 2154 8080 1028 1908 4 3549 378 2637 3823 1955 4 4 4 4004 8382 18 4483 1028 2432 1901 16136 3696 378 5698 378 4032 4 10370 378 5788 378 7454 378 11349 378 3804 378 6607 4 10214 378 20219 4 21225 4419 378 3125 10433 1043 5346 3
I1024 09:10:04.525794 47298752701504 create_pretraining_data.py:161] input_ids: 2 29563 4101 378 6203 2513 25009 2181 378 4092 8233 17427 378 4 4 6034 1028 378 4092 7030 2498 2319 3269 4 14474 1997 1961 2701 3269 28857 2086 6833 17349 378 2086 9332 15843 1955 4 1953 378 2086 12438 1037 2725 3351 378 2086 2414 2987 2725 3351 378 16527 16451 1007 4 4 378 4 4 2154 1912 4407 3 2130 7698 2181 3559 17306 4 7786 1016 2637 2969 4225 378 2154 8080 1028 1908 4 3549 378 2637 3823 1955 4 4 4 4004 8382 18 4483 1028 2432 1901 16136 3696 378 5698 378 4032 4 10370 378 5788 378 7454 378 11349 378 3804 378 6607 4 10214 378 20219 4 21225 4419 378 3125 10433 1043 5346 3
INFO:tensorflow:input_mask: 1 1 1 1 1 1 1 1 1 1 1 1 1 1 1 1 1 1 1 1 1 1 1 1 1 1 1 1 1 1 1 1 1 1 1 1 1 1 1 1 1 1 1 1 1 1 1 1 1 1 1 1 1 1 1 1 1 1 1 1 1 1 1 1 1 1 1 1 1 1 1 1 1 1 1 1 1 1 1 1 1 1 1 1 1 1 1 1 1 1 1 1 1 1 1 1 1 1 1 1 1 1 1 1 1 1 1 1 1 1 1 1 1 1 1 1 1 1 1 1 1 1 1 1 1 1 1 1
I1024 09:10:04.526004 47298752701504 create_pretraining_data.py:161] input_mask: 1 1 1 1 1 1 1 1 1 1 1 1 1 1 1 1 1 1 1 1 1 1 1 1 1 1 1 1 1 1 1 1 1 1 1 1 1 1 1 1 1 1 1 1 1 1 1 1 1 1 1 1 1 1 1 1 1 1 1 1 1 1 1 1 1 1 1 1 1 1 1 1 1 1 1 1 1 1 1 1 1 1 1 1 1 1 1 1 1 1 1 1 1 1 1 1 1 1 1 1 1 1 1 1 1 1 1 1 1 1 1 1 1 1 1 1 1 1 1 1 1 1 1 1 1 1 1 1
INFO:tensorflow:segment_ids: 0 0 0 0 0 0 0 0 0 0 0 0 0 0 0 0 0 0 0 0 0 0 0 0 0 0 0 0 0 0 0 0 0 0 0 0 0 0 0 0 0 0 0 0 0 0 0 0 0 0 0 0 0 0 0 0 0 0 0 0 0 0 0 0 0 1 1 1 1 1 1 1 1 1 1 1 1 1 1 1 1 1 1 1 1 1 1 1 1 1 1 1 1 1 1 1 1 1 1 1 1 1 1 1 1 1 1 1 1 1 1 1 1 1 1 1 1 1 1 1 1 1 1 1 1 1 1 1
I1024 09:10:04.526203 47298752701504 create_pretraining_data.py:161] segment_ids: 0 0 0 0 0 0 0 0 0 0 0 0 0 0 0 0 0 0 0 0 0 0 0 0 0 0 0 0 0 0 0 0 0 0 0 0 0 0 0 0 0 0 0 0 0 0 0 0 0 0 0 0 0 0 0 0 0 0 0 0 0 0 0 0 0 1 1 1 1 1 1 1 1 1 1 1 1 1 1 1 1 1 1 1 1 1 1 1 1 1 1 1 1 1 1 1 1 1 1 1 1 1 1 1 1 1 1 1 1 1 1 1 1 1 1 1 1 1 1 1 1 1 1 1 1 1 1 1
INFO:tensorflow:masked_lm_positions: 1 13 14 23 29 38 56 57 59 60 70 81 87 88 89 103 115 119 126 0
I1024 09:10:04.526360 47298752701504 create_pretraining_data.py:161] masked_lm_positions: 1 13 14 23 29 38 56 57 59 60 70 81 87 88 89 103 115 119 126 0
INFO:tensorflow:masked_lm_ids: 20171 10678 1982 378 378 3097 24622 7864 10678 1987 378 6633 2711 2900 2428 378 378 378 5346 0
I1024 09:10:04.526504 47298752701504 create_pretraining_data.py:161] masked_lm_ids: 20171 10678 1982 378 378 3097 24622 7864 10678 1987 378 6633 2711 2900 2428 378 378 378 5346 0
INFO:tensorflow:masked_lm_weights: 1.0 1.0 1.0 1.0 1.0 1.0 1.0 1.0 1.0 1.0 1.0 1.0 1.0 1.0 1.0 1.0 1.0 1.0 1.0 0.0
I1024 09:10:04.526650 47298752701504 create_pretraining_data.py:161] masked_lm_weights: 1.0 1.0 1.0 1.0 1.0 1.0 1.0 1.0 1.0 1.0 1.0 1.0 1.0 1.0 1.0 1.0 1.0 1.0 1.0 0.0
INFO:tensorflow:next_sentence_labels: 1
I1024 09:10:04.526780 47298752701504 create_pretraining_data.py:161] next_sentence_labels: 1
INFO:tensorflow:*** Example ***
I1024 09:10:04.527759 47298752701504 create_pretraining_data.py:149] *** Example ***
INFO:tensorflow:tokens: [CLS] [MASK] الدي ##انة » [MASK] وما جدوى وجودها في الأوراق الرسمية ، [MASK] بح ##ذف ##ها ينتهي التمييز ؟ أعلنت [MASK] [MASK] للف ##صائل الفلسطينية فى قطاع غزة ، مساء اليوم الثلاثاء ، [MASK] الجهود المصرية فى تثبيت وقف إطلاق النار بين فك وجي ##ش الاحتلال سيما . وقالت الغرفة ، فى بيان صحف ##ى [MASK] منذ قليل ، إن المقاومة [MASK] ملت [SEP] شور ##ى الثوار بنغازي [MASK] [MASK] مجلس النواب V ##ideo P ##ost Ar ##t ##ic ##le A ##ut ##h ##or برن ##ارد ##ينو ليون مجلس شور ##ى ##باقي [MASK] بنغازي فجر ليبيا المؤتمر الوطني العام اللواء المتقاعد خليفة حف ##تر بعثة الأمم المتحدة بلي ##بيا T ##ag ##s W ##ord ##P ##ress World T ##ag غر ##يان PHP الإمارات عمر [MASK] [MASK] [SEP]
I1024 09:10:04.527953 47298752701504 create_pretraining_data.py:151] tokens: [CLS] [MASK] الدي ##انة » [MASK] وما جدوى وجودها في الأوراق الرسمية ، [MASK] بح ##ذف ##ها ينتهي التمييز ؟ أعلنت [MASK] [MASK] للف ##صائل الفلسطينية فى قطاع غزة ، مساء اليوم الثلاثاء ، [MASK] الجهود المصرية فى تثبيت وقف إطلاق النار بين فك وجي ##ش الاحتلال سيما . وقالت الغرفة ، فى بيان صحف ##ى [MASK] منذ قليل ، إن المقاومة [MASK] ملت [SEP] شور ##ى الثوار بنغازي [MASK] [MASK] مجلس النواب V ##ideo P ##ost Ar ##t ##ic ##le A ##ut ##h ##or برن ##ارد ##ينو ليون مجلس شور ##ى ##باقي [MASK] بنغازي فجر ليبيا المؤتمر الوطني العام اللواء المتقاعد خليفة حف ##تر بعثة الأمم المتحدة بلي ##بيا T ##ag ##s W ##ord ##P ##ress World T ##ag غر ##يان PHP الإمارات عمر [MASK] [MASK] [SEP]
INFO:tensorflow:input_ids: 2 4 4944 3987 114 4 2564 20917 17817 1912 16282 6691 378 4 2302 5158 1913 10044 16218 380 6789 4 4 3554 29105 4588 2230 4767 4735 378 3308 2217 4238 378 4 9171 4335 2230 16074 5127 7317 3919 2117 4399 26718 1034 5416 8287 18 5288 9821 378 2230 4219 20309 1102 4 2837 5896 378 2259 7204 4 3734 3 28739 1102 18822 25310 4 4 2598 5690 58 19337 52 16314 13985 1048 3443 4061 37 7447 1094 2793 23397 4474 9929 11591 2598 28739 1102 12757 4 25310 9259 5713 4998 3270 2169 6927 25595 9568 6395 2582 18629 6035 2687 9365 7038 56 5808 1092 59 17003 1085 24395 22384 56 5808 10093 2542 22647 4644 2852 4 4 3
I1024 09:10:04.528141 47298752701504 create_pretraining_data.py:161] input_ids: 2 4 4944 3987 114 4 2564 20917 17817 1912 16282 6691 378 4 2302 5158 1913 10044 16218 380 6789 4 4 3554 29105 4588 2230 4767 4735 378 3308 2217 4238 378 4 9171 4335 2230 16074 5127 7317 3919 2117 4399 26718 1034 5416 8287 18 5288 9821 378 2230 4219 20309 1102 4 2837 5896 378 2259 7204 4 3734 3 28739 1102 18822 25310 4 4 2598 5690 58 19337 52 16314 13985 1048 3443 4061 37 7447 1094 2793 23397 4474 9929 11591 2598 28739 1102 12757 4 25310 9259 5713 4998 3270 2169 6927 25595 9568 6395 2582 18629 6035 2687 9365 7038 56 5808 1092 59 17003 1085 24395 22384 56 5808 10093 2542 22647 4644 2852 4 4 3
INFO:tensorflow:input_mask: 1 1 1 1 1 1 1 1 1 1 1 1 1 1 1 1 1 1 1 1 1 1 1 1 1 1 1 1 1 1 1 1 1 1 1 1 1 1 1 1 1 1 1 1 1 1 1 1 1 1 1 1 1 1 1 1 1 1 1 1 1 1 1 1 1 1 1 1 1 1 1 1 1 1 1 1 1 1 1 1 1 1 1 1 1 1 1 1 1 1 1 1 1 1 1 1 1 1 1 1 1 1 1 1 1 1 1 1 1 1 1 1 1 1 1 1 1 1 1 1 1 1 1 1 1 1 1 1
I1024 09:10:04.528296 47298752701504 create_pretraining_data.py:161] input_mask: 1 1 1 1 1 1 1 1 1 1 1 1 1 1 1 1 1 1 1 1 1 1 1 1 1 1 1 1 1 1 1 1 1 1 1 1 1 1 1 1 1 1 1 1 1 1 1 1 1 1 1 1 1 1 1 1 1 1 1 1 1 1 1 1 1 1 1 1 1 1 1 1 1 1 1 1 1 1 1 1 1 1 1 1 1 1 1 1 1 1 1 1 1 1 1 1 1 1 1 1 1 1 1 1 1 1 1 1 1 1 1 1 1 1 1 1 1 1 1 1 1 1 1 1 1 1 1 1
INFO:tensorflow:segment_ids: 0 0 0 0 0 0 0 0 0 0 0 0 0 0 0 0 0 0 0 0 0 0 0 0 0 0 0 0 0 0 0 0 0 0 0 0 0 0 0 0 0 0 0 0 0 0 0 0 0 0 0 0 0 0 0 0 0 0 0 0 0 0 0 0 0 1 1 1 1 1 1 1 1 1 1 1 1 1 1 1 1 1 1 1 1 1 1 1 1 1 1 1 1 1 1 1 1 1 1 1 1 1 1 1 1 1 1 1 1 1 1 1 1 1 1 1 1 1 1 1 1 1 1 1 1 1 1 1
I1024 09:10:04.528439 47298752701504 create_pretraining_data.py:161] segment_ids: 0 0 0 0 0 0 0 0 0 0 0 0 0 0 0 0 0 0 0 0 0 0 0 0 0 0 0 0 0 0 0 0 0 0 0 0 0 0 0 0 0 0 0 0 0 0 0 0 0 0 0 0 0 0 0 0 0 0 0 0 0 0 0 0 0 1 1 1 1 1 1 1 1 1 1 1 1 1 1 1 1 1 1 1 1 1 1 1 1 1 1 1 1 1 1 1 1 1 1 1 1 1 1 1 1 1 1 1 1 1 1 1 1 1 1 1 1 1 1 1 1 1 1 1 1 1 1 1
INFO:tensorflow:masked_lm_positions: 1 5 13 21 22 25 34 43 47 48 49 56 62 69 70 92 93 125 126 0
I1024 09:10:04.528559 47298752701504 create_pretraining_data.py:161] masked_lm_positions: 1 5 13 21 22 25 34 43 47 48 49 56 62 69 70 92 93 125 126 0
INFO:tensorflow:masked_lm_ids: 27894 378 7701 9821 8744 4588 5700 7204 25984 18 5288 378 4588 2084 1974 391 2364 9666 1013 0
I1024 09:10:04.528661 47298752701504 create_pretraining_data.py:161] masked_lm_ids: 27894 378 7701 9821 8744 4588 5700 7204 25984 18 5288 378 4588 2084 1974 391 2364 9666 1013 0
INFO:tensorflow:masked_lm_weights: 1.0 1.0 1.0 1.0 1.0 1.0 1.0 1.0 1.0 1.0 1.0 1.0 1.0 1.0 1.0 1.0 1.0 1.0 1.0 0.0
I1024 09:10:04.528766 47298752701504 create_pretraining_data.py:161] masked_lm_weights: 1.0 1.0 1.0 1.0 1.0 1.0 1.0 1.0 1.0 1.0 1.0 1.0 1.0 1.0 1.0 1.0 1.0 1.0 1.0 0.0
INFO:tensorflow:next_sentence_labels: 1
I1024 09:10:04.528859 47298752701504 create_pretraining_data.py:161] next_sentence_labels: 1
INFO:tensorflow:*** Example ***
I1024 09:10:04.529632 47298752701504 create_pretraining_data.py:149] *** Example ***
INFO:tensorflow:tokens: [CLS] مهرجان سينما ##ئي [MASK] بنس ##خت ##ه ا ##ل ##36 [MASK] العاصمة الإيرانية طهران [MASK] تتنا ##فس فيه [MASK] إيران ##ية مع أفلام أجنبية من شتى [MASK] [MASK] . . [SEP] عبر مشوار فني [MASK] فعليا في نهاية التسعين ##يات من القرن الماضي قدم محمود حميد ##ة 63 فيلم ##ا و1 ##2 مسلسل ##ا تلفزيون ##يا [MASK] مسلسلات [MASK] . [MASK] أحداث الفيلم الوثائق ##ي " الجمعية " تجري في منطقة " رو ##ض الفرج [MASK] ، وهو أحد أقدم الأحياء الشعبية الذي [MASK] شمال القاهرة حيث تعيش . . يعبد [MASK] [MASK] الفيلم حياة غ ##لور ##يا أول ##ريد التي بدأت حياتها بالد ##فاع عن الحقوق المدنية [MASK] البشرة السوداء [MASK] ثم الدفاع عن حقوق المرأة . . . [SEP]
I1024 09:10:04.529816 47298752701504 create_pretraining_data.py:151] tokens: [CLS] مهرجان سينما ##ئي [MASK] بنس ##خت ##ه ا ##ل ##36 [MASK] العاصمة الإيرانية طهران [MASK] تتنا ##فس فيه [MASK] إيران ##ية مع أفلام أجنبية من شتى [MASK] [MASK] . . [SEP] عبر مشوار فني [MASK] فعليا في نهاية التسعين ##يات من القرن الماضي قدم محمود حميد ##ة 63 فيلم ##ا و1 ##2 مسلسل ##ا تلفزيون ##يا [MASK] مسلسلات [MASK] . [MASK] أحداث الفيلم الوثائق ##ي " الجمعية " تجري في منطقة " رو ##ض الفرج [MASK] ، وهو أحد أقدم الأحياء الشعبية الذي [MASK] شمال القاهرة حيث تعيش . . يعبد [MASK] [MASK] الفيلم حياة غ ##لور ##يا أول ##ريد التي بدأت حياتها بالد ##فاع عن الحقوق المدنية [MASK] البشرة السوداء [MASK] ثم الدفاع عن حقوق المرأة . . . [SEP]
INFO:tensorflow:input_ids: 2 6503 10922 2930 4 15656 2114 1028 387 1010 9430 4 5525 11584 7199 4 29576 2094 2366 4 5796 1910 1973 7577 15644 1908 18844 4 4 18 18 3 2830 21323 9240 4 20947 1912 4653 20830 2066 1908 6259 3274 3681 4800 10295 1043 15448 4705 1007 27910 1059 4383 1007 12637 1937 4 6785 4 18 4 9378 7555 11108 1013 6 5647 6 9203 1912 3532 6 4499 1027 9787 4 378 2400 2907 14815 14150 5948 2130 4 4470 4611 2455 5955 18 18 26366 4 4 7555 5966 406 4789 1937 3399 2375 2061 6201 16765 3947 2641 1955 6271 7614 4 13220 10992 4 2371 4197 1955 3902 3922 18 18 18 3 0 0 0 0 0 0
I1024 09:10:04.529987 47298752701504 create_pretraining_data.py:161] input_ids: 2 6503 10922 2930 4 15656 2114 1028 387 1010 9430 4 5525 11584 7199 4 29576 2094 2366 4 5796 1910 1973 7577 15644 1908 18844 4 4 18 18 3 2830 21323 9240 4 20947 1912 4653 20830 2066 1908 6259 3274 3681 4800 10295 1043 15448 4705 1007 27910 1059 4383 1007 12637 1937 4 6785 4 18 4 9378 7555 11108 1013 6 5647 6 9203 1912 3532 6 4499 1027 9787 4 378 2400 2907 14815 14150 5948 2130 4 4470 4611 2455 5955 18 18 26366 4 4 7555 5966 406 4789 1937 3399 2375 2061 6201 16765 3947 2641 1955 6271 7614 4 13220 10992 4 2371 4197 1955 3902 3922 18 18 18 3 0 0 0 0 0 0
INFO:tensorflow:input_mask: 1 1 1 1 1 1 1 1 1 1 1 1 1 1 1 1 1 1 1 1 1 1 1 1 1 1 1 1 1 1 1 1 1 1 1 1 1 1 1 1 1 1 1 1 1 1 1 1 1 1 1 1 1 1 1 1 1 1 1 1 1 1 1 1 1 1 1 1 1 1 1 1 1 1 1 1 1 1 1 1 1 1 1 1 1 1 1 1 1 1 1 1 1 1 1 1 1 1 1 1 1 1 1 1 1 1 1 1 1 1 1 1 1 1 1 1 1 1 1 1 1 1 0 0 0 0 0 0
I1024 09:10:04.530153 47298752701504 create_pretraining_data.py:161] input_mask: 1 1 1 1 1 1 1 1 1 1 1 1 1 1 1 1 1 1 1 1 1 1 1 1 1 1 1 1 1 1 1 1 1 1 1 1 1 1 1 1 1 1 1 1 1 1 1 1 1 1 1 1 1 1 1 1 1 1 1 1 1 1 1 1 1 1 1 1 1 1 1 1 1 1 1 1 1 1 1 1 1 1 1 1 1 1 1 1 1 1 1 1 1 1 1 1 1 1 1 1 1 1 1 1 1 1 1 1 1 1 1 1 1 1 1 1 1 1 1 1 1 1 0 0 0 0 0 0
INFO:tensorflow:segment_ids: 0 0 0 0 0 0 0 0 0 0 0 0 0 0 0 0 0 0 0 0 0 0 0 0 0 0 0 0 0 0 0 0 1 1 1 1 1 1 1 1 1 1 1 1 1 1 1 1 1 1 1 1 1 1 1 1 1 1 1 1 1 1 1 1 1 1 1 1 1 1 1 1 1 1 1 1 1 1 1 1 1 1 1 1 1 1 1 1 1 1 1 1 1 1 1 1 1 1 1 1 1 1 1 1 1 1 1 1 1 1 1 1 1 1 1 1 1 1 1 1 1 1 0 0 0 0 0 0
I1024 09:10:04.530301 47298752701504 create_pretraining_data.py:161] segment_ids: 0 0 0 0 0 0 0 0 0 0 0 0 0 0 0 0 0 0 0 0 0 0 0 0 0 0 0 0 0 0 0 0 1 1 1 1 1 1 1 1 1 1 1 1 1 1 1 1 1 1 1 1 1 1 1 1 1 1 1 1 1 1 1 1 1 1 1 1 1 1 1 1 1 1 1 1 1 1 1 1 1 1 1 1 1 1 1 1 1 1 1 1 1 1 1 1 1 1 1 1 1 1 1 1 1 1 1 1 1 1 1 1 1 1 1 1 1 1 1 1 1 1 0 0 0 0 0 0
INFO:tensorflow:masked_lm_positions: 4 11 15 19 27 28 35 57 59 61 76 84 91 92 93 101 109 112 0 0
I1024 09:10:04.530407 47298752701504 create_pretraining_data.py:161] masked_lm_positions: 4 11 15 19 27 28 35 57 59 61 76 84 91 92 93 101 109 112 0 0
INFO:tensorflow:masked_lm_ids: 7895 1912 378 7577 9740 18 4272 15842 18 18 6 7772 18 2310 3949 2061 20773 378 0 0
I1024 09:10:04.530509 47298752701504 create_pretraining_data.py:161] masked_lm_ids: 7895 1912 378 7577 9740 18 4272 15842 18 18 6 7772 18 2310 3949 2061 20773 378 0 0
INFO:tensorflow:masked_lm_weights: 1.0 1.0 1.0 1.0 1.0 1.0 1.0 1.0 1.0 1.0 1.0 1.0 1.0 1.0 1.0 1.0 1.0 1.0 0.0 0.0
I1024 09:10:04.530613 47298752701504 create_pretraining_data.py:161] masked_lm_weights: 1.0 1.0 1.0 1.0 1.0 1.0 1.0 1.0 1.0 1.0 1.0 1.0 1.0 1.0 1.0 1.0 1.0 1.0 0.0 0.0
INFO:tensorflow:next_sentence_labels: 0
I1024 09:10:04.530706 47298752701504 create_pretraining_data.py:161] next_sentence_labels: 0
INFO:tensorflow:*** Example ***
I1024 09:10:04.531480 47298752701504 create_pretraining_data.py:149] *** Example ***
INFO:tensorflow:tokens: [CLS] مدارس | انشاء الهن ##اجر | 053 ##555 ##39 ##29 | [MASK] الرياض | مظلات تخصص الاختيار منتدى الحوار [MASK] 13 ##25 يوم أمس 08 : 07 PM مظلات وسواتر السبيعي مظلات سيارات مظلات فلل سواتر [MASK] [MASK] شب ##وك 050 ##47 ##96 ##84 ##2 - [MASK] [MASK] ##34 [MASK] مظلات وهنا ##جر منتدى الحوار العام 0 [MASK] - 11 - 26 10 : 48 PM المولود وسواتر ##ولف ##نتائج سيارات مظلات [MASK] [MASK] هنا ##جر شب ##وك 050 ##47 ##96 ##84 ##2 - 0555 ##83 ##34 ##22 مظلات وهنا ##جر منتدى الحوار [SEP] ' كلماتك وفي _ m ##et ##a _ des ##crip ##tion _ ar ' = > [MASK] كويت ##لوك ##ال هو دليل الأعمال الكويتي الكبير مع قائمة كبيرة من الشركات والمنظمات . [SEP]
I1024 09:10:04.531673 47298752701504 create_pretraining_data.py:151] tokens: [CLS] مدارس | انشاء الهن ##اجر | 053 ##555 ##39 ##29 | [MASK] الرياض | مظلات تخصص الاختيار منتدى الحوار [MASK] 13 ##25 يوم أمس 08 : 07 PM مظلات وسواتر السبيعي مظلات سيارات مظلات فلل سواتر [MASK] [MASK] شب ##وك 050 ##47 ##96 ##84 ##2 - [MASK] [MASK] ##34 [MASK] مظلات وهنا ##جر منتدى الحوار العام 0 [MASK] - 11 - 26 10 : 48 PM المولود وسواتر ##ولف ##نتائج سيارات مظلات [MASK] [MASK] هنا ##جر شب ##وك 050 ##47 ##96 ##84 ##2 - 0555 ##83 ##34 ##22 مظلات وهنا ##جر منتدى الحوار [SEP] ' كلماتك وفي _ m ##et ##a _ des ##crip ##tion _ ar ' = > [MASK] كويت ##لوك ##ال هو دليل الأعمال الكويتي الكبير مع قائمة كبيرة من الشركات والمنظمات . [SEP]
INFO:tensorflow:input_ids: 2 8533 96 6117 20341 6319 96 14392 23515 8580 9080 96 4 2392 96 9109 9836 11823 2069 4519 4 3243 6940 2232 3924 6006 30 5941 6033 9109 23442 22910 9109 5170 9109 12816 20175 4 4 10203 2356 7485 9349 14517 24563 1059 17 4 4 7461 4 9109 9377 2391 2069 4519 2169 20 4 17 2780 17 4547 2667 30 7490 6033 27847 23442 7938 27557 5170 9109 4 4 2349 2391 10203 2356 7485 9349 14517 24563 1059 17 15757 24525 7461 5476 9109 9377 2391 2069 4519 3 11 25434 2427 67 81 4444 1049 67 23159 25759 9702 67 16849 11 33 34 4 13990 3777 1901 2139 5038 4752 7860 4377 1973 5946 3930 1908 4860 25503 18 3
I1024 09:10:04.531858 47298752701504 create_pretraining_data.py:161] input_ids: 2 8533 96 6117 20341 6319 96 14392 23515 8580 9080 96 4 2392 96 9109 9836 11823 2069 4519 4 3243 6940 2232 3924 6006 30 5941 6033 9109 23442 22910 9109 5170 9109 12816 20175 4 4 10203 2356 7485 9349 14517 24563 1059 17 4 4 7461 4 9109 9377 2391 2069 4519 2169 20 4 17 2780 17 4547 2667 30 7490 6033 27847 23442 7938 27557 5170 9109 4 4 2349 2391 10203 2356 7485 9349 14517 24563 1059 17 15757 24525 7461 5476 9109 9377 2391 2069 4519 3 11 25434 2427 67 81 4444 1049 67 23159 25759 9702 67 16849 11 33 34 4 13990 3777 1901 2139 5038 4752 7860 4377 1973 5946 3930 1908 4860 25503 18 3
INFO:tensorflow:input_mask: 1 1 1 1 1 1 1 1 1 1 1 1 1 1 1 1 1 1 1 1 1 1 1 1 1 1 1 1 1 1 1 1 1 1 1 1 1 1 1 1 1 1 1 1 1 1 1 1 1 1 1 1 1 1 1 1 1 1 1 1 1 1 1 1 1 1 1 1 1 1 1 1 1 1 1 1 1 1 1 1 1 1 1 1 1 1 1 1 1 1 1 1 1 1 1 1 1 1 1 1 1 1 1 1 1 1 1 1 1 1 1 1 1 1 1 1 1 1 1 1 1 1 1 1 1 1 1 1
I1024 09:10:04.532006 47298752701504 create_pretraining_data.py:161] input_mask: 1 1 1 1 1 1 1 1 1 1 1 1 1 1 1 1 1 1 1 1 1 1 1 1 1 1 1 1 1 1 1 1 1 1 1 1 1 1 1 1 1 1 1 1 1 1 1 1 1 1 1 1 1 1 1 1 1 1 1 1 1 1 1 1 1 1 1 1 1 1 1 1 1 1 1 1 1 1 1 1 1 1 1 1 1 1 1 1 1 1 1 1 1 1 1 1 1 1 1 1 1 1 1 1 1 1 1 1 1 1 1 1 1 1 1 1 1 1 1 1 1 1 1 1 1 1 1 1
INFO:tensorflow:segment_ids: 0 0 0 0 0 0 0 0 0 0 0 0 0 0 0 0 0 0 0 0 0 0 0 0 0 0 0 0 0 0 0 0 0 0 0 0 0 0 0 0 0 0 0 0 0 0 0 0 0 0 0 0 0 0 0 0 0 0 0 0 0 0 0 0 0 0 0 0 0 0 0 0 0 0 0 0 0 0 0 0 0 0 0 0 0 0 0 0 0 0 0 0 0 0 0 1 1 1 1 1 1 1 1 1 1 1 1 1 1 1 1 1 1 1 1 1 1 1 1 1 1 1 1 1 1 1 1 1
I1024 09:10:04.532147 47298752701504 create_pretraining_data.py:161] segment_ids: 0 0 0 0 0 0 0 0 0 0 0 0 0 0 0 0 0 0 0 0 0 0 0 0 0 0 0 0 0 0 0 0 0 0 0 0 0 0 0 0 0 0 0 0 0 0 0 0 0 0 0 0 0 0 0 0 0 0 0 0 0 0 0 0 0 0 0 0 0 0 0 0 0 0 0 0 0 0 0 0 0 0 0 0 0 0 0 0 0 0 0 0 0 0 0 1 1 1 1 1 1 1 1 1 1 1 1 1 1 1 1 1 1 1 1 1 1 1 1 1 1 1 1 1 1 1 1 1
INFO:tensorflow:masked_lm_positions: 12 20 30 37 38 47 48 49 50 58 67 68 69 70 73 74 96 97 111 0
I1024 09:10:04.532257 47298752701504 create_pretraining_data.py:161] masked_lm_positions: 12 20 30 37 38 47 48 49 50 58 67 68 69 70 73 74 96 97 111 0
INFO:tensorflow:masked_lm_ids: 20175 2169 23442 2349 2391 15757 24525 7461 5476 3700 9109 23442 22910 9109 12816 20175 87 13953 11 0
I1024 09:10:04.532361 47298752701504 create_pretraining_data.py:161] masked_lm_ids: 20175 2169 23442 2349 2391 15757 24525 7461 5476 3700 9109 23442 22910 9109 12816 20175 87 13953 11 0
INFO:tensorflow:masked_lm_weights: 1.0 1.0 1.0 1.0 1.0 1.0 1.0 1.0 1.0 1.0 1.0 1.0 1.0 1.0 1.0 1.0 1.0 1.0 1.0 0.0
I1024 09:10:04.532465 47298752701504 create_pretraining_data.py:161] masked_lm_weights: 1.0 1.0 1.0 1.0 1.0 1.0 1.0 1.0 1.0 1.0 1.0 1.0 1.0 1.0 1.0 1.0 1.0 1.0 1.0 0.0
INFO:tensorflow:next_sentence_labels: 1
I1024 09:10:04.532571 47298752701504 create_pretraining_data.py:161] next_sentence_labels: 1
INFO:tensorflow:*** Example ***
I1024 09:10:04.533327 47298752701504 create_pretraining_data.py:149] *** Example ***
INFO:tensorflow:tokens: [CLS] ##ق للتواصل هذا النوع من المعلومات , ولذا [MASK] نتوقع للحفاظ على هذا النوع [MASK] البريد الإلكتروني إلى الحد الأدنى . إذا كنت [MASK] لنا [MASK] ( على سبيل [MASK] عن طريق البريد [MASK] أو عن طريق دعم [MASK] من آليات التغذية المرت ##دة لدينا ) , نحن نحت ##فظ [MASK] في نشرها من [MASK] مساعد ##تنا توضيح أو الرد على [MASK] أو [SEP] ##id ##od ##ive ##r ##t ##id ##o . com جميع [MASK] اللازمة لحماية معقولة [MASK] الوصول غير المصر ##ح به , استعمال , تغيير , [MASK] تدمير محت ##ملة شخصيا تحديد والمعلومات شخصيا تحديد . ملف تعريف الارتباط [MASK] سلسلة من المعلومات التي [MASK] [MASK] شبكة الانترنت مخ ##ازن على [MASK] الزائر , وأن متصفح الزائر [MASK] لموقع كل مرة [MASK] الزائر [SEP]
I1024 09:10:04.533514 47298752701504 create_pretraining_data.py:151] tokens: [CLS] ##ق للتواصل هذا النوع من المعلومات , ولذا [MASK] نتوقع للحفاظ على هذا النوع [MASK] البريد الإلكتروني إلى الحد الأدنى . إذا كنت [MASK] لنا [MASK] ( على سبيل [MASK] عن طريق البريد [MASK] أو عن طريق دعم [MASK] من آليات التغذية المرت ##دة لدينا ) , نحن نحت ##فظ [MASK] في نشرها من [MASK] مساعد ##تنا توضيح أو الرد على [MASK] أو [SEP] ##id ##od ##ive ##r ##t ##id ##o . com جميع [MASK] اللازمة لحماية معقولة [MASK] الوصول غير المصر ##ح به , استعمال , تغيير , [MASK] تدمير محت ##ملة شخصيا تحديد والمعلومات شخصيا تحديد . ملف تعريف الارتباط [MASK] سلسلة من المعلومات التي [MASK] [MASK] شبكة الانترنت مخ ##ازن على [MASK] الزائر , وأن متصفح الزائر [MASK] لموقع كل مرة [MASK] الزائر [SEP]
INFO:tensorflow:input_ids: 2 1011 6170 2085 7016 1908 3939 16 19349 4 24990 15322 1961 2085 7016 4 7111 5353 2045 3259 19352 18 2617 2678 4 2776 4 12 1961 5029 4 1955 3160 7111 4 2075 1955 3160 3592 4 1908 18458 12315 5293 2063 5344 13 16 3252 11891 2698 4 1912 14499 1908 4 5441 3359 17749 2075 5056 1961 4 2075 3 4988 8735 12324 1091 1048 4988 1051 18 4154 2561 4 8439 12670 28762 4 5710 2224 6614 1032 2249 16 10510 16 5426 16 4 12813 2800 12259 13019 6360 16114 13019 6360 18 5556 5857 7881 4 7430 1908 3939 2061 4 4 5595 5811 2523 16216 1961 4 12392 16 3310 18745 12392 4 11334 2038 4016 4 12392 3
I1024 09:10:04.533685 47298752701504 create_pretraining_data.py:161] input_ids: 2 1011 6170 2085 7016 1908 3939 16 19349 4 24990 15322 1961 2085 7016 4 7111 5353 2045 3259 19352 18 2617 2678 4 2776 4 12 1961 5029 4 1955 3160 7111 4 2075 1955 3160 3592 4 1908 18458 12315 5293 2063 5344 13 16 3252 11891 2698 4 1912 14499 1908 4 5441 3359 17749 2075 5056 1961 4 2075 3 4988 8735 12324 1091 1048 4988 1051 18 4154 2561 4 8439 12670 28762 4 5710 2224 6614 1032 2249 16 10510 16 5426 16 4 12813 2800 12259 13019 6360 16114 13019 6360 18 5556 5857 7881 4 7430 1908 3939 2061 4 4 5595 5811 2523 16216 1961 4 12392 16 3310 18745 12392 4 11334 2038 4016 4 12392 3
INFO:tensorflow:input_mask: 1 1 1 1 1 1 1 1 1 1 1 1 1 1 1 1 1 1 1 1 1 1 1 1 1 1 1 1 1 1 1 1 1 1 1 1 1 1 1 1 1 1 1 1 1 1 1 1 1 1 1 1 1 1 1 1 1 1 1 1 1 1 1 1 1 1 1 1 1 1 1 1 1 1 1 1 1 1 1 1 1 1 1 1 1 1 1 1 1 1 1 1 1 1 1 1 1 1 1 1 1 1 1 1 1 1 1 1 1 1 1 1 1 1 1 1 1 1 1 1 1 1 1 1 1 1 1 1
I1024 09:10:04.533833 47298752701504 create_pretraining_data.py:161] input_mask: 1 1 1 1 1 1 1 1 1 1 1 1 1 1 1 1 1 1 1 1 1 1 1 1 1 1 1 1 1 1 1 1 1 1 1 1 1 1 1 1 1 1 1 1 1 1 1 1 1 1 1 1 1 1 1 1 1 1 1 1 1 1 1 1 1 1 1 1 1 1 1 1 1 1 1 1 1 1 1 1 1 1 1 1 1 1 1 1 1 1 1 1 1 1 1 1 1 1 1 1 1 1 1 1 1 1 1 1 1 1 1 1 1 1 1 1 1 1 1 1 1 1 1 1 1 1 1 1
INFO:tensorflow:segment_ids: 0 0 0 0 0 0 0 0 0 0 0 0 0 0 0 0 0 0 0 0 0 0 0 0 0 0 0 0 0 0 0 0 0 0 0 0 0 0 0 0 0 0 0 0 0 0 0 0 0 0 0 0 0 0 0 0 0 0 0 0 0 0 0 0 0 1 1 1 1 1 1 1 1 1 1 1 1 1 1 1 1 1 1 1 1 1 1 1 1 1 1 1 1 1 1 1 1 1 1 1 1 1 1 1 1 1 1 1 1 1 1 1 1 1 1 1 1 1 1 1 1 1 1 1 1 1 1 1
I1024 09:10:04.533987 47298752701504 create_pretraining_data.py:161] segment_ids: 0 0 0 0 0 0 0 0 0 0 0 0 0 0 0 0 0 0 0 0 0 0 0 0 0 0 0 0 0 0 0 0 0 0 0 0 0 0 0 0 0 0 0 0 0 0 0 0 0 0 0 0 0 0 0 0 0 0 0 0 0 0 0 0 0 1 1 1 1 1 1 1 1 1 1 1 1 1 1 1 1 1 1 1 1 1 1 1 1 1 1 1 1 1 1 1 1 1 1 1 1 1 1 1 1 1 1 1 1 1 1 1 1 1 1 1 1 1 1 1 1 1 1 1 1 1 1 1
INFO:tensorflow:masked_lm_positions: 9 15 24 26 30 34 39 51 55 62 75 79 90 103 108 109 115 121 125 0
I1024 09:10:04.534094 47298752701504 create_pretraining_data.py:161] masked_lm_positions: 9 15 24 26 30 34 39 51 55 62 75 79 90 103 108 109 115 121 125 0
INFO:tensorflow:masked_lm_ids: 19724 1908 19159 2922 10257 5353 4234 13265 3883 17399 24288 3051 2075 2139 2867 1961 10060 11044 5609 0
I1024 09:10:04.534196 47298752701504 create_pretraining_data.py:161] masked_lm_ids: 19724 1908 19159 2922 10257 5353 4234 13265 3883 17399 24288 3051 2075 2139 2867 1961 10060 11044 5609 0
INFO:tensorflow:masked_lm_weights: 1.0 1.0 1.0 1.0 1.0 1.0 1.0 1.0 1.0 1.0 1.0 1.0 1.0 1.0 1.0 1.0 1.0 1.0 1.0 0.0
I1024 09:10:04.534307 47298752701504 create_pretraining_data.py:161] masked_lm_weights: 1.0 1.0 1.0 1.0 1.0 1.0 1.0 1.0 1.0 1.0 1.0 1.0 1.0 1.0 1.0 1.0 1.0 1.0 1.0 0.0
INFO:tensorflow:next_sentence_labels: 0
I1024 09:10:04.534400 47298752701504 create_pretraining_data.py:161] next_sentence_labels: 0
INFO:tensorflow:*** Example ***
I1024 09:10:04.535138 47298752701504 create_pretraining_data.py:149] *** Example ***
INFO:tensorflow:tokens: [CLS] ##قيه و # غير [MASK] [MASK] . يمكنك الاتصال ب # [MASK] من مصادر [MASK] مختلفه ب # استخدام برامج تشغيل اتصال قاعده البيانات المفتوح ( O ##D ##BC ) او موف ##ري O ##L ##E [MASK] [MASK] . اما يمكن مضم ##نه و # شحن ##ها قبل Microsoft او تم [MASK] [MASK] [MASK] قبل جهه خارجيه المتن ##وعه . عندما تقوم ب # تثبيت Microsoft O ##ff ##ice ، تتم اضافه برامج [MASK] [MASK] [MASK] [SEP] ل # الاطلاع [MASK] قائمه كامله ب # موف ##ري O ##L ##E D ##B التي يتم تثبيت ##ها علي الكمبيوتر الخاص [MASK] ، [MASK] [MASK] الحوار خصائص ارتباط البيانات من ملف [MASK] ارتباط البيانات " ، و # من ثم انقر فوق علامه التب ##ويب موف ##ر . [SEP]
I1024 09:10:04.535332 47298752701504 create_pretraining_data.py:151] tokens: [CLS] ##قيه و # غير [MASK] [MASK] . يمكنك الاتصال ب # [MASK] من مصادر [MASK] مختلفه ب # استخدام برامج تشغيل اتصال قاعده البيانات المفتوح ( O ##D ##BC ) او موف ##ري O ##L ##E [MASK] [MASK] . اما يمكن مضم ##نه و # شحن ##ها قبل Microsoft او تم [MASK] [MASK] [MASK] قبل جهه خارجيه المتن ##وعه . عندما تقوم ب # تثبيت Microsoft O ##ff ##ice ، تتم اضافه برامج [MASK] [MASK] [MASK] [SEP] ل # الاطلاع [MASK] قائمه كامله ب # موف ##ري O ##L ##E D ##B التي يتم تثبيت ##ها علي الكمبيوتر الخاص [MASK] ، [MASK] [MASK] الحوار خصائص ارتباط البيانات من ملف [MASK] ارتباط البيانات " ، و # من ثم انقر فوق علامه التب ##ويب موف ##ر . [SEP]
INFO:tensorflow:input_ids: 2 7911 415 7 2224 4 4 18 4521 5958 388 7 4 1908 5093 4 13711 388 7 3653 2997 8537 8462 13213 7416 10305 12 51 1100 17426 13 2213 16378 1923 51 1061 1072 4 4 18 3910 2490 9288 2110 415 7 7896 1913 2289 28430 2213 2172 4 4 4 2289 26916 21053 6933 5030 18 2805 3952 388 7 16074 28430 51 15774 9523 378 5346 9653 2997 4 4 4 3 411 7 17431 4 12043 11208 388 7 16378 1923 51 1061 1072 40 1117 2061 2952 16074 1913 1958 3896 3342 4 378 4 4 4519 17663 19319 7416 1908 5556 4 19319 7416 6 378 415 7 1908 2371 13150 3589 20160 9618 22410 16378 1017 18 3
I1024 09:10:04.535506 47298752701504 create_pretraining_data.py:161] input_ids: 2 7911 415 7 2224 4 4 18 4521 5958 388 7 4 1908 5093 4 13711 388 7 3653 2997 8537 8462 13213 7416 10305 12 51 1100 17426 13 2213 16378 1923 51 1061 1072 4 4 18 3910 2490 9288 2110 415 7 7896 1913 2289 28430 2213 2172 4 4 4 2289 26916 21053 6933 5030 18 2805 3952 388 7 16074 28430 51 15774 9523 378 5346 9653 2997 4 4 4 3 411 7 17431 4 12043 11208 388 7 16378 1923 51 1061 1072 40 1117 2061 2952 16074 1913 1958 3896 3342 4 378 4 4 4519 17663 19319 7416 1908 5556 4 19319 7416 6 378 415 7 1908 2371 13150 3589 20160 9618 22410 16378 1017 18 3
INFO:tensorflow:input_mask: 1 1 1 1 1 1 1 1 1 1 1 1 1 1 1 1 1 1 1 1 1 1 1 1 1 1 1 1 1 1 1 1 1 1 1 1 1 1 1 1 1 1 1 1 1 1 1 1 1 1 1 1 1 1 1 1 1 1 1 1 1 1 1 1 1 1 1 1 1 1 1 1 1 1 1 1 1 1 1 1 1 1 1 1 1 1 1 1 1 1 1 1 1 1 1 1 1 1 1 1 1 1 1 1 1 1 1 1 1 1 1 1 1 1 1 1 1 1 1 1 1 1 1 1 1 1 1 1
I1024 09:10:04.535677 47298752701504 create_pretraining_data.py:161] input_mask: 1 1 1 1 1 1 1 1 1 1 1 1 1 1 1 1 1 1 1 1 1 1 1 1 1 1 1 1 1 1 1 1 1 1 1 1 1 1 1 1 1 1 1 1 1 1 1 1 1 1 1 1 1 1 1 1 1 1 1 1 1 1 1 1 1 1 1 1 1 1 1 1 1 1 1 1 1 1 1 1 1 1 1 1 1 1 1 1 1 1 1 1 1 1 1 1 1 1 1 1 1 1 1 1 1 1 1 1 1 1 1 1 1 1 1 1 1 1 1 1 1 1 1 1 1 1 1 1
INFO:tensorflow:segment_ids: 0 0 0 0 0 0 0 0 0 0 0 0 0 0 0 0 0 0 0 0 0 0 0 0 0 0 0 0 0 0 0 0 0 0 0 0 0 0 0 0 0 0 0 0 0 0 0 0 0 0 0 0 0 0 0 0 0 0 0 0 0 0 0 0 0 0 0 0 0 0 0 0 0 0 0 0 0 0 1 1 1 1 1 1 1 1 1 1 1 1 1 1 1 1 1 1 1 1 1 1 1 1 1 1 1 1 1 1 1 1 1 1 1 1 1 1 1 1 1 1 1 1 1 1 1 1 1 1
I1024 09:10:04.535820 47298752701504 create_pretraining_data.py:161] segment_ids: 0 0 0 0 0 0 0 0 0 0 0 0 0 0 0 0 0 0 0 0 0 0 0 0 0 0 0 0 0 0 0 0 0 0 0 0 0 0 0 0 0 0 0 0 0 0 0 0 0 0 0 0 0 0 0 0 0 0 0 0 0 0 0 0 0 0 0 0 0 0 0 0 0 0 0 0 0 0 1 1 1 1 1 1 1 1 1 1 1 1 1 1 1 1 1 1 1 1 1 1 1 1 1 1 1 1 1 1 1 1 1 1 1 1 1 1 1 1 1 1 1 1 1 1 1 1 1 1
INFO:tensorflow:masked_lm_positions: 5 6 12 14 15 18 37 38 52 53 54 74 75 76 81 100 102 103 110 0
I1024 09:10:04.535927 47298752701504 create_pretraining_data.py:161] masked_lm_positions: 5 6 12 14 15 18 37 38 52 53 54 74 75 76 81 100 102 103 110 0
INFO:tensorflow:masked_lm_ids: 6594 3247 4145 5093 5995 7 40 1117 4168 1028 1908 8537 51 1100 1958 2395 3261 12079 6 0
I1024 09:10:04.536030 47298752701504 create_pretraining_data.py:161] masked_lm_ids: 6594 3247 4145 5093 5995 7 40 1117 4168 1028 1908 8537 51 1100 1958 2395 3261 12079 6 0
INFO:tensorflow:masked_lm_weights: 1.0 1.0 1.0 1.0 1.0 1.0 1.0 1.0 1.0 1.0 1.0 1.0 1.0 1.0 1.0 1.0 1.0 1.0 1.0 0.0
I1024 09:10:04.536135 47298752701504 create_pretraining_data.py:161] masked_lm_weights: 1.0 1.0 1.0 1.0 1.0 1.0 1.0 1.0 1.0 1.0 1.0 1.0 1.0 1.0 1.0 1.0 1.0 1.0 1.0 0.0
INFO:tensorflow:next_sentence_labels: 0
I1024 09:10:04.536228 47298752701504 create_pretraining_data.py:161] next_sentence_labels: 0
INFO:tensorflow:*** Example ***
I1024 09:10:04.536970 47298752701504 create_pretraining_data.py:149] *** Example ***
INFO:tensorflow:tokens: [CLS] يساهم ، أن يشارك في عمل الخلاص ، أي أن يعمل ويشارك ويج ##اهد في محاربة أه ##وائ ##ه وش ##هو ##اته ، وهذا ما يؤكد ##ه التقلي ##د الآ ##با ##ئي الأرثوذكس ##ي في عقيدة [MASK] [MASK] [MASK] s ##y ##ne ##r ##g ##ie “ الله يعمل وأنا أعم ##ل ” ، إلا ان الشفاء التام الكامل لأم ##راض الإنسان لا يتم إلا بقوة [MASK] [SEP] إلا أن القديس [MASK] [MASK] الإس ##كند ##ري [MASK] [MASK] [MASK] جهاد [MASK] و20 طريق [MASK] “ الصيام ##ية ” أي الإم ##ساك عن [MASK] [MASK] لكي يقر ##ن الخلاص بالأ ##عمال . [MASK] القديس غر ##ي ##غور ##ي ##وس بالام ##اس ##ئاس “ إن المعرفة العقلية غير مستقلة [MASK] الطهارة ، عن تحرر ##نا من الأه ##واء [MASK] [SEP]
I1024 09:10:04.537133 47298752701504 create_pretraining_data.py:151] tokens: [CLS] يساهم ، أن يشارك في عمل الخلاص ، أي أن يعمل ويشارك ويج ##اهد في محاربة أه ##وائ ##ه وش ##هو ##اته ، وهذا ما يؤكد ##ه التقلي ##د الآ ##با ##ئي الأرثوذكس ##ي في عقيدة [MASK] [MASK] [MASK] s ##y ##ne ##r ##g ##ie “ الله يعمل وأنا أعم ##ل ” ، إلا ان الشفاء التام الكامل لأم ##راض الإنسان لا يتم إلا بقوة [MASK] [SEP] إلا أن القديس [MASK] [MASK] الإس ##كند ##ري [MASK] [MASK] [MASK] جهاد [MASK] و20 طريق [MASK] “ الصيام ##ية ” أي الإم ##ساك عن [MASK] [MASK] لكي يقر ##ن الخلاص بالأ ##عمال . [MASK] القديس غر ##ي ##غور ##ي ##وس بالام ##اس ##ئاس “ إن المعرفة العقلية غير مستقلة [MASK] الطهارة ، عن تحرر ##نا من الأه ##واء [MASK] [SEP]
INFO:tensorflow:input_ids: 2 18423 378 1979 8646 1912 2979 28117 378 2235 1979 4471 25275 7238 2866 1912 18040 5786 2844 1028 2347 2871 2755 378 3265 1972 7004 1028 8622 1016 2409 2013 2930 24543 1013 1912 19834 4 4 4 87 1026 16590 1091 1025 11859 621 1953 4471 7387 10742 1010 622 378 2725 1939 14126 14640 9409 16008 2921 4005 1963 2952 2725 10202 4 3 2725 1979 22602 4 4 2486 15988 1923 4 4 4 15128 4 26842 3160 4 621 14333 1910 622 2235 4039 8245 1955 4 4 5146 17300 1006 28117 3876 2657 18 4 22602 10093 1013 20962 1013 2109 8927 2233 8353 621 2259 7344 22393 2224 11593 4 18084 378 1955 21382 1914 1908 7505 2646 4 3
I1024 09:10:04.537306 47298752701504 create_pretraining_data.py:161] input_ids: 2 18423 378 1979 8646 1912 2979 28117 378 2235 1979 4471 25275 7238 2866 1912 18040 5786 2844 1028 2347 2871 2755 378 3265 1972 7004 1028 8622 1016 2409 2013 2930 24543 1013 1912 19834 4 4 4 87 1026 16590 1091 1025 11859 621 1953 4471 7387 10742 1010 622 378 2725 1939 14126 14640 9409 16008 2921 4005 1963 2952 2725 10202 4 3 2725 1979 22602 4 4 2486 15988 1923 4 4 4 15128 4 26842 3160 4 621 14333 1910 622 2235 4039 8245 1955 4 4 5146 17300 1006 28117 3876 2657 18 4 22602 10093 1013 20962 1013 2109 8927 2233 8353 621 2259 7344 22393 2224 11593 4 18084 378 1955 21382 1914 1908 7505 2646 4 3
INFO:tensorflow:input_mask: 1 1 1 1 1 1 1 1 1 1 1 1 1 1 1 1 1 1 1 1 1 1 1 1 1 1 1 1 1 1 1 1 1 1 1 1 1 1 1 1 1 1 1 1 1 1 1 1 1 1 1 1 1 1 1 1 1 1 1 1 1 1 1 1 1 1 1 1 1 1 1 1 1 1 1 1 1 1 1 1 1 1 1 1 1 1 1 1 1 1 1 1 1 1 1 1 1 1 1 1 1 1 1 1 1 1 1 1 1 1 1 1 1 1 1 1 1 1 1 1 1 1 1 1 1 1 1 1
I1024 09:10:04.537436 47298752701504 create_pretraining_data.py:161] input_mask: 1 1 1 1 1 1 1 1 1 1 1 1 1 1 1 1 1 1 1 1 1 1 1 1 1 1 1 1 1 1 1 1 1 1 1 1 1 1 1 1 1 1 1 1 1 1 1 1 1 1 1 1 1 1 1 1 1 1 1 1 1 1 1 1 1 1 1 1 1 1 1 1 1 1 1 1 1 1 1 1 1 1 1 1 1 1 1 1 1 1 1 1 1 1 1 1 1 1 1 1 1 1 1 1 1 1 1 1 1 1 1 1 1 1 1 1 1 1 1 1 1 1 1 1 1 1 1 1
INFO:tensorflow:segment_ids: 0 0 0 0 0 0 0 0 0 0 0 0 0 0 0 0 0 0 0 0 0 0 0 0 0 0 0 0 0 0 0 0 0 0 0 0 0 0 0 0 0 0 0 0 0 0 0 0 0 0 0 0 0 0 0 0 0 0 0 0 0 0 0 0 0 0 0 0 1 1 1 1 1 1 1 1 1 1 1 1 1 1 1 1 1 1 1 1 1 1 1 1 1 1 1 1 1 1 1 1 1 1 1 1 1 1 1 1 1 1 1 1 1 1 1 1 1 1 1 1 1 1 1 1 1 1 1 1
I1024 09:10:04.537559 47298752701504 create_pretraining_data.py:161] segment_ids: 0 0 0 0 0 0 0 0 0 0 0 0 0 0 0 0 0 0 0 0 0 0 0 0 0 0 0 0 0 0 0 0 0 0 0 0 0 0 0 0 0 0 0 0 0 0 0 0 0 0 0 0 0 0 0 0 0 0 0 0 0 0 0 0 0 0 0 0 1 1 1 1 1 1 1 1 1 1 1 1 1 1 1 1 1 1 1 1 1 1 1 1 1 1 1 1 1 1 1 1 1 1 1 1 1 1 1 1 1 1 1 1 1 1 1 1 1 1 1 1 1 1 1 1 1 1 1 1
INFO:tensorflow:masked_lm_positions: 37 38 39 66 68 71 72 76 77 78 80 81 83 92 93 101 110 117 126 0
I1024 09:10:04.537652 47298752701504 create_pretraining_data.py:161] masked_lm_positions: 37 38 39 66 68 71 72 76 77 78 80 81 83 92 93 101 110 117 126 0
INFO:tensorflow:masked_lm_ids: 15381 8345 1043 1953 2725 12835 2109 2438 2282 1961 4005 1955 19610 7505 2646 2722 30 1955 18 0
I1024 09:10:04.537752 47298752701504 create_pretraining_data.py:161] masked_lm_ids: 15381 8345 1043 1953 2725 12835 2109 2438 2282 1961 4005 1955 19610 7505 2646 2722 30 1955 18 0
INFO:tensorflow:masked_lm_weights: 1.0 1.0 1.0 1.0 1.0 1.0 1.0 1.0 1.0 1.0 1.0 1.0 1.0 1.0 1.0 1.0 1.0 1.0 1.0 0.0
I1024 09:10:04.537846 47298752701504 create_pretraining_data.py:161] masked_lm_weights: 1.0 1.0 1.0 1.0 1.0 1.0 1.0 1.0 1.0 1.0 1.0 1.0 1.0 1.0 1.0 1.0 1.0 1.0 1.0 0.0
INFO:tensorflow:next_sentence_labels: 0
I1024 09:10:04.537929 47298752701504 create_pretraining_data.py:161] next_sentence_labels: 0
INFO:tensorflow:*** Example ***
I1024 09:10:04.538603 47298752701504 create_pretraining_data.py:149] *** Example ***
INFO:tensorflow:tokens: [CLS] © phpBB | انشاء منتدى مع [MASK] منتدى | منتدى مجاني للدعم [MASK] المساعدة | التبليغ عن محتوى مخالف | احدث مدونتك [SEP] [MASK] للر صوتي [MASK] الله عليه وسلم : أو ##صن ##ي ، [MASK] : الترشح ( لا تغضب ) [MASK] قال : أو ##صن ##ي ، قال : ( ( لا تغضب ) ) ، ردد [MASK] [MASK] يقول : الجنود ( لا تغضب [MASK] ) ؛ لأن الغضب ينتج عنه [MASK] مف ##اس ##د عظيمة ؛ ربما سب الإنسان نفسه ، أو سب دينه ، أو سب ربه ، الوجد طلق زوجته ، أو كسر إنا ##ء ##ه ، أو أحر ##ق ثياب ##ه ، وكثير [MASK] الوقائع تصدر من [MASK] الناس إذا غضب ##وا ، كأن ##ما صدرت من المج ##نون [SEP]
I1024 09:10:04.538771 47298752701504 create_pretraining_data.py:151] tokens: [CLS] © phpBB | انشاء منتدى مع [MASK] منتدى | منتدى مجاني للدعم [MASK] المساعدة | التبليغ عن محتوى مخالف | احدث مدونتك [SEP] [MASK] للر صوتي [MASK] الله عليه وسلم : أو ##صن ##ي ، [MASK] : الترشح ( لا تغضب ) [MASK] قال : أو ##صن ##ي ، قال : ( ( لا تغضب ) ) ، ردد [MASK] [MASK] يقول : الجنود ( لا تغضب [MASK] ) ؛ لأن الغضب ينتج عنه [MASK] مف ##اس ##د عظيمة ؛ ربما سب الإنسان نفسه ، أو سب دينه ، أو سب ربه ، الوجد طلق زوجته ، أو كسر إنا ##ء ##ه ، أو أحر ##ق ثياب ##ه ، وكثير [MASK] الوقائع تصدر من [MASK] الناس إذا غضب ##وا ، كأن ##ما صدرت من المج ##نون [SEP]
INFO:tensorflow:input_ids: 2 106 4237 96 6117 2069 1973 4 2069 96 2069 3143 2679 4 3661 96 3888 1955 3491 3743 96 5276 5534 3 4 3647 13926 4 1953 2181 2565 30 2075 11494 1013 378 4 30 23935 12 1963 28736 13 4 2136 30 2075 11494 1013 378 2136 30 12 12 1963 28736 13 13 378 13037 4 4 2722 30 12025 12 1963 28736 4 13 379 3034 11101 18952 2891 4 3430 2233 1016 20352 379 5227 2869 4005 3081 378 2075 2869 13971 378 2075 2869 7864 378 24585 22052 8542 378 2075 9128 15951 1053 1028 378 2075 16442 1011 20357 1028 378 16649 4 26899 8815 1908 4 2397 2617 9932 1928 378 10157 1931 14097 1908 2265 4095 3
I1024 09:10:04.538920 47298752701504 create_pretraining_data.py:161] input_ids: 2 106 4237 96 6117 2069 1973 4 2069 96 2069 3143 2679 4 3661 96 3888 1955 3491 3743 96 5276 5534 3 4 3647 13926 4 1953 2181 2565 30 2075 11494 1013 378 4 30 23935 12 1963 28736 13 4 2136 30 2075 11494 1013 378 2136 30 12 12 1963 28736 13 13 378 13037 4 4 2722 30 12025 12 1963 28736 4 13 379 3034 11101 18952 2891 4 3430 2233 1016 20352 379 5227 2869 4005 3081 378 2075 2869 13971 378 2075 2869 7864 378 24585 22052 8542 378 2075 9128 15951 1053 1028 378 2075 16442 1011 20357 1028 378 16649 4 26899 8815 1908 4 2397 2617 9932 1928 378 10157 1931 14097 1908 2265 4095 3
INFO:tensorflow:input_mask: 1 1 1 1 1 1 1 1 1 1 1 1 1 1 1 1 1 1 1 1 1 1 1 1 1 1 1 1 1 1 1 1 1 1 1 1 1 1 1 1 1 1 1 1 1 1 1 1 1 1 1 1 1 1 1 1 1 1 1 1 1 1 1 1 1 1 1 1 1 1 1 1 1 1 1 1 1 1 1 1 1 1 1 1 1 1 1 1 1 1 1 1 1 1 1 1 1 1 1 1 1 1 1 1 1 1 1 1 1 1 1 1 1 1 1 1 1 1 1 1 1 1 1 1 1 1 1 1
I1024 09:10:04.539049 47298752701504 create_pretraining_data.py:161] input_mask: 1 1 1 1 1 1 1 1 1 1 1 1 1 1 1 1 1 1 1 1 1 1 1 1 1 1 1 1 1 1 1 1 1 1 1 1 1 1 1 1 1 1 1 1 1 1 1 1 1 1 1 1 1 1 1 1 1 1 1 1 1 1 1 1 1 1 1 1 1 1 1 1 1 1 1 1 1 1 1 1 1 1 1 1 1 1 1 1 1 1 1 1 1 1 1 1 1 1 1 1 1 1 1 1 1 1 1 1 1 1 1 1 1 1 1 1 1 1 1 1 1 1 1 1 1 1 1 1
INFO:tensorflow:segment_ids: 0 0 0 0 0 0 0 0 0 0 0 0 0 0 0 0 0 0 0 0 0 0 0 0 1 1 1 1 1 1 1 1 1 1 1 1 1 1 1 1 1 1 1 1 1 1 1 1 1 1 1 1 1 1 1 1 1 1 1 1 1 1 1 1 1 1 1 1 1 1 1 1 1 1 1 1 1 1 1 1 1 1 1 1 1 1 1 1 1 1 1 1 1 1 1 1 1 1 1 1 1 1 1 1 1 1 1 1 1 1 1 1 1 1 1 1 1 1 1 1 1 1 1 1 1 1 1 1
I1024 09:10:04.539188 47298752701504 create_pretraining_data.py:161] segment_ids: 0 0 0 0 0 0 0 0 0 0 0 0 0 0 0 0 0 0 0 0 0 0 0 0 1 1 1 1 1 1 1 1 1 1 1 1 1 1 1 1 1 1 1 1 1 1 1 1 1 1 1 1 1 1 1 1 1 1 1 1 1 1 1 1 1 1 1 1 1 1 1 1 1 1 1 1 1 1 1 1 1 1 1 1 1 1 1 1 1 1 1 1 1 1 1 1 1 1 1 1 1 1 1 1 1 1 1 1 1 1 1 1 1 1 1 1 1 1 1 1 1 1 1 1 1 1 1 1
INFO:tensorflow:masked_lm_positions: 7 13 21 24 25 26 27 36 38 43 60 61 64 68 70 75 94 111 115 0
I1024 09:10:04.539287 47298752701504 create_pretraining_data.py:161] masked_lm_positions: 7 13 21 24 25 26 27 36 38 43 60 61 64 68 70 75 94 111 115 0
INFO:tensorflow:masked_lm_ids: 10523 415 5276 3829 3647 23779 2977 2136 12 13 18727 2400 12 13 379 11172 2075 1908 2346 0
I1024 09:10:04.539377 47298752701504 create_pretraining_data.py:161] masked_lm_ids: 10523 415 5276 3829 3647 23779 2977 2136 12 13 18727 2400 12 13 379 11172 2075 1908 2346 0
INFO:tensorflow:masked_lm_weights: 1.0 1.0 1.0 1.0 1.0 1.0 1.0 1.0 1.0 1.0 1.0 1.0 1.0 1.0 1.0 1.0 1.0 1.0 1.0 0.0
I1024 09:10:04.539469 47298752701504 create_pretraining_data.py:161] masked_lm_weights: 1.0 1.0 1.0 1.0 1.0 1.0 1.0 1.0 1.0 1.0 1.0 1.0 1.0 1.0 1.0 1.0 1.0 1.0 1.0 0.0
INFO:tensorflow:next_sentence_labels: 1
I1024 09:10:04.539551 47298752701504 create_pretraining_data.py:161] next_sentence_labels: 1
INFO:tensorflow:*** Example ***
I1024 09:10:04.540197 47298752701504 create_pretraining_data.py:149] *** Example ***
INFO:tensorflow:tokens: [CLS] وكانت بلدية [MASK] قررت في عام 2012 تحويل ساحات المسجد الأقصى إلى [MASK] وسا ##حات عامة وتم فتحه ##ا أمام دخول اليهود [MASK] [MASK] [MASK] [MASK] هذه الباح ##ات إلى البلدية . [SEP] لدينا [MASK] في مجال يكمن في توفير حل واحد وقف لجميع المستخدمين [MASK] ' , [SEP]
I1024 09:10:04.540336 47298752701504 create_pretraining_data.py:151] tokens: [CLS] وكانت بلدية [MASK] قررت في عام 2012 تحويل ساحات المسجد الأقصى إلى [MASK] وسا ##حات عامة وتم فتحه ##ا أمام دخول اليهود [MASK] [MASK] [MASK] [MASK] هذه الباح ##ات إلى البلدية . [SEP] لدينا [MASK] في مجال يكمن في توفير حل واحد وقف لجميع المستخدمين [MASK] ' , [SEP]
INFO:tensorflow:input_ids: 2 4388 7310 4 8746 1912 2268 4670 8234 22924 6385 12475 2045 4 12686 2505 5253 4338 23408 1007 3500 5090 6914 4 4 4 4 2159 6738 1904 2045 9742 18 3 5344 4 1912 3697 21915 1912 7065 4463 2563 5127 5566 9985 4 11 16 3 0 0 0 0 0 0 0 0 0 0 0 0 0 0 0 0 0 0 0 0 0 0 0 0 0 0 0 0 0 0 0 0 0 0 0 0 0 0 0 0 0 0 0 0 0 0 0 0 0 0 0 0 0 0 0 0 0 0 0 0 0 0 0 0 0 0 0 0 0 0 0 0 0 0 0 0 0 0
I1024 09:10:04.540478 47298752701504 create_pretraining_data.py:161] input_ids: 2 4388 7310 4 8746 1912 2268 4670 8234 22924 6385 12475 2045 4 12686 2505 5253 4338 23408 1007 3500 5090 6914 4 4 4 4 2159 6738 1904 2045 9742 18 3 5344 4 1912 3697 21915 1912 7065 4463 2563 5127 5566 9985 4 11 16 3 0 0 0 0 0 0 0 0 0 0 0 0 0 0 0 0 0 0 0 0 0 0 0 0 0 0 0 0 0 0 0 0 0 0 0 0 0 0 0 0 0 0 0 0 0 0 0 0 0 0 0 0 0 0 0 0 0 0 0 0 0 0 0 0 0 0 0 0 0 0 0 0 0 0 0 0 0 0
INFO:tensorflow:input_mask: 1 1 1 1 1 1 1 1 1 1 1 1 1 1 1 1 1 1 1 1 1 1 1 1 1 1 1 1 1 1 1 1 1 1 1 1 1 1 1 1 1 1 1 1 1 1 1 1 1 1 0 0 0 0 0 0 0 0 0 0 0 0 0 0 0 0 0 0 0 0 0 0 0 0 0 0 0 0 0 0 0 0 0 0 0 0 0 0 0 0 0 0 0 0 0 0 0 0 0 0 0 0 0 0 0 0 0 0 0 0 0 0 0 0 0 0 0 0 0 0 0 0 0 0 0 0 0 0
I1024 09:10:04.540603 47298752701504 create_pretraining_data.py:161] input_mask: 1 1 1 1 1 1 1 1 1 1 1 1 1 1 1 1 1 1 1 1 1 1 1 1 1 1 1 1 1 1 1 1 1 1 1 1 1 1 1 1 1 1 1 1 1 1 1 1 1 1 0 0 0 0 0 0 0 0 0 0 0 0 0 0 0 0 0 0 0 0 0 0 0 0 0 0 0 0 0 0 0 0 0 0 0 0 0 0 0 0 0 0 0 0 0 0 0 0 0 0 0 0 0 0 0 0 0 0 0 0 0 0 0 0 0 0 0 0 0 0 0 0 0 0 0 0 0 0
INFO:tensorflow:segment_ids: 0 0 0 0 0 0 0 0 0 0 0 0 0 0 0 0 0 0 0 0 0 0 0 0 0 0 0 0 0 0 0 0 0 0 1 1 1 1 1 1 1 1 1 1 1 1 1 1 1 1 0 0 0 0 0 0 0 0 0 0 0 0 0 0 0 0 0 0 0 0 0 0 0 0 0 0 0 0 0 0 0 0 0 0 0 0 0 0 0 0 0 0 0 0 0 0 0 0 0 0 0 0 0 0 0 0 0 0 0 0 0 0 0 0 0 0 0 0 0 0 0 0 0 0 0 0 0 0
I1024 09:10:04.540741 47298752701504 create_pretraining_data.py:161] segment_ids: 0 0 0 0 0 0 0 0 0 0 0 0 0 0 0 0 0 0 0 0 0 0 0 0 0 0 0 0 0 0 0 0 0 0 1 1 1 1 1 1 1 1 1 1 1 1 1 1 1 1 0 0 0 0 0 0 0 0 0 0 0 0 0 0 0 0 0 0 0 0 0 0 0 0 0 0 0 0 0 0 0 0 0 0 0 0 0 0 0 0 0 0 0 0 0 0 0 0 0 0 0 0 0 0 0 0 0 0 0 0 0 0 0 0 0 0 0 0 0 0 0 0 0 0 0 0 0 0
INFO:tensorflow:masked_lm_positions: 3 13 23 24 25 26 35 46 0 0 0 0 0 0 0 0 0 0 0 0
I1024 09:10:04.540833 47298752701504 create_pretraining_data.py:161] masked_lm_positions: 3 13 23 24 25 26 35 46 0 0 0 0 0 0 0 0 0 0 0 0
INFO:tensorflow:masked_lm_ids: 5416 17797 17052 1005 29741 1043 12949 5344 0 0 0 0 0 0 0 0 0 0 0 0
I1024 09:10:04.540923 47298752701504 create_pretraining_data.py:161] masked_lm_ids: 5416 17797 17052 1005 29741 1043 12949 5344 0 0 0 0 0 0 0 0 0 0 0 0
INFO:tensorflow:masked_lm_weights: 1.0 1.0 1.0 1.0 1.0 1.0 1.0 1.0 0.0 0.0 0.0 0.0 0.0 0.0 0.0 0.0 0.0 0.0 0.0 0.0
I1024 09:10:04.541014 47298752701504 create_pretraining_data.py:161] masked_lm_weights: 1.0 1.0 1.0 1.0 1.0 1.0 1.0 1.0 0.0 0.0 0.0 0.0 0.0 0.0 0.0 0.0 0.0 0.0 0.0 0.0
INFO:tensorflow:next_sentence_labels: 1
I1024 09:10:04.541096 47298752701504 create_pretraining_data.py:161] next_sentence_labels: 1
INFO:tensorflow:*** Example ***
I1024 09:10:04.541763 47298752701504 create_pretraining_data.py:149] *** Example ***
INFO:tensorflow:tokens: [CLS] واخت ##تم فتح الله عمر حديثه لنا [MASK] ##شف عن جديده مبينا أنه بصدد [MASK] مسلسل تلفزيون ##ي سوري لبناني مصري جديد ، سين ##تج ##ه [MASK] فراس إبراهيم في عودة له إلى الانتاج ، ويج ##ري حاليا التفاوض مع مخرج مصري لتنفيذ ##ه . [SEP] ايام حياته واكثر ##ها عطاء في بلا ##ط سيف [MASK] الحمد ##اني [MASK] حلب وكان أحد أعظم شعراء [MASK] ، [MASK] [MASK] تمكن ##ا باللغة العربية وأع ##لمه ##م بق ##واعد ##ها ومف ##رد ##اتها ، وله مكانة سامي ##ة لم تتح [MASK] لغيره من شعراء [MASK] . في ##وصف [MASK] نادرة زمان ##ه ، وأع ##جوب ##ة عصر ##ه ، وظل شعره إلى اليوم مصدر إلها ##م [MASK] [MASK] [MASK] [MASK] والأدب ##اء . وهو شاعر ##حك ##يم ، [SEP]
I1024 09:10:04.541928 47298752701504 create_pretraining_data.py:151] tokens: [CLS] واخت ##تم فتح الله عمر حديثه لنا [MASK] ##شف عن جديده مبينا أنه بصدد [MASK] مسلسل تلفزيون ##ي سوري لبناني مصري جديد ، سين ##تج ##ه [MASK] فراس إبراهيم في عودة له إلى الانتاج ، ويج ##ري حاليا التفاوض مع مخرج مصري لتنفيذ ##ه . [SEP] ايام حياته واكثر ##ها عطاء في بلا ##ط سيف [MASK] الحمد ##اني [MASK] حلب وكان أحد أعظم شعراء [MASK] ، [MASK] [MASK] تمكن ##ا باللغة العربية وأع ##لمه ##م بق ##واعد ##ها ومف ##رد ##اتها ، وله مكانة سامي ##ة لم تتح [MASK] لغيره من شعراء [MASK] . في ##وصف [MASK] نادرة زمان ##ه ، وأع ##جوب ##ة عصر ##ه ، وظل شعره إلى اليوم مصدر إلها ##م [MASK] [MASK] [MASK] [MASK] والأدب ##اء . وهو شاعر ##حك ##يم ، [SEP]
INFO:tensorflow:input_ids: 2 5838 2419 4131 1953 2852 9764 2776 4 2504 1955 6293 19113 2590 22516 4 4383 12637 1013 9777 15894 8021 3044 378 4991 22832 1028 4 27520 4880 1912 8256 2154 2045 13245 378 7238 1923 4371 15971 1973 10691 8021 12808 1028 18 3 4264 6542 10756 1913 12117 1912 2701 1040 6378 4 2807 2022 4 7318 2648 2907 14932 12362 4 378 4 4 6836 1007 10241 2488 6453 3967 1015 2498 5178 1913 15981 2153 3793 378 4983 19636 9105 1043 2043 6326 4 21947 1908 12362 4 18 1912 21927 4 20482 6285 1028 378 6453 24279 1043 7872 1028 378 26477 19744 2045 2217 5019 29186 1015 4 4 4 4 20143 1954 18 2400 9959 2733 2019 378 3
I1024 09:10:04.542092 47298752701504 create_pretraining_data.py:161] input_ids: 2 5838 2419 4131 1953 2852 9764 2776 4 2504 1955 6293 19113 2590 22516 4 4383 12637 1013 9777 15894 8021 3044 378 4991 22832 1028 4 27520 4880 1912 8256 2154 2045 13245 378 7238 1923 4371 15971 1973 10691 8021 12808 1028 18 3 4264 6542 10756 1913 12117 1912 2701 1040 6378 4 2807 2022 4 7318 2648 2907 14932 12362 4 378 4 4 6836 1007 10241 2488 6453 3967 1015 2498 5178 1913 15981 2153 3793 378 4983 19636 9105 1043 2043 6326 4 21947 1908 12362 4 18 1912 21927 4 20482 6285 1028 378 6453 24279 1043 7872 1028 378 26477 19744 2045 2217 5019 29186 1015 4 4 4 4 20143 1954 18 2400 9959 2733 2019 378 3
INFO:tensorflow:input_mask: 1 1 1 1 1 1 1 1 1 1 1 1 1 1 1 1 1 1 1 1 1 1 1 1 1 1 1 1 1 1 1 1 1 1 1 1 1 1 1 1 1 1 1 1 1 1 1 1 1 1 1 1 1 1 1 1 1 1 1 1 1 1 1 1 1 1 1 1 1 1 1 1 1 1 1 1 1 1 1 1 1 1 1 1 1 1 1 1 1 1 1 1 1 1 1 1 1 1 1 1 1 1 1 1 1 1 1 1 1 1 1 1 1 1 1 1 1 1 1 1 1 1 1 1 1 1 1 1
I1024 09:10:04.542223 47298752701504 create_pretraining_data.py:161] input_mask: 1 1 1 1 1 1 1 1 1 1 1 1 1 1 1 1 1 1 1 1 1 1 1 1 1 1 1 1 1 1 1 1 1 1 1 1 1 1 1 1 1 1 1 1 1 1 1 1 1 1 1 1 1 1 1 1 1 1 1 1 1 1 1 1 1 1 1 1 1 1 1 1 1 1 1 1 1 1 1 1 1 1 1 1 1 1 1 1 1 1 1 1 1 1 1 1 1 1 1 1 1 1 1 1 1 1 1 1 1 1 1 1 1 1 1 1 1 1 1 1 1 1 1 1 1 1 1 1
INFO:tensorflow:segment_ids: 0 0 0 0 0 0 0 0 0 0 0 0 0 0 0 0 0 0 0 0 0 0 0 0 0 0 0 0 0 0 0 0 0 0 0 0 0 0 0 0 0 0 0 0 0 0 0 1 1 1 1 1 1 1 1 1 1 1 1 1 1 1 1 1 1 1 1 1 1 1 1 1 1 1 1 1 1 1 1 1 1 1 1 1 1 1 1 1 1 1 1 1 1 1 1 1 1 1 1 1 1 1 1 1 1 1 1 1 1 1 1 1 1 1 1 1 1 1 1 1 1 1 1 1 1 1 1 1
I1024 09:10:04.542355 47298752701504 create_pretraining_data.py:161] segment_ids: 0 0 0 0 0 0 0 0 0 0 0 0 0 0 0 0 0 0 0 0 0 0 0 0 0 0 0 0 0 0 0 0 0 0 0 0 0 0 0 0 0 0 0 0 0 0 0 1 1 1 1 1 1 1 1 1 1 1 1 1 1 1 1 1 1 1 1 1 1 1 1 1 1 1 1 1 1 1 1 1 1 1 1 1 1 1 1 1 1 1 1 1 1 1 1 1 1 1 1 1 1 1 1 1 1 1 1 1 1 1 1 1 1 1 1 1 1 1 1 1 1 1 1 1 1 1 1 1
INFO:tensorflow:masked_lm_positions: 8 9 15 16 27 47 56 59 60 65 67 68 89 93 97 115 116 117 118 0
I1024 09:10:04.542447 47298752701504 create_pretraining_data.py:161] masked_lm_positions: 8 9 15 16 27 47 56 59 60 65 67 68 89 93 97 115 116 117 118 0
INFO:tensorflow:masked_lm_ids: 3906 2504 9887 4383 4453 4264 3306 1912 7318 3157 11115 1949 18723 2488 5635 5594 2120 19451 1954 0
I1024 09:10:04.542537 47298752701504 create_pretraining_data.py:161] masked_lm_ids: 3906 2504 9887 4383 4453 4264 3306 1912 7318 3157 11115 1949 18723 2488 5635 5594 2120 19451 1954 0
INFO:tensorflow:masked_lm_weights: 1.0 1.0 1.0 1.0 1.0 1.0 1.0 1.0 1.0 1.0 1.0 1.0 1.0 1.0 1.0 1.0 1.0 1.0 1.0 0.0
I1024 09:10:04.542628 47298752701504 create_pretraining_data.py:161] masked_lm_weights: 1.0 1.0 1.0 1.0 1.0 1.0 1.0 1.0 1.0 1.0 1.0 1.0 1.0 1.0 1.0 1.0 1.0 1.0 1.0 0.0
INFO:tensorflow:next_sentence_labels: 1
I1024 09:10:04.542710 47298752701504 create_pretraining_data.py:161] next_sentence_labels: 1
INFO:tensorflow:*** Example ***
I1024 09:10:04.543364 47298752701504 create_pretraining_data.py:149] *** Example ***
INFO:tensorflow:tokens: [CLS] قال عبد [MASK] [MASK] مسلم بن قتي ##بة الدين ##وري ( ت : 27 ##6 ##ه ) : ( { مأ ##واك ##م النار [MASK] : هي مولا ##كم , أي : هي أولى بكم . [SEP] قال [MASK] بن [MASK] الزجاج [MASK] [MASK] : 31 ##1 ##ه ) : ( وقوله عز وجل : وقرر مأ ##واك ##م النار هي مولا ##كم وب ##ئس [MASK] } [MASK] مكي [MASK] أبي طالب القي ##سي ( [MASK] : 43 ##7 ##ه ) : ( { هي مولا ##كم } أي : [MASK] بكم ) . [SEP]
I1024 09:10:04.543512 47298752701504 create_pretraining_data.py:151] tokens: [CLS] قال عبد [MASK] [MASK] مسلم بن قتي ##بة الدين ##وري ( ت : 27 ##6 ##ه ) : ( { مأ ##واك ##م النار [MASK] : هي مولا ##كم , أي : هي أولى بكم . [SEP] قال [MASK] بن [MASK] الزجاج [MASK] [MASK] : 31 ##1 ##ه ) : ( وقوله عز وجل : وقرر مأ ##واك ##م النار هي مولا ##كم وب ##ئس [MASK] } [MASK] مكي [MASK] أبي طالب القي ##سي ( [MASK] : 43 ##7 ##ه ) : ( { هي مولا ##كم } أي : [MASK] بكم ) . [SEP]
INFO:tensorflow:input_ids: 2 2136 2195 4 4 4123 2040 13286 2215 2825 2158 12 390 30 4672 1079 1028 13 30 12 95 7303 5058 1015 3919 4 30 2247 10725 2018 16 2235 30 2247 8500 7019 18 3 2136 4 2040 4 12050 4 4 30 5623 1029 1028 13 30 12 10609 3280 6748 30 25134 7303 5058 1015 3919 2247 10725 2018 2118 19515 4 97 4 22931 4 3223 4458 9318 1999 12 4 30 9086 1058 1028 13 30 12 95 2247 10725 2018 97 2235 30 4 7019 13 18 3 0 0 0 0 0 0 0 0 0 0 0 0 0 0 0 0 0 0 0 0 0 0 0 0 0 0 0 0 0 0 0 0
I1024 09:10:04.543677 47298752701504 create_pretraining_data.py:161] input_ids: 2 2136 2195 4 4 4123 2040 13286 2215 2825 2158 12 390 30 4672 1079 1028 13 30 12 95 7303 5058 1015 3919 4 30 2247 10725 2018 16 2235 30 2247 8500 7019 18 3 2136 4 2040 4 12050 4 4 30 5623 1029 1028 13 30 12 10609 3280 6748 30 25134 7303 5058 1015 3919 2247 10725 2018 2118 19515 4 97 4 22931 4 3223 4458 9318 1999 12 4 30 9086 1058 1028 13 30 12 95 2247 10725 2018 97 2235 30 4 7019 13 18 3 0 0 0 0 0 0 0 0 0 0 0 0 0 0 0 0 0 0 0 0 0 0 0 0 0 0 0 0 0 0 0 0
INFO:tensorflow:input_mask: 1 1 1 1 1 1 1 1 1 1 1 1 1 1 1 1 1 1 1 1 1 1 1 1 1 1 1 1 1 1 1 1 1 1 1 1 1 1 1 1 1 1 1 1 1 1 1 1 1 1 1 1 1 1 1 1 1 1 1 1 1 1 1 1 1 1 1 1 1 1 1 1 1 1 1 1 1 1 1 1 1 1 1 1 1 1 1 1 1 1 1 1 1 1 1 1 0 0 0 0 0 0 0 0 0 0 0 0 0 0 0 0 0 0 0 0 0 0 0 0 0 0 0 0 0 0 0 0
I1024 09:10:04.543806 47298752701504 create_pretraining_data.py:161] input_mask: 1 1 1 1 1 1 1 1 1 1 1 1 1 1 1 1 1 1 1 1 1 1 1 1 1 1 1 1 1 1 1 1 1 1 1 1 1 1 1 1 1 1 1 1 1 1 1 1 1 1 1 1 1 1 1 1 1 1 1 1 1 1 1 1 1 1 1 1 1 1 1 1 1 1 1 1 1 1 1 1 1 1 1 1 1 1 1 1 1 1 1 1 1 1 1 1 0 0 0 0 0 0 0 0 0 0 0 0 0 0 0 0 0 0 0 0 0 0 0 0 0 0 0 0 0 0 0 0
INFO:tensorflow:segment_ids: 0 0 0 0 0 0 0 0 0 0 0 0 0 0 0 0 0 0 0 0 0 0 0 0 0 0 0 0 0 0 0 0 0 0 0 0 0 0 1 1 1 1 1 1 1 1 1 1 1 1 1 1 1 1 1 1 1 1 1 1 1 1 1 1 1 1 1 1 1 1 1 1 1 1 1 1 1 1 1 1 1 1 1 1 1 1 1 1 1 1 1 1 1 1 1 1 0 0 0 0 0 0 0 0 0 0 0 0 0 0 0 0 0 0 0 0 0 0 0 0 0 0 0 0 0 0 0 0
I1024 09:10:04.543928 47298752701504 create_pretraining_data.py:161] segment_ids: 0 0 0 0 0 0 0 0 0 0 0 0 0 0 0 0 0 0 0 0 0 0 0 0 0 0 0 0 0 0 0 0 0 0 0 0 0 0 1 1 1 1 1 1 1 1 1 1 1 1 1 1 1 1 1 1 1 1 1 1 1 1 1 1 1 1 1 1 1 1 1 1 1 1 1 1 1 1 1 1 1 1 1 1 1 1 1 1 1 1 1 1 1 1 1 1 0 0 0 0 0 0 0 0 0 0 0 0 0 0 0 0 0 0 0 0 0 0 0 0 0 0 0 0 0 0 0 0
INFO:tensorflow:masked_lm_positions: 3 4 25 32 39 41 43 44 56 66 68 70 76 91 0 0 0 0 0 0
I1024 09:10:04.544020 47298752701504 create_pretraining_data.py:161] masked_lm_positions: 3 4 25 32 39 41 43 44 56 66 68 70 76 91 0 0 0 0 0 0
INFO:tensorflow:masked_lm_ids: 1953 2040 97 30 4880 13124 12 390 95 15934 2136 2040 390 8500 0 0 0 0 0 0
I1024 09:10:04.544109 47298752701504 create_pretraining_data.py:161] masked_lm_ids: 1953 2040 97 30 4880 13124 12 390 95 15934 2136 2040 390 8500 0 0 0 0 0 0
INFO:tensorflow:masked_lm_weights: 1.0 1.0 1.0 1.0 1.0 1.0 1.0 1.0 1.0 1.0 1.0 1.0 1.0 1.0 0.0 0.0 0.0 0.0 0.0 0.0
I1024 09:10:04.544200 47298752701504 create_pretraining_data.py:161] masked_lm_weights: 1.0 1.0 1.0 1.0 1.0 1.0 1.0 1.0 1.0 1.0 1.0 1.0 1.0 1.0 0.0 0.0 0.0 0.0 0.0 0.0
INFO:tensorflow:next_sentence_labels: 0
I1024 09:10:04.544287 47298752701504 create_pretraining_data.py:161] next_sentence_labels: 0
INFO:tensorflow:*** Example ***
I1024 09:10:04.544960 47298752701504 create_pretraining_data.py:149] *** Example ***
INFO:tensorflow:tokens: [CLS] في [MASK] كل هذه الصف ##عات [MASK] [MASK] [MASK] ما أح ##وج ##نا لهذه الجر ##عات الشي ##ندا ##لية المنش ##طة لعض ##لة [MASK] والدا ##فعة عنه سحب [MASK] الرك ##امية [MASK] أغ ##لقت جميع المنا ##فذ ! . [MASK] تنا ##سل من الهم [MASK] [MASK] ارم لله ##م الخاص للف ##رد . . [SEP] ألم غر ##س معه جفاف الوجوه المتعددة . . والتي باعت [MASK] عند [MASK] [MASK] المصالح الذاتية . . فغ ##ربت معها شمس المحبة . . وبات الحب في الع ##راء حاف ##يا . بم بلا غطاء وبلا زمن [MASK] Qu ويح ##ييه . . حتى أصبح الحب غريبا بين الأح ##بة والأ ##صدقاء والأ ##هل [MASK] . وحمل معه أك ##فان الوحدة والتش ##رد عن وطن الذات والوطن العام . [SEP]
I1024 09:10:04.545120 47298752701504 create_pretraining_data.py:151] tokens: [CLS] في [MASK] كل هذه الصف ##عات [MASK] [MASK] [MASK] ما أح ##وج ##نا لهذه الجر ##عات الشي ##ندا ##لية المنش ##طة لعض ##لة [MASK] والدا ##فعة عنه سحب [MASK] الرك ##امية [MASK] أغ ##لقت جميع المنا ##فذ ! . [MASK] تنا ##سل من الهم [MASK] [MASK] ارم لله ##م الخاص للف ##رد . . [SEP] ألم غر ##س معه جفاف الوجوه المتعددة . . والتي باعت [MASK] عند [MASK] [MASK] المصالح الذاتية . . فغ ##ربت معها شمس المحبة . . وبات الحب في الع ##راء حاف ##يا . بم بلا غطاء وبلا زمن [MASK] Qu ويح ##ييه . . حتى أصبح الحب غريبا بين الأح ##بة والأ ##صدقاء والأ ##هل [MASK] . وحمل معه أك ##فان الوحدة والتش ##رد عن وطن الذات والوطن العام . [SEP]
INFO:tensorflow:input_ids: 2 1912 4 2038 2159 2945 3024 4 4 4 1972 3603 2128 1914 5087 11813 3024 2456 7057 2082 4806 2345 25094 2035 4 22886 9374 2891 7995 4 6009 8278 4 3545 7177 2561 2664 6303 5 18 4 3643 3758 1908 5707 4 4 20184 2784 1015 3342 3554 2153 18 18 3 5386 10093 1033 3860 18456 16569 14496 18 18 3385 6674 4 2192 4 4 11546 11854 18 18 19068 6427 5577 7633 15679 18 18 18596 3088 1912 1924 2147 10504 1937 18 2225 2701 16854 23375 5836 4 20011 6203 22171 18 18 2494 6597 3088 21827 2117 4518 2215 2491 6657 2491 2458 4 18 21876 3860 5983 11317 7877 11743 2153 1955 4482 5558 13735 2169 18 3
I1024 09:10:04.545293 47298752701504 create_pretraining_data.py:161] input_ids: 2 1912 4 2038 2159 2945 3024 4 4 4 1972 3603 2128 1914 5087 11813 3024 2456 7057 2082 4806 2345 25094 2035 4 22886 9374 2891 7995 4 6009 8278 4 3545 7177 2561 2664 6303 5 18 4 3643 3758 1908 5707 4 4 20184 2784 1015 3342 3554 2153 18 18 3 5386 10093 1033 3860 18456 16569 14496 18 18 3385 6674 4 2192 4 4 11546 11854 18 18 19068 6427 5577 7633 15679 18 18 18596 3088 1912 1924 2147 10504 1937 18 2225 2701 16854 23375 5836 4 20011 6203 22171 18 18 2494 6597 3088 21827 2117 4518 2215 2491 6657 2491 2458 4 18 21876 3860 5983 11317 7877 11743 2153 1955 4482 5558 13735 2169 18 3
INFO:tensorflow:input_mask: 1 1 1 1 1 1 1 1 1 1 1 1 1 1 1 1 1 1 1 1 1 1 1 1 1 1 1 1 1 1 1 1 1 1 1 1 1 1 1 1 1 1 1 1 1 1 1 1 1 1 1 1 1 1 1 1 1 1 1 1 1 1 1 1 1 1 1 1 1 1 1 1 1 1 1 1 1 1 1 1 1 1 1 1 1 1 1 1 1 1 1 1 1 1 1 1 1 1 1 1 1 1 1 1 1 1 1 1 1 1 1 1 1 1 1 1 1 1 1 1 1 1 1 1 1 1 1 1
I1024 09:10:04.545425 47298752701504 create_pretraining_data.py:161] input_mask: 1 1 1 1 1 1 1 1 1 1 1 1 1 1 1 1 1 1 1 1 1 1 1 1 1 1 1 1 1 1 1 1 1 1 1 1 1 1 1 1 1 1 1 1 1 1 1 1 1 1 1 1 1 1 1 1 1 1 1 1 1 1 1 1 1 1 1 1 1 1 1 1 1 1 1 1 1 1 1 1 1 1 1 1 1 1 1 1 1 1 1 1 1 1 1 1 1 1 1 1 1 1 1 1 1 1 1 1 1 1 1 1 1 1 1 1 1 1 1 1 1 1 1 1 1 1 1 1
INFO:tensorflow:segment_ids: 0 0 0 0 0 0 0 0 0 0 0 0 0 0 0 0 0 0 0 0 0 0 0 0 0 0 0 0 0 0 0 0 0 0 0 0 0 0 0 0 0 0 0 0 0 0 0 0 0 0 0 0 0 0 0 0 1 1 1 1 1 1 1 1 1 1 1 1 1 1 1 1 1 1 1 1 1 1 1 1 1 1 1 1 1 1 1 1 1 1 1 1 1 1 1 1 1 1 1 1 1 1 1 1 1 1 1 1 1 1 1 1 1 1 1 1 1 1 1 1 1 1 1 1 1 1 1 1
I1024 09:10:04.545549 47298752701504 create_pretraining_data.py:161] segment_ids: 0 0 0 0 0 0 0 0 0 0 0 0 0 0 0 0 0 0 0 0 0 0 0 0 0 0 0 0 0 0 0 0 0 0 0 0 0 0 0 0 0 0 0 0 0 0 0 0 0 0 0 0 0 0 0 0 1 1 1 1 1 1 1 1 1 1 1 1 1 1 1 1 1 1 1 1 1 1 1 1 1 1 1 1 1 1 1 1 1 1 1 1 1 1 1 1 1 1 1 1 1 1 1 1 1 1 1 1 1 1 1 1 1 1 1 1 1 1 1 1 1 1 1 1 1 1 1 1
INFO:tensorflow:masked_lm_positions: 2 7 8 9 24 29 32 40 45 46 47 67 69 70 80 90 95 96 112 0
I1024 09:10:04.545654 47298752701504 create_pretraining_data.py:161] masked_lm_positions: 2 7 8 9 24 29 32 40 45 46 47 67 69 70 80 90 95 96 112 0
INFO:tensorflow:masked_lm_ids: 4812 2087 17653 1910 3338 5717 2061 7134 2169 23748 1043 5338 3436 2718 18 18 9508 1028 18 0
I1024 09:10:04.545744 47298752701504 create_pretraining_data.py:161] masked_lm_ids: 4812 2087 17653 1910 3338 5717 2061 7134 2169 23748 1043 5338 3436 2718 18 18 9508 1028 18 0
INFO:tensorflow:masked_lm_weights: 1.0 1.0 1.0 1.0 1.0 1.0 1.0 1.0 1.0 1.0 1.0 1.0 1.0 1.0 1.0 1.0 1.0 1.0 1.0 0.0
I1024 09:10:04.545836 47298752701504 create_pretraining_data.py:161] masked_lm_weights: 1.0 1.0 1.0 1.0 1.0 1.0 1.0 1.0 1.0 1.0 1.0 1.0 1.0 1.0 1.0 1.0 1.0 1.0 1.0 0.0
INFO:tensorflow:next_sentence_labels: 0
I1024 09:10:04.545918 47298752701504 create_pretraining_data.py:161] next_sentence_labels: 0
INFO:tensorflow:*** Example ***
I1024 09:10:04.546616 47298752701504 create_pretraining_data.py:149] *** Example ***
INFO:tensorflow:tokens: [CLS] البطا ##طين [MASK] [MASK] والس ##تا ##ئر والس ##جاج ##يد بالب ##لاس ##تيك العادي او [MASK] [MASK] ليتني ذلك يتم حفظه ##ا [MASK] عل ##ب مصن ##وعة من الكارتون المق ##وى لحم ##اي ##ته [MASK] الأت ##ساخ او التلف وقت انز ##اله من المنزل الى سيارة نقل العفش طريقة تغ ##ليف [MASK] الخشب ##ية : [MASK] بعد فك الدوا ##ليب والاس ##رة والاثاث [SEP] الدقة في استق ##اء المعلومات من مصادر ##ها : محافظ المه ##رة [MASK] ما تداول ##ه [MASK] « يم ##ان نيوز » على لسانه بشأن [MASK] " [MASK] [MASK] " [MASK] ##ان المقدم : [MASK] [MASK] لم " و " لن " يلتزم ##وا بإ ##ي هد ##نه في بلاغ صحفي لهم اليوم : مشا ##ئ ##خ ووجه ##اء المه ##رة يؤكد [SEP]
I1024 09:10:04.546788 47298752701504 create_pretraining_data.py:151] tokens: [CLS] البطا ##طين [MASK] [MASK] والس ##تا ##ئر والس ##جاج ##يد بالب ##لاس ##تيك العادي او [MASK] [MASK] ليتني ذلك يتم حفظه ##ا [MASK] عل ##ب مصن ##وعة من الكارتون المق ##وى لحم ##اي ##ته [MASK] الأت ##ساخ او التلف وقت انز ##اله من المنزل الى سيارة نقل العفش طريقة تغ ##ليف [MASK] الخشب ##ية : [MASK] بعد فك الدوا ##ليب والاس ##رة والاثاث [SEP] الدقة في استق ##اء المعلومات من مصادر ##ها : محافظ المه ##رة [MASK] ما تداول ##ه [MASK] « يم ##ان نيوز » على لسانه بشأن [MASK] " [MASK] [MASK] " [MASK] ##ان المقدم : [MASK] [MASK] لم " و " لن " يلتزم ##وا بإ ##ي هد ##نه في بلاغ صحفي لهم اليوم : مشا ##ئ ##خ ووجه ##اء المه ##رة يؤكد [SEP]
INFO:tensorflow:input_ids: 2 11695 5691 4 4 2604 4258 7823 2604 3879 1983 4963 9953 11933 15369 2213 4 4 15678 2271 2952 9679 1007 4 9008 1045 13328 3571 1908 28672 3586 2254 9564 2272 2076 4 21878 29020 2213 13459 2758 18541 2556 1908 6125 2186 6596 3890 15942 5330 2887 4205 4 22875 1910 30 4 2089 4399 12675 4764 7127 2037 22272 3 21193 1912 23644 1954 3939 1908 5093 1913 30 5314 3100 2037 4 1972 8599 1028 4 107 2243 1906 9136 114 1961 15843 5380 4 6 4 4 6 4 1906 14212 30 4 4 2043 6 415 6 2404 6 9690 1928 2935 1013 4758 2110 1912 19102 9657 2899 2217 30 15442 1042 1036 13140 1954 3100 2037 7004 3
I1024 09:10:04.546938 47298752701504 create_pretraining_data.py:161] input_ids: 2 11695 5691 4 4 2604 4258 7823 2604 3879 1983 4963 9953 11933 15369 2213 4 4 15678 2271 2952 9679 1007 4 9008 1045 13328 3571 1908 28672 3586 2254 9564 2272 2076 4 21878 29020 2213 13459 2758 18541 2556 1908 6125 2186 6596 3890 15942 5330 2887 4205 4 22875 1910 30 4 2089 4399 12675 4764 7127 2037 22272 3 21193 1912 23644 1954 3939 1908 5093 1913 30 5314 3100 2037 4 1972 8599 1028 4 107 2243 1906 9136 114 1961 15843 5380 4 6 4 4 6 4 1906 14212 30 4 4 2043 6 415 6 2404 6 9690 1928 2935 1013 4758 2110 1912 19102 9657 2899 2217 30 15442 1042 1036 13140 1954 3100 2037 7004 3
INFO:tensorflow:input_mask: 1 1 1 1 1 1 1 1 1 1 1 1 1 1 1 1 1 1 1 1 1 1 1 1 1 1 1 1 1 1 1 1 1 1 1 1 1 1 1 1 1 1 1 1 1 1 1 1 1 1 1 1 1 1 1 1 1 1 1 1 1 1 1 1 1 1 1 1 1 1 1 1 1 1 1 1 1 1 1 1 1 1 1 1 1 1 1 1 1 1 1 1 1 1 1 1 1 1 1 1 1 1 1 1 1 1 1 1 1 1 1 1 1 1 1 1 1 1 1 1 1 1 1 1 1 1 1 1
I1024 09:10:04.547081 47298752701504 create_pretraining_data.py:161] input_mask: 1 1 1 1 1 1 1 1 1 1 1 1 1 1 1 1 1 1 1 1 1 1 1 1 1 1 1 1 1 1 1 1 1 1 1 1 1 1 1 1 1 1 1 1 1 1 1 1 1 1 1 1 1 1 1 1 1 1 1 1 1 1 1 1 1 1 1 1 1 1 1 1 1 1 1 1 1 1 1 1 1 1 1 1 1 1 1 1 1 1 1 1 1 1 1 1 1 1 1 1 1 1 1 1 1 1 1 1 1 1 1 1 1 1 1 1 1 1 1 1 1 1 1 1 1 1 1 1
INFO:tensorflow:segment_ids: 0 0 0 0 0 0 0 0 0 0 0 0 0 0 0 0 0 0 0 0 0 0 0 0 0 0 0 0 0 0 0 0 0 0 0 0 0 0 0 0 0 0 0 0 0 0 0 0 0 0 0 0 0 0 0 0 0 0 0 0 0 0 0 0 0 1 1 1 1 1 1 1 1 1 1 1 1 1 1 1 1 1 1 1 1 1 1 1 1 1 1 1 1 1 1 1 1 1 1 1 1 1 1 1 1 1 1 1 1 1 1 1 1 1 1 1 1 1 1 1 1 1 1 1 1 1 1 1
I1024 09:10:04.547207 47298752701504 create_pretraining_data.py:161] segment_ids: 0 0 0 0 0 0 0 0 0 0 0 0 0 0 0 0 0 0 0 0 0 0 0 0 0 0 0 0 0 0 0 0 0 0 0 0 0 0 0 0 0 0 0 0 0 0 0 0 0 0 0 0 0 0 0 0 0 0 0 0 0 0 0 0 0 1 1 1 1 1 1 1 1 1 1 1 1 1 1 1 1 1 1 1 1 1 1 1 1 1 1 1 1 1 1 1 1 1 1 1 1 1 1 1 1 1 1 1 1 1 1 1 1 1 1 1 1 1 1 1 1 1 1 1 1 1 1 1
INFO:tensorflow:masked_lm_positions: 3 4 16 17 18 23 35 52 56 77 81 90 91 92 93 95 96 99 100 0
I1024 09:10:04.547307 47298752701504 create_pretraining_data.py:161] masked_lm_positions: 3 4 16 17 18 23 35 52 56 77 81 90 91 92 93 95 96 99 100 0
INFO:tensorflow:masked_lm_ids: 2119 26182 16872 20000 3807 1912 1908 15921 17 24282 2867 20138 6 27015 2396 24503 1906 10722 6 0
I1024 09:10:04.547397 47298752701504 create_pretraining_data.py:161] masked_lm_ids: 2119 26182 16872 20000 3807 1912 1908 15921 17 24282 2867 20138 6 27015 2396 24503 1906 10722 6 0
INFO:tensorflow:masked_lm_weights: 1.0 1.0 1.0 1.0 1.0 1.0 1.0 1.0 1.0 1.0 1.0 1.0 1.0 1.0 1.0 1.0 1.0 1.0 1.0 0.0
I1024 09:10:04.547488 47298752701504 create_pretraining_data.py:161] masked_lm_weights: 1.0 1.0 1.0 1.0 1.0 1.0 1.0 1.0 1.0 1.0 1.0 1.0 1.0 1.0 1.0 1.0 1.0 1.0 1.0 0.0
INFO:tensorflow:next_sentence_labels: 1
I1024 09:10:04.547571 47298752701504 create_pretraining_data.py:161] next_sentence_labels: 1
INFO:tensorflow:*** Example ***
I1024 09:10:04.548257 47298752701504 create_pretraining_data.py:149] *** Example ***
INFO:tensorflow:tokens: [CLS] [MASK] [MASK] علاقات [MASK] الفترة السابقة [MASK] دول [MASK] تعداد والآن سيكون هناك مزيد من الاتفاقيات والتعاون والحر ##كة [MASK] [MASK] والتي نش ##طت بين قطر وس ##لط ##نة عمان ، التي كان لها الحص ##ة الأكبر ، بالإضافة إلى زيارات [MASK] [MASK] [MASK] معاون بين قطر وتركيا ، فضلا عن باكستان والهند وغيرها . وقد خلقت هذه الإجراءات تعاون ##ا إيجاب ##يا [SEP] Sp ##ark [MASK] احد البرامج المجانية المميزة التي تم اطلاق ##ها مؤخرا والتي تمكن ##ك من تشفي ##ر الف ##ولد ##رات علي جهازك بحيث لا يمكن الوصول اليها الا من خلال البرنامج والذي لا يمكن تشغيل ##ه الا من خلال M ##ast ##er [MASK] [MASK] [MASK] [MASK] ، وبالتالي [MASK] يمكن الوصول الي الف ##ولد ##ر الا من خلال فك التش ##فير [SEP]
I1024 09:10:04.548425 47298752701504 create_pretraining_data.py:151] tokens: [CLS] [MASK] [MASK] علاقات [MASK] الفترة السابقة [MASK] دول [MASK] تعداد والآن سيكون هناك مزيد من الاتفاقيات والتعاون والحر ##كة [MASK] [MASK] والتي نش ##طت بين قطر وس ##لط ##نة عمان ، التي كان لها الحص ##ة الأكبر ، بالإضافة إلى زيارات [MASK] [MASK] [MASK] معاون بين قطر وتركيا ، فضلا عن باكستان والهند وغيرها . وقد خلقت هذه الإجراءات تعاون ##ا إيجاب ##يا [SEP] Sp ##ark [MASK] احد البرامج المجانية المميزة التي تم اطلاق ##ها مؤخرا والتي تمكن ##ك من تشفي ##ر الف ##ولد ##رات علي جهازك بحيث لا يمكن الوصول اليها الا من خلال البرنامج والذي لا يمكن تشغيل ##ه الا من خلال M ##ast ##er [MASK] [MASK] [MASK] [MASK] ، وبالتالي [MASK] يمكن الوصول الي الف ##ولد ##ر الا من خلال فك التش ##فير [SEP]
INFO:tensorflow:input_ids: 2 4 4 6511 4 5059 6438 4 4022 4 19924 21348 4557 2671 8309 1908 28390 13516 11864 4561 4 4 3385 3382 12005 2117 3984 2138 2016 2151 5224 378 2061 2055 2553 7903 1043 9769 378 5256 2045 26154 4 4 4 25822 2117 3984 17641 378 6721 1955 9974 20325 5370 18 2585 14872 2159 9773 10767 1007 25947 1937 3 10880 15898 4 2439 3839 11402 8969 2061 2172 8784 1913 7456 3385 6836 1014 1908 29947 1017 1980 3837 2401 1958 16392 6769 1963 2490 5710 7660 1915 1908 2317 4945 4262 1963 2490 8537 1028 1915 1908 2317 49 16329 2221 4 4 4 4 378 7078 4 2490 5710 2002 1980 3837 1017 1915 1908 2317 4399 3363 7646 3
I1024 09:10:04.548588 47298752701504 create_pretraining_data.py:161] input_ids: 2 4 4 6511 4 5059 6438 4 4022 4 19924 21348 4557 2671 8309 1908 28390 13516 11864 4561 4 4 3385 3382 12005 2117 3984 2138 2016 2151 5224 378 2061 2055 2553 7903 1043 9769 378 5256 2045 26154 4 4 4 25822 2117 3984 17641 378 6721 1955 9974 20325 5370 18 2585 14872 2159 9773 10767 1007 25947 1937 3 10880 15898 4 2439 3839 11402 8969 2061 2172 8784 1913 7456 3385 6836 1014 1908 29947 1017 1980 3837 2401 1958 16392 6769 1963 2490 5710 7660 1915 1908 2317 4945 4262 1963 2490 8537 1028 1915 1908 2317 49 16329 2221 4 4 4 4 378 7078 4 2490 5710 2002 1980 3837 1017 1915 1908 2317 4399 3363 7646 3
INFO:tensorflow:input_mask: 1 1 1 1 1 1 1 1 1 1 1 1 1 1 1 1 1 1 1 1 1 1 1 1 1 1 1 1 1 1 1 1 1 1 1 1 1 1 1 1 1 1 1 1 1 1 1 1 1 1 1 1 1 1 1 1 1 1 1 1 1 1 1 1 1 1 1 1 1 1 1 1 1 1 1 1 1 1 1 1 1 1 1 1 1 1 1 1 1 1 1 1 1 1 1 1 1 1 1 1 1 1 1 1 1 1 1 1 1 1 1 1 1 1 1 1 1 1 1 1 1 1 1 1 1 1 1 1
I1024 09:10:04.548720 47298752701504 create_pretraining_data.py:161] input_mask: 1 1 1 1 1 1 1 1 1 1 1 1 1 1 1 1 1 1 1 1 1 1 1 1 1 1 1 1 1 1 1 1 1 1 1 1 1 1 1 1 1 1 1 1 1 1 1 1 1 1 1 1 1 1 1 1 1 1 1 1 1 1 1 1 1 1 1 1 1 1 1 1 1 1 1 1 1 1 1 1 1 1 1 1 1 1 1 1 1 1 1 1 1 1 1 1 1 1 1 1 1 1 1 1 1 1 1 1 1 1 1 1 1 1 1 1 1 1 1 1 1 1 1 1 1 1 1 1
INFO:tensorflow:segment_ids: 0 0 0 0 0 0 0 0 0 0 0 0 0 0 0 0 0 0 0 0 0 0 0 0 0 0 0 0 0 0 0 0 0 0 0 0 0 0 0 0 0 0 0 0 0 0 0 0 0 0 0 0 0 0 0 0 0 0 0 0 0 0 0 0 0 1 1 1 1 1 1 1 1 1 1 1 1 1 1 1 1 1 1 1 1 1 1 1 1 1 1 1 1 1 1 1 1 1 1 1 1 1 1 1 1 1 1 1 1 1 1 1 1 1 1 1 1 1 1 1 1 1 1 1 1 1 1 1
I1024 09:10:04.548844 47298752701504 create_pretraining_data.py:161] segment_ids: 0 0 0 0 0 0 0 0 0 0 0 0 0 0 0 0 0 0 0 0 0 0 0 0 0 0 0 0 0 0 0 0 0 0 0 0 0 0 0 0 0 0 0 0 0 0 0 0 0 0 0 0 0 0 0 0 0 0 0 0 0 0 0 0 0 1 1 1 1 1 1 1 1 1 1 1 1 1 1 1 1 1 1 1 1 1 1 1 1 1 1 1 1 1 1 1 1 1 1 1 1 1 1 1 1 1 1 1 1 1 1 1 1 1 1 1 1 1 1 1 1 1 1 1 1 1 1 1
INFO:tensorflow:masked_lm_positions: 1 2 4 7 9 10 20 21 42 43 44 45 67 80 108 109 110 111 114 0
I1024 09:10:04.548935 47298752701504 create_pretraining_data.py:161] masked_lm_positions: 1 2 4 7 9 10 20 21 42 43 44 45 67 80 108 109 110 111 114 0
INFO:tensorflow:masked_lm_ids: 14961 3934 2317 1973 26799 378 5139 378 2390 1993 4077 4752 2139 1908 52 12646 1090 17003 1963 0
I1024 09:10:04.549026 47298752701504 create_pretraining_data.py:161] masked_lm_ids: 14961 3934 2317 1973 26799 378 5139 378 2390 1993 4077 4752 2139 1908 52 12646 1090 17003 1963 0
INFO:tensorflow:masked_lm_weights: 1.0 1.0 1.0 1.0 1.0 1.0 1.0 1.0 1.0 1.0 1.0 1.0 1.0 1.0 1.0 1.0 1.0 1.0 1.0 0.0
I1024 09:10:04.549129 47298752701504 create_pretraining_data.py:161] masked_lm_weights: 1.0 1.0 1.0 1.0 1.0 1.0 1.0 1.0 1.0 1.0 1.0 1.0 1.0 1.0 1.0 1.0 1.0 1.0 1.0 0.0
INFO:tensorflow:next_sentence_labels: 1
I1024 09:10:04.549213 47298752701504 create_pretraining_data.py:161] next_sentence_labels: 1
INFO:tensorflow:*** Example ***
I1024 09:10:04.549877 47298752701504 create_pretraining_data.py:149] *** Example ***
INFO:tensorflow:tokens: [CLS] ##HP ##92 ##3 ##E ##13 ##X [MASK] [MASK] 51 ##44 ##60 شفا ##ط الطه ##ي الغ ##ط ##س إعداد التحكم : [MASK] التحكم قوة الش ##فط ##صلاحات بوضع السحب : [MASK] ##7 [MASK] [MASK] / h [MASK] الطاقة : C جوري ##نيه خط تصميم [MASK] [MASK] المنتج ( العرض ##× ##الا ##رتفاع ##× ##الع ##م ##ق ) : 90 [MASK] 31 × 30 [SEP] [MASK] ، بل ويع ##اقب كل من لا [MASK] بإس ##رائيل كد ##ولة وكي ##هودي ##ة على وجه الخصوص . هذا القانون سيح ##د من الميزان ##يات الممن ##وحة للج ##معي ##ات التي تتع ##ارض بأ ##هداف ##ها مع مفهوم هذا القانون ، وبالتالي التحكم بكل الفعاليات التي لا تت ##لاء ##م [MASK] [MASK] ##ات هذا القانون ، في وسيلة بجمع وسائل [SEP]
I1024 09:10:04.550037 47298752701504 create_pretraining_data.py:151] tokens: [CLS] ##HP ##92 ##3 ##E ##13 ##X [MASK] [MASK] 51 ##44 ##60 شفا ##ط الطه ##ي الغ ##ط ##س إعداد التحكم : [MASK] التحكم قوة الش ##فط ##صلاحات بوضع السحب : [MASK] ##7 [MASK] [MASK] / h [MASK] الطاقة : C جوري ##نيه خط تصميم [MASK] [MASK] المنتج ( العرض ##× ##الا ##رتفاع ##× ##الع ##م ##ق ) : 90 [MASK] 31 × 30 [SEP] [MASK] ، بل ويع ##اقب كل من لا [MASK] بإس ##رائيل كد ##ولة وكي ##هودي ##ة على وجه الخصوص . هذا القانون سيح ##د من الميزان ##يات الممن ##وحة للج ##معي ##ات التي تتع ##ارض بأ ##هداف ##ها مع مفهوم هذا القانون ، وبالتالي التحكم بكل الفعاليات التي لا تت ##لاء ##م [MASK] [MASK] ##ات هذا القانون ، في وسيلة بجمع وسائل [SEP]
INFO:tensorflow:input_ids: 2 16483 26705 1076 1072 7981 1116 4 4 10693 5511 5092 17263 1040 16013 1013 2173 1040 1033 8996 9202 30 4 9202 6080 1966 13028 17802 11560 8806 30 4 1058 4 4 19 76 4 6233 30 39 11002 2757 2533 4428 4 4 9665 12 6111 1151 3757 23113 1151 7974 1015 1011 13 30 7742 4 5623 126 3612 3 4 378 2683 4594 12778 2038 1908 1963 4 16539 3337 16673 2264 15637 13001 1043 1961 2879 7923 18 2085 3594 20329 1016 1908 10954 2066 20028 5763 2970 22922 1904 2061 16019 4242 2499 3674 1913 1973 10294 2085 3594 378 7078 9202 3268 15059 2061 1963 2201 2602 1015 4 4 1904 2085 3594 378 1912 12735 26190 5363 3
I1024 09:10:04.550187 47298752701504 create_pretraining_data.py:161] input_ids: 2 16483 26705 1076 1072 7981 1116 4 4 10693 5511 5092 17263 1040 16013 1013 2173 1040 1033 8996 9202 30 4 9202 6080 1966 13028 17802 11560 8806 30 4 1058 4 4 19 76 4 6233 30 39 11002 2757 2533 4428 4 4 9665 12 6111 1151 3757 23113 1151 7974 1015 1011 13 30 7742 4 5623 126 3612 3 4 378 2683 4594 12778 2038 1908 1963 4 16539 3337 16673 2264 15637 13001 1043 1961 2879 7923 18 2085 3594 20329 1016 1908 10954 2066 20028 5763 2970 22922 1904 2061 16019 4242 2499 3674 1913 1973 10294 2085 3594 378 7078 9202 3268 15059 2061 1963 2201 2602 1015 4 4 1904 2085 3594 378 1912 12735 26190 5363 3
INFO:tensorflow:input_mask: 1 1 1 1 1 1 1 1 1 1 1 1 1 1 1 1 1 1 1 1 1 1 1 1 1 1 1 1 1 1 1 1 1 1 1 1 1 1 1 1 1 1 1 1 1 1 1 1 1 1 1 1 1 1 1 1 1 1 1 1 1 1 1 1 1 1 1 1 1 1 1 1 1 1 1 1 1 1 1 1 1 1 1 1 1 1 1 1 1 1 1 1 1 1 1 1 1 1 1 1 1 1 1 1 1 1 1 1 1 1 1 1 1 1 1 1 1 1 1 1 1 1 1 1 1 1 1 1
I1024 09:10:04.550320 47298752701504 create_pretraining_data.py:161] input_mask: 1 1 1 1 1 1 1 1 1 1 1 1 1 1 1 1 1 1 1 1 1 1 1 1 1 1 1 1 1 1 1 1 1 1 1 1 1 1 1 1 1 1 1 1 1 1 1 1 1 1 1 1 1 1 1 1 1 1 1 1 1 1 1 1 1 1 1 1 1 1 1 1 1 1 1 1 1 1 1 1 1 1 1 1 1 1 1 1 1 1 1 1 1 1 1 1 1 1 1 1 1 1 1 1 1 1 1 1 1 1 1 1 1 1 1 1 1 1 1 1 1 1 1 1 1 1 1 1
INFO:tensorflow:segment_ids: 0 0 0 0 0 0 0 0 0 0 0 0 0 0 0 0 0 0 0 0 0 0 0 0 0 0 0 0 0 0 0 0 0 0 0 0 0 0 0 0 0 0 0 0 0 0 0 0 0 0 0 0 0 0 0 0 0 0 0 0 0 0 0 0 0 1 1 1 1 1 1 1 1 1 1 1 1 1 1 1 1 1 1 1 1 1 1 1 1 1 1 1 1 1 1 1 1 1 1 1 1 1 1 1 1 1 1 1 1 1 1 1 1 1 1 1 1 1 1 1 1 1 1 1 1 1 1 1
I1024 09:10:04.550459 47298752701504 create_pretraining_data.py:161] segment_ids: 0 0 0 0 0 0 0 0 0 0 0 0 0 0 0 0 0 0 0 0 0 0 0 0 0 0 0 0 0 0 0 0 0 0 0 0 0 0 0 0 0 0 0 0 0 0 0 0 0 0 0 0 0 0 0 0 0 0 0 0 0 0 0 0 0 1 1 1 1 1 1 1 1 1 1 1 1 1 1 1 1 1 1 1 1 1 1 1 1 1 1 1 1 1 1 1 1 1 1 1 1 1 1 1 1 1 1 1 1 1 1 1 1 1 1 1 1 1 1 1 1 1 1 1 1 1 1 1
INFO:tensorflow:masked_lm_positions: 7 8 22 27 31 32 33 34 35 37 45 46 60 65 73 117 118 119 125 0
I1024 09:10:04.550551 47298752701504 create_pretraining_data.py:161] masked_lm_positions: 7 8 22 27 31 32 33 34 35 37 45 46 60 65 73 117 118 119 125 0
INFO:tensorflow:masked_lm_ids: 22491 30 8044 18411 13031 1058 81 1076 19 10685 13645 25353 126 3306 16676 15981 2153 1904 1908 0
I1024 09:10:04.550641 47298752701504 create_pretraining_data.py:161] masked_lm_ids: 22491 30 8044 18411 13031 1058 81 1076 19 10685 13645 25353 126 3306 16676 15981 2153 1904 1908 0
INFO:tensorflow:masked_lm_weights: 1.0 1.0 1.0 1.0 1.0 1.0 1.0 1.0 1.0 1.0 1.0 1.0 1.0 1.0 1.0 1.0 1.0 1.0 1.0 0.0
I1024 09:10:04.550732 47298752701504 create_pretraining_data.py:161] masked_lm_weights: 1.0 1.0 1.0 1.0 1.0 1.0 1.0 1.0 1.0 1.0 1.0 1.0 1.0 1.0 1.0 1.0 1.0 1.0 1.0 0.0
INFO:tensorflow:next_sentence_labels: 1
I1024 09:10:04.550814 47298752701504 create_pretraining_data.py:161] next_sentence_labels: 1
INFO:tensorflow:*** Example ***
I1024 09:10:04.551484 47298752701504 create_pretraining_data.py:149] *** Example ***
INFO:tensorflow:tokens: [CLS] أصدرت الجمعية التونسية للثقافة الام ##ازي ##غي ##ة بيانا اعتبرت فيه الاحكام الصادرة عن المحكمة المغربية ضد منا ##ضل ##ي حرا ##ك الريف باح ##كام جا [MASK] [MASK] . وعبر ##ت الجمعية عن مسا ##ند ##ة اما ##زيغ تونس لإ ##خوان ##هم بالمغرب . هدا نص البيان : [SEP] [MASK] : [MASK] بن غربية وزير المجتمع [MASK] [MASK] الإنسان اجتماعية [MASK] اما ##زيغ تونس بالس ##نة الام ##ازي ##غي ##ة [MASK] 29 ##67 [SEP]
I1024 09:10:04.551631 47298752701504 create_pretraining_data.py:151] tokens: [CLS] أصدرت الجمعية التونسية للثقافة الام ##ازي ##غي ##ة بيانا اعتبرت فيه الاحكام الصادرة عن المحكمة المغربية ضد منا ##ضل ##ي حرا ##ك الريف باح ##كام جا [MASK] [MASK] . وعبر ##ت الجمعية عن مسا ##ند ##ة اما ##زيغ تونس لإ ##خوان ##هم بالمغرب . هدا نص البيان : [SEP] [MASK] : [MASK] بن غربية وزير المجتمع [MASK] [MASK] الإنسان اجتماعية [MASK] اما ##زيغ تونس بالس ##نة الام ##ازي ##غي ##ة [MASK] 29 ##67 [SEP]
INFO:tensorflow:input_ids: 2 17526 5647 12854 22013 2313 18766 2662 1043 16510 22959 2366 22058 13439 1955 6161 8553 3051 3501 6551 1013 17035 1014 17277 13044 5552 6075 4 4 18 14155 1005 5647 1955 3920 2196 1043 3910 14995 5407 3028 28855 1949 15667 18 8316 2909 4640 30 3 4 30 4 2040 21647 3075 3409 4 4 4005 9484 4 3910 14995 5407 3828 2151 2313 18766 2662 1043 4 5064 7944 3 0 0 0 0 0 0 0 0 0 0 0 0 0 0 0 0 0 0 0 0 0 0 0 0 0 0 0 0 0 0 0 0 0 0 0 0 0 0 0 0 0 0 0 0 0 0 0 0 0 0 0 0 0
I1024 09:10:04.551778 47298752701504 create_pretraining_data.py:161] input_ids: 2 17526 5647 12854 22013 2313 18766 2662 1043 16510 22959 2366 22058 13439 1955 6161 8553 3051 3501 6551 1013 17035 1014 17277 13044 5552 6075 4 4 18 14155 1005 5647 1955 3920 2196 1043 3910 14995 5407 3028 28855 1949 15667 18 8316 2909 4640 30 3 4 30 4 2040 21647 3075 3409 4 4 4005 9484 4 3910 14995 5407 3828 2151 2313 18766 2662 1043 4 5064 7944 3 0 0 0 0 0 0 0 0 0 0 0 0 0 0 0 0 0 0 0 0 0 0 0 0 0 0 0 0 0 0 0 0 0 0 0 0 0 0 0 0 0 0 0 0 0 0 0 0 0 0 0 0 0
INFO:tensorflow:input_mask: 1 1 1 1 1 1 1 1 1 1 1 1 1 1 1 1 1 1 1 1 1 1 1 1 1 1 1 1 1 1 1 1 1 1 1 1 1 1 1 1 1 1 1 1 1 1 1 1 1 1 1 1 1 1 1 1 1 1 1 1 1 1 1 1 1 1 1 1 1 1 1 1 1 1 1 0 0 0 0 0 0 0 0 0 0 0 0 0 0 0 0 0 0 0 0 0 0 0 0 0 0 0 0 0 0 0 0 0 0 0 0 0 0 0 0 0 0 0 0 0 0 0 0 0 0 0 0 0
I1024 09:10:04.551928 47298752701504 create_pretraining_data.py:161] input_mask: 1 1 1 1 1 1 1 1 1 1 1 1 1 1 1 1 1 1 1 1 1 1 1 1 1 1 1 1 1 1 1 1 1 1 1 1 1 1 1 1 1 1 1 1 1 1 1 1 1 1 1 1 1 1 1 1 1 1 1 1 1 1 1 1 1 1 1 1 1 1 1 1 1 1 1 0 0 0 0 0 0 0 0 0 0 0 0 0 0 0 0 0 0 0 0 0 0 0 0 0 0 0 0 0 0 0 0 0 0 0 0 0 0 0 0 0 0 0 0 0 0 0 0 0 0 0 0 0
INFO:tensorflow:segment_ids: 0 0 0 0 0 0 0 0 0 0 0 0 0 0 0 0 0 0 0 0 0 0 0 0 0 0 0 0 0 0 0 0 0 0 0 0 0 0 0 0 0 0 0 0 0 0 0 0 0 0 1 1 1 1 1 1 1 1 1 1 1 1 1 1 1 1 1 1 1 1 1 1 1 1 1 0 0 0 0 0 0 0 0 0 0 0 0 0 0 0 0 0 0 0 0 0 0 0 0 0 0 0 0 0 0 0 0 0 0 0 0 0 0 0 0 0 0 0 0 0 0 0 0 0 0 0 0 0
I1024 09:10:04.552053 47298752701504 create_pretraining_data.py:161] segment_ids: 0 0 0 0 0 0 0 0 0 0 0 0 0 0 0 0 0 0 0 0 0 0 0 0 0 0 0 0 0 0 0 0 0 0 0 0 0 0 0 0 0 0 0 0 0 0 0 0 0 0 1 1 1 1 1 1 1 1 1 1 1 1 1 1 1 1 1 1 1 1 1 1 1 1 1 0 0 0 0 0 0 0 0 0 0 0 0 0 0 0 0 0 0 0 0 0 0 0 0 0 0 0 0 0 0 0 0 0 0 0 0 0 0 0 0 0 0 0 0 0 0 0 0 0 0 0 0 0
INFO:tensorflow:masked_lm_positions: 10 26 27 28 50 52 57 58 60 61 71 0 0 0 0 0 0 0 0 0
I1024 09:10:04.552145 47298752701504 create_pretraining_data.py:161] masked_lm_positions: 10 26 27 28 50 52 57 58 60 61 71 0 0 0 0 0 0 0 0 0
INFO:tensorflow:masked_lm_ids: 22959 6075 7823 1043 5407 9401 4990 14551 3873 22006 3895 0 0 0 0 0 0 0 0 0
I1024 09:10:04.552241 47298752701504 create_pretraining_data.py:161] masked_lm_ids: 22959 6075 7823 1043 5407 9401 4990 14551 3873 22006 3895 0 0 0 0 0 0 0 0 0
INFO:tensorflow:masked_lm_weights: 1.0 1.0 1.0 1.0 1.0 1.0 1.0 1.0 1.0 1.0 1.0 0.0 0.0 0.0 0.0 0.0 0.0 0.0 0.0 0.0
I1024 09:10:04.552335 47298752701504 create_pretraining_data.py:161] masked_lm_weights: 1.0 1.0 1.0 1.0 1.0 1.0 1.0 1.0 1.0 1.0 1.0 0.0 0.0 0.0 0.0 0.0 0.0 0.0 0.0 0.0
INFO:tensorflow:next_sentence_labels: 0
I1024 09:10:04.552417 47298752701504 create_pretraining_data.py:161] next_sentence_labels: 0
INFO:tensorflow:*** Example ***
I1024 09:10:04.553085 47298752701504 create_pretraining_data.py:149] *** Example ***
INFO:tensorflow:tokens: [CLS] إ ##قرأ . . الأن ##هار هي القنوات الطبيعية [MASK] [MASK] المياه العذبة والط ##مي معا ، بالان ##حد ##ار [MASK] [MASK] الشم حسب تض ##اريس سطح الأرض . [SEP] عزيز ##ى زائر منتدى نجم الجيل نتمنى لك [MASK] اسعد وقت فى [MASK] [MASK] كنت غير مسجل فنحن نت ##شرف بأن ##ضمام ##ك الينا واذا كنت [MASK] [MASK] بالدخول © phpBB | انشاء منتدى | منتدى مجاني للدعم و المساعدة | إتصل بنا | التبليغ عن محتوى مخالف [MASK] احدث مدونتك مجانيا [SEP]
I1024 09:10:04.553229 47298752701504 create_pretraining_data.py:151] tokens: [CLS] إ ##قرأ . . الأن ##هار هي القنوات الطبيعية [MASK] [MASK] المياه العذبة والط ##مي معا ، بالان ##حد ##ار [MASK] [MASK] الشم حسب تض ##اريس سطح الأرض . [SEP] عزيز ##ى زائر منتدى نجم الجيل نتمنى لك [MASK] اسعد وقت فى [MASK] [MASK] كنت غير مسجل فنحن نت ##شرف بأن ##ضمام ##ك الينا واذا كنت [MASK] [MASK] بالدخول © phpBB | انشاء منتدى | منتدى مجاني للدعم و المساعدة | إتصل بنا | التبليغ عن محتوى مخالف [MASK] احدث مدونتك مجانيا [SEP]
INFO:tensorflow:input_ids: 2 385 7263 18 18 3407 10160 2247 4601 7411 4 4 3093 20200 4392 1960 3874 378 8849 1991 1909 4 4 5399 3650 3932 28406 9963 4158 18 3 6910 1102 7126 2069 6651 9479 15709 2278 4 5926 2758 2230 4 4 2678 2224 14538 9640 2682 12823 3010 7403 1014 12647 4876 2678 4 4 9704 106 4237 96 6117 2069 96 2069 3143 2679 415 3661 96 4111 3122 96 3888 1955 3491 3743 4 5276 5534 7350 3 0 0 0 0 0 0 0 0 0 0 0 0 0 0 0 0 0 0 0 0 0 0 0 0 0 0 0 0 0 0 0 0 0 0 0 0 0 0 0 0 0 0 0 0
I1024 09:10:04.553386 47298752701504 create_pretraining_data.py:161] input_ids: 2 385 7263 18 18 3407 10160 2247 4601 7411 4 4 3093 20200 4392 1960 3874 378 8849 1991 1909 4 4 5399 3650 3932 28406 9963 4158 18 3 6910 1102 7126 2069 6651 9479 15709 2278 4 5926 2758 2230 4 4 2678 2224 14538 9640 2682 12823 3010 7403 1014 12647 4876 2678 4 4 9704 106 4237 96 6117 2069 96 2069 3143 2679 415 3661 96 4111 3122 96 3888 1955 3491 3743 4 5276 5534 7350 3 0 0 0 0 0 0 0 0 0 0 0 0 0 0 0 0 0 0 0 0 0 0 0 0 0 0 0 0 0 0 0 0 0 0 0 0 0 0 0 0 0 0 0 0
INFO:tensorflow:input_mask: 1 1 1 1 1 1 1 1 1 1 1 1 1 1 1 1 1 1 1 1 1 1 1 1 1 1 1 1 1 1 1 1 1 1 1 1 1 1 1 1 1 1 1 1 1 1 1 1 1 1 1 1 1 1 1 1 1 1 1 1 1 1 1 1 1 1 1 1 1 1 1 1 1 1 1 1 1 1 1 1 1 1 1 1 0 0 0 0 0 0 0 0 0 0 0 0 0 0 0 0 0 0 0 0 0 0 0 0 0 0 0 0 0 0 0 0 0 0 0 0 0 0 0 0 0 0 0 0
I1024 09:10:04.553530 47298752701504 create_pretraining_data.py:161] input_mask: 1 1 1 1 1 1 1 1 1 1 1 1 1 1 1 1 1 1 1 1 1 1 1 1 1 1 1 1 1 1 1 1 1 1 1 1 1 1 1 1 1 1 1 1 1 1 1 1 1 1 1 1 1 1 1 1 1 1 1 1 1 1 1 1 1 1 1 1 1 1 1 1 1 1 1 1 1 1 1 1 1 1 1 1 0 0 0 0 0 0 0 0 0 0 0 0 0 0 0 0 0 0 0 0 0 0 0 0 0 0 0 0 0 0 0 0 0 0 0 0 0 0 0 0 0 0 0 0
INFO:tensorflow:segment_ids: 0 0 0 0 0 0 0 0 0 0 0 0 0 0 0 0 0 0 0 0 0 0 0 0 0 0 0 0 0 0 0 1 1 1 1 1 1 1 1 1 1 1 1 1 1 1 1 1 1 1 1 1 1 1 1 1 1 1 1 1 1 1 1 1 1 1 1 1 1 1 1 1 1 1 1 1 1 1 1 1 1 1 1 1 0 0 0 0 0 0 0 0 0 0 0 0 0 0 0 0 0 0 0 0 0 0 0 0 0 0 0 0 0 0 0 0 0 0 0 0 0 0 0 0 0 0 0 0
I1024 09:10:04.553652 47298752701504 create_pretraining_data.py:161] segment_ids: 0 0 0 0 0 0 0 0 0 0 0 0 0 0 0 0 0 0 0 0 0 0 0 0 0 0 0 0 0 0 0 1 1 1 1 1 1 1 1 1 1 1 1 1 1 1 1 1 1 1 1 1 1 1 1 1 1 1 1 1 1 1 1 1 1 1 1 1 1 1 1 1 1 1 1 1 1 1 1 1 1 1 1 1 0 0 0 0 0 0 0 0 0 0 0 0 0 0 0 0 0 0 0 0 0 0 0 0 0 0 0 0 0 0 0 0 0 0 0 0 0 0 0 0 0 0 0 0
INFO:tensorflow:masked_lm_positions: 10 11 21 22 23 39 43 44 57 58 62 64 79 0 0 0 0 0 0 0
I1024 09:10:04.553744 47298752701504 create_pretraining_data.py:161] masked_lm_positions: 10 11 21 22 23 39 43 44 57 58 62 64 79 0 0 0 0 0 0 0
INFO:tensorflow:masked_lm_ids: 2672 28760 1908 3501 21438 9606 2537 2387 4866 25136 96 2069 96 0 0 0 0 0 0 0
I1024 09:10:04.553833 47298752701504 create_pretraining_data.py:161] masked_lm_ids: 2672 28760 1908 3501 21438 9606 2537 2387 4866 25136 96 2069 96 0 0 0 0 0 0 0
INFO:tensorflow:masked_lm_weights: 1.0 1.0 1.0 1.0 1.0 1.0 1.0 1.0 1.0 1.0 1.0 1.0 1.0 0.0 0.0 0.0 0.0 0.0 0.0 0.0
I1024 09:10:04.553923 47298752701504 create_pretraining_data.py:161] masked_lm_weights: 1.0 1.0 1.0 1.0 1.0 1.0 1.0 1.0 1.0 1.0 1.0 1.0 1.0 0.0 0.0 0.0 0.0 0.0 0.0 0.0
INFO:tensorflow:next_sentence_labels: 1
I1024 09:10:04.554004 47298752701504 create_pretraining_data.py:161] next_sentence_labels: 1
INFO:tensorflow:*** Example ***
I1024 09:10:04.554682 47298752701504 create_pretraining_data.py:149] *** Example ***
INFO:tensorflow:tokens: [CLS] بحس ##ابات السياسة ، سي ##جد المؤتمر [MASK] إن شاء [MASK] وضع ##ا مريح ##ا [MASK] [MASK] . ولكنها [MASK] نز ##ه ##ة ، فأنا [MASK] [MASK] ( العمل السياسي هو سهر وقهر ووج ##ع ض ##هر ) ، [MASK] نخ ##طط لهذه الانتخابات منذ الاستثمار الماضية . لكننا [MASK] أن هنالك سيكون تنافس حقيقي بين المرشحين . فال ##انت ##خابات على المستوى الجغرافي على الأقل تتدخل فيها قضايا [MASK] [MASK] ##ة غير الولاء الحزب ##ي . . [SEP] * [MASK] تنافس يمكن أن [MASK] يا [MASK] [MASK] [MASK] . فإذا نظر ##نا لمن تقدم ##وا لمنا ##فس ##ة البشير في انتخابات الرئاسة لن نجد فيهم مرشح ##ا ##and ##n ##b ##sp ; [MASK] أن يحلم بحد ##وث مفاجأة حتى في أشد لحظات تفاؤل ##ه ؟ [SEP]
I1024 09:10:04.554850 47298752701504 create_pretraining_data.py:151] tokens: [CLS] بحس ##ابات السياسة ، سي ##جد المؤتمر [MASK] إن شاء [MASK] وضع ##ا مريح ##ا [MASK] [MASK] . ولكنها [MASK] نز ##ه ##ة ، فأنا [MASK] [MASK] ( العمل السياسي هو سهر وقهر ووج ##ع ض ##هر ) ، [MASK] نخ ##طط لهذه الانتخابات منذ الاستثمار الماضية . لكننا [MASK] أن هنالك سيكون تنافس حقيقي بين المرشحين . فال ##انت ##خابات على المستوى الجغرافي على الأقل تتدخل فيها قضايا [MASK] [MASK] ##ة غير الولاء الحزب ##ي . . [SEP] * [MASK] تنافس يمكن أن [MASK] يا [MASK] [MASK] [MASK] . فإذا نظر ##نا لمن تقدم ##وا لمنا ##فس ##ة البشير في انتخابات الرئاسة لن نجد فيهم مرشح ##ا ##and ##n ##b ##sp ; [MASK] أن يحلم بحد ##وث مفاجأة حتى في أشد لحظات تفاؤل ##ه ؟ [SEP]
INFO:tensorflow:input_ids: 2 27883 2669 6607 378 2266 2448 4998 4 2259 4217 4 3462 1007 24566 1007 4 4 18 9298 4 4011 1028 1043 378 18879 4 4 12 2854 4254 2139 15363 26553 22894 1009 402 2121 13 378 4 6093 6250 5087 4668 2837 7454 5385 18 15414 4 1979 11972 4557 18492 10856 2117 13457 18 2989 3937 3546 1961 5298 27974 1961 9004 28289 2443 6327 4 4 1043 2224 20631 5245 1013 18 18 3 14 4 18492 2490 1979 4 2104 4 4 4 18 5997 4461 1914 3043 3868 1928 26219 2094 1043 15177 1912 7252 10428 2404 6986 6445 11214 1007 11399 1052 1060 16460 31 4 1979 25333 12769 2911 23075 2494 1912 13720 9951 27825 1028 380 3
I1024 09:10:04.555017 47298752701504 create_pretraining_data.py:161] input_ids: 2 27883 2669 6607 378 2266 2448 4998 4 2259 4217 4 3462 1007 24566 1007 4 4 18 9298 4 4011 1028 1043 378 18879 4 4 12 2854 4254 2139 15363 26553 22894 1009 402 2121 13 378 4 6093 6250 5087 4668 2837 7454 5385 18 15414 4 1979 11972 4557 18492 10856 2117 13457 18 2989 3937 3546 1961 5298 27974 1961 9004 28289 2443 6327 4 4 1043 2224 20631 5245 1013 18 18 3 14 4 18492 2490 1979 4 2104 4 4 4 18 5997 4461 1914 3043 3868 1928 26219 2094 1043 15177 1912 7252 10428 2404 6986 6445 11214 1007 11399 1052 1060 16460 31 4 1979 25333 12769 2911 23075 2494 1912 13720 9951 27825 1028 380 3
INFO:tensorflow:input_mask: 1 1 1 1 1 1 1 1 1 1 1 1 1 1 1 1 1 1 1 1 1 1 1 1 1 1 1 1 1 1 1 1 1 1 1 1 1 1 1 1 1 1 1 1 1 1 1 1 1 1 1 1 1 1 1 1 1 1 1 1 1 1 1 1 1 1 1 1 1 1 1 1 1 1 1 1 1 1 1 1 1 1 1 1 1 1 1 1 1 1 1 1 1 1 1 1 1 1 1 1 1 1 1 1 1 1 1 1 1 1 1 1 1 1 1 1 1 1 1 1 1 1 1 1 1 1 1 1
I1024 09:10:04.555147 47298752701504 create_pretraining_data.py:161] input_mask: 1 1 1 1 1 1 1 1 1 1 1 1 1 1 1 1 1 1 1 1 1 1 1 1 1 1 1 1 1 1 1 1 1 1 1 1 1 1 1 1 1 1 1 1 1 1 1 1 1 1 1 1 1 1 1 1 1 1 1 1 1 1 1 1 1 1 1 1 1 1 1 1 1 1 1 1 1 1 1 1 1 1 1 1 1 1 1 1 1 1 1 1 1 1 1 1 1 1 1 1 1 1 1 1 1 1 1 1 1 1 1 1 1 1 1 1 1 1 1 1 1 1 1 1 1 1 1 1
INFO:tensorflow:segment_ids: 0 0 0 0 0 0 0 0 0 0 0 0 0 0 0 0 0 0 0 0 0 0 0 0 0 0 0 0 0 0 0 0 0 0 0 0 0 0 0 0 0 0 0 0 0 0 0 0 0 0 0 0 0 0 0 0 0 0 0 0 0 0 0 0 0 0 0 0 0 0 0 0 0 0 0 0 0 0 0 0 1 1 1 1 1 1 1 1 1 1 1 1 1 1 1 1 1 1 1 1 1 1 1 1 1 1 1 1 1 1 1 1 1 1 1 1 1 1 1 1 1 1 1 1 1 1 1 1
I1024 09:10:04.555278 47298752701504 create_pretraining_data.py:161] segment_ids: 0 0 0 0 0 0 0 0 0 0 0 0 0 0 0 0 0 0 0 0 0 0 0 0 0 0 0 0 0 0 0 0 0 0 0 0 0 0 0 0 0 0 0 0 0 0 0 0 0 0 0 0 0 0 0 0 0 0 0 0 0 0 0 0 0 0 0 0 0 0 0 0 0 0 0 0 0 0 0 0 1 1 1 1 1 1 1 1 1 1 1 1 1 1 1 1 1 1 1 1 1 1 1 1 1 1 1 1 1 1 1 1 1 1 1 1 1 1 1 1 1 1 1 1 1 1 1 1
INFO:tensorflow:masked_lm_positions: 8 11 16 17 20 26 27 40 46 50 70 71 72 81 85 87 88 89 114 0
I1024 09:10:04.555372 47298752701504 create_pretraining_data.py:161] masked_lm_positions: 8 11 16 17 20 26 27 40 46 50 70 71 72 81 85 87 88 89 114 0
INFO:tensorflow:masked_lm_ids: 3270 1953 1912 4668 3721 2306 4002 4882 4668 25679 4660 6490 1043 2235 5179 4494 1037 18 2490 0
I1024 09:10:04.555461 47298752701504 create_pretraining_data.py:161] masked_lm_ids: 3270 1953 1912 4668 3721 2306 4002 4882 4668 25679 4660 6490 1043 2235 5179 4494 1037 18 2490 0
INFO:tensorflow:masked_lm_weights: 1.0 1.0 1.0 1.0 1.0 1.0 1.0 1.0 1.0 1.0 1.0 1.0 1.0 1.0 1.0 1.0 1.0 1.0 1.0 0.0
I1024 09:10:04.555565 47298752701504 create_pretraining_data.py:161] masked_lm_weights: 1.0 1.0 1.0 1.0 1.0 1.0 1.0 1.0 1.0 1.0 1.0 1.0 1.0 1.0 1.0 1.0 1.0 1.0 1.0 0.0
INFO:tensorflow:next_sentence_labels: 0
I1024 09:10:04.555648 47298752701504 create_pretraining_data.py:161] next_sentence_labels: 0
INFO:tensorflow:Wrote 6636501 total instances
I1024 09:53:17.171269 47298752701504 create_pretraining_data.py:166] Wrote 6636501 total instances
