Loading module 'all'
WARNING:tensorflow:From ../bert/create_pretraining_data.py:469: The name tf.app.run is deprecated. Please use tf.compat.v1.app.run instead.

WARNING:tensorflow:From ../bert/create_pretraining_data.py:437: The name tf.logging.set_verbosity is deprecated. Please use tf.compat.v1.logging.set_verbosity instead.

W1024 02:50:26.079693 47759586194496 module_wrapper.py:139] From ../bert/create_pretraining_data.py:437: The name tf.logging.set_verbosity is deprecated. Please use tf.compat.v1.logging.set_verbosity instead.

WARNING:tensorflow:From ../bert/create_pretraining_data.py:437: The name tf.logging.INFO is deprecated. Please use tf.compat.v1.logging.INFO instead.

W1024 02:50:26.079923 47759586194496 module_wrapper.py:139] From ../bert/create_pretraining_data.py:437: The name tf.logging.INFO is deprecated. Please use tf.compat.v1.logging.INFO instead.

WARNING:tensorflow:From /scratch/gi372/camel-mlm/bert/tokenization.py:125: The name tf.gfile.GFile is deprecated. Please use tf.io.gfile.GFile instead.

W1024 02:50:26.080122 47759586194496 module_wrapper.py:139] From /scratch/gi372/camel-mlm/bert/tokenization.py:125: The name tf.gfile.GFile is deprecated. Please use tf.io.gfile.GFile instead.

WARNING:tensorflow:From ../bert/create_pretraining_data.py:444: The name tf.gfile.Glob is deprecated. Please use tf.io.gfile.glob instead.

W1024 02:50:26.183949 47759586194496 module_wrapper.py:139] From ../bert/create_pretraining_data.py:444: The name tf.gfile.Glob is deprecated. Please use tf.io.gfile.glob instead.

WARNING:tensorflow:From ../bert/create_pretraining_data.py:446: The name tf.logging.info is deprecated. Please use tf.compat.v1.logging.info instead.

W1024 02:50:26.218564 47759586194496 module_wrapper.py:139] From ../bert/create_pretraining_data.py:446: The name tf.logging.info is deprecated. Please use tf.compat.v1.logging.info instead.

INFO:tensorflow:*** Reading from input files ***
I1024 02:50:26.218843 47759586194496 create_pretraining_data.py:446] *** Reading from input files ***
INFO:tensorflow:  ../corpora/shards/MSA-oscar-unshuffled.docs.shard.051.normalized.sents
I1024 02:50:26.218945 47759586194496 create_pretraining_data.py:448]   ../corpora/shards/MSA-oscar-unshuffled.docs.shard.051.normalized.sents
INFO:tensorflow:*** Writing to output files ***
I1024 04:20:30.374424 47759586194496 create_pretraining_data.py:457] *** Writing to output files ***
INFO:tensorflow:  ../corpora/tf_records/MSA-oscar-unshuffled.docs.shard.051.tf_record
I1024 04:20:30.418302 47759586194496 create_pretraining_data.py:459]   ../corpora/tf_records/MSA-oscar-unshuffled.docs.shard.051.tf_record
WARNING:tensorflow:From ../bert/create_pretraining_data.py:101: The name tf.python_io.TFRecordWriter is deprecated. Please use tf.io.TFRecordWriter instead.

W1024 04:20:30.438965 47759586194496 module_wrapper.py:139] From ../bert/create_pretraining_data.py:101: The name tf.python_io.TFRecordWriter is deprecated. Please use tf.io.TFRecordWriter instead.

INFO:tensorflow:*** Example ***
I1024 04:20:30.478844 47759586194496 create_pretraining_data.py:149] *** Example ***
INFO:tensorflow:tokens: [CLS] كل هذا وغيره من ##ثمار [MASK] المزعجة كانت تضر بتج ##ربة استخدام ##بور ، بمجرد وضع [MASK] الإعلانات توقفت [MASK] هذه المشاكل [MASK] لكن الآن الجواب أبعد من [MASK] ، شبكات [MASK] تتابع بيانات المستخدمين عبر الشبكة [MASK] هذه البيانات لوحده ##ا قد تصبح [MASK] [MASK] [SEP] الإعلانات استخدمت وست ##ست ##خدم لنشر البرامج الخبي ##ثة ، منع الإعلانات [MASK] هذه الحالة ليس فقط مجرد تجنب للإ ##زعاج بل هو تجنب للمش ##اكل الأمنية . بالطبع سي ##قول البعض [MASK] الشبكة تعتمد على الإعلانات وص ##ناعة المحتوى لا يمكنها أن تستمر دون إعلانات ، وهنا أقول بأن اللوم [MASK] أن ير ##مى على شبكات الإعلانات [MASK] ، لو أنها اكت ##فت بعرض الإعلانات دون المساس بتج ##ربة [MASK] أو تع [MASK] الناس للبرامج الخبي ##ثة لكان [SEP]
I1024 04:20:30.479207 47759586194496 create_pretraining_data.py:151] tokens: [CLS] كل هذا وغيره من ##ثمار [MASK] المزعجة كانت تضر بتج ##ربة استخدام ##بور ، بمجرد وضع [MASK] الإعلانات توقفت [MASK] هذه المشاكل [MASK] لكن الآن الجواب أبعد من [MASK] ، شبكات [MASK] تتابع بيانات المستخدمين عبر الشبكة [MASK] هذه البيانات لوحده ##ا قد تصبح [MASK] [MASK] [SEP] الإعلانات استخدمت وست ##ست ##خدم لنشر البرامج الخبي ##ثة ، منع الإعلانات [MASK] هذه الحالة ليس فقط مجرد تجنب للإ ##زعاج بل هو تجنب للمش ##اكل الأمنية . بالطبع سي ##قول البعض [MASK] الشبكة تعتمد على الإعلانات وص ##ناعة المحتوى لا يمكنها أن تستمر دون إعلانات ، وهنا أقول بأن اللوم [MASK] أن ير ##مى على شبكات الإعلانات [MASK] ، لو أنها اكت ##فت بعرض الإعلانات دون المساس بتج ##ربة [MASK] أو تع [MASK] الناس للبرامج الخبي ##ثة لكان [SEP]
INFO:tensorflow:input_ids: 2 2038 2085 9469 1908 4777 4 26658 2431 14821 13807 3569 3653 7529 378 12559 3462 4 9250 20726 4 2159 6996 4 2425 3303 11265 20505 1908 4 378 13524 4 17991 5995 9985 2830 10926 4 2159 7416 25384 1007 2251 5973 4 4 3 9250 22805 4709 1932 2606 15692 3839 18992 4759 378 6129 9250 4 2159 8305 2618 2574 5278 13611 3822 26427 2683 2139 13611 8344 3330 6979 18 15613 2266 2730 4535 4 10926 10620 1961 9250 2417 9312 11998 1963 18863 1979 11638 2571 10784 378 9377 10696 3010 29025 4 1979 3067 15609 1961 13524 9250 4 378 2244 3811 3555 2209 16184 9250 2571 26912 13807 3569 4 2075 2044 4 2397 27686 18992 4759 14057 3
I1024 04:20:30.479571 47759586194496 create_pretraining_data.py:161] input_ids: 2 2038 2085 9469 1908 4777 4 26658 2431 14821 13807 3569 3653 7529 378 12559 3462 4 9250 20726 4 2159 6996 4 2425 3303 11265 20505 1908 4 378 13524 4 17991 5995 9985 2830 10926 4 2159 7416 25384 1007 2251 5973 4 4 3 9250 22805 4709 1932 2606 15692 3839 18992 4759 378 6129 9250 4 2159 8305 2618 2574 5278 13611 3822 26427 2683 2139 13611 8344 3330 6979 18 15613 2266 2730 4535 4 10926 10620 1961 9250 2417 9312 11998 1963 18863 1979 11638 2571 10784 378 9377 10696 3010 29025 4 1979 3067 15609 1961 13524 9250 4 378 2244 3811 3555 2209 16184 9250 2571 26912 13807 3569 4 2075 2044 4 2397 27686 18992 4759 14057 3
INFO:tensorflow:input_mask: 1 1 1 1 1 1 1 1 1 1 1 1 1 1 1 1 1 1 1 1 1 1 1 1 1 1 1 1 1 1 1 1 1 1 1 1 1 1 1 1 1 1 1 1 1 1 1 1 1 1 1 1 1 1 1 1 1 1 1 1 1 1 1 1 1 1 1 1 1 1 1 1 1 1 1 1 1 1 1 1 1 1 1 1 1 1 1 1 1 1 1 1 1 1 1 1 1 1 1 1 1 1 1 1 1 1 1 1 1 1 1 1 1 1 1 1 1 1 1 1 1 1 1 1 1 1 1 1
I1024 04:20:30.479808 47759586194496 create_pretraining_data.py:161] input_mask: 1 1 1 1 1 1 1 1 1 1 1 1 1 1 1 1 1 1 1 1 1 1 1 1 1 1 1 1 1 1 1 1 1 1 1 1 1 1 1 1 1 1 1 1 1 1 1 1 1 1 1 1 1 1 1 1 1 1 1 1 1 1 1 1 1 1 1 1 1 1 1 1 1 1 1 1 1 1 1 1 1 1 1 1 1 1 1 1 1 1 1 1 1 1 1 1 1 1 1 1 1 1 1 1 1 1 1 1 1 1 1 1 1 1 1 1 1 1 1 1 1 1 1 1 1 1 1 1
INFO:tensorflow:segment_ids: 0 0 0 0 0 0 0 0 0 0 0 0 0 0 0 0 0 0 0 0 0 0 0 0 0 0 0 0 0 0 0 0 0 0 0 0 0 0 0 0 0 0 0 0 0 0 0 0 1 1 1 1 1 1 1 1 1 1 1 1 1 1 1 1 1 1 1 1 1 1 1 1 1 1 1 1 1 1 1 1 1 1 1 1 1 1 1 1 1 1 1 1 1 1 1 1 1 1 1 1 1 1 1 1 1 1 1 1 1 1 1 1 1 1 1 1 1 1 1 1 1 1 1 1 1 1 1 1
I1024 04:20:30.480025 47759586194496 create_pretraining_data.py:161] segment_ids: 0 0 0 0 0 0 0 0 0 0 0 0 0 0 0 0 0 0 0 0 0 0 0 0 0 0 0 0 0 0 0 0 0 0 0 0 0 0 0 0 0 0 0 0 0 0 0 0 1 1 1 1 1 1 1 1 1 1 1 1 1 1 1 1 1 1 1 1 1 1 1 1 1 1 1 1 1 1 1 1 1 1 1 1 1 1 1 1 1 1 1 1 1 1 1 1 1 1 1 1 1 1 1 1 1 1 1 1 1 1 1 1 1 1 1 1 1 1 1 1 1 1 1 1 1 1 1 1
INFO:tensorflow:masked_lm_positions: 5 6 13 17 20 23 26 29 32 38 45 46 60 80 99 106 118 120 121 0
I1024 04:20:30.480184 47759586194496 create_pretraining_data.py:161] masked_lm_positions: 5 6 13 17 20 23 26 29 32 38 45 46 60 80 99 106 118 120 121 0
INFO:tensorflow:masked_lm_ids: 2603 10190 14860 17138 2038 378 3800 2271 9250 378 6873 1182 1912 3010 15347 5338 10727 2044 4079 0
I1024 04:20:30.480371 47759586194496 create_pretraining_data.py:161] masked_lm_ids: 2603 10190 14860 17138 2038 378 3800 2271 9250 378 6873 1182 1912 3010 15347 5338 10727 2044 4079 0
INFO:tensorflow:masked_lm_weights: 1.0 1.0 1.0 1.0 1.0 1.0 1.0 1.0 1.0 1.0 1.0 1.0 1.0 1.0 1.0 1.0 1.0 1.0 1.0 0.0
I1024 04:20:30.481292 47759586194496 create_pretraining_data.py:161] masked_lm_weights: 1.0 1.0 1.0 1.0 1.0 1.0 1.0 1.0 1.0 1.0 1.0 1.0 1.0 1.0 1.0 1.0 1.0 1.0 1.0 0.0
INFO:tensorflow:next_sentence_labels: 0
I1024 04:20:30.481451 47759586194496 create_pretraining_data.py:161] next_sentence_labels: 0
INFO:tensorflow:*** Example ***
I1024 04:20:30.482672 47759586194496 create_pretraining_data.py:149] *** Example ***
INFO:tensorflow:tokens: [CLS] منتديات مكتب التربية والتعليم بمحافظة طريف > © § ¤° [MASK] ° ##¤ § ©¤ منتديات المواد الدراسية [MASK] § ¤° ^ ° ##¤ § © > منتدى مادة [MASK] [SEP] دار النيل [MASK] ، شاب عربى مث ##قف واسع الاطلاع لديه من الخبرات المع ##رفية [MASK] [MASK] [MASK] مايت ##ضح جلي ##ا أنها أكبر من [MASK] ، فهو يتق ##ن عدة [MASK] ويعمل بالص [MASK] [MASK] والتر ##جمة والعمل [MASK] ، . [MASK] . Re ##ad M ##ore . . . الم ##لخص يعد من أشد فصول المح ##نة التي يتعرض لها مشروع الخدمة حاليا استغلال فضائية [MASK] التركية الرسمية في النيل من سمعة الخدمة ومحاولة اغتيال رائد ##ها الأستاذ [MASK] [MASK] معن ##ويا ، والرجل اتهام ##ه ومشروع ##ه الدعو ##ي بات ##ها . [SEP]
I1024 04:20:30.482953 47759586194496 create_pretraining_data.py:151] tokens: [CLS] منتديات مكتب التربية والتعليم بمحافظة طريف > © § ¤° [MASK] ° ##¤ § ©¤ منتديات المواد الدراسية [MASK] § ¤° ^ ° ##¤ § © > منتدى مادة [MASK] [SEP] دار النيل [MASK] ، شاب عربى مث ##قف واسع الاطلاع لديه من الخبرات المع ##رفية [MASK] [MASK] [MASK] مايت ##ضح جلي ##ا أنها أكبر من [MASK] ، فهو يتق ##ن عدة [MASK] ويعمل بالص [MASK] [MASK] والتر ##جمة والعمل [MASK] ، . [MASK] . Re ##ad M ##ore . . . الم ##لخص يعد من أشد فصول المح ##نة التي يتعرض لها مشروع الخدمة حاليا استغلال فضائية [MASK] التركية الرسمية في النيل من سمعة الخدمة ومحاولة اغتيال رائد ##ها الأستاذ [MASK] [MASK] معن ##ويا ، والرجل اتهام ##ه ومشروع ##ه الدعو ##ي بات ##ها . [SEP]
INFO:tensorflow:input_ids: 2 3074 5413 4032 6121 11138 29559 34 106 105 29681 4 110 1270 105 19525 3074 4989 11146 4 105 29681 66 110 1270 105 106 34 2069 5050 4 3 4417 9465 4 378 6492 18198 3066 3241 10367 17431 6350 1908 12666 2240 8488 4 4 4 16361 3514 20203 1007 3811 4462 1908 4 378 3799 17935 1006 4412 4 17038 5013 4 4 20263 8945 8231 4 378 18 4 18 6028 3899 49 17973 18 18 18 1905 17226 4544 1908 13720 19545 2314 2151 2061 10549 2553 3680 5933 4371 12348 25443 4 7520 6691 1912 9465 1908 27645 5933 21350 10853 16543 1913 6483 4 4 12723 4293 378 27875 19146 1028 25670 1028 5236 1013 3994 1913 18 3
I1024 04:20:30.483215 47759586194496 create_pretraining_data.py:161] input_ids: 2 3074 5413 4032 6121 11138 29559 34 106 105 29681 4 110 1270 105 19525 3074 4989 11146 4 105 29681 66 110 1270 105 106 34 2069 5050 4 3 4417 9465 4 378 6492 18198 3066 3241 10367 17431 6350 1908 12666 2240 8488 4 4 4 16361 3514 20203 1007 3811 4462 1908 4 378 3799 17935 1006 4412 4 17038 5013 4 4 20263 8945 8231 4 378 18 4 18 6028 3899 49 17973 18 18 18 1905 17226 4544 1908 13720 19545 2314 2151 2061 10549 2553 3680 5933 4371 12348 25443 4 7520 6691 1912 9465 1908 27645 5933 21350 10853 16543 1913 6483 4 4 12723 4293 378 27875 19146 1028 25670 1028 5236 1013 3994 1913 18 3
INFO:tensorflow:input_mask: 1 1 1 1 1 1 1 1 1 1 1 1 1 1 1 1 1 1 1 1 1 1 1 1 1 1 1 1 1 1 1 1 1 1 1 1 1 1 1 1 1 1 1 1 1 1 1 1 1 1 1 1 1 1 1 1 1 1 1 1 1 1 1 1 1 1 1 1 1 1 1 1 1 1 1 1 1 1 1 1 1 1 1 1 1 1 1 1 1 1 1 1 1 1 1 1 1 1 1 1 1 1 1 1 1 1 1 1 1 1 1 1 1 1 1 1 1 1 1 1 1 1 1 1 1 1 1 1
I1024 04:20:30.483470 47759586194496 create_pretraining_data.py:161] input_mask: 1 1 1 1 1 1 1 1 1 1 1 1 1 1 1 1 1 1 1 1 1 1 1 1 1 1 1 1 1 1 1 1 1 1 1 1 1 1 1 1 1 1 1 1 1 1 1 1 1 1 1 1 1 1 1 1 1 1 1 1 1 1 1 1 1 1 1 1 1 1 1 1 1 1 1 1 1 1 1 1 1 1 1 1 1 1 1 1 1 1 1 1 1 1 1 1 1 1 1 1 1 1 1 1 1 1 1 1 1 1 1 1 1 1 1 1 1 1 1 1 1 1 1 1 1 1 1 1
INFO:tensorflow:segment_ids: 0 0 0 0 0 0 0 0 0 0 0 0 0 0 0 0 0 0 0 0 0 0 0 0 0 0 0 0 0 0 0 0 1 1 1 1 1 1 1 1 1 1 1 1 1 1 1 1 1 1 1 1 1 1 1 1 1 1 1 1 1 1 1 1 1 1 1 1 1 1 1 1 1 1 1 1 1 1 1 1 1 1 1 1 1 1 1 1 1 1 1 1 1 1 1 1 1 1 1 1 1 1 1 1 1 1 1 1 1 1 1 1 1 1 1 1 1 1 1 1 1 1 1 1 1 1 1 1
I1024 04:20:30.483687 47759586194496 create_pretraining_data.py:161] segment_ids: 0 0 0 0 0 0 0 0 0 0 0 0 0 0 0 0 0 0 0 0 0 0 0 0 0 0 0 0 0 0 0 0 1 1 1 1 1 1 1 1 1 1 1 1 1 1 1 1 1 1 1 1 1 1 1 1 1 1 1 1 1 1 1 1 1 1 1 1 1 1 1 1 1 1 1 1 1 1 1 1 1 1 1 1 1 1 1 1 1 1 1 1 1 1 1 1 1 1 1 1 1 1 1 1 1 1 1 1 1 1 1 1 1 1 1 1 1 1 1 1 1 1 1 1 1 1 1 1
INFO:tensorflow:masked_lm_positions: 11 19 30 34 47 48 49 57 63 65 66 67 71 74 98 99 112 113 117 0
I1024 04:20:30.483845 47759586194496 create_pretraining_data.py:161] masked_lm_positions: 11 19 30 34 47 48 49 57 63 65 66 67 71 74 98 99 112 113 117 0
INFO:tensorflow:masked_lm_ids: 66 19807 6358 12925 17702 2920 1043 4076 9601 5013 2709 2539 22699 18 6951 6334 9260 1006 2830 0
I1024 04:20:30.483999 47759586194496 create_pretraining_data.py:161] masked_lm_ids: 66 19807 6358 12925 17702 2920 1043 4076 9601 5013 2709 2539 22699 18 6951 6334 9260 1006 2830 0
INFO:tensorflow:masked_lm_weights: 1.0 1.0 1.0 1.0 1.0 1.0 1.0 1.0 1.0 1.0 1.0 1.0 1.0 1.0 1.0 1.0 1.0 1.0 1.0 0.0
I1024 04:20:30.484155 47759586194496 create_pretraining_data.py:161] masked_lm_weights: 1.0 1.0 1.0 1.0 1.0 1.0 1.0 1.0 1.0 1.0 1.0 1.0 1.0 1.0 1.0 1.0 1.0 1.0 1.0 0.0
INFO:tensorflow:next_sentence_labels: 1
I1024 04:20:30.484302 47759586194496 create_pretraining_data.py:161] next_sentence_labels: 1
INFO:tensorflow:*** Example ***
I1024 04:20:30.485440 47759586194496 create_pretraining_data.py:149] *** Example ***
INFO:tensorflow:tokens: [CLS] عماد ##الدين أد ##يب ☆ عن حقيقة العالم [SEP] ##ف ##ئة [MASK] ##سع [MASK] ، وعليك أن تنت ##به لأن الات ##سا ##ع أحيانا [MASK] يمه ##د للا ##بت ##لاع ، سرعان ما تضيق عينه [MASK] صورتك المنع ##كس ##ة داخلها فت ##خت ##نق حتى يكاد الدم أن يتف ##صد من أذن بلسان ، وبعد [MASK] " [MASK] " [MASK] عينيك أو " تسقط " من عينيه - كلاهما واحد - ترى أن حاج ##به ##فذ ظهر مع ##قوف ##ا موجه ##ا إلى السماء كس ##هم مكس ##ور ، وتف ##اج ##ئ [MASK] [MASK] [MASK] حادة تحت عينيه خب ##أته ##ا النظارة العري ##ضة المغ ##برة ، فت ##درك كم تص ##عب عليه الرؤية ، وكم كان [MASK] [MASK] إلى هذه العين محا ##طا بالسي ##اجات [SEP]
I1024 04:20:30.485717 47759586194496 create_pretraining_data.py:151] tokens: [CLS] عماد ##الدين أد ##يب ☆ عن حقيقة العالم [SEP] ##ف ##ئة [MASK] ##سع [MASK] ، وعليك أن تنت ##به لأن الات ##سا ##ع أحيانا [MASK] يمه ##د للا ##بت ##لاع ، سرعان ما تضيق عينه [MASK] صورتك المنع ##كس ##ة داخلها فت ##خت ##نق حتى يكاد الدم أن يتف ##صد من أذن بلسان ، وبعد [MASK] " [MASK] " [MASK] عينيك أو " تسقط " من عينيه - كلاهما واحد - ترى أن حاج ##به ##فذ ظهر مع ##قوف ##ا موجه ##ا إلى السماء كس ##هم مكس ##ور ، وتف ##اج ##ئ [MASK] [MASK] [MASK] حادة تحت عينيه خب ##أته ##ا النظارة العري ##ضة المغ ##برة ، فت ##درك كم تص ##عب عليه الرؤية ، وكم كان [MASK] [MASK] إلى هذه العين محا ##طا بالسي ##اجات [SEP]
INFO:tensorflow:input_ids: 2 11559 9424 3293 2062 736 1955 7789 2337 3 1037 2385 4 7165 4 378 20436 1979 4013 2204 3034 3154 2064 1009 11172 4 15997 1016 2383 2177 7906 378 22603 1972 18251 11994 4 23017 17942 2261 1043 25708 2572 2114 9189 2494 20405 4479 1979 27721 2588 1908 24374 29507 378 3807 4 6 4 6 4 11632 2075 6 14006 6 1908 18667 17 21052 2563 17 8416 1979 4245 2204 6303 4512 1973 19242 1007 17648 1007 2045 4469 5373 1949 14387 1936 378 6681 2078 1042 4 4 4 25411 2538 18667 9759 20872 1007 21489 9219 3246 2716 6199 378 2572 16391 2995 2223 2123 2181 10018 378 8350 2055 4 4 2045 2159 2273 3666 3350 14922 21640 3
I1024 04:20:30.485992 47759586194496 create_pretraining_data.py:161] input_ids: 2 11559 9424 3293 2062 736 1955 7789 2337 3 1037 2385 4 7165 4 378 20436 1979 4013 2204 3034 3154 2064 1009 11172 4 15997 1016 2383 2177 7906 378 22603 1972 18251 11994 4 23017 17942 2261 1043 25708 2572 2114 9189 2494 20405 4479 1979 27721 2588 1908 24374 29507 378 3807 4 6 4 6 4 11632 2075 6 14006 6 1908 18667 17 21052 2563 17 8416 1979 4245 2204 6303 4512 1973 19242 1007 17648 1007 2045 4469 5373 1949 14387 1936 378 6681 2078 1042 4 4 4 25411 2538 18667 9759 20872 1007 21489 9219 3246 2716 6199 378 2572 16391 2995 2223 2123 2181 10018 378 8350 2055 4 4 2045 2159 2273 3666 3350 14922 21640 3
INFO:tensorflow:input_mask: 1 1 1 1 1 1 1 1 1 1 1 1 1 1 1 1 1 1 1 1 1 1 1 1 1 1 1 1 1 1 1 1 1 1 1 1 1 1 1 1 1 1 1 1 1 1 1 1 1 1 1 1 1 1 1 1 1 1 1 1 1 1 1 1 1 1 1 1 1 1 1 1 1 1 1 1 1 1 1 1 1 1 1 1 1 1 1 1 1 1 1 1 1 1 1 1 1 1 1 1 1 1 1 1 1 1 1 1 1 1 1 1 1 1 1 1 1 1 1 1 1 1 1 1 1 1 1 1
I1024 04:20:30.486216 47759586194496 create_pretraining_data.py:161] input_mask: 1 1 1 1 1 1 1 1 1 1 1 1 1 1 1 1 1 1 1 1 1 1 1 1 1 1 1 1 1 1 1 1 1 1 1 1 1 1 1 1 1 1 1 1 1 1 1 1 1 1 1 1 1 1 1 1 1 1 1 1 1 1 1 1 1 1 1 1 1 1 1 1 1 1 1 1 1 1 1 1 1 1 1 1 1 1 1 1 1 1 1 1 1 1 1 1 1 1 1 1 1 1 1 1 1 1 1 1 1 1 1 1 1 1 1 1 1 1 1 1 1 1 1 1 1 1 1 1
INFO:tensorflow:segment_ids: 0 0 0 0 0 0 0 0 0 0 1 1 1 1 1 1 1 1 1 1 1 1 1 1 1 1 1 1 1 1 1 1 1 1 1 1 1 1 1 1 1 1 1 1 1 1 1 1 1 1 1 1 1 1 1 1 1 1 1 1 1 1 1 1 1 1 1 1 1 1 1 1 1 1 1 1 1 1 1 1 1 1 1 1 1 1 1 1 1 1 1 1 1 1 1 1 1 1 1 1 1 1 1 1 1 1 1 1 1 1 1 1 1 1 1 1 1 1 1 1 1 1 1 1 1 1 1 1
I1024 04:20:30.486452 47759586194496 create_pretraining_data.py:161] segment_ids: 0 0 0 0 0 0 0 0 0 0 1 1 1 1 1 1 1 1 1 1 1 1 1 1 1 1 1 1 1 1 1 1 1 1 1 1 1 1 1 1 1 1 1 1 1 1 1 1 1 1 1 1 1 1 1 1 1 1 1 1 1 1 1 1 1 1 1 1 1 1 1 1 1 1 1 1 1 1 1 1 1 1 1 1 1 1 1 1 1 1 1 1 1 1 1 1 1 1 1 1 1 1 1 1 1 1 1 1 1 1 1 1 1 1 1 1 1 1 1 1 1 1 1 1 1 1 1 1
INFO:tensorflow:masked_lm_positions: 5 12 13 14 25 36 52 53 56 58 60 65 76 93 94 95 116 118 119 0
I1024 04:20:30.486618 47759586194496 create_pretraining_data.py:161] masked_lm_positions: 5 12 13 14 25 36 52 53 56 58 60 65 76 93 94 95 116 118 119 0
INFO:tensorflow:masked_lm_ids: 6671 28768 7165 14140 2251 1961 24374 2434 1979 13672 1908 6 2251 3597 2926 1904 8350 5090 23017 0
I1024 04:20:30.486721 47759586194496 create_pretraining_data.py:161] masked_lm_ids: 6671 28768 7165 14140 2251 1961 24374 2434 1979 13672 1908 6 2251 3597 2926 1904 8350 5090 23017 0
INFO:tensorflow:masked_lm_weights: 1.0 1.0 1.0 1.0 1.0 1.0 1.0 1.0 1.0 1.0 1.0 1.0 1.0 1.0 1.0 1.0 1.0 1.0 1.0 0.0
I1024 04:20:30.486825 47759586194496 create_pretraining_data.py:161] masked_lm_weights: 1.0 1.0 1.0 1.0 1.0 1.0 1.0 1.0 1.0 1.0 1.0 1.0 1.0 1.0 1.0 1.0 1.0 1.0 1.0 0.0
INFO:tensorflow:next_sentence_labels: 0
I1024 04:20:30.486918 47759586194496 create_pretraining_data.py:161] next_sentence_labels: 0
INFO:tensorflow:*** Example ***
I1024 04:20:30.487712 47759586194496 create_pretraining_data.py:149] *** Example ***
INFO:tensorflow:tokens: [CLS] [MASK] العقيدة فتاوى التفسير وعلوم القرآن فتاوى [MASK] [MASK] فتاوى أصول [MASK] فتاوى القواعد الفقهية فتاوى الضو ##ابط [MASK] فتاوى السير فتاوى الأ ##ذكار والدعاء فتاوى علوم [MASK] العربية [MASK] الأخلاق والآ ##داب الشرعية فتاوى الدعوة فتاوى التد ##اوي الطب النبوي فتاوى بنكيه وآ ##داب ##ه فتاوى المجتمع والأسرة فتاوى الفتن والم ##لاح ##م فتاوى [MASK] الدعوية فتاوى شبهات وجواب ##ها فتاوى الفقه [MASK] الفض ##ائل فتاوى في الفض ##ائل فتاوى الضمان فتاوى أحكام المرأة فتاوى السفر فتاوى أحكام المولود [SEP] واجعل بلدنا هذا [MASK] [MASK] وسائر بلاد المسلمين بلاد خير وأما ##ن وسع ##ة ور ##خاء ، وسلام دائم [MASK] يوم [MASK] [MASK] [SEP]
I1024 04:20:30.487905 47759586194496 create_pretraining_data.py:151] tokens: [CLS] [MASK] العقيدة فتاوى التفسير وعلوم القرآن فتاوى [MASK] [MASK] فتاوى أصول [MASK] فتاوى القواعد الفقهية فتاوى الضو ##ابط [MASK] فتاوى السير فتاوى الأ ##ذكار والدعاء فتاوى علوم [MASK] العربية [MASK] الأخلاق والآ ##داب الشرعية فتاوى الدعوة فتاوى التد ##اوي الطب النبوي فتاوى بنكيه وآ ##داب ##ه فتاوى المجتمع والأسرة فتاوى الفتن والم ##لاح ##م فتاوى [MASK] الدعوية فتاوى شبهات وجواب ##ها فتاوى الفقه [MASK] الفض ##ائل فتاوى في الفض ##ائل فتاوى الضمان فتاوى أحكام المرأة فتاوى السفر فتاوى أحكام المولود [SEP] واجعل بلدنا هذا [MASK] [MASK] وسائر بلاد المسلمين بلاد خير وأما ##ن وسع ##ة ور ##خاء ، وسلام دائم [MASK] يوم [MASK] [MASK] [SEP]
INFO:tensorflow:input_ids: 2 4 13067 20274 12520 15686 4010 20274 4 4 20274 10925 4 20274 13701 28207 20274 15210 9909 4 20274 6780 20274 1945 5572 23879 20274 5395 4 2488 4 15051 7144 7264 6538 20274 8593 20274 3454 6899 3418 8016 20274 10630 4243 7264 1028 20274 3409 25169 20274 13000 2119 2560 1015 20274 4 24220 20274 29884 19216 1913 20274 7651 4 4119 2525 20274 1912 4119 2525 20274 9972 20274 9270 3922 20274 5698 20274 9270 27847 3 6961 17555 2085 4 4 20717 4938 3524 4938 2631 7211 1006 16405 1043 2690 10622 378 18812 10920 4 2232 4 4 3 0 0 0 0 0 0 0 0 0 0 0 0 0 0 0 0 0 0 0 0 0 0
I1024 04:20:30.488079 47759586194496 create_pretraining_data.py:161] input_ids: 2 4 13067 20274 12520 15686 4010 20274 4 4 20274 10925 4 20274 13701 28207 20274 15210 9909 4 20274 6780 20274 1945 5572 23879 20274 5395 4 2488 4 15051 7144 7264 6538 20274 8593 20274 3454 6899 3418 8016 20274 10630 4243 7264 1028 20274 3409 25169 20274 13000 2119 2560 1015 20274 4 24220 20274 29884 19216 1913 20274 7651 4 4119 2525 20274 1912 4119 2525 20274 9972 20274 9270 3922 20274 5698 20274 9270 27847 3 6961 17555 2085 4 4 20717 4938 3524 4938 2631 7211 1006 16405 1043 2690 10622 378 18812 10920 4 2232 4 4 3 0 0 0 0 0 0 0 0 0 0 0 0 0 0 0 0 0 0 0 0 0 0
INFO:tensorflow:input_mask: 1 1 1 1 1 1 1 1 1 1 1 1 1 1 1 1 1 1 1 1 1 1 1 1 1 1 1 1 1 1 1 1 1 1 1 1 1 1 1 1 1 1 1 1 1 1 1 1 1 1 1 1 1 1 1 1 1 1 1 1 1 1 1 1 1 1 1 1 1 1 1 1 1 1 1 1 1 1 1 1 1 1 1 1 1 1 1 1 1 1 1 1 1 1 1 1 1 1 1 1 1 1 1 1 1 1 0 0 0 0 0 0 0 0 0 0 0 0 0 0 0 0 0 0 0 0 0 0
I1024 04:20:30.488229 47759586194496 create_pretraining_data.py:161] input_mask: 1 1 1 1 1 1 1 1 1 1 1 1 1 1 1 1 1 1 1 1 1 1 1 1 1 1 1 1 1 1 1 1 1 1 1 1 1 1 1 1 1 1 1 1 1 1 1 1 1 1 1 1 1 1 1 1 1 1 1 1 1 1 1 1 1 1 1 1 1 1 1 1 1 1 1 1 1 1 1 1 1 1 1 1 1 1 1 1 1 1 1 1 1 1 1 1 1 1 1 1 1 1 1 1 1 1 0 0 0 0 0 0 0 0 0 0 0 0 0 0 0 0 0 0 0 0 0 0
INFO:tensorflow:segment_ids: 0 0 0 0 0 0 0 0 0 0 0 0 0 0 0 0 0 0 0 0 0 0 0 0 0 0 0 0 0 0 0 0 0 0 0 0 0 0 0 0 0 0 0 0 0 0 0 0 0 0 0 0 0 0 0 0 0 0 0 0 0 0 0 0 0 0 0 0 0 0 0 0 0 0 0 0 0 0 0 0 0 0 1 1 1 1 1 1 1 1 1 1 1 1 1 1 1 1 1 1 1 1 1 1 1 1 0 0 0 0 0 0 0 0 0 0 0 0 0 0 0 0 0 0 0 0 0 0
I1024 04:20:30.488378 47759586194496 create_pretraining_data.py:161] segment_ids: 0 0 0 0 0 0 0 0 0 0 0 0 0 0 0 0 0 0 0 0 0 0 0 0 0 0 0 0 0 0 0 0 0 0 0 0 0 0 0 0 0 0 0 0 0 0 0 0 0 0 0 0 0 0 0 0 0 0 0 0 0 0 0 0 0 0 0 0 0 0 0 0 0 0 0 0 0 0 0 0 0 0 1 1 1 1 1 1 1 1 1 1 1 1 1 1 1 1 1 1 1 1 1 1 1 1 0 0 0 0 0 0 0 0 0 0 0 0 0 0 0 0 0 0 0 0 0 0
INFO:tensorflow:masked_lm_positions: 1 8 9 12 16 19 28 30 43 56 64 85 86 101 103 104 0 0 0 0
I1024 04:20:30.488499 47759586194496 create_pretraining_data.py:161] masked_lm_positions: 1 8 9 12 16 19 28 30 43 56 64 85 86 101 103 104 0 0 0 0
INFO:tensorflow:masked_lm_ids: 20274 3242 19947 7651 20274 28207 3273 20274 2789 16413 20274 27839 1007 2045 2825 18 0 0 0 0
I1024 04:20:30.488602 47759586194496 create_pretraining_data.py:161] masked_lm_ids: 20274 3242 19947 7651 20274 28207 3273 20274 2789 16413 20274 27839 1007 2045 2825 18 0 0 0 0
INFO:tensorflow:masked_lm_weights: 1.0 1.0 1.0 1.0 1.0 1.0 1.0 1.0 1.0 1.0 1.0 1.0 1.0 1.0 1.0 1.0 0.0 0.0 0.0 0.0
I1024 04:20:30.488706 47759586194496 create_pretraining_data.py:161] masked_lm_weights: 1.0 1.0 1.0 1.0 1.0 1.0 1.0 1.0 1.0 1.0 1.0 1.0 1.0 1.0 1.0 1.0 0.0 0.0 0.0 0.0
INFO:tensorflow:next_sentence_labels: 1
I1024 04:20:30.488800 47759586194496 create_pretraining_data.py:161] next_sentence_labels: 1
INFO:tensorflow:*** Example ***
I1024 04:20:30.489579 47759586194496 create_pretraining_data.py:149] *** Example ***
INFO:tensorflow:tokens: [CLS] حدثنا أحمد التت محمد بن حنبل ، حدثنا سفيان ، عن الزهري ، قال [MASK] اضافات ، عن عمر ##ة ، عن عائشة ، [MASK] الله عنها أن النبي [MASK] الله عليه وسلم كان [MASK] في ربع دينار فص ##اعد ##ا شكل [MASK] [MASK] بن صالح ، وو ##هب بن بيان ، [MASK] حدثنا ح ، وحدث ##نا ابن السر ##ح ، ##ائعه أخبرنا ابن وهب ، [MASK] يونس ، عن ابن شهاب ، عن عروة [MASK] وعمر ##ة ، عن عائشة [MASK] رضى الله [MASK] عن [MASK] صلى الله عليه وسلم قال " تقطع يد السا ##رق [MASK] ربع دينار فص ##اعد ##ا " . [SEP] قال أحمد بن صالح القطع في ربع دينار فص ##اعد ##ا . [SEP]
I1024 04:20:30.489768 47759586194496 create_pretraining_data.py:151] tokens: [CLS] حدثنا أحمد التت محمد بن حنبل ، حدثنا سفيان ، عن الزهري ، قال [MASK] اضافات ، عن عمر ##ة ، عن عائشة ، [MASK] الله عنها أن النبي [MASK] الله عليه وسلم كان [MASK] في ربع دينار فص ##اعد ##ا شكل [MASK] [MASK] بن صالح ، وو ##هب بن بيان ، [MASK] حدثنا ح ، وحدث ##نا ابن السر ##ح ، ##ائعه أخبرنا ابن وهب ، [MASK] يونس ، عن ابن شهاب ، عن عروة [MASK] وعمر ##ة ، عن عائشة [MASK] رضى الله [MASK] عن [MASK] صلى الله عليه وسلم قال " تقطع يد السا ##رق [MASK] ربع دينار فص ##اعد ##ا " . [SEP] قال أحمد بن صالح القطع في ربع دينار فص ##اعد ##ا . [SEP]
INFO:tensorflow:input_ids: 2 5112 3219 16718 2202 2040 23305 378 5112 11300 378 1955 20569 378 2136 4 17239 378 1955 2852 1043 378 1955 10775 378 4 1953 3851 1979 3138 4 1953 2181 2565 2055 4 1912 9454 5610 6558 3298 1007 4814 4 4 2040 3774 378 5594 3201 2040 4219 378 4 5112 393 378 18455 1914 2549 4407 1032 378 22132 9593 2549 12644 378 4 9582 378 1955 2549 18648 378 1955 27256 4 16941 1043 378 1955 10775 4 25182 1953 4 1955 4 2977 1953 2181 2565 2136 6 8584 2474 14233 2166 4 9454 5610 6558 3298 1007 6 18 3 2136 3219 2040 3774 15921 1912 9454 5610 6558 3298 1007 18 3 0 0 0 0 0 0 0
I1024 04:20:30.489938 47759586194496 create_pretraining_data.py:161] input_ids: 2 5112 3219 16718 2202 2040 23305 378 5112 11300 378 1955 20569 378 2136 4 17239 378 1955 2852 1043 378 1955 10775 378 4 1953 3851 1979 3138 4 1953 2181 2565 2055 4 1912 9454 5610 6558 3298 1007 4814 4 4 2040 3774 378 5594 3201 2040 4219 378 4 5112 393 378 18455 1914 2549 4407 1032 378 22132 9593 2549 12644 378 4 9582 378 1955 2549 18648 378 1955 27256 4 16941 1043 378 1955 10775 4 25182 1953 4 1955 4 2977 1953 2181 2565 2136 6 8584 2474 14233 2166 4 9454 5610 6558 3298 1007 6 18 3 2136 3219 2040 3774 15921 1912 9454 5610 6558 3298 1007 18 3 0 0 0 0 0 0 0
INFO:tensorflow:input_mask: 1 1 1 1 1 1 1 1 1 1 1 1 1 1 1 1 1 1 1 1 1 1 1 1 1 1 1 1 1 1 1 1 1 1 1 1 1 1 1 1 1 1 1 1 1 1 1 1 1 1 1 1 1 1 1 1 1 1 1 1 1 1 1 1 1 1 1 1 1 1 1 1 1 1 1 1 1 1 1 1 1 1 1 1 1 1 1 1 1 1 1 1 1 1 1 1 1 1 1 1 1 1 1 1 1 1 1 1 1 1 1 1 1 1 1 1 1 1 1 1 1 0 0 0 0 0 0 0
I1024 04:20:30.490100 47759586194496 create_pretraining_data.py:161] input_mask: 1 1 1 1 1 1 1 1 1 1 1 1 1 1 1 1 1 1 1 1 1 1 1 1 1 1 1 1 1 1 1 1 1 1 1 1 1 1 1 1 1 1 1 1 1 1 1 1 1 1 1 1 1 1 1 1 1 1 1 1 1 1 1 1 1 1 1 1 1 1 1 1 1 1 1 1 1 1 1 1 1 1 1 1 1 1 1 1 1 1 1 1 1 1 1 1 1 1 1 1 1 1 1 1 1 1 1 1 1 1 1 1 1 1 1 1 1 1 1 1 1 0 0 0 0 0 0 0
INFO:tensorflow:segment_ids: 0 0 0 0 0 0 0 0 0 0 0 0 0 0 0 0 0 0 0 0 0 0 0 0 0 0 0 0 0 0 0 0 0 0 0 0 0 0 0 0 0 0 0 0 0 0 0 0 0 0 0 0 0 0 0 0 0 0 0 0 0 0 0 0 0 0 0 0 0 0 0 0 0 0 0 0 0 0 0 0 0 0 0 0 0 0 0 0 0 0 0 0 0 0 0 0 0 0 0 0 0 0 0 0 0 0 0 0 1 1 1 1 1 1 1 1 1 1 1 1 1 0 0 0 0 0 0 0
I1024 04:20:30.490249 47759586194496 create_pretraining_data.py:161] segment_ids: 0 0 0 0 0 0 0 0 0 0 0 0 0 0 0 0 0 0 0 0 0 0 0 0 0 0 0 0 0 0 0 0 0 0 0 0 0 0 0 0 0 0 0 0 0 0 0 0 0 0 0 0 0 0 0 0 0 0 0 0 0 0 0 0 0 0 0 0 0 0 0 0 0 0 0 0 0 0 0 0 0 0 0 0 0 0 0 0 0 0 0 0 0 0 0 0 0 0 0 0 0 0 0 0 0 0 0 0 1 1 1 1 1 1 1 1 1 1 1 1 1 0 0 0 0 0 0 0
INFO:tensorflow:masked_lm_positions: 3 15 16 25 30 35 42 43 44 53 63 68 77 83 86 88 91 99 0 0
I1024 04:20:30.490356 47759586194496 create_pretraining_data.py:161] masked_lm_positions: 3 15 16 25 30 35 42 43 44 53 63 68 77 83 86 88 91 99 0 0
INFO:tensorflow:masked_lm_ids: 2040 23933 2739 25182 2977 13705 18 5112 3219 24366 2136 23235 378 378 3851 3138 2181 1912 0 0
I1024 04:20:30.490459 47759586194496 create_pretraining_data.py:161] masked_lm_ids: 2040 23933 2739 25182 2977 13705 18 5112 3219 24366 2136 23235 378 378 3851 3138 2181 1912 0 0
INFO:tensorflow:masked_lm_weights: 1.0 1.0 1.0 1.0 1.0 1.0 1.0 1.0 1.0 1.0 1.0 1.0 1.0 1.0 1.0 1.0 1.0 1.0 0.0 0.0
I1024 04:20:30.490562 47759586194496 create_pretraining_data.py:161] masked_lm_weights: 1.0 1.0 1.0 1.0 1.0 1.0 1.0 1.0 1.0 1.0 1.0 1.0 1.0 1.0 1.0 1.0 1.0 1.0 0.0 0.0
INFO:tensorflow:next_sentence_labels: 0
I1024 04:20:30.490655 47759586194496 create_pretraining_data.py:161] next_sentence_labels: 0
INFO:tensorflow:*** Example ***
I1024 04:20:30.491429 47759586194496 create_pretraining_data.py:149] *** Example ***
INFO:tensorflow:tokens: [CLS] حسب صحيفة اللاج ##ازي ##تا ديل ##و سبورت فإن نابولي سيد ##فع رسوم قدرها 2 [MASK] و200 ألف يورو [MASK] يحصل معاي خدمات لاعب الوسط الجزائري رغم أن نادي نس ##ور بن ##فيك ##ا قد طلب في البداية 3 ملايين سمح . [SEP] انتقل الى : اختر منتدى | | - - المجاني ##ات | - [MASK] منتديات الجامعة و البحث العلمي | | - - ##لجيكا العلوم [MASK] و علوم التسيير | [MASK] - - منتدى العلوم و التكن [MASK] [MASK] [MASK] - - منتدى [MASK] [MASK] و الاستشارات القانونية | | - - المكتبة الجامعية الشاملة | st - - قسم مذكرات التخرج و الماج ##يس ##تار | | - [MASK] منتدى البرامج الكاملة والنا ##درة | - - [MASK] المترجم ( نار ##وتو [SEP]
I1024 04:20:30.491621 47759586194496 create_pretraining_data.py:151] tokens: [CLS] حسب صحيفة اللاج ##ازي ##تا ديل ##و سبورت فإن نابولي سيد ##فع رسوم قدرها 2 [MASK] و200 ألف يورو [MASK] يحصل معاي خدمات لاعب الوسط الجزائري رغم أن نادي نس ##ور بن ##فيك ##ا قد طلب في البداية 3 ملايين سمح . [SEP] انتقل الى : اختر منتدى | | - - المجاني ##ات | - [MASK] منتديات الجامعة و البحث العلمي | | - - ##لجيكا العلوم [MASK] و علوم التسيير | [MASK] - - منتدى العلوم و التكن [MASK] [MASK] [MASK] - - منتدى [MASK] [MASK] و الاستشارات القانونية | | - - المكتبة الجامعية الشاملة | st - - قسم مذكرات التخرج و الماج ##يس ##تار | | - [MASK] منتدى البرامج الكاملة والنا ##درة | - - [MASK] المترجم ( نار ##وتو [SEP]
INFO:tensorflow:input_ids: 2 3650 5183 8119 18766 4258 23498 1012 12023 3027 27378 3708 2241 12421 18807 22 4 26895 3853 9518 4 6740 9283 4725 3639 5889 6767 3685 1979 3557 2946 1936 2040 12305 1007 2251 2922 1912 7168 23 6787 17820 18 3 4481 2186 30 3872 2069 96 96 17 17 7850 1904 96 17 4 3074 4874 415 3574 5758 96 96 17 17 14449 4196 4 415 5395 22002 96 4 17 17 2069 4196 415 12195 4 4 4 17 17 2069 4 4 415 16120 7079 96 96 17 17 7666 12091 13639 96 10140 17 17 2122 15726 20226 415 11520 2036 20656 96 96 17 4 2069 3839 8565 11377 10993 96 17 17 4 25273 12 6361 9772 3
I1024 04:20:30.491805 47759586194496 create_pretraining_data.py:161] input_ids: 2 3650 5183 8119 18766 4258 23498 1012 12023 3027 27378 3708 2241 12421 18807 22 4 26895 3853 9518 4 6740 9283 4725 3639 5889 6767 3685 1979 3557 2946 1936 2040 12305 1007 2251 2922 1912 7168 23 6787 17820 18 3 4481 2186 30 3872 2069 96 96 17 17 7850 1904 96 17 4 3074 4874 415 3574 5758 96 96 17 17 14449 4196 4 415 5395 22002 96 4 17 17 2069 4196 415 12195 4 4 4 17 17 2069 4 4 415 16120 7079 96 96 17 17 7666 12091 13639 96 10140 17 17 2122 15726 20226 415 11520 2036 20656 96 96 17 4 2069 3839 8565 11377 10993 96 17 17 4 25273 12 6361 9772 3
INFO:tensorflow:input_mask: 1 1 1 1 1 1 1 1 1 1 1 1 1 1 1 1 1 1 1 1 1 1 1 1 1 1 1 1 1 1 1 1 1 1 1 1 1 1 1 1 1 1 1 1 1 1 1 1 1 1 1 1 1 1 1 1 1 1 1 1 1 1 1 1 1 1 1 1 1 1 1 1 1 1 1 1 1 1 1 1 1 1 1 1 1 1 1 1 1 1 1 1 1 1 1 1 1 1 1 1 1 1 1 1 1 1 1 1 1 1 1 1 1 1 1 1 1 1 1 1 1 1 1 1 1 1 1 1
I1024 04:20:30.491956 47759586194496 create_pretraining_data.py:161] input_mask: 1 1 1 1 1 1 1 1 1 1 1 1 1 1 1 1 1 1 1 1 1 1 1 1 1 1 1 1 1 1 1 1 1 1 1 1 1 1 1 1 1 1 1 1 1 1 1 1 1 1 1 1 1 1 1 1 1 1 1 1 1 1 1 1 1 1 1 1 1 1 1 1 1 1 1 1 1 1 1 1 1 1 1 1 1 1 1 1 1 1 1 1 1 1 1 1 1 1 1 1 1 1 1 1 1 1 1 1 1 1 1 1 1 1 1 1 1 1 1 1 1 1 1 1 1 1 1 1
INFO:tensorflow:segment_ids: 0 0 0 0 0 0 0 0 0 0 0 0 0 0 0 0 0 0 0 0 0 0 0 0 0 0 0 0 0 0 0 0 0 0 0 0 0 0 0 0 0 0 0 0 1 1 1 1 1 1 1 1 1 1 1 1 1 1 1 1 1 1 1 1 1 1 1 1 1 1 1 1 1 1 1 1 1 1 1 1 1 1 1 1 1 1 1 1 1 1 1 1 1 1 1 1 1 1 1 1 1 1 1 1 1 1 1 1 1 1 1 1 1 1 1 1 1 1 1 1 1 1 1 1 1 1 1 1
I1024 04:20:30.492097 47759586194496 create_pretraining_data.py:161] segment_ids: 0 0 0 0 0 0 0 0 0 0 0 0 0 0 0 0 0 0 0 0 0 0 0 0 0 0 0 0 0 0 0 0 0 0 0 0 0 0 0 0 0 0 0 0 1 1 1 1 1 1 1 1 1 1 1 1 1 1 1 1 1 1 1 1 1 1 1 1 1 1 1 1 1 1 1 1 1 1 1 1 1 1 1 1 1 1 1 1 1 1 1 1 1 1 1 1 1 1 1 1 1 1 1 1 1 1 1 1 1 1 1 1 1 1 1 1 1 1 1 1 1 1 1 1 1 1 1 1
INFO:tensorflow:masked_lm_positions: 16 20 22 41 45 57 67 69 74 80 81 82 83 87 88 92 100 113 122 0
I1024 04:20:30.492202 47759586194496 create_pretraining_data.py:161] masked_lm_positions: 16 20 22 41 45 57 67 69 74 80 81 82 83 87 88 92 100 113 122 0
INFO:tensorflow:masked_lm_ids: 3193 5146 1961 9518 2186 17 2069 20991 96 12195 22537 96 96 13890 6271 96 96 17 11700 0
I1024 04:20:30.492311 47759586194496 create_pretraining_data.py:161] masked_lm_ids: 3193 5146 1961 9518 2186 17 2069 20991 96 12195 22537 96 96 13890 6271 96 96 17 11700 0
INFO:tensorflow:masked_lm_weights: 1.0 1.0 1.0 1.0 1.0 1.0 1.0 1.0 1.0 1.0 1.0 1.0 1.0 1.0 1.0 1.0 1.0 1.0 1.0 0.0
I1024 04:20:30.492415 47759586194496 create_pretraining_data.py:161] masked_lm_weights: 1.0 1.0 1.0 1.0 1.0 1.0 1.0 1.0 1.0 1.0 1.0 1.0 1.0 1.0 1.0 1.0 1.0 1.0 1.0 0.0
INFO:tensorflow:next_sentence_labels: 0
I1024 04:20:30.492508 47759586194496 create_pretraining_data.py:161] next_sentence_labels: 0
INFO:tensorflow:*** Example ***
I1024 04:20:30.493287 47759586194496 create_pretraining_data.py:149] *** Example ***
INFO:tensorflow:tokens: [CLS] وقال عدنان الص ##راف [MASK] مركز الخليج للأس ##هم في دبي [MASK] شهدت سوق الأسهم المحلية [MASK] نشاط ##ا جيدا ، حيث ازداد حجم الطلبات على الشراء وان كانت بأسعار [MASK] عن المعروض طمع ##ا في الشراء بأ ##قل سعر ممكن بهدف تحقيق خيرا ربح . [SEP] على سهم العاجلة أبوظبي الاسلامي بسعر 32 درهم ##ا ، [MASK] [MASK] بنك الاستثمار بسعر 37 درهم ##ا . وطلب سهم بنك دبي التجاري [MASK] [MASK] درهم ##ا وعرض بسعر 95 درهم ##ا ، كما وطلب سهم الامارات الدولي [MASK] 42 درهم ##ا وعرض [MASK] 43 [MASK] [MASK] ، وطلب [MASK] [MASK] أبوظبي التجاري بسعر 57 ##5 درهم ##ا ، وعرض بسعر 58 ##0 درهم ##ا ، وطلب [MASK] [MASK] الاستثمار بسعر 37 درهم ##ا ، وتوا ##زن ##ت [SEP]
I1024 04:20:30.493476 47759586194496 create_pretraining_data.py:151] tokens: [CLS] وقال عدنان الص ##راف [MASK] مركز الخليج للأس ##هم في دبي [MASK] شهدت سوق الأسهم المحلية [MASK] نشاط ##ا جيدا ، حيث ازداد حجم الطلبات على الشراء وان كانت بأسعار [MASK] عن المعروض طمع ##ا في الشراء بأ ##قل سعر ممكن بهدف تحقيق خيرا ربح . [SEP] على سهم العاجلة أبوظبي الاسلامي بسعر 32 درهم ##ا ، [MASK] [MASK] بنك الاستثمار بسعر 37 درهم ##ا . وطلب سهم بنك دبي التجاري [MASK] [MASK] درهم ##ا وعرض بسعر 95 درهم ##ا ، كما وطلب سهم الامارات الدولي [MASK] 42 درهم ##ا وعرض [MASK] 43 [MASK] [MASK] ، وطلب [MASK] [MASK] أبوظبي التجاري بسعر 57 ##5 درهم ##ا ، وعرض بسعر 58 ##0 درهم ##ا ، وطلب [MASK] [MASK] الاستثمار بسعر 37 درهم ##ا ، وتوا ##زن ##ت [SEP]
INFO:tensorflow:input_ids: 2 2484 14962 1996 2382 4 3231 4037 13693 1949 1912 4403 4 9667 3689 10441 5223 4 6611 1007 6245 378 2455 18567 5893 9521 1961 12249 2178 2431 19900 4 1955 19356 27955 1007 1912 12249 2499 2246 4584 4050 5842 4352 5360 13986 18 3 1961 10813 25483 9276 3659 12204 6288 7213 1007 378 4 4 4996 7454 12204 7414 7213 1007 18 8187 10813 4996 4403 8705 4 4 7213 1007 11344 12204 13635 7213 1007 378 2306 8187 10813 4285 3423 4 8483 7213 1007 11344 4 9086 4 4 378 8187 4 4 9276 8705 12204 9728 1030 7213 1007 378 11344 12204 9684 1071 7213 1007 378 8187 4 4 7454 12204 7414 7213 1007 378 21240 3104 1005 3
I1024 04:20:30.493649 47759586194496 create_pretraining_data.py:161] input_ids: 2 2484 14962 1996 2382 4 3231 4037 13693 1949 1912 4403 4 9667 3689 10441 5223 4 6611 1007 6245 378 2455 18567 5893 9521 1961 12249 2178 2431 19900 4 1955 19356 27955 1007 1912 12249 2499 2246 4584 4050 5842 4352 5360 13986 18 3 1961 10813 25483 9276 3659 12204 6288 7213 1007 378 4 4 4996 7454 12204 7414 7213 1007 18 8187 10813 4996 4403 8705 4 4 7213 1007 11344 12204 13635 7213 1007 378 2306 8187 10813 4285 3423 4 8483 7213 1007 11344 4 9086 4 4 378 8187 4 4 9276 8705 12204 9728 1030 7213 1007 378 11344 12204 9684 1071 7213 1007 378 8187 4 4 7454 12204 7414 7213 1007 378 21240 3104 1005 3
INFO:tensorflow:input_mask: 1 1 1 1 1 1 1 1 1 1 1 1 1 1 1 1 1 1 1 1 1 1 1 1 1 1 1 1 1 1 1 1 1 1 1 1 1 1 1 1 1 1 1 1 1 1 1 1 1 1 1 1 1 1 1 1 1 1 1 1 1 1 1 1 1 1 1 1 1 1 1 1 1 1 1 1 1 1 1 1 1 1 1 1 1 1 1 1 1 1 1 1 1 1 1 1 1 1 1 1 1 1 1 1 1 1 1 1 1 1 1 1 1 1 1 1 1 1 1 1 1 1 1 1 1 1 1 1
I1024 04:20:30.493798 47759586194496 create_pretraining_data.py:161] input_mask: 1 1 1 1 1 1 1 1 1 1 1 1 1 1 1 1 1 1 1 1 1 1 1 1 1 1 1 1 1 1 1 1 1 1 1 1 1 1 1 1 1 1 1 1 1 1 1 1 1 1 1 1 1 1 1 1 1 1 1 1 1 1 1 1 1 1 1 1 1 1 1 1 1 1 1 1 1 1 1 1 1 1 1 1 1 1 1 1 1 1 1 1 1 1 1 1 1 1 1 1 1 1 1 1 1 1 1 1 1 1 1 1 1 1 1 1 1 1 1 1 1 1 1 1 1 1 1 1
INFO:tensorflow:segment_ids: 0 0 0 0 0 0 0 0 0 0 0 0 0 0 0 0 0 0 0 0 0 0 0 0 0 0 0 0 0 0 0 0 0 0 0 0 0 0 0 0 0 0 0 0 0 0 0 0 1 1 1 1 1 1 1 1 1 1 1 1 1 1 1 1 1 1 1 1 1 1 1 1 1 1 1 1 1 1 1 1 1 1 1 1 1 1 1 1 1 1 1 1 1 1 1 1 1 1 1 1 1 1 1 1 1 1 1 1 1 1 1 1 1 1 1 1 1 1 1 1 1 1 1 1 1 1 1 1
I1024 04:20:30.493952 47759586194496 create_pretraining_data.py:161] segment_ids: 0 0 0 0 0 0 0 0 0 0 0 0 0 0 0 0 0 0 0 0 0 0 0 0 0 0 0 0 0 0 0 0 0 0 0 0 0 0 0 0 0 0 0 0 0 0 0 0 1 1 1 1 1 1 1 1 1 1 1 1 1 1 1 1 1 1 1 1 1 1 1 1 1 1 1 1 1 1 1 1 1 1 1 1 1 1 1 1 1 1 1 1 1 1 1 1 1 1 1 1 1 1 1 1 1 1 1 1 1 1 1 1 1 1 1 1 1 1 1 1 1 1 1 1 1 1 1 1
INFO:tensorflow:masked_lm_positions: 5 12 17 30 31 44 50 58 59 72 73 87 92 94 95 98 99 116 117 0
I1024 04:20:30.494061 47759586194496 create_pretraining_data.py:161] masked_lm_positions: 5 12 17 30 31 44 50 58 59 72 73 87 92 94 95 98 99 116 117 0
INFO:tensorflow:masked_lm_ids: 3615 30 3924 19900 9158 14940 14641 3720 10813 12204 7742 12204 12204 7213 1007 10813 4996 10813 4996 0
I1024 04:20:30.494163 47759586194496 create_pretraining_data.py:161] masked_lm_ids: 3615 30 3924 19900 9158 14940 14641 3720 10813 12204 7742 12204 12204 7213 1007 10813 4996 10813 4996 0
INFO:tensorflow:masked_lm_weights: 1.0 1.0 1.0 1.0 1.0 1.0 1.0 1.0 1.0 1.0 1.0 1.0 1.0 1.0 1.0 1.0 1.0 1.0 1.0 0.0
I1024 04:20:30.494273 47759586194496 create_pretraining_data.py:161] masked_lm_weights: 1.0 1.0 1.0 1.0 1.0 1.0 1.0 1.0 1.0 1.0 1.0 1.0 1.0 1.0 1.0 1.0 1.0 1.0 1.0 0.0
INFO:tensorflow:next_sentence_labels: 0
I1024 04:20:30.494369 47759586194496 create_pretraining_data.py:161] next_sentence_labels: 0
INFO:tensorflow:*** Example ***
I1024 04:20:30.495131 47759586194496 create_pretraining_data.py:149] *** Example ***
INFO:tensorflow:tokens: [CLS] الأصدقاء الذين [MASK] [MASK] [MASK] [MASK] ، يظل ##ون معا ! [SEP] أخبر أصدقاء ##ك عنا حتى يتمكن ##وا من التسوق واد ##خار المزيد من المال ! هل ترغب في المزيد من النصائح والعروض الترويج ##ية والصف ##قات الحصرية المخصصة لك وحدك ؟ اشترك في نشرت ##نا [MASK] وكن أول من يحصل [MASK] [MASK] [MASK] [MASK] الجديدة [MASK] الشحن المجانية [MASK] إلى بريدك الوارد ، دع ##نا نق ##م بالعمل الشا ##ق نيابة عنك . [SEP]
I1024 04:20:30.495304 47759586194496 create_pretraining_data.py:151] tokens: [CLS] الأصدقاء الذين [MASK] [MASK] [MASK] [MASK] ، يظل ##ون معا ! [SEP] أخبر أصدقاء ##ك عنا حتى يتمكن ##وا من التسوق واد ##خار المزيد من المال ! هل ترغب في المزيد من النصائح والعروض الترويج ##ية والصف ##قات الحصرية المخصصة لك وحدك ؟ اشترك في نشرت ##نا [MASK] وكن أول من يحصل [MASK] [MASK] [MASK] [MASK] الجديدة [MASK] الشحن المجانية [MASK] إلى بريدك الوارد ، دع ##نا نق ##م بالعمل الشا ##ق نيابة عنك . [SEP]
INFO:tensorflow:input_ids: 2 16220 2677 4 4 4 4 378 15209 1922 3874 5 3 17899 17409 1014 3717 2494 11825 1928 1908 9355 4982 21653 4714 1908 3599 5 2827 7697 1912 4714 1908 22087 27500 19828 1910 29288 2303 11909 17283 2278 9096 380 18937 1912 10936 1914 4 9381 3399 1908 6740 4 4 4 4 3895 4 7244 11402 4 2045 18030 19703 378 4222 1914 3345 1015 9786 18435 1011 17685 4548 18 3 0 0 0 0 0 0 0 0 0 0 0 0 0 0 0 0 0 0 0 0 0 0 0 0 0 0 0 0 0 0 0 0 0 0 0 0 0 0 0 0 0 0 0 0 0 0 0 0 0 0 0
I1024 04:20:30.495476 47759586194496 create_pretraining_data.py:161] input_ids: 2 16220 2677 4 4 4 4 378 15209 1922 3874 5 3 17899 17409 1014 3717 2494 11825 1928 1908 9355 4982 21653 4714 1908 3599 5 2827 7697 1912 4714 1908 22087 27500 19828 1910 29288 2303 11909 17283 2278 9096 380 18937 1912 10936 1914 4 9381 3399 1908 6740 4 4 4 4 3895 4 7244 11402 4 2045 18030 19703 378 4222 1914 3345 1015 9786 18435 1011 17685 4548 18 3 0 0 0 0 0 0 0 0 0 0 0 0 0 0 0 0 0 0 0 0 0 0 0 0 0 0 0 0 0 0 0 0 0 0 0 0 0 0 0 0 0 0 0 0 0 0 0 0 0 0 0
INFO:tensorflow:input_mask: 1 1 1 1 1 1 1 1 1 1 1 1 1 1 1 1 1 1 1 1 1 1 1 1 1 1 1 1 1 1 1 1 1 1 1 1 1 1 1 1 1 1 1 1 1 1 1 1 1 1 1 1 1 1 1 1 1 1 1 1 1 1 1 1 1 1 1 1 1 1 1 1 1 1 1 1 1 0 0 0 0 0 0 0 0 0 0 0 0 0 0 0 0 0 0 0 0 0 0 0 0 0 0 0 0 0 0 0 0 0 0 0 0 0 0 0 0 0 0 0 0 0 0 0 0 0 0 0
I1024 04:20:30.495639 47759586194496 create_pretraining_data.py:161] input_mask: 1 1 1 1 1 1 1 1 1 1 1 1 1 1 1 1 1 1 1 1 1 1 1 1 1 1 1 1 1 1 1 1 1 1 1 1 1 1 1 1 1 1 1 1 1 1 1 1 1 1 1 1 1 1 1 1 1 1 1 1 1 1 1 1 1 1 1 1 1 1 1 1 1 1 1 1 1 0 0 0 0 0 0 0 0 0 0 0 0 0 0 0 0 0 0 0 0 0 0 0 0 0 0 0 0 0 0 0 0 0 0 0 0 0 0 0 0 0 0 0 0 0 0 0 0 0 0 0
INFO:tensorflow:segment_ids: 0 0 0 0 0 0 0 0 0 0 0 0 0 1 1 1 1 1 1 1 1 1 1 1 1 1 1 1 1 1 1 1 1 1 1 1 1 1 1 1 1 1 1 1 1 1 1 1 1 1 1 1 1 1 1 1 1 1 1 1 1 1 1 1 1 1 1 1 1 1 1 1 1 1 1 1 1 0 0 0 0 0 0 0 0 0 0 0 0 0 0 0 0 0 0 0 0 0 0 0 0 0 0 0 0 0 0 0 0 0 0 0 0 0 0 0 0 0 0 0 0 0 0 0 0 0 0 0
I1024 04:20:30.495782 47759586194496 create_pretraining_data.py:161] segment_ids: 0 0 0 0 0 0 0 0 0 0 0 0 0 1 1 1 1 1 1 1 1 1 1 1 1 1 1 1 1 1 1 1 1 1 1 1 1 1 1 1 1 1 1 1 1 1 1 1 1 1 1 1 1 1 1 1 1 1 1 1 1 1 1 1 1 1 1 1 1 1 1 1 1 1 1 1 1 0 0 0 0 0 0 0 0 0 0 0 0 0 0 0 0 0 0 0 0 0 0 0 0 0 0 0 0 0 0 0 0 0 0 0 0 0 0 0 0 0 0 0 0 0 0 0 0 0 0 0
INFO:tensorflow:masked_lm_positions: 3 4 5 6 48 53 54 55 56 58 61 65 0 0 0 0 0 0 0 0
I1024 04:20:30.495886 47759586194496 create_pretraining_data.py:161] masked_lm_positions: 3 4 5 6 48 53 54 55 56 58 61 65 0 0 0 0 0 0 0 0
INFO:tensorflow:masked_lm_ids: 17046 2015 1922 3874 15595 1961 19023 10749 1904 25091 5560 378 0 0 0 0 0 0 0 0
I1024 04:20:30.495987 47759586194496 create_pretraining_data.py:161] masked_lm_ids: 17046 2015 1922 3874 15595 1961 19023 10749 1904 25091 5560 378 0 0 0 0 0 0 0 0
INFO:tensorflow:masked_lm_weights: 1.0 1.0 1.0 1.0 1.0 1.0 1.0 1.0 1.0 1.0 1.0 1.0 0.0 0.0 0.0 0.0 0.0 0.0 0.0 0.0
I1024 04:20:30.496089 47759586194496 create_pretraining_data.py:161] masked_lm_weights: 1.0 1.0 1.0 1.0 1.0 1.0 1.0 1.0 1.0 1.0 1.0 1.0 0.0 0.0 0.0 0.0 0.0 0.0 0.0 0.0
INFO:tensorflow:next_sentence_labels: 0
I1024 04:20:30.496182 47759586194496 create_pretraining_data.py:161] next_sentence_labels: 0
INFO:tensorflow:*** Example ***
I1024 04:20:30.496926 47759586194496 create_pretraining_data.py:149] *** Example ***
INFO:tensorflow:tokens: [CLS] [MASK] وراء [MASK] ، وكانت ثورة كبيرة على قدر هامة السودان وها ##لته . [SEP] ليست لديك صلاحية أو إمتيازات [MASK] لدخول ##غلاق الصفحة . هل تحاول تعديل مشاركة [MASK] آخر , دخول ميزات إدارية أو ◣ [MASK] آخر ؟ ماين ##شر في منتدى [MASK] الدراسات التخصصي ##ة في الامام المهدي عليه السلام لايم ##ثل الرأي الرسمي للمركز وبحسب هي آراء للكتاب [SEP]
I1024 04:20:30.497066 47759586194496 create_pretraining_data.py:151] tokens: [CLS] [MASK] وراء [MASK] ، وكانت ثورة كبيرة على قدر هامة السودان وها ##لته . [SEP] ليست لديك صلاحية أو إمتيازات [MASK] لدخول ##غلاق الصفحة . هل تحاول تعديل مشاركة [MASK] آخر , دخول ميزات إدارية أو ◣ [MASK] آخر ؟ ماين ##شر في منتدى [MASK] الدراسات التخصصي ##ة في الامام المهدي عليه السلام لايم ##ثل الرأي الرسمي للمركز وبحسب هي آراء للكتاب [SEP]
INFO:tensorflow:input_ids: 2 4 5659 4 378 4388 9264 3930 1961 3640 13991 5062 8154 3753 18 3 3721 6088 8637 2075 15095 4 8394 9252 4181 18 2827 6920 5664 5021 4 2514 16 5090 10177 11190 2075 727 4 2514 380 12885 2072 1912 2069 4 6481 7253 1043 1912 5705 9401 2181 2795 12928 2323 6640 5470 29068 13608 2247 16742 15837 3 0 0 0 0 0 0 0 0 0 0 0 0 0 0 0 0 0 0 0 0 0 0 0 0 0 0 0 0 0 0 0 0 0 0 0 0 0 0 0 0 0 0 0 0 0 0 0 0 0 0 0 0 0 0 0 0 0 0 0 0 0 0 0 0
I1024 04:20:30.497212 47759586194496 create_pretraining_data.py:161] input_ids: 2 4 5659 4 378 4388 9264 3930 1961 3640 13991 5062 8154 3753 18 3 3721 6088 8637 2075 15095 4 8394 9252 4181 18 2827 6920 5664 5021 4 2514 16 5090 10177 11190 2075 727 4 2514 380 12885 2072 1912 2069 4 6481 7253 1043 1912 5705 9401 2181 2795 12928 2323 6640 5470 29068 13608 2247 16742 15837 3 0 0 0 0 0 0 0 0 0 0 0 0 0 0 0 0 0 0 0 0 0 0 0 0 0 0 0 0 0 0 0 0 0 0 0 0 0 0 0 0 0 0 0 0 0 0 0 0 0 0 0 0 0 0 0 0 0 0 0 0 0 0 0 0
INFO:tensorflow:input_mask: 1 1 1 1 1 1 1 1 1 1 1 1 1 1 1 1 1 1 1 1 1 1 1 1 1 1 1 1 1 1 1 1 1 1 1 1 1 1 1 1 1 1 1 1 1 1 1 1 1 1 1 1 1 1 1 1 1 1 1 1 1 1 1 1 0 0 0 0 0 0 0 0 0 0 0 0 0 0 0 0 0 0 0 0 0 0 0 0 0 0 0 0 0 0 0 0 0 0 0 0 0 0 0 0 0 0 0 0 0 0 0 0 0 0 0 0 0 0 0 0 0 0 0 0 0 0 0 0
I1024 04:20:30.497362 47759586194496 create_pretraining_data.py:161] input_mask: 1 1 1 1 1 1 1 1 1 1 1 1 1 1 1 1 1 1 1 1 1 1 1 1 1 1 1 1 1 1 1 1 1 1 1 1 1 1 1 1 1 1 1 1 1 1 1 1 1 1 1 1 1 1 1 1 1 1 1 1 1 1 1 1 0 0 0 0 0 0 0 0 0 0 0 0 0 0 0 0 0 0 0 0 0 0 0 0 0 0 0 0 0 0 0 0 0 0 0 0 0 0 0 0 0 0 0 0 0 0 0 0 0 0 0 0 0 0 0 0 0 0 0 0 0 0 0 0
INFO:tensorflow:segment_ids: 0 0 0 0 0 0 0 0 0 0 0 0 0 0 0 0 1 1 1 1 1 1 1 1 1 1 1 1 1 1 1 1 1 1 1 1 1 1 1 1 1 1 1 1 1 1 1 1 1 1 1 1 1 1 1 1 1 1 1 1 1 1 1 1 0 0 0 0 0 0 0 0 0 0 0 0 0 0 0 0 0 0 0 0 0 0 0 0 0 0 0 0 0 0 0 0 0 0 0 0 0 0 0 0 0 0 0 0 0 0 0 0 0 0 0 0 0 0 0 0 0 0 0 0 0 0 0 0
I1024 04:20:30.497485 47759586194496 create_pretraining_data.py:161] segment_ids: 0 0 0 0 0 0 0 0 0 0 0 0 0 0 0 0 1 1 1 1 1 1 1 1 1 1 1 1 1 1 1 1 1 1 1 1 1 1 1 1 1 1 1 1 1 1 1 1 1 1 1 1 1 1 1 1 1 1 1 1 1 1 1 1 0 0 0 0 0 0 0 0 0 0 0 0 0 0 0 0 0 0 0 0 0 0 0 0 0 0 0 0 0 0 0 0 0 0 0 0 0 0 0 0 0 0 0 0 0 0 0 0 0 0 0 0 0 0 0 0 0 0 0 0 0 0 0 0
INFO:tensorflow:masked_lm_positions: 1 3 21 23 26 30 37 38 45 59 0 0 0 0 0 0 0 0 0 0
I1024 04:20:30.497577 47759586194496 create_pretraining_data.py:161] masked_lm_positions: 1 3 21 23 26 30 37 38 45 59 0 0 0 0 0 0 0 0 0 0
INFO:tensorflow:masked_lm_ids: 4388 4962 9806 2159 2827 2489 3701 8687 3231 2683 0 0 0 0 0 0 0 0 0 0
I1024 04:20:30.497664 47759586194496 create_pretraining_data.py:161] masked_lm_ids: 4388 4962 9806 2159 2827 2489 3701 8687 3231 2683 0 0 0 0 0 0 0 0 0 0
INFO:tensorflow:masked_lm_weights: 1.0 1.0 1.0 1.0 1.0 1.0 1.0 1.0 1.0 1.0 0.0 0.0 0.0 0.0 0.0 0.0 0.0 0.0 0.0 0.0
I1024 04:20:30.497754 47759586194496 create_pretraining_data.py:161] masked_lm_weights: 1.0 1.0 1.0 1.0 1.0 1.0 1.0 1.0 1.0 1.0 0.0 0.0 0.0 0.0 0.0 0.0 0.0 0.0 0.0 0.0
INFO:tensorflow:next_sentence_labels: 1
I1024 04:20:30.497834 47759586194496 create_pretraining_data.py:161] next_sentence_labels: 1
INFO:tensorflow:*** Example ***
I1024 04:20:30.498509 47759586194496 create_pretraining_data.py:149] *** Example ***
INFO:tensorflow:tokens: [CLS] - ##F - 07 , 02 : 36 PM Re : [MASK] [MASK] المخابرات المصريه بث ##قلها في التوفيق بين [MASK] وعلي عثمان . . . Tra ##g ##ie Mus ##t ##af ##a [MASK] - 05 - 07 , 08 : 29 PM Re : ضلو ##ع المخابرات المصريه بث ##قلها [MASK] التوفيق [MASK] البشير وعلي عثمان . . . Tra ##g ##ie Mus ##t ##af [SEP] إذا كنت ترغب في [MASK] كافة [MASK] هذا الموقع ، يجب السمحاح لجافا سكريبت بالعمل . هار خير مؤ ##نس وأن ##يس ، يا خير صاحب وجل ##يس [MASK] ط ##وبى لمن [MASK] [MASK] منك بك ، اللهم لبيك ، لبيك يا حبيب القلوب ، [MASK] يا سرور [MASK] ، لبيك ، [MASK] يا منى الجواز . . . [SEP]
I1024 04:20:30.498678 47759586194496 create_pretraining_data.py:151] tokens: [CLS] - ##F - 07 , 02 : 36 PM Re : [MASK] [MASK] المخابرات المصريه بث ##قلها في التوفيق بين [MASK] وعلي عثمان . . . Tra ##g ##ie Mus ##t ##af ##a [MASK] - 05 - 07 , 08 : 29 PM Re : ضلو ##ع المخابرات المصريه بث ##قلها [MASK] التوفيق [MASK] البشير وعلي عثمان . . . Tra ##g ##ie Mus ##t ##af [SEP] إذا كنت ترغب في [MASK] كافة [MASK] هذا الموقع ، يجب السمحاح لجافا سكريبت بالعمل . هار خير مؤ ##نس وأن ##يس ، يا خير صاحب وجل ##يس [MASK] ط ##وبى لمن [MASK] [MASK] منك بك ، اللهم لبيك ، لبيك يا حبيب القلوب ، [MASK] يا سرور [MASK] ، لبيك ، [MASK] يا منى الجواز . . . [SEP]
INFO:tensorflow:input_ids: 2 17 1022 17 5941 16 5943 30 6676 6033 6028 30 4 4 12834 15166 4329 24068 1912 8057 2117 4 4126 6291 18 18 18 22496 1025 11859 27575 1048 9635 1049 4 17 2819 17 5941 16 6006 30 5064 6033 6028 30 23510 1009 12834 15166 4329 24068 4 8057 4 15177 4126 6291 18 18 18 22496 1025 11859 27575 1048 9635 3 2617 2678 7697 1912 4 4294 4 2085 3221 378 3163 22468 22453 13586 9786 18 8774 2631 2442 2227 3310 2036 378 2104 2631 3320 6748 2036 4 403 19330 3043 4 4 3677 2395 378 2168 18276 378 18276 2104 4864 4408 378 4 2104 21022 4 378 18276 378 4 2104 15421 22695 18 18 18 3
I1024 04:20:30.498839 47759586194496 create_pretraining_data.py:161] input_ids: 2 17 1022 17 5941 16 5943 30 6676 6033 6028 30 4 4 12834 15166 4329 24068 1912 8057 2117 4 4126 6291 18 18 18 22496 1025 11859 27575 1048 9635 1049 4 17 2819 17 5941 16 6006 30 5064 6033 6028 30 23510 1009 12834 15166 4329 24068 4 8057 4 15177 4126 6291 18 18 18 22496 1025 11859 27575 1048 9635 3 2617 2678 7697 1912 4 4294 4 2085 3221 378 3163 22468 22453 13586 9786 18 8774 2631 2442 2227 3310 2036 378 2104 2631 3320 6748 2036 4 403 19330 3043 4 4 3677 2395 378 2168 18276 378 18276 2104 4864 4408 378 4 2104 21022 4 378 18276 378 4 2104 15421 22695 18 18 18 3
INFO:tensorflow:input_mask: 1 1 1 1 1 1 1 1 1 1 1 1 1 1 1 1 1 1 1 1 1 1 1 1 1 1 1 1 1 1 1 1 1 1 1 1 1 1 1 1 1 1 1 1 1 1 1 1 1 1 1 1 1 1 1 1 1 1 1 1 1 1 1 1 1 1 1 1 1 1 1 1 1 1 1 1 1 1 1 1 1 1 1 1 1 1 1 1 1 1 1 1 1 1 1 1 1 1 1 1 1 1 1 1 1 1 1 1 1 1 1 1 1 1 1 1 1 1 1 1 1 1 1 1 1 1 1 1
I1024 04:20:30.498971 47759586194496 create_pretraining_data.py:161] input_mask: 1 1 1 1 1 1 1 1 1 1 1 1 1 1 1 1 1 1 1 1 1 1 1 1 1 1 1 1 1 1 1 1 1 1 1 1 1 1 1 1 1 1 1 1 1 1 1 1 1 1 1 1 1 1 1 1 1 1 1 1 1 1 1 1 1 1 1 1 1 1 1 1 1 1 1 1 1 1 1 1 1 1 1 1 1 1 1 1 1 1 1 1 1 1 1 1 1 1 1 1 1 1 1 1 1 1 1 1 1 1 1 1 1 1 1 1 1 1 1 1 1 1 1 1 1 1 1 1
INFO:tensorflow:segment_ids: 0 0 0 0 0 0 0 0 0 0 0 0 0 0 0 0 0 0 0 0 0 0 0 0 0 0 0 0 0 0 0 0 0 0 0 0 0 0 0 0 0 0 0 0 0 0 0 0 0 0 0 0 0 0 0 0 0 0 0 0 0 0 0 0 0 0 0 0 1 1 1 1 1 1 1 1 1 1 1 1 1 1 1 1 1 1 1 1 1 1 1 1 1 1 1 1 1 1 1 1 1 1 1 1 1 1 1 1 1 1 1 1 1 1 1 1 1 1 1 1 1 1 1 1 1 1 1 1
I1024 04:20:30.499094 47759586194496 create_pretraining_data.py:161] segment_ids: 0 0 0 0 0 0 0 0 0 0 0 0 0 0 0 0 0 0 0 0 0 0 0 0 0 0 0 0 0 0 0 0 0 0 0 0 0 0 0 0 0 0 0 0 0 0 0 0 0 0 0 0 0 0 0 0 0 0 0 0 0 0 0 0 0 0 0 0 1 1 1 1 1 1 1 1 1 1 1 1 1 1 1 1 1 1 1 1 1 1 1 1 1 1 1 1 1 1 1 1 1 1 1 1 1 1 1 1 1 1 1 1 1 1 1 1 1 1 1 1 1 1 1 1 1 1 1 1
INFO:tensorflow:masked_lm_positions: 2 12 13 21 34 52 54 72 74 76 77 84 96 100 101 113 116 120 123 0
I1024 04:20:30.499186 47759586194496 create_pretraining_data.py:161] masked_lm_positions: 2 12 13 21 34 52 54 72 74 76 77 84 96 100 101 113 116 120 123 0
INFO:tensorflow:masked_lm_ids: 2819 23510 1009 15177 2986 1912 2117 3653 10177 3221 378 2104 378 3555 5596 18276 4408 18276 4408 0
I1024 04:20:30.499283 47759586194496 create_pretraining_data.py:161] masked_lm_ids: 2819 23510 1009 15177 2986 1912 2117 3653 10177 3221 378 2104 378 3555 5596 18276 4408 18276 4408 0
INFO:tensorflow:masked_lm_weights: 1.0 1.0 1.0 1.0 1.0 1.0 1.0 1.0 1.0 1.0 1.0 1.0 1.0 1.0 1.0 1.0 1.0 1.0 1.0 0.0
I1024 04:20:30.499374 47759586194496 create_pretraining_data.py:161] masked_lm_weights: 1.0 1.0 1.0 1.0 1.0 1.0 1.0 1.0 1.0 1.0 1.0 1.0 1.0 1.0 1.0 1.0 1.0 1.0 1.0 0.0
INFO:tensorflow:next_sentence_labels: 1
I1024 04:20:30.499456 47759586194496 create_pretraining_data.py:161] next_sentence_labels: 1
INFO:tensorflow:*** Example ***
I1024 04:20:30.500113 47759586194496 create_pretraining_data.py:149] *** Example ***
INFO:tensorflow:tokens: [CLS] حيث يمكن أن يؤدي اكتشاف [MASK] [MASK] إلى توفير آلاف الجنيه ##ات سنويا لف ##واتي ##ر المياه السنوية لمش ##اريع ##ك بمجرد إصلاح ##ها . [SEP] [MASK] المواضيع [MASK] كمبيوتر وانت ##رنت > [MASK] [MASK] [MASK] المواضيع > ##وعه وانت ##رنت > شهادات كل المواضيع > أولاد > كتب الاهلاوي كل المواضيع > كمبيوتر وانت ##رنت > شبكات الكمبيوتر واليابان المواضيع > كمبيوتر وانت ##رنت > أمن [MASK] كل المواضيع > أولاد > رسم وت ##لوين كل [MASK] [MASK] كمبيوتر وانت ##رنت > برامج تطبيق ##ية كل المواضيع > [MASK] وانت ##رنت > وسا ##ئ ##ط متعددة كل [MASK] > أولاد > عام [SEP]
I1024 04:20:30.500278 47759586194496 create_pretraining_data.py:151] tokens: [CLS] حيث يمكن أن يؤدي اكتشاف [MASK] [MASK] إلى توفير آلاف الجنيه ##ات سنويا لف ##واتي ##ر المياه السنوية لمش ##اريع ##ك بمجرد إصلاح ##ها . [SEP] [MASK] المواضيع [MASK] كمبيوتر وانت ##رنت > [MASK] [MASK] [MASK] المواضيع > ##وعه وانت ##رنت > شهادات كل المواضيع > أولاد > كتب الاهلاوي كل المواضيع > كمبيوتر وانت ##رنت > شبكات الكمبيوتر واليابان المواضيع > كمبيوتر وانت ##رنت > أمن [MASK] كل المواضيع > أولاد > رسم وت ##لوين كل [MASK] [MASK] كمبيوتر وانت ##رنت > برامج تطبيق ##ية كل المواضيع > [MASK] وانت ##رنت > وسا ##ئ ##ط متعددة كل [MASK] > أولاد > عام [SEP]
INFO:tensorflow:input_ids: 2 2455 2490 1979 6898 10810 4 4 2045 7065 6895 10264 1904 6336 4488 17097 1017 3093 15636 7480 4765 1014 12559 13655 1913 18 3 4 3642 4 10060 3036 3503 34 4 4 4 3642 34 5030 3036 3503 34 14405 2038 3642 34 12121 34 3199 21666 2038 3642 34 10060 3036 3503 34 13524 3896 29460 3642 34 10060 3036 3503 34 5484 4 2038 3642 34 12121 34 4315 2001 27935 2038 4 4 10060 3036 3503 34 2997 4456 1910 2038 3642 34 4 3036 3503 34 12686 1042 1040 9030 2038 4 34 12121 34 2268 3 0 0 0 0 0 0 0 0 0 0 0 0 0 0 0 0 0 0 0 0 0 0 0
I1024 04:20:30.500443 47759586194496 create_pretraining_data.py:161] input_ids: 2 2455 2490 1979 6898 10810 4 4 2045 7065 6895 10264 1904 6336 4488 17097 1017 3093 15636 7480 4765 1014 12559 13655 1913 18 3 4 3642 4 10060 3036 3503 34 4 4 4 3642 34 5030 3036 3503 34 14405 2038 3642 34 12121 34 3199 21666 2038 3642 34 10060 3036 3503 34 13524 3896 29460 3642 34 10060 3036 3503 34 5484 4 2038 3642 34 12121 34 4315 2001 27935 2038 4 4 10060 3036 3503 34 2997 4456 1910 2038 3642 34 4 3036 3503 34 12686 1042 1040 9030 2038 4 34 12121 34 2268 3 0 0 0 0 0 0 0 0 0 0 0 0 0 0 0 0 0 0 0 0 0 0 0
INFO:tensorflow:input_mask: 1 1 1 1 1 1 1 1 1 1 1 1 1 1 1 1 1 1 1 1 1 1 1 1 1 1 1 1 1 1 1 1 1 1 1 1 1 1 1 1 1 1 1 1 1 1 1 1 1 1 1 1 1 1 1 1 1 1 1 1 1 1 1 1 1 1 1 1 1 1 1 1 1 1 1 1 1 1 1 1 1 1 1 1 1 1 1 1 1 1 1 1 1 1 1 1 1 1 1 1 1 1 1 1 1 0 0 0 0 0 0 0 0 0 0 0 0 0 0 0 0 0 0 0 0 0 0 0
I1024 04:20:30.500573 47759586194496 create_pretraining_data.py:161] input_mask: 1 1 1 1 1 1 1 1 1 1 1 1 1 1 1 1 1 1 1 1 1 1 1 1 1 1 1 1 1 1 1 1 1 1 1 1 1 1 1 1 1 1 1 1 1 1 1 1 1 1 1 1 1 1 1 1 1 1 1 1 1 1 1 1 1 1 1 1 1 1 1 1 1 1 1 1 1 1 1 1 1 1 1 1 1 1 1 1 1 1 1 1 1 1 1 1 1 1 1 1 1 1 1 1 1 0 0 0 0 0 0 0 0 0 0 0 0 0 0 0 0 0 0 0 0 0 0 0
INFO:tensorflow:segment_ids: 0 0 0 0 0 0 0 0 0 0 0 0 0 0 0 0 0 0 0 0 0 0 0 0 0 0 0 1 1 1 1 1 1 1 1 1 1 1 1 1 1 1 1 1 1 1 1 1 1 1 1 1 1 1 1 1 1 1 1 1 1 1 1 1 1 1 1 1 1 1 1 1 1 1 1 1 1 1 1 1 1 1 1 1 1 1 1 1 1 1 1 1 1 1 1 1 1 1 1 1 1 1 1 1 1 0 0 0 0 0 0 0 0 0 0 0 0 0 0 0 0 0 0 0 0 0 0 0
I1024 04:20:30.500697 47759586194496 create_pretraining_data.py:161] segment_ids: 0 0 0 0 0 0 0 0 0 0 0 0 0 0 0 0 0 0 0 0 0 0 0 0 0 0 0 1 1 1 1 1 1 1 1 1 1 1 1 1 1 1 1 1 1 1 1 1 1 1 1 1 1 1 1 1 1 1 1 1 1 1 1 1 1 1 1 1 1 1 1 1 1 1 1 1 1 1 1 1 1 1 1 1 1 1 1 1 1 1 1 1 1 1 1 1 1 1 1 1 1 1 1 1 1 0 0 0 0 0 0 0 0 0 0 0 0 0 0 0 0 0 0 0 0 0 0 0
INFO:tensorflow:masked_lm_positions: 6 7 9 27 29 34 35 36 39 50 60 68 78 79 90 99 0 0 0 0
I1024 04:20:30.500802 47759586194496 create_pretraining_data.py:161] masked_lm_positions: 6 7 9 27 29 34 35 36 39 50 60 68 78 79 90 99 0 0 0 0
INFO:tensorflow:masked_lm_ids: 23605 3093 7065 2038 34 9601 15820 2038 10060 12714 2038 3896 3642 34 10060 3642 0 0 0 0
I1024 04:20:30.500894 47759586194496 create_pretraining_data.py:161] masked_lm_ids: 23605 3093 7065 2038 34 9601 15820 2038 10060 12714 2038 3896 3642 34 10060 3642 0 0 0 0
INFO:tensorflow:masked_lm_weights: 1.0 1.0 1.0 1.0 1.0 1.0 1.0 1.0 1.0 1.0 1.0 1.0 1.0 1.0 1.0 1.0 0.0 0.0 0.0 0.0
I1024 04:20:30.500985 47759586194496 create_pretraining_data.py:161] masked_lm_weights: 1.0 1.0 1.0 1.0 1.0 1.0 1.0 1.0 1.0 1.0 1.0 1.0 1.0 1.0 1.0 1.0 0.0 0.0 0.0 0.0
INFO:tensorflow:next_sentence_labels: 1
I1024 04:20:30.501066 47759586194496 create_pretraining_data.py:161] next_sentence_labels: 1
INFO:tensorflow:*** Example ***
I1024 04:20:30.501749 47759586194496 create_pretraining_data.py:149] *** Example ***
INFO:tensorflow:tokens: [CLS] قال العلماء : إذا اشترك جماعة في بناء مسجد [MASK] بحيث كان نصيب كل [MASK] منهم مف ##حص قط ##اة بنى الله لكل واحد بيتا في الجنة انظر " [MASK] الباري " شرح حديث ( 450 ) وهذا رابط الفتوى ##ht ##t ##p : / / is ##lam ##q ##a [MASK] in ##fo / ar / re ##f / 14 ##65 ##64 [SEP] قرض بمبلغ 10 ، 000 $ من صديق [MASK] وجاء أول طلب له من [MASK] [MASK] يريد [MASK] [MASK] لمت ##جر كبير B [MASK] [MASK] وأع ##جب المشتري بتص ##اميم كلا ##ين وأمر [MASK] [MASK] بقيمة 50 ، 000 $ من جوهر [MASK] . وبال ##إ ##ضافة إلى ذلك كتب [MASK] [MASK] صحافي ##ة مشي ##دا بالتص ##اميم التى صم ##مها كلا ##ين [SEP]
I1024 04:20:30.501914 47759586194496 create_pretraining_data.py:151] tokens: [CLS] قال العلماء : إذا اشترك جماعة في بناء مسجد [MASK] بحيث كان نصيب كل [MASK] منهم مف ##حص قط ##اة بنى الله لكل واحد بيتا في الجنة انظر " [MASK] الباري " شرح حديث ( 450 ) وهذا رابط الفتوى ##ht ##t ##p : / / is ##lam ##q ##a [MASK] in ##fo / ar / re ##f / 14 ##65 ##64 [SEP] قرض بمبلغ 10 ، 000 $ من صديق [MASK] وجاء أول طلب له من [MASK] [MASK] يريد [MASK] [MASK] لمت ##جر كبير B [MASK] [MASK] وأع ##جب المشتري بتص ##اميم كلا ##ين وأمر [MASK] [MASK] بقيمة 50 ، 000 $ من جوهر [MASK] . وبال ##إ ##ضافة إلى ذلك كتب [MASK] [MASK] صحافي ##ة مشي ##دا بالتص ##اميم التى صم ##مها كلا ##ين [SEP]
INFO:tensorflow:input_ids: 2 2136 6112 30 2617 18937 7435 1912 4225 8830 4 6769 2055 8515 2038 4 3441 3430 4807 2925 3007 16031 1953 3164 2563 20256 1912 7853 9177 6 4 26524 6 5493 3395 12 23446 13 3265 6643 22671 11213 1048 1087 30 19 19 6908 6408 1020 1049 4 5613 29812 19 16849 19 16727 1086 19 2951 6409 8642 3 9016 16520 2667 378 5653 8 1908 5928 4 7273 3399 2922 2154 1908 4 4 4026 4 4 8213 2391 2934 38 4 4 6453 3116 22976 10196 4684 5207 1911 20884 4 4 10456 4616 378 5653 8 1908 16970 4 18 4624 1080 3045 2045 2271 3199 4 4 15754 1043 20284 2060 15614 4684 3411 10957 20088 5207 1911 3
I1024 04:20:30.502065 47759586194496 create_pretraining_data.py:161] input_ids: 2 2136 6112 30 2617 18937 7435 1912 4225 8830 4 6769 2055 8515 2038 4 3441 3430 4807 2925 3007 16031 1953 3164 2563 20256 1912 7853 9177 6 4 26524 6 5493 3395 12 23446 13 3265 6643 22671 11213 1048 1087 30 19 19 6908 6408 1020 1049 4 5613 29812 19 16849 19 16727 1086 19 2951 6409 8642 3 9016 16520 2667 378 5653 8 1908 5928 4 7273 3399 2922 2154 1908 4 4 4026 4 4 8213 2391 2934 38 4 4 6453 3116 22976 10196 4684 5207 1911 20884 4 4 10456 4616 378 5653 8 1908 16970 4 18 4624 1080 3045 2045 2271 3199 4 4 15754 1043 20284 2060 15614 4684 3411 10957 20088 5207 1911 3
INFO:tensorflow:input_mask: 1 1 1 1 1 1 1 1 1 1 1 1 1 1 1 1 1 1 1 1 1 1 1 1 1 1 1 1 1 1 1 1 1 1 1 1 1 1 1 1 1 1 1 1 1 1 1 1 1 1 1 1 1 1 1 1 1 1 1 1 1 1 1 1 1 1 1 1 1 1 1 1 1 1 1 1 1 1 1 1 1 1 1 1 1 1 1 1 1 1 1 1 1 1 1 1 1 1 1 1 1 1 1 1 1 1 1 1 1 1 1 1 1 1 1 1 1 1 1 1 1 1 1 1 1 1 1 1
I1024 04:20:30.502207 47759586194496 create_pretraining_data.py:161] input_mask: 1 1 1 1 1 1 1 1 1 1 1 1 1 1 1 1 1 1 1 1 1 1 1 1 1 1 1 1 1 1 1 1 1 1 1 1 1 1 1 1 1 1 1 1 1 1 1 1 1 1 1 1 1 1 1 1 1 1 1 1 1 1 1 1 1 1 1 1 1 1 1 1 1 1 1 1 1 1 1 1 1 1 1 1 1 1 1 1 1 1 1 1 1 1 1 1 1 1 1 1 1 1 1 1 1 1 1 1 1 1 1 1 1 1 1 1 1 1 1 1 1 1 1 1 1 1 1 1
INFO:tensorflow:segment_ids: 0 0 0 0 0 0 0 0 0 0 0 0 0 0 0 0 0 0 0 0 0 0 0 0 0 0 0 0 0 0 0 0 0 0 0 0 0 0 0 0 0 0 0 0 0 0 0 0 0 0 0 0 0 0 0 0 0 0 0 0 0 0 0 0 1 1 1 1 1 1 1 1 1 1 1 1 1 1 1 1 1 1 1 1 1 1 1 1 1 1 1 1 1 1 1 1 1 1 1 1 1 1 1 1 1 1 1 1 1 1 1 1 1 1 1 1 1 1 1 1 1 1 1 1 1 1 1 1
I1024 04:20:30.502338 47759586194496 create_pretraining_data.py:161] segment_ids: 0 0 0 0 0 0 0 0 0 0 0 0 0 0 0 0 0 0 0 0 0 0 0 0 0 0 0 0 0 0 0 0 0 0 0 0 0 0 0 0 0 0 0 0 0 0 0 0 0 0 0 0 0 0 0 0 0 0 0 0 0 0 0 0 1 1 1 1 1 1 1 1 1 1 1 1 1 1 1 1 1 1 1 1 1 1 1 1 1 1 1 1 1 1 1 1 1 1 1 1 1 1 1 1 1 1 1 1 1 1 1 1 1 1 1 1 1 1 1 1 1 1 1 1 1 1 1 1
INFO:tensorflow:masked_lm_positions: 10 15 30 51 69 72 78 79 81 82 86 87 88 97 98 105 106 114 115 0
I1024 04:20:30.502430 47759586194496 create_pretraining_data.py:161] masked_lm_positions: 10 15 30 51 69 72 78 79 81 82 86 87 88 97 98 105 106 114 115 0
INFO:tensorflow:masked_lm_ids: 378 2563 4131 18 8 16 4580 1923 26150 1037 38 2487 15124 10927 1910 7112 2297 7118 1910 0
I1024 04:20:30.502519 47759586194496 create_pretraining_data.py:161] masked_lm_ids: 378 2563 4131 18 8 16 4580 1923 26150 1037 38 2487 15124 10927 1910 7112 2297 7118 1910 0
INFO:tensorflow:masked_lm_weights: 1.0 1.0 1.0 1.0 1.0 1.0 1.0 1.0 1.0 1.0 1.0 1.0 1.0 1.0 1.0 1.0 1.0 1.0 1.0 0.0
I1024 04:20:30.502610 47759586194496 create_pretraining_data.py:161] masked_lm_weights: 1.0 1.0 1.0 1.0 1.0 1.0 1.0 1.0 1.0 1.0 1.0 1.0 1.0 1.0 1.0 1.0 1.0 1.0 1.0 0.0
INFO:tensorflow:next_sentence_labels: 1
I1024 04:20:30.502692 47759586194496 create_pretraining_data.py:161] next_sentence_labels: 1
INFO:tensorflow:*** Example ***
I1024 04:20:30.503364 47759586194496 create_pretraining_data.py:149] *** Example ***
INFO:tensorflow:tokens: [CLS] [MASK] [MASK] كليب , عن أبيه قال : انتهي ##نا إلى [MASK] - رضي الله عنه - [MASK] عائشة , فقال : " خليل ##ة [MASK] الله - صلى الله عليه وسلم " – * وسأ ##ل رسول الله - [MASK] الله عليه وسلم [MASK] زينب بنت جح ##ش عن عائشة , فقالت : " أح ##مي سمعي وبص ##ري , ما ##أي [SEP] [MASK] بعض [MASK] من آل البيت - ممن ينس ##به ##م الشيعة لأن ##فسهم زور ##ا وبه ##تان ##ا - بنات ##هم [MASK] ##ائ [MASK] [MASK] كال ##كا ##ظم ، والرضا ، واله ##ادي . * قال لها [MASK] [MASK] بن حض ##ير : " جزاك [MASK] خيرا فوالله ما نزل بك أمر تكره ##ينه إلا جعل [MASK] [MASK] منه مخرجا وجعل [SEP]
I1024 04:20:30.503530 47759586194496 create_pretraining_data.py:151] tokens: [CLS] [MASK] [MASK] كليب , عن أبيه قال : انتهي ##نا إلى [MASK] - رضي الله عنه - [MASK] عائشة , فقال : " خليل ##ة [MASK] الله - صلى الله عليه وسلم " – * وسأ ##ل رسول الله - [MASK] الله عليه وسلم [MASK] زينب بنت جح ##ش عن عائشة , فقالت : " أح ##مي سمعي وبص ##ري , ما ##أي [SEP] [MASK] بعض [MASK] من آل البيت - ممن ينس ##به ##م الشيعة لأن ##فسهم زور ##ا وبه ##تان ##ا - بنات ##هم [MASK] ##ائ [MASK] [MASK] كال ##كا ##ظم ، والرضا ، واله ##ادي . * قال لها [MASK] [MASK] بن حض ##ير : " جزاك [MASK] خيرا فوالله ما نزل بك أمر تكره ##ينه إلا جعل [MASK] [MASK] منه مخرجا وجعل [SEP]
INFO:tensorflow:input_ids: 2 4 4 11590 16 1955 10081 2136 30 13777 1914 2045 4 17 4309 1953 2891 17 4 10775 16 3312 30 6 8859 1043 4 1953 17 2977 1953 2181 2565 6 616 14 18589 1010 3016 1953 17 4 1953 2181 2565 4 14626 3597 18045 1034 1955 10775 16 15107 30 6 3603 1960 24242 19773 1923 16 1972 5113 3 4 2346 4 1908 5172 4210 17 4663 9406 2204 1015 12618 3034 6415 24843 1007 8848 7383 1007 17 4476 1949 4 1965 4 4 3881 2308 2771 378 27435 378 5119 2501 18 14 2136 2553 4 4 2040 4572 1916 30 6 27906 4 5360 27994 1972 9872 2395 4319 12657 2960 2725 4835 4 4 2739 19728 10823 3
I1024 04:20:30.503695 47759586194496 create_pretraining_data.py:161] input_ids: 2 4 4 11590 16 1955 10081 2136 30 13777 1914 2045 4 17 4309 1953 2891 17 4 10775 16 3312 30 6 8859 1043 4 1953 17 2977 1953 2181 2565 6 616 14 18589 1010 3016 1953 17 4 1953 2181 2565 4 14626 3597 18045 1034 1955 10775 16 15107 30 6 3603 1960 24242 19773 1923 16 1972 5113 3 4 2346 4 1908 5172 4210 17 4663 9406 2204 1015 12618 3034 6415 24843 1007 8848 7383 1007 17 4476 1949 4 1965 4 4 3881 2308 2771 378 27435 378 5119 2501 18 14 2136 2553 4 4 2040 4572 1916 30 6 27906 4 5360 27994 1972 9872 2395 4319 12657 2960 2725 4835 4 4 2739 19728 10823 3
INFO:tensorflow:input_mask: 1 1 1 1 1 1 1 1 1 1 1 1 1 1 1 1 1 1 1 1 1 1 1 1 1 1 1 1 1 1 1 1 1 1 1 1 1 1 1 1 1 1 1 1 1 1 1 1 1 1 1 1 1 1 1 1 1 1 1 1 1 1 1 1 1 1 1 1 1 1 1 1 1 1 1 1 1 1 1 1 1 1 1 1 1 1 1 1 1 1 1 1 1 1 1 1 1 1 1 1 1 1 1 1 1 1 1 1 1 1 1 1 1 1 1 1 1 1 1 1 1 1 1 1 1 1 1 1
I1024 04:20:30.503826 47759586194496 create_pretraining_data.py:161] input_mask: 1 1 1 1 1 1 1 1 1 1 1 1 1 1 1 1 1 1 1 1 1 1 1 1 1 1 1 1 1 1 1 1 1 1 1 1 1 1 1 1 1 1 1 1 1 1 1 1 1 1 1 1 1 1 1 1 1 1 1 1 1 1 1 1 1 1 1 1 1 1 1 1 1 1 1 1 1 1 1 1 1 1 1 1 1 1 1 1 1 1 1 1 1 1 1 1 1 1 1 1 1 1 1 1 1 1 1 1 1 1 1 1 1 1 1 1 1 1 1 1 1 1 1 1 1 1 1 1
INFO:tensorflow:segment_ids: 0 0 0 0 0 0 0 0 0 0 0 0 0 0 0 0 0 0 0 0 0 0 0 0 0 0 0 0 0 0 0 0 0 0 0 0 0 0 0 0 0 0 0 0 0 0 0 0 0 0 0 0 0 0 0 0 0 0 0 0 0 0 0 0 0 1 1 1 1 1 1 1 1 1 1 1 1 1 1 1 1 1 1 1 1 1 1 1 1 1 1 1 1 1 1 1 1 1 1 1 1 1 1 1 1 1 1 1 1 1 1 1 1 1 1 1 1 1 1 1 1 1 1 1 1 1 1 1
I1024 04:20:30.503947 47759586194496 create_pretraining_data.py:161] segment_ids: 0 0 0 0 0 0 0 0 0 0 0 0 0 0 0 0 0 0 0 0 0 0 0 0 0 0 0 0 0 0 0 0 0 0 0 0 0 0 0 0 0 0 0 0 0 0 0 0 0 0 0 0 0 0 0 0 0 0 0 0 0 0 0 0 0 1 1 1 1 1 1 1 1 1 1 1 1 1 1 1 1 1 1 1 1 1 1 1 1 1 1 1 1 1 1 1 1 1 1 1 1 1 1 1 1 1 1 1 1 1 1 1 1 1 1 1 1 1 1 1 1 1 1 1 1 1 1 1
INFO:tensorflow:masked_lm_positions: 1 2 12 18 26 41 45 63 65 67 87 88 89 90 103 104 111 122 123 0
I1024 04:20:30.504039 47759586194496 create_pretraining_data.py:161] masked_lm_positions: 1 2 12 18 26 41 45 63 65 67 87 88 89 90 103 104 111 122 123 0
INFO:tensorflow:masked_lm_ids: 16825 2040 1958 19746 3016 2977 17 12173 1102 19309 2704 1965 3463 378 2476 1983 1953 1953 2278 0
I1024 04:20:30.504128 47759586194496 create_pretraining_data.py:161] masked_lm_ids: 16825 2040 1958 19746 3016 2977 17 12173 1102 19309 2704 1965 3463 378 2476 1983 1953 1953 2278 0
INFO:tensorflow:masked_lm_weights: 1.0 1.0 1.0 1.0 1.0 1.0 1.0 1.0 1.0 1.0 1.0 1.0 1.0 1.0 1.0 1.0 1.0 1.0 1.0 0.0
I1024 04:20:30.504220 47759586194496 create_pretraining_data.py:161] masked_lm_weights: 1.0 1.0 1.0 1.0 1.0 1.0 1.0 1.0 1.0 1.0 1.0 1.0 1.0 1.0 1.0 1.0 1.0 1.0 1.0 0.0
INFO:tensorflow:next_sentence_labels: 0
I1024 04:20:30.504309 47759586194496 create_pretraining_data.py:161] next_sentence_labels: 0
INFO:tensorflow:*** Example ***
I1024 04:20:30.504982 47759586194496 create_pretraining_data.py:149] *** Example ***
INFO:tensorflow:tokens: [CLS] فقد قي ##ضه الله تعالى لكي ينهي - ##طنوخ [MASK] الله - [MASK] [MASK] عص ##يبة تراكم ##ت فيها البدع والم ##ظا ##لم والج ##ها ##لة ، وان ##حر ##فت عق ##ائد كثير من المسلمين ، ولكي يبدأ عهد ##ا جديدا قوام ##ه عقيدة التوحيد الص ##افية ، وشر ##يع ##ة الإسلام الخالد ##ة [MASK] [MASK] ، لقد نصر [MASK] دعوة الإسلام [MASK] وسخر [MASK] [MASK] ووسائل [MASK] لتج ##ديد دعوة التوحيد ، وتطبيق أحكام الشريعة [MASK] وفي هذا الكتاب صفحات من حياته . [SEP] المواد المنشورة في [MASK] ويب طب ##ماذج [MASK] معلومات فقط ولا [MASK] اعتبار ##ها استشارة طبية أو توص ##ية علاج ##ية . يجب استشارة الطبيب في حال لم تختفي الأعراض . - اقرأ المزيد [SEP]
I1024 04:20:30.505142 47759586194496 create_pretraining_data.py:151] tokens: [CLS] فقد قي ##ضه الله تعالى لكي ينهي - ##طنوخ [MASK] الله - [MASK] [MASK] عص ##يبة تراكم ##ت فيها البدع والم ##ظا ##لم والج ##ها ##لة ، وان ##حر ##فت عق ##ائد كثير من المسلمين ، ولكي يبدأ عهد ##ا جديدا قوام ##ه عقيدة التوحيد الص ##افية ، وشر ##يع ##ة الإسلام الخالد ##ة [MASK] [MASK] ، لقد نصر [MASK] دعوة الإسلام [MASK] وسخر [MASK] [MASK] ووسائل [MASK] لتج ##ديد دعوة التوحيد ، وتطبيق أحكام الشريعة [MASK] وفي هذا الكتاب صفحات من حياته . [SEP] المواد المنشورة في [MASK] ويب طب ##ماذج [MASK] معلومات فقط ولا [MASK] اعتبار ##ها استشارة طبية أو توص ##ية علاج ##ية . يجب استشارة الطبيب في حال لم تختفي الأعراض . - اقرأ المزيد [SEP]
INFO:tensorflow:input_ids: 2 2901 9843 5003 1953 3658 5146 20843 17 18685 4 1953 17 4 4 4427 6130 20769 1005 2443 28135 2119 16162 1902 3057 1913 2035 378 2178 2468 2209 3054 3845 2886 1908 3524 378 28225 9880 6398 1007 9641 26505 1028 19834 10646 1996 5588 378 9853 2105 1043 4677 25559 1043 4 4 378 3863 5023 4 8470 4677 4 25183 4 4 20740 4 13615 2212 8470 10646 378 22733 9270 9528 4 2427 2085 4096 9881 1908 6542 18 3 4989 8752 1912 4 4840 3217 10495 4 4733 2574 2086 4 7722 1913 21952 8560 2075 8611 1910 4430 1910 18 3163 21952 8976 1912 2767 2043 25668 24527 18 17 11186 4714 3 0 0 0 0 0 0 0
I1024 04:20:30.505321 47759586194496 create_pretraining_data.py:161] input_ids: 2 2901 9843 5003 1953 3658 5146 20843 17 18685 4 1953 17 4 4 4427 6130 20769 1005 2443 28135 2119 16162 1902 3057 1913 2035 378 2178 2468 2209 3054 3845 2886 1908 3524 378 28225 9880 6398 1007 9641 26505 1028 19834 10646 1996 5588 378 9853 2105 1043 4677 25559 1043 4 4 378 3863 5023 4 8470 4677 4 25183 4 4 20740 4 13615 2212 8470 10646 378 22733 9270 9528 4 2427 2085 4096 9881 1908 6542 18 3 4989 8752 1912 4 4840 3217 10495 4 4733 2574 2086 4 7722 1913 21952 8560 2075 8611 1910 4430 1910 18 3163 21952 8976 1912 2767 2043 25668 24527 18 17 11186 4714 3 0 0 0 0 0 0 0
INFO:tensorflow:input_mask: 1 1 1 1 1 1 1 1 1 1 1 1 1 1 1 1 1 1 1 1 1 1 1 1 1 1 1 1 1 1 1 1 1 1 1 1 1 1 1 1 1 1 1 1 1 1 1 1 1 1 1 1 1 1 1 1 1 1 1 1 1 1 1 1 1 1 1 1 1 1 1 1 1 1 1 1 1 1 1 1 1 1 1 1 1 1 1 1 1 1 1 1 1 1 1 1 1 1 1 1 1 1 1 1 1 1 1 1 1 1 1 1 1 1 1 1 1 1 1 1 1 0 0 0 0 0 0 0
I1024 04:20:30.505452 47759586194496 create_pretraining_data.py:161] input_mask: 1 1 1 1 1 1 1 1 1 1 1 1 1 1 1 1 1 1 1 1 1 1 1 1 1 1 1 1 1 1 1 1 1 1 1 1 1 1 1 1 1 1 1 1 1 1 1 1 1 1 1 1 1 1 1 1 1 1 1 1 1 1 1 1 1 1 1 1 1 1 1 1 1 1 1 1 1 1 1 1 1 1 1 1 1 1 1 1 1 1 1 1 1 1 1 1 1 1 1 1 1 1 1 1 1 1 1 1 1 1 1 1 1 1 1 1 1 1 1 1 1 0 0 0 0 0 0 0
INFO:tensorflow:segment_ids: 0 0 0 0 0 0 0 0 0 0 0 0 0 0 0 0 0 0 0 0 0 0 0 0 0 0 0 0 0 0 0 0 0 0 0 0 0 0 0 0 0 0 0 0 0 0 0 0 0 0 0 0 0 0 0 0 0 0 0 0 0 0 0 0 0 0 0 0 0 0 0 0 0 0 0 0 0 0 0 0 0 0 0 0 0 0 1 1 1 1 1 1 1 1 1 1 1 1 1 1 1 1 1 1 1 1 1 1 1 1 1 1 1 1 1 1 1 1 1 1 1 0 0 0 0 0 0 0
I1024 04:20:30.505576 47759586194496 create_pretraining_data.py:161] segment_ids: 0 0 0 0 0 0 0 0 0 0 0 0 0 0 0 0 0 0 0 0 0 0 0 0 0 0 0 0 0 0 0 0 0 0 0 0 0 0 0 0 0 0 0 0 0 0 0 0 0 0 0 0 0 0 0 0 0 0 0 0 0 0 0 0 0 0 0 0 0 0 0 0 0 0 0 0 0 0 0 0 0 0 0 0 0 0 1 1 1 1 1 1 1 1 1 1 1 1 1 1 1 1 1 1 1 1 1 1 1 1 1 1 1 1 1 1 1 1 1 1 1 0 0 0 0 0 0 0
INFO:tensorflow:masked_lm_positions: 9 10 13 14 55 56 60 63 65 66 68 77 89 92 93 95 97 110 0 0
I1024 04:20:30.505667 47759586194496 create_pretraining_data.py:161] masked_lm_positions: 9 10 13 14 55 56 60 63 65 66 68 77 89 92 93 95 97 110 0 0
INFO:tensorflow:masked_lm_ids: 10566 4978 2576 2215 25314 1043 5218 378 5618 1028 10250 378 2867 2247 12728 2574 6318 8976 0 0
I1024 04:20:30.505769 47759586194496 create_pretraining_data.py:161] masked_lm_ids: 10566 4978 2576 2215 25314 1043 5218 378 5618 1028 10250 378 2867 2247 12728 2574 6318 8976 0 0
INFO:tensorflow:masked_lm_weights: 1.0 1.0 1.0 1.0 1.0 1.0 1.0 1.0 1.0 1.0 1.0 1.0 1.0 1.0 1.0 1.0 1.0 1.0 0.0 0.0
I1024 04:20:30.505860 47759586194496 create_pretraining_data.py:161] masked_lm_weights: 1.0 1.0 1.0 1.0 1.0 1.0 1.0 1.0 1.0 1.0 1.0 1.0 1.0 1.0 1.0 1.0 1.0 1.0 0.0 0.0
INFO:tensorflow:next_sentence_labels: 1
I1024 04:20:30.505943 47759586194496 create_pretraining_data.py:161] next_sentence_labels: 1
INFO:tensorflow:*** Example ***
I1024 04:20:30.506639 47759586194496 create_pretraining_data.py:149] *** Example ***
INFO:tensorflow:tokens: [CLS] رد ##ة فعل ولي العهد الأمير محمد بن سلمان حفظه الله [MASK] [MASK] خيب ##ة [MASK] بأ ##كمله ، كل هذا الدعم المعن ##وي والما ##دي للمنتخب وكل [MASK] التش ##جيع والحم ##اس وفي النهايه هذه النتيجه المعي ##به والمخ ##يبه للام ##آل ! [UNK] . p ##ic . t ##witter . com / 1 ##w ##C ##C ##f ##h ##3 ##d ##z ##f [SEP] سمو سيدي # ولي _ العهد الأمير # محمد _ بن _ [MASK] يوقع على الكرة التذك ##ارية [MASK] العالم 2018 لدى وصوله العاصمة الروسية # موسكو . p ##ic . [MASK] [MASK] . com / [MASK] التحدي [MASK] [MASK] [MASK] [MASK] [MASK] [MASK] [MASK] [SEP]
I1024 04:20:30.506803 47759586194496 create_pretraining_data.py:151] tokens: [CLS] رد ##ة فعل ولي العهد الأمير محمد بن سلمان حفظه الله [MASK] [MASK] خيب ##ة [MASK] بأ ##كمله ، كل هذا الدعم المعن ##وي والما ##دي للمنتخب وكل [MASK] التش ##جيع والحم ##اس وفي النهايه هذه النتيجه المعي ##به والمخ ##يبه للام ##آل ! [UNK] . p ##ic . t ##witter . com / 1 ##w ##C ##C ##f ##h ##3 ##d ##z ##f [SEP] سمو سيدي # ولي _ العهد الأمير # محمد _ بن _ [MASK] يوقع على الكرة التذك ##ارية [MASK] العالم 2018 لدى وصوله العاصمة الروسية # موسكو . p ##ic . [MASK] [MASK] . com / [MASK] التحدي [MASK] [MASK] [MASK] [MASK] [MASK] [MASK] [MASK] [SEP]
INFO:tensorflow:input_ids: 2 3535 1043 4695 2670 5286 3707 2202 2040 3856 9679 1953 4 4 28181 1043 4 2499 16374 378 2038 2085 4534 18849 1971 18486 1930 19824 3453 4 3363 7758 23252 2233 2427 12972 2159 16349 12293 2204 12454 3553 7792 26376 5 1 18 84 3443 18 88 16246 18 4154 19 21 1090 1084 1084 1086 1094 1076 1047 1118 1086 3 7833 7282 7 2670 67 5286 3707 7 2202 67 2040 67 4 18974 1961 6519 26787 2640 4 2337 2635 3912 19982 5525 7890 7 9876 18 84 3443 18 4 4 18 4154 19 4 15230 4 4 4 4 4 4 4 3 0 0 0 0 0 0 0 0 0 0 0 0 0 0 0 0
I1024 04:20:30.506950 47759586194496 create_pretraining_data.py:161] input_ids: 2 3535 1043 4695 2670 5286 3707 2202 2040 3856 9679 1953 4 4 28181 1043 4 2499 16374 378 2038 2085 4534 18849 1971 18486 1930 19824 3453 4 3363 7758 23252 2233 2427 12972 2159 16349 12293 2204 12454 3553 7792 26376 5 1 18 84 3443 18 88 16246 18 4154 19 21 1090 1084 1084 1086 1094 1076 1047 1118 1086 3 7833 7282 7 2670 67 5286 3707 7 2202 67 2040 67 4 18974 1961 6519 26787 2640 4 2337 2635 3912 19982 5525 7890 7 9876 18 84 3443 18 4 4 18 4154 19 4 15230 4 4 4 4 4 4 4 3 0 0 0 0 0 0 0 0 0 0 0 0 0 0 0 0
INFO:tensorflow:input_mask: 1 1 1 1 1 1 1 1 1 1 1 1 1 1 1 1 1 1 1 1 1 1 1 1 1 1 1 1 1 1 1 1 1 1 1 1 1 1 1 1 1 1 1 1 1 1 1 1 1 1 1 1 1 1 1 1 1 1 1 1 1 1 1 1 1 1 1 1 1 1 1 1 1 1 1 1 1 1 1 1 1 1 1 1 1 1 1 1 1 1 1 1 1 1 1 1 1 1 1 1 1 1 1 1 1 1 1 1 1 1 1 1 0 0 0 0 0 0 0 0 0 0 0 0 0 0 0 0
I1024 04:20:30.507079 47759586194496 create_pretraining_data.py:161] input_mask: 1 1 1 1 1 1 1 1 1 1 1 1 1 1 1 1 1 1 1 1 1 1 1 1 1 1 1 1 1 1 1 1 1 1 1 1 1 1 1 1 1 1 1 1 1 1 1 1 1 1 1 1 1 1 1 1 1 1 1 1 1 1 1 1 1 1 1 1 1 1 1 1 1 1 1 1 1 1 1 1 1 1 1 1 1 1 1 1 1 1 1 1 1 1 1 1 1 1 1 1 1 1 1 1 1 1 1 1 1 1 1 1 0 0 0 0 0 0 0 0 0 0 0 0 0 0 0 0
INFO:tensorflow:segment_ids: 0 0 0 0 0 0 0 0 0 0 0 0 0 0 0 0 0 0 0 0 0 0 0 0 0 0 0 0 0 0 0 0 0 0 0 0 0 0 0 0 0 0 0 0 0 0 0 0 0 0 0 0 0 0 0 0 0 0 0 0 0 0 0 0 0 0 1 1 1 1 1 1 1 1 1 1 1 1 1 1 1 1 1 1 1 1 1 1 1 1 1 1 1 1 1 1 1 1 1 1 1 1 1 1 1 1 1 1 1 1 1 1 0 0 0 0 0 0 0 0 0 0 0 0 0 0 0 0
I1024 04:20:30.507215 47759586194496 create_pretraining_data.py:161] segment_ids: 0 0 0 0 0 0 0 0 0 0 0 0 0 0 0 0 0 0 0 0 0 0 0 0 0 0 0 0 0 0 0 0 0 0 0 0 0 0 0 0 0 0 0 0 0 0 0 0 0 0 0 0 0 0 0 0 0 0 0 0 0 0 0 0 0 0 1 1 1 1 1 1 1 1 1 1 1 1 1 1 1 1 1 1 1 1 1 1 1 1 1 1 1 1 1 1 1 1 1 1 1 1 1 1 1 1 1 1 1 1 1 1 0 0 0 0 0 0 0 0 0 0 0 0 0 0 0 0
INFO:tensorflow:masked_lm_positions: 12 13 16 29 78 84 97 98 102 103 104 105 106 107 108 109 110 0 0 0
I1024 04:20:30.507317 47759586194496 create_pretraining_data.py:161] masked_lm_positions: 12 13 16 29 78 84 97 98 102 103 104 105 106 107 108 109 110 0 0 0
INFO:tensorflow:masked_lm_ids: 6627 2065 3086 2085 3856 22588 88 16246 90 1066 1072 1072 1118 1117 1090 28023 1075 0 0 0
I1024 04:20:30.507406 47759586194496 create_pretraining_data.py:161] masked_lm_ids: 6627 2065 3086 2085 3856 22588 88 16246 90 1066 1072 1072 1118 1117 1090 28023 1075 0 0 0
INFO:tensorflow:masked_lm_weights: 1.0 1.0 1.0 1.0 1.0 1.0 1.0 1.0 1.0 1.0 1.0 1.0 1.0 1.0 1.0 1.0 1.0 0.0 0.0 0.0
I1024 04:20:30.507497 47759586194496 create_pretraining_data.py:161] masked_lm_weights: 1.0 1.0 1.0 1.0 1.0 1.0 1.0 1.0 1.0 1.0 1.0 1.0 1.0 1.0 1.0 1.0 1.0 0.0 0.0 0.0
INFO:tensorflow:next_sentence_labels: 0
I1024 04:20:30.507579 47759586194496 create_pretraining_data.py:161] next_sentence_labels: 0
INFO:tensorflow:*** Example ***
I1024 04:20:30.508258 47759586194496 create_pretraining_data.py:149] *** Example ***
INFO:tensorflow:tokens: [CLS] إن طموح [MASK] وقود " الرا ##مي إلى رفع [MASK] تق ##طير الوظائف فيها إلى 50 % بحلول عام 2008 سيتي ##ح فرص [MASK] [MASK] لت ##وظيف القطري ##ين وتدريب ##هم في مختلف المجالات المرتبطة بتس ##ويق النفط ، وذلك ليكون ##وا جزءا من [MASK] النجاح في خطة الخمس سنوات للن ##مو [MASK] [MASK] محليا ودول ##يا . [SEP] وذكرت المنظمة أن عددا منهم دين وحكم على بعضهم ##اشه فترات [MASK] [MASK] 20 سنة . [SEP]
I1024 04:20:30.508404 47759586194496 create_pretraining_data.py:151] tokens: [CLS] إن طموح [MASK] وقود " الرا ##مي إلى رفع [MASK] تق ##طير الوظائف فيها إلى 50 % بحلول عام 2008 سيتي ##ح فرص [MASK] [MASK] لت ##وظيف القطري ##ين وتدريب ##هم في مختلف المجالات المرتبطة بتس ##ويق النفط ، وذلك ليكون ##وا جزءا من [MASK] النجاح في خطة الخمس سنوات للن ##مو [MASK] [MASK] محليا ودول ##يا . [SEP] وذكرت المنظمة أن عددا منهم دين وحكم على بعضهم ##اشه فترات [MASK] [MASK] 20 سنة . [SEP]
INFO:tensorflow:input_ids: 2 2259 19599 4 26538 6 2446 1960 2045 4391 4 2161 15691 8594 2443 2045 4616 9 15562 2268 6705 7952 1032 6647 4 4 2219 14345 10472 1911 29441 1949 1912 3264 8829 17827 8664 5247 5343 378 3133 9580 1928 10131 1908 4 6232 1912 7274 8899 3752 3484 2384 4 4 20903 16523 1937 18 3 11086 7784 1979 8236 3441 3365 17790 1961 6824 14909 18994 4 4 2056 3234 18 3 0 0 0 0 0 0 0 0 0 0 0 0 0 0 0 0 0 0 0 0 0 0 0 0 0 0 0 0 0 0 0 0 0 0 0 0 0 0 0 0 0 0 0 0 0 0 0 0 0 0 0
I1024 04:20:30.508548 47759586194496 create_pretraining_data.py:161] input_ids: 2 2259 19599 4 26538 6 2446 1960 2045 4391 4 2161 15691 8594 2443 2045 4616 9 15562 2268 6705 7952 1032 6647 4 4 2219 14345 10472 1911 29441 1949 1912 3264 8829 17827 8664 5247 5343 378 3133 9580 1928 10131 1908 4 6232 1912 7274 8899 3752 3484 2384 4 4 20903 16523 1937 18 3 11086 7784 1979 8236 3441 3365 17790 1961 6824 14909 18994 4 4 2056 3234 18 3 0 0 0 0 0 0 0 0 0 0 0 0 0 0 0 0 0 0 0 0 0 0 0 0 0 0 0 0 0 0 0 0 0 0 0 0 0 0 0 0 0 0 0 0 0 0 0 0 0 0 0
INFO:tensorflow:input_mask: 1 1 1 1 1 1 1 1 1 1 1 1 1 1 1 1 1 1 1 1 1 1 1 1 1 1 1 1 1 1 1 1 1 1 1 1 1 1 1 1 1 1 1 1 1 1 1 1 1 1 1 1 1 1 1 1 1 1 1 1 1 1 1 1 1 1 1 1 1 1 1 1 1 1 1 1 1 0 0 0 0 0 0 0 0 0 0 0 0 0 0 0 0 0 0 0 0 0 0 0 0 0 0 0 0 0 0 0 0 0 0 0 0 0 0 0 0 0 0 0 0 0 0 0 0 0 0 0
I1024 04:20:30.508690 47759586194496 create_pretraining_data.py:161] input_mask: 1 1 1 1 1 1 1 1 1 1 1 1 1 1 1 1 1 1 1 1 1 1 1 1 1 1 1 1 1 1 1 1 1 1 1 1 1 1 1 1 1 1 1 1 1 1 1 1 1 1 1 1 1 1 1 1 1 1 1 1 1 1 1 1 1 1 1 1 1 1 1 1 1 1 1 1 1 0 0 0 0 0 0 0 0 0 0 0 0 0 0 0 0 0 0 0 0 0 0 0 0 0 0 0 0 0 0 0 0 0 0 0 0 0 0 0 0 0 0 0 0 0 0 0 0 0 0 0
INFO:tensorflow:segment_ids: 0 0 0 0 0 0 0 0 0 0 0 0 0 0 0 0 0 0 0 0 0 0 0 0 0 0 0 0 0 0 0 0 0 0 0 0 0 0 0 0 0 0 0 0 0 0 0 0 0 0 0 0 0 0 0 0 0 0 0 0 1 1 1 1 1 1 1 1 1 1 1 1 1 1 1 1 1 0 0 0 0 0 0 0 0 0 0 0 0 0 0 0 0 0 0 0 0 0 0 0 0 0 0 0 0 0 0 0 0 0 0 0 0 0 0 0 0 0 0 0 0 0 0 0 0 0 0 0
I1024 04:20:30.508814 47759586194496 create_pretraining_data.py:161] segment_ids: 0 0 0 0 0 0 0 0 0 0 0 0 0 0 0 0 0 0 0 0 0 0 0 0 0 0 0 0 0 0 0 0 0 0 0 0 0 0 0 0 0 0 0 0 0 0 0 0 0 0 0 0 0 0 0 0 0 0 0 0 1 1 1 1 1 1 1 1 1 1 1 1 1 1 1 1 1 0 0 0 0 0 0 0 0 0 0 0 0 0 0 0 0 0 0 0 0 0 0 0 0 0 0 0 0 0 0 0 0 0 0 0 0 0 0 0 0 0 0 0 0 0 0 0 0 0 0 0
INFO:tensorflow:masked_lm_positions: 2 3 10 24 25 32 45 53 54 69 71 72 0 0 0 0 0 0 0 0
I1024 04:20:30.508905 47759586194496 create_pretraining_data.py:161] masked_lm_positions: 2 3 10 24 25 32 45 53 54 69 71 72 0 0 0 0 0 0 0 0
INFO:tensorflow:masked_lm_ids: 19599 6 5482 2979 6183 1912 10950 2211 6389 15536 5880 2045 0 0 0 0 0 0 0 0
I1024 04:20:30.508993 47759586194496 create_pretraining_data.py:161] masked_lm_ids: 19599 6 5482 2979 6183 1912 10950 2211 6389 15536 5880 2045 0 0 0 0 0 0 0 0
INFO:tensorflow:masked_lm_weights: 1.0 1.0 1.0 1.0 1.0 1.0 1.0 1.0 1.0 1.0 1.0 1.0 0.0 0.0 0.0 0.0 0.0 0.0 0.0 0.0
I1024 04:20:30.509083 47759586194496 create_pretraining_data.py:161] masked_lm_weights: 1.0 1.0 1.0 1.0 1.0 1.0 1.0 1.0 1.0 1.0 1.0 1.0 0.0 0.0 0.0 0.0 0.0 0.0 0.0 0.0
INFO:tensorflow:next_sentence_labels: 1
I1024 04:20:30.509165 47759586194496 create_pretraining_data.py:161] next_sentence_labels: 1
INFO:tensorflow:*** Example ***
I1024 04:20:30.509835 47759586194496 create_pretraining_data.py:149] *** Example ***
INFO:tensorflow:tokens: [CLS] ثم الرد ##اء [MASK] [MASK] ##ربون طويل [MASK] [MASK] حتى القدم ##ين ٠ ##٠ ولكنه لا يغ ##طى الوجه ولا يغ ##طى اليدين . " شهادة الصحافة والتلفزيون [MASK] ##الات الأنباء المصرية والعربية والعالمية [MASK] [MASK] العذراء بالز ##يتو ##ن ونشره ##ا [MASK] [MASK] وأخبار ##ه : [SEP] تنظيم " داعش " ، والذي أشرف على توجيه موقف واشنطن Ab " [MASK] ب [MASK] / بي كا كا " في الفترة الماضية . وكان تركيز ماك ##غور ##ك منصب ##ا على العمليات في العراق ، خلال الأعوام التي ظهر فيها " داعش " ، وهو [MASK] [MASK] الطريق في نفس [MASK] أمام انتشار التنظيم في سوريا [MASK] وفتح المجال أمام زيادة مستوى الدعم ل " ي ب ك / بي [MASK] كا " ، بذ ##ريعة [SEP]
I1024 04:20:30.510000 47759586194496 create_pretraining_data.py:151] tokens: [CLS] ثم الرد ##اء [MASK] [MASK] ##ربون طويل [MASK] [MASK] حتى القدم ##ين ٠ ##٠ ولكنه لا يغ ##طى الوجه ولا يغ ##طى اليدين . " شهادة الصحافة والتلفزيون [MASK] ##الات الأنباء المصرية والعربية والعالمية [MASK] [MASK] العذراء بالز ##يتو ##ن ونشره ##ا [MASK] [MASK] وأخبار ##ه : [SEP] تنظيم " داعش " ، والذي أشرف على توجيه موقف واشنطن Ab " [MASK] ب [MASK] / بي كا كا " في الفترة الماضية . وكان تركيز ماك ##غور ##ك منصب ##ا على العمليات في العراق ، خلال الأعوام التي ظهر فيها " داعش " ، وهو [MASK] [MASK] الطريق في نفس [MASK] أمام انتشار التنظيم في سوريا [MASK] وفتح المجال أمام زيادة مستوى الدعم ل " ي ب ك / بي [MASK] كا " ، بذ ##ريعة [SEP]
INFO:tensorflow:input_ids: 2 2371 5056 1954 4 4 10996 7516 4 4 2494 3961 1911 420 1067 7476 1963 3579 6950 6429 2086 3579 6950 20455 18 6 7090 7800 29009 4 3194 13272 4335 13987 10252 4 4 14730 10414 18593 1006 15357 1007 4 4 19323 1028 30 3 4791 6 4585 6 378 4262 14707 1961 8775 5321 6141 19546 6 4 388 4 19 2260 5807 5807 6 1912 5059 5385 18 2648 19053 9918 20962 1014 10362 1007 1961 8086 1912 2906 378 2317 25846 2061 4512 2443 6 4585 6 378 2400 4 4 4386 1912 2339 4 3500 9447 7869 1912 3379 4 13102 6337 3500 5348 4043 4534 411 6 417 388 410 19 2260 4 5807 6 378 5805 5520 3
I1024 04:20:30.510163 47759586194496 create_pretraining_data.py:161] input_ids: 2 2371 5056 1954 4 4 10996 7516 4 4 2494 3961 1911 420 1067 7476 1963 3579 6950 6429 2086 3579 6950 20455 18 6 7090 7800 29009 4 3194 13272 4335 13987 10252 4 4 14730 10414 18593 1006 15357 1007 4 4 19323 1028 30 3 4791 6 4585 6 378 4262 14707 1961 8775 5321 6141 19546 6 4 388 4 19 2260 5807 5807 6 1912 5059 5385 18 2648 19053 9918 20962 1014 10362 1007 1961 8086 1912 2906 378 2317 25846 2061 4512 2443 6 4585 6 378 2400 4 4 4386 1912 2339 4 3500 9447 7869 1912 3379 4 13102 6337 3500 5348 4043 4534 411 6 417 388 410 19 2260 4 5807 6 378 5805 5520 3
INFO:tensorflow:input_mask: 1 1 1 1 1 1 1 1 1 1 1 1 1 1 1 1 1 1 1 1 1 1 1 1 1 1 1 1 1 1 1 1 1 1 1 1 1 1 1 1 1 1 1 1 1 1 1 1 1 1 1 1 1 1 1 1 1 1 1 1 1 1 1 1 1 1 1 1 1 1 1 1 1 1 1 1 1 1 1 1 1 1 1 1 1 1 1 1 1 1 1 1 1 1 1 1 1 1 1 1 1 1 1 1 1 1 1 1 1 1 1 1 1 1 1 1 1 1 1 1 1 1 1 1 1 1 1 1
I1024 04:20:30.510301 47759586194496 create_pretraining_data.py:161] input_mask: 1 1 1 1 1 1 1 1 1 1 1 1 1 1 1 1 1 1 1 1 1 1 1 1 1 1 1 1 1 1 1 1 1 1 1 1 1 1 1 1 1 1 1 1 1 1 1 1 1 1 1 1 1 1 1 1 1 1 1 1 1 1 1 1 1 1 1 1 1 1 1 1 1 1 1 1 1 1 1 1 1 1 1 1 1 1 1 1 1 1 1 1 1 1 1 1 1 1 1 1 1 1 1 1 1 1 1 1 1 1 1 1 1 1 1 1 1 1 1 1 1 1 1 1 1 1 1 1
INFO:tensorflow:segment_ids: 0 0 0 0 0 0 0 0 0 0 0 0 0 0 0 0 0 0 0 0 0 0 0 0 0 0 0 0 0 0 0 0 0 0 0 0 0 0 0 0 0 0 0 0 0 0 0 0 0 1 1 1 1 1 1 1 1 1 1 1 1 1 1 1 1 1 1 1 1 1 1 1 1 1 1 1 1 1 1 1 1 1 1 1 1 1 1 1 1 1 1 1 1 1 1 1 1 1 1 1 1 1 1 1 1 1 1 1 1 1 1 1 1 1 1 1 1 1 1 1 1 1 1 1 1 1 1 1
I1024 04:20:30.510427 47759586194496 create_pretraining_data.py:161] segment_ids: 0 0 0 0 0 0 0 0 0 0 0 0 0 0 0 0 0 0 0 0 0 0 0 0 0 0 0 0 0 0 0 0 0 0 0 0 0 0 0 0 0 0 0 0 0 0 0 0 0 1 1 1 1 1 1 1 1 1 1 1 1 1 1 1 1 1 1 1 1 1 1 1 1 1 1 1 1 1 1 1 1 1 1 1 1 1 1 1 1 1 1 1 1 1 1 1 1 1 1 1 1 1 1 1 1 1 1 1 1 1 1 1 1 1 1 1 1 1 1 1 1 1 1 1 1 1 1 1
INFO:tensorflow:masked_lm_positions: 4 5 6 8 9 29 30 35 36 43 44 60 62 64 96 97 101 107 121 0
I1024 04:20:30.510518 47759586194496 create_pretraining_data.py:161] masked_lm_positions: 4 5 6 8 9 29 30 35 36 43 44 60 62 64 96 97 101 107 121 0
INFO:tensorflow:masked_lm_ids: 12036 3453 1028 22180 1913 24221 3194 411 18744 4110 2440 4782 417 410 2130 13796 3021 378 5807 0
I1024 04:20:30.510607 47759586194496 create_pretraining_data.py:161] masked_lm_ids: 12036 3453 1028 22180 1913 24221 3194 411 18744 4110 2440 4782 417 410 2130 13796 3021 378 5807 0
INFO:tensorflow:masked_lm_weights: 1.0 1.0 1.0 1.0 1.0 1.0 1.0 1.0 1.0 1.0 1.0 1.0 1.0 1.0 1.0 1.0 1.0 1.0 1.0 0.0
I1024 04:20:30.510698 47759586194496 create_pretraining_data.py:161] masked_lm_weights: 1.0 1.0 1.0 1.0 1.0 1.0 1.0 1.0 1.0 1.0 1.0 1.0 1.0 1.0 1.0 1.0 1.0 1.0 1.0 0.0
INFO:tensorflow:next_sentence_labels: 1
I1024 04:20:30.510778 47759586194496 create_pretraining_data.py:161] next_sentence_labels: 1
INFO:tensorflow:*** Example ***
I1024 04:20:30.511452 47759586194496 create_pretraining_data.py:149] *** Example ***
INFO:tensorflow:tokens: [CLS] https : [MASK] / www . youtube . [MASK] / [MASK] [MASK] ? [SEP] v = S ##SL ##V ##Y ##y ##v ##L ##5 ##U ##4 وحدات من الجيش العربي السوري داخل مطار [MASK] [MASK] والكل ##ية الجوية [SEP]
I1024 04:20:30.511584 47759586194496 create_pretraining_data.py:151] tokens: [CLS] https : [MASK] / www . youtube . [MASK] / [MASK] [MASK] ? [SEP] v = S ##SL ##V ##Y ##y ##v ##L ##5 ##U ##4 وحدات من الجيش العربي السوري داخل مطار [MASK] [MASK] والكل ##ية الجوية [SEP]
INFO:tensorflow:input_ids: 2 7949 30 4 19 10003 18 28715 18 4 19 4 4 35 3 90 33 55 14609 1128 1070 1026 1073 1061 1030 1088 1069 12969 1908 3375 2659 3766 3224 2639 4 4 20958 1910 7496 3 0 0 0 0 0 0 0 0 0 0 0 0 0 0 0 0 0 0 0 0 0 0 0 0 0 0 0 0 0 0 0 0 0 0 0 0 0 0 0 0 0 0 0 0 0 0 0 0 0 0 0 0 0 0 0 0 0 0 0 0 0 0 0 0 0 0 0 0 0 0 0 0 0 0 0 0 0 0 0 0 0 0 0 0 0 0 0 0
I1024 04:20:30.511745 47759586194496 create_pretraining_data.py:161] input_ids: 2 7949 30 4 19 10003 18 28715 18 4 19 4 4 35 3 90 33 55 14609 1128 1070 1026 1073 1061 1030 1088 1069 12969 1908 3375 2659 3766 3224 2639 4 4 20958 1910 7496 3 0 0 0 0 0 0 0 0 0 0 0 0 0 0 0 0 0 0 0 0 0 0 0 0 0 0 0 0 0 0 0 0 0 0 0 0 0 0 0 0 0 0 0 0 0 0 0 0 0 0 0 0 0 0 0 0 0 0 0 0 0 0 0 0 0 0 0 0 0 0 0 0 0 0 0 0 0 0 0 0 0 0 0 0 0 0 0 0
INFO:tensorflow:input_mask: 1 1 1 1 1 1 1 1 1 1 1 1 1 1 1 1 1 1 1 1 1 1 1 1 1 1 1 1 1 1 1 1 1 1 1 1 1 1 1 1 0 0 0 0 0 0 0 0 0 0 0 0 0 0 0 0 0 0 0 0 0 0 0 0 0 0 0 0 0 0 0 0 0 0 0 0 0 0 0 0 0 0 0 0 0 0 0 0 0 0 0 0 0 0 0 0 0 0 0 0 0 0 0 0 0 0 0 0 0 0 0 0 0 0 0 0 0 0 0 0 0 0 0 0 0 0 0 0
I1024 04:20:30.511872 47759586194496 create_pretraining_data.py:161] input_mask: 1 1 1 1 1 1 1 1 1 1 1 1 1 1 1 1 1 1 1 1 1 1 1 1 1 1 1 1 1 1 1 1 1 1 1 1 1 1 1 1 0 0 0 0 0 0 0 0 0 0 0 0 0 0 0 0 0 0 0 0 0 0 0 0 0 0 0 0 0 0 0 0 0 0 0 0 0 0 0 0 0 0 0 0 0 0 0 0 0 0 0 0 0 0 0 0 0 0 0 0 0 0 0 0 0 0 0 0 0 0 0 0 0 0 0 0 0 0 0 0 0 0 0 0 0 0 0 0
INFO:tensorflow:segment_ids: 0 0 0 0 0 0 0 0 0 0 0 0 0 0 0 1 1 1 1 1 1 1 1 1 1 1 1 1 1 1 1 1 1 1 1 1 1 1 1 1 0 0 0 0 0 0 0 0 0 0 0 0 0 0 0 0 0 0 0 0 0 0 0 0 0 0 0 0 0 0 0 0 0 0 0 0 0 0 0 0 0 0 0 0 0 0 0 0 0 0 0 0 0 0 0 0 0 0 0 0 0 0 0 0 0 0 0 0 0 0 0 0 0 0 0 0 0 0 0 0 0 0 0 0 0 0 0 0
I1024 04:20:30.511992 47759586194496 create_pretraining_data.py:161] segment_ids: 0 0 0 0 0 0 0 0 0 0 0 0 0 0 0 1 1 1 1 1 1 1 1 1 1 1 1 1 1 1 1 1 1 1 1 1 1 1 1 1 0 0 0 0 0 0 0 0 0 0 0 0 0 0 0 0 0 0 0 0 0 0 0 0 0 0 0 0 0 0 0 0 0 0 0 0 0 0 0 0 0 0 0 0 0 0 0 0 0 0 0 0 0 0 0 0 0 0 0 0 0 0 0 0 0 0 0 0 0 0 0 0 0 0 0 0 0 0 0 0 0 0 0 0 0 0 0 0
INFO:tensorflow:masked_lm_positions: 3 9 11 12 34 35 0 0 0 0 0 0 0 0 0 0 0 0 0 0
I1024 04:20:30.512083 47759586194496 create_pretraining_data.py:161] masked_lm_positions: 3 9 11 12 34 35 0 0 0 0 0 0 0 0 0 0 0 0 0 0
INFO:tensorflow:masked_lm_ids: 19 4154 91 26246 16346 2373 0 0 0 0 0 0 0 0 0 0 0 0 0 0
I1024 04:20:30.512171 47759586194496 create_pretraining_data.py:161] masked_lm_ids: 19 4154 91 26246 16346 2373 0 0 0 0 0 0 0 0 0 0 0 0 0 0
INFO:tensorflow:masked_lm_weights: 1.0 1.0 1.0 1.0 1.0 1.0 0.0 0.0 0.0 0.0 0.0 0.0 0.0 0.0 0.0 0.0 0.0 0.0 0.0 0.0
I1024 04:20:30.512270 47759586194496 create_pretraining_data.py:161] masked_lm_weights: 1.0 1.0 1.0 1.0 1.0 1.0 0.0 0.0 0.0 0.0 0.0 0.0 0.0 0.0 0.0 0.0 0.0 0.0 0.0 0.0
INFO:tensorflow:next_sentence_labels: 0
I1024 04:20:30.512352 47759586194496 create_pretraining_data.py:161] next_sentence_labels: 0
INFO:tensorflow:*** Example ***
I1024 04:20:30.513011 47759586194496 create_pretraining_data.py:149] *** Example ***
INFO:tensorflow:tokens: [CLS] القيمة والمق ##دمة من شركة سامسونج S ##AM ##S ##U ##NG [MASK] وسيلة للشركة الكورية الجنوبية ، لإ ##ثبات نجاح ##ها وعود ##تها من جديد بشكل [MASK] ، بعد فضيحة انفجار هاتف ##ها السابق النو ##ت 7 ، والتى [MASK] القناة على أرباح ##ها وسمع ##تها فى العام الماضى ، [MASK] إي ##ضا طريقة [MASK] [MASK] لإظهار الأم ##تنا ##ن لعمل ##ائها الأو [SEP] ##لقة 40 ##الح ##لقة [MASK] [MASK] [MASK] 38 ##الح ##لقة 37 ##الح ##لقة 36 ##الح ##لقة 35 ##الح ##لقة 34 ##الح ##لقة 33 ##الح ##لقة [MASK] ##الح [MASK] 31 ##الح ##لقة 30 ##الح ##لقة 29 ##الح ##لقة 28 ##الح ##لقة 27 ##الح ##لقة 26 ##الح ##لقة [MASK] [MASK] ##لقة 24 ##الح ##لقة 23 ##الح ##لقة [MASK] بالجزائر [MASK] 21 ##الح ##لقة 20 [SEP]
I1024 04:20:30.513174 47759586194496 create_pretraining_data.py:151] tokens: [CLS] القيمة والمق ##دمة من شركة سامسونج S ##AM ##S ##U ##NG [MASK] وسيلة للشركة الكورية الجنوبية ، لإ ##ثبات نجاح ##ها وعود ##تها من جديد بشكل [MASK] ، بعد فضيحة انفجار هاتف ##ها السابق النو ##ت 7 ، والتى [MASK] القناة على أرباح ##ها وسمع ##تها فى العام الماضى ، [MASK] إي ##ضا طريقة [MASK] [MASK] لإظهار الأم ##تنا ##ن لعمل ##ائها الأو [SEP] ##لقة 40 ##الح ##لقة [MASK] [MASK] [MASK] 38 ##الح ##لقة 37 ##الح ##لقة 36 ##الح ##لقة 35 ##الح ##لقة 34 ##الح ##لقة 33 ##الح ##لقة [MASK] ##الح [MASK] 31 ##الح ##لقة 30 ##الح ##لقة 29 ##الح ##لقة 28 ##الح ##لقة 27 ##الح ##لقة 26 ##الح ##لقة [MASK] [MASK] ##لقة 24 ##الح ##لقة 23 ##الح ##لقة [MASK] بالجزائر [MASK] 21 ##الح ##لقة 20 [SEP]
INFO:tensorflow:input_ids: 2 11257 22161 16845 1908 2753 12653 55 9867 1019 1088 20728 4 12735 17543 16185 6314 378 3028 17428 5700 1913 21014 2377 1908 3044 2969 4 378 2089 25558 12105 4900 1913 3905 6230 1005 27 378 9966 4 7226 1961 18576 1913 22700 2377 2230 2169 11884 378 4 4901 2319 5330 4 4 29629 2354 3359 1006 15205 6532 6941 3 2787 4986 2769 2787 4 4 4 7574 2769 2787 7414 2769 2787 6676 2769 2787 5932 2769 2787 7028 2769 2787 6897 2769 2787 4 2769 4 5623 2769 2787 3612 2769 2787 5064 2769 2787 4683 2769 2787 4672 2769 2787 4547 2769 2787 4 4 2787 3789 2769 2787 4287 2769 2787 4 25199 4 3960 2769 2787 2056 3
I1024 04:20:30.513345 47759586194496 create_pretraining_data.py:161] input_ids: 2 11257 22161 16845 1908 2753 12653 55 9867 1019 1088 20728 4 12735 17543 16185 6314 378 3028 17428 5700 1913 21014 2377 1908 3044 2969 4 378 2089 25558 12105 4900 1913 3905 6230 1005 27 378 9966 4 7226 1961 18576 1913 22700 2377 2230 2169 11884 378 4 4901 2319 5330 4 4 29629 2354 3359 1006 15205 6532 6941 3 2787 4986 2769 2787 4 4 4 7574 2769 2787 7414 2769 2787 6676 2769 2787 5932 2769 2787 7028 2769 2787 6897 2769 2787 4 2769 4 5623 2769 2787 3612 2769 2787 5064 2769 2787 4683 2769 2787 4672 2769 2787 4547 2769 2787 4 4 2787 3789 2769 2787 4287 2769 2787 4 25199 4 3960 2769 2787 2056 3
INFO:tensorflow:input_mask: 1 1 1 1 1 1 1 1 1 1 1 1 1 1 1 1 1 1 1 1 1 1 1 1 1 1 1 1 1 1 1 1 1 1 1 1 1 1 1 1 1 1 1 1 1 1 1 1 1 1 1 1 1 1 1 1 1 1 1 1 1 1 1 1 1 1 1 1 1 1 1 1 1 1 1 1 1 1 1 1 1 1 1 1 1 1 1 1 1 1 1 1 1 1 1 1 1 1 1 1 1 1 1 1 1 1 1 1 1 1 1 1 1 1 1 1 1 1 1 1 1 1 1 1 1 1 1 1
I1024 04:20:30.513475 47759586194496 create_pretraining_data.py:161] input_mask: 1 1 1 1 1 1 1 1 1 1 1 1 1 1 1 1 1 1 1 1 1 1 1 1 1 1 1 1 1 1 1 1 1 1 1 1 1 1 1 1 1 1 1 1 1 1 1 1 1 1 1 1 1 1 1 1 1 1 1 1 1 1 1 1 1 1 1 1 1 1 1 1 1 1 1 1 1 1 1 1 1 1 1 1 1 1 1 1 1 1 1 1 1 1 1 1 1 1 1 1 1 1 1 1 1 1 1 1 1 1 1 1 1 1 1 1 1 1 1 1 1 1 1 1 1 1 1 1
INFO:tensorflow:segment_ids: 0 0 0 0 0 0 0 0 0 0 0 0 0 0 0 0 0 0 0 0 0 0 0 0 0 0 0 0 0 0 0 0 0 0 0 0 0 0 0 0 0 0 0 0 0 0 0 0 0 0 0 0 0 0 0 0 0 0 0 0 0 0 0 0 0 1 1 1 1 1 1 1 1 1 1 1 1 1 1 1 1 1 1 1 1 1 1 1 1 1 1 1 1 1 1 1 1 1 1 1 1 1 1 1 1 1 1 1 1 1 1 1 1 1 1 1 1 1 1 1 1 1 1 1 1 1 1 1
I1024 04:20:30.513597 47759586194496 create_pretraining_data.py:161] segment_ids: 0 0 0 0 0 0 0 0 0 0 0 0 0 0 0 0 0 0 0 0 0 0 0 0 0 0 0 0 0 0 0 0 0 0 0 0 0 0 0 0 0 0 0 0 0 0 0 0 0 0 0 0 0 0 0 0 0 0 0 0 0 0 0 0 0 1 1 1 1 1 1 1 1 1 1 1 1 1 1 1 1 1 1 1 1 1 1 1 1 1 1 1 1 1 1 1 1 1 1 1 1 1 1 1 1 1 1 1 1 1 1 1 1 1 1 1 1 1 1 1 1 1 1 1 1 1 1 1
INFO:tensorflow:masked_lm_positions: 12 27 40 41 51 55 56 69 70 71 90 91 92 111 112 113 120 121 122 0
I1024 04:20:30.513689 47759586194496 create_pretraining_data.py:161] masked_lm_positions: 12 27 40 41 51 55 56 69 70 71 90 91 92 111 112 113 120 121 122 0
INFO:tensorflow:masked_lm_ids: 378 9962 8714 1005 17529 4572 2640 8308 2769 2787 6288 2769 2787 3525 2769 2787 4063 2769 2787 0
I1024 04:20:30.513790 47759586194496 create_pretraining_data.py:161] masked_lm_ids: 378 9962 8714 1005 17529 4572 2640 8308 2769 2787 6288 2769 2787 3525 2769 2787 4063 2769 2787 0
INFO:tensorflow:masked_lm_weights: 1.0 1.0 1.0 1.0 1.0 1.0 1.0 1.0 1.0 1.0 1.0 1.0 1.0 1.0 1.0 1.0 1.0 1.0 1.0 0.0
I1024 04:20:30.513880 47759586194496 create_pretraining_data.py:161] masked_lm_weights: 1.0 1.0 1.0 1.0 1.0 1.0 1.0 1.0 1.0 1.0 1.0 1.0 1.0 1.0 1.0 1.0 1.0 1.0 1.0 0.0
INFO:tensorflow:next_sentence_labels: 1
I1024 04:20:30.513962 47759586194496 create_pretraining_data.py:161] next_sentence_labels: 1
INFO:tensorflow:*** Example ***
I1024 04:20:30.514617 47759586194496 create_pretraining_data.py:149] *** Example ***
INFO:tensorflow:tokens: [CLS] الترتيب حسب عنوان الموضوع توقيت آخر مشاركة عدد المشاركات عدد الزيارات كاتب الموضوع [MASK] [MASK] [MASK] العرض تصاعد ##ي تنازل ##ي [SEP] من آخر يوم آخر يومين الأسبوع الماضي آخر 10 أيام آخر أسبوعين الشهر الماضي آخر 45 تشغيل [MASK] شهرين [MASK] 75 [MASK] آخر 100 [MASK] السنة الماضية البداية [SEP]
I1024 04:20:30.514753 47759586194496 create_pretraining_data.py:151] tokens: [CLS] الترتيب حسب عنوان الموضوع توقيت آخر مشاركة عدد المشاركات عدد الزيارات كاتب الموضوع [MASK] [MASK] [MASK] العرض تصاعد ##ي تنازل ##ي [SEP] من آخر يوم آخر يومين الأسبوع الماضي آخر 10 أيام آخر أسبوعين الشهر الماضي آخر 45 تشغيل [MASK] شهرين [MASK] 75 [MASK] آخر 100 [MASK] السنة الماضية البداية [SEP]
INFO:tensorflow:input_ids: 2 11608 3650 5101 3394 17581 2514 5021 2548 11251 2548 21445 5655 3394 4 4 4 6111 22126 1013 24573 1013 3 1908 2514 2232 2514 7001 5728 3274 2514 2667 4354 2514 10706 4614 3274 2514 5755 8537 4 9141 4 7094 4 2514 3869 4 3271 5385 7168 3 0 0 0 0 0 0 0 0 0 0 0 0 0 0 0 0 0 0 0 0 0 0 0 0 0 0 0 0 0 0 0 0 0 0 0 0 0 0 0 0 0 0 0 0 0 0 0 0 0 0 0 0 0 0 0 0 0 0 0 0 0 0 0 0 0 0 0 0 0 0 0 0 0 0 0 0
I1024 04:20:30.514898 47759586194496 create_pretraining_data.py:161] input_ids: 2 11608 3650 5101 3394 17581 2514 5021 2548 11251 2548 21445 5655 3394 4 4 4 6111 22126 1013 24573 1013 3 1908 2514 2232 2514 7001 5728 3274 2514 2667 4354 2514 10706 4614 3274 2514 5755 8537 4 9141 4 7094 4 2514 3869 4 3271 5385 7168 3 0 0 0 0 0 0 0 0 0 0 0 0 0 0 0 0 0 0 0 0 0 0 0 0 0 0 0 0 0 0 0 0 0 0 0 0 0 0 0 0 0 0 0 0 0 0 0 0 0 0 0 0 0 0 0 0 0 0 0 0 0 0 0 0 0 0 0 0 0 0 0 0 0 0 0 0
INFO:tensorflow:input_mask: 1 1 1 1 1 1 1 1 1 1 1 1 1 1 1 1 1 1 1 1 1 1 1 1 1 1 1 1 1 1 1 1 1 1 1 1 1 1 1 1 1 1 1 1 1 1 1 1 1 1 1 1 0 0 0 0 0 0 0 0 0 0 0 0 0 0 0 0 0 0 0 0 0 0 0 0 0 0 0 0 0 0 0 0 0 0 0 0 0 0 0 0 0 0 0 0 0 0 0 0 0 0 0 0 0 0 0 0 0 0 0 0 0 0 0 0 0 0 0 0 0 0 0 0 0 0 0 0
I1024 04:20:30.515023 47759586194496 create_pretraining_data.py:161] input_mask: 1 1 1 1 1 1 1 1 1 1 1 1 1 1 1 1 1 1 1 1 1 1 1 1 1 1 1 1 1 1 1 1 1 1 1 1 1 1 1 1 1 1 1 1 1 1 1 1 1 1 1 1 0 0 0 0 0 0 0 0 0 0 0 0 0 0 0 0 0 0 0 0 0 0 0 0 0 0 0 0 0 0 0 0 0 0 0 0 0 0 0 0 0 0 0 0 0 0 0 0 0 0 0 0 0 0 0 0 0 0 0 0 0 0 0 0 0 0 0 0 0 0 0 0 0 0 0 0
INFO:tensorflow:segment_ids: 0 0 0 0 0 0 0 0 0 0 0 0 0 0 0 0 0 0 0 0 0 0 0 1 1 1 1 1 1 1 1 1 1 1 1 1 1 1 1 1 1 1 1 1 1 1 1 1 1 1 1 1 0 0 0 0 0 0 0 0 0 0 0 0 0 0 0 0 0 0 0 0 0 0 0 0 0 0 0 0 0 0 0 0 0 0 0 0 0 0 0 0 0 0 0 0 0 0 0 0 0 0 0 0 0 0 0 0 0 0 0 0 0 0 0 0 0 0 0 0 0 0 0 0 0 0 0 0
I1024 04:20:30.515143 47759586194496 create_pretraining_data.py:161] segment_ids: 0 0 0 0 0 0 0 0 0 0 0 0 0 0 0 0 0 0 0 0 0 0 0 1 1 1 1 1 1 1 1 1 1 1 1 1 1 1 1 1 1 1 1 1 1 1 1 1 1 1 1 1 0 0 0 0 0 0 0 0 0 0 0 0 0 0 0 0 0 0 0 0 0 0 0 0 0 0 0 0 0 0 0 0 0 0 0 0 0 0 0 0 0 0 0 0 0 0 0 0 0 0 0 0 0 0 0 0 0 0 0 0 0 0 0 0 0 0 0 0 0 0 0 0 0 0 0 0
INFO:tensorflow:masked_lm_positions: 14 15 16 39 40 42 44 47 0 0 0 0 0 0 0 0 0 0 0 0
I1024 04:20:30.515256 47759586194496 create_pretraining_data.py:161] masked_lm_positions: 14 15 16 39 40 42 44 47 0 0 0 0 0 0 0 0 0 0 0 0
INFO:tensorflow:masked_lm_ids: 6988 3394 7796 2232 2514 2514 2232 2232 0 0 0 0 0 0 0 0 0 0 0 0
I1024 04:20:30.515348 47759586194496 create_pretraining_data.py:161] masked_lm_ids: 6988 3394 7796 2232 2514 2514 2232 2232 0 0 0 0 0 0 0 0 0 0 0 0
INFO:tensorflow:masked_lm_weights: 1.0 1.0 1.0 1.0 1.0 1.0 1.0 1.0 0.0 0.0 0.0 0.0 0.0 0.0 0.0 0.0 0.0 0.0 0.0 0.0
I1024 04:20:30.515438 47759586194496 create_pretraining_data.py:161] masked_lm_weights: 1.0 1.0 1.0 1.0 1.0 1.0 1.0 1.0 0.0 0.0 0.0 0.0 0.0 0.0 0.0 0.0 0.0 0.0 0.0 0.0
INFO:tensorflow:next_sentence_labels: 0
I1024 04:20:30.515521 47759586194496 create_pretraining_data.py:161] next_sentence_labels: 0
INFO:tensorflow:Wrote 6826478 total instances
I1024 05:04:24.669317 47759586194496 create_pretraining_data.py:166] Wrote 6826478 total instances
