Loading module 'all'
WARNING:tensorflow:From ../bert/create_pretraining_data.py:469: The name tf.app.run is deprecated. Please use tf.compat.v1.app.run instead.

WARNING:tensorflow:From ../bert/create_pretraining_data.py:437: The name tf.logging.set_verbosity is deprecated. Please use tf.compat.v1.logging.set_verbosity instead.

W1024 02:57:46.721152 47918998082624 module_wrapper.py:139] From ../bert/create_pretraining_data.py:437: The name tf.logging.set_verbosity is deprecated. Please use tf.compat.v1.logging.set_verbosity instead.

WARNING:tensorflow:From ../bert/create_pretraining_data.py:437: The name tf.logging.INFO is deprecated. Please use tf.compat.v1.logging.INFO instead.

W1024 02:57:46.721424 47918998082624 module_wrapper.py:139] From ../bert/create_pretraining_data.py:437: The name tf.logging.INFO is deprecated. Please use tf.compat.v1.logging.INFO instead.

WARNING:tensorflow:From /scratch/gi372/camel-mlm/bert/tokenization.py:125: The name tf.gfile.GFile is deprecated. Please use tf.io.gfile.GFile instead.

W1024 02:57:46.721675 47918998082624 module_wrapper.py:139] From /scratch/gi372/camel-mlm/bert/tokenization.py:125: The name tf.gfile.GFile is deprecated. Please use tf.io.gfile.GFile instead.

WARNING:tensorflow:From ../bert/create_pretraining_data.py:444: The name tf.gfile.Glob is deprecated. Please use tf.io.gfile.glob instead.

W1024 02:57:46.829050 47918998082624 module_wrapper.py:139] From ../bert/create_pretraining_data.py:444: The name tf.gfile.Glob is deprecated. Please use tf.io.gfile.glob instead.

WARNING:tensorflow:From ../bert/create_pretraining_data.py:446: The name tf.logging.info is deprecated. Please use tf.compat.v1.logging.info instead.

W1024 02:57:46.838018 47918998082624 module_wrapper.py:139] From ../bert/create_pretraining_data.py:446: The name tf.logging.info is deprecated. Please use tf.compat.v1.logging.info instead.

INFO:tensorflow:*** Reading from input files ***
I1024 02:57:46.838190 47918998082624 create_pretraining_data.py:446] *** Reading from input files ***
INFO:tensorflow:  ../corpora/shards/MSA-oscar-unshuffled.docs.shard.064.normalized.sents
I1024 02:57:46.838318 47918998082624 create_pretraining_data.py:448]   ../corpora/shards/MSA-oscar-unshuffled.docs.shard.064.normalized.sents
INFO:tensorflow:*** Writing to output files ***
I1024 04:26:39.361815 47918998082624 create_pretraining_data.py:457] *** Writing to output files ***
INFO:tensorflow:  ../corpora/tf_records/MSA-oscar-unshuffled.docs.shard.064.tf_record
I1024 04:26:39.396720 47918998082624 create_pretraining_data.py:459]   ../corpora/tf_records/MSA-oscar-unshuffled.docs.shard.064.tf_record
WARNING:tensorflow:From ../bert/create_pretraining_data.py:101: The name tf.python_io.TFRecordWriter is deprecated. Please use tf.io.TFRecordWriter instead.

W1024 04:26:39.419805 47918998082624 module_wrapper.py:139] From ../bert/create_pretraining_data.py:101: The name tf.python_io.TFRecordWriter is deprecated. Please use tf.io.TFRecordWriter instead.

INFO:tensorflow:*** Example ***
I1024 04:26:39.457238 47918998082624 create_pretraining_data.py:149] *** Example ***
INFO:tensorflow:tokens: [CLS] [MASK] . خدمة ##الد ##ارسين ##والب ##اح ##ثين ##فيش ##تى ##بق ##اعا ##لأ ##رض ##ب ##ماي ##وفر ##علي ##همال ##جهد ##وال ##وقت ##فيا ##لت ##صفح ##وال ##عرض ##والب ##حث ##بط ##ريقة ##عرض ##تت ##ناسب ##مع ##الم ##عا ##يير ##الع ##المي ##ة ##للم ##كتب ##ات . [SEP] هذه ##رامكو هي خدمة مقدمة من جامعة الملك سعود [MASK] لخدمة الباحثين وتوفير آلية للحصول على المخطوطات النادرة [MASK] سهلة [MASK] [MASK] [MASK] . استخدم البريد الإلكتروني حول بالجامعة وذلك [MASK] [MASK] [MASK] فور الموافقة [MASK] [MASK] مساهم ##تك . مثال ( You ##r ##E ##mail [MASK] k ##s ##u . [MASK] ##ماويات . sa ) [SEP]
I1024 04:26:39.458291 47918998082624 create_pretraining_data.py:151] tokens: [CLS] [MASK] . خدمة ##الد ##ارسين ##والب ##اح ##ثين ##فيش ##تى ##بق ##اعا ##لأ ##رض ##ب ##ماي ##وفر ##علي ##همال ##جهد ##وال ##وقت ##فيا ##لت ##صفح ##وال ##عرض ##والب ##حث ##بط ##ريقة ##عرض ##تت ##ناسب ##مع ##الم ##عا ##يير ##الع ##المي ##ة ##للم ##كتب ##ات . [SEP] هذه ##رامكو هي خدمة مقدمة من جامعة الملك سعود [MASK] لخدمة الباحثين وتوفير آلية للحصول على المخطوطات النادرة [MASK] سهلة [MASK] [MASK] [MASK] . استخدم البريد الإلكتروني حول بالجامعة وذلك [MASK] [MASK] [MASK] فور الموافقة [MASK] [MASK] مساهم ##تك . مثال ( You ##r ##E ##mail [MASK] k ##s ##u . [MASK] ##ماويات . sa ) [SEP]
INFO:tensorflow:input_ids: 2 4 18 4221 2880 24454 15180 2187 18611 8765 2415 10522 15489 1942 2080 1045 27679 5095 11056 19213 20831 2318 7436 9310 1919 7077 2318 4153 15180 3110 2463 3547 4153 24382 13591 2049 2100 2185 9577 7974 3196 1043 14391 2707 1904 18 3 2159 22476 2247 4221 9574 1908 4175 2676 4393 4 12668 15660 14521 13284 6608 1961 23557 19005 4 14244 4 4 4 18 9226 7111 5353 2528 20156 3133 4 4 4 6566 13740 4 4 21384 2348 18 12088 12 14892 1091 1072 14504 4 79 1092 1083 18 4 28691 18 24821 13 3 0 0 0 0 0 0 0 0 0 0 0 0 0 0 0 0 0 0 0 0 0 0 0 0
I1024 04:26:39.461654 47918998082624 create_pretraining_data.py:161] input_ids: 2 4 18 4221 2880 24454 15180 2187 18611 8765 2415 10522 15489 1942 2080 1045 27679 5095 11056 19213 20831 2318 7436 9310 1919 7077 2318 4153 15180 3110 2463 3547 4153 24382 13591 2049 2100 2185 9577 7974 3196 1043 14391 2707 1904 18 3 2159 22476 2247 4221 9574 1908 4175 2676 4393 4 12668 15660 14521 13284 6608 1961 23557 19005 4 14244 4 4 4 18 9226 7111 5353 2528 20156 3133 4 4 4 6566 13740 4 4 21384 2348 18 12088 12 14892 1091 1072 14504 4 79 1092 1083 18 4 28691 18 24821 13 3 0 0 0 0 0 0 0 0 0 0 0 0 0 0 0 0 0 0 0 0 0 0 0 0
INFO:tensorflow:input_mask: 1 1 1 1 1 1 1 1 1 1 1 1 1 1 1 1 1 1 1 1 1 1 1 1 1 1 1 1 1 1 1 1 1 1 1 1 1 1 1 1 1 1 1 1 1 1 1 1 1 1 1 1 1 1 1 1 1 1 1 1 1 1 1 1 1 1 1 1 1 1 1 1 1 1 1 1 1 1 1 1 1 1 1 1 1 1 1 1 1 1 1 1 1 1 1 1 1 1 1 1 1 1 1 1 0 0 0 0 0 0 0 0 0 0 0 0 0 0 0 0 0 0 0 0 0 0 0 0
I1024 04:26:39.461966 47918998082624 create_pretraining_data.py:161] input_mask: 1 1 1 1 1 1 1 1 1 1 1 1 1 1 1 1 1 1 1 1 1 1 1 1 1 1 1 1 1 1 1 1 1 1 1 1 1 1 1 1 1 1 1 1 1 1 1 1 1 1 1 1 1 1 1 1 1 1 1 1 1 1 1 1 1 1 1 1 1 1 1 1 1 1 1 1 1 1 1 1 1 1 1 1 1 1 1 1 1 1 1 1 1 1 1 1 1 1 1 1 1 1 1 1 0 0 0 0 0 0 0 0 0 0 0 0 0 0 0 0 0 0 0 0 0 0 0 0
INFO:tensorflow:segment_ids: 0 0 0 0 0 0 0 0 0 0 0 0 0 0 0 0 0 0 0 0 0 0 0 0 0 0 0 0 0 0 0 0 0 0 0 0 0 0 0 0 0 0 0 0 0 0 0 1 1 1 1 1 1 1 1 1 1 1 1 1 1 1 1 1 1 1 1 1 1 1 1 1 1 1 1 1 1 1 1 1 1 1 1 1 1 1 1 1 1 1 1 1 1 1 1 1 1 1 1 1 1 1 1 1 0 0 0 0 0 0 0 0 0 0 0 0 0 0 0 0 0 0 0 0 0 0 0 0
I1024 04:26:39.462240 47918998082624 create_pretraining_data.py:161] segment_ids: 0 0 0 0 0 0 0 0 0 0 0 0 0 0 0 0 0 0 0 0 0 0 0 0 0 0 0 0 0 0 0 0 0 0 0 0 0 0 0 0 0 0 0 0 0 0 0 1 1 1 1 1 1 1 1 1 1 1 1 1 1 1 1 1 1 1 1 1 1 1 1 1 1 1 1 1 1 1 1 1 1 1 1 1 1 1 1 1 1 1 1 1 1 1 1 1 1 1 1 1 1 1 1 1 0 0 0 0 0 0 0 0 0 0 0 0 0 0 0 0 0 0 0 0 0 0 0 0
INFO:tensorflow:masked_lm_positions: 1 48 56 65 67 68 69 74 77 78 79 82 83 93 98 99 0 0 0 0
I1024 04:26:39.462455 47918998082624 create_pretraining_data.py:161] masked_lm_positions: 1 48 56 65 67 68 69 74 77 78 79 82 83 93 98 99 0 0 0 0
INFO:tensorflow:masked_lm_ids: 23 23557 10702 7642 12665 2734 1043 3342 3028 24593 1014 1961 3449 36 25816 1083 0 0 0 0
I1024 04:26:39.462648 47918998082624 create_pretraining_data.py:161] masked_lm_ids: 23 23557 10702 7642 12665 2734 1043 3342 3028 24593 1014 1961 3449 36 25816 1083 0 0 0 0
INFO:tensorflow:masked_lm_weights: 1.0 1.0 1.0 1.0 1.0 1.0 1.0 1.0 1.0 1.0 1.0 1.0 1.0 1.0 1.0 1.0 0.0 0.0 0.0 0.0
I1024 04:26:39.464182 47918998082624 create_pretraining_data.py:161] masked_lm_weights: 1.0 1.0 1.0 1.0 1.0 1.0 1.0 1.0 1.0 1.0 1.0 1.0 1.0 1.0 1.0 1.0 0.0 0.0 0.0 0.0
INFO:tensorflow:next_sentence_labels: 1
I1024 04:26:39.464392 47918998082624 create_pretraining_data.py:161] next_sentence_labels: 1
INFO:tensorflow:*** Example ***
I1024 04:26:39.465631 47918998082624 create_pretraining_data.py:149] *** Example ***
INFO:tensorflow:tokens: [CLS] العهد السادس " مختصر " بسم الله الرحمن الرحيم وحق الله الذي لا اله الا هو العزيز العظيم الاعظم المثالية [MASK] الذي خلق السماوات والأرض هو الرحمن الرحيم اني لا أقرب كل [MASK] . . الخ ) [SEP] ##ون كول [MASK] [MASK] بي ##500 قدره كبيره على التق ##ريب البصري تصل الى [MASK] اكس و التك ##بير الى درجه تصل [MASK] 80 اكس وبالتالي يمكن تكبير التاسعة بسهوله تام ##ه بدون اي تغيير في [MASK] الصوره الكلمات المفت ##احية [MASK] سعر [MASK] نيك ##ون كول بيك ##س [MASK] [MASK] , البي كاميرا نيك ##ون كول بيك ##س بي ##500 [MASK] كاميرا نيك ##ون كول بيك ##س بي ##500 للبيع , [MASK] كاميرا نيك ##ون كول بيك ##س بي ##500 مبكرة مواصفات لعلي نيك ##ون كول بيك [SEP]
I1024 04:26:39.465947 47918998082624 create_pretraining_data.py:151] tokens: [CLS] العهد السادس " مختصر " بسم الله الرحمن الرحيم وحق الله الذي لا اله الا هو العزيز العظيم الاعظم المثالية [MASK] الذي خلق السماوات والأرض هو الرحمن الرحيم اني لا أقرب كل [MASK] . . الخ ) [SEP] ##ون كول [MASK] [MASK] بي ##500 قدره كبيره على التق ##ريب البصري تصل الى [MASK] اكس و التك ##بير الى درجه تصل [MASK] 80 اكس وبالتالي يمكن تكبير التاسعة بسهوله تام ##ه بدون اي تغيير في [MASK] الصوره الكلمات المفت ##احية [MASK] سعر [MASK] نيك ##ون كول بيك ##س [MASK] [MASK] , البي كاميرا نيك ##ون كول بيك ##س بي ##500 [MASK] كاميرا نيك ##ون كول بيك ##س بي ##500 للبيع , [MASK] كاميرا نيك ##ون كول بيك ##س بي ##500 مبكرة مواصفات لعلي نيك ##ون كول بيك [SEP]
INFO:tensorflow:input_ids: 2 5286 6400 6 21103 6 5197 1953 4289 7338 15077 1953 2130 1963 2090 1915 2139 5054 3049 25102 21232 4 2130 3222 11331 15220 2139 4289 7338 2694 1963 10273 2038 4 18 18 1995 13 3 1922 9260 4 4 2260 23327 10778 7670 1961 3152 2838 10983 5880 2186 4 7064 415 6573 2406 2186 8090 5880 4 7209 7064 7078 2490 21059 12338 23171 9449 1028 3279 2218 5426 1912 4 7184 6976 5285 20015 4 4584 4 5246 1922 9260 10054 1033 4 4 16 2801 18184 5246 1922 9260 10054 1033 2260 23327 4 18184 5246 1922 9260 10054 1033 2260 23327 4443 16 4 18184 5246 1922 9260 10054 1033 2260 23327 25309 22218 17602 5246 1922 9260 10054 3
I1024 04:26:39.466260 47918998082624 create_pretraining_data.py:161] input_ids: 2 5286 6400 6 21103 6 5197 1953 4289 7338 15077 1953 2130 1963 2090 1915 2139 5054 3049 25102 21232 4 2130 3222 11331 15220 2139 4289 7338 2694 1963 10273 2038 4 18 18 1995 13 3 1922 9260 4 4 2260 23327 10778 7670 1961 3152 2838 10983 5880 2186 4 7064 415 6573 2406 2186 8090 5880 4 7209 7064 7078 2490 21059 12338 23171 9449 1028 3279 2218 5426 1912 4 7184 6976 5285 20015 4 4584 4 5246 1922 9260 10054 1033 4 4 16 2801 18184 5246 1922 9260 10054 1033 2260 23327 4 18184 5246 1922 9260 10054 1033 2260 23327 4443 16 4 18184 5246 1922 9260 10054 1033 2260 23327 25309 22218 17602 5246 1922 9260 10054 3
INFO:tensorflow:input_mask: 1 1 1 1 1 1 1 1 1 1 1 1 1 1 1 1 1 1 1 1 1 1 1 1 1 1 1 1 1 1 1 1 1 1 1 1 1 1 1 1 1 1 1 1 1 1 1 1 1 1 1 1 1 1 1 1 1 1 1 1 1 1 1 1 1 1 1 1 1 1 1 1 1 1 1 1 1 1 1 1 1 1 1 1 1 1 1 1 1 1 1 1 1 1 1 1 1 1 1 1 1 1 1 1 1 1 1 1 1 1 1 1 1 1 1 1 1 1 1 1 1 1 1 1 1 1 1 1
I1024 04:26:39.466548 47918998082624 create_pretraining_data.py:161] input_mask: 1 1 1 1 1 1 1 1 1 1 1 1 1 1 1 1 1 1 1 1 1 1 1 1 1 1 1 1 1 1 1 1 1 1 1 1 1 1 1 1 1 1 1 1 1 1 1 1 1 1 1 1 1 1 1 1 1 1 1 1 1 1 1 1 1 1 1 1 1 1 1 1 1 1 1 1 1 1 1 1 1 1 1 1 1 1 1 1 1 1 1 1 1 1 1 1 1 1 1 1 1 1 1 1 1 1 1 1 1 1 1 1 1 1 1 1 1 1 1 1 1 1 1 1 1 1 1 1
INFO:tensorflow:segment_ids: 0 0 0 0 0 0 0 0 0 0 0 0 0 0 0 0 0 0 0 0 0 0 0 0 0 0 0 0 0 0 0 0 0 0 0 0 0 0 0 1 1 1 1 1 1 1 1 1 1 1 1 1 1 1 1 1 1 1 1 1 1 1 1 1 1 1 1 1 1 1 1 1 1 1 1 1 1 1 1 1 1 1 1 1 1 1 1 1 1 1 1 1 1 1 1 1 1 1 1 1 1 1 1 1 1 1 1 1 1 1 1 1 1 1 1 1 1 1 1 1 1 1 1 1 1 1 1 1
I1024 04:26:39.466839 47918998082624 create_pretraining_data.py:161] segment_ids: 0 0 0 0 0 0 0 0 0 0 0 0 0 0 0 0 0 0 0 0 0 0 0 0 0 0 0 0 0 0 0 0 0 0 0 0 0 0 0 1 1 1 1 1 1 1 1 1 1 1 1 1 1 1 1 1 1 1 1 1 1 1 1 1 1 1 1 1 1 1 1 1 1 1 1 1 1 1 1 1 1 1 1 1 1 1 1 1 1 1 1 1 1 1 1 1 1 1 1 1 1 1 1 1 1 1 1 1 1 1 1 1 1 1 1 1 1 1 1 1 1 1 1 1 1 1 1 1
INFO:tensorflow:masked_lm_positions: 20 21 33 35 41 42 53 61 67 75 80 82 88 89 91 100 111 120 122 0
I1024 04:26:39.467046 47918998082624 create_pretraining_data.py:161] masked_lm_positions: 20 21 33 35 41 42 53 61 67 75 80 82 88 89 91 100 111 120 122 0
INFO:tensorflow:masked_lm_ids: 4377 9769 18 18 10054 1033 4986 2186 3386 12062 30 18184 2260 23327 5493 16 20094 16 18184 0
I1024 04:26:39.467239 47918998082624 create_pretraining_data.py:161] masked_lm_ids: 4377 9769 18 18 10054 1033 4986 2186 3386 12062 30 18184 2260 23327 5493 16 20094 16 18184 0
INFO:tensorflow:masked_lm_weights: 1.0 1.0 1.0 1.0 1.0 1.0 1.0 1.0 1.0 1.0 1.0 1.0 1.0 1.0 1.0 1.0 1.0 1.0 1.0 0.0
I1024 04:26:39.467460 47918998082624 create_pretraining_data.py:161] masked_lm_weights: 1.0 1.0 1.0 1.0 1.0 1.0 1.0 1.0 1.0 1.0 1.0 1.0 1.0 1.0 1.0 1.0 1.0 1.0 1.0 0.0
INFO:tensorflow:next_sentence_labels: 1
I1024 04:26:39.467630 47918998082624 create_pretraining_data.py:161] next_sentence_labels: 1
INFO:tensorflow:*** Example ***
I1024 04:26:39.468492 47918998082624 create_pretraining_data.py:149] *** Example ***
INFO:tensorflow:tokens: [CLS] الأحد 11 نوفمبر 2018 04 : 15 صباحا [MASK] [MASK] [MASK] الاخبار حقيقة وفاة [MASK] فريدة [MASK] [MASK] . . [SEP] ربي [MASK] [MASK] بدايه خير وتوفي ##ق والحمدلله على كل حال . نشرت في 24 مايو ، 2015 [MASK] يونيو ، 2015 التصنيفات مما ##كتب , من أنا التجاوز من هنا وهناك ##ات ##رك تعليقا على البدايه ربي إج ##علها بداية خير وتوفي ##ق [SEP]
I1024 04:26:39.468697 47918998082624 create_pretraining_data.py:151] tokens: [CLS] الأحد 11 نوفمبر 2018 04 : 15 صباحا [MASK] [MASK] [MASK] الاخبار حقيقة وفاة [MASK] فريدة [MASK] [MASK] . . [SEP] ربي [MASK] [MASK] بدايه خير وتوفي ##ق والحمدلله على كل حال . نشرت في 24 مايو ، 2015 [MASK] يونيو ، 2015 التصنيفات مما ##كتب , من أنا التجاوز من هنا وهناك ##ات ##رك تعليقا على البدايه ربي إج ##علها بداية خير وتوفي ##ق [SEP]
INFO:tensorflow:input_ids: 2 5557 2780 3600 2635 6173 30 2986 6116 4 4 4 4927 7789 8819 4 21058 4 4 18 18 3 2949 4 4 6037 2631 16259 1011 13652 1961 2038 2767 18 10936 1912 3789 5542 378 3488 4 5331 378 3488 25317 3077 2707 16 1908 3897 28680 1908 2349 6254 1904 1985 29502 1961 14904 2949 8860 17262 4834 2631 16259 1011 3 0 0 0 0 0 0 0 0 0 0 0 0 0 0 0 0 0 0 0 0 0 0 0 0 0 0 0 0 0 0 0 0 0 0 0 0 0 0 0 0 0 0 0 0 0 0 0 0 0 0 0 0 0 0 0 0 0 0 0 0 0
I1024 04:26:39.468929 47918998082624 create_pretraining_data.py:161] input_ids: 2 5557 2780 3600 2635 6173 30 2986 6116 4 4 4 4927 7789 8819 4 21058 4 4 18 18 3 2949 4 4 6037 2631 16259 1011 13652 1961 2038 2767 18 10936 1912 3789 5542 378 3488 4 5331 378 3488 25317 3077 2707 16 1908 3897 28680 1908 2349 6254 1904 1985 29502 1961 14904 2949 8860 17262 4834 2631 16259 1011 3 0 0 0 0 0 0 0 0 0 0 0 0 0 0 0 0 0 0 0 0 0 0 0 0 0 0 0 0 0 0 0 0 0 0 0 0 0 0 0 0 0 0 0 0 0 0 0 0 0 0 0 0 0 0 0 0 0 0 0 0 0
INFO:tensorflow:input_mask: 1 1 1 1 1 1 1 1 1 1 1 1 1 1 1 1 1 1 1 1 1 1 1 1 1 1 1 1 1 1 1 1 1 1 1 1 1 1 1 1 1 1 1 1 1 1 1 1 1 1 1 1 1 1 1 1 1 1 1 1 1 1 1 1 1 1 1 0 0 0 0 0 0 0 0 0 0 0 0 0 0 0 0 0 0 0 0 0 0 0 0 0 0 0 0 0 0 0 0 0 0 0 0 0 0 0 0 0 0 0 0 0 0 0 0 0 0 0 0 0 0 0 0 0 0 0 0 0
I1024 04:26:39.469136 47918998082624 create_pretraining_data.py:161] input_mask: 1 1 1 1 1 1 1 1 1 1 1 1 1 1 1 1 1 1 1 1 1 1 1 1 1 1 1 1 1 1 1 1 1 1 1 1 1 1 1 1 1 1 1 1 1 1 1 1 1 1 1 1 1 1 1 1 1 1 1 1 1 1 1 1 1 1 1 0 0 0 0 0 0 0 0 0 0 0 0 0 0 0 0 0 0 0 0 0 0 0 0 0 0 0 0 0 0 0 0 0 0 0 0 0 0 0 0 0 0 0 0 0 0 0 0 0 0 0 0 0 0 0 0 0 0 0 0 0
INFO:tensorflow:segment_ids: 0 0 0 0 0 0 0 0 0 0 0 0 0 0 0 0 0 0 0 0 0 0 1 1 1 1 1 1 1 1 1 1 1 1 1 1 1 1 1 1 1 1 1 1 1 1 1 1 1 1 1 1 1 1 1 1 1 1 1 1 1 1 1 1 1 1 1 0 0 0 0 0 0 0 0 0 0 0 0 0 0 0 0 0 0 0 0 0 0 0 0 0 0 0 0 0 0 0 0 0 0 0 0 0 0 0 0 0 0 0 0 0 0 0 0 0 0 0 0 0 0 0 0 0 0 0 0 0
I1024 04:26:39.469361 47918998082624 create_pretraining_data.py:161] segment_ids: 0 0 0 0 0 0 0 0 0 0 0 0 0 0 0 0 0 0 0 0 0 0 1 1 1 1 1 1 1 1 1 1 1 1 1 1 1 1 1 1 1 1 1 1 1 1 1 1 1 1 1 1 1 1 1 1 1 1 1 1 1 1 1 1 1 1 1 0 0 0 0 0 0 0 0 0 0 0 0 0 0 0 0 0 0 0 0 0 0 0 0 0 0 0 0 0 0 0 0 0 0 0 0 0 0 0 0 0 0 0 0 0 0 0 0 0 0 0 0 0 0 0 0 0 0 0 0 0
INFO:tensorflow:masked_lm_positions: 9 10 11 15 17 18 23 24 40 50 0 0 0 0 0 0 0 0 0 0
I1024 04:26:39.469516 47918998082624 create_pretraining_data.py:161] masked_lm_positions: 9 10 11 15 17 18 23 24 40 50 0 0 0 0 0 0 0 0 0 0
INFO:tensorflow:masked_lm_ids: 10212 1071 10486 10709 12858 1017 8860 17262 3525 16 0 0 0 0 0 0 0 0 0 0
I1024 04:26:39.469663 47918998082624 create_pretraining_data.py:161] masked_lm_ids: 10212 1071 10486 10709 12858 1017 8860 17262 3525 16 0 0 0 0 0 0 0 0 0 0
INFO:tensorflow:masked_lm_weights: 1.0 1.0 1.0 1.0 1.0 1.0 1.0 1.0 1.0 1.0 0.0 0.0 0.0 0.0 0.0 0.0 0.0 0.0 0.0 0.0
I1024 04:26:39.469810 47918998082624 create_pretraining_data.py:161] masked_lm_weights: 1.0 1.0 1.0 1.0 1.0 1.0 1.0 1.0 1.0 1.0 0.0 0.0 0.0 0.0 0.0 0.0 0.0 0.0 0.0 0.0
INFO:tensorflow:next_sentence_labels: 1
I1024 04:26:39.469944 47918998082624 create_pretraining_data.py:161] next_sentence_labels: 1
INFO:tensorflow:*** Example ***
I1024 04:26:39.470835 47918998082624 create_pretraining_data.py:149] *** Example ***
INFO:tensorflow:tokens: [CLS] [MASK] فلاشات [MASK] وعود الكمبيوتر و [MASK] [MASK] [MASK] M ##oth ##er ##b ##o ##ard B ##IO ##S - [MASK] المهندسين العرب - www . m ##oh ##and ##se ##n [MASK] [MASK] [SEP] و زوار منتديات المهندسين العرب الكرام , , مشاهده القنوات الفضائي ##ه بدون كارت [MASK] للق ##وانين والمنت ##دى للغ ##رض التعليم ##ى فقط مواضيع المنتدى : قسم فلاشات باي ##وس الكمبيوتر و اللا ##ب توب M ##oth ##er ##b ##o ##ard B ##IO ##S أدوات المنتدى إب ##حث في هذا المنتدى مثبت : الف مبروك علي [MASK] الجديد الخاص لف ##لاشات باي ##وس الكمبيوتر M ##oth ##er ##b ##o ##ard [MASK] [MASK] [MASK] وكل الشكر الي الاداره [MASK] [MASK] 2 ) عنوان الموضوع المشاركة الأخيرة تاريخ بداية الموضوع عدد الردود عدد المشاهدات [SEP]
I1024 04:26:39.471069 47918998082624 create_pretraining_data.py:151] tokens: [CLS] [MASK] فلاشات [MASK] وعود الكمبيوتر و [MASK] [MASK] [MASK] M ##oth ##er ##b ##o ##ard B ##IO ##S - [MASK] المهندسين العرب - www . m ##oh ##and ##se ##n [MASK] [MASK] [SEP] و زوار منتديات المهندسين العرب الكرام , , مشاهده القنوات الفضائي ##ه بدون كارت [MASK] للق ##وانين والمنت ##دى للغ ##رض التعليم ##ى فقط مواضيع المنتدى : قسم فلاشات باي ##وس الكمبيوتر و اللا ##ب توب M ##oth ##er ##b ##o ##ard B ##IO ##S أدوات المنتدى إب ##حث في هذا المنتدى مثبت : الف مبروك علي [MASK] الجديد الخاص لف ##لاشات باي ##وس الكمبيوتر M ##oth ##er ##b ##o ##ard [MASK] [MASK] [MASK] وكل الشكر الي الاداره [MASK] [MASK] 2 ) عنوان الموضوع المشاركة الأخيرة تاريخ بداية الموضوع عدد الردود عدد المشاهدات [SEP]
INFO:tensorflow:input_ids: 2 4 10249 4 21014 3896 415 4 4 4 49 21579 2221 1060 1051 11636 38 25011 1019 17 4 8724 3157 17 10003 18 81 18193 11399 20440 1052 4 4 3 415 11598 3074 8724 3157 6055 16 16 11782 4601 15084 1028 3279 14639 4 3178 4953 7380 2012 4740 2080 3009 1102 2574 4483 2537 30 2122 10249 6729 2109 3896 415 3120 1045 9321 49 21579 2221 1060 1051 11636 38 25011 1019 11908 2537 4156 3110 1912 2085 2537 16679 30 1980 4447 1958 4 3421 3342 4488 24044 6729 2109 3896 49 21579 2221 1060 1051 11636 4 4 4 3453 7546 2002 10969 4 4 22 13 5101 3394 4878 4514 3173 4834 3394 2548 8650 2548 7084 3
I1024 04:26:39.471329 47918998082624 create_pretraining_data.py:161] input_ids: 2 4 10249 4 21014 3896 415 4 4 4 49 21579 2221 1060 1051 11636 38 25011 1019 17 4 8724 3157 17 10003 18 81 18193 11399 20440 1052 4 4 3 415 11598 3074 8724 3157 6055 16 16 11782 4601 15084 1028 3279 14639 4 3178 4953 7380 2012 4740 2080 3009 1102 2574 4483 2537 30 2122 10249 6729 2109 3896 415 3120 1045 9321 49 21579 2221 1060 1051 11636 38 25011 1019 11908 2537 4156 3110 1912 2085 2537 16679 30 1980 4447 1958 4 3421 3342 4488 24044 6729 2109 3896 49 21579 2221 1060 1051 11636 4 4 4 3453 7546 2002 10969 4 4 22 13 5101 3394 4878 4514 3173 4834 3394 2548 8650 2548 7084 3
INFO:tensorflow:input_mask: 1 1 1 1 1 1 1 1 1 1 1 1 1 1 1 1 1 1 1 1 1 1 1 1 1 1 1 1 1 1 1 1 1 1 1 1 1 1 1 1 1 1 1 1 1 1 1 1 1 1 1 1 1 1 1 1 1 1 1 1 1 1 1 1 1 1 1 1 1 1 1 1 1 1 1 1 1 1 1 1 1 1 1 1 1 1 1 1 1 1 1 1 1 1 1 1 1 1 1 1 1 1 1 1 1 1 1 1 1 1 1 1 1 1 1 1 1 1 1 1 1 1 1 1 1 1 1 1
I1024 04:26:39.471542 47918998082624 create_pretraining_data.py:161] input_mask: 1 1 1 1 1 1 1 1 1 1 1 1 1 1 1 1 1 1 1 1 1 1 1 1 1 1 1 1 1 1 1 1 1 1 1 1 1 1 1 1 1 1 1 1 1 1 1 1 1 1 1 1 1 1 1 1 1 1 1 1 1 1 1 1 1 1 1 1 1 1 1 1 1 1 1 1 1 1 1 1 1 1 1 1 1 1 1 1 1 1 1 1 1 1 1 1 1 1 1 1 1 1 1 1 1 1 1 1 1 1 1 1 1 1 1 1 1 1 1 1 1 1 1 1 1 1 1 1
INFO:tensorflow:segment_ids: 0 0 0 0 0 0 0 0 0 0 0 0 0 0 0 0 0 0 0 0 0 0 0 0 0 0 0 0 0 0 0 0 0 0 1 1 1 1 1 1 1 1 1 1 1 1 1 1 1 1 1 1 1 1 1 1 1 1 1 1 1 1 1 1 1 1 1 1 1 1 1 1 1 1 1 1 1 1 1 1 1 1 1 1 1 1 1 1 1 1 1 1 1 1 1 1 1 1 1 1 1 1 1 1 1 1 1 1 1 1 1 1 1 1 1 1 1 1 1 1 1 1 1 1 1 1 1 1
I1024 04:26:39.471737 47918998082624 create_pretraining_data.py:161] segment_ids: 0 0 0 0 0 0 0 0 0 0 0 0 0 0 0 0 0 0 0 0 0 0 0 0 0 0 0 0 0 0 0 0 0 0 1 1 1 1 1 1 1 1 1 1 1 1 1 1 1 1 1 1 1 1 1 1 1 1 1 1 1 1 1 1 1 1 1 1 1 1 1 1 1 1 1 1 1 1 1 1 1 1 1 1 1 1 1 1 1 1 1 1 1 1 1 1 1 1 1 1 1 1 1 1 1 1 1 1 1 1 1 1 1 1 1 1 1 1 1 1 1 1 1 1 1 1 1 1
INFO:tensorflow:masked_lm_positions: 1 3 4 7 8 9 20 31 32 38 48 62 91 105 106 107 112 113 122 0
I1024 04:26:39.471890 47918998082624 create_pretraining_data.py:161] masked_lm_positions: 1 3 4 7 8 9 20 31 32 38 48 62 91 105 106 107 112 113 122 0
INFO:tensorflow:masked_lm_ids: 2122 6729 2109 3120 1045 9321 3074 18 19720 3157 3743 10249 3438 38 25011 1019 12 21 3394 0
I1024 04:26:39.472036 47918998082624 create_pretraining_data.py:161] masked_lm_ids: 2122 6729 2109 3120 1045 9321 3074 18 19720 3157 3743 10249 3438 38 25011 1019 12 21 3394 0
INFO:tensorflow:masked_lm_weights: 1.0 1.0 1.0 1.0 1.0 1.0 1.0 1.0 1.0 1.0 1.0 1.0 1.0 1.0 1.0 1.0 1.0 1.0 1.0 0.0
I1024 04:26:39.472184 47918998082624 create_pretraining_data.py:161] masked_lm_weights: 1.0 1.0 1.0 1.0 1.0 1.0 1.0 1.0 1.0 1.0 1.0 1.0 1.0 1.0 1.0 1.0 1.0 1.0 1.0 0.0
INFO:tensorflow:next_sentence_labels: 0
I1024 04:26:39.472324 47918998082624 create_pretraining_data.py:161] next_sentence_labels: 0
INFO:tensorflow:*** Example ***
I1024 04:26:39.473193 47918998082624 create_pretraining_data.py:149] *** Example ***
INFO:tensorflow:tokens: [CLS] [MASK] [MASK] [MASK] از ويت ##امين . . . [SEP] المض ##افه | الضر [MASK] المت | منتدى الشهادات المهني ##ه | منتدى الشهادات العام | منتدى شهاده سى ام ووضع | [MASK] شهاده سى بى [MASK] | منتدى شهاده سى اف ايه | منتدى شهاده سى اى ايه | منتدى اخبار [MASK] [MASK] | منتدى الاخبار المحا ##سب ##يه والض ##ريبي ##ه | منتدى الاخبار الاقتصاديه المصريه والعالمي ##ه | منتدى المحام ##اه والقوانين والتش ##ريع ##ات | قسم الكتب والاب ##حاث القانوني ##ه [MASK] [MASK] الاقتصادى | منتدى الاقتصاد | منتدى الاقتصاد الاسلامى | المنتدى العام | [MASK] المواضيع العامه | منتدى الوظائف اليوميه | منتدى الح ##وكم ##ه | منتدى معايير المراجع ##ه المصريه والدول ##يه | منتدى اخبار البور [MASK] | [MASK] [SEP]
I1024 04:26:39.473480 47918998082624 create_pretraining_data.py:151] tokens: [CLS] [MASK] [MASK] [MASK] از ويت ##امين . . . [SEP] المض ##افه | الضر [MASK] المت | منتدى الشهادات المهني ##ه | منتدى الشهادات العام | منتدى شهاده سى ام ووضع | [MASK] شهاده سى بى [MASK] | منتدى شهاده سى اف ايه | منتدى شهاده سى اى ايه | منتدى اخبار [MASK] [MASK] | منتدى الاخبار المحا ##سب ##يه والض ##ريبي ##ه | منتدى الاخبار الاقتصاديه المصريه والعالمي ##ه | منتدى المحام ##اه والقوانين والتش ##ريع ##ات | قسم الكتب والاب ##حاث القانوني ##ه [MASK] [MASK] الاقتصادى | منتدى الاقتصاد | منتدى الاقتصاد الاسلامى | المنتدى العام | [MASK] المواضيع العامه | منتدى الوظائف اليوميه | منتدى الح ##وكم ##ه | منتدى معايير المراجع ##ه المصريه والدول ##يه | منتدى اخبار البور [MASK] | [MASK] [SEP]
INFO:tensorflow:input_ids: 2 4 4 4 3780 3398 4745 18 18 18 3 5745 4484 96 10138 4 2087 96 2069 18991 12485 1028 96 2069 18991 2169 96 2069 15181 27007 2112 9891 96 4 15181 27007 21744 4 96 2069 15181 27007 2668 4138 96 2069 15181 27007 10300 4138 96 2069 3300 4 4 96 2069 4927 5383 2024 1988 7353 16000 1028 96 2069 4927 27609 15166 28740 1028 96 2069 17774 2030 25060 11743 4749 1904 96 2122 5018 10236 17610 13029 1028 4 4 29587 96 2069 3804 96 2069 3804 14095 96 2537 2169 96 4 3642 6760 96 2069 8594 28009 96 2069 1944 16067 1028 96 2069 15156 25929 1028 15166 20098 1988 96 2069 3300 11768 4 96 4 3
I1024 04:26:39.473744 47918998082624 create_pretraining_data.py:161] input_ids: 2 4 4 4 3780 3398 4745 18 18 18 3 5745 4484 96 10138 4 2087 96 2069 18991 12485 1028 96 2069 18991 2169 96 2069 15181 27007 2112 9891 96 4 15181 27007 21744 4 96 2069 15181 27007 2668 4138 96 2069 15181 27007 10300 4138 96 2069 3300 4 4 96 2069 4927 5383 2024 1988 7353 16000 1028 96 2069 4927 27609 15166 28740 1028 96 2069 17774 2030 25060 11743 4749 1904 96 2122 5018 10236 17610 13029 1028 4 4 29587 96 2069 3804 96 2069 3804 14095 96 2537 2169 96 4 3642 6760 96 2069 8594 28009 96 2069 1944 16067 1028 96 2069 15156 25929 1028 15166 20098 1988 96 2069 3300 11768 4 96 4 3
INFO:tensorflow:input_mask: 1 1 1 1 1 1 1 1 1 1 1 1 1 1 1 1 1 1 1 1 1 1 1 1 1 1 1 1 1 1 1 1 1 1 1 1 1 1 1 1 1 1 1 1 1 1 1 1 1 1 1 1 1 1 1 1 1 1 1 1 1 1 1 1 1 1 1 1 1 1 1 1 1 1 1 1 1 1 1 1 1 1 1 1 1 1 1 1 1 1 1 1 1 1 1 1 1 1 1 1 1 1 1 1 1 1 1 1 1 1 1 1 1 1 1 1 1 1 1 1 1 1 1 1 1 1 1 1
I1024 04:26:39.473954 47918998082624 create_pretraining_data.py:161] input_mask: 1 1 1 1 1 1 1 1 1 1 1 1 1 1 1 1 1 1 1 1 1 1 1 1 1 1 1 1 1 1 1 1 1 1 1 1 1 1 1 1 1 1 1 1 1 1 1 1 1 1 1 1 1 1 1 1 1 1 1 1 1 1 1 1 1 1 1 1 1 1 1 1 1 1 1 1 1 1 1 1 1 1 1 1 1 1 1 1 1 1 1 1 1 1 1 1 1 1 1 1 1 1 1 1 1 1 1 1 1 1 1 1 1 1 1 1 1 1 1 1 1 1 1 1 1 1 1 1
INFO:tensorflow:segment_ids: 0 0 0 0 0 0 0 0 0 0 0 1 1 1 1 1 1 1 1 1 1 1 1 1 1 1 1 1 1 1 1 1 1 1 1 1 1 1 1 1 1 1 1 1 1 1 1 1 1 1 1 1 1 1 1 1 1 1 1 1 1 1 1 1 1 1 1 1 1 1 1 1 1 1 1 1 1 1 1 1 1 1 1 1 1 1 1 1 1 1 1 1 1 1 1 1 1 1 1 1 1 1 1 1 1 1 1 1 1 1 1 1 1 1 1 1 1 1 1 1 1 1 1 1 1 1 1 1
I1024 04:26:39.474152 47918998082624 create_pretraining_data.py:161] segment_ids: 0 0 0 0 0 0 0 0 0 0 0 1 1 1 1 1 1 1 1 1 1 1 1 1 1 1 1 1 1 1 1 1 1 1 1 1 1 1 1 1 1 1 1 1 1 1 1 1 1 1 1 1 1 1 1 1 1 1 1 1 1 1 1 1 1 1 1 1 1 1 1 1 1 1 1 1 1 1 1 1 1 1 1 1 1 1 1 1 1 1 1 1 1 1 1 1 1 1 1 1 1 1 1 1 1 1 1 1 1 1 1 1 1 1 1 1 1 1 1 1 1 1 1 1 1 1 1 1
INFO:tensorflow:masked_lm_positions: 1 2 3 14 15 16 26 31 33 37 53 54 86 87 100 104 123 124 126 0
I1024 04:26:39.474328 47918998082624 create_pretraining_data.py:161] masked_lm_positions: 1 2 3 14 15 16 26 31 33 37 53 54 86 87 100 104 123 124 126 0
INFO:tensorflow:masked_lm_ids: 3398 4745 41 10138 3553 29214 96 4138 2069 4138 25929 7667 96 2537 2069 2069 11768 4344 17 0
I1024 04:26:39.474477 47918998082624 create_pretraining_data.py:161] masked_lm_ids: 3398 4745 41 10138 3553 29214 96 4138 2069 4138 25929 7667 96 2537 2069 2069 11768 4344 17 0
INFO:tensorflow:masked_lm_weights: 1.0 1.0 1.0 1.0 1.0 1.0 1.0 1.0 1.0 1.0 1.0 1.0 1.0 1.0 1.0 1.0 1.0 1.0 1.0 0.0
I1024 04:26:39.474625 47918998082624 create_pretraining_data.py:161] masked_lm_weights: 1.0 1.0 1.0 1.0 1.0 1.0 1.0 1.0 1.0 1.0 1.0 1.0 1.0 1.0 1.0 1.0 1.0 1.0 1.0 0.0
INFO:tensorflow:next_sentence_labels: 1
I1024 04:26:39.474759 47918998082624 create_pretraining_data.py:161] next_sentence_labels: 1
INFO:tensorflow:*** Example ***
I1024 04:26:39.475620 47918998082624 create_pretraining_data.py:149] *** Example ***
INFO:tensorflow:tokens: [CLS] وفي [MASK] [MASK] صلى الله عليه وسلم ( أنه كان مف ##لج الأسنان ) ، وفي رواية : ( أف ##لج الأسنان ) ، وفي أخرى : ( أف ##لج الث ##نيت ##ين ) . [SEP] ##فلي ##ج ، كإ ##زم ##يل : ع ) [MASK] ( وف ##لج ##ة ) ، بالتس ##كين ( : [MASK] [MASK] مكة والب ##صرة [MASK] ، وقيل : هو [MASK] [MASK] [MASK] المتقدم ذكره . ( و ) في [MASK] : ( من يأت الحكم وحده يف ##لج يفيد . و [MASK] أف ##لج ##ه ) الله عليه فل ##جا وف ##لوج ##ا ##لاني ( أ ##ظف ##ره ) وغ ##لبه وفض ##له [MASK] ( و ) أف ##لج الله ( برهان ##ه [MASK] قومه [MASK] [MASK] [MASK] ) [SEP]
I1024 04:26:39.475854 47918998082624 create_pretraining_data.py:151] tokens: [CLS] وفي [MASK] [MASK] صلى الله عليه وسلم ( أنه كان مف ##لج الأسنان ) ، وفي رواية : ( أف ##لج الأسنان ) ، وفي أخرى : ( أف ##لج الث ##نيت ##ين ) . [SEP] ##فلي ##ج ، كإ ##زم ##يل : ع ) [MASK] ( وف ##لج ##ة ) ، بالتس ##كين ( : [MASK] [MASK] مكة والب ##صرة [MASK] ، وقيل : هو [MASK] [MASK] [MASK] المتقدم ذكره . ( و ) في [MASK] : ( من يأت الحكم وحده يف ##لج يفيد . و [MASK] أف ##لج ##ه ) الله عليه فل ##جا وف ##لوج ##ا ##لاني ( أ ##ظف ##ره ) وغ ##لبه وفض ##له [MASK] ( و ) أف ##لج الله ( برهان ##ه [MASK] قومه [MASK] [MASK] [MASK] ) [SEP]
INFO:tensorflow:input_ids: 2 2427 4 4 2977 1953 2181 2565 12 2590 2055 3430 1957 12573 13 378 2427 7892 30 12 3080 1957 12573 13 378 2427 3286 30 12 3080 1957 2084 6864 1911 13 18 3 19346 1041 378 23503 2741 2027 30 405 13 4 12 2390 1957 1043 13 378 26032 4659 12 30 4 4 7083 3460 7975 4 378 8055 30 2139 4 4 4 14974 7376 18 12 415 13 1912 4 30 12 1908 16812 4034 4435 3078 1957 13070 18 415 4 3080 1957 1028 13 1953 2181 18620 3327 2390 11651 1007 7751 12 383 4724 2197 13 3781 6027 15356 1917 4 12 415 13 3080 1957 1953 12 27959 1028 4 20736 4 4 4 13 3
I1024 04:26:39.476089 47918998082624 create_pretraining_data.py:161] input_ids: 2 2427 4 4 2977 1953 2181 2565 12 2590 2055 3430 1957 12573 13 378 2427 7892 30 12 3080 1957 12573 13 378 2427 3286 30 12 3080 1957 2084 6864 1911 13 18 3 19346 1041 378 23503 2741 2027 30 405 13 4 12 2390 1957 1043 13 378 26032 4659 12 30 4 4 7083 3460 7975 4 378 8055 30 2139 4 4 4 14974 7376 18 12 415 13 1912 4 30 12 1908 16812 4034 4435 3078 1957 13070 18 415 4 3080 1957 1028 13 1953 2181 18620 3327 2390 11651 1007 7751 12 383 4724 2197 13 3781 6027 15356 1917 4 12 415 13 3080 1957 1953 12 27959 1028 4 20736 4 4 4 13 3
INFO:tensorflow:input_mask: 1 1 1 1 1 1 1 1 1 1 1 1 1 1 1 1 1 1 1 1 1 1 1 1 1 1 1 1 1 1 1 1 1 1 1 1 1 1 1 1 1 1 1 1 1 1 1 1 1 1 1 1 1 1 1 1 1 1 1 1 1 1 1 1 1 1 1 1 1 1 1 1 1 1 1 1 1 1 1 1 1 1 1 1 1 1 1 1 1 1 1 1 1 1 1 1 1 1 1 1 1 1 1 1 1 1 1 1 1 1 1 1 1 1 1 1 1 1 1 1 1 1 1 1 1 1 1 1
I1024 04:26:39.476329 47918998082624 create_pretraining_data.py:161] input_mask: 1 1 1 1 1 1 1 1 1 1 1 1 1 1 1 1 1 1 1 1 1 1 1 1 1 1 1 1 1 1 1 1 1 1 1 1 1 1 1 1 1 1 1 1 1 1 1 1 1 1 1 1 1 1 1 1 1 1 1 1 1 1 1 1 1 1 1 1 1 1 1 1 1 1 1 1 1 1 1 1 1 1 1 1 1 1 1 1 1 1 1 1 1 1 1 1 1 1 1 1 1 1 1 1 1 1 1 1 1 1 1 1 1 1 1 1 1 1 1 1 1 1 1 1 1 1 1 1
INFO:tensorflow:segment_ids: 0 0 0 0 0 0 0 0 0 0 0 0 0 0 0 0 0 0 0 0 0 0 0 0 0 0 0 0 0 0 0 0 0 0 0 0 0 1 1 1 1 1 1 1 1 1 1 1 1 1 1 1 1 1 1 1 1 1 1 1 1 1 1 1 1 1 1 1 1 1 1 1 1 1 1 1 1 1 1 1 1 1 1 1 1 1 1 1 1 1 1 1 1 1 1 1 1 1 1 1 1 1 1 1 1 1 1 1 1 1 1 1 1 1 1 1 1 1 1 1 1 1 1 1 1 1 1 1
I1024 04:26:39.476538 47918998082624 create_pretraining_data.py:161] segment_ids: 0 0 0 0 0 0 0 0 0 0 0 0 0 0 0 0 0 0 0 0 0 0 0 0 0 0 0 0 0 0 0 0 0 0 0 0 0 1 1 1 1 1 1 1 1 1 1 1 1 1 1 1 1 1 1 1 1 1 1 1 1 1 1 1 1 1 1 1 1 1 1 1 1 1 1 1 1 1 1 1 1 1 1 1 1 1 1 1 1 1 1 1 1 1 1 1 1 1 1 1 1 1 1 1 1 1 1 1 1 1 1 1 1 1 1 1 1 1 1 1 1 1 1 1 1 1 1 1
INFO:tensorflow:masked_lm_positions: 2 3 22 46 57 58 62 67 68 69 77 86 89 101 111 121 123 124 125 0
I1024 04:26:39.476690 47918998082624 create_pretraining_data.py:161] masked_lm_positions: 2 3 22 46 57 58 62 67 68 69 77 86 89 101 111 121 123 124 125 0
INFO:tensorflow:masked_lm_ids: 3042 2076 12573 18 405 2117 13 28062 1041 378 14747 13 12 30 18 30 2073 3250 1028 0
I1024 04:26:39.476811 47918998082624 create_pretraining_data.py:161] masked_lm_ids: 3042 2076 12573 18 405 2117 13 28062 1041 378 14747 13 12 30 18 30 2073 3250 1028 0
INFO:tensorflow:masked_lm_weights: 1.0 1.0 1.0 1.0 1.0 1.0 1.0 1.0 1.0 1.0 1.0 1.0 1.0 1.0 1.0 1.0 1.0 1.0 1.0 0.0
I1024 04:26:39.476933 47918998082624 create_pretraining_data.py:161] masked_lm_weights: 1.0 1.0 1.0 1.0 1.0 1.0 1.0 1.0 1.0 1.0 1.0 1.0 1.0 1.0 1.0 1.0 1.0 1.0 1.0 0.0
INFO:tensorflow:next_sentence_labels: 0
I1024 04:26:39.477046 47918998082624 create_pretraining_data.py:161] next_sentence_labels: 0
INFO:tensorflow:*** Example ***
I1024 04:26:39.477734 47918998082624 create_pretraining_data.py:149] *** Example ***
INFO:tensorflow:tokens: [CLS] t ##witter . com / [MASK] / w ##eb / [MASK] [MASK] [MASK] / 1 . . . [SEP] ليست لديك صلاحية أو إمتيازات كافية [MASK] هذه الصفحة . [SEP]
I1024 04:26:39.477886 47918998082624 create_pretraining_data.py:151] tokens: [CLS] t ##witter . com / [MASK] / w ##eb / [MASK] [MASK] [MASK] / 1 . . . [SEP] ليست لديك صلاحية أو إمتيازات كافية [MASK] هذه الصفحة . [SEP]
INFO:tensorflow:input_ids: 2 88 16246 18 4154 19 4 19 91 7914 19 4 4 4 19 21 18 18 18 3 3721 6088 8637 2075 15095 9806 4 2159 4181 18 3 0 0 0 0 0 0 0 0 0 0 0 0 0 0 0 0 0 0 0 0 0 0 0 0 0 0 0 0 0 0 0 0 0 0 0 0 0 0 0 0 0 0 0 0 0 0 0 0 0 0 0 0 0 0 0 0 0 0 0 0 0 0 0 0 0 0 0 0 0 0 0 0 0 0 0 0 0 0 0 0 0 0 0 0 0 0 0 0 0 0 0 0 0 0 0 0 0
I1024 04:26:39.478060 47918998082624 create_pretraining_data.py:161] input_ids: 2 88 16246 18 4154 19 4 19 91 7914 19 4 4 4 19 21 18 18 18 3 3721 6088 8637 2075 15095 9806 4 2159 4181 18 3 0 0 0 0 0 0 0 0 0 0 0 0 0 0 0 0 0 0 0 0 0 0 0 0 0 0 0 0 0 0 0 0 0 0 0 0 0 0 0 0 0 0 0 0 0 0 0 0 0 0 0 0 0 0 0 0 0 0 0 0 0 0 0 0 0 0 0 0 0 0 0 0 0 0 0 0 0 0 0 0 0 0 0 0 0 0 0 0 0 0 0 0 0 0 0 0 0
INFO:tensorflow:input_mask: 1 1 1 1 1 1 1 1 1 1 1 1 1 1 1 1 1 1 1 1 1 1 1 1 1 1 1 1 1 1 1 0 0 0 0 0 0 0 0 0 0 0 0 0 0 0 0 0 0 0 0 0 0 0 0 0 0 0 0 0 0 0 0 0 0 0 0 0 0 0 0 0 0 0 0 0 0 0 0 0 0 0 0 0 0 0 0 0 0 0 0 0 0 0 0 0 0 0 0 0 0 0 0 0 0 0 0 0 0 0 0 0 0 0 0 0 0 0 0 0 0 0 0 0 0 0 0 0
I1024 04:26:39.478227 47918998082624 create_pretraining_data.py:161] input_mask: 1 1 1 1 1 1 1 1 1 1 1 1 1 1 1 1 1 1 1 1 1 1 1 1 1 1 1 1 1 1 1 0 0 0 0 0 0 0 0 0 0 0 0 0 0 0 0 0 0 0 0 0 0 0 0 0 0 0 0 0 0 0 0 0 0 0 0 0 0 0 0 0 0 0 0 0 0 0 0 0 0 0 0 0 0 0 0 0 0 0 0 0 0 0 0 0 0 0 0 0 0 0 0 0 0 0 0 0 0 0 0 0 0 0 0 0 0 0 0 0 0 0 0 0 0 0 0 0
INFO:tensorflow:segment_ids: 0 0 0 0 0 0 0 0 0 0 0 0 0 0 0 0 0 0 0 0 1 1 1 1 1 1 1 1 1 1 1 0 0 0 0 0 0 0 0 0 0 0 0 0 0 0 0 0 0 0 0 0 0 0 0 0 0 0 0 0 0 0 0 0 0 0 0 0 0 0 0 0 0 0 0 0 0 0 0 0 0 0 0 0 0 0 0 0 0 0 0 0 0 0 0 0 0 0 0 0 0 0 0 0 0 0 0 0 0 0 0 0 0 0 0 0 0 0 0 0 0 0 0 0 0 0 0 0
I1024 04:26:39.478410 47918998082624 create_pretraining_data.py:161] segment_ids: 0 0 0 0 0 0 0 0 0 0 0 0 0 0 0 0 0 0 0 0 1 1 1 1 1 1 1 1 1 1 1 0 0 0 0 0 0 0 0 0 0 0 0 0 0 0 0 0 0 0 0 0 0 0 0 0 0 0 0 0 0 0 0 0 0 0 0 0 0 0 0 0 0 0 0 0 0 0 0 0 0 0 0 0 0 0 0 0 0 0 0 0 0 0 0 0 0 0 0 0 0 0 0 0 0 0 0 0 0 0 0 0 0 0 0 0 0 0 0 0 0 0 0 0 0 0 0 0
INFO:tensorflow:masked_lm_positions: 6 11 12 13 26 0 0 0 0 0 0 0 0 0 0 0 0 0 0 0
I1024 04:26:39.478541 47918998082624 create_pretraining_data.py:161] masked_lm_positions: 6 11 12 13 26 0 0 0 0 0 0 0 0 0 0 0 0 0 0 0
INFO:tensorflow:masked_lm_ids: 77 10140 2530 6048 8394 0 0 0 0 0 0 0 0 0 0 0 0 0 0 0
I1024 04:26:39.478661 47918998082624 create_pretraining_data.py:161] masked_lm_ids: 77 10140 2530 6048 8394 0 0 0 0 0 0 0 0 0 0 0 0 0 0 0
INFO:tensorflow:masked_lm_weights: 1.0 1.0 1.0 1.0 1.0 0.0 0.0 0.0 0.0 0.0 0.0 0.0 0.0 0.0 0.0 0.0 0.0 0.0 0.0 0.0
I1024 04:26:39.478783 47918998082624 create_pretraining_data.py:161] masked_lm_weights: 1.0 1.0 1.0 1.0 1.0 0.0 0.0 0.0 0.0 0.0 0.0 0.0 0.0 0.0 0.0 0.0 0.0 0.0 0.0 0.0
INFO:tensorflow:next_sentence_labels: 1
I1024 04:26:39.478894 47918998082624 create_pretraining_data.py:161] next_sentence_labels: 1
INFO:tensorflow:*** Example ***
I1024 04:26:39.479670 47918998082624 create_pretraining_data.py:149] *** Example ***
INFO:tensorflow:tokens: [CLS] طيلة [MASK] يجر بن عبد القادر للمسا ##ء ##لة – K ##ech ##24 : Mar ##oc News – كش ##24 [MASK] جريدة إلكترونية مغربية سا ##ء ##ل فريق برلمان ##ي بمجلس [MASK] [MASK] [MASK] الوزير [MASK] بالو ##ظيفة العمومية وإ ##صلاح الإدارة محمد بن عبد القادر ، عن سبب الإ ##قدام على إعت ##ماد الساعة الإضاف ##ية طيلة السنة ، دون استطلاع رأي [SEP] : [MASK] : [MASK] لم ##لت ##قى الش ##لة [MASK] طريقة اخ ##فاء [MASK] ##يلات اصحاب ##ك [MASK] [MASK] اله ##وت ##ميل الأربعاء يونيو [MASK] , 2010 11 : 27 pm موضوع : رد : حصريا لم ##لت ##قى الش ##لة : طريقة اخ ##فاء ايم ##يلات اصحاب ##ك في [MASK] اله ##وت ##ميل الخميس يوليو [MASK] [MASK] 2010 [MASK] [MASK] 10 [SEP]
I1024 04:26:39.479887 47918998082624 create_pretraining_data.py:151] tokens: [CLS] طيلة [MASK] يجر بن عبد القادر للمسا ##ء ##لة – K ##ech ##24 : Mar ##oc News – كش ##24 [MASK] جريدة إلكترونية مغربية سا ##ء ##ل فريق برلمان ##ي بمجلس [MASK] [MASK] [MASK] الوزير [MASK] بالو ##ظيفة العمومية وإ ##صلاح الإدارة محمد بن عبد القادر ، عن سبب الإ ##قدام على إعت ##ماد الساعة الإضاف ##ية طيلة السنة ، دون استطلاع رأي [SEP] : [MASK] : [MASK] لم ##لت ##قى الش ##لة [MASK] طريقة اخ ##فاء [MASK] ##يلات اصحاب ##ك [MASK] [MASK] اله ##وت ##ميل الأربعاء يونيو [MASK] , 2010 11 : 27 pm موضوع : رد : حصريا لم ##لت ##قى الش ##لة : طريقة اخ ##فاء ايم ##يلات اصحاب ##ك في [MASK] اله ##وت ##ميل الخميس يوليو [MASK] [MASK] 2010 [MASK] [MASK] 10 [SEP]
INFO:tensorflow:input_ids: 2 19252 4 22338 2040 2195 11144 24171 1053 2035 616 47 9143 7197 30 26303 7250 16100 616 11527 7197 4 8999 17015 20905 3518 1053 1010 3559 21955 1013 15888 4 4 4 5581 4 19442 6586 9305 2358 6185 5070 2202 2040 2195 11144 378 1955 4364 2010 7011 1961 20607 4073 4578 27330 1910 19252 3271 378 2571 19183 6907 3 30 4 30 4 2043 1919 2777 1966 2035 4 5330 2269 3254 4 9303 5883 1014 4 4 2090 2054 2407 5318 5331 4 16 5190 2780 30 4672 10361 4030 30 3535 30 10943 2043 1919 2777 1966 2035 30 5330 2269 3254 12962 9303 5883 1014 1912 4 2090 2054 2407 3891 5457 4 4 5190 4 4 2667 3
I1024 04:26:39.480084 47918998082624 create_pretraining_data.py:161] input_ids: 2 19252 4 22338 2040 2195 11144 24171 1053 2035 616 47 9143 7197 30 26303 7250 16100 616 11527 7197 4 8999 17015 20905 3518 1053 1010 3559 21955 1013 15888 4 4 4 5581 4 19442 6586 9305 2358 6185 5070 2202 2040 2195 11144 378 1955 4364 2010 7011 1961 20607 4073 4578 27330 1910 19252 3271 378 2571 19183 6907 3 30 4 30 4 2043 1919 2777 1966 2035 4 5330 2269 3254 4 9303 5883 1014 4 4 2090 2054 2407 5318 5331 4 16 5190 2780 30 4672 10361 4030 30 3535 30 10943 2043 1919 2777 1966 2035 30 5330 2269 3254 12962 9303 5883 1014 1912 4 2090 2054 2407 3891 5457 4 4 5190 4 4 2667 3
INFO:tensorflow:input_mask: 1 1 1 1 1 1 1 1 1 1 1 1 1 1 1 1 1 1 1 1 1 1 1 1 1 1 1 1 1 1 1 1 1 1 1 1 1 1 1 1 1 1 1 1 1 1 1 1 1 1 1 1 1 1 1 1 1 1 1 1 1 1 1 1 1 1 1 1 1 1 1 1 1 1 1 1 1 1 1 1 1 1 1 1 1 1 1 1 1 1 1 1 1 1 1 1 1 1 1 1 1 1 1 1 1 1 1 1 1 1 1 1 1 1 1 1 1 1 1 1 1 1 1 1 1 1 1 1
I1024 04:26:39.480272 47918998082624 create_pretraining_data.py:161] input_mask: 1 1 1 1 1 1 1 1 1 1 1 1 1 1 1 1 1 1 1 1 1 1 1 1 1 1 1 1 1 1 1 1 1 1 1 1 1 1 1 1 1 1 1 1 1 1 1 1 1 1 1 1 1 1 1 1 1 1 1 1 1 1 1 1 1 1 1 1 1 1 1 1 1 1 1 1 1 1 1 1 1 1 1 1 1 1 1 1 1 1 1 1 1 1 1 1 1 1 1 1 1 1 1 1 1 1 1 1 1 1 1 1 1 1 1 1 1 1 1 1 1 1 1 1 1 1 1 1
INFO:tensorflow:segment_ids: 0 0 0 0 0 0 0 0 0 0 0 0 0 0 0 0 0 0 0 0 0 0 0 0 0 0 0 0 0 0 0 0 0 0 0 0 0 0 0 0 0 0 0 0 0 0 0 0 0 0 0 0 0 0 0 0 0 0 0 0 0 0 0 0 0 1 1 1 1 1 1 1 1 1 1 1 1 1 1 1 1 1 1 1 1 1 1 1 1 1 1 1 1 1 1 1 1 1 1 1 1 1 1 1 1 1 1 1 1 1 1 1 1 1 1 1 1 1 1 1 1 1 1 1 1 1 1 1
I1024 04:26:39.480444 47918998082624 create_pretraining_data.py:161] segment_ids: 0 0 0 0 0 0 0 0 0 0 0 0 0 0 0 0 0 0 0 0 0 0 0 0 0 0 0 0 0 0 0 0 0 0 0 0 0 0 0 0 0 0 0 0 0 0 0 0 0 0 0 0 0 0 0 0 0 0 0 0 0 0 0 0 0 1 1 1 1 1 1 1 1 1 1 1 1 1 1 1 1 1 1 1 1 1 1 1 1 1 1 1 1 1 1 1 1 1 1 1 1 1 1 1 1 1 1 1 1 1 1 1 1 1 1 1 1 1 1 1 1 1 1 1 1 1 1 1
INFO:tensorflow:masked_lm_positions: 2 21 32 33 34 36 66 68 74 78 79 82 83 89 115 121 122 124 125 0
I1024 04:26:39.480570 47918998082624 create_pretraining_data.py:161] masked_lm_positions: 2 21 32 33 34 36 66 68 74 78 79 82 83 89 115 121 122 124 125 0
INFO:tensorflow:masked_lm_ids: 3271 30 9043 1911 378 10390 3535 10943 30 12962 9303 1912 7036 3612 7036 5479 16 22 30 0
I1024 04:26:39.480691 47918998082624 create_pretraining_data.py:161] masked_lm_ids: 3271 30 9043 1911 378 10390 3535 10943 30 12962 9303 1912 7036 3612 7036 5479 16 22 30 0
INFO:tensorflow:masked_lm_weights: 1.0 1.0 1.0 1.0 1.0 1.0 1.0 1.0 1.0 1.0 1.0 1.0 1.0 1.0 1.0 1.0 1.0 1.0 1.0 0.0
I1024 04:26:39.480813 47918998082624 create_pretraining_data.py:161] masked_lm_weights: 1.0 1.0 1.0 1.0 1.0 1.0 1.0 1.0 1.0 1.0 1.0 1.0 1.0 1.0 1.0 1.0 1.0 1.0 1.0 0.0
INFO:tensorflow:next_sentence_labels: 1
I1024 04:26:39.480925 47918998082624 create_pretraining_data.py:161] next_sentence_labels: 1
INFO:tensorflow:*** Example ***
I1024 04:26:39.481664 47918998082624 create_pretraining_data.py:149] *** Example ***
INFO:tensorflow:tokens: [CLS] في منطقة المرج - البقاع الغربي يبيع الأدوية [MASK] من دون رخصة أو مس ##وغ قانوني ، وتمت مصادر ##ة الأدوية وإجراء المقت ##ضى القانوني بحق المخالفين . 18 : تبتعد [MASK] بلدية [MASK] الأحمد عيت ##اني [MASK] ما حصل اليوم من فيض ##انات مرف ##وض وسن ##حاسب من تعد ##ى على أمل ##اك بلدية بيروت وسن ##ت ##خذ الاجراءات كافة لوضع المتعه [SEP] لا [MASK] [MASK] يتم [MASK] ##ه عبر وسائل والقواعد الاجتماعي ولا سيما عبر تطبيق " واتساب " حول صدور نتائج التط ##وع بصفة [MASK] [MASK] ورق ##يب [MASK] ##ن 17 [MASK] 45 ##مار ##وني : في زمن المصالح ##ات نرحب بخط ##وات ايجابية من مير ##يام سكا ##ف [MASK] [MASK] ايجابي ##ين مع اي خطوة لما فيه خير زحلة وخير لبنان ، [SEP]
I1024 04:26:39.481858 47918998082624 create_pretraining_data.py:151] tokens: [CLS] في منطقة المرج - البقاع الغربي يبيع الأدوية [MASK] من دون رخصة أو مس ##وغ قانوني ، وتمت مصادر ##ة الأدوية وإجراء المقت ##ضى القانوني بحق المخالفين . 18 : تبتعد [MASK] بلدية [MASK] الأحمد عيت ##اني [MASK] ما حصل اليوم من فيض ##انات مرف ##وض وسن ##حاسب من تعد ##ى على أمل ##اك بلدية بيروت وسن ##ت ##خذ الاجراءات كافة لوضع المتعه [SEP] لا [MASK] [MASK] يتم [MASK] ##ه عبر وسائل والقواعد الاجتماعي ولا سيما عبر تطبيق " واتساب " حول صدور نتائج التط ##وع بصفة [MASK] [MASK] ورق ##يب [MASK] ##ن 17 [MASK] 45 ##مار ##وني : في زمن المصالح ##ات نرحب بخط ##وات ايجابية من مير ##يام سكا ##ف [MASK] [MASK] ايجابي ##ين مع اي خطوة لما فيه خير زحلة وخير لبنان ، [SEP]
INFO:tensorflow:input_ids: 2 1912 3532 8458 17 22644 8804 16474 14263 4 1908 2571 17468 2075 2129 4400 16473 378 15633 5093 1043 14263 29397 8147 7030 13029 5975 29945 18 3328 30 24000 4 7310 4 24314 24150 2022 4 1972 5521 2217 1908 21134 3098 9514 2175 10458 23413 1908 4613 1102 1961 10904 2544 7310 5216 10458 1005 3039 13886 4294 14658 23443 3 1963 4 4 2952 4 1028 2830 5363 29292 4888 2086 8287 2830 4456 6 6023 6 2528 7027 4650 3730 2095 13573 4 4 8054 2062 4 1006 3519 4 5755 5359 2399 30 1912 5836 11546 1904 24681 11936 2174 23953 1908 6790 2666 12564 1037 4 4 23694 1911 1973 2218 9026 2518 2366 2631 20494 10819 3037 378 3
I1024 04:26:39.482067 47918998082624 create_pretraining_data.py:161] input_ids: 2 1912 3532 8458 17 22644 8804 16474 14263 4 1908 2571 17468 2075 2129 4400 16473 378 15633 5093 1043 14263 29397 8147 7030 13029 5975 29945 18 3328 30 24000 4 7310 4 24314 24150 2022 4 1972 5521 2217 1908 21134 3098 9514 2175 10458 23413 1908 4613 1102 1961 10904 2544 7310 5216 10458 1005 3039 13886 4294 14658 23443 3 1963 4 4 2952 4 1028 2830 5363 29292 4888 2086 8287 2830 4456 6 6023 6 2528 7027 4650 3730 2095 13573 4 4 8054 2062 4 1006 3519 4 5755 5359 2399 30 1912 5836 11546 1904 24681 11936 2174 23953 1908 6790 2666 12564 1037 4 4 23694 1911 1973 2218 9026 2518 2366 2631 20494 10819 3037 378 3
INFO:tensorflow:input_mask: 1 1 1 1 1 1 1 1 1 1 1 1 1 1 1 1 1 1 1 1 1 1 1 1 1 1 1 1 1 1 1 1 1 1 1 1 1 1 1 1 1 1 1 1 1 1 1 1 1 1 1 1 1 1 1 1 1 1 1 1 1 1 1 1 1 1 1 1 1 1 1 1 1 1 1 1 1 1 1 1 1 1 1 1 1 1 1 1 1 1 1 1 1 1 1 1 1 1 1 1 1 1 1 1 1 1 1 1 1 1 1 1 1 1 1 1 1 1 1 1 1 1 1 1 1 1 1 1
I1024 04:26:39.482240 47918998082624 create_pretraining_data.py:161] input_mask: 1 1 1 1 1 1 1 1 1 1 1 1 1 1 1 1 1 1 1 1 1 1 1 1 1 1 1 1 1 1 1 1 1 1 1 1 1 1 1 1 1 1 1 1 1 1 1 1 1 1 1 1 1 1 1 1 1 1 1 1 1 1 1 1 1 1 1 1 1 1 1 1 1 1 1 1 1 1 1 1 1 1 1 1 1 1 1 1 1 1 1 1 1 1 1 1 1 1 1 1 1 1 1 1 1 1 1 1 1 1 1 1 1 1 1 1 1 1 1 1 1 1 1 1 1 1 1 1
INFO:tensorflow:segment_ids: 0 0 0 0 0 0 0 0 0 0 0 0 0 0 0 0 0 0 0 0 0 0 0 0 0 0 0 0 0 0 0 0 0 0 0 0 0 0 0 0 0 0 0 0 0 0 0 0 0 0 0 0 0 0 0 0 0 0 0 0 0 0 0 0 0 1 1 1 1 1 1 1 1 1 1 1 1 1 1 1 1 1 1 1 1 1 1 1 1 1 1 1 1 1 1 1 1 1 1 1 1 1 1 1 1 1 1 1 1 1 1 1 1 1 1 1 1 1 1 1 1 1 1 1 1 1 1 1
I1024 04:26:39.482411 47918998082624 create_pretraining_data.py:161] segment_ids: 0 0 0 0 0 0 0 0 0 0 0 0 0 0 0 0 0 0 0 0 0 0 0 0 0 0 0 0 0 0 0 0 0 0 0 0 0 0 0 0 0 0 0 0 0 0 0 0 0 0 0 0 0 0 0 0 0 0 0 0 0 0 0 0 0 1 1 1 1 1 1 1 1 1 1 1 1 1 1 1 1 1 1 1 1 1 1 1 1 1 1 1 1 1 1 1 1 1 1 1 1 1 1 1 1 1 1 1 1 1 1 1 1 1 1 1 1 1 1 1 1 1 1 1 1 1 1 1
INFO:tensorflow:masked_lm_positions: 9 31 32 34 35 38 66 67 69 70 73 88 89 92 93 95 113 114 117 0
I1024 04:26:39.482537 47918998082624 create_pretraining_data.py:161] masked_lm_positions: 9 31 32 34 35 38 66 67 69 70 73 88 89 92 93 95 113 114 117 0
INFO:tensorflow:masked_lm_ids: 23523 6257 18631 5216 3682 30 5794 2518 8599 1028 4180 28584 1013 19566 1006 30 10458 2103 1973 0
I1024 04:26:39.482672 47918998082624 create_pretraining_data.py:161] masked_lm_ids: 23523 6257 18631 5216 3682 30 5794 2518 8599 1028 4180 28584 1013 19566 1006 30 10458 2103 1973 0
INFO:tensorflow:masked_lm_weights: 1.0 1.0 1.0 1.0 1.0 1.0 1.0 1.0 1.0 1.0 1.0 1.0 1.0 1.0 1.0 1.0 1.0 1.0 1.0 0.0
I1024 04:26:39.482799 47918998082624 create_pretraining_data.py:161] masked_lm_weights: 1.0 1.0 1.0 1.0 1.0 1.0 1.0 1.0 1.0 1.0 1.0 1.0 1.0 1.0 1.0 1.0 1.0 1.0 1.0 0.0
INFO:tensorflow:next_sentence_labels: 0
I1024 04:26:39.482912 47918998082624 create_pretraining_data.py:161] next_sentence_labels: 0
INFO:tensorflow:*** Example ***
I1024 04:26:39.483831 47918998082624 create_pretraining_data.py:149] *** Example ***
INFO:tensorflow:tokens: [CLS] من ملف الرسائل [MASK] المر ##غو ##ب بها ( Sp ##am / J ##un ##k ) في بريدك [MASK] [MASK] إذا [MASK] الرسالة الإخبارية في هذا الملف ، افتح ##ها وان ##قر [MASK] [MASK] sp ##am [MASK] كي تبدأ بت ##لقي ##ها في البريد الوارد . إذا لم تجد الرسالة الإخبارية في هذا الملف ، [MASK] التواصل معنا عبر [MASK] cont ##act @ [SEP] [MASK] ان يتم منع التخ ##يي ##م [MASK] [MASK] [MASK] على الاقل في البر لاع ##طاء فرصة لبا ##ذر النباتات المعم ##رة بالظ ##هور ، مطر بلا تهي ##ئة [MASK] . [MASK] [MASK] 1 h ##our ag ##o RT @ Mar ##ia ##m _ Al ##s ##ar ##a ##j ##i : او ان يق ##سم ##ون اماكن التخ ##يي ##م كل ٣ [SEP]
I1024 04:26:39.484030 47918998082624 create_pretraining_data.py:151] tokens: [CLS] من ملف الرسائل [MASK] المر ##غو ##ب بها ( Sp ##am / J ##un ##k ) في بريدك [MASK] [MASK] إذا [MASK] الرسالة الإخبارية في هذا الملف ، افتح ##ها وان ##قر [MASK] [MASK] sp ##am [MASK] كي تبدأ بت ##لقي ##ها في البريد الوارد . إذا لم تجد الرسالة الإخبارية في هذا الملف ، [MASK] التواصل معنا عبر [MASK] cont ##act @ [SEP] [MASK] ان يتم منع التخ ##يي ##م [MASK] [MASK] [MASK] على الاقل في البر لاع ##طاء فرصة لبا ##ذر النباتات المعم ##رة بالظ ##هور ، مطر بلا تهي ##ئة [MASK] . [MASK] [MASK] 1 h ##our ag ##o RT @ Mar ##ia ##m _ Al ##s ##ar ##a ##j ##i : او ان يق ##سم ##ون اماكن التخ ##يي ##م كل ٣ [SEP]
INFO:tensorflow:input_ids: 2 1908 5556 4636 4 2846 6809 1045 2459 12 10880 3263 19 46 7942 1066 13 1912 18030 4 4 2617 4 9005 15595 1912 2085 8268 378 10053 1913 2178 2301 4 4 9831 3263 4 3364 8754 2206 6192 1913 1912 7111 19703 18 2617 2043 5091 9005 15595 1912 2085 8268 378 4 4180 4798 2830 4 16895 3473 36 3 4 1939 2952 6129 4665 5222 1015 4 4 4 1961 10655 1912 3162 6012 3544 6549 28982 3136 15606 9198 2037 28416 4560 378 7993 2701 13184 2385 4 18 4 4 21 76 10590 26839 1051 23752 36 26303 6313 1103 67 7766 1092 2625 1049 1095 1050 30 2213 1939 2210 1984 1922 17944 4665 5222 1015 2038 423 3
I1024 04:26:39.484224 47918998082624 create_pretraining_data.py:161] input_ids: 2 1908 5556 4636 4 2846 6809 1045 2459 12 10880 3263 19 46 7942 1066 13 1912 18030 4 4 2617 4 9005 15595 1912 2085 8268 378 10053 1913 2178 2301 4 4 9831 3263 4 3364 8754 2206 6192 1913 1912 7111 19703 18 2617 2043 5091 9005 15595 1912 2085 8268 378 4 4180 4798 2830 4 16895 3473 36 3 4 1939 2952 6129 4665 5222 1015 4 4 4 1961 10655 1912 3162 6012 3544 6549 28982 3136 15606 9198 2037 28416 4560 378 7993 2701 13184 2385 4 18 4 4 21 76 10590 26839 1051 23752 36 26303 6313 1103 67 7766 1092 2625 1049 1095 1050 30 2213 1939 2210 1984 1922 17944 4665 5222 1015 2038 423 3
INFO:tensorflow:input_mask: 1 1 1 1 1 1 1 1 1 1 1 1 1 1 1 1 1 1 1 1 1 1 1 1 1 1 1 1 1 1 1 1 1 1 1 1 1 1 1 1 1 1 1 1 1 1 1 1 1 1 1 1 1 1 1 1 1 1 1 1 1 1 1 1 1 1 1 1 1 1 1 1 1 1 1 1 1 1 1 1 1 1 1 1 1 1 1 1 1 1 1 1 1 1 1 1 1 1 1 1 1 1 1 1 1 1 1 1 1 1 1 1 1 1 1 1 1 1 1 1 1 1 1 1 1 1 1 1
I1024 04:26:39.484401 47918998082624 create_pretraining_data.py:161] input_mask: 1 1 1 1 1 1 1 1 1 1 1 1 1 1 1 1 1 1 1 1 1 1 1 1 1 1 1 1 1 1 1 1 1 1 1 1 1 1 1 1 1 1 1 1 1 1 1 1 1 1 1 1 1 1 1 1 1 1 1 1 1 1 1 1 1 1 1 1 1 1 1 1 1 1 1 1 1 1 1 1 1 1 1 1 1 1 1 1 1 1 1 1 1 1 1 1 1 1 1 1 1 1 1 1 1 1 1 1 1 1 1 1 1 1 1 1 1 1 1 1 1 1 1 1 1 1 1 1
INFO:tensorflow:segment_ids: 0 0 0 0 0 0 0 0 0 0 0 0 0 0 0 0 0 0 0 0 0 0 0 0 0 0 0 0 0 0 0 0 0 0 0 0 0 0 0 0 0 0 0 0 0 0 0 0 0 0 0 0 0 0 0 0 0 0 0 0 0 0 0 0 0 1 1 1 1 1 1 1 1 1 1 1 1 1 1 1 1 1 1 1 1 1 1 1 1 1 1 1 1 1 1 1 1 1 1 1 1 1 1 1 1 1 1 1 1 1 1 1 1 1 1 1 1 1 1 1 1 1 1 1 1 1 1 1
I1024 04:26:39.484583 47918998082624 create_pretraining_data.py:161] segment_ids: 0 0 0 0 0 0 0 0 0 0 0 0 0 0 0 0 0 0 0 0 0 0 0 0 0 0 0 0 0 0 0 0 0 0 0 0 0 0 0 0 0 0 0 0 0 0 0 0 0 0 0 0 0 0 0 0 0 0 0 0 0 0 0 0 0 1 1 1 1 1 1 1 1 1 1 1 1 1 1 1 1 1 1 1 1 1 1 1 1 1 1 1 1 1 1 1 1 1 1 1 1 1 1 1 1 1 1 1 1 1 1 1 1 1 1 1 1 1 1 1 1 1 1 1 1 1 1 1
INFO:tensorflow:masked_lm_positions: 4 19 20 22 28 33 34 37 56 57 60 65 66 72 73 74 94 96 97 0
I1024 04:26:39.484711 47918998082624 create_pretraining_data.py:161] masked_lm_positions: 4 19 20 22 28 33 34 37 56 57 60 65 66 72 73 74 94 96 97 0
INFO:tensorflow:masked_lm_ids: 2224 5353 18 8198 378 29548 1048 378 8530 4180 30 2244 1939 5669 8348 1911 1927 18 18 0
I1024 04:26:39.484832 47918998082624 create_pretraining_data.py:161] masked_lm_ids: 2224 5353 18 8198 378 29548 1048 378 8530 4180 30 2244 1939 5669 8348 1911 1927 18 18 0
INFO:tensorflow:masked_lm_weights: 1.0 1.0 1.0 1.0 1.0 1.0 1.0 1.0 1.0 1.0 1.0 1.0 1.0 1.0 1.0 1.0 1.0 1.0 1.0 0.0
I1024 04:26:39.484955 47918998082624 create_pretraining_data.py:161] masked_lm_weights: 1.0 1.0 1.0 1.0 1.0 1.0 1.0 1.0 1.0 1.0 1.0 1.0 1.0 1.0 1.0 1.0 1.0 1.0 1.0 0.0
INFO:tensorflow:next_sentence_labels: 1
I1024 04:26:39.485066 47918998082624 create_pretraining_data.py:161] next_sentence_labels: 1
INFO:tensorflow:*** Example ***
I1024 04:26:39.485802 47918998082624 create_pretraining_data.py:149] *** Example ***
INFO:tensorflow:tokens: [CLS] عاد الممثل ومق ##دم البرامج رام ##ز جلال إلينا في شهر رمضان بس ##لسلة برامج ##ه المتخصصة بالمق ##الب وهذه المرة [MASK] برنامج رام ##ز تحت الصفر ، وتم [MASK] هذا البرنامج في [MASK] احتفالا بمشاركة المنتخب المصري بك ##أس العالم الذي ست ##بدأ فعاليات ##ه [MASK] الأس ##ابيع القادمة . [SEP] تت ##بل ##ور فكرة البرنامج بأ ##خذ [MASK] بج ##ولة على متن [MASK] [MASK] [MASK] [MASK] [MASK] [MASK] ، وفي منتصف الطريق تنقل ##ب المز ##لج ##ة لي ##ظهر أمام الضيوف نمر مدرب ينق ##ض على فري ##سته ، ثم دب يع ##ض [MASK] الأشخاص ، وعندما [MASK] [MASK] إلى مقر الاست ##وديو يأت ##ون على متن سيارة امننا بنز إس كلا ##س موديل 2016 سوداء سن ##عرض عليكم تفاصيل ##ها [MASK] [MASK] [MASK] [SEP]
I1024 04:26:39.485994 47918998082624 create_pretraining_data.py:151] tokens: [CLS] عاد الممثل ومق ##دم البرامج رام ##ز جلال إلينا في شهر رمضان بس ##لسلة برامج ##ه المتخصصة بالمق ##الب وهذه المرة [MASK] برنامج رام ##ز تحت الصفر ، وتم [MASK] هذا البرنامج في [MASK] احتفالا بمشاركة المنتخب المصري بك ##أس العالم الذي ست ##بدأ فعاليات ##ه [MASK] الأس ##ابيع القادمة . [SEP] تت ##بل ##ور فكرة البرنامج بأ ##خذ [MASK] بج ##ولة على متن [MASK] [MASK] [MASK] [MASK] [MASK] [MASK] ، وفي منتصف الطريق تنقل ##ب المز ##لج ##ة لي ##ظهر أمام الضيوف نمر مدرب ينق ##ض على فري ##سته ، ثم دب يع ##ض [MASK] الأشخاص ، وعندما [MASK] [MASK] إلى مقر الاست ##وديو يأت ##ون على متن سيارة امننا بنز إس كلا ##س موديل 2016 سوداء سن ##عرض عليكم تفاصيل ##ها [MASK] [MASK] [MASK] [SEP]
INFO:tensorflow:input_ids: 2 3381 15771 16698 2077 3839 7709 1008 12303 17357 1912 3282 4091 2357 15149 2997 1028 9362 23959 2653 5968 9423 4 3189 7709 1008 2538 17853 378 4338 4 2085 4945 1912 4 26654 11673 5235 3727 2395 2996 2337 2130 2333 3900 7259 1028 4 2603 8938 8194 18 3 2201 2108 1936 7788 4945 2499 3039 4 2821 2264 1961 5006 4 4 4 4 4 4 378 2427 8151 4386 16079 1045 4139 1957 1043 2134 3250 3500 19688 7644 6168 29431 1027 1961 6632 8768 378 2371 11471 2170 1027 4 8696 378 7549 4 4 2045 5304 2320 17971 16812 1922 1961 5006 6596 28460 17634 2994 5207 1033 24067 3400 18111 2579 4153 4229 5706 1913 4 4 4 3
I1024 04:26:39.486202 47918998082624 create_pretraining_data.py:161] input_ids: 2 3381 15771 16698 2077 3839 7709 1008 12303 17357 1912 3282 4091 2357 15149 2997 1028 9362 23959 2653 5968 9423 4 3189 7709 1008 2538 17853 378 4338 4 2085 4945 1912 4 26654 11673 5235 3727 2395 2996 2337 2130 2333 3900 7259 1028 4 2603 8938 8194 18 3 2201 2108 1936 7788 4945 2499 3039 4 2821 2264 1961 5006 4 4 4 4 4 4 378 2427 8151 4386 16079 1045 4139 1957 1043 2134 3250 3500 19688 7644 6168 29431 1027 1961 6632 8768 378 2371 11471 2170 1027 4 8696 378 7549 4 4 2045 5304 2320 17971 16812 1922 1961 5006 6596 28460 17634 2994 5207 1033 24067 3400 18111 2579 4153 4229 5706 1913 4 4 4 3
INFO:tensorflow:input_mask: 1 1 1 1 1 1 1 1 1 1 1 1 1 1 1 1 1 1 1 1 1 1 1 1 1 1 1 1 1 1 1 1 1 1 1 1 1 1 1 1 1 1 1 1 1 1 1 1 1 1 1 1 1 1 1 1 1 1 1 1 1 1 1 1 1 1 1 1 1 1 1 1 1 1 1 1 1 1 1 1 1 1 1 1 1 1 1 1 1 1 1 1 1 1 1 1 1 1 1 1 1 1 1 1 1 1 1 1 1 1 1 1 1 1 1 1 1 1 1 1 1 1 1 1 1 1 1 1
I1024 04:26:39.486388 47918998082624 create_pretraining_data.py:161] input_mask: 1 1 1 1 1 1 1 1 1 1 1 1 1 1 1 1 1 1 1 1 1 1 1 1 1 1 1 1 1 1 1 1 1 1 1 1 1 1 1 1 1 1 1 1 1 1 1 1 1 1 1 1 1 1 1 1 1 1 1 1 1 1 1 1 1 1 1 1 1 1 1 1 1 1 1 1 1 1 1 1 1 1 1 1 1 1 1 1 1 1 1 1 1 1 1 1 1 1 1 1 1 1 1 1 1 1 1 1 1 1 1 1 1 1 1 1 1 1 1 1 1 1 1 1 1 1 1 1
INFO:tensorflow:segment_ids: 0 0 0 0 0 0 0 0 0 0 0 0 0 0 0 0 0 0 0 0 0 0 0 0 0 0 0 0 0 0 0 0 0 0 0 0 0 0 0 0 0 0 0 0 0 0 0 0 0 0 0 0 0 1 1 1 1 1 1 1 1 1 1 1 1 1 1 1 1 1 1 1 1 1 1 1 1 1 1 1 1 1 1 1 1 1 1 1 1 1 1 1 1 1 1 1 1 1 1 1 1 1 1 1 1 1 1 1 1 1 1 1 1 1 1 1 1 1 1 1 1 1 1 1 1 1 1 1
I1024 04:26:39.486554 47918998082624 create_pretraining_data.py:161] segment_ids: 0 0 0 0 0 0 0 0 0 0 0 0 0 0 0 0 0 0 0 0 0 0 0 0 0 0 0 0 0 0 0 0 0 0 0 0 0 0 0 0 0 0 0 0 0 0 0 0 0 0 0 0 0 1 1 1 1 1 1 1 1 1 1 1 1 1 1 1 1 1 1 1 1 1 1 1 1 1 1 1 1 1 1 1 1 1 1 1 1 1 1 1 1 1 1 1 1 1 1 1 1 1 1 1 1 1 1 1 1 1 1 1 1 1 1 1 1 1 1 1 1 1 1 1 1 1 1 1
INFO:tensorflow:masked_lm_positions: 22 30 34 47 60 65 66 67 68 69 70 96 100 101 108 111 124 125 126 0
I1024 04:26:39.486679 47918998082624 create_pretraining_data.py:161] masked_lm_positions: 22 30 34 47 60 65 66 67 68 69 70 96 100 101 108 111 124 125 126 0
INFO:tensorflow:masked_lm_ids: 1973 6280 4607 2317 19688 3556 1957 1043 2214 2686 15425 2907 12504 19688 1961 17415 12665 14061 1913 0
I1024 04:26:39.486800 47918998082624 create_pretraining_data.py:161] masked_lm_ids: 1973 6280 4607 2317 19688 3556 1957 1043 2214 2686 15425 2907 12504 19688 1961 17415 12665 14061 1913 0
INFO:tensorflow:masked_lm_weights: 1.0 1.0 1.0 1.0 1.0 1.0 1.0 1.0 1.0 1.0 1.0 1.0 1.0 1.0 1.0 1.0 1.0 1.0 1.0 0.0
I1024 04:26:39.486922 47918998082624 create_pretraining_data.py:161] masked_lm_weights: 1.0 1.0 1.0 1.0 1.0 1.0 1.0 1.0 1.0 1.0 1.0 1.0 1.0 1.0 1.0 1.0 1.0 1.0 1.0 0.0
INFO:tensorflow:next_sentence_labels: 0
I1024 04:26:39.487034 47918998082624 create_pretraining_data.py:161] next_sentence_labels: 0
INFO:tensorflow:*** Example ***
I1024 04:26:39.487737 47918998082624 create_pretraining_data.py:149] *** Example ***
INFO:tensorflow:tokens: [CLS] أهلا وسهلا للتص زائرنا الكريم , أنت لم [MASK] بتسجيل [MASK] بعد ! [MASK] [MASK] تقوم [MASK] أو التسجيل إذا رغبت [MASK] في [MASK] [SEP] سبحان الله الرزاق ذو القوة المت ##ين . . قصة اخي ##رة حصلت معي كنت في امر صعب . . وكنت اريد شيئا مستحيل حدوث ##ه . . فقر ##أت قاموا [MASK] واكثر ##ت من [MASK] وحقق [MASK] لي هذا © phpBB | انشاء منتدى مع أحلى منتدى | [MASK] و المجتمع | مواضيع أخرى | منتدى [MASK] للدعم و المساعدة | التبليغ عن محتوى مخالف | انشئ مدونتك الخاصة مجانيا [SEP]
I1024 04:26:39.487918 47918998082624 create_pretraining_data.py:151] tokens: [CLS] أهلا وسهلا للتص زائرنا الكريم , أنت لم [MASK] بتسجيل [MASK] بعد ! [MASK] [MASK] تقوم [MASK] أو التسجيل إذا رغبت [MASK] في [MASK] [SEP] سبحان الله الرزاق ذو القوة المت ##ين . . قصة اخي ##رة حصلت معي كنت في امر صعب . . وكنت اريد شيئا مستحيل حدوث ##ه . . فقر ##أت قاموا [MASK] واكثر ##ت من [MASK] وحقق [MASK] لي هذا © phpBB | انشاء منتدى مع أحلى منتدى | [MASK] و المجتمع | مواضيع أخرى | منتدى [MASK] للدعم و المساعدة | التبليغ عن محتوى مخالف | انشئ مدونتك الخاصة مجانيا [SEP]
INFO:tensorflow:input_ids: 2 7609 7912 11284 9448 3340 16 4374 2043 4 9116 4 2089 5 4 4 3952 4 2075 4441 2617 7203 4 1912 4 3 2575 1953 17995 7731 8112 2087 1911 18 18 6967 8770 2037 9241 5040 2678 1912 3693 5366 18 18 12544 7352 4174 9501 8955 1028 18 18 11794 6207 14799 4 10756 1005 1908 4 14370 4 2134 2085 106 4237 96 6117 2069 1973 10523 2069 96 4 415 3409 96 4483 3286 96 2069 4 2679 415 3661 96 3888 1955 3491 3743 96 5292 5534 2847 7350 3 0 0 0 0 0 0 0 0 0 0 0 0 0 0 0 0 0 0 0 0 0 0 0 0 0 0 0 0 0 0
I1024 04:26:39.488118 47918998082624 create_pretraining_data.py:161] input_ids: 2 7609 7912 11284 9448 3340 16 4374 2043 4 9116 4 2089 5 4 4 3952 4 2075 4441 2617 7203 4 1912 4 3 2575 1953 17995 7731 8112 2087 1911 18 18 6967 8770 2037 9241 5040 2678 1912 3693 5366 18 18 12544 7352 4174 9501 8955 1028 18 18 11794 6207 14799 4 10756 1005 1908 4 14370 4 2134 2085 106 4237 96 6117 2069 1973 10523 2069 96 4 415 3409 96 4483 3286 96 2069 4 2679 415 3661 96 3888 1955 3491 3743 96 5292 5534 2847 7350 3 0 0 0 0 0 0 0 0 0 0 0 0 0 0 0 0 0 0 0 0 0 0 0 0 0 0 0 0 0 0
INFO:tensorflow:input_mask: 1 1 1 1 1 1 1 1 1 1 1 1 1 1 1 1 1 1 1 1 1 1 1 1 1 1 1 1 1 1 1 1 1 1 1 1 1 1 1 1 1 1 1 1 1 1 1 1 1 1 1 1 1 1 1 1 1 1 1 1 1 1 1 1 1 1 1 1 1 1 1 1 1 1 1 1 1 1 1 1 1 1 1 1 1 1 1 1 1 1 1 1 1 1 1 1 1 1 0 0 0 0 0 0 0 0 0 0 0 0 0 0 0 0 0 0 0 0 0 0 0 0 0 0 0 0 0 0
I1024 04:26:39.488289 47918998082624 create_pretraining_data.py:161] input_mask: 1 1 1 1 1 1 1 1 1 1 1 1 1 1 1 1 1 1 1 1 1 1 1 1 1 1 1 1 1 1 1 1 1 1 1 1 1 1 1 1 1 1 1 1 1 1 1 1 1 1 1 1 1 1 1 1 1 1 1 1 1 1 1 1 1 1 1 1 1 1 1 1 1 1 1 1 1 1 1 1 1 1 1 1 1 1 1 1 1 1 1 1 1 1 1 1 1 1 0 0 0 0 0 0 0 0 0 0 0 0 0 0 0 0 0 0 0 0 0 0 0 0 0 0 0 0 0 0
INFO:tensorflow:segment_ids: 0 0 0 0 0 0 0 0 0 0 0 0 0 0 0 0 0 0 0 0 0 0 0 0 0 0 1 1 1 1 1 1 1 1 1 1 1 1 1 1 1 1 1 1 1 1 1 1 1 1 1 1 1 1 1 1 1 1 1 1 1 1 1 1 1 1 1 1 1 1 1 1 1 1 1 1 1 1 1 1 1 1 1 1 1 1 1 1 1 1 1 1 1 1 1 1 1 1 0 0 0 0 0 0 0 0 0 0 0 0 0 0 0 0 0 0 0 0 0 0 0 0 0 0 0 0 0 0
I1024 04:26:39.488462 47918998082624 create_pretraining_data.py:161] segment_ids: 0 0 0 0 0 0 0 0 0 0 0 0 0 0 0 0 0 0 0 0 0 0 0 0 0 0 1 1 1 1 1 1 1 1 1 1 1 1 1 1 1 1 1 1 1 1 1 1 1 1 1 1 1 1 1 1 1 1 1 1 1 1 1 1 1 1 1 1 1 1 1 1 1 1 1 1 1 1 1 1 1 1 1 1 1 1 1 1 1 1 1 1 1 1 1 1 1 1 0 0 0 0 0 0 0 0 0 0 0 0 0 0 0 0 0 0 0 0 0 0 0 0 0 0 0 0 0 0
INFO:tensorflow:masked_lm_positions: 3 9 11 14 15 17 22 24 56 57 61 63 75 76 83 0 0 0 0 0
I1024 04:26:39.488588 47918998082624 create_pretraining_data.py:161] masked_lm_positions: 3 9 11 14 15 17 22 24 56 57 61 63 75 76 83 0 0 0 0 0
INFO:tensorflow:masked_lm_ids: 2395 9309 4796 9235 1979 9704 8671 2537 2085 3242 6745 1953 6664 415 3143 0 0 0 0 0
I1024 04:26:39.488709 47918998082624 create_pretraining_data.py:161] masked_lm_ids: 2395 9309 4796 9235 1979 9704 8671 2537 2085 3242 6745 1953 6664 415 3143 0 0 0 0 0
INFO:tensorflow:masked_lm_weights: 1.0 1.0 1.0 1.0 1.0 1.0 1.0 1.0 1.0 1.0 1.0 1.0 1.0 1.0 1.0 0.0 0.0 0.0 0.0 0.0
I1024 04:26:39.488844 47918998082624 create_pretraining_data.py:161] masked_lm_weights: 1.0 1.0 1.0 1.0 1.0 1.0 1.0 1.0 1.0 1.0 1.0 1.0 1.0 1.0 1.0 0.0 0.0 0.0 0.0 0.0
INFO:tensorflow:next_sentence_labels: 1
I1024 04:26:39.488958 47918998082624 create_pretraining_data.py:161] next_sentence_labels: 1
INFO:tensorflow:*** Example ***
I1024 04:26:39.489650 47918998082624 create_pretraining_data.py:149] *** Example ***
INFO:tensorflow:tokens: [CLS] محتوى الماء : 38 [MASK] . المنح ##نى : 8 . [MASK] صلاحية الع ##لبة [MASK] مفتوحة [MASK] ما يصل إلى 2 سنه . الترخيص : حا ##ئ ##ز على ترخيص من هيئة الغذاء والدواء الأمريكية والسعودية والإت ##حاد [MASK] . بلد الصنع : [MASK] محتوى الع ##لبة : 2 × عدسات . [SEP] حافظ ##ة عدسات [MASK] محل ##ول مع ##قم مدة استخدام العدسة : 6 أشهر . محتوى [MASK] [MASK] 38 ٪ . المنح [MASK] : 8 . 6 صلاحية [MASK] [MASK] غير مفتوحة : ما يصل إلى 2 [MASK] . الترخيص : حا ##ئ ##ز على ترخيص من هيئة الغذاء والدواء الأمريكية والسعودية والإت ##حاد الأوروبي [MASK] ##18 الصنع : كوريا إي مول هو أول موقع إلكتروني باللغة آخرها والان ##جلي ##زيه وأحد [SEP]
I1024 04:26:39.489842 47918998082624 create_pretraining_data.py:151] tokens: [CLS] محتوى الماء : 38 [MASK] . المنح ##نى : 8 . [MASK] صلاحية الع ##لبة [MASK] مفتوحة [MASK] ما يصل إلى 2 سنه . الترخيص : حا ##ئ ##ز على ترخيص من هيئة الغذاء والدواء الأمريكية والسعودية والإت ##حاد [MASK] . بلد الصنع : [MASK] محتوى الع ##لبة : 2 × عدسات . [SEP] حافظ ##ة عدسات [MASK] محل ##ول مع ##قم مدة استخدام العدسة : 6 أشهر . محتوى [MASK] [MASK] 38 ٪ . المنح [MASK] : 8 . 6 صلاحية [MASK] [MASK] غير مفتوحة : ما يصل إلى 2 [MASK] . الترخيص : حا ##ئ ##ز على ترخيص من هيئة الغذاء والدواء الأمريكية والسعودية والإت ##حاد الأوروبي [MASK] ##18 الصنع : كوريا إي مول هو أول موقع إلكتروني باللغة آخرها والان ##جلي ##زيه وأحد [SEP]
INFO:tensorflow:input_ids: 2 3491 3063 30 7574 4 18 17484 2770 30 28 18 4 8637 1924 7816 4 12906 4 1972 4604 2045 22 4076 18 28676 30 2971 1042 1008 1961 20060 1908 5267 12633 29810 4732 22376 29552 7498 4 18 3373 22335 30 4 3491 1924 7816 30 22 126 11278 18 3 6813 1043 11278 4 7040 1940 1973 2644 7757 3653 24079 30 26 5912 18 3491 4 4 7574 430 18 17484 4 30 28 18 26 8637 4 4 2224 12906 30 1972 4604 2045 22 4 18 28676 30 2971 1042 1008 1961 20060 1908 5267 12633 29810 4732 22376 29552 7498 6520 4 6124 22335 30 7142 4901 7462 2139 3399 2867 21715 10241 27305 4308 27501 20860 25507 3
I1024 04:26:39.490036 47918998082624 create_pretraining_data.py:161] input_ids: 2 3491 3063 30 7574 4 18 17484 2770 30 28 18 4 8637 1924 7816 4 12906 4 1972 4604 2045 22 4076 18 28676 30 2971 1042 1008 1961 20060 1908 5267 12633 29810 4732 22376 29552 7498 4 18 3373 22335 30 4 3491 1924 7816 30 22 126 11278 18 3 6813 1043 11278 4 7040 1940 1973 2644 7757 3653 24079 30 26 5912 18 3491 4 4 7574 430 18 17484 4 30 28 18 26 8637 4 4 2224 12906 30 1972 4604 2045 22 4 18 28676 30 2971 1042 1008 1961 20060 1908 5267 12633 29810 4732 22376 29552 7498 6520 4 6124 22335 30 7142 4901 7462 2139 3399 2867 21715 10241 27305 4308 27501 20860 25507 3
INFO:tensorflow:input_mask: 1 1 1 1 1 1 1 1 1 1 1 1 1 1 1 1 1 1 1 1 1 1 1 1 1 1 1 1 1 1 1 1 1 1 1 1 1 1 1 1 1 1 1 1 1 1 1 1 1 1 1 1 1 1 1 1 1 1 1 1 1 1 1 1 1 1 1 1 1 1 1 1 1 1 1 1 1 1 1 1 1 1 1 1 1 1 1 1 1 1 1 1 1 1 1 1 1 1 1 1 1 1 1 1 1 1 1 1 1 1 1 1 1 1 1 1 1 1 1 1 1 1 1 1 1 1 1 1
I1024 04:26:39.490206 47918998082624 create_pretraining_data.py:161] input_mask: 1 1 1 1 1 1 1 1 1 1 1 1 1 1 1 1 1 1 1 1 1 1 1 1 1 1 1 1 1 1 1 1 1 1 1 1 1 1 1 1 1 1 1 1 1 1 1 1 1 1 1 1 1 1 1 1 1 1 1 1 1 1 1 1 1 1 1 1 1 1 1 1 1 1 1 1 1 1 1 1 1 1 1 1 1 1 1 1 1 1 1 1 1 1 1 1 1 1 1 1 1 1 1 1 1 1 1 1 1 1 1 1 1 1 1 1 1 1 1 1 1 1 1 1 1 1 1 1
INFO:tensorflow:segment_ids: 0 0 0 0 0 0 0 0 0 0 0 0 0 0 0 0 0 0 0 0 0 0 0 0 0 0 0 0 0 0 0 0 0 0 0 0 0 0 0 0 0 0 0 0 0 0 0 0 0 0 0 0 0 0 0 1 1 1 1 1 1 1 1 1 1 1 1 1 1 1 1 1 1 1 1 1 1 1 1 1 1 1 1 1 1 1 1 1 1 1 1 1 1 1 1 1 1 1 1 1 1 1 1 1 1 1 1 1 1 1 1 1 1 1 1 1 1 1 1 1 1 1 1 1 1 1 1 1
I1024 04:26:39.490392 47918998082624 create_pretraining_data.py:161] segment_ids: 0 0 0 0 0 0 0 0 0 0 0 0 0 0 0 0 0 0 0 0 0 0 0 0 0 0 0 0 0 0 0 0 0 0 0 0 0 0 0 0 0 0 0 0 0 0 0 0 0 0 0 0 0 0 0 1 1 1 1 1 1 1 1 1 1 1 1 1 1 1 1 1 1 1 1 1 1 1 1 1 1 1 1 1 1 1 1 1 1 1 1 1 1 1 1 1 1 1 1 1 1 1 1 1 1 1 1 1 1 1 1 1 1 1 1 1 1 1 1 1 1 1 1 1 1 1 1 1
INFO:tensorflow:masked_lm_positions: 5 12 16 18 20 40 44 45 58 71 72 76 77 83 84 92 110 111 122 0
I1024 04:26:39.490520 47918998082624 create_pretraining_data.py:161] masked_lm_positions: 5 12 16 18 20 40 44 45 58 71 72 76 77 83 84 92 110 111 122 0
INFO:tensorflow:masked_lm_ids: 430 26 2224 30 4604 6520 30 7142 15 3063 30 17484 2770 1924 7816 4076 18 3373 2488 0
I1024 04:26:39.490641 47918998082624 create_pretraining_data.py:161] masked_lm_ids: 430 26 2224 30 4604 6520 30 7142 15 3063 30 17484 2770 1924 7816 4076 18 3373 2488 0
INFO:tensorflow:masked_lm_weights: 1.0 1.0 1.0 1.0 1.0 1.0 1.0 1.0 1.0 1.0 1.0 1.0 1.0 1.0 1.0 1.0 1.0 1.0 1.0 0.0
I1024 04:26:39.490763 47918998082624 create_pretraining_data.py:161] masked_lm_weights: 1.0 1.0 1.0 1.0 1.0 1.0 1.0 1.0 1.0 1.0 1.0 1.0 1.0 1.0 1.0 1.0 1.0 1.0 1.0 0.0
INFO:tensorflow:next_sentence_labels: 0
I1024 04:26:39.490876 47918998082624 create_pretraining_data.py:161] next_sentence_labels: 0
INFO:tensorflow:*** Example ***
I1024 04:26:39.491566 47918998082624 create_pretraining_data.py:149] *** Example ***
INFO:tensorflow:tokens: [CLS] ذهب قلبي . ق ##آل ##ه ##آ سين ##شي [MASK] ينظر إليه ##آ بتب ##سم وإ ##شف ##آ ##ق . [MASK] ولكن [MASK] [MASK] ذ ##آت الجم ##آل الس ##آ ##حر [MASK] الب ##آ ##هر الذي لم يسبق [MASK] [MASK] أن اكت ##سبت مثله لم تقل شيئا . . واكت ##فت بأن تبتسم هي الأخرى . [SEP] [MASK] - - الحديث والسيرة [MASK] | | - - الصوتيات والمرئيات الاسلامية | | - - الكتب والبرامج الإسلامية مقاوم | - - معرض [MASK] الإسلامية | [MASK] [MASK] - المناسبات الإسلامية | | - [MASK] الدروس [MASK] | - - جذ ##ع مشترك [MASK] [MASK] | - - جذ ##ع مشترك ادب | | - - الصفحة الثانية | | - - مطلوب مشرف ##ين | [MASK] [SEP]
I1024 04:26:39.491755 47918998082624 create_pretraining_data.py:151] tokens: [CLS] ذهب قلبي . ق ##آل ##ه ##آ سين ##شي [MASK] ينظر إليه ##آ بتب ##سم وإ ##شف ##آ ##ق . [MASK] ولكن [MASK] [MASK] ذ ##آت الجم ##آل الس ##آ ##حر [MASK] الب ##آ ##هر الذي لم يسبق [MASK] [MASK] أن اكت ##سبت مثله لم تقل شيئا . . واكت ##فت بأن تبتسم هي الأخرى . [SEP] [MASK] - - الحديث والسيرة [MASK] | | - - الصوتيات والمرئيات الاسلامية | | - - الكتب والبرامج الإسلامية مقاوم | - - معرض [MASK] الإسلامية | [MASK] [MASK] - المناسبات الإسلامية | | - [MASK] الدروس [MASK] | - - جذ ##ع مشترك [MASK] [MASK] | - - جذ ##ع مشترك ادب | | - - الصفحة الثانية | | - - مطلوب مشرف ##ين | [MASK] [SEP]
INFO:tensorflow:input_ids: 2 6324 3018 18 409 26376 1028 1054 4991 2510 4 9429 4101 1054 25252 1984 2358 2504 1054 1011 18 4 2637 4 4 396 5098 3543 26376 1943 1054 2468 4 1968 1054 2121 2130 2043 16811 4 4 1979 3555 20898 10057 2043 9158 4174 18 18 13123 2209 3010 14250 2247 4700 18 3 4 17 17 3242 26898 4 96 96 17 17 6290 7907 4773 96 96 17 17 5018 8713 3871 28917 96 17 17 4992 4 3871 96 4 4 17 9054 3871 96 96 17 4 9681 4 96 17 17 9237 1009 8888 4 4 96 17 17 9237 1009 8888 16032 96 96 17 17 4181 3577 96 96 17 17 9426 12084 1911 96 4 3
I1024 04:26:39.491946 47918998082624 create_pretraining_data.py:161] input_ids: 2 6324 3018 18 409 26376 1028 1054 4991 2510 4 9429 4101 1054 25252 1984 2358 2504 1054 1011 18 4 2637 4 4 396 5098 3543 26376 1943 1054 2468 4 1968 1054 2121 2130 2043 16811 4 4 1979 3555 20898 10057 2043 9158 4174 18 18 13123 2209 3010 14250 2247 4700 18 3 4 17 17 3242 26898 4 96 96 17 17 6290 7907 4773 96 96 17 17 5018 8713 3871 28917 96 17 17 4992 4 3871 96 4 4 17 9054 3871 96 96 17 4 9681 4 96 17 17 9237 1009 8888 4 4 96 17 17 9237 1009 8888 16032 96 96 17 17 4181 3577 96 96 17 17 9426 12084 1911 96 4 3
INFO:tensorflow:input_mask: 1 1 1 1 1 1 1 1 1 1 1 1 1 1 1 1 1 1 1 1 1 1 1 1 1 1 1 1 1 1 1 1 1 1 1 1 1 1 1 1 1 1 1 1 1 1 1 1 1 1 1 1 1 1 1 1 1 1 1 1 1 1 1 1 1 1 1 1 1 1 1 1 1 1 1 1 1 1 1 1 1 1 1 1 1 1 1 1 1 1 1 1 1 1 1 1 1 1 1 1 1 1 1 1 1 1 1 1 1 1 1 1 1 1 1 1 1 1 1 1 1 1 1 1 1 1 1 1
I1024 04:26:39.492136 47918998082624 create_pretraining_data.py:161] input_mask: 1 1 1 1 1 1 1 1 1 1 1 1 1 1 1 1 1 1 1 1 1 1 1 1 1 1 1 1 1 1 1 1 1 1 1 1 1 1 1 1 1 1 1 1 1 1 1 1 1 1 1 1 1 1 1 1 1 1 1 1 1 1 1 1 1 1 1 1 1 1 1 1 1 1 1 1 1 1 1 1 1 1 1 1 1 1 1 1 1 1 1 1 1 1 1 1 1 1 1 1 1 1 1 1 1 1 1 1 1 1 1 1 1 1 1 1 1 1 1 1 1 1 1 1 1 1 1 1
INFO:tensorflow:segment_ids: 0 0 0 0 0 0 0 0 0 0 0 0 0 0 0 0 0 0 0 0 0 0 0 0 0 0 0 0 0 0 0 0 0 0 0 0 0 0 0 0 0 0 0 0 0 0 0 0 0 0 0 0 0 0 0 0 0 0 1 1 1 1 1 1 1 1 1 1 1 1 1 1 1 1 1 1 1 1 1 1 1 1 1 1 1 1 1 1 1 1 1 1 1 1 1 1 1 1 1 1 1 1 1 1 1 1 1 1 1 1 1 1 1 1 1 1 1 1 1 1 1 1 1 1 1 1 1 1
I1024 04:26:39.492306 47918998082624 create_pretraining_data.py:161] segment_ids: 0 0 0 0 0 0 0 0 0 0 0 0 0 0 0 0 0 0 0 0 0 0 0 0 0 0 0 0 0 0 0 0 0 0 0 0 0 0 0 0 0 0 0 0 0 0 0 0 0 0 0 0 0 0 0 0 0 0 1 1 1 1 1 1 1 1 1 1 1 1 1 1 1 1 1 1 1 1 1 1 1 1 1 1 1 1 1 1 1 1 1 1 1 1 1 1 1 1 1 1 1 1 1 1 1 1 1 1 1 1 1 1 1 1 1 1 1 1 1 1 1 1 1 1 1 1 1 1
INFO:tensorflow:masked_lm_positions: 10 21 23 24 32 39 40 58 63 67 78 83 86 87 94 96 103 104 126 0
I1024 04:26:39.492436 47918998082624 create_pretraining_data.py:161] masked_lm_positions: 10 21 23 24 32 39 40 58 63 67 78 83 86 87 94 96 103 104 126 0
INFO:tensorflow:masked_lm_ids: 2400 18 3288 21236 24499 6737 21236 96 8118 17 96 8437 96 17 17 96 13279 96 96 0
I1024 04:26:39.492558 47918998082624 create_pretraining_data.py:161] masked_lm_ids: 2400 18 3288 21236 24499 6737 21236 96 8118 17 96 8437 96 17 17 96 13279 96 96 0
INFO:tensorflow:masked_lm_weights: 1.0 1.0 1.0 1.0 1.0 1.0 1.0 1.0 1.0 1.0 1.0 1.0 1.0 1.0 1.0 1.0 1.0 1.0 1.0 0.0
I1024 04:26:39.492681 47918998082624 create_pretraining_data.py:161] masked_lm_weights: 1.0 1.0 1.0 1.0 1.0 1.0 1.0 1.0 1.0 1.0 1.0 1.0 1.0 1.0 1.0 1.0 1.0 1.0 1.0 0.0
INFO:tensorflow:next_sentence_labels: 1
I1024 04:26:39.492794 47918998082624 create_pretraining_data.py:161] next_sentence_labels: 1
INFO:tensorflow:*** Example ***
I1024 04:26:39.493482 47918998082624 create_pretraining_data.py:149] *** Example ***
INFO:tensorflow:tokens: [CLS] 52 القاء قنبلة على سيارة في المغ ##ار [MASK] خلفية الانتخابات | 2018 - 11 - 17 10 : 15 : 54 اصابة شاب باطل ##اق نار في [MASK] شعب | 2018 [MASK] 11 - 17 10 : 13 : 27 لاعب ريال مدريد سعيد بتع ##ا ##ظم دوره في [MASK] سولا ##ري | 2018 - 11 [MASK] 17 [MASK] : 07 : 56 الأمم [MASK] تعتمد 8 قرارات لصالح فلسطين [MASK] 2018 - [MASK] - 17 10 : 04 [MASK] 56 أمس ##ية إيمان ##ية في [MASK] [MASK] بمناسبة ذكرى المولد | 2018 - 11 - 17 07 : 15 : 46 [MASK] [MASK] ما بعد الصد ##مة [SEP] تنبيه ! لا تدفع أي مبلغ حتى تحصل على منتج ##ك كاملا غير [MASK] [MASK] ! [SEP]
I1024 04:26:39.493674 47918998082624 create_pretraining_data.py:151] tokens: [CLS] 52 القاء قنبلة على سيارة في المغ ##ار [MASK] خلفية الانتخابات | 2018 - 11 - 17 10 : 15 : 54 اصابة شاب باطل ##اق نار في [MASK] شعب | 2018 [MASK] 11 - 17 10 : 13 : 27 لاعب ريال مدريد سعيد بتع ##ا ##ظم دوره في [MASK] سولا ##ري | 2018 - 11 [MASK] 17 [MASK] : 07 : 56 الأمم [MASK] تعتمد 8 قرارات لصالح فلسطين [MASK] 2018 - [MASK] - 17 10 : 04 [MASK] 56 أمس ##ية إيمان ##ية في [MASK] [MASK] بمناسبة ذكرى المولد | 2018 - 11 - 17 07 : 15 : 46 [MASK] [MASK] ما بعد الصد ##مة [SEP] تنبيه ! لا تدفع أي مبلغ حتى تحصل على منتج ##ك كاملا غير [MASK] [MASK] ! [SEP]
INFO:tensorflow:input_ids: 2 10016 26025 24759 1961 6596 1912 2716 1909 4 11270 4668 96 2635 17 2780 17 3519 2667 30 2986 30 10427 16712 6492 21406 2396 6361 1912 4 3972 96 2635 4 2780 17 3519 2667 30 3243 30 4672 3639 3108 4879 3664 6554 1007 2771 10999 1912 4 27630 1923 96 2635 17 2780 4 3519 4 30 5941 30 10319 6035 4 10620 28 8124 9079 4054 4 2635 17 4 17 3519 2667 30 6173 4 10319 3924 1910 14184 1910 1912 4 4 6957 9364 8396 96 2635 17 2780 17 3519 5941 30 2986 30 9483 4 4 1972 2089 5750 2113 3 13484 5 1963 11624 2235 9020 2494 9762 1961 12756 1014 12036 2224 4 4 5 3
I1024 04:26:39.493880 47918998082624 create_pretraining_data.py:161] input_ids: 2 10016 26025 24759 1961 6596 1912 2716 1909 4 11270 4668 96 2635 17 2780 17 3519 2667 30 2986 30 10427 16712 6492 21406 2396 6361 1912 4 3972 96 2635 4 2780 17 3519 2667 30 3243 30 4672 3639 3108 4879 3664 6554 1007 2771 10999 1912 4 27630 1923 96 2635 17 2780 4 3519 4 30 5941 30 10319 6035 4 10620 28 8124 9079 4054 4 2635 17 4 17 3519 2667 30 6173 4 10319 3924 1910 14184 1910 1912 4 4 6957 9364 8396 96 2635 17 2780 17 3519 5941 30 2986 30 9483 4 4 1972 2089 5750 2113 3 13484 5 1963 11624 2235 9020 2494 9762 1961 12756 1014 12036 2224 4 4 5 3
INFO:tensorflow:input_mask: 1 1 1 1 1 1 1 1 1 1 1 1 1 1 1 1 1 1 1 1 1 1 1 1 1 1 1 1 1 1 1 1 1 1 1 1 1 1 1 1 1 1 1 1 1 1 1 1 1 1 1 1 1 1 1 1 1 1 1 1 1 1 1 1 1 1 1 1 1 1 1 1 1 1 1 1 1 1 1 1 1 1 1 1 1 1 1 1 1 1 1 1 1 1 1 1 1 1 1 1 1 1 1 1 1 1 1 1 1 1 1 1 1 1 1 1 1 1 1 1 1 1 1 1 1 1 1 1
I1024 04:26:39.494054 47918998082624 create_pretraining_data.py:161] input_mask: 1 1 1 1 1 1 1 1 1 1 1 1 1 1 1 1 1 1 1 1 1 1 1 1 1 1 1 1 1 1 1 1 1 1 1 1 1 1 1 1 1 1 1 1 1 1 1 1 1 1 1 1 1 1 1 1 1 1 1 1 1 1 1 1 1 1 1 1 1 1 1 1 1 1 1 1 1 1 1 1 1 1 1 1 1 1 1 1 1 1 1 1 1 1 1 1 1 1 1 1 1 1 1 1 1 1 1 1 1 1 1 1 1 1 1 1 1 1 1 1 1 1 1 1 1 1 1 1
INFO:tensorflow:segment_ids: 0 0 0 0 0 0 0 0 0 0 0 0 0 0 0 0 0 0 0 0 0 0 0 0 0 0 0 0 0 0 0 0 0 0 0 0 0 0 0 0 0 0 0 0 0 0 0 0 0 0 0 0 0 0 0 0 0 0 0 0 0 0 0 0 0 0 0 0 0 0 0 0 0 0 0 0 0 0 0 0 0 0 0 0 0 0 0 0 0 0 0 0 0 0 0 0 0 0 0 0 0 0 0 0 0 0 0 0 0 0 0 1 1 1 1 1 1 1 1 1 1 1 1 1 1 1 1 1
I1024 04:26:39.494217 47918998082624 create_pretraining_data.py:161] segment_ids: 0 0 0 0 0 0 0 0 0 0 0 0 0 0 0 0 0 0 0 0 0 0 0 0 0 0 0 0 0 0 0 0 0 0 0 0 0 0 0 0 0 0 0 0 0 0 0 0 0 0 0 0 0 0 0 0 0 0 0 0 0 0 0 0 0 0 0 0 0 0 0 0 0 0 0 0 0 0 0 0 0 0 0 0 0 0 0 0 0 0 0 0 0 0 0 0 0 0 0 0 0 0 0 0 0 0 0 0 0 0 0 1 1 1 1 1 1 1 1 1 1 1 1 1 1 1 1 1
INFO:tensorflow:masked_lm_positions: 9 20 29 32 33 35 51 58 60 66 72 75 81 88 89 104 105 124 125 0
I1024 04:26:39.494351 47918998082624 create_pretraining_data.py:161] masked_lm_positions: 9 20 29 32 33 35 51 58 60 66 72 75 81 88 89 104 105 124 125 0
INFO:tensorflow:masked_lm_ids: 1961 2986 5803 2635 17 17 6398 17 2667 2687 96 2780 30 14268 2595 9981 12407 16194 4667 0
I1024 04:26:39.494473 47918998082624 create_pretraining_data.py:161] masked_lm_ids: 1961 2986 5803 2635 17 17 6398 17 2667 2687 96 2780 30 14268 2595 9981 12407 16194 4667 0
INFO:tensorflow:masked_lm_weights: 1.0 1.0 1.0 1.0 1.0 1.0 1.0 1.0 1.0 1.0 1.0 1.0 1.0 1.0 1.0 1.0 1.0 1.0 1.0 0.0
I1024 04:26:39.494596 47918998082624 create_pretraining_data.py:161] masked_lm_weights: 1.0 1.0 1.0 1.0 1.0 1.0 1.0 1.0 1.0 1.0 1.0 1.0 1.0 1.0 1.0 1.0 1.0 1.0 1.0 0.0
INFO:tensorflow:next_sentence_labels: 1
I1024 04:26:39.494708 47918998082624 create_pretraining_data.py:161] next_sentence_labels: 1
INFO:tensorflow:*** Example ***
I1024 04:26:39.495426 47918998082624 create_pretraining_data.py:149] *** Example ***
INFO:tensorflow:tokens: [CLS] رابط معرفة نتيجة الشهادة الاعدادية محافظة [MASK] 2017 بالاس ##م ورق ##م الجلوس “ بوابة [MASK] اسفل الأساسي ” [SEP] ##ت عام [MASK] وتبلغ نسبة المسلمين فيها حوالي 90 % والهند ##وس ##8 % ##مئن 1 [MASK] . يعود تاريخ دخوله ##ا الإسلام في القرن [MASK] الهجري [MASK] زمن محمد بن القاسم الث ##قف ##ي الذي دخل [MASK] وسا ##ر حتي وصل إلي [MASK] ##مير ، وضم ##ها جلال الدين أكبر عام 15 ##87 إلى دولة المغ ##ول الإسلامية ودخل ##ها الإنج ##ليز عام 18 ##39 . قررت الأمم المتحدة [MASK] ##واجدين تأثير إجراء استفتاء حر ومحا ##يد لتق ##رير مصير كش ##مير ولكن الهند ضمت الإقليم [MASK] ورفض ##ت الاستفتاء لأنها تدرك رغبة [MASK] [MASK] الانفصال ، وتعتبر كش [MASK] نقطة ساخنة للن ##زاع ##ات [SEP]
I1024 04:26:39.495620 47918998082624 create_pretraining_data.py:151] tokens: [CLS] رابط معرفة نتيجة الشهادة الاعدادية محافظة [MASK] 2017 بالاس ##م ورق ##م الجلوس “ بوابة [MASK] اسفل الأساسي ” [SEP] ##ت عام [MASK] وتبلغ نسبة المسلمين فيها حوالي 90 % والهند ##وس ##8 % ##مئن 1 [MASK] . يعود تاريخ دخوله ##ا الإسلام في القرن [MASK] الهجري [MASK] زمن محمد بن القاسم الث ##قف ##ي الذي دخل [MASK] وسا ##ر حتي وصل إلي [MASK] ##مير ، وضم ##ها جلال الدين أكبر عام 15 ##87 إلى دولة المغ ##ول الإسلامية ودخل ##ها الإنج ##ليز عام 18 ##39 . قررت الأمم المتحدة [MASK] ##واجدين تأثير إجراء استفتاء حر ومحا ##يد لتق ##رير مصير كش ##مير ولكن الهند ضمت الإقليم [MASK] ورفض ##ت الاستفتاء لأنها تدرك رغبة [MASK] [MASK] الانفصال ، وتعتبر كش [MASK] نقطة ساخنة للن ##زاع ##ات [SEP]
INFO:tensorflow:input_ids: 2 6643 7645 4909 12853 21624 4870 4 3700 8122 1015 8054 1015 15784 621 7866 4 21983 11033 622 3 1005 2268 4 26893 5482 3524 2443 6570 7742 9 20325 2109 1018 9 8425 21 4 18 5609 3173 22172 1007 4677 1912 6259 4 27374 4 5836 2202 2040 9819 2084 3241 1013 2130 4896 4 12686 1017 2627 4810 3228 4 6099 378 19603 1913 12303 2825 4462 2268 2986 22593 2045 3913 2716 1940 3871 20553 1913 5819 3715 2268 3328 8580 18 8746 6035 2687 4 7131 6998 8107 16986 3938 10781 1983 12866 3401 10155 11527 6099 2637 4049 27623 20749 4 13294 1005 17295 7241 14277 12786 4 4 27475 378 15043 11527 4 5312 23185 3484 21204 1904 3
I1024 04:26:39.495812 47918998082624 create_pretraining_data.py:161] input_ids: 2 6643 7645 4909 12853 21624 4870 4 3700 8122 1015 8054 1015 15784 621 7866 4 21983 11033 622 3 1005 2268 4 26893 5482 3524 2443 6570 7742 9 20325 2109 1018 9 8425 21 4 18 5609 3173 22172 1007 4677 1912 6259 4 27374 4 5836 2202 2040 9819 2084 3241 1013 2130 4896 4 12686 1017 2627 4810 3228 4 6099 378 19603 1913 12303 2825 4462 2268 2986 22593 2045 3913 2716 1940 3871 20553 1913 5819 3715 2268 3328 8580 18 8746 6035 2687 4 7131 6998 8107 16986 3938 10781 1983 12866 3401 10155 11527 6099 2637 4049 27623 20749 4 13294 1005 17295 7241 14277 12786 4 4 27475 378 15043 11527 4 5312 23185 3484 21204 1904 3
INFO:tensorflow:input_mask: 1 1 1 1 1 1 1 1 1 1 1 1 1 1 1 1 1 1 1 1 1 1 1 1 1 1 1 1 1 1 1 1 1 1 1 1 1 1 1 1 1 1 1 1 1 1 1 1 1 1 1 1 1 1 1 1 1 1 1 1 1 1 1 1 1 1 1 1 1 1 1 1 1 1 1 1 1 1 1 1 1 1 1 1 1 1 1 1 1 1 1 1 1 1 1 1 1 1 1 1 1 1 1 1 1 1 1 1 1 1 1 1 1 1 1 1 1 1 1 1 1 1 1 1 1 1 1 1
I1024 04:26:39.495983 47918998082624 create_pretraining_data.py:161] input_mask: 1 1 1 1 1 1 1 1 1 1 1 1 1 1 1 1 1 1 1 1 1 1 1 1 1 1 1 1 1 1 1 1 1 1 1 1 1 1 1 1 1 1 1 1 1 1 1 1 1 1 1 1 1 1 1 1 1 1 1 1 1 1 1 1 1 1 1 1 1 1 1 1 1 1 1 1 1 1 1 1 1 1 1 1 1 1 1 1 1 1 1 1 1 1 1 1 1 1 1 1 1 1 1 1 1 1 1 1 1 1 1 1 1 1 1 1 1 1 1 1 1 1 1 1 1 1 1 1
INFO:tensorflow:segment_ids: 0 0 0 0 0 0 0 0 0 0 0 0 0 0 0 0 0 0 0 0 0 1 1 1 1 1 1 1 1 1 1 1 1 1 1 1 1 1 1 1 1 1 1 1 1 1 1 1 1 1 1 1 1 1 1 1 1 1 1 1 1 1 1 1 1 1 1 1 1 1 1 1 1 1 1 1 1 1 1 1 1 1 1 1 1 1 1 1 1 1 1 1 1 1 1 1 1 1 1 1 1 1 1 1 1 1 1 1 1 1 1 1 1 1 1 1 1 1 1 1 1 1 1 1 1 1 1 1
I1024 04:26:39.496160 47918998082624 create_pretraining_data.py:161] segment_ids: 0 0 0 0 0 0 0 0 0 0 0 0 0 0 0 0 0 0 0 0 0 1 1 1 1 1 1 1 1 1 1 1 1 1 1 1 1 1 1 1 1 1 1 1 1 1 1 1 1 1 1 1 1 1 1 1 1 1 1 1 1 1 1 1 1 1 1 1 1 1 1 1 1 1 1 1 1 1 1 1 1 1 1 1 1 1 1 1 1 1 1 1 1 1 1 1 1 1 1 1 1 1 1 1 1 1 1 1 1 1 1 1 1 1 1 1 1 1 1 1 1 1 1 1 1 1 1 1
INFO:tensorflow:masked_lm_positions: 7 16 17 23 35 37 46 48 58 64 65 91 92 93 108 115 116 120 121 0
I1024 04:26:39.496289 47918998082624 create_pretraining_data.py:161] masked_lm_positions: 7 16 17 23 35 37 46 48 58 64 65 91 92 93 108 115 116 120 121 0
INFO:tensorflow:masked_lm_ids: 4611 4650 3009 8352 25785 9 2990 1912 22239 11527 6099 2268 2464 9021 5751 9621 1912 11527 6099 0
I1024 04:26:39.496425 47918998082624 create_pretraining_data.py:161] masked_lm_ids: 4611 4650 3009 8352 25785 9 2990 1912 22239 11527 6099 2268 2464 9021 5751 9621 1912 11527 6099 0
INFO:tensorflow:masked_lm_weights: 1.0 1.0 1.0 1.0 1.0 1.0 1.0 1.0 1.0 1.0 1.0 1.0 1.0 1.0 1.0 1.0 1.0 1.0 1.0 0.0
I1024 04:26:39.496548 47918998082624 create_pretraining_data.py:161] masked_lm_weights: 1.0 1.0 1.0 1.0 1.0 1.0 1.0 1.0 1.0 1.0 1.0 1.0 1.0 1.0 1.0 1.0 1.0 1.0 1.0 0.0
INFO:tensorflow:next_sentence_labels: 1
I1024 04:26:39.496660 47918998082624 create_pretraining_data.py:161] next_sentence_labels: 1
INFO:tensorflow:*** Example ***
I1024 04:26:39.497349 47918998082624 create_pretraining_data.py:149] *** Example ***
INFO:tensorflow:tokens: [CLS] ينظر إلى الإنسان على أنه وليد الصدف ##ة المح ##ضة [MASK] شيء يميز ##ه [MASK] غيره من الكائنات ، [MASK] في ذلك [MASK] من هذا الكون العظيم . فان ##ظر كيف يقت ##رح المنهج العلمي [MASK] [MASK] [MASK] [MASK] [MASK] ، ثم انظر كيف يحي ##د ( العلماء ) عن [MASK] الاست ##نتاج استنادا إلى فرض ##ية لا دليل عليها لمجرد [MASK] يوح [SEP] % 0D % 0A فريق سائ ##ح % E2 % 80 % A ##E % 0D % 0A % 0D % 0A % E2 [MASK] 80 % A ##E - - - - - - - - - - - - - [MASK] - - - - - [MASK] - [MASK] - - - % E2 % [MASK] % [MASK] [MASK] % [SEP]
I1024 04:26:39.497538 47918998082624 create_pretraining_data.py:151] tokens: [CLS] ينظر إلى الإنسان على أنه وليد الصدف ##ة المح ##ضة [MASK] شيء يميز ##ه [MASK] غيره من الكائنات ، [MASK] في ذلك [MASK] من هذا الكون العظيم . فان ##ظر كيف يقت ##رح المنهج العلمي [MASK] [MASK] [MASK] [MASK] [MASK] ، ثم انظر كيف يحي ##د ( العلماء ) عن [MASK] الاست ##نتاج استنادا إلى فرض ##ية لا دليل عليها لمجرد [MASK] يوح [SEP] % 0D % 0A فريق سائ ##ح % E2 % 80 % A ##E % 0D % 0A % 0D % 0A % E2 [MASK] 80 % A ##E - - - - - - - - - - - - - [MASK] - - - - - [MASK] - [MASK] - - - % E2 % [MASK] % [MASK] [MASK] % [SEP]
INFO:tensorflow:input_ids: 2 9429 2045 4005 1961 2590 7756 27004 1043 2314 3246 4 2621 16793 1028 4 5504 1908 22997 378 4 1912 2271 4 1908 2085 5047 3049 18 2712 2236 2746 5971 2157 13826 5758 4 4 4 4 4 378 2371 9177 2746 5315 1016 12 6112 13 1955 4 2320 9753 20417 2045 6038 1910 1963 5038 2717 18463 4 17055 3 9 28527 9 28208 3559 13271 1032 9 28913 9 7209 9 37 1072 9 28527 9 28208 9 28527 9 28208 9 28913 4 7209 9 37 1072 17 17 17 17 17 17 17 17 17 17 17 17 17 4 17 17 17 17 17 4 17 4 17 17 17 9 28913 9 4 9 4 4 9 3
I1024 04:26:39.497725 47918998082624 create_pretraining_data.py:161] input_ids: 2 9429 2045 4005 1961 2590 7756 27004 1043 2314 3246 4 2621 16793 1028 4 5504 1908 22997 378 4 1912 2271 4 1908 2085 5047 3049 18 2712 2236 2746 5971 2157 13826 5758 4 4 4 4 4 378 2371 9177 2746 5315 1016 12 6112 13 1955 4 2320 9753 20417 2045 6038 1910 1963 5038 2717 18463 4 17055 3 9 28527 9 28208 3559 13271 1032 9 28913 9 7209 9 37 1072 9 28527 9 28208 9 28527 9 28208 9 28913 4 7209 9 37 1072 17 17 17 17 17 17 17 17 17 17 17 17 17 4 17 17 17 17 17 4 17 4 17 17 17 9 28913 9 4 9 4 4 9 3
INFO:tensorflow:input_mask: 1 1 1 1 1 1 1 1 1 1 1 1 1 1 1 1 1 1 1 1 1 1 1 1 1 1 1 1 1 1 1 1 1 1 1 1 1 1 1 1 1 1 1 1 1 1 1 1 1 1 1 1 1 1 1 1 1 1 1 1 1 1 1 1 1 1 1 1 1 1 1 1 1 1 1 1 1 1 1 1 1 1 1 1 1 1 1 1 1 1 1 1 1 1 1 1 1 1 1 1 1 1 1 1 1 1 1 1 1 1 1 1 1 1 1 1 1 1 1 1 1 1 1 1 1 1 1 1
I1024 04:26:39.497909 47918998082624 create_pretraining_data.py:161] input_mask: 1 1 1 1 1 1 1 1 1 1 1 1 1 1 1 1 1 1 1 1 1 1 1 1 1 1 1 1 1 1 1 1 1 1 1 1 1 1 1 1 1 1 1 1 1 1 1 1 1 1 1 1 1 1 1 1 1 1 1 1 1 1 1 1 1 1 1 1 1 1 1 1 1 1 1 1 1 1 1 1 1 1 1 1 1 1 1 1 1 1 1 1 1 1 1 1 1 1 1 1 1 1 1 1 1 1 1 1 1 1 1 1 1 1 1 1 1 1 1 1 1 1 1 1 1 1 1 1
INFO:tensorflow:segment_ids: 0 0 0 0 0 0 0 0 0 0 0 0 0 0 0 0 0 0 0 0 0 0 0 0 0 0 0 0 0 0 0 0 0 0 0 0 0 0 0 0 0 0 0 0 0 0 0 0 0 0 0 0 0 0 0 0 0 0 0 0 0 0 0 0 0 1 1 1 1 1 1 1 1 1 1 1 1 1 1 1 1 1 1 1 1 1 1 1 1 1 1 1 1 1 1 1 1 1 1 1 1 1 1 1 1 1 1 1 1 1 1 1 1 1 1 1 1 1 1 1 1 1 1 1 1 1 1 1
I1024 04:26:39.498076 47918998082624 create_pretraining_data.py:161] segment_ids: 0 0 0 0 0 0 0 0 0 0 0 0 0 0 0 0 0 0 0 0 0 0 0 0 0 0 0 0 0 0 0 0 0 0 0 0 0 0 0 0 0 0 0 0 0 0 0 0 0 0 0 0 0 0 0 0 0 0 0 0 0 0 0 0 0 1 1 1 1 1 1 1 1 1 1 1 1 1 1 1 1 1 1 1 1 1 1 1 1 1 1 1 1 1 1 1 1 1 1 1 1 1 1 1 1 1 1 1 1 1 1 1 1 1 1 1 1 1 1 1 1 1 1 1 1 1 1 1
INFO:tensorflow:masked_lm_positions: 11 15 20 23 36 37 38 39 40 51 62 81 89 107 113 115 122 124 125 0
I1024 04:26:39.498203 47918998082624 create_pretraining_data.py:161] masked_lm_positions: 11 15 20 23 36 37 38 39 40 51 62 81 89 107 113 115 122 124 125 0
INFO:tensorflow:masked_lm_ids: 1963 1955 2908 19218 14512 4258 3327 5141 1007 2085 2590 9 9 17 17 17 7209 37 1072 0
I1024 04:26:39.498330 47918998082624 create_pretraining_data.py:161] masked_lm_ids: 1963 1955 2908 19218 14512 4258 3327 5141 1007 2085 2590 9 9 17 17 17 7209 37 1072 0
INFO:tensorflow:masked_lm_weights: 1.0 1.0 1.0 1.0 1.0 1.0 1.0 1.0 1.0 1.0 1.0 1.0 1.0 1.0 1.0 1.0 1.0 1.0 1.0 0.0
I1024 04:26:39.498455 47918998082624 create_pretraining_data.py:161] masked_lm_weights: 1.0 1.0 1.0 1.0 1.0 1.0 1.0 1.0 1.0 1.0 1.0 1.0 1.0 1.0 1.0 1.0 1.0 1.0 1.0 0.0
INFO:tensorflow:next_sentence_labels: 1
I1024 04:26:39.498567 47918998082624 create_pretraining_data.py:161] next_sentence_labels: 1
INFO:tensorflow:*** Example ***
I1024 04:26:39.499282 47918998082624 create_pretraining_data.py:149] *** Example ***
INFO:tensorflow:tokens: [CLS] - أي ره ##ان على [MASK] تشكيل الحكومة لن يصح وأي كلام عن اعتذار الرئيس المكلف لن يصح لأننا نريد حكومة بقي ##ادته لتكون قوية لان الرئيس [MASK] كان ضعيفا تكون حكومته ضعيفة وهذا يضعف العهد [SEP] لعض ##و ! حدث خطأ ! حدث خطأ [MASK] الاتصال ! عرض معرض الأعضاء ##إ ##خف ##اء معرض الأعضاء ##م ##زيد من التفاصيل ##تف ##اصيل أقل ##الم ##زيد من الأسعار ##مع ##دل ##ات أقل [MASK] [MASK] [MASK] [MASK] الأمريكي ##الد ##ولار الكندي ##دو ##لا ##ر استرا ##ليج ##نيه بريطانيا ##لف ##رن ##ك السويسري ##روسيا [MASK] [MASK] الياباني ##روب ##ية هندية ##تر ##كي ##ا الليرة الجديدة ##كرون ##ة نر ##ويج ##ية ##زل ##وتي ##ادات ##ندي [MASK] [MASK] وون ##ران ##د جنوب أفريقيا ##ريال [MASK] [MASK] ##زو مكسيكي ##بات تاي [MASK] [SEP]
I1024 04:26:39.499480 47918998082624 create_pretraining_data.py:151] tokens: [CLS] - أي ره ##ان على [MASK] تشكيل الحكومة لن يصح وأي كلام عن اعتذار الرئيس المكلف لن يصح لأننا نريد حكومة بقي ##ادته لتكون قوية لان الرئيس [MASK] كان ضعيفا تكون حكومته ضعيفة وهذا يضعف العهد [SEP] لعض ##و ! حدث خطأ ! حدث خطأ [MASK] الاتصال ! عرض معرض الأعضاء ##إ ##خف ##اء معرض الأعضاء ##م ##زيد من التفاصيل ##تف ##اصيل أقل ##الم ##زيد من الأسعار ##مع ##دل ##ات أقل [MASK] [MASK] [MASK] [MASK] الأمريكي ##الد ##ولار الكندي ##دو ##لا ##ر استرا ##ليج ##نيه بريطانيا ##لف ##رن ##ك السويسري ##روسيا [MASK] [MASK] الياباني ##روب ##ية هندية ##تر ##كي ##ا الليرة الجديدة ##كرون ##ة نر ##ويج ##ية ##زل ##وتي ##ادات ##ندي [MASK] [MASK] وون ##ران ##د جنوب أفريقيا ##ريال [MASK] [MASK] ##زو مكسيكي ##بات تاي [MASK] [SEP]
INFO:tensorflow:input_ids: 2 17 2235 8676 1906 1961 4 6214 3130 2404 12481 8567 3552 1955 22344 2554 10390 2404 12481 18431 8123 5083 4078 22411 9885 8183 2551 2554 4 2055 27162 2652 24859 16757 3265 29415 5286 3 25094 1012 5 3356 10919 5 3356 10919 4 5958 5 3261 4992 4556 1080 25013 1954 4992 4556 1015 2799 1908 5550 22204 3711 6794 2100 2799 1908 8063 2049 9297 1904 6794 4 4 4 4 5939 2880 2957 16741 8412 1903 1017 25792 10604 2757 7682 1946 11407 1014 15859 9668 4 4 13717 2372 1910 13870 2582 2199 1007 16637 3895 11781 1043 12147 5798 1910 2596 3292 5142 4739 4 4 18619 11918 1016 4297 7596 9461 4 4 5225 29574 2428 6144 4 3
I1024 04:26:39.499691 47918998082624 create_pretraining_data.py:161] input_ids: 2 17 2235 8676 1906 1961 4 6214 3130 2404 12481 8567 3552 1955 22344 2554 10390 2404 12481 18431 8123 5083 4078 22411 9885 8183 2551 2554 4 2055 27162 2652 24859 16757 3265 29415 5286 3 25094 1012 5 3356 10919 5 3356 10919 4 5958 5 3261 4992 4556 1080 25013 1954 4992 4556 1015 2799 1908 5550 22204 3711 6794 2100 2799 1908 8063 2049 9297 1904 6794 4 4 4 4 5939 2880 2957 16741 8412 1903 1017 25792 10604 2757 7682 1946 11407 1014 15859 9668 4 4 13717 2372 1910 13870 2582 2199 1007 16637 3895 11781 1043 12147 5798 1910 2596 3292 5142 4739 4 4 18619 11918 1016 4297 7596 9461 4 4 5225 29574 2428 6144 4 3
INFO:tensorflow:input_mask: 1 1 1 1 1 1 1 1 1 1 1 1 1 1 1 1 1 1 1 1 1 1 1 1 1 1 1 1 1 1 1 1 1 1 1 1 1 1 1 1 1 1 1 1 1 1 1 1 1 1 1 1 1 1 1 1 1 1 1 1 1 1 1 1 1 1 1 1 1 1 1 1 1 1 1 1 1 1 1 1 1 1 1 1 1 1 1 1 1 1 1 1 1 1 1 1 1 1 1 1 1 1 1 1 1 1 1 1 1 1 1 1 1 1 1 1 1 1 1 1 1 1 1 1 1 1 1 1
I1024 04:26:39.499865 47918998082624 create_pretraining_data.py:161] input_mask: 1 1 1 1 1 1 1 1 1 1 1 1 1 1 1 1 1 1 1 1 1 1 1 1 1 1 1 1 1 1 1 1 1 1 1 1 1 1 1 1 1 1 1 1 1 1 1 1 1 1 1 1 1 1 1 1 1 1 1 1 1 1 1 1 1 1 1 1 1 1 1 1 1 1 1 1 1 1 1 1 1 1 1 1 1 1 1 1 1 1 1 1 1 1 1 1 1 1 1 1 1 1 1 1 1 1 1 1 1 1 1 1 1 1 1 1 1 1 1 1 1 1 1 1 1 1 1 1
INFO:tensorflow:segment_ids: 0 0 0 0 0 0 0 0 0 0 0 0 0 0 0 0 0 0 0 0 0 0 0 0 0 0 0 0 0 0 0 0 0 0 0 0 0 0 1 1 1 1 1 1 1 1 1 1 1 1 1 1 1 1 1 1 1 1 1 1 1 1 1 1 1 1 1 1 1 1 1 1 1 1 1 1 1 1 1 1 1 1 1 1 1 1 1 1 1 1 1 1 1 1 1 1 1 1 1 1 1 1 1 1 1 1 1 1 1 1 1 1 1 1 1 1 1 1 1 1 1 1 1 1 1 1 1 1
I1024 04:26:39.500030 47918998082624 create_pretraining_data.py:161] segment_ids: 0 0 0 0 0 0 0 0 0 0 0 0 0 0 0 0 0 0 0 0 0 0 0 0 0 0 0 0 0 0 0 0 0 0 0 0 0 0 1 1 1 1 1 1 1 1 1 1 1 1 1 1 1 1 1 1 1 1 1 1 1 1 1 1 1 1 1 1 1 1 1 1 1 1 1 1 1 1 1 1 1 1 1 1 1 1 1 1 1 1 1 1 1 1 1 1 1 1 1 1 1 1 1 1 1 1 1 1 1 1 1 1 1 1 1 1 1 1 1 1 1 1 1 1 1 1 1 1
INFO:tensorflow:masked_lm_positions: 6 28 46 71 72 73 74 75 92 93 110 111 112 113 120 121 122 125 126 0
I1024 04:26:39.500157 47918998082624 create_pretraining_data.py:161] masked_lm_positions: 6 28 46 71 72 73 74 75 92 93 110 111 112 113 120 121 122 125 126 0
INFO:tensorflow:masked_lm_ids: 3216 2259 1912 6794 2145 3567 2880 2957 15456 12779 8809 4739 23952 1937 24482 1947 5225 6144 12128 0
I1024 04:26:39.500278 47918998082624 create_pretraining_data.py:161] masked_lm_ids: 3216 2259 1912 6794 2145 3567 2880 2957 15456 12779 8809 4739 23952 1937 24482 1947 5225 6144 12128 0
INFO:tensorflow:masked_lm_weights: 1.0 1.0 1.0 1.0 1.0 1.0 1.0 1.0 1.0 1.0 1.0 1.0 1.0 1.0 1.0 1.0 1.0 1.0 1.0 0.0
I1024 04:26:39.500423 47918998082624 create_pretraining_data.py:161] masked_lm_weights: 1.0 1.0 1.0 1.0 1.0 1.0 1.0 1.0 1.0 1.0 1.0 1.0 1.0 1.0 1.0 1.0 1.0 1.0 1.0 0.0
INFO:tensorflow:next_sentence_labels: 1
I1024 04:26:39.500540 47918998082624 create_pretraining_data.py:161] next_sentence_labels: 1
INFO:tensorflow:*** Example ***
I1024 04:26:39.501236 47918998082624 create_pretraining_data.py:149] *** Example ***
INFO:tensorflow:tokens: [CLS] والمسي ##حية ، وح ##كايات [MASK] التعايش والتص ##ادم [MASK] ، [MASK] الفهم . اصل . يتناول الفيلم [MASK] حول أول اتصال [MASK] بالبر ##ازي ##ل [MASK] عارض ##ا من خلالها مختصر ##ا لت ##اريخ المسلمين في هذا البلد البعيد . . . بعد سقوط الإم ##براطورية العثمانية [MASK] النظام الشيوعي ، تطلع ##ت ألب ##انيا إلى المزيد من الحريات [MASK] وبعد عقود [SEP] ##كي قصة المسلمين [MASK] [MASK] عليهم اسم البوم ##اك ، والذين يعيشون [MASK] قرى نائ ##ية بج ##بال رود ##وس جنوب بلغاريا ، ما [MASK] [MASK] [MASK] سيتم . . . مقهى " صلي ##بة " يعتبر من مقا ##هي الزمن الجميل في [MASK] ، تأ ##سس سنة 195 ##1 وما زال الأح ##فاد يدير ##ونها جيل ##ا بعد جيل . . [SEP]
I1024 04:26:39.501431 47918998082624 create_pretraining_data.py:151] tokens: [CLS] والمسي ##حية ، وح ##كايات [MASK] التعايش والتص ##ادم [MASK] ، [MASK] الفهم . اصل . يتناول الفيلم [MASK] حول أول اتصال [MASK] بالبر ##ازي ##ل [MASK] عارض ##ا من خلالها مختصر ##ا لت ##اريخ المسلمين في هذا البلد البعيد . . . بعد سقوط الإم ##براطورية العثمانية [MASK] النظام الشيوعي ، تطلع ##ت ألب ##انيا إلى المزيد من الحريات [MASK] وبعد عقود [SEP] ##كي قصة المسلمين [MASK] [MASK] عليهم اسم البوم ##اك ، والذين يعيشون [MASK] قرى نائ ##ية بج ##بال رود ##وس جنوب بلغاريا ، ما [MASK] [MASK] [MASK] سيتم . . . مقهى " صلي ##بة " يعتبر من مقا ##هي الزمن الجميل في [MASK] ، تأ ##سس سنة 195 ##1 وما زال الأح ##فاد يدير ##ونها جيل ##ا بعد جيل . . [SEP]
INFO:tensorflow:input_ids: 2 26240 3723 378 2270 18021 4 25036 7636 3645 4 378 4 17560 18 11293 18 15600 7555 4 2528 3399 8462 4 26951 18766 1010 4 23261 1007 1908 7196 21103 1007 2219 2436 3524 1912 2085 3455 11332 18 18 18 2089 7679 4039 22056 23462 4 3618 21663 378 9838 1005 9763 2860 2045 4714 1908 18002 4 3807 10442 3 2199 6967 3524 4 4 3566 2974 16153 2544 378 10445 14852 4 16203 11856 1910 2821 9646 17913 2109 4297 24520 378 1972 4 4 4 5856 18 18 18 20978 6 4082 2215 6 5305 1908 5961 2421 5579 5135 1912 4 378 2715 5310 3234 9258 1029 2564 8017 4518 10547 26028 5505 10575 1007 2089 10575 18 18 3
I1024 04:26:39.501626 47918998082624 create_pretraining_data.py:161] input_ids: 2 26240 3723 378 2270 18021 4 25036 7636 3645 4 378 4 17560 18 11293 18 15600 7555 4 2528 3399 8462 4 26951 18766 1010 4 23261 1007 1908 7196 21103 1007 2219 2436 3524 1912 2085 3455 11332 18 18 18 2089 7679 4039 22056 23462 4 3618 21663 378 9838 1005 9763 2860 2045 4714 1908 18002 4 3807 10442 3 2199 6967 3524 4 4 3566 2974 16153 2544 378 10445 14852 4 16203 11856 1910 2821 9646 17913 2109 4297 24520 378 1972 4 4 4 5856 18 18 18 20978 6 4082 2215 6 5305 1908 5961 2421 5579 5135 1912 4 378 2715 5310 3234 9258 1029 2564 8017 4518 10547 26028 5505 10575 1007 2089 10575 18 18 3
INFO:tensorflow:input_mask: 1 1 1 1 1 1 1 1 1 1 1 1 1 1 1 1 1 1 1 1 1 1 1 1 1 1 1 1 1 1 1 1 1 1 1 1 1 1 1 1 1 1 1 1 1 1 1 1 1 1 1 1 1 1 1 1 1 1 1 1 1 1 1 1 1 1 1 1 1 1 1 1 1 1 1 1 1 1 1 1 1 1 1 1 1 1 1 1 1 1 1 1 1 1 1 1 1 1 1 1 1 1 1 1 1 1 1 1 1 1 1 1 1 1 1 1 1 1 1 1 1 1 1 1 1 1 1 1
I1024 04:26:39.501797 47918998082624 create_pretraining_data.py:161] input_mask: 1 1 1 1 1 1 1 1 1 1 1 1 1 1 1 1 1 1 1 1 1 1 1 1 1 1 1 1 1 1 1 1 1 1 1 1 1 1 1 1 1 1 1 1 1 1 1 1 1 1 1 1 1 1 1 1 1 1 1 1 1 1 1 1 1 1 1 1 1 1 1 1 1 1 1 1 1 1 1 1 1 1 1 1 1 1 1 1 1 1 1 1 1 1 1 1 1 1 1 1 1 1 1 1 1 1 1 1 1 1 1 1 1 1 1 1 1 1 1 1 1 1 1 1 1 1 1 1
INFO:tensorflow:segment_ids: 0 0 0 0 0 0 0 0 0 0 0 0 0 0 0 0 0 0 0 0 0 0 0 0 0 0 0 0 0 0 0 0 0 0 0 0 0 0 0 0 0 0 0 0 0 0 0 0 0 0 0 0 0 0 0 0 0 0 0 0 0 0 0 0 0 1 1 1 1 1 1 1 1 1 1 1 1 1 1 1 1 1 1 1 1 1 1 1 1 1 1 1 1 1 1 1 1 1 1 1 1 1 1 1 1 1 1 1 1 1 1 1 1 1 1 1 1 1 1 1 1 1 1 1 1 1 1 1
I1024 04:26:39.501977 47918998082624 create_pretraining_data.py:161] segment_ids: 0 0 0 0 0 0 0 0 0 0 0 0 0 0 0 0 0 0 0 0 0 0 0 0 0 0 0 0 0 0 0 0 0 0 0 0 0 0 0 0 0 0 0 0 0 0 0 0 0 0 0 0 0 0 0 0 0 0 0 0 0 0 0 0 0 1 1 1 1 1 1 1 1 1 1 1 1 1 1 1 1 1 1 1 1 1 1 1 1 1 1 1 1 1 1 1 1 1 1 1 1 1 1 1 1 1 1 1 1 1 1 1 1 1 1 1 1 1 1 1 1 1 1 1 1 1 1 1
INFO:tensorflow:masked_lm_positions: 6 10 12 15 19 23 27 49 50 61 68 69 77 89 90 91 92 108 125 0
I1024 04:26:39.502105 47918998082624 create_pretraining_data.py:161] masked_lm_positions: 6 10 12 15 19 23 27 49 50 61 68 69 77 89 90 91 92 108 125 0
INFO:tensorflow:masked_lm_ids: 1955 11172 14683 18 11744 15646 378 11902 3618 378 2677 8895 1912 2247 7054 9612 380 5216 18 0
I1024 04:26:39.502225 47918998082624 create_pretraining_data.py:161] masked_lm_ids: 1955 11172 14683 18 11744 15646 378 11902 3618 378 2677 8895 1912 2247 7054 9612 380 5216 18 0
INFO:tensorflow:masked_lm_weights: 1.0 1.0 1.0 1.0 1.0 1.0 1.0 1.0 1.0 1.0 1.0 1.0 1.0 1.0 1.0 1.0 1.0 1.0 1.0 0.0
I1024 04:26:39.502354 47918998082624 create_pretraining_data.py:161] masked_lm_weights: 1.0 1.0 1.0 1.0 1.0 1.0 1.0 1.0 1.0 1.0 1.0 1.0 1.0 1.0 1.0 1.0 1.0 1.0 1.0 0.0
INFO:tensorflow:next_sentence_labels: 0
I1024 04:26:39.502467 47918998082624 create_pretraining_data.py:161] next_sentence_labels: 0
INFO:tensorflow:*** Example ***
I1024 04:26:39.503161 47918998082624 create_pretraining_data.py:149] *** Example ***
INFO:tensorflow:tokens: [CLS] والز ##بية : حف ##يرة دامك [MASK] في نش ##ز من الأرض ، وتغ ##طى ، ويجعل عليها طعم [MASK] [MASK] [MASK] السبع من بعيد ، في ##أتي ##ه ، فإذا است ##وى عليها انق ##ض غط ##ا ##ؤها ، فيه ##وي فيها ، فإذا بلغه ##ا السي ##ل فقد بالغ . [SEP] ##رنا ##ه قبل ، وكتب عثمان رضى [MASK] [MASK] إلى علي رضي الله عنه [MASK] أما بعد فقد بلغ [MASK] [MASK] الزب ##ى ، وج ##اوز الحز ##ام الطبي ##ين ، وط ##مع في من لا يدفع [MASK] نفسه . [MASK] [MASK] [MASK] : بلغ منه المخ ##نق [MASK] بلغ منه [MASK] الجهد والمخ ##نق : الحل ##ق [MASK] وأص ##له [MASK] الماء [MASK] حلق الغ ##ريق ، فيكون في مج ##اور ##ته [SEP]
I1024 04:26:39.503356 47918998082624 create_pretraining_data.py:151] tokens: [CLS] والز ##بية : حف ##يرة دامك [MASK] في نش ##ز من الأرض ، وتغ ##طى ، ويجعل عليها طعم [MASK] [MASK] [MASK] السبع من بعيد ، في ##أتي ##ه ، فإذا است ##وى عليها انق ##ض غط ##ا ##ؤها ، فيه ##وي فيها ، فإذا بلغه ##ا السي ##ل فقد بالغ . [SEP] ##رنا ##ه قبل ، وكتب عثمان رضى [MASK] [MASK] إلى علي رضي الله عنه [MASK] أما بعد فقد بلغ [MASK] [MASK] الزب ##ى ، وج ##اوز الحز ##ام الطبي ##ين ، وط ##مع في من لا يدفع [MASK] نفسه . [MASK] [MASK] [MASK] : بلغ منه المخ ##نق [MASK] بلغ منه [MASK] الجهد والمخ ##نق : الحل ##ق [MASK] وأص ##له [MASK] الماء [MASK] حلق الغ ##ريق ، فيكون في مج ##اور ##ته [SEP]
INFO:tensorflow:input_ids: 2 5846 2444 30 6395 2208 24223 4 1912 3382 1008 1908 4158 378 9308 6950 378 20584 2717 11235 4 4 4 9710 1908 3823 378 1912 9457 1028 378 5997 2052 2254 2717 5722 1027 29229 1007 9969 378 2366 1971 2443 378 5997 29409 1007 2829 1010 2901 6355 18 3 17389 1028 2289 378 12414 6291 25182 4 4 2045 1958 4309 1953 2891 4 3444 2089 2901 3854 4 4 16459 1102 378 2200 5149 13805 1921 3613 1911 378 2806 2049 1912 1908 1963 8981 4 3081 18 4 4 4 30 3854 2739 2714 9189 4 3854 2739 4 15721 12454 9189 30 6660 1011 4 18936 1917 4 3063 4 18347 2173 2229 378 13194 1912 2079 14299 2076 3
I1024 04:26:39.503562 47918998082624 create_pretraining_data.py:161] input_ids: 2 5846 2444 30 6395 2208 24223 4 1912 3382 1008 1908 4158 378 9308 6950 378 20584 2717 11235 4 4 4 9710 1908 3823 378 1912 9457 1028 378 5997 2052 2254 2717 5722 1027 29229 1007 9969 378 2366 1971 2443 378 5997 29409 1007 2829 1010 2901 6355 18 3 17389 1028 2289 378 12414 6291 25182 4 4 2045 1958 4309 1953 2891 4 3444 2089 2901 3854 4 4 16459 1102 378 2200 5149 13805 1921 3613 1911 378 2806 2049 1912 1908 1963 8981 4 3081 18 4 4 4 30 3854 2739 2714 9189 4 3854 2739 4 15721 12454 9189 30 6660 1011 4 18936 1917 4 3063 4 18347 2173 2229 378 13194 1912 2079 14299 2076 3
INFO:tensorflow:input_mask: 1 1 1 1 1 1 1 1 1 1 1 1 1 1 1 1 1 1 1 1 1 1 1 1 1 1 1 1 1 1 1 1 1 1 1 1 1 1 1 1 1 1 1 1 1 1 1 1 1 1 1 1 1 1 1 1 1 1 1 1 1 1 1 1 1 1 1 1 1 1 1 1 1 1 1 1 1 1 1 1 1 1 1 1 1 1 1 1 1 1 1 1 1 1 1 1 1 1 1 1 1 1 1 1 1 1 1 1 1 1 1 1 1 1 1 1 1 1 1 1 1 1 1 1 1 1 1 1
I1024 04:26:39.503737 47918998082624 create_pretraining_data.py:161] input_mask: 1 1 1 1 1 1 1 1 1 1 1 1 1 1 1 1 1 1 1 1 1 1 1 1 1 1 1 1 1 1 1 1 1 1 1 1 1 1 1 1 1 1 1 1 1 1 1 1 1 1 1 1 1 1 1 1 1 1 1 1 1 1 1 1 1 1 1 1 1 1 1 1 1 1 1 1 1 1 1 1 1 1 1 1 1 1 1 1 1 1 1 1 1 1 1 1 1 1 1 1 1 1 1 1 1 1 1 1 1 1 1 1 1 1 1 1 1 1 1 1 1 1 1 1 1 1 1 1
INFO:tensorflow:segment_ids: 0 0 0 0 0 0 0 0 0 0 0 0 0 0 0 0 0 0 0 0 0 0 0 0 0 0 0 0 0 0 0 0 0 0 0 0 0 0 0 0 0 0 0 0 0 0 0 0 0 0 0 0 0 0 1 1 1 1 1 1 1 1 1 1 1 1 1 1 1 1 1 1 1 1 1 1 1 1 1 1 1 1 1 1 1 1 1 1 1 1 1 1 1 1 1 1 1 1 1 1 1 1 1 1 1 1 1 1 1 1 1 1 1 1 1 1 1 1 1 1 1 1 1 1 1 1 1 1
I1024 04:26:39.503901 47918998082624 create_pretraining_data.py:161] segment_ids: 0 0 0 0 0 0 0 0 0 0 0 0 0 0 0 0 0 0 0 0 0 0 0 0 0 0 0 0 0 0 0 0 0 0 0 0 0 0 0 0 0 0 0 0 0 0 0 0 0 0 0 0 0 0 1 1 1 1 1 1 1 1 1 1 1 1 1 1 1 1 1 1 1 1 1 1 1 1 1 1 1 1 1 1 1 1 1 1 1 1 1 1 1 1 1 1 1 1 1 1 1 1 1 1 1 1 1 1 1 1 1 1 1 1 1 1 1 1 1 1 1 1 1 1 1 1 1 1
INFO:tensorflow:masked_lm_positions: 6 7 20 21 22 61 62 68 73 74 91 94 95 96 102 105 112 115 117 0
I1024 04:26:39.504027 47918998082624 create_pretraining_data.py:161] masked_lm_positions: 6 7 20 21 22 61 62 68 73 74 91 94 95 96 102 105 112 115 117 0
INFO:tensorflow:masked_lm_ids: 2125 2051 378 11188 2030 1953 2891 30 2829 1010 1955 18161 1028 19980 2235 11678 378 1912 7408 0
I1024 04:26:39.504146 47918998082624 create_pretraining_data.py:161] masked_lm_ids: 2125 2051 378 11188 2030 1953 2891 30 2829 1010 1955 18161 1028 19980 2235 11678 378 1912 7408 0
INFO:tensorflow:masked_lm_weights: 1.0 1.0 1.0 1.0 1.0 1.0 1.0 1.0 1.0 1.0 1.0 1.0 1.0 1.0 1.0 1.0 1.0 1.0 1.0 0.0
I1024 04:26:39.504267 47918998082624 create_pretraining_data.py:161] masked_lm_weights: 1.0 1.0 1.0 1.0 1.0 1.0 1.0 1.0 1.0 1.0 1.0 1.0 1.0 1.0 1.0 1.0 1.0 1.0 1.0 0.0
INFO:tensorflow:next_sentence_labels: 0
I1024 04:26:39.504387 47918998082624 create_pretraining_data.py:161] next_sentence_labels: 0
INFO:tensorflow:Wrote 6384466 total instances
I1024 05:08:42.950029 47918998082624 create_pretraining_data.py:166] Wrote 6384466 total instances
