Loading module 'all'
WARNING:tensorflow:From ../bert/create_pretraining_data.py:469: The name tf.app.run is deprecated. Please use tf.compat.v1.app.run instead.

WARNING:tensorflow:From ../bert/create_pretraining_data.py:437: The name tf.logging.set_verbosity is deprecated. Please use tf.compat.v1.logging.set_verbosity instead.

W1024 05:04:20.244835 47099637589056 module_wrapper.py:139] From ../bert/create_pretraining_data.py:437: The name tf.logging.set_verbosity is deprecated. Please use tf.compat.v1.logging.set_verbosity instead.

WARNING:tensorflow:From ../bert/create_pretraining_data.py:437: The name tf.logging.INFO is deprecated. Please use tf.compat.v1.logging.INFO instead.

W1024 05:04:20.245124 47099637589056 module_wrapper.py:139] From ../bert/create_pretraining_data.py:437: The name tf.logging.INFO is deprecated. Please use tf.compat.v1.logging.INFO instead.

WARNING:tensorflow:From /scratch/gi372/camel-mlm/bert/tokenization.py:125: The name tf.gfile.GFile is deprecated. Please use tf.io.gfile.GFile instead.

W1024 05:04:20.245372 47099637589056 module_wrapper.py:139] From /scratch/gi372/camel-mlm/bert/tokenization.py:125: The name tf.gfile.GFile is deprecated. Please use tf.io.gfile.GFile instead.

WARNING:tensorflow:From ../bert/create_pretraining_data.py:444: The name tf.gfile.Glob is deprecated. Please use tf.io.gfile.glob instead.

W1024 05:04:20.349122 47099637589056 module_wrapper.py:139] From ../bert/create_pretraining_data.py:444: The name tf.gfile.Glob is deprecated. Please use tf.io.gfile.glob instead.

WARNING:tensorflow:From ../bert/create_pretraining_data.py:446: The name tf.logging.info is deprecated. Please use tf.compat.v1.logging.info instead.

W1024 05:04:20.374362 47099637589056 module_wrapper.py:139] From ../bert/create_pretraining_data.py:446: The name tf.logging.info is deprecated. Please use tf.compat.v1.logging.info instead.

INFO:tensorflow:*** Reading from input files ***
I1024 05:04:20.374626 47099637589056 create_pretraining_data.py:446] *** Reading from input files ***
INFO:tensorflow:  ../corpora/shards/MSA-oscar-unshuffled.docs.shard.085.normalized.sents
I1024 05:04:20.374732 47099637589056 create_pretraining_data.py:448]   ../corpora/shards/MSA-oscar-unshuffled.docs.shard.085.normalized.sents
INFO:tensorflow:*** Writing to output files ***
I1024 06:32:28.059726 47099637589056 create_pretraining_data.py:457] *** Writing to output files ***
INFO:tensorflow:  ../corpora/tf_records/MSA-oscar-unshuffled.docs.shard.085.tf_record
I1024 06:32:28.082690 47099637589056 create_pretraining_data.py:459]   ../corpora/tf_records/MSA-oscar-unshuffled.docs.shard.085.tf_record
WARNING:tensorflow:From ../bert/create_pretraining_data.py:101: The name tf.python_io.TFRecordWriter is deprecated. Please use tf.io.TFRecordWriter instead.

W1024 06:32:28.109061 47099637589056 module_wrapper.py:139] From ../bert/create_pretraining_data.py:101: The name tf.python_io.TFRecordWriter is deprecated. Please use tf.io.TFRecordWriter instead.

INFO:tensorflow:*** Example ***
I1024 06:32:28.142274 47099637589056 create_pretraining_data.py:149] *** Example ***
INFO:tensorflow:tokens: [CLS] التي س ##لح ##تها السعودية بصف ##قة مع فرنسا تجاوزت ثلاثة مليارات [MASK] ) ، لكن ما يهم ##نا [MASK] البحث عن السبب السياسي [MASK] يقف خلف هذه الصفقة الخليجية التي حرك ##ت السوق [MASK] ، سيما وانها تز ##امن ##ت مع دعوة خليجية وجهت الى الرئيس شاهدت " فرانس ##وا هول ##اند " لحضور " القمة التشاوري ##ة الخليجية [MASK] لمجلس التحديث الخليجي ، والتي اعتبرت الدعوة الأولى لرئيس [MASK] الى [MASK] خليجية منذ [SEP] القمة التشاوري ##ة التي ست ##باش ##ر اعمال ##ها في [MASK] من [MASK] الحالي ، ستت ##ناول ثلاث أمور مهمه بحسب ما تنا ##قلت ##ه القنوات الوظيفة والد ##بلوماسية : - مناقشة [MASK] اليمنية ودعم الحملة العسكرية للح ##الف العربي بقيادة [MASK] ، إضافة الى [MASK] [MASK] الحل السياسي [MASK] [SEP]
I1024 06:32:28.142727 47099637589056 create_pretraining_data.py:151] tokens: [CLS] التي س ##لح ##تها السعودية بصف ##قة مع فرنسا تجاوزت ثلاثة مليارات [MASK] ) ، لكن ما يهم ##نا [MASK] البحث عن السبب السياسي [MASK] يقف خلف هذه الصفقة الخليجية التي حرك ##ت السوق [MASK] ، سيما وانها تز ##امن ##ت مع دعوة خليجية وجهت الى الرئيس شاهدت " فرانس ##وا هول ##اند " لحضور " القمة التشاوري ##ة الخليجية [MASK] لمجلس التحديث الخليجي ، والتي اعتبرت الدعوة الأولى لرئيس [MASK] الى [MASK] خليجية منذ [SEP] القمة التشاوري ##ة التي ست ##باش ##ر اعمال ##ها في [MASK] من [MASK] الحالي ، ستت ##ناول ثلاث أمور مهمه بحسب ما تنا ##قلت ##ه القنوات الوظيفة والد ##بلوماسية : - مناقشة [MASK] اليمنية ودعم الحملة العسكرية للح ##الف العربي بقيادة [MASK] ، إضافة الى [MASK] [MASK] الحل السياسي [MASK] [SEP]
INFO:tensorflow:input_ids: 2 2061 399 1938 2377 3032 8627 2059 1973 5336 20563 4576 12563 4 13 378 2425 1972 6104 1914 4 3574 1955 6310 4254 4 9332 3479 2159 21491 12870 2061 15539 1005 4693 4 378 8287 22454 4147 3563 1005 1973 8470 24795 18738 2186 2554 26751 6 11736 1928 10705 5766 6 14040 6 10178 27892 1043 12870 4 10735 18487 10842 378 3385 22959 8593 3362 11458 4 2186 4 24795 2837 3 10178 27892 1043 2061 2333 27626 1017 5649 1913 1912 4 1908 4 5350 378 10561 6822 2917 12996 12916 6369 1972 3643 6795 1028 4601 14500 2965 28073 30 17 12683 4 10459 9282 10275 5477 2773 2681 2659 10852 4 378 5532 2186 4 4 6660 4254 4 3
I1024 06:32:28.143164 47099637589056 create_pretraining_data.py:161] input_ids: 2 2061 399 1938 2377 3032 8627 2059 1973 5336 20563 4576 12563 4 13 378 2425 1972 6104 1914 4 3574 1955 6310 4254 4 9332 3479 2159 21491 12870 2061 15539 1005 4693 4 378 8287 22454 4147 3563 1005 1973 8470 24795 18738 2186 2554 26751 6 11736 1928 10705 5766 6 14040 6 10178 27892 1043 12870 4 10735 18487 10842 378 3385 22959 8593 3362 11458 4 2186 4 24795 2837 3 10178 27892 1043 2061 2333 27626 1017 5649 1913 1912 4 1908 4 5350 378 10561 6822 2917 12996 12916 6369 1972 3643 6795 1028 4601 14500 2965 28073 30 17 12683 4 10459 9282 10275 5477 2773 2681 2659 10852 4 378 5532 2186 4 4 6660 4254 4 3
INFO:tensorflow:input_mask: 1 1 1 1 1 1 1 1 1 1 1 1 1 1 1 1 1 1 1 1 1 1 1 1 1 1 1 1 1 1 1 1 1 1 1 1 1 1 1 1 1 1 1 1 1 1 1 1 1 1 1 1 1 1 1 1 1 1 1 1 1 1 1 1 1 1 1 1 1 1 1 1 1 1 1 1 1 1 1 1 1 1 1 1 1 1 1 1 1 1 1 1 1 1 1 1 1 1 1 1 1 1 1 1 1 1 1 1 1 1 1 1 1 1 1 1 1 1 1 1 1 1 1 1 1 1 1 1
I1024 06:32:28.143473 47099637589056 create_pretraining_data.py:161] input_mask: 1 1 1 1 1 1 1 1 1 1 1 1 1 1 1 1 1 1 1 1 1 1 1 1 1 1 1 1 1 1 1 1 1 1 1 1 1 1 1 1 1 1 1 1 1 1 1 1 1 1 1 1 1 1 1 1 1 1 1 1 1 1 1 1 1 1 1 1 1 1 1 1 1 1 1 1 1 1 1 1 1 1 1 1 1 1 1 1 1 1 1 1 1 1 1 1 1 1 1 1 1 1 1 1 1 1 1 1 1 1 1 1 1 1 1 1 1 1 1 1 1 1 1 1 1 1 1 1
INFO:tensorflow:segment_ids: 0 0 0 0 0 0 0 0 0 0 0 0 0 0 0 0 0 0 0 0 0 0 0 0 0 0 0 0 0 0 0 0 0 0 0 0 0 0 0 0 0 0 0 0 0 0 0 0 0 0 0 0 0 0 0 0 0 0 0 0 0 0 0 0 0 0 0 0 0 0 0 0 0 0 0 0 0 1 1 1 1 1 1 1 1 1 1 1 1 1 1 1 1 1 1 1 1 1 1 1 1 1 1 1 1 1 1 1 1 1 1 1 1 1 1 1 1 1 1 1 1 1 1 1 1 1 1 1
I1024 06:32:28.143773 47099637589056 create_pretraining_data.py:161] segment_ids: 0 0 0 0 0 0 0 0 0 0 0 0 0 0 0 0 0 0 0 0 0 0 0 0 0 0 0 0 0 0 0 0 0 0 0 0 0 0 0 0 0 0 0 0 0 0 0 0 0 0 0 0 0 0 0 0 0 0 0 0 0 0 0 0 0 0 0 0 0 0 0 0 0 0 0 0 0 1 1 1 1 1 1 1 1 1 1 1 1 1 1 1 1 1 1 1 1 1 1 1 1 1 1 1 1 1 1 1 1 1 1 1 1 1 1 1 1 1 1 1 1 1 1 1 1 1 1 1
INFO:tensorflow:masked_lm_positions: 13 20 25 35 48 61 63 71 73 87 89 96 103 107 109 118 122 123 126 0
I1024 06:32:28.143985 47099637589056 create_pretraining_data.py:161] masked_lm_positions: 13 20 25 35 48 61 63 71 73 87 89 96 103 107 109 118 122 123 126 0
INFO:tensorflow:masked_lm_ids: 3372 2139 2130 5043 5508 6 4209 12308 9319 5991 4614 12916 6691 17 14617 3032 12683 13562 18 0
I1024 06:32:28.144215 47099637589056 create_pretraining_data.py:161] masked_lm_ids: 3372 2139 2130 5043 5508 6 4209 12308 9319 5991 4614 12916 6691 17 14617 3032 12683 13562 18 0
INFO:tensorflow:masked_lm_weights: 1.0 1.0 1.0 1.0 1.0 1.0 1.0 1.0 1.0 1.0 1.0 1.0 1.0 1.0 1.0 1.0 1.0 1.0 1.0 0.0
I1024 06:32:28.145404 47099637589056 create_pretraining_data.py:161] masked_lm_weights: 1.0 1.0 1.0 1.0 1.0 1.0 1.0 1.0 1.0 1.0 1.0 1.0 1.0 1.0 1.0 1.0 1.0 1.0 1.0 0.0
INFO:tensorflow:next_sentence_labels: 0
I1024 06:32:28.145618 47099637589056 create_pretraining_data.py:161] next_sentence_labels: 0
INFO:tensorflow:*** Example ***
I1024 06:32:28.147093 47099637589056 create_pretraining_data.py:149] *** Example ***
INFO:tensorflow:tokens: [CLS] ##ina ##l لف ##ك [MASK] [MASK] ورم ##وز البرامج الغير مفهوم ##ة m ##ok ##ht ##ar ##1 منتدى [MASK] المجانية 0 [MASK] - 03 - 2018 08 [MASK] 13 PM R [MASK] Te ##x ##t ##E * 8 . 95 – F ##ina ##l برنامج هام لف ##ك [MASK] ♀ [MASK] [MASK] البرامج الغير مفهوم ##ة m ##ok ##ht ##ar ##1 منتدى البرامج [SEP] أن تقوم [MASK] أو التسجيل إذا رغبت بالمشاركة في المنتدى منتديات الد ##ويم الحر تهن ##ئ جميع افراد الشعب السوداني بحلول عيد الاض ##حي [MASK] جعل الله عليكم شهر خير وبركه - - [MASK] مواضيع جديده نتيجة [MASK] الشهادة السودانية 2012 - 2013 - 2014 - - - [MASK] انت [MASK] من [MASK] ومع الاخرين ادخل واكتب ثلاثه 96 عيوب ##ك ؟ [SEP]
I1024 06:32:28.147452 47099637589056 create_pretraining_data.py:151] tokens: [CLS] ##ina ##l لف ##ك [MASK] [MASK] ورم ##وز البرامج الغير مفهوم ##ة m ##ok ##ht ##ar ##1 منتدى [MASK] المجانية 0 [MASK] - 03 - 2018 08 [MASK] 13 PM R [MASK] Te ##x ##t ##E * 8 . 95 – F ##ina ##l برنامج هام لف ##ك [MASK] ♀ [MASK] [MASK] البرامج الغير مفهوم ##ة m ##ok ##ht ##ar ##1 منتدى البرامج [SEP] أن تقوم [MASK] أو التسجيل إذا رغبت بالمشاركة في المنتدى منتديات الد ##ويم الحر تهن ##ئ جميع افراد الشعب السوداني بحلول عيد الاض ##حي [MASK] جعل الله عليكم شهر خير وبركه - - [MASK] مواضيع جديده نتيجة [MASK] الشهادة السودانية 2012 - 2013 - 2014 - - - [MASK] انت [MASK] من [MASK] ومع الاخرين ادخل واكتب ثلاثه 96 عيوب ##ك ؟ [SEP]
INFO:tensorflow:input_ids: 2 23321 1096 4488 1014 4 4 14246 2183 3839 7770 10294 1043 81 11246 11213 2625 1029 2069 4 11402 20 4 17 6257 17 2635 6006 4 3243 6033 54 4 23205 1068 1048 1072 14 28 18 13635 616 42 23321 1096 3189 5935 4488 1014 4 748 4 4 3839 7770 10294 1043 81 11246 11213 2625 1029 2069 3839 3 1979 3952 4 2075 4441 2617 7203 8671 1912 2537 3074 1978 7543 3220 12385 1042 2561 14727 3086 9825 15562 4776 11274 2120 4 4835 1953 4229 3282 2631 25632 17 17 4 4483 6293 4909 4 12853 11322 4670 17 4411 17 4296 17 17 17 4 2164 4 1908 4 3191 5757 10571 16531 10129 19239 10306 1014 380 3
I1024 06:32:28.147802 47099637589056 create_pretraining_data.py:161] input_ids: 2 23321 1096 4488 1014 4 4 14246 2183 3839 7770 10294 1043 81 11246 11213 2625 1029 2069 4 11402 20 4 17 6257 17 2635 6006 4 3243 6033 54 4 23205 1068 1048 1072 14 28 18 13635 616 42 23321 1096 3189 5935 4488 1014 4 748 4 4 3839 7770 10294 1043 81 11246 11213 2625 1029 2069 3839 3 1979 3952 4 2075 4441 2617 7203 8671 1912 2537 3074 1978 7543 3220 12385 1042 2561 14727 3086 9825 15562 4776 11274 2120 4 4835 1953 4229 3282 2631 25632 17 17 4 4483 6293 4909 4 12853 11322 4670 17 4411 17 4296 17 17 17 4 2164 4 1908 4 3191 5757 10571 16531 10129 19239 10306 1014 380 3
INFO:tensorflow:input_mask: 1 1 1 1 1 1 1 1 1 1 1 1 1 1 1 1 1 1 1 1 1 1 1 1 1 1 1 1 1 1 1 1 1 1 1 1 1 1 1 1 1 1 1 1 1 1 1 1 1 1 1 1 1 1 1 1 1 1 1 1 1 1 1 1 1 1 1 1 1 1 1 1 1 1 1 1 1 1 1 1 1 1 1 1 1 1 1 1 1 1 1 1 1 1 1 1 1 1 1 1 1 1 1 1 1 1 1 1 1 1 1 1 1 1 1 1 1 1 1 1 1 1 1 1 1 1 1 1
I1024 06:32:28.148092 47099637589056 create_pretraining_data.py:161] input_mask: 1 1 1 1 1 1 1 1 1 1 1 1 1 1 1 1 1 1 1 1 1 1 1 1 1 1 1 1 1 1 1 1 1 1 1 1 1 1 1 1 1 1 1 1 1 1 1 1 1 1 1 1 1 1 1 1 1 1 1 1 1 1 1 1 1 1 1 1 1 1 1 1 1 1 1 1 1 1 1 1 1 1 1 1 1 1 1 1 1 1 1 1 1 1 1 1 1 1 1 1 1 1 1 1 1 1 1 1 1 1 1 1 1 1 1 1 1 1 1 1 1 1 1 1 1 1 1 1
INFO:tensorflow:segment_ids: 0 0 0 0 0 0 0 0 0 0 0 0 0 0 0 0 0 0 0 0 0 0 0 0 0 0 0 0 0 0 0 0 0 0 0 0 0 0 0 0 0 0 0 0 0 0 0 0 0 0 0 0 0 0 0 0 0 0 0 0 0 0 0 0 0 1 1 1 1 1 1 1 1 1 1 1 1 1 1 1 1 1 1 1 1 1 1 1 1 1 1 1 1 1 1 1 1 1 1 1 1 1 1 1 1 1 1 1 1 1 1 1 1 1 1 1 1 1 1 1 1 1 1 1 1 1 1 1
I1024 06:32:28.148396 47099637589056 create_pretraining_data.py:161] segment_ids: 0 0 0 0 0 0 0 0 0 0 0 0 0 0 0 0 0 0 0 0 0 0 0 0 0 0 0 0 0 0 0 0 0 0 0 0 0 0 0 0 0 0 0 0 0 0 0 0 0 0 0 0 0 0 0 0 0 0 0 0 0 0 0 0 0 1 1 1 1 1 1 1 1 1 1 1 1 1 1 1 1 1 1 1 1 1 1 1 1 1 1 1 1 1 1 1 1 1 1 1 1 1 1 1 1 1 1 1 1 1 1 1 1 1 1 1 1 1 1 1 1 1 1 1 1 1 1 1
INFO:tensorflow:masked_lm_positions: 5 6 19 22 28 31 32 49 50 51 52 67 89 98 102 113 115 117 123 0
I1024 06:32:28.148603 47099637589056 create_pretraining_data.py:161] masked_lm_positions: 5 6 19 22 28 31 32 49 50 51 52 67 89 98 102 113 115 117 123 0
INFO:tensorflow:masked_lm_ids: 5660 2401 3839 5941 30 54 1089 5660 2401 14246 2183 9704 8701 17 9179 2827 17901 3665 1908 0
I1024 06:32:28.148833 47099637589056 create_pretraining_data.py:161] masked_lm_ids: 5660 2401 3839 5941 30 54 1089 5660 2401 14246 2183 9704 8701 17 9179 2827 17901 3665 1908 0
INFO:tensorflow:masked_lm_weights: 1.0 1.0 1.0 1.0 1.0 1.0 1.0 1.0 1.0 1.0 1.0 1.0 1.0 1.0 1.0 1.0 1.0 1.0 1.0 0.0
I1024 06:32:28.148952 47099637589056 create_pretraining_data.py:161] masked_lm_weights: 1.0 1.0 1.0 1.0 1.0 1.0 1.0 1.0 1.0 1.0 1.0 1.0 1.0 1.0 1.0 1.0 1.0 1.0 1.0 0.0
INFO:tensorflow:next_sentence_labels: 1
I1024 06:32:28.149058 47099637589056 create_pretraining_data.py:161] next_sentence_labels: 1
INFO:tensorflow:*** Example ***
I1024 06:32:28.149958 47099637589056 create_pretraining_data.py:149] *** Example ***
INFO:tensorflow:tokens: [CLS] إدارة الموقع [SEP] . 0 ##ات قسم استايلات قسم [MASK] [MASK] المنتدى العام قسم الأخبار العامة المواقع الربح ##ية القسم العام بحوث علمية جديدة أرض العجائب وغرائب قسم [MASK] الهادف واحة المعرفة هنا هل تعلم ؟ ؟ ؟ ؟ فس ##حة المعرفة بستان المعرفة [MASK] المقيمين الذات والتنمية البشرية لوحة المعرفة إبداع ليس له حدود قسم الفضاء New K ##ey جديد الش ##فرة Rec ##e ##ivers [MASK] ##ox [MASK] [MASK] [MASK] [MASK] [MASK] New ##C ##am ##d C ##am & Smart C ##ard F ##ir ##m ##ware D ##ong ##le S ##oft D ##vb C ##ard الفضائيات مرت منتدى المسابقات العام قسم المسابقات المتداولة [MASK] المسابقات المميزة قسم مسابقات [MASK] قسم المسابقات الدينية والثقافية قسم المسابقات الرياضية والتحديات إدارة منتدى المسابقات منتدى البرامج العام [MASK] البرامج [SEP]
I1024 06:32:28.150173 47099637589056 create_pretraining_data.py:151] tokens: [CLS] إدارة الموقع [SEP] . 0 ##ات قسم استايلات قسم [MASK] [MASK] المنتدى العام قسم الأخبار العامة المواقع الربح ##ية القسم العام بحوث علمية جديدة أرض العجائب وغرائب قسم [MASK] الهادف واحة المعرفة هنا هل تعلم ؟ ؟ ؟ ؟ فس ##حة المعرفة بستان المعرفة [MASK] المقيمين الذات والتنمية البشرية لوحة المعرفة إبداع ليس له حدود قسم الفضاء New K ##ey جديد الش ##فرة Rec ##e ##ivers [MASK] ##ox [MASK] [MASK] [MASK] [MASK] [MASK] New ##C ##am ##d C ##am & Smart C ##ard F ##ir ##m ##ware D ##ong ##le S ##oft D ##vb C ##ard الفضائيات مرت منتدى المسابقات العام قسم المسابقات المتداولة [MASK] المسابقات المميزة قسم مسابقات [MASK] قسم المسابقات الدينية والثقافية قسم المسابقات الرياضية والتحديات إدارة منتدى المسابقات منتدى البرامج العام [MASK] البرامج [SEP]
INFO:tensorflow:input_ids: 2 3957 3221 3 18 20 1904 2122 27622 2122 4 4 2537 2169 2122 4919 2754 4268 12413 1910 3438 2169 16149 10164 3403 5611 23598 23282 2122 4 26913 8445 7344 2349 2827 3698 380 380 380 380 5739 2106 7344 26663 7344 4 21454 5558 11319 6723 5201 7344 16171 2618 2154 5402 2122 9719 23877 47 14716 3044 1966 11555 28057 1023 26398 4 7008 4 4 4 4 4 23877 1084 3263 1047 39 3263 10 27818 39 11636 42 6906 1103 22220 40 15106 4061 55 14253 40 29963 39 11636 16417 3508 2069 7224 2169 2122 7224 14672 4 7224 8969 2122 8649 4 2122 7224 6334 14295 2122 7224 5400 29414 3957 2069 7224 2069 3839 2169 4 3839 3
I1024 06:32:28.150387 47099637589056 create_pretraining_data.py:161] input_ids: 2 3957 3221 3 18 20 1904 2122 27622 2122 4 4 2537 2169 2122 4919 2754 4268 12413 1910 3438 2169 16149 10164 3403 5611 23598 23282 2122 4 26913 8445 7344 2349 2827 3698 380 380 380 380 5739 2106 7344 26663 7344 4 21454 5558 11319 6723 5201 7344 16171 2618 2154 5402 2122 9719 23877 47 14716 3044 1966 11555 28057 1023 26398 4 7008 4 4 4 4 4 23877 1084 3263 1047 39 3263 10 27818 39 11636 42 6906 1103 22220 40 15106 4061 55 14253 40 29963 39 11636 16417 3508 2069 7224 2169 2122 7224 14672 4 7224 8969 2122 8649 4 2122 7224 6334 14295 2122 7224 5400 29414 3957 2069 7224 2069 3839 2169 4 3839 3
INFO:tensorflow:input_mask: 1 1 1 1 1 1 1 1 1 1 1 1 1 1 1 1 1 1 1 1 1 1 1 1 1 1 1 1 1 1 1 1 1 1 1 1 1 1 1 1 1 1 1 1 1 1 1 1 1 1 1 1 1 1 1 1 1 1 1 1 1 1 1 1 1 1 1 1 1 1 1 1 1 1 1 1 1 1 1 1 1 1 1 1 1 1 1 1 1 1 1 1 1 1 1 1 1 1 1 1 1 1 1 1 1 1 1 1 1 1 1 1 1 1 1 1 1 1 1 1 1 1 1 1 1 1 1 1
I1024 06:32:28.150554 47099637589056 create_pretraining_data.py:161] input_mask: 1 1 1 1 1 1 1 1 1 1 1 1 1 1 1 1 1 1 1 1 1 1 1 1 1 1 1 1 1 1 1 1 1 1 1 1 1 1 1 1 1 1 1 1 1 1 1 1 1 1 1 1 1 1 1 1 1 1 1 1 1 1 1 1 1 1 1 1 1 1 1 1 1 1 1 1 1 1 1 1 1 1 1 1 1 1 1 1 1 1 1 1 1 1 1 1 1 1 1 1 1 1 1 1 1 1 1 1 1 1 1 1 1 1 1 1 1 1 1 1 1 1 1 1 1 1 1 1
INFO:tensorflow:segment_ids: 0 0 0 0 1 1 1 1 1 1 1 1 1 1 1 1 1 1 1 1 1 1 1 1 1 1 1 1 1 1 1 1 1 1 1 1 1 1 1 1 1 1 1 1 1 1 1 1 1 1 1 1 1 1 1 1 1 1 1 1 1 1 1 1 1 1 1 1 1 1 1 1 1 1 1 1 1 1 1 1 1 1 1 1 1 1 1 1 1 1 1 1 1 1 1 1 1 1 1 1 1 1 1 1 1 1 1 1 1 1 1 1 1 1 1 1 1 1 1 1 1 1 1 1 1 1 1 1
I1024 06:32:28.150724 47099637589056 create_pretraining_data.py:161] segment_ids: 0 0 0 0 1 1 1 1 1 1 1 1 1 1 1 1 1 1 1 1 1 1 1 1 1 1 1 1 1 1 1 1 1 1 1 1 1 1 1 1 1 1 1 1 1 1 1 1 1 1 1 1 1 1 1 1 1 1 1 1 1 1 1 1 1 1 1 1 1 1 1 1 1 1 1 1 1 1 1 1 1 1 1 1 1 1 1 1 1 1 1 1 1 1 1 1 1 1 1 1 1 1 1 1 1 1 1 1 1 1 1 1 1 1 1 1 1 1 1 1 1 1 1 1 1 1 1 1
INFO:tensorflow:masked_lm_positions: 10 11 29 43 45 46 67 68 69 70 71 72 73 98 104 105 110 124 125 0
I1024 06:32:28.150843 47099637589056 create_pretraining_data.py:161] masked_lm_positions: 10 11 29 43 45 46 67 68 69 70 71 72 73 98 104 105 110 124 125 0
INFO:tensorflow:masked_lm_ids: 3832 4228 4519 26663 2122 4168 19546 7008 10 49 1100 9581 10 14612 14672 2122 3386 2169 2122 0
I1024 06:32:28.150960 47099637589056 create_pretraining_data.py:161] masked_lm_ids: 3832 4228 4519 26663 2122 4168 19546 7008 10 49 1100 9581 10 14612 14672 2122 3386 2169 2122 0
INFO:tensorflow:masked_lm_weights: 1.0 1.0 1.0 1.0 1.0 1.0 1.0 1.0 1.0 1.0 1.0 1.0 1.0 1.0 1.0 1.0 1.0 1.0 1.0 0.0
I1024 06:32:28.151077 47099637589056 create_pretraining_data.py:161] masked_lm_weights: 1.0 1.0 1.0 1.0 1.0 1.0 1.0 1.0 1.0 1.0 1.0 1.0 1.0 1.0 1.0 1.0 1.0 1.0 1.0 0.0
INFO:tensorflow:next_sentence_labels: 1
I1024 06:32:28.151183 47099637589056 create_pretraining_data.py:161] next_sentence_labels: 1
INFO:tensorflow:*** Example ***
I1024 06:32:28.152065 47099637589056 create_pretraining_data.py:149] *** Example ***
INFO:tensorflow:tokens: [CLS] र [MASK] جواب قومه إلا أن قالوا أخرج ##وا آل لو ##ط من قري ##تكم إنهم أنا ##س يت ##طه ##رون . [SEP] هل تبحث عن كتب [MASK] في [MASK] أو تود عرض كتب علمية فأنت في [MASK] الصحيح [MASK] يوفر لك موقع سوق [MASK] إمكانية الربط بين عارض ##ي كتب [MASK] من جهة و بين من يبحث عنها من للتر أخرى . [SEP]
I1024 06:32:28.152246 47099637589056 create_pretraining_data.py:151] tokens: [CLS] र [MASK] جواب قومه إلا أن قالوا أخرج ##وا آل لو ##ط من قري ##تكم إنهم أنا ##س يت ##طه ##رون . [SEP] هل تبحث عن كتب [MASK] في [MASK] أو تود عرض كتب علمية فأنت في [MASK] الصحيح [MASK] يوفر لك موقع سوق [MASK] إمكانية الربط بين عارض ##ي كتب [MASK] من جهة و بين من يبحث عنها من للتر أخرى . [SEP]
INFO:tensorflow:input_ids: 2 536 4 13122 20736 2725 1979 5774 16229 1928 5172 2244 1040 1908 7635 7145 15250 3897 1033 2097 3450 7851 18 3 2827 8283 1955 3199 4 1912 4 2075 19358 3261 3199 10164 16563 1912 4 6826 4 11044 2278 2867 3689 4 10888 23910 2117 23261 1013 3199 4 1908 5424 415 2117 1908 6753 3851 1908 21086 3286 18 3 0 0 0 0 0 0 0 0 0 0 0 0 0 0 0 0 0 0 0 0 0 0 0 0 0 0 0 0 0 0 0 0 0 0 0 0 0 0 0 0 0 0 0 0 0 0 0 0 0 0 0 0 0 0 0 0 0 0 0 0 0 0 0
I1024 06:32:28.152433 47099637589056 create_pretraining_data.py:161] input_ids: 2 536 4 13122 20736 2725 1979 5774 16229 1928 5172 2244 1040 1908 7635 7145 15250 3897 1033 2097 3450 7851 18 3 2827 8283 1955 3199 4 1912 4 2075 19358 3261 3199 10164 16563 1912 4 6826 4 11044 2278 2867 3689 4 10888 23910 2117 23261 1013 3199 4 1908 5424 415 2117 1908 6753 3851 1908 21086 3286 18 3 0 0 0 0 0 0 0 0 0 0 0 0 0 0 0 0 0 0 0 0 0 0 0 0 0 0 0 0 0 0 0 0 0 0 0 0 0 0 0 0 0 0 0 0 0 0 0 0 0 0 0 0 0 0 0 0 0 0 0 0 0 0 0
INFO:tensorflow:input_mask: 1 1 1 1 1 1 1 1 1 1 1 1 1 1 1 1 1 1 1 1 1 1 1 1 1 1 1 1 1 1 1 1 1 1 1 1 1 1 1 1 1 1 1 1 1 1 1 1 1 1 1 1 1 1 1 1 1 1 1 1 1 1 1 1 1 0 0 0 0 0 0 0 0 0 0 0 0 0 0 0 0 0 0 0 0 0 0 0 0 0 0 0 0 0 0 0 0 0 0 0 0 0 0 0 0 0 0 0 0 0 0 0 0 0 0 0 0 0 0 0 0 0 0 0 0 0 0 0
I1024 06:32:28.152600 47099637589056 create_pretraining_data.py:161] input_mask: 1 1 1 1 1 1 1 1 1 1 1 1 1 1 1 1 1 1 1 1 1 1 1 1 1 1 1 1 1 1 1 1 1 1 1 1 1 1 1 1 1 1 1 1 1 1 1 1 1 1 1 1 1 1 1 1 1 1 1 1 1 1 1 1 1 0 0 0 0 0 0 0 0 0 0 0 0 0 0 0 0 0 0 0 0 0 0 0 0 0 0 0 0 0 0 0 0 0 0 0 0 0 0 0 0 0 0 0 0 0 0 0 0 0 0 0 0 0 0 0 0 0 0 0 0 0 0 0
INFO:tensorflow:segment_ids: 0 0 0 0 0 0 0 0 0 0 0 0 0 0 0 0 0 0 0 0 0 0 0 0 1 1 1 1 1 1 1 1 1 1 1 1 1 1 1 1 1 1 1 1 1 1 1 1 1 1 1 1 1 1 1 1 1 1 1 1 1 1 1 1 1 0 0 0 0 0 0 0 0 0 0 0 0 0 0 0 0 0 0 0 0 0 0 0 0 0 0 0 0 0 0 0 0 0 0 0 0 0 0 0 0 0 0 0 0 0 0 0 0 0 0 0 0 0 0 0 0 0 0 0 0 0 0 0
I1024 06:32:28.152769 47099637589056 create_pretraining_data.py:161] segment_ids: 0 0 0 0 0 0 0 0 0 0 0 0 0 0 0 0 0 0 0 0 0 0 0 0 1 1 1 1 1 1 1 1 1 1 1 1 1 1 1 1 1 1 1 1 1 1 1 1 1 1 1 1 1 1 1 1 1 1 1 1 1 1 1 1 1 0 0 0 0 0 0 0 0 0 0 0 0 0 0 0 0 0 0 0 0 0 0 0 0 0 0 0 0 0 0 0 0 0 0 0 0 0 0 0 0 0 0 0 0 0 0 0 0 0 0 0 0 0 0 0 0 0 0 0 0 0 0 0
INFO:tensorflow:masked_lm_positions: 1 2 28 30 38 40 45 52 61 63 0 0 0 0 0 0 0 0 0 0
I1024 06:32:28.152887 47099637589056 create_pretraining_data.py:161] masked_lm_positions: 1 2 28 30 38 40 45 52 61 63 0 0 0 0 0 0 0 0 0 0
INFO:tensorflow:masked_lm_ids: 4721 2055 10164 4054 5401 378 4054 10164 5424 18 0 0 0 0 0 0 0 0 0 0
I1024 06:32:28.153001 47099637589056 create_pretraining_data.py:161] masked_lm_ids: 4721 2055 10164 4054 5401 378 4054 10164 5424 18 0 0 0 0 0 0 0 0 0 0
INFO:tensorflow:masked_lm_weights: 1.0 1.0 1.0 1.0 1.0 1.0 1.0 1.0 1.0 1.0 0.0 0.0 0.0 0.0 0.0 0.0 0.0 0.0 0.0 0.0
I1024 06:32:28.153116 47099637589056 create_pretraining_data.py:161] masked_lm_weights: 1.0 1.0 1.0 1.0 1.0 1.0 1.0 1.0 1.0 1.0 0.0 0.0 0.0 0.0 0.0 0.0 0.0 0.0 0.0 0.0
INFO:tensorflow:next_sentence_labels: 1
I1024 06:32:28.153236 47099637589056 create_pretraining_data.py:161] next_sentence_labels: 1
INFO:tensorflow:*** Example ***
I1024 06:32:28.154096 47099637589056 create_pretraining_data.py:149] *** Example ***
INFO:tensorflow:tokens: [CLS] العلم يبني بيوت ##ا لا عماد لها والج ##هل يهد ##م [MASK] العز [MASK] [MASK] . . أخ ##و العلم حي خالد بعد موته [MASK] [MASK] ##له تحت التراب رمي ##م . . [SEP] [MASK] وهو ماش على [MASK] الاجابة يظن من الأحياء وهو رمي ##م . . العلم أن ##فس شيء لأن ##ت ذا ##خره من يدرس العلم لم تدرس مف ##اخر ##ه . . تعلم فليس المرء يولد عالما وليس أخ ##و علم كمن هو جاهل . [MASK] انتقل [MASK] : اختر منتدى | | - - المنتدى العام بجوار | - - محمد الصفا ##ر مدرس لغة عربية [MASK] | - - استراحة المنتدى | | [MASK] - المواضيع المميزة | | - - قسم المواضيع العامة [MASK] [MASK] forum | | - [SEP]
I1024 06:32:28.154305 47099637589056 create_pretraining_data.py:151] tokens: [CLS] العلم يبني بيوت ##ا لا عماد لها والج ##هل يهد ##م [MASK] العز [MASK] [MASK] . . أخ ##و العلم حي خالد بعد موته [MASK] [MASK] ##له تحت التراب رمي ##م . . [SEP] [MASK] وهو ماش على [MASK] الاجابة يظن من الأحياء وهو رمي ##م . . العلم أن ##فس شيء لأن ##ت ذا ##خره من يدرس العلم لم تدرس مف ##اخر ##ه . . تعلم فليس المرء يولد عالما وليس أخ ##و علم كمن هو جاهل . [MASK] انتقل [MASK] : اختر منتدى | | - - المنتدى العام بجوار | - - محمد الصفا ##ر مدرس لغة عربية [MASK] | - - استراحة المنتدى | | [MASK] - المواضيع المميزة | | - - قسم المواضيع العامة [MASK] [MASK] forum | | - [SEP]
INFO:tensorflow:input_ids: 2 2789 25461 8578 1007 1963 11559 2553 3057 2458 19540 1015 4 6866 4 4 18 18 2591 1012 2789 2322 3627 2089 21530 4 4 1917 2538 10170 10448 1015 18 18 3 4 2400 17882 1961 4 29715 15544 1908 14150 2400 10448 1015 18 18 2789 1979 2094 2621 3034 1005 4647 6198 1908 18733 2789 2043 17449 3430 10486 1028 18 18 3698 9057 10197 9892 22799 3607 2591 1012 2689 16262 2139 26659 18 4 4481 4 30 3872 2069 96 96 17 17 2537 2169 16167 96 17 17 2202 23614 1017 22566 6764 5361 4 96 17 17 13322 2537 96 96 4 17 3642 8969 96 96 17 17 2122 3642 2754 4 4 23585 96 96 17 3
I1024 06:32:28.154502 47099637589056 create_pretraining_data.py:161] input_ids: 2 2789 25461 8578 1007 1963 11559 2553 3057 2458 19540 1015 4 6866 4 4 18 18 2591 1012 2789 2322 3627 2089 21530 4 4 1917 2538 10170 10448 1015 18 18 3 4 2400 17882 1961 4 29715 15544 1908 14150 2400 10448 1015 18 18 2789 1979 2094 2621 3034 1005 4647 6198 1908 18733 2789 2043 17449 3430 10486 1028 18 18 3698 9057 10197 9892 22799 3607 2591 1012 2689 16262 2139 26659 18 4 4481 4 30 3872 2069 96 96 17 17 2537 2169 16167 96 17 17 2202 23614 1017 22566 6764 5361 4 96 17 17 13322 2537 96 96 4 17 3642 8969 96 96 17 17 2122 3642 2754 4 4 23585 96 96 17 3
INFO:tensorflow:input_mask: 1 1 1 1 1 1 1 1 1 1 1 1 1 1 1 1 1 1 1 1 1 1 1 1 1 1 1 1 1 1 1 1 1 1 1 1 1 1 1 1 1 1 1 1 1 1 1 1 1 1 1 1 1 1 1 1 1 1 1 1 1 1 1 1 1 1 1 1 1 1 1 1 1 1 1 1 1 1 1 1 1 1 1 1 1 1 1 1 1 1 1 1 1 1 1 1 1 1 1 1 1 1 1 1 1 1 1 1 1 1 1 1 1 1 1 1 1 1 1 1 1 1 1 1 1 1 1 1
I1024 06:32:28.154678 47099637589056 create_pretraining_data.py:161] input_mask: 1 1 1 1 1 1 1 1 1 1 1 1 1 1 1 1 1 1 1 1 1 1 1 1 1 1 1 1 1 1 1 1 1 1 1 1 1 1 1 1 1 1 1 1 1 1 1 1 1 1 1 1 1 1 1 1 1 1 1 1 1 1 1 1 1 1 1 1 1 1 1 1 1 1 1 1 1 1 1 1 1 1 1 1 1 1 1 1 1 1 1 1 1 1 1 1 1 1 1 1 1 1 1 1 1 1 1 1 1 1 1 1 1 1 1 1 1 1 1 1 1 1 1 1 1 1 1 1
INFO:tensorflow:segment_ids: 0 0 0 0 0 0 0 0 0 0 0 0 0 0 0 0 0 0 0 0 0 0 0 0 0 0 0 0 0 0 0 0 0 0 0 1 1 1 1 1 1 1 1 1 1 1 1 1 1 1 1 1 1 1 1 1 1 1 1 1 1 1 1 1 1 1 1 1 1 1 1 1 1 1 1 1 1 1 1 1 1 1 1 1 1 1 1 1 1 1 1 1 1 1 1 1 1 1 1 1 1 1 1 1 1 1 1 1 1 1 1 1 1 1 1 1 1 1 1 1 1 1 1 1 1 1 1 1
I1024 06:32:28.154839 47099637589056 create_pretraining_data.py:161] segment_ids: 0 0 0 0 0 0 0 0 0 0 0 0 0 0 0 0 0 0 0 0 0 0 0 0 0 0 0 0 0 0 0 0 0 0 0 1 1 1 1 1 1 1 1 1 1 1 1 1 1 1 1 1 1 1 1 1 1 1 1 1 1 1 1 1 1 1 1 1 1 1 1 1 1 1 1 1 1 1 1 1 1 1 1 1 1 1 1 1 1 1 1 1 1 1 1 1 1 1 1 1 1 1 1 1 1 1 1 1 1 1 1 1 1 1 1 1 1 1 1 1 1 1 1 1 1 1 1 1
INFO:tensorflow:masked_lm_positions: 12 14 15 25 26 27 35 39 40 80 82 92 100 102 110 115 121 122 126 0
I1024 06:32:28.154977 47099637589056 create_pretraining_data.py:161] masked_lm_positions: 12 14 15 25 26 27 35 39 40 80 82 92 100 102 110 115 121 122 126 0
INFO:tensorflow:masked_lm_ids: 2967 12367 1037 2073 4667 1917 5463 2084 3719 18 2186 96 6764 96 17 96 75 22277 17 0
I1024 06:32:28.155093 47099637589056 create_pretraining_data.py:161] masked_lm_ids: 2967 12367 1037 2073 4667 1917 5463 2084 3719 18 2186 96 6764 96 17 96 75 22277 17 0
INFO:tensorflow:masked_lm_weights: 1.0 1.0 1.0 1.0 1.0 1.0 1.0 1.0 1.0 1.0 1.0 1.0 1.0 1.0 1.0 1.0 1.0 1.0 1.0 0.0
I1024 06:32:28.155209 47099637589056 create_pretraining_data.py:161] masked_lm_weights: 1.0 1.0 1.0 1.0 1.0 1.0 1.0 1.0 1.0 1.0 1.0 1.0 1.0 1.0 1.0 1.0 1.0 1.0 1.0 0.0
INFO:tensorflow:next_sentence_labels: 0
I1024 06:32:28.155313 47099637589056 create_pretraining_data.py:161] next_sentence_labels: 0
INFO:tensorflow:*** Example ***
I1024 06:32:28.156204 47099637589056 create_pretraining_data.py:149] *** Example ***
INFO:tensorflow:tokens: [CLS] © phpBB | انشاء منتدى [MASK] أحلى منتدى [MASK] منتدى مجاني للدعم و المساعدة [MASK] إتصل بنا | التبليغ عن محتوى مخالف | احدث مدونتك [SEP] مسلح ##ا عند الحدود [MASK] : : التحالف : [MASK] خطط لفرض حظر جوي على سوريا قريبا : : سوريا [MASK] حالة استن ##فار قتال ##ي كامل : : [MASK] تهب [MASK] عن إدلب : : الولايات [MASK] تغلق [MASK] السورية أمام روسيا : : بأ ##قلا ##مه ##م : الدكتور بشار الأسد صاحب المواقف المشرف ##ة [MASK] [MASK] : حسين محمد [MASK] : : [MASK] حشد [MASK] وأمر ##يك ##ا أس ##اطي ##لهما في المتوسط قرب سوريا . . الناتو يدعو لض ##بط النفس [MASK] : [MASK] أسماء الأسد [MASK] « منا ##رة قط ##نا » بريف دمشق : [SEP]
I1024 06:32:28.156379 47099637589056 create_pretraining_data.py:151] tokens: [CLS] © phpBB | انشاء منتدى [MASK] أحلى منتدى [MASK] منتدى مجاني للدعم و المساعدة [MASK] إتصل بنا | التبليغ عن محتوى مخالف | احدث مدونتك [SEP] مسلح ##ا عند الحدود [MASK] : : التحالف : [MASK] خطط لفرض حظر جوي على سوريا قريبا : : سوريا [MASK] حالة استن ##فار قتال ##ي كامل : : [MASK] تهب [MASK] عن إدلب : : الولايات [MASK] تغلق [MASK] السورية أمام روسيا : : بأ ##قلا ##مه ##م : الدكتور بشار الأسد صاحب المواقف المشرف ##ة [MASK] [MASK] : حسين محمد [MASK] : : [MASK] حشد [MASK] وأمر ##يك ##ا أس ##اطي ##لهما في المتوسط قرب سوريا . . الناتو يدعو لض ##بط النفس [MASK] : [MASK] أسماء الأسد [MASK] « منا ##رة قط ##نا » بريف دمشق : [SEP]
INFO:tensorflow:input_ids: 2 106 4237 96 6117 2069 4 10523 2069 4 2069 3143 2679 415 3661 4 4111 3122 96 3888 1955 3491 3743 96 5276 5534 3 14003 1007 2192 4906 4 30 30 4899 30 4 10346 28730 11339 12014 1961 3379 6159 30 30 3379 4 3979 14512 3169 22116 1013 4523 30 30 4 29200 4 1955 13891 30 30 3233 4 19404 4 5307 3500 4607 30 30 2499 15969 2152 1015 30 3380 8047 7717 3320 8861 13703 1043 4 4 30 4273 2202 4 30 30 4 20816 4 20884 2434 1007 2476 23141 17024 1912 6602 4795 3379 18 18 25614 6833 7153 2463 3821 4 30 4 8763 7717 4 107 3501 2037 2925 1914 114 14249 5767 30 3
I1024 06:32:28.156538 47099637589056 create_pretraining_data.py:161] input_ids: 2 106 4237 96 6117 2069 4 10523 2069 4 2069 3143 2679 415 3661 4 4111 3122 96 3888 1955 3491 3743 96 5276 5534 3 14003 1007 2192 4906 4 30 30 4899 30 4 10346 28730 11339 12014 1961 3379 6159 30 30 3379 4 3979 14512 3169 22116 1013 4523 30 30 4 29200 4 1955 13891 30 30 3233 4 19404 4 5307 3500 4607 30 30 2499 15969 2152 1015 30 3380 8047 7717 3320 8861 13703 1043 4 4 30 4273 2202 4 30 30 4 20816 4 20884 2434 1007 2476 23141 17024 1912 6602 4795 3379 18 18 25614 6833 7153 2463 3821 4 30 4 8763 7717 4 107 3501 2037 2925 1914 114 14249 5767 30 3
INFO:tensorflow:input_mask: 1 1 1 1 1 1 1 1 1 1 1 1 1 1 1 1 1 1 1 1 1 1 1 1 1 1 1 1 1 1 1 1 1 1 1 1 1 1 1 1 1 1 1 1 1 1 1 1 1 1 1 1 1 1 1 1 1 1 1 1 1 1 1 1 1 1 1 1 1 1 1 1 1 1 1 1 1 1 1 1 1 1 1 1 1 1 1 1 1 1 1 1 1 1 1 1 1 1 1 1 1 1 1 1 1 1 1 1 1 1 1 1 1 1 1 1 1 1 1 1 1 1 1 1 1 1 1 1
I1024 06:32:28.156693 47099637589056 create_pretraining_data.py:161] input_mask: 1 1 1 1 1 1 1 1 1 1 1 1 1 1 1 1 1 1 1 1 1 1 1 1 1 1 1 1 1 1 1 1 1 1 1 1 1 1 1 1 1 1 1 1 1 1 1 1 1 1 1 1 1 1 1 1 1 1 1 1 1 1 1 1 1 1 1 1 1 1 1 1 1 1 1 1 1 1 1 1 1 1 1 1 1 1 1 1 1 1 1 1 1 1 1 1 1 1 1 1 1 1 1 1 1 1 1 1 1 1 1 1 1 1 1 1 1 1 1 1 1 1 1 1 1 1 1 1
INFO:tensorflow:segment_ids: 0 0 0 0 0 0 0 0 0 0 0 0 0 0 0 0 0 0 0 0 0 0 0 0 0 0 0 1 1 1 1 1 1 1 1 1 1 1 1 1 1 1 1 1 1 1 1 1 1 1 1 1 1 1 1 1 1 1 1 1 1 1 1 1 1 1 1 1 1 1 1 1 1 1 1 1 1 1 1 1 1 1 1 1 1 1 1 1 1 1 1 1 1 1 1 1 1 1 1 1 1 1 1 1 1 1 1 1 1 1 1 1 1 1 1 1 1 1 1 1 1 1 1 1 1 1 1 1
I1024 06:32:28.156821 47099637589056 create_pretraining_data.py:161] segment_ids: 0 0 0 0 0 0 0 0 0 0 0 0 0 0 0 0 0 0 0 0 0 0 0 0 0 0 0 1 1 1 1 1 1 1 1 1 1 1 1 1 1 1 1 1 1 1 1 1 1 1 1 1 1 1 1 1 1 1 1 1 1 1 1 1 1 1 1 1 1 1 1 1 1 1 1 1 1 1 1 1 1 1 1 1 1 1 1 1 1 1 1 1 1 1 1 1 1 1 1 1 1 1 1 1 1 1 1 1 1 1 1 1 1 1 1 1 1 1 1 1 1 1 1 1 1 1 1 1
INFO:tensorflow:masked_lm_positions: 6 9 15 31 36 47 56 58 64 66 84 85 86 89 92 94 112 114 117 0
I1024 06:32:28.156917 47099637589056 create_pretraining_data.py:161] masked_lm_positions: 6 9 15 31 36 47 56 58 64 66 84 85 86 89 92 94 112 114 117 0
INFO:tensorflow:masked_lm_ids: 1973 96 96 5850 1963 1912 4081 13225 2687 4469 17 8454 30 4848 2089 4607 30 9633 28180 0
I1024 06:32:28.157009 47099637589056 create_pretraining_data.py:161] masked_lm_ids: 1973 96 96 5850 1963 1912 4081 13225 2687 4469 17 8454 30 4848 2089 4607 30 9633 28180 0
INFO:tensorflow:masked_lm_weights: 1.0 1.0 1.0 1.0 1.0 1.0 1.0 1.0 1.0 1.0 1.0 1.0 1.0 1.0 1.0 1.0 1.0 1.0 1.0 0.0
I1024 06:32:28.157104 47099637589056 create_pretraining_data.py:161] masked_lm_weights: 1.0 1.0 1.0 1.0 1.0 1.0 1.0 1.0 1.0 1.0 1.0 1.0 1.0 1.0 1.0 1.0 1.0 1.0 1.0 0.0
INFO:tensorflow:next_sentence_labels: 1
I1024 06:32:28.157188 47099637589056 create_pretraining_data.py:161] next_sentence_labels: 1
INFO:tensorflow:*** Example ***
I1024 06:32:28.157912 47099637589056 create_pretraining_data.py:149] *** Example ***
INFO:tensorflow:tokens: [CLS] يش ##اع أن الأمير عبدال ##قاد ##ر من [MASK] [MASK] [MASK] الماس ##ونية وأن معاهدة الت ##اف ##نة التي تعتبر من أكبر أسباب نجاح الإحت ##لال الدكتور السيطرة على [MASK] أرجاء الوطن من تخطيط ماس ##وني في ##اضره الوقت موضوع : رد : عتق ##ال 30 [MASK] عار ##يا من عبد ##ة الشيطان أثناء حفل [MASK] [MASK] بالسعودية [MASK] أكتوبر 12 , 2013 2 : 12 [SEP] السمنة والز ##يادة في الوزن ترتبط بالعديد من المشكلات [MASK] [MASK] الصحية . فكل من يعاني من السمنة هو معرض [MASK] من المشكلات [MASK] تؤثر علي صحته ولا تفرق من كونه [MASK] في السن أم صغير فنج ##د [MASK] السمنة تنتشر بين الأطفال بشكل مف ##زع [MASK] تؤثر [MASK] [MASK] سلبية علي فرص الحمل عند السيدات . . . [SEP]
I1024 06:32:28.158084 47099637589056 create_pretraining_data.py:151] tokens: [CLS] يش ##اع أن الأمير عبدال ##قاد ##ر من [MASK] [MASK] [MASK] الماس ##ونية وأن معاهدة الت ##اف ##نة التي تعتبر من أكبر أسباب نجاح الإحت ##لال الدكتور السيطرة على [MASK] أرجاء الوطن من تخطيط ماس ##وني في ##اضره الوقت موضوع : رد : عتق ##ال 30 [MASK] عار ##يا من عبد ##ة الشيطان أثناء حفل [MASK] [MASK] بالسعودية [MASK] أكتوبر 12 , 2013 2 : 12 [SEP] السمنة والز ##يادة في الوزن ترتبط بالعديد من المشكلات [MASK] [MASK] الصحية . فكل من يعاني من السمنة هو معرض [MASK] من المشكلات [MASK] تؤثر علي صحته ولا تفرق من كونه [MASK] في السن أم صغير فنج ##د [MASK] السمنة تنتشر بين الأطفال بشكل مف ##زع [MASK] تؤثر [MASK] [MASK] سلبية علي فرص الحمل عند السيدات . . . [SEP]
INFO:tensorflow:input_ids: 2 2438 2000 1979 3707 3013 6167 1017 1908 4 4 4 10279 3419 3310 22583 1927 1982 2151 2061 6276 1908 4462 7852 5700 14028 2046 3380 10402 1961 4 28477 2865 1908 21441 13216 2399 1912 22494 3021 4030 30 3535 30 11460 1901 3612 4 8327 1937 1908 2195 1043 7071 5273 5993 4 4 28749 4 4962 2919 16 4411 22 30 2919 3 25383 5846 2912 1912 9035 21818 25480 1908 14106 4 4 5919 18 9611 1908 9234 1908 25383 2139 4992 4 1908 14106 4 12620 1958 26664 2086 17664 1908 11747 4 1912 4859 2239 5115 16850 1016 4 25383 22962 2117 5063 2969 3430 5327 4 12620 4 4 21131 1958 6647 6883 2192 18343 18 18 18 3
I1024 06:32:28.158254 47099637589056 create_pretraining_data.py:161] input_ids: 2 2438 2000 1979 3707 3013 6167 1017 1908 4 4 4 10279 3419 3310 22583 1927 1982 2151 2061 6276 1908 4462 7852 5700 14028 2046 3380 10402 1961 4 28477 2865 1908 21441 13216 2399 1912 22494 3021 4030 30 3535 30 11460 1901 3612 4 8327 1937 1908 2195 1043 7071 5273 5993 4 4 28749 4 4962 2919 16 4411 22 30 2919 3 25383 5846 2912 1912 9035 21818 25480 1908 14106 4 4 5919 18 9611 1908 9234 1908 25383 2139 4992 4 1908 14106 4 12620 1958 26664 2086 17664 1908 11747 4 1912 4859 2239 5115 16850 1016 4 25383 22962 2117 5063 2969 3430 5327 4 12620 4 4 21131 1958 6647 6883 2192 18343 18 18 18 3
INFO:tensorflow:input_mask: 1 1 1 1 1 1 1 1 1 1 1 1 1 1 1 1 1 1 1 1 1 1 1 1 1 1 1 1 1 1 1 1 1 1 1 1 1 1 1 1 1 1 1 1 1 1 1 1 1 1 1 1 1 1 1 1 1 1 1 1 1 1 1 1 1 1 1 1 1 1 1 1 1 1 1 1 1 1 1 1 1 1 1 1 1 1 1 1 1 1 1 1 1 1 1 1 1 1 1 1 1 1 1 1 1 1 1 1 1 1 1 1 1 1 1 1 1 1 1 1 1 1 1 1 1 1 1 1
I1024 06:32:28.158390 47099637589056 create_pretraining_data.py:161] input_mask: 1 1 1 1 1 1 1 1 1 1 1 1 1 1 1 1 1 1 1 1 1 1 1 1 1 1 1 1 1 1 1 1 1 1 1 1 1 1 1 1 1 1 1 1 1 1 1 1 1 1 1 1 1 1 1 1 1 1 1 1 1 1 1 1 1 1 1 1 1 1 1 1 1 1 1 1 1 1 1 1 1 1 1 1 1 1 1 1 1 1 1 1 1 1 1 1 1 1 1 1 1 1 1 1 1 1 1 1 1 1 1 1 1 1 1 1 1 1 1 1 1 1 1 1 1 1 1 1
INFO:tensorflow:segment_ids: 0 0 0 0 0 0 0 0 0 0 0 0 0 0 0 0 0 0 0 0 0 0 0 0 0 0 0 0 0 0 0 0 0 0 0 0 0 0 0 0 0 0 0 0 0 0 0 0 0 0 0 0 0 0 0 0 0 0 0 0 0 0 0 0 0 0 0 0 1 1 1 1 1 1 1 1 1 1 1 1 1 1 1 1 1 1 1 1 1 1 1 1 1 1 1 1 1 1 1 1 1 1 1 1 1 1 1 1 1 1 1 1 1 1 1 1 1 1 1 1 1 1 1 1 1 1 1 1
I1024 06:32:28.158516 47099637589056 create_pretraining_data.py:161] segment_ids: 0 0 0 0 0 0 0 0 0 0 0 0 0 0 0 0 0 0 0 0 0 0 0 0 0 0 0 0 0 0 0 0 0 0 0 0 0 0 0 0 0 0 0 0 0 0 0 0 0 0 0 0 0 0 0 0 0 0 0 0 0 0 0 0 0 0 0 0 1 1 1 1 1 1 1 1 1 1 1 1 1 1 1 1 1 1 1 1 1 1 1 1 1 1 1 1 1 1 1 1 1 1 1 1 1 1 1 1 1 1 1 1 1 1 1 1 1 1 1 1 1 1 1 1 1 1 1 1
INFO:tensorflow:masked_lm_positions: 9 10 11 27 30 38 47 56 57 59 77 78 88 91 99 106 114 116 117 0
I1024 06:32:28.158616 47099637589056 create_pretraining_data.py:161] masked_lm_positions: 9 10 11 27 30 38 47 56 57 59 77 78 88 91 99 106 114 116 117 0
INFO:tensorflow:masked_lm_ids: 4502 9189 1013 1912 5372 2271 6488 4926 2016 4215 12454 5154 25894 2061 2934 2217 2306 6998 1904 0
I1024 06:32:28.158708 47099637589056 create_pretraining_data.py:161] masked_lm_ids: 4502 9189 1013 1912 5372 2271 6488 4926 2016 4215 12454 5154 25894 2061 2934 2217 2306 6998 1904 0
INFO:tensorflow:masked_lm_weights: 1.0 1.0 1.0 1.0 1.0 1.0 1.0 1.0 1.0 1.0 1.0 1.0 1.0 1.0 1.0 1.0 1.0 1.0 1.0 0.0
I1024 06:32:28.158813 47099637589056 create_pretraining_data.py:161] masked_lm_weights: 1.0 1.0 1.0 1.0 1.0 1.0 1.0 1.0 1.0 1.0 1.0 1.0 1.0 1.0 1.0 1.0 1.0 1.0 1.0 0.0
INFO:tensorflow:next_sentence_labels: 1
I1024 06:32:28.158898 47099637589056 create_pretraining_data.py:161] next_sentence_labels: 1
INFO:tensorflow:*** Example ***
I1024 06:32:28.159577 47099637589056 create_pretraining_data.py:149] *** Example ***
INFO:tensorflow:tokens: [CLS] ##المه phpBB | انشئ منتدى | منتدى مجاني للدعم و المساعدة | [MASK] بنا | التبليغ عن محتوى مخالف | احدث مدونتك [SEP] im ##g [MASK] 13 ##69 ##83 ##96 ##10 _ 12 ##4 | مجلة توب ماكس تكن ##ولوجي - احدث صور كو ##شات اع ##راس ناعم ##ة للع ##راي ##س النا ##عم ##ات [MASK] كو ##شات أع ##راس تاريخ النشر 2014 / 05 / 24 مشاهدة جميع [MASK] من هنا احدث صور كو ##شات اع ##راس ناعم ##ة [MASK] [MASK] [MASK] [MASK] [MASK] [MASK] [MASK] [MASK] الكامل للصور ##ة [MASK] 64 ##0 × 48 ##0 ) [SEP]
I1024 06:32:28.159745 47099637589056 create_pretraining_data.py:151] tokens: [CLS] ##المه phpBB | انشئ منتدى | منتدى مجاني للدعم و المساعدة | [MASK] بنا | التبليغ عن محتوى مخالف | احدث مدونتك [SEP] im ##g [MASK] 13 ##69 ##83 ##96 ##10 _ 12 ##4 | مجلة توب ماكس تكن ##ولوجي - احدث صور كو ##شات اع ##راس ناعم ##ة للع ##راي ##س النا ##عم ##ات [MASK] كو ##شات أع ##راس تاريخ النشر 2014 / 05 / 24 مشاهدة جميع [MASK] من هنا احدث صور كو ##شات اع ##راس ناعم ##ة [MASK] [MASK] [MASK] [MASK] [MASK] [MASK] [MASK] [MASK] الكامل للصور ##ة [MASK] 64 ##0 × 48 ##0 ) [SEP]
INFO:tensorflow:input_ids: 2 20517 4237 96 5292 2069 96 2069 3143 2679 415 3661 96 4 3122 96 3888 1955 3491 3743 96 5276 5534 3 28603 1025 4 3243 8665 24525 14517 4571 67 2919 1069 96 7130 9321 9796 4146 12103 17 5276 2649 14611 3951 2280 4256 29977 1043 2405 15777 1033 2193 2011 1904 4 14611 3951 2699 4256 3173 7930 4296 19 2819 19 3789 4802 2561 4 1908 2349 5276 2649 14611 3951 2280 4256 29977 1043 4 4 4 4 4 4 4 4 9409 26044 1043 4 13031 1071 126 7490 1071 13 3 0 0 0 0 0 0 0 0 0 0 0 0 0 0 0 0 0 0 0 0 0 0 0 0 0 0 0 0
I1024 06:32:28.159896 47099637589056 create_pretraining_data.py:161] input_ids: 2 20517 4237 96 5292 2069 96 2069 3143 2679 415 3661 96 4 3122 96 3888 1955 3491 3743 96 5276 5534 3 28603 1025 4 3243 8665 24525 14517 4571 67 2919 1069 96 7130 9321 9796 4146 12103 17 5276 2649 14611 3951 2280 4256 29977 1043 2405 15777 1033 2193 2011 1904 4 14611 3951 2699 4256 3173 7930 4296 19 2819 19 3789 4802 2561 4 1908 2349 5276 2649 14611 3951 2280 4256 29977 1043 4 4 4 4 4 4 4 4 9409 26044 1043 4 13031 1071 126 7490 1071 13 3 0 0 0 0 0 0 0 0 0 0 0 0 0 0 0 0 0 0 0 0 0 0 0 0 0 0 0 0
INFO:tensorflow:input_mask: 1 1 1 1 1 1 1 1 1 1 1 1 1 1 1 1 1 1 1 1 1 1 1 1 1 1 1 1 1 1 1 1 1 1 1 1 1 1 1 1 1 1 1 1 1 1 1 1 1 1 1 1 1 1 1 1 1 1 1 1 1 1 1 1 1 1 1 1 1 1 1 1 1 1 1 1 1 1 1 1 1 1 1 1 1 1 1 1 1 1 1 1 1 1 1 1 1 1 1 1 0 0 0 0 0 0 0 0 0 0 0 0 0 0 0 0 0 0 0 0 0 0 0 0 0 0 0 0
I1024 06:32:28.160028 47099637589056 create_pretraining_data.py:161] input_mask: 1 1 1 1 1 1 1 1 1 1 1 1 1 1 1 1 1 1 1 1 1 1 1 1 1 1 1 1 1 1 1 1 1 1 1 1 1 1 1 1 1 1 1 1 1 1 1 1 1 1 1 1 1 1 1 1 1 1 1 1 1 1 1 1 1 1 1 1 1 1 1 1 1 1 1 1 1 1 1 1 1 1 1 1 1 1 1 1 1 1 1 1 1 1 1 1 1 1 1 1 0 0 0 0 0 0 0 0 0 0 0 0 0 0 0 0 0 0 0 0 0 0 0 0 0 0 0 0
INFO:tensorflow:segment_ids: 0 0 0 0 0 0 0 0 0 0 0 0 0 0 0 0 0 0 0 0 0 0 0 0 1 1 1 1 1 1 1 1 1 1 1 1 1 1 1 1 1 1 1 1 1 1 1 1 1 1 1 1 1 1 1 1 1 1 1 1 1 1 1 1 1 1 1 1 1 1 1 1 1 1 1 1 1 1 1 1 1 1 1 1 1 1 1 1 1 1 1 1 1 1 1 1 1 1 1 1 0 0 0 0 0 0 0 0 0 0 0 0 0 0 0 0 0 0 0 0 0 0 0 0 0 0 0 0
I1024 06:32:28.160154 47099637589056 create_pretraining_data.py:161] segment_ids: 0 0 0 0 0 0 0 0 0 0 0 0 0 0 0 0 0 0 0 0 0 0 0 0 1 1 1 1 1 1 1 1 1 1 1 1 1 1 1 1 1 1 1 1 1 1 1 1 1 1 1 1 1 1 1 1 1 1 1 1 1 1 1 1 1 1 1 1 1 1 1 1 1 1 1 1 1 1 1 1 1 1 1 1 1 1 1 1 1 1 1 1 1 1 1 1 1 1 1 1 0 0 0 0 0 0 0 0 0 0 0 0 0 0 0 0 0 0 0 0 0 0 0 0 0 0 0 0
INFO:tensorflow:masked_lm_positions: 1 13 15 26 56 70 81 82 83 84 85 86 87 88 92 0 0 0 0 0
I1024 06:32:28.160261 47099637589056 create_pretraining_data.py:161] masked_lm_positions: 1 13 15 26 56 70 81 82 83 84 85 86 87 88 92 0 0 0 0 0
INFO:tensorflow:masked_lm_ids: 106 4111 96 67 17 3386 2405 15777 1033 2193 2011 13752 1938 2629 12 0 0 0 0 0
I1024 06:32:28.160353 47099637589056 create_pretraining_data.py:161] masked_lm_ids: 106 4111 96 67 17 3386 2405 15777 1033 2193 2011 13752 1938 2629 12 0 0 0 0 0
INFO:tensorflow:masked_lm_weights: 1.0 1.0 1.0 1.0 1.0 1.0 1.0 1.0 1.0 1.0 1.0 1.0 1.0 1.0 1.0 0.0 0.0 0.0 0.0 0.0
I1024 06:32:28.160445 47099637589056 create_pretraining_data.py:161] masked_lm_weights: 1.0 1.0 1.0 1.0 1.0 1.0 1.0 1.0 1.0 1.0 1.0 1.0 1.0 1.0 1.0 0.0 0.0 0.0 0.0 0.0
INFO:tensorflow:next_sentence_labels: 1
I1024 06:32:28.160528 47099637589056 create_pretraining_data.py:161] next_sentence_labels: 1
INFO:tensorflow:*** Example ***
I1024 06:32:28.161220 47099637589056 create_pretraining_data.py:149] *** Example ***
INFO:tensorflow:tokens: [CLS] محاسب ##ية [MASK] | - - المحاسبة الادارية | استعدادا - [MASK] نظرية محاسب ##ية | [MASK] - - محاسبة التكاليف المتقدمة | | - - الرقابة والتد ##قيق | | [MASK] - المحاسبة المتوسط ##ه | | - [MASK] مبادئ المحاسبة | [MASK] - - الانسان وصح ##ته | - - بنك المعلومات | [MASK] - اك ##و فد واحد | - - التكن ##لوجيا & الحاسوب | - - السياسة والشعب | - - [SEP] ##طئ مب ##عوث الأمم المتحدة [MASK] اليمن ، مارتن جري ##في ##ث ، قد أكد ##д مجلس الأمن الدولي [MASK] ، أنه [MASK] [MASK] أن يعرض على المجلس ، إطار عمل لإجراء مفاوضات خلال شهرين من أجل إنهاء [MASK] [MASK] اليمن ، بحسب ما نقلت [MASK] رويترز [MASK] . [SEP]
I1024 06:32:28.161392 47099637589056 create_pretraining_data.py:151] tokens: [CLS] محاسب ##ية [MASK] | - - المحاسبة الادارية | استعدادا - [MASK] نظرية محاسب ##ية | [MASK] - - محاسبة التكاليف المتقدمة | | - - الرقابة والتد ##قيق | | [MASK] - المحاسبة المتوسط ##ه | | - [MASK] مبادئ المحاسبة | [MASK] - - الانسان وصح ##ته | - - بنك المعلومات | [MASK] - اك ##و فد واحد | - - التكن ##لوجيا & الحاسوب | - - السياسة والشعب | - - [SEP] ##طئ مب ##عوث الأمم المتحدة [MASK] اليمن ، مارتن جري ##في ##ث ، قد أكد ##д مجلس الأمن الدولي [MASK] ، أنه [MASK] [MASK] أن يعرض على المجلس ، إطار عمل لإجراء مفاوضات خلال شهرين من أجل إنهاء [MASK] [MASK] اليمن ، بحسب ما نقلت [MASK] رويترز [MASK] . [SEP]
INFO:tensorflow:input_ids: 2 24665 1910 4 96 17 17 15883 10064 96 14710 17 4 17737 24665 1910 96 4 17 17 20195 24478 12370 96 96 17 17 13204 18687 2705 96 96 4 17 15883 6602 1028 96 96 17 4 15799 15883 96 4 17 17 3858 12076 2076 96 17 17 4996 3939 96 4 17 3678 1012 7921 2563 96 17 17 12195 22537 10 11618 96 17 17 6607 15186 96 17 17 3 9596 2607 13478 6035 2687 4 3432 378 14510 4597 2007 1039 378 2251 4378 1222 2598 3679 3423 4 378 2590 4 4 1979 10074 1961 3654 378 6205 2979 20324 13232 2317 9141 1908 3883 17719 4 4 3432 378 6369 1972 16236 4 12002 4 18 3
I1024 06:32:28.161549 47099637589056 create_pretraining_data.py:161] input_ids: 2 24665 1910 4 96 17 17 15883 10064 96 14710 17 4 17737 24665 1910 96 4 17 17 20195 24478 12370 96 96 17 17 13204 18687 2705 96 96 4 17 15883 6602 1028 96 96 17 4 15799 15883 96 4 17 17 3858 12076 2076 96 17 17 4996 3939 96 4 17 3678 1012 7921 2563 96 17 17 12195 22537 10 11618 96 17 17 6607 15186 96 17 17 3 9596 2607 13478 6035 2687 4 3432 378 14510 4597 2007 1039 378 2251 4378 1222 2598 3679 3423 4 378 2590 4 4 1979 10074 1961 3654 378 6205 2979 20324 13232 2317 9141 1908 3883 17719 4 4 3432 378 6369 1972 16236 4 12002 4 18 3
INFO:tensorflow:input_mask: 1 1 1 1 1 1 1 1 1 1 1 1 1 1 1 1 1 1 1 1 1 1 1 1 1 1 1 1 1 1 1 1 1 1 1 1 1 1 1 1 1 1 1 1 1 1 1 1 1 1 1 1 1 1 1 1 1 1 1 1 1 1 1 1 1 1 1 1 1 1 1 1 1 1 1 1 1 1 1 1 1 1 1 1 1 1 1 1 1 1 1 1 1 1 1 1 1 1 1 1 1 1 1 1 1 1 1 1 1 1 1 1 1 1 1 1 1 1 1 1 1 1 1 1 1 1 1 1
I1024 06:32:28.161702 47099637589056 create_pretraining_data.py:161] input_mask: 1 1 1 1 1 1 1 1 1 1 1 1 1 1 1 1 1 1 1 1 1 1 1 1 1 1 1 1 1 1 1 1 1 1 1 1 1 1 1 1 1 1 1 1 1 1 1 1 1 1 1 1 1 1 1 1 1 1 1 1 1 1 1 1 1 1 1 1 1 1 1 1 1 1 1 1 1 1 1 1 1 1 1 1 1 1 1 1 1 1 1 1 1 1 1 1 1 1 1 1 1 1 1 1 1 1 1 1 1 1 1 1 1 1 1 1 1 1 1 1 1 1 1 1 1 1 1 1
INFO:tensorflow:segment_ids: 0 0 0 0 0 0 0 0 0 0 0 0 0 0 0 0 0 0 0 0 0 0 0 0 0 0 0 0 0 0 0 0 0 0 0 0 0 0 0 0 0 0 0 0 0 0 0 0 0 0 0 0 0 0 0 0 0 0 0 0 0 0 0 0 0 0 0 0 0 0 0 0 0 0 0 0 0 0 1 1 1 1 1 1 1 1 1 1 1 1 1 1 1 1 1 1 1 1 1 1 1 1 1 1 1 1 1 1 1 1 1 1 1 1 1 1 1 1 1 1 1 1 1 1 1 1 1 1
I1024 06:32:28.161832 47099637589056 create_pretraining_data.py:161] segment_ids: 0 0 0 0 0 0 0 0 0 0 0 0 0 0 0 0 0 0 0 0 0 0 0 0 0 0 0 0 0 0 0 0 0 0 0 0 0 0 0 0 0 0 0 0 0 0 0 0 0 0 0 0 0 0 0 0 0 0 0 0 0 0 0 0 0 0 0 0 0 0 0 0 0 0 0 0 0 0 1 1 1 1 1 1 1 1 1 1 1 1 1 1 1 1 1 1 1 1 1 1 1 1 1 1 1 1 1 1 1 1 1 1 1 1 1 1 1 1 1 1 1 1 1 1 1 1 1 1
INFO:tensorflow:masked_lm_positions: 3 10 12 17 23 32 40 44 56 78 83 93 97 100 101 116 117 123 125 0
I1024 06:32:28.161927 47099637589056 create_pretraining_data.py:161] masked_lm_positions: 3 10 12 17 23 32 40 44 56 78 83 93 97 100 101 116 117 123 125 0
INFO:tensorflow:masked_lm_ids: 96 96 17 96 96 17 17 96 17 2648 5380 3500 2217 3404 2741 9495 1912 6 6 0
I1024 06:32:28.162017 47099637589056 create_pretraining_data.py:161] masked_lm_ids: 96 96 17 96 96 17 17 96 17 2648 5380 3500 2217 3404 2741 9495 1912 6 6 0
INFO:tensorflow:masked_lm_weights: 1.0 1.0 1.0 1.0 1.0 1.0 1.0 1.0 1.0 1.0 1.0 1.0 1.0 1.0 1.0 1.0 1.0 1.0 1.0 0.0
I1024 06:32:28.162109 47099637589056 create_pretraining_data.py:161] masked_lm_weights: 1.0 1.0 1.0 1.0 1.0 1.0 1.0 1.0 1.0 1.0 1.0 1.0 1.0 1.0 1.0 1.0 1.0 1.0 1.0 0.0
INFO:tensorflow:next_sentence_labels: 1
I1024 06:32:28.162192 47099637589056 create_pretraining_data.py:161] next_sentence_labels: 1
INFO:tensorflow:*** Example ***
I1024 06:32:28.162870 47099637589056 create_pretraining_data.py:149] *** Example ***
INFO:tensorflow:tokens: [CLS] | | [MASK] - الأسر ##ه [MASK] [MASK] [MASK] الحياة الزوجية | | - - أحب ##اب [MASK] | | - [MASK] " ° ##o . O جنة [MASK] O [MASK] o ° " | | - - فقه [MASK] المسلمة | | - - أم ##ومة وطف ##ولة [MASK] | - - الجمال والأناقة | | [MASK] - ملتقى الأخ ##وات [MASK] | - - " ° ##o . O هوايات ومه ##ارات O . o ° " | | [MASK] - فن الديكور | | - [MASK] فن الكرو ##شيه [MASK] [MASK] | | - - فن الحيا ##كة والتط ##ريز | | - - اش ##غال فنية وتجارب منزلية | | - - [MASK] ° [SEP] O منتدى أكلات شه ##ية O . [SEP]
I1024 06:32:28.163039 47099637589056 create_pretraining_data.py:151] tokens: [CLS] | | [MASK] - الأسر ##ه [MASK] [MASK] [MASK] الحياة الزوجية | | - - أحب ##اب [MASK] | | - [MASK] " ° ##o . O جنة [MASK] O [MASK] o ° " | | - - فقه [MASK] المسلمة | | - - أم ##ومة وطف ##ولة [MASK] | - - الجمال والأناقة | | [MASK] - ملتقى الأخ ##وات [MASK] | - - " ° ##o . O هوايات ومه ##ارات O . o ° " | | [MASK] - فن الديكور | | - [MASK] فن الكرو ##شيه [MASK] [MASK] | | - - فن الحيا ##كة والتط ##ريز | | - - اش ##غال فنية وتجارب منزلية | | - - [MASK] ° [SEP] O منتدى أكلات شه ##ية O . [SEP]
INFO:tensorflow:input_ids: 2 96 96 4 17 14655 1028 4 4 4 3696 10050 96 96 17 17 7699 1933 4 96 96 17 4 6 110 1051 18 51 22310 4 51 4 83 110 6 96 96 17 17 8398 4 13174 96 96 17 17 2239 3714 28485 2264 4 96 17 17 5886 27790 96 96 4 17 4313 2822 2174 4 96 17 17 6 110 1051 18 51 23875 13786 2150 51 18 83 110 6 96 96 4 17 3718 7925 96 96 17 4 3718 16322 11226 4 4 96 96 17 17 3718 25985 4561 13819 17565 96 96 17 17 2312 4956 11287 28528 14113 96 96 17 17 4 110 3 51 2069 23448 3844 1910 51 18 3
I1024 06:32:28.163195 47099637589056 create_pretraining_data.py:161] input_ids: 2 96 96 4 17 14655 1028 4 4 4 3696 10050 96 96 17 17 7699 1933 4 96 96 17 4 6 110 1051 18 51 22310 4 51 4 83 110 6 96 96 17 17 8398 4 13174 96 96 17 17 2239 3714 28485 2264 4 96 17 17 5886 27790 96 96 4 17 4313 2822 2174 4 96 17 17 6 110 1051 18 51 23875 13786 2150 51 18 83 110 6 96 96 4 17 3718 7925 96 96 17 4 3718 16322 11226 4 4 96 96 17 17 3718 25985 4561 13819 17565 96 96 17 17 2312 4956 11287 28528 14113 96 96 17 17 4 110 3 51 2069 23448 3844 1910 51 18 3
INFO:tensorflow:input_mask: 1 1 1 1 1 1 1 1 1 1 1 1 1 1 1 1 1 1 1 1 1 1 1 1 1 1 1 1 1 1 1 1 1 1 1 1 1 1 1 1 1 1 1 1 1 1 1 1 1 1 1 1 1 1 1 1 1 1 1 1 1 1 1 1 1 1 1 1 1 1 1 1 1 1 1 1 1 1 1 1 1 1 1 1 1 1 1 1 1 1 1 1 1 1 1 1 1 1 1 1 1 1 1 1 1 1 1 1 1 1 1 1 1 1 1 1 1 1 1 1 1 1 1 1 1 1 1 1
I1024 06:32:28.163344 47099637589056 create_pretraining_data.py:161] input_mask: 1 1 1 1 1 1 1 1 1 1 1 1 1 1 1 1 1 1 1 1 1 1 1 1 1 1 1 1 1 1 1 1 1 1 1 1 1 1 1 1 1 1 1 1 1 1 1 1 1 1 1 1 1 1 1 1 1 1 1 1 1 1 1 1 1 1 1 1 1 1 1 1 1 1 1 1 1 1 1 1 1 1 1 1 1 1 1 1 1 1 1 1 1 1 1 1 1 1 1 1 1 1 1 1 1 1 1 1 1 1 1 1 1 1 1 1 1 1 1 1 1 1 1 1 1 1 1 1
INFO:tensorflow:segment_ids: 0 0 0 0 0 0 0 0 0 0 0 0 0 0 0 0 0 0 0 0 0 0 0 0 0 0 0 0 0 0 0 0 0 0 0 0 0 0 0 0 0 0 0 0 0 0 0 0 0 0 0 0 0 0 0 0 0 0 0 0 0 0 0 0 0 0 0 0 0 0 0 0 0 0 0 0 0 0 0 0 0 0 0 0 0 0 0 0 0 0 0 0 0 0 0 0 0 0 0 0 0 0 0 0 0 0 0 0 0 0 0 0 0 0 0 0 0 0 0 0 1 1 1 1 1 1 1 1
I1024 06:32:28.163470 47099637589056 create_pretraining_data.py:161] segment_ids: 0 0 0 0 0 0 0 0 0 0 0 0 0 0 0 0 0 0 0 0 0 0 0 0 0 0 0 0 0 0 0 0 0 0 0 0 0 0 0 0 0 0 0 0 0 0 0 0 0 0 0 0 0 0 0 0 0 0 0 0 0 0 0 0 0 0 0 0 0 0 0 0 0 0 0 0 0 0 0 0 0 0 0 0 0 0 0 0 0 0 0 0 0 0 0 0 0 0 0 0 0 0 0 0 0 0 0 0 0 0 0 0 0 0 0 0 0 0 0 0 1 1 1 1 1 1 1 1
INFO:tensorflow:masked_lm_positions: 3 4 7 8 9 18 22 29 31 39 40 50 58 63 82 89 93 94 117 0
I1024 06:32:28.163564 47099637589056 create_pretraining_data.py:161] masked_lm_positions: 3 4 7 8 9 18 22 29 31 39 40 50 58 63 82 89 93 94 117 0
INFO:tensorflow:masked_lm_ids: 17 17 5945 1028 415 4289 17 5600 18 8398 15875 96 17 96 17 17 20263 13510 6 0
I1024 06:32:28.163661 47099637589056 create_pretraining_data.py:161] masked_lm_ids: 17 17 5945 1028 415 4289 17 5600 18 8398 15875 96 17 96 17 17 20263 13510 6 0
INFO:tensorflow:masked_lm_weights: 1.0 1.0 1.0 1.0 1.0 1.0 1.0 1.0 1.0 1.0 1.0 1.0 1.0 1.0 1.0 1.0 1.0 1.0 1.0 0.0
I1024 06:32:28.163755 47099637589056 create_pretraining_data.py:161] masked_lm_weights: 1.0 1.0 1.0 1.0 1.0 1.0 1.0 1.0 1.0 1.0 1.0 1.0 1.0 1.0 1.0 1.0 1.0 1.0 1.0 0.0
INFO:tensorflow:next_sentence_labels: 0
I1024 06:32:28.163838 47099637589056 create_pretraining_data.py:161] next_sentence_labels: 0
INFO:tensorflow:*** Example ***
I1024 06:32:28.164516 47099637589056 create_pretraining_data.py:149] *** Example ***
INFO:tensorflow:tokens: [CLS] خطر [MASK] بعدها أن أكتب رواية إير ##وتيك ##ية فعلا لت ##وضيح [MASK] ربما [MASK] . [SEP] لاكن لس ##وء الحظ هو فقير للغاية ، بلا [MASK] [MASK] ، وي ##أمل في حياة [MASK] ، وأكثر طبيعية ، في المدرسة الثانوية . [SEP]
I1024 06:32:28.164662 47099637589056 create_pretraining_data.py:151] tokens: [CLS] خطر [MASK] بعدها أن أكتب رواية إير ##وتيك ##ية فعلا لت ##وضيح [MASK] ربما [MASK] . [SEP] لاكن لس ##وء الحظ هو فقير للغاية ، بلا [MASK] [MASK] ، وي ##أمل في حياة [MASK] ، وأكثر طبيعية ، في المدرسة الثانوية . [SEP]
INFO:tensorflow:input_ids: 2 7441 4 6331 1979 27662 7892 15798 21000 1910 6109 2219 11021 4 5227 4 18 3 28015 2968 2926 9131 2139 13792 8851 378 2701 4 4 378 2162 10700 1912 5966 4 378 11115 11629 378 1912 6680 6688 18 3 0 0 0 0 0 0 0 0 0 0 0 0 0 0 0 0 0 0 0 0 0 0 0 0 0 0 0 0 0 0 0 0 0 0 0 0 0 0 0 0 0 0 0 0 0 0 0 0 0 0 0 0 0 0 0 0 0 0 0 0 0 0 0 0 0 0 0 0 0 0 0 0 0 0 0 0 0 0 0 0 0 0 0 0
I1024 06:32:28.164810 47099637589056 create_pretraining_data.py:161] input_ids: 2 7441 4 6331 1979 27662 7892 15798 21000 1910 6109 2219 11021 4 5227 4 18 3 28015 2968 2926 9131 2139 13792 8851 378 2701 4 4 378 2162 10700 1912 5966 4 378 11115 11629 378 1912 6680 6688 18 3 0 0 0 0 0 0 0 0 0 0 0 0 0 0 0 0 0 0 0 0 0 0 0 0 0 0 0 0 0 0 0 0 0 0 0 0 0 0 0 0 0 0 0 0 0 0 0 0 0 0 0 0 0 0 0 0 0 0 0 0 0 0 0 0 0 0 0 0 0 0 0 0 0 0 0 0 0 0 0 0 0 0 0 0
INFO:tensorflow:input_mask: 1 1 1 1 1 1 1 1 1 1 1 1 1 1 1 1 1 1 1 1 1 1 1 1 1 1 1 1 1 1 1 1 1 1 1 1 1 1 1 1 1 1 1 1 0 0 0 0 0 0 0 0 0 0 0 0 0 0 0 0 0 0 0 0 0 0 0 0 0 0 0 0 0 0 0 0 0 0 0 0 0 0 0 0 0 0 0 0 0 0 0 0 0 0 0 0 0 0 0 0 0 0 0 0 0 0 0 0 0 0 0 0 0 0 0 0 0 0 0 0 0 0 0 0 0 0 0 0
I1024 06:32:28.164955 47099637589056 create_pretraining_data.py:161] input_mask: 1 1 1 1 1 1 1 1 1 1 1 1 1 1 1 1 1 1 1 1 1 1 1 1 1 1 1 1 1 1 1 1 1 1 1 1 1 1 1 1 1 1 1 1 0 0 0 0 0 0 0 0 0 0 0 0 0 0 0 0 0 0 0 0 0 0 0 0 0 0 0 0 0 0 0 0 0 0 0 0 0 0 0 0 0 0 0 0 0 0 0 0 0 0 0 0 0 0 0 0 0 0 0 0 0 0 0 0 0 0 0 0 0 0 0 0 0 0 0 0 0 0 0 0 0 0 0 0
INFO:tensorflow:segment_ids: 0 0 0 0 0 0 0 0 0 0 0 0 0 0 0 0 0 0 1 1 1 1 1 1 1 1 1 1 1 1 1 1 1 1 1 1 1 1 1 1 1 1 1 1 0 0 0 0 0 0 0 0 0 0 0 0 0 0 0 0 0 0 0 0 0 0 0 0 0 0 0 0 0 0 0 0 0 0 0 0 0 0 0 0 0 0 0 0 0 0 0 0 0 0 0 0 0 0 0 0 0 0 0 0 0 0 0 0 0 0 0 0 0 0 0 0 0 0 0 0 0 0 0 0 0 0 0 0
I1024 06:32:28.165082 47099637589056 create_pretraining_data.py:161] segment_ids: 0 0 0 0 0 0 0 0 0 0 0 0 0 0 0 0 0 0 1 1 1 1 1 1 1 1 1 1 1 1 1 1 1 1 1 1 1 1 1 1 1 1 1 1 0 0 0 0 0 0 0 0 0 0 0 0 0 0 0 0 0 0 0 0 0 0 0 0 0 0 0 0 0 0 0 0 0 0 0 0 0 0 0 0 0 0 0 0 0 0 0 0 0 0 0 0 0 0 0 0 0 0 0 0 0 0 0 0 0 0 0 0 0 0 0 0 0 0 0 0 0 0 0 0 0 0 0 0
INFO:tensorflow:masked_lm_positions: 2 13 15 27 28 34 36 0 0 0 0 0 0 0 0 0 0 0 0 0
I1024 06:32:28.165176 47099637589056 create_pretraining_data.py:161] masked_lm_positions: 2 13 15 27 28 34 36 0 0 0 0 0 0 0 0 0 0 0 0 0
INFO:tensorflow:masked_lm_ids: 2134 5574 18 7303 2254 24736 11115 0 0 0 0 0 0 0 0 0 0 0 0 0
I1024 06:32:28.165265 47099637589056 create_pretraining_data.py:161] masked_lm_ids: 2134 5574 18 7303 2254 24736 11115 0 0 0 0 0 0 0 0 0 0 0 0 0
INFO:tensorflow:masked_lm_weights: 1.0 1.0 1.0 1.0 1.0 1.0 1.0 0.0 0.0 0.0 0.0 0.0 0.0 0.0 0.0 0.0 0.0 0.0 0.0 0.0
I1024 06:32:28.165357 47099637589056 create_pretraining_data.py:161] masked_lm_weights: 1.0 1.0 1.0 1.0 1.0 1.0 1.0 0.0 0.0 0.0 0.0 0.0 0.0 0.0 0.0 0.0 0.0 0.0 0.0 0.0
INFO:tensorflow:next_sentence_labels: 1
I1024 06:32:28.165439 47099637589056 create_pretraining_data.py:161] next_sentence_labels: 1
INFO:tensorflow:*** Example ***
I1024 06:32:28.166160 47099637589056 create_pretraining_data.py:149] *** Example ***
INFO:tensorflow:tokens: [CLS] ##قان القصيرة أكثر طول ##ا ، يمكن [MASK] بن ##طلون أسود [MASK] ، مع قميص أبيض وزوج من الأح ##ذية ، وبهذا الشكل تبد ##ين أكثر [MASK] [MASK] ، وهذا الزي مناسب للعمل أيضا . وبإ ##ضافة [MASK] التفاصيل [MASK] ، مثل [MASK] [MASK] ملو ##نة وزوج من الأح ##ذية المحكمة المد [MASK] [MASK] من جلد الغز ##ال ، ست ##بد ##ين أكثر [SEP] فوق الرك ##بة أو يلا ##مس ##ها ، مع انت ##عال حذاء بك ##عب عال ، الأمر الذي [MASK] [MASK] [MASK] بعض السنت ##يم ##تر ##ات [MASK] تن ##ورة قصيرة من [MASK] [MASK] ، هذه الحيل ##ة ست ##جعل خص ##رك [MASK] ، ومن المعروف أن الق ##ماش الجي ##نز يجعل الجسم يبدو أكثر طول ##ا ، وللح ##صول على إطلا ##لة [SEP]
I1024 06:32:28.166333 47099637589056 create_pretraining_data.py:151] tokens: [CLS] ##قان القصيرة أكثر طول ##ا ، يمكن [MASK] بن ##طلون أسود [MASK] ، مع قميص أبيض وزوج من الأح ##ذية ، وبهذا الشكل تبد ##ين أكثر [MASK] [MASK] ، وهذا الزي مناسب للعمل أيضا . وبإ ##ضافة [MASK] التفاصيل [MASK] ، مثل [MASK] [MASK] ملو ##نة وزوج من الأح ##ذية المحكمة المد [MASK] [MASK] من جلد الغز ##ال ، ست ##بد ##ين أكثر [SEP] فوق الرك ##بة أو يلا ##مس ##ها ، مع انت ##عال حذاء بك ##عب عال ، الأمر الذي [MASK] [MASK] [MASK] بعض السنت ##يم ##تر ##ات [MASK] تن ##ورة قصيرة من [MASK] [MASK] ، هذه الحيل ##ة ست ##جعل خص ##رك [MASK] ، ومن المعروف أن الق ##ماش الجي ##نز يجعل الجسم يبدو أكثر طول ##ا ، وللح ##صول على إطلا ##لة [SEP]
INFO:tensorflow:input_ids: 2 10769 13295 2976 4968 1007 378 2490 4 2040 29577 18415 4 378 1973 22998 21070 12463 1908 4518 5454 378 19070 10297 18199 1911 2976 4 4 378 3265 6605 10349 8272 3112 18 20754 3045 4 5550 4 378 2546 4 4 27054 2151 12463 1908 4518 5454 6161 2479 4 4 1908 8496 11830 1901 378 2333 2041 1911 2976 3 3589 6009 2215 2075 6689 2632 1913 378 1973 2164 11812 28272 2395 2123 6862 378 3800 2130 4 4 4 2346 23912 2019 2582 1904 4 2245 2220 11623 1908 4 4 378 2159 27842 1043 2333 12101 3624 1985 4 378 2298 8059 1979 1964 12556 8736 8203 5754 6223 6428 2976 4968 1007 378 29786 2658 1961 24726 2035 3
I1024 06:32:28.166502 47099637589056 create_pretraining_data.py:161] input_ids: 2 10769 13295 2976 4968 1007 378 2490 4 2040 29577 18415 4 378 1973 22998 21070 12463 1908 4518 5454 378 19070 10297 18199 1911 2976 4 4 378 3265 6605 10349 8272 3112 18 20754 3045 4 5550 4 378 2546 4 4 27054 2151 12463 1908 4518 5454 6161 2479 4 4 1908 8496 11830 1901 378 2333 2041 1911 2976 3 3589 6009 2215 2075 6689 2632 1913 378 1973 2164 11812 28272 2395 2123 6862 378 3800 2130 4 4 4 2346 23912 2019 2582 1904 4 2245 2220 11623 1908 4 4 378 2159 27842 1043 2333 12101 3624 1985 4 378 2298 8059 1979 1964 12556 8736 8203 5754 6223 6428 2976 4968 1007 378 29786 2658 1961 24726 2035 3
INFO:tensorflow:input_mask: 1 1 1 1 1 1 1 1 1 1 1 1 1 1 1 1 1 1 1 1 1 1 1 1 1 1 1 1 1 1 1 1 1 1 1 1 1 1 1 1 1 1 1 1 1 1 1 1 1 1 1 1 1 1 1 1 1 1 1 1 1 1 1 1 1 1 1 1 1 1 1 1 1 1 1 1 1 1 1 1 1 1 1 1 1 1 1 1 1 1 1 1 1 1 1 1 1 1 1 1 1 1 1 1 1 1 1 1 1 1 1 1 1 1 1 1 1 1 1 1 1 1 1 1 1 1 1 1
I1024 06:32:28.166642 47099637589056 create_pretraining_data.py:161] input_mask: 1 1 1 1 1 1 1 1 1 1 1 1 1 1 1 1 1 1 1 1 1 1 1 1 1 1 1 1 1 1 1 1 1 1 1 1 1 1 1 1 1 1 1 1 1 1 1 1 1 1 1 1 1 1 1 1 1 1 1 1 1 1 1 1 1 1 1 1 1 1 1 1 1 1 1 1 1 1 1 1 1 1 1 1 1 1 1 1 1 1 1 1 1 1 1 1 1 1 1 1 1 1 1 1 1 1 1 1 1 1 1 1 1 1 1 1 1 1 1 1 1 1 1 1 1 1 1 1
INFO:tensorflow:segment_ids: 0 0 0 0 0 0 0 0 0 0 0 0 0 0 0 0 0 0 0 0 0 0 0 0 0 0 0 0 0 0 0 0 0 0 0 0 0 0 0 0 0 0 0 0 0 0 0 0 0 0 0 0 0 0 0 0 0 0 0 0 0 0 0 0 0 1 1 1 1 1 1 1 1 1 1 1 1 1 1 1 1 1 1 1 1 1 1 1 1 1 1 1 1 1 1 1 1 1 1 1 1 1 1 1 1 1 1 1 1 1 1 1 1 1 1 1 1 1 1 1 1 1 1 1 1 1 1 1
I1024 06:32:28.166773 47099637589056 create_pretraining_data.py:161] segment_ids: 0 0 0 0 0 0 0 0 0 0 0 0 0 0 0 0 0 0 0 0 0 0 0 0 0 0 0 0 0 0 0 0 0 0 0 0 0 0 0 0 0 0 0 0 0 0 0 0 0 0 0 0 0 0 0 0 0 0 0 0 0 0 0 0 0 1 1 1 1 1 1 1 1 1 1 1 1 1 1 1 1 1 1 1 1 1 1 1 1 1 1 1 1 1 1 1 1 1 1 1 1 1 1 1 1 1 1 1 1 1 1 1 1 1 1 1 1 1 1 1 1 1 1 1 1 1 1 1
INFO:tensorflow:masked_lm_positions: 8 12 27 28 38 40 43 44 52 53 54 73 83 84 85 91 96 97 106 0
I1024 06:32:28.166868 47099637589056 create_pretraining_data.py:161] masked_lm_positions: 8 12 27 28 38 40 43 44 52 53 54 73 83 84 85 91 96 97 106 0
INFO:tensorflow:masked_lm_ids: 20668 8405 4968 1007 2346 23249 4491 2600 2479 21511 1043 1973 10914 1006 2733 18 8736 8203 7450 0
I1024 06:32:28.166960 47099637589056 create_pretraining_data.py:161] masked_lm_ids: 20668 8405 4968 1007 2346 23249 4491 2600 2479 21511 1043 1973 10914 1006 2733 18 8736 8203 7450 0
INFO:tensorflow:masked_lm_weights: 1.0 1.0 1.0 1.0 1.0 1.0 1.0 1.0 1.0 1.0 1.0 1.0 1.0 1.0 1.0 1.0 1.0 1.0 1.0 0.0
I1024 06:32:28.167054 47099637589056 create_pretraining_data.py:161] masked_lm_weights: 1.0 1.0 1.0 1.0 1.0 1.0 1.0 1.0 1.0 1.0 1.0 1.0 1.0 1.0 1.0 1.0 1.0 1.0 1.0 0.0
INFO:tensorflow:next_sentence_labels: 0
I1024 06:32:28.167152 47099637589056 create_pretraining_data.py:161] next_sentence_labels: 0
INFO:tensorflow:*** Example ***
I1024 06:32:28.167846 47099637589056 create_pretraining_data.py:149] *** Example ***
INFO:tensorflow:tokens: [CLS] وتعتبر [MASK] عرض مستقلة ومن المنتظر افتتاح صالة عرض أخري [MASK] في وقت لاحق من هذا [MASK] ، في سيدني ، أستراليا . [SEP] وقال [MASK] ##اس مور ##س رئيس AM ##G : " صالة العرض [MASK] في طوكيو تحدد المرحلة التالية [MASK] مبادرة المبيعات لدينا . [SEP]
I1024 06:32:28.167989 47099637589056 create_pretraining_data.py:151] tokens: [CLS] وتعتبر [MASK] عرض مستقلة ومن المنتظر افتتاح صالة عرض أخري [MASK] في وقت لاحق من هذا [MASK] ، في سيدني ، أستراليا . [SEP] وقال [MASK] ##اس مور ##س رئيس AM ##G : " صالة العرض [MASK] في طوكيو تحدد المرحلة التالية [MASK] مبادرة المبيعات لدينا . [SEP]
INFO:tensorflow:input_ids: 2 15043 4 3261 11593 2298 13759 7118 18540 3261 19513 4 1912 2758 18635 1908 2085 4 378 1912 24818 378 12085 18 3 2484 4 2233 8732 1033 2426 6801 1074 30 6 18540 6111 4 1912 23347 13918 4567 7323 4 11376 18841 5344 18 3 0 0 0 0 0 0 0 0 0 0 0 0 0 0 0 0 0 0 0 0 0 0 0 0 0 0 0 0 0 0 0 0 0 0 0 0 0 0 0 0 0 0 0 0 0 0 0 0 0 0 0 0 0 0 0 0 0 0 0 0 0 0 0 0 0 0 0 0 0 0 0 0 0 0 0 0 0 0 0
I1024 06:32:28.168136 47099637589056 create_pretraining_data.py:161] input_ids: 2 15043 4 3261 11593 2298 13759 7118 18540 3261 19513 4 1912 2758 18635 1908 2085 4 378 1912 24818 378 12085 18 3 2484 4 2233 8732 1033 2426 6801 1074 30 6 18540 6111 4 1912 23347 13918 4567 7323 4 11376 18841 5344 18 3 0 0 0 0 0 0 0 0 0 0 0 0 0 0 0 0 0 0 0 0 0 0 0 0 0 0 0 0 0 0 0 0 0 0 0 0 0 0 0 0 0 0 0 0 0 0 0 0 0 0 0 0 0 0 0 0 0 0 0 0 0 0 0 0 0 0 0 0 0 0 0 0 0 0 0 0 0 0 0
INFO:tensorflow:input_mask: 1 1 1 1 1 1 1 1 1 1 1 1 1 1 1 1 1 1 1 1 1 1 1 1 1 1 1 1 1 1 1 1 1 1 1 1 1 1 1 1 1 1 1 1 1 1 1 1 1 0 0 0 0 0 0 0 0 0 0 0 0 0 0 0 0 0 0 0 0 0 0 0 0 0 0 0 0 0 0 0 0 0 0 0 0 0 0 0 0 0 0 0 0 0 0 0 0 0 0 0 0 0 0 0 0 0 0 0 0 0 0 0 0 0 0 0 0 0 0 0 0 0 0 0 0 0 0 0
I1024 06:32:28.168267 47099637589056 create_pretraining_data.py:161] input_mask: 1 1 1 1 1 1 1 1 1 1 1 1 1 1 1 1 1 1 1 1 1 1 1 1 1 1 1 1 1 1 1 1 1 1 1 1 1 1 1 1 1 1 1 1 1 1 1 1 1 0 0 0 0 0 0 0 0 0 0 0 0 0 0 0 0 0 0 0 0 0 0 0 0 0 0 0 0 0 0 0 0 0 0 0 0 0 0 0 0 0 0 0 0 0 0 0 0 0 0 0 0 0 0 0 0 0 0 0 0 0 0 0 0 0 0 0 0 0 0 0 0 0 0 0 0 0 0 0
INFO:tensorflow:segment_ids: 0 0 0 0 0 0 0 0 0 0 0 0 0 0 0 0 0 0 0 0 0 0 0 0 0 1 1 1 1 1 1 1 1 1 1 1 1 1 1 1 1 1 1 1 1 1 1 1 1 0 0 0 0 0 0 0 0 0 0 0 0 0 0 0 0 0 0 0 0 0 0 0 0 0 0 0 0 0 0 0 0 0 0 0 0 0 0 0 0 0 0 0 0 0 0 0 0 0 0 0 0 0 0 0 0 0 0 0 0 0 0 0 0 0 0 0 0 0 0 0 0 0 0 0 0 0 0 0
I1024 06:32:28.168392 47099637589056 create_pretraining_data.py:161] segment_ids: 0 0 0 0 0 0 0 0 0 0 0 0 0 0 0 0 0 0 0 0 0 0 0 0 0 1 1 1 1 1 1 1 1 1 1 1 1 1 1 1 1 1 1 1 1 1 1 1 1 0 0 0 0 0 0 0 0 0 0 0 0 0 0 0 0 0 0 0 0 0 0 0 0 0 0 0 0 0 0 0 0 0 0 0 0 0 0 0 0 0 0 0 0 0 0 0 0 0 0 0 0 0 0 0 0 0 0 0 0 0 0 0 0 0 0 0 0 0 0 0 0 0 0 0 0 0 0 0
INFO:tensorflow:masked_lm_positions: 2 11 17 26 27 37 43 0 0 0 0 0 0 0 0 0 0 0 0 0
I1024 06:32:28.168486 47099637589056 create_pretraining_data.py:161] masked_lm_positions: 2 11 17 26 27 37 43 0 0 0 0 0 0 0 0 0 0 0 0 0
INFO:tensorflow:masked_lm_ids: 18540 13864 2169 21119 2233 3895 1908 0 0 0 0 0 0 0 0 0 0 0 0 0
I1024 06:32:28.168576 47099637589056 create_pretraining_data.py:161] masked_lm_ids: 18540 13864 2169 21119 2233 3895 1908 0 0 0 0 0 0 0 0 0 0 0 0 0
INFO:tensorflow:masked_lm_weights: 1.0 1.0 1.0 1.0 1.0 1.0 1.0 0.0 0.0 0.0 0.0 0.0 0.0 0.0 0.0 0.0 0.0 0.0 0.0 0.0
I1024 06:32:28.168675 47099637589056 create_pretraining_data.py:161] masked_lm_weights: 1.0 1.0 1.0 1.0 1.0 1.0 1.0 0.0 0.0 0.0 0.0 0.0 0.0 0.0 0.0 0.0 0.0 0.0 0.0 0.0
INFO:tensorflow:next_sentence_labels: 0
I1024 06:32:28.168771 47099637589056 create_pretraining_data.py:161] next_sentence_labels: 0
INFO:tensorflow:*** Example ***
I1024 06:32:28.169450 47099637589056 create_pretraining_data.py:149] *** Example ***
INFO:tensorflow:tokens: [CLS] مست ##دل ##ين على ذلك بالك ##تاب والسنة : [SEP] ومن السنة [MASK] [MASK] [MASK] في هذا [MASK] [MASK] أخرجه البخاري عن ابن مسعود رضي الله عنه : قال رسول الله صلى الله عليه وسلم كلمة وقلت أخرى : " من [MASK] وهو يدعو [MASK] دون الله ند ##ا دخل النار » وقلت أنا : من مات وهو لا يدعو لله [MASK] [MASK] دخل الجنة [SEP]
I1024 06:32:28.169592 47099637589056 create_pretraining_data.py:151] tokens: [CLS] مست ##دل ##ين على ذلك بالك ##تاب والسنة : [SEP] ومن السنة [MASK] [MASK] [MASK] في هذا [MASK] [MASK] أخرجه البخاري عن ابن مسعود رضي الله عنه : قال رسول الله صلى الله عليه وسلم كلمة وقلت أخرى : " من [MASK] وهو يدعو [MASK] دون الله ند ##ا دخل النار » وقلت أنا : من مات وهو لا يدعو لله [MASK] [MASK] دخل الجنة [SEP]
INFO:tensorflow:input_ids: 2 2257 9297 1911 1961 2271 3906 7638 13169 30 3 2298 3271 4 4 4 1912 2085 4 4 15669 6286 1955 2549 10090 4309 1953 2891 30 2136 3016 1953 2977 1953 2181 2565 4819 15274 3286 30 6 1908 4 2400 6833 4 2571 1953 3911 1007 4896 3919 114 15274 3897 30 1908 3019 2400 1963 6833 2784 4 4 4896 7853 3 0 0 0 0 0 0 0 0 0 0 0 0 0 0 0 0 0 0 0 0 0 0 0 0 0 0 0 0 0 0 0 0 0 0 0 0 0 0 0 0 0 0 0 0 0 0 0 0 0 0 0 0 0 0 0 0 0 0 0 0 0
I1024 06:32:28.169752 47099637589056 create_pretraining_data.py:161] input_ids: 2 2257 9297 1911 1961 2271 3906 7638 13169 30 3 2298 3271 4 4 4 1912 2085 4 4 15669 6286 1955 2549 10090 4309 1953 2891 30 2136 3016 1953 2977 1953 2181 2565 4819 15274 3286 30 6 1908 4 2400 6833 4 2571 1953 3911 1007 4896 3919 114 15274 3897 30 1908 3019 2400 1963 6833 2784 4 4 4896 7853 3 0 0 0 0 0 0 0 0 0 0 0 0 0 0 0 0 0 0 0 0 0 0 0 0 0 0 0 0 0 0 0 0 0 0 0 0 0 0 0 0 0 0 0 0 0 0 0 0 0 0 0 0 0 0 0 0 0 0 0 0 0
INFO:tensorflow:input_mask: 1 1 1 1 1 1 1 1 1 1 1 1 1 1 1 1 1 1 1 1 1 1 1 1 1 1 1 1 1 1 1 1 1 1 1 1 1 1 1 1 1 1 1 1 1 1 1 1 1 1 1 1 1 1 1 1 1 1 1 1 1 1 1 1 1 1 1 0 0 0 0 0 0 0 0 0 0 0 0 0 0 0 0 0 0 0 0 0 0 0 0 0 0 0 0 0 0 0 0 0 0 0 0 0 0 0 0 0 0 0 0 0 0 0 0 0 0 0 0 0 0 0 0 0 0 0 0 0
I1024 06:32:28.169883 47099637589056 create_pretraining_data.py:161] input_mask: 1 1 1 1 1 1 1 1 1 1 1 1 1 1 1 1 1 1 1 1 1 1 1 1 1 1 1 1 1 1 1 1 1 1 1 1 1 1 1 1 1 1 1 1 1 1 1 1 1 1 1 1 1 1 1 1 1 1 1 1 1 1 1 1 1 1 1 0 0 0 0 0 0 0 0 0 0 0 0 0 0 0 0 0 0 0 0 0 0 0 0 0 0 0 0 0 0 0 0 0 0 0 0 0 0 0 0 0 0 0 0 0 0 0 0 0 0 0 0 0 0 0 0 0 0 0 0 0
INFO:tensorflow:segment_ids: 0 0 0 0 0 0 0 0 0 0 0 1 1 1 1 1 1 1 1 1 1 1 1 1 1 1 1 1 1 1 1 1 1 1 1 1 1 1 1 1 1 1 1 1 1 1 1 1 1 1 1 1 1 1 1 1 1 1 1 1 1 1 1 1 1 1 1 0 0 0 0 0 0 0 0 0 0 0 0 0 0 0 0 0 0 0 0 0 0 0 0 0 0 0 0 0 0 0 0 0 0 0 0 0 0 0 0 0 0 0 0 0 0 0 0 0 0 0 0 0 0 0 0 0 0 0 0 0
I1024 06:32:28.170009 47099637589056 create_pretraining_data.py:161] segment_ids: 0 0 0 0 0 0 0 0 0 0 0 1 1 1 1 1 1 1 1 1 1 1 1 1 1 1 1 1 1 1 1 1 1 1 1 1 1 1 1 1 1 1 1 1 1 1 1 1 1 1 1 1 1 1 1 1 1 1 1 1 1 1 1 1 1 1 1 0 0 0 0 0 0 0 0 0 0 0 0 0 0 0 0 0 0 0 0 0 0 0 0 0 0 0 0 0 0 0 0 0 0 0 0 0 0 0 0 0 0 0 0 0 0 0 0 0 0 0 0 0 0 0 0 0 0 0 0 0
INFO:tensorflow:masked_lm_positions: 13 14 15 18 19 23 42 45 62 63 0 0 0 0 0 0 0 0 0 0
I1024 06:32:28.170104 47099637589056 create_pretraining_data.py:161] masked_lm_positions: 13 14 15 18 19 23 42 45 62 63 0 0 0 0 0 0 0 0 0 0
INFO:tensorflow:masked_lm_ids: 17467 2582 1043 4687 1972 2549 3019 1908 3911 1007 0 0 0 0 0 0 0 0 0 0
I1024 06:32:28.170195 47099637589056 create_pretraining_data.py:161] masked_lm_ids: 17467 2582 1043 4687 1972 2549 3019 1908 3911 1007 0 0 0 0 0 0 0 0 0 0
INFO:tensorflow:masked_lm_weights: 1.0 1.0 1.0 1.0 1.0 1.0 1.0 1.0 1.0 1.0 0.0 0.0 0.0 0.0 0.0 0.0 0.0 0.0 0.0 0.0
I1024 06:32:28.170301 47099637589056 create_pretraining_data.py:161] masked_lm_weights: 1.0 1.0 1.0 1.0 1.0 1.0 1.0 1.0 1.0 1.0 0.0 0.0 0.0 0.0 0.0 0.0 0.0 0.0 0.0 0.0
INFO:tensorflow:next_sentence_labels: 0
I1024 06:32:28.170387 47099637589056 create_pretraining_data.py:161] next_sentence_labels: 0
INFO:tensorflow:*** Example ***
I1024 06:32:28.171103 47099637589056 create_pretraining_data.py:149] *** Example ***
INFO:tensorflow:tokens: [CLS] لأن الخلايا [MASK] [MASK] تفر ##ز محتويات ##ها من المواد المه ##يج ##ه دفعه واحده مما منظم إلى خفض كمية الدم المتد ##فقة إلى عض ##لة القلب في ##حدث بط ##ئ في حركات التنفس . [SEP] نتيجة الاحت ##كاك بين ##خي ##ط البند ##ول و نقطة التعليق و كذلك [MASK] الهواء و [MASK] [MASK] هذه العوامل لا ست ##مرا ##لبن ##دو ##ل في حرك ##ته [MASK] [MASK] [MASK] [MASK] [MASK] [MASK] و ##جا [MASK] [MASK] [MASK] . 2 ) [MASK] المرا ##وح الهوا ##ئية فيا ##لم ##ولد ##ات الكهربائية و تعمل على تحويل الطاقة الحر ##كية للري ##اح إلى طاقة كهربائية : [MASK] تص ##ط ##دم الرياح بزع ##ان ##ف المرو ##حة الهوا ##ئية تدير ##ها فت ##دير معها الملفات ##الم ##وجود ##ة بين قطب ##ي [SEP]
I1024 06:32:28.171275 47099637589056 create_pretraining_data.py:151] tokens: [CLS] لأن الخلايا [MASK] [MASK] تفر ##ز محتويات ##ها من المواد المه ##يج ##ه دفعه واحده مما منظم إلى خفض كمية الدم المتد ##فقة إلى عض ##لة القلب في ##حدث بط ##ئ في حركات التنفس . [SEP] نتيجة الاحت ##كاك بين ##خي ##ط البند ##ول و نقطة التعليق و كذلك [MASK] الهواء و [MASK] [MASK] هذه العوامل لا ست ##مرا ##لبن ##دو ##ل في حرك ##ته [MASK] [MASK] [MASK] [MASK] [MASK] [MASK] و ##جا [MASK] [MASK] [MASK] . 2 ) [MASK] المرا ##وح الهوا ##ئية فيا ##لم ##ولد ##ات الكهربائية و تعمل على تحويل الطاقة الحر ##كية للري ##اح إلى طاقة كهربائية : [MASK] تص ##ط ##دم الرياح بزع ##ان ##ف المرو ##حة الهوا ##ئية تدير ##ها فت ##دير معها الملفات ##الم ##وجود ##ة بين قطب ##ي [SEP]
INFO:tensorflow:input_ids: 2 3034 12629 4 4 12667 1008 21101 1913 1908 4989 3100 2853 1028 19133 5861 3077 27984 2045 12120 11832 4479 26803 7711 2045 5718 2035 3338 1912 2577 2522 1042 1912 15190 22581 18 3 4909 3185 14788 2117 3667 1040 17041 1940 415 5312 9921 415 4533 4 8238 415 4 4 2159 16452 1963 2333 25112 21170 8412 1010 1912 15539 2076 4 4 4 4 4 4 415 3327 4 4 4 18 22 13 4 6506 2517 22333 3371 16090 1902 3837 1904 9320 415 4811 1961 8234 6233 3220 3370 12781 2187 2045 18153 20980 30 4 2223 1040 2077 15202 29432 1906 1037 23837 2106 22333 3371 23210 1913 2572 5089 5577 8681 2100 6180 1043 2117 24371 1013 3
I1024 06:32:28.171434 47099637589056 create_pretraining_data.py:161] input_ids: 2 3034 12629 4 4 12667 1008 21101 1913 1908 4989 3100 2853 1028 19133 5861 3077 27984 2045 12120 11832 4479 26803 7711 2045 5718 2035 3338 1912 2577 2522 1042 1912 15190 22581 18 3 4909 3185 14788 2117 3667 1040 17041 1940 415 5312 9921 415 4533 4 8238 415 4 4 2159 16452 1963 2333 25112 21170 8412 1010 1912 15539 2076 4 4 4 4 4 4 415 3327 4 4 4 18 22 13 4 6506 2517 22333 3371 16090 1902 3837 1904 9320 415 4811 1961 8234 6233 3220 3370 12781 2187 2045 18153 20980 30 4 2223 1040 2077 15202 29432 1906 1037 23837 2106 22333 3371 23210 1913 2572 5089 5577 8681 2100 6180 1043 2117 24371 1013 3
INFO:tensorflow:input_mask: 1 1 1 1 1 1 1 1 1 1 1 1 1 1 1 1 1 1 1 1 1 1 1 1 1 1 1 1 1 1 1 1 1 1 1 1 1 1 1 1 1 1 1 1 1 1 1 1 1 1 1 1 1 1 1 1 1 1 1 1 1 1 1 1 1 1 1 1 1 1 1 1 1 1 1 1 1 1 1 1 1 1 1 1 1 1 1 1 1 1 1 1 1 1 1 1 1 1 1 1 1 1 1 1 1 1 1 1 1 1 1 1 1 1 1 1 1 1 1 1 1 1 1 1 1 1 1 1
I1024 06:32:28.171566 47099637589056 create_pretraining_data.py:161] input_mask: 1 1 1 1 1 1 1 1 1 1 1 1 1 1 1 1 1 1 1 1 1 1 1 1 1 1 1 1 1 1 1 1 1 1 1 1 1 1 1 1 1 1 1 1 1 1 1 1 1 1 1 1 1 1 1 1 1 1 1 1 1 1 1 1 1 1 1 1 1 1 1 1 1 1 1 1 1 1 1 1 1 1 1 1 1 1 1 1 1 1 1 1 1 1 1 1 1 1 1 1 1 1 1 1 1 1 1 1 1 1 1 1 1 1 1 1 1 1 1 1 1 1 1 1 1 1 1 1
INFO:tensorflow:segment_ids: 0 0 0 0 0 0 0 0 0 0 0 0 0 0 0 0 0 0 0 0 0 0 0 0 0 0 0 0 0 0 0 0 0 0 0 0 0 1 1 1 1 1 1 1 1 1 1 1 1 1 1 1 1 1 1 1 1 1 1 1 1 1 1 1 1 1 1 1 1 1 1 1 1 1 1 1 1 1 1 1 1 1 1 1 1 1 1 1 1 1 1 1 1 1 1 1 1 1 1 1 1 1 1 1 1 1 1 1 1 1 1 1 1 1 1 1 1 1 1 1 1 1 1 1 1 1 1 1
I1024 06:32:28.171715 47099637589056 create_pretraining_data.py:161] segment_ids: 0 0 0 0 0 0 0 0 0 0 0 0 0 0 0 0 0 0 0 0 0 0 0 0 0 0 0 0 0 0 0 0 0 0 0 0 0 1 1 1 1 1 1 1 1 1 1 1 1 1 1 1 1 1 1 1 1 1 1 1 1 1 1 1 1 1 1 1 1 1 1 1 1 1 1 1 1 1 1 1 1 1 1 1 1 1 1 1 1 1 1 1 1 1 1 1 1 1 1 1 1 1 1 1 1 1 1 1 1 1 1 1 1 1 1 1 1 1 1 1 1 1 1 1 1 1 1 1
INFO:tensorflow:masked_lm_positions: 3 4 17 49 50 53 54 66 67 68 69 70 71 73 74 75 76 80 103 0
I1024 06:32:28.171810 47099637589056 create_pretraining_data.py:161] masked_lm_positions: 3 4 17 49 50 53 54 66 67 68 69 70 71 73 74 75 76 80 103 0
INFO:tensorflow:masked_lm_ids: 1996 2640 6898 4533 15484 2244 1963 5374 14224 18766 1043 22040 1007 4901 7918 2045 23983 6234 24548 0
I1024 06:32:28.171901 47099637589056 create_pretraining_data.py:161] masked_lm_ids: 1996 2640 6898 4533 15484 2244 1963 5374 14224 18766 1043 22040 1007 4901 7918 2045 23983 6234 24548 0
INFO:tensorflow:masked_lm_weights: 1.0 1.0 1.0 1.0 1.0 1.0 1.0 1.0 1.0 1.0 1.0 1.0 1.0 1.0 1.0 1.0 1.0 1.0 1.0 0.0
I1024 06:32:28.171994 47099637589056 create_pretraining_data.py:161] masked_lm_weights: 1.0 1.0 1.0 1.0 1.0 1.0 1.0 1.0 1.0 1.0 1.0 1.0 1.0 1.0 1.0 1.0 1.0 1.0 1.0 0.0
INFO:tensorflow:next_sentence_labels: 0
I1024 06:32:28.172077 47099637589056 create_pretraining_data.py:161] next_sentence_labels: 0
INFO:tensorflow:*** Example ***
I1024 06:32:28.207603 47099637589056 create_pretraining_data.py:149] *** Example ***
INFO:tensorflow:tokens: [CLS] ولا تقدم شركة Apple [MASK] ضمانات فيما يتعلق بدقة أو موث ##وقية مواقع الويب التابعة لج ##هات خارجية . المخاطر ملا ##زمة [MASK] الإنترنت . [SEP] للحصول على مزيد [MASK] المعلومات [MASK] يمكنك الاتصال بسلام [MASK] . [MASK] تكون [MASK] الشركات والمنتجات الأخرى علامات تجارية لما ##لكي ##ها المعنيين . [SEP]
I1024 06:32:28.221472 47099637589056 create_pretraining_data.py:151] tokens: [CLS] ولا تقدم شركة Apple [MASK] ضمانات فيما يتعلق بدقة أو موث ##وقية مواقع الويب التابعة لج ##هات خارجية . المخاطر ملا ##زمة [MASK] الإنترنت . [SEP] للحصول على مزيد [MASK] المعلومات [MASK] يمكنك الاتصال بسلام [MASK] . [MASK] تكون [MASK] الشركات والمنتجات الأخرى علامات تجارية لما ##لكي ##ها المعنيين . [SEP]
INFO:tensorflow:input_ids: 2 2086 3868 2753 25542 4 15243 3200 5328 18162 2075 16874 14330 3989 14860 6953 2672 27067 10868 18 12773 4288 3651 4 5865 18 3 6608 1961 8309 4 3939 4 4521 5958 18050 4 18 4 2652 4 4860 14874 4700 10267 10771 2518 17119 1913 21041 18 3 0 0 0 0 0 0 0 0 0 0 0 0 0 0 0 0 0 0 0 0 0 0 0 0 0 0 0 0 0 0 0 0 0 0 0 0 0 0 0 0 0 0 0 0 0 0 0 0 0 0 0 0 0 0 0 0 0 0 0 0 0 0 0 0 0 0 0 0 0 0 0 0 0 0 0 0
I1024 06:32:28.231326 47099637589056 create_pretraining_data.py:161] input_ids: 2 2086 3868 2753 25542 4 15243 3200 5328 18162 2075 16874 14330 3989 14860 6953 2672 27067 10868 18 12773 4288 3651 4 5865 18 3 6608 1961 8309 4 3939 4 4521 5958 18050 4 18 4 2652 4 4860 14874 4700 10267 10771 2518 17119 1913 21041 18 3 0 0 0 0 0 0 0 0 0 0 0 0 0 0 0 0 0 0 0 0 0 0 0 0 0 0 0 0 0 0 0 0 0 0 0 0 0 0 0 0 0 0 0 0 0 0 0 0 0 0 0 0 0 0 0 0 0 0 0 0 0 0 0 0 0 0 0 0 0 0 0 0 0 0 0 0
INFO:tensorflow:input_mask: 1 1 1 1 1 1 1 1 1 1 1 1 1 1 1 1 1 1 1 1 1 1 1 1 1 1 1 1 1 1 1 1 1 1 1 1 1 1 1 1 1 1 1 1 1 1 1 1 1 1 1 1 0 0 0 0 0 0 0 0 0 0 0 0 0 0 0 0 0 0 0 0 0 0 0 0 0 0 0 0 0 0 0 0 0 0 0 0 0 0 0 0 0 0 0 0 0 0 0 0 0 0 0 0 0 0 0 0 0 0 0 0 0 0 0 0 0 0 0 0 0 0 0 0 0 0 0 0
I1024 06:32:28.231649 47099637589056 create_pretraining_data.py:161] input_mask: 1 1 1 1 1 1 1 1 1 1 1 1 1 1 1 1 1 1 1 1 1 1 1 1 1 1 1 1 1 1 1 1 1 1 1 1 1 1 1 1 1 1 1 1 1 1 1 1 1 1 1 1 0 0 0 0 0 0 0 0 0 0 0 0 0 0 0 0 0 0 0 0 0 0 0 0 0 0 0 0 0 0 0 0 0 0 0 0 0 0 0 0 0 0 0 0 0 0 0 0 0 0 0 0 0 0 0 0 0 0 0 0 0 0 0 0 0 0 0 0 0 0 0 0 0 0 0 0
INFO:tensorflow:segment_ids: 0 0 0 0 0 0 0 0 0 0 0 0 0 0 0 0 0 0 0 0 0 0 0 0 0 0 0 1 1 1 1 1 1 1 1 1 1 1 1 1 1 1 1 1 1 1 1 1 1 1 1 1 0 0 0 0 0 0 0 0 0 0 0 0 0 0 0 0 0 0 0 0 0 0 0 0 0 0 0 0 0 0 0 0 0 0 0 0 0 0 0 0 0 0 0 0 0 0 0 0 0 0 0 0 0 0 0 0 0 0 0 0 0 0 0 0 0 0 0 0 0 0 0 0 0 0 0 0
I1024 06:32:28.231918 47099637589056 create_pretraining_data.py:161] segment_ids: 0 0 0 0 0 0 0 0 0 0 0 0 0 0 0 0 0 0 0 0 0 0 0 0 0 0 0 1 1 1 1 1 1 1 1 1 1 1 1 1 1 1 1 1 1 1 1 1 1 1 1 1 0 0 0 0 0 0 0 0 0 0 0 0 0 0 0 0 0 0 0 0 0 0 0 0 0 0 0 0 0 0 0 0 0 0 0 0 0 0 0 0 0 0 0 0 0 0 0 0 0 0 0 0 0 0 0 0 0 0 0 0 0 0 0 0 0 0 0 0 0 0 0 0 0 0 0 0
INFO:tensorflow:masked_lm_positions: 5 23 30 32 35 36 38 40 0 0 0 0 0 0 0 0 0 0 0 0
I1024 06:32:28.232115 47099637589056 create_pretraining_data.py:161] masked_lm_positions: 5 23 30 32 35 36 38 40 0 0 0 0 0 0 0 0 0 0 0 0
INFO:tensorflow:masked_lm_ids: 9818 17232 1908 378 4963 5088 2251 8763 0 0 0 0 0 0 0 0 0 0 0 0
I1024 06:32:28.232300 47099637589056 create_pretraining_data.py:161] masked_lm_ids: 9818 17232 1908 378 4963 5088 2251 8763 0 0 0 0 0 0 0 0 0 0 0 0
INFO:tensorflow:masked_lm_weights: 1.0 1.0 1.0 1.0 1.0 1.0 1.0 1.0 0.0 0.0 0.0 0.0 0.0 0.0 0.0 0.0 0.0 0.0 0.0 0.0
I1024 06:32:28.233833 47099637589056 create_pretraining_data.py:161] masked_lm_weights: 1.0 1.0 1.0 1.0 1.0 1.0 1.0 1.0 0.0 0.0 0.0 0.0 0.0 0.0 0.0 0.0 0.0 0.0 0.0 0.0
INFO:tensorflow:next_sentence_labels: 0
I1024 06:32:28.234007 47099637589056 create_pretraining_data.py:161] next_sentence_labels: 0
INFO:tensorflow:*** Example ***
I1024 06:32:28.268572 47099637589056 create_pretraining_data.py:149] *** Example ***
INFO:tensorflow:tokens: [CLS] كان يا مكان عندما [MASK] الدولة الموحد ##ية [MASK] عرفت جمع شمال افريقيا والان ##دل ##س . [SEP] بالع ##دل ومسا [MASK] و . ليس باك صاحبي والرش ##اوي [MASK] [MASK] . [MASK] تشت ##ت المغرب عندما اخ ##د الحكم المرس ##كي ##ون وحتى يومنا هاد ##ا . عما قريب تد ##هب الصحراء [MASK] ##بعها [MASK] حتى تبقى مراكش وفا ##س لوحده ##ما [MASK] [MASK] استمرت نفس السياسة العمي ##ا . التهم ##يش وعدم الاستثمار في الانسان [MASK] التعليم تم التعليم . لان ##قاد ما بق ##ى . انشر من فضلك . [SEP]
I1024 06:32:28.268764 47099637589056 create_pretraining_data.py:151] tokens: [CLS] كان يا مكان عندما [MASK] الدولة الموحد ##ية [MASK] عرفت جمع شمال افريقيا والان ##دل ##س . [SEP] بالع ##دل ومسا [MASK] و . ليس باك صاحبي والرش ##اوي [MASK] [MASK] . [MASK] تشت ##ت المغرب عندما اخ ##د الحكم المرس ##كي ##ون وحتى يومنا هاد ##ا . عما قريب تد ##هب الصحراء [MASK] ##بعها [MASK] حتى تبقى مراكش وفا ##س لوحده ##ما [MASK] [MASK] استمرت نفس السياسة العمي ##ا . التهم ##يش وعدم الاستثمار في الانسان [MASK] التعليم تم التعليم . لان ##قاد ما بق ##ى . انشر من فضلك . [SEP]
INFO:tensorflow:input_ids: 2 2055 2104 3192 2805 4 3306 17463 1910 4 7813 3341 4470 9027 4308 9297 1033 18 3 3598 9297 19219 4 415 18 2618 4904 13513 28354 6899 4 4 18 4 6567 1005 3768 2805 2269 1016 4034 12284 2199 1922 5848 16787 8089 1007 18 5606 5964 2457 3201 10107 4 21438 4 2494 10363 22283 5959 1033 25384 1931 4 4 14565 2339 6607 12172 1007 18 21215 2336 5568 7454 1912 3858 4 3009 2172 3009 18 2551 6167 1972 2498 1102 18 14608 1908 17352 18 3 0 0 0 0 0 0 0 0 0 0 0 0 0 0 0 0 0 0 0 0 0 0 0 0 0 0 0 0 0 0 0 0 0 0
I1024 06:32:28.268938 47099637589056 create_pretraining_data.py:161] input_ids: 2 2055 2104 3192 2805 4 3306 17463 1910 4 7813 3341 4470 9027 4308 9297 1033 18 3 3598 9297 19219 4 415 18 2618 4904 13513 28354 6899 4 4 18 4 6567 1005 3768 2805 2269 1016 4034 12284 2199 1922 5848 16787 8089 1007 18 5606 5964 2457 3201 10107 4 21438 4 2494 10363 22283 5959 1033 25384 1931 4 4 14565 2339 6607 12172 1007 18 21215 2336 5568 7454 1912 3858 4 3009 2172 3009 18 2551 6167 1972 2498 1102 18 14608 1908 17352 18 3 0 0 0 0 0 0 0 0 0 0 0 0 0 0 0 0 0 0 0 0 0 0 0 0 0 0 0 0 0 0 0 0 0 0
INFO:tensorflow:input_mask: 1 1 1 1 1 1 1 1 1 1 1 1 1 1 1 1 1 1 1 1 1 1 1 1 1 1 1 1 1 1 1 1 1 1 1 1 1 1 1 1 1 1 1 1 1 1 1 1 1 1 1 1 1 1 1 1 1 1 1 1 1 1 1 1 1 1 1 1 1 1 1 1 1 1 1 1 1 1 1 1 1 1 1 1 1 1 1 1 1 1 1 1 1 1 0 0 0 0 0 0 0 0 0 0 0 0 0 0 0 0 0 0 0 0 0 0 0 0 0 0 0 0 0 0 0 0 0 0
I1024 06:32:28.269102 47099637589056 create_pretraining_data.py:161] input_mask: 1 1 1 1 1 1 1 1 1 1 1 1 1 1 1 1 1 1 1 1 1 1 1 1 1 1 1 1 1 1 1 1 1 1 1 1 1 1 1 1 1 1 1 1 1 1 1 1 1 1 1 1 1 1 1 1 1 1 1 1 1 1 1 1 1 1 1 1 1 1 1 1 1 1 1 1 1 1 1 1 1 1 1 1 1 1 1 1 1 1 1 1 1 1 0 0 0 0 0 0 0 0 0 0 0 0 0 0 0 0 0 0 0 0 0 0 0 0 0 0 0 0 0 0 0 0 0 0
INFO:tensorflow:segment_ids: 0 0 0 0 0 0 0 0 0 0 0 0 0 0 0 0 0 0 0 1 1 1 1 1 1 1 1 1 1 1 1 1 1 1 1 1 1 1 1 1 1 1 1 1 1 1 1 1 1 1 1 1 1 1 1 1 1 1 1 1 1 1 1 1 1 1 1 1 1 1 1 1 1 1 1 1 1 1 1 1 1 1 1 1 1 1 1 1 1 1 1 1 1 1 0 0 0 0 0 0 0 0 0 0 0 0 0 0 0 0 0 0 0 0 0 0 0 0 0 0 0 0 0 0 0 0 0 0
I1024 06:32:28.269242 47099637589056 create_pretraining_data.py:161] segment_ids: 0 0 0 0 0 0 0 0 0 0 0 0 0 0 0 0 0 0 0 1 1 1 1 1 1 1 1 1 1 1 1 1 1 1 1 1 1 1 1 1 1 1 1 1 1 1 1 1 1 1 1 1 1 1 1 1 1 1 1 1 1 1 1 1 1 1 1 1 1 1 1 1 1 1 1 1 1 1 1 1 1 1 1 1 1 1 1 1 1 1 1 1 1 1 0 0 0 0 0 0 0 0 0 0 0 0 0 0 0 0 0 0 0 0 0 0 0 0 0 0 0 0 0 0 0 0 0 0
INFO:tensorflow:masked_lm_positions: 5 9 21 22 30 31 33 44 54 55 56 64 65 78 0 0 0 0 0 0
I1024 06:32:28.269345 47099637589056 create_pretraining_data.py:161] masked_lm_positions: 5 9 21 22 30 31 33 44 54 55 56 64 65 78 0 0 0 0 0 0
INFO:tensorflow:masked_lm_ids: 2431 2061 11966 2174 23928 1045 6305 5848 3398 21438 17277 18 26185 18 0 0 0 0 0 0
I1024 06:32:28.269448 47099637589056 create_pretraining_data.py:161] masked_lm_ids: 2431 2061 11966 2174 23928 1045 6305 5848 3398 21438 17277 18 26185 18 0 0 0 0 0 0
INFO:tensorflow:masked_lm_weights: 1.0 1.0 1.0 1.0 1.0 1.0 1.0 1.0 1.0 1.0 1.0 1.0 1.0 1.0 0.0 0.0 0.0 0.0 0.0 0.0
I1024 06:32:28.269552 47099637589056 create_pretraining_data.py:161] masked_lm_weights: 1.0 1.0 1.0 1.0 1.0 1.0 1.0 1.0 1.0 1.0 1.0 1.0 1.0 1.0 0.0 0.0 0.0 0.0 0.0 0.0
INFO:tensorflow:next_sentence_labels: 0
I1024 06:32:28.269652 47099637589056 create_pretraining_data.py:161] next_sentence_labels: 0
INFO:tensorflow:*** Example ***
I1024 06:32:28.270427 47099637589056 create_pretraining_data.py:149] *** Example ***
INFO:tensorflow:tokens: [CLS] الكبير منا ##رة إش ##عا ##ع حض ##اري تدعو إلى التسامح والاعت ##دال - عائشة القاسم ##ي : دولة الامارات أفضل مثال [MASK] [MASK] والتع ##اي ##ش السلمي - سالم [MASK] سلطان القاسم ##ي يشهد احتفالات نادي الجزيرة [MASK] باليوم العالمي للتس ##امح - انخفاض في درجات الحرارة غدا وفر ##صة لس ##قوط امطار - القمة العالمية للتس ##امح [MASK] دور الراوي لتعزيز [SEP] مديرية شرطة الظ ##فرة [MASK] [MASK] باليوم العالمي [MASK] [MASK] - ندوة \ ' مجلس التسامح [MASK] ' بشرط ##ة أبوظبي تست ##ذكر قيم زايد الخير - وزارة [MASK] البشرية والت ##وطين تفوز بجائزة [MASK] في مجال مراكز الاتصال وخدمة المتعا ##ملي ##ن - وفد \ ' خليفة الإنسانية \ [MASK] يلتقي محافظ سقط ##رى ويت ##فقد مشاريع [MASK] [MASK] المؤسسة بالأ [SEP]
I1024 06:32:28.270618 47099637589056 create_pretraining_data.py:151] tokens: [CLS] الكبير منا ##رة إش ##عا ##ع حض ##اري تدعو إلى التسامح والاعت ##دال - عائشة القاسم ##ي : دولة الامارات أفضل مثال [MASK] [MASK] والتع ##اي ##ش السلمي - سالم [MASK] سلطان القاسم ##ي يشهد احتفالات نادي الجزيرة [MASK] باليوم العالمي للتس ##امح - انخفاض في درجات الحرارة غدا وفر ##صة لس ##قوط امطار - القمة العالمية للتس ##امح [MASK] دور الراوي لتعزيز [SEP] مديرية شرطة الظ ##فرة [MASK] [MASK] باليوم العالمي [MASK] [MASK] - ندوة \ ' مجلس التسامح [MASK] ' بشرط ##ة أبوظبي تست ##ذكر قيم زايد الخير - وزارة [MASK] البشرية والت ##وطين تفوز بجائزة [MASK] في مجال مراكز الاتصال وخدمة المتعا ##ملي ##ن - وفد \ ' خليفة الإنسانية \ [MASK] يلتقي محافظ سقط ##رى ويت ##فقد مشاريع [MASK] [MASK] المؤسسة بالأ [SEP]
INFO:tensorflow:input_ids: 2 4377 3501 2037 6149 2185 1009 4572 2140 10443 2045 17893 12310 13164 17 10775 9819 1013 30 3913 4285 3815 12088 4 4 8970 2272 1034 17821 17 5261 4 5618 9819 1013 9779 16376 3557 7745 4 17611 3611 13504 12799 17 9791 1912 8535 9910 4496 5035 2692 2968 6133 12229 17 10178 3842 13504 12799 4 3591 29092 15768 3 10800 8777 2808 11555 4 4 17611 3611 4 4 17 10928 64 11 2598 17893 4 11 16647 1043 9276 2558 2441 4679 6226 2831 17 3433 4 6723 2211 27799 22764 19932 4 1912 3697 8424 5958 25739 29674 29756 1006 17 8379 64 11 9568 8214 64 4 11880 5314 8207 3719 3398 14971 6648 4 4 6951 3876 3
I1024 06:32:28.270809 47099637589056 create_pretraining_data.py:161] input_ids: 2 4377 3501 2037 6149 2185 1009 4572 2140 10443 2045 17893 12310 13164 17 10775 9819 1013 30 3913 4285 3815 12088 4 4 8970 2272 1034 17821 17 5261 4 5618 9819 1013 9779 16376 3557 7745 4 17611 3611 13504 12799 17 9791 1912 8535 9910 4496 5035 2692 2968 6133 12229 17 10178 3842 13504 12799 4 3591 29092 15768 3 10800 8777 2808 11555 4 4 17611 3611 4 4 17 10928 64 11 2598 17893 4 11 16647 1043 9276 2558 2441 4679 6226 2831 17 3433 4 6723 2211 27799 22764 19932 4 1912 3697 8424 5958 25739 29674 29756 1006 17 8379 64 11 9568 8214 64 4 11880 5314 8207 3719 3398 14971 6648 4 4 6951 3876 3
INFO:tensorflow:input_mask: 1 1 1 1 1 1 1 1 1 1 1 1 1 1 1 1 1 1 1 1 1 1 1 1 1 1 1 1 1 1 1 1 1 1 1 1 1 1 1 1 1 1 1 1 1 1 1 1 1 1 1 1 1 1 1 1 1 1 1 1 1 1 1 1 1 1 1 1 1 1 1 1 1 1 1 1 1 1 1 1 1 1 1 1 1 1 1 1 1 1 1 1 1 1 1 1 1 1 1 1 1 1 1 1 1 1 1 1 1 1 1 1 1 1 1 1 1 1 1 1 1 1 1 1 1 1 1 1
I1024 06:32:28.270956 47099637589056 create_pretraining_data.py:161] input_mask: 1 1 1 1 1 1 1 1 1 1 1 1 1 1 1 1 1 1 1 1 1 1 1 1 1 1 1 1 1 1 1 1 1 1 1 1 1 1 1 1 1 1 1 1 1 1 1 1 1 1 1 1 1 1 1 1 1 1 1 1 1 1 1 1 1 1 1 1 1 1 1 1 1 1 1 1 1 1 1 1 1 1 1 1 1 1 1 1 1 1 1 1 1 1 1 1 1 1 1 1 1 1 1 1 1 1 1 1 1 1 1 1 1 1 1 1 1 1 1 1 1 1 1 1 1 1 1 1
INFO:tensorflow:segment_ids: 0 0 0 0 0 0 0 0 0 0 0 0 0 0 0 0 0 0 0 0 0 0 0 0 0 0 0 0 0 0 0 0 0 0 0 0 0 0 0 0 0 0 0 0 0 0 0 0 0 0 0 0 0 0 0 0 0 0 0 0 0 0 0 0 0 1 1 1 1 1 1 1 1 1 1 1 1 1 1 1 1 1 1 1 1 1 1 1 1 1 1 1 1 1 1 1 1 1 1 1 1 1 1 1 1 1 1 1 1 1 1 1 1 1 1 1 1 1 1 1 1 1 1 1 1 1 1 1
I1024 06:32:28.271094 47099637589056 create_pretraining_data.py:161] segment_ids: 0 0 0 0 0 0 0 0 0 0 0 0 0 0 0 0 0 0 0 0 0 0 0 0 0 0 0 0 0 0 0 0 0 0 0 0 0 0 0 0 0 0 0 0 0 0 0 0 0 0 0 0 0 0 0 0 0 0 0 0 0 0 0 0 0 1 1 1 1 1 1 1 1 1 1 1 1 1 1 1 1 1 1 1 1 1 1 1 1 1 1 1 1 1 1 1 1 1 1 1 1 1 1 1 1 1 1 1 1 1 1 1 1 1 1 1 1 1 1 1 1 1 1 1 1 1 1 1
INFO:tensorflow:masked_lm_positions: 21 23 24 30 31 39 41 60 62 69 70 73 74 81 93 99 115 123 124 0
I1024 06:32:28.271198 47099637589056 create_pretraining_data.py:161] masked_lm_positions: 21 23 24 30 31 39 41 60 62 69 70 73 74 81 93 99 115 123 124 0
INFO:tensorflow:masked_lm_ids: 3815 13504 12799 5261 2040 12568 3611 22463 6450 2538 2007 2916 2483 64 9366 10012 11 16625 1913 0
I1024 06:32:28.271310 47099637589056 create_pretraining_data.py:161] masked_lm_ids: 3815 13504 12799 5261 2040 12568 3611 22463 6450 2538 2007 2916 2483 64 9366 10012 11 16625 1913 0
INFO:tensorflow:masked_lm_weights: 1.0 1.0 1.0 1.0 1.0 1.0 1.0 1.0 1.0 1.0 1.0 1.0 1.0 1.0 1.0 1.0 1.0 1.0 1.0 0.0
I1024 06:32:28.271414 47099637589056 create_pretraining_data.py:161] masked_lm_weights: 1.0 1.0 1.0 1.0 1.0 1.0 1.0 1.0 1.0 1.0 1.0 1.0 1.0 1.0 1.0 1.0 1.0 1.0 1.0 0.0
INFO:tensorflow:next_sentence_labels: 0
I1024 06:32:28.271505 47099637589056 create_pretraining_data.py:161] next_sentence_labels: 0
INFO:tensorflow:*** Example ***
I1024 06:32:28.272263 47099637589056 create_pretraining_data.py:149] *** Example ***
INFO:tensorflow:tokens: [CLS] الوطنية ( المشاريع الصغيرة والمتوسطة ) من قبل أعضاء [MASK] التطوير بمدينة كلب ##اء الأثر [MASK] في تحريك المياه الرا ##كد ##ة وتن ##شيط الحركة التجارية عوامل المنطقة الشرقية بشكل عام [MASK] مدينة [MASK] [MASK] [MASK] خاص فقد كانت حاف ##زا ومش ##جع ##ا لبعض المشاريع الشبابية على [MASK] [MASK] الأعمال والتجارة والاستفادة من الإيجابي ##ات والس ##لبي ##ات التي [MASK] [MASK] عليها [SEP] 06 : 10 AM - الأماكن كلها مشتاق ##ه لك أشار إلى معاذ في المشاركة { } ( ( كل ما [MASK] قطع [MASK] مع دولة قطر ) ) { } 06 : 08 AM - الأماكن كلها مشتاق ##ه لك أشار [MASK] معاذ [MASK] المشاركة { } ( ( كل ما [MASK] قطع العلاقات مع دولة قطر ) [MASK] { } [SEP]
I1024 06:32:28.272435 47099637589056 create_pretraining_data.py:151] tokens: [CLS] الوطنية ( المشاريع الصغيرة والمتوسطة ) من قبل أعضاء [MASK] التطوير بمدينة كلب ##اء الأثر [MASK] في تحريك المياه الرا ##كد ##ة وتن ##شيط الحركة التجارية عوامل المنطقة الشرقية بشكل عام [MASK] مدينة [MASK] [MASK] [MASK] خاص فقد كانت حاف ##زا ومش ##جع ##ا لبعض المشاريع الشبابية على [MASK] [MASK] الأعمال والتجارة والاستفادة من الإيجابي ##ات والس ##لبي ##ات التي [MASK] [MASK] عليها [SEP] 06 : 10 AM - الأماكن كلها مشتاق ##ه لك أشار إلى معاذ في المشاركة { } ( ( كل ما [MASK] قطع [MASK] مع دولة قطر ) ) { } 06 : 08 AM - الأماكن كلها مشتاق ##ه لك أشار [MASK] معاذ [MASK] المشاركة { } ( ( كل ما [MASK] قطع العلاقات مع دولة قطر ) [MASK] { } [SEP]
INFO:tensorflow:input_ids: 2 3857 12 7586 7727 23704 13 1908 2289 5549 4 10654 8020 11421 1954 14293 4 1912 21044 3093 2446 2495 1043 4504 12034 6045 5571 15700 3549 6237 2969 2268 4 3255 4 4 4 3068 2901 2431 10504 3127 5199 3464 1007 7522 7586 24483 1961 4 4 4752 16747 28103 1908 27303 1904 2604 4418 1904 2061 4 4 2717 3 6084 30 2667 6801 17 13304 4465 11468 1028 2278 11152 2045 9943 1912 4878 95 97 12 12 2038 1972 4 5364 4 1973 3913 3984 13 13 95 97 6084 30 6006 6801 17 13304 4465 11468 1028 2278 11152 4 9943 4 4878 95 97 12 12 2038 1972 4 5364 4490 1973 3913 3984 13 4 95 97 3
I1024 06:32:28.272593 47099637589056 create_pretraining_data.py:161] input_ids: 2 3857 12 7586 7727 23704 13 1908 2289 5549 4 10654 8020 11421 1954 14293 4 1912 21044 3093 2446 2495 1043 4504 12034 6045 5571 15700 3549 6237 2969 2268 4 3255 4 4 4 3068 2901 2431 10504 3127 5199 3464 1007 7522 7586 24483 1961 4 4 4752 16747 28103 1908 27303 1904 2604 4418 1904 2061 4 4 2717 3 6084 30 2667 6801 17 13304 4465 11468 1028 2278 11152 2045 9943 1912 4878 95 97 12 12 2038 1972 4 5364 4 1973 3913 3984 13 13 95 97 6084 30 6006 6801 17 13304 4465 11468 1028 2278 11152 4 9943 4 4878 95 97 12 12 2038 1972 4 5364 4490 1973 3913 3984 13 4 95 97 3
INFO:tensorflow:input_mask: 1 1 1 1 1 1 1 1 1 1 1 1 1 1 1 1 1 1 1 1 1 1 1 1 1 1 1 1 1 1 1 1 1 1 1 1 1 1 1 1 1 1 1 1 1 1 1 1 1 1 1 1 1 1 1 1 1 1 1 1 1 1 1 1 1 1 1 1 1 1 1 1 1 1 1 1 1 1 1 1 1 1 1 1 1 1 1 1 1 1 1 1 1 1 1 1 1 1 1 1 1 1 1 1 1 1 1 1 1 1 1 1 1 1 1 1 1 1 1 1 1 1 1 1 1 1 1 1
I1024 06:32:28.272750 47099637589056 create_pretraining_data.py:161] input_mask: 1 1 1 1 1 1 1 1 1 1 1 1 1 1 1 1 1 1 1 1 1 1 1 1 1 1 1 1 1 1 1 1 1 1 1 1 1 1 1 1 1 1 1 1 1 1 1 1 1 1 1 1 1 1 1 1 1 1 1 1 1 1 1 1 1 1 1 1 1 1 1 1 1 1 1 1 1 1 1 1 1 1 1 1 1 1 1 1 1 1 1 1 1 1 1 1 1 1 1 1 1 1 1 1 1 1 1 1 1 1 1 1 1 1 1 1 1 1 1 1 1 1 1 1 1 1 1 1
INFO:tensorflow:segment_ids: 0 0 0 0 0 0 0 0 0 0 0 0 0 0 0 0 0 0 0 0 0 0 0 0 0 0 0 0 0 0 0 0 0 0 0 0 0 0 0 0 0 0 0 0 0 0 0 0 0 0 0 0 0 0 0 0 0 0 0 0 0 0 0 0 0 1 1 1 1 1 1 1 1 1 1 1 1 1 1 1 1 1 1 1 1 1 1 1 1 1 1 1 1 1 1 1 1 1 1 1 1 1 1 1 1 1 1 1 1 1 1 1 1 1 1 1 1 1 1 1 1 1 1 1 1 1 1 1
I1024 06:32:28.272883 47099637589056 create_pretraining_data.py:161] segment_ids: 0 0 0 0 0 0 0 0 0 0 0 0 0 0 0 0 0 0 0 0 0 0 0 0 0 0 0 0 0 0 0 0 0 0 0 0 0 0 0 0 0 0 0 0 0 0 0 0 0 0 0 0 0 0 0 0 0 0 0 0 0 0 0 0 0 1 1 1 1 1 1 1 1 1 1 1 1 1 1 1 1 1 1 1 1 1 1 1 1 1 1 1 1 1 1 1 1 1 1 1 1 1 1 1 1 1 1 1 1 1 1 1 1 1 1 1 1 1 1 1 1 1 1 1 1 1 1 1
INFO:tensorflow:masked_lm_positions: 10 15 16 27 32 34 35 36 49 50 61 62 70 86 88 107 109 117 124 0
I1024 06:32:28.272979 47099637589056 create_pretraining_data.py:161] masked_lm_positions: 10 15 16 27 32 34 35 36 49 50 61 62 70 86 88 107 109 117 124 0
INFO:tensorflow:masked_lm_ids: 2069 14293 27303 1912 2427 11421 1954 2969 5090 2896 5521 1928 13304 8385 4490 2045 1912 8385 13 0
I1024 06:32:28.273070 47099637589056 create_pretraining_data.py:161] masked_lm_ids: 2069 14293 27303 1912 2427 11421 1954 2969 5090 2896 5521 1928 13304 8385 4490 2045 1912 8385 13 0
INFO:tensorflow:masked_lm_weights: 1.0 1.0 1.0 1.0 1.0 1.0 1.0 1.0 1.0 1.0 1.0 1.0 1.0 1.0 1.0 1.0 1.0 1.0 1.0 0.0
I1024 06:32:28.273163 47099637589056 create_pretraining_data.py:161] masked_lm_weights: 1.0 1.0 1.0 1.0 1.0 1.0 1.0 1.0 1.0 1.0 1.0 1.0 1.0 1.0 1.0 1.0 1.0 1.0 1.0 0.0
INFO:tensorflow:next_sentence_labels: 1
I1024 06:32:28.273246 47099637589056 create_pretraining_data.py:161] next_sentence_labels: 1
INFO:tensorflow:*** Example ***
I1024 06:32:28.273935 47099637589056 create_pretraining_data.py:149] *** Example ***
INFO:tensorflow:tokens: [CLS] والج ##رحى لمست ##شفى شهداء الأقصى بدي ##ر [MASK] [MASK] [MASK] P ##ower ##ed [MASK] [MASK] K ##n ##ow ##le ##d ##ge ##V ##iew جميع الحقوق محفوظة Al ##qu ##d ##s . com ) Al ##qu ##d ##s [MASK] [MASK] [MASK] إن المواد المنشورة في الموقع ممنوع بث ##ها [MASK] [MASK] توزيع ##ها بأي شكل من الأشكال تحت صدقه ##لة المساء ##لة القانونية [SEP] ##lish ##ed , b ##ro ##ad ##c ##ast ##ed , re ##w ##ri ##tt ##en or re ##d ##ist ##ri ##b ##ut ##ed . © 2015 Al ##qu ##d ##s . com . All R [MASK] [MASK] Res ##erv ##ed ##فرد دائرة النقل في أبوظبي ، أنه سيتم إغلاق المنح ##در المؤ ##دي إلى مدينة [MASK] ابتداء من يوم غد الخميس في [SEP]
I1024 06:32:28.274106 47099637589056 create_pretraining_data.py:151] tokens: [CLS] والج ##رحى لمست ##شفى شهداء الأقصى بدي ##ر [MASK] [MASK] [MASK] P ##ower ##ed [MASK] [MASK] K ##n ##ow ##le ##d ##ge ##V ##iew جميع الحقوق محفوظة Al ##qu ##d ##s . com ) Al ##qu ##d ##s [MASK] [MASK] [MASK] إن المواد المنشورة في الموقع ممنوع بث ##ها [MASK] [MASK] توزيع ##ها بأي شكل من الأشكال تحت صدقه ##لة المساء ##لة القانونية [SEP] ##lish ##ed , b ##ro ##ad ##c ##ast ##ed , re ##w ##ri ##tt ##en or re ##d ##ist ##ri ##b ##ut ##ed . © 2015 Al ##qu ##d ##s . com . All R [MASK] [MASK] Res ##erv ##ed ##فرد دائرة النقل في أبوظبي ، أنه سيتم إغلاق المنح ##در المؤ ##دي إلى مدينة [MASK] ابتداء من يوم غد الخميس في [SEP]
INFO:tensorflow:input_ids: 2 3057 29202 9544 4336 9201 12475 6962 1017 4 4 4 52 25147 3616 4 4 47 1052 5546 4061 1047 12483 1128 23207 2561 6271 10465 7766 17057 1047 1092 18 4154 13 7766 17057 1047 1092 4 4 4 2259 4989 8752 1912 3221 16111 4329 1913 4 4 7283 1913 7931 4814 1908 15673 2538 8337 2035 8747 2035 7079 3 8512 3616 16 70 3865 3899 1024 16329 3616 16 16727 1090 4220 5670 2993 15351 16727 1047 8217 4220 1060 7447 3616 18 106 3488 7766 17057 1047 1092 18 4154 18 28120 54 4 4 27424 20587 3616 6435 8323 6357 1912 9276 378 2590 5856 13555 17484 2099 2550 1930 2045 3255 4 11587 1908 2232 8472 3891 1912 3
I1024 06:32:28.274275 47099637589056 create_pretraining_data.py:161] input_ids: 2 3057 29202 9544 4336 9201 12475 6962 1017 4 4 4 52 25147 3616 4 4 47 1052 5546 4061 1047 12483 1128 23207 2561 6271 10465 7766 17057 1047 1092 18 4154 13 7766 17057 1047 1092 4 4 4 2259 4989 8752 1912 3221 16111 4329 1913 4 4 7283 1913 7931 4814 1908 15673 2538 8337 2035 8747 2035 7079 3 8512 3616 16 70 3865 3899 1024 16329 3616 16 16727 1090 4220 5670 2993 15351 16727 1047 8217 4220 1060 7447 3616 18 106 3488 7766 17057 1047 1092 18 4154 18 28120 54 4 4 27424 20587 3616 6435 8323 6357 1912 9276 378 2590 5856 13555 17484 2099 2550 1930 2045 3255 4 11587 1908 2232 8472 3891 1912 3
INFO:tensorflow:input_mask: 1 1 1 1 1 1 1 1 1 1 1 1 1 1 1 1 1 1 1 1 1 1 1 1 1 1 1 1 1 1 1 1 1 1 1 1 1 1 1 1 1 1 1 1 1 1 1 1 1 1 1 1 1 1 1 1 1 1 1 1 1 1 1 1 1 1 1 1 1 1 1 1 1 1 1 1 1 1 1 1 1 1 1 1 1 1 1 1 1 1 1 1 1 1 1 1 1 1 1 1 1 1 1 1 1 1 1 1 1 1 1 1 1 1 1 1 1 1 1 1 1 1 1 1 1 1 1 1
I1024 06:32:28.274410 47099637589056 create_pretraining_data.py:161] input_mask: 1 1 1 1 1 1 1 1 1 1 1 1 1 1 1 1 1 1 1 1 1 1 1 1 1 1 1 1 1 1 1 1 1 1 1 1 1 1 1 1 1 1 1 1 1 1 1 1 1 1 1 1 1 1 1 1 1 1 1 1 1 1 1 1 1 1 1 1 1 1 1 1 1 1 1 1 1 1 1 1 1 1 1 1 1 1 1 1 1 1 1 1 1 1 1 1 1 1 1 1 1 1 1 1 1 1 1 1 1 1 1 1 1 1 1 1 1 1 1 1 1 1 1 1 1 1 1 1
INFO:tensorflow:segment_ids: 0 0 0 0 0 0 0 0 0 0 0 0 0 0 0 0 0 0 0 0 0 0 0 0 0 0 0 0 0 0 0 0 0 0 0 0 0 0 0 0 0 0 0 0 0 0 0 0 0 0 0 0 0 0 0 0 0 0 0 0 0 0 0 0 0 1 1 1 1 1 1 1 1 1 1 1 1 1 1 1 1 1 1 1 1 1 1 1 1 1 1 1 1 1 1 1 1 1 1 1 1 1 1 1 1 1 1 1 1 1 1 1 1 1 1 1 1 1 1 1 1 1 1 1 1 1 1 1
I1024 06:32:28.274538 47099637589056 create_pretraining_data.py:161] segment_ids: 0 0 0 0 0 0 0 0 0 0 0 0 0 0 0 0 0 0 0 0 0 0 0 0 0 0 0 0 0 0 0 0 0 0 0 0 0 0 0 0 0 0 0 0 0 0 0 0 0 0 0 0 0 0 0 0 0 0 0 0 0 0 0 0 0 1 1 1 1 1 1 1 1 1 1 1 1 1 1 1 1 1 1 1 1 1 1 1 1 1 1 1 1 1 1 1 1 1 1 1 1 1 1 1 1 1 1 1 1 1 1 1 1 1 1 1 1 1 1 1 1 1 1 1 1 1 1 1
INFO:tensorflow:masked_lm_positions: 9 10 11 15 16 32 39 40 41 50 51 59 60 99 100 101 105 111 120 0
I1024 06:32:28.274640 47099637589056 create_pretraining_data.py:161] masked_lm_positions: 9 10 11 15 16 32 39 40 41 50 51 59 60 99 100 101 105 111 120 0
INFO:tensorflow:masked_lm_ids: 10112 1032 18 38 1026 18 48 24819 13 2075 5765 6217 2035 54 13634 1092 6789 2590 9276 0
I1024 06:32:28.274734 47099637589056 create_pretraining_data.py:161] masked_lm_ids: 10112 1032 18 38 1026 18 48 24819 13 2075 5765 6217 2035 54 13634 1092 6789 2590 9276 0
INFO:tensorflow:masked_lm_weights: 1.0 1.0 1.0 1.0 1.0 1.0 1.0 1.0 1.0 1.0 1.0 1.0 1.0 1.0 1.0 1.0 1.0 1.0 1.0 0.0
I1024 06:32:28.274828 47099637589056 create_pretraining_data.py:161] masked_lm_weights: 1.0 1.0 1.0 1.0 1.0 1.0 1.0 1.0 1.0 1.0 1.0 1.0 1.0 1.0 1.0 1.0 1.0 1.0 1.0 0.0
INFO:tensorflow:next_sentence_labels: 0
I1024 06:32:28.274911 47099637589056 create_pretraining_data.py:161] next_sentence_labels: 0
INFO:tensorflow:Wrote 6679257 total instances
I1024 07:17:40.851286 47099637589056 create_pretraining_data.py:166] Wrote 6679257 total instances
